<?xml version="1.0" encoding="UTF-8"?>
<testsuite xmlns:xsi="http://www.w3.org/2001/XMLSchema-instance" xsi:noNamespaceSchemaLocation="https://maven.apache.org/surefire/maven-surefire-plugin/xsd/surefire-test-report-3.0.xsd" version="3.0" name="org.apache.ratis.grpc.TestLeaderInstallSnapshotWithGrpc" time="25.254" tests="6" errors="0" skipped="0" failures="1">
  <properties>
    <property name="awt.toolkit" value="sun.awt.X11.XToolkit"/>
    <property name="file.encoding.pkg" value="sun.io"/>
    <property name="java.specification.version" value="1.8"/>
    <property name="sun.cpu.isalist" value=""/>
    <property name="sun.jnu.encoding" value="UTF-8"/>
    <property name="java.class.path" value="/home/runner/work/ratis/ratis/ratis-test/target/test-classes:/home/runner/work/ratis/ratis/ratis-test/target/classes:/home/runner/work/ratis/ratis/ratis-common/target/classes:/home/runner/.m2/repository/org/apache/ratis/ratis-thirdparty-misc/1.0.6/ratis-thirdparty-misc-1.0.6.jar:/home/runner/work/ratis/ratis/ratis-proto/target/classes:/home/runner/work/ratis/ratis/ratis-common/target/test-classes:/home/runner/work/ratis/ratis/ratis-client/target/classes:/home/runner/work/ratis/ratis/ratis-server/target/classes:/home/runner/work/ratis/ratis/ratis-server-api/target/classes:/home/runner/work/ratis/ratis/ratis-metrics-api/target/classes:/home/runner/work/ratis/ratis/ratis-server/target/test-classes:/home/runner/work/ratis/ratis/ratis-metrics-default/target/classes:/home/runner/work/ratis/ratis/ratis-netty/target/classes:/home/runner/work/ratis/ratis/ratis-netty/target/test-classes:/home/runner/work/ratis/ratis/ratis-grpc/target/classes:/home/runner/work/ratis/ratis/ratis-grpc/target/test-classes:/home/runner/work/ratis/ratis/ratis-shell/target/classes:/home/runner/.m2/repository/commons-cli/commons-cli/1.5.0/commons-cli-1.5.0.jar:/home/runner/.m2/repository/org/reflections/reflections/0.10.2/reflections-0.10.2.jar:/home/runner/.m2/repository/org/javassist/javassist/3.28.0-GA/javassist-3.28.0-GA.jar:/home/runner/.m2/repository/com/google/code/findbugs/jsr305/3.0.2/jsr305-3.0.2.jar:/home/runner/.m2/repository/org/bouncycastle/bcprov-jdk18on/1.78.1/bcprov-jdk18on-1.78.1.jar:/home/runner/.m2/repository/org/bouncycastle/bcpkix-jdk18on/1.78.1/bcpkix-jdk18on-1.78.1.jar:/home/runner/.m2/repository/org/bouncycastle/bcutil-jdk18on/1.78.1/bcutil-jdk18on-1.78.1.jar:/home/runner/.m2/repository/org/slf4j/slf4j-api/2.0.7/slf4j-api-2.0.7.jar:/home/runner/.m2/repository/org/slf4j/slf4j-reload4j/2.0.7/slf4j-reload4j-2.0.7.jar:/home/runner/.m2/repository/ch/qos/reload4j/reload4j/1.2.22/reload4j-1.2.22.jar:/home/runner/.m2/repository/junit/junit/4.13.2/junit-4.13.2.jar:/home/runner/.m2/repository/org/hamcrest/hamcrest-core/1.3/hamcrest-core-1.3.jar:/home/runner/.m2/repository/org/junit/jupiter/junit-jupiter-engine/5.11.2/junit-jupiter-engine-5.11.2.jar:/home/runner/.m2/repository/org/junit/platform/junit-platform-engine/1.11.2/junit-platform-engine-1.11.2.jar:/home/runner/.m2/repository/org/apiguardian/apiguardian-api/1.1.2/apiguardian-api-1.1.2.jar:/home/runner/.m2/repository/org/junit/jupiter/junit-jupiter-api/5.11.2/junit-jupiter-api-5.11.2.jar:/home/runner/.m2/repository/org/opentest4j/opentest4j/1.3.0/opentest4j-1.3.0.jar:/home/runner/.m2/repository/org/junit/platform/junit-platform-commons/1.11.2/junit-platform-commons-1.11.2.jar:/home/runner/.m2/repository/org/junit/jupiter/junit-jupiter-params/5.11.2/junit-jupiter-params-5.11.2.jar:/home/runner/.m2/repository/org/mockito/mockito-core/4.3.1/mockito-core-4.3.1.jar:/home/runner/.m2/repository/net/bytebuddy/byte-buddy/1.12.7/byte-buddy-1.12.7.jar:/home/runner/.m2/repository/net/bytebuddy/byte-buddy-agent/1.12.7/byte-buddy-agent-1.12.7.jar:/home/runner/.m2/repository/org/objenesis/objenesis/3.2/objenesis-3.2.jar:"/>
    <property name="java.vm.vendor" value="Temurin"/>
    <property name="sun.arch.data.model" value="64"/>
    <property name="java.vendor.url" value="https://adoptium.net/"/>
    <property name="user.timezone" value="Etc/UTC"/>
    <property name="java.vm.specification.version" value="1.8"/>
    <property name="os.name" value="Linux"/>
    <property name="sun.java.launcher" value="SUN_STANDARD"/>
    <property name="sun.boot.library.path" value="/usr/lib/jvm/temurin-8-jdk-amd64/jre/lib/amd64"/>
    <property name="sun.java.command" value="/home/runner/work/ratis/ratis/ratis-test/target/surefire/surefirebooter3746353341938384959.jar /home/runner/work/ratis/ratis/ratis-test/target/surefire 2024-11-10T02-17-53_493-jvmRun1 surefire2605627637267319631tmp surefire_123013412029294903749tmp"/>
    <property name="surefire.test.class.path" value="/home/runner/work/ratis/ratis/ratis-test/target/test-classes:/home/runner/work/ratis/ratis/ratis-test/target/classes:/home/runner/work/ratis/ratis/ratis-common/target/classes:/home/runner/.m2/repository/org/apache/ratis/ratis-thirdparty-misc/1.0.6/ratis-thirdparty-misc-1.0.6.jar:/home/runner/work/ratis/ratis/ratis-proto/target/classes:/home/runner/work/ratis/ratis/ratis-common/target/test-classes:/home/runner/work/ratis/ratis/ratis-client/target/classes:/home/runner/work/ratis/ratis/ratis-server/target/classes:/home/runner/work/ratis/ratis/ratis-server-api/target/classes:/home/runner/work/ratis/ratis/ratis-metrics-api/target/classes:/home/runner/work/ratis/ratis/ratis-server/target/test-classes:/home/runner/work/ratis/ratis/ratis-metrics-default/target/classes:/home/runner/work/ratis/ratis/ratis-netty/target/classes:/home/runner/work/ratis/ratis/ratis-netty/target/test-classes:/home/runner/work/ratis/ratis/ratis-grpc/target/classes:/home/runner/work/ratis/ratis/ratis-grpc/target/test-classes:/home/runner/work/ratis/ratis/ratis-shell/target/classes:/home/runner/.m2/repository/commons-cli/commons-cli/1.5.0/commons-cli-1.5.0.jar:/home/runner/.m2/repository/org/reflections/reflections/0.10.2/reflections-0.10.2.jar:/home/runner/.m2/repository/org/javassist/javassist/3.28.0-GA/javassist-3.28.0-GA.jar:/home/runner/.m2/repository/com/google/code/findbugs/jsr305/3.0.2/jsr305-3.0.2.jar:/home/runner/.m2/repository/org/bouncycastle/bcprov-jdk18on/1.78.1/bcprov-jdk18on-1.78.1.jar:/home/runner/.m2/repository/org/bouncycastle/bcpkix-jdk18on/1.78.1/bcpkix-jdk18on-1.78.1.jar:/home/runner/.m2/repository/org/bouncycastle/bcutil-jdk18on/1.78.1/bcutil-jdk18on-1.78.1.jar:/home/runner/.m2/repository/org/slf4j/slf4j-api/2.0.7/slf4j-api-2.0.7.jar:/home/runner/.m2/repository/org/slf4j/slf4j-reload4j/2.0.7/slf4j-reload4j-2.0.7.jar:/home/runner/.m2/repository/ch/qos/reload4j/reload4j/1.2.22/reload4j-1.2.22.jar:/home/runner/.m2/repository/junit/junit/4.13.2/junit-4.13.2.jar:/home/runner/.m2/repository/org/hamcrest/hamcrest-core/1.3/hamcrest-core-1.3.jar:/home/runner/.m2/repository/org/junit/jupiter/junit-jupiter-engine/5.11.2/junit-jupiter-engine-5.11.2.jar:/home/runner/.m2/repository/org/junit/platform/junit-platform-engine/1.11.2/junit-platform-engine-1.11.2.jar:/home/runner/.m2/repository/org/apiguardian/apiguardian-api/1.1.2/apiguardian-api-1.1.2.jar:/home/runner/.m2/repository/org/junit/jupiter/junit-jupiter-api/5.11.2/junit-jupiter-api-5.11.2.jar:/home/runner/.m2/repository/org/opentest4j/opentest4j/1.3.0/opentest4j-1.3.0.jar:/home/runner/.m2/repository/org/junit/platform/junit-platform-commons/1.11.2/junit-platform-commons-1.11.2.jar:/home/runner/.m2/repository/org/junit/jupiter/junit-jupiter-params/5.11.2/junit-jupiter-params-5.11.2.jar:/home/runner/.m2/repository/org/mockito/mockito-core/4.3.1/mockito-core-4.3.1.jar:/home/runner/.m2/repository/net/bytebuddy/byte-buddy/1.12.7/byte-buddy-1.12.7.jar:/home/runner/.m2/repository/net/bytebuddy/byte-buddy-agent/1.12.7/byte-buddy-agent-1.12.7.jar:/home/runner/.m2/repository/org/objenesis/objenesis/3.2/objenesis-3.2.jar:"/>
    <property name="sun.cpu.endian" value="little"/>
    <property name="user.home" value="/home/runner"/>
    <property name="user.language" value="en"/>
    <property name="java.specification.vendor" value="Oracle Corporation"/>
    <property name="java.home" value="/usr/lib/jvm/temurin-8-jdk-amd64/jre"/>
    <property name="basedir" value="/home/runner/work/ratis/ratis/ratis-test"/>
    <property name="file.separator" value="/"/>
    <property name="line.separator" value="&#10;"/>
    <property name="java.vm.specification.vendor" value="Oracle Corporation"/>
    <property name="java.specification.name" value="Java Platform API Specification"/>
    <property name="java.awt.graphicsenv" value="sun.awt.X11GraphicsEnvironment"/>
    <property name="surefire.real.class.path" value="/home/runner/work/ratis/ratis/ratis-test/target/surefire/surefirebooter3746353341938384959.jar:/home/runner/.m2/repository/org/jacoco/org.jacoco.agent/0.8.12/org.jacoco.agent-0.8.12-runtime.jar"/>
    <property name="sun.boot.class.path" value="/usr/lib/jvm/temurin-8-jdk-amd64/jre/lib/resources.jar:/usr/lib/jvm/temurin-8-jdk-amd64/jre/lib/rt.jar:/usr/lib/jvm/temurin-8-jdk-amd64/jre/lib/sunrsasign.jar:/usr/lib/jvm/temurin-8-jdk-amd64/jre/lib/jsse.jar:/usr/lib/jvm/temurin-8-jdk-amd64/jre/lib/jce.jar:/usr/lib/jvm/temurin-8-jdk-amd64/jre/lib/charsets.jar:/usr/lib/jvm/temurin-8-jdk-amd64/jre/lib/jfr.jar:/usr/lib/jvm/temurin-8-jdk-amd64/jre/classes"/>
    <property name="sun.management.compiler" value="HotSpot 64-Bit Tiered Compilers"/>
    <property name="java.runtime.version" value="1.8.0_432-b06"/>
    <property name="java.net.preferIPv4Stack" value="true"/>
    <property name="user.name" value="runner"/>
    <property name="path.separator" value=":"/>
    <property name="os.version" value="5.15.0-1074-azure"/>
    <property name="java.endorsed.dirs" value="/usr/lib/jvm/temurin-8-jdk-amd64/jre/lib/endorsed"/>
    <property name="java.runtime.name" value="OpenJDK Runtime Environment"/>
    <property name="file.encoding" value="UTF-8"/>
    <property name="java.vm.name" value="OpenJDK 64-Bit Server VM"/>
    <property name="localRepository" value="/home/runner/.m2/repository"/>
    <property name="java.vendor.url.bug" value="https://github.com/adoptium/adoptium-support/issues"/>
    <property name="java.io.tmpdir" value="/tmp"/>
    <property name="java.version" value="1.8.0_432"/>
    <property name="user.dir" value="/home/runner/work/ratis/ratis/ratis-test"/>
    <property name="os.arch" value="amd64"/>
    <property name="ratis.tmp.dir" value="/home/runner/work/ratis/ratis/ratis-test/target/tmp"/>
    <property name="java.vm.specification.name" value="Java Virtual Machine Specification"/>
    <property name="java.awt.printerjob" value="sun.print.PSPrinterJob"/>
    <property name="ratis.log.dir" value="/home/runner/work/ratis/ratis/ratis-test/target/log"/>
    <property name="sun.os.patch.level" value="unknown"/>
    <property name="org.apache.ratis.thirdparty.io.netty.allocator.useCacheForAllThreads" value="false"/>
    <property name="java.library.path" value="/usr/java/packages/lib/amd64:/usr/lib64:/lib64:/lib:/usr/lib"/>
    <property name="java.vm.info" value="mixed mode"/>
    <property name="java.vendor" value="Temurin"/>
    <property name="java.vm.version" value="25.432-b06"/>
    <property name="java.specification.maintenance.version" value="6"/>
    <property name="java.ext.dirs" value="/usr/lib/jvm/temurin-8-jdk-amd64/jre/lib/ext:/usr/java/packages/lib/ext"/>
    <property name="sun.io.unicode.encoding" value="UnicodeLittle"/>
    <property name="java.class.version" value="52.0"/>
  </properties>
  <testcase name="testMultiFileInstallSnapshot(Boolean)[1]" classname="org.apache.ratis.grpc.TestLeaderInstallSnapshotWithGrpc" time="9.48">
    <failure type="java.lang.AssertionError"><![CDATA[java.lang.AssertionError
	at org.junit.Assert.fail(Assert.java:87)
	at org.junit.Assert.assertTrue(Assert.java:42)
	at org.junit.Assert.assertTrue(Assert.java:53)
	at org.apache.ratis.server.impl.RaftServerTestUtil.waitAndCheckNewConf(RaftServerTestUtil.java:121)
	at org.apache.ratis.server.impl.RaftServerTestUtil.lambda$waitAndCheckNewConf$3(RaftServerTestUtil.java:96)
	at org.apache.ratis.util.function.CheckedRunnable.lambda$asCheckedSupplier$0(CheckedRunnable.java:32)
	at org.apache.ratis.util.JavaUtils.lambda$attempt$7(JavaUtils.java:212)
	at org.apache.ratis.util.JavaUtils.attempt(JavaUtils.java:225)
	at org.apache.ratis.util.JavaUtils.attempt(JavaUtils.java:212)
	at org.apache.ratis.util.JavaUtils.attemptRepeatedly(JavaUtils.java:204)
	at org.apache.ratis.util.JavaUtils.attempt(JavaUtils.java:245)
	at org.apache.ratis.server.impl.RaftServerTestUtil.waitAndCheckNewConf(RaftServerTestUtil.java:96)
	at org.apache.ratis.InstallSnapshotFromLeaderTests.testMultiFileInstallSnapshot(InstallSnapshotFromLeaderTests.java:124)
	at org.apache.ratis.server.impl.MiniRaftCluster$Factory$Get.runWithNewCluster(MiniRaftCluster.java:144)
	at org.apache.ratis.server.impl.MiniRaftCluster$Factory$Get.runWithNewCluster(MiniRaftCluster.java:121)
	at org.apache.ratis.InstallSnapshotFromLeaderTests.testMultiFileInstallSnapshot(InstallSnapshotFromLeaderTests.java:84)
	at org.apache.ratis.grpc.TestLeaderInstallSnapshotWithGrpc.testMultiFileInstallSnapshot(TestLeaderInstallSnapshotWithGrpc.java:39)
	at java.lang.reflect.Method.invoke(Method.java:498)
	at java.util.stream.ForEachOps$ForEachOp$OfRef.accept(ForEachOps.java:183)
	at java.util.stream.ReferencePipeline$3$1.accept(ReferencePipeline.java:193)
	at java.util.stream.ReferencePipeline$2$1.accept(ReferencePipeline.java:175)
	at java.util.stream.ReferencePipeline$3$1.accept(ReferencePipeline.java:193)
	at java.util.stream.ForEachOps$ForEachOp$OfRef.accept(ForEachOps.java:183)
	at java.util.stream.ReferencePipeline$3$1.accept(ReferencePipeline.java:193)
	at java.util.stream.ForEachOps$ForEachOp$OfRef.accept(ForEachOps.java:183)
	at java.util.stream.ForEachOps$ForEachOp$OfRef.accept(ForEachOps.java:183)
	at java.util.stream.ReferencePipeline$3$1.accept(ReferencePipeline.java:193)
	at java.util.Spliterators$ArraySpliterator.forEachRemaining(Spliterators.java:948)
	at java.util.stream.ReferencePipeline$Head.forEach(ReferencePipeline.java:647)
	at java.util.stream.ReferencePipeline$7$1.accept(ReferencePipeline.java:272)
	at java.util.stream.ReferencePipeline$3$1.accept(ReferencePipeline.java:193)
	at java.util.stream.ReferencePipeline$3$1.accept(ReferencePipeline.java:193)
	at java.util.stream.ReferencePipeline$3$1.accept(ReferencePipeline.java:193)
	at java.util.Spliterators$ArraySpliterator.forEachRemaining(Spliterators.java:948)
	at java.util.stream.AbstractPipeline.copyInto(AbstractPipeline.java:482)
	at java.util.stream.AbstractPipeline.wrapAndCopyInto(AbstractPipeline.java:472)
	at java.util.stream.ForEachOps$ForEachOp.evaluateSequential(ForEachOps.java:150)
	at java.util.stream.ForEachOps$ForEachOp$OfRef.evaluateSequential(ForEachOps.java:173)
	at java.util.stream.AbstractPipeline.evaluate(AbstractPipeline.java:234)
	at java.util.stream.ReferencePipeline.forEach(ReferencePipeline.java:485)
	at java.util.stream.ReferencePipeline$7$1.accept(ReferencePipeline.java:272)
	at java.util.ArrayList$ArrayListSpliterator.forEachRemaining(ArrayList.java:1384)
	at java.util.stream.AbstractPipeline.copyInto(AbstractPipeline.java:482)
	at java.util.stream.AbstractPipeline.wrapAndCopyInto(AbstractPipeline.java:472)
	at java.util.stream.ForEachOps$ForEachOp.evaluateSequential(ForEachOps.java:150)
	at java.util.stream.ForEachOps$ForEachOp$OfRef.evaluateSequential(ForEachOps.java:173)
	at java.util.stream.AbstractPipeline.evaluate(AbstractPipeline.java:234)
	at java.util.stream.ReferencePipeline.forEach(ReferencePipeline.java:485)
	at java.util.stream.ReferencePipeline$7$1.accept(ReferencePipeline.java:272)
	at java.util.stream.ReferencePipeline$3$1.accept(ReferencePipeline.java:193)
	at java.util.stream.ReferencePipeline$3$1.accept(ReferencePipeline.java:193)
	at java.util.stream.ReferencePipeline$3$1.accept(ReferencePipeline.java:193)
	at java.util.ArrayList$ArrayListSpliterator.forEachRemaining(ArrayList.java:1384)
	at java.util.stream.AbstractPipeline.copyInto(AbstractPipeline.java:482)
	at java.util.stream.AbstractPipeline.wrapAndCopyInto(AbstractPipeline.java:472)
	at java.util.stream.ForEachOps$ForEachOp.evaluateSequential(ForEachOps.java:150)
	at java.util.stream.ForEachOps$ForEachOp$OfRef.evaluateSequential(ForEachOps.java:173)
	at java.util.stream.AbstractPipeline.evaluate(AbstractPipeline.java:234)
	at java.util.stream.ReferencePipeline.forEach(ReferencePipeline.java:485)
	at java.util.stream.ReferencePipeline$7$1.accept(ReferencePipeline.java:272)
	at java.util.ArrayList$ArrayListSpliterator.forEachRemaining(ArrayList.java:1384)
	at java.util.stream.AbstractPipeline.copyInto(AbstractPipeline.java:482)
	at java.util.stream.AbstractPipeline.wrapAndCopyInto(AbstractPipeline.java:472)
	at java.util.stream.ForEachOps$ForEachOp.evaluateSequential(ForEachOps.java:150)
	at java.util.stream.ForEachOps$ForEachOp$OfRef.evaluateSequential(ForEachOps.java:173)
	at java.util.stream.AbstractPipeline.evaluate(AbstractPipeline.java:234)
	at java.util.stream.ReferencePipeline.forEach(ReferencePipeline.java:485)
	at java.util.ArrayList.forEach(ArrayList.java:1259)
	at java.util.ArrayList.forEach(ArrayList.java:1259)
]]></failure>
    <system-out><![CDATA[2024-11-10 02:23:45,113 [main] INFO  util.LogUtils (Slf4jUtils.java:setLogLevel(38)) - Successfully set org.apache.ratis.conf.ConfUtils log level to WARN
2024-11-10 02:23:45,119 [main] INFO  util.LogUtils (Slf4jUtils.java:setLogLevel(38)) - Successfully set org.apache.ratis.util.FileUtils log level to TRACE
2024-11-10 02:23:45,166 [main] INFO  impl.MiniRaftCluster (MiniRaftCluster.java:runWithNewCluster(137)) - Running runWithNewCluster
2024-11-10 02:23:45,306 [main] INFO  impl.MiniRaftCluster (MiniRaftCluster.java:<init>(319)) - new MiniRaftClusterWithGrpc with group-476BE848888C:[s0|localhost:15000]
2024-11-10 02:23:45,307 [main] INFO  impl.MiniRaftCluster (MiniRaftCluster.java:start(352)) - .............................................................. 
2024-11-10 02:23:45,307 [main] INFO  impl.MiniRaftCluster (MiniRaftCluster.java:start(353)) - ... 
2024-11-10 02:23:45,308 [main] INFO  impl.MiniRaftCluster (MiniRaftCluster.java:start(354)) - ...     Starting MiniRaftClusterWithGrpc
2024-11-10 02:23:45,308 [main] INFO  impl.MiniRaftCluster (MiniRaftCluster.java:start(355)) - ... 
2024-11-10 02:23:45,308 [main] INFO  impl.MiniRaftCluster (MiniRaftCluster.java:start(356)) - .............................................................. 
2024-11-10 02:23:45,308 [main] INFO  impl.MiniRaftCluster (MiniRaftCluster.java:initServers(331)) - servers = {}
2024-11-10 02:23:45,318 [main] INFO  impl.MiniRaftCluster (MiniRaftCluster.java:newRaftServer(396)) - newRaftServer: s0, group-476BE848888C:[s0|localhost:15000], format? true
2024-11-10 02:23:45,320 [main] TRACE util.FileUtils (FileUtils.java:deleteFully(307)) - deleteFully target/test/data/e1a4608/MiniRaftClusterWithGrpce99f5d0d/s0
2024-11-10 02:23:45,322 [main] TRACE util.FileUtils (FileUtils.java:deleteFully(320)) - deleteFully: target/test/data/e1a4608/MiniRaftClusterWithGrpce99f5d0d/s0 does not exist.
2024-11-10 02:23:45,323 [main] INFO  impl.MiniRaftCluster (MiniRaftCluster.java:newRaftServer(401)) - Formatted directory target/test/data/e1a4608/MiniRaftClusterWithGrpce99f5d0d/s0
2024-11-10 02:23:45,354 [main] INFO  server.RaftServer (ConfUtils.java:logGet(46)) - raft.rpc.type = GRPC (default)
2024-11-10 02:23:45,478 [main] INFO  grpc.GrpcConfigKeys (ConfUtils.java:logFallback(53)) - raft.grpc.admin.host = null (fallback to raft.grpc.server.host)
2024-11-10 02:23:45,479 [main] INFO  grpc.GrpcConfigKeys (ConfUtils.java:logGet(46)) - raft.grpc.admin.port = 15001 (custom)
2024-11-10 02:23:45,480 [main] INFO  grpc.GrpcConfigKeys (ConfUtils.java:logFallback(53)) - raft.grpc.client.host = null (fallback to raft.grpc.server.host)
2024-11-10 02:23:45,481 [main] INFO  grpc.GrpcConfigKeys (ConfUtils.java:logGet(46)) - raft.grpc.client.port = 15002 (custom)
2024-11-10 02:23:45,481 [main] INFO  grpc.GrpcConfigKeys (ConfUtils.java:logGet(46)) - raft.grpc.server.host = null (default)
2024-11-10 02:23:45,482 [main] INFO  grpc.GrpcConfigKeys (ConfUtils.java:logGet(46)) - raft.grpc.server.port = 15000 (custom)
2024-11-10 02:23:45,483 [main] INFO  server.GrpcServicesImpl (ConfUtils.java:logGet(46)) - raft.grpc.message.size.max = 64MB (=67108864) (default)
2024-11-10 02:23:45,484 [main] INFO  server.GrpcServicesImpl (ConfUtils.java:logGet(46)) - raft.grpc.flow.control.window = 1MB (=1048576) (default)
2024-11-10 02:23:45,486 [main] INFO  server.RaftServerConfigKeys (ConfUtils.java:logGet(46)) - raft.server.rpc.request.timeout = 3000ms (default)
2024-11-10 02:23:45,510 [main] INFO  grpc.GrpcConfigKeys (ConfUtils.java:logGet(46)) - raft.grpc.server.heartbeat.channel = false (custom)
2024-11-10 02:23:45,511 [main] INFO  grpc.GrpcConfigKeys (ConfUtils.java:logGet(46)) - raft.grpc.server.zerocopy.enabled = true (custom)
2024-11-10 02:23:45,511 [main] INFO  server.RaftServerConfigKeys (ConfUtils.java:logGet(46)) - raft.server.log.appender.buffer.byte-limit = 4MB (=4194304) (default)
2024-11-10 02:23:45,586 [main] INFO  grpc.GrpcConfigKeys (ConfUtils.java:logGet(46)) - raft.grpc.server.async.request.thread.pool.cached = true (default)
2024-11-10 02:23:45,587 [main] INFO  grpc.GrpcConfigKeys (ConfUtils.java:logGet(46)) - raft.grpc.server.async.request.thread.pool.size = 32 (default)
2024-11-10 02:23:45,903 [main] INFO  impl.DataStreamServerImpl (ConfUtils.java:logGet(46)) - raft.datastream.type = DISABLED (default)
2024-11-10 02:23:45,906 [main] INFO  server.RaftServerConfigKeys (ConfUtils.java:logGet(46)) - raft.server.sleep.deviation.threshold = 300ms (default)
2024-11-10 02:23:45,906 [main] INFO  server.RaftServerConfigKeys (ConfUtils.java:logGet(46)) - raft.server.close.threshold = 60s (default)
2024-11-10 02:23:45,907 [main] INFO  server.RaftServerConfigKeys (ConfUtils.java:logGet(46)) - raft.server.leaderelection.leader.step-down.wait-time = 10s (default)
2024-11-10 02:23:45,910 [main] INFO  server.RaftServerConfigKeys (ConfUtils.java:logGet(46)) - raft.server.storage.dir = [/home/runner/work/ratis/ratis/ratis-test/target/test/data/e1a4608/MiniRaftClusterWithGrpce99f5d0d/s0] (custom)
2024-11-10 02:23:45,911 [main] INFO  server.RaftServerConfigKeys (ConfUtils.java:logGet(46)) - raft.server.threadpool.proxy.cached = true (default)
2024-11-10 02:23:45,912 [main] INFO  server.RaftServerConfigKeys (ConfUtils.java:logGet(46)) - raft.server.threadpool.proxy.size = 0 (default)
2024-11-10 02:23:45,921 [main] INFO  server.RaftServer (RaftServerProxy.java:addNew(101)) - s0: addNew group-476BE848888C:[s0|localhost:15000] returns group-476BE848888C:java.util.concurrent.CompletableFuture@471a9e8c[Not completed]
2024-11-10 02:23:45,932 [s0-groupManagement] INFO  server.RaftServerConfigKeys (ConfUtils.java:logGet(46)) - raft.server.log.segment.size.max = 32MB (=33554432) (default)
2024-11-10 02:23:45,933 [s0-groupManagement] INFO  server.RaftServerConfigKeys (ConfUtils.java:logGet(46)) - raft.server.log.preallocated.size = 4MB (=4194304) (default)
2024-11-10 02:23:45,933 [s0-groupManagement] INFO  server.RaftServerConfigKeys (ConfUtils.java:logGet(46)) - raft.server.log.write.buffer.size = 8MB (=8388608) (default)
2024-11-10 02:23:45,937 [s0-groupManagement] INFO  server.RaftServer$Division (RaftServerImpl.java:<init>(256)) - s0: new RaftServerImpl for group-476BE848888C:[s0|localhost:15000] with StateMachineWithMultiNestedSnapshotFile:uninitialized
2024-11-10 02:23:45,938 [s0-groupManagement] INFO  server.RaftServerConfigKeys (ConfUtils.java:logGet(46)) - raft.server.rpc.timeout.min = 150ms (default)
2024-11-10 02:23:45,939 [s0-groupManagement] INFO  server.RaftServerConfigKeys (ConfUtils.java:logGet(46)) - raft.server.rpc.timeout.max = 300ms (default)
2024-11-10 02:23:45,939 [s0-groupManagement] INFO  server.RaftServerConfigKeys (ConfUtils.java:logGet(46)) - raft.server.rpc.sleep.time = 25ms (default)
2024-11-10 02:23:45,939 [s0-groupManagement] INFO  server.RaftServerConfigKeys (ConfUtils.java:logGet(46)) - raft.server.rpc.slowness.timeout = 60s (default)
2024-11-10 02:23:45,940 [s0-groupManagement] INFO  server.RaftServerConfigKeys (ConfUtils.java:logGet(46)) - raft.server.leaderelection.leader.step-down.wait-time = 10s (default)
2024-11-10 02:23:45,940 [s0-groupManagement] INFO  server.RaftServerConfigKeys (ConfUtils.java:logGet(46)) - raft.server.leaderelection.member.majority-add = true (custom)
2024-11-10 02:23:45,940 [s0-groupManagement] INFO  server.RaftServerConfigKeys (ConfUtils.java:logGet(46)) - raft.server.sleep.deviation.threshold = 300ms (default)
2024-11-10 02:23:45,947 [s0-groupManagement] INFO  server.RaftServer$Division (ServerState.java:<init>(114)) - s0@group-476BE848888C: ConfigurationManager, init=conf: {index: -1, cur=peers:[s0|localhost:15000]|listeners:[], old=null}, confs=<EMPTY_MAP>
2024-11-10 02:23:45,952 [s0-groupManagement] INFO  server.RaftServerConfigKeys (ConfUtils.java:logGet(46)) - raft.server.notification.no-leader.timeout = 60s (default)
2024-11-10 02:23:45,956 [s0-groupManagement] INFO  server.RaftServerConfigKeys (ConfUtils.java:logGet(46)) - raft.server.read.timeout = 10s (default)
2024-11-10 02:23:45,959 [s0-groupManagement] INFO  server.RaftServerConfigKeys (ConfUtils.java:logGet(46)) - raft.server.retrycache.expirytime = 60s (default)
2024-11-10 02:23:45,960 [s0-groupManagement] INFO  server.RaftServerConfigKeys (ConfUtils.java:logGet(46)) - raft.server.retrycache.statistics.expirytime = 100ms (default)
2024-11-10 02:23:45,964 [s0-groupManagement] INFO  server.RaftServerConfigKeys (ConfUtils.java:logGet(46)) - raft.server.read.option = DEFAULT (default)
2024-11-10 02:23:45,965 [s0-groupManagement] INFO  server.RaftServerConfigKeys (ConfUtils.java:logGet(46)) - raft.server.read.read-after-write-consistent.write-index-cache.expiry-time = 60s (default)
2024-11-10 02:23:45,990 [s0-groupManagement] INFO  server.RaftServerConfigKeys (ConfUtils.java:logGet(46)) - raft.server.rpc.request.timeout = 3000ms (default)
2024-11-10 02:23:45,993 [s0-groupManagement] INFO  server.RaftServerConfigKeys (ConfUtils.java:logGet(46)) - raft.server.log.appender.install.snapshot.enabled = true (default)
2024-11-10 02:23:45,993 [s0-groupManagement] INFO  server.RaftServerConfigKeys (ConfUtils.java:logGet(46)) - raft.server.threadpool.server.cached = true (default)
2024-11-10 02:23:45,993 [s0-groupManagement] INFO  server.RaftServerConfigKeys (ConfUtils.java:logGet(46)) - raft.server.threadpool.server.size = 0 (default)
2024-11-10 02:23:45,994 [s0-groupManagement] INFO  server.RaftServerConfigKeys (ConfUtils.java:logGet(46)) - raft.server.threadpool.client.cached = true (default)
2024-11-10 02:23:45,994 [s0-groupManagement] INFO  server.RaftServerConfigKeys (ConfUtils.java:logGet(46)) - raft.server.threadpool.client.size = 0 (default)
2024-11-10 02:23:45,996 [s0-impl-thread1] INFO  server.RaftServerConfigKeys (ConfUtils.java:logGet(46)) - raft.server.storage.free-space.min = 0MB (=0) (default)
2024-11-10 02:23:45,996 [s0-impl-thread1] INFO  server.RaftServerConfigKeys (ConfUtils.java:logGet(46)) - raft.server.log.corruption.policy = EXCEPTION (default)
2024-11-10 02:23:45,996 [s0-impl-thread1] INFO  server.RaftServerConfigKeys (ConfUtils.java:logGet(46)) - raft.server.storage.dir = [/home/runner/work/ratis/ratis/ratis-test/target/test/data/e1a4608/MiniRaftClusterWithGrpce99f5d0d/s0] (custom)
2024-11-10 02:23:46,000 [s0-impl-thread1] INFO  storage.RaftStorageDirectory (RaftStorageDirectoryImpl.java:analyzeStorage(138)) - The storage directory /home/runner/work/ratis/ratis/ratis-test/target/test/data/e1a4608/MiniRaftClusterWithGrpce99f5d0d/s0/c896a275-db18-43bf-9a64-476be848888c does not exist. Creating ...
2024-11-10 02:23:46,002 [s0-impl-thread1] TRACE util.FileUtils (LogUtils.java:runAndLog(49)) - Successfully ran Files.createDirectories /home/runner/work/ratis/ratis/ratis-test/target/test/data/e1a4608/MiniRaftClusterWithGrpce99f5d0d/s0/c896a275-db18-43bf-9a64-476be848888c
2024-11-10 02:23:46,003 [s0-impl-thread1] INFO  storage.RaftStorageDirectory (RaftStorageDirectoryImpl.java:tryLock(229)) - Lock on /home/runner/work/ratis/ratis/ratis-test/target/test/data/e1a4608/MiniRaftClusterWithGrpce99f5d0d/s0/c896a275-db18-43bf-9a64-476be848888c/in_use.lock acquired by nodename 8553@fv-az1147-185
2024-11-10 02:23:46,004 [s0-impl-thread1] TRACE util.FileUtils (LogUtils.java:runAndLog(49)) - Successfully ran Files.createDirectories /home/runner/work/ratis/ratis/ratis-test/target/test/data/e1a4608/MiniRaftClusterWithGrpce99f5d0d/s0/c896a275-db18-43bf-9a64-476be848888c/current
2024-11-10 02:23:46,004 [s0-impl-thread1] TRACE util.FileUtils (LogUtils.java:runAndLog(49)) - Successfully ran Files.createDirectories /home/runner/work/ratis/ratis/ratis-test/target/test/data/e1a4608/MiniRaftClusterWithGrpce99f5d0d/s0/c896a275-db18-43bf-9a64-476be848888c/sm
2024-11-10 02:23:46,007 [s0-impl-thread1] TRACE util.FileUtils (LogUtils.java:supplyAndLog(69)) - Successfully supplied FileChannel.open /home/runner/work/ratis/ratis/ratis-test/target/test/data/e1a4608/MiniRaftClusterWithGrpce99f5d0d/s0/c896a275-db18-43bf-9a64-476be848888c/current/raft-meta.tmp with options [CREATE, WRITE]: sun.nio.ch.FileChannelImpl@d61aa97
2024-11-10 02:23:46,013 [s0-impl-thread1] TRACE util.FileUtils (LogUtils.java:runAndLog(49)) - Successfully ran Atomic Files.move /home/runner/work/ratis/ratis/ratis-test/target/test/data/e1a4608/MiniRaftClusterWithGrpce99f5d0d/s0/c896a275-db18-43bf-9a64-476be848888c/current/raft-meta.tmp to /home/runner/work/ratis/ratis/ratis-test/target/test/data/e1a4608/MiniRaftClusterWithGrpce99f5d0d/s0/c896a275-db18-43bf-9a64-476be848888c/current/raft-meta with options [REPLACE_EXISTING]
2024-11-10 02:23:46,013 [s0-impl-thread1] INFO  storage.RaftStorage (RaftStorageImpl.java:format(98)) - Storage directory /home/runner/work/ratis/ratis/ratis-test/target/test/data/e1a4608/MiniRaftClusterWithGrpce99f5d0d/s0/c896a275-db18-43bf-9a64-476be848888c has been successfully formatted.
2024-11-10 02:23:46,013 [s0-impl-thread1] INFO  impl.SimpleStateMachine4Testing (SimpleStateMachine4Testing.java:initialize(214)) - Initializing StateMachineWithMultiNestedSnapshotFile:uninitialized
2024-11-10 02:23:46,057 [s0-impl-thread1] INFO  impl.SimpleStateMachine4Testing (SimpleStateMachine4Testing.java:loadSnapshot(298)) - Loading snapshot null
2024-11-10 02:23:46,057 [s0-impl-thread1] INFO  server.RaftServerConfigKeys (ConfUtils.java:logGet(46)) - raft.server.log.use.memory = false (default)
2024-11-10 02:23:46,069 [s0-impl-thread1] INFO  server.RaftServerConfigKeys (ConfUtils.java:logGet(46)) - raft.server.log.purge.gap = 8 (custom)
2024-11-10 02:23:46,069 [s0-impl-thread1] INFO  server.RaftServerConfigKeys (ConfUtils.java:logGet(46)) - raft.server.log.appender.buffer.byte-limit = 4MB (=4194304) (default)
2024-11-10 02:23:46,071 [s0-impl-thread1] INFO  server.RaftServerConfigKeys (ConfUtils.java:logGet(46)) - raft.server.log.statemachine.data.read.timeout = 1000ms (default)
2024-11-10 02:23:46,071 [s0-impl-thread1] INFO  server.RaftServerConfigKeys (ConfUtils.java:logGet(46)) - raft.server.log.purge.preservation.log.num = 0 (default)
2024-11-10 02:23:46,075 [s0-impl-thread1] INFO  server.RaftServerConfigKeys (ConfUtils.java:logGet(46)) - raft.server.log.segment.size.max = 32MB (=33554432) (default)
2024-11-10 02:23:46,082 [s0-impl-thread1] INFO  server.RaftServerConfigKeys (ConfUtils.java:logGet(46)) - raft.server.log.segment.cache.num.max = 6 (default)
2024-11-10 02:23:46,083 [s0-impl-thread1] INFO  server.RaftServerConfigKeys (ConfUtils.java:logGet(46)) - raft.server.log.segment.cache.size.max = 200MB (=209715200) (default)
2024-11-10 02:23:46,083 [s0-impl-thread1] INFO  server.RaftServerConfigKeys (ConfUtils.java:logGet(46)) - raft.server.log.appender.buffer.byte-limit = 4MB (=4194304) (default)
2024-11-10 02:23:46,085 [s0-impl-thread1] INFO  util.AwaitToRun (AwaitToRun.java:start(81)) - Thread[s0@group-476BE848888C-cacheEviction-AwaitToRun,5,main] started
2024-11-10 02:23:46,091 [s0-impl-thread1] INFO  segmented.SegmentedRaftLogWorker (SegmentedRaftLogWorker.java:<init>(189)) - new s0@group-476BE848888C-SegmentedRaftLogWorker for RaftStorageImpl:Storage Directory /home/runner/work/ratis/ratis/ratis-test/target/test/data/e1a4608/MiniRaftClusterWithGrpce99f5d0d/s0/c896a275-db18-43bf-9a64-476be848888c
2024-11-10 02:23:46,091 [s0-impl-thread1] INFO  server.RaftServerConfigKeys (ConfUtils.java:logGet(46)) - raft.server.log.queue.byte-limit = 64MB (=67108864) (default)
2024-11-10 02:23:46,092 [s0-impl-thread1] INFO  server.RaftServerConfigKeys (ConfUtils.java:logGet(46)) - raft.server.log.queue.element-limit = 4096 (default)
2024-11-10 02:23:46,095 [s0-impl-thread1] INFO  server.RaftServerConfigKeys (ConfUtils.java:logGet(46)) - raft.server.log.segment.size.max = 32MB (=33554432) (default)
2024-11-10 02:23:46,095 [s0-impl-thread1] INFO  server.RaftServerConfigKeys (ConfUtils.java:logGet(46)) - raft.server.log.preallocated.size = 4MB (=4194304) (default)
2024-11-10 02:23:46,095 [s0-impl-thread1] INFO  server.RaftServerConfigKeys (ConfUtils.java:logGet(46)) - raft.server.log.force.sync.num = 128 (default)
2024-11-10 02:23:46,096 [s0-impl-thread1] INFO  server.RaftServerConfigKeys (ConfUtils.java:logGet(46)) - raft.server.log.statemachine.data.sync = true (default)
2024-11-10 02:23:46,096 [s0-impl-thread1] INFO  server.RaftServerConfigKeys (ConfUtils.java:logGet(46)) - raft.server.log.statemachine.data.sync.timeout = 10s (default)
2024-11-10 02:23:46,097 [s0-impl-thread1] INFO  server.RaftServerConfigKeys (ConfUtils.java:logGet(46)) - raft.server.log.statemachine.data.sync.timeout.retry = -1 (default)
2024-11-10 02:23:46,099 [s0-impl-thread1] INFO  server.RaftServerConfigKeys (ConfUtils.java:logGet(46)) - raft.server.log.write.buffer.size = 8MB (=8388608) (default)
2024-11-10 02:23:46,101 [s0-impl-thread1] INFO  server.RaftServerConfigKeys (ConfUtils.java:logGet(46)) - raft.server.log.appender.buffer.byte-limit = 4MB (=4194304) (default)
2024-11-10 02:23:46,101 [s0-impl-thread1] INFO  server.RaftServerConfigKeys (ConfUtils.java:logGet(46)) - raft.server.log.unsafe-flush.enabled = false (default)
2024-11-10 02:23:46,102 [s0-impl-thread1] INFO  server.RaftServerConfigKeys (ConfUtils.java:logGet(46)) - raft.server.log.async-flush.enabled = false (default)
2024-11-10 02:23:46,102 [s0-impl-thread1] INFO  server.RaftServerConfigKeys (ConfUtils.java:logGet(46)) - raft.server.log.statemachine.data.caching.enabled = false (default)
2024-11-10 02:23:46,110 [s0-impl-thread1] INFO  segmented.SegmentedRaftLogWorker (SegmentedRaftLogWorker.java:lambda$new$0(140)) - s0@group-476BE848888C-SegmentedRaftLogWorker: flushIndex: setUnconditionally 0 -> -1
2024-11-10 02:23:46,110 [s0-impl-thread1] INFO  segmented.SegmentedRaftLogWorker (SegmentedRaftLogWorker.java:lambda$new$0(140)) - s0@group-476BE848888C-SegmentedRaftLogWorker: safeCacheEvictIndex: setUnconditionally 0 -> -1
2024-11-10 02:23:46,111 [s0-impl-thread1] INFO  server.RaftServer$Division (RaftServerImpl.java:start(392)) - s0@group-476BE848888C: start as a follower, conf=conf: {index: -1, cur=peers:[s0|localhost:15000]|listeners:[], old=null}
2024-11-10 02:23:46,112 [s0-impl-thread1] INFO  server.RaftServer$Division (RaftServerImpl.java:setRole(379)) - s0@group-476BE848888C: changes role from      null to FOLLOWER at term 0 for startAsFollower
2024-11-10 02:23:46,113 [s0-impl-thread1] INFO  impl.RoleInfo (RoleInfo.java:updateAndGet(148)) - s0: start s0@group-476BE848888C-FollowerState
2024-11-10 02:23:46,114 [s0@group-476BE848888C-FollowerState] INFO  server.RaftServerConfigKeys (ConfUtils.java:logFallback(53)) - raft.server.rpc.first-election.timeout.min = 150ms (fallback to raft.server.rpc.timeout.min)
2024-11-10 02:23:46,114 [s0@group-476BE848888C-FollowerState] INFO  server.RaftServerConfigKeys (ConfUtils.java:logFallback(53)) - raft.server.rpc.first-election.timeout.max = 300ms (fallback to raft.server.rpc.timeout.max)
2024-11-10 02:23:46,115 [s0-impl-thread1] INFO  util.JmxRegister (JmxRegister.java:tryRegister(44)) - Successfully registered JMX Bean with object name Ratis:service=RaftServer,group=group-476BE848888C,id=s0
2024-11-10 02:23:46,115 [s0-impl-thread1] INFO  util.JmxRegister (JmxRegister.java:register(58)) - register mxBean class org.apache.ratis.server.impl.RaftServerJmxAdapter as Ratis:service=RaftServer,group=group-476BE848888C,id=s0
2024-11-10 02:23:46,117 [s0-impl-thread1] INFO  server.RaftServerConfigKeys (ConfUtils.java:logGet(46)) - raft.server.snapshot.trigger-when-stop.enabled = true (default)
2024-11-10 02:23:46,117 [s0-impl-thread1] INFO  server.RaftServerConfigKeys (ConfUtils.java:logGet(46)) - raft.server.snapshot.trigger-when-remove.enabled = true (default)
2024-11-10 02:23:46,117 [s0-impl-thread1] INFO  server.RaftServerConfigKeys (ConfUtils.java:logGet(46)) - raft.server.snapshot.auto.trigger.enabled = true (custom)
2024-11-10 02:23:46,118 [s0-impl-thread1] INFO  server.RaftServerConfigKeys (ConfUtils.java:logGet(46)) - raft.server.snapshot.auto.trigger.threshold = 64 (custom)
2024-11-10 02:23:46,118 [s0-impl-thread1] INFO  server.RaftServerConfigKeys (ConfUtils.java:logGet(46)) - raft.server.snapshot.retention.file.num = -1 (default)
2024-11-10 02:23:46,119 [s0-impl-thread1] INFO  server.RaftServerConfigKeys (ConfUtils.java:logGet(46)) - raft.server.log.purge.upto.snapshot.index = false (default)
2024-11-10 02:23:46,122 [s0-impl-thread1] INFO  server.RaftServer$Division (RaftServerImpl.java:start(406)) - s0@group-476BE848888C: Successfully started.
2024-11-10 02:23:46,123 [main] INFO  server.RaftServer (RaftServerProxy.java:startImpl(408)) - s0: start RPC server
2024-11-10 02:23:46,186 [main] INFO  server.GrpcServicesImpl (GrpcServicesImpl.java:startImpl(353)) - s0: GrpcServicesImpl started, listening on 15002
2024-11-10 02:23:46,187 [main] INFO  server.GrpcServicesImpl (GrpcServicesImpl.java:startImpl(353)) - s0: GrpcServicesImpl started, listening on 15000
2024-11-10 02:23:46,188 [main] INFO  server.GrpcServicesImpl (GrpcServicesImpl.java:startImpl(353)) - s0: GrpcServicesImpl started, listening on 15001
2024-11-10 02:23:46,192 [JvmPauseMonitor0] INFO  util.JvmPauseMonitor (JvmPauseMonitor.java:run(146)) - JvmPauseMonitor-s0: Started
2024-11-10 02:23:46,197 [main] INFO  server.RaftServerConfigKeys (ConfUtils.java:logGet(46)) - raft.server.rpc.timeout.max = 300ms (default)
2024-11-10 02:23:46,200 [main] INFO  ratis.RaftTestUtil (RaftTestUtil.java:waitForLeader(107)) - printing ALL groups
  s0:  RUNNING  FOLLOWER s0@group-476BE848888C:t0, leader=null, voted=, raftlog=Memoized:s0@group-476BE848888C-SegmentedRaftLog:OPENED:c-1:lastnull, conf=conf: {index: -1, cur=peers:[s0|localhost:15000]|listeners:[], old=null} RUNNING
2024-11-10 02:23:46,205 [main] WARN  ratis.RaftTestUtil (RaftTestUtil.java:lambda$waitForLeader$3(126)) - Attempt #1 failed: java.lang.IllegalStateException: No leader yet : printing ALL groups
  s0:  RUNNING  FOLLOWER s0@group-476BE848888C:t0, leader=null, voted=, raftlog=Memoized:s0@group-476BE848888C-SegmentedRaftLog:OPENED:c-1:lastnull, conf=conf: {index: -1, cur=peers:[s0|localhost:15000]|listeners:[], old=null} RUNNING
2024-11-10 02:23:46,377 [s0@group-476BE848888C-FollowerState] INFO  impl.FollowerState (FollowerState.java:runImpl(161)) - s0@group-476BE848888C-FollowerState: change to CANDIDATE, lastRpcElapsedTime:264547196ns, electionTimeout:262ms
2024-11-10 02:23:46,378 [s0@group-476BE848888C-FollowerState] INFO  impl.RoleInfo (RoleInfo.java:shutdownFollowerState(121)) - s0: shutdown s0@group-476BE848888C-FollowerState
2024-11-10 02:23:46,378 [s0@group-476BE848888C-FollowerState] INFO  server.RaftServer$Division (RaftServerImpl.java:setRole(379)) - s0@group-476BE848888C: changes role from  FOLLOWER to CANDIDATE at term 0 for changeToCandidate
2024-11-10 02:23:46,381 [s0@group-476BE848888C-FollowerState] INFO  server.RaftServerConfigKeys (ConfUtils.java:logGet(46)) - raft.server.leaderelection.pre-vote = true (default)
2024-11-10 02:23:46,381 [s0@group-476BE848888C-FollowerState] INFO  impl.RoleInfo (RoleInfo.java:updateAndGet(148)) - s0: start s0@group-476BE848888C-LeaderElection1
2024-11-10 02:23:46,383 [s0@group-476BE848888C-LeaderElection1] INFO  impl.LeaderElection (LeaderElection.java:askForVotes(332)) - s0@group-476BE848888C-LeaderElection1 PRE_VOTE round 0: submit vote requests at term 0 for conf: {index: -1, cur=peers:[s0|localhost:15000]|listeners:[], old=null}
2024-11-10 02:23:46,384 [s0@group-476BE848888C-LeaderElection1] INFO  impl.LeaderElection (LeaderElection.java:askForVotes(334)) - s0@group-476BE848888C-LeaderElection1 PRE_VOTE round 0: result PASSED (term=0)
2024-11-10 02:23:46,385 [s0@group-476BE848888C-LeaderElection1] TRACE util.FileUtils (LogUtils.java:supplyAndLog(69)) - Successfully supplied FileChannel.open /home/runner/work/ratis/ratis/ratis-test/target/test/data/e1a4608/MiniRaftClusterWithGrpce99f5d0d/s0/c896a275-db18-43bf-9a64-476be848888c/current/raft-meta.tmp with options [CREATE, WRITE]: sun.nio.ch.FileChannelImpl@5c649e11
2024-11-10 02:23:46,387 [s0@group-476BE848888C-LeaderElection1] TRACE util.FileUtils (LogUtils.java:runAndLog(49)) - Successfully ran Atomic Files.move /home/runner/work/ratis/ratis/ratis-test/target/test/data/e1a4608/MiniRaftClusterWithGrpce99f5d0d/s0/c896a275-db18-43bf-9a64-476be848888c/current/raft-meta.tmp to /home/runner/work/ratis/ratis/ratis-test/target/test/data/e1a4608/MiniRaftClusterWithGrpce99f5d0d/s0/c896a275-db18-43bf-9a64-476be848888c/current/raft-meta with options [REPLACE_EXISTING]
2024-11-10 02:23:46,387 [s0@group-476BE848888C-LeaderElection1] INFO  impl.LeaderElection (LeaderElection.java:askForVotes(332)) - s0@group-476BE848888C-LeaderElection1 ELECTION round 0: submit vote requests at term 1 for conf: {index: -1, cur=peers:[s0|localhost:15000]|listeners:[], old=null}
2024-11-10 02:23:46,387 [s0@group-476BE848888C-LeaderElection1] INFO  impl.LeaderElection (LeaderElection.java:askForVotes(334)) - s0@group-476BE848888C-LeaderElection1 ELECTION round 0: result PASSED (term=1)
2024-11-10 02:23:46,387 [s0@group-476BE848888C-LeaderElection1] INFO  impl.RoleInfo (RoleInfo.java:shutdownLeaderElection(141)) - s0: shutdown s0@group-476BE848888C-LeaderElection1
2024-11-10 02:23:46,388 [s0@group-476BE848888C-LeaderElection1] INFO  server.RaftServer$Division (RaftServerImpl.java:setRole(379)) - s0@group-476BE848888C: changes role from CANDIDATE to LEADER at term 1 for changeToLeader
2024-11-10 02:23:46,394 [s0@group-476BE848888C-LeaderElection1] INFO  server.RaftServerConfigKeys (ConfUtils.java:logGet(46)) - raft.server.staging.catchup.gap = 1000 (default)
2024-11-10 02:23:46,399 [s0@group-476BE848888C-LeaderElection1] INFO  server.RaftServerConfigKeys (ConfUtils.java:logGet(46)) - raft.server.write.element-limit = 4096 (default)
2024-11-10 02:23:46,399 [s0@group-476BE848888C-LeaderElection1] INFO  server.RaftServerConfigKeys (ConfUtils.java:logGet(46)) - raft.server.write.byte-limit = 64MB (=67108864) (default)
2024-11-10 02:23:46,404 [s0@group-476BE848888C-LeaderElection1] INFO  server.RaftServerConfigKeys (ConfUtils.java:logGet(46)) - raft.server.watch.timeout = 10s (default)
2024-11-10 02:23:46,404 [s0@group-476BE848888C-LeaderElection1] INFO  server.RaftServerConfigKeys (ConfUtils.java:logGet(46)) - raft.server.watch.timeout.denomination = 1s (default)
2024-11-10 02:23:46,404 [s0@group-476BE848888C-LeaderElection1] INFO  server.RaftServerConfigKeys (ConfUtils.java:logGet(46)) - raft.server.watch.element-limit = 65536 (default)
2024-11-10 02:23:46,413 [s0@group-476BE848888C-LeaderElection1] INFO  server.RaftServerConfigKeys (ConfUtils.java:logGet(46)) - raft.server.read.leader.lease.enabled = false (default)
2024-11-10 02:23:46,414 [s0@group-476BE848888C-LeaderElection1] INFO  server.RaftServerConfigKeys (ConfUtils.java:logGet(46)) - raft.server.read.leader.lease.timeout.ratio = 0.9 (default)
2024-11-10 02:23:46,415 [s0@group-476BE848888C-LeaderElection1] INFO  server.RaftServerConfigKeys (ConfUtils.java:logGet(46)) - raft.server.rpc.timeout.min = 150ms (default)
2024-11-10 02:23:46,415 [s0@group-476BE848888C-LeaderElection1] INFO  server.RaftServerConfigKeys (ConfUtils.java:logGet(46)) - raft.server.log.log-metadata.enabled = true (default)
2024-11-10 02:23:46,415 [s0@group-476BE848888C-LeaderElection1] INFO  server.RaftServerConfigKeys (ConfUtils.java:logGet(46)) - raft.server.write.element-limit = 4096 (default)
2024-11-10 02:23:46,416 [s0@group-476BE848888C-LeaderElection1] INFO  server.RaftServerConfigKeys (ConfUtils.java:logGet(46)) - raft.server.write.follower.gap.ratio.max = -1.0 (default)
2024-11-10 02:23:46,417 [s0@group-476BE848888C-LeaderElection1] INFO  impl.RoleInfo (RoleInfo.java:updateAndGet(148)) - s0: start s0@group-476BE848888C-LeaderStateImpl
2024-11-10 02:23:46,417 [s0@group-476BE848888C-LeaderElection1] INFO  server.RaftServer$Division (RaftServerImpl.java:setFirstElection(563)) - s0@group-476BE848888C: set firstElectionSinceStartup to false for becomeLeader
2024-11-10 02:23:46,417 [s0@group-476BE848888C-LeaderElection1] INFO  server.RaftServer$Division (ServerState.java:setLeader(272)) - s0@group-476BE848888C: change Leader from null to s0 at term 1 for becomeLeader, leader elected after 465ms
2024-11-10 02:23:46,451 [s0@group-476BE848888C-LeaderElection1] INFO  util.LeakDetector (LeakDetector.java:start(124)) - Starting leak detector thread SIMPLE0.
2024-11-10 02:23:46,577 [s0@group-476BE848888C-LeaderElection1] INFO  segmented.SegmentedRaftLogWorker (SegmentedRaftLogWorker.java:startLogSegment(443)) - s0@group-476BE848888C-SegmentedRaftLogWorker: Starting segment from index:0
2024-11-10 02:23:46,590 [s0@group-476BE848888C-LeaderElection1] INFO  server.RaftServer$Division (ServerState.java:setRaftConf(386)) - s0@group-476BE848888C: set configuration conf: {index: 0, cur=peers:[s0|localhost:15000]|listeners:[], old=null}
2024-11-10 02:23:46,607 [s0@group-476BE848888C-SegmentedRaftLogWorker] INFO  segmented.BufferedWriteChannel (BufferedWriteChannel.java:open(61)) - open log_inprogress_0 at position 0
2024-11-10 02:23:46,620 [s0@group-476BE848888C-SegmentedRaftLogWorker] INFO  segmented.SegmentedRaftLogWorker (SegmentedRaftLogWorker.java:execute(667)) - s0@group-476BE848888C-SegmentedRaftLogWorker: created new log segment /home/runner/work/ratis/ratis/ratis-test/target/test/data/e1a4608/MiniRaftClusterWithGrpce99f5d0d/s0/c896a275-db18-43bf-9a64-476be848888c/current/log_inprogress_0
2024-11-10 02:23:46,626 [s0@group-476BE848888C-StateMachineUpdater] TRACE util.FileUtils (LogUtils.java:supplyAndLog(69)) - Successfully supplied FileChannel.open /home/runner/work/ratis/ratis/ratis-test/target/test/data/e1a4608/MiniRaftClusterWithGrpce99f5d0d/s0/c896a275-db18-43bf-9a64-476be848888c/current/raft-meta.conf.tmp with options [CREATE, WRITE]: sun.nio.ch.FileChannelImpl@162bfbcf
2024-11-10 02:23:46,629 [s0@group-476BE848888C-StateMachineUpdater] TRACE util.FileUtils (LogUtils.java:runAndLog(49)) - Successfully ran Atomic Files.move /home/runner/work/ratis/ratis/ratis-test/target/test/data/e1a4608/MiniRaftClusterWithGrpce99f5d0d/s0/c896a275-db18-43bf-9a64-476be848888c/current/raft-meta.conf.tmp to /home/runner/work/ratis/ratis/ratis-test/target/test/data/e1a4608/MiniRaftClusterWithGrpce99f5d0d/s0/c896a275-db18-43bf-9a64-476be848888c/current/raft-meta.conf with options [REPLACE_EXISTING]
2024-11-10 02:23:46,629 [s0@group-476BE848888C-StateMachineUpdater] INFO  server.RaftServer$Division (LeaderStateImpl.java:checkStartIndex(314)) - Leader s0@group-476BE848888C-LeaderStateImpl is ready since appliedIndex == startIndex == 0
2024-11-10 02:23:46,657 [main] INFO  ratis.RaftTestUtil (RaftTestUtil.java:waitForLeader(131)) - printing ALL groups
  s0:  RUNNING    LEADER s0@group-476BE848888C:t1, leader=s0, voted=s0, raftlog=Memoized:s0@group-476BE848888C-SegmentedRaftLog:OPENED:c0:last(t:1, i:0), conf=conf: {index: 0, cur=peers:[s0|localhost:15000]|listeners:[], old=null} RUNNING
2024-11-10 02:23:47,176 [s0@group-476BE848888C-StateMachineUpdater] INFO  impl.SimpleStateMachine4Testing (SimpleStateMachine4Testing.java:applyTransaction(250)) - applyTransaction for log index 1
2024-11-10 02:23:47,177 [s0@group-476BE848888C-StateMachineUpdater] INFO  impl.SimpleStateMachine4Testing (SimpleStateMachine4Testing.java:put(206)) - s0: put 1, m0 -> (t:1, i:1), STATEMACHINELOGENTRY, WRITE: logData.size=2, stateMachineData.size=17, logEntryProtoSerializedSize=0
2024-11-10 02:23:47,238 [s0@group-476BE848888C-StateMachineUpdater] INFO  impl.SimpleStateMachine4Testing (SimpleStateMachine4Testing.java:applyTransaction(250)) - applyTransaction for log index 3
2024-11-10 02:23:47,239 [s0@group-476BE848888C-StateMachineUpdater] INFO  impl.SimpleStateMachine4Testing (SimpleStateMachine4Testing.java:put(206)) - s0: put 3, m1 -> (t:1, i:3), STATEMACHINELOGENTRY, WRITE: logData.size=2, stateMachineData.size=17, logEntryProtoSerializedSize=0
2024-11-10 02:23:47,248 [s0@group-476BE848888C-StateMachineUpdater] INFO  impl.SimpleStateMachine4Testing (SimpleStateMachine4Testing.java:applyTransaction(250)) - applyTransaction for log index 5
2024-11-10 02:23:47,249 [s0@group-476BE848888C-StateMachineUpdater] INFO  impl.SimpleStateMachine4Testing (SimpleStateMachine4Testing.java:put(206)) - s0: put 5, m2 -> (t:1, i:5), STATEMACHINELOGENTRY, WRITE: logData.size=2, stateMachineData.size=17, logEntryProtoSerializedSize=0
2024-11-10 02:23:47,258 [s0@group-476BE848888C-StateMachineUpdater] INFO  impl.SimpleStateMachine4Testing (SimpleStateMachine4Testing.java:applyTransaction(250)) - applyTransaction for log index 7
2024-11-10 02:23:47,258 [s0@group-476BE848888C-StateMachineUpdater] INFO  impl.SimpleStateMachine4Testing (SimpleStateMachine4Testing.java:put(206)) - s0: put 7, m3 -> (t:1, i:7), STATEMACHINELOGENTRY, WRITE: logData.size=2, stateMachineData.size=17, logEntryProtoSerializedSize=0
2024-11-10 02:23:47,269 [s0@group-476BE848888C-StateMachineUpdater] INFO  impl.SimpleStateMachine4Testing (SimpleStateMachine4Testing.java:applyTransaction(250)) - applyTransaction for log index 9
2024-11-10 02:23:47,270 [s0@group-476BE848888C-StateMachineUpdater] INFO  impl.SimpleStateMachine4Testing (SimpleStateMachine4Testing.java:put(206)) - s0: put 9, m4 -> (t:1, i:9), STATEMACHINELOGENTRY, WRITE: logData.size=2, stateMachineData.size=17, logEntryProtoSerializedSize=0
2024-11-10 02:23:47,279 [s0@group-476BE848888C-StateMachineUpdater] INFO  impl.SimpleStateMachine4Testing (SimpleStateMachine4Testing.java:applyTransaction(250)) - applyTransaction for log index 11
2024-11-10 02:23:47,280 [s0@group-476BE848888C-StateMachineUpdater] INFO  impl.SimpleStateMachine4Testing (SimpleStateMachine4Testing.java:put(206)) - s0: put 11, m5 -> (t:1, i:11), STATEMACHINELOGENTRY, WRITE: logData.size=2, stateMachineData.size=17, logEntryProtoSerializedSize=0
2024-11-10 02:23:47,289 [s0@group-476BE848888C-StateMachineUpdater] INFO  impl.SimpleStateMachine4Testing (SimpleStateMachine4Testing.java:applyTransaction(250)) - applyTransaction for log index 13
2024-11-10 02:23:47,290 [s0@group-476BE848888C-StateMachineUpdater] INFO  impl.SimpleStateMachine4Testing (SimpleStateMachine4Testing.java:put(206)) - s0: put 13, m6 -> (t:1, i:13), STATEMACHINELOGENTRY, WRITE: logData.size=2, stateMachineData.size=17, logEntryProtoSerializedSize=0
2024-11-10 02:23:47,299 [s0@group-476BE848888C-StateMachineUpdater] INFO  impl.SimpleStateMachine4Testing (SimpleStateMachine4Testing.java:applyTransaction(250)) - applyTransaction for log index 15
2024-11-10 02:23:47,299 [s0@group-476BE848888C-StateMachineUpdater] INFO  impl.SimpleStateMachine4Testing (SimpleStateMachine4Testing.java:put(206)) - s0: put 15, m7 -> (t:1, i:15), STATEMACHINELOGENTRY, WRITE: logData.size=2, stateMachineData.size=17, logEntryProtoSerializedSize=0
2024-11-10 02:23:47,308 [s0@group-476BE848888C-StateMachineUpdater] INFO  impl.SimpleStateMachine4Testing (SimpleStateMachine4Testing.java:applyTransaction(250)) - applyTransaction for log index 17
2024-11-10 02:23:47,308 [s0@group-476BE848888C-StateMachineUpdater] INFO  impl.SimpleStateMachine4Testing (SimpleStateMachine4Testing.java:put(206)) - s0: put 17, m8 -> (t:1, i:17), STATEMACHINELOGENTRY, WRITE: logData.size=2, stateMachineData.size=17, logEntryProtoSerializedSize=0
2024-11-10 02:23:47,318 [s0@group-476BE848888C-StateMachineUpdater] INFO  impl.SimpleStateMachine4Testing (SimpleStateMachine4Testing.java:applyTransaction(250)) - applyTransaction for log index 19
2024-11-10 02:23:47,318 [s0@group-476BE848888C-StateMachineUpdater] INFO  impl.SimpleStateMachine4Testing (SimpleStateMachine4Testing.java:put(206)) - s0: put 19, m9 -> (t:1, i:19), STATEMACHINELOGENTRY, WRITE: logData.size=2, stateMachineData.size=17, logEntryProtoSerializedSize=0
2024-11-10 02:23:47,324 [s0@group-476BE848888C-StateMachineUpdater] INFO  impl.SimpleStateMachine4Testing (SimpleStateMachine4Testing.java:applyTransaction(250)) - applyTransaction for log index 21
2024-11-10 02:23:47,325 [s0@group-476BE848888C-StateMachineUpdater] INFO  impl.SimpleStateMachine4Testing (SimpleStateMachine4Testing.java:put(206)) - s0: put 21, m10 -> (t:1, i:21), STATEMACHINELOGENTRY, WRITE: logData.size=3, stateMachineData.size=17, logEntryProtoSerializedSize=0
2024-11-10 02:23:47,332 [s0@group-476BE848888C-StateMachineUpdater] INFO  impl.SimpleStateMachine4Testing (SimpleStateMachine4Testing.java:applyTransaction(250)) - applyTransaction for log index 23
2024-11-10 02:23:47,333 [s0@group-476BE848888C-StateMachineUpdater] INFO  impl.SimpleStateMachine4Testing (SimpleStateMachine4Testing.java:put(206)) - s0: put 23, m11 -> (t:1, i:23), STATEMACHINELOGENTRY, WRITE: logData.size=3, stateMachineData.size=17, logEntryProtoSerializedSize=0
2024-11-10 02:23:47,340 [s0@group-476BE848888C-StateMachineUpdater] INFO  impl.SimpleStateMachine4Testing (SimpleStateMachine4Testing.java:applyTransaction(250)) - applyTransaction for log index 25
2024-11-10 02:23:47,340 [s0@group-476BE848888C-StateMachineUpdater] INFO  impl.SimpleStateMachine4Testing (SimpleStateMachine4Testing.java:put(206)) - s0: put 25, m12 -> (t:1, i:25), STATEMACHINELOGENTRY, WRITE: logData.size=3, stateMachineData.size=17, logEntryProtoSerializedSize=0
2024-11-10 02:23:47,346 [s0@group-476BE848888C-StateMachineUpdater] INFO  impl.SimpleStateMachine4Testing (SimpleStateMachine4Testing.java:applyTransaction(250)) - applyTransaction for log index 27
2024-11-10 02:23:47,346 [s0@group-476BE848888C-StateMachineUpdater] INFO  impl.SimpleStateMachine4Testing (SimpleStateMachine4Testing.java:put(206)) - s0: put 27, m13 -> (t:1, i:27), STATEMACHINELOGENTRY, WRITE: logData.size=3, stateMachineData.size=17, logEntryProtoSerializedSize=0
2024-11-10 02:23:47,353 [s0@group-476BE848888C-StateMachineUpdater] INFO  impl.SimpleStateMachine4Testing (SimpleStateMachine4Testing.java:applyTransaction(250)) - applyTransaction for log index 29
2024-11-10 02:23:47,353 [s0@group-476BE848888C-StateMachineUpdater] INFO  impl.SimpleStateMachine4Testing (SimpleStateMachine4Testing.java:put(206)) - s0: put 29, m14 -> (t:1, i:29), STATEMACHINELOGENTRY, WRITE: logData.size=3, stateMachineData.size=17, logEntryProtoSerializedSize=0
2024-11-10 02:23:47,361 [s0@group-476BE848888C-StateMachineUpdater] INFO  impl.SimpleStateMachine4Testing (SimpleStateMachine4Testing.java:applyTransaction(250)) - applyTransaction for log index 31
2024-11-10 02:23:47,361 [s0@group-476BE848888C-StateMachineUpdater] INFO  impl.SimpleStateMachine4Testing (SimpleStateMachine4Testing.java:put(206)) - s0: put 31, m15 -> (t:1, i:31), STATEMACHINELOGENTRY, WRITE: logData.size=3, stateMachineData.size=17, logEntryProtoSerializedSize=0
2024-11-10 02:23:47,371 [s0@group-476BE848888C-StateMachineUpdater] INFO  impl.SimpleStateMachine4Testing (SimpleStateMachine4Testing.java:applyTransaction(250)) - applyTransaction for log index 33
2024-11-10 02:23:47,371 [s0@group-476BE848888C-StateMachineUpdater] INFO  impl.SimpleStateMachine4Testing (SimpleStateMachine4Testing.java:put(206)) - s0: put 33, m16 -> (t:1, i:33), STATEMACHINELOGENTRY, WRITE: logData.size=3, stateMachineData.size=17, logEntryProtoSerializedSize=0
2024-11-10 02:23:47,378 [s0@group-476BE848888C-StateMachineUpdater] INFO  impl.SimpleStateMachine4Testing (SimpleStateMachine4Testing.java:applyTransaction(250)) - applyTransaction for log index 35
2024-11-10 02:23:47,378 [s0@group-476BE848888C-StateMachineUpdater] INFO  impl.SimpleStateMachine4Testing (SimpleStateMachine4Testing.java:put(206)) - s0: put 35, m17 -> (t:1, i:35), STATEMACHINELOGENTRY, WRITE: logData.size=3, stateMachineData.size=17, logEntryProtoSerializedSize=0
2024-11-10 02:23:47,386 [s0@group-476BE848888C-StateMachineUpdater] INFO  impl.SimpleStateMachine4Testing (SimpleStateMachine4Testing.java:applyTransaction(250)) - applyTransaction for log index 37
2024-11-10 02:23:47,386 [s0@group-476BE848888C-StateMachineUpdater] INFO  impl.SimpleStateMachine4Testing (SimpleStateMachine4Testing.java:put(206)) - s0: put 37, m18 -> (t:1, i:37), STATEMACHINELOGENTRY, WRITE: logData.size=3, stateMachineData.size=17, logEntryProtoSerializedSize=0
2024-11-10 02:23:47,393 [s0@group-476BE848888C-StateMachineUpdater] INFO  impl.SimpleStateMachine4Testing (SimpleStateMachine4Testing.java:applyTransaction(250)) - applyTransaction for log index 39
2024-11-10 02:23:47,394 [s0@group-476BE848888C-StateMachineUpdater] INFO  impl.SimpleStateMachine4Testing (SimpleStateMachine4Testing.java:put(206)) - s0: put 39, m19 -> (t:1, i:39), STATEMACHINELOGENTRY, WRITE: logData.size=3, stateMachineData.size=17, logEntryProtoSerializedSize=0
2024-11-10 02:23:47,401 [s0@group-476BE848888C-StateMachineUpdater] INFO  impl.SimpleStateMachine4Testing (SimpleStateMachine4Testing.java:applyTransaction(250)) - applyTransaction for log index 41
2024-11-10 02:23:47,401 [s0@group-476BE848888C-StateMachineUpdater] INFO  impl.SimpleStateMachine4Testing (SimpleStateMachine4Testing.java:put(206)) - s0: put 41, m20 -> (t:1, i:41), STATEMACHINELOGENTRY, WRITE: logData.size=3, stateMachineData.size=17, logEntryProtoSerializedSize=0
2024-11-10 02:23:47,409 [s0@group-476BE848888C-StateMachineUpdater] INFO  impl.SimpleStateMachine4Testing (SimpleStateMachine4Testing.java:applyTransaction(250)) - applyTransaction for log index 43
2024-11-10 02:23:47,409 [s0@group-476BE848888C-StateMachineUpdater] INFO  impl.SimpleStateMachine4Testing (SimpleStateMachine4Testing.java:put(206)) - s0: put 43, m21 -> (t:1, i:43), STATEMACHINELOGENTRY, WRITE: logData.size=3, stateMachineData.size=17, logEntryProtoSerializedSize=0
2024-11-10 02:23:47,416 [s0@group-476BE848888C-StateMachineUpdater] INFO  impl.SimpleStateMachine4Testing (SimpleStateMachine4Testing.java:applyTransaction(250)) - applyTransaction for log index 45
2024-11-10 02:23:47,417 [s0@group-476BE848888C-StateMachineUpdater] INFO  impl.SimpleStateMachine4Testing (SimpleStateMachine4Testing.java:put(206)) - s0: put 45, m22 -> (t:1, i:45), STATEMACHINELOGENTRY, WRITE: logData.size=3, stateMachineData.size=17, logEntryProtoSerializedSize=0
2024-11-10 02:23:47,424 [s0@group-476BE848888C-StateMachineUpdater] INFO  impl.SimpleStateMachine4Testing (SimpleStateMachine4Testing.java:applyTransaction(250)) - applyTransaction for log index 47
2024-11-10 02:23:47,425 [s0@group-476BE848888C-StateMachineUpdater] INFO  impl.SimpleStateMachine4Testing (SimpleStateMachine4Testing.java:put(206)) - s0: put 47, m23 -> (t:1, i:47), STATEMACHINELOGENTRY, WRITE: logData.size=3, stateMachineData.size=17, logEntryProtoSerializedSize=0
2024-11-10 02:23:47,431 [s0@group-476BE848888C-StateMachineUpdater] INFO  impl.SimpleStateMachine4Testing (SimpleStateMachine4Testing.java:applyTransaction(250)) - applyTransaction for log index 49
2024-11-10 02:23:47,432 [s0@group-476BE848888C-StateMachineUpdater] INFO  impl.SimpleStateMachine4Testing (SimpleStateMachine4Testing.java:put(206)) - s0: put 49, m24 -> (t:1, i:49), STATEMACHINELOGENTRY, WRITE: logData.size=3, stateMachineData.size=17, logEntryProtoSerializedSize=0
2024-11-10 02:23:47,439 [s0@group-476BE848888C-StateMachineUpdater] INFO  impl.SimpleStateMachine4Testing (SimpleStateMachine4Testing.java:applyTransaction(250)) - applyTransaction for log index 51
2024-11-10 02:23:47,439 [s0@group-476BE848888C-StateMachineUpdater] INFO  impl.SimpleStateMachine4Testing (SimpleStateMachine4Testing.java:put(206)) - s0: put 51, m25 -> (t:1, i:51), STATEMACHINELOGENTRY, WRITE: logData.size=3, stateMachineData.size=17, logEntryProtoSerializedSize=0
2024-11-10 02:23:47,445 [s0@group-476BE848888C-StateMachineUpdater] INFO  impl.SimpleStateMachine4Testing (SimpleStateMachine4Testing.java:applyTransaction(250)) - applyTransaction for log index 53
2024-11-10 02:23:47,446 [s0@group-476BE848888C-StateMachineUpdater] INFO  impl.SimpleStateMachine4Testing (SimpleStateMachine4Testing.java:put(206)) - s0: put 53, m26 -> (t:1, i:53), STATEMACHINELOGENTRY, WRITE: logData.size=3, stateMachineData.size=17, logEntryProtoSerializedSize=0
2024-11-10 02:23:47,452 [s0@group-476BE848888C-StateMachineUpdater] INFO  impl.SimpleStateMachine4Testing (SimpleStateMachine4Testing.java:applyTransaction(250)) - applyTransaction for log index 55
2024-11-10 02:23:47,453 [s0@group-476BE848888C-StateMachineUpdater] INFO  impl.SimpleStateMachine4Testing (SimpleStateMachine4Testing.java:put(206)) - s0: put 55, m27 -> (t:1, i:55), STATEMACHINELOGENTRY, WRITE: logData.size=3, stateMachineData.size=17, logEntryProtoSerializedSize=0
2024-11-10 02:23:47,459 [s0@group-476BE848888C-StateMachineUpdater] INFO  impl.SimpleStateMachine4Testing (SimpleStateMachine4Testing.java:applyTransaction(250)) - applyTransaction for log index 57
2024-11-10 02:23:47,460 [s0@group-476BE848888C-StateMachineUpdater] INFO  impl.SimpleStateMachine4Testing (SimpleStateMachine4Testing.java:put(206)) - s0: put 57, m28 -> (t:1, i:57), STATEMACHINELOGENTRY, WRITE: logData.size=3, stateMachineData.size=17, logEntryProtoSerializedSize=0
2024-11-10 02:23:47,467 [s0@group-476BE848888C-StateMachineUpdater] INFO  impl.SimpleStateMachine4Testing (SimpleStateMachine4Testing.java:applyTransaction(250)) - applyTransaction for log index 59
2024-11-10 02:23:47,467 [s0@group-476BE848888C-StateMachineUpdater] INFO  impl.SimpleStateMachine4Testing (SimpleStateMachine4Testing.java:put(206)) - s0: put 59, m29 -> (t:1, i:59), STATEMACHINELOGENTRY, WRITE: logData.size=3, stateMachineData.size=17, logEntryProtoSerializedSize=0
2024-11-10 02:23:47,474 [s0@group-476BE848888C-StateMachineUpdater] INFO  impl.SimpleStateMachine4Testing (SimpleStateMachine4Testing.java:applyTransaction(250)) - applyTransaction for log index 61
2024-11-10 02:23:47,475 [s0@group-476BE848888C-StateMachineUpdater] INFO  impl.SimpleStateMachine4Testing (SimpleStateMachine4Testing.java:put(206)) - s0: put 61, m30 -> (t:1, i:61), STATEMACHINELOGENTRY, WRITE: logData.size=3, stateMachineData.size=17, logEntryProtoSerializedSize=0
2024-11-10 02:23:47,482 [s0@group-476BE848888C-StateMachineUpdater] INFO  impl.SimpleStateMachine4Testing (SimpleStateMachine4Testing.java:applyTransaction(250)) - applyTransaction for log index 63
2024-11-10 02:23:47,482 [s0@group-476BE848888C-StateMachineUpdater] INFO  impl.SimpleStateMachine4Testing (SimpleStateMachine4Testing.java:put(206)) - s0: put 63, m31 -> (t:1, i:63), STATEMACHINELOGENTRY, WRITE: logData.size=3, stateMachineData.size=17, logEntryProtoSerializedSize=0
2024-11-10 02:23:47,483 [s0@group-476BE848888C-StateMachineUpdater] TRACE util.FileUtils (LogUtils.java:runAndLog(49)) - Successfully ran Files.createDirectories /home/runner/work/ratis/ratis/ratis-test/target/test/data/e1a4608/MiniRaftClusterWithGrpce99f5d0d/s0/c896a275-db18-43bf-9a64-476be848888c/sm/snapshot
2024-11-10 02:23:47,483 [s0@group-476BE848888C-StateMachineUpdater] TRACE util.FileUtils (LogUtils.java:runAndLog(49)) - Successfully ran Files.createDirectories /home/runner/work/ratis/ratis/ratis-test/target/test/data/e1a4608/MiniRaftClusterWithGrpce99f5d0d/s0/c896a275-db18-43bf-9a64-476be848888c/sm/snapshot
2024-11-10 02:23:47,483 [s0@group-476BE848888C-StateMachineUpdater] TRACE util.FileUtils (LogUtils.java:runAndLog(49)) - Successfully ran Files.createDirectories /home/runner/work/ratis/ratis/ratis-test/target/test/data/e1a4608/MiniRaftClusterWithGrpce99f5d0d/s0/c896a275-db18-43bf-9a64-476be848888c/sm/snapshot/sub
2024-11-10 02:23:47,484 [s0@group-476BE848888C-StateMachineUpdater] TRACE util.FileUtils (LogUtils.java:supplyAndLog(69)) - Successfully supplied Files.newOutputStream /home/runner/work/ratis/ratis/ratis-test/target/test/data/e1a4608/MiniRaftClusterWithGrpce99f5d0d/s0/c896a275-db18-43bf-9a64-476be848888c/sm/snapshot/1.bin with options [CREATE_NEW]: java.nio.channels.Channels$1@e15e920
2024-11-10 02:23:47,484 [s0@group-476BE848888C-StateMachineUpdater] TRACE util.FileUtils (LogUtils.java:supplyAndLog(69)) - Successfully supplied Files.newOutputStream /home/runner/work/ratis/ratis/ratis-test/target/test/data/e1a4608/MiniRaftClusterWithGrpce99f5d0d/s0/c896a275-db18-43bf-9a64-476be848888c/sm/snapshot/sub/2.bin with options [CREATE_NEW]: java.nio.channels.Channels$1@7849f575
2024-11-10 02:23:47,487 [s0@group-476BE848888C-StateMachineUpdater] INFO  segmented.BufferedWriteChannel (BufferedWriteChannel.java:open(61)) - open snapshot.1_63 at position 0
2024-11-10 02:23:47,506 [s0@group-476BE848888C-StateMachineUpdater] TRACE util.FileUtils (LogUtils.java:supplyAndLog(69)) - Successfully supplied FileChannel.open /home/runner/work/ratis/ratis/ratis-test/target/test/data/e1a4608/MiniRaftClusterWithGrpce99f5d0d/s0/c896a275-db18-43bf-9a64-476be848888c/sm/snapshot.1_63 with options [READ]: sun.nio.ch.FileChannelImpl@6ace8681
2024-11-10 02:23:47,509 [s0@group-476BE848888C-StateMachineUpdater] TRACE util.FileUtils (LogUtils.java:supplyAndLog(69)) - Successfully supplied FileChannel.open /home/runner/work/ratis/ratis/ratis-test/target/test/data/e1a4608/MiniRaftClusterWithGrpce99f5d0d/s0/c896a275-db18-43bf-9a64-476be848888c/sm/snapshot.1_63.md5.tmp with options [CREATE, WRITE]: sun.nio.ch.FileChannelImpl@165292e6
2024-11-10 02:23:47,510 [s0@group-476BE848888C-StateMachineUpdater] TRACE util.FileUtils (LogUtils.java:runAndLog(49)) - Successfully ran Atomic Files.move /home/runner/work/ratis/ratis/ratis-test/target/test/data/e1a4608/MiniRaftClusterWithGrpce99f5d0d/s0/c896a275-db18-43bf-9a64-476be848888c/sm/snapshot.1_63.md5.tmp to /home/runner/work/ratis/ratis/ratis-test/target/test/data/e1a4608/MiniRaftClusterWithGrpce99f5d0d/s0/c896a275-db18-43bf-9a64-476be848888c/sm/snapshot.1_63.md5 with options [REPLACE_EXISTING]
2024-11-10 02:23:47,512 [s0@group-476BE848888C-StateMachineUpdater] INFO  impl.StateMachineUpdater (StateMachineUpdater.java:takeSnapshot(308)) - s0@group-476BE848888C-StateMachineUpdater: Took a snapshot at index 63
2024-11-10 02:23:47,512 [s0@group-476BE848888C-StateMachineUpdater] INFO  impl.StateMachineUpdater (StateMachineUpdater.java:lambda$new$0(102)) - s0@group-476BE848888C-StateMachineUpdater: snapshotIndex: updateIncreasingly -1 -> 63
2024-11-10 02:23:47,515 [s0@group-476BE848888C-StateMachineUpdater] INFO  raftlog.RaftLog (RaftLogBase.java:purge(329)) - s0@group-476BE848888C-SegmentedRaftLog: purge 63
2024-11-10 02:23:47,517 [s0@group-476BE848888C-StateMachineUpdater] INFO  raftlog.RaftLog (RaftLogBase.java:lambda$new$0(57)) - s0@group-476BE848888C-SegmentedRaftLog: snapshotIndex: updateIncreasingly -1 -> 63
2024-11-10 02:23:47,519 [s0@group-476BE848888C-StateMachineUpdater] INFO  raftlog.RaftLog (RaftLogBase.java:lambda$new$0(57)) - s0@group-476BE848888C-SegmentedRaftLog: purgeIndex: updateToMax old=-1, new=63, updated? true
2024-11-10 02:23:47,519 [s0@group-476BE848888C-StateMachineUpdater] INFO  impl.SimpleStateMachine4Testing (SimpleStateMachine4Testing.java:applyTransaction(250)) - applyTransaction for log index 65
2024-11-10 02:23:47,520 [s0@group-476BE848888C-StateMachineUpdater] INFO  impl.SimpleStateMachine4Testing (SimpleStateMachine4Testing.java:put(206)) - s0: put 65, m32 -> (t:1, i:65), STATEMACHINELOGENTRY, WRITE: logData.size=3, stateMachineData.size=17, logEntryProtoSerializedSize=0
2024-11-10 02:23:47,526 [s0@group-476BE848888C-StateMachineUpdater] INFO  impl.SimpleStateMachine4Testing (SimpleStateMachine4Testing.java:applyTransaction(250)) - applyTransaction for log index 67
2024-11-10 02:23:47,527 [s0@group-476BE848888C-StateMachineUpdater] INFO  impl.SimpleStateMachine4Testing (SimpleStateMachine4Testing.java:put(206)) - s0: put 67, m33 -> (t:1, i:67), STATEMACHINELOGENTRY, WRITE: logData.size=3, stateMachineData.size=17, logEntryProtoSerializedSize=0
2024-11-10 02:23:47,532 [s0@group-476BE848888C-StateMachineUpdater] INFO  impl.SimpleStateMachine4Testing (SimpleStateMachine4Testing.java:applyTransaction(250)) - applyTransaction for log index 69
2024-11-10 02:23:47,533 [s0@group-476BE848888C-StateMachineUpdater] INFO  impl.SimpleStateMachine4Testing (SimpleStateMachine4Testing.java:put(206)) - s0: put 69, m34 -> (t:1, i:69), STATEMACHINELOGENTRY, WRITE: logData.size=3, stateMachineData.size=17, logEntryProtoSerializedSize=0
2024-11-10 02:23:47,539 [s0@group-476BE848888C-StateMachineUpdater] INFO  impl.SimpleStateMachine4Testing (SimpleStateMachine4Testing.java:applyTransaction(250)) - applyTransaction for log index 71
2024-11-10 02:23:47,540 [s0@group-476BE848888C-StateMachineUpdater] INFO  impl.SimpleStateMachine4Testing (SimpleStateMachine4Testing.java:put(206)) - s0: put 71, m35 -> (t:1, i:71), STATEMACHINELOGENTRY, WRITE: logData.size=3, stateMachineData.size=17, logEntryProtoSerializedSize=0
2024-11-10 02:23:47,546 [s0@group-476BE848888C-StateMachineUpdater] INFO  impl.SimpleStateMachine4Testing (SimpleStateMachine4Testing.java:applyTransaction(250)) - applyTransaction for log index 73
2024-11-10 02:23:47,547 [s0@group-476BE848888C-StateMachineUpdater] INFO  impl.SimpleStateMachine4Testing (SimpleStateMachine4Testing.java:put(206)) - s0: put 73, m36 -> (t:1, i:73), STATEMACHINELOGENTRY, WRITE: logData.size=3, stateMachineData.size=17, logEntryProtoSerializedSize=0
2024-11-10 02:23:47,553 [s0@group-476BE848888C-StateMachineUpdater] INFO  impl.SimpleStateMachine4Testing (SimpleStateMachine4Testing.java:applyTransaction(250)) - applyTransaction for log index 75
2024-11-10 02:23:47,553 [s0@group-476BE848888C-StateMachineUpdater] INFO  impl.SimpleStateMachine4Testing (SimpleStateMachine4Testing.java:put(206)) - s0: put 75, m37 -> (t:1, i:75), STATEMACHINELOGENTRY, WRITE: logData.size=3, stateMachineData.size=17, logEntryProtoSerializedSize=0
2024-11-10 02:23:47,559 [s0@group-476BE848888C-StateMachineUpdater] INFO  impl.SimpleStateMachine4Testing (SimpleStateMachine4Testing.java:applyTransaction(250)) - applyTransaction for log index 77
2024-11-10 02:23:47,559 [s0@group-476BE848888C-StateMachineUpdater] INFO  impl.SimpleStateMachine4Testing (SimpleStateMachine4Testing.java:put(206)) - s0: put 77, m38 -> (t:1, i:77), STATEMACHINELOGENTRY, WRITE: logData.size=3, stateMachineData.size=17, logEntryProtoSerializedSize=0
2024-11-10 02:23:47,565 [s0@group-476BE848888C-StateMachineUpdater] INFO  impl.SimpleStateMachine4Testing (SimpleStateMachine4Testing.java:applyTransaction(250)) - applyTransaction for log index 79
2024-11-10 02:23:47,566 [s0@group-476BE848888C-StateMachineUpdater] INFO  impl.SimpleStateMachine4Testing (SimpleStateMachine4Testing.java:put(206)) - s0: put 79, m39 -> (t:1, i:79), STATEMACHINELOGENTRY, WRITE: logData.size=3, stateMachineData.size=17, logEntryProtoSerializedSize=0
2024-11-10 02:23:47,572 [s0@group-476BE848888C-StateMachineUpdater] INFO  impl.SimpleStateMachine4Testing (SimpleStateMachine4Testing.java:applyTransaction(250)) - applyTransaction for log index 81
2024-11-10 02:23:47,572 [s0@group-476BE848888C-StateMachineUpdater] INFO  impl.SimpleStateMachine4Testing (SimpleStateMachine4Testing.java:put(206)) - s0: put 81, m40 -> (t:1, i:81), STATEMACHINELOGENTRY, WRITE: logData.size=3, stateMachineData.size=17, logEntryProtoSerializedSize=0
2024-11-10 02:23:47,578 [s0@group-476BE848888C-StateMachineUpdater] INFO  impl.SimpleStateMachine4Testing (SimpleStateMachine4Testing.java:applyTransaction(250)) - applyTransaction for log index 83
2024-11-10 02:23:47,578 [s0@group-476BE848888C-StateMachineUpdater] INFO  impl.SimpleStateMachine4Testing (SimpleStateMachine4Testing.java:put(206)) - s0: put 83, m41 -> (t:1, i:83), STATEMACHINELOGENTRY, WRITE: logData.size=3, stateMachineData.size=17, logEntryProtoSerializedSize=0
2024-11-10 02:23:47,583 [s0@group-476BE848888C-StateMachineUpdater] INFO  impl.SimpleStateMachine4Testing (SimpleStateMachine4Testing.java:applyTransaction(250)) - applyTransaction for log index 85
2024-11-10 02:23:47,584 [s0@group-476BE848888C-StateMachineUpdater] INFO  impl.SimpleStateMachine4Testing (SimpleStateMachine4Testing.java:put(206)) - s0: put 85, m42 -> (t:1, i:85), STATEMACHINELOGENTRY, WRITE: logData.size=3, stateMachineData.size=17, logEntryProtoSerializedSize=0
2024-11-10 02:23:47,590 [s0@group-476BE848888C-StateMachineUpdater] INFO  impl.SimpleStateMachine4Testing (SimpleStateMachine4Testing.java:applyTransaction(250)) - applyTransaction for log index 87
2024-11-10 02:23:47,590 [s0@group-476BE848888C-StateMachineUpdater] INFO  impl.SimpleStateMachine4Testing (SimpleStateMachine4Testing.java:put(206)) - s0: put 87, m43 -> (t:1, i:87), STATEMACHINELOGENTRY, WRITE: logData.size=3, stateMachineData.size=17, logEntryProtoSerializedSize=0
2024-11-10 02:23:47,595 [s0@group-476BE848888C-StateMachineUpdater] INFO  impl.SimpleStateMachine4Testing (SimpleStateMachine4Testing.java:applyTransaction(250)) - applyTransaction for log index 89
2024-11-10 02:23:47,595 [s0@group-476BE848888C-StateMachineUpdater] INFO  impl.SimpleStateMachine4Testing (SimpleStateMachine4Testing.java:put(206)) - s0: put 89, m44 -> (t:1, i:89), STATEMACHINELOGENTRY, WRITE: logData.size=3, stateMachineData.size=17, logEntryProtoSerializedSize=0
2024-11-10 02:23:47,601 [s0@group-476BE848888C-StateMachineUpdater] INFO  impl.SimpleStateMachine4Testing (SimpleStateMachine4Testing.java:applyTransaction(250)) - applyTransaction for log index 91
2024-11-10 02:23:47,601 [s0@group-476BE848888C-StateMachineUpdater] INFO  impl.SimpleStateMachine4Testing (SimpleStateMachine4Testing.java:put(206)) - s0: put 91, m45 -> (t:1, i:91), STATEMACHINELOGENTRY, WRITE: logData.size=3, stateMachineData.size=17, logEntryProtoSerializedSize=0
2024-11-10 02:23:47,605 [s0@group-476BE848888C-StateMachineUpdater] INFO  impl.SimpleStateMachine4Testing (SimpleStateMachine4Testing.java:applyTransaction(250)) - applyTransaction for log index 93
2024-11-10 02:23:47,606 [s0@group-476BE848888C-StateMachineUpdater] INFO  impl.SimpleStateMachine4Testing (SimpleStateMachine4Testing.java:put(206)) - s0: put 93, m46 -> (t:1, i:93), STATEMACHINELOGENTRY, WRITE: logData.size=3, stateMachineData.size=17, logEntryProtoSerializedSize=0
2024-11-10 02:23:47,612 [s0@group-476BE848888C-StateMachineUpdater] INFO  impl.SimpleStateMachine4Testing (SimpleStateMachine4Testing.java:applyTransaction(250)) - applyTransaction for log index 95
2024-11-10 02:23:47,612 [s0@group-476BE848888C-StateMachineUpdater] INFO  impl.SimpleStateMachine4Testing (SimpleStateMachine4Testing.java:put(206)) - s0: put 95, m47 -> (t:1, i:95), STATEMACHINELOGENTRY, WRITE: logData.size=3, stateMachineData.size=17, logEntryProtoSerializedSize=0
2024-11-10 02:23:47,617 [s0@group-476BE848888C-StateMachineUpdater] INFO  impl.SimpleStateMachine4Testing (SimpleStateMachine4Testing.java:applyTransaction(250)) - applyTransaction for log index 97
2024-11-10 02:23:47,617 [s0@group-476BE848888C-StateMachineUpdater] INFO  impl.SimpleStateMachine4Testing (SimpleStateMachine4Testing.java:put(206)) - s0: put 97, m48 -> (t:1, i:97), STATEMACHINELOGENTRY, WRITE: logData.size=3, stateMachineData.size=17, logEntryProtoSerializedSize=0
2024-11-10 02:23:47,621 [s0@group-476BE848888C-StateMachineUpdater] INFO  impl.SimpleStateMachine4Testing (SimpleStateMachine4Testing.java:applyTransaction(250)) - applyTransaction for log index 99
2024-11-10 02:23:47,622 [s0@group-476BE848888C-StateMachineUpdater] INFO  impl.SimpleStateMachine4Testing (SimpleStateMachine4Testing.java:put(206)) - s0: put 99, m49 -> (t:1, i:99), STATEMACHINELOGENTRY, WRITE: logData.size=3, stateMachineData.size=17, logEntryProtoSerializedSize=0
2024-11-10 02:23:47,627 [s0@group-476BE848888C-StateMachineUpdater] INFO  impl.SimpleStateMachine4Testing (SimpleStateMachine4Testing.java:applyTransaction(250)) - applyTransaction for log index 101
2024-11-10 02:23:47,627 [s0@group-476BE848888C-StateMachineUpdater] INFO  impl.SimpleStateMachine4Testing (SimpleStateMachine4Testing.java:put(206)) - s0: put 101, m50 -> (t:1, i:101), STATEMACHINELOGENTRY, WRITE: logData.size=3, stateMachineData.size=17, logEntryProtoSerializedSize=0
2024-11-10 02:23:47,632 [s0@group-476BE848888C-StateMachineUpdater] INFO  impl.SimpleStateMachine4Testing (SimpleStateMachine4Testing.java:applyTransaction(250)) - applyTransaction for log index 103
2024-11-10 02:23:47,632 [s0@group-476BE848888C-StateMachineUpdater] INFO  impl.SimpleStateMachine4Testing (SimpleStateMachine4Testing.java:put(206)) - s0: put 103, m51 -> (t:1, i:103), STATEMACHINELOGENTRY, WRITE: logData.size=3, stateMachineData.size=17, logEntryProtoSerializedSize=0
2024-11-10 02:23:47,638 [s0@group-476BE848888C-StateMachineUpdater] INFO  impl.SimpleStateMachine4Testing (SimpleStateMachine4Testing.java:applyTransaction(250)) - applyTransaction for log index 105
2024-11-10 02:23:47,639 [s0@group-476BE848888C-StateMachineUpdater] INFO  impl.SimpleStateMachine4Testing (SimpleStateMachine4Testing.java:put(206)) - s0: put 105, m52 -> (t:1, i:105), STATEMACHINELOGENTRY, WRITE: logData.size=3, stateMachineData.size=17, logEntryProtoSerializedSize=0
2024-11-10 02:23:47,644 [s0@group-476BE848888C-StateMachineUpdater] INFO  impl.SimpleStateMachine4Testing (SimpleStateMachine4Testing.java:applyTransaction(250)) - applyTransaction for log index 107
2024-11-10 02:23:47,645 [s0@group-476BE848888C-StateMachineUpdater] INFO  impl.SimpleStateMachine4Testing (SimpleStateMachine4Testing.java:put(206)) - s0: put 107, m53 -> (t:1, i:107), STATEMACHINELOGENTRY, WRITE: logData.size=3, stateMachineData.size=17, logEntryProtoSerializedSize=0
2024-11-10 02:23:47,649 [s0@group-476BE848888C-StateMachineUpdater] INFO  impl.SimpleStateMachine4Testing (SimpleStateMachine4Testing.java:applyTransaction(250)) - applyTransaction for log index 109
2024-11-10 02:23:47,650 [s0@group-476BE848888C-StateMachineUpdater] INFO  impl.SimpleStateMachine4Testing (SimpleStateMachine4Testing.java:put(206)) - s0: put 109, m54 -> (t:1, i:109), STATEMACHINELOGENTRY, WRITE: logData.size=3, stateMachineData.size=17, logEntryProtoSerializedSize=0
2024-11-10 02:23:47,655 [s0@group-476BE848888C-StateMachineUpdater] INFO  impl.SimpleStateMachine4Testing (SimpleStateMachine4Testing.java:applyTransaction(250)) - applyTransaction for log index 111
2024-11-10 02:23:47,656 [s0@group-476BE848888C-StateMachineUpdater] INFO  impl.SimpleStateMachine4Testing (SimpleStateMachine4Testing.java:put(206)) - s0: put 111, m55 -> (t:1, i:111), STATEMACHINELOGENTRY, WRITE: logData.size=3, stateMachineData.size=17, logEntryProtoSerializedSize=0
2024-11-10 02:23:47,661 [s0@group-476BE848888C-StateMachineUpdater] INFO  impl.SimpleStateMachine4Testing (SimpleStateMachine4Testing.java:applyTransaction(250)) - applyTransaction for log index 113
2024-11-10 02:23:47,661 [s0@group-476BE848888C-StateMachineUpdater] INFO  impl.SimpleStateMachine4Testing (SimpleStateMachine4Testing.java:put(206)) - s0: put 113, m56 -> (t:1, i:113), STATEMACHINELOGENTRY, WRITE: logData.size=3, stateMachineData.size=17, logEntryProtoSerializedSize=0
2024-11-10 02:23:47,666 [s0@group-476BE848888C-StateMachineUpdater] INFO  impl.SimpleStateMachine4Testing (SimpleStateMachine4Testing.java:applyTransaction(250)) - applyTransaction for log index 115
2024-11-10 02:23:47,666 [s0@group-476BE848888C-StateMachineUpdater] INFO  impl.SimpleStateMachine4Testing (SimpleStateMachine4Testing.java:put(206)) - s0: put 115, m57 -> (t:1, i:115), STATEMACHINELOGENTRY, WRITE: logData.size=3, stateMachineData.size=17, logEntryProtoSerializedSize=0
2024-11-10 02:23:47,671 [s0@group-476BE848888C-StateMachineUpdater] INFO  impl.SimpleStateMachine4Testing (SimpleStateMachine4Testing.java:applyTransaction(250)) - applyTransaction for log index 117
2024-11-10 02:23:47,671 [s0@group-476BE848888C-StateMachineUpdater] INFO  impl.SimpleStateMachine4Testing (SimpleStateMachine4Testing.java:put(206)) - s0: put 117, m58 -> (t:1, i:117), STATEMACHINELOGENTRY, WRITE: logData.size=3, stateMachineData.size=17, logEntryProtoSerializedSize=0
2024-11-10 02:23:47,676 [s0@group-476BE848888C-StateMachineUpdater] INFO  impl.SimpleStateMachine4Testing (SimpleStateMachine4Testing.java:applyTransaction(250)) - applyTransaction for log index 119
2024-11-10 02:23:47,676 [s0@group-476BE848888C-StateMachineUpdater] INFO  impl.SimpleStateMachine4Testing (SimpleStateMachine4Testing.java:put(206)) - s0: put 119, m59 -> (t:1, i:119), STATEMACHINELOGENTRY, WRITE: logData.size=3, stateMachineData.size=17, logEntryProtoSerializedSize=0
2024-11-10 02:23:47,682 [s0@group-476BE848888C-StateMachineUpdater] INFO  impl.SimpleStateMachine4Testing (SimpleStateMachine4Testing.java:applyTransaction(250)) - applyTransaction for log index 121
2024-11-10 02:23:47,683 [s0@group-476BE848888C-StateMachineUpdater] INFO  impl.SimpleStateMachine4Testing (SimpleStateMachine4Testing.java:put(206)) - s0: put 121, m60 -> (t:1, i:121), STATEMACHINELOGENTRY, WRITE: logData.size=3, stateMachineData.size=17, logEntryProtoSerializedSize=0
2024-11-10 02:23:47,687 [s0@group-476BE848888C-StateMachineUpdater] INFO  impl.SimpleStateMachine4Testing (SimpleStateMachine4Testing.java:applyTransaction(250)) - applyTransaction for log index 123
2024-11-10 02:23:47,688 [s0@group-476BE848888C-StateMachineUpdater] INFO  impl.SimpleStateMachine4Testing (SimpleStateMachine4Testing.java:put(206)) - s0: put 123, m61 -> (t:1, i:123), STATEMACHINELOGENTRY, WRITE: logData.size=3, stateMachineData.size=17, logEntryProtoSerializedSize=0
2024-11-10 02:23:47,692 [s0@group-476BE848888C-StateMachineUpdater] INFO  impl.SimpleStateMachine4Testing (SimpleStateMachine4Testing.java:applyTransaction(250)) - applyTransaction for log index 125
2024-11-10 02:23:47,692 [s0@group-476BE848888C-StateMachineUpdater] INFO  impl.SimpleStateMachine4Testing (SimpleStateMachine4Testing.java:put(206)) - s0: put 125, m62 -> (t:1, i:125), STATEMACHINELOGENTRY, WRITE: logData.size=3, stateMachineData.size=17, logEntryProtoSerializedSize=0
2024-11-10 02:23:47,699 [s0@group-476BE848888C-StateMachineUpdater] INFO  impl.SimpleStateMachine4Testing (SimpleStateMachine4Testing.java:applyTransaction(250)) - applyTransaction for log index 127
2024-11-10 02:23:47,699 [s0@group-476BE848888C-StateMachineUpdater] INFO  impl.SimpleStateMachine4Testing (SimpleStateMachine4Testing.java:put(206)) - s0: put 127, m63 -> (t:1, i:127), STATEMACHINELOGENTRY, WRITE: logData.size=3, stateMachineData.size=17, logEntryProtoSerializedSize=0
2024-11-10 02:23:47,701 [s0@group-476BE848888C-StateMachineUpdater] INFO  segmented.BufferedWriteChannel (BufferedWriteChannel.java:open(61)) - open snapshot.1_127 at position 0
2024-11-10 02:23:47,719 [s0@group-476BE848888C-StateMachineUpdater] TRACE util.FileUtils (LogUtils.java:supplyAndLog(69)) - Successfully supplied FileChannel.open /home/runner/work/ratis/ratis/ratis-test/target/test/data/e1a4608/MiniRaftClusterWithGrpce99f5d0d/s0/c896a275-db18-43bf-9a64-476be848888c/sm/snapshot.1_127 with options [READ]: sun.nio.ch.FileChannelImpl@6f3379d1
2024-11-10 02:23:47,720 [s0@group-476BE848888C-StateMachineUpdater] TRACE util.FileUtils (LogUtils.java:supplyAndLog(69)) - Successfully supplied FileChannel.open /home/runner/work/ratis/ratis/ratis-test/target/test/data/e1a4608/MiniRaftClusterWithGrpce99f5d0d/s0/c896a275-db18-43bf-9a64-476be848888c/sm/snapshot.1_127.md5.tmp with options [CREATE, WRITE]: sun.nio.ch.FileChannelImpl@13b79218
2024-11-10 02:23:47,721 [s0@group-476BE848888C-StateMachineUpdater] TRACE util.FileUtils (LogUtils.java:runAndLog(49)) - Successfully ran Atomic Files.move /home/runner/work/ratis/ratis/ratis-test/target/test/data/e1a4608/MiniRaftClusterWithGrpce99f5d0d/s0/c896a275-db18-43bf-9a64-476be848888c/sm/snapshot.1_127.md5.tmp to /home/runner/work/ratis/ratis/ratis-test/target/test/data/e1a4608/MiniRaftClusterWithGrpce99f5d0d/s0/c896a275-db18-43bf-9a64-476be848888c/sm/snapshot.1_127.md5 with options [REPLACE_EXISTING]
2024-11-10 02:23:47,721 [s0@group-476BE848888C-StateMachineUpdater] INFO  impl.StateMachineUpdater (StateMachineUpdater.java:takeSnapshot(308)) - s0@group-476BE848888C-StateMachineUpdater: Took a snapshot at index 127
2024-11-10 02:23:47,721 [s0@group-476BE848888C-StateMachineUpdater] INFO  impl.StateMachineUpdater (StateMachineUpdater.java:lambda$new$0(102)) - s0@group-476BE848888C-StateMachineUpdater: snapshotIndex: updateIncreasingly 63 -> 127
2024-11-10 02:23:47,722 [s0@group-476BE848888C-StateMachineUpdater] INFO  raftlog.RaftLog (RaftLogBase.java:purge(329)) - s0@group-476BE848888C-SegmentedRaftLog: purge 127
2024-11-10 02:23:47,722 [s0@group-476BE848888C-StateMachineUpdater] INFO  raftlog.RaftLog (RaftLogBase.java:lambda$new$0(57)) - s0@group-476BE848888C-SegmentedRaftLog: snapshotIndex: updateIncreasingly 63 -> 127
2024-11-10 02:23:47,722 [s0@group-476BE848888C-StateMachineUpdater] INFO  raftlog.RaftLog (RaftLogBase.java:lambda$new$0(57)) - s0@group-476BE848888C-SegmentedRaftLog: purgeIndex: updateToMax old=63, new=127, updated? true
2024-11-10 02:23:47,722 [s0@group-476BE848888C-StateMachineUpdater] INFO  impl.SimpleStateMachine4Testing (SimpleStateMachine4Testing.java:applyTransaction(250)) - applyTransaction for log index 129
2024-11-10 02:23:47,723 [s0@group-476BE848888C-StateMachineUpdater] INFO  impl.SimpleStateMachine4Testing (SimpleStateMachine4Testing.java:put(206)) - s0: put 129, m64 -> (t:1, i:129), STATEMACHINELOGENTRY, WRITE: logData.size=3, stateMachineData.size=17, logEntryProtoSerializedSize=0
2024-11-10 02:23:47,729 [s0@group-476BE848888C-StateMachineUpdater] INFO  impl.SimpleStateMachine4Testing (SimpleStateMachine4Testing.java:applyTransaction(250)) - applyTransaction for log index 131
2024-11-10 02:23:47,729 [s0@group-476BE848888C-StateMachineUpdater] INFO  impl.SimpleStateMachine4Testing (SimpleStateMachine4Testing.java:put(206)) - s0: put 131, m65 -> (t:1, i:131), STATEMACHINELOGENTRY, WRITE: logData.size=3, stateMachineData.size=17, logEntryProtoSerializedSize=0
2024-11-10 02:23:47,733 [s0@group-476BE848888C-StateMachineUpdater] INFO  impl.SimpleStateMachine4Testing (SimpleStateMachine4Testing.java:applyTransaction(250)) - applyTransaction for log index 133
2024-11-10 02:23:47,734 [s0@group-476BE848888C-StateMachineUpdater] INFO  impl.SimpleStateMachine4Testing (SimpleStateMachine4Testing.java:put(206)) - s0: put 133, m66 -> (t:1, i:133), STATEMACHINELOGENTRY, WRITE: logData.size=3, stateMachineData.size=17, logEntryProtoSerializedSize=0
2024-11-10 02:23:47,738 [s0@group-476BE848888C-StateMachineUpdater] INFO  impl.SimpleStateMachine4Testing (SimpleStateMachine4Testing.java:applyTransaction(250)) - applyTransaction for log index 135
2024-11-10 02:23:47,738 [s0@group-476BE848888C-StateMachineUpdater] INFO  impl.SimpleStateMachine4Testing (SimpleStateMachine4Testing.java:put(206)) - s0: put 135, m67 -> (t:1, i:135), STATEMACHINELOGENTRY, WRITE: logData.size=3, stateMachineData.size=17, logEntryProtoSerializedSize=0
2024-11-10 02:23:47,743 [s0@group-476BE848888C-StateMachineUpdater] INFO  impl.SimpleStateMachine4Testing (SimpleStateMachine4Testing.java:applyTransaction(250)) - applyTransaction for log index 137
2024-11-10 02:23:47,744 [s0@group-476BE848888C-StateMachineUpdater] INFO  impl.SimpleStateMachine4Testing (SimpleStateMachine4Testing.java:put(206)) - s0: put 137, m68 -> (t:1, i:137), STATEMACHINELOGENTRY, WRITE: logData.size=3, stateMachineData.size=17, logEntryProtoSerializedSize=0
2024-11-10 02:23:47,748 [s0@group-476BE848888C-StateMachineUpdater] INFO  impl.SimpleStateMachine4Testing (SimpleStateMachine4Testing.java:applyTransaction(250)) - applyTransaction for log index 139
2024-11-10 02:23:47,748 [s0@group-476BE848888C-StateMachineUpdater] INFO  impl.SimpleStateMachine4Testing (SimpleStateMachine4Testing.java:put(206)) - s0: put 139, m69 -> (t:1, i:139), STATEMACHINELOGENTRY, WRITE: logData.size=3, stateMachineData.size=17, logEntryProtoSerializedSize=0
2024-11-10 02:23:47,753 [s0@group-476BE848888C-StateMachineUpdater] INFO  impl.SimpleStateMachine4Testing (SimpleStateMachine4Testing.java:applyTransaction(250)) - applyTransaction for log index 141
2024-11-10 02:23:47,753 [s0@group-476BE848888C-StateMachineUpdater] INFO  impl.SimpleStateMachine4Testing (SimpleStateMachine4Testing.java:put(206)) - s0: put 141, m70 -> (t:1, i:141), STATEMACHINELOGENTRY, WRITE: logData.size=3, stateMachineData.size=17, logEntryProtoSerializedSize=0
2024-11-10 02:23:47,758 [s0@group-476BE848888C-StateMachineUpdater] INFO  impl.SimpleStateMachine4Testing (SimpleStateMachine4Testing.java:applyTransaction(250)) - applyTransaction for log index 143
2024-11-10 02:23:47,758 [s0@group-476BE848888C-StateMachineUpdater] INFO  impl.SimpleStateMachine4Testing (SimpleStateMachine4Testing.java:put(206)) - s0: put 143, m71 -> (t:1, i:143), STATEMACHINELOGENTRY, WRITE: logData.size=3, stateMachineData.size=17, logEntryProtoSerializedSize=0
2024-11-10 02:23:47,762 [s0@group-476BE848888C-StateMachineUpdater] INFO  impl.SimpleStateMachine4Testing (SimpleStateMachine4Testing.java:applyTransaction(250)) - applyTransaction for log index 145
2024-11-10 02:23:47,762 [s0@group-476BE848888C-StateMachineUpdater] INFO  impl.SimpleStateMachine4Testing (SimpleStateMachine4Testing.java:put(206)) - s0: put 145, m72 -> (t:1, i:145), STATEMACHINELOGENTRY, WRITE: logData.size=3, stateMachineData.size=17, logEntryProtoSerializedSize=0
2024-11-10 02:23:47,766 [s0@group-476BE848888C-StateMachineUpdater] INFO  impl.SimpleStateMachine4Testing (SimpleStateMachine4Testing.java:applyTransaction(250)) - applyTransaction for log index 147
2024-11-10 02:23:47,767 [s0@group-476BE848888C-StateMachineUpdater] INFO  impl.SimpleStateMachine4Testing (SimpleStateMachine4Testing.java:put(206)) - s0: put 147, m73 -> (t:1, i:147), STATEMACHINELOGENTRY, WRITE: logData.size=3, stateMachineData.size=17, logEntryProtoSerializedSize=0
2024-11-10 02:23:47,771 [s0@group-476BE848888C-StateMachineUpdater] INFO  impl.SimpleStateMachine4Testing (SimpleStateMachine4Testing.java:applyTransaction(250)) - applyTransaction for log index 149
2024-11-10 02:23:47,771 [s0@group-476BE848888C-StateMachineUpdater] INFO  impl.SimpleStateMachine4Testing (SimpleStateMachine4Testing.java:put(206)) - s0: put 149, m74 -> (t:1, i:149), STATEMACHINELOGENTRY, WRITE: logData.size=3, stateMachineData.size=17, logEntryProtoSerializedSize=0
2024-11-10 02:23:47,777 [s0@group-476BE848888C-StateMachineUpdater] INFO  impl.SimpleStateMachine4Testing (SimpleStateMachine4Testing.java:applyTransaction(250)) - applyTransaction for log index 151
2024-11-10 02:23:47,777 [s0@group-476BE848888C-StateMachineUpdater] INFO  impl.SimpleStateMachine4Testing (SimpleStateMachine4Testing.java:put(206)) - s0: put 151, m75 -> (t:1, i:151), STATEMACHINELOGENTRY, WRITE: logData.size=3, stateMachineData.size=17, logEntryProtoSerializedSize=0
2024-11-10 02:23:47,782 [s0@group-476BE848888C-StateMachineUpdater] INFO  impl.SimpleStateMachine4Testing (SimpleStateMachine4Testing.java:applyTransaction(250)) - applyTransaction for log index 153
2024-11-10 02:23:47,783 [s0@group-476BE848888C-StateMachineUpdater] INFO  impl.SimpleStateMachine4Testing (SimpleStateMachine4Testing.java:put(206)) - s0: put 153, m76 -> (t:1, i:153), STATEMACHINELOGENTRY, WRITE: logData.size=3, stateMachineData.size=17, logEntryProtoSerializedSize=0
2024-11-10 02:23:47,787 [s0@group-476BE848888C-StateMachineUpdater] INFO  impl.SimpleStateMachine4Testing (SimpleStateMachine4Testing.java:applyTransaction(250)) - applyTransaction for log index 155
2024-11-10 02:23:47,788 [s0@group-476BE848888C-StateMachineUpdater] INFO  impl.SimpleStateMachine4Testing (SimpleStateMachine4Testing.java:put(206)) - s0: put 155, m77 -> (t:1, i:155), STATEMACHINELOGENTRY, WRITE: logData.size=3, stateMachineData.size=17, logEntryProtoSerializedSize=0
2024-11-10 02:23:47,792 [s0@group-476BE848888C-StateMachineUpdater] INFO  impl.SimpleStateMachine4Testing (SimpleStateMachine4Testing.java:applyTransaction(250)) - applyTransaction for log index 157
2024-11-10 02:23:47,792 [s0@group-476BE848888C-StateMachineUpdater] INFO  impl.SimpleStateMachine4Testing (SimpleStateMachine4Testing.java:put(206)) - s0: put 157, m78 -> (t:1, i:157), STATEMACHINELOGENTRY, WRITE: logData.size=3, stateMachineData.size=17, logEntryProtoSerializedSize=0
2024-11-10 02:23:47,797 [s0@group-476BE848888C-StateMachineUpdater] INFO  impl.SimpleStateMachine4Testing (SimpleStateMachine4Testing.java:applyTransaction(250)) - applyTransaction for log index 159
2024-11-10 02:23:47,797 [s0@group-476BE848888C-StateMachineUpdater] INFO  impl.SimpleStateMachine4Testing (SimpleStateMachine4Testing.java:put(206)) - s0: put 159, m79 -> (t:1, i:159), STATEMACHINELOGENTRY, WRITE: logData.size=3, stateMachineData.size=17, logEntryProtoSerializedSize=0
2024-11-10 02:23:47,802 [s0@group-476BE848888C-StateMachineUpdater] INFO  impl.SimpleStateMachine4Testing (SimpleStateMachine4Testing.java:applyTransaction(250)) - applyTransaction for log index 161
2024-11-10 02:23:47,802 [s0@group-476BE848888C-StateMachineUpdater] INFO  impl.SimpleStateMachine4Testing (SimpleStateMachine4Testing.java:put(206)) - s0: put 161, m80 -> (t:1, i:161), STATEMACHINELOGENTRY, WRITE: logData.size=3, stateMachineData.size=17, logEntryProtoSerializedSize=0
2024-11-10 02:23:47,807 [s0@group-476BE848888C-StateMachineUpdater] INFO  impl.SimpleStateMachine4Testing (SimpleStateMachine4Testing.java:applyTransaction(250)) - applyTransaction for log index 163
2024-11-10 02:23:47,807 [s0@group-476BE848888C-StateMachineUpdater] INFO  impl.SimpleStateMachine4Testing (SimpleStateMachine4Testing.java:put(206)) - s0: put 163, m81 -> (t:1, i:163), STATEMACHINELOGENTRY, WRITE: logData.size=3, stateMachineData.size=17, logEntryProtoSerializedSize=0
2024-11-10 02:23:47,812 [s0@group-476BE848888C-StateMachineUpdater] INFO  impl.SimpleStateMachine4Testing (SimpleStateMachine4Testing.java:applyTransaction(250)) - applyTransaction for log index 165
2024-11-10 02:23:47,812 [s0@group-476BE848888C-StateMachineUpdater] INFO  impl.SimpleStateMachine4Testing (SimpleStateMachine4Testing.java:put(206)) - s0: put 165, m82 -> (t:1, i:165), STATEMACHINELOGENTRY, WRITE: logData.size=3, stateMachineData.size=17, logEntryProtoSerializedSize=0
2024-11-10 02:23:47,817 [s0@group-476BE848888C-StateMachineUpdater] INFO  impl.SimpleStateMachine4Testing (SimpleStateMachine4Testing.java:applyTransaction(250)) - applyTransaction for log index 167
2024-11-10 02:23:47,817 [s0@group-476BE848888C-StateMachineUpdater] INFO  impl.SimpleStateMachine4Testing (SimpleStateMachine4Testing.java:put(206)) - s0: put 167, m83 -> (t:1, i:167), STATEMACHINELOGENTRY, WRITE: logData.size=3, stateMachineData.size=17, logEntryProtoSerializedSize=0
2024-11-10 02:23:47,824 [s0@group-476BE848888C-StateMachineUpdater] INFO  impl.SimpleStateMachine4Testing (SimpleStateMachine4Testing.java:applyTransaction(250)) - applyTransaction for log index 169
2024-11-10 02:23:47,824 [s0@group-476BE848888C-StateMachineUpdater] INFO  impl.SimpleStateMachine4Testing (SimpleStateMachine4Testing.java:put(206)) - s0: put 169, m84 -> (t:1, i:169), STATEMACHINELOGENTRY, WRITE: logData.size=3, stateMachineData.size=17, logEntryProtoSerializedSize=0
2024-11-10 02:23:47,829 [s0@group-476BE848888C-StateMachineUpdater] INFO  impl.SimpleStateMachine4Testing (SimpleStateMachine4Testing.java:applyTransaction(250)) - applyTransaction for log index 171
2024-11-10 02:23:47,830 [s0@group-476BE848888C-StateMachineUpdater] INFO  impl.SimpleStateMachine4Testing (SimpleStateMachine4Testing.java:put(206)) - s0: put 171, m85 -> (t:1, i:171), STATEMACHINELOGENTRY, WRITE: logData.size=3, stateMachineData.size=17, logEntryProtoSerializedSize=0
2024-11-10 02:23:47,834 [s0@group-476BE848888C-StateMachineUpdater] INFO  impl.SimpleStateMachine4Testing (SimpleStateMachine4Testing.java:applyTransaction(250)) - applyTransaction for log index 173
2024-11-10 02:23:47,834 [s0@group-476BE848888C-StateMachineUpdater] INFO  impl.SimpleStateMachine4Testing (SimpleStateMachine4Testing.java:put(206)) - s0: put 173, m86 -> (t:1, i:173), STATEMACHINELOGENTRY, WRITE: logData.size=3, stateMachineData.size=17, logEntryProtoSerializedSize=0
2024-11-10 02:23:47,838 [s0@group-476BE848888C-StateMachineUpdater] INFO  impl.SimpleStateMachine4Testing (SimpleStateMachine4Testing.java:applyTransaction(250)) - applyTransaction for log index 175
2024-11-10 02:23:47,838 [s0@group-476BE848888C-StateMachineUpdater] INFO  impl.SimpleStateMachine4Testing (SimpleStateMachine4Testing.java:put(206)) - s0: put 175, m87 -> (t:1, i:175), STATEMACHINELOGENTRY, WRITE: logData.size=3, stateMachineData.size=17, logEntryProtoSerializedSize=0
2024-11-10 02:23:47,843 [s0@group-476BE848888C-StateMachineUpdater] INFO  impl.SimpleStateMachine4Testing (SimpleStateMachine4Testing.java:applyTransaction(250)) - applyTransaction for log index 177
2024-11-10 02:23:47,843 [s0@group-476BE848888C-StateMachineUpdater] INFO  impl.SimpleStateMachine4Testing (SimpleStateMachine4Testing.java:put(206)) - s0: put 177, m88 -> (t:1, i:177), STATEMACHINELOGENTRY, WRITE: logData.size=3, stateMachineData.size=17, logEntryProtoSerializedSize=0
2024-11-10 02:23:47,847 [s0@group-476BE848888C-StateMachineUpdater] INFO  impl.SimpleStateMachine4Testing (SimpleStateMachine4Testing.java:applyTransaction(250)) - applyTransaction for log index 179
2024-11-10 02:23:47,847 [s0@group-476BE848888C-StateMachineUpdater] INFO  impl.SimpleStateMachine4Testing (SimpleStateMachine4Testing.java:put(206)) - s0: put 179, m89 -> (t:1, i:179), STATEMACHINELOGENTRY, WRITE: logData.size=3, stateMachineData.size=17, logEntryProtoSerializedSize=0
2024-11-10 02:23:47,852 [s0@group-476BE848888C-StateMachineUpdater] INFO  impl.SimpleStateMachine4Testing (SimpleStateMachine4Testing.java:applyTransaction(250)) - applyTransaction for log index 181
2024-11-10 02:23:47,852 [s0@group-476BE848888C-StateMachineUpdater] INFO  impl.SimpleStateMachine4Testing (SimpleStateMachine4Testing.java:put(206)) - s0: put 181, m90 -> (t:1, i:181), STATEMACHINELOGENTRY, WRITE: logData.size=3, stateMachineData.size=17, logEntryProtoSerializedSize=0
2024-11-10 02:23:47,857 [s0@group-476BE848888C-StateMachineUpdater] INFO  impl.SimpleStateMachine4Testing (SimpleStateMachine4Testing.java:applyTransaction(250)) - applyTransaction for log index 183
2024-11-10 02:23:47,857 [s0@group-476BE848888C-StateMachineUpdater] INFO  impl.SimpleStateMachine4Testing (SimpleStateMachine4Testing.java:put(206)) - s0: put 183, m91 -> (t:1, i:183), STATEMACHINELOGENTRY, WRITE: logData.size=3, stateMachineData.size=17, logEntryProtoSerializedSize=0
2024-11-10 02:23:47,865 [s0@group-476BE848888C-StateMachineUpdater] INFO  impl.SimpleStateMachine4Testing (SimpleStateMachine4Testing.java:applyTransaction(250)) - applyTransaction for log index 185
2024-11-10 02:23:47,865 [s0@group-476BE848888C-StateMachineUpdater] INFO  impl.SimpleStateMachine4Testing (SimpleStateMachine4Testing.java:put(206)) - s0: put 185, m92 -> (t:1, i:185), STATEMACHINELOGENTRY, WRITE: logData.size=3, stateMachineData.size=17, logEntryProtoSerializedSize=0
2024-11-10 02:23:47,869 [s0@group-476BE848888C-StateMachineUpdater] INFO  impl.SimpleStateMachine4Testing (SimpleStateMachine4Testing.java:applyTransaction(250)) - applyTransaction for log index 187
2024-11-10 02:23:47,870 [s0@group-476BE848888C-StateMachineUpdater] INFO  impl.SimpleStateMachine4Testing (SimpleStateMachine4Testing.java:put(206)) - s0: put 187, m93 -> (t:1, i:187), STATEMACHINELOGENTRY, WRITE: logData.size=3, stateMachineData.size=17, logEntryProtoSerializedSize=0
2024-11-10 02:23:47,874 [s0@group-476BE848888C-StateMachineUpdater] INFO  impl.SimpleStateMachine4Testing (SimpleStateMachine4Testing.java:applyTransaction(250)) - applyTransaction for log index 189
2024-11-10 02:23:47,874 [s0@group-476BE848888C-StateMachineUpdater] INFO  impl.SimpleStateMachine4Testing (SimpleStateMachine4Testing.java:put(206)) - s0: put 189, m94 -> (t:1, i:189), STATEMACHINELOGENTRY, WRITE: logData.size=3, stateMachineData.size=17, logEntryProtoSerializedSize=0
2024-11-10 02:23:47,878 [s0@group-476BE848888C-StateMachineUpdater] INFO  impl.SimpleStateMachine4Testing (SimpleStateMachine4Testing.java:applyTransaction(250)) - applyTransaction for log index 191
2024-11-10 02:23:47,878 [s0@group-476BE848888C-StateMachineUpdater] INFO  impl.SimpleStateMachine4Testing (SimpleStateMachine4Testing.java:put(206)) - s0: put 191, m95 -> (t:1, i:191), STATEMACHINELOGENTRY, WRITE: logData.size=3, stateMachineData.size=17, logEntryProtoSerializedSize=0
2024-11-10 02:23:47,880 [s0@group-476BE848888C-StateMachineUpdater] INFO  segmented.BufferedWriteChannel (BufferedWriteChannel.java:open(61)) - open snapshot.1_191 at position 0
2024-11-10 02:23:47,894 [s0@group-476BE848888C-StateMachineUpdater] TRACE util.FileUtils (LogUtils.java:supplyAndLog(69)) - Successfully supplied FileChannel.open /home/runner/work/ratis/ratis/ratis-test/target/test/data/e1a4608/MiniRaftClusterWithGrpce99f5d0d/s0/c896a275-db18-43bf-9a64-476be848888c/sm/snapshot.1_191 with options [READ]: sun.nio.ch.FileChannelImpl@9d4ecbb
2024-11-10 02:23:47,895 [s0@group-476BE848888C-StateMachineUpdater] TRACE util.FileUtils (LogUtils.java:supplyAndLog(69)) - Successfully supplied FileChannel.open /home/runner/work/ratis/ratis/ratis-test/target/test/data/e1a4608/MiniRaftClusterWithGrpce99f5d0d/s0/c896a275-db18-43bf-9a64-476be848888c/sm/snapshot.1_191.md5.tmp with options [CREATE, WRITE]: sun.nio.ch.FileChannelImpl@7709fdbf
2024-11-10 02:23:47,896 [s0@group-476BE848888C-StateMachineUpdater] TRACE util.FileUtils (LogUtils.java:runAndLog(49)) - Successfully ran Atomic Files.move /home/runner/work/ratis/ratis/ratis-test/target/test/data/e1a4608/MiniRaftClusterWithGrpce99f5d0d/s0/c896a275-db18-43bf-9a64-476be848888c/sm/snapshot.1_191.md5.tmp to /home/runner/work/ratis/ratis/ratis-test/target/test/data/e1a4608/MiniRaftClusterWithGrpce99f5d0d/s0/c896a275-db18-43bf-9a64-476be848888c/sm/snapshot.1_191.md5 with options [REPLACE_EXISTING]
2024-11-10 02:23:47,897 [s0@group-476BE848888C-StateMachineUpdater] INFO  impl.StateMachineUpdater (StateMachineUpdater.java:takeSnapshot(308)) - s0@group-476BE848888C-StateMachineUpdater: Took a snapshot at index 191
2024-11-10 02:23:47,897 [s0@group-476BE848888C-StateMachineUpdater] INFO  impl.StateMachineUpdater (StateMachineUpdater.java:lambda$new$0(102)) - s0@group-476BE848888C-StateMachineUpdater: snapshotIndex: updateIncreasingly 127 -> 191
2024-11-10 02:23:47,897 [s0@group-476BE848888C-StateMachineUpdater] INFO  raftlog.RaftLog (RaftLogBase.java:purge(329)) - s0@group-476BE848888C-SegmentedRaftLog: purge 191
2024-11-10 02:23:47,897 [s0@group-476BE848888C-StateMachineUpdater] INFO  raftlog.RaftLog (RaftLogBase.java:lambda$new$0(57)) - s0@group-476BE848888C-SegmentedRaftLog: snapshotIndex: updateIncreasingly 127 -> 191
2024-11-10 02:23:47,897 [s0@group-476BE848888C-StateMachineUpdater] INFO  raftlog.RaftLog (RaftLogBase.java:lambda$new$0(57)) - s0@group-476BE848888C-SegmentedRaftLog: purgeIndex: updateToMax old=127, new=191, updated? true
2024-11-10 02:23:47,898 [s0@group-476BE848888C-StateMachineUpdater] INFO  impl.SimpleStateMachine4Testing (SimpleStateMachine4Testing.java:applyTransaction(250)) - applyTransaction for log index 193
2024-11-10 02:23:47,898 [s0@group-476BE848888C-StateMachineUpdater] INFO  impl.SimpleStateMachine4Testing (SimpleStateMachine4Testing.java:put(206)) - s0: put 193, m96 -> (t:1, i:193), STATEMACHINELOGENTRY, WRITE: logData.size=3, stateMachineData.size=17, logEntryProtoSerializedSize=0
2024-11-10 02:23:47,903 [s0@group-476BE848888C-StateMachineUpdater] INFO  impl.SimpleStateMachine4Testing (SimpleStateMachine4Testing.java:applyTransaction(250)) - applyTransaction for log index 195
2024-11-10 02:23:47,904 [s0@group-476BE848888C-StateMachineUpdater] INFO  impl.SimpleStateMachine4Testing (SimpleStateMachine4Testing.java:put(206)) - s0: put 195, m97 -> (t:1, i:195), STATEMACHINELOGENTRY, WRITE: logData.size=3, stateMachineData.size=17, logEntryProtoSerializedSize=0
2024-11-10 02:23:47,907 [s0@group-476BE848888C-StateMachineUpdater] INFO  impl.SimpleStateMachine4Testing (SimpleStateMachine4Testing.java:applyTransaction(250)) - applyTransaction for log index 197
2024-11-10 02:23:47,908 [s0@group-476BE848888C-StateMachineUpdater] INFO  impl.SimpleStateMachine4Testing (SimpleStateMachine4Testing.java:put(206)) - s0: put 197, m98 -> (t:1, i:197), STATEMACHINELOGENTRY, WRITE: logData.size=3, stateMachineData.size=17, logEntryProtoSerializedSize=0
2024-11-10 02:23:47,911 [s0@group-476BE848888C-StateMachineUpdater] INFO  impl.SimpleStateMachine4Testing (SimpleStateMachine4Testing.java:applyTransaction(250)) - applyTransaction for log index 199
2024-11-10 02:23:47,911 [s0@group-476BE848888C-StateMachineUpdater] INFO  impl.SimpleStateMachine4Testing (SimpleStateMachine4Testing.java:put(206)) - s0: put 199, m99 -> (t:1, i:199), STATEMACHINELOGENTRY, WRITE: logData.size=3, stateMachineData.size=17, logEntryProtoSerializedSize=0
2024-11-10 02:23:47,915 [s0@group-476BE848888C-StateMachineUpdater] INFO  impl.SimpleStateMachine4Testing (SimpleStateMachine4Testing.java:applyTransaction(250)) - applyTransaction for log index 201
2024-11-10 02:23:47,915 [s0@group-476BE848888C-StateMachineUpdater] INFO  impl.SimpleStateMachine4Testing (SimpleStateMachine4Testing.java:put(206)) - s0: put 201, m100 -> (t:1, i:201), STATEMACHINELOGENTRY, WRITE: logData.size=4, stateMachineData.size=17, logEntryProtoSerializedSize=0
2024-11-10 02:23:47,919 [s0@group-476BE848888C-StateMachineUpdater] INFO  impl.SimpleStateMachine4Testing (SimpleStateMachine4Testing.java:applyTransaction(250)) - applyTransaction for log index 203
2024-11-10 02:23:47,919 [s0@group-476BE848888C-StateMachineUpdater] INFO  impl.SimpleStateMachine4Testing (SimpleStateMachine4Testing.java:put(206)) - s0: put 203, m101 -> (t:1, i:203), STATEMACHINELOGENTRY, WRITE: logData.size=4, stateMachineData.size=17, logEntryProtoSerializedSize=0
2024-11-10 02:23:47,923 [s0@group-476BE848888C-StateMachineUpdater] INFO  impl.SimpleStateMachine4Testing (SimpleStateMachine4Testing.java:applyTransaction(250)) - applyTransaction for log index 205
2024-11-10 02:23:47,923 [s0@group-476BE848888C-StateMachineUpdater] INFO  impl.SimpleStateMachine4Testing (SimpleStateMachine4Testing.java:put(206)) - s0: put 205, m102 -> (t:1, i:205), STATEMACHINELOGENTRY, WRITE: logData.size=4, stateMachineData.size=17, logEntryProtoSerializedSize=0
2024-11-10 02:23:47,927 [s0@group-476BE848888C-StateMachineUpdater] INFO  impl.SimpleStateMachine4Testing (SimpleStateMachine4Testing.java:applyTransaction(250)) - applyTransaction for log index 207
2024-11-10 02:23:47,927 [s0@group-476BE848888C-StateMachineUpdater] INFO  impl.SimpleStateMachine4Testing (SimpleStateMachine4Testing.java:put(206)) - s0: put 207, m103 -> (t:1, i:207), STATEMACHINELOGENTRY, WRITE: logData.size=4, stateMachineData.size=17, logEntryProtoSerializedSize=0
2024-11-10 02:23:47,931 [s0@group-476BE848888C-StateMachineUpdater] INFO  impl.SimpleStateMachine4Testing (SimpleStateMachine4Testing.java:applyTransaction(250)) - applyTransaction for log index 209
2024-11-10 02:23:47,931 [s0@group-476BE848888C-StateMachineUpdater] INFO  impl.SimpleStateMachine4Testing (SimpleStateMachine4Testing.java:put(206)) - s0: put 209, m104 -> (t:1, i:209), STATEMACHINELOGENTRY, WRITE: logData.size=4, stateMachineData.size=17, logEntryProtoSerializedSize=0
2024-11-10 02:23:47,936 [s0@group-476BE848888C-StateMachineUpdater] INFO  impl.SimpleStateMachine4Testing (SimpleStateMachine4Testing.java:applyTransaction(250)) - applyTransaction for log index 211
2024-11-10 02:23:47,936 [s0@group-476BE848888C-StateMachineUpdater] INFO  impl.SimpleStateMachine4Testing (SimpleStateMachine4Testing.java:put(206)) - s0: put 211, m105 -> (t:1, i:211), STATEMACHINELOGENTRY, WRITE: logData.size=4, stateMachineData.size=17, logEntryProtoSerializedSize=0
2024-11-10 02:23:47,940 [s0@group-476BE848888C-StateMachineUpdater] INFO  impl.SimpleStateMachine4Testing (SimpleStateMachine4Testing.java:applyTransaction(250)) - applyTransaction for log index 213
2024-11-10 02:23:47,940 [s0@group-476BE848888C-StateMachineUpdater] INFO  impl.SimpleStateMachine4Testing (SimpleStateMachine4Testing.java:put(206)) - s0: put 213, m106 -> (t:1, i:213), STATEMACHINELOGENTRY, WRITE: logData.size=4, stateMachineData.size=17, logEntryProtoSerializedSize=0
2024-11-10 02:23:47,943 [s0@group-476BE848888C-StateMachineUpdater] INFO  impl.SimpleStateMachine4Testing (SimpleStateMachine4Testing.java:applyTransaction(250)) - applyTransaction for log index 215
2024-11-10 02:23:47,943 [s0@group-476BE848888C-StateMachineUpdater] INFO  impl.SimpleStateMachine4Testing (SimpleStateMachine4Testing.java:put(206)) - s0: put 215, m107 -> (t:1, i:215), STATEMACHINELOGENTRY, WRITE: logData.size=4, stateMachineData.size=17, logEntryProtoSerializedSize=0
2024-11-10 02:23:47,947 [s0@group-476BE848888C-StateMachineUpdater] INFO  impl.SimpleStateMachine4Testing (SimpleStateMachine4Testing.java:applyTransaction(250)) - applyTransaction for log index 217
2024-11-10 02:23:47,947 [s0@group-476BE848888C-StateMachineUpdater] INFO  impl.SimpleStateMachine4Testing (SimpleStateMachine4Testing.java:put(206)) - s0: put 217, m108 -> (t:1, i:217), STATEMACHINELOGENTRY, WRITE: logData.size=4, stateMachineData.size=17, logEntryProtoSerializedSize=0
2024-11-10 02:23:47,951 [s0@group-476BE848888C-StateMachineUpdater] INFO  impl.SimpleStateMachine4Testing (SimpleStateMachine4Testing.java:applyTransaction(250)) - applyTransaction for log index 219
2024-11-10 02:23:47,951 [s0@group-476BE848888C-StateMachineUpdater] INFO  impl.SimpleStateMachine4Testing (SimpleStateMachine4Testing.java:put(206)) - s0: put 219, m109 -> (t:1, i:219), STATEMACHINELOGENTRY, WRITE: logData.size=4, stateMachineData.size=17, logEntryProtoSerializedSize=0
2024-11-10 02:23:47,955 [s0@group-476BE848888C-StateMachineUpdater] INFO  impl.SimpleStateMachine4Testing (SimpleStateMachine4Testing.java:applyTransaction(250)) - applyTransaction for log index 221
2024-11-10 02:23:47,955 [s0@group-476BE848888C-StateMachineUpdater] INFO  impl.SimpleStateMachine4Testing (SimpleStateMachine4Testing.java:put(206)) - s0: put 221, m110 -> (t:1, i:221), STATEMACHINELOGENTRY, WRITE: logData.size=4, stateMachineData.size=17, logEntryProtoSerializedSize=0
2024-11-10 02:23:47,958 [s0@group-476BE848888C-StateMachineUpdater] INFO  impl.SimpleStateMachine4Testing (SimpleStateMachine4Testing.java:applyTransaction(250)) - applyTransaction for log index 223
2024-11-10 02:23:47,958 [s0@group-476BE848888C-StateMachineUpdater] INFO  impl.SimpleStateMachine4Testing (SimpleStateMachine4Testing.java:put(206)) - s0: put 223, m111 -> (t:1, i:223), STATEMACHINELOGENTRY, WRITE: logData.size=4, stateMachineData.size=17, logEntryProtoSerializedSize=0
2024-11-10 02:23:47,962 [s0@group-476BE848888C-StateMachineUpdater] INFO  impl.SimpleStateMachine4Testing (SimpleStateMachine4Testing.java:applyTransaction(250)) - applyTransaction for log index 225
2024-11-10 02:23:47,962 [s0@group-476BE848888C-StateMachineUpdater] INFO  impl.SimpleStateMachine4Testing (SimpleStateMachine4Testing.java:put(206)) - s0: put 225, m112 -> (t:1, i:225), STATEMACHINELOGENTRY, WRITE: logData.size=4, stateMachineData.size=17, logEntryProtoSerializedSize=0
2024-11-10 02:23:47,965 [s0@group-476BE848888C-StateMachineUpdater] INFO  impl.SimpleStateMachine4Testing (SimpleStateMachine4Testing.java:applyTransaction(250)) - applyTransaction for log index 227
2024-11-10 02:23:47,966 [s0@group-476BE848888C-StateMachineUpdater] INFO  impl.SimpleStateMachine4Testing (SimpleStateMachine4Testing.java:put(206)) - s0: put 227, m113 -> (t:1, i:227), STATEMACHINELOGENTRY, WRITE: logData.size=4, stateMachineData.size=17, logEntryProtoSerializedSize=0
2024-11-10 02:23:47,969 [s0@group-476BE848888C-StateMachineUpdater] INFO  impl.SimpleStateMachine4Testing (SimpleStateMachine4Testing.java:applyTransaction(250)) - applyTransaction for log index 229
2024-11-10 02:23:47,969 [s0@group-476BE848888C-StateMachineUpdater] INFO  impl.SimpleStateMachine4Testing (SimpleStateMachine4Testing.java:put(206)) - s0: put 229, m114 -> (t:1, i:229), STATEMACHINELOGENTRY, WRITE: logData.size=4, stateMachineData.size=17, logEntryProtoSerializedSize=0
2024-11-10 02:23:47,972 [s0@group-476BE848888C-StateMachineUpdater] INFO  impl.SimpleStateMachine4Testing (SimpleStateMachine4Testing.java:applyTransaction(250)) - applyTransaction for log index 231
2024-11-10 02:23:47,972 [s0@group-476BE848888C-StateMachineUpdater] INFO  impl.SimpleStateMachine4Testing (SimpleStateMachine4Testing.java:put(206)) - s0: put 231, m115 -> (t:1, i:231), STATEMACHINELOGENTRY, WRITE: logData.size=4, stateMachineData.size=17, logEntryProtoSerializedSize=0
2024-11-10 02:23:47,976 [s0@group-476BE848888C-StateMachineUpdater] INFO  impl.SimpleStateMachine4Testing (SimpleStateMachine4Testing.java:applyTransaction(250)) - applyTransaction for log index 233
2024-11-10 02:23:47,976 [s0@group-476BE848888C-StateMachineUpdater] INFO  impl.SimpleStateMachine4Testing (SimpleStateMachine4Testing.java:put(206)) - s0: put 233, m116 -> (t:1, i:233), STATEMACHINELOGENTRY, WRITE: logData.size=4, stateMachineData.size=17, logEntryProtoSerializedSize=0
2024-11-10 02:23:47,979 [s0@group-476BE848888C-StateMachineUpdater] INFO  impl.SimpleStateMachine4Testing (SimpleStateMachine4Testing.java:applyTransaction(250)) - applyTransaction for log index 235
2024-11-10 02:23:47,980 [s0@group-476BE848888C-StateMachineUpdater] INFO  impl.SimpleStateMachine4Testing (SimpleStateMachine4Testing.java:put(206)) - s0: put 235, m117 -> (t:1, i:235), STATEMACHINELOGENTRY, WRITE: logData.size=4, stateMachineData.size=17, logEntryProtoSerializedSize=0
2024-11-10 02:23:47,983 [s0@group-476BE848888C-StateMachineUpdater] INFO  impl.SimpleStateMachine4Testing (SimpleStateMachine4Testing.java:applyTransaction(250)) - applyTransaction for log index 237
2024-11-10 02:23:47,983 [s0@group-476BE848888C-StateMachineUpdater] INFO  impl.SimpleStateMachine4Testing (SimpleStateMachine4Testing.java:put(206)) - s0: put 237, m118 -> (t:1, i:237), STATEMACHINELOGENTRY, WRITE: logData.size=4, stateMachineData.size=17, logEntryProtoSerializedSize=0
2024-11-10 02:23:47,986 [s0@group-476BE848888C-StateMachineUpdater] INFO  impl.SimpleStateMachine4Testing (SimpleStateMachine4Testing.java:applyTransaction(250)) - applyTransaction for log index 239
2024-11-10 02:23:47,986 [s0@group-476BE848888C-StateMachineUpdater] INFO  impl.SimpleStateMachine4Testing (SimpleStateMachine4Testing.java:put(206)) - s0: put 239, m119 -> (t:1, i:239), STATEMACHINELOGENTRY, WRITE: logData.size=4, stateMachineData.size=17, logEntryProtoSerializedSize=0
2024-11-10 02:23:47,990 [s0@group-476BE848888C-StateMachineUpdater] INFO  impl.SimpleStateMachine4Testing (SimpleStateMachine4Testing.java:applyTransaction(250)) - applyTransaction for log index 241
2024-11-10 02:23:47,990 [s0@group-476BE848888C-StateMachineUpdater] INFO  impl.SimpleStateMachine4Testing (SimpleStateMachine4Testing.java:put(206)) - s0: put 241, m120 -> (t:1, i:241), STATEMACHINELOGENTRY, WRITE: logData.size=4, stateMachineData.size=17, logEntryProtoSerializedSize=0
2024-11-10 02:23:47,994 [s0@group-476BE848888C-StateMachineUpdater] INFO  impl.SimpleStateMachine4Testing (SimpleStateMachine4Testing.java:applyTransaction(250)) - applyTransaction for log index 243
2024-11-10 02:23:47,994 [s0@group-476BE848888C-StateMachineUpdater] INFO  impl.SimpleStateMachine4Testing (SimpleStateMachine4Testing.java:put(206)) - s0: put 243, m121 -> (t:1, i:243), STATEMACHINELOGENTRY, WRITE: logData.size=4, stateMachineData.size=17, logEntryProtoSerializedSize=0
2024-11-10 02:23:47,997 [s0@group-476BE848888C-StateMachineUpdater] INFO  impl.SimpleStateMachine4Testing (SimpleStateMachine4Testing.java:applyTransaction(250)) - applyTransaction for log index 245
2024-11-10 02:23:47,998 [s0@group-476BE848888C-StateMachineUpdater] INFO  impl.SimpleStateMachine4Testing (SimpleStateMachine4Testing.java:put(206)) - s0: put 245, m122 -> (t:1, i:245), STATEMACHINELOGENTRY, WRITE: logData.size=4, stateMachineData.size=17, logEntryProtoSerializedSize=0
2024-11-10 02:23:48,001 [s0@group-476BE848888C-StateMachineUpdater] INFO  impl.SimpleStateMachine4Testing (SimpleStateMachine4Testing.java:applyTransaction(250)) - applyTransaction for log index 247
2024-11-10 02:23:48,001 [s0@group-476BE848888C-StateMachineUpdater] INFO  impl.SimpleStateMachine4Testing (SimpleStateMachine4Testing.java:put(206)) - s0: put 247, m123 -> (t:1, i:247), STATEMACHINELOGENTRY, WRITE: logData.size=4, stateMachineData.size=17, logEntryProtoSerializedSize=0
2024-11-10 02:23:48,005 [s0@group-476BE848888C-StateMachineUpdater] INFO  impl.SimpleStateMachine4Testing (SimpleStateMachine4Testing.java:applyTransaction(250)) - applyTransaction for log index 249
2024-11-10 02:23:48,005 [s0@group-476BE848888C-StateMachineUpdater] INFO  impl.SimpleStateMachine4Testing (SimpleStateMachine4Testing.java:put(206)) - s0: put 249, m124 -> (t:1, i:249), STATEMACHINELOGENTRY, WRITE: logData.size=4, stateMachineData.size=17, logEntryProtoSerializedSize=0
2024-11-10 02:23:48,009 [s0@group-476BE848888C-StateMachineUpdater] INFO  impl.SimpleStateMachine4Testing (SimpleStateMachine4Testing.java:applyTransaction(250)) - applyTransaction for log index 251
2024-11-10 02:23:48,009 [s0@group-476BE848888C-StateMachineUpdater] INFO  impl.SimpleStateMachine4Testing (SimpleStateMachine4Testing.java:put(206)) - s0: put 251, m125 -> (t:1, i:251), STATEMACHINELOGENTRY, WRITE: logData.size=4, stateMachineData.size=17, logEntryProtoSerializedSize=0
2024-11-10 02:23:48,012 [s0@group-476BE848888C-StateMachineUpdater] INFO  impl.SimpleStateMachine4Testing (SimpleStateMachine4Testing.java:applyTransaction(250)) - applyTransaction for log index 253
2024-11-10 02:23:48,012 [s0@group-476BE848888C-StateMachineUpdater] INFO  impl.SimpleStateMachine4Testing (SimpleStateMachine4Testing.java:put(206)) - s0: put 253, m126 -> (t:1, i:253), STATEMACHINELOGENTRY, WRITE: logData.size=4, stateMachineData.size=17, logEntryProtoSerializedSize=0
2024-11-10 02:23:48,031 [s0-server-thread1] INFO  server.RaftServer$Division (RaftServerImpl.java:takeSnapshotAsync(1272)) - s0@group-476BE848888C: takeSnapshotAsync SnapshotManagementRequest:client-8BEEE67F14AB->s0@group-476BE848888C, cid=128, seq=null, RO, null, Create:
2024-11-10 02:23:48,031 [s0-server-thread1] INFO  server.RaftServerConfigKeys (ConfUtils.java:logGet(46)) - raft.server.snapshot.creation.gap = 1024 (default)
2024-11-10 02:23:48,045 [main] INFO  impl.MiniRaftCluster (MiniRaftCluster.java:addNewPeers(478)) - Add new peers [s1, s2]
2024-11-10 02:23:48,045 [main] INFO  impl.MiniRaftCluster (MiniRaftCluster.java:newRaftServer(396)) - newRaftServer: s1, group-476BE848888C:[], format? true
2024-11-10 02:23:48,046 [main] TRACE util.FileUtils (FileUtils.java:deleteFully(307)) - deleteFully target/test/data/e1a4608/MiniRaftClusterWithGrpce99f5d0d/s1
2024-11-10 02:23:48,046 [main] TRACE util.FileUtils (FileUtils.java:deleteFully(320)) - deleteFully: target/test/data/e1a4608/MiniRaftClusterWithGrpce99f5d0d/s1 does not exist.
2024-11-10 02:23:48,046 [main] INFO  impl.MiniRaftCluster (MiniRaftCluster.java:newRaftServer(401)) - Formatted directory target/test/data/e1a4608/MiniRaftClusterWithGrpce99f5d0d/s1
2024-11-10 02:23:48,047 [main] INFO  server.RaftServer (ConfUtils.java:logGet(46)) - raft.rpc.type = GRPC (default)
2024-11-10 02:23:48,048 [main] INFO  grpc.GrpcConfigKeys (ConfUtils.java:logFallback(53)) - raft.grpc.admin.host = null (fallback to raft.grpc.server.host)
2024-11-10 02:23:48,048 [main] INFO  grpc.GrpcConfigKeys (ConfUtils.java:logFallback(53)) - raft.grpc.admin.port = 15004 (fallback to raft.grpc.server.port)
2024-11-10 02:23:48,048 [main] INFO  grpc.GrpcConfigKeys (ConfUtils.java:logFallback(53)) - raft.grpc.client.host = null (fallback to raft.grpc.server.host)
2024-11-10 02:23:48,049 [main] INFO  grpc.GrpcConfigKeys (ConfUtils.java:logFallback(53)) - raft.grpc.client.port = 15004 (fallback to raft.grpc.server.port)
2024-11-10 02:23:48,049 [main] INFO  grpc.GrpcConfigKeys (ConfUtils.java:logGet(46)) - raft.grpc.server.host = null (default)
2024-11-10 02:23:48,049 [main] INFO  grpc.GrpcConfigKeys (ConfUtils.java:logGet(46)) - raft.grpc.server.port = 15004 (custom)
2024-11-10 02:23:48,049 [main] INFO  server.GrpcServicesImpl (ConfUtils.java:logGet(46)) - raft.grpc.message.size.max = 64MB (=67108864) (default)
2024-11-10 02:23:48,050 [main] INFO  server.GrpcServicesImpl (ConfUtils.java:logGet(46)) - raft.grpc.flow.control.window = 1MB (=1048576) (default)
2024-11-10 02:23:48,050 [main] INFO  server.RaftServerConfigKeys (ConfUtils.java:logGet(46)) - raft.server.rpc.request.timeout = 3000ms (default)
2024-11-10 02:23:48,050 [main] INFO  grpc.GrpcConfigKeys (ConfUtils.java:logGet(46)) - raft.grpc.server.heartbeat.channel = false (custom)
2024-11-10 02:23:48,051 [main] INFO  grpc.GrpcConfigKeys (ConfUtils.java:logGet(46)) - raft.grpc.server.zerocopy.enabled = true (custom)
2024-11-10 02:23:48,051 [main] INFO  server.RaftServerConfigKeys (ConfUtils.java:logGet(46)) - raft.server.log.appender.buffer.byte-limit = 4MB (=4194304) (default)
2024-11-10 02:23:48,051 [main] INFO  grpc.GrpcConfigKeys (ConfUtils.java:logGet(46)) - raft.grpc.server.async.request.thread.pool.cached = true (default)
2024-11-10 02:23:48,052 [main] INFO  grpc.GrpcConfigKeys (ConfUtils.java:logGet(46)) - raft.grpc.server.async.request.thread.pool.size = 32 (default)
2024-11-10 02:23:48,053 [main] INFO  impl.DataStreamServerImpl (ConfUtils.java:logGet(46)) - raft.datastream.type = DISABLED (default)
2024-11-10 02:23:48,054 [main] INFO  server.RaftServerConfigKeys (ConfUtils.java:logGet(46)) - raft.server.sleep.deviation.threshold = 300ms (default)
2024-11-10 02:23:48,054 [main] INFO  server.RaftServerConfigKeys (ConfUtils.java:logGet(46)) - raft.server.close.threshold = 60s (default)
2024-11-10 02:23:48,054 [main] INFO  server.RaftServerConfigKeys (ConfUtils.java:logGet(46)) - raft.server.leaderelection.leader.step-down.wait-time = 10s (default)
2024-11-10 02:23:48,055 [main] INFO  server.RaftServerConfigKeys (ConfUtils.java:logGet(46)) - raft.server.storage.dir = [/home/runner/work/ratis/ratis/ratis-test/target/test/data/e1a4608/MiniRaftClusterWithGrpce99f5d0d/s1] (custom)
2024-11-10 02:23:48,055 [main] INFO  server.RaftServerConfigKeys (ConfUtils.java:logGet(46)) - raft.server.threadpool.proxy.cached = true (default)
2024-11-10 02:23:48,055 [main] INFO  server.RaftServerConfigKeys (ConfUtils.java:logGet(46)) - raft.server.threadpool.proxy.size = 0 (default)
2024-11-10 02:23:48,056 [main] INFO  server.RaftServer (RaftServerProxy.java:addNew(101)) - s1: addNew group-476BE848888C:[] returns group-476BE848888C:java.util.concurrent.CompletableFuture@533690d[Not completed]
2024-11-10 02:23:48,057 [main] INFO  impl.MiniRaftCluster (MiniRaftCluster.java:newRaftServer(396)) - newRaftServer: s2, group-476BE848888C:[], format? true
2024-11-10 02:23:48,057 [main] TRACE util.FileUtils (FileUtils.java:deleteFully(307)) - deleteFully target/test/data/e1a4608/MiniRaftClusterWithGrpce99f5d0d/s2
2024-11-10 02:23:48,057 [main] TRACE util.FileUtils (FileUtils.java:deleteFully(320)) - deleteFully: target/test/data/e1a4608/MiniRaftClusterWithGrpce99f5d0d/s2 does not exist.
2024-11-10 02:23:48,058 [main] INFO  impl.MiniRaftCluster (MiniRaftCluster.java:newRaftServer(401)) - Formatted directory target/test/data/e1a4608/MiniRaftClusterWithGrpce99f5d0d/s2
2024-11-10 02:23:48,058 [s1-groupManagement] INFO  server.RaftServerConfigKeys (ConfUtils.java:logGet(46)) - raft.server.log.segment.size.max = 32MB (=33554432) (default)
2024-11-10 02:23:48,058 [s1-groupManagement] INFO  server.RaftServerConfigKeys (ConfUtils.java:logGet(46)) - raft.server.log.preallocated.size = 4MB (=4194304) (default)
2024-11-10 02:23:48,058 [main] INFO  server.RaftServer (ConfUtils.java:logGet(46)) - raft.rpc.type = GRPC (default)
2024-11-10 02:23:48,058 [s1-groupManagement] INFO  server.RaftServerConfigKeys (ConfUtils.java:logGet(46)) - raft.server.log.write.buffer.size = 8MB (=8388608) (default)
2024-11-10 02:23:48,059 [main] INFO  grpc.GrpcConfigKeys (ConfUtils.java:logFallback(53)) - raft.grpc.admin.host = null (fallback to raft.grpc.server.host)
2024-11-10 02:23:48,059 [main] INFO  grpc.GrpcConfigKeys (ConfUtils.java:logFallback(53)) - raft.grpc.admin.port = 15005 (fallback to raft.grpc.server.port)
2024-11-10 02:23:48,059 [s1-groupManagement] INFO  server.RaftServer$Division (RaftServerImpl.java:<init>(256)) - s1: new RaftServerImpl for group-476BE848888C:[] with StateMachineWithMultiNestedSnapshotFile:uninitialized
2024-11-10 02:23:48,059 [main] INFO  grpc.GrpcConfigKeys (ConfUtils.java:logFallback(53)) - raft.grpc.client.host = null (fallback to raft.grpc.server.host)
2024-11-10 02:23:48,060 [main] INFO  grpc.GrpcConfigKeys (ConfUtils.java:logFallback(53)) - raft.grpc.client.port = 15005 (fallback to raft.grpc.server.port)
2024-11-10 02:23:48,060 [main] INFO  grpc.GrpcConfigKeys (ConfUtils.java:logGet(46)) - raft.grpc.server.host = null (default)
2024-11-10 02:23:48,060 [main] INFO  grpc.GrpcConfigKeys (ConfUtils.java:logGet(46)) - raft.grpc.server.port = 15005 (custom)
2024-11-10 02:23:48,061 [main] INFO  server.GrpcServicesImpl (ConfUtils.java:logGet(46)) - raft.grpc.message.size.max = 64MB (=67108864) (default)
2024-11-10 02:23:48,061 [main] INFO  server.GrpcServicesImpl (ConfUtils.java:logGet(46)) - raft.grpc.flow.control.window = 1MB (=1048576) (default)
2024-11-10 02:23:48,061 [main] INFO  server.RaftServerConfigKeys (ConfUtils.java:logGet(46)) - raft.server.rpc.request.timeout = 3000ms (default)
2024-11-10 02:23:48,061 [main] INFO  grpc.GrpcConfigKeys (ConfUtils.java:logGet(46)) - raft.grpc.server.heartbeat.channel = false (custom)
2024-11-10 02:23:48,062 [main] INFO  grpc.GrpcConfigKeys (ConfUtils.java:logGet(46)) - raft.grpc.server.zerocopy.enabled = true (custom)
2024-11-10 02:23:48,062 [main] INFO  server.RaftServerConfigKeys (ConfUtils.java:logGet(46)) - raft.server.log.appender.buffer.byte-limit = 4MB (=4194304) (default)
2024-11-10 02:23:48,062 [main] INFO  grpc.GrpcConfigKeys (ConfUtils.java:logGet(46)) - raft.grpc.server.async.request.thread.pool.cached = true (default)
2024-11-10 02:23:48,063 [main] INFO  grpc.GrpcConfigKeys (ConfUtils.java:logGet(46)) - raft.grpc.server.async.request.thread.pool.size = 32 (default)
2024-11-10 02:23:48,064 [main] INFO  impl.DataStreamServerImpl (ConfUtils.java:logGet(46)) - raft.datastream.type = DISABLED (default)
2024-11-10 02:23:48,064 [main] INFO  server.RaftServerConfigKeys (ConfUtils.java:logGet(46)) - raft.server.sleep.deviation.threshold = 300ms (default)
2024-11-10 02:23:48,065 [main] INFO  server.RaftServerConfigKeys (ConfUtils.java:logGet(46)) - raft.server.close.threshold = 60s (default)
2024-11-10 02:23:48,065 [main] INFO  server.RaftServerConfigKeys (ConfUtils.java:logGet(46)) - raft.server.leaderelection.leader.step-down.wait-time = 10s (default)
2024-11-10 02:23:48,065 [main] INFO  server.RaftServerConfigKeys (ConfUtils.java:logGet(46)) - raft.server.storage.dir = [/home/runner/work/ratis/ratis/ratis-test/target/test/data/e1a4608/MiniRaftClusterWithGrpce99f5d0d/s2] (custom)
2024-11-10 02:23:48,066 [main] INFO  server.RaftServerConfigKeys (ConfUtils.java:logGet(46)) - raft.server.threadpool.proxy.cached = true (default)
2024-11-10 02:23:48,066 [main] INFO  server.RaftServerConfigKeys (ConfUtils.java:logGet(46)) - raft.server.threadpool.proxy.size = 0 (default)
2024-11-10 02:23:48,060 [s1-groupManagement] INFO  server.RaftServerConfigKeys (ConfUtils.java:logGet(46)) - raft.server.rpc.timeout.min = 150ms (default)
2024-11-10 02:23:48,066 [s1-groupManagement] INFO  server.RaftServerConfigKeys (ConfUtils.java:logGet(46)) - raft.server.rpc.timeout.max = 300ms (default)
2024-11-10 02:23:48,067 [s1-groupManagement] INFO  server.RaftServerConfigKeys (ConfUtils.java:logGet(46)) - raft.server.rpc.sleep.time = 25ms (default)
2024-11-10 02:23:48,067 [s1-groupManagement] INFO  server.RaftServerConfigKeys (ConfUtils.java:logGet(46)) - raft.server.rpc.slowness.timeout = 60s (default)
2024-11-10 02:23:48,068 [s1-groupManagement] INFO  server.RaftServerConfigKeys (ConfUtils.java:logGet(46)) - raft.server.leaderelection.leader.step-down.wait-time = 10s (default)
2024-11-10 02:23:48,070 [s1-groupManagement] INFO  server.RaftServerConfigKeys (ConfUtils.java:logGet(46)) - raft.server.leaderelection.member.majority-add = true (custom)
2024-11-10 02:23:48,071 [s1-groupManagement] INFO  server.RaftServerConfigKeys (ConfUtils.java:logGet(46)) - raft.server.sleep.deviation.threshold = 300ms (default)
2024-11-10 02:23:48,071 [s1-groupManagement] INFO  server.RaftServer$Division (ServerState.java:<init>(114)) - s1@group-476BE848888C: ConfigurationManager, init=conf: {index: -1, cur=peers:[]|listeners:[], old=null}, confs=<EMPTY_MAP>
2024-11-10 02:23:48,071 [s1-groupManagement] INFO  server.RaftServerConfigKeys (ConfUtils.java:logGet(46)) - raft.server.notification.no-leader.timeout = 60s (default)
2024-11-10 02:23:48,071 [s1-groupManagement] INFO  server.RaftServerConfigKeys (ConfUtils.java:logGet(46)) - raft.server.read.timeout = 10s (default)
2024-11-10 02:23:48,072 [s1-groupManagement] INFO  server.RaftServerConfigKeys (ConfUtils.java:logGet(46)) - raft.server.retrycache.expirytime = 60s (default)
2024-11-10 02:23:48,071 [main] INFO  server.RaftServer (RaftServerProxy.java:addNew(101)) - s2: addNew group-476BE848888C:[] returns group-476BE848888C:java.util.concurrent.CompletableFuture@40273969[Not completed]
2024-11-10 02:23:48,071 [s2-groupManagement] INFO  server.RaftServerConfigKeys (ConfUtils.java:logGet(46)) - raft.server.log.segment.size.max = 32MB (=33554432) (default)
2024-11-10 02:23:48,072 [s2-groupManagement] INFO  server.RaftServerConfigKeys (ConfUtils.java:logGet(46)) - raft.server.log.preallocated.size = 4MB (=4194304) (default)
2024-11-10 02:23:48,072 [s2-groupManagement] INFO  server.RaftServerConfigKeys (ConfUtils.java:logGet(46)) - raft.server.log.write.buffer.size = 8MB (=8388608) (default)
2024-11-10 02:23:48,072 [s2-groupManagement] INFO  server.RaftServer$Division (RaftServerImpl.java:<init>(256)) - s2: new RaftServerImpl for group-476BE848888C:[] with StateMachineWithMultiNestedSnapshotFile:uninitialized
2024-11-10 02:23:48,073 [s2-groupManagement] INFO  server.RaftServerConfigKeys (ConfUtils.java:logGet(46)) - raft.server.rpc.timeout.min = 150ms (default)
2024-11-10 02:23:48,073 [s2-groupManagement] INFO  server.RaftServerConfigKeys (ConfUtils.java:logGet(46)) - raft.server.rpc.timeout.max = 300ms (default)
2024-11-10 02:23:48,073 [s2-groupManagement] INFO  server.RaftServerConfigKeys (ConfUtils.java:logGet(46)) - raft.server.rpc.sleep.time = 25ms (default)
2024-11-10 02:23:48,073 [s2-groupManagement] INFO  server.RaftServerConfigKeys (ConfUtils.java:logGet(46)) - raft.server.rpc.slowness.timeout = 60s (default)
2024-11-10 02:23:48,073 [s2-groupManagement] INFO  server.RaftServerConfigKeys (ConfUtils.java:logGet(46)) - raft.server.leaderelection.leader.step-down.wait-time = 10s (default)
2024-11-10 02:23:48,073 [s2-groupManagement] INFO  server.RaftServerConfigKeys (ConfUtils.java:logGet(46)) - raft.server.leaderelection.member.majority-add = true (custom)
2024-11-10 02:23:48,073 [s2-groupManagement] INFO  server.RaftServerConfigKeys (ConfUtils.java:logGet(46)) - raft.server.sleep.deviation.threshold = 300ms (default)
2024-11-10 02:23:48,073 [s2-groupManagement] INFO  server.RaftServer$Division (ServerState.java:<init>(114)) - s2@group-476BE848888C: ConfigurationManager, init=conf: {index: -1, cur=peers:[]|listeners:[], old=null}, confs=<EMPTY_MAP>
2024-11-10 02:23:48,073 [s2-groupManagement] INFO  server.RaftServerConfigKeys (ConfUtils.java:logGet(46)) - raft.server.notification.no-leader.timeout = 60s (default)
2024-11-10 02:23:48,073 [s2-groupManagement] INFO  server.RaftServerConfigKeys (ConfUtils.java:logGet(46)) - raft.server.read.timeout = 10s (default)
2024-11-10 02:23:48,073 [s2-groupManagement] INFO  server.RaftServerConfigKeys (ConfUtils.java:logGet(46)) - raft.server.retrycache.expirytime = 60s (default)
2024-11-10 02:23:48,074 [s2-groupManagement] INFO  server.RaftServerConfigKeys (ConfUtils.java:logGet(46)) - raft.server.retrycache.statistics.expirytime = 100ms (default)
2024-11-10 02:23:48,074 [s2-groupManagement] INFO  server.RaftServerConfigKeys (ConfUtils.java:logGet(46)) - raft.server.read.option = DEFAULT (default)
2024-11-10 02:23:48,074 [s2-groupManagement] INFO  server.RaftServerConfigKeys (ConfUtils.java:logGet(46)) - raft.server.read.read-after-write-consistent.write-index-cache.expiry-time = 60s (default)
2024-11-10 02:23:48,075 [s1-groupManagement] INFO  server.RaftServerConfigKeys (ConfUtils.java:logGet(46)) - raft.server.retrycache.statistics.expirytime = 100ms (default)
2024-11-10 02:23:48,075 [s1-groupManagement] INFO  server.RaftServerConfigKeys (ConfUtils.java:logGet(46)) - raft.server.read.option = DEFAULT (default)
2024-11-10 02:23:48,075 [s1-groupManagement] INFO  server.RaftServerConfigKeys (ConfUtils.java:logGet(46)) - raft.server.read.read-after-write-consistent.write-index-cache.expiry-time = 60s (default)
2024-11-10 02:23:48,078 [s1-groupManagement] INFO  server.RaftServerConfigKeys (ConfUtils.java:logGet(46)) - raft.server.rpc.request.timeout = 3000ms (default)
2024-11-10 02:23:48,078 [s1-groupManagement] INFO  server.RaftServerConfigKeys (ConfUtils.java:logGet(46)) - raft.server.log.appender.install.snapshot.enabled = true (default)
2024-11-10 02:23:48,078 [s1-groupManagement] INFO  server.RaftServerConfigKeys (ConfUtils.java:logGet(46)) - raft.server.threadpool.server.cached = true (default)
2024-11-10 02:23:48,078 [s1-groupManagement] INFO  server.RaftServerConfigKeys (ConfUtils.java:logGet(46)) - raft.server.threadpool.server.size = 0 (default)
2024-11-10 02:23:48,078 [s1-groupManagement] INFO  server.RaftServerConfigKeys (ConfUtils.java:logGet(46)) - raft.server.threadpool.client.cached = true (default)
2024-11-10 02:23:48,078 [s1-groupManagement] INFO  server.RaftServerConfigKeys (ConfUtils.java:logGet(46)) - raft.server.threadpool.client.size = 0 (default)
2024-11-10 02:23:48,080 [s2-groupManagement] INFO  server.RaftServerConfigKeys (ConfUtils.java:logGet(46)) - raft.server.rpc.request.timeout = 3000ms (default)
2024-11-10 02:23:48,080 [s2-groupManagement] INFO  server.RaftServerConfigKeys (ConfUtils.java:logGet(46)) - raft.server.log.appender.install.snapshot.enabled = true (default)
2024-11-10 02:23:48,080 [s2-groupManagement] INFO  server.RaftServerConfigKeys (ConfUtils.java:logGet(46)) - raft.server.threadpool.server.cached = true (default)
2024-11-10 02:23:48,081 [s2-groupManagement] INFO  server.RaftServerConfigKeys (ConfUtils.java:logGet(46)) - raft.server.threadpool.server.size = 0 (default)
2024-11-10 02:23:48,081 [s2-groupManagement] INFO  server.RaftServerConfigKeys (ConfUtils.java:logGet(46)) - raft.server.threadpool.client.cached = true (default)
2024-11-10 02:23:48,081 [s2-groupManagement] INFO  server.RaftServerConfigKeys (ConfUtils.java:logGet(46)) - raft.server.threadpool.client.size = 0 (default)
2024-11-10 02:23:48,081 [s1-impl-thread1] INFO  server.RaftServerConfigKeys (ConfUtils.java:logGet(46)) - raft.server.storage.free-space.min = 0MB (=0) (default)
2024-11-10 02:23:48,081 [s1-impl-thread1] INFO  server.RaftServerConfigKeys (ConfUtils.java:logGet(46)) - raft.server.log.corruption.policy = EXCEPTION (default)
2024-11-10 02:23:48,081 [s1-impl-thread1] INFO  server.RaftServerConfigKeys (ConfUtils.java:logGet(46)) - raft.server.storage.dir = [/home/runner/work/ratis/ratis/ratis-test/target/test/data/e1a4608/MiniRaftClusterWithGrpce99f5d0d/s1] (custom)
2024-11-10 02:23:48,081 [s1-impl-thread1] INFO  storage.RaftStorageDirectory (RaftStorageDirectoryImpl.java:analyzeStorage(138)) - The storage directory /home/runner/work/ratis/ratis/ratis-test/target/test/data/e1a4608/MiniRaftClusterWithGrpce99f5d0d/s1/c896a275-db18-43bf-9a64-476be848888c does not exist. Creating ...
2024-11-10 02:23:48,082 [s1-impl-thread1] TRACE util.FileUtils (LogUtils.java:runAndLog(49)) - Successfully ran Files.createDirectories /home/runner/work/ratis/ratis/ratis-test/target/test/data/e1a4608/MiniRaftClusterWithGrpce99f5d0d/s1/c896a275-db18-43bf-9a64-476be848888c
2024-11-10 02:23:48,083 [s1-impl-thread1] INFO  storage.RaftStorageDirectory (RaftStorageDirectoryImpl.java:tryLock(229)) - Lock on /home/runner/work/ratis/ratis/ratis-test/target/test/data/e1a4608/MiniRaftClusterWithGrpce99f5d0d/s1/c896a275-db18-43bf-9a64-476be848888c/in_use.lock acquired by nodename 8553@fv-az1147-185
2024-11-10 02:23:48,083 [s1-impl-thread1] TRACE util.FileUtils (LogUtils.java:runAndLog(49)) - Successfully ran Files.createDirectories /home/runner/work/ratis/ratis/ratis-test/target/test/data/e1a4608/MiniRaftClusterWithGrpce99f5d0d/s1/c896a275-db18-43bf-9a64-476be848888c/current
2024-11-10 02:23:48,083 [s1-impl-thread1] TRACE util.FileUtils (LogUtils.java:runAndLog(49)) - Successfully ran Files.createDirectories /home/runner/work/ratis/ratis/ratis-test/target/test/data/e1a4608/MiniRaftClusterWithGrpce99f5d0d/s1/c896a275-db18-43bf-9a64-476be848888c/sm
2024-11-10 02:23:48,084 [s1-impl-thread1] TRACE util.FileUtils (LogUtils.java:supplyAndLog(69)) - Successfully supplied FileChannel.open /home/runner/work/ratis/ratis/ratis-test/target/test/data/e1a4608/MiniRaftClusterWithGrpce99f5d0d/s1/c896a275-db18-43bf-9a64-476be848888c/current/raft-meta.tmp with options [CREATE, WRITE]: sun.nio.ch.FileChannelImpl@16db76fb
2024-11-10 02:23:48,085 [s1-impl-thread1] TRACE util.FileUtils (LogUtils.java:runAndLog(49)) - Successfully ran Atomic Files.move /home/runner/work/ratis/ratis/ratis-test/target/test/data/e1a4608/MiniRaftClusterWithGrpce99f5d0d/s1/c896a275-db18-43bf-9a64-476be848888c/current/raft-meta.tmp to /home/runner/work/ratis/ratis/ratis-test/target/test/data/e1a4608/MiniRaftClusterWithGrpce99f5d0d/s1/c896a275-db18-43bf-9a64-476be848888c/current/raft-meta with options [REPLACE_EXISTING]
2024-11-10 02:23:48,085 [s1-impl-thread1] INFO  storage.RaftStorage (RaftStorageImpl.java:format(98)) - Storage directory /home/runner/work/ratis/ratis/ratis-test/target/test/data/e1a4608/MiniRaftClusterWithGrpce99f5d0d/s1/c896a275-db18-43bf-9a64-476be848888c has been successfully formatted.
2024-11-10 02:23:48,085 [s1-impl-thread1] INFO  impl.SimpleStateMachine4Testing (SimpleStateMachine4Testing.java:initialize(214)) - Initializing StateMachineWithMultiNestedSnapshotFile:uninitialized
2024-11-10 02:23:48,085 [s1-impl-thread1] INFO  impl.SimpleStateMachine4Testing (SimpleStateMachine4Testing.java:loadSnapshot(298)) - Loading snapshot null
2024-11-10 02:23:48,085 [s1-impl-thread1] INFO  server.RaftServerConfigKeys (ConfUtils.java:logGet(46)) - raft.server.log.use.memory = false (default)
2024-11-10 02:23:48,085 [s1-impl-thread1] INFO  server.RaftServerConfigKeys (ConfUtils.java:logGet(46)) - raft.server.log.purge.gap = 8 (custom)
2024-11-10 02:23:48,086 [s1-impl-thread1] INFO  server.RaftServerConfigKeys (ConfUtils.java:logGet(46)) - raft.server.log.appender.buffer.byte-limit = 4MB (=4194304) (default)
2024-11-10 02:23:48,086 [s1-impl-thread1] INFO  server.RaftServerConfigKeys (ConfUtils.java:logGet(46)) - raft.server.log.statemachine.data.read.timeout = 1000ms (default)
2024-11-10 02:23:48,086 [s1-impl-thread1] INFO  server.RaftServerConfigKeys (ConfUtils.java:logGet(46)) - raft.server.log.purge.preservation.log.num = 0 (default)
2024-11-10 02:23:48,087 [s1-impl-thread1] INFO  server.RaftServerConfigKeys (ConfUtils.java:logGet(46)) - raft.server.log.segment.size.max = 32MB (=33554432) (default)
2024-11-10 02:23:48,087 [s1-impl-thread1] INFO  server.RaftServerConfigKeys (ConfUtils.java:logGet(46)) - raft.server.log.segment.cache.num.max = 6 (default)
2024-11-10 02:23:48,087 [s1-impl-thread1] INFO  server.RaftServerConfigKeys (ConfUtils.java:logGet(46)) - raft.server.log.segment.cache.size.max = 200MB (=209715200) (default)
2024-11-10 02:23:48,087 [s1-impl-thread1] INFO  server.RaftServerConfigKeys (ConfUtils.java:logGet(46)) - raft.server.log.appender.buffer.byte-limit = 4MB (=4194304) (default)
2024-11-10 02:23:48,088 [s1-impl-thread1] INFO  util.AwaitToRun (AwaitToRun.java:start(81)) - Thread[s1@group-476BE848888C-cacheEviction-AwaitToRun,5,main] started
2024-11-10 02:23:48,088 [s1-impl-thread1] INFO  segmented.SegmentedRaftLogWorker (SegmentedRaftLogWorker.java:<init>(189)) - new s1@group-476BE848888C-SegmentedRaftLogWorker for RaftStorageImpl:Storage Directory /home/runner/work/ratis/ratis/ratis-test/target/test/data/e1a4608/MiniRaftClusterWithGrpce99f5d0d/s1/c896a275-db18-43bf-9a64-476be848888c
2024-11-10 02:23:48,088 [s1-impl-thread1] INFO  server.RaftServerConfigKeys (ConfUtils.java:logGet(46)) - raft.server.log.queue.byte-limit = 64MB (=67108864) (default)
2024-11-10 02:23:48,088 [s1-impl-thread1] INFO  server.RaftServerConfigKeys (ConfUtils.java:logGet(46)) - raft.server.log.queue.element-limit = 4096 (default)
2024-11-10 02:23:48,088 [s1-impl-thread1] INFO  server.RaftServerConfigKeys (ConfUtils.java:logGet(46)) - raft.server.log.segment.size.max = 32MB (=33554432) (default)
2024-11-10 02:23:48,088 [s1-impl-thread1] INFO  server.RaftServerConfigKeys (ConfUtils.java:logGet(46)) - raft.server.log.preallocated.size = 4MB (=4194304) (default)
2024-11-10 02:23:48,088 [s1-impl-thread1] INFO  server.RaftServerConfigKeys (ConfUtils.java:logGet(46)) - raft.server.log.force.sync.num = 128 (default)
2024-11-10 02:23:48,088 [s1-impl-thread1] INFO  server.RaftServerConfigKeys (ConfUtils.java:logGet(46)) - raft.server.log.statemachine.data.sync = true (default)
2024-11-10 02:23:48,088 [s1-impl-thread1] INFO  server.RaftServerConfigKeys (ConfUtils.java:logGet(46)) - raft.server.log.statemachine.data.sync.timeout = 10s (default)
2024-11-10 02:23:48,088 [s1-impl-thread1] INFO  server.RaftServerConfigKeys (ConfUtils.java:logGet(46)) - raft.server.log.statemachine.data.sync.timeout.retry = -1 (default)
2024-11-10 02:23:48,089 [s1-impl-thread1] INFO  server.RaftServerConfigKeys (ConfUtils.java:logGet(46)) - raft.server.log.write.buffer.size = 8MB (=8388608) (default)
2024-11-10 02:23:48,090 [s1-impl-thread1] INFO  server.RaftServerConfigKeys (ConfUtils.java:logGet(46)) - raft.server.log.appender.buffer.byte-limit = 4MB (=4194304) (default)
2024-11-10 02:23:48,090 [s1-impl-thread1] INFO  server.RaftServerConfigKeys (ConfUtils.java:logGet(46)) - raft.server.log.unsafe-flush.enabled = false (default)
2024-11-10 02:23:48,090 [s1-impl-thread1] INFO  server.RaftServerConfigKeys (ConfUtils.java:logGet(46)) - raft.server.log.async-flush.enabled = false (default)
2024-11-10 02:23:48,090 [s1-impl-thread1] INFO  server.RaftServerConfigKeys (ConfUtils.java:logGet(46)) - raft.server.log.statemachine.data.caching.enabled = false (default)
2024-11-10 02:23:48,091 [s1-impl-thread1] INFO  segmented.SegmentedRaftLogWorker (SegmentedRaftLogWorker.java:lambda$new$0(140)) - s1@group-476BE848888C-SegmentedRaftLogWorker: flushIndex: setUnconditionally 0 -> -1
2024-11-10 02:23:48,091 [s1-impl-thread1] INFO  segmented.SegmentedRaftLogWorker (SegmentedRaftLogWorker.java:lambda$new$0(140)) - s1@group-476BE848888C-SegmentedRaftLogWorker: safeCacheEvictIndex: setUnconditionally 0 -> -1
2024-11-10 02:23:48,091 [s1-impl-thread1] INFO  server.RaftServer$Division (RaftServerImpl.java:start(398)) - s1@group-476BE848888C: start with initializing state, conf=conf: {index: -1, cur=peers:[]|listeners:[], old=null}
2024-11-10 02:23:48,091 [s1-impl-thread1] INFO  server.RaftServer$Division (RaftServerImpl.java:setRole(379)) - s1@group-476BE848888C: changes role from      null to FOLLOWER at term 0 for start
2024-11-10 02:23:48,091 [s1-impl-thread1] INFO  util.JmxRegister (JmxRegister.java:tryRegister(44)) - Successfully registered JMX Bean with object name Ratis:service=RaftServer,group=group-476BE848888C,id=s1
2024-11-10 02:23:48,092 [s1-impl-thread1] INFO  util.JmxRegister (JmxRegister.java:register(58)) - register mxBean class org.apache.ratis.server.impl.RaftServerJmxAdapter as Ratis:service=RaftServer,group=group-476BE848888C,id=s1
2024-11-10 02:23:48,092 [s1-impl-thread1] INFO  server.RaftServerConfigKeys (ConfUtils.java:logGet(46)) - raft.server.snapshot.trigger-when-stop.enabled = true (default)
2024-11-10 02:23:48,092 [s1-impl-thread1] INFO  server.RaftServerConfigKeys (ConfUtils.java:logGet(46)) - raft.server.snapshot.trigger-when-remove.enabled = true (default)
2024-11-10 02:23:48,092 [s1-impl-thread1] INFO  server.RaftServerConfigKeys (ConfUtils.java:logGet(46)) - raft.server.snapshot.auto.trigger.enabled = true (custom)
2024-11-10 02:23:48,092 [s1-impl-thread1] INFO  server.RaftServerConfigKeys (ConfUtils.java:logGet(46)) - raft.server.snapshot.auto.trigger.threshold = 64 (custom)
2024-11-10 02:23:48,092 [s1-impl-thread1] INFO  server.RaftServerConfigKeys (ConfUtils.java:logGet(46)) - raft.server.snapshot.retention.file.num = -1 (default)
2024-11-10 02:23:48,092 [s1-impl-thread1] INFO  server.RaftServerConfigKeys (ConfUtils.java:logGet(46)) - raft.server.log.purge.upto.snapshot.index = false (default)
2024-11-10 02:23:48,093 [s1-impl-thread1] INFO  server.RaftServer$Division (RaftServerImpl.java:start(406)) - s1@group-476BE848888C: Successfully started.
2024-11-10 02:23:48,093 [main] INFO  server.RaftServer (RaftServerProxy.java:startImpl(408)) - s1: start RPC server
2024-11-10 02:23:48,094 [main] INFO  server.GrpcServicesImpl (GrpcServicesImpl.java:startImpl(353)) - s1: GrpcServicesImpl started, listening on 15004
2024-11-10 02:23:48,095 [s2-impl-thread1] INFO  server.RaftServerConfigKeys (ConfUtils.java:logGet(46)) - raft.server.storage.free-space.min = 0MB (=0) (default)
2024-11-10 02:23:48,095 [s2-impl-thread1] INFO  server.RaftServerConfigKeys (ConfUtils.java:logGet(46)) - raft.server.log.corruption.policy = EXCEPTION (default)
2024-11-10 02:23:48,095 [s2-impl-thread1] INFO  server.RaftServerConfigKeys (ConfUtils.java:logGet(46)) - raft.server.storage.dir = [/home/runner/work/ratis/ratis/ratis-test/target/test/data/e1a4608/MiniRaftClusterWithGrpce99f5d0d/s2] (custom)
2024-11-10 02:23:48,095 [s2-impl-thread1] INFO  storage.RaftStorageDirectory (RaftStorageDirectoryImpl.java:analyzeStorage(138)) - The storage directory /home/runner/work/ratis/ratis/ratis-test/target/test/data/e1a4608/MiniRaftClusterWithGrpce99f5d0d/s2/c896a275-db18-43bf-9a64-476be848888c does not exist. Creating ...
2024-11-10 02:23:48,096 [s2-impl-thread1] TRACE util.FileUtils (LogUtils.java:runAndLog(49)) - Successfully ran Files.createDirectories /home/runner/work/ratis/ratis/ratis-test/target/test/data/e1a4608/MiniRaftClusterWithGrpce99f5d0d/s2/c896a275-db18-43bf-9a64-476be848888c
2024-11-10 02:23:48,096 [JvmPauseMonitor1] INFO  util.JvmPauseMonitor (JvmPauseMonitor.java:run(146)) - JvmPauseMonitor-s1: Started
2024-11-10 02:23:48,097 [s2-impl-thread1] INFO  storage.RaftStorageDirectory (RaftStorageDirectoryImpl.java:tryLock(229)) - Lock on /home/runner/work/ratis/ratis/ratis-test/target/test/data/e1a4608/MiniRaftClusterWithGrpce99f5d0d/s2/c896a275-db18-43bf-9a64-476be848888c/in_use.lock acquired by nodename 8553@fv-az1147-185
2024-11-10 02:23:48,097 [s2-impl-thread1] TRACE util.FileUtils (LogUtils.java:runAndLog(49)) - Successfully ran Files.createDirectories /home/runner/work/ratis/ratis/ratis-test/target/test/data/e1a4608/MiniRaftClusterWithGrpce99f5d0d/s2/c896a275-db18-43bf-9a64-476be848888c/current
2024-11-10 02:23:48,097 [s2-impl-thread1] TRACE util.FileUtils (LogUtils.java:runAndLog(49)) - Successfully ran Files.createDirectories /home/runner/work/ratis/ratis/ratis-test/target/test/data/e1a4608/MiniRaftClusterWithGrpce99f5d0d/s2/c896a275-db18-43bf-9a64-476be848888c/sm
2024-11-10 02:23:48,097 [s2-impl-thread1] TRACE util.FileUtils (LogUtils.java:supplyAndLog(69)) - Successfully supplied FileChannel.open /home/runner/work/ratis/ratis/ratis-test/target/test/data/e1a4608/MiniRaftClusterWithGrpce99f5d0d/s2/c896a275-db18-43bf-9a64-476be848888c/current/raft-meta.tmp with options [CREATE, WRITE]: sun.nio.ch.FileChannelImpl@7af309b5
2024-11-10 02:23:48,099 [s2-impl-thread1] TRACE util.FileUtils (LogUtils.java:runAndLog(49)) - Successfully ran Atomic Files.move /home/runner/work/ratis/ratis/ratis-test/target/test/data/e1a4608/MiniRaftClusterWithGrpce99f5d0d/s2/c896a275-db18-43bf-9a64-476be848888c/current/raft-meta.tmp to /home/runner/work/ratis/ratis/ratis-test/target/test/data/e1a4608/MiniRaftClusterWithGrpce99f5d0d/s2/c896a275-db18-43bf-9a64-476be848888c/current/raft-meta with options [REPLACE_EXISTING]
2024-11-10 02:23:48,099 [s2-impl-thread1] INFO  storage.RaftStorage (RaftStorageImpl.java:format(98)) - Storage directory /home/runner/work/ratis/ratis/ratis-test/target/test/data/e1a4608/MiniRaftClusterWithGrpce99f5d0d/s2/c896a275-db18-43bf-9a64-476be848888c has been successfully formatted.
2024-11-10 02:23:48,099 [s2-impl-thread1] INFO  impl.SimpleStateMachine4Testing (SimpleStateMachine4Testing.java:initialize(214)) - Initializing StateMachineWithMultiNestedSnapshotFile:uninitialized
2024-11-10 02:23:48,099 [s2-impl-thread1] INFO  impl.SimpleStateMachine4Testing (SimpleStateMachine4Testing.java:loadSnapshot(298)) - Loading snapshot null
2024-11-10 02:23:48,099 [s2-impl-thread1] INFO  server.RaftServerConfigKeys (ConfUtils.java:logGet(46)) - raft.server.log.use.memory = false (default)
2024-11-10 02:23:48,099 [s2-impl-thread1] INFO  server.RaftServerConfigKeys (ConfUtils.java:logGet(46)) - raft.server.log.purge.gap = 8 (custom)
2024-11-10 02:23:48,099 [s2-impl-thread1] INFO  server.RaftServerConfigKeys (ConfUtils.java:logGet(46)) - raft.server.log.appender.buffer.byte-limit = 4MB (=4194304) (default)
2024-11-10 02:23:48,099 [s2-impl-thread1] INFO  server.RaftServerConfigKeys (ConfUtils.java:logGet(46)) - raft.server.log.statemachine.data.read.timeout = 1000ms (default)
2024-11-10 02:23:48,100 [s2-impl-thread1] INFO  server.RaftServerConfigKeys (ConfUtils.java:logGet(46)) - raft.server.log.purge.preservation.log.num = 0 (default)
2024-11-10 02:23:48,101 [s2-impl-thread1] INFO  server.RaftServerConfigKeys (ConfUtils.java:logGet(46)) - raft.server.log.segment.size.max = 32MB (=33554432) (default)
2024-11-10 02:23:48,101 [s2-impl-thread1] INFO  server.RaftServerConfigKeys (ConfUtils.java:logGet(46)) - raft.server.log.segment.cache.num.max = 6 (default)
2024-11-10 02:23:48,101 [s2-impl-thread1] INFO  server.RaftServerConfigKeys (ConfUtils.java:logGet(46)) - raft.server.log.segment.cache.size.max = 200MB (=209715200) (default)
2024-11-10 02:23:48,101 [s2-impl-thread1] INFO  server.RaftServerConfigKeys (ConfUtils.java:logGet(46)) - raft.server.log.appender.buffer.byte-limit = 4MB (=4194304) (default)
2024-11-10 02:23:48,102 [s2-impl-thread1] INFO  util.AwaitToRun (AwaitToRun.java:start(81)) - Thread[s2@group-476BE848888C-cacheEviction-AwaitToRun,5,main] started
2024-11-10 02:23:48,103 [s2-impl-thread1] INFO  segmented.SegmentedRaftLogWorker (SegmentedRaftLogWorker.java:<init>(189)) - new s2@group-476BE848888C-SegmentedRaftLogWorker for RaftStorageImpl:Storage Directory /home/runner/work/ratis/ratis/ratis-test/target/test/data/e1a4608/MiniRaftClusterWithGrpce99f5d0d/s2/c896a275-db18-43bf-9a64-476be848888c
2024-11-10 02:23:48,103 [s2-impl-thread1] INFO  server.RaftServerConfigKeys (ConfUtils.java:logGet(46)) - raft.server.log.queue.byte-limit = 64MB (=67108864) (default)
2024-11-10 02:23:48,103 [s2-impl-thread1] INFO  server.RaftServerConfigKeys (ConfUtils.java:logGet(46)) - raft.server.log.queue.element-limit = 4096 (default)
2024-11-10 02:23:48,103 [s2-impl-thread1] INFO  server.RaftServerConfigKeys (ConfUtils.java:logGet(46)) - raft.server.log.segment.size.max = 32MB (=33554432) (default)
2024-11-10 02:23:48,103 [s2-impl-thread1] INFO  server.RaftServerConfigKeys (ConfUtils.java:logGet(46)) - raft.server.log.preallocated.size = 4MB (=4194304) (default)
2024-11-10 02:23:48,103 [s2-impl-thread1] INFO  server.RaftServerConfigKeys (ConfUtils.java:logGet(46)) - raft.server.log.force.sync.num = 128 (default)
2024-11-10 02:23:48,103 [s2-impl-thread1] INFO  server.RaftServerConfigKeys (ConfUtils.java:logGet(46)) - raft.server.log.statemachine.data.sync = true (default)
2024-11-10 02:23:48,103 [s2-impl-thread1] INFO  server.RaftServerConfigKeys (ConfUtils.java:logGet(46)) - raft.server.log.statemachine.data.sync.timeout = 10s (default)
2024-11-10 02:23:48,103 [s2-impl-thread1] INFO  server.RaftServerConfigKeys (ConfUtils.java:logGet(46)) - raft.server.log.statemachine.data.sync.timeout.retry = -1 (default)
2024-11-10 02:23:48,104 [s2-impl-thread1] INFO  server.RaftServerConfigKeys (ConfUtils.java:logGet(46)) - raft.server.log.write.buffer.size = 8MB (=8388608) (default)
2024-11-10 02:23:48,105 [s2-impl-thread1] INFO  server.RaftServerConfigKeys (ConfUtils.java:logGet(46)) - raft.server.log.appender.buffer.byte-limit = 4MB (=4194304) (default)
2024-11-10 02:23:48,105 [s2-impl-thread1] INFO  server.RaftServerConfigKeys (ConfUtils.java:logGet(46)) - raft.server.log.unsafe-flush.enabled = false (default)
2024-11-10 02:23:48,105 [s2-impl-thread1] INFO  server.RaftServerConfigKeys (ConfUtils.java:logGet(46)) - raft.server.log.async-flush.enabled = false (default)
2024-11-10 02:23:48,105 [s2-impl-thread1] INFO  server.RaftServerConfigKeys (ConfUtils.java:logGet(46)) - raft.server.log.statemachine.data.caching.enabled = false (default)
2024-11-10 02:23:48,105 [s2-impl-thread1] INFO  segmented.SegmentedRaftLogWorker (SegmentedRaftLogWorker.java:lambda$new$0(140)) - s2@group-476BE848888C-SegmentedRaftLogWorker: flushIndex: setUnconditionally 0 -> -1
2024-11-10 02:23:48,106 [s2-impl-thread1] INFO  segmented.SegmentedRaftLogWorker (SegmentedRaftLogWorker.java:lambda$new$0(140)) - s2@group-476BE848888C-SegmentedRaftLogWorker: safeCacheEvictIndex: setUnconditionally 0 -> -1
2024-11-10 02:23:48,107 [s2-impl-thread1] INFO  server.RaftServer$Division (RaftServerImpl.java:start(398)) - s2@group-476BE848888C: start with initializing state, conf=conf: {index: -1, cur=peers:[]|listeners:[], old=null}
2024-11-10 02:23:48,107 [s2-impl-thread1] INFO  server.RaftServer$Division (RaftServerImpl.java:setRole(379)) - s2@group-476BE848888C: changes role from      null to FOLLOWER at term 0 for start
2024-11-10 02:23:48,107 [s2-impl-thread1] INFO  util.JmxRegister (JmxRegister.java:tryRegister(44)) - Successfully registered JMX Bean with object name Ratis:service=RaftServer,group=group-476BE848888C,id=s2
2024-11-10 02:23:48,107 [s2-impl-thread1] INFO  util.JmxRegister (JmxRegister.java:register(58)) - register mxBean class org.apache.ratis.server.impl.RaftServerJmxAdapter as Ratis:service=RaftServer,group=group-476BE848888C,id=s2
2024-11-10 02:23:48,107 [s2-impl-thread1] INFO  server.RaftServerConfigKeys (ConfUtils.java:logGet(46)) - raft.server.snapshot.trigger-when-stop.enabled = true (default)
2024-11-10 02:23:48,107 [s2-impl-thread1] INFO  server.RaftServerConfigKeys (ConfUtils.java:logGet(46)) - raft.server.snapshot.trigger-when-remove.enabled = true (default)
2024-11-10 02:23:48,107 [s2-impl-thread1] INFO  server.RaftServerConfigKeys (ConfUtils.java:logGet(46)) - raft.server.snapshot.auto.trigger.enabled = true (custom)
2024-11-10 02:23:48,107 [s2-impl-thread1] INFO  server.RaftServerConfigKeys (ConfUtils.java:logGet(46)) - raft.server.snapshot.auto.trigger.threshold = 64 (custom)
2024-11-10 02:23:48,107 [s2-impl-thread1] INFO  server.RaftServerConfigKeys (ConfUtils.java:logGet(46)) - raft.server.snapshot.retention.file.num = -1 (default)
2024-11-10 02:23:48,107 [s2-impl-thread1] INFO  server.RaftServerConfigKeys (ConfUtils.java:logGet(46)) - raft.server.log.purge.upto.snapshot.index = false (default)
2024-11-10 02:23:48,111 [s2-impl-thread1] INFO  server.RaftServer$Division (RaftServerImpl.java:start(406)) - s2@group-476BE848888C: Successfully started.
2024-11-10 02:23:48,111 [main] INFO  server.RaftServer (RaftServerProxy.java:startImpl(408)) - s2: start RPC server
2024-11-10 02:23:48,112 [main] INFO  server.GrpcServicesImpl (GrpcServicesImpl.java:startImpl(353)) - s2: GrpcServicesImpl started, listening on 15005
2024-11-10 02:23:48,113 [main] INFO  impl.MiniRaftCluster (MiniRaftCluster.java:setConfiguration(835)) - Start changing the configuration: [s1|0.0.0.0:15004, s2|0.0.0.0:15005, s0|localhost:15000]
2024-11-10 02:23:48,123 [JvmPauseMonitor2] INFO  util.JvmPauseMonitor (JvmPauseMonitor.java:run(146)) - JvmPauseMonitor-s2: Started
2024-11-10 02:23:48,131 [s0-server-thread1] INFO  server.RaftServer$Division (RaftServerImpl.java:setConfigurationAsync(1341)) - s0@group-476BE848888C: receive setConfiguration SetConfigurationRequest:client-D5E65C2486DA->s0@group-476BE848888C, cid=129, seq=null, RW, null, SET_UNCONDITIONALLY, servers:[s1|0.0.0.0:15004, s2|0.0.0.0:15005, s0|localhost:15000], listeners:[]
2024-11-10 02:23:48,132 [s0-server-thread1] WARN  server.RaftServer$Division (RaftServerImpl.java:setConfigurationAsync(1400)) - Try to add/replace a majority of servers in a single setConf: SetConfigurationRequest:client-D5E65C2486DA->s0@group-476BE848888C, cid=129, seq=null, RW, null, SET_UNCONDITIONALLY, servers:[s1|0.0.0.0:15004, s2|0.0.0.0:15005, s0|localhost:15000], listeners:[]
2024-11-10 02:23:48,132 [s0-server-thread1] INFO  server.RaftServer$Division (LeaderStateImpl.java:startSetConfiguration(486)) - s0@group-476BE848888C-LeaderStateImpl: startSetConfiguration SetConfigurationRequest:client-D5E65C2486DA->s0@group-476BE848888C, cid=129, seq=null, RW, null, SET_UNCONDITIONALLY, servers:[s1|0.0.0.0:15004, s2|0.0.0.0:15005, s0|localhost:15000], listeners:[]
2024-11-10 02:23:48,144 [s0-server-thread1] INFO  server.RaftServerConfigKeys (ConfUtils.java:logGet(46)) - raft.server.log.appender.snapshot.chunk.size.max = 1k (=1024) (custom)
2024-11-10 02:23:48,145 [s0-server-thread1] INFO  server.RaftServerConfigKeys (ConfUtils.java:logGet(46)) - raft.server.log.appender.buffer.byte-limit = 4MB (=4194304) (default)
2024-11-10 02:23:48,145 [s0-server-thread1] INFO  server.RaftServerConfigKeys (ConfUtils.java:logGet(46)) - raft.server.log.appender.buffer.element-limit = 0 (default)
2024-11-10 02:23:48,147 [s0-server-thread1] INFO  server.RaftServerConfigKeys (ConfUtils.java:logGet(46)) - raft.server.log.appender.wait-time.min = 1ms (default)
2024-11-10 02:23:48,148 [s0-server-thread1] INFO  grpc.GrpcConfigKeys (ConfUtils.java:logGet(46)) - raft.grpc.server.leader.outstanding.appends.max = 8 (default)
2024-11-10 02:23:48,149 [s0-server-thread1] INFO  server.RaftServerConfigKeys (ConfUtils.java:logGet(46)) - raft.server.rpc.request.timeout = 3000ms (default)
2024-11-10 02:23:48,149 [s0-server-thread1] INFO  grpc.GrpcConfigKeys (ConfUtils.java:logGet(46)) - raft.grpc.server.install_snapshot.request.element-limit = 8 (default)
2024-11-10 02:23:48,149 [s0-server-thread1] INFO  grpc.GrpcConfigKeys (ConfUtils.java:logGet(46)) - raft.grpc.server.install_snapshot.request.timeout = 3000ms (default)
2024-11-10 02:23:48,149 [s0-server-thread1] INFO  grpc.GrpcConfigKeys (ConfUtils.java:logGet(46)) - raft.grpc.server.log-message.batch.duration = 5s (default)
2024-11-10 02:23:48,149 [s0-server-thread1] INFO  server.RaftServerConfigKeys (ConfUtils.java:logGet(46)) - raft.server.log.appender.install.snapshot.enabled = true (default)
2024-11-10 02:23:48,149 [s0-server-thread1] INFO  grpc.GrpcConfigKeys (ConfUtils.java:logGet(46)) - raft.grpc.server.heartbeat.channel = false (custom)
2024-11-10 02:23:48,154 [s0-server-thread1] INFO  server.RaftServerConfigKeys (ConfUtils.java:logGet(46)) - raft.server.log.appender.snapshot.chunk.size.max = 1k (=1024) (custom)
2024-11-10 02:23:48,154 [s0-server-thread1] INFO  server.RaftServerConfigKeys (ConfUtils.java:logGet(46)) - raft.server.log.appender.buffer.byte-limit = 4MB (=4194304) (default)
2024-11-10 02:23:48,154 [s0-server-thread1] INFO  server.RaftServerConfigKeys (ConfUtils.java:logGet(46)) - raft.server.log.appender.buffer.element-limit = 0 (default)
2024-11-10 02:23:48,154 [s0-server-thread1] INFO  server.RaftServerConfigKeys (ConfUtils.java:logGet(46)) - raft.server.log.appender.wait-time.min = 1ms (default)
2024-11-10 02:23:48,154 [s0-server-thread1] INFO  grpc.GrpcConfigKeys (ConfUtils.java:logGet(46)) - raft.grpc.server.leader.outstanding.appends.max = 8 (default)
2024-11-10 02:23:48,155 [s0-server-thread1] INFO  server.RaftServerConfigKeys (ConfUtils.java:logGet(46)) - raft.server.rpc.request.timeout = 3000ms (default)
2024-11-10 02:23:48,155 [s0-server-thread1] INFO  grpc.GrpcConfigKeys (ConfUtils.java:logGet(46)) - raft.grpc.server.install_snapshot.request.element-limit = 8 (default)
2024-11-10 02:23:48,155 [s0-server-thread1] INFO  grpc.GrpcConfigKeys (ConfUtils.java:logGet(46)) - raft.grpc.server.install_snapshot.request.timeout = 3000ms (default)
2024-11-10 02:23:48,155 [s0-server-thread1] INFO  grpc.GrpcConfigKeys (ConfUtils.java:logGet(46)) - raft.grpc.server.log-message.batch.duration = 5s (default)
2024-11-10 02:23:48,155 [s0-server-thread1] INFO  server.RaftServerConfigKeys (ConfUtils.java:logGet(46)) - raft.server.log.appender.install.snapshot.enabled = true (default)
2024-11-10 02:23:48,155 [s0-server-thread1] INFO  grpc.GrpcConfigKeys (ConfUtils.java:logGet(46)) - raft.grpc.server.heartbeat.channel = false (custom)
2024-11-10 02:23:48,157 [s0@group-476BE848888C->s1-GrpcLogAppender-LogAppenderDaemon] INFO  server.GrpcLogAppender (GrpcLogAppender.java:installSnapshot(759)) - s0@group-476BE848888C->s1-GrpcLogAppender: followerNextIndex = 0 but logStartIndex = 0, send snapshot FileListSnapshotInfo(t:1, i:191):[/home/runner/work/ratis/ratis/ratis-test/target/test/data/e1a4608/MiniRaftClusterWithGrpce99f5d0d/s0/c896a275-db18-43bf-9a64-476be848888c/sm/snapshot/1.bin, /home/runner/work/ratis/ratis/ratis-test/target/test/data/e1a4608/MiniRaftClusterWithGrpce99f5d0d/s0/c896a275-db18-43bf-9a64-476be848888c/sm/snapshot/sub/2.bin, /home/runner/work/ratis/ratis/ratis-test/target/test/data/e1a4608/MiniRaftClusterWithGrpce99f5d0d/s0/c896a275-db18-43bf-9a64-476be848888c/sm/snapshot.1_191] to follower
2024-11-10 02:23:48,157 [s0@group-476BE848888C->s2-GrpcLogAppender-LogAppenderDaemon] INFO  server.GrpcLogAppender (GrpcLogAppender.java:installSnapshot(759)) - s0@group-476BE848888C->s2-GrpcLogAppender: followerNextIndex = 0 but logStartIndex = 0, send snapshot FileListSnapshotInfo(t:1, i:191):[/home/runner/work/ratis/ratis/ratis-test/target/test/data/e1a4608/MiniRaftClusterWithGrpce99f5d0d/s0/c896a275-db18-43bf-9a64-476be848888c/sm/snapshot/1.bin, /home/runner/work/ratis/ratis/ratis-test/target/test/data/e1a4608/MiniRaftClusterWithGrpce99f5d0d/s0/c896a275-db18-43bf-9a64-476be848888c/sm/snapshot/sub/2.bin, /home/runner/work/ratis/ratis/ratis-test/target/test/data/e1a4608/MiniRaftClusterWithGrpce99f5d0d/s0/c896a275-db18-43bf-9a64-476be848888c/sm/snapshot.1_191] to follower
2024-11-10 02:23:48,160 [s0@group-476BE848888C->s2-GrpcLogAppender-LogAppenderDaemon] INFO  server.GrpcServerProtocolClient (GrpcServerProtocolClient.java:<init>(65)) - Build channel for s2|0.0.0.0:15005
2024-11-10 02:23:48,160 [s0@group-476BE848888C->s1-GrpcLogAppender-LogAppenderDaemon] INFO  server.GrpcServerProtocolClient (GrpcServerProtocolClient.java:<init>(65)) - Build channel for s1|0.0.0.0:15004
2024-11-10 02:23:48,179 [s0@group-476BE848888C->s2-GrpcLogAppender-LogAppenderDaemon] TRACE util.FileUtils (LogUtils.java:supplyAndLog(69)) - Successfully supplied Files.newInputStream /home/runner/work/ratis/ratis/ratis-test/target/test/data/e1a4608/MiniRaftClusterWithGrpce99f5d0d/s0/c896a275-db18-43bf-9a64-476be848888c/sm/snapshot/1.bin with options []: sun.nio.ch.ChannelInputStream@acc334f
2024-11-10 02:23:48,179 [s0@group-476BE848888C->s1-GrpcLogAppender-LogAppenderDaemon] TRACE util.FileUtils (LogUtils.java:supplyAndLog(69)) - Successfully supplied Files.newInputStream /home/runner/work/ratis/ratis/ratis-test/target/test/data/e1a4608/MiniRaftClusterWithGrpce99f5d0d/s0/c896a275-db18-43bf-9a64-476be848888c/sm/snapshot/1.bin with options []: sun.nio.ch.ChannelInputStream@464360e8
2024-11-10 02:23:48,197 [s0@group-476BE848888C->s2-GrpcLogAppender-LogAppenderDaemon] TRACE util.FileUtils (LogUtils.java:supplyAndLog(69)) - Successfully supplied Files.newInputStream /home/runner/work/ratis/ratis/ratis-test/target/test/data/e1a4608/MiniRaftClusterWithGrpce99f5d0d/s0/c896a275-db18-43bf-9a64-476be848888c/sm/snapshot/sub/2.bin with options []: sun.nio.ch.ChannelInputStream@40255fb6
2024-11-10 02:23:48,206 [grpc-default-executor-2] INFO  impl.SnapshotInstallationHandler (SnapshotInstallationHandler.java:installSnapshot(97)) - s1@group-476BE848888C: receive installSnapshot: s0->s1#0-t1,chunk:1c44ffbe-0d30-48d8-a571-88d162b307a7,0
2024-11-10 02:23:48,207 [grpc-default-executor-2] TRACE util.FileUtils (LogUtils.java:supplyAndLog(69)) - Successfully supplied FileChannel.open /home/runner/work/ratis/ratis/ratis-test/target/test/data/e1a4608/MiniRaftClusterWithGrpce99f5d0d/s1/c896a275-db18-43bf-9a64-476be848888c/current/raft-meta.tmp with options [CREATE, WRITE]: sun.nio.ch.FileChannelImpl@4b9fef10
2024-11-10 02:23:48,208 [grpc-default-executor-0] INFO  impl.SnapshotInstallationHandler (SnapshotInstallationHandler.java:installSnapshot(97)) - s2@group-476BE848888C: receive installSnapshot: s0->s2#0-t1,chunk:4cde77ba-d989-4547-a55f-9a0724b50766,0
2024-11-10 02:23:48,209 [grpc-default-executor-0] TRACE util.FileUtils (LogUtils.java:supplyAndLog(69)) - Successfully supplied FileChannel.open /home/runner/work/ratis/ratis/ratis-test/target/test/data/e1a4608/MiniRaftClusterWithGrpce99f5d0d/s2/c896a275-db18-43bf-9a64-476be848888c/current/raft-meta.tmp with options [CREATE, WRITE]: sun.nio.ch.FileChannelImpl@8e8fc3f
2024-11-10 02:23:48,210 [grpc-default-executor-2] TRACE util.FileUtils (LogUtils.java:runAndLog(49)) - Successfully ran Atomic Files.move /home/runner/work/ratis/ratis/ratis-test/target/test/data/e1a4608/MiniRaftClusterWithGrpce99f5d0d/s1/c896a275-db18-43bf-9a64-476be848888c/current/raft-meta.tmp to /home/runner/work/ratis/ratis/ratis-test/target/test/data/e1a4608/MiniRaftClusterWithGrpce99f5d0d/s1/c896a275-db18-43bf-9a64-476be848888c/current/raft-meta with options [REPLACE_EXISTING]
2024-11-10 02:23:48,210 [grpc-default-executor-2] INFO  server.RaftServer$Division (RaftServerImpl.java:setFirstElection(563)) - s1@group-476BE848888C: set firstElectionSinceStartup to false for installSnapshot
2024-11-10 02:23:48,210 [grpc-default-executor-2] INFO  server.RaftServer$Division (ServerState.java:setLeader(272)) - s1@group-476BE848888C: change Leader from null to s0 at term 1 for installSnapshot, leader elected after 138ms
2024-11-10 02:23:48,211 [grpc-default-executor-0] TRACE util.FileUtils (LogUtils.java:runAndLog(49)) - Successfully ran Atomic Files.move /home/runner/work/ratis/ratis/ratis-test/target/test/data/e1a4608/MiniRaftClusterWithGrpce99f5d0d/s2/c896a275-db18-43bf-9a64-476be848888c/current/raft-meta.tmp to /home/runner/work/ratis/ratis/ratis-test/target/test/data/e1a4608/MiniRaftClusterWithGrpce99f5d0d/s2/c896a275-db18-43bf-9a64-476be848888c/current/raft-meta with options [REPLACE_EXISTING]
2024-11-10 02:23:48,211 [grpc-default-executor-0] INFO  server.RaftServer$Division (RaftServerImpl.java:setFirstElection(563)) - s2@group-476BE848888C: set firstElectionSinceStartup to false for installSnapshot
2024-11-10 02:23:48,211 [grpc-default-executor-0] INFO  server.RaftServer$Division (ServerState.java:setLeader(272)) - s2@group-476BE848888C: change Leader from null to s0 at term 1 for installSnapshot, leader elected after 137ms
2024-11-10 02:23:48,213 [grpc-default-executor-2] TRACE util.FileUtils (LogUtils.java:runAndLog(49)) - Successfully ran Files.createDirectories /home/runner/work/ratis/ratis/ratis-test/target/test/data/e1a4608/MiniRaftClusterWithGrpce99f5d0d/s1/c896a275-db18-43bf-9a64-476be848888c/tmp/snapshot-1c44ffbe-0d30-48d8-a571-88d162b307a7
2024-11-10 02:23:48,213 [grpc-default-executor-2] INFO  storage.SnapshotManager (SnapshotManager.java:installSnapshot(111)) - Installing snapshot:s0->s1#0-t1,chunk:1c44ffbe-0d30-48d8-a571-88d162b307a7,0, to tmp dir:/home/runner/work/ratis/ratis/ratis-test/target/test/data/e1a4608/MiniRaftClusterWithGrpce99f5d0d/s1/c896a275-db18-43bf-9a64-476be848888c/tmp/snapshot-1c44ffbe-0d30-48d8-a571-88d162b307a7
2024-11-10 02:23:48,213 [grpc-default-executor-2] TRACE util.FileUtils (LogUtils.java:runAndLog(49)) - Successfully ran Files.createDirectories /home/runner/work/ratis/ratis/ratis-test/target/test/data/e1a4608/MiniRaftClusterWithGrpce99f5d0d/s1/c896a275-db18-43bf-9a64-476be848888c/tmp/snapshot-1c44ffbe-0d30-48d8-a571-88d162b307a7/snapshot
2024-11-10 02:23:48,213 [grpc-default-executor-2] TRACE util.FileUtils (LogUtils.java:supplyAndLog(69)) - Successfully supplied FileChannel.open /home/runner/work/ratis/ratis/ratis-test/target/test/data/e1a4608/MiniRaftClusterWithGrpce99f5d0d/s1/c896a275-db18-43bf-9a64-476be848888c/tmp/snapshot-1c44ffbe-0d30-48d8-a571-88d162b307a7/snapshot/1.bin with options [WRITE, CREATE]: sun.nio.ch.FileChannelImpl@14b836f
2024-11-10 02:23:48,214 [grpc-default-executor-2] TRACE util.FileUtils (LogUtils.java:supplyAndLog(69)) - Successfully supplied FileChannel.open /home/runner/work/ratis/ratis/ratis-test/target/test/data/e1a4608/MiniRaftClusterWithGrpce99f5d0d/s1/c896a275-db18-43bf-9a64-476be848888c/tmp/snapshot-1c44ffbe-0d30-48d8-a571-88d162b307a7/snapshot/1.bin.md5.tmp with options [CREATE, WRITE]: sun.nio.ch.FileChannelImpl@79175b3b
2024-11-10 02:23:48,215 [grpc-default-executor-0] TRACE util.FileUtils (LogUtils.java:runAndLog(49)) - Successfully ran Files.createDirectories /home/runner/work/ratis/ratis/ratis-test/target/test/data/e1a4608/MiniRaftClusterWithGrpce99f5d0d/s2/c896a275-db18-43bf-9a64-476be848888c/tmp/snapshot-4cde77ba-d989-4547-a55f-9a0724b50766
2024-11-10 02:23:48,215 [grpc-default-executor-0] INFO  storage.SnapshotManager (SnapshotManager.java:installSnapshot(111)) - Installing snapshot:s0->s2#0-t1,chunk:4cde77ba-d989-4547-a55f-9a0724b50766,0, to tmp dir:/home/runner/work/ratis/ratis/ratis-test/target/test/data/e1a4608/MiniRaftClusterWithGrpce99f5d0d/s2/c896a275-db18-43bf-9a64-476be848888c/tmp/snapshot-4cde77ba-d989-4547-a55f-9a0724b50766
2024-11-10 02:23:48,215 [grpc-default-executor-0] TRACE util.FileUtils (LogUtils.java:runAndLog(49)) - Successfully ran Files.createDirectories /home/runner/work/ratis/ratis/ratis-test/target/test/data/e1a4608/MiniRaftClusterWithGrpce99f5d0d/s2/c896a275-db18-43bf-9a64-476be848888c/tmp/snapshot-4cde77ba-d989-4547-a55f-9a0724b50766/snapshot
2024-11-10 02:23:48,215 [grpc-default-executor-0] TRACE util.FileUtils (LogUtils.java:supplyAndLog(69)) - Successfully supplied FileChannel.open /home/runner/work/ratis/ratis/ratis-test/target/test/data/e1a4608/MiniRaftClusterWithGrpce99f5d0d/s2/c896a275-db18-43bf-9a64-476be848888c/tmp/snapshot-4cde77ba-d989-4547-a55f-9a0724b50766/snapshot/1.bin with options [WRITE, CREATE]: sun.nio.ch.FileChannelImpl@3dd5db60
2024-11-10 02:23:48,216 [grpc-default-executor-0] TRACE util.FileUtils (LogUtils.java:supplyAndLog(69)) - Successfully supplied FileChannel.open /home/runner/work/ratis/ratis/ratis-test/target/test/data/e1a4608/MiniRaftClusterWithGrpce99f5d0d/s2/c896a275-db18-43bf-9a64-476be848888c/tmp/snapshot-4cde77ba-d989-4547-a55f-9a0724b50766/snapshot/1.bin.md5.tmp with options [CREATE, WRITE]: sun.nio.ch.FileChannelImpl@2922f992
2024-11-10 02:23:48,217 [grpc-default-executor-2] TRACE util.FileUtils (LogUtils.java:runAndLog(49)) - Successfully ran Atomic Files.move /home/runner/work/ratis/ratis/ratis-test/target/test/data/e1a4608/MiniRaftClusterWithGrpce99f5d0d/s1/c896a275-db18-43bf-9a64-476be848888c/tmp/snapshot-1c44ffbe-0d30-48d8-a571-88d162b307a7/snapshot/1.bin.md5.tmp to /home/runner/work/ratis/ratis/ratis-test/target/test/data/e1a4608/MiniRaftClusterWithGrpce99f5d0d/s1/c896a275-db18-43bf-9a64-476be848888c/tmp/snapshot-1c44ffbe-0d30-48d8-a571-88d162b307a7/snapshot/1.bin.md5 with options [REPLACE_EXISTING]
2024-11-10 02:23:48,217 [grpc-default-executor-0] TRACE util.FileUtils (LogUtils.java:runAndLog(49)) - Successfully ran Atomic Files.move /home/runner/work/ratis/ratis/ratis-test/target/test/data/e1a4608/MiniRaftClusterWithGrpce99f5d0d/s2/c896a275-db18-43bf-9a64-476be848888c/tmp/snapshot-4cde77ba-d989-4547-a55f-9a0724b50766/snapshot/1.bin.md5.tmp to /home/runner/work/ratis/ratis/ratis-test/target/test/data/e1a4608/MiniRaftClusterWithGrpce99f5d0d/s2/c896a275-db18-43bf-9a64-476be848888c/tmp/snapshot-4cde77ba-d989-4547-a55f-9a0724b50766/snapshot/1.bin.md5 with options [REPLACE_EXISTING]
2024-11-10 02:23:48,219 [s0@group-476BE848888C->s2-GrpcLogAppender-LogAppenderDaemon] TRACE util.FileUtils (LogUtils.java:supplyAndLog(69)) - Successfully supplied Files.newInputStream /home/runner/work/ratis/ratis/ratis-test/target/test/data/e1a4608/MiniRaftClusterWithGrpce99f5d0d/s0/c896a275-db18-43bf-9a64-476be848888c/sm/snapshot.1_191 with options []: sun.nio.ch.ChannelInputStream@36dbd252
2024-11-10 02:23:48,224 [grpc-default-executor-0] INFO  impl.SnapshotInstallationHandler (SnapshotInstallationHandler.java:installSnapshotImpl(143)) - s2@group-476BE848888C: set new configuration configurationEntry {
  peers {
    id: "s0"
    address: "localhost:15000"
    dataStreamAddress: "localhost:15003"
    clientAddress: "localhost:15002"
    adminAddress: "localhost:15001"
    startupRole: FOLLOWER
  }
}
 from snapshot
2024-11-10 02:23:48,224 [grpc-default-executor-0] INFO  server.RaftServer$Division (ServerState.java:setRaftConf(386)) - s2@group-476BE848888C: set configuration conf: {index: 0, cur=peers:[s0|localhost:15000]|listeners:[], old=null}
2024-11-10 02:23:48,224 [grpc-default-executor-0] TRACE util.FileUtils (LogUtils.java:supplyAndLog(69)) - Successfully supplied FileChannel.open /home/runner/work/ratis/ratis/ratis-test/target/test/data/e1a4608/MiniRaftClusterWithGrpce99f5d0d/s2/c896a275-db18-43bf-9a64-476be848888c/current/raft-meta.conf.tmp with options [CREATE, WRITE]: sun.nio.ch.FileChannelImpl@1f13f382
2024-11-10 02:23:48,225 [grpc-default-executor-2] INFO  impl.SnapshotInstallationHandler (SnapshotInstallationHandler.java:installSnapshotImpl(143)) - s1@group-476BE848888C: set new configuration configurationEntry {
  peers {
    id: "s0"
    address: "localhost:15000"
    dataStreamAddress: "localhost:15003"
    clientAddress: "localhost:15002"
    adminAddress: "localhost:15001"
    startupRole: FOLLOWER
  }
}
 from snapshot
2024-11-10 02:23:48,225 [grpc-default-executor-2] INFO  server.RaftServer$Division (ServerState.java:setRaftConf(386)) - s1@group-476BE848888C: set configuration conf: {index: 0, cur=peers:[s0|localhost:15000]|listeners:[], old=null}
2024-11-10 02:23:48,226 [grpc-default-executor-2] TRACE util.FileUtils (LogUtils.java:supplyAndLog(69)) - Successfully supplied FileChannel.open /home/runner/work/ratis/ratis/ratis-test/target/test/data/e1a4608/MiniRaftClusterWithGrpce99f5d0d/s1/c896a275-db18-43bf-9a64-476be848888c/current/raft-meta.conf.tmp with options [CREATE, WRITE]: sun.nio.ch.FileChannelImpl@417449da
2024-11-10 02:23:48,226 [grpc-default-executor-0] TRACE util.FileUtils (LogUtils.java:runAndLog(49)) - Successfully ran Atomic Files.move /home/runner/work/ratis/ratis/ratis-test/target/test/data/e1a4608/MiniRaftClusterWithGrpce99f5d0d/s2/c896a275-db18-43bf-9a64-476be848888c/current/raft-meta.conf.tmp to /home/runner/work/ratis/ratis/ratis-test/target/test/data/e1a4608/MiniRaftClusterWithGrpce99f5d0d/s2/c896a275-db18-43bf-9a64-476be848888c/current/raft-meta.conf with options [REPLACE_EXISTING]
2024-11-10 02:23:48,226 [grpc-default-executor-0] INFO  impl.SnapshotInstallationHandler (SnapshotInstallationHandler.java:installSnapshot(108)) - s2@group-476BE848888C: reply installSnapshot: s0<-s2#0:OK-t0,SUCCESS,requestIndex=0
2024-11-10 02:23:48,227 [grpc-default-executor-2] TRACE util.FileUtils (LogUtils.java:runAndLog(49)) - Successfully ran Atomic Files.move /home/runner/work/ratis/ratis/ratis-test/target/test/data/e1a4608/MiniRaftClusterWithGrpce99f5d0d/s1/c896a275-db18-43bf-9a64-476be848888c/current/raft-meta.conf.tmp to /home/runner/work/ratis/ratis/ratis-test/target/test/data/e1a4608/MiniRaftClusterWithGrpce99f5d0d/s1/c896a275-db18-43bf-9a64-476be848888c/current/raft-meta.conf with options [REPLACE_EXISTING]
2024-11-10 02:23:48,227 [grpc-default-executor-2] INFO  impl.SnapshotInstallationHandler (SnapshotInstallationHandler.java:installSnapshot(108)) - s1@group-476BE848888C: reply installSnapshot: s0<-s1#0:OK-t0,SUCCESS,requestIndex=0
2024-11-10 02:23:48,230 [grpc-default-executor-1] INFO  server.GrpcLogAppender (GrpcLogAppender.java:onNext(664)) - s0@group-476BE848888C->s1-InstallSnapshotResponseHandler: received the first reply s0<-s1#0:OK-t0,SUCCESS,requestIndex=0
2024-11-10 02:23:48,231 [grpc-default-executor-0] INFO  impl.SnapshotInstallationHandler (SnapshotInstallationHandler.java:installSnapshot(97)) - s2@group-476BE848888C: receive installSnapshot: s0->s2#0-t1,chunk:4cde77ba-d989-4547-a55f-9a0724b50766,1
2024-11-10 02:23:48,231 [grpc-default-executor-0] TRACE util.FileUtils (LogUtils.java:runAndLog(49)) - Successfully ran Files.createDirectories /home/runner/work/ratis/ratis/ratis-test/target/test/data/e1a4608/MiniRaftClusterWithGrpce99f5d0d/s2/c896a275-db18-43bf-9a64-476be848888c/tmp/snapshot-4cde77ba-d989-4547-a55f-9a0724b50766
2024-11-10 02:23:48,231 [grpc-default-executor-0] INFO  storage.SnapshotManager (SnapshotManager.java:installSnapshot(111)) - Installing snapshot:s0->s2#0-t1,chunk:4cde77ba-d989-4547-a55f-9a0724b50766,1, to tmp dir:/home/runner/work/ratis/ratis/ratis-test/target/test/data/e1a4608/MiniRaftClusterWithGrpce99f5d0d/s2/c896a275-db18-43bf-9a64-476be848888c/tmp/snapshot-4cde77ba-d989-4547-a55f-9a0724b50766
2024-11-10 02:23:48,231 [grpc-default-executor-0] TRACE util.FileUtils (LogUtils.java:runAndLog(49)) - Successfully ran Files.createDirectories /home/runner/work/ratis/ratis/ratis-test/target/test/data/e1a4608/MiniRaftClusterWithGrpce99f5d0d/s2/c896a275-db18-43bf-9a64-476be848888c/tmp/snapshot-4cde77ba-d989-4547-a55f-9a0724b50766/snapshot/sub
2024-11-10 02:23:48,232 [grpc-default-executor-0] TRACE util.FileUtils (LogUtils.java:supplyAndLog(69)) - Successfully supplied FileChannel.open /home/runner/work/ratis/ratis/ratis-test/target/test/data/e1a4608/MiniRaftClusterWithGrpce99f5d0d/s2/c896a275-db18-43bf-9a64-476be848888c/tmp/snapshot-4cde77ba-d989-4547-a55f-9a0724b50766/snapshot/sub/2.bin with options [WRITE, CREATE]: sun.nio.ch.FileChannelImpl@2acb2612
2024-11-10 02:23:48,232 [grpc-default-executor-0] INFO  impl.SnapshotInstallationHandler (SnapshotInstallationHandler.java:installSnapshotImpl(143)) - s2@group-476BE848888C: set new configuration configurationEntry {
  peers {
    id: "s0"
    address: "localhost:15000"
    dataStreamAddress: "localhost:15003"
    clientAddress: "localhost:15002"
    adminAddress: "localhost:15001"
    startupRole: FOLLOWER
  }
}
 from snapshot
2024-11-10 02:23:48,232 [grpc-default-executor-0] INFO  server.RaftServer$Division (ServerState.java:setRaftConf(386)) - s2@group-476BE848888C: set configuration conf: {index: 0, cur=peers:[s0|localhost:15000]|listeners:[], old=null}
2024-11-10 02:23:48,233 [grpc-default-executor-0] TRACE util.FileUtils (LogUtils.java:supplyAndLog(69)) - Successfully supplied FileChannel.open /home/runner/work/ratis/ratis/ratis-test/target/test/data/e1a4608/MiniRaftClusterWithGrpce99f5d0d/s2/c896a275-db18-43bf-9a64-476be848888c/current/raft-meta.conf.tmp with options [CREATE, WRITE]: sun.nio.ch.FileChannelImpl@5eb1ea3d
2024-11-10 02:23:48,233 [grpc-default-executor-1] INFO  server.GrpcLogAppender (GrpcLogAppender.java:onNext(675)) - s0@group-476BE848888C->s1-InstallSnapshotResponseHandler: Completed InstallSnapshot. Reply: serverReply {
  requestorId: "s0"
  replyId: "s1"
  raftGroupId {
    id: "\310\226\242u\333\030C\277\232dGk\350H\210\214"
  }
  success: true
}
requestIndex: 0

2024-11-10 02:23:48,233 [grpc-default-executor-1] INFO  leader.FollowerInfo (FollowerInfoImpl.java:setAttemptedToInstallSnapshot(154)) - Follower s0@group-476BE848888C->s1 acknowledged installing snapshot
2024-11-10 02:23:48,237 [grpc-default-executor-1] WARN  server.GrpcLogAppender (LogUtils.java:warn(121)) - s0@group-476BE848888C->s1-InstallSnapshotResponseHandler: Failed InstallSnapshot: org.apache.ratis.thirdparty.io.grpc.StatusRuntimeException: CANCELLED: Failed to read message.
2024-11-10 02:23:48,239 [grpc-default-executor-0] TRACE util.FileUtils (LogUtils.java:runAndLog(49)) - Successfully ran Atomic Files.move /home/runner/work/ratis/ratis/ratis-test/target/test/data/e1a4608/MiniRaftClusterWithGrpce99f5d0d/s2/c896a275-db18-43bf-9a64-476be848888c/current/raft-meta.conf.tmp to /home/runner/work/ratis/ratis/ratis-test/target/test/data/e1a4608/MiniRaftClusterWithGrpce99f5d0d/s2/c896a275-db18-43bf-9a64-476be848888c/current/raft-meta.conf with options [REPLACE_EXISTING]
2024-11-10 02:23:48,239 [grpc-default-executor-0] INFO  impl.SnapshotInstallationHandler (SnapshotInstallationHandler.java:installSnapshot(108)) - s2@group-476BE848888C: reply installSnapshot: s0<-s2#0:OK-t1,SUCCESS,requestIndex=1
2024-11-10 02:23:48,241 [grpc-default-executor-1] WARN  server.GrpcLogAppender (GrpcLogAppender.java:lambda$resetClient$1(221)) - s0@group-476BE848888C->s1-GrpcLogAppender: Follower failed (request=null, errorCount=1); keep nextIndex (0) unchanged and retry.
2024-11-10 02:23:48,243 [s0@group-476BE848888C->s1-GrpcLogAppender-LogAppenderDaemon] TRACE util.FileUtils (LogUtils.java:supplyAndLog(69)) - Successfully supplied Files.newInputStream /home/runner/work/ratis/ratis/ratis-test/target/test/data/e1a4608/MiniRaftClusterWithGrpce99f5d0d/s0/c896a275-db18-43bf-9a64-476be848888c/sm/snapshot/sub/2.bin with options []: sun.nio.ch.ChannelInputStream@7fc8e482
2024-11-10 02:23:48,244 [grpc-default-executor-0] INFO  impl.SnapshotInstallationHandler (SnapshotInstallationHandler.java:installSnapshot(97)) - s2@group-476BE848888C: receive installSnapshot: s0->s2#0-t1,chunk:4cde77ba-d989-4547-a55f-9a0724b50766,2
2024-11-10 02:23:48,245 [s0@group-476BE848888C->s1-GrpcLogAppender-LogAppenderDaemon] TRACE util.FileUtils (LogUtils.java:supplyAndLog(69)) - Successfully supplied Files.newInputStream /home/runner/work/ratis/ratis/ratis-test/target/test/data/e1a4608/MiniRaftClusterWithGrpce99f5d0d/s0/c896a275-db18-43bf-9a64-476be848888c/sm/snapshot.1_191 with options []: sun.nio.ch.ChannelInputStream@db2829d
2024-11-10 02:23:48,245 [grpc-default-executor-0] TRACE util.FileUtils (LogUtils.java:runAndLog(49)) - Successfully ran Files.createDirectories /home/runner/work/ratis/ratis/ratis-test/target/test/data/e1a4608/MiniRaftClusterWithGrpce99f5d0d/s2/c896a275-db18-43bf-9a64-476be848888c/tmp/snapshot-4cde77ba-d989-4547-a55f-9a0724b50766
2024-11-10 02:23:48,245 [grpc-default-executor-0] INFO  storage.SnapshotManager (SnapshotManager.java:installSnapshot(111)) - Installing snapshot:s0->s2#0-t1,chunk:4cde77ba-d989-4547-a55f-9a0724b50766,2, to tmp dir:/home/runner/work/ratis/ratis/ratis-test/target/test/data/e1a4608/MiniRaftClusterWithGrpce99f5d0d/s2/c896a275-db18-43bf-9a64-476be848888c/tmp/snapshot-4cde77ba-d989-4547-a55f-9a0724b50766
2024-11-10 02:23:48,245 [grpc-default-executor-0] TRACE util.FileUtils (LogUtils.java:runAndLog(49)) - Successfully ran Files.createDirectories /home/runner/work/ratis/ratis/ratis-test/target/test/data/e1a4608/MiniRaftClusterWithGrpce99f5d0d/s2/c896a275-db18-43bf-9a64-476be848888c/tmp/snapshot-4cde77ba-d989-4547-a55f-9a0724b50766/snapshot/sub
2024-11-10 02:23:48,246 [grpc-default-executor-0] TRACE util.FileUtils (LogUtils.java:supplyAndLog(69)) - Successfully supplied FileChannel.open /home/runner/work/ratis/ratis/ratis-test/target/test/data/e1a4608/MiniRaftClusterWithGrpce99f5d0d/s2/c896a275-db18-43bf-9a64-476be848888c/tmp/snapshot-4cde77ba-d989-4547-a55f-9a0724b50766/snapshot/sub/2.bin with options [WRITE]: sun.nio.ch.FileChannelImpl@5feab7c5
2024-11-10 02:23:48,247 [grpc-default-executor-0] INFO  impl.SnapshotInstallationHandler (SnapshotInstallationHandler.java:installSnapshotImpl(143)) - s2@group-476BE848888C: set new configuration configurationEntry {
  peers {
    id: "s0"
    address: "localhost:15000"
    dataStreamAddress: "localhost:15003"
    clientAddress: "localhost:15002"
    adminAddress: "localhost:15001"
    startupRole: FOLLOWER
  }
}
 from snapshot
2024-11-10 02:23:48,248 [grpc-default-executor-0] INFO  server.RaftServer$Division (ServerState.java:setRaftConf(386)) - s2@group-476BE848888C: set configuration conf: {index: 0, cur=peers:[s0|localhost:15000]|listeners:[], old=null}
2024-11-10 02:23:48,248 [grpc-default-executor-0] TRACE util.FileUtils (LogUtils.java:supplyAndLog(69)) - Successfully supplied FileChannel.open /home/runner/work/ratis/ratis/ratis-test/target/test/data/e1a4608/MiniRaftClusterWithGrpce99f5d0d/s2/c896a275-db18-43bf-9a64-476be848888c/current/raft-meta.conf.tmp with options [CREATE, WRITE]: sun.nio.ch.FileChannelImpl@113e546f
2024-11-10 02:23:48,247 [grpc-default-executor-1] WARN  server.GrpcServerProtocolService (LogUtils.java:warn(121)) - s1: INSTALL_SNAPSHOT onError, lastRequest: s0->s1#0-t1,chunk:1c44ffbe-0d30-48d8-a571-88d162b307a7,0: org.apache.ratis.thirdparty.io.grpc.StatusRuntimeException: CANCELLED: client cancelled
2024-11-10 02:23:48,249 [grpc-default-executor-0] TRACE util.FileUtils (LogUtils.java:runAndLog(49)) - Successfully ran Atomic Files.move /home/runner/work/ratis/ratis/ratis-test/target/test/data/e1a4608/MiniRaftClusterWithGrpce99f5d0d/s2/c896a275-db18-43bf-9a64-476be848888c/current/raft-meta.conf.tmp to /home/runner/work/ratis/ratis/ratis-test/target/test/data/e1a4608/MiniRaftClusterWithGrpce99f5d0d/s2/c896a275-db18-43bf-9a64-476be848888c/current/raft-meta.conf with options [REPLACE_EXISTING]
2024-11-10 02:23:48,249 [grpc-default-executor-0] INFO  impl.SnapshotInstallationHandler (SnapshotInstallationHandler.java:installSnapshot(108)) - s2@group-476BE848888C: reply installSnapshot: s0<-s2#0:OK-t1,SUCCESS,requestIndex=2
2024-11-10 02:23:48,250 [grpc-default-executor-3] INFO  server.GrpcLogAppender (GrpcLogAppender.java:onNext(664)) - s0@group-476BE848888C->s2-InstallSnapshotResponseHandler: received the first reply s0<-s2#0:OK-t0,SUCCESS,requestIndex=0
2024-11-10 02:23:48,251 [grpc-default-executor-3] INFO  server.GrpcLogAppender (GrpcLogAppender.java:onNext(675)) - s0@group-476BE848888C->s2-InstallSnapshotResponseHandler: Completed InstallSnapshot. Reply: serverReply {
  requestorId: "s0"
  replyId: "s2"
  raftGroupId {
    id: "\310\226\242u\333\030C\277\232dGk\350H\210\214"
  }
  success: true
}
requestIndex: 0

2024-11-10 02:23:48,251 [grpc-default-executor-3] INFO  leader.FollowerInfo (FollowerInfoImpl.java:setAttemptedToInstallSnapshot(154)) - Follower s0@group-476BE848888C->s2 acknowledged installing snapshot
2024-11-10 02:23:48,251 [grpc-default-executor-3] INFO  server.GrpcLogAppender (GrpcLogAppender.java:onNext(664)) - s0@group-476BE848888C->s2-InstallSnapshotResponseHandler: received a reply s0<-s2#0:OK-t1,SUCCESS,requestIndex=1
2024-11-10 02:23:48,252 [grpc-default-executor-3] INFO  server.GrpcLogAppender (GrpcLogAppender.java:onNext(675)) - s0@group-476BE848888C->s2-InstallSnapshotResponseHandler: Completed InstallSnapshot. Reply: serverReply {
  requestorId: "s0"
  replyId: "s2"
  raftGroupId {
    id: "\310\226\242u\333\030C\277\232dGk\350H\210\214"
  }
  success: true
}
term: 1
requestIndex: 1

2024-11-10 02:23:48,252 [grpc-default-executor-3] INFO  leader.FollowerInfo (FollowerInfoImpl.java:setAttemptedToInstallSnapshot(154)) - Follower s0@group-476BE848888C->s2 acknowledged installing snapshot
2024-11-10 02:23:48,252 [grpc-default-executor-3] INFO  server.GrpcLogAppender (GrpcLogAppender.java:onNext(664)) - s0@group-476BE848888C->s2-InstallSnapshotResponseHandler: received a reply s0<-s2#0:OK-t1,SUCCESS,requestIndex=2
2024-11-10 02:23:48,253 [grpc-default-executor-3] INFO  server.GrpcLogAppender (GrpcLogAppender.java:onNext(675)) - s0@group-476BE848888C->s2-InstallSnapshotResponseHandler: Completed InstallSnapshot. Reply: serverReply {
  requestorId: "s0"
  replyId: "s2"
  raftGroupId {
    id: "\310\226\242u\333\030C\277\232dGk\350H\210\214"
  }
  success: true
}
term: 1
requestIndex: 2

2024-11-10 02:23:48,254 [grpc-default-executor-3] INFO  leader.FollowerInfo (FollowerInfoImpl.java:setAttemptedToInstallSnapshot(154)) - Follower s0@group-476BE848888C->s2 acknowledged installing snapshot
2024-11-10 02:23:48,255 [grpc-default-executor-0] INFO  impl.SnapshotInstallationHandler (SnapshotInstallationHandler.java:installSnapshot(97)) - s2@group-476BE848888C: receive installSnapshot: s0->s2#0-t1,chunk:4cde77ba-d989-4547-a55f-9a0724b50766,3
2024-11-10 02:23:48,255 [grpc-default-executor-0] TRACE util.FileUtils (LogUtils.java:runAndLog(49)) - Successfully ran Files.createDirectories /home/runner/work/ratis/ratis/ratis-test/target/test/data/e1a4608/MiniRaftClusterWithGrpce99f5d0d/s2/c896a275-db18-43bf-9a64-476be848888c/tmp/snapshot-4cde77ba-d989-4547-a55f-9a0724b50766
2024-11-10 02:23:48,255 [grpc-default-executor-0] INFO  storage.SnapshotManager (SnapshotManager.java:installSnapshot(111)) - Installing snapshot:s0->s2#0-t1,chunk:4cde77ba-d989-4547-a55f-9a0724b50766,3, to tmp dir:/home/runner/work/ratis/ratis/ratis-test/target/test/data/e1a4608/MiniRaftClusterWithGrpce99f5d0d/s2/c896a275-db18-43bf-9a64-476be848888c/tmp/snapshot-4cde77ba-d989-4547-a55f-9a0724b50766
2024-11-10 02:23:48,255 [grpc-default-executor-0] TRACE util.FileUtils (LogUtils.java:runAndLog(49)) - Successfully ran Files.createDirectories /home/runner/work/ratis/ratis/ratis-test/target/test/data/e1a4608/MiniRaftClusterWithGrpce99f5d0d/s2/c896a275-db18-43bf-9a64-476be848888c/tmp/snapshot-4cde77ba-d989-4547-a55f-9a0724b50766/snapshot/sub
2024-11-10 02:23:48,255 [grpc-default-executor-0] TRACE util.FileUtils (LogUtils.java:supplyAndLog(69)) - Successfully supplied FileChannel.open /home/runner/work/ratis/ratis/ratis-test/target/test/data/e1a4608/MiniRaftClusterWithGrpce99f5d0d/s2/c896a275-db18-43bf-9a64-476be848888c/tmp/snapshot-4cde77ba-d989-4547-a55f-9a0724b50766/snapshot/sub/2.bin with options [WRITE]: sun.nio.ch.FileChannelImpl@6bf03687
2024-11-10 02:23:48,256 [grpc-default-executor-0] INFO  impl.SnapshotInstallationHandler (SnapshotInstallationHandler.java:installSnapshotImpl(143)) - s2@group-476BE848888C: set new configuration configurationEntry {
  peers {
    id: "s0"
    address: "localhost:15000"
    dataStreamAddress: "localhost:15003"
    clientAddress: "localhost:15002"
    adminAddress: "localhost:15001"
    startupRole: FOLLOWER
  }
}
 from snapshot
2024-11-10 02:23:48,256 [grpc-default-executor-0] INFO  server.RaftServer$Division (ServerState.java:setRaftConf(386)) - s2@group-476BE848888C: set configuration conf: {index: 0, cur=peers:[s0|localhost:15000]|listeners:[], old=null}
2024-11-10 02:23:48,257 [grpc-default-executor-0] TRACE util.FileUtils (LogUtils.java:supplyAndLog(69)) - Successfully supplied FileChannel.open /home/runner/work/ratis/ratis/ratis-test/target/test/data/e1a4608/MiniRaftClusterWithGrpce99f5d0d/s2/c896a275-db18-43bf-9a64-476be848888c/current/raft-meta.conf.tmp with options [CREATE, WRITE]: sun.nio.ch.FileChannelImpl@61aef0a3
2024-11-10 02:23:48,258 [grpc-default-executor-0] TRACE util.FileUtils (LogUtils.java:runAndLog(49)) - Successfully ran Atomic Files.move /home/runner/work/ratis/ratis/ratis-test/target/test/data/e1a4608/MiniRaftClusterWithGrpce99f5d0d/s2/c896a275-db18-43bf-9a64-476be848888c/current/raft-meta.conf.tmp to /home/runner/work/ratis/ratis/ratis-test/target/test/data/e1a4608/MiniRaftClusterWithGrpce99f5d0d/s2/c896a275-db18-43bf-9a64-476be848888c/current/raft-meta.conf with options [REPLACE_EXISTING]
2024-11-10 02:23:48,258 [grpc-default-executor-0] INFO  impl.SnapshotInstallationHandler (SnapshotInstallationHandler.java:installSnapshot(108)) - s2@group-476BE848888C: reply installSnapshot: s0<-s2#0:OK-t1,SUCCESS,requestIndex=3
2024-11-10 02:23:48,259 [grpc-default-executor-3] INFO  server.GrpcLogAppender (GrpcLogAppender.java:onNext(664)) - s0@group-476BE848888C->s2-InstallSnapshotResponseHandler: received a reply s0<-s2#0:OK-t1,SUCCESS,requestIndex=3
2024-11-10 02:23:48,259 [grpc-default-executor-3] INFO  server.GrpcLogAppender (GrpcLogAppender.java:onNext(675)) - s0@group-476BE848888C->s2-InstallSnapshotResponseHandler: Completed InstallSnapshot. Reply: serverReply {
  requestorId: "s0"
  replyId: "s2"
  raftGroupId {
    id: "\310\226\242u\333\030C\277\232dGk\350H\210\214"
  }
  success: true
}
term: 1
requestIndex: 3

2024-11-10 02:23:48,259 [grpc-default-executor-3] INFO  leader.FollowerInfo (FollowerInfoImpl.java:setAttemptedToInstallSnapshot(154)) - Follower s0@group-476BE848888C->s2 acknowledged installing snapshot
2024-11-10 02:23:48,261 [grpc-default-executor-0] INFO  impl.SnapshotInstallationHandler (SnapshotInstallationHandler.java:installSnapshot(97)) - s2@group-476BE848888C: receive installSnapshot: s0->s2#0-t1,chunk:4cde77ba-d989-4547-a55f-9a0724b50766,4
2024-11-10 02:23:48,261 [grpc-default-executor-0] TRACE util.FileUtils (LogUtils.java:runAndLog(49)) - Successfully ran Files.createDirectories /home/runner/work/ratis/ratis/ratis-test/target/test/data/e1a4608/MiniRaftClusterWithGrpce99f5d0d/s2/c896a275-db18-43bf-9a64-476be848888c/tmp/snapshot-4cde77ba-d989-4547-a55f-9a0724b50766
2024-11-10 02:23:48,261 [grpc-default-executor-0] INFO  storage.SnapshotManager (SnapshotManager.java:installSnapshot(111)) - Installing snapshot:s0->s2#0-t1,chunk:4cde77ba-d989-4547-a55f-9a0724b50766,4, to tmp dir:/home/runner/work/ratis/ratis/ratis-test/target/test/data/e1a4608/MiniRaftClusterWithGrpce99f5d0d/s2/c896a275-db18-43bf-9a64-476be848888c/tmp/snapshot-4cde77ba-d989-4547-a55f-9a0724b50766
2024-11-10 02:23:48,261 [grpc-default-executor-0] TRACE util.FileUtils (LogUtils.java:runAndLog(49)) - Successfully ran Files.createDirectories /home/runner/work/ratis/ratis/ratis-test/target/test/data/e1a4608/MiniRaftClusterWithGrpce99f5d0d/s2/c896a275-db18-43bf-9a64-476be848888c/tmp/snapshot-4cde77ba-d989-4547-a55f-9a0724b50766/snapshot/sub
2024-11-10 02:23:48,261 [grpc-default-executor-0] TRACE util.FileUtils (LogUtils.java:supplyAndLog(69)) - Successfully supplied FileChannel.open /home/runner/work/ratis/ratis/ratis-test/target/test/data/e1a4608/MiniRaftClusterWithGrpce99f5d0d/s2/c896a275-db18-43bf-9a64-476be848888c/tmp/snapshot-4cde77ba-d989-4547-a55f-9a0724b50766/snapshot/sub/2.bin with options [WRITE]: sun.nio.ch.FileChannelImpl@5a0f9f44
2024-11-10 02:23:48,262 [grpc-default-executor-0] TRACE util.FileUtils (LogUtils.java:supplyAndLog(69)) - Successfully supplied FileChannel.open /home/runner/work/ratis/ratis/ratis-test/target/test/data/e1a4608/MiniRaftClusterWithGrpce99f5d0d/s2/c896a275-db18-43bf-9a64-476be848888c/tmp/snapshot-4cde77ba-d989-4547-a55f-9a0724b50766/snapshot/sub/2.bin.md5.tmp with options [CREATE, WRITE]: sun.nio.ch.FileChannelImpl@30a1de8c
2024-11-10 02:23:48,263 [grpc-default-executor-0] TRACE util.FileUtils (LogUtils.java:runAndLog(49)) - Successfully ran Atomic Files.move /home/runner/work/ratis/ratis/ratis-test/target/test/data/e1a4608/MiniRaftClusterWithGrpce99f5d0d/s2/c896a275-db18-43bf-9a64-476be848888c/tmp/snapshot-4cde77ba-d989-4547-a55f-9a0724b50766/snapshot/sub/2.bin.md5.tmp to /home/runner/work/ratis/ratis/ratis-test/target/test/data/e1a4608/MiniRaftClusterWithGrpce99f5d0d/s2/c896a275-db18-43bf-9a64-476be848888c/tmp/snapshot-4cde77ba-d989-4547-a55f-9a0724b50766/snapshot/sub/2.bin.md5 with options [REPLACE_EXISTING]
2024-11-10 02:23:48,263 [grpc-default-executor-0] INFO  impl.SnapshotInstallationHandler (SnapshotInstallationHandler.java:installSnapshotImpl(143)) - s2@group-476BE848888C: set new configuration configurationEntry {
  peers {
    id: "s0"
    address: "localhost:15000"
    dataStreamAddress: "localhost:15003"
    clientAddress: "localhost:15002"
    adminAddress: "localhost:15001"
    startupRole: FOLLOWER
  }
}
 from snapshot
2024-11-10 02:23:48,264 [grpc-default-executor-0] INFO  server.RaftServer$Division (ServerState.java:setRaftConf(386)) - s2@group-476BE848888C: set configuration conf: {index: 0, cur=peers:[s0|localhost:15000]|listeners:[], old=null}
2024-11-10 02:23:48,264 [grpc-default-executor-0] TRACE util.FileUtils (LogUtils.java:supplyAndLog(69)) - Successfully supplied FileChannel.open /home/runner/work/ratis/ratis/ratis-test/target/test/data/e1a4608/MiniRaftClusterWithGrpce99f5d0d/s2/c896a275-db18-43bf-9a64-476be848888c/current/raft-meta.conf.tmp with options [CREATE, WRITE]: sun.nio.ch.FileChannelImpl@269c0bd3
2024-11-10 02:23:48,265 [grpc-default-executor-0] TRACE util.FileUtils (LogUtils.java:runAndLog(49)) - Successfully ran Atomic Files.move /home/runner/work/ratis/ratis/ratis-test/target/test/data/e1a4608/MiniRaftClusterWithGrpce99f5d0d/s2/c896a275-db18-43bf-9a64-476be848888c/current/raft-meta.conf.tmp to /home/runner/work/ratis/ratis/ratis-test/target/test/data/e1a4608/MiniRaftClusterWithGrpce99f5d0d/s2/c896a275-db18-43bf-9a64-476be848888c/current/raft-meta.conf with options [REPLACE_EXISTING]
2024-11-10 02:23:48,265 [grpc-default-executor-0] INFO  impl.SnapshotInstallationHandler (SnapshotInstallationHandler.java:installSnapshot(108)) - s2@group-476BE848888C: reply installSnapshot: s0<-s2#0:OK-t1,SUCCESS,requestIndex=4
2024-11-10 02:23:48,266 [grpc-default-executor-3] INFO  server.GrpcLogAppender (GrpcLogAppender.java:onNext(664)) - s0@group-476BE848888C->s2-InstallSnapshotResponseHandler: received a reply s0<-s2#0:OK-t1,SUCCESS,requestIndex=4
2024-11-10 02:23:48,266 [grpc-default-executor-3] INFO  server.GrpcLogAppender (GrpcLogAppender.java:onNext(675)) - s0@group-476BE848888C->s2-InstallSnapshotResponseHandler: Completed InstallSnapshot. Reply: serverReply {
  requestorId: "s0"
  replyId: "s2"
  raftGroupId {
    id: "\310\226\242u\333\030C\277\232dGk\350H\210\214"
  }
  success: true
}
term: 1
requestIndex: 4

2024-11-10 02:23:48,267 [grpc-default-executor-3] INFO  leader.FollowerInfo (FollowerInfoImpl.java:setAttemptedToInstallSnapshot(154)) - Follower s0@group-476BE848888C->s2 acknowledged installing snapshot
2024-11-10 02:23:48,268 [grpc-default-executor-0] INFO  impl.SnapshotInstallationHandler (SnapshotInstallationHandler.java:installSnapshot(97)) - s2@group-476BE848888C: receive installSnapshot: s0->s2#0-t1,chunk:4cde77ba-d989-4547-a55f-9a0724b50766,5
2024-11-10 02:23:48,268 [grpc-default-executor-0] TRACE util.FileUtils (LogUtils.java:runAndLog(49)) - Successfully ran Files.createDirectories /home/runner/work/ratis/ratis/ratis-test/target/test/data/e1a4608/MiniRaftClusterWithGrpce99f5d0d/s2/c896a275-db18-43bf-9a64-476be848888c/tmp/snapshot-4cde77ba-d989-4547-a55f-9a0724b50766
2024-11-10 02:23:48,268 [grpc-default-executor-0] INFO  storage.SnapshotManager (SnapshotManager.java:installSnapshot(111)) - Installing snapshot:s0->s2#0-t1,chunk:4cde77ba-d989-4547-a55f-9a0724b50766,5, to tmp dir:/home/runner/work/ratis/ratis/ratis-test/target/test/data/e1a4608/MiniRaftClusterWithGrpce99f5d0d/s2/c896a275-db18-43bf-9a64-476be848888c/tmp/snapshot-4cde77ba-d989-4547-a55f-9a0724b50766
2024-11-10 02:23:48,268 [grpc-default-executor-0] TRACE util.FileUtils (LogUtils.java:runAndLog(49)) - Successfully ran Files.createDirectories /home/runner/work/ratis/ratis/ratis-test/target/test/data/e1a4608/MiniRaftClusterWithGrpce99f5d0d/s2/c896a275-db18-43bf-9a64-476be848888c/tmp/snapshot-4cde77ba-d989-4547-a55f-9a0724b50766
2024-11-10 02:23:48,269 [grpc-default-executor-0] TRACE util.FileUtils (LogUtils.java:supplyAndLog(69)) - Successfully supplied FileChannel.open /home/runner/work/ratis/ratis/ratis-test/target/test/data/e1a4608/MiniRaftClusterWithGrpce99f5d0d/s2/c896a275-db18-43bf-9a64-476be848888c/tmp/snapshot-4cde77ba-d989-4547-a55f-9a0724b50766/snapshot.1_191 with options [WRITE, CREATE]: sun.nio.ch.FileChannelImpl@f18a0f
2024-11-10 02:23:48,269 [grpc-default-executor-0] INFO  impl.SnapshotInstallationHandler (SnapshotInstallationHandler.java:installSnapshotImpl(143)) - s2@group-476BE848888C: set new configuration configurationEntry {
  peers {
    id: "s0"
    address: "localhost:15000"
    dataStreamAddress: "localhost:15003"
    clientAddress: "localhost:15002"
    adminAddress: "localhost:15001"
    startupRole: FOLLOWER
  }
}
 from snapshot
2024-11-10 02:23:48,269 [grpc-default-executor-0] INFO  server.RaftServer$Division (ServerState.java:setRaftConf(386)) - s2@group-476BE848888C: set configuration conf: {index: 0, cur=peers:[s0|localhost:15000]|listeners:[], old=null}
2024-11-10 02:23:48,269 [grpc-default-executor-0] TRACE util.FileUtils (LogUtils.java:supplyAndLog(69)) - Successfully supplied FileChannel.open /home/runner/work/ratis/ratis/ratis-test/target/test/data/e1a4608/MiniRaftClusterWithGrpce99f5d0d/s2/c896a275-db18-43bf-9a64-476be848888c/current/raft-meta.conf.tmp with options [CREATE, WRITE]: sun.nio.ch.FileChannelImpl@3e1a6123
2024-11-10 02:23:48,271 [grpc-default-executor-0] TRACE util.FileUtils (LogUtils.java:runAndLog(49)) - Successfully ran Atomic Files.move /home/runner/work/ratis/ratis/ratis-test/target/test/data/e1a4608/MiniRaftClusterWithGrpce99f5d0d/s2/c896a275-db18-43bf-9a64-476be848888c/current/raft-meta.conf.tmp to /home/runner/work/ratis/ratis/ratis-test/target/test/data/e1a4608/MiniRaftClusterWithGrpce99f5d0d/s2/c896a275-db18-43bf-9a64-476be848888c/current/raft-meta.conf with options [REPLACE_EXISTING]
2024-11-10 02:23:48,271 [grpc-default-executor-0] INFO  impl.SnapshotInstallationHandler (SnapshotInstallationHandler.java:installSnapshot(108)) - s2@group-476BE848888C: reply installSnapshot: s0<-s2#0:OK-t1,SUCCESS,requestIndex=5
2024-11-10 02:23:48,271 [grpc-default-executor-3] INFO  server.GrpcLogAppender (GrpcLogAppender.java:onNext(664)) - s0@group-476BE848888C->s2-InstallSnapshotResponseHandler: received a reply s0<-s2#0:OK-t1,SUCCESS,requestIndex=5
2024-11-10 02:23:48,272 [grpc-default-executor-3] INFO  server.GrpcLogAppender (GrpcLogAppender.java:onNext(675)) - s0@group-476BE848888C->s2-InstallSnapshotResponseHandler: Completed InstallSnapshot. Reply: serverReply {
  requestorId: "s0"
  replyId: "s2"
  raftGroupId {
    id: "\310\226\242u\333\030C\277\232dGk\350H\210\214"
  }
  success: true
}
term: 1
requestIndex: 5

2024-11-10 02:23:48,272 [grpc-default-executor-3] INFO  leader.FollowerInfo (FollowerInfoImpl.java:setAttemptedToInstallSnapshot(154)) - Follower s0@group-476BE848888C->s2 acknowledged installing snapshot
2024-11-10 02:23:48,276 [grpc-default-executor-0] INFO  impl.SnapshotInstallationHandler (SnapshotInstallationHandler.java:installSnapshot(97)) - s2@group-476BE848888C: receive installSnapshot: s0->s2#0-t1,chunk:4cde77ba-d989-4547-a55f-9a0724b50766,6
2024-11-10 02:23:48,277 [grpc-default-executor-0] TRACE util.FileUtils (LogUtils.java:runAndLog(49)) - Successfully ran Files.createDirectories /home/runner/work/ratis/ratis/ratis-test/target/test/data/e1a4608/MiniRaftClusterWithGrpce99f5d0d/s2/c896a275-db18-43bf-9a64-476be848888c/tmp/snapshot-4cde77ba-d989-4547-a55f-9a0724b50766
2024-11-10 02:23:48,277 [grpc-default-executor-0] INFO  storage.SnapshotManager (SnapshotManager.java:installSnapshot(111)) - Installing snapshot:s0->s2#0-t1,chunk:4cde77ba-d989-4547-a55f-9a0724b50766,6, to tmp dir:/home/runner/work/ratis/ratis/ratis-test/target/test/data/e1a4608/MiniRaftClusterWithGrpce99f5d0d/s2/c896a275-db18-43bf-9a64-476be848888c/tmp/snapshot-4cde77ba-d989-4547-a55f-9a0724b50766
2024-11-10 02:23:48,277 [grpc-default-executor-0] TRACE util.FileUtils (LogUtils.java:runAndLog(49)) - Successfully ran Files.createDirectories /home/runner/work/ratis/ratis/ratis-test/target/test/data/e1a4608/MiniRaftClusterWithGrpce99f5d0d/s2/c896a275-db18-43bf-9a64-476be848888c/tmp/snapshot-4cde77ba-d989-4547-a55f-9a0724b50766
2024-11-10 02:23:48,277 [grpc-default-executor-0] TRACE util.FileUtils (LogUtils.java:supplyAndLog(69)) - Successfully supplied FileChannel.open /home/runner/work/ratis/ratis/ratis-test/target/test/data/e1a4608/MiniRaftClusterWithGrpce99f5d0d/s2/c896a275-db18-43bf-9a64-476be848888c/tmp/snapshot-4cde77ba-d989-4547-a55f-9a0724b50766/snapshot.1_191 with options [WRITE]: sun.nio.ch.FileChannelImpl@5ff0d919
2024-11-10 02:23:48,278 [grpc-default-executor-0] INFO  impl.SnapshotInstallationHandler (SnapshotInstallationHandler.java:installSnapshotImpl(143)) - s2@group-476BE848888C: set new configuration configurationEntry {
  peers {
    id: "s0"
    address: "localhost:15000"
    dataStreamAddress: "localhost:15003"
    clientAddress: "localhost:15002"
    adminAddress: "localhost:15001"
    startupRole: FOLLOWER
  }
}
 from snapshot
2024-11-10 02:23:48,278 [grpc-default-executor-0] INFO  server.RaftServer$Division (ServerState.java:setRaftConf(386)) - s2@group-476BE848888C: set configuration conf: {index: 0, cur=peers:[s0|localhost:15000]|listeners:[], old=null}
2024-11-10 02:23:48,278 [grpc-default-executor-0] TRACE util.FileUtils (LogUtils.java:supplyAndLog(69)) - Successfully supplied FileChannel.open /home/runner/work/ratis/ratis/ratis-test/target/test/data/e1a4608/MiniRaftClusterWithGrpce99f5d0d/s2/c896a275-db18-43bf-9a64-476be848888c/current/raft-meta.conf.tmp with options [CREATE, WRITE]: sun.nio.ch.FileChannelImpl@5a0a6b09
2024-11-10 02:23:48,280 [grpc-default-executor-0] TRACE util.FileUtils (LogUtils.java:runAndLog(49)) - Successfully ran Atomic Files.move /home/runner/work/ratis/ratis/ratis-test/target/test/data/e1a4608/MiniRaftClusterWithGrpce99f5d0d/s2/c896a275-db18-43bf-9a64-476be848888c/current/raft-meta.conf.tmp to /home/runner/work/ratis/ratis/ratis-test/target/test/data/e1a4608/MiniRaftClusterWithGrpce99f5d0d/s2/c896a275-db18-43bf-9a64-476be848888c/current/raft-meta.conf with options [REPLACE_EXISTING]
2024-11-10 02:23:48,280 [grpc-default-executor-0] INFO  impl.SnapshotInstallationHandler (SnapshotInstallationHandler.java:installSnapshot(108)) - s2@group-476BE848888C: reply installSnapshot: s0<-s2#0:OK-t1,SUCCESS,requestIndex=6
2024-11-10 02:23:48,281 [grpc-default-executor-3] INFO  server.GrpcLogAppender (GrpcLogAppender.java:onNext(664)) - s0@group-476BE848888C->s2-InstallSnapshotResponseHandler: received a reply s0<-s2#0:OK-t1,SUCCESS,requestIndex=6
2024-11-10 02:23:48,282 [grpc-default-executor-3] INFO  server.GrpcLogAppender (GrpcLogAppender.java:onNext(675)) - s0@group-476BE848888C->s2-InstallSnapshotResponseHandler: Completed InstallSnapshot. Reply: serverReply {
  requestorId: "s0"
  replyId: "s2"
  raftGroupId {
    id: "\310\226\242u\333\030C\277\232dGk\350H\210\214"
  }
  success: true
}
term: 1
requestIndex: 6

2024-11-10 02:23:48,282 [grpc-default-executor-3] INFO  leader.FollowerInfo (FollowerInfoImpl.java:setAttemptedToInstallSnapshot(154)) - Follower s0@group-476BE848888C->s2 acknowledged installing snapshot
2024-11-10 02:23:48,284 [grpc-default-executor-0] INFO  impl.SnapshotInstallationHandler (SnapshotInstallationHandler.java:installSnapshot(97)) - s2@group-476BE848888C: receive installSnapshot: s0->s2#0-t1,chunk:4cde77ba-d989-4547-a55f-9a0724b50766,7
2024-11-10 02:23:48,284 [grpc-default-executor-0] TRACE util.FileUtils (LogUtils.java:runAndLog(49)) - Successfully ran Files.createDirectories /home/runner/work/ratis/ratis/ratis-test/target/test/data/e1a4608/MiniRaftClusterWithGrpce99f5d0d/s2/c896a275-db18-43bf-9a64-476be848888c/tmp/snapshot-4cde77ba-d989-4547-a55f-9a0724b50766
2024-11-10 02:23:48,284 [grpc-default-executor-0] INFO  storage.SnapshotManager (SnapshotManager.java:installSnapshot(111)) - Installing snapshot:s0->s2#0-t1,chunk:4cde77ba-d989-4547-a55f-9a0724b50766,7, to tmp dir:/home/runner/work/ratis/ratis/ratis-test/target/test/data/e1a4608/MiniRaftClusterWithGrpce99f5d0d/s2/c896a275-db18-43bf-9a64-476be848888c/tmp/snapshot-4cde77ba-d989-4547-a55f-9a0724b50766
2024-11-10 02:23:48,284 [grpc-default-executor-0] TRACE util.FileUtils (LogUtils.java:runAndLog(49)) - Successfully ran Files.createDirectories /home/runner/work/ratis/ratis/ratis-test/target/test/data/e1a4608/MiniRaftClusterWithGrpce99f5d0d/s2/c896a275-db18-43bf-9a64-476be848888c/tmp/snapshot-4cde77ba-d989-4547-a55f-9a0724b50766
2024-11-10 02:23:48,284 [grpc-default-executor-0] TRACE util.FileUtils (LogUtils.java:supplyAndLog(69)) - Successfully supplied FileChannel.open /home/runner/work/ratis/ratis/ratis-test/target/test/data/e1a4608/MiniRaftClusterWithGrpce99f5d0d/s2/c896a275-db18-43bf-9a64-476be848888c/tmp/snapshot-4cde77ba-d989-4547-a55f-9a0724b50766/snapshot.1_191 with options [WRITE]: sun.nio.ch.FileChannelImpl@11fea294
2024-11-10 02:23:48,285 [grpc-default-executor-0] INFO  impl.SnapshotInstallationHandler (SnapshotInstallationHandler.java:installSnapshotImpl(143)) - s2@group-476BE848888C: set new configuration configurationEntry {
  peers {
    id: "s0"
    address: "localhost:15000"
    dataStreamAddress: "localhost:15003"
    clientAddress: "localhost:15002"
    adminAddress: "localhost:15001"
    startupRole: FOLLOWER
  }
}
 from snapshot
2024-11-10 02:23:48,285 [grpc-default-executor-0] INFO  server.RaftServer$Division (ServerState.java:setRaftConf(386)) - s2@group-476BE848888C: set configuration conf: {index: 0, cur=peers:[s0|localhost:15000]|listeners:[], old=null}
2024-11-10 02:23:48,285 [grpc-default-executor-0] TRACE util.FileUtils (LogUtils.java:supplyAndLog(69)) - Successfully supplied FileChannel.open /home/runner/work/ratis/ratis/ratis-test/target/test/data/e1a4608/MiniRaftClusterWithGrpce99f5d0d/s2/c896a275-db18-43bf-9a64-476be848888c/current/raft-meta.conf.tmp with options [CREATE, WRITE]: sun.nio.ch.FileChannelImpl@4123b15b
2024-11-10 02:23:48,287 [grpc-default-executor-0] TRACE util.FileUtils (LogUtils.java:runAndLog(49)) - Successfully ran Atomic Files.move /home/runner/work/ratis/ratis/ratis-test/target/test/data/e1a4608/MiniRaftClusterWithGrpce99f5d0d/s2/c896a275-db18-43bf-9a64-476be848888c/current/raft-meta.conf.tmp to /home/runner/work/ratis/ratis/ratis-test/target/test/data/e1a4608/MiniRaftClusterWithGrpce99f5d0d/s2/c896a275-db18-43bf-9a64-476be848888c/current/raft-meta.conf with options [REPLACE_EXISTING]
2024-11-10 02:23:48,287 [grpc-default-executor-0] INFO  impl.SnapshotInstallationHandler (SnapshotInstallationHandler.java:installSnapshot(108)) - s2@group-476BE848888C: reply installSnapshot: s0<-s2#0:OK-t1,SUCCESS,requestIndex=7
2024-11-10 02:23:48,288 [grpc-default-executor-3] INFO  server.GrpcLogAppender (GrpcLogAppender.java:onNext(664)) - s0@group-476BE848888C->s2-InstallSnapshotResponseHandler: received a reply s0<-s2#0:OK-t1,SUCCESS,requestIndex=7
2024-11-10 02:23:48,288 [grpc-default-executor-3] INFO  server.GrpcLogAppender (GrpcLogAppender.java:onNext(675)) - s0@group-476BE848888C->s2-InstallSnapshotResponseHandler: Completed InstallSnapshot. Reply: serverReply {
  requestorId: "s0"
  replyId: "s2"
  raftGroupId {
    id: "\310\226\242u\333\030C\277\232dGk\350H\210\214"
  }
  success: true
}
term: 1
requestIndex: 7

2024-11-10 02:23:48,288 [grpc-default-executor-3] INFO  leader.FollowerInfo (FollowerInfoImpl.java:setAttemptedToInstallSnapshot(154)) - Follower s0@group-476BE848888C->s2 acknowledged installing snapshot
2024-11-10 02:23:48,289 [grpc-default-executor-0] INFO  impl.SnapshotInstallationHandler (SnapshotInstallationHandler.java:installSnapshot(97)) - s2@group-476BE848888C: receive installSnapshot: s0->s2#0-t1,chunk:4cde77ba-d989-4547-a55f-9a0724b50766,8
2024-11-10 02:23:48,290 [grpc-default-executor-0] TRACE util.FileUtils (LogUtils.java:runAndLog(49)) - Successfully ran Files.createDirectories /home/runner/work/ratis/ratis/ratis-test/target/test/data/e1a4608/MiniRaftClusterWithGrpce99f5d0d/s2/c896a275-db18-43bf-9a64-476be848888c/tmp/snapshot-4cde77ba-d989-4547-a55f-9a0724b50766
2024-11-10 02:23:48,290 [grpc-default-executor-0] INFO  storage.SnapshotManager (SnapshotManager.java:installSnapshot(111)) - Installing snapshot:s0->s2#0-t1,chunk:4cde77ba-d989-4547-a55f-9a0724b50766,8, to tmp dir:/home/runner/work/ratis/ratis/ratis-test/target/test/data/e1a4608/MiniRaftClusterWithGrpce99f5d0d/s2/c896a275-db18-43bf-9a64-476be848888c/tmp/snapshot-4cde77ba-d989-4547-a55f-9a0724b50766
2024-11-10 02:23:48,291 [grpc-default-executor-0] TRACE util.FileUtils (LogUtils.java:runAndLog(49)) - Successfully ran Files.createDirectories /home/runner/work/ratis/ratis/ratis-test/target/test/data/e1a4608/MiniRaftClusterWithGrpce99f5d0d/s2/c896a275-db18-43bf-9a64-476be848888c/tmp/snapshot-4cde77ba-d989-4547-a55f-9a0724b50766
2024-11-10 02:23:48,291 [grpc-default-executor-0] TRACE util.FileUtils (LogUtils.java:supplyAndLog(69)) - Successfully supplied FileChannel.open /home/runner/work/ratis/ratis/ratis-test/target/test/data/e1a4608/MiniRaftClusterWithGrpce99f5d0d/s2/c896a275-db18-43bf-9a64-476be848888c/tmp/snapshot-4cde77ba-d989-4547-a55f-9a0724b50766/snapshot.1_191 with options [WRITE]: sun.nio.ch.FileChannelImpl@64a63e22
2024-11-10 02:23:48,291 [grpc-default-executor-0] INFO  impl.SnapshotInstallationHandler (SnapshotInstallationHandler.java:installSnapshotImpl(143)) - s2@group-476BE848888C: set new configuration configurationEntry {
  peers {
    id: "s0"
    address: "localhost:15000"
    dataStreamAddress: "localhost:15003"
    clientAddress: "localhost:15002"
    adminAddress: "localhost:15001"
    startupRole: FOLLOWER
  }
}
 from snapshot
2024-11-10 02:23:48,291 [grpc-default-executor-0] INFO  server.RaftServer$Division (ServerState.java:setRaftConf(386)) - s2@group-476BE848888C: set configuration conf: {index: 0, cur=peers:[s0|localhost:15000]|listeners:[], old=null}
2024-11-10 02:23:48,292 [grpc-default-executor-0] TRACE util.FileUtils (LogUtils.java:supplyAndLog(69)) - Successfully supplied FileChannel.open /home/runner/work/ratis/ratis/ratis-test/target/test/data/e1a4608/MiniRaftClusterWithGrpce99f5d0d/s2/c896a275-db18-43bf-9a64-476be848888c/current/raft-meta.conf.tmp with options [CREATE, WRITE]: sun.nio.ch.FileChannelImpl@2a5711b5
2024-11-10 02:23:48,293 [grpc-default-executor-0] TRACE util.FileUtils (LogUtils.java:runAndLog(49)) - Successfully ran Atomic Files.move /home/runner/work/ratis/ratis/ratis-test/target/test/data/e1a4608/MiniRaftClusterWithGrpce99f5d0d/s2/c896a275-db18-43bf-9a64-476be848888c/current/raft-meta.conf.tmp to /home/runner/work/ratis/ratis/ratis-test/target/test/data/e1a4608/MiniRaftClusterWithGrpce99f5d0d/s2/c896a275-db18-43bf-9a64-476be848888c/current/raft-meta.conf with options [REPLACE_EXISTING]
2024-11-10 02:23:48,293 [grpc-default-executor-0] INFO  impl.SnapshotInstallationHandler (SnapshotInstallationHandler.java:installSnapshot(108)) - s2@group-476BE848888C: reply installSnapshot: s0<-s2#0:OK-t1,SUCCESS,requestIndex=8
2024-11-10 02:23:48,294 [grpc-default-executor-3] INFO  server.GrpcLogAppender (GrpcLogAppender.java:onNext(664)) - s0@group-476BE848888C->s2-InstallSnapshotResponseHandler: received a reply s0<-s2#0:OK-t1,SUCCESS,requestIndex=8
2024-11-10 02:23:48,294 [grpc-default-executor-3] INFO  server.GrpcLogAppender (GrpcLogAppender.java:onNext(675)) - s0@group-476BE848888C->s2-InstallSnapshotResponseHandler: Completed InstallSnapshot. Reply: serverReply {
  requestorId: "s0"
  replyId: "s2"
  raftGroupId {
    id: "\310\226\242u\333\030C\277\232dGk\350H\210\214"
  }
  success: true
}
term: 1
requestIndex: 8

2024-11-10 02:23:48,294 [grpc-default-executor-3] INFO  leader.FollowerInfo (FollowerInfoImpl.java:setAttemptedToInstallSnapshot(154)) - Follower s0@group-476BE848888C->s2 acknowledged installing snapshot
2024-11-10 02:23:48,295 [grpc-default-executor-0] INFO  impl.SnapshotInstallationHandler (SnapshotInstallationHandler.java:installSnapshot(97)) - s2@group-476BE848888C: receive installSnapshot: s0->s2#0-t1,chunk:4cde77ba-d989-4547-a55f-9a0724b50766,9
2024-11-10 02:23:48,295 [grpc-default-executor-0] TRACE util.FileUtils (LogUtils.java:runAndLog(49)) - Successfully ran Files.createDirectories /home/runner/work/ratis/ratis/ratis-test/target/test/data/e1a4608/MiniRaftClusterWithGrpce99f5d0d/s2/c896a275-db18-43bf-9a64-476be848888c/tmp/snapshot-4cde77ba-d989-4547-a55f-9a0724b50766
2024-11-10 02:23:48,295 [grpc-default-executor-0] INFO  storage.SnapshotManager (SnapshotManager.java:installSnapshot(111)) - Installing snapshot:s0->s2#0-t1,chunk:4cde77ba-d989-4547-a55f-9a0724b50766,9, to tmp dir:/home/runner/work/ratis/ratis/ratis-test/target/test/data/e1a4608/MiniRaftClusterWithGrpce99f5d0d/s2/c896a275-db18-43bf-9a64-476be848888c/tmp/snapshot-4cde77ba-d989-4547-a55f-9a0724b50766
2024-11-10 02:23:48,295 [grpc-default-executor-0] TRACE util.FileUtils (LogUtils.java:runAndLog(49)) - Successfully ran Files.createDirectories /home/runner/work/ratis/ratis/ratis-test/target/test/data/e1a4608/MiniRaftClusterWithGrpce99f5d0d/s2/c896a275-db18-43bf-9a64-476be848888c/tmp/snapshot-4cde77ba-d989-4547-a55f-9a0724b50766
2024-11-10 02:23:48,296 [grpc-default-executor-0] TRACE util.FileUtils (LogUtils.java:supplyAndLog(69)) - Successfully supplied FileChannel.open /home/runner/work/ratis/ratis/ratis-test/target/test/data/e1a4608/MiniRaftClusterWithGrpce99f5d0d/s2/c896a275-db18-43bf-9a64-476be848888c/tmp/snapshot-4cde77ba-d989-4547-a55f-9a0724b50766/snapshot.1_191 with options [WRITE]: sun.nio.ch.FileChannelImpl@58a4455c
2024-11-10 02:23:48,296 [grpc-default-executor-0] INFO  impl.SnapshotInstallationHandler (SnapshotInstallationHandler.java:installSnapshotImpl(143)) - s2@group-476BE848888C: set new configuration configurationEntry {
  peers {
    id: "s0"
    address: "localhost:15000"
    dataStreamAddress: "localhost:15003"
    clientAddress: "localhost:15002"
    adminAddress: "localhost:15001"
    startupRole: FOLLOWER
  }
}
 from snapshot
2024-11-10 02:23:48,296 [grpc-default-executor-0] INFO  server.RaftServer$Division (ServerState.java:setRaftConf(386)) - s2@group-476BE848888C: set configuration conf: {index: 0, cur=peers:[s0|localhost:15000]|listeners:[], old=null}
2024-11-10 02:23:48,296 [grpc-default-executor-0] TRACE util.FileUtils (LogUtils.java:supplyAndLog(69)) - Successfully supplied FileChannel.open /home/runner/work/ratis/ratis/ratis-test/target/test/data/e1a4608/MiniRaftClusterWithGrpce99f5d0d/s2/c896a275-db18-43bf-9a64-476be848888c/current/raft-meta.conf.tmp with options [CREATE, WRITE]: sun.nio.ch.FileChannelImpl@d262744
2024-11-10 02:23:48,297 [grpc-default-executor-0] TRACE util.FileUtils (LogUtils.java:runAndLog(49)) - Successfully ran Atomic Files.move /home/runner/work/ratis/ratis/ratis-test/target/test/data/e1a4608/MiniRaftClusterWithGrpce99f5d0d/s2/c896a275-db18-43bf-9a64-476be848888c/current/raft-meta.conf.tmp to /home/runner/work/ratis/ratis/ratis-test/target/test/data/e1a4608/MiniRaftClusterWithGrpce99f5d0d/s2/c896a275-db18-43bf-9a64-476be848888c/current/raft-meta.conf with options [REPLACE_EXISTING]
2024-11-10 02:23:48,298 [grpc-default-executor-0] INFO  impl.SnapshotInstallationHandler (SnapshotInstallationHandler.java:installSnapshot(108)) - s2@group-476BE848888C: reply installSnapshot: s0<-s2#0:OK-t1,SUCCESS,requestIndex=9
2024-11-10 02:23:48,298 [grpc-default-executor-3] INFO  server.GrpcLogAppender (GrpcLogAppender.java:onNext(664)) - s0@group-476BE848888C->s2-InstallSnapshotResponseHandler: received a reply s0<-s2#0:OK-t1,SUCCESS,requestIndex=9
2024-11-10 02:23:48,298 [grpc-default-executor-3] INFO  server.GrpcLogAppender (GrpcLogAppender.java:onNext(675)) - s0@group-476BE848888C->s2-InstallSnapshotResponseHandler: Completed InstallSnapshot. Reply: serverReply {
  requestorId: "s0"
  replyId: "s2"
  raftGroupId {
    id: "\310\226\242u\333\030C\277\232dGk\350H\210\214"
  }
  success: true
}
term: 1
requestIndex: 9

2024-11-10 02:23:48,299 [grpc-default-executor-3] INFO  leader.FollowerInfo (FollowerInfoImpl.java:setAttemptedToInstallSnapshot(154)) - Follower s0@group-476BE848888C->s2 acknowledged installing snapshot
2024-11-10 02:23:48,299 [grpc-default-executor-0] INFO  impl.SnapshotInstallationHandler (SnapshotInstallationHandler.java:installSnapshot(97)) - s2@group-476BE848888C: receive installSnapshot: s0->s2#0-t1,chunk:4cde77ba-d989-4547-a55f-9a0724b50766,10
2024-11-10 02:23:48,299 [grpc-default-executor-0] TRACE util.FileUtils (LogUtils.java:runAndLog(49)) - Successfully ran Files.createDirectories /home/runner/work/ratis/ratis/ratis-test/target/test/data/e1a4608/MiniRaftClusterWithGrpce99f5d0d/s2/c896a275-db18-43bf-9a64-476be848888c/tmp/snapshot-4cde77ba-d989-4547-a55f-9a0724b50766
2024-11-10 02:23:48,299 [grpc-default-executor-0] INFO  storage.SnapshotManager (SnapshotManager.java:installSnapshot(111)) - Installing snapshot:s0->s2#0-t1,chunk:4cde77ba-d989-4547-a55f-9a0724b50766,10, to tmp dir:/home/runner/work/ratis/ratis/ratis-test/target/test/data/e1a4608/MiniRaftClusterWithGrpce99f5d0d/s2/c896a275-db18-43bf-9a64-476be848888c/tmp/snapshot-4cde77ba-d989-4547-a55f-9a0724b50766
2024-11-10 02:23:48,300 [grpc-default-executor-0] TRACE util.FileUtils (LogUtils.java:runAndLog(49)) - Successfully ran Files.createDirectories /home/runner/work/ratis/ratis/ratis-test/target/test/data/e1a4608/MiniRaftClusterWithGrpce99f5d0d/s2/c896a275-db18-43bf-9a64-476be848888c/tmp/snapshot-4cde77ba-d989-4547-a55f-9a0724b50766
2024-11-10 02:23:48,300 [grpc-default-executor-0] TRACE util.FileUtils (LogUtils.java:supplyAndLog(69)) - Successfully supplied FileChannel.open /home/runner/work/ratis/ratis/ratis-test/target/test/data/e1a4608/MiniRaftClusterWithGrpce99f5d0d/s2/c896a275-db18-43bf-9a64-476be848888c/tmp/snapshot-4cde77ba-d989-4547-a55f-9a0724b50766/snapshot.1_191 with options [WRITE]: sun.nio.ch.FileChannelImpl@6302863b
2024-11-10 02:23:48,301 [grpc-default-executor-0] TRACE util.FileUtils (LogUtils.java:supplyAndLog(69)) - Successfully supplied FileChannel.open /home/runner/work/ratis/ratis/ratis-test/target/test/data/e1a4608/MiniRaftClusterWithGrpce99f5d0d/s2/c896a275-db18-43bf-9a64-476be848888c/tmp/snapshot-4cde77ba-d989-4547-a55f-9a0724b50766/snapshot.1_191.md5.tmp with options [CREATE, WRITE]: sun.nio.ch.FileChannelImpl@5f229118
2024-11-10 02:23:48,303 [grpc-default-executor-0] TRACE util.FileUtils (LogUtils.java:runAndLog(49)) - Successfully ran Atomic Files.move /home/runner/work/ratis/ratis/ratis-test/target/test/data/e1a4608/MiniRaftClusterWithGrpce99f5d0d/s2/c896a275-db18-43bf-9a64-476be848888c/tmp/snapshot-4cde77ba-d989-4547-a55f-9a0724b50766/snapshot.1_191.md5.tmp to /home/runner/work/ratis/ratis/ratis-test/target/test/data/e1a4608/MiniRaftClusterWithGrpce99f5d0d/s2/c896a275-db18-43bf-9a64-476be848888c/tmp/snapshot-4cde77ba-d989-4547-a55f-9a0724b50766/snapshot.1_191.md5 with options [REPLACE_EXISTING]
2024-11-10 02:23:48,304 [grpc-default-executor-0] INFO  storage.SnapshotManager (SnapshotManager.java:rename(174)) - Installed snapshot, renaming temporary dir /home/runner/work/ratis/ratis/ratis-test/target/test/data/e1a4608/MiniRaftClusterWithGrpce99f5d0d/s2/c896a275-db18-43bf-9a64-476be848888c/tmp/snapshot-4cde77ba-d989-4547-a55f-9a0724b50766 to /home/runner/work/ratis/ratis/ratis-test/target/test/data/e1a4608/MiniRaftClusterWithGrpce99f5d0d/s2/c896a275-db18-43bf-9a64-476be848888c/sm
2024-11-10 02:23:48,310 [grpc-default-executor-0] TRACE util.FileUtils (LogUtils.java:runAndLog(49)) - Successfully ran Atomic Files.move /home/runner/work/ratis/ratis/ratis-test/target/test/data/e1a4608/MiniRaftClusterWithGrpce99f5d0d/s2/c896a275-db18-43bf-9a64-476be848888c/sm to /home/runner/work/ratis/ratis/ratis-test/target/test/data/e1a4608/MiniRaftClusterWithGrpce99f5d0d/s2/c896a275-db18-43bf-9a64-476be848888c/sm.tmp20241110-022348_308
2024-11-10 02:23:48,310 [grpc-default-executor-0] TRACE util.FileUtils (LogUtils.java:runAndLog(49)) - Successfully ran Atomic Files.move /home/runner/work/ratis/ratis/ratis-test/target/test/data/e1a4608/MiniRaftClusterWithGrpce99f5d0d/s2/c896a275-db18-43bf-9a64-476be848888c/tmp/snapshot-4cde77ba-d989-4547-a55f-9a0724b50766 to /home/runner/work/ratis/ratis/ratis-test/target/test/data/e1a4608/MiniRaftClusterWithGrpce99f5d0d/s2/c896a275-db18-43bf-9a64-476be848888c/sm
2024-11-10 02:23:48,310 [grpc-default-executor-0] TRACE util.FileUtils (FileUtils.java:deleteFully(307)) - deleteFully /home/runner/work/ratis/ratis/ratis-test/target/test/data/e1a4608/MiniRaftClusterWithGrpce99f5d0d/s2/c896a275-db18-43bf-9a64-476be848888c/sm.tmp20241110-022348_308
2024-11-10 02:23:48,312 [grpc-default-executor-0] TRACE util.FileUtils (LogUtils.java:runAndLog(49)) - Successfully ran Files.delete /home/runner/work/ratis/ratis/ratis-test/target/test/data/e1a4608/MiniRaftClusterWithGrpce99f5d0d/s2/c896a275-db18-43bf-9a64-476be848888c/sm.tmp20241110-022348_308
2024-11-10 02:23:48,312 [s2@group-476BE848888C-StateMachineUpdater] INFO  impl.SimpleStateMachine4Testing (SimpleStateMachine4Testing.java:reinitialize(237)) - Reinitializing StateMachineWithMultiNestedSnapshotFile:s2:group-476BE848888C
2024-11-10 02:23:48,313 [s2@group-476BE848888C-StateMachineUpdater] TRACE util.FileUtils (LogUtils.java:supplyAndLog(69)) - Successfully supplied Files.newInputStream /home/runner/work/ratis/ratis/ratis-test/target/test/data/e1a4608/MiniRaftClusterWithGrpce99f5d0d/s2/c896a275-db18-43bf-9a64-476be848888c/sm/snapshot.1_191.md5 with options []: sun.nio.ch.ChannelInputStream@2e303786
2024-11-10 02:23:48,313 [s2@group-476BE848888C-StateMachineUpdater] INFO  impl.SimpleStateMachine4Testing (SimpleStateMachine4Testing.java:loadSnapshot(298)) - Loading snapshot SingleFileSnapshotInfo(t:1, i:191):[/home/runner/work/ratis/ratis/ratis-test/target/test/data/e1a4608/MiniRaftClusterWithGrpce99f5d0d/s2/c896a275-db18-43bf-9a64-476be848888c/sm/snapshot.1_191]
2024-11-10 02:23:48,315 [s0@group-476BE848888C-LeaderStateImpl] INFO  server.RaftServer$Division (ServerState.java:setRaftConf(386)) - s0@group-476BE848888C: set configuration conf: {index: 255, cur=peers:[s0|localhost:15000, s1|0.0.0.0:15004, s2|0.0.0.0:15005]|listeners:[], old=peers:[s0|localhost:15000]|listeners:[]}
2024-11-10 02:23:48,317 [s2@group-476BE848888C-StateMachineUpdater] TRACE util.FileUtils (LogUtils.java:supplyAndLog(69)) - Successfully supplied Files.newInputStream /home/runner/work/ratis/ratis/ratis-test/target/test/data/e1a4608/MiniRaftClusterWithGrpce99f5d0d/s2/c896a275-db18-43bf-9a64-476be848888c/sm/snapshot.1_191 with options []: sun.nio.ch.ChannelInputStream@6a494aa6
2024-11-10 02:23:48,317 [grpc-default-executor-0] INFO  raftlog.RaftLog (RaftLogBase.java:lambda$new$0(57)) - s2@group-476BE848888C-SegmentedRaftLog: snapshotIndex: updateIncreasingly -1 -> 191
2024-11-10 02:23:48,318 [grpc-default-executor-0] INFO  segmented.SegmentedRaftLogWorker (SegmentedRaftLogWorker.java:lambda$new$0(140)) - s2@group-476BE848888C-SegmentedRaftLogWorker: flushIndex: setUnconditionally -1 -> 191
2024-11-10 02:23:48,318 [grpc-default-executor-0] INFO  segmented.SegmentedRaftLogWorker (SegmentedRaftLogWorker.java:lambda$new$0(140)) - s2@group-476BE848888C-SegmentedRaftLogWorker: safeCacheEvictIndex: setUnconditionally -1 -> 191
2024-11-10 02:23:48,318 [s2@group-476BE848888C-StateMachineUpdater] INFO  impl.SimpleStateMachine4Testing (SimpleStateMachine4Testing.java:put(206)) - s2: put 1, m0 -> (t:1, i:1), STATEMACHINELOGENTRY, WRITE: logData.size=2, stateMachineData.size=17, logEntryProtoSerializedSize=0
2024-11-10 02:23:48,318 [s2@group-476BE848888C-StateMachineUpdater] INFO  impl.SimpleStateMachine4Testing (SimpleStateMachine4Testing.java:put(206)) - s2: put 3, m1 -> (t:1, i:3), STATEMACHINELOGENTRY, WRITE: logData.size=2, stateMachineData.size=17, logEntryProtoSerializedSize=0
2024-11-10 02:23:48,318 [grpc-default-executor-0] INFO  raftlog.RaftLog (RaftLogBase.java:lambda$new$0(57)) - s2@group-476BE848888C-SegmentedRaftLog: purgeIndex: updateToMax old=-1, new=191, updated? true
2024-11-10 02:23:48,318 [grpc-default-executor-0] INFO  impl.SnapshotInstallationHandler (SnapshotInstallationHandler.java:checkAndInstallSnapshot(231)) - s2@group-476BE848888C: successfully install the entire snapshot-191
2024-11-10 02:23:48,318 [s2@group-476BE848888C-StateMachineUpdater] INFO  impl.SimpleStateMachine4Testing (SimpleStateMachine4Testing.java:put(206)) - s2: put 5, m2 -> (t:1, i:5), STATEMACHINELOGENTRY, WRITE: logData.size=2, stateMachineData.size=17, logEntryProtoSerializedSize=0
2024-11-10 02:23:48,319 [s2@group-476BE848888C-StateMachineUpdater] INFO  impl.SimpleStateMachine4Testing (SimpleStateMachine4Testing.java:put(206)) - s2: put 7, m3 -> (t:1, i:7), STATEMACHINELOGENTRY, WRITE: logData.size=2, stateMachineData.size=17, logEntryProtoSerializedSize=0
2024-11-10 02:23:48,319 [grpc-default-executor-0] INFO  impl.SnapshotInstallationHandler (SnapshotInstallationHandler.java:installSnapshotImpl(143)) - s2@group-476BE848888C: set new configuration configurationEntry {
  peers {
    id: "s0"
    address: "localhost:15000"
    dataStreamAddress: "localhost:15003"
    clientAddress: "localhost:15002"
    adminAddress: "localhost:15001"
    startupRole: FOLLOWER
  }
}
 from snapshot
2024-11-10 02:23:48,319 [s2@group-476BE848888C-StateMachineUpdater] INFO  impl.SimpleStateMachine4Testing (SimpleStateMachine4Testing.java:put(206)) - s2: put 9, m4 -> (t:1, i:9), STATEMACHINELOGENTRY, WRITE: logData.size=2, stateMachineData.size=17, logEntryProtoSerializedSize=0
2024-11-10 02:23:48,319 [grpc-default-executor-0] INFO  server.RaftServer$Division (ServerState.java:setRaftConf(386)) - s2@group-476BE848888C: set configuration conf: {index: 0, cur=peers:[s0|localhost:15000]|listeners:[], old=null}
2024-11-10 02:23:48,319 [s2@group-476BE848888C-StateMachineUpdater] INFO  impl.SimpleStateMachine4Testing (SimpleStateMachine4Testing.java:put(206)) - s2: put 11, m5 -> (t:1, i:11), STATEMACHINELOGENTRY, WRITE: logData.size=2, stateMachineData.size=17, logEntryProtoSerializedSize=0
2024-11-10 02:23:48,319 [grpc-default-executor-0] TRACE util.FileUtils (LogUtils.java:supplyAndLog(69)) - Successfully supplied FileChannel.open /home/runner/work/ratis/ratis/ratis-test/target/test/data/e1a4608/MiniRaftClusterWithGrpce99f5d0d/s2/c896a275-db18-43bf-9a64-476be848888c/current/raft-meta.conf.tmp with options [CREATE, WRITE]: sun.nio.ch.FileChannelImpl@64a69097
2024-11-10 02:23:48,319 [s2@group-476BE848888C-StateMachineUpdater] INFO  impl.SimpleStateMachine4Testing (SimpleStateMachine4Testing.java:put(206)) - s2: put 13, m6 -> (t:1, i:13), STATEMACHINELOGENTRY, WRITE: logData.size=2, stateMachineData.size=17, logEntryProtoSerializedSize=0
2024-11-10 02:23:48,319 [s2@group-476BE848888C-StateMachineUpdater] INFO  impl.SimpleStateMachine4Testing (SimpleStateMachine4Testing.java:put(206)) - s2: put 15, m7 -> (t:1, i:15), STATEMACHINELOGENTRY, WRITE: logData.size=2, stateMachineData.size=17, logEntryProtoSerializedSize=0
2024-11-10 02:23:48,320 [s2@group-476BE848888C-StateMachineUpdater] INFO  impl.SimpleStateMachine4Testing (SimpleStateMachine4Testing.java:put(206)) - s2: put 17, m8 -> (t:1, i:17), STATEMACHINELOGENTRY, WRITE: logData.size=2, stateMachineData.size=17, logEntryProtoSerializedSize=0
2024-11-10 02:23:48,320 [s2@group-476BE848888C-StateMachineUpdater] INFO  impl.SimpleStateMachine4Testing (SimpleStateMachine4Testing.java:put(206)) - s2: put 19, m9 -> (t:1, i:19), STATEMACHINELOGENTRY, WRITE: logData.size=2, stateMachineData.size=17, logEntryProtoSerializedSize=0
2024-11-10 02:23:48,320 [s2@group-476BE848888C-StateMachineUpdater] INFO  impl.SimpleStateMachine4Testing (SimpleStateMachine4Testing.java:put(206)) - s2: put 21, m10 -> (t:1, i:21), STATEMACHINELOGENTRY, WRITE: logData.size=3, stateMachineData.size=17, logEntryProtoSerializedSize=0
2024-11-10 02:23:48,320 [s2@group-476BE848888C-StateMachineUpdater] INFO  impl.SimpleStateMachine4Testing (SimpleStateMachine4Testing.java:put(206)) - s2: put 23, m11 -> (t:1, i:23), STATEMACHINELOGENTRY, WRITE: logData.size=3, stateMachineData.size=17, logEntryProtoSerializedSize=0
2024-11-10 02:23:48,320 [s2@group-476BE848888C-StateMachineUpdater] INFO  impl.SimpleStateMachine4Testing (SimpleStateMachine4Testing.java:put(206)) - s2: put 25, m12 -> (t:1, i:25), STATEMACHINELOGENTRY, WRITE: logData.size=3, stateMachineData.size=17, logEntryProtoSerializedSize=0
2024-11-10 02:23:48,320 [s2@group-476BE848888C-StateMachineUpdater] INFO  impl.SimpleStateMachine4Testing (SimpleStateMachine4Testing.java:put(206)) - s2: put 27, m13 -> (t:1, i:27), STATEMACHINELOGENTRY, WRITE: logData.size=3, stateMachineData.size=17, logEntryProtoSerializedSize=0
2024-11-10 02:23:48,320 [grpc-default-executor-0] TRACE util.FileUtils (LogUtils.java:runAndLog(49)) - Successfully ran Atomic Files.move /home/runner/work/ratis/ratis/ratis-test/target/test/data/e1a4608/MiniRaftClusterWithGrpce99f5d0d/s2/c896a275-db18-43bf-9a64-476be848888c/current/raft-meta.conf.tmp to /home/runner/work/ratis/ratis/ratis-test/target/test/data/e1a4608/MiniRaftClusterWithGrpce99f5d0d/s2/c896a275-db18-43bf-9a64-476be848888c/current/raft-meta.conf with options [REPLACE_EXISTING]
2024-11-10 02:23:48,321 [grpc-default-executor-0] INFO  impl.SnapshotInstallationHandler (SnapshotInstallationHandler.java:installSnapshot(108)) - s2@group-476BE848888C: reply installSnapshot: s0<-s2#0:OK-t1,SUCCESS,requestIndex=10
2024-11-10 02:23:48,322 [grpc-default-executor-3] INFO  server.GrpcLogAppender (GrpcLogAppender.java:onNext(664)) - s0@group-476BE848888C->s2-InstallSnapshotResponseHandler: received a reply s0<-s2#0:OK-t1,SUCCESS,requestIndex=10
2024-11-10 02:23:48,322 [grpc-default-executor-3] INFO  server.GrpcLogAppender (GrpcLogAppender.java:onNext(675)) - s0@group-476BE848888C->s2-InstallSnapshotResponseHandler: Completed InstallSnapshot. Reply: serverReply {
  requestorId: "s0"
  replyId: "s2"
  raftGroupId {
    id: "\310\226\242u\333\030C\277\232dGk\350H\210\214"
  }
  success: true
}
term: 1
requestIndex: 10

2024-11-10 02:23:48,322 [grpc-default-executor-3] INFO  leader.FollowerInfo (FollowerInfoImpl.java:setAttemptedToInstallSnapshot(154)) - Follower s0@group-476BE848888C->s2 acknowledged installing snapshot
2024-11-10 02:23:48,321 [s2@group-476BE848888C-StateMachineUpdater] INFO  impl.SimpleStateMachine4Testing (SimpleStateMachine4Testing.java:put(206)) - s2: put 29, m14 -> (t:1, i:29), STATEMACHINELOGENTRY, WRITE: logData.size=3, stateMachineData.size=17, logEntryProtoSerializedSize=0
2024-11-10 02:23:48,322 [s2@group-476BE848888C-StateMachineUpdater] INFO  impl.SimpleStateMachine4Testing (SimpleStateMachine4Testing.java:put(206)) - s2: put 31, m15 -> (t:1, i:31), STATEMACHINELOGENTRY, WRITE: logData.size=3, stateMachineData.size=17, logEntryProtoSerializedSize=0
2024-11-10 02:23:48,322 [s2@group-476BE848888C-StateMachineUpdater] INFO  impl.SimpleStateMachine4Testing (SimpleStateMachine4Testing.java:put(206)) - s2: put 33, m16 -> (t:1, i:33), STATEMACHINELOGENTRY, WRITE: logData.size=3, stateMachineData.size=17, logEntryProtoSerializedSize=0
2024-11-10 02:23:48,323 [s2@group-476BE848888C-StateMachineUpdater] INFO  impl.SimpleStateMachine4Testing (SimpleStateMachine4Testing.java:put(206)) - s2: put 35, m17 -> (t:1, i:35), STATEMACHINELOGENTRY, WRITE: logData.size=3, stateMachineData.size=17, logEntryProtoSerializedSize=0
2024-11-10 02:23:48,323 [s2@group-476BE848888C-StateMachineUpdater] INFO  impl.SimpleStateMachine4Testing (SimpleStateMachine4Testing.java:put(206)) - s2: put 37, m18 -> (t:1, i:37), STATEMACHINELOGENTRY, WRITE: logData.size=3, stateMachineData.size=17, logEntryProtoSerializedSize=0
2024-11-10 02:23:48,323 [s2@group-476BE848888C-StateMachineUpdater] INFO  impl.SimpleStateMachine4Testing (SimpleStateMachine4Testing.java:put(206)) - s2: put 39, m19 -> (t:1, i:39), STATEMACHINELOGENTRY, WRITE: logData.size=3, stateMachineData.size=17, logEntryProtoSerializedSize=0
2024-11-10 02:23:48,323 [s2@group-476BE848888C-StateMachineUpdater] INFO  impl.SimpleStateMachine4Testing (SimpleStateMachine4Testing.java:put(206)) - s2: put 41, m20 -> (t:1, i:41), STATEMACHINELOGENTRY, WRITE: logData.size=3, stateMachineData.size=17, logEntryProtoSerializedSize=0
2024-11-10 02:23:48,323 [s2@group-476BE848888C-StateMachineUpdater] INFO  impl.SimpleStateMachine4Testing (SimpleStateMachine4Testing.java:put(206)) - s2: put 43, m21 -> (t:1, i:43), STATEMACHINELOGENTRY, WRITE: logData.size=3, stateMachineData.size=17, logEntryProtoSerializedSize=0
2024-11-10 02:23:48,323 [s2@group-476BE848888C-StateMachineUpdater] INFO  impl.SimpleStateMachine4Testing (SimpleStateMachine4Testing.java:put(206)) - s2: put 45, m22 -> (t:1, i:45), STATEMACHINELOGENTRY, WRITE: logData.size=3, stateMachineData.size=17, logEntryProtoSerializedSize=0
2024-11-10 02:23:48,323 [s2@group-476BE848888C-StateMachineUpdater] INFO  impl.SimpleStateMachine4Testing (SimpleStateMachine4Testing.java:put(206)) - s2: put 47, m23 -> (t:1, i:47), STATEMACHINELOGENTRY, WRITE: logData.size=3, stateMachineData.size=17, logEntryProtoSerializedSize=0
2024-11-10 02:23:48,323 [s2@group-476BE848888C-StateMachineUpdater] INFO  impl.SimpleStateMachine4Testing (SimpleStateMachine4Testing.java:put(206)) - s2: put 49, m24 -> (t:1, i:49), STATEMACHINELOGENTRY, WRITE: logData.size=3, stateMachineData.size=17, logEntryProtoSerializedSize=0
2024-11-10 02:23:48,324 [s2@group-476BE848888C-StateMachineUpdater] INFO  impl.SimpleStateMachine4Testing (SimpleStateMachine4Testing.java:put(206)) - s2: put 51, m25 -> (t:1, i:51), STATEMACHINELOGENTRY, WRITE: logData.size=3, stateMachineData.size=17, logEntryProtoSerializedSize=0
2024-11-10 02:23:48,324 [s2@group-476BE848888C-StateMachineUpdater] INFO  impl.SimpleStateMachine4Testing (SimpleStateMachine4Testing.java:put(206)) - s2: put 53, m26 -> (t:1, i:53), STATEMACHINELOGENTRY, WRITE: logData.size=3, stateMachineData.size=17, logEntryProtoSerializedSize=0
2024-11-10 02:23:48,324 [s2@group-476BE848888C-StateMachineUpdater] INFO  impl.SimpleStateMachine4Testing (SimpleStateMachine4Testing.java:put(206)) - s2: put 55, m27 -> (t:1, i:55), STATEMACHINELOGENTRY, WRITE: logData.size=3, stateMachineData.size=17, logEntryProtoSerializedSize=0
2024-11-10 02:23:48,324 [s2@group-476BE848888C-StateMachineUpdater] INFO  impl.SimpleStateMachine4Testing (SimpleStateMachine4Testing.java:put(206)) - s2: put 57, m28 -> (t:1, i:57), STATEMACHINELOGENTRY, WRITE: logData.size=3, stateMachineData.size=17, logEntryProtoSerializedSize=0
2024-11-10 02:23:48,324 [s2@group-476BE848888C-StateMachineUpdater] INFO  impl.SimpleStateMachine4Testing (SimpleStateMachine4Testing.java:put(206)) - s2: put 59, m29 -> (t:1, i:59), STATEMACHINELOGENTRY, WRITE: logData.size=3, stateMachineData.size=17, logEntryProtoSerializedSize=0
2024-11-10 02:23:48,324 [s2@group-476BE848888C-StateMachineUpdater] INFO  impl.SimpleStateMachine4Testing (SimpleStateMachine4Testing.java:put(206)) - s2: put 61, m30 -> (t:1, i:61), STATEMACHINELOGENTRY, WRITE: logData.size=3, stateMachineData.size=17, logEntryProtoSerializedSize=0
2024-11-10 02:23:48,324 [s2@group-476BE848888C-StateMachineUpdater] INFO  impl.SimpleStateMachine4Testing (SimpleStateMachine4Testing.java:put(206)) - s2: put 63, m31 -> (t:1, i:63), STATEMACHINELOGENTRY, WRITE: logData.size=3, stateMachineData.size=17, logEntryProtoSerializedSize=0
2024-11-10 02:23:48,325 [s2@group-476BE848888C-StateMachineUpdater] INFO  impl.SimpleStateMachine4Testing (SimpleStateMachine4Testing.java:put(206)) - s2: put 65, m32 -> (t:1, i:65), STATEMACHINELOGENTRY, WRITE: logData.size=3, stateMachineData.size=17, logEntryProtoSerializedSize=0
2024-11-10 02:23:48,325 [s2@group-476BE848888C-StateMachineUpdater] INFO  impl.SimpleStateMachine4Testing (SimpleStateMachine4Testing.java:put(206)) - s2: put 67, m33 -> (t:1, i:67), STATEMACHINELOGENTRY, WRITE: logData.size=3, stateMachineData.size=17, logEntryProtoSerializedSize=0
2024-11-10 02:23:48,325 [s2@group-476BE848888C-StateMachineUpdater] INFO  impl.SimpleStateMachine4Testing (SimpleStateMachine4Testing.java:put(206)) - s2: put 69, m34 -> (t:1, i:69), STATEMACHINELOGENTRY, WRITE: logData.size=3, stateMachineData.size=17, logEntryProtoSerializedSize=0
2024-11-10 02:23:48,325 [s2@group-476BE848888C-StateMachineUpdater] INFO  impl.SimpleStateMachine4Testing (SimpleStateMachine4Testing.java:put(206)) - s2: put 71, m35 -> (t:1, i:71), STATEMACHINELOGENTRY, WRITE: logData.size=3, stateMachineData.size=17, logEntryProtoSerializedSize=0
2024-11-10 02:23:48,325 [s2@group-476BE848888C-StateMachineUpdater] INFO  impl.SimpleStateMachine4Testing (SimpleStateMachine4Testing.java:put(206)) - s2: put 73, m36 -> (t:1, i:73), STATEMACHINELOGENTRY, WRITE: logData.size=3, stateMachineData.size=17, logEntryProtoSerializedSize=0
2024-11-10 02:23:48,339 [grpc-default-executor-0] INFO  server.GrpcServerProtocolService (GrpcServerProtocolService.java:onCompleted(200)) - s2: Completed INSTALL_SNAPSHOT, lastRequest: s0->s2#0-t1,chunk:4cde77ba-d989-4547-a55f-9a0724b50766,10
2024-11-10 02:23:48,340 [grpc-default-executor-0] INFO  server.GrpcServerProtocolService (GrpcServerProtocolService.java:lambda$onCompleted$7(202)) - s2: Completed INSTALL_SNAPSHOT, lastReply: null
2024-11-10 02:23:48,341 [grpc-default-executor-3] INFO  server.GrpcLogAppender (GrpcLogAppender.java:onCompleted(742)) - s0@group-476BE848888C->s2-InstallSnapshotResponseHandler: follower responded installSnapshot COMPLETED
2024-11-10 02:23:48,342 [s0@group-476BE848888C->s2-GrpcLogAppender-LogAppenderDaemon] INFO  leader.FollowerInfo (FollowerInfoImpl.java:info(64)) - s0@group-476BE848888C->s2: snapshotIndex: setUnconditionally 0 -> 191
2024-11-10 02:23:48,342 [s2@group-476BE848888C-StateMachineUpdater] INFO  impl.SimpleStateMachine4Testing (SimpleStateMachine4Testing.java:put(206)) - s2: put 75, m37 -> (t:1, i:75), STATEMACHINELOGENTRY, WRITE: logData.size=3, stateMachineData.size=17, logEntryProtoSerializedSize=0
2024-11-10 02:23:48,342 [s0@group-476BE848888C->s2-GrpcLogAppender-LogAppenderDaemon] INFO  leader.FollowerInfo (FollowerInfoImpl.java:info(64)) - s0@group-476BE848888C->s2: matchIndex: setUnconditionally -1 -> 191
2024-11-10 02:23:48,342 [s2@group-476BE848888C-StateMachineUpdater] INFO  impl.SimpleStateMachine4Testing (SimpleStateMachine4Testing.java:put(206)) - s2: put 77, m38 -> (t:1, i:77), STATEMACHINELOGENTRY, WRITE: logData.size=3, stateMachineData.size=17, logEntryProtoSerializedSize=0
2024-11-10 02:23:48,342 [s0@group-476BE848888C->s2-GrpcLogAppender-LogAppenderDaemon] INFO  leader.FollowerInfo (FollowerInfoImpl.java:info(64)) - s0@group-476BE848888C->s2: nextIndex: setUnconditionally 0 -> 192
2024-11-10 02:23:48,342 [s2@group-476BE848888C-StateMachineUpdater] INFO  impl.SimpleStateMachine4Testing (SimpleStateMachine4Testing.java:put(206)) - s2: put 79, m39 -> (t:1, i:79), STATEMACHINELOGENTRY, WRITE: logData.size=3, stateMachineData.size=17, logEntryProtoSerializedSize=0
2024-11-10 02:23:48,342 [s0@group-476BE848888C->s2-GrpcLogAppender-LogAppenderDaemon] INFO  server.GrpcLogAppender (GrpcLogAppender.java:installSnapshot(791)) - s0@group-476BE848888C->s2-GrpcLogAppender: installed snapshot FileListSnapshotInfo(t:1, i:191):[/home/runner/work/ratis/ratis/ratis-test/target/test/data/e1a4608/MiniRaftClusterWithGrpce99f5d0d/s0/c896a275-db18-43bf-9a64-476be848888c/sm/snapshot/1.bin, /home/runner/work/ratis/ratis/ratis-test/target/test/data/e1a4608/MiniRaftClusterWithGrpce99f5d0d/s0/c896a275-db18-43bf-9a64-476be848888c/sm/snapshot/sub/2.bin, /home/runner/work/ratis/ratis/ratis-test/target/test/data/e1a4608/MiniRaftClusterWithGrpce99f5d0d/s0/c896a275-db18-43bf-9a64-476be848888c/sm/snapshot.1_191] successfully
2024-11-10 02:23:48,342 [s2@group-476BE848888C-StateMachineUpdater] INFO  impl.SimpleStateMachine4Testing (SimpleStateMachine4Testing.java:put(206)) - s2: put 81, m40 -> (t:1, i:81), STATEMACHINELOGENTRY, WRITE: logData.size=3, stateMachineData.size=17, logEntryProtoSerializedSize=0
2024-11-10 02:23:48,343 [s2@group-476BE848888C-StateMachineUpdater] INFO  impl.SimpleStateMachine4Testing (SimpleStateMachine4Testing.java:put(206)) - s2: put 83, m41 -> (t:1, i:83), STATEMACHINELOGENTRY, WRITE: logData.size=3, stateMachineData.size=17, logEntryProtoSerializedSize=0
2024-11-10 02:23:48,344 [s2@group-476BE848888C-StateMachineUpdater] INFO  impl.SimpleStateMachine4Testing (SimpleStateMachine4Testing.java:put(206)) - s2: put 85, m42 -> (t:1, i:85), STATEMACHINELOGENTRY, WRITE: logData.size=3, stateMachineData.size=17, logEntryProtoSerializedSize=0
2024-11-10 02:23:48,344 [s2@group-476BE848888C-StateMachineUpdater] INFO  impl.SimpleStateMachine4Testing (SimpleStateMachine4Testing.java:put(206)) - s2: put 87, m43 -> (t:1, i:87), STATEMACHINELOGENTRY, WRITE: logData.size=3, stateMachineData.size=17, logEntryProtoSerializedSize=0
2024-11-10 02:23:48,344 [s2@group-476BE848888C-StateMachineUpdater] INFO  impl.SimpleStateMachine4Testing (SimpleStateMachine4Testing.java:put(206)) - s2: put 89, m44 -> (t:1, i:89), STATEMACHINELOGENTRY, WRITE: logData.size=3, stateMachineData.size=17, logEntryProtoSerializedSize=0
2024-11-10 02:23:48,344 [s2@group-476BE848888C-StateMachineUpdater] INFO  impl.SimpleStateMachine4Testing (SimpleStateMachine4Testing.java:put(206)) - s2: put 91, m45 -> (t:1, i:91), STATEMACHINELOGENTRY, WRITE: logData.size=3, stateMachineData.size=17, logEntryProtoSerializedSize=0
2024-11-10 02:23:48,344 [s2@group-476BE848888C-StateMachineUpdater] INFO  impl.SimpleStateMachine4Testing (SimpleStateMachine4Testing.java:put(206)) - s2: put 93, m46 -> (t:1, i:93), STATEMACHINELOGENTRY, WRITE: logData.size=3, stateMachineData.size=17, logEntryProtoSerializedSize=0
2024-11-10 02:23:48,344 [s2@group-476BE848888C-StateMachineUpdater] INFO  impl.SimpleStateMachine4Testing (SimpleStateMachine4Testing.java:put(206)) - s2: put 95, m47 -> (t:1, i:95), STATEMACHINELOGENTRY, WRITE: logData.size=3, stateMachineData.size=17, logEntryProtoSerializedSize=0
2024-11-10 02:23:48,345 [s2@group-476BE848888C-StateMachineUpdater] INFO  impl.SimpleStateMachine4Testing (SimpleStateMachine4Testing.java:put(206)) - s2: put 97, m48 -> (t:1, i:97), STATEMACHINELOGENTRY, WRITE: logData.size=3, stateMachineData.size=17, logEntryProtoSerializedSize=0
2024-11-10 02:23:48,345 [s2@group-476BE848888C-StateMachineUpdater] INFO  impl.SimpleStateMachine4Testing (SimpleStateMachine4Testing.java:put(206)) - s2: put 99, m49 -> (t:1, i:99), STATEMACHINELOGENTRY, WRITE: logData.size=3, stateMachineData.size=17, logEntryProtoSerializedSize=0
2024-11-10 02:23:48,345 [s2@group-476BE848888C-StateMachineUpdater] INFO  impl.SimpleStateMachine4Testing (SimpleStateMachine4Testing.java:put(206)) - s2: put 101, m50 -> (t:1, i:101), STATEMACHINELOGENTRY, WRITE: logData.size=3, stateMachineData.size=17, logEntryProtoSerializedSize=0
2024-11-10 02:23:48,345 [s2@group-476BE848888C-StateMachineUpdater] INFO  impl.SimpleStateMachine4Testing (SimpleStateMachine4Testing.java:put(206)) - s2: put 103, m51 -> (t:1, i:103), STATEMACHINELOGENTRY, WRITE: logData.size=3, stateMachineData.size=17, logEntryProtoSerializedSize=0
2024-11-10 02:23:48,346 [s2@group-476BE848888C-StateMachineUpdater] INFO  impl.SimpleStateMachine4Testing (SimpleStateMachine4Testing.java:put(206)) - s2: put 105, m52 -> (t:1, i:105), STATEMACHINELOGENTRY, WRITE: logData.size=3, stateMachineData.size=17, logEntryProtoSerializedSize=0
2024-11-10 02:23:48,346 [s2@group-476BE848888C-StateMachineUpdater] INFO  impl.SimpleStateMachine4Testing (SimpleStateMachine4Testing.java:put(206)) - s2: put 107, m53 -> (t:1, i:107), STATEMACHINELOGENTRY, WRITE: logData.size=3, stateMachineData.size=17, logEntryProtoSerializedSize=0
2024-11-10 02:23:48,346 [s2@group-476BE848888C-StateMachineUpdater] INFO  impl.SimpleStateMachine4Testing (SimpleStateMachine4Testing.java:put(206)) - s2: put 109, m54 -> (t:1, i:109), STATEMACHINELOGENTRY, WRITE: logData.size=3, stateMachineData.size=17, logEntryProtoSerializedSize=0
2024-11-10 02:23:48,346 [s2@group-476BE848888C-StateMachineUpdater] INFO  impl.SimpleStateMachine4Testing (SimpleStateMachine4Testing.java:put(206)) - s2: put 111, m55 -> (t:1, i:111), STATEMACHINELOGENTRY, WRITE: logData.size=3, stateMachineData.size=17, logEntryProtoSerializedSize=0
2024-11-10 02:23:48,346 [s2@group-476BE848888C-StateMachineUpdater] INFO  impl.SimpleStateMachine4Testing (SimpleStateMachine4Testing.java:put(206)) - s2: put 113, m56 -> (t:1, i:113), STATEMACHINELOGENTRY, WRITE: logData.size=3, stateMachineData.size=17, logEntryProtoSerializedSize=0
2024-11-10 02:23:48,347 [s2@group-476BE848888C-StateMachineUpdater] INFO  impl.SimpleStateMachine4Testing (SimpleStateMachine4Testing.java:put(206)) - s2: put 115, m57 -> (t:1, i:115), STATEMACHINELOGENTRY, WRITE: logData.size=3, stateMachineData.size=17, logEntryProtoSerializedSize=0
2024-11-10 02:23:48,347 [s2@group-476BE848888C-StateMachineUpdater] INFO  impl.SimpleStateMachine4Testing (SimpleStateMachine4Testing.java:put(206)) - s2: put 117, m58 -> (t:1, i:117), STATEMACHINELOGENTRY, WRITE: logData.size=3, stateMachineData.size=17, logEntryProtoSerializedSize=0
2024-11-10 02:23:48,347 [s2@group-476BE848888C-StateMachineUpdater] INFO  impl.SimpleStateMachine4Testing (SimpleStateMachine4Testing.java:put(206)) - s2: put 119, m59 -> (t:1, i:119), STATEMACHINELOGENTRY, WRITE: logData.size=3, stateMachineData.size=17, logEntryProtoSerializedSize=0
2024-11-10 02:23:48,347 [s2@group-476BE848888C-StateMachineUpdater] INFO  impl.SimpleStateMachine4Testing (SimpleStateMachine4Testing.java:put(206)) - s2: put 121, m60 -> (t:1, i:121), STATEMACHINELOGENTRY, WRITE: logData.size=3, stateMachineData.size=17, logEntryProtoSerializedSize=0
2024-11-10 02:23:48,348 [s2@group-476BE848888C-StateMachineUpdater] INFO  impl.SimpleStateMachine4Testing (SimpleStateMachine4Testing.java:put(206)) - s2: put 123, m61 -> (t:1, i:123), STATEMACHINELOGENTRY, WRITE: logData.size=3, stateMachineData.size=17, logEntryProtoSerializedSize=0
2024-11-10 02:23:48,349 [s2@group-476BE848888C-StateMachineUpdater] INFO  impl.SimpleStateMachine4Testing (SimpleStateMachine4Testing.java:put(206)) - s2: put 125, m62 -> (t:1, i:125), STATEMACHINELOGENTRY, WRITE: logData.size=3, stateMachineData.size=17, logEntryProtoSerializedSize=0
2024-11-10 02:23:48,350 [s2@group-476BE848888C-StateMachineUpdater] INFO  impl.SimpleStateMachine4Testing (SimpleStateMachine4Testing.java:put(206)) - s2: put 127, m63 -> (t:1, i:127), STATEMACHINELOGENTRY, WRITE: logData.size=3, stateMachineData.size=17, logEntryProtoSerializedSize=0
2024-11-10 02:23:48,350 [s2@group-476BE848888C-StateMachineUpdater] INFO  impl.SimpleStateMachine4Testing (SimpleStateMachine4Testing.java:put(206)) - s2: put 129, m64 -> (t:1, i:129), STATEMACHINELOGENTRY, WRITE: logData.size=3, stateMachineData.size=17, logEntryProtoSerializedSize=0
2024-11-10 02:23:48,350 [s2@group-476BE848888C-StateMachineUpdater] INFO  impl.SimpleStateMachine4Testing (SimpleStateMachine4Testing.java:put(206)) - s2: put 131, m65 -> (t:1, i:131), STATEMACHINELOGENTRY, WRITE: logData.size=3, stateMachineData.size=17, logEntryProtoSerializedSize=0
2024-11-10 02:23:48,351 [s2@group-476BE848888C-StateMachineUpdater] INFO  impl.SimpleStateMachine4Testing (SimpleStateMachine4Testing.java:put(206)) - s2: put 133, m66 -> (t:1, i:133), STATEMACHINELOGENTRY, WRITE: logData.size=3, stateMachineData.size=17, logEntryProtoSerializedSize=0
2024-11-10 02:23:48,351 [s2@group-476BE848888C-StateMachineUpdater] INFO  impl.SimpleStateMachine4Testing (SimpleStateMachine4Testing.java:put(206)) - s2: put 135, m67 -> (t:1, i:135), STATEMACHINELOGENTRY, WRITE: logData.size=3, stateMachineData.size=17, logEntryProtoSerializedSize=0
2024-11-10 02:23:48,351 [s2@group-476BE848888C-StateMachineUpdater] INFO  impl.SimpleStateMachine4Testing (SimpleStateMachine4Testing.java:put(206)) - s2: put 137, m68 -> (t:1, i:137), STATEMACHINELOGENTRY, WRITE: logData.size=3, stateMachineData.size=17, logEntryProtoSerializedSize=0
2024-11-10 02:23:48,351 [s2@group-476BE848888C-StateMachineUpdater] INFO  impl.SimpleStateMachine4Testing (SimpleStateMachine4Testing.java:put(206)) - s2: put 139, m69 -> (t:1, i:139), STATEMACHINELOGENTRY, WRITE: logData.size=3, stateMachineData.size=17, logEntryProtoSerializedSize=0
2024-11-10 02:23:48,351 [s2@group-476BE848888C-StateMachineUpdater] INFO  impl.SimpleStateMachine4Testing (SimpleStateMachine4Testing.java:put(206)) - s2: put 141, m70 -> (t:1, i:141), STATEMACHINELOGENTRY, WRITE: logData.size=3, stateMachineData.size=17, logEntryProtoSerializedSize=0
2024-11-10 02:23:48,351 [s2@group-476BE848888C-StateMachineUpdater] INFO  impl.SimpleStateMachine4Testing (SimpleStateMachine4Testing.java:put(206)) - s2: put 143, m71 -> (t:1, i:143), STATEMACHINELOGENTRY, WRITE: logData.size=3, stateMachineData.size=17, logEntryProtoSerializedSize=0
2024-11-10 02:23:48,351 [s2@group-476BE848888C-StateMachineUpdater] INFO  impl.SimpleStateMachine4Testing (SimpleStateMachine4Testing.java:put(206)) - s2: put 145, m72 -> (t:1, i:145), STATEMACHINELOGENTRY, WRITE: logData.size=3, stateMachineData.size=17, logEntryProtoSerializedSize=0
2024-11-10 02:23:48,352 [s2@group-476BE848888C-StateMachineUpdater] INFO  impl.SimpleStateMachine4Testing (SimpleStateMachine4Testing.java:put(206)) - s2: put 147, m73 -> (t:1, i:147), STATEMACHINELOGENTRY, WRITE: logData.size=3, stateMachineData.size=17, logEntryProtoSerializedSize=0
2024-11-10 02:23:48,352 [s2@group-476BE848888C-StateMachineUpdater] INFO  impl.SimpleStateMachine4Testing (SimpleStateMachine4Testing.java:put(206)) - s2: put 149, m74 -> (t:1, i:149), STATEMACHINELOGENTRY, WRITE: logData.size=3, stateMachineData.size=17, logEntryProtoSerializedSize=0
2024-11-10 02:23:48,352 [s2@group-476BE848888C-StateMachineUpdater] INFO  impl.SimpleStateMachine4Testing (SimpleStateMachine4Testing.java:put(206)) - s2: put 151, m75 -> (t:1, i:151), STATEMACHINELOGENTRY, WRITE: logData.size=3, stateMachineData.size=17, logEntryProtoSerializedSize=0
2024-11-10 02:23:48,352 [s2@group-476BE848888C-StateMachineUpdater] INFO  impl.SimpleStateMachine4Testing (SimpleStateMachine4Testing.java:put(206)) - s2: put 153, m76 -> (t:1, i:153), STATEMACHINELOGENTRY, WRITE: logData.size=3, stateMachineData.size=17, logEntryProtoSerializedSize=0
2024-11-10 02:23:48,354 [s2@group-476BE848888C-StateMachineUpdater] INFO  impl.SimpleStateMachine4Testing (SimpleStateMachine4Testing.java:put(206)) - s2: put 155, m77 -> (t:1, i:155), STATEMACHINELOGENTRY, WRITE: logData.size=3, stateMachineData.size=17, logEntryProtoSerializedSize=0
2024-11-10 02:23:48,363 [s2@group-476BE848888C-StateMachineUpdater] INFO  impl.SimpleStateMachine4Testing (SimpleStateMachine4Testing.java:put(206)) - s2: put 157, m78 -> (t:1, i:157), STATEMACHINELOGENTRY, WRITE: logData.size=3, stateMachineData.size=17, logEntryProtoSerializedSize=0
2024-11-10 02:23:48,363 [s2@group-476BE848888C-StateMachineUpdater] INFO  impl.SimpleStateMachine4Testing (SimpleStateMachine4Testing.java:put(206)) - s2: put 159, m79 -> (t:1, i:159), STATEMACHINELOGENTRY, WRITE: logData.size=3, stateMachineData.size=17, logEntryProtoSerializedSize=0
2024-11-10 02:23:48,363 [s2@group-476BE848888C-StateMachineUpdater] INFO  impl.SimpleStateMachine4Testing (SimpleStateMachine4Testing.java:put(206)) - s2: put 161, m80 -> (t:1, i:161), STATEMACHINELOGENTRY, WRITE: logData.size=3, stateMachineData.size=17, logEntryProtoSerializedSize=0
2024-11-10 02:23:48,363 [s2@group-476BE848888C-StateMachineUpdater] INFO  impl.SimpleStateMachine4Testing (SimpleStateMachine4Testing.java:put(206)) - s2: put 163, m81 -> (t:1, i:163), STATEMACHINELOGENTRY, WRITE: logData.size=3, stateMachineData.size=17, logEntryProtoSerializedSize=0
2024-11-10 02:23:48,363 [s2@group-476BE848888C-StateMachineUpdater] INFO  impl.SimpleStateMachine4Testing (SimpleStateMachine4Testing.java:put(206)) - s2: put 165, m82 -> (t:1, i:165), STATEMACHINELOGENTRY, WRITE: logData.size=3, stateMachineData.size=17, logEntryProtoSerializedSize=0
2024-11-10 02:23:48,363 [s2@group-476BE848888C-StateMachineUpdater] INFO  impl.SimpleStateMachine4Testing (SimpleStateMachine4Testing.java:put(206)) - s2: put 167, m83 -> (t:1, i:167), STATEMACHINELOGENTRY, WRITE: logData.size=3, stateMachineData.size=17, logEntryProtoSerializedSize=0
2024-11-10 02:23:48,364 [s2@group-476BE848888C-StateMachineUpdater] INFO  impl.SimpleStateMachine4Testing (SimpleStateMachine4Testing.java:put(206)) - s2: put 169, m84 -> (t:1, i:169), STATEMACHINELOGENTRY, WRITE: logData.size=3, stateMachineData.size=17, logEntryProtoSerializedSize=0
2024-11-10 02:23:48,364 [s2@group-476BE848888C-StateMachineUpdater] INFO  impl.SimpleStateMachine4Testing (SimpleStateMachine4Testing.java:put(206)) - s2: put 171, m85 -> (t:1, i:171), STATEMACHINELOGENTRY, WRITE: logData.size=3, stateMachineData.size=17, logEntryProtoSerializedSize=0
2024-11-10 02:23:48,364 [s2@group-476BE848888C-StateMachineUpdater] INFO  impl.SimpleStateMachine4Testing (SimpleStateMachine4Testing.java:put(206)) - s2: put 173, m86 -> (t:1, i:173), STATEMACHINELOGENTRY, WRITE: logData.size=3, stateMachineData.size=17, logEntryProtoSerializedSize=0
2024-11-10 02:23:48,364 [s2@group-476BE848888C-StateMachineUpdater] INFO  impl.SimpleStateMachine4Testing (SimpleStateMachine4Testing.java:put(206)) - s2: put 175, m87 -> (t:1, i:175), STATEMACHINELOGENTRY, WRITE: logData.size=3, stateMachineData.size=17, logEntryProtoSerializedSize=0
2024-11-10 02:23:48,364 [s2@group-476BE848888C-StateMachineUpdater] INFO  impl.SimpleStateMachine4Testing (SimpleStateMachine4Testing.java:put(206)) - s2: put 177, m88 -> (t:1, i:177), STATEMACHINELOGENTRY, WRITE: logData.size=3, stateMachineData.size=17, logEntryProtoSerializedSize=0
2024-11-10 02:23:48,364 [s2@group-476BE848888C-StateMachineUpdater] INFO  impl.SimpleStateMachine4Testing (SimpleStateMachine4Testing.java:put(206)) - s2: put 179, m89 -> (t:1, i:179), STATEMACHINELOGENTRY, WRITE: logData.size=3, stateMachineData.size=17, logEntryProtoSerializedSize=0
2024-11-10 02:23:48,364 [s2@group-476BE848888C-StateMachineUpdater] INFO  impl.SimpleStateMachine4Testing (SimpleStateMachine4Testing.java:put(206)) - s2: put 181, m90 -> (t:1, i:181), STATEMACHINELOGENTRY, WRITE: logData.size=3, stateMachineData.size=17, logEntryProtoSerializedSize=0
2024-11-10 02:23:48,365 [s2@group-476BE848888C-StateMachineUpdater] INFO  impl.SimpleStateMachine4Testing (SimpleStateMachine4Testing.java:put(206)) - s2: put 183, m91 -> (t:1, i:183), STATEMACHINELOGENTRY, WRITE: logData.size=3, stateMachineData.size=17, logEntryProtoSerializedSize=0
2024-11-10 02:23:48,365 [s2@group-476BE848888C-StateMachineUpdater] INFO  impl.SimpleStateMachine4Testing (SimpleStateMachine4Testing.java:put(206)) - s2: put 185, m92 -> (t:1, i:185), STATEMACHINELOGENTRY, WRITE: logData.size=3, stateMachineData.size=17, logEntryProtoSerializedSize=0
2024-11-10 02:23:48,365 [s2@group-476BE848888C-StateMachineUpdater] INFO  impl.SimpleStateMachine4Testing (SimpleStateMachine4Testing.java:put(206)) - s2: put 187, m93 -> (t:1, i:187), STATEMACHINELOGENTRY, WRITE: logData.size=3, stateMachineData.size=17, logEntryProtoSerializedSize=0
2024-11-10 02:23:48,365 [s2@group-476BE848888C-StateMachineUpdater] INFO  impl.SimpleStateMachine4Testing (SimpleStateMachine4Testing.java:put(206)) - s2: put 189, m94 -> (t:1, i:189), STATEMACHINELOGENTRY, WRITE: logData.size=3, stateMachineData.size=17, logEntryProtoSerializedSize=0
2024-11-10 02:23:48,365 [s2@group-476BE848888C-StateMachineUpdater] INFO  impl.SimpleStateMachine4Testing (SimpleStateMachine4Testing.java:put(206)) - s2: put 191, m95 -> (t:1, i:191), STATEMACHINELOGENTRY, WRITE: logData.size=3, stateMachineData.size=17, logEntryProtoSerializedSize=0
2024-11-10 02:23:48,366 [s2@group-476BE848888C-StateMachineUpdater] INFO  impl.StateMachineUpdater (StateMachineUpdater.java:lambda$new$0(102)) - s2@group-476BE848888C-StateMachineUpdater: snapshotIndex: setUnconditionally -1 -> 191
2024-11-10 02:23:48,366 [s2@group-476BE848888C-StateMachineUpdater] INFO  impl.StateMachineUpdater (StateMachineUpdater.java:lambda$new$0(102)) - s2@group-476BE848888C-StateMachineUpdater: appliedIndex: setUnconditionally -1 -> 191
2024-11-10 02:23:48,367 [s2-server-thread1] INFO  impl.RoleInfo (RoleInfo.java:updateAndGet(148)) - s2: start s2@group-476BE848888C-FollowerState
2024-11-10 02:23:48,386 [s2-server-thread1] INFO  server.RaftServer$Division (ServerState.java:setRaftConf(386)) - s2@group-476BE848888C: set configuration conf: {index: 255, cur=peers:[s0|localhost:15000, s1|0.0.0.0:15004, s2|0.0.0.0:15005]|listeners:[], old=peers:[s0|localhost:15000]|listeners:[]}
2024-11-10 02:23:48,388 [s2-server-thread1] INFO  segmented.SegmentedRaftLogWorker (SegmentedRaftLogWorker.java:startLogSegment(443)) - s2@group-476BE848888C-SegmentedRaftLogWorker: Starting segment from index:192
2024-11-10 02:23:48,389 [s2@group-476BE848888C-SegmentedRaftLogWorker] INFO  segmented.BufferedWriteChannel (BufferedWriteChannel.java:open(61)) - open log_inprogress_192 at position 0
2024-11-10 02:23:48,401 [s2@group-476BE848888C-SegmentedRaftLogWorker] INFO  segmented.SegmentedRaftLogWorker (SegmentedRaftLogWorker.java:execute(667)) - s2@group-476BE848888C-SegmentedRaftLogWorker: created new log segment /home/runner/work/ratis/ratis/ratis-test/target/test/data/e1a4608/MiniRaftClusterWithGrpce99f5d0d/s2/c896a275-db18-43bf-9a64-476be848888c/current/log_inprogress_192
2024-11-10 02:23:48,405 [s2@group-476BE848888C-StateMachineUpdater] INFO  impl.SimpleStateMachine4Testing (SimpleStateMachine4Testing.java:applyTransaction(250)) - applyTransaction for log index 193
2024-11-10 02:23:48,405 [s2@group-476BE848888C-StateMachineUpdater] INFO  impl.SimpleStateMachine4Testing (SimpleStateMachine4Testing.java:put(206)) - s2: put 193, m96 -> (t:1, i:193), STATEMACHINELOGENTRY, WRITE: logData.size=3, stateMachineData.size=17, logEntryProtoSerializedSize=0
2024-11-10 02:23:48,407 [s2@group-476BE848888C-StateMachineUpdater] INFO  impl.SimpleStateMachine4Testing (SimpleStateMachine4Testing.java:applyTransaction(250)) - applyTransaction for log index 195
2024-11-10 02:23:48,407 [s2@group-476BE848888C-StateMachineUpdater] INFO  impl.SimpleStateMachine4Testing (SimpleStateMachine4Testing.java:put(206)) - s2: put 195, m97 -> (t:1, i:195), STATEMACHINELOGENTRY, WRITE: logData.size=3, stateMachineData.size=17, logEntryProtoSerializedSize=0
2024-11-10 02:23:48,408 [s2@group-476BE848888C-StateMachineUpdater] INFO  impl.SimpleStateMachine4Testing (SimpleStateMachine4Testing.java:applyTransaction(250)) - applyTransaction for log index 197
2024-11-10 02:23:48,408 [s2@group-476BE848888C-StateMachineUpdater] INFO  impl.SimpleStateMachine4Testing (SimpleStateMachine4Testing.java:put(206)) - s2: put 197, m98 -> (t:1, i:197), STATEMACHINELOGENTRY, WRITE: logData.size=3, stateMachineData.size=17, logEntryProtoSerializedSize=0
2024-11-10 02:23:48,408 [s2@group-476BE848888C-StateMachineUpdater] INFO  impl.SimpleStateMachine4Testing (SimpleStateMachine4Testing.java:applyTransaction(250)) - applyTransaction for log index 199
2024-11-10 02:23:48,408 [s2@group-476BE848888C-StateMachineUpdater] INFO  impl.SimpleStateMachine4Testing (SimpleStateMachine4Testing.java:put(206)) - s2: put 199, m99 -> (t:1, i:199), STATEMACHINELOGENTRY, WRITE: logData.size=3, stateMachineData.size=17, logEntryProtoSerializedSize=0
2024-11-10 02:23:48,409 [s0@group-476BE848888C-StateMachineUpdater] TRACE util.FileUtils (LogUtils.java:supplyAndLog(69)) - Successfully supplied FileChannel.open /home/runner/work/ratis/ratis/ratis-test/target/test/data/e1a4608/MiniRaftClusterWithGrpce99f5d0d/s0/c896a275-db18-43bf-9a64-476be848888c/current/raft-meta.conf.tmp with options [CREATE, WRITE]: sun.nio.ch.FileChannelImpl@300ef7e
2024-11-10 02:23:48,410 [s0@group-476BE848888C-LeaderStateImpl] INFO  server.RaftServer$Division (ServerState.java:setRaftConf(386)) - s0@group-476BE848888C: set configuration conf: {index: 257, cur=peers:[s0|localhost:15000, s1|0.0.0.0:15004, s2|0.0.0.0:15005]|listeners:[], old=null}
2024-11-10 02:23:48,410 [s2@group-476BE848888C-StateMachineUpdater] INFO  impl.SimpleStateMachine4Testing (SimpleStateMachine4Testing.java:applyTransaction(250)) - applyTransaction for log index 201
2024-11-10 02:23:48,411 [s2@group-476BE848888C-StateMachineUpdater] INFO  impl.SimpleStateMachine4Testing (SimpleStateMachine4Testing.java:put(206)) - s2: put 201, m100 -> (t:1, i:201), STATEMACHINELOGENTRY, WRITE: logData.size=4, stateMachineData.size=17, logEntryProtoSerializedSize=0
2024-11-10 02:23:48,411 [s0@group-476BE848888C-StateMachineUpdater] TRACE util.FileUtils (LogUtils.java:runAndLog(49)) - Successfully ran Atomic Files.move /home/runner/work/ratis/ratis/ratis-test/target/test/data/e1a4608/MiniRaftClusterWithGrpce99f5d0d/s0/c896a275-db18-43bf-9a64-476be848888c/current/raft-meta.conf.tmp to /home/runner/work/ratis/ratis/ratis-test/target/test/data/e1a4608/MiniRaftClusterWithGrpce99f5d0d/s0/c896a275-db18-43bf-9a64-476be848888c/current/raft-meta.conf with options [REPLACE_EXISTING]
2024-11-10 02:23:48,413 [s0@group-476BE848888C-StateMachineUpdater] INFO  segmented.BufferedWriteChannel (BufferedWriteChannel.java:open(61)) - open snapshot.1_255 at position 0
2024-11-10 02:23:48,415 [s2@group-476BE848888C-StateMachineUpdater] INFO  impl.SimpleStateMachine4Testing (SimpleStateMachine4Testing.java:applyTransaction(250)) - applyTransaction for log index 203
2024-11-10 02:23:48,415 [s2@group-476BE848888C-StateMachineUpdater] INFO  impl.SimpleStateMachine4Testing (SimpleStateMachine4Testing.java:put(206)) - s2: put 203, m101 -> (t:1, i:203), STATEMACHINELOGENTRY, WRITE: logData.size=4, stateMachineData.size=17, logEntryProtoSerializedSize=0
2024-11-10 02:23:48,415 [s2-server-thread2] INFO  server.RaftServer$Division (ServerState.java:setRaftConf(386)) - s2@group-476BE848888C: set configuration conf: {index: 257, cur=peers:[s0|localhost:15000, s1|0.0.0.0:15004, s2|0.0.0.0:15005]|listeners:[], old=null}
2024-11-10 02:23:48,415 [s2@group-476BE848888C-StateMachineUpdater] INFO  impl.SimpleStateMachine4Testing (SimpleStateMachine4Testing.java:applyTransaction(250)) - applyTransaction for log index 205
2024-11-10 02:23:48,416 [s2@group-476BE848888C-StateMachineUpdater] INFO  impl.SimpleStateMachine4Testing (SimpleStateMachine4Testing.java:put(206)) - s2: put 205, m102 -> (t:1, i:205), STATEMACHINELOGENTRY, WRITE: logData.size=4, stateMachineData.size=17, logEntryProtoSerializedSize=0
2024-11-10 02:23:48,416 [s2@group-476BE848888C-StateMachineUpdater] INFO  impl.SimpleStateMachine4Testing (SimpleStateMachine4Testing.java:applyTransaction(250)) - applyTransaction for log index 207
2024-11-10 02:23:48,421 [s2@group-476BE848888C-StateMachineUpdater] INFO  impl.SimpleStateMachine4Testing (SimpleStateMachine4Testing.java:put(206)) - s2: put 207, m103 -> (t:1, i:207), STATEMACHINELOGENTRY, WRITE: logData.size=4, stateMachineData.size=17, logEntryProtoSerializedSize=0
2024-11-10 02:23:48,421 [s2@group-476BE848888C-StateMachineUpdater] INFO  impl.SimpleStateMachine4Testing (SimpleStateMachine4Testing.java:applyTransaction(250)) - applyTransaction for log index 209
2024-11-10 02:23:48,422 [s2@group-476BE848888C-StateMachineUpdater] INFO  impl.SimpleStateMachine4Testing (SimpleStateMachine4Testing.java:put(206)) - s2: put 209, m104 -> (t:1, i:209), STATEMACHINELOGENTRY, WRITE: logData.size=4, stateMachineData.size=17, logEntryProtoSerializedSize=0
2024-11-10 02:23:48,422 [s2@group-476BE848888C-StateMachineUpdater] INFO  impl.SimpleStateMachine4Testing (SimpleStateMachine4Testing.java:applyTransaction(250)) - applyTransaction for log index 211
2024-11-10 02:23:48,422 [s2@group-476BE848888C-StateMachineUpdater] INFO  impl.SimpleStateMachine4Testing (SimpleStateMachine4Testing.java:put(206)) - s2: put 211, m105 -> (t:1, i:211), STATEMACHINELOGENTRY, WRITE: logData.size=4, stateMachineData.size=17, logEntryProtoSerializedSize=0
2024-11-10 02:23:48,422 [s2@group-476BE848888C-StateMachineUpdater] INFO  impl.SimpleStateMachine4Testing (SimpleStateMachine4Testing.java:applyTransaction(250)) - applyTransaction for log index 213
2024-11-10 02:23:48,422 [s2@group-476BE848888C-StateMachineUpdater] INFO  impl.SimpleStateMachine4Testing (SimpleStateMachine4Testing.java:put(206)) - s2: put 213, m106 -> (t:1, i:213), STATEMACHINELOGENTRY, WRITE: logData.size=4, stateMachineData.size=17, logEntryProtoSerializedSize=0
2024-11-10 02:23:48,423 [s2@group-476BE848888C-StateMachineUpdater] INFO  impl.SimpleStateMachine4Testing (SimpleStateMachine4Testing.java:applyTransaction(250)) - applyTransaction for log index 215
2024-11-10 02:23:48,423 [s2@group-476BE848888C-StateMachineUpdater] INFO  impl.SimpleStateMachine4Testing (SimpleStateMachine4Testing.java:put(206)) - s2: put 215, m107 -> (t:1, i:215), STATEMACHINELOGENTRY, WRITE: logData.size=4, stateMachineData.size=17, logEntryProtoSerializedSize=0
2024-11-10 02:23:48,423 [s2@group-476BE848888C-StateMachineUpdater] INFO  impl.SimpleStateMachine4Testing (SimpleStateMachine4Testing.java:applyTransaction(250)) - applyTransaction for log index 217
2024-11-10 02:23:48,423 [s2@group-476BE848888C-StateMachineUpdater] INFO  impl.SimpleStateMachine4Testing (SimpleStateMachine4Testing.java:put(206)) - s2: put 217, m108 -> (t:1, i:217), STATEMACHINELOGENTRY, WRITE: logData.size=4, stateMachineData.size=17, logEntryProtoSerializedSize=0
2024-11-10 02:23:48,424 [s2@group-476BE848888C-StateMachineUpdater] INFO  impl.SimpleStateMachine4Testing (SimpleStateMachine4Testing.java:applyTransaction(250)) - applyTransaction for log index 219
2024-11-10 02:23:48,424 [s2@group-476BE848888C-StateMachineUpdater] INFO  impl.SimpleStateMachine4Testing (SimpleStateMachine4Testing.java:put(206)) - s2: put 219, m109 -> (t:1, i:219), STATEMACHINELOGENTRY, WRITE: logData.size=4, stateMachineData.size=17, logEntryProtoSerializedSize=0
2024-11-10 02:23:48,424 [s2@group-476BE848888C-StateMachineUpdater] INFO  impl.SimpleStateMachine4Testing (SimpleStateMachine4Testing.java:applyTransaction(250)) - applyTransaction for log index 221
2024-11-10 02:23:48,424 [s2@group-476BE848888C-StateMachineUpdater] INFO  impl.SimpleStateMachine4Testing (SimpleStateMachine4Testing.java:put(206)) - s2: put 221, m110 -> (t:1, i:221), STATEMACHINELOGENTRY, WRITE: logData.size=4, stateMachineData.size=17, logEntryProtoSerializedSize=0
2024-11-10 02:23:48,425 [s2@group-476BE848888C-StateMachineUpdater] INFO  impl.SimpleStateMachine4Testing (SimpleStateMachine4Testing.java:applyTransaction(250)) - applyTransaction for log index 223
2024-11-10 02:23:48,425 [s2@group-476BE848888C-StateMachineUpdater] INFO  impl.SimpleStateMachine4Testing (SimpleStateMachine4Testing.java:put(206)) - s2: put 223, m111 -> (t:1, i:223), STATEMACHINELOGENTRY, WRITE: logData.size=4, stateMachineData.size=17, logEntryProtoSerializedSize=0
2024-11-10 02:23:48,425 [s2@group-476BE848888C-StateMachineUpdater] INFO  impl.SimpleStateMachine4Testing (SimpleStateMachine4Testing.java:applyTransaction(250)) - applyTransaction for log index 225
2024-11-10 02:23:48,425 [s2@group-476BE848888C-StateMachineUpdater] INFO  impl.SimpleStateMachine4Testing (SimpleStateMachine4Testing.java:put(206)) - s2: put 225, m112 -> (t:1, i:225), STATEMACHINELOGENTRY, WRITE: logData.size=4, stateMachineData.size=17, logEntryProtoSerializedSize=0
2024-11-10 02:23:48,426 [s2@group-476BE848888C-StateMachineUpdater] INFO  impl.SimpleStateMachine4Testing (SimpleStateMachine4Testing.java:applyTransaction(250)) - applyTransaction for log index 227
2024-11-10 02:23:48,426 [s2@group-476BE848888C-StateMachineUpdater] INFO  impl.SimpleStateMachine4Testing (SimpleStateMachine4Testing.java:put(206)) - s2: put 227, m113 -> (t:1, i:227), STATEMACHINELOGENTRY, WRITE: logData.size=4, stateMachineData.size=17, logEntryProtoSerializedSize=0
2024-11-10 02:23:48,426 [s2@group-476BE848888C-StateMachineUpdater] INFO  impl.SimpleStateMachine4Testing (SimpleStateMachine4Testing.java:applyTransaction(250)) - applyTransaction for log index 229
2024-11-10 02:23:48,426 [s2@group-476BE848888C-StateMachineUpdater] INFO  impl.SimpleStateMachine4Testing (SimpleStateMachine4Testing.java:put(206)) - s2: put 229, m114 -> (t:1, i:229), STATEMACHINELOGENTRY, WRITE: logData.size=4, stateMachineData.size=17, logEntryProtoSerializedSize=0
2024-11-10 02:23:48,427 [s2@group-476BE848888C-StateMachineUpdater] INFO  impl.SimpleStateMachine4Testing (SimpleStateMachine4Testing.java:applyTransaction(250)) - applyTransaction for log index 231
2024-11-10 02:23:48,429 [s2@group-476BE848888C-StateMachineUpdater] INFO  impl.SimpleStateMachine4Testing (SimpleStateMachine4Testing.java:put(206)) - s2: put 231, m115 -> (t:1, i:231), STATEMACHINELOGENTRY, WRITE: logData.size=4, stateMachineData.size=17, logEntryProtoSerializedSize=0
2024-11-10 02:23:48,429 [s2@group-476BE848888C-StateMachineUpdater] INFO  impl.SimpleStateMachine4Testing (SimpleStateMachine4Testing.java:applyTransaction(250)) - applyTransaction for log index 233
2024-11-10 02:23:48,429 [s2@group-476BE848888C-StateMachineUpdater] INFO  impl.SimpleStateMachine4Testing (SimpleStateMachine4Testing.java:put(206)) - s2: put 233, m116 -> (t:1, i:233), STATEMACHINELOGENTRY, WRITE: logData.size=4, stateMachineData.size=17, logEntryProtoSerializedSize=0
2024-11-10 02:23:48,430 [s2@group-476BE848888C-StateMachineUpdater] INFO  impl.SimpleStateMachine4Testing (SimpleStateMachine4Testing.java:applyTransaction(250)) - applyTransaction for log index 235
2024-11-10 02:23:48,430 [s2@group-476BE848888C-StateMachineUpdater] INFO  impl.SimpleStateMachine4Testing (SimpleStateMachine4Testing.java:put(206)) - s2: put 235, m117 -> (t:1, i:235), STATEMACHINELOGENTRY, WRITE: logData.size=4, stateMachineData.size=17, logEntryProtoSerializedSize=0
2024-11-10 02:23:48,430 [s2@group-476BE848888C-StateMachineUpdater] INFO  impl.SimpleStateMachine4Testing (SimpleStateMachine4Testing.java:applyTransaction(250)) - applyTransaction for log index 237
2024-11-10 02:23:48,430 [s2@group-476BE848888C-StateMachineUpdater] INFO  impl.SimpleStateMachine4Testing (SimpleStateMachine4Testing.java:put(206)) - s2: put 237, m118 -> (t:1, i:237), STATEMACHINELOGENTRY, WRITE: logData.size=4, stateMachineData.size=17, logEntryProtoSerializedSize=0
2024-11-10 02:23:48,432 [s2@group-476BE848888C-StateMachineUpdater] INFO  impl.SimpleStateMachine4Testing (SimpleStateMachine4Testing.java:applyTransaction(250)) - applyTransaction for log index 239
2024-11-10 02:23:48,432 [s2@group-476BE848888C-StateMachineUpdater] INFO  impl.SimpleStateMachine4Testing (SimpleStateMachine4Testing.java:put(206)) - s2: put 239, m119 -> (t:1, i:239), STATEMACHINELOGENTRY, WRITE: logData.size=4, stateMachineData.size=17, logEntryProtoSerializedSize=0
2024-11-10 02:23:48,432 [s2@group-476BE848888C-StateMachineUpdater] INFO  impl.SimpleStateMachine4Testing (SimpleStateMachine4Testing.java:applyTransaction(250)) - applyTransaction for log index 241
2024-11-10 02:23:48,432 [s2@group-476BE848888C-StateMachineUpdater] INFO  impl.SimpleStateMachine4Testing (SimpleStateMachine4Testing.java:put(206)) - s2: put 241, m120 -> (t:1, i:241), STATEMACHINELOGENTRY, WRITE: logData.size=4, stateMachineData.size=17, logEntryProtoSerializedSize=0
2024-11-10 02:23:48,433 [s2@group-476BE848888C-StateMachineUpdater] INFO  impl.SimpleStateMachine4Testing (SimpleStateMachine4Testing.java:applyTransaction(250)) - applyTransaction for log index 243
2024-11-10 02:23:48,433 [s2@group-476BE848888C-StateMachineUpdater] INFO  impl.SimpleStateMachine4Testing (SimpleStateMachine4Testing.java:put(206)) - s2: put 243, m121 -> (t:1, i:243), STATEMACHINELOGENTRY, WRITE: logData.size=4, stateMachineData.size=17, logEntryProtoSerializedSize=0
2024-11-10 02:23:48,433 [s2@group-476BE848888C-StateMachineUpdater] INFO  impl.SimpleStateMachine4Testing (SimpleStateMachine4Testing.java:applyTransaction(250)) - applyTransaction for log index 245
2024-11-10 02:23:48,433 [s2@group-476BE848888C-StateMachineUpdater] INFO  impl.SimpleStateMachine4Testing (SimpleStateMachine4Testing.java:put(206)) - s2: put 245, m122 -> (t:1, i:245), STATEMACHINELOGENTRY, WRITE: logData.size=4, stateMachineData.size=17, logEntryProtoSerializedSize=0
2024-11-10 02:23:48,434 [s2@group-476BE848888C-StateMachineUpdater] INFO  impl.SimpleStateMachine4Testing (SimpleStateMachine4Testing.java:applyTransaction(250)) - applyTransaction for log index 247
2024-11-10 02:23:48,434 [s2@group-476BE848888C-StateMachineUpdater] INFO  impl.SimpleStateMachine4Testing (SimpleStateMachine4Testing.java:put(206)) - s2: put 247, m123 -> (t:1, i:247), STATEMACHINELOGENTRY, WRITE: logData.size=4, stateMachineData.size=17, logEntryProtoSerializedSize=0
2024-11-10 02:23:48,434 [s2@group-476BE848888C-StateMachineUpdater] INFO  impl.SimpleStateMachine4Testing (SimpleStateMachine4Testing.java:applyTransaction(250)) - applyTransaction for log index 249
2024-11-10 02:23:48,431 [s0@group-476BE848888C-StateMachineUpdater] TRACE util.FileUtils (LogUtils.java:supplyAndLog(69)) - Successfully supplied FileChannel.open /home/runner/work/ratis/ratis/ratis-test/target/test/data/e1a4608/MiniRaftClusterWithGrpce99f5d0d/s0/c896a275-db18-43bf-9a64-476be848888c/sm/snapshot.1_255 with options [READ]: sun.nio.ch.FileChannelImpl@2c889a54
2024-11-10 02:23:48,435 [s0@group-476BE848888C-StateMachineUpdater] TRACE util.FileUtils (LogUtils.java:supplyAndLog(69)) - Successfully supplied FileChannel.open /home/runner/work/ratis/ratis/ratis-test/target/test/data/e1a4608/MiniRaftClusterWithGrpce99f5d0d/s0/c896a275-db18-43bf-9a64-476be848888c/sm/snapshot.1_255.md5.tmp with options [CREATE, WRITE]: sun.nio.ch.FileChannelImpl@2170a4a
2024-11-10 02:23:48,435 [s2@group-476BE848888C-StateMachineUpdater] INFO  impl.SimpleStateMachine4Testing (SimpleStateMachine4Testing.java:put(206)) - s2: put 249, m124 -> (t:1, i:249), STATEMACHINELOGENTRY, WRITE: logData.size=4, stateMachineData.size=17, logEntryProtoSerializedSize=0
2024-11-10 02:23:48,436 [s2@group-476BE848888C-StateMachineUpdater] INFO  impl.SimpleStateMachine4Testing (SimpleStateMachine4Testing.java:applyTransaction(250)) - applyTransaction for log index 251
2024-11-10 02:23:48,436 [s2@group-476BE848888C-StateMachineUpdater] INFO  impl.SimpleStateMachine4Testing (SimpleStateMachine4Testing.java:put(206)) - s2: put 251, m125 -> (t:1, i:251), STATEMACHINELOGENTRY, WRITE: logData.size=4, stateMachineData.size=17, logEntryProtoSerializedSize=0
2024-11-10 02:23:48,437 [s2@group-476BE848888C-StateMachineUpdater] INFO  impl.SimpleStateMachine4Testing (SimpleStateMachine4Testing.java:applyTransaction(250)) - applyTransaction for log index 253
2024-11-10 02:23:48,437 [s2@group-476BE848888C-StateMachineUpdater] INFO  impl.SimpleStateMachine4Testing (SimpleStateMachine4Testing.java:put(206)) - s2: put 253, m126 -> (t:1, i:253), STATEMACHINELOGENTRY, WRITE: logData.size=4, stateMachineData.size=17, logEntryProtoSerializedSize=0
2024-11-10 02:23:48,437 [s2@group-476BE848888C-StateMachineUpdater] TRACE util.FileUtils (LogUtils.java:supplyAndLog(69)) - Successfully supplied FileChannel.open /home/runner/work/ratis/ratis/ratis-test/target/test/data/e1a4608/MiniRaftClusterWithGrpce99f5d0d/s2/c896a275-db18-43bf-9a64-476be848888c/current/raft-meta.conf.tmp with options [CREATE, WRITE]: sun.nio.ch.FileChannelImpl@211b6a0c
2024-11-10 02:23:48,436 [s0@group-476BE848888C-StateMachineUpdater] TRACE util.FileUtils (LogUtils.java:runAndLog(49)) - Successfully ran Atomic Files.move /home/runner/work/ratis/ratis/ratis-test/target/test/data/e1a4608/MiniRaftClusterWithGrpce99f5d0d/s0/c896a275-db18-43bf-9a64-476be848888c/sm/snapshot.1_255.md5.tmp to /home/runner/work/ratis/ratis/ratis-test/target/test/data/e1a4608/MiniRaftClusterWithGrpce99f5d0d/s0/c896a275-db18-43bf-9a64-476be848888c/sm/snapshot.1_255.md5 with options [REPLACE_EXISTING]
2024-11-10 02:23:48,438 [s0@group-476BE848888C-StateMachineUpdater] INFO  impl.StateMachineUpdater (StateMachineUpdater.java:takeSnapshot(308)) - s0@group-476BE848888C-StateMachineUpdater: Took a snapshot at index 255
2024-11-10 02:23:48,438 [s0@group-476BE848888C-StateMachineUpdater] INFO  impl.StateMachineUpdater (StateMachineUpdater.java:lambda$new$0(102)) - s0@group-476BE848888C-StateMachineUpdater: snapshotIndex: updateIncreasingly 191 -> 255
2024-11-10 02:23:48,439 [s0@group-476BE848888C-StateMachineUpdater] TRACE util.FileUtils (LogUtils.java:supplyAndLog(69)) - Successfully supplied FileChannel.open /home/runner/work/ratis/ratis/ratis-test/target/test/data/e1a4608/MiniRaftClusterWithGrpce99f5d0d/s0/c896a275-db18-43bf-9a64-476be848888c/current/raft-meta.conf.tmp with options [CREATE, WRITE]: sun.nio.ch.FileChannelImpl@3a4bfbb2
2024-11-10 02:23:48,440 [s0@group-476BE848888C-StateMachineUpdater] TRACE util.FileUtils (LogUtils.java:runAndLog(49)) - Successfully ran Atomic Files.move /home/runner/work/ratis/ratis/ratis-test/target/test/data/e1a4608/MiniRaftClusterWithGrpce99f5d0d/s0/c896a275-db18-43bf-9a64-476be848888c/current/raft-meta.conf.tmp to /home/runner/work/ratis/ratis/ratis-test/target/test/data/e1a4608/MiniRaftClusterWithGrpce99f5d0d/s0/c896a275-db18-43bf-9a64-476be848888c/current/raft-meta.conf with options [REPLACE_EXISTING]
2024-11-10 02:23:48,443 [main] INFO  server.RaftServerConfigKeys (ConfUtils.java:logGet(46)) - raft.server.rpc.timeout.max = 300ms (default)
2024-11-10 02:23:48,445 [main] INFO  impl.RaftServerTestUtil (RaftServerTestUtil.java:waitAndCheckNewConf(101)) - waitAndCheckNewConf: peers=[s1|0.0.0.0:15004, s2|0.0.0.0:15005, s0|localhost:15000], deadPeers=null, printing ALL groups
  s0:  RUNNING    LEADER s0@group-476BE848888C:t1, leader=s0, voted=s0, raftlog=Memoized:s0@group-476BE848888C-SegmentedRaftLog:OPENED:c258:last(t:1, i:258), conf=conf: {index: 257, cur=peers:[s0|localhost:15000, s1|0.0.0.0:15004, s2|0.0.0.0:15005]|listeners:[], old=null} RUNNING
  s1:  RUNNING  FOLLOWER s1@group-476BE848888C:t1, leader=s0, voted=null, raftlog=Memoized:s1@group-476BE848888C-SegmentedRaftLog:OPENED:c-1:lastnull, conf=conf: {index: 0, cur=peers:[s0|localhost:15000]|listeners:[], old=null} STARTING
  s2:  RUNNING  FOLLOWER s2@group-476BE848888C:t1, leader=s0, voted=null, raftlog=Memoized:s2@group-476BE848888C-SegmentedRaftLog:OPENED:c257:last(t:1, i:258), conf=conf: {index: 257, cur=peers:[s0|localhost:15000, s1|0.0.0.0:15004, s2|0.0.0.0:15005]|listeners:[], old=null} RUNNING
2024-11-10 02:23:48,447 [main] INFO  impl.RaftServerTestUtil (RaftServerTestUtil.java:waitAndCheckNewConf(110)) - checking    LEADER s0@group-476BE848888C:t1, leader=s0, voted=s0, raftlog=Memoized:s0@group-476BE848888C-SegmentedRaftLog:OPENED:c258:last(t:1, i:258), conf=conf: {index: 257, cur=peers:[s0|localhost:15000, s1|0.0.0.0:15004, s2|0.0.0.0:15005]|listeners:[], old=null} RUNNING
2024-11-10 02:23:48,447 [main] INFO  impl.RaftServerTestUtil (RaftServerTestUtil.java:waitAndCheckNewConf(110)) - checking  FOLLOWER s1@group-476BE848888C:t1, leader=s0, voted=null, raftlog=Memoized:s1@group-476BE848888C-SegmentedRaftLog:OPENED:c-1:lastnull, conf=conf: {index: 0, cur=peers:[s0|localhost:15000]|listeners:[], old=null} STARTING
2024-11-10 02:23:48,448 [main] WARN  impl.RaftServerTestUtil (JavaUtils.java:attempt(231)) - FAILED "waitAndCheckNewConf", attempt #1/10, sleep 600ms and then retry: java.lang.AssertionError
2024-11-10 02:23:48,448 [s2@group-476BE848888C-StateMachineUpdater] TRACE util.FileUtils (LogUtils.java:runAndLog(49)) - Successfully ran Atomic Files.move /home/runner/work/ratis/ratis/ratis-test/target/test/data/e1a4608/MiniRaftClusterWithGrpce99f5d0d/s2/c896a275-db18-43bf-9a64-476be848888c/current/raft-meta.conf.tmp to /home/runner/work/ratis/ratis/ratis-test/target/test/data/e1a4608/MiniRaftClusterWithGrpce99f5d0d/s2/c896a275-db18-43bf-9a64-476be848888c/current/raft-meta.conf with options [REPLACE_EXISTING]
2024-11-10 02:23:48,448 [s2@group-476BE848888C-StateMachineUpdater] TRACE util.FileUtils (LogUtils.java:supplyAndLog(69)) - Successfully supplied FileChannel.open /home/runner/work/ratis/ratis/ratis-test/target/test/data/e1a4608/MiniRaftClusterWithGrpce99f5d0d/s2/c896a275-db18-43bf-9a64-476be848888c/current/raft-meta.conf.tmp with options [CREATE, WRITE]: sun.nio.ch.FileChannelImpl@361f90aa
2024-11-10 02:23:48,449 [s2@group-476BE848888C-StateMachineUpdater] TRACE util.FileUtils (LogUtils.java:runAndLog(49)) - Successfully ran Atomic Files.move /home/runner/work/ratis/ratis/ratis-test/target/test/data/e1a4608/MiniRaftClusterWithGrpce99f5d0d/s2/c896a275-db18-43bf-9a64-476be848888c/current/raft-meta.conf.tmp to /home/runner/work/ratis/ratis/ratis-test/target/test/data/e1a4608/MiniRaftClusterWithGrpce99f5d0d/s2/c896a275-db18-43bf-9a64-476be848888c/current/raft-meta.conf with options [REPLACE_EXISTING]
2024-11-10 02:23:48,451 [s2@group-476BE848888C-StateMachineUpdater] INFO  segmented.BufferedWriteChannel (BufferedWriteChannel.java:open(61)) - open snapshot.1_257 at position 0
2024-11-10 02:23:48,463 [s2@group-476BE848888C-StateMachineUpdater] TRACE util.FileUtils (LogUtils.java:supplyAndLog(69)) - Successfully supplied FileChannel.open /home/runner/work/ratis/ratis/ratis-test/target/test/data/e1a4608/MiniRaftClusterWithGrpce99f5d0d/s2/c896a275-db18-43bf-9a64-476be848888c/sm/snapshot.1_257 with options [READ]: sun.nio.ch.FileChannelImpl@3cc3773d
2024-11-10 02:23:48,463 [s2@group-476BE848888C-StateMachineUpdater] TRACE util.FileUtils (LogUtils.java:supplyAndLog(69)) - Successfully supplied FileChannel.open /home/runner/work/ratis/ratis/ratis-test/target/test/data/e1a4608/MiniRaftClusterWithGrpce99f5d0d/s2/c896a275-db18-43bf-9a64-476be848888c/sm/snapshot.1_257.md5.tmp with options [CREATE, WRITE]: sun.nio.ch.FileChannelImpl@18a5cca6
2024-11-10 02:23:48,464 [s2@group-476BE848888C-StateMachineUpdater] TRACE util.FileUtils (LogUtils.java:runAndLog(49)) - Successfully ran Atomic Files.move /home/runner/work/ratis/ratis/ratis-test/target/test/data/e1a4608/MiniRaftClusterWithGrpce99f5d0d/s2/c896a275-db18-43bf-9a64-476be848888c/sm/snapshot.1_257.md5.tmp to /home/runner/work/ratis/ratis/ratis-test/target/test/data/e1a4608/MiniRaftClusterWithGrpce99f5d0d/s2/c896a275-db18-43bf-9a64-476be848888c/sm/snapshot.1_257.md5 with options [REPLACE_EXISTING]
2024-11-10 02:23:48,465 [s2@group-476BE848888C-StateMachineUpdater] INFO  impl.StateMachineUpdater (StateMachineUpdater.java:takeSnapshot(308)) - s2@group-476BE848888C-StateMachineUpdater: Took a snapshot at index 257
2024-11-10 02:23:48,465 [s2@group-476BE848888C-StateMachineUpdater] INFO  impl.StateMachineUpdater (StateMachineUpdater.java:lambda$new$0(102)) - s2@group-476BE848888C-StateMachineUpdater: snapshotIndex: updateIncreasingly 191 -> 257
2024-11-10 02:23:49,048 [main] INFO  impl.RaftServerTestUtil (RaftServerTestUtil.java:waitAndCheckNewConf(101)) - waitAndCheckNewConf: peers=[s1|0.0.0.0:15004, s2|0.0.0.0:15005, s0|localhost:15000], deadPeers=null, printing ALL groups
  s0:  RUNNING    LEADER s0@group-476BE848888C:t1, leader=s0, voted=s0, raftlog=Memoized:s0@group-476BE848888C-SegmentedRaftLog:OPENED:c258:last(t:1, i:258), conf=conf: {index: 257, cur=peers:[s0|localhost:15000, s1|0.0.0.0:15004, s2|0.0.0.0:15005]|listeners:[], old=null} RUNNING
  s1:  RUNNING  FOLLOWER s1@group-476BE848888C:t1, leader=s0, voted=null, raftlog=Memoized:s1@group-476BE848888C-SegmentedRaftLog:OPENED:c-1:lastnull, conf=conf: {index: 0, cur=peers:[s0|localhost:15000]|listeners:[], old=null} STARTING
  s2:  RUNNING  FOLLOWER s2@group-476BE848888C:t1, leader=s0, voted=null, raftlog=Memoized:s2@group-476BE848888C-SegmentedRaftLog:OPENED:c258:last(t:1, i:258), conf=conf: {index: 257, cur=peers:[s0|localhost:15000, s1|0.0.0.0:15004, s2|0.0.0.0:15005]|listeners:[], old=null} RUNNING
2024-11-10 02:23:49,049 [main] INFO  impl.RaftServerTestUtil (RaftServerTestUtil.java:waitAndCheckNewConf(110)) - checking    LEADER s0@group-476BE848888C:t1, leader=s0, voted=s0, raftlog=Memoized:s0@group-476BE848888C-SegmentedRaftLog:OPENED:c258:last(t:1, i:258), conf=conf: {index: 257, cur=peers:[s0|localhost:15000, s1|0.0.0.0:15004, s2|0.0.0.0:15005]|listeners:[], old=null} RUNNING
2024-11-10 02:23:49,049 [main] INFO  impl.RaftServerTestUtil (RaftServerTestUtil.java:waitAndCheckNewConf(110)) - checking  FOLLOWER s1@group-476BE848888C:t1, leader=s0, voted=null, raftlog=Memoized:s1@group-476BE848888C-SegmentedRaftLog:OPENED:c-1:lastnull, conf=conf: {index: 0, cur=peers:[s0|localhost:15000]|listeners:[], old=null} STARTING
2024-11-10 02:23:49,049 [main] WARN  impl.RaftServerTestUtil (JavaUtils.java:attempt(231)) - FAILED "waitAndCheckNewConf", attempt #2/10, sleep 600ms and then retry: java.lang.AssertionError
2024-11-10 02:23:49,650 [main] INFO  impl.RaftServerTestUtil (RaftServerTestUtil.java:waitAndCheckNewConf(101)) - waitAndCheckNewConf: peers=[s1|0.0.0.0:15004, s2|0.0.0.0:15005, s0|localhost:15000], deadPeers=null, printing ALL groups
  s0:  RUNNING    LEADER s0@group-476BE848888C:t1, leader=s0, voted=s0, raftlog=Memoized:s0@group-476BE848888C-SegmentedRaftLog:OPENED:c258:last(t:1, i:258), conf=conf: {index: 257, cur=peers:[s0|localhost:15000, s1|0.0.0.0:15004, s2|0.0.0.0:15005]|listeners:[], old=null} RUNNING
  s1:  RUNNING  FOLLOWER s1@group-476BE848888C:t1, leader=s0, voted=null, raftlog=Memoized:s1@group-476BE848888C-SegmentedRaftLog:OPENED:c-1:lastnull, conf=conf: {index: 0, cur=peers:[s0|localhost:15000]|listeners:[], old=null} STARTING
  s2:  RUNNING  FOLLOWER s2@group-476BE848888C:t1, leader=s0, voted=null, raftlog=Memoized:s2@group-476BE848888C-SegmentedRaftLog:OPENED:c258:last(t:1, i:258), conf=conf: {index: 257, cur=peers:[s0|localhost:15000, s1|0.0.0.0:15004, s2|0.0.0.0:15005]|listeners:[], old=null} RUNNING
2024-11-10 02:23:49,650 [main] INFO  impl.RaftServerTestUtil (RaftServerTestUtil.java:waitAndCheckNewConf(110)) - checking    LEADER s0@group-476BE848888C:t1, leader=s0, voted=s0, raftlog=Memoized:s0@group-476BE848888C-SegmentedRaftLog:OPENED:c258:last(t:1, i:258), conf=conf: {index: 257, cur=peers:[s0|localhost:15000, s1|0.0.0.0:15004, s2|0.0.0.0:15005]|listeners:[], old=null} RUNNING
2024-11-10 02:23:49,651 [main] INFO  impl.RaftServerTestUtil (RaftServerTestUtil.java:waitAndCheckNewConf(110)) - checking  FOLLOWER s1@group-476BE848888C:t1, leader=s0, voted=null, raftlog=Memoized:s1@group-476BE848888C-SegmentedRaftLog:OPENED:c-1:lastnull, conf=conf: {index: 0, cur=peers:[s0|localhost:15000]|listeners:[], old=null} STARTING
2024-11-10 02:23:49,651 [main] WARN  impl.RaftServerTestUtil (JavaUtils.java:attempt(231)) - FAILED "waitAndCheckNewConf", attempt #3/10, sleep 600ms and then retry: java.lang.AssertionError
2024-11-10 02:23:50,251 [main] INFO  impl.RaftServerTestUtil (RaftServerTestUtil.java:waitAndCheckNewConf(101)) - waitAndCheckNewConf: peers=[s1|0.0.0.0:15004, s2|0.0.0.0:15005, s0|localhost:15000], deadPeers=null, printing ALL groups
  s0:  RUNNING    LEADER s0@group-476BE848888C:t1, leader=s0, voted=s0, raftlog=Memoized:s0@group-476BE848888C-SegmentedRaftLog:OPENED:c258:last(t:1, i:258), conf=conf: {index: 257, cur=peers:[s0|localhost:15000, s1|0.0.0.0:15004, s2|0.0.0.0:15005]|listeners:[], old=null} RUNNING
  s1:  RUNNING  FOLLOWER s1@group-476BE848888C:t1, leader=s0, voted=null, raftlog=Memoized:s1@group-476BE848888C-SegmentedRaftLog:OPENED:c-1:lastnull, conf=conf: {index: 0, cur=peers:[s0|localhost:15000]|listeners:[], old=null} STARTING
  s2:  RUNNING  FOLLOWER s2@group-476BE848888C:t1, leader=s0, voted=null, raftlog=Memoized:s2@group-476BE848888C-SegmentedRaftLog:OPENED:c258:last(t:1, i:258), conf=conf: {index: 257, cur=peers:[s0|localhost:15000, s1|0.0.0.0:15004, s2|0.0.0.0:15005]|listeners:[], old=null} RUNNING
2024-11-10 02:23:50,252 [main] INFO  impl.RaftServerTestUtil (RaftServerTestUtil.java:waitAndCheckNewConf(110)) - checking    LEADER s0@group-476BE848888C:t1, leader=s0, voted=s0, raftlog=Memoized:s0@group-476BE848888C-SegmentedRaftLog:OPENED:c258:last(t:1, i:258), conf=conf: {index: 257, cur=peers:[s0|localhost:15000, s1|0.0.0.0:15004, s2|0.0.0.0:15005]|listeners:[], old=null} RUNNING
2024-11-10 02:23:50,252 [main] INFO  impl.RaftServerTestUtil (RaftServerTestUtil.java:waitAndCheckNewConf(110)) - checking  FOLLOWER s1@group-476BE848888C:t1, leader=s0, voted=null, raftlog=Memoized:s1@group-476BE848888C-SegmentedRaftLog:OPENED:c-1:lastnull, conf=conf: {index: 0, cur=peers:[s0|localhost:15000]|listeners:[], old=null} STARTING
2024-11-10 02:23:50,253 [main] WARN  impl.RaftServerTestUtil (JavaUtils.java:attempt(231)) - FAILED "waitAndCheckNewConf", attempt #4/10, sleep 600ms and then retry: java.lang.AssertionError
2024-11-10 02:23:50,853 [main] INFO  impl.RaftServerTestUtil (RaftServerTestUtil.java:waitAndCheckNewConf(101)) - waitAndCheckNewConf: peers=[s1|0.0.0.0:15004, s2|0.0.0.0:15005, s0|localhost:15000], deadPeers=null, printing ALL groups
  s0:  RUNNING    LEADER s0@group-476BE848888C:t1, leader=s0, voted=s0, raftlog=Memoized:s0@group-476BE848888C-SegmentedRaftLog:OPENED:c258:last(t:1, i:258), conf=conf: {index: 257, cur=peers:[s0|localhost:15000, s1|0.0.0.0:15004, s2|0.0.0.0:15005]|listeners:[], old=null} RUNNING
  s1:  RUNNING  FOLLOWER s1@group-476BE848888C:t1, leader=s0, voted=null, raftlog=Memoized:s1@group-476BE848888C-SegmentedRaftLog:OPENED:c-1:lastnull, conf=conf: {index: 0, cur=peers:[s0|localhost:15000]|listeners:[], old=null} STARTING
  s2:  RUNNING  FOLLOWER s2@group-476BE848888C:t1, leader=s0, voted=null, raftlog=Memoized:s2@group-476BE848888C-SegmentedRaftLog:OPENED:c258:last(t:1, i:258), conf=conf: {index: 257, cur=peers:[s0|localhost:15000, s1|0.0.0.0:15004, s2|0.0.0.0:15005]|listeners:[], old=null} RUNNING
2024-11-10 02:23:50,854 [main] INFO  impl.RaftServerTestUtil (RaftServerTestUtil.java:waitAndCheckNewConf(110)) - checking    LEADER s0@group-476BE848888C:t1, leader=s0, voted=s0, raftlog=Memoized:s0@group-476BE848888C-SegmentedRaftLog:OPENED:c258:last(t:1, i:258), conf=conf: {index: 257, cur=peers:[s0|localhost:15000, s1|0.0.0.0:15004, s2|0.0.0.0:15005]|listeners:[], old=null} RUNNING
2024-11-10 02:23:50,854 [main] INFO  impl.RaftServerTestUtil (RaftServerTestUtil.java:waitAndCheckNewConf(110)) - checking  FOLLOWER s1@group-476BE848888C:t1, leader=s0, voted=null, raftlog=Memoized:s1@group-476BE848888C-SegmentedRaftLog:OPENED:c-1:lastnull, conf=conf: {index: 0, cur=peers:[s0|localhost:15000]|listeners:[], old=null} STARTING
2024-11-10 02:23:50,854 [main] WARN  impl.RaftServerTestUtil (JavaUtils.java:attempt(231)) - FAILED "waitAndCheckNewConf", attempt #5/10, sleep 600ms and then retry: java.lang.AssertionError
2024-11-10 02:23:51,455 [main] INFO  impl.RaftServerTestUtil (RaftServerTestUtil.java:waitAndCheckNewConf(101)) - waitAndCheckNewConf: peers=[s1|0.0.0.0:15004, s2|0.0.0.0:15005, s0|localhost:15000], deadPeers=null, printing ALL groups
  s0:  RUNNING    LEADER s0@group-476BE848888C:t1, leader=s0, voted=s0, raftlog=Memoized:s0@group-476BE848888C-SegmentedRaftLog:OPENED:c258:last(t:1, i:258), conf=conf: {index: 257, cur=peers:[s0|localhost:15000, s1|0.0.0.0:15004, s2|0.0.0.0:15005]|listeners:[], old=null} RUNNING
  s1:  RUNNING  FOLLOWER s1@group-476BE848888C:t1, leader=s0, voted=null, raftlog=Memoized:s1@group-476BE848888C-SegmentedRaftLog:OPENED:c-1:lastnull, conf=conf: {index: 0, cur=peers:[s0|localhost:15000]|listeners:[], old=null} STARTING
  s2:  RUNNING  FOLLOWER s2@group-476BE848888C:t1, leader=s0, voted=null, raftlog=Memoized:s2@group-476BE848888C-SegmentedRaftLog:OPENED:c258:last(t:1, i:258), conf=conf: {index: 257, cur=peers:[s0|localhost:15000, s1|0.0.0.0:15004, s2|0.0.0.0:15005]|listeners:[], old=null} RUNNING
2024-11-10 02:23:51,455 [main] INFO  impl.RaftServerTestUtil (RaftServerTestUtil.java:waitAndCheckNewConf(110)) - checking    LEADER s0@group-476BE848888C:t1, leader=s0, voted=s0, raftlog=Memoized:s0@group-476BE848888C-SegmentedRaftLog:OPENED:c258:last(t:1, i:258), conf=conf: {index: 257, cur=peers:[s0|localhost:15000, s1|0.0.0.0:15004, s2|0.0.0.0:15005]|listeners:[], old=null} RUNNING
2024-11-10 02:23:51,455 [main] INFO  impl.RaftServerTestUtil (RaftServerTestUtil.java:waitAndCheckNewConf(110)) - checking  FOLLOWER s1@group-476BE848888C:t1, leader=s0, voted=null, raftlog=Memoized:s1@group-476BE848888C-SegmentedRaftLog:OPENED:c-1:lastnull, conf=conf: {index: 0, cur=peers:[s0|localhost:15000]|listeners:[], old=null} STARTING
2024-11-10 02:23:51,455 [main] WARN  impl.RaftServerTestUtil (JavaUtils.java:attempt(231)) - FAILED "waitAndCheckNewConf", attempt #6/10, sleep 600ms and then retry: java.lang.AssertionError
2024-11-10 02:23:52,056 [main] INFO  impl.RaftServerTestUtil (RaftServerTestUtil.java:waitAndCheckNewConf(101)) - waitAndCheckNewConf: peers=[s1|0.0.0.0:15004, s2|0.0.0.0:15005, s0|localhost:15000], deadPeers=null, printing ALL groups
  s0:  RUNNING    LEADER s0@group-476BE848888C:t1, leader=s0, voted=s0, raftlog=Memoized:s0@group-476BE848888C-SegmentedRaftLog:OPENED:c258:last(t:1, i:258), conf=conf: {index: 257, cur=peers:[s0|localhost:15000, s1|0.0.0.0:15004, s2|0.0.0.0:15005]|listeners:[], old=null} RUNNING
  s1:  RUNNING  FOLLOWER s1@group-476BE848888C:t1, leader=s0, voted=null, raftlog=Memoized:s1@group-476BE848888C-SegmentedRaftLog:OPENED:c-1:lastnull, conf=conf: {index: 0, cur=peers:[s0|localhost:15000]|listeners:[], old=null} STARTING
  s2:  RUNNING  FOLLOWER s2@group-476BE848888C:t1, leader=s0, voted=null, raftlog=Memoized:s2@group-476BE848888C-SegmentedRaftLog:OPENED:c258:last(t:1, i:258), conf=conf: {index: 257, cur=peers:[s0|localhost:15000, s1|0.0.0.0:15004, s2|0.0.0.0:15005]|listeners:[], old=null} RUNNING
2024-11-10 02:23:52,057 [main] INFO  impl.RaftServerTestUtil (RaftServerTestUtil.java:waitAndCheckNewConf(110)) - checking    LEADER s0@group-476BE848888C:t1, leader=s0, voted=s0, raftlog=Memoized:s0@group-476BE848888C-SegmentedRaftLog:OPENED:c258:last(t:1, i:258), conf=conf: {index: 257, cur=peers:[s0|localhost:15000, s1|0.0.0.0:15004, s2|0.0.0.0:15005]|listeners:[], old=null} RUNNING
2024-11-10 02:23:52,057 [main] INFO  impl.RaftServerTestUtil (RaftServerTestUtil.java:waitAndCheckNewConf(110)) - checking  FOLLOWER s1@group-476BE848888C:t1, leader=s0, voted=null, raftlog=Memoized:s1@group-476BE848888C-SegmentedRaftLog:OPENED:c-1:lastnull, conf=conf: {index: 0, cur=peers:[s0|localhost:15000]|listeners:[], old=null} STARTING
2024-11-10 02:23:52,057 [main] WARN  impl.RaftServerTestUtil (JavaUtils.java:attempt(231)) - FAILED "waitAndCheckNewConf", attempt #7/10, sleep 600ms and then retry: java.lang.AssertionError
2024-11-10 02:23:52,658 [main] INFO  impl.RaftServerTestUtil (RaftServerTestUtil.java:waitAndCheckNewConf(101)) - waitAndCheckNewConf: peers=[s1|0.0.0.0:15004, s2|0.0.0.0:15005, s0|localhost:15000], deadPeers=null, printing ALL groups
  s0:  RUNNING    LEADER s0@group-476BE848888C:t1, leader=s0, voted=s0, raftlog=Memoized:s0@group-476BE848888C-SegmentedRaftLog:OPENED:c258:last(t:1, i:258), conf=conf: {index: 257, cur=peers:[s0|localhost:15000, s1|0.0.0.0:15004, s2|0.0.0.0:15005]|listeners:[], old=null} RUNNING
  s1:  RUNNING  FOLLOWER s1@group-476BE848888C:t1, leader=s0, voted=null, raftlog=Memoized:s1@group-476BE848888C-SegmentedRaftLog:OPENED:c-1:lastnull, conf=conf: {index: 0, cur=peers:[s0|localhost:15000]|listeners:[], old=null} STARTING
  s2:  RUNNING  FOLLOWER s2@group-476BE848888C:t1, leader=s0, voted=null, raftlog=Memoized:s2@group-476BE848888C-SegmentedRaftLog:OPENED:c258:last(t:1, i:258), conf=conf: {index: 257, cur=peers:[s0|localhost:15000, s1|0.0.0.0:15004, s2|0.0.0.0:15005]|listeners:[], old=null} RUNNING
2024-11-10 02:23:52,658 [main] INFO  impl.RaftServerTestUtil (RaftServerTestUtil.java:waitAndCheckNewConf(110)) - checking    LEADER s0@group-476BE848888C:t1, leader=s0, voted=s0, raftlog=Memoized:s0@group-476BE848888C-SegmentedRaftLog:OPENED:c258:last(t:1, i:258), conf=conf: {index: 257, cur=peers:[s0|localhost:15000, s1|0.0.0.0:15004, s2|0.0.0.0:15005]|listeners:[], old=null} RUNNING
2024-11-10 02:23:52,658 [main] INFO  impl.RaftServerTestUtil (RaftServerTestUtil.java:waitAndCheckNewConf(110)) - checking  FOLLOWER s1@group-476BE848888C:t1, leader=s0, voted=null, raftlog=Memoized:s1@group-476BE848888C-SegmentedRaftLog:OPENED:c-1:lastnull, conf=conf: {index: 0, cur=peers:[s0|localhost:15000]|listeners:[], old=null} STARTING
2024-11-10 02:23:52,658 [main] WARN  impl.RaftServerTestUtil (JavaUtils.java:attempt(231)) - FAILED "waitAndCheckNewConf", attempt #8/10, sleep 600ms and then retry: java.lang.AssertionError
2024-11-10 02:23:53,259 [main] INFO  impl.RaftServerTestUtil (RaftServerTestUtil.java:waitAndCheckNewConf(101)) - waitAndCheckNewConf: peers=[s1|0.0.0.0:15004, s2|0.0.0.0:15005, s0|localhost:15000], deadPeers=null, printing ALL groups
  s0:  RUNNING    LEADER s0@group-476BE848888C:t1, leader=s0, voted=s0, raftlog=Memoized:s0@group-476BE848888C-SegmentedRaftLog:OPENED:c258:last(t:1, i:258), conf=conf: {index: 257, cur=peers:[s0|localhost:15000, s1|0.0.0.0:15004, s2|0.0.0.0:15005]|listeners:[], old=null} RUNNING
  s1:  RUNNING  FOLLOWER s1@group-476BE848888C:t1, leader=s0, voted=null, raftlog=Memoized:s1@group-476BE848888C-SegmentedRaftLog:OPENED:c-1:lastnull, conf=conf: {index: 0, cur=peers:[s0|localhost:15000]|listeners:[], old=null} STARTING
  s2:  RUNNING  FOLLOWER s2@group-476BE848888C:t1, leader=s0, voted=null, raftlog=Memoized:s2@group-476BE848888C-SegmentedRaftLog:OPENED:c258:last(t:1, i:258), conf=conf: {index: 257, cur=peers:[s0|localhost:15000, s1|0.0.0.0:15004, s2|0.0.0.0:15005]|listeners:[], old=null} RUNNING
2024-11-10 02:23:53,259 [main] INFO  impl.RaftServerTestUtil (RaftServerTestUtil.java:waitAndCheckNewConf(110)) - checking    LEADER s0@group-476BE848888C:t1, leader=s0, voted=s0, raftlog=Memoized:s0@group-476BE848888C-SegmentedRaftLog:OPENED:c258:last(t:1, i:258), conf=conf: {index: 257, cur=peers:[s0|localhost:15000, s1|0.0.0.0:15004, s2|0.0.0.0:15005]|listeners:[], old=null} RUNNING
2024-11-10 02:23:53,260 [main] INFO  impl.RaftServerTestUtil (RaftServerTestUtil.java:waitAndCheckNewConf(110)) - checking  FOLLOWER s1@group-476BE848888C:t1, leader=s0, voted=null, raftlog=Memoized:s1@group-476BE848888C-SegmentedRaftLog:OPENED:c-1:lastnull, conf=conf: {index: 0, cur=peers:[s0|localhost:15000]|listeners:[], old=null} STARTING
2024-11-10 02:23:53,260 [main] WARN  impl.RaftServerTestUtil (JavaUtils.java:attempt(231)) - FAILED "waitAndCheckNewConf", attempt #9/10, sleep 600ms and then retry: java.lang.AssertionError
2024-11-10 02:23:53,860 [main] INFO  impl.RaftServerTestUtil (RaftServerTestUtil.java:waitAndCheckNewConf(101)) - waitAndCheckNewConf: peers=[s1|0.0.0.0:15004, s2|0.0.0.0:15005, s0|localhost:15000], deadPeers=null, printing ALL groups
  s0:  RUNNING    LEADER s0@group-476BE848888C:t1, leader=s0, voted=s0, raftlog=Memoized:s0@group-476BE848888C-SegmentedRaftLog:OPENED:c258:last(t:1, i:258), conf=conf: {index: 257, cur=peers:[s0|localhost:15000, s1|0.0.0.0:15004, s2|0.0.0.0:15005]|listeners:[], old=null} RUNNING
  s1:  RUNNING  FOLLOWER s1@group-476BE848888C:t1, leader=s0, voted=null, raftlog=Memoized:s1@group-476BE848888C-SegmentedRaftLog:OPENED:c-1:lastnull, conf=conf: {index: 0, cur=peers:[s0|localhost:15000]|listeners:[], old=null} STARTING
  s2:  RUNNING  FOLLOWER s2@group-476BE848888C:t1, leader=s0, voted=null, raftlog=Memoized:s2@group-476BE848888C-SegmentedRaftLog:OPENED:c258:last(t:1, i:258), conf=conf: {index: 257, cur=peers:[s0|localhost:15000, s1|0.0.0.0:15004, s2|0.0.0.0:15005]|listeners:[], old=null} RUNNING
2024-11-10 02:23:53,861 [main] INFO  impl.RaftServerTestUtil (RaftServerTestUtil.java:waitAndCheckNewConf(110)) - checking    LEADER s0@group-476BE848888C:t1, leader=s0, voted=s0, raftlog=Memoized:s0@group-476BE848888C-SegmentedRaftLog:OPENED:c258:last(t:1, i:258), conf=conf: {index: 257, cur=peers:[s0|localhost:15000, s1|0.0.0.0:15004, s2|0.0.0.0:15005]|listeners:[], old=null} RUNNING
2024-11-10 02:23:53,861 [main] INFO  impl.RaftServerTestUtil (RaftServerTestUtil.java:waitAndCheckNewConf(110)) - checking  FOLLOWER s1@group-476BE848888C:t1, leader=s0, voted=null, raftlog=Memoized:s1@group-476BE848888C-SegmentedRaftLog:OPENED:c-1:lastnull, conf=conf: {index: 0, cur=peers:[s0|localhost:15000]|listeners:[], old=null} STARTING
2024-11-10 02:23:53,862 [main] INFO  impl.MiniRaftCluster (MiniRaftCluster.java:runWithNewCluster(146)) - printing ALL groups
  s0:  RUNNING    LEADER s0@group-476BE848888C:t1, leader=s0, voted=s0, raftlog=Memoized:s0@group-476BE848888C-SegmentedRaftLog:OPENED:c258:last(t:1, i:258), conf=conf: {index: 257, cur=peers:[s0|localhost:15000, s1|0.0.0.0:15004, s2|0.0.0.0:15005]|listeners:[], old=null} RUNNING
  s1:  RUNNING  FOLLOWER s1@group-476BE848888C:t1, leader=s0, voted=null, raftlog=Memoized:s1@group-476BE848888C-SegmentedRaftLog:OPENED:c-1:lastnull, conf=conf: {index: 0, cur=peers:[s0|localhost:15000]|listeners:[], old=null} STARTING
  s2:  RUNNING  FOLLOWER s2@group-476BE848888C:t1, leader=s0, voted=null, raftlog=Memoized:s2@group-476BE848888C-SegmentedRaftLog:OPENED:c258:last(t:1, i:258), conf=conf: {index: 257, cur=peers:[s0|localhost:15000, s1|0.0.0.0:15004, s2|0.0.0.0:15005]|listeners:[], old=null} RUNNING
2024-11-10 02:23:53,862 [main] ERROR impl.MiniRaftCluster (MiniRaftCluster.java:runWithNewCluster(147)) - Failed org.apache.ratis.server.impl.MiniRaftCluster$Factory$Get.runWithNewCluster(MiniRaftCluster.java:121)
java.lang.AssertionError
	at org.junit.Assert.fail(Assert.java:87)
	at org.junit.Assert.assertTrue(Assert.java:42)
	at org.junit.Assert.assertTrue(Assert.java:53)
	at org.apache.ratis.server.impl.RaftServerTestUtil.waitAndCheckNewConf(RaftServerTestUtil.java:121)
	at org.apache.ratis.server.impl.RaftServerTestUtil.lambda$waitAndCheckNewConf$3(RaftServerTestUtil.java:96)
	at org.apache.ratis.util.function.CheckedRunnable.lambda$asCheckedSupplier$0(CheckedRunnable.java:32)
	at org.apache.ratis.util.JavaUtils.lambda$attempt$7(JavaUtils.java:212)
	at org.apache.ratis.util.JavaUtils.attempt(JavaUtils.java:225)
	at org.apache.ratis.util.JavaUtils.attempt(JavaUtils.java:212)
	at org.apache.ratis.util.JavaUtils.attemptRepeatedly(JavaUtils.java:204)
	at org.apache.ratis.util.JavaUtils.attempt(JavaUtils.java:245)
	at org.apache.ratis.server.impl.RaftServerTestUtil.waitAndCheckNewConf(RaftServerTestUtil.java:96)
	at org.apache.ratis.InstallSnapshotFromLeaderTests.testMultiFileInstallSnapshot(InstallSnapshotFromLeaderTests.java:124)
	at org.apache.ratis.server.impl.MiniRaftCluster$Factory$Get.runWithNewCluster(MiniRaftCluster.java:144)
	at org.apache.ratis.server.impl.MiniRaftCluster$Factory$Get.runWithNewCluster(MiniRaftCluster.java:121)
	at org.apache.ratis.InstallSnapshotFromLeaderTests.testMultiFileInstallSnapshot(InstallSnapshotFromLeaderTests.java:84)
	at org.apache.ratis.grpc.TestLeaderInstallSnapshotWithGrpc.testMultiFileInstallSnapshot(TestLeaderInstallSnapshotWithGrpc.java:39)
	at sun.reflect.NativeMethodAccessorImpl.invoke0(Native Method)
	at sun.reflect.NativeMethodAccessorImpl.invoke(NativeMethodAccessorImpl.java:62)
	at sun.reflect.DelegatingMethodAccessorImpl.invoke(DelegatingMethodAccessorImpl.java:43)
	at java.lang.reflect.Method.invoke(Method.java:498)
	at org.junit.platform.commons.util.ReflectionUtils.invokeMethod(ReflectionUtils.java:766)
	at org.junit.jupiter.engine.execution.MethodInvocation.proceed(MethodInvocation.java:60)
	at org.junit.jupiter.engine.execution.InvocationInterceptorChain$ValidatingInvocation.proceed(InvocationInterceptorChain.java:131)
	at org.junit.jupiter.engine.extension.SameThreadTimeoutInvocation.proceed(SameThreadTimeoutInvocation.java:45)
	at org.junit.jupiter.engine.extension.TimeoutExtension.intercept(TimeoutExtension.java:156)
	at org.junit.jupiter.engine.extension.TimeoutExtension.interceptTestableMethod(TimeoutExtension.java:147)
	at org.junit.jupiter.engine.extension.TimeoutExtension.interceptTestTemplateMethod(TimeoutExtension.java:94)
	at org.junit.jupiter.engine.execution.InterceptingExecutableInvoker$ReflectiveInterceptorCall.lambda$ofVoidMethod$0(InterceptingExecutableInvoker.java:103)
	at org.junit.jupiter.engine.execution.InterceptingExecutableInvoker.lambda$invoke$0(InterceptingExecutableInvoker.java:93)
	at org.junit.jupiter.engine.execution.InvocationInterceptorChain$InterceptedInvocation.proceed(InvocationInterceptorChain.java:106)
	at org.junit.jupiter.engine.execution.InvocationInterceptorChain.proceed(InvocationInterceptorChain.java:64)
	at org.junit.jupiter.engine.execution.InvocationInterceptorChain.chainAndInvoke(InvocationInterceptorChain.java:45)
	at org.junit.jupiter.engine.execution.InvocationInterceptorChain.invoke(InvocationInterceptorChain.java:37)
	at org.junit.jupiter.engine.execution.InterceptingExecutableInvoker.invoke(InterceptingExecutableInvoker.java:92)
	at org.junit.jupiter.engine.execution.InterceptingExecutableInvoker.invoke(InterceptingExecutableInvoker.java:86)
	at org.junit.jupiter.engine.descriptor.TestMethodTestDescriptor.lambda$invokeTestMethod$8(TestMethodTestDescriptor.java:217)
	at org.junit.platform.engine.support.hierarchical.ThrowableCollector.execute(ThrowableCollector.java:73)
	at org.junit.jupiter.engine.descriptor.TestMethodTestDescriptor.invokeTestMethod(TestMethodTestDescriptor.java:213)
	at org.junit.jupiter.engine.descriptor.TestMethodTestDescriptor.execute(TestMethodTestDescriptor.java:138)
	at org.junit.jupiter.engine.descriptor.TestMethodTestDescriptor.execute(TestMethodTestDescriptor.java:68)
	at org.junit.platform.engine.support.hierarchical.NodeTestTask.lambda$executeRecursively$6(NodeTestTask.java:156)
	at org.junit.platform.engine.support.hierarchical.ThrowableCollector.execute(ThrowableCollector.java:73)
	at org.junit.platform.engine.support.hierarchical.NodeTestTask.lambda$executeRecursively$8(NodeTestTask.java:146)
	at org.junit.platform.engine.support.hierarchical.Node.around(Node.java:137)
	at org.junit.platform.engine.support.hierarchical.NodeTestTask.lambda$executeRecursively$9(NodeTestTask.java:144)
	at org.junit.platform.engine.support.hierarchical.ThrowableCollector.execute(ThrowableCollector.java:73)
	at org.junit.platform.engine.support.hierarchical.NodeTestTask.executeRecursively(NodeTestTask.java:143)
	at org.junit.platform.engine.support.hierarchical.NodeTestTask.execute(NodeTestTask.java:100)
	at org.junit.platform.engine.support.hierarchical.SameThreadHierarchicalTestExecutorService.submit(SameThreadHierarchicalTestExecutorService.java:35)
	at org.junit.platform.engine.support.hierarchical.NodeTestTask$DefaultDynamicTestExecutor.execute(NodeTestTask.java:231)
	at org.junit.platform.engine.support.hierarchical.NodeTestTask$DefaultDynamicTestExecutor.execute(NodeTestTask.java:209)
	at org.junit.jupiter.engine.descriptor.TestTemplateTestDescriptor.execute(TestTemplateTestDescriptor.java:141)
	at org.junit.jupiter.engine.descriptor.TestTemplateTestDescriptor.lambda$execute$3(TestTemplateTestDescriptor.java:109)
	at java.util.stream.ForEachOps$ForEachOp$OfRef.accept(ForEachOps.java:183)
	at java.util.stream.ReferencePipeline$3$1.accept(ReferencePipeline.java:193)
	at java.util.stream.ReferencePipeline$2$1.accept(ReferencePipeline.java:175)
	at java.util.stream.ReferencePipeline$3$1.accept(ReferencePipeline.java:193)
	at java.util.stream.ForEachOps$ForEachOp$OfRef.accept(ForEachOps.java:183)
	at java.util.stream.ReferencePipeline$3$1.accept(ReferencePipeline.java:193)
	at java.util.stream.ForEachOps$ForEachOp$OfRef.accept(ForEachOps.java:183)
	at java.util.stream.ForEachOps$ForEachOp$OfRef.accept(ForEachOps.java:183)
	at java.util.stream.ReferencePipeline$3$1.accept(ReferencePipeline.java:193)
	at java.util.Spliterators$ArraySpliterator.forEachRemaining(Spliterators.java:948)
	at java.util.stream.ReferencePipeline$Head.forEach(ReferencePipeline.java:647)
	at java.util.stream.ReferencePipeline$7$1.accept(ReferencePipeline.java:272)
	at java.util.stream.ReferencePipeline$3$1.accept(ReferencePipeline.java:193)
	at java.util.stream.ReferencePipeline$3$1.accept(ReferencePipeline.java:193)
	at java.util.stream.ReferencePipeline$3$1.accept(ReferencePipeline.java:193)
	at java.util.Spliterators$ArraySpliterator.forEachRemaining(Spliterators.java:948)
	at java.util.stream.AbstractPipeline.copyInto(AbstractPipeline.java:482)
	at java.util.stream.AbstractPipeline.wrapAndCopyInto(AbstractPipeline.java:472)
	at java.util.stream.ForEachOps$ForEachOp.evaluateSequential(ForEachOps.java:150)
	at java.util.stream.ForEachOps$ForEachOp$OfRef.evaluateSequential(ForEachOps.java:173)
	at java.util.stream.AbstractPipeline.evaluate(AbstractPipeline.java:234)
	at java.util.stream.ReferencePipeline.forEach(ReferencePipeline.java:485)
	at java.util.stream.ReferencePipeline$7$1.accept(ReferencePipeline.java:272)
	at java.util.ArrayList$ArrayListSpliterator.forEachRemaining(ArrayList.java:1384)
	at java.util.stream.AbstractPipeline.copyInto(AbstractPipeline.java:482)
	at java.util.stream.AbstractPipeline.wrapAndCopyInto(AbstractPipeline.java:472)
	at java.util.stream.ForEachOps$ForEachOp.evaluateSequential(ForEachOps.java:150)
	at java.util.stream.ForEachOps$ForEachOp$OfRef.evaluateSequential(ForEachOps.java:173)
	at java.util.stream.AbstractPipeline.evaluate(AbstractPipeline.java:234)
	at java.util.stream.ReferencePipeline.forEach(ReferencePipeline.java:485)
	at java.util.stream.ReferencePipeline$7$1.accept(ReferencePipeline.java:272)
	at java.util.stream.ReferencePipeline$3$1.accept(ReferencePipeline.java:193)
	at java.util.stream.ReferencePipeline$3$1.accept(ReferencePipeline.java:193)
	at java.util.stream.ReferencePipeline$3$1.accept(ReferencePipeline.java:193)
	at java.util.ArrayList$ArrayListSpliterator.forEachRemaining(ArrayList.java:1384)
	at java.util.stream.AbstractPipeline.copyInto(AbstractPipeline.java:482)
	at java.util.stream.AbstractPipeline.wrapAndCopyInto(AbstractPipeline.java:472)
	at java.util.stream.ForEachOps$ForEachOp.evaluateSequential(ForEachOps.java:150)
	at java.util.stream.ForEachOps$ForEachOp$OfRef.evaluateSequential(ForEachOps.java:173)
	at java.util.stream.AbstractPipeline.evaluate(AbstractPipeline.java:234)
	at java.util.stream.ReferencePipeline.forEach(ReferencePipeline.java:485)
	at java.util.stream.ReferencePipeline$7$1.accept(ReferencePipeline.java:272)
	at java.util.ArrayList$ArrayListSpliterator.forEachRemaining(ArrayList.java:1384)
	at java.util.stream.AbstractPipeline.copyInto(AbstractPipeline.java:482)
	at java.util.stream.AbstractPipeline.wrapAndCopyInto(AbstractPipeline.java:472)
	at java.util.stream.ForEachOps$ForEachOp.evaluateSequential(ForEachOps.java:150)
	at java.util.stream.ForEachOps$ForEachOp$OfRef.evaluateSequential(ForEachOps.java:173)
	at java.util.stream.AbstractPipeline.evaluate(AbstractPipeline.java:234)
	at java.util.stream.ReferencePipeline.forEach(ReferencePipeline.java:485)
	at org.junit.jupiter.engine.descriptor.TestTemplateTestDescriptor.execute(TestTemplateTestDescriptor.java:109)
	at org.junit.jupiter.engine.descriptor.TestTemplateTestDescriptor.execute(TestTemplateTestDescriptor.java:43)
	at org.junit.platform.engine.support.hierarchical.NodeTestTask.lambda$executeRecursively$6(NodeTestTask.java:156)
	at org.junit.platform.engine.support.hierarchical.ThrowableCollector.execute(ThrowableCollector.java:73)
	at org.junit.platform.engine.support.hierarchical.NodeTestTask.lambda$executeRecursively$8(NodeTestTask.java:146)
	at org.junit.platform.engine.support.hierarchical.Node.around(Node.java:137)
	at org.junit.platform.engine.support.hierarchical.NodeTestTask.lambda$executeRecursively$9(NodeTestTask.java:144)
	at org.junit.platform.engine.support.hierarchical.ThrowableCollector.execute(ThrowableCollector.java:73)
	at org.junit.platform.engine.support.hierarchical.NodeTestTask.executeRecursively(NodeTestTask.java:143)
	at org.junit.platform.engine.support.hierarchical.NodeTestTask.execute(NodeTestTask.java:100)
	at java.util.ArrayList.forEach(ArrayList.java:1259)
	at org.junit.platform.engine.support.hierarchical.SameThreadHierarchicalTestExecutorService.invokeAll(SameThreadHierarchicalTestExecutorService.java:41)
	at org.junit.platform.engine.support.hierarchical.NodeTestTask.lambda$executeRecursively$6(NodeTestTask.java:160)
	at org.junit.platform.engine.support.hierarchical.ThrowableCollector.execute(ThrowableCollector.java:73)
	at org.junit.platform.engine.support.hierarchical.NodeTestTask.lambda$executeRecursively$8(NodeTestTask.java:146)
	at org.junit.platform.engine.support.hierarchical.Node.around(Node.java:137)
	at org.junit.platform.engine.support.hierarchical.NodeTestTask.lambda$executeRecursively$9(NodeTestTask.java:144)
	at org.junit.platform.engine.support.hierarchical.ThrowableCollector.execute(ThrowableCollector.java:73)
	at org.junit.platform.engine.support.hierarchical.NodeTestTask.executeRecursively(NodeTestTask.java:143)
	at org.junit.platform.engine.support.hierarchical.NodeTestTask.execute(NodeTestTask.java:100)
	at java.util.ArrayList.forEach(ArrayList.java:1259)
	at org.junit.platform.engine.support.hierarchical.SameThreadHierarchicalTestExecutorService.invokeAll(SameThreadHierarchicalTestExecutorService.java:41)
	at org.junit.platform.engine.support.hierarchical.NodeTestTask.lambda$executeRecursively$6(NodeTestTask.java:160)
	at org.junit.platform.engine.support.hierarchical.ThrowableCollector.execute(ThrowableCollector.java:73)
	at org.junit.platform.engine.support.hierarchical.NodeTestTask.lambda$executeRecursively$8(NodeTestTask.java:146)
	at org.junit.platform.engine.support.hierarchical.Node.around(Node.java:137)
	at org.junit.platform.engine.support.hierarchical.NodeTestTask.lambda$executeRecursively$9(NodeTestTask.java:144)
	at org.junit.platform.engine.support.hierarchical.ThrowableCollector.execute(ThrowableCollector.java:73)
	at org.junit.platform.engine.support.hierarchical.NodeTestTask.executeRecursively(NodeTestTask.java:143)
	at org.junit.platform.engine.support.hierarchical.NodeTestTask.execute(NodeTestTask.java:100)
	at org.junit.platform.engine.support.hierarchical.SameThreadHierarchicalTestExecutorService.submit(SameThreadHierarchicalTestExecutorService.java:35)
	at org.junit.platform.engine.support.hierarchical.HierarchicalTestExecutor.execute(HierarchicalTestExecutor.java:57)
	at org.junit.platform.engine.support.hierarchical.HierarchicalTestEngine.execute(HierarchicalTestEngine.java:54)
	at org.junit.platform.launcher.core.EngineExecutionOrchestrator.execute(EngineExecutionOrchestrator.java:198)
	at org.junit.platform.launcher.core.EngineExecutionOrchestrator.execute(EngineExecutionOrchestrator.java:169)
	at org.junit.platform.launcher.core.EngineExecutionOrchestrator.execute(EngineExecutionOrchestrator.java:93)
	at org.junit.platform.launcher.core.EngineExecutionOrchestrator.lambda$execute$0(EngineExecutionOrchestrator.java:58)
	at org.junit.platform.launcher.core.EngineExecutionOrchestrator.withInterceptedStreams(EngineExecutionOrchestrator.java:141)
	at org.junit.platform.launcher.core.EngineExecutionOrchestrator.execute(EngineExecutionOrchestrator.java:57)
	at org.junit.platform.launcher.core.DefaultLauncher.execute(DefaultLauncher.java:103)
	at org.junit.platform.launcher.core.DefaultLauncher.execute(DefaultLauncher.java:85)
	at org.junit.platform.launcher.core.DelegatingLauncher.execute(DelegatingLauncher.java:47)
	at org.junit.platform.launcher.core.SessionPerRequestLauncher.execute(SessionPerRequestLauncher.java:63)
	at org.apache.maven.surefire.junitplatform.JUnitPlatformProvider.invokeAllTests(JUnitPlatformProvider.java:154)
	at org.apache.maven.surefire.junitplatform.JUnitPlatformProvider.invoke(JUnitPlatformProvider.java:123)
	at org.apache.maven.surefire.booter.ForkedBooter.runSuitesInProcess(ForkedBooter.java:377)
	at org.apache.maven.surefire.booter.ForkedBooter.execute(ForkedBooter.java:138)
	at org.apache.maven.surefire.booter.ForkedBooter.run(ForkedBooter.java:465)
	at org.apache.maven.surefire.booter.ForkedBooter.main(ForkedBooter.java:451)
2024-11-10 02:23:53,867 [main] INFO  impl.MiniRaftCluster (MiniRaftCluster.java:shutdown(847)) - ************************************************************** 
2024-11-10 02:23:53,867 [main] INFO  impl.MiniRaftCluster (MiniRaftCluster.java:shutdown(848)) - *** 
2024-11-10 02:23:53,868 [main] INFO  impl.MiniRaftCluster (MiniRaftCluster.java:shutdown(849)) - ***     Stopping MiniRaftClusterWithGrpc
2024-11-10 02:23:53,868 [main] INFO  impl.MiniRaftCluster (MiniRaftCluster.java:shutdown(850)) - *** 
2024-11-10 02:23:53,868 [main] INFO  impl.MiniRaftCluster (MiniRaftCluster.java:shutdown(851)) - ************************************************************** 
2024-11-10 02:23:53,868 [main] INFO  impl.MiniRaftCluster (MiniRaftCluster.java:shutdown(852)) - printing ALL groups
  s0:  RUNNING    LEADER s0@group-476BE848888C:t1, leader=s0, voted=s0, raftlog=Memoized:s0@group-476BE848888C-SegmentedRaftLog:OPENED:c258:last(t:1, i:258), conf=conf: {index: 257, cur=peers:[s0|localhost:15000, s1|0.0.0.0:15004, s2|0.0.0.0:15005]|listeners:[], old=null} RUNNING
  s1:  RUNNING  FOLLOWER s1@group-476BE848888C:t1, leader=s0, voted=null, raftlog=Memoized:s1@group-476BE848888C-SegmentedRaftLog:OPENED:c-1:lastnull, conf=conf: {index: 0, cur=peers:[s0|localhost:15000]|listeners:[], old=null} STARTING
  s2:  RUNNING  FOLLOWER s2@group-476BE848888C:t1, leader=s0, voted=null, raftlog=Memoized:s2@group-476BE848888C-SegmentedRaftLog:OPENED:c258:last(t:1, i:258), conf=conf: {index: 257, cur=peers:[s0|localhost:15000, s1|0.0.0.0:15004, s2|0.0.0.0:15005]|listeners:[], old=null} RUNNING
2024-11-10 02:23:53,870 [MiniRaftCluster-1] INFO  server.RaftServer (RaftServerProxy.java:lambda$close$9(418)) - s0: close
2024-11-10 02:23:53,871 [MiniRaftCluster-2] INFO  server.RaftServer (RaftServerProxy.java:lambda$close$9(418)) - s1: close
2024-11-10 02:23:53,872 [s0-impl-thread1] INFO  server.RaftServer$Division (RaftServerImpl.java:lambda$close$1(514)) - s0@group-476BE848888C: shutdown
2024-11-10 02:23:53,872 [MiniRaftCluster-1] INFO  server.GrpcServicesImpl (GrpcServicesImpl.java:closeImpl(362)) - s0: shutdown server org.apache.ratis.grpc.server.GrpcClientProtocolService now
2024-11-10 02:23:53,872 [MiniRaftCluster-2] INFO  server.GrpcServicesImpl (GrpcServicesImpl.java:closeImpl(362)) - s1: shutdown server GrpcServerProtocolService now
2024-11-10 02:23:53,872 [s1-impl-thread1] INFO  server.RaftServer$Division (RaftServerImpl.java:lambda$close$1(514)) - s1@group-476BE848888C: shutdown
2024-11-10 02:23:53,872 [MiniRaftCluster-3] INFO  server.RaftServer (RaftServerProxy.java:lambda$close$9(418)) - s2: close
2024-11-10 02:23:53,872 [MiniRaftCluster-3] INFO  server.GrpcServicesImpl (GrpcServicesImpl.java:closeImpl(362)) - s2: shutdown server GrpcServerProtocolService now
2024-11-10 02:23:53,872 [s0-impl-thread1] INFO  util.JmxRegister (JmxRegister.java:unregister(74)) - Successfully un-registered JMX Bean with object name Ratis:service=RaftServer,group=group-476BE848888C,id=s0
2024-11-10 02:23:53,872 [s0-impl-thread1] INFO  impl.RoleInfo (RoleInfo.java:shutdownLeaderState(103)) - s0: shutdown s0@group-476BE848888C-LeaderStateImpl
2024-11-10 02:23:53,873 [s0@group-476BE848888C->s1-GrpcLogAppender-LogAppenderDaemon] WARN  server.GrpcLogAppender (GrpcLogAppender.java:installSnapshot(781)) - s0@group-476BE848888C->s1-GrpcLogAppender: failed to installSnapshot FileListSnapshotInfo(t:1, i:191):[/home/runner/work/ratis/ratis/ratis-test/target/test/data/e1a4608/MiniRaftClusterWithGrpce99f5d0d/s0/c896a275-db18-43bf-9a64-476be848888c/sm/snapshot/1.bin, /home/runner/work/ratis/ratis/ratis-test/target/test/data/e1a4608/MiniRaftClusterWithGrpce99f5d0d/s0/c896a275-db18-43bf-9a64-476be848888c/sm/snapshot/sub/2.bin, /home/runner/work/ratis/ratis/ratis-test/target/test/data/e1a4608/MiniRaftClusterWithGrpce99f5d0d/s0/c896a275-db18-43bf-9a64-476be848888c/sm/snapshot.1_191]
java.lang.IllegalStateException: Interrupted onNext s0->s1#0-t1,chunk:1c44ffbe-0d30-48d8-a571-88d162b307a7,9
	at org.apache.ratis.grpc.util.StreamObserverWithTimeout.acquire(StreamObserverWithTimeout.java:90)
	at org.apache.ratis.grpc.util.StreamObserverWithTimeout.onNext(StreamObserverWithTimeout.java:102)
	at org.apache.ratis.grpc.server.GrpcLogAppender.installSnapshot(GrpcLogAppender.java:771)
	at org.apache.ratis.grpc.server.GrpcLogAppender.installSnapshot(GrpcLogAppender.java:242)
	at org.apache.ratis.grpc.server.GrpcLogAppender.run(GrpcLogAppender.java:261)
	at org.apache.ratis.server.leader.LogAppenderDaemon.run(LogAppenderDaemon.java:80)
	at java.lang.Thread.run(Thread.java:750)
Caused by: java.lang.InterruptedException
	at java.util.concurrent.locks.AbstractQueuedSynchronizer.doAcquireSharedNanos(AbstractQueuedSynchronizer.java:1039)
	at java.util.concurrent.locks.AbstractQueuedSynchronizer.tryAcquireSharedNanos(AbstractQueuedSynchronizer.java:1328)
	at java.util.concurrent.Semaphore.tryAcquire(Semaphore.java:409)
	at org.apache.ratis.grpc.util.StreamObserverWithTimeout.acquire(StreamObserverWithTimeout.java:87)
	... 6 more
2024-11-10 02:23:53,872 [s2-impl-thread1] INFO  server.RaftServer$Division (RaftServerImpl.java:lambda$close$1(514)) - s2@group-476BE848888C: shutdown
2024-11-10 02:23:53,874 [s2-impl-thread1] INFO  util.JmxRegister (JmxRegister.java:unregister(74)) - Successfully un-registered JMX Bean with object name Ratis:service=RaftServer,group=group-476BE848888C,id=s2
2024-11-10 02:23:53,874 [s2-impl-thread1] INFO  impl.RoleInfo (RoleInfo.java:shutdownFollowerState(121)) - s2: shutdown s2@group-476BE848888C-FollowerState
2024-11-10 02:23:53,874 [s2-impl-thread1] INFO  impl.StateMachineUpdater (StateMachineUpdater.java:stopAndJoin(164)) - s2@group-476BE848888C-StateMachineUpdater: set stopIndex = 258
2024-11-10 02:23:53,872 [s1-impl-thread1] INFO  util.JmxRegister (JmxRegister.java:unregister(74)) - Successfully un-registered JMX Bean with object name Ratis:service=RaftServer,group=group-476BE848888C,id=s1
2024-11-10 02:23:53,876 [s2@group-476BE848888C-FollowerState] INFO  impl.FollowerState (FollowerState.java:runImpl(170)) - s2@group-476BE848888C-FollowerState was interrupted
2024-11-10 02:23:53,876 [s1@group-476BE848888C-StateMachineUpdater] INFO  impl.StateMachineUpdater (StateMachineUpdater.java:stop(141)) - s1@group-476BE848888C-StateMachineUpdater: closing StateMachineWithMultiNestedSnapshotFile, lastApplied=(t:0, i:~)
2024-11-10 02:23:53,876 [s2@group-476BE848888C-StateMachineUpdater] INFO  segmented.BufferedWriteChannel (BufferedWriteChannel.java:open(61)) - open snapshot.1_258 at position 0
2024-11-10 02:23:53,873 [s0@group-476BE848888C->s2-GrpcLogAppender-LogAppenderDaemon] WARN  server.GrpcLogAppender (GrpcLogAppender.java:mayWait(293)) - s0@group-476BE848888C->s2-GrpcLogAppender: Wait interrupted by java.lang.InterruptedException
2024-11-10 02:23:53,873 [s0-impl-thread1] INFO  impl.PendingRequests (PendingRequests.java:sendNotLeaderResponses(287)) - s0@group-476BE848888C-PendingRequests: sendNotLeaderResponses
2024-11-10 02:23:53,876 [s1-impl-thread1] INFO  impl.StateMachineUpdater (StateMachineUpdater.java:stopAndJoin(164)) - s1@group-476BE848888C-StateMachineUpdater: set stopIndex = -1
2024-11-10 02:23:53,877 [s1-impl-thread1] INFO  raftlog.RaftLog (SegmentedRaftLog.java:close(568)) - Start closing s1@group-476BE848888C-SegmentedRaftLog:OPENED:c-1:lastnull
2024-11-10 02:23:53,878 [grpc-default-executor-3] INFO  server.GrpcServerProtocolService (GrpcServerProtocolService.java:onCompleted(200)) - s1: Completed APPEND_ENTRIES, lastRequest: null
2024-11-10 02:23:53,879 [grpc-default-executor-3] INFO  server.GrpcServerProtocolService (GrpcServerProtocolService.java:lambda$onCompleted$7(202)) - s1: Completed APPEND_ENTRIES, lastReply: null
2024-11-10 02:23:53,879 [grpc-default-executor-3] INFO  server.GrpcLogAppender (GrpcLogAppender.java:onCompleted(559)) - s0@group-476BE848888C->s1-AppendLogResponseHandler: follower responses appendEntries COMPLETED
2024-11-10 02:23:53,883 [s1@group-476BE848888C-cacheEviction-AwaitToRun] INFO  util.AwaitToRun (AwaitToRun.java:run(49)) - s1@group-476BE848888C-cacheEviction-AwaitToRun-AwaitForSignal is interrupted
2024-11-10 02:23:53,883 [Thread-52] INFO  server.GrpcServerProtocolClient (GrpcServerProtocolClient.java:close(105)) - s1 Close channels
2024-11-10 02:23:53,883 [grpc-default-executor-0] INFO  server.GrpcServerProtocolService (GrpcServerProtocolService.java:onCompleted(200)) - s2: Completed APPEND_ENTRIES, lastRequest: s0->s2#4-t1,previous=(t:1, i:257),leaderCommit=257,initializing? false,entries: size=1, first=(t:1, i:258), METADATAENTRY(c:257)
2024-11-10 02:23:53,883 [Thread-53] INFO  server.GrpcServerProtocolClient (GrpcServerProtocolClient.java:close(105)) - s2 Close channels
2024-11-10 02:23:53,884 [grpc-default-executor-0] INFO  server.GrpcServerProtocolService (GrpcServerProtocolService.java:lambda$onCompleted$7(202)) - s2: Completed APPEND_ENTRIES, lastReply: serverReply {
  requestorId: "s0"
  replyId: "s2"
  raftGroupId {
    id: "\310\226\242u\333\030C\277\232dGk\350H\210\214"
  }
  callId: 74
  success: true
}
term: 1
nextIndex: 259
followerCommit: 258
matchIndex: 18446744073709551615
isHearbeat: true

2024-11-10 02:23:53,884 [grpc-default-executor-1] INFO  server.GrpcLogAppender (GrpcLogAppender.java:onCompleted(559)) - s0@group-476BE848888C->s2-AppendLogResponseHandler: follower responses appendEntries COMPLETED
2024-11-10 02:23:53,885 [grpc-default-executor-1] WARN  server.GrpcLogAppender (GrpcLogAppender.java:resetClient(230)) - s0@group-476BE848888C->s2-GrpcLogAppender: Failed to getClient for s2
org.apache.ratis.protocol.exceptions.AlreadyClosedException: s0 is already CLOSED
	at org.apache.ratis.util.PeerProxyMap$PeerAndProxy.getProxy(PeerProxyMap.java:67)
	at org.apache.ratis.util.PeerProxyMap.getProxy(PeerProxyMap.java:124)
	at org.apache.ratis.grpc.server.GrpcLogAppender.getClient(GrpcLogAppender.java:200)
	at org.apache.ratis.grpc.server.GrpcLogAppender.resetClient(GrpcLogAppender.java:205)
	at org.apache.ratis.grpc.server.GrpcLogAppender.access$800(GrpcLogAppender.java:64)
	at org.apache.ratis.grpc.server.GrpcLogAppender$AppendLogResponseHandler.onCompleted(GrpcLogAppender.java:560)
	at org.apache.ratis.thirdparty.io.grpc.stub.ClientCalls$StreamObserverToCallListenerAdapter.onClose(ClientCalls.java:479)
	at org.apache.ratis.thirdparty.io.grpc.internal.ClientCallImpl.closeObserver(ClientCallImpl.java:567)
	at org.apache.ratis.thirdparty.io.grpc.internal.ClientCallImpl.access$300(ClientCallImpl.java:71)
	at org.apache.ratis.thirdparty.io.grpc.internal.ClientCallImpl$ClientStreamListenerImpl$1StreamClosed.runInternal(ClientCallImpl.java:735)
	at org.apache.ratis.thirdparty.io.grpc.internal.ClientCallImpl$ClientStreamListenerImpl$1StreamClosed.runInContext(ClientCallImpl.java:716)
	at org.apache.ratis.thirdparty.io.grpc.internal.ContextRunnable.run(ContextRunnable.java:37)
	at org.apache.ratis.thirdparty.io.grpc.internal.SerializingExecutor.run(SerializingExecutor.java:133)
	at java.util.concurrent.ThreadPoolExecutor.runWorker(ThreadPoolExecutor.java:1149)
	at java.util.concurrent.ThreadPoolExecutor$Worker.run(ThreadPoolExecutor.java:624)
	at java.lang.Thread.run(Thread.java:750)
2024-11-10 02:23:53,886 [MiniRaftCluster-1] INFO  server.GrpcServicesImpl (GrpcServicesImpl.java:closeImpl(371)) - s0: shutdown server org.apache.ratis.grpc.server.GrpcClientProtocolService successfully
2024-11-10 02:23:53,886 [MiniRaftCluster-1] INFO  server.GrpcServicesImpl (GrpcServicesImpl.java:closeImpl(362)) - s0: shutdown server GrpcServerProtocolService now
2024-11-10 02:23:53,889 [s0-impl-thread1] INFO  impl.StateMachineUpdater (StateMachineUpdater.java:stopAndJoin(164)) - s0@group-476BE848888C-StateMachineUpdater: set stopIndex = 258
2024-11-10 02:23:53,889 [s0@group-476BE848888C-StateMachineUpdater] INFO  segmented.BufferedWriteChannel (BufferedWriteChannel.java:open(61)) - open snapshot.1_258 at position 0
2024-11-10 02:23:53,889 [MiniRaftCluster-1] INFO  server.GrpcServicesImpl (GrpcServicesImpl.java:closeImpl(371)) - s0: shutdown server GrpcServerProtocolService successfully
2024-11-10 02:23:53,889 [MiniRaftCluster-1] INFO  server.GrpcServicesImpl (GrpcServicesImpl.java:closeImpl(362)) - s0: shutdown server org.apache.ratis.grpc.server.GrpcAdminProtocolService now
2024-11-10 02:23:53,893 [s2@group-476BE848888C-StateMachineUpdater] TRACE util.FileUtils (LogUtils.java:supplyAndLog(69)) - Successfully supplied FileChannel.open /home/runner/work/ratis/ratis/ratis-test/target/test/data/e1a4608/MiniRaftClusterWithGrpce99f5d0d/s2/c896a275-db18-43bf-9a64-476be848888c/sm/snapshot.1_258 with options [READ]: sun.nio.ch.FileChannelImpl@62948eb4
2024-11-10 02:23:53,893 [s2@group-476BE848888C-StateMachineUpdater] TRACE util.FileUtils (LogUtils.java:supplyAndLog(69)) - Successfully supplied FileChannel.open /home/runner/work/ratis/ratis/ratis-test/target/test/data/e1a4608/MiniRaftClusterWithGrpce99f5d0d/s2/c896a275-db18-43bf-9a64-476be848888c/sm/snapshot.1_258.md5.tmp with options [CREATE, WRITE]: sun.nio.ch.FileChannelImpl@2844d88c
2024-11-10 02:23:53,894 [s2@group-476BE848888C-StateMachineUpdater] TRACE util.FileUtils (LogUtils.java:runAndLog(49)) - Successfully ran Atomic Files.move /home/runner/work/ratis/ratis/ratis-test/target/test/data/e1a4608/MiniRaftClusterWithGrpce99f5d0d/s2/c896a275-db18-43bf-9a64-476be848888c/sm/snapshot.1_258.md5.tmp to /home/runner/work/ratis/ratis/ratis-test/target/test/data/e1a4608/MiniRaftClusterWithGrpce99f5d0d/s2/c896a275-db18-43bf-9a64-476be848888c/sm/snapshot.1_258.md5 with options [REPLACE_EXISTING]
2024-11-10 02:23:53,894 [s2@group-476BE848888C-StateMachineUpdater] INFO  impl.StateMachineUpdater (StateMachineUpdater.java:takeSnapshot(308)) - s2@group-476BE848888C-StateMachineUpdater: Took a snapshot at index 258
2024-11-10 02:23:53,895 [s2@group-476BE848888C-StateMachineUpdater] INFO  impl.StateMachineUpdater (StateMachineUpdater.java:lambda$new$0(102)) - s2@group-476BE848888C-StateMachineUpdater: snapshotIndex: updateIncreasingly 257 -> 258
2024-11-10 02:23:53,895 [s2@group-476BE848888C-StateMachineUpdater] INFO  impl.StateMachineUpdater (StateMachineUpdater.java:stop(141)) - s2@group-476BE848888C-StateMachineUpdater: closing StateMachineWithMultiNestedSnapshotFile, lastApplied=(t:1, i:258)
2024-11-10 02:23:53,896 [s2-impl-thread1] INFO  raftlog.RaftLog (SegmentedRaftLog.java:close(568)) - Start closing s2@group-476BE848888C-SegmentedRaftLog:OPENED:c258:last(t:1, i:258)
2024-11-10 02:23:53,908 [s2@group-476BE848888C-cacheEviction-AwaitToRun] INFO  util.AwaitToRun (AwaitToRun.java:run(49)) - s2@group-476BE848888C-cacheEviction-AwaitToRun-AwaitForSignal is interrupted
2024-11-10 02:23:53,909 [s2-impl-thread1] INFO  segmented.LogSegment (LogSegment.java:close(349)) - Successfully closed EntryCache-log_inprogress_192
2024-11-10 02:23:53,908 [MiniRaftCluster-1] INFO  server.GrpcServicesImpl (GrpcServicesImpl.java:closeImpl(371)) - s0: shutdown server org.apache.ratis.grpc.server.GrpcAdminProtocolService successfully
2024-11-10 02:23:53,907 [MiniRaftCluster-3] INFO  server.GrpcServicesImpl (GrpcServicesImpl.java:closeImpl(371)) - s2: shutdown server GrpcServerProtocolService successfully
2024-11-10 02:23:53,907 [MiniRaftCluster-2] INFO  server.GrpcServicesImpl (GrpcServicesImpl.java:closeImpl(371)) - s1: shutdown server GrpcServerProtocolService successfully
2024-11-10 02:23:53,901 [s0@group-476BE848888C-StateMachineUpdater] TRACE util.FileUtils (LogUtils.java:supplyAndLog(69)) - Successfully supplied FileChannel.open /home/runner/work/ratis/ratis/ratis-test/target/test/data/e1a4608/MiniRaftClusterWithGrpce99f5d0d/s0/c896a275-db18-43bf-9a64-476be848888c/sm/snapshot.1_258 with options [READ]: sun.nio.ch.FileChannelImpl@3e34989a
2024-11-10 02:23:53,915 [s0@group-476BE848888C-StateMachineUpdater] TRACE util.FileUtils (LogUtils.java:supplyAndLog(69)) - Successfully supplied FileChannel.open /home/runner/work/ratis/ratis/ratis-test/target/test/data/e1a4608/MiniRaftClusterWithGrpce99f5d0d/s0/c896a275-db18-43bf-9a64-476be848888c/sm/snapshot.1_258.md5.tmp with options [CREATE, WRITE]: sun.nio.ch.FileChannelImpl@5686ff32
2024-11-10 02:23:53,916 [s0@group-476BE848888C-StateMachineUpdater] TRACE util.FileUtils (LogUtils.java:runAndLog(49)) - Successfully ran Atomic Files.move /home/runner/work/ratis/ratis/ratis-test/target/test/data/e1a4608/MiniRaftClusterWithGrpce99f5d0d/s0/c896a275-db18-43bf-9a64-476be848888c/sm/snapshot.1_258.md5.tmp to /home/runner/work/ratis/ratis/ratis-test/target/test/data/e1a4608/MiniRaftClusterWithGrpce99f5d0d/s0/c896a275-db18-43bf-9a64-476be848888c/sm/snapshot.1_258.md5 with options [REPLACE_EXISTING]
2024-11-10 02:23:53,916 [s0@group-476BE848888C-StateMachineUpdater] INFO  impl.StateMachineUpdater (StateMachineUpdater.java:takeSnapshot(308)) - s0@group-476BE848888C-StateMachineUpdater: Took a snapshot at index 258
2024-11-10 02:23:53,916 [s0@group-476BE848888C-StateMachineUpdater] INFO  impl.StateMachineUpdater (StateMachineUpdater.java:lambda$new$0(102)) - s0@group-476BE848888C-StateMachineUpdater: snapshotIndex: updateIncreasingly 255 -> 258
2024-11-10 02:23:53,916 [s0@group-476BE848888C-StateMachineUpdater] INFO  raftlog.RaftLog (RaftLogBase.java:purge(329)) - s0@group-476BE848888C-SegmentedRaftLog: purge 258
2024-11-10 02:23:53,917 [s0@group-476BE848888C-StateMachineUpdater] INFO  raftlog.RaftLog (RaftLogBase.java:lambda$new$0(57)) - s0@group-476BE848888C-SegmentedRaftLog: snapshotIndex: updateIncreasingly 191 -> 258
2024-11-10 02:23:53,917 [s0@group-476BE848888C-StateMachineUpdater] INFO  raftlog.RaftLog (RaftLogBase.java:lambda$new$0(57)) - s0@group-476BE848888C-SegmentedRaftLog: purgeIndex: updateToMax old=191, new=258, updated? true
2024-11-10 02:23:53,917 [s0@group-476BE848888C-StateMachineUpdater] INFO  impl.StateMachineUpdater (StateMachineUpdater.java:stop(141)) - s0@group-476BE848888C-StateMachineUpdater: closing StateMachineWithMultiNestedSnapshotFile, lastApplied=(t:1, i:258)
2024-11-10 02:23:53,917 [s0-impl-thread1] INFO  raftlog.RaftLog (SegmentedRaftLog.java:close(568)) - Start closing s0@group-476BE848888C-SegmentedRaftLog:OPENED:c258:last(t:1, i:258)
2024-11-10 02:23:53,917 [s0@group-476BE848888C-cacheEviction-AwaitToRun] INFO  util.AwaitToRun (AwaitToRun.java:run(49)) - s0@group-476BE848888C-cacheEviction-AwaitToRun-AwaitForSignal is interrupted
2024-11-10 02:23:53,919 [s0-impl-thread1] INFO  segmented.LogSegment (LogSegment.java:close(349)) - Successfully closed EntryCache-log_inprogress_0
2024-11-10 02:23:54,094 [s1-impl-thread1] INFO  segmented.SegmentedRaftLogWorker (SegmentedRaftLogWorker.java:close(254)) - s1@group-476BE848888C-SegmentedRaftLogWorker close()
2024-11-10 02:23:54,095 [s1-impl-thread1] INFO  raftlog.RaftLog (SegmentedRaftLog.java:close(576)) - Successfully closed s1@group-476BE848888C-SegmentedRaftLog:CLOSED:c-1
2024-11-10 02:23:54,102 [JvmPauseMonitor1] INFO  util.JvmPauseMonitor (JvmPauseMonitor.java:run(152)) - JvmPauseMonitor-s1: Stopped
2024-11-10 02:23:54,429 [s0-impl-thread1] INFO  segmented.SegmentedRaftLogWorker (SegmentedRaftLogWorker.java:close(254)) - s0@group-476BE848888C-SegmentedRaftLogWorker close()
2024-11-10 02:23:54,429 [s0-impl-thread1] INFO  raftlog.RaftLog (SegmentedRaftLog.java:close(576)) - Successfully closed s0@group-476BE848888C-SegmentedRaftLog:CLOSED:c258
2024-11-10 02:23:54,430 [JvmPauseMonitor0] INFO  util.JvmPauseMonitor (JvmPauseMonitor.java:run(152)) - JvmPauseMonitor-s0: Stopped
2024-11-10 02:23:54,433 [s2-impl-thread1] INFO  segmented.SegmentedRaftLogWorker (SegmentedRaftLogWorker.java:close(254)) - s2@group-476BE848888C-SegmentedRaftLogWorker close()
2024-11-10 02:23:54,433 [s2-impl-thread1] INFO  raftlog.RaftLog (SegmentedRaftLog.java:close(576)) - Successfully closed s2@group-476BE848888C-SegmentedRaftLog:CLOSED:c258
2024-11-10 02:23:54,434 [JvmPauseMonitor2] INFO  util.JvmPauseMonitor (JvmPauseMonitor.java:run(152)) - JvmPauseMonitor-s2: Stopped
2024-11-10 02:23:54,434 [main] INFO  impl.MiniRaftCluster (MiniRaftCluster.java:shutdown(885)) - MiniRaftClusterWithGrpc shutdown completed
2024-11-10 02:23:54,435 [main] INFO  ratis.RaftTestUtil (RaftTestUtil.java:gc(596)) - gc 0
2024-11-10 02:23:54,601 [main] INFO  impl.MiniRaftCluster (MiniRaftClusterWithGrpc.java:lambda$null$2(103)) - Checking s0-group-476BE848888C
2024-11-10 02:23:54,601 [main] INFO  impl.MiniRaftCluster (MiniRaftClusterWithGrpc.java:lambda$null$2(103)) - Checking s1-group-476BE848888C
2024-11-10 02:23:54,602 [main] INFO  impl.MiniRaftCluster (MiniRaftClusterWithGrpc.java:lambda$null$2(103)) - Checking s2-group-476BE848888C
]]></system-out>
  </testcase>
  <testcase name="testMultiFileInstallSnapshot(Boolean)[2]" classname="org.apache.ratis.grpc.TestLeaderInstallSnapshotWithGrpc" time="2.463"/>
  <testcase name="testInstallSnapshotLeaderSwitch(Boolean)[1]" classname="org.apache.ratis.grpc.TestLeaderInstallSnapshotWithGrpc" time="3.595"/>
  <testcase name="testInstallSnapshotLeaderSwitch(Boolean)[2]" classname="org.apache.ratis.grpc.TestLeaderInstallSnapshotWithGrpc" time="5.496"/>
  <testcase name="testSeparateSnapshotInstallPath(Boolean)[1]" classname="org.apache.ratis.grpc.TestLeaderInstallSnapshotWithGrpc" time="2.033"/>
  <testcase name="testSeparateSnapshotInstallPath(Boolean)[2]" classname="org.apache.ratis.grpc.TestLeaderInstallSnapshotWithGrpc" time="2.037"/>
</testsuite>