<?xml version="1.0" encoding="UTF-8"?>
<testsuite xmlns:xsi="http://www.w3.org/2001/XMLSchema-instance" xsi:noNamespaceSchemaLocation="https://maven.apache.org/surefire/maven-surefire-plugin/xsd/surefire-test-report.xsd" name="org.apache.ratis.grpc.TestReadOnlyRequestWithGrpc" time="11.612" tests="6" errors="1" skipped="0" failures="0">
  <properties>
    <property name="awt.toolkit" value="sun.awt.X11.XToolkit"/>
    <property name="java.specification.version" value="11"/>
    <property name="sun.cpu.isalist" value=""/>
    <property name="sun.jnu.encoding" value="UTF-8"/>
    <property name="java.class.path" value="/home/runner/work/ratis/ratis/ratis-test/target/test-classes:/home/runner/work/ratis/ratis/ratis-test/target/classes:/home/runner/work/ratis/ratis/ratis-common/target/classes:/home/runner/.m2/repository/org/apache/ratis/ratis-thirdparty-misc/1.0.2/ratis-thirdparty-misc-1.0.2.jar:/home/runner/work/ratis/ratis/ratis-proto/target/ratis-proto-3.0.0-SNAPSHOT.jar:/home/runner/work/ratis/ratis/ratis-common/target/test-classes:/home/runner/work/ratis/ratis/ratis-client/target/classes:/home/runner/work/ratis/ratis/ratis-server/target/classes:/home/runner/work/ratis/ratis/ratis-server-api/target/classes:/home/runner/work/ratis/ratis/ratis-metrics-api/target/classes:/home/runner/work/ratis/ratis/ratis-server/target/test-classes:/home/runner/work/ratis/ratis/ratis-metrics-default/target/classes:/home/runner/work/ratis/ratis/ratis-netty/target/classes:/home/runner/work/ratis/ratis/ratis-netty/target/test-classes:/home/runner/work/ratis/ratis/ratis-grpc/target/classes:/home/runner/work/ratis/ratis/ratis-grpc/target/test-classes:/home/runner/.m2/repository/org/slf4j/slf4j-api/1.7.29/slf4j-api-1.7.29.jar:/home/runner/.m2/repository/org/slf4j/slf4j-log4j12/1.7.29/slf4j-log4j12-1.7.29.jar:/home/runner/.m2/repository/log4j/log4j/1.2.17/log4j-1.2.17.jar:/home/runner/.m2/repository/junit/junit/4.13.2/junit-4.13.2.jar:/home/runner/.m2/repository/org/hamcrest/hamcrest-core/1.3/hamcrest-core-1.3.jar:/home/runner/.m2/repository/org/mockito/mockito-core/4.3.1/mockito-core-4.3.1.jar:/home/runner/.m2/repository/net/bytebuddy/byte-buddy/1.12.7/byte-buddy-1.12.7.jar:/home/runner/.m2/repository/net/bytebuddy/byte-buddy-agent/1.12.7/byte-buddy-agent-1.12.7.jar:/home/runner/.m2/repository/org/objenesis/objenesis/3.2/objenesis-3.2.jar:/home/runner/work/ratis/ratis/ratis-shell/target/classes:/home/runner/.m2/repository/commons-cli/commons-cli/1.5.0/commons-cli-1.5.0.jar:/home/runner/.m2/repository/org/slf4j/slf4j-simple/1.7.29/slf4j-simple-1.7.29.jar:/home/runner/.m2/repository/org/reflections/reflections/0.10.2/reflections-0.10.2.jar:/home/runner/.m2/repository/org/javassist/javassist/3.28.0-GA/javassist-3.28.0-GA.jar:/home/runner/.m2/repository/com/google/code/findbugs/jsr305/3.0.2/jsr305-3.0.2.jar:"/>
    <property name="java.vm.vendor" value="Eclipse Adoptium"/>
    <property name="sun.arch.data.model" value="64"/>
    <property name="java.vendor.url" value="https://adoptium.net/"/>
    <property name="user.timezone" value=""/>
    <property name="java.vm.specification.version" value="11"/>
    <property name="os.name" value="Linux"/>
    <property name="sun.java.launcher" value="SUN_STANDARD"/>
    <property name="sun.boot.library.path" value="/usr/lib/jvm/temurin-11-jdk-amd64/lib"/>
    <property name="sun.java.command" value="/home/runner/work/ratis/ratis/ratis-test/target/surefire/surefirebooter18225102384070794235.jar /home/runner/work/ratis/ratis/ratis-test/target/surefire 2022-10-27T12-56-48_604-jvmRun1 surefire15572681297891544825tmp surefire_255531697088045554992tmp"/>
    <property name="jdk.debug" value="release"/>
    <property name="surefire.test.class.path" value="/home/runner/work/ratis/ratis/ratis-test/target/test-classes:/home/runner/work/ratis/ratis/ratis-test/target/classes:/home/runner/work/ratis/ratis/ratis-common/target/classes:/home/runner/.m2/repository/org/apache/ratis/ratis-thirdparty-misc/1.0.2/ratis-thirdparty-misc-1.0.2.jar:/home/runner/work/ratis/ratis/ratis-proto/target/ratis-proto-3.0.0-SNAPSHOT.jar:/home/runner/work/ratis/ratis/ratis-common/target/test-classes:/home/runner/work/ratis/ratis/ratis-client/target/classes:/home/runner/work/ratis/ratis/ratis-server/target/classes:/home/runner/work/ratis/ratis/ratis-server-api/target/classes:/home/runner/work/ratis/ratis/ratis-metrics-api/target/classes:/home/runner/work/ratis/ratis/ratis-server/target/test-classes:/home/runner/work/ratis/ratis/ratis-metrics-default/target/classes:/home/runner/work/ratis/ratis/ratis-netty/target/classes:/home/runner/work/ratis/ratis/ratis-netty/target/test-classes:/home/runner/work/ratis/ratis/ratis-grpc/target/classes:/home/runner/work/ratis/ratis/ratis-grpc/target/test-classes:/home/runner/.m2/repository/org/slf4j/slf4j-api/1.7.29/slf4j-api-1.7.29.jar:/home/runner/.m2/repository/org/slf4j/slf4j-log4j12/1.7.29/slf4j-log4j12-1.7.29.jar:/home/runner/.m2/repository/log4j/log4j/1.2.17/log4j-1.2.17.jar:/home/runner/.m2/repository/junit/junit/4.13.2/junit-4.13.2.jar:/home/runner/.m2/repository/org/hamcrest/hamcrest-core/1.3/hamcrest-core-1.3.jar:/home/runner/.m2/repository/org/mockito/mockito-core/4.3.1/mockito-core-4.3.1.jar:/home/runner/.m2/repository/net/bytebuddy/byte-buddy/1.12.7/byte-buddy-1.12.7.jar:/home/runner/.m2/repository/net/bytebuddy/byte-buddy-agent/1.12.7/byte-buddy-agent-1.12.7.jar:/home/runner/.m2/repository/org/objenesis/objenesis/3.2/objenesis-3.2.jar:/home/runner/work/ratis/ratis/ratis-shell/target/classes:/home/runner/.m2/repository/commons-cli/commons-cli/1.5.0/commons-cli-1.5.0.jar:/home/runner/.m2/repository/org/slf4j/slf4j-simple/1.7.29/slf4j-simple-1.7.29.jar:/home/runner/.m2/repository/org/reflections/reflections/0.10.2/reflections-0.10.2.jar:/home/runner/.m2/repository/org/javassist/javassist/3.28.0-GA/javassist-3.28.0-GA.jar:/home/runner/.m2/repository/com/google/code/findbugs/jsr305/3.0.2/jsr305-3.0.2.jar:"/>
    <property name="sun.cpu.endian" value="little"/>
    <property name="user.home" value="/home/runner"/>
    <property name="user.language" value="en"/>
    <property name="java.specification.vendor" value="Oracle Corporation"/>
    <property name="java.version.date" value="2022-08-12"/>
    <property name="java.home" value="/usr/lib/jvm/temurin-11-jdk-amd64"/>
    <property name="file.separator" value="/"/>
    <property name="basedir" value="/home/runner/work/ratis/ratis/ratis-test"/>
    <property name="java.vm.compressedOopsMode" value="32-bit"/>
    <property name="line.separator" value="&#10;"/>
    <property name="java.specification.name" value="Java Platform API Specification"/>
    <property name="java.vm.specification.vendor" value="Oracle Corporation"/>
    <property name="java.awt.graphicsenv" value="sun.awt.X11GraphicsEnvironment"/>
    <property name="surefire.real.class.path" value="/home/runner/work/ratis/ratis/ratis-test/target/surefire/surefirebooter18225102384070794235.jar"/>
    <property name="sun.management.compiler" value="HotSpot 64-Bit Tiered Compilers"/>
    <property name="java.runtime.version" value="11.0.16.1+1"/>
    <property name="user.name" value="runner"/>
    <property name="java.net.preferIPv4Stack" value="true"/>
    <property name="path.separator" value=":"/>
    <property name="os.version" value="5.15.0-1022-azure"/>
    <property name="java.runtime.name" value="OpenJDK Runtime Environment"/>
    <property name="file.encoding" value="UTF-8"/>
    <property name="java.vm.name" value="OpenJDK 64-Bit Server VM"/>
    <property name="java.vendor.version" value="Temurin-11.0.16.1+1"/>
    <property name="localRepository" value="/home/runner/.m2/repository"/>
    <property name="java.vendor.url.bug" value="https://github.com/adoptium/adoptium-support/issues"/>
    <property name="java.io.tmpdir" value="/tmp"/>
    <property name="java.version" value="11.0.16.1"/>
    <property name="user.dir" value="/home/runner/work/ratis/ratis/ratis-test"/>
    <property name="os.arch" value="amd64"/>
    <property name="ratis.tmp.dir" value="/home/runner/work/ratis/ratis/ratis-test/target/tmp"/>
    <property name="java.vm.specification.name" value="Java Virtual Machine Specification"/>
    <property name="java.awt.printerjob" value="sun.print.PSPrinterJob"/>
    <property name="ratis.log.dir" value="/home/runner/work/ratis/ratis/ratis-test/target/log"/>
    <property name="sun.os.patch.level" value="unknown"/>
    <property name="java.library.path" value="/usr/java/packages/lib:/usr/lib64:/lib64:/lib:/usr/lib"/>
    <property name="java.vm.info" value="mixed mode"/>
    <property name="java.vendor" value="Eclipse Adoptium"/>
    <property name="java.vm.version" value="11.0.16.1+1"/>
    <property name="sun.io.unicode.encoding" value="UnicodeLittle"/>
    <property name="java.class.version" value="55.0"/>
  </properties>
  <testcase name="testFollowerLinearizableReadFailWhenLeaderDown" classname="org.apache.ratis.grpc.TestReadOnlyRequestWithGrpc" time="2.759"/>
  <testcase name="testFollowerLinearizableRead" classname="org.apache.ratis.grpc.TestReadOnlyRequestWithGrpc" time="1.898"/>
  <testcase name="testFollowerLinearizableReadParallel" classname="org.apache.ratis.grpc.TestReadOnlyRequestWithGrpc" time="3.8"/>
  <testcase name="testLinearizableRead" classname="org.apache.ratis.grpc.TestReadOnlyRequestWithGrpc" time="1.519"/>
  <testcase name="testLinearizableReadTimeout" classname="org.apache.ratis.grpc.TestReadOnlyRequestWithGrpc" time="0.585"/>
  <testcase name="testFollowerLinearizableReadRetryWhenLeaderDown" classname="org.apache.ratis.grpc.TestReadOnlyRequestWithGrpc" time="0.974">
    <error message="Failed RaftClientRequest:client-637778CCA44E-&gt;s1@group-F05F6F172674, cid=66, seq=0, RO, QUERY for 3 attempts with ExceptionDependentRetry(maxAttempts=2147483647; defaultPolicy=NoRetry; map={org.apache.ratis.protocol.exceptions.ReadIndexException-&gt;RetryForeverWithSleep(sleepTime = 100ms)})" type="org.apache.ratis.protocol.exceptions.RaftRetryFailureException">org.apache.ratis.protocol.exceptions.RaftRetryFailureException: Failed RaftClientRequest:client-637778CCA44E->s1@group-F05F6F172674, cid=66, seq=0, RO, QUERY for 3 attempts with ExceptionDependentRetry(maxAttempts=2147483647; defaultPolicy=NoRetry; map={org.apache.ratis.protocol.exceptions.ReadIndexException->RetryForeverWithSleep(sleepTime = 100ms)})
	at org.apache.ratis.client.impl.RaftClientImpl.noMoreRetries(RaftClientImpl.java:306)
	at org.apache.ratis.client.impl.BlockingImpl.sendRequestWithRetry(BlockingImpl.java:119)
	at org.apache.ratis.client.impl.BlockingImpl.send(BlockingImpl.java:85)
	at org.apache.ratis.client.impl.BlockingImpl.sendReadOnly(BlockingImpl.java:64)
	at org.apache.ratis.client.api.BlockingApi.sendReadOnly(BlockingApi.java:45)
	at org.apache.ratis.ReadOnlyRequestTests.testFollowerLinearizableReadRetryWhenLeaderDown(ReadOnlyRequestTests.java:242)
	at org.apache.ratis.server.impl.MiniRaftCluster$Factory$Get.runWithNewCluster(MiniRaftCluster.java:141)
	at org.apache.ratis.server.impl.MiniRaftCluster$Factory$Get.runWithNewCluster(MiniRaftCluster.java:121)
	at org.apache.ratis.ReadOnlyRequestTests.testFollowerLinearizableReadRetryWhenLeaderDown(ReadOnlyRequestTests.java:218)
	at java.base/jdk.internal.reflect.NativeMethodAccessorImpl.invoke0(Native Method)
	at java.base/jdk.internal.reflect.NativeMethodAccessorImpl.invoke(NativeMethodAccessorImpl.java:62)
	at java.base/jdk.internal.reflect.DelegatingMethodAccessorImpl.invoke(DelegatingMethodAccessorImpl.java:43)
	at java.base/java.lang.reflect.Method.invoke(Method.java:566)
	at org.junit.runners.model.FrameworkMethod$1.runReflectiveCall(FrameworkMethod.java:59)
	at org.junit.internal.runners.model.ReflectiveCallable.run(ReflectiveCallable.java:12)
	at org.junit.runners.model.FrameworkMethod.invokeExplosively(FrameworkMethod.java:56)
	at org.junit.internal.runners.statements.InvokeMethod.evaluate(InvokeMethod.java:17)
	at org.junit.internal.runners.statements.RunBefores.evaluate(RunBefores.java:26)
	at org.junit.internal.runners.statements.RunAfters.evaluate(RunAfters.java:27)
	at org.junit.internal.runners.statements.FailOnTimeout$CallableStatement.call(FailOnTimeout.java:299)
	at org.junit.internal.runners.statements.FailOnTimeout$CallableStatement.call(FailOnTimeout.java:293)
	at java.base/java.util.concurrent.FutureTask.run(FutureTask.java:264)
	at java.base/java.lang.Thread.run(Thread.java:829)
Caused by: java.io.IOException: java.lang.IllegalStateException: Unexpected IOException when writing an object to a ByteString.
	at org.apache.ratis.util.IOUtils.asIOException(IOUtils.java:56)
	at org.apache.ratis.grpc.GrpcUtil.tryUnwrapException(GrpcUtil.java:121)
	at org.apache.ratis.grpc.GrpcUtil.unwrapException(GrpcUtil.java:91)
	at org.apache.ratis.grpc.GrpcUtil.unwrapIOException(GrpcUtil.java:152)
	at org.apache.ratis.grpc.client.GrpcClientRpc$1.onError(GrpcClientRpc.java:156)
	at org.apache.ratis.thirdparty.io.grpc.stub.ClientCalls$StreamObserverToCallListenerAdapter.onClose(ClientCalls.java:487)
	at org.apache.ratis.thirdparty.io.grpc.PartialForwardingClientCallListener.onClose(PartialForwardingClientCallListener.java:39)
	at org.apache.ratis.thirdparty.io.grpc.ForwardingClientCallListener.onClose(ForwardingClientCallListener.java:23)
	at org.apache.ratis.grpc.metrics.intercept.client.MetricClientCallListener.onClose(MetricClientCallListener.java:47)
	at org.apache.ratis.thirdparty.io.grpc.internal.ClientCallImpl.closeObserver(ClientCallImpl.java:562)
	at org.apache.ratis.thirdparty.io.grpc.internal.ClientCallImpl.access$300(ClientCallImpl.java:70)
	at org.apache.ratis.thirdparty.io.grpc.internal.ClientCallImpl$ClientStreamListenerImpl$1StreamClosed.runInternal(ClientCallImpl.java:743)
	at org.apache.ratis.thirdparty.io.grpc.internal.ClientCallImpl$ClientStreamListenerImpl$1StreamClosed.runInContext(ClientCallImpl.java:722)
	at org.apache.ratis.thirdparty.io.grpc.internal.ContextRunnable.run(ContextRunnable.java:37)
	at org.apache.ratis.thirdparty.io.grpc.internal.SerializingExecutor.run(SerializingExecutor.java:133)
	at java.base/java.util.concurrent.ThreadPoolExecutor.runWorker(ThreadPoolExecutor.java:1128)
	at java.base/java.util.concurrent.ThreadPoolExecutor$Worker.run(ThreadPoolExecutor.java:628)
	... 1 more
Caused by: java.lang.IllegalStateException: Unexpected IOException when writing an object to a ByteString.
	at java.base/jdk.internal.reflect.NativeConstructorAccessorImpl.newInstance0(Native Method)
	at java.base/jdk.internal.reflect.NativeConstructorAccessorImpl.newInstance(NativeConstructorAccessorImpl.java:62)
	at java.base/jdk.internal.reflect.DelegatingConstructorAccessorImpl.newInstance(DelegatingConstructorAccessorImpl.java:45)
	at java.base/java.lang.reflect.Constructor.newInstance(Constructor.java:490)
	at org.apache.ratis.util.ReflectionUtils.instantiateException(ReflectionUtils.java:259)
	at org.apache.ratis.grpc.GrpcUtil.tryUnwrapException(GrpcUtil.java:120)
	... 16 more
Caused by: org.apache.ratis.thirdparty.io.grpc.StatusRuntimeException: INTERNAL: Unexpected IOException when writing an object to a ByteString.
	at org.apache.ratis.thirdparty.io.grpc.Status.asRuntimeException(Status.java:535)
	... 13 more
	Suppressed: java.lang.IllegalStateException: Failed to cast to class java.io.IOException, object=java.lang.IllegalStateException: Unexpected IOException when writing an object to a ByteString.
	at org.apache.ratis.util.ProtoUtils.writeObject2ByteString(ProtoUtils.java:55)
	at java.base/java.util.Optional.map(Optional.java:265)
	at org.apache.ratis.util.ProtoUtils.toThrowableProto(ProtoUtils.java:71)
	at java.base/java.util.Optional.map(Optional.java:265)
	at org.apache.ratis.client.impl.ClientProtoUtils.toRaftClientReplyProto(ClientProtoUtils.java:359)
	at org.apache.ratis.grpc.server.GrpcClientProtocolService$UnorderedRequestStreamObserver.lambda$processClientRequest$0(GrpcClientProtocolService.java:286)
	at java.base/java.util.concurrent.CompletableFuture$UniAccept.tryFire(CompletableFuture.java:714)
	at java.base/java.util.concurrent.CompletableFuture$Completion.run(CompletableFuture.java:478)
	at java.base/java.util.concurrent.ThreadPoolExecutor.runWorker(ThreadPoolExecutor.java:1128)
	at java.base/java.util.concurrent.ThreadPoolExecutor$Worker.run(ThreadPoolExecutor.java:628)
	at java.base/java.lang.Thread.run(Thread.java:829)
Caused by: java.io.NotSerializableException: org.apache.ratis.protocol.RaftGroupMemberId
	at java.base/java.io.ObjectOutputStream.writeObject0(ObjectOutputStream.java:1175)
	at java.base/java.io.ObjectOutputStream.defaultWriteFields(ObjectOutputStream.java:1543)
	at java.base/java.io.ObjectOutputStream.writeSerialData(ObjectOutputStream.java:1500)
	at java.base/java.io.ObjectOutputStream.writeOrdinaryObject(ObjectOutputStream.java:1423)
	at java.base/java.io.ObjectOutputStream.writeObject0(ObjectOutputStream.java:1169)
	at java.base/java.io.ObjectOutputStream.writeObject(ObjectOutputStream.java:345)
	at org.apache.ratis.util.ProtoUtils.writeObject2ByteString(ProtoUtils.java:53)
	... 10 more

		at org.apache.ratis.util.IOUtils.readObject(IOUtils.java:237)
		at org.apache.ratis.util.IOUtils.bytes2Object(IOUtils.java:214)
		at org.apache.ratis.grpc.GrpcUtil.tryUnwrapException(GrpcUtil.java:109)
		at org.apache.ratis.grpc.GrpcUtil.unwrapException(GrpcUtil.java:91)
		at org.apache.ratis.grpc.GrpcUtil.unwrapIOException(GrpcUtil.java:152)
		at org.apache.ratis.grpc.client.GrpcClientRpc$1.onError(GrpcClientRpc.java:156)
		... 13 more
	Caused by: java.lang.ClassCastException: Cannot cast java.lang.IllegalStateException to java.io.IOException
		at java.base/java.lang.Class.cast(Class.java:3605)
		at org.apache.ratis.util.IOUtils.readObject(IOUtils.java:234)
		... 18 more
</error>
    <system-out><![CDATA[2022-10-27 13:06:13,519 [main] INFO  util.LogUtils (Slf4jUtils.java:setLogLevel(33)) - Set org.apache.ratis.conf.ConfUtils log level to WARN
2022-10-27 13:06:13,519 [main] INFO  util.LogUtils (Slf4jUtils.java:setLogLevel(33)) - Set org.apache.ratis.util.FileUtils log level to TRACE
2022-10-27 13:06:13,519 [main] INFO  util.LogUtils (Slf4jUtils.java:setLogLevel(33)) - Set org.apache.ratis.server.RaftServer$Division log level to DEBUG
2022-10-27 13:06:13,520 [Time-limited test] INFO  impl.MiniRaftCluster (MiniRaftCluster.java:runWithNewCluster(135)) - Running runWithNewCluster
2022-10-27 13:06:13,521 [Time-limited test] INFO  impl.MiniRaftCluster (MiniRaftCluster.java:<init>(306)) - new MiniRaftClusterWithGrpc with group-F05F6F172674:[s0|rpc:localhost:44003|admin:localhost:35261|client:localhost:39579|dataStream:localhost:46615|priority:0|startupRole:FOLLOWER, s1|rpc:localhost:42689|admin:localhost:45893|client:localhost:35295|dataStream:localhost:33543|priority:0|startupRole:FOLLOWER, s2|rpc:localhost:41311|admin:localhost:32839|client:localhost:34057|dataStream:localhost:45081|priority:0|startupRole:FOLLOWER]
2022-10-27 13:06:13,521 [Time-limited test] INFO  impl.MiniRaftCluster (MiniRaftCluster.java:start(339)) - .............................................................. 
2022-10-27 13:06:13,521 [Time-limited test] INFO  impl.MiniRaftCluster (MiniRaftCluster.java:start(340)) - ... 
2022-10-27 13:06:13,521 [Time-limited test] INFO  impl.MiniRaftCluster (MiniRaftCluster.java:start(341)) - ...     Starting MiniRaftClusterWithGrpc
2022-10-27 13:06:13,521 [Time-limited test] INFO  impl.MiniRaftCluster (MiniRaftCluster.java:start(342)) - ... 
2022-10-27 13:06:13,521 [Time-limited test] INFO  impl.MiniRaftCluster (MiniRaftCluster.java:start(343)) - .............................................................. 
2022-10-27 13:06:13,521 [Time-limited test] INFO  impl.MiniRaftCluster (MiniRaftCluster.java:initServers(318)) - servers = {}
2022-10-27 13:06:13,521 [Time-limited test] INFO  impl.MiniRaftCluster (MiniRaftCluster.java:newRaftServer(382)) - newRaftServer: s0, group-F05F6F172674:[s0|rpc:localhost:44003|admin:localhost:35261|client:localhost:39579|dataStream:localhost:46615|priority:0|startupRole:FOLLOWER, s1|rpc:localhost:42689|admin:localhost:45893|client:localhost:35295|dataStream:localhost:33543|priority:0|startupRole:FOLLOWER, s2|rpc:localhost:41311|admin:localhost:32839|client:localhost:34057|dataStream:localhost:45081|priority:0|startupRole:FOLLOWER], format? true
2022-10-27 13:06:13,522 [Time-limited test] TRACE util.FileUtils (FileUtils.java:deleteFully(170)) - deleteFully target/test/data/f7b8bb5b/MiniRaftClusterWithGrpc3eba7f86/s0
2022-10-27 13:06:13,522 [Time-limited test] TRACE util.FileUtils (FileUtils.java:deleteFully(186)) - deleteFully: target/test/data/f7b8bb5b/MiniRaftClusterWithGrpc3eba7f86/s0 does not exist.
2022-10-27 13:06:13,522 [Time-limited test] INFO  impl.MiniRaftCluster (MiniRaftCluster.java:newRaftServer(387)) - Formatted directory target/test/data/f7b8bb5b/MiniRaftClusterWithGrpc3eba7f86/s0
2022-10-27 13:06:13,522 [Time-limited test] INFO  server.RaftServer (ConfUtils.java:logGet(46)) - raft.rpc.type = GRPC (default)
2022-10-27 13:06:13,523 [Time-limited test] INFO  grpc.GrpcConfigKeys (ConfUtils.java:logFallback(53)) - raft.grpc.admin.host = null (fallback to raft.grpc.server.host)
2022-10-27 13:06:13,523 [Time-limited test] INFO  grpc.GrpcConfigKeys (ConfUtils.java:logGet(46)) - raft.grpc.admin.port = 35261 (custom)
2022-10-27 13:06:13,523 [Time-limited test] INFO  grpc.GrpcConfigKeys (ConfUtils.java:logFallback(53)) - raft.grpc.client.host = null (fallback to raft.grpc.server.host)
2022-10-27 13:06:13,523 [Time-limited test] INFO  grpc.GrpcConfigKeys (ConfUtils.java:logGet(46)) - raft.grpc.client.port = 39579 (custom)
2022-10-27 13:06:13,524 [Time-limited test] INFO  grpc.GrpcConfigKeys (ConfUtils.java:logGet(46)) - raft.grpc.server.host = null (default)
2022-10-27 13:06:13,524 [Time-limited test] INFO  grpc.GrpcConfigKeys (ConfUtils.java:logGet(46)) - raft.grpc.server.port = 44003 (custom)
2022-10-27 13:06:13,524 [Time-limited test] INFO  server.GrpcService (ConfUtils.java:logGet(46)) - raft.grpc.message.size.max = 64MB (=67108864) (default)
2022-10-27 13:06:13,524 [Time-limited test] INFO  server.RaftServerConfigKeys (ConfUtils.java:logGet(46)) - raft.server.log.appender.buffer.byte-limit = 4MB (=4194304) (default)
2022-10-27 13:06:13,524 [Time-limited test] INFO  server.GrpcService (ConfUtils.java:logGet(46)) - raft.grpc.flow.control.window = 1MB (=1048576) (default)
2022-10-27 13:06:13,524 [Time-limited test] INFO  server.RaftServerConfigKeys (ConfUtils.java:logGet(46)) - raft.server.rpc.request.timeout = 3000ms (default)
2022-10-27 13:06:13,524 [Time-limited test] INFO  grpc.GrpcConfigKeys (ConfUtils.java:logGet(46)) - raft.grpc.server.heartbeat.channel = true (default)
2022-10-27 13:06:13,524 [Time-limited test] INFO  grpc.GrpcConfigKeys (ConfUtils.java:logGet(46)) - raft.grpc.server.async.request.thread.pool.cached = true (default)
2022-10-27 13:06:13,524 [Time-limited test] INFO  grpc.GrpcConfigKeys (ConfUtils.java:logGet(46)) - raft.grpc.server.async.request.thread.pool.size = 32 (default)
2022-10-27 13:06:13,526 [Time-limited test] INFO  impl.DataStreamServerImpl (ConfUtils.java:logGet(46)) - raft.datastream.type = DISABLED (default)
2022-10-27 13:06:13,527 [Time-limited test] INFO  server.RaftServerConfigKeys (ConfUtils.java:logGet(46)) - raft.server.threadpool.proxy.cached = true (default)
2022-10-27 13:06:13,527 [Time-limited test] INFO  server.RaftServerConfigKeys (ConfUtils.java:logGet(46)) - raft.server.threadpool.proxy.size = 0 (default)
2022-10-27 13:06:13,527 [Time-limited test] INFO  server.RaftServerConfigKeys (ConfUtils.java:logGet(46)) - raft.server.rpc.slowness.timeout = 60s (default)
2022-10-27 13:06:13,527 [Time-limited test] INFO  server.RaftServerConfigKeys (ConfUtils.java:logGet(46)) - raft.server.leaderelection.leader.step-down.wait-time = 10s (default)
2022-10-27 13:06:13,528 [Time-limited test] INFO  server.RaftServerConfigKeys (ConfUtils.java:logGet(46)) - raft.server.storage.dir = [/home/runner/work/ratis/ratis/ratis-test/target/test/data/f7b8bb5b/MiniRaftClusterWithGrpc3eba7f86/s0] (custom)
2022-10-27 13:06:13,528 [Time-limited test] INFO  server.RaftServer (RaftServerProxy.java:addNew(99)) - s0: addNew group-F05F6F172674:[s0|rpc:localhost:44003|admin:localhost:35261|client:localhost:39579|dataStream:localhost:46615|priority:0|startupRole:FOLLOWER, s1|rpc:localhost:42689|admin:localhost:45893|client:localhost:35295|dataStream:localhost:33543|priority:0|startupRole:FOLLOWER, s2|rpc:localhost:41311|admin:localhost:32839|client:localhost:34057|dataStream:localhost:45081|priority:0|startupRole:FOLLOWER] returns group-F05F6F172674:java.util.concurrent.CompletableFuture@5716be4c[Not completed]
2022-10-27 13:06:13,528 [Time-limited test] INFO  impl.MiniRaftCluster (MiniRaftCluster.java:newRaftServer(382)) - newRaftServer: s1, group-F05F6F172674:[s0|rpc:localhost:44003|admin:localhost:35261|client:localhost:39579|dataStream:localhost:46615|priority:0|startupRole:FOLLOWER, s1|rpc:localhost:42689|admin:localhost:45893|client:localhost:35295|dataStream:localhost:33543|priority:0|startupRole:FOLLOWER, s2|rpc:localhost:41311|admin:localhost:32839|client:localhost:34057|dataStream:localhost:45081|priority:0|startupRole:FOLLOWER], format? true
2022-10-27 13:06:13,528 [Time-limited test] TRACE util.FileUtils (FileUtils.java:deleteFully(170)) - deleteFully target/test/data/f7b8bb5b/MiniRaftClusterWithGrpc3eba7f86/s1
2022-10-27 13:06:13,529 [Time-limited test] TRACE util.FileUtils (FileUtils.java:deleteFully(186)) - deleteFully: target/test/data/f7b8bb5b/MiniRaftClusterWithGrpc3eba7f86/s1 does not exist.
2022-10-27 13:06:13,529 [Time-limited test] INFO  impl.MiniRaftCluster (MiniRaftCluster.java:newRaftServer(387)) - Formatted directory target/test/data/f7b8bb5b/MiniRaftClusterWithGrpc3eba7f86/s1
2022-10-27 13:06:13,529 [Time-limited test] INFO  server.RaftServer (ConfUtils.java:logGet(46)) - raft.rpc.type = GRPC (default)
2022-10-27 13:06:13,529 [Time-limited test] INFO  grpc.GrpcConfigKeys (ConfUtils.java:logFallback(53)) - raft.grpc.admin.host = null (fallback to raft.grpc.server.host)
2022-10-27 13:06:13,529 [Time-limited test] INFO  grpc.GrpcConfigKeys (ConfUtils.java:logGet(46)) - raft.grpc.admin.port = 45893 (custom)
2022-10-27 13:06:13,529 [Time-limited test] INFO  grpc.GrpcConfigKeys (ConfUtils.java:logFallback(53)) - raft.grpc.client.host = null (fallback to raft.grpc.server.host)
2022-10-27 13:06:13,529 [Time-limited test] INFO  grpc.GrpcConfigKeys (ConfUtils.java:logGet(46)) - raft.grpc.client.port = 35295 (custom)
2022-10-27 13:06:13,529 [Time-limited test] INFO  grpc.GrpcConfigKeys (ConfUtils.java:logGet(46)) - raft.grpc.server.host = null (default)
2022-10-27 13:06:13,529 [Time-limited test] INFO  grpc.GrpcConfigKeys (ConfUtils.java:logGet(46)) - raft.grpc.server.port = 42689 (custom)
2022-10-27 13:06:13,529 [Time-limited test] INFO  server.GrpcService (ConfUtils.java:logGet(46)) - raft.grpc.message.size.max = 64MB (=67108864) (default)
2022-10-27 13:06:13,529 [Time-limited test] INFO  server.RaftServerConfigKeys (ConfUtils.java:logGet(46)) - raft.server.log.appender.buffer.byte-limit = 4MB (=4194304) (default)
2022-10-27 13:06:13,529 [Time-limited test] INFO  server.GrpcService (ConfUtils.java:logGet(46)) - raft.grpc.flow.control.window = 1MB (=1048576) (default)
2022-10-27 13:06:13,529 [Time-limited test] INFO  server.RaftServerConfigKeys (ConfUtils.java:logGet(46)) - raft.server.rpc.request.timeout = 3000ms (default)
2022-10-27 13:06:13,529 [Time-limited test] INFO  grpc.GrpcConfigKeys (ConfUtils.java:logGet(46)) - raft.grpc.server.heartbeat.channel = true (default)
2022-10-27 13:06:13,529 [Time-limited test] INFO  grpc.GrpcConfigKeys (ConfUtils.java:logGet(46)) - raft.grpc.server.async.request.thread.pool.cached = true (default)
2022-10-27 13:06:13,530 [Time-limited test] INFO  grpc.GrpcConfigKeys (ConfUtils.java:logGet(46)) - raft.grpc.server.async.request.thread.pool.size = 32 (default)
2022-10-27 13:06:13,530 [Time-limited test] INFO  impl.DataStreamServerImpl (ConfUtils.java:logGet(46)) - raft.datastream.type = DISABLED (default)
2022-10-27 13:06:13,531 [Time-limited test] INFO  server.RaftServerConfigKeys (ConfUtils.java:logGet(46)) - raft.server.threadpool.proxy.cached = true (default)
2022-10-27 13:06:13,531 [Time-limited test] INFO  server.RaftServerConfigKeys (ConfUtils.java:logGet(46)) - raft.server.threadpool.proxy.size = 0 (default)
2022-10-27 13:06:13,531 [Time-limited test] INFO  server.RaftServerConfigKeys (ConfUtils.java:logGet(46)) - raft.server.rpc.slowness.timeout = 60s (default)
2022-10-27 13:06:13,531 [Time-limited test] INFO  server.RaftServerConfigKeys (ConfUtils.java:logGet(46)) - raft.server.leaderelection.leader.step-down.wait-time = 10s (default)
2022-10-27 13:06:13,531 [Time-limited test] INFO  server.RaftServerConfigKeys (ConfUtils.java:logGet(46)) - raft.server.storage.dir = [/home/runner/work/ratis/ratis/ratis-test/target/test/data/f7b8bb5b/MiniRaftClusterWithGrpc3eba7f86/s1] (custom)
2022-10-27 13:06:13,535 [pool-18-thread-1] INFO  server.RaftServer$Division (RaftServerImpl.java:<init>(198)) - s0: new RaftServerImpl for group-F05F6F172674:[s0|rpc:localhost:44003|admin:localhost:35261|client:localhost:39579|dataStream:localhost:46615|priority:0|startupRole:FOLLOWER, s1|rpc:localhost:42689|admin:localhost:45893|client:localhost:35295|dataStream:localhost:33543|priority:0|startupRole:FOLLOWER, s2|rpc:localhost:41311|admin:localhost:32839|client:localhost:34057|dataStream:localhost:45081|priority:0|startupRole:FOLLOWER] with CounterStateMachine:uninitialized
2022-10-27 13:06:13,535 [pool-18-thread-1] INFO  server.RaftServerConfigKeys (ConfUtils.java:logGet(46)) - raft.server.rpc.timeout.min = 150ms (default)
2022-10-27 13:06:13,535 [pool-18-thread-1] INFO  server.RaftServerConfigKeys (ConfUtils.java:logGet(46)) - raft.server.rpc.timeout.max = 300ms (default)
2022-10-27 13:06:13,535 [pool-18-thread-1] INFO  server.RaftServerConfigKeys (ConfUtils.java:logGet(46)) - raft.server.rpc.sleep.time = 25ms (default)
2022-10-27 13:06:13,535 [pool-18-thread-1] INFO  server.RaftServerConfigKeys (ConfUtils.java:logGet(46)) - raft.server.rpc.slowness.timeout = 60s (default)
2022-10-27 13:06:13,535 [pool-18-thread-1] INFO  server.RaftServerConfigKeys (ConfUtils.java:logGet(46)) - raft.server.leaderelection.leader.step-down.wait-time = 10s (default)
2022-10-27 13:06:13,535 [pool-18-thread-1] INFO  server.RaftServerConfigKeys (ConfUtils.java:logGet(46)) - raft.server.sleep.deviation.threshold = 300ms (default)
2022-10-27 13:06:13,535 [pool-18-thread-1] INFO  server.RaftServer$Division (ServerState.java:<init>(113)) - s0@group-F05F6F172674: ConfigurationManager, init=-1: peers:[s0|rpc:localhost:44003|admin:localhost:35261|client:localhost:39579|dataStream:localhost:46615|priority:0|startupRole:FOLLOWER, s1|rpc:localhost:42689|admin:localhost:45893|client:localhost:35295|dataStream:localhost:33543|priority:0|startupRole:FOLLOWER, s2|rpc:localhost:41311|admin:localhost:32839|client:localhost:34057|dataStream:localhost:45081|priority:0|startupRole:FOLLOWER]|listeners:[], old=null, confs=<EMPTY_MAP>
2022-10-27 13:06:13,535 [pool-18-thread-1] INFO  server.RaftServerConfigKeys (ConfUtils.java:logGet(46)) - raft.server.notification.no-leader.timeout = 60s (default)
2022-10-27 13:06:13,535 [pool-18-thread-1] INFO  server.RaftServerConfigKeys (ConfUtils.java:logGet(46)) - raft.server.read.timeout = 10s (default)
2022-10-27 13:06:13,535 [pool-18-thread-1] INFO  server.RaftServerConfigKeys (ConfUtils.java:logGet(46)) - raft.server.retrycache.expirytime = 60s (default)
2022-10-27 13:06:13,536 [pool-18-thread-1] INFO  server.RaftServerConfigKeys (ConfUtils.java:logGet(46)) - raft.server.retrycache.statistics.expirytime = 100μs (default)
2022-10-27 13:06:13,536 [pool-18-thread-1] INFO  server.RaftServerConfigKeys (ConfUtils.java:logGet(46)) - raft.server.read.option = LINEARIZABLE (custom)
2022-10-27 13:06:13,537 [pool-18-thread-1] INFO  server.RaftServerConfigKeys (ConfUtils.java:logGet(46)) - raft.server.log.appender.install.snapshot.enabled = true (default)
2022-10-27 13:06:13,537 [pool-18-thread-1] INFO  server.RaftServerConfigKeys (ConfUtils.java:logGet(46)) - raft.server.threadpool.server.cached = true (default)
2022-10-27 13:06:13,537 [pool-18-thread-1] INFO  server.RaftServerConfigKeys (ConfUtils.java:logGet(46)) - raft.server.threadpool.server.size = 0 (default)
2022-10-27 13:06:13,537 [pool-18-thread-1] INFO  server.RaftServerConfigKeys (ConfUtils.java:logGet(46)) - raft.server.threadpool.client.cached = true (default)
2022-10-27 13:06:13,537 [pool-18-thread-1] INFO  server.RaftServerConfigKeys (ConfUtils.java:logGet(46)) - raft.server.threadpool.client.size = 0 (default)
2022-10-27 13:06:13,537 [Time-limited test] INFO  server.RaftServer (RaftServerProxy.java:addNew(99)) - s1: addNew group-F05F6F172674:[s0|rpc:localhost:44003|admin:localhost:35261|client:localhost:39579|dataStream:localhost:46615|priority:0|startupRole:FOLLOWER, s1|rpc:localhost:42689|admin:localhost:45893|client:localhost:35295|dataStream:localhost:33543|priority:0|startupRole:FOLLOWER, s2|rpc:localhost:41311|admin:localhost:32839|client:localhost:34057|dataStream:localhost:45081|priority:0|startupRole:FOLLOWER] returns group-F05F6F172674:java.util.concurrent.CompletableFuture@6fc56a72[Not completed]
2022-10-27 13:06:13,537 [Time-limited test] INFO  impl.MiniRaftCluster (MiniRaftCluster.java:newRaftServer(382)) - newRaftServer: s2, group-F05F6F172674:[s0|rpc:localhost:44003|admin:localhost:35261|client:localhost:39579|dataStream:localhost:46615|priority:0|startupRole:FOLLOWER, s1|rpc:localhost:42689|admin:localhost:45893|client:localhost:35295|dataStream:localhost:33543|priority:0|startupRole:FOLLOWER, s2|rpc:localhost:41311|admin:localhost:32839|client:localhost:34057|dataStream:localhost:45081|priority:0|startupRole:FOLLOWER], format? true
2022-10-27 13:06:13,537 [Time-limited test] TRACE util.FileUtils (FileUtils.java:deleteFully(170)) - deleteFully target/test/data/f7b8bb5b/MiniRaftClusterWithGrpc3eba7f86/s2
2022-10-27 13:06:13,537 [pool-19-thread-1] INFO  server.RaftServer$Division (RaftServerImpl.java:<init>(198)) - s1: new RaftServerImpl for group-F05F6F172674:[s0|rpc:localhost:44003|admin:localhost:35261|client:localhost:39579|dataStream:localhost:46615|priority:0|startupRole:FOLLOWER, s1|rpc:localhost:42689|admin:localhost:45893|client:localhost:35295|dataStream:localhost:33543|priority:0|startupRole:FOLLOWER, s2|rpc:localhost:41311|admin:localhost:32839|client:localhost:34057|dataStream:localhost:45081|priority:0|startupRole:FOLLOWER] with CounterStateMachine:uninitialized
2022-10-27 13:06:13,537 [Time-limited test] TRACE util.FileUtils (FileUtils.java:deleteFully(186)) - deleteFully: target/test/data/f7b8bb5b/MiniRaftClusterWithGrpc3eba7f86/s2 does not exist.
2022-10-27 13:06:13,537 [Time-limited test] INFO  impl.MiniRaftCluster (MiniRaftCluster.java:newRaftServer(387)) - Formatted directory target/test/data/f7b8bb5b/MiniRaftClusterWithGrpc3eba7f86/s2
2022-10-27 13:06:13,537 [pool-19-thread-1] INFO  server.RaftServerConfigKeys (ConfUtils.java:logGet(46)) - raft.server.rpc.timeout.min = 150ms (default)
2022-10-27 13:06:13,538 [pool-19-thread-1] INFO  server.RaftServerConfigKeys (ConfUtils.java:logGet(46)) - raft.server.rpc.timeout.max = 300ms (default)
2022-10-27 13:06:13,538 [pool-19-thread-1] INFO  server.RaftServerConfigKeys (ConfUtils.java:logGet(46)) - raft.server.rpc.sleep.time = 25ms (default)
2022-10-27 13:06:13,538 [Time-limited test] INFO  server.RaftServer (ConfUtils.java:logGet(46)) - raft.rpc.type = GRPC (default)
2022-10-27 13:06:13,538 [Time-limited test] INFO  grpc.GrpcConfigKeys (ConfUtils.java:logFallback(53)) - raft.grpc.admin.host = null (fallback to raft.grpc.server.host)
2022-10-27 13:06:13,538 [Time-limited test] INFO  grpc.GrpcConfigKeys (ConfUtils.java:logGet(46)) - raft.grpc.admin.port = 32839 (custom)
2022-10-27 13:06:13,538 [Time-limited test] INFO  grpc.GrpcConfigKeys (ConfUtils.java:logFallback(53)) - raft.grpc.client.host = null (fallback to raft.grpc.server.host)
2022-10-27 13:06:13,538 [Time-limited test] INFO  grpc.GrpcConfigKeys (ConfUtils.java:logGet(46)) - raft.grpc.client.port = 34057 (custom)
2022-10-27 13:06:13,538 [Time-limited test] INFO  grpc.GrpcConfigKeys (ConfUtils.java:logGet(46)) - raft.grpc.server.host = null (default)
2022-10-27 13:06:13,538 [Time-limited test] INFO  grpc.GrpcConfigKeys (ConfUtils.java:logGet(46)) - raft.grpc.server.port = 41311 (custom)
2022-10-27 13:06:13,538 [Time-limited test] INFO  server.GrpcService (ConfUtils.java:logGet(46)) - raft.grpc.message.size.max = 64MB (=67108864) (default)
2022-10-27 13:06:13,538 [Time-limited test] INFO  server.RaftServerConfigKeys (ConfUtils.java:logGet(46)) - raft.server.log.appender.buffer.byte-limit = 4MB (=4194304) (default)
2022-10-27 13:06:13,538 [Time-limited test] INFO  server.GrpcService (ConfUtils.java:logGet(46)) - raft.grpc.flow.control.window = 1MB (=1048576) (default)
2022-10-27 13:06:13,538 [Time-limited test] INFO  server.RaftServerConfigKeys (ConfUtils.java:logGet(46)) - raft.server.rpc.request.timeout = 3000ms (default)
2022-10-27 13:06:13,538 [Time-limited test] INFO  grpc.GrpcConfigKeys (ConfUtils.java:logGet(46)) - raft.grpc.server.heartbeat.channel = true (default)
2022-10-27 13:06:13,538 [Time-limited test] INFO  grpc.GrpcConfigKeys (ConfUtils.java:logGet(46)) - raft.grpc.server.async.request.thread.pool.cached = true (default)
2022-10-27 13:06:13,538 [Time-limited test] INFO  grpc.GrpcConfigKeys (ConfUtils.java:logGet(46)) - raft.grpc.server.async.request.thread.pool.size = 32 (default)
2022-10-27 13:06:13,539 [pool-19-thread-1] INFO  server.RaftServerConfigKeys (ConfUtils.java:logGet(46)) - raft.server.rpc.slowness.timeout = 60s (default)
2022-10-27 13:06:13,539 [pool-19-thread-1] INFO  server.RaftServerConfigKeys (ConfUtils.java:logGet(46)) - raft.server.leaderelection.leader.step-down.wait-time = 10s (default)
2022-10-27 13:06:13,539 [Time-limited test] INFO  impl.DataStreamServerImpl (ConfUtils.java:logGet(46)) - raft.datastream.type = DISABLED (default)
2022-10-27 13:06:13,539 [pool-19-thread-1] INFO  server.RaftServerConfigKeys (ConfUtils.java:logGet(46)) - raft.server.sleep.deviation.threshold = 300ms (default)
2022-10-27 13:06:13,539 [Time-limited test] INFO  server.RaftServerConfigKeys (ConfUtils.java:logGet(46)) - raft.server.threadpool.proxy.cached = true (default)
2022-10-27 13:06:13,539 [Time-limited test] INFO  server.RaftServerConfigKeys (ConfUtils.java:logGet(46)) - raft.server.threadpool.proxy.size = 0 (default)
2022-10-27 13:06:13,540 [Time-limited test] INFO  server.RaftServerConfigKeys (ConfUtils.java:logGet(46)) - raft.server.rpc.slowness.timeout = 60s (default)
2022-10-27 13:06:13,540 [Time-limited test] INFO  server.RaftServerConfigKeys (ConfUtils.java:logGet(46)) - raft.server.leaderelection.leader.step-down.wait-time = 10s (default)
2022-10-27 13:06:13,539 [pool-19-thread-1] INFO  server.RaftServer$Division (ServerState.java:<init>(113)) - s1@group-F05F6F172674: ConfigurationManager, init=-1: peers:[s0|rpc:localhost:44003|admin:localhost:35261|client:localhost:39579|dataStream:localhost:46615|priority:0|startupRole:FOLLOWER, s1|rpc:localhost:42689|admin:localhost:45893|client:localhost:35295|dataStream:localhost:33543|priority:0|startupRole:FOLLOWER, s2|rpc:localhost:41311|admin:localhost:32839|client:localhost:34057|dataStream:localhost:45081|priority:0|startupRole:FOLLOWER]|listeners:[], old=null, confs=<EMPTY_MAP>
2022-10-27 13:06:13,540 [Time-limited test] INFO  server.RaftServerConfigKeys (ConfUtils.java:logGet(46)) - raft.server.storage.dir = [/home/runner/work/ratis/ratis/ratis-test/target/test/data/f7b8bb5b/MiniRaftClusterWithGrpc3eba7f86/s2] (custom)
2022-10-27 13:06:13,540 [pool-19-thread-1] INFO  server.RaftServerConfigKeys (ConfUtils.java:logGet(46)) - raft.server.notification.no-leader.timeout = 60s (default)
2022-10-27 13:06:13,540 [pool-19-thread-1] INFO  server.RaftServerConfigKeys (ConfUtils.java:logGet(46)) - raft.server.read.timeout = 10s (default)
2022-10-27 13:06:13,540 [pool-19-thread-1] INFO  server.RaftServerConfigKeys (ConfUtils.java:logGet(46)) - raft.server.retrycache.expirytime = 60s (default)
2022-10-27 13:06:13,540 [pool-19-thread-1] INFO  server.RaftServerConfigKeys (ConfUtils.java:logGet(46)) - raft.server.retrycache.statistics.expirytime = 100μs (default)
2022-10-27 13:06:13,540 [pool-19-thread-1] INFO  server.RaftServerConfigKeys (ConfUtils.java:logGet(46)) - raft.server.read.option = LINEARIZABLE (custom)
2022-10-27 13:06:13,541 [pool-19-thread-1] INFO  server.RaftServerConfigKeys (ConfUtils.java:logGet(46)) - raft.server.log.appender.install.snapshot.enabled = true (default)
2022-10-27 13:06:13,541 [pool-19-thread-1] INFO  server.RaftServerConfigKeys (ConfUtils.java:logGet(46)) - raft.server.threadpool.server.cached = true (default)
2022-10-27 13:06:13,542 [pool-19-thread-1] INFO  server.RaftServerConfigKeys (ConfUtils.java:logGet(46)) - raft.server.threadpool.server.size = 0 (default)
2022-10-27 13:06:13,542 [pool-19-thread-1] INFO  server.RaftServerConfigKeys (ConfUtils.java:logGet(46)) - raft.server.threadpool.client.cached = true (default)
2022-10-27 13:06:13,542 [pool-19-thread-1] INFO  server.RaftServerConfigKeys (ConfUtils.java:logGet(46)) - raft.server.threadpool.client.size = 0 (default)
2022-10-27 13:06:13,544 [Time-limited test] INFO  server.RaftServer (RaftServerProxy.java:addNew(99)) - s2: addNew group-F05F6F172674:[s0|rpc:localhost:44003|admin:localhost:35261|client:localhost:39579|dataStream:localhost:46615|priority:0|startupRole:FOLLOWER, s1|rpc:localhost:42689|admin:localhost:45893|client:localhost:35295|dataStream:localhost:33543|priority:0|startupRole:FOLLOWER, s2|rpc:localhost:41311|admin:localhost:32839|client:localhost:34057|dataStream:localhost:45081|priority:0|startupRole:FOLLOWER] returns group-F05F6F172674:java.util.concurrent.CompletableFuture@25b9815[Not completed]
2022-10-27 13:06:13,544 [pool-20-thread-1] INFO  server.RaftServer$Division (RaftServerImpl.java:<init>(198)) - s2: new RaftServerImpl for group-F05F6F172674:[s0|rpc:localhost:44003|admin:localhost:35261|client:localhost:39579|dataStream:localhost:46615|priority:0|startupRole:FOLLOWER, s1|rpc:localhost:42689|admin:localhost:45893|client:localhost:35295|dataStream:localhost:33543|priority:0|startupRole:FOLLOWER, s2|rpc:localhost:41311|admin:localhost:32839|client:localhost:34057|dataStream:localhost:45081|priority:0|startupRole:FOLLOWER] with CounterStateMachine:uninitialized
2022-10-27 13:06:13,544 [s0-impl-thread1] INFO  server.RaftServerConfigKeys (ConfUtils.java:logGet(46)) - raft.server.storage.free-space.min = 0MB (=0) (default)
2022-10-27 13:06:13,544 [pool-20-thread-1] INFO  server.RaftServerConfigKeys (ConfUtils.java:logGet(46)) - raft.server.rpc.timeout.min = 150ms (default)
2022-10-27 13:06:13,544 [s0-impl-thread1] INFO  server.RaftServerConfigKeys (ConfUtils.java:logGet(46)) - raft.server.log.corruption.policy = EXCEPTION (default)
2022-10-27 13:06:13,544 [pool-20-thread-1] INFO  server.RaftServerConfigKeys (ConfUtils.java:logGet(46)) - raft.server.rpc.timeout.max = 300ms (default)
2022-10-27 13:06:13,544 [s0-impl-thread1] INFO  server.RaftServerConfigKeys (ConfUtils.java:logGet(46)) - raft.server.storage.dir = [/home/runner/work/ratis/ratis/ratis-test/target/test/data/f7b8bb5b/MiniRaftClusterWithGrpc3eba7f86/s0] (custom)
2022-10-27 13:06:13,544 [pool-20-thread-1] INFO  server.RaftServerConfigKeys (ConfUtils.java:logGet(46)) - raft.server.rpc.sleep.time = 25ms (default)
2022-10-27 13:06:13,544 [pool-20-thread-1] INFO  server.RaftServerConfigKeys (ConfUtils.java:logGet(46)) - raft.server.rpc.slowness.timeout = 60s (default)
2022-10-27 13:06:13,544 [pool-20-thread-1] INFO  server.RaftServerConfigKeys (ConfUtils.java:logGet(46)) - raft.server.leaderelection.leader.step-down.wait-time = 10s (default)
2022-10-27 13:06:13,544 [s0-impl-thread1] INFO  storage.RaftStorageDirectory (RaftStorageDirectoryImpl.java:analyzeStorage(138)) - The storage directory /home/runner/work/ratis/ratis/ratis-test/target/test/data/f7b8bb5b/MiniRaftClusterWithGrpc3eba7f86/s0/e20b8bc5-cd18-4644-9068-f05f6f172674 does not exist. Creating ...
2022-10-27 13:06:13,544 [pool-20-thread-1] INFO  server.RaftServerConfigKeys (ConfUtils.java:logGet(46)) - raft.server.sleep.deviation.threshold = 300ms (default)
2022-10-27 13:06:13,545 [pool-20-thread-1] INFO  server.RaftServer$Division (ServerState.java:<init>(113)) - s2@group-F05F6F172674: ConfigurationManager, init=-1: peers:[s0|rpc:localhost:44003|admin:localhost:35261|client:localhost:39579|dataStream:localhost:46615|priority:0|startupRole:FOLLOWER, s1|rpc:localhost:42689|admin:localhost:45893|client:localhost:35295|dataStream:localhost:33543|priority:0|startupRole:FOLLOWER, s2|rpc:localhost:41311|admin:localhost:32839|client:localhost:34057|dataStream:localhost:45081|priority:0|startupRole:FOLLOWER]|listeners:[], old=null, confs=<EMPTY_MAP>
2022-10-27 13:06:13,545 [pool-20-thread-1] INFO  server.RaftServerConfigKeys (ConfUtils.java:logGet(46)) - raft.server.notification.no-leader.timeout = 60s (default)
2022-10-27 13:06:13,545 [pool-20-thread-1] INFO  server.RaftServerConfigKeys (ConfUtils.java:logGet(46)) - raft.server.read.timeout = 10s (default)
2022-10-27 13:06:13,545 [s0-impl-thread1] TRACE util.FileUtils (LogUtils.java:runAndLog(49)) - Successfully ran Files.createDirectories /home/runner/work/ratis/ratis/ratis-test/target/test/data/f7b8bb5b/MiniRaftClusterWithGrpc3eba7f86/s0/e20b8bc5-cd18-4644-9068-f05f6f172674
2022-10-27 13:06:13,545 [pool-20-thread-1] INFO  server.RaftServerConfigKeys (ConfUtils.java:logGet(46)) - raft.server.retrycache.expirytime = 60s (default)
2022-10-27 13:06:13,545 [pool-20-thread-1] INFO  server.RaftServerConfigKeys (ConfUtils.java:logGet(46)) - raft.server.retrycache.statistics.expirytime = 100μs (default)
2022-10-27 13:06:13,545 [pool-20-thread-1] INFO  server.RaftServerConfigKeys (ConfUtils.java:logGet(46)) - raft.server.read.option = LINEARIZABLE (custom)
2022-10-27 13:06:13,546 [pool-20-thread-1] INFO  server.RaftServerConfigKeys (ConfUtils.java:logGet(46)) - raft.server.log.appender.install.snapshot.enabled = true (default)
2022-10-27 13:06:13,546 [pool-20-thread-1] INFO  server.RaftServerConfigKeys (ConfUtils.java:logGet(46)) - raft.server.threadpool.server.cached = true (default)
2022-10-27 13:06:13,546 [pool-20-thread-1] INFO  server.RaftServerConfigKeys (ConfUtils.java:logGet(46)) - raft.server.threadpool.server.size = 0 (default)
2022-10-27 13:06:13,547 [s0-impl-thread1] INFO  storage.RaftStorageDirectory (RaftStorageDirectoryImpl.java:tryLock(232)) - Lock on /home/runner/work/ratis/ratis/ratis-test/target/test/data/f7b8bb5b/MiniRaftClusterWithGrpc3eba7f86/s0/e20b8bc5-cd18-4644-9068-f05f6f172674/in_use.lock acquired by nodename 16058@fv-az421-522
2022-10-27 13:06:13,547 [s0-impl-thread1] TRACE util.FileUtils (LogUtils.java:runAndLog(49)) - Successfully ran Files.createDirectories /home/runner/work/ratis/ratis/ratis-test/target/test/data/f7b8bb5b/MiniRaftClusterWithGrpc3eba7f86/s0/e20b8bc5-cd18-4644-9068-f05f6f172674/current
2022-10-27 13:06:13,547 [s0-impl-thread1] TRACE util.FileUtils (LogUtils.java:runAndLog(49)) - Successfully ran Files.createDirectories /home/runner/work/ratis/ratis/ratis-test/target/test/data/f7b8bb5b/MiniRaftClusterWithGrpc3eba7f86/s0/e20b8bc5-cd18-4644-9068-f05f6f172674/sm
2022-10-27 13:06:13,547 [pool-20-thread-1] INFO  server.RaftServerConfigKeys (ConfUtils.java:logGet(46)) - raft.server.threadpool.client.cached = true (default)
2022-10-27 13:06:13,547 [pool-20-thread-1] INFO  server.RaftServerConfigKeys (ConfUtils.java:logGet(46)) - raft.server.threadpool.client.size = 0 (default)
2022-10-27 13:06:13,548 [s0-impl-thread1] INFO  storage.RaftStorage (RaftStorageImpl.java:format(96)) - Storage directory /home/runner/work/ratis/ratis/ratis-test/target/test/data/f7b8bb5b/MiniRaftClusterWithGrpc3eba7f86/s0/e20b8bc5-cd18-4644-9068-f05f6f172674 has been successfully formatted.
2022-10-27 13:06:13,549 [s0-impl-thread1] INFO  server.RaftServerConfigKeys (ConfUtils.java:logGet(46)) - raft.server.log.use.memory = false (default)
2022-10-27 13:06:13,549 [s0-impl-thread1] INFO  server.RaftServerConfigKeys (ConfUtils.java:logGet(46)) - raft.server.log.purge.gap = 1024 (default)
2022-10-27 13:06:13,549 [s0-impl-thread1] INFO  server.RaftServerConfigKeys (ConfUtils.java:logGet(46)) - raft.server.log.appender.buffer.byte-limit = 4MB (=4194304) (default)
2022-10-27 13:06:13,549 [s0-impl-thread1] INFO  server.RaftServerConfigKeys (ConfUtils.java:logGet(46)) - raft.server.log.statemachine.data.read.timeout = 1000ms (default)
2022-10-27 13:06:13,549 [s0-impl-thread1] INFO  server.RaftServerConfigKeys (ConfUtils.java:logGet(46)) - raft.server.log.purge.preservation.log.num = 0 (default)
2022-10-27 13:06:13,549 [s0-impl-thread1] INFO  server.RaftServerConfigKeys (ConfUtils.java:logGet(46)) - raft.server.log.segment.size.max = 8MB (=8388608) (default)
2022-10-27 13:06:13,549 [s0-impl-thread1] INFO  server.RaftServerConfigKeys (ConfUtils.java:logGet(46)) - raft.server.log.segment.cache.num.max = 6 (default)
2022-10-27 13:06:13,549 [s0-impl-thread1] INFO  server.RaftServerConfigKeys (ConfUtils.java:logGet(46)) - raft.server.log.segment.cache.size.max = 200MB (=209715200) (default)
2022-10-27 13:06:13,549 [s0-impl-thread1] INFO  segmented.SegmentedRaftLogWorker (SegmentedRaftLogWorker.java:<init>(184)) - new s0@group-F05F6F172674-SegmentedRaftLogWorker for RaftStorageImpl:Storage Directory /home/runner/work/ratis/ratis/ratis-test/target/test/data/f7b8bb5b/MiniRaftClusterWithGrpc3eba7f86/s0/e20b8bc5-cd18-4644-9068-f05f6f172674
2022-10-27 13:06:13,549 [s0-impl-thread1] INFO  server.RaftServerConfigKeys (ConfUtils.java:logGet(46)) - raft.server.log.queue.byte-limit = 64MB (=67108864) (default)
2022-10-27 13:06:13,549 [s0-impl-thread1] INFO  server.RaftServerConfigKeys (ConfUtils.java:logGet(46)) - raft.server.log.queue.element-limit = 4096 (default)
2022-10-27 13:06:13,550 [s0-impl-thread1] INFO  server.RaftServerConfigKeys (ConfUtils.java:logGet(46)) - raft.server.log.segment.size.max = 8MB (=8388608) (default)
2022-10-27 13:06:13,550 [s0-impl-thread1] INFO  server.RaftServerConfigKeys (ConfUtils.java:logGet(46)) - raft.server.log.preallocated.size = 4MB (=4194304) (default)
2022-10-27 13:06:13,550 [s0-impl-thread1] INFO  server.RaftServerConfigKeys (ConfUtils.java:logGet(46)) - raft.server.log.force.sync.num = 128 (default)
2022-10-27 13:06:13,550 [s0-impl-thread1] INFO  server.RaftServerConfigKeys (ConfUtils.java:logGet(46)) - raft.server.log.statemachine.data.sync = true (default)
2022-10-27 13:06:13,550 [s0-impl-thread1] INFO  server.RaftServerConfigKeys (ConfUtils.java:logGet(46)) - raft.server.log.statemachine.data.sync.timeout = 10s (default)
2022-10-27 13:06:13,550 [s0-impl-thread1] INFO  server.RaftServerConfigKeys (ConfUtils.java:logGet(46)) - raft.server.log.statemachine.data.sync.timeout.retry = -1 (default)
2022-10-27 13:06:13,550 [s0-impl-thread1] INFO  server.RaftServerConfigKeys (ConfUtils.java:logGet(46)) - raft.server.log.write.buffer.size = 64KB (=65536) (default)
2022-10-27 13:06:13,550 [s0-impl-thread1] INFO  server.RaftServerConfigKeys (ConfUtils.java:logGet(46)) - raft.server.log.appender.buffer.byte-limit = 4MB (=4194304) (default)
2022-10-27 13:06:13,550 [s0-impl-thread1] INFO  server.RaftServerConfigKeys (ConfUtils.java:logGet(46)) - raft.server.log.unsafe-flush.enabled = false (default)
2022-10-27 13:06:13,550 [s0-impl-thread1] INFO  server.RaftServerConfigKeys (ConfUtils.java:logGet(46)) - raft.server.log.async-flush.enabled = false (default)
2022-10-27 13:06:13,550 [s0-impl-thread1] INFO  server.RaftServerConfigKeys (ConfUtils.java:logGet(46)) - raft.server.log.statemachine.data.caching.enabled = false (default)
2022-10-27 13:06:13,550 [s0-impl-thread1] INFO  segmented.SegmentedRaftLogWorker (SegmentedRaftLogWorker.java:lambda$new$0(134)) - s0@group-F05F6F172674-SegmentedRaftLogWorker: flushIndex: setUnconditionally 0 -> -1
2022-10-27 13:06:13,550 [s0-impl-thread1] INFO  segmented.SegmentedRaftLogWorker (SegmentedRaftLogWorker.java:lambda$new$0(134)) - s0@group-F05F6F172674-SegmentedRaftLogWorker: safeCacheEvictIndex: setUnconditionally 0 -> -1
2022-10-27 13:06:13,555 [s0-impl-thread1] INFO  server.RaftServer$Division (RaftServerImpl.java:start(338)) - s0@group-F05F6F172674: start as a follower, conf=-1: peers:[s0|rpc:localhost:44003|admin:localhost:35261|client:localhost:39579|dataStream:localhost:46615|priority:0|startupRole:FOLLOWER, s1|rpc:localhost:42689|admin:localhost:45893|client:localhost:35295|dataStream:localhost:33543|priority:0|startupRole:FOLLOWER, s2|rpc:localhost:41311|admin:localhost:32839|client:localhost:34057|dataStream:localhost:45081|priority:0|startupRole:FOLLOWER]|listeners:[], old=null
2022-10-27 13:06:13,555 [s0-impl-thread1] INFO  server.RaftServer$Division (RaftServerImpl.java:setRole(325)) - s0@group-F05F6F172674: changes role from      null to FOLLOWER at term 0 for startAsFollower
2022-10-27 13:06:13,555 [s0-impl-thread1] INFO  impl.RoleInfo (RoleInfo.java:updateAndGet(139)) - s0: start s0@group-F05F6F172674-FollowerState
2022-10-27 13:06:13,556 [s0-impl-thread1] INFO  util.JmxRegister (JmxRegister.java:tryRegister(44)) - Successfully registered JMX Bean with object name Ratis:service=RaftServer,group=group-F05F6F172674,id=s0
2022-10-27 13:06:13,556 [s0-impl-thread1] INFO  server.RaftServerConfigKeys (ConfUtils.java:logGet(46)) - raft.server.snapshot.auto.trigger.enabled = false (default)
2022-10-27 13:06:13,556 [s0-impl-thread1] INFO  server.RaftServerConfigKeys (ConfUtils.java:logGet(46)) - raft.server.snapshot.retention.file.num = -1 (default)
2022-10-27 13:06:13,556 [s0-impl-thread1] INFO  server.RaftServerConfigKeys (ConfUtils.java:logGet(46)) - raft.server.log.purge.upto.snapshot.index = false (default)
2022-10-27 13:06:13,556 [s0@group-F05F6F172674-FollowerState] INFO  server.RaftServerConfigKeys (ConfUtils.java:logFallback(53)) - raft.server.rpc.first-election.timeout.min = 150ms (fallback to raft.server.rpc.timeout.min)
2022-10-27 13:06:13,556 [s0@group-F05F6F172674-FollowerState] INFO  server.RaftServerConfigKeys (ConfUtils.java:logFallback(53)) - raft.server.rpc.first-election.timeout.max = 300ms (fallback to raft.server.rpc.timeout.max)
2022-10-27 13:06:13,557 [Time-limited test] INFO  server.RaftServer (RaftServerProxy.java:startImpl(396)) - s0: start RPC server
2022-10-27 13:06:13,557 [Time-limited test] INFO  server.GrpcService (GrpcService.java:startImpl(310)) - s0: GrpcService started, listening on 39579
2022-10-27 13:06:13,558 [Time-limited test] INFO  server.GrpcService (GrpcService.java:startImpl(310)) - s0: GrpcService started, listening on 44003
2022-10-27 13:06:13,558 [Time-limited test] INFO  server.GrpcService (GrpcService.java:startImpl(310)) - s0: GrpcService started, listening on 35261
2022-10-27 13:06:13,559 [JvmPauseMonitor15] INFO  util.JvmPauseMonitor (JvmPauseMonitor.java:run(105)) - JvmPauseMonitor-s0: Started
2022-10-27 13:06:13,559 [s1-impl-thread1] INFO  server.RaftServerConfigKeys (ConfUtils.java:logGet(46)) - raft.server.storage.free-space.min = 0MB (=0) (default)
2022-10-27 13:06:13,560 [s1-impl-thread1] INFO  server.RaftServerConfigKeys (ConfUtils.java:logGet(46)) - raft.server.log.corruption.policy = EXCEPTION (default)
2022-10-27 13:06:13,560 [s1-impl-thread1] INFO  server.RaftServerConfigKeys (ConfUtils.java:logGet(46)) - raft.server.storage.dir = [/home/runner/work/ratis/ratis/ratis-test/target/test/data/f7b8bb5b/MiniRaftClusterWithGrpc3eba7f86/s1] (custom)
2022-10-27 13:06:13,560 [s1-impl-thread1] INFO  storage.RaftStorageDirectory (RaftStorageDirectoryImpl.java:analyzeStorage(138)) - The storage directory /home/runner/work/ratis/ratis/ratis-test/target/test/data/f7b8bb5b/MiniRaftClusterWithGrpc3eba7f86/s1/e20b8bc5-cd18-4644-9068-f05f6f172674 does not exist. Creating ...
2022-10-27 13:06:13,560 [s1-impl-thread1] TRACE util.FileUtils (LogUtils.java:runAndLog(49)) - Successfully ran Files.createDirectories /home/runner/work/ratis/ratis/ratis-test/target/test/data/f7b8bb5b/MiniRaftClusterWithGrpc3eba7f86/s1/e20b8bc5-cd18-4644-9068-f05f6f172674
2022-10-27 13:06:13,562 [s1-impl-thread1] INFO  storage.RaftStorageDirectory (RaftStorageDirectoryImpl.java:tryLock(232)) - Lock on /home/runner/work/ratis/ratis/ratis-test/target/test/data/f7b8bb5b/MiniRaftClusterWithGrpc3eba7f86/s1/e20b8bc5-cd18-4644-9068-f05f6f172674/in_use.lock acquired by nodename 16058@fv-az421-522
2022-10-27 13:06:13,562 [s1-impl-thread1] TRACE util.FileUtils (LogUtils.java:runAndLog(49)) - Successfully ran Files.createDirectories /home/runner/work/ratis/ratis/ratis-test/target/test/data/f7b8bb5b/MiniRaftClusterWithGrpc3eba7f86/s1/e20b8bc5-cd18-4644-9068-f05f6f172674/current
2022-10-27 13:06:13,562 [s1-impl-thread1] TRACE util.FileUtils (LogUtils.java:runAndLog(49)) - Successfully ran Files.createDirectories /home/runner/work/ratis/ratis/ratis-test/target/test/data/f7b8bb5b/MiniRaftClusterWithGrpc3eba7f86/s1/e20b8bc5-cd18-4644-9068-f05f6f172674/sm
2022-10-27 13:06:13,564 [s1-impl-thread1] INFO  storage.RaftStorage (RaftStorageImpl.java:format(96)) - Storage directory /home/runner/work/ratis/ratis/ratis-test/target/test/data/f7b8bb5b/MiniRaftClusterWithGrpc3eba7f86/s1/e20b8bc5-cd18-4644-9068-f05f6f172674 has been successfully formatted.
2022-10-27 13:06:13,564 [s1-impl-thread1] INFO  server.RaftServerConfigKeys (ConfUtils.java:logGet(46)) - raft.server.log.use.memory = false (default)
2022-10-27 13:06:13,564 [s1-impl-thread1] INFO  server.RaftServerConfigKeys (ConfUtils.java:logGet(46)) - raft.server.log.purge.gap = 1024 (default)
2022-10-27 13:06:13,564 [s1-impl-thread1] INFO  server.RaftServerConfigKeys (ConfUtils.java:logGet(46)) - raft.server.log.appender.buffer.byte-limit = 4MB (=4194304) (default)
2022-10-27 13:06:13,564 [s1-impl-thread1] INFO  server.RaftServerConfigKeys (ConfUtils.java:logGet(46)) - raft.server.log.statemachine.data.read.timeout = 1000ms (default)
2022-10-27 13:06:13,564 [s1-impl-thread1] INFO  server.RaftServerConfigKeys (ConfUtils.java:logGet(46)) - raft.server.log.purge.preservation.log.num = 0 (default)
2022-10-27 13:06:13,565 [s1-impl-thread1] INFO  server.RaftServerConfigKeys (ConfUtils.java:logGet(46)) - raft.server.log.segment.size.max = 8MB (=8388608) (default)
2022-10-27 13:06:13,565 [s1-impl-thread1] INFO  server.RaftServerConfigKeys (ConfUtils.java:logGet(46)) - raft.server.log.segment.cache.num.max = 6 (default)
2022-10-27 13:06:13,565 [s1-impl-thread1] INFO  server.RaftServerConfigKeys (ConfUtils.java:logGet(46)) - raft.server.log.segment.cache.size.max = 200MB (=209715200) (default)
2022-10-27 13:06:13,565 [s1-impl-thread1] INFO  segmented.SegmentedRaftLogWorker (SegmentedRaftLogWorker.java:<init>(184)) - new s1@group-F05F6F172674-SegmentedRaftLogWorker for RaftStorageImpl:Storage Directory /home/runner/work/ratis/ratis/ratis-test/target/test/data/f7b8bb5b/MiniRaftClusterWithGrpc3eba7f86/s1/e20b8bc5-cd18-4644-9068-f05f6f172674
2022-10-27 13:06:13,565 [s1-impl-thread1] INFO  server.RaftServerConfigKeys (ConfUtils.java:logGet(46)) - raft.server.log.queue.byte-limit = 64MB (=67108864) (default)
2022-10-27 13:06:13,565 [s1-impl-thread1] INFO  server.RaftServerConfigKeys (ConfUtils.java:logGet(46)) - raft.server.log.queue.element-limit = 4096 (default)
2022-10-27 13:06:13,565 [s1-impl-thread1] INFO  server.RaftServerConfigKeys (ConfUtils.java:logGet(46)) - raft.server.log.segment.size.max = 8MB (=8388608) (default)
2022-10-27 13:06:13,565 [s1-impl-thread1] INFO  server.RaftServerConfigKeys (ConfUtils.java:logGet(46)) - raft.server.log.preallocated.size = 4MB (=4194304) (default)
2022-10-27 13:06:13,565 [s1-impl-thread1] INFO  server.RaftServerConfigKeys (ConfUtils.java:logGet(46)) - raft.server.log.force.sync.num = 128 (default)
2022-10-27 13:06:13,565 [s1-impl-thread1] INFO  server.RaftServerConfigKeys (ConfUtils.java:logGet(46)) - raft.server.log.statemachine.data.sync = true (default)
2022-10-27 13:06:13,565 [s1-impl-thread1] INFO  server.RaftServerConfigKeys (ConfUtils.java:logGet(46)) - raft.server.log.statemachine.data.sync.timeout = 10s (default)
2022-10-27 13:06:13,565 [s1-impl-thread1] INFO  server.RaftServerConfigKeys (ConfUtils.java:logGet(46)) - raft.server.log.statemachine.data.sync.timeout.retry = -1 (default)
2022-10-27 13:06:13,565 [s1-impl-thread1] INFO  server.RaftServerConfigKeys (ConfUtils.java:logGet(46)) - raft.server.log.write.buffer.size = 64KB (=65536) (default)
2022-10-27 13:06:13,566 [s1-impl-thread1] INFO  server.RaftServerConfigKeys (ConfUtils.java:logGet(46)) - raft.server.log.appender.buffer.byte-limit = 4MB (=4194304) (default)
2022-10-27 13:06:13,566 [s1-impl-thread1] INFO  server.RaftServerConfigKeys (ConfUtils.java:logGet(46)) - raft.server.log.unsafe-flush.enabled = false (default)
2022-10-27 13:06:13,566 [s1-impl-thread1] INFO  server.RaftServerConfigKeys (ConfUtils.java:logGet(46)) - raft.server.log.async-flush.enabled = false (default)
2022-10-27 13:06:13,566 [s1-impl-thread1] INFO  server.RaftServerConfigKeys (ConfUtils.java:logGet(46)) - raft.server.log.statemachine.data.caching.enabled = false (default)
2022-10-27 13:06:13,566 [s1-impl-thread1] INFO  segmented.SegmentedRaftLogWorker (SegmentedRaftLogWorker.java:lambda$new$0(134)) - s1@group-F05F6F172674-SegmentedRaftLogWorker: flushIndex: setUnconditionally 0 -> -1
2022-10-27 13:06:13,566 [s1-impl-thread1] INFO  segmented.SegmentedRaftLogWorker (SegmentedRaftLogWorker.java:lambda$new$0(134)) - s1@group-F05F6F172674-SegmentedRaftLogWorker: safeCacheEvictIndex: setUnconditionally 0 -> -1
2022-10-27 13:06:13,567 [s1-impl-thread1] INFO  server.RaftServer$Division (RaftServerImpl.java:start(338)) - s1@group-F05F6F172674: start as a follower, conf=-1: peers:[s0|rpc:localhost:44003|admin:localhost:35261|client:localhost:39579|dataStream:localhost:46615|priority:0|startupRole:FOLLOWER, s1|rpc:localhost:42689|admin:localhost:45893|client:localhost:35295|dataStream:localhost:33543|priority:0|startupRole:FOLLOWER, s2|rpc:localhost:41311|admin:localhost:32839|client:localhost:34057|dataStream:localhost:45081|priority:0|startupRole:FOLLOWER]|listeners:[], old=null
2022-10-27 13:06:13,567 [s1-impl-thread1] INFO  server.RaftServer$Division (RaftServerImpl.java:setRole(325)) - s1@group-F05F6F172674: changes role from      null to FOLLOWER at term 0 for startAsFollower
2022-10-27 13:06:13,567 [s1-impl-thread1] INFO  impl.RoleInfo (RoleInfo.java:updateAndGet(139)) - s1: start s1@group-F05F6F172674-FollowerState
2022-10-27 13:06:13,575 [s1@group-F05F6F172674-FollowerState] INFO  server.RaftServerConfigKeys (ConfUtils.java:logFallback(53)) - raft.server.rpc.first-election.timeout.min = 150ms (fallback to raft.server.rpc.timeout.min)
2022-10-27 13:06:13,575 [s1-impl-thread1] INFO  util.JmxRegister (JmxRegister.java:tryRegister(44)) - Successfully registered JMX Bean with object name Ratis:service=RaftServer,group=group-F05F6F172674,id=s1
2022-10-27 13:06:13,576 [s1-impl-thread1] INFO  server.RaftServerConfigKeys (ConfUtils.java:logGet(46)) - raft.server.snapshot.auto.trigger.enabled = false (default)
2022-10-27 13:06:13,576 [s1-impl-thread1] INFO  server.RaftServerConfigKeys (ConfUtils.java:logGet(46)) - raft.server.snapshot.retention.file.num = -1 (default)
2022-10-27 13:06:13,576 [s1-impl-thread1] INFO  server.RaftServerConfigKeys (ConfUtils.java:logGet(46)) - raft.server.log.purge.upto.snapshot.index = false (default)
2022-10-27 13:06:13,576 [s1@group-F05F6F172674-FollowerState] INFO  server.RaftServerConfigKeys (ConfUtils.java:logFallback(53)) - raft.server.rpc.first-election.timeout.max = 300ms (fallback to raft.server.rpc.timeout.max)
2022-10-27 13:06:13,576 [Time-limited test] INFO  server.RaftServer (RaftServerProxy.java:startImpl(396)) - s1: start RPC server
2022-10-27 13:06:13,577 [Time-limited test] INFO  server.GrpcService (GrpcService.java:startImpl(310)) - s1: GrpcService started, listening on 35295
2022-10-27 13:06:13,577 [Time-limited test] INFO  server.GrpcService (GrpcService.java:startImpl(310)) - s1: GrpcService started, listening on 42689
2022-10-27 13:06:13,577 [Time-limited test] INFO  server.GrpcService (GrpcService.java:startImpl(310)) - s1: GrpcService started, listening on 45893
2022-10-27 13:06:13,587 [JvmPauseMonitor16] INFO  util.JvmPauseMonitor (JvmPauseMonitor.java:run(105)) - JvmPauseMonitor-s1: Started
2022-10-27 13:06:13,587 [s2-impl-thread1] INFO  server.RaftServerConfigKeys (ConfUtils.java:logGet(46)) - raft.server.storage.free-space.min = 0MB (=0) (default)
2022-10-27 13:06:13,588 [s2-impl-thread1] INFO  server.RaftServerConfigKeys (ConfUtils.java:logGet(46)) - raft.server.log.corruption.policy = EXCEPTION (default)
2022-10-27 13:06:13,588 [s2-impl-thread1] INFO  server.RaftServerConfigKeys (ConfUtils.java:logGet(46)) - raft.server.storage.dir = [/home/runner/work/ratis/ratis/ratis-test/target/test/data/f7b8bb5b/MiniRaftClusterWithGrpc3eba7f86/s2] (custom)
2022-10-27 13:06:13,588 [s2-impl-thread1] INFO  storage.RaftStorageDirectory (RaftStorageDirectoryImpl.java:analyzeStorage(138)) - The storage directory /home/runner/work/ratis/ratis/ratis-test/target/test/data/f7b8bb5b/MiniRaftClusterWithGrpc3eba7f86/s2/e20b8bc5-cd18-4644-9068-f05f6f172674 does not exist. Creating ...
2022-10-27 13:06:13,588 [s2-impl-thread1] TRACE util.FileUtils (LogUtils.java:runAndLog(49)) - Successfully ran Files.createDirectories /home/runner/work/ratis/ratis/ratis-test/target/test/data/f7b8bb5b/MiniRaftClusterWithGrpc3eba7f86/s2/e20b8bc5-cd18-4644-9068-f05f6f172674
2022-10-27 13:06:13,589 [s2-impl-thread1] INFO  storage.RaftStorageDirectory (RaftStorageDirectoryImpl.java:tryLock(232)) - Lock on /home/runner/work/ratis/ratis/ratis-test/target/test/data/f7b8bb5b/MiniRaftClusterWithGrpc3eba7f86/s2/e20b8bc5-cd18-4644-9068-f05f6f172674/in_use.lock acquired by nodename 16058@fv-az421-522
2022-10-27 13:06:13,590 [s2-impl-thread1] TRACE util.FileUtils (LogUtils.java:runAndLog(49)) - Successfully ran Files.createDirectories /home/runner/work/ratis/ratis/ratis-test/target/test/data/f7b8bb5b/MiniRaftClusterWithGrpc3eba7f86/s2/e20b8bc5-cd18-4644-9068-f05f6f172674/current
2022-10-27 13:06:13,590 [s2-impl-thread1] TRACE util.FileUtils (LogUtils.java:runAndLog(49)) - Successfully ran Files.createDirectories /home/runner/work/ratis/ratis/ratis-test/target/test/data/f7b8bb5b/MiniRaftClusterWithGrpc3eba7f86/s2/e20b8bc5-cd18-4644-9068-f05f6f172674/sm
2022-10-27 13:06:13,592 [s2-impl-thread1] INFO  storage.RaftStorage (RaftStorageImpl.java:format(96)) - Storage directory /home/runner/work/ratis/ratis/ratis-test/target/test/data/f7b8bb5b/MiniRaftClusterWithGrpc3eba7f86/s2/e20b8bc5-cd18-4644-9068-f05f6f172674 has been successfully formatted.
2022-10-27 13:06:13,592 [s2-impl-thread1] INFO  server.RaftServerConfigKeys (ConfUtils.java:logGet(46)) - raft.server.log.use.memory = false (default)
2022-10-27 13:06:13,592 [s2-impl-thread1] INFO  server.RaftServerConfigKeys (ConfUtils.java:logGet(46)) - raft.server.log.purge.gap = 1024 (default)
2022-10-27 13:06:13,593 [s2-impl-thread1] INFO  server.RaftServerConfigKeys (ConfUtils.java:logGet(46)) - raft.server.log.appender.buffer.byte-limit = 4MB (=4194304) (default)
2022-10-27 13:06:13,593 [s2-impl-thread1] INFO  server.RaftServerConfigKeys (ConfUtils.java:logGet(46)) - raft.server.log.statemachine.data.read.timeout = 1000ms (default)
2022-10-27 13:06:13,593 [s2-impl-thread1] INFO  server.RaftServerConfigKeys (ConfUtils.java:logGet(46)) - raft.server.log.purge.preservation.log.num = 0 (default)
2022-10-27 13:06:13,593 [s2-impl-thread1] INFO  server.RaftServerConfigKeys (ConfUtils.java:logGet(46)) - raft.server.log.segment.size.max = 8MB (=8388608) (default)
2022-10-27 13:06:13,593 [s2-impl-thread1] INFO  server.RaftServerConfigKeys (ConfUtils.java:logGet(46)) - raft.server.log.segment.cache.num.max = 6 (default)
2022-10-27 13:06:13,593 [s2-impl-thread1] INFO  server.RaftServerConfigKeys (ConfUtils.java:logGet(46)) - raft.server.log.segment.cache.size.max = 200MB (=209715200) (default)
2022-10-27 13:06:13,593 [s2-impl-thread1] INFO  segmented.SegmentedRaftLogWorker (SegmentedRaftLogWorker.java:<init>(184)) - new s2@group-F05F6F172674-SegmentedRaftLogWorker for RaftStorageImpl:Storage Directory /home/runner/work/ratis/ratis/ratis-test/target/test/data/f7b8bb5b/MiniRaftClusterWithGrpc3eba7f86/s2/e20b8bc5-cd18-4644-9068-f05f6f172674
2022-10-27 13:06:13,593 [s2-impl-thread1] INFO  server.RaftServerConfigKeys (ConfUtils.java:logGet(46)) - raft.server.log.queue.byte-limit = 64MB (=67108864) (default)
2022-10-27 13:06:13,593 [s2-impl-thread1] INFO  server.RaftServerConfigKeys (ConfUtils.java:logGet(46)) - raft.server.log.queue.element-limit = 4096 (default)
2022-10-27 13:06:13,593 [s2-impl-thread1] INFO  server.RaftServerConfigKeys (ConfUtils.java:logGet(46)) - raft.server.log.segment.size.max = 8MB (=8388608) (default)
2022-10-27 13:06:13,593 [s2-impl-thread1] INFO  server.RaftServerConfigKeys (ConfUtils.java:logGet(46)) - raft.server.log.preallocated.size = 4MB (=4194304) (default)
2022-10-27 13:06:13,594 [s2-impl-thread1] INFO  server.RaftServerConfigKeys (ConfUtils.java:logGet(46)) - raft.server.log.force.sync.num = 128 (default)
2022-10-27 13:06:13,594 [s2-impl-thread1] INFO  server.RaftServerConfigKeys (ConfUtils.java:logGet(46)) - raft.server.log.statemachine.data.sync = true (default)
2022-10-27 13:06:13,594 [s2-impl-thread1] INFO  server.RaftServerConfigKeys (ConfUtils.java:logGet(46)) - raft.server.log.statemachine.data.sync.timeout = 10s (default)
2022-10-27 13:06:13,594 [s2-impl-thread1] INFO  server.RaftServerConfigKeys (ConfUtils.java:logGet(46)) - raft.server.log.statemachine.data.sync.timeout.retry = -1 (default)
2022-10-27 13:06:13,594 [s2-impl-thread1] INFO  server.RaftServerConfigKeys (ConfUtils.java:logGet(46)) - raft.server.log.write.buffer.size = 64KB (=65536) (default)
2022-10-27 13:06:13,594 [s2-impl-thread1] INFO  server.RaftServerConfigKeys (ConfUtils.java:logGet(46)) - raft.server.log.appender.buffer.byte-limit = 4MB (=4194304) (default)
2022-10-27 13:06:13,594 [s2-impl-thread1] INFO  server.RaftServerConfigKeys (ConfUtils.java:logGet(46)) - raft.server.log.unsafe-flush.enabled = false (default)
2022-10-27 13:06:13,594 [s2-impl-thread1] INFO  server.RaftServerConfigKeys (ConfUtils.java:logGet(46)) - raft.server.log.async-flush.enabled = false (default)
2022-10-27 13:06:13,594 [s2-impl-thread1] INFO  server.RaftServerConfigKeys (ConfUtils.java:logGet(46)) - raft.server.log.statemachine.data.caching.enabled = false (default)
2022-10-27 13:06:13,594 [s2-impl-thread1] INFO  segmented.SegmentedRaftLogWorker (SegmentedRaftLogWorker.java:lambda$new$0(134)) - s2@group-F05F6F172674-SegmentedRaftLogWorker: flushIndex: setUnconditionally 0 -> -1
2022-10-27 13:06:13,594 [s2-impl-thread1] INFO  segmented.SegmentedRaftLogWorker (SegmentedRaftLogWorker.java:lambda$new$0(134)) - s2@group-F05F6F172674-SegmentedRaftLogWorker: safeCacheEvictIndex: setUnconditionally 0 -> -1
2022-10-27 13:06:13,594 [s2-impl-thread1] INFO  server.RaftServer$Division (RaftServerImpl.java:start(338)) - s2@group-F05F6F172674: start as a follower, conf=-1: peers:[s0|rpc:localhost:44003|admin:localhost:35261|client:localhost:39579|dataStream:localhost:46615|priority:0|startupRole:FOLLOWER, s1|rpc:localhost:42689|admin:localhost:45893|client:localhost:35295|dataStream:localhost:33543|priority:0|startupRole:FOLLOWER, s2|rpc:localhost:41311|admin:localhost:32839|client:localhost:34057|dataStream:localhost:45081|priority:0|startupRole:FOLLOWER]|listeners:[], old=null
2022-10-27 13:06:13,594 [s2-impl-thread1] INFO  server.RaftServer$Division (RaftServerImpl.java:setRole(325)) - s2@group-F05F6F172674: changes role from      null to FOLLOWER at term 0 for startAsFollower
2022-10-27 13:06:13,594 [s2-impl-thread1] INFO  impl.RoleInfo (RoleInfo.java:updateAndGet(139)) - s2: start s2@group-F05F6F172674-FollowerState
2022-10-27 13:06:13,595 [s2@group-F05F6F172674-FollowerState] INFO  server.RaftServerConfigKeys (ConfUtils.java:logFallback(53)) - raft.server.rpc.first-election.timeout.min = 150ms (fallback to raft.server.rpc.timeout.min)
2022-10-27 13:06:13,595 [s2@group-F05F6F172674-FollowerState] INFO  server.RaftServerConfigKeys (ConfUtils.java:logFallback(53)) - raft.server.rpc.first-election.timeout.max = 300ms (fallback to raft.server.rpc.timeout.max)
2022-10-27 13:06:13,595 [s2-impl-thread1] INFO  util.JmxRegister (JmxRegister.java:tryRegister(44)) - Successfully registered JMX Bean with object name Ratis:service=RaftServer,group=group-F05F6F172674,id=s2
2022-10-27 13:06:13,595 [s2-impl-thread1] INFO  server.RaftServerConfigKeys (ConfUtils.java:logGet(46)) - raft.server.snapshot.auto.trigger.enabled = false (default)
2022-10-27 13:06:13,595 [s2-impl-thread1] INFO  server.RaftServerConfigKeys (ConfUtils.java:logGet(46)) - raft.server.snapshot.retention.file.num = -1 (default)
2022-10-27 13:06:13,595 [s2-impl-thread1] INFO  server.RaftServerConfigKeys (ConfUtils.java:logGet(46)) - raft.server.log.purge.upto.snapshot.index = false (default)
2022-10-27 13:06:13,599 [Time-limited test] INFO  server.RaftServer (RaftServerProxy.java:startImpl(396)) - s2: start RPC server
2022-10-27 13:06:13,600 [Time-limited test] INFO  server.GrpcService (GrpcService.java:startImpl(310)) - s2: GrpcService started, listening on 34057
2022-10-27 13:06:13,600 [Time-limited test] INFO  server.GrpcService (GrpcService.java:startImpl(310)) - s2: GrpcService started, listening on 41311
2022-10-27 13:06:13,600 [Time-limited test] INFO  server.GrpcService (GrpcService.java:startImpl(310)) - s2: GrpcService started, listening on 32839
2022-10-27 13:06:13,603 [JvmPauseMonitor17] INFO  util.JvmPauseMonitor (JvmPauseMonitor.java:run(105)) - JvmPauseMonitor-s2: Started
2022-10-27 13:06:13,609 [Time-limited test] INFO  server.RaftServerConfigKeys (ConfUtils.java:logGet(46)) - raft.server.rpc.timeout.max = 300ms (default)
2022-10-27 13:06:13,609 [Time-limited test] INFO  ratis.RaftTestUtil (RaftTestUtil.java:waitForLeader(100)) - printing ALL groups
  s0:  RUNNING  FOLLOWER s0@group-F05F6F172674:t0, leader=null, voted=, raftlog=Memoized:s0@group-F05F6F172674-SegmentedRaftLog:OPENED:c-1, conf=-1: peers:[s0|rpc:localhost:44003|admin:localhost:35261|client:localhost:39579|dataStream:localhost:46615|priority:0|startupRole:FOLLOWER, s1|rpc:localhost:42689|admin:localhost:45893|client:localhost:35295|dataStream:localhost:33543|priority:0|startupRole:FOLLOWER, s2|rpc:localhost:41311|admin:localhost:32839|client:localhost:34057|dataStream:localhost:45081|priority:0|startupRole:FOLLOWER]|listeners:[], old=null RUNNING
  s1:  RUNNING  FOLLOWER s1@group-F05F6F172674:t0, leader=null, voted=, raftlog=Memoized:s1@group-F05F6F172674-SegmentedRaftLog:OPENED:c-1, conf=-1: peers:[s0|rpc:localhost:44003|admin:localhost:35261|client:localhost:39579|dataStream:localhost:46615|priority:0|startupRole:FOLLOWER, s1|rpc:localhost:42689|admin:localhost:45893|client:localhost:35295|dataStream:localhost:33543|priority:0|startupRole:FOLLOWER, s2|rpc:localhost:41311|admin:localhost:32839|client:localhost:34057|dataStream:localhost:45081|priority:0|startupRole:FOLLOWER]|listeners:[], old=null RUNNING
  s2:  RUNNING  FOLLOWER s2@group-F05F6F172674:t0, leader=null, voted=, raftlog=Memoized:s2@group-F05F6F172674-SegmentedRaftLog:OPENED:c-1, conf=-1: peers:[s0|rpc:localhost:44003|admin:localhost:35261|client:localhost:39579|dataStream:localhost:46615|priority:0|startupRole:FOLLOWER, s1|rpc:localhost:42689|admin:localhost:45893|client:localhost:35295|dataStream:localhost:33543|priority:0|startupRole:FOLLOWER, s2|rpc:localhost:41311|admin:localhost:32839|client:localhost:34057|dataStream:localhost:45081|priority:0|startupRole:FOLLOWER]|listeners:[], old=null RUNNING
2022-10-27 13:06:13,610 [Time-limited test] WARN  ratis.RaftTestUtil (JavaUtils.java:attempt(217)) - FAILED "waitForLeader-null-(expectLeader? true)", attempt #1/100: java.lang.IllegalStateException: No leader yet : printing ALL groups
  s0:  RUNNING  FOLLOWER s0@group-F05F6F172674:t0, leader=null, voted=, raftlog=Memoized:s0@group-F05F6F172674-SegmentedRaftLog:OPENED:c-1, conf=-1: peers:[s0|rpc:localhost:44003|admin:localhost:35261|client:localhost:39579|dataStream:localhost:46615|priority:0|startupRole:FOLLOWER, s1|rpc:localhost:42689|admin:localhost:45893|client:localhost:35295|dataStream:localhost:33543|priority:0|startupRole:FOLLOWER, s2|rpc:localhost:41311|admin:localhost:32839|client:localhost:34057|dataStream:localhost:45081|priority:0|startupRole:FOLLOWER]|listeners:[], old=null RUNNING
  s1:  RUNNING  FOLLOWER s1@group-F05F6F172674:t0, leader=null, voted=, raftlog=Memoized:s1@group-F05F6F172674-SegmentedRaftLog:OPENED:c-1, conf=-1: peers:[s0|rpc:localhost:44003|admin:localhost:35261|client:localhost:39579|dataStream:localhost:46615|priority:0|startupRole:FOLLOWER, s1|rpc:localhost:42689|admin:localhost:45893|client:localhost:35295|dataStream:localhost:33543|priority:0|startupRole:FOLLOWER, s2|rpc:localhost:41311|admin:localhost:32839|client:localhost:34057|dataStream:localhost:45081|priority:0|startupRole:FOLLOWER]|listeners:[], old=null RUNNING
  s2:  RUNNING  FOLLOWER s2@group-F05F6F172674:t0, leader=null, voted=, raftlog=Memoized:s2@group-F05F6F172674-SegmentedRaftLog:OPENED:c-1, conf=-1: peers:[s0|rpc:localhost:44003|admin:localhost:35261|client:localhost:39579|dataStream:localhost:46615|priority:0|startupRole:FOLLOWER, s1|rpc:localhost:42689|admin:localhost:45893|client:localhost:35295|dataStream:localhost:33543|priority:0|startupRole:FOLLOWER, s2|rpc:localhost:41311|admin:localhost:32839|client:localhost:34057|dataStream:localhost:45081|priority:0|startupRole:FOLLOWER]|listeners:[], old=null RUNNING, sleep 450ms and then retry.
java.lang.IllegalStateException: No leader yet : printing ALL groups
  s0:  RUNNING  FOLLOWER s0@group-F05F6F172674:t0, leader=null, voted=, raftlog=Memoized:s0@group-F05F6F172674-SegmentedRaftLog:OPENED:c-1, conf=-1: peers:[s0|rpc:localhost:44003|admin:localhost:35261|client:localhost:39579|dataStream:localhost:46615|priority:0|startupRole:FOLLOWER, s1|rpc:localhost:42689|admin:localhost:45893|client:localhost:35295|dataStream:localhost:33543|priority:0|startupRole:FOLLOWER, s2|rpc:localhost:41311|admin:localhost:32839|client:localhost:34057|dataStream:localhost:45081|priority:0|startupRole:FOLLOWER]|listeners:[], old=null RUNNING
  s1:  RUNNING  FOLLOWER s1@group-F05F6F172674:t0, leader=null, voted=, raftlog=Memoized:s1@group-F05F6F172674-SegmentedRaftLog:OPENED:c-1, conf=-1: peers:[s0|rpc:localhost:44003|admin:localhost:35261|client:localhost:39579|dataStream:localhost:46615|priority:0|startupRole:FOLLOWER, s1|rpc:localhost:42689|admin:localhost:45893|client:localhost:35295|dataStream:localhost:33543|priority:0|startupRole:FOLLOWER, s2|rpc:localhost:41311|admin:localhost:32839|client:localhost:34057|dataStream:localhost:45081|priority:0|startupRole:FOLLOWER]|listeners:[], old=null RUNNING
  s2:  RUNNING  FOLLOWER s2@group-F05F6F172674:t0, leader=null, voted=, raftlog=Memoized:s2@group-F05F6F172674-SegmentedRaftLog:OPENED:c-1, conf=-1: peers:[s0|rpc:localhost:44003|admin:localhost:35261|client:localhost:39579|dataStream:localhost:46615|priority:0|startupRole:FOLLOWER, s1|rpc:localhost:42689|admin:localhost:45893|client:localhost:35295|dataStream:localhost:33543|priority:0|startupRole:FOLLOWER, s2|rpc:localhost:41311|admin:localhost:32839|client:localhost:34057|dataStream:localhost:45081|priority:0|startupRole:FOLLOWER]|listeners:[], old=null RUNNING
	at org.apache.ratis.server.impl.MiniRaftCluster.newIllegalStateExceptionForNoLeaders(MiniRaftCluster.java:581)
	at org.apache.ratis.RaftTestUtil.lambda$waitForLeader$1(RaftTestUtil.java:104)
	at org.apache.ratis.server.impl.MiniRaftCluster.getLeader(MiniRaftCluster.java:615)
	at org.apache.ratis.server.impl.MiniRaftCluster.getLeader(MiniRaftCluster.java:608)
	at org.apache.ratis.RaftTestUtil.lambda$waitForLeader$3(RaftTestUtil.java:112)
	at org.apache.ratis.util.JavaUtils.attempt(JavaUtils.java:211)
	at org.apache.ratis.util.JavaUtils.attemptRepeatedly(JavaUtils.java:197)
	at org.apache.ratis.RaftTestUtil.waitForLeader(RaftTestUtil.java:111)
	at org.apache.ratis.RaftTestUtil.waitForLeader(RaftTestUtil.java:92)
	at org.apache.ratis.RaftTestUtil.waitForLeader(RaftTestUtil.java:87)
	at org.apache.ratis.ReadOnlyRequestTests.testFollowerLinearizableReadRetryWhenLeaderDown(ReadOnlyRequestTests.java:230)
	at org.apache.ratis.server.impl.MiniRaftCluster$Factory$Get.runWithNewCluster(MiniRaftCluster.java:141)
	at org.apache.ratis.server.impl.MiniRaftCluster$Factory$Get.runWithNewCluster(MiniRaftCluster.java:121)
	at org.apache.ratis.ReadOnlyRequestTests.testFollowerLinearizableReadRetryWhenLeaderDown(ReadOnlyRequestTests.java:218)
	at java.base/jdk.internal.reflect.NativeMethodAccessorImpl.invoke0(Native Method)
	at java.base/jdk.internal.reflect.NativeMethodAccessorImpl.invoke(NativeMethodAccessorImpl.java:62)
	at java.base/jdk.internal.reflect.DelegatingMethodAccessorImpl.invoke(DelegatingMethodAccessorImpl.java:43)
	at java.base/java.lang.reflect.Method.invoke(Method.java:566)
	at org.junit.runners.model.FrameworkMethod$1.runReflectiveCall(FrameworkMethod.java:59)
	at org.junit.internal.runners.model.ReflectiveCallable.run(ReflectiveCallable.java:12)
	at org.junit.runners.model.FrameworkMethod.invokeExplosively(FrameworkMethod.java:56)
	at org.junit.internal.runners.statements.InvokeMethod.evaluate(InvokeMethod.java:17)
	at org.junit.internal.runners.statements.RunBefores.evaluate(RunBefores.java:26)
	at org.junit.internal.runners.statements.RunAfters.evaluate(RunAfters.java:27)
	at org.junit.internal.runners.statements.FailOnTimeout$CallableStatement.call(FailOnTimeout.java:299)
	at org.junit.internal.runners.statements.FailOnTimeout$CallableStatement.call(FailOnTimeout.java:293)
	at java.base/java.util.concurrent.FutureTask.run(FutureTask.java:264)
	at java.base/java.lang.Thread.run(Thread.java:829)
2022-10-27 13:06:13,748 [s1@group-F05F6F172674-FollowerState] INFO  impl.FollowerState (FollowerState.java:run(143)) - s1@group-F05F6F172674-FollowerState: change to CANDIDATE, lastRpcElapsedTime:180747848ns, electionTimeout:172ms
2022-10-27 13:06:13,748 [s1@group-F05F6F172674-FollowerState] INFO  impl.RoleInfo (RoleInfo.java:shutdownFollowerState(110)) - s1: shutdown s1@group-F05F6F172674-FollowerState
2022-10-27 13:06:13,749 [s1@group-F05F6F172674-FollowerState] INFO  server.RaftServer$Division (RaftServerImpl.java:setRole(325)) - s1@group-F05F6F172674: changes role from  FOLLOWER to CANDIDATE at term 0 for changeToCandidate
2022-10-27 13:06:13,749 [s1@group-F05F6F172674-FollowerState] INFO  server.RaftServerConfigKeys (ConfUtils.java:logGet(46)) - raft.server.leaderelection.pre-vote = true (default)
2022-10-27 13:06:13,749 [s1@group-F05F6F172674-FollowerState] INFO  impl.RoleInfo (RoleInfo.java:updateAndGet(139)) - s1: start s1@group-F05F6F172674-LeaderElection10
2022-10-27 13:06:13,752 [s1@group-F05F6F172674-LeaderElection10] INFO  impl.LeaderElection (LeaderElection.java:askForVotes(309)) - s1@group-F05F6F172674-LeaderElection10 PRE_VOTE round 0: submit vote requests at term 0 for -1: peers:[s0|rpc:localhost:44003|admin:localhost:35261|client:localhost:39579|dataStream:localhost:46615|priority:0|startupRole:FOLLOWER, s1|rpc:localhost:42689|admin:localhost:45893|client:localhost:35295|dataStream:localhost:33543|priority:0|startupRole:FOLLOWER, s2|rpc:localhost:41311|admin:localhost:32839|client:localhost:34057|dataStream:localhost:45081|priority:0|startupRole:FOLLOWER]|listeners:[], old=null
2022-10-27 13:06:13,753 [s1@group-F05F6F172674-LeaderElection10] INFO  server.RaftServerConfigKeys (ConfUtils.java:logFallback(53)) - raft.server.rpc.first-election.timeout.min = 150ms (fallback to raft.server.rpc.timeout.min)
2022-10-27 13:06:13,753 [s1@group-F05F6F172674-LeaderElection10] INFO  server.RaftServerConfigKeys (ConfUtils.java:logFallback(53)) - raft.server.rpc.first-election.timeout.max = 300ms (fallback to raft.server.rpc.timeout.max)
2022-10-27 13:06:13,753 [s1@group-F05F6F172674-LeaderElection10-1] INFO  server.GrpcServerProtocolClient (GrpcServerProtocolClient.java:<init>(63)) - Build channel for s0
2022-10-27 13:06:13,753 [s1@group-F05F6F172674-LeaderElection10-2] INFO  server.GrpcServerProtocolClient (GrpcServerProtocolClient.java:<init>(63)) - Build channel for s2
2022-10-27 13:06:13,761 [grpc-default-executor-9] INFO  server.RaftServer$Division (RaftServerImpl.java:requestVote(1291)) - s0@group-F05F6F172674: receive requestVote(PRE_VOTE, s1, group-F05F6F172674, 0, (t:0, i:0))
2022-10-27 13:06:13,761 [grpc-default-executor-9] INFO  impl.VoteContext (VoteContext.java:log(49)) - s0@group-F05F6F172674-FOLLOWER: accept PRE_VOTE from s1: our priority 0 <= candidate's priority 0
2022-10-27 13:06:13,761 [grpc-default-executor-9] INFO  server.RaftServer$Division (RaftServerImpl.java:requestVote(1324)) - s0@group-F05F6F172674 replies to PRE_VOTE vote request: s1<-s0#0:OK-t0. Peer's state: s0@group-F05F6F172674:t0, leader=null, voted=, raftlog=Memoized:s0@group-F05F6F172674-SegmentedRaftLog:OPENED:c-1, conf=-1: peers:[s0|rpc:localhost:44003|admin:localhost:35261|client:localhost:39579|dataStream:localhost:46615|priority:0|startupRole:FOLLOWER, s1|rpc:localhost:42689|admin:localhost:45893|client:localhost:35295|dataStream:localhost:33543|priority:0|startupRole:FOLLOWER, s2|rpc:localhost:41311|admin:localhost:32839|client:localhost:34057|dataStream:localhost:45081|priority:0|startupRole:FOLLOWER]|listeners:[], old=null
2022-10-27 13:06:13,764 [s1@group-F05F6F172674-LeaderElection10] INFO  impl.LeaderElection (LeaderElection.java:logAndReturn(89)) - s1@group-F05F6F172674-LeaderElection10: PRE_VOTE PASSED received 1 response(s) and 0 exception(s):
2022-10-27 13:06:13,764 [s1@group-F05F6F172674-LeaderElection10] INFO  impl.LeaderElection (LeaderElection.java:logAndReturn(93)) -   Response 0: s1<-s0#0:OK-t0
2022-10-27 13:06:13,764 [s1@group-F05F6F172674-LeaderElection10] INFO  impl.LeaderElection (LeaderElection.java:askForVotes(311)) - s1@group-F05F6F172674-LeaderElection10 PRE_VOTE round 0: result PASSED
2022-10-27 13:06:13,765 [s1@group-F05F6F172674-LeaderElection10] INFO  impl.LeaderElection (LeaderElection.java:askForVotes(309)) - s1@group-F05F6F172674-LeaderElection10 ELECTION round 0: submit vote requests at term 1 for -1: peers:[s0|rpc:localhost:44003|admin:localhost:35261|client:localhost:39579|dataStream:localhost:46615|priority:0|startupRole:FOLLOWER, s1|rpc:localhost:42689|admin:localhost:45893|client:localhost:35295|dataStream:localhost:33543|priority:0|startupRole:FOLLOWER, s2|rpc:localhost:41311|admin:localhost:32839|client:localhost:34057|dataStream:localhost:45081|priority:0|startupRole:FOLLOWER]|listeners:[], old=null
2022-10-27 13:06:13,765 [grpc-default-executor-9] INFO  server.RaftServer$Division (RaftServerImpl.java:requestVote(1291)) - s2@group-F05F6F172674: receive requestVote(PRE_VOTE, s1, group-F05F6F172674, 0, (t:0, i:0))
2022-10-27 13:06:13,765 [grpc-default-executor-9] INFO  impl.VoteContext (VoteContext.java:log(49)) - s2@group-F05F6F172674-FOLLOWER: accept PRE_VOTE from s1: our priority 0 <= candidate's priority 0
2022-10-27 13:06:13,766 [grpc-default-executor-9] INFO  server.RaftServer$Division (RaftServerImpl.java:requestVote(1324)) - s2@group-F05F6F172674 replies to PRE_VOTE vote request: s1<-s2#0:OK-t0. Peer's state: s2@group-F05F6F172674:t0, leader=null, voted=, raftlog=Memoized:s2@group-F05F6F172674-SegmentedRaftLog:OPENED:c-1, conf=-1: peers:[s0|rpc:localhost:44003|admin:localhost:35261|client:localhost:39579|dataStream:localhost:46615|priority:0|startupRole:FOLLOWER, s1|rpc:localhost:42689|admin:localhost:45893|client:localhost:35295|dataStream:localhost:33543|priority:0|startupRole:FOLLOWER, s2|rpc:localhost:41311|admin:localhost:32839|client:localhost:34057|dataStream:localhost:45081|priority:0|startupRole:FOLLOWER]|listeners:[], old=null
2022-10-27 13:06:13,766 [s1@group-F05F6F172674-LeaderElection10] INFO  server.RaftServerConfigKeys (ConfUtils.java:logFallback(53)) - raft.server.rpc.first-election.timeout.min = 150ms (fallback to raft.server.rpc.timeout.min)
2022-10-27 13:06:13,766 [s1@group-F05F6F172674-LeaderElection10] INFO  server.RaftServerConfigKeys (ConfUtils.java:logFallback(53)) - raft.server.rpc.first-election.timeout.max = 300ms (fallback to raft.server.rpc.timeout.max)
2022-10-27 13:06:13,767 [grpc-default-executor-9] INFO  server.RaftServer$Division (RaftServerImpl.java:requestVote(1291)) - s0@group-F05F6F172674: receive requestVote(ELECTION, s1, group-F05F6F172674, 1, (t:0, i:0))
2022-10-27 13:06:13,767 [grpc-default-executor-9] INFO  impl.VoteContext (VoteContext.java:log(49)) - s0@group-F05F6F172674-FOLLOWER: accept ELECTION from s1: our priority 0 <= candidate's priority 0
2022-10-27 13:06:13,767 [grpc-default-executor-9] INFO  server.RaftServer$Division (RaftServerImpl.java:setRole(325)) - s0@group-F05F6F172674: changes role from  FOLLOWER to FOLLOWER at term 1 for candidate:s1
2022-10-27 13:06:13,767 [grpc-default-executor-9] INFO  impl.RoleInfo (RoleInfo.java:shutdownFollowerState(110)) - s0: shutdown s0@group-F05F6F172674-FollowerState
2022-10-27 13:06:13,767 [s0@group-F05F6F172674-FollowerState] INFO  impl.FollowerState (FollowerState.java:run(152)) - s0@group-F05F6F172674-FollowerState was interrupted
2022-10-27 13:06:13,768 [grpc-default-executor-0] INFO  server.RaftServer$Division (RaftServerImpl.java:requestVote(1291)) - s2@group-F05F6F172674: receive requestVote(ELECTION, s1, group-F05F6F172674, 1, (t:0, i:0))
2022-10-27 13:06:13,768 [grpc-default-executor-0] INFO  impl.VoteContext (VoteContext.java:log(49)) - s2@group-F05F6F172674-FOLLOWER: accept ELECTION from s1: our priority 0 <= candidate's priority 0
2022-10-27 13:06:13,769 [grpc-default-executor-0] INFO  server.RaftServer$Division (RaftServerImpl.java:setRole(325)) - s2@group-F05F6F172674: changes role from  FOLLOWER to FOLLOWER at term 1 for candidate:s1
2022-10-27 13:06:13,769 [grpc-default-executor-0] INFO  impl.RoleInfo (RoleInfo.java:shutdownFollowerState(110)) - s2: shutdown s2@group-F05F6F172674-FollowerState
2022-10-27 13:06:13,769 [s2@group-F05F6F172674-FollowerState] INFO  impl.FollowerState (FollowerState.java:run(152)) - s2@group-F05F6F172674-FollowerState was interrupted
2022-10-27 13:06:13,769 [grpc-default-executor-0] INFO  impl.RoleInfo (RoleInfo.java:updateAndGet(139)) - s2: start s2@group-F05F6F172674-FollowerState
2022-10-27 13:06:13,769 [grpc-default-executor-9] INFO  impl.RoleInfo (RoleInfo.java:updateAndGet(139)) - s0: start s0@group-F05F6F172674-FollowerState
2022-10-27 13:06:13,770 [s2@group-F05F6F172674-FollowerState] INFO  server.RaftServerConfigKeys (ConfUtils.java:logFallback(53)) - raft.server.rpc.first-election.timeout.min = 150ms (fallback to raft.server.rpc.timeout.min)
2022-10-27 13:06:13,770 [s2@group-F05F6F172674-FollowerState] INFO  server.RaftServerConfigKeys (ConfUtils.java:logFallback(53)) - raft.server.rpc.first-election.timeout.max = 300ms (fallback to raft.server.rpc.timeout.max)
2022-10-27 13:06:13,772 [grpc-default-executor-0] INFO  server.RaftServer$Division (RaftServerImpl.java:requestVote(1324)) - s2@group-F05F6F172674 replies to ELECTION vote request: s1<-s2#0:OK-t1. Peer's state: s2@group-F05F6F172674:t1, leader=null, voted=s1, raftlog=Memoized:s2@group-F05F6F172674-SegmentedRaftLog:OPENED:c-1, conf=-1: peers:[s0|rpc:localhost:44003|admin:localhost:35261|client:localhost:39579|dataStream:localhost:46615|priority:0|startupRole:FOLLOWER, s1|rpc:localhost:42689|admin:localhost:45893|client:localhost:35295|dataStream:localhost:33543|priority:0|startupRole:FOLLOWER, s2|rpc:localhost:41311|admin:localhost:32839|client:localhost:34057|dataStream:localhost:45081|priority:0|startupRole:FOLLOWER]|listeners:[], old=null
2022-10-27 13:06:13,778 [s1@group-F05F6F172674-LeaderElection10] INFO  impl.LeaderElection (LeaderElection.java:logAndReturn(89)) - s1@group-F05F6F172674-LeaderElection10: ELECTION PASSED received 1 response(s) and 0 exception(s):
2022-10-27 13:06:13,778 [s1@group-F05F6F172674-LeaderElection10] INFO  impl.LeaderElection (LeaderElection.java:logAndReturn(93)) -   Response 0: s1<-s2#0:OK-t1
2022-10-27 13:06:13,778 [s1@group-F05F6F172674-LeaderElection10] INFO  impl.LeaderElection (LeaderElection.java:askForVotes(311)) - s1@group-F05F6F172674-LeaderElection10 ELECTION round 0: result PASSED
2022-10-27 13:06:13,778 [s1@group-F05F6F172674-LeaderElection10] INFO  impl.RoleInfo (RoleInfo.java:shutdownLeaderElection(130)) - s1: shutdown s1@group-F05F6F172674-LeaderElection10
2022-10-27 13:06:13,778 [s1@group-F05F6F172674-LeaderElection10] INFO  server.RaftServer$Division (RaftServerImpl.java:setRole(325)) - s1@group-F05F6F172674: changes role from CANDIDATE to LEADER at term 1 for changeToLeader
2022-10-27 13:06:13,778 [s1@group-F05F6F172674-LeaderElection10] INFO  server.RaftServer$Division (ServerState.java:setLeader(259)) - s1@group-F05F6F172674: change Leader from null to s1 at term 1 for becomeLeader, leader elected after 238ms
2022-10-27 13:06:13,778 [s1@group-F05F6F172674-LeaderElection10] INFO  server.RaftServerConfigKeys (ConfUtils.java:logGet(46)) - raft.server.staging.catchup.gap = 1000 (default)
2022-10-27 13:06:13,778 [s1@group-F05F6F172674-LeaderElection10] INFO  server.RaftServerConfigKeys (ConfUtils.java:logGet(46)) - raft.server.write.element-limit = 4096 (default)
2022-10-27 13:06:13,778 [s1@group-F05F6F172674-LeaderElection10] INFO  server.RaftServerConfigKeys (ConfUtils.java:logGet(46)) - raft.server.write.byte-limit = 64MB (=67108864) (default)
2022-10-27 13:06:13,778 [s1@group-F05F6F172674-LeaderElection10] INFO  server.RaftServerConfigKeys (ConfUtils.java:logGet(46)) - raft.server.watch.timeout = 10s (default)
2022-10-27 13:06:13,778 [s1@group-F05F6F172674-LeaderElection10] INFO  server.RaftServerConfigKeys (ConfUtils.java:logGet(46)) - raft.server.watch.timeout.denomination = 1s (default)
2022-10-27 13:06:13,778 [s1@group-F05F6F172674-LeaderElection10] INFO  server.RaftServerConfigKeys (ConfUtils.java:logGet(46)) - raft.server.watch.element-limit = 65536 (default)
2022-10-27 13:06:13,778 [s1@group-F05F6F172674-LeaderElection10] INFO  server.RaftServerConfigKeys (ConfUtils.java:logGet(46)) - raft.server.write.element-limit = 4096 (default)
2022-10-27 13:06:13,782 [s1@group-F05F6F172674-LeaderElection10] INFO  server.RaftServerConfigKeys (ConfUtils.java:logGet(46)) - raft.server.write.follower.gap.ratio.max = -1.0 (default)
2022-10-27 13:06:13,782 [s0@group-F05F6F172674-FollowerState] INFO  server.RaftServerConfigKeys (ConfUtils.java:logFallback(53)) - raft.server.rpc.first-election.timeout.min = 150ms (fallback to raft.server.rpc.timeout.min)
2022-10-27 13:06:13,783 [s0@group-F05F6F172674-FollowerState] INFO  server.RaftServerConfigKeys (ConfUtils.java:logFallback(53)) - raft.server.rpc.first-election.timeout.max = 300ms (fallback to raft.server.rpc.timeout.max)
2022-10-27 13:06:13,783 [grpc-default-executor-9] INFO  server.RaftServer$Division (RaftServerImpl.java:requestVote(1324)) - s0@group-F05F6F172674 replies to ELECTION vote request: s1<-s0#0:OK-t1. Peer's state: s0@group-F05F6F172674:t1, leader=null, voted=s1, raftlog=Memoized:s0@group-F05F6F172674-SegmentedRaftLog:OPENED:c-1, conf=-1: peers:[s0|rpc:localhost:44003|admin:localhost:35261|client:localhost:39579|dataStream:localhost:46615|priority:0|startupRole:FOLLOWER, s1|rpc:localhost:42689|admin:localhost:45893|client:localhost:35295|dataStream:localhost:33543|priority:0|startupRole:FOLLOWER, s2|rpc:localhost:41311|admin:localhost:32839|client:localhost:34057|dataStream:localhost:45081|priority:0|startupRole:FOLLOWER]|listeners:[], old=null
2022-10-27 13:06:13,784 [s1@group-F05F6F172674-LeaderElection10] INFO  server.RaftServerConfigKeys (ConfUtils.java:logGet(46)) - raft.server.log.appender.snapshot.chunk.size.max = 16MB (=16777216) (default)
2022-10-27 13:06:13,784 [s1@group-F05F6F172674-LeaderElection10] INFO  server.RaftServerConfigKeys (ConfUtils.java:logGet(46)) - raft.server.log.appender.buffer.byte-limit = 4MB (=4194304) (default)
2022-10-27 13:06:13,784 [s1@group-F05F6F172674-LeaderElection10] INFO  server.RaftServerConfigKeys (ConfUtils.java:logGet(46)) - raft.server.log.appender.buffer.element-limit = 0 (default)
2022-10-27 13:06:13,784 [s1@group-F05F6F172674-LeaderElection10] INFO  grpc.GrpcConfigKeys (ConfUtils.java:logGet(46)) - raft.grpc.server.leader.outstanding.appends.max = 128 (default)
2022-10-27 13:06:13,784 [s1@group-F05F6F172674-LeaderElection10] INFO  server.RaftServerConfigKeys (ConfUtils.java:logGet(46)) - raft.server.rpc.request.timeout = 3000ms (default)
2022-10-27 13:06:13,784 [s1@group-F05F6F172674-LeaderElection10] INFO  server.RaftServerConfigKeys (ConfUtils.java:logGet(46)) - raft.server.log.appender.install.snapshot.enabled = true (default)
2022-10-27 13:06:13,784 [s1@group-F05F6F172674-LeaderElection10] INFO  grpc.GrpcConfigKeys (ConfUtils.java:logGet(46)) - raft.grpc.server.heartbeat.channel = true (default)
2022-10-27 13:06:13,784 [s1@group-F05F6F172674-LeaderElection10] INFO  server.RaftServerConfigKeys (ConfUtils.java:logGet(46)) - raft.server.log.appender.wait-time.min = 10ms (default)
2022-10-27 13:06:13,784 [s1@group-F05F6F172674-LeaderElection10] INFO  server.RaftServerConfigKeys (ConfUtils.java:logGet(46)) - raft.server.log.appender.snapshot.chunk.size.max = 16MB (=16777216) (default)
2022-10-27 13:06:13,785 [s1@group-F05F6F172674-LeaderElection10] INFO  server.RaftServerConfigKeys (ConfUtils.java:logGet(46)) - raft.server.log.appender.buffer.byte-limit = 4MB (=4194304) (default)
2022-10-27 13:06:13,785 [s1@group-F05F6F172674-LeaderElection10] INFO  server.RaftServerConfigKeys (ConfUtils.java:logGet(46)) - raft.server.log.appender.buffer.element-limit = 0 (default)
2022-10-27 13:06:13,785 [s1@group-F05F6F172674-LeaderElection10] INFO  grpc.GrpcConfigKeys (ConfUtils.java:logGet(46)) - raft.grpc.server.leader.outstanding.appends.max = 128 (default)
2022-10-27 13:06:13,785 [s1@group-F05F6F172674-LeaderElection10] INFO  server.RaftServerConfigKeys (ConfUtils.java:logGet(46)) - raft.server.rpc.request.timeout = 3000ms (default)
2022-10-27 13:06:13,785 [s1@group-F05F6F172674-LeaderElection10] INFO  server.RaftServerConfigKeys (ConfUtils.java:logGet(46)) - raft.server.log.appender.install.snapshot.enabled = true (default)
2022-10-27 13:06:13,785 [s1@group-F05F6F172674-LeaderElection10] INFO  grpc.GrpcConfigKeys (ConfUtils.java:logGet(46)) - raft.grpc.server.heartbeat.channel = true (default)
2022-10-27 13:06:13,785 [s1@group-F05F6F172674-LeaderElection10] INFO  server.RaftServerConfigKeys (ConfUtils.java:logGet(46)) - raft.server.log.appender.wait-time.min = 10ms (default)
2022-10-27 13:06:13,785 [s1@group-F05F6F172674-LeaderElection10] INFO  impl.RoleInfo (RoleInfo.java:updateAndGet(139)) - s1: start s1@group-F05F6F172674-LeaderStateImpl
2022-10-27 13:06:13,785 [s1@group-F05F6F172674-LeaderElection10] INFO  segmented.SegmentedRaftLogWorker (SegmentedRaftLogWorker.java:startLogSegment(431)) - s1@group-F05F6F172674-SegmentedRaftLogWorker: Starting segment from index:0
2022-10-27 13:06:13,798 [s1@group-F05F6F172674-SegmentedRaftLogWorker] INFO  segmented.SegmentedRaftLogWorker (SegmentedRaftLogWorker.java:execute(635)) - s1@group-F05F6F172674-SegmentedRaftLogWorker: created new log segment /home/runner/work/ratis/ratis/ratis-test/target/test/data/f7b8bb5b/MiniRaftClusterWithGrpc3eba7f86/s1/e20b8bc5-cd18-4644-9068-f05f6f172674/current/log_inprogress_0
2022-10-27 13:06:13,809 [s0-server-thread1] INFO  server.RaftServer$Division (ServerState.java:setLeader(259)) - s0@group-F05F6F172674: change Leader from null to s1 at term 1 for appendEntries, leader elected after 274ms
2022-10-27 13:06:13,814 [s0-server-thread2] DEBUG server.RaftServer$Division (RaftServerImpl.java:logAppendEntries(1418)) - s0@group-F05F6F172674: receive appendEntries(s1, 1, null, -1, true, commits:[s1:c-1, s0:c-1, s2:c-1], cId:1, entries: [(t:1, i:0), CONFIGURATIONENTRY(current:id: "s0"
address: "localhost:44003"
dataStreamAddress: "localhost:46615"
clientAddress: "localhost:39579"
adminAddress: "localhost:35261"
startupRole: FOLLOWER
,id: "s1"
address: "localhost:42689"
dataStreamAddress: "localhost:33543"
clientAddress: "localhost:35295"
adminAddress: "localhost:45893"
startupRole: FOLLOWER
,id: "s2"
address: "localhost:41311"
dataStreamAddress: "localhost:45081"
clientAddress: "localhost:34057"
adminAddress: "localhost:32839"
startupRole: FOLLOWER
, old:)]
2022-10-27 13:06:13,816 [s1@group-F05F6F172674-LeaderElection10] INFO  server.RaftServer$Division (ServerState.java:setRaftConf(376)) - s1@group-F05F6F172674: set configuration 0: peers:[s0|rpc:localhost:44003|admin:localhost:35261|client:localhost:39579|dataStream:localhost:46615|priority:0|startupRole:FOLLOWER, s1|rpc:localhost:42689|admin:localhost:45893|client:localhost:35295|dataStream:localhost:33543|priority:0|startupRole:FOLLOWER, s2|rpc:localhost:41311|admin:localhost:32839|client:localhost:34057|dataStream:localhost:45081|priority:0|startupRole:FOLLOWER]|listeners:[], old=null
2022-10-27 13:06:13,816 [s0-server-thread2] INFO  server.RaftServer$Division (ServerState.java:setRaftConf(376)) - s0@group-F05F6F172674: set configuration 0: peers:[s0|rpc:localhost:44003|admin:localhost:35261|client:localhost:39579|dataStream:localhost:46615|priority:0|startupRole:FOLLOWER, s1|rpc:localhost:42689|admin:localhost:45893|client:localhost:35295|dataStream:localhost:33543|priority:0|startupRole:FOLLOWER, s2|rpc:localhost:41311|admin:localhost:32839|client:localhost:34057|dataStream:localhost:45081|priority:0|startupRole:FOLLOWER]|listeners:[], old=null
2022-10-27 13:06:13,816 [s0-server-thread2] INFO  segmented.SegmentedRaftLogWorker (SegmentedRaftLogWorker.java:startLogSegment(431)) - s0@group-F05F6F172674-SegmentedRaftLogWorker: Starting segment from index:0
2022-10-27 13:06:13,830 [s2-server-thread1] INFO  server.RaftServer$Division (ServerState.java:setLeader(259)) - s2@group-F05F6F172674: change Leader from null to s1 at term 1 for appendEntries, leader elected after 285ms
2022-10-27 13:06:13,830 [s0@group-F05F6F172674-SegmentedRaftLogWorker] INFO  segmented.SegmentedRaftLogWorker (SegmentedRaftLogWorker.java:execute(635)) - s0@group-F05F6F172674-SegmentedRaftLogWorker: created new log segment /home/runner/work/ratis/ratis/ratis-test/target/test/data/f7b8bb5b/MiniRaftClusterWithGrpc3eba7f86/s0/e20b8bc5-cd18-4644-9068-f05f6f172674/current/log_inprogress_0
2022-10-27 13:06:13,832 [s0-server-thread2] DEBUG server.RaftServer$Division (RaftServerImpl.java:logAppendEntries(1418)) - s0@group-F05F6F172674: succeeded to handle AppendEntries. Reply: s1<-s0#1:OK-t1,SUCCESS,nextIndex=1,followerCommit=-1,matchIndex=0
2022-10-27 13:06:13,834 [s2-server-thread2] DEBUG server.RaftServer$Division (RaftServerImpl.java:logAppendEntries(1418)) - s2@group-F05F6F172674: receive appendEntries(s1, 1, null, 0, true, commits:[s1:c0, s0:c-1, s2:c-1], cId:1, entries: [(t:1, i:0), CONFIGURATIONENTRY(current:id: "s0"
address: "localhost:44003"
dataStreamAddress: "localhost:46615"
clientAddress: "localhost:39579"
adminAddress: "localhost:35261"
startupRole: FOLLOWER
,id: "s1"
address: "localhost:42689"
dataStreamAddress: "localhost:33543"
clientAddress: "localhost:35295"
adminAddress: "localhost:45893"
startupRole: FOLLOWER
,id: "s2"
address: "localhost:41311"
dataStreamAddress: "localhost:45081"
clientAddress: "localhost:34057"
adminAddress: "localhost:32839"
startupRole: FOLLOWER
, old:)]
2022-10-27 13:06:13,848 [s2-server-thread2] INFO  server.RaftServer$Division (ServerState.java:setRaftConf(376)) - s2@group-F05F6F172674: set configuration 0: peers:[s0|rpc:localhost:44003|admin:localhost:35261|client:localhost:39579|dataStream:localhost:46615|priority:0|startupRole:FOLLOWER, s1|rpc:localhost:42689|admin:localhost:45893|client:localhost:35295|dataStream:localhost:33543|priority:0|startupRole:FOLLOWER, s2|rpc:localhost:41311|admin:localhost:32839|client:localhost:34057|dataStream:localhost:45081|priority:0|startupRole:FOLLOWER]|listeners:[], old=null
2022-10-27 13:06:13,848 [s2-server-thread2] INFO  segmented.SegmentedRaftLogWorker (SegmentedRaftLogWorker.java:startLogSegment(431)) - s2@group-F05F6F172674-SegmentedRaftLogWorker: Starting segment from index:0
2022-10-27 13:06:13,862 [s2@group-F05F6F172674-SegmentedRaftLogWorker] INFO  segmented.SegmentedRaftLogWorker (SegmentedRaftLogWorker.java:execute(635)) - s2@group-F05F6F172674-SegmentedRaftLogWorker: created new log segment /home/runner/work/ratis/ratis/ratis-test/target/test/data/f7b8bb5b/MiniRaftClusterWithGrpc3eba7f86/s2/e20b8bc5-cd18-4644-9068-f05f6f172674/current/log_inprogress_0
2022-10-27 13:06:13,869 [s2-server-thread3] DEBUG server.RaftServer$Division (RaftServerImpl.java:logAppendEntries(1418)) - s2@group-F05F6F172674: succeeded to handle AppendEntries. Reply: s1<-s2#1:OK-t1,SUCCESS,nextIndex=1,followerCommit=0,matchIndex=0
2022-10-27 13:06:14,061 [Time-limited test] INFO  ratis.RaftTestUtil (RaftTestUtil.java:waitForLeader(119)) - printing ALL groups
  s0:  RUNNING  FOLLOWER s0@group-F05F6F172674:t1, leader=s1, voted=s1, raftlog=Memoized:s0@group-F05F6F172674-SegmentedRaftLog:OPENED:c0, conf=0: peers:[s0|rpc:localhost:44003|admin:localhost:35261|client:localhost:39579|dataStream:localhost:46615|priority:0|startupRole:FOLLOWER, s1|rpc:localhost:42689|admin:localhost:45893|client:localhost:35295|dataStream:localhost:33543|priority:0|startupRole:FOLLOWER, s2|rpc:localhost:41311|admin:localhost:32839|client:localhost:34057|dataStream:localhost:45081|priority:0|startupRole:FOLLOWER]|listeners:[], old=null RUNNING
  s1:  RUNNING    LEADER s1@group-F05F6F172674:t1, leader=s1, voted=s1, raftlog=Memoized:s1@group-F05F6F172674-SegmentedRaftLog:OPENED:c0, conf=0: peers:[s0|rpc:localhost:44003|admin:localhost:35261|client:localhost:39579|dataStream:localhost:46615|priority:0|startupRole:FOLLOWER, s1|rpc:localhost:42689|admin:localhost:45893|client:localhost:35295|dataStream:localhost:33543|priority:0|startupRole:FOLLOWER, s2|rpc:localhost:41311|admin:localhost:32839|client:localhost:34057|dataStream:localhost:45081|priority:0|startupRole:FOLLOWER]|listeners:[], old=null RUNNING
  s2:  RUNNING  FOLLOWER s2@group-F05F6F172674:t1, leader=s1, voted=s1, raftlog=Memoized:s2@group-F05F6F172674-SegmentedRaftLog:OPENED:c0, conf=0: peers:[s0|rpc:localhost:44003|admin:localhost:35261|client:localhost:39579|dataStream:localhost:46615|priority:0|startupRole:FOLLOWER, s1|rpc:localhost:42689|admin:localhost:45893|client:localhost:35295|dataStream:localhost:33543|priority:0|startupRole:FOLLOWER, s2|rpc:localhost:41311|admin:localhost:32839|client:localhost:34057|dataStream:localhost:45081|priority:0|startupRole:FOLLOWER]|listeners:[], old=null RUNNING
2022-10-27 13:06:14,072 [s1-client-thread1] DEBUG server.RaftServer$Division (RaftServerImpl.java:submitClientRequestAsync(827)) - s1@group-F05F6F172674: receive client request(RaftClientRequest:client-637778CCA44E->s1@group-F05F6F172674, cid=63, seq=0, RW, Message:494e4352454d454e54)
2022-10-27 13:06:14,073 [s1-client-thread1] DEBUG server.RaftServer$Division (LeaderStateImpl.java:addPendingRequest(410)) - s1@group-F05F6F172674-LeaderStateImpl: addPendingRequest at RaftClientRequest:client-637778CCA44E->s1@group-F05F6F172674, cid=63, seq=0, RW, Message:494e4352454d454e54, entry=(t:1, i:1), STATEMACHINELOGENTRY, 63@client-637778CCA44E
2022-10-27 13:06:14,073 [s0-server-thread1] DEBUG server.RaftServer$Division (RaftServerImpl.java:logAppendEntries(1418)) - s0@group-F05F6F172674: receive appendEntries(s1, 1, (t:1, i:0), 0, true, commits:[s1:c0, s0:c0, s2:c0], cId:15, entries: [(t:1, i:1), STATEMACHINELOGENTRY, 63@client-637778CCA44E]
2022-10-27 13:06:14,074 [s0-server-thread1] DEBUG server.RaftServer$Division (RaftServerImpl.java:logAppendEntries(1418)) - s0@group-F05F6F172674: succeeded to handle AppendEntries. Reply: s1<-s0#15:OK-t1,SUCCESS,nextIndex=2,followerCommit=0,matchIndex=1
2022-10-27 13:06:14,076 [s2-server-thread3] DEBUG server.RaftServer$Division (RaftServerImpl.java:logAppendEntries(1418)) - s2@group-F05F6F172674: receive appendEntries(s1, 1, (t:1, i:0), 0, true, commits:[s1:c0, s0:c0, s2:c0], cId:8, entries: [(t:1, i:1), STATEMACHINELOGENTRY, 63@client-637778CCA44E]
2022-10-27 13:06:14,077 [s2-server-thread3] DEBUG server.RaftServer$Division (RaftServerImpl.java:logAppendEntries(1418)) - s2@group-F05F6F172674: succeeded to handle AppendEntries. Reply: s1<-s2#8:OK-t1,SUCCESS,nextIndex=2,followerCommit=0,matchIndex=1
2022-10-27 13:06:14,078 [s1@group-F05F6F172674-StateMachineUpdater] INFO  statemachine.StateMachine (ReadOnlyRequestTests.java:applyTransaction(304)) - receive command: INCREMENT
2022-10-27 13:06:14,081 [s0-server-thread1] DEBUG server.RaftServer$Division (RaftServerImpl.java:logAppendEntries(1418)) - s0@group-F05F6F172674: receive appendEntries(s1, 1, (t:1, i:1), 1, true, commits:[s1:c1, s0:c0, s2:c0], cId:16, entries: [(t:1, i:2), METADATAENTRY(c:1)]
2022-10-27 13:06:14,082 [s0-server-thread1] DEBUG server.RaftServer$Division (RaftServerImpl.java:logAppendEntries(1418)) - s0@group-F05F6F172674: succeeded to handle AppendEntries. Reply: s1<-s0#16:OK-t1,SUCCESS,nextIndex=3,followerCommit=1,matchIndex=2
2022-10-27 13:06:14,082 [s0@group-F05F6F172674-StateMachineUpdater] INFO  statemachine.StateMachine (ReadOnlyRequestTests.java:applyTransaction(304)) - receive command: INCREMENT
2022-10-27 13:06:14,083 [s2-server-thread3] DEBUG server.RaftServer$Division (RaftServerImpl.java:logAppendEntries(1418)) - s2@group-F05F6F172674: receive appendEntries(s1, 1, (t:1, i:1), 1, true, commits:[s1:c1, s0:c0, s2:c0], cId:9, entries: [(t:1, i:2), METADATAENTRY(c:1)]
2022-10-27 13:06:14,086 [s2-server-thread2] DEBUG server.RaftServer$Division (RaftServerImpl.java:logAppendEntries(1418)) - s2@group-F05F6F172674: succeeded to handle AppendEntries. Reply: s1<-s2#9:OK-t1,SUCCESS,nextIndex=3,followerCommit=1,matchIndex=2
2022-10-27 13:06:14,086 [s2@group-F05F6F172674-StateMachineUpdater] INFO  statemachine.StateMachine (ReadOnlyRequestTests.java:applyTransaction(304)) - receive command: INCREMENT
2022-10-27 13:06:14,094 [s1-client-thread1] DEBUG server.RaftServer$Division (RaftServerImpl.java:submitClientRequestAsync(827)) - s1@group-F05F6F172674: receive client request(RaftClientRequest:client-637778CCA44E->s1@group-F05F6F172674, cid=64, seq=0, RO, Message:5155455259)
2022-10-27 13:06:14,180 [s1-server-thread1] INFO  server.RaftServer$Division (RaftServerImpl.java:stepDownLeaderAsync(1169)) - s1@group-F05F6F172674 receive stepDown leader request TransferLeadershipRequest:client-637778CCA44E->s1@group-F05F6F172674, cid=65, seq=0, RO, null
2022-10-27 13:06:14,180 [s1@group-F05F6F172674-LeaderStateImpl] INFO  server.RaftServer$Division (RaftServerImpl.java:setRole(325)) - s1@group-F05F6F172674: changes role from    LEADER to FOLLOWER at term 1 for StepDownReason:FORCE
2022-10-27 13:06:14,180 [s1@group-F05F6F172674-LeaderStateImpl] INFO  impl.RoleInfo (RoleInfo.java:shutdownLeaderState(93)) - s1: shutdown s1@group-F05F6F172674-LeaderStateImpl
2022-10-27 13:06:14,180 [s1@group-F05F6F172674->s0-GrpcLogAppender-LogAppenderDaemon] WARN  server.GrpcLogAppender (GrpcLogAppender.java:mayWait(199)) - s1@group-F05F6F172674->s0-GrpcLogAppender: Wait interrupted by java.lang.InterruptedException
2022-10-27 13:06:14,180 [s1@group-F05F6F172674->s2-GrpcLogAppender-LogAppenderDaemon] WARN  server.GrpcLogAppender (GrpcLogAppender.java:mayWait(199)) - s1@group-F05F6F172674->s2-GrpcLogAppender: Wait interrupted by java.lang.InterruptedException
2022-10-27 13:06:14,180 [s1@group-F05F6F172674-LeaderStateImpl] INFO  impl.PendingRequests (PendingRequests.java:sendNotLeaderResponses(282)) - s1@group-F05F6F172674-PendingRequests: sendNotLeaderResponses
2022-10-27 13:06:14,181 [grpc-default-executor-6] INFO  server.GrpcServerProtocolService (GrpcServerProtocolService.java:onCompleted(143)) - s2: Completed APPEND_ENTRIES, lastRequest: s1->s2#9-t1,previous=(t:1, i:1),leaderCommit=1,initializing? true,entries: size=1, first=(t:1, i:2), METADATAENTRY(c:1)
2022-10-27 13:06:14,181 [grpc-default-executor-0] INFO  server.GrpcServerProtocolService (GrpcServerProtocolService.java:onCompleted(143)) - s0: Completed APPEND_ENTRIES, lastRequest: null
2022-10-27 13:06:14,181 [grpc-default-executor-11] INFO  server.GrpcServerProtocolService (GrpcServerProtocolService.java:onCompleted(143)) - s2: Completed APPEND_ENTRIES, lastRequest: null
2022-10-27 13:06:14,181 [grpc-default-executor-9] INFO  server.GrpcServerProtocolService (GrpcServerProtocolService.java:onCompleted(143)) - s0: Completed APPEND_ENTRIES, lastRequest: s1->s0#16-t1,previous=(t:1, i:1),leaderCommit=1,initializing? true,entries: size=1, first=(t:1, i:2), METADATAENTRY(c:1)
2022-10-27 13:06:14,182 [s1@group-F05F6F172674-LeaderStateImpl] INFO  impl.RoleInfo (RoleInfo.java:updateAndGet(139)) - s1: start s1@group-F05F6F172674-FollowerState
2022-10-27 13:06:14,182 [grpc-default-executor-11] INFO  server.GrpcLogAppender (GrpcLogAppender.java:onCompleted(413)) - s1@group-F05F6F172674->s0-AppendLogResponseHandler: follower responses appendEntries COMPLETED
2022-10-27 13:06:14,182 [grpc-default-executor-11] INFO  leader.FollowerInfo (FollowerInfoImpl.java:lambda$new$0(48)) - s1@group-F05F6F172674->s0: nextIndex: updateUnconditionally 3 -> 2
2022-10-27 13:06:14,182 [grpc-default-executor-9] INFO  server.GrpcLogAppender (GrpcLogAppender.java:onCompleted(413)) - s1@group-F05F6F172674->s0-AppendLogResponseHandler: follower responses appendEntries COMPLETED
2022-10-27 13:06:14,183 [grpc-default-executor-9] INFO  leader.FollowerInfo (FollowerInfoImpl.java:lambda$new$0(48)) - s1@group-F05F6F172674->s0: nextIndex: updateUnconditionally 2 -> 1
2022-10-27 13:06:14,183 [grpc-default-executor-0] INFO  server.GrpcLogAppender (GrpcLogAppender.java:onCompleted(413)) - s1@group-F05F6F172674->s2-AppendLogResponseHandler: follower responses appendEntries COMPLETED
2022-10-27 13:06:14,183 [grpc-default-executor-0] INFO  leader.FollowerInfo (FollowerInfoImpl.java:lambda$new$0(48)) - s1@group-F05F6F172674->s2: nextIndex: updateUnconditionally 3 -> 2
2022-10-27 13:06:14,187 [grpc-default-executor-9] INFO  server.GrpcLogAppender (GrpcLogAppender.java:onCompleted(413)) - s1@group-F05F6F172674->s2-AppendLogResponseHandler: follower responses appendEntries COMPLETED
2022-10-27 13:06:14,187 [grpc-default-executor-9] INFO  leader.FollowerInfo (FollowerInfoImpl.java:lambda$new$0(48)) - s1@group-F05F6F172674->s2: nextIndex: updateUnconditionally 2 -> 1
2022-10-27 13:06:14,183 [s1@group-F05F6F172674-LeaderStateImpl] INFO  impl.PendingStepDown (PendingStepDown.java:complete(55)) - Successfully step down leader at s1@group-F05F6F172674-LeaderStateImpl for request TransferLeadershipRequest:client-637778CCA44E->s1@group-F05F6F172674, cid=65, seq=0, RO, null
2022-10-27 13:06:14,190 [s1-client-thread1] DEBUG server.RaftServer$Division (RaftServerImpl.java:submitClientRequestAsync(827)) - s1@group-F05F6F172674: receive client request(RaftClientRequest:client-637778CCA44E->s1@group-F05F6F172674, cid=66, seq=0, RO, Message:5155455259)
2022-10-27 13:06:14,190 [s1-client-thread1] INFO  server.GrpcServerProtocolClient (GrpcServerProtocolClient.java:<init>(63)) - Build channel for s1
2022-10-27 13:06:14,197 [null-request--thread1] INFO  server.GrpcClientProtocolService (GrpcClientProtocolService.java:lambda$processClientRequest$0(284)) - Failed RaftClientRequest:client-637778CCA44E->s1@group-F05F6F172674, cid=66, seq=0, RO, Message:5155455259, reply=RaftClientReply:client-637778CCA44E->s1@group-F05F6F172674, cid=66, FAILED org.apache.ratis.protocol.exceptions.ReadIndexException: s1: Failed to get read index from the leader: serverReply {
  requestorId: "s1"
  replyId: "s1"
  raftGroupId {
    id: "\342\v\213\305\315\030FD\220h\360_o\027&t"
  }
}
readIndex: 18446744073709551615
, logIndex=0, commits[s1:c2, s0:c2, s2:c2]
2022-10-27 13:06:14,304 [s1-client-thread1] DEBUG server.RaftServer$Division (RaftServerImpl.java:submitClientRequestAsync(827)) - s1@group-F05F6F172674: receive client request(RaftClientRequest:client-637778CCA44E->s1@group-F05F6F172674, cid=66, seq=0, RO, Message:5155455259)
2022-10-27 13:06:14,306 [null-request--thread1] INFO  server.GrpcClientProtocolService (GrpcClientProtocolService.java:lambda$processClientRequest$0(284)) - Failed RaftClientRequest:client-637778CCA44E->s1@group-F05F6F172674, cid=66, seq=0, RO, Message:5155455259, reply=RaftClientReply:client-637778CCA44E->s1@group-F05F6F172674, cid=66, FAILED org.apache.ratis.protocol.exceptions.ReadIndexException: s1: Failed to get read index from the leader: serverReply {
  requestorId: "s1"
  replyId: "s1"
  raftGroupId {
    id: "\342\v\213\305\315\030FD\220h\360_o\027&t"
  }
}
readIndex: 18446744073709551615
, logIndex=0, commits[s1:c2, s0:c2, s2:c2]
2022-10-27 13:06:14,350 [s1@group-F05F6F172674-FollowerState] INFO  impl.FollowerState (FollowerState.java:run(143)) - s1@group-F05F6F172674-FollowerState: change to CANDIDATE, lastRpcElapsedTime:168472045ns, electionTimeout:162ms
2022-10-27 13:06:14,351 [s1@group-F05F6F172674-FollowerState] INFO  impl.RoleInfo (RoleInfo.java:shutdownFollowerState(110)) - s1: shutdown s1@group-F05F6F172674-FollowerState
2022-10-27 13:06:14,351 [s1@group-F05F6F172674-FollowerState] INFO  server.RaftServer$Division (RaftServerImpl.java:setRole(325)) - s1@group-F05F6F172674: changes role from  FOLLOWER to CANDIDATE at term 1 for changeToCandidate
2022-10-27 13:06:14,351 [s1@group-F05F6F172674-FollowerState] INFO  server.RaftServerConfigKeys (ConfUtils.java:logGet(46)) - raft.server.leaderelection.pre-vote = true (default)
2022-10-27 13:06:14,351 [s1@group-F05F6F172674-FollowerState] INFO  impl.RoleInfo (RoleInfo.java:updateAndGet(139)) - s1: start s1@group-F05F6F172674-LeaderElection11
2022-10-27 13:06:14,352 [s1@group-F05F6F172674-LeaderElection11] INFO  server.RaftServer$Division (ServerState.java:setLeader(259)) - s1@group-F05F6F172674: change Leader from s1 to null at term 1 for PRE_VOTE
2022-10-27 13:06:14,352 [s1@group-F05F6F172674-LeaderElection11] INFO  impl.LeaderElection (LeaderElection.java:askForVotes(309)) - s1@group-F05F6F172674-LeaderElection11 PRE_VOTE round 0: submit vote requests at term 1 for 0: peers:[s0|rpc:localhost:44003|admin:localhost:35261|client:localhost:39579|dataStream:localhost:46615|priority:0|startupRole:FOLLOWER, s1|rpc:localhost:42689|admin:localhost:45893|client:localhost:35295|dataStream:localhost:33543|priority:0|startupRole:FOLLOWER, s2|rpc:localhost:41311|admin:localhost:32839|client:localhost:34057|dataStream:localhost:45081|priority:0|startupRole:FOLLOWER]|listeners:[], old=null
2022-10-27 13:06:14,355 [grpc-default-executor-11] INFO  server.RaftServer$Division (RaftServerImpl.java:requestVote(1291)) - s2@group-F05F6F172674: receive requestVote(PRE_VOTE, s1, group-F05F6F172674, 1, (t:1, i:2))
2022-10-27 13:06:14,355 [grpc-default-executor-0] INFO  server.RaftServer$Division (RaftServerImpl.java:requestVote(1291)) - s0@group-F05F6F172674: receive requestVote(PRE_VOTE, s1, group-F05F6F172674, 1, (t:1, i:2))
2022-10-27 13:06:14,356 [grpc-default-executor-11] INFO  impl.VoteContext (VoteContext.java:log(49)) - s2@group-F05F6F172674-FOLLOWER: accept PRE_VOTE from s1: our priority 0 <= candidate's priority 0
2022-10-27 13:06:14,356 [grpc-default-executor-11] INFO  server.RaftServer$Division (RaftServerImpl.java:requestVote(1324)) - s2@group-F05F6F172674 replies to PRE_VOTE vote request: s1<-s2#0:OK-t1. Peer's state: s2@group-F05F6F172674:t1, leader=s1, voted=s1, raftlog=Memoized:s2@group-F05F6F172674-SegmentedRaftLog:OPENED:c2, conf=0: peers:[s0|rpc:localhost:44003|admin:localhost:35261|client:localhost:39579|dataStream:localhost:46615|priority:0|startupRole:FOLLOWER, s1|rpc:localhost:42689|admin:localhost:45893|client:localhost:35295|dataStream:localhost:33543|priority:0|startupRole:FOLLOWER, s2|rpc:localhost:41311|admin:localhost:32839|client:localhost:34057|dataStream:localhost:45081|priority:0|startupRole:FOLLOWER]|listeners:[], old=null
2022-10-27 13:06:14,356 [grpc-default-executor-0] INFO  impl.VoteContext (VoteContext.java:log(49)) - s0@group-F05F6F172674-FOLLOWER: accept PRE_VOTE from s1: our priority 0 <= candidate's priority 0
2022-10-27 13:06:14,356 [grpc-default-executor-0] INFO  server.RaftServer$Division (RaftServerImpl.java:requestVote(1324)) - s0@group-F05F6F172674 replies to PRE_VOTE vote request: s1<-s0#0:OK-t1. Peer's state: s0@group-F05F6F172674:t1, leader=s1, voted=s1, raftlog=Memoized:s0@group-F05F6F172674-SegmentedRaftLog:OPENED:c2, conf=0: peers:[s0|rpc:localhost:44003|admin:localhost:35261|client:localhost:39579|dataStream:localhost:46615|priority:0|startupRole:FOLLOWER, s1|rpc:localhost:42689|admin:localhost:45893|client:localhost:35295|dataStream:localhost:33543|priority:0|startupRole:FOLLOWER, s2|rpc:localhost:41311|admin:localhost:32839|client:localhost:34057|dataStream:localhost:45081|priority:0|startupRole:FOLLOWER]|listeners:[], old=null
2022-10-27 13:06:14,357 [s1@group-F05F6F172674-LeaderElection11] INFO  impl.LeaderElection (LeaderElection.java:logAndReturn(89)) - s1@group-F05F6F172674-LeaderElection11: PRE_VOTE PASSED received 1 response(s) and 0 exception(s):
2022-10-27 13:06:14,357 [s1@group-F05F6F172674-LeaderElection11] INFO  impl.LeaderElection (LeaderElection.java:logAndReturn(93)) -   Response 0: s1<-s2#0:OK-t1
2022-10-27 13:06:14,357 [s1@group-F05F6F172674-LeaderElection11] INFO  impl.LeaderElection (LeaderElection.java:askForVotes(311)) - s1@group-F05F6F172674-LeaderElection11 PRE_VOTE round 0: result PASSED
2022-10-27 13:06:14,359 [s1@group-F05F6F172674-LeaderElection11] INFO  impl.LeaderElection (LeaderElection.java:askForVotes(309)) - s1@group-F05F6F172674-LeaderElection11 ELECTION round 0: submit vote requests at term 2 for 0: peers:[s0|rpc:localhost:44003|admin:localhost:35261|client:localhost:39579|dataStream:localhost:46615|priority:0|startupRole:FOLLOWER, s1|rpc:localhost:42689|admin:localhost:45893|client:localhost:35295|dataStream:localhost:33543|priority:0|startupRole:FOLLOWER, s2|rpc:localhost:41311|admin:localhost:32839|client:localhost:34057|dataStream:localhost:45081|priority:0|startupRole:FOLLOWER]|listeners:[], old=null
2022-10-27 13:06:14,364 [grpc-default-executor-11] INFO  server.RaftServer$Division (RaftServerImpl.java:requestVote(1291)) - s0@group-F05F6F172674: receive requestVote(ELECTION, s1, group-F05F6F172674, 2, (t:1, i:2))
2022-10-27 13:06:14,364 [grpc-default-executor-11] INFO  impl.VoteContext (VoteContext.java:log(49)) - s0@group-F05F6F172674-FOLLOWER: accept ELECTION from s1: our priority 0 <= candidate's priority 0
2022-10-27 13:06:14,364 [grpc-default-executor-11] INFO  server.RaftServer$Division (ServerState.java:setLeader(259)) - s0@group-F05F6F172674: change Leader from s1 to null at term 2 for updateCurrentTerm
2022-10-27 13:06:14,364 [grpc-default-executor-11] INFO  server.RaftServer$Division (RaftServerImpl.java:setRole(325)) - s0@group-F05F6F172674: changes role from  FOLLOWER to FOLLOWER at term 2 for candidate:s1
2022-10-27 13:06:14,364 [grpc-default-executor-11] INFO  impl.RoleInfo (RoleInfo.java:shutdownFollowerState(110)) - s0: shutdown s0@group-F05F6F172674-FollowerState
2022-10-27 13:06:14,364 [grpc-default-executor-11] INFO  impl.RoleInfo (RoleInfo.java:updateAndGet(139)) - s0: start s0@group-F05F6F172674-FollowerState
2022-10-27 13:06:14,364 [s0@group-F05F6F172674-FollowerState] INFO  impl.FollowerState (FollowerState.java:run(152)) - s0@group-F05F6F172674-FollowerState was interrupted
2022-10-27 13:06:14,365 [grpc-default-executor-0] INFO  server.RaftServer$Division (RaftServerImpl.java:requestVote(1291)) - s2@group-F05F6F172674: receive requestVote(ELECTION, s1, group-F05F6F172674, 2, (t:1, i:2))
2022-10-27 13:06:14,365 [grpc-default-executor-0] INFO  impl.VoteContext (VoteContext.java:log(49)) - s2@group-F05F6F172674-FOLLOWER: accept ELECTION from s1: our priority 0 <= candidate's priority 0
2022-10-27 13:06:14,365 [grpc-default-executor-0] INFO  server.RaftServer$Division (ServerState.java:setLeader(259)) - s2@group-F05F6F172674: change Leader from s1 to null at term 2 for updateCurrentTerm
2022-10-27 13:06:14,365 [grpc-default-executor-0] INFO  server.RaftServer$Division (RaftServerImpl.java:setRole(325)) - s2@group-F05F6F172674: changes role from  FOLLOWER to FOLLOWER at term 2 for candidate:s1
2022-10-27 13:06:14,365 [grpc-default-executor-0] INFO  impl.RoleInfo (RoleInfo.java:shutdownFollowerState(110)) - s2: shutdown s2@group-F05F6F172674-FollowerState
2022-10-27 13:06:14,365 [grpc-default-executor-0] INFO  impl.RoleInfo (RoleInfo.java:updateAndGet(139)) - s2: start s2@group-F05F6F172674-FollowerState
2022-10-27 13:06:14,365 [s2@group-F05F6F172674-FollowerState] INFO  impl.FollowerState (FollowerState.java:run(152)) - s2@group-F05F6F172674-FollowerState was interrupted
2022-10-27 13:06:14,370 [grpc-default-executor-11] INFO  server.RaftServer$Division (RaftServerImpl.java:requestVote(1324)) - s0@group-F05F6F172674 replies to ELECTION vote request: s1<-s0#0:OK-t2. Peer's state: s0@group-F05F6F172674:t2, leader=null, voted=s1, raftlog=Memoized:s0@group-F05F6F172674-SegmentedRaftLog:OPENED:c2, conf=0: peers:[s0|rpc:localhost:44003|admin:localhost:35261|client:localhost:39579|dataStream:localhost:46615|priority:0|startupRole:FOLLOWER, s1|rpc:localhost:42689|admin:localhost:45893|client:localhost:35295|dataStream:localhost:33543|priority:0|startupRole:FOLLOWER, s2|rpc:localhost:41311|admin:localhost:32839|client:localhost:34057|dataStream:localhost:45081|priority:0|startupRole:FOLLOWER]|listeners:[], old=null
2022-10-27 13:06:14,372 [s1@group-F05F6F172674-LeaderElection11] INFO  impl.LeaderElection (LeaderElection.java:logAndReturn(89)) - s1@group-F05F6F172674-LeaderElection11: ELECTION PASSED received 1 response(s) and 0 exception(s):
2022-10-27 13:06:14,372 [s1@group-F05F6F172674-LeaderElection11] INFO  impl.LeaderElection (LeaderElection.java:logAndReturn(93)) -   Response 0: s1<-s0#0:OK-t2
2022-10-27 13:06:14,372 [s1@group-F05F6F172674-LeaderElection11] INFO  impl.LeaderElection (LeaderElection.java:askForVotes(311)) - s1@group-F05F6F172674-LeaderElection11 ELECTION round 0: result PASSED
2022-10-27 13:06:14,372 [s1@group-F05F6F172674-LeaderElection11] INFO  impl.RoleInfo (RoleInfo.java:shutdownLeaderElection(130)) - s1: shutdown s1@group-F05F6F172674-LeaderElection11
2022-10-27 13:06:14,372 [s1@group-F05F6F172674-LeaderElection11] INFO  server.RaftServer$Division (RaftServerImpl.java:setRole(325)) - s1@group-F05F6F172674: changes role from CANDIDATE to LEADER at term 2 for changeToLeader
2022-10-27 13:06:14,372 [s1@group-F05F6F172674-LeaderElection11] INFO  server.RaftServer$Division (ServerState.java:setLeader(259)) - s1@group-F05F6F172674: change Leader from null to s1 at term 2 for becomeLeader, leader elected after 20ms
2022-10-27 13:06:14,372 [s1@group-F05F6F172674-LeaderElection11] INFO  server.RaftServerConfigKeys (ConfUtils.java:logGet(46)) - raft.server.staging.catchup.gap = 1000 (default)
2022-10-27 13:06:14,373 [s1@group-F05F6F172674-LeaderElection11] INFO  server.RaftServerConfigKeys (ConfUtils.java:logGet(46)) - raft.server.write.element-limit = 4096 (default)
2022-10-27 13:06:14,373 [s1@group-F05F6F172674-LeaderElection11] INFO  server.RaftServerConfigKeys (ConfUtils.java:logGet(46)) - raft.server.write.byte-limit = 64MB (=67108864) (default)
2022-10-27 13:06:14,373 [s1@group-F05F6F172674-LeaderElection11] INFO  server.RaftServerConfigKeys (ConfUtils.java:logGet(46)) - raft.server.watch.timeout = 10s (default)
2022-10-27 13:06:14,373 [s1@group-F05F6F172674-LeaderElection11] INFO  server.RaftServerConfigKeys (ConfUtils.java:logGet(46)) - raft.server.watch.timeout.denomination = 1s (default)
2022-10-27 13:06:14,373 [s1@group-F05F6F172674-LeaderElection11] INFO  server.RaftServerConfigKeys (ConfUtils.java:logGet(46)) - raft.server.watch.element-limit = 65536 (default)
2022-10-27 13:06:14,373 [s1@group-F05F6F172674-LeaderElection11] INFO  server.RaftServerConfigKeys (ConfUtils.java:logGet(46)) - raft.server.write.element-limit = 4096 (default)
2022-10-27 13:06:14,373 [s1@group-F05F6F172674-LeaderElection11] INFO  server.RaftServerConfigKeys (ConfUtils.java:logGet(46)) - raft.server.write.follower.gap.ratio.max = -1.0 (default)
2022-10-27 13:06:14,373 [s1@group-F05F6F172674-LeaderElection11] INFO  server.RaftServerConfigKeys (ConfUtils.java:logGet(46)) - raft.server.log.appender.snapshot.chunk.size.max = 16MB (=16777216) (default)
2022-10-27 13:06:14,373 [s1@group-F05F6F172674-LeaderElection11] INFO  server.RaftServerConfigKeys (ConfUtils.java:logGet(46)) - raft.server.log.appender.buffer.byte-limit = 4MB (=4194304) (default)
2022-10-27 13:06:14,373 [s1@group-F05F6F172674-LeaderElection11] INFO  server.RaftServerConfigKeys (ConfUtils.java:logGet(46)) - raft.server.log.appender.buffer.element-limit = 0 (default)
2022-10-27 13:06:14,373 [s1@group-F05F6F172674-LeaderElection11] INFO  grpc.GrpcConfigKeys (ConfUtils.java:logGet(46)) - raft.grpc.server.leader.outstanding.appends.max = 128 (default)
2022-10-27 13:06:14,374 [s1@group-F05F6F172674-LeaderElection11] INFO  server.RaftServerConfigKeys (ConfUtils.java:logGet(46)) - raft.server.rpc.request.timeout = 3000ms (default)
2022-10-27 13:06:14,374 [s1@group-F05F6F172674-LeaderElection11] INFO  server.RaftServerConfigKeys (ConfUtils.java:logGet(46)) - raft.server.log.appender.install.snapshot.enabled = true (default)
2022-10-27 13:06:14,374 [s1@group-F05F6F172674-LeaderElection11] INFO  grpc.GrpcConfigKeys (ConfUtils.java:logGet(46)) - raft.grpc.server.heartbeat.channel = true (default)
2022-10-27 13:06:14,374 [s1@group-F05F6F172674-LeaderElection11] INFO  server.RaftServerConfigKeys (ConfUtils.java:logGet(46)) - raft.server.log.appender.wait-time.min = 10ms (default)
2022-10-27 13:06:14,374 [s1@group-F05F6F172674-LeaderElection11] INFO  server.RaftServerConfigKeys (ConfUtils.java:logGet(46)) - raft.server.log.appender.snapshot.chunk.size.max = 16MB (=16777216) (default)
2022-10-27 13:06:14,374 [s1@group-F05F6F172674-LeaderElection11] INFO  server.RaftServerConfigKeys (ConfUtils.java:logGet(46)) - raft.server.log.appender.buffer.byte-limit = 4MB (=4194304) (default)
2022-10-27 13:06:14,374 [s1@group-F05F6F172674-LeaderElection11] INFO  server.RaftServerConfigKeys (ConfUtils.java:logGet(46)) - raft.server.log.appender.buffer.element-limit = 0 (default)
2022-10-27 13:06:14,374 [s1@group-F05F6F172674-LeaderElection11] INFO  grpc.GrpcConfigKeys (ConfUtils.java:logGet(46)) - raft.grpc.server.leader.outstanding.appends.max = 128 (default)
2022-10-27 13:06:14,374 [s1@group-F05F6F172674-LeaderElection11] INFO  server.RaftServerConfigKeys (ConfUtils.java:logGet(46)) - raft.server.rpc.request.timeout = 3000ms (default)
2022-10-27 13:06:14,374 [s1@group-F05F6F172674-LeaderElection11] INFO  server.RaftServerConfigKeys (ConfUtils.java:logGet(46)) - raft.server.log.appender.install.snapshot.enabled = true (default)
2022-10-27 13:06:14,374 [s1@group-F05F6F172674-LeaderElection11] INFO  grpc.GrpcConfigKeys (ConfUtils.java:logGet(46)) - raft.grpc.server.heartbeat.channel = true (default)
2022-10-27 13:06:14,374 [s1@group-F05F6F172674-LeaderElection11] INFO  server.RaftServerConfigKeys (ConfUtils.java:logGet(46)) - raft.server.log.appender.wait-time.min = 10ms (default)
2022-10-27 13:06:14,374 [s1@group-F05F6F172674-LeaderElection11] INFO  impl.RoleInfo (RoleInfo.java:updateAndGet(139)) - s1: start s1@group-F05F6F172674-LeaderStateImpl
2022-10-27 13:06:14,375 [s1@group-F05F6F172674-LeaderElection11] INFO  segmented.SegmentedRaftLogWorker (SegmentedRaftLogWorker.java:rollLogSegment(436)) - s1@group-F05F6F172674-SegmentedRaftLogWorker: Rolling segment log-0_2 to index:2
2022-10-27 13:06:14,378 [s1@group-F05F6F172674-SegmentedRaftLogWorker] TRACE util.FileUtils (LogUtils.java:runAndLog(49)) - Successfully ran Atomic Files.move /home/runner/work/ratis/ratis/ratis-test/target/test/data/f7b8bb5b/MiniRaftClusterWithGrpc3eba7f86/s1/e20b8bc5-cd18-4644-9068-f05f6f172674/current/log_inprogress_0 to /home/runner/work/ratis/ratis/ratis-test/target/test/data/f7b8bb5b/MiniRaftClusterWithGrpc3eba7f86/s1/e20b8bc5-cd18-4644-9068-f05f6f172674/current/log_0-2
2022-10-27 13:06:14,378 [s1@group-F05F6F172674-SegmentedRaftLogWorker] INFO  segmented.SegmentedRaftLogWorker (SegmentedRaftLogWorker.java:execute(592)) - s1@group-F05F6F172674-SegmentedRaftLogWorker: Rolled log segment from /home/runner/work/ratis/ratis/ratis-test/target/test/data/f7b8bb5b/MiniRaftClusterWithGrpc3eba7f86/s1/e20b8bc5-cd18-4644-9068-f05f6f172674/current/log_inprogress_0 to /home/runner/work/ratis/ratis/ratis-test/target/test/data/f7b8bb5b/MiniRaftClusterWithGrpc3eba7f86/s1/e20b8bc5-cd18-4644-9068-f05f6f172674/current/log_0-2
2022-10-27 13:06:14,382 [grpc-default-executor-0] INFO  server.RaftServer$Division (RaftServerImpl.java:requestVote(1324)) - s2@group-F05F6F172674 replies to ELECTION vote request: s1<-s2#0:OK-t2. Peer's state: s2@group-F05F6F172674:t2, leader=null, voted=s1, raftlog=Memoized:s2@group-F05F6F172674-SegmentedRaftLog:OPENED:c2, conf=0: peers:[s0|rpc:localhost:44003|admin:localhost:35261|client:localhost:39579|dataStream:localhost:46615|priority:0|startupRole:FOLLOWER, s1|rpc:localhost:42689|admin:localhost:45893|client:localhost:35295|dataStream:localhost:33543|priority:0|startupRole:FOLLOWER, s2|rpc:localhost:41311|admin:localhost:32839|client:localhost:34057|dataStream:localhost:45081|priority:0|startupRole:FOLLOWER]|listeners:[], old=null
2022-10-27 13:06:14,391 [s1@group-F05F6F172674-LeaderElection11] INFO  server.RaftServer$Division (ServerState.java:setRaftConf(376)) - s1@group-F05F6F172674: set configuration 3: peers:[s0|rpc:localhost:44003|admin:localhost:35261|client:localhost:39579|dataStream:localhost:46615|priority:0|startupRole:FOLLOWER, s1|rpc:localhost:42689|admin:localhost:45893|client:localhost:35295|dataStream:localhost:33543|priority:0|startupRole:FOLLOWER, s2|rpc:localhost:41311|admin:localhost:32839|client:localhost:34057|dataStream:localhost:45081|priority:0|startupRole:FOLLOWER]|listeners:[], old=null
2022-10-27 13:06:14,391 [s0-server-thread1] INFO  server.RaftServer$Division (ServerState.java:setLeader(259)) - s0@group-F05F6F172674: change Leader from null to s1 at term 2 for appendEntries, leader elected after 27ms
2022-10-27 13:06:14,393 [s1@group-F05F6F172674-SegmentedRaftLogWorker] INFO  segmented.SegmentedRaftLogWorker (SegmentedRaftLogWorker.java:execute(635)) - s1@group-F05F6F172674-SegmentedRaftLogWorker: created new log segment /home/runner/work/ratis/ratis/ratis-test/target/test/data/f7b8bb5b/MiniRaftClusterWithGrpc3eba7f86/s1/e20b8bc5-cd18-4644-9068-f05f6f172674/current/log_inprogress_3
2022-10-27 13:06:14,393 [s2-server-thread2] INFO  server.RaftServer$Division (ServerState.java:setLeader(259)) - s2@group-F05F6F172674: change Leader from null to s1 at term 2 for appendEntries, leader elected after 27ms
2022-10-27 13:06:14,394 [s2-server-thread3] DEBUG server.RaftServer$Division (RaftServerImpl.java:logAppendEntries(1418)) - s2@group-F05F6F172674: receive appendEntries(s1, 2, (t:1, i:2), 2, true, commits:[s1:c2, s0:c2, s2:c2], cId:1, entries: [(t:2, i:3), CONFIGURATIONENTRY(current:id: "s0"
address: "localhost:44003"
dataStreamAddress: "localhost:46615"
clientAddress: "localhost:39579"
adminAddress: "localhost:35261"
startupRole: FOLLOWER
,id: "s1"
address: "localhost:42689"
dataStreamAddress: "localhost:33543"
clientAddress: "localhost:35295"
adminAddress: "localhost:45893"
startupRole: FOLLOWER
,id: "s2"
address: "localhost:41311"
dataStreamAddress: "localhost:45081"
clientAddress: "localhost:34057"
adminAddress: "localhost:32839"
startupRole: FOLLOWER
, old:)]
2022-10-27 13:06:14,395 [s2-server-thread3] INFO  server.RaftServer$Division (ServerState.java:setRaftConf(376)) - s2@group-F05F6F172674: set configuration 3: peers:[s0|rpc:localhost:44003|admin:localhost:35261|client:localhost:39579|dataStream:localhost:46615|priority:0|startupRole:FOLLOWER, s1|rpc:localhost:42689|admin:localhost:45893|client:localhost:35295|dataStream:localhost:33543|priority:0|startupRole:FOLLOWER, s2|rpc:localhost:41311|admin:localhost:32839|client:localhost:34057|dataStream:localhost:45081|priority:0|startupRole:FOLLOWER]|listeners:[], old=null
2022-10-27 13:06:14,395 [s2-server-thread3] INFO  segmented.SegmentedRaftLogWorker (SegmentedRaftLogWorker.java:rollLogSegment(436)) - s2@group-F05F6F172674-SegmentedRaftLogWorker: Rolling segment log-0_2 to index:2
2022-10-27 13:06:14,396 [s2@group-F05F6F172674-SegmentedRaftLogWorker] TRACE util.FileUtils (LogUtils.java:runAndLog(49)) - Successfully ran Atomic Files.move /home/runner/work/ratis/ratis/ratis-test/target/test/data/f7b8bb5b/MiniRaftClusterWithGrpc3eba7f86/s2/e20b8bc5-cd18-4644-9068-f05f6f172674/current/log_inprogress_0 to /home/runner/work/ratis/ratis/ratis-test/target/test/data/f7b8bb5b/MiniRaftClusterWithGrpc3eba7f86/s2/e20b8bc5-cd18-4644-9068-f05f6f172674/current/log_0-2
2022-10-27 13:06:14,396 [s2@group-F05F6F172674-SegmentedRaftLogWorker] INFO  segmented.SegmentedRaftLogWorker (SegmentedRaftLogWorker.java:execute(592)) - s2@group-F05F6F172674-SegmentedRaftLogWorker: Rolled log segment from /home/runner/work/ratis/ratis/ratis-test/target/test/data/f7b8bb5b/MiniRaftClusterWithGrpc3eba7f86/s2/e20b8bc5-cd18-4644-9068-f05f6f172674/current/log_inprogress_0 to /home/runner/work/ratis/ratis/ratis-test/target/test/data/f7b8bb5b/MiniRaftClusterWithGrpc3eba7f86/s2/e20b8bc5-cd18-4644-9068-f05f6f172674/current/log_0-2
2022-10-27 13:06:14,407 [s0-server-thread2] DEBUG server.RaftServer$Division (RaftServerImpl.java:logAppendEntries(1418)) - s0@group-F05F6F172674: receive appendEntries(s1, 2, (t:1, i:2), 2, true, commits:[s1:c2, s0:c2, s2:c2], cId:1, entries: [(t:2, i:3), CONFIGURATIONENTRY(current:id: "s0"
address: "localhost:44003"
dataStreamAddress: "localhost:46615"
clientAddress: "localhost:39579"
adminAddress: "localhost:35261"
startupRole: FOLLOWER
,id: "s1"
address: "localhost:42689"
dataStreamAddress: "localhost:33543"
clientAddress: "localhost:35295"
adminAddress: "localhost:45893"
startupRole: FOLLOWER
,id: "s2"
address: "localhost:41311"
dataStreamAddress: "localhost:45081"
clientAddress: "localhost:34057"
adminAddress: "localhost:32839"
startupRole: FOLLOWER
, old:)]
2022-10-27 13:06:14,407 [s0-server-thread2] INFO  server.RaftServer$Division (ServerState.java:setRaftConf(376)) - s0@group-F05F6F172674: set configuration 3: peers:[s0|rpc:localhost:44003|admin:localhost:35261|client:localhost:39579|dataStream:localhost:46615|priority:0|startupRole:FOLLOWER, s1|rpc:localhost:42689|admin:localhost:45893|client:localhost:35295|dataStream:localhost:33543|priority:0|startupRole:FOLLOWER, s2|rpc:localhost:41311|admin:localhost:32839|client:localhost:34057|dataStream:localhost:45081|priority:0|startupRole:FOLLOWER]|listeners:[], old=null
2022-10-27 13:06:14,407 [s0-server-thread2] INFO  segmented.SegmentedRaftLogWorker (SegmentedRaftLogWorker.java:rollLogSegment(436)) - s0@group-F05F6F172674-SegmentedRaftLogWorker: Rolling segment log-0_2 to index:2
2022-10-27 13:06:14,409 [s0@group-F05F6F172674-SegmentedRaftLogWorker] TRACE util.FileUtils (LogUtils.java:runAndLog(49)) - Successfully ran Atomic Files.move /home/runner/work/ratis/ratis/ratis-test/target/test/data/f7b8bb5b/MiniRaftClusterWithGrpc3eba7f86/s0/e20b8bc5-cd18-4644-9068-f05f6f172674/current/log_inprogress_0 to /home/runner/work/ratis/ratis/ratis-test/target/test/data/f7b8bb5b/MiniRaftClusterWithGrpc3eba7f86/s0/e20b8bc5-cd18-4644-9068-f05f6f172674/current/log_0-2
2022-10-27 13:06:14,409 [s0@group-F05F6F172674-SegmentedRaftLogWorker] INFO  segmented.SegmentedRaftLogWorker (SegmentedRaftLogWorker.java:execute(592)) - s0@group-F05F6F172674-SegmentedRaftLogWorker: Rolled log segment from /home/runner/work/ratis/ratis/ratis-test/target/test/data/f7b8bb5b/MiniRaftClusterWithGrpc3eba7f86/s0/e20b8bc5-cd18-4644-9068-f05f6f172674/current/log_inprogress_0 to /home/runner/work/ratis/ratis/ratis-test/target/test/data/f7b8bb5b/MiniRaftClusterWithGrpc3eba7f86/s0/e20b8bc5-cd18-4644-9068-f05f6f172674/current/log_0-2
2022-10-27 13:06:14,412 [s1-client-thread1] DEBUG server.RaftServer$Division (RaftServerImpl.java:submitClientRequestAsync(827)) - s1@group-F05F6F172674: receive client request(RaftClientRequest:client-637778CCA44E->s1@group-F05F6F172674, cid=66, seq=0, RO, Message:5155455259)
2022-10-27 13:06:14,413 [null-request--thread1] INFO  server.GrpcClientProtocolService (GrpcClientProtocolService.java:lambda$processClientRequest$0(284)) - Failed RaftClientRequest:client-637778CCA44E->s1@group-F05F6F172674, cid=66, seq=0, RO, Message:5155455259, reply=RaftClientReply:client-637778CCA44E->s1@group-F05F6F172674, cid=66, FAILED org.apache.ratis.protocol.exceptions.ReadIndexException: Failed to getReadIndex 2 since the term is not yet committed., logIndex=0, commits[s1:c2, s0:c2, s2:c2]
2022-10-27 13:06:14,421 [s2@group-F05F6F172674-SegmentedRaftLogWorker] INFO  segmented.SegmentedRaftLogWorker (SegmentedRaftLogWorker.java:execute(635)) - s2@group-F05F6F172674-SegmentedRaftLogWorker: created new log segment /home/runner/work/ratis/ratis/ratis-test/target/test/data/f7b8bb5b/MiniRaftClusterWithGrpc3eba7f86/s2/e20b8bc5-cd18-4644-9068-f05f6f172674/current/log_inprogress_3
2022-10-27 13:06:14,422 [s0@group-F05F6F172674-SegmentedRaftLogWorker] INFO  segmented.SegmentedRaftLogWorker (SegmentedRaftLogWorker.java:execute(635)) - s0@group-F05F6F172674-SegmentedRaftLogWorker: created new log segment /home/runner/work/ratis/ratis/ratis-test/target/test/data/f7b8bb5b/MiniRaftClusterWithGrpc3eba7f86/s0/e20b8bc5-cd18-4644-9068-f05f6f172674/current/log_inprogress_3
2022-10-27 13:06:14,424 [s0-server-thread2] DEBUG server.RaftServer$Division (RaftServerImpl.java:logAppendEntries(1418)) - s0@group-F05F6F172674: succeeded to handle AppendEntries. Reply: s1<-s0#1:OK-t2,SUCCESS,nextIndex=4,followerCommit=2,matchIndex=3
2022-10-27 13:06:14,424 [s2-server-thread3] DEBUG server.RaftServer$Division (RaftServerImpl.java:logAppendEntries(1418)) - s2@group-F05F6F172674: succeeded to handle AppendEntries. Reply: s1<-s2#1:OK-t2,SUCCESS,nextIndex=4,followerCommit=2,matchIndex=3
2022-10-27 13:06:14,432 [s0-server-thread2] DEBUG server.RaftServer$Division (RaftServerImpl.java:logAppendEntries(1418)) - s0@group-F05F6F172674: receive appendEntries(s1, 2, (t:2, i:3), 3, true, commits:[s1:c3, s0:c2, s2:c2], cId:2, entries: [(t:2, i:4), METADATAENTRY(c:3)]
2022-10-27 13:06:14,433 [s2-server-thread3] DEBUG server.RaftServer$Division (RaftServerImpl.java:logAppendEntries(1418)) - s2@group-F05F6F172674: receive appendEntries(s1, 2, (t:2, i:3), 3, true, commits:[s1:c3, s0:c2, s2:c2], cId:2, entries: [(t:2, i:4), METADATAENTRY(c:3)]
2022-10-27 13:06:14,434 [s0-server-thread2] DEBUG server.RaftServer$Division (RaftServerImpl.java:logAppendEntries(1418)) - s0@group-F05F6F172674: succeeded to handle AppendEntries. Reply: s1<-s0#2:OK-t2,SUCCESS,nextIndex=5,followerCommit=3,matchIndex=4
2022-10-27 13:06:14,435 [s2-server-thread3] DEBUG server.RaftServer$Division (RaftServerImpl.java:logAppendEntries(1418)) - s2@group-F05F6F172674: succeeded to handle AppendEntries. Reply: s1<-s2#2:OK-t2,SUCCESS,nextIndex=5,followerCommit=3,matchIndex=4
2022-10-27 13:06:14,447 [Time-limited test] INFO  impl.MiniRaftCluster (MiniRaftCluster.java:runWithNewCluster(143)) - printing ALL groups
  s0:  RUNNING  FOLLOWER s0@group-F05F6F172674:t2, leader=s1, voted=s1, raftlog=Memoized:s0@group-F05F6F172674-SegmentedRaftLog:OPENED:c3, conf=3: peers:[s0|rpc:localhost:44003|admin:localhost:35261|client:localhost:39579|dataStream:localhost:46615|priority:0|startupRole:FOLLOWER, s1|rpc:localhost:42689|admin:localhost:45893|client:localhost:35295|dataStream:localhost:33543|priority:0|startupRole:FOLLOWER, s2|rpc:localhost:41311|admin:localhost:32839|client:localhost:34057|dataStream:localhost:45081|priority:0|startupRole:FOLLOWER]|listeners:[], old=null RUNNING
  s1:  RUNNING    LEADER s1@group-F05F6F172674:t2, leader=s1, voted=s1, raftlog=Memoized:s1@group-F05F6F172674-SegmentedRaftLog:OPENED:c4, conf=3: peers:[s0|rpc:localhost:44003|admin:localhost:35261|client:localhost:39579|dataStream:localhost:46615|priority:0|startupRole:FOLLOWER, s1|rpc:localhost:42689|admin:localhost:45893|client:localhost:35295|dataStream:localhost:33543|priority:0|startupRole:FOLLOWER, s2|rpc:localhost:41311|admin:localhost:32839|client:localhost:34057|dataStream:localhost:45081|priority:0|startupRole:FOLLOWER]|listeners:[], old=null RUNNING
  s2:  RUNNING  FOLLOWER s2@group-F05F6F172674:t2, leader=s1, voted=s1, raftlog=Memoized:s2@group-F05F6F172674-SegmentedRaftLog:OPENED:c3, conf=3: peers:[s0|rpc:localhost:44003|admin:localhost:35261|client:localhost:39579|dataStream:localhost:46615|priority:0|startupRole:FOLLOWER, s1|rpc:localhost:42689|admin:localhost:45893|client:localhost:35295|dataStream:localhost:33543|priority:0|startupRole:FOLLOWER, s2|rpc:localhost:41311|admin:localhost:32839|client:localhost:34057|dataStream:localhost:45081|priority:0|startupRole:FOLLOWER]|listeners:[], old=null RUNNING
2022-10-27 13:06:14,447 [Time-limited test] ERROR impl.MiniRaftCluster (MiniRaftCluster.java:runWithNewCluster(144)) - Failed org.apache.ratis.server.impl.MiniRaftCluster$Factory$Get.runWithNewCluster(MiniRaftCluster.java:121)
org.apache.ratis.protocol.exceptions.RaftRetryFailureException: Failed RaftClientRequest:client-637778CCA44E->s1@group-F05F6F172674, cid=66, seq=0, RO, QUERY for 3 attempts with ExceptionDependentRetry(maxAttempts=2147483647; defaultPolicy=NoRetry; map={org.apache.ratis.protocol.exceptions.ReadIndexException->RetryForeverWithSleep(sleepTime = 100ms)})
	at org.apache.ratis.client.impl.RaftClientImpl.noMoreRetries(RaftClientImpl.java:306)
	at org.apache.ratis.client.impl.BlockingImpl.sendRequestWithRetry(BlockingImpl.java:119)
	at org.apache.ratis.client.impl.BlockingImpl.send(BlockingImpl.java:85)
	at org.apache.ratis.client.impl.BlockingImpl.sendReadOnly(BlockingImpl.java:64)
	at org.apache.ratis.client.api.BlockingApi.sendReadOnly(BlockingApi.java:45)
	at org.apache.ratis.ReadOnlyRequestTests.testFollowerLinearizableReadRetryWhenLeaderDown(ReadOnlyRequestTests.java:242)
	at org.apache.ratis.server.impl.MiniRaftCluster$Factory$Get.runWithNewCluster(MiniRaftCluster.java:141)
	at org.apache.ratis.server.impl.MiniRaftCluster$Factory$Get.runWithNewCluster(MiniRaftCluster.java:121)
	at org.apache.ratis.ReadOnlyRequestTests.testFollowerLinearizableReadRetryWhenLeaderDown(ReadOnlyRequestTests.java:218)
	at java.base/jdk.internal.reflect.NativeMethodAccessorImpl.invoke0(Native Method)
	at java.base/jdk.internal.reflect.NativeMethodAccessorImpl.invoke(NativeMethodAccessorImpl.java:62)
	at java.base/jdk.internal.reflect.DelegatingMethodAccessorImpl.invoke(DelegatingMethodAccessorImpl.java:43)
	at java.base/java.lang.reflect.Method.invoke(Method.java:566)
	at org.junit.runners.model.FrameworkMethod$1.runReflectiveCall(FrameworkMethod.java:59)
	at org.junit.internal.runners.model.ReflectiveCallable.run(ReflectiveCallable.java:12)
	at org.junit.runners.model.FrameworkMethod.invokeExplosively(FrameworkMethod.java:56)
	at org.junit.internal.runners.statements.InvokeMethod.evaluate(InvokeMethod.java:17)
	at org.junit.internal.runners.statements.RunBefores.evaluate(RunBefores.java:26)
	at org.junit.internal.runners.statements.RunAfters.evaluate(RunAfters.java:27)
	at org.junit.internal.runners.statements.FailOnTimeout$CallableStatement.call(FailOnTimeout.java:299)
	at org.junit.internal.runners.statements.FailOnTimeout$CallableStatement.call(FailOnTimeout.java:293)
	at java.base/java.util.concurrent.FutureTask.run(FutureTask.java:264)
	at java.base/java.lang.Thread.run(Thread.java:829)
Caused by: java.io.IOException: java.lang.IllegalStateException: Unexpected IOException when writing an object to a ByteString.
	at org.apache.ratis.util.IOUtils.asIOException(IOUtils.java:56)
	at org.apache.ratis.grpc.GrpcUtil.tryUnwrapException(GrpcUtil.java:121)
	at org.apache.ratis.grpc.GrpcUtil.unwrapException(GrpcUtil.java:91)
	at org.apache.ratis.grpc.GrpcUtil.unwrapIOException(GrpcUtil.java:152)
	at org.apache.ratis.grpc.client.GrpcClientRpc$1.onError(GrpcClientRpc.java:156)
	at org.apache.ratis.thirdparty.io.grpc.stub.ClientCalls$StreamObserverToCallListenerAdapter.onClose(ClientCalls.java:487)
	at org.apache.ratis.thirdparty.io.grpc.PartialForwardingClientCallListener.onClose(PartialForwardingClientCallListener.java:39)
	at org.apache.ratis.thirdparty.io.grpc.ForwardingClientCallListener.onClose(ForwardingClientCallListener.java:23)
	at org.apache.ratis.grpc.metrics.intercept.client.MetricClientCallListener.onClose(MetricClientCallListener.java:47)
	at org.apache.ratis.thirdparty.io.grpc.internal.ClientCallImpl.closeObserver(ClientCallImpl.java:562)
	at org.apache.ratis.thirdparty.io.grpc.internal.ClientCallImpl.access$300(ClientCallImpl.java:70)
	at org.apache.ratis.thirdparty.io.grpc.internal.ClientCallImpl$ClientStreamListenerImpl$1StreamClosed.runInternal(ClientCallImpl.java:743)
	at org.apache.ratis.thirdparty.io.grpc.internal.ClientCallImpl$ClientStreamListenerImpl$1StreamClosed.runInContext(ClientCallImpl.java:722)
	at org.apache.ratis.thirdparty.io.grpc.internal.ContextRunnable.run(ContextRunnable.java:37)
	at org.apache.ratis.thirdparty.io.grpc.internal.SerializingExecutor.run(SerializingExecutor.java:133)
	at java.base/java.util.concurrent.ThreadPoolExecutor.runWorker(ThreadPoolExecutor.java:1128)
	at java.base/java.util.concurrent.ThreadPoolExecutor$Worker.run(ThreadPoolExecutor.java:628)
	... 1 more
Caused by: java.lang.IllegalStateException: Unexpected IOException when writing an object to a ByteString.
	at java.base/jdk.internal.reflect.NativeConstructorAccessorImpl.newInstance0(Native Method)
	at java.base/jdk.internal.reflect.NativeConstructorAccessorImpl.newInstance(NativeConstructorAccessorImpl.java:62)
	at java.base/jdk.internal.reflect.DelegatingConstructorAccessorImpl.newInstance(DelegatingConstructorAccessorImpl.java:45)
	at java.base/java.lang.reflect.Constructor.newInstance(Constructor.java:490)
	at org.apache.ratis.util.ReflectionUtils.instantiateException(ReflectionUtils.java:259)
	at org.apache.ratis.grpc.GrpcUtil.tryUnwrapException(GrpcUtil.java:120)
	... 16 more
Caused by: org.apache.ratis.thirdparty.io.grpc.StatusRuntimeException: INTERNAL: Unexpected IOException when writing an object to a ByteString.
	at org.apache.ratis.thirdparty.io.grpc.Status.asRuntimeException(Status.java:535)
	... 13 more
	Suppressed: java.lang.IllegalStateException: Failed to cast to class java.io.IOException, object=java.lang.IllegalStateException: Unexpected IOException when writing an object to a ByteString.
	at org.apache.ratis.util.ProtoUtils.writeObject2ByteString(ProtoUtils.java:55)
	at java.base/java.util.Optional.map(Optional.java:265)
	at org.apache.ratis.util.ProtoUtils.toThrowableProto(ProtoUtils.java:71)
	at java.base/java.util.Optional.map(Optional.java:265)
	at org.apache.ratis.client.impl.ClientProtoUtils.toRaftClientReplyProto(ClientProtoUtils.java:359)
	at org.apache.ratis.grpc.server.GrpcClientProtocolService$UnorderedRequestStreamObserver.lambda$processClientRequest$0(GrpcClientProtocolService.java:286)
	at java.base/java.util.concurrent.CompletableFuture$UniAccept.tryFire(CompletableFuture.java:714)
	at java.base/java.util.concurrent.CompletableFuture$Completion.run(CompletableFuture.java:478)
	at java.base/java.util.concurrent.ThreadPoolExecutor.runWorker(ThreadPoolExecutor.java:1128)
	at java.base/java.util.concurrent.ThreadPoolExecutor$Worker.run(ThreadPoolExecutor.java:628)
	at java.base/java.lang.Thread.run(Thread.java:829)
Caused by: java.io.NotSerializableException: org.apache.ratis.protocol.RaftGroupMemberId
	at java.base/java.io.ObjectOutputStream.writeObject0(ObjectOutputStream.java:1175)
	at java.base/java.io.ObjectOutputStream.defaultWriteFields(ObjectOutputStream.java:1543)
	at java.base/java.io.ObjectOutputStream.writeSerialData(ObjectOutputStream.java:1500)
	at java.base/java.io.ObjectOutputStream.writeOrdinaryObject(ObjectOutputStream.java:1423)
	at java.base/java.io.ObjectOutputStream.writeObject0(ObjectOutputStream.java:1169)
	at java.base/java.io.ObjectOutputStream.writeObject(ObjectOutputStream.java:345)
	at org.apache.ratis.util.ProtoUtils.writeObject2ByteString(ProtoUtils.java:53)
	... 10 more

		at org.apache.ratis.util.IOUtils.readObject(IOUtils.java:237)
		at org.apache.ratis.util.IOUtils.bytes2Object(IOUtils.java:214)
		at org.apache.ratis.grpc.GrpcUtil.tryUnwrapException(GrpcUtil.java:109)
		at org.apache.ratis.grpc.GrpcUtil.unwrapException(GrpcUtil.java:91)
		at org.apache.ratis.grpc.GrpcUtil.unwrapIOException(GrpcUtil.java:152)
		at org.apache.ratis.grpc.client.GrpcClientRpc$1.onError(GrpcClientRpc.java:156)
		... 13 more
	Caused by: java.lang.ClassCastException: Cannot cast java.lang.IllegalStateException to java.io.IOException
		at java.base/java.lang.Class.cast(Class.java:3605)
		at org.apache.ratis.util.IOUtils.readObject(IOUtils.java:234)
		... 18 more
2022-10-27 13:06:14,448 [Time-limited test] INFO  impl.MiniRaftCluster (MiniRaftCluster.java:shutdown(831)) - ************************************************************** 
2022-10-27 13:06:14,448 [Time-limited test] INFO  impl.MiniRaftCluster (MiniRaftCluster.java:shutdown(832)) - *** 
2022-10-27 13:06:14,449 [Time-limited test] INFO  impl.MiniRaftCluster (MiniRaftCluster.java:shutdown(833)) - ***     Stopping MiniRaftClusterWithGrpc
2022-10-27 13:06:14,449 [Time-limited test] INFO  impl.MiniRaftCluster (MiniRaftCluster.java:shutdown(834)) - *** 
2022-10-27 13:06:14,449 [Time-limited test] INFO  impl.MiniRaftCluster (MiniRaftCluster.java:shutdown(835)) - ************************************************************** 
2022-10-27 13:06:14,449 [Time-limited test] INFO  impl.MiniRaftCluster (MiniRaftCluster.java:shutdown(836)) - printing ALL groups
  s0:  RUNNING  FOLLOWER s0@group-F05F6F172674:t2, leader=s1, voted=s1, raftlog=Memoized:s0@group-F05F6F172674-SegmentedRaftLog:OPENED:c3, conf=3: peers:[s0|rpc:localhost:44003|admin:localhost:35261|client:localhost:39579|dataStream:localhost:46615|priority:0|startupRole:FOLLOWER, s1|rpc:localhost:42689|admin:localhost:45893|client:localhost:35295|dataStream:localhost:33543|priority:0|startupRole:FOLLOWER, s2|rpc:localhost:41311|admin:localhost:32839|client:localhost:34057|dataStream:localhost:45081|priority:0|startupRole:FOLLOWER]|listeners:[], old=null RUNNING
  s1:  RUNNING    LEADER s1@group-F05F6F172674:t2, leader=s1, voted=s1, raftlog=Memoized:s1@group-F05F6F172674-SegmentedRaftLog:OPENED:c4, conf=3: peers:[s0|rpc:localhost:44003|admin:localhost:35261|client:localhost:39579|dataStream:localhost:46615|priority:0|startupRole:FOLLOWER, s1|rpc:localhost:42689|admin:localhost:45893|client:localhost:35295|dataStream:localhost:33543|priority:0|startupRole:FOLLOWER, s2|rpc:localhost:41311|admin:localhost:32839|client:localhost:34057|dataStream:localhost:45081|priority:0|startupRole:FOLLOWER]|listeners:[], old=null RUNNING
  s2:  RUNNING  FOLLOWER s2@group-F05F6F172674:t2, leader=s1, voted=s1, raftlog=Memoized:s2@group-F05F6F172674-SegmentedRaftLog:OPENED:c3, conf=3: peers:[s0|rpc:localhost:44003|admin:localhost:35261|client:localhost:39579|dataStream:localhost:46615|priority:0|startupRole:FOLLOWER, s1|rpc:localhost:42689|admin:localhost:45893|client:localhost:35295|dataStream:localhost:33543|priority:0|startupRole:FOLLOWER, s2|rpc:localhost:41311|admin:localhost:32839|client:localhost:34057|dataStream:localhost:45081|priority:0|startupRole:FOLLOWER]|listeners:[], old=null RUNNING
2022-10-27 13:06:14,453 [MiniRaftCluster-31] INFO  server.RaftServer (RaftServerProxy.java:lambda$close$7(412)) - s0: close
2022-10-27 13:06:14,454 [MiniRaftCluster-32] INFO  server.RaftServer (RaftServerProxy.java:lambda$close$7(412)) - s1: close
2022-10-27 13:06:14,458 [MiniRaftCluster-31] INFO  server.GrpcService (GrpcService.java:closeImpl(319)) - s0: shutdown server org.apache.ratis.grpc.server.GrpcClientProtocolService now
2022-10-27 13:06:14,458 [s0-impl-thread1] INFO  server.RaftServer$Division (RaftServerImpl.java:lambda$close$4(462)) - s0@group-F05F6F172674: shutdown
2022-10-27 13:06:14,458 [s0-impl-thread1] INFO  util.JmxRegister (JmxRegister.java:unregister(73)) - Successfully un-registered JMX Bean with object name Ratis:service=RaftServer,group=group-F05F6F172674,id=s0
2022-10-27 13:06:14,458 [s0-impl-thread1] INFO  impl.RoleInfo (RoleInfo.java:shutdownFollowerState(110)) - s0: shutdown s0@group-F05F6F172674-FollowerState
2022-10-27 13:06:14,458 [s0-impl-thread1] INFO  impl.StateMachineUpdater (StateMachineUpdater.java:stopAndJoin(154)) - s0@group-F05F6F172674-StateMachineUpdater: set stopIndex = 3
2022-10-27 13:06:14,459 [s0-impl-thread1] INFO  server.RaftServer$Division (ServerState.java:close(412)) - s0@group-F05F6F172674: applyIndex: 3
2022-10-27 13:06:14,459 [s0@group-F05F6F172674-SegmentedRaftLogWorker] INFO  segmented.SegmentedRaftLogWorker (SegmentedRaftLogWorker.java:run(333)) - s0@group-F05F6F172674-SegmentedRaftLogWorker was interrupted, exiting. There are 0 tasks remaining in the queue.
2022-10-27 13:06:14,459 [MiniRaftCluster-31] INFO  server.GrpcService (GrpcService.java:closeImpl(328)) - s0: shutdown server org.apache.ratis.grpc.server.GrpcClientProtocolService successfully
2022-10-27 13:06:14,459 [MiniRaftCluster-31] INFO  server.GrpcService (GrpcService.java:closeImpl(319)) - s0: shutdown server GrpcServerProtocolService now
2022-10-27 13:06:14,459 [s0@group-F05F6F172674-FollowerState] INFO  impl.FollowerState (FollowerState.java:run(152)) - s0@group-F05F6F172674-FollowerState was interrupted
2022-10-27 13:06:14,459 [s1-impl-thread1] INFO  server.RaftServer$Division (RaftServerImpl.java:lambda$close$4(462)) - s1@group-F05F6F172674: shutdown
2022-10-27 13:06:14,459 [s1-impl-thread1] INFO  util.JmxRegister (JmxRegister.java:unregister(73)) - Successfully un-registered JMX Bean with object name Ratis:service=RaftServer,group=group-F05F6F172674,id=s1
2022-10-27 13:06:14,460 [s1-impl-thread1] INFO  impl.RoleInfo (RoleInfo.java:shutdownLeaderState(93)) - s1: shutdown s1@group-F05F6F172674-LeaderStateImpl
2022-10-27 13:06:14,460 [s1-impl-thread1] INFO  impl.PendingRequests (PendingRequests.java:sendNotLeaderResponses(282)) - s1@group-F05F6F172674-PendingRequests: sendNotLeaderResponses
2022-10-27 13:06:14,460 [s1@group-F05F6F172674->s0-GrpcLogAppender-LogAppenderDaemon] WARN  server.GrpcLogAppender (GrpcLogAppender.java:mayWait(199)) - s1@group-F05F6F172674->s0-GrpcLogAppender: Wait interrupted by java.lang.InterruptedException
2022-10-27 13:06:14,460 [s1@group-F05F6F172674->s2-GrpcLogAppender-LogAppenderDaemon] WARN  server.GrpcLogAppender (GrpcLogAppender.java:mayWait(199)) - s1@group-F05F6F172674->s2-GrpcLogAppender: Wait interrupted by java.lang.InterruptedException
2022-10-27 13:06:14,461 [MiniRaftCluster-32] INFO  server.GrpcService (GrpcService.java:closeImpl(319)) - s1: shutdown server org.apache.ratis.grpc.server.GrpcClientProtocolService now
2022-10-27 13:06:14,461 [grpc-default-executor-9] INFO  server.GrpcServerProtocolService (GrpcServerProtocolService.java:onCompleted(143)) - s2: Completed APPEND_ENTRIES, lastRequest: s1->s2#2-t2,previous=(t:2, i:3),leaderCommit=3,initializing? true,entries: size=1, first=(t:2, i:4), METADATAENTRY(c:3)
2022-10-27 13:06:14,461 [grpc-default-executor-6] INFO  server.GrpcServerProtocolService (GrpcServerProtocolService.java:onCompleted(143)) - s2: Completed APPEND_ENTRIES, lastRequest: null
2022-10-27 13:06:14,461 [grpc-default-executor-11] INFO  server.GrpcServerProtocolService (GrpcServerProtocolService.java:onCompleted(143)) - s0: Completed APPEND_ENTRIES, lastRequest: null
2022-10-27 13:06:14,462 [grpc-default-executor-0] INFO  server.GrpcServerProtocolService (GrpcServerProtocolService.java:onCompleted(143)) - s0: Completed APPEND_ENTRIES, lastRequest: s1->s0#2-t2,previous=(t:2, i:3),leaderCommit=3,initializing? true,entries: size=1, first=(t:2, i:4), METADATAENTRY(c:3)
2022-10-27 13:06:14,462 [MiniRaftCluster-31] INFO  server.GrpcService (GrpcService.java:closeImpl(328)) - s0: shutdown server GrpcServerProtocolService successfully
2022-10-27 13:06:14,462 [MiniRaftCluster-31] INFO  server.GrpcService (GrpcService.java:closeImpl(319)) - s0: shutdown server org.apache.ratis.grpc.server.GrpcAdminProtocolService now
2022-10-27 13:06:14,464 [MiniRaftCluster-33] INFO  server.RaftServer (RaftServerProxy.java:lambda$close$7(412)) - s2: close
2022-10-27 13:06:14,464 [grpc-default-executor-0] INFO  server.GrpcLogAppender (GrpcLogAppender.java:onError(402)) - s1@group-F05F6F172674->s0-GrpcLogAppender is already stopped
2022-10-27 13:06:14,465 [grpc-default-executor-9] INFO  server.GrpcLogAppender (GrpcLogAppender.java:onError(402)) - s1@group-F05F6F172674->s0-GrpcLogAppender is already stopped
2022-10-27 13:06:14,465 [grpc-default-executor-6] INFO  server.GrpcLogAppender (GrpcLogAppender.java:onCompleted(413)) - s1@group-F05F6F172674->s2-AppendLogResponseHandler: follower responses appendEntries COMPLETED
2022-10-27 13:06:14,465 [grpc-default-executor-6] INFO  leader.FollowerInfo (FollowerInfoImpl.java:lambda$new$0(48)) - s1@group-F05F6F172674->s2: nextIndex: updateUnconditionally 5 -> 4
2022-10-27 13:06:14,465 [MiniRaftCluster-31] INFO  server.GrpcService (GrpcService.java:closeImpl(328)) - s0: shutdown server org.apache.ratis.grpc.server.GrpcAdminProtocolService successfully
2022-10-27 13:06:14,465 [grpc-default-executor-11] INFO  server.GrpcLogAppender (GrpcLogAppender.java:onCompleted(413)) - s1@group-F05F6F172674->s2-AppendLogResponseHandler: follower responses appendEntries COMPLETED
2022-10-27 13:06:14,465 [grpc-default-executor-11] INFO  leader.FollowerInfo (FollowerInfoImpl.java:lambda$new$0(48)) - s1@group-F05F6F172674->s2: nextIndex: updateUnconditionally 4 -> 3
2022-10-27 13:06:14,466 [ForkJoinPool.commonPool-worker-3] INFO  server.GrpcServerProtocolClient (GrpcServerProtocolClient.java:close(111)) - s0 Close channels
2022-10-27 13:06:14,467 [s0-impl-thread1] INFO  segmented.SegmentedRaftLogWorker (SegmentedRaftLogWorker.java:close(246)) - s0@group-F05F6F172674-SegmentedRaftLogWorker close()
2022-10-27 13:06:14,468 [s1-impl-thread1] INFO  impl.StateMachineUpdater (StateMachineUpdater.java:stopAndJoin(154)) - s1@group-F05F6F172674-StateMachineUpdater: set stopIndex = 4
2022-10-27 13:06:14,468 [s1-impl-thread1] INFO  server.RaftServer$Division (ServerState.java:close(412)) - s1@group-F05F6F172674: applyIndex: 4
2022-10-27 13:06:14,468 [s1@group-F05F6F172674-SegmentedRaftLogWorker] INFO  segmented.SegmentedRaftLogWorker (SegmentedRaftLogWorker.java:run(333)) - s1@group-F05F6F172674-SegmentedRaftLogWorker was interrupted, exiting. There are 0 tasks remaining in the queue.
2022-10-27 13:06:14,467 [MiniRaftCluster-33] INFO  server.GrpcService (GrpcService.java:closeImpl(319)) - s2: shutdown server org.apache.ratis.grpc.server.GrpcClientProtocolService now
2022-10-27 13:06:14,468 [s2-impl-thread1] INFO  server.RaftServer$Division (RaftServerImpl.java:lambda$close$4(462)) - s2@group-F05F6F172674: shutdown
2022-10-27 13:06:14,469 [s2-impl-thread1] INFO  util.JmxRegister (JmxRegister.java:unregister(73)) - Successfully un-registered JMX Bean with object name Ratis:service=RaftServer,group=group-F05F6F172674,id=s2
2022-10-27 13:06:14,469 [s2-impl-thread1] INFO  impl.RoleInfo (RoleInfo.java:shutdownFollowerState(110)) - s2: shutdown s2@group-F05F6F172674-FollowerState
2022-10-27 13:06:14,469 [s2-impl-thread1] INFO  impl.StateMachineUpdater (StateMachineUpdater.java:stopAndJoin(154)) - s2@group-F05F6F172674-StateMachineUpdater: set stopIndex = 3
2022-10-27 13:06:14,469 [s2@group-F05F6F172674-FollowerState] INFO  impl.FollowerState (FollowerState.java:run(152)) - s2@group-F05F6F172674-FollowerState was interrupted
2022-10-27 13:06:14,469 [ForkJoinPool.commonPool-worker-3] INFO  server.GrpcServerProtocolClient (GrpcServerProtocolClient.java:close(111)) - s1 Close channels
2022-10-27 13:06:14,469 [MiniRaftCluster-33] INFO  server.GrpcService (GrpcService.java:closeImpl(328)) - s2: shutdown server org.apache.ratis.grpc.server.GrpcClientProtocolService successfully
2022-10-27 13:06:14,469 [MiniRaftCluster-33] INFO  server.GrpcService (GrpcService.java:closeImpl(319)) - s2: shutdown server GrpcServerProtocolService now
2022-10-27 13:06:14,472 [s1-impl-thread1] INFO  segmented.SegmentedRaftLogWorker (SegmentedRaftLogWorker.java:close(246)) - s1@group-F05F6F172674-SegmentedRaftLogWorker close()
2022-10-27 13:06:14,472 [ForkJoinPool.commonPool-worker-3] INFO  server.GrpcServerProtocolClient (GrpcServerProtocolClient.java:close(111)) - s2 Close channels
2022-10-27 13:06:14,469 [s2-impl-thread1] INFO  server.RaftServer$Division (ServerState.java:close(412)) - s2@group-F05F6F172674: applyIndex: 3
2022-10-27 13:06:14,473 [s2@group-F05F6F172674-SegmentedRaftLogWorker] INFO  segmented.SegmentedRaftLogWorker (SegmentedRaftLogWorker.java:run(333)) - s2@group-F05F6F172674-SegmentedRaftLogWorker was interrupted, exiting. There are 0 tasks remaining in the queue.
2022-10-27 13:06:14,469 [JvmPauseMonitor15] INFO  util.JvmPauseMonitor (JvmPauseMonitor.java:run(111)) - JvmPauseMonitor-s0: Stopped
2022-10-27 13:06:14,476 [s2-impl-thread1] INFO  segmented.SegmentedRaftLogWorker (SegmentedRaftLogWorker.java:close(246)) - s2@group-F05F6F172674-SegmentedRaftLogWorker close()
2022-10-27 13:06:14,477 [MiniRaftCluster-32] INFO  server.GrpcService (GrpcService.java:closeImpl(328)) - s1: shutdown server org.apache.ratis.grpc.server.GrpcClientProtocolService successfully
2022-10-27 13:06:14,477 [MiniRaftCluster-32] INFO  server.GrpcService (GrpcService.java:closeImpl(319)) - s1: shutdown server GrpcServerProtocolService now
2022-10-27 13:06:14,477 [MiniRaftCluster-33] INFO  server.GrpcService (GrpcService.java:closeImpl(328)) - s2: shutdown server GrpcServerProtocolService successfully
2022-10-27 13:06:14,477 [MiniRaftCluster-33] INFO  server.GrpcService (GrpcService.java:closeImpl(319)) - s2: shutdown server org.apache.ratis.grpc.server.GrpcAdminProtocolService now
2022-10-27 13:06:14,478 [MiniRaftCluster-32] INFO  server.GrpcService (GrpcService.java:closeImpl(328)) - s1: shutdown server GrpcServerProtocolService successfully
2022-10-27 13:06:14,478 [MiniRaftCluster-32] INFO  server.GrpcService (GrpcService.java:closeImpl(319)) - s1: shutdown server org.apache.ratis.grpc.server.GrpcAdminProtocolService now
2022-10-27 13:06:14,478 [MiniRaftCluster-33] INFO  server.GrpcService (GrpcService.java:closeImpl(328)) - s2: shutdown server org.apache.ratis.grpc.server.GrpcAdminProtocolService successfully
2022-10-27 13:06:14,478 [MiniRaftCluster-32] INFO  server.GrpcService (GrpcService.java:closeImpl(328)) - s1: shutdown server org.apache.ratis.grpc.server.GrpcAdminProtocolService successfully
2022-10-27 13:06:14,479 [JvmPauseMonitor16] INFO  util.JvmPauseMonitor (JvmPauseMonitor.java:run(111)) - JvmPauseMonitor-s1: Stopped
2022-10-27 13:06:14,480 [JvmPauseMonitor17] INFO  util.JvmPauseMonitor (JvmPauseMonitor.java:run(111)) - JvmPauseMonitor-s2: Stopped
2022-10-27 13:06:14,487 [Time-limited test] INFO  impl.MiniRaftCluster (MiniRaftCluster.java:shutdown(855)) - MiniRaftClusterWithGrpc shutdown completed
]]></system-out>
  </testcase>
</testsuite>