<?xml version="1.0" encoding="UTF-8"?>
<testsuite xmlns:xsi="http://www.w3.org/2001/XMLSchema-instance" xsi:noNamespaceSchemaLocation="https://maven.apache.org/surefire/maven-surefire-plugin/xsd/surefire-test-report-3.0.xsd" version="3.0" name="org.apache.ratis.grpc.util.TestStreamObserverWithTimeout" time="2.692" tests="3" errors="1" skipped="0" failures="0">
  <properties>
    <property name="awt.toolkit" value="sun.awt.X11.XToolkit"/>
    <property name="java.specification.version" value="11"/>
    <property name="sun.cpu.isalist" value=""/>
    <property name="sun.jnu.encoding" value="UTF-8"/>
    <property name="java.class.path" value="/home/runner/work/ratis/ratis/ratis-test/target/test-classes:/home/runner/work/ratis/ratis/ratis-test/target/classes:/home/runner/work/ratis/ratis/ratis-common/target/classes:/home/runner/.m2/repository/org/apache/ratis/ratis-thirdparty-misc/1.0.4/ratis-thirdparty-misc-1.0.4.jar:/home/runner/work/ratis/ratis/ratis-proto/target/ratis-proto-3.0.0-SNAPSHOT.jar:/home/runner/work/ratis/ratis/ratis-common/target/test-classes:/home/runner/work/ratis/ratis/ratis-client/target/classes:/home/runner/work/ratis/ratis/ratis-server/target/classes:/home/runner/work/ratis/ratis/ratis-server-api/target/classes:/home/runner/work/ratis/ratis/ratis-metrics-api/target/classes:/home/runner/work/ratis/ratis/ratis-server/target/test-classes:/home/runner/work/ratis/ratis/ratis-metrics-default/target/classes:/home/runner/work/ratis/ratis/ratis-netty/target/classes:/home/runner/work/ratis/ratis/ratis-netty/target/test-classes:/home/runner/work/ratis/ratis/ratis-grpc/target/classes:/home/runner/work/ratis/ratis/ratis-grpc/target/test-classes:/home/runner/work/ratis/ratis/ratis-shell/target/classes:/home/runner/.m2/repository/commons-cli/commons-cli/1.5.0/commons-cli-1.5.0.jar:/home/runner/.m2/repository/org/reflections/reflections/0.10.2/reflections-0.10.2.jar:/home/runner/.m2/repository/org/javassist/javassist/3.28.0-GA/javassist-3.28.0-GA.jar:/home/runner/.m2/repository/com/google/code/findbugs/jsr305/3.0.2/jsr305-3.0.2.jar:/home/runner/.m2/repository/org/bouncycastle/bcprov-jdk15on/1.70/bcprov-jdk15on-1.70.jar:/home/runner/.m2/repository/org/bouncycastle/bcpkix-jdk15on/1.70/bcpkix-jdk15on-1.70.jar:/home/runner/.m2/repository/org/bouncycastle/bcutil-jdk15on/1.70/bcutil-jdk15on-1.70.jar:/home/runner/.m2/repository/org/slf4j/slf4j-api/2.0.7/slf4j-api-2.0.7.jar:/home/runner/.m2/repository/org/slf4j/slf4j-reload4j/2.0.7/slf4j-reload4j-2.0.7.jar:/home/runner/.m2/repository/ch/qos/reload4j/reload4j/1.2.22/reload4j-1.2.22.jar:/home/runner/.m2/repository/junit/junit/4.13.2/junit-4.13.2.jar:/home/runner/.m2/repository/org/hamcrest/hamcrest-core/1.3/hamcrest-core-1.3.jar:/home/runner/.m2/repository/org/mockito/mockito-core/4.3.1/mockito-core-4.3.1.jar:/home/runner/.m2/repository/net/bytebuddy/byte-buddy/1.12.7/byte-buddy-1.12.7.jar:/home/runner/.m2/repository/net/bytebuddy/byte-buddy-agent/1.12.7/byte-buddy-agent-1.12.7.jar:/home/runner/.m2/repository/org/objenesis/objenesis/3.2/objenesis-3.2.jar:"/>
    <property name="java.vm.vendor" value="Eclipse Adoptium"/>
    <property name="sun.arch.data.model" value="64"/>
    <property name="java.vendor.url" value="https://adoptium.net/"/>
    <property name="user.timezone" value=""/>
    <property name="java.vm.specification.version" value="11"/>
    <property name="os.name" value="Linux"/>
    <property name="sun.java.launcher" value="SUN_STANDARD"/>
    <property name="sun.boot.library.path" value="/usr/lib/jvm/temurin-11-jdk-amd64/lib"/>
    <property name="sun.java.command" value="/home/runner/work/ratis/ratis/ratis-test/target/surefire/surefirebooter-20230328132255995_67.jar /home/runner/work/ratis/ratis/ratis-test/target/surefire 2023-03-28T13-22-04_133-jvmRun1 surefire-20230328132255995_65tmp surefire_8-20230328132255995_66tmp"/>
    <property name="jdk.debug" value="release"/>
    <property name="surefire.test.class.path" value="/home/runner/work/ratis/ratis/ratis-test/target/test-classes:/home/runner/work/ratis/ratis/ratis-test/target/classes:/home/runner/work/ratis/ratis/ratis-common/target/classes:/home/runner/.m2/repository/org/apache/ratis/ratis-thirdparty-misc/1.0.4/ratis-thirdparty-misc-1.0.4.jar:/home/runner/work/ratis/ratis/ratis-proto/target/ratis-proto-3.0.0-SNAPSHOT.jar:/home/runner/work/ratis/ratis/ratis-common/target/test-classes:/home/runner/work/ratis/ratis/ratis-client/target/classes:/home/runner/work/ratis/ratis/ratis-server/target/classes:/home/runner/work/ratis/ratis/ratis-server-api/target/classes:/home/runner/work/ratis/ratis/ratis-metrics-api/target/classes:/home/runner/work/ratis/ratis/ratis-server/target/test-classes:/home/runner/work/ratis/ratis/ratis-metrics-default/target/classes:/home/runner/work/ratis/ratis/ratis-netty/target/classes:/home/runner/work/ratis/ratis/ratis-netty/target/test-classes:/home/runner/work/ratis/ratis/ratis-grpc/target/classes:/home/runner/work/ratis/ratis/ratis-grpc/target/test-classes:/home/runner/work/ratis/ratis/ratis-shell/target/classes:/home/runner/.m2/repository/commons-cli/commons-cli/1.5.0/commons-cli-1.5.0.jar:/home/runner/.m2/repository/org/reflections/reflections/0.10.2/reflections-0.10.2.jar:/home/runner/.m2/repository/org/javassist/javassist/3.28.0-GA/javassist-3.28.0-GA.jar:/home/runner/.m2/repository/com/google/code/findbugs/jsr305/3.0.2/jsr305-3.0.2.jar:/home/runner/.m2/repository/org/bouncycastle/bcprov-jdk15on/1.70/bcprov-jdk15on-1.70.jar:/home/runner/.m2/repository/org/bouncycastle/bcpkix-jdk15on/1.70/bcpkix-jdk15on-1.70.jar:/home/runner/.m2/repository/org/bouncycastle/bcutil-jdk15on/1.70/bcutil-jdk15on-1.70.jar:/home/runner/.m2/repository/org/slf4j/slf4j-api/2.0.7/slf4j-api-2.0.7.jar:/home/runner/.m2/repository/org/slf4j/slf4j-reload4j/2.0.7/slf4j-reload4j-2.0.7.jar:/home/runner/.m2/repository/ch/qos/reload4j/reload4j/1.2.22/reload4j-1.2.22.jar:/home/runner/.m2/repository/junit/junit/4.13.2/junit-4.13.2.jar:/home/runner/.m2/repository/org/hamcrest/hamcrest-core/1.3/hamcrest-core-1.3.jar:/home/runner/.m2/repository/org/mockito/mockito-core/4.3.1/mockito-core-4.3.1.jar:/home/runner/.m2/repository/net/bytebuddy/byte-buddy/1.12.7/byte-buddy-1.12.7.jar:/home/runner/.m2/repository/net/bytebuddy/byte-buddy-agent/1.12.7/byte-buddy-agent-1.12.7.jar:/home/runner/.m2/repository/org/objenesis/objenesis/3.2/objenesis-3.2.jar:"/>
    <property name="sun.cpu.endian" value="little"/>
    <property name="user.home" value="/home/runner"/>
    <property name="user.language" value="en"/>
    <property name="java.specification.vendor" value="Oracle Corporation"/>
    <property name="java.version.date" value="2023-01-17"/>
    <property name="java.home" value="/usr/lib/jvm/temurin-11-jdk-amd64"/>
    <property name="file.separator" value="/"/>
    <property name="basedir" value="/home/runner/work/ratis/ratis/ratis-test"/>
    <property name="java.vm.compressedOopsMode" value="32-bit"/>
    <property name="line.separator" value="&#10;"/>
    <property name="java.specification.name" value="Java Platform API Specification"/>
    <property name="java.vm.specification.vendor" value="Oracle Corporation"/>
    <property name="java.awt.graphicsenv" value="sun.awt.X11GraphicsEnvironment"/>
    <property name="surefire.real.class.path" value="/home/runner/work/ratis/ratis/ratis-test/target/surefire/surefirebooter-20230328132255995_67.jar"/>
    <property name="sun.management.compiler" value="HotSpot 64-Bit Tiered Compilers"/>
    <property name="java.runtime.version" value="11.0.18+10"/>
    <property name="user.name" value="runner"/>
    <property name="java.net.preferIPv4Stack" value="true"/>
    <property name="path.separator" value=":"/>
    <property name="os.version" value="5.15.0-1034-azure"/>
    <property name="java.runtime.name" value="OpenJDK Runtime Environment"/>
    <property name="file.encoding" value="UTF-8"/>
    <property name="java.vm.name" value="OpenJDK 64-Bit Server VM"/>
    <property name="java.vendor.version" value="Temurin-11.0.18+10"/>
    <property name="localRepository" value="/home/runner/.m2/repository"/>
    <property name="java.vendor.url.bug" value="https://github.com/adoptium/adoptium-support/issues"/>
    <property name="java.io.tmpdir" value="/tmp"/>
    <property name="java.version" value="11.0.18"/>
    <property name="user.dir" value="/home/runner/work/ratis/ratis/ratis-test"/>
    <property name="os.arch" value="amd64"/>
    <property name="ratis.tmp.dir" value="/home/runner/work/ratis/ratis/ratis-test/target/tmp"/>
    <property name="java.vm.specification.name" value="Java Virtual Machine Specification"/>
    <property name="java.awt.printerjob" value="sun.print.PSPrinterJob"/>
    <property name="ratis.log.dir" value="/home/runner/work/ratis/ratis/ratis-test/target/log"/>
    <property name="sun.os.patch.level" value="unknown"/>
    <property name="java.library.path" value="/usr/java/packages/lib:/usr/lib64:/lib64:/lib:/usr/lib"/>
    <property name="java.vm.info" value="mixed mode"/>
    <property name="java.vendor" value="Eclipse Adoptium"/>
    <property name="java.vm.version" value="11.0.18+10"/>
    <property name="sun.io.unicode.encoding" value="UnicodeLittle"/>
    <property name="java.class.version" value="55.0"/>
  </properties>
  <testcase name="testWithTimeout" classname="org.apache.ratis.grpc.util.TestStreamObserverWithTimeout" time="1.559">
    <error message="org.apache.ratis.thirdparty.io.grpc.StatusRuntimeException: CANCELLED: Cancelled by client with StreamObserver.onError()" type="java.util.concurrent.ExecutionException"><![CDATA[java.util.concurrent.ExecutionException: org.apache.ratis.thirdparty.io.grpc.StatusRuntimeException: CANCELLED: Cancelled by client with StreamObserver.onError()
	at java.base/java.util.concurrent.CompletableFuture.reportGet(CompletableFuture.java:395)
	at java.base/java.util.concurrent.CompletableFuture.get(CompletableFuture.java:1999)
	at org.apache.ratis.grpc.util.TestStreamObserverWithTimeout.runTestTimeout(TestStreamObserverWithTimeout.java:101)
	at org.apache.ratis.grpc.util.TestStreamObserverWithTimeout.testWithTimeout(TestStreamObserverWithTimeout.java:76)
	at java.base/jdk.internal.reflect.NativeMethodAccessorImpl.invoke0(Native Method)
	at java.base/jdk.internal.reflect.NativeMethodAccessorImpl.invoke(NativeMethodAccessorImpl.java:62)
	at java.base/jdk.internal.reflect.DelegatingMethodAccessorImpl.invoke(DelegatingMethodAccessorImpl.java:43)
	at java.base/java.lang.reflect.Method.invoke(Method.java:566)
	at org.junit.runners.model.FrameworkMethod$1.runReflectiveCall(FrameworkMethod.java:59)
	at org.junit.internal.runners.model.ReflectiveCallable.run(ReflectiveCallable.java:12)
	at org.junit.runners.model.FrameworkMethod.invokeExplosively(FrameworkMethod.java:56)
	at org.junit.internal.runners.statements.InvokeMethod.evaluate(InvokeMethod.java:17)
	at org.junit.internal.runners.statements.RunAfters.evaluate(RunAfters.java:27)
	at org.junit.internal.runners.statements.FailOnTimeout$CallableStatement.call(FailOnTimeout.java:299)
	at org.junit.internal.runners.statements.FailOnTimeout$CallableStatement.call(FailOnTimeout.java:293)
	at java.base/java.util.concurrent.FutureTask.run(FutureTask.java:264)
	at java.base/java.lang.Thread.run(Thread.java:829)
Caused by: org.apache.ratis.thirdparty.io.grpc.StatusRuntimeException: CANCELLED: Cancelled by client with StreamObserver.onError()
	at org.apache.ratis.thirdparty.io.grpc.Status.asRuntimeException(Status.java:539)
	at org.apache.ratis.thirdparty.io.grpc.stub.ClientCalls$StreamObserverToCallListenerAdapter.onClose(ClientCalls.java:487)
	at org.apache.ratis.thirdparty.io.grpc.PartialForwardingClientCallListener.onClose(PartialForwardingClientCallListener.java:39)
	at org.apache.ratis.thirdparty.io.grpc.ForwardingClientCallListener.onClose(ForwardingClientCallListener.java:23)
	at org.apache.ratis.thirdparty.io.grpc.ForwardingClientCallListener$SimpleForwardingClientCallListener.onClose(ForwardingClientCallListener.java:40)
	at org.apache.ratis.thirdparty.io.grpc.internal.DelayedClientCall$DelayedListener$3.run(DelayedClientCall.java:471)
	at org.apache.ratis.thirdparty.io.grpc.internal.DelayedClientCall$DelayedListener.delayOrExecute(DelayedClientCall.java:435)
	at org.apache.ratis.thirdparty.io.grpc.internal.DelayedClientCall$DelayedListener.onClose(DelayedClientCall.java:468)
	at org.apache.ratis.thirdparty.io.grpc.internal.ClientCallImpl.closeObserver(ClientCallImpl.java:563)
	at org.apache.ratis.thirdparty.io.grpc.internal.ClientCallImpl.access$300(ClientCallImpl.java:70)
	at org.apache.ratis.thirdparty.io.grpc.internal.ClientCallImpl$ClientStreamListenerImpl$1StreamClosed.runInternal(ClientCallImpl.java:744)
	at org.apache.ratis.thirdparty.io.grpc.internal.ClientCallImpl$ClientStreamListenerImpl$1StreamClosed.runInContext(ClientCallImpl.java:723)
	at org.apache.ratis.thirdparty.io.grpc.internal.ContextRunnable.run(ContextRunnable.java:37)
	at org.apache.ratis.thirdparty.io.grpc.internal.SerializingExecutor.run(SerializingExecutor.java:133)
	at java.base/java.util.concurrent.ThreadPoolExecutor.runWorker(ThreadPoolExecutor.java:1128)
	at java.base/java.util.concurrent.ThreadPoolExecutor$Worker.run(ThreadPoolExecutor.java:628)
	... 1 more
Caused by: org.apache.ratis.protocol.exceptions.TimeoutIOException: StreamObserverWithTimeout-test: Timed out 500ms for sending request name: "m1"

	at org.apache.ratis.grpc.util.StreamObserverWithTimeout.handleTimeout(StreamObserverWithTimeout.java:100)
	at org.apache.ratis.grpc.util.StreamObserverWithTimeout.lambda$onNext$1(StreamObserverWithTimeout.java:94)
	at org.apache.ratis.util.TimeoutTimer.lambda$onTimeout$2(TimeoutTimer.java:101)
	at org.apache.ratis.util.LogUtils.runAndLog(LogUtils.java:38)
	at org.apache.ratis.util.LogUtils$1.run(LogUtils.java:79)
	at org.apache.ratis.util.TimeoutTimer$Task.run(TimeoutTimer.java:55)
	at java.base/java.util.TimerThread.mainLoop(Timer.java:556)
	at java.base/java.util.TimerThread.run(Timer.java:506)
]]></error>
    <system-out><![CDATA[2023-03-28 13:25:53,514 [main] INFO  util.LogUtils (Slf4jUtils.java:setLogLevel(38)) - Successfully set org.apache.ratis.conf.ConfUtils log level to WARN
2023-03-28 13:25:53,517 [main] INFO  util.LogUtils (Slf4jUtils.java:setLogLevel(38)) - Successfully set org.apache.ratis.util.FileUtils log level to TRACE
2023-03-28 13:25:53,523 [main] INFO  util.LogUtils (Slf4jUtils.java:setLogLevel(38)) - Successfully set org.apache.ratis.grpc.util.ResponseNotifyClientInterceptor log level to TRACE
2023-03-28 13:25:53,534 [Time-limited test] INFO  util.TestStreamObserverWithTimeout (TestStreamObserverWithTimeout.java:runTestTimeout(80)) - slow = 5, WithTimeout
2023-03-28 13:25:53,915 [Time-limited test] DEBUG util.ResponseNotifyClientInterceptor (ResponseNotifyClientInterceptor.java:interceptCall(48)) - callOptions CallOptions{deadline=null, authority=null, callCredentials=null, executor=null, compressorName=null, customOptions=[[internal-stub-type, ASYNC]], waitForReady=false, maxInboundMessageSize=null, maxOutboundMessageSize=null, streamTracerFactories=[]}
2023-03-28 13:25:53,926 [Time-limited test] DEBUG util.ResponseNotifyClientInterceptor (ResponseNotifyClientInterceptor.java:start(61)) - start Metadata()
2023-03-28 13:25:53,929 [Time-limited test] INFO  util.GrpcTestClient (GrpcTestClient.java:send(111)) - send m0
2023-03-28 13:25:53,963 [Time-limited test] INFO  util.GrpcTestClient (GrpcTestClient.java:send(111)) - send m1
2023-03-28 13:25:53,964 [Time-limited test] INFO  util.GrpcTestClient (GrpcTestClient.java:send(111)) - send m2
2023-03-28 13:25:54,210 [grpc-default-executor-0] INFO  util.GrpcTestServer (GrpcTestServer.java:onNext(85)) - count = 0) Hello m0, slow = 5, sleep 125ms
2023-03-28 13:25:54,353 [grpc-default-executor-0] INFO  util.GrpcTestServer (GrpcTestServer.java:onNext(85)) - count = 1) Hello m1, slow = 5, sleep 125ms
2023-03-28 13:25:54,408 [grpc-default-executor-2] DEBUG util.ResponseNotifyClientInterceptor (ResponseNotifyClientInterceptor.java:onMessage(65)) - onMessage message: "0) Hello m0"

2023-03-28 13:25:54,413 [Time-limited test] INFO  util.GrpcTestClient (GrpcTestClient.java:send(111)) - send m3
2023-03-28 13:25:54,469 [grpc-default-executor-2] INFO  util.GrpcTestClient (GrpcTestClient.java:onError(78)) - onError
org.apache.ratis.thirdparty.io.grpc.StatusRuntimeException: CANCELLED: Cancelled by client with StreamObserver.onError()
	at org.apache.ratis.thirdparty.io.grpc.Status.asRuntimeException(Status.java:539)
	at org.apache.ratis.thirdparty.io.grpc.stub.ClientCalls$StreamObserverToCallListenerAdapter.onClose(ClientCalls.java:487)
	at org.apache.ratis.thirdparty.io.grpc.PartialForwardingClientCallListener.onClose(PartialForwardingClientCallListener.java:39)
	at org.apache.ratis.thirdparty.io.grpc.ForwardingClientCallListener.onClose(ForwardingClientCallListener.java:23)
	at org.apache.ratis.thirdparty.io.grpc.ForwardingClientCallListener$SimpleForwardingClientCallListener.onClose(ForwardingClientCallListener.java:40)
	at org.apache.ratis.thirdparty.io.grpc.internal.DelayedClientCall$DelayedListener$3.run(DelayedClientCall.java:471)
	at org.apache.ratis.thirdparty.io.grpc.internal.DelayedClientCall$DelayedListener.delayOrExecute(DelayedClientCall.java:435)
	at org.apache.ratis.thirdparty.io.grpc.internal.DelayedClientCall$DelayedListener.onClose(DelayedClientCall.java:468)
	at org.apache.ratis.thirdparty.io.grpc.internal.ClientCallImpl.closeObserver(ClientCallImpl.java:563)
	at org.apache.ratis.thirdparty.io.grpc.internal.ClientCallImpl.access$300(ClientCallImpl.java:70)
	at org.apache.ratis.thirdparty.io.grpc.internal.ClientCallImpl$ClientStreamListenerImpl$1StreamClosed.runInternal(ClientCallImpl.java:744)
	at org.apache.ratis.thirdparty.io.grpc.internal.ClientCallImpl$ClientStreamListenerImpl$1StreamClosed.runInContext(ClientCallImpl.java:723)
	at org.apache.ratis.thirdparty.io.grpc.internal.ContextRunnable.run(ContextRunnable.java:37)
	at org.apache.ratis.thirdparty.io.grpc.internal.SerializingExecutor.run(SerializingExecutor.java:133)
	at java.base/java.util.concurrent.ThreadPoolExecutor.runWorker(ThreadPoolExecutor.java:1128)
	at java.base/java.util.concurrent.ThreadPoolExecutor$Worker.run(ThreadPoolExecutor.java:628)
	at java.base/java.lang.Thread.run(Thread.java:829)
Caused by: org.apache.ratis.protocol.exceptions.TimeoutIOException: StreamObserverWithTimeout-test: Timed out 500ms for sending request name: "m1"

	at org.apache.ratis.grpc.util.StreamObserverWithTimeout.handleTimeout(StreamObserverWithTimeout.java:100)
	at org.apache.ratis.grpc.util.StreamObserverWithTimeout.lambda$onNext$1(StreamObserverWithTimeout.java:94)
	at org.apache.ratis.util.TimeoutTimer.lambda$onTimeout$2(TimeoutTimer.java:101)
	at org.apache.ratis.util.LogUtils.runAndLog(LogUtils.java:38)
	at org.apache.ratis.util.LogUtils$1.run(LogUtils.java:79)
	at org.apache.ratis.util.TimeoutTimer$Task.run(TimeoutTimer.java:55)
	at java.base/java.util.TimerThread.mainLoop(Timer.java:556)
	at java.base/java.util.TimerThread.run(Timer.java:506)
2023-03-28 13:25:54,479 [grpc-default-executor-0] ERROR util.GrpcTestServer (GrpcTestServer.java:onError(98)) - onError
org.apache.ratis.thirdparty.io.grpc.StatusRuntimeException: CANCELLED: client cancelled
	at org.apache.ratis.thirdparty.io.grpc.Status.asRuntimeException(Status.java:530)
	at org.apache.ratis.thirdparty.io.grpc.stub.ServerCalls$StreamingServerCallHandler$StreamingServerCallListener.onCancel(ServerCalls.java:291)
	at org.apache.ratis.thirdparty.io.grpc.internal.ServerCallImpl$ServerStreamListenerImpl.closedInternal(ServerCallImpl.java:378)
	at org.apache.ratis.thirdparty.io.grpc.internal.ServerCallImpl$ServerStreamListenerImpl.closed(ServerCallImpl.java:365)
	at org.apache.ratis.thirdparty.io.grpc.internal.ServerImpl$JumpToApplicationThreadServerStreamListener$1Closed.runInContext(ServerImpl.java:923)
	at org.apache.ratis.thirdparty.io.grpc.internal.ContextRunnable.run(ContextRunnable.java:37)
	at org.apache.ratis.thirdparty.io.grpc.internal.SerializingExecutor.run(SerializingExecutor.java:133)
	at java.base/java.util.concurrent.ThreadPoolExecutor.runWorker(ThreadPoolExecutor.java:1128)
	at java.base/java.util.concurrent.ThreadPoolExecutor$Worker.run(ThreadPoolExecutor.java:628)
	at java.base/java.lang.Thread.run(Thread.java:829)
2023-03-28 13:25:54,913 [Time-limited test] INFO  util.GrpcTestClient (GrpcTestClient.java:send(111)) - send m4
2023-03-28 13:25:54,913 [Time-limited test] INFO  util.GrpcTestClient (GrpcTestClient.java:send(111)) - send m5
2023-03-28 13:25:54,914 [Time-limited test] INFO  util.GrpcTestClient (GrpcTestClient.java:send(111)) - send m6
2023-03-28 13:25:54,914 [Time-limited test] INFO  util.GrpcTestClient (GrpcTestClient.java:send(111)) - send m7
2023-03-28 13:25:54,914 [Time-limited test] INFO  util.GrpcTestClient (GrpcTestClient.java:send(111)) - send m8
2023-03-28 13:25:54,915 [Time-limited test] INFO  util.GrpcTestClient (GrpcTestClient.java:send(111)) - send m9
2023-03-28 13:25:54,915 [Time-limited test] INFO  util.TestStreamObserverWithTimeout (TestStreamObserverWithTimeout.java:runTestTimeout(103)) - 0) passed
]]></system-out>
  </testcase>
  <testcase name="testWithDeadline" classname="org.apache.ratis.grpc.util.TestStreamObserverWithTimeout" time="0.531">
    <system-out><![CDATA[2023-03-28 13:25:54,934 [main] INFO  util.LogUtils (Slf4jUtils.java:setLogLevel(38)) - Successfully set org.apache.ratis.conf.ConfUtils log level to WARN
2023-03-28 13:25:54,934 [main] INFO  util.LogUtils (Slf4jUtils.java:setLogLevel(38)) - Successfully set org.apache.ratis.util.FileUtils log level to TRACE
2023-03-28 13:25:54,934 [main] INFO  util.LogUtils (Slf4jUtils.java:setLogLevel(38)) - Successfully set org.apache.ratis.grpc.util.ResponseNotifyClientInterceptor log level to TRACE
2023-03-28 13:25:54,936 [Time-limited test] INFO  util.TestStreamObserverWithTimeout (TestStreamObserverWithTimeout.java:runTestTimeout(80)) - slow = 2, WithDeadline
2023-03-28 13:25:54,942 [Time-limited test] INFO  util.GrpcTestClient (GrpcTestClient.java:send(111)) - send m0
2023-03-28 13:25:54,942 [Time-limited test] INFO  util.GrpcTestClient (GrpcTestClient.java:send(111)) - send m1
2023-03-28 13:25:54,942 [Time-limited test] INFO  util.GrpcTestClient (GrpcTestClient.java:send(111)) - send m2
2023-03-28 13:25:54,945 [Time-limited test] INFO  util.GrpcTestClient (GrpcTestClient.java:send(111)) - send m3
2023-03-28 13:25:54,956 [grpc-default-executor-2] INFO  util.GrpcTestServer (GrpcTestServer.java:onNext(85)) - count = 0) Hello m0, slow = 2, sleep 125ms
2023-03-28 13:25:55,085 [grpc-default-executor-2] INFO  util.GrpcTestServer (GrpcTestServer.java:onNext(85)) - count = 1) Hello m1, slow = 2, sleep 125ms
2023-03-28 13:25:55,085 [Time-limited test] INFO  util.TestStreamObserverWithTimeout (TestStreamObserverWithTimeout.java:runTestTimeout(103)) - 0) passed
2023-03-28 13:25:55,212 [grpc-default-executor-2] INFO  util.GrpcTestServer (GrpcTestServer.java:onNext(85)) - count = 2) Hello m2, slow = 2, sleep 1000ms
2023-03-28 13:25:55,213 [Time-limited test] INFO  util.TestStreamObserverWithTimeout (TestStreamObserverWithTimeout.java:runTestTimeout(103)) - 1) passed
2023-03-28 13:25:55,438 [grpc-default-executor-0] INFO  util.GrpcTestClient (GrpcTestClient.java:onError(78)) - onError
org.apache.ratis.thirdparty.io.grpc.StatusRuntimeException: DEADLINE_EXCEEDED: deadline exceeded after 0.488051169s. [closed=[], committed=[buffered_nanos=2086105, remote_addr=localhost/127.0.0.1:40111]]
	at org.apache.ratis.thirdparty.io.grpc.Status.asRuntimeException(Status.java:539)
	at org.apache.ratis.thirdparty.io.grpc.stub.ClientCalls$StreamObserverToCallListenerAdapter.onClose(ClientCalls.java:487)
	at org.apache.ratis.thirdparty.io.grpc.internal.DelayedClientCall$DelayedListener$3.run(DelayedClientCall.java:471)
	at org.apache.ratis.thirdparty.io.grpc.internal.DelayedClientCall$DelayedListener.delayOrExecute(DelayedClientCall.java:435)
	at org.apache.ratis.thirdparty.io.grpc.internal.DelayedClientCall$DelayedListener.onClose(DelayedClientCall.java:468)
	at org.apache.ratis.thirdparty.io.grpc.internal.ClientCallImpl.closeObserver(ClientCallImpl.java:563)
	at org.apache.ratis.thirdparty.io.grpc.internal.ClientCallImpl.access$300(ClientCallImpl.java:70)
	at org.apache.ratis.thirdparty.io.grpc.internal.ClientCallImpl$ClientStreamListenerImpl$1StreamClosed.runInternal(ClientCallImpl.java:744)
	at org.apache.ratis.thirdparty.io.grpc.internal.ClientCallImpl$ClientStreamListenerImpl$1StreamClosed.runInContext(ClientCallImpl.java:723)
	at org.apache.ratis.thirdparty.io.grpc.internal.ContextRunnable.run(ContextRunnable.java:37)
	at org.apache.ratis.thirdparty.io.grpc.internal.SerializingExecutor.run(SerializingExecutor.java:133)
	at java.base/java.util.concurrent.ThreadPoolExecutor.runWorker(ThreadPoolExecutor.java:1128)
	at java.base/java.util.concurrent.ThreadPoolExecutor$Worker.run(ThreadPoolExecutor.java:628)
	at java.base/java.lang.Thread.run(Thread.java:829)
2023-03-28 13:25:55,454 [Time-limited test] INFO  util.TestStreamObserverWithTimeout (TestStreamObserverWithTimeout.java:runTestTimeout(113)) - GOOD! 2) java.util.concurrent.CompletionException: org.apache.ratis.thirdparty.io.grpc.StatusRuntimeException: DEADLINE_EXCEEDED: deadline exceeded after 0.488051169s. [closed=[], committed=[buffered_nanos=2086105, remote_addr=localhost/127.0.0.1:40111]], {}
java.util.concurrent.ExecutionException: org.apache.ratis.thirdparty.io.grpc.StatusRuntimeException: DEADLINE_EXCEEDED: deadline exceeded after 0.488051169s. [closed=[], committed=[buffered_nanos=2086105, remote_addr=localhost/127.0.0.1:40111]]
	at java.base/java.util.concurrent.CompletableFuture.reportGet(CompletableFuture.java:395)
	at java.base/java.util.concurrent.CompletableFuture.get(CompletableFuture.java:1999)
	at org.apache.ratis.grpc.util.TestStreamObserverWithTimeout.runTestTimeout(TestStreamObserverWithTimeout.java:109)
	at org.apache.ratis.grpc.util.TestStreamObserverWithTimeout.testWithDeadline(TestStreamObserverWithTimeout.java:61)
	at java.base/jdk.internal.reflect.NativeMethodAccessorImpl.invoke0(Native Method)
	at java.base/jdk.internal.reflect.NativeMethodAccessorImpl.invoke(NativeMethodAccessorImpl.java:62)
	at java.base/jdk.internal.reflect.DelegatingMethodAccessorImpl.invoke(DelegatingMethodAccessorImpl.java:43)
	at java.base/java.lang.reflect.Method.invoke(Method.java:566)
	at org.junit.runners.model.FrameworkMethod$1.runReflectiveCall(FrameworkMethod.java:59)
	at org.junit.internal.runners.model.ReflectiveCallable.run(ReflectiveCallable.java:12)
	at org.junit.runners.model.FrameworkMethod.invokeExplosively(FrameworkMethod.java:56)
	at org.junit.internal.runners.statements.InvokeMethod.evaluate(InvokeMethod.java:17)
	at org.junit.internal.runners.statements.RunAfters.evaluate(RunAfters.java:27)
	at org.junit.internal.runners.statements.FailOnTimeout$CallableStatement.call(FailOnTimeout.java:299)
	at org.junit.internal.runners.statements.FailOnTimeout$CallableStatement.call(FailOnTimeout.java:293)
	at java.base/java.util.concurrent.FutureTask.run(FutureTask.java:264)
	at java.base/java.lang.Thread.run(Thread.java:829)
Caused by: org.apache.ratis.thirdparty.io.grpc.StatusRuntimeException: DEADLINE_EXCEEDED: deadline exceeded after 0.488051169s. [closed=[], committed=[buffered_nanos=2086105, remote_addr=localhost/127.0.0.1:40111]]
	at org.apache.ratis.thirdparty.io.grpc.Status.asRuntimeException(Status.java:539)
	at org.apache.ratis.thirdparty.io.grpc.stub.ClientCalls$StreamObserverToCallListenerAdapter.onClose(ClientCalls.java:487)
	at org.apache.ratis.thirdparty.io.grpc.internal.DelayedClientCall$DelayedListener$3.run(DelayedClientCall.java:471)
	at org.apache.ratis.thirdparty.io.grpc.internal.DelayedClientCall$DelayedListener.delayOrExecute(DelayedClientCall.java:435)
	at org.apache.ratis.thirdparty.io.grpc.internal.DelayedClientCall$DelayedListener.onClose(DelayedClientCall.java:468)
	at org.apache.ratis.thirdparty.io.grpc.internal.ClientCallImpl.closeObserver(ClientCallImpl.java:563)
	at org.apache.ratis.thirdparty.io.grpc.internal.ClientCallImpl.access$300(ClientCallImpl.java:70)
	at org.apache.ratis.thirdparty.io.grpc.internal.ClientCallImpl$ClientStreamListenerImpl$1StreamClosed.runInternal(ClientCallImpl.java:744)
	at org.apache.ratis.thirdparty.io.grpc.internal.ClientCallImpl$ClientStreamListenerImpl$1StreamClosed.runInContext(ClientCallImpl.java:723)
	at org.apache.ratis.thirdparty.io.grpc.internal.ContextRunnable.run(ContextRunnable.java:37)
	at org.apache.ratis.thirdparty.io.grpc.internal.SerializingExecutor.run(SerializingExecutor.java:133)
	at java.base/java.util.concurrent.ThreadPoolExecutor.runWorker(ThreadPoolExecutor.java:1128)
	at java.base/java.util.concurrent.ThreadPoolExecutor$Worker.run(ThreadPoolExecutor.java:628)
	... 1 more
2023-03-28 13:25:55,455 [Time-limited test] INFO  util.TestStreamObserverWithTimeout (TestStreamObserverWithTimeout.java:runTestTimeout(113)) - GOOD! 3) java.util.concurrent.CompletionException: org.apache.ratis.thirdparty.io.grpc.StatusRuntimeException: DEADLINE_EXCEEDED: deadline exceeded after 0.488051169s. [closed=[], committed=[buffered_nanos=2086105, remote_addr=localhost/127.0.0.1:40111]], {}
java.util.concurrent.ExecutionException: org.apache.ratis.thirdparty.io.grpc.StatusRuntimeException: DEADLINE_EXCEEDED: deadline exceeded after 0.488051169s. [closed=[], committed=[buffered_nanos=2086105, remote_addr=localhost/127.0.0.1:40111]]
	at java.base/java.util.concurrent.CompletableFuture.reportGet(CompletableFuture.java:395)
	at java.base/java.util.concurrent.CompletableFuture.get(CompletableFuture.java:1999)
	at org.apache.ratis.grpc.util.TestStreamObserverWithTimeout.runTestTimeout(TestStreamObserverWithTimeout.java:109)
	at org.apache.ratis.grpc.util.TestStreamObserverWithTimeout.testWithDeadline(TestStreamObserverWithTimeout.java:61)
	at java.base/jdk.internal.reflect.NativeMethodAccessorImpl.invoke0(Native Method)
	at java.base/jdk.internal.reflect.NativeMethodAccessorImpl.invoke(NativeMethodAccessorImpl.java:62)
	at java.base/jdk.internal.reflect.DelegatingMethodAccessorImpl.invoke(DelegatingMethodAccessorImpl.java:43)
	at java.base/java.lang.reflect.Method.invoke(Method.java:566)
	at org.junit.runners.model.FrameworkMethod$1.runReflectiveCall(FrameworkMethod.java:59)
	at org.junit.internal.runners.model.ReflectiveCallable.run(ReflectiveCallable.java:12)
	at org.junit.runners.model.FrameworkMethod.invokeExplosively(FrameworkMethod.java:56)
	at org.junit.internal.runners.statements.InvokeMethod.evaluate(InvokeMethod.java:17)
	at org.junit.internal.runners.statements.RunAfters.evaluate(RunAfters.java:27)
	at org.junit.internal.runners.statements.FailOnTimeout$CallableStatement.call(FailOnTimeout.java:299)
	at org.junit.internal.runners.statements.FailOnTimeout$CallableStatement.call(FailOnTimeout.java:293)
	at java.base/java.util.concurrent.FutureTask.run(FutureTask.java:264)
	at java.base/java.lang.Thread.run(Thread.java:829)
Caused by: org.apache.ratis.thirdparty.io.grpc.StatusRuntimeException: DEADLINE_EXCEEDED: deadline exceeded after 0.488051169s. [closed=[], committed=[buffered_nanos=2086105, remote_addr=localhost/127.0.0.1:40111]]
	at org.apache.ratis.thirdparty.io.grpc.Status.asRuntimeException(Status.java:539)
	at org.apache.ratis.thirdparty.io.grpc.stub.ClientCalls$StreamObserverToCallListenerAdapter.onClose(ClientCalls.java:487)
	at org.apache.ratis.thirdparty.io.grpc.internal.DelayedClientCall$DelayedListener$3.run(DelayedClientCall.java:471)
	at org.apache.ratis.thirdparty.io.grpc.internal.DelayedClientCall$DelayedListener.delayOrExecute(DelayedClientCall.java:435)
	at org.apache.ratis.thirdparty.io.grpc.internal.DelayedClientCall$DelayedListener.onClose(DelayedClientCall.java:468)
	at org.apache.ratis.thirdparty.io.grpc.internal.ClientCallImpl.closeObserver(ClientCallImpl.java:563)
	at org.apache.ratis.thirdparty.io.grpc.internal.ClientCallImpl.access$300(ClientCallImpl.java:70)
	at org.apache.ratis.thirdparty.io.grpc.internal.ClientCallImpl$ClientStreamListenerImpl$1StreamClosed.runInternal(ClientCallImpl.java:744)
	at org.apache.ratis.thirdparty.io.grpc.internal.ClientCallImpl$ClientStreamListenerImpl$1StreamClosed.runInContext(ClientCallImpl.java:723)
	at org.apache.ratis.thirdparty.io.grpc.internal.ContextRunnable.run(ContextRunnable.java:37)
	at org.apache.ratis.thirdparty.io.grpc.internal.SerializingExecutor.run(SerializingExecutor.java:133)
	at java.base/java.util.concurrent.ThreadPoolExecutor.runWorker(ThreadPoolExecutor.java:1128)
	at java.base/java.util.concurrent.ThreadPoolExecutor$Worker.run(ThreadPoolExecutor.java:628)
	... 1 more
]]></system-out>
  </testcase>
  <testcase name="testWithDeadlineFailure" classname="org.apache.ratis.grpc.util.TestStreamObserverWithTimeout" time="0.51">
    <system-out><![CDATA[2023-03-28 13:25:55,464 [main] INFO  util.LogUtils (Slf4jUtils.java:setLogLevel(38)) - Successfully set org.apache.ratis.conf.ConfUtils log level to WARN
2023-03-28 13:25:55,464 [main] INFO  util.LogUtils (Slf4jUtils.java:setLogLevel(38)) - Successfully set org.apache.ratis.util.FileUtils log level to TRACE
2023-03-28 13:25:55,464 [main] INFO  util.LogUtils (Slf4jUtils.java:setLogLevel(38)) - Successfully set org.apache.ratis.grpc.util.ResponseNotifyClientInterceptor log level to TRACE
2023-03-28 13:25:55,466 [Time-limited test] INFO  util.TestStreamObserverWithTimeout (BaseTest.java:testFailureCase(151)) - run 'total sleep time is longer than the deadline'
2023-03-28 13:25:55,466 [Time-limited test] INFO  util.TestStreamObserverWithTimeout (TestStreamObserverWithTimeout.java:runTestTimeout(80)) - slow = 5, WithDeadline
2023-03-28 13:25:55,473 [Time-limited test] INFO  util.GrpcTestClient (GrpcTestClient.java:send(111)) - send m0
2023-03-28 13:25:55,473 [Time-limited test] INFO  util.GrpcTestClient (GrpcTestClient.java:send(111)) - send m1
2023-03-28 13:25:55,480 [Time-limited test] INFO  util.GrpcTestClient (GrpcTestClient.java:send(111)) - send m2
2023-03-28 13:25:55,481 [Time-limited test] INFO  util.GrpcTestClient (GrpcTestClient.java:send(111)) - send m3
2023-03-28 13:25:55,482 [grpc-default-executor-0] INFO  util.GrpcTestServer (GrpcTestServer.java:onNext(85)) - count = 0) Hello m0, slow = 5, sleep 125ms
2023-03-28 13:25:55,484 [Time-limited test] INFO  util.GrpcTestClient (GrpcTestClient.java:send(111)) - send m4
2023-03-28 13:25:55,484 [Time-limited test] INFO  util.GrpcTestClient (GrpcTestClient.java:send(111)) - send m5
2023-03-28 13:25:55,485 [Time-limited test] INFO  util.GrpcTestClient (GrpcTestClient.java:send(111)) - send m6
2023-03-28 13:25:55,485 [Time-limited test] INFO  util.GrpcTestClient (GrpcTestClient.java:send(111)) - send m7
2023-03-28 13:25:55,486 [Time-limited test] INFO  util.GrpcTestClient (GrpcTestClient.java:send(111)) - send m8
2023-03-28 13:25:55,487 [Time-limited test] INFO  util.GrpcTestClient (GrpcTestClient.java:send(111)) - send m9
2023-03-28 13:25:55,611 [grpc-default-executor-0] INFO  util.GrpcTestServer (GrpcTestServer.java:onNext(85)) - count = 1) Hello m1, slow = 5, sleep 125ms
2023-03-28 13:25:55,613 [Time-limited test] INFO  util.TestStreamObserverWithTimeout (TestStreamObserverWithTimeout.java:runTestTimeout(103)) - 0) passed
2023-03-28 13:25:55,739 [grpc-default-executor-0] INFO  util.GrpcTestServer (GrpcTestServer.java:onNext(85)) - count = 2) Hello m2, slow = 5, sleep 125ms
2023-03-28 13:25:55,740 [Time-limited test] INFO  util.TestStreamObserverWithTimeout (TestStreamObserverWithTimeout.java:runTestTimeout(103)) - 1) passed
2023-03-28 13:25:55,866 [grpc-default-executor-0] INFO  util.GrpcTestServer (GrpcTestServer.java:onNext(85)) - count = 3) Hello m3, slow = 5, sleep 125ms
2023-03-28 13:25:55,867 [Time-limited test] INFO  util.TestStreamObserverWithTimeout (TestStreamObserverWithTimeout.java:runTestTimeout(103)) - 2) passed
2023-03-28 13:25:55,967 [grpc-default-executor-1] INFO  util.GrpcTestClient (GrpcTestClient.java:onError(78)) - onError
org.apache.ratis.thirdparty.io.grpc.StatusRuntimeException: DEADLINE_EXCEEDED: deadline exceeded after 0.493427283s. [closed=[], committed=[buffered_nanos=3913410, remote_addr=localhost/127.0.0.1:45733]]
	at org.apache.ratis.thirdparty.io.grpc.Status.asRuntimeException(Status.java:539)
	at org.apache.ratis.thirdparty.io.grpc.stub.ClientCalls$StreamObserverToCallListenerAdapter.onClose(ClientCalls.java:487)
	at org.apache.ratis.thirdparty.io.grpc.internal.ClientCallImpl.closeObserver(ClientCallImpl.java:563)
	at org.apache.ratis.thirdparty.io.grpc.internal.ClientCallImpl.access$300(ClientCallImpl.java:70)
	at org.apache.ratis.thirdparty.io.grpc.internal.ClientCallImpl$ClientStreamListenerImpl$1StreamClosed.runInternal(ClientCallImpl.java:744)
	at org.apache.ratis.thirdparty.io.grpc.internal.ClientCallImpl$ClientStreamListenerImpl$1StreamClosed.runInContext(ClientCallImpl.java:723)
	at org.apache.ratis.thirdparty.io.grpc.internal.ContextRunnable.run(ContextRunnable.java:37)
	at org.apache.ratis.thirdparty.io.grpc.internal.SerializingExecutor.run(SerializingExecutor.java:133)
	at java.base/java.util.concurrent.ThreadPoolExecutor.runWorker(ThreadPoolExecutor.java:1128)
	at java.base/java.util.concurrent.ThreadPoolExecutor$Worker.run(ThreadPoolExecutor.java:628)
	at java.base/java.lang.Thread.run(Thread.java:829)
2023-03-28 13:25:55,973 [Time-limited test] INFO  util.TestStreamObserverWithTimeout (BaseTest.java:assertThrowable(133)) - The test "total sleep time is longer than the deadline" throws ExecutionException
java.util.concurrent.ExecutionException: org.apache.ratis.thirdparty.io.grpc.StatusRuntimeException: DEADLINE_EXCEEDED: deadline exceeded after 0.493427283s. [closed=[], committed=[buffered_nanos=3913410, remote_addr=localhost/127.0.0.1:45733]]
	at java.base/java.util.concurrent.CompletableFuture.reportGet(CompletableFuture.java:395)
	at java.base/java.util.concurrent.CompletableFuture.get(CompletableFuture.java:1999)
	at org.apache.ratis.grpc.util.TestStreamObserverWithTimeout.runTestTimeout(TestStreamObserverWithTimeout.java:101)
	at org.apache.ratis.grpc.util.TestStreamObserverWithTimeout.lambda$testWithDeadlineFailure$0(TestStreamObserverWithTimeout.java:68)
	at org.apache.ratis.BaseTest.testFailureCase(BaseTest.java:154)
	at org.apache.ratis.BaseTest.testFailureCase(BaseTest.java:167)
	at org.apache.ratis.grpc.util.TestStreamObserverWithTimeout.testWithDeadlineFailure(TestStreamObserverWithTimeout.java:67)
	at java.base/jdk.internal.reflect.NativeMethodAccessorImpl.invoke0(Native Method)
	at java.base/jdk.internal.reflect.NativeMethodAccessorImpl.invoke(NativeMethodAccessorImpl.java:62)
	at java.base/jdk.internal.reflect.DelegatingMethodAccessorImpl.invoke(DelegatingMethodAccessorImpl.java:43)
	at java.base/java.lang.reflect.Method.invoke(Method.java:566)
	at org.junit.runners.model.FrameworkMethod$1.runReflectiveCall(FrameworkMethod.java:59)
	at org.junit.internal.runners.model.ReflectiveCallable.run(ReflectiveCallable.java:12)
	at org.junit.runners.model.FrameworkMethod.invokeExplosively(FrameworkMethod.java:56)
	at org.junit.internal.runners.statements.InvokeMethod.evaluate(InvokeMethod.java:17)
	at org.junit.internal.runners.statements.RunAfters.evaluate(RunAfters.java:27)
	at org.junit.internal.runners.statements.FailOnTimeout$CallableStatement.call(FailOnTimeout.java:299)
	at org.junit.internal.runners.statements.FailOnTimeout$CallableStatement.call(FailOnTimeout.java:293)
	at java.base/java.util.concurrent.FutureTask.run(FutureTask.java:264)
	at java.base/java.lang.Thread.run(Thread.java:829)
Caused by: org.apache.ratis.thirdparty.io.grpc.StatusRuntimeException: DEADLINE_EXCEEDED: deadline exceeded after 0.493427283s. [closed=[], committed=[buffered_nanos=3913410, remote_addr=localhost/127.0.0.1:45733]]
	at org.apache.ratis.thirdparty.io.grpc.Status.asRuntimeException(Status.java:539)
	at org.apache.ratis.thirdparty.io.grpc.stub.ClientCalls$StreamObserverToCallListenerAdapter.onClose(ClientCalls.java:487)
	at org.apache.ratis.thirdparty.io.grpc.internal.ClientCallImpl.closeObserver(ClientCallImpl.java:563)
	at org.apache.ratis.thirdparty.io.grpc.internal.ClientCallImpl.access$300(ClientCallImpl.java:70)
	at org.apache.ratis.thirdparty.io.grpc.internal.ClientCallImpl$ClientStreamListenerImpl$1StreamClosed.runInternal(ClientCallImpl.java:744)
	at org.apache.ratis.thirdparty.io.grpc.internal.ClientCallImpl$ClientStreamListenerImpl$1StreamClosed.runInContext(ClientCallImpl.java:723)
	at org.apache.ratis.thirdparty.io.grpc.internal.ContextRunnable.run(ContextRunnable.java:37)
	at org.apache.ratis.thirdparty.io.grpc.internal.SerializingExecutor.run(SerializingExecutor.java:133)
	at java.base/java.util.concurrent.ThreadPoolExecutor.runWorker(ThreadPoolExecutor.java:1128)
	at java.base/java.util.concurrent.ThreadPoolExecutor$Worker.run(ThreadPoolExecutor.java:628)
	... 1 more
]]></system-out>
  </testcase>
</testsuite>