<?xml version="1.0" encoding="UTF-8"?>
<testsuite xmlns:xsi="http://www.w3.org/2001/XMLSchema-instance" xsi:noNamespaceSchemaLocation="https://maven.apache.org/surefire/maven-surefire-plugin/xsd/surefire-test-report.xsd" name="org.apache.ratis.examples.filestore.TestFileStoreStreamingWithGrpcCluster" time="113.132" tests="2" errors="1" skipped="0" failures="0">
  <properties>
    <property name="awt.toolkit" value="sun.awt.X11.XToolkit"/>
    <property name="file.encoding.pkg" value="sun.io"/>
    <property name="java.specification.version" value="1.8"/>
    <property name="sun.cpu.isalist" value=""/>
    <property name="sun.jnu.encoding" value="UTF-8"/>
    <property name="java.class.path" value="/home/runner/work/ratis/ratis/ratis-examples/target/test-classes:/home/runner/work/ratis/ratis/ratis-examples/target/classes:/home/runner/.m2/repository/org/apache/ratis/ratis-thirdparty-misc/1.0.0/ratis-thirdparty-misc-1.0.0.jar:/home/runner/work/ratis/ratis/ratis-proto/target/ratis-proto-3.0.0-SNAPSHOT.jar:/home/runner/work/ratis/ratis/ratis-tools/target/classes:/home/runner/work/ratis/ratis/ratis-common/target/classes:/home/runner/work/ratis/ratis/ratis-common/target/test-classes:/home/runner/work/ratis/ratis/ratis-client/target/classes:/home/runner/work/ratis/ratis/ratis-server/target/classes:/home/runner/work/ratis/ratis/ratis-server-api/target/classes:/home/runner/work/ratis/ratis/ratis-metrics/target/classes:/home/runner/.m2/repository/io/dropwizard/metrics/metrics-jmx/4.2.9/metrics-jmx-4.2.9.jar:/home/runner/work/ratis/ratis/ratis-server/target/test-classes:/home/runner/work/ratis/ratis/ratis-grpc/target/classes:/home/runner/work/ratis/ratis/ratis-grpc/target/test-classes:/home/runner/work/ratis/ratis/ratis-netty/target/classes:/home/runner/work/ratis/ratis/ratis-netty/target/test-classes:/home/runner/work/ratis/ratis/ratis-test/target/test-classes:/home/runner/.m2/repository/com/beust/jcommander/1.72/jcommander-1.72.jar:/home/runner/.m2/repository/io/dropwizard/metrics/metrics-jvm/4.2.9/metrics-jvm-4.2.9.jar:/home/runner/.m2/repository/io/dropwizard/metrics/metrics-core/4.2.9/metrics-core-4.2.9.jar:/home/runner/.m2/repository/org/slf4j/slf4j-api/1.7.29/slf4j-api-1.7.29.jar:/home/runner/.m2/repository/org/slf4j/slf4j-log4j12/1.7.29/slf4j-log4j12-1.7.29.jar:/home/runner/.m2/repository/log4j/log4j/1.2.17/log4j-1.2.17.jar:/home/runner/.m2/repository/junit/junit/4.13.2/junit-4.13.2.jar:/home/runner/.m2/repository/org/hamcrest/hamcrest-core/1.3/hamcrest-core-1.3.jar:/home/runner/.m2/repository/com/github/spotbugs/spotbugs-annotations/4.2.1/spotbugs-annotations-4.2.1.jar:/home/runner/.m2/repository/com/google/code/findbugs/jsr305/3.0.2/jsr305-3.0.2.jar:"/>
    <property name="java.vm.vendor" value="Temurin"/>
    <property name="sun.arch.data.model" value="64"/>
    <property name="java.vendor.url" value="https://adoptium.net/"/>
    <property name="user.timezone" value=""/>
    <property name="java.vm.specification.version" value="1.8"/>
    <property name="os.name" value="Linux"/>
    <property name="sun.java.launcher" value="SUN_STANDARD"/>
    <property name="sun.boot.library.path" value="/usr/lib/jvm/temurin-8-jdk-amd64/jre/lib/amd64"/>
    <property name="sun.java.command" value="/home/runner/work/ratis/ratis/ratis-examples/target/surefire/surefirebooter3275226380515321187.jar /home/runner/work/ratis/ratis/ratis-examples/target/surefire 2022-06-29T11-25-29_406-jvmRun1 surefire2171531397490193919tmp surefire_51789889066312410667tmp"/>
    <property name="surefire.test.class.path" value="/home/runner/work/ratis/ratis/ratis-examples/target/test-classes:/home/runner/work/ratis/ratis/ratis-examples/target/classes:/home/runner/.m2/repository/org/apache/ratis/ratis-thirdparty-misc/1.0.0/ratis-thirdparty-misc-1.0.0.jar:/home/runner/work/ratis/ratis/ratis-proto/target/ratis-proto-3.0.0-SNAPSHOT.jar:/home/runner/work/ratis/ratis/ratis-tools/target/classes:/home/runner/work/ratis/ratis/ratis-common/target/classes:/home/runner/work/ratis/ratis/ratis-common/target/test-classes:/home/runner/work/ratis/ratis/ratis-client/target/classes:/home/runner/work/ratis/ratis/ratis-server/target/classes:/home/runner/work/ratis/ratis/ratis-server-api/target/classes:/home/runner/work/ratis/ratis/ratis-metrics/target/classes:/home/runner/.m2/repository/io/dropwizard/metrics/metrics-jmx/4.2.9/metrics-jmx-4.2.9.jar:/home/runner/work/ratis/ratis/ratis-server/target/test-classes:/home/runner/work/ratis/ratis/ratis-grpc/target/classes:/home/runner/work/ratis/ratis/ratis-grpc/target/test-classes:/home/runner/work/ratis/ratis/ratis-netty/target/classes:/home/runner/work/ratis/ratis/ratis-netty/target/test-classes:/home/runner/work/ratis/ratis/ratis-test/target/test-classes:/home/runner/.m2/repository/com/beust/jcommander/1.72/jcommander-1.72.jar:/home/runner/.m2/repository/io/dropwizard/metrics/metrics-jvm/4.2.9/metrics-jvm-4.2.9.jar:/home/runner/.m2/repository/io/dropwizard/metrics/metrics-core/4.2.9/metrics-core-4.2.9.jar:/home/runner/.m2/repository/org/slf4j/slf4j-api/1.7.29/slf4j-api-1.7.29.jar:/home/runner/.m2/repository/org/slf4j/slf4j-log4j12/1.7.29/slf4j-log4j12-1.7.29.jar:/home/runner/.m2/repository/log4j/log4j/1.2.17/log4j-1.2.17.jar:/home/runner/.m2/repository/junit/junit/4.13.2/junit-4.13.2.jar:/home/runner/.m2/repository/org/hamcrest/hamcrest-core/1.3/hamcrest-core-1.3.jar:/home/runner/.m2/repository/com/github/spotbugs/spotbugs-annotations/4.2.1/spotbugs-annotations-4.2.1.jar:/home/runner/.m2/repository/com/google/code/findbugs/jsr305/3.0.2/jsr305-3.0.2.jar:"/>
    <property name="sun.cpu.endian" value="little"/>
    <property name="user.home" value="/home/runner"/>
    <property name="user.language" value="en"/>
    <property name="java.specification.vendor" value="Oracle Corporation"/>
    <property name="java.home" value="/usr/lib/jvm/temurin-8-jdk-amd64/jre"/>
    <property name="basedir" value="/home/runner/work/ratis/ratis/ratis-examples"/>
    <property name="file.separator" value="/"/>
    <property name="line.separator" value="&#10;"/>
    <property name="java.vm.specification.vendor" value="Oracle Corporation"/>
    <property name="java.specification.name" value="Java Platform API Specification"/>
    <property name="java.awt.graphicsenv" value="sun.awt.X11GraphicsEnvironment"/>
    <property name="surefire.real.class.path" value="/home/runner/work/ratis/ratis/ratis-examples/target/surefire/surefirebooter3275226380515321187.jar"/>
    <property name="sun.boot.class.path" value="/usr/lib/jvm/temurin-8-jdk-amd64/jre/lib/resources.jar:/usr/lib/jvm/temurin-8-jdk-amd64/jre/lib/rt.jar:/usr/lib/jvm/temurin-8-jdk-amd64/jre/lib/sunrsasign.jar:/usr/lib/jvm/temurin-8-jdk-amd64/jre/lib/jsse.jar:/usr/lib/jvm/temurin-8-jdk-amd64/jre/lib/jce.jar:/usr/lib/jvm/temurin-8-jdk-amd64/jre/lib/charsets.jar:/usr/lib/jvm/temurin-8-jdk-amd64/jre/lib/jfr.jar:/usr/lib/jvm/temurin-8-jdk-amd64/jre/classes"/>
    <property name="sun.management.compiler" value="HotSpot 64-Bit Tiered Compilers"/>
    <property name="java.runtime.version" value="1.8.0_332-b09"/>
    <property name="java.net.preferIPv4Stack" value="true"/>
    <property name="user.name" value="runner"/>
    <property name="path.separator" value=":"/>
    <property name="os.version" value="5.4.0-1085-azure"/>
    <property name="java.endorsed.dirs" value="/usr/lib/jvm/temurin-8-jdk-amd64/jre/lib/endorsed"/>
    <property name="java.runtime.name" value="OpenJDK Runtime Environment"/>
    <property name="file.encoding" value="UTF-8"/>
    <property name="java.vm.name" value="OpenJDK 64-Bit Server VM"/>
    <property name="localRepository" value="/home/runner/.m2/repository"/>
    <property name="java.vendor.url.bug" value="https://github.com/adoptium/adoptium-support/issues"/>
    <property name="java.io.tmpdir" value="/tmp"/>
    <property name="java.version" value="1.8.0_332"/>
    <property name="user.dir" value="/home/runner/work/ratis/ratis/ratis-examples"/>
    <property name="os.arch" value="amd64"/>
    <property name="ratis.tmp.dir" value="/home/runner/work/ratis/ratis/ratis-examples/target/tmp"/>
    <property name="java.vm.specification.name" value="Java Virtual Machine Specification"/>
    <property name="java.awt.printerjob" value="sun.print.PSPrinterJob"/>
    <property name="ratis.log.dir" value="/home/runner/work/ratis/ratis/ratis-examples/target/log"/>
    <property name="sun.os.patch.level" value="unknown"/>
    <property name="java.library.path" value="/usr/java/packages/lib/amd64:/usr/lib64:/lib64:/lib:/usr/lib"/>
    <property name="java.vm.info" value="mixed mode"/>
    <property name="java.vendor" value="Temurin"/>
    <property name="java.vm.version" value="25.332-b09"/>
    <property name="java.ext.dirs" value="/usr/lib/jvm/temurin-8-jdk-amd64/jre/lib/ext:/usr/java/packages/lib/ext"/>
    <property name="sun.io.unicode.encoding" value="UnicodeLittle"/>
    <property name="java.class.version" value="52.0"/>
  </properties>
  <testcase name="testFileStoreStreamMultipleFiles" classname="org.apache.ratis.examples.filestore.TestFileStoreStreamingWithGrpcCluster" time="100.1">
    <error message="test timed out after 100 seconds" type="org.junit.runners.model.TestTimedOutException">org.junit.runners.model.TestTimedOutException: test timed out after 100 seconds
	at sun.misc.Unsafe.park(Native Method)
	at java.util.concurrent.locks.LockSupport.park(LockSupport.java:175)
	at java.util.concurrent.FutureTask.awaitDone(FutureTask.java:429)
	at java.util.concurrent.FutureTask.get(FutureTask.java:191)
	at org.apache.ratis.examples.filestore.FileStoreStreamingBaseTest.testMultipleFiles(FileStoreStreamingBaseTest.java:138)
	at org.apache.ratis.examples.filestore.FileStoreStreamingBaseTest.testFileStoreStreamMultipleFiles(FileStoreStreamingBaseTest.java:101)
	at sun.reflect.NativeMethodAccessorImpl.invoke0(Native Method)
	at sun.reflect.NativeMethodAccessorImpl.invoke(NativeMethodAccessorImpl.java:62)
	at sun.reflect.DelegatingMethodAccessorImpl.invoke(DelegatingMethodAccessorImpl.java:43)
	at java.lang.reflect.Method.invoke(Method.java:498)
	at org.junit.runners.model.FrameworkMethod$1.runReflectiveCall(FrameworkMethod.java:59)
	at org.junit.internal.runners.model.ReflectiveCallable.run(ReflectiveCallable.java:12)
	at org.junit.runners.model.FrameworkMethod.invokeExplosively(FrameworkMethod.java:56)
	at org.junit.internal.runners.statements.InvokeMethod.evaluate(InvokeMethod.java:17)
	at org.junit.internal.runners.statements.RunAfters.evaluate(RunAfters.java:27)
	at org.junit.internal.runners.statements.FailOnTimeout$CallableStatement.call(FailOnTimeout.java:299)
	at org.junit.internal.runners.statements.FailOnTimeout$CallableStatement.call(FailOnTimeout.java:293)
	at java.util.concurrent.FutureTask.run(FutureTask.java:266)
	at java.lang.Thread.run(Thread.java:750)
</error>
    <system-out><![CDATA[2022-06-29 11:31:47,363 INFO  util.LogUtils (Log4jUtils.java:setLogLevel(32)) - Set org.apache.ratis.conf.ConfUtils log level to WARN
2022-06-29 11:31:47,366 INFO  util.LogUtils (Log4jUtils.java:setLogLevel(32)) - Set org.apache.ratis.util.FileUtils log level to TRACE
2022-06-29 11:31:47,438 INFO  impl.MiniRaftCluster (MiniRaftCluster.java:<init>(272)) - new MiniRaftClusterWithRpcTypeGrpcAndDataStreamTypeNetty with group-54B4F2458EED:[s0|rpc:localhost:46515|admin:localhost:40757|client:localhost:41939|dataStream:localhost:35593|priority:0, s1|rpc:localhost:34095|admin:localhost:43151|client:localhost:36051|dataStream:localhost:38995|priority:0, s2|rpc:localhost:40453|admin:localhost:33947|client:localhost:38503|dataStream:localhost:42009|priority:0]
2022-06-29 11:31:47,438 INFO  impl.MiniRaftCluster (MiniRaftCluster.java:start(315)) - .............................................................. 
2022-06-29 11:31:47,438 INFO  impl.MiniRaftCluster (MiniRaftCluster.java:start(316)) - ... 
2022-06-29 11:31:47,438 INFO  impl.MiniRaftCluster (MiniRaftCluster.java:start(317)) - ...     Starting MiniRaftClusterWithRpcTypeGrpcAndDataStreamTypeNetty
2022-06-29 11:31:47,439 INFO  impl.MiniRaftCluster (MiniRaftCluster.java:start(318)) - ... 
2022-06-29 11:31:47,439 INFO  impl.MiniRaftCluster (MiniRaftCluster.java:start(319)) - .............................................................. 
2022-06-29 11:31:47,439 INFO  impl.MiniRaftCluster (MiniRaftCluster.java:initServers(284)) - servers = {}
2022-06-29 11:31:47,445 INFO  impl.MiniRaftCluster (MiniRaftCluster.java:newRaftServer(358)) - newRaftServer: s0, group-54B4F2458EED:[s0|rpc:localhost:46515|admin:localhost:40757|client:localhost:41939|dataStream:localhost:35593|priority:0, s1|rpc:localhost:34095|admin:localhost:43151|client:localhost:36051|dataStream:localhost:38995|priority:0, s2|rpc:localhost:40453|admin:localhost:33947|client:localhost:38503|dataStream:localhost:42009|priority:0], format? true
2022-06-29 11:31:47,446 TRACE util.FileUtils (FileUtils.java:deleteFully(162)) - deleteFully target/test/data/142b174e/MiniRaftClusterWithRpcTypeGrpcAndDataStreamTypeNettye433f2ec/s0
2022-06-29 11:31:47,448 TRACE util.FileUtils (FileUtils.java:deleteFully(178)) - deleteFully: target/test/data/142b174e/MiniRaftClusterWithRpcTypeGrpcAndDataStreamTypeNettye433f2ec/s0 does not exist.
2022-06-29 11:31:47,448 INFO  impl.MiniRaftCluster (MiniRaftCluster.java:newRaftServer(363)) - Formatted directory target/test/data/142b174e/MiniRaftClusterWithRpcTypeGrpcAndDataStreamTypeNettye433f2ec/s0
2022-06-29 11:31:47,503 INFO  server.RaftServer (ConfUtils.java:logGet(46)) - raft.rpc.type = GRPC (default)
2022-06-29 11:31:47,578 INFO  grpc.GrpcFactory (GrpcFactory.java:checkPooledByteBufAllocatorUseCacheForAllThreads(48)) - PERFORMANCE WARNING: useCacheForAllThreads is true that may cause Netty to create a lot garbage objects and, as a result, trigger GC.
	It is recommended to disable useCacheForAllThreads by setting -Dorg.apache.ratis.thirdparty.io.netty.allocator.useCacheForAllThreads=false in command line.
2022-06-29 11:31:47,584 INFO  grpc.GrpcConfigKeys (ConfUtils.java:logGet(46)) - raft.grpc.admin.port = 40757 (custom)
2022-06-29 11:31:47,588 INFO  grpc.GrpcConfigKeys (ConfUtils.java:logGet(46)) - raft.grpc.client.port = 41939 (custom)
2022-06-29 11:31:47,589 INFO  grpc.GrpcConfigKeys (ConfUtils.java:logGet(46)) - raft.grpc.server.port = 46515 (custom)
2022-06-29 11:31:47,591 INFO  server.GrpcService (ConfUtils.java:logGet(46)) - raft.grpc.message.size.max = 64MB (=67108864) (default)
2022-06-29 11:31:47,598 INFO  server.RaftServerConfigKeys (ConfUtils.java:logGet(46)) - raft.server.log.appender.buffer.byte-limit = 4MB (=4194304) (default)
2022-06-29 11:31:47,599 INFO  server.GrpcService (ConfUtils.java:logGet(46)) - raft.grpc.flow.control.window = 1MB (=1048576) (default)
2022-06-29 11:31:47,603 INFO  server.RaftServerConfigKeys (ConfUtils.java:logGet(46)) - raft.server.rpc.request.timeout = 3000ms (default)
2022-06-29 11:31:47,624 INFO  grpc.GrpcConfigKeys (ConfUtils.java:logGet(46)) - raft.grpc.server.async.request.thread.pool.cached = true (default)
2022-06-29 11:31:47,625 INFO  grpc.GrpcConfigKeys (ConfUtils.java:logGet(46)) - raft.grpc.server.async.request.thread.pool.size = 32 (default)
2022-06-29 11:31:47,803 INFO  impl.DataStreamServerImpl (ConfUtils.java:logGet(46)) - raft.datastream.type = NETTY (custom)
2022-06-29 11:31:47,811 INFO  netty.NettyConfigKeys$DataStream (ConfUtils.java:logGet(46)) - raft.netty.dataStream.server.tls.conf = null (default)
2022-06-29 11:31:47,819 INFO  metrics.MetricRegistries (MetricRegistriesLoader.java:load(64)) - Loaded MetricRegistries class org.apache.ratis.metrics.impl.MetricRegistriesImpl
2022-06-29 11:31:47,883 INFO  server.RaftServerConfigKeys (ConfUtils.java:logGet(46)) - raft.server.data-stream.async.request.thread.pool.cached = false (default)
2022-06-29 11:31:47,883 INFO  server.RaftServerConfigKeys (ConfUtils.java:logGet(46)) - raft.server.data-stream.async.request.thread.pool.size = 32 (default)
2022-06-29 11:31:47,884 INFO  server.RaftServerConfigKeys (ConfUtils.java:logGet(46)) - raft.server.data-stream.async.write.thread.pool.size = 16 (default)
2022-06-29 11:31:47,885 INFO  server.RaftServerConfigKeys (ConfUtils.java:logGet(46)) - raft.server.data-stream.client.pool.size = 10 (default)
2022-06-29 11:31:47,886 INFO  netty.NettyConfigKeys$DataStream (ConfUtils.java:logGet(46)) - raft.netty.dataStream.server.use-epoll = false (default)
2022-06-29 11:31:47,887 INFO  netty.NettyConfigKeys$DataStream (ConfUtils.java:logGet(46)) - raft.netty.dataStream.server.boss-group.size = 0 (default)
2022-06-29 11:31:47,896 INFO  netty.NettyConfigKeys$DataStream (ConfUtils.java:logGet(46)) - raft.netty.dataStream.server.worker-group.size = 0 (default)
2022-06-29 11:31:47,918 INFO  netty.NettyConfigKeys$DataStream (ConfUtils.java:logGet(46)) - raft.netty.dataStream.port = 35593 (custom)
2022-06-29 11:31:47,951 INFO  server.RaftServerConfigKeys (ConfUtils.java:logGet(46)) - raft.server.threadpool.proxy.cached = true (default)
2022-06-29 11:31:47,952 INFO  server.RaftServerConfigKeys (ConfUtils.java:logGet(46)) - raft.server.threadpool.proxy.size = 0 (default)
2022-06-29 11:31:47,952 INFO  server.RaftServerConfigKeys (ConfUtils.java:logGet(46)) - raft.server.rpc.slowness.timeout = 60s (default)
2022-06-29 11:31:47,953 INFO  server.RaftServerConfigKeys (ConfUtils.java:logGet(46)) - raft.server.leaderelection.leader.step-down.wait-time = 10s (default)
2022-06-29 11:31:47,956 INFO  server.RaftServerConfigKeys (ConfUtils.java:logGet(46)) - raft.server.storage.dir = [/home/runner/work/ratis/ratis/ratis-examples/target/test/data/142b174e/MiniRaftClusterWithRpcTypeGrpcAndDataStreamTypeNettye433f2ec/s0] (custom)
2022-06-29 11:31:47,968 INFO  server.RaftServer (RaftServerProxy.java:addNew(96)) - s0: addNew group-54B4F2458EED:[s0|rpc:localhost:46515|admin:localhost:40757|client:localhost:41939|dataStream:localhost:35593|priority:0, s1|rpc:localhost:34095|admin:localhost:43151|client:localhost:36051|dataStream:localhost:38995|priority:0, s2|rpc:localhost:40453|admin:localhost:33947|client:localhost:38503|dataStream:localhost:42009|priority:0] returns group-54B4F2458EED:java.util.concurrent.CompletableFuture@5d25424c[Not completed]
2022-06-29 11:31:47,968 INFO  logging.LoggingHandler (AbstractInternalLogger.java:log(148)) - [id: 0x32a99455] REGISTERED
2022-06-29 11:31:47,969 INFO  logging.LoggingHandler (AbstractInternalLogger.java:log(148)) - [id: 0x32a99455] BIND: 0.0.0.0/0.0.0.0:35593
2022-06-29 11:31:47,971 INFO  logging.LoggingHandler (AbstractInternalLogger.java:log(148)) - [id: 0x32a99455, L:/0.0.0.0:35593] ACTIVE
2022-06-29 11:31:47,972 INFO  impl.MiniRaftCluster (MiniRaftCluster.java:newRaftServer(358)) - newRaftServer: s1, group-54B4F2458EED:[s0|rpc:localhost:46515|admin:localhost:40757|client:localhost:41939|dataStream:localhost:35593|priority:0, s1|rpc:localhost:34095|admin:localhost:43151|client:localhost:36051|dataStream:localhost:38995|priority:0, s2|rpc:localhost:40453|admin:localhost:33947|client:localhost:38503|dataStream:localhost:42009|priority:0], format? true
2022-06-29 11:31:47,973 TRACE util.FileUtils (FileUtils.java:deleteFully(162)) - deleteFully target/test/data/142b174e/MiniRaftClusterWithRpcTypeGrpcAndDataStreamTypeNettye433f2ec/s1
2022-06-29 11:31:47,973 TRACE util.FileUtils (FileUtils.java:deleteFully(178)) - deleteFully: target/test/data/142b174e/MiniRaftClusterWithRpcTypeGrpcAndDataStreamTypeNettye433f2ec/s1 does not exist.
2022-06-29 11:31:47,973 INFO  impl.MiniRaftCluster (MiniRaftCluster.java:newRaftServer(363)) - Formatted directory target/test/data/142b174e/MiniRaftClusterWithRpcTypeGrpcAndDataStreamTypeNettye433f2ec/s1
2022-06-29 11:31:47,974 INFO  server.RaftServer (ConfUtils.java:logGet(46)) - raft.rpc.type = GRPC (default)
2022-06-29 11:31:47,975 INFO  grpc.GrpcFactory (GrpcFactory.java:checkPooledByteBufAllocatorUseCacheForAllThreads(48)) - PERFORMANCE WARNING: useCacheForAllThreads is true that may cause Netty to create a lot garbage objects and, as a result, trigger GC.
	It is recommended to disable useCacheForAllThreads by setting -Dorg.apache.ratis.thirdparty.io.netty.allocator.useCacheForAllThreads=false in command line.
2022-06-29 11:31:47,975 INFO  grpc.GrpcConfigKeys (ConfUtils.java:logGet(46)) - raft.grpc.admin.port = 43151 (custom)
2022-06-29 11:31:47,975 INFO  grpc.GrpcConfigKeys (ConfUtils.java:logGet(46)) - raft.grpc.client.port = 36051 (custom)
2022-06-29 11:31:47,975 INFO  grpc.GrpcConfigKeys (ConfUtils.java:logGet(46)) - raft.grpc.server.port = 34095 (custom)
2022-06-29 11:31:47,975 INFO  server.GrpcService (ConfUtils.java:logGet(46)) - raft.grpc.message.size.max = 64MB (=67108864) (default)
2022-06-29 11:31:47,976 INFO  server.RaftServerConfigKeys (ConfUtils.java:logGet(46)) - raft.server.log.appender.buffer.byte-limit = 4MB (=4194304) (default)
2022-06-29 11:31:47,976 INFO  server.GrpcService (ConfUtils.java:logGet(46)) - raft.grpc.flow.control.window = 1MB (=1048576) (default)
2022-06-29 11:31:47,976 INFO  server.RaftServerConfigKeys (ConfUtils.java:logGet(46)) - raft.server.rpc.request.timeout = 3000ms (default)
2022-06-29 11:31:47,976 INFO  grpc.GrpcConfigKeys (ConfUtils.java:logGet(46)) - raft.grpc.server.async.request.thread.pool.cached = true (default)
2022-06-29 11:31:47,976 INFO  grpc.GrpcConfigKeys (ConfUtils.java:logGet(46)) - raft.grpc.server.async.request.thread.pool.size = 32 (default)
2022-06-29 11:31:47,978 INFO  impl.DataStreamServerImpl (ConfUtils.java:logGet(46)) - raft.datastream.type = NETTY (custom)
2022-06-29 11:31:47,978 INFO  netty.NettyConfigKeys$DataStream (ConfUtils.java:logGet(46)) - raft.netty.dataStream.server.tls.conf = null (default)
2022-06-29 11:31:47,979 INFO  server.RaftServerConfigKeys (ConfUtils.java:logGet(46)) - raft.server.data-stream.async.request.thread.pool.cached = false (default)
2022-06-29 11:31:47,979 INFO  server.RaftServerConfigKeys (ConfUtils.java:logGet(46)) - raft.server.data-stream.async.request.thread.pool.size = 32 (default)
2022-06-29 11:31:47,979 INFO  server.RaftServerConfigKeys (ConfUtils.java:logGet(46)) - raft.server.data-stream.async.write.thread.pool.size = 16 (default)
2022-06-29 11:31:47,979 INFO  server.RaftServerConfigKeys (ConfUtils.java:logGet(46)) - raft.server.data-stream.client.pool.size = 10 (default)
2022-06-29 11:31:47,979 INFO  netty.NettyConfigKeys$DataStream (ConfUtils.java:logGet(46)) - raft.netty.dataStream.server.use-epoll = false (default)
2022-06-29 11:31:47,980 INFO  netty.NettyConfigKeys$DataStream (ConfUtils.java:logGet(46)) - raft.netty.dataStream.server.boss-group.size = 0 (default)
2022-06-29 11:31:47,980 INFO  netty.NettyConfigKeys$DataStream (ConfUtils.java:logGet(46)) - raft.netty.dataStream.server.worker-group.size = 0 (default)
2022-06-29 11:31:47,981 INFO  netty.NettyConfigKeys$DataStream (ConfUtils.java:logGet(46)) - raft.netty.dataStream.port = 38995 (custom)
2022-06-29 11:31:47,981 INFO  server.RaftServerConfigKeys (ConfUtils.java:logGet(46)) - raft.server.threadpool.proxy.cached = true (default)
2022-06-29 11:31:47,981 INFO  server.RaftServerConfigKeys (ConfUtils.java:logGet(46)) - raft.server.threadpool.proxy.size = 0 (default)
2022-06-29 11:31:47,981 INFO  server.RaftServerConfigKeys (ConfUtils.java:logGet(46)) - raft.server.rpc.slowness.timeout = 60s (default)
2022-06-29 11:31:47,982 INFO  server.RaftServerConfigKeys (ConfUtils.java:logGet(46)) - raft.server.leaderelection.leader.step-down.wait-time = 10s (default)
2022-06-29 11:31:47,982 INFO  server.RaftServerConfigKeys (ConfUtils.java:logGet(46)) - raft.server.storage.dir = [/home/runner/work/ratis/ratis/ratis-examples/target/test/data/142b174e/MiniRaftClusterWithRpcTypeGrpcAndDataStreamTypeNettye433f2ec/s1] (custom)
2022-06-29 11:31:47,982 INFO  logging.LoggingHandler (AbstractInternalLogger.java:log(148)) - [id: 0x71c353cb] REGISTERED
2022-06-29 11:31:47,983 INFO  logging.LoggingHandler (AbstractInternalLogger.java:log(148)) - [id: 0x71c353cb] BIND: 0.0.0.0/0.0.0.0:38995
2022-06-29 11:31:47,983 INFO  logging.LoggingHandler (AbstractInternalLogger.java:log(148)) - [id: 0x71c353cb, L:/0.0.0.0:38995] ACTIVE
2022-06-29 11:31:47,984 INFO  server.RaftServer (RaftServerProxy.java:addNew(96)) - s1: addNew group-54B4F2458EED:[s0|rpc:localhost:46515|admin:localhost:40757|client:localhost:41939|dataStream:localhost:35593|priority:0, s1|rpc:localhost:34095|admin:localhost:43151|client:localhost:36051|dataStream:localhost:38995|priority:0, s2|rpc:localhost:40453|admin:localhost:33947|client:localhost:38503|dataStream:localhost:42009|priority:0] returns group-54B4F2458EED:java.util.concurrent.CompletableFuture@225cb732[Not completed]
2022-06-29 11:31:47,985 INFO  impl.MiniRaftCluster (MiniRaftCluster.java:newRaftServer(358)) - newRaftServer: s2, group-54B4F2458EED:[s0|rpc:localhost:46515|admin:localhost:40757|client:localhost:41939|dataStream:localhost:35593|priority:0, s1|rpc:localhost:34095|admin:localhost:43151|client:localhost:36051|dataStream:localhost:38995|priority:0, s2|rpc:localhost:40453|admin:localhost:33947|client:localhost:38503|dataStream:localhost:42009|priority:0], format? true
2022-06-29 11:31:47,985 TRACE util.FileUtils (FileUtils.java:deleteFully(162)) - deleteFully target/test/data/142b174e/MiniRaftClusterWithRpcTypeGrpcAndDataStreamTypeNettye433f2ec/s2
2022-06-29 11:31:47,985 TRACE util.FileUtils (FileUtils.java:deleteFully(178)) - deleteFully: target/test/data/142b174e/MiniRaftClusterWithRpcTypeGrpcAndDataStreamTypeNettye433f2ec/s2 does not exist.
2022-06-29 11:31:47,985 INFO  impl.MiniRaftCluster (MiniRaftCluster.java:newRaftServer(363)) - Formatted directory target/test/data/142b174e/MiniRaftClusterWithRpcTypeGrpcAndDataStreamTypeNettye433f2ec/s2
2022-06-29 11:31:47,986 INFO  server.RaftServer (ConfUtils.java:logGet(46)) - raft.rpc.type = GRPC (default)
2022-06-29 11:31:47,986 INFO  grpc.GrpcFactory (GrpcFactory.java:checkPooledByteBufAllocatorUseCacheForAllThreads(48)) - PERFORMANCE WARNING: useCacheForAllThreads is true that may cause Netty to create a lot garbage objects and, as a result, trigger GC.
	It is recommended to disable useCacheForAllThreads by setting -Dorg.apache.ratis.thirdparty.io.netty.allocator.useCacheForAllThreads=false in command line.
2022-06-29 11:31:47,986 INFO  grpc.GrpcConfigKeys (ConfUtils.java:logGet(46)) - raft.grpc.admin.port = 33947 (custom)
2022-06-29 11:31:47,986 INFO  grpc.GrpcConfigKeys (ConfUtils.java:logGet(46)) - raft.grpc.client.port = 38503 (custom)
2022-06-29 11:31:47,986 INFO  grpc.GrpcConfigKeys (ConfUtils.java:logGet(46)) - raft.grpc.server.port = 40453 (custom)
2022-06-29 11:31:47,986 INFO  server.GrpcService (ConfUtils.java:logGet(46)) - raft.grpc.message.size.max = 64MB (=67108864) (default)
2022-06-29 11:31:47,987 INFO  server.RaftServerConfigKeys (ConfUtils.java:logGet(46)) - raft.server.log.appender.buffer.byte-limit = 4MB (=4194304) (default)
2022-06-29 11:31:47,987 INFO  server.GrpcService (ConfUtils.java:logGet(46)) - raft.grpc.flow.control.window = 1MB (=1048576) (default)
2022-06-29 11:31:47,987 INFO  server.RaftServerConfigKeys (ConfUtils.java:logGet(46)) - raft.server.rpc.request.timeout = 3000ms (default)
2022-06-29 11:31:47,987 INFO  grpc.GrpcConfigKeys (ConfUtils.java:logGet(46)) - raft.grpc.server.async.request.thread.pool.cached = true (default)
2022-06-29 11:31:47,987 INFO  grpc.GrpcConfigKeys (ConfUtils.java:logGet(46)) - raft.grpc.server.async.request.thread.pool.size = 32 (default)
2022-06-29 11:31:47,988 INFO  filestore.FileStore (ConfUtils.java:logGet(46)) - example.filestore.statemachine.write.thread.num = 1 (default)
2022-06-29 11:31:47,989 INFO  filestore.FileStore (ConfUtils.java:logGet(46)) - example.filestore.statemachine.read.thread.num = 1 (default)
2022-06-29 11:31:47,989 INFO  filestore.FileStore (ConfUtils.java:logGet(46)) - example.filestore.statemachine.write.thread.num = 1 (default)
2022-06-29 11:31:47,989 INFO  filestore.FileStore (ConfUtils.java:logGet(46)) - example.filestore.statemachine.read.thread.num = 1 (default)
2022-06-29 11:31:47,990 INFO  filestore.FileStore (ConfUtils.java:logGet(46)) - example.filestore.statemachine.commit.thread.num = 1 (default)
2022-06-29 11:31:47,990 INFO  impl.DataStreamServerImpl (ConfUtils.java:logGet(46)) - raft.datastream.type = NETTY (custom)
2022-06-29 11:31:47,991 INFO  netty.NettyConfigKeys$DataStream (ConfUtils.java:logGet(46)) - raft.netty.dataStream.server.tls.conf = null (default)
2022-06-29 11:31:47,991 INFO  server.RaftServerConfigKeys (ConfUtils.java:logGet(46)) - raft.server.data-stream.async.request.thread.pool.cached = false (default)
2022-06-29 11:31:47,991 INFO  server.RaftServerConfigKeys (ConfUtils.java:logGet(46)) - raft.server.data-stream.async.request.thread.pool.size = 32 (default)
2022-06-29 11:31:47,991 INFO  server.RaftServerConfigKeys (ConfUtils.java:logGet(46)) - raft.server.data-stream.async.write.thread.pool.size = 16 (default)
2022-06-29 11:31:47,991 INFO  server.RaftServerConfigKeys (ConfUtils.java:logGet(46)) - raft.server.data-stream.client.pool.size = 10 (default)
2022-06-29 11:31:47,991 INFO  netty.NettyConfigKeys$DataStream (ConfUtils.java:logGet(46)) - raft.netty.dataStream.server.use-epoll = false (default)
2022-06-29 11:31:47,992 INFO  netty.NettyConfigKeys$DataStream (ConfUtils.java:logGet(46)) - raft.netty.dataStream.server.boss-group.size = 0 (default)
2022-06-29 11:31:47,992 INFO  netty.NettyConfigKeys$DataStream (ConfUtils.java:logGet(46)) - raft.netty.dataStream.server.worker-group.size = 0 (default)
2022-06-29 11:31:47,992 INFO  netty.NettyConfigKeys$DataStream (ConfUtils.java:logGet(46)) - raft.netty.dataStream.port = 42009 (custom)
2022-06-29 11:31:47,993 INFO  server.RaftServerConfigKeys (ConfUtils.java:logGet(46)) - raft.server.threadpool.proxy.cached = true (default)
2022-06-29 11:31:47,993 INFO  server.RaftServerConfigKeys (ConfUtils.java:logGet(46)) - raft.server.threadpool.proxy.size = 0 (default)
2022-06-29 11:31:47,993 INFO  server.RaftServerConfigKeys (ConfUtils.java:logGet(46)) - raft.server.rpc.slowness.timeout = 60s (default)
2022-06-29 11:31:47,993 INFO  server.RaftServerConfigKeys (ConfUtils.java:logGet(46)) - raft.server.leaderelection.leader.step-down.wait-time = 10s (default)
2022-06-29 11:31:47,994 INFO  filestore.FileStore (ConfUtils.java:logGet(46)) - example.filestore.statemachine.commit.thread.num = 1 (default)
2022-06-29 11:31:47,993 INFO  filestore.FileStore (ConfUtils.java:logGet(46)) - example.filestore.statemachine.delete.thread.num = 1 (default)
2022-06-29 11:31:47,994 INFO  filestore.FileStore (ConfUtils.java:logGet(46)) - example.filestore.statemachine.delete.thread.num = 1 (default)
2022-06-29 11:31:47,994 INFO  logging.LoggingHandler (AbstractInternalLogger.java:log(148)) - [id: 0xf2f4503b] REGISTERED
2022-06-29 11:31:47,994 INFO  server.RaftServerConfigKeys (ConfUtils.java:logGet(46)) - raft.server.storage.dir = [/home/runner/work/ratis/ratis/ratis-examples/target/test/data/142b174e/MiniRaftClusterWithRpcTypeGrpcAndDataStreamTypeNettye433f2ec/s2] (custom)
2022-06-29 11:31:47,995 INFO  filestore.FileStore (ConfUtils.java:logGet(46)) - example.filestore.statemachine.dir = [/home/runner/work/ratis/ratis/ratis-examples/target/test/data/142b174e/TestFileStoreStreamingWithGrpcCluster/filestore] (custom)
2022-06-29 11:31:47,995 INFO  logging.LoggingHandler (AbstractInternalLogger.java:log(148)) - [id: 0xf2f4503b] BIND: 0.0.0.0/0.0.0.0:42009
2022-06-29 11:31:47,996 INFO  logging.LoggingHandler (AbstractInternalLogger.java:log(148)) - [id: 0xf2f4503b, L:/0.0.0.0:42009] ACTIVE
2022-06-29 11:31:47,995 INFO  filestore.FileStore (ConfUtils.java:logGet(46)) - example.filestore.statemachine.dir = [/home/runner/work/ratis/ratis/ratis-examples/target/test/data/142b174e/TestFileStoreStreamingWithGrpcCluster/filestore] (custom)
2022-06-29 11:31:47,997 INFO  server.RaftServer$Division (RaftServerImpl.java:<init>(190)) - s1: new RaftServerImpl for group-54B4F2458EED:[s0|rpc:localhost:46515|admin:localhost:40757|client:localhost:41939|dataStream:localhost:35593|priority:0, s1|rpc:localhost:34095|admin:localhost:43151|client:localhost:36051|dataStream:localhost:38995|priority:0, s2|rpc:localhost:40453|admin:localhost:33947|client:localhost:38503|dataStream:localhost:42009|priority:0] with FileStoreStateMachine:uninitialized
2022-06-29 11:31:47,997 INFO  server.RaftServer$Division (RaftServerImpl.java:<init>(190)) - s0: new RaftServerImpl for group-54B4F2458EED:[s0|rpc:localhost:46515|admin:localhost:40757|client:localhost:41939|dataStream:localhost:35593|priority:0, s1|rpc:localhost:34095|admin:localhost:43151|client:localhost:36051|dataStream:localhost:38995|priority:0, s2|rpc:localhost:40453|admin:localhost:33947|client:localhost:38503|dataStream:localhost:42009|priority:0] with FileStoreStateMachine:uninitialized
2022-06-29 11:31:47,999 INFO  server.RaftServerConfigKeys (ConfUtils.java:logGet(46)) - raft.server.rpc.timeout.min = 150ms (default)
2022-06-29 11:31:47,999 INFO  server.RaftServer (RaftServerProxy.java:addNew(96)) - s2: addNew group-54B4F2458EED:[s0|rpc:localhost:46515|admin:localhost:40757|client:localhost:41939|dataStream:localhost:35593|priority:0, s1|rpc:localhost:34095|admin:localhost:43151|client:localhost:36051|dataStream:localhost:38995|priority:0, s2|rpc:localhost:40453|admin:localhost:33947|client:localhost:38503|dataStream:localhost:42009|priority:0] returns group-54B4F2458EED:java.util.concurrent.CompletableFuture@67d4932a[Not completed]
2022-06-29 11:31:47,999 INFO  server.RaftServerConfigKeys (ConfUtils.java:logGet(46)) - raft.server.rpc.timeout.min = 150ms (default)
2022-06-29 11:31:47,999 INFO  server.RaftServerConfigKeys (ConfUtils.java:logGet(46)) - raft.server.rpc.timeout.max = 300ms (default)
2022-06-29 11:31:47,999 INFO  server.RaftServerConfigKeys (ConfUtils.java:logGet(46)) - raft.server.rpc.sleep.time = 25ms (default)
2022-06-29 11:31:47,999 INFO  server.RaftServerConfigKeys (ConfUtils.java:logGet(46)) - raft.server.rpc.slowness.timeout = 60s (default)
2022-06-29 11:31:48,000 INFO  server.RaftServerConfigKeys (ConfUtils.java:logGet(46)) - raft.server.leaderelection.leader.step-down.wait-time = 10s (default)
2022-06-29 11:31:48,000 INFO  server.RaftServerConfigKeys (ConfUtils.java:logGet(46)) - raft.server.sleep.deviation.threshold = 300ms (default)
2022-06-29 11:31:47,999 INFO  server.RaftServerConfigKeys (ConfUtils.java:logGet(46)) - raft.server.rpc.timeout.max = 300ms (default)
2022-06-29 11:31:48,005 INFO  server.RaftServerConfigKeys (ConfUtils.java:logGet(46)) - raft.server.rpc.sleep.time = 25ms (default)
2022-06-29 11:31:48,005 INFO  filestore.FileStore (ConfUtils.java:logGet(46)) - example.filestore.statemachine.write.thread.num = 1 (default)
2022-06-29 11:31:48,005 INFO  filestore.FileStore (ConfUtils.java:logGet(46)) - example.filestore.statemachine.read.thread.num = 1 (default)
2022-06-29 11:31:48,006 INFO  filestore.FileStore (ConfUtils.java:logGet(46)) - example.filestore.statemachine.commit.thread.num = 1 (default)
2022-06-29 11:31:48,006 INFO  filestore.FileStore (ConfUtils.java:logGet(46)) - example.filestore.statemachine.delete.thread.num = 1 (default)
2022-06-29 11:31:48,006 INFO  filestore.FileStore (ConfUtils.java:logGet(46)) - example.filestore.statemachine.dir = [/home/runner/work/ratis/ratis/ratis-examples/target/test/data/142b174e/TestFileStoreStreamingWithGrpcCluster/filestore] (custom)
2022-06-29 11:31:48,006 INFO  server.RaftServer$Division (RaftServerImpl.java:<init>(190)) - s2: new RaftServerImpl for group-54B4F2458EED:[s0|rpc:localhost:46515|admin:localhost:40757|client:localhost:41939|dataStream:localhost:35593|priority:0, s1|rpc:localhost:34095|admin:localhost:43151|client:localhost:36051|dataStream:localhost:38995|priority:0, s2|rpc:localhost:40453|admin:localhost:33947|client:localhost:38503|dataStream:localhost:42009|priority:0] with FileStoreStateMachine:uninitialized
2022-06-29 11:31:48,006 INFO  server.RaftServerConfigKeys (ConfUtils.java:logGet(46)) - raft.server.rpc.timeout.min = 150ms (default)
2022-06-29 11:31:48,006 INFO  server.RaftServerConfigKeys (ConfUtils.java:logGet(46)) - raft.server.rpc.timeout.max = 300ms (default)
2022-06-29 11:31:48,006 INFO  server.RaftServerConfigKeys (ConfUtils.java:logGet(46)) - raft.server.rpc.sleep.time = 25ms (default)
2022-06-29 11:31:48,006 INFO  server.RaftServerConfigKeys (ConfUtils.java:logGet(46)) - raft.server.rpc.slowness.timeout = 60s (default)
2022-06-29 11:31:48,006 INFO  server.RaftServerConfigKeys (ConfUtils.java:logGet(46)) - raft.server.leaderelection.leader.step-down.wait-time = 10s (default)
2022-06-29 11:31:48,006 INFO  server.RaftServerConfigKeys (ConfUtils.java:logGet(46)) - raft.server.sleep.deviation.threshold = 300ms (default)
2022-06-29 11:31:48,007 INFO  server.RaftServer$Division (ServerState.java:<init>(107)) - s2@group-54B4F2458EED: ConfigurationManager, init=-1: [s0|rpc:localhost:46515|admin:localhost:40757|client:localhost:41939|dataStream:localhost:35593|priority:0, s1|rpc:localhost:34095|admin:localhost:43151|client:localhost:36051|dataStream:localhost:38995|priority:0, s2|rpc:localhost:40453|admin:localhost:33947|client:localhost:38503|dataStream:localhost:42009|priority:0], old=null, confs=<EMPTY_MAP>
2022-06-29 11:31:48,007 INFO  server.RaftServerConfigKeys (ConfUtils.java:logGet(46)) - raft.server.storage.dir = [/home/runner/work/ratis/ratis/ratis-examples/target/test/data/142b174e/MiniRaftClusterWithRpcTypeGrpcAndDataStreamTypeNettye433f2ec/s2] (custom)
2022-06-29 11:31:48,005 INFO  server.RaftServer$Division (ServerState.java:<init>(107)) - s1@group-54B4F2458EED: ConfigurationManager, init=-1: [s0|rpc:localhost:46515|admin:localhost:40757|client:localhost:41939|dataStream:localhost:35593|priority:0, s1|rpc:localhost:34095|admin:localhost:43151|client:localhost:36051|dataStream:localhost:38995|priority:0, s2|rpc:localhost:40453|admin:localhost:33947|client:localhost:38503|dataStream:localhost:42009|priority:0], old=null, confs=<EMPTY_MAP>
2022-06-29 11:31:48,005 INFO  server.RaftServerConfigKeys (ConfUtils.java:logGet(46)) - raft.server.rpc.slowness.timeout = 60s (default)
2022-06-29 11:31:48,009 INFO  server.RaftServerConfigKeys (ConfUtils.java:logGet(46)) - raft.server.storage.dir = [/home/runner/work/ratis/ratis/ratis-examples/target/test/data/142b174e/MiniRaftClusterWithRpcTypeGrpcAndDataStreamTypeNettye433f2ec/s1] (custom)
2022-06-29 11:31:48,009 INFO  server.RaftServerConfigKeys (ConfUtils.java:logGet(46)) - raft.server.leaderelection.leader.step-down.wait-time = 10s (default)
2022-06-29 11:31:48,009 INFO  server.RaftServerConfigKeys (ConfUtils.java:logGet(46)) - raft.server.sleep.deviation.threshold = 300ms (default)
2022-06-29 11:31:48,009 INFO  server.RaftServer$Division (ServerState.java:<init>(107)) - s0@group-54B4F2458EED: ConfigurationManager, init=-1: [s0|rpc:localhost:46515|admin:localhost:40757|client:localhost:41939|dataStream:localhost:35593|priority:0, s1|rpc:localhost:34095|admin:localhost:43151|client:localhost:36051|dataStream:localhost:38995|priority:0, s2|rpc:localhost:40453|admin:localhost:33947|client:localhost:38503|dataStream:localhost:42009|priority:0], old=null, confs=<EMPTY_MAP>
2022-06-29 11:31:48,012 INFO  server.RaftServerConfigKeys (ConfUtils.java:logGet(46)) - raft.server.log.corruption.policy = EXCEPTION (default)
2022-06-29 11:31:48,013 INFO  server.RaftServerConfigKeys (ConfUtils.java:logGet(46)) - raft.server.storage.free-space.min = 0MB (=0) (default)
2022-06-29 11:31:48,015 INFO  storage.RaftStorageDirectory (RaftStorageDirectoryImpl.java:analyzeStorage(135)) - The storage directory /home/runner/work/ratis/ratis/ratis-examples/target/test/data/142b174e/MiniRaftClusterWithRpcTypeGrpcAndDataStreamTypeNettye433f2ec/s1/7bab27b3-1daf-4166-ad0f-54b4f2458eed does not exist. Creating ...
2022-06-29 11:31:48,015 INFO  server.RaftServerConfigKeys (ConfUtils.java:logGet(46)) - raft.server.storage.dir = [/home/runner/work/ratis/ratis/ratis-examples/target/test/data/142b174e/MiniRaftClusterWithRpcTypeGrpcAndDataStreamTypeNettye433f2ec/s0] (custom)
2022-06-29 11:31:48,015 INFO  server.RaftServerConfigKeys (ConfUtils.java:logGet(46)) - raft.server.log.corruption.policy = EXCEPTION (default)
2022-06-29 11:31:48,015 INFO  server.RaftServerConfigKeys (ConfUtils.java:logGet(46)) - raft.server.storage.free-space.min = 0MB (=0) (default)
2022-06-29 11:31:48,016 INFO  storage.RaftStorageDirectory (RaftStorageDirectoryImpl.java:analyzeStorage(135)) - The storage directory /home/runner/work/ratis/ratis/ratis-examples/target/test/data/142b174e/MiniRaftClusterWithRpcTypeGrpcAndDataStreamTypeNettye433f2ec/s0/7bab27b3-1daf-4166-ad0f-54b4f2458eed does not exist. Creating ...
2022-06-29 11:31:48,016 TRACE util.FileUtils (LogUtils.java:runAndLog(49)) - Successfully ran Files.createDirectories /home/runner/work/ratis/ratis/ratis-examples/target/test/data/142b174e/MiniRaftClusterWithRpcTypeGrpcAndDataStreamTypeNettye433f2ec/s1/7bab27b3-1daf-4166-ad0f-54b4f2458eed
2022-06-29 11:31:48,016 TRACE util.FileUtils (LogUtils.java:runAndLog(49)) - Successfully ran Files.createDirectories /home/runner/work/ratis/ratis/ratis-examples/target/test/data/142b174e/MiniRaftClusterWithRpcTypeGrpcAndDataStreamTypeNettye433f2ec/s0/7bab27b3-1daf-4166-ad0f-54b4f2458eed
2022-06-29 11:31:48,018 INFO  server.RaftServerConfigKeys (ConfUtils.java:logGet(46)) - raft.server.log.corruption.policy = EXCEPTION (default)
2022-06-29 11:31:48,018 INFO  server.RaftServerConfigKeys (ConfUtils.java:logGet(46)) - raft.server.storage.free-space.min = 0MB (=0) (default)
2022-06-29 11:31:48,018 INFO  storage.RaftStorageDirectory (RaftStorageDirectoryImpl.java:analyzeStorage(135)) - The storage directory /home/runner/work/ratis/ratis/ratis-examples/target/test/data/142b174e/MiniRaftClusterWithRpcTypeGrpcAndDataStreamTypeNettye433f2ec/s2/7bab27b3-1daf-4166-ad0f-54b4f2458eed does not exist. Creating ...
2022-06-29 11:31:48,019 TRACE util.FileUtils (LogUtils.java:runAndLog(49)) - Successfully ran Files.createDirectories /home/runner/work/ratis/ratis/ratis-examples/target/test/data/142b174e/MiniRaftClusterWithRpcTypeGrpcAndDataStreamTypeNettye433f2ec/s2/7bab27b3-1daf-4166-ad0f-54b4f2458eed
2022-06-29 11:31:48,020 INFO  storage.RaftStorageDirectory (RaftStorageDirectoryImpl.java:tryLock(230)) - Lock on /home/runner/work/ratis/ratis/ratis-examples/target/test/data/142b174e/MiniRaftClusterWithRpcTypeGrpcAndDataStreamTypeNettye433f2ec/s1/7bab27b3-1daf-4166-ad0f-54b4f2458eed/in_use.lock acquired by nodename 29957@fv-az195-259.u3nnjwd0vyge1bu22idnsdeq2e.cx.internal.cloudapp.net
2022-06-29 11:31:48,021 INFO  storage.RaftStorageDirectory (RaftStorageDirectoryImpl.java:tryLock(230)) - Lock on /home/runner/work/ratis/ratis/ratis-examples/target/test/data/142b174e/MiniRaftClusterWithRpcTypeGrpcAndDataStreamTypeNettye433f2ec/s2/7bab27b3-1daf-4166-ad0f-54b4f2458eed/in_use.lock acquired by nodename 29957@fv-az195-259.u3nnjwd0vyge1bu22idnsdeq2e.cx.internal.cloudapp.net
2022-06-29 11:31:48,020 INFO  storage.RaftStorageDirectory (RaftStorageDirectoryImpl.java:tryLock(230)) - Lock on /home/runner/work/ratis/ratis/ratis-examples/target/test/data/142b174e/MiniRaftClusterWithRpcTypeGrpcAndDataStreamTypeNettye433f2ec/s0/7bab27b3-1daf-4166-ad0f-54b4f2458eed/in_use.lock acquired by nodename 29957@fv-az195-259.u3nnjwd0vyge1bu22idnsdeq2e.cx.internal.cloudapp.net
2022-06-29 11:31:48,022 TRACE util.FileUtils (LogUtils.java:runAndLog(49)) - Successfully ran Files.createDirectories /home/runner/work/ratis/ratis/ratis-examples/target/test/data/142b174e/MiniRaftClusterWithRpcTypeGrpcAndDataStreamTypeNettye433f2ec/s2/7bab27b3-1daf-4166-ad0f-54b4f2458eed/current
2022-06-29 11:31:48,022 TRACE util.FileUtils (LogUtils.java:runAndLog(49)) - Successfully ran Files.createDirectories /home/runner/work/ratis/ratis/ratis-examples/target/test/data/142b174e/MiniRaftClusterWithRpcTypeGrpcAndDataStreamTypeNettye433f2ec/s2/7bab27b3-1daf-4166-ad0f-54b4f2458eed/sm
2022-06-29 11:31:48,022 TRACE util.FileUtils (LogUtils.java:runAndLog(49)) - Successfully ran Files.createDirectories /home/runner/work/ratis/ratis/ratis-examples/target/test/data/142b174e/MiniRaftClusterWithRpcTypeGrpcAndDataStreamTypeNettye433f2ec/s0/7bab27b3-1daf-4166-ad0f-54b4f2458eed/current
2022-06-29 11:31:48,022 TRACE util.FileUtils (LogUtils.java:runAndLog(49)) - Successfully ran Files.createDirectories /home/runner/work/ratis/ratis/ratis-examples/target/test/data/142b174e/MiniRaftClusterWithRpcTypeGrpcAndDataStreamTypeNettye433f2ec/s0/7bab27b3-1daf-4166-ad0f-54b4f2458eed/sm
2022-06-29 11:31:48,024 TRACE util.FileUtils (LogUtils.java:runAndLog(49)) - Successfully ran Files.createDirectories /home/runner/work/ratis/ratis/ratis-examples/target/test/data/142b174e/MiniRaftClusterWithRpcTypeGrpcAndDataStreamTypeNettye433f2ec/s1/7bab27b3-1daf-4166-ad0f-54b4f2458eed/current
2022-06-29 11:31:48,024 TRACE util.FileUtils (LogUtils.java:runAndLog(49)) - Successfully ran Files.createDirectories /home/runner/work/ratis/ratis/ratis-examples/target/test/data/142b174e/MiniRaftClusterWithRpcTypeGrpcAndDataStreamTypeNettye433f2ec/s1/7bab27b3-1daf-4166-ad0f-54b4f2458eed/sm
2022-06-29 11:31:48,030 INFO  storage.RaftStorage (RaftStorageImpl.java:format(79)) - Storage directory /home/runner/work/ratis/ratis/ratis-examples/target/test/data/142b174e/MiniRaftClusterWithRpcTypeGrpcAndDataStreamTypeNettye433f2ec/s0/7bab27b3-1daf-4166-ad0f-54b4f2458eed has been successfully formatted.
2022-06-29 11:31:48,032 TRACE util.FileUtils (LogUtils.java:runAndLog(49)) - Successfully ran Files.createDirectories /home/runner/work/ratis/ratis/ratis-examples/target/test/data/142b174e/TestFileStoreStreamingWithGrpcCluster/filestore/s0
2022-06-29 11:31:48,032 INFO  storage.RaftStorage (RaftStorageImpl.java:format(79)) - Storage directory /home/runner/work/ratis/ratis/ratis-examples/target/test/data/142b174e/MiniRaftClusterWithRpcTypeGrpcAndDataStreamTypeNettye433f2ec/s2/7bab27b3-1daf-4166-ad0f-54b4f2458eed has been successfully formatted.
2022-06-29 11:31:48,033 TRACE util.FileUtils (LogUtils.java:runAndLog(49)) - Successfully ran Files.createDirectories /home/runner/work/ratis/ratis/ratis-examples/target/test/data/142b174e/TestFileStoreStreamingWithGrpcCluster/filestore/s2
2022-06-29 11:31:48,034 INFO  server.RaftServerConfigKeys (ConfUtils.java:logGet(46)) - raft.server.notification.no-leader.timeout = 60s (default)
2022-06-29 11:31:48,034 INFO  storage.RaftStorage (RaftStorageImpl.java:format(79)) - Storage directory /home/runner/work/ratis/ratis/ratis-examples/target/test/data/142b174e/MiniRaftClusterWithRpcTypeGrpcAndDataStreamTypeNettye433f2ec/s1/7bab27b3-1daf-4166-ad0f-54b4f2458eed has been successfully formatted.
2022-06-29 11:31:48,034 TRACE util.FileUtils (LogUtils.java:runAndLog(49)) - Successfully ran Files.createDirectories /home/runner/work/ratis/ratis/ratis-examples/target/test/data/142b174e/TestFileStoreStreamingWithGrpcCluster/filestore/s1
2022-06-29 11:31:48,035 INFO  server.RaftServerConfigKeys (ConfUtils.java:logGet(46)) - raft.server.notification.no-leader.timeout = 60s (default)
2022-06-29 11:31:48,035 INFO  server.RaftServerConfigKeys (ConfUtils.java:logGet(46)) - raft.server.notification.no-leader.timeout = 60s (default)
2022-06-29 11:31:48,037 INFO  server.RaftServerConfigKeys (ConfUtils.java:logGet(46)) - raft.server.log.use.memory = false (default)
2022-06-29 11:31:48,038 INFO  server.RaftServerConfigKeys (ConfUtils.java:logGet(46)) - raft.server.log.use.memory = false (default)
2022-06-29 11:31:48,037 INFO  server.RaftServerConfigKeys (ConfUtils.java:logGet(46)) - raft.server.log.use.memory = false (default)
2022-06-29 11:31:48,043 INFO  server.RaftServerConfigKeys (ConfUtils.java:logGet(46)) - raft.server.log.purge.gap = 1024 (default)
2022-06-29 11:31:48,043 INFO  server.RaftServerConfigKeys (ConfUtils.java:logGet(46)) - raft.server.log.purge.gap = 1024 (default)
2022-06-29 11:31:48,043 INFO  server.RaftServerConfigKeys (ConfUtils.java:logGet(46)) - raft.server.log.purge.gap = 1024 (default)
2022-06-29 11:31:48,043 INFO  server.RaftServerConfigKeys (ConfUtils.java:logGet(46)) - raft.server.log.appender.buffer.byte-limit = 4MB (=4194304) (default)
2022-06-29 11:31:48,043 INFO  server.RaftServerConfigKeys (ConfUtils.java:logGet(46)) - raft.server.log.appender.buffer.byte-limit = 4MB (=4194304) (default)
2022-06-29 11:31:48,043 INFO  server.RaftServerConfigKeys (ConfUtils.java:logGet(46)) - raft.server.log.appender.buffer.byte-limit = 4MB (=4194304) (default)
2022-06-29 11:31:48,045 INFO  server.RaftServerConfigKeys (ConfUtils.java:logGet(46)) - raft.server.log.statemachine.data.read.timeout = 1000ms (default)
2022-06-29 11:31:48,045 INFO  server.RaftServerConfigKeys (ConfUtils.java:logGet(46)) - raft.server.log.statemachine.data.read.timeout = 1000ms (default)
2022-06-29 11:31:48,047 INFO  server.RaftServerConfigKeys (ConfUtils.java:logGet(46)) - raft.server.log.segment.size.max = 8MB (=8388608) (default)
2022-06-29 11:31:48,047 INFO  server.RaftServerConfigKeys (ConfUtils.java:logGet(46)) - raft.server.log.segment.size.max = 8MB (=8388608) (default)
2022-06-29 11:31:48,054 INFO  server.RaftServerConfigKeys (ConfUtils.java:logGet(46)) - raft.server.log.statemachine.data.read.timeout = 1000ms (default)
2022-06-29 11:31:48,055 INFO  server.RaftServerConfigKeys (ConfUtils.java:logGet(46)) - raft.server.log.segment.size.max = 8MB (=8388608) (default)
2022-06-29 11:31:48,055 INFO  server.RaftServerConfigKeys (ConfUtils.java:logGet(46)) - raft.server.log.segment.cache.num.max = 6 (default)
2022-06-29 11:31:48,055 INFO  server.RaftServerConfigKeys (ConfUtils.java:logGet(46)) - raft.server.log.segment.cache.num.max = 6 (default)
2022-06-29 11:31:48,058 INFO  server.RaftServerConfigKeys (ConfUtils.java:logGet(46)) - raft.server.log.segment.cache.num.max = 6 (default)
2022-06-29 11:31:48,058 INFO  server.RaftServerConfigKeys (ConfUtils.java:logGet(46)) - raft.server.log.segment.cache.size.max = 200MB (=209715200) (default)
2022-06-29 11:31:48,058 INFO  server.RaftServerConfigKeys (ConfUtils.java:logGet(46)) - raft.server.log.segment.cache.size.max = 200MB (=209715200) (default)
2022-06-29 11:31:48,062 INFO  segmented.SegmentedRaftLogWorker (SegmentedRaftLogWorker.java:<init>(187)) - new s1@group-54B4F2458EED-SegmentedRaftLogWorker for RaftStorageImpl:Storage Directory /home/runner/work/ratis/ratis/ratis-examples/target/test/data/142b174e/MiniRaftClusterWithRpcTypeGrpcAndDataStreamTypeNettye433f2ec/s1/7bab27b3-1daf-4166-ad0f-54b4f2458eed
2022-06-29 11:31:48,062 INFO  server.RaftServerConfigKeys (ConfUtils.java:logGet(46)) - raft.server.log.queue.byte-limit = 64MB (=67108864) (default)
2022-06-29 11:31:48,063 INFO  server.RaftServerConfigKeys (ConfUtils.java:logGet(46)) - raft.server.log.queue.element-limit = 4096 (default)
2022-06-29 11:31:48,064 INFO  server.RaftServerConfigKeys (ConfUtils.java:logGet(46)) - raft.server.log.segment.cache.size.max = 200MB (=209715200) (default)
2022-06-29 11:31:48,064 INFO  segmented.SegmentedRaftLogWorker (SegmentedRaftLogWorker.java:<init>(187)) - new s0@group-54B4F2458EED-SegmentedRaftLogWorker for RaftStorageImpl:Storage Directory /home/runner/work/ratis/ratis/ratis-examples/target/test/data/142b174e/MiniRaftClusterWithRpcTypeGrpcAndDataStreamTypeNettye433f2ec/s0/7bab27b3-1daf-4166-ad0f-54b4f2458eed
2022-06-29 11:31:48,064 INFO  server.RaftServerConfigKeys (ConfUtils.java:logGet(46)) - raft.server.log.queue.byte-limit = 64MB (=67108864) (default)
2022-06-29 11:31:48,064 INFO  server.RaftServerConfigKeys (ConfUtils.java:logGet(46)) - raft.server.log.queue.element-limit = 4096 (default)
2022-06-29 11:31:48,064 INFO  server.RaftServerConfigKeys (ConfUtils.java:logGet(46)) - raft.server.log.segment.size.max = 8MB (=8388608) (default)
2022-06-29 11:31:48,065 INFO  server.RaftServerConfigKeys (ConfUtils.java:logGet(46)) - raft.server.log.preallocated.size = 4MB (=4194304) (default)
2022-06-29 11:31:48,065 INFO  server.RaftServerConfigKeys (ConfUtils.java:logGet(46)) - raft.server.log.force.sync.num = 128 (default)
2022-06-29 11:31:48,066 INFO  server.RaftServerConfigKeys (ConfUtils.java:logGet(46)) - raft.server.log.statemachine.data.sync = true (default)
2022-06-29 11:31:48,066 INFO  server.RaftServerConfigKeys (ConfUtils.java:logGet(46)) - raft.server.log.statemachine.data.sync.timeout = 10s (default)
2022-06-29 11:31:48,067 INFO  server.RaftServerConfigKeys (ConfUtils.java:logGet(46)) - raft.server.log.statemachine.data.sync.timeout.retry = -1 (default)
2022-06-29 11:31:48,064 INFO  server.RaftServerConfigKeys (ConfUtils.java:logGet(46)) - raft.server.log.segment.size.max = 8MB (=8388608) (default)
2022-06-29 11:31:48,064 INFO  segmented.SegmentedRaftLogWorker (SegmentedRaftLogWorker.java:<init>(187)) - new s2@group-54B4F2458EED-SegmentedRaftLogWorker for RaftStorageImpl:Storage Directory /home/runner/work/ratis/ratis/ratis-examples/target/test/data/142b174e/MiniRaftClusterWithRpcTypeGrpcAndDataStreamTypeNettye433f2ec/s2/7bab27b3-1daf-4166-ad0f-54b4f2458eed
2022-06-29 11:31:48,072 INFO  server.RaftServerConfigKeys (ConfUtils.java:logGet(46)) - raft.server.log.preallocated.size = 4MB (=4194304) (default)
2022-06-29 11:31:48,072 INFO  server.RaftServerConfigKeys (ConfUtils.java:logGet(46)) - raft.server.log.queue.byte-limit = 64MB (=67108864) (default)
2022-06-29 11:31:48,072 INFO  server.RaftServerConfigKeys (ConfUtils.java:logGet(46)) - raft.server.log.force.sync.num = 128 (default)
2022-06-29 11:31:48,072 INFO  server.RaftServerConfigKeys (ConfUtils.java:logGet(46)) - raft.server.log.queue.element-limit = 4096 (default)
2022-06-29 11:31:48,072 INFO  server.RaftServerConfigKeys (ConfUtils.java:logGet(46)) - raft.server.log.statemachine.data.sync = true (default)
2022-06-29 11:31:48,073 INFO  server.RaftServerConfigKeys (ConfUtils.java:logGet(46)) - raft.server.log.segment.size.max = 8MB (=8388608) (default)
2022-06-29 11:31:48,073 INFO  server.RaftServerConfigKeys (ConfUtils.java:logGet(46)) - raft.server.log.statemachine.data.sync.timeout = 10s (default)
2022-06-29 11:31:48,073 INFO  server.RaftServerConfigKeys (ConfUtils.java:logGet(46)) - raft.server.log.preallocated.size = 4MB (=4194304) (default)
2022-06-29 11:31:48,073 INFO  server.RaftServerConfigKeys (ConfUtils.java:logGet(46)) - raft.server.log.statemachine.data.sync.timeout.retry = -1 (default)
2022-06-29 11:31:48,073 INFO  server.RaftServerConfigKeys (ConfUtils.java:logGet(46)) - raft.server.log.force.sync.num = 128 (default)
2022-06-29 11:31:48,075 INFO  server.RaftServerConfigKeys (ConfUtils.java:logGet(46)) - raft.server.log.statemachine.data.sync = true (default)
2022-06-29 11:31:48,076 INFO  server.RaftServerConfigKeys (ConfUtils.java:logGet(46)) - raft.server.log.statemachine.data.sync.timeout = 10s (default)
2022-06-29 11:31:48,076 INFO  server.RaftServerConfigKeys (ConfUtils.java:logGet(46)) - raft.server.log.statemachine.data.sync.timeout.retry = -1 (default)
2022-06-29 11:31:48,076 INFO  server.RaftServerConfigKeys (ConfUtils.java:logGet(46)) - raft.server.log.write.buffer.size = 64KB (=65536) (default)
2022-06-29 11:31:48,076 INFO  server.RaftServerConfigKeys (ConfUtils.java:logGet(46)) - raft.server.log.write.buffer.size = 64KB (=65536) (default)
2022-06-29 11:31:48,077 INFO  server.RaftServerConfigKeys (ConfUtils.java:logGet(46)) - raft.server.log.unsafe-flush.enabled = false (default)
2022-06-29 11:31:48,077 INFO  server.RaftServerConfigKeys (ConfUtils.java:logGet(46)) - raft.server.log.unsafe-flush.enabled = false (default)
2022-06-29 11:31:48,077 INFO  server.RaftServerConfigKeys (ConfUtils.java:logGet(46)) - raft.server.log.statemachine.data.caching.enabled = false (default)
2022-06-29 11:31:48,077 INFO  server.RaftServerConfigKeys (ConfUtils.java:logGet(46)) - raft.server.log.statemachine.data.caching.enabled = false (default)
2022-06-29 11:31:48,079 INFO  server.RaftServerConfigKeys (ConfUtils.java:logGet(46)) - raft.server.log.write.buffer.size = 64KB (=65536) (default)
2022-06-29 11:31:48,079 INFO  server.RaftServerConfigKeys (ConfUtils.java:logGet(46)) - raft.server.log.unsafe-flush.enabled = false (default)
2022-06-29 11:31:48,079 INFO  server.RaftServerConfigKeys (ConfUtils.java:logGet(46)) - raft.server.log.statemachine.data.caching.enabled = false (default)
2022-06-29 11:31:48,100 INFO  segmented.SegmentedRaftLogWorker (SegmentedRaftLogWorker.java:lambda$new$0(135)) - s2@group-54B4F2458EED-SegmentedRaftLogWorker: flushIndex: setUnconditionally 0 -> -1
2022-06-29 11:31:48,101 INFO  segmented.SegmentedRaftLogWorker (SegmentedRaftLogWorker.java:lambda$new$0(135)) - s2@group-54B4F2458EED-SegmentedRaftLogWorker: safeCacheEvictIndex: setUnconditionally 0 -> -1
2022-06-29 11:31:48,100 INFO  segmented.SegmentedRaftLogWorker (SegmentedRaftLogWorker.java:lambda$new$0(135)) - s1@group-54B4F2458EED-SegmentedRaftLogWorker: flushIndex: setUnconditionally 0 -> -1
2022-06-29 11:31:48,102 INFO  segmented.SegmentedRaftLogWorker (SegmentedRaftLogWorker.java:lambda$new$0(135)) - s1@group-54B4F2458EED-SegmentedRaftLogWorker: safeCacheEvictIndex: setUnconditionally 0 -> -1
2022-06-29 11:31:48,100 INFO  segmented.SegmentedRaftLogWorker (SegmentedRaftLogWorker.java:lambda$new$0(135)) - s0@group-54B4F2458EED-SegmentedRaftLogWorker: flushIndex: setUnconditionally 0 -> -1
2022-06-29 11:31:48,102 INFO  segmented.SegmentedRaftLogWorker (SegmentedRaftLogWorker.java:lambda$new$0(135)) - s0@group-54B4F2458EED-SegmentedRaftLogWorker: safeCacheEvictIndex: setUnconditionally 0 -> -1
2022-06-29 11:31:48,106 INFO  server.RaftServerConfigKeys (ConfUtils.java:logGet(46)) - raft.server.snapshot.auto.trigger.enabled = false (default)
2022-06-29 11:31:48,106 INFO  server.RaftServerConfigKeys (ConfUtils.java:logGet(46)) - raft.server.snapshot.auto.trigger.enabled = false (default)
2022-06-29 11:31:48,106 INFO  server.RaftServerConfigKeys (ConfUtils.java:logGet(46)) - raft.server.snapshot.retention.file.num = -1 (default)
2022-06-29 11:31:48,106 INFO  server.RaftServerConfigKeys (ConfUtils.java:logGet(46)) - raft.server.snapshot.retention.file.num = -1 (default)
2022-06-29 11:31:48,106 INFO  server.RaftServerConfigKeys (ConfUtils.java:logGet(46)) - raft.server.snapshot.auto.trigger.enabled = false (default)
2022-06-29 11:31:48,107 INFO  server.RaftServerConfigKeys (ConfUtils.java:logGet(46)) - raft.server.snapshot.retention.file.num = -1 (default)
2022-06-29 11:31:48,107 INFO  server.RaftServerConfigKeys (ConfUtils.java:logGet(46)) - raft.server.log.purge.upto.snapshot.index = false (default)
2022-06-29 11:31:48,107 INFO  server.RaftServerConfigKeys (ConfUtils.java:logGet(46)) - raft.server.log.purge.upto.snapshot.index = false (default)
2022-06-29 11:31:48,108 INFO  server.RaftServerConfigKeys (ConfUtils.java:logGet(46)) - raft.server.retrycache.expirytime = 60s (default)
2022-06-29 11:31:48,108 INFO  server.RaftServerConfigKeys (ConfUtils.java:logGet(46)) - raft.server.retrycache.statistics.expirytime = 100μs (default)
2022-06-29 11:31:48,110 INFO  server.RaftServerConfigKeys (ConfUtils.java:logGet(46)) - raft.server.retrycache.expirytime = 60s (default)
2022-06-29 11:31:48,111 INFO  server.RaftServerConfigKeys (ConfUtils.java:logGet(46)) - raft.server.retrycache.statistics.expirytime = 100μs (default)
2022-06-29 11:31:48,111 INFO  server.RaftServerConfigKeys (ConfUtils.java:logGet(46)) - raft.server.log.purge.upto.snapshot.index = false (default)
2022-06-29 11:31:48,111 INFO  server.RaftServerConfigKeys (ConfUtils.java:logGet(46)) - raft.server.retrycache.expirytime = 60s (default)
2022-06-29 11:31:48,111 INFO  server.RaftServerConfigKeys (ConfUtils.java:logGet(46)) - raft.server.retrycache.statistics.expirytime = 100μs (default)
2022-06-29 11:31:48,138 INFO  server.RaftServerConfigKeys (ConfUtils.java:logGet(46)) - raft.server.log.appender.install.snapshot.enabled = true (default)
2022-06-29 11:31:48,138 INFO  server.RaftServerConfigKeys (ConfUtils.java:logGet(46)) - raft.server.threadpool.server.cached = true (default)
2022-06-29 11:31:48,139 INFO  server.RaftServerConfigKeys (ConfUtils.java:logGet(46)) - raft.server.threadpool.server.size = 0 (default)
2022-06-29 11:31:48,139 INFO  server.RaftServerConfigKeys (ConfUtils.java:logGet(46)) - raft.server.threadpool.client.cached = true (default)
2022-06-29 11:31:48,140 INFO  server.RaftServerConfigKeys (ConfUtils.java:logGet(46)) - raft.server.threadpool.client.size = 0 (default)
2022-06-29 11:31:48,140 INFO  server.RaftServerConfigKeys (ConfUtils.java:logGet(46)) - raft.server.log.appender.install.snapshot.enabled = true (default)
2022-06-29 11:31:48,140 INFO  server.RaftServerConfigKeys (ConfUtils.java:logGet(46)) - raft.server.log.appender.install.snapshot.enabled = true (default)
2022-06-29 11:31:48,140 INFO  server.RaftServerConfigKeys (ConfUtils.java:logGet(46)) - raft.server.threadpool.server.cached = true (default)
2022-06-29 11:31:48,140 INFO  server.RaftServerConfigKeys (ConfUtils.java:logGet(46)) - raft.server.threadpool.server.size = 0 (default)
2022-06-29 11:31:48,140 INFO  server.RaftServerConfigKeys (ConfUtils.java:logGet(46)) - raft.server.threadpool.client.cached = true (default)
2022-06-29 11:31:48,140 INFO  server.RaftServerConfigKeys (ConfUtils.java:logGet(46)) - raft.server.threadpool.client.size = 0 (default)
2022-06-29 11:31:48,140 INFO  server.RaftServerConfigKeys (ConfUtils.java:logGet(46)) - raft.server.threadpool.server.cached = true (default)
2022-06-29 11:31:48,141 INFO  server.RaftServerConfigKeys (ConfUtils.java:logGet(46)) - raft.server.threadpool.server.size = 0 (default)
2022-06-29 11:31:48,141 INFO  server.RaftServerConfigKeys (ConfUtils.java:logGet(46)) - raft.server.threadpool.client.cached = true (default)
2022-06-29 11:31:48,141 INFO  server.RaftServerConfigKeys (ConfUtils.java:logGet(46)) - raft.server.threadpool.client.size = 0 (default)
2022-06-29 11:31:48,142 INFO  server.RaftServer$Division (RaftServerImpl.java:start(310)) - s0@group-54B4F2458EED: start as a follower, conf=-1: [s0|rpc:localhost:46515|admin:localhost:40757|client:localhost:41939|dataStream:localhost:35593|priority:0, s1|rpc:localhost:34095|admin:localhost:43151|client:localhost:36051|dataStream:localhost:38995|priority:0, s2|rpc:localhost:40453|admin:localhost:33947|client:localhost:38503|dataStream:localhost:42009|priority:0], old=null
2022-06-29 11:31:48,142 INFO  server.RaftServer$Division (RaftServerImpl.java:setRole(299)) - s0@group-54B4F2458EED: changes role from      null to FOLLOWER at term 0 for startAsFollower
2022-06-29 11:31:48,143 INFO  impl.RoleInfo (RoleInfo.java:updateAndGet(139)) - s0: start s0@group-54B4F2458EED-FollowerState
2022-06-29 11:31:48,146 INFO  util.JmxRegister (JmxRegister.java:tryRegister(44)) - Successfully registered JMX Bean with object name Ratis:service=RaftServer,group=group-54B4F2458EED,id=s0
2022-06-29 11:31:48,148 INFO  server.RaftServer (RaftServerProxy.java:lambda$start$6(382)) - s0: start RPC server
2022-06-29 11:31:48,198 INFO  server.GrpcService (GrpcService.java:startImpl(260)) - s0: GrpcService started, listening on 46515
2022-06-29 11:31:48,199 INFO  server.GrpcService (GrpcService.java:startImpl(260)) - s0: GrpcService started, listening on 40757
2022-06-29 11:31:48,200 INFO  server.GrpcService (GrpcService.java:startImpl(260)) - s0: GrpcService started, listening on 41939
2022-06-29 11:31:48,201 INFO  server.RaftServer$Division (RaftServerImpl.java:start(310)) - s1@group-54B4F2458EED: start as a follower, conf=-1: [s0|rpc:localhost:46515|admin:localhost:40757|client:localhost:41939|dataStream:localhost:35593|priority:0, s1|rpc:localhost:34095|admin:localhost:43151|client:localhost:36051|dataStream:localhost:38995|priority:0, s2|rpc:localhost:40453|admin:localhost:33947|client:localhost:38503|dataStream:localhost:42009|priority:0], old=null
2022-06-29 11:31:48,202 INFO  server.RaftServer$Division (RaftServerImpl.java:setRole(299)) - s1@group-54B4F2458EED: changes role from      null to FOLLOWER at term 0 for startAsFollower
2022-06-29 11:31:48,202 INFO  impl.RoleInfo (RoleInfo.java:updateAndGet(139)) - s1: start s1@group-54B4F2458EED-FollowerState
2022-06-29 11:31:48,202 INFO  util.JvmPauseMonitor (JvmPauseMonitor.java:run(103)) - JvmPauseMonitor-s0: Started
2022-06-29 11:31:48,205 INFO  util.JmxRegister (JmxRegister.java:tryRegister(44)) - Successfully registered JMX Bean with object name Ratis:service=RaftServer,group=group-54B4F2458EED,id=s1
2022-06-29 11:31:48,205 INFO  server.RaftServer (RaftServerProxy.java:lambda$start$6(382)) - s1: start RPC server
2022-06-29 11:31:48,206 INFO  server.GrpcService (GrpcService.java:startImpl(260)) - s1: GrpcService started, listening on 34095
2022-06-29 11:31:48,206 INFO  server.GrpcService (GrpcService.java:startImpl(260)) - s1: GrpcService started, listening on 43151
2022-06-29 11:31:48,207 INFO  server.GrpcService (GrpcService.java:startImpl(260)) - s1: GrpcService started, listening on 36051
2022-06-29 11:31:48,208 INFO  server.RaftServer$Division (RaftServerImpl.java:start(310)) - s2@group-54B4F2458EED: start as a follower, conf=-1: [s0|rpc:localhost:46515|admin:localhost:40757|client:localhost:41939|dataStream:localhost:35593|priority:0, s1|rpc:localhost:34095|admin:localhost:43151|client:localhost:36051|dataStream:localhost:38995|priority:0, s2|rpc:localhost:40453|admin:localhost:33947|client:localhost:38503|dataStream:localhost:42009|priority:0], old=null
2022-06-29 11:31:48,208 INFO  util.JvmPauseMonitor (JvmPauseMonitor.java:run(103)) - JvmPauseMonitor-s1: Started
2022-06-29 11:31:48,208 INFO  server.RaftServer$Division (RaftServerImpl.java:setRole(299)) - s2@group-54B4F2458EED: changes role from      null to FOLLOWER at term 0 for startAsFollower
2022-06-29 11:31:48,208 INFO  impl.RoleInfo (RoleInfo.java:updateAndGet(139)) - s2: start s2@group-54B4F2458EED-FollowerState
2022-06-29 11:31:48,208 INFO  util.JmxRegister (JmxRegister.java:tryRegister(44)) - Successfully registered JMX Bean with object name Ratis:service=RaftServer,group=group-54B4F2458EED,id=s2
2022-06-29 11:31:48,212 INFO  server.RaftServer (RaftServerProxy.java:lambda$start$6(382)) - s2: start RPC server
2022-06-29 11:31:48,212 INFO  server.GrpcService (GrpcService.java:startImpl(260)) - s2: GrpcService started, listening on 40453
2022-06-29 11:31:48,213 INFO  server.GrpcService (GrpcService.java:startImpl(260)) - s2: GrpcService started, listening on 33947
2022-06-29 11:31:48,213 INFO  server.GrpcService (GrpcService.java:startImpl(260)) - s2: GrpcService started, listening on 38503
2022-06-29 11:31:48,217 INFO  util.JvmPauseMonitor (JvmPauseMonitor.java:run(103)) - JvmPauseMonitor-s2: Started
2022-06-29 11:31:48,219 INFO  server.RaftServerConfigKeys (ConfUtils.java:logGet(46)) - raft.server.rpc.timeout.max = 300ms (default)
2022-06-29 11:31:48,220 INFO  ratis.RaftTestUtil (RaftTestUtil.java:waitForLeader(100)) - printing ALL groups
  s0:  RUNNING  FOLLOWER s0@group-54B4F2458EED:t0, leader=null, voted=, raftlog=s0@group-54B4F2458EED-SegmentedRaftLog:OPENED:c-1, conf=-1: [s0|rpc:localhost:46515|admin:localhost:40757|client:localhost:41939|dataStream:localhost:35593|priority:0, s1|rpc:localhost:34095|admin:localhost:43151|client:localhost:36051|dataStream:localhost:38995|priority:0, s2|rpc:localhost:40453|admin:localhost:33947|client:localhost:38503|dataStream:localhost:42009|priority:0], old=null RUNNING
  s1:  RUNNING  FOLLOWER s1@group-54B4F2458EED:t0, leader=null, voted=, raftlog=s1@group-54B4F2458EED-SegmentedRaftLog:OPENED:c-1, conf=-1: [s0|rpc:localhost:46515|admin:localhost:40757|client:localhost:41939|dataStream:localhost:35593|priority:0, s1|rpc:localhost:34095|admin:localhost:43151|client:localhost:36051|dataStream:localhost:38995|priority:0, s2|rpc:localhost:40453|admin:localhost:33947|client:localhost:38503|dataStream:localhost:42009|priority:0], old=null RUNNING
  s2:  RUNNING  FOLLOWER s2@group-54B4F2458EED:t0, leader=null, voted=, raftlog=s2@group-54B4F2458EED-SegmentedRaftLog:OPENED:c-1, conf=-1: [s0|rpc:localhost:46515|admin:localhost:40757|client:localhost:41939|dataStream:localhost:35593|priority:0, s1|rpc:localhost:34095|admin:localhost:43151|client:localhost:36051|dataStream:localhost:38995|priority:0, s2|rpc:localhost:40453|admin:localhost:33947|client:localhost:38503|dataStream:localhost:42009|priority:0], old=null RUNNING
2022-06-29 11:31:48,223 WARN  ratis.RaftTestUtil (JavaUtils.java:attempt(172)) - FAILED "waitForLeader-null-(expectLeader? true)", attempt #1/100: java.lang.IllegalStateException: No leader yet : printing ALL groups
  s0:  RUNNING  FOLLOWER s0@group-54B4F2458EED:t0, leader=null, voted=, raftlog=s0@group-54B4F2458EED-SegmentedRaftLog:OPENED:c-1, conf=-1: [s0|rpc:localhost:46515|admin:localhost:40757|client:localhost:41939|dataStream:localhost:35593|priority:0, s1|rpc:localhost:34095|admin:localhost:43151|client:localhost:36051|dataStream:localhost:38995|priority:0, s2|rpc:localhost:40453|admin:localhost:33947|client:localhost:38503|dataStream:localhost:42009|priority:0], old=null RUNNING
  s1:  RUNNING  FOLLOWER s1@group-54B4F2458EED:t0, leader=null, voted=, raftlog=s1@group-54B4F2458EED-SegmentedRaftLog:OPENED:c-1, conf=-1: [s0|rpc:localhost:46515|admin:localhost:40757|client:localhost:41939|dataStream:localhost:35593|priority:0, s1|rpc:localhost:34095|admin:localhost:43151|client:localhost:36051|dataStream:localhost:38995|priority:0, s2|rpc:localhost:40453|admin:localhost:33947|client:localhost:38503|dataStream:localhost:42009|priority:0], old=null RUNNING
  s2:  RUNNING  FOLLOWER s2@group-54B4F2458EED:t0, leader=null, voted=, raftlog=s2@group-54B4F2458EED-SegmentedRaftLog:OPENED:c-1, conf=-1: [s0|rpc:localhost:46515|admin:localhost:40757|client:localhost:41939|dataStream:localhost:35593|priority:0, s1|rpc:localhost:34095|admin:localhost:43151|client:localhost:36051|dataStream:localhost:38995|priority:0, s2|rpc:localhost:40453|admin:localhost:33947|client:localhost:38503|dataStream:localhost:42009|priority:0], old=null RUNNING, sleep 450ms and then retry.
java.lang.IllegalStateException: No leader yet : printing ALL groups
  s0:  RUNNING  FOLLOWER s0@group-54B4F2458EED:t0, leader=null, voted=, raftlog=s0@group-54B4F2458EED-SegmentedRaftLog:OPENED:c-1, conf=-1: [s0|rpc:localhost:46515|admin:localhost:40757|client:localhost:41939|dataStream:localhost:35593|priority:0, s1|rpc:localhost:34095|admin:localhost:43151|client:localhost:36051|dataStream:localhost:38995|priority:0, s2|rpc:localhost:40453|admin:localhost:33947|client:localhost:38503|dataStream:localhost:42009|priority:0], old=null RUNNING
  s1:  RUNNING  FOLLOWER s1@group-54B4F2458EED:t0, leader=null, voted=, raftlog=s1@group-54B4F2458EED-SegmentedRaftLog:OPENED:c-1, conf=-1: [s0|rpc:localhost:46515|admin:localhost:40757|client:localhost:41939|dataStream:localhost:35593|priority:0, s1|rpc:localhost:34095|admin:localhost:43151|client:localhost:36051|dataStream:localhost:38995|priority:0, s2|rpc:localhost:40453|admin:localhost:33947|client:localhost:38503|dataStream:localhost:42009|priority:0], old=null RUNNING
  s2:  RUNNING  FOLLOWER s2@group-54B4F2458EED:t0, leader=null, voted=, raftlog=s2@group-54B4F2458EED-SegmentedRaftLog:OPENED:c-1, conf=-1: [s0|rpc:localhost:46515|admin:localhost:40757|client:localhost:41939|dataStream:localhost:35593|priority:0, s1|rpc:localhost:34095|admin:localhost:43151|client:localhost:36051|dataStream:localhost:38995|priority:0, s2|rpc:localhost:40453|admin:localhost:33947|client:localhost:38503|dataStream:localhost:42009|priority:0], old=null RUNNING
	at org.apache.ratis.server.impl.MiniRaftCluster.newIllegalStateExceptionForNoLeaders(MiniRaftCluster.java:533)
	at org.apache.ratis.RaftTestUtil.lambda$waitForLeader$1(RaftTestUtil.java:104)
	at org.apache.ratis.server.impl.MiniRaftCluster.getLeader(MiniRaftCluster.java:567)
	at org.apache.ratis.server.impl.MiniRaftCluster.getLeader(MiniRaftCluster.java:560)
	at org.apache.ratis.RaftTestUtil.lambda$waitForLeader$3(RaftTestUtil.java:112)
	at org.apache.ratis.util.JavaUtils.attempt(JavaUtils.java:166)
	at org.apache.ratis.util.JavaUtils.attemptRepeatedly(JavaUtils.java:152)
	at org.apache.ratis.RaftTestUtil.waitForLeader(RaftTestUtil.java:111)
	at org.apache.ratis.RaftTestUtil.waitForLeader(RaftTestUtil.java:92)
	at org.apache.ratis.RaftTestUtil.waitForLeader(RaftTestUtil.java:87)
	at org.apache.ratis.examples.filestore.FileStoreStreamingBaseTest.testFileStoreStreamMultipleFiles(FileStoreStreamingBaseTest.java:89)
	at sun.reflect.NativeMethodAccessorImpl.invoke0(Native Method)
	at sun.reflect.NativeMethodAccessorImpl.invoke(NativeMethodAccessorImpl.java:62)
	at sun.reflect.DelegatingMethodAccessorImpl.invoke(DelegatingMethodAccessorImpl.java:43)
	at java.lang.reflect.Method.invoke(Method.java:498)
	at org.junit.runners.model.FrameworkMethod$1.runReflectiveCall(FrameworkMethod.java:59)
	at org.junit.internal.runners.model.ReflectiveCallable.run(ReflectiveCallable.java:12)
	at org.junit.runners.model.FrameworkMethod.invokeExplosively(FrameworkMethod.java:56)
	at org.junit.internal.runners.statements.InvokeMethod.evaluate(InvokeMethod.java:17)
	at org.junit.internal.runners.statements.RunAfters.evaluate(RunAfters.java:27)
	at org.junit.internal.runners.statements.FailOnTimeout$CallableStatement.call(FailOnTimeout.java:299)
	at org.junit.internal.runners.statements.FailOnTimeout$CallableStatement.call(FailOnTimeout.java:293)
	at java.util.concurrent.FutureTask.run(FutureTask.java:266)
	at java.lang.Thread.run(Thread.java:750)
2022-06-29 11:31:48,435 INFO  impl.FollowerState (FollowerState.java:run(143)) - s2@group-54B4F2458EED-FollowerState: change to CANDIDATE, lastRpcElapsedTime:226734645ns, electionTimeout:225ms
2022-06-29 11:31:48,436 INFO  impl.RoleInfo (RoleInfo.java:shutdownFollowerState(110)) - s2: shutdown s2@group-54B4F2458EED-FollowerState
2022-06-29 11:31:48,436 INFO  server.RaftServer$Division (RaftServerImpl.java:setRole(299)) - s2@group-54B4F2458EED: changes role from  FOLLOWER to CANDIDATE at term 0 for changeToCandidate
2022-06-29 11:31:48,439 INFO  server.RaftServerConfigKeys (ConfUtils.java:logGet(46)) - raft.server.leaderelection.pre-vote = true (default)
2022-06-29 11:31:48,439 INFO  impl.RoleInfo (RoleInfo.java:updateAndGet(139)) - s2: start s2@group-54B4F2458EED-LeaderElection1
2022-06-29 11:31:48,441 INFO  impl.LeaderElection (LeaderElection.java:askForVotes(310)) - s2@group-54B4F2458EED-LeaderElection1 PRE_VOTE round 0: submit vote requests at term 0 for -1: [s0|rpc:localhost:46515|admin:localhost:40757|client:localhost:41939|dataStream:localhost:35593|priority:0, s1|rpc:localhost:34095|admin:localhost:43151|client:localhost:36051|dataStream:localhost:38995|priority:0, s2|rpc:localhost:40453|admin:localhost:33947|client:localhost:38503|dataStream:localhost:42009|priority:0], old=null
2022-06-29 11:31:48,442 INFO  impl.FollowerState (FollowerState.java:run(143)) - s0@group-54B4F2458EED-FollowerState: change to CANDIDATE, lastRpcElapsedTime:298785836ns, electionTimeout:297ms
2022-06-29 11:31:48,442 INFO  impl.RoleInfo (RoleInfo.java:shutdownFollowerState(110)) - s0: shutdown s0@group-54B4F2458EED-FollowerState
2022-06-29 11:31:48,442 INFO  server.RaftServer$Division (RaftServerImpl.java:setRole(299)) - s0@group-54B4F2458EED: changes role from  FOLLOWER to CANDIDATE at term 0 for changeToCandidate
2022-06-29 11:31:48,442 INFO  server.RaftServerConfigKeys (ConfUtils.java:logGet(46)) - raft.server.leaderelection.pre-vote = true (default)
2022-06-29 11:31:48,442 INFO  impl.RoleInfo (RoleInfo.java:updateAndGet(139)) - s0: start s0@group-54B4F2458EED-LeaderElection2
2022-06-29 11:31:48,444 INFO  impl.LeaderElection (LeaderElection.java:askForVotes(310)) - s0@group-54B4F2458EED-LeaderElection2 PRE_VOTE round 0: submit vote requests at term 0 for -1: [s0|rpc:localhost:46515|admin:localhost:40757|client:localhost:41939|dataStream:localhost:35593|priority:0, s1|rpc:localhost:34095|admin:localhost:43151|client:localhost:36051|dataStream:localhost:38995|priority:0, s2|rpc:localhost:40453|admin:localhost:33947|client:localhost:38503|dataStream:localhost:42009|priority:0], old=null
2022-06-29 11:31:48,497 INFO  impl.FollowerState (FollowerState.java:run(143)) - s1@group-54B4F2458EED-FollowerState: change to CANDIDATE, lastRpcElapsedTime:295709085ns, electionTimeout:292ms
2022-06-29 11:31:48,498 INFO  impl.RoleInfo (RoleInfo.java:shutdownFollowerState(110)) - s1: shutdown s1@group-54B4F2458EED-FollowerState
2022-06-29 11:31:48,498 INFO  server.RaftServer$Division (RaftServerImpl.java:setRole(299)) - s1@group-54B4F2458EED: changes role from  FOLLOWER to CANDIDATE at term 0 for changeToCandidate
2022-06-29 11:31:48,498 INFO  server.RaftServerConfigKeys (ConfUtils.java:logGet(46)) - raft.server.leaderelection.pre-vote = true (default)
2022-06-29 11:31:48,498 INFO  impl.RoleInfo (RoleInfo.java:updateAndGet(139)) - s1: start s1@group-54B4F2458EED-LeaderElection3
2022-06-29 11:31:48,499 INFO  impl.LeaderElection (LeaderElection.java:askForVotes(310)) - s1@group-54B4F2458EED-LeaderElection3 PRE_VOTE round 0: submit vote requests at term 0 for -1: [s0|rpc:localhost:46515|admin:localhost:40757|client:localhost:41939|dataStream:localhost:35593|priority:0, s1|rpc:localhost:34095|admin:localhost:43151|client:localhost:36051|dataStream:localhost:38995|priority:0, s2|rpc:localhost:40453|admin:localhost:33947|client:localhost:38503|dataStream:localhost:42009|priority:0], old=null
2022-06-29 11:31:48,649 INFO  impl.LeaderElection (LeaderElection.java:logAndReturn(90)) - s0@group-54B4F2458EED-LeaderElection2: PRE_VOTE TIMEOUT received 0 response(s) and 0 exception(s):
2022-06-29 11:31:48,649 INFO  impl.LeaderElection (LeaderElection.java:askForVotes(312)) - s0@group-54B4F2458EED-LeaderElection2 PRE_VOTE round 0: result TIMEOUT
2022-06-29 11:31:48,649 INFO  impl.LeaderElection (LeaderElection.java:askForVotes(310)) - s0@group-54B4F2458EED-LeaderElection2 PRE_VOTE round 1: submit vote requests at term 0 for -1: [s0|rpc:localhost:46515|admin:localhost:40757|client:localhost:41939|dataStream:localhost:35593|priority:0, s1|rpc:localhost:34095|admin:localhost:43151|client:localhost:36051|dataStream:localhost:38995|priority:0, s2|rpc:localhost:40453|admin:localhost:33947|client:localhost:38503|dataStream:localhost:42009|priority:0], old=null
2022-06-29 11:31:48,676 WARN  ratis.RaftTestUtil (JavaUtils.java:attempt(172)) - FAILED "waitForLeader-null-(expectLeader? true)", attempt #2/100: java.lang.IllegalStateException: No leader yet : printing ALL groups
  s0:  RUNNING CANDIDATE s0@group-54B4F2458EED:t0, leader=null, voted=, raftlog=s0@group-54B4F2458EED-SegmentedRaftLog:OPENED:c-1, conf=-1: [s0|rpc:localhost:46515|admin:localhost:40757|client:localhost:41939|dataStream:localhost:35593|priority:0, s1|rpc:localhost:34095|admin:localhost:43151|client:localhost:36051|dataStream:localhost:38995|priority:0, s2|rpc:localhost:40453|admin:localhost:33947|client:localhost:38503|dataStream:localhost:42009|priority:0], old=null RUNNING
  s1:  RUNNING CANDIDATE s1@group-54B4F2458EED:t0, leader=null, voted=, raftlog=s1@group-54B4F2458EED-SegmentedRaftLog:OPENED:c-1, conf=-1: [s0|rpc:localhost:46515|admin:localhost:40757|client:localhost:41939|dataStream:localhost:35593|priority:0, s1|rpc:localhost:34095|admin:localhost:43151|client:localhost:36051|dataStream:localhost:38995|priority:0, s2|rpc:localhost:40453|admin:localhost:33947|client:localhost:38503|dataStream:localhost:42009|priority:0], old=null RUNNING
  s2:  RUNNING CANDIDATE s2@group-54B4F2458EED:t0, leader=null, voted=, raftlog=s2@group-54B4F2458EED-SegmentedRaftLog:OPENED:c-1, conf=-1: [s0|rpc:localhost:46515|admin:localhost:40757|client:localhost:41939|dataStream:localhost:35593|priority:0, s1|rpc:localhost:34095|admin:localhost:43151|client:localhost:36051|dataStream:localhost:38995|priority:0, s2|rpc:localhost:40453|admin:localhost:33947|client:localhost:38503|dataStream:localhost:42009|priority:0], old=null RUNNING, sleep 450ms and then retry.
java.lang.IllegalStateException: No leader yet : printing ALL groups
  s0:  RUNNING CANDIDATE s0@group-54B4F2458EED:t0, leader=null, voted=, raftlog=s0@group-54B4F2458EED-SegmentedRaftLog:OPENED:c-1, conf=-1: [s0|rpc:localhost:46515|admin:localhost:40757|client:localhost:41939|dataStream:localhost:35593|priority:0, s1|rpc:localhost:34095|admin:localhost:43151|client:localhost:36051|dataStream:localhost:38995|priority:0, s2|rpc:localhost:40453|admin:localhost:33947|client:localhost:38503|dataStream:localhost:42009|priority:0], old=null RUNNING
  s1:  RUNNING CANDIDATE s1@group-54B4F2458EED:t0, leader=null, voted=, raftlog=s1@group-54B4F2458EED-SegmentedRaftLog:OPENED:c-1, conf=-1: [s0|rpc:localhost:46515|admin:localhost:40757|client:localhost:41939|dataStream:localhost:35593|priority:0, s1|rpc:localhost:34095|admin:localhost:43151|client:localhost:36051|dataStream:localhost:38995|priority:0, s2|rpc:localhost:40453|admin:localhost:33947|client:localhost:38503|dataStream:localhost:42009|priority:0], old=null RUNNING
  s2:  RUNNING CANDIDATE s2@group-54B4F2458EED:t0, leader=null, voted=, raftlog=s2@group-54B4F2458EED-SegmentedRaftLog:OPENED:c-1, conf=-1: [s0|rpc:localhost:46515|admin:localhost:40757|client:localhost:41939|dataStream:localhost:35593|priority:0, s1|rpc:localhost:34095|admin:localhost:43151|client:localhost:36051|dataStream:localhost:38995|priority:0, s2|rpc:localhost:40453|admin:localhost:33947|client:localhost:38503|dataStream:localhost:42009|priority:0], old=null RUNNING
	at org.apache.ratis.server.impl.MiniRaftCluster.newIllegalStateExceptionForNoLeaders(MiniRaftCluster.java:533)
	at org.apache.ratis.RaftTestUtil.lambda$waitForLeader$1(RaftTestUtil.java:104)
	at org.apache.ratis.server.impl.MiniRaftCluster.getLeader(MiniRaftCluster.java:567)
	at org.apache.ratis.server.impl.MiniRaftCluster.getLeader(MiniRaftCluster.java:560)
	at org.apache.ratis.RaftTestUtil.lambda$waitForLeader$3(RaftTestUtil.java:112)
	at org.apache.ratis.util.JavaUtils.attempt(JavaUtils.java:166)
	at org.apache.ratis.util.JavaUtils.attemptRepeatedly(JavaUtils.java:152)
	at org.apache.ratis.RaftTestUtil.waitForLeader(RaftTestUtil.java:111)
	at org.apache.ratis.RaftTestUtil.waitForLeader(RaftTestUtil.java:92)
	at org.apache.ratis.RaftTestUtil.waitForLeader(RaftTestUtil.java:87)
	at org.apache.ratis.examples.filestore.FileStoreStreamingBaseTest.testFileStoreStreamMultipleFiles(FileStoreStreamingBaseTest.java:89)
	at sun.reflect.NativeMethodAccessorImpl.invoke0(Native Method)
	at sun.reflect.NativeMethodAccessorImpl.invoke(NativeMethodAccessorImpl.java:62)
	at sun.reflect.DelegatingMethodAccessorImpl.invoke(DelegatingMethodAccessorImpl.java:43)
	at java.lang.reflect.Method.invoke(Method.java:498)
	at org.junit.runners.model.FrameworkMethod$1.runReflectiveCall(FrameworkMethod.java:59)
	at org.junit.internal.runners.model.ReflectiveCallable.run(ReflectiveCallable.java:12)
	at org.junit.runners.model.FrameworkMethod.invokeExplosively(FrameworkMethod.java:56)
	at org.junit.internal.runners.statements.InvokeMethod.evaluate(InvokeMethod.java:17)
	at org.junit.internal.runners.statements.RunAfters.evaluate(RunAfters.java:27)
	at org.junit.internal.runners.statements.FailOnTimeout$CallableStatement.call(FailOnTimeout.java:299)
	at org.junit.internal.runners.statements.FailOnTimeout$CallableStatement.call(FailOnTimeout.java:293)
	at java.util.concurrent.FutureTask.run(FutureTask.java:266)
	at java.lang.Thread.run(Thread.java:750)
2022-06-29 11:31:48,686 INFO  impl.LeaderElection (LeaderElection.java:logAndReturn(90)) - s2@group-54B4F2458EED-LeaderElection1: PRE_VOTE TIMEOUT received 0 response(s) and 0 exception(s):
2022-06-29 11:31:48,686 INFO  impl.LeaderElection (LeaderElection.java:askForVotes(312)) - s2@group-54B4F2458EED-LeaderElection1 PRE_VOTE round 0: result TIMEOUT
2022-06-29 11:31:48,686 INFO  impl.LeaderElection (LeaderElection.java:askForVotes(310)) - s2@group-54B4F2458EED-LeaderElection1 PRE_VOTE round 1: submit vote requests at term 0 for -1: [s0|rpc:localhost:46515|admin:localhost:40757|client:localhost:41939|dataStream:localhost:35593|priority:0, s1|rpc:localhost:34095|admin:localhost:43151|client:localhost:36051|dataStream:localhost:38995|priority:0, s2|rpc:localhost:40453|admin:localhost:33947|client:localhost:38503|dataStream:localhost:42009|priority:0], old=null
2022-06-29 11:31:48,731 INFO  server.RaftServer$Division (RaftServerImpl.java:requestVote(1152)) - s1@group-54B4F2458EED: receive requestVote(PRE_VOTE, s0, group-54B4F2458EED, 0, (t:0, i:0))
2022-06-29 11:31:48,733 INFO  impl.VoteContext (VoteContext.java:log(48)) - s1@group-54B4F2458EED-CANDIDATE: accept PRE_VOTE from s0: our priority 0 <= candidate's priority 0
2022-06-29 11:31:48,736 INFO  server.RaftServer$Division (RaftServerImpl.java:requestVote(1152)) - s0@group-54B4F2458EED: receive requestVote(PRE_VOTE, s2, group-54B4F2458EED, 0, (t:0, i:0))
2022-06-29 11:31:48,736 INFO  impl.VoteContext (VoteContext.java:log(48)) - s0@group-54B4F2458EED-CANDIDATE: accept PRE_VOTE from s2: our priority 0 <= candidate's priority 0
2022-06-29 11:31:48,737 INFO  server.RaftServer$Division (RaftServerImpl.java:requestVote(1152)) - s1@group-54B4F2458EED: receive requestVote(PRE_VOTE, s0, group-54B4F2458EED, 0, (t:0, i:0))
2022-06-29 11:31:48,737 INFO  server.RaftServer$Division (RaftServerImpl.java:requestVote(1152)) - s0@group-54B4F2458EED: receive requestVote(PRE_VOTE, s1, group-54B4F2458EED, 0, (t:0, i:0))
2022-06-29 11:31:48,738 INFO  server.RaftServer$Division (RaftServerImpl.java:requestVote(1152)) - s0@group-54B4F2458EED: receive requestVote(PRE_VOTE, s2, group-54B4F2458EED, 0, (t:0, i:0))
2022-06-29 11:31:48,738 INFO  server.RaftServer$Division (RaftServerImpl.java:requestVote(1152)) - s1@group-54B4F2458EED: receive requestVote(PRE_VOTE, s2, group-54B4F2458EED, 0, (t:0, i:0))
2022-06-29 11:31:48,739 INFO  server.RaftServer$Division (RaftServerImpl.java:requestVote(1184)) - s0@group-54B4F2458EED replies to PRE_VOTE vote request: s2<-s0#0:OK-t0. Peer's state: s0@group-54B4F2458EED:t0, leader=null, voted=, raftlog=s0@group-54B4F2458EED-SegmentedRaftLog:OPENED:c-1, conf=-1: [s0|rpc:localhost:46515|admin:localhost:40757|client:localhost:41939|dataStream:localhost:35593|priority:0, s1|rpc:localhost:34095|admin:localhost:43151|client:localhost:36051|dataStream:localhost:38995|priority:0, s2|rpc:localhost:40453|admin:localhost:33947|client:localhost:38503|dataStream:localhost:42009|priority:0], old=null
2022-06-29 11:31:48,740 INFO  impl.VoteContext (VoteContext.java:log(48)) - s0@group-54B4F2458EED-CANDIDATE: accept PRE_VOTE from s1: our priority 0 <= candidate's priority 0
2022-06-29 11:31:48,740 INFO  server.RaftServer$Division (RaftServerImpl.java:requestVote(1184)) - s0@group-54B4F2458EED replies to PRE_VOTE vote request: s1<-s0#0:OK-t0. Peer's state: s0@group-54B4F2458EED:t0, leader=null, voted=, raftlog=s0@group-54B4F2458EED-SegmentedRaftLog:OPENED:c-1, conf=-1: [s0|rpc:localhost:46515|admin:localhost:40757|client:localhost:41939|dataStream:localhost:35593|priority:0, s1|rpc:localhost:34095|admin:localhost:43151|client:localhost:36051|dataStream:localhost:38995|priority:0, s2|rpc:localhost:40453|admin:localhost:33947|client:localhost:38503|dataStream:localhost:42009|priority:0], old=null
2022-06-29 11:31:48,741 INFO  impl.VoteContext (VoteContext.java:log(48)) - s0@group-54B4F2458EED-CANDIDATE: accept PRE_VOTE from s2: our priority 0 <= candidate's priority 0
2022-06-29 11:31:48,741 INFO  server.RaftServer$Division (RaftServerImpl.java:requestVote(1184)) - s0@group-54B4F2458EED replies to PRE_VOTE vote request: s2<-s0#0:OK-t0. Peer's state: s0@group-54B4F2458EED:t0, leader=null, voted=, raftlog=s0@group-54B4F2458EED-SegmentedRaftLog:OPENED:c-1, conf=-1: [s0|rpc:localhost:46515|admin:localhost:40757|client:localhost:41939|dataStream:localhost:35593|priority:0, s1|rpc:localhost:34095|admin:localhost:43151|client:localhost:36051|dataStream:localhost:38995|priority:0, s2|rpc:localhost:40453|admin:localhost:33947|client:localhost:38503|dataStream:localhost:42009|priority:0], old=null
2022-06-29 11:31:48,742 INFO  impl.LeaderElection (LeaderElection.java:logAndReturn(90)) - s1@group-54B4F2458EED-LeaderElection3: PRE_VOTE TIMEOUT received 0 response(s) and 0 exception(s):
2022-06-29 11:31:48,742 INFO  impl.LeaderElection (LeaderElection.java:askForVotes(312)) - s1@group-54B4F2458EED-LeaderElection3 PRE_VOTE round 0: result TIMEOUT
2022-06-29 11:31:48,742 INFO  server.RaftServer$Division (RaftServerImpl.java:requestVote(1184)) - s1@group-54B4F2458EED replies to PRE_VOTE vote request: s0<-s1#0:OK-t0. Peer's state: s1@group-54B4F2458EED:t0, leader=null, voted=, raftlog=s1@group-54B4F2458EED-SegmentedRaftLog:OPENED:c-1, conf=-1: [s0|rpc:localhost:46515|admin:localhost:40757|client:localhost:41939|dataStream:localhost:35593|priority:0, s1|rpc:localhost:34095|admin:localhost:43151|client:localhost:36051|dataStream:localhost:38995|priority:0, s2|rpc:localhost:40453|admin:localhost:33947|client:localhost:38503|dataStream:localhost:42009|priority:0], old=null
2022-06-29 11:31:48,742 INFO  impl.LeaderElection (LeaderElection.java:askForVotes(310)) - s1@group-54B4F2458EED-LeaderElection3 PRE_VOTE round 1: submit vote requests at term 0 for -1: [s0|rpc:localhost:46515|admin:localhost:40757|client:localhost:41939|dataStream:localhost:35593|priority:0, s1|rpc:localhost:34095|admin:localhost:43151|client:localhost:36051|dataStream:localhost:38995|priority:0, s2|rpc:localhost:40453|admin:localhost:33947|client:localhost:38503|dataStream:localhost:42009|priority:0], old=null
2022-06-29 11:31:48,743 INFO  impl.VoteContext (VoteContext.java:log(48)) - s1@group-54B4F2458EED-CANDIDATE: accept PRE_VOTE from s2: our priority 0 <= candidate's priority 0
2022-06-29 11:31:48,743 INFO  server.RaftServer$Division (RaftServerImpl.java:requestVote(1184)) - s1@group-54B4F2458EED replies to PRE_VOTE vote request: s2<-s1#0:OK-t0. Peer's state: s1@group-54B4F2458EED:t0, leader=null, voted=, raftlog=s1@group-54B4F2458EED-SegmentedRaftLog:OPENED:c-1, conf=-1: [s0|rpc:localhost:46515|admin:localhost:40757|client:localhost:41939|dataStream:localhost:35593|priority:0, s1|rpc:localhost:34095|admin:localhost:43151|client:localhost:36051|dataStream:localhost:38995|priority:0, s2|rpc:localhost:40453|admin:localhost:33947|client:localhost:38503|dataStream:localhost:42009|priority:0], old=null
2022-06-29 11:31:48,744 INFO  impl.VoteContext (VoteContext.java:log(48)) - s1@group-54B4F2458EED-CANDIDATE: accept PRE_VOTE from s0: our priority 0 <= candidate's priority 0
2022-06-29 11:31:48,745 INFO  server.RaftServer$Division (RaftServerImpl.java:requestVote(1184)) - s1@group-54B4F2458EED replies to PRE_VOTE vote request: s0<-s1#0:OK-t0. Peer's state: s1@group-54B4F2458EED:t0, leader=null, voted=, raftlog=s1@group-54B4F2458EED-SegmentedRaftLog:OPENED:c-1, conf=-1: [s0|rpc:localhost:46515|admin:localhost:40757|client:localhost:41939|dataStream:localhost:35593|priority:0, s1|rpc:localhost:34095|admin:localhost:43151|client:localhost:36051|dataStream:localhost:38995|priority:0, s2|rpc:localhost:40453|admin:localhost:33947|client:localhost:38503|dataStream:localhost:42009|priority:0], old=null
2022-06-29 11:31:48,747 INFO  server.RaftServer$Division (RaftServerImpl.java:requestVote(1152)) - s2@group-54B4F2458EED: receive requestVote(PRE_VOTE, s0, group-54B4F2458EED, 0, (t:0, i:0))
2022-06-29 11:31:48,747 INFO  impl.VoteContext (VoteContext.java:log(48)) - s2@group-54B4F2458EED-CANDIDATE: accept PRE_VOTE from s0: our priority 0 <= candidate's priority 0
2022-06-29 11:31:48,747 INFO  server.RaftServer$Division (RaftServerImpl.java:requestVote(1184)) - s2@group-54B4F2458EED replies to PRE_VOTE vote request: s0<-s2#0:OK-t0. Peer's state: s2@group-54B4F2458EED:t0, leader=null, voted=, raftlog=s2@group-54B4F2458EED-SegmentedRaftLog:OPENED:c-1, conf=-1: [s0|rpc:localhost:46515|admin:localhost:40757|client:localhost:41939|dataStream:localhost:35593|priority:0, s1|rpc:localhost:34095|admin:localhost:43151|client:localhost:36051|dataStream:localhost:38995|priority:0, s2|rpc:localhost:40453|admin:localhost:33947|client:localhost:38503|dataStream:localhost:42009|priority:0], old=null
2022-06-29 11:31:48,749 INFO  server.RaftServer$Division (RaftServerImpl.java:requestVote(1152)) - s2@group-54B4F2458EED: receive requestVote(PRE_VOTE, s0, group-54B4F2458EED, 0, (t:0, i:0))
2022-06-29 11:31:48,749 INFO  impl.VoteContext (VoteContext.java:log(48)) - s2@group-54B4F2458EED-CANDIDATE: accept PRE_VOTE from s0: our priority 0 <= candidate's priority 0
2022-06-29 11:31:48,749 INFO  server.RaftServer$Division (RaftServerImpl.java:requestVote(1184)) - s2@group-54B4F2458EED replies to PRE_VOTE vote request: s0<-s2#0:OK-t0. Peer's state: s2@group-54B4F2458EED:t0, leader=null, voted=, raftlog=s2@group-54B4F2458EED-SegmentedRaftLog:OPENED:c-1, conf=-1: [s0|rpc:localhost:46515|admin:localhost:40757|client:localhost:41939|dataStream:localhost:35593|priority:0, s1|rpc:localhost:34095|admin:localhost:43151|client:localhost:36051|dataStream:localhost:38995|priority:0, s2|rpc:localhost:40453|admin:localhost:33947|client:localhost:38503|dataStream:localhost:42009|priority:0], old=null
2022-06-29 11:31:48,753 INFO  server.RaftServer$Division (RaftServerImpl.java:requestVote(1152)) - s2@group-54B4F2458EED: receive requestVote(PRE_VOTE, s1, group-54B4F2458EED, 0, (t:0, i:0))
2022-06-29 11:31:48,753 INFO  impl.VoteContext (VoteContext.java:log(48)) - s2@group-54B4F2458EED-CANDIDATE: accept PRE_VOTE from s1: our priority 0 <= candidate's priority 0
2022-06-29 11:31:48,753 INFO  server.RaftServer$Division (RaftServerImpl.java:requestVote(1184)) - s2@group-54B4F2458EED replies to PRE_VOTE vote request: s1<-s2#0:OK-t0. Peer's state: s2@group-54B4F2458EED:t0, leader=null, voted=, raftlog=s2@group-54B4F2458EED-SegmentedRaftLog:OPENED:c-1, conf=-1: [s0|rpc:localhost:46515|admin:localhost:40757|client:localhost:41939|dataStream:localhost:35593|priority:0, s1|rpc:localhost:34095|admin:localhost:43151|client:localhost:36051|dataStream:localhost:38995|priority:0, s2|rpc:localhost:40453|admin:localhost:33947|client:localhost:38503|dataStream:localhost:42009|priority:0], old=null
2022-06-29 11:31:48,754 INFO  server.RaftServer$Division (RaftServerImpl.java:requestVote(1152)) - s1@group-54B4F2458EED: receive requestVote(PRE_VOTE, s2, group-54B4F2458EED, 0, (t:0, i:0))
2022-06-29 11:31:48,755 INFO  impl.VoteContext (VoteContext.java:log(48)) - s1@group-54B4F2458EED-CANDIDATE: accept PRE_VOTE from s2: our priority 0 <= candidate's priority 0
2022-06-29 11:31:48,756 INFO  server.RaftServer$Division (RaftServerImpl.java:requestVote(1184)) - s1@group-54B4F2458EED replies to PRE_VOTE vote request: s2<-s1#0:OK-t0. Peer's state: s1@group-54B4F2458EED:t0, leader=null, voted=, raftlog=s1@group-54B4F2458EED-SegmentedRaftLog:OPENED:c-1, conf=-1: [s0|rpc:localhost:46515|admin:localhost:40757|client:localhost:41939|dataStream:localhost:35593|priority:0, s1|rpc:localhost:34095|admin:localhost:43151|client:localhost:36051|dataStream:localhost:38995|priority:0, s2|rpc:localhost:40453|admin:localhost:33947|client:localhost:38503|dataStream:localhost:42009|priority:0], old=null
2022-06-29 11:31:48,759 INFO  impl.LeaderElection (LeaderElection.java:logAndReturn(90)) - s0@group-54B4F2458EED-LeaderElection2: PRE_VOTE PASSED received 1 response(s) and 0 exception(s):
2022-06-29 11:31:48,759 INFO  impl.LeaderElection (LeaderElection.java:logAndReturn(94)) -   Response 0: s0<-s1#0:OK-t0
2022-06-29 11:31:48,759 INFO  impl.LeaderElection (LeaderElection.java:askForVotes(312)) - s0@group-54B4F2458EED-LeaderElection2 PRE_VOTE round 1: result PASSED
2022-06-29 11:31:48,760 INFO  impl.LeaderElection (LeaderElection.java:logAndReturn(90)) - s2@group-54B4F2458EED-LeaderElection1: PRE_VOTE PASSED received 1 response(s) and 0 exception(s):
2022-06-29 11:31:48,760 INFO  impl.LeaderElection (LeaderElection.java:logAndReturn(94)) -   Response 0: s2<-s0#0:OK-t0
2022-06-29 11:31:48,760 INFO  impl.LeaderElection (LeaderElection.java:askForVotes(312)) - s2@group-54B4F2458EED-LeaderElection1 PRE_VOTE round 1: result PASSED
2022-06-29 11:31:48,761 INFO  impl.LeaderElection (LeaderElection.java:askForVotes(310)) - s0@group-54B4F2458EED-LeaderElection2 ELECTION round 0: submit vote requests at term 1 for -1: [s0|rpc:localhost:46515|admin:localhost:40757|client:localhost:41939|dataStream:localhost:35593|priority:0, s1|rpc:localhost:34095|admin:localhost:43151|client:localhost:36051|dataStream:localhost:38995|priority:0, s2|rpc:localhost:40453|admin:localhost:33947|client:localhost:38503|dataStream:localhost:42009|priority:0], old=null
2022-06-29 11:31:48,762 INFO  impl.LeaderElection (LeaderElection.java:askForVotes(310)) - s2@group-54B4F2458EED-LeaderElection1 ELECTION round 0: submit vote requests at term 1 for -1: [s0|rpc:localhost:46515|admin:localhost:40757|client:localhost:41939|dataStream:localhost:35593|priority:0, s1|rpc:localhost:34095|admin:localhost:43151|client:localhost:36051|dataStream:localhost:38995|priority:0, s2|rpc:localhost:40453|admin:localhost:33947|client:localhost:38503|dataStream:localhost:42009|priority:0], old=null
2022-06-29 11:31:48,764 INFO  server.RaftServer$Division (RaftServerImpl.java:requestVote(1152)) - s2@group-54B4F2458EED: receive requestVote(PRE_VOTE, s1, group-54B4F2458EED, 0, (t:0, i:0))
2022-06-29 11:31:48,764 INFO  impl.VoteContext (VoteContext.java:log(48)) - s2@group-54B4F2458EED-CANDIDATE: accept PRE_VOTE from s1: our priority 0 <= candidate's priority 0
2022-06-29 11:31:48,764 INFO  server.RaftServer$Division (RaftServerImpl.java:requestVote(1184)) - s2@group-54B4F2458EED replies to PRE_VOTE vote request: s1<-s2#0:OK-t1. Peer's state: s2@group-54B4F2458EED:t1, leader=null, voted=s2, raftlog=s2@group-54B4F2458EED-SegmentedRaftLog:OPENED:c-1, conf=-1: [s0|rpc:localhost:46515|admin:localhost:40757|client:localhost:41939|dataStream:localhost:35593|priority:0, s1|rpc:localhost:34095|admin:localhost:43151|client:localhost:36051|dataStream:localhost:38995|priority:0, s2|rpc:localhost:40453|admin:localhost:33947|client:localhost:38503|dataStream:localhost:42009|priority:0], old=null
2022-06-29 11:31:48,770 INFO  server.RaftServer$Division (RaftServerImpl.java:requestVote(1152)) - s0@group-54B4F2458EED: receive requestVote(PRE_VOTE, s1, group-54B4F2458EED, 0, (t:0, i:0))
2022-06-29 11:31:48,770 INFO  impl.VoteContext (VoteContext.java:log(48)) - s0@group-54B4F2458EED-CANDIDATE: accept PRE_VOTE from s1: our priority 0 <= candidate's priority 0
2022-06-29 11:31:48,770 INFO  server.RaftServer$Division (RaftServerImpl.java:requestVote(1184)) - s0@group-54B4F2458EED replies to PRE_VOTE vote request: s1<-s0#0:OK-t1. Peer's state: s0@group-54B4F2458EED:t1, leader=null, voted=s0, raftlog=s0@group-54B4F2458EED-SegmentedRaftLog:OPENED:c-1, conf=-1: [s0|rpc:localhost:46515|admin:localhost:40757|client:localhost:41939|dataStream:localhost:35593|priority:0, s1|rpc:localhost:34095|admin:localhost:43151|client:localhost:36051|dataStream:localhost:38995|priority:0, s2|rpc:localhost:40453|admin:localhost:33947|client:localhost:38503|dataStream:localhost:42009|priority:0], old=null
2022-06-29 11:31:48,772 INFO  server.RaftServer$Division (RaftServerImpl.java:requestVote(1152)) - s0@group-54B4F2458EED: receive requestVote(ELECTION, s2, group-54B4F2458EED, 1, (t:0, i:0))
2022-06-29 11:31:48,772 INFO  impl.VoteContext (VoteContext.java:log(48)) - s0@group-54B4F2458EED-CANDIDATE: reject ELECTION from s2: already has voted for s0 at current term 1
2022-06-29 11:31:48,773 INFO  server.RaftServer$Division (RaftServerImpl.java:requestVote(1184)) - s0@group-54B4F2458EED replies to ELECTION vote request: s2<-s0#0:FAIL-t1. Peer's state: s0@group-54B4F2458EED:t1, leader=null, voted=s0, raftlog=s0@group-54B4F2458EED-SegmentedRaftLog:OPENED:c-1, conf=-1: [s0|rpc:localhost:46515|admin:localhost:40757|client:localhost:41939|dataStream:localhost:35593|priority:0, s1|rpc:localhost:34095|admin:localhost:43151|client:localhost:36051|dataStream:localhost:38995|priority:0, s2|rpc:localhost:40453|admin:localhost:33947|client:localhost:38503|dataStream:localhost:42009|priority:0], old=null
2022-06-29 11:31:48,773 INFO  server.RaftServer$Division (RaftServerImpl.java:requestVote(1152)) - s2@group-54B4F2458EED: receive requestVote(ELECTION, s0, group-54B4F2458EED, 1, (t:0, i:0))
2022-06-29 11:31:48,773 INFO  impl.LeaderElection (LeaderElection.java:logAndReturn(90)) - s1@group-54B4F2458EED-LeaderElection3: PRE_VOTE DISCOVERED_A_NEW_TERM (term=1) received 1 response(s) and 0 exception(s):
2022-06-29 11:31:48,773 INFO  impl.LeaderElection (LeaderElection.java:logAndReturn(94)) -   Response 0: s1<-s2#0:OK-t1
2022-06-29 11:31:48,773 INFO  impl.LeaderElection (LeaderElection.java:askForVotes(312)) - s1@group-54B4F2458EED-LeaderElection3 PRE_VOTE round 1: result DISCOVERED_A_NEW_TERM (term=1)
2022-06-29 11:31:48,773 INFO  impl.VoteContext (VoteContext.java:log(48)) - s2@group-54B4F2458EED-CANDIDATE: reject ELECTION from s0: already has voted for s2 at current term 1
2022-06-29 11:31:48,774 INFO  server.RaftServer$Division (RaftServerImpl.java:requestVote(1184)) - s2@group-54B4F2458EED replies to ELECTION vote request: s0<-s2#0:FAIL-t1. Peer's state: s2@group-54B4F2458EED:t1, leader=null, voted=s2, raftlog=s2@group-54B4F2458EED-SegmentedRaftLog:OPENED:c-1, conf=-1: [s0|rpc:localhost:46515|admin:localhost:40757|client:localhost:41939|dataStream:localhost:35593|priority:0, s1|rpc:localhost:34095|admin:localhost:43151|client:localhost:36051|dataStream:localhost:38995|priority:0, s2|rpc:localhost:40453|admin:localhost:33947|client:localhost:38503|dataStream:localhost:42009|priority:0], old=null
2022-06-29 11:31:48,774 INFO  server.RaftServer$Division (RaftServerImpl.java:setRole(299)) - s1@group-54B4F2458EED: changes role from CANDIDATE to FOLLOWER at term 1 for DISCOVERED_A_NEW_TERM (term=1)
2022-06-29 11:31:48,774 INFO  impl.RoleInfo (RoleInfo.java:shutdownLeaderElection(130)) - s1: shutdown s1@group-54B4F2458EED-LeaderElection3
2022-06-29 11:31:48,774 INFO  impl.RoleInfo (RoleInfo.java:updateAndGet(139)) - s1: start s1@group-54B4F2458EED-FollowerState
2022-06-29 11:31:48,776 INFO  server.RaftServer$Division (RaftServerImpl.java:requestVote(1152)) - s1@group-54B4F2458EED: receive requestVote(ELECTION, s2, group-54B4F2458EED, 1, (t:0, i:0))
2022-06-29 11:31:48,780 INFO  impl.VoteContext (VoteContext.java:log(48)) - s1@group-54B4F2458EED-FOLLOWER: accept ELECTION from s2: our priority 0 <= candidate's priority 0
2022-06-29 11:31:48,780 INFO  server.RaftServer$Division (RaftServerImpl.java:setRole(299)) - s1@group-54B4F2458EED: changes role from  FOLLOWER to FOLLOWER at term 1 for candidate:s2
2022-06-29 11:31:48,780 INFO  impl.RoleInfo (RoleInfo.java:shutdownFollowerState(110)) - s1: shutdown s1@group-54B4F2458EED-FollowerState
2022-06-29 11:31:48,780 INFO  impl.RoleInfo (RoleInfo.java:updateAndGet(139)) - s1: start s1@group-54B4F2458EED-FollowerState
2022-06-29 11:31:48,780 INFO  impl.FollowerState (FollowerState.java:run(152)) - s1@group-54B4F2458EED-FollowerState was interrupted
2022-06-29 11:31:48,785 INFO  server.RaftServer$Division (RaftServerImpl.java:requestVote(1152)) - s1@group-54B4F2458EED: receive requestVote(ELECTION, s0, group-54B4F2458EED, 1, (t:0, i:0))
2022-06-29 11:31:48,787 INFO  server.RaftServer$Division (RaftServerImpl.java:requestVote(1184)) - s1@group-54B4F2458EED replies to ELECTION vote request: s2<-s1#0:OK-t1. Peer's state: s1@group-54B4F2458EED:t1, leader=null, voted=s2, raftlog=s1@group-54B4F2458EED-SegmentedRaftLog:OPENED:c-1, conf=-1: [s0|rpc:localhost:46515|admin:localhost:40757|client:localhost:41939|dataStream:localhost:35593|priority:0, s1|rpc:localhost:34095|admin:localhost:43151|client:localhost:36051|dataStream:localhost:38995|priority:0, s2|rpc:localhost:40453|admin:localhost:33947|client:localhost:38503|dataStream:localhost:42009|priority:0], old=null
2022-06-29 11:31:48,787 INFO  impl.VoteContext (VoteContext.java:log(48)) - s1@group-54B4F2458EED-FOLLOWER: reject ELECTION from s0: already has voted for s2 at current term 1
2022-06-29 11:31:48,788 INFO  server.RaftServer$Division (RaftServerImpl.java:requestVote(1184)) - s1@group-54B4F2458EED replies to ELECTION vote request: s0<-s1#0:FAIL-t1. Peer's state: s1@group-54B4F2458EED:t1, leader=null, voted=s2, raftlog=s1@group-54B4F2458EED-SegmentedRaftLog:OPENED:c-1, conf=-1: [s0|rpc:localhost:46515|admin:localhost:40757|client:localhost:41939|dataStream:localhost:35593|priority:0, s1|rpc:localhost:34095|admin:localhost:43151|client:localhost:36051|dataStream:localhost:38995|priority:0, s2|rpc:localhost:40453|admin:localhost:33947|client:localhost:38503|dataStream:localhost:42009|priority:0], old=null
2022-06-29 11:31:48,789 INFO  impl.LeaderElection (LeaderElection.java:logAndReturn(90)) - s0@group-54B4F2458EED-LeaderElection2: ELECTION REJECTED received 2 response(s) and 0 exception(s):
2022-06-29 11:31:48,789 INFO  impl.LeaderElection (LeaderElection.java:logAndReturn(94)) -   Response 0: s0<-s1#0:FAIL-t1
2022-06-29 11:31:48,789 INFO  impl.LeaderElection (LeaderElection.java:logAndReturn(94)) -   Response 1: s0<-s2#0:FAIL-t1
2022-06-29 11:31:48,789 INFO  impl.LeaderElection (LeaderElection.java:askForVotes(312)) - s0@group-54B4F2458EED-LeaderElection2 ELECTION round 0: result REJECTED
2022-06-29 11:31:48,789 INFO  server.RaftServer$Division (RaftServerImpl.java:setRole(299)) - s0@group-54B4F2458EED: changes role from CANDIDATE to FOLLOWER at term 1 for REJECTED
2022-06-29 11:31:48,789 INFO  impl.RoleInfo (RoleInfo.java:shutdownLeaderElection(130)) - s0: shutdown s0@group-54B4F2458EED-LeaderElection2
2022-06-29 11:31:48,789 INFO  impl.RoleInfo (RoleInfo.java:updateAndGet(139)) - s0: start s0@group-54B4F2458EED-FollowerState
2022-06-29 11:31:48,789 INFO  impl.LeaderElection (LeaderElection.java:logAndReturn(90)) - s2@group-54B4F2458EED-LeaderElection1: ELECTION PASSED received 2 response(s) and 0 exception(s):
2022-06-29 11:31:48,789 INFO  impl.LeaderElection (LeaderElection.java:logAndReturn(94)) -   Response 0: s2<-s0#0:FAIL-t1
2022-06-29 11:31:48,789 INFO  impl.LeaderElection (LeaderElection.java:logAndReturn(94)) -   Response 1: s2<-s1#0:OK-t1
2022-06-29 11:31:48,790 INFO  impl.LeaderElection (LeaderElection.java:askForVotes(312)) - s2@group-54B4F2458EED-LeaderElection1 ELECTION round 0: result PASSED
2022-06-29 11:31:48,790 INFO  impl.RoleInfo (RoleInfo.java:shutdownLeaderElection(130)) - s2: shutdown s2@group-54B4F2458EED-LeaderElection1
2022-06-29 11:31:48,790 INFO  server.RaftServer$Division (RaftServerImpl.java:setRole(299)) - s2@group-54B4F2458EED: changes role from CANDIDATE to LEADER at term 1 for changeToLeader
2022-06-29 11:31:48,791 INFO  server.RaftServer$Division (ServerState.java:setLeader(291)) - s2@group-54B4F2458EED: change Leader from null to s2 at term 1 for becomeLeader, leader elected after 755ms
2022-06-29 11:31:48,795 INFO  server.RaftServerConfigKeys (ConfUtils.java:logGet(46)) - raft.server.staging.catchup.gap = 1000 (default)
2022-06-29 11:31:48,799 INFO  server.RaftServerConfigKeys (ConfUtils.java:logGet(46)) - raft.server.write.element-limit = 4096 (default)
2022-06-29 11:31:48,799 INFO  server.RaftServerConfigKeys (ConfUtils.java:logGet(46)) - raft.server.write.byte-limit = 64MB (=67108864) (default)
2022-06-29 11:31:48,804 INFO  server.RaftServerConfigKeys (ConfUtils.java:logGet(46)) - raft.server.watch.timeout = 10s (default)
2022-06-29 11:31:48,804 INFO  server.RaftServerConfigKeys (ConfUtils.java:logGet(46)) - raft.server.watch.timeout.denomination = 1s (default)
2022-06-29 11:31:48,805 INFO  server.RaftServerConfigKeys (ConfUtils.java:logGet(46)) - raft.server.watch.element-limit = 65536 (default)
2022-06-29 11:31:48,809 INFO  server.RaftServerConfigKeys (ConfUtils.java:logGet(46)) - raft.server.write.element-limit = 4096 (default)
2022-06-29 11:31:48,811 INFO  server.RaftServerConfigKeys (ConfUtils.java:logGet(46)) - raft.server.write.follower.gap.ratio.max = -1.0 (default)
2022-06-29 11:31:48,819 INFO  server.RaftServerConfigKeys (ConfUtils.java:logGet(46)) - raft.server.log.appender.snapshot.chunk.size.max = 16MB (=16777216) (default)
2022-06-29 11:31:48,819 INFO  server.RaftServerConfigKeys (ConfUtils.java:logGet(46)) - raft.server.log.appender.buffer.byte-limit = 4MB (=4194304) (default)
2022-06-29 11:31:48,819 INFO  server.RaftServerConfigKeys (ConfUtils.java:logGet(46)) - raft.server.log.appender.buffer.element-limit = 0 (default)
2022-06-29 11:31:48,822 INFO  grpc.GrpcConfigKeys (ConfUtils.java:logGet(46)) - raft.grpc.server.leader.outstanding.appends.max = 128 (default)
2022-06-29 11:31:48,822 INFO  server.RaftServerConfigKeys (ConfUtils.java:logGet(46)) - raft.server.rpc.request.timeout = 3000ms (default)
2022-06-29 11:31:48,822 INFO  server.RaftServerConfigKeys (ConfUtils.java:logGet(46)) - raft.server.log.appender.install.snapshot.enabled = true (default)
2022-06-29 11:31:48,823 INFO  server.RaftServerConfigKeys (ConfUtils.java:logGet(46)) - raft.server.log.appender.snapshot.chunk.size.max = 16MB (=16777216) (default)
2022-06-29 11:31:48,824 INFO  server.RaftServerConfigKeys (ConfUtils.java:logGet(46)) - raft.server.log.appender.buffer.byte-limit = 4MB (=4194304) (default)
2022-06-29 11:31:48,824 INFO  server.RaftServerConfigKeys (ConfUtils.java:logGet(46)) - raft.server.log.appender.buffer.element-limit = 0 (default)
2022-06-29 11:31:48,824 INFO  grpc.GrpcConfigKeys (ConfUtils.java:logGet(46)) - raft.grpc.server.leader.outstanding.appends.max = 128 (default)
2022-06-29 11:31:48,824 INFO  server.RaftServerConfigKeys (ConfUtils.java:logGet(46)) - raft.server.rpc.request.timeout = 3000ms (default)
2022-06-29 11:31:48,824 INFO  server.RaftServerConfigKeys (ConfUtils.java:logGet(46)) - raft.server.log.appender.install.snapshot.enabled = true (default)
2022-06-29 11:31:48,825 INFO  impl.RoleInfo (RoleInfo.java:updateAndGet(139)) - s2: start s2@group-54B4F2458EED-LeaderStateImpl
2022-06-29 11:31:48,840 INFO  segmented.SegmentedRaftLogWorker (SegmentedRaftLogWorker.java:startLogSegment(425)) - s2@group-54B4F2458EED-SegmentedRaftLogWorker: Starting segment from index:0
2022-06-29 11:31:48,861 INFO  server.RaftServer$Division (ServerState.java:setRaftConf(397)) - s2@group-54B4F2458EED: set configuration 0: [s0|rpc:localhost:46515|admin:localhost:40757|client:localhost:41939|dataStream:localhost:35593|priority:0, s1|rpc:localhost:34095|admin:localhost:43151|client:localhost:36051|dataStream:localhost:38995|priority:0, s2|rpc:localhost:40453|admin:localhost:33947|client:localhost:38503|dataStream:localhost:42009|priority:0], old=null
2022-06-29 11:31:48,883 INFO  server.RaftServer$Division (ServerState.java:setLeader(291)) - s1@group-54B4F2458EED: change Leader from null to s2 at term 1 for appendEntries, leader elected after 848ms
2022-06-29 11:31:48,888 INFO  server.RaftServer$Division (ServerState.java:setLeader(291)) - s0@group-54B4F2458EED: change Leader from null to s2 at term 1 for appendEntries, leader elected after 854ms
2022-06-29 11:31:48,906 INFO  server.RaftServer$Division (ServerState.java:setRaftConf(397)) - s1@group-54B4F2458EED: set configuration 0: [s0|rpc:localhost:46515|admin:localhost:40757|client:localhost:41939|dataStream:localhost:35593|priority:0, s1|rpc:localhost:34095|admin:localhost:43151|client:localhost:36051|dataStream:localhost:38995|priority:0, s2|rpc:localhost:40453|admin:localhost:33947|client:localhost:38503|dataStream:localhost:42009|priority:0], old=null
2022-06-29 11:31:48,906 INFO  segmented.SegmentedRaftLogWorker (SegmentedRaftLogWorker.java:startLogSegment(425)) - s1@group-54B4F2458EED-SegmentedRaftLogWorker: Starting segment from index:0
2022-06-29 11:31:48,909 INFO  server.RaftServer$Division (ServerState.java:setRaftConf(397)) - s0@group-54B4F2458EED: set configuration 0: [s0|rpc:localhost:46515|admin:localhost:40757|client:localhost:41939|dataStream:localhost:35593|priority:0, s1|rpc:localhost:34095|admin:localhost:43151|client:localhost:36051|dataStream:localhost:38995|priority:0, s2|rpc:localhost:40453|admin:localhost:33947|client:localhost:38503|dataStream:localhost:42009|priority:0], old=null
2022-06-29 11:31:48,910 INFO  segmented.SegmentedRaftLogWorker (SegmentedRaftLogWorker.java:startLogSegment(425)) - s0@group-54B4F2458EED-SegmentedRaftLogWorker: Starting segment from index:0
2022-06-29 11:31:48,963 INFO  segmented.SegmentedRaftLogWorker (SegmentedRaftLogWorker.java:execute(629)) - s1@group-54B4F2458EED-SegmentedRaftLogWorker: created new log segment /home/runner/work/ratis/ratis/ratis-examples/target/test/data/142b174e/MiniRaftClusterWithRpcTypeGrpcAndDataStreamTypeNettye433f2ec/s1/7bab27b3-1daf-4166-ad0f-54b4f2458eed/current/log_inprogress_0
2022-06-29 11:31:48,963 INFO  segmented.SegmentedRaftLogWorker (SegmentedRaftLogWorker.java:execute(629)) - s0@group-54B4F2458EED-SegmentedRaftLogWorker: created new log segment /home/runner/work/ratis/ratis/ratis-examples/target/test/data/142b174e/MiniRaftClusterWithRpcTypeGrpcAndDataStreamTypeNettye433f2ec/s0/7bab27b3-1daf-4166-ad0f-54b4f2458eed/current/log_inprogress_0
2022-06-29 11:31:48,965 INFO  segmented.SegmentedRaftLogWorker (SegmentedRaftLogWorker.java:execute(629)) - s2@group-54B4F2458EED-SegmentedRaftLogWorker: created new log segment /home/runner/work/ratis/ratis/ratis-examples/target/test/data/142b174e/MiniRaftClusterWithRpcTypeGrpcAndDataStreamTypeNettye433f2ec/s2/7bab27b3-1daf-4166-ad0f-54b4f2458eed/current/log_inprogress_0
2022-06-29 11:31:49,127 INFO  ratis.RaftTestUtil (RaftTestUtil.java:waitForLeader(119)) - printing ALL groups
  s0:  RUNNING  FOLLOWER s0@group-54B4F2458EED:t1, leader=s2, voted=s0, raftlog=s0@group-54B4F2458EED-SegmentedRaftLog:OPENED:c0, conf=0: [s0|rpc:localhost:46515|admin:localhost:40757|client:localhost:41939|dataStream:localhost:35593|priority:0, s1|rpc:localhost:34095|admin:localhost:43151|client:localhost:36051|dataStream:localhost:38995|priority:0, s2|rpc:localhost:40453|admin:localhost:33947|client:localhost:38503|dataStream:localhost:42009|priority:0], old=null RUNNING
  s1:  RUNNING  FOLLOWER s1@group-54B4F2458EED:t1, leader=s2, voted=s2, raftlog=s1@group-54B4F2458EED-SegmentedRaftLog:OPENED:c0, conf=0: [s0|rpc:localhost:46515|admin:localhost:40757|client:localhost:41939|dataStream:localhost:35593|priority:0, s1|rpc:localhost:34095|admin:localhost:43151|client:localhost:36051|dataStream:localhost:38995|priority:0, s2|rpc:localhost:40453|admin:localhost:33947|client:localhost:38503|dataStream:localhost:42009|priority:0], old=null RUNNING
  s2:  RUNNING    LEADER s2@group-54B4F2458EED:t1, leader=s2, voted=s2, raftlog=s2@group-54B4F2458EED-SegmentedRaftLog:OPENED:c0, conf=0: [s0|rpc:localhost:46515|admin:localhost:40757|client:localhost:41939|dataStream:localhost:35593|priority:0, s1|rpc:localhost:34095|admin:localhost:43151|client:localhost:36051|dataStream:localhost:38995|priority:0, s2|rpc:localhost:40453|admin:localhost:33947|client:localhost:38503|dataStream:localhost:42009|priority:0], old=null RUNNING
2022-06-29 11:31:49,172 INFO  client.DataStreamClient (ConfUtils.java:logGet(46)) - raft.datastream.type = NETTY (custom)
2022-06-29 11:31:49,174 INFO  netty.NettyConfigKeys$DataStream (ConfUtils.java:logGet(46)) - raft.netty.dataStream.client.tls.conf = null (default)
2022-06-29 11:31:49,175 INFO  netty.NettyConfigKeys$DataStream (ConfUtils.java:logGet(46)) - raft.netty.dataStream.client.reply.queue.grace-period = 1s (default)
2022-06-29 11:31:49,176 INFO  client.DataStreamClient (ConfUtils.java:logGet(46)) - raft.datastream.type = NETTY (custom)
2022-06-29 11:31:49,176 INFO  netty.NettyConfigKeys$DataStream (ConfUtils.java:logGet(46)) - raft.netty.dataStream.client.tls.conf = null (default)
2022-06-29 11:31:49,176 INFO  netty.NettyConfigKeys$DataStream (ConfUtils.java:logGet(46)) - raft.netty.dataStream.client.reply.queue.grace-period = 1s (default)
2022-06-29 11:31:49,176 INFO  netty.NettyConfigKeys$DataStream (ConfUtils.java:logGet(46)) - raft.netty.dataStream.client.worker-group.share = false (default)
2022-06-29 11:31:49,177 INFO  netty.NettyConfigKeys$DataStream (ConfUtils.java:logGet(46)) - raft.netty.dataStream.client.worker-group.size = 4 (default)
2022-06-29 11:31:49,180 INFO  client.DataStreamClient (ConfUtils.java:logGet(46)) - raft.datastream.type = NETTY (custom)
2022-06-29 11:31:49,180 INFO  netty.NettyConfigKeys$DataStream (ConfUtils.java:logGet(46)) - raft.netty.dataStream.client.tls.conf = null (default)
2022-06-29 11:31:49,180 INFO  netty.NettyConfigKeys$DataStream (ConfUtils.java:logGet(46)) - raft.netty.dataStream.client.reply.queue.grace-period = 1s (default)
2022-06-29 11:31:49,180 INFO  netty.NettyConfigKeys$DataStream (ConfUtils.java:logGet(46)) - raft.netty.dataStream.client.worker-group.share = false (default)
2022-06-29 11:31:49,180 INFO  netty.NettyConfigKeys$DataStream (ConfUtils.java:logGet(46)) - raft.netty.dataStream.client.worker-group.size = 4 (default)
2022-06-29 11:31:49,181 INFO  client.DataStreamClient (ConfUtils.java:logGet(46)) - raft.datastream.type = NETTY (custom)
2022-06-29 11:31:49,181 INFO  netty.NettyConfigKeys$DataStream (ConfUtils.java:logGet(46)) - raft.netty.dataStream.client.worker-group.share = false (default)
2022-06-29 11:31:49,181 INFO  netty.NettyConfigKeys$DataStream (ConfUtils.java:logGet(46)) - raft.netty.dataStream.client.worker-group.size = 4 (default)
2022-06-29 11:31:49,182 INFO  client.DataStreamClient (ConfUtils.java:logGet(46)) - raft.datastream.type = NETTY (custom)
2022-06-29 11:31:49,183 INFO  netty.NettyConfigKeys$DataStream (ConfUtils.java:logGet(46)) - raft.netty.dataStream.client.tls.conf = null (default)
2022-06-29 11:31:49,183 INFO  netty.NettyConfigKeys$DataStream (ConfUtils.java:logGet(46)) - raft.netty.dataStream.client.reply.queue.grace-period = 1s (default)
2022-06-29 11:31:49,183 INFO  netty.NettyConfigKeys$DataStream (ConfUtils.java:logGet(46)) - raft.netty.dataStream.client.worker-group.share = false (default)
2022-06-29 11:31:49,184 INFO  netty.NettyConfigKeys$DataStream (ConfUtils.java:logGet(46)) - raft.netty.dataStream.client.worker-group.size = 4 (default)
2022-06-29 11:31:49,187 INFO  netty.NettyConfigKeys$DataStream (ConfUtils.java:logGet(46)) - raft.netty.dataStream.client.tls.conf = null (default)
2022-06-29 11:31:49,189 INFO  netty.NettyConfigKeys$DataStream (ConfUtils.java:logGet(46)) - raft.netty.dataStream.client.reply.queue.grace-period = 1s (default)
2022-06-29 11:31:49,189 INFO  netty.NettyConfigKeys$DataStream (ConfUtils.java:logGet(46)) - raft.netty.dataStream.client.worker-group.share = false (default)
2022-06-29 11:31:49,189 INFO  netty.NettyConfigKeys$DataStream (ConfUtils.java:logGet(46)) - raft.netty.dataStream.client.worker-group.size = 4 (default)
2022-06-29 11:31:49,201 INFO  logging.LoggingHandler (AbstractInternalLogger.java:log(148)) - [id: 0x32a99455, L:/0.0.0.0:35593] READ: [id: 0x5d26e30c, L:/127.0.0.1:35593 - R:/127.0.0.1:43156]
2022-06-29 11:31:49,222 INFO  logging.LoggingHandler (AbstractInternalLogger.java:log(148)) - [id: 0x32a99455, L:/0.0.0.0:35593] READ COMPLETE
2022-06-29 11:31:49,223 INFO  logging.LoggingHandler (AbstractInternalLogger.java:log(148)) - [id: 0x32a99455, L:/0.0.0.0:35593] READ: [id: 0x4d8307e9, L:/127.0.0.1:35593 - R:/127.0.0.1:43158]
2022-06-29 11:31:49,265 INFO  logging.LoggingHandler (AbstractInternalLogger.java:log(148)) - [id: 0x32a99455, L:/0.0.0.0:35593] READ: [id: 0xac75b44c, L:/127.0.0.1:35593 - R:/127.0.0.1:43160]
2022-06-29 11:31:49,272 INFO  logging.LoggingHandler (AbstractInternalLogger.java:log(148)) - [id: 0x32a99455, L:/0.0.0.0:35593] READ: [id: 0x24356f93, L:/127.0.0.1:35593 - R:/127.0.0.1:43162]
2022-06-29 11:31:49,276 INFO  client.DataStreamClient (ConfUtils.java:logGet(46)) - raft.datastream.type = NETTY (custom)
2022-06-29 11:31:49,276 INFO  netty.NettyConfigKeys$DataStream (ConfUtils.java:logGet(46)) - raft.netty.dataStream.client.tls.conf = null (default)
2022-06-29 11:31:49,277 INFO  netty.NettyConfigKeys$DataStream (ConfUtils.java:logGet(46)) - raft.netty.dataStream.client.reply.queue.grace-period = 1s (default)
2022-06-29 11:31:49,277 INFO  netty.NettyConfigKeys$DataStream (ConfUtils.java:logGet(46)) - raft.netty.dataStream.client.worker-group.share = false (default)
2022-06-29 11:31:49,277 INFO  netty.NettyConfigKeys$DataStream (ConfUtils.java:logGet(46)) - raft.netty.dataStream.client.worker-group.size = 4 (default)
2022-06-29 11:31:49,280 INFO  logging.LoggingHandler (AbstractInternalLogger.java:log(148)) - [id: 0x32a99455, L:/0.0.0.0:35593] READ: [id: 0x6ecc76f1, L:/127.0.0.1:35593 - R:/127.0.0.1:43164]
2022-06-29 11:31:49,280 INFO  logging.LoggingHandler (AbstractInternalLogger.java:log(148)) - [id: 0x32a99455, L:/0.0.0.0:35593] READ COMPLETE
2022-06-29 11:31:49,284 INFO  client.DataStreamClient (ConfUtils.java:logGet(46)) - raft.datastream.type = NETTY (custom)
2022-06-29 11:31:49,284 INFO  netty.NettyConfigKeys$DataStream (ConfUtils.java:logGet(46)) - raft.netty.dataStream.client.tls.conf = null (default)
2022-06-29 11:31:49,286 INFO  netty.NettyConfigKeys$DataStream (ConfUtils.java:logGet(46)) - raft.netty.dataStream.client.reply.queue.grace-period = 1s (default)
2022-06-29 11:31:49,287 INFO  netty.NettyConfigKeys$DataStream (ConfUtils.java:logGet(46)) - raft.netty.dataStream.client.worker-group.share = false (default)
2022-06-29 11:31:49,287 INFO  netty.NettyConfigKeys$DataStream (ConfUtils.java:logGet(46)) - raft.netty.dataStream.client.worker-group.size = 4 (default)
2022-06-29 11:31:49,295 INFO  logging.LoggingHandler (AbstractInternalLogger.java:log(148)) - [id: 0x71c353cb, L:/0.0.0.0:38995] READ: [id: 0xaff30e0a, L:/127.0.0.1:38995 - R:/127.0.0.1:41850]
2022-06-29 11:31:49,299 INFO  logging.LoggingHandler (AbstractInternalLogger.java:log(148)) - [id: 0x71c353cb, L:/0.0.0.0:38995] READ COMPLETE
2022-06-29 11:31:49,299 INFO  logging.LoggingHandler (AbstractInternalLogger.java:log(148)) - [id: 0x71c353cb, L:/0.0.0.0:38995] READ: [id: 0xbf95edfd, L:/127.0.0.1:38995 - R:/127.0.0.1:41852]
2022-06-29 11:31:49,302 INFO  client.DataStreamClient (ConfUtils.java:logGet(46)) - raft.datastream.type = NETTY (custom)
2022-06-29 11:31:49,302 INFO  netty.NettyConfigKeys$DataStream (ConfUtils.java:logGet(46)) - raft.netty.dataStream.client.tls.conf = null (default)
2022-06-29 11:31:49,302 INFO  netty.NettyConfigKeys$DataStream (ConfUtils.java:logGet(46)) - raft.netty.dataStream.client.reply.queue.grace-period = 1s (default)
2022-06-29 11:31:49,302 INFO  netty.NettyConfigKeys$DataStream (ConfUtils.java:logGet(46)) - raft.netty.dataStream.client.worker-group.share = false (default)
2022-06-29 11:31:49,303 INFO  client.DataStreamClient (ConfUtils.java:logGet(46)) - raft.datastream.type = NETTY (custom)
2022-06-29 11:31:49,303 INFO  netty.NettyConfigKeys$DataStream (ConfUtils.java:logGet(46)) - raft.netty.dataStream.client.tls.conf = null (default)
2022-06-29 11:31:49,303 INFO  netty.NettyConfigKeys$DataStream (ConfUtils.java:logGet(46)) - raft.netty.dataStream.client.reply.queue.grace-period = 1s (default)
2022-06-29 11:31:49,303 INFO  netty.NettyConfigKeys$DataStream (ConfUtils.java:logGet(46)) - raft.netty.dataStream.client.worker-group.share = false (default)
2022-06-29 11:31:49,303 INFO  netty.NettyConfigKeys$DataStream (ConfUtils.java:logGet(46)) - raft.netty.dataStream.client.worker-group.size = 4 (default)
2022-06-29 11:31:49,303 INFO  netty.NettyConfigKeys$DataStream (ConfUtils.java:logGet(46)) - raft.netty.dataStream.client.worker-group.size = 4 (default)
2022-06-29 11:31:49,309 INFO  client.DataStreamClient (ConfUtils.java:logGet(46)) - raft.datastream.type = NETTY (custom)
2022-06-29 11:31:49,309 INFO  netty.NettyConfigKeys$DataStream (ConfUtils.java:logGet(46)) - raft.netty.dataStream.client.tls.conf = null (default)
2022-06-29 11:31:49,309 INFO  netty.NettyConfigKeys$DataStream (ConfUtils.java:logGet(46)) - raft.netty.dataStream.client.reply.queue.grace-period = 1s (default)
2022-06-29 11:31:49,309 INFO  netty.NettyConfigKeys$DataStream (ConfUtils.java:logGet(46)) - raft.netty.dataStream.client.worker-group.share = false (default)
2022-06-29 11:31:49,309 INFO  netty.NettyConfigKeys$DataStream (ConfUtils.java:logGet(46)) - raft.netty.dataStream.client.worker-group.size = 4 (default)
2022-06-29 11:31:49,309 INFO  logging.LoggingHandler (AbstractInternalLogger.java:log(148)) - [id: 0x71c353cb, L:/0.0.0.0:38995] READ COMPLETE
2022-06-29 11:31:49,311 INFO  client.DataStreamClient (ConfUtils.java:logGet(46)) - raft.datastream.type = NETTY (custom)
2022-06-29 11:31:49,311 INFO  netty.NettyConfigKeys$DataStream (ConfUtils.java:logGet(46)) - raft.netty.dataStream.client.tls.conf = null (default)
2022-06-29 11:31:49,311 INFO  netty.NettyConfigKeys$DataStream (ConfUtils.java:logGet(46)) - raft.netty.dataStream.client.reply.queue.grace-period = 1s (default)
2022-06-29 11:31:49,311 INFO  netty.NettyConfigKeys$DataStream (ConfUtils.java:logGet(46)) - raft.netty.dataStream.client.worker-group.share = false (default)
2022-06-29 11:31:49,311 INFO  netty.NettyConfigKeys$DataStream (ConfUtils.java:logGet(46)) - raft.netty.dataStream.client.worker-group.size = 4 (default)
2022-06-29 11:31:49,320 INFO  logging.LoggingHandler (AbstractInternalLogger.java:log(148)) - [id: 0x71c353cb, L:/0.0.0.0:38995] READ: [id: 0x7b2a0665, L:/127.0.0.1:38995 - R:/127.0.0.1:41854]
2022-06-29 11:31:49,329 INFO  logging.LoggingHandler (AbstractInternalLogger.java:log(148)) - [id: 0xf2f4503b, L:/0.0.0.0:42009] READ: [id: 0x0c3966c6, L:/127.0.0.1:42009 - R:/127.0.0.1:58652]
2022-06-29 11:31:49,337 INFO  logging.LoggingHandler (AbstractInternalLogger.java:log(148)) - [id: 0x71c353cb, L:/0.0.0.0:38995] READ COMPLETE
2022-06-29 11:31:49,337 INFO  logging.LoggingHandler (AbstractInternalLogger.java:log(148)) - [id: 0x71c353cb, L:/0.0.0.0:38995] READ: [id: 0xab2e7ea1, L:/127.0.0.1:38995 - R:/127.0.0.1:41856]
2022-06-29 11:31:49,339 INFO  logging.LoggingHandler (AbstractInternalLogger.java:log(148)) - [id: 0x71c353cb, L:/0.0.0.0:38995] READ COMPLETE
2022-06-29 11:31:49,340 INFO  client.DataStreamClient (ConfUtils.java:logGet(46)) - raft.datastream.type = NETTY (custom)
2022-06-29 11:31:49,340 INFO  netty.NettyConfigKeys$DataStream (ConfUtils.java:logGet(46)) - raft.netty.dataStream.client.tls.conf = null (default)
2022-06-29 11:31:49,340 INFO  netty.NettyConfigKeys$DataStream (ConfUtils.java:logGet(46)) - raft.netty.dataStream.client.reply.queue.grace-period = 1s (default)
2022-06-29 11:31:49,340 INFO  netty.NettyConfigKeys$DataStream (ConfUtils.java:logGet(46)) - raft.netty.dataStream.client.worker-group.share = false (default)
2022-06-29 11:31:49,340 INFO  netty.NettyConfigKeys$DataStream (ConfUtils.java:logGet(46)) - raft.netty.dataStream.client.worker-group.size = 4 (default)
2022-06-29 11:31:49,349 INFO  logging.LoggingHandler (AbstractInternalLogger.java:log(148)) - [id: 0xf2f4503b, L:/0.0.0.0:42009] READ COMPLETE
2022-06-29 11:31:49,349 INFO  logging.LoggingHandler (AbstractInternalLogger.java:log(148)) - [id: 0xf2f4503b, L:/0.0.0.0:42009] READ: [id: 0x0b9957ba, L:/127.0.0.1:42009 - R:/127.0.0.1:58654]
2022-06-29 11:31:49,352 INFO  logging.LoggingHandler (AbstractInternalLogger.java:log(148)) - [id: 0xf2f4503b, L:/0.0.0.0:42009] READ COMPLETE
2022-06-29 11:31:49,372 INFO  client.DataStreamClient (ConfUtils.java:logGet(46)) - raft.datastream.type = NETTY (custom)
2022-06-29 11:31:49,373 INFO  netty.NettyConfigKeys$DataStream (ConfUtils.java:logGet(46)) - raft.netty.dataStream.client.tls.conf = null (default)
2022-06-29 11:31:49,373 INFO  netty.NettyConfigKeys$DataStream (ConfUtils.java:logGet(46)) - raft.netty.dataStream.client.reply.queue.grace-period = 1s (default)
2022-06-29 11:31:49,373 INFO  netty.NettyConfigKeys$DataStream (ConfUtils.java:logGet(46)) - raft.netty.dataStream.client.worker-group.share = false (default)
2022-06-29 11:31:49,373 INFO  netty.NettyConfigKeys$DataStream (ConfUtils.java:logGet(46)) - raft.netty.dataStream.client.worker-group.size = 4 (default)
2022-06-29 11:31:49,375 INFO  logging.LoggingHandler (AbstractInternalLogger.java:log(148)) - [id: 0xf2f4503b, L:/0.0.0.0:42009] READ: [id: 0x4e5a0a9a, L:/127.0.0.1:42009 - R:/127.0.0.1:58656]
2022-06-29 11:31:49,411 INFO  logging.LoggingHandler (AbstractInternalLogger.java:log(148)) - [id: 0xf2f4503b, L:/0.0.0.0:42009] READ COMPLETE
2022-06-29 11:31:49,415 INFO  logging.LoggingHandler (AbstractInternalLogger.java:log(148)) - [id: 0xf2f4503b, L:/0.0.0.0:42009] READ: [id: 0x8e9d5b7e, L:/127.0.0.1:42009 - R:/127.0.0.1:58658]
2022-06-29 11:31:49,445 INFO  logging.LoggingHandler (AbstractInternalLogger.java:log(148)) - [id: 0xf2f4503b, L:/0.0.0.0:42009] READ COMPLETE
2022-06-29 11:31:51,359 INFO  statemachine.StateMachine (FileStoreStateMachine.java:link(197)) - linking org.apache.ratis.examples.filestore.FileStoreStateMachine$LocalStream@5d060d1d
2022-06-29 11:31:51,364 INFO  statemachine.StateMachine (FileStoreStateMachine.java:link(197)) - linking org.apache.ratis.examples.filestore.FileStoreStateMachine$LocalStream@444689e5
2022-06-29 11:31:51,365 INFO  statemachine.StateMachine (FileStoreStateMachine.java:link(197)) - linking org.apache.ratis.examples.filestore.FileStoreStateMachine$LocalStream@7aa3d798
2022-06-29 11:31:51,366 INFO  statemachine.StateMachine (FileStoreStateMachine.java:link(197)) - linking org.apache.ratis.examples.filestore.FileStoreStateMachine$LocalStream@406d4bf6
2022-06-29 11:31:51,367 INFO  statemachine.StateMachine (FileStoreStateMachine.java:link(197)) - linking org.apache.ratis.examples.filestore.FileStoreStateMachine$LocalStream@660f61bb
2022-06-29 11:31:51,373 INFO  statemachine.StateMachine (FileStoreStateMachine.java:link(197)) - linking org.apache.ratis.examples.filestore.FileStoreStateMachine$LocalStream@17ff64b5
2022-06-29 11:31:51,381 INFO  statemachine.StateMachine (FileStoreStateMachine.java:link(197)) - linking org.apache.ratis.examples.filestore.FileStoreStateMachine$LocalStream@15041cd
2022-06-29 11:31:51,382 INFO  statemachine.StateMachine (FileStoreStateMachine.java:link(197)) - linking org.apache.ratis.examples.filestore.FileStoreStateMachine$LocalStream@1e451560
2022-06-29 11:31:51,382 INFO  statemachine.StateMachine (FileStoreStateMachine.java:link(197)) - linking org.apache.ratis.examples.filestore.FileStoreStateMachine$LocalStream@a90308a
2022-06-29 11:31:51,385 INFO  statemachine.StateMachine (FileStoreStateMachine.java:link(197)) - linking org.apache.ratis.examples.filestore.FileStoreStateMachine$LocalStream@1a03bd80
2022-06-29 11:31:51,385 INFO  statemachine.StateMachine (FileStoreStateMachine.java:link(197)) - linking org.apache.ratis.examples.filestore.FileStoreStateMachine$LocalStream@170f8ada
2022-06-29 11:31:51,386 INFO  statemachine.StateMachine (FileStoreStateMachine.java:link(197)) - linking org.apache.ratis.examples.filestore.FileStoreStateMachine$LocalStream@301b67cd
2022-06-29 11:31:51,462 INFO  statemachine.StateMachine (FileStoreStateMachine.java:link(197)) - linking org.apache.ratis.examples.filestore.FileStoreStateMachine$LocalStream@56c26e8e
2022-06-29 11:31:51,463 INFO  statemachine.StateMachine (FileStoreStateMachine.java:link(197)) - linking org.apache.ratis.examples.filestore.FileStoreStateMachine$LocalStream@62a2c532
2022-06-29 11:31:51,464 INFO  statemachine.StateMachine (FileStoreStateMachine.java:link(197)) - linking org.apache.ratis.examples.filestore.FileStoreStateMachine$LocalStream@3399c7e7
2022-06-29 11:31:51,482 INFO  client.DataStreamClient (ConfUtils.java:logGet(46)) - raft.datastream.type = NETTY (custom)
2022-06-29 11:31:51,482 INFO  netty.NettyConfigKeys$DataStream (ConfUtils.java:logGet(46)) - raft.netty.dataStream.client.tls.conf = null (default)
2022-06-29 11:31:51,482 INFO  netty.NettyConfigKeys$DataStream (ConfUtils.java:logGet(46)) - raft.netty.dataStream.client.reply.queue.grace-period = 1s (default)
2022-06-29 11:31:51,482 INFO  netty.NettyConfigKeys$DataStream (ConfUtils.java:logGet(46)) - raft.netty.dataStream.client.worker-group.share = false (default)
2022-06-29 11:31:51,482 INFO  netty.NettyConfigKeys$DataStream (ConfUtils.java:logGet(46)) - raft.netty.dataStream.client.worker-group.size = 4 (default)
2022-06-29 11:31:51,483 INFO  client.DataStreamClient (ConfUtils.java:logGet(46)) - raft.datastream.type = NETTY (custom)
2022-06-29 11:31:51,483 INFO  netty.NettyConfigKeys$DataStream (ConfUtils.java:logGet(46)) - raft.netty.dataStream.client.tls.conf = null (default)
2022-06-29 11:31:51,483 INFO  netty.NettyConfigKeys$DataStream (ConfUtils.java:logGet(46)) - raft.netty.dataStream.client.reply.queue.grace-period = 1s (default)
2022-06-29 11:31:51,484 INFO  netty.NettyConfigKeys$DataStream (ConfUtils.java:logGet(46)) - raft.netty.dataStream.client.worker-group.share = false (default)
2022-06-29 11:31:51,484 INFO  netty.NettyConfigKeys$DataStream (ConfUtils.java:logGet(46)) - raft.netty.dataStream.client.worker-group.size = 4 (default)
2022-06-29 11:31:51,485 INFO  client.DataStreamClient (ConfUtils.java:logGet(46)) - raft.datastream.type = NETTY (custom)
2022-06-29 11:31:51,485 INFO  netty.NettyConfigKeys$DataStream (ConfUtils.java:logGet(46)) - raft.netty.dataStream.client.tls.conf = null (default)
2022-06-29 11:31:51,485 INFO  netty.NettyConfigKeys$DataStream (ConfUtils.java:logGet(46)) - raft.netty.dataStream.client.reply.queue.grace-period = 1s (default)
2022-06-29 11:31:51,485 INFO  netty.NettyConfigKeys$DataStream (ConfUtils.java:logGet(46)) - raft.netty.dataStream.client.worker-group.share = false (default)
2022-06-29 11:31:51,485 INFO  netty.NettyConfigKeys$DataStream (ConfUtils.java:logGet(46)) - raft.netty.dataStream.client.worker-group.size = 4 (default)
2022-06-29 11:31:51,486 INFO  client.DataStreamClient (ConfUtils.java:logGet(46)) - raft.datastream.type = NETTY (custom)
2022-06-29 11:31:51,486 INFO  netty.NettyConfigKeys$DataStream (ConfUtils.java:logGet(46)) - raft.netty.dataStream.client.tls.conf = null (default)
2022-06-29 11:31:51,486 INFO  netty.NettyConfigKeys$DataStream (ConfUtils.java:logGet(46)) - raft.netty.dataStream.client.reply.queue.grace-period = 1s (default)
2022-06-29 11:31:51,486 INFO  netty.NettyConfigKeys$DataStream (ConfUtils.java:logGet(46)) - raft.netty.dataStream.client.worker-group.share = false (default)
2022-06-29 11:31:51,486 INFO  netty.NettyConfigKeys$DataStream (ConfUtils.java:logGet(46)) - raft.netty.dataStream.client.worker-group.size = 4 (default)
2022-06-29 11:31:51,487 INFO  client.DataStreamClient (ConfUtils.java:logGet(46)) - raft.datastream.type = NETTY (custom)
2022-06-29 11:31:51,487 INFO  netty.NettyConfigKeys$DataStream (ConfUtils.java:logGet(46)) - raft.netty.dataStream.client.tls.conf = null (default)
2022-06-29 11:31:51,487 INFO  netty.NettyConfigKeys$DataStream (ConfUtils.java:logGet(46)) - raft.netty.dataStream.client.reply.queue.grace-period = 1s (default)
2022-06-29 11:31:51,487 INFO  netty.NettyConfigKeys$DataStream (ConfUtils.java:logGet(46)) - raft.netty.dataStream.client.worker-group.share = false (default)
2022-06-29 11:31:51,487 INFO  netty.NettyConfigKeys$DataStream (ConfUtils.java:logGet(46)) - raft.netty.dataStream.client.worker-group.size = 4 (default)
2022-06-29 11:31:51,488 INFO  client.DataStreamClient (ConfUtils.java:logGet(46)) - raft.datastream.type = NETTY (custom)
2022-06-29 11:31:51,488 INFO  netty.NettyConfigKeys$DataStream (ConfUtils.java:logGet(46)) - raft.netty.dataStream.client.tls.conf = null (default)
2022-06-29 11:31:51,488 INFO  netty.NettyConfigKeys$DataStream (ConfUtils.java:logGet(46)) - raft.netty.dataStream.client.reply.queue.grace-period = 1s (default)
2022-06-29 11:31:51,488 INFO  netty.NettyConfigKeys$DataStream (ConfUtils.java:logGet(46)) - raft.netty.dataStream.client.worker-group.share = false (default)
2022-06-29 11:31:51,488 INFO  netty.NettyConfigKeys$DataStream (ConfUtils.java:logGet(46)) - raft.netty.dataStream.client.worker-group.size = 4 (default)
2022-06-29 11:31:51,497 INFO  client.DataStreamClient (ConfUtils.java:logGet(46)) - raft.datastream.type = NETTY (custom)
2022-06-29 11:31:51,497 INFO  netty.NettyConfigKeys$DataStream (ConfUtils.java:logGet(46)) - raft.netty.dataStream.client.tls.conf = null (default)
2022-06-29 11:31:51,497 INFO  netty.NettyConfigKeys$DataStream (ConfUtils.java:logGet(46)) - raft.netty.dataStream.client.reply.queue.grace-period = 1s (default)
2022-06-29 11:31:51,497 INFO  netty.NettyConfigKeys$DataStream (ConfUtils.java:logGet(46)) - raft.netty.dataStream.client.worker-group.share = false (default)
2022-06-29 11:31:51,498 INFO  netty.NettyConfigKeys$DataStream (ConfUtils.java:logGet(46)) - raft.netty.dataStream.client.worker-group.size = 4 (default)
2022-06-29 11:31:51,500 INFO  client.DataStreamClient (ConfUtils.java:logGet(46)) - raft.datastream.type = NETTY (custom)
2022-06-29 11:31:51,500 INFO  netty.NettyConfigKeys$DataStream (ConfUtils.java:logGet(46)) - raft.netty.dataStream.client.tls.conf = null (default)
2022-06-29 11:31:51,500 INFO  netty.NettyConfigKeys$DataStream (ConfUtils.java:logGet(46)) - raft.netty.dataStream.client.reply.queue.grace-period = 1s (default)
2022-06-29 11:31:51,501 INFO  netty.NettyConfigKeys$DataStream (ConfUtils.java:logGet(46)) - raft.netty.dataStream.client.worker-group.share = false (default)
2022-06-29 11:31:51,501 INFO  netty.NettyConfigKeys$DataStream (ConfUtils.java:logGet(46)) - raft.netty.dataStream.client.worker-group.size = 4 (default)
2022-06-29 11:31:51,502 INFO  client.DataStreamClient (ConfUtils.java:logGet(46)) - raft.datastream.type = NETTY (custom)
2022-06-29 11:31:51,502 INFO  netty.NettyConfigKeys$DataStream (ConfUtils.java:logGet(46)) - raft.netty.dataStream.client.tls.conf = null (default)
2022-06-29 11:31:51,502 INFO  netty.NettyConfigKeys$DataStream (ConfUtils.java:logGet(46)) - raft.netty.dataStream.client.reply.queue.grace-period = 1s (default)
2022-06-29 11:31:51,502 INFO  netty.NettyConfigKeys$DataStream (ConfUtils.java:logGet(46)) - raft.netty.dataStream.client.worker-group.share = false (default)
2022-06-29 11:31:51,502 INFO  netty.NettyConfigKeys$DataStream (ConfUtils.java:logGet(46)) - raft.netty.dataStream.client.worker-group.size = 4 (default)
2022-06-29 11:31:51,503 INFO  client.DataStreamClient (ConfUtils.java:logGet(46)) - raft.datastream.type = NETTY (custom)
2022-06-29 11:31:51,504 INFO  netty.NettyConfigKeys$DataStream (ConfUtils.java:logGet(46)) - raft.netty.dataStream.client.tls.conf = null (default)
2022-06-29 11:31:51,504 INFO  netty.NettyConfigKeys$DataStream (ConfUtils.java:logGet(46)) - raft.netty.dataStream.client.reply.queue.grace-period = 1s (default)
2022-06-29 11:31:51,504 INFO  netty.NettyConfigKeys$DataStream (ConfUtils.java:logGet(46)) - raft.netty.dataStream.client.worker-group.share = false (default)
2022-06-29 11:31:51,504 INFO  netty.NettyConfigKeys$DataStream (ConfUtils.java:logGet(46)) - raft.netty.dataStream.client.worker-group.size = 4 (default)
2022-06-29 11:31:51,541 INFO  logging.LoggingHandler (AbstractInternalLogger.java:log(148)) - [id: 0x32a99455, L:/0.0.0.0:35593] READ: [id: 0xb81c93e4, L:/127.0.0.1:35593 - R:/127.0.0.1:43202]
2022-06-29 11:31:51,541 INFO  logging.LoggingHandler (AbstractInternalLogger.java:log(148)) - [id: 0x32a99455, L:/0.0.0.0:35593] READ COMPLETE
2022-06-29 11:31:51,543 INFO  logging.LoggingHandler (AbstractInternalLogger.java:log(148)) - [id: 0x32a99455, L:/0.0.0.0:35593] READ: [id: 0xd171f770, L:/127.0.0.1:35593 - R:/127.0.0.1:43204]
2022-06-29 11:31:51,543 INFO  logging.LoggingHandler (AbstractInternalLogger.java:log(148)) - [id: 0x32a99455, L:/0.0.0.0:35593] READ: [id: 0xe47dd8c9, L:/127.0.0.1:35593 - R:/127.0.0.1:43206]
2022-06-29 11:31:51,543 INFO  logging.LoggingHandler (AbstractInternalLogger.java:log(148)) - [id: 0x32a99455, L:/0.0.0.0:35593] READ: [id: 0xfb1be50a, L:/127.0.0.1:35593 - R:/127.0.0.1:43208]
2022-06-29 11:31:51,543 INFO  logging.LoggingHandler (AbstractInternalLogger.java:log(148)) - [id: 0x32a99455, L:/0.0.0.0:35593] READ: [id: 0x68b53cae, L:/127.0.0.1:35593 - R:/127.0.0.1:43210]
2022-06-29 11:31:51,543 INFO  logging.LoggingHandler (AbstractInternalLogger.java:log(148)) - [id: 0x32a99455, L:/0.0.0.0:35593] READ COMPLETE
2022-06-29 11:31:51,545 INFO  client.DataStreamClient (ConfUtils.java:logGet(46)) - raft.datastream.type = NETTY (custom)
2022-06-29 11:31:51,545 INFO  netty.NettyConfigKeys$DataStream (ConfUtils.java:logGet(46)) - raft.netty.dataStream.client.tls.conf = null (default)
2022-06-29 11:31:51,545 INFO  netty.NettyConfigKeys$DataStream (ConfUtils.java:logGet(46)) - raft.netty.dataStream.client.reply.queue.grace-period = 1s (default)
2022-06-29 11:31:51,545 INFO  netty.NettyConfigKeys$DataStream (ConfUtils.java:logGet(46)) - raft.netty.dataStream.client.worker-group.share = false (default)
2022-06-29 11:31:51,545 INFO  netty.NettyConfigKeys$DataStream (ConfUtils.java:logGet(46)) - raft.netty.dataStream.client.worker-group.size = 4 (default)
2022-06-29 11:31:51,549 INFO  client.DataStreamClient (ConfUtils.java:logGet(46)) - raft.datastream.type = NETTY (custom)
2022-06-29 11:31:51,549 INFO  netty.NettyConfigKeys$DataStream (ConfUtils.java:logGet(46)) - raft.netty.dataStream.client.tls.conf = null (default)
2022-06-29 11:31:51,550 INFO  netty.NettyConfigKeys$DataStream (ConfUtils.java:logGet(46)) - raft.netty.dataStream.client.reply.queue.grace-period = 1s (default)
2022-06-29 11:31:51,550 INFO  netty.NettyConfigKeys$DataStream (ConfUtils.java:logGet(46)) - raft.netty.dataStream.client.worker-group.share = false (default)
2022-06-29 11:31:51,550 INFO  netty.NettyConfigKeys$DataStream (ConfUtils.java:logGet(46)) - raft.netty.dataStream.client.worker-group.size = 4 (default)
2022-06-29 11:31:51,569 INFO  logging.LoggingHandler (AbstractInternalLogger.java:log(148)) - [id: 0x71c353cb, L:/0.0.0.0:38995] READ: [id: 0x06355b4f, L:/127.0.0.1:38995 - R:/127.0.0.1:41902]
2022-06-29 11:31:51,569 INFO  logging.LoggingHandler (AbstractInternalLogger.java:log(148)) - [id: 0x71c353cb, L:/0.0.0.0:38995] READ COMPLETE
2022-06-29 11:31:51,572 INFO  logging.LoggingHandler (AbstractInternalLogger.java:log(148)) - [id: 0x32a99455, L:/0.0.0.0:35593] READ: [id: 0x1b7e01a6, L:/127.0.0.1:35593 - R:/127.0.0.1:43212]
2022-06-29 11:31:51,573 INFO  logging.LoggingHandler (AbstractInternalLogger.java:log(148)) - [id: 0x32a99455, L:/0.0.0.0:35593] READ: [id: 0x0c54af26, L:/127.0.0.1:35593 - R:/127.0.0.1:43214]
2022-06-29 11:31:51,572 INFO  client.DataStreamClient (ConfUtils.java:logGet(46)) - raft.datastream.type = NETTY (custom)
2022-06-29 11:31:51,573 INFO  netty.NettyConfigKeys$DataStream (ConfUtils.java:logGet(46)) - raft.netty.dataStream.client.tls.conf = null (default)
2022-06-29 11:31:51,574 INFO  netty.NettyConfigKeys$DataStream (ConfUtils.java:logGet(46)) - raft.netty.dataStream.client.reply.queue.grace-period = 1s (default)
2022-06-29 11:31:51,573 INFO  logging.LoggingHandler (AbstractInternalLogger.java:log(148)) - [id: 0x32a99455, L:/0.0.0.0:35593] READ: [id: 0xf8ca2310, L:/127.0.0.1:35593 - R:/127.0.0.1:43216]
2022-06-29 11:31:51,574 INFO  logging.LoggingHandler (AbstractInternalLogger.java:log(148)) - [id: 0x32a99455, L:/0.0.0.0:35593] READ COMPLETE
2022-06-29 11:31:51,574 INFO  netty.NettyConfigKeys$DataStream (ConfUtils.java:logGet(46)) - raft.netty.dataStream.client.worker-group.share = false (default)
2022-06-29 11:31:51,574 INFO  logging.LoggingHandler (AbstractInternalLogger.java:log(148)) - [id: 0x32a99455, L:/0.0.0.0:35593] READ: [id: 0x1257cc78, L:/127.0.0.1:35593 - R:/127.0.0.1:43220]
2022-06-29 11:31:51,574 INFO  logging.LoggingHandler (AbstractInternalLogger.java:log(148)) - [id: 0x32a99455, L:/0.0.0.0:35593] READ COMPLETE
2022-06-29 11:31:51,574 INFO  netty.NettyConfigKeys$DataStream (ConfUtils.java:logGet(46)) - raft.netty.dataStream.client.worker-group.size = 4 (default)
2022-06-29 11:31:51,578 INFO  logging.LoggingHandler (AbstractInternalLogger.java:log(148)) - [id: 0x32a99455, L:/0.0.0.0:35593] READ: [id: 0x49da0f60, L:/127.0.0.1:35593 - R:/127.0.0.1:43222]
2022-06-29 11:31:51,578 INFO  logging.LoggingHandler (AbstractInternalLogger.java:log(148)) - [id: 0x32a99455, L:/0.0.0.0:35593] READ COMPLETE
2022-06-29 11:31:51,592 INFO  logging.LoggingHandler (AbstractInternalLogger.java:log(148)) - [id: 0x71c353cb, L:/0.0.0.0:38995] READ: [id: 0xf51ce638, L:/127.0.0.1:38995 - R:/127.0.0.1:41908]
2022-06-29 11:31:51,593 INFO  logging.LoggingHandler (AbstractInternalLogger.java:log(148)) - [id: 0x71c353cb, L:/0.0.0.0:38995] READ COMPLETE
2022-06-29 11:31:51,594 INFO  client.DataStreamClient (ConfUtils.java:logGet(46)) - raft.datastream.type = NETTY (custom)
2022-06-29 11:31:51,594 INFO  netty.NettyConfigKeys$DataStream (ConfUtils.java:logGet(46)) - raft.netty.dataStream.client.tls.conf = null (default)
2022-06-29 11:31:51,594 INFO  netty.NettyConfigKeys$DataStream (ConfUtils.java:logGet(46)) - raft.netty.dataStream.client.reply.queue.grace-period = 1s (default)
2022-06-29 11:31:51,594 INFO  netty.NettyConfigKeys$DataStream (ConfUtils.java:logGet(46)) - raft.netty.dataStream.client.worker-group.share = false (default)
2022-06-29 11:31:51,594 INFO  netty.NettyConfigKeys$DataStream (ConfUtils.java:logGet(46)) - raft.netty.dataStream.client.worker-group.size = 4 (default)
2022-06-29 11:31:51,601 INFO  client.DataStreamClient (ConfUtils.java:logGet(46)) - raft.datastream.type = NETTY (custom)
2022-06-29 11:31:51,601 INFO  netty.NettyConfigKeys$DataStream (ConfUtils.java:logGet(46)) - raft.netty.dataStream.client.tls.conf = null (default)
2022-06-29 11:31:51,601 INFO  netty.NettyConfigKeys$DataStream (ConfUtils.java:logGet(46)) - raft.netty.dataStream.client.reply.queue.grace-period = 1s (default)
2022-06-29 11:31:51,601 INFO  netty.NettyConfigKeys$DataStream (ConfUtils.java:logGet(46)) - raft.netty.dataStream.client.worker-group.share = false (default)
2022-06-29 11:31:51,602 INFO  netty.NettyConfigKeys$DataStream (ConfUtils.java:logGet(46)) - raft.netty.dataStream.client.worker-group.size = 4 (default)
2022-06-29 11:31:51,609 INFO  logging.LoggingHandler (AbstractInternalLogger.java:log(148)) - [id: 0xf2f4503b, L:/0.0.0.0:42009] READ: [id: 0xd03eaeca, L:/127.0.0.1:42009 - R:/127.0.0.1:58704]
2022-06-29 11:31:51,609 INFO  logging.LoggingHandler (AbstractInternalLogger.java:log(148)) - [id: 0xf2f4503b, L:/0.0.0.0:42009] READ COMPLETE
2022-06-29 11:31:51,619 INFO  logging.LoggingHandler (AbstractInternalLogger.java:log(148)) - [id: 0x71c353cb, L:/0.0.0.0:38995] READ: [id: 0x0bac5233, L:/127.0.0.1:38995 - R:/127.0.0.1:41912]
2022-06-29 11:31:51,619 INFO  logging.LoggingHandler (AbstractInternalLogger.java:log(148)) - [id: 0x71c353cb, L:/0.0.0.0:38995] READ COMPLETE
2022-06-29 11:31:51,620 INFO  client.DataStreamClient (ConfUtils.java:logGet(46)) - raft.datastream.type = NETTY (custom)
2022-06-29 11:31:51,620 INFO  netty.NettyConfigKeys$DataStream (ConfUtils.java:logGet(46)) - raft.netty.dataStream.client.tls.conf = null (default)
2022-06-29 11:31:51,621 INFO  netty.NettyConfigKeys$DataStream (ConfUtils.java:logGet(46)) - raft.netty.dataStream.client.reply.queue.grace-period = 1s (default)
2022-06-29 11:31:51,625 INFO  netty.NettyConfigKeys$DataStream (ConfUtils.java:logGet(46)) - raft.netty.dataStream.client.worker-group.share = false (default)
2022-06-29 11:31:51,626 INFO  netty.NettyConfigKeys$DataStream (ConfUtils.java:logGet(46)) - raft.netty.dataStream.client.worker-group.size = 4 (default)
2022-06-29 11:31:51,628 INFO  logging.LoggingHandler (AbstractInternalLogger.java:log(148)) - [id: 0xf2f4503b, L:/0.0.0.0:42009] READ: [id: 0x1c72c14f, L:/127.0.0.1:42009 - R:/127.0.0.1:58708]
2022-06-29 11:31:51,628 INFO  logging.LoggingHandler (AbstractInternalLogger.java:log(148)) - [id: 0xf2f4503b, L:/0.0.0.0:42009] READ COMPLETE
2022-06-29 11:31:51,651 INFO  logging.LoggingHandler (AbstractInternalLogger.java:log(148)) - [id: 0xf2f4503b, L:/0.0.0.0:42009] READ: [id: 0x10e0e696, L:/127.0.0.1:42009 - R:/127.0.0.1:58710]
2022-06-29 11:31:51,651 INFO  logging.LoggingHandler (AbstractInternalLogger.java:log(148)) - [id: 0xf2f4503b, L:/0.0.0.0:42009] READ COMPLETE
2022-06-29 11:31:58,218 INFO  impl.MiniRaftCluster (MiniRaftCluster.java:lambda$null$6(325)) - TIMED-PRINT: printing ALL groups
  s0:  RUNNING  FOLLOWER s0@group-54B4F2458EED:t1, leader=s2, voted=s0, raftlog=s0@group-54B4F2458EED-SegmentedRaftLog:OPENED:c9, conf=0: [s0|rpc:localhost:46515|admin:localhost:40757|client:localhost:41939|dataStream:localhost:35593|priority:0, s1|rpc:localhost:34095|admin:localhost:43151|client:localhost:36051|dataStream:localhost:38995|priority:0, s2|rpc:localhost:40453|admin:localhost:33947|client:localhost:38503|dataStream:localhost:42009|priority:0], old=null RUNNING
  s1:  RUNNING  FOLLOWER s1@group-54B4F2458EED:t1, leader=s2, voted=s2, raftlog=s1@group-54B4F2458EED-SegmentedRaftLog:OPENED:c9, conf=0: [s0|rpc:localhost:46515|admin:localhost:40757|client:localhost:41939|dataStream:localhost:35593|priority:0, s1|rpc:localhost:34095|admin:localhost:43151|client:localhost:36051|dataStream:localhost:38995|priority:0, s2|rpc:localhost:40453|admin:localhost:33947|client:localhost:38503|dataStream:localhost:42009|priority:0], old=null RUNNING
  s2:  RUNNING    LEADER s2@group-54B4F2458EED:t1, leader=s2, voted=s2, raftlog=s2@group-54B4F2458EED-SegmentedRaftLog:OPENED:c9, conf=0: [s0|rpc:localhost:46515|admin:localhost:40757|client:localhost:41939|dataStream:localhost:35593|priority:0, s1|rpc:localhost:34095|admin:localhost:43151|client:localhost:36051|dataStream:localhost:38995|priority:0, s2|rpc:localhost:40453|admin:localhost:33947|client:localhost:38503|dataStream:localhost:42009|priority:0], old=null RUNNING
2022-06-29 11:31:59,530 INFO  statemachine.StateMachine (FileStoreStateMachine.java:link(197)) - linking org.apache.ratis.examples.filestore.FileStoreStateMachine$LocalStream@67de9d29
2022-06-29 11:31:59,532 INFO  statemachine.StateMachine (FileStoreStateMachine.java:link(197)) - linking org.apache.ratis.examples.filestore.FileStoreStateMachine$LocalStream@617fbe82
2022-06-29 11:31:59,535 INFO  statemachine.StateMachine (FileStoreStateMachine.java:link(197)) - linking org.apache.ratis.examples.filestore.FileStoreStateMachine$LocalStream@5413ae1
2022-06-29 11:31:59,783 INFO  statemachine.StateMachine (FileStoreStateMachine.java:link(197)) - linking org.apache.ratis.examples.filestore.FileStoreStateMachine$LocalStream@36ed91c1
2022-06-29 11:31:59,785 INFO  statemachine.StateMachine (FileStoreStateMachine.java:link(197)) - linking org.apache.ratis.examples.filestore.FileStoreStateMachine$LocalStream@6617f090
2022-06-29 11:31:59,785 INFO  statemachine.StateMachine (FileStoreStateMachine.java:link(197)) - linking org.apache.ratis.examples.filestore.FileStoreStateMachine$LocalStream@ede4ea3
2022-06-29 11:32:02,351 INFO  statemachine.StateMachine (FileStoreStateMachine.java:link(197)) - linking org.apache.ratis.examples.filestore.FileStoreStateMachine$LocalStream@6a3f210c
2022-06-29 11:32:02,395 INFO  statemachine.StateMachine (FileStoreStateMachine.java:link(197)) - linking org.apache.ratis.examples.filestore.FileStoreStateMachine$LocalStream@d59d690
2022-06-29 11:32:02,397 INFO  statemachine.StateMachine (FileStoreStateMachine.java:link(197)) - linking org.apache.ratis.examples.filestore.FileStoreStateMachine$LocalStream@656c5cf8
2022-06-29 11:32:02,456 INFO  statemachine.StateMachine (FileStoreStateMachine.java:link(197)) - linking org.apache.ratis.examples.filestore.FileStoreStateMachine$LocalStream@32a34b95
2022-06-29 11:32:02,458 INFO  statemachine.StateMachine (FileStoreStateMachine.java:link(197)) - linking org.apache.ratis.examples.filestore.FileStoreStateMachine$LocalStream@1837094d
2022-06-29 11:32:02,458 INFO  statemachine.StateMachine (FileStoreStateMachine.java:link(197)) - linking org.apache.ratis.examples.filestore.FileStoreStateMachine$LocalStream@79a6095c
2022-06-29 11:32:03,187 WARN  server.RaftServer$Division (LeaderStateImpl.java:checkLeadership(1018)) - s2@group-54B4F2458EED-LeaderStateImpl: Lost leadership on term: 1. Election timeout: 300ms. In charge for: 14396ms. Conf: 0: [s0|rpc:localhost:46515|admin:localhost:40757|client:localhost:41939|dataStream:localhost:35593|priority:0, s1|rpc:localhost:34095|admin:localhost:43151|client:localhost:36051|dataStream:localhost:38995|priority:0, s2|rpc:localhost:40453|admin:localhost:33947|client:localhost:38503|dataStream:localhost:42009|priority:0], old=null
2022-06-29 11:32:03,187 WARN  util.JvmPauseMonitor (JvmPauseMonitor.java:detectPause(124)) - JvmPauseMonitor-s2: Detected pause in JVM or host machine (eg GC): pause of approximately 465123921ns.
GC pool 'PS MarkSweep' had collection(s): count=1 time=554ms
GC pool 'PS Scavenge' had collection(s): count=1 time=99ms
2022-06-29 11:32:03,188 WARN  server.RaftServer$Division (LeaderStateImpl.java:lambda$checkLeadership$17(1022)) - Follower s2@group-54B4F2458EED->s0(c14,m15,n17, attendVote=true, lastRpcSendTime=730, lastRpcResponseTime=765)
2022-06-29 11:32:03,262 WARN  server.RaftServer$Division (LeaderStateImpl.java:lambda$checkLeadership$17(1022)) - Follower s2@group-54B4F2458EED->s1(c15,m16,n17, attendVote=true, lastRpcSendTime=34, lastRpcResponseTime=19)
2022-06-29 11:32:03,262 INFO  server.RaftServer$Division (RaftServerImpl.java:setRole(299)) - s2@group-54B4F2458EED: changes role from    LEADER to FOLLOWER at term 1 for StepDownReason:LOST_MAJORITY_HEARTBEATS
2022-06-29 11:32:03,262 INFO  impl.RoleInfo (RoleInfo.java:shutdownLeaderState(93)) - s2: shutdown s2@group-54B4F2458EED-LeaderStateImpl
2022-06-29 11:32:03,189 WARN  impl.FollowerState (FollowerState.java:run(130)) - Unexpected long sleep: sleep 282ms but took extra 531134038ns (> threshold = 300ms)
2022-06-29 11:32:03,188 WARN  impl.FollowerState (FollowerState.java:run(130)) - Unexpected long sleep: sleep 291ms but took extra 511215567ns (> threshold = 300ms)
2022-06-29 11:32:03,188 WARN  util.JvmPauseMonitor (JvmPauseMonitor.java:detectPause(124)) - JvmPauseMonitor-s0: Detected pause in JVM or host machine (eg GC): pause of approximately 476719502ns.
GC pool 'PS MarkSweep' had collection(s): count=1 time=554ms
GC pool 'PS Scavenge' had collection(s): count=1 time=99ms
2022-06-29 11:32:03,188 WARN  util.JvmPauseMonitor (JvmPauseMonitor.java:detectPause(124)) - JvmPauseMonitor-s1: Detected pause in JVM or host machine (eg GC): pause of approximately 475401181ns.
GC pool 'PS MarkSweep' had collection(s): count=1 time=554ms
GC pool 'PS Scavenge' had collection(s): count=1 time=99ms
2022-06-29 11:32:03,264 INFO  impl.PendingRequests (PendingRequests.java:sendNotLeaderResponses(282)) - s2@group-54B4F2458EED-PendingRequests: sendNotLeaderResponses
2022-06-29 11:32:03,265 WARN  server.GrpcLogAppender (GrpcLogAppender.java:mayWait(172)) - s2@group-54B4F2458EED->s0-GrpcLogAppender: Wait interrupted by java.lang.InterruptedException
2022-06-29 11:32:03,266 WARN  server.GrpcLogAppender (GrpcLogAppender.java:mayWait(172)) - s2@group-54B4F2458EED->s1-GrpcLogAppender: Wait interrupted by java.lang.InterruptedException
2022-06-29 11:32:03,274 INFO  server.GrpcServerProtocolService (GrpcServerProtocolService.java:onCompleted(140)) - s0: Completed APPEND_ENTRIES, lastRequest: s2->s0#234-t1,previous=(t:1, i:15),leaderCommit=15,initializing? true,entries: size=1, first=(t:1, i:16), STATEMACHINELOGENTRY, 24@client-35F02808C383
2022-06-29 11:32:03,276 INFO  server.GrpcLogAppender (GrpcLogAppender.java:onCompleted(340)) - s2@group-54B4F2458EED->s0-AppendLogResponseHandler: follower responses appendEntries COMPLETED
2022-06-29 11:32:03,278 INFO  leader.FollowerInfo (FollowerInfoImpl.java:lambda$new$0(48)) - s2@group-54B4F2458EED->s0: nextIndex: updateUnconditionally 17 -> 16
2022-06-29 11:32:03,279 INFO  server.GrpcServerProtocolService (GrpcServerProtocolService.java:onCompleted(140)) - s1: Completed APPEND_ENTRIES, lastRequest: s2->s1#239-t1,previous=(t:1, i:15),leaderCommit=15,initializing? true,entries: size=1, first=(t:1, i:16), STATEMACHINELOGENTRY, 24@client-35F02808C383
2022-06-29 11:32:03,286 INFO  server.GrpcLogAppender (GrpcLogAppender.java:onCompleted(340)) - s2@group-54B4F2458EED->s1-AppendLogResponseHandler: follower responses appendEntries COMPLETED
2022-06-29 11:32:03,287 INFO  leader.FollowerInfo (FollowerInfoImpl.java:lambda$new$0(48)) - s2@group-54B4F2458EED->s1: nextIndex: updateUnconditionally 17 -> 16
2022-06-29 11:32:03,316 INFO  impl.RoleInfo (RoleInfo.java:updateAndGet(139)) - s2: start s2@group-54B4F2458EED-FollowerState
2022-06-29 11:32:03,558 INFO  impl.FollowerState (FollowerState.java:lostMajorityHeartbeatsRecently(108)) - s2@group-54B4F2458EED-FollowerState: Skipping leader election since it stepped down recently (elapsed = 241ms < waitTime = 10s)
2022-06-29 11:32:03,715 INFO  impl.FollowerState (FollowerState.java:lostMajorityHeartbeatsRecently(108)) - s2@group-54B4F2458EED-FollowerState: Skipping leader election since it stepped down recently (elapsed = 398ms < waitTime = 10s)
2022-06-29 11:32:03,720 INFO  impl.FollowerState (FollowerState.java:run(143)) - s1@group-54B4F2458EED-FollowerState: change to CANDIDATE, lastRpcElapsedTime:441692199ns, electionTimeout:290ms
2022-06-29 11:32:03,720 INFO  impl.RoleInfo (RoleInfo.java:shutdownFollowerState(110)) - s1: shutdown s1@group-54B4F2458EED-FollowerState
2022-06-29 11:32:03,720 INFO  server.RaftServer$Division (RaftServerImpl.java:setRole(299)) - s1@group-54B4F2458EED: changes role from  FOLLOWER to CANDIDATE at term 1 for changeToCandidate
2022-06-29 11:32:03,721 INFO  server.RaftServerConfigKeys (ConfUtils.java:logGet(46)) - raft.server.leaderelection.pre-vote = true (default)
2022-06-29 11:32:03,721 INFO  impl.RoleInfo (RoleInfo.java:updateAndGet(139)) - s1: start s1@group-54B4F2458EED-LeaderElection4
2022-06-29 11:32:03,731 INFO  server.RaftServer$Division (ServerState.java:setLeader(291)) - s1@group-54B4F2458EED: change Leader from s2 to null at term 1 for PRE_VOTE
2022-06-29 11:32:03,732 INFO  impl.LeaderElection (LeaderElection.java:askForVotes(310)) - s1@group-54B4F2458EED-LeaderElection4 PRE_VOTE round 0: submit vote requests at term 1 for 0: [s0|rpc:localhost:46515|admin:localhost:40757|client:localhost:41939|dataStream:localhost:35593|priority:0, s1|rpc:localhost:34095|admin:localhost:43151|client:localhost:36051|dataStream:localhost:38995|priority:0, s2|rpc:localhost:40453|admin:localhost:33947|client:localhost:38503|dataStream:localhost:42009|priority:0], old=null
2022-06-29 11:32:03,737 INFO  impl.FollowerState (FollowerState.java:run(143)) - s0@group-54B4F2458EED-FollowerState: change to CANDIDATE, lastRpcElapsedTime:471691168ns, electionTimeout:171ms
2022-06-29 11:32:03,737 INFO  impl.RoleInfo (RoleInfo.java:shutdownFollowerState(110)) - s0: shutdown s0@group-54B4F2458EED-FollowerState
2022-06-29 11:32:03,737 INFO  server.RaftServer$Division (RaftServerImpl.java:setRole(299)) - s0@group-54B4F2458EED: changes role from  FOLLOWER to CANDIDATE at term 1 for changeToCandidate
2022-06-29 11:32:03,737 INFO  server.RaftServerConfigKeys (ConfUtils.java:logGet(46)) - raft.server.leaderelection.pre-vote = true (default)
2022-06-29 11:32:03,737 INFO  impl.RoleInfo (RoleInfo.java:updateAndGet(139)) - s0: start s0@group-54B4F2458EED-LeaderElection5
2022-06-29 11:32:03,745 INFO  server.RaftServer$Division (RaftServerImpl.java:requestVote(1152)) - s0@group-54B4F2458EED: receive requestVote(PRE_VOTE, s1, group-54B4F2458EED, 1, (t:1, i:16))
2022-06-29 11:32:03,745 INFO  server.RaftServer$Division (RaftServerImpl.java:requestVote(1152)) - s2@group-54B4F2458EED: receive requestVote(PRE_VOTE, s1, group-54B4F2458EED, 1, (t:1, i:16))
2022-06-29 11:32:03,755 INFO  impl.VoteContext (VoteContext.java:log(48)) - s2@group-54B4F2458EED-FOLLOWER: accept PRE_VOTE from s1: our priority 0 <= candidate's priority 0
2022-06-29 11:32:03,755 INFO  server.RaftServer$Division (RaftServerImpl.java:requestVote(1184)) - s2@group-54B4F2458EED replies to PRE_VOTE vote request: s1<-s2#0:OK-t1. Peer's state: s2@group-54B4F2458EED:t1, leader=s2, voted=s2, raftlog=s2@group-54B4F2458EED-SegmentedRaftLog:OPENED:c15, conf=0: [s0|rpc:localhost:46515|admin:localhost:40757|client:localhost:41939|dataStream:localhost:35593|priority:0, s1|rpc:localhost:34095|admin:localhost:43151|client:localhost:36051|dataStream:localhost:38995|priority:0, s2|rpc:localhost:40453|admin:localhost:33947|client:localhost:38503|dataStream:localhost:42009|priority:0], old=null
2022-06-29 11:32:03,747 INFO  server.RaftServer$Division (ServerState.java:setLeader(291)) - s0@group-54B4F2458EED: change Leader from s2 to null at term 1 for PRE_VOTE
2022-06-29 11:32:03,756 INFO  impl.LeaderElection (LeaderElection.java:askForVotes(310)) - s0@group-54B4F2458EED-LeaderElection5 PRE_VOTE round 0: submit vote requests at term 1 for 0: [s0|rpc:localhost:46515|admin:localhost:40757|client:localhost:41939|dataStream:localhost:35593|priority:0, s1|rpc:localhost:34095|admin:localhost:43151|client:localhost:36051|dataStream:localhost:38995|priority:0, s2|rpc:localhost:40453|admin:localhost:33947|client:localhost:38503|dataStream:localhost:42009|priority:0], old=null
2022-06-29 11:32:03,756 INFO  impl.VoteContext (VoteContext.java:log(48)) - s0@group-54B4F2458EED-CANDIDATE: accept PRE_VOTE from s1: our priority 0 <= candidate's priority 0
2022-06-29 11:32:03,797 INFO  server.RaftServer$Division (RaftServerImpl.java:requestVote(1184)) - s0@group-54B4F2458EED replies to PRE_VOTE vote request: s1<-s0#0:OK-t1. Peer's state: s0@group-54B4F2458EED:t1, leader=null, voted=s0, raftlog=s0@group-54B4F2458EED-SegmentedRaftLog:OPENED:c15, conf=0: [s0|rpc:localhost:46515|admin:localhost:40757|client:localhost:41939|dataStream:localhost:35593|priority:0, s1|rpc:localhost:34095|admin:localhost:43151|client:localhost:36051|dataStream:localhost:38995|priority:0, s2|rpc:localhost:40453|admin:localhost:33947|client:localhost:38503|dataStream:localhost:42009|priority:0], old=null
2022-06-29 11:32:03,798 INFO  server.RaftServer$Division (RaftServerImpl.java:requestVote(1152)) - s1@group-54B4F2458EED: receive requestVote(PRE_VOTE, s0, group-54B4F2458EED, 1, (t:1, i:16))
2022-06-29 11:32:03,804 INFO  impl.LeaderElection (LeaderElection.java:logAndReturn(90)) - s1@group-54B4F2458EED-LeaderElection4: PRE_VOTE PASSED received 1 response(s) and 0 exception(s):
2022-06-29 11:32:03,809 INFO  impl.LeaderElection (LeaderElection.java:logAndReturn(94)) -   Response 0: s1<-s2#0:OK-t1
2022-06-29 11:32:03,809 INFO  impl.LeaderElection (LeaderElection.java:askForVotes(312)) - s1@group-54B4F2458EED-LeaderElection4 PRE_VOTE round 0: result PASSED
2022-06-29 11:32:03,810 INFO  impl.VoteContext (VoteContext.java:log(48)) - s1@group-54B4F2458EED-CANDIDATE: accept PRE_VOTE from s0: our priority 0 <= candidate's priority 0
2022-06-29 11:32:03,811 INFO  server.RaftServer$Division (RaftServerImpl.java:requestVote(1184)) - s1@group-54B4F2458EED replies to PRE_VOTE vote request: s0<-s1#0:OK-t1. Peer's state: s1@group-54B4F2458EED:t1, leader=null, voted=s2, raftlog=s1@group-54B4F2458EED-SegmentedRaftLog:OPENED:c15, conf=0: [s0|rpc:localhost:46515|admin:localhost:40757|client:localhost:41939|dataStream:localhost:35593|priority:0, s1|rpc:localhost:34095|admin:localhost:43151|client:localhost:36051|dataStream:localhost:38995|priority:0, s2|rpc:localhost:40453|admin:localhost:33947|client:localhost:38503|dataStream:localhost:42009|priority:0], old=null
2022-06-29 11:32:03,813 INFO  impl.LeaderElection (LeaderElection.java:askForVotes(310)) - s1@group-54B4F2458EED-LeaderElection4 ELECTION round 0: submit vote requests at term 2 for 0: [s0|rpc:localhost:46515|admin:localhost:40757|client:localhost:41939|dataStream:localhost:35593|priority:0, s1|rpc:localhost:34095|admin:localhost:43151|client:localhost:36051|dataStream:localhost:38995|priority:0, s2|rpc:localhost:40453|admin:localhost:33947|client:localhost:38503|dataStream:localhost:42009|priority:0], old=null
2022-06-29 11:32:03,813 INFO  server.RaftServer$Division (RaftServerImpl.java:requestVote(1152)) - s2@group-54B4F2458EED: receive requestVote(PRE_VOTE, s0, group-54B4F2458EED, 1, (t:1, i:16))
2022-06-29 11:32:03,817 INFO  impl.VoteContext (VoteContext.java:log(48)) - s2@group-54B4F2458EED-FOLLOWER: reject PRE_VOTE from s0: this server is a follower and still has a valid leader s2
2022-06-29 11:32:03,817 INFO  server.RaftServer$Division (RaftServerImpl.java:requestVote(1184)) - s2@group-54B4F2458EED replies to PRE_VOTE vote request: s0<-s2#0:FAIL-t1. Peer's state: s2@group-54B4F2458EED:t1, leader=s2, voted=s2, raftlog=s2@group-54B4F2458EED-SegmentedRaftLog:OPENED:c15, conf=0: [s0|rpc:localhost:46515|admin:localhost:40757|client:localhost:41939|dataStream:localhost:35593|priority:0, s1|rpc:localhost:34095|admin:localhost:43151|client:localhost:36051|dataStream:localhost:38995|priority:0, s2|rpc:localhost:40453|admin:localhost:33947|client:localhost:38503|dataStream:localhost:42009|priority:0], old=null
2022-06-29 11:32:03,829 INFO  impl.LeaderElection (LeaderElection.java:logAndReturn(90)) - s0@group-54B4F2458EED-LeaderElection5: PRE_VOTE PASSED received 1 response(s) and 0 exception(s):
2022-06-29 11:32:03,833 INFO  server.RaftServer$Division (RaftServerImpl.java:requestVote(1152)) - s0@group-54B4F2458EED: receive requestVote(ELECTION, s1, group-54B4F2458EED, 2, (t:1, i:16))
2022-06-29 11:32:03,837 INFO  impl.VoteContext (VoteContext.java:log(48)) - s0@group-54B4F2458EED-CANDIDATE: accept ELECTION from s1: our priority 0 <= candidate's priority 0
2022-06-29 11:32:03,837 INFO  server.RaftServer$Division (RaftServerImpl.java:setRole(299)) - s0@group-54B4F2458EED: changes role from CANDIDATE to FOLLOWER at term 2 for candidate:s1
2022-06-29 11:32:03,837 INFO  impl.RoleInfo (RoleInfo.java:shutdownLeaderElection(130)) - s0: shutdown s0@group-54B4F2458EED-LeaderElection5
2022-06-29 11:32:03,837 INFO  impl.RoleInfo (RoleInfo.java:updateAndGet(139)) - s0: start s0@group-54B4F2458EED-FollowerState
2022-06-29 11:32:03,844 INFO  impl.LeaderElection (LeaderElection.java:logAndReturn(94)) -   Response 0: s0<-s1#0:OK-t1
2022-06-29 11:32:03,844 INFO  server.RaftServer$Division (RaftServerImpl.java:requestVote(1152)) - s2@group-54B4F2458EED: receive requestVote(ELECTION, s1, group-54B4F2458EED, 2, (t:1, i:16))
2022-06-29 11:32:03,844 INFO  impl.VoteContext (VoteContext.java:log(48)) - s2@group-54B4F2458EED-FOLLOWER: accept ELECTION from s1: our priority 0 <= candidate's priority 0
2022-06-29 11:32:03,844 INFO  server.RaftServer$Division (ServerState.java:setLeader(291)) - s2@group-54B4F2458EED: change Leader from s2 to null at term 2 for updateCurrentTerm
2022-06-29 11:32:03,844 INFO  server.RaftServer$Division (RaftServerImpl.java:setRole(299)) - s2@group-54B4F2458EED: changes role from  FOLLOWER to FOLLOWER at term 2 for candidate:s1
2022-06-29 11:32:03,844 INFO  impl.RoleInfo (RoleInfo.java:shutdownFollowerState(110)) - s2: shutdown s2@group-54B4F2458EED-FollowerState
2022-06-29 11:32:03,848 INFO  impl.RoleInfo (RoleInfo.java:updateAndGet(139)) - s2: start s2@group-54B4F2458EED-FollowerState
2022-06-29 11:32:03,848 INFO  impl.FollowerState (FollowerState.java:run(152)) - s2@group-54B4F2458EED-FollowerState was interrupted
2022-06-29 11:32:03,854 INFO  server.RaftServer$Division (RaftServerImpl.java:requestVote(1184)) - s2@group-54B4F2458EED replies to ELECTION vote request: s1<-s2#0:OK-t2. Peer's state: s2@group-54B4F2458EED:t2, leader=null, voted=s1, raftlog=s2@group-54B4F2458EED-SegmentedRaftLog:OPENED:c15, conf=0: [s0|rpc:localhost:46515|admin:localhost:40757|client:localhost:41939|dataStream:localhost:35593|priority:0, s1|rpc:localhost:34095|admin:localhost:43151|client:localhost:36051|dataStream:localhost:38995|priority:0, s2|rpc:localhost:40453|admin:localhost:33947|client:localhost:38503|dataStream:localhost:42009|priority:0], old=null
2022-06-29 11:32:03,856 INFO  server.RaftServer$Division (RaftServerImpl.java:requestVote(1184)) - s0@group-54B4F2458EED replies to ELECTION vote request: s1<-s0#0:OK-t2. Peer's state: s0@group-54B4F2458EED:t2, leader=null, voted=s1, raftlog=s0@group-54B4F2458EED-SegmentedRaftLog:OPENED:c15, conf=0: [s0|rpc:localhost:46515|admin:localhost:40757|client:localhost:41939|dataStream:localhost:35593|priority:0, s1|rpc:localhost:34095|admin:localhost:43151|client:localhost:36051|dataStream:localhost:38995|priority:0, s2|rpc:localhost:40453|admin:localhost:33947|client:localhost:38503|dataStream:localhost:42009|priority:0], old=null
2022-06-29 11:32:03,856 INFO  impl.LeaderElection (LeaderElection.java:askForVotes(312)) - s0@group-54B4F2458EED-LeaderElection5 PRE_VOTE round 0: result PASSED
2022-06-29 11:32:03,866 INFO  impl.LeaderElection (LeaderElection.java:logAndReturn(90)) - s1@group-54B4F2458EED-LeaderElection4: ELECTION PASSED received 1 response(s) and 0 exception(s):
2022-06-29 11:32:03,867 INFO  impl.LeaderElection (LeaderElection.java:logAndReturn(94)) -   Response 0: s1<-s2#0:OK-t2
2022-06-29 11:32:03,867 INFO  impl.LeaderElection (LeaderElection.java:askForVotes(312)) - s1@group-54B4F2458EED-LeaderElection4 ELECTION round 0: result PASSED
2022-06-29 11:32:03,867 INFO  impl.RoleInfo (RoleInfo.java:shutdownLeaderElection(130)) - s1: shutdown s1@group-54B4F2458EED-LeaderElection4
2022-06-29 11:32:03,867 INFO  server.RaftServer$Division (RaftServerImpl.java:setRole(299)) - s1@group-54B4F2458EED: changes role from CANDIDATE to LEADER at term 2 for changeToLeader
2022-06-29 11:32:03,867 INFO  server.RaftServer$Division (ServerState.java:setLeader(291)) - s1@group-54B4F2458EED: change Leader from null to s1 at term 2 for becomeLeader, leader elected after 135ms
2022-06-29 11:32:03,867 INFO  server.RaftServerConfigKeys (ConfUtils.java:logGet(46)) - raft.server.staging.catchup.gap = 1000 (default)
2022-06-29 11:32:03,867 INFO  server.RaftServerConfigKeys (ConfUtils.java:logGet(46)) - raft.server.write.element-limit = 4096 (default)
2022-06-29 11:32:03,867 INFO  server.RaftServerConfigKeys (ConfUtils.java:logGet(46)) - raft.server.write.byte-limit = 64MB (=67108864) (default)
2022-06-29 11:32:03,867 INFO  server.RaftServerConfigKeys (ConfUtils.java:logGet(46)) - raft.server.watch.timeout = 10s (default)
2022-06-29 11:32:03,867 INFO  server.RaftServerConfigKeys (ConfUtils.java:logGet(46)) - raft.server.watch.timeout.denomination = 1s (default)
2022-06-29 11:32:03,867 INFO  server.RaftServerConfigKeys (ConfUtils.java:logGet(46)) - raft.server.watch.element-limit = 65536 (default)
2022-06-29 11:32:03,867 INFO  server.RaftServerConfigKeys (ConfUtils.java:logGet(46)) - raft.server.write.element-limit = 4096 (default)
2022-06-29 11:32:03,868 INFO  server.RaftServerConfigKeys (ConfUtils.java:logGet(46)) - raft.server.write.follower.gap.ratio.max = -1.0 (default)
2022-06-29 11:32:03,868 INFO  server.RaftServerConfigKeys (ConfUtils.java:logGet(46)) - raft.server.log.appender.snapshot.chunk.size.max = 16MB (=16777216) (default)
2022-06-29 11:32:03,868 INFO  server.RaftServerConfigKeys (ConfUtils.java:logGet(46)) - raft.server.log.appender.buffer.byte-limit = 4MB (=4194304) (default)
2022-06-29 11:32:03,868 INFO  server.RaftServerConfigKeys (ConfUtils.java:logGet(46)) - raft.server.log.appender.buffer.element-limit = 0 (default)
2022-06-29 11:32:03,868 INFO  grpc.GrpcConfigKeys (ConfUtils.java:logGet(46)) - raft.grpc.server.leader.outstanding.appends.max = 128 (default)
2022-06-29 11:32:03,868 INFO  server.RaftServerConfigKeys (ConfUtils.java:logGet(46)) - raft.server.rpc.request.timeout = 3000ms (default)
2022-06-29 11:32:03,868 INFO  server.RaftServerConfigKeys (ConfUtils.java:logGet(46)) - raft.server.log.appender.install.snapshot.enabled = true (default)
2022-06-29 11:32:03,869 INFO  server.RaftServerConfigKeys (ConfUtils.java:logGet(46)) - raft.server.log.appender.snapshot.chunk.size.max = 16MB (=16777216) (default)
2022-06-29 11:32:03,869 INFO  server.RaftServerConfigKeys (ConfUtils.java:logGet(46)) - raft.server.log.appender.buffer.byte-limit = 4MB (=4194304) (default)
2022-06-29 11:32:03,869 INFO  server.RaftServerConfigKeys (ConfUtils.java:logGet(46)) - raft.server.log.appender.buffer.element-limit = 0 (default)
2022-06-29 11:32:03,870 INFO  grpc.GrpcConfigKeys (ConfUtils.java:logGet(46)) - raft.grpc.server.leader.outstanding.appends.max = 128 (default)
2022-06-29 11:32:03,870 INFO  server.RaftServerConfigKeys (ConfUtils.java:logGet(46)) - raft.server.rpc.request.timeout = 3000ms (default)
2022-06-29 11:32:03,870 INFO  server.RaftServerConfigKeys (ConfUtils.java:logGet(46)) - raft.server.log.appender.install.snapshot.enabled = true (default)
2022-06-29 11:32:03,870 INFO  impl.RoleInfo (RoleInfo.java:updateAndGet(139)) - s1: start s1@group-54B4F2458EED-LeaderStateImpl
2022-06-29 11:32:03,871 INFO  segmented.SegmentedRaftLogWorker (SegmentedRaftLogWorker.java:rollLogSegment(430)) - s1@group-54B4F2458EED-SegmentedRaftLogWorker: Rolling segment log-0_16 to index:16
2022-06-29 11:32:03,877 TRACE util.FileUtils (LogUtils.java:runAndLog(49)) - Successfully ran Files.move /home/runner/work/ratis/ratis/ratis-examples/target/test/data/142b174e/MiniRaftClusterWithRpcTypeGrpcAndDataStreamTypeNettye433f2ec/s1/7bab27b3-1daf-4166-ad0f-54b4f2458eed/current/log_inprogress_0 to /home/runner/work/ratis/ratis/ratis-examples/target/test/data/142b174e/MiniRaftClusterWithRpcTypeGrpcAndDataStreamTypeNettye433f2ec/s1/7bab27b3-1daf-4166-ad0f-54b4f2458eed/current/log_0-16
2022-06-29 11:32:03,877 INFO  segmented.SegmentedRaftLogWorker (SegmentedRaftLogWorker.java:execute(586)) - s1@group-54B4F2458EED-SegmentedRaftLogWorker: Rolled log segment from /home/runner/work/ratis/ratis/ratis-examples/target/test/data/142b174e/MiniRaftClusterWithRpcTypeGrpcAndDataStreamTypeNettye433f2ec/s1/7bab27b3-1daf-4166-ad0f-54b4f2458eed/current/log_inprogress_0 to /home/runner/work/ratis/ratis/ratis-examples/target/test/data/142b174e/MiniRaftClusterWithRpcTypeGrpcAndDataStreamTypeNettye433f2ec/s1/7bab27b3-1daf-4166-ad0f-54b4f2458eed/current/log_0-16
2022-06-29 11:32:03,890 INFO  segmented.SegmentedRaftLogWorker (SegmentedRaftLogWorker.java:execute(629)) - s1@group-54B4F2458EED-SegmentedRaftLogWorker: created new log segment /home/runner/work/ratis/ratis/ratis-examples/target/test/data/142b174e/MiniRaftClusterWithRpcTypeGrpcAndDataStreamTypeNettye433f2ec/s1/7bab27b3-1daf-4166-ad0f-54b4f2458eed/current/log_inprogress_17
2022-06-29 11:32:03,891 INFO  server.RaftServer$Division (ServerState.java:setRaftConf(397)) - s1@group-54B4F2458EED: set configuration 17: [s0|rpc:localhost:46515|admin:localhost:40757|client:localhost:41939|dataStream:localhost:35593|priority:0, s1|rpc:localhost:34095|admin:localhost:43151|client:localhost:36051|dataStream:localhost:38995|priority:0, s2|rpc:localhost:40453|admin:localhost:33947|client:localhost:38503|dataStream:localhost:42009|priority:0], old=null
2022-06-29 11:32:03,917 INFO  server.RaftServer$Division (ServerState.java:setLeader(291)) - s0@group-54B4F2458EED: change Leader from null to s1 at term 2 for appendEntries, leader elected after 170ms
2022-06-29 11:32:03,918 INFO  server.RaftServer$Division (ServerState.java:setLeader(291)) - s2@group-54B4F2458EED: change Leader from null to s1 at term 2 for appendEntries, leader elected after 73ms
2022-06-29 11:32:03,940 INFO  server.RaftServer$Division (ServerState.java:setRaftConf(397)) - s0@group-54B4F2458EED: set configuration 17: [s0|rpc:localhost:46515|admin:localhost:40757|client:localhost:41939|dataStream:localhost:35593|priority:0, s1|rpc:localhost:34095|admin:localhost:43151|client:localhost:36051|dataStream:localhost:38995|priority:0, s2|rpc:localhost:40453|admin:localhost:33947|client:localhost:38503|dataStream:localhost:42009|priority:0], old=null
2022-06-29 11:32:03,940 INFO  segmented.SegmentedRaftLogWorker (SegmentedRaftLogWorker.java:rollLogSegment(430)) - s0@group-54B4F2458EED-SegmentedRaftLogWorker: Rolling segment log-0_16 to index:16
2022-06-29 11:32:03,941 TRACE util.FileUtils (LogUtils.java:runAndLog(49)) - Successfully ran Files.move /home/runner/work/ratis/ratis/ratis-examples/target/test/data/142b174e/MiniRaftClusterWithRpcTypeGrpcAndDataStreamTypeNettye433f2ec/s0/7bab27b3-1daf-4166-ad0f-54b4f2458eed/current/log_inprogress_0 to /home/runner/work/ratis/ratis/ratis-examples/target/test/data/142b174e/MiniRaftClusterWithRpcTypeGrpcAndDataStreamTypeNettye433f2ec/s0/7bab27b3-1daf-4166-ad0f-54b4f2458eed/current/log_0-16
2022-06-29 11:32:03,941 INFO  segmented.SegmentedRaftLogWorker (SegmentedRaftLogWorker.java:execute(586)) - s0@group-54B4F2458EED-SegmentedRaftLogWorker: Rolled log segment from /home/runner/work/ratis/ratis/ratis-examples/target/test/data/142b174e/MiniRaftClusterWithRpcTypeGrpcAndDataStreamTypeNettye433f2ec/s0/7bab27b3-1daf-4166-ad0f-54b4f2458eed/current/log_inprogress_0 to /home/runner/work/ratis/ratis/ratis-examples/target/test/data/142b174e/MiniRaftClusterWithRpcTypeGrpcAndDataStreamTypeNettye433f2ec/s0/7bab27b3-1daf-4166-ad0f-54b4f2458eed/current/log_0-16
2022-06-29 11:32:03,949 INFO  server.RaftServer$Division (ServerState.java:setRaftConf(397)) - s2@group-54B4F2458EED: set configuration 17: [s0|rpc:localhost:46515|admin:localhost:40757|client:localhost:41939|dataStream:localhost:35593|priority:0, s1|rpc:localhost:34095|admin:localhost:43151|client:localhost:36051|dataStream:localhost:38995|priority:0, s2|rpc:localhost:40453|admin:localhost:33947|client:localhost:38503|dataStream:localhost:42009|priority:0], old=null
2022-06-29 11:32:03,949 INFO  segmented.SegmentedRaftLogWorker (SegmentedRaftLogWorker.java:rollLogSegment(430)) - s2@group-54B4F2458EED-SegmentedRaftLogWorker: Rolling segment log-0_16 to index:16
2022-06-29 11:32:03,951 TRACE util.FileUtils (LogUtils.java:runAndLog(49)) - Successfully ran Files.move /home/runner/work/ratis/ratis/ratis-examples/target/test/data/142b174e/MiniRaftClusterWithRpcTypeGrpcAndDataStreamTypeNettye433f2ec/s2/7bab27b3-1daf-4166-ad0f-54b4f2458eed/current/log_inprogress_0 to /home/runner/work/ratis/ratis/ratis-examples/target/test/data/142b174e/MiniRaftClusterWithRpcTypeGrpcAndDataStreamTypeNettye433f2ec/s2/7bab27b3-1daf-4166-ad0f-54b4f2458eed/current/log_0-16
2022-06-29 11:32:03,953 INFO  segmented.SegmentedRaftLogWorker (SegmentedRaftLogWorker.java:execute(586)) - s2@group-54B4F2458EED-SegmentedRaftLogWorker: Rolled log segment from /home/runner/work/ratis/ratis/ratis-examples/target/test/data/142b174e/MiniRaftClusterWithRpcTypeGrpcAndDataStreamTypeNettye433f2ec/s2/7bab27b3-1daf-4166-ad0f-54b4f2458eed/current/log_inprogress_0 to /home/runner/work/ratis/ratis/ratis-examples/target/test/data/142b174e/MiniRaftClusterWithRpcTypeGrpcAndDataStreamTypeNettye433f2ec/s2/7bab27b3-1daf-4166-ad0f-54b4f2458eed/current/log_0-16
2022-06-29 11:32:03,956 INFO  segmented.SegmentedRaftLogWorker (SegmentedRaftLogWorker.java:execute(629)) - s0@group-54B4F2458EED-SegmentedRaftLogWorker: created new log segment /home/runner/work/ratis/ratis/ratis-examples/target/test/data/142b174e/MiniRaftClusterWithRpcTypeGrpcAndDataStreamTypeNettye433f2ec/s0/7bab27b3-1daf-4166-ad0f-54b4f2458eed/current/log_inprogress_17
2022-06-29 11:32:03,970 INFO  segmented.SegmentedRaftLogWorker (SegmentedRaftLogWorker.java:execute(629)) - s2@group-54B4F2458EED-SegmentedRaftLogWorker: created new log segment /home/runner/work/ratis/ratis/ratis-examples/target/test/data/142b174e/MiniRaftClusterWithRpcTypeGrpcAndDataStreamTypeNettye433f2ec/s2/7bab27b3-1daf-4166-ad0f-54b4f2458eed/current/log_inprogress_17
2022-06-29 11:32:03,997 INFO  statemachine.StateMachine (FileStoreStateMachine.java:link(197)) - linking org.apache.ratis.examples.filestore.FileStoreStateMachine$LocalStream@66e5f73a
2022-06-29 11:32:03,999 INFO  statemachine.StateMachine (FileStoreStateMachine.java:link(197)) - linking org.apache.ratis.examples.filestore.FileStoreStateMachine$LocalStream@14adbe98
2022-06-29 11:32:04,000 INFO  statemachine.StateMachine (FileStoreStateMachine.java:link(197)) - linking org.apache.ratis.examples.filestore.FileStoreStateMachine$LocalStream@5499f14d
2022-06-29 11:32:04,009 INFO  statemachine.StateMachine (FileStoreStateMachine.java:link(197)) - linking org.apache.ratis.examples.filestore.FileStoreStateMachine$LocalStream@27d8fd01
2022-06-29 11:32:04,010 INFO  statemachine.StateMachine (FileStoreStateMachine.java:link(197)) - linking org.apache.ratis.examples.filestore.FileStoreStateMachine$LocalStream@5a5e15ae
2022-06-29 11:32:04,010 INFO  statemachine.StateMachine (FileStoreStateMachine.java:link(197)) - linking org.apache.ratis.examples.filestore.FileStoreStateMachine$LocalStream@687a51f8
2022-06-29 11:32:04,030 INFO  statemachine.StateMachine (FileStoreStateMachine.java:link(197)) - linking null
2022-06-29 11:32:04,033 INFO  statemachine.StateMachine (FileStoreStateMachine.java:link(197)) - linking org.apache.ratis.examples.filestore.FileStoreStateMachine$LocalStream@27a7c34e
2022-06-29 11:32:04,037 INFO  statemachine.StateMachine (FileStoreStateMachine.java:link(197)) - linking null
2022-06-29 11:32:04,037 INFO  statemachine.StateMachine (FileStoreStateMachine.java:link(197)) - linking org.apache.ratis.examples.filestore.FileStoreStateMachine$LocalStream@5e619a3d
2022-06-29 11:32:04,048 INFO  statemachine.StateMachine (FileStoreStateMachine.java:link(197)) - linking null
2022-06-29 11:32:04,048 INFO  statemachine.StateMachine (FileStoreStateMachine.java:link(197)) - linking org.apache.ratis.examples.filestore.FileStoreStateMachine$LocalStream@6ff65b93
2022-06-29 11:32:04,053 INFO  statemachine.StateMachine (FileStoreStateMachine.java:link(197)) - linking org.apache.ratis.examples.filestore.FileStoreStateMachine$LocalStream@1c62d9ed
2022-06-29 11:32:04,055 INFO  statemachine.StateMachine (FileStoreStateMachine.java:link(197)) - linking org.apache.ratis.examples.filestore.FileStoreStateMachine$LocalStream@1b631f95
2022-06-29 11:32:04,055 ERROR impl.StateMachineUpdater (StateMachineUpdater.java:run(194)) - s1@group-54B4F2458EED-StateMachineUpdater caught a Throwable.
org.apache.ratis.server.raftlog.RaftLogIOException: java.lang.IllegalStateException: retry cache entry should be pending: 24@client-35F02808C383:done
	at org.apache.ratis.server.impl.RaftServerImpl.applyLogToStateMachine(RaftServerImpl.java:1596)
	at org.apache.ratis.server.impl.StateMachineUpdater.applyLog(StateMachineUpdater.java:239)
	at org.apache.ratis.server.impl.StateMachineUpdater.run(StateMachineUpdater.java:182)
	at java.lang.Thread.run(Thread.java:750)
Caused by: java.lang.IllegalStateException: retry cache entry should be pending: 24@client-35F02808C383:done
	at org.apache.ratis.util.Preconditions.assertTrue(Preconditions.java:60)
	at org.apache.ratis.server.impl.RaftServerImpl.replyPendingRequest(RaftServerImpl.java:1543)
	at org.apache.ratis.server.impl.RaftServerImpl.applyLogToStateMachine(RaftServerImpl.java:1594)
	... 3 more
2022-06-29 11:32:04,056 INFO  statemachine.StateMachine (FileStoreStateMachine.java:link(197)) - linking org.apache.ratis.examples.filestore.FileStoreStateMachine$LocalStream@4fab5a41
2022-06-29 11:32:04,057 INFO  statemachine.StateMachine (FileStoreStateMachine.java:link(197)) - linking org.apache.ratis.examples.filestore.FileStoreStateMachine$LocalStream@3ca3a9a0
2022-06-29 11:32:04,060 INFO  statemachine.StateMachine (FileStoreStateMachine.java:link(197)) - linking org.apache.ratis.examples.filestore.FileStoreStateMachine$LocalStream@6b962d
2022-06-29 11:32:04,061 INFO  statemachine.StateMachine (FileStoreStateMachine.java:link(197)) - linking org.apache.ratis.examples.filestore.FileStoreStateMachine$LocalStream@360b6452
2022-06-29 11:32:04,062 INFO  server.RaftServer$Division (RaftServerImpl.java:lambda$close$4(434)) - s1@group-54B4F2458EED: shutdown
2022-06-29 11:32:04,063 INFO  util.JmxRegister (JmxRegister.java:unregister(73)) - Successfully un-registered JMX Bean with object name Ratis:service=RaftServer,group=group-54B4F2458EED,id=s1
2022-06-29 11:32:04,063 INFO  impl.RoleInfo (RoleInfo.java:shutdownLeaderState(93)) - s1: shutdown s1@group-54B4F2458EED-LeaderStateImpl
2022-06-29 11:32:04,066 INFO  server.GrpcServerProtocolService (GrpcServerProtocolService.java:onCompleted(140)) - s0: Completed APPEND_ENTRIES, lastRequest: s1->s0#13-t2,previous=(t:2, i:26),leaderCommit=24,initializing? true,entries: size=1, first=(t:2, i:27), STATEMACHINELOGENTRY, 20@client-AFD328EA66E3
2022-06-29 11:32:04,067 INFO  server.GrpcLogAppender (GrpcLogAppender.java:onCompleted(340)) - s1@group-54B4F2458EED->s0-AppendLogResponseHandler: follower responses appendEntries COMPLETED
2022-06-29 11:32:04,067 INFO  leader.FollowerInfo (FollowerInfoImpl.java:lambda$new$0(48)) - s1@group-54B4F2458EED->s0: nextIndex: updateUnconditionally 28 -> 25
2022-06-29 11:32:04,068 WARN  server.GrpcLogAppender (GrpcLogAppender.java:mayWait(172)) - s1@group-54B4F2458EED->s2-GrpcLogAppender: Wait interrupted by java.lang.InterruptedException
2022-06-29 11:32:04,069 INFO  server.GrpcServerProtocolService (GrpcServerProtocolService.java:onCompleted(140)) - s2: Completed APPEND_ENTRIES, lastRequest: s1->s2#14-t2,previous=(t:2, i:26),leaderCommit=24,initializing? true,entries: size=1, first=(t:2, i:27), STATEMACHINELOGENTRY, 20@client-AFD328EA66E3
2022-06-29 11:32:04,069 INFO  server.GrpcLogAppender (GrpcLogAppender.java:onCompleted(340)) - s1@group-54B4F2458EED->s2-AppendLogResponseHandler: follower responses appendEntries COMPLETED
2022-06-29 11:32:04,069 INFO  leader.FollowerInfo (FollowerInfoImpl.java:lambda$new$0(48)) - s1@group-54B4F2458EED->s2: nextIndex: updateUnconditionally 28 -> 26
2022-06-29 11:32:04,068 INFO  impl.PendingRequests (PendingRequests.java:sendNotLeaderResponses(282)) - s1@group-54B4F2458EED-PendingRequests: sendNotLeaderResponses
2022-06-29 11:32:04,104 WARN  server.RaftServer$Division (RaftServerImpl.java:lambda$close$4(458)) - s1@group-54B4F2458EED: Failed to close state
java.lang.NullPointerException
	at org.apache.ratis.server.impl.StateMachineUpdater.getStateMachineLastAppliedIndex(StateMachineUpdater.java:326)
	at org.apache.ratis.server.impl.ServerState.getLastAppliedIndex(ServerState.java:482)
	at org.apache.ratis.server.impl.ServerState.close(ServerState.java:433)
	at org.apache.ratis.server.impl.RaftServerImpl.lambda$close$4(RaftServerImpl.java:456)
	at org.apache.ratis.util.LifeCycle.lambda$checkStateAndClose$4(LifeCycle.java:299)
	at org.apache.ratis.util.LifeCycle.checkStateAndClose(LifeCycle.java:319)
	at org.apache.ratis.util.LifeCycle.checkStateAndClose(LifeCycle.java:297)
	at org.apache.ratis.server.impl.RaftServerImpl.close(RaftServerImpl.java:433)
	at org.apache.ratis.server.impl.StateMachineUpdater.run(StateMachineUpdater.java:195)
	at java.lang.Thread.run(Thread.java:750)
2022-06-29 11:32:04,336 INFO  impl.FollowerState (FollowerState.java:run(143)) - s0@group-54B4F2458EED-FollowerState: change to CANDIDATE, lastRpcElapsedTime:265980240ns, electionTimeout:176ms
2022-06-29 11:32:04,337 INFO  impl.RoleInfo (RoleInfo.java:shutdownFollowerState(110)) - s0: shutdown s0@group-54B4F2458EED-FollowerState
2022-06-29 11:32:04,337 INFO  server.RaftServer$Division (RaftServerImpl.java:setRole(299)) - s0@group-54B4F2458EED: changes role from  FOLLOWER to CANDIDATE at term 2 for changeToCandidate
2022-06-29 11:32:04,344 INFO  server.RaftServerConfigKeys (ConfUtils.java:logGet(46)) - raft.server.leaderelection.pre-vote = true (default)
2022-06-29 11:32:04,344 INFO  impl.RoleInfo (RoleInfo.java:updateAndGet(139)) - s0: start s0@group-54B4F2458EED-LeaderElection6
2022-06-29 11:32:04,352 INFO  server.RaftServer$Division (ServerState.java:setLeader(291)) - s0@group-54B4F2458EED: change Leader from s1 to null at term 2 for PRE_VOTE
2022-06-29 11:32:04,352 INFO  impl.LeaderElection (LeaderElection.java:askForVotes(310)) - s0@group-54B4F2458EED-LeaderElection6 PRE_VOTE round 0: submit vote requests at term 2 for 17: [s0|rpc:localhost:46515|admin:localhost:40757|client:localhost:41939|dataStream:localhost:35593|priority:0, s1|rpc:localhost:34095|admin:localhost:43151|client:localhost:36051|dataStream:localhost:38995|priority:0, s2|rpc:localhost:40453|admin:localhost:33947|client:localhost:38503|dataStream:localhost:42009|priority:0], old=null
2022-06-29 11:32:04,394 INFO  server.RaftServer$Division (RaftServerImpl.java:requestVote(1152)) - s1@group-54B4F2458EED: receive requestVote(PRE_VOTE, s0, group-54B4F2458EED, 2, (t:2, i:27))
2022-06-29 11:32:04,395 WARN  server.GrpcServerProtocolService (LogUtils.java:warn(122)) - s1: Failed requestVote s0->s1#0: org.apache.ratis.protocol.exceptions.ServerNotReadyException: s1@group-54B4F2458EED is not in [RUNNING]: current state is CLOSED
2022-06-29 11:32:04,411 INFO  server.RaftServer$Division (RaftServerImpl.java:requestVote(1152)) - s2@group-54B4F2458EED: receive requestVote(PRE_VOTE, s0, group-54B4F2458EED, 2, (t:2, i:27))
2022-06-29 11:32:04,416 INFO  impl.LeaderElection (LogUtils.java:infoOrTrace(137)) - s0@group-54B4F2458EED-LeaderElection6 got exception when requesting votes: java.util.concurrent.ExecutionException: org.apache.ratis.thirdparty.io.grpc.StatusRuntimeException: INTERNAL: s1@group-54B4F2458EED is not in [RUNNING]: current state is CLOSED
2022-06-29 11:32:04,425 INFO  impl.VoteContext (VoteContext.java:log(48)) - s2@group-54B4F2458EED-FOLLOWER: accept PRE_VOTE from s0: our priority 0 <= candidate's priority 0
2022-06-29 11:32:04,426 INFO  server.RaftServer$Division (RaftServerImpl.java:requestVote(1184)) - s2@group-54B4F2458EED replies to PRE_VOTE vote request: s0<-s2#0:OK-t2. Peer's state: s2@group-54B4F2458EED:t2, leader=s1, voted=s1, raftlog=s2@group-54B4F2458EED-SegmentedRaftLog:OPENED:c24, conf=17: [s0|rpc:localhost:46515|admin:localhost:40757|client:localhost:41939|dataStream:localhost:35593|priority:0, s1|rpc:localhost:34095|admin:localhost:43151|client:localhost:36051|dataStream:localhost:38995|priority:0, s2|rpc:localhost:40453|admin:localhost:33947|client:localhost:38503|dataStream:localhost:42009|priority:0], old=null
2022-06-29 11:32:04,432 INFO  impl.LeaderElection (LeaderElection.java:logAndReturn(90)) - s0@group-54B4F2458EED-LeaderElection6: PRE_VOTE PASSED received 1 response(s) and 1 exception(s):
2022-06-29 11:32:04,433 INFO  impl.LeaderElection (LeaderElection.java:logAndReturn(94)) -   Response 0: s0<-s2#0:OK-t2
2022-06-29 11:32:04,433 INFO  impl.LeaderElection (LogUtils.java:infoOrTrace(137)) -   Exception 1: java.util.concurrent.ExecutionException: org.apache.ratis.thirdparty.io.grpc.StatusRuntimeException: INTERNAL: s1@group-54B4F2458EED is not in [RUNNING]: current state is CLOSED
2022-06-29 11:32:04,433 INFO  impl.LeaderElection (LeaderElection.java:askForVotes(312)) - s0@group-54B4F2458EED-LeaderElection6 PRE_VOTE round 0: result PASSED
2022-06-29 11:32:04,435 INFO  impl.LeaderElection (LeaderElection.java:askForVotes(310)) - s0@group-54B4F2458EED-LeaderElection6 ELECTION round 0: submit vote requests at term 3 for 17: [s0|rpc:localhost:46515|admin:localhost:40757|client:localhost:41939|dataStream:localhost:35593|priority:0, s1|rpc:localhost:34095|admin:localhost:43151|client:localhost:36051|dataStream:localhost:38995|priority:0, s2|rpc:localhost:40453|admin:localhost:33947|client:localhost:38503|dataStream:localhost:42009|priority:0], old=null
2022-06-29 11:32:04,449 INFO  server.RaftServer$Division (RaftServerImpl.java:requestVote(1152)) - s1@group-54B4F2458EED: receive requestVote(ELECTION, s0, group-54B4F2458EED, 3, (t:2, i:27))
2022-06-29 11:32:04,464 WARN  server.GrpcServerProtocolService (LogUtils.java:warn(122)) - s1: Failed requestVote s0->s1#0: org.apache.ratis.protocol.exceptions.ServerNotReadyException: s1@group-54B4F2458EED is not in [RUNNING]: current state is CLOSED
2022-06-29 11:32:04,449 INFO  server.RaftServer$Division (RaftServerImpl.java:requestVote(1152)) - s2@group-54B4F2458EED: receive requestVote(ELECTION, s0, group-54B4F2458EED, 3, (t:2, i:27))
2022-06-29 11:32:04,474 INFO  impl.VoteContext (VoteContext.java:log(48)) - s2@group-54B4F2458EED-FOLLOWER: accept ELECTION from s0: our priority 0 <= candidate's priority 0
2022-06-29 11:32:04,474 INFO  server.RaftServer$Division (ServerState.java:setLeader(291)) - s2@group-54B4F2458EED: change Leader from s1 to null at term 3 for updateCurrentTerm
2022-06-29 11:32:04,474 INFO  server.RaftServer$Division (RaftServerImpl.java:setRole(299)) - s2@group-54B4F2458EED: changes role from  FOLLOWER to FOLLOWER at term 3 for candidate:s0
2022-06-29 11:32:04,474 INFO  impl.RoleInfo (RoleInfo.java:shutdownFollowerState(110)) - s2: shutdown s2@group-54B4F2458EED-FollowerState
2022-06-29 11:32:04,474 INFO  impl.RoleInfo (RoleInfo.java:updateAndGet(139)) - s2: start s2@group-54B4F2458EED-FollowerState
2022-06-29 11:32:04,476 INFO  impl.FollowerState (FollowerState.java:run(152)) - s2@group-54B4F2458EED-FollowerState was interrupted
2022-06-29 11:32:04,482 INFO  impl.LeaderElection (LogUtils.java:infoOrTrace(137)) - s0@group-54B4F2458EED-LeaderElection6 got exception when requesting votes: java.util.concurrent.ExecutionException: org.apache.ratis.thirdparty.io.grpc.StatusRuntimeException: INTERNAL: s1@group-54B4F2458EED is not in [RUNNING]: current state is CLOSED
2022-06-29 11:32:04,489 INFO  server.RaftServer$Division (RaftServerImpl.java:requestVote(1184)) - s2@group-54B4F2458EED replies to ELECTION vote request: s0<-s2#0:OK-t3. Peer's state: s2@group-54B4F2458EED:t3, leader=null, voted=s0, raftlog=s2@group-54B4F2458EED-SegmentedRaftLog:OPENED:c24, conf=17: [s0|rpc:localhost:46515|admin:localhost:40757|client:localhost:41939|dataStream:localhost:35593|priority:0, s1|rpc:localhost:34095|admin:localhost:43151|client:localhost:36051|dataStream:localhost:38995|priority:0, s2|rpc:localhost:40453|admin:localhost:33947|client:localhost:38503|dataStream:localhost:42009|priority:0], old=null
2022-06-29 11:32:04,492 INFO  impl.LeaderElection (LeaderElection.java:logAndReturn(90)) - s0@group-54B4F2458EED-LeaderElection6: ELECTION PASSED received 1 response(s) and 1 exception(s):
2022-06-29 11:32:04,492 INFO  impl.LeaderElection (LeaderElection.java:logAndReturn(94)) -   Response 0: s0<-s2#0:OK-t3
2022-06-29 11:32:04,492 INFO  impl.LeaderElection (LogUtils.java:infoOrTrace(137)) -   Exception 1: java.util.concurrent.ExecutionException: org.apache.ratis.thirdparty.io.grpc.StatusRuntimeException: INTERNAL: s1@group-54B4F2458EED is not in [RUNNING]: current state is CLOSED
2022-06-29 11:32:04,492 INFO  impl.LeaderElection (LeaderElection.java:askForVotes(312)) - s0@group-54B4F2458EED-LeaderElection6 ELECTION round 0: result PASSED
2022-06-29 11:32:04,492 INFO  impl.RoleInfo (RoleInfo.java:shutdownLeaderElection(130)) - s0: shutdown s0@group-54B4F2458EED-LeaderElection6
2022-06-29 11:32:04,492 INFO  server.RaftServer$Division (RaftServerImpl.java:setRole(299)) - s0@group-54B4F2458EED: changes role from CANDIDATE to LEADER at term 3 for changeToLeader
2022-06-29 11:32:04,492 INFO  server.RaftServer$Division (ServerState.java:setLeader(291)) - s0@group-54B4F2458EED: change Leader from null to s0 at term 3 for becomeLeader, leader elected after 140ms
2022-06-29 11:32:04,492 INFO  server.RaftServerConfigKeys (ConfUtils.java:logGet(46)) - raft.server.staging.catchup.gap = 1000 (default)
2022-06-29 11:32:04,492 INFO  server.RaftServerConfigKeys (ConfUtils.java:logGet(46)) - raft.server.write.element-limit = 4096 (default)
2022-06-29 11:32:04,492 INFO  server.RaftServerConfigKeys (ConfUtils.java:logGet(46)) - raft.server.write.byte-limit = 64MB (=67108864) (default)
2022-06-29 11:32:04,492 INFO  server.RaftServerConfigKeys (ConfUtils.java:logGet(46)) - raft.server.watch.timeout = 10s (default)
2022-06-29 11:32:04,492 INFO  server.RaftServerConfigKeys (ConfUtils.java:logGet(46)) - raft.server.watch.timeout.denomination = 1s (default)
2022-06-29 11:32:04,493 INFO  server.RaftServerConfigKeys (ConfUtils.java:logGet(46)) - raft.server.watch.element-limit = 65536 (default)
2022-06-29 11:32:04,493 INFO  server.RaftServerConfigKeys (ConfUtils.java:logGet(46)) - raft.server.write.element-limit = 4096 (default)
2022-06-29 11:32:04,493 INFO  server.RaftServerConfigKeys (ConfUtils.java:logGet(46)) - raft.server.write.follower.gap.ratio.max = -1.0 (default)
2022-06-29 11:32:04,493 INFO  server.RaftServerConfigKeys (ConfUtils.java:logGet(46)) - raft.server.log.appender.snapshot.chunk.size.max = 16MB (=16777216) (default)
2022-06-29 11:32:04,493 INFO  server.RaftServerConfigKeys (ConfUtils.java:logGet(46)) - raft.server.log.appender.buffer.byte-limit = 4MB (=4194304) (default)
2022-06-29 11:32:04,493 INFO  server.RaftServerConfigKeys (ConfUtils.java:logGet(46)) - raft.server.log.appender.buffer.element-limit = 0 (default)
2022-06-29 11:32:04,493 INFO  grpc.GrpcConfigKeys (ConfUtils.java:logGet(46)) - raft.grpc.server.leader.outstanding.appends.max = 128 (default)
2022-06-29 11:32:04,493 INFO  server.RaftServerConfigKeys (ConfUtils.java:logGet(46)) - raft.server.rpc.request.timeout = 3000ms (default)
2022-06-29 11:32:04,493 INFO  server.RaftServerConfigKeys (ConfUtils.java:logGet(46)) - raft.server.log.appender.install.snapshot.enabled = true (default)
2022-06-29 11:32:04,494 INFO  server.RaftServerConfigKeys (ConfUtils.java:logGet(46)) - raft.server.log.appender.snapshot.chunk.size.max = 16MB (=16777216) (default)
2022-06-29 11:32:04,494 INFO  server.RaftServerConfigKeys (ConfUtils.java:logGet(46)) - raft.server.log.appender.buffer.byte-limit = 4MB (=4194304) (default)
2022-06-29 11:32:04,494 INFO  server.RaftServerConfigKeys (ConfUtils.java:logGet(46)) - raft.server.log.appender.buffer.element-limit = 0 (default)
2022-06-29 11:32:04,494 INFO  grpc.GrpcConfigKeys (ConfUtils.java:logGet(46)) - raft.grpc.server.leader.outstanding.appends.max = 128 (default)
2022-06-29 11:32:04,494 INFO  server.RaftServerConfigKeys (ConfUtils.java:logGet(46)) - raft.server.rpc.request.timeout = 3000ms (default)
2022-06-29 11:32:04,494 INFO  server.RaftServerConfigKeys (ConfUtils.java:logGet(46)) - raft.server.log.appender.install.snapshot.enabled = true (default)
2022-06-29 11:32:04,494 INFO  impl.RoleInfo (RoleInfo.java:updateAndGet(139)) - s0: start s0@group-54B4F2458EED-LeaderStateImpl
2022-06-29 11:32:04,494 INFO  segmented.SegmentedRaftLogWorker (SegmentedRaftLogWorker.java:rollLogSegment(430)) - s0@group-54B4F2458EED-SegmentedRaftLogWorker: Rolling segment log-17_27 to index:27
2022-06-29 11:32:04,495 TRACE util.FileUtils (LogUtils.java:runAndLog(49)) - Successfully ran Files.move /home/runner/work/ratis/ratis/ratis-examples/target/test/data/142b174e/MiniRaftClusterWithRpcTypeGrpcAndDataStreamTypeNettye433f2ec/s0/7bab27b3-1daf-4166-ad0f-54b4f2458eed/current/log_inprogress_17 to /home/runner/work/ratis/ratis/ratis-examples/target/test/data/142b174e/MiniRaftClusterWithRpcTypeGrpcAndDataStreamTypeNettye433f2ec/s0/7bab27b3-1daf-4166-ad0f-54b4f2458eed/current/log_17-27
2022-06-29 11:32:04,515 INFO  segmented.SegmentedRaftLogWorker (SegmentedRaftLogWorker.java:execute(586)) - s0@group-54B4F2458EED-SegmentedRaftLogWorker: Rolled log segment from /home/runner/work/ratis/ratis/ratis-examples/target/test/data/142b174e/MiniRaftClusterWithRpcTypeGrpcAndDataStreamTypeNettye433f2ec/s0/7bab27b3-1daf-4166-ad0f-54b4f2458eed/current/log_inprogress_17 to /home/runner/work/ratis/ratis/ratis-examples/target/test/data/142b174e/MiniRaftClusterWithRpcTypeGrpcAndDataStreamTypeNettye433f2ec/s0/7bab27b3-1daf-4166-ad0f-54b4f2458eed/current/log_17-27
2022-06-29 11:32:04,511 INFO  server.RaftServer$Division (ServerState.java:setRaftConf(397)) - s0@group-54B4F2458EED: set configuration 28: [s0|rpc:localhost:46515|admin:localhost:40757|client:localhost:41939|dataStream:localhost:35593|priority:0, s1|rpc:localhost:34095|admin:localhost:43151|client:localhost:36051|dataStream:localhost:38995|priority:0, s2|rpc:localhost:40453|admin:localhost:33947|client:localhost:38503|dataStream:localhost:42009|priority:0], old=null
2022-06-29 11:32:04,531 INFO  server.RaftServer$Division (ServerState.java:setLeader(291)) - s2@group-54B4F2458EED: change Leader from null to s0 at term 3 for appendEntries, leader elected after 57ms
2022-06-29 11:32:04,546 INFO  segmented.SegmentedRaftLogWorker (SegmentedRaftLogWorker.java:execute(629)) - s0@group-54B4F2458EED-SegmentedRaftLogWorker: created new log segment /home/runner/work/ratis/ratis/ratis-examples/target/test/data/142b174e/MiniRaftClusterWithRpcTypeGrpcAndDataStreamTypeNettye433f2ec/s0/7bab27b3-1daf-4166-ad0f-54b4f2458eed/current/log_inprogress_28
2022-06-29 11:32:04,548 INFO  server.RaftServer$Division (ServerState.java:setRaftConf(397)) - s2@group-54B4F2458EED: set configuration 28: [s0|rpc:localhost:46515|admin:localhost:40757|client:localhost:41939|dataStream:localhost:35593|priority:0, s1|rpc:localhost:34095|admin:localhost:43151|client:localhost:36051|dataStream:localhost:38995|priority:0, s2|rpc:localhost:40453|admin:localhost:33947|client:localhost:38503|dataStream:localhost:42009|priority:0], old=null
2022-06-29 11:32:04,548 INFO  segmented.SegmentedRaftLogWorker (SegmentedRaftLogWorker.java:rollLogSegment(430)) - s2@group-54B4F2458EED-SegmentedRaftLogWorker: Rolling segment log-17_27 to index:27
2022-06-29 11:32:04,549 TRACE util.FileUtils (LogUtils.java:runAndLog(49)) - Successfully ran Files.move /home/runner/work/ratis/ratis/ratis-examples/target/test/data/142b174e/MiniRaftClusterWithRpcTypeGrpcAndDataStreamTypeNettye433f2ec/s2/7bab27b3-1daf-4166-ad0f-54b4f2458eed/current/log_inprogress_17 to /home/runner/work/ratis/ratis/ratis-examples/target/test/data/142b174e/MiniRaftClusterWithRpcTypeGrpcAndDataStreamTypeNettye433f2ec/s2/7bab27b3-1daf-4166-ad0f-54b4f2458eed/current/log_17-27
2022-06-29 11:32:04,550 INFO  segmented.SegmentedRaftLogWorker (SegmentedRaftLogWorker.java:execute(586)) - s2@group-54B4F2458EED-SegmentedRaftLogWorker: Rolled log segment from /home/runner/work/ratis/ratis/ratis-examples/target/test/data/142b174e/MiniRaftClusterWithRpcTypeGrpcAndDataStreamTypeNettye433f2ec/s2/7bab27b3-1daf-4166-ad0f-54b4f2458eed/current/log_inprogress_17 to /home/runner/work/ratis/ratis/ratis-examples/target/test/data/142b174e/MiniRaftClusterWithRpcTypeGrpcAndDataStreamTypeNettye433f2ec/s2/7bab27b3-1daf-4166-ad0f-54b4f2458eed/current/log_17-27
2022-06-29 11:32:04,564 INFO  segmented.SegmentedRaftLogWorker (SegmentedRaftLogWorker.java:execute(629)) - s2@group-54B4F2458EED-SegmentedRaftLogWorker: created new log segment /home/runner/work/ratis/ratis/ratis-examples/target/test/data/142b174e/MiniRaftClusterWithRpcTypeGrpcAndDataStreamTypeNettye433f2ec/s2/7bab27b3-1daf-4166-ad0f-54b4f2458eed/current/log_inprogress_28
2022-06-29 11:32:04,612 INFO  statemachine.StateMachine (FileStoreStateMachine.java:link(197)) - linking null
2022-06-29 11:32:04,634 INFO  statemachine.StateMachine (FileStoreStateMachine.java:link(197)) - linking null
2022-06-29 11:32:04,663 INFO  statemachine.StateMachine (FileStoreStateMachine.java:link(197)) - linking org.apache.ratis.examples.filestore.FileStoreStateMachine$LocalStream@440e554f
2022-06-29 11:32:04,666 INFO  statemachine.StateMachine (FileStoreStateMachine.java:link(197)) - linking org.apache.ratis.examples.filestore.FileStoreStateMachine$LocalStream@2a3200eb
2022-06-29 11:32:04,677 ERROR impl.StateMachineUpdater (StateMachineUpdater.java:run(194)) - s0@group-54B4F2458EED-StateMachineUpdater caught a Throwable.
org.apache.ratis.server.raftlog.RaftLogIOException: java.lang.IllegalStateException: retry cache entry should be pending: 22@client-8FAF9C1431C5:done
	at org.apache.ratis.server.impl.RaftServerImpl.applyLogToStateMachine(RaftServerImpl.java:1596)
	at org.apache.ratis.server.impl.StateMachineUpdater.applyLog(StateMachineUpdater.java:239)
	at org.apache.ratis.server.impl.StateMachineUpdater.run(StateMachineUpdater.java:182)
	at java.lang.Thread.run(Thread.java:750)
Caused by: java.lang.IllegalStateException: retry cache entry should be pending: 22@client-8FAF9C1431C5:done
	at org.apache.ratis.util.Preconditions.assertTrue(Preconditions.java:60)
	at org.apache.ratis.server.impl.RaftServerImpl.replyPendingRequest(RaftServerImpl.java:1543)
	at org.apache.ratis.server.impl.RaftServerImpl.applyLogToStateMachine(RaftServerImpl.java:1594)
	... 3 more
2022-06-29 11:32:04,677 INFO  server.RaftServer$Division (RaftServerImpl.java:lambda$close$4(434)) - s0@group-54B4F2458EED: shutdown
2022-06-29 11:32:04,677 INFO  util.JmxRegister (JmxRegister.java:unregister(73)) - Successfully un-registered JMX Bean with object name Ratis:service=RaftServer,group=group-54B4F2458EED,id=s0
2022-06-29 11:32:04,677 INFO  impl.RoleInfo (RoleInfo.java:shutdownLeaderState(93)) - s0: shutdown s0@group-54B4F2458EED-LeaderStateImpl
2022-06-29 11:32:04,677 INFO  impl.PendingRequests (PendingRequests.java:sendNotLeaderResponses(282)) - s0@group-54B4F2458EED-PendingRequests: sendNotLeaderResponses
2022-06-29 11:32:04,678 INFO  server.GrpcServerProtocolService (GrpcServerProtocolService.java:onCompleted(140)) - s1: Completed APPEND_ENTRIES, lastRequest: s0->s1#1-t3,previous=(t:2, i:27),leaderCommit=24,initializing? true,entries: size=1, first=(t:3, i:28), CONFIGURATIONENTRY
2022-06-29 11:32:04,678 INFO  server.GrpcServerProtocolService (GrpcServerProtocolService.java:onCompleted(140)) - s2: Completed APPEND_ENTRIES, lastRequest: s0->s2#4-t3,previous=(t:3, i:30),leaderCommit=29,initializing? true,entries: size=1, first=(t:3, i:31), STATEMACHINELOGENTRY, 17@client-634DEF3DAC19
2022-06-29 11:32:04,679 INFO  server.GrpcLogAppender (GrpcLogAppender.java:onCompleted(340)) - s0@group-54B4F2458EED->s1-AppendLogResponseHandler: follower responses appendEntries COMPLETED
2022-06-29 11:32:04,679 INFO  leader.FollowerInfo (FollowerInfoImpl.java:lambda$new$0(48)) - s0@group-54B4F2458EED->s1: nextIndex: updateUnconditionally 29 -> 1
2022-06-29 11:32:04,679 INFO  server.GrpcLogAppender (GrpcLogAppender.java:onCompleted(340)) - s0@group-54B4F2458EED->s2-AppendLogResponseHandler: follower responses appendEntries COMPLETED
2022-06-29 11:32:04,680 INFO  leader.FollowerInfo (FollowerInfoImpl.java:lambda$new$0(48)) - s0@group-54B4F2458EED->s2: nextIndex: updateUnconditionally 32 -> 31
2022-06-29 11:32:04,701 WARN  server.RaftServer$Division (RaftServerImpl.java:lambda$close$4(458)) - s0@group-54B4F2458EED: Failed to close state
java.lang.NullPointerException
	at org.apache.ratis.server.impl.StateMachineUpdater.getStateMachineLastAppliedIndex(StateMachineUpdater.java:326)
	at org.apache.ratis.server.impl.ServerState.getLastAppliedIndex(ServerState.java:482)
	at org.apache.ratis.server.impl.ServerState.close(ServerState.java:433)
	at org.apache.ratis.server.impl.RaftServerImpl.lambda$close$4(RaftServerImpl.java:456)
	at org.apache.ratis.util.LifeCycle.lambda$checkStateAndClose$4(LifeCycle.java:299)
	at org.apache.ratis.util.LifeCycle.checkStateAndClose(LifeCycle.java:319)
	at org.apache.ratis.util.LifeCycle.checkStateAndClose(LifeCycle.java:297)
	at org.apache.ratis.server.impl.RaftServerImpl.close(RaftServerImpl.java:433)
	at org.apache.ratis.server.impl.StateMachineUpdater.run(StateMachineUpdater.java:195)
	at java.lang.Thread.run(Thread.java:750)
2022-06-29 11:32:04,956 INFO  impl.FollowerState (FollowerState.java:run(143)) - s2@group-54B4F2458EED-FollowerState: change to CANDIDATE, lastRpcElapsedTime:284423427ns, electionTimeout:184ms
2022-06-29 11:32:04,956 INFO  impl.RoleInfo (RoleInfo.java:shutdownFollowerState(110)) - s2: shutdown s2@group-54B4F2458EED-FollowerState
2022-06-29 11:32:04,956 INFO  server.RaftServer$Division (RaftServerImpl.java:setRole(299)) - s2@group-54B4F2458EED: changes role from  FOLLOWER to CANDIDATE at term 3 for changeToCandidate
2022-06-29 11:32:04,957 INFO  server.RaftServerConfigKeys (ConfUtils.java:logGet(46)) - raft.server.leaderelection.pre-vote = true (default)
2022-06-29 11:32:04,957 INFO  impl.RoleInfo (RoleInfo.java:updateAndGet(139)) - s2: start s2@group-54B4F2458EED-LeaderElection7
2022-06-29 11:32:04,961 INFO  server.RaftServer$Division (ServerState.java:setLeader(291)) - s2@group-54B4F2458EED: change Leader from s0 to null at term 3 for PRE_VOTE
2022-06-29 11:32:04,961 INFO  impl.LeaderElection (LeaderElection.java:askForVotes(310)) - s2@group-54B4F2458EED-LeaderElection7 PRE_VOTE round 0: submit vote requests at term 3 for 28: [s0|rpc:localhost:46515|admin:localhost:40757|client:localhost:41939|dataStream:localhost:35593|priority:0, s1|rpc:localhost:34095|admin:localhost:43151|client:localhost:36051|dataStream:localhost:38995|priority:0, s2|rpc:localhost:40453|admin:localhost:33947|client:localhost:38503|dataStream:localhost:42009|priority:0], old=null
2022-06-29 11:32:04,980 INFO  server.RaftServer$Division (RaftServerImpl.java:requestVote(1152)) - s0@group-54B4F2458EED: receive requestVote(PRE_VOTE, s2, group-54B4F2458EED, 3, (t:3, i:31))
2022-06-29 11:32:04,980 WARN  server.GrpcServerProtocolService (LogUtils.java:warn(122)) - s0: Failed requestVote s2->s0#0: org.apache.ratis.protocol.exceptions.ServerNotReadyException: s0@group-54B4F2458EED is not in [RUNNING]: current state is CLOSED
2022-06-29 11:32:04,984 INFO  impl.LeaderElection (LogUtils.java:infoOrTrace(137)) - s2@group-54B4F2458EED-LeaderElection7 got exception when requesting votes: java.util.concurrent.ExecutionException: org.apache.ratis.thirdparty.io.grpc.StatusRuntimeException: INTERNAL: s0@group-54B4F2458EED is not in [RUNNING]: current state is CLOSED
2022-06-29 11:32:05,003 INFO  server.RaftServer$Division (RaftServerImpl.java:requestVote(1152)) - s1@group-54B4F2458EED: receive requestVote(PRE_VOTE, s2, group-54B4F2458EED, 3, (t:3, i:31))
2022-06-29 11:32:05,003 WARN  server.GrpcServerProtocolService (LogUtils.java:warn(122)) - s1: Failed requestVote s2->s1#0: org.apache.ratis.protocol.exceptions.ServerNotReadyException: s1@group-54B4F2458EED is not in [RUNNING]: current state is CLOSED
2022-06-29 11:32:05,005 INFO  impl.LeaderElection (LogUtils.java:infoOrTrace(137)) - s2@group-54B4F2458EED-LeaderElection7 got exception when requesting votes: java.util.concurrent.ExecutionException: org.apache.ratis.thirdparty.io.grpc.StatusRuntimeException: INTERNAL: s1@group-54B4F2458EED is not in [RUNNING]: current state is CLOSED
2022-06-29 11:32:05,005 INFO  impl.LeaderElection (LeaderElection.java:logAndReturn(90)) - s2@group-54B4F2458EED-LeaderElection7: PRE_VOTE REJECTED received 0 response(s) and 2 exception(s):
2022-06-29 11:32:05,005 INFO  impl.LeaderElection (LogUtils.java:infoOrTrace(137)) -   Exception 0: java.util.concurrent.ExecutionException: org.apache.ratis.thirdparty.io.grpc.StatusRuntimeException: INTERNAL: s0@group-54B4F2458EED is not in [RUNNING]: current state is CLOSED
2022-06-29 11:32:05,005 INFO  impl.LeaderElection (LogUtils.java:infoOrTrace(137)) -   Exception 1: java.util.concurrent.ExecutionException: org.apache.ratis.thirdparty.io.grpc.StatusRuntimeException: INTERNAL: s1@group-54B4F2458EED is not in [RUNNING]: current state is CLOSED
2022-06-29 11:32:05,005 INFO  impl.LeaderElection (LeaderElection.java:askForVotes(312)) - s2@group-54B4F2458EED-LeaderElection7 PRE_VOTE round 0: result REJECTED
2022-06-29 11:32:05,005 INFO  server.RaftServer$Division (RaftServerImpl.java:setRole(299)) - s2@group-54B4F2458EED: changes role from CANDIDATE to FOLLOWER at term 3 for REJECTED
2022-06-29 11:32:05,005 INFO  impl.RoleInfo (RoleInfo.java:shutdownLeaderElection(130)) - s2: shutdown s2@group-54B4F2458EED-LeaderElection7
2022-06-29 11:32:05,006 INFO  impl.RoleInfo (RoleInfo.java:updateAndGet(139)) - s2: start s2@group-54B4F2458EED-FollowerState
2022-06-29 11:32:05,228 INFO  impl.FollowerState (FollowerState.java:run(143)) - s2@group-54B4F2458EED-FollowerState: change to CANDIDATE, lastRpcElapsedTime:222810455ns, electionTimeout:209ms
2022-06-29 11:32:05,228 INFO  impl.RoleInfo (RoleInfo.java:shutdownFollowerState(110)) - s2: shutdown s2@group-54B4F2458EED-FollowerState
2022-06-29 11:32:05,229 INFO  server.RaftServer$Division (RaftServerImpl.java:setRole(299)) - s2@group-54B4F2458EED: changes role from  FOLLOWER to CANDIDATE at term 3 for changeToCandidate
2022-06-29 11:32:05,231 INFO  server.RaftServerConfigKeys (ConfUtils.java:logGet(46)) - raft.server.leaderelection.pre-vote = true (default)
2022-06-29 11:32:05,232 INFO  impl.RoleInfo (RoleInfo.java:updateAndGet(139)) - s2: start s2@group-54B4F2458EED-LeaderElection8
2022-06-29 11:32:05,238 INFO  impl.LeaderElection (LeaderElection.java:askForVotes(310)) - s2@group-54B4F2458EED-LeaderElection8 PRE_VOTE round 0: submit vote requests at term 3 for 28: [s0|rpc:localhost:46515|admin:localhost:40757|client:localhost:41939|dataStream:localhost:35593|priority:0, s1|rpc:localhost:34095|admin:localhost:43151|client:localhost:36051|dataStream:localhost:38995|priority:0, s2|rpc:localhost:40453|admin:localhost:33947|client:localhost:38503|dataStream:localhost:42009|priority:0], old=null
2022-06-29 11:32:05,254 INFO  server.RaftServer$Division (RaftServerImpl.java:requestVote(1152)) - s1@group-54B4F2458EED: receive requestVote(PRE_VOTE, s2, group-54B4F2458EED, 3, (t:3, i:31))
2022-06-29 11:32:05,254 WARN  server.GrpcServerProtocolService (LogUtils.java:warn(122)) - s1: Failed requestVote s2->s1#0: org.apache.ratis.protocol.exceptions.ServerNotReadyException: s1@group-54B4F2458EED is not in [RUNNING]: current state is CLOSED
2022-06-29 11:32:05,262 INFO  impl.LeaderElection (LogUtils.java:infoOrTrace(137)) - s2@group-54B4F2458EED-LeaderElection8 got exception when requesting votes: java.util.concurrent.ExecutionException: org.apache.ratis.thirdparty.io.grpc.StatusRuntimeException: INTERNAL: s1@group-54B4F2458EED is not in [RUNNING]: current state is CLOSED
2022-06-29 11:32:05,266 INFO  server.RaftServer$Division (RaftServerImpl.java:requestVote(1152)) - s0@group-54B4F2458EED: receive requestVote(PRE_VOTE, s2, group-54B4F2458EED, 3, (t:3, i:31))
2022-06-29 11:32:05,266 WARN  server.GrpcServerProtocolService (LogUtils.java:warn(122)) - s0: Failed requestVote s2->s0#0: org.apache.ratis.protocol.exceptions.ServerNotReadyException: s0@group-54B4F2458EED is not in [RUNNING]: current state is CLOSED
2022-06-29 11:32:05,274 INFO  impl.LeaderElection (LogUtils.java:infoOrTrace(137)) - s2@group-54B4F2458EED-LeaderElection8 got exception when requesting votes: java.util.concurrent.ExecutionException: org.apache.ratis.thirdparty.io.grpc.StatusRuntimeException: INTERNAL: s0@group-54B4F2458EED is not in [RUNNING]: current state is CLOSED
2022-06-29 11:32:05,274 INFO  impl.LeaderElection (LeaderElection.java:logAndReturn(90)) - s2@group-54B4F2458EED-LeaderElection8: PRE_VOTE REJECTED received 0 response(s) and 2 exception(s):
2022-06-29 11:32:05,274 INFO  impl.LeaderElection (LogUtils.java:infoOrTrace(137)) -   Exception 0: java.util.concurrent.ExecutionException: org.apache.ratis.thirdparty.io.grpc.StatusRuntimeException: INTERNAL: s1@group-54B4F2458EED is not in [RUNNING]: current state is CLOSED
2022-06-29 11:32:05,274 INFO  impl.LeaderElection (LogUtils.java:infoOrTrace(137)) -   Exception 1: java.util.concurrent.ExecutionException: org.apache.ratis.thirdparty.io.grpc.StatusRuntimeException: INTERNAL: s0@group-54B4F2458EED is not in [RUNNING]: current state is CLOSED
2022-06-29 11:32:05,274 INFO  impl.LeaderElection (LeaderElection.java:askForVotes(312)) - s2@group-54B4F2458EED-LeaderElection8 PRE_VOTE round 0: result REJECTED
2022-06-29 11:32:05,274 INFO  server.RaftServer$Division (RaftServerImpl.java:setRole(299)) - s2@group-54B4F2458EED: changes role from CANDIDATE to FOLLOWER at term 3 for REJECTED
2022-06-29 11:32:05,274 INFO  impl.RoleInfo (RoleInfo.java:shutdownLeaderElection(130)) - s2: shutdown s2@group-54B4F2458EED-LeaderElection8
2022-06-29 11:32:05,275 INFO  impl.RoleInfo (RoleInfo.java:updateAndGet(139)) - s2: start s2@group-54B4F2458EED-FollowerState
2022-06-29 11:32:05,526 INFO  impl.FollowerState (FollowerState.java:run(143)) - s2@group-54B4F2458EED-FollowerState: change to CANDIDATE, lastRpcElapsedTime:251380398ns, electionTimeout:243ms
2022-06-29 11:32:05,526 INFO  impl.RoleInfo (RoleInfo.java:shutdownFollowerState(110)) - s2: shutdown s2@group-54B4F2458EED-FollowerState
2022-06-29 11:32:05,526 INFO  server.RaftServer$Division (RaftServerImpl.java:setRole(299)) - s2@group-54B4F2458EED: changes role from  FOLLOWER to CANDIDATE at term 3 for changeToCandidate
2022-06-29 11:32:05,526 INFO  server.RaftServerConfigKeys (ConfUtils.java:logGet(46)) - raft.server.leaderelection.pre-vote = true (default)
2022-06-29 11:32:05,526 INFO  impl.RoleInfo (RoleInfo.java:updateAndGet(139)) - s2: start s2@group-54B4F2458EED-LeaderElection9
2022-06-29 11:32:05,539 INFO  impl.LeaderElection (LeaderElection.java:askForVotes(310)) - s2@group-54B4F2458EED-LeaderElection9 PRE_VOTE round 0: submit vote requests at term 3 for 28: [s0|rpc:localhost:46515|admin:localhost:40757|client:localhost:41939|dataStream:localhost:35593|priority:0, s1|rpc:localhost:34095|admin:localhost:43151|client:localhost:36051|dataStream:localhost:38995|priority:0, s2|rpc:localhost:40453|admin:localhost:33947|client:localhost:38503|dataStream:localhost:42009|priority:0], old=null
2022-06-29 11:32:05,551 INFO  server.RaftServer$Division (RaftServerImpl.java:requestVote(1152)) - s1@group-54B4F2458EED: receive requestVote(PRE_VOTE, s2, group-54B4F2458EED, 3, (t:3, i:31))
2022-06-29 11:32:05,551 WARN  server.GrpcServerProtocolService (LogUtils.java:warn(122)) - s1: Failed requestVote s2->s1#0: org.apache.ratis.protocol.exceptions.ServerNotReadyException: s1@group-54B4F2458EED is not in [RUNNING]: current state is CLOSED
2022-06-29 11:32:05,552 INFO  impl.LeaderElection (LogUtils.java:infoOrTrace(137)) - s2@group-54B4F2458EED-LeaderElection9 got exception when requesting votes: java.util.concurrent.ExecutionException: org.apache.ratis.thirdparty.io.grpc.StatusRuntimeException: INTERNAL: s1@group-54B4F2458EED is not in [RUNNING]: current state is CLOSED
2022-06-29 11:32:05,570 INFO  server.RaftServer$Division (RaftServerImpl.java:requestVote(1152)) - s0@group-54B4F2458EED: receive requestVote(PRE_VOTE, s2, group-54B4F2458EED, 3, (t:3, i:31))
2022-06-29 11:32:05,570 WARN  server.GrpcServerProtocolService (LogUtils.java:warn(122)) - s0: Failed requestVote s2->s0#0: org.apache.ratis.protocol.exceptions.ServerNotReadyException: s0@group-54B4F2458EED is not in [RUNNING]: current state is CLOSED
2022-06-29 11:32:05,576 INFO  impl.LeaderElection (LogUtils.java:infoOrTrace(137)) - s2@group-54B4F2458EED-LeaderElection9 got exception when requesting votes: java.util.concurrent.ExecutionException: org.apache.ratis.thirdparty.io.grpc.StatusRuntimeException: INTERNAL: s0@group-54B4F2458EED is not in [RUNNING]: current state is CLOSED
2022-06-29 11:32:05,576 INFO  impl.LeaderElection (LeaderElection.java:logAndReturn(90)) - s2@group-54B4F2458EED-LeaderElection9: PRE_VOTE REJECTED received 0 response(s) and 2 exception(s):
2022-06-29 11:32:05,576 INFO  impl.LeaderElection (LogUtils.java:infoOrTrace(137)) -   Exception 0: java.util.concurrent.ExecutionException: org.apache.ratis.thirdparty.io.grpc.StatusRuntimeException: INTERNAL: s1@group-54B4F2458EED is not in [RUNNING]: current state is CLOSED
2022-06-29 11:32:05,576 INFO  impl.LeaderElection (LogUtils.java:infoOrTrace(137)) -   Exception 1: java.util.concurrent.ExecutionException: org.apache.ratis.thirdparty.io.grpc.StatusRuntimeException: INTERNAL: s0@group-54B4F2458EED is not in [RUNNING]: current state is CLOSED
2022-06-29 11:32:05,578 INFO  impl.LeaderElection (LeaderElection.java:askForVotes(312)) - s2@group-54B4F2458EED-LeaderElection9 PRE_VOTE round 0: result REJECTED
2022-06-29 11:32:05,578 INFO  server.RaftServer$Division (RaftServerImpl.java:setRole(299)) - s2@group-54B4F2458EED: changes role from CANDIDATE to FOLLOWER at term 3 for REJECTED
2022-06-29 11:32:05,578 INFO  impl.RoleInfo (RoleInfo.java:shutdownLeaderElection(130)) - s2: shutdown s2@group-54B4F2458EED-LeaderElection9
2022-06-29 11:32:05,578 INFO  impl.RoleInfo (RoleInfo.java:updateAndGet(139)) - s2: start s2@group-54B4F2458EED-FollowerState
2022-06-29 11:32:05,815 INFO  impl.FollowerState (FollowerState.java:run(143)) - s2@group-54B4F2458EED-FollowerState: change to CANDIDATE, lastRpcElapsedTime:237004876ns, electionTimeout:234ms
2022-06-29 11:32:05,816 INFO  impl.RoleInfo (RoleInfo.java:shutdownFollowerState(110)) - s2: shutdown s2@group-54B4F2458EED-FollowerState
2022-06-29 11:32:05,816 INFO  server.RaftServer$Division (RaftServerImpl.java:setRole(299)) - s2@group-54B4F2458EED: changes role from  FOLLOWER to CANDIDATE at term 3 for changeToCandidate
2022-06-29 11:32:05,816 INFO  server.RaftServerConfigKeys (ConfUtils.java:logGet(46)) - raft.server.leaderelection.pre-vote = true (default)
2022-06-29 11:32:05,816 INFO  impl.RoleInfo (RoleInfo.java:updateAndGet(139)) - s2: start s2@group-54B4F2458EED-LeaderElection10
2022-06-29 11:32:05,818 INFO  impl.LeaderElection (LeaderElection.java:askForVotes(310)) - s2@group-54B4F2458EED-LeaderElection10 PRE_VOTE round 0: submit vote requests at term 3 for 28: [s0|rpc:localhost:46515|admin:localhost:40757|client:localhost:41939|dataStream:localhost:35593|priority:0, s1|rpc:localhost:34095|admin:localhost:43151|client:localhost:36051|dataStream:localhost:38995|priority:0, s2|rpc:localhost:40453|admin:localhost:33947|client:localhost:38503|dataStream:localhost:42009|priority:0], old=null
2022-06-29 11:32:05,827 INFO  server.RaftServer$Division (RaftServerImpl.java:requestVote(1152)) - s0@group-54B4F2458EED: receive requestVote(PRE_VOTE, s2, group-54B4F2458EED, 3, (t:3, i:31))
2022-06-29 11:32:05,827 WARN  server.GrpcServerProtocolService (LogUtils.java:warn(122)) - s0: Failed requestVote s2->s0#0: org.apache.ratis.protocol.exceptions.ServerNotReadyException: s0@group-54B4F2458EED is not in [RUNNING]: current state is CLOSED
2022-06-29 11:32:05,829 INFO  server.RaftServer$Division (RaftServerImpl.java:requestVote(1152)) - s1@group-54B4F2458EED: receive requestVote(PRE_VOTE, s2, group-54B4F2458EED, 3, (t:3, i:31))
2022-06-29 11:32:05,833 WARN  server.GrpcServerProtocolService (LogUtils.java:warn(122)) - s1: Failed requestVote s2->s1#0: org.apache.ratis.protocol.exceptions.ServerNotReadyException: s1@group-54B4F2458EED is not in [RUNNING]: current state is CLOSED
2022-06-29 11:32:05,833 INFO  impl.LeaderElection (LogUtils.java:infoOrTrace(137)) - s2@group-54B4F2458EED-LeaderElection10 got exception when requesting votes: java.util.concurrent.ExecutionException: org.apache.ratis.thirdparty.io.grpc.StatusRuntimeException: INTERNAL: s0@group-54B4F2458EED is not in [RUNNING]: current state is CLOSED
2022-06-29 11:32:05,842 INFO  impl.LeaderElection (LogUtils.java:infoOrTrace(137)) - s2@group-54B4F2458EED-LeaderElection10 got exception when requesting votes: java.util.concurrent.ExecutionException: org.apache.ratis.thirdparty.io.grpc.StatusRuntimeException: INTERNAL: s1@group-54B4F2458EED is not in [RUNNING]: current state is CLOSED
2022-06-29 11:32:05,842 INFO  impl.LeaderElection (LeaderElection.java:logAndReturn(90)) - s2@group-54B4F2458EED-LeaderElection10: PRE_VOTE REJECTED received 0 response(s) and 2 exception(s):
2022-06-29 11:32:05,842 INFO  impl.LeaderElection (LogUtils.java:infoOrTrace(137)) -   Exception 0: java.util.concurrent.ExecutionException: org.apache.ratis.thirdparty.io.grpc.StatusRuntimeException: INTERNAL: s0@group-54B4F2458EED is not in [RUNNING]: current state is CLOSED
2022-06-29 11:32:05,842 INFO  impl.LeaderElection (LogUtils.java:infoOrTrace(137)) -   Exception 1: java.util.concurrent.ExecutionException: org.apache.ratis.thirdparty.io.grpc.StatusRuntimeException: INTERNAL: s1@group-54B4F2458EED is not in [RUNNING]: current state is CLOSED
2022-06-29 11:32:05,846 INFO  impl.LeaderElection (LeaderElection.java:askForVotes(312)) - s2@group-54B4F2458EED-LeaderElection10 PRE_VOTE round 0: result REJECTED
2022-06-29 11:32:05,846 INFO  server.RaftServer$Division (RaftServerImpl.java:setRole(299)) - s2@group-54B4F2458EED: changes role from CANDIDATE to FOLLOWER at term 3 for REJECTED
2022-06-29 11:32:05,846 INFO  impl.RoleInfo (RoleInfo.java:shutdownLeaderElection(130)) - s2: shutdown s2@group-54B4F2458EED-LeaderElection10
2022-06-29 11:32:05,846 INFO  impl.RoleInfo (RoleInfo.java:updateAndGet(139)) - s2: start s2@group-54B4F2458EED-FollowerState
2022-06-29 11:32:06,115 INFO  impl.FollowerState (FollowerState.java:run(143)) - s2@group-54B4F2458EED-FollowerState: change to CANDIDATE, lastRpcElapsedTime:269191969ns, electionTimeout:265ms
2022-06-29 11:32:06,116 INFO  impl.RoleInfo (RoleInfo.java:shutdownFollowerState(110)) - s2: shutdown s2@group-54B4F2458EED-FollowerState
2022-06-29 11:32:06,116 INFO  server.RaftServer$Division (RaftServerImpl.java:setRole(299)) - s2@group-54B4F2458EED: changes role from  FOLLOWER to CANDIDATE at term 3 for changeToCandidate
2022-06-29 11:32:06,118 INFO  server.RaftServerConfigKeys (ConfUtils.java:logGet(46)) - raft.server.leaderelection.pre-vote = true (default)
2022-06-29 11:32:06,118 INFO  impl.RoleInfo (RoleInfo.java:updateAndGet(139)) - s2: start s2@group-54B4F2458EED-LeaderElection11
2022-06-29 11:32:06,123 INFO  impl.LeaderElection (LeaderElection.java:askForVotes(310)) - s2@group-54B4F2458EED-LeaderElection11 PRE_VOTE round 0: submit vote requests at term 3 for 28: [s0|rpc:localhost:46515|admin:localhost:40757|client:localhost:41939|dataStream:localhost:35593|priority:0, s1|rpc:localhost:34095|admin:localhost:43151|client:localhost:36051|dataStream:localhost:38995|priority:0, s2|rpc:localhost:40453|admin:localhost:33947|client:localhost:38503|dataStream:localhost:42009|priority:0], old=null
2022-06-29 11:32:06,144 INFO  server.RaftServer$Division (RaftServerImpl.java:requestVote(1152)) - s0@group-54B4F2458EED: receive requestVote(PRE_VOTE, s2, group-54B4F2458EED, 3, (t:3, i:31))
2022-06-29 11:32:06,144 WARN  server.GrpcServerProtocolService (LogUtils.java:warn(122)) - s0: Failed requestVote s2->s0#0: org.apache.ratis.protocol.exceptions.ServerNotReadyException: s0@group-54B4F2458EED is not in [RUNNING]: current state is CLOSED
2022-06-29 11:32:06,146 INFO  server.RaftServer$Division (RaftServerImpl.java:requestVote(1152)) - s1@group-54B4F2458EED: receive requestVote(PRE_VOTE, s2, group-54B4F2458EED, 3, (t:3, i:31))
2022-06-29 11:32:06,146 WARN  server.GrpcServerProtocolService (LogUtils.java:warn(122)) - s1: Failed requestVote s2->s1#0: org.apache.ratis.protocol.exceptions.ServerNotReadyException: s1@group-54B4F2458EED is not in [RUNNING]: current state is CLOSED
2022-06-29 11:32:06,154 INFO  impl.LeaderElection (LogUtils.java:infoOrTrace(137)) - s2@group-54B4F2458EED-LeaderElection11 got exception when requesting votes: java.util.concurrent.ExecutionException: org.apache.ratis.thirdparty.io.grpc.StatusRuntimeException: INTERNAL: s0@group-54B4F2458EED is not in [RUNNING]: current state is CLOSED
2022-06-29 11:32:06,161 INFO  impl.LeaderElection (LogUtils.java:infoOrTrace(137)) - s2@group-54B4F2458EED-LeaderElection11 got exception when requesting votes: java.util.concurrent.ExecutionException: org.apache.ratis.thirdparty.io.grpc.StatusRuntimeException: INTERNAL: s1@group-54B4F2458EED is not in [RUNNING]: current state is CLOSED
2022-06-29 11:32:06,161 INFO  impl.LeaderElection (LeaderElection.java:logAndReturn(90)) - s2@group-54B4F2458EED-LeaderElection11: PRE_VOTE REJECTED received 0 response(s) and 2 exception(s):
2022-06-29 11:32:06,161 INFO  impl.LeaderElection (LogUtils.java:infoOrTrace(137)) -   Exception 0: java.util.concurrent.ExecutionException: org.apache.ratis.thirdparty.io.grpc.StatusRuntimeException: INTERNAL: s0@group-54B4F2458EED is not in [RUNNING]: current state is CLOSED
2022-06-29 11:32:06,161 INFO  impl.LeaderElection (LogUtils.java:infoOrTrace(137)) -   Exception 1: java.util.concurrent.ExecutionException: org.apache.ratis.thirdparty.io.grpc.StatusRuntimeException: INTERNAL: s1@group-54B4F2458EED is not in [RUNNING]: current state is CLOSED
2022-06-29 11:32:06,161 INFO  impl.LeaderElection (LeaderElection.java:askForVotes(312)) - s2@group-54B4F2458EED-LeaderElection11 PRE_VOTE round 0: result REJECTED
2022-06-29 11:32:06,162 INFO  server.RaftServer$Division (RaftServerImpl.java:setRole(299)) - s2@group-54B4F2458EED: changes role from CANDIDATE to FOLLOWER at term 3 for REJECTED
2022-06-29 11:32:06,162 INFO  impl.RoleInfo (RoleInfo.java:shutdownLeaderElection(130)) - s2: shutdown s2@group-54B4F2458EED-LeaderElection11
2022-06-29 11:32:06,162 INFO  impl.RoleInfo (RoleInfo.java:updateAndGet(139)) - s2: start s2@group-54B4F2458EED-FollowerState
2022-06-29 11:32:06,316 INFO  impl.FollowerState (FollowerState.java:run(143)) - s2@group-54B4F2458EED-FollowerState: change to CANDIDATE, lastRpcElapsedTime:154847393ns, electionTimeout:152ms
2022-06-29 11:32:06,317 INFO  impl.RoleInfo (RoleInfo.java:shutdownFollowerState(110)) - s2: shutdown s2@group-54B4F2458EED-FollowerState
2022-06-29 11:32:06,317 INFO  server.RaftServer$Division (RaftServerImpl.java:setRole(299)) - s2@group-54B4F2458EED: changes role from  FOLLOWER to CANDIDATE at term 3 for changeToCandidate
2022-06-29 11:32:06,322 INFO  server.RaftServerConfigKeys (ConfUtils.java:logGet(46)) - raft.server.leaderelection.pre-vote = true (default)
2022-06-29 11:32:06,322 INFO  impl.RoleInfo (RoleInfo.java:updateAndGet(139)) - s2: start s2@group-54B4F2458EED-LeaderElection12
2022-06-29 11:32:06,326 INFO  impl.LeaderElection (LeaderElection.java:askForVotes(310)) - s2@group-54B4F2458EED-LeaderElection12 PRE_VOTE round 0: submit vote requests at term 3 for 28: [s0|rpc:localhost:46515|admin:localhost:40757|client:localhost:41939|dataStream:localhost:35593|priority:0, s1|rpc:localhost:34095|admin:localhost:43151|client:localhost:36051|dataStream:localhost:38995|priority:0, s2|rpc:localhost:40453|admin:localhost:33947|client:localhost:38503|dataStream:localhost:42009|priority:0], old=null
2022-06-29 11:32:06,339 INFO  server.RaftServer$Division (RaftServerImpl.java:requestVote(1152)) - s0@group-54B4F2458EED: receive requestVote(PRE_VOTE, s2, group-54B4F2458EED, 3, (t:3, i:31))
2022-06-29 11:32:06,339 WARN  server.GrpcServerProtocolService (LogUtils.java:warn(122)) - s0: Failed requestVote s2->s0#0: org.apache.ratis.protocol.exceptions.ServerNotReadyException: s0@group-54B4F2458EED is not in [RUNNING]: current state is CLOSED
2022-06-29 11:32:06,344 INFO  server.RaftServer$Division (RaftServerImpl.java:requestVote(1152)) - s1@group-54B4F2458EED: receive requestVote(PRE_VOTE, s2, group-54B4F2458EED, 3, (t:3, i:31))
2022-06-29 11:32:06,344 WARN  server.GrpcServerProtocolService (LogUtils.java:warn(122)) - s1: Failed requestVote s2->s1#0: org.apache.ratis.protocol.exceptions.ServerNotReadyException: s1@group-54B4F2458EED is not in [RUNNING]: current state is CLOSED
2022-06-29 11:32:06,358 INFO  impl.LeaderElection (LogUtils.java:infoOrTrace(137)) - s2@group-54B4F2458EED-LeaderElection12 got exception when requesting votes: java.util.concurrent.ExecutionException: org.apache.ratis.thirdparty.io.grpc.StatusRuntimeException: INTERNAL: s0@group-54B4F2458EED is not in [RUNNING]: current state is CLOSED
2022-06-29 11:32:06,359 INFO  impl.LeaderElection (LogUtils.java:infoOrTrace(137)) - s2@group-54B4F2458EED-LeaderElection12 got exception when requesting votes: java.util.concurrent.ExecutionException: org.apache.ratis.thirdparty.io.grpc.StatusRuntimeException: INTERNAL: s1@group-54B4F2458EED is not in [RUNNING]: current state is CLOSED
2022-06-29 11:32:06,359 INFO  impl.LeaderElection (LeaderElection.java:logAndReturn(90)) - s2@group-54B4F2458EED-LeaderElection12: PRE_VOTE REJECTED received 0 response(s) and 2 exception(s):
2022-06-29 11:32:06,359 INFO  impl.LeaderElection (LogUtils.java:infoOrTrace(137)) -   Exception 0: java.util.concurrent.ExecutionException: org.apache.ratis.thirdparty.io.grpc.StatusRuntimeException: INTERNAL: s0@group-54B4F2458EED is not in [RUNNING]: current state is CLOSED
2022-06-29 11:32:06,359 INFO  impl.LeaderElection (LogUtils.java:infoOrTrace(137)) -   Exception 1: java.util.concurrent.ExecutionException: org.apache.ratis.thirdparty.io.grpc.StatusRuntimeException: INTERNAL: s1@group-54B4F2458EED is not in [RUNNING]: current state is CLOSED
2022-06-29 11:32:06,359 INFO  impl.LeaderElection (LeaderElection.java:askForVotes(312)) - s2@group-54B4F2458EED-LeaderElection12 PRE_VOTE round 0: result REJECTED
2022-06-29 11:32:06,359 INFO  server.RaftServer$Division (RaftServerImpl.java:setRole(299)) - s2@group-54B4F2458EED: changes role from CANDIDATE to FOLLOWER at term 3 for REJECTED
2022-06-29 11:32:06,359 INFO  impl.RoleInfo (RoleInfo.java:shutdownLeaderElection(130)) - s2: shutdown s2@group-54B4F2458EED-LeaderElection12
2022-06-29 11:32:06,359 INFO  impl.RoleInfo (RoleInfo.java:updateAndGet(139)) - s2: start s2@group-54B4F2458EED-FollowerState
2022-06-29 11:32:06,601 INFO  impl.FollowerState (FollowerState.java:run(143)) - s2@group-54B4F2458EED-FollowerState: change to CANDIDATE, lastRpcElapsedTime:241511733ns, electionTimeout:237ms
2022-06-29 11:32:06,601 INFO  impl.RoleInfo (RoleInfo.java:shutdownFollowerState(110)) - s2: shutdown s2@group-54B4F2458EED-FollowerState
2022-06-29 11:32:06,601 INFO  server.RaftServer$Division (RaftServerImpl.java:setRole(299)) - s2@group-54B4F2458EED: changes role from  FOLLOWER to CANDIDATE at term 3 for changeToCandidate
2022-06-29 11:32:06,601 INFO  server.RaftServerConfigKeys (ConfUtils.java:logGet(46)) - raft.server.leaderelection.pre-vote = true (default)
2022-06-29 11:32:06,601 INFO  impl.RoleInfo (RoleInfo.java:updateAndGet(139)) - s2: start s2@group-54B4F2458EED-LeaderElection13
2022-06-29 11:32:06,608 INFO  impl.LeaderElection (LeaderElection.java:askForVotes(310)) - s2@group-54B4F2458EED-LeaderElection13 PRE_VOTE round 0: submit vote requests at term 3 for 28: [s0|rpc:localhost:46515|admin:localhost:40757|client:localhost:41939|dataStream:localhost:35593|priority:0, s1|rpc:localhost:34095|admin:localhost:43151|client:localhost:36051|dataStream:localhost:38995|priority:0, s2|rpc:localhost:40453|admin:localhost:33947|client:localhost:38503|dataStream:localhost:42009|priority:0], old=null
2022-06-29 11:32:06,624 INFO  server.RaftServer$Division (RaftServerImpl.java:requestVote(1152)) - s1@group-54B4F2458EED: receive requestVote(PRE_VOTE, s2, group-54B4F2458EED, 3, (t:3, i:31))
2022-06-29 11:32:06,624 WARN  server.GrpcServerProtocolService (LogUtils.java:warn(122)) - s1: Failed requestVote s2->s1#0: org.apache.ratis.protocol.exceptions.ServerNotReadyException: s1@group-54B4F2458EED is not in [RUNNING]: current state is CLOSED
2022-06-29 11:32:06,625 INFO  server.RaftServer$Division (RaftServerImpl.java:requestVote(1152)) - s0@group-54B4F2458EED: receive requestVote(PRE_VOTE, s2, group-54B4F2458EED, 3, (t:3, i:31))
2022-06-29 11:32:06,625 WARN  server.GrpcServerProtocolService (LogUtils.java:warn(122)) - s0: Failed requestVote s2->s0#0: org.apache.ratis.protocol.exceptions.ServerNotReadyException: s0@group-54B4F2458EED is not in [RUNNING]: current state is CLOSED
2022-06-29 11:32:06,627 INFO  impl.LeaderElection (LogUtils.java:infoOrTrace(137)) - s2@group-54B4F2458EED-LeaderElection13 got exception when requesting votes: java.util.concurrent.ExecutionException: org.apache.ratis.thirdparty.io.grpc.StatusRuntimeException: INTERNAL: s1@group-54B4F2458EED is not in [RUNNING]: current state is CLOSED
2022-06-29 11:32:06,633 INFO  impl.LeaderElection (LogUtils.java:infoOrTrace(137)) - s2@group-54B4F2458EED-LeaderElection13 got exception when requesting votes: java.util.concurrent.ExecutionException: org.apache.ratis.thirdparty.io.grpc.StatusRuntimeException: INTERNAL: s0@group-54B4F2458EED is not in [RUNNING]: current state is CLOSED
2022-06-29 11:32:06,633 INFO  impl.LeaderElection (LeaderElection.java:logAndReturn(90)) - s2@group-54B4F2458EED-LeaderElection13: PRE_VOTE REJECTED received 0 response(s) and 2 exception(s):
2022-06-29 11:32:06,633 INFO  impl.LeaderElection (LogUtils.java:infoOrTrace(137)) -   Exception 0: java.util.concurrent.ExecutionException: org.apache.ratis.thirdparty.io.grpc.StatusRuntimeException: INTERNAL: s1@group-54B4F2458EED is not in [RUNNING]: current state is CLOSED
2022-06-29 11:32:06,633 INFO  impl.LeaderElection (LogUtils.java:infoOrTrace(137)) -   Exception 1: java.util.concurrent.ExecutionException: org.apache.ratis.thirdparty.io.grpc.StatusRuntimeException: INTERNAL: s0@group-54B4F2458EED is not in [RUNNING]: current state is CLOSED
2022-06-29 11:32:06,633 INFO  impl.LeaderElection (LeaderElection.java:askForVotes(312)) - s2@group-54B4F2458EED-LeaderElection13 PRE_VOTE round 0: result REJECTED
2022-06-29 11:32:06,633 INFO  server.RaftServer$Division (RaftServerImpl.java:setRole(299)) - s2@group-54B4F2458EED: changes role from CANDIDATE to FOLLOWER at term 3 for REJECTED
2022-06-29 11:32:06,633 INFO  impl.RoleInfo (RoleInfo.java:shutdownLeaderElection(130)) - s2: shutdown s2@group-54B4F2458EED-LeaderElection13
2022-06-29 11:32:06,633 INFO  impl.RoleInfo (RoleInfo.java:updateAndGet(139)) - s2: start s2@group-54B4F2458EED-FollowerState
2022-06-29 11:32:06,905 INFO  impl.FollowerState (FollowerState.java:run(143)) - s2@group-54B4F2458EED-FollowerState: change to CANDIDATE, lastRpcElapsedTime:271885801ns, electionTimeout:264ms
2022-06-29 11:32:06,905 INFO  impl.RoleInfo (RoleInfo.java:shutdownFollowerState(110)) - s2: shutdown s2@group-54B4F2458EED-FollowerState
2022-06-29 11:32:06,905 INFO  server.RaftServer$Division (RaftServerImpl.java:setRole(299)) - s2@group-54B4F2458EED: changes role from  FOLLOWER to CANDIDATE at term 3 for changeToCandidate
2022-06-29 11:32:06,912 INFO  server.RaftServerConfigKeys (ConfUtils.java:logGet(46)) - raft.server.leaderelection.pre-vote = true (default)
2022-06-29 11:32:06,912 INFO  impl.RoleInfo (RoleInfo.java:updateAndGet(139)) - s2: start s2@group-54B4F2458EED-LeaderElection14
2022-06-29 11:32:06,922 INFO  impl.LeaderElection (LeaderElection.java:askForVotes(310)) - s2@group-54B4F2458EED-LeaderElection14 PRE_VOTE round 0: submit vote requests at term 3 for 28: [s0|rpc:localhost:46515|admin:localhost:40757|client:localhost:41939|dataStream:localhost:35593|priority:0, s1|rpc:localhost:34095|admin:localhost:43151|client:localhost:36051|dataStream:localhost:38995|priority:0, s2|rpc:localhost:40453|admin:localhost:33947|client:localhost:38503|dataStream:localhost:42009|priority:0], old=null
2022-06-29 11:32:06,929 INFO  server.RaftServer$Division (RaftServerImpl.java:requestVote(1152)) - s0@group-54B4F2458EED: receive requestVote(PRE_VOTE, s2, group-54B4F2458EED, 3, (t:3, i:31))
2022-06-29 11:32:06,929 INFO  server.RaftServer$Division (RaftServerImpl.java:requestVote(1152)) - s1@group-54B4F2458EED: receive requestVote(PRE_VOTE, s2, group-54B4F2458EED, 3, (t:3, i:31))
2022-06-29 11:32:06,945 WARN  server.GrpcServerProtocolService (LogUtils.java:warn(122)) - s1: Failed requestVote s2->s1#0: org.apache.ratis.protocol.exceptions.ServerNotReadyException: s1@group-54B4F2458EED is not in [RUNNING]: current state is CLOSED
2022-06-29 11:32:06,929 WARN  server.GrpcServerProtocolService (LogUtils.java:warn(122)) - s0: Failed requestVote s2->s0#0: org.apache.ratis.protocol.exceptions.ServerNotReadyException: s0@group-54B4F2458EED is not in [RUNNING]: current state is CLOSED
2022-06-29 11:32:06,946 INFO  impl.LeaderElection (LogUtils.java:infoOrTrace(137)) - s2@group-54B4F2458EED-LeaderElection14 got exception when requesting votes: java.util.concurrent.ExecutionException: org.apache.ratis.thirdparty.io.grpc.StatusRuntimeException: INTERNAL: s1@group-54B4F2458EED is not in [RUNNING]: current state is CLOSED
2022-06-29 11:32:07,003 INFO  impl.LeaderElection (LogUtils.java:infoOrTrace(137)) - s2@group-54B4F2458EED-LeaderElection14 got exception when requesting votes: java.util.concurrent.ExecutionException: org.apache.ratis.thirdparty.io.grpc.StatusRuntimeException: INTERNAL: s0@group-54B4F2458EED is not in [RUNNING]: current state is CLOSED
2022-06-29 11:32:07,004 INFO  impl.LeaderElection (LeaderElection.java:logAndReturn(90)) - s2@group-54B4F2458EED-LeaderElection14: PRE_VOTE REJECTED received 0 response(s) and 2 exception(s):
2022-06-29 11:32:07,004 INFO  impl.LeaderElection (LogUtils.java:infoOrTrace(137)) -   Exception 0: java.util.concurrent.ExecutionException: org.apache.ratis.thirdparty.io.grpc.StatusRuntimeException: INTERNAL: s1@group-54B4F2458EED is not in [RUNNING]: current state is CLOSED
2022-06-29 11:32:07,005 INFO  impl.LeaderElection (LogUtils.java:infoOrTrace(137)) -   Exception 1: java.util.concurrent.ExecutionException: org.apache.ratis.thirdparty.io.grpc.StatusRuntimeException: INTERNAL: s0@group-54B4F2458EED is not in [RUNNING]: current state is CLOSED
2022-06-29 11:32:07,006 INFO  impl.LeaderElection (LeaderElection.java:askForVotes(312)) - s2@group-54B4F2458EED-LeaderElection14 PRE_VOTE round 0: result REJECTED
2022-06-29 11:32:07,008 INFO  server.RaftServer$Division (RaftServerImpl.java:setRole(299)) - s2@group-54B4F2458EED: changes role from CANDIDATE to FOLLOWER at term 3 for REJECTED
2022-06-29 11:32:07,008 INFO  impl.RoleInfo (RoleInfo.java:shutdownLeaderElection(130)) - s2: shutdown s2@group-54B4F2458EED-LeaderElection14
2022-06-29 11:32:07,009 INFO  impl.RoleInfo (RoleInfo.java:updateAndGet(139)) - s2: start s2@group-54B4F2458EED-FollowerState
2022-06-29 11:32:07,211 INFO  impl.FollowerState (FollowerState.java:run(143)) - s2@group-54B4F2458EED-FollowerState: change to CANDIDATE, lastRpcElapsedTime:202033211ns, electionTimeout:189ms
2022-06-29 11:32:07,211 INFO  impl.RoleInfo (RoleInfo.java:shutdownFollowerState(110)) - s2: shutdown s2@group-54B4F2458EED-FollowerState
2022-06-29 11:32:07,211 INFO  server.RaftServer$Division (RaftServerImpl.java:setRole(299)) - s2@group-54B4F2458EED: changes role from  FOLLOWER to CANDIDATE at term 3 for changeToCandidate
2022-06-29 11:32:07,213 INFO  server.RaftServerConfigKeys (ConfUtils.java:logGet(46)) - raft.server.leaderelection.pre-vote = true (default)
2022-06-29 11:32:07,213 INFO  impl.RoleInfo (RoleInfo.java:updateAndGet(139)) - s2: start s2@group-54B4F2458EED-LeaderElection15
2022-06-29 11:32:07,222 INFO  impl.LeaderElection (LeaderElection.java:askForVotes(310)) - s2@group-54B4F2458EED-LeaderElection15 PRE_VOTE round 0: submit vote requests at term 3 for 28: [s0|rpc:localhost:46515|admin:localhost:40757|client:localhost:41939|dataStream:localhost:35593|priority:0, s1|rpc:localhost:34095|admin:localhost:43151|client:localhost:36051|dataStream:localhost:38995|priority:0, s2|rpc:localhost:40453|admin:localhost:33947|client:localhost:38503|dataStream:localhost:42009|priority:0], old=null
2022-06-29 11:32:07,242 INFO  server.RaftServer$Division (RaftServerImpl.java:requestVote(1152)) - s0@group-54B4F2458EED: receive requestVote(PRE_VOTE, s2, group-54B4F2458EED, 3, (t:3, i:31))
2022-06-29 11:32:07,242 WARN  server.GrpcServerProtocolService (LogUtils.java:warn(122)) - s0: Failed requestVote s2->s0#0: org.apache.ratis.protocol.exceptions.ServerNotReadyException: s0@group-54B4F2458EED is not in [RUNNING]: current state is CLOSED
2022-06-29 11:32:07,243 INFO  impl.LeaderElection (LogUtils.java:infoOrTrace(137)) - s2@group-54B4F2458EED-LeaderElection15 got exception when requesting votes: java.util.concurrent.ExecutionException: org.apache.ratis.thirdparty.io.grpc.StatusRuntimeException: INTERNAL: s0@group-54B4F2458EED is not in [RUNNING]: current state is CLOSED
2022-06-29 11:32:07,243 INFO  server.RaftServer$Division (RaftServerImpl.java:requestVote(1152)) - s1@group-54B4F2458EED: receive requestVote(PRE_VOTE, s2, group-54B4F2458EED, 3, (t:3, i:31))
2022-06-29 11:32:07,246 WARN  server.GrpcServerProtocolService (LogUtils.java:warn(122)) - s1: Failed requestVote s2->s1#0: org.apache.ratis.protocol.exceptions.ServerNotReadyException: s1@group-54B4F2458EED is not in [RUNNING]: current state is CLOSED
2022-06-29 11:32:07,247 INFO  impl.LeaderElection (LogUtils.java:infoOrTrace(137)) - s2@group-54B4F2458EED-LeaderElection15 got exception when requesting votes: java.util.concurrent.ExecutionException: org.apache.ratis.thirdparty.io.grpc.StatusRuntimeException: INTERNAL: s1@group-54B4F2458EED is not in [RUNNING]: current state is CLOSED
2022-06-29 11:32:07,247 INFO  impl.LeaderElection (LeaderElection.java:logAndReturn(90)) - s2@group-54B4F2458EED-LeaderElection15: PRE_VOTE REJECTED received 0 response(s) and 2 exception(s):
2022-06-29 11:32:07,247 INFO  impl.LeaderElection (LogUtils.java:infoOrTrace(137)) -   Exception 0: java.util.concurrent.ExecutionException: org.apache.ratis.thirdparty.io.grpc.StatusRuntimeException: INTERNAL: s0@group-54B4F2458EED is not in [RUNNING]: current state is CLOSED
2022-06-29 11:32:07,247 INFO  impl.LeaderElection (LogUtils.java:infoOrTrace(137)) -   Exception 1: java.util.concurrent.ExecutionException: org.apache.ratis.thirdparty.io.grpc.StatusRuntimeException: INTERNAL: s1@group-54B4F2458EED is not in [RUNNING]: current state is CLOSED
2022-06-29 11:32:07,247 INFO  impl.LeaderElection (LeaderElection.java:askForVotes(312)) - s2@group-54B4F2458EED-LeaderElection15 PRE_VOTE round 0: result REJECTED
2022-06-29 11:32:07,247 INFO  server.RaftServer$Division (RaftServerImpl.java:setRole(299)) - s2@group-54B4F2458EED: changes role from CANDIDATE to FOLLOWER at term 3 for REJECTED
2022-06-29 11:32:07,247 INFO  impl.RoleInfo (RoleInfo.java:shutdownLeaderElection(130)) - s2: shutdown s2@group-54B4F2458EED-LeaderElection15
2022-06-29 11:32:07,247 INFO  impl.RoleInfo (RoleInfo.java:updateAndGet(139)) - s2: start s2@group-54B4F2458EED-FollowerState
2022-06-29 11:32:07,543 INFO  impl.FollowerState (FollowerState.java:run(143)) - s2@group-54B4F2458EED-FollowerState: change to CANDIDATE, lastRpcElapsedTime:296262162ns, electionTimeout:294ms
2022-06-29 11:32:07,543 INFO  impl.RoleInfo (RoleInfo.java:shutdownFollowerState(110)) - s2: shutdown s2@group-54B4F2458EED-FollowerState
2022-06-29 11:32:07,544 INFO  server.RaftServer$Division (RaftServerImpl.java:setRole(299)) - s2@group-54B4F2458EED: changes role from  FOLLOWER to CANDIDATE at term 3 for changeToCandidate
2022-06-29 11:32:07,544 INFO  server.RaftServerConfigKeys (ConfUtils.java:logGet(46)) - raft.server.leaderelection.pre-vote = true (default)
2022-06-29 11:32:07,544 INFO  impl.RoleInfo (RoleInfo.java:updateAndGet(139)) - s2: start s2@group-54B4F2458EED-LeaderElection16
2022-06-29 11:32:07,548 INFO  impl.LeaderElection (LeaderElection.java:askForVotes(310)) - s2@group-54B4F2458EED-LeaderElection16 PRE_VOTE round 0: submit vote requests at term 3 for 28: [s0|rpc:localhost:46515|admin:localhost:40757|client:localhost:41939|dataStream:localhost:35593|priority:0, s1|rpc:localhost:34095|admin:localhost:43151|client:localhost:36051|dataStream:localhost:38995|priority:0, s2|rpc:localhost:40453|admin:localhost:33947|client:localhost:38503|dataStream:localhost:42009|priority:0], old=null
2022-06-29 11:32:07,565 INFO  server.RaftServer$Division (RaftServerImpl.java:requestVote(1152)) - s0@group-54B4F2458EED: receive requestVote(PRE_VOTE, s2, group-54B4F2458EED, 3, (t:3, i:31))
2022-06-29 11:32:07,565 WARN  server.GrpcServerProtocolService (LogUtils.java:warn(122)) - s0: Failed requestVote s2->s0#0: org.apache.ratis.protocol.exceptions.ServerNotReadyException: s0@group-54B4F2458EED is not in [RUNNING]: current state is CLOSED
2022-06-29 11:32:07,569 INFO  server.RaftServer$Division (RaftServerImpl.java:requestVote(1152)) - s1@group-54B4F2458EED: receive requestVote(PRE_VOTE, s2, group-54B4F2458EED, 3, (t:3, i:31))
2022-06-29 11:32:07,569 WARN  server.GrpcServerProtocolService (LogUtils.java:warn(122)) - s1: Failed requestVote s2->s1#0: org.apache.ratis.protocol.exceptions.ServerNotReadyException: s1@group-54B4F2458EED is not in [RUNNING]: current state is CLOSED
2022-06-29 11:32:07,579 INFO  impl.LeaderElection (LogUtils.java:infoOrTrace(137)) - s2@group-54B4F2458EED-LeaderElection16 got exception when requesting votes: java.util.concurrent.ExecutionException: org.apache.ratis.thirdparty.io.grpc.StatusRuntimeException: INTERNAL: s0@group-54B4F2458EED is not in [RUNNING]: current state is CLOSED
2022-06-29 11:32:07,584 INFO  impl.LeaderElection (LogUtils.java:infoOrTrace(137)) - s2@group-54B4F2458EED-LeaderElection16 got exception when requesting votes: java.util.concurrent.ExecutionException: org.apache.ratis.thirdparty.io.grpc.StatusRuntimeException: INTERNAL: s1@group-54B4F2458EED is not in [RUNNING]: current state is CLOSED
2022-06-29 11:32:07,584 INFO  impl.LeaderElection (LeaderElection.java:logAndReturn(90)) - s2@group-54B4F2458EED-LeaderElection16: PRE_VOTE REJECTED received 0 response(s) and 2 exception(s):
2022-06-29 11:32:07,584 INFO  impl.LeaderElection (LogUtils.java:infoOrTrace(137)) -   Exception 0: java.util.concurrent.ExecutionException: org.apache.ratis.thirdparty.io.grpc.StatusRuntimeException: INTERNAL: s0@group-54B4F2458EED is not in [RUNNING]: current state is CLOSED
2022-06-29 11:32:07,584 INFO  impl.LeaderElection (LogUtils.java:infoOrTrace(137)) -   Exception 1: java.util.concurrent.ExecutionException: org.apache.ratis.thirdparty.io.grpc.StatusRuntimeException: INTERNAL: s1@group-54B4F2458EED is not in [RUNNING]: current state is CLOSED
2022-06-29 11:32:07,584 INFO  impl.LeaderElection (LeaderElection.java:askForVotes(312)) - s2@group-54B4F2458EED-LeaderElection16 PRE_VOTE round 0: result REJECTED
2022-06-29 11:32:07,584 INFO  server.RaftServer$Division (RaftServerImpl.java:setRole(299)) - s2@group-54B4F2458EED: changes role from CANDIDATE to FOLLOWER at term 3 for REJECTED
2022-06-29 11:32:07,584 INFO  impl.RoleInfo (RoleInfo.java:shutdownLeaderElection(130)) - s2: shutdown s2@group-54B4F2458EED-LeaderElection16
2022-06-29 11:32:07,584 INFO  impl.RoleInfo (RoleInfo.java:updateAndGet(139)) - s2: start s2@group-54B4F2458EED-FollowerState
2022-06-29 11:32:07,825 INFO  impl.FollowerState (FollowerState.java:run(143)) - s2@group-54B4F2458EED-FollowerState: change to CANDIDATE, lastRpcElapsedTime:241523719ns, electionTimeout:241ms
2022-06-29 11:32:07,825 INFO  impl.RoleInfo (RoleInfo.java:shutdownFollowerState(110)) - s2: shutdown s2@group-54B4F2458EED-FollowerState
2022-06-29 11:32:07,826 INFO  server.RaftServer$Division (RaftServerImpl.java:setRole(299)) - s2@group-54B4F2458EED: changes role from  FOLLOWER to CANDIDATE at term 3 for changeToCandidate
2022-06-29 11:32:07,826 INFO  server.RaftServerConfigKeys (ConfUtils.java:logGet(46)) - raft.server.leaderelection.pre-vote = true (default)
2022-06-29 11:32:07,826 INFO  impl.RoleInfo (RoleInfo.java:updateAndGet(139)) - s2: start s2@group-54B4F2458EED-LeaderElection17
2022-06-29 11:32:07,832 INFO  impl.LeaderElection (LeaderElection.java:askForVotes(310)) - s2@group-54B4F2458EED-LeaderElection17 PRE_VOTE round 0: submit vote requests at term 3 for 28: [s0|rpc:localhost:46515|admin:localhost:40757|client:localhost:41939|dataStream:localhost:35593|priority:0, s1|rpc:localhost:34095|admin:localhost:43151|client:localhost:36051|dataStream:localhost:38995|priority:0, s2|rpc:localhost:40453|admin:localhost:33947|client:localhost:38503|dataStream:localhost:42009|priority:0], old=null
2022-06-29 11:32:07,855 INFO  server.RaftServer$Division (RaftServerImpl.java:requestVote(1152)) - s0@group-54B4F2458EED: receive requestVote(PRE_VOTE, s2, group-54B4F2458EED, 3, (t:3, i:31))
2022-06-29 11:32:07,855 WARN  server.GrpcServerProtocolService (LogUtils.java:warn(122)) - s0: Failed requestVote s2->s0#0: org.apache.ratis.protocol.exceptions.ServerNotReadyException: s0@group-54B4F2458EED is not in [RUNNING]: current state is CLOSED
2022-06-29 11:32:07,855 INFO  server.RaftServer$Division (RaftServerImpl.java:requestVote(1152)) - s1@group-54B4F2458EED: receive requestVote(PRE_VOTE, s2, group-54B4F2458EED, 3, (t:3, i:31))
2022-06-29 11:32:07,866 WARN  server.GrpcServerProtocolService (LogUtils.java:warn(122)) - s1: Failed requestVote s2->s1#0: org.apache.ratis.protocol.exceptions.ServerNotReadyException: s1@group-54B4F2458EED is not in [RUNNING]: current state is CLOSED
2022-06-29 11:32:07,866 INFO  impl.LeaderElection (LogUtils.java:infoOrTrace(137)) - s2@group-54B4F2458EED-LeaderElection17 got exception when requesting votes: java.util.concurrent.ExecutionException: org.apache.ratis.thirdparty.io.grpc.StatusRuntimeException: INTERNAL: s0@group-54B4F2458EED is not in [RUNNING]: current state is CLOSED
2022-06-29 11:32:07,868 INFO  impl.LeaderElection (LogUtils.java:infoOrTrace(137)) - s2@group-54B4F2458EED-LeaderElection17 got exception when requesting votes: java.util.concurrent.ExecutionException: org.apache.ratis.thirdparty.io.grpc.StatusRuntimeException: INTERNAL: s1@group-54B4F2458EED is not in [RUNNING]: current state is CLOSED
2022-06-29 11:32:07,868 INFO  impl.LeaderElection (LeaderElection.java:logAndReturn(90)) - s2@group-54B4F2458EED-LeaderElection17: PRE_VOTE REJECTED received 0 response(s) and 2 exception(s):
2022-06-29 11:32:07,868 INFO  impl.LeaderElection (LogUtils.java:infoOrTrace(137)) -   Exception 0: java.util.concurrent.ExecutionException: org.apache.ratis.thirdparty.io.grpc.StatusRuntimeException: INTERNAL: s0@group-54B4F2458EED is not in [RUNNING]: current state is CLOSED
2022-06-29 11:32:07,868 INFO  impl.LeaderElection (LogUtils.java:infoOrTrace(137)) -   Exception 1: java.util.concurrent.ExecutionException: org.apache.ratis.thirdparty.io.grpc.StatusRuntimeException: INTERNAL: s1@group-54B4F2458EED is not in [RUNNING]: current state is CLOSED
2022-06-29 11:32:07,868 INFO  impl.LeaderElection (LeaderElection.java:askForVotes(312)) - s2@group-54B4F2458EED-LeaderElection17 PRE_VOTE round 0: result REJECTED
2022-06-29 11:32:07,868 INFO  server.RaftServer$Division (RaftServerImpl.java:setRole(299)) - s2@group-54B4F2458EED: changes role from CANDIDATE to FOLLOWER at term 3 for REJECTED
2022-06-29 11:32:07,868 INFO  impl.RoleInfo (RoleInfo.java:shutdownLeaderElection(130)) - s2: shutdown s2@group-54B4F2458EED-LeaderElection17
2022-06-29 11:32:07,869 INFO  impl.RoleInfo (RoleInfo.java:updateAndGet(139)) - s2: start s2@group-54B4F2458EED-FollowerState
2022-06-29 11:32:08,066 INFO  impl.FollowerState (FollowerState.java:run(143)) - s2@group-54B4F2458EED-FollowerState: change to CANDIDATE, lastRpcElapsedTime:197459837ns, electionTimeout:192ms
2022-06-29 11:32:08,066 INFO  impl.RoleInfo (RoleInfo.java:shutdownFollowerState(110)) - s2: shutdown s2@group-54B4F2458EED-FollowerState
2022-06-29 11:32:08,066 INFO  server.RaftServer$Division (RaftServerImpl.java:setRole(299)) - s2@group-54B4F2458EED: changes role from  FOLLOWER to CANDIDATE at term 3 for changeToCandidate
2022-06-29 11:32:08,066 INFO  server.RaftServerConfigKeys (ConfUtils.java:logGet(46)) - raft.server.leaderelection.pre-vote = true (default)
2022-06-29 11:32:08,066 INFO  impl.RoleInfo (RoleInfo.java:updateAndGet(139)) - s2: start s2@group-54B4F2458EED-LeaderElection18
2022-06-29 11:32:08,068 INFO  impl.LeaderElection (LeaderElection.java:askForVotes(310)) - s2@group-54B4F2458EED-LeaderElection18 PRE_VOTE round 0: submit vote requests at term 3 for 28: [s0|rpc:localhost:46515|admin:localhost:40757|client:localhost:41939|dataStream:localhost:35593|priority:0, s1|rpc:localhost:34095|admin:localhost:43151|client:localhost:36051|dataStream:localhost:38995|priority:0, s2|rpc:localhost:40453|admin:localhost:33947|client:localhost:38503|dataStream:localhost:42009|priority:0], old=null
2022-06-29 11:32:08,088 INFO  server.RaftServer$Division (RaftServerImpl.java:requestVote(1152)) - s0@group-54B4F2458EED: receive requestVote(PRE_VOTE, s2, group-54B4F2458EED, 3, (t:3, i:31))
2022-06-29 11:32:08,088 WARN  server.GrpcServerProtocolService (LogUtils.java:warn(122)) - s0: Failed requestVote s2->s0#0: org.apache.ratis.protocol.exceptions.ServerNotReadyException: s0@group-54B4F2458EED is not in [RUNNING]: current state is CLOSED
2022-06-29 11:32:08,088 INFO  server.RaftServer$Division (RaftServerImpl.java:requestVote(1152)) - s1@group-54B4F2458EED: receive requestVote(PRE_VOTE, s2, group-54B4F2458EED, 3, (t:3, i:31))
2022-06-29 11:32:08,106 WARN  server.GrpcServerProtocolService (LogUtils.java:warn(122)) - s1: Failed requestVote s2->s1#0: org.apache.ratis.protocol.exceptions.ServerNotReadyException: s1@group-54B4F2458EED is not in [RUNNING]: current state is CLOSED
2022-06-29 11:32:08,116 INFO  impl.LeaderElection (LogUtils.java:infoOrTrace(137)) - s2@group-54B4F2458EED-LeaderElection18 got exception when requesting votes: java.util.concurrent.ExecutionException: org.apache.ratis.thirdparty.io.grpc.StatusRuntimeException: INTERNAL: s0@group-54B4F2458EED is not in [RUNNING]: current state is CLOSED
2022-06-29 11:32:08,125 INFO  impl.LeaderElection (LogUtils.java:infoOrTrace(137)) - s2@group-54B4F2458EED-LeaderElection18 got exception when requesting votes: java.util.concurrent.ExecutionException: org.apache.ratis.thirdparty.io.grpc.StatusRuntimeException: INTERNAL: s1@group-54B4F2458EED is not in [RUNNING]: current state is CLOSED
2022-06-29 11:32:08,125 INFO  impl.LeaderElection (LeaderElection.java:logAndReturn(90)) - s2@group-54B4F2458EED-LeaderElection18: PRE_VOTE REJECTED received 0 response(s) and 2 exception(s):
2022-06-29 11:32:08,125 INFO  impl.LeaderElection (LogUtils.java:infoOrTrace(137)) -   Exception 0: java.util.concurrent.ExecutionException: org.apache.ratis.thirdparty.io.grpc.StatusRuntimeException: INTERNAL: s0@group-54B4F2458EED is not in [RUNNING]: current state is CLOSED
2022-06-29 11:32:08,125 INFO  impl.LeaderElection (LogUtils.java:infoOrTrace(137)) -   Exception 1: java.util.concurrent.ExecutionException: org.apache.ratis.thirdparty.io.grpc.StatusRuntimeException: INTERNAL: s1@group-54B4F2458EED is not in [RUNNING]: current state is CLOSED
2022-06-29 11:32:08,125 INFO  impl.LeaderElection (LeaderElection.java:askForVotes(312)) - s2@group-54B4F2458EED-LeaderElection18 PRE_VOTE round 0: result REJECTED
2022-06-29 11:32:08,125 INFO  server.RaftServer$Division (RaftServerImpl.java:setRole(299)) - s2@group-54B4F2458EED: changes role from CANDIDATE to FOLLOWER at term 3 for REJECTED
2022-06-29 11:32:08,125 INFO  impl.RoleInfo (RoleInfo.java:shutdownLeaderElection(130)) - s2: shutdown s2@group-54B4F2458EED-LeaderElection18
2022-06-29 11:32:08,125 INFO  impl.RoleInfo (RoleInfo.java:updateAndGet(139)) - s2: start s2@group-54B4F2458EED-FollowerState
2022-06-29 11:32:08,217 INFO  impl.MiniRaftCluster (MiniRaftCluster.java:lambda$null$6(325)) - TIMED-PRINT: printing ALL groups
  s0:  RUNNING    LEADER s0@group-54B4F2458EED:t3, leader=s0, voted=s0, raftlog=s0@group-54B4F2458EED-SegmentedRaftLog:OPENED:c31, conf=28: [s0|rpc:localhost:46515|admin:localhost:40757|client:localhost:41939|dataStream:localhost:35593|priority:0, s1|rpc:localhost:34095|admin:localhost:43151|client:localhost:36051|dataStream:localhost:38995|priority:0, s2|rpc:localhost:40453|admin:localhost:33947|client:localhost:38503|dataStream:localhost:42009|priority:0], old=null CLOSED
  s1:  RUNNING    LEADER s1@group-54B4F2458EED:t2, leader=s1, voted=s1, raftlog=s1@group-54B4F2458EED-SegmentedRaftLog:OPENED:c24, conf=17: [s0|rpc:localhost:46515|admin:localhost:40757|client:localhost:41939|dataStream:localhost:35593|priority:0, s1|rpc:localhost:34095|admin:localhost:43151|client:localhost:36051|dataStream:localhost:38995|priority:0, s2|rpc:localhost:40453|admin:localhost:33947|client:localhost:38503|dataStream:localhost:42009|priority:0], old=null CLOSED
  s2:  RUNNING  FOLLOWER s2@group-54B4F2458EED:t3, leader=null, voted=s0, raftlog=s2@group-54B4F2458EED-SegmentedRaftLog:OPENED:c29, conf=28: [s0|rpc:localhost:46515|admin:localhost:40757|client:localhost:41939|dataStream:localhost:35593|priority:0, s1|rpc:localhost:34095|admin:localhost:43151|client:localhost:36051|dataStream:localhost:38995|priority:0, s2|rpc:localhost:40453|admin:localhost:33947|client:localhost:38503|dataStream:localhost:42009|priority:0], old=null RUNNING
2022-06-29 11:32:08,412 INFO  impl.FollowerState (FollowerState.java:run(143)) - s2@group-54B4F2458EED-FollowerState: change to CANDIDATE, lastRpcElapsedTime:287106205ns, electionTimeout:283ms
2022-06-29 11:32:08,412 INFO  impl.RoleInfo (RoleInfo.java:shutdownFollowerState(110)) - s2: shutdown s2@group-54B4F2458EED-FollowerState
2022-06-29 11:32:08,412 INFO  server.RaftServer$Division (RaftServerImpl.java:setRole(299)) - s2@group-54B4F2458EED: changes role from  FOLLOWER to CANDIDATE at term 3 for changeToCandidate
2022-06-29 11:32:08,414 INFO  server.RaftServerConfigKeys (ConfUtils.java:logGet(46)) - raft.server.leaderelection.pre-vote = true (default)
2022-06-29 11:32:08,414 INFO  impl.RoleInfo (RoleInfo.java:updateAndGet(139)) - s2: start s2@group-54B4F2458EED-LeaderElection19
2022-06-29 11:32:08,422 INFO  impl.LeaderElection (LeaderElection.java:askForVotes(310)) - s2@group-54B4F2458EED-LeaderElection19 PRE_VOTE round 0: submit vote requests at term 3 for 28: [s0|rpc:localhost:46515|admin:localhost:40757|client:localhost:41939|dataStream:localhost:35593|priority:0, s1|rpc:localhost:34095|admin:localhost:43151|client:localhost:36051|dataStream:localhost:38995|priority:0, s2|rpc:localhost:40453|admin:localhost:33947|client:localhost:38503|dataStream:localhost:42009|priority:0], old=null
2022-06-29 11:32:08,446 INFO  server.RaftServer$Division (RaftServerImpl.java:requestVote(1152)) - s0@group-54B4F2458EED: receive requestVote(PRE_VOTE, s2, group-54B4F2458EED, 3, (t:3, i:31))
2022-06-29 11:32:08,446 WARN  server.GrpcServerProtocolService (LogUtils.java:warn(122)) - s0: Failed requestVote s2->s0#0: org.apache.ratis.protocol.exceptions.ServerNotReadyException: s0@group-54B4F2458EED is not in [RUNNING]: current state is CLOSED
2022-06-29 11:32:08,451 INFO  server.RaftServer$Division (RaftServerImpl.java:requestVote(1152)) - s1@group-54B4F2458EED: receive requestVote(PRE_VOTE, s2, group-54B4F2458EED, 3, (t:3, i:31))
2022-06-29 11:32:08,451 WARN  server.GrpcServerProtocolService (LogUtils.java:warn(122)) - s1: Failed requestVote s2->s1#0: org.apache.ratis.protocol.exceptions.ServerNotReadyException: s1@group-54B4F2458EED is not in [RUNNING]: current state is CLOSED
2022-06-29 11:32:08,458 INFO  impl.LeaderElection (LogUtils.java:infoOrTrace(137)) - s2@group-54B4F2458EED-LeaderElection19 got exception when requesting votes: java.util.concurrent.ExecutionException: org.apache.ratis.thirdparty.io.grpc.StatusRuntimeException: INTERNAL: s1@group-54B4F2458EED is not in [RUNNING]: current state is CLOSED
2022-06-29 11:32:08,466 INFO  impl.LeaderElection (LogUtils.java:infoOrTrace(137)) - s2@group-54B4F2458EED-LeaderElection19 got exception when requesting votes: java.util.concurrent.ExecutionException: org.apache.ratis.thirdparty.io.grpc.StatusRuntimeException: INTERNAL: s0@group-54B4F2458EED is not in [RUNNING]: current state is CLOSED
2022-06-29 11:32:08,466 INFO  impl.LeaderElection (LeaderElection.java:logAndReturn(90)) - s2@group-54B4F2458EED-LeaderElection19: PRE_VOTE REJECTED received 0 response(s) and 2 exception(s):
2022-06-29 11:32:08,466 INFO  impl.LeaderElection (LogUtils.java:infoOrTrace(137)) -   Exception 0: java.util.concurrent.ExecutionException: org.apache.ratis.thirdparty.io.grpc.StatusRuntimeException: INTERNAL: s1@group-54B4F2458EED is not in [RUNNING]: current state is CLOSED
2022-06-29 11:32:08,466 INFO  impl.LeaderElection (LogUtils.java:infoOrTrace(137)) -   Exception 1: java.util.concurrent.ExecutionException: org.apache.ratis.thirdparty.io.grpc.StatusRuntimeException: INTERNAL: s0@group-54B4F2458EED is not in [RUNNING]: current state is CLOSED
2022-06-29 11:32:08,466 INFO  impl.LeaderElection (LeaderElection.java:askForVotes(312)) - s2@group-54B4F2458EED-LeaderElection19 PRE_VOTE round 0: result REJECTED
2022-06-29 11:32:08,466 INFO  server.RaftServer$Division (RaftServerImpl.java:setRole(299)) - s2@group-54B4F2458EED: changes role from CANDIDATE to FOLLOWER at term 3 for REJECTED
2022-06-29 11:32:08,466 INFO  impl.RoleInfo (RoleInfo.java:shutdownLeaderElection(130)) - s2: shutdown s2@group-54B4F2458EED-LeaderElection19
2022-06-29 11:32:08,466 INFO  impl.RoleInfo (RoleInfo.java:updateAndGet(139)) - s2: start s2@group-54B4F2458EED-FollowerState
2022-06-29 11:32:08,775 INFO  impl.FollowerState (FollowerState.java:run(143)) - s2@group-54B4F2458EED-FollowerState: change to CANDIDATE, lastRpcElapsedTime:308997342ns, electionTimeout:294ms
2022-06-29 11:32:08,775 INFO  impl.RoleInfo (RoleInfo.java:shutdownFollowerState(110)) - s2: shutdown s2@group-54B4F2458EED-FollowerState
2022-06-29 11:32:08,775 INFO  server.RaftServer$Division (RaftServerImpl.java:setRole(299)) - s2@group-54B4F2458EED: changes role from  FOLLOWER to CANDIDATE at term 3 for changeToCandidate
2022-06-29 11:32:08,775 INFO  server.RaftServerConfigKeys (ConfUtils.java:logGet(46)) - raft.server.leaderelection.pre-vote = true (default)
2022-06-29 11:32:08,775 INFO  impl.RoleInfo (RoleInfo.java:updateAndGet(139)) - s2: start s2@group-54B4F2458EED-LeaderElection20
2022-06-29 11:32:08,776 INFO  impl.LeaderElection (LeaderElection.java:askForVotes(310)) - s2@group-54B4F2458EED-LeaderElection20 PRE_VOTE round 0: submit vote requests at term 3 for 28: [s0|rpc:localhost:46515|admin:localhost:40757|client:localhost:41939|dataStream:localhost:35593|priority:0, s1|rpc:localhost:34095|admin:localhost:43151|client:localhost:36051|dataStream:localhost:38995|priority:0, s2|rpc:localhost:40453|admin:localhost:33947|client:localhost:38503|dataStream:localhost:42009|priority:0], old=null
2022-06-29 11:32:08,795 INFO  server.RaftServer$Division (RaftServerImpl.java:requestVote(1152)) - s0@group-54B4F2458EED: receive requestVote(PRE_VOTE, s2, group-54B4F2458EED, 3, (t:3, i:31))
2022-06-29 11:32:08,795 WARN  server.GrpcServerProtocolService (LogUtils.java:warn(122)) - s0: Failed requestVote s2->s0#0: org.apache.ratis.protocol.exceptions.ServerNotReadyException: s0@group-54B4F2458EED is not in [RUNNING]: current state is CLOSED
2022-06-29 11:32:08,811 INFO  impl.LeaderElection (LogUtils.java:infoOrTrace(137)) - s2@group-54B4F2458EED-LeaderElection20 got exception when requesting votes: java.util.concurrent.ExecutionException: org.apache.ratis.thirdparty.io.grpc.StatusRuntimeException: INTERNAL: s0@group-54B4F2458EED is not in [RUNNING]: current state is CLOSED
2022-06-29 11:32:08,807 INFO  server.RaftServer$Division (RaftServerImpl.java:requestVote(1152)) - s1@group-54B4F2458EED: receive requestVote(PRE_VOTE, s2, group-54B4F2458EED, 3, (t:3, i:31))
2022-06-29 11:32:08,838 WARN  server.GrpcServerProtocolService (LogUtils.java:warn(122)) - s1: Failed requestVote s2->s1#0: org.apache.ratis.protocol.exceptions.ServerNotReadyException: s1@group-54B4F2458EED is not in [RUNNING]: current state is CLOSED
2022-06-29 11:32:08,842 INFO  impl.LeaderElection (LogUtils.java:infoOrTrace(137)) - s2@group-54B4F2458EED-LeaderElection20 got exception when requesting votes: java.util.concurrent.ExecutionException: org.apache.ratis.thirdparty.io.grpc.StatusRuntimeException: INTERNAL: s1@group-54B4F2458EED is not in [RUNNING]: current state is CLOSED
2022-06-29 11:32:08,842 INFO  impl.LeaderElection (LeaderElection.java:logAndReturn(90)) - s2@group-54B4F2458EED-LeaderElection20: PRE_VOTE REJECTED received 0 response(s) and 2 exception(s):
2022-06-29 11:32:08,842 INFO  impl.LeaderElection (LogUtils.java:infoOrTrace(137)) -   Exception 0: java.util.concurrent.ExecutionException: org.apache.ratis.thirdparty.io.grpc.StatusRuntimeException: INTERNAL: s0@group-54B4F2458EED is not in [RUNNING]: current state is CLOSED
2022-06-29 11:32:08,842 INFO  impl.LeaderElection (LogUtils.java:infoOrTrace(137)) -   Exception 1: java.util.concurrent.ExecutionException: org.apache.ratis.thirdparty.io.grpc.StatusRuntimeException: INTERNAL: s1@group-54B4F2458EED is not in [RUNNING]: current state is CLOSED
2022-06-29 11:32:08,845 INFO  impl.LeaderElection (LeaderElection.java:askForVotes(312)) - s2@group-54B4F2458EED-LeaderElection20 PRE_VOTE round 0: result REJECTED
2022-06-29 11:32:08,846 INFO  server.RaftServer$Division (RaftServerImpl.java:setRole(299)) - s2@group-54B4F2458EED: changes role from CANDIDATE to FOLLOWER at term 3 for REJECTED
2022-06-29 11:32:08,846 INFO  impl.RoleInfo (RoleInfo.java:shutdownLeaderElection(130)) - s2: shutdown s2@group-54B4F2458EED-LeaderElection20
2022-06-29 11:32:08,846 INFO  impl.RoleInfo (RoleInfo.java:updateAndGet(139)) - s2: start s2@group-54B4F2458EED-FollowerState
2022-06-29 11:32:09,140 INFO  impl.FollowerState (FollowerState.java:run(143)) - s2@group-54B4F2458EED-FollowerState: change to CANDIDATE, lastRpcElapsedTime:294195007ns, electionTimeout:289ms
2022-06-29 11:32:09,140 INFO  impl.RoleInfo (RoleInfo.java:shutdownFollowerState(110)) - s2: shutdown s2@group-54B4F2458EED-FollowerState
2022-06-29 11:32:09,140 INFO  server.RaftServer$Division (RaftServerImpl.java:setRole(299)) - s2@group-54B4F2458EED: changes role from  FOLLOWER to CANDIDATE at term 3 for changeToCandidate
2022-06-29 11:32:09,144 INFO  server.RaftServerConfigKeys (ConfUtils.java:logGet(46)) - raft.server.leaderelection.pre-vote = true (default)
2022-06-29 11:32:09,144 INFO  impl.RoleInfo (RoleInfo.java:updateAndGet(139)) - s2: start s2@group-54B4F2458EED-LeaderElection21
2022-06-29 11:32:09,147 INFO  impl.LeaderElection (LeaderElection.java:askForVotes(310)) - s2@group-54B4F2458EED-LeaderElection21 PRE_VOTE round 0: submit vote requests at term 3 for 28: [s0|rpc:localhost:46515|admin:localhost:40757|client:localhost:41939|dataStream:localhost:35593|priority:0, s1|rpc:localhost:34095|admin:localhost:43151|client:localhost:36051|dataStream:localhost:38995|priority:0, s2|rpc:localhost:40453|admin:localhost:33947|client:localhost:38503|dataStream:localhost:42009|priority:0], old=null
2022-06-29 11:32:09,151 INFO  server.RaftServer$Division (RaftServerImpl.java:requestVote(1152)) - s0@group-54B4F2458EED: receive requestVote(PRE_VOTE, s2, group-54B4F2458EED, 3, (t:3, i:31))
2022-06-29 11:32:09,151 WARN  server.GrpcServerProtocolService (LogUtils.java:warn(122)) - s0: Failed requestVote s2->s0#0: org.apache.ratis.protocol.exceptions.ServerNotReadyException: s0@group-54B4F2458EED is not in [RUNNING]: current state is CLOSED
2022-06-29 11:32:09,158 INFO  server.RaftServer$Division (RaftServerImpl.java:requestVote(1152)) - s1@group-54B4F2458EED: receive requestVote(PRE_VOTE, s2, group-54B4F2458EED, 3, (t:3, i:31))
2022-06-29 11:32:09,159 WARN  server.GrpcServerProtocolService (LogUtils.java:warn(122)) - s1: Failed requestVote s2->s1#0: org.apache.ratis.protocol.exceptions.ServerNotReadyException: s1@group-54B4F2458EED is not in [RUNNING]: current state is CLOSED
2022-06-29 11:32:09,160 INFO  impl.LeaderElection (LogUtils.java:infoOrTrace(137)) - s2@group-54B4F2458EED-LeaderElection21 got exception when requesting votes: java.util.concurrent.ExecutionException: org.apache.ratis.thirdparty.io.grpc.StatusRuntimeException: INTERNAL: s0@group-54B4F2458EED is not in [RUNNING]: current state is CLOSED
2022-06-29 11:32:09,172 INFO  impl.LeaderElection (LogUtils.java:infoOrTrace(137)) - s2@group-54B4F2458EED-LeaderElection21 got exception when requesting votes: java.util.concurrent.ExecutionException: org.apache.ratis.thirdparty.io.grpc.StatusRuntimeException: INTERNAL: s1@group-54B4F2458EED is not in [RUNNING]: current state is CLOSED
2022-06-29 11:32:09,172 INFO  impl.LeaderElection (LeaderElection.java:logAndReturn(90)) - s2@group-54B4F2458EED-LeaderElection21: PRE_VOTE REJECTED received 0 response(s) and 2 exception(s):
2022-06-29 11:32:09,172 INFO  impl.LeaderElection (LogUtils.java:infoOrTrace(137)) -   Exception 0: java.util.concurrent.ExecutionException: org.apache.ratis.thirdparty.io.grpc.StatusRuntimeException: INTERNAL: s0@group-54B4F2458EED is not in [RUNNING]: current state is CLOSED
2022-06-29 11:32:09,172 INFO  impl.LeaderElection (LogUtils.java:infoOrTrace(137)) -   Exception 1: java.util.concurrent.ExecutionException: org.apache.ratis.thirdparty.io.grpc.StatusRuntimeException: INTERNAL: s1@group-54B4F2458EED is not in [RUNNING]: current state is CLOSED
2022-06-29 11:32:09,172 INFO  impl.LeaderElection (LeaderElection.java:askForVotes(312)) - s2@group-54B4F2458EED-LeaderElection21 PRE_VOTE round 0: result REJECTED
2022-06-29 11:32:09,173 INFO  server.RaftServer$Division (RaftServerImpl.java:setRole(299)) - s2@group-54B4F2458EED: changes role from CANDIDATE to FOLLOWER at term 3 for REJECTED
2022-06-29 11:32:09,173 INFO  impl.RoleInfo (RoleInfo.java:shutdownLeaderElection(130)) - s2: shutdown s2@group-54B4F2458EED-LeaderElection21
2022-06-29 11:32:09,173 INFO  impl.RoleInfo (RoleInfo.java:updateAndGet(139)) - s2: start s2@group-54B4F2458EED-FollowerState
2022-06-29 11:32:09,440 INFO  impl.FollowerState (FollowerState.java:run(143)) - s2@group-54B4F2458EED-FollowerState: change to CANDIDATE, lastRpcElapsedTime:267410989ns, electionTimeout:264ms
2022-06-29 11:32:09,440 INFO  impl.RoleInfo (RoleInfo.java:shutdownFollowerState(110)) - s2: shutdown s2@group-54B4F2458EED-FollowerState
2022-06-29 11:32:09,440 INFO  server.RaftServer$Division (RaftServerImpl.java:setRole(299)) - s2@group-54B4F2458EED: changes role from  FOLLOWER to CANDIDATE at term 3 for changeToCandidate
2022-06-29 11:32:09,440 INFO  server.RaftServerConfigKeys (ConfUtils.java:logGet(46)) - raft.server.leaderelection.pre-vote = true (default)
2022-06-29 11:32:09,440 INFO  impl.RoleInfo (RoleInfo.java:updateAndGet(139)) - s2: start s2@group-54B4F2458EED-LeaderElection22
2022-06-29 11:32:09,441 INFO  impl.LeaderElection (LeaderElection.java:askForVotes(310)) - s2@group-54B4F2458EED-LeaderElection22 PRE_VOTE round 0: submit vote requests at term 3 for 28: [s0|rpc:localhost:46515|admin:localhost:40757|client:localhost:41939|dataStream:localhost:35593|priority:0, s1|rpc:localhost:34095|admin:localhost:43151|client:localhost:36051|dataStream:localhost:38995|priority:0, s2|rpc:localhost:40453|admin:localhost:33947|client:localhost:38503|dataStream:localhost:42009|priority:0], old=null
2022-06-29 11:32:09,454 INFO  server.RaftServer$Division (RaftServerImpl.java:requestVote(1152)) - s0@group-54B4F2458EED: receive requestVote(PRE_VOTE, s2, group-54B4F2458EED, 3, (t:3, i:31))
2022-06-29 11:32:09,454 WARN  server.GrpcServerProtocolService (LogUtils.java:warn(122)) - s0: Failed requestVote s2->s0#0: org.apache.ratis.protocol.exceptions.ServerNotReadyException: s0@group-54B4F2458EED is not in [RUNNING]: current state is CLOSED
2022-06-29 11:32:09,458 INFO  impl.LeaderElection (LogUtils.java:infoOrTrace(137)) - s2@group-54B4F2458EED-LeaderElection22 got exception when requesting votes: java.util.concurrent.ExecutionException: org.apache.ratis.thirdparty.io.grpc.StatusRuntimeException: INTERNAL: s0@group-54B4F2458EED is not in [RUNNING]: current state is CLOSED
2022-06-29 11:32:09,467 INFO  server.RaftServer$Division (RaftServerImpl.java:requestVote(1152)) - s1@group-54B4F2458EED: receive requestVote(PRE_VOTE, s2, group-54B4F2458EED, 3, (t:3, i:31))
2022-06-29 11:32:09,467 WARN  server.GrpcServerProtocolService (LogUtils.java:warn(122)) - s1: Failed requestVote s2->s1#0: org.apache.ratis.protocol.exceptions.ServerNotReadyException: s1@group-54B4F2458EED is not in [RUNNING]: current state is CLOSED
2022-06-29 11:32:09,470 INFO  impl.LeaderElection (LogUtils.java:infoOrTrace(137)) - s2@group-54B4F2458EED-LeaderElection22 got exception when requesting votes: java.util.concurrent.ExecutionException: org.apache.ratis.thirdparty.io.grpc.StatusRuntimeException: INTERNAL: s1@group-54B4F2458EED is not in [RUNNING]: current state is CLOSED
2022-06-29 11:32:09,470 INFO  impl.LeaderElection (LeaderElection.java:logAndReturn(90)) - s2@group-54B4F2458EED-LeaderElection22: PRE_VOTE REJECTED received 0 response(s) and 2 exception(s):
2022-06-29 11:32:09,470 INFO  impl.LeaderElection (LogUtils.java:infoOrTrace(137)) -   Exception 0: java.util.concurrent.ExecutionException: org.apache.ratis.thirdparty.io.grpc.StatusRuntimeException: INTERNAL: s0@group-54B4F2458EED is not in [RUNNING]: current state is CLOSED
2022-06-29 11:32:09,470 INFO  impl.LeaderElection (LogUtils.java:infoOrTrace(137)) -   Exception 1: java.util.concurrent.ExecutionException: org.apache.ratis.thirdparty.io.grpc.StatusRuntimeException: INTERNAL: s1@group-54B4F2458EED is not in [RUNNING]: current state is CLOSED
2022-06-29 11:32:09,470 INFO  impl.LeaderElection (LeaderElection.java:askForVotes(312)) - s2@group-54B4F2458EED-LeaderElection22 PRE_VOTE round 0: result REJECTED
2022-06-29 11:32:09,470 INFO  server.RaftServer$Division (RaftServerImpl.java:setRole(299)) - s2@group-54B4F2458EED: changes role from CANDIDATE to FOLLOWER at term 3 for REJECTED
2022-06-29 11:32:09,470 INFO  impl.RoleInfo (RoleInfo.java:shutdownLeaderElection(130)) - s2: shutdown s2@group-54B4F2458EED-LeaderElection22
2022-06-29 11:32:09,471 INFO  impl.RoleInfo (RoleInfo.java:updateAndGet(139)) - s2: start s2@group-54B4F2458EED-FollowerState
2022-06-29 11:32:09,715 INFO  impl.FollowerState (FollowerState.java:run(143)) - s2@group-54B4F2458EED-FollowerState: change to CANDIDATE, lastRpcElapsedTime:243576224ns, electionTimeout:240ms
2022-06-29 11:32:09,715 INFO  impl.RoleInfo (RoleInfo.java:shutdownFollowerState(110)) - s2: shutdown s2@group-54B4F2458EED-FollowerState
2022-06-29 11:32:09,715 INFO  server.RaftServer$Division (RaftServerImpl.java:setRole(299)) - s2@group-54B4F2458EED: changes role from  FOLLOWER to CANDIDATE at term 3 for changeToCandidate
2022-06-29 11:32:09,718 INFO  server.RaftServerConfigKeys (ConfUtils.java:logGet(46)) - raft.server.leaderelection.pre-vote = true (default)
2022-06-29 11:32:09,718 INFO  impl.RoleInfo (RoleInfo.java:updateAndGet(139)) - s2: start s2@group-54B4F2458EED-LeaderElection23
2022-06-29 11:32:09,733 INFO  impl.LeaderElection (LeaderElection.java:askForVotes(310)) - s2@group-54B4F2458EED-LeaderElection23 PRE_VOTE round 0: submit vote requests at term 3 for 28: [s0|rpc:localhost:46515|admin:localhost:40757|client:localhost:41939|dataStream:localhost:35593|priority:0, s1|rpc:localhost:34095|admin:localhost:43151|client:localhost:36051|dataStream:localhost:38995|priority:0, s2|rpc:localhost:40453|admin:localhost:33947|client:localhost:38503|dataStream:localhost:42009|priority:0], old=null
2022-06-29 11:32:09,745 INFO  server.RaftServer$Division (RaftServerImpl.java:requestVote(1152)) - s0@group-54B4F2458EED: receive requestVote(PRE_VOTE, s2, group-54B4F2458EED, 3, (t:3, i:31))
2022-06-29 11:32:09,745 WARN  server.GrpcServerProtocolService (LogUtils.java:warn(122)) - s0: Failed requestVote s2->s0#0: org.apache.ratis.protocol.exceptions.ServerNotReadyException: s0@group-54B4F2458EED is not in [RUNNING]: current state is CLOSED
2022-06-29 11:32:09,746 INFO  server.RaftServer$Division (RaftServerImpl.java:requestVote(1152)) - s1@group-54B4F2458EED: receive requestVote(PRE_VOTE, s2, group-54B4F2458EED, 3, (t:3, i:31))
2022-06-29 11:32:09,747 WARN  server.GrpcServerProtocolService (LogUtils.java:warn(122)) - s1: Failed requestVote s2->s1#0: org.apache.ratis.protocol.exceptions.ServerNotReadyException: s1@group-54B4F2458EED is not in [RUNNING]: current state is CLOSED
2022-06-29 11:32:09,748 INFO  impl.LeaderElection (LogUtils.java:infoOrTrace(137)) - s2@group-54B4F2458EED-LeaderElection23 got exception when requesting votes: java.util.concurrent.ExecutionException: org.apache.ratis.thirdparty.io.grpc.StatusRuntimeException: INTERNAL: s0@group-54B4F2458EED is not in [RUNNING]: current state is CLOSED
2022-06-29 11:32:09,750 INFO  impl.LeaderElection (LogUtils.java:infoOrTrace(137)) - s2@group-54B4F2458EED-LeaderElection23 got exception when requesting votes: java.util.concurrent.ExecutionException: org.apache.ratis.thirdparty.io.grpc.StatusRuntimeException: INTERNAL: s1@group-54B4F2458EED is not in [RUNNING]: current state is CLOSED
2022-06-29 11:32:09,750 INFO  impl.LeaderElection (LeaderElection.java:logAndReturn(90)) - s2@group-54B4F2458EED-LeaderElection23: PRE_VOTE REJECTED received 0 response(s) and 2 exception(s):
2022-06-29 11:32:09,750 INFO  impl.LeaderElection (LogUtils.java:infoOrTrace(137)) -   Exception 0: java.util.concurrent.ExecutionException: org.apache.ratis.thirdparty.io.grpc.StatusRuntimeException: INTERNAL: s0@group-54B4F2458EED is not in [RUNNING]: current state is CLOSED
2022-06-29 11:32:09,750 INFO  impl.LeaderElection (LogUtils.java:infoOrTrace(137)) -   Exception 1: java.util.concurrent.ExecutionException: org.apache.ratis.thirdparty.io.grpc.StatusRuntimeException: INTERNAL: s1@group-54B4F2458EED is not in [RUNNING]: current state is CLOSED
2022-06-29 11:32:09,750 INFO  impl.LeaderElection (LeaderElection.java:askForVotes(312)) - s2@group-54B4F2458EED-LeaderElection23 PRE_VOTE round 0: result REJECTED
2022-06-29 11:32:09,750 INFO  server.RaftServer$Division (RaftServerImpl.java:setRole(299)) - s2@group-54B4F2458EED: changes role from CANDIDATE to FOLLOWER at term 3 for REJECTED
2022-06-29 11:32:09,750 INFO  impl.RoleInfo (RoleInfo.java:shutdownLeaderElection(130)) - s2: shutdown s2@group-54B4F2458EED-LeaderElection23
2022-06-29 11:32:09,750 INFO  impl.RoleInfo (RoleInfo.java:updateAndGet(139)) - s2: start s2@group-54B4F2458EED-FollowerState
2022-06-29 11:32:09,979 INFO  impl.FollowerState (FollowerState.java:run(143)) - s2@group-54B4F2458EED-FollowerState: change to CANDIDATE, lastRpcElapsedTime:229006802ns, electionTimeout:228ms
2022-06-29 11:32:09,979 INFO  impl.RoleInfo (RoleInfo.java:shutdownFollowerState(110)) - s2: shutdown s2@group-54B4F2458EED-FollowerState
2022-06-29 11:32:09,979 INFO  server.RaftServer$Division (RaftServerImpl.java:setRole(299)) - s2@group-54B4F2458EED: changes role from  FOLLOWER to CANDIDATE at term 3 for changeToCandidate
2022-06-29 11:32:09,984 INFO  server.RaftServerConfigKeys (ConfUtils.java:logGet(46)) - raft.server.leaderelection.pre-vote = true (default)
2022-06-29 11:32:09,984 INFO  impl.RoleInfo (RoleInfo.java:updateAndGet(139)) - s2: start s2@group-54B4F2458EED-LeaderElection24
2022-06-29 11:32:09,988 INFO  impl.LeaderElection (LeaderElection.java:askForVotes(310)) - s2@group-54B4F2458EED-LeaderElection24 PRE_VOTE round 0: submit vote requests at term 3 for 28: [s0|rpc:localhost:46515|admin:localhost:40757|client:localhost:41939|dataStream:localhost:35593|priority:0, s1|rpc:localhost:34095|admin:localhost:43151|client:localhost:36051|dataStream:localhost:38995|priority:0, s2|rpc:localhost:40453|admin:localhost:33947|client:localhost:38503|dataStream:localhost:42009|priority:0], old=null
2022-06-29 11:32:09,997 INFO  server.RaftServer$Division (RaftServerImpl.java:requestVote(1152)) - s0@group-54B4F2458EED: receive requestVote(PRE_VOTE, s2, group-54B4F2458EED, 3, (t:3, i:31))
2022-06-29 11:32:09,997 WARN  server.GrpcServerProtocolService (LogUtils.java:warn(122)) - s0: Failed requestVote s2->s0#0: org.apache.ratis.protocol.exceptions.ServerNotReadyException: s0@group-54B4F2458EED is not in [RUNNING]: current state is CLOSED
2022-06-29 11:32:10,000 INFO  impl.LeaderElection (LogUtils.java:infoOrTrace(137)) - s2@group-54B4F2458EED-LeaderElection24 got exception when requesting votes: java.util.concurrent.ExecutionException: org.apache.ratis.thirdparty.io.grpc.StatusRuntimeException: INTERNAL: s0@group-54B4F2458EED is not in [RUNNING]: current state is CLOSED
2022-06-29 11:32:10,011 INFO  server.RaftServer$Division (RaftServerImpl.java:requestVote(1152)) - s1@group-54B4F2458EED: receive requestVote(PRE_VOTE, s2, group-54B4F2458EED, 3, (t:3, i:31))
2022-06-29 11:32:10,011 WARN  server.GrpcServerProtocolService (LogUtils.java:warn(122)) - s1: Failed requestVote s2->s1#0: org.apache.ratis.protocol.exceptions.ServerNotReadyException: s1@group-54B4F2458EED is not in [RUNNING]: current state is CLOSED
2022-06-29 11:32:10,021 INFO  impl.LeaderElection (LogUtils.java:infoOrTrace(137)) - s2@group-54B4F2458EED-LeaderElection24 got exception when requesting votes: java.util.concurrent.ExecutionException: org.apache.ratis.thirdparty.io.grpc.StatusRuntimeException: INTERNAL: s1@group-54B4F2458EED is not in [RUNNING]: current state is CLOSED
2022-06-29 11:32:10,021 INFO  impl.LeaderElection (LeaderElection.java:logAndReturn(90)) - s2@group-54B4F2458EED-LeaderElection24: PRE_VOTE REJECTED received 0 response(s) and 2 exception(s):
2022-06-29 11:32:10,021 INFO  impl.LeaderElection (LogUtils.java:infoOrTrace(137)) -   Exception 0: java.util.concurrent.ExecutionException: org.apache.ratis.thirdparty.io.grpc.StatusRuntimeException: INTERNAL: s0@group-54B4F2458EED is not in [RUNNING]: current state is CLOSED
2022-06-29 11:32:10,021 INFO  impl.LeaderElection (LogUtils.java:infoOrTrace(137)) -   Exception 1: java.util.concurrent.ExecutionException: org.apache.ratis.thirdparty.io.grpc.StatusRuntimeException: INTERNAL: s1@group-54B4F2458EED is not in [RUNNING]: current state is CLOSED
2022-06-29 11:32:10,021 INFO  impl.LeaderElection (LeaderElection.java:askForVotes(312)) - s2@group-54B4F2458EED-LeaderElection24 PRE_VOTE round 0: result REJECTED
2022-06-29 11:32:10,021 INFO  server.RaftServer$Division (RaftServerImpl.java:setRole(299)) - s2@group-54B4F2458EED: changes role from CANDIDATE to FOLLOWER at term 3 for REJECTED
2022-06-29 11:32:10,021 INFO  impl.RoleInfo (RoleInfo.java:shutdownLeaderElection(130)) - s2: shutdown s2@group-54B4F2458EED-LeaderElection24
2022-06-29 11:32:10,021 INFO  impl.RoleInfo (RoleInfo.java:updateAndGet(139)) - s2: start s2@group-54B4F2458EED-FollowerState
2022-06-29 11:32:10,326 INFO  impl.FollowerState (FollowerState.java:run(143)) - s2@group-54B4F2458EED-FollowerState: change to CANDIDATE, lastRpcElapsedTime:304119134ns, electionTimeout:299ms
2022-06-29 11:32:10,326 INFO  impl.RoleInfo (RoleInfo.java:shutdownFollowerState(110)) - s2: shutdown s2@group-54B4F2458EED-FollowerState
2022-06-29 11:32:10,326 INFO  server.RaftServer$Division (RaftServerImpl.java:setRole(299)) - s2@group-54B4F2458EED: changes role from  FOLLOWER to CANDIDATE at term 3 for changeToCandidate
2022-06-29 11:32:10,328 INFO  server.RaftServerConfigKeys (ConfUtils.java:logGet(46)) - raft.server.leaderelection.pre-vote = true (default)
2022-06-29 11:32:10,328 INFO  impl.RoleInfo (RoleInfo.java:updateAndGet(139)) - s2: start s2@group-54B4F2458EED-LeaderElection25
2022-06-29 11:32:10,345 INFO  impl.LeaderElection (LeaderElection.java:askForVotes(310)) - s2@group-54B4F2458EED-LeaderElection25 PRE_VOTE round 0: submit vote requests at term 3 for 28: [s0|rpc:localhost:46515|admin:localhost:40757|client:localhost:41939|dataStream:localhost:35593|priority:0, s1|rpc:localhost:34095|admin:localhost:43151|client:localhost:36051|dataStream:localhost:38995|priority:0, s2|rpc:localhost:40453|admin:localhost:33947|client:localhost:38503|dataStream:localhost:42009|priority:0], old=null
2022-06-29 11:32:10,348 INFO  server.RaftServer$Division (RaftServerImpl.java:requestVote(1152)) - s0@group-54B4F2458EED: receive requestVote(PRE_VOTE, s2, group-54B4F2458EED, 3, (t:3, i:31))
2022-06-29 11:32:10,348 WARN  server.GrpcServerProtocolService (LogUtils.java:warn(122)) - s0: Failed requestVote s2->s0#0: org.apache.ratis.protocol.exceptions.ServerNotReadyException: s0@group-54B4F2458EED is not in [RUNNING]: current state is CLOSED
2022-06-29 11:32:10,351 INFO  server.RaftServer$Division (RaftServerImpl.java:requestVote(1152)) - s1@group-54B4F2458EED: receive requestVote(PRE_VOTE, s2, group-54B4F2458EED, 3, (t:3, i:31))
2022-06-29 11:32:10,351 WARN  server.GrpcServerProtocolService (LogUtils.java:warn(122)) - s1: Failed requestVote s2->s1#0: org.apache.ratis.protocol.exceptions.ServerNotReadyException: s1@group-54B4F2458EED is not in [RUNNING]: current state is CLOSED
2022-06-29 11:32:10,355 INFO  impl.LeaderElection (LogUtils.java:infoOrTrace(137)) - s2@group-54B4F2458EED-LeaderElection25 got exception when requesting votes: java.util.concurrent.ExecutionException: org.apache.ratis.thirdparty.io.grpc.StatusRuntimeException: INTERNAL: s1@group-54B4F2458EED is not in [RUNNING]: current state is CLOSED
2022-06-29 11:32:10,356 INFO  impl.LeaderElection (LogUtils.java:infoOrTrace(137)) - s2@group-54B4F2458EED-LeaderElection25 got exception when requesting votes: java.util.concurrent.ExecutionException: org.apache.ratis.thirdparty.io.grpc.StatusRuntimeException: INTERNAL: s0@group-54B4F2458EED is not in [RUNNING]: current state is CLOSED
2022-06-29 11:32:10,356 INFO  impl.LeaderElection (LeaderElection.java:logAndReturn(90)) - s2@group-54B4F2458EED-LeaderElection25: PRE_VOTE REJECTED received 0 response(s) and 2 exception(s):
2022-06-29 11:32:10,356 INFO  impl.LeaderElection (LogUtils.java:infoOrTrace(137)) -   Exception 0: java.util.concurrent.ExecutionException: org.apache.ratis.thirdparty.io.grpc.StatusRuntimeException: INTERNAL: s1@group-54B4F2458EED is not in [RUNNING]: current state is CLOSED
2022-06-29 11:32:10,356 INFO  impl.LeaderElection (LogUtils.java:infoOrTrace(137)) -   Exception 1: java.util.concurrent.ExecutionException: org.apache.ratis.thirdparty.io.grpc.StatusRuntimeException: INTERNAL: s0@group-54B4F2458EED is not in [RUNNING]: current state is CLOSED
2022-06-29 11:32:10,356 INFO  impl.LeaderElection (LeaderElection.java:askForVotes(312)) - s2@group-54B4F2458EED-LeaderElection25 PRE_VOTE round 0: result REJECTED
2022-06-29 11:32:10,356 INFO  server.RaftServer$Division (RaftServerImpl.java:setRole(299)) - s2@group-54B4F2458EED: changes role from CANDIDATE to FOLLOWER at term 3 for REJECTED
2022-06-29 11:32:10,356 INFO  impl.RoleInfo (RoleInfo.java:shutdownLeaderElection(130)) - s2: shutdown s2@group-54B4F2458EED-LeaderElection25
2022-06-29 11:32:10,356 INFO  impl.RoleInfo (RoleInfo.java:updateAndGet(139)) - s2: start s2@group-54B4F2458EED-FollowerState
2022-06-29 11:32:10,609 INFO  impl.FollowerState (FollowerState.java:run(143)) - s2@group-54B4F2458EED-FollowerState: change to CANDIDATE, lastRpcElapsedTime:252534448ns, electionTimeout:249ms
2022-06-29 11:32:10,609 INFO  impl.RoleInfo (RoleInfo.java:shutdownFollowerState(110)) - s2: shutdown s2@group-54B4F2458EED-FollowerState
2022-06-29 11:32:10,609 INFO  server.RaftServer$Division (RaftServerImpl.java:setRole(299)) - s2@group-54B4F2458EED: changes role from  FOLLOWER to CANDIDATE at term 3 for changeToCandidate
2022-06-29 11:32:10,612 INFO  server.RaftServerConfigKeys (ConfUtils.java:logGet(46)) - raft.server.leaderelection.pre-vote = true (default)
2022-06-29 11:32:10,612 INFO  impl.RoleInfo (RoleInfo.java:updateAndGet(139)) - s2: start s2@group-54B4F2458EED-LeaderElection26
2022-06-29 11:32:10,622 INFO  impl.LeaderElection (LeaderElection.java:askForVotes(310)) - s2@group-54B4F2458EED-LeaderElection26 PRE_VOTE round 0: submit vote requests at term 3 for 28: [s0|rpc:localhost:46515|admin:localhost:40757|client:localhost:41939|dataStream:localhost:35593|priority:0, s1|rpc:localhost:34095|admin:localhost:43151|client:localhost:36051|dataStream:localhost:38995|priority:0, s2|rpc:localhost:40453|admin:localhost:33947|client:localhost:38503|dataStream:localhost:42009|priority:0], old=null
2022-06-29 11:32:10,634 INFO  server.RaftServer$Division (RaftServerImpl.java:requestVote(1152)) - s0@group-54B4F2458EED: receive requestVote(PRE_VOTE, s2, group-54B4F2458EED, 3, (t:3, i:31))
2022-06-29 11:32:10,634 WARN  server.GrpcServerProtocolService (LogUtils.java:warn(122)) - s0: Failed requestVote s2->s0#0: org.apache.ratis.protocol.exceptions.ServerNotReadyException: s0@group-54B4F2458EED is not in [RUNNING]: current state is CLOSED
2022-06-29 11:32:10,637 INFO  server.RaftServer$Division (RaftServerImpl.java:requestVote(1152)) - s1@group-54B4F2458EED: receive requestVote(PRE_VOTE, s2, group-54B4F2458EED, 3, (t:3, i:31))
2022-06-29 11:32:10,637 WARN  server.GrpcServerProtocolService (LogUtils.java:warn(122)) - s1: Failed requestVote s2->s1#0: org.apache.ratis.protocol.exceptions.ServerNotReadyException: s1@group-54B4F2458EED is not in [RUNNING]: current state is CLOSED
2022-06-29 11:32:10,638 INFO  impl.LeaderElection (LogUtils.java:infoOrTrace(137)) - s2@group-54B4F2458EED-LeaderElection26 got exception when requesting votes: java.util.concurrent.ExecutionException: org.apache.ratis.thirdparty.io.grpc.StatusRuntimeException: INTERNAL: s0@group-54B4F2458EED is not in [RUNNING]: current state is CLOSED
2022-06-29 11:32:10,638 INFO  impl.LeaderElection (LogUtils.java:infoOrTrace(137)) - s2@group-54B4F2458EED-LeaderElection26 got exception when requesting votes: java.util.concurrent.ExecutionException: org.apache.ratis.thirdparty.io.grpc.StatusRuntimeException: INTERNAL: s1@group-54B4F2458EED is not in [RUNNING]: current state is CLOSED
2022-06-29 11:32:10,638 INFO  impl.LeaderElection (LeaderElection.java:logAndReturn(90)) - s2@group-54B4F2458EED-LeaderElection26: PRE_VOTE REJECTED received 0 response(s) and 2 exception(s):
2022-06-29 11:32:10,638 INFO  impl.LeaderElection (LogUtils.java:infoOrTrace(137)) -   Exception 0: java.util.concurrent.ExecutionException: org.apache.ratis.thirdparty.io.grpc.StatusRuntimeException: INTERNAL: s0@group-54B4F2458EED is not in [RUNNING]: current state is CLOSED
2022-06-29 11:32:10,638 INFO  impl.LeaderElection (LogUtils.java:infoOrTrace(137)) -   Exception 1: java.util.concurrent.ExecutionException: org.apache.ratis.thirdparty.io.grpc.StatusRuntimeException: INTERNAL: s1@group-54B4F2458EED is not in [RUNNING]: current state is CLOSED
2022-06-29 11:32:10,638 INFO  impl.LeaderElection (LeaderElection.java:askForVotes(312)) - s2@group-54B4F2458EED-LeaderElection26 PRE_VOTE round 0: result REJECTED
2022-06-29 11:32:10,638 INFO  server.RaftServer$Division (RaftServerImpl.java:setRole(299)) - s2@group-54B4F2458EED: changes role from CANDIDATE to FOLLOWER at term 3 for REJECTED
2022-06-29 11:32:10,638 INFO  impl.RoleInfo (RoleInfo.java:shutdownLeaderElection(130)) - s2: shutdown s2@group-54B4F2458EED-LeaderElection26
2022-06-29 11:32:10,639 INFO  impl.RoleInfo (RoleInfo.java:updateAndGet(139)) - s2: start s2@group-54B4F2458EED-FollowerState
2022-06-29 11:32:10,929 INFO  impl.FollowerState (FollowerState.java:run(143)) - s2@group-54B4F2458EED-FollowerState: change to CANDIDATE, lastRpcElapsedTime:290537327ns, electionTimeout:288ms
2022-06-29 11:32:10,929 INFO  impl.RoleInfo (RoleInfo.java:shutdownFollowerState(110)) - s2: shutdown s2@group-54B4F2458EED-FollowerState
2022-06-29 11:32:10,929 INFO  server.RaftServer$Division (RaftServerImpl.java:setRole(299)) - s2@group-54B4F2458EED: changes role from  FOLLOWER to CANDIDATE at term 3 for changeToCandidate
2022-06-29 11:32:10,929 INFO  server.RaftServerConfigKeys (ConfUtils.java:logGet(46)) - raft.server.leaderelection.pre-vote = true (default)
2022-06-29 11:32:10,929 INFO  impl.RoleInfo (RoleInfo.java:updateAndGet(139)) - s2: start s2@group-54B4F2458EED-LeaderElection27
2022-06-29 11:32:10,934 INFO  impl.LeaderElection (LeaderElection.java:askForVotes(310)) - s2@group-54B4F2458EED-LeaderElection27 PRE_VOTE round 0: submit vote requests at term 3 for 28: [s0|rpc:localhost:46515|admin:localhost:40757|client:localhost:41939|dataStream:localhost:35593|priority:0, s1|rpc:localhost:34095|admin:localhost:43151|client:localhost:36051|dataStream:localhost:38995|priority:0, s2|rpc:localhost:40453|admin:localhost:33947|client:localhost:38503|dataStream:localhost:42009|priority:0], old=null
2022-06-29 11:32:10,938 INFO  server.RaftServer$Division (RaftServerImpl.java:requestVote(1152)) - s0@group-54B4F2458EED: receive requestVote(PRE_VOTE, s2, group-54B4F2458EED, 3, (t:3, i:31))
2022-06-29 11:32:10,939 WARN  server.GrpcServerProtocolService (LogUtils.java:warn(122)) - s0: Failed requestVote s2->s0#0: org.apache.ratis.protocol.exceptions.ServerNotReadyException: s0@group-54B4F2458EED is not in [RUNNING]: current state is CLOSED
2022-06-29 11:32:10,941 INFO  server.RaftServer$Division (RaftServerImpl.java:requestVote(1152)) - s1@group-54B4F2458EED: receive requestVote(PRE_VOTE, s2, group-54B4F2458EED, 3, (t:3, i:31))
2022-06-29 11:32:10,941 WARN  server.GrpcServerProtocolService (LogUtils.java:warn(122)) - s1: Failed requestVote s2->s1#0: org.apache.ratis.protocol.exceptions.ServerNotReadyException: s1@group-54B4F2458EED is not in [RUNNING]: current state is CLOSED
2022-06-29 11:32:10,944 INFO  impl.LeaderElection (LogUtils.java:infoOrTrace(137)) - s2@group-54B4F2458EED-LeaderElection27 got exception when requesting votes: java.util.concurrent.ExecutionException: org.apache.ratis.thirdparty.io.grpc.StatusRuntimeException: INTERNAL: s0@group-54B4F2458EED is not in [RUNNING]: current state is CLOSED
2022-06-29 11:32:10,947 INFO  impl.LeaderElection (LogUtils.java:infoOrTrace(137)) - s2@group-54B4F2458EED-LeaderElection27 got exception when requesting votes: java.util.concurrent.ExecutionException: org.apache.ratis.thirdparty.io.grpc.StatusRuntimeException: INTERNAL: s1@group-54B4F2458EED is not in [RUNNING]: current state is CLOSED
2022-06-29 11:32:10,947 INFO  impl.LeaderElection (LeaderElection.java:logAndReturn(90)) - s2@group-54B4F2458EED-LeaderElection27: PRE_VOTE REJECTED received 0 response(s) and 2 exception(s):
2022-06-29 11:32:10,947 INFO  impl.LeaderElection (LogUtils.java:infoOrTrace(137)) -   Exception 0: java.util.concurrent.ExecutionException: org.apache.ratis.thirdparty.io.grpc.StatusRuntimeException: INTERNAL: s0@group-54B4F2458EED is not in [RUNNING]: current state is CLOSED
2022-06-29 11:32:10,947 INFO  impl.LeaderElection (LogUtils.java:infoOrTrace(137)) -   Exception 1: java.util.concurrent.ExecutionException: org.apache.ratis.thirdparty.io.grpc.StatusRuntimeException: INTERNAL: s1@group-54B4F2458EED is not in [RUNNING]: current state is CLOSED
2022-06-29 11:32:10,947 INFO  impl.LeaderElection (LeaderElection.java:askForVotes(312)) - s2@group-54B4F2458EED-LeaderElection27 PRE_VOTE round 0: result REJECTED
2022-06-29 11:32:10,947 INFO  server.RaftServer$Division (RaftServerImpl.java:setRole(299)) - s2@group-54B4F2458EED: changes role from CANDIDATE to FOLLOWER at term 3 for REJECTED
2022-06-29 11:32:10,947 INFO  impl.RoleInfo (RoleInfo.java:shutdownLeaderElection(130)) - s2: shutdown s2@group-54B4F2458EED-LeaderElection27
2022-06-29 11:32:10,948 INFO  impl.RoleInfo (RoleInfo.java:updateAndGet(139)) - s2: start s2@group-54B4F2458EED-FollowerState
2022-06-29 11:32:11,110 INFO  impl.FollowerState (FollowerState.java:run(143)) - s2@group-54B4F2458EED-FollowerState: change to CANDIDATE, lastRpcElapsedTime:162029963ns, electionTimeout:160ms
2022-06-29 11:32:11,110 INFO  impl.RoleInfo (RoleInfo.java:shutdownFollowerState(110)) - s2: shutdown s2@group-54B4F2458EED-FollowerState
2022-06-29 11:32:11,110 INFO  server.RaftServer$Division (RaftServerImpl.java:setRole(299)) - s2@group-54B4F2458EED: changes role from  FOLLOWER to CANDIDATE at term 3 for changeToCandidate
2022-06-29 11:32:11,110 INFO  server.RaftServerConfigKeys (ConfUtils.java:logGet(46)) - raft.server.leaderelection.pre-vote = true (default)
2022-06-29 11:32:11,110 INFO  impl.RoleInfo (RoleInfo.java:updateAndGet(139)) - s2: start s2@group-54B4F2458EED-LeaderElection28
2022-06-29 11:32:11,116 INFO  impl.LeaderElection (LeaderElection.java:askForVotes(310)) - s2@group-54B4F2458EED-LeaderElection28 PRE_VOTE round 0: submit vote requests at term 3 for 28: [s0|rpc:localhost:46515|admin:localhost:40757|client:localhost:41939|dataStream:localhost:35593|priority:0, s1|rpc:localhost:34095|admin:localhost:43151|client:localhost:36051|dataStream:localhost:38995|priority:0, s2|rpc:localhost:40453|admin:localhost:33947|client:localhost:38503|dataStream:localhost:42009|priority:0], old=null
2022-06-29 11:32:11,129 INFO  server.RaftServer$Division (RaftServerImpl.java:requestVote(1152)) - s1@group-54B4F2458EED: receive requestVote(PRE_VOTE, s2, group-54B4F2458EED, 3, (t:3, i:31))
2022-06-29 11:32:11,130 WARN  server.GrpcServerProtocolService (LogUtils.java:warn(122)) - s1: Failed requestVote s2->s1#0: org.apache.ratis.protocol.exceptions.ServerNotReadyException: s1@group-54B4F2458EED is not in [RUNNING]: current state is CLOSED
2022-06-29 11:32:11,130 INFO  server.RaftServer$Division (RaftServerImpl.java:requestVote(1152)) - s0@group-54B4F2458EED: receive requestVote(PRE_VOTE, s2, group-54B4F2458EED, 3, (t:3, i:31))
2022-06-29 11:32:11,130 WARN  server.GrpcServerProtocolService (LogUtils.java:warn(122)) - s0: Failed requestVote s2->s0#0: org.apache.ratis.protocol.exceptions.ServerNotReadyException: s0@group-54B4F2458EED is not in [RUNNING]: current state is CLOSED
2022-06-29 11:32:11,135 INFO  impl.LeaderElection (LogUtils.java:infoOrTrace(137)) - s2@group-54B4F2458EED-LeaderElection28 got exception when requesting votes: java.util.concurrent.ExecutionException: org.apache.ratis.thirdparty.io.grpc.StatusRuntimeException: INTERNAL: s1@group-54B4F2458EED is not in [RUNNING]: current state is CLOSED
2022-06-29 11:32:11,136 INFO  impl.LeaderElection (LogUtils.java:infoOrTrace(137)) - s2@group-54B4F2458EED-LeaderElection28 got exception when requesting votes: java.util.concurrent.ExecutionException: org.apache.ratis.thirdparty.io.grpc.StatusRuntimeException: INTERNAL: s0@group-54B4F2458EED is not in [RUNNING]: current state is CLOSED
2022-06-29 11:32:11,136 INFO  impl.LeaderElection (LeaderElection.java:logAndReturn(90)) - s2@group-54B4F2458EED-LeaderElection28: PRE_VOTE REJECTED received 0 response(s) and 2 exception(s):
2022-06-29 11:32:11,136 INFO  impl.LeaderElection (LogUtils.java:infoOrTrace(137)) -   Exception 0: java.util.concurrent.ExecutionException: org.apache.ratis.thirdparty.io.grpc.StatusRuntimeException: INTERNAL: s1@group-54B4F2458EED is not in [RUNNING]: current state is CLOSED
2022-06-29 11:32:11,136 INFO  impl.LeaderElection (LogUtils.java:infoOrTrace(137)) -   Exception 1: java.util.concurrent.ExecutionException: org.apache.ratis.thirdparty.io.grpc.StatusRuntimeException: INTERNAL: s0@group-54B4F2458EED is not in [RUNNING]: current state is CLOSED
2022-06-29 11:32:11,136 INFO  impl.LeaderElection (LeaderElection.java:askForVotes(312)) - s2@group-54B4F2458EED-LeaderElection28 PRE_VOTE round 0: result REJECTED
2022-06-29 11:32:11,136 INFO  server.RaftServer$Division (RaftServerImpl.java:setRole(299)) - s2@group-54B4F2458EED: changes role from CANDIDATE to FOLLOWER at term 3 for REJECTED
2022-06-29 11:32:11,136 INFO  impl.RoleInfo (RoleInfo.java:shutdownLeaderElection(130)) - s2: shutdown s2@group-54B4F2458EED-LeaderElection28
2022-06-29 11:32:11,136 INFO  impl.RoleInfo (RoleInfo.java:updateAndGet(139)) - s2: start s2@group-54B4F2458EED-FollowerState
2022-06-29 11:32:11,392 INFO  impl.FollowerState (FollowerState.java:run(143)) - s2@group-54B4F2458EED-FollowerState: change to CANDIDATE, lastRpcElapsedTime:255361278ns, electionTimeout:251ms
2022-06-29 11:32:11,392 INFO  impl.RoleInfo (RoleInfo.java:shutdownFollowerState(110)) - s2: shutdown s2@group-54B4F2458EED-FollowerState
2022-06-29 11:32:11,392 INFO  server.RaftServer$Division (RaftServerImpl.java:setRole(299)) - s2@group-54B4F2458EED: changes role from  FOLLOWER to CANDIDATE at term 3 for changeToCandidate
2022-06-29 11:32:11,392 INFO  server.RaftServerConfigKeys (ConfUtils.java:logGet(46)) - raft.server.leaderelection.pre-vote = true (default)
2022-06-29 11:32:11,392 INFO  impl.RoleInfo (RoleInfo.java:updateAndGet(139)) - s2: start s2@group-54B4F2458EED-LeaderElection29
2022-06-29 11:32:11,394 INFO  impl.LeaderElection (LeaderElection.java:askForVotes(310)) - s2@group-54B4F2458EED-LeaderElection29 PRE_VOTE round 0: submit vote requests at term 3 for 28: [s0|rpc:localhost:46515|admin:localhost:40757|client:localhost:41939|dataStream:localhost:35593|priority:0, s1|rpc:localhost:34095|admin:localhost:43151|client:localhost:36051|dataStream:localhost:38995|priority:0, s2|rpc:localhost:40453|admin:localhost:33947|client:localhost:38503|dataStream:localhost:42009|priority:0], old=null
2022-06-29 11:32:11,409 INFO  server.RaftServer$Division (RaftServerImpl.java:requestVote(1152)) - s0@group-54B4F2458EED: receive requestVote(PRE_VOTE, s2, group-54B4F2458EED, 3, (t:3, i:31))
2022-06-29 11:32:11,409 WARN  server.GrpcServerProtocolService (LogUtils.java:warn(122)) - s0: Failed requestVote s2->s0#0: org.apache.ratis.protocol.exceptions.ServerNotReadyException: s0@group-54B4F2458EED is not in [RUNNING]: current state is CLOSED
2022-06-29 11:32:11,410 INFO  impl.LeaderElection (LogUtils.java:infoOrTrace(137)) - s2@group-54B4F2458EED-LeaderElection29 got exception when requesting votes: java.util.concurrent.ExecutionException: org.apache.ratis.thirdparty.io.grpc.StatusRuntimeException: INTERNAL: s0@group-54B4F2458EED is not in [RUNNING]: current state is CLOSED
2022-06-29 11:32:11,410 INFO  server.RaftServer$Division (RaftServerImpl.java:requestVote(1152)) - s1@group-54B4F2458EED: receive requestVote(PRE_VOTE, s2, group-54B4F2458EED, 3, (t:3, i:31))
2022-06-29 11:32:11,410 WARN  server.GrpcServerProtocolService (LogUtils.java:warn(122)) - s1: Failed requestVote s2->s1#0: org.apache.ratis.protocol.exceptions.ServerNotReadyException: s1@group-54B4F2458EED is not in [RUNNING]: current state is CLOSED
2022-06-29 11:32:11,413 INFO  impl.LeaderElection (LogUtils.java:infoOrTrace(137)) - s2@group-54B4F2458EED-LeaderElection29 got exception when requesting votes: java.util.concurrent.ExecutionException: org.apache.ratis.thirdparty.io.grpc.StatusRuntimeException: INTERNAL: s1@group-54B4F2458EED is not in [RUNNING]: current state is CLOSED
2022-06-29 11:32:11,413 INFO  impl.LeaderElection (LeaderElection.java:logAndReturn(90)) - s2@group-54B4F2458EED-LeaderElection29: PRE_VOTE REJECTED received 0 response(s) and 2 exception(s):
2022-06-29 11:32:11,413 INFO  impl.LeaderElection (LogUtils.java:infoOrTrace(137)) -   Exception 0: java.util.concurrent.ExecutionException: org.apache.ratis.thirdparty.io.grpc.StatusRuntimeException: INTERNAL: s0@group-54B4F2458EED is not in [RUNNING]: current state is CLOSED
2022-06-29 11:32:11,413 INFO  impl.LeaderElection (LogUtils.java:infoOrTrace(137)) -   Exception 1: java.util.concurrent.ExecutionException: org.apache.ratis.thirdparty.io.grpc.StatusRuntimeException: INTERNAL: s1@group-54B4F2458EED is not in [RUNNING]: current state is CLOSED
2022-06-29 11:32:11,414 INFO  impl.LeaderElection (LeaderElection.java:askForVotes(312)) - s2@group-54B4F2458EED-LeaderElection29 PRE_VOTE round 0: result REJECTED
2022-06-29 11:32:11,414 INFO  server.RaftServer$Division (RaftServerImpl.java:setRole(299)) - s2@group-54B4F2458EED: changes role from CANDIDATE to FOLLOWER at term 3 for REJECTED
2022-06-29 11:32:11,414 INFO  impl.RoleInfo (RoleInfo.java:shutdownLeaderElection(130)) - s2: shutdown s2@group-54B4F2458EED-LeaderElection29
2022-06-29 11:32:11,414 INFO  impl.RoleInfo (RoleInfo.java:updateAndGet(139)) - s2: start s2@group-54B4F2458EED-FollowerState
2022-06-29 11:32:11,629 INFO  impl.FollowerState (FollowerState.java:run(143)) - s2@group-54B4F2458EED-FollowerState: change to CANDIDATE, lastRpcElapsedTime:215024865ns, electionTimeout:212ms
2022-06-29 11:32:11,629 INFO  impl.RoleInfo (RoleInfo.java:shutdownFollowerState(110)) - s2: shutdown s2@group-54B4F2458EED-FollowerState
2022-06-29 11:32:11,629 INFO  server.RaftServer$Division (RaftServerImpl.java:setRole(299)) - s2@group-54B4F2458EED: changes role from  FOLLOWER to CANDIDATE at term 3 for changeToCandidate
2022-06-29 11:32:11,629 INFO  server.RaftServerConfigKeys (ConfUtils.java:logGet(46)) - raft.server.leaderelection.pre-vote = true (default)
2022-06-29 11:32:11,629 INFO  impl.RoleInfo (RoleInfo.java:updateAndGet(139)) - s2: start s2@group-54B4F2458EED-LeaderElection30
2022-06-29 11:32:11,632 INFO  impl.LeaderElection (LeaderElection.java:askForVotes(310)) - s2@group-54B4F2458EED-LeaderElection30 PRE_VOTE round 0: submit vote requests at term 3 for 28: [s0|rpc:localhost:46515|admin:localhost:40757|client:localhost:41939|dataStream:localhost:35593|priority:0, s1|rpc:localhost:34095|admin:localhost:43151|client:localhost:36051|dataStream:localhost:38995|priority:0, s2|rpc:localhost:40453|admin:localhost:33947|client:localhost:38503|dataStream:localhost:42009|priority:0], old=null
2022-06-29 11:32:11,636 INFO  server.RaftServer$Division (RaftServerImpl.java:requestVote(1152)) - s0@group-54B4F2458EED: receive requestVote(PRE_VOTE, s2, group-54B4F2458EED, 3, (t:3, i:31))
2022-06-29 11:32:11,636 WARN  server.GrpcServerProtocolService (LogUtils.java:warn(122)) - s0: Failed requestVote s2->s0#0: org.apache.ratis.protocol.exceptions.ServerNotReadyException: s0@group-54B4F2458EED is not in [RUNNING]: current state is CLOSED
2022-06-29 11:32:11,637 INFO  impl.LeaderElection (LogUtils.java:infoOrTrace(137)) - s2@group-54B4F2458EED-LeaderElection30 got exception when requesting votes: java.util.concurrent.ExecutionException: org.apache.ratis.thirdparty.io.grpc.StatusRuntimeException: INTERNAL: s0@group-54B4F2458EED is not in [RUNNING]: current state is CLOSED
2022-06-29 11:32:11,644 INFO  server.RaftServer$Division (RaftServerImpl.java:requestVote(1152)) - s1@group-54B4F2458EED: receive requestVote(PRE_VOTE, s2, group-54B4F2458EED, 3, (t:3, i:31))
2022-06-29 11:32:11,644 WARN  server.GrpcServerProtocolService (LogUtils.java:warn(122)) - s1: Failed requestVote s2->s1#0: org.apache.ratis.protocol.exceptions.ServerNotReadyException: s1@group-54B4F2458EED is not in [RUNNING]: current state is CLOSED
2022-06-29 11:32:11,644 INFO  impl.LeaderElection (LogUtils.java:infoOrTrace(137)) - s2@group-54B4F2458EED-LeaderElection30 got exception when requesting votes: java.util.concurrent.ExecutionException: org.apache.ratis.thirdparty.io.grpc.StatusRuntimeException: INTERNAL: s1@group-54B4F2458EED is not in [RUNNING]: current state is CLOSED
2022-06-29 11:32:11,645 INFO  impl.LeaderElection (LeaderElection.java:logAndReturn(90)) - s2@group-54B4F2458EED-LeaderElection30: PRE_VOTE REJECTED received 0 response(s) and 2 exception(s):
2022-06-29 11:32:11,645 INFO  impl.LeaderElection (LogUtils.java:infoOrTrace(137)) -   Exception 0: java.util.concurrent.ExecutionException: org.apache.ratis.thirdparty.io.grpc.StatusRuntimeException: INTERNAL: s0@group-54B4F2458EED is not in [RUNNING]: current state is CLOSED
2022-06-29 11:32:11,645 INFO  impl.LeaderElection (LogUtils.java:infoOrTrace(137)) -   Exception 1: java.util.concurrent.ExecutionException: org.apache.ratis.thirdparty.io.grpc.StatusRuntimeException: INTERNAL: s1@group-54B4F2458EED is not in [RUNNING]: current state is CLOSED
2022-06-29 11:32:11,645 INFO  impl.LeaderElection (LeaderElection.java:askForVotes(312)) - s2@group-54B4F2458EED-LeaderElection30 PRE_VOTE round 0: result REJECTED
2022-06-29 11:32:11,645 INFO  server.RaftServer$Division (RaftServerImpl.java:setRole(299)) - s2@group-54B4F2458EED: changes role from CANDIDATE to FOLLOWER at term 3 for REJECTED
2022-06-29 11:32:11,645 INFO  impl.RoleInfo (RoleInfo.java:shutdownLeaderElection(130)) - s2: shutdown s2@group-54B4F2458EED-LeaderElection30
2022-06-29 11:32:11,645 INFO  impl.RoleInfo (RoleInfo.java:updateAndGet(139)) - s2: start s2@group-54B4F2458EED-FollowerState
2022-06-29 11:32:11,944 INFO  impl.FollowerState (FollowerState.java:run(143)) - s2@group-54B4F2458EED-FollowerState: change to CANDIDATE, lastRpcElapsedTime:298890438ns, electionTimeout:291ms
2022-06-29 11:32:11,944 INFO  impl.RoleInfo (RoleInfo.java:shutdownFollowerState(110)) - s2: shutdown s2@group-54B4F2458EED-FollowerState
2022-06-29 11:32:11,944 INFO  server.RaftServer$Division (RaftServerImpl.java:setRole(299)) - s2@group-54B4F2458EED: changes role from  FOLLOWER to CANDIDATE at term 3 for changeToCandidate
2022-06-29 11:32:11,947 INFO  server.RaftServerConfigKeys (ConfUtils.java:logGet(46)) - raft.server.leaderelection.pre-vote = true (default)
2022-06-29 11:32:11,947 INFO  impl.RoleInfo (RoleInfo.java:updateAndGet(139)) - s2: start s2@group-54B4F2458EED-LeaderElection31
2022-06-29 11:32:11,948 INFO  impl.LeaderElection (LeaderElection.java:askForVotes(310)) - s2@group-54B4F2458EED-LeaderElection31 PRE_VOTE round 0: submit vote requests at term 3 for 28: [s0|rpc:localhost:46515|admin:localhost:40757|client:localhost:41939|dataStream:localhost:35593|priority:0, s1|rpc:localhost:34095|admin:localhost:43151|client:localhost:36051|dataStream:localhost:38995|priority:0, s2|rpc:localhost:40453|admin:localhost:33947|client:localhost:38503|dataStream:localhost:42009|priority:0], old=null
2022-06-29 11:32:11,961 INFO  server.RaftServer$Division (RaftServerImpl.java:requestVote(1152)) - s0@group-54B4F2458EED: receive requestVote(PRE_VOTE, s2, group-54B4F2458EED, 3, (t:3, i:31))
2022-06-29 11:32:11,961 WARN  server.GrpcServerProtocolService (LogUtils.java:warn(122)) - s0: Failed requestVote s2->s0#0: org.apache.ratis.protocol.exceptions.ServerNotReadyException: s0@group-54B4F2458EED is not in [RUNNING]: current state is CLOSED
2022-06-29 11:32:11,965 INFO  server.RaftServer$Division (RaftServerImpl.java:requestVote(1152)) - s1@group-54B4F2458EED: receive requestVote(PRE_VOTE, s2, group-54B4F2458EED, 3, (t:3, i:31))
2022-06-29 11:32:11,965 WARN  server.GrpcServerProtocolService (LogUtils.java:warn(122)) - s1: Failed requestVote s2->s1#0: org.apache.ratis.protocol.exceptions.ServerNotReadyException: s1@group-54B4F2458EED is not in [RUNNING]: current state is CLOSED
2022-06-29 11:32:11,966 INFO  impl.LeaderElection (LogUtils.java:infoOrTrace(137)) - s2@group-54B4F2458EED-LeaderElection31 got exception when requesting votes: java.util.concurrent.ExecutionException: org.apache.ratis.thirdparty.io.grpc.StatusRuntimeException: INTERNAL: s1@group-54B4F2458EED is not in [RUNNING]: current state is CLOSED
2022-06-29 11:32:11,966 INFO  impl.LeaderElection (LogUtils.java:infoOrTrace(137)) - s2@group-54B4F2458EED-LeaderElection31 got exception when requesting votes: java.util.concurrent.ExecutionException: org.apache.ratis.thirdparty.io.grpc.StatusRuntimeException: INTERNAL: s0@group-54B4F2458EED is not in [RUNNING]: current state is CLOSED
2022-06-29 11:32:11,966 INFO  impl.LeaderElection (LeaderElection.java:logAndReturn(90)) - s2@group-54B4F2458EED-LeaderElection31: PRE_VOTE REJECTED received 0 response(s) and 2 exception(s):
2022-06-29 11:32:11,966 INFO  impl.LeaderElection (LogUtils.java:infoOrTrace(137)) -   Exception 0: java.util.concurrent.ExecutionException: org.apache.ratis.thirdparty.io.grpc.StatusRuntimeException: INTERNAL: s1@group-54B4F2458EED is not in [RUNNING]: current state is CLOSED
2022-06-29 11:32:11,966 INFO  impl.LeaderElection (LogUtils.java:infoOrTrace(137)) -   Exception 1: java.util.concurrent.ExecutionException: org.apache.ratis.thirdparty.io.grpc.StatusRuntimeException: INTERNAL: s0@group-54B4F2458EED is not in [RUNNING]: current state is CLOSED
2022-06-29 11:32:11,971 INFO  impl.LeaderElection (LeaderElection.java:askForVotes(312)) - s2@group-54B4F2458EED-LeaderElection31 PRE_VOTE round 0: result REJECTED
2022-06-29 11:32:11,971 INFO  server.RaftServer$Division (RaftServerImpl.java:setRole(299)) - s2@group-54B4F2458EED: changes role from CANDIDATE to FOLLOWER at term 3 for REJECTED
2022-06-29 11:32:11,971 INFO  impl.RoleInfo (RoleInfo.java:shutdownLeaderElection(130)) - s2: shutdown s2@group-54B4F2458EED-LeaderElection31
2022-06-29 11:32:11,971 INFO  impl.RoleInfo (RoleInfo.java:updateAndGet(139)) - s2: start s2@group-54B4F2458EED-FollowerState
2022-06-29 11:32:12,212 INFO  impl.FollowerState (FollowerState.java:run(143)) - s2@group-54B4F2458EED-FollowerState: change to CANDIDATE, lastRpcElapsedTime:240737944ns, electionTimeout:236ms
2022-06-29 11:32:12,212 INFO  impl.RoleInfo (RoleInfo.java:shutdownFollowerState(110)) - s2: shutdown s2@group-54B4F2458EED-FollowerState
2022-06-29 11:32:12,212 INFO  server.RaftServer$Division (RaftServerImpl.java:setRole(299)) - s2@group-54B4F2458EED: changes role from  FOLLOWER to CANDIDATE at term 3 for changeToCandidate
2022-06-29 11:32:12,215 INFO  server.RaftServerConfigKeys (ConfUtils.java:logGet(46)) - raft.server.leaderelection.pre-vote = true (default)
2022-06-29 11:32:12,215 INFO  impl.RoleInfo (RoleInfo.java:updateAndGet(139)) - s2: start s2@group-54B4F2458EED-LeaderElection32
2022-06-29 11:32:12,230 INFO  impl.LeaderElection (LeaderElection.java:askForVotes(310)) - s2@group-54B4F2458EED-LeaderElection32 PRE_VOTE round 0: submit vote requests at term 3 for 28: [s0|rpc:localhost:46515|admin:localhost:40757|client:localhost:41939|dataStream:localhost:35593|priority:0, s1|rpc:localhost:34095|admin:localhost:43151|client:localhost:36051|dataStream:localhost:38995|priority:0, s2|rpc:localhost:40453|admin:localhost:33947|client:localhost:38503|dataStream:localhost:42009|priority:0], old=null
2022-06-29 11:32:12,232 INFO  server.RaftServer$Division (RaftServerImpl.java:requestVote(1152)) - s0@group-54B4F2458EED: receive requestVote(PRE_VOTE, s2, group-54B4F2458EED, 3, (t:3, i:31))
2022-06-29 11:32:12,232 WARN  server.GrpcServerProtocolService (LogUtils.java:warn(122)) - s0: Failed requestVote s2->s0#0: org.apache.ratis.protocol.exceptions.ServerNotReadyException: s0@group-54B4F2458EED is not in [RUNNING]: current state is CLOSED
2022-06-29 11:32:12,235 INFO  impl.LeaderElection (LogUtils.java:infoOrTrace(137)) - s2@group-54B4F2458EED-LeaderElection32 got exception when requesting votes: java.util.concurrent.ExecutionException: org.apache.ratis.thirdparty.io.grpc.StatusRuntimeException: INTERNAL: s0@group-54B4F2458EED is not in [RUNNING]: current state is CLOSED
2022-06-29 11:32:12,236 INFO  server.RaftServer$Division (RaftServerImpl.java:requestVote(1152)) - s1@group-54B4F2458EED: receive requestVote(PRE_VOTE, s2, group-54B4F2458EED, 3, (t:3, i:31))
2022-06-29 11:32:12,236 WARN  server.GrpcServerProtocolService (LogUtils.java:warn(122)) - s1: Failed requestVote s2->s1#0: org.apache.ratis.protocol.exceptions.ServerNotReadyException: s1@group-54B4F2458EED is not in [RUNNING]: current state is CLOSED
2022-06-29 11:32:12,237 INFO  impl.LeaderElection (LogUtils.java:infoOrTrace(137)) - s2@group-54B4F2458EED-LeaderElection32 got exception when requesting votes: java.util.concurrent.ExecutionException: org.apache.ratis.thirdparty.io.grpc.StatusRuntimeException: INTERNAL: s1@group-54B4F2458EED is not in [RUNNING]: current state is CLOSED
2022-06-29 11:32:12,237 INFO  impl.LeaderElection (LeaderElection.java:logAndReturn(90)) - s2@group-54B4F2458EED-LeaderElection32: PRE_VOTE REJECTED received 0 response(s) and 2 exception(s):
2022-06-29 11:32:12,238 INFO  impl.LeaderElection (LogUtils.java:infoOrTrace(137)) -   Exception 0: java.util.concurrent.ExecutionException: org.apache.ratis.thirdparty.io.grpc.StatusRuntimeException: INTERNAL: s0@group-54B4F2458EED is not in [RUNNING]: current state is CLOSED
2022-06-29 11:32:12,238 INFO  impl.LeaderElection (LogUtils.java:infoOrTrace(137)) -   Exception 1: java.util.concurrent.ExecutionException: org.apache.ratis.thirdparty.io.grpc.StatusRuntimeException: INTERNAL: s1@group-54B4F2458EED is not in [RUNNING]: current state is CLOSED
2022-06-29 11:32:12,238 INFO  impl.LeaderElection (LeaderElection.java:askForVotes(312)) - s2@group-54B4F2458EED-LeaderElection32 PRE_VOTE round 0: result REJECTED
2022-06-29 11:32:12,238 INFO  server.RaftServer$Division (RaftServerImpl.java:setRole(299)) - s2@group-54B4F2458EED: changes role from CANDIDATE to FOLLOWER at term 3 for REJECTED
2022-06-29 11:32:12,238 INFO  impl.RoleInfo (RoleInfo.java:shutdownLeaderElection(130)) - s2: shutdown s2@group-54B4F2458EED-LeaderElection32
2022-06-29 11:32:12,238 INFO  impl.RoleInfo (RoleInfo.java:updateAndGet(139)) - s2: start s2@group-54B4F2458EED-FollowerState
2022-06-29 11:32:12,501 INFO  impl.FollowerState (FollowerState.java:run(143)) - s2@group-54B4F2458EED-FollowerState: change to CANDIDATE, lastRpcElapsedTime:263376285ns, electionTimeout:260ms
2022-06-29 11:32:12,501 INFO  impl.RoleInfo (RoleInfo.java:shutdownFollowerState(110)) - s2: shutdown s2@group-54B4F2458EED-FollowerState
2022-06-29 11:32:12,501 INFO  server.RaftServer$Division (RaftServerImpl.java:setRole(299)) - s2@group-54B4F2458EED: changes role from  FOLLOWER to CANDIDATE at term 3 for changeToCandidate
2022-06-29 11:32:12,504 INFO  server.RaftServerConfigKeys (ConfUtils.java:logGet(46)) - raft.server.leaderelection.pre-vote = true (default)
2022-06-29 11:32:12,504 INFO  impl.RoleInfo (RoleInfo.java:updateAndGet(139)) - s2: start s2@group-54B4F2458EED-LeaderElection33
2022-06-29 11:32:12,508 INFO  impl.LeaderElection (LeaderElection.java:askForVotes(310)) - s2@group-54B4F2458EED-LeaderElection33 PRE_VOTE round 0: submit vote requests at term 3 for 28: [s0|rpc:localhost:46515|admin:localhost:40757|client:localhost:41939|dataStream:localhost:35593|priority:0, s1|rpc:localhost:34095|admin:localhost:43151|client:localhost:36051|dataStream:localhost:38995|priority:0, s2|rpc:localhost:40453|admin:localhost:33947|client:localhost:38503|dataStream:localhost:42009|priority:0], old=null
2022-06-29 11:32:12,513 INFO  server.RaftServer$Division (RaftServerImpl.java:requestVote(1152)) - s0@group-54B4F2458EED: receive requestVote(PRE_VOTE, s2, group-54B4F2458EED, 3, (t:3, i:31))
2022-06-29 11:32:12,513 WARN  server.GrpcServerProtocolService (LogUtils.java:warn(122)) - s0: Failed requestVote s2->s0#0: org.apache.ratis.protocol.exceptions.ServerNotReadyException: s0@group-54B4F2458EED is not in [RUNNING]: current state is CLOSED
2022-06-29 11:32:12,529 INFO  impl.LeaderElection (LogUtils.java:infoOrTrace(137)) - s2@group-54B4F2458EED-LeaderElection33 got exception when requesting votes: java.util.concurrent.ExecutionException: org.apache.ratis.thirdparty.io.grpc.StatusRuntimeException: INTERNAL: s0@group-54B4F2458EED is not in [RUNNING]: current state is CLOSED
2022-06-29 11:32:12,529 INFO  server.RaftServer$Division (RaftServerImpl.java:requestVote(1152)) - s1@group-54B4F2458EED: receive requestVote(PRE_VOTE, s2, group-54B4F2458EED, 3, (t:3, i:31))
2022-06-29 11:32:12,529 WARN  server.GrpcServerProtocolService (LogUtils.java:warn(122)) - s1: Failed requestVote s2->s1#0: org.apache.ratis.protocol.exceptions.ServerNotReadyException: s1@group-54B4F2458EED is not in [RUNNING]: current state is CLOSED
2022-06-29 11:32:12,532 INFO  impl.LeaderElection (LogUtils.java:infoOrTrace(137)) - s2@group-54B4F2458EED-LeaderElection33 got exception when requesting votes: java.util.concurrent.ExecutionException: org.apache.ratis.thirdparty.io.grpc.StatusRuntimeException: INTERNAL: s1@group-54B4F2458EED is not in [RUNNING]: current state is CLOSED
2022-06-29 11:32:12,532 INFO  impl.LeaderElection (LeaderElection.java:logAndReturn(90)) - s2@group-54B4F2458EED-LeaderElection33: PRE_VOTE REJECTED received 0 response(s) and 2 exception(s):
2022-06-29 11:32:12,532 INFO  impl.LeaderElection (LogUtils.java:infoOrTrace(137)) -   Exception 0: java.util.concurrent.ExecutionException: org.apache.ratis.thirdparty.io.grpc.StatusRuntimeException: INTERNAL: s0@group-54B4F2458EED is not in [RUNNING]: current state is CLOSED
2022-06-29 11:32:12,532 INFO  impl.LeaderElection (LogUtils.java:infoOrTrace(137)) -   Exception 1: java.util.concurrent.ExecutionException: org.apache.ratis.thirdparty.io.grpc.StatusRuntimeException: INTERNAL: s1@group-54B4F2458EED is not in [RUNNING]: current state is CLOSED
2022-06-29 11:32:12,533 INFO  impl.LeaderElection (LeaderElection.java:askForVotes(312)) - s2@group-54B4F2458EED-LeaderElection33 PRE_VOTE round 0: result REJECTED
2022-06-29 11:32:12,533 INFO  server.RaftServer$Division (RaftServerImpl.java:setRole(299)) - s2@group-54B4F2458EED: changes role from CANDIDATE to FOLLOWER at term 3 for REJECTED
2022-06-29 11:32:12,533 INFO  impl.RoleInfo (RoleInfo.java:shutdownLeaderElection(130)) - s2: shutdown s2@group-54B4F2458EED-LeaderElection33
2022-06-29 11:32:12,533 INFO  impl.RoleInfo (RoleInfo.java:updateAndGet(139)) - s2: start s2@group-54B4F2458EED-FollowerState
2022-06-29 11:32:12,733 INFO  impl.FollowerState (FollowerState.java:run(143)) - s2@group-54B4F2458EED-FollowerState: change to CANDIDATE, lastRpcElapsedTime:199518319ns, electionTimeout:185ms
2022-06-29 11:32:12,733 INFO  impl.RoleInfo (RoleInfo.java:shutdownFollowerState(110)) - s2: shutdown s2@group-54B4F2458EED-FollowerState
2022-06-29 11:32:12,733 INFO  server.RaftServer$Division (RaftServerImpl.java:setRole(299)) - s2@group-54B4F2458EED: changes role from  FOLLOWER to CANDIDATE at term 3 for changeToCandidate
2022-06-29 11:32:12,735 INFO  server.RaftServerConfigKeys (ConfUtils.java:logGet(46)) - raft.server.leaderelection.pre-vote = true (default)
2022-06-29 11:32:12,736 INFO  impl.RoleInfo (RoleInfo.java:updateAndGet(139)) - s2: start s2@group-54B4F2458EED-LeaderElection34
2022-06-29 11:32:12,741 INFO  impl.LeaderElection (LeaderElection.java:askForVotes(310)) - s2@group-54B4F2458EED-LeaderElection34 PRE_VOTE round 0: submit vote requests at term 3 for 28: [s0|rpc:localhost:46515|admin:localhost:40757|client:localhost:41939|dataStream:localhost:35593|priority:0, s1|rpc:localhost:34095|admin:localhost:43151|client:localhost:36051|dataStream:localhost:38995|priority:0, s2|rpc:localhost:40453|admin:localhost:33947|client:localhost:38503|dataStream:localhost:42009|priority:0], old=null
2022-06-29 11:32:12,744 INFO  server.RaftServer$Division (RaftServerImpl.java:requestVote(1152)) - s0@group-54B4F2458EED: receive requestVote(PRE_VOTE, s2, group-54B4F2458EED, 3, (t:3, i:31))
2022-06-29 11:32:12,744 WARN  server.GrpcServerProtocolService (LogUtils.java:warn(122)) - s0: Failed requestVote s2->s0#0: org.apache.ratis.protocol.exceptions.ServerNotReadyException: s0@group-54B4F2458EED is not in [RUNNING]: current state is CLOSED
2022-06-29 11:32:12,744 INFO  server.RaftServer$Division (RaftServerImpl.java:requestVote(1152)) - s1@group-54B4F2458EED: receive requestVote(PRE_VOTE, s2, group-54B4F2458EED, 3, (t:3, i:31))
2022-06-29 11:32:12,744 WARN  server.GrpcServerProtocolService (LogUtils.java:warn(122)) - s1: Failed requestVote s2->s1#0: org.apache.ratis.protocol.exceptions.ServerNotReadyException: s1@group-54B4F2458EED is not in [RUNNING]: current state is CLOSED
2022-06-29 11:32:12,745 INFO  impl.LeaderElection (LogUtils.java:infoOrTrace(137)) - s2@group-54B4F2458EED-LeaderElection34 got exception when requesting votes: java.util.concurrent.ExecutionException: org.apache.ratis.thirdparty.io.grpc.StatusRuntimeException: INTERNAL: s0@group-54B4F2458EED is not in [RUNNING]: current state is CLOSED
2022-06-29 11:32:12,745 INFO  impl.LeaderElection (LogUtils.java:infoOrTrace(137)) - s2@group-54B4F2458EED-LeaderElection34 got exception when requesting votes: java.util.concurrent.ExecutionException: org.apache.ratis.thirdparty.io.grpc.StatusRuntimeException: INTERNAL: s1@group-54B4F2458EED is not in [RUNNING]: current state is CLOSED
2022-06-29 11:32:12,745 INFO  impl.LeaderElection (LeaderElection.java:logAndReturn(90)) - s2@group-54B4F2458EED-LeaderElection34: PRE_VOTE REJECTED received 0 response(s) and 2 exception(s):
2022-06-29 11:32:12,745 INFO  impl.LeaderElection (LogUtils.java:infoOrTrace(137)) -   Exception 0: java.util.concurrent.ExecutionException: org.apache.ratis.thirdparty.io.grpc.StatusRuntimeException: INTERNAL: s0@group-54B4F2458EED is not in [RUNNING]: current state is CLOSED
2022-06-29 11:32:12,745 INFO  impl.LeaderElection (LogUtils.java:infoOrTrace(137)) -   Exception 1: java.util.concurrent.ExecutionException: org.apache.ratis.thirdparty.io.grpc.StatusRuntimeException: INTERNAL: s1@group-54B4F2458EED is not in [RUNNING]: current state is CLOSED
2022-06-29 11:32:12,746 INFO  impl.LeaderElection (LeaderElection.java:askForVotes(312)) - s2@group-54B4F2458EED-LeaderElection34 PRE_VOTE round 0: result REJECTED
2022-06-29 11:32:12,746 INFO  server.RaftServer$Division (RaftServerImpl.java:setRole(299)) - s2@group-54B4F2458EED: changes role from CANDIDATE to FOLLOWER at term 3 for REJECTED
2022-06-29 11:32:12,746 INFO  impl.RoleInfo (RoleInfo.java:shutdownLeaderElection(130)) - s2: shutdown s2@group-54B4F2458EED-LeaderElection34
2022-06-29 11:32:12,746 INFO  impl.RoleInfo (RoleInfo.java:updateAndGet(139)) - s2: start s2@group-54B4F2458EED-FollowerState
2022-06-29 11:32:13,040 INFO  impl.FollowerState (FollowerState.java:run(143)) - s2@group-54B4F2458EED-FollowerState: change to CANDIDATE, lastRpcElapsedTime:293184935ns, electionTimeout:291ms
2022-06-29 11:32:13,040 INFO  impl.RoleInfo (RoleInfo.java:shutdownFollowerState(110)) - s2: shutdown s2@group-54B4F2458EED-FollowerState
2022-06-29 11:32:13,040 INFO  server.RaftServer$Division (RaftServerImpl.java:setRole(299)) - s2@group-54B4F2458EED: changes role from  FOLLOWER to CANDIDATE at term 3 for changeToCandidate
2022-06-29 11:32:13,040 INFO  server.RaftServerConfigKeys (ConfUtils.java:logGet(46)) - raft.server.leaderelection.pre-vote = true (default)
2022-06-29 11:32:13,041 INFO  impl.RoleInfo (RoleInfo.java:updateAndGet(139)) - s2: start s2@group-54B4F2458EED-LeaderElection35
2022-06-29 11:32:13,044 INFO  impl.LeaderElection (LeaderElection.java:askForVotes(310)) - s2@group-54B4F2458EED-LeaderElection35 PRE_VOTE round 0: submit vote requests at term 3 for 28: [s0|rpc:localhost:46515|admin:localhost:40757|client:localhost:41939|dataStream:localhost:35593|priority:0, s1|rpc:localhost:34095|admin:localhost:43151|client:localhost:36051|dataStream:localhost:38995|priority:0, s2|rpc:localhost:40453|admin:localhost:33947|client:localhost:38503|dataStream:localhost:42009|priority:0], old=null
2022-06-29 11:32:13,061 INFO  server.RaftServer$Division (RaftServerImpl.java:requestVote(1152)) - s0@group-54B4F2458EED: receive requestVote(PRE_VOTE, s2, group-54B4F2458EED, 3, (t:3, i:31))
2022-06-29 11:32:13,061 WARN  server.GrpcServerProtocolService (LogUtils.java:warn(122)) - s0: Failed requestVote s2->s0#0: org.apache.ratis.protocol.exceptions.ServerNotReadyException: s0@group-54B4F2458EED is not in [RUNNING]: current state is CLOSED
2022-06-29 11:32:13,062 INFO  server.RaftServer$Division (RaftServerImpl.java:requestVote(1152)) - s1@group-54B4F2458EED: receive requestVote(PRE_VOTE, s2, group-54B4F2458EED, 3, (t:3, i:31))
2022-06-29 11:32:13,063 WARN  server.GrpcServerProtocolService (LogUtils.java:warn(122)) - s1: Failed requestVote s2->s1#0: org.apache.ratis.protocol.exceptions.ServerNotReadyException: s1@group-54B4F2458EED is not in [RUNNING]: current state is CLOSED
2022-06-29 11:32:13,064 INFO  impl.LeaderElection (LogUtils.java:infoOrTrace(137)) - s2@group-54B4F2458EED-LeaderElection35 got exception when requesting votes: java.util.concurrent.ExecutionException: org.apache.ratis.thirdparty.io.grpc.StatusRuntimeException: INTERNAL: s1@group-54B4F2458EED is not in [RUNNING]: current state is CLOSED
2022-06-29 11:32:13,065 INFO  impl.LeaderElection (LogUtils.java:infoOrTrace(137)) - s2@group-54B4F2458EED-LeaderElection35 got exception when requesting votes: java.util.concurrent.ExecutionException: org.apache.ratis.thirdparty.io.grpc.StatusRuntimeException: INTERNAL: s0@group-54B4F2458EED is not in [RUNNING]: current state is CLOSED
2022-06-29 11:32:13,065 INFO  impl.LeaderElection (LeaderElection.java:logAndReturn(90)) - s2@group-54B4F2458EED-LeaderElection35: PRE_VOTE REJECTED received 0 response(s) and 2 exception(s):
2022-06-29 11:32:13,065 INFO  impl.LeaderElection (LogUtils.java:infoOrTrace(137)) -   Exception 0: java.util.concurrent.ExecutionException: org.apache.ratis.thirdparty.io.grpc.StatusRuntimeException: INTERNAL: s1@group-54B4F2458EED is not in [RUNNING]: current state is CLOSED
2022-06-29 11:32:13,065 INFO  impl.LeaderElection (LogUtils.java:infoOrTrace(137)) -   Exception 1: java.util.concurrent.ExecutionException: org.apache.ratis.thirdparty.io.grpc.StatusRuntimeException: INTERNAL: s0@group-54B4F2458EED is not in [RUNNING]: current state is CLOSED
2022-06-29 11:32:13,067 INFO  impl.LeaderElection (LeaderElection.java:askForVotes(312)) - s2@group-54B4F2458EED-LeaderElection35 PRE_VOTE round 0: result REJECTED
2022-06-29 11:32:13,067 INFO  server.RaftServer$Division (RaftServerImpl.java:setRole(299)) - s2@group-54B4F2458EED: changes role from CANDIDATE to FOLLOWER at term 3 for REJECTED
2022-06-29 11:32:13,067 INFO  impl.RoleInfo (RoleInfo.java:shutdownLeaderElection(130)) - s2: shutdown s2@group-54B4F2458EED-LeaderElection35
2022-06-29 11:32:13,067 INFO  impl.RoleInfo (RoleInfo.java:updateAndGet(139)) - s2: start s2@group-54B4F2458EED-FollowerState
2022-06-29 11:32:13,321 INFO  impl.FollowerState (FollowerState.java:run(143)) - s2@group-54B4F2458EED-FollowerState: change to CANDIDATE, lastRpcElapsedTime:253328520ns, electionTimeout:250ms
2022-06-29 11:32:13,321 INFO  impl.RoleInfo (RoleInfo.java:shutdownFollowerState(110)) - s2: shutdown s2@group-54B4F2458EED-FollowerState
2022-06-29 11:32:13,321 INFO  server.RaftServer$Division (RaftServerImpl.java:setRole(299)) - s2@group-54B4F2458EED: changes role from  FOLLOWER to CANDIDATE at term 3 for changeToCandidate
2022-06-29 11:32:13,321 INFO  server.RaftServerConfigKeys (ConfUtils.java:logGet(46)) - raft.server.leaderelection.pre-vote = true (default)
2022-06-29 11:32:13,321 INFO  impl.RoleInfo (RoleInfo.java:updateAndGet(139)) - s2: start s2@group-54B4F2458EED-LeaderElection36
2022-06-29 11:32:13,336 INFO  impl.LeaderElection (LeaderElection.java:askForVotes(310)) - s2@group-54B4F2458EED-LeaderElection36 PRE_VOTE round 0: submit vote requests at term 3 for 28: [s0|rpc:localhost:46515|admin:localhost:40757|client:localhost:41939|dataStream:localhost:35593|priority:0, s1|rpc:localhost:34095|admin:localhost:43151|client:localhost:36051|dataStream:localhost:38995|priority:0, s2|rpc:localhost:40453|admin:localhost:33947|client:localhost:38503|dataStream:localhost:42009|priority:0], old=null
2022-06-29 11:32:13,338 INFO  server.RaftServer$Division (RaftServerImpl.java:requestVote(1152)) - s0@group-54B4F2458EED: receive requestVote(PRE_VOTE, s2, group-54B4F2458EED, 3, (t:3, i:31))
2022-06-29 11:32:13,338 WARN  server.GrpcServerProtocolService (LogUtils.java:warn(122)) - s0: Failed requestVote s2->s0#0: org.apache.ratis.protocol.exceptions.ServerNotReadyException: s0@group-54B4F2458EED is not in [RUNNING]: current state is CLOSED
2022-06-29 11:32:13,341 INFO  server.RaftServer$Division (RaftServerImpl.java:requestVote(1152)) - s1@group-54B4F2458EED: receive requestVote(PRE_VOTE, s2, group-54B4F2458EED, 3, (t:3, i:31))
2022-06-29 11:32:13,341 WARN  server.GrpcServerProtocolService (LogUtils.java:warn(122)) - s1: Failed requestVote s2->s1#0: org.apache.ratis.protocol.exceptions.ServerNotReadyException: s1@group-54B4F2458EED is not in [RUNNING]: current state is CLOSED
2022-06-29 11:32:13,342 INFO  impl.LeaderElection (LogUtils.java:infoOrTrace(137)) - s2@group-54B4F2458EED-LeaderElection36 got exception when requesting votes: java.util.concurrent.ExecutionException: org.apache.ratis.thirdparty.io.grpc.StatusRuntimeException: INTERNAL: s1@group-54B4F2458EED is not in [RUNNING]: current state is CLOSED
2022-06-29 11:32:13,342 INFO  impl.LeaderElection (LogUtils.java:infoOrTrace(137)) - s2@group-54B4F2458EED-LeaderElection36 got exception when requesting votes: java.util.concurrent.ExecutionException: org.apache.ratis.thirdparty.io.grpc.StatusRuntimeException: INTERNAL: s0@group-54B4F2458EED is not in [RUNNING]: current state is CLOSED
2022-06-29 11:32:13,342 INFO  impl.LeaderElection (LeaderElection.java:logAndReturn(90)) - s2@group-54B4F2458EED-LeaderElection36: PRE_VOTE REJECTED received 0 response(s) and 2 exception(s):
2022-06-29 11:32:13,342 INFO  impl.LeaderElection (LogUtils.java:infoOrTrace(137)) -   Exception 0: java.util.concurrent.ExecutionException: org.apache.ratis.thirdparty.io.grpc.StatusRuntimeException: INTERNAL: s1@group-54B4F2458EED is not in [RUNNING]: current state is CLOSED
2022-06-29 11:32:13,342 INFO  impl.LeaderElection (LogUtils.java:infoOrTrace(137)) -   Exception 1: java.util.concurrent.ExecutionException: org.apache.ratis.thirdparty.io.grpc.StatusRuntimeException: INTERNAL: s0@group-54B4F2458EED is not in [RUNNING]: current state is CLOSED
2022-06-29 11:32:13,345 INFO  impl.LeaderElection (LeaderElection.java:askForVotes(312)) - s2@group-54B4F2458EED-LeaderElection36 PRE_VOTE round 0: result REJECTED
2022-06-29 11:32:13,345 INFO  server.RaftServer$Division (RaftServerImpl.java:setRole(299)) - s2@group-54B4F2458EED: changes role from CANDIDATE to FOLLOWER at term 3 for REJECTED
2022-06-29 11:32:13,346 INFO  impl.RoleInfo (RoleInfo.java:shutdownLeaderElection(130)) - s2: shutdown s2@group-54B4F2458EED-LeaderElection36
2022-06-29 11:32:13,346 INFO  impl.RoleInfo (RoleInfo.java:updateAndGet(139)) - s2: start s2@group-54B4F2458EED-FollowerState
2022-06-29 11:32:13,555 INFO  impl.FollowerState (FollowerState.java:run(143)) - s2@group-54B4F2458EED-FollowerState: change to CANDIDATE, lastRpcElapsedTime:209103053ns, electionTimeout:205ms
2022-06-29 11:32:13,555 INFO  impl.RoleInfo (RoleInfo.java:shutdownFollowerState(110)) - s2: shutdown s2@group-54B4F2458EED-FollowerState
2022-06-29 11:32:13,555 INFO  server.RaftServer$Division (RaftServerImpl.java:setRole(299)) - s2@group-54B4F2458EED: changes role from  FOLLOWER to CANDIDATE at term 3 for changeToCandidate
2022-06-29 11:32:13,555 INFO  server.RaftServerConfigKeys (ConfUtils.java:logGet(46)) - raft.server.leaderelection.pre-vote = true (default)
2022-06-29 11:32:13,555 INFO  impl.RoleInfo (RoleInfo.java:updateAndGet(139)) - s2: start s2@group-54B4F2458EED-LeaderElection37
2022-06-29 11:32:13,563 INFO  impl.LeaderElection (LeaderElection.java:askForVotes(310)) - s2@group-54B4F2458EED-LeaderElection37 PRE_VOTE round 0: submit vote requests at term 3 for 28: [s0|rpc:localhost:46515|admin:localhost:40757|client:localhost:41939|dataStream:localhost:35593|priority:0, s1|rpc:localhost:34095|admin:localhost:43151|client:localhost:36051|dataStream:localhost:38995|priority:0, s2|rpc:localhost:40453|admin:localhost:33947|client:localhost:38503|dataStream:localhost:42009|priority:0], old=null
2022-06-29 11:32:13,568 INFO  server.RaftServer$Division (RaftServerImpl.java:requestVote(1152)) - s0@group-54B4F2458EED: receive requestVote(PRE_VOTE, s2, group-54B4F2458EED, 3, (t:3, i:31))
2022-06-29 11:32:13,568 WARN  server.GrpcServerProtocolService (LogUtils.java:warn(122)) - s0: Failed requestVote s2->s0#0: org.apache.ratis.protocol.exceptions.ServerNotReadyException: s0@group-54B4F2458EED is not in [RUNNING]: current state is CLOSED
2022-06-29 11:32:13,569 INFO  impl.LeaderElection (LogUtils.java:infoOrTrace(137)) - s2@group-54B4F2458EED-LeaderElection37 got exception when requesting votes: java.util.concurrent.ExecutionException: org.apache.ratis.thirdparty.io.grpc.StatusRuntimeException: INTERNAL: s0@group-54B4F2458EED is not in [RUNNING]: current state is CLOSED
2022-06-29 11:32:13,569 INFO  server.RaftServer$Division (RaftServerImpl.java:requestVote(1152)) - s1@group-54B4F2458EED: receive requestVote(PRE_VOTE, s2, group-54B4F2458EED, 3, (t:3, i:31))
2022-06-29 11:32:13,570 WARN  server.GrpcServerProtocolService (LogUtils.java:warn(122)) - s1: Failed requestVote s2->s1#0: org.apache.ratis.protocol.exceptions.ServerNotReadyException: s1@group-54B4F2458EED is not in [RUNNING]: current state is CLOSED
2022-06-29 11:32:13,579 INFO  impl.LeaderElection (LogUtils.java:infoOrTrace(137)) - s2@group-54B4F2458EED-LeaderElection37 got exception when requesting votes: java.util.concurrent.ExecutionException: org.apache.ratis.thirdparty.io.grpc.StatusRuntimeException: INTERNAL: s1@group-54B4F2458EED is not in [RUNNING]: current state is CLOSED
2022-06-29 11:32:13,579 INFO  impl.LeaderElection (LeaderElection.java:logAndReturn(90)) - s2@group-54B4F2458EED-LeaderElection37: PRE_VOTE REJECTED received 0 response(s) and 2 exception(s):
2022-06-29 11:32:13,579 INFO  impl.LeaderElection (LogUtils.java:infoOrTrace(137)) -   Exception 0: java.util.concurrent.ExecutionException: org.apache.ratis.thirdparty.io.grpc.StatusRuntimeException: INTERNAL: s0@group-54B4F2458EED is not in [RUNNING]: current state is CLOSED
2022-06-29 11:32:13,579 INFO  impl.LeaderElection (LogUtils.java:infoOrTrace(137)) -   Exception 1: java.util.concurrent.ExecutionException: org.apache.ratis.thirdparty.io.grpc.StatusRuntimeException: INTERNAL: s1@group-54B4F2458EED is not in [RUNNING]: current state is CLOSED
2022-06-29 11:32:13,579 INFO  impl.LeaderElection (LeaderElection.java:askForVotes(312)) - s2@group-54B4F2458EED-LeaderElection37 PRE_VOTE round 0: result REJECTED
2022-06-29 11:32:13,579 INFO  server.RaftServer$Division (RaftServerImpl.java:setRole(299)) - s2@group-54B4F2458EED: changes role from CANDIDATE to FOLLOWER at term 3 for REJECTED
2022-06-29 11:32:13,579 INFO  impl.RoleInfo (RoleInfo.java:shutdownLeaderElection(130)) - s2: shutdown s2@group-54B4F2458EED-LeaderElection37
2022-06-29 11:32:13,579 INFO  impl.RoleInfo (RoleInfo.java:updateAndGet(139)) - s2: start s2@group-54B4F2458EED-FollowerState
2022-06-29 11:32:13,871 INFO  impl.FollowerState (FollowerState.java:run(143)) - s2@group-54B4F2458EED-FollowerState: change to CANDIDATE, lastRpcElapsedTime:292040603ns, electionTimeout:288ms
2022-06-29 11:32:13,871 INFO  impl.RoleInfo (RoleInfo.java:shutdownFollowerState(110)) - s2: shutdown s2@group-54B4F2458EED-FollowerState
2022-06-29 11:32:13,871 INFO  server.RaftServer$Division (RaftServerImpl.java:setRole(299)) - s2@group-54B4F2458EED: changes role from  FOLLOWER to CANDIDATE at term 3 for changeToCandidate
2022-06-29 11:32:13,872 INFO  server.RaftServerConfigKeys (ConfUtils.java:logGet(46)) - raft.server.leaderelection.pre-vote = true (default)
2022-06-29 11:32:13,872 INFO  impl.RoleInfo (RoleInfo.java:updateAndGet(139)) - s2: start s2@group-54B4F2458EED-LeaderElection38
2022-06-29 11:32:13,880 INFO  impl.LeaderElection (LeaderElection.java:askForVotes(310)) - s2@group-54B4F2458EED-LeaderElection38 PRE_VOTE round 0: submit vote requests at term 3 for 28: [s0|rpc:localhost:46515|admin:localhost:40757|client:localhost:41939|dataStream:localhost:35593|priority:0, s1|rpc:localhost:34095|admin:localhost:43151|client:localhost:36051|dataStream:localhost:38995|priority:0, s2|rpc:localhost:40453|admin:localhost:33947|client:localhost:38503|dataStream:localhost:42009|priority:0], old=null
2022-06-29 11:32:13,888 INFO  server.RaftServer$Division (RaftServerImpl.java:requestVote(1152)) - s0@group-54B4F2458EED: receive requestVote(PRE_VOTE, s2, group-54B4F2458EED, 3, (t:3, i:31))
2022-06-29 11:32:13,888 WARN  server.GrpcServerProtocolService (LogUtils.java:warn(122)) - s0: Failed requestVote s2->s0#0: org.apache.ratis.protocol.exceptions.ServerNotReadyException: s0@group-54B4F2458EED is not in [RUNNING]: current state is CLOSED
2022-06-29 11:32:13,892 INFO  server.RaftServer$Division (RaftServerImpl.java:requestVote(1152)) - s1@group-54B4F2458EED: receive requestVote(PRE_VOTE, s2, group-54B4F2458EED, 3, (t:3, i:31))
2022-06-29 11:32:13,892 WARN  server.GrpcServerProtocolService (LogUtils.java:warn(122)) - s1: Failed requestVote s2->s1#0: org.apache.ratis.protocol.exceptions.ServerNotReadyException: s1@group-54B4F2458EED is not in [RUNNING]: current state is CLOSED
2022-06-29 11:32:13,895 INFO  impl.LeaderElection (LogUtils.java:infoOrTrace(137)) - s2@group-54B4F2458EED-LeaderElection38 got exception when requesting votes: java.util.concurrent.ExecutionException: org.apache.ratis.thirdparty.io.grpc.StatusRuntimeException: INTERNAL: s1@group-54B4F2458EED is not in [RUNNING]: current state is CLOSED
2022-06-29 11:32:13,895 INFO  impl.LeaderElection (LogUtils.java:infoOrTrace(137)) - s2@group-54B4F2458EED-LeaderElection38 got exception when requesting votes: java.util.concurrent.ExecutionException: org.apache.ratis.thirdparty.io.grpc.StatusRuntimeException: INTERNAL: s0@group-54B4F2458EED is not in [RUNNING]: current state is CLOSED
2022-06-29 11:32:13,895 INFO  impl.LeaderElection (LeaderElection.java:logAndReturn(90)) - s2@group-54B4F2458EED-LeaderElection38: PRE_VOTE REJECTED received 0 response(s) and 2 exception(s):
2022-06-29 11:32:13,895 INFO  impl.LeaderElection (LogUtils.java:infoOrTrace(137)) -   Exception 0: java.util.concurrent.ExecutionException: org.apache.ratis.thirdparty.io.grpc.StatusRuntimeException: INTERNAL: s1@group-54B4F2458EED is not in [RUNNING]: current state is CLOSED
2022-06-29 11:32:13,895 INFO  impl.LeaderElection (LogUtils.java:infoOrTrace(137)) -   Exception 1: java.util.concurrent.ExecutionException: org.apache.ratis.thirdparty.io.grpc.StatusRuntimeException: INTERNAL: s0@group-54B4F2458EED is not in [RUNNING]: current state is CLOSED
2022-06-29 11:32:13,898 INFO  impl.LeaderElection (LeaderElection.java:askForVotes(312)) - s2@group-54B4F2458EED-LeaderElection38 PRE_VOTE round 0: result REJECTED
2022-06-29 11:32:13,898 INFO  server.RaftServer$Division (RaftServerImpl.java:setRole(299)) - s2@group-54B4F2458EED: changes role from CANDIDATE to FOLLOWER at term 3 for REJECTED
2022-06-29 11:32:13,898 INFO  impl.RoleInfo (RoleInfo.java:shutdownLeaderElection(130)) - s2: shutdown s2@group-54B4F2458EED-LeaderElection38
2022-06-29 11:32:13,899 INFO  impl.RoleInfo (RoleInfo.java:updateAndGet(139)) - s2: start s2@group-54B4F2458EED-FollowerState
2022-06-29 11:32:14,100 INFO  impl.FollowerState (FollowerState.java:run(143)) - s2@group-54B4F2458EED-FollowerState: change to CANDIDATE, lastRpcElapsedTime:201148628ns, electionTimeout:198ms
2022-06-29 11:32:14,100 INFO  impl.RoleInfo (RoleInfo.java:shutdownFollowerState(110)) - s2: shutdown s2@group-54B4F2458EED-FollowerState
2022-06-29 11:32:14,100 INFO  server.RaftServer$Division (RaftServerImpl.java:setRole(299)) - s2@group-54B4F2458EED: changes role from  FOLLOWER to CANDIDATE at term 3 for changeToCandidate
2022-06-29 11:32:14,100 INFO  server.RaftServerConfigKeys (ConfUtils.java:logGet(46)) - raft.server.leaderelection.pre-vote = true (default)
2022-06-29 11:32:14,100 INFO  impl.RoleInfo (RoleInfo.java:updateAndGet(139)) - s2: start s2@group-54B4F2458EED-LeaderElection39
2022-06-29 11:32:14,106 INFO  impl.LeaderElection (LeaderElection.java:askForVotes(310)) - s2@group-54B4F2458EED-LeaderElection39 PRE_VOTE round 0: submit vote requests at term 3 for 28: [s0|rpc:localhost:46515|admin:localhost:40757|client:localhost:41939|dataStream:localhost:35593|priority:0, s1|rpc:localhost:34095|admin:localhost:43151|client:localhost:36051|dataStream:localhost:38995|priority:0, s2|rpc:localhost:40453|admin:localhost:33947|client:localhost:38503|dataStream:localhost:42009|priority:0], old=null
2022-06-29 11:32:14,109 INFO  server.RaftServer$Division (RaftServerImpl.java:requestVote(1152)) - s0@group-54B4F2458EED: receive requestVote(PRE_VOTE, s2, group-54B4F2458EED, 3, (t:3, i:31))
2022-06-29 11:32:14,109 WARN  server.GrpcServerProtocolService (LogUtils.java:warn(122)) - s0: Failed requestVote s2->s0#0: org.apache.ratis.protocol.exceptions.ServerNotReadyException: s0@group-54B4F2458EED is not in [RUNNING]: current state is CLOSED
2022-06-29 11:32:14,111 INFO  impl.LeaderElection (LogUtils.java:infoOrTrace(137)) - s2@group-54B4F2458EED-LeaderElection39 got exception when requesting votes: java.util.concurrent.ExecutionException: org.apache.ratis.thirdparty.io.grpc.StatusRuntimeException: INTERNAL: s0@group-54B4F2458EED is not in [RUNNING]: current state is CLOSED
2022-06-29 11:32:14,113 INFO  server.RaftServer$Division (RaftServerImpl.java:requestVote(1152)) - s1@group-54B4F2458EED: receive requestVote(PRE_VOTE, s2, group-54B4F2458EED, 3, (t:3, i:31))
2022-06-29 11:32:14,113 WARN  server.GrpcServerProtocolService (LogUtils.java:warn(122)) - s1: Failed requestVote s2->s1#0: org.apache.ratis.protocol.exceptions.ServerNotReadyException: s1@group-54B4F2458EED is not in [RUNNING]: current state is CLOSED
2022-06-29 11:32:14,114 INFO  impl.LeaderElection (LogUtils.java:infoOrTrace(137)) - s2@group-54B4F2458EED-LeaderElection39 got exception when requesting votes: java.util.concurrent.ExecutionException: org.apache.ratis.thirdparty.io.grpc.StatusRuntimeException: INTERNAL: s1@group-54B4F2458EED is not in [RUNNING]: current state is CLOSED
2022-06-29 11:32:14,114 INFO  impl.LeaderElection (LeaderElection.java:logAndReturn(90)) - s2@group-54B4F2458EED-LeaderElection39: PRE_VOTE REJECTED received 0 response(s) and 2 exception(s):
2022-06-29 11:32:14,114 INFO  impl.LeaderElection (LogUtils.java:infoOrTrace(137)) -   Exception 0: java.util.concurrent.ExecutionException: org.apache.ratis.thirdparty.io.grpc.StatusRuntimeException: INTERNAL: s0@group-54B4F2458EED is not in [RUNNING]: current state is CLOSED
2022-06-29 11:32:14,114 INFO  impl.LeaderElection (LogUtils.java:infoOrTrace(137)) -   Exception 1: java.util.concurrent.ExecutionException: org.apache.ratis.thirdparty.io.grpc.StatusRuntimeException: INTERNAL: s1@group-54B4F2458EED is not in [RUNNING]: current state is CLOSED
2022-06-29 11:32:14,114 INFO  impl.LeaderElection (LeaderElection.java:askForVotes(312)) - s2@group-54B4F2458EED-LeaderElection39 PRE_VOTE round 0: result REJECTED
2022-06-29 11:32:14,114 INFO  server.RaftServer$Division (RaftServerImpl.java:setRole(299)) - s2@group-54B4F2458EED: changes role from CANDIDATE to FOLLOWER at term 3 for REJECTED
2022-06-29 11:32:14,114 INFO  impl.RoleInfo (RoleInfo.java:shutdownLeaderElection(130)) - s2: shutdown s2@group-54B4F2458EED-LeaderElection39
2022-06-29 11:32:14,114 INFO  impl.RoleInfo (RoleInfo.java:updateAndGet(139)) - s2: start s2@group-54B4F2458EED-FollowerState
2022-06-29 11:32:14,400 INFO  impl.FollowerState (FollowerState.java:run(143)) - s2@group-54B4F2458EED-FollowerState: change to CANDIDATE, lastRpcElapsedTime:285494390ns, electionTimeout:285ms
2022-06-29 11:32:14,400 INFO  impl.RoleInfo (RoleInfo.java:shutdownFollowerState(110)) - s2: shutdown s2@group-54B4F2458EED-FollowerState
2022-06-29 11:32:14,400 INFO  server.RaftServer$Division (RaftServerImpl.java:setRole(299)) - s2@group-54B4F2458EED: changes role from  FOLLOWER to CANDIDATE at term 3 for changeToCandidate
2022-06-29 11:32:14,404 INFO  server.RaftServerConfigKeys (ConfUtils.java:logGet(46)) - raft.server.leaderelection.pre-vote = true (default)
2022-06-29 11:32:14,404 INFO  impl.RoleInfo (RoleInfo.java:updateAndGet(139)) - s2: start s2@group-54B4F2458EED-LeaderElection40
2022-06-29 11:32:14,409 INFO  impl.LeaderElection (LeaderElection.java:askForVotes(310)) - s2@group-54B4F2458EED-LeaderElection40 PRE_VOTE round 0: submit vote requests at term 3 for 28: [s0|rpc:localhost:46515|admin:localhost:40757|client:localhost:41939|dataStream:localhost:35593|priority:0, s1|rpc:localhost:34095|admin:localhost:43151|client:localhost:36051|dataStream:localhost:38995|priority:0, s2|rpc:localhost:40453|admin:localhost:33947|client:localhost:38503|dataStream:localhost:42009|priority:0], old=null
2022-06-29 11:32:14,424 INFO  server.RaftServer$Division (RaftServerImpl.java:requestVote(1152)) - s1@group-54B4F2458EED: receive requestVote(PRE_VOTE, s2, group-54B4F2458EED, 3, (t:3, i:31))
2022-06-29 11:32:14,424 WARN  server.GrpcServerProtocolService (LogUtils.java:warn(122)) - s1: Failed requestVote s2->s1#0: org.apache.ratis.protocol.exceptions.ServerNotReadyException: s1@group-54B4F2458EED is not in [RUNNING]: current state is CLOSED
2022-06-29 11:32:14,425 INFO  server.RaftServer$Division (RaftServerImpl.java:requestVote(1152)) - s0@group-54B4F2458EED: receive requestVote(PRE_VOTE, s2, group-54B4F2458EED, 3, (t:3, i:31))
2022-06-29 11:32:14,425 WARN  server.GrpcServerProtocolService (LogUtils.java:warn(122)) - s0: Failed requestVote s2->s0#0: org.apache.ratis.protocol.exceptions.ServerNotReadyException: s0@group-54B4F2458EED is not in [RUNNING]: current state is CLOSED
2022-06-29 11:32:14,426 INFO  impl.LeaderElection (LogUtils.java:infoOrTrace(137)) - s2@group-54B4F2458EED-LeaderElection40 got exception when requesting votes: java.util.concurrent.ExecutionException: org.apache.ratis.thirdparty.io.grpc.StatusRuntimeException: INTERNAL: s0@group-54B4F2458EED is not in [RUNNING]: current state is CLOSED
2022-06-29 11:32:14,427 INFO  impl.LeaderElection (LogUtils.java:infoOrTrace(137)) - s2@group-54B4F2458EED-LeaderElection40 got exception when requesting votes: java.util.concurrent.ExecutionException: org.apache.ratis.thirdparty.io.grpc.StatusRuntimeException: INTERNAL: s1@group-54B4F2458EED is not in [RUNNING]: current state is CLOSED
2022-06-29 11:32:14,427 INFO  impl.LeaderElection (LeaderElection.java:logAndReturn(90)) - s2@group-54B4F2458EED-LeaderElection40: PRE_VOTE REJECTED received 0 response(s) and 2 exception(s):
2022-06-29 11:32:14,427 INFO  impl.LeaderElection (LogUtils.java:infoOrTrace(137)) -   Exception 0: java.util.concurrent.ExecutionException: org.apache.ratis.thirdparty.io.grpc.StatusRuntimeException: INTERNAL: s0@group-54B4F2458EED is not in [RUNNING]: current state is CLOSED
2022-06-29 11:32:14,427 INFO  impl.LeaderElection (LogUtils.java:infoOrTrace(137)) -   Exception 1: java.util.concurrent.ExecutionException: org.apache.ratis.thirdparty.io.grpc.StatusRuntimeException: INTERNAL: s1@group-54B4F2458EED is not in [RUNNING]: current state is CLOSED
2022-06-29 11:32:14,427 INFO  impl.LeaderElection (LeaderElection.java:askForVotes(312)) - s2@group-54B4F2458EED-LeaderElection40 PRE_VOTE round 0: result REJECTED
2022-06-29 11:32:14,427 INFO  server.RaftServer$Division (RaftServerImpl.java:setRole(299)) - s2@group-54B4F2458EED: changes role from CANDIDATE to FOLLOWER at term 3 for REJECTED
2022-06-29 11:32:14,427 INFO  impl.RoleInfo (RoleInfo.java:shutdownLeaderElection(130)) - s2: shutdown s2@group-54B4F2458EED-LeaderElection40
2022-06-29 11:32:14,427 INFO  impl.RoleInfo (RoleInfo.java:updateAndGet(139)) - s2: start s2@group-54B4F2458EED-FollowerState
2022-06-29 11:32:14,589 INFO  impl.FollowerState (FollowerState.java:run(143)) - s2@group-54B4F2458EED-FollowerState: change to CANDIDATE, lastRpcElapsedTime:161388325ns, electionTimeout:157ms
2022-06-29 11:32:14,589 INFO  impl.RoleInfo (RoleInfo.java:shutdownFollowerState(110)) - s2: shutdown s2@group-54B4F2458EED-FollowerState
2022-06-29 11:32:14,589 INFO  server.RaftServer$Division (RaftServerImpl.java:setRole(299)) - s2@group-54B4F2458EED: changes role from  FOLLOWER to CANDIDATE at term 3 for changeToCandidate
2022-06-29 11:32:14,592 INFO  server.RaftServerConfigKeys (ConfUtils.java:logGet(46)) - raft.server.leaderelection.pre-vote = true (default)
2022-06-29 11:32:14,592 INFO  impl.RoleInfo (RoleInfo.java:updateAndGet(139)) - s2: start s2@group-54B4F2458EED-LeaderElection41
2022-06-29 11:32:14,596 INFO  impl.LeaderElection (LeaderElection.java:askForVotes(310)) - s2@group-54B4F2458EED-LeaderElection41 PRE_VOTE round 0: submit vote requests at term 3 for 28: [s0|rpc:localhost:46515|admin:localhost:40757|client:localhost:41939|dataStream:localhost:35593|priority:0, s1|rpc:localhost:34095|admin:localhost:43151|client:localhost:36051|dataStream:localhost:38995|priority:0, s2|rpc:localhost:40453|admin:localhost:33947|client:localhost:38503|dataStream:localhost:42009|priority:0], old=null
2022-06-29 11:32:14,614 INFO  server.RaftServer$Division (RaftServerImpl.java:requestVote(1152)) - s1@group-54B4F2458EED: receive requestVote(PRE_VOTE, s2, group-54B4F2458EED, 3, (t:3, i:31))
2022-06-29 11:32:14,615 WARN  server.GrpcServerProtocolService (LogUtils.java:warn(122)) - s1: Failed requestVote s2->s1#0: org.apache.ratis.protocol.exceptions.ServerNotReadyException: s1@group-54B4F2458EED is not in [RUNNING]: current state is CLOSED
2022-06-29 11:32:14,615 INFO  server.RaftServer$Division (RaftServerImpl.java:requestVote(1152)) - s0@group-54B4F2458EED: receive requestVote(PRE_VOTE, s2, group-54B4F2458EED, 3, (t:3, i:31))
2022-06-29 11:32:14,615 WARN  server.GrpcServerProtocolService (LogUtils.java:warn(122)) - s0: Failed requestVote s2->s0#0: org.apache.ratis.protocol.exceptions.ServerNotReadyException: s0@group-54B4F2458EED is not in [RUNNING]: current state is CLOSED
2022-06-29 11:32:14,616 INFO  impl.LeaderElection (LogUtils.java:infoOrTrace(137)) - s2@group-54B4F2458EED-LeaderElection41 got exception when requesting votes: java.util.concurrent.ExecutionException: org.apache.ratis.thirdparty.io.grpc.StatusRuntimeException: INTERNAL: s1@group-54B4F2458EED is not in [RUNNING]: current state is CLOSED
2022-06-29 11:32:14,617 INFO  impl.LeaderElection (LogUtils.java:infoOrTrace(137)) - s2@group-54B4F2458EED-LeaderElection41 got exception when requesting votes: java.util.concurrent.ExecutionException: org.apache.ratis.thirdparty.io.grpc.StatusRuntimeException: INTERNAL: s0@group-54B4F2458EED is not in [RUNNING]: current state is CLOSED
2022-06-29 11:32:14,617 INFO  impl.LeaderElection (LeaderElection.java:logAndReturn(90)) - s2@group-54B4F2458EED-LeaderElection41: PRE_VOTE REJECTED received 0 response(s) and 2 exception(s):
2022-06-29 11:32:14,617 INFO  impl.LeaderElection (LogUtils.java:infoOrTrace(137)) -   Exception 0: java.util.concurrent.ExecutionException: org.apache.ratis.thirdparty.io.grpc.StatusRuntimeException: INTERNAL: s1@group-54B4F2458EED is not in [RUNNING]: current state is CLOSED
2022-06-29 11:32:14,617 INFO  impl.LeaderElection (LogUtils.java:infoOrTrace(137)) -   Exception 1: java.util.concurrent.ExecutionException: org.apache.ratis.thirdparty.io.grpc.StatusRuntimeException: INTERNAL: s0@group-54B4F2458EED is not in [RUNNING]: current state is CLOSED
2022-06-29 11:32:14,617 INFO  impl.LeaderElection (LeaderElection.java:askForVotes(312)) - s2@group-54B4F2458EED-LeaderElection41 PRE_VOTE round 0: result REJECTED
2022-06-29 11:32:14,617 INFO  server.RaftServer$Division (RaftServerImpl.java:setRole(299)) - s2@group-54B4F2458EED: changes role from CANDIDATE to FOLLOWER at term 3 for REJECTED
2022-06-29 11:32:14,617 INFO  impl.RoleInfo (RoleInfo.java:shutdownLeaderElection(130)) - s2: shutdown s2@group-54B4F2458EED-LeaderElection41
2022-06-29 11:32:14,617 INFO  impl.RoleInfo (RoleInfo.java:updateAndGet(139)) - s2: start s2@group-54B4F2458EED-FollowerState
2022-06-29 11:32:14,917 INFO  impl.FollowerState (FollowerState.java:run(143)) - s2@group-54B4F2458EED-FollowerState: change to CANDIDATE, lastRpcElapsedTime:299443699ns, electionTimeout:297ms
2022-06-29 11:32:14,917 INFO  impl.RoleInfo (RoleInfo.java:shutdownFollowerState(110)) - s2: shutdown s2@group-54B4F2458EED-FollowerState
2022-06-29 11:32:14,917 INFO  server.RaftServer$Division (RaftServerImpl.java:setRole(299)) - s2@group-54B4F2458EED: changes role from  FOLLOWER to CANDIDATE at term 3 for changeToCandidate
2022-06-29 11:32:14,917 INFO  server.RaftServerConfigKeys (ConfUtils.java:logGet(46)) - raft.server.leaderelection.pre-vote = true (default)
2022-06-29 11:32:14,917 INFO  impl.RoleInfo (RoleInfo.java:updateAndGet(139)) - s2: start s2@group-54B4F2458EED-LeaderElection42
2022-06-29 11:32:14,926 INFO  impl.LeaderElection (LeaderElection.java:askForVotes(310)) - s2@group-54B4F2458EED-LeaderElection42 PRE_VOTE round 0: submit vote requests at term 3 for 28: [s0|rpc:localhost:46515|admin:localhost:40757|client:localhost:41939|dataStream:localhost:35593|priority:0, s1|rpc:localhost:34095|admin:localhost:43151|client:localhost:36051|dataStream:localhost:38995|priority:0, s2|rpc:localhost:40453|admin:localhost:33947|client:localhost:38503|dataStream:localhost:42009|priority:0], old=null
2022-06-29 11:32:14,927 INFO  server.RaftServer$Division (RaftServerImpl.java:requestVote(1152)) - s0@group-54B4F2458EED: receive requestVote(PRE_VOTE, s2, group-54B4F2458EED, 3, (t:3, i:31))
2022-06-29 11:32:14,928 WARN  server.GrpcServerProtocolService (LogUtils.java:warn(122)) - s0: Failed requestVote s2->s0#0: org.apache.ratis.protocol.exceptions.ServerNotReadyException: s0@group-54B4F2458EED is not in [RUNNING]: current state is CLOSED
2022-06-29 11:32:14,928 INFO  impl.LeaderElection (LogUtils.java:infoOrTrace(137)) - s2@group-54B4F2458EED-LeaderElection42 got exception when requesting votes: java.util.concurrent.ExecutionException: org.apache.ratis.thirdparty.io.grpc.StatusRuntimeException: INTERNAL: s0@group-54B4F2458EED is not in [RUNNING]: current state is CLOSED
2022-06-29 11:32:14,930 INFO  server.RaftServer$Division (RaftServerImpl.java:requestVote(1152)) - s1@group-54B4F2458EED: receive requestVote(PRE_VOTE, s2, group-54B4F2458EED, 3, (t:3, i:31))
2022-06-29 11:32:14,930 WARN  server.GrpcServerProtocolService (LogUtils.java:warn(122)) - s1: Failed requestVote s2->s1#0: org.apache.ratis.protocol.exceptions.ServerNotReadyException: s1@group-54B4F2458EED is not in [RUNNING]: current state is CLOSED
2022-06-29 11:32:14,931 INFO  impl.LeaderElection (LogUtils.java:infoOrTrace(137)) - s2@group-54B4F2458EED-LeaderElection42 got exception when requesting votes: java.util.concurrent.ExecutionException: org.apache.ratis.thirdparty.io.grpc.StatusRuntimeException: INTERNAL: s1@group-54B4F2458EED is not in [RUNNING]: current state is CLOSED
2022-06-29 11:32:14,931 INFO  impl.LeaderElection (LeaderElection.java:logAndReturn(90)) - s2@group-54B4F2458EED-LeaderElection42: PRE_VOTE REJECTED received 0 response(s) and 2 exception(s):
2022-06-29 11:32:14,931 INFO  impl.LeaderElection (LogUtils.java:infoOrTrace(137)) -   Exception 0: java.util.concurrent.ExecutionException: org.apache.ratis.thirdparty.io.grpc.StatusRuntimeException: INTERNAL: s0@group-54B4F2458EED is not in [RUNNING]: current state is CLOSED
2022-06-29 11:32:14,931 INFO  impl.LeaderElection (LogUtils.java:infoOrTrace(137)) -   Exception 1: java.util.concurrent.ExecutionException: org.apache.ratis.thirdparty.io.grpc.StatusRuntimeException: INTERNAL: s1@group-54B4F2458EED is not in [RUNNING]: current state is CLOSED
2022-06-29 11:32:14,931 INFO  impl.LeaderElection (LeaderElection.java:askForVotes(312)) - s2@group-54B4F2458EED-LeaderElection42 PRE_VOTE round 0: result REJECTED
2022-06-29 11:32:14,931 INFO  server.RaftServer$Division (RaftServerImpl.java:setRole(299)) - s2@group-54B4F2458EED: changes role from CANDIDATE to FOLLOWER at term 3 for REJECTED
2022-06-29 11:32:14,931 INFO  impl.RoleInfo (RoleInfo.java:shutdownLeaderElection(130)) - s2: shutdown s2@group-54B4F2458EED-LeaderElection42
2022-06-29 11:32:14,931 INFO  impl.RoleInfo (RoleInfo.java:updateAndGet(139)) - s2: start s2@group-54B4F2458EED-FollowerState
2022-06-29 11:32:15,209 INFO  impl.FollowerState (FollowerState.java:run(143)) - s2@group-54B4F2458EED-FollowerState: change to CANDIDATE, lastRpcElapsedTime:277815464ns, electionTimeout:275ms
2022-06-29 11:32:15,209 INFO  impl.RoleInfo (RoleInfo.java:shutdownFollowerState(110)) - s2: shutdown s2@group-54B4F2458EED-FollowerState
2022-06-29 11:32:15,209 INFO  server.RaftServer$Division (RaftServerImpl.java:setRole(299)) - s2@group-54B4F2458EED: changes role from  FOLLOWER to CANDIDATE at term 3 for changeToCandidate
2022-06-29 11:32:15,210 INFO  server.RaftServerConfigKeys (ConfUtils.java:logGet(46)) - raft.server.leaderelection.pre-vote = true (default)
2022-06-29 11:32:15,211 INFO  impl.RoleInfo (RoleInfo.java:updateAndGet(139)) - s2: start s2@group-54B4F2458EED-LeaderElection43
2022-06-29 11:32:15,222 INFO  impl.LeaderElection (LeaderElection.java:askForVotes(310)) - s2@group-54B4F2458EED-LeaderElection43 PRE_VOTE round 0: submit vote requests at term 3 for 28: [s0|rpc:localhost:46515|admin:localhost:40757|client:localhost:41939|dataStream:localhost:35593|priority:0, s1|rpc:localhost:34095|admin:localhost:43151|client:localhost:36051|dataStream:localhost:38995|priority:0, s2|rpc:localhost:40453|admin:localhost:33947|client:localhost:38503|dataStream:localhost:42009|priority:0], old=null
2022-06-29 11:32:15,226 INFO  server.RaftServer$Division (RaftServerImpl.java:requestVote(1152)) - s0@group-54B4F2458EED: receive requestVote(PRE_VOTE, s2, group-54B4F2458EED, 3, (t:3, i:31))
2022-06-29 11:32:15,226 WARN  server.GrpcServerProtocolService (LogUtils.java:warn(122)) - s0: Failed requestVote s2->s0#0: org.apache.ratis.protocol.exceptions.ServerNotReadyException: s0@group-54B4F2458EED is not in [RUNNING]: current state is CLOSED
2022-06-29 11:32:15,227 INFO  server.RaftServer$Division (RaftServerImpl.java:requestVote(1152)) - s1@group-54B4F2458EED: receive requestVote(PRE_VOTE, s2, group-54B4F2458EED, 3, (t:3, i:31))
2022-06-29 11:32:15,227 WARN  server.GrpcServerProtocolService (LogUtils.java:warn(122)) - s1: Failed requestVote s2->s1#0: org.apache.ratis.protocol.exceptions.ServerNotReadyException: s1@group-54B4F2458EED is not in [RUNNING]: current state is CLOSED
2022-06-29 11:32:15,228 INFO  impl.LeaderElection (LogUtils.java:infoOrTrace(137)) - s2@group-54B4F2458EED-LeaderElection43 got exception when requesting votes: java.util.concurrent.ExecutionException: org.apache.ratis.thirdparty.io.grpc.StatusRuntimeException: INTERNAL: s0@group-54B4F2458EED is not in [RUNNING]: current state is CLOSED
2022-06-29 11:32:15,229 INFO  impl.LeaderElection (LogUtils.java:infoOrTrace(137)) - s2@group-54B4F2458EED-LeaderElection43 got exception when requesting votes: java.util.concurrent.ExecutionException: org.apache.ratis.thirdparty.io.grpc.StatusRuntimeException: INTERNAL: s1@group-54B4F2458EED is not in [RUNNING]: current state is CLOSED
2022-06-29 11:32:15,229 INFO  impl.LeaderElection (LeaderElection.java:logAndReturn(90)) - s2@group-54B4F2458EED-LeaderElection43: PRE_VOTE REJECTED received 0 response(s) and 2 exception(s):
2022-06-29 11:32:15,229 INFO  impl.LeaderElection (LogUtils.java:infoOrTrace(137)) -   Exception 0: java.util.concurrent.ExecutionException: org.apache.ratis.thirdparty.io.grpc.StatusRuntimeException: INTERNAL: s0@group-54B4F2458EED is not in [RUNNING]: current state is CLOSED
2022-06-29 11:32:15,229 INFO  impl.LeaderElection (LogUtils.java:infoOrTrace(137)) -   Exception 1: java.util.concurrent.ExecutionException: org.apache.ratis.thirdparty.io.grpc.StatusRuntimeException: INTERNAL: s1@group-54B4F2458EED is not in [RUNNING]: current state is CLOSED
2022-06-29 11:32:15,231 INFO  impl.LeaderElection (LeaderElection.java:askForVotes(312)) - s2@group-54B4F2458EED-LeaderElection43 PRE_VOTE round 0: result REJECTED
2022-06-29 11:32:15,231 INFO  server.RaftServer$Division (RaftServerImpl.java:setRole(299)) - s2@group-54B4F2458EED: changes role from CANDIDATE to FOLLOWER at term 3 for REJECTED
2022-06-29 11:32:15,231 INFO  impl.RoleInfo (RoleInfo.java:shutdownLeaderElection(130)) - s2: shutdown s2@group-54B4F2458EED-LeaderElection43
2022-06-29 11:32:15,231 INFO  impl.RoleInfo (RoleInfo.java:updateAndGet(139)) - s2: start s2@group-54B4F2458EED-FollowerState
2022-06-29 11:32:15,477 INFO  impl.FollowerState (FollowerState.java:run(143)) - s2@group-54B4F2458EED-FollowerState: change to CANDIDATE, lastRpcElapsedTime:246547792ns, electionTimeout:242ms
2022-06-29 11:32:15,477 INFO  impl.RoleInfo (RoleInfo.java:shutdownFollowerState(110)) - s2: shutdown s2@group-54B4F2458EED-FollowerState
2022-06-29 11:32:15,477 INFO  server.RaftServer$Division (RaftServerImpl.java:setRole(299)) - s2@group-54B4F2458EED: changes role from  FOLLOWER to CANDIDATE at term 3 for changeToCandidate
2022-06-29 11:32:15,479 INFO  server.RaftServerConfigKeys (ConfUtils.java:logGet(46)) - raft.server.leaderelection.pre-vote = true (default)
2022-06-29 11:32:15,480 INFO  impl.RoleInfo (RoleInfo.java:updateAndGet(139)) - s2: start s2@group-54B4F2458EED-LeaderElection44
2022-06-29 11:32:15,482 INFO  impl.LeaderElection (LeaderElection.java:askForVotes(310)) - s2@group-54B4F2458EED-LeaderElection44 PRE_VOTE round 0: submit vote requests at term 3 for 28: [s0|rpc:localhost:46515|admin:localhost:40757|client:localhost:41939|dataStream:localhost:35593|priority:0, s1|rpc:localhost:34095|admin:localhost:43151|client:localhost:36051|dataStream:localhost:38995|priority:0, s2|rpc:localhost:40453|admin:localhost:33947|client:localhost:38503|dataStream:localhost:42009|priority:0], old=null
2022-06-29 11:32:15,489 INFO  server.RaftServer$Division (RaftServerImpl.java:requestVote(1152)) - s0@group-54B4F2458EED: receive requestVote(PRE_VOTE, s2, group-54B4F2458EED, 3, (t:3, i:31))
2022-06-29 11:32:15,489 WARN  server.GrpcServerProtocolService (LogUtils.java:warn(122)) - s0: Failed requestVote s2->s0#0: org.apache.ratis.protocol.exceptions.ServerNotReadyException: s0@group-54B4F2458EED is not in [RUNNING]: current state is CLOSED
2022-06-29 11:32:15,498 INFO  server.RaftServer$Division (RaftServerImpl.java:requestVote(1152)) - s1@group-54B4F2458EED: receive requestVote(PRE_VOTE, s2, group-54B4F2458EED, 3, (t:3, i:31))
2022-06-29 11:32:15,499 WARN  server.GrpcServerProtocolService (LogUtils.java:warn(122)) - s1: Failed requestVote s2->s1#0: org.apache.ratis.protocol.exceptions.ServerNotReadyException: s1@group-54B4F2458EED is not in [RUNNING]: current state is CLOSED
2022-06-29 11:32:15,516 INFO  impl.LeaderElection (LogUtils.java:infoOrTrace(137)) - s2@group-54B4F2458EED-LeaderElection44 got exception when requesting votes: java.util.concurrent.ExecutionException: org.apache.ratis.thirdparty.io.grpc.StatusRuntimeException: INTERNAL: s0@group-54B4F2458EED is not in [RUNNING]: current state is CLOSED
2022-06-29 11:32:15,516 INFO  impl.LeaderElection (LogUtils.java:infoOrTrace(137)) - s2@group-54B4F2458EED-LeaderElection44 got exception when requesting votes: java.util.concurrent.ExecutionException: org.apache.ratis.thirdparty.io.grpc.StatusRuntimeException: INTERNAL: s1@group-54B4F2458EED is not in [RUNNING]: current state is CLOSED
2022-06-29 11:32:15,516 INFO  impl.LeaderElection (LeaderElection.java:logAndReturn(90)) - s2@group-54B4F2458EED-LeaderElection44: PRE_VOTE REJECTED received 0 response(s) and 2 exception(s):
2022-06-29 11:32:15,516 INFO  impl.LeaderElection (LogUtils.java:infoOrTrace(137)) -   Exception 0: java.util.concurrent.ExecutionException: org.apache.ratis.thirdparty.io.grpc.StatusRuntimeException: INTERNAL: s0@group-54B4F2458EED is not in [RUNNING]: current state is CLOSED
2022-06-29 11:32:15,516 INFO  impl.LeaderElection (LogUtils.java:infoOrTrace(137)) -   Exception 1: java.util.concurrent.ExecutionException: org.apache.ratis.thirdparty.io.grpc.StatusRuntimeException: INTERNAL: s1@group-54B4F2458EED is not in [RUNNING]: current state is CLOSED
2022-06-29 11:32:15,516 INFO  impl.LeaderElection (LeaderElection.java:askForVotes(312)) - s2@group-54B4F2458EED-LeaderElection44 PRE_VOTE round 0: result REJECTED
2022-06-29 11:32:15,516 INFO  server.RaftServer$Division (RaftServerImpl.java:setRole(299)) - s2@group-54B4F2458EED: changes role from CANDIDATE to FOLLOWER at term 3 for REJECTED
2022-06-29 11:32:15,516 INFO  impl.RoleInfo (RoleInfo.java:shutdownLeaderElection(130)) - s2: shutdown s2@group-54B4F2458EED-LeaderElection44
2022-06-29 11:32:15,516 INFO  impl.RoleInfo (RoleInfo.java:updateAndGet(139)) - s2: start s2@group-54B4F2458EED-FollowerState
2022-06-29 11:32:15,733 INFO  impl.FollowerState (FollowerState.java:run(143)) - s2@group-54B4F2458EED-FollowerState: change to CANDIDATE, lastRpcElapsedTime:217022350ns, electionTimeout:214ms
2022-06-29 11:32:15,733 INFO  impl.RoleInfo (RoleInfo.java:shutdownFollowerState(110)) - s2: shutdown s2@group-54B4F2458EED-FollowerState
2022-06-29 11:32:15,733 INFO  server.RaftServer$Division (RaftServerImpl.java:setRole(299)) - s2@group-54B4F2458EED: changes role from  FOLLOWER to CANDIDATE at term 3 for changeToCandidate
2022-06-29 11:32:15,733 INFO  server.RaftServerConfigKeys (ConfUtils.java:logGet(46)) - raft.server.leaderelection.pre-vote = true (default)
2022-06-29 11:32:15,734 INFO  impl.RoleInfo (RoleInfo.java:updateAndGet(139)) - s2: start s2@group-54B4F2458EED-LeaderElection45
2022-06-29 11:32:15,736 INFO  impl.LeaderElection (LeaderElection.java:askForVotes(310)) - s2@group-54B4F2458EED-LeaderElection45 PRE_VOTE round 0: submit vote requests at term 3 for 28: [s0|rpc:localhost:46515|admin:localhost:40757|client:localhost:41939|dataStream:localhost:35593|priority:0, s1|rpc:localhost:34095|admin:localhost:43151|client:localhost:36051|dataStream:localhost:38995|priority:0, s2|rpc:localhost:40453|admin:localhost:33947|client:localhost:38503|dataStream:localhost:42009|priority:0], old=null
2022-06-29 11:32:15,739 INFO  server.RaftServer$Division (RaftServerImpl.java:requestVote(1152)) - s1@group-54B4F2458EED: receive requestVote(PRE_VOTE, s2, group-54B4F2458EED, 3, (t:3, i:31))
2022-06-29 11:32:15,739 WARN  server.GrpcServerProtocolService (LogUtils.java:warn(122)) - s1: Failed requestVote s2->s1#0: org.apache.ratis.protocol.exceptions.ServerNotReadyException: s1@group-54B4F2458EED is not in [RUNNING]: current state is CLOSED
2022-06-29 11:32:15,740 INFO  impl.LeaderElection (LogUtils.java:infoOrTrace(137)) - s2@group-54B4F2458EED-LeaderElection45 got exception when requesting votes: java.util.concurrent.ExecutionException: org.apache.ratis.thirdparty.io.grpc.StatusRuntimeException: INTERNAL: s1@group-54B4F2458EED is not in [RUNNING]: current state is CLOSED
2022-06-29 11:32:15,742 INFO  server.RaftServer$Division (RaftServerImpl.java:requestVote(1152)) - s0@group-54B4F2458EED: receive requestVote(PRE_VOTE, s2, group-54B4F2458EED, 3, (t:3, i:31))
2022-06-29 11:32:15,742 WARN  server.GrpcServerProtocolService (LogUtils.java:warn(122)) - s0: Failed requestVote s2->s0#0: org.apache.ratis.protocol.exceptions.ServerNotReadyException: s0@group-54B4F2458EED is not in [RUNNING]: current state is CLOSED
2022-06-29 11:32:15,747 INFO  impl.LeaderElection (LogUtils.java:infoOrTrace(137)) - s2@group-54B4F2458EED-LeaderElection45 got exception when requesting votes: java.util.concurrent.ExecutionException: org.apache.ratis.thirdparty.io.grpc.StatusRuntimeException: INTERNAL: s0@group-54B4F2458EED is not in [RUNNING]: current state is CLOSED
2022-06-29 11:32:15,747 INFO  impl.LeaderElection (LeaderElection.java:logAndReturn(90)) - s2@group-54B4F2458EED-LeaderElection45: PRE_VOTE REJECTED received 0 response(s) and 2 exception(s):
2022-06-29 11:32:15,747 INFO  impl.LeaderElection (LogUtils.java:infoOrTrace(137)) -   Exception 0: java.util.concurrent.ExecutionException: org.apache.ratis.thirdparty.io.grpc.StatusRuntimeException: INTERNAL: s1@group-54B4F2458EED is not in [RUNNING]: current state is CLOSED
2022-06-29 11:32:15,747 INFO  impl.LeaderElection (LogUtils.java:infoOrTrace(137)) -   Exception 1: java.util.concurrent.ExecutionException: org.apache.ratis.thirdparty.io.grpc.StatusRuntimeException: INTERNAL: s0@group-54B4F2458EED is not in [RUNNING]: current state is CLOSED
2022-06-29 11:32:15,748 INFO  impl.LeaderElection (LeaderElection.java:askForVotes(312)) - s2@group-54B4F2458EED-LeaderElection45 PRE_VOTE round 0: result REJECTED
2022-06-29 11:32:15,748 INFO  server.RaftServer$Division (RaftServerImpl.java:setRole(299)) - s2@group-54B4F2458EED: changes role from CANDIDATE to FOLLOWER at term 3 for REJECTED
2022-06-29 11:32:15,748 INFO  impl.RoleInfo (RoleInfo.java:shutdownLeaderElection(130)) - s2: shutdown s2@group-54B4F2458EED-LeaderElection45
2022-06-29 11:32:15,748 INFO  impl.RoleInfo (RoleInfo.java:updateAndGet(139)) - s2: start s2@group-54B4F2458EED-FollowerState
2022-06-29 11:32:15,980 INFO  impl.FollowerState (FollowerState.java:run(143)) - s2@group-54B4F2458EED-FollowerState: change to CANDIDATE, lastRpcElapsedTime:231829372ns, electionTimeout:230ms
2022-06-29 11:32:15,980 INFO  impl.RoleInfo (RoleInfo.java:shutdownFollowerState(110)) - s2: shutdown s2@group-54B4F2458EED-FollowerState
2022-06-29 11:32:15,980 INFO  server.RaftServer$Division (RaftServerImpl.java:setRole(299)) - s2@group-54B4F2458EED: changes role from  FOLLOWER to CANDIDATE at term 3 for changeToCandidate
2022-06-29 11:32:15,980 INFO  server.RaftServerConfigKeys (ConfUtils.java:logGet(46)) - raft.server.leaderelection.pre-vote = true (default)
2022-06-29 11:32:15,980 INFO  impl.RoleInfo (RoleInfo.java:updateAndGet(139)) - s2: start s2@group-54B4F2458EED-LeaderElection46
2022-06-29 11:32:15,984 INFO  impl.LeaderElection (LeaderElection.java:askForVotes(310)) - s2@group-54B4F2458EED-LeaderElection46 PRE_VOTE round 0: submit vote requests at term 3 for 28: [s0|rpc:localhost:46515|admin:localhost:40757|client:localhost:41939|dataStream:localhost:35593|priority:0, s1|rpc:localhost:34095|admin:localhost:43151|client:localhost:36051|dataStream:localhost:38995|priority:0, s2|rpc:localhost:40453|admin:localhost:33947|client:localhost:38503|dataStream:localhost:42009|priority:0], old=null
2022-06-29 11:32:16,004 INFO  server.RaftServer$Division (RaftServerImpl.java:requestVote(1152)) - s0@group-54B4F2458EED: receive requestVote(PRE_VOTE, s2, group-54B4F2458EED, 3, (t:3, i:31))
2022-06-29 11:32:16,004 WARN  server.GrpcServerProtocolService (LogUtils.java:warn(122)) - s0: Failed requestVote s2->s0#0: org.apache.ratis.protocol.exceptions.ServerNotReadyException: s0@group-54B4F2458EED is not in [RUNNING]: current state is CLOSED
2022-06-29 11:32:16,006 INFO  server.RaftServer$Division (RaftServerImpl.java:requestVote(1152)) - s1@group-54B4F2458EED: receive requestVote(PRE_VOTE, s2, group-54B4F2458EED, 3, (t:3, i:31))
2022-06-29 11:32:16,006 WARN  server.GrpcServerProtocolService (LogUtils.java:warn(122)) - s1: Failed requestVote s2->s1#0: org.apache.ratis.protocol.exceptions.ServerNotReadyException: s1@group-54B4F2458EED is not in [RUNNING]: current state is CLOSED
2022-06-29 11:32:16,012 INFO  impl.LeaderElection (LogUtils.java:infoOrTrace(137)) - s2@group-54B4F2458EED-LeaderElection46 got exception when requesting votes: java.util.concurrent.ExecutionException: org.apache.ratis.thirdparty.io.grpc.StatusRuntimeException: INTERNAL: s0@group-54B4F2458EED is not in [RUNNING]: current state is CLOSED
2022-06-29 11:32:16,012 INFO  impl.LeaderElection (LogUtils.java:infoOrTrace(137)) - s2@group-54B4F2458EED-LeaderElection46 got exception when requesting votes: java.util.concurrent.ExecutionException: org.apache.ratis.thirdparty.io.grpc.StatusRuntimeException: INTERNAL: s1@group-54B4F2458EED is not in [RUNNING]: current state is CLOSED
2022-06-29 11:32:16,012 INFO  impl.LeaderElection (LeaderElection.java:logAndReturn(90)) - s2@group-54B4F2458EED-LeaderElection46: PRE_VOTE REJECTED received 0 response(s) and 2 exception(s):
2022-06-29 11:32:16,012 INFO  impl.LeaderElection (LogUtils.java:infoOrTrace(137)) -   Exception 0: java.util.concurrent.ExecutionException: org.apache.ratis.thirdparty.io.grpc.StatusRuntimeException: INTERNAL: s0@group-54B4F2458EED is not in [RUNNING]: current state is CLOSED
2022-06-29 11:32:16,012 INFO  impl.LeaderElection (LogUtils.java:infoOrTrace(137)) -   Exception 1: java.util.concurrent.ExecutionException: org.apache.ratis.thirdparty.io.grpc.StatusRuntimeException: INTERNAL: s1@group-54B4F2458EED is not in [RUNNING]: current state is CLOSED
2022-06-29 11:32:16,012 INFO  impl.LeaderElection (LeaderElection.java:askForVotes(312)) - s2@group-54B4F2458EED-LeaderElection46 PRE_VOTE round 0: result REJECTED
2022-06-29 11:32:16,012 INFO  server.RaftServer$Division (RaftServerImpl.java:setRole(299)) - s2@group-54B4F2458EED: changes role from CANDIDATE to FOLLOWER at term 3 for REJECTED
2022-06-29 11:32:16,012 INFO  impl.RoleInfo (RoleInfo.java:shutdownLeaderElection(130)) - s2: shutdown s2@group-54B4F2458EED-LeaderElection46
2022-06-29 11:32:16,012 INFO  impl.RoleInfo (RoleInfo.java:updateAndGet(139)) - s2: start s2@group-54B4F2458EED-FollowerState
2022-06-29 11:32:16,293 INFO  impl.FollowerState (FollowerState.java:run(143)) - s2@group-54B4F2458EED-FollowerState: change to CANDIDATE, lastRpcElapsedTime:280794791ns, electionTimeout:280ms
2022-06-29 11:32:16,293 INFO  impl.RoleInfo (RoleInfo.java:shutdownFollowerState(110)) - s2: shutdown s2@group-54B4F2458EED-FollowerState
2022-06-29 11:32:16,293 INFO  server.RaftServer$Division (RaftServerImpl.java:setRole(299)) - s2@group-54B4F2458EED: changes role from  FOLLOWER to CANDIDATE at term 3 for changeToCandidate
2022-06-29 11:32:16,293 INFO  server.RaftServerConfigKeys (ConfUtils.java:logGet(46)) - raft.server.leaderelection.pre-vote = true (default)
2022-06-29 11:32:16,293 INFO  impl.RoleInfo (RoleInfo.java:updateAndGet(139)) - s2: start s2@group-54B4F2458EED-LeaderElection47
2022-06-29 11:32:16,295 INFO  impl.LeaderElection (LeaderElection.java:askForVotes(310)) - s2@group-54B4F2458EED-LeaderElection47 PRE_VOTE round 0: submit vote requests at term 3 for 28: [s0|rpc:localhost:46515|admin:localhost:40757|client:localhost:41939|dataStream:localhost:35593|priority:0, s1|rpc:localhost:34095|admin:localhost:43151|client:localhost:36051|dataStream:localhost:38995|priority:0, s2|rpc:localhost:40453|admin:localhost:33947|client:localhost:38503|dataStream:localhost:42009|priority:0], old=null
2022-06-29 11:32:16,296 INFO  server.RaftServer$Division (RaftServerImpl.java:requestVote(1152)) - s0@group-54B4F2458EED: receive requestVote(PRE_VOTE, s2, group-54B4F2458EED, 3, (t:3, i:31))
2022-06-29 11:32:16,297 WARN  server.GrpcServerProtocolService (LogUtils.java:warn(122)) - s0: Failed requestVote s2->s0#0: org.apache.ratis.protocol.exceptions.ServerNotReadyException: s0@group-54B4F2458EED is not in [RUNNING]: current state is CLOSED
2022-06-29 11:32:16,298 INFO  impl.LeaderElection (LogUtils.java:infoOrTrace(137)) - s2@group-54B4F2458EED-LeaderElection47 got exception when requesting votes: java.util.concurrent.ExecutionException: org.apache.ratis.thirdparty.io.grpc.StatusRuntimeException: INTERNAL: s0@group-54B4F2458EED is not in [RUNNING]: current state is CLOSED
2022-06-29 11:32:16,298 INFO  server.RaftServer$Division (RaftServerImpl.java:requestVote(1152)) - s1@group-54B4F2458EED: receive requestVote(PRE_VOTE, s2, group-54B4F2458EED, 3, (t:3, i:31))
2022-06-29 11:32:16,298 WARN  server.GrpcServerProtocolService (LogUtils.java:warn(122)) - s1: Failed requestVote s2->s1#0: org.apache.ratis.protocol.exceptions.ServerNotReadyException: s1@group-54B4F2458EED is not in [RUNNING]: current state is CLOSED
2022-06-29 11:32:16,303 INFO  impl.LeaderElection (LogUtils.java:infoOrTrace(137)) - s2@group-54B4F2458EED-LeaderElection47 got exception when requesting votes: java.util.concurrent.ExecutionException: org.apache.ratis.thirdparty.io.grpc.StatusRuntimeException: INTERNAL: s1@group-54B4F2458EED is not in [RUNNING]: current state is CLOSED
2022-06-29 11:32:16,303 INFO  impl.LeaderElection (LeaderElection.java:logAndReturn(90)) - s2@group-54B4F2458EED-LeaderElection47: PRE_VOTE REJECTED received 0 response(s) and 2 exception(s):
2022-06-29 11:32:16,303 INFO  impl.LeaderElection (LogUtils.java:infoOrTrace(137)) -   Exception 0: java.util.concurrent.ExecutionException: org.apache.ratis.thirdparty.io.grpc.StatusRuntimeException: INTERNAL: s0@group-54B4F2458EED is not in [RUNNING]: current state is CLOSED
2022-06-29 11:32:16,303 INFO  impl.LeaderElection (LogUtils.java:infoOrTrace(137)) -   Exception 1: java.util.concurrent.ExecutionException: org.apache.ratis.thirdparty.io.grpc.StatusRuntimeException: INTERNAL: s1@group-54B4F2458EED is not in [RUNNING]: current state is CLOSED
2022-06-29 11:32:16,303 INFO  impl.LeaderElection (LeaderElection.java:askForVotes(312)) - s2@group-54B4F2458EED-LeaderElection47 PRE_VOTE round 0: result REJECTED
2022-06-29 11:32:16,303 INFO  server.RaftServer$Division (RaftServerImpl.java:setRole(299)) - s2@group-54B4F2458EED: changes role from CANDIDATE to FOLLOWER at term 3 for REJECTED
2022-06-29 11:32:16,303 INFO  impl.RoleInfo (RoleInfo.java:shutdownLeaderElection(130)) - s2: shutdown s2@group-54B4F2458EED-LeaderElection47
2022-06-29 11:32:16,303 INFO  impl.RoleInfo (RoleInfo.java:updateAndGet(139)) - s2: start s2@group-54B4F2458EED-FollowerState
2022-06-29 11:32:16,485 INFO  impl.FollowerState (FollowerState.java:run(143)) - s2@group-54B4F2458EED-FollowerState: change to CANDIDATE, lastRpcElapsedTime:182243420ns, electionTimeout:170ms
2022-06-29 11:32:16,485 INFO  impl.RoleInfo (RoleInfo.java:shutdownFollowerState(110)) - s2: shutdown s2@group-54B4F2458EED-FollowerState
2022-06-29 11:32:16,485 INFO  server.RaftServer$Division (RaftServerImpl.java:setRole(299)) - s2@group-54B4F2458EED: changes role from  FOLLOWER to CANDIDATE at term 3 for changeToCandidate
2022-06-29 11:32:16,487 INFO  server.RaftServerConfigKeys (ConfUtils.java:logGet(46)) - raft.server.leaderelection.pre-vote = true (default)
2022-06-29 11:32:16,487 INFO  impl.RoleInfo (RoleInfo.java:updateAndGet(139)) - s2: start s2@group-54B4F2458EED-LeaderElection48
2022-06-29 11:32:16,489 INFO  impl.LeaderElection (LeaderElection.java:askForVotes(310)) - s2@group-54B4F2458EED-LeaderElection48 PRE_VOTE round 0: submit vote requests at term 3 for 28: [s0|rpc:localhost:46515|admin:localhost:40757|client:localhost:41939|dataStream:localhost:35593|priority:0, s1|rpc:localhost:34095|admin:localhost:43151|client:localhost:36051|dataStream:localhost:38995|priority:0, s2|rpc:localhost:40453|admin:localhost:33947|client:localhost:38503|dataStream:localhost:42009|priority:0], old=null
2022-06-29 11:32:16,499 INFO  server.RaftServer$Division (RaftServerImpl.java:requestVote(1152)) - s1@group-54B4F2458EED: receive requestVote(PRE_VOTE, s2, group-54B4F2458EED, 3, (t:3, i:31))
2022-06-29 11:32:16,499 WARN  server.GrpcServerProtocolService (LogUtils.java:warn(122)) - s1: Failed requestVote s2->s1#0: org.apache.ratis.protocol.exceptions.ServerNotReadyException: s1@group-54B4F2458EED is not in [RUNNING]: current state is CLOSED
2022-06-29 11:32:16,500 INFO  server.RaftServer$Division (RaftServerImpl.java:requestVote(1152)) - s0@group-54B4F2458EED: receive requestVote(PRE_VOTE, s2, group-54B4F2458EED, 3, (t:3, i:31))
2022-06-29 11:32:16,500 WARN  server.GrpcServerProtocolService (LogUtils.java:warn(122)) - s0: Failed requestVote s2->s0#0: org.apache.ratis.protocol.exceptions.ServerNotReadyException: s0@group-54B4F2458EED is not in [RUNNING]: current state is CLOSED
2022-06-29 11:32:16,506 INFO  impl.LeaderElection (LogUtils.java:infoOrTrace(137)) - s2@group-54B4F2458EED-LeaderElection48 got exception when requesting votes: java.util.concurrent.ExecutionException: org.apache.ratis.thirdparty.io.grpc.StatusRuntimeException: INTERNAL: s0@group-54B4F2458EED is not in [RUNNING]: current state is CLOSED
2022-06-29 11:32:16,506 INFO  impl.LeaderElection (LogUtils.java:infoOrTrace(137)) - s2@group-54B4F2458EED-LeaderElection48 got exception when requesting votes: java.util.concurrent.ExecutionException: org.apache.ratis.thirdparty.io.grpc.StatusRuntimeException: INTERNAL: s1@group-54B4F2458EED is not in [RUNNING]: current state is CLOSED
2022-06-29 11:32:16,507 INFO  impl.LeaderElection (LeaderElection.java:logAndReturn(90)) - s2@group-54B4F2458EED-LeaderElection48: PRE_VOTE REJECTED received 0 response(s) and 2 exception(s):
2022-06-29 11:32:16,507 INFO  impl.LeaderElection (LogUtils.java:infoOrTrace(137)) -   Exception 0: java.util.concurrent.ExecutionException: org.apache.ratis.thirdparty.io.grpc.StatusRuntimeException: INTERNAL: s0@group-54B4F2458EED is not in [RUNNING]: current state is CLOSED
2022-06-29 11:32:16,507 INFO  impl.LeaderElection (LogUtils.java:infoOrTrace(137)) -   Exception 1: java.util.concurrent.ExecutionException: org.apache.ratis.thirdparty.io.grpc.StatusRuntimeException: INTERNAL: s1@group-54B4F2458EED is not in [RUNNING]: current state is CLOSED
2022-06-29 11:32:16,509 INFO  impl.LeaderElection (LeaderElection.java:askForVotes(312)) - s2@group-54B4F2458EED-LeaderElection48 PRE_VOTE round 0: result REJECTED
2022-06-29 11:32:16,509 INFO  server.RaftServer$Division (RaftServerImpl.java:setRole(299)) - s2@group-54B4F2458EED: changes role from CANDIDATE to FOLLOWER at term 3 for REJECTED
2022-06-29 11:32:16,509 INFO  impl.RoleInfo (RoleInfo.java:shutdownLeaderElection(130)) - s2: shutdown s2@group-54B4F2458EED-LeaderElection48
2022-06-29 11:32:16,509 INFO  impl.RoleInfo (RoleInfo.java:updateAndGet(139)) - s2: start s2@group-54B4F2458EED-FollowerState
2022-06-29 11:32:16,793 INFO  impl.FollowerState (FollowerState.java:run(143)) - s2@group-54B4F2458EED-FollowerState: change to CANDIDATE, lastRpcElapsedTime:284672148ns, electionTimeout:280ms
2022-06-29 11:32:16,794 INFO  impl.RoleInfo (RoleInfo.java:shutdownFollowerState(110)) - s2: shutdown s2@group-54B4F2458EED-FollowerState
2022-06-29 11:32:16,794 INFO  server.RaftServer$Division (RaftServerImpl.java:setRole(299)) - s2@group-54B4F2458EED: changes role from  FOLLOWER to CANDIDATE at term 3 for changeToCandidate
2022-06-29 11:32:16,794 INFO  server.RaftServerConfigKeys (ConfUtils.java:logGet(46)) - raft.server.leaderelection.pre-vote = true (default)
2022-06-29 11:32:16,794 INFO  impl.RoleInfo (RoleInfo.java:updateAndGet(139)) - s2: start s2@group-54B4F2458EED-LeaderElection49
2022-06-29 11:32:16,797 INFO  impl.LeaderElection (LeaderElection.java:askForVotes(310)) - s2@group-54B4F2458EED-LeaderElection49 PRE_VOTE round 0: submit vote requests at term 3 for 28: [s0|rpc:localhost:46515|admin:localhost:40757|client:localhost:41939|dataStream:localhost:35593|priority:0, s1|rpc:localhost:34095|admin:localhost:43151|client:localhost:36051|dataStream:localhost:38995|priority:0, s2|rpc:localhost:40453|admin:localhost:33947|client:localhost:38503|dataStream:localhost:42009|priority:0], old=null
2022-06-29 11:32:16,798 INFO  server.RaftServer$Division (RaftServerImpl.java:requestVote(1152)) - s0@group-54B4F2458EED: receive requestVote(PRE_VOTE, s2, group-54B4F2458EED, 3, (t:3, i:31))
2022-06-29 11:32:16,798 WARN  server.GrpcServerProtocolService (LogUtils.java:warn(122)) - s0: Failed requestVote s2->s0#0: org.apache.ratis.protocol.exceptions.ServerNotReadyException: s0@group-54B4F2458EED is not in [RUNNING]: current state is CLOSED
2022-06-29 11:32:16,799 INFO  impl.LeaderElection (LogUtils.java:infoOrTrace(137)) - s2@group-54B4F2458EED-LeaderElection49 got exception when requesting votes: java.util.concurrent.ExecutionException: org.apache.ratis.thirdparty.io.grpc.StatusRuntimeException: INTERNAL: s0@group-54B4F2458EED is not in [RUNNING]: current state is CLOSED
2022-06-29 11:32:16,800 INFO  server.RaftServer$Division (RaftServerImpl.java:requestVote(1152)) - s1@group-54B4F2458EED: receive requestVote(PRE_VOTE, s2, group-54B4F2458EED, 3, (t:3, i:31))
2022-06-29 11:32:16,800 WARN  server.GrpcServerProtocolService (LogUtils.java:warn(122)) - s1: Failed requestVote s2->s1#0: org.apache.ratis.protocol.exceptions.ServerNotReadyException: s1@group-54B4F2458EED is not in [RUNNING]: current state is CLOSED
2022-06-29 11:32:16,802 INFO  impl.LeaderElection (LogUtils.java:infoOrTrace(137)) - s2@group-54B4F2458EED-LeaderElection49 got exception when requesting votes: java.util.concurrent.ExecutionException: org.apache.ratis.thirdparty.io.grpc.StatusRuntimeException: INTERNAL: s1@group-54B4F2458EED is not in [RUNNING]: current state is CLOSED
2022-06-29 11:32:16,802 INFO  impl.LeaderElection (LeaderElection.java:logAndReturn(90)) - s2@group-54B4F2458EED-LeaderElection49: PRE_VOTE REJECTED received 0 response(s) and 2 exception(s):
2022-06-29 11:32:16,802 INFO  impl.LeaderElection (LogUtils.java:infoOrTrace(137)) -   Exception 0: java.util.concurrent.ExecutionException: org.apache.ratis.thirdparty.io.grpc.StatusRuntimeException: INTERNAL: s0@group-54B4F2458EED is not in [RUNNING]: current state is CLOSED
2022-06-29 11:32:16,802 INFO  impl.LeaderElection (LogUtils.java:infoOrTrace(137)) -   Exception 1: java.util.concurrent.ExecutionException: org.apache.ratis.thirdparty.io.grpc.StatusRuntimeException: INTERNAL: s1@group-54B4F2458EED is not in [RUNNING]: current state is CLOSED
2022-06-29 11:32:16,803 INFO  impl.LeaderElection (LeaderElection.java:askForVotes(312)) - s2@group-54B4F2458EED-LeaderElection49 PRE_VOTE round 0: result REJECTED
2022-06-29 11:32:16,803 INFO  server.RaftServer$Division (RaftServerImpl.java:setRole(299)) - s2@group-54B4F2458EED: changes role from CANDIDATE to FOLLOWER at term 3 for REJECTED
2022-06-29 11:32:16,803 INFO  impl.RoleInfo (RoleInfo.java:shutdownLeaderElection(130)) - s2: shutdown s2@group-54B4F2458EED-LeaderElection49
2022-06-29 11:32:16,803 INFO  impl.RoleInfo (RoleInfo.java:updateAndGet(139)) - s2: start s2@group-54B4F2458EED-FollowerState
2022-06-29 11:32:17,055 INFO  impl.FollowerState (FollowerState.java:run(143)) - s2@group-54B4F2458EED-FollowerState: change to CANDIDATE, lastRpcElapsedTime:252245662ns, electionTimeout:251ms
2022-06-29 11:32:17,056 INFO  impl.RoleInfo (RoleInfo.java:shutdownFollowerState(110)) - s2: shutdown s2@group-54B4F2458EED-FollowerState
2022-06-29 11:32:17,056 INFO  server.RaftServer$Division (RaftServerImpl.java:setRole(299)) - s2@group-54B4F2458EED: changes role from  FOLLOWER to CANDIDATE at term 3 for changeToCandidate
2022-06-29 11:32:17,058 INFO  server.RaftServerConfigKeys (ConfUtils.java:logGet(46)) - raft.server.leaderelection.pre-vote = true (default)
2022-06-29 11:32:17,058 INFO  impl.RoleInfo (RoleInfo.java:updateAndGet(139)) - s2: start s2@group-54B4F2458EED-LeaderElection50
2022-06-29 11:32:17,062 INFO  impl.LeaderElection (LeaderElection.java:askForVotes(310)) - s2@group-54B4F2458EED-LeaderElection50 PRE_VOTE round 0: submit vote requests at term 3 for 28: [s0|rpc:localhost:46515|admin:localhost:40757|client:localhost:41939|dataStream:localhost:35593|priority:0, s1|rpc:localhost:34095|admin:localhost:43151|client:localhost:36051|dataStream:localhost:38995|priority:0, s2|rpc:localhost:40453|admin:localhost:33947|client:localhost:38503|dataStream:localhost:42009|priority:0], old=null
2022-06-29 11:32:17,070 INFO  server.RaftServer$Division (RaftServerImpl.java:requestVote(1152)) - s0@group-54B4F2458EED: receive requestVote(PRE_VOTE, s2, group-54B4F2458EED, 3, (t:3, i:31))
2022-06-29 11:32:17,071 WARN  server.GrpcServerProtocolService (LogUtils.java:warn(122)) - s0: Failed requestVote s2->s0#0: org.apache.ratis.protocol.exceptions.ServerNotReadyException: s0@group-54B4F2458EED is not in [RUNNING]: current state is CLOSED
2022-06-29 11:32:17,072 INFO  server.RaftServer$Division (RaftServerImpl.java:requestVote(1152)) - s1@group-54B4F2458EED: receive requestVote(PRE_VOTE, s2, group-54B4F2458EED, 3, (t:3, i:31))
2022-06-29 11:32:17,072 WARN  server.GrpcServerProtocolService (LogUtils.java:warn(122)) - s1: Failed requestVote s2->s1#0: org.apache.ratis.protocol.exceptions.ServerNotReadyException: s1@group-54B4F2458EED is not in [RUNNING]: current state is CLOSED
2022-06-29 11:32:17,074 INFO  impl.LeaderElection (LogUtils.java:infoOrTrace(137)) - s2@group-54B4F2458EED-LeaderElection50 got exception when requesting votes: java.util.concurrent.ExecutionException: org.apache.ratis.thirdparty.io.grpc.StatusRuntimeException: INTERNAL: s1@group-54B4F2458EED is not in [RUNNING]: current state is CLOSED
2022-06-29 11:32:17,074 INFO  impl.LeaderElection (LogUtils.java:infoOrTrace(137)) - s2@group-54B4F2458EED-LeaderElection50 got exception when requesting votes: java.util.concurrent.ExecutionException: org.apache.ratis.thirdparty.io.grpc.StatusRuntimeException: INTERNAL: s0@group-54B4F2458EED is not in [RUNNING]: current state is CLOSED
2022-06-29 11:32:17,074 INFO  impl.LeaderElection (LeaderElection.java:logAndReturn(90)) - s2@group-54B4F2458EED-LeaderElection50: PRE_VOTE REJECTED received 0 response(s) and 2 exception(s):
2022-06-29 11:32:17,074 INFO  impl.LeaderElection (LogUtils.java:infoOrTrace(137)) -   Exception 0: java.util.concurrent.ExecutionException: org.apache.ratis.thirdparty.io.grpc.StatusRuntimeException: INTERNAL: s1@group-54B4F2458EED is not in [RUNNING]: current state is CLOSED
2022-06-29 11:32:17,074 INFO  impl.LeaderElection (LogUtils.java:infoOrTrace(137)) -   Exception 1: java.util.concurrent.ExecutionException: org.apache.ratis.thirdparty.io.grpc.StatusRuntimeException: INTERNAL: s0@group-54B4F2458EED is not in [RUNNING]: current state is CLOSED
2022-06-29 11:32:17,077 INFO  impl.LeaderElection (LeaderElection.java:askForVotes(312)) - s2@group-54B4F2458EED-LeaderElection50 PRE_VOTE round 0: result REJECTED
2022-06-29 11:32:17,077 INFO  server.RaftServer$Division (RaftServerImpl.java:setRole(299)) - s2@group-54B4F2458EED: changes role from CANDIDATE to FOLLOWER at term 3 for REJECTED
2022-06-29 11:32:17,077 INFO  impl.RoleInfo (RoleInfo.java:shutdownLeaderElection(130)) - s2: shutdown s2@group-54B4F2458EED-LeaderElection50
2022-06-29 11:32:17,077 INFO  impl.RoleInfo (RoleInfo.java:updateAndGet(139)) - s2: start s2@group-54B4F2458EED-FollowerState
2022-06-29 11:32:17,231 INFO  impl.FollowerState (FollowerState.java:run(143)) - s2@group-54B4F2458EED-FollowerState: change to CANDIDATE, lastRpcElapsedTime:153873389ns, electionTimeout:150ms
2022-06-29 11:32:17,231 INFO  impl.RoleInfo (RoleInfo.java:shutdownFollowerState(110)) - s2: shutdown s2@group-54B4F2458EED-FollowerState
2022-06-29 11:32:17,231 INFO  server.RaftServer$Division (RaftServerImpl.java:setRole(299)) - s2@group-54B4F2458EED: changes role from  FOLLOWER to CANDIDATE at term 3 for changeToCandidate
2022-06-29 11:32:17,234 INFO  server.RaftServerConfigKeys (ConfUtils.java:logGet(46)) - raft.server.leaderelection.pre-vote = true (default)
2022-06-29 11:32:17,234 INFO  impl.RoleInfo (RoleInfo.java:updateAndGet(139)) - s2: start s2@group-54B4F2458EED-LeaderElection51
2022-06-29 11:32:17,235 INFO  impl.LeaderElection (LeaderElection.java:askForVotes(310)) - s2@group-54B4F2458EED-LeaderElection51 PRE_VOTE round 0: submit vote requests at term 3 for 28: [s0|rpc:localhost:46515|admin:localhost:40757|client:localhost:41939|dataStream:localhost:35593|priority:0, s1|rpc:localhost:34095|admin:localhost:43151|client:localhost:36051|dataStream:localhost:38995|priority:0, s2|rpc:localhost:40453|admin:localhost:33947|client:localhost:38503|dataStream:localhost:42009|priority:0], old=null
2022-06-29 11:32:17,238 INFO  server.RaftServer$Division (RaftServerImpl.java:requestVote(1152)) - s1@group-54B4F2458EED: receive requestVote(PRE_VOTE, s2, group-54B4F2458EED, 3, (t:3, i:31))
2022-06-29 11:32:17,238 WARN  server.GrpcServerProtocolService (LogUtils.java:warn(122)) - s1: Failed requestVote s2->s1#0: org.apache.ratis.protocol.exceptions.ServerNotReadyException: s1@group-54B4F2458EED is not in [RUNNING]: current state is CLOSED
2022-06-29 11:32:17,239 INFO  server.RaftServer$Division (RaftServerImpl.java:requestVote(1152)) - s0@group-54B4F2458EED: receive requestVote(PRE_VOTE, s2, group-54B4F2458EED, 3, (t:3, i:31))
2022-06-29 11:32:17,239 WARN  server.GrpcServerProtocolService (LogUtils.java:warn(122)) - s0: Failed requestVote s2->s0#0: org.apache.ratis.protocol.exceptions.ServerNotReadyException: s0@group-54B4F2458EED is not in [RUNNING]: current state is CLOSED
2022-06-29 11:32:17,240 INFO  impl.LeaderElection (LogUtils.java:infoOrTrace(137)) - s2@group-54B4F2458EED-LeaderElection51 got exception when requesting votes: java.util.concurrent.ExecutionException: org.apache.ratis.thirdparty.io.grpc.StatusRuntimeException: INTERNAL: s0@group-54B4F2458EED is not in [RUNNING]: current state is CLOSED
2022-06-29 11:32:17,241 INFO  impl.LeaderElection (LogUtils.java:infoOrTrace(137)) - s2@group-54B4F2458EED-LeaderElection51 got exception when requesting votes: java.util.concurrent.ExecutionException: org.apache.ratis.thirdparty.io.grpc.StatusRuntimeException: INTERNAL: s1@group-54B4F2458EED is not in [RUNNING]: current state is CLOSED
2022-06-29 11:32:17,241 INFO  impl.LeaderElection (LeaderElection.java:logAndReturn(90)) - s2@group-54B4F2458EED-LeaderElection51: PRE_VOTE REJECTED received 0 response(s) and 2 exception(s):
2022-06-29 11:32:17,241 INFO  impl.LeaderElection (LogUtils.java:infoOrTrace(137)) -   Exception 0: java.util.concurrent.ExecutionException: org.apache.ratis.thirdparty.io.grpc.StatusRuntimeException: INTERNAL: s0@group-54B4F2458EED is not in [RUNNING]: current state is CLOSED
2022-06-29 11:32:17,241 INFO  impl.LeaderElection (LogUtils.java:infoOrTrace(137)) -   Exception 1: java.util.concurrent.ExecutionException: org.apache.ratis.thirdparty.io.grpc.StatusRuntimeException: INTERNAL: s1@group-54B4F2458EED is not in [RUNNING]: current state is CLOSED
2022-06-29 11:32:17,244 INFO  impl.LeaderElection (LeaderElection.java:askForVotes(312)) - s2@group-54B4F2458EED-LeaderElection51 PRE_VOTE round 0: result REJECTED
2022-06-29 11:32:17,244 INFO  server.RaftServer$Division (RaftServerImpl.java:setRole(299)) - s2@group-54B4F2458EED: changes role from CANDIDATE to FOLLOWER at term 3 for REJECTED
2022-06-29 11:32:17,244 INFO  impl.RoleInfo (RoleInfo.java:shutdownLeaderElection(130)) - s2: shutdown s2@group-54B4F2458EED-LeaderElection51
2022-06-29 11:32:17,244 INFO  impl.RoleInfo (RoleInfo.java:updateAndGet(139)) - s2: start s2@group-54B4F2458EED-FollowerState
2022-06-29 11:32:17,494 INFO  impl.FollowerState (FollowerState.java:run(143)) - s2@group-54B4F2458EED-FollowerState: change to CANDIDATE, lastRpcElapsedTime:249341509ns, electionTimeout:247ms
2022-06-29 11:32:17,494 INFO  impl.RoleInfo (RoleInfo.java:shutdownFollowerState(110)) - s2: shutdown s2@group-54B4F2458EED-FollowerState
2022-06-29 11:32:17,494 INFO  server.RaftServer$Division (RaftServerImpl.java:setRole(299)) - s2@group-54B4F2458EED: changes role from  FOLLOWER to CANDIDATE at term 3 for changeToCandidate
2022-06-29 11:32:17,496 INFO  server.RaftServerConfigKeys (ConfUtils.java:logGet(46)) - raft.server.leaderelection.pre-vote = true (default)
2022-06-29 11:32:17,496 INFO  impl.RoleInfo (RoleInfo.java:updateAndGet(139)) - s2: start s2@group-54B4F2458EED-LeaderElection52
2022-06-29 11:32:17,500 INFO  impl.LeaderElection (LeaderElection.java:askForVotes(310)) - s2@group-54B4F2458EED-LeaderElection52 PRE_VOTE round 0: submit vote requests at term 3 for 28: [s0|rpc:localhost:46515|admin:localhost:40757|client:localhost:41939|dataStream:localhost:35593|priority:0, s1|rpc:localhost:34095|admin:localhost:43151|client:localhost:36051|dataStream:localhost:38995|priority:0, s2|rpc:localhost:40453|admin:localhost:33947|client:localhost:38503|dataStream:localhost:42009|priority:0], old=null
2022-06-29 11:32:17,508 INFO  server.RaftServer$Division (RaftServerImpl.java:requestVote(1152)) - s0@group-54B4F2458EED: receive requestVote(PRE_VOTE, s2, group-54B4F2458EED, 3, (t:3, i:31))
2022-06-29 11:32:17,508 WARN  server.GrpcServerProtocolService (LogUtils.java:warn(122)) - s0: Failed requestVote s2->s0#0: org.apache.ratis.protocol.exceptions.ServerNotReadyException: s0@group-54B4F2458EED is not in [RUNNING]: current state is CLOSED
2022-06-29 11:32:17,520 INFO  impl.LeaderElection (LogUtils.java:infoOrTrace(137)) - s2@group-54B4F2458EED-LeaderElection52 got exception when requesting votes: java.util.concurrent.ExecutionException: org.apache.ratis.thirdparty.io.grpc.StatusRuntimeException: INTERNAL: s0@group-54B4F2458EED is not in [RUNNING]: current state is CLOSED
2022-06-29 11:32:17,521 INFO  server.RaftServer$Division (RaftServerImpl.java:requestVote(1152)) - s1@group-54B4F2458EED: receive requestVote(PRE_VOTE, s2, group-54B4F2458EED, 3, (t:3, i:31))
2022-06-29 11:32:17,521 WARN  server.GrpcServerProtocolService (LogUtils.java:warn(122)) - s1: Failed requestVote s2->s1#0: org.apache.ratis.protocol.exceptions.ServerNotReadyException: s1@group-54B4F2458EED is not in [RUNNING]: current state is CLOSED
2022-06-29 11:32:17,523 INFO  impl.LeaderElection (LogUtils.java:infoOrTrace(137)) - s2@group-54B4F2458EED-LeaderElection52 got exception when requesting votes: java.util.concurrent.ExecutionException: org.apache.ratis.thirdparty.io.grpc.StatusRuntimeException: INTERNAL: s1@group-54B4F2458EED is not in [RUNNING]: current state is CLOSED
2022-06-29 11:32:17,523 INFO  impl.LeaderElection (LeaderElection.java:logAndReturn(90)) - s2@group-54B4F2458EED-LeaderElection52: PRE_VOTE REJECTED received 0 response(s) and 2 exception(s):
2022-06-29 11:32:17,523 INFO  impl.LeaderElection (LogUtils.java:infoOrTrace(137)) -   Exception 0: java.util.concurrent.ExecutionException: org.apache.ratis.thirdparty.io.grpc.StatusRuntimeException: INTERNAL: s0@group-54B4F2458EED is not in [RUNNING]: current state is CLOSED
2022-06-29 11:32:17,523 INFO  impl.LeaderElection (LogUtils.java:infoOrTrace(137)) -   Exception 1: java.util.concurrent.ExecutionException: org.apache.ratis.thirdparty.io.grpc.StatusRuntimeException: INTERNAL: s1@group-54B4F2458EED is not in [RUNNING]: current state is CLOSED
2022-06-29 11:32:17,523 INFO  impl.LeaderElection (LeaderElection.java:askForVotes(312)) - s2@group-54B4F2458EED-LeaderElection52 PRE_VOTE round 0: result REJECTED
2022-06-29 11:32:17,523 INFO  server.RaftServer$Division (RaftServerImpl.java:setRole(299)) - s2@group-54B4F2458EED: changes role from CANDIDATE to FOLLOWER at term 3 for REJECTED
2022-06-29 11:32:17,523 INFO  impl.RoleInfo (RoleInfo.java:shutdownLeaderElection(130)) - s2: shutdown s2@group-54B4F2458EED-LeaderElection52
2022-06-29 11:32:17,523 INFO  impl.RoleInfo (RoleInfo.java:updateAndGet(139)) - s2: start s2@group-54B4F2458EED-FollowerState
2022-06-29 11:32:17,793 INFO  impl.FollowerState (FollowerState.java:run(143)) - s2@group-54B4F2458EED-FollowerState: change to CANDIDATE, lastRpcElapsedTime:270221320ns, electionTimeout:264ms
2022-06-29 11:32:17,793 INFO  impl.RoleInfo (RoleInfo.java:shutdownFollowerState(110)) - s2: shutdown s2@group-54B4F2458EED-FollowerState
2022-06-29 11:32:17,793 INFO  server.RaftServer$Division (RaftServerImpl.java:setRole(299)) - s2@group-54B4F2458EED: changes role from  FOLLOWER to CANDIDATE at term 3 for changeToCandidate
2022-06-29 11:32:17,793 INFO  server.RaftServerConfigKeys (ConfUtils.java:logGet(46)) - raft.server.leaderelection.pre-vote = true (default)
2022-06-29 11:32:17,793 INFO  impl.RoleInfo (RoleInfo.java:updateAndGet(139)) - s2: start s2@group-54B4F2458EED-LeaderElection53
2022-06-29 11:32:17,795 INFO  impl.LeaderElection (LeaderElection.java:askForVotes(310)) - s2@group-54B4F2458EED-LeaderElection53 PRE_VOTE round 0: submit vote requests at term 3 for 28: [s0|rpc:localhost:46515|admin:localhost:40757|client:localhost:41939|dataStream:localhost:35593|priority:0, s1|rpc:localhost:34095|admin:localhost:43151|client:localhost:36051|dataStream:localhost:38995|priority:0, s2|rpc:localhost:40453|admin:localhost:33947|client:localhost:38503|dataStream:localhost:42009|priority:0], old=null
2022-06-29 11:32:17,807 INFO  server.RaftServer$Division (RaftServerImpl.java:requestVote(1152)) - s0@group-54B4F2458EED: receive requestVote(PRE_VOTE, s2, group-54B4F2458EED, 3, (t:3, i:31))
2022-06-29 11:32:17,807 WARN  server.GrpcServerProtocolService (LogUtils.java:warn(122)) - s0: Failed requestVote s2->s0#0: org.apache.ratis.protocol.exceptions.ServerNotReadyException: s0@group-54B4F2458EED is not in [RUNNING]: current state is CLOSED
2022-06-29 11:32:17,807 INFO  server.RaftServer$Division (RaftServerImpl.java:requestVote(1152)) - s1@group-54B4F2458EED: receive requestVote(PRE_VOTE, s2, group-54B4F2458EED, 3, (t:3, i:31))
2022-06-29 11:32:17,807 WARN  server.GrpcServerProtocolService (LogUtils.java:warn(122)) - s1: Failed requestVote s2->s1#0: org.apache.ratis.protocol.exceptions.ServerNotReadyException: s1@group-54B4F2458EED is not in [RUNNING]: current state is CLOSED
2022-06-29 11:32:17,810 INFO  impl.LeaderElection (LogUtils.java:infoOrTrace(137)) - s2@group-54B4F2458EED-LeaderElection53 got exception when requesting votes: java.util.concurrent.ExecutionException: org.apache.ratis.thirdparty.io.grpc.StatusRuntimeException: INTERNAL: s1@group-54B4F2458EED is not in [RUNNING]: current state is CLOSED
2022-06-29 11:32:17,810 INFO  impl.LeaderElection (LogUtils.java:infoOrTrace(137)) - s2@group-54B4F2458EED-LeaderElection53 got exception when requesting votes: java.util.concurrent.ExecutionException: org.apache.ratis.thirdparty.io.grpc.StatusRuntimeException: INTERNAL: s0@group-54B4F2458EED is not in [RUNNING]: current state is CLOSED
2022-06-29 11:32:17,810 INFO  impl.LeaderElection (LeaderElection.java:logAndReturn(90)) - s2@group-54B4F2458EED-LeaderElection53: PRE_VOTE REJECTED received 0 response(s) and 2 exception(s):
2022-06-29 11:32:17,810 INFO  impl.LeaderElection (LogUtils.java:infoOrTrace(137)) -   Exception 0: java.util.concurrent.ExecutionException: org.apache.ratis.thirdparty.io.grpc.StatusRuntimeException: INTERNAL: s1@group-54B4F2458EED is not in [RUNNING]: current state is CLOSED
2022-06-29 11:32:17,810 INFO  impl.LeaderElection (LogUtils.java:infoOrTrace(137)) -   Exception 1: java.util.concurrent.ExecutionException: org.apache.ratis.thirdparty.io.grpc.StatusRuntimeException: INTERNAL: s0@group-54B4F2458EED is not in [RUNNING]: current state is CLOSED
2022-06-29 11:32:17,810 INFO  impl.LeaderElection (LeaderElection.java:askForVotes(312)) - s2@group-54B4F2458EED-LeaderElection53 PRE_VOTE round 0: result REJECTED
2022-06-29 11:32:17,810 INFO  server.RaftServer$Division (RaftServerImpl.java:setRole(299)) - s2@group-54B4F2458EED: changes role from CANDIDATE to FOLLOWER at term 3 for REJECTED
2022-06-29 11:32:17,810 INFO  impl.RoleInfo (RoleInfo.java:shutdownLeaderElection(130)) - s2: shutdown s2@group-54B4F2458EED-LeaderElection53
2022-06-29 11:32:17,811 INFO  impl.RoleInfo (RoleInfo.java:updateAndGet(139)) - s2: start s2@group-54B4F2458EED-FollowerState
2022-06-29 11:32:18,078 INFO  impl.FollowerState (FollowerState.java:run(143)) - s2@group-54B4F2458EED-FollowerState: change to CANDIDATE, lastRpcElapsedTime:267078169ns, electionTimeout:266ms
2022-06-29 11:32:18,078 INFO  impl.RoleInfo (RoleInfo.java:shutdownFollowerState(110)) - s2: shutdown s2@group-54B4F2458EED-FollowerState
2022-06-29 11:32:18,078 INFO  server.RaftServer$Division (RaftServerImpl.java:setRole(299)) - s2@group-54B4F2458EED: changes role from  FOLLOWER to CANDIDATE at term 3 for changeToCandidate
2022-06-29 11:32:18,080 INFO  server.RaftServerConfigKeys (ConfUtils.java:logGet(46)) - raft.server.leaderelection.pre-vote = true (default)
2022-06-29 11:32:18,080 INFO  impl.RoleInfo (RoleInfo.java:updateAndGet(139)) - s2: start s2@group-54B4F2458EED-LeaderElection54
2022-06-29 11:32:18,083 INFO  impl.LeaderElection (LeaderElection.java:askForVotes(310)) - s2@group-54B4F2458EED-LeaderElection54 PRE_VOTE round 0: submit vote requests at term 3 for 28: [s0|rpc:localhost:46515|admin:localhost:40757|client:localhost:41939|dataStream:localhost:35593|priority:0, s1|rpc:localhost:34095|admin:localhost:43151|client:localhost:36051|dataStream:localhost:38995|priority:0, s2|rpc:localhost:40453|admin:localhost:33947|client:localhost:38503|dataStream:localhost:42009|priority:0], old=null
2022-06-29 11:32:18,094 INFO  server.RaftServer$Division (RaftServerImpl.java:requestVote(1152)) - s0@group-54B4F2458EED: receive requestVote(PRE_VOTE, s2, group-54B4F2458EED, 3, (t:3, i:31))
2022-06-29 11:32:18,094 WARN  server.GrpcServerProtocolService (LogUtils.java:warn(122)) - s0: Failed requestVote s2->s0#0: org.apache.ratis.protocol.exceptions.ServerNotReadyException: s0@group-54B4F2458EED is not in [RUNNING]: current state is CLOSED
2022-06-29 11:32:18,096 INFO  server.RaftServer$Division (RaftServerImpl.java:requestVote(1152)) - s1@group-54B4F2458EED: receive requestVote(PRE_VOTE, s2, group-54B4F2458EED, 3, (t:3, i:31))
2022-06-29 11:32:18,096 WARN  server.GrpcServerProtocolService (LogUtils.java:warn(122)) - s1: Failed requestVote s2->s1#0: org.apache.ratis.protocol.exceptions.ServerNotReadyException: s1@group-54B4F2458EED is not in [RUNNING]: current state is CLOSED
2022-06-29 11:32:18,105 INFO  impl.LeaderElection (LogUtils.java:infoOrTrace(137)) - s2@group-54B4F2458EED-LeaderElection54 got exception when requesting votes: java.util.concurrent.ExecutionException: org.apache.ratis.thirdparty.io.grpc.StatusRuntimeException: INTERNAL: s0@group-54B4F2458EED is not in [RUNNING]: current state is CLOSED
2022-06-29 11:32:18,105 INFO  impl.LeaderElection (LogUtils.java:infoOrTrace(137)) - s2@group-54B4F2458EED-LeaderElection54 got exception when requesting votes: java.util.concurrent.ExecutionException: org.apache.ratis.thirdparty.io.grpc.StatusRuntimeException: INTERNAL: s1@group-54B4F2458EED is not in [RUNNING]: current state is CLOSED
2022-06-29 11:32:18,105 INFO  impl.LeaderElection (LeaderElection.java:logAndReturn(90)) - s2@group-54B4F2458EED-LeaderElection54: PRE_VOTE REJECTED received 0 response(s) and 2 exception(s):
2022-06-29 11:32:18,105 INFO  impl.LeaderElection (LogUtils.java:infoOrTrace(137)) -   Exception 0: java.util.concurrent.ExecutionException: org.apache.ratis.thirdparty.io.grpc.StatusRuntimeException: INTERNAL: s0@group-54B4F2458EED is not in [RUNNING]: current state is CLOSED
2022-06-29 11:32:18,106 INFO  impl.LeaderElection (LogUtils.java:infoOrTrace(137)) -   Exception 1: java.util.concurrent.ExecutionException: org.apache.ratis.thirdparty.io.grpc.StatusRuntimeException: INTERNAL: s1@group-54B4F2458EED is not in [RUNNING]: current state is CLOSED
2022-06-29 11:32:18,114 INFO  impl.LeaderElection (LeaderElection.java:askForVotes(312)) - s2@group-54B4F2458EED-LeaderElection54 PRE_VOTE round 0: result REJECTED
2022-06-29 11:32:18,114 INFO  server.RaftServer$Division (RaftServerImpl.java:setRole(299)) - s2@group-54B4F2458EED: changes role from CANDIDATE to FOLLOWER at term 3 for REJECTED
2022-06-29 11:32:18,114 INFO  impl.RoleInfo (RoleInfo.java:shutdownLeaderElection(130)) - s2: shutdown s2@group-54B4F2458EED-LeaderElection54
2022-06-29 11:32:18,114 INFO  impl.RoleInfo (RoleInfo.java:updateAndGet(139)) - s2: start s2@group-54B4F2458EED-FollowerState
2022-06-29 11:32:18,217 INFO  impl.MiniRaftCluster (MiniRaftCluster.java:lambda$null$6(325)) - TIMED-PRINT: printing ALL groups
  s0:  RUNNING    LEADER s0@group-54B4F2458EED:t3, leader=s0, voted=s0, raftlog=s0@group-54B4F2458EED-SegmentedRaftLog:OPENED:c31, conf=28: [s0|rpc:localhost:46515|admin:localhost:40757|client:localhost:41939|dataStream:localhost:35593|priority:0, s1|rpc:localhost:34095|admin:localhost:43151|client:localhost:36051|dataStream:localhost:38995|priority:0, s2|rpc:localhost:40453|admin:localhost:33947|client:localhost:38503|dataStream:localhost:42009|priority:0], old=null CLOSED
  s1:  RUNNING    LEADER s1@group-54B4F2458EED:t2, leader=s1, voted=s1, raftlog=s1@group-54B4F2458EED-SegmentedRaftLog:OPENED:c24, conf=17: [s0|rpc:localhost:46515|admin:localhost:40757|client:localhost:41939|dataStream:localhost:35593|priority:0, s1|rpc:localhost:34095|admin:localhost:43151|client:localhost:36051|dataStream:localhost:38995|priority:0, s2|rpc:localhost:40453|admin:localhost:33947|client:localhost:38503|dataStream:localhost:42009|priority:0], old=null CLOSED
  s2:  RUNNING  FOLLOWER s2@group-54B4F2458EED:t3, leader=null, voted=s0, raftlog=s2@group-54B4F2458EED-SegmentedRaftLog:OPENED:c29, conf=28: [s0|rpc:localhost:46515|admin:localhost:40757|client:localhost:41939|dataStream:localhost:35593|priority:0, s1|rpc:localhost:34095|admin:localhost:43151|client:localhost:36051|dataStream:localhost:38995|priority:0, s2|rpc:localhost:40453|admin:localhost:33947|client:localhost:38503|dataStream:localhost:42009|priority:0], old=null RUNNING
2022-06-29 11:32:18,399 INFO  impl.FollowerState (FollowerState.java:run(143)) - s2@group-54B4F2458EED-FollowerState: change to CANDIDATE, lastRpcElapsedTime:284816322ns, electionTimeout:281ms
2022-06-29 11:32:18,399 INFO  impl.RoleInfo (RoleInfo.java:shutdownFollowerState(110)) - s2: shutdown s2@group-54B4F2458EED-FollowerState
2022-06-29 11:32:18,399 INFO  server.RaftServer$Division (RaftServerImpl.java:setRole(299)) - s2@group-54B4F2458EED: changes role from  FOLLOWER to CANDIDATE at term 3 for changeToCandidate
2022-06-29 11:32:18,401 INFO  server.RaftServerConfigKeys (ConfUtils.java:logGet(46)) - raft.server.leaderelection.pre-vote = true (default)
2022-06-29 11:32:18,401 INFO  impl.RoleInfo (RoleInfo.java:updateAndGet(139)) - s2: start s2@group-54B4F2458EED-LeaderElection55
2022-06-29 11:32:18,406 INFO  impl.LeaderElection (LeaderElection.java:askForVotes(310)) - s2@group-54B4F2458EED-LeaderElection55 PRE_VOTE round 0: submit vote requests at term 3 for 28: [s0|rpc:localhost:46515|admin:localhost:40757|client:localhost:41939|dataStream:localhost:35593|priority:0, s1|rpc:localhost:34095|admin:localhost:43151|client:localhost:36051|dataStream:localhost:38995|priority:0, s2|rpc:localhost:40453|admin:localhost:33947|client:localhost:38503|dataStream:localhost:42009|priority:0], old=null
2022-06-29 11:32:18,411 INFO  server.RaftServer$Division (RaftServerImpl.java:requestVote(1152)) - s1@group-54B4F2458EED: receive requestVote(PRE_VOTE, s2, group-54B4F2458EED, 3, (t:3, i:31))
2022-06-29 11:32:18,411 WARN  server.GrpcServerProtocolService (LogUtils.java:warn(122)) - s1: Failed requestVote s2->s1#0: org.apache.ratis.protocol.exceptions.ServerNotReadyException: s1@group-54B4F2458EED is not in [RUNNING]: current state is CLOSED
2022-06-29 11:32:18,412 INFO  server.RaftServer$Division (RaftServerImpl.java:requestVote(1152)) - s0@group-54B4F2458EED: receive requestVote(PRE_VOTE, s2, group-54B4F2458EED, 3, (t:3, i:31))
2022-06-29 11:32:18,412 WARN  server.GrpcServerProtocolService (LogUtils.java:warn(122)) - s0: Failed requestVote s2->s0#0: org.apache.ratis.protocol.exceptions.ServerNotReadyException: s0@group-54B4F2458EED is not in [RUNNING]: current state is CLOSED
2022-06-29 11:32:18,413 INFO  impl.LeaderElection (LogUtils.java:infoOrTrace(137)) - s2@group-54B4F2458EED-LeaderElection55 got exception when requesting votes: java.util.concurrent.ExecutionException: org.apache.ratis.thirdparty.io.grpc.StatusRuntimeException: INTERNAL: s1@group-54B4F2458EED is not in [RUNNING]: current state is CLOSED
2022-06-29 11:32:18,413 INFO  impl.LeaderElection (LogUtils.java:infoOrTrace(137)) - s2@group-54B4F2458EED-LeaderElection55 got exception when requesting votes: java.util.concurrent.ExecutionException: org.apache.ratis.thirdparty.io.grpc.StatusRuntimeException: INTERNAL: s0@group-54B4F2458EED is not in [RUNNING]: current state is CLOSED
2022-06-29 11:32:18,413 INFO  impl.LeaderElection (LeaderElection.java:logAndReturn(90)) - s2@group-54B4F2458EED-LeaderElection55: PRE_VOTE REJECTED received 0 response(s) and 2 exception(s):
2022-06-29 11:32:18,413 INFO  impl.LeaderElection (LogUtils.java:infoOrTrace(137)) -   Exception 0: java.util.concurrent.ExecutionException: org.apache.ratis.thirdparty.io.grpc.StatusRuntimeException: INTERNAL: s1@group-54B4F2458EED is not in [RUNNING]: current state is CLOSED
2022-06-29 11:32:18,413 INFO  impl.LeaderElection (LogUtils.java:infoOrTrace(137)) -   Exception 1: java.util.concurrent.ExecutionException: org.apache.ratis.thirdparty.io.grpc.StatusRuntimeException: INTERNAL: s0@group-54B4F2458EED is not in [RUNNING]: current state is CLOSED
2022-06-29 11:32:18,413 INFO  impl.LeaderElection (LeaderElection.java:askForVotes(312)) - s2@group-54B4F2458EED-LeaderElection55 PRE_VOTE round 0: result REJECTED
2022-06-29 11:32:18,413 INFO  server.RaftServer$Division (RaftServerImpl.java:setRole(299)) - s2@group-54B4F2458EED: changes role from CANDIDATE to FOLLOWER at term 3 for REJECTED
2022-06-29 11:32:18,413 INFO  impl.RoleInfo (RoleInfo.java:shutdownLeaderElection(130)) - s2: shutdown s2@group-54B4F2458EED-LeaderElection55
2022-06-29 11:32:18,413 INFO  impl.RoleInfo (RoleInfo.java:updateAndGet(139)) - s2: start s2@group-54B4F2458EED-FollowerState
2022-06-29 11:32:18,575 INFO  impl.FollowerState (FollowerState.java:run(143)) - s2@group-54B4F2458EED-FollowerState: change to CANDIDATE, lastRpcElapsedTime:162116403ns, electionTimeout:160ms
2022-06-29 11:32:18,575 INFO  impl.RoleInfo (RoleInfo.java:shutdownFollowerState(110)) - s2: shutdown s2@group-54B4F2458EED-FollowerState
2022-06-29 11:32:18,575 INFO  server.RaftServer$Division (RaftServerImpl.java:setRole(299)) - s2@group-54B4F2458EED: changes role from  FOLLOWER to CANDIDATE at term 3 for changeToCandidate
2022-06-29 11:32:18,575 INFO  server.RaftServerConfigKeys (ConfUtils.java:logGet(46)) - raft.server.leaderelection.pre-vote = true (default)
2022-06-29 11:32:18,575 INFO  impl.RoleInfo (RoleInfo.java:updateAndGet(139)) - s2: start s2@group-54B4F2458EED-LeaderElection56
2022-06-29 11:32:18,578 INFO  impl.LeaderElection (LeaderElection.java:askForVotes(310)) - s2@group-54B4F2458EED-LeaderElection56 PRE_VOTE round 0: submit vote requests at term 3 for 28: [s0|rpc:localhost:46515|admin:localhost:40757|client:localhost:41939|dataStream:localhost:35593|priority:0, s1|rpc:localhost:34095|admin:localhost:43151|client:localhost:36051|dataStream:localhost:38995|priority:0, s2|rpc:localhost:40453|admin:localhost:33947|client:localhost:38503|dataStream:localhost:42009|priority:0], old=null
2022-06-29 11:32:18,581 INFO  server.RaftServer$Division (RaftServerImpl.java:requestVote(1152)) - s1@group-54B4F2458EED: receive requestVote(PRE_VOTE, s2, group-54B4F2458EED, 3, (t:3, i:31))
2022-06-29 11:32:18,581 WARN  server.GrpcServerProtocolService (LogUtils.java:warn(122)) - s1: Failed requestVote s2->s1#0: org.apache.ratis.protocol.exceptions.ServerNotReadyException: s1@group-54B4F2458EED is not in [RUNNING]: current state is CLOSED
2022-06-29 11:32:18,583 INFO  impl.LeaderElection (LogUtils.java:infoOrTrace(137)) - s2@group-54B4F2458EED-LeaderElection56 got exception when requesting votes: java.util.concurrent.ExecutionException: org.apache.ratis.thirdparty.io.grpc.StatusRuntimeException: INTERNAL: s1@group-54B4F2458EED is not in [RUNNING]: current state is CLOSED
2022-06-29 11:32:18,583 INFO  server.RaftServer$Division (RaftServerImpl.java:requestVote(1152)) - s0@group-54B4F2458EED: receive requestVote(PRE_VOTE, s2, group-54B4F2458EED, 3, (t:3, i:31))
2022-06-29 11:32:18,583 WARN  server.GrpcServerProtocolService (LogUtils.java:warn(122)) - s0: Failed requestVote s2->s0#0: org.apache.ratis.protocol.exceptions.ServerNotReadyException: s0@group-54B4F2458EED is not in [RUNNING]: current state is CLOSED
2022-06-29 11:32:18,584 INFO  impl.LeaderElection (LogUtils.java:infoOrTrace(137)) - s2@group-54B4F2458EED-LeaderElection56 got exception when requesting votes: java.util.concurrent.ExecutionException: org.apache.ratis.thirdparty.io.grpc.StatusRuntimeException: INTERNAL: s0@group-54B4F2458EED is not in [RUNNING]: current state is CLOSED
2022-06-29 11:32:18,584 INFO  impl.LeaderElection (LeaderElection.java:logAndReturn(90)) - s2@group-54B4F2458EED-LeaderElection56: PRE_VOTE REJECTED received 0 response(s) and 2 exception(s):
2022-06-29 11:32:18,584 INFO  impl.LeaderElection (LogUtils.java:infoOrTrace(137)) -   Exception 0: java.util.concurrent.ExecutionException: org.apache.ratis.thirdparty.io.grpc.StatusRuntimeException: INTERNAL: s1@group-54B4F2458EED is not in [RUNNING]: current state is CLOSED
2022-06-29 11:32:18,584 INFO  impl.LeaderElection (LogUtils.java:infoOrTrace(137)) -   Exception 1: java.util.concurrent.ExecutionException: org.apache.ratis.thirdparty.io.grpc.StatusRuntimeException: INTERNAL: s0@group-54B4F2458EED is not in [RUNNING]: current state is CLOSED
2022-06-29 11:32:18,584 INFO  impl.LeaderElection (LeaderElection.java:askForVotes(312)) - s2@group-54B4F2458EED-LeaderElection56 PRE_VOTE round 0: result REJECTED
2022-06-29 11:32:18,584 INFO  server.RaftServer$Division (RaftServerImpl.java:setRole(299)) - s2@group-54B4F2458EED: changes role from CANDIDATE to FOLLOWER at term 3 for REJECTED
2022-06-29 11:32:18,584 INFO  impl.RoleInfo (RoleInfo.java:shutdownLeaderElection(130)) - s2: shutdown s2@group-54B4F2458EED-LeaderElection56
2022-06-29 11:32:18,584 INFO  impl.RoleInfo (RoleInfo.java:updateAndGet(139)) - s2: start s2@group-54B4F2458EED-FollowerState
2022-06-29 11:32:18,835 INFO  impl.FollowerState (FollowerState.java:run(143)) - s2@group-54B4F2458EED-FollowerState: change to CANDIDATE, lastRpcElapsedTime:250807818ns, electionTimeout:247ms
2022-06-29 11:32:18,835 INFO  impl.RoleInfo (RoleInfo.java:shutdownFollowerState(110)) - s2: shutdown s2@group-54B4F2458EED-FollowerState
2022-06-29 11:32:18,835 INFO  server.RaftServer$Division (RaftServerImpl.java:setRole(299)) - s2@group-54B4F2458EED: changes role from  FOLLOWER to CANDIDATE at term 3 for changeToCandidate
2022-06-29 11:32:18,837 INFO  server.RaftServerConfigKeys (ConfUtils.java:logGet(46)) - raft.server.leaderelection.pre-vote = true (default)
2022-06-29 11:32:18,837 INFO  impl.RoleInfo (RoleInfo.java:updateAndGet(139)) - s2: start s2@group-54B4F2458EED-LeaderElection57
2022-06-29 11:32:18,846 INFO  impl.LeaderElection (LeaderElection.java:askForVotes(310)) - s2@group-54B4F2458EED-LeaderElection57 PRE_VOTE round 0: submit vote requests at term 3 for 28: [s0|rpc:localhost:46515|admin:localhost:40757|client:localhost:41939|dataStream:localhost:35593|priority:0, s1|rpc:localhost:34095|admin:localhost:43151|client:localhost:36051|dataStream:localhost:38995|priority:0, s2|rpc:localhost:40453|admin:localhost:33947|client:localhost:38503|dataStream:localhost:42009|priority:0], old=null
2022-06-29 11:32:18,852 INFO  server.RaftServer$Division (RaftServerImpl.java:requestVote(1152)) - s1@group-54B4F2458EED: receive requestVote(PRE_VOTE, s2, group-54B4F2458EED, 3, (t:3, i:31))
2022-06-29 11:32:18,853 WARN  server.GrpcServerProtocolService (LogUtils.java:warn(122)) - s1: Failed requestVote s2->s1#0: org.apache.ratis.protocol.exceptions.ServerNotReadyException: s1@group-54B4F2458EED is not in [RUNNING]: current state is CLOSED
2022-06-29 11:32:18,857 INFO  server.RaftServer$Division (RaftServerImpl.java:requestVote(1152)) - s0@group-54B4F2458EED: receive requestVote(PRE_VOTE, s2, group-54B4F2458EED, 3, (t:3, i:31))
2022-06-29 11:32:18,857 WARN  server.GrpcServerProtocolService (LogUtils.java:warn(122)) - s0: Failed requestVote s2->s0#0: org.apache.ratis.protocol.exceptions.ServerNotReadyException: s0@group-54B4F2458EED is not in [RUNNING]: current state is CLOSED
2022-06-29 11:32:18,864 INFO  impl.LeaderElection (LogUtils.java:infoOrTrace(137)) - s2@group-54B4F2458EED-LeaderElection57 got exception when requesting votes: java.util.concurrent.ExecutionException: org.apache.ratis.thirdparty.io.grpc.StatusRuntimeException: INTERNAL: s1@group-54B4F2458EED is not in [RUNNING]: current state is CLOSED
2022-06-29 11:32:18,865 INFO  impl.LeaderElection (LogUtils.java:infoOrTrace(137)) - s2@group-54B4F2458EED-LeaderElection57 got exception when requesting votes: java.util.concurrent.ExecutionException: org.apache.ratis.thirdparty.io.grpc.StatusRuntimeException: INTERNAL: s0@group-54B4F2458EED is not in [RUNNING]: current state is CLOSED
2022-06-29 11:32:18,865 INFO  impl.LeaderElection (LeaderElection.java:logAndReturn(90)) - s2@group-54B4F2458EED-LeaderElection57: PRE_VOTE REJECTED received 0 response(s) and 2 exception(s):
2022-06-29 11:32:18,865 INFO  impl.LeaderElection (LogUtils.java:infoOrTrace(137)) -   Exception 0: java.util.concurrent.ExecutionException: org.apache.ratis.thirdparty.io.grpc.StatusRuntimeException: INTERNAL: s1@group-54B4F2458EED is not in [RUNNING]: current state is CLOSED
2022-06-29 11:32:18,865 INFO  impl.LeaderElection (LogUtils.java:infoOrTrace(137)) -   Exception 1: java.util.concurrent.ExecutionException: org.apache.ratis.thirdparty.io.grpc.StatusRuntimeException: INTERNAL: s0@group-54B4F2458EED is not in [RUNNING]: current state is CLOSED
2022-06-29 11:32:18,865 INFO  impl.LeaderElection (LeaderElection.java:askForVotes(312)) - s2@group-54B4F2458EED-LeaderElection57 PRE_VOTE round 0: result REJECTED
2022-06-29 11:32:18,865 INFO  server.RaftServer$Division (RaftServerImpl.java:setRole(299)) - s2@group-54B4F2458EED: changes role from CANDIDATE to FOLLOWER at term 3 for REJECTED
2022-06-29 11:32:18,865 INFO  impl.RoleInfo (RoleInfo.java:shutdownLeaderElection(130)) - s2: shutdown s2@group-54B4F2458EED-LeaderElection57
2022-06-29 11:32:18,866 INFO  impl.RoleInfo (RoleInfo.java:updateAndGet(139)) - s2: start s2@group-54B4F2458EED-FollowerState
2022-06-29 11:32:19,069 INFO  impl.FollowerState (FollowerState.java:run(143)) - s2@group-54B4F2458EED-FollowerState: change to CANDIDATE, lastRpcElapsedTime:203423713ns, electionTimeout:200ms
2022-06-29 11:32:19,069 INFO  impl.RoleInfo (RoleInfo.java:shutdownFollowerState(110)) - s2: shutdown s2@group-54B4F2458EED-FollowerState
2022-06-29 11:32:19,069 INFO  server.RaftServer$Division (RaftServerImpl.java:setRole(299)) - s2@group-54B4F2458EED: changes role from  FOLLOWER to CANDIDATE at term 3 for changeToCandidate
2022-06-29 11:32:19,070 INFO  server.RaftServerConfigKeys (ConfUtils.java:logGet(46)) - raft.server.leaderelection.pre-vote = true (default)
2022-06-29 11:32:19,071 INFO  impl.RoleInfo (RoleInfo.java:updateAndGet(139)) - s2: start s2@group-54B4F2458EED-LeaderElection58
2022-06-29 11:32:19,073 INFO  impl.LeaderElection (LeaderElection.java:askForVotes(310)) - s2@group-54B4F2458EED-LeaderElection58 PRE_VOTE round 0: submit vote requests at term 3 for 28: [s0|rpc:localhost:46515|admin:localhost:40757|client:localhost:41939|dataStream:localhost:35593|priority:0, s1|rpc:localhost:34095|admin:localhost:43151|client:localhost:36051|dataStream:localhost:38995|priority:0, s2|rpc:localhost:40453|admin:localhost:33947|client:localhost:38503|dataStream:localhost:42009|priority:0], old=null
2022-06-29 11:32:19,078 INFO  server.RaftServer$Division (RaftServerImpl.java:requestVote(1152)) - s0@group-54B4F2458EED: receive requestVote(PRE_VOTE, s2, group-54B4F2458EED, 3, (t:3, i:31))
2022-06-29 11:32:19,079 WARN  server.GrpcServerProtocolService (LogUtils.java:warn(122)) - s0: Failed requestVote s2->s0#0: org.apache.ratis.protocol.exceptions.ServerNotReadyException: s0@group-54B4F2458EED is not in [RUNNING]: current state is CLOSED
2022-06-29 11:32:19,080 INFO  server.RaftServer$Division (RaftServerImpl.java:requestVote(1152)) - s1@group-54B4F2458EED: receive requestVote(PRE_VOTE, s2, group-54B4F2458EED, 3, (t:3, i:31))
2022-06-29 11:32:19,080 WARN  server.GrpcServerProtocolService (LogUtils.java:warn(122)) - s1: Failed requestVote s2->s1#0: org.apache.ratis.protocol.exceptions.ServerNotReadyException: s1@group-54B4F2458EED is not in [RUNNING]: current state is CLOSED
2022-06-29 11:32:19,081 INFO  impl.LeaderElection (LogUtils.java:infoOrTrace(137)) - s2@group-54B4F2458EED-LeaderElection58 got exception when requesting votes: java.util.concurrent.ExecutionException: org.apache.ratis.thirdparty.io.grpc.StatusRuntimeException: INTERNAL: s0@group-54B4F2458EED is not in [RUNNING]: current state is CLOSED
2022-06-29 11:32:19,081 INFO  impl.LeaderElection (LogUtils.java:infoOrTrace(137)) - s2@group-54B4F2458EED-LeaderElection58 got exception when requesting votes: java.util.concurrent.ExecutionException: org.apache.ratis.thirdparty.io.grpc.StatusRuntimeException: INTERNAL: s1@group-54B4F2458EED is not in [RUNNING]: current state is CLOSED
2022-06-29 11:32:19,082 INFO  impl.LeaderElection (LeaderElection.java:logAndReturn(90)) - s2@group-54B4F2458EED-LeaderElection58: PRE_VOTE REJECTED received 0 response(s) and 2 exception(s):
2022-06-29 11:32:19,082 INFO  impl.LeaderElection (LogUtils.java:infoOrTrace(137)) -   Exception 0: java.util.concurrent.ExecutionException: org.apache.ratis.thirdparty.io.grpc.StatusRuntimeException: INTERNAL: s0@group-54B4F2458EED is not in [RUNNING]: current state is CLOSED
2022-06-29 11:32:19,082 INFO  impl.LeaderElection (LogUtils.java:infoOrTrace(137)) -   Exception 1: java.util.concurrent.ExecutionException: org.apache.ratis.thirdparty.io.grpc.StatusRuntimeException: INTERNAL: s1@group-54B4F2458EED is not in [RUNNING]: current state is CLOSED
2022-06-29 11:32:19,085 INFO  impl.LeaderElection (LeaderElection.java:askForVotes(312)) - s2@group-54B4F2458EED-LeaderElection58 PRE_VOTE round 0: result REJECTED
2022-06-29 11:32:19,085 INFO  server.RaftServer$Division (RaftServerImpl.java:setRole(299)) - s2@group-54B4F2458EED: changes role from CANDIDATE to FOLLOWER at term 3 for REJECTED
2022-06-29 11:32:19,085 INFO  impl.RoleInfo (RoleInfo.java:shutdownLeaderElection(130)) - s2: shutdown s2@group-54B4F2458EED-LeaderElection58
2022-06-29 11:32:19,085 INFO  impl.RoleInfo (RoleInfo.java:updateAndGet(139)) - s2: start s2@group-54B4F2458EED-FollowerState
2022-06-29 11:32:19,329 INFO  impl.FollowerState (FollowerState.java:run(143)) - s2@group-54B4F2458EED-FollowerState: change to CANDIDATE, lastRpcElapsedTime:244230409ns, electionTimeout:236ms
2022-06-29 11:32:19,329 INFO  impl.RoleInfo (RoleInfo.java:shutdownFollowerState(110)) - s2: shutdown s2@group-54B4F2458EED-FollowerState
2022-06-29 11:32:19,329 INFO  server.RaftServer$Division (RaftServerImpl.java:setRole(299)) - s2@group-54B4F2458EED: changes role from  FOLLOWER to CANDIDATE at term 3 for changeToCandidate
2022-06-29 11:32:19,333 INFO  server.RaftServerConfigKeys (ConfUtils.java:logGet(46)) - raft.server.leaderelection.pre-vote = true (default)
2022-06-29 11:32:19,333 INFO  impl.RoleInfo (RoleInfo.java:updateAndGet(139)) - s2: start s2@group-54B4F2458EED-LeaderElection59
2022-06-29 11:32:19,336 INFO  impl.LeaderElection (LeaderElection.java:askForVotes(310)) - s2@group-54B4F2458EED-LeaderElection59 PRE_VOTE round 0: submit vote requests at term 3 for 28: [s0|rpc:localhost:46515|admin:localhost:40757|client:localhost:41939|dataStream:localhost:35593|priority:0, s1|rpc:localhost:34095|admin:localhost:43151|client:localhost:36051|dataStream:localhost:38995|priority:0, s2|rpc:localhost:40453|admin:localhost:33947|client:localhost:38503|dataStream:localhost:42009|priority:0], old=null
2022-06-29 11:32:19,345 INFO  server.RaftServer$Division (RaftServerImpl.java:requestVote(1152)) - s0@group-54B4F2458EED: receive requestVote(PRE_VOTE, s2, group-54B4F2458EED, 3, (t:3, i:31))
2022-06-29 11:32:19,346 WARN  server.GrpcServerProtocolService (LogUtils.java:warn(122)) - s0: Failed requestVote s2->s0#0: org.apache.ratis.protocol.exceptions.ServerNotReadyException: s0@group-54B4F2458EED is not in [RUNNING]: current state is CLOSED
2022-06-29 11:32:19,347 INFO  server.RaftServer$Division (RaftServerImpl.java:requestVote(1152)) - s1@group-54B4F2458EED: receive requestVote(PRE_VOTE, s2, group-54B4F2458EED, 3, (t:3, i:31))
2022-06-29 11:32:19,347 WARN  server.GrpcServerProtocolService (LogUtils.java:warn(122)) - s1: Failed requestVote s2->s1#0: org.apache.ratis.protocol.exceptions.ServerNotReadyException: s1@group-54B4F2458EED is not in [RUNNING]: current state is CLOSED
2022-06-29 11:32:19,353 INFO  impl.LeaderElection (LogUtils.java:infoOrTrace(137)) - s2@group-54B4F2458EED-LeaderElection59 got exception when requesting votes: java.util.concurrent.ExecutionException: org.apache.ratis.thirdparty.io.grpc.StatusRuntimeException: INTERNAL: s0@group-54B4F2458EED is not in [RUNNING]: current state is CLOSED
2022-06-29 11:32:19,354 INFO  impl.LeaderElection (LogUtils.java:infoOrTrace(137)) - s2@group-54B4F2458EED-LeaderElection59 got exception when requesting votes: java.util.concurrent.ExecutionException: org.apache.ratis.thirdparty.io.grpc.StatusRuntimeException: INTERNAL: s1@group-54B4F2458EED is not in [RUNNING]: current state is CLOSED
2022-06-29 11:32:19,354 INFO  impl.LeaderElection (LeaderElection.java:logAndReturn(90)) - s2@group-54B4F2458EED-LeaderElection59: PRE_VOTE REJECTED received 0 response(s) and 2 exception(s):
2022-06-29 11:32:19,354 INFO  impl.LeaderElection (LogUtils.java:infoOrTrace(137)) -   Exception 0: java.util.concurrent.ExecutionException: org.apache.ratis.thirdparty.io.grpc.StatusRuntimeException: INTERNAL: s0@group-54B4F2458EED is not in [RUNNING]: current state is CLOSED
2022-06-29 11:32:19,354 INFO  impl.LeaderElection (LogUtils.java:infoOrTrace(137)) -   Exception 1: java.util.concurrent.ExecutionException: org.apache.ratis.thirdparty.io.grpc.StatusRuntimeException: INTERNAL: s1@group-54B4F2458EED is not in [RUNNING]: current state is CLOSED
2022-06-29 11:32:19,354 INFO  impl.LeaderElection (LeaderElection.java:askForVotes(312)) - s2@group-54B4F2458EED-LeaderElection59 PRE_VOTE round 0: result REJECTED
2022-06-29 11:32:19,354 INFO  server.RaftServer$Division (RaftServerImpl.java:setRole(299)) - s2@group-54B4F2458EED: changes role from CANDIDATE to FOLLOWER at term 3 for REJECTED
2022-06-29 11:32:19,354 INFO  impl.RoleInfo (RoleInfo.java:shutdownLeaderElection(130)) - s2: shutdown s2@group-54B4F2458EED-LeaderElection59
2022-06-29 11:32:19,354 INFO  impl.RoleInfo (RoleInfo.java:updateAndGet(139)) - s2: start s2@group-54B4F2458EED-FollowerState
2022-06-29 11:32:19,575 INFO  impl.FollowerState (FollowerState.java:run(143)) - s2@group-54B4F2458EED-FollowerState: change to CANDIDATE, lastRpcElapsedTime:220972265ns, electionTimeout:218ms
2022-06-29 11:32:19,575 INFO  impl.RoleInfo (RoleInfo.java:shutdownFollowerState(110)) - s2: shutdown s2@group-54B4F2458EED-FollowerState
2022-06-29 11:32:19,575 INFO  server.RaftServer$Division (RaftServerImpl.java:setRole(299)) - s2@group-54B4F2458EED: changes role from  FOLLOWER to CANDIDATE at term 3 for changeToCandidate
2022-06-29 11:32:19,575 INFO  server.RaftServerConfigKeys (ConfUtils.java:logGet(46)) - raft.server.leaderelection.pre-vote = true (default)
2022-06-29 11:32:19,576 INFO  impl.RoleInfo (RoleInfo.java:updateAndGet(139)) - s2: start s2@group-54B4F2458EED-LeaderElection60
2022-06-29 11:32:19,580 INFO  impl.LeaderElection (LeaderElection.java:askForVotes(310)) - s2@group-54B4F2458EED-LeaderElection60 PRE_VOTE round 0: submit vote requests at term 3 for 28: [s0|rpc:localhost:46515|admin:localhost:40757|client:localhost:41939|dataStream:localhost:35593|priority:0, s1|rpc:localhost:34095|admin:localhost:43151|client:localhost:36051|dataStream:localhost:38995|priority:0, s2|rpc:localhost:40453|admin:localhost:33947|client:localhost:38503|dataStream:localhost:42009|priority:0], old=null
2022-06-29 11:32:19,590 INFO  server.RaftServer$Division (RaftServerImpl.java:requestVote(1152)) - s1@group-54B4F2458EED: receive requestVote(PRE_VOTE, s2, group-54B4F2458EED, 3, (t:3, i:31))
2022-06-29 11:32:19,590 WARN  server.GrpcServerProtocolService (LogUtils.java:warn(122)) - s1: Failed requestVote s2->s1#0: org.apache.ratis.protocol.exceptions.ServerNotReadyException: s1@group-54B4F2458EED is not in [RUNNING]: current state is CLOSED
2022-06-29 11:32:19,592 INFO  impl.LeaderElection (LogUtils.java:infoOrTrace(137)) - s2@group-54B4F2458EED-LeaderElection60 got exception when requesting votes: java.util.concurrent.ExecutionException: org.apache.ratis.thirdparty.io.grpc.StatusRuntimeException: INTERNAL: s1@group-54B4F2458EED is not in [RUNNING]: current state is CLOSED
2022-06-29 11:32:19,592 INFO  server.RaftServer$Division (RaftServerImpl.java:requestVote(1152)) - s0@group-54B4F2458EED: receive requestVote(PRE_VOTE, s2, group-54B4F2458EED, 3, (t:3, i:31))
2022-06-29 11:32:19,592 WARN  server.GrpcServerProtocolService (LogUtils.java:warn(122)) - s0: Failed requestVote s2->s0#0: org.apache.ratis.protocol.exceptions.ServerNotReadyException: s0@group-54B4F2458EED is not in [RUNNING]: current state is CLOSED
2022-06-29 11:32:19,595 INFO  impl.LeaderElection (LogUtils.java:infoOrTrace(137)) - s2@group-54B4F2458EED-LeaderElection60 got exception when requesting votes: java.util.concurrent.ExecutionException: org.apache.ratis.thirdparty.io.grpc.StatusRuntimeException: INTERNAL: s0@group-54B4F2458EED is not in [RUNNING]: current state is CLOSED
2022-06-29 11:32:19,595 INFO  impl.LeaderElection (LeaderElection.java:logAndReturn(90)) - s2@group-54B4F2458EED-LeaderElection60: PRE_VOTE REJECTED received 0 response(s) and 2 exception(s):
2022-06-29 11:32:19,595 INFO  impl.LeaderElection (LogUtils.java:infoOrTrace(137)) -   Exception 0: java.util.concurrent.ExecutionException: org.apache.ratis.thirdparty.io.grpc.StatusRuntimeException: INTERNAL: s1@group-54B4F2458EED is not in [RUNNING]: current state is CLOSED
2022-06-29 11:32:19,595 INFO  impl.LeaderElection (LogUtils.java:infoOrTrace(137)) -   Exception 1: java.util.concurrent.ExecutionException: org.apache.ratis.thirdparty.io.grpc.StatusRuntimeException: INTERNAL: s0@group-54B4F2458EED is not in [RUNNING]: current state is CLOSED
2022-06-29 11:32:19,595 INFO  impl.LeaderElection (LeaderElection.java:askForVotes(312)) - s2@group-54B4F2458EED-LeaderElection60 PRE_VOTE round 0: result REJECTED
2022-06-29 11:32:19,595 INFO  server.RaftServer$Division (RaftServerImpl.java:setRole(299)) - s2@group-54B4F2458EED: changes role from CANDIDATE to FOLLOWER at term 3 for REJECTED
2022-06-29 11:32:19,595 INFO  impl.RoleInfo (RoleInfo.java:shutdownLeaderElection(130)) - s2: shutdown s2@group-54B4F2458EED-LeaderElection60
2022-06-29 11:32:19,595 INFO  impl.RoleInfo (RoleInfo.java:updateAndGet(139)) - s2: start s2@group-54B4F2458EED-FollowerState
2022-06-29 11:32:19,872 INFO  impl.FollowerState (FollowerState.java:run(143)) - s2@group-54B4F2458EED-FollowerState: change to CANDIDATE, lastRpcElapsedTime:277533901ns, electionTimeout:277ms
2022-06-29 11:32:19,873 INFO  impl.RoleInfo (RoleInfo.java:shutdownFollowerState(110)) - s2: shutdown s2@group-54B4F2458EED-FollowerState
2022-06-29 11:32:19,873 INFO  server.RaftServer$Division (RaftServerImpl.java:setRole(299)) - s2@group-54B4F2458EED: changes role from  FOLLOWER to CANDIDATE at term 3 for changeToCandidate
2022-06-29 11:32:19,874 INFO  server.RaftServerConfigKeys (ConfUtils.java:logGet(46)) - raft.server.leaderelection.pre-vote = true (default)
2022-06-29 11:32:19,874 INFO  impl.RoleInfo (RoleInfo.java:updateAndGet(139)) - s2: start s2@group-54B4F2458EED-LeaderElection61
2022-06-29 11:32:19,879 INFO  impl.LeaderElection (LeaderElection.java:askForVotes(310)) - s2@group-54B4F2458EED-LeaderElection61 PRE_VOTE round 0: submit vote requests at term 3 for 28: [s0|rpc:localhost:46515|admin:localhost:40757|client:localhost:41939|dataStream:localhost:35593|priority:0, s1|rpc:localhost:34095|admin:localhost:43151|client:localhost:36051|dataStream:localhost:38995|priority:0, s2|rpc:localhost:40453|admin:localhost:33947|client:localhost:38503|dataStream:localhost:42009|priority:0], old=null
2022-06-29 11:32:19,882 INFO  server.RaftServer$Division (RaftServerImpl.java:requestVote(1152)) - s0@group-54B4F2458EED: receive requestVote(PRE_VOTE, s2, group-54B4F2458EED, 3, (t:3, i:31))
2022-06-29 11:32:19,883 WARN  server.GrpcServerProtocolService (LogUtils.java:warn(122)) - s0: Failed requestVote s2->s0#0: org.apache.ratis.protocol.exceptions.ServerNotReadyException: s0@group-54B4F2458EED is not in [RUNNING]: current state is CLOSED
2022-06-29 11:32:19,883 INFO  impl.LeaderElection (LogUtils.java:infoOrTrace(137)) - s2@group-54B4F2458EED-LeaderElection61 got exception when requesting votes: java.util.concurrent.ExecutionException: org.apache.ratis.thirdparty.io.grpc.StatusRuntimeException: INTERNAL: s0@group-54B4F2458EED is not in [RUNNING]: current state is CLOSED
2022-06-29 11:32:19,884 INFO  server.RaftServer$Division (RaftServerImpl.java:requestVote(1152)) - s1@group-54B4F2458EED: receive requestVote(PRE_VOTE, s2, group-54B4F2458EED, 3, (t:3, i:31))
2022-06-29 11:32:19,884 WARN  server.GrpcServerProtocolService (LogUtils.java:warn(122)) - s1: Failed requestVote s2->s1#0: org.apache.ratis.protocol.exceptions.ServerNotReadyException: s1@group-54B4F2458EED is not in [RUNNING]: current state is CLOSED
2022-06-29 11:32:19,886 INFO  impl.LeaderElection (LogUtils.java:infoOrTrace(137)) - s2@group-54B4F2458EED-LeaderElection61 got exception when requesting votes: java.util.concurrent.ExecutionException: org.apache.ratis.thirdparty.io.grpc.StatusRuntimeException: INTERNAL: s1@group-54B4F2458EED is not in [RUNNING]: current state is CLOSED
2022-06-29 11:32:19,886 INFO  impl.LeaderElection (LeaderElection.java:logAndReturn(90)) - s2@group-54B4F2458EED-LeaderElection61: PRE_VOTE REJECTED received 0 response(s) and 2 exception(s):
2022-06-29 11:32:19,886 INFO  impl.LeaderElection (LogUtils.java:infoOrTrace(137)) -   Exception 0: java.util.concurrent.ExecutionException: org.apache.ratis.thirdparty.io.grpc.StatusRuntimeException: INTERNAL: s0@group-54B4F2458EED is not in [RUNNING]: current state is CLOSED
2022-06-29 11:32:19,886 INFO  impl.LeaderElection (LogUtils.java:infoOrTrace(137)) -   Exception 1: java.util.concurrent.ExecutionException: org.apache.ratis.thirdparty.io.grpc.StatusRuntimeException: INTERNAL: s1@group-54B4F2458EED is not in [RUNNING]: current state is CLOSED
2022-06-29 11:32:19,888 INFO  impl.LeaderElection (LeaderElection.java:askForVotes(312)) - s2@group-54B4F2458EED-LeaderElection61 PRE_VOTE round 0: result REJECTED
2022-06-29 11:32:19,888 INFO  server.RaftServer$Division (RaftServerImpl.java:setRole(299)) - s2@group-54B4F2458EED: changes role from CANDIDATE to FOLLOWER at term 3 for REJECTED
2022-06-29 11:32:19,888 INFO  impl.RoleInfo (RoleInfo.java:shutdownLeaderElection(130)) - s2: shutdown s2@group-54B4F2458EED-LeaderElection61
2022-06-29 11:32:19,888 INFO  impl.RoleInfo (RoleInfo.java:updateAndGet(139)) - s2: start s2@group-54B4F2458EED-FollowerState
2022-06-29 11:32:20,108 INFO  impl.FollowerState (FollowerState.java:run(143)) - s2@group-54B4F2458EED-FollowerState: change to CANDIDATE, lastRpcElapsedTime:219899044ns, electionTimeout:216ms
2022-06-29 11:32:20,108 INFO  impl.RoleInfo (RoleInfo.java:shutdownFollowerState(110)) - s2: shutdown s2@group-54B4F2458EED-FollowerState
2022-06-29 11:32:20,108 INFO  server.RaftServer$Division (RaftServerImpl.java:setRole(299)) - s2@group-54B4F2458EED: changes role from  FOLLOWER to CANDIDATE at term 3 for changeToCandidate
2022-06-29 11:32:20,109 INFO  server.RaftServerConfigKeys (ConfUtils.java:logGet(46)) - raft.server.leaderelection.pre-vote = true (default)
2022-06-29 11:32:20,109 INFO  impl.RoleInfo (RoleInfo.java:updateAndGet(139)) - s2: start s2@group-54B4F2458EED-LeaderElection62
2022-06-29 11:32:20,111 INFO  impl.LeaderElection (LeaderElection.java:askForVotes(310)) - s2@group-54B4F2458EED-LeaderElection62 PRE_VOTE round 0: submit vote requests at term 3 for 28: [s0|rpc:localhost:46515|admin:localhost:40757|client:localhost:41939|dataStream:localhost:35593|priority:0, s1|rpc:localhost:34095|admin:localhost:43151|client:localhost:36051|dataStream:localhost:38995|priority:0, s2|rpc:localhost:40453|admin:localhost:33947|client:localhost:38503|dataStream:localhost:42009|priority:0], old=null
2022-06-29 11:32:20,118 INFO  server.RaftServer$Division (RaftServerImpl.java:requestVote(1152)) - s0@group-54B4F2458EED: receive requestVote(PRE_VOTE, s2, group-54B4F2458EED, 3, (t:3, i:31))
2022-06-29 11:32:20,118 WARN  server.GrpcServerProtocolService (LogUtils.java:warn(122)) - s0: Failed requestVote s2->s0#0: org.apache.ratis.protocol.exceptions.ServerNotReadyException: s0@group-54B4F2458EED is not in [RUNNING]: current state is CLOSED
2022-06-29 11:32:20,120 INFO  server.RaftServer$Division (RaftServerImpl.java:requestVote(1152)) - s1@group-54B4F2458EED: receive requestVote(PRE_VOTE, s2, group-54B4F2458EED, 3, (t:3, i:31))
2022-06-29 11:32:20,120 WARN  server.GrpcServerProtocolService (LogUtils.java:warn(122)) - s1: Failed requestVote s2->s1#0: org.apache.ratis.protocol.exceptions.ServerNotReadyException: s1@group-54B4F2458EED is not in [RUNNING]: current state is CLOSED
2022-06-29 11:32:20,123 INFO  impl.LeaderElection (LogUtils.java:infoOrTrace(137)) - s2@group-54B4F2458EED-LeaderElection62 got exception when requesting votes: java.util.concurrent.ExecutionException: org.apache.ratis.thirdparty.io.grpc.StatusRuntimeException: INTERNAL: s0@group-54B4F2458EED is not in [RUNNING]: current state is CLOSED
2022-06-29 11:32:20,125 INFO  impl.LeaderElection (LogUtils.java:infoOrTrace(137)) - s2@group-54B4F2458EED-LeaderElection62 got exception when requesting votes: java.util.concurrent.ExecutionException: org.apache.ratis.thirdparty.io.grpc.StatusRuntimeException: INTERNAL: s1@group-54B4F2458EED is not in [RUNNING]: current state is CLOSED
2022-06-29 11:32:20,125 INFO  impl.LeaderElection (LeaderElection.java:logAndReturn(90)) - s2@group-54B4F2458EED-LeaderElection62: PRE_VOTE REJECTED received 0 response(s) and 2 exception(s):
2022-06-29 11:32:20,125 INFO  impl.LeaderElection (LogUtils.java:infoOrTrace(137)) -   Exception 0: java.util.concurrent.ExecutionException: org.apache.ratis.thirdparty.io.grpc.StatusRuntimeException: INTERNAL: s0@group-54B4F2458EED is not in [RUNNING]: current state is CLOSED
2022-06-29 11:32:20,126 INFO  impl.LeaderElection (LogUtils.java:infoOrTrace(137)) -   Exception 1: java.util.concurrent.ExecutionException: org.apache.ratis.thirdparty.io.grpc.StatusRuntimeException: INTERNAL: s1@group-54B4F2458EED is not in [RUNNING]: current state is CLOSED
2022-06-29 11:32:20,126 INFO  impl.LeaderElection (LeaderElection.java:askForVotes(312)) - s2@group-54B4F2458EED-LeaderElection62 PRE_VOTE round 0: result REJECTED
2022-06-29 11:32:20,126 INFO  server.RaftServer$Division (RaftServerImpl.java:setRole(299)) - s2@group-54B4F2458EED: changes role from CANDIDATE to FOLLOWER at term 3 for REJECTED
2022-06-29 11:32:20,126 INFO  impl.RoleInfo (RoleInfo.java:shutdownLeaderElection(130)) - s2: shutdown s2@group-54B4F2458EED-LeaderElection62
2022-06-29 11:32:20,126 INFO  impl.RoleInfo (RoleInfo.java:updateAndGet(139)) - s2: start s2@group-54B4F2458EED-FollowerState
2022-06-29 11:32:20,346 INFO  impl.FollowerState (FollowerState.java:run(143)) - s2@group-54B4F2458EED-FollowerState: change to CANDIDATE, lastRpcElapsedTime:220569548ns, electionTimeout:216ms
2022-06-29 11:32:20,346 INFO  impl.RoleInfo (RoleInfo.java:shutdownFollowerState(110)) - s2: shutdown s2@group-54B4F2458EED-FollowerState
2022-06-29 11:32:20,346 INFO  server.RaftServer$Division (RaftServerImpl.java:setRole(299)) - s2@group-54B4F2458EED: changes role from  FOLLOWER to CANDIDATE at term 3 for changeToCandidate
2022-06-29 11:32:20,347 INFO  server.RaftServerConfigKeys (ConfUtils.java:logGet(46)) - raft.server.leaderelection.pre-vote = true (default)
2022-06-29 11:32:20,347 INFO  impl.RoleInfo (RoleInfo.java:updateAndGet(139)) - s2: start s2@group-54B4F2458EED-LeaderElection63
2022-06-29 11:32:20,351 INFO  impl.LeaderElection (LeaderElection.java:askForVotes(310)) - s2@group-54B4F2458EED-LeaderElection63 PRE_VOTE round 0: submit vote requests at term 3 for 28: [s0|rpc:localhost:46515|admin:localhost:40757|client:localhost:41939|dataStream:localhost:35593|priority:0, s1|rpc:localhost:34095|admin:localhost:43151|client:localhost:36051|dataStream:localhost:38995|priority:0, s2|rpc:localhost:40453|admin:localhost:33947|client:localhost:38503|dataStream:localhost:42009|priority:0], old=null
2022-06-29 11:32:20,356 INFO  server.RaftServer$Division (RaftServerImpl.java:requestVote(1152)) - s0@group-54B4F2458EED: receive requestVote(PRE_VOTE, s2, group-54B4F2458EED, 3, (t:3, i:31))
2022-06-29 11:32:20,356 WARN  server.GrpcServerProtocolService (LogUtils.java:warn(122)) - s0: Failed requestVote s2->s0#0: org.apache.ratis.protocol.exceptions.ServerNotReadyException: s0@group-54B4F2458EED is not in [RUNNING]: current state is CLOSED
2022-06-29 11:32:20,360 INFO  server.RaftServer$Division (RaftServerImpl.java:requestVote(1152)) - s1@group-54B4F2458EED: receive requestVote(PRE_VOTE, s2, group-54B4F2458EED, 3, (t:3, i:31))
2022-06-29 11:32:20,360 WARN  server.GrpcServerProtocolService (LogUtils.java:warn(122)) - s1: Failed requestVote s2->s1#0: org.apache.ratis.protocol.exceptions.ServerNotReadyException: s1@group-54B4F2458EED is not in [RUNNING]: current state is CLOSED
2022-06-29 11:32:20,363 INFO  impl.LeaderElection (LogUtils.java:infoOrTrace(137)) - s2@group-54B4F2458EED-LeaderElection63 got exception when requesting votes: java.util.concurrent.ExecutionException: org.apache.ratis.thirdparty.io.grpc.StatusRuntimeException: INTERNAL: s0@group-54B4F2458EED is not in [RUNNING]: current state is CLOSED
2022-06-29 11:32:20,365 INFO  impl.LeaderElection (LogUtils.java:infoOrTrace(137)) - s2@group-54B4F2458EED-LeaderElection63 got exception when requesting votes: java.util.concurrent.ExecutionException: org.apache.ratis.thirdparty.io.grpc.StatusRuntimeException: INTERNAL: s1@group-54B4F2458EED is not in [RUNNING]: current state is CLOSED
2022-06-29 11:32:20,365 INFO  impl.LeaderElection (LeaderElection.java:logAndReturn(90)) - s2@group-54B4F2458EED-LeaderElection63: PRE_VOTE REJECTED received 0 response(s) and 2 exception(s):
2022-06-29 11:32:20,365 INFO  impl.LeaderElection (LogUtils.java:infoOrTrace(137)) -   Exception 0: java.util.concurrent.ExecutionException: org.apache.ratis.thirdparty.io.grpc.StatusRuntimeException: INTERNAL: s0@group-54B4F2458EED is not in [RUNNING]: current state is CLOSED
2022-06-29 11:32:20,365 INFO  impl.LeaderElection (LogUtils.java:infoOrTrace(137)) -   Exception 1: java.util.concurrent.ExecutionException: org.apache.ratis.thirdparty.io.grpc.StatusRuntimeException: INTERNAL: s1@group-54B4F2458EED is not in [RUNNING]: current state is CLOSED
2022-06-29 11:32:20,368 INFO  impl.LeaderElection (LeaderElection.java:askForVotes(312)) - s2@group-54B4F2458EED-LeaderElection63 PRE_VOTE round 0: result REJECTED
2022-06-29 11:32:20,368 INFO  server.RaftServer$Division (RaftServerImpl.java:setRole(299)) - s2@group-54B4F2458EED: changes role from CANDIDATE to FOLLOWER at term 3 for REJECTED
2022-06-29 11:32:20,368 INFO  impl.RoleInfo (RoleInfo.java:shutdownLeaderElection(130)) - s2: shutdown s2@group-54B4F2458EED-LeaderElection63
2022-06-29 11:32:20,368 INFO  impl.RoleInfo (RoleInfo.java:updateAndGet(139)) - s2: start s2@group-54B4F2458EED-FollowerState
2022-06-29 11:32:20,540 INFO  impl.FollowerState (FollowerState.java:run(143)) - s2@group-54B4F2458EED-FollowerState: change to CANDIDATE, lastRpcElapsedTime:171529026ns, electionTimeout:167ms
2022-06-29 11:32:20,540 INFO  impl.RoleInfo (RoleInfo.java:shutdownFollowerState(110)) - s2: shutdown s2@group-54B4F2458EED-FollowerState
2022-06-29 11:32:20,540 INFO  server.RaftServer$Division (RaftServerImpl.java:setRole(299)) - s2@group-54B4F2458EED: changes role from  FOLLOWER to CANDIDATE at term 3 for changeToCandidate
2022-06-29 11:32:20,546 INFO  server.RaftServerConfigKeys (ConfUtils.java:logGet(46)) - raft.server.leaderelection.pre-vote = true (default)
2022-06-29 11:32:20,546 INFO  impl.RoleInfo (RoleInfo.java:updateAndGet(139)) - s2: start s2@group-54B4F2458EED-LeaderElection64
2022-06-29 11:32:20,548 INFO  impl.LeaderElection (LeaderElection.java:askForVotes(310)) - s2@group-54B4F2458EED-LeaderElection64 PRE_VOTE round 0: submit vote requests at term 3 for 28: [s0|rpc:localhost:46515|admin:localhost:40757|client:localhost:41939|dataStream:localhost:35593|priority:0, s1|rpc:localhost:34095|admin:localhost:43151|client:localhost:36051|dataStream:localhost:38995|priority:0, s2|rpc:localhost:40453|admin:localhost:33947|client:localhost:38503|dataStream:localhost:42009|priority:0], old=null
2022-06-29 11:32:20,561 INFO  server.RaftServer$Division (RaftServerImpl.java:requestVote(1152)) - s0@group-54B4F2458EED: receive requestVote(PRE_VOTE, s2, group-54B4F2458EED, 3, (t:3, i:31))
2022-06-29 11:32:20,561 WARN  server.GrpcServerProtocolService (LogUtils.java:warn(122)) - s0: Failed requestVote s2->s0#0: org.apache.ratis.protocol.exceptions.ServerNotReadyException: s0@group-54B4F2458EED is not in [RUNNING]: current state is CLOSED
2022-06-29 11:32:20,562 INFO  server.RaftServer$Division (RaftServerImpl.java:requestVote(1152)) - s1@group-54B4F2458EED: receive requestVote(PRE_VOTE, s2, group-54B4F2458EED, 3, (t:3, i:31))
2022-06-29 11:32:20,562 WARN  server.GrpcServerProtocolService (LogUtils.java:warn(122)) - s1: Failed requestVote s2->s1#0: org.apache.ratis.protocol.exceptions.ServerNotReadyException: s1@group-54B4F2458EED is not in [RUNNING]: current state is CLOSED
2022-06-29 11:32:20,568 INFO  impl.LeaderElection (LogUtils.java:infoOrTrace(137)) - s2@group-54B4F2458EED-LeaderElection64 got exception when requesting votes: java.util.concurrent.ExecutionException: org.apache.ratis.thirdparty.io.grpc.StatusRuntimeException: INTERNAL: s1@group-54B4F2458EED is not in [RUNNING]: current state is CLOSED
2022-06-29 11:32:20,568 INFO  impl.LeaderElection (LogUtils.java:infoOrTrace(137)) - s2@group-54B4F2458EED-LeaderElection64 got exception when requesting votes: java.util.concurrent.ExecutionException: org.apache.ratis.thirdparty.io.grpc.StatusRuntimeException: INTERNAL: s0@group-54B4F2458EED is not in [RUNNING]: current state is CLOSED
2022-06-29 11:32:20,568 INFO  impl.LeaderElection (LeaderElection.java:logAndReturn(90)) - s2@group-54B4F2458EED-LeaderElection64: PRE_VOTE REJECTED received 0 response(s) and 2 exception(s):
2022-06-29 11:32:20,568 INFO  impl.LeaderElection (LogUtils.java:infoOrTrace(137)) -   Exception 0: java.util.concurrent.ExecutionException: org.apache.ratis.thirdparty.io.grpc.StatusRuntimeException: INTERNAL: s1@group-54B4F2458EED is not in [RUNNING]: current state is CLOSED
2022-06-29 11:32:20,568 INFO  impl.LeaderElection (LogUtils.java:infoOrTrace(137)) -   Exception 1: java.util.concurrent.ExecutionException: org.apache.ratis.thirdparty.io.grpc.StatusRuntimeException: INTERNAL: s0@group-54B4F2458EED is not in [RUNNING]: current state is CLOSED
2022-06-29 11:32:20,568 INFO  impl.LeaderElection (LeaderElection.java:askForVotes(312)) - s2@group-54B4F2458EED-LeaderElection64 PRE_VOTE round 0: result REJECTED
2022-06-29 11:32:20,568 INFO  server.RaftServer$Division (RaftServerImpl.java:setRole(299)) - s2@group-54B4F2458EED: changes role from CANDIDATE to FOLLOWER at term 3 for REJECTED
2022-06-29 11:32:20,568 INFO  impl.RoleInfo (RoleInfo.java:shutdownLeaderElection(130)) - s2: shutdown s2@group-54B4F2458EED-LeaderElection64
2022-06-29 11:32:20,568 INFO  impl.RoleInfo (RoleInfo.java:updateAndGet(139)) - s2: start s2@group-54B4F2458EED-FollowerState
2022-06-29 11:32:20,859 INFO  impl.FollowerState (FollowerState.java:run(143)) - s2@group-54B4F2458EED-FollowerState: change to CANDIDATE, lastRpcElapsedTime:290655079ns, electionTimeout:285ms
2022-06-29 11:32:20,859 INFO  impl.RoleInfo (RoleInfo.java:shutdownFollowerState(110)) - s2: shutdown s2@group-54B4F2458EED-FollowerState
2022-06-29 11:32:20,859 INFO  server.RaftServer$Division (RaftServerImpl.java:setRole(299)) - s2@group-54B4F2458EED: changes role from  FOLLOWER to CANDIDATE at term 3 for changeToCandidate
2022-06-29 11:32:20,860 INFO  server.RaftServerConfigKeys (ConfUtils.java:logGet(46)) - raft.server.leaderelection.pre-vote = true (default)
2022-06-29 11:32:20,860 INFO  impl.RoleInfo (RoleInfo.java:updateAndGet(139)) - s2: start s2@group-54B4F2458EED-LeaderElection65
2022-06-29 11:32:20,863 INFO  impl.LeaderElection (LeaderElection.java:askForVotes(310)) - s2@group-54B4F2458EED-LeaderElection65 PRE_VOTE round 0: submit vote requests at term 3 for 28: [s0|rpc:localhost:46515|admin:localhost:40757|client:localhost:41939|dataStream:localhost:35593|priority:0, s1|rpc:localhost:34095|admin:localhost:43151|client:localhost:36051|dataStream:localhost:38995|priority:0, s2|rpc:localhost:40453|admin:localhost:33947|client:localhost:38503|dataStream:localhost:42009|priority:0], old=null
2022-06-29 11:32:20,864 INFO  server.RaftServer$Division (RaftServerImpl.java:requestVote(1152)) - s0@group-54B4F2458EED: receive requestVote(PRE_VOTE, s2, group-54B4F2458EED, 3, (t:3, i:31))
2022-06-29 11:32:20,864 WARN  server.GrpcServerProtocolService (LogUtils.java:warn(122)) - s0: Failed requestVote s2->s0#0: org.apache.ratis.protocol.exceptions.ServerNotReadyException: s0@group-54B4F2458EED is not in [RUNNING]: current state is CLOSED
2022-06-29 11:32:20,865 INFO  impl.LeaderElection (LogUtils.java:infoOrTrace(137)) - s2@group-54B4F2458EED-LeaderElection65 got exception when requesting votes: java.util.concurrent.ExecutionException: org.apache.ratis.thirdparty.io.grpc.StatusRuntimeException: INTERNAL: s0@group-54B4F2458EED is not in [RUNNING]: current state is CLOSED
2022-06-29 11:32:20,865 INFO  server.RaftServer$Division (RaftServerImpl.java:requestVote(1152)) - s1@group-54B4F2458EED: receive requestVote(PRE_VOTE, s2, group-54B4F2458EED, 3, (t:3, i:31))
2022-06-29 11:32:20,865 WARN  server.GrpcServerProtocolService (LogUtils.java:warn(122)) - s1: Failed requestVote s2->s1#0: org.apache.ratis.protocol.exceptions.ServerNotReadyException: s1@group-54B4F2458EED is not in [RUNNING]: current state is CLOSED
2022-06-29 11:32:20,869 INFO  impl.LeaderElection (LogUtils.java:infoOrTrace(137)) - s2@group-54B4F2458EED-LeaderElection65 got exception when requesting votes: java.util.concurrent.ExecutionException: org.apache.ratis.thirdparty.io.grpc.StatusRuntimeException: INTERNAL: s1@group-54B4F2458EED is not in [RUNNING]: current state is CLOSED
2022-06-29 11:32:20,869 INFO  impl.LeaderElection (LeaderElection.java:logAndReturn(90)) - s2@group-54B4F2458EED-LeaderElection65: PRE_VOTE REJECTED received 0 response(s) and 2 exception(s):
2022-06-29 11:32:20,869 INFO  impl.LeaderElection (LogUtils.java:infoOrTrace(137)) -   Exception 0: java.util.concurrent.ExecutionException: org.apache.ratis.thirdparty.io.grpc.StatusRuntimeException: INTERNAL: s0@group-54B4F2458EED is not in [RUNNING]: current state is CLOSED
2022-06-29 11:32:20,869 INFO  impl.LeaderElection (LogUtils.java:infoOrTrace(137)) -   Exception 1: java.util.concurrent.ExecutionException: org.apache.ratis.thirdparty.io.grpc.StatusRuntimeException: INTERNAL: s1@group-54B4F2458EED is not in [RUNNING]: current state is CLOSED
2022-06-29 11:32:20,873 INFO  impl.LeaderElection (LeaderElection.java:askForVotes(312)) - s2@group-54B4F2458EED-LeaderElection65 PRE_VOTE round 0: result REJECTED
2022-06-29 11:32:20,874 INFO  server.RaftServer$Division (RaftServerImpl.java:setRole(299)) - s2@group-54B4F2458EED: changes role from CANDIDATE to FOLLOWER at term 3 for REJECTED
2022-06-29 11:32:20,874 INFO  impl.RoleInfo (RoleInfo.java:shutdownLeaderElection(130)) - s2: shutdown s2@group-54B4F2458EED-LeaderElection65
2022-06-29 11:32:20,874 INFO  impl.RoleInfo (RoleInfo.java:updateAndGet(139)) - s2: start s2@group-54B4F2458EED-FollowerState
2022-06-29 11:32:21,037 INFO  impl.FollowerState (FollowerState.java:run(143)) - s2@group-54B4F2458EED-FollowerState: change to CANDIDATE, lastRpcElapsedTime:163413505ns, electionTimeout:160ms
2022-06-29 11:32:21,037 INFO  impl.RoleInfo (RoleInfo.java:shutdownFollowerState(110)) - s2: shutdown s2@group-54B4F2458EED-FollowerState
2022-06-29 11:32:21,037 INFO  server.RaftServer$Division (RaftServerImpl.java:setRole(299)) - s2@group-54B4F2458EED: changes role from  FOLLOWER to CANDIDATE at term 3 for changeToCandidate
2022-06-29 11:32:21,040 INFO  server.RaftServerConfigKeys (ConfUtils.java:logGet(46)) - raft.server.leaderelection.pre-vote = true (default)
2022-06-29 11:32:21,040 INFO  impl.RoleInfo (RoleInfo.java:updateAndGet(139)) - s2: start s2@group-54B4F2458EED-LeaderElection66
2022-06-29 11:32:21,043 INFO  impl.LeaderElection (LeaderElection.java:askForVotes(310)) - s2@group-54B4F2458EED-LeaderElection66 PRE_VOTE round 0: submit vote requests at term 3 for 28: [s0|rpc:localhost:46515|admin:localhost:40757|client:localhost:41939|dataStream:localhost:35593|priority:0, s1|rpc:localhost:34095|admin:localhost:43151|client:localhost:36051|dataStream:localhost:38995|priority:0, s2|rpc:localhost:40453|admin:localhost:33947|client:localhost:38503|dataStream:localhost:42009|priority:0], old=null
2022-06-29 11:32:21,053 INFO  server.RaftServer$Division (RaftServerImpl.java:requestVote(1152)) - s0@group-54B4F2458EED: receive requestVote(PRE_VOTE, s2, group-54B4F2458EED, 3, (t:3, i:31))
2022-06-29 11:32:21,053 WARN  server.GrpcServerProtocolService (LogUtils.java:warn(122)) - s0: Failed requestVote s2->s0#0: org.apache.ratis.protocol.exceptions.ServerNotReadyException: s0@group-54B4F2458EED is not in [RUNNING]: current state is CLOSED
2022-06-29 11:32:21,054 INFO  server.RaftServer$Division (RaftServerImpl.java:requestVote(1152)) - s1@group-54B4F2458EED: receive requestVote(PRE_VOTE, s2, group-54B4F2458EED, 3, (t:3, i:31))
2022-06-29 11:32:21,054 WARN  server.GrpcServerProtocolService (LogUtils.java:warn(122)) - s1: Failed requestVote s2->s1#0: org.apache.ratis.protocol.exceptions.ServerNotReadyException: s1@group-54B4F2458EED is not in [RUNNING]: current state is CLOSED
2022-06-29 11:32:21,055 INFO  impl.LeaderElection (LogUtils.java:infoOrTrace(137)) - s2@group-54B4F2458EED-LeaderElection66 got exception when requesting votes: java.util.concurrent.ExecutionException: org.apache.ratis.thirdparty.io.grpc.StatusRuntimeException: INTERNAL: s1@group-54B4F2458EED is not in [RUNNING]: current state is CLOSED
2022-06-29 11:32:21,055 INFO  impl.LeaderElection (LogUtils.java:infoOrTrace(137)) - s2@group-54B4F2458EED-LeaderElection66 got exception when requesting votes: java.util.concurrent.ExecutionException: org.apache.ratis.thirdparty.io.grpc.StatusRuntimeException: INTERNAL: s0@group-54B4F2458EED is not in [RUNNING]: current state is CLOSED
2022-06-29 11:32:21,055 INFO  impl.LeaderElection (LeaderElection.java:logAndReturn(90)) - s2@group-54B4F2458EED-LeaderElection66: PRE_VOTE REJECTED received 0 response(s) and 2 exception(s):
2022-06-29 11:32:21,055 INFO  impl.LeaderElection (LogUtils.java:infoOrTrace(137)) -   Exception 0: java.util.concurrent.ExecutionException: org.apache.ratis.thirdparty.io.grpc.StatusRuntimeException: INTERNAL: s1@group-54B4F2458EED is not in [RUNNING]: current state is CLOSED
2022-06-29 11:32:21,055 INFO  impl.LeaderElection (LogUtils.java:infoOrTrace(137)) -   Exception 1: java.util.concurrent.ExecutionException: org.apache.ratis.thirdparty.io.grpc.StatusRuntimeException: INTERNAL: s0@group-54B4F2458EED is not in [RUNNING]: current state is CLOSED
2022-06-29 11:32:21,060 INFO  impl.LeaderElection (LeaderElection.java:askForVotes(312)) - s2@group-54B4F2458EED-LeaderElection66 PRE_VOTE round 0: result REJECTED
2022-06-29 11:32:21,060 INFO  server.RaftServer$Division (RaftServerImpl.java:setRole(299)) - s2@group-54B4F2458EED: changes role from CANDIDATE to FOLLOWER at term 3 for REJECTED
2022-06-29 11:32:21,060 INFO  impl.RoleInfo (RoleInfo.java:shutdownLeaderElection(130)) - s2: shutdown s2@group-54B4F2458EED-LeaderElection66
2022-06-29 11:32:21,060 INFO  impl.RoleInfo (RoleInfo.java:updateAndGet(139)) - s2: start s2@group-54B4F2458EED-FollowerState
2022-06-29 11:32:21,261 INFO  impl.FollowerState (FollowerState.java:run(143)) - s2@group-54B4F2458EED-FollowerState: change to CANDIDATE, lastRpcElapsedTime:200795247ns, electionTimeout:192ms
2022-06-29 11:32:21,261 INFO  impl.RoleInfo (RoleInfo.java:shutdownFollowerState(110)) - s2: shutdown s2@group-54B4F2458EED-FollowerState
2022-06-29 11:32:21,261 INFO  server.RaftServer$Division (RaftServerImpl.java:setRole(299)) - s2@group-54B4F2458EED: changes role from  FOLLOWER to CANDIDATE at term 3 for changeToCandidate
2022-06-29 11:32:21,263 INFO  server.RaftServerConfigKeys (ConfUtils.java:logGet(46)) - raft.server.leaderelection.pre-vote = true (default)
2022-06-29 11:32:21,263 INFO  impl.RoleInfo (RoleInfo.java:updateAndGet(139)) - s2: start s2@group-54B4F2458EED-LeaderElection67
2022-06-29 11:32:21,266 INFO  impl.LeaderElection (LeaderElection.java:askForVotes(310)) - s2@group-54B4F2458EED-LeaderElection67 PRE_VOTE round 0: submit vote requests at term 3 for 28: [s0|rpc:localhost:46515|admin:localhost:40757|client:localhost:41939|dataStream:localhost:35593|priority:0, s1|rpc:localhost:34095|admin:localhost:43151|client:localhost:36051|dataStream:localhost:38995|priority:0, s2|rpc:localhost:40453|admin:localhost:33947|client:localhost:38503|dataStream:localhost:42009|priority:0], old=null
2022-06-29 11:32:21,272 INFO  server.RaftServer$Division (RaftServerImpl.java:requestVote(1152)) - s0@group-54B4F2458EED: receive requestVote(PRE_VOTE, s2, group-54B4F2458EED, 3, (t:3, i:31))
2022-06-29 11:32:21,273 WARN  server.GrpcServerProtocolService (LogUtils.java:warn(122)) - s0: Failed requestVote s2->s0#0: org.apache.ratis.protocol.exceptions.ServerNotReadyException: s0@group-54B4F2458EED is not in [RUNNING]: current state is CLOSED
2022-06-29 11:32:21,274 INFO  server.RaftServer$Division (RaftServerImpl.java:requestVote(1152)) - s1@group-54B4F2458EED: receive requestVote(PRE_VOTE, s2, group-54B4F2458EED, 3, (t:3, i:31))
2022-06-29 11:32:21,274 WARN  server.GrpcServerProtocolService (LogUtils.java:warn(122)) - s1: Failed requestVote s2->s1#0: org.apache.ratis.protocol.exceptions.ServerNotReadyException: s1@group-54B4F2458EED is not in [RUNNING]: current state is CLOSED
2022-06-29 11:32:21,275 INFO  impl.LeaderElection (LogUtils.java:infoOrTrace(137)) - s2@group-54B4F2458EED-LeaderElection67 got exception when requesting votes: java.util.concurrent.ExecutionException: org.apache.ratis.thirdparty.io.grpc.StatusRuntimeException: INTERNAL: s0@group-54B4F2458EED is not in [RUNNING]: current state is CLOSED
2022-06-29 11:32:21,276 INFO  impl.LeaderElection (LogUtils.java:infoOrTrace(137)) - s2@group-54B4F2458EED-LeaderElection67 got exception when requesting votes: java.util.concurrent.ExecutionException: org.apache.ratis.thirdparty.io.grpc.StatusRuntimeException: INTERNAL: s1@group-54B4F2458EED is not in [RUNNING]: current state is CLOSED
2022-06-29 11:32:21,276 INFO  impl.LeaderElection (LeaderElection.java:logAndReturn(90)) - s2@group-54B4F2458EED-LeaderElection67: PRE_VOTE REJECTED received 0 response(s) and 2 exception(s):
2022-06-29 11:32:21,276 INFO  impl.LeaderElection (LogUtils.java:infoOrTrace(137)) -   Exception 0: java.util.concurrent.ExecutionException: org.apache.ratis.thirdparty.io.grpc.StatusRuntimeException: INTERNAL: s0@group-54B4F2458EED is not in [RUNNING]: current state is CLOSED
2022-06-29 11:32:21,276 INFO  impl.LeaderElection (LogUtils.java:infoOrTrace(137)) -   Exception 1: java.util.concurrent.ExecutionException: org.apache.ratis.thirdparty.io.grpc.StatusRuntimeException: INTERNAL: s1@group-54B4F2458EED is not in [RUNNING]: current state is CLOSED
2022-06-29 11:32:21,278 INFO  impl.LeaderElection (LeaderElection.java:askForVotes(312)) - s2@group-54B4F2458EED-LeaderElection67 PRE_VOTE round 0: result REJECTED
2022-06-29 11:32:21,278 INFO  server.RaftServer$Division (RaftServerImpl.java:setRole(299)) - s2@group-54B4F2458EED: changes role from CANDIDATE to FOLLOWER at term 3 for REJECTED
2022-06-29 11:32:21,278 INFO  impl.RoleInfo (RoleInfo.java:shutdownLeaderElection(130)) - s2: shutdown s2@group-54B4F2458EED-LeaderElection67
2022-06-29 11:32:21,278 INFO  impl.RoleInfo (RoleInfo.java:updateAndGet(139)) - s2: start s2@group-54B4F2458EED-FollowerState
2022-06-29 11:32:21,476 INFO  impl.FollowerState (FollowerState.java:run(143)) - s2@group-54B4F2458EED-FollowerState: change to CANDIDATE, lastRpcElapsedTime:198011506ns, electionTimeout:194ms
2022-06-29 11:32:21,476 INFO  impl.RoleInfo (RoleInfo.java:shutdownFollowerState(110)) - s2: shutdown s2@group-54B4F2458EED-FollowerState
2022-06-29 11:32:21,477 INFO  server.RaftServer$Division (RaftServerImpl.java:setRole(299)) - s2@group-54B4F2458EED: changes role from  FOLLOWER to CANDIDATE at term 3 for changeToCandidate
2022-06-29 11:32:21,478 INFO  server.RaftServerConfigKeys (ConfUtils.java:logGet(46)) - raft.server.leaderelection.pre-vote = true (default)
2022-06-29 11:32:21,478 INFO  impl.RoleInfo (RoleInfo.java:updateAndGet(139)) - s2: start s2@group-54B4F2458EED-LeaderElection68
2022-06-29 11:32:21,480 INFO  impl.LeaderElection (LeaderElection.java:askForVotes(310)) - s2@group-54B4F2458EED-LeaderElection68 PRE_VOTE round 0: submit vote requests at term 3 for 28: [s0|rpc:localhost:46515|admin:localhost:40757|client:localhost:41939|dataStream:localhost:35593|priority:0, s1|rpc:localhost:34095|admin:localhost:43151|client:localhost:36051|dataStream:localhost:38995|priority:0, s2|rpc:localhost:40453|admin:localhost:33947|client:localhost:38503|dataStream:localhost:42009|priority:0], old=null
2022-06-29 11:32:21,487 INFO  server.RaftServer$Division (RaftServerImpl.java:requestVote(1152)) - s0@group-54B4F2458EED: receive requestVote(PRE_VOTE, s2, group-54B4F2458EED, 3, (t:3, i:31))
2022-06-29 11:32:21,487 WARN  server.GrpcServerProtocolService (LogUtils.java:warn(122)) - s0: Failed requestVote s2->s0#0: org.apache.ratis.protocol.exceptions.ServerNotReadyException: s0@group-54B4F2458EED is not in [RUNNING]: current state is CLOSED
2022-06-29 11:32:21,488 INFO  server.RaftServer$Division (RaftServerImpl.java:requestVote(1152)) - s1@group-54B4F2458EED: receive requestVote(PRE_VOTE, s2, group-54B4F2458EED, 3, (t:3, i:31))
2022-06-29 11:32:21,488 WARN  server.GrpcServerProtocolService (LogUtils.java:warn(122)) - s1: Failed requestVote s2->s1#0: org.apache.ratis.protocol.exceptions.ServerNotReadyException: s1@group-54B4F2458EED is not in [RUNNING]: current state is CLOSED
2022-06-29 11:32:21,490 INFO  impl.LeaderElection (LogUtils.java:infoOrTrace(137)) - s2@group-54B4F2458EED-LeaderElection68 got exception when requesting votes: java.util.concurrent.ExecutionException: org.apache.ratis.thirdparty.io.grpc.StatusRuntimeException: INTERNAL: s0@group-54B4F2458EED is not in [RUNNING]: current state is CLOSED
2022-06-29 11:32:21,491 INFO  impl.LeaderElection (LogUtils.java:infoOrTrace(137)) - s2@group-54B4F2458EED-LeaderElection68 got exception when requesting votes: java.util.concurrent.ExecutionException: org.apache.ratis.thirdparty.io.grpc.StatusRuntimeException: INTERNAL: s1@group-54B4F2458EED is not in [RUNNING]: current state is CLOSED
2022-06-29 11:32:21,491 INFO  impl.LeaderElection (LeaderElection.java:logAndReturn(90)) - s2@group-54B4F2458EED-LeaderElection68: PRE_VOTE REJECTED received 0 response(s) and 2 exception(s):
2022-06-29 11:32:21,491 INFO  impl.LeaderElection (LogUtils.java:infoOrTrace(137)) -   Exception 0: java.util.concurrent.ExecutionException: org.apache.ratis.thirdparty.io.grpc.StatusRuntimeException: INTERNAL: s0@group-54B4F2458EED is not in [RUNNING]: current state is CLOSED
2022-06-29 11:32:21,491 INFO  impl.LeaderElection (LogUtils.java:infoOrTrace(137)) -   Exception 1: java.util.concurrent.ExecutionException: org.apache.ratis.thirdparty.io.grpc.StatusRuntimeException: INTERNAL: s1@group-54B4F2458EED is not in [RUNNING]: current state is CLOSED
2022-06-29 11:32:21,491 INFO  impl.LeaderElection (LeaderElection.java:askForVotes(312)) - s2@group-54B4F2458EED-LeaderElection68 PRE_VOTE round 0: result REJECTED
2022-06-29 11:32:21,491 INFO  server.RaftServer$Division (RaftServerImpl.java:setRole(299)) - s2@group-54B4F2458EED: changes role from CANDIDATE to FOLLOWER at term 3 for REJECTED
2022-06-29 11:32:21,491 INFO  impl.RoleInfo (RoleInfo.java:shutdownLeaderElection(130)) - s2: shutdown s2@group-54B4F2458EED-LeaderElection68
2022-06-29 11:32:21,491 INFO  impl.RoleInfo (RoleInfo.java:updateAndGet(139)) - s2: start s2@group-54B4F2458EED-FollowerState
2022-06-29 11:32:21,748 INFO  impl.FollowerState (FollowerState.java:run(143)) - s2@group-54B4F2458EED-FollowerState: change to CANDIDATE, lastRpcElapsedTime:257257375ns, electionTimeout:255ms
2022-06-29 11:32:21,748 INFO  impl.RoleInfo (RoleInfo.java:shutdownFollowerState(110)) - s2: shutdown s2@group-54B4F2458EED-FollowerState
2022-06-29 11:32:21,748 INFO  server.RaftServer$Division (RaftServerImpl.java:setRole(299)) - s2@group-54B4F2458EED: changes role from  FOLLOWER to CANDIDATE at term 3 for changeToCandidate
2022-06-29 11:32:21,752 INFO  server.RaftServerConfigKeys (ConfUtils.java:logGet(46)) - raft.server.leaderelection.pre-vote = true (default)
2022-06-29 11:32:21,752 INFO  impl.RoleInfo (RoleInfo.java:updateAndGet(139)) - s2: start s2@group-54B4F2458EED-LeaderElection69
2022-06-29 11:32:21,756 INFO  impl.LeaderElection (LeaderElection.java:askForVotes(310)) - s2@group-54B4F2458EED-LeaderElection69 PRE_VOTE round 0: submit vote requests at term 3 for 28: [s0|rpc:localhost:46515|admin:localhost:40757|client:localhost:41939|dataStream:localhost:35593|priority:0, s1|rpc:localhost:34095|admin:localhost:43151|client:localhost:36051|dataStream:localhost:38995|priority:0, s2|rpc:localhost:40453|admin:localhost:33947|client:localhost:38503|dataStream:localhost:42009|priority:0], old=null
2022-06-29 11:32:21,767 INFO  server.RaftServer$Division (RaftServerImpl.java:requestVote(1152)) - s0@group-54B4F2458EED: receive requestVote(PRE_VOTE, s2, group-54B4F2458EED, 3, (t:3, i:31))
2022-06-29 11:32:21,767 WARN  server.GrpcServerProtocolService (LogUtils.java:warn(122)) - s0: Failed requestVote s2->s0#0: org.apache.ratis.protocol.exceptions.ServerNotReadyException: s0@group-54B4F2458EED is not in [RUNNING]: current state is CLOSED
2022-06-29 11:32:21,770 INFO  server.RaftServer$Division (RaftServerImpl.java:requestVote(1152)) - s1@group-54B4F2458EED: receive requestVote(PRE_VOTE, s2, group-54B4F2458EED, 3, (t:3, i:31))
2022-06-29 11:32:21,770 WARN  server.GrpcServerProtocolService (LogUtils.java:warn(122)) - s1: Failed requestVote s2->s1#0: org.apache.ratis.protocol.exceptions.ServerNotReadyException: s1@group-54B4F2458EED is not in [RUNNING]: current state is CLOSED
2022-06-29 11:32:21,773 INFO  impl.LeaderElection (LogUtils.java:infoOrTrace(137)) - s2@group-54B4F2458EED-LeaderElection69 got exception when requesting votes: java.util.concurrent.ExecutionException: org.apache.ratis.thirdparty.io.grpc.StatusRuntimeException: INTERNAL: s0@group-54B4F2458EED is not in [RUNNING]: current state is CLOSED
2022-06-29 11:32:21,773 INFO  impl.LeaderElection (LogUtils.java:infoOrTrace(137)) - s2@group-54B4F2458EED-LeaderElection69 got exception when requesting votes: java.util.concurrent.ExecutionException: org.apache.ratis.thirdparty.io.grpc.StatusRuntimeException: INTERNAL: s1@group-54B4F2458EED is not in [RUNNING]: current state is CLOSED
2022-06-29 11:32:21,773 INFO  impl.LeaderElection (LeaderElection.java:logAndReturn(90)) - s2@group-54B4F2458EED-LeaderElection69: PRE_VOTE REJECTED received 0 response(s) and 2 exception(s):
2022-06-29 11:32:21,773 INFO  impl.LeaderElection (LogUtils.java:infoOrTrace(137)) -   Exception 0: java.util.concurrent.ExecutionException: org.apache.ratis.thirdparty.io.grpc.StatusRuntimeException: INTERNAL: s0@group-54B4F2458EED is not in [RUNNING]: current state is CLOSED
2022-06-29 11:32:21,773 INFO  impl.LeaderElection (LogUtils.java:infoOrTrace(137)) -   Exception 1: java.util.concurrent.ExecutionException: org.apache.ratis.thirdparty.io.grpc.StatusRuntimeException: INTERNAL: s1@group-54B4F2458EED is not in [RUNNING]: current state is CLOSED
2022-06-29 11:32:21,775 INFO  impl.LeaderElection (LeaderElection.java:askForVotes(312)) - s2@group-54B4F2458EED-LeaderElection69 PRE_VOTE round 0: result REJECTED
2022-06-29 11:32:21,775 INFO  server.RaftServer$Division (RaftServerImpl.java:setRole(299)) - s2@group-54B4F2458EED: changes role from CANDIDATE to FOLLOWER at term 3 for REJECTED
2022-06-29 11:32:21,775 INFO  impl.RoleInfo (RoleInfo.java:shutdownLeaderElection(130)) - s2: shutdown s2@group-54B4F2458EED-LeaderElection69
2022-06-29 11:32:21,779 INFO  impl.RoleInfo (RoleInfo.java:updateAndGet(139)) - s2: start s2@group-54B4F2458EED-FollowerState
2022-06-29 11:32:21,978 INFO  impl.FollowerState (FollowerState.java:run(143)) - s2@group-54B4F2458EED-FollowerState: change to CANDIDATE, lastRpcElapsedTime:199504428ns, electionTimeout:193ms
2022-06-29 11:32:21,979 INFO  impl.RoleInfo (RoleInfo.java:shutdownFollowerState(110)) - s2: shutdown s2@group-54B4F2458EED-FollowerState
2022-06-29 11:32:21,979 INFO  server.RaftServer$Division (RaftServerImpl.java:setRole(299)) - s2@group-54B4F2458EED: changes role from  FOLLOWER to CANDIDATE at term 3 for changeToCandidate
2022-06-29 11:32:21,982 INFO  server.RaftServerConfigKeys (ConfUtils.java:logGet(46)) - raft.server.leaderelection.pre-vote = true (default)
2022-06-29 11:32:21,982 INFO  impl.RoleInfo (RoleInfo.java:updateAndGet(139)) - s2: start s2@group-54B4F2458EED-LeaderElection70
2022-06-29 11:32:21,986 INFO  impl.LeaderElection (LeaderElection.java:askForVotes(310)) - s2@group-54B4F2458EED-LeaderElection70 PRE_VOTE round 0: submit vote requests at term 3 for 28: [s0|rpc:localhost:46515|admin:localhost:40757|client:localhost:41939|dataStream:localhost:35593|priority:0, s1|rpc:localhost:34095|admin:localhost:43151|client:localhost:36051|dataStream:localhost:38995|priority:0, s2|rpc:localhost:40453|admin:localhost:33947|client:localhost:38503|dataStream:localhost:42009|priority:0], old=null
2022-06-29 11:32:21,991 INFO  server.RaftServer$Division (RaftServerImpl.java:requestVote(1152)) - s0@group-54B4F2458EED: receive requestVote(PRE_VOTE, s2, group-54B4F2458EED, 3, (t:3, i:31))
2022-06-29 11:32:21,991 WARN  server.GrpcServerProtocolService (LogUtils.java:warn(122)) - s0: Failed requestVote s2->s0#0: org.apache.ratis.protocol.exceptions.ServerNotReadyException: s0@group-54B4F2458EED is not in [RUNNING]: current state is CLOSED
2022-06-29 11:32:21,996 INFO  impl.LeaderElection (LogUtils.java:infoOrTrace(137)) - s2@group-54B4F2458EED-LeaderElection70 got exception when requesting votes: java.util.concurrent.ExecutionException: org.apache.ratis.thirdparty.io.grpc.StatusRuntimeException: INTERNAL: s0@group-54B4F2458EED is not in [RUNNING]: current state is CLOSED
2022-06-29 11:32:21,998 INFO  server.RaftServer$Division (RaftServerImpl.java:requestVote(1152)) - s1@group-54B4F2458EED: receive requestVote(PRE_VOTE, s2, group-54B4F2458EED, 3, (t:3, i:31))
2022-06-29 11:32:21,998 WARN  server.GrpcServerProtocolService (LogUtils.java:warn(122)) - s1: Failed requestVote s2->s1#0: org.apache.ratis.protocol.exceptions.ServerNotReadyException: s1@group-54B4F2458EED is not in [RUNNING]: current state is CLOSED
2022-06-29 11:32:22,001 INFO  impl.LeaderElection (LogUtils.java:infoOrTrace(137)) - s2@group-54B4F2458EED-LeaderElection70 got exception when requesting votes: java.util.concurrent.ExecutionException: org.apache.ratis.thirdparty.io.grpc.StatusRuntimeException: INTERNAL: s1@group-54B4F2458EED is not in [RUNNING]: current state is CLOSED
2022-06-29 11:32:22,001 INFO  impl.LeaderElection (LeaderElection.java:logAndReturn(90)) - s2@group-54B4F2458EED-LeaderElection70: PRE_VOTE REJECTED received 0 response(s) and 2 exception(s):
2022-06-29 11:32:22,001 INFO  impl.LeaderElection (LogUtils.java:infoOrTrace(137)) -   Exception 0: java.util.concurrent.ExecutionException: org.apache.ratis.thirdparty.io.grpc.StatusRuntimeException: INTERNAL: s0@group-54B4F2458EED is not in [RUNNING]: current state is CLOSED
2022-06-29 11:32:22,001 INFO  impl.LeaderElection (LogUtils.java:infoOrTrace(137)) -   Exception 1: java.util.concurrent.ExecutionException: org.apache.ratis.thirdparty.io.grpc.StatusRuntimeException: INTERNAL: s1@group-54B4F2458EED is not in [RUNNING]: current state is CLOSED
2022-06-29 11:32:22,003 INFO  impl.LeaderElection (LeaderElection.java:askForVotes(312)) - s2@group-54B4F2458EED-LeaderElection70 PRE_VOTE round 0: result REJECTED
2022-06-29 11:32:22,003 INFO  server.RaftServer$Division (RaftServerImpl.java:setRole(299)) - s2@group-54B4F2458EED: changes role from CANDIDATE to FOLLOWER at term 3 for REJECTED
2022-06-29 11:32:22,003 INFO  impl.RoleInfo (RoleInfo.java:shutdownLeaderElection(130)) - s2: shutdown s2@group-54B4F2458EED-LeaderElection70
2022-06-29 11:32:22,003 INFO  impl.RoleInfo (RoleInfo.java:updateAndGet(139)) - s2: start s2@group-54B4F2458EED-FollowerState
2022-06-29 11:32:22,318 INFO  impl.FollowerState (FollowerState.java:run(143)) - s2@group-54B4F2458EED-FollowerState: change to CANDIDATE, lastRpcElapsedTime:314655902ns, electionTimeout:298ms
2022-06-29 11:32:22,318 INFO  impl.RoleInfo (RoleInfo.java:shutdownFollowerState(110)) - s2: shutdown s2@group-54B4F2458EED-FollowerState
2022-06-29 11:32:22,318 INFO  server.RaftServer$Division (RaftServerImpl.java:setRole(299)) - s2@group-54B4F2458EED: changes role from  FOLLOWER to CANDIDATE at term 3 for changeToCandidate
2022-06-29 11:32:22,318 INFO  server.RaftServerConfigKeys (ConfUtils.java:logGet(46)) - raft.server.leaderelection.pre-vote = true (default)
2022-06-29 11:32:22,318 INFO  impl.RoleInfo (RoleInfo.java:updateAndGet(139)) - s2: start s2@group-54B4F2458EED-LeaderElection71
2022-06-29 11:32:22,318 INFO  impl.LeaderElection (LeaderElection.java:askForVotes(310)) - s2@group-54B4F2458EED-LeaderElection71 PRE_VOTE round 0: submit vote requests at term 3 for 28: [s0|rpc:localhost:46515|admin:localhost:40757|client:localhost:41939|dataStream:localhost:35593|priority:0, s1|rpc:localhost:34095|admin:localhost:43151|client:localhost:36051|dataStream:localhost:38995|priority:0, s2|rpc:localhost:40453|admin:localhost:33947|client:localhost:38503|dataStream:localhost:42009|priority:0], old=null
2022-06-29 11:32:22,336 INFO  server.RaftServer$Division (RaftServerImpl.java:requestVote(1152)) - s0@group-54B4F2458EED: receive requestVote(PRE_VOTE, s2, group-54B4F2458EED, 3, (t:3, i:31))
2022-06-29 11:32:22,337 WARN  server.GrpcServerProtocolService (LogUtils.java:warn(122)) - s0: Failed requestVote s2->s0#0: org.apache.ratis.protocol.exceptions.ServerNotReadyException: s0@group-54B4F2458EED is not in [RUNNING]: current state is CLOSED
2022-06-29 11:32:22,337 INFO  server.RaftServer$Division (RaftServerImpl.java:requestVote(1152)) - s1@group-54B4F2458EED: receive requestVote(PRE_VOTE, s2, group-54B4F2458EED, 3, (t:3, i:31))
2022-06-29 11:32:22,337 WARN  server.GrpcServerProtocolService (LogUtils.java:warn(122)) - s1: Failed requestVote s2->s1#0: org.apache.ratis.protocol.exceptions.ServerNotReadyException: s1@group-54B4F2458EED is not in [RUNNING]: current state is CLOSED
2022-06-29 11:32:22,341 INFO  impl.LeaderElection (LogUtils.java:infoOrTrace(137)) - s2@group-54B4F2458EED-LeaderElection71 got exception when requesting votes: java.util.concurrent.ExecutionException: org.apache.ratis.thirdparty.io.grpc.StatusRuntimeException: INTERNAL: s1@group-54B4F2458EED is not in [RUNNING]: current state is CLOSED
2022-06-29 11:32:22,342 INFO  impl.LeaderElection (LogUtils.java:infoOrTrace(137)) - s2@group-54B4F2458EED-LeaderElection71 got exception when requesting votes: java.util.concurrent.ExecutionException: org.apache.ratis.thirdparty.io.grpc.StatusRuntimeException: INTERNAL: s0@group-54B4F2458EED is not in [RUNNING]: current state is CLOSED
2022-06-29 11:32:22,343 INFO  impl.LeaderElection (LeaderElection.java:logAndReturn(90)) - s2@group-54B4F2458EED-LeaderElection71: PRE_VOTE REJECTED received 0 response(s) and 2 exception(s):
2022-06-29 11:32:22,343 INFO  impl.LeaderElection (LogUtils.java:infoOrTrace(137)) -   Exception 0: java.util.concurrent.ExecutionException: org.apache.ratis.thirdparty.io.grpc.StatusRuntimeException: INTERNAL: s1@group-54B4F2458EED is not in [RUNNING]: current state is CLOSED
2022-06-29 11:32:22,343 INFO  impl.LeaderElection (LogUtils.java:infoOrTrace(137)) -   Exception 1: java.util.concurrent.ExecutionException: org.apache.ratis.thirdparty.io.grpc.StatusRuntimeException: INTERNAL: s0@group-54B4F2458EED is not in [RUNNING]: current state is CLOSED
2022-06-29 11:32:22,343 INFO  impl.LeaderElection (LeaderElection.java:askForVotes(312)) - s2@group-54B4F2458EED-LeaderElection71 PRE_VOTE round 0: result REJECTED
2022-06-29 11:32:22,343 INFO  server.RaftServer$Division (RaftServerImpl.java:setRole(299)) - s2@group-54B4F2458EED: changes role from CANDIDATE to FOLLOWER at term 3 for REJECTED
2022-06-29 11:32:22,343 INFO  impl.RoleInfo (RoleInfo.java:shutdownLeaderElection(130)) - s2: shutdown s2@group-54B4F2458EED-LeaderElection71
2022-06-29 11:32:22,343 INFO  impl.RoleInfo (RoleInfo.java:updateAndGet(139)) - s2: start s2@group-54B4F2458EED-FollowerState
2022-06-29 11:32:22,572 INFO  impl.FollowerState (FollowerState.java:run(143)) - s2@group-54B4F2458EED-FollowerState: change to CANDIDATE, lastRpcElapsedTime:228757446ns, electionTimeout:227ms
2022-06-29 11:32:22,572 INFO  impl.RoleInfo (RoleInfo.java:shutdownFollowerState(110)) - s2: shutdown s2@group-54B4F2458EED-FollowerState
2022-06-29 11:32:22,572 INFO  server.RaftServer$Division (RaftServerImpl.java:setRole(299)) - s2@group-54B4F2458EED: changes role from  FOLLOWER to CANDIDATE at term 3 for changeToCandidate
2022-06-29 11:32:22,572 INFO  server.RaftServerConfigKeys (ConfUtils.java:logGet(46)) - raft.server.leaderelection.pre-vote = true (default)
2022-06-29 11:32:22,572 INFO  impl.RoleInfo (RoleInfo.java:updateAndGet(139)) - s2: start s2@group-54B4F2458EED-LeaderElection72
2022-06-29 11:32:22,575 INFO  impl.LeaderElection (LeaderElection.java:askForVotes(310)) - s2@group-54B4F2458EED-LeaderElection72 PRE_VOTE round 0: submit vote requests at term 3 for 28: [s0|rpc:localhost:46515|admin:localhost:40757|client:localhost:41939|dataStream:localhost:35593|priority:0, s1|rpc:localhost:34095|admin:localhost:43151|client:localhost:36051|dataStream:localhost:38995|priority:0, s2|rpc:localhost:40453|admin:localhost:33947|client:localhost:38503|dataStream:localhost:42009|priority:0], old=null
2022-06-29 11:32:22,584 INFO  server.RaftServer$Division (RaftServerImpl.java:requestVote(1152)) - s0@group-54B4F2458EED: receive requestVote(PRE_VOTE, s2, group-54B4F2458EED, 3, (t:3, i:31))
2022-06-29 11:32:22,584 WARN  server.GrpcServerProtocolService (LogUtils.java:warn(122)) - s0: Failed requestVote s2->s0#0: org.apache.ratis.protocol.exceptions.ServerNotReadyException: s0@group-54B4F2458EED is not in [RUNNING]: current state is CLOSED
2022-06-29 11:32:22,586 INFO  server.RaftServer$Division (RaftServerImpl.java:requestVote(1152)) - s1@group-54B4F2458EED: receive requestVote(PRE_VOTE, s2, group-54B4F2458EED, 3, (t:3, i:31))
2022-06-29 11:32:22,586 WARN  server.GrpcServerProtocolService (LogUtils.java:warn(122)) - s1: Failed requestVote s2->s1#0: org.apache.ratis.protocol.exceptions.ServerNotReadyException: s1@group-54B4F2458EED is not in [RUNNING]: current state is CLOSED
2022-06-29 11:32:22,591 INFO  impl.LeaderElection (LogUtils.java:infoOrTrace(137)) - s2@group-54B4F2458EED-LeaderElection72 got exception when requesting votes: java.util.concurrent.ExecutionException: org.apache.ratis.thirdparty.io.grpc.StatusRuntimeException: INTERNAL: s1@group-54B4F2458EED is not in [RUNNING]: current state is CLOSED
2022-06-29 11:32:22,593 INFO  impl.LeaderElection (LogUtils.java:infoOrTrace(137)) - s2@group-54B4F2458EED-LeaderElection72 got exception when requesting votes: java.util.concurrent.ExecutionException: org.apache.ratis.thirdparty.io.grpc.StatusRuntimeException: INTERNAL: s0@group-54B4F2458EED is not in [RUNNING]: current state is CLOSED
2022-06-29 11:32:22,593 INFO  impl.LeaderElection (LeaderElection.java:logAndReturn(90)) - s2@group-54B4F2458EED-LeaderElection72: PRE_VOTE REJECTED received 0 response(s) and 2 exception(s):
2022-06-29 11:32:22,593 INFO  impl.LeaderElection (LogUtils.java:infoOrTrace(137)) -   Exception 0: java.util.concurrent.ExecutionException: org.apache.ratis.thirdparty.io.grpc.StatusRuntimeException: INTERNAL: s1@group-54B4F2458EED is not in [RUNNING]: current state is CLOSED
2022-06-29 11:32:22,593 INFO  impl.LeaderElection (LogUtils.java:infoOrTrace(137)) -   Exception 1: java.util.concurrent.ExecutionException: org.apache.ratis.thirdparty.io.grpc.StatusRuntimeException: INTERNAL: s0@group-54B4F2458EED is not in [RUNNING]: current state is CLOSED
2022-06-29 11:32:22,593 INFO  impl.LeaderElection (LeaderElection.java:askForVotes(312)) - s2@group-54B4F2458EED-LeaderElection72 PRE_VOTE round 0: result REJECTED
2022-06-29 11:32:22,593 INFO  server.RaftServer$Division (RaftServerImpl.java:setRole(299)) - s2@group-54B4F2458EED: changes role from CANDIDATE to FOLLOWER at term 3 for REJECTED
2022-06-29 11:32:22,593 INFO  impl.RoleInfo (RoleInfo.java:shutdownLeaderElection(130)) - s2: shutdown s2@group-54B4F2458EED-LeaderElection72
2022-06-29 11:32:22,594 INFO  impl.RoleInfo (RoleInfo.java:updateAndGet(139)) - s2: start s2@group-54B4F2458EED-FollowerState
2022-06-29 11:32:22,847 INFO  impl.FollowerState (FollowerState.java:run(143)) - s2@group-54B4F2458EED-FollowerState: change to CANDIDATE, lastRpcElapsedTime:253514708ns, electionTimeout:249ms
2022-06-29 11:32:22,847 INFO  impl.RoleInfo (RoleInfo.java:shutdownFollowerState(110)) - s2: shutdown s2@group-54B4F2458EED-FollowerState
2022-06-29 11:32:22,847 INFO  server.RaftServer$Division (RaftServerImpl.java:setRole(299)) - s2@group-54B4F2458EED: changes role from  FOLLOWER to CANDIDATE at term 3 for changeToCandidate
2022-06-29 11:32:22,848 INFO  server.RaftServerConfigKeys (ConfUtils.java:logGet(46)) - raft.server.leaderelection.pre-vote = true (default)
2022-06-29 11:32:22,848 INFO  impl.RoleInfo (RoleInfo.java:updateAndGet(139)) - s2: start s2@group-54B4F2458EED-LeaderElection73
2022-06-29 11:32:22,852 INFO  impl.LeaderElection (LeaderElection.java:askForVotes(310)) - s2@group-54B4F2458EED-LeaderElection73 PRE_VOTE round 0: submit vote requests at term 3 for 28: [s0|rpc:localhost:46515|admin:localhost:40757|client:localhost:41939|dataStream:localhost:35593|priority:0, s1|rpc:localhost:34095|admin:localhost:43151|client:localhost:36051|dataStream:localhost:38995|priority:0, s2|rpc:localhost:40453|admin:localhost:33947|client:localhost:38503|dataStream:localhost:42009|priority:0], old=null
2022-06-29 11:32:22,860 INFO  server.RaftServer$Division (RaftServerImpl.java:requestVote(1152)) - s0@group-54B4F2458EED: receive requestVote(PRE_VOTE, s2, group-54B4F2458EED, 3, (t:3, i:31))
2022-06-29 11:32:22,860 WARN  server.GrpcServerProtocolService (LogUtils.java:warn(122)) - s0: Failed requestVote s2->s0#0: org.apache.ratis.protocol.exceptions.ServerNotReadyException: s0@group-54B4F2458EED is not in [RUNNING]: current state is CLOSED
2022-06-29 11:32:22,862 INFO  server.RaftServer$Division (RaftServerImpl.java:requestVote(1152)) - s1@group-54B4F2458EED: receive requestVote(PRE_VOTE, s2, group-54B4F2458EED, 3, (t:3, i:31))
2022-06-29 11:32:22,862 WARN  server.GrpcServerProtocolService (LogUtils.java:warn(122)) - s1: Failed requestVote s2->s1#0: org.apache.ratis.protocol.exceptions.ServerNotReadyException: s1@group-54B4F2458EED is not in [RUNNING]: current state is CLOSED
2022-06-29 11:32:22,865 INFO  impl.LeaderElection (LogUtils.java:infoOrTrace(137)) - s2@group-54B4F2458EED-LeaderElection73 got exception when requesting votes: java.util.concurrent.ExecutionException: org.apache.ratis.thirdparty.io.grpc.StatusRuntimeException: INTERNAL: s0@group-54B4F2458EED is not in [RUNNING]: current state is CLOSED
2022-06-29 11:32:22,865 INFO  impl.LeaderElection (LogUtils.java:infoOrTrace(137)) - s2@group-54B4F2458EED-LeaderElection73 got exception when requesting votes: java.util.concurrent.ExecutionException: org.apache.ratis.thirdparty.io.grpc.StatusRuntimeException: INTERNAL: s1@group-54B4F2458EED is not in [RUNNING]: current state is CLOSED
2022-06-29 11:32:22,865 INFO  impl.LeaderElection (LeaderElection.java:logAndReturn(90)) - s2@group-54B4F2458EED-LeaderElection73: PRE_VOTE REJECTED received 0 response(s) and 2 exception(s):
2022-06-29 11:32:22,865 INFO  impl.LeaderElection (LogUtils.java:infoOrTrace(137)) -   Exception 0: java.util.concurrent.ExecutionException: org.apache.ratis.thirdparty.io.grpc.StatusRuntimeException: INTERNAL: s0@group-54B4F2458EED is not in [RUNNING]: current state is CLOSED
2022-06-29 11:32:22,865 INFO  impl.LeaderElection (LogUtils.java:infoOrTrace(137)) -   Exception 1: java.util.concurrent.ExecutionException: org.apache.ratis.thirdparty.io.grpc.StatusRuntimeException: INTERNAL: s1@group-54B4F2458EED is not in [RUNNING]: current state is CLOSED
2022-06-29 11:32:22,866 INFO  impl.LeaderElection (LeaderElection.java:askForVotes(312)) - s2@group-54B4F2458EED-LeaderElection73 PRE_VOTE round 0: result REJECTED
2022-06-29 11:32:22,866 INFO  server.RaftServer$Division (RaftServerImpl.java:setRole(299)) - s2@group-54B4F2458EED: changes role from CANDIDATE to FOLLOWER at term 3 for REJECTED
2022-06-29 11:32:22,866 INFO  impl.RoleInfo (RoleInfo.java:shutdownLeaderElection(130)) - s2: shutdown s2@group-54B4F2458EED-LeaderElection73
2022-06-29 11:32:22,866 INFO  impl.RoleInfo (RoleInfo.java:updateAndGet(139)) - s2: start s2@group-54B4F2458EED-FollowerState
2022-06-29 11:32:23,109 INFO  impl.FollowerState (FollowerState.java:run(143)) - s2@group-54B4F2458EED-FollowerState: change to CANDIDATE, lastRpcElapsedTime:242725445ns, electionTimeout:241ms
2022-06-29 11:32:23,109 INFO  impl.RoleInfo (RoleInfo.java:shutdownFollowerState(110)) - s2: shutdown s2@group-54B4F2458EED-FollowerState
2022-06-29 11:32:23,109 INFO  server.RaftServer$Division (RaftServerImpl.java:setRole(299)) - s2@group-54B4F2458EED: changes role from  FOLLOWER to CANDIDATE at term 3 for changeToCandidate
2022-06-29 11:32:23,110 INFO  server.RaftServerConfigKeys (ConfUtils.java:logGet(46)) - raft.server.leaderelection.pre-vote = true (default)
2022-06-29 11:32:23,110 INFO  impl.RoleInfo (RoleInfo.java:updateAndGet(139)) - s2: start s2@group-54B4F2458EED-LeaderElection74
2022-06-29 11:32:23,118 INFO  impl.LeaderElection (LeaderElection.java:askForVotes(310)) - s2@group-54B4F2458EED-LeaderElection74 PRE_VOTE round 0: submit vote requests at term 3 for 28: [s0|rpc:localhost:46515|admin:localhost:40757|client:localhost:41939|dataStream:localhost:35593|priority:0, s1|rpc:localhost:34095|admin:localhost:43151|client:localhost:36051|dataStream:localhost:38995|priority:0, s2|rpc:localhost:40453|admin:localhost:33947|client:localhost:38503|dataStream:localhost:42009|priority:0], old=null
2022-06-29 11:32:23,121 INFO  server.RaftServer$Division (RaftServerImpl.java:requestVote(1152)) - s0@group-54B4F2458EED: receive requestVote(PRE_VOTE, s2, group-54B4F2458EED, 3, (t:3, i:31))
2022-06-29 11:32:23,121 WARN  server.GrpcServerProtocolService (LogUtils.java:warn(122)) - s0: Failed requestVote s2->s0#0: org.apache.ratis.protocol.exceptions.ServerNotReadyException: s0@group-54B4F2458EED is not in [RUNNING]: current state is CLOSED
2022-06-29 11:32:23,124 INFO  impl.LeaderElection (LogUtils.java:infoOrTrace(137)) - s2@group-54B4F2458EED-LeaderElection74 got exception when requesting votes: java.util.concurrent.ExecutionException: org.apache.ratis.thirdparty.io.grpc.StatusRuntimeException: INTERNAL: s0@group-54B4F2458EED is not in [RUNNING]: current state is CLOSED
2022-06-29 11:32:23,125 INFO  server.RaftServer$Division (RaftServerImpl.java:requestVote(1152)) - s1@group-54B4F2458EED: receive requestVote(PRE_VOTE, s2, group-54B4F2458EED, 3, (t:3, i:31))
2022-06-29 11:32:23,125 WARN  server.GrpcServerProtocolService (LogUtils.java:warn(122)) - s1: Failed requestVote s2->s1#0: org.apache.ratis.protocol.exceptions.ServerNotReadyException: s1@group-54B4F2458EED is not in [RUNNING]: current state is CLOSED
2022-06-29 11:32:23,126 INFO  impl.LeaderElection (LogUtils.java:infoOrTrace(137)) - s2@group-54B4F2458EED-LeaderElection74 got exception when requesting votes: java.util.concurrent.ExecutionException: org.apache.ratis.thirdparty.io.grpc.StatusRuntimeException: INTERNAL: s1@group-54B4F2458EED is not in [RUNNING]: current state is CLOSED
2022-06-29 11:32:23,126 INFO  impl.LeaderElection (LeaderElection.java:logAndReturn(90)) - s2@group-54B4F2458EED-LeaderElection74: PRE_VOTE REJECTED received 0 response(s) and 2 exception(s):
2022-06-29 11:32:23,126 INFO  impl.LeaderElection (LogUtils.java:infoOrTrace(137)) -   Exception 0: java.util.concurrent.ExecutionException: org.apache.ratis.thirdparty.io.grpc.StatusRuntimeException: INTERNAL: s0@group-54B4F2458EED is not in [RUNNING]: current state is CLOSED
2022-06-29 11:32:23,126 INFO  impl.LeaderElection (LogUtils.java:infoOrTrace(137)) -   Exception 1: java.util.concurrent.ExecutionException: org.apache.ratis.thirdparty.io.grpc.StatusRuntimeException: INTERNAL: s1@group-54B4F2458EED is not in [RUNNING]: current state is CLOSED
2022-06-29 11:32:23,128 INFO  impl.LeaderElection (LeaderElection.java:askForVotes(312)) - s2@group-54B4F2458EED-LeaderElection74 PRE_VOTE round 0: result REJECTED
2022-06-29 11:32:23,128 INFO  server.RaftServer$Division (RaftServerImpl.java:setRole(299)) - s2@group-54B4F2458EED: changes role from CANDIDATE to FOLLOWER at term 3 for REJECTED
2022-06-29 11:32:23,128 INFO  impl.RoleInfo (RoleInfo.java:shutdownLeaderElection(130)) - s2: shutdown s2@group-54B4F2458EED-LeaderElection74
2022-06-29 11:32:23,128 INFO  impl.RoleInfo (RoleInfo.java:updateAndGet(139)) - s2: start s2@group-54B4F2458EED-FollowerState
2022-06-29 11:32:23,356 INFO  impl.FollowerState (FollowerState.java:run(143)) - s2@group-54B4F2458EED-FollowerState: change to CANDIDATE, lastRpcElapsedTime:227995524ns, electionTimeout:226ms
2022-06-29 11:32:23,356 INFO  impl.RoleInfo (RoleInfo.java:shutdownFollowerState(110)) - s2: shutdown s2@group-54B4F2458EED-FollowerState
2022-06-29 11:32:23,356 INFO  server.RaftServer$Division (RaftServerImpl.java:setRole(299)) - s2@group-54B4F2458EED: changes role from  FOLLOWER to CANDIDATE at term 3 for changeToCandidate
2022-06-29 11:32:23,361 INFO  server.RaftServerConfigKeys (ConfUtils.java:logGet(46)) - raft.server.leaderelection.pre-vote = true (default)
2022-06-29 11:32:23,361 INFO  impl.RoleInfo (RoleInfo.java:updateAndGet(139)) - s2: start s2@group-54B4F2458EED-LeaderElection75
2022-06-29 11:32:23,363 INFO  impl.LeaderElection (LeaderElection.java:askForVotes(310)) - s2@group-54B4F2458EED-LeaderElection75 PRE_VOTE round 0: submit vote requests at term 3 for 28: [s0|rpc:localhost:46515|admin:localhost:40757|client:localhost:41939|dataStream:localhost:35593|priority:0, s1|rpc:localhost:34095|admin:localhost:43151|client:localhost:36051|dataStream:localhost:38995|priority:0, s2|rpc:localhost:40453|admin:localhost:33947|client:localhost:38503|dataStream:localhost:42009|priority:0], old=null
2022-06-29 11:32:23,368 INFO  server.RaftServer$Division (RaftServerImpl.java:requestVote(1152)) - s0@group-54B4F2458EED: receive requestVote(PRE_VOTE, s2, group-54B4F2458EED, 3, (t:3, i:31))
2022-06-29 11:32:23,368 WARN  server.GrpcServerProtocolService (LogUtils.java:warn(122)) - s0: Failed requestVote s2->s0#0: org.apache.ratis.protocol.exceptions.ServerNotReadyException: s0@group-54B4F2458EED is not in [RUNNING]: current state is CLOSED
2022-06-29 11:32:23,369 INFO  server.RaftServer$Division (RaftServerImpl.java:requestVote(1152)) - s1@group-54B4F2458EED: receive requestVote(PRE_VOTE, s2, group-54B4F2458EED, 3, (t:3, i:31))
2022-06-29 11:32:23,369 WARN  server.GrpcServerProtocolService (LogUtils.java:warn(122)) - s1: Failed requestVote s2->s1#0: org.apache.ratis.protocol.exceptions.ServerNotReadyException: s1@group-54B4F2458EED is not in [RUNNING]: current state is CLOSED
2022-06-29 11:32:23,369 INFO  impl.LeaderElection (LogUtils.java:infoOrTrace(137)) - s2@group-54B4F2458EED-LeaderElection75 got exception when requesting votes: java.util.concurrent.ExecutionException: org.apache.ratis.thirdparty.io.grpc.StatusRuntimeException: INTERNAL: s0@group-54B4F2458EED is not in [RUNNING]: current state is CLOSED
2022-06-29 11:32:23,370 INFO  impl.LeaderElection (LogUtils.java:infoOrTrace(137)) - s2@group-54B4F2458EED-LeaderElection75 got exception when requesting votes: java.util.concurrent.ExecutionException: org.apache.ratis.thirdparty.io.grpc.StatusRuntimeException: INTERNAL: s1@group-54B4F2458EED is not in [RUNNING]: current state is CLOSED
2022-06-29 11:32:23,370 INFO  impl.LeaderElection (LeaderElection.java:logAndReturn(90)) - s2@group-54B4F2458EED-LeaderElection75: PRE_VOTE REJECTED received 0 response(s) and 2 exception(s):
2022-06-29 11:32:23,370 INFO  impl.LeaderElection (LogUtils.java:infoOrTrace(137)) -   Exception 0: java.util.concurrent.ExecutionException: org.apache.ratis.thirdparty.io.grpc.StatusRuntimeException: INTERNAL: s0@group-54B4F2458EED is not in [RUNNING]: current state is CLOSED
2022-06-29 11:32:23,370 INFO  impl.LeaderElection (LogUtils.java:infoOrTrace(137)) -   Exception 1: java.util.concurrent.ExecutionException: org.apache.ratis.thirdparty.io.grpc.StatusRuntimeException: INTERNAL: s1@group-54B4F2458EED is not in [RUNNING]: current state is CLOSED
2022-06-29 11:32:23,370 INFO  impl.LeaderElection (LeaderElection.java:askForVotes(312)) - s2@group-54B4F2458EED-LeaderElection75 PRE_VOTE round 0: result REJECTED
2022-06-29 11:32:23,370 INFO  server.RaftServer$Division (RaftServerImpl.java:setRole(299)) - s2@group-54B4F2458EED: changes role from CANDIDATE to FOLLOWER at term 3 for REJECTED
2022-06-29 11:32:23,370 INFO  impl.RoleInfo (RoleInfo.java:shutdownLeaderElection(130)) - s2: shutdown s2@group-54B4F2458EED-LeaderElection75
2022-06-29 11:32:23,371 INFO  impl.RoleInfo (RoleInfo.java:updateAndGet(139)) - s2: start s2@group-54B4F2458EED-FollowerState
2022-06-29 11:32:23,623 INFO  impl.FollowerState (FollowerState.java:run(143)) - s2@group-54B4F2458EED-FollowerState: change to CANDIDATE, lastRpcElapsedTime:252233777ns, electionTimeout:249ms
2022-06-29 11:32:23,623 INFO  impl.RoleInfo (RoleInfo.java:shutdownFollowerState(110)) - s2: shutdown s2@group-54B4F2458EED-FollowerState
2022-06-29 11:32:23,623 INFO  server.RaftServer$Division (RaftServerImpl.java:setRole(299)) - s2@group-54B4F2458EED: changes role from  FOLLOWER to CANDIDATE at term 3 for changeToCandidate
2022-06-29 11:32:23,625 INFO  server.RaftServerConfigKeys (ConfUtils.java:logGet(46)) - raft.server.leaderelection.pre-vote = true (default)
2022-06-29 11:32:23,625 INFO  impl.RoleInfo (RoleInfo.java:updateAndGet(139)) - s2: start s2@group-54B4F2458EED-LeaderElection76
2022-06-29 11:32:23,628 INFO  impl.LeaderElection (LeaderElection.java:askForVotes(310)) - s2@group-54B4F2458EED-LeaderElection76 PRE_VOTE round 0: submit vote requests at term 3 for 28: [s0|rpc:localhost:46515|admin:localhost:40757|client:localhost:41939|dataStream:localhost:35593|priority:0, s1|rpc:localhost:34095|admin:localhost:43151|client:localhost:36051|dataStream:localhost:38995|priority:0, s2|rpc:localhost:40453|admin:localhost:33947|client:localhost:38503|dataStream:localhost:42009|priority:0], old=null
2022-06-29 11:32:23,633 INFO  server.RaftServer$Division (RaftServerImpl.java:requestVote(1152)) - s0@group-54B4F2458EED: receive requestVote(PRE_VOTE, s2, group-54B4F2458EED, 3, (t:3, i:31))
2022-06-29 11:32:23,633 WARN  server.GrpcServerProtocolService (LogUtils.java:warn(122)) - s0: Failed requestVote s2->s0#0: org.apache.ratis.protocol.exceptions.ServerNotReadyException: s0@group-54B4F2458EED is not in [RUNNING]: current state is CLOSED
2022-06-29 11:32:23,633 INFO  impl.LeaderElection (LogUtils.java:infoOrTrace(137)) - s2@group-54B4F2458EED-LeaderElection76 got exception when requesting votes: java.util.concurrent.ExecutionException: org.apache.ratis.thirdparty.io.grpc.StatusRuntimeException: INTERNAL: s0@group-54B4F2458EED is not in [RUNNING]: current state is CLOSED
2022-06-29 11:32:23,634 INFO  server.RaftServer$Division (RaftServerImpl.java:requestVote(1152)) - s1@group-54B4F2458EED: receive requestVote(PRE_VOTE, s2, group-54B4F2458EED, 3, (t:3, i:31))
2022-06-29 11:32:23,634 WARN  server.GrpcServerProtocolService (LogUtils.java:warn(122)) - s1: Failed requestVote s2->s1#0: org.apache.ratis.protocol.exceptions.ServerNotReadyException: s1@group-54B4F2458EED is not in [RUNNING]: current state is CLOSED
2022-06-29 11:32:23,637 INFO  impl.LeaderElection (LogUtils.java:infoOrTrace(137)) - s2@group-54B4F2458EED-LeaderElection76 got exception when requesting votes: java.util.concurrent.ExecutionException: org.apache.ratis.thirdparty.io.grpc.StatusRuntimeException: INTERNAL: s1@group-54B4F2458EED is not in [RUNNING]: current state is CLOSED
2022-06-29 11:32:23,637 INFO  impl.LeaderElection (LeaderElection.java:logAndReturn(90)) - s2@group-54B4F2458EED-LeaderElection76: PRE_VOTE REJECTED received 0 response(s) and 2 exception(s):
2022-06-29 11:32:23,637 INFO  impl.LeaderElection (LogUtils.java:infoOrTrace(137)) -   Exception 0: java.util.concurrent.ExecutionException: org.apache.ratis.thirdparty.io.grpc.StatusRuntimeException: INTERNAL: s0@group-54B4F2458EED is not in [RUNNING]: current state is CLOSED
2022-06-29 11:32:23,637 INFO  impl.LeaderElection (LogUtils.java:infoOrTrace(137)) -   Exception 1: java.util.concurrent.ExecutionException: org.apache.ratis.thirdparty.io.grpc.StatusRuntimeException: INTERNAL: s1@group-54B4F2458EED is not in [RUNNING]: current state is CLOSED
2022-06-29 11:32:23,637 INFO  impl.LeaderElection (LeaderElection.java:askForVotes(312)) - s2@group-54B4F2458EED-LeaderElection76 PRE_VOTE round 0: result REJECTED
2022-06-29 11:32:23,637 INFO  server.RaftServer$Division (RaftServerImpl.java:setRole(299)) - s2@group-54B4F2458EED: changes role from CANDIDATE to FOLLOWER at term 3 for REJECTED
2022-06-29 11:32:23,637 INFO  impl.RoleInfo (RoleInfo.java:shutdownLeaderElection(130)) - s2: shutdown s2@group-54B4F2458EED-LeaderElection76
2022-06-29 11:32:23,637 INFO  impl.RoleInfo (RoleInfo.java:updateAndGet(139)) - s2: start s2@group-54B4F2458EED-FollowerState
2022-06-29 11:32:23,854 INFO  impl.FollowerState (FollowerState.java:run(143)) - s2@group-54B4F2458EED-FollowerState: change to CANDIDATE, lastRpcElapsedTime:217017064ns, electionTimeout:214ms
2022-06-29 11:32:23,854 INFO  impl.RoleInfo (RoleInfo.java:shutdownFollowerState(110)) - s2: shutdown s2@group-54B4F2458EED-FollowerState
2022-06-29 11:32:23,854 INFO  server.RaftServer$Division (RaftServerImpl.java:setRole(299)) - s2@group-54B4F2458EED: changes role from  FOLLOWER to CANDIDATE at term 3 for changeToCandidate
2022-06-29 11:32:23,856 INFO  server.RaftServerConfigKeys (ConfUtils.java:logGet(46)) - raft.server.leaderelection.pre-vote = true (default)
2022-06-29 11:32:23,856 INFO  impl.RoleInfo (RoleInfo.java:updateAndGet(139)) - s2: start s2@group-54B4F2458EED-LeaderElection77
2022-06-29 11:32:23,859 INFO  impl.LeaderElection (LeaderElection.java:askForVotes(310)) - s2@group-54B4F2458EED-LeaderElection77 PRE_VOTE round 0: submit vote requests at term 3 for 28: [s0|rpc:localhost:46515|admin:localhost:40757|client:localhost:41939|dataStream:localhost:35593|priority:0, s1|rpc:localhost:34095|admin:localhost:43151|client:localhost:36051|dataStream:localhost:38995|priority:0, s2|rpc:localhost:40453|admin:localhost:33947|client:localhost:38503|dataStream:localhost:42009|priority:0], old=null
2022-06-29 11:32:23,863 INFO  server.RaftServer$Division (RaftServerImpl.java:requestVote(1152)) - s0@group-54B4F2458EED: receive requestVote(PRE_VOTE, s2, group-54B4F2458EED, 3, (t:3, i:31))
2022-06-29 11:32:23,863 WARN  server.GrpcServerProtocolService (LogUtils.java:warn(122)) - s0: Failed requestVote s2->s0#0: org.apache.ratis.protocol.exceptions.ServerNotReadyException: s0@group-54B4F2458EED is not in [RUNNING]: current state is CLOSED
2022-06-29 11:32:23,863 INFO  server.RaftServer$Division (RaftServerImpl.java:requestVote(1152)) - s1@group-54B4F2458EED: receive requestVote(PRE_VOTE, s2, group-54B4F2458EED, 3, (t:3, i:31))
2022-06-29 11:32:23,863 WARN  server.GrpcServerProtocolService (LogUtils.java:warn(122)) - s1: Failed requestVote s2->s1#0: org.apache.ratis.protocol.exceptions.ServerNotReadyException: s1@group-54B4F2458EED is not in [RUNNING]: current state is CLOSED
2022-06-29 11:32:23,868 INFO  impl.LeaderElection (LogUtils.java:infoOrTrace(137)) - s2@group-54B4F2458EED-LeaderElection77 got exception when requesting votes: java.util.concurrent.ExecutionException: org.apache.ratis.thirdparty.io.grpc.StatusRuntimeException: INTERNAL: s1@group-54B4F2458EED is not in [RUNNING]: current state is CLOSED
2022-06-29 11:32:23,868 INFO  impl.LeaderElection (LogUtils.java:infoOrTrace(137)) - s2@group-54B4F2458EED-LeaderElection77 got exception when requesting votes: java.util.concurrent.ExecutionException: org.apache.ratis.thirdparty.io.grpc.StatusRuntimeException: INTERNAL: s0@group-54B4F2458EED is not in [RUNNING]: current state is CLOSED
2022-06-29 11:32:23,868 INFO  impl.LeaderElection (LeaderElection.java:logAndReturn(90)) - s2@group-54B4F2458EED-LeaderElection77: PRE_VOTE REJECTED received 0 response(s) and 2 exception(s):
2022-06-29 11:32:23,868 INFO  impl.LeaderElection (LogUtils.java:infoOrTrace(137)) -   Exception 0: java.util.concurrent.ExecutionException: org.apache.ratis.thirdparty.io.grpc.StatusRuntimeException: INTERNAL: s1@group-54B4F2458EED is not in [RUNNING]: current state is CLOSED
2022-06-29 11:32:23,868 INFO  impl.LeaderElection (LogUtils.java:infoOrTrace(137)) -   Exception 1: java.util.concurrent.ExecutionException: org.apache.ratis.thirdparty.io.grpc.StatusRuntimeException: INTERNAL: s0@group-54B4F2458EED is not in [RUNNING]: current state is CLOSED
2022-06-29 11:32:23,868 INFO  impl.LeaderElection (LeaderElection.java:askForVotes(312)) - s2@group-54B4F2458EED-LeaderElection77 PRE_VOTE round 0: result REJECTED
2022-06-29 11:32:23,868 INFO  server.RaftServer$Division (RaftServerImpl.java:setRole(299)) - s2@group-54B4F2458EED: changes role from CANDIDATE to FOLLOWER at term 3 for REJECTED
2022-06-29 11:32:23,868 INFO  impl.RoleInfo (RoleInfo.java:shutdownLeaderElection(130)) - s2: shutdown s2@group-54B4F2458EED-LeaderElection77
2022-06-29 11:32:23,868 INFO  impl.RoleInfo (RoleInfo.java:updateAndGet(139)) - s2: start s2@group-54B4F2458EED-FollowerState
2022-06-29 11:32:24,045 INFO  impl.FollowerState (FollowerState.java:run(143)) - s2@group-54B4F2458EED-FollowerState: change to CANDIDATE, lastRpcElapsedTime:176231767ns, electionTimeout:175ms
2022-06-29 11:32:24,045 INFO  impl.RoleInfo (RoleInfo.java:shutdownFollowerState(110)) - s2: shutdown s2@group-54B4F2458EED-FollowerState
2022-06-29 11:32:24,045 INFO  server.RaftServer$Division (RaftServerImpl.java:setRole(299)) - s2@group-54B4F2458EED: changes role from  FOLLOWER to CANDIDATE at term 3 for changeToCandidate
2022-06-29 11:32:24,046 INFO  server.RaftServerConfigKeys (ConfUtils.java:logGet(46)) - raft.server.leaderelection.pre-vote = true (default)
2022-06-29 11:32:24,047 INFO  impl.RoleInfo (RoleInfo.java:updateAndGet(139)) - s2: start s2@group-54B4F2458EED-LeaderElection78
2022-06-29 11:32:24,050 INFO  impl.LeaderElection (LeaderElection.java:askForVotes(310)) - s2@group-54B4F2458EED-LeaderElection78 PRE_VOTE round 0: submit vote requests at term 3 for 28: [s0|rpc:localhost:46515|admin:localhost:40757|client:localhost:41939|dataStream:localhost:35593|priority:0, s1|rpc:localhost:34095|admin:localhost:43151|client:localhost:36051|dataStream:localhost:38995|priority:0, s2|rpc:localhost:40453|admin:localhost:33947|client:localhost:38503|dataStream:localhost:42009|priority:0], old=null
2022-06-29 11:32:24,054 INFO  server.RaftServer$Division (RaftServerImpl.java:requestVote(1152)) - s0@group-54B4F2458EED: receive requestVote(PRE_VOTE, s2, group-54B4F2458EED, 3, (t:3, i:31))
2022-06-29 11:32:24,054 WARN  server.GrpcServerProtocolService (LogUtils.java:warn(122)) - s0: Failed requestVote s2->s0#0: org.apache.ratis.protocol.exceptions.ServerNotReadyException: s0@group-54B4F2458EED is not in [RUNNING]: current state is CLOSED
2022-06-29 11:32:24,057 INFO  server.RaftServer$Division (RaftServerImpl.java:requestVote(1152)) - s1@group-54B4F2458EED: receive requestVote(PRE_VOTE, s2, group-54B4F2458EED, 3, (t:3, i:31))
2022-06-29 11:32:24,057 WARN  server.GrpcServerProtocolService (LogUtils.java:warn(122)) - s1: Failed requestVote s2->s1#0: org.apache.ratis.protocol.exceptions.ServerNotReadyException: s1@group-54B4F2458EED is not in [RUNNING]: current state is CLOSED
2022-06-29 11:32:24,058 INFO  impl.LeaderElection (LogUtils.java:infoOrTrace(137)) - s2@group-54B4F2458EED-LeaderElection78 got exception when requesting votes: java.util.concurrent.ExecutionException: org.apache.ratis.thirdparty.io.grpc.StatusRuntimeException: INTERNAL: s0@group-54B4F2458EED is not in [RUNNING]: current state is CLOSED
2022-06-29 11:32:24,058 INFO  impl.LeaderElection (LogUtils.java:infoOrTrace(137)) - s2@group-54B4F2458EED-LeaderElection78 got exception when requesting votes: java.util.concurrent.ExecutionException: org.apache.ratis.thirdparty.io.grpc.StatusRuntimeException: INTERNAL: s1@group-54B4F2458EED is not in [RUNNING]: current state is CLOSED
2022-06-29 11:32:24,058 INFO  impl.LeaderElection (LeaderElection.java:logAndReturn(90)) - s2@group-54B4F2458EED-LeaderElection78: PRE_VOTE REJECTED received 0 response(s) and 2 exception(s):
2022-06-29 11:32:24,059 INFO  impl.LeaderElection (LogUtils.java:infoOrTrace(137)) -   Exception 0: java.util.concurrent.ExecutionException: org.apache.ratis.thirdparty.io.grpc.StatusRuntimeException: INTERNAL: s0@group-54B4F2458EED is not in [RUNNING]: current state is CLOSED
2022-06-29 11:32:24,059 INFO  impl.LeaderElection (LogUtils.java:infoOrTrace(137)) -   Exception 1: java.util.concurrent.ExecutionException: org.apache.ratis.thirdparty.io.grpc.StatusRuntimeException: INTERNAL: s1@group-54B4F2458EED is not in [RUNNING]: current state is CLOSED
2022-06-29 11:32:24,060 INFO  impl.LeaderElection (LeaderElection.java:askForVotes(312)) - s2@group-54B4F2458EED-LeaderElection78 PRE_VOTE round 0: result REJECTED
2022-06-29 11:32:24,060 INFO  server.RaftServer$Division (RaftServerImpl.java:setRole(299)) - s2@group-54B4F2458EED: changes role from CANDIDATE to FOLLOWER at term 3 for REJECTED
2022-06-29 11:32:24,060 INFO  impl.RoleInfo (RoleInfo.java:shutdownLeaderElection(130)) - s2: shutdown s2@group-54B4F2458EED-LeaderElection78
2022-06-29 11:32:24,060 INFO  impl.RoleInfo (RoleInfo.java:updateAndGet(139)) - s2: start s2@group-54B4F2458EED-FollowerState
2022-06-29 11:32:24,298 INFO  impl.FollowerState (FollowerState.java:run(143)) - s2@group-54B4F2458EED-FollowerState: change to CANDIDATE, lastRpcElapsedTime:237328249ns, electionTimeout:234ms
2022-06-29 11:32:24,298 INFO  impl.RoleInfo (RoleInfo.java:shutdownFollowerState(110)) - s2: shutdown s2@group-54B4F2458EED-FollowerState
2022-06-29 11:32:24,298 INFO  server.RaftServer$Division (RaftServerImpl.java:setRole(299)) - s2@group-54B4F2458EED: changes role from  FOLLOWER to CANDIDATE at term 3 for changeToCandidate
2022-06-29 11:32:24,300 INFO  server.RaftServerConfigKeys (ConfUtils.java:logGet(46)) - raft.server.leaderelection.pre-vote = true (default)
2022-06-29 11:32:24,300 INFO  impl.RoleInfo (RoleInfo.java:updateAndGet(139)) - s2: start s2@group-54B4F2458EED-LeaderElection79
2022-06-29 11:32:24,305 INFO  impl.LeaderElection (LeaderElection.java:askForVotes(310)) - s2@group-54B4F2458EED-LeaderElection79 PRE_VOTE round 0: submit vote requests at term 3 for 28: [s0|rpc:localhost:46515|admin:localhost:40757|client:localhost:41939|dataStream:localhost:35593|priority:0, s1|rpc:localhost:34095|admin:localhost:43151|client:localhost:36051|dataStream:localhost:38995|priority:0, s2|rpc:localhost:40453|admin:localhost:33947|client:localhost:38503|dataStream:localhost:42009|priority:0], old=null
2022-06-29 11:32:24,317 INFO  server.RaftServer$Division (RaftServerImpl.java:requestVote(1152)) - s0@group-54B4F2458EED: receive requestVote(PRE_VOTE, s2, group-54B4F2458EED, 3, (t:3, i:31))
2022-06-29 11:32:24,317 WARN  server.GrpcServerProtocolService (LogUtils.java:warn(122)) - s0: Failed requestVote s2->s0#0: org.apache.ratis.protocol.exceptions.ServerNotReadyException: s0@group-54B4F2458EED is not in [RUNNING]: current state is CLOSED
2022-06-29 11:32:24,319 INFO  server.RaftServer$Division (RaftServerImpl.java:requestVote(1152)) - s1@group-54B4F2458EED: receive requestVote(PRE_VOTE, s2, group-54B4F2458EED, 3, (t:3, i:31))
2022-06-29 11:32:24,320 WARN  server.GrpcServerProtocolService (LogUtils.java:warn(122)) - s1: Failed requestVote s2->s1#0: org.apache.ratis.protocol.exceptions.ServerNotReadyException: s1@group-54B4F2458EED is not in [RUNNING]: current state is CLOSED
2022-06-29 11:32:24,322 INFO  impl.LeaderElection (LogUtils.java:infoOrTrace(137)) - s2@group-54B4F2458EED-LeaderElection79 got exception when requesting votes: java.util.concurrent.ExecutionException: org.apache.ratis.thirdparty.io.grpc.StatusRuntimeException: INTERNAL: s0@group-54B4F2458EED is not in [RUNNING]: current state is CLOSED
2022-06-29 11:32:24,322 INFO  impl.LeaderElection (LogUtils.java:infoOrTrace(137)) - s2@group-54B4F2458EED-LeaderElection79 got exception when requesting votes: java.util.concurrent.ExecutionException: org.apache.ratis.thirdparty.io.grpc.StatusRuntimeException: INTERNAL: s1@group-54B4F2458EED is not in [RUNNING]: current state is CLOSED
2022-06-29 11:32:24,322 INFO  impl.LeaderElection (LeaderElection.java:logAndReturn(90)) - s2@group-54B4F2458EED-LeaderElection79: PRE_VOTE REJECTED received 0 response(s) and 2 exception(s):
2022-06-29 11:32:24,322 INFO  impl.LeaderElection (LogUtils.java:infoOrTrace(137)) -   Exception 0: java.util.concurrent.ExecutionException: org.apache.ratis.thirdparty.io.grpc.StatusRuntimeException: INTERNAL: s0@group-54B4F2458EED is not in [RUNNING]: current state is CLOSED
2022-06-29 11:32:24,323 INFO  impl.LeaderElection (LogUtils.java:infoOrTrace(137)) -   Exception 1: java.util.concurrent.ExecutionException: org.apache.ratis.thirdparty.io.grpc.StatusRuntimeException: INTERNAL: s1@group-54B4F2458EED is not in [RUNNING]: current state is CLOSED
2022-06-29 11:32:24,323 INFO  impl.LeaderElection (LeaderElection.java:askForVotes(312)) - s2@group-54B4F2458EED-LeaderElection79 PRE_VOTE round 0: result REJECTED
2022-06-29 11:32:24,323 INFO  server.RaftServer$Division (RaftServerImpl.java:setRole(299)) - s2@group-54B4F2458EED: changes role from CANDIDATE to FOLLOWER at term 3 for REJECTED
2022-06-29 11:32:24,323 INFO  impl.RoleInfo (RoleInfo.java:shutdownLeaderElection(130)) - s2: shutdown s2@group-54B4F2458EED-LeaderElection79
2022-06-29 11:32:24,323 INFO  impl.RoleInfo (RoleInfo.java:updateAndGet(139)) - s2: start s2@group-54B4F2458EED-FollowerState
2022-06-29 11:32:24,554 INFO  impl.FollowerState (FollowerState.java:run(143)) - s2@group-54B4F2458EED-FollowerState: change to CANDIDATE, lastRpcElapsedTime:231023057ns, electionTimeout:228ms
2022-06-29 11:32:24,554 INFO  impl.RoleInfo (RoleInfo.java:shutdownFollowerState(110)) - s2: shutdown s2@group-54B4F2458EED-FollowerState
2022-06-29 11:32:24,554 INFO  server.RaftServer$Division (RaftServerImpl.java:setRole(299)) - s2@group-54B4F2458EED: changes role from  FOLLOWER to CANDIDATE at term 3 for changeToCandidate
2022-06-29 11:32:24,554 INFO  server.RaftServerConfigKeys (ConfUtils.java:logGet(46)) - raft.server.leaderelection.pre-vote = true (default)
2022-06-29 11:32:24,554 INFO  impl.RoleInfo (RoleInfo.java:updateAndGet(139)) - s2: start s2@group-54B4F2458EED-LeaderElection80
2022-06-29 11:32:24,556 INFO  impl.LeaderElection (LeaderElection.java:askForVotes(310)) - s2@group-54B4F2458EED-LeaderElection80 PRE_VOTE round 0: submit vote requests at term 3 for 28: [s0|rpc:localhost:46515|admin:localhost:40757|client:localhost:41939|dataStream:localhost:35593|priority:0, s1|rpc:localhost:34095|admin:localhost:43151|client:localhost:36051|dataStream:localhost:38995|priority:0, s2|rpc:localhost:40453|admin:localhost:33947|client:localhost:38503|dataStream:localhost:42009|priority:0], old=null
2022-06-29 11:32:24,560 INFO  server.RaftServer$Division (RaftServerImpl.java:requestVote(1152)) - s0@group-54B4F2458EED: receive requestVote(PRE_VOTE, s2, group-54B4F2458EED, 3, (t:3, i:31))
2022-06-29 11:32:24,561 WARN  server.GrpcServerProtocolService (LogUtils.java:warn(122)) - s0: Failed requestVote s2->s0#0: org.apache.ratis.protocol.exceptions.ServerNotReadyException: s0@group-54B4F2458EED is not in [RUNNING]: current state is CLOSED
2022-06-29 11:32:24,569 INFO  impl.LeaderElection (LogUtils.java:infoOrTrace(137)) - s2@group-54B4F2458EED-LeaderElection80 got exception when requesting votes: java.util.concurrent.ExecutionException: org.apache.ratis.thirdparty.io.grpc.StatusRuntimeException: INTERNAL: s0@group-54B4F2458EED is not in [RUNNING]: current state is CLOSED
2022-06-29 11:32:24,570 INFO  server.RaftServer$Division (RaftServerImpl.java:requestVote(1152)) - s1@group-54B4F2458EED: receive requestVote(PRE_VOTE, s2, group-54B4F2458EED, 3, (t:3, i:31))
2022-06-29 11:32:24,570 WARN  server.GrpcServerProtocolService (LogUtils.java:warn(122)) - s1: Failed requestVote s2->s1#0: org.apache.ratis.protocol.exceptions.ServerNotReadyException: s1@group-54B4F2458EED is not in [RUNNING]: current state is CLOSED
2022-06-29 11:32:24,579 INFO  impl.LeaderElection (LogUtils.java:infoOrTrace(137)) - s2@group-54B4F2458EED-LeaderElection80 got exception when requesting votes: java.util.concurrent.ExecutionException: org.apache.ratis.thirdparty.io.grpc.StatusRuntimeException: INTERNAL: s1@group-54B4F2458EED is not in [RUNNING]: current state is CLOSED
2022-06-29 11:32:24,579 INFO  impl.LeaderElection (LeaderElection.java:logAndReturn(90)) - s2@group-54B4F2458EED-LeaderElection80: PRE_VOTE REJECTED received 0 response(s) and 2 exception(s):
2022-06-29 11:32:24,579 INFO  impl.LeaderElection (LogUtils.java:infoOrTrace(137)) -   Exception 0: java.util.concurrent.ExecutionException: org.apache.ratis.thirdparty.io.grpc.StatusRuntimeException: INTERNAL: s0@group-54B4F2458EED is not in [RUNNING]: current state is CLOSED
2022-06-29 11:32:24,579 INFO  impl.LeaderElection (LogUtils.java:infoOrTrace(137)) -   Exception 1: java.util.concurrent.ExecutionException: org.apache.ratis.thirdparty.io.grpc.StatusRuntimeException: INTERNAL: s1@group-54B4F2458EED is not in [RUNNING]: current state is CLOSED
2022-06-29 11:32:24,579 INFO  impl.LeaderElection (LeaderElection.java:askForVotes(312)) - s2@group-54B4F2458EED-LeaderElection80 PRE_VOTE round 0: result REJECTED
2022-06-29 11:32:24,579 INFO  server.RaftServer$Division (RaftServerImpl.java:setRole(299)) - s2@group-54B4F2458EED: changes role from CANDIDATE to FOLLOWER at term 3 for REJECTED
2022-06-29 11:32:24,579 INFO  impl.RoleInfo (RoleInfo.java:shutdownLeaderElection(130)) - s2: shutdown s2@group-54B4F2458EED-LeaderElection80
2022-06-29 11:32:24,579 INFO  impl.RoleInfo (RoleInfo.java:updateAndGet(139)) - s2: start s2@group-54B4F2458EED-FollowerState
2022-06-29 11:32:24,734 INFO  impl.FollowerState (FollowerState.java:run(143)) - s2@group-54B4F2458EED-FollowerState: change to CANDIDATE, lastRpcElapsedTime:155507460ns, electionTimeout:150ms
2022-06-29 11:32:24,735 INFO  impl.RoleInfo (RoleInfo.java:shutdownFollowerState(110)) - s2: shutdown s2@group-54B4F2458EED-FollowerState
2022-06-29 11:32:24,735 INFO  server.RaftServer$Division (RaftServerImpl.java:setRole(299)) - s2@group-54B4F2458EED: changes role from  FOLLOWER to CANDIDATE at term 3 for changeToCandidate
2022-06-29 11:32:24,740 INFO  server.RaftServerConfigKeys (ConfUtils.java:logGet(46)) - raft.server.leaderelection.pre-vote = true (default)
2022-06-29 11:32:24,740 INFO  impl.RoleInfo (RoleInfo.java:updateAndGet(139)) - s2: start s2@group-54B4F2458EED-LeaderElection81
2022-06-29 11:32:24,746 INFO  impl.LeaderElection (LeaderElection.java:askForVotes(310)) - s2@group-54B4F2458EED-LeaderElection81 PRE_VOTE round 0: submit vote requests at term 3 for 28: [s0|rpc:localhost:46515|admin:localhost:40757|client:localhost:41939|dataStream:localhost:35593|priority:0, s1|rpc:localhost:34095|admin:localhost:43151|client:localhost:36051|dataStream:localhost:38995|priority:0, s2|rpc:localhost:40453|admin:localhost:33947|client:localhost:38503|dataStream:localhost:42009|priority:0], old=null
2022-06-29 11:32:24,755 INFO  server.RaftServer$Division (RaftServerImpl.java:requestVote(1152)) - s0@group-54B4F2458EED: receive requestVote(PRE_VOTE, s2, group-54B4F2458EED, 3, (t:3, i:31))
2022-06-29 11:32:24,755 WARN  server.GrpcServerProtocolService (LogUtils.java:warn(122)) - s0: Failed requestVote s2->s0#0: org.apache.ratis.protocol.exceptions.ServerNotReadyException: s0@group-54B4F2458EED is not in [RUNNING]: current state is CLOSED
2022-06-29 11:32:24,759 INFO  impl.LeaderElection (LogUtils.java:infoOrTrace(137)) - s2@group-54B4F2458EED-LeaderElection81 got exception when requesting votes: java.util.concurrent.ExecutionException: org.apache.ratis.thirdparty.io.grpc.StatusRuntimeException: INTERNAL: s0@group-54B4F2458EED is not in [RUNNING]: current state is CLOSED
2022-06-29 11:32:24,760 INFO  server.RaftServer$Division (RaftServerImpl.java:requestVote(1152)) - s1@group-54B4F2458EED: receive requestVote(PRE_VOTE, s2, group-54B4F2458EED, 3, (t:3, i:31))
2022-06-29 11:32:24,760 WARN  server.GrpcServerProtocolService (LogUtils.java:warn(122)) - s1: Failed requestVote s2->s1#0: org.apache.ratis.protocol.exceptions.ServerNotReadyException: s1@group-54B4F2458EED is not in [RUNNING]: current state is CLOSED
2022-06-29 11:32:24,763 INFO  impl.LeaderElection (LogUtils.java:infoOrTrace(137)) - s2@group-54B4F2458EED-LeaderElection81 got exception when requesting votes: java.util.concurrent.ExecutionException: org.apache.ratis.thirdparty.io.grpc.StatusRuntimeException: INTERNAL: s1@group-54B4F2458EED is not in [RUNNING]: current state is CLOSED
2022-06-29 11:32:24,763 INFO  impl.LeaderElection (LeaderElection.java:logAndReturn(90)) - s2@group-54B4F2458EED-LeaderElection81: PRE_VOTE REJECTED received 0 response(s) and 2 exception(s):
2022-06-29 11:32:24,763 INFO  impl.LeaderElection (LogUtils.java:infoOrTrace(137)) -   Exception 0: java.util.concurrent.ExecutionException: org.apache.ratis.thirdparty.io.grpc.StatusRuntimeException: INTERNAL: s0@group-54B4F2458EED is not in [RUNNING]: current state is CLOSED
2022-06-29 11:32:24,763 INFO  impl.LeaderElection (LogUtils.java:infoOrTrace(137)) -   Exception 1: java.util.concurrent.ExecutionException: org.apache.ratis.thirdparty.io.grpc.StatusRuntimeException: INTERNAL: s1@group-54B4F2458EED is not in [RUNNING]: current state is CLOSED
2022-06-29 11:32:24,763 INFO  impl.LeaderElection (LeaderElection.java:askForVotes(312)) - s2@group-54B4F2458EED-LeaderElection81 PRE_VOTE round 0: result REJECTED
2022-06-29 11:32:24,764 INFO  server.RaftServer$Division (RaftServerImpl.java:setRole(299)) - s2@group-54B4F2458EED: changes role from CANDIDATE to FOLLOWER at term 3 for REJECTED
2022-06-29 11:32:24,764 INFO  impl.RoleInfo (RoleInfo.java:shutdownLeaderElection(130)) - s2: shutdown s2@group-54B4F2458EED-LeaderElection81
2022-06-29 11:32:24,764 INFO  impl.RoleInfo (RoleInfo.java:updateAndGet(139)) - s2: start s2@group-54B4F2458EED-FollowerState
2022-06-29 11:32:24,948 INFO  impl.FollowerState (FollowerState.java:run(143)) - s2@group-54B4F2458EED-FollowerState: change to CANDIDATE, lastRpcElapsedTime:184394779ns, electionTimeout:184ms
2022-06-29 11:32:24,948 INFO  impl.RoleInfo (RoleInfo.java:shutdownFollowerState(110)) - s2: shutdown s2@group-54B4F2458EED-FollowerState
2022-06-29 11:32:24,948 INFO  server.RaftServer$Division (RaftServerImpl.java:setRole(299)) - s2@group-54B4F2458EED: changes role from  FOLLOWER to CANDIDATE at term 3 for changeToCandidate
2022-06-29 11:32:24,950 INFO  server.RaftServerConfigKeys (ConfUtils.java:logGet(46)) - raft.server.leaderelection.pre-vote = true (default)
2022-06-29 11:32:24,951 INFO  impl.RoleInfo (RoleInfo.java:updateAndGet(139)) - s2: start s2@group-54B4F2458EED-LeaderElection82
2022-06-29 11:32:24,956 INFO  impl.LeaderElection (LeaderElection.java:askForVotes(310)) - s2@group-54B4F2458EED-LeaderElection82 PRE_VOTE round 0: submit vote requests at term 3 for 28: [s0|rpc:localhost:46515|admin:localhost:40757|client:localhost:41939|dataStream:localhost:35593|priority:0, s1|rpc:localhost:34095|admin:localhost:43151|client:localhost:36051|dataStream:localhost:38995|priority:0, s2|rpc:localhost:40453|admin:localhost:33947|client:localhost:38503|dataStream:localhost:42009|priority:0], old=null
2022-06-29 11:32:24,960 INFO  server.RaftServer$Division (RaftServerImpl.java:requestVote(1152)) - s0@group-54B4F2458EED: receive requestVote(PRE_VOTE, s2, group-54B4F2458EED, 3, (t:3, i:31))
2022-06-29 11:32:24,960 WARN  server.GrpcServerProtocolService (LogUtils.java:warn(122)) - s0: Failed requestVote s2->s0#0: org.apache.ratis.protocol.exceptions.ServerNotReadyException: s0@group-54B4F2458EED is not in [RUNNING]: current state is CLOSED
2022-06-29 11:32:24,960 INFO  impl.LeaderElection (LogUtils.java:infoOrTrace(137)) - s2@group-54B4F2458EED-LeaderElection82 got exception when requesting votes: java.util.concurrent.ExecutionException: org.apache.ratis.thirdparty.io.grpc.StatusRuntimeException: INTERNAL: s0@group-54B4F2458EED is not in [RUNNING]: current state is CLOSED
2022-06-29 11:32:24,962 INFO  server.RaftServer$Division (RaftServerImpl.java:requestVote(1152)) - s1@group-54B4F2458EED: receive requestVote(PRE_VOTE, s2, group-54B4F2458EED, 3, (t:3, i:31))
2022-06-29 11:32:24,962 WARN  server.GrpcServerProtocolService (LogUtils.java:warn(122)) - s1: Failed requestVote s2->s1#0: org.apache.ratis.protocol.exceptions.ServerNotReadyException: s1@group-54B4F2458EED is not in [RUNNING]: current state is CLOSED
2022-06-29 11:32:24,963 INFO  impl.LeaderElection (LogUtils.java:infoOrTrace(137)) - s2@group-54B4F2458EED-LeaderElection82 got exception when requesting votes: java.util.concurrent.ExecutionException: org.apache.ratis.thirdparty.io.grpc.StatusRuntimeException: INTERNAL: s1@group-54B4F2458EED is not in [RUNNING]: current state is CLOSED
2022-06-29 11:32:24,963 INFO  impl.LeaderElection (LeaderElection.java:logAndReturn(90)) - s2@group-54B4F2458EED-LeaderElection82: PRE_VOTE REJECTED received 0 response(s) and 2 exception(s):
2022-06-29 11:32:24,963 INFO  impl.LeaderElection (LogUtils.java:infoOrTrace(137)) -   Exception 0: java.util.concurrent.ExecutionException: org.apache.ratis.thirdparty.io.grpc.StatusRuntimeException: INTERNAL: s0@group-54B4F2458EED is not in [RUNNING]: current state is CLOSED
2022-06-29 11:32:24,963 INFO  impl.LeaderElection (LogUtils.java:infoOrTrace(137)) -   Exception 1: java.util.concurrent.ExecutionException: org.apache.ratis.thirdparty.io.grpc.StatusRuntimeException: INTERNAL: s1@group-54B4F2458EED is not in [RUNNING]: current state is CLOSED
2022-06-29 11:32:24,965 INFO  impl.LeaderElection (LeaderElection.java:askForVotes(312)) - s2@group-54B4F2458EED-LeaderElection82 PRE_VOTE round 0: result REJECTED
2022-06-29 11:32:24,966 INFO  server.RaftServer$Division (RaftServerImpl.java:setRole(299)) - s2@group-54B4F2458EED: changes role from CANDIDATE to FOLLOWER at term 3 for REJECTED
2022-06-29 11:32:24,966 INFO  impl.RoleInfo (RoleInfo.java:shutdownLeaderElection(130)) - s2: shutdown s2@group-54B4F2458EED-LeaderElection82
2022-06-29 11:32:24,966 INFO  impl.RoleInfo (RoleInfo.java:updateAndGet(139)) - s2: start s2@group-54B4F2458EED-FollowerState
2022-06-29 11:32:25,183 INFO  impl.FollowerState (FollowerState.java:run(143)) - s2@group-54B4F2458EED-FollowerState: change to CANDIDATE, lastRpcElapsedTime:217822956ns, electionTimeout:214ms
2022-06-29 11:32:25,184 INFO  impl.RoleInfo (RoleInfo.java:shutdownFollowerState(110)) - s2: shutdown s2@group-54B4F2458EED-FollowerState
2022-06-29 11:32:25,184 INFO  server.RaftServer$Division (RaftServerImpl.java:setRole(299)) - s2@group-54B4F2458EED: changes role from  FOLLOWER to CANDIDATE at term 3 for changeToCandidate
2022-06-29 11:32:25,184 INFO  server.RaftServerConfigKeys (ConfUtils.java:logGet(46)) - raft.server.leaderelection.pre-vote = true (default)
2022-06-29 11:32:25,184 INFO  impl.RoleInfo (RoleInfo.java:updateAndGet(139)) - s2: start s2@group-54B4F2458EED-LeaderElection83
2022-06-29 11:32:25,185 INFO  impl.LeaderElection (LeaderElection.java:askForVotes(310)) - s2@group-54B4F2458EED-LeaderElection83 PRE_VOTE round 0: submit vote requests at term 3 for 28: [s0|rpc:localhost:46515|admin:localhost:40757|client:localhost:41939|dataStream:localhost:35593|priority:0, s1|rpc:localhost:34095|admin:localhost:43151|client:localhost:36051|dataStream:localhost:38995|priority:0, s2|rpc:localhost:40453|admin:localhost:33947|client:localhost:38503|dataStream:localhost:42009|priority:0], old=null
2022-06-29 11:32:25,188 INFO  server.RaftServer$Division (RaftServerImpl.java:requestVote(1152)) - s0@group-54B4F2458EED: receive requestVote(PRE_VOTE, s2, group-54B4F2458EED, 3, (t:3, i:31))
2022-06-29 11:32:25,188 WARN  server.GrpcServerProtocolService (LogUtils.java:warn(122)) - s0: Failed requestVote s2->s0#0: org.apache.ratis.protocol.exceptions.ServerNotReadyException: s0@group-54B4F2458EED is not in [RUNNING]: current state is CLOSED
2022-06-29 11:32:25,188 INFO  server.RaftServer$Division (RaftServerImpl.java:requestVote(1152)) - s1@group-54B4F2458EED: receive requestVote(PRE_VOTE, s2, group-54B4F2458EED, 3, (t:3, i:31))
2022-06-29 11:32:25,188 WARN  server.GrpcServerProtocolService (LogUtils.java:warn(122)) - s1: Failed requestVote s2->s1#0: org.apache.ratis.protocol.exceptions.ServerNotReadyException: s1@group-54B4F2458EED is not in [RUNNING]: current state is CLOSED
2022-06-29 11:32:25,190 INFO  impl.LeaderElection (LogUtils.java:infoOrTrace(137)) - s2@group-54B4F2458EED-LeaderElection83 got exception when requesting votes: java.util.concurrent.ExecutionException: org.apache.ratis.thirdparty.io.grpc.StatusRuntimeException: INTERNAL: s1@group-54B4F2458EED is not in [RUNNING]: current state is CLOSED
2022-06-29 11:32:25,191 INFO  impl.LeaderElection (LogUtils.java:infoOrTrace(137)) - s2@group-54B4F2458EED-LeaderElection83 got exception when requesting votes: java.util.concurrent.ExecutionException: org.apache.ratis.thirdparty.io.grpc.StatusRuntimeException: INTERNAL: s0@group-54B4F2458EED is not in [RUNNING]: current state is CLOSED
2022-06-29 11:32:25,191 INFO  impl.LeaderElection (LeaderElection.java:logAndReturn(90)) - s2@group-54B4F2458EED-LeaderElection83: PRE_VOTE REJECTED received 0 response(s) and 2 exception(s):
2022-06-29 11:32:25,191 INFO  impl.LeaderElection (LogUtils.java:infoOrTrace(137)) -   Exception 0: java.util.concurrent.ExecutionException: org.apache.ratis.thirdparty.io.grpc.StatusRuntimeException: INTERNAL: s1@group-54B4F2458EED is not in [RUNNING]: current state is CLOSED
2022-06-29 11:32:25,191 INFO  impl.LeaderElection (LogUtils.java:infoOrTrace(137)) -   Exception 1: java.util.concurrent.ExecutionException: org.apache.ratis.thirdparty.io.grpc.StatusRuntimeException: INTERNAL: s0@group-54B4F2458EED is not in [RUNNING]: current state is CLOSED
2022-06-29 11:32:25,191 INFO  impl.LeaderElection (LeaderElection.java:askForVotes(312)) - s2@group-54B4F2458EED-LeaderElection83 PRE_VOTE round 0: result REJECTED
2022-06-29 11:32:25,191 INFO  server.RaftServer$Division (RaftServerImpl.java:setRole(299)) - s2@group-54B4F2458EED: changes role from CANDIDATE to FOLLOWER at term 3 for REJECTED
2022-06-29 11:32:25,191 INFO  impl.RoleInfo (RoleInfo.java:shutdownLeaderElection(130)) - s2: shutdown s2@group-54B4F2458EED-LeaderElection83
2022-06-29 11:32:25,191 INFO  impl.RoleInfo (RoleInfo.java:updateAndGet(139)) - s2: start s2@group-54B4F2458EED-FollowerState
2022-06-29 11:32:25,445 INFO  impl.FollowerState (FollowerState.java:run(143)) - s2@group-54B4F2458EED-FollowerState: change to CANDIDATE, lastRpcElapsedTime:254106180ns, electionTimeout:253ms
2022-06-29 11:32:25,445 INFO  impl.RoleInfo (RoleInfo.java:shutdownFollowerState(110)) - s2: shutdown s2@group-54B4F2458EED-FollowerState
2022-06-29 11:32:25,445 INFO  server.RaftServer$Division (RaftServerImpl.java:setRole(299)) - s2@group-54B4F2458EED: changes role from  FOLLOWER to CANDIDATE at term 3 for changeToCandidate
2022-06-29 11:32:25,447 INFO  server.RaftServerConfigKeys (ConfUtils.java:logGet(46)) - raft.server.leaderelection.pre-vote = true (default)
2022-06-29 11:32:25,448 INFO  impl.RoleInfo (RoleInfo.java:updateAndGet(139)) - s2: start s2@group-54B4F2458EED-LeaderElection84
2022-06-29 11:32:25,450 INFO  impl.LeaderElection (LeaderElection.java:askForVotes(310)) - s2@group-54B4F2458EED-LeaderElection84 PRE_VOTE round 0: submit vote requests at term 3 for 28: [s0|rpc:localhost:46515|admin:localhost:40757|client:localhost:41939|dataStream:localhost:35593|priority:0, s1|rpc:localhost:34095|admin:localhost:43151|client:localhost:36051|dataStream:localhost:38995|priority:0, s2|rpc:localhost:40453|admin:localhost:33947|client:localhost:38503|dataStream:localhost:42009|priority:0], old=null
2022-06-29 11:32:25,456 INFO  server.RaftServer$Division (RaftServerImpl.java:requestVote(1152)) - s0@group-54B4F2458EED: receive requestVote(PRE_VOTE, s2, group-54B4F2458EED, 3, (t:3, i:31))
2022-06-29 11:32:25,456 WARN  server.GrpcServerProtocolService (LogUtils.java:warn(122)) - s0: Failed requestVote s2->s0#0: org.apache.ratis.protocol.exceptions.ServerNotReadyException: s0@group-54B4F2458EED is not in [RUNNING]: current state is CLOSED
2022-06-29 11:32:25,457 INFO  server.RaftServer$Division (RaftServerImpl.java:requestVote(1152)) - s1@group-54B4F2458EED: receive requestVote(PRE_VOTE, s2, group-54B4F2458EED, 3, (t:3, i:31))
2022-06-29 11:32:25,457 WARN  server.GrpcServerProtocolService (LogUtils.java:warn(122)) - s1: Failed requestVote s2->s1#0: org.apache.ratis.protocol.exceptions.ServerNotReadyException: s1@group-54B4F2458EED is not in [RUNNING]: current state is CLOSED
2022-06-29 11:32:25,458 INFO  impl.LeaderElection (LogUtils.java:infoOrTrace(137)) - s2@group-54B4F2458EED-LeaderElection84 got exception when requesting votes: java.util.concurrent.ExecutionException: org.apache.ratis.thirdparty.io.grpc.StatusRuntimeException: INTERNAL: s0@group-54B4F2458EED is not in [RUNNING]: current state is CLOSED
2022-06-29 11:32:25,459 INFO  impl.LeaderElection (LogUtils.java:infoOrTrace(137)) - s2@group-54B4F2458EED-LeaderElection84 got exception when requesting votes: java.util.concurrent.ExecutionException: org.apache.ratis.thirdparty.io.grpc.StatusRuntimeException: INTERNAL: s1@group-54B4F2458EED is not in [RUNNING]: current state is CLOSED
2022-06-29 11:32:25,459 INFO  impl.LeaderElection (LeaderElection.java:logAndReturn(90)) - s2@group-54B4F2458EED-LeaderElection84: PRE_VOTE REJECTED received 0 response(s) and 2 exception(s):
2022-06-29 11:32:25,459 INFO  impl.LeaderElection (LogUtils.java:infoOrTrace(137)) -   Exception 0: java.util.concurrent.ExecutionException: org.apache.ratis.thirdparty.io.grpc.StatusRuntimeException: INTERNAL: s0@group-54B4F2458EED is not in [RUNNING]: current state is CLOSED
2022-06-29 11:32:25,459 INFO  impl.LeaderElection (LogUtils.java:infoOrTrace(137)) -   Exception 1: java.util.concurrent.ExecutionException: org.apache.ratis.thirdparty.io.grpc.StatusRuntimeException: INTERNAL: s1@group-54B4F2458EED is not in [RUNNING]: current state is CLOSED
2022-06-29 11:32:25,459 INFO  impl.LeaderElection (LeaderElection.java:askForVotes(312)) - s2@group-54B4F2458EED-LeaderElection84 PRE_VOTE round 0: result REJECTED
2022-06-29 11:32:25,459 INFO  server.RaftServer$Division (RaftServerImpl.java:setRole(299)) - s2@group-54B4F2458EED: changes role from CANDIDATE to FOLLOWER at term 3 for REJECTED
2022-06-29 11:32:25,459 INFO  impl.RoleInfo (RoleInfo.java:shutdownLeaderElection(130)) - s2: shutdown s2@group-54B4F2458EED-LeaderElection84
2022-06-29 11:32:25,459 INFO  impl.RoleInfo (RoleInfo.java:updateAndGet(139)) - s2: start s2@group-54B4F2458EED-FollowerState
2022-06-29 11:32:25,674 INFO  impl.FollowerState (FollowerState.java:run(143)) - s2@group-54B4F2458EED-FollowerState: change to CANDIDATE, lastRpcElapsedTime:214836311ns, electionTimeout:213ms
2022-06-29 11:32:25,674 INFO  impl.RoleInfo (RoleInfo.java:shutdownFollowerState(110)) - s2: shutdown s2@group-54B4F2458EED-FollowerState
2022-06-29 11:32:25,674 INFO  server.RaftServer$Division (RaftServerImpl.java:setRole(299)) - s2@group-54B4F2458EED: changes role from  FOLLOWER to CANDIDATE at term 3 for changeToCandidate
2022-06-29 11:32:25,677 INFO  server.RaftServerConfigKeys (ConfUtils.java:logGet(46)) - raft.server.leaderelection.pre-vote = true (default)
2022-06-29 11:32:25,677 INFO  impl.RoleInfo (RoleInfo.java:updateAndGet(139)) - s2: start s2@group-54B4F2458EED-LeaderElection85
2022-06-29 11:32:25,687 INFO  impl.LeaderElection (LeaderElection.java:askForVotes(310)) - s2@group-54B4F2458EED-LeaderElection85 PRE_VOTE round 0: submit vote requests at term 3 for 28: [s0|rpc:localhost:46515|admin:localhost:40757|client:localhost:41939|dataStream:localhost:35593|priority:0, s1|rpc:localhost:34095|admin:localhost:43151|client:localhost:36051|dataStream:localhost:38995|priority:0, s2|rpc:localhost:40453|admin:localhost:33947|client:localhost:38503|dataStream:localhost:42009|priority:0], old=null
2022-06-29 11:32:25,694 INFO  server.RaftServer$Division (RaftServerImpl.java:requestVote(1152)) - s0@group-54B4F2458EED: receive requestVote(PRE_VOTE, s2, group-54B4F2458EED, 3, (t:3, i:31))
2022-06-29 11:32:25,695 WARN  server.GrpcServerProtocolService (LogUtils.java:warn(122)) - s0: Failed requestVote s2->s0#0: org.apache.ratis.protocol.exceptions.ServerNotReadyException: s0@group-54B4F2458EED is not in [RUNNING]: current state is CLOSED
2022-06-29 11:32:25,696 INFO  server.RaftServer$Division (RaftServerImpl.java:requestVote(1152)) - s1@group-54B4F2458EED: receive requestVote(PRE_VOTE, s2, group-54B4F2458EED, 3, (t:3, i:31))
2022-06-29 11:32:25,696 WARN  server.GrpcServerProtocolService (LogUtils.java:warn(122)) - s1: Failed requestVote s2->s1#0: org.apache.ratis.protocol.exceptions.ServerNotReadyException: s1@group-54B4F2458EED is not in [RUNNING]: current state is CLOSED
2022-06-29 11:32:25,771 INFO  impl.LeaderElection (LogUtils.java:infoOrTrace(137)) - s2@group-54B4F2458EED-LeaderElection85 got exception when requesting votes: java.util.concurrent.ExecutionException: org.apache.ratis.thirdparty.io.grpc.StatusRuntimeException: INTERNAL: s0@group-54B4F2458EED is not in [RUNNING]: current state is CLOSED
2022-06-29 11:32:25,771 INFO  impl.LeaderElection (LogUtils.java:infoOrTrace(137)) - s2@group-54B4F2458EED-LeaderElection85 got exception when requesting votes: java.util.concurrent.ExecutionException: org.apache.ratis.thirdparty.io.grpc.StatusRuntimeException: INTERNAL: s1@group-54B4F2458EED is not in [RUNNING]: current state is CLOSED
2022-06-29 11:32:25,771 INFO  impl.LeaderElection (LeaderElection.java:logAndReturn(90)) - s2@group-54B4F2458EED-LeaderElection85: PRE_VOTE REJECTED received 0 response(s) and 2 exception(s):
2022-06-29 11:32:25,771 INFO  impl.LeaderElection (LogUtils.java:infoOrTrace(137)) -   Exception 0: java.util.concurrent.ExecutionException: org.apache.ratis.thirdparty.io.grpc.StatusRuntimeException: INTERNAL: s0@group-54B4F2458EED is not in [RUNNING]: current state is CLOSED
2022-06-29 11:32:25,771 INFO  impl.LeaderElection (LogUtils.java:infoOrTrace(137)) -   Exception 1: java.util.concurrent.ExecutionException: org.apache.ratis.thirdparty.io.grpc.StatusRuntimeException: INTERNAL: s1@group-54B4F2458EED is not in [RUNNING]: current state is CLOSED
2022-06-29 11:32:25,771 INFO  impl.LeaderElection (LeaderElection.java:askForVotes(312)) - s2@group-54B4F2458EED-LeaderElection85 PRE_VOTE round 0: result REJECTED
2022-06-29 11:32:25,772 INFO  server.RaftServer$Division (RaftServerImpl.java:setRole(299)) - s2@group-54B4F2458EED: changes role from CANDIDATE to FOLLOWER at term 3 for REJECTED
2022-06-29 11:32:25,772 INFO  impl.RoleInfo (RoleInfo.java:shutdownLeaderElection(130)) - s2: shutdown s2@group-54B4F2458EED-LeaderElection85
2022-06-29 11:32:25,772 INFO  impl.RoleInfo (RoleInfo.java:updateAndGet(139)) - s2: start s2@group-54B4F2458EED-FollowerState
2022-06-29 11:32:26,062 INFO  impl.FollowerState (FollowerState.java:run(143)) - s2@group-54B4F2458EED-FollowerState: change to CANDIDATE, lastRpcElapsedTime:290630806ns, electionTimeout:285ms
2022-06-29 11:32:26,062 INFO  impl.RoleInfo (RoleInfo.java:shutdownFollowerState(110)) - s2: shutdown s2@group-54B4F2458EED-FollowerState
2022-06-29 11:32:26,062 INFO  server.RaftServer$Division (RaftServerImpl.java:setRole(299)) - s2@group-54B4F2458EED: changes role from  FOLLOWER to CANDIDATE at term 3 for changeToCandidate
2022-06-29 11:32:26,065 INFO  server.RaftServerConfigKeys (ConfUtils.java:logGet(46)) - raft.server.leaderelection.pre-vote = true (default)
2022-06-29 11:32:26,065 INFO  impl.RoleInfo (RoleInfo.java:updateAndGet(139)) - s2: start s2@group-54B4F2458EED-LeaderElection86
2022-06-29 11:32:26,066 INFO  impl.LeaderElection (LeaderElection.java:askForVotes(310)) - s2@group-54B4F2458EED-LeaderElection86 PRE_VOTE round 0: submit vote requests at term 3 for 28: [s0|rpc:localhost:46515|admin:localhost:40757|client:localhost:41939|dataStream:localhost:35593|priority:0, s1|rpc:localhost:34095|admin:localhost:43151|client:localhost:36051|dataStream:localhost:38995|priority:0, s2|rpc:localhost:40453|admin:localhost:33947|client:localhost:38503|dataStream:localhost:42009|priority:0], old=null
2022-06-29 11:32:26,070 INFO  server.RaftServer$Division (RaftServerImpl.java:requestVote(1152)) - s0@group-54B4F2458EED: receive requestVote(PRE_VOTE, s2, group-54B4F2458EED, 3, (t:3, i:31))
2022-06-29 11:32:26,071 WARN  server.GrpcServerProtocolService (LogUtils.java:warn(122)) - s0: Failed requestVote s2->s0#0: org.apache.ratis.protocol.exceptions.ServerNotReadyException: s0@group-54B4F2458EED is not in [RUNNING]: current state is CLOSED
2022-06-29 11:32:26,071 INFO  server.RaftServer$Division (RaftServerImpl.java:requestVote(1152)) - s1@group-54B4F2458EED: receive requestVote(PRE_VOTE, s2, group-54B4F2458EED, 3, (t:3, i:31))
2022-06-29 11:32:26,071 WARN  server.GrpcServerProtocolService (LogUtils.java:warn(122)) - s1: Failed requestVote s2->s1#0: org.apache.ratis.protocol.exceptions.ServerNotReadyException: s1@group-54B4F2458EED is not in [RUNNING]: current state is CLOSED
2022-06-29 11:32:26,072 INFO  impl.LeaderElection (LogUtils.java:infoOrTrace(137)) - s2@group-54B4F2458EED-LeaderElection86 got exception when requesting votes: java.util.concurrent.ExecutionException: org.apache.ratis.thirdparty.io.grpc.StatusRuntimeException: INTERNAL: s0@group-54B4F2458EED is not in [RUNNING]: current state is CLOSED
2022-06-29 11:32:26,072 INFO  impl.LeaderElection (LogUtils.java:infoOrTrace(137)) - s2@group-54B4F2458EED-LeaderElection86 got exception when requesting votes: java.util.concurrent.ExecutionException: org.apache.ratis.thirdparty.io.grpc.StatusRuntimeException: INTERNAL: s1@group-54B4F2458EED is not in [RUNNING]: current state is CLOSED
2022-06-29 11:32:26,072 INFO  impl.LeaderElection (LeaderElection.java:logAndReturn(90)) - s2@group-54B4F2458EED-LeaderElection86: PRE_VOTE REJECTED received 0 response(s) and 2 exception(s):
2022-06-29 11:32:26,072 INFO  impl.LeaderElection (LogUtils.java:infoOrTrace(137)) -   Exception 0: java.util.concurrent.ExecutionException: org.apache.ratis.thirdparty.io.grpc.StatusRuntimeException: INTERNAL: s0@group-54B4F2458EED is not in [RUNNING]: current state is CLOSED
2022-06-29 11:32:26,072 INFO  impl.LeaderElection (LogUtils.java:infoOrTrace(137)) -   Exception 1: java.util.concurrent.ExecutionException: org.apache.ratis.thirdparty.io.grpc.StatusRuntimeException: INTERNAL: s1@group-54B4F2458EED is not in [RUNNING]: current state is CLOSED
2022-06-29 11:32:26,072 INFO  impl.LeaderElection (LeaderElection.java:askForVotes(312)) - s2@group-54B4F2458EED-LeaderElection86 PRE_VOTE round 0: result REJECTED
2022-06-29 11:32:26,072 INFO  server.RaftServer$Division (RaftServerImpl.java:setRole(299)) - s2@group-54B4F2458EED: changes role from CANDIDATE to FOLLOWER at term 3 for REJECTED
2022-06-29 11:32:26,072 INFO  impl.RoleInfo (RoleInfo.java:shutdownLeaderElection(130)) - s2: shutdown s2@group-54B4F2458EED-LeaderElection86
2022-06-29 11:32:26,072 INFO  impl.RoleInfo (RoleInfo.java:updateAndGet(139)) - s2: start s2@group-54B4F2458EED-FollowerState
2022-06-29 11:32:26,286 INFO  impl.FollowerState (FollowerState.java:run(143)) - s2@group-54B4F2458EED-FollowerState: change to CANDIDATE, lastRpcElapsedTime:213488482ns, electionTimeout:213ms
2022-06-29 11:32:26,286 INFO  impl.RoleInfo (RoleInfo.java:shutdownFollowerState(110)) - s2: shutdown s2@group-54B4F2458EED-FollowerState
2022-06-29 11:32:26,286 INFO  server.RaftServer$Division (RaftServerImpl.java:setRole(299)) - s2@group-54B4F2458EED: changes role from  FOLLOWER to CANDIDATE at term 3 for changeToCandidate
2022-06-29 11:32:26,286 INFO  server.RaftServerConfigKeys (ConfUtils.java:logGet(46)) - raft.server.leaderelection.pre-vote = true (default)
2022-06-29 11:32:26,286 INFO  impl.RoleInfo (RoleInfo.java:updateAndGet(139)) - s2: start s2@group-54B4F2458EED-LeaderElection87
2022-06-29 11:32:26,289 INFO  impl.LeaderElection (LeaderElection.java:askForVotes(310)) - s2@group-54B4F2458EED-LeaderElection87 PRE_VOTE round 0: submit vote requests at term 3 for 28: [s0|rpc:localhost:46515|admin:localhost:40757|client:localhost:41939|dataStream:localhost:35593|priority:0, s1|rpc:localhost:34095|admin:localhost:43151|client:localhost:36051|dataStream:localhost:38995|priority:0, s2|rpc:localhost:40453|admin:localhost:33947|client:localhost:38503|dataStream:localhost:42009|priority:0], old=null
2022-06-29 11:32:26,298 INFO  server.RaftServer$Division (RaftServerImpl.java:requestVote(1152)) - s0@group-54B4F2458EED: receive requestVote(PRE_VOTE, s2, group-54B4F2458EED, 3, (t:3, i:31))
2022-06-29 11:32:26,298 WARN  server.GrpcServerProtocolService (LogUtils.java:warn(122)) - s0: Failed requestVote s2->s0#0: org.apache.ratis.protocol.exceptions.ServerNotReadyException: s0@group-54B4F2458EED is not in [RUNNING]: current state is CLOSED
2022-06-29 11:32:26,299 INFO  server.RaftServer$Division (RaftServerImpl.java:requestVote(1152)) - s1@group-54B4F2458EED: receive requestVote(PRE_VOTE, s2, group-54B4F2458EED, 3, (t:3, i:31))
2022-06-29 11:32:26,300 WARN  server.GrpcServerProtocolService (LogUtils.java:warn(122)) - s1: Failed requestVote s2->s1#0: org.apache.ratis.protocol.exceptions.ServerNotReadyException: s1@group-54B4F2458EED is not in [RUNNING]: current state is CLOSED
2022-06-29 11:32:26,301 INFO  impl.LeaderElection (LogUtils.java:infoOrTrace(137)) - s2@group-54B4F2458EED-LeaderElection87 got exception when requesting votes: java.util.concurrent.ExecutionException: org.apache.ratis.thirdparty.io.grpc.StatusRuntimeException: INTERNAL: s1@group-54B4F2458EED is not in [RUNNING]: current state is CLOSED
2022-06-29 11:32:26,301 INFO  impl.LeaderElection (LogUtils.java:infoOrTrace(137)) - s2@group-54B4F2458EED-LeaderElection87 got exception when requesting votes: java.util.concurrent.ExecutionException: org.apache.ratis.thirdparty.io.grpc.StatusRuntimeException: INTERNAL: s0@group-54B4F2458EED is not in [RUNNING]: current state is CLOSED
2022-06-29 11:32:26,301 INFO  impl.LeaderElection (LeaderElection.java:logAndReturn(90)) - s2@group-54B4F2458EED-LeaderElection87: PRE_VOTE REJECTED received 0 response(s) and 2 exception(s):
2022-06-29 11:32:26,301 INFO  impl.LeaderElection (LogUtils.java:infoOrTrace(137)) -   Exception 0: java.util.concurrent.ExecutionException: org.apache.ratis.thirdparty.io.grpc.StatusRuntimeException: INTERNAL: s1@group-54B4F2458EED is not in [RUNNING]: current state is CLOSED
2022-06-29 11:32:26,301 INFO  impl.LeaderElection (LogUtils.java:infoOrTrace(137)) -   Exception 1: java.util.concurrent.ExecutionException: org.apache.ratis.thirdparty.io.grpc.StatusRuntimeException: INTERNAL: s0@group-54B4F2458EED is not in [RUNNING]: current state is CLOSED
2022-06-29 11:32:26,303 INFO  impl.LeaderElection (LeaderElection.java:askForVotes(312)) - s2@group-54B4F2458EED-LeaderElection87 PRE_VOTE round 0: result REJECTED
2022-06-29 11:32:26,303 INFO  server.RaftServer$Division (RaftServerImpl.java:setRole(299)) - s2@group-54B4F2458EED: changes role from CANDIDATE to FOLLOWER at term 3 for REJECTED
2022-06-29 11:32:26,303 INFO  impl.RoleInfo (RoleInfo.java:shutdownLeaderElection(130)) - s2: shutdown s2@group-54B4F2458EED-LeaderElection87
2022-06-29 11:32:26,306 INFO  impl.RoleInfo (RoleInfo.java:updateAndGet(139)) - s2: start s2@group-54B4F2458EED-FollowerState
2022-06-29 11:32:26,605 INFO  impl.FollowerState (FollowerState.java:run(143)) - s2@group-54B4F2458EED-FollowerState: change to CANDIDATE, lastRpcElapsedTime:299422522ns, electionTimeout:296ms
2022-06-29 11:32:26,605 INFO  impl.RoleInfo (RoleInfo.java:shutdownFollowerState(110)) - s2: shutdown s2@group-54B4F2458EED-FollowerState
2022-06-29 11:32:26,605 INFO  server.RaftServer$Division (RaftServerImpl.java:setRole(299)) - s2@group-54B4F2458EED: changes role from  FOLLOWER to CANDIDATE at term 3 for changeToCandidate
2022-06-29 11:32:26,607 INFO  server.RaftServerConfigKeys (ConfUtils.java:logGet(46)) - raft.server.leaderelection.pre-vote = true (default)
2022-06-29 11:32:26,607 INFO  impl.RoleInfo (RoleInfo.java:updateAndGet(139)) - s2: start s2@group-54B4F2458EED-LeaderElection88
2022-06-29 11:32:26,611 INFO  impl.LeaderElection (LeaderElection.java:askForVotes(310)) - s2@group-54B4F2458EED-LeaderElection88 PRE_VOTE round 0: submit vote requests at term 3 for 28: [s0|rpc:localhost:46515|admin:localhost:40757|client:localhost:41939|dataStream:localhost:35593|priority:0, s1|rpc:localhost:34095|admin:localhost:43151|client:localhost:36051|dataStream:localhost:38995|priority:0, s2|rpc:localhost:40453|admin:localhost:33947|client:localhost:38503|dataStream:localhost:42009|priority:0], old=null
2022-06-29 11:32:26,621 INFO  server.RaftServer$Division (RaftServerImpl.java:requestVote(1152)) - s0@group-54B4F2458EED: receive requestVote(PRE_VOTE, s2, group-54B4F2458EED, 3, (t:3, i:31))
2022-06-29 11:32:26,621 WARN  server.GrpcServerProtocolService (LogUtils.java:warn(122)) - s0: Failed requestVote s2->s0#0: org.apache.ratis.protocol.exceptions.ServerNotReadyException: s0@group-54B4F2458EED is not in [RUNNING]: current state is CLOSED
2022-06-29 11:32:26,622 INFO  impl.LeaderElection (LogUtils.java:infoOrTrace(137)) - s2@group-54B4F2458EED-LeaderElection88 got exception when requesting votes: java.util.concurrent.ExecutionException: org.apache.ratis.thirdparty.io.grpc.StatusRuntimeException: INTERNAL: s0@group-54B4F2458EED is not in [RUNNING]: current state is CLOSED
2022-06-29 11:32:26,623 INFO  server.RaftServer$Division (RaftServerImpl.java:requestVote(1152)) - s1@group-54B4F2458EED: receive requestVote(PRE_VOTE, s2, group-54B4F2458EED, 3, (t:3, i:31))
2022-06-29 11:32:26,623 WARN  server.GrpcServerProtocolService (LogUtils.java:warn(122)) - s1: Failed requestVote s2->s1#0: org.apache.ratis.protocol.exceptions.ServerNotReadyException: s1@group-54B4F2458EED is not in [RUNNING]: current state is CLOSED
2022-06-29 11:32:26,627 INFO  impl.LeaderElection (LogUtils.java:infoOrTrace(137)) - s2@group-54B4F2458EED-LeaderElection88 got exception when requesting votes: java.util.concurrent.ExecutionException: org.apache.ratis.thirdparty.io.grpc.StatusRuntimeException: INTERNAL: s1@group-54B4F2458EED is not in [RUNNING]: current state is CLOSED
2022-06-29 11:32:26,627 INFO  impl.LeaderElection (LeaderElection.java:logAndReturn(90)) - s2@group-54B4F2458EED-LeaderElection88: PRE_VOTE REJECTED received 0 response(s) and 2 exception(s):
2022-06-29 11:32:26,627 INFO  impl.LeaderElection (LogUtils.java:infoOrTrace(137)) -   Exception 0: java.util.concurrent.ExecutionException: org.apache.ratis.thirdparty.io.grpc.StatusRuntimeException: INTERNAL: s0@group-54B4F2458EED is not in [RUNNING]: current state is CLOSED
2022-06-29 11:32:26,627 INFO  impl.LeaderElection (LogUtils.java:infoOrTrace(137)) -   Exception 1: java.util.concurrent.ExecutionException: org.apache.ratis.thirdparty.io.grpc.StatusRuntimeException: INTERNAL: s1@group-54B4F2458EED is not in [RUNNING]: current state is CLOSED
2022-06-29 11:32:26,628 INFO  impl.LeaderElection (LeaderElection.java:askForVotes(312)) - s2@group-54B4F2458EED-LeaderElection88 PRE_VOTE round 0: result REJECTED
2022-06-29 11:32:26,628 INFO  server.RaftServer$Division (RaftServerImpl.java:setRole(299)) - s2@group-54B4F2458EED: changes role from CANDIDATE to FOLLOWER at term 3 for REJECTED
2022-06-29 11:32:26,628 INFO  impl.RoleInfo (RoleInfo.java:shutdownLeaderElection(130)) - s2: shutdown s2@group-54B4F2458EED-LeaderElection88
2022-06-29 11:32:26,632 INFO  impl.RoleInfo (RoleInfo.java:updateAndGet(139)) - s2: start s2@group-54B4F2458EED-FollowerState
2022-06-29 11:32:26,868 INFO  impl.FollowerState (FollowerState.java:run(143)) - s2@group-54B4F2458EED-FollowerState: change to CANDIDATE, lastRpcElapsedTime:235922106ns, electionTimeout:234ms
2022-06-29 11:32:26,868 INFO  impl.RoleInfo (RoleInfo.java:shutdownFollowerState(110)) - s2: shutdown s2@group-54B4F2458EED-FollowerState
2022-06-29 11:32:26,868 INFO  server.RaftServer$Division (RaftServerImpl.java:setRole(299)) - s2@group-54B4F2458EED: changes role from  FOLLOWER to CANDIDATE at term 3 for changeToCandidate
2022-06-29 11:32:26,868 INFO  server.RaftServerConfigKeys (ConfUtils.java:logGet(46)) - raft.server.leaderelection.pre-vote = true (default)
2022-06-29 11:32:26,868 INFO  impl.RoleInfo (RoleInfo.java:updateAndGet(139)) - s2: start s2@group-54B4F2458EED-LeaderElection89
2022-06-29 11:32:26,869 INFO  impl.LeaderElection (LeaderElection.java:askForVotes(310)) - s2@group-54B4F2458EED-LeaderElection89 PRE_VOTE round 0: submit vote requests at term 3 for 28: [s0|rpc:localhost:46515|admin:localhost:40757|client:localhost:41939|dataStream:localhost:35593|priority:0, s1|rpc:localhost:34095|admin:localhost:43151|client:localhost:36051|dataStream:localhost:38995|priority:0, s2|rpc:localhost:40453|admin:localhost:33947|client:localhost:38503|dataStream:localhost:42009|priority:0], old=null
2022-06-29 11:32:26,873 INFO  server.RaftServer$Division (RaftServerImpl.java:requestVote(1152)) - s0@group-54B4F2458EED: receive requestVote(PRE_VOTE, s2, group-54B4F2458EED, 3, (t:3, i:31))
2022-06-29 11:32:26,873 INFO  server.RaftServer$Division (RaftServerImpl.java:requestVote(1152)) - s1@group-54B4F2458EED: receive requestVote(PRE_VOTE, s2, group-54B4F2458EED, 3, (t:3, i:31))
2022-06-29 11:32:26,873 WARN  server.GrpcServerProtocolService (LogUtils.java:warn(122)) - s1: Failed requestVote s2->s1#0: org.apache.ratis.protocol.exceptions.ServerNotReadyException: s1@group-54B4F2458EED is not in [RUNNING]: current state is CLOSED
2022-06-29 11:32:26,873 WARN  server.GrpcServerProtocolService (LogUtils.java:warn(122)) - s0: Failed requestVote s2->s0#0: org.apache.ratis.protocol.exceptions.ServerNotReadyException: s0@group-54B4F2458EED is not in [RUNNING]: current state is CLOSED
2022-06-29 11:32:26,875 INFO  impl.LeaderElection (LogUtils.java:infoOrTrace(137)) - s2@group-54B4F2458EED-LeaderElection89 got exception when requesting votes: java.util.concurrent.ExecutionException: org.apache.ratis.thirdparty.io.grpc.StatusRuntimeException: INTERNAL: s0@group-54B4F2458EED is not in [RUNNING]: current state is CLOSED
2022-06-29 11:32:26,875 INFO  impl.LeaderElection (LogUtils.java:infoOrTrace(137)) - s2@group-54B4F2458EED-LeaderElection89 got exception when requesting votes: java.util.concurrent.ExecutionException: org.apache.ratis.thirdparty.io.grpc.StatusRuntimeException: INTERNAL: s1@group-54B4F2458EED is not in [RUNNING]: current state is CLOSED
2022-06-29 11:32:26,875 INFO  impl.LeaderElection (LeaderElection.java:logAndReturn(90)) - s2@group-54B4F2458EED-LeaderElection89: PRE_VOTE REJECTED received 0 response(s) and 2 exception(s):
2022-06-29 11:32:26,875 INFO  impl.LeaderElection (LogUtils.java:infoOrTrace(137)) -   Exception 0: java.util.concurrent.ExecutionException: org.apache.ratis.thirdparty.io.grpc.StatusRuntimeException: INTERNAL: s0@group-54B4F2458EED is not in [RUNNING]: current state is CLOSED
2022-06-29 11:32:26,875 INFO  impl.LeaderElection (LogUtils.java:infoOrTrace(137)) -   Exception 1: java.util.concurrent.ExecutionException: org.apache.ratis.thirdparty.io.grpc.StatusRuntimeException: INTERNAL: s1@group-54B4F2458EED is not in [RUNNING]: current state is CLOSED
2022-06-29 11:32:26,876 INFO  impl.LeaderElection (LeaderElection.java:askForVotes(312)) - s2@group-54B4F2458EED-LeaderElection89 PRE_VOTE round 0: result REJECTED
2022-06-29 11:32:26,876 INFO  server.RaftServer$Division (RaftServerImpl.java:setRole(299)) - s2@group-54B4F2458EED: changes role from CANDIDATE to FOLLOWER at term 3 for REJECTED
2022-06-29 11:32:26,876 INFO  impl.RoleInfo (RoleInfo.java:shutdownLeaderElection(130)) - s2: shutdown s2@group-54B4F2458EED-LeaderElection89
2022-06-29 11:32:26,876 INFO  impl.RoleInfo (RoleInfo.java:updateAndGet(139)) - s2: start s2@group-54B4F2458EED-FollowerState
2022-06-29 11:32:27,157 INFO  impl.FollowerState (FollowerState.java:run(143)) - s2@group-54B4F2458EED-FollowerState: change to CANDIDATE, lastRpcElapsedTime:280908948ns, electionTimeout:275ms
2022-06-29 11:32:27,157 INFO  impl.RoleInfo (RoleInfo.java:shutdownFollowerState(110)) - s2: shutdown s2@group-54B4F2458EED-FollowerState
2022-06-29 11:32:27,157 INFO  server.RaftServer$Division (RaftServerImpl.java:setRole(299)) - s2@group-54B4F2458EED: changes role from  FOLLOWER to CANDIDATE at term 3 for changeToCandidate
2022-06-29 11:32:27,157 INFO  server.RaftServerConfigKeys (ConfUtils.java:logGet(46)) - raft.server.leaderelection.pre-vote = true (default)
2022-06-29 11:32:27,157 INFO  impl.RoleInfo (RoleInfo.java:updateAndGet(139)) - s2: start s2@group-54B4F2458EED-LeaderElection90
2022-06-29 11:32:27,162 INFO  impl.LeaderElection (LeaderElection.java:askForVotes(310)) - s2@group-54B4F2458EED-LeaderElection90 PRE_VOTE round 0: submit vote requests at term 3 for 28: [s0|rpc:localhost:46515|admin:localhost:40757|client:localhost:41939|dataStream:localhost:35593|priority:0, s1|rpc:localhost:34095|admin:localhost:43151|client:localhost:36051|dataStream:localhost:38995|priority:0, s2|rpc:localhost:40453|admin:localhost:33947|client:localhost:38503|dataStream:localhost:42009|priority:0], old=null
2022-06-29 11:32:27,171 INFO  server.RaftServer$Division (RaftServerImpl.java:requestVote(1152)) - s0@group-54B4F2458EED: receive requestVote(PRE_VOTE, s2, group-54B4F2458EED, 3, (t:3, i:31))
2022-06-29 11:32:27,171 WARN  server.GrpcServerProtocolService (LogUtils.java:warn(122)) - s0: Failed requestVote s2->s0#0: org.apache.ratis.protocol.exceptions.ServerNotReadyException: s0@group-54B4F2458EED is not in [RUNNING]: current state is CLOSED
2022-06-29 11:32:27,176 INFO  impl.LeaderElection (LogUtils.java:infoOrTrace(137)) - s2@group-54B4F2458EED-LeaderElection90 got exception when requesting votes: java.util.concurrent.ExecutionException: org.apache.ratis.thirdparty.io.grpc.StatusRuntimeException: INTERNAL: s0@group-54B4F2458EED is not in [RUNNING]: current state is CLOSED
2022-06-29 11:32:27,179 INFO  server.RaftServer$Division (RaftServerImpl.java:requestVote(1152)) - s1@group-54B4F2458EED: receive requestVote(PRE_VOTE, s2, group-54B4F2458EED, 3, (t:3, i:31))
2022-06-29 11:32:27,179 WARN  server.GrpcServerProtocolService (LogUtils.java:warn(122)) - s1: Failed requestVote s2->s1#0: org.apache.ratis.protocol.exceptions.ServerNotReadyException: s1@group-54B4F2458EED is not in [RUNNING]: current state is CLOSED
2022-06-29 11:32:27,185 INFO  impl.LeaderElection (LogUtils.java:infoOrTrace(137)) - s2@group-54B4F2458EED-LeaderElection90 got exception when requesting votes: java.util.concurrent.ExecutionException: org.apache.ratis.thirdparty.io.grpc.StatusRuntimeException: INTERNAL: s1@group-54B4F2458EED is not in [RUNNING]: current state is CLOSED
2022-06-29 11:32:27,185 INFO  impl.LeaderElection (LeaderElection.java:logAndReturn(90)) - s2@group-54B4F2458EED-LeaderElection90: PRE_VOTE REJECTED received 0 response(s) and 2 exception(s):
2022-06-29 11:32:27,185 INFO  impl.LeaderElection (LogUtils.java:infoOrTrace(137)) -   Exception 0: java.util.concurrent.ExecutionException: org.apache.ratis.thirdparty.io.grpc.StatusRuntimeException: INTERNAL: s0@group-54B4F2458EED is not in [RUNNING]: current state is CLOSED
2022-06-29 11:32:27,185 INFO  impl.LeaderElection (LogUtils.java:infoOrTrace(137)) -   Exception 1: java.util.concurrent.ExecutionException: org.apache.ratis.thirdparty.io.grpc.StatusRuntimeException: INTERNAL: s1@group-54B4F2458EED is not in [RUNNING]: current state is CLOSED
2022-06-29 11:32:27,185 INFO  impl.LeaderElection (LeaderElection.java:askForVotes(312)) - s2@group-54B4F2458EED-LeaderElection90 PRE_VOTE round 0: result REJECTED
2022-06-29 11:32:27,185 INFO  server.RaftServer$Division (RaftServerImpl.java:setRole(299)) - s2@group-54B4F2458EED: changes role from CANDIDATE to FOLLOWER at term 3 for REJECTED
2022-06-29 11:32:27,185 INFO  impl.RoleInfo (RoleInfo.java:shutdownLeaderElection(130)) - s2: shutdown s2@group-54B4F2458EED-LeaderElection90
2022-06-29 11:32:27,185 INFO  impl.RoleInfo (RoleInfo.java:updateAndGet(139)) - s2: start s2@group-54B4F2458EED-FollowerState
2022-06-29 11:32:27,482 INFO  impl.FollowerState (FollowerState.java:run(143)) - s2@group-54B4F2458EED-FollowerState: change to CANDIDATE, lastRpcElapsedTime:297009274ns, electionTimeout:294ms
2022-06-29 11:32:27,482 INFO  impl.RoleInfo (RoleInfo.java:shutdownFollowerState(110)) - s2: shutdown s2@group-54B4F2458EED-FollowerState
2022-06-29 11:32:27,482 INFO  server.RaftServer$Division (RaftServerImpl.java:setRole(299)) - s2@group-54B4F2458EED: changes role from  FOLLOWER to CANDIDATE at term 3 for changeToCandidate
2022-06-29 11:32:27,482 INFO  server.RaftServerConfigKeys (ConfUtils.java:logGet(46)) - raft.server.leaderelection.pre-vote = true (default)
2022-06-29 11:32:27,482 INFO  impl.RoleInfo (RoleInfo.java:updateAndGet(139)) - s2: start s2@group-54B4F2458EED-LeaderElection91
2022-06-29 11:32:27,483 INFO  impl.LeaderElection (LeaderElection.java:askForVotes(310)) - s2@group-54B4F2458EED-LeaderElection91 PRE_VOTE round 0: submit vote requests at term 3 for 28: [s0|rpc:localhost:46515|admin:localhost:40757|client:localhost:41939|dataStream:localhost:35593|priority:0, s1|rpc:localhost:34095|admin:localhost:43151|client:localhost:36051|dataStream:localhost:38995|priority:0, s2|rpc:localhost:40453|admin:localhost:33947|client:localhost:38503|dataStream:localhost:42009|priority:0], old=null
2022-06-29 11:32:27,485 INFO  server.RaftServer$Division (RaftServerImpl.java:requestVote(1152)) - s0@group-54B4F2458EED: receive requestVote(PRE_VOTE, s2, group-54B4F2458EED, 3, (t:3, i:31))
2022-06-29 11:32:27,485 WARN  server.GrpcServerProtocolService (LogUtils.java:warn(122)) - s0: Failed requestVote s2->s0#0: org.apache.ratis.protocol.exceptions.ServerNotReadyException: s0@group-54B4F2458EED is not in [RUNNING]: current state is CLOSED
2022-06-29 11:32:27,489 INFO  server.RaftServer$Division (RaftServerImpl.java:requestVote(1152)) - s1@group-54B4F2458EED: receive requestVote(PRE_VOTE, s2, group-54B4F2458EED, 3, (t:3, i:31))
2022-06-29 11:32:27,489 WARN  server.GrpcServerProtocolService (LogUtils.java:warn(122)) - s1: Failed requestVote s2->s1#0: org.apache.ratis.protocol.exceptions.ServerNotReadyException: s1@group-54B4F2458EED is not in [RUNNING]: current state is CLOSED
2022-06-29 11:32:27,490 INFO  impl.LeaderElection (LogUtils.java:infoOrTrace(137)) - s2@group-54B4F2458EED-LeaderElection91 got exception when requesting votes: java.util.concurrent.ExecutionException: org.apache.ratis.thirdparty.io.grpc.StatusRuntimeException: INTERNAL: s0@group-54B4F2458EED is not in [RUNNING]: current state is CLOSED
2022-06-29 11:32:27,490 INFO  impl.LeaderElection (LogUtils.java:infoOrTrace(137)) - s2@group-54B4F2458EED-LeaderElection91 got exception when requesting votes: java.util.concurrent.ExecutionException: org.apache.ratis.thirdparty.io.grpc.StatusRuntimeException: INTERNAL: s1@group-54B4F2458EED is not in [RUNNING]: current state is CLOSED
2022-06-29 11:32:27,490 INFO  impl.LeaderElection (LeaderElection.java:logAndReturn(90)) - s2@group-54B4F2458EED-LeaderElection91: PRE_VOTE REJECTED received 0 response(s) and 2 exception(s):
2022-06-29 11:32:27,490 INFO  impl.LeaderElection (LogUtils.java:infoOrTrace(137)) -   Exception 0: java.util.concurrent.ExecutionException: org.apache.ratis.thirdparty.io.grpc.StatusRuntimeException: INTERNAL: s0@group-54B4F2458EED is not in [RUNNING]: current state is CLOSED
2022-06-29 11:32:27,490 INFO  impl.LeaderElection (LogUtils.java:infoOrTrace(137)) -   Exception 1: java.util.concurrent.ExecutionException: org.apache.ratis.thirdparty.io.grpc.StatusRuntimeException: INTERNAL: s1@group-54B4F2458EED is not in [RUNNING]: current state is CLOSED
2022-06-29 11:32:27,491 INFO  impl.LeaderElection (LeaderElection.java:askForVotes(312)) - s2@group-54B4F2458EED-LeaderElection91 PRE_VOTE round 0: result REJECTED
2022-06-29 11:32:27,491 INFO  server.RaftServer$Division (RaftServerImpl.java:setRole(299)) - s2@group-54B4F2458EED: changes role from CANDIDATE to FOLLOWER at term 3 for REJECTED
2022-06-29 11:32:27,491 INFO  impl.RoleInfo (RoleInfo.java:shutdownLeaderElection(130)) - s2: shutdown s2@group-54B4F2458EED-LeaderElection91
2022-06-29 11:32:27,491 INFO  impl.RoleInfo (RoleInfo.java:updateAndGet(139)) - s2: start s2@group-54B4F2458EED-FollowerState
2022-06-29 11:32:27,702 INFO  impl.FollowerState (FollowerState.java:run(143)) - s2@group-54B4F2458EED-FollowerState: change to CANDIDATE, lastRpcElapsedTime:210787933ns, electionTimeout:210ms
2022-06-29 11:32:27,702 INFO  impl.RoleInfo (RoleInfo.java:shutdownFollowerState(110)) - s2: shutdown s2@group-54B4F2458EED-FollowerState
2022-06-29 11:32:27,702 INFO  server.RaftServer$Division (RaftServerImpl.java:setRole(299)) - s2@group-54B4F2458EED: changes role from  FOLLOWER to CANDIDATE at term 3 for changeToCandidate
2022-06-29 11:32:27,704 INFO  server.RaftServerConfigKeys (ConfUtils.java:logGet(46)) - raft.server.leaderelection.pre-vote = true (default)
2022-06-29 11:32:27,704 INFO  impl.RoleInfo (RoleInfo.java:updateAndGet(139)) - s2: start s2@group-54B4F2458EED-LeaderElection92
2022-06-29 11:32:27,709 INFO  impl.LeaderElection (LeaderElection.java:askForVotes(310)) - s2@group-54B4F2458EED-LeaderElection92 PRE_VOTE round 0: submit vote requests at term 3 for 28: [s0|rpc:localhost:46515|admin:localhost:40757|client:localhost:41939|dataStream:localhost:35593|priority:0, s1|rpc:localhost:34095|admin:localhost:43151|client:localhost:36051|dataStream:localhost:38995|priority:0, s2|rpc:localhost:40453|admin:localhost:33947|client:localhost:38503|dataStream:localhost:42009|priority:0], old=null
2022-06-29 11:32:27,720 INFO  server.RaftServer$Division (RaftServerImpl.java:requestVote(1152)) - s1@group-54B4F2458EED: receive requestVote(PRE_VOTE, s2, group-54B4F2458EED, 3, (t:3, i:31))
2022-06-29 11:32:27,720 WARN  server.GrpcServerProtocolService (LogUtils.java:warn(122)) - s1: Failed requestVote s2->s1#0: org.apache.ratis.protocol.exceptions.ServerNotReadyException: s1@group-54B4F2458EED is not in [RUNNING]: current state is CLOSED
2022-06-29 11:32:27,722 INFO  server.RaftServer$Division (RaftServerImpl.java:requestVote(1152)) - s0@group-54B4F2458EED: receive requestVote(PRE_VOTE, s2, group-54B4F2458EED, 3, (t:3, i:31))
2022-06-29 11:32:27,722 WARN  server.GrpcServerProtocolService (LogUtils.java:warn(122)) - s0: Failed requestVote s2->s0#0: org.apache.ratis.protocol.exceptions.ServerNotReadyException: s0@group-54B4F2458EED is not in [RUNNING]: current state is CLOSED
2022-06-29 11:32:27,727 INFO  impl.LeaderElection (LogUtils.java:infoOrTrace(137)) - s2@group-54B4F2458EED-LeaderElection92 got exception when requesting votes: java.util.concurrent.ExecutionException: org.apache.ratis.thirdparty.io.grpc.StatusRuntimeException: INTERNAL: s1@group-54B4F2458EED is not in [RUNNING]: current state is CLOSED
2022-06-29 11:32:27,727 INFO  impl.LeaderElection (LogUtils.java:infoOrTrace(137)) - s2@group-54B4F2458EED-LeaderElection92 got exception when requesting votes: java.util.concurrent.ExecutionException: org.apache.ratis.thirdparty.io.grpc.StatusRuntimeException: INTERNAL: s0@group-54B4F2458EED is not in [RUNNING]: current state is CLOSED
2022-06-29 11:32:27,727 INFO  impl.LeaderElection (LeaderElection.java:logAndReturn(90)) - s2@group-54B4F2458EED-LeaderElection92: PRE_VOTE REJECTED received 0 response(s) and 2 exception(s):
2022-06-29 11:32:27,727 INFO  impl.LeaderElection (LogUtils.java:infoOrTrace(137)) -   Exception 0: java.util.concurrent.ExecutionException: org.apache.ratis.thirdparty.io.grpc.StatusRuntimeException: INTERNAL: s1@group-54B4F2458EED is not in [RUNNING]: current state is CLOSED
2022-06-29 11:32:27,727 INFO  impl.LeaderElection (LogUtils.java:infoOrTrace(137)) -   Exception 1: java.util.concurrent.ExecutionException: org.apache.ratis.thirdparty.io.grpc.StatusRuntimeException: INTERNAL: s0@group-54B4F2458EED is not in [RUNNING]: current state is CLOSED
2022-06-29 11:32:27,730 INFO  impl.LeaderElection (LeaderElection.java:askForVotes(312)) - s2@group-54B4F2458EED-LeaderElection92 PRE_VOTE round 0: result REJECTED
2022-06-29 11:32:27,730 INFO  server.RaftServer$Division (RaftServerImpl.java:setRole(299)) - s2@group-54B4F2458EED: changes role from CANDIDATE to FOLLOWER at term 3 for REJECTED
2022-06-29 11:32:27,730 INFO  impl.RoleInfo (RoleInfo.java:shutdownLeaderElection(130)) - s2: shutdown s2@group-54B4F2458EED-LeaderElection92
2022-06-29 11:32:27,730 INFO  impl.RoleInfo (RoleInfo.java:updateAndGet(139)) - s2: start s2@group-54B4F2458EED-FollowerState
2022-06-29 11:32:28,018 INFO  impl.FollowerState (FollowerState.java:run(143)) - s2@group-54B4F2458EED-FollowerState: change to CANDIDATE, lastRpcElapsedTime:287688039ns, electionTimeout:284ms
2022-06-29 11:32:28,018 INFO  impl.RoleInfo (RoleInfo.java:shutdownFollowerState(110)) - s2: shutdown s2@group-54B4F2458EED-FollowerState
2022-06-29 11:32:28,018 INFO  server.RaftServer$Division (RaftServerImpl.java:setRole(299)) - s2@group-54B4F2458EED: changes role from  FOLLOWER to CANDIDATE at term 3 for changeToCandidate
2022-06-29 11:32:28,020 INFO  server.RaftServerConfigKeys (ConfUtils.java:logGet(46)) - raft.server.leaderelection.pre-vote = true (default)
2022-06-29 11:32:28,020 INFO  impl.RoleInfo (RoleInfo.java:updateAndGet(139)) - s2: start s2@group-54B4F2458EED-LeaderElection93
2022-06-29 11:32:28,024 INFO  impl.LeaderElection (LeaderElection.java:askForVotes(310)) - s2@group-54B4F2458EED-LeaderElection93 PRE_VOTE round 0: submit vote requests at term 3 for 28: [s0|rpc:localhost:46515|admin:localhost:40757|client:localhost:41939|dataStream:localhost:35593|priority:0, s1|rpc:localhost:34095|admin:localhost:43151|client:localhost:36051|dataStream:localhost:38995|priority:0, s2|rpc:localhost:40453|admin:localhost:33947|client:localhost:38503|dataStream:localhost:42009|priority:0], old=null
2022-06-29 11:32:28,027 INFO  server.RaftServer$Division (RaftServerImpl.java:requestVote(1152)) - s0@group-54B4F2458EED: receive requestVote(PRE_VOTE, s2, group-54B4F2458EED, 3, (t:3, i:31))
2022-06-29 11:32:28,027 WARN  server.GrpcServerProtocolService (LogUtils.java:warn(122)) - s0: Failed requestVote s2->s0#0: org.apache.ratis.protocol.exceptions.ServerNotReadyException: s0@group-54B4F2458EED is not in [RUNNING]: current state is CLOSED
2022-06-29 11:32:28,027 INFO  server.RaftServer$Division (RaftServerImpl.java:requestVote(1152)) - s1@group-54B4F2458EED: receive requestVote(PRE_VOTE, s2, group-54B4F2458EED, 3, (t:3, i:31))
2022-06-29 11:32:28,028 WARN  server.GrpcServerProtocolService (LogUtils.java:warn(122)) - s1: Failed requestVote s2->s1#0: org.apache.ratis.protocol.exceptions.ServerNotReadyException: s1@group-54B4F2458EED is not in [RUNNING]: current state is CLOSED
2022-06-29 11:32:28,028 INFO  impl.LeaderElection (LogUtils.java:infoOrTrace(137)) - s2@group-54B4F2458EED-LeaderElection93 got exception when requesting votes: java.util.concurrent.ExecutionException: org.apache.ratis.thirdparty.io.grpc.StatusRuntimeException: INTERNAL: s0@group-54B4F2458EED is not in [RUNNING]: current state is CLOSED
2022-06-29 11:32:28,029 INFO  impl.LeaderElection (LogUtils.java:infoOrTrace(137)) - s2@group-54B4F2458EED-LeaderElection93 got exception when requesting votes: java.util.concurrent.ExecutionException: org.apache.ratis.thirdparty.io.grpc.StatusRuntimeException: INTERNAL: s1@group-54B4F2458EED is not in [RUNNING]: current state is CLOSED
2022-06-29 11:32:28,029 INFO  impl.LeaderElection (LeaderElection.java:logAndReturn(90)) - s2@group-54B4F2458EED-LeaderElection93: PRE_VOTE REJECTED received 0 response(s) and 2 exception(s):
2022-06-29 11:32:28,029 INFO  impl.LeaderElection (LogUtils.java:infoOrTrace(137)) -   Exception 0: java.util.concurrent.ExecutionException: org.apache.ratis.thirdparty.io.grpc.StatusRuntimeException: INTERNAL: s0@group-54B4F2458EED is not in [RUNNING]: current state is CLOSED
2022-06-29 11:32:28,029 INFO  impl.LeaderElection (LogUtils.java:infoOrTrace(137)) -   Exception 1: java.util.concurrent.ExecutionException: org.apache.ratis.thirdparty.io.grpc.StatusRuntimeException: INTERNAL: s1@group-54B4F2458EED is not in [RUNNING]: current state is CLOSED
2022-06-29 11:32:28,029 INFO  impl.LeaderElection (LeaderElection.java:askForVotes(312)) - s2@group-54B4F2458EED-LeaderElection93 PRE_VOTE round 0: result REJECTED
2022-06-29 11:32:28,029 INFO  server.RaftServer$Division (RaftServerImpl.java:setRole(299)) - s2@group-54B4F2458EED: changes role from CANDIDATE to FOLLOWER at term 3 for REJECTED
2022-06-29 11:32:28,029 INFO  impl.RoleInfo (RoleInfo.java:shutdownLeaderElection(130)) - s2: shutdown s2@group-54B4F2458EED-LeaderElection93
2022-06-29 11:32:28,029 INFO  impl.RoleInfo (RoleInfo.java:updateAndGet(139)) - s2: start s2@group-54B4F2458EED-FollowerState
2022-06-29 11:32:28,217 INFO  impl.MiniRaftCluster (MiniRaftCluster.java:lambda$null$6(325)) - TIMED-PRINT: printing ALL groups
  s0:  RUNNING    LEADER s0@group-54B4F2458EED:t3, leader=s0, voted=s0, raftlog=s0@group-54B4F2458EED-SegmentedRaftLog:OPENED:c31, conf=28: [s0|rpc:localhost:46515|admin:localhost:40757|client:localhost:41939|dataStream:localhost:35593|priority:0, s1|rpc:localhost:34095|admin:localhost:43151|client:localhost:36051|dataStream:localhost:38995|priority:0, s2|rpc:localhost:40453|admin:localhost:33947|client:localhost:38503|dataStream:localhost:42009|priority:0], old=null CLOSED
  s1:  RUNNING    LEADER s1@group-54B4F2458EED:t2, leader=s1, voted=s1, raftlog=s1@group-54B4F2458EED-SegmentedRaftLog:OPENED:c24, conf=17: [s0|rpc:localhost:46515|admin:localhost:40757|client:localhost:41939|dataStream:localhost:35593|priority:0, s1|rpc:localhost:34095|admin:localhost:43151|client:localhost:36051|dataStream:localhost:38995|priority:0, s2|rpc:localhost:40453|admin:localhost:33947|client:localhost:38503|dataStream:localhost:42009|priority:0], old=null CLOSED
  s2:  RUNNING  FOLLOWER s2@group-54B4F2458EED:t3, leader=null, voted=s0, raftlog=s2@group-54B4F2458EED-SegmentedRaftLog:OPENED:c29, conf=28: [s0|rpc:localhost:46515|admin:localhost:40757|client:localhost:41939|dataStream:localhost:35593|priority:0, s1|rpc:localhost:34095|admin:localhost:43151|client:localhost:36051|dataStream:localhost:38995|priority:0, s2|rpc:localhost:40453|admin:localhost:33947|client:localhost:38503|dataStream:localhost:42009|priority:0], old=null RUNNING
2022-06-29 11:32:28,300 INFO  impl.FollowerState (FollowerState.java:run(143)) - s2@group-54B4F2458EED-FollowerState: change to CANDIDATE, lastRpcElapsedTime:270520980ns, electionTimeout:270ms
2022-06-29 11:32:28,300 INFO  impl.RoleInfo (RoleInfo.java:shutdownFollowerState(110)) - s2: shutdown s2@group-54B4F2458EED-FollowerState
2022-06-29 11:32:28,300 INFO  server.RaftServer$Division (RaftServerImpl.java:setRole(299)) - s2@group-54B4F2458EED: changes role from  FOLLOWER to CANDIDATE at term 3 for changeToCandidate
2022-06-29 11:32:28,301 INFO  server.RaftServerConfigKeys (ConfUtils.java:logGet(46)) - raft.server.leaderelection.pre-vote = true (default)
2022-06-29 11:32:28,301 INFO  impl.RoleInfo (RoleInfo.java:updateAndGet(139)) - s2: start s2@group-54B4F2458EED-LeaderElection94
2022-06-29 11:32:28,304 INFO  impl.LeaderElection (LeaderElection.java:askForVotes(310)) - s2@group-54B4F2458EED-LeaderElection94 PRE_VOTE round 0: submit vote requests at term 3 for 28: [s0|rpc:localhost:46515|admin:localhost:40757|client:localhost:41939|dataStream:localhost:35593|priority:0, s1|rpc:localhost:34095|admin:localhost:43151|client:localhost:36051|dataStream:localhost:38995|priority:0, s2|rpc:localhost:40453|admin:localhost:33947|client:localhost:38503|dataStream:localhost:42009|priority:0], old=null
2022-06-29 11:32:28,313 INFO  server.RaftServer$Division (RaftServerImpl.java:requestVote(1152)) - s0@group-54B4F2458EED: receive requestVote(PRE_VOTE, s2, group-54B4F2458EED, 3, (t:3, i:31))
2022-06-29 11:32:28,313 WARN  server.GrpcServerProtocolService (LogUtils.java:warn(122)) - s0: Failed requestVote s2->s0#0: org.apache.ratis.protocol.exceptions.ServerNotReadyException: s0@group-54B4F2458EED is not in [RUNNING]: current state is CLOSED
2022-06-29 11:32:28,321 INFO  impl.LeaderElection (LogUtils.java:infoOrTrace(137)) - s2@group-54B4F2458EED-LeaderElection94 got exception when requesting votes: java.util.concurrent.ExecutionException: org.apache.ratis.thirdparty.io.grpc.StatusRuntimeException: INTERNAL: s0@group-54B4F2458EED is not in [RUNNING]: current state is CLOSED
2022-06-29 11:32:28,322 INFO  server.RaftServer$Division (RaftServerImpl.java:requestVote(1152)) - s1@group-54B4F2458EED: receive requestVote(PRE_VOTE, s2, group-54B4F2458EED, 3, (t:3, i:31))
2022-06-29 11:32:28,322 WARN  server.GrpcServerProtocolService (LogUtils.java:warn(122)) - s1: Failed requestVote s2->s1#0: org.apache.ratis.protocol.exceptions.ServerNotReadyException: s1@group-54B4F2458EED is not in [RUNNING]: current state is CLOSED
2022-06-29 11:32:28,328 INFO  impl.LeaderElection (LogUtils.java:infoOrTrace(137)) - s2@group-54B4F2458EED-LeaderElection94 got exception when requesting votes: java.util.concurrent.ExecutionException: org.apache.ratis.thirdparty.io.grpc.StatusRuntimeException: INTERNAL: s1@group-54B4F2458EED is not in [RUNNING]: current state is CLOSED
2022-06-29 11:32:28,329 INFO  impl.LeaderElection (LeaderElection.java:logAndReturn(90)) - s2@group-54B4F2458EED-LeaderElection94: PRE_VOTE REJECTED received 0 response(s) and 2 exception(s):
2022-06-29 11:32:28,329 INFO  impl.LeaderElection (LogUtils.java:infoOrTrace(137)) -   Exception 0: java.util.concurrent.ExecutionException: org.apache.ratis.thirdparty.io.grpc.StatusRuntimeException: INTERNAL: s0@group-54B4F2458EED is not in [RUNNING]: current state is CLOSED
2022-06-29 11:32:28,329 INFO  impl.LeaderElection (LogUtils.java:infoOrTrace(137)) -   Exception 1: java.util.concurrent.ExecutionException: org.apache.ratis.thirdparty.io.grpc.StatusRuntimeException: INTERNAL: s1@group-54B4F2458EED is not in [RUNNING]: current state is CLOSED
2022-06-29 11:32:28,330 INFO  impl.LeaderElection (LeaderElection.java:askForVotes(312)) - s2@group-54B4F2458EED-LeaderElection94 PRE_VOTE round 0: result REJECTED
2022-06-29 11:32:28,330 INFO  server.RaftServer$Division (RaftServerImpl.java:setRole(299)) - s2@group-54B4F2458EED: changes role from CANDIDATE to FOLLOWER at term 3 for REJECTED
2022-06-29 11:32:28,330 INFO  impl.RoleInfo (RoleInfo.java:shutdownLeaderElection(130)) - s2: shutdown s2@group-54B4F2458EED-LeaderElection94
2022-06-29 11:32:28,330 INFO  impl.RoleInfo (RoleInfo.java:updateAndGet(139)) - s2: start s2@group-54B4F2458EED-FollowerState
2022-06-29 11:32:28,494 INFO  impl.FollowerState (FollowerState.java:run(143)) - s2@group-54B4F2458EED-FollowerState: change to CANDIDATE, lastRpcElapsedTime:164190055ns, electionTimeout:161ms
2022-06-29 11:32:28,495 INFO  impl.RoleInfo (RoleInfo.java:shutdownFollowerState(110)) - s2: shutdown s2@group-54B4F2458EED-FollowerState
2022-06-29 11:32:28,495 INFO  server.RaftServer$Division (RaftServerImpl.java:setRole(299)) - s2@group-54B4F2458EED: changes role from  FOLLOWER to CANDIDATE at term 3 for changeToCandidate
2022-06-29 11:32:28,497 INFO  server.RaftServerConfigKeys (ConfUtils.java:logGet(46)) - raft.server.leaderelection.pre-vote = true (default)
2022-06-29 11:32:28,497 INFO  impl.RoleInfo (RoleInfo.java:updateAndGet(139)) - s2: start s2@group-54B4F2458EED-LeaderElection95
2022-06-29 11:32:28,500 INFO  impl.LeaderElection (LeaderElection.java:askForVotes(310)) - s2@group-54B4F2458EED-LeaderElection95 PRE_VOTE round 0: submit vote requests at term 3 for 28: [s0|rpc:localhost:46515|admin:localhost:40757|client:localhost:41939|dataStream:localhost:35593|priority:0, s1|rpc:localhost:34095|admin:localhost:43151|client:localhost:36051|dataStream:localhost:38995|priority:0, s2|rpc:localhost:40453|admin:localhost:33947|client:localhost:38503|dataStream:localhost:42009|priority:0], old=null
2022-06-29 11:32:28,510 INFO  server.RaftServer$Division (RaftServerImpl.java:requestVote(1152)) - s1@group-54B4F2458EED: receive requestVote(PRE_VOTE, s2, group-54B4F2458EED, 3, (t:3, i:31))
2022-06-29 11:32:28,510 WARN  server.GrpcServerProtocolService (LogUtils.java:warn(122)) - s1: Failed requestVote s2->s1#0: org.apache.ratis.protocol.exceptions.ServerNotReadyException: s1@group-54B4F2458EED is not in [RUNNING]: current state is CLOSED
2022-06-29 11:32:28,511 INFO  server.RaftServer$Division (RaftServerImpl.java:requestVote(1152)) - s0@group-54B4F2458EED: receive requestVote(PRE_VOTE, s2, group-54B4F2458EED, 3, (t:3, i:31))
2022-06-29 11:32:28,511 WARN  server.GrpcServerProtocolService (LogUtils.java:warn(122)) - s0: Failed requestVote s2->s0#0: org.apache.ratis.protocol.exceptions.ServerNotReadyException: s0@group-54B4F2458EED is not in [RUNNING]: current state is CLOSED
2022-06-29 11:32:28,522 INFO  impl.LeaderElection (LogUtils.java:infoOrTrace(137)) - s2@group-54B4F2458EED-LeaderElection95 got exception when requesting votes: java.util.concurrent.ExecutionException: org.apache.ratis.thirdparty.io.grpc.StatusRuntimeException: INTERNAL: s1@group-54B4F2458EED is not in [RUNNING]: current state is CLOSED
2022-06-29 11:32:28,522 INFO  impl.LeaderElection (LogUtils.java:infoOrTrace(137)) - s2@group-54B4F2458EED-LeaderElection95 got exception when requesting votes: java.util.concurrent.ExecutionException: org.apache.ratis.thirdparty.io.grpc.StatusRuntimeException: INTERNAL: s0@group-54B4F2458EED is not in [RUNNING]: current state is CLOSED
2022-06-29 11:32:28,522 INFO  impl.LeaderElection (LeaderElection.java:logAndReturn(90)) - s2@group-54B4F2458EED-LeaderElection95: PRE_VOTE REJECTED received 0 response(s) and 2 exception(s):
2022-06-29 11:32:28,522 INFO  impl.LeaderElection (LogUtils.java:infoOrTrace(137)) -   Exception 0: java.util.concurrent.ExecutionException: org.apache.ratis.thirdparty.io.grpc.StatusRuntimeException: INTERNAL: s1@group-54B4F2458EED is not in [RUNNING]: current state is CLOSED
2022-06-29 11:32:28,522 INFO  impl.LeaderElection (LogUtils.java:infoOrTrace(137)) -   Exception 1: java.util.concurrent.ExecutionException: org.apache.ratis.thirdparty.io.grpc.StatusRuntimeException: INTERNAL: s0@group-54B4F2458EED is not in [RUNNING]: current state is CLOSED
2022-06-29 11:32:28,522 INFO  impl.LeaderElection (LeaderElection.java:askForVotes(312)) - s2@group-54B4F2458EED-LeaderElection95 PRE_VOTE round 0: result REJECTED
2022-06-29 11:32:28,522 INFO  server.RaftServer$Division (RaftServerImpl.java:setRole(299)) - s2@group-54B4F2458EED: changes role from CANDIDATE to FOLLOWER at term 3 for REJECTED
2022-06-29 11:32:28,522 INFO  impl.RoleInfo (RoleInfo.java:shutdownLeaderElection(130)) - s2: shutdown s2@group-54B4F2458EED-LeaderElection95
2022-06-29 11:32:28,522 INFO  impl.RoleInfo (RoleInfo.java:updateAndGet(139)) - s2: start s2@group-54B4F2458EED-FollowerState
2022-06-29 11:32:28,742 INFO  impl.FollowerState (FollowerState.java:run(143)) - s2@group-54B4F2458EED-FollowerState: change to CANDIDATE, lastRpcElapsedTime:219683150ns, electionTimeout:215ms
2022-06-29 11:32:28,742 INFO  impl.RoleInfo (RoleInfo.java:shutdownFollowerState(110)) - s2: shutdown s2@group-54B4F2458EED-FollowerState
2022-06-29 11:32:28,742 INFO  server.RaftServer$Division (RaftServerImpl.java:setRole(299)) - s2@group-54B4F2458EED: changes role from  FOLLOWER to CANDIDATE at term 3 for changeToCandidate
2022-06-29 11:32:28,742 INFO  server.RaftServerConfigKeys (ConfUtils.java:logGet(46)) - raft.server.leaderelection.pre-vote = true (default)
2022-06-29 11:32:28,743 INFO  impl.RoleInfo (RoleInfo.java:updateAndGet(139)) - s2: start s2@group-54B4F2458EED-LeaderElection96
2022-06-29 11:32:28,746 INFO  impl.LeaderElection (LeaderElection.java:askForVotes(310)) - s2@group-54B4F2458EED-LeaderElection96 PRE_VOTE round 0: submit vote requests at term 3 for 28: [s0|rpc:localhost:46515|admin:localhost:40757|client:localhost:41939|dataStream:localhost:35593|priority:0, s1|rpc:localhost:34095|admin:localhost:43151|client:localhost:36051|dataStream:localhost:38995|priority:0, s2|rpc:localhost:40453|admin:localhost:33947|client:localhost:38503|dataStream:localhost:42009|priority:0], old=null
2022-06-29 11:32:28,754 INFO  server.RaftServer$Division (RaftServerImpl.java:requestVote(1152)) - s0@group-54B4F2458EED: receive requestVote(PRE_VOTE, s2, group-54B4F2458EED, 3, (t:3, i:31))
2022-06-29 11:32:28,754 WARN  server.GrpcServerProtocolService (LogUtils.java:warn(122)) - s0: Failed requestVote s2->s0#0: org.apache.ratis.protocol.exceptions.ServerNotReadyException: s0@group-54B4F2458EED is not in [RUNNING]: current state is CLOSED
2022-06-29 11:32:28,755 INFO  server.RaftServer$Division (RaftServerImpl.java:requestVote(1152)) - s1@group-54B4F2458EED: receive requestVote(PRE_VOTE, s2, group-54B4F2458EED, 3, (t:3, i:31))
2022-06-29 11:32:28,755 WARN  server.GrpcServerProtocolService (LogUtils.java:warn(122)) - s1: Failed requestVote s2->s1#0: org.apache.ratis.protocol.exceptions.ServerNotReadyException: s1@group-54B4F2458EED is not in [RUNNING]: current state is CLOSED
2022-06-29 11:32:28,759 INFO  impl.LeaderElection (LogUtils.java:infoOrTrace(137)) - s2@group-54B4F2458EED-LeaderElection96 got exception when requesting votes: java.util.concurrent.ExecutionException: org.apache.ratis.thirdparty.io.grpc.StatusRuntimeException: INTERNAL: s1@group-54B4F2458EED is not in [RUNNING]: current state is CLOSED
2022-06-29 11:32:28,760 INFO  impl.LeaderElection (LogUtils.java:infoOrTrace(137)) - s2@group-54B4F2458EED-LeaderElection96 got exception when requesting votes: java.util.concurrent.ExecutionException: org.apache.ratis.thirdparty.io.grpc.StatusRuntimeException: INTERNAL: s0@group-54B4F2458EED is not in [RUNNING]: current state is CLOSED
2022-06-29 11:32:28,760 INFO  impl.LeaderElection (LeaderElection.java:logAndReturn(90)) - s2@group-54B4F2458EED-LeaderElection96: PRE_VOTE REJECTED received 0 response(s) and 2 exception(s):
2022-06-29 11:32:28,760 INFO  impl.LeaderElection (LogUtils.java:infoOrTrace(137)) -   Exception 0: java.util.concurrent.ExecutionException: org.apache.ratis.thirdparty.io.grpc.StatusRuntimeException: INTERNAL: s1@group-54B4F2458EED is not in [RUNNING]: current state is CLOSED
2022-06-29 11:32:28,760 INFO  impl.LeaderElection (LogUtils.java:infoOrTrace(137)) -   Exception 1: java.util.concurrent.ExecutionException: org.apache.ratis.thirdparty.io.grpc.StatusRuntimeException: INTERNAL: s0@group-54B4F2458EED is not in [RUNNING]: current state is CLOSED
2022-06-29 11:32:28,760 INFO  impl.LeaderElection (LeaderElection.java:askForVotes(312)) - s2@group-54B4F2458EED-LeaderElection96 PRE_VOTE round 0: result REJECTED
2022-06-29 11:32:28,760 INFO  server.RaftServer$Division (RaftServerImpl.java:setRole(299)) - s2@group-54B4F2458EED: changes role from CANDIDATE to FOLLOWER at term 3 for REJECTED
2022-06-29 11:32:28,760 INFO  impl.RoleInfo (RoleInfo.java:shutdownLeaderElection(130)) - s2: shutdown s2@group-54B4F2458EED-LeaderElection96
2022-06-29 11:32:28,760 INFO  impl.RoleInfo (RoleInfo.java:updateAndGet(139)) - s2: start s2@group-54B4F2458EED-FollowerState
2022-06-29 11:32:28,961 INFO  impl.FollowerState (FollowerState.java:run(143)) - s2@group-54B4F2458EED-FollowerState: change to CANDIDATE, lastRpcElapsedTime:200877781ns, electionTimeout:197ms
2022-06-29 11:32:28,961 INFO  impl.RoleInfo (RoleInfo.java:shutdownFollowerState(110)) - s2: shutdown s2@group-54B4F2458EED-FollowerState
2022-06-29 11:32:28,961 INFO  server.RaftServer$Division (RaftServerImpl.java:setRole(299)) - s2@group-54B4F2458EED: changes role from  FOLLOWER to CANDIDATE at term 3 for changeToCandidate
2022-06-29 11:32:28,962 INFO  server.RaftServerConfigKeys (ConfUtils.java:logGet(46)) - raft.server.leaderelection.pre-vote = true (default)
2022-06-29 11:32:28,962 INFO  impl.RoleInfo (RoleInfo.java:updateAndGet(139)) - s2: start s2@group-54B4F2458EED-LeaderElection97
2022-06-29 11:32:28,964 INFO  impl.LeaderElection (LeaderElection.java:askForVotes(310)) - s2@group-54B4F2458EED-LeaderElection97 PRE_VOTE round 0: submit vote requests at term 3 for 28: [s0|rpc:localhost:46515|admin:localhost:40757|client:localhost:41939|dataStream:localhost:35593|priority:0, s1|rpc:localhost:34095|admin:localhost:43151|client:localhost:36051|dataStream:localhost:38995|priority:0, s2|rpc:localhost:40453|admin:localhost:33947|client:localhost:38503|dataStream:localhost:42009|priority:0], old=null
2022-06-29 11:32:28,970 INFO  server.RaftServer$Division (RaftServerImpl.java:requestVote(1152)) - s1@group-54B4F2458EED: receive requestVote(PRE_VOTE, s2, group-54B4F2458EED, 3, (t:3, i:31))
2022-06-29 11:32:28,970 WARN  server.GrpcServerProtocolService (LogUtils.java:warn(122)) - s1: Failed requestVote s2->s1#0: org.apache.ratis.protocol.exceptions.ServerNotReadyException: s1@group-54B4F2458EED is not in [RUNNING]: current state is CLOSED
2022-06-29 11:32:28,971 INFO  server.RaftServer$Division (RaftServerImpl.java:requestVote(1152)) - s0@group-54B4F2458EED: receive requestVote(PRE_VOTE, s2, group-54B4F2458EED, 3, (t:3, i:31))
2022-06-29 11:32:28,971 WARN  server.GrpcServerProtocolService (LogUtils.java:warn(122)) - s0: Failed requestVote s2->s0#0: org.apache.ratis.protocol.exceptions.ServerNotReadyException: s0@group-54B4F2458EED is not in [RUNNING]: current state is CLOSED
2022-06-29 11:32:29,031 INFO  impl.LeaderElection (LogUtils.java:infoOrTrace(137)) - s2@group-54B4F2458EED-LeaderElection97 got exception when requesting votes: java.util.concurrent.ExecutionException: org.apache.ratis.thirdparty.io.grpc.StatusRuntimeException: INTERNAL: s1@group-54B4F2458EED is not in [RUNNING]: current state is CLOSED
2022-06-29 11:32:29,031 INFO  impl.LeaderElection (LogUtils.java:infoOrTrace(137)) - s2@group-54B4F2458EED-LeaderElection97 got exception when requesting votes: java.util.concurrent.ExecutionException: org.apache.ratis.thirdparty.io.grpc.StatusRuntimeException: INTERNAL: s0@group-54B4F2458EED is not in [RUNNING]: current state is CLOSED
2022-06-29 11:32:29,031 INFO  impl.LeaderElection (LeaderElection.java:logAndReturn(90)) - s2@group-54B4F2458EED-LeaderElection97: PRE_VOTE REJECTED received 0 response(s) and 2 exception(s):
2022-06-29 11:32:29,031 INFO  impl.LeaderElection (LogUtils.java:infoOrTrace(137)) -   Exception 0: java.util.concurrent.ExecutionException: org.apache.ratis.thirdparty.io.grpc.StatusRuntimeException: INTERNAL: s1@group-54B4F2458EED is not in [RUNNING]: current state is CLOSED
2022-06-29 11:32:29,031 INFO  impl.LeaderElection (LogUtils.java:infoOrTrace(137)) -   Exception 1: java.util.concurrent.ExecutionException: org.apache.ratis.thirdparty.io.grpc.StatusRuntimeException: INTERNAL: s0@group-54B4F2458EED is not in [RUNNING]: current state is CLOSED
2022-06-29 11:32:29,033 INFO  impl.LeaderElection (LeaderElection.java:askForVotes(312)) - s2@group-54B4F2458EED-LeaderElection97 PRE_VOTE round 0: result REJECTED
2022-06-29 11:32:29,033 INFO  server.RaftServer$Division (RaftServerImpl.java:setRole(299)) - s2@group-54B4F2458EED: changes role from CANDIDATE to FOLLOWER at term 3 for REJECTED
2022-06-29 11:32:29,033 INFO  impl.RoleInfo (RoleInfo.java:shutdownLeaderElection(130)) - s2: shutdown s2@group-54B4F2458EED-LeaderElection97
2022-06-29 11:32:29,033 INFO  impl.RoleInfo (RoleInfo.java:updateAndGet(139)) - s2: start s2@group-54B4F2458EED-FollowerState
2022-06-29 11:32:29,192 INFO  impl.FollowerState (FollowerState.java:run(143)) - s2@group-54B4F2458EED-FollowerState: change to CANDIDATE, lastRpcElapsedTime:159466679ns, electionTimeout:152ms
2022-06-29 11:32:29,192 INFO  impl.RoleInfo (RoleInfo.java:shutdownFollowerState(110)) - s2: shutdown s2@group-54B4F2458EED-FollowerState
2022-06-29 11:32:29,192 INFO  server.RaftServer$Division (RaftServerImpl.java:setRole(299)) - s2@group-54B4F2458EED: changes role from  FOLLOWER to CANDIDATE at term 3 for changeToCandidate
2022-06-29 11:32:29,196 INFO  server.RaftServerConfigKeys (ConfUtils.java:logGet(46)) - raft.server.leaderelection.pre-vote = true (default)
2022-06-29 11:32:29,196 INFO  impl.RoleInfo (RoleInfo.java:updateAndGet(139)) - s2: start s2@group-54B4F2458EED-LeaderElection98
2022-06-29 11:32:29,200 INFO  impl.LeaderElection (LeaderElection.java:askForVotes(310)) - s2@group-54B4F2458EED-LeaderElection98 PRE_VOTE round 0: submit vote requests at term 3 for 28: [s0|rpc:localhost:46515|admin:localhost:40757|client:localhost:41939|dataStream:localhost:35593|priority:0, s1|rpc:localhost:34095|admin:localhost:43151|client:localhost:36051|dataStream:localhost:38995|priority:0, s2|rpc:localhost:40453|admin:localhost:33947|client:localhost:38503|dataStream:localhost:42009|priority:0], old=null
2022-06-29 11:32:29,211 INFO  server.RaftServer$Division (RaftServerImpl.java:requestVote(1152)) - s0@group-54B4F2458EED: receive requestVote(PRE_VOTE, s2, group-54B4F2458EED, 3, (t:3, i:31))
2022-06-29 11:32:29,211 WARN  server.GrpcServerProtocolService (LogUtils.java:warn(122)) - s0: Failed requestVote s2->s0#0: org.apache.ratis.protocol.exceptions.ServerNotReadyException: s0@group-54B4F2458EED is not in [RUNNING]: current state is CLOSED
2022-06-29 11:32:29,211 INFO  server.RaftServer$Division (RaftServerImpl.java:requestVote(1152)) - s1@group-54B4F2458EED: receive requestVote(PRE_VOTE, s2, group-54B4F2458EED, 3, (t:3, i:31))
2022-06-29 11:32:29,211 WARN  server.GrpcServerProtocolService (LogUtils.java:warn(122)) - s1: Failed requestVote s2->s1#0: org.apache.ratis.protocol.exceptions.ServerNotReadyException: s1@group-54B4F2458EED is not in [RUNNING]: current state is CLOSED
2022-06-29 11:32:29,214 INFO  impl.LeaderElection (LogUtils.java:infoOrTrace(137)) - s2@group-54B4F2458EED-LeaderElection98 got exception when requesting votes: java.util.concurrent.ExecutionException: org.apache.ratis.thirdparty.io.grpc.StatusRuntimeException: INTERNAL: s0@group-54B4F2458EED is not in [RUNNING]: current state is CLOSED
2022-06-29 11:32:29,214 INFO  impl.LeaderElection (LogUtils.java:infoOrTrace(137)) - s2@group-54B4F2458EED-LeaderElection98 got exception when requesting votes: java.util.concurrent.ExecutionException: org.apache.ratis.thirdparty.io.grpc.StatusRuntimeException: INTERNAL: s1@group-54B4F2458EED is not in [RUNNING]: current state is CLOSED
2022-06-29 11:32:29,214 INFO  impl.LeaderElection (LeaderElection.java:logAndReturn(90)) - s2@group-54B4F2458EED-LeaderElection98: PRE_VOTE REJECTED received 0 response(s) and 2 exception(s):
2022-06-29 11:32:29,214 INFO  impl.LeaderElection (LogUtils.java:infoOrTrace(137)) -   Exception 0: java.util.concurrent.ExecutionException: org.apache.ratis.thirdparty.io.grpc.StatusRuntimeException: INTERNAL: s0@group-54B4F2458EED is not in [RUNNING]: current state is CLOSED
2022-06-29 11:32:29,214 INFO  impl.LeaderElection (LogUtils.java:infoOrTrace(137)) -   Exception 1: java.util.concurrent.ExecutionException: org.apache.ratis.thirdparty.io.grpc.StatusRuntimeException: INTERNAL: s1@group-54B4F2458EED is not in [RUNNING]: current state is CLOSED
2022-06-29 11:32:29,214 INFO  impl.LeaderElection (LeaderElection.java:askForVotes(312)) - s2@group-54B4F2458EED-LeaderElection98 PRE_VOTE round 0: result REJECTED
2022-06-29 11:32:29,214 INFO  server.RaftServer$Division (RaftServerImpl.java:setRole(299)) - s2@group-54B4F2458EED: changes role from CANDIDATE to FOLLOWER at term 3 for REJECTED
2022-06-29 11:32:29,214 INFO  impl.RoleInfo (RoleInfo.java:shutdownLeaderElection(130)) - s2: shutdown s2@group-54B4F2458EED-LeaderElection98
2022-06-29 11:32:29,214 INFO  impl.RoleInfo (RoleInfo.java:updateAndGet(139)) - s2: start s2@group-54B4F2458EED-FollowerState
2022-06-29 11:32:29,467 INFO  impl.FollowerState (FollowerState.java:run(143)) - s2@group-54B4F2458EED-FollowerState: change to CANDIDATE, lastRpcElapsedTime:252860715ns, electionTimeout:251ms
2022-06-29 11:32:29,467 INFO  impl.RoleInfo (RoleInfo.java:shutdownFollowerState(110)) - s2: shutdown s2@group-54B4F2458EED-FollowerState
2022-06-29 11:32:29,468 INFO  server.RaftServer$Division (RaftServerImpl.java:setRole(299)) - s2@group-54B4F2458EED: changes role from  FOLLOWER to CANDIDATE at term 3 for changeToCandidate
2022-06-29 11:32:29,468 INFO  server.RaftServerConfigKeys (ConfUtils.java:logGet(46)) - raft.server.leaderelection.pre-vote = true (default)
2022-06-29 11:32:29,468 INFO  impl.RoleInfo (RoleInfo.java:updateAndGet(139)) - s2: start s2@group-54B4F2458EED-LeaderElection99
2022-06-29 11:32:29,471 INFO  impl.LeaderElection (LeaderElection.java:askForVotes(310)) - s2@group-54B4F2458EED-LeaderElection99 PRE_VOTE round 0: submit vote requests at term 3 for 28: [s0|rpc:localhost:46515|admin:localhost:40757|client:localhost:41939|dataStream:localhost:35593|priority:0, s1|rpc:localhost:34095|admin:localhost:43151|client:localhost:36051|dataStream:localhost:38995|priority:0, s2|rpc:localhost:40453|admin:localhost:33947|client:localhost:38503|dataStream:localhost:42009|priority:0], old=null
2022-06-29 11:32:29,478 INFO  server.RaftServer$Division (RaftServerImpl.java:requestVote(1152)) - s0@group-54B4F2458EED: receive requestVote(PRE_VOTE, s2, group-54B4F2458EED, 3, (t:3, i:31))
2022-06-29 11:32:29,478 WARN  server.GrpcServerProtocolService (LogUtils.java:warn(122)) - s0: Failed requestVote s2->s0#0: org.apache.ratis.protocol.exceptions.ServerNotReadyException: s0@group-54B4F2458EED is not in [RUNNING]: current state is CLOSED
2022-06-29 11:32:29,480 INFO  server.RaftServer$Division (RaftServerImpl.java:requestVote(1152)) - s1@group-54B4F2458EED: receive requestVote(PRE_VOTE, s2, group-54B4F2458EED, 3, (t:3, i:31))
2022-06-29 11:32:29,480 WARN  server.GrpcServerProtocolService (LogUtils.java:warn(122)) - s1: Failed requestVote s2->s1#0: org.apache.ratis.protocol.exceptions.ServerNotReadyException: s1@group-54B4F2458EED is not in [RUNNING]: current state is CLOSED
2022-06-29 11:32:29,486 INFO  impl.LeaderElection (LogUtils.java:infoOrTrace(137)) - s2@group-54B4F2458EED-LeaderElection99 got exception when requesting votes: java.util.concurrent.ExecutionException: org.apache.ratis.thirdparty.io.grpc.StatusRuntimeException: INTERNAL: s0@group-54B4F2458EED is not in [RUNNING]: current state is CLOSED
2022-06-29 11:32:29,486 INFO  impl.LeaderElection (LogUtils.java:infoOrTrace(137)) - s2@group-54B4F2458EED-LeaderElection99 got exception when requesting votes: java.util.concurrent.ExecutionException: org.apache.ratis.thirdparty.io.grpc.StatusRuntimeException: INTERNAL: s1@group-54B4F2458EED is not in [RUNNING]: current state is CLOSED
2022-06-29 11:32:29,486 INFO  impl.LeaderElection (LeaderElection.java:logAndReturn(90)) - s2@group-54B4F2458EED-LeaderElection99: PRE_VOTE REJECTED received 0 response(s) and 2 exception(s):
2022-06-29 11:32:29,486 INFO  impl.LeaderElection (LogUtils.java:infoOrTrace(137)) -   Exception 0: java.util.concurrent.ExecutionException: org.apache.ratis.thirdparty.io.grpc.StatusRuntimeException: INTERNAL: s0@group-54B4F2458EED is not in [RUNNING]: current state is CLOSED
2022-06-29 11:32:29,486 INFO  impl.LeaderElection (LogUtils.java:infoOrTrace(137)) -   Exception 1: java.util.concurrent.ExecutionException: org.apache.ratis.thirdparty.io.grpc.StatusRuntimeException: INTERNAL: s1@group-54B4F2458EED is not in [RUNNING]: current state is CLOSED
2022-06-29 11:32:29,486 INFO  impl.LeaderElection (LeaderElection.java:askForVotes(312)) - s2@group-54B4F2458EED-LeaderElection99 PRE_VOTE round 0: result REJECTED
2022-06-29 11:32:29,486 INFO  server.RaftServer$Division (RaftServerImpl.java:setRole(299)) - s2@group-54B4F2458EED: changes role from CANDIDATE to FOLLOWER at term 3 for REJECTED
2022-06-29 11:32:29,486 INFO  impl.RoleInfo (RoleInfo.java:shutdownLeaderElection(130)) - s2: shutdown s2@group-54B4F2458EED-LeaderElection99
2022-06-29 11:32:29,487 INFO  impl.RoleInfo (RoleInfo.java:updateAndGet(139)) - s2: start s2@group-54B4F2458EED-FollowerState
2022-06-29 11:32:29,651 INFO  impl.FollowerState (FollowerState.java:run(143)) - s2@group-54B4F2458EED-FollowerState: change to CANDIDATE, lastRpcElapsedTime:164137346ns, electionTimeout:159ms
2022-06-29 11:32:29,651 INFO  impl.RoleInfo (RoleInfo.java:shutdownFollowerState(110)) - s2: shutdown s2@group-54B4F2458EED-FollowerState
2022-06-29 11:32:29,651 INFO  server.RaftServer$Division (RaftServerImpl.java:setRole(299)) - s2@group-54B4F2458EED: changes role from  FOLLOWER to CANDIDATE at term 3 for changeToCandidate
2022-06-29 11:32:29,655 INFO  server.RaftServerConfigKeys (ConfUtils.java:logGet(46)) - raft.server.leaderelection.pre-vote = true (default)
2022-06-29 11:32:29,655 INFO  impl.RoleInfo (RoleInfo.java:updateAndGet(139)) - s2: start s2@group-54B4F2458EED-LeaderElection100
2022-06-29 11:32:29,661 INFO  impl.LeaderElection (LeaderElection.java:askForVotes(310)) - s2@group-54B4F2458EED-LeaderElection100 PRE_VOTE round 0: submit vote requests at term 3 for 28: [s0|rpc:localhost:46515|admin:localhost:40757|client:localhost:41939|dataStream:localhost:35593|priority:0, s1|rpc:localhost:34095|admin:localhost:43151|client:localhost:36051|dataStream:localhost:38995|priority:0, s2|rpc:localhost:40453|admin:localhost:33947|client:localhost:38503|dataStream:localhost:42009|priority:0], old=null
2022-06-29 11:32:29,677 INFO  server.RaftServer$Division (RaftServerImpl.java:requestVote(1152)) - s0@group-54B4F2458EED: receive requestVote(PRE_VOTE, s2, group-54B4F2458EED, 3, (t:3, i:31))
2022-06-29 11:32:29,677 WARN  server.GrpcServerProtocolService (LogUtils.java:warn(122)) - s0: Failed requestVote s2->s0#0: org.apache.ratis.protocol.exceptions.ServerNotReadyException: s0@group-54B4F2458EED is not in [RUNNING]: current state is CLOSED
2022-06-29 11:32:29,677 INFO  server.RaftServer$Division (RaftServerImpl.java:requestVote(1152)) - s1@group-54B4F2458EED: receive requestVote(PRE_VOTE, s2, group-54B4F2458EED, 3, (t:3, i:31))
2022-06-29 11:32:29,677 WARN  server.GrpcServerProtocolService (LogUtils.java:warn(122)) - s1: Failed requestVote s2->s1#0: org.apache.ratis.protocol.exceptions.ServerNotReadyException: s1@group-54B4F2458EED is not in [RUNNING]: current state is CLOSED
2022-06-29 11:32:29,679 INFO  impl.LeaderElection (LogUtils.java:infoOrTrace(137)) - s2@group-54B4F2458EED-LeaderElection100 got exception when requesting votes: java.util.concurrent.ExecutionException: org.apache.ratis.thirdparty.io.grpc.StatusRuntimeException: INTERNAL: s1@group-54B4F2458EED is not in [RUNNING]: current state is CLOSED
2022-06-29 11:32:29,680 INFO  impl.LeaderElection (LogUtils.java:infoOrTrace(137)) - s2@group-54B4F2458EED-LeaderElection100 got exception when requesting votes: java.util.concurrent.ExecutionException: org.apache.ratis.thirdparty.io.grpc.StatusRuntimeException: INTERNAL: s0@group-54B4F2458EED is not in [RUNNING]: current state is CLOSED
2022-06-29 11:32:29,680 INFO  impl.LeaderElection (LeaderElection.java:logAndReturn(90)) - s2@group-54B4F2458EED-LeaderElection100: PRE_VOTE REJECTED received 0 response(s) and 2 exception(s):
2022-06-29 11:32:29,680 INFO  impl.LeaderElection (LogUtils.java:infoOrTrace(137)) -   Exception 0: java.util.concurrent.ExecutionException: org.apache.ratis.thirdparty.io.grpc.StatusRuntimeException: INTERNAL: s1@group-54B4F2458EED is not in [RUNNING]: current state is CLOSED
2022-06-29 11:32:29,680 INFO  impl.LeaderElection (LogUtils.java:infoOrTrace(137)) -   Exception 1: java.util.concurrent.ExecutionException: org.apache.ratis.thirdparty.io.grpc.StatusRuntimeException: INTERNAL: s0@group-54B4F2458EED is not in [RUNNING]: current state is CLOSED
2022-06-29 11:32:29,680 INFO  impl.LeaderElection (LeaderElection.java:askForVotes(312)) - s2@group-54B4F2458EED-LeaderElection100 PRE_VOTE round 0: result REJECTED
2022-06-29 11:32:29,680 INFO  server.RaftServer$Division (RaftServerImpl.java:setRole(299)) - s2@group-54B4F2458EED: changes role from CANDIDATE to FOLLOWER at term 3 for REJECTED
2022-06-29 11:32:29,680 INFO  impl.RoleInfo (RoleInfo.java:shutdownLeaderElection(130)) - s2: shutdown s2@group-54B4F2458EED-LeaderElection100
2022-06-29 11:32:29,680 INFO  impl.RoleInfo (RoleInfo.java:updateAndGet(139)) - s2: start s2@group-54B4F2458EED-FollowerState
2022-06-29 11:32:29,889 INFO  impl.FollowerState (FollowerState.java:run(143)) - s2@group-54B4F2458EED-FollowerState: change to CANDIDATE, lastRpcElapsedTime:209115789ns, electionTimeout:207ms
2022-06-29 11:32:29,889 INFO  impl.RoleInfo (RoleInfo.java:shutdownFollowerState(110)) - s2: shutdown s2@group-54B4F2458EED-FollowerState
2022-06-29 11:32:29,889 INFO  server.RaftServer$Division (RaftServerImpl.java:setRole(299)) - s2@group-54B4F2458EED: changes role from  FOLLOWER to CANDIDATE at term 3 for changeToCandidate
2022-06-29 11:32:29,902 INFO  server.RaftServerConfigKeys (ConfUtils.java:logGet(46)) - raft.server.leaderelection.pre-vote = true (default)
2022-06-29 11:32:29,902 INFO  impl.RoleInfo (RoleInfo.java:updateAndGet(139)) - s2: start s2@group-54B4F2458EED-LeaderElection101
2022-06-29 11:32:29,904 INFO  impl.LeaderElection (LeaderElection.java:askForVotes(310)) - s2@group-54B4F2458EED-LeaderElection101 PRE_VOTE round 0: submit vote requests at term 3 for 28: [s0|rpc:localhost:46515|admin:localhost:40757|client:localhost:41939|dataStream:localhost:35593|priority:0, s1|rpc:localhost:34095|admin:localhost:43151|client:localhost:36051|dataStream:localhost:38995|priority:0, s2|rpc:localhost:40453|admin:localhost:33947|client:localhost:38503|dataStream:localhost:42009|priority:0], old=null
2022-06-29 11:32:29,912 INFO  server.RaftServer$Division (RaftServerImpl.java:requestVote(1152)) - s0@group-54B4F2458EED: receive requestVote(PRE_VOTE, s2, group-54B4F2458EED, 3, (t:3, i:31))
2022-06-29 11:32:29,913 WARN  server.GrpcServerProtocolService (LogUtils.java:warn(122)) - s0: Failed requestVote s2->s0#0: org.apache.ratis.protocol.exceptions.ServerNotReadyException: s0@group-54B4F2458EED is not in [RUNNING]: current state is CLOSED
2022-06-29 11:32:29,913 INFO  server.RaftServer$Division (RaftServerImpl.java:requestVote(1152)) - s1@group-54B4F2458EED: receive requestVote(PRE_VOTE, s2, group-54B4F2458EED, 3, (t:3, i:31))
2022-06-29 11:32:29,913 WARN  server.GrpcServerProtocolService (LogUtils.java:warn(122)) - s1: Failed requestVote s2->s1#0: org.apache.ratis.protocol.exceptions.ServerNotReadyException: s1@group-54B4F2458EED is not in [RUNNING]: current state is CLOSED
2022-06-29 11:32:29,916 INFO  impl.LeaderElection (LogUtils.java:infoOrTrace(137)) - s2@group-54B4F2458EED-LeaderElection101 got exception when requesting votes: java.util.concurrent.ExecutionException: org.apache.ratis.thirdparty.io.grpc.StatusRuntimeException: INTERNAL: s1@group-54B4F2458EED is not in [RUNNING]: current state is CLOSED
2022-06-29 11:32:29,917 INFO  impl.LeaderElection (LogUtils.java:infoOrTrace(137)) - s2@group-54B4F2458EED-LeaderElection101 got exception when requesting votes: java.util.concurrent.ExecutionException: org.apache.ratis.thirdparty.io.grpc.StatusRuntimeException: INTERNAL: s0@group-54B4F2458EED is not in [RUNNING]: current state is CLOSED
2022-06-29 11:32:29,917 INFO  impl.LeaderElection (LeaderElection.java:logAndReturn(90)) - s2@group-54B4F2458EED-LeaderElection101: PRE_VOTE REJECTED received 0 response(s) and 2 exception(s):
2022-06-29 11:32:29,917 INFO  impl.LeaderElection (LogUtils.java:infoOrTrace(137)) -   Exception 0: java.util.concurrent.ExecutionException: org.apache.ratis.thirdparty.io.grpc.StatusRuntimeException: INTERNAL: s1@group-54B4F2458EED is not in [RUNNING]: current state is CLOSED
2022-06-29 11:32:29,917 INFO  impl.LeaderElection (LogUtils.java:infoOrTrace(137)) -   Exception 1: java.util.concurrent.ExecutionException: org.apache.ratis.thirdparty.io.grpc.StatusRuntimeException: INTERNAL: s0@group-54B4F2458EED is not in [RUNNING]: current state is CLOSED
2022-06-29 11:32:29,917 INFO  impl.LeaderElection (LeaderElection.java:askForVotes(312)) - s2@group-54B4F2458EED-LeaderElection101 PRE_VOTE round 0: result REJECTED
2022-06-29 11:32:29,917 INFO  server.RaftServer$Division (RaftServerImpl.java:setRole(299)) - s2@group-54B4F2458EED: changes role from CANDIDATE to FOLLOWER at term 3 for REJECTED
2022-06-29 11:32:29,917 INFO  impl.RoleInfo (RoleInfo.java:shutdownLeaderElection(130)) - s2: shutdown s2@group-54B4F2458EED-LeaderElection101
2022-06-29 11:32:29,917 INFO  impl.RoleInfo (RoleInfo.java:updateAndGet(139)) - s2: start s2@group-54B4F2458EED-FollowerState
2022-06-29 11:32:30,082 INFO  impl.FollowerState (FollowerState.java:run(143)) - s2@group-54B4F2458EED-FollowerState: change to CANDIDATE, lastRpcElapsedTime:165257959ns, electionTimeout:162ms
2022-06-29 11:32:30,082 INFO  impl.RoleInfo (RoleInfo.java:shutdownFollowerState(110)) - s2: shutdown s2@group-54B4F2458EED-FollowerState
2022-06-29 11:32:30,082 INFO  server.RaftServer$Division (RaftServerImpl.java:setRole(299)) - s2@group-54B4F2458EED: changes role from  FOLLOWER to CANDIDATE at term 3 for changeToCandidate
2022-06-29 11:32:30,084 INFO  server.RaftServerConfigKeys (ConfUtils.java:logGet(46)) - raft.server.leaderelection.pre-vote = true (default)
2022-06-29 11:32:30,085 INFO  impl.RoleInfo (RoleInfo.java:updateAndGet(139)) - s2: start s2@group-54B4F2458EED-LeaderElection102
2022-06-29 11:32:30,087 INFO  impl.LeaderElection (LeaderElection.java:askForVotes(310)) - s2@group-54B4F2458EED-LeaderElection102 PRE_VOTE round 0: submit vote requests at term 3 for 28: [s0|rpc:localhost:46515|admin:localhost:40757|client:localhost:41939|dataStream:localhost:35593|priority:0, s1|rpc:localhost:34095|admin:localhost:43151|client:localhost:36051|dataStream:localhost:38995|priority:0, s2|rpc:localhost:40453|admin:localhost:33947|client:localhost:38503|dataStream:localhost:42009|priority:0], old=null
2022-06-29 11:32:30,094 INFO  server.RaftServer$Division (RaftServerImpl.java:requestVote(1152)) - s0@group-54B4F2458EED: receive requestVote(PRE_VOTE, s2, group-54B4F2458EED, 3, (t:3, i:31))
2022-06-29 11:32:30,094 WARN  server.GrpcServerProtocolService (LogUtils.java:warn(122)) - s0: Failed requestVote s2->s0#0: org.apache.ratis.protocol.exceptions.ServerNotReadyException: s0@group-54B4F2458EED is not in [RUNNING]: current state is CLOSED
2022-06-29 11:32:30,097 INFO  server.RaftServer$Division (RaftServerImpl.java:requestVote(1152)) - s1@group-54B4F2458EED: receive requestVote(PRE_VOTE, s2, group-54B4F2458EED, 3, (t:3, i:31))
2022-06-29 11:32:30,097 WARN  server.GrpcServerProtocolService (LogUtils.java:warn(122)) - s1: Failed requestVote s2->s1#0: org.apache.ratis.protocol.exceptions.ServerNotReadyException: s1@group-54B4F2458EED is not in [RUNNING]: current state is CLOSED
2022-06-29 11:32:30,103 INFO  impl.LeaderElection (LogUtils.java:infoOrTrace(137)) - s2@group-54B4F2458EED-LeaderElection102 got exception when requesting votes: java.util.concurrent.ExecutionException: org.apache.ratis.thirdparty.io.grpc.StatusRuntimeException: INTERNAL: s1@group-54B4F2458EED is not in [RUNNING]: current state is CLOSED
2022-06-29 11:32:30,103 INFO  impl.LeaderElection (LogUtils.java:infoOrTrace(137)) - s2@group-54B4F2458EED-LeaderElection102 got exception when requesting votes: java.util.concurrent.ExecutionException: org.apache.ratis.thirdparty.io.grpc.StatusRuntimeException: INTERNAL: s0@group-54B4F2458EED is not in [RUNNING]: current state is CLOSED
2022-06-29 11:32:30,103 INFO  impl.LeaderElection (LeaderElection.java:logAndReturn(90)) - s2@group-54B4F2458EED-LeaderElection102: PRE_VOTE REJECTED received 0 response(s) and 2 exception(s):
2022-06-29 11:32:30,103 INFO  impl.LeaderElection (LogUtils.java:infoOrTrace(137)) -   Exception 0: java.util.concurrent.ExecutionException: org.apache.ratis.thirdparty.io.grpc.StatusRuntimeException: INTERNAL: s1@group-54B4F2458EED is not in [RUNNING]: current state is CLOSED
2022-06-29 11:32:30,103 INFO  impl.LeaderElection (LogUtils.java:infoOrTrace(137)) -   Exception 1: java.util.concurrent.ExecutionException: org.apache.ratis.thirdparty.io.grpc.StatusRuntimeException: INTERNAL: s0@group-54B4F2458EED is not in [RUNNING]: current state is CLOSED
2022-06-29 11:32:30,103 INFO  impl.LeaderElection (LeaderElection.java:askForVotes(312)) - s2@group-54B4F2458EED-LeaderElection102 PRE_VOTE round 0: result REJECTED
2022-06-29 11:32:30,103 INFO  server.RaftServer$Division (RaftServerImpl.java:setRole(299)) - s2@group-54B4F2458EED: changes role from CANDIDATE to FOLLOWER at term 3 for REJECTED
2022-06-29 11:32:30,103 INFO  impl.RoleInfo (RoleInfo.java:shutdownLeaderElection(130)) - s2: shutdown s2@group-54B4F2458EED-LeaderElection102
2022-06-29 11:32:30,103 INFO  impl.RoleInfo (RoleInfo.java:updateAndGet(139)) - s2: start s2@group-54B4F2458EED-FollowerState
2022-06-29 11:32:30,279 INFO  impl.FollowerState (FollowerState.java:run(143)) - s2@group-54B4F2458EED-FollowerState: change to CANDIDATE, lastRpcElapsedTime:175511501ns, electionTimeout:171ms
2022-06-29 11:32:30,279 INFO  impl.RoleInfo (RoleInfo.java:shutdownFollowerState(110)) - s2: shutdown s2@group-54B4F2458EED-FollowerState
2022-06-29 11:32:30,279 INFO  server.RaftServer$Division (RaftServerImpl.java:setRole(299)) - s2@group-54B4F2458EED: changes role from  FOLLOWER to CANDIDATE at term 3 for changeToCandidate
2022-06-29 11:32:30,282 INFO  server.RaftServerConfigKeys (ConfUtils.java:logGet(46)) - raft.server.leaderelection.pre-vote = true (default)
2022-06-29 11:32:30,282 INFO  impl.RoleInfo (RoleInfo.java:updateAndGet(139)) - s2: start s2@group-54B4F2458EED-LeaderElection103
2022-06-29 11:32:30,284 INFO  impl.LeaderElection (LeaderElection.java:askForVotes(310)) - s2@group-54B4F2458EED-LeaderElection103 PRE_VOTE round 0: submit vote requests at term 3 for 28: [s0|rpc:localhost:46515|admin:localhost:40757|client:localhost:41939|dataStream:localhost:35593|priority:0, s1|rpc:localhost:34095|admin:localhost:43151|client:localhost:36051|dataStream:localhost:38995|priority:0, s2|rpc:localhost:40453|admin:localhost:33947|client:localhost:38503|dataStream:localhost:42009|priority:0], old=null
2022-06-29 11:32:30,290 INFO  server.RaftServer$Division (RaftServerImpl.java:requestVote(1152)) - s0@group-54B4F2458EED: receive requestVote(PRE_VOTE, s2, group-54B4F2458EED, 3, (t:3, i:31))
2022-06-29 11:32:30,290 WARN  server.GrpcServerProtocolService (LogUtils.java:warn(122)) - s0: Failed requestVote s2->s0#0: org.apache.ratis.protocol.exceptions.ServerNotReadyException: s0@group-54B4F2458EED is not in [RUNNING]: current state is CLOSED
2022-06-29 11:32:30,292 INFO  server.RaftServer$Division (RaftServerImpl.java:requestVote(1152)) - s1@group-54B4F2458EED: receive requestVote(PRE_VOTE, s2, group-54B4F2458EED, 3, (t:3, i:31))
2022-06-29 11:32:30,292 WARN  server.GrpcServerProtocolService (LogUtils.java:warn(122)) - s1: Failed requestVote s2->s1#0: org.apache.ratis.protocol.exceptions.ServerNotReadyException: s1@group-54B4F2458EED is not in [RUNNING]: current state is CLOSED
2022-06-29 11:32:30,293 INFO  impl.LeaderElection (LogUtils.java:infoOrTrace(137)) - s2@group-54B4F2458EED-LeaderElection103 got exception when requesting votes: java.util.concurrent.ExecutionException: org.apache.ratis.thirdparty.io.grpc.StatusRuntimeException: INTERNAL: s1@group-54B4F2458EED is not in [RUNNING]: current state is CLOSED
2022-06-29 11:32:30,294 INFO  impl.LeaderElection (LogUtils.java:infoOrTrace(137)) - s2@group-54B4F2458EED-LeaderElection103 got exception when requesting votes: java.util.concurrent.ExecutionException: org.apache.ratis.thirdparty.io.grpc.StatusRuntimeException: INTERNAL: s0@group-54B4F2458EED is not in [RUNNING]: current state is CLOSED
2022-06-29 11:32:30,294 INFO  impl.LeaderElection (LeaderElection.java:logAndReturn(90)) - s2@group-54B4F2458EED-LeaderElection103: PRE_VOTE REJECTED received 0 response(s) and 2 exception(s):
2022-06-29 11:32:30,294 INFO  impl.LeaderElection (LogUtils.java:infoOrTrace(137)) -   Exception 0: java.util.concurrent.ExecutionException: org.apache.ratis.thirdparty.io.grpc.StatusRuntimeException: INTERNAL: s1@group-54B4F2458EED is not in [RUNNING]: current state is CLOSED
2022-06-29 11:32:30,294 INFO  impl.LeaderElection (LogUtils.java:infoOrTrace(137)) -   Exception 1: java.util.concurrent.ExecutionException: org.apache.ratis.thirdparty.io.grpc.StatusRuntimeException: INTERNAL: s0@group-54B4F2458EED is not in [RUNNING]: current state is CLOSED
2022-06-29 11:32:30,297 INFO  impl.LeaderElection (LeaderElection.java:askForVotes(312)) - s2@group-54B4F2458EED-LeaderElection103 PRE_VOTE round 0: result REJECTED
2022-06-29 11:32:30,297 INFO  server.RaftServer$Division (RaftServerImpl.java:setRole(299)) - s2@group-54B4F2458EED: changes role from CANDIDATE to FOLLOWER at term 3 for REJECTED
2022-06-29 11:32:30,297 INFO  impl.RoleInfo (RoleInfo.java:shutdownLeaderElection(130)) - s2: shutdown s2@group-54B4F2458EED-LeaderElection103
2022-06-29 11:32:30,297 INFO  impl.RoleInfo (RoleInfo.java:updateAndGet(139)) - s2: start s2@group-54B4F2458EED-FollowerState
2022-06-29 11:32:30,550 INFO  impl.FollowerState (FollowerState.java:run(143)) - s2@group-54B4F2458EED-FollowerState: change to CANDIDATE, lastRpcElapsedTime:253215109ns, electionTimeout:250ms
2022-06-29 11:32:30,550 INFO  impl.RoleInfo (RoleInfo.java:shutdownFollowerState(110)) - s2: shutdown s2@group-54B4F2458EED-FollowerState
2022-06-29 11:32:30,550 INFO  server.RaftServer$Division (RaftServerImpl.java:setRole(299)) - s2@group-54B4F2458EED: changes role from  FOLLOWER to CANDIDATE at term 3 for changeToCandidate
2022-06-29 11:32:30,552 INFO  server.RaftServerConfigKeys (ConfUtils.java:logGet(46)) - raft.server.leaderelection.pre-vote = true (default)
2022-06-29 11:32:30,552 INFO  impl.RoleInfo (RoleInfo.java:updateAndGet(139)) - s2: start s2@group-54B4F2458EED-LeaderElection104
2022-06-29 11:32:30,553 INFO  impl.LeaderElection (LeaderElection.java:askForVotes(310)) - s2@group-54B4F2458EED-LeaderElection104 PRE_VOTE round 0: submit vote requests at term 3 for 28: [s0|rpc:localhost:46515|admin:localhost:40757|client:localhost:41939|dataStream:localhost:35593|priority:0, s1|rpc:localhost:34095|admin:localhost:43151|client:localhost:36051|dataStream:localhost:38995|priority:0, s2|rpc:localhost:40453|admin:localhost:33947|client:localhost:38503|dataStream:localhost:42009|priority:0], old=null
2022-06-29 11:32:30,556 INFO  server.RaftServer$Division (RaftServerImpl.java:requestVote(1152)) - s0@group-54B4F2458EED: receive requestVote(PRE_VOTE, s2, group-54B4F2458EED, 3, (t:3, i:31))
2022-06-29 11:32:30,556 WARN  server.GrpcServerProtocolService (LogUtils.java:warn(122)) - s0: Failed requestVote s2->s0#0: org.apache.ratis.protocol.exceptions.ServerNotReadyException: s0@group-54B4F2458EED is not in [RUNNING]: current state is CLOSED
2022-06-29 11:32:30,560 INFO  impl.LeaderElection (LogUtils.java:infoOrTrace(137)) - s2@group-54B4F2458EED-LeaderElection104 got exception when requesting votes: java.util.concurrent.ExecutionException: org.apache.ratis.thirdparty.io.grpc.StatusRuntimeException: INTERNAL: s0@group-54B4F2458EED is not in [RUNNING]: current state is CLOSED
2022-06-29 11:32:30,562 INFO  server.RaftServer$Division (RaftServerImpl.java:requestVote(1152)) - s1@group-54B4F2458EED: receive requestVote(PRE_VOTE, s2, group-54B4F2458EED, 3, (t:3, i:31))
2022-06-29 11:32:30,562 WARN  server.GrpcServerProtocolService (LogUtils.java:warn(122)) - s1: Failed requestVote s2->s1#0: org.apache.ratis.protocol.exceptions.ServerNotReadyException: s1@group-54B4F2458EED is not in [RUNNING]: current state is CLOSED
2022-06-29 11:32:30,565 INFO  impl.LeaderElection (LogUtils.java:infoOrTrace(137)) - s2@group-54B4F2458EED-LeaderElection104 got exception when requesting votes: java.util.concurrent.ExecutionException: org.apache.ratis.thirdparty.io.grpc.StatusRuntimeException: INTERNAL: s1@group-54B4F2458EED is not in [RUNNING]: current state is CLOSED
2022-06-29 11:32:30,565 INFO  impl.LeaderElection (LeaderElection.java:logAndReturn(90)) - s2@group-54B4F2458EED-LeaderElection104: PRE_VOTE REJECTED received 0 response(s) and 2 exception(s):
2022-06-29 11:32:30,565 INFO  impl.LeaderElection (LogUtils.java:infoOrTrace(137)) -   Exception 0: java.util.concurrent.ExecutionException: org.apache.ratis.thirdparty.io.grpc.StatusRuntimeException: INTERNAL: s0@group-54B4F2458EED is not in [RUNNING]: current state is CLOSED
2022-06-29 11:32:30,565 INFO  impl.LeaderElection (LogUtils.java:infoOrTrace(137)) -   Exception 1: java.util.concurrent.ExecutionException: org.apache.ratis.thirdparty.io.grpc.StatusRuntimeException: INTERNAL: s1@group-54B4F2458EED is not in [RUNNING]: current state is CLOSED
2022-06-29 11:32:30,567 INFO  impl.LeaderElection (LeaderElection.java:askForVotes(312)) - s2@group-54B4F2458EED-LeaderElection104 PRE_VOTE round 0: result REJECTED
2022-06-29 11:32:30,567 INFO  server.RaftServer$Division (RaftServerImpl.java:setRole(299)) - s2@group-54B4F2458EED: changes role from CANDIDATE to FOLLOWER at term 3 for REJECTED
2022-06-29 11:32:30,567 INFO  impl.RoleInfo (RoleInfo.java:shutdownLeaderElection(130)) - s2: shutdown s2@group-54B4F2458EED-LeaderElection104
2022-06-29 11:32:30,567 INFO  impl.RoleInfo (RoleInfo.java:updateAndGet(139)) - s2: start s2@group-54B4F2458EED-FollowerState
2022-06-29 11:32:30,755 INFO  impl.FollowerState (FollowerState.java:run(143)) - s2@group-54B4F2458EED-FollowerState: change to CANDIDATE, lastRpcElapsedTime:188531287ns, electionTimeout:188ms
2022-06-29 11:32:30,755 INFO  impl.RoleInfo (RoleInfo.java:shutdownFollowerState(110)) - s2: shutdown s2@group-54B4F2458EED-FollowerState
2022-06-29 11:32:30,756 INFO  server.RaftServer$Division (RaftServerImpl.java:setRole(299)) - s2@group-54B4F2458EED: changes role from  FOLLOWER to CANDIDATE at term 3 for changeToCandidate
2022-06-29 11:32:30,757 INFO  server.RaftServerConfigKeys (ConfUtils.java:logGet(46)) - raft.server.leaderelection.pre-vote = true (default)
2022-06-29 11:32:30,757 INFO  impl.RoleInfo (RoleInfo.java:updateAndGet(139)) - s2: start s2@group-54B4F2458EED-LeaderElection105
2022-06-29 11:32:30,763 INFO  impl.LeaderElection (LeaderElection.java:askForVotes(310)) - s2@group-54B4F2458EED-LeaderElection105 PRE_VOTE round 0: submit vote requests at term 3 for 28: [s0|rpc:localhost:46515|admin:localhost:40757|client:localhost:41939|dataStream:localhost:35593|priority:0, s1|rpc:localhost:34095|admin:localhost:43151|client:localhost:36051|dataStream:localhost:38995|priority:0, s2|rpc:localhost:40453|admin:localhost:33947|client:localhost:38503|dataStream:localhost:42009|priority:0], old=null
2022-06-29 11:32:30,766 INFO  server.RaftServer$Division (RaftServerImpl.java:requestVote(1152)) - s0@group-54B4F2458EED: receive requestVote(PRE_VOTE, s2, group-54B4F2458EED, 3, (t:3, i:31))
2022-06-29 11:32:30,767 WARN  server.GrpcServerProtocolService (LogUtils.java:warn(122)) - s0: Failed requestVote s2->s0#0: org.apache.ratis.protocol.exceptions.ServerNotReadyException: s0@group-54B4F2458EED is not in [RUNNING]: current state is CLOSED
2022-06-29 11:32:30,767 INFO  server.RaftServer$Division (RaftServerImpl.java:requestVote(1152)) - s1@group-54B4F2458EED: receive requestVote(PRE_VOTE, s2, group-54B4F2458EED, 3, (t:3, i:31))
2022-06-29 11:32:30,767 WARN  server.GrpcServerProtocolService (LogUtils.java:warn(122)) - s1: Failed requestVote s2->s1#0: org.apache.ratis.protocol.exceptions.ServerNotReadyException: s1@group-54B4F2458EED is not in [RUNNING]: current state is CLOSED
2022-06-29 11:32:30,767 INFO  impl.LeaderElection (LogUtils.java:infoOrTrace(137)) - s2@group-54B4F2458EED-LeaderElection105 got exception when requesting votes: java.util.concurrent.ExecutionException: org.apache.ratis.thirdparty.io.grpc.StatusRuntimeException: INTERNAL: s1@group-54B4F2458EED is not in [RUNNING]: current state is CLOSED
2022-06-29 11:32:30,767 INFO  impl.LeaderElection (LogUtils.java:infoOrTrace(137)) - s2@group-54B4F2458EED-LeaderElection105 got exception when requesting votes: java.util.concurrent.ExecutionException: org.apache.ratis.thirdparty.io.grpc.StatusRuntimeException: INTERNAL: s0@group-54B4F2458EED is not in [RUNNING]: current state is CLOSED
2022-06-29 11:32:30,767 INFO  impl.LeaderElection (LeaderElection.java:logAndReturn(90)) - s2@group-54B4F2458EED-LeaderElection105: PRE_VOTE REJECTED received 0 response(s) and 2 exception(s):
2022-06-29 11:32:30,767 INFO  impl.LeaderElection (LogUtils.java:infoOrTrace(137)) -   Exception 0: java.util.concurrent.ExecutionException: org.apache.ratis.thirdparty.io.grpc.StatusRuntimeException: INTERNAL: s1@group-54B4F2458EED is not in [RUNNING]: current state is CLOSED
2022-06-29 11:32:30,767 INFO  impl.LeaderElection (LogUtils.java:infoOrTrace(137)) -   Exception 1: java.util.concurrent.ExecutionException: org.apache.ratis.thirdparty.io.grpc.StatusRuntimeException: INTERNAL: s0@group-54B4F2458EED is not in [RUNNING]: current state is CLOSED
2022-06-29 11:32:30,768 INFO  impl.LeaderElection (LeaderElection.java:askForVotes(312)) - s2@group-54B4F2458EED-LeaderElection105 PRE_VOTE round 0: result REJECTED
2022-06-29 11:32:30,768 INFO  server.RaftServer$Division (RaftServerImpl.java:setRole(299)) - s2@group-54B4F2458EED: changes role from CANDIDATE to FOLLOWER at term 3 for REJECTED
2022-06-29 11:32:30,768 INFO  impl.RoleInfo (RoleInfo.java:shutdownLeaderElection(130)) - s2: shutdown s2@group-54B4F2458EED-LeaderElection105
2022-06-29 11:32:30,768 INFO  impl.RoleInfo (RoleInfo.java:updateAndGet(139)) - s2: start s2@group-54B4F2458EED-FollowerState
2022-06-29 11:32:30,939 INFO  impl.FollowerState (FollowerState.java:run(143)) - s2@group-54B4F2458EED-FollowerState: change to CANDIDATE, lastRpcElapsedTime:171430243ns, electionTimeout:170ms
2022-06-29 11:32:30,939 INFO  impl.RoleInfo (RoleInfo.java:shutdownFollowerState(110)) - s2: shutdown s2@group-54B4F2458EED-FollowerState
2022-06-29 11:32:30,939 INFO  server.RaftServer$Division (RaftServerImpl.java:setRole(299)) - s2@group-54B4F2458EED: changes role from  FOLLOWER to CANDIDATE at term 3 for changeToCandidate
2022-06-29 11:32:30,942 INFO  server.RaftServerConfigKeys (ConfUtils.java:logGet(46)) - raft.server.leaderelection.pre-vote = true (default)
2022-06-29 11:32:30,942 INFO  impl.RoleInfo (RoleInfo.java:updateAndGet(139)) - s2: start s2@group-54B4F2458EED-LeaderElection106
2022-06-29 11:32:30,944 INFO  impl.LeaderElection (LeaderElection.java:askForVotes(310)) - s2@group-54B4F2458EED-LeaderElection106 PRE_VOTE round 0: submit vote requests at term 3 for 28: [s0|rpc:localhost:46515|admin:localhost:40757|client:localhost:41939|dataStream:localhost:35593|priority:0, s1|rpc:localhost:34095|admin:localhost:43151|client:localhost:36051|dataStream:localhost:38995|priority:0, s2|rpc:localhost:40453|admin:localhost:33947|client:localhost:38503|dataStream:localhost:42009|priority:0], old=null
2022-06-29 11:32:30,948 INFO  server.RaftServer$Division (RaftServerImpl.java:requestVote(1152)) - s0@group-54B4F2458EED: receive requestVote(PRE_VOTE, s2, group-54B4F2458EED, 3, (t:3, i:31))
2022-06-29 11:32:30,949 WARN  server.GrpcServerProtocolService (LogUtils.java:warn(122)) - s0: Failed requestVote s2->s0#0: org.apache.ratis.protocol.exceptions.ServerNotReadyException: s0@group-54B4F2458EED is not in [RUNNING]: current state is CLOSED
2022-06-29 11:32:30,949 INFO  server.RaftServer$Division (RaftServerImpl.java:requestVote(1152)) - s1@group-54B4F2458EED: receive requestVote(PRE_VOTE, s2, group-54B4F2458EED, 3, (t:3, i:31))
2022-06-29 11:32:30,950 INFO  impl.LeaderElection (LogUtils.java:infoOrTrace(137)) - s2@group-54B4F2458EED-LeaderElection106 got exception when requesting votes: java.util.concurrent.ExecutionException: org.apache.ratis.thirdparty.io.grpc.StatusRuntimeException: INTERNAL: s0@group-54B4F2458EED is not in [RUNNING]: current state is CLOSED
2022-06-29 11:32:30,950 WARN  server.GrpcServerProtocolService (LogUtils.java:warn(122)) - s1: Failed requestVote s2->s1#0: org.apache.ratis.protocol.exceptions.ServerNotReadyException: s1@group-54B4F2458EED is not in [RUNNING]: current state is CLOSED
2022-06-29 11:32:30,952 INFO  impl.LeaderElection (LogUtils.java:infoOrTrace(137)) - s2@group-54B4F2458EED-LeaderElection106 got exception when requesting votes: java.util.concurrent.ExecutionException: org.apache.ratis.thirdparty.io.grpc.StatusRuntimeException: INTERNAL: s1@group-54B4F2458EED is not in [RUNNING]: current state is CLOSED
2022-06-29 11:32:30,952 INFO  impl.LeaderElection (LeaderElection.java:logAndReturn(90)) - s2@group-54B4F2458EED-LeaderElection106: PRE_VOTE REJECTED received 0 response(s) and 2 exception(s):
2022-06-29 11:32:30,952 INFO  impl.LeaderElection (LogUtils.java:infoOrTrace(137)) -   Exception 0: java.util.concurrent.ExecutionException: org.apache.ratis.thirdparty.io.grpc.StatusRuntimeException: INTERNAL: s0@group-54B4F2458EED is not in [RUNNING]: current state is CLOSED
2022-06-29 11:32:30,952 INFO  impl.LeaderElection (LogUtils.java:infoOrTrace(137)) -   Exception 1: java.util.concurrent.ExecutionException: org.apache.ratis.thirdparty.io.grpc.StatusRuntimeException: INTERNAL: s1@group-54B4F2458EED is not in [RUNNING]: current state is CLOSED
2022-06-29 11:32:30,953 INFO  impl.LeaderElection (LeaderElection.java:askForVotes(312)) - s2@group-54B4F2458EED-LeaderElection106 PRE_VOTE round 0: result REJECTED
2022-06-29 11:32:30,953 INFO  server.RaftServer$Division (RaftServerImpl.java:setRole(299)) - s2@group-54B4F2458EED: changes role from CANDIDATE to FOLLOWER at term 3 for REJECTED
2022-06-29 11:32:30,953 INFO  impl.RoleInfo (RoleInfo.java:shutdownLeaderElection(130)) - s2: shutdown s2@group-54B4F2458EED-LeaderElection106
2022-06-29 11:32:30,953 INFO  impl.RoleInfo (RoleInfo.java:updateAndGet(139)) - s2: start s2@group-54B4F2458EED-FollowerState
2022-06-29 11:32:31,151 INFO  impl.FollowerState (FollowerState.java:run(143)) - s2@group-54B4F2458EED-FollowerState: change to CANDIDATE, lastRpcElapsedTime:198736626ns, electionTimeout:197ms
2022-06-29 11:32:31,152 INFO  impl.RoleInfo (RoleInfo.java:shutdownFollowerState(110)) - s2: shutdown s2@group-54B4F2458EED-FollowerState
2022-06-29 11:32:31,152 INFO  server.RaftServer$Division (RaftServerImpl.java:setRole(299)) - s2@group-54B4F2458EED: changes role from  FOLLOWER to CANDIDATE at term 3 for changeToCandidate
2022-06-29 11:32:31,153 INFO  server.RaftServerConfigKeys (ConfUtils.java:logGet(46)) - raft.server.leaderelection.pre-vote = true (default)
2022-06-29 11:32:31,154 INFO  impl.RoleInfo (RoleInfo.java:updateAndGet(139)) - s2: start s2@group-54B4F2458EED-LeaderElection107
2022-06-29 11:32:31,157 INFO  impl.LeaderElection (LeaderElection.java:askForVotes(310)) - s2@group-54B4F2458EED-LeaderElection107 PRE_VOTE round 0: submit vote requests at term 3 for 28: [s0|rpc:localhost:46515|admin:localhost:40757|client:localhost:41939|dataStream:localhost:35593|priority:0, s1|rpc:localhost:34095|admin:localhost:43151|client:localhost:36051|dataStream:localhost:38995|priority:0, s2|rpc:localhost:40453|admin:localhost:33947|client:localhost:38503|dataStream:localhost:42009|priority:0], old=null
2022-06-29 11:32:31,161 INFO  server.RaftServer$Division (RaftServerImpl.java:requestVote(1152)) - s0@group-54B4F2458EED: receive requestVote(PRE_VOTE, s2, group-54B4F2458EED, 3, (t:3, i:31))
2022-06-29 11:32:31,161 WARN  server.GrpcServerProtocolService (LogUtils.java:warn(122)) - s0: Failed requestVote s2->s0#0: org.apache.ratis.protocol.exceptions.ServerNotReadyException: s0@group-54B4F2458EED is not in [RUNNING]: current state is CLOSED
2022-06-29 11:32:31,162 INFO  server.RaftServer$Division (RaftServerImpl.java:requestVote(1152)) - s1@group-54B4F2458EED: receive requestVote(PRE_VOTE, s2, group-54B4F2458EED, 3, (t:3, i:31))
2022-06-29 11:32:31,162 WARN  server.GrpcServerProtocolService (LogUtils.java:warn(122)) - s1: Failed requestVote s2->s1#0: org.apache.ratis.protocol.exceptions.ServerNotReadyException: s1@group-54B4F2458EED is not in [RUNNING]: current state is CLOSED
2022-06-29 11:32:31,163 INFO  impl.LeaderElection (LogUtils.java:infoOrTrace(137)) - s2@group-54B4F2458EED-LeaderElection107 got exception when requesting votes: java.util.concurrent.ExecutionException: org.apache.ratis.thirdparty.io.grpc.StatusRuntimeException: INTERNAL: s1@group-54B4F2458EED is not in [RUNNING]: current state is CLOSED
2022-06-29 11:32:31,163 INFO  impl.LeaderElection (LogUtils.java:infoOrTrace(137)) - s2@group-54B4F2458EED-LeaderElection107 got exception when requesting votes: java.util.concurrent.ExecutionException: org.apache.ratis.thirdparty.io.grpc.StatusRuntimeException: INTERNAL: s0@group-54B4F2458EED is not in [RUNNING]: current state is CLOSED
2022-06-29 11:32:31,163 INFO  impl.LeaderElection (LeaderElection.java:logAndReturn(90)) - s2@group-54B4F2458EED-LeaderElection107: PRE_VOTE REJECTED received 0 response(s) and 2 exception(s):
2022-06-29 11:32:31,164 INFO  impl.LeaderElection (LogUtils.java:infoOrTrace(137)) -   Exception 0: java.util.concurrent.ExecutionException: org.apache.ratis.thirdparty.io.grpc.StatusRuntimeException: INTERNAL: s1@group-54B4F2458EED is not in [RUNNING]: current state is CLOSED
2022-06-29 11:32:31,164 INFO  impl.LeaderElection (LogUtils.java:infoOrTrace(137)) -   Exception 1: java.util.concurrent.ExecutionException: org.apache.ratis.thirdparty.io.grpc.StatusRuntimeException: INTERNAL: s0@group-54B4F2458EED is not in [RUNNING]: current state is CLOSED
2022-06-29 11:32:31,169 INFO  impl.LeaderElection (LeaderElection.java:askForVotes(312)) - s2@group-54B4F2458EED-LeaderElection107 PRE_VOTE round 0: result REJECTED
2022-06-29 11:32:31,170 INFO  server.RaftServer$Division (RaftServerImpl.java:setRole(299)) - s2@group-54B4F2458EED: changes role from CANDIDATE to FOLLOWER at term 3 for REJECTED
2022-06-29 11:32:31,170 INFO  impl.RoleInfo (RoleInfo.java:shutdownLeaderElection(130)) - s2: shutdown s2@group-54B4F2458EED-LeaderElection107
2022-06-29 11:32:31,173 INFO  impl.RoleInfo (RoleInfo.java:updateAndGet(139)) - s2: start s2@group-54B4F2458EED-FollowerState
2022-06-29 11:32:31,472 INFO  impl.FollowerState (FollowerState.java:run(143)) - s2@group-54B4F2458EED-FollowerState: change to CANDIDATE, lastRpcElapsedTime:299909061ns, electionTimeout:297ms
2022-06-29 11:32:31,473 INFO  impl.RoleInfo (RoleInfo.java:shutdownFollowerState(110)) - s2: shutdown s2@group-54B4F2458EED-FollowerState
2022-06-29 11:32:31,473 INFO  server.RaftServer$Division (RaftServerImpl.java:setRole(299)) - s2@group-54B4F2458EED: changes role from  FOLLOWER to CANDIDATE at term 3 for changeToCandidate
2022-06-29 11:32:31,474 INFO  server.RaftServerConfigKeys (ConfUtils.java:logGet(46)) - raft.server.leaderelection.pre-vote = true (default)
2022-06-29 11:32:31,474 INFO  impl.RoleInfo (RoleInfo.java:updateAndGet(139)) - s2: start s2@group-54B4F2458EED-LeaderElection108
2022-06-29 11:32:31,476 INFO  impl.LeaderElection (LeaderElection.java:askForVotes(310)) - s2@group-54B4F2458EED-LeaderElection108 PRE_VOTE round 0: submit vote requests at term 3 for 28: [s0|rpc:localhost:46515|admin:localhost:40757|client:localhost:41939|dataStream:localhost:35593|priority:0, s1|rpc:localhost:34095|admin:localhost:43151|client:localhost:36051|dataStream:localhost:38995|priority:0, s2|rpc:localhost:40453|admin:localhost:33947|client:localhost:38503|dataStream:localhost:42009|priority:0], old=null
2022-06-29 11:32:31,482 INFO  server.RaftServer$Division (RaftServerImpl.java:requestVote(1152)) - s0@group-54B4F2458EED: receive requestVote(PRE_VOTE, s2, group-54B4F2458EED, 3, (t:3, i:31))
2022-06-29 11:32:31,482 WARN  server.GrpcServerProtocolService (LogUtils.java:warn(122)) - s0: Failed requestVote s2->s0#0: org.apache.ratis.protocol.exceptions.ServerNotReadyException: s0@group-54B4F2458EED is not in [RUNNING]: current state is CLOSED
2022-06-29 11:32:31,485 INFO  server.RaftServer$Division (RaftServerImpl.java:requestVote(1152)) - s1@group-54B4F2458EED: receive requestVote(PRE_VOTE, s2, group-54B4F2458EED, 3, (t:3, i:31))
2022-06-29 11:32:31,485 WARN  server.GrpcServerProtocolService (LogUtils.java:warn(122)) - s1: Failed requestVote s2->s1#0: org.apache.ratis.protocol.exceptions.ServerNotReadyException: s1@group-54B4F2458EED is not in [RUNNING]: current state is CLOSED
2022-06-29 11:32:31,487 INFO  impl.LeaderElection (LogUtils.java:infoOrTrace(137)) - s2@group-54B4F2458EED-LeaderElection108 got exception when requesting votes: java.util.concurrent.ExecutionException: org.apache.ratis.thirdparty.io.grpc.StatusRuntimeException: INTERNAL: s0@group-54B4F2458EED is not in [RUNNING]: current state is CLOSED
2022-06-29 11:32:31,488 INFO  impl.LeaderElection (LogUtils.java:infoOrTrace(137)) - s2@group-54B4F2458EED-LeaderElection108 got exception when requesting votes: java.util.concurrent.ExecutionException: org.apache.ratis.thirdparty.io.grpc.StatusRuntimeException: INTERNAL: s1@group-54B4F2458EED is not in [RUNNING]: current state is CLOSED
2022-06-29 11:32:31,488 INFO  impl.LeaderElection (LeaderElection.java:logAndReturn(90)) - s2@group-54B4F2458EED-LeaderElection108: PRE_VOTE REJECTED received 0 response(s) and 2 exception(s):
2022-06-29 11:32:31,488 INFO  impl.LeaderElection (LogUtils.java:infoOrTrace(137)) -   Exception 0: java.util.concurrent.ExecutionException: org.apache.ratis.thirdparty.io.grpc.StatusRuntimeException: INTERNAL: s0@group-54B4F2458EED is not in [RUNNING]: current state is CLOSED
2022-06-29 11:32:31,488 INFO  impl.LeaderElection (LogUtils.java:infoOrTrace(137)) -   Exception 1: java.util.concurrent.ExecutionException: org.apache.ratis.thirdparty.io.grpc.StatusRuntimeException: INTERNAL: s1@group-54B4F2458EED is not in [RUNNING]: current state is CLOSED
2022-06-29 11:32:31,492 INFO  impl.LeaderElection (LeaderElection.java:askForVotes(312)) - s2@group-54B4F2458EED-LeaderElection108 PRE_VOTE round 0: result REJECTED
2022-06-29 11:32:31,492 INFO  server.RaftServer$Division (RaftServerImpl.java:setRole(299)) - s2@group-54B4F2458EED: changes role from CANDIDATE to FOLLOWER at term 3 for REJECTED
2022-06-29 11:32:31,492 INFO  impl.RoleInfo (RoleInfo.java:shutdownLeaderElection(130)) - s2: shutdown s2@group-54B4F2458EED-LeaderElection108
2022-06-29 11:32:31,492 INFO  impl.RoleInfo (RoleInfo.java:updateAndGet(139)) - s2: start s2@group-54B4F2458EED-FollowerState
2022-06-29 11:32:31,792 INFO  impl.FollowerState (FollowerState.java:run(143)) - s2@group-54B4F2458EED-FollowerState: change to CANDIDATE, lastRpcElapsedTime:299837660ns, electionTimeout:297ms
2022-06-29 11:32:31,792 INFO  impl.RoleInfo (RoleInfo.java:shutdownFollowerState(110)) - s2: shutdown s2@group-54B4F2458EED-FollowerState
2022-06-29 11:32:31,792 INFO  server.RaftServer$Division (RaftServerImpl.java:setRole(299)) - s2@group-54B4F2458EED: changes role from  FOLLOWER to CANDIDATE at term 3 for changeToCandidate
2022-06-29 11:32:31,794 INFO  server.RaftServerConfigKeys (ConfUtils.java:logGet(46)) - raft.server.leaderelection.pre-vote = true (default)
2022-06-29 11:32:31,794 INFO  impl.RoleInfo (RoleInfo.java:updateAndGet(139)) - s2: start s2@group-54B4F2458EED-LeaderElection109
2022-06-29 11:32:31,797 INFO  impl.LeaderElection (LeaderElection.java:askForVotes(310)) - s2@group-54B4F2458EED-LeaderElection109 PRE_VOTE round 0: submit vote requests at term 3 for 28: [s0|rpc:localhost:46515|admin:localhost:40757|client:localhost:41939|dataStream:localhost:35593|priority:0, s1|rpc:localhost:34095|admin:localhost:43151|client:localhost:36051|dataStream:localhost:38995|priority:0, s2|rpc:localhost:40453|admin:localhost:33947|client:localhost:38503|dataStream:localhost:42009|priority:0], old=null
2022-06-29 11:32:31,800 INFO  server.RaftServer$Division (RaftServerImpl.java:requestVote(1152)) - s0@group-54B4F2458EED: receive requestVote(PRE_VOTE, s2, group-54B4F2458EED, 3, (t:3, i:31))
2022-06-29 11:32:31,800 WARN  server.GrpcServerProtocolService (LogUtils.java:warn(122)) - s0: Failed requestVote s2->s0#0: org.apache.ratis.protocol.exceptions.ServerNotReadyException: s0@group-54B4F2458EED is not in [RUNNING]: current state is CLOSED
2022-06-29 11:32:31,806 INFO  impl.LeaderElection (LogUtils.java:infoOrTrace(137)) - s2@group-54B4F2458EED-LeaderElection109 got exception when requesting votes: java.util.concurrent.ExecutionException: org.apache.ratis.thirdparty.io.grpc.StatusRuntimeException: INTERNAL: s0@group-54B4F2458EED is not in [RUNNING]: current state is CLOSED
2022-06-29 11:32:31,807 INFO  server.RaftServer$Division (RaftServerImpl.java:requestVote(1152)) - s1@group-54B4F2458EED: receive requestVote(PRE_VOTE, s2, group-54B4F2458EED, 3, (t:3, i:31))
2022-06-29 11:32:31,807 WARN  server.GrpcServerProtocolService (LogUtils.java:warn(122)) - s1: Failed requestVote s2->s1#0: org.apache.ratis.protocol.exceptions.ServerNotReadyException: s1@group-54B4F2458EED is not in [RUNNING]: current state is CLOSED
2022-06-29 11:32:31,807 INFO  impl.LeaderElection (LogUtils.java:infoOrTrace(137)) - s2@group-54B4F2458EED-LeaderElection109 got exception when requesting votes: java.util.concurrent.ExecutionException: org.apache.ratis.thirdparty.io.grpc.StatusRuntimeException: INTERNAL: s1@group-54B4F2458EED is not in [RUNNING]: current state is CLOSED
2022-06-29 11:32:31,807 INFO  impl.LeaderElection (LeaderElection.java:logAndReturn(90)) - s2@group-54B4F2458EED-LeaderElection109: PRE_VOTE REJECTED received 0 response(s) and 2 exception(s):
2022-06-29 11:32:31,807 INFO  impl.LeaderElection (LogUtils.java:infoOrTrace(137)) -   Exception 0: java.util.concurrent.ExecutionException: org.apache.ratis.thirdparty.io.grpc.StatusRuntimeException: INTERNAL: s0@group-54B4F2458EED is not in [RUNNING]: current state is CLOSED
2022-06-29 11:32:31,807 INFO  impl.LeaderElection (LogUtils.java:infoOrTrace(137)) -   Exception 1: java.util.concurrent.ExecutionException: org.apache.ratis.thirdparty.io.grpc.StatusRuntimeException: INTERNAL: s1@group-54B4F2458EED is not in [RUNNING]: current state is CLOSED
2022-06-29 11:32:31,808 INFO  impl.LeaderElection (LeaderElection.java:askForVotes(312)) - s2@group-54B4F2458EED-LeaderElection109 PRE_VOTE round 0: result REJECTED
2022-06-29 11:32:31,808 INFO  server.RaftServer$Division (RaftServerImpl.java:setRole(299)) - s2@group-54B4F2458EED: changes role from CANDIDATE to FOLLOWER at term 3 for REJECTED
2022-06-29 11:32:31,808 INFO  impl.RoleInfo (RoleInfo.java:shutdownLeaderElection(130)) - s2: shutdown s2@group-54B4F2458EED-LeaderElection109
2022-06-29 11:32:31,808 INFO  impl.RoleInfo (RoleInfo.java:updateAndGet(139)) - s2: start s2@group-54B4F2458EED-FollowerState
2022-06-29 11:32:32,070 INFO  impl.FollowerState (FollowerState.java:run(143)) - s2@group-54B4F2458EED-FollowerState: change to CANDIDATE, lastRpcElapsedTime:262322324ns, electionTimeout:259ms
2022-06-29 11:32:32,070 INFO  impl.RoleInfo (RoleInfo.java:shutdownFollowerState(110)) - s2: shutdown s2@group-54B4F2458EED-FollowerState
2022-06-29 11:32:32,070 INFO  server.RaftServer$Division (RaftServerImpl.java:setRole(299)) - s2@group-54B4F2458EED: changes role from  FOLLOWER to CANDIDATE at term 3 for changeToCandidate
2022-06-29 11:32:32,071 INFO  server.RaftServerConfigKeys (ConfUtils.java:logGet(46)) - raft.server.leaderelection.pre-vote = true (default)
2022-06-29 11:32:32,071 INFO  impl.RoleInfo (RoleInfo.java:updateAndGet(139)) - s2: start s2@group-54B4F2458EED-LeaderElection110
2022-06-29 11:32:32,074 INFO  impl.LeaderElection (LeaderElection.java:askForVotes(310)) - s2@group-54B4F2458EED-LeaderElection110 PRE_VOTE round 0: submit vote requests at term 3 for 28: [s0|rpc:localhost:46515|admin:localhost:40757|client:localhost:41939|dataStream:localhost:35593|priority:0, s1|rpc:localhost:34095|admin:localhost:43151|client:localhost:36051|dataStream:localhost:38995|priority:0, s2|rpc:localhost:40453|admin:localhost:33947|client:localhost:38503|dataStream:localhost:42009|priority:0], old=null
2022-06-29 11:32:32,083 INFO  server.RaftServer$Division (RaftServerImpl.java:requestVote(1152)) - s0@group-54B4F2458EED: receive requestVote(PRE_VOTE, s2, group-54B4F2458EED, 3, (t:3, i:31))
2022-06-29 11:32:32,083 WARN  server.GrpcServerProtocolService (LogUtils.java:warn(122)) - s0: Failed requestVote s2->s0#0: org.apache.ratis.protocol.exceptions.ServerNotReadyException: s0@group-54B4F2458EED is not in [RUNNING]: current state is CLOSED
2022-06-29 11:32:32,084 INFO  server.RaftServer$Division (RaftServerImpl.java:requestVote(1152)) - s1@group-54B4F2458EED: receive requestVote(PRE_VOTE, s2, group-54B4F2458EED, 3, (t:3, i:31))
2022-06-29 11:32:32,084 WARN  server.GrpcServerProtocolService (LogUtils.java:warn(122)) - s1: Failed requestVote s2->s1#0: org.apache.ratis.protocol.exceptions.ServerNotReadyException: s1@group-54B4F2458EED is not in [RUNNING]: current state is CLOSED
2022-06-29 11:32:32,085 INFO  impl.LeaderElection (LogUtils.java:infoOrTrace(137)) - s2@group-54B4F2458EED-LeaderElection110 got exception when requesting votes: java.util.concurrent.ExecutionException: org.apache.ratis.thirdparty.io.grpc.StatusRuntimeException: INTERNAL: s1@group-54B4F2458EED is not in [RUNNING]: current state is CLOSED
2022-06-29 11:32:32,086 INFO  impl.LeaderElection (LogUtils.java:infoOrTrace(137)) - s2@group-54B4F2458EED-LeaderElection110 got exception when requesting votes: java.util.concurrent.ExecutionException: org.apache.ratis.thirdparty.io.grpc.StatusRuntimeException: INTERNAL: s0@group-54B4F2458EED is not in [RUNNING]: current state is CLOSED
2022-06-29 11:32:32,086 INFO  impl.LeaderElection (LeaderElection.java:logAndReturn(90)) - s2@group-54B4F2458EED-LeaderElection110: PRE_VOTE REJECTED received 0 response(s) and 2 exception(s):
2022-06-29 11:32:32,086 INFO  impl.LeaderElection (LogUtils.java:infoOrTrace(137)) -   Exception 0: java.util.concurrent.ExecutionException: org.apache.ratis.thirdparty.io.grpc.StatusRuntimeException: INTERNAL: s1@group-54B4F2458EED is not in [RUNNING]: current state is CLOSED
2022-06-29 11:32:32,086 INFO  impl.LeaderElection (LogUtils.java:infoOrTrace(137)) -   Exception 1: java.util.concurrent.ExecutionException: org.apache.ratis.thirdparty.io.grpc.StatusRuntimeException: INTERNAL: s0@group-54B4F2458EED is not in [RUNNING]: current state is CLOSED
2022-06-29 11:32:32,086 INFO  impl.LeaderElection (LeaderElection.java:askForVotes(312)) - s2@group-54B4F2458EED-LeaderElection110 PRE_VOTE round 0: result REJECTED
2022-06-29 11:32:32,086 INFO  server.RaftServer$Division (RaftServerImpl.java:setRole(299)) - s2@group-54B4F2458EED: changes role from CANDIDATE to FOLLOWER at term 3 for REJECTED
2022-06-29 11:32:32,086 INFO  impl.RoleInfo (RoleInfo.java:shutdownLeaderElection(130)) - s2: shutdown s2@group-54B4F2458EED-LeaderElection110
2022-06-29 11:32:32,086 INFO  impl.RoleInfo (RoleInfo.java:updateAndGet(139)) - s2: start s2@group-54B4F2458EED-FollowerState
2022-06-29 11:32:32,244 INFO  impl.FollowerState (FollowerState.java:run(143)) - s2@group-54B4F2458EED-FollowerState: change to CANDIDATE, lastRpcElapsedTime:157842135ns, electionTimeout:155ms
2022-06-29 11:32:32,244 INFO  impl.RoleInfo (RoleInfo.java:shutdownFollowerState(110)) - s2: shutdown s2@group-54B4F2458EED-FollowerState
2022-06-29 11:32:32,244 INFO  server.RaftServer$Division (RaftServerImpl.java:setRole(299)) - s2@group-54B4F2458EED: changes role from  FOLLOWER to CANDIDATE at term 3 for changeToCandidate
2022-06-29 11:32:32,244 INFO  server.RaftServerConfigKeys (ConfUtils.java:logGet(46)) - raft.server.leaderelection.pre-vote = true (default)
2022-06-29 11:32:32,244 INFO  impl.RoleInfo (RoleInfo.java:updateAndGet(139)) - s2: start s2@group-54B4F2458EED-LeaderElection111
2022-06-29 11:32:32,247 INFO  impl.LeaderElection (LeaderElection.java:askForVotes(310)) - s2@group-54B4F2458EED-LeaderElection111 PRE_VOTE round 0: submit vote requests at term 3 for 28: [s0|rpc:localhost:46515|admin:localhost:40757|client:localhost:41939|dataStream:localhost:35593|priority:0, s1|rpc:localhost:34095|admin:localhost:43151|client:localhost:36051|dataStream:localhost:38995|priority:0, s2|rpc:localhost:40453|admin:localhost:33947|client:localhost:38503|dataStream:localhost:42009|priority:0], old=null
2022-06-29 11:32:32,252 INFO  server.RaftServer$Division (RaftServerImpl.java:requestVote(1152)) - s0@group-54B4F2458EED: receive requestVote(PRE_VOTE, s2, group-54B4F2458EED, 3, (t:3, i:31))
2022-06-29 11:32:32,252 WARN  server.GrpcServerProtocolService (LogUtils.java:warn(122)) - s0: Failed requestVote s2->s0#0: org.apache.ratis.protocol.exceptions.ServerNotReadyException: s0@group-54B4F2458EED is not in [RUNNING]: current state is CLOSED
2022-06-29 11:32:32,254 INFO  server.RaftServer$Division (RaftServerImpl.java:requestVote(1152)) - s1@group-54B4F2458EED: receive requestVote(PRE_VOTE, s2, group-54B4F2458EED, 3, (t:3, i:31))
2022-06-29 11:32:32,254 WARN  server.GrpcServerProtocolService (LogUtils.java:warn(122)) - s1: Failed requestVote s2->s1#0: org.apache.ratis.protocol.exceptions.ServerNotReadyException: s1@group-54B4F2458EED is not in [RUNNING]: current state is CLOSED
2022-06-29 11:32:32,256 INFO  impl.LeaderElection (LogUtils.java:infoOrTrace(137)) - s2@group-54B4F2458EED-LeaderElection111 got exception when requesting votes: java.util.concurrent.ExecutionException: org.apache.ratis.thirdparty.io.grpc.StatusRuntimeException: INTERNAL: s0@group-54B4F2458EED is not in [RUNNING]: current state is CLOSED
2022-06-29 11:32:32,257 INFO  impl.LeaderElection (LogUtils.java:infoOrTrace(137)) - s2@group-54B4F2458EED-LeaderElection111 got exception when requesting votes: java.util.concurrent.ExecutionException: org.apache.ratis.thirdparty.io.grpc.StatusRuntimeException: INTERNAL: s1@group-54B4F2458EED is not in [RUNNING]: current state is CLOSED
2022-06-29 11:32:32,257 INFO  impl.LeaderElection (LeaderElection.java:logAndReturn(90)) - s2@group-54B4F2458EED-LeaderElection111: PRE_VOTE REJECTED received 0 response(s) and 2 exception(s):
2022-06-29 11:32:32,257 INFO  impl.LeaderElection (LogUtils.java:infoOrTrace(137)) -   Exception 0: java.util.concurrent.ExecutionException: org.apache.ratis.thirdparty.io.grpc.StatusRuntimeException: INTERNAL: s0@group-54B4F2458EED is not in [RUNNING]: current state is CLOSED
2022-06-29 11:32:32,257 INFO  impl.LeaderElection (LogUtils.java:infoOrTrace(137)) -   Exception 1: java.util.concurrent.ExecutionException: org.apache.ratis.thirdparty.io.grpc.StatusRuntimeException: INTERNAL: s1@group-54B4F2458EED is not in [RUNNING]: current state is CLOSED
2022-06-29 11:32:32,259 INFO  impl.LeaderElection (LeaderElection.java:askForVotes(312)) - s2@group-54B4F2458EED-LeaderElection111 PRE_VOTE round 0: result REJECTED
2022-06-29 11:32:32,259 INFO  server.RaftServer$Division (RaftServerImpl.java:setRole(299)) - s2@group-54B4F2458EED: changes role from CANDIDATE to FOLLOWER at term 3 for REJECTED
2022-06-29 11:32:32,259 INFO  impl.RoleInfo (RoleInfo.java:shutdownLeaderElection(130)) - s2: shutdown s2@group-54B4F2458EED-LeaderElection111
2022-06-29 11:32:32,259 INFO  impl.RoleInfo (RoleInfo.java:updateAndGet(139)) - s2: start s2@group-54B4F2458EED-FollowerState
2022-06-29 11:32:32,483 INFO  impl.FollowerState (FollowerState.java:run(143)) - s2@group-54B4F2458EED-FollowerState: change to CANDIDATE, lastRpcElapsedTime:223323162ns, electionTimeout:221ms
2022-06-29 11:32:32,483 INFO  impl.RoleInfo (RoleInfo.java:shutdownFollowerState(110)) - s2: shutdown s2@group-54B4F2458EED-FollowerState
2022-06-29 11:32:32,483 INFO  server.RaftServer$Division (RaftServerImpl.java:setRole(299)) - s2@group-54B4F2458EED: changes role from  FOLLOWER to CANDIDATE at term 3 for changeToCandidate
2022-06-29 11:32:32,483 INFO  server.RaftServerConfigKeys (ConfUtils.java:logGet(46)) - raft.server.leaderelection.pre-vote = true (default)
2022-06-29 11:32:32,483 INFO  impl.RoleInfo (RoleInfo.java:updateAndGet(139)) - s2: start s2@group-54B4F2458EED-LeaderElection112
2022-06-29 11:32:32,487 INFO  impl.LeaderElection (LeaderElection.java:askForVotes(310)) - s2@group-54B4F2458EED-LeaderElection112 PRE_VOTE round 0: submit vote requests at term 3 for 28: [s0|rpc:localhost:46515|admin:localhost:40757|client:localhost:41939|dataStream:localhost:35593|priority:0, s1|rpc:localhost:34095|admin:localhost:43151|client:localhost:36051|dataStream:localhost:38995|priority:0, s2|rpc:localhost:40453|admin:localhost:33947|client:localhost:38503|dataStream:localhost:42009|priority:0], old=null
2022-06-29 11:32:32,495 INFO  server.RaftServer$Division (RaftServerImpl.java:requestVote(1152)) - s0@group-54B4F2458EED: receive requestVote(PRE_VOTE, s2, group-54B4F2458EED, 3, (t:3, i:31))
2022-06-29 11:32:32,495 WARN  server.GrpcServerProtocolService (LogUtils.java:warn(122)) - s0: Failed requestVote s2->s0#0: org.apache.ratis.protocol.exceptions.ServerNotReadyException: s0@group-54B4F2458EED is not in [RUNNING]: current state is CLOSED
2022-06-29 11:32:32,497 INFO  server.RaftServer$Division (RaftServerImpl.java:requestVote(1152)) - s1@group-54B4F2458EED: receive requestVote(PRE_VOTE, s2, group-54B4F2458EED, 3, (t:3, i:31))
2022-06-29 11:32:32,497 WARN  server.GrpcServerProtocolService (LogUtils.java:warn(122)) - s1: Failed requestVote s2->s1#0: org.apache.ratis.protocol.exceptions.ServerNotReadyException: s1@group-54B4F2458EED is not in [RUNNING]: current state is CLOSED
2022-06-29 11:32:32,498 INFO  impl.LeaderElection (LogUtils.java:infoOrTrace(137)) - s2@group-54B4F2458EED-LeaderElection112 got exception when requesting votes: java.util.concurrent.ExecutionException: org.apache.ratis.thirdparty.io.grpc.StatusRuntimeException: INTERNAL: s0@group-54B4F2458EED is not in [RUNNING]: current state is CLOSED
2022-06-29 11:32:32,501 INFO  impl.LeaderElection (LogUtils.java:infoOrTrace(137)) - s2@group-54B4F2458EED-LeaderElection112 got exception when requesting votes: java.util.concurrent.ExecutionException: org.apache.ratis.thirdparty.io.grpc.StatusRuntimeException: INTERNAL: s1@group-54B4F2458EED is not in [RUNNING]: current state is CLOSED
2022-06-29 11:32:32,501 INFO  impl.LeaderElection (LeaderElection.java:logAndReturn(90)) - s2@group-54B4F2458EED-LeaderElection112: PRE_VOTE REJECTED received 0 response(s) and 2 exception(s):
2022-06-29 11:32:32,501 INFO  impl.LeaderElection (LogUtils.java:infoOrTrace(137)) -   Exception 0: java.util.concurrent.ExecutionException: org.apache.ratis.thirdparty.io.grpc.StatusRuntimeException: INTERNAL: s0@group-54B4F2458EED is not in [RUNNING]: current state is CLOSED
2022-06-29 11:32:32,501 INFO  impl.LeaderElection (LogUtils.java:infoOrTrace(137)) -   Exception 1: java.util.concurrent.ExecutionException: org.apache.ratis.thirdparty.io.grpc.StatusRuntimeException: INTERNAL: s1@group-54B4F2458EED is not in [RUNNING]: current state is CLOSED
2022-06-29 11:32:32,504 INFO  impl.LeaderElection (LeaderElection.java:askForVotes(312)) - s2@group-54B4F2458EED-LeaderElection112 PRE_VOTE round 0: result REJECTED
2022-06-29 11:32:32,504 INFO  server.RaftServer$Division (RaftServerImpl.java:setRole(299)) - s2@group-54B4F2458EED: changes role from CANDIDATE to FOLLOWER at term 3 for REJECTED
2022-06-29 11:32:32,504 INFO  impl.RoleInfo (RoleInfo.java:shutdownLeaderElection(130)) - s2: shutdown s2@group-54B4F2458EED-LeaderElection112
2022-06-29 11:32:32,504 INFO  impl.RoleInfo (RoleInfo.java:updateAndGet(139)) - s2: start s2@group-54B4F2458EED-FollowerState
2022-06-29 11:32:32,707 INFO  impl.FollowerState (FollowerState.java:run(143)) - s2@group-54B4F2458EED-FollowerState: change to CANDIDATE, lastRpcElapsedTime:203040575ns, electionTimeout:198ms
2022-06-29 11:32:32,707 INFO  impl.RoleInfo (RoleInfo.java:shutdownFollowerState(110)) - s2: shutdown s2@group-54B4F2458EED-FollowerState
2022-06-29 11:32:32,707 INFO  server.RaftServer$Division (RaftServerImpl.java:setRole(299)) - s2@group-54B4F2458EED: changes role from  FOLLOWER to CANDIDATE at term 3 for changeToCandidate
2022-06-29 11:32:32,712 INFO  server.RaftServerConfigKeys (ConfUtils.java:logGet(46)) - raft.server.leaderelection.pre-vote = true (default)
2022-06-29 11:32:32,712 INFO  impl.RoleInfo (RoleInfo.java:updateAndGet(139)) - s2: start s2@group-54B4F2458EED-LeaderElection113
2022-06-29 11:32:32,720 INFO  impl.LeaderElection (LeaderElection.java:askForVotes(310)) - s2@group-54B4F2458EED-LeaderElection113 PRE_VOTE round 0: submit vote requests at term 3 for 28: [s0|rpc:localhost:46515|admin:localhost:40757|client:localhost:41939|dataStream:localhost:35593|priority:0, s1|rpc:localhost:34095|admin:localhost:43151|client:localhost:36051|dataStream:localhost:38995|priority:0, s2|rpc:localhost:40453|admin:localhost:33947|client:localhost:38503|dataStream:localhost:42009|priority:0], old=null
2022-06-29 11:32:32,726 INFO  server.RaftServer$Division (RaftServerImpl.java:requestVote(1152)) - s0@group-54B4F2458EED: receive requestVote(PRE_VOTE, s2, group-54B4F2458EED, 3, (t:3, i:31))
2022-06-29 11:32:32,727 WARN  server.GrpcServerProtocolService (LogUtils.java:warn(122)) - s0: Failed requestVote s2->s0#0: org.apache.ratis.protocol.exceptions.ServerNotReadyException: s0@group-54B4F2458EED is not in [RUNNING]: current state is CLOSED
2022-06-29 11:32:32,731 INFO  impl.LeaderElection (LogUtils.java:infoOrTrace(137)) - s2@group-54B4F2458EED-LeaderElection113 got exception when requesting votes: java.util.concurrent.ExecutionException: org.apache.ratis.thirdparty.io.grpc.StatusRuntimeException: INTERNAL: s0@group-54B4F2458EED is not in [RUNNING]: current state is CLOSED
2022-06-29 11:32:32,735 INFO  server.RaftServer$Division (RaftServerImpl.java:requestVote(1152)) - s1@group-54B4F2458EED: receive requestVote(PRE_VOTE, s2, group-54B4F2458EED, 3, (t:3, i:31))
2022-06-29 11:32:32,735 WARN  server.GrpcServerProtocolService (LogUtils.java:warn(122)) - s1: Failed requestVote s2->s1#0: org.apache.ratis.protocol.exceptions.ServerNotReadyException: s1@group-54B4F2458EED is not in [RUNNING]: current state is CLOSED
2022-06-29 11:32:32,736 INFO  impl.LeaderElection (LogUtils.java:infoOrTrace(137)) - s2@group-54B4F2458EED-LeaderElection113 got exception when requesting votes: java.util.concurrent.ExecutionException: org.apache.ratis.thirdparty.io.grpc.StatusRuntimeException: INTERNAL: s1@group-54B4F2458EED is not in [RUNNING]: current state is CLOSED
2022-06-29 11:32:32,737 INFO  impl.LeaderElection (LeaderElection.java:logAndReturn(90)) - s2@group-54B4F2458EED-LeaderElection113: PRE_VOTE REJECTED received 0 response(s) and 2 exception(s):
2022-06-29 11:32:32,737 INFO  impl.LeaderElection (LogUtils.java:infoOrTrace(137)) -   Exception 0: java.util.concurrent.ExecutionException: org.apache.ratis.thirdparty.io.grpc.StatusRuntimeException: INTERNAL: s0@group-54B4F2458EED is not in [RUNNING]: current state is CLOSED
2022-06-29 11:32:32,737 INFO  impl.LeaderElection (LogUtils.java:infoOrTrace(137)) -   Exception 1: java.util.concurrent.ExecutionException: org.apache.ratis.thirdparty.io.grpc.StatusRuntimeException: INTERNAL: s1@group-54B4F2458EED is not in [RUNNING]: current state is CLOSED
2022-06-29 11:32:32,737 INFO  impl.LeaderElection (LeaderElection.java:askForVotes(312)) - s2@group-54B4F2458EED-LeaderElection113 PRE_VOTE round 0: result REJECTED
2022-06-29 11:32:32,737 INFO  server.RaftServer$Division (RaftServerImpl.java:setRole(299)) - s2@group-54B4F2458EED: changes role from CANDIDATE to FOLLOWER at term 3 for REJECTED
2022-06-29 11:32:32,737 INFO  impl.RoleInfo (RoleInfo.java:shutdownLeaderElection(130)) - s2: shutdown s2@group-54B4F2458EED-LeaderElection113
2022-06-29 11:32:32,737 INFO  impl.RoleInfo (RoleInfo.java:updateAndGet(139)) - s2: start s2@group-54B4F2458EED-FollowerState
2022-06-29 11:32:32,890 INFO  impl.FollowerState (FollowerState.java:run(143)) - s2@group-54B4F2458EED-FollowerState: change to CANDIDATE, lastRpcElapsedTime:152820364ns, electionTimeout:150ms
2022-06-29 11:32:32,890 INFO  impl.RoleInfo (RoleInfo.java:shutdownFollowerState(110)) - s2: shutdown s2@group-54B4F2458EED-FollowerState
2022-06-29 11:32:32,890 INFO  server.RaftServer$Division (RaftServerImpl.java:setRole(299)) - s2@group-54B4F2458EED: changes role from  FOLLOWER to CANDIDATE at term 3 for changeToCandidate
2022-06-29 11:32:32,891 INFO  server.RaftServerConfigKeys (ConfUtils.java:logGet(46)) - raft.server.leaderelection.pre-vote = true (default)
2022-06-29 11:32:32,892 INFO  impl.RoleInfo (RoleInfo.java:updateAndGet(139)) - s2: start s2@group-54B4F2458EED-LeaderElection114
2022-06-29 11:32:32,893 INFO  impl.LeaderElection (LeaderElection.java:askForVotes(310)) - s2@group-54B4F2458EED-LeaderElection114 PRE_VOTE round 0: submit vote requests at term 3 for 28: [s0|rpc:localhost:46515|admin:localhost:40757|client:localhost:41939|dataStream:localhost:35593|priority:0, s1|rpc:localhost:34095|admin:localhost:43151|client:localhost:36051|dataStream:localhost:38995|priority:0, s2|rpc:localhost:40453|admin:localhost:33947|client:localhost:38503|dataStream:localhost:42009|priority:0], old=null
2022-06-29 11:32:32,901 INFO  server.RaftServer$Division (RaftServerImpl.java:requestVote(1152)) - s0@group-54B4F2458EED: receive requestVote(PRE_VOTE, s2, group-54B4F2458EED, 3, (t:3, i:31))
2022-06-29 11:32:32,901 WARN  server.GrpcServerProtocolService (LogUtils.java:warn(122)) - s0: Failed requestVote s2->s0#0: org.apache.ratis.protocol.exceptions.ServerNotReadyException: s0@group-54B4F2458EED is not in [RUNNING]: current state is CLOSED
2022-06-29 11:32:32,902 INFO  server.RaftServer$Division (RaftServerImpl.java:requestVote(1152)) - s1@group-54B4F2458EED: receive requestVote(PRE_VOTE, s2, group-54B4F2458EED, 3, (t:3, i:31))
2022-06-29 11:32:32,902 WARN  server.GrpcServerProtocolService (LogUtils.java:warn(122)) - s1: Failed requestVote s2->s1#0: org.apache.ratis.protocol.exceptions.ServerNotReadyException: s1@group-54B4F2458EED is not in [RUNNING]: current state is CLOSED
2022-06-29 11:32:32,906 INFO  impl.LeaderElection (LogUtils.java:infoOrTrace(137)) - s2@group-54B4F2458EED-LeaderElection114 got exception when requesting votes: java.util.concurrent.ExecutionException: org.apache.ratis.thirdparty.io.grpc.StatusRuntimeException: INTERNAL: s1@group-54B4F2458EED is not in [RUNNING]: current state is CLOSED
2022-06-29 11:32:32,906 INFO  impl.LeaderElection (LogUtils.java:infoOrTrace(137)) - s2@group-54B4F2458EED-LeaderElection114 got exception when requesting votes: java.util.concurrent.ExecutionException: org.apache.ratis.thirdparty.io.grpc.StatusRuntimeException: INTERNAL: s0@group-54B4F2458EED is not in [RUNNING]: current state is CLOSED
2022-06-29 11:32:32,906 INFO  impl.LeaderElection (LeaderElection.java:logAndReturn(90)) - s2@group-54B4F2458EED-LeaderElection114: PRE_VOTE REJECTED received 0 response(s) and 2 exception(s):
2022-06-29 11:32:32,906 INFO  impl.LeaderElection (LogUtils.java:infoOrTrace(137)) -   Exception 0: java.util.concurrent.ExecutionException: org.apache.ratis.thirdparty.io.grpc.StatusRuntimeException: INTERNAL: s1@group-54B4F2458EED is not in [RUNNING]: current state is CLOSED
2022-06-29 11:32:32,906 INFO  impl.LeaderElection (LogUtils.java:infoOrTrace(137)) -   Exception 1: java.util.concurrent.ExecutionException: org.apache.ratis.thirdparty.io.grpc.StatusRuntimeException: INTERNAL: s0@group-54B4F2458EED is not in [RUNNING]: current state is CLOSED
2022-06-29 11:32:32,906 INFO  impl.LeaderElection (LeaderElection.java:askForVotes(312)) - s2@group-54B4F2458EED-LeaderElection114 PRE_VOTE round 0: result REJECTED
2022-06-29 11:32:32,906 INFO  server.RaftServer$Division (RaftServerImpl.java:setRole(299)) - s2@group-54B4F2458EED: changes role from CANDIDATE to FOLLOWER at term 3 for REJECTED
2022-06-29 11:32:32,907 INFO  impl.RoleInfo (RoleInfo.java:shutdownLeaderElection(130)) - s2: shutdown s2@group-54B4F2458EED-LeaderElection114
2022-06-29 11:32:32,907 INFO  impl.RoleInfo (RoleInfo.java:updateAndGet(139)) - s2: start s2@group-54B4F2458EED-FollowerState
2022-06-29 11:32:33,186 INFO  impl.FollowerState (FollowerState.java:run(143)) - s2@group-54B4F2458EED-FollowerState: change to CANDIDATE, lastRpcElapsedTime:279452249ns, electionTimeout:276ms
2022-06-29 11:32:33,186 INFO  impl.RoleInfo (RoleInfo.java:shutdownFollowerState(110)) - s2: shutdown s2@group-54B4F2458EED-FollowerState
2022-06-29 11:32:33,186 INFO  server.RaftServer$Division (RaftServerImpl.java:setRole(299)) - s2@group-54B4F2458EED: changes role from  FOLLOWER to CANDIDATE at term 3 for changeToCandidate
2022-06-29 11:32:33,187 INFO  server.RaftServerConfigKeys (ConfUtils.java:logGet(46)) - raft.server.leaderelection.pre-vote = true (default)
2022-06-29 11:32:33,187 INFO  impl.RoleInfo (RoleInfo.java:updateAndGet(139)) - s2: start s2@group-54B4F2458EED-LeaderElection115
2022-06-29 11:32:33,189 INFO  impl.LeaderElection (LeaderElection.java:askForVotes(310)) - s2@group-54B4F2458EED-LeaderElection115 PRE_VOTE round 0: submit vote requests at term 3 for 28: [s0|rpc:localhost:46515|admin:localhost:40757|client:localhost:41939|dataStream:localhost:35593|priority:0, s1|rpc:localhost:34095|admin:localhost:43151|client:localhost:36051|dataStream:localhost:38995|priority:0, s2|rpc:localhost:40453|admin:localhost:33947|client:localhost:38503|dataStream:localhost:42009|priority:0], old=null
2022-06-29 11:32:33,199 INFO  server.RaftServer$Division (RaftServerImpl.java:requestVote(1152)) - s0@group-54B4F2458EED: receive requestVote(PRE_VOTE, s2, group-54B4F2458EED, 3, (t:3, i:31))
2022-06-29 11:32:33,200 WARN  server.GrpcServerProtocolService (LogUtils.java:warn(122)) - s0: Failed requestVote s2->s0#0: org.apache.ratis.protocol.exceptions.ServerNotReadyException: s0@group-54B4F2458EED is not in [RUNNING]: current state is CLOSED
2022-06-29 11:32:33,202 INFO  server.RaftServer$Division (RaftServerImpl.java:requestVote(1152)) - s1@group-54B4F2458EED: receive requestVote(PRE_VOTE, s2, group-54B4F2458EED, 3, (t:3, i:31))
2022-06-29 11:32:33,202 WARN  server.GrpcServerProtocolService (LogUtils.java:warn(122)) - s1: Failed requestVote s2->s1#0: org.apache.ratis.protocol.exceptions.ServerNotReadyException: s1@group-54B4F2458EED is not in [RUNNING]: current state is CLOSED
2022-06-29 11:32:33,204 INFO  impl.LeaderElection (LogUtils.java:infoOrTrace(137)) - s2@group-54B4F2458EED-LeaderElection115 got exception when requesting votes: java.util.concurrent.ExecutionException: org.apache.ratis.thirdparty.io.grpc.StatusRuntimeException: INTERNAL: s1@group-54B4F2458EED is not in [RUNNING]: current state is CLOSED
2022-06-29 11:32:33,207 INFO  impl.LeaderElection (LogUtils.java:infoOrTrace(137)) - s2@group-54B4F2458EED-LeaderElection115 got exception when requesting votes: java.util.concurrent.ExecutionException: org.apache.ratis.thirdparty.io.grpc.StatusRuntimeException: INTERNAL: s0@group-54B4F2458EED is not in [RUNNING]: current state is CLOSED
2022-06-29 11:32:33,207 INFO  impl.LeaderElection (LeaderElection.java:logAndReturn(90)) - s2@group-54B4F2458EED-LeaderElection115: PRE_VOTE REJECTED received 0 response(s) and 2 exception(s):
2022-06-29 11:32:33,207 INFO  impl.LeaderElection (LogUtils.java:infoOrTrace(137)) -   Exception 0: java.util.concurrent.ExecutionException: org.apache.ratis.thirdparty.io.grpc.StatusRuntimeException: INTERNAL: s1@group-54B4F2458EED is not in [RUNNING]: current state is CLOSED
2022-06-29 11:32:33,207 INFO  impl.LeaderElection (LogUtils.java:infoOrTrace(137)) -   Exception 1: java.util.concurrent.ExecutionException: org.apache.ratis.thirdparty.io.grpc.StatusRuntimeException: INTERNAL: s0@group-54B4F2458EED is not in [RUNNING]: current state is CLOSED
2022-06-29 11:32:33,207 INFO  impl.LeaderElection (LeaderElection.java:askForVotes(312)) - s2@group-54B4F2458EED-LeaderElection115 PRE_VOTE round 0: result REJECTED
2022-06-29 11:32:33,207 INFO  server.RaftServer$Division (RaftServerImpl.java:setRole(299)) - s2@group-54B4F2458EED: changes role from CANDIDATE to FOLLOWER at term 3 for REJECTED
2022-06-29 11:32:33,207 INFO  impl.RoleInfo (RoleInfo.java:shutdownLeaderElection(130)) - s2: shutdown s2@group-54B4F2458EED-LeaderElection115
2022-06-29 11:32:33,207 INFO  impl.RoleInfo (RoleInfo.java:updateAndGet(139)) - s2: start s2@group-54B4F2458EED-FollowerState
2022-06-29 11:32:33,395 INFO  impl.FollowerState (FollowerState.java:run(143)) - s2@group-54B4F2458EED-FollowerState: change to CANDIDATE, lastRpcElapsedTime:187768651ns, electionTimeout:185ms
2022-06-29 11:32:33,395 INFO  impl.RoleInfo (RoleInfo.java:shutdownFollowerState(110)) - s2: shutdown s2@group-54B4F2458EED-FollowerState
2022-06-29 11:32:33,395 INFO  server.RaftServer$Division (RaftServerImpl.java:setRole(299)) - s2@group-54B4F2458EED: changes role from  FOLLOWER to CANDIDATE at term 3 for changeToCandidate
2022-06-29 11:32:33,396 INFO  server.RaftServerConfigKeys (ConfUtils.java:logGet(46)) - raft.server.leaderelection.pre-vote = true (default)
2022-06-29 11:32:33,396 INFO  impl.RoleInfo (RoleInfo.java:updateAndGet(139)) - s2: start s2@group-54B4F2458EED-LeaderElection116
2022-06-29 11:32:33,399 INFO  impl.LeaderElection (LeaderElection.java:askForVotes(310)) - s2@group-54B4F2458EED-LeaderElection116 PRE_VOTE round 0: submit vote requests at term 3 for 28: [s0|rpc:localhost:46515|admin:localhost:40757|client:localhost:41939|dataStream:localhost:35593|priority:0, s1|rpc:localhost:34095|admin:localhost:43151|client:localhost:36051|dataStream:localhost:38995|priority:0, s2|rpc:localhost:40453|admin:localhost:33947|client:localhost:38503|dataStream:localhost:42009|priority:0], old=null
2022-06-29 11:32:33,405 INFO  server.RaftServer$Division (RaftServerImpl.java:requestVote(1152)) - s0@group-54B4F2458EED: receive requestVote(PRE_VOTE, s2, group-54B4F2458EED, 3, (t:3, i:31))
2022-06-29 11:32:33,406 WARN  server.GrpcServerProtocolService (LogUtils.java:warn(122)) - s0: Failed requestVote s2->s0#0: org.apache.ratis.protocol.exceptions.ServerNotReadyException: s0@group-54B4F2458EED is not in [RUNNING]: current state is CLOSED
2022-06-29 11:32:33,407 INFO  server.RaftServer$Division (RaftServerImpl.java:requestVote(1152)) - s1@group-54B4F2458EED: receive requestVote(PRE_VOTE, s2, group-54B4F2458EED, 3, (t:3, i:31))
2022-06-29 11:32:33,408 WARN  server.GrpcServerProtocolService (LogUtils.java:warn(122)) - s1: Failed requestVote s2->s1#0: org.apache.ratis.protocol.exceptions.ServerNotReadyException: s1@group-54B4F2458EED is not in [RUNNING]: current state is CLOSED
2022-06-29 11:32:33,415 INFO  impl.LeaderElection (LogUtils.java:infoOrTrace(137)) - s2@group-54B4F2458EED-LeaderElection116 got exception when requesting votes: java.util.concurrent.ExecutionException: org.apache.ratis.thirdparty.io.grpc.StatusRuntimeException: INTERNAL: s1@group-54B4F2458EED is not in [RUNNING]: current state is CLOSED
2022-06-29 11:32:33,415 INFO  impl.LeaderElection (LogUtils.java:infoOrTrace(137)) - s2@group-54B4F2458EED-LeaderElection116 got exception when requesting votes: java.util.concurrent.ExecutionException: org.apache.ratis.thirdparty.io.grpc.StatusRuntimeException: INTERNAL: s0@group-54B4F2458EED is not in [RUNNING]: current state is CLOSED
2022-06-29 11:32:33,416 INFO  impl.LeaderElection (LeaderElection.java:logAndReturn(90)) - s2@group-54B4F2458EED-LeaderElection116: PRE_VOTE REJECTED received 0 response(s) and 2 exception(s):
2022-06-29 11:32:33,416 INFO  impl.LeaderElection (LogUtils.java:infoOrTrace(137)) -   Exception 0: java.util.concurrent.ExecutionException: org.apache.ratis.thirdparty.io.grpc.StatusRuntimeException: INTERNAL: s1@group-54B4F2458EED is not in [RUNNING]: current state is CLOSED
2022-06-29 11:32:33,416 INFO  impl.LeaderElection (LogUtils.java:infoOrTrace(137)) -   Exception 1: java.util.concurrent.ExecutionException: org.apache.ratis.thirdparty.io.grpc.StatusRuntimeException: INTERNAL: s0@group-54B4F2458EED is not in [RUNNING]: current state is CLOSED
2022-06-29 11:32:33,416 INFO  impl.LeaderElection (LeaderElection.java:askForVotes(312)) - s2@group-54B4F2458EED-LeaderElection116 PRE_VOTE round 0: result REJECTED
2022-06-29 11:32:33,416 INFO  server.RaftServer$Division (RaftServerImpl.java:setRole(299)) - s2@group-54B4F2458EED: changes role from CANDIDATE to FOLLOWER at term 3 for REJECTED
2022-06-29 11:32:33,416 INFO  impl.RoleInfo (RoleInfo.java:shutdownLeaderElection(130)) - s2: shutdown s2@group-54B4F2458EED-LeaderElection116
2022-06-29 11:32:33,416 INFO  impl.RoleInfo (RoleInfo.java:updateAndGet(139)) - s2: start s2@group-54B4F2458EED-FollowerState
2022-06-29 11:32:33,699 INFO  impl.FollowerState (FollowerState.java:run(143)) - s2@group-54B4F2458EED-FollowerState: change to CANDIDATE, lastRpcElapsedTime:283276798ns, electionTimeout:278ms
2022-06-29 11:32:33,699 INFO  impl.RoleInfo (RoleInfo.java:shutdownFollowerState(110)) - s2: shutdown s2@group-54B4F2458EED-FollowerState
2022-06-29 11:32:33,699 INFO  server.RaftServer$Division (RaftServerImpl.java:setRole(299)) - s2@group-54B4F2458EED: changes role from  FOLLOWER to CANDIDATE at term 3 for changeToCandidate
2022-06-29 11:32:33,700 INFO  server.RaftServerConfigKeys (ConfUtils.java:logGet(46)) - raft.server.leaderelection.pre-vote = true (default)
2022-06-29 11:32:33,701 INFO  impl.RoleInfo (RoleInfo.java:updateAndGet(139)) - s2: start s2@group-54B4F2458EED-LeaderElection117
2022-06-29 11:32:33,702 INFO  impl.LeaderElection (LeaderElection.java:askForVotes(310)) - s2@group-54B4F2458EED-LeaderElection117 PRE_VOTE round 0: submit vote requests at term 3 for 28: [s0|rpc:localhost:46515|admin:localhost:40757|client:localhost:41939|dataStream:localhost:35593|priority:0, s1|rpc:localhost:34095|admin:localhost:43151|client:localhost:36051|dataStream:localhost:38995|priority:0, s2|rpc:localhost:40453|admin:localhost:33947|client:localhost:38503|dataStream:localhost:42009|priority:0], old=null
2022-06-29 11:32:33,706 INFO  server.RaftServer$Division (RaftServerImpl.java:requestVote(1152)) - s0@group-54B4F2458EED: receive requestVote(PRE_VOTE, s2, group-54B4F2458EED, 3, (t:3, i:31))
2022-06-29 11:32:33,707 WARN  server.GrpcServerProtocolService (LogUtils.java:warn(122)) - s0: Failed requestVote s2->s0#0: org.apache.ratis.protocol.exceptions.ServerNotReadyException: s0@group-54B4F2458EED is not in [RUNNING]: current state is CLOSED
2022-06-29 11:32:33,707 INFO  server.RaftServer$Division (RaftServerImpl.java:requestVote(1152)) - s1@group-54B4F2458EED: receive requestVote(PRE_VOTE, s2, group-54B4F2458EED, 3, (t:3, i:31))
2022-06-29 11:32:33,707 WARN  server.GrpcServerProtocolService (LogUtils.java:warn(122)) - s1: Failed requestVote s2->s1#0: org.apache.ratis.protocol.exceptions.ServerNotReadyException: s1@group-54B4F2458EED is not in [RUNNING]: current state is CLOSED
2022-06-29 11:32:33,708 INFO  impl.LeaderElection (LogUtils.java:infoOrTrace(137)) - s2@group-54B4F2458EED-LeaderElection117 got exception when requesting votes: java.util.concurrent.ExecutionException: org.apache.ratis.thirdparty.io.grpc.StatusRuntimeException: INTERNAL: s0@group-54B4F2458EED is not in [RUNNING]: current state is CLOSED
2022-06-29 11:32:33,708 INFO  impl.LeaderElection (LogUtils.java:infoOrTrace(137)) - s2@group-54B4F2458EED-LeaderElection117 got exception when requesting votes: java.util.concurrent.ExecutionException: org.apache.ratis.thirdparty.io.grpc.StatusRuntimeException: INTERNAL: s1@group-54B4F2458EED is not in [RUNNING]: current state is CLOSED
2022-06-29 11:32:33,708 INFO  impl.LeaderElection (LeaderElection.java:logAndReturn(90)) - s2@group-54B4F2458EED-LeaderElection117: PRE_VOTE REJECTED received 0 response(s) and 2 exception(s):
2022-06-29 11:32:33,708 INFO  impl.LeaderElection (LogUtils.java:infoOrTrace(137)) -   Exception 0: java.util.concurrent.ExecutionException: org.apache.ratis.thirdparty.io.grpc.StatusRuntimeException: INTERNAL: s0@group-54B4F2458EED is not in [RUNNING]: current state is CLOSED
2022-06-29 11:32:33,708 INFO  impl.LeaderElection (LogUtils.java:infoOrTrace(137)) -   Exception 1: java.util.concurrent.ExecutionException: org.apache.ratis.thirdparty.io.grpc.StatusRuntimeException: INTERNAL: s1@group-54B4F2458EED is not in [RUNNING]: current state is CLOSED
2022-06-29 11:32:33,709 INFO  impl.LeaderElection (LeaderElection.java:askForVotes(312)) - s2@group-54B4F2458EED-LeaderElection117 PRE_VOTE round 0: result REJECTED
2022-06-29 11:32:33,709 INFO  server.RaftServer$Division (RaftServerImpl.java:setRole(299)) - s2@group-54B4F2458EED: changes role from CANDIDATE to FOLLOWER at term 3 for REJECTED
2022-06-29 11:32:33,709 INFO  impl.RoleInfo (RoleInfo.java:shutdownLeaderElection(130)) - s2: shutdown s2@group-54B4F2458EED-LeaderElection117
2022-06-29 11:32:33,709 INFO  impl.RoleInfo (RoleInfo.java:updateAndGet(139)) - s2: start s2@group-54B4F2458EED-FollowerState
2022-06-29 11:32:33,903 INFO  impl.FollowerState (FollowerState.java:run(143)) - s2@group-54B4F2458EED-FollowerState: change to CANDIDATE, lastRpcElapsedTime:193336929ns, electionTimeout:192ms
2022-06-29 11:32:33,903 INFO  impl.RoleInfo (RoleInfo.java:shutdownFollowerState(110)) - s2: shutdown s2@group-54B4F2458EED-FollowerState
2022-06-29 11:32:33,903 INFO  server.RaftServer$Division (RaftServerImpl.java:setRole(299)) - s2@group-54B4F2458EED: changes role from  FOLLOWER to CANDIDATE at term 3 for changeToCandidate
2022-06-29 11:32:33,904 INFO  server.RaftServerConfigKeys (ConfUtils.java:logGet(46)) - raft.server.leaderelection.pre-vote = true (default)
2022-06-29 11:32:33,904 INFO  impl.RoleInfo (RoleInfo.java:updateAndGet(139)) - s2: start s2@group-54B4F2458EED-LeaderElection118
2022-06-29 11:32:33,906 INFO  impl.LeaderElection (LeaderElection.java:askForVotes(310)) - s2@group-54B4F2458EED-LeaderElection118 PRE_VOTE round 0: submit vote requests at term 3 for 28: [s0|rpc:localhost:46515|admin:localhost:40757|client:localhost:41939|dataStream:localhost:35593|priority:0, s1|rpc:localhost:34095|admin:localhost:43151|client:localhost:36051|dataStream:localhost:38995|priority:0, s2|rpc:localhost:40453|admin:localhost:33947|client:localhost:38503|dataStream:localhost:42009|priority:0], old=null
2022-06-29 11:32:33,908 INFO  server.RaftServer$Division (RaftServerImpl.java:requestVote(1152)) - s0@group-54B4F2458EED: receive requestVote(PRE_VOTE, s2, group-54B4F2458EED, 3, (t:3, i:31))
2022-06-29 11:32:33,908 WARN  server.GrpcServerProtocolService (LogUtils.java:warn(122)) - s0: Failed requestVote s2->s0#0: org.apache.ratis.protocol.exceptions.ServerNotReadyException: s0@group-54B4F2458EED is not in [RUNNING]: current state is CLOSED
2022-06-29 11:32:33,910 INFO  server.RaftServer$Division (RaftServerImpl.java:requestVote(1152)) - s1@group-54B4F2458EED: receive requestVote(PRE_VOTE, s2, group-54B4F2458EED, 3, (t:3, i:31))
2022-06-29 11:32:33,910 WARN  server.GrpcServerProtocolService (LogUtils.java:warn(122)) - s1: Failed requestVote s2->s1#0: org.apache.ratis.protocol.exceptions.ServerNotReadyException: s1@group-54B4F2458EED is not in [RUNNING]: current state is CLOSED
2022-06-29 11:32:33,911 INFO  impl.LeaderElection (LogUtils.java:infoOrTrace(137)) - s2@group-54B4F2458EED-LeaderElection118 got exception when requesting votes: java.util.concurrent.ExecutionException: org.apache.ratis.thirdparty.io.grpc.StatusRuntimeException: INTERNAL: s1@group-54B4F2458EED is not in [RUNNING]: current state is CLOSED
2022-06-29 11:32:33,911 INFO  impl.LeaderElection (LogUtils.java:infoOrTrace(137)) - s2@group-54B4F2458EED-LeaderElection118 got exception when requesting votes: java.util.concurrent.ExecutionException: org.apache.ratis.thirdparty.io.grpc.StatusRuntimeException: INTERNAL: s0@group-54B4F2458EED is not in [RUNNING]: current state is CLOSED
2022-06-29 11:32:33,911 INFO  impl.LeaderElection (LeaderElection.java:logAndReturn(90)) - s2@group-54B4F2458EED-LeaderElection118: PRE_VOTE REJECTED received 0 response(s) and 2 exception(s):
2022-06-29 11:32:33,911 INFO  impl.LeaderElection (LogUtils.java:infoOrTrace(137)) -   Exception 0: java.util.concurrent.ExecutionException: org.apache.ratis.thirdparty.io.grpc.StatusRuntimeException: INTERNAL: s1@group-54B4F2458EED is not in [RUNNING]: current state is CLOSED
2022-06-29 11:32:33,911 INFO  impl.LeaderElection (LogUtils.java:infoOrTrace(137)) -   Exception 1: java.util.concurrent.ExecutionException: org.apache.ratis.thirdparty.io.grpc.StatusRuntimeException: INTERNAL: s0@group-54B4F2458EED is not in [RUNNING]: current state is CLOSED
2022-06-29 11:32:33,911 INFO  impl.LeaderElection (LeaderElection.java:askForVotes(312)) - s2@group-54B4F2458EED-LeaderElection118 PRE_VOTE round 0: result REJECTED
2022-06-29 11:32:33,911 INFO  server.RaftServer$Division (RaftServerImpl.java:setRole(299)) - s2@group-54B4F2458EED: changes role from CANDIDATE to FOLLOWER at term 3 for REJECTED
2022-06-29 11:32:33,911 INFO  impl.RoleInfo (RoleInfo.java:shutdownLeaderElection(130)) - s2: shutdown s2@group-54B4F2458EED-LeaderElection118
2022-06-29 11:32:33,913 INFO  impl.RoleInfo (RoleInfo.java:updateAndGet(139)) - s2: start s2@group-54B4F2458EED-FollowerState
2022-06-29 11:32:34,136 INFO  impl.FollowerState (FollowerState.java:run(143)) - s2@group-54B4F2458EED-FollowerState: change to CANDIDATE, lastRpcElapsedTime:222818739ns, electionTimeout:221ms
2022-06-29 11:32:34,136 INFO  impl.RoleInfo (RoleInfo.java:shutdownFollowerState(110)) - s2: shutdown s2@group-54B4F2458EED-FollowerState
2022-06-29 11:32:34,136 INFO  server.RaftServer$Division (RaftServerImpl.java:setRole(299)) - s2@group-54B4F2458EED: changes role from  FOLLOWER to CANDIDATE at term 3 for changeToCandidate
2022-06-29 11:32:34,136 INFO  server.RaftServerConfigKeys (ConfUtils.java:logGet(46)) - raft.server.leaderelection.pre-vote = true (default)
2022-06-29 11:32:34,136 INFO  impl.RoleInfo (RoleInfo.java:updateAndGet(139)) - s2: start s2@group-54B4F2458EED-LeaderElection119
2022-06-29 11:32:34,140 INFO  impl.LeaderElection (LeaderElection.java:askForVotes(310)) - s2@group-54B4F2458EED-LeaderElection119 PRE_VOTE round 0: submit vote requests at term 3 for 28: [s0|rpc:localhost:46515|admin:localhost:40757|client:localhost:41939|dataStream:localhost:35593|priority:0, s1|rpc:localhost:34095|admin:localhost:43151|client:localhost:36051|dataStream:localhost:38995|priority:0, s2|rpc:localhost:40453|admin:localhost:33947|client:localhost:38503|dataStream:localhost:42009|priority:0], old=null
2022-06-29 11:32:34,146 INFO  server.RaftServer$Division (RaftServerImpl.java:requestVote(1152)) - s0@group-54B4F2458EED: receive requestVote(PRE_VOTE, s2, group-54B4F2458EED, 3, (t:3, i:31))
2022-06-29 11:32:34,146 WARN  server.GrpcServerProtocolService (LogUtils.java:warn(122)) - s0: Failed requestVote s2->s0#0: org.apache.ratis.protocol.exceptions.ServerNotReadyException: s0@group-54B4F2458EED is not in [RUNNING]: current state is CLOSED
2022-06-29 11:32:34,148 INFO  server.RaftServer$Division (RaftServerImpl.java:requestVote(1152)) - s1@group-54B4F2458EED: receive requestVote(PRE_VOTE, s2, group-54B4F2458EED, 3, (t:3, i:31))
2022-06-29 11:32:34,148 WARN  server.GrpcServerProtocolService (LogUtils.java:warn(122)) - s1: Failed requestVote s2->s1#0: org.apache.ratis.protocol.exceptions.ServerNotReadyException: s1@group-54B4F2458EED is not in [RUNNING]: current state is CLOSED
2022-06-29 11:32:34,149 INFO  impl.LeaderElection (LogUtils.java:infoOrTrace(137)) - s2@group-54B4F2458EED-LeaderElection119 got exception when requesting votes: java.util.concurrent.ExecutionException: org.apache.ratis.thirdparty.io.grpc.StatusRuntimeException: INTERNAL: s1@group-54B4F2458EED is not in [RUNNING]: current state is CLOSED
2022-06-29 11:32:34,152 INFO  impl.LeaderElection (LogUtils.java:infoOrTrace(137)) - s2@group-54B4F2458EED-LeaderElection119 got exception when requesting votes: java.util.concurrent.ExecutionException: org.apache.ratis.thirdparty.io.grpc.StatusRuntimeException: INTERNAL: s0@group-54B4F2458EED is not in [RUNNING]: current state is CLOSED
2022-06-29 11:32:34,152 INFO  impl.LeaderElection (LeaderElection.java:logAndReturn(90)) - s2@group-54B4F2458EED-LeaderElection119: PRE_VOTE REJECTED received 0 response(s) and 2 exception(s):
2022-06-29 11:32:34,152 INFO  impl.LeaderElection (LogUtils.java:infoOrTrace(137)) -   Exception 0: java.util.concurrent.ExecutionException: org.apache.ratis.thirdparty.io.grpc.StatusRuntimeException: INTERNAL: s1@group-54B4F2458EED is not in [RUNNING]: current state is CLOSED
2022-06-29 11:32:34,152 INFO  impl.LeaderElection (LogUtils.java:infoOrTrace(137)) -   Exception 1: java.util.concurrent.ExecutionException: org.apache.ratis.thirdparty.io.grpc.StatusRuntimeException: INTERNAL: s0@group-54B4F2458EED is not in [RUNNING]: current state is CLOSED
2022-06-29 11:32:34,153 INFO  impl.LeaderElection (LeaderElection.java:askForVotes(312)) - s2@group-54B4F2458EED-LeaderElection119 PRE_VOTE round 0: result REJECTED
2022-06-29 11:32:34,154 INFO  server.RaftServer$Division (RaftServerImpl.java:setRole(299)) - s2@group-54B4F2458EED: changes role from CANDIDATE to FOLLOWER at term 3 for REJECTED
2022-06-29 11:32:34,154 INFO  impl.RoleInfo (RoleInfo.java:shutdownLeaderElection(130)) - s2: shutdown s2@group-54B4F2458EED-LeaderElection119
2022-06-29 11:32:34,154 INFO  impl.RoleInfo (RoleInfo.java:updateAndGet(139)) - s2: start s2@group-54B4F2458EED-FollowerState
2022-06-29 11:32:34,408 INFO  impl.FollowerState (FollowerState.java:run(143)) - s2@group-54B4F2458EED-FollowerState: change to CANDIDATE, lastRpcElapsedTime:254723584ns, electionTimeout:224ms
2022-06-29 11:32:34,408 INFO  impl.RoleInfo (RoleInfo.java:shutdownFollowerState(110)) - s2: shutdown s2@group-54B4F2458EED-FollowerState
2022-06-29 11:32:34,409 INFO  server.RaftServer$Division (RaftServerImpl.java:setRole(299)) - s2@group-54B4F2458EED: changes role from  FOLLOWER to CANDIDATE at term 3 for changeToCandidate
2022-06-29 11:32:34,409 INFO  server.RaftServerConfigKeys (ConfUtils.java:logGet(46)) - raft.server.leaderelection.pre-vote = true (default)
2022-06-29 11:32:34,409 INFO  impl.RoleInfo (RoleInfo.java:updateAndGet(139)) - s2: start s2@group-54B4F2458EED-LeaderElection120
2022-06-29 11:32:34,409 INFO  impl.LeaderElection (LeaderElection.java:askForVotes(310)) - s2@group-54B4F2458EED-LeaderElection120 PRE_VOTE round 0: submit vote requests at term 3 for 28: [s0|rpc:localhost:46515|admin:localhost:40757|client:localhost:41939|dataStream:localhost:35593|priority:0, s1|rpc:localhost:34095|admin:localhost:43151|client:localhost:36051|dataStream:localhost:38995|priority:0, s2|rpc:localhost:40453|admin:localhost:33947|client:localhost:38503|dataStream:localhost:42009|priority:0], old=null
2022-06-29 11:32:34,414 INFO  server.RaftServer$Division (RaftServerImpl.java:requestVote(1152)) - s1@group-54B4F2458EED: receive requestVote(PRE_VOTE, s2, group-54B4F2458EED, 3, (t:3, i:31))
2022-06-29 11:32:34,414 WARN  server.GrpcServerProtocolService (LogUtils.java:warn(122)) - s1: Failed requestVote s2->s1#0: org.apache.ratis.protocol.exceptions.ServerNotReadyException: s1@group-54B4F2458EED is not in [RUNNING]: current state is CLOSED
2022-06-29 11:32:34,415 INFO  server.RaftServer$Division (RaftServerImpl.java:requestVote(1152)) - s0@group-54B4F2458EED: receive requestVote(PRE_VOTE, s2, group-54B4F2458EED, 3, (t:3, i:31))
2022-06-29 11:32:34,415 WARN  server.GrpcServerProtocolService (LogUtils.java:warn(122)) - s0: Failed requestVote s2->s0#0: org.apache.ratis.protocol.exceptions.ServerNotReadyException: s0@group-54B4F2458EED is not in [RUNNING]: current state is CLOSED
2022-06-29 11:32:34,417 INFO  impl.LeaderElection (LogUtils.java:infoOrTrace(137)) - s2@group-54B4F2458EED-LeaderElection120 got exception when requesting votes: java.util.concurrent.ExecutionException: org.apache.ratis.thirdparty.io.grpc.StatusRuntimeException: INTERNAL: s1@group-54B4F2458EED is not in [RUNNING]: current state is CLOSED
2022-06-29 11:32:34,417 INFO  impl.LeaderElection (LogUtils.java:infoOrTrace(137)) - s2@group-54B4F2458EED-LeaderElection120 got exception when requesting votes: java.util.concurrent.ExecutionException: org.apache.ratis.thirdparty.io.grpc.StatusRuntimeException: INTERNAL: s0@group-54B4F2458EED is not in [RUNNING]: current state is CLOSED
2022-06-29 11:32:34,417 INFO  impl.LeaderElection (LeaderElection.java:logAndReturn(90)) - s2@group-54B4F2458EED-LeaderElection120: PRE_VOTE REJECTED received 0 response(s) and 2 exception(s):
2022-06-29 11:32:34,417 INFO  impl.LeaderElection (LogUtils.java:infoOrTrace(137)) -   Exception 0: java.util.concurrent.ExecutionException: org.apache.ratis.thirdparty.io.grpc.StatusRuntimeException: INTERNAL: s1@group-54B4F2458EED is not in [RUNNING]: current state is CLOSED
2022-06-29 11:32:34,417 INFO  impl.LeaderElection (LogUtils.java:infoOrTrace(137)) -   Exception 1: java.util.concurrent.ExecutionException: org.apache.ratis.thirdparty.io.grpc.StatusRuntimeException: INTERNAL: s0@group-54B4F2458EED is not in [RUNNING]: current state is CLOSED
2022-06-29 11:32:34,417 INFO  impl.LeaderElection (LeaderElection.java:askForVotes(312)) - s2@group-54B4F2458EED-LeaderElection120 PRE_VOTE round 0: result REJECTED
2022-06-29 11:32:34,417 INFO  server.RaftServer$Division (RaftServerImpl.java:setRole(299)) - s2@group-54B4F2458EED: changes role from CANDIDATE to FOLLOWER at term 3 for REJECTED
2022-06-29 11:32:34,417 INFO  impl.RoleInfo (RoleInfo.java:shutdownLeaderElection(130)) - s2: shutdown s2@group-54B4F2458EED-LeaderElection120
2022-06-29 11:32:34,417 INFO  impl.RoleInfo (RoleInfo.java:updateAndGet(139)) - s2: start s2@group-54B4F2458EED-FollowerState
2022-06-29 11:32:34,582 INFO  impl.FollowerState (FollowerState.java:run(143)) - s2@group-54B4F2458EED-FollowerState: change to CANDIDATE, lastRpcElapsedTime:164923021ns, electionTimeout:163ms
2022-06-29 11:32:34,582 INFO  impl.RoleInfo (RoleInfo.java:shutdownFollowerState(110)) - s2: shutdown s2@group-54B4F2458EED-FollowerState
2022-06-29 11:32:34,582 INFO  server.RaftServer$Division (RaftServerImpl.java:setRole(299)) - s2@group-54B4F2458EED: changes role from  FOLLOWER to CANDIDATE at term 3 for changeToCandidate
2022-06-29 11:32:34,584 INFO  server.RaftServerConfigKeys (ConfUtils.java:logGet(46)) - raft.server.leaderelection.pre-vote = true (default)
2022-06-29 11:32:34,584 INFO  impl.RoleInfo (RoleInfo.java:updateAndGet(139)) - s2: start s2@group-54B4F2458EED-LeaderElection121
2022-06-29 11:32:34,588 INFO  impl.LeaderElection (LeaderElection.java:askForVotes(310)) - s2@group-54B4F2458EED-LeaderElection121 PRE_VOTE round 0: submit vote requests at term 3 for 28: [s0|rpc:localhost:46515|admin:localhost:40757|client:localhost:41939|dataStream:localhost:35593|priority:0, s1|rpc:localhost:34095|admin:localhost:43151|client:localhost:36051|dataStream:localhost:38995|priority:0, s2|rpc:localhost:40453|admin:localhost:33947|client:localhost:38503|dataStream:localhost:42009|priority:0], old=null
2022-06-29 11:32:34,591 INFO  server.RaftServer$Division (RaftServerImpl.java:requestVote(1152)) - s0@group-54B4F2458EED: receive requestVote(PRE_VOTE, s2, group-54B4F2458EED, 3, (t:3, i:31))
2022-06-29 11:32:34,591 WARN  server.GrpcServerProtocolService (LogUtils.java:warn(122)) - s0: Failed requestVote s2->s0#0: org.apache.ratis.protocol.exceptions.ServerNotReadyException: s0@group-54B4F2458EED is not in [RUNNING]: current state is CLOSED
2022-06-29 11:32:34,591 INFO  impl.LeaderElection (LogUtils.java:infoOrTrace(137)) - s2@group-54B4F2458EED-LeaderElection121 got exception when requesting votes: java.util.concurrent.ExecutionException: org.apache.ratis.thirdparty.io.grpc.StatusRuntimeException: INTERNAL: s0@group-54B4F2458EED is not in [RUNNING]: current state is CLOSED
2022-06-29 11:32:34,592 INFO  server.RaftServer$Division (RaftServerImpl.java:requestVote(1152)) - s1@group-54B4F2458EED: receive requestVote(PRE_VOTE, s2, group-54B4F2458EED, 3, (t:3, i:31))
2022-06-29 11:32:34,592 WARN  server.GrpcServerProtocolService (LogUtils.java:warn(122)) - s1: Failed requestVote s2->s1#0: org.apache.ratis.protocol.exceptions.ServerNotReadyException: s1@group-54B4F2458EED is not in [RUNNING]: current state is CLOSED
2022-06-29 11:32:34,593 INFO  impl.LeaderElection (LogUtils.java:infoOrTrace(137)) - s2@group-54B4F2458EED-LeaderElection121 got exception when requesting votes: java.util.concurrent.ExecutionException: org.apache.ratis.thirdparty.io.grpc.StatusRuntimeException: INTERNAL: s1@group-54B4F2458EED is not in [RUNNING]: current state is CLOSED
2022-06-29 11:32:34,593 INFO  impl.LeaderElection (LeaderElection.java:logAndReturn(90)) - s2@group-54B4F2458EED-LeaderElection121: PRE_VOTE REJECTED received 0 response(s) and 2 exception(s):
2022-06-29 11:32:34,593 INFO  impl.LeaderElection (LogUtils.java:infoOrTrace(137)) -   Exception 0: java.util.concurrent.ExecutionException: org.apache.ratis.thirdparty.io.grpc.StatusRuntimeException: INTERNAL: s0@group-54B4F2458EED is not in [RUNNING]: current state is CLOSED
2022-06-29 11:32:34,593 INFO  impl.LeaderElection (LogUtils.java:infoOrTrace(137)) -   Exception 1: java.util.concurrent.ExecutionException: org.apache.ratis.thirdparty.io.grpc.StatusRuntimeException: INTERNAL: s1@group-54B4F2458EED is not in [RUNNING]: current state is CLOSED
2022-06-29 11:32:34,593 INFO  impl.LeaderElection (LeaderElection.java:askForVotes(312)) - s2@group-54B4F2458EED-LeaderElection121 PRE_VOTE round 0: result REJECTED
2022-06-29 11:32:34,593 INFO  server.RaftServer$Division (RaftServerImpl.java:setRole(299)) - s2@group-54B4F2458EED: changes role from CANDIDATE to FOLLOWER at term 3 for REJECTED
2022-06-29 11:32:34,593 INFO  impl.RoleInfo (RoleInfo.java:shutdownLeaderElection(130)) - s2: shutdown s2@group-54B4F2458EED-LeaderElection121
2022-06-29 11:32:34,593 INFO  impl.RoleInfo (RoleInfo.java:updateAndGet(139)) - s2: start s2@group-54B4F2458EED-FollowerState
2022-06-29 11:32:34,762 INFO  impl.FollowerState (FollowerState.java:run(143)) - s2@group-54B4F2458EED-FollowerState: change to CANDIDATE, lastRpcElapsedTime:169402983ns, electionTimeout:169ms
2022-06-29 11:32:34,762 INFO  impl.RoleInfo (RoleInfo.java:shutdownFollowerState(110)) - s2: shutdown s2@group-54B4F2458EED-FollowerState
2022-06-29 11:32:34,762 INFO  server.RaftServer$Division (RaftServerImpl.java:setRole(299)) - s2@group-54B4F2458EED: changes role from  FOLLOWER to CANDIDATE at term 3 for changeToCandidate
2022-06-29 11:32:34,765 INFO  server.RaftServerConfigKeys (ConfUtils.java:logGet(46)) - raft.server.leaderelection.pre-vote = true (default)
2022-06-29 11:32:34,765 INFO  impl.RoleInfo (RoleInfo.java:updateAndGet(139)) - s2: start s2@group-54B4F2458EED-LeaderElection122
2022-06-29 11:32:34,768 INFO  impl.LeaderElection (LeaderElection.java:askForVotes(310)) - s2@group-54B4F2458EED-LeaderElection122 PRE_VOTE round 0: submit vote requests at term 3 for 28: [s0|rpc:localhost:46515|admin:localhost:40757|client:localhost:41939|dataStream:localhost:35593|priority:0, s1|rpc:localhost:34095|admin:localhost:43151|client:localhost:36051|dataStream:localhost:38995|priority:0, s2|rpc:localhost:40453|admin:localhost:33947|client:localhost:38503|dataStream:localhost:42009|priority:0], old=null
2022-06-29 11:32:34,770 INFO  server.RaftServer$Division (RaftServerImpl.java:requestVote(1152)) - s0@group-54B4F2458EED: receive requestVote(PRE_VOTE, s2, group-54B4F2458EED, 3, (t:3, i:31))
2022-06-29 11:32:34,770 WARN  server.GrpcServerProtocolService (LogUtils.java:warn(122)) - s0: Failed requestVote s2->s0#0: org.apache.ratis.protocol.exceptions.ServerNotReadyException: s0@group-54B4F2458EED is not in [RUNNING]: current state is CLOSED
2022-06-29 11:32:34,771 INFO  server.RaftServer$Division (RaftServerImpl.java:requestVote(1152)) - s1@group-54B4F2458EED: receive requestVote(PRE_VOTE, s2, group-54B4F2458EED, 3, (t:3, i:31))
2022-06-29 11:32:34,771 WARN  server.GrpcServerProtocolService (LogUtils.java:warn(122)) - s1: Failed requestVote s2->s1#0: org.apache.ratis.protocol.exceptions.ServerNotReadyException: s1@group-54B4F2458EED is not in [RUNNING]: current state is CLOSED
2022-06-29 11:32:34,775 INFO  impl.LeaderElection (LogUtils.java:infoOrTrace(137)) - s2@group-54B4F2458EED-LeaderElection122 got exception when requesting votes: java.util.concurrent.ExecutionException: org.apache.ratis.thirdparty.io.grpc.StatusRuntimeException: INTERNAL: s0@group-54B4F2458EED is not in [RUNNING]: current state is CLOSED
2022-06-29 11:32:34,775 INFO  impl.LeaderElection (LogUtils.java:infoOrTrace(137)) - s2@group-54B4F2458EED-LeaderElection122 got exception when requesting votes: java.util.concurrent.ExecutionException: org.apache.ratis.thirdparty.io.grpc.StatusRuntimeException: INTERNAL: s1@group-54B4F2458EED is not in [RUNNING]: current state is CLOSED
2022-06-29 11:32:34,775 INFO  impl.LeaderElection (LeaderElection.java:logAndReturn(90)) - s2@group-54B4F2458EED-LeaderElection122: PRE_VOTE REJECTED received 0 response(s) and 2 exception(s):
2022-06-29 11:32:34,775 INFO  impl.LeaderElection (LogUtils.java:infoOrTrace(137)) -   Exception 0: java.util.concurrent.ExecutionException: org.apache.ratis.thirdparty.io.grpc.StatusRuntimeException: INTERNAL: s0@group-54B4F2458EED is not in [RUNNING]: current state is CLOSED
2022-06-29 11:32:34,775 INFO  impl.LeaderElection (LogUtils.java:infoOrTrace(137)) -   Exception 1: java.util.concurrent.ExecutionException: org.apache.ratis.thirdparty.io.grpc.StatusRuntimeException: INTERNAL: s1@group-54B4F2458EED is not in [RUNNING]: current state is CLOSED
2022-06-29 11:32:34,779 INFO  impl.LeaderElection (LeaderElection.java:askForVotes(312)) - s2@group-54B4F2458EED-LeaderElection122 PRE_VOTE round 0: result REJECTED
2022-06-29 11:32:34,780 INFO  server.RaftServer$Division (RaftServerImpl.java:setRole(299)) - s2@group-54B4F2458EED: changes role from CANDIDATE to FOLLOWER at term 3 for REJECTED
2022-06-29 11:32:34,780 INFO  impl.RoleInfo (RoleInfo.java:shutdownLeaderElection(130)) - s2: shutdown s2@group-54B4F2458EED-LeaderElection122
2022-06-29 11:32:34,781 INFO  impl.RoleInfo (RoleInfo.java:updateAndGet(139)) - s2: start s2@group-54B4F2458EED-FollowerState
2022-06-29 11:32:35,051 INFO  impl.FollowerState (FollowerState.java:run(143)) - s2@group-54B4F2458EED-FollowerState: change to CANDIDATE, lastRpcElapsedTime:269618292ns, electionTimeout:263ms
2022-06-29 11:32:35,051 INFO  impl.RoleInfo (RoleInfo.java:shutdownFollowerState(110)) - s2: shutdown s2@group-54B4F2458EED-FollowerState
2022-06-29 11:32:35,051 INFO  server.RaftServer$Division (RaftServerImpl.java:setRole(299)) - s2@group-54B4F2458EED: changes role from  FOLLOWER to CANDIDATE at term 3 for changeToCandidate
2022-06-29 11:32:35,053 INFO  server.RaftServerConfigKeys (ConfUtils.java:logGet(46)) - raft.server.leaderelection.pre-vote = true (default)
2022-06-29 11:32:35,053 INFO  impl.RoleInfo (RoleInfo.java:updateAndGet(139)) - s2: start s2@group-54B4F2458EED-LeaderElection123
2022-06-29 11:32:35,056 INFO  impl.LeaderElection (LeaderElection.java:askForVotes(310)) - s2@group-54B4F2458EED-LeaderElection123 PRE_VOTE round 0: submit vote requests at term 3 for 28: [s0|rpc:localhost:46515|admin:localhost:40757|client:localhost:41939|dataStream:localhost:35593|priority:0, s1|rpc:localhost:34095|admin:localhost:43151|client:localhost:36051|dataStream:localhost:38995|priority:0, s2|rpc:localhost:40453|admin:localhost:33947|client:localhost:38503|dataStream:localhost:42009|priority:0], old=null
2022-06-29 11:32:35,063 INFO  server.RaftServer$Division (RaftServerImpl.java:requestVote(1152)) - s0@group-54B4F2458EED: receive requestVote(PRE_VOTE, s2, group-54B4F2458EED, 3, (t:3, i:31))
2022-06-29 11:32:35,063 WARN  server.GrpcServerProtocolService (LogUtils.java:warn(122)) - s0: Failed requestVote s2->s0#0: org.apache.ratis.protocol.exceptions.ServerNotReadyException: s0@group-54B4F2458EED is not in [RUNNING]: current state is CLOSED
2022-06-29 11:32:35,064 INFO  server.RaftServer$Division (RaftServerImpl.java:requestVote(1152)) - s1@group-54B4F2458EED: receive requestVote(PRE_VOTE, s2, group-54B4F2458EED, 3, (t:3, i:31))
2022-06-29 11:32:35,064 WARN  server.GrpcServerProtocolService (LogUtils.java:warn(122)) - s1: Failed requestVote s2->s1#0: org.apache.ratis.protocol.exceptions.ServerNotReadyException: s1@group-54B4F2458EED is not in [RUNNING]: current state is CLOSED
2022-06-29 11:32:35,072 INFO  impl.LeaderElection (LogUtils.java:infoOrTrace(137)) - s2@group-54B4F2458EED-LeaderElection123 got exception when requesting votes: java.util.concurrent.ExecutionException: org.apache.ratis.thirdparty.io.grpc.StatusRuntimeException: INTERNAL: s1@group-54B4F2458EED is not in [RUNNING]: current state is CLOSED
2022-06-29 11:32:35,072 INFO  impl.LeaderElection (LogUtils.java:infoOrTrace(137)) - s2@group-54B4F2458EED-LeaderElection123 got exception when requesting votes: java.util.concurrent.ExecutionException: org.apache.ratis.thirdparty.io.grpc.StatusRuntimeException: INTERNAL: s0@group-54B4F2458EED is not in [RUNNING]: current state is CLOSED
2022-06-29 11:32:35,073 INFO  impl.LeaderElection (LeaderElection.java:logAndReturn(90)) - s2@group-54B4F2458EED-LeaderElection123: PRE_VOTE REJECTED received 0 response(s) and 2 exception(s):
2022-06-29 11:32:35,073 INFO  impl.LeaderElection (LogUtils.java:infoOrTrace(137)) -   Exception 0: java.util.concurrent.ExecutionException: org.apache.ratis.thirdparty.io.grpc.StatusRuntimeException: INTERNAL: s1@group-54B4F2458EED is not in [RUNNING]: current state is CLOSED
2022-06-29 11:32:35,073 INFO  impl.LeaderElection (LogUtils.java:infoOrTrace(137)) -   Exception 1: java.util.concurrent.ExecutionException: org.apache.ratis.thirdparty.io.grpc.StatusRuntimeException: INTERNAL: s0@group-54B4F2458EED is not in [RUNNING]: current state is CLOSED
2022-06-29 11:32:35,073 INFO  impl.LeaderElection (LeaderElection.java:askForVotes(312)) - s2@group-54B4F2458EED-LeaderElection123 PRE_VOTE round 0: result REJECTED
2022-06-29 11:32:35,073 INFO  server.RaftServer$Division (RaftServerImpl.java:setRole(299)) - s2@group-54B4F2458EED: changes role from CANDIDATE to FOLLOWER at term 3 for REJECTED
2022-06-29 11:32:35,073 INFO  impl.RoleInfo (RoleInfo.java:shutdownLeaderElection(130)) - s2: shutdown s2@group-54B4F2458EED-LeaderElection123
2022-06-29 11:32:35,073 INFO  impl.RoleInfo (RoleInfo.java:updateAndGet(139)) - s2: start s2@group-54B4F2458EED-FollowerState
2022-06-29 11:32:35,368 INFO  impl.FollowerState (FollowerState.java:run(143)) - s2@group-54B4F2458EED-FollowerState: change to CANDIDATE, lastRpcElapsedTime:295393844ns, electionTimeout:292ms
2022-06-29 11:32:35,368 INFO  impl.RoleInfo (RoleInfo.java:shutdownFollowerState(110)) - s2: shutdown s2@group-54B4F2458EED-FollowerState
2022-06-29 11:32:35,368 INFO  server.RaftServer$Division (RaftServerImpl.java:setRole(299)) - s2@group-54B4F2458EED: changes role from  FOLLOWER to CANDIDATE at term 3 for changeToCandidate
2022-06-29 11:32:35,371 INFO  server.RaftServerConfigKeys (ConfUtils.java:logGet(46)) - raft.server.leaderelection.pre-vote = true (default)
2022-06-29 11:32:35,371 INFO  impl.RoleInfo (RoleInfo.java:updateAndGet(139)) - s2: start s2@group-54B4F2458EED-LeaderElection124
2022-06-29 11:32:35,374 INFO  impl.LeaderElection (LeaderElection.java:askForVotes(310)) - s2@group-54B4F2458EED-LeaderElection124 PRE_VOTE round 0: submit vote requests at term 3 for 28: [s0|rpc:localhost:46515|admin:localhost:40757|client:localhost:41939|dataStream:localhost:35593|priority:0, s1|rpc:localhost:34095|admin:localhost:43151|client:localhost:36051|dataStream:localhost:38995|priority:0, s2|rpc:localhost:40453|admin:localhost:33947|client:localhost:38503|dataStream:localhost:42009|priority:0], old=null
2022-06-29 11:32:35,382 INFO  server.RaftServer$Division (RaftServerImpl.java:requestVote(1152)) - s0@group-54B4F2458EED: receive requestVote(PRE_VOTE, s2, group-54B4F2458EED, 3, (t:3, i:31))
2022-06-29 11:32:35,382 WARN  server.GrpcServerProtocolService (LogUtils.java:warn(122)) - s0: Failed requestVote s2->s0#0: org.apache.ratis.protocol.exceptions.ServerNotReadyException: s0@group-54B4F2458EED is not in [RUNNING]: current state is CLOSED
2022-06-29 11:32:35,383 INFO  impl.LeaderElection (LogUtils.java:infoOrTrace(137)) - s2@group-54B4F2458EED-LeaderElection124 got exception when requesting votes: java.util.concurrent.ExecutionException: org.apache.ratis.thirdparty.io.grpc.StatusRuntimeException: INTERNAL: s0@group-54B4F2458EED is not in [RUNNING]: current state is CLOSED
2022-06-29 11:32:35,389 INFO  server.RaftServer$Division (RaftServerImpl.java:requestVote(1152)) - s1@group-54B4F2458EED: receive requestVote(PRE_VOTE, s2, group-54B4F2458EED, 3, (t:3, i:31))
2022-06-29 11:32:35,389 WARN  server.GrpcServerProtocolService (LogUtils.java:warn(122)) - s1: Failed requestVote s2->s1#0: org.apache.ratis.protocol.exceptions.ServerNotReadyException: s1@group-54B4F2458EED is not in [RUNNING]: current state is CLOSED
2022-06-29 11:32:35,390 INFO  impl.LeaderElection (LogUtils.java:infoOrTrace(137)) - s2@group-54B4F2458EED-LeaderElection124 got exception when requesting votes: java.util.concurrent.ExecutionException: org.apache.ratis.thirdparty.io.grpc.StatusRuntimeException: INTERNAL: s1@group-54B4F2458EED is not in [RUNNING]: current state is CLOSED
2022-06-29 11:32:35,391 INFO  impl.LeaderElection (LeaderElection.java:logAndReturn(90)) - s2@group-54B4F2458EED-LeaderElection124: PRE_VOTE REJECTED received 0 response(s) and 2 exception(s):
2022-06-29 11:32:35,391 INFO  impl.LeaderElection (LogUtils.java:infoOrTrace(137)) -   Exception 0: java.util.concurrent.ExecutionException: org.apache.ratis.thirdparty.io.grpc.StatusRuntimeException: INTERNAL: s0@group-54B4F2458EED is not in [RUNNING]: current state is CLOSED
2022-06-29 11:32:35,391 INFO  impl.LeaderElection (LogUtils.java:infoOrTrace(137)) -   Exception 1: java.util.concurrent.ExecutionException: org.apache.ratis.thirdparty.io.grpc.StatusRuntimeException: INTERNAL: s1@group-54B4F2458EED is not in [RUNNING]: current state is CLOSED
2022-06-29 11:32:35,392 INFO  impl.LeaderElection (LeaderElection.java:askForVotes(312)) - s2@group-54B4F2458EED-LeaderElection124 PRE_VOTE round 0: result REJECTED
2022-06-29 11:32:35,393 INFO  server.RaftServer$Division (RaftServerImpl.java:setRole(299)) - s2@group-54B4F2458EED: changes role from CANDIDATE to FOLLOWER at term 3 for REJECTED
2022-06-29 11:32:35,393 INFO  impl.RoleInfo (RoleInfo.java:shutdownLeaderElection(130)) - s2: shutdown s2@group-54B4F2458EED-LeaderElection124
2022-06-29 11:32:35,393 INFO  impl.RoleInfo (RoleInfo.java:updateAndGet(139)) - s2: start s2@group-54B4F2458EED-FollowerState
2022-06-29 11:32:35,570 INFO  impl.FollowerState (FollowerState.java:run(143)) - s2@group-54B4F2458EED-FollowerState: change to CANDIDATE, lastRpcElapsedTime:177723093ns, electionTimeout:174ms
2022-06-29 11:32:35,570 INFO  impl.RoleInfo (RoleInfo.java:shutdownFollowerState(110)) - s2: shutdown s2@group-54B4F2458EED-FollowerState
2022-06-29 11:32:35,571 INFO  server.RaftServer$Division (RaftServerImpl.java:setRole(299)) - s2@group-54B4F2458EED: changes role from  FOLLOWER to CANDIDATE at term 3 for changeToCandidate
2022-06-29 11:32:35,571 INFO  server.RaftServerConfigKeys (ConfUtils.java:logGet(46)) - raft.server.leaderelection.pre-vote = true (default)
2022-06-29 11:32:35,572 INFO  impl.RoleInfo (RoleInfo.java:updateAndGet(139)) - s2: start s2@group-54B4F2458EED-LeaderElection125
2022-06-29 11:32:35,577 INFO  impl.LeaderElection (LeaderElection.java:askForVotes(310)) - s2@group-54B4F2458EED-LeaderElection125 PRE_VOTE round 0: submit vote requests at term 3 for 28: [s0|rpc:localhost:46515|admin:localhost:40757|client:localhost:41939|dataStream:localhost:35593|priority:0, s1|rpc:localhost:34095|admin:localhost:43151|client:localhost:36051|dataStream:localhost:38995|priority:0, s2|rpc:localhost:40453|admin:localhost:33947|client:localhost:38503|dataStream:localhost:42009|priority:0], old=null
2022-06-29 11:32:35,586 INFO  server.RaftServer$Division (RaftServerImpl.java:requestVote(1152)) - s0@group-54B4F2458EED: receive requestVote(PRE_VOTE, s2, group-54B4F2458EED, 3, (t:3, i:31))
2022-06-29 11:32:35,586 WARN  server.GrpcServerProtocolService (LogUtils.java:warn(122)) - s0: Failed requestVote s2->s0#0: org.apache.ratis.protocol.exceptions.ServerNotReadyException: s0@group-54B4F2458EED is not in [RUNNING]: current state is CLOSED
2022-06-29 11:32:35,586 INFO  server.RaftServer$Division (RaftServerImpl.java:requestVote(1152)) - s1@group-54B4F2458EED: receive requestVote(PRE_VOTE, s2, group-54B4F2458EED, 3, (t:3, i:31))
2022-06-29 11:32:35,586 WARN  server.GrpcServerProtocolService (LogUtils.java:warn(122)) - s1: Failed requestVote s2->s1#0: org.apache.ratis.protocol.exceptions.ServerNotReadyException: s1@group-54B4F2458EED is not in [RUNNING]: current state is CLOSED
2022-06-29 11:32:35,587 INFO  impl.LeaderElection (LogUtils.java:infoOrTrace(137)) - s2@group-54B4F2458EED-LeaderElection125 got exception when requesting votes: java.util.concurrent.ExecutionException: org.apache.ratis.thirdparty.io.grpc.StatusRuntimeException: INTERNAL: s0@group-54B4F2458EED is not in [RUNNING]: current state is CLOSED
2022-06-29 11:32:35,587 INFO  impl.LeaderElection (LogUtils.java:infoOrTrace(137)) - s2@group-54B4F2458EED-LeaderElection125 got exception when requesting votes: java.util.concurrent.ExecutionException: org.apache.ratis.thirdparty.io.grpc.StatusRuntimeException: INTERNAL: s1@group-54B4F2458EED is not in [RUNNING]: current state is CLOSED
2022-06-29 11:32:35,587 INFO  impl.LeaderElection (LeaderElection.java:logAndReturn(90)) - s2@group-54B4F2458EED-LeaderElection125: PRE_VOTE REJECTED received 0 response(s) and 2 exception(s):
2022-06-29 11:32:35,588 INFO  impl.LeaderElection (LogUtils.java:infoOrTrace(137)) -   Exception 0: java.util.concurrent.ExecutionException: org.apache.ratis.thirdparty.io.grpc.StatusRuntimeException: INTERNAL: s0@group-54B4F2458EED is not in [RUNNING]: current state is CLOSED
2022-06-29 11:32:35,588 INFO  impl.LeaderElection (LogUtils.java:infoOrTrace(137)) -   Exception 1: java.util.concurrent.ExecutionException: org.apache.ratis.thirdparty.io.grpc.StatusRuntimeException: INTERNAL: s1@group-54B4F2458EED is not in [RUNNING]: current state is CLOSED
2022-06-29 11:32:35,588 INFO  impl.LeaderElection (LeaderElection.java:askForVotes(312)) - s2@group-54B4F2458EED-LeaderElection125 PRE_VOTE round 0: result REJECTED
2022-06-29 11:32:35,588 INFO  server.RaftServer$Division (RaftServerImpl.java:setRole(299)) - s2@group-54B4F2458EED: changes role from CANDIDATE to FOLLOWER at term 3 for REJECTED
2022-06-29 11:32:35,588 INFO  impl.RoleInfo (RoleInfo.java:shutdownLeaderElection(130)) - s2: shutdown s2@group-54B4F2458EED-LeaderElection125
2022-06-29 11:32:35,588 INFO  impl.RoleInfo (RoleInfo.java:updateAndGet(139)) - s2: start s2@group-54B4F2458EED-FollowerState
2022-06-29 11:32:35,842 INFO  impl.FollowerState (FollowerState.java:run(143)) - s2@group-54B4F2458EED-FollowerState: change to CANDIDATE, lastRpcElapsedTime:253867461ns, electionTimeout:251ms
2022-06-29 11:32:35,842 INFO  impl.RoleInfo (RoleInfo.java:shutdownFollowerState(110)) - s2: shutdown s2@group-54B4F2458EED-FollowerState
2022-06-29 11:32:35,842 INFO  server.RaftServer$Division (RaftServerImpl.java:setRole(299)) - s2@group-54B4F2458EED: changes role from  FOLLOWER to CANDIDATE at term 3 for changeToCandidate
2022-06-29 11:32:35,846 INFO  server.RaftServerConfigKeys (ConfUtils.java:logGet(46)) - raft.server.leaderelection.pre-vote = true (default)
2022-06-29 11:32:35,846 INFO  impl.RoleInfo (RoleInfo.java:updateAndGet(139)) - s2: start s2@group-54B4F2458EED-LeaderElection126
2022-06-29 11:32:35,847 INFO  impl.LeaderElection (LeaderElection.java:askForVotes(310)) - s2@group-54B4F2458EED-LeaderElection126 PRE_VOTE round 0: submit vote requests at term 3 for 28: [s0|rpc:localhost:46515|admin:localhost:40757|client:localhost:41939|dataStream:localhost:35593|priority:0, s1|rpc:localhost:34095|admin:localhost:43151|client:localhost:36051|dataStream:localhost:38995|priority:0, s2|rpc:localhost:40453|admin:localhost:33947|client:localhost:38503|dataStream:localhost:42009|priority:0], old=null
2022-06-29 11:32:35,854 INFO  server.RaftServer$Division (RaftServerImpl.java:requestVote(1152)) - s0@group-54B4F2458EED: receive requestVote(PRE_VOTE, s2, group-54B4F2458EED, 3, (t:3, i:31))
2022-06-29 11:32:35,854 WARN  server.GrpcServerProtocolService (LogUtils.java:warn(122)) - s0: Failed requestVote s2->s0#0: org.apache.ratis.protocol.exceptions.ServerNotReadyException: s0@group-54B4F2458EED is not in [RUNNING]: current state is CLOSED
2022-06-29 11:32:35,856 INFO  server.RaftServer$Division (RaftServerImpl.java:requestVote(1152)) - s1@group-54B4F2458EED: receive requestVote(PRE_VOTE, s2, group-54B4F2458EED, 3, (t:3, i:31))
2022-06-29 11:32:35,856 WARN  server.GrpcServerProtocolService (LogUtils.java:warn(122)) - s1: Failed requestVote s2->s1#0: org.apache.ratis.protocol.exceptions.ServerNotReadyException: s1@group-54B4F2458EED is not in [RUNNING]: current state is CLOSED
2022-06-29 11:32:35,858 INFO  impl.LeaderElection (LogUtils.java:infoOrTrace(137)) - s2@group-54B4F2458EED-LeaderElection126 got exception when requesting votes: java.util.concurrent.ExecutionException: org.apache.ratis.thirdparty.io.grpc.StatusRuntimeException: INTERNAL: s0@group-54B4F2458EED is not in [RUNNING]: current state is CLOSED
2022-06-29 11:32:35,858 INFO  impl.LeaderElection (LogUtils.java:infoOrTrace(137)) - s2@group-54B4F2458EED-LeaderElection126 got exception when requesting votes: java.util.concurrent.ExecutionException: org.apache.ratis.thirdparty.io.grpc.StatusRuntimeException: INTERNAL: s1@group-54B4F2458EED is not in [RUNNING]: current state is CLOSED
2022-06-29 11:32:35,858 INFO  impl.LeaderElection (LeaderElection.java:logAndReturn(90)) - s2@group-54B4F2458EED-LeaderElection126: PRE_VOTE REJECTED received 0 response(s) and 2 exception(s):
2022-06-29 11:32:35,858 INFO  impl.LeaderElection (LogUtils.java:infoOrTrace(137)) -   Exception 0: java.util.concurrent.ExecutionException: org.apache.ratis.thirdparty.io.grpc.StatusRuntimeException: INTERNAL: s0@group-54B4F2458EED is not in [RUNNING]: current state is CLOSED
2022-06-29 11:32:35,858 INFO  impl.LeaderElection (LogUtils.java:infoOrTrace(137)) -   Exception 1: java.util.concurrent.ExecutionException: org.apache.ratis.thirdparty.io.grpc.StatusRuntimeException: INTERNAL: s1@group-54B4F2458EED is not in [RUNNING]: current state is CLOSED
2022-06-29 11:32:35,860 INFO  impl.LeaderElection (LeaderElection.java:askForVotes(312)) - s2@group-54B4F2458EED-LeaderElection126 PRE_VOTE round 0: result REJECTED
2022-06-29 11:32:35,860 INFO  server.RaftServer$Division (RaftServerImpl.java:setRole(299)) - s2@group-54B4F2458EED: changes role from CANDIDATE to FOLLOWER at term 3 for REJECTED
2022-06-29 11:32:35,860 INFO  impl.RoleInfo (RoleInfo.java:shutdownLeaderElection(130)) - s2: shutdown s2@group-54B4F2458EED-LeaderElection126
2022-06-29 11:32:35,860 INFO  impl.RoleInfo (RoleInfo.java:updateAndGet(139)) - s2: start s2@group-54B4F2458EED-FollowerState
2022-06-29 11:32:36,133 INFO  impl.FollowerState (FollowerState.java:run(143)) - s2@group-54B4F2458EED-FollowerState: change to CANDIDATE, lastRpcElapsedTime:272653019ns, electionTimeout:271ms
2022-06-29 11:32:36,133 INFO  impl.RoleInfo (RoleInfo.java:shutdownFollowerState(110)) - s2: shutdown s2@group-54B4F2458EED-FollowerState
2022-06-29 11:32:36,133 INFO  server.RaftServer$Division (RaftServerImpl.java:setRole(299)) - s2@group-54B4F2458EED: changes role from  FOLLOWER to CANDIDATE at term 3 for changeToCandidate
2022-06-29 11:32:36,134 INFO  server.RaftServerConfigKeys (ConfUtils.java:logGet(46)) - raft.server.leaderelection.pre-vote = true (default)
2022-06-29 11:32:36,134 INFO  impl.RoleInfo (RoleInfo.java:updateAndGet(139)) - s2: start s2@group-54B4F2458EED-LeaderElection127
2022-06-29 11:32:36,135 INFO  impl.LeaderElection (LeaderElection.java:askForVotes(310)) - s2@group-54B4F2458EED-LeaderElection127 PRE_VOTE round 0: submit vote requests at term 3 for 28: [s0|rpc:localhost:46515|admin:localhost:40757|client:localhost:41939|dataStream:localhost:35593|priority:0, s1|rpc:localhost:34095|admin:localhost:43151|client:localhost:36051|dataStream:localhost:38995|priority:0, s2|rpc:localhost:40453|admin:localhost:33947|client:localhost:38503|dataStream:localhost:42009|priority:0], old=null
2022-06-29 11:32:36,137 INFO  server.RaftServer$Division (RaftServerImpl.java:requestVote(1152)) - s0@group-54B4F2458EED: receive requestVote(PRE_VOTE, s2, group-54B4F2458EED, 3, (t:3, i:31))
2022-06-29 11:32:36,137 WARN  server.GrpcServerProtocolService (LogUtils.java:warn(122)) - s0: Failed requestVote s2->s0#0: org.apache.ratis.protocol.exceptions.ServerNotReadyException: s0@group-54B4F2458EED is not in [RUNNING]: current state is CLOSED
2022-06-29 11:32:36,138 INFO  server.RaftServer$Division (RaftServerImpl.java:requestVote(1152)) - s1@group-54B4F2458EED: receive requestVote(PRE_VOTE, s2, group-54B4F2458EED, 3, (t:3, i:31))
2022-06-29 11:32:36,138 WARN  server.GrpcServerProtocolService (LogUtils.java:warn(122)) - s1: Failed requestVote s2->s1#0: org.apache.ratis.protocol.exceptions.ServerNotReadyException: s1@group-54B4F2458EED is not in [RUNNING]: current state is CLOSED
2022-06-29 11:32:36,139 INFO  impl.LeaderElection (LogUtils.java:infoOrTrace(137)) - s2@group-54B4F2458EED-LeaderElection127 got exception when requesting votes: java.util.concurrent.ExecutionException: org.apache.ratis.thirdparty.io.grpc.StatusRuntimeException: INTERNAL: s0@group-54B4F2458EED is not in [RUNNING]: current state is CLOSED
2022-06-29 11:32:36,139 INFO  impl.LeaderElection (LogUtils.java:infoOrTrace(137)) - s2@group-54B4F2458EED-LeaderElection127 got exception when requesting votes: java.util.concurrent.ExecutionException: org.apache.ratis.thirdparty.io.grpc.StatusRuntimeException: INTERNAL: s1@group-54B4F2458EED is not in [RUNNING]: current state is CLOSED
2022-06-29 11:32:36,139 INFO  impl.LeaderElection (LeaderElection.java:logAndReturn(90)) - s2@group-54B4F2458EED-LeaderElection127: PRE_VOTE REJECTED received 0 response(s) and 2 exception(s):
2022-06-29 11:32:36,139 INFO  impl.LeaderElection (LogUtils.java:infoOrTrace(137)) -   Exception 0: java.util.concurrent.ExecutionException: org.apache.ratis.thirdparty.io.grpc.StatusRuntimeException: INTERNAL: s0@group-54B4F2458EED is not in [RUNNING]: current state is CLOSED
2022-06-29 11:32:36,139 INFO  impl.LeaderElection (LogUtils.java:infoOrTrace(137)) -   Exception 1: java.util.concurrent.ExecutionException: org.apache.ratis.thirdparty.io.grpc.StatusRuntimeException: INTERNAL: s1@group-54B4F2458EED is not in [RUNNING]: current state is CLOSED
2022-06-29 11:32:36,139 INFO  impl.LeaderElection (LeaderElection.java:askForVotes(312)) - s2@group-54B4F2458EED-LeaderElection127 PRE_VOTE round 0: result REJECTED
2022-06-29 11:32:36,139 INFO  server.RaftServer$Division (RaftServerImpl.java:setRole(299)) - s2@group-54B4F2458EED: changes role from CANDIDATE to FOLLOWER at term 3 for REJECTED
2022-06-29 11:32:36,139 INFO  impl.RoleInfo (RoleInfo.java:shutdownLeaderElection(130)) - s2: shutdown s2@group-54B4F2458EED-LeaderElection127
2022-06-29 11:32:36,139 INFO  impl.RoleInfo (RoleInfo.java:updateAndGet(139)) - s2: start s2@group-54B4F2458EED-FollowerState
2022-06-29 11:32:36,359 INFO  impl.FollowerState (FollowerState.java:run(143)) - s2@group-54B4F2458EED-FollowerState: change to CANDIDATE, lastRpcElapsedTime:220310681ns, electionTimeout:219ms
2022-06-29 11:32:36,359 INFO  impl.RoleInfo (RoleInfo.java:shutdownFollowerState(110)) - s2: shutdown s2@group-54B4F2458EED-FollowerState
2022-06-29 11:32:36,359 INFO  server.RaftServer$Division (RaftServerImpl.java:setRole(299)) - s2@group-54B4F2458EED: changes role from  FOLLOWER to CANDIDATE at term 3 for changeToCandidate
2022-06-29 11:32:36,360 INFO  server.RaftServerConfigKeys (ConfUtils.java:logGet(46)) - raft.server.leaderelection.pre-vote = true (default)
2022-06-29 11:32:36,360 INFO  impl.RoleInfo (RoleInfo.java:updateAndGet(139)) - s2: start s2@group-54B4F2458EED-LeaderElection128
2022-06-29 11:32:36,362 INFO  impl.LeaderElection (LeaderElection.java:askForVotes(310)) - s2@group-54B4F2458EED-LeaderElection128 PRE_VOTE round 0: submit vote requests at term 3 for 28: [s0|rpc:localhost:46515|admin:localhost:40757|client:localhost:41939|dataStream:localhost:35593|priority:0, s1|rpc:localhost:34095|admin:localhost:43151|client:localhost:36051|dataStream:localhost:38995|priority:0, s2|rpc:localhost:40453|admin:localhost:33947|client:localhost:38503|dataStream:localhost:42009|priority:0], old=null
2022-06-29 11:32:36,365 INFO  server.RaftServer$Division (RaftServerImpl.java:requestVote(1152)) - s0@group-54B4F2458EED: receive requestVote(PRE_VOTE, s2, group-54B4F2458EED, 3, (t:3, i:31))
2022-06-29 11:32:36,365 WARN  server.GrpcServerProtocolService (LogUtils.java:warn(122)) - s0: Failed requestVote s2->s0#0: org.apache.ratis.protocol.exceptions.ServerNotReadyException: s0@group-54B4F2458EED is not in [RUNNING]: current state is CLOSED
2022-06-29 11:32:36,366 INFO  impl.LeaderElection (LogUtils.java:infoOrTrace(137)) - s2@group-54B4F2458EED-LeaderElection128 got exception when requesting votes: java.util.concurrent.ExecutionException: org.apache.ratis.thirdparty.io.grpc.StatusRuntimeException: INTERNAL: s0@group-54B4F2458EED is not in [RUNNING]: current state is CLOSED
2022-06-29 11:32:36,366 INFO  server.RaftServer$Division (RaftServerImpl.java:requestVote(1152)) - s1@group-54B4F2458EED: receive requestVote(PRE_VOTE, s2, group-54B4F2458EED, 3, (t:3, i:31))
2022-06-29 11:32:36,366 WARN  server.GrpcServerProtocolService (LogUtils.java:warn(122)) - s1: Failed requestVote s2->s1#0: org.apache.ratis.protocol.exceptions.ServerNotReadyException: s1@group-54B4F2458EED is not in [RUNNING]: current state is CLOSED
2022-06-29 11:32:36,366 INFO  impl.LeaderElection (LogUtils.java:infoOrTrace(137)) - s2@group-54B4F2458EED-LeaderElection128 got exception when requesting votes: java.util.concurrent.ExecutionException: org.apache.ratis.thirdparty.io.grpc.StatusRuntimeException: INTERNAL: s1@group-54B4F2458EED is not in [RUNNING]: current state is CLOSED
2022-06-29 11:32:36,367 INFO  impl.LeaderElection (LeaderElection.java:logAndReturn(90)) - s2@group-54B4F2458EED-LeaderElection128: PRE_VOTE REJECTED received 0 response(s) and 2 exception(s):
2022-06-29 11:32:36,367 INFO  impl.LeaderElection (LogUtils.java:infoOrTrace(137)) -   Exception 0: java.util.concurrent.ExecutionException: org.apache.ratis.thirdparty.io.grpc.StatusRuntimeException: INTERNAL: s0@group-54B4F2458EED is not in [RUNNING]: current state is CLOSED
2022-06-29 11:32:36,367 INFO  impl.LeaderElection (LogUtils.java:infoOrTrace(137)) -   Exception 1: java.util.concurrent.ExecutionException: org.apache.ratis.thirdparty.io.grpc.StatusRuntimeException: INTERNAL: s1@group-54B4F2458EED is not in [RUNNING]: current state is CLOSED
2022-06-29 11:32:36,367 INFO  impl.LeaderElection (LeaderElection.java:askForVotes(312)) - s2@group-54B4F2458EED-LeaderElection128 PRE_VOTE round 0: result REJECTED
2022-06-29 11:32:36,367 INFO  server.RaftServer$Division (RaftServerImpl.java:setRole(299)) - s2@group-54B4F2458EED: changes role from CANDIDATE to FOLLOWER at term 3 for REJECTED
2022-06-29 11:32:36,367 INFO  impl.RoleInfo (RoleInfo.java:shutdownLeaderElection(130)) - s2: shutdown s2@group-54B4F2458EED-LeaderElection128
2022-06-29 11:32:36,367 INFO  impl.RoleInfo (RoleInfo.java:updateAndGet(139)) - s2: start s2@group-54B4F2458EED-FollowerState
2022-06-29 11:32:36,575 INFO  impl.FollowerState (FollowerState.java:run(143)) - s2@group-54B4F2458EED-FollowerState: change to CANDIDATE, lastRpcElapsedTime:207948908ns, electionTimeout:207ms
2022-06-29 11:32:36,575 INFO  impl.RoleInfo (RoleInfo.java:shutdownFollowerState(110)) - s2: shutdown s2@group-54B4F2458EED-FollowerState
2022-06-29 11:32:36,575 INFO  server.RaftServer$Division (RaftServerImpl.java:setRole(299)) - s2@group-54B4F2458EED: changes role from  FOLLOWER to CANDIDATE at term 3 for changeToCandidate
2022-06-29 11:32:36,579 INFO  server.RaftServerConfigKeys (ConfUtils.java:logGet(46)) - raft.server.leaderelection.pre-vote = true (default)
2022-06-29 11:32:36,579 INFO  impl.RoleInfo (RoleInfo.java:updateAndGet(139)) - s2: start s2@group-54B4F2458EED-LeaderElection129
2022-06-29 11:32:36,583 INFO  impl.LeaderElection (LeaderElection.java:askForVotes(310)) - s2@group-54B4F2458EED-LeaderElection129 PRE_VOTE round 0: submit vote requests at term 3 for 28: [s0|rpc:localhost:46515|admin:localhost:40757|client:localhost:41939|dataStream:localhost:35593|priority:0, s1|rpc:localhost:34095|admin:localhost:43151|client:localhost:36051|dataStream:localhost:38995|priority:0, s2|rpc:localhost:40453|admin:localhost:33947|client:localhost:38503|dataStream:localhost:42009|priority:0], old=null
2022-06-29 11:32:36,589 INFO  server.RaftServer$Division (RaftServerImpl.java:requestVote(1152)) - s0@group-54B4F2458EED: receive requestVote(PRE_VOTE, s2, group-54B4F2458EED, 3, (t:3, i:31))
2022-06-29 11:32:36,590 WARN  server.GrpcServerProtocolService (LogUtils.java:warn(122)) - s0: Failed requestVote s2->s0#0: org.apache.ratis.protocol.exceptions.ServerNotReadyException: s0@group-54B4F2458EED is not in [RUNNING]: current state is CLOSED
2022-06-29 11:32:36,591 INFO  server.RaftServer$Division (RaftServerImpl.java:requestVote(1152)) - s1@group-54B4F2458EED: receive requestVote(PRE_VOTE, s2, group-54B4F2458EED, 3, (t:3, i:31))
2022-06-29 11:32:36,591 WARN  server.GrpcServerProtocolService (LogUtils.java:warn(122)) - s1: Failed requestVote s2->s1#0: org.apache.ratis.protocol.exceptions.ServerNotReadyException: s1@group-54B4F2458EED is not in [RUNNING]: current state is CLOSED
2022-06-29 11:32:36,594 INFO  impl.LeaderElection (LogUtils.java:infoOrTrace(137)) - s2@group-54B4F2458EED-LeaderElection129 got exception when requesting votes: java.util.concurrent.ExecutionException: org.apache.ratis.thirdparty.io.grpc.StatusRuntimeException: INTERNAL: s1@group-54B4F2458EED is not in [RUNNING]: current state is CLOSED
2022-06-29 11:32:36,594 INFO  impl.LeaderElection (LogUtils.java:infoOrTrace(137)) - s2@group-54B4F2458EED-LeaderElection129 got exception when requesting votes: java.util.concurrent.ExecutionException: org.apache.ratis.thirdparty.io.grpc.StatusRuntimeException: INTERNAL: s0@group-54B4F2458EED is not in [RUNNING]: current state is CLOSED
2022-06-29 11:32:36,594 INFO  impl.LeaderElection (LeaderElection.java:logAndReturn(90)) - s2@group-54B4F2458EED-LeaderElection129: PRE_VOTE REJECTED received 0 response(s) and 2 exception(s):
2022-06-29 11:32:36,594 INFO  impl.LeaderElection (LogUtils.java:infoOrTrace(137)) -   Exception 0: java.util.concurrent.ExecutionException: org.apache.ratis.thirdparty.io.grpc.StatusRuntimeException: INTERNAL: s1@group-54B4F2458EED is not in [RUNNING]: current state is CLOSED
2022-06-29 11:32:36,594 INFO  impl.LeaderElection (LogUtils.java:infoOrTrace(137)) -   Exception 1: java.util.concurrent.ExecutionException: org.apache.ratis.thirdparty.io.grpc.StatusRuntimeException: INTERNAL: s0@group-54B4F2458EED is not in [RUNNING]: current state is CLOSED
2022-06-29 11:32:36,595 INFO  impl.LeaderElection (LeaderElection.java:askForVotes(312)) - s2@group-54B4F2458EED-LeaderElection129 PRE_VOTE round 0: result REJECTED
2022-06-29 11:32:36,596 INFO  server.RaftServer$Division (RaftServerImpl.java:setRole(299)) - s2@group-54B4F2458EED: changes role from CANDIDATE to FOLLOWER at term 3 for REJECTED
2022-06-29 11:32:36,596 INFO  impl.RoleInfo (RoleInfo.java:shutdownLeaderElection(130)) - s2: shutdown s2@group-54B4F2458EED-LeaderElection129
2022-06-29 11:32:36,596 INFO  impl.RoleInfo (RoleInfo.java:updateAndGet(139)) - s2: start s2@group-54B4F2458EED-FollowerState
2022-06-29 11:32:36,875 INFO  impl.FollowerState (FollowerState.java:run(143)) - s2@group-54B4F2458EED-FollowerState: change to CANDIDATE, lastRpcElapsedTime:279242105ns, electionTimeout:274ms
2022-06-29 11:32:36,875 INFO  impl.RoleInfo (RoleInfo.java:shutdownFollowerState(110)) - s2: shutdown s2@group-54B4F2458EED-FollowerState
2022-06-29 11:32:36,875 INFO  server.RaftServer$Division (RaftServerImpl.java:setRole(299)) - s2@group-54B4F2458EED: changes role from  FOLLOWER to CANDIDATE at term 3 for changeToCandidate
2022-06-29 11:32:36,876 INFO  server.RaftServerConfigKeys (ConfUtils.java:logGet(46)) - raft.server.leaderelection.pre-vote = true (default)
2022-06-29 11:32:36,876 INFO  impl.RoleInfo (RoleInfo.java:updateAndGet(139)) - s2: start s2@group-54B4F2458EED-LeaderElection130
2022-06-29 11:32:36,879 INFO  impl.LeaderElection (LeaderElection.java:askForVotes(310)) - s2@group-54B4F2458EED-LeaderElection130 PRE_VOTE round 0: submit vote requests at term 3 for 28: [s0|rpc:localhost:46515|admin:localhost:40757|client:localhost:41939|dataStream:localhost:35593|priority:0, s1|rpc:localhost:34095|admin:localhost:43151|client:localhost:36051|dataStream:localhost:38995|priority:0, s2|rpc:localhost:40453|admin:localhost:33947|client:localhost:38503|dataStream:localhost:42009|priority:0], old=null
2022-06-29 11:32:36,883 INFO  server.RaftServer$Division (RaftServerImpl.java:requestVote(1152)) - s1@group-54B4F2458EED: receive requestVote(PRE_VOTE, s2, group-54B4F2458EED, 3, (t:3, i:31))
2022-06-29 11:32:36,883 WARN  server.GrpcServerProtocolService (LogUtils.java:warn(122)) - s1: Failed requestVote s2->s1#0: org.apache.ratis.protocol.exceptions.ServerNotReadyException: s1@group-54B4F2458EED is not in [RUNNING]: current state is CLOSED
2022-06-29 11:32:36,884 INFO  server.RaftServer$Division (RaftServerImpl.java:requestVote(1152)) - s0@group-54B4F2458EED: receive requestVote(PRE_VOTE, s2, group-54B4F2458EED, 3, (t:3, i:31))
2022-06-29 11:32:36,884 WARN  server.GrpcServerProtocolService (LogUtils.java:warn(122)) - s0: Failed requestVote s2->s0#0: org.apache.ratis.protocol.exceptions.ServerNotReadyException: s0@group-54B4F2458EED is not in [RUNNING]: current state is CLOSED
2022-06-29 11:32:36,887 INFO  impl.LeaderElection (LogUtils.java:infoOrTrace(137)) - s2@group-54B4F2458EED-LeaderElection130 got exception when requesting votes: java.util.concurrent.ExecutionException: org.apache.ratis.thirdparty.io.grpc.StatusRuntimeException: INTERNAL: s1@group-54B4F2458EED is not in [RUNNING]: current state is CLOSED
2022-06-29 11:32:36,887 INFO  impl.LeaderElection (LogUtils.java:infoOrTrace(137)) - s2@group-54B4F2458EED-LeaderElection130 got exception when requesting votes: java.util.concurrent.ExecutionException: org.apache.ratis.thirdparty.io.grpc.StatusRuntimeException: INTERNAL: s0@group-54B4F2458EED is not in [RUNNING]: current state is CLOSED
2022-06-29 11:32:36,887 INFO  impl.LeaderElection (LeaderElection.java:logAndReturn(90)) - s2@group-54B4F2458EED-LeaderElection130: PRE_VOTE REJECTED received 0 response(s) and 2 exception(s):
2022-06-29 11:32:36,887 INFO  impl.LeaderElection (LogUtils.java:infoOrTrace(137)) -   Exception 0: java.util.concurrent.ExecutionException: org.apache.ratis.thirdparty.io.grpc.StatusRuntimeException: INTERNAL: s1@group-54B4F2458EED is not in [RUNNING]: current state is CLOSED
2022-06-29 11:32:36,887 INFO  impl.LeaderElection (LogUtils.java:infoOrTrace(137)) -   Exception 1: java.util.concurrent.ExecutionException: org.apache.ratis.thirdparty.io.grpc.StatusRuntimeException: INTERNAL: s0@group-54B4F2458EED is not in [RUNNING]: current state is CLOSED
2022-06-29 11:32:36,887 INFO  impl.LeaderElection (LeaderElection.java:askForVotes(312)) - s2@group-54B4F2458EED-LeaderElection130 PRE_VOTE round 0: result REJECTED
2022-06-29 11:32:36,887 INFO  server.RaftServer$Division (RaftServerImpl.java:setRole(299)) - s2@group-54B4F2458EED: changes role from CANDIDATE to FOLLOWER at term 3 for REJECTED
2022-06-29 11:32:36,887 INFO  impl.RoleInfo (RoleInfo.java:shutdownLeaderElection(130)) - s2: shutdown s2@group-54B4F2458EED-LeaderElection130
2022-06-29 11:32:36,887 INFO  impl.RoleInfo (RoleInfo.java:updateAndGet(139)) - s2: start s2@group-54B4F2458EED-FollowerState
2022-06-29 11:32:37,157 INFO  impl.FollowerState (FollowerState.java:run(143)) - s2@group-54B4F2458EED-FollowerState: change to CANDIDATE, lastRpcElapsedTime:269848566ns, electionTimeout:265ms
2022-06-29 11:32:37,157 INFO  impl.RoleInfo (RoleInfo.java:shutdownFollowerState(110)) - s2: shutdown s2@group-54B4F2458EED-FollowerState
2022-06-29 11:32:37,157 INFO  server.RaftServer$Division (RaftServerImpl.java:setRole(299)) - s2@group-54B4F2458EED: changes role from  FOLLOWER to CANDIDATE at term 3 for changeToCandidate
2022-06-29 11:32:37,160 INFO  server.RaftServerConfigKeys (ConfUtils.java:logGet(46)) - raft.server.leaderelection.pre-vote = true (default)
2022-06-29 11:32:37,160 INFO  impl.RoleInfo (RoleInfo.java:updateAndGet(139)) - s2: start s2@group-54B4F2458EED-LeaderElection131
2022-06-29 11:32:37,163 INFO  impl.LeaderElection (LeaderElection.java:askForVotes(310)) - s2@group-54B4F2458EED-LeaderElection131 PRE_VOTE round 0: submit vote requests at term 3 for 28: [s0|rpc:localhost:46515|admin:localhost:40757|client:localhost:41939|dataStream:localhost:35593|priority:0, s1|rpc:localhost:34095|admin:localhost:43151|client:localhost:36051|dataStream:localhost:38995|priority:0, s2|rpc:localhost:40453|admin:localhost:33947|client:localhost:38503|dataStream:localhost:42009|priority:0], old=null
2022-06-29 11:32:37,170 INFO  server.RaftServer$Division (RaftServerImpl.java:requestVote(1152)) - s0@group-54B4F2458EED: receive requestVote(PRE_VOTE, s2, group-54B4F2458EED, 3, (t:3, i:31))
2022-06-29 11:32:37,170 WARN  server.GrpcServerProtocolService (LogUtils.java:warn(122)) - s0: Failed requestVote s2->s0#0: org.apache.ratis.protocol.exceptions.ServerNotReadyException: s0@group-54B4F2458EED is not in [RUNNING]: current state is CLOSED
2022-06-29 11:32:37,172 INFO  server.RaftServer$Division (RaftServerImpl.java:requestVote(1152)) - s1@group-54B4F2458EED: receive requestVote(PRE_VOTE, s2, group-54B4F2458EED, 3, (t:3, i:31))
2022-06-29 11:32:37,172 WARN  server.GrpcServerProtocolService (LogUtils.java:warn(122)) - s1: Failed requestVote s2->s1#0: org.apache.ratis.protocol.exceptions.ServerNotReadyException: s1@group-54B4F2458EED is not in [RUNNING]: current state is CLOSED
2022-06-29 11:32:37,181 INFO  impl.LeaderElection (LogUtils.java:infoOrTrace(137)) - s2@group-54B4F2458EED-LeaderElection131 got exception when requesting votes: java.util.concurrent.ExecutionException: org.apache.ratis.thirdparty.io.grpc.StatusRuntimeException: INTERNAL: s1@group-54B4F2458EED is not in [RUNNING]: current state is CLOSED
2022-06-29 11:32:37,181 INFO  impl.LeaderElection (LogUtils.java:infoOrTrace(137)) - s2@group-54B4F2458EED-LeaderElection131 got exception when requesting votes: java.util.concurrent.ExecutionException: org.apache.ratis.thirdparty.io.grpc.StatusRuntimeException: INTERNAL: s0@group-54B4F2458EED is not in [RUNNING]: current state is CLOSED
2022-06-29 11:32:37,181 INFO  impl.LeaderElection (LeaderElection.java:logAndReturn(90)) - s2@group-54B4F2458EED-LeaderElection131: PRE_VOTE REJECTED received 0 response(s) and 2 exception(s):
2022-06-29 11:32:37,181 INFO  impl.LeaderElection (LogUtils.java:infoOrTrace(137)) -   Exception 0: java.util.concurrent.ExecutionException: org.apache.ratis.thirdparty.io.grpc.StatusRuntimeException: INTERNAL: s1@group-54B4F2458EED is not in [RUNNING]: current state is CLOSED
2022-06-29 11:32:37,181 INFO  impl.LeaderElection (LogUtils.java:infoOrTrace(137)) -   Exception 1: java.util.concurrent.ExecutionException: org.apache.ratis.thirdparty.io.grpc.StatusRuntimeException: INTERNAL: s0@group-54B4F2458EED is not in [RUNNING]: current state is CLOSED
2022-06-29 11:32:37,181 INFO  impl.LeaderElection (LeaderElection.java:askForVotes(312)) - s2@group-54B4F2458EED-LeaderElection131 PRE_VOTE round 0: result REJECTED
2022-06-29 11:32:37,181 INFO  server.RaftServer$Division (RaftServerImpl.java:setRole(299)) - s2@group-54B4F2458EED: changes role from CANDIDATE to FOLLOWER at term 3 for REJECTED
2022-06-29 11:32:37,181 INFO  impl.RoleInfo (RoleInfo.java:shutdownLeaderElection(130)) - s2: shutdown s2@group-54B4F2458EED-LeaderElection131
2022-06-29 11:32:37,181 INFO  impl.RoleInfo (RoleInfo.java:updateAndGet(139)) - s2: start s2@group-54B4F2458EED-FollowerState
2022-06-29 11:32:37,439 INFO  impl.FollowerState (FollowerState.java:run(143)) - s2@group-54B4F2458EED-FollowerState: change to CANDIDATE, lastRpcElapsedTime:258139998ns, electionTimeout:256ms
2022-06-29 11:32:37,440 INFO  impl.RoleInfo (RoleInfo.java:shutdownFollowerState(110)) - s2: shutdown s2@group-54B4F2458EED-FollowerState
2022-06-29 11:32:37,440 INFO  server.RaftServer$Division (RaftServerImpl.java:setRole(299)) - s2@group-54B4F2458EED: changes role from  FOLLOWER to CANDIDATE at term 3 for changeToCandidate
2022-06-29 11:32:37,440 INFO  server.RaftServerConfigKeys (ConfUtils.java:logGet(46)) - raft.server.leaderelection.pre-vote = true (default)
2022-06-29 11:32:37,440 INFO  impl.RoleInfo (RoleInfo.java:updateAndGet(139)) - s2: start s2@group-54B4F2458EED-LeaderElection132
2022-06-29 11:32:37,442 INFO  impl.LeaderElection (LeaderElection.java:askForVotes(310)) - s2@group-54B4F2458EED-LeaderElection132 PRE_VOTE round 0: submit vote requests at term 3 for 28: [s0|rpc:localhost:46515|admin:localhost:40757|client:localhost:41939|dataStream:localhost:35593|priority:0, s1|rpc:localhost:34095|admin:localhost:43151|client:localhost:36051|dataStream:localhost:38995|priority:0, s2|rpc:localhost:40453|admin:localhost:33947|client:localhost:38503|dataStream:localhost:42009|priority:0], old=null
2022-06-29 11:32:37,445 INFO  server.RaftServer$Division (RaftServerImpl.java:requestVote(1152)) - s0@group-54B4F2458EED: receive requestVote(PRE_VOTE, s2, group-54B4F2458EED, 3, (t:3, i:31))
2022-06-29 11:32:37,446 WARN  server.GrpcServerProtocolService (LogUtils.java:warn(122)) - s0: Failed requestVote s2->s0#0: org.apache.ratis.protocol.exceptions.ServerNotReadyException: s0@group-54B4F2458EED is not in [RUNNING]: current state is CLOSED
2022-06-29 11:32:37,447 INFO  impl.LeaderElection (LogUtils.java:infoOrTrace(137)) - s2@group-54B4F2458EED-LeaderElection132 got exception when requesting votes: java.util.concurrent.ExecutionException: org.apache.ratis.thirdparty.io.grpc.StatusRuntimeException: INTERNAL: s0@group-54B4F2458EED is not in [RUNNING]: current state is CLOSED
2022-06-29 11:32:37,447 INFO  server.RaftServer$Division (RaftServerImpl.java:requestVote(1152)) - s1@group-54B4F2458EED: receive requestVote(PRE_VOTE, s2, group-54B4F2458EED, 3, (t:3, i:31))
2022-06-29 11:32:37,447 WARN  server.GrpcServerProtocolService (LogUtils.java:warn(122)) - s1: Failed requestVote s2->s1#0: org.apache.ratis.protocol.exceptions.ServerNotReadyException: s1@group-54B4F2458EED is not in [RUNNING]: current state is CLOSED
2022-06-29 11:32:37,448 INFO  impl.LeaderElection (LogUtils.java:infoOrTrace(137)) - s2@group-54B4F2458EED-LeaderElection132 got exception when requesting votes: java.util.concurrent.ExecutionException: org.apache.ratis.thirdparty.io.grpc.StatusRuntimeException: INTERNAL: s1@group-54B4F2458EED is not in [RUNNING]: current state is CLOSED
2022-06-29 11:32:37,448 INFO  impl.LeaderElection (LeaderElection.java:logAndReturn(90)) - s2@group-54B4F2458EED-LeaderElection132: PRE_VOTE REJECTED received 0 response(s) and 2 exception(s):
2022-06-29 11:32:37,448 INFO  impl.LeaderElection (LogUtils.java:infoOrTrace(137)) -   Exception 0: java.util.concurrent.ExecutionException: org.apache.ratis.thirdparty.io.grpc.StatusRuntimeException: INTERNAL: s0@group-54B4F2458EED is not in [RUNNING]: current state is CLOSED
2022-06-29 11:32:37,448 INFO  impl.LeaderElection (LogUtils.java:infoOrTrace(137)) -   Exception 1: java.util.concurrent.ExecutionException: org.apache.ratis.thirdparty.io.grpc.StatusRuntimeException: INTERNAL: s1@group-54B4F2458EED is not in [RUNNING]: current state is CLOSED
2022-06-29 11:32:37,448 INFO  impl.LeaderElection (LeaderElection.java:askForVotes(312)) - s2@group-54B4F2458EED-LeaderElection132 PRE_VOTE round 0: result REJECTED
2022-06-29 11:32:37,448 INFO  server.RaftServer$Division (RaftServerImpl.java:setRole(299)) - s2@group-54B4F2458EED: changes role from CANDIDATE to FOLLOWER at term 3 for REJECTED
2022-06-29 11:32:37,448 INFO  impl.RoleInfo (RoleInfo.java:shutdownLeaderElection(130)) - s2: shutdown s2@group-54B4F2458EED-LeaderElection132
2022-06-29 11:32:37,450 INFO  impl.RoleInfo (RoleInfo.java:updateAndGet(139)) - s2: start s2@group-54B4F2458EED-FollowerState
2022-06-29 11:32:37,751 INFO  impl.FollowerState (FollowerState.java:run(143)) - s2@group-54B4F2458EED-FollowerState: change to CANDIDATE, lastRpcElapsedTime:300431588ns, electionTimeout:299ms
2022-06-29 11:32:37,751 INFO  impl.RoleInfo (RoleInfo.java:shutdownFollowerState(110)) - s2: shutdown s2@group-54B4F2458EED-FollowerState
2022-06-29 11:32:37,751 INFO  server.RaftServer$Division (RaftServerImpl.java:setRole(299)) - s2@group-54B4F2458EED: changes role from  FOLLOWER to CANDIDATE at term 3 for changeToCandidate
2022-06-29 11:32:37,753 INFO  server.RaftServerConfigKeys (ConfUtils.java:logGet(46)) - raft.server.leaderelection.pre-vote = true (default)
2022-06-29 11:32:37,753 INFO  impl.RoleInfo (RoleInfo.java:updateAndGet(139)) - s2: start s2@group-54B4F2458EED-LeaderElection133
2022-06-29 11:32:37,762 INFO  impl.LeaderElection (LeaderElection.java:askForVotes(310)) - s2@group-54B4F2458EED-LeaderElection133 PRE_VOTE round 0: submit vote requests at term 3 for 28: [s0|rpc:localhost:46515|admin:localhost:40757|client:localhost:41939|dataStream:localhost:35593|priority:0, s1|rpc:localhost:34095|admin:localhost:43151|client:localhost:36051|dataStream:localhost:38995|priority:0, s2|rpc:localhost:40453|admin:localhost:33947|client:localhost:38503|dataStream:localhost:42009|priority:0], old=null
2022-06-29 11:32:37,768 INFO  server.RaftServer$Division (RaftServerImpl.java:requestVote(1152)) - s0@group-54B4F2458EED: receive requestVote(PRE_VOTE, s2, group-54B4F2458EED, 3, (t:3, i:31))
2022-06-29 11:32:37,768 WARN  server.GrpcServerProtocolService (LogUtils.java:warn(122)) - s0: Failed requestVote s2->s0#0: org.apache.ratis.protocol.exceptions.ServerNotReadyException: s0@group-54B4F2458EED is not in [RUNNING]: current state is CLOSED
2022-06-29 11:32:37,769 INFO  server.RaftServer$Division (RaftServerImpl.java:requestVote(1152)) - s1@group-54B4F2458EED: receive requestVote(PRE_VOTE, s2, group-54B4F2458EED, 3, (t:3, i:31))
2022-06-29 11:32:37,769 WARN  server.GrpcServerProtocolService (LogUtils.java:warn(122)) - s1: Failed requestVote s2->s1#0: org.apache.ratis.protocol.exceptions.ServerNotReadyException: s1@group-54B4F2458EED is not in [RUNNING]: current state is CLOSED
2022-06-29 11:32:37,776 INFO  impl.LeaderElection (LogUtils.java:infoOrTrace(137)) - s2@group-54B4F2458EED-LeaderElection133 got exception when requesting votes: java.util.concurrent.ExecutionException: org.apache.ratis.thirdparty.io.grpc.StatusRuntimeException: INTERNAL: s1@group-54B4F2458EED is not in [RUNNING]: current state is CLOSED
2022-06-29 11:32:37,777 INFO  impl.LeaderElection (LogUtils.java:infoOrTrace(137)) - s2@group-54B4F2458EED-LeaderElection133 got exception when requesting votes: java.util.concurrent.ExecutionException: org.apache.ratis.thirdparty.io.grpc.StatusRuntimeException: INTERNAL: s0@group-54B4F2458EED is not in [RUNNING]: current state is CLOSED
2022-06-29 11:32:37,777 INFO  impl.LeaderElection (LeaderElection.java:logAndReturn(90)) - s2@group-54B4F2458EED-LeaderElection133: PRE_VOTE REJECTED received 0 response(s) and 2 exception(s):
2022-06-29 11:32:37,777 INFO  impl.LeaderElection (LogUtils.java:infoOrTrace(137)) -   Exception 0: java.util.concurrent.ExecutionException: org.apache.ratis.thirdparty.io.grpc.StatusRuntimeException: INTERNAL: s1@group-54B4F2458EED is not in [RUNNING]: current state is CLOSED
2022-06-29 11:32:37,777 INFO  impl.LeaderElection (LogUtils.java:infoOrTrace(137)) -   Exception 1: java.util.concurrent.ExecutionException: org.apache.ratis.thirdparty.io.grpc.StatusRuntimeException: INTERNAL: s0@group-54B4F2458EED is not in [RUNNING]: current state is CLOSED
2022-06-29 11:32:37,777 INFO  impl.LeaderElection (LeaderElection.java:askForVotes(312)) - s2@group-54B4F2458EED-LeaderElection133 PRE_VOTE round 0: result REJECTED
2022-06-29 11:32:37,777 INFO  server.RaftServer$Division (RaftServerImpl.java:setRole(299)) - s2@group-54B4F2458EED: changes role from CANDIDATE to FOLLOWER at term 3 for REJECTED
2022-06-29 11:32:37,777 INFO  impl.RoleInfo (RoleInfo.java:shutdownLeaderElection(130)) - s2: shutdown s2@group-54B4F2458EED-LeaderElection133
2022-06-29 11:32:37,777 INFO  impl.RoleInfo (RoleInfo.java:updateAndGet(139)) - s2: start s2@group-54B4F2458EED-FollowerState
2022-06-29 11:32:37,991 INFO  impl.FollowerState (FollowerState.java:run(143)) - s2@group-54B4F2458EED-FollowerState: change to CANDIDATE, lastRpcElapsedTime:214168486ns, electionTimeout:192ms
2022-06-29 11:32:37,991 INFO  impl.RoleInfo (RoleInfo.java:shutdownFollowerState(110)) - s2: shutdown s2@group-54B4F2458EED-FollowerState
2022-06-29 11:32:37,991 INFO  server.RaftServer$Division (RaftServerImpl.java:setRole(299)) - s2@group-54B4F2458EED: changes role from  FOLLOWER to CANDIDATE at term 3 for changeToCandidate
2022-06-29 11:32:37,991 INFO  server.RaftServerConfigKeys (ConfUtils.java:logGet(46)) - raft.server.leaderelection.pre-vote = true (default)
2022-06-29 11:32:37,991 INFO  impl.RoleInfo (RoleInfo.java:updateAndGet(139)) - s2: start s2@group-54B4F2458EED-LeaderElection134
2022-06-29 11:32:37,992 INFO  impl.LeaderElection (LeaderElection.java:askForVotes(310)) - s2@group-54B4F2458EED-LeaderElection134 PRE_VOTE round 0: submit vote requests at term 3 for 28: [s0|rpc:localhost:46515|admin:localhost:40757|client:localhost:41939|dataStream:localhost:35593|priority:0, s1|rpc:localhost:34095|admin:localhost:43151|client:localhost:36051|dataStream:localhost:38995|priority:0, s2|rpc:localhost:40453|admin:localhost:33947|client:localhost:38503|dataStream:localhost:42009|priority:0], old=null
2022-06-29 11:32:37,999 INFO  server.RaftServer$Division (RaftServerImpl.java:requestVote(1152)) - s0@group-54B4F2458EED: receive requestVote(PRE_VOTE, s2, group-54B4F2458EED, 3, (t:3, i:31))
2022-06-29 11:32:38,000 WARN  server.GrpcServerProtocolService (LogUtils.java:warn(122)) - s0: Failed requestVote s2->s0#0: org.apache.ratis.protocol.exceptions.ServerNotReadyException: s0@group-54B4F2458EED is not in [RUNNING]: current state is CLOSED
2022-06-29 11:32:38,003 INFO  impl.LeaderElection (LogUtils.java:infoOrTrace(137)) - s2@group-54B4F2458EED-LeaderElection134 got exception when requesting votes: java.util.concurrent.ExecutionException: org.apache.ratis.thirdparty.io.grpc.StatusRuntimeException: INTERNAL: s0@group-54B4F2458EED is not in [RUNNING]: current state is CLOSED
2022-06-29 11:32:38,003 INFO  server.RaftServer$Division (RaftServerImpl.java:requestVote(1152)) - s1@group-54B4F2458EED: receive requestVote(PRE_VOTE, s2, group-54B4F2458EED, 3, (t:3, i:31))
2022-06-29 11:32:38,004 WARN  server.GrpcServerProtocolService (LogUtils.java:warn(122)) - s1: Failed requestVote s2->s1#0: org.apache.ratis.protocol.exceptions.ServerNotReadyException: s1@group-54B4F2458EED is not in [RUNNING]: current state is CLOSED
2022-06-29 11:32:38,005 INFO  impl.LeaderElection (LogUtils.java:infoOrTrace(137)) - s2@group-54B4F2458EED-LeaderElection134 got exception when requesting votes: java.util.concurrent.ExecutionException: org.apache.ratis.thirdparty.io.grpc.StatusRuntimeException: INTERNAL: s1@group-54B4F2458EED is not in [RUNNING]: current state is CLOSED
2022-06-29 11:32:38,005 INFO  impl.LeaderElection (LeaderElection.java:logAndReturn(90)) - s2@group-54B4F2458EED-LeaderElection134: PRE_VOTE REJECTED received 0 response(s) and 2 exception(s):
2022-06-29 11:32:38,005 INFO  impl.LeaderElection (LogUtils.java:infoOrTrace(137)) -   Exception 0: java.util.concurrent.ExecutionException: org.apache.ratis.thirdparty.io.grpc.StatusRuntimeException: INTERNAL: s0@group-54B4F2458EED is not in [RUNNING]: current state is CLOSED
2022-06-29 11:32:38,005 INFO  impl.LeaderElection (LogUtils.java:infoOrTrace(137)) -   Exception 1: java.util.concurrent.ExecutionException: org.apache.ratis.thirdparty.io.grpc.StatusRuntimeException: INTERNAL: s1@group-54B4F2458EED is not in [RUNNING]: current state is CLOSED
2022-06-29 11:32:38,005 INFO  impl.LeaderElection (LeaderElection.java:askForVotes(312)) - s2@group-54B4F2458EED-LeaderElection134 PRE_VOTE round 0: result REJECTED
2022-06-29 11:32:38,005 INFO  server.RaftServer$Division (RaftServerImpl.java:setRole(299)) - s2@group-54B4F2458EED: changes role from CANDIDATE to FOLLOWER at term 3 for REJECTED
2022-06-29 11:32:38,005 INFO  impl.RoleInfo (RoleInfo.java:shutdownLeaderElection(130)) - s2: shutdown s2@group-54B4F2458EED-LeaderElection134
2022-06-29 11:32:38,008 INFO  impl.RoleInfo (RoleInfo.java:updateAndGet(139)) - s2: start s2@group-54B4F2458EED-FollowerState
2022-06-29 11:32:38,217 INFO  impl.MiniRaftCluster (MiniRaftCluster.java:lambda$null$6(325)) - TIMED-PRINT: printing ALL groups
  s0:  RUNNING    LEADER s0@group-54B4F2458EED:t3, leader=s0, voted=s0, raftlog=s0@group-54B4F2458EED-SegmentedRaftLog:OPENED:c31, conf=28: [s0|rpc:localhost:46515|admin:localhost:40757|client:localhost:41939|dataStream:localhost:35593|priority:0, s1|rpc:localhost:34095|admin:localhost:43151|client:localhost:36051|dataStream:localhost:38995|priority:0, s2|rpc:localhost:40453|admin:localhost:33947|client:localhost:38503|dataStream:localhost:42009|priority:0], old=null CLOSED
  s1:  RUNNING    LEADER s1@group-54B4F2458EED:t2, leader=s1, voted=s1, raftlog=s1@group-54B4F2458EED-SegmentedRaftLog:OPENED:c24, conf=17: [s0|rpc:localhost:46515|admin:localhost:40757|client:localhost:41939|dataStream:localhost:35593|priority:0, s1|rpc:localhost:34095|admin:localhost:43151|client:localhost:36051|dataStream:localhost:38995|priority:0, s2|rpc:localhost:40453|admin:localhost:33947|client:localhost:38503|dataStream:localhost:42009|priority:0], old=null CLOSED
  s2:  RUNNING  FOLLOWER s2@group-54B4F2458EED:t3, leader=null, voted=s0, raftlog=s2@group-54B4F2458EED-SegmentedRaftLog:OPENED:c29, conf=28: [s0|rpc:localhost:46515|admin:localhost:40757|client:localhost:41939|dataStream:localhost:35593|priority:0, s1|rpc:localhost:34095|admin:localhost:43151|client:localhost:36051|dataStream:localhost:38995|priority:0, s2|rpc:localhost:40453|admin:localhost:33947|client:localhost:38503|dataStream:localhost:42009|priority:0], old=null RUNNING
2022-06-29 11:32:38,290 INFO  impl.FollowerState (FollowerState.java:run(143)) - s2@group-54B4F2458EED-FollowerState: change to CANDIDATE, lastRpcElapsedTime:282192722ns, electionTimeout:276ms
2022-06-29 11:32:38,290 INFO  impl.RoleInfo (RoleInfo.java:shutdownFollowerState(110)) - s2: shutdown s2@group-54B4F2458EED-FollowerState
2022-06-29 11:32:38,290 INFO  server.RaftServer$Division (RaftServerImpl.java:setRole(299)) - s2@group-54B4F2458EED: changes role from  FOLLOWER to CANDIDATE at term 3 for changeToCandidate
2022-06-29 11:32:38,291 INFO  server.RaftServerConfigKeys (ConfUtils.java:logGet(46)) - raft.server.leaderelection.pre-vote = true (default)
2022-06-29 11:32:38,291 INFO  impl.RoleInfo (RoleInfo.java:updateAndGet(139)) - s2: start s2@group-54B4F2458EED-LeaderElection135
2022-06-29 11:32:38,294 INFO  impl.LeaderElection (LeaderElection.java:askForVotes(310)) - s2@group-54B4F2458EED-LeaderElection135 PRE_VOTE round 0: submit vote requests at term 3 for 28: [s0|rpc:localhost:46515|admin:localhost:40757|client:localhost:41939|dataStream:localhost:35593|priority:0, s1|rpc:localhost:34095|admin:localhost:43151|client:localhost:36051|dataStream:localhost:38995|priority:0, s2|rpc:localhost:40453|admin:localhost:33947|client:localhost:38503|dataStream:localhost:42009|priority:0], old=null
2022-06-29 11:32:38,298 INFO  server.RaftServer$Division (RaftServerImpl.java:requestVote(1152)) - s0@group-54B4F2458EED: receive requestVote(PRE_VOTE, s2, group-54B4F2458EED, 3, (t:3, i:31))
2022-06-29 11:32:38,299 WARN  server.GrpcServerProtocolService (LogUtils.java:warn(122)) - s0: Failed requestVote s2->s0#0: org.apache.ratis.protocol.exceptions.ServerNotReadyException: s0@group-54B4F2458EED is not in [RUNNING]: current state is CLOSED
2022-06-29 11:32:38,299 INFO  impl.LeaderElection (LogUtils.java:infoOrTrace(137)) - s2@group-54B4F2458EED-LeaderElection135 got exception when requesting votes: java.util.concurrent.ExecutionException: org.apache.ratis.thirdparty.io.grpc.StatusRuntimeException: INTERNAL: s0@group-54B4F2458EED is not in [RUNNING]: current state is CLOSED
2022-06-29 11:32:38,300 INFO  server.RaftServer$Division (RaftServerImpl.java:requestVote(1152)) - s1@group-54B4F2458EED: receive requestVote(PRE_VOTE, s2, group-54B4F2458EED, 3, (t:3, i:31))
2022-06-29 11:32:38,300 WARN  server.GrpcServerProtocolService (LogUtils.java:warn(122)) - s1: Failed requestVote s2->s1#0: org.apache.ratis.protocol.exceptions.ServerNotReadyException: s1@group-54B4F2458EED is not in [RUNNING]: current state is CLOSED
2022-06-29 11:32:38,304 INFO  impl.LeaderElection (LogUtils.java:infoOrTrace(137)) - s2@group-54B4F2458EED-LeaderElection135 got exception when requesting votes: java.util.concurrent.ExecutionException: org.apache.ratis.thirdparty.io.grpc.StatusRuntimeException: INTERNAL: s1@group-54B4F2458EED is not in [RUNNING]: current state is CLOSED
2022-06-29 11:32:38,304 INFO  impl.LeaderElection (LeaderElection.java:logAndReturn(90)) - s2@group-54B4F2458EED-LeaderElection135: PRE_VOTE REJECTED received 0 response(s) and 2 exception(s):
2022-06-29 11:32:38,304 INFO  impl.LeaderElection (LogUtils.java:infoOrTrace(137)) -   Exception 0: java.util.concurrent.ExecutionException: org.apache.ratis.thirdparty.io.grpc.StatusRuntimeException: INTERNAL: s0@group-54B4F2458EED is not in [RUNNING]: current state is CLOSED
2022-06-29 11:32:38,304 INFO  impl.LeaderElection (LogUtils.java:infoOrTrace(137)) -   Exception 1: java.util.concurrent.ExecutionException: org.apache.ratis.thirdparty.io.grpc.StatusRuntimeException: INTERNAL: s1@group-54B4F2458EED is not in [RUNNING]: current state is CLOSED
2022-06-29 11:32:38,304 INFO  impl.LeaderElection (LeaderElection.java:askForVotes(312)) - s2@group-54B4F2458EED-LeaderElection135 PRE_VOTE round 0: result REJECTED
2022-06-29 11:32:38,304 INFO  server.RaftServer$Division (RaftServerImpl.java:setRole(299)) - s2@group-54B4F2458EED: changes role from CANDIDATE to FOLLOWER at term 3 for REJECTED
2022-06-29 11:32:38,304 INFO  impl.RoleInfo (RoleInfo.java:shutdownLeaderElection(130)) - s2: shutdown s2@group-54B4F2458EED-LeaderElection135
2022-06-29 11:32:38,304 INFO  impl.RoleInfo (RoleInfo.java:updateAndGet(139)) - s2: start s2@group-54B4F2458EED-FollowerState
2022-06-29 11:32:38,580 INFO  impl.FollowerState (FollowerState.java:run(143)) - s2@group-54B4F2458EED-FollowerState: change to CANDIDATE, lastRpcElapsedTime:276255140ns, electionTimeout:275ms
2022-06-29 11:32:38,580 INFO  impl.RoleInfo (RoleInfo.java:shutdownFollowerState(110)) - s2: shutdown s2@group-54B4F2458EED-FollowerState
2022-06-29 11:32:38,581 INFO  server.RaftServer$Division (RaftServerImpl.java:setRole(299)) - s2@group-54B4F2458EED: changes role from  FOLLOWER to CANDIDATE at term 3 for changeToCandidate
2022-06-29 11:32:38,581 INFO  server.RaftServerConfigKeys (ConfUtils.java:logGet(46)) - raft.server.leaderelection.pre-vote = true (default)
2022-06-29 11:32:38,581 INFO  impl.RoleInfo (RoleInfo.java:updateAndGet(139)) - s2: start s2@group-54B4F2458EED-LeaderElection136
2022-06-29 11:32:38,582 INFO  impl.LeaderElection (LeaderElection.java:askForVotes(310)) - s2@group-54B4F2458EED-LeaderElection136 PRE_VOTE round 0: submit vote requests at term 3 for 28: [s0|rpc:localhost:46515|admin:localhost:40757|client:localhost:41939|dataStream:localhost:35593|priority:0, s1|rpc:localhost:34095|admin:localhost:43151|client:localhost:36051|dataStream:localhost:38995|priority:0, s2|rpc:localhost:40453|admin:localhost:33947|client:localhost:38503|dataStream:localhost:42009|priority:0], old=null
2022-06-29 11:32:38,588 INFO  server.RaftServer$Division (RaftServerImpl.java:requestVote(1152)) - s1@group-54B4F2458EED: receive requestVote(PRE_VOTE, s2, group-54B4F2458EED, 3, (t:3, i:31))
2022-06-29 11:32:38,588 WARN  server.GrpcServerProtocolService (LogUtils.java:warn(122)) - s1: Failed requestVote s2->s1#0: org.apache.ratis.protocol.exceptions.ServerNotReadyException: s1@group-54B4F2458EED is not in [RUNNING]: current state is CLOSED
2022-06-29 11:32:38,588 INFO  impl.LeaderElection (LogUtils.java:infoOrTrace(137)) - s2@group-54B4F2458EED-LeaderElection136 got exception when requesting votes: java.util.concurrent.ExecutionException: org.apache.ratis.thirdparty.io.grpc.StatusRuntimeException: INTERNAL: s1@group-54B4F2458EED is not in [RUNNING]: current state is CLOSED
2022-06-29 11:32:38,594 INFO  server.RaftServer$Division (RaftServerImpl.java:requestVote(1152)) - s0@group-54B4F2458EED: receive requestVote(PRE_VOTE, s2, group-54B4F2458EED, 3, (t:3, i:31))
2022-06-29 11:32:38,594 WARN  server.GrpcServerProtocolService (LogUtils.java:warn(122)) - s0: Failed requestVote s2->s0#0: org.apache.ratis.protocol.exceptions.ServerNotReadyException: s0@group-54B4F2458EED is not in [RUNNING]: current state is CLOSED
2022-06-29 11:32:38,594 INFO  impl.LeaderElection (LogUtils.java:infoOrTrace(137)) - s2@group-54B4F2458EED-LeaderElection136 got exception when requesting votes: java.util.concurrent.ExecutionException: org.apache.ratis.thirdparty.io.grpc.StatusRuntimeException: INTERNAL: s0@group-54B4F2458EED is not in [RUNNING]: current state is CLOSED
2022-06-29 11:32:38,594 INFO  impl.LeaderElection (LeaderElection.java:logAndReturn(90)) - s2@group-54B4F2458EED-LeaderElection136: PRE_VOTE REJECTED received 0 response(s) and 2 exception(s):
2022-06-29 11:32:38,594 INFO  impl.LeaderElection (LogUtils.java:infoOrTrace(137)) -   Exception 0: java.util.concurrent.ExecutionException: org.apache.ratis.thirdparty.io.grpc.StatusRuntimeException: INTERNAL: s1@group-54B4F2458EED is not in [RUNNING]: current state is CLOSED
2022-06-29 11:32:38,594 INFO  impl.LeaderElection (LogUtils.java:infoOrTrace(137)) -   Exception 1: java.util.concurrent.ExecutionException: org.apache.ratis.thirdparty.io.grpc.StatusRuntimeException: INTERNAL: s0@group-54B4F2458EED is not in [RUNNING]: current state is CLOSED
2022-06-29 11:32:38,595 INFO  impl.LeaderElection (LeaderElection.java:askForVotes(312)) - s2@group-54B4F2458EED-LeaderElection136 PRE_VOTE round 0: result REJECTED
2022-06-29 11:32:38,595 INFO  server.RaftServer$Division (RaftServerImpl.java:setRole(299)) - s2@group-54B4F2458EED: changes role from CANDIDATE to FOLLOWER at term 3 for REJECTED
2022-06-29 11:32:38,595 INFO  impl.RoleInfo (RoleInfo.java:shutdownLeaderElection(130)) - s2: shutdown s2@group-54B4F2458EED-LeaderElection136
2022-06-29 11:32:38,596 INFO  impl.RoleInfo (RoleInfo.java:updateAndGet(139)) - s2: start s2@group-54B4F2458EED-FollowerState
2022-06-29 11:32:38,751 INFO  impl.FollowerState (FollowerState.java:run(143)) - s2@group-54B4F2458EED-FollowerState: change to CANDIDATE, lastRpcElapsedTime:155368159ns, electionTimeout:150ms
2022-06-29 11:32:38,751 INFO  impl.RoleInfo (RoleInfo.java:shutdownFollowerState(110)) - s2: shutdown s2@group-54B4F2458EED-FollowerState
2022-06-29 11:32:38,751 INFO  server.RaftServer$Division (RaftServerImpl.java:setRole(299)) - s2@group-54B4F2458EED: changes role from  FOLLOWER to CANDIDATE at term 3 for changeToCandidate
2022-06-29 11:32:38,752 INFO  server.RaftServerConfigKeys (ConfUtils.java:logGet(46)) - raft.server.leaderelection.pre-vote = true (default)
2022-06-29 11:32:38,753 INFO  impl.RoleInfo (RoleInfo.java:updateAndGet(139)) - s2: start s2@group-54B4F2458EED-LeaderElection137
2022-06-29 11:32:38,754 INFO  impl.LeaderElection (LeaderElection.java:askForVotes(310)) - s2@group-54B4F2458EED-LeaderElection137 PRE_VOTE round 0: submit vote requests at term 3 for 28: [s0|rpc:localhost:46515|admin:localhost:40757|client:localhost:41939|dataStream:localhost:35593|priority:0, s1|rpc:localhost:34095|admin:localhost:43151|client:localhost:36051|dataStream:localhost:38995|priority:0, s2|rpc:localhost:40453|admin:localhost:33947|client:localhost:38503|dataStream:localhost:42009|priority:0], old=null
2022-06-29 11:32:38,755 INFO  server.RaftServer$Division (RaftServerImpl.java:requestVote(1152)) - s0@group-54B4F2458EED: receive requestVote(PRE_VOTE, s2, group-54B4F2458EED, 3, (t:3, i:31))
2022-06-29 11:32:38,755 WARN  server.GrpcServerProtocolService (LogUtils.java:warn(122)) - s0: Failed requestVote s2->s0#0: org.apache.ratis.protocol.exceptions.ServerNotReadyException: s0@group-54B4F2458EED is not in [RUNNING]: current state is CLOSED
2022-06-29 11:32:38,756 INFO  server.RaftServer$Division (RaftServerImpl.java:requestVote(1152)) - s1@group-54B4F2458EED: receive requestVote(PRE_VOTE, s2, group-54B4F2458EED, 3, (t:3, i:31))
2022-06-29 11:32:38,756 WARN  server.GrpcServerProtocolService (LogUtils.java:warn(122)) - s1: Failed requestVote s2->s1#0: org.apache.ratis.protocol.exceptions.ServerNotReadyException: s1@group-54B4F2458EED is not in [RUNNING]: current state is CLOSED
2022-06-29 11:32:38,757 INFO  impl.LeaderElection (LogUtils.java:infoOrTrace(137)) - s2@group-54B4F2458EED-LeaderElection137 got exception when requesting votes: java.util.concurrent.ExecutionException: org.apache.ratis.thirdparty.io.grpc.StatusRuntimeException: INTERNAL: s0@group-54B4F2458EED is not in [RUNNING]: current state is CLOSED
2022-06-29 11:32:38,758 INFO  impl.LeaderElection (LogUtils.java:infoOrTrace(137)) - s2@group-54B4F2458EED-LeaderElection137 got exception when requesting votes: java.util.concurrent.ExecutionException: org.apache.ratis.thirdparty.io.grpc.StatusRuntimeException: INTERNAL: s1@group-54B4F2458EED is not in [RUNNING]: current state is CLOSED
2022-06-29 11:32:38,758 INFO  impl.LeaderElection (LeaderElection.java:logAndReturn(90)) - s2@group-54B4F2458EED-LeaderElection137: PRE_VOTE REJECTED received 0 response(s) and 2 exception(s):
2022-06-29 11:32:38,758 INFO  impl.LeaderElection (LogUtils.java:infoOrTrace(137)) -   Exception 0: java.util.concurrent.ExecutionException: org.apache.ratis.thirdparty.io.grpc.StatusRuntimeException: INTERNAL: s0@group-54B4F2458EED is not in [RUNNING]: current state is CLOSED
2022-06-29 11:32:38,758 INFO  impl.LeaderElection (LogUtils.java:infoOrTrace(137)) -   Exception 1: java.util.concurrent.ExecutionException: org.apache.ratis.thirdparty.io.grpc.StatusRuntimeException: INTERNAL: s1@group-54B4F2458EED is not in [RUNNING]: current state is CLOSED
2022-06-29 11:32:38,760 INFO  impl.LeaderElection (LeaderElection.java:askForVotes(312)) - s2@group-54B4F2458EED-LeaderElection137 PRE_VOTE round 0: result REJECTED
2022-06-29 11:32:38,760 INFO  server.RaftServer$Division (RaftServerImpl.java:setRole(299)) - s2@group-54B4F2458EED: changes role from CANDIDATE to FOLLOWER at term 3 for REJECTED
2022-06-29 11:32:38,760 INFO  impl.RoleInfo (RoleInfo.java:shutdownLeaderElection(130)) - s2: shutdown s2@group-54B4F2458EED-LeaderElection137
2022-06-29 11:32:38,760 INFO  impl.RoleInfo (RoleInfo.java:updateAndGet(139)) - s2: start s2@group-54B4F2458EED-FollowerState
2022-06-29 11:32:38,981 INFO  impl.FollowerState (FollowerState.java:run(143)) - s2@group-54B4F2458EED-FollowerState: change to CANDIDATE, lastRpcElapsedTime:221560679ns, electionTimeout:216ms
2022-06-29 11:32:38,981 INFO  impl.RoleInfo (RoleInfo.java:shutdownFollowerState(110)) - s2: shutdown s2@group-54B4F2458EED-FollowerState
2022-06-29 11:32:38,981 INFO  server.RaftServer$Division (RaftServerImpl.java:setRole(299)) - s2@group-54B4F2458EED: changes role from  FOLLOWER to CANDIDATE at term 3 for changeToCandidate
2022-06-29 11:32:38,984 INFO  server.RaftServerConfigKeys (ConfUtils.java:logGet(46)) - raft.server.leaderelection.pre-vote = true (default)
2022-06-29 11:32:38,984 INFO  impl.RoleInfo (RoleInfo.java:updateAndGet(139)) - s2: start s2@group-54B4F2458EED-LeaderElection138
2022-06-29 11:32:38,987 INFO  impl.LeaderElection (LeaderElection.java:askForVotes(310)) - s2@group-54B4F2458EED-LeaderElection138 PRE_VOTE round 0: submit vote requests at term 3 for 28: [s0|rpc:localhost:46515|admin:localhost:40757|client:localhost:41939|dataStream:localhost:35593|priority:0, s1|rpc:localhost:34095|admin:localhost:43151|client:localhost:36051|dataStream:localhost:38995|priority:0, s2|rpc:localhost:40453|admin:localhost:33947|client:localhost:38503|dataStream:localhost:42009|priority:0], old=null
2022-06-29 11:32:38,996 INFO  server.RaftServer$Division (RaftServerImpl.java:requestVote(1152)) - s0@group-54B4F2458EED: receive requestVote(PRE_VOTE, s2, group-54B4F2458EED, 3, (t:3, i:31))
2022-06-29 11:32:38,996 WARN  server.GrpcServerProtocolService (LogUtils.java:warn(122)) - s0: Failed requestVote s2->s0#0: org.apache.ratis.protocol.exceptions.ServerNotReadyException: s0@group-54B4F2458EED is not in [RUNNING]: current state is CLOSED
2022-06-29 11:32:38,997 INFO  impl.LeaderElection (LogUtils.java:infoOrTrace(137)) - s2@group-54B4F2458EED-LeaderElection138 got exception when requesting votes: java.util.concurrent.ExecutionException: org.apache.ratis.thirdparty.io.grpc.StatusRuntimeException: INTERNAL: s0@group-54B4F2458EED is not in [RUNNING]: current state is CLOSED
2022-06-29 11:32:38,997 INFO  server.RaftServer$Division (RaftServerImpl.java:requestVote(1152)) - s1@group-54B4F2458EED: receive requestVote(PRE_VOTE, s2, group-54B4F2458EED, 3, (t:3, i:31))
2022-06-29 11:32:38,997 WARN  server.GrpcServerProtocolService (LogUtils.java:warn(122)) - s1: Failed requestVote s2->s1#0: org.apache.ratis.protocol.exceptions.ServerNotReadyException: s1@group-54B4F2458EED is not in [RUNNING]: current state is CLOSED
2022-06-29 11:32:38,998 INFO  impl.LeaderElection (LogUtils.java:infoOrTrace(137)) - s2@group-54B4F2458EED-LeaderElection138 got exception when requesting votes: java.util.concurrent.ExecutionException: org.apache.ratis.thirdparty.io.grpc.StatusRuntimeException: INTERNAL: s1@group-54B4F2458EED is not in [RUNNING]: current state is CLOSED
2022-06-29 11:32:38,999 INFO  impl.LeaderElection (LeaderElection.java:logAndReturn(90)) - s2@group-54B4F2458EED-LeaderElection138: PRE_VOTE REJECTED received 0 response(s) and 2 exception(s):
2022-06-29 11:32:38,999 INFO  impl.LeaderElection (LogUtils.java:infoOrTrace(137)) -   Exception 0: java.util.concurrent.ExecutionException: org.apache.ratis.thirdparty.io.grpc.StatusRuntimeException: INTERNAL: s0@group-54B4F2458EED is not in [RUNNING]: current state is CLOSED
2022-06-29 11:32:38,999 INFO  impl.LeaderElection (LogUtils.java:infoOrTrace(137)) -   Exception 1: java.util.concurrent.ExecutionException: org.apache.ratis.thirdparty.io.grpc.StatusRuntimeException: INTERNAL: s1@group-54B4F2458EED is not in [RUNNING]: current state is CLOSED
2022-06-29 11:32:39,001 INFO  impl.LeaderElection (LeaderElection.java:askForVotes(312)) - s2@group-54B4F2458EED-LeaderElection138 PRE_VOTE round 0: result REJECTED
2022-06-29 11:32:39,001 INFO  server.RaftServer$Division (RaftServerImpl.java:setRole(299)) - s2@group-54B4F2458EED: changes role from CANDIDATE to FOLLOWER at term 3 for REJECTED
2022-06-29 11:32:39,001 INFO  impl.RoleInfo (RoleInfo.java:shutdownLeaderElection(130)) - s2: shutdown s2@group-54B4F2458EED-LeaderElection138
2022-06-29 11:32:39,001 INFO  impl.RoleInfo (RoleInfo.java:updateAndGet(139)) - s2: start s2@group-54B4F2458EED-FollowerState
2022-06-29 11:32:39,292 INFO  impl.FollowerState (FollowerState.java:run(143)) - s2@group-54B4F2458EED-FollowerState: change to CANDIDATE, lastRpcElapsedTime:290337923ns, electionTimeout:287ms
2022-06-29 11:32:39,292 INFO  impl.RoleInfo (RoleInfo.java:shutdownFollowerState(110)) - s2: shutdown s2@group-54B4F2458EED-FollowerState
2022-06-29 11:32:39,292 INFO  server.RaftServer$Division (RaftServerImpl.java:setRole(299)) - s2@group-54B4F2458EED: changes role from  FOLLOWER to CANDIDATE at term 3 for changeToCandidate
2022-06-29 11:32:39,292 INFO  server.RaftServerConfigKeys (ConfUtils.java:logGet(46)) - raft.server.leaderelection.pre-vote = true (default)
2022-06-29 11:32:39,293 INFO  impl.RoleInfo (RoleInfo.java:updateAndGet(139)) - s2: start s2@group-54B4F2458EED-LeaderElection139
2022-06-29 11:32:39,296 INFO  impl.LeaderElection (LeaderElection.java:askForVotes(310)) - s2@group-54B4F2458EED-LeaderElection139 PRE_VOTE round 0: submit vote requests at term 3 for 28: [s0|rpc:localhost:46515|admin:localhost:40757|client:localhost:41939|dataStream:localhost:35593|priority:0, s1|rpc:localhost:34095|admin:localhost:43151|client:localhost:36051|dataStream:localhost:38995|priority:0, s2|rpc:localhost:40453|admin:localhost:33947|client:localhost:38503|dataStream:localhost:42009|priority:0], old=null
2022-06-29 11:32:39,299 INFO  server.RaftServer$Division (RaftServerImpl.java:requestVote(1152)) - s0@group-54B4F2458EED: receive requestVote(PRE_VOTE, s2, group-54B4F2458EED, 3, (t:3, i:31))
2022-06-29 11:32:39,299 WARN  server.GrpcServerProtocolService (LogUtils.java:warn(122)) - s0: Failed requestVote s2->s0#0: org.apache.ratis.protocol.exceptions.ServerNotReadyException: s0@group-54B4F2458EED is not in [RUNNING]: current state is CLOSED
2022-06-29 11:32:39,300 INFO  server.RaftServer$Division (RaftServerImpl.java:requestVote(1152)) - s1@group-54B4F2458EED: receive requestVote(PRE_VOTE, s2, group-54B4F2458EED, 3, (t:3, i:31))
2022-06-29 11:32:39,300 WARN  server.GrpcServerProtocolService (LogUtils.java:warn(122)) - s1: Failed requestVote s2->s1#0: org.apache.ratis.protocol.exceptions.ServerNotReadyException: s1@group-54B4F2458EED is not in [RUNNING]: current state is CLOSED
2022-06-29 11:32:39,302 INFO  impl.LeaderElection (LogUtils.java:infoOrTrace(137)) - s2@group-54B4F2458EED-LeaderElection139 got exception when requesting votes: java.util.concurrent.ExecutionException: org.apache.ratis.thirdparty.io.grpc.StatusRuntimeException: INTERNAL: s1@group-54B4F2458EED is not in [RUNNING]: current state is CLOSED
2022-06-29 11:32:39,304 INFO  impl.LeaderElection (LogUtils.java:infoOrTrace(137)) - s2@group-54B4F2458EED-LeaderElection139 got exception when requesting votes: java.util.concurrent.ExecutionException: org.apache.ratis.thirdparty.io.grpc.StatusRuntimeException: INTERNAL: s0@group-54B4F2458EED is not in [RUNNING]: current state is CLOSED
2022-06-29 11:32:39,304 INFO  impl.LeaderElection (LeaderElection.java:logAndReturn(90)) - s2@group-54B4F2458EED-LeaderElection139: PRE_VOTE REJECTED received 0 response(s) and 2 exception(s):
2022-06-29 11:32:39,305 INFO  impl.LeaderElection (LogUtils.java:infoOrTrace(137)) -   Exception 0: java.util.concurrent.ExecutionException: org.apache.ratis.thirdparty.io.grpc.StatusRuntimeException: INTERNAL: s1@group-54B4F2458EED is not in [RUNNING]: current state is CLOSED
2022-06-29 11:32:39,305 INFO  impl.LeaderElection (LogUtils.java:infoOrTrace(137)) -   Exception 1: java.util.concurrent.ExecutionException: org.apache.ratis.thirdparty.io.grpc.StatusRuntimeException: INTERNAL: s0@group-54B4F2458EED is not in [RUNNING]: current state is CLOSED
2022-06-29 11:32:39,305 INFO  impl.LeaderElection (LeaderElection.java:askForVotes(312)) - s2@group-54B4F2458EED-LeaderElection139 PRE_VOTE round 0: result REJECTED
2022-06-29 11:32:39,305 INFO  server.RaftServer$Division (RaftServerImpl.java:setRole(299)) - s2@group-54B4F2458EED: changes role from CANDIDATE to FOLLOWER at term 3 for REJECTED
2022-06-29 11:32:39,305 INFO  impl.RoleInfo (RoleInfo.java:shutdownLeaderElection(130)) - s2: shutdown s2@group-54B4F2458EED-LeaderElection139
2022-06-29 11:32:39,305 INFO  impl.RoleInfo (RoleInfo.java:updateAndGet(139)) - s2: start s2@group-54B4F2458EED-FollowerState
2022-06-29 11:32:39,501 INFO  impl.FollowerState (FollowerState.java:run(143)) - s2@group-54B4F2458EED-FollowerState: change to CANDIDATE, lastRpcElapsedTime:196509523ns, electionTimeout:194ms
2022-06-29 11:32:39,501 INFO  impl.RoleInfo (RoleInfo.java:shutdownFollowerState(110)) - s2: shutdown s2@group-54B4F2458EED-FollowerState
2022-06-29 11:32:39,501 INFO  server.RaftServer$Division (RaftServerImpl.java:setRole(299)) - s2@group-54B4F2458EED: changes role from  FOLLOWER to CANDIDATE at term 3 for changeToCandidate
2022-06-29 11:32:39,502 INFO  server.RaftServerConfigKeys (ConfUtils.java:logGet(46)) - raft.server.leaderelection.pre-vote = true (default)
2022-06-29 11:32:39,502 INFO  impl.RoleInfo (RoleInfo.java:updateAndGet(139)) - s2: start s2@group-54B4F2458EED-LeaderElection140
2022-06-29 11:32:39,503 INFO  impl.LeaderElection (LeaderElection.java:askForVotes(310)) - s2@group-54B4F2458EED-LeaderElection140 PRE_VOTE round 0: submit vote requests at term 3 for 28: [s0|rpc:localhost:46515|admin:localhost:40757|client:localhost:41939|dataStream:localhost:35593|priority:0, s1|rpc:localhost:34095|admin:localhost:43151|client:localhost:36051|dataStream:localhost:38995|priority:0, s2|rpc:localhost:40453|admin:localhost:33947|client:localhost:38503|dataStream:localhost:42009|priority:0], old=null
2022-06-29 11:32:39,508 INFO  server.RaftServer$Division (RaftServerImpl.java:requestVote(1152)) - s0@group-54B4F2458EED: receive requestVote(PRE_VOTE, s2, group-54B4F2458EED, 3, (t:3, i:31))
2022-06-29 11:32:39,508 WARN  server.GrpcServerProtocolService (LogUtils.java:warn(122)) - s0: Failed requestVote s2->s0#0: org.apache.ratis.protocol.exceptions.ServerNotReadyException: s0@group-54B4F2458EED is not in [RUNNING]: current state is CLOSED
2022-06-29 11:32:39,509 INFO  impl.LeaderElection (LogUtils.java:infoOrTrace(137)) - s2@group-54B4F2458EED-LeaderElection140 got exception when requesting votes: java.util.concurrent.ExecutionException: org.apache.ratis.thirdparty.io.grpc.StatusRuntimeException: INTERNAL: s0@group-54B4F2458EED is not in [RUNNING]: current state is CLOSED
2022-06-29 11:32:39,509 INFO  server.RaftServer$Division (RaftServerImpl.java:requestVote(1152)) - s1@group-54B4F2458EED: receive requestVote(PRE_VOTE, s2, group-54B4F2458EED, 3, (t:3, i:31))
2022-06-29 11:32:39,509 WARN  server.GrpcServerProtocolService (LogUtils.java:warn(122)) - s1: Failed requestVote s2->s1#0: org.apache.ratis.protocol.exceptions.ServerNotReadyException: s1@group-54B4F2458EED is not in [RUNNING]: current state is CLOSED
2022-06-29 11:32:39,511 INFO  impl.LeaderElection (LogUtils.java:infoOrTrace(137)) - s2@group-54B4F2458EED-LeaderElection140 got exception when requesting votes: java.util.concurrent.ExecutionException: org.apache.ratis.thirdparty.io.grpc.StatusRuntimeException: INTERNAL: s1@group-54B4F2458EED is not in [RUNNING]: current state is CLOSED
2022-06-29 11:32:39,511 INFO  impl.LeaderElection (LeaderElection.java:logAndReturn(90)) - s2@group-54B4F2458EED-LeaderElection140: PRE_VOTE REJECTED received 0 response(s) and 2 exception(s):
2022-06-29 11:32:39,511 INFO  impl.LeaderElection (LogUtils.java:infoOrTrace(137)) -   Exception 0: java.util.concurrent.ExecutionException: org.apache.ratis.thirdparty.io.grpc.StatusRuntimeException: INTERNAL: s0@group-54B4F2458EED is not in [RUNNING]: current state is CLOSED
2022-06-29 11:32:39,511 INFO  impl.LeaderElection (LogUtils.java:infoOrTrace(137)) -   Exception 1: java.util.concurrent.ExecutionException: org.apache.ratis.thirdparty.io.grpc.StatusRuntimeException: INTERNAL: s1@group-54B4F2458EED is not in [RUNNING]: current state is CLOSED
2022-06-29 11:32:39,511 INFO  impl.LeaderElection (LeaderElection.java:askForVotes(312)) - s2@group-54B4F2458EED-LeaderElection140 PRE_VOTE round 0: result REJECTED
2022-06-29 11:32:39,511 INFO  server.RaftServer$Division (RaftServerImpl.java:setRole(299)) - s2@group-54B4F2458EED: changes role from CANDIDATE to FOLLOWER at term 3 for REJECTED
2022-06-29 11:32:39,511 INFO  impl.RoleInfo (RoleInfo.java:shutdownLeaderElection(130)) - s2: shutdown s2@group-54B4F2458EED-LeaderElection140
2022-06-29 11:32:39,511 INFO  impl.RoleInfo (RoleInfo.java:updateAndGet(139)) - s2: start s2@group-54B4F2458EED-FollowerState
2022-06-29 11:32:39,785 INFO  impl.FollowerState (FollowerState.java:run(143)) - s2@group-54B4F2458EED-FollowerState: change to CANDIDATE, lastRpcElapsedTime:273652291ns, electionTimeout:272ms
2022-06-29 11:32:39,785 INFO  impl.RoleInfo (RoleInfo.java:shutdownFollowerState(110)) - s2: shutdown s2@group-54B4F2458EED-FollowerState
2022-06-29 11:32:39,785 INFO  server.RaftServer$Division (RaftServerImpl.java:setRole(299)) - s2@group-54B4F2458EED: changes role from  FOLLOWER to CANDIDATE at term 3 for changeToCandidate
2022-06-29 11:32:39,787 INFO  server.RaftServerConfigKeys (ConfUtils.java:logGet(46)) - raft.server.leaderelection.pre-vote = true (default)
2022-06-29 11:32:39,787 INFO  impl.RoleInfo (RoleInfo.java:updateAndGet(139)) - s2: start s2@group-54B4F2458EED-LeaderElection141
2022-06-29 11:32:39,792 INFO  impl.LeaderElection (LeaderElection.java:askForVotes(310)) - s2@group-54B4F2458EED-LeaderElection141 PRE_VOTE round 0: submit vote requests at term 3 for 28: [s0|rpc:localhost:46515|admin:localhost:40757|client:localhost:41939|dataStream:localhost:35593|priority:0, s1|rpc:localhost:34095|admin:localhost:43151|client:localhost:36051|dataStream:localhost:38995|priority:0, s2|rpc:localhost:40453|admin:localhost:33947|client:localhost:38503|dataStream:localhost:42009|priority:0], old=null
2022-06-29 11:32:39,796 INFO  server.RaftServer$Division (RaftServerImpl.java:requestVote(1152)) - s0@group-54B4F2458EED: receive requestVote(PRE_VOTE, s2, group-54B4F2458EED, 3, (t:3, i:31))
2022-06-29 11:32:39,797 WARN  server.GrpcServerProtocolService (LogUtils.java:warn(122)) - s0: Failed requestVote s2->s0#0: org.apache.ratis.protocol.exceptions.ServerNotReadyException: s0@group-54B4F2458EED is not in [RUNNING]: current state is CLOSED
2022-06-29 11:32:39,797 INFO  server.RaftServer$Division (RaftServerImpl.java:requestVote(1152)) - s1@group-54B4F2458EED: receive requestVote(PRE_VOTE, s2, group-54B4F2458EED, 3, (t:3, i:31))
2022-06-29 11:32:39,797 WARN  server.GrpcServerProtocolService (LogUtils.java:warn(122)) - s1: Failed requestVote s2->s1#0: org.apache.ratis.protocol.exceptions.ServerNotReadyException: s1@group-54B4F2458EED is not in [RUNNING]: current state is CLOSED
2022-06-29 11:32:39,798 INFO  impl.LeaderElection (LogUtils.java:infoOrTrace(137)) - s2@group-54B4F2458EED-LeaderElection141 got exception when requesting votes: java.util.concurrent.ExecutionException: org.apache.ratis.thirdparty.io.grpc.StatusRuntimeException: INTERNAL: s1@group-54B4F2458EED is not in [RUNNING]: current state is CLOSED
2022-06-29 11:32:39,798 INFO  impl.LeaderElection (LogUtils.java:infoOrTrace(137)) - s2@group-54B4F2458EED-LeaderElection141 got exception when requesting votes: java.util.concurrent.ExecutionException: org.apache.ratis.thirdparty.io.grpc.StatusRuntimeException: INTERNAL: s0@group-54B4F2458EED is not in [RUNNING]: current state is CLOSED
2022-06-29 11:32:39,798 INFO  impl.LeaderElection (LeaderElection.java:logAndReturn(90)) - s2@group-54B4F2458EED-LeaderElection141: PRE_VOTE REJECTED received 0 response(s) and 2 exception(s):
2022-06-29 11:32:39,798 INFO  impl.LeaderElection (LogUtils.java:infoOrTrace(137)) -   Exception 0: java.util.concurrent.ExecutionException: org.apache.ratis.thirdparty.io.grpc.StatusRuntimeException: INTERNAL: s1@group-54B4F2458EED is not in [RUNNING]: current state is CLOSED
2022-06-29 11:32:39,798 INFO  impl.LeaderElection (LogUtils.java:infoOrTrace(137)) -   Exception 1: java.util.concurrent.ExecutionException: org.apache.ratis.thirdparty.io.grpc.StatusRuntimeException: INTERNAL: s0@group-54B4F2458EED is not in [RUNNING]: current state is CLOSED
2022-06-29 11:32:39,798 INFO  impl.LeaderElection (LeaderElection.java:askForVotes(312)) - s2@group-54B4F2458EED-LeaderElection141 PRE_VOTE round 0: result REJECTED
2022-06-29 11:32:39,798 INFO  server.RaftServer$Division (RaftServerImpl.java:setRole(299)) - s2@group-54B4F2458EED: changes role from CANDIDATE to FOLLOWER at term 3 for REJECTED
2022-06-29 11:32:39,798 INFO  impl.RoleInfo (RoleInfo.java:shutdownLeaderElection(130)) - s2: shutdown s2@group-54B4F2458EED-LeaderElection141
2022-06-29 11:32:39,798 INFO  impl.RoleInfo (RoleInfo.java:updateAndGet(139)) - s2: start s2@group-54B4F2458EED-FollowerState
2022-06-29 11:32:40,015 INFO  impl.FollowerState (FollowerState.java:run(143)) - s2@group-54B4F2458EED-FollowerState: change to CANDIDATE, lastRpcElapsedTime:217121908ns, electionTimeout:214ms
2022-06-29 11:32:40,016 INFO  impl.RoleInfo (RoleInfo.java:shutdownFollowerState(110)) - s2: shutdown s2@group-54B4F2458EED-FollowerState
2022-06-29 11:32:40,016 INFO  server.RaftServer$Division (RaftServerImpl.java:setRole(299)) - s2@group-54B4F2458EED: changes role from  FOLLOWER to CANDIDATE at term 3 for changeToCandidate
2022-06-29 11:32:40,017 INFO  server.RaftServerConfigKeys (ConfUtils.java:logGet(46)) - raft.server.leaderelection.pre-vote = true (default)
2022-06-29 11:32:40,017 INFO  impl.RoleInfo (RoleInfo.java:updateAndGet(139)) - s2: start s2@group-54B4F2458EED-LeaderElection142
2022-06-29 11:32:40,018 INFO  impl.LeaderElection (LeaderElection.java:askForVotes(310)) - s2@group-54B4F2458EED-LeaderElection142 PRE_VOTE round 0: submit vote requests at term 3 for 28: [s0|rpc:localhost:46515|admin:localhost:40757|client:localhost:41939|dataStream:localhost:35593|priority:0, s1|rpc:localhost:34095|admin:localhost:43151|client:localhost:36051|dataStream:localhost:38995|priority:0, s2|rpc:localhost:40453|admin:localhost:33947|client:localhost:38503|dataStream:localhost:42009|priority:0], old=null
2022-06-29 11:32:40,019 INFO  server.RaftServer$Division (RaftServerImpl.java:requestVote(1152)) - s0@group-54B4F2458EED: receive requestVote(PRE_VOTE, s2, group-54B4F2458EED, 3, (t:3, i:31))
2022-06-29 11:32:40,019 WARN  server.GrpcServerProtocolService (LogUtils.java:warn(122)) - s0: Failed requestVote s2->s0#0: org.apache.ratis.protocol.exceptions.ServerNotReadyException: s0@group-54B4F2458EED is not in [RUNNING]: current state is CLOSED
2022-06-29 11:32:40,020 INFO  server.RaftServer$Division (RaftServerImpl.java:requestVote(1152)) - s1@group-54B4F2458EED: receive requestVote(PRE_VOTE, s2, group-54B4F2458EED, 3, (t:3, i:31))
2022-06-29 11:32:40,020 WARN  server.GrpcServerProtocolService (LogUtils.java:warn(122)) - s1: Failed requestVote s2->s1#0: org.apache.ratis.protocol.exceptions.ServerNotReadyException: s1@group-54B4F2458EED is not in [RUNNING]: current state is CLOSED
2022-06-29 11:32:40,020 INFO  impl.LeaderElection (LogUtils.java:infoOrTrace(137)) - s2@group-54B4F2458EED-LeaderElection142 got exception when requesting votes: java.util.concurrent.ExecutionException: org.apache.ratis.thirdparty.io.grpc.StatusRuntimeException: INTERNAL: s0@group-54B4F2458EED is not in [RUNNING]: current state is CLOSED
2022-06-29 11:32:40,020 INFO  impl.LeaderElection (LogUtils.java:infoOrTrace(137)) - s2@group-54B4F2458EED-LeaderElection142 got exception when requesting votes: java.util.concurrent.ExecutionException: org.apache.ratis.thirdparty.io.grpc.StatusRuntimeException: INTERNAL: s1@group-54B4F2458EED is not in [RUNNING]: current state is CLOSED
2022-06-29 11:32:40,020 INFO  impl.LeaderElection (LeaderElection.java:logAndReturn(90)) - s2@group-54B4F2458EED-LeaderElection142: PRE_VOTE REJECTED received 0 response(s) and 2 exception(s):
2022-06-29 11:32:40,020 INFO  impl.LeaderElection (LogUtils.java:infoOrTrace(137)) -   Exception 0: java.util.concurrent.ExecutionException: org.apache.ratis.thirdparty.io.grpc.StatusRuntimeException: INTERNAL: s0@group-54B4F2458EED is not in [RUNNING]: current state is CLOSED
2022-06-29 11:32:40,020 INFO  impl.LeaderElection (LogUtils.java:infoOrTrace(137)) -   Exception 1: java.util.concurrent.ExecutionException: org.apache.ratis.thirdparty.io.grpc.StatusRuntimeException: INTERNAL: s1@group-54B4F2458EED is not in [RUNNING]: current state is CLOSED
2022-06-29 11:32:40,020 INFO  impl.LeaderElection (LeaderElection.java:askForVotes(312)) - s2@group-54B4F2458EED-LeaderElection142 PRE_VOTE round 0: result REJECTED
2022-06-29 11:32:40,020 INFO  server.RaftServer$Division (RaftServerImpl.java:setRole(299)) - s2@group-54B4F2458EED: changes role from CANDIDATE to FOLLOWER at term 3 for REJECTED
2022-06-29 11:32:40,021 INFO  impl.RoleInfo (RoleInfo.java:shutdownLeaderElection(130)) - s2: shutdown s2@group-54B4F2458EED-LeaderElection142
2022-06-29 11:32:40,021 INFO  impl.RoleInfo (RoleInfo.java:updateAndGet(139)) - s2: start s2@group-54B4F2458EED-FollowerState
2022-06-29 11:32:40,252 INFO  impl.FollowerState (FollowerState.java:run(143)) - s2@group-54B4F2458EED-FollowerState: change to CANDIDATE, lastRpcElapsedTime:231740001ns, electionTimeout:231ms
2022-06-29 11:32:40,252 INFO  impl.RoleInfo (RoleInfo.java:shutdownFollowerState(110)) - s2: shutdown s2@group-54B4F2458EED-FollowerState
2022-06-29 11:32:40,252 INFO  server.RaftServer$Division (RaftServerImpl.java:setRole(299)) - s2@group-54B4F2458EED: changes role from  FOLLOWER to CANDIDATE at term 3 for changeToCandidate
2022-06-29 11:32:40,256 INFO  server.RaftServerConfigKeys (ConfUtils.java:logGet(46)) - raft.server.leaderelection.pre-vote = true (default)
2022-06-29 11:32:40,256 INFO  impl.RoleInfo (RoleInfo.java:updateAndGet(139)) - s2: start s2@group-54B4F2458EED-LeaderElection143
2022-06-29 11:32:40,258 INFO  impl.LeaderElection (LeaderElection.java:askForVotes(310)) - s2@group-54B4F2458EED-LeaderElection143 PRE_VOTE round 0: submit vote requests at term 3 for 28: [s0|rpc:localhost:46515|admin:localhost:40757|client:localhost:41939|dataStream:localhost:35593|priority:0, s1|rpc:localhost:34095|admin:localhost:43151|client:localhost:36051|dataStream:localhost:38995|priority:0, s2|rpc:localhost:40453|admin:localhost:33947|client:localhost:38503|dataStream:localhost:42009|priority:0], old=null
2022-06-29 11:32:40,271 INFO  server.RaftServer$Division (RaftServerImpl.java:requestVote(1152)) - s0@group-54B4F2458EED: receive requestVote(PRE_VOTE, s2, group-54B4F2458EED, 3, (t:3, i:31))
2022-06-29 11:32:40,271 WARN  server.GrpcServerProtocolService (LogUtils.java:warn(122)) - s0: Failed requestVote s2->s0#0: org.apache.ratis.protocol.exceptions.ServerNotReadyException: s0@group-54B4F2458EED is not in [RUNNING]: current state is CLOSED
2022-06-29 11:32:40,275 INFO  impl.LeaderElection (LogUtils.java:infoOrTrace(137)) - s2@group-54B4F2458EED-LeaderElection143 got exception when requesting votes: java.util.concurrent.ExecutionException: org.apache.ratis.thirdparty.io.grpc.StatusRuntimeException: INTERNAL: s0@group-54B4F2458EED is not in [RUNNING]: current state is CLOSED
2022-06-29 11:32:40,277 INFO  server.RaftServer$Division (RaftServerImpl.java:requestVote(1152)) - s1@group-54B4F2458EED: receive requestVote(PRE_VOTE, s2, group-54B4F2458EED, 3, (t:3, i:31))
2022-06-29 11:32:40,277 WARN  server.GrpcServerProtocolService (LogUtils.java:warn(122)) - s1: Failed requestVote s2->s1#0: org.apache.ratis.protocol.exceptions.ServerNotReadyException: s1@group-54B4F2458EED is not in [RUNNING]: current state is CLOSED
2022-06-29 11:32:40,284 INFO  impl.LeaderElection (LogUtils.java:infoOrTrace(137)) - s2@group-54B4F2458EED-LeaderElection143 got exception when requesting votes: java.util.concurrent.ExecutionException: org.apache.ratis.thirdparty.io.grpc.StatusRuntimeException: INTERNAL: s1@group-54B4F2458EED is not in [RUNNING]: current state is CLOSED
2022-06-29 11:32:40,284 INFO  impl.LeaderElection (LeaderElection.java:logAndReturn(90)) - s2@group-54B4F2458EED-LeaderElection143: PRE_VOTE REJECTED received 0 response(s) and 2 exception(s):
2022-06-29 11:32:40,284 INFO  impl.LeaderElection (LogUtils.java:infoOrTrace(137)) -   Exception 0: java.util.concurrent.ExecutionException: org.apache.ratis.thirdparty.io.grpc.StatusRuntimeException: INTERNAL: s0@group-54B4F2458EED is not in [RUNNING]: current state is CLOSED
2022-06-29 11:32:40,284 INFO  impl.LeaderElection (LogUtils.java:infoOrTrace(137)) -   Exception 1: java.util.concurrent.ExecutionException: org.apache.ratis.thirdparty.io.grpc.StatusRuntimeException: INTERNAL: s1@group-54B4F2458EED is not in [RUNNING]: current state is CLOSED
2022-06-29 11:32:40,284 INFO  impl.LeaderElection (LeaderElection.java:askForVotes(312)) - s2@group-54B4F2458EED-LeaderElection143 PRE_VOTE round 0: result REJECTED
2022-06-29 11:32:40,284 INFO  server.RaftServer$Division (RaftServerImpl.java:setRole(299)) - s2@group-54B4F2458EED: changes role from CANDIDATE to FOLLOWER at term 3 for REJECTED
2022-06-29 11:32:40,284 INFO  impl.RoleInfo (RoleInfo.java:shutdownLeaderElection(130)) - s2: shutdown s2@group-54B4F2458EED-LeaderElection143
2022-06-29 11:32:40,284 INFO  impl.RoleInfo (RoleInfo.java:updateAndGet(139)) - s2: start s2@group-54B4F2458EED-FollowerState
2022-06-29 11:32:40,542 INFO  impl.FollowerState (FollowerState.java:run(143)) - s2@group-54B4F2458EED-FollowerState: change to CANDIDATE, lastRpcElapsedTime:258387769ns, electionTimeout:207ms
2022-06-29 11:32:40,542 INFO  impl.RoleInfo (RoleInfo.java:shutdownFollowerState(110)) - s2: shutdown s2@group-54B4F2458EED-FollowerState
2022-06-29 11:32:40,543 INFO  server.RaftServer$Division (RaftServerImpl.java:setRole(299)) - s2@group-54B4F2458EED: changes role from  FOLLOWER to CANDIDATE at term 3 for changeToCandidate
2022-06-29 11:32:40,543 INFO  server.RaftServerConfigKeys (ConfUtils.java:logGet(46)) - raft.server.leaderelection.pre-vote = true (default)
2022-06-29 11:32:40,543 INFO  impl.RoleInfo (RoleInfo.java:updateAndGet(139)) - s2: start s2@group-54B4F2458EED-LeaderElection144
2022-06-29 11:32:40,543 INFO  impl.LeaderElection (LeaderElection.java:askForVotes(310)) - s2@group-54B4F2458EED-LeaderElection144 PRE_VOTE round 0: submit vote requests at term 3 for 28: [s0|rpc:localhost:46515|admin:localhost:40757|client:localhost:41939|dataStream:localhost:35593|priority:0, s1|rpc:localhost:34095|admin:localhost:43151|client:localhost:36051|dataStream:localhost:38995|priority:0, s2|rpc:localhost:40453|admin:localhost:33947|client:localhost:38503|dataStream:localhost:42009|priority:0], old=null
2022-06-29 11:32:40,551 INFO  server.RaftServer$Division (RaftServerImpl.java:requestVote(1152)) - s0@group-54B4F2458EED: receive requestVote(PRE_VOTE, s2, group-54B4F2458EED, 3, (t:3, i:31))
2022-06-29 11:32:40,551 WARN  server.GrpcServerProtocolService (LogUtils.java:warn(122)) - s0: Failed requestVote s2->s0#0: org.apache.ratis.protocol.exceptions.ServerNotReadyException: s0@group-54B4F2458EED is not in [RUNNING]: current state is CLOSED
2022-06-29 11:32:40,553 INFO  impl.LeaderElection (LogUtils.java:infoOrTrace(137)) - s2@group-54B4F2458EED-LeaderElection144 got exception when requesting votes: java.util.concurrent.ExecutionException: org.apache.ratis.thirdparty.io.grpc.StatusRuntimeException: INTERNAL: s0@group-54B4F2458EED is not in [RUNNING]: current state is CLOSED
2022-06-29 11:32:40,554 INFO  server.RaftServer$Division (RaftServerImpl.java:requestVote(1152)) - s1@group-54B4F2458EED: receive requestVote(PRE_VOTE, s2, group-54B4F2458EED, 3, (t:3, i:31))
2022-06-29 11:32:40,554 WARN  server.GrpcServerProtocolService (LogUtils.java:warn(122)) - s1: Failed requestVote s2->s1#0: org.apache.ratis.protocol.exceptions.ServerNotReadyException: s1@group-54B4F2458EED is not in [RUNNING]: current state is CLOSED
2022-06-29 11:32:40,555 INFO  impl.LeaderElection (LogUtils.java:infoOrTrace(137)) - s2@group-54B4F2458EED-LeaderElection144 got exception when requesting votes: java.util.concurrent.ExecutionException: org.apache.ratis.thirdparty.io.grpc.StatusRuntimeException: INTERNAL: s1@group-54B4F2458EED is not in [RUNNING]: current state is CLOSED
2022-06-29 11:32:40,556 INFO  impl.LeaderElection (LeaderElection.java:logAndReturn(90)) - s2@group-54B4F2458EED-LeaderElection144: PRE_VOTE REJECTED received 0 response(s) and 2 exception(s):
2022-06-29 11:32:40,556 INFO  impl.LeaderElection (LogUtils.java:infoOrTrace(137)) -   Exception 0: java.util.concurrent.ExecutionException: org.apache.ratis.thirdparty.io.grpc.StatusRuntimeException: INTERNAL: s0@group-54B4F2458EED is not in [RUNNING]: current state is CLOSED
2022-06-29 11:32:40,556 INFO  impl.LeaderElection (LogUtils.java:infoOrTrace(137)) -   Exception 1: java.util.concurrent.ExecutionException: org.apache.ratis.thirdparty.io.grpc.StatusRuntimeException: INTERNAL: s1@group-54B4F2458EED is not in [RUNNING]: current state is CLOSED
2022-06-29 11:32:40,556 INFO  impl.LeaderElection (LeaderElection.java:askForVotes(312)) - s2@group-54B4F2458EED-LeaderElection144 PRE_VOTE round 0: result REJECTED
2022-06-29 11:32:40,556 INFO  server.RaftServer$Division (RaftServerImpl.java:setRole(299)) - s2@group-54B4F2458EED: changes role from CANDIDATE to FOLLOWER at term 3 for REJECTED
2022-06-29 11:32:40,556 INFO  impl.RoleInfo (RoleInfo.java:shutdownLeaderElection(130)) - s2: shutdown s2@group-54B4F2458EED-LeaderElection144
2022-06-29 11:32:40,558 INFO  impl.RoleInfo (RoleInfo.java:updateAndGet(139)) - s2: start s2@group-54B4F2458EED-FollowerState
2022-06-29 11:32:40,725 INFO  impl.FollowerState (FollowerState.java:run(143)) - s2@group-54B4F2458EED-FollowerState: change to CANDIDATE, lastRpcElapsedTime:166864505ns, electionTimeout:165ms
2022-06-29 11:32:40,725 INFO  impl.RoleInfo (RoleInfo.java:shutdownFollowerState(110)) - s2: shutdown s2@group-54B4F2458EED-FollowerState
2022-06-29 11:32:40,725 INFO  server.RaftServer$Division (RaftServerImpl.java:setRole(299)) - s2@group-54B4F2458EED: changes role from  FOLLOWER to CANDIDATE at term 3 for changeToCandidate
2022-06-29 11:32:40,725 INFO  server.RaftServerConfigKeys (ConfUtils.java:logGet(46)) - raft.server.leaderelection.pre-vote = true (default)
2022-06-29 11:32:40,725 INFO  impl.RoleInfo (RoleInfo.java:updateAndGet(139)) - s2: start s2@group-54B4F2458EED-LeaderElection145
2022-06-29 11:32:40,726 INFO  impl.LeaderElection (LeaderElection.java:askForVotes(310)) - s2@group-54B4F2458EED-LeaderElection145 PRE_VOTE round 0: submit vote requests at term 3 for 28: [s0|rpc:localhost:46515|admin:localhost:40757|client:localhost:41939|dataStream:localhost:35593|priority:0, s1|rpc:localhost:34095|admin:localhost:43151|client:localhost:36051|dataStream:localhost:38995|priority:0, s2|rpc:localhost:40453|admin:localhost:33947|client:localhost:38503|dataStream:localhost:42009|priority:0], old=null
2022-06-29 11:32:40,732 INFO  server.RaftServer$Division (RaftServerImpl.java:requestVote(1152)) - s0@group-54B4F2458EED: receive requestVote(PRE_VOTE, s2, group-54B4F2458EED, 3, (t:3, i:31))
2022-06-29 11:32:40,732 WARN  server.GrpcServerProtocolService (LogUtils.java:warn(122)) - s0: Failed requestVote s2->s0#0: org.apache.ratis.protocol.exceptions.ServerNotReadyException: s0@group-54B4F2458EED is not in [RUNNING]: current state is CLOSED
2022-06-29 11:32:40,733 INFO  server.RaftServer$Division (RaftServerImpl.java:requestVote(1152)) - s1@group-54B4F2458EED: receive requestVote(PRE_VOTE, s2, group-54B4F2458EED, 3, (t:3, i:31))
2022-06-29 11:32:40,733 WARN  server.GrpcServerProtocolService (LogUtils.java:warn(122)) - s1: Failed requestVote s2->s1#0: org.apache.ratis.protocol.exceptions.ServerNotReadyException: s1@group-54B4F2458EED is not in [RUNNING]: current state is CLOSED
2022-06-29 11:32:40,734 INFO  impl.LeaderElection (LogUtils.java:infoOrTrace(137)) - s2@group-54B4F2458EED-LeaderElection145 got exception when requesting votes: java.util.concurrent.ExecutionException: org.apache.ratis.thirdparty.io.grpc.StatusRuntimeException: INTERNAL: s0@group-54B4F2458EED is not in [RUNNING]: current state is CLOSED
2022-06-29 11:32:40,734 INFO  impl.LeaderElection (LogUtils.java:infoOrTrace(137)) - s2@group-54B4F2458EED-LeaderElection145 got exception when requesting votes: java.util.concurrent.ExecutionException: org.apache.ratis.thirdparty.io.grpc.StatusRuntimeException: INTERNAL: s1@group-54B4F2458EED is not in [RUNNING]: current state is CLOSED
2022-06-29 11:32:40,734 INFO  impl.LeaderElection (LeaderElection.java:logAndReturn(90)) - s2@group-54B4F2458EED-LeaderElection145: PRE_VOTE REJECTED received 0 response(s) and 2 exception(s):
2022-06-29 11:32:40,734 INFO  impl.LeaderElection (LogUtils.java:infoOrTrace(137)) -   Exception 0: java.util.concurrent.ExecutionException: org.apache.ratis.thirdparty.io.grpc.StatusRuntimeException: INTERNAL: s0@group-54B4F2458EED is not in [RUNNING]: current state is CLOSED
2022-06-29 11:32:40,734 INFO  impl.LeaderElection (LogUtils.java:infoOrTrace(137)) -   Exception 1: java.util.concurrent.ExecutionException: org.apache.ratis.thirdparty.io.grpc.StatusRuntimeException: INTERNAL: s1@group-54B4F2458EED is not in [RUNNING]: current state is CLOSED
2022-06-29 11:32:40,734 INFO  impl.LeaderElection (LeaderElection.java:askForVotes(312)) - s2@group-54B4F2458EED-LeaderElection145 PRE_VOTE round 0: result REJECTED
2022-06-29 11:32:40,734 INFO  server.RaftServer$Division (RaftServerImpl.java:setRole(299)) - s2@group-54B4F2458EED: changes role from CANDIDATE to FOLLOWER at term 3 for REJECTED
2022-06-29 11:32:40,734 INFO  impl.RoleInfo (RoleInfo.java:shutdownLeaderElection(130)) - s2: shutdown s2@group-54B4F2458EED-LeaderElection145
2022-06-29 11:32:40,735 INFO  impl.RoleInfo (RoleInfo.java:updateAndGet(139)) - s2: start s2@group-54B4F2458EED-FollowerState
2022-06-29 11:32:40,896 INFO  impl.FollowerState (FollowerState.java:run(143)) - s2@group-54B4F2458EED-FollowerState: change to CANDIDATE, lastRpcElapsedTime:161358929ns, electionTimeout:160ms
2022-06-29 11:32:40,896 INFO  impl.RoleInfo (RoleInfo.java:shutdownFollowerState(110)) - s2: shutdown s2@group-54B4F2458EED-FollowerState
2022-06-29 11:32:40,896 INFO  server.RaftServer$Division (RaftServerImpl.java:setRole(299)) - s2@group-54B4F2458EED: changes role from  FOLLOWER to CANDIDATE at term 3 for changeToCandidate
2022-06-29 11:32:40,899 INFO  server.RaftServerConfigKeys (ConfUtils.java:logGet(46)) - raft.server.leaderelection.pre-vote = true (default)
2022-06-29 11:32:40,899 INFO  impl.RoleInfo (RoleInfo.java:updateAndGet(139)) - s2: start s2@group-54B4F2458EED-LeaderElection146
2022-06-29 11:32:40,903 INFO  impl.LeaderElection (LeaderElection.java:askForVotes(310)) - s2@group-54B4F2458EED-LeaderElection146 PRE_VOTE round 0: submit vote requests at term 3 for 28: [s0|rpc:localhost:46515|admin:localhost:40757|client:localhost:41939|dataStream:localhost:35593|priority:0, s1|rpc:localhost:34095|admin:localhost:43151|client:localhost:36051|dataStream:localhost:38995|priority:0, s2|rpc:localhost:40453|admin:localhost:33947|client:localhost:38503|dataStream:localhost:42009|priority:0], old=null
2022-06-29 11:32:40,918 INFO  server.RaftServer$Division (RaftServerImpl.java:requestVote(1152)) - s0@group-54B4F2458EED: receive requestVote(PRE_VOTE, s2, group-54B4F2458EED, 3, (t:3, i:31))
2022-06-29 11:32:40,918 WARN  server.GrpcServerProtocolService (LogUtils.java:warn(122)) - s0: Failed requestVote s2->s0#0: org.apache.ratis.protocol.exceptions.ServerNotReadyException: s0@group-54B4F2458EED is not in [RUNNING]: current state is CLOSED
2022-06-29 11:32:40,922 INFO  server.RaftServer$Division (RaftServerImpl.java:requestVote(1152)) - s1@group-54B4F2458EED: receive requestVote(PRE_VOTE, s2, group-54B4F2458EED, 3, (t:3, i:31))
2022-06-29 11:32:40,922 WARN  server.GrpcServerProtocolService (LogUtils.java:warn(122)) - s1: Failed requestVote s2->s1#0: org.apache.ratis.protocol.exceptions.ServerNotReadyException: s1@group-54B4F2458EED is not in [RUNNING]: current state is CLOSED
2022-06-29 11:32:40,929 INFO  impl.LeaderElection (LogUtils.java:infoOrTrace(137)) - s2@group-54B4F2458EED-LeaderElection146 got exception when requesting votes: java.util.concurrent.ExecutionException: org.apache.ratis.thirdparty.io.grpc.StatusRuntimeException: INTERNAL: s1@group-54B4F2458EED is not in [RUNNING]: current state is CLOSED
2022-06-29 11:32:40,929 INFO  impl.LeaderElection (LogUtils.java:infoOrTrace(137)) - s2@group-54B4F2458EED-LeaderElection146 got exception when requesting votes: java.util.concurrent.ExecutionException: org.apache.ratis.thirdparty.io.grpc.StatusRuntimeException: INTERNAL: s0@group-54B4F2458EED is not in [RUNNING]: current state is CLOSED
2022-06-29 11:32:40,929 INFO  impl.LeaderElection (LeaderElection.java:logAndReturn(90)) - s2@group-54B4F2458EED-LeaderElection146: PRE_VOTE REJECTED received 0 response(s) and 2 exception(s):
2022-06-29 11:32:40,929 INFO  impl.LeaderElection (LogUtils.java:infoOrTrace(137)) -   Exception 0: java.util.concurrent.ExecutionException: org.apache.ratis.thirdparty.io.grpc.StatusRuntimeException: INTERNAL: s1@group-54B4F2458EED is not in [RUNNING]: current state is CLOSED
2022-06-29 11:32:40,929 INFO  impl.LeaderElection (LogUtils.java:infoOrTrace(137)) -   Exception 1: java.util.concurrent.ExecutionException: org.apache.ratis.thirdparty.io.grpc.StatusRuntimeException: INTERNAL: s0@group-54B4F2458EED is not in [RUNNING]: current state is CLOSED
2022-06-29 11:32:40,932 INFO  impl.LeaderElection (LeaderElection.java:askForVotes(312)) - s2@group-54B4F2458EED-LeaderElection146 PRE_VOTE round 0: result REJECTED
2022-06-29 11:32:40,932 INFO  server.RaftServer$Division (RaftServerImpl.java:setRole(299)) - s2@group-54B4F2458EED: changes role from CANDIDATE to FOLLOWER at term 3 for REJECTED
2022-06-29 11:32:40,932 INFO  impl.RoleInfo (RoleInfo.java:shutdownLeaderElection(130)) - s2: shutdown s2@group-54B4F2458EED-LeaderElection146
2022-06-29 11:32:40,932 INFO  impl.RoleInfo (RoleInfo.java:updateAndGet(139)) - s2: start s2@group-54B4F2458EED-FollowerState
2022-06-29 11:32:41,102 INFO  impl.FollowerState (FollowerState.java:run(143)) - s2@group-54B4F2458EED-FollowerState: change to CANDIDATE, lastRpcElapsedTime:170061345ns, electionTimeout:164ms
2022-06-29 11:32:41,102 INFO  impl.RoleInfo (RoleInfo.java:shutdownFollowerState(110)) - s2: shutdown s2@group-54B4F2458EED-FollowerState
2022-06-29 11:32:41,102 INFO  server.RaftServer$Division (RaftServerImpl.java:setRole(299)) - s2@group-54B4F2458EED: changes role from  FOLLOWER to CANDIDATE at term 3 for changeToCandidate
2022-06-29 11:32:41,102 INFO  server.RaftServerConfigKeys (ConfUtils.java:logGet(46)) - raft.server.leaderelection.pre-vote = true (default)
2022-06-29 11:32:41,102 INFO  impl.RoleInfo (RoleInfo.java:updateAndGet(139)) - s2: start s2@group-54B4F2458EED-LeaderElection147
2022-06-29 11:32:41,106 INFO  impl.LeaderElection (LeaderElection.java:askForVotes(310)) - s2@group-54B4F2458EED-LeaderElection147 PRE_VOTE round 0: submit vote requests at term 3 for 28: [s0|rpc:localhost:46515|admin:localhost:40757|client:localhost:41939|dataStream:localhost:35593|priority:0, s1|rpc:localhost:34095|admin:localhost:43151|client:localhost:36051|dataStream:localhost:38995|priority:0, s2|rpc:localhost:40453|admin:localhost:33947|client:localhost:38503|dataStream:localhost:42009|priority:0], old=null
2022-06-29 11:32:41,109 INFO  server.RaftServer$Division (RaftServerImpl.java:requestVote(1152)) - s1@group-54B4F2458EED: receive requestVote(PRE_VOTE, s2, group-54B4F2458EED, 3, (t:3, i:31))
2022-06-29 11:32:41,109 WARN  server.GrpcServerProtocolService (LogUtils.java:warn(122)) - s1: Failed requestVote s2->s1#0: org.apache.ratis.protocol.exceptions.ServerNotReadyException: s1@group-54B4F2458EED is not in [RUNNING]: current state is CLOSED
2022-06-29 11:32:41,111 INFO  server.RaftServer$Division (RaftServerImpl.java:requestVote(1152)) - s0@group-54B4F2458EED: receive requestVote(PRE_VOTE, s2, group-54B4F2458EED, 3, (t:3, i:31))
2022-06-29 11:32:41,111 WARN  server.GrpcServerProtocolService (LogUtils.java:warn(122)) - s0: Failed requestVote s2->s0#0: org.apache.ratis.protocol.exceptions.ServerNotReadyException: s0@group-54B4F2458EED is not in [RUNNING]: current state is CLOSED
2022-06-29 11:32:41,112 INFO  impl.LeaderElection (LogUtils.java:infoOrTrace(137)) - s2@group-54B4F2458EED-LeaderElection147 got exception when requesting votes: java.util.concurrent.ExecutionException: org.apache.ratis.thirdparty.io.grpc.StatusRuntimeException: INTERNAL: s0@group-54B4F2458EED is not in [RUNNING]: current state is CLOSED
2022-06-29 11:32:41,113 INFO  impl.LeaderElection (LogUtils.java:infoOrTrace(137)) - s2@group-54B4F2458EED-LeaderElection147 got exception when requesting votes: java.util.concurrent.ExecutionException: org.apache.ratis.thirdparty.io.grpc.StatusRuntimeException: INTERNAL: s1@group-54B4F2458EED is not in [RUNNING]: current state is CLOSED
2022-06-29 11:32:41,113 INFO  impl.LeaderElection (LeaderElection.java:logAndReturn(90)) - s2@group-54B4F2458EED-LeaderElection147: PRE_VOTE REJECTED received 0 response(s) and 2 exception(s):
2022-06-29 11:32:41,113 INFO  impl.LeaderElection (LogUtils.java:infoOrTrace(137)) -   Exception 0: java.util.concurrent.ExecutionException: org.apache.ratis.thirdparty.io.grpc.StatusRuntimeException: INTERNAL: s0@group-54B4F2458EED is not in [RUNNING]: current state is CLOSED
2022-06-29 11:32:41,113 INFO  impl.LeaderElection (LogUtils.java:infoOrTrace(137)) -   Exception 1: java.util.concurrent.ExecutionException: org.apache.ratis.thirdparty.io.grpc.StatusRuntimeException: INTERNAL: s1@group-54B4F2458EED is not in [RUNNING]: current state is CLOSED
2022-06-29 11:32:41,113 INFO  impl.LeaderElection (LeaderElection.java:askForVotes(312)) - s2@group-54B4F2458EED-LeaderElection147 PRE_VOTE round 0: result REJECTED
2022-06-29 11:32:41,113 INFO  server.RaftServer$Division (RaftServerImpl.java:setRole(299)) - s2@group-54B4F2458EED: changes role from CANDIDATE to FOLLOWER at term 3 for REJECTED
2022-06-29 11:32:41,114 INFO  impl.RoleInfo (RoleInfo.java:shutdownLeaderElection(130)) - s2: shutdown s2@group-54B4F2458EED-LeaderElection147
2022-06-29 11:32:41,114 INFO  impl.RoleInfo (RoleInfo.java:updateAndGet(139)) - s2: start s2@group-54B4F2458EED-FollowerState
2022-06-29 11:32:41,416 INFO  impl.FollowerState (FollowerState.java:run(143)) - s2@group-54B4F2458EED-FollowerState: change to CANDIDATE, lastRpcElapsedTime:302289962ns, electionTimeout:299ms
2022-06-29 11:32:41,416 INFO  impl.RoleInfo (RoleInfo.java:shutdownFollowerState(110)) - s2: shutdown s2@group-54B4F2458EED-FollowerState
2022-06-29 11:32:41,416 INFO  server.RaftServer$Division (RaftServerImpl.java:setRole(299)) - s2@group-54B4F2458EED: changes role from  FOLLOWER to CANDIDATE at term 3 for changeToCandidate
2022-06-29 11:32:41,416 INFO  server.RaftServerConfigKeys (ConfUtils.java:logGet(46)) - raft.server.leaderelection.pre-vote = true (default)
2022-06-29 11:32:41,416 INFO  impl.RoleInfo (RoleInfo.java:updateAndGet(139)) - s2: start s2@group-54B4F2458EED-LeaderElection148
2022-06-29 11:32:41,418 INFO  impl.LeaderElection (LeaderElection.java:askForVotes(310)) - s2@group-54B4F2458EED-LeaderElection148 PRE_VOTE round 0: submit vote requests at term 3 for 28: [s0|rpc:localhost:46515|admin:localhost:40757|client:localhost:41939|dataStream:localhost:35593|priority:0, s1|rpc:localhost:34095|admin:localhost:43151|client:localhost:36051|dataStream:localhost:38995|priority:0, s2|rpc:localhost:40453|admin:localhost:33947|client:localhost:38503|dataStream:localhost:42009|priority:0], old=null
2022-06-29 11:32:41,422 INFO  server.RaftServer$Division (RaftServerImpl.java:requestVote(1152)) - s1@group-54B4F2458EED: receive requestVote(PRE_VOTE, s2, group-54B4F2458EED, 3, (t:3, i:31))
2022-06-29 11:32:41,422 WARN  server.GrpcServerProtocolService (LogUtils.java:warn(122)) - s1: Failed requestVote s2->s1#0: org.apache.ratis.protocol.exceptions.ServerNotReadyException: s1@group-54B4F2458EED is not in [RUNNING]: current state is CLOSED
2022-06-29 11:32:41,422 INFO  server.RaftServer$Division (RaftServerImpl.java:requestVote(1152)) - s0@group-54B4F2458EED: receive requestVote(PRE_VOTE, s2, group-54B4F2458EED, 3, (t:3, i:31))
2022-06-29 11:32:41,422 WARN  server.GrpcServerProtocolService (LogUtils.java:warn(122)) - s0: Failed requestVote s2->s0#0: org.apache.ratis.protocol.exceptions.ServerNotReadyException: s0@group-54B4F2458EED is not in [RUNNING]: current state is CLOSED
2022-06-29 11:32:41,425 INFO  impl.LeaderElection (LogUtils.java:infoOrTrace(137)) - s2@group-54B4F2458EED-LeaderElection148 got exception when requesting votes: java.util.concurrent.ExecutionException: org.apache.ratis.thirdparty.io.grpc.StatusRuntimeException: INTERNAL: s0@group-54B4F2458EED is not in [RUNNING]: current state is CLOSED
2022-06-29 11:32:41,425 INFO  impl.LeaderElection (LogUtils.java:infoOrTrace(137)) - s2@group-54B4F2458EED-LeaderElection148 got exception when requesting votes: java.util.concurrent.ExecutionException: org.apache.ratis.thirdparty.io.grpc.StatusRuntimeException: INTERNAL: s1@group-54B4F2458EED is not in [RUNNING]: current state is CLOSED
2022-06-29 11:32:41,425 INFO  impl.LeaderElection (LeaderElection.java:logAndReturn(90)) - s2@group-54B4F2458EED-LeaderElection148: PRE_VOTE REJECTED received 0 response(s) and 2 exception(s):
2022-06-29 11:32:41,425 INFO  impl.LeaderElection (LogUtils.java:infoOrTrace(137)) -   Exception 0: java.util.concurrent.ExecutionException: org.apache.ratis.thirdparty.io.grpc.StatusRuntimeException: INTERNAL: s0@group-54B4F2458EED is not in [RUNNING]: current state is CLOSED
2022-06-29 11:32:41,425 INFO  impl.LeaderElection (LogUtils.java:infoOrTrace(137)) -   Exception 1: java.util.concurrent.ExecutionException: org.apache.ratis.thirdparty.io.grpc.StatusRuntimeException: INTERNAL: s1@group-54B4F2458EED is not in [RUNNING]: current state is CLOSED
2022-06-29 11:32:41,425 INFO  impl.LeaderElection (LeaderElection.java:askForVotes(312)) - s2@group-54B4F2458EED-LeaderElection148 PRE_VOTE round 0: result REJECTED
2022-06-29 11:32:41,425 INFO  server.RaftServer$Division (RaftServerImpl.java:setRole(299)) - s2@group-54B4F2458EED: changes role from CANDIDATE to FOLLOWER at term 3 for REJECTED
2022-06-29 11:32:41,425 INFO  impl.RoleInfo (RoleInfo.java:shutdownLeaderElection(130)) - s2: shutdown s2@group-54B4F2458EED-LeaderElection148
2022-06-29 11:32:41,425 INFO  impl.RoleInfo (RoleInfo.java:updateAndGet(139)) - s2: start s2@group-54B4F2458EED-FollowerState
2022-06-29 11:32:41,582 INFO  impl.FollowerState (FollowerState.java:run(143)) - s2@group-54B4F2458EED-FollowerState: change to CANDIDATE, lastRpcElapsedTime:156953561ns, electionTimeout:154ms
2022-06-29 11:32:41,582 INFO  impl.RoleInfo (RoleInfo.java:shutdownFollowerState(110)) - s2: shutdown s2@group-54B4F2458EED-FollowerState
2022-06-29 11:32:41,583 INFO  server.RaftServer$Division (RaftServerImpl.java:setRole(299)) - s2@group-54B4F2458EED: changes role from  FOLLOWER to CANDIDATE at term 3 for changeToCandidate
2022-06-29 11:32:41,583 INFO  server.RaftServerConfigKeys (ConfUtils.java:logGet(46)) - raft.server.leaderelection.pre-vote = true (default)
2022-06-29 11:32:41,583 INFO  impl.RoleInfo (RoleInfo.java:updateAndGet(139)) - s2: start s2@group-54B4F2458EED-LeaderElection149
2022-06-29 11:32:41,584 INFO  impl.LeaderElection (LeaderElection.java:askForVotes(310)) - s2@group-54B4F2458EED-LeaderElection149 PRE_VOTE round 0: submit vote requests at term 3 for 28: [s0|rpc:localhost:46515|admin:localhost:40757|client:localhost:41939|dataStream:localhost:35593|priority:0, s1|rpc:localhost:34095|admin:localhost:43151|client:localhost:36051|dataStream:localhost:38995|priority:0, s2|rpc:localhost:40453|admin:localhost:33947|client:localhost:38503|dataStream:localhost:42009|priority:0], old=null
2022-06-29 11:32:41,589 INFO  server.RaftServer$Division (RaftServerImpl.java:requestVote(1152)) - s0@group-54B4F2458EED: receive requestVote(PRE_VOTE, s2, group-54B4F2458EED, 3, (t:3, i:31))
2022-06-29 11:32:41,589 WARN  server.GrpcServerProtocolService (LogUtils.java:warn(122)) - s0: Failed requestVote s2->s0#0: org.apache.ratis.protocol.exceptions.ServerNotReadyException: s0@group-54B4F2458EED is not in [RUNNING]: current state is CLOSED
2022-06-29 11:32:41,589 INFO  server.RaftServer$Division (RaftServerImpl.java:requestVote(1152)) - s1@group-54B4F2458EED: receive requestVote(PRE_VOTE, s2, group-54B4F2458EED, 3, (t:3, i:31))
2022-06-29 11:32:41,589 WARN  server.GrpcServerProtocolService (LogUtils.java:warn(122)) - s1: Failed requestVote s2->s1#0: org.apache.ratis.protocol.exceptions.ServerNotReadyException: s1@group-54B4F2458EED is not in [RUNNING]: current state is CLOSED
2022-06-29 11:32:41,590 INFO  impl.LeaderElection (LogUtils.java:infoOrTrace(137)) - s2@group-54B4F2458EED-LeaderElection149 got exception when requesting votes: java.util.concurrent.ExecutionException: org.apache.ratis.thirdparty.io.grpc.StatusRuntimeException: INTERNAL: s0@group-54B4F2458EED is not in [RUNNING]: current state is CLOSED
2022-06-29 11:32:41,590 INFO  impl.LeaderElection (LogUtils.java:infoOrTrace(137)) - s2@group-54B4F2458EED-LeaderElection149 got exception when requesting votes: java.util.concurrent.ExecutionException: org.apache.ratis.thirdparty.io.grpc.StatusRuntimeException: INTERNAL: s1@group-54B4F2458EED is not in [RUNNING]: current state is CLOSED
2022-06-29 11:32:41,590 INFO  impl.LeaderElection (LeaderElection.java:logAndReturn(90)) - s2@group-54B4F2458EED-LeaderElection149: PRE_VOTE REJECTED received 0 response(s) and 2 exception(s):
2022-06-29 11:32:41,590 INFO  impl.LeaderElection (LogUtils.java:infoOrTrace(137)) -   Exception 0: java.util.concurrent.ExecutionException: org.apache.ratis.thirdparty.io.grpc.StatusRuntimeException: INTERNAL: s0@group-54B4F2458EED is not in [RUNNING]: current state is CLOSED
2022-06-29 11:32:41,590 INFO  impl.LeaderElection (LogUtils.java:infoOrTrace(137)) -   Exception 1: java.util.concurrent.ExecutionException: org.apache.ratis.thirdparty.io.grpc.StatusRuntimeException: INTERNAL: s1@group-54B4F2458EED is not in [RUNNING]: current state is CLOSED
2022-06-29 11:32:41,590 INFO  impl.LeaderElection (LeaderElection.java:askForVotes(312)) - s2@group-54B4F2458EED-LeaderElection149 PRE_VOTE round 0: result REJECTED
2022-06-29 11:32:41,590 INFO  server.RaftServer$Division (RaftServerImpl.java:setRole(299)) - s2@group-54B4F2458EED: changes role from CANDIDATE to FOLLOWER at term 3 for REJECTED
2022-06-29 11:32:41,590 INFO  impl.RoleInfo (RoleInfo.java:shutdownLeaderElection(130)) - s2: shutdown s2@group-54B4F2458EED-LeaderElection149
2022-06-29 11:32:41,590 INFO  impl.RoleInfo (RoleInfo.java:updateAndGet(139)) - s2: start s2@group-54B4F2458EED-FollowerState
2022-06-29 11:32:41,764 INFO  impl.FollowerState (FollowerState.java:run(143)) - s2@group-54B4F2458EED-FollowerState: change to CANDIDATE, lastRpcElapsedTime:173522589ns, electionTimeout:170ms
2022-06-29 11:32:41,764 INFO  impl.RoleInfo (RoleInfo.java:shutdownFollowerState(110)) - s2: shutdown s2@group-54B4F2458EED-FollowerState
2022-06-29 11:32:41,764 INFO  server.RaftServer$Division (RaftServerImpl.java:setRole(299)) - s2@group-54B4F2458EED: changes role from  FOLLOWER to CANDIDATE at term 3 for changeToCandidate
2022-06-29 11:32:41,766 INFO  server.RaftServerConfigKeys (ConfUtils.java:logGet(46)) - raft.server.leaderelection.pre-vote = true (default)
2022-06-29 11:32:41,767 INFO  impl.RoleInfo (RoleInfo.java:updateAndGet(139)) - s2: start s2@group-54B4F2458EED-LeaderElection150
2022-06-29 11:32:41,770 INFO  impl.LeaderElection (LeaderElection.java:askForVotes(310)) - s2@group-54B4F2458EED-LeaderElection150 PRE_VOTE round 0: submit vote requests at term 3 for 28: [s0|rpc:localhost:46515|admin:localhost:40757|client:localhost:41939|dataStream:localhost:35593|priority:0, s1|rpc:localhost:34095|admin:localhost:43151|client:localhost:36051|dataStream:localhost:38995|priority:0, s2|rpc:localhost:40453|admin:localhost:33947|client:localhost:38503|dataStream:localhost:42009|priority:0], old=null
2022-06-29 11:32:41,773 INFO  server.RaftServer$Division (RaftServerImpl.java:requestVote(1152)) - s0@group-54B4F2458EED: receive requestVote(PRE_VOTE, s2, group-54B4F2458EED, 3, (t:3, i:31))
2022-06-29 11:32:41,773 WARN  server.GrpcServerProtocolService (LogUtils.java:warn(122)) - s0: Failed requestVote s2->s0#0: org.apache.ratis.protocol.exceptions.ServerNotReadyException: s0@group-54B4F2458EED is not in [RUNNING]: current state is CLOSED
2022-06-29 11:32:41,773 INFO  server.RaftServer$Division (RaftServerImpl.java:requestVote(1152)) - s1@group-54B4F2458EED: receive requestVote(PRE_VOTE, s2, group-54B4F2458EED, 3, (t:3, i:31))
2022-06-29 11:32:41,773 WARN  server.GrpcServerProtocolService (LogUtils.java:warn(122)) - s1: Failed requestVote s2->s1#0: org.apache.ratis.protocol.exceptions.ServerNotReadyException: s1@group-54B4F2458EED is not in [RUNNING]: current state is CLOSED
2022-06-29 11:32:41,773 INFO  impl.LeaderElection (LogUtils.java:infoOrTrace(137)) - s2@group-54B4F2458EED-LeaderElection150 got exception when requesting votes: java.util.concurrent.ExecutionException: org.apache.ratis.thirdparty.io.grpc.StatusRuntimeException: INTERNAL: s0@group-54B4F2458EED is not in [RUNNING]: current state is CLOSED
2022-06-29 11:32:41,774 INFO  impl.LeaderElection (LogUtils.java:infoOrTrace(137)) - s2@group-54B4F2458EED-LeaderElection150 got exception when requesting votes: java.util.concurrent.ExecutionException: org.apache.ratis.thirdparty.io.grpc.StatusRuntimeException: INTERNAL: s1@group-54B4F2458EED is not in [RUNNING]: current state is CLOSED
2022-06-29 11:32:41,774 INFO  impl.LeaderElection (LeaderElection.java:logAndReturn(90)) - s2@group-54B4F2458EED-LeaderElection150: PRE_VOTE REJECTED received 0 response(s) and 2 exception(s):
2022-06-29 11:32:41,774 INFO  impl.LeaderElection (LogUtils.java:infoOrTrace(137)) -   Exception 0: java.util.concurrent.ExecutionException: org.apache.ratis.thirdparty.io.grpc.StatusRuntimeException: INTERNAL: s0@group-54B4F2458EED is not in [RUNNING]: current state is CLOSED
2022-06-29 11:32:41,774 INFO  impl.LeaderElection (LogUtils.java:infoOrTrace(137)) -   Exception 1: java.util.concurrent.ExecutionException: org.apache.ratis.thirdparty.io.grpc.StatusRuntimeException: INTERNAL: s1@group-54B4F2458EED is not in [RUNNING]: current state is CLOSED
2022-06-29 11:32:41,774 INFO  impl.LeaderElection (LeaderElection.java:askForVotes(312)) - s2@group-54B4F2458EED-LeaderElection150 PRE_VOTE round 0: result REJECTED
2022-06-29 11:32:41,775 INFO  server.RaftServer$Division (RaftServerImpl.java:setRole(299)) - s2@group-54B4F2458EED: changes role from CANDIDATE to FOLLOWER at term 3 for REJECTED
2022-06-29 11:32:41,775 INFO  impl.RoleInfo (RoleInfo.java:shutdownLeaderElection(130)) - s2: shutdown s2@group-54B4F2458EED-LeaderElection150
2022-06-29 11:32:41,775 INFO  impl.RoleInfo (RoleInfo.java:updateAndGet(139)) - s2: start s2@group-54B4F2458EED-FollowerState
2022-06-29 11:32:41,936 INFO  impl.FollowerState (FollowerState.java:run(143)) - s2@group-54B4F2458EED-FollowerState: change to CANDIDATE, lastRpcElapsedTime:161554525ns, electionTimeout:160ms
2022-06-29 11:32:41,936 INFO  impl.RoleInfo (RoleInfo.java:shutdownFollowerState(110)) - s2: shutdown s2@group-54B4F2458EED-FollowerState
2022-06-29 11:32:41,936 INFO  server.RaftServer$Division (RaftServerImpl.java:setRole(299)) - s2@group-54B4F2458EED: changes role from  FOLLOWER to CANDIDATE at term 3 for changeToCandidate
2022-06-29 11:32:41,937 INFO  server.RaftServerConfigKeys (ConfUtils.java:logGet(46)) - raft.server.leaderelection.pre-vote = true (default)
2022-06-29 11:32:41,937 INFO  impl.RoleInfo (RoleInfo.java:updateAndGet(139)) - s2: start s2@group-54B4F2458EED-LeaderElection151
2022-06-29 11:32:41,939 INFO  impl.LeaderElection (LeaderElection.java:askForVotes(310)) - s2@group-54B4F2458EED-LeaderElection151 PRE_VOTE round 0: submit vote requests at term 3 for 28: [s0|rpc:localhost:46515|admin:localhost:40757|client:localhost:41939|dataStream:localhost:35593|priority:0, s1|rpc:localhost:34095|admin:localhost:43151|client:localhost:36051|dataStream:localhost:38995|priority:0, s2|rpc:localhost:40453|admin:localhost:33947|client:localhost:38503|dataStream:localhost:42009|priority:0], old=null
2022-06-29 11:32:41,942 INFO  server.RaftServer$Division (RaftServerImpl.java:requestVote(1152)) - s0@group-54B4F2458EED: receive requestVote(PRE_VOTE, s2, group-54B4F2458EED, 3, (t:3, i:31))
2022-06-29 11:32:41,942 WARN  server.GrpcServerProtocolService (LogUtils.java:warn(122)) - s0: Failed requestVote s2->s0#0: org.apache.ratis.protocol.exceptions.ServerNotReadyException: s0@group-54B4F2458EED is not in [RUNNING]: current state is CLOSED
2022-06-29 11:32:41,943 INFO  server.RaftServer$Division (RaftServerImpl.java:requestVote(1152)) - s1@group-54B4F2458EED: receive requestVote(PRE_VOTE, s2, group-54B4F2458EED, 3, (t:3, i:31))
2022-06-29 11:32:41,943 WARN  server.GrpcServerProtocolService (LogUtils.java:warn(122)) - s1: Failed requestVote s2->s1#0: org.apache.ratis.protocol.exceptions.ServerNotReadyException: s1@group-54B4F2458EED is not in [RUNNING]: current state is CLOSED
2022-06-29 11:32:41,944 INFO  impl.LeaderElection (LogUtils.java:infoOrTrace(137)) - s2@group-54B4F2458EED-LeaderElection151 got exception when requesting votes: java.util.concurrent.ExecutionException: org.apache.ratis.thirdparty.io.grpc.StatusRuntimeException: INTERNAL: s0@group-54B4F2458EED is not in [RUNNING]: current state is CLOSED
2022-06-29 11:32:41,944 INFO  impl.LeaderElection (LogUtils.java:infoOrTrace(137)) - s2@group-54B4F2458EED-LeaderElection151 got exception when requesting votes: java.util.concurrent.ExecutionException: org.apache.ratis.thirdparty.io.grpc.StatusRuntimeException: INTERNAL: s1@group-54B4F2458EED is not in [RUNNING]: current state is CLOSED
2022-06-29 11:32:41,944 INFO  impl.LeaderElection (LeaderElection.java:logAndReturn(90)) - s2@group-54B4F2458EED-LeaderElection151: PRE_VOTE REJECTED received 0 response(s) and 2 exception(s):
2022-06-29 11:32:41,944 INFO  impl.LeaderElection (LogUtils.java:infoOrTrace(137)) -   Exception 0: java.util.concurrent.ExecutionException: org.apache.ratis.thirdparty.io.grpc.StatusRuntimeException: INTERNAL: s0@group-54B4F2458EED is not in [RUNNING]: current state is CLOSED
2022-06-29 11:32:41,944 INFO  impl.LeaderElection (LogUtils.java:infoOrTrace(137)) -   Exception 1: java.util.concurrent.ExecutionException: org.apache.ratis.thirdparty.io.grpc.StatusRuntimeException: INTERNAL: s1@group-54B4F2458EED is not in [RUNNING]: current state is CLOSED
2022-06-29 11:32:41,948 INFO  impl.LeaderElection (LeaderElection.java:askForVotes(312)) - s2@group-54B4F2458EED-LeaderElection151 PRE_VOTE round 0: result REJECTED
2022-06-29 11:32:41,948 INFO  server.RaftServer$Division (RaftServerImpl.java:setRole(299)) - s2@group-54B4F2458EED: changes role from CANDIDATE to FOLLOWER at term 3 for REJECTED
2022-06-29 11:32:41,948 INFO  impl.RoleInfo (RoleInfo.java:shutdownLeaderElection(130)) - s2: shutdown s2@group-54B4F2458EED-LeaderElection151
2022-06-29 11:32:41,948 INFO  impl.RoleInfo (RoleInfo.java:updateAndGet(139)) - s2: start s2@group-54B4F2458EED-FollowerState
2022-06-29 11:32:42,169 INFO  impl.FollowerState (FollowerState.java:run(143)) - s2@group-54B4F2458EED-FollowerState: change to CANDIDATE, lastRpcElapsedTime:220833234ns, electionTimeout:219ms
2022-06-29 11:32:42,169 INFO  impl.RoleInfo (RoleInfo.java:shutdownFollowerState(110)) - s2: shutdown s2@group-54B4F2458EED-FollowerState
2022-06-29 11:32:42,169 INFO  server.RaftServer$Division (RaftServerImpl.java:setRole(299)) - s2@group-54B4F2458EED: changes role from  FOLLOWER to CANDIDATE at term 3 for changeToCandidate
2022-06-29 11:32:42,169 INFO  server.RaftServerConfigKeys (ConfUtils.java:logGet(46)) - raft.server.leaderelection.pre-vote = true (default)
2022-06-29 11:32:42,169 INFO  impl.RoleInfo (RoleInfo.java:updateAndGet(139)) - s2: start s2@group-54B4F2458EED-LeaderElection152
2022-06-29 11:32:42,176 INFO  impl.LeaderElection (LeaderElection.java:askForVotes(310)) - s2@group-54B4F2458EED-LeaderElection152 PRE_VOTE round 0: submit vote requests at term 3 for 28: [s0|rpc:localhost:46515|admin:localhost:40757|client:localhost:41939|dataStream:localhost:35593|priority:0, s1|rpc:localhost:34095|admin:localhost:43151|client:localhost:36051|dataStream:localhost:38995|priority:0, s2|rpc:localhost:40453|admin:localhost:33947|client:localhost:38503|dataStream:localhost:42009|priority:0], old=null
2022-06-29 11:32:42,179 INFO  server.RaftServer$Division (RaftServerImpl.java:requestVote(1152)) - s1@group-54B4F2458EED: receive requestVote(PRE_VOTE, s2, group-54B4F2458EED, 3, (t:3, i:31))
2022-06-29 11:32:42,179 WARN  server.GrpcServerProtocolService (LogUtils.java:warn(122)) - s1: Failed requestVote s2->s1#0: org.apache.ratis.protocol.exceptions.ServerNotReadyException: s1@group-54B4F2458EED is not in [RUNNING]: current state is CLOSED
2022-06-29 11:32:42,182 INFO  server.RaftServer$Division (RaftServerImpl.java:requestVote(1152)) - s0@group-54B4F2458EED: receive requestVote(PRE_VOTE, s2, group-54B4F2458EED, 3, (t:3, i:31))
2022-06-29 11:32:42,182 WARN  server.GrpcServerProtocolService (LogUtils.java:warn(122)) - s0: Failed requestVote s2->s0#0: org.apache.ratis.protocol.exceptions.ServerNotReadyException: s0@group-54B4F2458EED is not in [RUNNING]: current state is CLOSED
2022-06-29 11:32:42,182 INFO  impl.LeaderElection (LogUtils.java:infoOrTrace(137)) - s2@group-54B4F2458EED-LeaderElection152 got exception when requesting votes: java.util.concurrent.ExecutionException: org.apache.ratis.thirdparty.io.grpc.StatusRuntimeException: INTERNAL: s1@group-54B4F2458EED is not in [RUNNING]: current state is CLOSED
2022-06-29 11:32:42,183 INFO  impl.LeaderElection (LogUtils.java:infoOrTrace(137)) - s2@group-54B4F2458EED-LeaderElection152 got exception when requesting votes: java.util.concurrent.ExecutionException: org.apache.ratis.thirdparty.io.grpc.StatusRuntimeException: INTERNAL: s0@group-54B4F2458EED is not in [RUNNING]: current state is CLOSED
2022-06-29 11:32:42,183 INFO  impl.LeaderElection (LeaderElection.java:logAndReturn(90)) - s2@group-54B4F2458EED-LeaderElection152: PRE_VOTE REJECTED received 0 response(s) and 2 exception(s):
2022-06-29 11:32:42,183 INFO  impl.LeaderElection (LogUtils.java:infoOrTrace(137)) -   Exception 0: java.util.concurrent.ExecutionException: org.apache.ratis.thirdparty.io.grpc.StatusRuntimeException: INTERNAL: s1@group-54B4F2458EED is not in [RUNNING]: current state is CLOSED
2022-06-29 11:32:42,183 INFO  impl.LeaderElection (LogUtils.java:infoOrTrace(137)) -   Exception 1: java.util.concurrent.ExecutionException: org.apache.ratis.thirdparty.io.grpc.StatusRuntimeException: INTERNAL: s0@group-54B4F2458EED is not in [RUNNING]: current state is CLOSED
2022-06-29 11:32:42,184 INFO  impl.LeaderElection (LeaderElection.java:askForVotes(312)) - s2@group-54B4F2458EED-LeaderElection152 PRE_VOTE round 0: result REJECTED
2022-06-29 11:32:42,184 INFO  server.RaftServer$Division (RaftServerImpl.java:setRole(299)) - s2@group-54B4F2458EED: changes role from CANDIDATE to FOLLOWER at term 3 for REJECTED
2022-06-29 11:32:42,184 INFO  impl.RoleInfo (RoleInfo.java:shutdownLeaderElection(130)) - s2: shutdown s2@group-54B4F2458EED-LeaderElection152
2022-06-29 11:32:42,184 INFO  impl.RoleInfo (RoleInfo.java:updateAndGet(139)) - s2: start s2@group-54B4F2458EED-FollowerState
2022-06-29 11:32:42,397 INFO  impl.FollowerState (FollowerState.java:run(143)) - s2@group-54B4F2458EED-FollowerState: change to CANDIDATE, lastRpcElapsedTime:213071426ns, electionTimeout:212ms
2022-06-29 11:32:42,397 INFO  impl.RoleInfo (RoleInfo.java:shutdownFollowerState(110)) - s2: shutdown s2@group-54B4F2458EED-FollowerState
2022-06-29 11:32:42,397 INFO  server.RaftServer$Division (RaftServerImpl.java:setRole(299)) - s2@group-54B4F2458EED: changes role from  FOLLOWER to CANDIDATE at term 3 for changeToCandidate
2022-06-29 11:32:42,398 INFO  server.RaftServerConfigKeys (ConfUtils.java:logGet(46)) - raft.server.leaderelection.pre-vote = true (default)
2022-06-29 11:32:42,398 INFO  impl.RoleInfo (RoleInfo.java:updateAndGet(139)) - s2: start s2@group-54B4F2458EED-LeaderElection153
2022-06-29 11:32:42,401 INFO  impl.LeaderElection (LeaderElection.java:askForVotes(310)) - s2@group-54B4F2458EED-LeaderElection153 PRE_VOTE round 0: submit vote requests at term 3 for 28: [s0|rpc:localhost:46515|admin:localhost:40757|client:localhost:41939|dataStream:localhost:35593|priority:0, s1|rpc:localhost:34095|admin:localhost:43151|client:localhost:36051|dataStream:localhost:38995|priority:0, s2|rpc:localhost:40453|admin:localhost:33947|client:localhost:38503|dataStream:localhost:42009|priority:0], old=null
2022-06-29 11:32:42,402 INFO  server.RaftServer$Division (RaftServerImpl.java:requestVote(1152)) - s0@group-54B4F2458EED: receive requestVote(PRE_VOTE, s2, group-54B4F2458EED, 3, (t:3, i:31))
2022-06-29 11:32:42,402 WARN  server.GrpcServerProtocolService (LogUtils.java:warn(122)) - s0: Failed requestVote s2->s0#0: org.apache.ratis.protocol.exceptions.ServerNotReadyException: s0@group-54B4F2458EED is not in [RUNNING]: current state is CLOSED
2022-06-29 11:32:42,402 INFO  server.RaftServer$Division (RaftServerImpl.java:requestVote(1152)) - s1@group-54B4F2458EED: receive requestVote(PRE_VOTE, s2, group-54B4F2458EED, 3, (t:3, i:31))
2022-06-29 11:32:42,402 WARN  server.GrpcServerProtocolService (LogUtils.java:warn(122)) - s1: Failed requestVote s2->s1#0: org.apache.ratis.protocol.exceptions.ServerNotReadyException: s1@group-54B4F2458EED is not in [RUNNING]: current state is CLOSED
2022-06-29 11:32:42,403 INFO  impl.LeaderElection (LogUtils.java:infoOrTrace(137)) - s2@group-54B4F2458EED-LeaderElection153 got exception when requesting votes: java.util.concurrent.ExecutionException: org.apache.ratis.thirdparty.io.grpc.StatusRuntimeException: INTERNAL: s0@group-54B4F2458EED is not in [RUNNING]: current state is CLOSED
2022-06-29 11:32:42,403 INFO  impl.LeaderElection (LogUtils.java:infoOrTrace(137)) - s2@group-54B4F2458EED-LeaderElection153 got exception when requesting votes: java.util.concurrent.ExecutionException: org.apache.ratis.thirdparty.io.grpc.StatusRuntimeException: INTERNAL: s1@group-54B4F2458EED is not in [RUNNING]: current state is CLOSED
2022-06-29 11:32:42,403 INFO  impl.LeaderElection (LeaderElection.java:logAndReturn(90)) - s2@group-54B4F2458EED-LeaderElection153: PRE_VOTE REJECTED received 0 response(s) and 2 exception(s):
2022-06-29 11:32:42,403 INFO  impl.LeaderElection (LogUtils.java:infoOrTrace(137)) -   Exception 0: java.util.concurrent.ExecutionException: org.apache.ratis.thirdparty.io.grpc.StatusRuntimeException: INTERNAL: s0@group-54B4F2458EED is not in [RUNNING]: current state is CLOSED
2022-06-29 11:32:42,403 INFO  impl.LeaderElection (LogUtils.java:infoOrTrace(137)) -   Exception 1: java.util.concurrent.ExecutionException: org.apache.ratis.thirdparty.io.grpc.StatusRuntimeException: INTERNAL: s1@group-54B4F2458EED is not in [RUNNING]: current state is CLOSED
2022-06-29 11:32:42,403 INFO  impl.LeaderElection (LeaderElection.java:askForVotes(312)) - s2@group-54B4F2458EED-LeaderElection153 PRE_VOTE round 0: result REJECTED
2022-06-29 11:32:42,403 INFO  server.RaftServer$Division (RaftServerImpl.java:setRole(299)) - s2@group-54B4F2458EED: changes role from CANDIDATE to FOLLOWER at term 3 for REJECTED
2022-06-29 11:32:42,403 INFO  impl.RoleInfo (RoleInfo.java:shutdownLeaderElection(130)) - s2: shutdown s2@group-54B4F2458EED-LeaderElection153
2022-06-29 11:32:42,403 INFO  impl.RoleInfo (RoleInfo.java:updateAndGet(139)) - s2: start s2@group-54B4F2458EED-FollowerState
2022-06-29 11:32:42,687 INFO  impl.FollowerState (FollowerState.java:run(143)) - s2@group-54B4F2458EED-FollowerState: change to CANDIDATE, lastRpcElapsedTime:283882098ns, electionTimeout:282ms
2022-06-29 11:32:42,687 INFO  impl.RoleInfo (RoleInfo.java:shutdownFollowerState(110)) - s2: shutdown s2@group-54B4F2458EED-FollowerState
2022-06-29 11:32:42,687 INFO  server.RaftServer$Division (RaftServerImpl.java:setRole(299)) - s2@group-54B4F2458EED: changes role from  FOLLOWER to CANDIDATE at term 3 for changeToCandidate
2022-06-29 11:32:42,688 INFO  server.RaftServerConfigKeys (ConfUtils.java:logGet(46)) - raft.server.leaderelection.pre-vote = true (default)
2022-06-29 11:32:42,688 INFO  impl.RoleInfo (RoleInfo.java:updateAndGet(139)) - s2: start s2@group-54B4F2458EED-LeaderElection154
2022-06-29 11:32:42,689 INFO  impl.LeaderElection (LeaderElection.java:askForVotes(310)) - s2@group-54B4F2458EED-LeaderElection154 PRE_VOTE round 0: submit vote requests at term 3 for 28: [s0|rpc:localhost:46515|admin:localhost:40757|client:localhost:41939|dataStream:localhost:35593|priority:0, s1|rpc:localhost:34095|admin:localhost:43151|client:localhost:36051|dataStream:localhost:38995|priority:0, s2|rpc:localhost:40453|admin:localhost:33947|client:localhost:38503|dataStream:localhost:42009|priority:0], old=null
2022-06-29 11:32:42,694 INFO  server.RaftServer$Division (RaftServerImpl.java:requestVote(1152)) - s0@group-54B4F2458EED: receive requestVote(PRE_VOTE, s2, group-54B4F2458EED, 3, (t:3, i:31))
2022-06-29 11:32:42,694 WARN  server.GrpcServerProtocolService (LogUtils.java:warn(122)) - s0: Failed requestVote s2->s0#0: org.apache.ratis.protocol.exceptions.ServerNotReadyException: s0@group-54B4F2458EED is not in [RUNNING]: current state is CLOSED
2022-06-29 11:32:42,695 INFO  server.RaftServer$Division (RaftServerImpl.java:requestVote(1152)) - s1@group-54B4F2458EED: receive requestVote(PRE_VOTE, s2, group-54B4F2458EED, 3, (t:3, i:31))
2022-06-29 11:32:42,695 WARN  server.GrpcServerProtocolService (LogUtils.java:warn(122)) - s1: Failed requestVote s2->s1#0: org.apache.ratis.protocol.exceptions.ServerNotReadyException: s1@group-54B4F2458EED is not in [RUNNING]: current state is CLOSED
2022-06-29 11:32:42,695 INFO  impl.LeaderElection (LogUtils.java:infoOrTrace(137)) - s2@group-54B4F2458EED-LeaderElection154 got exception when requesting votes: java.util.concurrent.ExecutionException: org.apache.ratis.thirdparty.io.grpc.StatusRuntimeException: INTERNAL: s1@group-54B4F2458EED is not in [RUNNING]: current state is CLOSED
2022-06-29 11:32:42,696 INFO  impl.LeaderElection (LogUtils.java:infoOrTrace(137)) - s2@group-54B4F2458EED-LeaderElection154 got exception when requesting votes: java.util.concurrent.ExecutionException: org.apache.ratis.thirdparty.io.grpc.StatusRuntimeException: INTERNAL: s0@group-54B4F2458EED is not in [RUNNING]: current state is CLOSED
2022-06-29 11:32:42,696 INFO  impl.LeaderElection (LeaderElection.java:logAndReturn(90)) - s2@group-54B4F2458EED-LeaderElection154: PRE_VOTE REJECTED received 0 response(s) and 2 exception(s):
2022-06-29 11:32:42,696 INFO  impl.LeaderElection (LogUtils.java:infoOrTrace(137)) -   Exception 0: java.util.concurrent.ExecutionException: org.apache.ratis.thirdparty.io.grpc.StatusRuntimeException: INTERNAL: s1@group-54B4F2458EED is not in [RUNNING]: current state is CLOSED
2022-06-29 11:32:42,696 INFO  impl.LeaderElection (LogUtils.java:infoOrTrace(137)) -   Exception 1: java.util.concurrent.ExecutionException: org.apache.ratis.thirdparty.io.grpc.StatusRuntimeException: INTERNAL: s0@group-54B4F2458EED is not in [RUNNING]: current state is CLOSED
2022-06-29 11:32:42,699 INFO  impl.LeaderElection (LeaderElection.java:askForVotes(312)) - s2@group-54B4F2458EED-LeaderElection154 PRE_VOTE round 0: result REJECTED
2022-06-29 11:32:42,699 INFO  server.RaftServer$Division (RaftServerImpl.java:setRole(299)) - s2@group-54B4F2458EED: changes role from CANDIDATE to FOLLOWER at term 3 for REJECTED
2022-06-29 11:32:42,699 INFO  impl.RoleInfo (RoleInfo.java:shutdownLeaderElection(130)) - s2: shutdown s2@group-54B4F2458EED-LeaderElection154
2022-06-29 11:32:42,699 INFO  impl.RoleInfo (RoleInfo.java:updateAndGet(139)) - s2: start s2@group-54B4F2458EED-FollowerState
2022-06-29 11:32:42,907 INFO  impl.FollowerState (FollowerState.java:run(143)) - s2@group-54B4F2458EED-FollowerState: change to CANDIDATE, lastRpcElapsedTime:208657665ns, electionTimeout:206ms
2022-06-29 11:32:42,907 INFO  impl.RoleInfo (RoleInfo.java:shutdownFollowerState(110)) - s2: shutdown s2@group-54B4F2458EED-FollowerState
2022-06-29 11:32:42,908 INFO  server.RaftServer$Division (RaftServerImpl.java:setRole(299)) - s2@group-54B4F2458EED: changes role from  FOLLOWER to CANDIDATE at term 3 for changeToCandidate
2022-06-29 11:32:42,908 INFO  server.RaftServerConfigKeys (ConfUtils.java:logGet(46)) - raft.server.leaderelection.pre-vote = true (default)
2022-06-29 11:32:42,908 INFO  impl.RoleInfo (RoleInfo.java:updateAndGet(139)) - s2: start s2@group-54B4F2458EED-LeaderElection155
2022-06-29 11:32:42,910 INFO  impl.LeaderElection (LeaderElection.java:askForVotes(310)) - s2@group-54B4F2458EED-LeaderElection155 PRE_VOTE round 0: submit vote requests at term 3 for 28: [s0|rpc:localhost:46515|admin:localhost:40757|client:localhost:41939|dataStream:localhost:35593|priority:0, s1|rpc:localhost:34095|admin:localhost:43151|client:localhost:36051|dataStream:localhost:38995|priority:0, s2|rpc:localhost:40453|admin:localhost:33947|client:localhost:38503|dataStream:localhost:42009|priority:0], old=null
2022-06-29 11:32:42,913 INFO  server.RaftServer$Division (RaftServerImpl.java:requestVote(1152)) - s1@group-54B4F2458EED: receive requestVote(PRE_VOTE, s2, group-54B4F2458EED, 3, (t:3, i:31))
2022-06-29 11:32:42,913 INFO  server.RaftServer$Division (RaftServerImpl.java:requestVote(1152)) - s0@group-54B4F2458EED: receive requestVote(PRE_VOTE, s2, group-54B4F2458EED, 3, (t:3, i:31))
2022-06-29 11:32:42,913 WARN  server.GrpcServerProtocolService (LogUtils.java:warn(122)) - s0: Failed requestVote s2->s0#0: org.apache.ratis.protocol.exceptions.ServerNotReadyException: s0@group-54B4F2458EED is not in [RUNNING]: current state is CLOSED
2022-06-29 11:32:42,913 WARN  server.GrpcServerProtocolService (LogUtils.java:warn(122)) - s1: Failed requestVote s2->s1#0: org.apache.ratis.protocol.exceptions.ServerNotReadyException: s1@group-54B4F2458EED is not in [RUNNING]: current state is CLOSED
2022-06-29 11:32:42,914 INFO  impl.LeaderElection (LogUtils.java:infoOrTrace(137)) - s2@group-54B4F2458EED-LeaderElection155 got exception when requesting votes: java.util.concurrent.ExecutionException: org.apache.ratis.thirdparty.io.grpc.StatusRuntimeException: INTERNAL: s0@group-54B4F2458EED is not in [RUNNING]: current state is CLOSED
2022-06-29 11:32:42,914 INFO  impl.LeaderElection (LogUtils.java:infoOrTrace(137)) - s2@group-54B4F2458EED-LeaderElection155 got exception when requesting votes: java.util.concurrent.ExecutionException: org.apache.ratis.thirdparty.io.grpc.StatusRuntimeException: INTERNAL: s1@group-54B4F2458EED is not in [RUNNING]: current state is CLOSED
2022-06-29 11:32:42,914 INFO  impl.LeaderElection (LeaderElection.java:logAndReturn(90)) - s2@group-54B4F2458EED-LeaderElection155: PRE_VOTE REJECTED received 0 response(s) and 2 exception(s):
2022-06-29 11:32:42,914 INFO  impl.LeaderElection (LogUtils.java:infoOrTrace(137)) -   Exception 0: java.util.concurrent.ExecutionException: org.apache.ratis.thirdparty.io.grpc.StatusRuntimeException: INTERNAL: s0@group-54B4F2458EED is not in [RUNNING]: current state is CLOSED
2022-06-29 11:32:42,914 INFO  impl.LeaderElection (LogUtils.java:infoOrTrace(137)) -   Exception 1: java.util.concurrent.ExecutionException: org.apache.ratis.thirdparty.io.grpc.StatusRuntimeException: INTERNAL: s1@group-54B4F2458EED is not in [RUNNING]: current state is CLOSED
2022-06-29 11:32:42,915 INFO  impl.LeaderElection (LeaderElection.java:askForVotes(312)) - s2@group-54B4F2458EED-LeaderElection155 PRE_VOTE round 0: result REJECTED
2022-06-29 11:32:42,915 INFO  server.RaftServer$Division (RaftServerImpl.java:setRole(299)) - s2@group-54B4F2458EED: changes role from CANDIDATE to FOLLOWER at term 3 for REJECTED
2022-06-29 11:32:42,915 INFO  impl.RoleInfo (RoleInfo.java:shutdownLeaderElection(130)) - s2: shutdown s2@group-54B4F2458EED-LeaderElection155
2022-06-29 11:32:42,916 INFO  impl.RoleInfo (RoleInfo.java:updateAndGet(139)) - s2: start s2@group-54B4F2458EED-FollowerState
2022-06-29 11:32:43,124 INFO  impl.FollowerState (FollowerState.java:run(143)) - s2@group-54B4F2458EED-FollowerState: change to CANDIDATE, lastRpcElapsedTime:207974550ns, electionTimeout:206ms
2022-06-29 11:32:43,124 INFO  impl.RoleInfo (RoleInfo.java:shutdownFollowerState(110)) - s2: shutdown s2@group-54B4F2458EED-FollowerState
2022-06-29 11:32:43,124 INFO  server.RaftServer$Division (RaftServerImpl.java:setRole(299)) - s2@group-54B4F2458EED: changes role from  FOLLOWER to CANDIDATE at term 3 for changeToCandidate
2022-06-29 11:32:43,125 INFO  server.RaftServerConfigKeys (ConfUtils.java:logGet(46)) - raft.server.leaderelection.pre-vote = true (default)
2022-06-29 11:32:43,126 INFO  impl.RoleInfo (RoleInfo.java:updateAndGet(139)) - s2: start s2@group-54B4F2458EED-LeaderElection156
2022-06-29 11:32:43,128 INFO  impl.LeaderElection (LeaderElection.java:askForVotes(310)) - s2@group-54B4F2458EED-LeaderElection156 PRE_VOTE round 0: submit vote requests at term 3 for 28: [s0|rpc:localhost:46515|admin:localhost:40757|client:localhost:41939|dataStream:localhost:35593|priority:0, s1|rpc:localhost:34095|admin:localhost:43151|client:localhost:36051|dataStream:localhost:38995|priority:0, s2|rpc:localhost:40453|admin:localhost:33947|client:localhost:38503|dataStream:localhost:42009|priority:0], old=null
2022-06-29 11:32:43,132 INFO  server.RaftServer$Division (RaftServerImpl.java:requestVote(1152)) - s0@group-54B4F2458EED: receive requestVote(PRE_VOTE, s2, group-54B4F2458EED, 3, (t:3, i:31))
2022-06-29 11:32:43,132 WARN  server.GrpcServerProtocolService (LogUtils.java:warn(122)) - s0: Failed requestVote s2->s0#0: org.apache.ratis.protocol.exceptions.ServerNotReadyException: s0@group-54B4F2458EED is not in [RUNNING]: current state is CLOSED
2022-06-29 11:32:43,136 INFO  impl.LeaderElection (LogUtils.java:infoOrTrace(137)) - s2@group-54B4F2458EED-LeaderElection156 got exception when requesting votes: java.util.concurrent.ExecutionException: org.apache.ratis.thirdparty.io.grpc.StatusRuntimeException: INTERNAL: s0@group-54B4F2458EED is not in [RUNNING]: current state is CLOSED
2022-06-29 11:32:43,137 INFO  server.RaftServer$Division (RaftServerImpl.java:requestVote(1152)) - s1@group-54B4F2458EED: receive requestVote(PRE_VOTE, s2, group-54B4F2458EED, 3, (t:3, i:31))
2022-06-29 11:32:43,137 WARN  server.GrpcServerProtocolService (LogUtils.java:warn(122)) - s1: Failed requestVote s2->s1#0: org.apache.ratis.protocol.exceptions.ServerNotReadyException: s1@group-54B4F2458EED is not in [RUNNING]: current state is CLOSED
2022-06-29 11:32:43,138 INFO  impl.LeaderElection (LogUtils.java:infoOrTrace(137)) - s2@group-54B4F2458EED-LeaderElection156 got exception when requesting votes: java.util.concurrent.ExecutionException: org.apache.ratis.thirdparty.io.grpc.StatusRuntimeException: INTERNAL: s1@group-54B4F2458EED is not in [RUNNING]: current state is CLOSED
2022-06-29 11:32:43,138 INFO  impl.LeaderElection (LeaderElection.java:logAndReturn(90)) - s2@group-54B4F2458EED-LeaderElection156: PRE_VOTE REJECTED received 0 response(s) and 2 exception(s):
2022-06-29 11:32:43,138 INFO  impl.LeaderElection (LogUtils.java:infoOrTrace(137)) -   Exception 0: java.util.concurrent.ExecutionException: org.apache.ratis.thirdparty.io.grpc.StatusRuntimeException: INTERNAL: s0@group-54B4F2458EED is not in [RUNNING]: current state is CLOSED
2022-06-29 11:32:43,138 INFO  impl.LeaderElection (LogUtils.java:infoOrTrace(137)) -   Exception 1: java.util.concurrent.ExecutionException: org.apache.ratis.thirdparty.io.grpc.StatusRuntimeException: INTERNAL: s1@group-54B4F2458EED is not in [RUNNING]: current state is CLOSED
2022-06-29 11:32:43,138 INFO  impl.LeaderElection (LeaderElection.java:askForVotes(312)) - s2@group-54B4F2458EED-LeaderElection156 PRE_VOTE round 0: result REJECTED
2022-06-29 11:32:43,138 INFO  server.RaftServer$Division (RaftServerImpl.java:setRole(299)) - s2@group-54B4F2458EED: changes role from CANDIDATE to FOLLOWER at term 3 for REJECTED
2022-06-29 11:32:43,138 INFO  impl.RoleInfo (RoleInfo.java:shutdownLeaderElection(130)) - s2: shutdown s2@group-54B4F2458EED-LeaderElection156
2022-06-29 11:32:43,139 INFO  impl.RoleInfo (RoleInfo.java:updateAndGet(139)) - s2: start s2@group-54B4F2458EED-FollowerState
2022-06-29 11:32:43,386 INFO  impl.FollowerState (FollowerState.java:run(143)) - s2@group-54B4F2458EED-FollowerState: change to CANDIDATE, lastRpcElapsedTime:246711677ns, electionTimeout:245ms
2022-06-29 11:32:43,386 INFO  impl.RoleInfo (RoleInfo.java:shutdownFollowerState(110)) - s2: shutdown s2@group-54B4F2458EED-FollowerState
2022-06-29 11:32:43,386 INFO  server.RaftServer$Division (RaftServerImpl.java:setRole(299)) - s2@group-54B4F2458EED: changes role from  FOLLOWER to CANDIDATE at term 3 for changeToCandidate
2022-06-29 11:32:43,386 INFO  server.RaftServerConfigKeys (ConfUtils.java:logGet(46)) - raft.server.leaderelection.pre-vote = true (default)
2022-06-29 11:32:43,386 INFO  impl.RoleInfo (RoleInfo.java:updateAndGet(139)) - s2: start s2@group-54B4F2458EED-LeaderElection157
2022-06-29 11:32:43,387 INFO  impl.LeaderElection (LeaderElection.java:askForVotes(310)) - s2@group-54B4F2458EED-LeaderElection157 PRE_VOTE round 0: submit vote requests at term 3 for 28: [s0|rpc:localhost:46515|admin:localhost:40757|client:localhost:41939|dataStream:localhost:35593|priority:0, s1|rpc:localhost:34095|admin:localhost:43151|client:localhost:36051|dataStream:localhost:38995|priority:0, s2|rpc:localhost:40453|admin:localhost:33947|client:localhost:38503|dataStream:localhost:42009|priority:0], old=null
2022-06-29 11:32:43,389 INFO  server.RaftServer$Division (RaftServerImpl.java:requestVote(1152)) - s1@group-54B4F2458EED: receive requestVote(PRE_VOTE, s2, group-54B4F2458EED, 3, (t:3, i:31))
2022-06-29 11:32:43,389 WARN  server.GrpcServerProtocolService (LogUtils.java:warn(122)) - s1: Failed requestVote s2->s1#0: org.apache.ratis.protocol.exceptions.ServerNotReadyException: s1@group-54B4F2458EED is not in [RUNNING]: current state is CLOSED
2022-06-29 11:32:43,390 INFO  server.RaftServer$Division (RaftServerImpl.java:requestVote(1152)) - s0@group-54B4F2458EED: receive requestVote(PRE_VOTE, s2, group-54B4F2458EED, 3, (t:3, i:31))
2022-06-29 11:32:43,390 WARN  server.GrpcServerProtocolService (LogUtils.java:warn(122)) - s0: Failed requestVote s2->s0#0: org.apache.ratis.protocol.exceptions.ServerNotReadyException: s0@group-54B4F2458EED is not in [RUNNING]: current state is CLOSED
2022-06-29 11:32:43,393 INFO  impl.LeaderElection (LogUtils.java:infoOrTrace(137)) - s2@group-54B4F2458EED-LeaderElection157 got exception when requesting votes: java.util.concurrent.ExecutionException: org.apache.ratis.thirdparty.io.grpc.StatusRuntimeException: INTERNAL: s0@group-54B4F2458EED is not in [RUNNING]: current state is CLOSED
2022-06-29 11:32:43,394 INFO  impl.LeaderElection (LogUtils.java:infoOrTrace(137)) - s2@group-54B4F2458EED-LeaderElection157 got exception when requesting votes: java.util.concurrent.ExecutionException: org.apache.ratis.thirdparty.io.grpc.StatusRuntimeException: INTERNAL: s1@group-54B4F2458EED is not in [RUNNING]: current state is CLOSED
2022-06-29 11:32:43,394 INFO  impl.LeaderElection (LeaderElection.java:logAndReturn(90)) - s2@group-54B4F2458EED-LeaderElection157: PRE_VOTE REJECTED received 0 response(s) and 2 exception(s):
2022-06-29 11:32:43,394 INFO  impl.LeaderElection (LogUtils.java:infoOrTrace(137)) -   Exception 0: java.util.concurrent.ExecutionException: org.apache.ratis.thirdparty.io.grpc.StatusRuntimeException: INTERNAL: s0@group-54B4F2458EED is not in [RUNNING]: current state is CLOSED
2022-06-29 11:32:43,394 INFO  impl.LeaderElection (LogUtils.java:infoOrTrace(137)) -   Exception 1: java.util.concurrent.ExecutionException: org.apache.ratis.thirdparty.io.grpc.StatusRuntimeException: INTERNAL: s1@group-54B4F2458EED is not in [RUNNING]: current state is CLOSED
2022-06-29 11:32:43,398 INFO  impl.LeaderElection (LeaderElection.java:askForVotes(312)) - s2@group-54B4F2458EED-LeaderElection157 PRE_VOTE round 0: result REJECTED
2022-06-29 11:32:43,398 INFO  server.RaftServer$Division (RaftServerImpl.java:setRole(299)) - s2@group-54B4F2458EED: changes role from CANDIDATE to FOLLOWER at term 3 for REJECTED
2022-06-29 11:32:43,398 INFO  impl.RoleInfo (RoleInfo.java:shutdownLeaderElection(130)) - s2: shutdown s2@group-54B4F2458EED-LeaderElection157
2022-06-29 11:32:43,398 INFO  impl.RoleInfo (RoleInfo.java:updateAndGet(139)) - s2: start s2@group-54B4F2458EED-FollowerState
2022-06-29 11:32:43,566 INFO  impl.FollowerState (FollowerState.java:run(143)) - s2@group-54B4F2458EED-FollowerState: change to CANDIDATE, lastRpcElapsedTime:167515693ns, electionTimeout:165ms
2022-06-29 11:32:43,566 INFO  impl.RoleInfo (RoleInfo.java:shutdownFollowerState(110)) - s2: shutdown s2@group-54B4F2458EED-FollowerState
2022-06-29 11:32:43,566 INFO  server.RaftServer$Division (RaftServerImpl.java:setRole(299)) - s2@group-54B4F2458EED: changes role from  FOLLOWER to CANDIDATE at term 3 for changeToCandidate
2022-06-29 11:32:43,566 INFO  server.RaftServerConfigKeys (ConfUtils.java:logGet(46)) - raft.server.leaderelection.pre-vote = true (default)
2022-06-29 11:32:43,566 INFO  impl.RoleInfo (RoleInfo.java:updateAndGet(139)) - s2: start s2@group-54B4F2458EED-LeaderElection158
2022-06-29 11:32:43,569 INFO  impl.LeaderElection (LeaderElection.java:askForVotes(310)) - s2@group-54B4F2458EED-LeaderElection158 PRE_VOTE round 0: submit vote requests at term 3 for 28: [s0|rpc:localhost:46515|admin:localhost:40757|client:localhost:41939|dataStream:localhost:35593|priority:0, s1|rpc:localhost:34095|admin:localhost:43151|client:localhost:36051|dataStream:localhost:38995|priority:0, s2|rpc:localhost:40453|admin:localhost:33947|client:localhost:38503|dataStream:localhost:42009|priority:0], old=null
2022-06-29 11:32:43,570 INFO  server.RaftServer$Division (RaftServerImpl.java:requestVote(1152)) - s0@group-54B4F2458EED: receive requestVote(PRE_VOTE, s2, group-54B4F2458EED, 3, (t:3, i:31))
2022-06-29 11:32:43,570 WARN  server.GrpcServerProtocolService (LogUtils.java:warn(122)) - s0: Failed requestVote s2->s0#0: org.apache.ratis.protocol.exceptions.ServerNotReadyException: s0@group-54B4F2458EED is not in [RUNNING]: current state is CLOSED
2022-06-29 11:32:43,572 INFO  server.RaftServer$Division (RaftServerImpl.java:requestVote(1152)) - s1@group-54B4F2458EED: receive requestVote(PRE_VOTE, s2, group-54B4F2458EED, 3, (t:3, i:31))
2022-06-29 11:32:43,572 WARN  server.GrpcServerProtocolService (LogUtils.java:warn(122)) - s1: Failed requestVote s2->s1#0: org.apache.ratis.protocol.exceptions.ServerNotReadyException: s1@group-54B4F2458EED is not in [RUNNING]: current state is CLOSED
2022-06-29 11:32:43,572 INFO  impl.LeaderElection (LogUtils.java:infoOrTrace(137)) - s2@group-54B4F2458EED-LeaderElection158 got exception when requesting votes: java.util.concurrent.ExecutionException: org.apache.ratis.thirdparty.io.grpc.StatusRuntimeException: INTERNAL: s0@group-54B4F2458EED is not in [RUNNING]: current state is CLOSED
2022-06-29 11:32:43,572 INFO  impl.LeaderElection (LogUtils.java:infoOrTrace(137)) - s2@group-54B4F2458EED-LeaderElection158 got exception when requesting votes: java.util.concurrent.ExecutionException: org.apache.ratis.thirdparty.io.grpc.StatusRuntimeException: INTERNAL: s1@group-54B4F2458EED is not in [RUNNING]: current state is CLOSED
2022-06-29 11:32:43,572 INFO  impl.LeaderElection (LeaderElection.java:logAndReturn(90)) - s2@group-54B4F2458EED-LeaderElection158: PRE_VOTE REJECTED received 0 response(s) and 2 exception(s):
2022-06-29 11:32:43,572 INFO  impl.LeaderElection (LogUtils.java:infoOrTrace(137)) -   Exception 0: java.util.concurrent.ExecutionException: org.apache.ratis.thirdparty.io.grpc.StatusRuntimeException: INTERNAL: s0@group-54B4F2458EED is not in [RUNNING]: current state is CLOSED
2022-06-29 11:32:43,572 INFO  impl.LeaderElection (LogUtils.java:infoOrTrace(137)) -   Exception 1: java.util.concurrent.ExecutionException: org.apache.ratis.thirdparty.io.grpc.StatusRuntimeException: INTERNAL: s1@group-54B4F2458EED is not in [RUNNING]: current state is CLOSED
2022-06-29 11:32:43,573 INFO  impl.LeaderElection (LeaderElection.java:askForVotes(312)) - s2@group-54B4F2458EED-LeaderElection158 PRE_VOTE round 0: result REJECTED
2022-06-29 11:32:43,573 INFO  server.RaftServer$Division (RaftServerImpl.java:setRole(299)) - s2@group-54B4F2458EED: changes role from CANDIDATE to FOLLOWER at term 3 for REJECTED
2022-06-29 11:32:43,573 INFO  impl.RoleInfo (RoleInfo.java:shutdownLeaderElection(130)) - s2: shutdown s2@group-54B4F2458EED-LeaderElection158
2022-06-29 11:32:43,575 INFO  impl.RoleInfo (RoleInfo.java:updateAndGet(139)) - s2: start s2@group-54B4F2458EED-FollowerState
2022-06-29 11:32:43,823 INFO  impl.FollowerState (FollowerState.java:run(143)) - s2@group-54B4F2458EED-FollowerState: change to CANDIDATE, lastRpcElapsedTime:247547389ns, electionTimeout:246ms
2022-06-29 11:32:43,823 INFO  impl.RoleInfo (RoleInfo.java:shutdownFollowerState(110)) - s2: shutdown s2@group-54B4F2458EED-FollowerState
2022-06-29 11:32:43,823 INFO  server.RaftServer$Division (RaftServerImpl.java:setRole(299)) - s2@group-54B4F2458EED: changes role from  FOLLOWER to CANDIDATE at term 3 for changeToCandidate
2022-06-29 11:32:43,823 INFO  server.RaftServerConfigKeys (ConfUtils.java:logGet(46)) - raft.server.leaderelection.pre-vote = true (default)
2022-06-29 11:32:43,823 INFO  impl.RoleInfo (RoleInfo.java:updateAndGet(139)) - s2: start s2@group-54B4F2458EED-LeaderElection159
2022-06-29 11:32:43,826 INFO  impl.LeaderElection (LeaderElection.java:askForVotes(310)) - s2@group-54B4F2458EED-LeaderElection159 PRE_VOTE round 0: submit vote requests at term 3 for 28: [s0|rpc:localhost:46515|admin:localhost:40757|client:localhost:41939|dataStream:localhost:35593|priority:0, s1|rpc:localhost:34095|admin:localhost:43151|client:localhost:36051|dataStream:localhost:38995|priority:0, s2|rpc:localhost:40453|admin:localhost:33947|client:localhost:38503|dataStream:localhost:42009|priority:0], old=null
2022-06-29 11:32:43,836 INFO  server.RaftServer$Division (RaftServerImpl.java:requestVote(1152)) - s0@group-54B4F2458EED: receive requestVote(PRE_VOTE, s2, group-54B4F2458EED, 3, (t:3, i:31))
2022-06-29 11:32:43,837 WARN  server.GrpcServerProtocolService (LogUtils.java:warn(122)) - s0: Failed requestVote s2->s0#0: org.apache.ratis.protocol.exceptions.ServerNotReadyException: s0@group-54B4F2458EED is not in [RUNNING]: current state is CLOSED
2022-06-29 11:32:43,840 INFO  server.RaftServer$Division (RaftServerImpl.java:requestVote(1152)) - s1@group-54B4F2458EED: receive requestVote(PRE_VOTE, s2, group-54B4F2458EED, 3, (t:3, i:31))
2022-06-29 11:32:43,840 WARN  server.GrpcServerProtocolService (LogUtils.java:warn(122)) - s1: Failed requestVote s2->s1#0: org.apache.ratis.protocol.exceptions.ServerNotReadyException: s1@group-54B4F2458EED is not in [RUNNING]: current state is CLOSED
2022-06-29 11:32:43,842 INFO  impl.LeaderElection (LogUtils.java:infoOrTrace(137)) - s2@group-54B4F2458EED-LeaderElection159 got exception when requesting votes: java.util.concurrent.ExecutionException: org.apache.ratis.thirdparty.io.grpc.StatusRuntimeException: INTERNAL: s1@group-54B4F2458EED is not in [RUNNING]: current state is CLOSED
2022-06-29 11:32:43,842 INFO  impl.LeaderElection (LogUtils.java:infoOrTrace(137)) - s2@group-54B4F2458EED-LeaderElection159 got exception when requesting votes: java.util.concurrent.ExecutionException: org.apache.ratis.thirdparty.io.grpc.StatusRuntimeException: INTERNAL: s0@group-54B4F2458EED is not in [RUNNING]: current state is CLOSED
2022-06-29 11:32:43,842 INFO  impl.LeaderElection (LeaderElection.java:logAndReturn(90)) - s2@group-54B4F2458EED-LeaderElection159: PRE_VOTE REJECTED received 0 response(s) and 2 exception(s):
2022-06-29 11:32:43,842 INFO  impl.LeaderElection (LogUtils.java:infoOrTrace(137)) -   Exception 0: java.util.concurrent.ExecutionException: org.apache.ratis.thirdparty.io.grpc.StatusRuntimeException: INTERNAL: s1@group-54B4F2458EED is not in [RUNNING]: current state is CLOSED
2022-06-29 11:32:43,842 INFO  impl.LeaderElection (LogUtils.java:infoOrTrace(137)) -   Exception 1: java.util.concurrent.ExecutionException: org.apache.ratis.thirdparty.io.grpc.StatusRuntimeException: INTERNAL: s0@group-54B4F2458EED is not in [RUNNING]: current state is CLOSED
2022-06-29 11:32:43,843 INFO  impl.LeaderElection (LeaderElection.java:askForVotes(312)) - s2@group-54B4F2458EED-LeaderElection159 PRE_VOTE round 0: result REJECTED
2022-06-29 11:32:43,843 INFO  server.RaftServer$Division (RaftServerImpl.java:setRole(299)) - s2@group-54B4F2458EED: changes role from CANDIDATE to FOLLOWER at term 3 for REJECTED
2022-06-29 11:32:43,843 INFO  impl.RoleInfo (RoleInfo.java:shutdownLeaderElection(130)) - s2: shutdown s2@group-54B4F2458EED-LeaderElection159
2022-06-29 11:32:43,843 INFO  impl.RoleInfo (RoleInfo.java:updateAndGet(139)) - s2: start s2@group-54B4F2458EED-FollowerState
2022-06-29 11:32:44,102 INFO  impl.FollowerState (FollowerState.java:run(143)) - s2@group-54B4F2458EED-FollowerState: change to CANDIDATE, lastRpcElapsedTime:258691737ns, electionTimeout:255ms
2022-06-29 11:32:44,102 INFO  impl.RoleInfo (RoleInfo.java:shutdownFollowerState(110)) - s2: shutdown s2@group-54B4F2458EED-FollowerState
2022-06-29 11:32:44,102 INFO  server.RaftServer$Division (RaftServerImpl.java:setRole(299)) - s2@group-54B4F2458EED: changes role from  FOLLOWER to CANDIDATE at term 3 for changeToCandidate
2022-06-29 11:32:44,102 INFO  server.RaftServerConfigKeys (ConfUtils.java:logGet(46)) - raft.server.leaderelection.pre-vote = true (default)
2022-06-29 11:32:44,102 INFO  impl.RoleInfo (RoleInfo.java:updateAndGet(139)) - s2: start s2@group-54B4F2458EED-LeaderElection160
2022-06-29 11:32:44,104 INFO  impl.LeaderElection (LeaderElection.java:askForVotes(310)) - s2@group-54B4F2458EED-LeaderElection160 PRE_VOTE round 0: submit vote requests at term 3 for 28: [s0|rpc:localhost:46515|admin:localhost:40757|client:localhost:41939|dataStream:localhost:35593|priority:0, s1|rpc:localhost:34095|admin:localhost:43151|client:localhost:36051|dataStream:localhost:38995|priority:0, s2|rpc:localhost:40453|admin:localhost:33947|client:localhost:38503|dataStream:localhost:42009|priority:0], old=null
2022-06-29 11:32:44,115 INFO  server.RaftServer$Division (RaftServerImpl.java:requestVote(1152)) - s0@group-54B4F2458EED: receive requestVote(PRE_VOTE, s2, group-54B4F2458EED, 3, (t:3, i:31))
2022-06-29 11:32:44,115 WARN  server.GrpcServerProtocolService (LogUtils.java:warn(122)) - s0: Failed requestVote s2->s0#0: org.apache.ratis.protocol.exceptions.ServerNotReadyException: s0@group-54B4F2458EED is not in [RUNNING]: current state is CLOSED
2022-06-29 11:32:44,116 INFO  server.RaftServer$Division (RaftServerImpl.java:requestVote(1152)) - s1@group-54B4F2458EED: receive requestVote(PRE_VOTE, s2, group-54B4F2458EED, 3, (t:3, i:31))
2022-06-29 11:32:44,117 WARN  server.GrpcServerProtocolService (LogUtils.java:warn(122)) - s1: Failed requestVote s2->s1#0: org.apache.ratis.protocol.exceptions.ServerNotReadyException: s1@group-54B4F2458EED is not in [RUNNING]: current state is CLOSED
2022-06-29 11:32:44,128 INFO  impl.LeaderElection (LogUtils.java:infoOrTrace(137)) - s2@group-54B4F2458EED-LeaderElection160 got exception when requesting votes: java.util.concurrent.ExecutionException: org.apache.ratis.thirdparty.io.grpc.StatusRuntimeException: INTERNAL: s0@group-54B4F2458EED is not in [RUNNING]: current state is CLOSED
2022-06-29 11:32:44,128 INFO  impl.LeaderElection (LogUtils.java:infoOrTrace(137)) - s2@group-54B4F2458EED-LeaderElection160 got exception when requesting votes: java.util.concurrent.ExecutionException: org.apache.ratis.thirdparty.io.grpc.StatusRuntimeException: INTERNAL: s1@group-54B4F2458EED is not in [RUNNING]: current state is CLOSED
2022-06-29 11:32:44,128 INFO  impl.LeaderElection (LeaderElection.java:logAndReturn(90)) - s2@group-54B4F2458EED-LeaderElection160: PRE_VOTE REJECTED received 0 response(s) and 2 exception(s):
2022-06-29 11:32:44,128 INFO  impl.LeaderElection (LogUtils.java:infoOrTrace(137)) -   Exception 0: java.util.concurrent.ExecutionException: org.apache.ratis.thirdparty.io.grpc.StatusRuntimeException: INTERNAL: s0@group-54B4F2458EED is not in [RUNNING]: current state is CLOSED
2022-06-29 11:32:44,128 INFO  impl.LeaderElection (LogUtils.java:infoOrTrace(137)) -   Exception 1: java.util.concurrent.ExecutionException: org.apache.ratis.thirdparty.io.grpc.StatusRuntimeException: INTERNAL: s1@group-54B4F2458EED is not in [RUNNING]: current state is CLOSED
2022-06-29 11:32:44,128 INFO  impl.LeaderElection (LeaderElection.java:askForVotes(312)) - s2@group-54B4F2458EED-LeaderElection160 PRE_VOTE round 0: result REJECTED
2022-06-29 11:32:44,128 INFO  server.RaftServer$Division (RaftServerImpl.java:setRole(299)) - s2@group-54B4F2458EED: changes role from CANDIDATE to FOLLOWER at term 3 for REJECTED
2022-06-29 11:32:44,128 INFO  impl.RoleInfo (RoleInfo.java:shutdownLeaderElection(130)) - s2: shutdown s2@group-54B4F2458EED-LeaderElection160
2022-06-29 11:32:44,128 INFO  impl.RoleInfo (RoleInfo.java:updateAndGet(139)) - s2: start s2@group-54B4F2458EED-FollowerState
2022-06-29 11:32:44,347 INFO  impl.FollowerState (FollowerState.java:run(143)) - s2@group-54B4F2458EED-FollowerState: change to CANDIDATE, lastRpcElapsedTime:218903088ns, electionTimeout:215ms
2022-06-29 11:32:44,347 INFO  impl.RoleInfo (RoleInfo.java:shutdownFollowerState(110)) - s2: shutdown s2@group-54B4F2458EED-FollowerState
2022-06-29 11:32:44,347 INFO  server.RaftServer$Division (RaftServerImpl.java:setRole(299)) - s2@group-54B4F2458EED: changes role from  FOLLOWER to CANDIDATE at term 3 for changeToCandidate
2022-06-29 11:32:44,349 INFO  server.RaftServerConfigKeys (ConfUtils.java:logGet(46)) - raft.server.leaderelection.pre-vote = true (default)
2022-06-29 11:32:44,349 INFO  impl.RoleInfo (RoleInfo.java:updateAndGet(139)) - s2: start s2@group-54B4F2458EED-LeaderElection161
2022-06-29 11:32:44,352 INFO  impl.LeaderElection (LeaderElection.java:askForVotes(310)) - s2@group-54B4F2458EED-LeaderElection161 PRE_VOTE round 0: submit vote requests at term 3 for 28: [s0|rpc:localhost:46515|admin:localhost:40757|client:localhost:41939|dataStream:localhost:35593|priority:0, s1|rpc:localhost:34095|admin:localhost:43151|client:localhost:36051|dataStream:localhost:38995|priority:0, s2|rpc:localhost:40453|admin:localhost:33947|client:localhost:38503|dataStream:localhost:42009|priority:0], old=null
2022-06-29 11:32:44,355 INFO  server.RaftServer$Division (RaftServerImpl.java:requestVote(1152)) - s1@group-54B4F2458EED: receive requestVote(PRE_VOTE, s2, group-54B4F2458EED, 3, (t:3, i:31))
2022-06-29 11:32:44,355 WARN  server.GrpcServerProtocolService (LogUtils.java:warn(122)) - s1: Failed requestVote s2->s1#0: org.apache.ratis.protocol.exceptions.ServerNotReadyException: s1@group-54B4F2458EED is not in [RUNNING]: current state is CLOSED
2022-06-29 11:32:44,356 INFO  server.RaftServer$Division (RaftServerImpl.java:requestVote(1152)) - s0@group-54B4F2458EED: receive requestVote(PRE_VOTE, s2, group-54B4F2458EED, 3, (t:3, i:31))
2022-06-29 11:32:44,356 WARN  server.GrpcServerProtocolService (LogUtils.java:warn(122)) - s0: Failed requestVote s2->s0#0: org.apache.ratis.protocol.exceptions.ServerNotReadyException: s0@group-54B4F2458EED is not in [RUNNING]: current state is CLOSED
2022-06-29 11:32:44,358 INFO  impl.LeaderElection (LogUtils.java:infoOrTrace(137)) - s2@group-54B4F2458EED-LeaderElection161 got exception when requesting votes: java.util.concurrent.ExecutionException: org.apache.ratis.thirdparty.io.grpc.StatusRuntimeException: INTERNAL: s0@group-54B4F2458EED is not in [RUNNING]: current state is CLOSED
2022-06-29 11:32:44,359 INFO  impl.LeaderElection (LogUtils.java:infoOrTrace(137)) - s2@group-54B4F2458EED-LeaderElection161 got exception when requesting votes: java.util.concurrent.ExecutionException: org.apache.ratis.thirdparty.io.grpc.StatusRuntimeException: INTERNAL: s1@group-54B4F2458EED is not in [RUNNING]: current state is CLOSED
2022-06-29 11:32:44,359 INFO  impl.LeaderElection (LeaderElection.java:logAndReturn(90)) - s2@group-54B4F2458EED-LeaderElection161: PRE_VOTE REJECTED received 0 response(s) and 2 exception(s):
2022-06-29 11:32:44,359 INFO  impl.LeaderElection (LogUtils.java:infoOrTrace(137)) -   Exception 0: java.util.concurrent.ExecutionException: org.apache.ratis.thirdparty.io.grpc.StatusRuntimeException: INTERNAL: s0@group-54B4F2458EED is not in [RUNNING]: current state is CLOSED
2022-06-29 11:32:44,359 INFO  impl.LeaderElection (LogUtils.java:infoOrTrace(137)) -   Exception 1: java.util.concurrent.ExecutionException: org.apache.ratis.thirdparty.io.grpc.StatusRuntimeException: INTERNAL: s1@group-54B4F2458EED is not in [RUNNING]: current state is CLOSED
2022-06-29 11:32:44,359 INFO  impl.LeaderElection (LeaderElection.java:askForVotes(312)) - s2@group-54B4F2458EED-LeaderElection161 PRE_VOTE round 0: result REJECTED
2022-06-29 11:32:44,359 INFO  server.RaftServer$Division (RaftServerImpl.java:setRole(299)) - s2@group-54B4F2458EED: changes role from CANDIDATE to FOLLOWER at term 3 for REJECTED
2022-06-29 11:32:44,359 INFO  impl.RoleInfo (RoleInfo.java:shutdownLeaderElection(130)) - s2: shutdown s2@group-54B4F2458EED-LeaderElection161
2022-06-29 11:32:44,359 INFO  impl.RoleInfo (RoleInfo.java:updateAndGet(139)) - s2: start s2@group-54B4F2458EED-FollowerState
2022-06-29 11:32:44,537 INFO  impl.FollowerState (FollowerState.java:run(143)) - s2@group-54B4F2458EED-FollowerState: change to CANDIDATE, lastRpcElapsedTime:178442135ns, electionTimeout:177ms
2022-06-29 11:32:44,538 INFO  impl.RoleInfo (RoleInfo.java:shutdownFollowerState(110)) - s2: shutdown s2@group-54B4F2458EED-FollowerState
2022-06-29 11:32:44,538 INFO  server.RaftServer$Division (RaftServerImpl.java:setRole(299)) - s2@group-54B4F2458EED: changes role from  FOLLOWER to CANDIDATE at term 3 for changeToCandidate
2022-06-29 11:32:44,538 INFO  server.RaftServerConfigKeys (ConfUtils.java:logGet(46)) - raft.server.leaderelection.pre-vote = true (default)
2022-06-29 11:32:44,539 INFO  impl.RoleInfo (RoleInfo.java:updateAndGet(139)) - s2: start s2@group-54B4F2458EED-LeaderElection162
2022-06-29 11:32:44,542 INFO  impl.LeaderElection (LeaderElection.java:askForVotes(310)) - s2@group-54B4F2458EED-LeaderElection162 PRE_VOTE round 0: submit vote requests at term 3 for 28: [s0|rpc:localhost:46515|admin:localhost:40757|client:localhost:41939|dataStream:localhost:35593|priority:0, s1|rpc:localhost:34095|admin:localhost:43151|client:localhost:36051|dataStream:localhost:38995|priority:0, s2|rpc:localhost:40453|admin:localhost:33947|client:localhost:38503|dataStream:localhost:42009|priority:0], old=null
2022-06-29 11:32:44,548 INFO  server.RaftServer$Division (RaftServerImpl.java:requestVote(1152)) - s0@group-54B4F2458EED: receive requestVote(PRE_VOTE, s2, group-54B4F2458EED, 3, (t:3, i:31))
2022-06-29 11:32:44,549 WARN  server.GrpcServerProtocolService (LogUtils.java:warn(122)) - s0: Failed requestVote s2->s0#0: org.apache.ratis.protocol.exceptions.ServerNotReadyException: s0@group-54B4F2458EED is not in [RUNNING]: current state is CLOSED
2022-06-29 11:32:44,549 INFO  server.RaftServer$Division (RaftServerImpl.java:requestVote(1152)) - s1@group-54B4F2458EED: receive requestVote(PRE_VOTE, s2, group-54B4F2458EED, 3, (t:3, i:31))
2022-06-29 11:32:44,549 WARN  server.GrpcServerProtocolService (LogUtils.java:warn(122)) - s1: Failed requestVote s2->s1#0: org.apache.ratis.protocol.exceptions.ServerNotReadyException: s1@group-54B4F2458EED is not in [RUNNING]: current state is CLOSED
2022-06-29 11:32:44,551 INFO  impl.LeaderElection (LogUtils.java:infoOrTrace(137)) - s2@group-54B4F2458EED-LeaderElection162 got exception when requesting votes: java.util.concurrent.ExecutionException: org.apache.ratis.thirdparty.io.grpc.StatusRuntimeException: INTERNAL: s0@group-54B4F2458EED is not in [RUNNING]: current state is CLOSED
2022-06-29 11:32:44,551 INFO  impl.LeaderElection (LogUtils.java:infoOrTrace(137)) - s2@group-54B4F2458EED-LeaderElection162 got exception when requesting votes: java.util.concurrent.ExecutionException: org.apache.ratis.thirdparty.io.grpc.StatusRuntimeException: INTERNAL: s1@group-54B4F2458EED is not in [RUNNING]: current state is CLOSED
2022-06-29 11:32:44,551 INFO  impl.LeaderElection (LeaderElection.java:logAndReturn(90)) - s2@group-54B4F2458EED-LeaderElection162: PRE_VOTE REJECTED received 0 response(s) and 2 exception(s):
2022-06-29 11:32:44,551 INFO  impl.LeaderElection (LogUtils.java:infoOrTrace(137)) -   Exception 0: java.util.concurrent.ExecutionException: org.apache.ratis.thirdparty.io.grpc.StatusRuntimeException: INTERNAL: s0@group-54B4F2458EED is not in [RUNNING]: current state is CLOSED
2022-06-29 11:32:44,551 INFO  impl.LeaderElection (LogUtils.java:infoOrTrace(137)) -   Exception 1: java.util.concurrent.ExecutionException: org.apache.ratis.thirdparty.io.grpc.StatusRuntimeException: INTERNAL: s1@group-54B4F2458EED is not in [RUNNING]: current state is CLOSED
2022-06-29 11:32:44,551 INFO  impl.LeaderElection (LeaderElection.java:askForVotes(312)) - s2@group-54B4F2458EED-LeaderElection162 PRE_VOTE round 0: result REJECTED
2022-06-29 11:32:44,551 INFO  server.RaftServer$Division (RaftServerImpl.java:setRole(299)) - s2@group-54B4F2458EED: changes role from CANDIDATE to FOLLOWER at term 3 for REJECTED
2022-06-29 11:32:44,551 INFO  impl.RoleInfo (RoleInfo.java:shutdownLeaderElection(130)) - s2: shutdown s2@group-54B4F2458EED-LeaderElection162
2022-06-29 11:32:44,551 INFO  impl.RoleInfo (RoleInfo.java:updateAndGet(139)) - s2: start s2@group-54B4F2458EED-FollowerState
2022-06-29 11:32:44,810 INFO  impl.FollowerState (FollowerState.java:run(143)) - s2@group-54B4F2458EED-FollowerState: change to CANDIDATE, lastRpcElapsedTime:258027121ns, electionTimeout:256ms
2022-06-29 11:32:44,810 INFO  impl.RoleInfo (RoleInfo.java:shutdownFollowerState(110)) - s2: shutdown s2@group-54B4F2458EED-FollowerState
2022-06-29 11:32:44,810 INFO  server.RaftServer$Division (RaftServerImpl.java:setRole(299)) - s2@group-54B4F2458EED: changes role from  FOLLOWER to CANDIDATE at term 3 for changeToCandidate
2022-06-29 11:32:44,812 INFO  server.RaftServerConfigKeys (ConfUtils.java:logGet(46)) - raft.server.leaderelection.pre-vote = true (default)
2022-06-29 11:32:44,812 INFO  impl.RoleInfo (RoleInfo.java:updateAndGet(139)) - s2: start s2@group-54B4F2458EED-LeaderElection163
2022-06-29 11:32:44,815 INFO  impl.LeaderElection (LeaderElection.java:askForVotes(310)) - s2@group-54B4F2458EED-LeaderElection163 PRE_VOTE round 0: submit vote requests at term 3 for 28: [s0|rpc:localhost:46515|admin:localhost:40757|client:localhost:41939|dataStream:localhost:35593|priority:0, s1|rpc:localhost:34095|admin:localhost:43151|client:localhost:36051|dataStream:localhost:38995|priority:0, s2|rpc:localhost:40453|admin:localhost:33947|client:localhost:38503|dataStream:localhost:42009|priority:0], old=null
2022-06-29 11:32:44,819 INFO  server.RaftServer$Division (RaftServerImpl.java:requestVote(1152)) - s0@group-54B4F2458EED: receive requestVote(PRE_VOTE, s2, group-54B4F2458EED, 3, (t:3, i:31))
2022-06-29 11:32:44,819 WARN  server.GrpcServerProtocolService (LogUtils.java:warn(122)) - s0: Failed requestVote s2->s0#0: org.apache.ratis.protocol.exceptions.ServerNotReadyException: s0@group-54B4F2458EED is not in [RUNNING]: current state is CLOSED
2022-06-29 11:32:44,820 INFO  server.RaftServer$Division (RaftServerImpl.java:requestVote(1152)) - s1@group-54B4F2458EED: receive requestVote(PRE_VOTE, s2, group-54B4F2458EED, 3, (t:3, i:31))
2022-06-29 11:32:44,820 WARN  server.GrpcServerProtocolService (LogUtils.java:warn(122)) - s1: Failed requestVote s2->s1#0: org.apache.ratis.protocol.exceptions.ServerNotReadyException: s1@group-54B4F2458EED is not in [RUNNING]: current state is CLOSED
2022-06-29 11:32:44,822 INFO  impl.LeaderElection (LogUtils.java:infoOrTrace(137)) - s2@group-54B4F2458EED-LeaderElection163 got exception when requesting votes: java.util.concurrent.ExecutionException: org.apache.ratis.thirdparty.io.grpc.StatusRuntimeException: INTERNAL: s0@group-54B4F2458EED is not in [RUNNING]: current state is CLOSED
2022-06-29 11:32:44,823 INFO  impl.LeaderElection (LogUtils.java:infoOrTrace(137)) - s2@group-54B4F2458EED-LeaderElection163 got exception when requesting votes: java.util.concurrent.ExecutionException: org.apache.ratis.thirdparty.io.grpc.StatusRuntimeException: INTERNAL: s1@group-54B4F2458EED is not in [RUNNING]: current state is CLOSED
2022-06-29 11:32:44,823 INFO  impl.LeaderElection (LeaderElection.java:logAndReturn(90)) - s2@group-54B4F2458EED-LeaderElection163: PRE_VOTE REJECTED received 0 response(s) and 2 exception(s):
2022-06-29 11:32:44,823 INFO  impl.LeaderElection (LogUtils.java:infoOrTrace(137)) -   Exception 0: java.util.concurrent.ExecutionException: org.apache.ratis.thirdparty.io.grpc.StatusRuntimeException: INTERNAL: s0@group-54B4F2458EED is not in [RUNNING]: current state is CLOSED
2022-06-29 11:32:44,823 INFO  impl.LeaderElection (LogUtils.java:infoOrTrace(137)) -   Exception 1: java.util.concurrent.ExecutionException: org.apache.ratis.thirdparty.io.grpc.StatusRuntimeException: INTERNAL: s1@group-54B4F2458EED is not in [RUNNING]: current state is CLOSED
2022-06-29 11:32:44,823 INFO  impl.LeaderElection (LeaderElection.java:askForVotes(312)) - s2@group-54B4F2458EED-LeaderElection163 PRE_VOTE round 0: result REJECTED
2022-06-29 11:32:44,823 INFO  server.RaftServer$Division (RaftServerImpl.java:setRole(299)) - s2@group-54B4F2458EED: changes role from CANDIDATE to FOLLOWER at term 3 for REJECTED
2022-06-29 11:32:44,823 INFO  impl.RoleInfo (RoleInfo.java:shutdownLeaderElection(130)) - s2: shutdown s2@group-54B4F2458EED-LeaderElection163
2022-06-29 11:32:44,823 INFO  impl.RoleInfo (RoleInfo.java:updateAndGet(139)) - s2: start s2@group-54B4F2458EED-FollowerState
2022-06-29 11:32:45,088 INFO  impl.FollowerState (FollowerState.java:run(143)) - s2@group-54B4F2458EED-FollowerState: change to CANDIDATE, lastRpcElapsedTime:264684209ns, electionTimeout:262ms
2022-06-29 11:32:45,088 INFO  impl.RoleInfo (RoleInfo.java:shutdownFollowerState(110)) - s2: shutdown s2@group-54B4F2458EED-FollowerState
2022-06-29 11:32:45,088 INFO  server.RaftServer$Division (RaftServerImpl.java:setRole(299)) - s2@group-54B4F2458EED: changes role from  FOLLOWER to CANDIDATE at term 3 for changeToCandidate
2022-06-29 11:32:45,090 INFO  server.RaftServerConfigKeys (ConfUtils.java:logGet(46)) - raft.server.leaderelection.pre-vote = true (default)
2022-06-29 11:32:45,090 INFO  impl.RoleInfo (RoleInfo.java:updateAndGet(139)) - s2: start s2@group-54B4F2458EED-LeaderElection164
2022-06-29 11:32:45,092 INFO  impl.LeaderElection (LeaderElection.java:askForVotes(310)) - s2@group-54B4F2458EED-LeaderElection164 PRE_VOTE round 0: submit vote requests at term 3 for 28: [s0|rpc:localhost:46515|admin:localhost:40757|client:localhost:41939|dataStream:localhost:35593|priority:0, s1|rpc:localhost:34095|admin:localhost:43151|client:localhost:36051|dataStream:localhost:38995|priority:0, s2|rpc:localhost:40453|admin:localhost:33947|client:localhost:38503|dataStream:localhost:42009|priority:0], old=null
2022-06-29 11:32:45,097 INFO  server.RaftServer$Division (RaftServerImpl.java:requestVote(1152)) - s1@group-54B4F2458EED: receive requestVote(PRE_VOTE, s2, group-54B4F2458EED, 3, (t:3, i:31))
2022-06-29 11:32:45,097 WARN  server.GrpcServerProtocolService (LogUtils.java:warn(122)) - s1: Failed requestVote s2->s1#0: org.apache.ratis.protocol.exceptions.ServerNotReadyException: s1@group-54B4F2458EED is not in [RUNNING]: current state is CLOSED
2022-06-29 11:32:45,097 INFO  server.RaftServer$Division (RaftServerImpl.java:requestVote(1152)) - s0@group-54B4F2458EED: receive requestVote(PRE_VOTE, s2, group-54B4F2458EED, 3, (t:3, i:31))
2022-06-29 11:32:45,097 WARN  server.GrpcServerProtocolService (LogUtils.java:warn(122)) - s0: Failed requestVote s2->s0#0: org.apache.ratis.protocol.exceptions.ServerNotReadyException: s0@group-54B4F2458EED is not in [RUNNING]: current state is CLOSED
2022-06-29 11:32:45,098 INFO  impl.LeaderElection (LogUtils.java:infoOrTrace(137)) - s2@group-54B4F2458EED-LeaderElection164 got exception when requesting votes: java.util.concurrent.ExecutionException: org.apache.ratis.thirdparty.io.grpc.StatusRuntimeException: INTERNAL: s0@group-54B4F2458EED is not in [RUNNING]: current state is CLOSED
2022-06-29 11:32:45,098 INFO  impl.LeaderElection (LogUtils.java:infoOrTrace(137)) - s2@group-54B4F2458EED-LeaderElection164 got exception when requesting votes: java.util.concurrent.ExecutionException: org.apache.ratis.thirdparty.io.grpc.StatusRuntimeException: INTERNAL: s1@group-54B4F2458EED is not in [RUNNING]: current state is CLOSED
2022-06-29 11:32:45,098 INFO  impl.LeaderElection (LeaderElection.java:logAndReturn(90)) - s2@group-54B4F2458EED-LeaderElection164: PRE_VOTE REJECTED received 0 response(s) and 2 exception(s):
2022-06-29 11:32:45,098 INFO  impl.LeaderElection (LogUtils.java:infoOrTrace(137)) -   Exception 0: java.util.concurrent.ExecutionException: org.apache.ratis.thirdparty.io.grpc.StatusRuntimeException: INTERNAL: s0@group-54B4F2458EED is not in [RUNNING]: current state is CLOSED
2022-06-29 11:32:45,098 INFO  impl.LeaderElection (LogUtils.java:infoOrTrace(137)) -   Exception 1: java.util.concurrent.ExecutionException: org.apache.ratis.thirdparty.io.grpc.StatusRuntimeException: INTERNAL: s1@group-54B4F2458EED is not in [RUNNING]: current state is CLOSED
2022-06-29 11:32:45,098 INFO  impl.LeaderElection (LeaderElection.java:askForVotes(312)) - s2@group-54B4F2458EED-LeaderElection164 PRE_VOTE round 0: result REJECTED
2022-06-29 11:32:45,098 INFO  server.RaftServer$Division (RaftServerImpl.java:setRole(299)) - s2@group-54B4F2458EED: changes role from CANDIDATE to FOLLOWER at term 3 for REJECTED
2022-06-29 11:32:45,098 INFO  impl.RoleInfo (RoleInfo.java:shutdownLeaderElection(130)) - s2: shutdown s2@group-54B4F2458EED-LeaderElection164
2022-06-29 11:32:45,098 INFO  impl.RoleInfo (RoleInfo.java:updateAndGet(139)) - s2: start s2@group-54B4F2458EED-FollowerState
2022-06-29 11:32:45,294 INFO  impl.FollowerState (FollowerState.java:run(143)) - s2@group-54B4F2458EED-FollowerState: change to CANDIDATE, lastRpcElapsedTime:196240671ns, electionTimeout:195ms
2022-06-29 11:32:45,294 INFO  impl.RoleInfo (RoleInfo.java:shutdownFollowerState(110)) - s2: shutdown s2@group-54B4F2458EED-FollowerState
2022-06-29 11:32:45,294 INFO  server.RaftServer$Division (RaftServerImpl.java:setRole(299)) - s2@group-54B4F2458EED: changes role from  FOLLOWER to CANDIDATE at term 3 for changeToCandidate
2022-06-29 11:32:45,296 INFO  server.RaftServerConfigKeys (ConfUtils.java:logGet(46)) - raft.server.leaderelection.pre-vote = true (default)
2022-06-29 11:32:45,296 INFO  impl.RoleInfo (RoleInfo.java:updateAndGet(139)) - s2: start s2@group-54B4F2458EED-LeaderElection165
2022-06-29 11:32:45,339 INFO  impl.LeaderElection (LeaderElection.java:askForVotes(310)) - s2@group-54B4F2458EED-LeaderElection165 PRE_VOTE round 0: submit vote requests at term 3 for 28: [s0|rpc:localhost:46515|admin:localhost:40757|client:localhost:41939|dataStream:localhost:35593|priority:0, s1|rpc:localhost:34095|admin:localhost:43151|client:localhost:36051|dataStream:localhost:38995|priority:0, s2|rpc:localhost:40453|admin:localhost:33947|client:localhost:38503|dataStream:localhost:42009|priority:0], old=null
2022-06-29 11:32:45,347 INFO  server.RaftServer$Division (RaftServerImpl.java:requestVote(1152)) - s0@group-54B4F2458EED: receive requestVote(PRE_VOTE, s2, group-54B4F2458EED, 3, (t:3, i:31))
2022-06-29 11:32:45,347 WARN  server.GrpcServerProtocolService (LogUtils.java:warn(122)) - s0: Failed requestVote s2->s0#0: org.apache.ratis.protocol.exceptions.ServerNotReadyException: s0@group-54B4F2458EED is not in [RUNNING]: current state is CLOSED
2022-06-29 11:32:45,349 INFO  server.RaftServer$Division (RaftServerImpl.java:requestVote(1152)) - s1@group-54B4F2458EED: receive requestVote(PRE_VOTE, s2, group-54B4F2458EED, 3, (t:3, i:31))
2022-06-29 11:32:45,349 WARN  server.GrpcServerProtocolService (LogUtils.java:warn(122)) - s1: Failed requestVote s2->s1#0: org.apache.ratis.protocol.exceptions.ServerNotReadyException: s1@group-54B4F2458EED is not in [RUNNING]: current state is CLOSED
2022-06-29 11:32:45,349 INFO  impl.LeaderElection (LogUtils.java:infoOrTrace(137)) - s2@group-54B4F2458EED-LeaderElection165 got exception when requesting votes: java.util.concurrent.ExecutionException: org.apache.ratis.thirdparty.io.grpc.StatusRuntimeException: INTERNAL: s0@group-54B4F2458EED is not in [RUNNING]: current state is CLOSED
2022-06-29 11:32:45,350 INFO  impl.LeaderElection (LogUtils.java:infoOrTrace(137)) - s2@group-54B4F2458EED-LeaderElection165 got exception when requesting votes: java.util.concurrent.ExecutionException: org.apache.ratis.thirdparty.io.grpc.StatusRuntimeException: INTERNAL: s1@group-54B4F2458EED is not in [RUNNING]: current state is CLOSED
2022-06-29 11:32:45,350 INFO  impl.LeaderElection (LeaderElection.java:logAndReturn(90)) - s2@group-54B4F2458EED-LeaderElection165: PRE_VOTE REJECTED received 0 response(s) and 2 exception(s):
2022-06-29 11:32:45,350 INFO  impl.LeaderElection (LogUtils.java:infoOrTrace(137)) -   Exception 0: java.util.concurrent.ExecutionException: org.apache.ratis.thirdparty.io.grpc.StatusRuntimeException: INTERNAL: s0@group-54B4F2458EED is not in [RUNNING]: current state is CLOSED
2022-06-29 11:32:45,350 INFO  impl.LeaderElection (LogUtils.java:infoOrTrace(137)) -   Exception 1: java.util.concurrent.ExecutionException: org.apache.ratis.thirdparty.io.grpc.StatusRuntimeException: INTERNAL: s1@group-54B4F2458EED is not in [RUNNING]: current state is CLOSED
2022-06-29 11:32:45,352 INFO  impl.LeaderElection (LeaderElection.java:askForVotes(312)) - s2@group-54B4F2458EED-LeaderElection165 PRE_VOTE round 0: result REJECTED
2022-06-29 11:32:45,352 INFO  server.RaftServer$Division (RaftServerImpl.java:setRole(299)) - s2@group-54B4F2458EED: changes role from CANDIDATE to FOLLOWER at term 3 for REJECTED
2022-06-29 11:32:45,352 INFO  impl.RoleInfo (RoleInfo.java:shutdownLeaderElection(130)) - s2: shutdown s2@group-54B4F2458EED-LeaderElection165
2022-06-29 11:32:45,352 INFO  impl.RoleInfo (RoleInfo.java:updateAndGet(139)) - s2: start s2@group-54B4F2458EED-FollowerState
2022-06-29 11:32:45,559 INFO  impl.FollowerState (FollowerState.java:run(143)) - s2@group-54B4F2458EED-FollowerState: change to CANDIDATE, lastRpcElapsedTime:206305007ns, electionTimeout:204ms
2022-06-29 11:32:45,559 INFO  impl.RoleInfo (RoleInfo.java:shutdownFollowerState(110)) - s2: shutdown s2@group-54B4F2458EED-FollowerState
2022-06-29 11:32:45,559 INFO  server.RaftServer$Division (RaftServerImpl.java:setRole(299)) - s2@group-54B4F2458EED: changes role from  FOLLOWER to CANDIDATE at term 3 for changeToCandidate
2022-06-29 11:32:45,559 INFO  server.RaftServerConfigKeys (ConfUtils.java:logGet(46)) - raft.server.leaderelection.pre-vote = true (default)
2022-06-29 11:32:45,559 INFO  impl.RoleInfo (RoleInfo.java:updateAndGet(139)) - s2: start s2@group-54B4F2458EED-LeaderElection166
2022-06-29 11:32:45,561 INFO  impl.LeaderElection (LeaderElection.java:askForVotes(310)) - s2@group-54B4F2458EED-LeaderElection166 PRE_VOTE round 0: submit vote requests at term 3 for 28: [s0|rpc:localhost:46515|admin:localhost:40757|client:localhost:41939|dataStream:localhost:35593|priority:0, s1|rpc:localhost:34095|admin:localhost:43151|client:localhost:36051|dataStream:localhost:38995|priority:0, s2|rpc:localhost:40453|admin:localhost:33947|client:localhost:38503|dataStream:localhost:42009|priority:0], old=null
2022-06-29 11:32:45,565 INFO  server.RaftServer$Division (RaftServerImpl.java:requestVote(1152)) - s1@group-54B4F2458EED: receive requestVote(PRE_VOTE, s2, group-54B4F2458EED, 3, (t:3, i:31))
2022-06-29 11:32:45,565 WARN  server.GrpcServerProtocolService (LogUtils.java:warn(122)) - s1: Failed requestVote s2->s1#0: org.apache.ratis.protocol.exceptions.ServerNotReadyException: s1@group-54B4F2458EED is not in [RUNNING]: current state is CLOSED
2022-06-29 11:32:45,567 INFO  server.RaftServer$Division (RaftServerImpl.java:requestVote(1152)) - s0@group-54B4F2458EED: receive requestVote(PRE_VOTE, s2, group-54B4F2458EED, 3, (t:3, i:31))
2022-06-29 11:32:45,567 WARN  server.GrpcServerProtocolService (LogUtils.java:warn(122)) - s0: Failed requestVote s2->s0#0: org.apache.ratis.protocol.exceptions.ServerNotReadyException: s0@group-54B4F2458EED is not in [RUNNING]: current state is CLOSED
2022-06-29 11:32:45,567 INFO  impl.LeaderElection (LogUtils.java:infoOrTrace(137)) - s2@group-54B4F2458EED-LeaderElection166 got exception when requesting votes: java.util.concurrent.ExecutionException: org.apache.ratis.thirdparty.io.grpc.StatusRuntimeException: INTERNAL: s1@group-54B4F2458EED is not in [RUNNING]: current state is CLOSED
2022-06-29 11:32:45,567 INFO  impl.LeaderElection (LogUtils.java:infoOrTrace(137)) - s2@group-54B4F2458EED-LeaderElection166 got exception when requesting votes: java.util.concurrent.ExecutionException: org.apache.ratis.thirdparty.io.grpc.StatusRuntimeException: INTERNAL: s0@group-54B4F2458EED is not in [RUNNING]: current state is CLOSED
2022-06-29 11:32:45,567 INFO  impl.LeaderElection (LeaderElection.java:logAndReturn(90)) - s2@group-54B4F2458EED-LeaderElection166: PRE_VOTE REJECTED received 0 response(s) and 2 exception(s):
2022-06-29 11:32:45,568 INFO  impl.LeaderElection (LogUtils.java:infoOrTrace(137)) -   Exception 0: java.util.concurrent.ExecutionException: org.apache.ratis.thirdparty.io.grpc.StatusRuntimeException: INTERNAL: s1@group-54B4F2458EED is not in [RUNNING]: current state is CLOSED
2022-06-29 11:32:45,568 INFO  impl.LeaderElection (LogUtils.java:infoOrTrace(137)) -   Exception 1: java.util.concurrent.ExecutionException: org.apache.ratis.thirdparty.io.grpc.StatusRuntimeException: INTERNAL: s0@group-54B4F2458EED is not in [RUNNING]: current state is CLOSED
2022-06-29 11:32:45,568 INFO  impl.LeaderElection (LeaderElection.java:askForVotes(312)) - s2@group-54B4F2458EED-LeaderElection166 PRE_VOTE round 0: result REJECTED
2022-06-29 11:32:45,568 INFO  server.RaftServer$Division (RaftServerImpl.java:setRole(299)) - s2@group-54B4F2458EED: changes role from CANDIDATE to FOLLOWER at term 3 for REJECTED
2022-06-29 11:32:45,568 INFO  impl.RoleInfo (RoleInfo.java:shutdownLeaderElection(130)) - s2: shutdown s2@group-54B4F2458EED-LeaderElection166
2022-06-29 11:32:45,568 INFO  impl.RoleInfo (RoleInfo.java:updateAndGet(139)) - s2: start s2@group-54B4F2458EED-FollowerState
2022-06-29 11:32:45,826 INFO  impl.FollowerState (FollowerState.java:run(143)) - s2@group-54B4F2458EED-FollowerState: change to CANDIDATE, lastRpcElapsedTime:258576518ns, electionTimeout:257ms
2022-06-29 11:32:45,826 INFO  impl.RoleInfo (RoleInfo.java:shutdownFollowerState(110)) - s2: shutdown s2@group-54B4F2458EED-FollowerState
2022-06-29 11:32:45,826 INFO  server.RaftServer$Division (RaftServerImpl.java:setRole(299)) - s2@group-54B4F2458EED: changes role from  FOLLOWER to CANDIDATE at term 3 for changeToCandidate
2022-06-29 11:32:45,827 INFO  server.RaftServerConfigKeys (ConfUtils.java:logGet(46)) - raft.server.leaderelection.pre-vote = true (default)
2022-06-29 11:32:45,827 INFO  impl.RoleInfo (RoleInfo.java:updateAndGet(139)) - s2: start s2@group-54B4F2458EED-LeaderElection167
2022-06-29 11:32:45,831 INFO  impl.LeaderElection (LeaderElection.java:askForVotes(310)) - s2@group-54B4F2458EED-LeaderElection167 PRE_VOTE round 0: submit vote requests at term 3 for 28: [s0|rpc:localhost:46515|admin:localhost:40757|client:localhost:41939|dataStream:localhost:35593|priority:0, s1|rpc:localhost:34095|admin:localhost:43151|client:localhost:36051|dataStream:localhost:38995|priority:0, s2|rpc:localhost:40453|admin:localhost:33947|client:localhost:38503|dataStream:localhost:42009|priority:0], old=null
2022-06-29 11:32:45,837 INFO  server.RaftServer$Division (RaftServerImpl.java:requestVote(1152)) - s0@group-54B4F2458EED: receive requestVote(PRE_VOTE, s2, group-54B4F2458EED, 3, (t:3, i:31))
2022-06-29 11:32:45,837 WARN  server.GrpcServerProtocolService (LogUtils.java:warn(122)) - s0: Failed requestVote s2->s0#0: org.apache.ratis.protocol.exceptions.ServerNotReadyException: s0@group-54B4F2458EED is not in [RUNNING]: current state is CLOSED
2022-06-29 11:32:45,839 INFO  impl.LeaderElection (LogUtils.java:infoOrTrace(137)) - s2@group-54B4F2458EED-LeaderElection167 got exception when requesting votes: java.util.concurrent.ExecutionException: org.apache.ratis.thirdparty.io.grpc.StatusRuntimeException: INTERNAL: s0@group-54B4F2458EED is not in [RUNNING]: current state is CLOSED
2022-06-29 11:32:45,840 INFO  server.RaftServer$Division (RaftServerImpl.java:requestVote(1152)) - s1@group-54B4F2458EED: receive requestVote(PRE_VOTE, s2, group-54B4F2458EED, 3, (t:3, i:31))
2022-06-29 11:32:45,840 WARN  server.GrpcServerProtocolService (LogUtils.java:warn(122)) - s1: Failed requestVote s2->s1#0: org.apache.ratis.protocol.exceptions.ServerNotReadyException: s1@group-54B4F2458EED is not in [RUNNING]: current state is CLOSED
2022-06-29 11:32:45,844 INFO  impl.LeaderElection (LogUtils.java:infoOrTrace(137)) - s2@group-54B4F2458EED-LeaderElection167 got exception when requesting votes: java.util.concurrent.ExecutionException: org.apache.ratis.thirdparty.io.grpc.StatusRuntimeException: INTERNAL: s1@group-54B4F2458EED is not in [RUNNING]: current state is CLOSED
2022-06-29 11:32:45,844 INFO  impl.LeaderElection (LeaderElection.java:logAndReturn(90)) - s2@group-54B4F2458EED-LeaderElection167: PRE_VOTE REJECTED received 0 response(s) and 2 exception(s):
2022-06-29 11:32:45,844 INFO  impl.LeaderElection (LogUtils.java:infoOrTrace(137)) -   Exception 0: java.util.concurrent.ExecutionException: org.apache.ratis.thirdparty.io.grpc.StatusRuntimeException: INTERNAL: s0@group-54B4F2458EED is not in [RUNNING]: current state is CLOSED
2022-06-29 11:32:45,844 INFO  impl.LeaderElection (LogUtils.java:infoOrTrace(137)) -   Exception 1: java.util.concurrent.ExecutionException: org.apache.ratis.thirdparty.io.grpc.StatusRuntimeException: INTERNAL: s1@group-54B4F2458EED is not in [RUNNING]: current state is CLOSED
2022-06-29 11:32:45,844 INFO  impl.LeaderElection (LeaderElection.java:askForVotes(312)) - s2@group-54B4F2458EED-LeaderElection167 PRE_VOTE round 0: result REJECTED
2022-06-29 11:32:45,844 INFO  server.RaftServer$Division (RaftServerImpl.java:setRole(299)) - s2@group-54B4F2458EED: changes role from CANDIDATE to FOLLOWER at term 3 for REJECTED
2022-06-29 11:32:45,844 INFO  impl.RoleInfo (RoleInfo.java:shutdownLeaderElection(130)) - s2: shutdown s2@group-54B4F2458EED-LeaderElection167
2022-06-29 11:32:45,844 INFO  impl.RoleInfo (RoleInfo.java:updateAndGet(139)) - s2: start s2@group-54B4F2458EED-FollowerState
2022-06-29 11:32:46,079 INFO  impl.FollowerState (FollowerState.java:run(143)) - s2@group-54B4F2458EED-FollowerState: change to CANDIDATE, lastRpcElapsedTime:234534288ns, electionTimeout:231ms
2022-06-29 11:32:46,079 INFO  impl.RoleInfo (RoleInfo.java:shutdownFollowerState(110)) - s2: shutdown s2@group-54B4F2458EED-FollowerState
2022-06-29 11:32:46,079 INFO  server.RaftServer$Division (RaftServerImpl.java:setRole(299)) - s2@group-54B4F2458EED: changes role from  FOLLOWER to CANDIDATE at term 3 for changeToCandidate
2022-06-29 11:32:46,085 INFO  server.RaftServerConfigKeys (ConfUtils.java:logGet(46)) - raft.server.leaderelection.pre-vote = true (default)
2022-06-29 11:32:46,085 INFO  impl.RoleInfo (RoleInfo.java:updateAndGet(139)) - s2: start s2@group-54B4F2458EED-LeaderElection168
2022-06-29 11:32:46,087 INFO  impl.LeaderElection (LeaderElection.java:askForVotes(310)) - s2@group-54B4F2458EED-LeaderElection168 PRE_VOTE round 0: submit vote requests at term 3 for 28: [s0|rpc:localhost:46515|admin:localhost:40757|client:localhost:41939|dataStream:localhost:35593|priority:0, s1|rpc:localhost:34095|admin:localhost:43151|client:localhost:36051|dataStream:localhost:38995|priority:0, s2|rpc:localhost:40453|admin:localhost:33947|client:localhost:38503|dataStream:localhost:42009|priority:0], old=null
2022-06-29 11:32:46,094 INFO  server.RaftServer$Division (RaftServerImpl.java:requestVote(1152)) - s0@group-54B4F2458EED: receive requestVote(PRE_VOTE, s2, group-54B4F2458EED, 3, (t:3, i:31))
2022-06-29 11:32:46,094 WARN  server.GrpcServerProtocolService (LogUtils.java:warn(122)) - s0: Failed requestVote s2->s0#0: org.apache.ratis.protocol.exceptions.ServerNotReadyException: s0@group-54B4F2458EED is not in [RUNNING]: current state is CLOSED
2022-06-29 11:32:46,095 INFO  server.RaftServer$Division (RaftServerImpl.java:requestVote(1152)) - s1@group-54B4F2458EED: receive requestVote(PRE_VOTE, s2, group-54B4F2458EED, 3, (t:3, i:31))
2022-06-29 11:32:46,095 WARN  server.GrpcServerProtocolService (LogUtils.java:warn(122)) - s1: Failed requestVote s2->s1#0: org.apache.ratis.protocol.exceptions.ServerNotReadyException: s1@group-54B4F2458EED is not in [RUNNING]: current state is CLOSED
2022-06-29 11:32:46,097 INFO  impl.LeaderElection (LogUtils.java:infoOrTrace(137)) - s2@group-54B4F2458EED-LeaderElection168 got exception when requesting votes: java.util.concurrent.ExecutionException: org.apache.ratis.thirdparty.io.grpc.StatusRuntimeException: INTERNAL: s0@group-54B4F2458EED is not in [RUNNING]: current state is CLOSED
2022-06-29 11:32:46,097 INFO  impl.LeaderElection (LogUtils.java:infoOrTrace(137)) - s2@group-54B4F2458EED-LeaderElection168 got exception when requesting votes: java.util.concurrent.ExecutionException: org.apache.ratis.thirdparty.io.grpc.StatusRuntimeException: INTERNAL: s1@group-54B4F2458EED is not in [RUNNING]: current state is CLOSED
2022-06-29 11:32:46,097 INFO  impl.LeaderElection (LeaderElection.java:logAndReturn(90)) - s2@group-54B4F2458EED-LeaderElection168: PRE_VOTE REJECTED received 0 response(s) and 2 exception(s):
2022-06-29 11:32:46,097 INFO  impl.LeaderElection (LogUtils.java:infoOrTrace(137)) -   Exception 0: java.util.concurrent.ExecutionException: org.apache.ratis.thirdparty.io.grpc.StatusRuntimeException: INTERNAL: s0@group-54B4F2458EED is not in [RUNNING]: current state is CLOSED
2022-06-29 11:32:46,097 INFO  impl.LeaderElection (LogUtils.java:infoOrTrace(137)) -   Exception 1: java.util.concurrent.ExecutionException: org.apache.ratis.thirdparty.io.grpc.StatusRuntimeException: INTERNAL: s1@group-54B4F2458EED is not in [RUNNING]: current state is CLOSED
2022-06-29 11:32:46,097 INFO  impl.LeaderElection (LeaderElection.java:askForVotes(312)) - s2@group-54B4F2458EED-LeaderElection168 PRE_VOTE round 0: result REJECTED
2022-06-29 11:32:46,098 INFO  server.RaftServer$Division (RaftServerImpl.java:setRole(299)) - s2@group-54B4F2458EED: changes role from CANDIDATE to FOLLOWER at term 3 for REJECTED
2022-06-29 11:32:46,098 INFO  impl.RoleInfo (RoleInfo.java:shutdownLeaderElection(130)) - s2: shutdown s2@group-54B4F2458EED-LeaderElection168
2022-06-29 11:32:46,098 INFO  impl.RoleInfo (RoleInfo.java:updateAndGet(139)) - s2: start s2@group-54B4F2458EED-FollowerState
2022-06-29 11:32:46,363 INFO  impl.FollowerState (FollowerState.java:run(143)) - s2@group-54B4F2458EED-FollowerState: change to CANDIDATE, lastRpcElapsedTime:265813106ns, electionTimeout:263ms
2022-06-29 11:32:46,364 INFO  impl.RoleInfo (RoleInfo.java:shutdownFollowerState(110)) - s2: shutdown s2@group-54B4F2458EED-FollowerState
2022-06-29 11:32:46,364 INFO  server.RaftServer$Division (RaftServerImpl.java:setRole(299)) - s2@group-54B4F2458EED: changes role from  FOLLOWER to CANDIDATE at term 3 for changeToCandidate
2022-06-29 11:32:46,364 INFO  server.RaftServerConfigKeys (ConfUtils.java:logGet(46)) - raft.server.leaderelection.pre-vote = true (default)
2022-06-29 11:32:46,364 INFO  impl.RoleInfo (RoleInfo.java:updateAndGet(139)) - s2: start s2@group-54B4F2458EED-LeaderElection169
2022-06-29 11:32:46,366 INFO  impl.LeaderElection (LeaderElection.java:askForVotes(310)) - s2@group-54B4F2458EED-LeaderElection169 PRE_VOTE round 0: submit vote requests at term 3 for 28: [s0|rpc:localhost:46515|admin:localhost:40757|client:localhost:41939|dataStream:localhost:35593|priority:0, s1|rpc:localhost:34095|admin:localhost:43151|client:localhost:36051|dataStream:localhost:38995|priority:0, s2|rpc:localhost:40453|admin:localhost:33947|client:localhost:38503|dataStream:localhost:42009|priority:0], old=null
2022-06-29 11:32:46,369 INFO  server.RaftServer$Division (RaftServerImpl.java:requestVote(1152)) - s0@group-54B4F2458EED: receive requestVote(PRE_VOTE, s2, group-54B4F2458EED, 3, (t:3, i:31))
2022-06-29 11:32:46,369 WARN  server.GrpcServerProtocolService (LogUtils.java:warn(122)) - s0: Failed requestVote s2->s0#0: org.apache.ratis.protocol.exceptions.ServerNotReadyException: s0@group-54B4F2458EED is not in [RUNNING]: current state is CLOSED
2022-06-29 11:32:46,371 INFO  server.RaftServer$Division (RaftServerImpl.java:requestVote(1152)) - s1@group-54B4F2458EED: receive requestVote(PRE_VOTE, s2, group-54B4F2458EED, 3, (t:3, i:31))
2022-06-29 11:32:46,371 WARN  server.GrpcServerProtocolService (LogUtils.java:warn(122)) - s1: Failed requestVote s2->s1#0: org.apache.ratis.protocol.exceptions.ServerNotReadyException: s1@group-54B4F2458EED is not in [RUNNING]: current state is CLOSED
2022-06-29 11:32:46,371 INFO  impl.LeaderElection (LogUtils.java:infoOrTrace(137)) - s2@group-54B4F2458EED-LeaderElection169 got exception when requesting votes: java.util.concurrent.ExecutionException: org.apache.ratis.thirdparty.io.grpc.StatusRuntimeException: INTERNAL: s0@group-54B4F2458EED is not in [RUNNING]: current state is CLOSED
2022-06-29 11:32:46,372 INFO  impl.LeaderElection (LogUtils.java:infoOrTrace(137)) - s2@group-54B4F2458EED-LeaderElection169 got exception when requesting votes: java.util.concurrent.ExecutionException: org.apache.ratis.thirdparty.io.grpc.StatusRuntimeException: INTERNAL: s1@group-54B4F2458EED is not in [RUNNING]: current state is CLOSED
2022-06-29 11:32:46,372 INFO  impl.LeaderElection (LeaderElection.java:logAndReturn(90)) - s2@group-54B4F2458EED-LeaderElection169: PRE_VOTE REJECTED received 0 response(s) and 2 exception(s):
2022-06-29 11:32:46,372 INFO  impl.LeaderElection (LogUtils.java:infoOrTrace(137)) -   Exception 0: java.util.concurrent.ExecutionException: org.apache.ratis.thirdparty.io.grpc.StatusRuntimeException: INTERNAL: s0@group-54B4F2458EED is not in [RUNNING]: current state is CLOSED
2022-06-29 11:32:46,372 INFO  impl.LeaderElection (LogUtils.java:infoOrTrace(137)) -   Exception 1: java.util.concurrent.ExecutionException: org.apache.ratis.thirdparty.io.grpc.StatusRuntimeException: INTERNAL: s1@group-54B4F2458EED is not in [RUNNING]: current state is CLOSED
2022-06-29 11:32:46,373 INFO  impl.LeaderElection (LeaderElection.java:askForVotes(312)) - s2@group-54B4F2458EED-LeaderElection169 PRE_VOTE round 0: result REJECTED
2022-06-29 11:32:46,373 INFO  server.RaftServer$Division (RaftServerImpl.java:setRole(299)) - s2@group-54B4F2458EED: changes role from CANDIDATE to FOLLOWER at term 3 for REJECTED
2022-06-29 11:32:46,373 INFO  impl.RoleInfo (RoleInfo.java:shutdownLeaderElection(130)) - s2: shutdown s2@group-54B4F2458EED-LeaderElection169
2022-06-29 11:32:46,373 INFO  impl.RoleInfo (RoleInfo.java:updateAndGet(139)) - s2: start s2@group-54B4F2458EED-FollowerState
2022-06-29 11:32:46,571 INFO  impl.FollowerState (FollowerState.java:run(143)) - s2@group-54B4F2458EED-FollowerState: change to CANDIDATE, lastRpcElapsedTime:197349477ns, electionTimeout:168ms
2022-06-29 11:32:46,571 INFO  impl.RoleInfo (RoleInfo.java:shutdownFollowerState(110)) - s2: shutdown s2@group-54B4F2458EED-FollowerState
2022-06-29 11:32:46,571 INFO  server.RaftServer$Division (RaftServerImpl.java:setRole(299)) - s2@group-54B4F2458EED: changes role from  FOLLOWER to CANDIDATE at term 3 for changeToCandidate
2022-06-29 11:32:46,571 INFO  server.RaftServerConfigKeys (ConfUtils.java:logGet(46)) - raft.server.leaderelection.pre-vote = true (default)
2022-06-29 11:32:46,571 INFO  impl.RoleInfo (RoleInfo.java:updateAndGet(139)) - s2: start s2@group-54B4F2458EED-LeaderElection170
2022-06-29 11:32:46,575 INFO  impl.LeaderElection (LeaderElection.java:askForVotes(310)) - s2@group-54B4F2458EED-LeaderElection170 PRE_VOTE round 0: submit vote requests at term 3 for 28: [s0|rpc:localhost:46515|admin:localhost:40757|client:localhost:41939|dataStream:localhost:35593|priority:0, s1|rpc:localhost:34095|admin:localhost:43151|client:localhost:36051|dataStream:localhost:38995|priority:0, s2|rpc:localhost:40453|admin:localhost:33947|client:localhost:38503|dataStream:localhost:42009|priority:0], old=null
2022-06-29 11:32:46,578 INFO  server.RaftServer$Division (RaftServerImpl.java:requestVote(1152)) - s0@group-54B4F2458EED: receive requestVote(PRE_VOTE, s2, group-54B4F2458EED, 3, (t:3, i:31))
2022-06-29 11:32:46,578 WARN  server.GrpcServerProtocolService (LogUtils.java:warn(122)) - s0: Failed requestVote s2->s0#0: org.apache.ratis.protocol.exceptions.ServerNotReadyException: s0@group-54B4F2458EED is not in [RUNNING]: current state is CLOSED
2022-06-29 11:32:46,579 INFO  server.RaftServer$Division (RaftServerImpl.java:requestVote(1152)) - s1@group-54B4F2458EED: receive requestVote(PRE_VOTE, s2, group-54B4F2458EED, 3, (t:3, i:31))
2022-06-29 11:32:46,579 WARN  server.GrpcServerProtocolService (LogUtils.java:warn(122)) - s1: Failed requestVote s2->s1#0: org.apache.ratis.protocol.exceptions.ServerNotReadyException: s1@group-54B4F2458EED is not in [RUNNING]: current state is CLOSED
2022-06-29 11:32:46,580 INFO  impl.LeaderElection (LogUtils.java:infoOrTrace(137)) - s2@group-54B4F2458EED-LeaderElection170 got exception when requesting votes: java.util.concurrent.ExecutionException: org.apache.ratis.thirdparty.io.grpc.StatusRuntimeException: INTERNAL: s0@group-54B4F2458EED is not in [RUNNING]: current state is CLOSED
2022-06-29 11:32:46,580 INFO  impl.LeaderElection (LogUtils.java:infoOrTrace(137)) - s2@group-54B4F2458EED-LeaderElection170 got exception when requesting votes: java.util.concurrent.ExecutionException: org.apache.ratis.thirdparty.io.grpc.StatusRuntimeException: INTERNAL: s1@group-54B4F2458EED is not in [RUNNING]: current state is CLOSED
2022-06-29 11:32:46,580 INFO  impl.LeaderElection (LeaderElection.java:logAndReturn(90)) - s2@group-54B4F2458EED-LeaderElection170: PRE_VOTE REJECTED received 0 response(s) and 2 exception(s):
2022-06-29 11:32:46,580 INFO  impl.LeaderElection (LogUtils.java:infoOrTrace(137)) -   Exception 0: java.util.concurrent.ExecutionException: org.apache.ratis.thirdparty.io.grpc.StatusRuntimeException: INTERNAL: s0@group-54B4F2458EED is not in [RUNNING]: current state is CLOSED
2022-06-29 11:32:46,580 INFO  impl.LeaderElection (LogUtils.java:infoOrTrace(137)) -   Exception 1: java.util.concurrent.ExecutionException: org.apache.ratis.thirdparty.io.grpc.StatusRuntimeException: INTERNAL: s1@group-54B4F2458EED is not in [RUNNING]: current state is CLOSED
2022-06-29 11:32:46,581 INFO  impl.LeaderElection (LeaderElection.java:askForVotes(312)) - s2@group-54B4F2458EED-LeaderElection170 PRE_VOTE round 0: result REJECTED
2022-06-29 11:32:46,581 INFO  server.RaftServer$Division (RaftServerImpl.java:setRole(299)) - s2@group-54B4F2458EED: changes role from CANDIDATE to FOLLOWER at term 3 for REJECTED
2022-06-29 11:32:46,581 INFO  impl.RoleInfo (RoleInfo.java:shutdownLeaderElection(130)) - s2: shutdown s2@group-54B4F2458EED-LeaderElection170
2022-06-29 11:32:46,581 INFO  impl.RoleInfo (RoleInfo.java:updateAndGet(139)) - s2: start s2@group-54B4F2458EED-FollowerState
2022-06-29 11:32:46,840 INFO  impl.FollowerState (FollowerState.java:run(143)) - s2@group-54B4F2458EED-FollowerState: change to CANDIDATE, lastRpcElapsedTime:258840911ns, electionTimeout:257ms
2022-06-29 11:32:46,840 INFO  impl.RoleInfo (RoleInfo.java:shutdownFollowerState(110)) - s2: shutdown s2@group-54B4F2458EED-FollowerState
2022-06-29 11:32:46,840 INFO  server.RaftServer$Division (RaftServerImpl.java:setRole(299)) - s2@group-54B4F2458EED: changes role from  FOLLOWER to CANDIDATE at term 3 for changeToCandidate
2022-06-29 11:32:46,841 INFO  server.RaftServerConfigKeys (ConfUtils.java:logGet(46)) - raft.server.leaderelection.pre-vote = true (default)
2022-06-29 11:32:46,841 INFO  impl.RoleInfo (RoleInfo.java:updateAndGet(139)) - s2: start s2@group-54B4F2458EED-LeaderElection171
2022-06-29 11:32:46,843 INFO  impl.LeaderElection (LeaderElection.java:askForVotes(310)) - s2@group-54B4F2458EED-LeaderElection171 PRE_VOTE round 0: submit vote requests at term 3 for 28: [s0|rpc:localhost:46515|admin:localhost:40757|client:localhost:41939|dataStream:localhost:35593|priority:0, s1|rpc:localhost:34095|admin:localhost:43151|client:localhost:36051|dataStream:localhost:38995|priority:0, s2|rpc:localhost:40453|admin:localhost:33947|client:localhost:38503|dataStream:localhost:42009|priority:0], old=null
2022-06-29 11:32:46,848 INFO  server.RaftServer$Division (RaftServerImpl.java:requestVote(1152)) - s0@group-54B4F2458EED: receive requestVote(PRE_VOTE, s2, group-54B4F2458EED, 3, (t:3, i:31))
2022-06-29 11:32:46,849 WARN  server.GrpcServerProtocolService (LogUtils.java:warn(122)) - s0: Failed requestVote s2->s0#0: org.apache.ratis.protocol.exceptions.ServerNotReadyException: s0@group-54B4F2458EED is not in [RUNNING]: current state is CLOSED
2022-06-29 11:32:46,849 INFO  server.RaftServer$Division (RaftServerImpl.java:requestVote(1152)) - s1@group-54B4F2458EED: receive requestVote(PRE_VOTE, s2, group-54B4F2458EED, 3, (t:3, i:31))
2022-06-29 11:32:46,850 WARN  server.GrpcServerProtocolService (LogUtils.java:warn(122)) - s1: Failed requestVote s2->s1#0: org.apache.ratis.protocol.exceptions.ServerNotReadyException: s1@group-54B4F2458EED is not in [RUNNING]: current state is CLOSED
2022-06-29 11:32:46,853 INFO  impl.LeaderElection (LogUtils.java:infoOrTrace(137)) - s2@group-54B4F2458EED-LeaderElection171 got exception when requesting votes: java.util.concurrent.ExecutionException: org.apache.ratis.thirdparty.io.grpc.StatusRuntimeException: INTERNAL: s1@group-54B4F2458EED is not in [RUNNING]: current state is CLOSED
2022-06-29 11:32:46,853 INFO  impl.LeaderElection (LogUtils.java:infoOrTrace(137)) - s2@group-54B4F2458EED-LeaderElection171 got exception when requesting votes: java.util.concurrent.ExecutionException: org.apache.ratis.thirdparty.io.grpc.StatusRuntimeException: INTERNAL: s0@group-54B4F2458EED is not in [RUNNING]: current state is CLOSED
2022-06-29 11:32:46,853 INFO  impl.LeaderElection (LeaderElection.java:logAndReturn(90)) - s2@group-54B4F2458EED-LeaderElection171: PRE_VOTE REJECTED received 0 response(s) and 2 exception(s):
2022-06-29 11:32:46,853 INFO  impl.LeaderElection (LogUtils.java:infoOrTrace(137)) -   Exception 0: java.util.concurrent.ExecutionException: org.apache.ratis.thirdparty.io.grpc.StatusRuntimeException: INTERNAL: s1@group-54B4F2458EED is not in [RUNNING]: current state is CLOSED
2022-06-29 11:32:46,853 INFO  impl.LeaderElection (LogUtils.java:infoOrTrace(137)) -   Exception 1: java.util.concurrent.ExecutionException: org.apache.ratis.thirdparty.io.grpc.StatusRuntimeException: INTERNAL: s0@group-54B4F2458EED is not in [RUNNING]: current state is CLOSED
2022-06-29 11:32:46,853 INFO  impl.LeaderElection (LeaderElection.java:askForVotes(312)) - s2@group-54B4F2458EED-LeaderElection171 PRE_VOTE round 0: result REJECTED
2022-06-29 11:32:46,853 INFO  server.RaftServer$Division (RaftServerImpl.java:setRole(299)) - s2@group-54B4F2458EED: changes role from CANDIDATE to FOLLOWER at term 3 for REJECTED
2022-06-29 11:32:46,853 INFO  impl.RoleInfo (RoleInfo.java:shutdownLeaderElection(130)) - s2: shutdown s2@group-54B4F2458EED-LeaderElection171
2022-06-29 11:32:46,853 INFO  impl.RoleInfo (RoleInfo.java:updateAndGet(139)) - s2: start s2@group-54B4F2458EED-FollowerState
2022-06-29 11:32:47,015 INFO  impl.FollowerState (FollowerState.java:run(143)) - s2@group-54B4F2458EED-FollowerState: change to CANDIDATE, lastRpcElapsedTime:162037198ns, electionTimeout:161ms
2022-06-29 11:32:47,015 INFO  impl.RoleInfo (RoleInfo.java:shutdownFollowerState(110)) - s2: shutdown s2@group-54B4F2458EED-FollowerState
2022-06-29 11:32:47,015 INFO  server.RaftServer$Division (RaftServerImpl.java:setRole(299)) - s2@group-54B4F2458EED: changes role from  FOLLOWER to CANDIDATE at term 3 for changeToCandidate
2022-06-29 11:32:47,017 INFO  server.RaftServerConfigKeys (ConfUtils.java:logGet(46)) - raft.server.leaderelection.pre-vote = true (default)
2022-06-29 11:32:47,017 INFO  impl.RoleInfo (RoleInfo.java:updateAndGet(139)) - s2: start s2@group-54B4F2458EED-LeaderElection172
2022-06-29 11:32:47,017 INFO  impl.LeaderElection (LeaderElection.java:askForVotes(310)) - s2@group-54B4F2458EED-LeaderElection172 PRE_VOTE round 0: submit vote requests at term 3 for 28: [s0|rpc:localhost:46515|admin:localhost:40757|client:localhost:41939|dataStream:localhost:35593|priority:0, s1|rpc:localhost:34095|admin:localhost:43151|client:localhost:36051|dataStream:localhost:38995|priority:0, s2|rpc:localhost:40453|admin:localhost:33947|client:localhost:38503|dataStream:localhost:42009|priority:0], old=null
2022-06-29 11:32:47,018 INFO  server.RaftServer$Division (RaftServerImpl.java:requestVote(1152)) - s0@group-54B4F2458EED: receive requestVote(PRE_VOTE, s2, group-54B4F2458EED, 3, (t:3, i:31))
2022-06-29 11:32:47,019 WARN  server.GrpcServerProtocolService (LogUtils.java:warn(122)) - s0: Failed requestVote s2->s0#0: org.apache.ratis.protocol.exceptions.ServerNotReadyException: s0@group-54B4F2458EED is not in [RUNNING]: current state is CLOSED
2022-06-29 11:32:47,020 INFO  server.RaftServer$Division (RaftServerImpl.java:requestVote(1152)) - s1@group-54B4F2458EED: receive requestVote(PRE_VOTE, s2, group-54B4F2458EED, 3, (t:3, i:31))
2022-06-29 11:32:47,020 WARN  server.GrpcServerProtocolService (LogUtils.java:warn(122)) - s1: Failed requestVote s2->s1#0: org.apache.ratis.protocol.exceptions.ServerNotReadyException: s1@group-54B4F2458EED is not in [RUNNING]: current state is CLOSED
2022-06-29 11:32:47,020 INFO  impl.LeaderElection (LogUtils.java:infoOrTrace(137)) - s2@group-54B4F2458EED-LeaderElection172 got exception when requesting votes: java.util.concurrent.ExecutionException: org.apache.ratis.thirdparty.io.grpc.StatusRuntimeException: INTERNAL: s0@group-54B4F2458EED is not in [RUNNING]: current state is CLOSED
2022-06-29 11:32:47,021 INFO  impl.LeaderElection (LogUtils.java:infoOrTrace(137)) - s2@group-54B4F2458EED-LeaderElection172 got exception when requesting votes: java.util.concurrent.ExecutionException: org.apache.ratis.thirdparty.io.grpc.StatusRuntimeException: INTERNAL: s1@group-54B4F2458EED is not in [RUNNING]: current state is CLOSED
2022-06-29 11:32:47,021 INFO  impl.LeaderElection (LeaderElection.java:logAndReturn(90)) - s2@group-54B4F2458EED-LeaderElection172: PRE_VOTE REJECTED received 0 response(s) and 2 exception(s):
2022-06-29 11:32:47,021 INFO  impl.LeaderElection (LogUtils.java:infoOrTrace(137)) -   Exception 0: java.util.concurrent.ExecutionException: org.apache.ratis.thirdparty.io.grpc.StatusRuntimeException: INTERNAL: s0@group-54B4F2458EED is not in [RUNNING]: current state is CLOSED
2022-06-29 11:32:47,021 INFO  impl.LeaderElection (LogUtils.java:infoOrTrace(137)) -   Exception 1: java.util.concurrent.ExecutionException: org.apache.ratis.thirdparty.io.grpc.StatusRuntimeException: INTERNAL: s1@group-54B4F2458EED is not in [RUNNING]: current state is CLOSED
2022-06-29 11:32:47,021 INFO  impl.LeaderElection (LeaderElection.java:askForVotes(312)) - s2@group-54B4F2458EED-LeaderElection172 PRE_VOTE round 0: result REJECTED
2022-06-29 11:32:47,021 INFO  server.RaftServer$Division (RaftServerImpl.java:setRole(299)) - s2@group-54B4F2458EED: changes role from CANDIDATE to FOLLOWER at term 3 for REJECTED
2022-06-29 11:32:47,021 INFO  impl.RoleInfo (RoleInfo.java:shutdownLeaderElection(130)) - s2: shutdown s2@group-54B4F2458EED-LeaderElection172
2022-06-29 11:32:47,021 INFO  impl.RoleInfo (RoleInfo.java:updateAndGet(139)) - s2: start s2@group-54B4F2458EED-FollowerState
2022-06-29 11:32:47,194 INFO  impl.FollowerState (FollowerState.java:run(143)) - s2@group-54B4F2458EED-FollowerState: change to CANDIDATE, lastRpcElapsedTime:172731936ns, electionTimeout:168ms
2022-06-29 11:32:47,194 INFO  impl.RoleInfo (RoleInfo.java:shutdownFollowerState(110)) - s2: shutdown s2@group-54B4F2458EED-FollowerState
2022-06-29 11:32:47,194 INFO  server.RaftServer$Division (RaftServerImpl.java:setRole(299)) - s2@group-54B4F2458EED: changes role from  FOLLOWER to CANDIDATE at term 3 for changeToCandidate
2022-06-29 11:32:47,194 INFO  server.RaftServerConfigKeys (ConfUtils.java:logGet(46)) - raft.server.leaderelection.pre-vote = true (default)
2022-06-29 11:32:47,194 INFO  impl.RoleInfo (RoleInfo.java:updateAndGet(139)) - s2: start s2@group-54B4F2458EED-LeaderElection173
2022-06-29 11:32:47,200 INFO  impl.LeaderElection (LeaderElection.java:askForVotes(310)) - s2@group-54B4F2458EED-LeaderElection173 PRE_VOTE round 0: submit vote requests at term 3 for 28: [s0|rpc:localhost:46515|admin:localhost:40757|client:localhost:41939|dataStream:localhost:35593|priority:0, s1|rpc:localhost:34095|admin:localhost:43151|client:localhost:36051|dataStream:localhost:38995|priority:0, s2|rpc:localhost:40453|admin:localhost:33947|client:localhost:38503|dataStream:localhost:42009|priority:0], old=null
2022-06-29 11:32:47,206 INFO  server.RaftServer$Division (RaftServerImpl.java:requestVote(1152)) - s0@group-54B4F2458EED: receive requestVote(PRE_VOTE, s2, group-54B4F2458EED, 3, (t:3, i:31))
2022-06-29 11:32:47,206 WARN  server.GrpcServerProtocolService (LogUtils.java:warn(122)) - s0: Failed requestVote s2->s0#0: org.apache.ratis.protocol.exceptions.ServerNotReadyException: s0@group-54B4F2458EED is not in [RUNNING]: current state is CLOSED
2022-06-29 11:32:47,206 INFO  impl.LeaderElection (LogUtils.java:infoOrTrace(137)) - s2@group-54B4F2458EED-LeaderElection173 got exception when requesting votes: java.util.concurrent.ExecutionException: org.apache.ratis.thirdparty.io.grpc.StatusRuntimeException: INTERNAL: s0@group-54B4F2458EED is not in [RUNNING]: current state is CLOSED
2022-06-29 11:32:47,207 INFO  server.RaftServer$Division (RaftServerImpl.java:requestVote(1152)) - s1@group-54B4F2458EED: receive requestVote(PRE_VOTE, s2, group-54B4F2458EED, 3, (t:3, i:31))
2022-06-29 11:32:47,207 WARN  server.GrpcServerProtocolService (LogUtils.java:warn(122)) - s1: Failed requestVote s2->s1#0: org.apache.ratis.protocol.exceptions.ServerNotReadyException: s1@group-54B4F2458EED is not in [RUNNING]: current state is CLOSED
2022-06-29 11:32:47,208 INFO  impl.LeaderElection (LogUtils.java:infoOrTrace(137)) - s2@group-54B4F2458EED-LeaderElection173 got exception when requesting votes: java.util.concurrent.ExecutionException: org.apache.ratis.thirdparty.io.grpc.StatusRuntimeException: INTERNAL: s1@group-54B4F2458EED is not in [RUNNING]: current state is CLOSED
2022-06-29 11:32:47,208 INFO  impl.LeaderElection (LeaderElection.java:logAndReturn(90)) - s2@group-54B4F2458EED-LeaderElection173: PRE_VOTE REJECTED received 0 response(s) and 2 exception(s):
2022-06-29 11:32:47,208 INFO  impl.LeaderElection (LogUtils.java:infoOrTrace(137)) -   Exception 0: java.util.concurrent.ExecutionException: org.apache.ratis.thirdparty.io.grpc.StatusRuntimeException: INTERNAL: s0@group-54B4F2458EED is not in [RUNNING]: current state is CLOSED
2022-06-29 11:32:47,208 INFO  impl.LeaderElection (LogUtils.java:infoOrTrace(137)) -   Exception 1: java.util.concurrent.ExecutionException: org.apache.ratis.thirdparty.io.grpc.StatusRuntimeException: INTERNAL: s1@group-54B4F2458EED is not in [RUNNING]: current state is CLOSED
2022-06-29 11:32:47,210 INFO  impl.LeaderElection (LeaderElection.java:askForVotes(312)) - s2@group-54B4F2458EED-LeaderElection173 PRE_VOTE round 0: result REJECTED
2022-06-29 11:32:47,210 INFO  server.RaftServer$Division (RaftServerImpl.java:setRole(299)) - s2@group-54B4F2458EED: changes role from CANDIDATE to FOLLOWER at term 3 for REJECTED
2022-06-29 11:32:47,210 INFO  impl.RoleInfo (RoleInfo.java:shutdownLeaderElection(130)) - s2: shutdown s2@group-54B4F2458EED-LeaderElection173
2022-06-29 11:32:47,210 INFO  impl.RoleInfo (RoleInfo.java:updateAndGet(139)) - s2: start s2@group-54B4F2458EED-FollowerState
2022-06-29 11:32:47,389 INFO  impl.FollowerState (FollowerState.java:run(143)) - s2@group-54B4F2458EED-FollowerState: change to CANDIDATE, lastRpcElapsedTime:178933820ns, electionTimeout:177ms
2022-06-29 11:32:47,389 INFO  impl.RoleInfo (RoleInfo.java:shutdownFollowerState(110)) - s2: shutdown s2@group-54B4F2458EED-FollowerState
2022-06-29 11:32:47,389 INFO  server.RaftServer$Division (RaftServerImpl.java:setRole(299)) - s2@group-54B4F2458EED: changes role from  FOLLOWER to CANDIDATE at term 3 for changeToCandidate
2022-06-29 11:32:47,393 INFO  server.RaftServerConfigKeys (ConfUtils.java:logGet(46)) - raft.server.leaderelection.pre-vote = true (default)
2022-06-29 11:32:47,394 INFO  impl.RoleInfo (RoleInfo.java:updateAndGet(139)) - s2: start s2@group-54B4F2458EED-LeaderElection174
2022-06-29 11:32:47,400 INFO  impl.LeaderElection (LeaderElection.java:askForVotes(310)) - s2@group-54B4F2458EED-LeaderElection174 PRE_VOTE round 0: submit vote requests at term 3 for 28: [s0|rpc:localhost:46515|admin:localhost:40757|client:localhost:41939|dataStream:localhost:35593|priority:0, s1|rpc:localhost:34095|admin:localhost:43151|client:localhost:36051|dataStream:localhost:38995|priority:0, s2|rpc:localhost:40453|admin:localhost:33947|client:localhost:38503|dataStream:localhost:42009|priority:0], old=null
2022-06-29 11:32:47,408 INFO  server.RaftServer$Division (RaftServerImpl.java:requestVote(1152)) - s0@group-54B4F2458EED: receive requestVote(PRE_VOTE, s2, group-54B4F2458EED, 3, (t:3, i:31))
2022-06-29 11:32:47,408 WARN  server.GrpcServerProtocolService (LogUtils.java:warn(122)) - s0: Failed requestVote s2->s0#0: org.apache.ratis.protocol.exceptions.ServerNotReadyException: s0@group-54B4F2458EED is not in [RUNNING]: current state is CLOSED
2022-06-29 11:32:47,408 INFO  server.RaftServer$Division (RaftServerImpl.java:requestVote(1152)) - s1@group-54B4F2458EED: receive requestVote(PRE_VOTE, s2, group-54B4F2458EED, 3, (t:3, i:31))
2022-06-29 11:32:47,408 WARN  server.GrpcServerProtocolService (LogUtils.java:warn(122)) - s1: Failed requestVote s2->s1#0: org.apache.ratis.protocol.exceptions.ServerNotReadyException: s1@group-54B4F2458EED is not in [RUNNING]: current state is CLOSED
2022-06-29 11:32:47,410 INFO  impl.LeaderElection (LogUtils.java:infoOrTrace(137)) - s2@group-54B4F2458EED-LeaderElection174 got exception when requesting votes: java.util.concurrent.ExecutionException: org.apache.ratis.thirdparty.io.grpc.StatusRuntimeException: INTERNAL: s0@group-54B4F2458EED is not in [RUNNING]: current state is CLOSED
2022-06-29 11:32:47,410 INFO  impl.LeaderElection (LogUtils.java:infoOrTrace(137)) - s2@group-54B4F2458EED-LeaderElection174 got exception when requesting votes: java.util.concurrent.ExecutionException: org.apache.ratis.thirdparty.io.grpc.StatusRuntimeException: INTERNAL: s1@group-54B4F2458EED is not in [RUNNING]: current state is CLOSED
2022-06-29 11:32:47,410 INFO  impl.LeaderElection (LeaderElection.java:logAndReturn(90)) - s2@group-54B4F2458EED-LeaderElection174: PRE_VOTE REJECTED received 0 response(s) and 2 exception(s):
2022-06-29 11:32:47,410 INFO  impl.LeaderElection (LogUtils.java:infoOrTrace(137)) -   Exception 0: java.util.concurrent.ExecutionException: org.apache.ratis.thirdparty.io.grpc.StatusRuntimeException: INTERNAL: s0@group-54B4F2458EED is not in [RUNNING]: current state is CLOSED
2022-06-29 11:32:47,410 INFO  impl.LeaderElection (LogUtils.java:infoOrTrace(137)) -   Exception 1: java.util.concurrent.ExecutionException: org.apache.ratis.thirdparty.io.grpc.StatusRuntimeException: INTERNAL: s1@group-54B4F2458EED is not in [RUNNING]: current state is CLOSED
2022-06-29 11:32:47,410 INFO  impl.LeaderElection (LeaderElection.java:askForVotes(312)) - s2@group-54B4F2458EED-LeaderElection174 PRE_VOTE round 0: result REJECTED
2022-06-29 11:32:47,410 INFO  server.RaftServer$Division (RaftServerImpl.java:setRole(299)) - s2@group-54B4F2458EED: changes role from CANDIDATE to FOLLOWER at term 3 for REJECTED
2022-06-29 11:32:47,410 INFO  impl.RoleInfo (RoleInfo.java:shutdownLeaderElection(130)) - s2: shutdown s2@group-54B4F2458EED-LeaderElection174
2022-06-29 11:32:47,410 INFO  impl.RoleInfo (RoleInfo.java:updateAndGet(139)) - s2: start s2@group-54B4F2458EED-FollowerState
2022-06-29 11:32:47,592 INFO  impl.FollowerState (FollowerState.java:run(143)) - s2@group-54B4F2458EED-FollowerState: change to CANDIDATE, lastRpcElapsedTime:182136364ns, electionTimeout:180ms
2022-06-29 11:32:47,592 INFO  impl.RoleInfo (RoleInfo.java:shutdownFollowerState(110)) - s2: shutdown s2@group-54B4F2458EED-FollowerState
2022-06-29 11:32:47,592 INFO  server.RaftServer$Division (RaftServerImpl.java:setRole(299)) - s2@group-54B4F2458EED: changes role from  FOLLOWER to CANDIDATE at term 3 for changeToCandidate
2022-06-29 11:32:47,593 INFO  server.RaftServerConfigKeys (ConfUtils.java:logGet(46)) - raft.server.leaderelection.pre-vote = true (default)
2022-06-29 11:32:47,593 INFO  impl.RoleInfo (RoleInfo.java:updateAndGet(139)) - s2: start s2@group-54B4F2458EED-LeaderElection175
2022-06-29 11:32:47,596 INFO  impl.LeaderElection (LeaderElection.java:askForVotes(310)) - s2@group-54B4F2458EED-LeaderElection175 PRE_VOTE round 0: submit vote requests at term 3 for 28: [s0|rpc:localhost:46515|admin:localhost:40757|client:localhost:41939|dataStream:localhost:35593|priority:0, s1|rpc:localhost:34095|admin:localhost:43151|client:localhost:36051|dataStream:localhost:38995|priority:0, s2|rpc:localhost:40453|admin:localhost:33947|client:localhost:38503|dataStream:localhost:42009|priority:0], old=null
2022-06-29 11:32:47,598 INFO  server.RaftServer$Division (RaftServerImpl.java:requestVote(1152)) - s0@group-54B4F2458EED: receive requestVote(PRE_VOTE, s2, group-54B4F2458EED, 3, (t:3, i:31))
2022-06-29 11:32:47,598 WARN  server.GrpcServerProtocolService (LogUtils.java:warn(122)) - s0: Failed requestVote s2->s0#0: org.apache.ratis.protocol.exceptions.ServerNotReadyException: s0@group-54B4F2458EED is not in [RUNNING]: current state is CLOSED
2022-06-29 11:32:47,599 INFO  server.RaftServer$Division (RaftServerImpl.java:requestVote(1152)) - s1@group-54B4F2458EED: receive requestVote(PRE_VOTE, s2, group-54B4F2458EED, 3, (t:3, i:31))
2022-06-29 11:32:47,599 WARN  server.GrpcServerProtocolService (LogUtils.java:warn(122)) - s1: Failed requestVote s2->s1#0: org.apache.ratis.protocol.exceptions.ServerNotReadyException: s1@group-54B4F2458EED is not in [RUNNING]: current state is CLOSED
2022-06-29 11:32:47,600 INFO  impl.LeaderElection (LogUtils.java:infoOrTrace(137)) - s2@group-54B4F2458EED-LeaderElection175 got exception when requesting votes: java.util.concurrent.ExecutionException: org.apache.ratis.thirdparty.io.grpc.StatusRuntimeException: INTERNAL: s0@group-54B4F2458EED is not in [RUNNING]: current state is CLOSED
2022-06-29 11:32:47,601 INFO  impl.LeaderElection (LogUtils.java:infoOrTrace(137)) - s2@group-54B4F2458EED-LeaderElection175 got exception when requesting votes: java.util.concurrent.ExecutionException: org.apache.ratis.thirdparty.io.grpc.StatusRuntimeException: INTERNAL: s1@group-54B4F2458EED is not in [RUNNING]: current state is CLOSED
2022-06-29 11:32:47,601 INFO  impl.LeaderElection (LeaderElection.java:logAndReturn(90)) - s2@group-54B4F2458EED-LeaderElection175: PRE_VOTE REJECTED received 0 response(s) and 2 exception(s):
2022-06-29 11:32:47,601 INFO  impl.LeaderElection (LogUtils.java:infoOrTrace(137)) -   Exception 0: java.util.concurrent.ExecutionException: org.apache.ratis.thirdparty.io.grpc.StatusRuntimeException: INTERNAL: s0@group-54B4F2458EED is not in [RUNNING]: current state is CLOSED
2022-06-29 11:32:47,601 INFO  impl.LeaderElection (LogUtils.java:infoOrTrace(137)) -   Exception 1: java.util.concurrent.ExecutionException: org.apache.ratis.thirdparty.io.grpc.StatusRuntimeException: INTERNAL: s1@group-54B4F2458EED is not in [RUNNING]: current state is CLOSED
2022-06-29 11:32:47,601 INFO  impl.LeaderElection (LeaderElection.java:askForVotes(312)) - s2@group-54B4F2458EED-LeaderElection175 PRE_VOTE round 0: result REJECTED
2022-06-29 11:32:47,601 INFO  server.RaftServer$Division (RaftServerImpl.java:setRole(299)) - s2@group-54B4F2458EED: changes role from CANDIDATE to FOLLOWER at term 3 for REJECTED
2022-06-29 11:32:47,601 INFO  impl.RoleInfo (RoleInfo.java:shutdownLeaderElection(130)) - s2: shutdown s2@group-54B4F2458EED-LeaderElection175
2022-06-29 11:32:47,601 INFO  impl.RoleInfo (RoleInfo.java:updateAndGet(139)) - s2: start s2@group-54B4F2458EED-FollowerState
2022-06-29 11:32:47,773 INFO  impl.FollowerState (FollowerState.java:run(143)) - s2@group-54B4F2458EED-FollowerState: change to CANDIDATE, lastRpcElapsedTime:171748023ns, electionTimeout:158ms
2022-06-29 11:32:47,773 INFO  impl.RoleInfo (RoleInfo.java:shutdownFollowerState(110)) - s2: shutdown s2@group-54B4F2458EED-FollowerState
2022-06-29 11:32:47,773 INFO  server.RaftServer$Division (RaftServerImpl.java:setRole(299)) - s2@group-54B4F2458EED: changes role from  FOLLOWER to CANDIDATE at term 3 for changeToCandidate
2022-06-29 11:32:47,773 INFO  server.RaftServerConfigKeys (ConfUtils.java:logGet(46)) - raft.server.leaderelection.pre-vote = true (default)
2022-06-29 11:32:47,773 INFO  impl.RoleInfo (RoleInfo.java:updateAndGet(139)) - s2: start s2@group-54B4F2458EED-LeaderElection176
2022-06-29 11:32:47,774 INFO  impl.LeaderElection (LeaderElection.java:askForVotes(310)) - s2@group-54B4F2458EED-LeaderElection176 PRE_VOTE round 0: submit vote requests at term 3 for 28: [s0|rpc:localhost:46515|admin:localhost:40757|client:localhost:41939|dataStream:localhost:35593|priority:0, s1|rpc:localhost:34095|admin:localhost:43151|client:localhost:36051|dataStream:localhost:38995|priority:0, s2|rpc:localhost:40453|admin:localhost:33947|client:localhost:38503|dataStream:localhost:42009|priority:0], old=null
2022-06-29 11:32:47,777 INFO  server.RaftServer$Division (RaftServerImpl.java:requestVote(1152)) - s0@group-54B4F2458EED: receive requestVote(PRE_VOTE, s2, group-54B4F2458EED, 3, (t:3, i:31))
2022-06-29 11:32:47,777 WARN  server.GrpcServerProtocolService (LogUtils.java:warn(122)) - s0: Failed requestVote s2->s0#0: org.apache.ratis.protocol.exceptions.ServerNotReadyException: s0@group-54B4F2458EED is not in [RUNNING]: current state is CLOSED
2022-06-29 11:32:47,780 INFO  server.RaftServer$Division (RaftServerImpl.java:requestVote(1152)) - s1@group-54B4F2458EED: receive requestVote(PRE_VOTE, s2, group-54B4F2458EED, 3, (t:3, i:31))
2022-06-29 11:32:47,780 WARN  server.GrpcServerProtocolService (LogUtils.java:warn(122)) - s1: Failed requestVote s2->s1#0: org.apache.ratis.protocol.exceptions.ServerNotReadyException: s1@group-54B4F2458EED is not in [RUNNING]: current state is CLOSED
2022-06-29 11:32:47,780 INFO  impl.LeaderElection (LogUtils.java:infoOrTrace(137)) - s2@group-54B4F2458EED-LeaderElection176 got exception when requesting votes: java.util.concurrent.ExecutionException: org.apache.ratis.thirdparty.io.grpc.StatusRuntimeException: INTERNAL: s0@group-54B4F2458EED is not in [RUNNING]: current state is CLOSED
2022-06-29 11:32:47,780 INFO  impl.LeaderElection (LogUtils.java:infoOrTrace(137)) - s2@group-54B4F2458EED-LeaderElection176 got exception when requesting votes: java.util.concurrent.ExecutionException: org.apache.ratis.thirdparty.io.grpc.StatusRuntimeException: INTERNAL: s1@group-54B4F2458EED is not in [RUNNING]: current state is CLOSED
2022-06-29 11:32:47,780 INFO  impl.LeaderElection (LeaderElection.java:logAndReturn(90)) - s2@group-54B4F2458EED-LeaderElection176: PRE_VOTE REJECTED received 0 response(s) and 2 exception(s):
2022-06-29 11:32:47,780 INFO  impl.LeaderElection (LogUtils.java:infoOrTrace(137)) -   Exception 0: java.util.concurrent.ExecutionException: org.apache.ratis.thirdparty.io.grpc.StatusRuntimeException: INTERNAL: s0@group-54B4F2458EED is not in [RUNNING]: current state is CLOSED
2022-06-29 11:32:47,780 INFO  impl.LeaderElection (LogUtils.java:infoOrTrace(137)) -   Exception 1: java.util.concurrent.ExecutionException: org.apache.ratis.thirdparty.io.grpc.StatusRuntimeException: INTERNAL: s1@group-54B4F2458EED is not in [RUNNING]: current state is CLOSED
2022-06-29 11:32:47,781 INFO  impl.LeaderElection (LeaderElection.java:askForVotes(312)) - s2@group-54B4F2458EED-LeaderElection176 PRE_VOTE round 0: result REJECTED
2022-06-29 11:32:47,781 INFO  server.RaftServer$Division (RaftServerImpl.java:setRole(299)) - s2@group-54B4F2458EED: changes role from CANDIDATE to FOLLOWER at term 3 for REJECTED
2022-06-29 11:32:47,781 INFO  impl.RoleInfo (RoleInfo.java:shutdownLeaderElection(130)) - s2: shutdown s2@group-54B4F2458EED-LeaderElection176
2022-06-29 11:32:47,781 INFO  impl.RoleInfo (RoleInfo.java:updateAndGet(139)) - s2: start s2@group-54B4F2458EED-FollowerState
2022-06-29 11:32:48,065 INFO  impl.FollowerState (FollowerState.java:run(143)) - s2@group-54B4F2458EED-FollowerState: change to CANDIDATE, lastRpcElapsedTime:284023239ns, electionTimeout:283ms
2022-06-29 11:32:48,065 INFO  impl.RoleInfo (RoleInfo.java:shutdownFollowerState(110)) - s2: shutdown s2@group-54B4F2458EED-FollowerState
2022-06-29 11:32:48,065 INFO  server.RaftServer$Division (RaftServerImpl.java:setRole(299)) - s2@group-54B4F2458EED: changes role from  FOLLOWER to CANDIDATE at term 3 for changeToCandidate
2022-06-29 11:32:48,066 INFO  server.RaftServerConfigKeys (ConfUtils.java:logGet(46)) - raft.server.leaderelection.pre-vote = true (default)
2022-06-29 11:32:48,066 INFO  impl.RoleInfo (RoleInfo.java:updateAndGet(139)) - s2: start s2@group-54B4F2458EED-LeaderElection177
2022-06-29 11:32:48,066 INFO  impl.LeaderElection (LeaderElection.java:askForVotes(310)) - s2@group-54B4F2458EED-LeaderElection177 PRE_VOTE round 0: submit vote requests at term 3 for 28: [s0|rpc:localhost:46515|admin:localhost:40757|client:localhost:41939|dataStream:localhost:35593|priority:0, s1|rpc:localhost:34095|admin:localhost:43151|client:localhost:36051|dataStream:localhost:38995|priority:0, s2|rpc:localhost:40453|admin:localhost:33947|client:localhost:38503|dataStream:localhost:42009|priority:0], old=null
2022-06-29 11:32:48,079 INFO  server.RaftServer$Division (RaftServerImpl.java:requestVote(1152)) - s0@group-54B4F2458EED: receive requestVote(PRE_VOTE, s2, group-54B4F2458EED, 3, (t:3, i:31))
2022-06-29 11:32:48,079 WARN  server.GrpcServerProtocolService (LogUtils.java:warn(122)) - s0: Failed requestVote s2->s0#0: org.apache.ratis.protocol.exceptions.ServerNotReadyException: s0@group-54B4F2458EED is not in [RUNNING]: current state is CLOSED
2022-06-29 11:32:48,079 INFO  server.RaftServer$Division (RaftServerImpl.java:requestVote(1152)) - s1@group-54B4F2458EED: receive requestVote(PRE_VOTE, s2, group-54B4F2458EED, 3, (t:3, i:31))
2022-06-29 11:32:48,079 WARN  server.GrpcServerProtocolService (LogUtils.java:warn(122)) - s1: Failed requestVote s2->s1#0: org.apache.ratis.protocol.exceptions.ServerNotReadyException: s1@group-54B4F2458EED is not in [RUNNING]: current state is CLOSED
2022-06-29 11:32:48,079 INFO  impl.LeaderElection (LogUtils.java:infoOrTrace(137)) - s2@group-54B4F2458EED-LeaderElection177 got exception when requesting votes: java.util.concurrent.ExecutionException: org.apache.ratis.thirdparty.io.grpc.StatusRuntimeException: INTERNAL: s0@group-54B4F2458EED is not in [RUNNING]: current state is CLOSED
2022-06-29 11:32:48,080 INFO  impl.LeaderElection (LogUtils.java:infoOrTrace(137)) - s2@group-54B4F2458EED-LeaderElection177 got exception when requesting votes: java.util.concurrent.ExecutionException: org.apache.ratis.thirdparty.io.grpc.StatusRuntimeException: INTERNAL: s1@group-54B4F2458EED is not in [RUNNING]: current state is CLOSED
2022-06-29 11:32:48,080 INFO  impl.LeaderElection (LeaderElection.java:logAndReturn(90)) - s2@group-54B4F2458EED-LeaderElection177: PRE_VOTE REJECTED received 0 response(s) and 2 exception(s):
2022-06-29 11:32:48,080 INFO  impl.LeaderElection (LogUtils.java:infoOrTrace(137)) -   Exception 0: java.util.concurrent.ExecutionException: org.apache.ratis.thirdparty.io.grpc.StatusRuntimeException: INTERNAL: s0@group-54B4F2458EED is not in [RUNNING]: current state is CLOSED
2022-06-29 11:32:48,080 INFO  impl.LeaderElection (LogUtils.java:infoOrTrace(137)) -   Exception 1: java.util.concurrent.ExecutionException: org.apache.ratis.thirdparty.io.grpc.StatusRuntimeException: INTERNAL: s1@group-54B4F2458EED is not in [RUNNING]: current state is CLOSED
2022-06-29 11:32:48,080 INFO  impl.LeaderElection (LeaderElection.java:askForVotes(312)) - s2@group-54B4F2458EED-LeaderElection177 PRE_VOTE round 0: result REJECTED
2022-06-29 11:32:48,080 INFO  server.RaftServer$Division (RaftServerImpl.java:setRole(299)) - s2@group-54B4F2458EED: changes role from CANDIDATE to FOLLOWER at term 3 for REJECTED
2022-06-29 11:32:48,080 INFO  impl.RoleInfo (RoleInfo.java:shutdownLeaderElection(130)) - s2: shutdown s2@group-54B4F2458EED-LeaderElection177
2022-06-29 11:32:48,081 INFO  impl.RoleInfo (RoleInfo.java:updateAndGet(139)) - s2: start s2@group-54B4F2458EED-FollowerState
2022-06-29 11:32:48,217 INFO  impl.MiniRaftCluster (MiniRaftCluster.java:lambda$null$6(325)) - TIMED-PRINT: printing ALL groups
  s0:  RUNNING    LEADER s0@group-54B4F2458EED:t3, leader=s0, voted=s0, raftlog=s0@group-54B4F2458EED-SegmentedRaftLog:OPENED:c31, conf=28: [s0|rpc:localhost:46515|admin:localhost:40757|client:localhost:41939|dataStream:localhost:35593|priority:0, s1|rpc:localhost:34095|admin:localhost:43151|client:localhost:36051|dataStream:localhost:38995|priority:0, s2|rpc:localhost:40453|admin:localhost:33947|client:localhost:38503|dataStream:localhost:42009|priority:0], old=null CLOSED
  s1:  RUNNING    LEADER s1@group-54B4F2458EED:t2, leader=s1, voted=s1, raftlog=s1@group-54B4F2458EED-SegmentedRaftLog:OPENED:c24, conf=17: [s0|rpc:localhost:46515|admin:localhost:40757|client:localhost:41939|dataStream:localhost:35593|priority:0, s1|rpc:localhost:34095|admin:localhost:43151|client:localhost:36051|dataStream:localhost:38995|priority:0, s2|rpc:localhost:40453|admin:localhost:33947|client:localhost:38503|dataStream:localhost:42009|priority:0], old=null CLOSED
  s2:  RUNNING  FOLLOWER s2@group-54B4F2458EED:t3, leader=null, voted=s0, raftlog=s2@group-54B4F2458EED-SegmentedRaftLog:OPENED:c29, conf=28: [s0|rpc:localhost:46515|admin:localhost:40757|client:localhost:41939|dataStream:localhost:35593|priority:0, s1|rpc:localhost:34095|admin:localhost:43151|client:localhost:36051|dataStream:localhost:38995|priority:0, s2|rpc:localhost:40453|admin:localhost:33947|client:localhost:38503|dataStream:localhost:42009|priority:0], old=null RUNNING
2022-06-29 11:32:48,348 INFO  impl.FollowerState (FollowerState.java:run(143)) - s2@group-54B4F2458EED-FollowerState: change to CANDIDATE, lastRpcElapsedTime:267405806ns, electionTimeout:267ms
2022-06-29 11:32:48,348 INFO  impl.RoleInfo (RoleInfo.java:shutdownFollowerState(110)) - s2: shutdown s2@group-54B4F2458EED-FollowerState
2022-06-29 11:32:48,348 INFO  server.RaftServer$Division (RaftServerImpl.java:setRole(299)) - s2@group-54B4F2458EED: changes role from  FOLLOWER to CANDIDATE at term 3 for changeToCandidate
2022-06-29 11:32:48,350 INFO  server.RaftServerConfigKeys (ConfUtils.java:logGet(46)) - raft.server.leaderelection.pre-vote = true (default)
2022-06-29 11:32:48,350 INFO  impl.RoleInfo (RoleInfo.java:updateAndGet(139)) - s2: start s2@group-54B4F2458EED-LeaderElection178
2022-06-29 11:32:48,355 INFO  impl.LeaderElection (LeaderElection.java:askForVotes(310)) - s2@group-54B4F2458EED-LeaderElection178 PRE_VOTE round 0: submit vote requests at term 3 for 28: [s0|rpc:localhost:46515|admin:localhost:40757|client:localhost:41939|dataStream:localhost:35593|priority:0, s1|rpc:localhost:34095|admin:localhost:43151|client:localhost:36051|dataStream:localhost:38995|priority:0, s2|rpc:localhost:40453|admin:localhost:33947|client:localhost:38503|dataStream:localhost:42009|priority:0], old=null
2022-06-29 11:32:48,372 INFO  server.RaftServer$Division (RaftServerImpl.java:requestVote(1152)) - s0@group-54B4F2458EED: receive requestVote(PRE_VOTE, s2, group-54B4F2458EED, 3, (t:3, i:31))
2022-06-29 11:32:48,372 WARN  server.GrpcServerProtocolService (LogUtils.java:warn(122)) - s0: Failed requestVote s2->s0#0: org.apache.ratis.protocol.exceptions.ServerNotReadyException: s0@group-54B4F2458EED is not in [RUNNING]: current state is CLOSED
2022-06-29 11:32:48,374 INFO  impl.LeaderElection (LogUtils.java:infoOrTrace(137)) - s2@group-54B4F2458EED-LeaderElection178 got exception when requesting votes: java.util.concurrent.ExecutionException: org.apache.ratis.thirdparty.io.grpc.StatusRuntimeException: INTERNAL: s0@group-54B4F2458EED is not in [RUNNING]: current state is CLOSED
2022-06-29 11:32:48,376 INFO  server.RaftServer$Division (RaftServerImpl.java:requestVote(1152)) - s1@group-54B4F2458EED: receive requestVote(PRE_VOTE, s2, group-54B4F2458EED, 3, (t:3, i:31))
2022-06-29 11:32:48,376 WARN  server.GrpcServerProtocolService (LogUtils.java:warn(122)) - s1: Failed requestVote s2->s1#0: org.apache.ratis.protocol.exceptions.ServerNotReadyException: s1@group-54B4F2458EED is not in [RUNNING]: current state is CLOSED
2022-06-29 11:32:48,379 INFO  impl.LeaderElection (LogUtils.java:infoOrTrace(137)) - s2@group-54B4F2458EED-LeaderElection178 got exception when requesting votes: java.util.concurrent.ExecutionException: org.apache.ratis.thirdparty.io.grpc.StatusRuntimeException: INTERNAL: s1@group-54B4F2458EED is not in [RUNNING]: current state is CLOSED
2022-06-29 11:32:48,379 INFO  impl.LeaderElection (LeaderElection.java:logAndReturn(90)) - s2@group-54B4F2458EED-LeaderElection178: PRE_VOTE REJECTED received 0 response(s) and 2 exception(s):
2022-06-29 11:32:48,380 INFO  impl.LeaderElection (LogUtils.java:infoOrTrace(137)) -   Exception 0: java.util.concurrent.ExecutionException: org.apache.ratis.thirdparty.io.grpc.StatusRuntimeException: INTERNAL: s0@group-54B4F2458EED is not in [RUNNING]: current state is CLOSED
2022-06-29 11:32:48,380 INFO  impl.LeaderElection (LogUtils.java:infoOrTrace(137)) -   Exception 1: java.util.concurrent.ExecutionException: org.apache.ratis.thirdparty.io.grpc.StatusRuntimeException: INTERNAL: s1@group-54B4F2458EED is not in [RUNNING]: current state is CLOSED
2022-06-29 11:32:48,384 INFO  impl.LeaderElection (LeaderElection.java:askForVotes(312)) - s2@group-54B4F2458EED-LeaderElection178 PRE_VOTE round 0: result REJECTED
2022-06-29 11:32:48,384 INFO  server.RaftServer$Division (RaftServerImpl.java:setRole(299)) - s2@group-54B4F2458EED: changes role from CANDIDATE to FOLLOWER at term 3 for REJECTED
2022-06-29 11:32:48,385 INFO  impl.RoleInfo (RoleInfo.java:shutdownLeaderElection(130)) - s2: shutdown s2@group-54B4F2458EED-LeaderElection178
2022-06-29 11:32:48,385 INFO  impl.RoleInfo (RoleInfo.java:updateAndGet(139)) - s2: start s2@group-54B4F2458EED-FollowerState
2022-06-29 11:32:48,580 INFO  impl.FollowerState (FollowerState.java:run(143)) - s2@group-54B4F2458EED-FollowerState: change to CANDIDATE, lastRpcElapsedTime:195708639ns, electionTimeout:193ms
2022-06-29 11:32:48,580 INFO  impl.RoleInfo (RoleInfo.java:shutdownFollowerState(110)) - s2: shutdown s2@group-54B4F2458EED-FollowerState
2022-06-29 11:32:48,580 INFO  server.RaftServer$Division (RaftServerImpl.java:setRole(299)) - s2@group-54B4F2458EED: changes role from  FOLLOWER to CANDIDATE at term 3 for changeToCandidate
2022-06-29 11:32:48,581 INFO  server.RaftServerConfigKeys (ConfUtils.java:logGet(46)) - raft.server.leaderelection.pre-vote = true (default)
2022-06-29 11:32:48,582 INFO  impl.RoleInfo (RoleInfo.java:updateAndGet(139)) - s2: start s2@group-54B4F2458EED-LeaderElection179
2022-06-29 11:32:48,583 INFO  impl.LeaderElection (LeaderElection.java:askForVotes(310)) - s2@group-54B4F2458EED-LeaderElection179 PRE_VOTE round 0: submit vote requests at term 3 for 28: [s0|rpc:localhost:46515|admin:localhost:40757|client:localhost:41939|dataStream:localhost:35593|priority:0, s1|rpc:localhost:34095|admin:localhost:43151|client:localhost:36051|dataStream:localhost:38995|priority:0, s2|rpc:localhost:40453|admin:localhost:33947|client:localhost:38503|dataStream:localhost:42009|priority:0], old=null
2022-06-29 11:32:48,584 INFO  server.RaftServer$Division (RaftServerImpl.java:requestVote(1152)) - s0@group-54B4F2458EED: receive requestVote(PRE_VOTE, s2, group-54B4F2458EED, 3, (t:3, i:31))
2022-06-29 11:32:48,584 WARN  server.GrpcServerProtocolService (LogUtils.java:warn(122)) - s0: Failed requestVote s2->s0#0: org.apache.ratis.protocol.exceptions.ServerNotReadyException: s0@group-54B4F2458EED is not in [RUNNING]: current state is CLOSED
2022-06-29 11:32:48,585 INFO  server.RaftServer$Division (RaftServerImpl.java:requestVote(1152)) - s1@group-54B4F2458EED: receive requestVote(PRE_VOTE, s2, group-54B4F2458EED, 3, (t:3, i:31))
2022-06-29 11:32:48,585 WARN  server.GrpcServerProtocolService (LogUtils.java:warn(122)) - s1: Failed requestVote s2->s1#0: org.apache.ratis.protocol.exceptions.ServerNotReadyException: s1@group-54B4F2458EED is not in [RUNNING]: current state is CLOSED
2022-06-29 11:32:48,585 INFO  impl.LeaderElection (LogUtils.java:infoOrTrace(137)) - s2@group-54B4F2458EED-LeaderElection179 got exception when requesting votes: java.util.concurrent.ExecutionException: org.apache.ratis.thirdparty.io.grpc.StatusRuntimeException: INTERNAL: s0@group-54B4F2458EED is not in [RUNNING]: current state is CLOSED
2022-06-29 11:32:48,586 INFO  impl.LeaderElection (LogUtils.java:infoOrTrace(137)) - s2@group-54B4F2458EED-LeaderElection179 got exception when requesting votes: java.util.concurrent.ExecutionException: org.apache.ratis.thirdparty.io.grpc.StatusRuntimeException: INTERNAL: s1@group-54B4F2458EED is not in [RUNNING]: current state is CLOSED
2022-06-29 11:32:48,586 INFO  impl.LeaderElection (LeaderElection.java:logAndReturn(90)) - s2@group-54B4F2458EED-LeaderElection179: PRE_VOTE REJECTED received 0 response(s) and 2 exception(s):
2022-06-29 11:32:48,586 INFO  impl.LeaderElection (LogUtils.java:infoOrTrace(137)) -   Exception 0: java.util.concurrent.ExecutionException: org.apache.ratis.thirdparty.io.grpc.StatusRuntimeException: INTERNAL: s0@group-54B4F2458EED is not in [RUNNING]: current state is CLOSED
2022-06-29 11:32:48,586 INFO  impl.LeaderElection (LogUtils.java:infoOrTrace(137)) -   Exception 1: java.util.concurrent.ExecutionException: org.apache.ratis.thirdparty.io.grpc.StatusRuntimeException: INTERNAL: s1@group-54B4F2458EED is not in [RUNNING]: current state is CLOSED
2022-06-29 11:32:48,586 INFO  impl.LeaderElection (LeaderElection.java:askForVotes(312)) - s2@group-54B4F2458EED-LeaderElection179 PRE_VOTE round 0: result REJECTED
2022-06-29 11:32:48,586 INFO  server.RaftServer$Division (RaftServerImpl.java:setRole(299)) - s2@group-54B4F2458EED: changes role from CANDIDATE to FOLLOWER at term 3 for REJECTED
2022-06-29 11:32:48,586 INFO  impl.RoleInfo (RoleInfo.java:shutdownLeaderElection(130)) - s2: shutdown s2@group-54B4F2458EED-LeaderElection179
2022-06-29 11:32:48,586 INFO  impl.RoleInfo (RoleInfo.java:updateAndGet(139)) - s2: start s2@group-54B4F2458EED-FollowerState
2022-06-29 11:32:48,781 INFO  impl.FollowerState (FollowerState.java:run(143)) - s2@group-54B4F2458EED-FollowerState: change to CANDIDATE, lastRpcElapsedTime:194994029ns, electionTimeout:192ms
2022-06-29 11:32:48,781 INFO  impl.RoleInfo (RoleInfo.java:shutdownFollowerState(110)) - s2: shutdown s2@group-54B4F2458EED-FollowerState
2022-06-29 11:32:48,781 INFO  server.RaftServer$Division (RaftServerImpl.java:setRole(299)) - s2@group-54B4F2458EED: changes role from  FOLLOWER to CANDIDATE at term 3 for changeToCandidate
2022-06-29 11:32:48,781 INFO  server.RaftServerConfigKeys (ConfUtils.java:logGet(46)) - raft.server.leaderelection.pre-vote = true (default)
2022-06-29 11:32:48,781 INFO  impl.RoleInfo (RoleInfo.java:updateAndGet(139)) - s2: start s2@group-54B4F2458EED-LeaderElection180
2022-06-29 11:32:48,784 INFO  impl.LeaderElection (LeaderElection.java:askForVotes(310)) - s2@group-54B4F2458EED-LeaderElection180 PRE_VOTE round 0: submit vote requests at term 3 for 28: [s0|rpc:localhost:46515|admin:localhost:40757|client:localhost:41939|dataStream:localhost:35593|priority:0, s1|rpc:localhost:34095|admin:localhost:43151|client:localhost:36051|dataStream:localhost:38995|priority:0, s2|rpc:localhost:40453|admin:localhost:33947|client:localhost:38503|dataStream:localhost:42009|priority:0], old=null
2022-06-29 11:32:48,787 INFO  server.RaftServer$Division (RaftServerImpl.java:requestVote(1152)) - s1@group-54B4F2458EED: receive requestVote(PRE_VOTE, s2, group-54B4F2458EED, 3, (t:3, i:31))
2022-06-29 11:32:48,787 WARN  server.GrpcServerProtocolService (LogUtils.java:warn(122)) - s1: Failed requestVote s2->s1#0: org.apache.ratis.protocol.exceptions.ServerNotReadyException: s1@group-54B4F2458EED is not in [RUNNING]: current state is CLOSED
2022-06-29 11:32:48,787 INFO  server.RaftServer$Division (RaftServerImpl.java:requestVote(1152)) - s0@group-54B4F2458EED: receive requestVote(PRE_VOTE, s2, group-54B4F2458EED, 3, (t:3, i:31))
2022-06-29 11:32:48,787 WARN  server.GrpcServerProtocolService (LogUtils.java:warn(122)) - s0: Failed requestVote s2->s0#0: org.apache.ratis.protocol.exceptions.ServerNotReadyException: s0@group-54B4F2458EED is not in [RUNNING]: current state is CLOSED
2022-06-29 11:32:48,789 INFO  impl.LeaderElection (LogUtils.java:infoOrTrace(137)) - s2@group-54B4F2458EED-LeaderElection180 got exception when requesting votes: java.util.concurrent.ExecutionException: org.apache.ratis.thirdparty.io.grpc.StatusRuntimeException: INTERNAL: s0@group-54B4F2458EED is not in [RUNNING]: current state is CLOSED
2022-06-29 11:32:48,789 INFO  impl.LeaderElection (LogUtils.java:infoOrTrace(137)) - s2@group-54B4F2458EED-LeaderElection180 got exception when requesting votes: java.util.concurrent.ExecutionException: org.apache.ratis.thirdparty.io.grpc.StatusRuntimeException: INTERNAL: s1@group-54B4F2458EED is not in [RUNNING]: current state is CLOSED
2022-06-29 11:32:48,789 INFO  impl.LeaderElection (LeaderElection.java:logAndReturn(90)) - s2@group-54B4F2458EED-LeaderElection180: PRE_VOTE REJECTED received 0 response(s) and 2 exception(s):
2022-06-29 11:32:48,789 INFO  impl.LeaderElection (LogUtils.java:infoOrTrace(137)) -   Exception 0: java.util.concurrent.ExecutionException: org.apache.ratis.thirdparty.io.grpc.StatusRuntimeException: INTERNAL: s0@group-54B4F2458EED is not in [RUNNING]: current state is CLOSED
2022-06-29 11:32:48,789 INFO  impl.LeaderElection (LogUtils.java:infoOrTrace(137)) -   Exception 1: java.util.concurrent.ExecutionException: org.apache.ratis.thirdparty.io.grpc.StatusRuntimeException: INTERNAL: s1@group-54B4F2458EED is not in [RUNNING]: current state is CLOSED
2022-06-29 11:32:48,789 INFO  impl.LeaderElection (LeaderElection.java:askForVotes(312)) - s2@group-54B4F2458EED-LeaderElection180 PRE_VOTE round 0: result REJECTED
2022-06-29 11:32:48,789 INFO  server.RaftServer$Division (RaftServerImpl.java:setRole(299)) - s2@group-54B4F2458EED: changes role from CANDIDATE to FOLLOWER at term 3 for REJECTED
2022-06-29 11:32:48,789 INFO  impl.RoleInfo (RoleInfo.java:shutdownLeaderElection(130)) - s2: shutdown s2@group-54B4F2458EED-LeaderElection180
2022-06-29 11:32:48,789 INFO  impl.RoleInfo (RoleInfo.java:updateAndGet(139)) - s2: start s2@group-54B4F2458EED-FollowerState
2022-06-29 11:32:49,031 INFO  impl.FollowerState (FollowerState.java:run(143)) - s2@group-54B4F2458EED-FollowerState: change to CANDIDATE, lastRpcElapsedTime:241996762ns, electionTimeout:240ms
2022-06-29 11:32:49,031 INFO  impl.RoleInfo (RoleInfo.java:shutdownFollowerState(110)) - s2: shutdown s2@group-54B4F2458EED-FollowerState
2022-06-29 11:32:49,032 INFO  server.RaftServer$Division (RaftServerImpl.java:setRole(299)) - s2@group-54B4F2458EED: changes role from  FOLLOWER to CANDIDATE at term 3 for changeToCandidate
2022-06-29 11:32:49,033 INFO  server.RaftServerConfigKeys (ConfUtils.java:logGet(46)) - raft.server.leaderelection.pre-vote = true (default)
2022-06-29 11:32:49,034 INFO  impl.RoleInfo (RoleInfo.java:updateAndGet(139)) - s2: start s2@group-54B4F2458EED-LeaderElection181
2022-06-29 11:32:49,036 INFO  impl.LeaderElection (LeaderElection.java:askForVotes(310)) - s2@group-54B4F2458EED-LeaderElection181 PRE_VOTE round 0: submit vote requests at term 3 for 28: [s0|rpc:localhost:46515|admin:localhost:40757|client:localhost:41939|dataStream:localhost:35593|priority:0, s1|rpc:localhost:34095|admin:localhost:43151|client:localhost:36051|dataStream:localhost:38995|priority:0, s2|rpc:localhost:40453|admin:localhost:33947|client:localhost:38503|dataStream:localhost:42009|priority:0], old=null
2022-06-29 11:32:49,047 INFO  server.RaftServer$Division (RaftServerImpl.java:requestVote(1152)) - s0@group-54B4F2458EED: receive requestVote(PRE_VOTE, s2, group-54B4F2458EED, 3, (t:3, i:31))
2022-06-29 11:32:49,047 WARN  server.GrpcServerProtocolService (LogUtils.java:warn(122)) - s0: Failed requestVote s2->s0#0: org.apache.ratis.protocol.exceptions.ServerNotReadyException: s0@group-54B4F2458EED is not in [RUNNING]: current state is CLOSED
2022-06-29 11:32:49,048 INFO  impl.LeaderElection (LogUtils.java:infoOrTrace(137)) - s2@group-54B4F2458EED-LeaderElection181 got exception when requesting votes: java.util.concurrent.ExecutionException: org.apache.ratis.thirdparty.io.grpc.StatusRuntimeException: INTERNAL: s0@group-54B4F2458EED is not in [RUNNING]: current state is CLOSED
2022-06-29 11:32:49,048 INFO  server.RaftServer$Division (RaftServerImpl.java:requestVote(1152)) - s1@group-54B4F2458EED: receive requestVote(PRE_VOTE, s2, group-54B4F2458EED, 3, (t:3, i:31))
2022-06-29 11:32:49,048 WARN  server.GrpcServerProtocolService (LogUtils.java:warn(122)) - s1: Failed requestVote s2->s1#0: org.apache.ratis.protocol.exceptions.ServerNotReadyException: s1@group-54B4F2458EED is not in [RUNNING]: current state is CLOSED
2022-06-29 11:32:49,049 INFO  impl.LeaderElection (LogUtils.java:infoOrTrace(137)) - s2@group-54B4F2458EED-LeaderElection181 got exception when requesting votes: java.util.concurrent.ExecutionException: org.apache.ratis.thirdparty.io.grpc.StatusRuntimeException: INTERNAL: s1@group-54B4F2458EED is not in [RUNNING]: current state is CLOSED
2022-06-29 11:32:49,049 INFO  impl.LeaderElection (LeaderElection.java:logAndReturn(90)) - s2@group-54B4F2458EED-LeaderElection181: PRE_VOTE REJECTED received 0 response(s) and 2 exception(s):
2022-06-29 11:32:49,049 INFO  impl.LeaderElection (LogUtils.java:infoOrTrace(137)) -   Exception 0: java.util.concurrent.ExecutionException: org.apache.ratis.thirdparty.io.grpc.StatusRuntimeException: INTERNAL: s0@group-54B4F2458EED is not in [RUNNING]: current state is CLOSED
2022-06-29 11:32:49,049 INFO  impl.LeaderElection (LogUtils.java:infoOrTrace(137)) -   Exception 1: java.util.concurrent.ExecutionException: org.apache.ratis.thirdparty.io.grpc.StatusRuntimeException: INTERNAL: s1@group-54B4F2458EED is not in [RUNNING]: current state is CLOSED
2022-06-29 11:32:49,049 INFO  impl.LeaderElection (LeaderElection.java:askForVotes(312)) - s2@group-54B4F2458EED-LeaderElection181 PRE_VOTE round 0: result REJECTED
2022-06-29 11:32:49,049 INFO  server.RaftServer$Division (RaftServerImpl.java:setRole(299)) - s2@group-54B4F2458EED: changes role from CANDIDATE to FOLLOWER at term 3 for REJECTED
2022-06-29 11:32:49,049 INFO  impl.RoleInfo (RoleInfo.java:shutdownLeaderElection(130)) - s2: shutdown s2@group-54B4F2458EED-LeaderElection181
2022-06-29 11:32:49,049 INFO  impl.RoleInfo (RoleInfo.java:updateAndGet(139)) - s2: start s2@group-54B4F2458EED-FollowerState
2022-06-29 11:32:49,256 INFO  impl.FollowerState (FollowerState.java:run(143)) - s2@group-54B4F2458EED-FollowerState: change to CANDIDATE, lastRpcElapsedTime:207151285ns, electionTimeout:203ms
2022-06-29 11:32:49,257 INFO  impl.RoleInfo (RoleInfo.java:shutdownFollowerState(110)) - s2: shutdown s2@group-54B4F2458EED-FollowerState
2022-06-29 11:32:49,257 INFO  server.RaftServer$Division (RaftServerImpl.java:setRole(299)) - s2@group-54B4F2458EED: changes role from  FOLLOWER to CANDIDATE at term 3 for changeToCandidate
2022-06-29 11:32:49,258 INFO  server.RaftServerConfigKeys (ConfUtils.java:logGet(46)) - raft.server.leaderelection.pre-vote = true (default)
2022-06-29 11:32:49,259 INFO  impl.RoleInfo (RoleInfo.java:updateAndGet(139)) - s2: start s2@group-54B4F2458EED-LeaderElection182
2022-06-29 11:32:49,260 INFO  impl.LeaderElection (LeaderElection.java:askForVotes(310)) - s2@group-54B4F2458EED-LeaderElection182 PRE_VOTE round 0: submit vote requests at term 3 for 28: [s0|rpc:localhost:46515|admin:localhost:40757|client:localhost:41939|dataStream:localhost:35593|priority:0, s1|rpc:localhost:34095|admin:localhost:43151|client:localhost:36051|dataStream:localhost:38995|priority:0, s2|rpc:localhost:40453|admin:localhost:33947|client:localhost:38503|dataStream:localhost:42009|priority:0], old=null
2022-06-29 11:32:49,262 INFO  server.RaftServer$Division (RaftServerImpl.java:requestVote(1152)) - s0@group-54B4F2458EED: receive requestVote(PRE_VOTE, s2, group-54B4F2458EED, 3, (t:3, i:31))
2022-06-29 11:32:49,262 WARN  server.GrpcServerProtocolService (LogUtils.java:warn(122)) - s0: Failed requestVote s2->s0#0: org.apache.ratis.protocol.exceptions.ServerNotReadyException: s0@group-54B4F2458EED is not in [RUNNING]: current state is CLOSED
2022-06-29 11:32:49,263 INFO  server.RaftServer$Division (RaftServerImpl.java:requestVote(1152)) - s1@group-54B4F2458EED: receive requestVote(PRE_VOTE, s2, group-54B4F2458EED, 3, (t:3, i:31))
2022-06-29 11:32:49,263 WARN  server.GrpcServerProtocolService (LogUtils.java:warn(122)) - s1: Failed requestVote s2->s1#0: org.apache.ratis.protocol.exceptions.ServerNotReadyException: s1@group-54B4F2458EED is not in [RUNNING]: current state is CLOSED
2022-06-29 11:32:49,266 INFO  impl.LeaderElection (LogUtils.java:infoOrTrace(137)) - s2@group-54B4F2458EED-LeaderElection182 got exception when requesting votes: java.util.concurrent.ExecutionException: org.apache.ratis.thirdparty.io.grpc.StatusRuntimeException: INTERNAL: s0@group-54B4F2458EED is not in [RUNNING]: current state is CLOSED
2022-06-29 11:32:49,266 INFO  impl.LeaderElection (LogUtils.java:infoOrTrace(137)) - s2@group-54B4F2458EED-LeaderElection182 got exception when requesting votes: java.util.concurrent.ExecutionException: org.apache.ratis.thirdparty.io.grpc.StatusRuntimeException: INTERNAL: s1@group-54B4F2458EED is not in [RUNNING]: current state is CLOSED
2022-06-29 11:32:49,267 INFO  impl.LeaderElection (LeaderElection.java:logAndReturn(90)) - s2@group-54B4F2458EED-LeaderElection182: PRE_VOTE REJECTED received 0 response(s) and 2 exception(s):
2022-06-29 11:32:49,267 INFO  impl.LeaderElection (LogUtils.java:infoOrTrace(137)) -   Exception 0: java.util.concurrent.ExecutionException: org.apache.ratis.thirdparty.io.grpc.StatusRuntimeException: INTERNAL: s0@group-54B4F2458EED is not in [RUNNING]: current state is CLOSED
2022-06-29 11:32:49,267 INFO  impl.LeaderElection (LogUtils.java:infoOrTrace(137)) -   Exception 1: java.util.concurrent.ExecutionException: org.apache.ratis.thirdparty.io.grpc.StatusRuntimeException: INTERNAL: s1@group-54B4F2458EED is not in [RUNNING]: current state is CLOSED
2022-06-29 11:32:49,267 INFO  impl.LeaderElection (LeaderElection.java:askForVotes(312)) - s2@group-54B4F2458EED-LeaderElection182 PRE_VOTE round 0: result REJECTED
2022-06-29 11:32:49,267 INFO  server.RaftServer$Division (RaftServerImpl.java:setRole(299)) - s2@group-54B4F2458EED: changes role from CANDIDATE to FOLLOWER at term 3 for REJECTED
2022-06-29 11:32:49,267 INFO  impl.RoleInfo (RoleInfo.java:shutdownLeaderElection(130)) - s2: shutdown s2@group-54B4F2458EED-LeaderElection182
2022-06-29 11:32:49,267 INFO  impl.RoleInfo (RoleInfo.java:updateAndGet(139)) - s2: start s2@group-54B4F2458EED-FollowerState
2022-06-29 11:32:49,460 INFO  impl.FollowerState (FollowerState.java:run(143)) - s2@group-54B4F2458EED-FollowerState: change to CANDIDATE, lastRpcElapsedTime:193235798ns, electionTimeout:192ms
2022-06-29 11:32:49,460 INFO  impl.RoleInfo (RoleInfo.java:shutdownFollowerState(110)) - s2: shutdown s2@group-54B4F2458EED-FollowerState
2022-06-29 11:32:49,460 INFO  server.RaftServer$Division (RaftServerImpl.java:setRole(299)) - s2@group-54B4F2458EED: changes role from  FOLLOWER to CANDIDATE at term 3 for changeToCandidate
2022-06-29 11:32:49,461 INFO  server.RaftServerConfigKeys (ConfUtils.java:logGet(46)) - raft.server.leaderelection.pre-vote = true (default)
2022-06-29 11:32:49,461 INFO  impl.RoleInfo (RoleInfo.java:updateAndGet(139)) - s2: start s2@group-54B4F2458EED-LeaderElection183
2022-06-29 11:32:49,463 INFO  impl.LeaderElection (LeaderElection.java:askForVotes(310)) - s2@group-54B4F2458EED-LeaderElection183 PRE_VOTE round 0: submit vote requests at term 3 for 28: [s0|rpc:localhost:46515|admin:localhost:40757|client:localhost:41939|dataStream:localhost:35593|priority:0, s1|rpc:localhost:34095|admin:localhost:43151|client:localhost:36051|dataStream:localhost:38995|priority:0, s2|rpc:localhost:40453|admin:localhost:33947|client:localhost:38503|dataStream:localhost:42009|priority:0], old=null
2022-06-29 11:32:49,468 INFO  server.RaftServer$Division (RaftServerImpl.java:requestVote(1152)) - s0@group-54B4F2458EED: receive requestVote(PRE_VOTE, s2, group-54B4F2458EED, 3, (t:3, i:31))
2022-06-29 11:32:49,468 WARN  server.GrpcServerProtocolService (LogUtils.java:warn(122)) - s0: Failed requestVote s2->s0#0: org.apache.ratis.protocol.exceptions.ServerNotReadyException: s0@group-54B4F2458EED is not in [RUNNING]: current state is CLOSED
2022-06-29 11:32:49,468 INFO  server.RaftServer$Division (RaftServerImpl.java:requestVote(1152)) - s1@group-54B4F2458EED: receive requestVote(PRE_VOTE, s2, group-54B4F2458EED, 3, (t:3, i:31))
2022-06-29 11:32:49,468 WARN  server.GrpcServerProtocolService (LogUtils.java:warn(122)) - s1: Failed requestVote s2->s1#0: org.apache.ratis.protocol.exceptions.ServerNotReadyException: s1@group-54B4F2458EED is not in [RUNNING]: current state is CLOSED
2022-06-29 11:32:49,470 INFO  impl.LeaderElection (LogUtils.java:infoOrTrace(137)) - s2@group-54B4F2458EED-LeaderElection183 got exception when requesting votes: java.util.concurrent.ExecutionException: org.apache.ratis.thirdparty.io.grpc.StatusRuntimeException: INTERNAL: s0@group-54B4F2458EED is not in [RUNNING]: current state is CLOSED
2022-06-29 11:32:49,470 INFO  impl.LeaderElection (LogUtils.java:infoOrTrace(137)) - s2@group-54B4F2458EED-LeaderElection183 got exception when requesting votes: java.util.concurrent.ExecutionException: org.apache.ratis.thirdparty.io.grpc.StatusRuntimeException: INTERNAL: s1@group-54B4F2458EED is not in [RUNNING]: current state is CLOSED
2022-06-29 11:32:49,470 INFO  impl.LeaderElection (LeaderElection.java:logAndReturn(90)) - s2@group-54B4F2458EED-LeaderElection183: PRE_VOTE REJECTED received 0 response(s) and 2 exception(s):
2022-06-29 11:32:49,470 INFO  impl.LeaderElection (LogUtils.java:infoOrTrace(137)) -   Exception 0: java.util.concurrent.ExecutionException: org.apache.ratis.thirdparty.io.grpc.StatusRuntimeException: INTERNAL: s0@group-54B4F2458EED is not in [RUNNING]: current state is CLOSED
2022-06-29 11:32:49,470 INFO  impl.LeaderElection (LogUtils.java:infoOrTrace(137)) -   Exception 1: java.util.concurrent.ExecutionException: org.apache.ratis.thirdparty.io.grpc.StatusRuntimeException: INTERNAL: s1@group-54B4F2458EED is not in [RUNNING]: current state is CLOSED
2022-06-29 11:32:49,470 INFO  impl.LeaderElection (LeaderElection.java:askForVotes(312)) - s2@group-54B4F2458EED-LeaderElection183 PRE_VOTE round 0: result REJECTED
2022-06-29 11:32:49,470 INFO  server.RaftServer$Division (RaftServerImpl.java:setRole(299)) - s2@group-54B4F2458EED: changes role from CANDIDATE to FOLLOWER at term 3 for REJECTED
2022-06-29 11:32:49,470 INFO  impl.RoleInfo (RoleInfo.java:shutdownLeaderElection(130)) - s2: shutdown s2@group-54B4F2458EED-LeaderElection183
2022-06-29 11:32:49,470 INFO  impl.RoleInfo (RoleInfo.java:updateAndGet(139)) - s2: start s2@group-54B4F2458EED-FollowerState
2022-06-29 11:32:49,648 INFO  impl.FollowerState (FollowerState.java:run(143)) - s2@group-54B4F2458EED-FollowerState: change to CANDIDATE, lastRpcElapsedTime:177752090ns, electionTimeout:176ms
2022-06-29 11:32:49,648 INFO  impl.RoleInfo (RoleInfo.java:shutdownFollowerState(110)) - s2: shutdown s2@group-54B4F2458EED-FollowerState
2022-06-29 11:32:49,648 INFO  server.RaftServer$Division (RaftServerImpl.java:setRole(299)) - s2@group-54B4F2458EED: changes role from  FOLLOWER to CANDIDATE at term 3 for changeToCandidate
2022-06-29 11:32:49,649 INFO  server.RaftServerConfigKeys (ConfUtils.java:logGet(46)) - raft.server.leaderelection.pre-vote = true (default)
2022-06-29 11:32:49,649 INFO  impl.RoleInfo (RoleInfo.java:updateAndGet(139)) - s2: start s2@group-54B4F2458EED-LeaderElection184
2022-06-29 11:32:49,653 INFO  impl.LeaderElection (LeaderElection.java:askForVotes(310)) - s2@group-54B4F2458EED-LeaderElection184 PRE_VOTE round 0: submit vote requests at term 3 for 28: [s0|rpc:localhost:46515|admin:localhost:40757|client:localhost:41939|dataStream:localhost:35593|priority:0, s1|rpc:localhost:34095|admin:localhost:43151|client:localhost:36051|dataStream:localhost:38995|priority:0, s2|rpc:localhost:40453|admin:localhost:33947|client:localhost:38503|dataStream:localhost:42009|priority:0], old=null
2022-06-29 11:32:49,657 INFO  server.RaftServer$Division (RaftServerImpl.java:requestVote(1152)) - s0@group-54B4F2458EED: receive requestVote(PRE_VOTE, s2, group-54B4F2458EED, 3, (t:3, i:31))
2022-06-29 11:32:49,657 WARN  server.GrpcServerProtocolService (LogUtils.java:warn(122)) - s0: Failed requestVote s2->s0#0: org.apache.ratis.protocol.exceptions.ServerNotReadyException: s0@group-54B4F2458EED is not in [RUNNING]: current state is CLOSED
2022-06-29 11:32:49,658 INFO  impl.LeaderElection (LogUtils.java:infoOrTrace(137)) - s2@group-54B4F2458EED-LeaderElection184 got exception when requesting votes: java.util.concurrent.ExecutionException: org.apache.ratis.thirdparty.io.grpc.StatusRuntimeException: INTERNAL: s0@group-54B4F2458EED is not in [RUNNING]: current state is CLOSED
2022-06-29 11:32:49,658 INFO  server.RaftServer$Division (RaftServerImpl.java:requestVote(1152)) - s1@group-54B4F2458EED: receive requestVote(PRE_VOTE, s2, group-54B4F2458EED, 3, (t:3, i:31))
2022-06-29 11:32:49,658 WARN  server.GrpcServerProtocolService (LogUtils.java:warn(122)) - s1: Failed requestVote s2->s1#0: org.apache.ratis.protocol.exceptions.ServerNotReadyException: s1@group-54B4F2458EED is not in [RUNNING]: current state is CLOSED
2022-06-29 11:32:49,661 INFO  impl.LeaderElection (LogUtils.java:infoOrTrace(137)) - s2@group-54B4F2458EED-LeaderElection184 got exception when requesting votes: java.util.concurrent.ExecutionException: org.apache.ratis.thirdparty.io.grpc.StatusRuntimeException: INTERNAL: s1@group-54B4F2458EED is not in [RUNNING]: current state is CLOSED
2022-06-29 11:32:49,662 INFO  impl.LeaderElection (LeaderElection.java:logAndReturn(90)) - s2@group-54B4F2458EED-LeaderElection184: PRE_VOTE REJECTED received 0 response(s) and 2 exception(s):
2022-06-29 11:32:49,662 INFO  impl.LeaderElection (LogUtils.java:infoOrTrace(137)) -   Exception 0: java.util.concurrent.ExecutionException: org.apache.ratis.thirdparty.io.grpc.StatusRuntimeException: INTERNAL: s0@group-54B4F2458EED is not in [RUNNING]: current state is CLOSED
2022-06-29 11:32:49,662 INFO  impl.LeaderElection (LogUtils.java:infoOrTrace(137)) -   Exception 1: java.util.concurrent.ExecutionException: org.apache.ratis.thirdparty.io.grpc.StatusRuntimeException: INTERNAL: s1@group-54B4F2458EED is not in [RUNNING]: current state is CLOSED
2022-06-29 11:32:49,662 INFO  impl.LeaderElection (LeaderElection.java:askForVotes(312)) - s2@group-54B4F2458EED-LeaderElection184 PRE_VOTE round 0: result REJECTED
2022-06-29 11:32:49,662 INFO  server.RaftServer$Division (RaftServerImpl.java:setRole(299)) - s2@group-54B4F2458EED: changes role from CANDIDATE to FOLLOWER at term 3 for REJECTED
2022-06-29 11:32:49,662 INFO  impl.RoleInfo (RoleInfo.java:shutdownLeaderElection(130)) - s2: shutdown s2@group-54B4F2458EED-LeaderElection184
2022-06-29 11:32:49,662 INFO  impl.RoleInfo (RoleInfo.java:updateAndGet(139)) - s2: start s2@group-54B4F2458EED-FollowerState
2022-06-29 11:32:49,932 INFO  impl.FollowerState (FollowerState.java:run(143)) - s2@group-54B4F2458EED-FollowerState: change to CANDIDATE, lastRpcElapsedTime:269788427ns, electionTimeout:267ms
2022-06-29 11:32:49,932 INFO  impl.RoleInfo (RoleInfo.java:shutdownFollowerState(110)) - s2: shutdown s2@group-54B4F2458EED-FollowerState
2022-06-29 11:32:49,932 INFO  server.RaftServer$Division (RaftServerImpl.java:setRole(299)) - s2@group-54B4F2458EED: changes role from  FOLLOWER to CANDIDATE at term 3 for changeToCandidate
2022-06-29 11:32:49,932 INFO  server.RaftServerConfigKeys (ConfUtils.java:logGet(46)) - raft.server.leaderelection.pre-vote = true (default)
2022-06-29 11:32:49,932 INFO  impl.RoleInfo (RoleInfo.java:updateAndGet(139)) - s2: start s2@group-54B4F2458EED-LeaderElection185
2022-06-29 11:32:49,934 INFO  impl.LeaderElection (LeaderElection.java:askForVotes(310)) - s2@group-54B4F2458EED-LeaderElection185 PRE_VOTE round 0: submit vote requests at term 3 for 28: [s0|rpc:localhost:46515|admin:localhost:40757|client:localhost:41939|dataStream:localhost:35593|priority:0, s1|rpc:localhost:34095|admin:localhost:43151|client:localhost:36051|dataStream:localhost:38995|priority:0, s2|rpc:localhost:40453|admin:localhost:33947|client:localhost:38503|dataStream:localhost:42009|priority:0], old=null
2022-06-29 11:32:49,941 INFO  server.RaftServer$Division (RaftServerImpl.java:requestVote(1152)) - s0@group-54B4F2458EED: receive requestVote(PRE_VOTE, s2, group-54B4F2458EED, 3, (t:3, i:31))
2022-06-29 11:32:49,941 WARN  server.GrpcServerProtocolService (LogUtils.java:warn(122)) - s0: Failed requestVote s2->s0#0: org.apache.ratis.protocol.exceptions.ServerNotReadyException: s0@group-54B4F2458EED is not in [RUNNING]: current state is CLOSED
2022-06-29 11:32:49,944 INFO  impl.LeaderElection (LogUtils.java:infoOrTrace(137)) - s2@group-54B4F2458EED-LeaderElection185 got exception when requesting votes: java.util.concurrent.ExecutionException: org.apache.ratis.thirdparty.io.grpc.StatusRuntimeException: INTERNAL: s0@group-54B4F2458EED is not in [RUNNING]: current state is CLOSED
2022-06-29 11:32:49,944 INFO  server.RaftServer$Division (RaftServerImpl.java:requestVote(1152)) - s1@group-54B4F2458EED: receive requestVote(PRE_VOTE, s2, group-54B4F2458EED, 3, (t:3, i:31))
2022-06-29 11:32:49,945 WARN  server.GrpcServerProtocolService (LogUtils.java:warn(122)) - s1: Failed requestVote s2->s1#0: org.apache.ratis.protocol.exceptions.ServerNotReadyException: s1@group-54B4F2458EED is not in [RUNNING]: current state is CLOSED
2022-06-29 11:32:49,945 INFO  impl.LeaderElection (LogUtils.java:infoOrTrace(137)) - s2@group-54B4F2458EED-LeaderElection185 got exception when requesting votes: java.util.concurrent.ExecutionException: org.apache.ratis.thirdparty.io.grpc.StatusRuntimeException: INTERNAL: s1@group-54B4F2458EED is not in [RUNNING]: current state is CLOSED
2022-06-29 11:32:49,945 INFO  impl.LeaderElection (LeaderElection.java:logAndReturn(90)) - s2@group-54B4F2458EED-LeaderElection185: PRE_VOTE REJECTED received 0 response(s) and 2 exception(s):
2022-06-29 11:32:49,945 INFO  impl.LeaderElection (LogUtils.java:infoOrTrace(137)) -   Exception 0: java.util.concurrent.ExecutionException: org.apache.ratis.thirdparty.io.grpc.StatusRuntimeException: INTERNAL: s0@group-54B4F2458EED is not in [RUNNING]: current state is CLOSED
2022-06-29 11:32:49,945 INFO  impl.LeaderElection (LogUtils.java:infoOrTrace(137)) -   Exception 1: java.util.concurrent.ExecutionException: org.apache.ratis.thirdparty.io.grpc.StatusRuntimeException: INTERNAL: s1@group-54B4F2458EED is not in [RUNNING]: current state is CLOSED
2022-06-29 11:32:49,947 INFO  impl.LeaderElection (LeaderElection.java:askForVotes(312)) - s2@group-54B4F2458EED-LeaderElection185 PRE_VOTE round 0: result REJECTED
2022-06-29 11:32:49,947 INFO  server.RaftServer$Division (RaftServerImpl.java:setRole(299)) - s2@group-54B4F2458EED: changes role from CANDIDATE to FOLLOWER at term 3 for REJECTED
2022-06-29 11:32:49,947 INFO  impl.RoleInfo (RoleInfo.java:shutdownLeaderElection(130)) - s2: shutdown s2@group-54B4F2458EED-LeaderElection185
2022-06-29 11:32:49,947 INFO  impl.RoleInfo (RoleInfo.java:updateAndGet(139)) - s2: start s2@group-54B4F2458EED-FollowerState
2022-06-29 11:32:50,117 INFO  impl.FollowerState (FollowerState.java:run(143)) - s2@group-54B4F2458EED-FollowerState: change to CANDIDATE, lastRpcElapsedTime:170722991ns, electionTimeout:168ms
2022-06-29 11:32:50,118 INFO  impl.RoleInfo (RoleInfo.java:shutdownFollowerState(110)) - s2: shutdown s2@group-54B4F2458EED-FollowerState
2022-06-29 11:32:50,118 INFO  server.RaftServer$Division (RaftServerImpl.java:setRole(299)) - s2@group-54B4F2458EED: changes role from  FOLLOWER to CANDIDATE at term 3 for changeToCandidate
2022-06-29 11:32:50,118 INFO  server.RaftServerConfigKeys (ConfUtils.java:logGet(46)) - raft.server.leaderelection.pre-vote = true (default)
2022-06-29 11:32:50,118 INFO  impl.RoleInfo (RoleInfo.java:updateAndGet(139)) - s2: start s2@group-54B4F2458EED-LeaderElection186
2022-06-29 11:32:50,121 INFO  impl.LeaderElection (LeaderElection.java:askForVotes(310)) - s2@group-54B4F2458EED-LeaderElection186 PRE_VOTE round 0: submit vote requests at term 3 for 28: [s0|rpc:localhost:46515|admin:localhost:40757|client:localhost:41939|dataStream:localhost:35593|priority:0, s1|rpc:localhost:34095|admin:localhost:43151|client:localhost:36051|dataStream:localhost:38995|priority:0, s2|rpc:localhost:40453|admin:localhost:33947|client:localhost:38503|dataStream:localhost:42009|priority:0], old=null
2022-06-29 11:32:50,131 INFO  server.RaftServer$Division (RaftServerImpl.java:requestVote(1152)) - s1@group-54B4F2458EED: receive requestVote(PRE_VOTE, s2, group-54B4F2458EED, 3, (t:3, i:31))
2022-06-29 11:32:50,131 WARN  server.GrpcServerProtocolService (LogUtils.java:warn(122)) - s1: Failed requestVote s2->s1#0: org.apache.ratis.protocol.exceptions.ServerNotReadyException: s1@group-54B4F2458EED is not in [RUNNING]: current state is CLOSED
2022-06-29 11:32:50,131 INFO  server.RaftServer$Division (RaftServerImpl.java:requestVote(1152)) - s0@group-54B4F2458EED: receive requestVote(PRE_VOTE, s2, group-54B4F2458EED, 3, (t:3, i:31))
2022-06-29 11:32:50,132 WARN  server.GrpcServerProtocolService (LogUtils.java:warn(122)) - s0: Failed requestVote s2->s0#0: org.apache.ratis.protocol.exceptions.ServerNotReadyException: s0@group-54B4F2458EED is not in [RUNNING]: current state is CLOSED
2022-06-29 11:32:50,132 INFO  impl.LeaderElection (LogUtils.java:infoOrTrace(137)) - s2@group-54B4F2458EED-LeaderElection186 got exception when requesting votes: java.util.concurrent.ExecutionException: org.apache.ratis.thirdparty.io.grpc.StatusRuntimeException: INTERNAL: s1@group-54B4F2458EED is not in [RUNNING]: current state is CLOSED
2022-06-29 11:32:50,133 INFO  impl.LeaderElection (LogUtils.java:infoOrTrace(137)) - s2@group-54B4F2458EED-LeaderElection186 got exception when requesting votes: java.util.concurrent.ExecutionException: org.apache.ratis.thirdparty.io.grpc.StatusRuntimeException: INTERNAL: s0@group-54B4F2458EED is not in [RUNNING]: current state is CLOSED
2022-06-29 11:32:50,133 INFO  impl.LeaderElection (LeaderElection.java:logAndReturn(90)) - s2@group-54B4F2458EED-LeaderElection186: PRE_VOTE REJECTED received 0 response(s) and 2 exception(s):
2022-06-29 11:32:50,133 INFO  impl.LeaderElection (LogUtils.java:infoOrTrace(137)) -   Exception 0: java.util.concurrent.ExecutionException: org.apache.ratis.thirdparty.io.grpc.StatusRuntimeException: INTERNAL: s1@group-54B4F2458EED is not in [RUNNING]: current state is CLOSED
2022-06-29 11:32:50,133 INFO  impl.LeaderElection (LogUtils.java:infoOrTrace(137)) -   Exception 1: java.util.concurrent.ExecutionException: org.apache.ratis.thirdparty.io.grpc.StatusRuntimeException: INTERNAL: s0@group-54B4F2458EED is not in [RUNNING]: current state is CLOSED
2022-06-29 11:32:50,133 INFO  impl.LeaderElection (LeaderElection.java:askForVotes(312)) - s2@group-54B4F2458EED-LeaderElection186 PRE_VOTE round 0: result REJECTED
2022-06-29 11:32:50,133 INFO  server.RaftServer$Division (RaftServerImpl.java:setRole(299)) - s2@group-54B4F2458EED: changes role from CANDIDATE to FOLLOWER at term 3 for REJECTED
2022-06-29 11:32:50,133 INFO  impl.RoleInfo (RoleInfo.java:shutdownLeaderElection(130)) - s2: shutdown s2@group-54B4F2458EED-LeaderElection186
2022-06-29 11:32:50,133 INFO  impl.RoleInfo (RoleInfo.java:updateAndGet(139)) - s2: start s2@group-54B4F2458EED-FollowerState
2022-06-29 11:32:50,357 INFO  impl.FollowerState (FollowerState.java:run(143)) - s2@group-54B4F2458EED-FollowerState: change to CANDIDATE, lastRpcElapsedTime:223720399ns, electionTimeout:222ms
2022-06-29 11:32:50,357 INFO  impl.RoleInfo (RoleInfo.java:shutdownFollowerState(110)) - s2: shutdown s2@group-54B4F2458EED-FollowerState
2022-06-29 11:32:50,357 INFO  server.RaftServer$Division (RaftServerImpl.java:setRole(299)) - s2@group-54B4F2458EED: changes role from  FOLLOWER to CANDIDATE at term 3 for changeToCandidate
2022-06-29 11:32:50,358 INFO  server.RaftServerConfigKeys (ConfUtils.java:logGet(46)) - raft.server.leaderelection.pre-vote = true (default)
2022-06-29 11:32:50,358 INFO  impl.RoleInfo (RoleInfo.java:updateAndGet(139)) - s2: start s2@group-54B4F2458EED-LeaderElection187
2022-06-29 11:32:50,360 INFO  impl.LeaderElection (LeaderElection.java:askForVotes(310)) - s2@group-54B4F2458EED-LeaderElection187 PRE_VOTE round 0: submit vote requests at term 3 for 28: [s0|rpc:localhost:46515|admin:localhost:40757|client:localhost:41939|dataStream:localhost:35593|priority:0, s1|rpc:localhost:34095|admin:localhost:43151|client:localhost:36051|dataStream:localhost:38995|priority:0, s2|rpc:localhost:40453|admin:localhost:33947|client:localhost:38503|dataStream:localhost:42009|priority:0], old=null
2022-06-29 11:32:50,361 INFO  server.RaftServer$Division (RaftServerImpl.java:requestVote(1152)) - s0@group-54B4F2458EED: receive requestVote(PRE_VOTE, s2, group-54B4F2458EED, 3, (t:3, i:31))
2022-06-29 11:32:50,361 WARN  server.GrpcServerProtocolService (LogUtils.java:warn(122)) - s0: Failed requestVote s2->s0#0: org.apache.ratis.protocol.exceptions.ServerNotReadyException: s0@group-54B4F2458EED is not in [RUNNING]: current state is CLOSED
2022-06-29 11:32:50,362 INFO  server.RaftServer$Division (RaftServerImpl.java:requestVote(1152)) - s1@group-54B4F2458EED: receive requestVote(PRE_VOTE, s2, group-54B4F2458EED, 3, (t:3, i:31))
2022-06-29 11:32:50,362 WARN  server.GrpcServerProtocolService (LogUtils.java:warn(122)) - s1: Failed requestVote s2->s1#0: org.apache.ratis.protocol.exceptions.ServerNotReadyException: s1@group-54B4F2458EED is not in [RUNNING]: current state is CLOSED
2022-06-29 11:32:50,363 INFO  impl.LeaderElection (LogUtils.java:infoOrTrace(137)) - s2@group-54B4F2458EED-LeaderElection187 got exception when requesting votes: java.util.concurrent.ExecutionException: org.apache.ratis.thirdparty.io.grpc.StatusRuntimeException: INTERNAL: s0@group-54B4F2458EED is not in [RUNNING]: current state is CLOSED
2022-06-29 11:32:50,364 INFO  impl.LeaderElection (LogUtils.java:infoOrTrace(137)) - s2@group-54B4F2458EED-LeaderElection187 got exception when requesting votes: java.util.concurrent.ExecutionException: org.apache.ratis.thirdparty.io.grpc.StatusRuntimeException: INTERNAL: s1@group-54B4F2458EED is not in [RUNNING]: current state is CLOSED
2022-06-29 11:32:50,364 INFO  impl.LeaderElection (LeaderElection.java:logAndReturn(90)) - s2@group-54B4F2458EED-LeaderElection187: PRE_VOTE REJECTED received 0 response(s) and 2 exception(s):
2022-06-29 11:32:50,364 INFO  impl.LeaderElection (LogUtils.java:infoOrTrace(137)) -   Exception 0: java.util.concurrent.ExecutionException: org.apache.ratis.thirdparty.io.grpc.StatusRuntimeException: INTERNAL: s0@group-54B4F2458EED is not in [RUNNING]: current state is CLOSED
2022-06-29 11:32:50,364 INFO  impl.LeaderElection (LogUtils.java:infoOrTrace(137)) -   Exception 1: java.util.concurrent.ExecutionException: org.apache.ratis.thirdparty.io.grpc.StatusRuntimeException: INTERNAL: s1@group-54B4F2458EED is not in [RUNNING]: current state is CLOSED
2022-06-29 11:32:50,365 INFO  impl.LeaderElection (LeaderElection.java:askForVotes(312)) - s2@group-54B4F2458EED-LeaderElection187 PRE_VOTE round 0: result REJECTED
2022-06-29 11:32:50,365 INFO  server.RaftServer$Division (RaftServerImpl.java:setRole(299)) - s2@group-54B4F2458EED: changes role from CANDIDATE to FOLLOWER at term 3 for REJECTED
2022-06-29 11:32:50,365 INFO  impl.RoleInfo (RoleInfo.java:shutdownLeaderElection(130)) - s2: shutdown s2@group-54B4F2458EED-LeaderElection187
2022-06-29 11:32:50,366 INFO  impl.RoleInfo (RoleInfo.java:updateAndGet(139)) - s2: start s2@group-54B4F2458EED-FollowerState
2022-06-29 11:32:50,564 INFO  impl.FollowerState (FollowerState.java:run(143)) - s2@group-54B4F2458EED-FollowerState: change to CANDIDATE, lastRpcElapsedTime:198195057ns, electionTimeout:197ms
2022-06-29 11:32:50,564 INFO  impl.RoleInfo (RoleInfo.java:shutdownFollowerState(110)) - s2: shutdown s2@group-54B4F2458EED-FollowerState
2022-06-29 11:32:50,564 INFO  server.RaftServer$Division (RaftServerImpl.java:setRole(299)) - s2@group-54B4F2458EED: changes role from  FOLLOWER to CANDIDATE at term 3 for changeToCandidate
2022-06-29 11:32:50,564 INFO  server.RaftServerConfigKeys (ConfUtils.java:logGet(46)) - raft.server.leaderelection.pre-vote = true (default)
2022-06-29 11:32:50,564 INFO  impl.RoleInfo (RoleInfo.java:updateAndGet(139)) - s2: start s2@group-54B4F2458EED-LeaderElection188
2022-06-29 11:32:50,565 INFO  impl.LeaderElection (LeaderElection.java:askForVotes(310)) - s2@group-54B4F2458EED-LeaderElection188 PRE_VOTE round 0: submit vote requests at term 3 for 28: [s0|rpc:localhost:46515|admin:localhost:40757|client:localhost:41939|dataStream:localhost:35593|priority:0, s1|rpc:localhost:34095|admin:localhost:43151|client:localhost:36051|dataStream:localhost:38995|priority:0, s2|rpc:localhost:40453|admin:localhost:33947|client:localhost:38503|dataStream:localhost:42009|priority:0], old=null
2022-06-29 11:32:50,570 INFO  server.RaftServer$Division (RaftServerImpl.java:requestVote(1152)) - s0@group-54B4F2458EED: receive requestVote(PRE_VOTE, s2, group-54B4F2458EED, 3, (t:3, i:31))
2022-06-29 11:32:50,570 WARN  server.GrpcServerProtocolService (LogUtils.java:warn(122)) - s0: Failed requestVote s2->s0#0: org.apache.ratis.protocol.exceptions.ServerNotReadyException: s0@group-54B4F2458EED is not in [RUNNING]: current state is CLOSED
2022-06-29 11:32:50,573 INFO  server.RaftServer$Division (RaftServerImpl.java:requestVote(1152)) - s1@group-54B4F2458EED: receive requestVote(PRE_VOTE, s2, group-54B4F2458EED, 3, (t:3, i:31))
2022-06-29 11:32:50,573 WARN  server.GrpcServerProtocolService (LogUtils.java:warn(122)) - s1: Failed requestVote s2->s1#0: org.apache.ratis.protocol.exceptions.ServerNotReadyException: s1@group-54B4F2458EED is not in [RUNNING]: current state is CLOSED
2022-06-29 11:32:50,576 INFO  impl.LeaderElection (LogUtils.java:infoOrTrace(137)) - s2@group-54B4F2458EED-LeaderElection188 got exception when requesting votes: java.util.concurrent.ExecutionException: org.apache.ratis.thirdparty.io.grpc.StatusRuntimeException: INTERNAL: s0@group-54B4F2458EED is not in [RUNNING]: current state is CLOSED
2022-06-29 11:32:50,577 INFO  impl.LeaderElection (LogUtils.java:infoOrTrace(137)) - s2@group-54B4F2458EED-LeaderElection188 got exception when requesting votes: java.util.concurrent.ExecutionException: org.apache.ratis.thirdparty.io.grpc.StatusRuntimeException: INTERNAL: s1@group-54B4F2458EED is not in [RUNNING]: current state is CLOSED
2022-06-29 11:32:50,577 INFO  impl.LeaderElection (LeaderElection.java:logAndReturn(90)) - s2@group-54B4F2458EED-LeaderElection188: PRE_VOTE REJECTED received 0 response(s) and 2 exception(s):
2022-06-29 11:32:50,577 INFO  impl.LeaderElection (LogUtils.java:infoOrTrace(137)) -   Exception 0: java.util.concurrent.ExecutionException: org.apache.ratis.thirdparty.io.grpc.StatusRuntimeException: INTERNAL: s0@group-54B4F2458EED is not in [RUNNING]: current state is CLOSED
2022-06-29 11:32:50,577 INFO  impl.LeaderElection (LogUtils.java:infoOrTrace(137)) -   Exception 1: java.util.concurrent.ExecutionException: org.apache.ratis.thirdparty.io.grpc.StatusRuntimeException: INTERNAL: s1@group-54B4F2458EED is not in [RUNNING]: current state is CLOSED
2022-06-29 11:32:50,583 INFO  impl.LeaderElection (LeaderElection.java:askForVotes(312)) - s2@group-54B4F2458EED-LeaderElection188 PRE_VOTE round 0: result REJECTED
2022-06-29 11:32:50,583 INFO  server.RaftServer$Division (RaftServerImpl.java:setRole(299)) - s2@group-54B4F2458EED: changes role from CANDIDATE to FOLLOWER at term 3 for REJECTED
2022-06-29 11:32:50,583 INFO  impl.RoleInfo (RoleInfo.java:shutdownLeaderElection(130)) - s2: shutdown s2@group-54B4F2458EED-LeaderElection188
2022-06-29 11:32:50,584 INFO  impl.RoleInfo (RoleInfo.java:updateAndGet(139)) - s2: start s2@group-54B4F2458EED-FollowerState
2022-06-29 11:32:50,743 INFO  impl.FollowerState (FollowerState.java:run(143)) - s2@group-54B4F2458EED-FollowerState: change to CANDIDATE, lastRpcElapsedTime:159879744ns, electionTimeout:158ms
2022-06-29 11:32:50,744 INFO  impl.RoleInfo (RoleInfo.java:shutdownFollowerState(110)) - s2: shutdown s2@group-54B4F2458EED-FollowerState
2022-06-29 11:32:50,744 INFO  server.RaftServer$Division (RaftServerImpl.java:setRole(299)) - s2@group-54B4F2458EED: changes role from  FOLLOWER to CANDIDATE at term 3 for changeToCandidate
2022-06-29 11:32:50,746 INFO  server.RaftServerConfigKeys (ConfUtils.java:logGet(46)) - raft.server.leaderelection.pre-vote = true (default)
2022-06-29 11:32:50,746 INFO  impl.RoleInfo (RoleInfo.java:updateAndGet(139)) - s2: start s2@group-54B4F2458EED-LeaderElection189
2022-06-29 11:32:50,749 INFO  impl.LeaderElection (LeaderElection.java:askForVotes(310)) - s2@group-54B4F2458EED-LeaderElection189 PRE_VOTE round 0: submit vote requests at term 3 for 28: [s0|rpc:localhost:46515|admin:localhost:40757|client:localhost:41939|dataStream:localhost:35593|priority:0, s1|rpc:localhost:34095|admin:localhost:43151|client:localhost:36051|dataStream:localhost:38995|priority:0, s2|rpc:localhost:40453|admin:localhost:33947|client:localhost:38503|dataStream:localhost:42009|priority:0], old=null
2022-06-29 11:32:50,754 INFO  server.RaftServer$Division (RaftServerImpl.java:requestVote(1152)) - s0@group-54B4F2458EED: receive requestVote(PRE_VOTE, s2, group-54B4F2458EED, 3, (t:3, i:31))
2022-06-29 11:32:50,754 WARN  server.GrpcServerProtocolService (LogUtils.java:warn(122)) - s0: Failed requestVote s2->s0#0: org.apache.ratis.protocol.exceptions.ServerNotReadyException: s0@group-54B4F2458EED is not in [RUNNING]: current state is CLOSED
2022-06-29 11:32:50,755 INFO  server.RaftServer$Division (RaftServerImpl.java:requestVote(1152)) - s1@group-54B4F2458EED: receive requestVote(PRE_VOTE, s2, group-54B4F2458EED, 3, (t:3, i:31))
2022-06-29 11:32:50,755 WARN  server.GrpcServerProtocolService (LogUtils.java:warn(122)) - s1: Failed requestVote s2->s1#0: org.apache.ratis.protocol.exceptions.ServerNotReadyException: s1@group-54B4F2458EED is not in [RUNNING]: current state is CLOSED
2022-06-29 11:32:50,759 INFO  impl.LeaderElection (LogUtils.java:infoOrTrace(137)) - s2@group-54B4F2458EED-LeaderElection189 got exception when requesting votes: java.util.concurrent.ExecutionException: org.apache.ratis.thirdparty.io.grpc.StatusRuntimeException: INTERNAL: s1@group-54B4F2458EED is not in [RUNNING]: current state is CLOSED
2022-06-29 11:32:50,759 INFO  impl.LeaderElection (LogUtils.java:infoOrTrace(137)) - s2@group-54B4F2458EED-LeaderElection189 got exception when requesting votes: java.util.concurrent.ExecutionException: org.apache.ratis.thirdparty.io.grpc.StatusRuntimeException: INTERNAL: s0@group-54B4F2458EED is not in [RUNNING]: current state is CLOSED
2022-06-29 11:32:50,759 INFO  impl.LeaderElection (LeaderElection.java:logAndReturn(90)) - s2@group-54B4F2458EED-LeaderElection189: PRE_VOTE REJECTED received 0 response(s) and 2 exception(s):
2022-06-29 11:32:50,759 INFO  impl.LeaderElection (LogUtils.java:infoOrTrace(137)) -   Exception 0: java.util.concurrent.ExecutionException: org.apache.ratis.thirdparty.io.grpc.StatusRuntimeException: INTERNAL: s1@group-54B4F2458EED is not in [RUNNING]: current state is CLOSED
2022-06-29 11:32:50,759 INFO  impl.LeaderElection (LogUtils.java:infoOrTrace(137)) -   Exception 1: java.util.concurrent.ExecutionException: org.apache.ratis.thirdparty.io.grpc.StatusRuntimeException: INTERNAL: s0@group-54B4F2458EED is not in [RUNNING]: current state is CLOSED
2022-06-29 11:32:50,759 INFO  impl.LeaderElection (LeaderElection.java:askForVotes(312)) - s2@group-54B4F2458EED-LeaderElection189 PRE_VOTE round 0: result REJECTED
2022-06-29 11:32:50,759 INFO  server.RaftServer$Division (RaftServerImpl.java:setRole(299)) - s2@group-54B4F2458EED: changes role from CANDIDATE to FOLLOWER at term 3 for REJECTED
2022-06-29 11:32:50,759 INFO  impl.RoleInfo (RoleInfo.java:shutdownLeaderElection(130)) - s2: shutdown s2@group-54B4F2458EED-LeaderElection189
2022-06-29 11:32:50,759 INFO  impl.RoleInfo (RoleInfo.java:updateAndGet(139)) - s2: start s2@group-54B4F2458EED-FollowerState
2022-06-29 11:32:50,951 INFO  impl.FollowerState (FollowerState.java:run(143)) - s2@group-54B4F2458EED-FollowerState: change to CANDIDATE, lastRpcElapsedTime:191707171ns, electionTimeout:191ms
2022-06-29 11:32:50,951 INFO  impl.RoleInfo (RoleInfo.java:shutdownFollowerState(110)) - s2: shutdown s2@group-54B4F2458EED-FollowerState
2022-06-29 11:32:50,951 INFO  server.RaftServer$Division (RaftServerImpl.java:setRole(299)) - s2@group-54B4F2458EED: changes role from  FOLLOWER to CANDIDATE at term 3 for changeToCandidate
2022-06-29 11:32:50,952 INFO  server.RaftServerConfigKeys (ConfUtils.java:logGet(46)) - raft.server.leaderelection.pre-vote = true (default)
2022-06-29 11:32:50,952 INFO  impl.RoleInfo (RoleInfo.java:updateAndGet(139)) - s2: start s2@group-54B4F2458EED-LeaderElection190
2022-06-29 11:32:50,954 INFO  impl.LeaderElection (LeaderElection.java:askForVotes(310)) - s2@group-54B4F2458EED-LeaderElection190 PRE_VOTE round 0: submit vote requests at term 3 for 28: [s0|rpc:localhost:46515|admin:localhost:40757|client:localhost:41939|dataStream:localhost:35593|priority:0, s1|rpc:localhost:34095|admin:localhost:43151|client:localhost:36051|dataStream:localhost:38995|priority:0, s2|rpc:localhost:40453|admin:localhost:33947|client:localhost:38503|dataStream:localhost:42009|priority:0], old=null
2022-06-29 11:32:50,956 INFO  server.RaftServer$Division (RaftServerImpl.java:requestVote(1152)) - s0@group-54B4F2458EED: receive requestVote(PRE_VOTE, s2, group-54B4F2458EED, 3, (t:3, i:31))
2022-06-29 11:32:50,956 WARN  server.GrpcServerProtocolService (LogUtils.java:warn(122)) - s0: Failed requestVote s2->s0#0: org.apache.ratis.protocol.exceptions.ServerNotReadyException: s0@group-54B4F2458EED is not in [RUNNING]: current state is CLOSED
2022-06-29 11:32:50,958 INFO  server.RaftServer$Division (RaftServerImpl.java:requestVote(1152)) - s1@group-54B4F2458EED: receive requestVote(PRE_VOTE, s2, group-54B4F2458EED, 3, (t:3, i:31))
2022-06-29 11:32:50,959 WARN  server.GrpcServerProtocolService (LogUtils.java:warn(122)) - s1: Failed requestVote s2->s1#0: org.apache.ratis.protocol.exceptions.ServerNotReadyException: s1@group-54B4F2458EED is not in [RUNNING]: current state is CLOSED
2022-06-29 11:32:50,959 INFO  impl.LeaderElection (LogUtils.java:infoOrTrace(137)) - s2@group-54B4F2458EED-LeaderElection190 got exception when requesting votes: java.util.concurrent.ExecutionException: org.apache.ratis.thirdparty.io.grpc.StatusRuntimeException: INTERNAL: s0@group-54B4F2458EED is not in [RUNNING]: current state is CLOSED
2022-06-29 11:32:50,959 INFO  impl.LeaderElection (LogUtils.java:infoOrTrace(137)) - s2@group-54B4F2458EED-LeaderElection190 got exception when requesting votes: java.util.concurrent.ExecutionException: org.apache.ratis.thirdparty.io.grpc.StatusRuntimeException: INTERNAL: s1@group-54B4F2458EED is not in [RUNNING]: current state is CLOSED
2022-06-29 11:32:50,959 INFO  impl.LeaderElection (LeaderElection.java:logAndReturn(90)) - s2@group-54B4F2458EED-LeaderElection190: PRE_VOTE REJECTED received 0 response(s) and 2 exception(s):
2022-06-29 11:32:50,960 INFO  impl.LeaderElection (LogUtils.java:infoOrTrace(137)) -   Exception 0: java.util.concurrent.ExecutionException: org.apache.ratis.thirdparty.io.grpc.StatusRuntimeException: INTERNAL: s0@group-54B4F2458EED is not in [RUNNING]: current state is CLOSED
2022-06-29 11:32:50,960 INFO  impl.LeaderElection (LogUtils.java:infoOrTrace(137)) -   Exception 1: java.util.concurrent.ExecutionException: org.apache.ratis.thirdparty.io.grpc.StatusRuntimeException: INTERNAL: s1@group-54B4F2458EED is not in [RUNNING]: current state is CLOSED
2022-06-29 11:32:50,963 INFO  impl.LeaderElection (LeaderElection.java:askForVotes(312)) - s2@group-54B4F2458EED-LeaderElection190 PRE_VOTE round 0: result REJECTED
2022-06-29 11:32:50,963 INFO  server.RaftServer$Division (RaftServerImpl.java:setRole(299)) - s2@group-54B4F2458EED: changes role from CANDIDATE to FOLLOWER at term 3 for REJECTED
2022-06-29 11:32:50,963 INFO  impl.RoleInfo (RoleInfo.java:shutdownLeaderElection(130)) - s2: shutdown s2@group-54B4F2458EED-LeaderElection190
2022-06-29 11:32:50,963 INFO  impl.RoleInfo (RoleInfo.java:updateAndGet(139)) - s2: start s2@group-54B4F2458EED-FollowerState
2022-06-29 11:32:51,156 INFO  impl.FollowerState (FollowerState.java:run(143)) - s2@group-54B4F2458EED-FollowerState: change to CANDIDATE, lastRpcElapsedTime:192542276ns, electionTimeout:191ms
2022-06-29 11:32:51,156 INFO  impl.RoleInfo (RoleInfo.java:shutdownFollowerState(110)) - s2: shutdown s2@group-54B4F2458EED-FollowerState
2022-06-29 11:32:51,156 INFO  server.RaftServer$Division (RaftServerImpl.java:setRole(299)) - s2@group-54B4F2458EED: changes role from  FOLLOWER to CANDIDATE at term 3 for changeToCandidate
2022-06-29 11:32:51,156 INFO  server.RaftServerConfigKeys (ConfUtils.java:logGet(46)) - raft.server.leaderelection.pre-vote = true (default)
2022-06-29 11:32:51,156 INFO  impl.RoleInfo (RoleInfo.java:updateAndGet(139)) - s2: start s2@group-54B4F2458EED-LeaderElection191
2022-06-29 11:32:51,157 INFO  impl.LeaderElection (LeaderElection.java:askForVotes(310)) - s2@group-54B4F2458EED-LeaderElection191 PRE_VOTE round 0: submit vote requests at term 3 for 28: [s0|rpc:localhost:46515|admin:localhost:40757|client:localhost:41939|dataStream:localhost:35593|priority:0, s1|rpc:localhost:34095|admin:localhost:43151|client:localhost:36051|dataStream:localhost:38995|priority:0, s2|rpc:localhost:40453|admin:localhost:33947|client:localhost:38503|dataStream:localhost:42009|priority:0], old=null
2022-06-29 11:32:51,159 INFO  server.RaftServer$Division (RaftServerImpl.java:requestVote(1152)) - s1@group-54B4F2458EED: receive requestVote(PRE_VOTE, s2, group-54B4F2458EED, 3, (t:3, i:31))
2022-06-29 11:32:51,159 WARN  server.GrpcServerProtocolService (LogUtils.java:warn(122)) - s1: Failed requestVote s2->s1#0: org.apache.ratis.protocol.exceptions.ServerNotReadyException: s1@group-54B4F2458EED is not in [RUNNING]: current state is CLOSED
2022-06-29 11:32:51,161 INFO  server.RaftServer$Division (RaftServerImpl.java:requestVote(1152)) - s0@group-54B4F2458EED: receive requestVote(PRE_VOTE, s2, group-54B4F2458EED, 3, (t:3, i:31))
2022-06-29 11:32:51,161 WARN  server.GrpcServerProtocolService (LogUtils.java:warn(122)) - s0: Failed requestVote s2->s0#0: org.apache.ratis.protocol.exceptions.ServerNotReadyException: s0@group-54B4F2458EED is not in [RUNNING]: current state is CLOSED
2022-06-29 11:32:51,163 INFO  impl.LeaderElection (LogUtils.java:infoOrTrace(137)) - s2@group-54B4F2458EED-LeaderElection191 got exception when requesting votes: java.util.concurrent.ExecutionException: org.apache.ratis.thirdparty.io.grpc.StatusRuntimeException: INTERNAL: s1@group-54B4F2458EED is not in [RUNNING]: current state is CLOSED
2022-06-29 11:32:51,163 INFO  impl.LeaderElection (LogUtils.java:infoOrTrace(137)) - s2@group-54B4F2458EED-LeaderElection191 got exception when requesting votes: java.util.concurrent.ExecutionException: org.apache.ratis.thirdparty.io.grpc.StatusRuntimeException: INTERNAL: s0@group-54B4F2458EED is not in [RUNNING]: current state is CLOSED
2022-06-29 11:32:51,163 INFO  impl.LeaderElection (LeaderElection.java:logAndReturn(90)) - s2@group-54B4F2458EED-LeaderElection191: PRE_VOTE REJECTED received 0 response(s) and 2 exception(s):
2022-06-29 11:32:51,163 INFO  impl.LeaderElection (LogUtils.java:infoOrTrace(137)) -   Exception 0: java.util.concurrent.ExecutionException: org.apache.ratis.thirdparty.io.grpc.StatusRuntimeException: INTERNAL: s1@group-54B4F2458EED is not in [RUNNING]: current state is CLOSED
2022-06-29 11:32:51,163 INFO  impl.LeaderElection (LogUtils.java:infoOrTrace(137)) -   Exception 1: java.util.concurrent.ExecutionException: org.apache.ratis.thirdparty.io.grpc.StatusRuntimeException: INTERNAL: s0@group-54B4F2458EED is not in [RUNNING]: current state is CLOSED
2022-06-29 11:32:51,163 INFO  impl.LeaderElection (LeaderElection.java:askForVotes(312)) - s2@group-54B4F2458EED-LeaderElection191 PRE_VOTE round 0: result REJECTED
2022-06-29 11:32:51,163 INFO  server.RaftServer$Division (RaftServerImpl.java:setRole(299)) - s2@group-54B4F2458EED: changes role from CANDIDATE to FOLLOWER at term 3 for REJECTED
2022-06-29 11:32:51,163 INFO  impl.RoleInfo (RoleInfo.java:shutdownLeaderElection(130)) - s2: shutdown s2@group-54B4F2458EED-LeaderElection191
2022-06-29 11:32:51,163 INFO  impl.RoleInfo (RoleInfo.java:updateAndGet(139)) - s2: start s2@group-54B4F2458EED-FollowerState
2022-06-29 11:32:51,362 INFO  impl.FollowerState (FollowerState.java:run(143)) - s2@group-54B4F2458EED-FollowerState: change to CANDIDATE, lastRpcElapsedTime:198663656ns, electionTimeout:197ms
2022-06-29 11:32:51,362 INFO  impl.RoleInfo (RoleInfo.java:shutdownFollowerState(110)) - s2: shutdown s2@group-54B4F2458EED-FollowerState
2022-06-29 11:32:51,362 INFO  server.RaftServer$Division (RaftServerImpl.java:setRole(299)) - s2@group-54B4F2458EED: changes role from  FOLLOWER to CANDIDATE at term 3 for changeToCandidate
2022-06-29 11:32:51,363 INFO  server.RaftServerConfigKeys (ConfUtils.java:logGet(46)) - raft.server.leaderelection.pre-vote = true (default)
2022-06-29 11:32:51,363 INFO  impl.RoleInfo (RoleInfo.java:updateAndGet(139)) - s2: start s2@group-54B4F2458EED-LeaderElection192
2022-06-29 11:32:51,364 INFO  impl.LeaderElection (LeaderElection.java:askForVotes(310)) - s2@group-54B4F2458EED-LeaderElection192 PRE_VOTE round 0: submit vote requests at term 3 for 28: [s0|rpc:localhost:46515|admin:localhost:40757|client:localhost:41939|dataStream:localhost:35593|priority:0, s1|rpc:localhost:34095|admin:localhost:43151|client:localhost:36051|dataStream:localhost:38995|priority:0, s2|rpc:localhost:40453|admin:localhost:33947|client:localhost:38503|dataStream:localhost:42009|priority:0], old=null
2022-06-29 11:32:51,367 INFO  server.RaftServer$Division (RaftServerImpl.java:requestVote(1152)) - s0@group-54B4F2458EED: receive requestVote(PRE_VOTE, s2, group-54B4F2458EED, 3, (t:3, i:31))
2022-06-29 11:32:51,368 WARN  server.GrpcServerProtocolService (LogUtils.java:warn(122)) - s0: Failed requestVote s2->s0#0: org.apache.ratis.protocol.exceptions.ServerNotReadyException: s0@group-54B4F2458EED is not in [RUNNING]: current state is CLOSED
2022-06-29 11:32:51,369 INFO  server.RaftServer$Division (RaftServerImpl.java:requestVote(1152)) - s1@group-54B4F2458EED: receive requestVote(PRE_VOTE, s2, group-54B4F2458EED, 3, (t:3, i:31))
2022-06-29 11:32:51,369 WARN  server.GrpcServerProtocolService (LogUtils.java:warn(122)) - s1: Failed requestVote s2->s1#0: org.apache.ratis.protocol.exceptions.ServerNotReadyException: s1@group-54B4F2458EED is not in [RUNNING]: current state is CLOSED
2022-06-29 11:32:51,370 INFO  impl.LeaderElection (LogUtils.java:infoOrTrace(137)) - s2@group-54B4F2458EED-LeaderElection192 got exception when requesting votes: java.util.concurrent.ExecutionException: org.apache.ratis.thirdparty.io.grpc.StatusRuntimeException: INTERNAL: s0@group-54B4F2458EED is not in [RUNNING]: current state is CLOSED
2022-06-29 11:32:51,370 INFO  impl.LeaderElection (LogUtils.java:infoOrTrace(137)) - s2@group-54B4F2458EED-LeaderElection192 got exception when requesting votes: java.util.concurrent.ExecutionException: org.apache.ratis.thirdparty.io.grpc.StatusRuntimeException: INTERNAL: s1@group-54B4F2458EED is not in [RUNNING]: current state is CLOSED
2022-06-29 11:32:51,371 INFO  impl.LeaderElection (LeaderElection.java:logAndReturn(90)) - s2@group-54B4F2458EED-LeaderElection192: PRE_VOTE REJECTED received 0 response(s) and 2 exception(s):
2022-06-29 11:32:51,371 INFO  impl.LeaderElection (LogUtils.java:infoOrTrace(137)) -   Exception 0: java.util.concurrent.ExecutionException: org.apache.ratis.thirdparty.io.grpc.StatusRuntimeException: INTERNAL: s0@group-54B4F2458EED is not in [RUNNING]: current state is CLOSED
2022-06-29 11:32:51,371 INFO  impl.LeaderElection (LogUtils.java:infoOrTrace(137)) -   Exception 1: java.util.concurrent.ExecutionException: org.apache.ratis.thirdparty.io.grpc.StatusRuntimeException: INTERNAL: s1@group-54B4F2458EED is not in [RUNNING]: current state is CLOSED
2022-06-29 11:32:51,371 INFO  impl.LeaderElection (LeaderElection.java:askForVotes(312)) - s2@group-54B4F2458EED-LeaderElection192 PRE_VOTE round 0: result REJECTED
2022-06-29 11:32:51,371 INFO  server.RaftServer$Division (RaftServerImpl.java:setRole(299)) - s2@group-54B4F2458EED: changes role from CANDIDATE to FOLLOWER at term 3 for REJECTED
2022-06-29 11:32:51,371 INFO  impl.RoleInfo (RoleInfo.java:shutdownLeaderElection(130)) - s2: shutdown s2@group-54B4F2458EED-LeaderElection192
2022-06-29 11:32:51,377 INFO  impl.RoleInfo (RoleInfo.java:updateAndGet(139)) - s2: start s2@group-54B4F2458EED-FollowerState
2022-06-29 11:32:51,539 INFO  impl.FollowerState (FollowerState.java:run(143)) - s2@group-54B4F2458EED-FollowerState: change to CANDIDATE, lastRpcElapsedTime:161269556ns, electionTimeout:159ms
2022-06-29 11:32:51,539 INFO  impl.RoleInfo (RoleInfo.java:shutdownFollowerState(110)) - s2: shutdown s2@group-54B4F2458EED-FollowerState
2022-06-29 11:32:51,539 INFO  server.RaftServer$Division (RaftServerImpl.java:setRole(299)) - s2@group-54B4F2458EED: changes role from  FOLLOWER to CANDIDATE at term 3 for changeToCandidate
2022-06-29 11:32:51,539 INFO  server.RaftServerConfigKeys (ConfUtils.java:logGet(46)) - raft.server.leaderelection.pre-vote = true (default)
2022-06-29 11:32:51,539 INFO  impl.RoleInfo (RoleInfo.java:updateAndGet(139)) - s2: start s2@group-54B4F2458EED-LeaderElection193
2022-06-29 11:32:51,539 INFO  impl.LeaderElection (LeaderElection.java:askForVotes(310)) - s2@group-54B4F2458EED-LeaderElection193 PRE_VOTE round 0: submit vote requests at term 3 for 28: [s0|rpc:localhost:46515|admin:localhost:40757|client:localhost:41939|dataStream:localhost:35593|priority:0, s1|rpc:localhost:34095|admin:localhost:43151|client:localhost:36051|dataStream:localhost:38995|priority:0, s2|rpc:localhost:40453|admin:localhost:33947|client:localhost:38503|dataStream:localhost:42009|priority:0], old=null
2022-06-29 11:32:51,543 INFO  server.RaftServer$Division (RaftServerImpl.java:requestVote(1152)) - s0@group-54B4F2458EED: receive requestVote(PRE_VOTE, s2, group-54B4F2458EED, 3, (t:3, i:31))
2022-06-29 11:32:51,543 WARN  server.GrpcServerProtocolService (LogUtils.java:warn(122)) - s0: Failed requestVote s2->s0#0: org.apache.ratis.protocol.exceptions.ServerNotReadyException: s0@group-54B4F2458EED is not in [RUNNING]: current state is CLOSED
2022-06-29 11:32:51,546 INFO  server.RaftServer$Division (RaftServerImpl.java:requestVote(1152)) - s1@group-54B4F2458EED: receive requestVote(PRE_VOTE, s2, group-54B4F2458EED, 3, (t:3, i:31))
2022-06-29 11:32:51,546 WARN  server.GrpcServerProtocolService (LogUtils.java:warn(122)) - s1: Failed requestVote s2->s1#0: org.apache.ratis.protocol.exceptions.ServerNotReadyException: s1@group-54B4F2458EED is not in [RUNNING]: current state is CLOSED
2022-06-29 11:32:51,547 INFO  impl.LeaderElection (LogUtils.java:infoOrTrace(137)) - s2@group-54B4F2458EED-LeaderElection193 got exception when requesting votes: java.util.concurrent.ExecutionException: org.apache.ratis.thirdparty.io.grpc.StatusRuntimeException: INTERNAL: s0@group-54B4F2458EED is not in [RUNNING]: current state is CLOSED
2022-06-29 11:32:51,547 INFO  impl.LeaderElection (LogUtils.java:infoOrTrace(137)) - s2@group-54B4F2458EED-LeaderElection193 got exception when requesting votes: java.util.concurrent.ExecutionException: org.apache.ratis.thirdparty.io.grpc.StatusRuntimeException: INTERNAL: s1@group-54B4F2458EED is not in [RUNNING]: current state is CLOSED
2022-06-29 11:32:51,547 INFO  impl.LeaderElection (LeaderElection.java:logAndReturn(90)) - s2@group-54B4F2458EED-LeaderElection193: PRE_VOTE REJECTED received 0 response(s) and 2 exception(s):
2022-06-29 11:32:51,547 INFO  impl.LeaderElection (LogUtils.java:infoOrTrace(137)) -   Exception 0: java.util.concurrent.ExecutionException: org.apache.ratis.thirdparty.io.grpc.StatusRuntimeException: INTERNAL: s0@group-54B4F2458EED is not in [RUNNING]: current state is CLOSED
2022-06-29 11:32:51,547 INFO  impl.LeaderElection (LogUtils.java:infoOrTrace(137)) -   Exception 1: java.util.concurrent.ExecutionException: org.apache.ratis.thirdparty.io.grpc.StatusRuntimeException: INTERNAL: s1@group-54B4F2458EED is not in [RUNNING]: current state is CLOSED
2022-06-29 11:32:51,547 INFO  impl.LeaderElection (LeaderElection.java:askForVotes(312)) - s2@group-54B4F2458EED-LeaderElection193 PRE_VOTE round 0: result REJECTED
2022-06-29 11:32:51,547 INFO  server.RaftServer$Division (RaftServerImpl.java:setRole(299)) - s2@group-54B4F2458EED: changes role from CANDIDATE to FOLLOWER at term 3 for REJECTED
2022-06-29 11:32:51,547 INFO  impl.RoleInfo (RoleInfo.java:shutdownLeaderElection(130)) - s2: shutdown s2@group-54B4F2458EED-LeaderElection193
2022-06-29 11:32:51,547 INFO  impl.RoleInfo (RoleInfo.java:updateAndGet(139)) - s2: start s2@group-54B4F2458EED-FollowerState
2022-06-29 11:32:51,818 INFO  impl.FollowerState (FollowerState.java:run(143)) - s2@group-54B4F2458EED-FollowerState: change to CANDIDATE, lastRpcElapsedTime:271498030ns, electionTimeout:269ms
2022-06-29 11:32:51,819 INFO  impl.RoleInfo (RoleInfo.java:shutdownFollowerState(110)) - s2: shutdown s2@group-54B4F2458EED-FollowerState
2022-06-29 11:32:51,819 INFO  server.RaftServer$Division (RaftServerImpl.java:setRole(299)) - s2@group-54B4F2458EED: changes role from  FOLLOWER to CANDIDATE at term 3 for changeToCandidate
2022-06-29 11:32:51,819 INFO  server.RaftServerConfigKeys (ConfUtils.java:logGet(46)) - raft.server.leaderelection.pre-vote = true (default)
2022-06-29 11:32:51,819 INFO  impl.RoleInfo (RoleInfo.java:updateAndGet(139)) - s2: start s2@group-54B4F2458EED-LeaderElection194
2022-06-29 11:32:51,821 INFO  impl.LeaderElection (LeaderElection.java:askForVotes(310)) - s2@group-54B4F2458EED-LeaderElection194 PRE_VOTE round 0: submit vote requests at term 3 for 28: [s0|rpc:localhost:46515|admin:localhost:40757|client:localhost:41939|dataStream:localhost:35593|priority:0, s1|rpc:localhost:34095|admin:localhost:43151|client:localhost:36051|dataStream:localhost:38995|priority:0, s2|rpc:localhost:40453|admin:localhost:33947|client:localhost:38503|dataStream:localhost:42009|priority:0], old=null
2022-06-29 11:32:51,825 INFO  server.RaftServer$Division (RaftServerImpl.java:requestVote(1152)) - s0@group-54B4F2458EED: receive requestVote(PRE_VOTE, s2, group-54B4F2458EED, 3, (t:3, i:31))
2022-06-29 11:32:51,825 WARN  server.GrpcServerProtocolService (LogUtils.java:warn(122)) - s0: Failed requestVote s2->s0#0: org.apache.ratis.protocol.exceptions.ServerNotReadyException: s0@group-54B4F2458EED is not in [RUNNING]: current state is CLOSED
2022-06-29 11:32:51,826 INFO  server.RaftServer$Division (RaftServerImpl.java:requestVote(1152)) - s1@group-54B4F2458EED: receive requestVote(PRE_VOTE, s2, group-54B4F2458EED, 3, (t:3, i:31))
2022-06-29 11:32:51,826 WARN  server.GrpcServerProtocolService (LogUtils.java:warn(122)) - s1: Failed requestVote s2->s1#0: org.apache.ratis.protocol.exceptions.ServerNotReadyException: s1@group-54B4F2458EED is not in [RUNNING]: current state is CLOSED
2022-06-29 11:32:51,827 INFO  impl.LeaderElection (LogUtils.java:infoOrTrace(137)) - s2@group-54B4F2458EED-LeaderElection194 got exception when requesting votes: java.util.concurrent.ExecutionException: org.apache.ratis.thirdparty.io.grpc.StatusRuntimeException: INTERNAL: s0@group-54B4F2458EED is not in [RUNNING]: current state is CLOSED
2022-06-29 11:32:51,827 INFO  impl.LeaderElection (LogUtils.java:infoOrTrace(137)) - s2@group-54B4F2458EED-LeaderElection194 got exception when requesting votes: java.util.concurrent.ExecutionException: org.apache.ratis.thirdparty.io.grpc.StatusRuntimeException: INTERNAL: s1@group-54B4F2458EED is not in [RUNNING]: current state is CLOSED
2022-06-29 11:32:51,827 INFO  impl.LeaderElection (LeaderElection.java:logAndReturn(90)) - s2@group-54B4F2458EED-LeaderElection194: PRE_VOTE REJECTED received 0 response(s) and 2 exception(s):
2022-06-29 11:32:51,827 INFO  impl.LeaderElection (LogUtils.java:infoOrTrace(137)) -   Exception 0: java.util.concurrent.ExecutionException: org.apache.ratis.thirdparty.io.grpc.StatusRuntimeException: INTERNAL: s0@group-54B4F2458EED is not in [RUNNING]: current state is CLOSED
2022-06-29 11:32:51,827 INFO  impl.LeaderElection (LogUtils.java:infoOrTrace(137)) -   Exception 1: java.util.concurrent.ExecutionException: org.apache.ratis.thirdparty.io.grpc.StatusRuntimeException: INTERNAL: s1@group-54B4F2458EED is not in [RUNNING]: current state is CLOSED
2022-06-29 11:32:51,827 INFO  impl.LeaderElection (LeaderElection.java:askForVotes(312)) - s2@group-54B4F2458EED-LeaderElection194 PRE_VOTE round 0: result REJECTED
2022-06-29 11:32:51,827 INFO  server.RaftServer$Division (RaftServerImpl.java:setRole(299)) - s2@group-54B4F2458EED: changes role from CANDIDATE to FOLLOWER at term 3 for REJECTED
2022-06-29 11:32:51,827 INFO  impl.RoleInfo (RoleInfo.java:shutdownLeaderElection(130)) - s2: shutdown s2@group-54B4F2458EED-LeaderElection194
2022-06-29 11:32:51,827 INFO  impl.RoleInfo (RoleInfo.java:updateAndGet(139)) - s2: start s2@group-54B4F2458EED-FollowerState
2022-06-29 11:32:52,097 INFO  impl.FollowerState (FollowerState.java:run(143)) - s2@group-54B4F2458EED-FollowerState: change to CANDIDATE, lastRpcElapsedTime:269522399ns, electionTimeout:267ms
2022-06-29 11:32:52,097 INFO  impl.RoleInfo (RoleInfo.java:shutdownFollowerState(110)) - s2: shutdown s2@group-54B4F2458EED-FollowerState
2022-06-29 11:32:52,097 INFO  server.RaftServer$Division (RaftServerImpl.java:setRole(299)) - s2@group-54B4F2458EED: changes role from  FOLLOWER to CANDIDATE at term 3 for changeToCandidate
2022-06-29 11:32:52,097 INFO  server.RaftServerConfigKeys (ConfUtils.java:logGet(46)) - raft.server.leaderelection.pre-vote = true (default)
2022-06-29 11:32:52,097 INFO  impl.RoleInfo (RoleInfo.java:updateAndGet(139)) - s2: start s2@group-54B4F2458EED-LeaderElection195
2022-06-29 11:32:52,101 INFO  impl.LeaderElection (LeaderElection.java:askForVotes(310)) - s2@group-54B4F2458EED-LeaderElection195 PRE_VOTE round 0: submit vote requests at term 3 for 28: [s0|rpc:localhost:46515|admin:localhost:40757|client:localhost:41939|dataStream:localhost:35593|priority:0, s1|rpc:localhost:34095|admin:localhost:43151|client:localhost:36051|dataStream:localhost:38995|priority:0, s2|rpc:localhost:40453|admin:localhost:33947|client:localhost:38503|dataStream:localhost:42009|priority:0], old=null
2022-06-29 11:32:52,110 INFO  server.RaftServer$Division (RaftServerImpl.java:requestVote(1152)) - s0@group-54B4F2458EED: receive requestVote(PRE_VOTE, s2, group-54B4F2458EED, 3, (t:3, i:31))
2022-06-29 11:32:52,110 WARN  server.GrpcServerProtocolService (LogUtils.java:warn(122)) - s0: Failed requestVote s2->s0#0: org.apache.ratis.protocol.exceptions.ServerNotReadyException: s0@group-54B4F2458EED is not in [RUNNING]: current state is CLOSED
2022-06-29 11:32:52,111 INFO  impl.LeaderElection (LogUtils.java:infoOrTrace(137)) - s2@group-54B4F2458EED-LeaderElection195 got exception when requesting votes: java.util.concurrent.ExecutionException: org.apache.ratis.thirdparty.io.grpc.StatusRuntimeException: INTERNAL: s0@group-54B4F2458EED is not in [RUNNING]: current state is CLOSED
2022-06-29 11:32:52,111 INFO  server.RaftServer$Division (RaftServerImpl.java:requestVote(1152)) - s1@group-54B4F2458EED: receive requestVote(PRE_VOTE, s2, group-54B4F2458EED, 3, (t:3, i:31))
2022-06-29 11:32:52,111 WARN  server.GrpcServerProtocolService (LogUtils.java:warn(122)) - s1: Failed requestVote s2->s1#0: org.apache.ratis.protocol.exceptions.ServerNotReadyException: s1@group-54B4F2458EED is not in [RUNNING]: current state is CLOSED
2022-06-29 11:32:52,117 INFO  impl.LeaderElection (LogUtils.java:infoOrTrace(137)) - s2@group-54B4F2458EED-LeaderElection195 got exception when requesting votes: java.util.concurrent.ExecutionException: org.apache.ratis.thirdparty.io.grpc.StatusRuntimeException: INTERNAL: s1@group-54B4F2458EED is not in [RUNNING]: current state is CLOSED
2022-06-29 11:32:52,117 INFO  impl.LeaderElection (LeaderElection.java:logAndReturn(90)) - s2@group-54B4F2458EED-LeaderElection195: PRE_VOTE REJECTED received 0 response(s) and 2 exception(s):
2022-06-29 11:32:52,117 INFO  impl.LeaderElection (LogUtils.java:infoOrTrace(137)) -   Exception 0: java.util.concurrent.ExecutionException: org.apache.ratis.thirdparty.io.grpc.StatusRuntimeException: INTERNAL: s0@group-54B4F2458EED is not in [RUNNING]: current state is CLOSED
2022-06-29 11:32:52,117 INFO  impl.LeaderElection (LogUtils.java:infoOrTrace(137)) -   Exception 1: java.util.concurrent.ExecutionException: org.apache.ratis.thirdparty.io.grpc.StatusRuntimeException: INTERNAL: s1@group-54B4F2458EED is not in [RUNNING]: current state is CLOSED
2022-06-29 11:32:52,117 INFO  impl.LeaderElection (LeaderElection.java:askForVotes(312)) - s2@group-54B4F2458EED-LeaderElection195 PRE_VOTE round 0: result REJECTED
2022-06-29 11:32:52,117 INFO  server.RaftServer$Division (RaftServerImpl.java:setRole(299)) - s2@group-54B4F2458EED: changes role from CANDIDATE to FOLLOWER at term 3 for REJECTED
2022-06-29 11:32:52,117 INFO  impl.RoleInfo (RoleInfo.java:shutdownLeaderElection(130)) - s2: shutdown s2@group-54B4F2458EED-LeaderElection195
2022-06-29 11:32:52,117 INFO  impl.RoleInfo (RoleInfo.java:updateAndGet(139)) - s2: start s2@group-54B4F2458EED-FollowerState
2022-06-29 11:32:52,284 INFO  impl.FollowerState (FollowerState.java:run(143)) - s2@group-54B4F2458EED-FollowerState: change to CANDIDATE, lastRpcElapsedTime:167013026ns, electionTimeout:164ms
2022-06-29 11:32:52,284 INFO  impl.RoleInfo (RoleInfo.java:shutdownFollowerState(110)) - s2: shutdown s2@group-54B4F2458EED-FollowerState
2022-06-29 11:32:52,284 INFO  server.RaftServer$Division (RaftServerImpl.java:setRole(299)) - s2@group-54B4F2458EED: changes role from  FOLLOWER to CANDIDATE at term 3 for changeToCandidate
2022-06-29 11:32:52,285 INFO  server.RaftServerConfigKeys (ConfUtils.java:logGet(46)) - raft.server.leaderelection.pre-vote = true (default)
2022-06-29 11:32:52,285 INFO  impl.RoleInfo (RoleInfo.java:updateAndGet(139)) - s2: start s2@group-54B4F2458EED-LeaderElection196
2022-06-29 11:32:52,288 INFO  impl.LeaderElection (LeaderElection.java:askForVotes(310)) - s2@group-54B4F2458EED-LeaderElection196 PRE_VOTE round 0: submit vote requests at term 3 for 28: [s0|rpc:localhost:46515|admin:localhost:40757|client:localhost:41939|dataStream:localhost:35593|priority:0, s1|rpc:localhost:34095|admin:localhost:43151|client:localhost:36051|dataStream:localhost:38995|priority:0, s2|rpc:localhost:40453|admin:localhost:33947|client:localhost:38503|dataStream:localhost:42009|priority:0], old=null
2022-06-29 11:32:52,293 INFO  server.RaftServer$Division (RaftServerImpl.java:requestVote(1152)) - s0@group-54B4F2458EED: receive requestVote(PRE_VOTE, s2, group-54B4F2458EED, 3, (t:3, i:31))
2022-06-29 11:32:52,294 WARN  server.GrpcServerProtocolService (LogUtils.java:warn(122)) - s0: Failed requestVote s2->s0#0: org.apache.ratis.protocol.exceptions.ServerNotReadyException: s0@group-54B4F2458EED is not in [RUNNING]: current state is CLOSED
2022-06-29 11:32:52,294 INFO  server.RaftServer$Division (RaftServerImpl.java:requestVote(1152)) - s1@group-54B4F2458EED: receive requestVote(PRE_VOTE, s2, group-54B4F2458EED, 3, (t:3, i:31))
2022-06-29 11:32:52,294 WARN  server.GrpcServerProtocolService (LogUtils.java:warn(122)) - s1: Failed requestVote s2->s1#0: org.apache.ratis.protocol.exceptions.ServerNotReadyException: s1@group-54B4F2458EED is not in [RUNNING]: current state is CLOSED
2022-06-29 11:32:52,294 INFO  impl.LeaderElection (LogUtils.java:infoOrTrace(137)) - s2@group-54B4F2458EED-LeaderElection196 got exception when requesting votes: java.util.concurrent.ExecutionException: org.apache.ratis.thirdparty.io.grpc.StatusRuntimeException: INTERNAL: s0@group-54B4F2458EED is not in [RUNNING]: current state is CLOSED
2022-06-29 11:32:52,295 INFO  impl.LeaderElection (LogUtils.java:infoOrTrace(137)) - s2@group-54B4F2458EED-LeaderElection196 got exception when requesting votes: java.util.concurrent.ExecutionException: org.apache.ratis.thirdparty.io.grpc.StatusRuntimeException: INTERNAL: s1@group-54B4F2458EED is not in [RUNNING]: current state is CLOSED
2022-06-29 11:32:52,295 INFO  impl.LeaderElection (LeaderElection.java:logAndReturn(90)) - s2@group-54B4F2458EED-LeaderElection196: PRE_VOTE REJECTED received 0 response(s) and 2 exception(s):
2022-06-29 11:32:52,295 INFO  impl.LeaderElection (LogUtils.java:infoOrTrace(137)) -   Exception 0: java.util.concurrent.ExecutionException: org.apache.ratis.thirdparty.io.grpc.StatusRuntimeException: INTERNAL: s0@group-54B4F2458EED is not in [RUNNING]: current state is CLOSED
2022-06-29 11:32:52,295 INFO  impl.LeaderElection (LogUtils.java:infoOrTrace(137)) -   Exception 1: java.util.concurrent.ExecutionException: org.apache.ratis.thirdparty.io.grpc.StatusRuntimeException: INTERNAL: s1@group-54B4F2458EED is not in [RUNNING]: current state is CLOSED
2022-06-29 11:32:52,296 INFO  impl.LeaderElection (LeaderElection.java:askForVotes(312)) - s2@group-54B4F2458EED-LeaderElection196 PRE_VOTE round 0: result REJECTED
2022-06-29 11:32:52,296 INFO  server.RaftServer$Division (RaftServerImpl.java:setRole(299)) - s2@group-54B4F2458EED: changes role from CANDIDATE to FOLLOWER at term 3 for REJECTED
2022-06-29 11:32:52,296 INFO  impl.RoleInfo (RoleInfo.java:shutdownLeaderElection(130)) - s2: shutdown s2@group-54B4F2458EED-LeaderElection196
2022-06-29 11:32:52,296 INFO  impl.RoleInfo (RoleInfo.java:updateAndGet(139)) - s2: start s2@group-54B4F2458EED-FollowerState
2022-06-29 11:32:52,517 INFO  impl.FollowerState (FollowerState.java:run(143)) - s2@group-54B4F2458EED-FollowerState: change to CANDIDATE, lastRpcElapsedTime:220836144ns, electionTimeout:217ms
2022-06-29 11:32:52,517 INFO  impl.RoleInfo (RoleInfo.java:shutdownFollowerState(110)) - s2: shutdown s2@group-54B4F2458EED-FollowerState
2022-06-29 11:32:52,517 INFO  server.RaftServer$Division (RaftServerImpl.java:setRole(299)) - s2@group-54B4F2458EED: changes role from  FOLLOWER to CANDIDATE at term 3 for changeToCandidate
2022-06-29 11:32:52,518 INFO  server.RaftServerConfigKeys (ConfUtils.java:logGet(46)) - raft.server.leaderelection.pre-vote = true (default)
2022-06-29 11:32:52,518 INFO  impl.RoleInfo (RoleInfo.java:updateAndGet(139)) - s2: start s2@group-54B4F2458EED-LeaderElection197
2022-06-29 11:32:52,519 INFO  impl.LeaderElection (LeaderElection.java:askForVotes(310)) - s2@group-54B4F2458EED-LeaderElection197 PRE_VOTE round 0: submit vote requests at term 3 for 28: [s0|rpc:localhost:46515|admin:localhost:40757|client:localhost:41939|dataStream:localhost:35593|priority:0, s1|rpc:localhost:34095|admin:localhost:43151|client:localhost:36051|dataStream:localhost:38995|priority:0, s2|rpc:localhost:40453|admin:localhost:33947|client:localhost:38503|dataStream:localhost:42009|priority:0], old=null
2022-06-29 11:32:52,521 INFO  server.RaftServer$Division (RaftServerImpl.java:requestVote(1152)) - s1@group-54B4F2458EED: receive requestVote(PRE_VOTE, s2, group-54B4F2458EED, 3, (t:3, i:31))
2022-06-29 11:32:52,521 WARN  server.GrpcServerProtocolService (LogUtils.java:warn(122)) - s1: Failed requestVote s2->s1#0: org.apache.ratis.protocol.exceptions.ServerNotReadyException: s1@group-54B4F2458EED is not in [RUNNING]: current state is CLOSED
2022-06-29 11:32:52,521 INFO  server.RaftServer$Division (RaftServerImpl.java:requestVote(1152)) - s0@group-54B4F2458EED: receive requestVote(PRE_VOTE, s2, group-54B4F2458EED, 3, (t:3, i:31))
2022-06-29 11:32:52,521 WARN  server.GrpcServerProtocolService (LogUtils.java:warn(122)) - s0: Failed requestVote s2->s0#0: org.apache.ratis.protocol.exceptions.ServerNotReadyException: s0@group-54B4F2458EED is not in [RUNNING]: current state is CLOSED
2022-06-29 11:32:52,528 INFO  impl.LeaderElection (LogUtils.java:infoOrTrace(137)) - s2@group-54B4F2458EED-LeaderElection197 got exception when requesting votes: java.util.concurrent.ExecutionException: org.apache.ratis.thirdparty.io.grpc.StatusRuntimeException: INTERNAL: s1@group-54B4F2458EED is not in [RUNNING]: current state is CLOSED
2022-06-29 11:32:52,528 INFO  impl.LeaderElection (LogUtils.java:infoOrTrace(137)) - s2@group-54B4F2458EED-LeaderElection197 got exception when requesting votes: java.util.concurrent.ExecutionException: org.apache.ratis.thirdparty.io.grpc.StatusRuntimeException: INTERNAL: s0@group-54B4F2458EED is not in [RUNNING]: current state is CLOSED
2022-06-29 11:32:52,528 INFO  impl.LeaderElection (LeaderElection.java:logAndReturn(90)) - s2@group-54B4F2458EED-LeaderElection197: PRE_VOTE REJECTED received 0 response(s) and 2 exception(s):
2022-06-29 11:32:52,528 INFO  impl.LeaderElection (LogUtils.java:infoOrTrace(137)) -   Exception 0: java.util.concurrent.ExecutionException: org.apache.ratis.thirdparty.io.grpc.StatusRuntimeException: INTERNAL: s1@group-54B4F2458EED is not in [RUNNING]: current state is CLOSED
2022-06-29 11:32:52,528 INFO  impl.LeaderElection (LogUtils.java:infoOrTrace(137)) -   Exception 1: java.util.concurrent.ExecutionException: org.apache.ratis.thirdparty.io.grpc.StatusRuntimeException: INTERNAL: s0@group-54B4F2458EED is not in [RUNNING]: current state is CLOSED
2022-06-29 11:32:52,536 INFO  impl.LeaderElection (LeaderElection.java:askForVotes(312)) - s2@group-54B4F2458EED-LeaderElection197 PRE_VOTE round 0: result REJECTED
2022-06-29 11:32:52,536 INFO  server.RaftServer$Division (RaftServerImpl.java:setRole(299)) - s2@group-54B4F2458EED: changes role from CANDIDATE to FOLLOWER at term 3 for REJECTED
2022-06-29 11:32:52,536 INFO  impl.RoleInfo (RoleInfo.java:shutdownLeaderElection(130)) - s2: shutdown s2@group-54B4F2458EED-LeaderElection197
2022-06-29 11:32:52,536 INFO  impl.RoleInfo (RoleInfo.java:updateAndGet(139)) - s2: start s2@group-54B4F2458EED-FollowerState
2022-06-29 11:32:52,719 INFO  impl.FollowerState (FollowerState.java:run(143)) - s2@group-54B4F2458EED-FollowerState: change to CANDIDATE, lastRpcElapsedTime:183554046ns, electionTimeout:182ms
2022-06-29 11:32:52,719 INFO  impl.RoleInfo (RoleInfo.java:shutdownFollowerState(110)) - s2: shutdown s2@group-54B4F2458EED-FollowerState
2022-06-29 11:32:52,720 INFO  server.RaftServer$Division (RaftServerImpl.java:setRole(299)) - s2@group-54B4F2458EED: changes role from  FOLLOWER to CANDIDATE at term 3 for changeToCandidate
2022-06-29 11:32:52,721 INFO  server.RaftServerConfigKeys (ConfUtils.java:logGet(46)) - raft.server.leaderelection.pre-vote = true (default)
2022-06-29 11:32:52,721 INFO  impl.RoleInfo (RoleInfo.java:updateAndGet(139)) - s2: start s2@group-54B4F2458EED-LeaderElection198
2022-06-29 11:32:52,722 INFO  impl.LeaderElection (LeaderElection.java:askForVotes(310)) - s2@group-54B4F2458EED-LeaderElection198 PRE_VOTE round 0: submit vote requests at term 3 for 28: [s0|rpc:localhost:46515|admin:localhost:40757|client:localhost:41939|dataStream:localhost:35593|priority:0, s1|rpc:localhost:34095|admin:localhost:43151|client:localhost:36051|dataStream:localhost:38995|priority:0, s2|rpc:localhost:40453|admin:localhost:33947|client:localhost:38503|dataStream:localhost:42009|priority:0], old=null
2022-06-29 11:32:52,727 INFO  server.RaftServer$Division (RaftServerImpl.java:requestVote(1152)) - s0@group-54B4F2458EED: receive requestVote(PRE_VOTE, s2, group-54B4F2458EED, 3, (t:3, i:31))
2022-06-29 11:32:52,727 WARN  server.GrpcServerProtocolService (LogUtils.java:warn(122)) - s0: Failed requestVote s2->s0#0: org.apache.ratis.protocol.exceptions.ServerNotReadyException: s0@group-54B4F2458EED is not in [RUNNING]: current state is CLOSED
2022-06-29 11:32:52,729 INFO  impl.LeaderElection (LogUtils.java:infoOrTrace(137)) - s2@group-54B4F2458EED-LeaderElection198 got exception when requesting votes: java.util.concurrent.ExecutionException: org.apache.ratis.thirdparty.io.grpc.StatusRuntimeException: INTERNAL: s0@group-54B4F2458EED is not in [RUNNING]: current state is CLOSED
2022-06-29 11:32:52,731 INFO  server.RaftServer$Division (RaftServerImpl.java:requestVote(1152)) - s1@group-54B4F2458EED: receive requestVote(PRE_VOTE, s2, group-54B4F2458EED, 3, (t:3, i:31))
2022-06-29 11:32:52,731 WARN  server.GrpcServerProtocolService (LogUtils.java:warn(122)) - s1: Failed requestVote s2->s1#0: org.apache.ratis.protocol.exceptions.ServerNotReadyException: s1@group-54B4F2458EED is not in [RUNNING]: current state is CLOSED
2022-06-29 11:32:52,731 INFO  impl.LeaderElection (LogUtils.java:infoOrTrace(137)) - s2@group-54B4F2458EED-LeaderElection198 got exception when requesting votes: java.util.concurrent.ExecutionException: org.apache.ratis.thirdparty.io.grpc.StatusRuntimeException: INTERNAL: s1@group-54B4F2458EED is not in [RUNNING]: current state is CLOSED
2022-06-29 11:32:52,732 INFO  impl.LeaderElection (LeaderElection.java:logAndReturn(90)) - s2@group-54B4F2458EED-LeaderElection198: PRE_VOTE REJECTED received 0 response(s) and 2 exception(s):
2022-06-29 11:32:52,732 INFO  impl.LeaderElection (LogUtils.java:infoOrTrace(137)) -   Exception 0: java.util.concurrent.ExecutionException: org.apache.ratis.thirdparty.io.grpc.StatusRuntimeException: INTERNAL: s0@group-54B4F2458EED is not in [RUNNING]: current state is CLOSED
2022-06-29 11:32:52,732 INFO  impl.LeaderElection (LogUtils.java:infoOrTrace(137)) -   Exception 1: java.util.concurrent.ExecutionException: org.apache.ratis.thirdparty.io.grpc.StatusRuntimeException: INTERNAL: s1@group-54B4F2458EED is not in [RUNNING]: current state is CLOSED
2022-06-29 11:32:52,732 INFO  impl.LeaderElection (LeaderElection.java:askForVotes(312)) - s2@group-54B4F2458EED-LeaderElection198 PRE_VOTE round 0: result REJECTED
2022-06-29 11:32:52,732 INFO  server.RaftServer$Division (RaftServerImpl.java:setRole(299)) - s2@group-54B4F2458EED: changes role from CANDIDATE to FOLLOWER at term 3 for REJECTED
2022-06-29 11:32:52,732 INFO  impl.RoleInfo (RoleInfo.java:shutdownLeaderElection(130)) - s2: shutdown s2@group-54B4F2458EED-LeaderElection198
2022-06-29 11:32:52,733 INFO  impl.RoleInfo (RoleInfo.java:updateAndGet(139)) - s2: start s2@group-54B4F2458EED-FollowerState
2022-06-29 11:32:52,923 INFO  impl.FollowerState (FollowerState.java:run(143)) - s2@group-54B4F2458EED-FollowerState: change to CANDIDATE, lastRpcElapsedTime:189383725ns, electionTimeout:188ms
2022-06-29 11:32:52,923 INFO  impl.RoleInfo (RoleInfo.java:shutdownFollowerState(110)) - s2: shutdown s2@group-54B4F2458EED-FollowerState
2022-06-29 11:32:52,923 INFO  server.RaftServer$Division (RaftServerImpl.java:setRole(299)) - s2@group-54B4F2458EED: changes role from  FOLLOWER to CANDIDATE at term 3 for changeToCandidate
2022-06-29 11:32:52,924 INFO  server.RaftServerConfigKeys (ConfUtils.java:logGet(46)) - raft.server.leaderelection.pre-vote = true (default)
2022-06-29 11:32:52,925 INFO  impl.RoleInfo (RoleInfo.java:updateAndGet(139)) - s2: start s2@group-54B4F2458EED-LeaderElection199
2022-06-29 11:32:52,927 INFO  impl.LeaderElection (LeaderElection.java:askForVotes(310)) - s2@group-54B4F2458EED-LeaderElection199 PRE_VOTE round 0: submit vote requests at term 3 for 28: [s0|rpc:localhost:46515|admin:localhost:40757|client:localhost:41939|dataStream:localhost:35593|priority:0, s1|rpc:localhost:34095|admin:localhost:43151|client:localhost:36051|dataStream:localhost:38995|priority:0, s2|rpc:localhost:40453|admin:localhost:33947|client:localhost:38503|dataStream:localhost:42009|priority:0], old=null
2022-06-29 11:32:52,932 INFO  server.RaftServer$Division (RaftServerImpl.java:requestVote(1152)) - s0@group-54B4F2458EED: receive requestVote(PRE_VOTE, s2, group-54B4F2458EED, 3, (t:3, i:31))
2022-06-29 11:32:52,932 WARN  server.GrpcServerProtocolService (LogUtils.java:warn(122)) - s0: Failed requestVote s2->s0#0: org.apache.ratis.protocol.exceptions.ServerNotReadyException: s0@group-54B4F2458EED is not in [RUNNING]: current state is CLOSED
2022-06-29 11:32:52,933 INFO  server.RaftServer$Division (RaftServerImpl.java:requestVote(1152)) - s1@group-54B4F2458EED: receive requestVote(PRE_VOTE, s2, group-54B4F2458EED, 3, (t:3, i:31))
2022-06-29 11:32:52,933 WARN  server.GrpcServerProtocolService (LogUtils.java:warn(122)) - s1: Failed requestVote s2->s1#0: org.apache.ratis.protocol.exceptions.ServerNotReadyException: s1@group-54B4F2458EED is not in [RUNNING]: current state is CLOSED
2022-06-29 11:32:52,935 INFO  impl.LeaderElection (LogUtils.java:infoOrTrace(137)) - s2@group-54B4F2458EED-LeaderElection199 got exception when requesting votes: java.util.concurrent.ExecutionException: org.apache.ratis.thirdparty.io.grpc.StatusRuntimeException: INTERNAL: s0@group-54B4F2458EED is not in [RUNNING]: current state is CLOSED
2022-06-29 11:32:52,935 INFO  impl.LeaderElection (LogUtils.java:infoOrTrace(137)) - s2@group-54B4F2458EED-LeaderElection199 got exception when requesting votes: java.util.concurrent.ExecutionException: org.apache.ratis.thirdparty.io.grpc.StatusRuntimeException: INTERNAL: s1@group-54B4F2458EED is not in [RUNNING]: current state is CLOSED
2022-06-29 11:32:52,935 INFO  impl.LeaderElection (LeaderElection.java:logAndReturn(90)) - s2@group-54B4F2458EED-LeaderElection199: PRE_VOTE REJECTED received 0 response(s) and 2 exception(s):
2022-06-29 11:32:52,935 INFO  impl.LeaderElection (LogUtils.java:infoOrTrace(137)) -   Exception 0: java.util.concurrent.ExecutionException: org.apache.ratis.thirdparty.io.grpc.StatusRuntimeException: INTERNAL: s0@group-54B4F2458EED is not in [RUNNING]: current state is CLOSED
2022-06-29 11:32:52,935 INFO  impl.LeaderElection (LogUtils.java:infoOrTrace(137)) -   Exception 1: java.util.concurrent.ExecutionException: org.apache.ratis.thirdparty.io.grpc.StatusRuntimeException: INTERNAL: s1@group-54B4F2458EED is not in [RUNNING]: current state is CLOSED
2022-06-29 11:32:52,938 INFO  impl.LeaderElection (LeaderElection.java:askForVotes(312)) - s2@group-54B4F2458EED-LeaderElection199 PRE_VOTE round 0: result REJECTED
2022-06-29 11:32:52,938 INFO  server.RaftServer$Division (RaftServerImpl.java:setRole(299)) - s2@group-54B4F2458EED: changes role from CANDIDATE to FOLLOWER at term 3 for REJECTED
2022-06-29 11:32:52,938 INFO  impl.RoleInfo (RoleInfo.java:shutdownLeaderElection(130)) - s2: shutdown s2@group-54B4F2458EED-LeaderElection199
2022-06-29 11:32:52,938 INFO  impl.RoleInfo (RoleInfo.java:updateAndGet(139)) - s2: start s2@group-54B4F2458EED-FollowerState
2022-06-29 11:32:53,124 INFO  impl.FollowerState (FollowerState.java:run(143)) - s2@group-54B4F2458EED-FollowerState: change to CANDIDATE, lastRpcElapsedTime:185667171ns, electionTimeout:184ms
2022-06-29 11:32:53,124 INFO  impl.RoleInfo (RoleInfo.java:shutdownFollowerState(110)) - s2: shutdown s2@group-54B4F2458EED-FollowerState
2022-06-29 11:32:53,124 INFO  server.RaftServer$Division (RaftServerImpl.java:setRole(299)) - s2@group-54B4F2458EED: changes role from  FOLLOWER to CANDIDATE at term 3 for changeToCandidate
2022-06-29 11:32:53,124 INFO  server.RaftServerConfigKeys (ConfUtils.java:logGet(46)) - raft.server.leaderelection.pre-vote = true (default)
2022-06-29 11:32:53,124 INFO  impl.RoleInfo (RoleInfo.java:updateAndGet(139)) - s2: start s2@group-54B4F2458EED-LeaderElection200
2022-06-29 11:32:53,126 INFO  impl.LeaderElection (LeaderElection.java:askForVotes(310)) - s2@group-54B4F2458EED-LeaderElection200 PRE_VOTE round 0: submit vote requests at term 3 for 28: [s0|rpc:localhost:46515|admin:localhost:40757|client:localhost:41939|dataStream:localhost:35593|priority:0, s1|rpc:localhost:34095|admin:localhost:43151|client:localhost:36051|dataStream:localhost:38995|priority:0, s2|rpc:localhost:40453|admin:localhost:33947|client:localhost:38503|dataStream:localhost:42009|priority:0], old=null
2022-06-29 11:32:53,129 INFO  server.RaftServer$Division (RaftServerImpl.java:requestVote(1152)) - s1@group-54B4F2458EED: receive requestVote(PRE_VOTE, s2, group-54B4F2458EED, 3, (t:3, i:31))
2022-06-29 11:32:53,129 WARN  server.GrpcServerProtocolService (LogUtils.java:warn(122)) - s1: Failed requestVote s2->s1#0: org.apache.ratis.protocol.exceptions.ServerNotReadyException: s1@group-54B4F2458EED is not in [RUNNING]: current state is CLOSED
2022-06-29 11:32:53,129 INFO  server.RaftServer$Division (RaftServerImpl.java:requestVote(1152)) - s0@group-54B4F2458EED: receive requestVote(PRE_VOTE, s2, group-54B4F2458EED, 3, (t:3, i:31))
2022-06-29 11:32:53,129 WARN  server.GrpcServerProtocolService (LogUtils.java:warn(122)) - s0: Failed requestVote s2->s0#0: org.apache.ratis.protocol.exceptions.ServerNotReadyException: s0@group-54B4F2458EED is not in [RUNNING]: current state is CLOSED
2022-06-29 11:32:53,130 INFO  impl.LeaderElection (LogUtils.java:infoOrTrace(137)) - s2@group-54B4F2458EED-LeaderElection200 got exception when requesting votes: java.util.concurrent.ExecutionException: org.apache.ratis.thirdparty.io.grpc.StatusRuntimeException: INTERNAL: s1@group-54B4F2458EED is not in [RUNNING]: current state is CLOSED
2022-06-29 11:32:53,132 INFO  impl.LeaderElection (LogUtils.java:infoOrTrace(137)) - s2@group-54B4F2458EED-LeaderElection200 got exception when requesting votes: java.util.concurrent.ExecutionException: org.apache.ratis.thirdparty.io.grpc.StatusRuntimeException: INTERNAL: s0@group-54B4F2458EED is not in [RUNNING]: current state is CLOSED
2022-06-29 11:32:53,133 INFO  impl.LeaderElection (LeaderElection.java:logAndReturn(90)) - s2@group-54B4F2458EED-LeaderElection200: PRE_VOTE REJECTED received 0 response(s) and 2 exception(s):
2022-06-29 11:32:53,133 INFO  impl.LeaderElection (LogUtils.java:infoOrTrace(137)) -   Exception 0: java.util.concurrent.ExecutionException: org.apache.ratis.thirdparty.io.grpc.StatusRuntimeException: INTERNAL: s1@group-54B4F2458EED is not in [RUNNING]: current state is CLOSED
2022-06-29 11:32:53,133 INFO  impl.LeaderElection (LogUtils.java:infoOrTrace(137)) -   Exception 1: java.util.concurrent.ExecutionException: org.apache.ratis.thirdparty.io.grpc.StatusRuntimeException: INTERNAL: s0@group-54B4F2458EED is not in [RUNNING]: current state is CLOSED
2022-06-29 11:32:53,134 INFO  impl.LeaderElection (LeaderElection.java:askForVotes(312)) - s2@group-54B4F2458EED-LeaderElection200 PRE_VOTE round 0: result REJECTED
2022-06-29 11:32:53,134 INFO  server.RaftServer$Division (RaftServerImpl.java:setRole(299)) - s2@group-54B4F2458EED: changes role from CANDIDATE to FOLLOWER at term 3 for REJECTED
2022-06-29 11:32:53,134 INFO  impl.RoleInfo (RoleInfo.java:shutdownLeaderElection(130)) - s2: shutdown s2@group-54B4F2458EED-LeaderElection200
2022-06-29 11:32:53,134 INFO  impl.RoleInfo (RoleInfo.java:updateAndGet(139)) - s2: start s2@group-54B4F2458EED-FollowerState
2022-06-29 11:32:53,349 INFO  impl.FollowerState (FollowerState.java:run(143)) - s2@group-54B4F2458EED-FollowerState: change to CANDIDATE, lastRpcElapsedTime:214973858ns, electionTimeout:213ms
2022-06-29 11:32:53,349 INFO  impl.RoleInfo (RoleInfo.java:shutdownFollowerState(110)) - s2: shutdown s2@group-54B4F2458EED-FollowerState
2022-06-29 11:32:53,349 INFO  server.RaftServer$Division (RaftServerImpl.java:setRole(299)) - s2@group-54B4F2458EED: changes role from  FOLLOWER to CANDIDATE at term 3 for changeToCandidate
2022-06-29 11:32:53,349 INFO  server.RaftServerConfigKeys (ConfUtils.java:logGet(46)) - raft.server.leaderelection.pre-vote = true (default)
2022-06-29 11:32:53,349 INFO  impl.RoleInfo (RoleInfo.java:updateAndGet(139)) - s2: start s2@group-54B4F2458EED-LeaderElection201
2022-06-29 11:32:53,350 INFO  impl.LeaderElection (LeaderElection.java:askForVotes(310)) - s2@group-54B4F2458EED-LeaderElection201 PRE_VOTE round 0: submit vote requests at term 3 for 28: [s0|rpc:localhost:46515|admin:localhost:40757|client:localhost:41939|dataStream:localhost:35593|priority:0, s1|rpc:localhost:34095|admin:localhost:43151|client:localhost:36051|dataStream:localhost:38995|priority:0, s2|rpc:localhost:40453|admin:localhost:33947|client:localhost:38503|dataStream:localhost:42009|priority:0], old=null
2022-06-29 11:32:53,351 INFO  server.RaftServer$Division (RaftServerImpl.java:requestVote(1152)) - s1@group-54B4F2458EED: receive requestVote(PRE_VOTE, s2, group-54B4F2458EED, 3, (t:3, i:31))
2022-06-29 11:32:53,351 WARN  server.GrpcServerProtocolService (LogUtils.java:warn(122)) - s1: Failed requestVote s2->s1#0: org.apache.ratis.protocol.exceptions.ServerNotReadyException: s1@group-54B4F2458EED is not in [RUNNING]: current state is CLOSED
2022-06-29 11:32:53,352 INFO  server.RaftServer$Division (RaftServerImpl.java:requestVote(1152)) - s0@group-54B4F2458EED: receive requestVote(PRE_VOTE, s2, group-54B4F2458EED, 3, (t:3, i:31))
2022-06-29 11:32:53,352 WARN  server.GrpcServerProtocolService (LogUtils.java:warn(122)) - s0: Failed requestVote s2->s0#0: org.apache.ratis.protocol.exceptions.ServerNotReadyException: s0@group-54B4F2458EED is not in [RUNNING]: current state is CLOSED
2022-06-29 11:32:53,355 INFO  impl.LeaderElection (LogUtils.java:infoOrTrace(137)) - s2@group-54B4F2458EED-LeaderElection201 got exception when requesting votes: java.util.concurrent.ExecutionException: org.apache.ratis.thirdparty.io.grpc.StatusRuntimeException: INTERNAL: s1@group-54B4F2458EED is not in [RUNNING]: current state is CLOSED
2022-06-29 11:32:53,355 INFO  impl.LeaderElection (LogUtils.java:infoOrTrace(137)) - s2@group-54B4F2458EED-LeaderElection201 got exception when requesting votes: java.util.concurrent.ExecutionException: org.apache.ratis.thirdparty.io.grpc.StatusRuntimeException: INTERNAL: s0@group-54B4F2458EED is not in [RUNNING]: current state is CLOSED
2022-06-29 11:32:53,355 INFO  impl.LeaderElection (LeaderElection.java:logAndReturn(90)) - s2@group-54B4F2458EED-LeaderElection201: PRE_VOTE REJECTED received 0 response(s) and 2 exception(s):
2022-06-29 11:32:53,355 INFO  impl.LeaderElection (LogUtils.java:infoOrTrace(137)) -   Exception 0: java.util.concurrent.ExecutionException: org.apache.ratis.thirdparty.io.grpc.StatusRuntimeException: INTERNAL: s1@group-54B4F2458EED is not in [RUNNING]: current state is CLOSED
2022-06-29 11:32:53,355 INFO  impl.LeaderElection (LogUtils.java:infoOrTrace(137)) -   Exception 1: java.util.concurrent.ExecutionException: org.apache.ratis.thirdparty.io.grpc.StatusRuntimeException: INTERNAL: s0@group-54B4F2458EED is not in [RUNNING]: current state is CLOSED
2022-06-29 11:32:53,358 INFO  impl.LeaderElection (LeaderElection.java:askForVotes(312)) - s2@group-54B4F2458EED-LeaderElection201 PRE_VOTE round 0: result REJECTED
2022-06-29 11:32:53,358 INFO  server.RaftServer$Division (RaftServerImpl.java:setRole(299)) - s2@group-54B4F2458EED: changes role from CANDIDATE to FOLLOWER at term 3 for REJECTED
2022-06-29 11:32:53,358 INFO  impl.RoleInfo (RoleInfo.java:shutdownLeaderElection(130)) - s2: shutdown s2@group-54B4F2458EED-LeaderElection201
2022-06-29 11:32:53,358 INFO  impl.RoleInfo (RoleInfo.java:updateAndGet(139)) - s2: start s2@group-54B4F2458EED-FollowerState
2022-06-29 11:32:53,533 INFO  impl.FollowerState (FollowerState.java:run(143)) - s2@group-54B4F2458EED-FollowerState: change to CANDIDATE, lastRpcElapsedTime:174959925ns, electionTimeout:174ms
2022-06-29 11:32:53,534 INFO  impl.RoleInfo (RoleInfo.java:shutdownFollowerState(110)) - s2: shutdown s2@group-54B4F2458EED-FollowerState
2022-06-29 11:32:53,534 INFO  server.RaftServer$Division (RaftServerImpl.java:setRole(299)) - s2@group-54B4F2458EED: changes role from  FOLLOWER to CANDIDATE at term 3 for changeToCandidate
2022-06-29 11:32:53,534 INFO  server.RaftServerConfigKeys (ConfUtils.java:logGet(46)) - raft.server.leaderelection.pre-vote = true (default)
2022-06-29 11:32:53,534 INFO  impl.RoleInfo (RoleInfo.java:updateAndGet(139)) - s2: start s2@group-54B4F2458EED-LeaderElection202
2022-06-29 11:32:53,536 INFO  impl.LeaderElection (LeaderElection.java:askForVotes(310)) - s2@group-54B4F2458EED-LeaderElection202 PRE_VOTE round 0: submit vote requests at term 3 for 28: [s0|rpc:localhost:46515|admin:localhost:40757|client:localhost:41939|dataStream:localhost:35593|priority:0, s1|rpc:localhost:34095|admin:localhost:43151|client:localhost:36051|dataStream:localhost:38995|priority:0, s2|rpc:localhost:40453|admin:localhost:33947|client:localhost:38503|dataStream:localhost:42009|priority:0], old=null
2022-06-29 11:32:53,540 INFO  server.RaftServer$Division (RaftServerImpl.java:requestVote(1152)) - s0@group-54B4F2458EED: receive requestVote(PRE_VOTE, s2, group-54B4F2458EED, 3, (t:3, i:31))
2022-06-29 11:32:53,541 WARN  server.GrpcServerProtocolService (LogUtils.java:warn(122)) - s0: Failed requestVote s2->s0#0: org.apache.ratis.protocol.exceptions.ServerNotReadyException: s0@group-54B4F2458EED is not in [RUNNING]: current state is CLOSED
2022-06-29 11:32:53,541 INFO  impl.LeaderElection (LogUtils.java:infoOrTrace(137)) - s2@group-54B4F2458EED-LeaderElection202 got exception when requesting votes: java.util.concurrent.ExecutionException: org.apache.ratis.thirdparty.io.grpc.StatusRuntimeException: INTERNAL: s0@group-54B4F2458EED is not in [RUNNING]: current state is CLOSED
2022-06-29 11:32:53,542 INFO  server.RaftServer$Division (RaftServerImpl.java:requestVote(1152)) - s1@group-54B4F2458EED: receive requestVote(PRE_VOTE, s2, group-54B4F2458EED, 3, (t:3, i:31))
2022-06-29 11:32:53,542 WARN  server.GrpcServerProtocolService (LogUtils.java:warn(122)) - s1: Failed requestVote s2->s1#0: org.apache.ratis.protocol.exceptions.ServerNotReadyException: s1@group-54B4F2458EED is not in [RUNNING]: current state is CLOSED
2022-06-29 11:32:53,543 INFO  impl.LeaderElection (LogUtils.java:infoOrTrace(137)) - s2@group-54B4F2458EED-LeaderElection202 got exception when requesting votes: java.util.concurrent.ExecutionException: org.apache.ratis.thirdparty.io.grpc.StatusRuntimeException: INTERNAL: s1@group-54B4F2458EED is not in [RUNNING]: current state is CLOSED
2022-06-29 11:32:53,543 INFO  impl.LeaderElection (LeaderElection.java:logAndReturn(90)) - s2@group-54B4F2458EED-LeaderElection202: PRE_VOTE REJECTED received 0 response(s) and 2 exception(s):
2022-06-29 11:32:53,543 INFO  impl.LeaderElection (LogUtils.java:infoOrTrace(137)) -   Exception 0: java.util.concurrent.ExecutionException: org.apache.ratis.thirdparty.io.grpc.StatusRuntimeException: INTERNAL: s0@group-54B4F2458EED is not in [RUNNING]: current state is CLOSED
2022-06-29 11:32:53,543 INFO  impl.LeaderElection (LogUtils.java:infoOrTrace(137)) -   Exception 1: java.util.concurrent.ExecutionException: org.apache.ratis.thirdparty.io.grpc.StatusRuntimeException: INTERNAL: s1@group-54B4F2458EED is not in [RUNNING]: current state is CLOSED
2022-06-29 11:32:53,544 INFO  impl.LeaderElection (LeaderElection.java:askForVotes(312)) - s2@group-54B4F2458EED-LeaderElection202 PRE_VOTE round 0: result REJECTED
2022-06-29 11:32:53,544 INFO  server.RaftServer$Division (RaftServerImpl.java:setRole(299)) - s2@group-54B4F2458EED: changes role from CANDIDATE to FOLLOWER at term 3 for REJECTED
2022-06-29 11:32:53,544 INFO  impl.RoleInfo (RoleInfo.java:shutdownLeaderElection(130)) - s2: shutdown s2@group-54B4F2458EED-LeaderElection202
2022-06-29 11:32:53,544 INFO  impl.RoleInfo (RoleInfo.java:updateAndGet(139)) - s2: start s2@group-54B4F2458EED-FollowerState
2022-06-29 11:32:53,844 INFO  impl.FollowerState (FollowerState.java:run(143)) - s2@group-54B4F2458EED-FollowerState: change to CANDIDATE, lastRpcElapsedTime:300291591ns, electionTimeout:297ms
2022-06-29 11:32:53,844 INFO  impl.RoleInfo (RoleInfo.java:shutdownFollowerState(110)) - s2: shutdown s2@group-54B4F2458EED-FollowerState
2022-06-29 11:32:53,844 INFO  server.RaftServer$Division (RaftServerImpl.java:setRole(299)) - s2@group-54B4F2458EED: changes role from  FOLLOWER to CANDIDATE at term 3 for changeToCandidate
2022-06-29 11:32:53,845 INFO  server.RaftServerConfigKeys (ConfUtils.java:logGet(46)) - raft.server.leaderelection.pre-vote = true (default)
2022-06-29 11:32:53,845 INFO  impl.RoleInfo (RoleInfo.java:updateAndGet(139)) - s2: start s2@group-54B4F2458EED-LeaderElection203
2022-06-29 11:32:53,848 INFO  impl.LeaderElection (LeaderElection.java:askForVotes(310)) - s2@group-54B4F2458EED-LeaderElection203 PRE_VOTE round 0: submit vote requests at term 3 for 28: [s0|rpc:localhost:46515|admin:localhost:40757|client:localhost:41939|dataStream:localhost:35593|priority:0, s1|rpc:localhost:34095|admin:localhost:43151|client:localhost:36051|dataStream:localhost:38995|priority:0, s2|rpc:localhost:40453|admin:localhost:33947|client:localhost:38503|dataStream:localhost:42009|priority:0], old=null
2022-06-29 11:32:53,855 INFO  server.RaftServer$Division (RaftServerImpl.java:requestVote(1152)) - s0@group-54B4F2458EED: receive requestVote(PRE_VOTE, s2, group-54B4F2458EED, 3, (t:3, i:31))
2022-06-29 11:32:53,855 WARN  server.GrpcServerProtocolService (LogUtils.java:warn(122)) - s0: Failed requestVote s2->s0#0: org.apache.ratis.protocol.exceptions.ServerNotReadyException: s0@group-54B4F2458EED is not in [RUNNING]: current state is CLOSED
2022-06-29 11:32:53,860 INFO  impl.LeaderElection (LogUtils.java:infoOrTrace(137)) - s2@group-54B4F2458EED-LeaderElection203 got exception when requesting votes: java.util.concurrent.ExecutionException: org.apache.ratis.thirdparty.io.grpc.StatusRuntimeException: INTERNAL: s0@group-54B4F2458EED is not in [RUNNING]: current state is CLOSED
2022-06-29 11:32:53,861 INFO  server.RaftServer$Division (RaftServerImpl.java:requestVote(1152)) - s1@group-54B4F2458EED: receive requestVote(PRE_VOTE, s2, group-54B4F2458EED, 3, (t:3, i:31))
2022-06-29 11:32:53,861 WARN  server.GrpcServerProtocolService (LogUtils.java:warn(122)) - s1: Failed requestVote s2->s1#0: org.apache.ratis.protocol.exceptions.ServerNotReadyException: s1@group-54B4F2458EED is not in [RUNNING]: current state is CLOSED
2022-06-29 11:32:53,865 INFO  impl.LeaderElection (LogUtils.java:infoOrTrace(137)) - s2@group-54B4F2458EED-LeaderElection203 got exception when requesting votes: java.util.concurrent.ExecutionException: org.apache.ratis.thirdparty.io.grpc.StatusRuntimeException: INTERNAL: s1@group-54B4F2458EED is not in [RUNNING]: current state is CLOSED
2022-06-29 11:32:53,865 INFO  impl.LeaderElection (LeaderElection.java:logAndReturn(90)) - s2@group-54B4F2458EED-LeaderElection203: PRE_VOTE REJECTED received 0 response(s) and 2 exception(s):
2022-06-29 11:32:53,865 INFO  impl.LeaderElection (LogUtils.java:infoOrTrace(137)) -   Exception 0: java.util.concurrent.ExecutionException: org.apache.ratis.thirdparty.io.grpc.StatusRuntimeException: INTERNAL: s0@group-54B4F2458EED is not in [RUNNING]: current state is CLOSED
2022-06-29 11:32:53,865 INFO  impl.LeaderElection (LogUtils.java:infoOrTrace(137)) -   Exception 1: java.util.concurrent.ExecutionException: org.apache.ratis.thirdparty.io.grpc.StatusRuntimeException: INTERNAL: s1@group-54B4F2458EED is not in [RUNNING]: current state is CLOSED
2022-06-29 11:32:53,868 INFO  impl.LeaderElection (LeaderElection.java:askForVotes(312)) - s2@group-54B4F2458EED-LeaderElection203 PRE_VOTE round 0: result REJECTED
2022-06-29 11:32:53,868 INFO  server.RaftServer$Division (RaftServerImpl.java:setRole(299)) - s2@group-54B4F2458EED: changes role from CANDIDATE to FOLLOWER at term 3 for REJECTED
2022-06-29 11:32:53,868 INFO  impl.RoleInfo (RoleInfo.java:shutdownLeaderElection(130)) - s2: shutdown s2@group-54B4F2458EED-LeaderElection203
2022-06-29 11:32:53,868 INFO  impl.RoleInfo (RoleInfo.java:updateAndGet(139)) - s2: start s2@group-54B4F2458EED-FollowerState
2022-06-29 11:32:54,060 INFO  impl.FollowerState (FollowerState.java:run(143)) - s2@group-54B4F2458EED-FollowerState: change to CANDIDATE, lastRpcElapsedTime:192145652ns, electionTimeout:191ms
2022-06-29 11:32:54,060 INFO  impl.RoleInfo (RoleInfo.java:shutdownFollowerState(110)) - s2: shutdown s2@group-54B4F2458EED-FollowerState
2022-06-29 11:32:54,060 INFO  server.RaftServer$Division (RaftServerImpl.java:setRole(299)) - s2@group-54B4F2458EED: changes role from  FOLLOWER to CANDIDATE at term 3 for changeToCandidate
2022-06-29 11:32:54,064 INFO  server.RaftServerConfigKeys (ConfUtils.java:logGet(46)) - raft.server.leaderelection.pre-vote = true (default)
2022-06-29 11:32:54,064 INFO  impl.RoleInfo (RoleInfo.java:updateAndGet(139)) - s2: start s2@group-54B4F2458EED-LeaderElection204
2022-06-29 11:32:54,068 INFO  impl.LeaderElection (LeaderElection.java:askForVotes(310)) - s2@group-54B4F2458EED-LeaderElection204 PRE_VOTE round 0: submit vote requests at term 3 for 28: [s0|rpc:localhost:46515|admin:localhost:40757|client:localhost:41939|dataStream:localhost:35593|priority:0, s1|rpc:localhost:34095|admin:localhost:43151|client:localhost:36051|dataStream:localhost:38995|priority:0, s2|rpc:localhost:40453|admin:localhost:33947|client:localhost:38503|dataStream:localhost:42009|priority:0], old=null
2022-06-29 11:32:54,075 INFO  server.RaftServer$Division (RaftServerImpl.java:requestVote(1152)) - s0@group-54B4F2458EED: receive requestVote(PRE_VOTE, s2, group-54B4F2458EED, 3, (t:3, i:31))
2022-06-29 11:32:54,075 WARN  server.GrpcServerProtocolService (LogUtils.java:warn(122)) - s0: Failed requestVote s2->s0#0: org.apache.ratis.protocol.exceptions.ServerNotReadyException: s0@group-54B4F2458EED is not in [RUNNING]: current state is CLOSED
2022-06-29 11:32:54,076 INFO  server.RaftServer$Division (RaftServerImpl.java:requestVote(1152)) - s1@group-54B4F2458EED: receive requestVote(PRE_VOTE, s2, group-54B4F2458EED, 3, (t:3, i:31))
2022-06-29 11:32:54,076 WARN  server.GrpcServerProtocolService (LogUtils.java:warn(122)) - s1: Failed requestVote s2->s1#0: org.apache.ratis.protocol.exceptions.ServerNotReadyException: s1@group-54B4F2458EED is not in [RUNNING]: current state is CLOSED
2022-06-29 11:32:54,083 INFO  impl.LeaderElection (LogUtils.java:infoOrTrace(137)) - s2@group-54B4F2458EED-LeaderElection204 got exception when requesting votes: java.util.concurrent.ExecutionException: org.apache.ratis.thirdparty.io.grpc.StatusRuntimeException: INTERNAL: s1@group-54B4F2458EED is not in [RUNNING]: current state is CLOSED
2022-06-29 11:32:54,083 INFO  impl.LeaderElection (LogUtils.java:infoOrTrace(137)) - s2@group-54B4F2458EED-LeaderElection204 got exception when requesting votes: java.util.concurrent.ExecutionException: org.apache.ratis.thirdparty.io.grpc.StatusRuntimeException: INTERNAL: s0@group-54B4F2458EED is not in [RUNNING]: current state is CLOSED
2022-06-29 11:32:54,083 INFO  impl.LeaderElection (LeaderElection.java:logAndReturn(90)) - s2@group-54B4F2458EED-LeaderElection204: PRE_VOTE REJECTED received 0 response(s) and 2 exception(s):
2022-06-29 11:32:54,083 INFO  impl.LeaderElection (LogUtils.java:infoOrTrace(137)) -   Exception 0: java.util.concurrent.ExecutionException: org.apache.ratis.thirdparty.io.grpc.StatusRuntimeException: INTERNAL: s1@group-54B4F2458EED is not in [RUNNING]: current state is CLOSED
2022-06-29 11:32:54,083 INFO  impl.LeaderElection (LogUtils.java:infoOrTrace(137)) -   Exception 1: java.util.concurrent.ExecutionException: org.apache.ratis.thirdparty.io.grpc.StatusRuntimeException: INTERNAL: s0@group-54B4F2458EED is not in [RUNNING]: current state is CLOSED
2022-06-29 11:32:54,084 INFO  impl.LeaderElection (LeaderElection.java:askForVotes(312)) - s2@group-54B4F2458EED-LeaderElection204 PRE_VOTE round 0: result REJECTED
2022-06-29 11:32:54,084 INFO  server.RaftServer$Division (RaftServerImpl.java:setRole(299)) - s2@group-54B4F2458EED: changes role from CANDIDATE to FOLLOWER at term 3 for REJECTED
2022-06-29 11:32:54,084 INFO  impl.RoleInfo (RoleInfo.java:shutdownLeaderElection(130)) - s2: shutdown s2@group-54B4F2458EED-LeaderElection204
2022-06-29 11:32:54,084 INFO  impl.RoleInfo (RoleInfo.java:updateAndGet(139)) - s2: start s2@group-54B4F2458EED-FollowerState
2022-06-29 11:32:54,386 INFO  impl.FollowerState (FollowerState.java:run(143)) - s2@group-54B4F2458EED-FollowerState: change to CANDIDATE, lastRpcElapsedTime:301985303ns, electionTimeout:299ms
2022-06-29 11:32:54,386 INFO  impl.RoleInfo (RoleInfo.java:shutdownFollowerState(110)) - s2: shutdown s2@group-54B4F2458EED-FollowerState
2022-06-29 11:32:54,386 INFO  server.RaftServer$Division (RaftServerImpl.java:setRole(299)) - s2@group-54B4F2458EED: changes role from  FOLLOWER to CANDIDATE at term 3 for changeToCandidate
2022-06-29 11:32:54,387 INFO  server.RaftServerConfigKeys (ConfUtils.java:logGet(46)) - raft.server.leaderelection.pre-vote = true (default)
2022-06-29 11:32:54,387 INFO  impl.RoleInfo (RoleInfo.java:updateAndGet(139)) - s2: start s2@group-54B4F2458EED-LeaderElection205
2022-06-29 11:32:54,389 INFO  impl.LeaderElection (LeaderElection.java:askForVotes(310)) - s2@group-54B4F2458EED-LeaderElection205 PRE_VOTE round 0: submit vote requests at term 3 for 28: [s0|rpc:localhost:46515|admin:localhost:40757|client:localhost:41939|dataStream:localhost:35593|priority:0, s1|rpc:localhost:34095|admin:localhost:43151|client:localhost:36051|dataStream:localhost:38995|priority:0, s2|rpc:localhost:40453|admin:localhost:33947|client:localhost:38503|dataStream:localhost:42009|priority:0], old=null
2022-06-29 11:32:54,392 INFO  server.RaftServer$Division (RaftServerImpl.java:requestVote(1152)) - s0@group-54B4F2458EED: receive requestVote(PRE_VOTE, s2, group-54B4F2458EED, 3, (t:3, i:31))
2022-06-29 11:32:54,392 WARN  server.GrpcServerProtocolService (LogUtils.java:warn(122)) - s0: Failed requestVote s2->s0#0: org.apache.ratis.protocol.exceptions.ServerNotReadyException: s0@group-54B4F2458EED is not in [RUNNING]: current state is CLOSED
2022-06-29 11:32:54,393 INFO  server.RaftServer$Division (RaftServerImpl.java:requestVote(1152)) - s1@group-54B4F2458EED: receive requestVote(PRE_VOTE, s2, group-54B4F2458EED, 3, (t:3, i:31))
2022-06-29 11:32:54,393 WARN  server.GrpcServerProtocolService (LogUtils.java:warn(122)) - s1: Failed requestVote s2->s1#0: org.apache.ratis.protocol.exceptions.ServerNotReadyException: s1@group-54B4F2458EED is not in [RUNNING]: current state is CLOSED
2022-06-29 11:32:54,393 INFO  impl.LeaderElection (LogUtils.java:infoOrTrace(137)) - s2@group-54B4F2458EED-LeaderElection205 got exception when requesting votes: java.util.concurrent.ExecutionException: org.apache.ratis.thirdparty.io.grpc.StatusRuntimeException: INTERNAL: s0@group-54B4F2458EED is not in [RUNNING]: current state is CLOSED
2022-06-29 11:32:54,394 INFO  impl.LeaderElection (LogUtils.java:infoOrTrace(137)) - s2@group-54B4F2458EED-LeaderElection205 got exception when requesting votes: java.util.concurrent.ExecutionException: org.apache.ratis.thirdparty.io.grpc.StatusRuntimeException: INTERNAL: s1@group-54B4F2458EED is not in [RUNNING]: current state is CLOSED
2022-06-29 11:32:54,394 INFO  impl.LeaderElection (LeaderElection.java:logAndReturn(90)) - s2@group-54B4F2458EED-LeaderElection205: PRE_VOTE REJECTED received 0 response(s) and 2 exception(s):
2022-06-29 11:32:54,394 INFO  impl.LeaderElection (LogUtils.java:infoOrTrace(137)) -   Exception 0: java.util.concurrent.ExecutionException: org.apache.ratis.thirdparty.io.grpc.StatusRuntimeException: INTERNAL: s0@group-54B4F2458EED is not in [RUNNING]: current state is CLOSED
2022-06-29 11:32:54,394 INFO  impl.LeaderElection (LogUtils.java:infoOrTrace(137)) -   Exception 1: java.util.concurrent.ExecutionException: org.apache.ratis.thirdparty.io.grpc.StatusRuntimeException: INTERNAL: s1@group-54B4F2458EED is not in [RUNNING]: current state is CLOSED
2022-06-29 11:32:54,394 INFO  impl.LeaderElection (LeaderElection.java:askForVotes(312)) - s2@group-54B4F2458EED-LeaderElection205 PRE_VOTE round 0: result REJECTED
2022-06-29 11:32:54,394 INFO  server.RaftServer$Division (RaftServerImpl.java:setRole(299)) - s2@group-54B4F2458EED: changes role from CANDIDATE to FOLLOWER at term 3 for REJECTED
2022-06-29 11:32:54,394 INFO  impl.RoleInfo (RoleInfo.java:shutdownLeaderElection(130)) - s2: shutdown s2@group-54B4F2458EED-LeaderElection205
2022-06-29 11:32:54,398 INFO  impl.RoleInfo (RoleInfo.java:updateAndGet(139)) - s2: start s2@group-54B4F2458EED-FollowerState
2022-06-29 11:32:54,633 INFO  impl.FollowerState (FollowerState.java:run(143)) - s2@group-54B4F2458EED-FollowerState: change to CANDIDATE, lastRpcElapsedTime:234733711ns, electionTimeout:234ms
2022-06-29 11:32:54,633 INFO  impl.RoleInfo (RoleInfo.java:shutdownFollowerState(110)) - s2: shutdown s2@group-54B4F2458EED-FollowerState
2022-06-29 11:32:54,633 INFO  server.RaftServer$Division (RaftServerImpl.java:setRole(299)) - s2@group-54B4F2458EED: changes role from  FOLLOWER to CANDIDATE at term 3 for changeToCandidate
2022-06-29 11:32:54,634 INFO  server.RaftServerConfigKeys (ConfUtils.java:logGet(46)) - raft.server.leaderelection.pre-vote = true (default)
2022-06-29 11:32:54,634 INFO  impl.RoleInfo (RoleInfo.java:updateAndGet(139)) - s2: start s2@group-54B4F2458EED-LeaderElection206
2022-06-29 11:32:54,635 INFO  impl.LeaderElection (LeaderElection.java:askForVotes(310)) - s2@group-54B4F2458EED-LeaderElection206 PRE_VOTE round 0: submit vote requests at term 3 for 28: [s0|rpc:localhost:46515|admin:localhost:40757|client:localhost:41939|dataStream:localhost:35593|priority:0, s1|rpc:localhost:34095|admin:localhost:43151|client:localhost:36051|dataStream:localhost:38995|priority:0, s2|rpc:localhost:40453|admin:localhost:33947|client:localhost:38503|dataStream:localhost:42009|priority:0], old=null
2022-06-29 11:32:54,638 INFO  server.RaftServer$Division (RaftServerImpl.java:requestVote(1152)) - s1@group-54B4F2458EED: receive requestVote(PRE_VOTE, s2, group-54B4F2458EED, 3, (t:3, i:31))
2022-06-29 11:32:54,638 WARN  server.GrpcServerProtocolService (LogUtils.java:warn(122)) - s1: Failed requestVote s2->s1#0: org.apache.ratis.protocol.exceptions.ServerNotReadyException: s1@group-54B4F2458EED is not in [RUNNING]: current state is CLOSED
2022-06-29 11:32:54,638 INFO  server.RaftServer$Division (RaftServerImpl.java:requestVote(1152)) - s0@group-54B4F2458EED: receive requestVote(PRE_VOTE, s2, group-54B4F2458EED, 3, (t:3, i:31))
2022-06-29 11:32:54,639 WARN  server.GrpcServerProtocolService (LogUtils.java:warn(122)) - s0: Failed requestVote s2->s0#0: org.apache.ratis.protocol.exceptions.ServerNotReadyException: s0@group-54B4F2458EED is not in [RUNNING]: current state is CLOSED
2022-06-29 11:32:54,639 INFO  impl.LeaderElection (LogUtils.java:infoOrTrace(137)) - s2@group-54B4F2458EED-LeaderElection206 got exception when requesting votes: java.util.concurrent.ExecutionException: org.apache.ratis.thirdparty.io.grpc.StatusRuntimeException: INTERNAL: s0@group-54B4F2458EED is not in [RUNNING]: current state is CLOSED
2022-06-29 11:32:54,639 INFO  impl.LeaderElection (LogUtils.java:infoOrTrace(137)) - s2@group-54B4F2458EED-LeaderElection206 got exception when requesting votes: java.util.concurrent.ExecutionException: org.apache.ratis.thirdparty.io.grpc.StatusRuntimeException: INTERNAL: s1@group-54B4F2458EED is not in [RUNNING]: current state is CLOSED
2022-06-29 11:32:54,639 INFO  impl.LeaderElection (LeaderElection.java:logAndReturn(90)) - s2@group-54B4F2458EED-LeaderElection206: PRE_VOTE REJECTED received 0 response(s) and 2 exception(s):
2022-06-29 11:32:54,639 INFO  impl.LeaderElection (LogUtils.java:infoOrTrace(137)) -   Exception 0: java.util.concurrent.ExecutionException: org.apache.ratis.thirdparty.io.grpc.StatusRuntimeException: INTERNAL: s0@group-54B4F2458EED is not in [RUNNING]: current state is CLOSED
2022-06-29 11:32:54,639 INFO  impl.LeaderElection (LogUtils.java:infoOrTrace(137)) -   Exception 1: java.util.concurrent.ExecutionException: org.apache.ratis.thirdparty.io.grpc.StatusRuntimeException: INTERNAL: s1@group-54B4F2458EED is not in [RUNNING]: current state is CLOSED
2022-06-29 11:32:54,640 INFO  impl.LeaderElection (LeaderElection.java:askForVotes(312)) - s2@group-54B4F2458EED-LeaderElection206 PRE_VOTE round 0: result REJECTED
2022-06-29 11:32:54,640 INFO  server.RaftServer$Division (RaftServerImpl.java:setRole(299)) - s2@group-54B4F2458EED: changes role from CANDIDATE to FOLLOWER at term 3 for REJECTED
2022-06-29 11:32:54,640 INFO  impl.RoleInfo (RoleInfo.java:shutdownLeaderElection(130)) - s2: shutdown s2@group-54B4F2458EED-LeaderElection206
2022-06-29 11:32:54,640 INFO  impl.RoleInfo (RoleInfo.java:updateAndGet(139)) - s2: start s2@group-54B4F2458EED-FollowerState
2022-06-29 11:32:54,848 INFO  impl.FollowerState (FollowerState.java:run(143)) - s2@group-54B4F2458EED-FollowerState: change to CANDIDATE, lastRpcElapsedTime:208154359ns, electionTimeout:206ms
2022-06-29 11:32:54,848 INFO  impl.RoleInfo (RoleInfo.java:shutdownFollowerState(110)) - s2: shutdown s2@group-54B4F2458EED-FollowerState
2022-06-29 11:32:54,848 INFO  server.RaftServer$Division (RaftServerImpl.java:setRole(299)) - s2@group-54B4F2458EED: changes role from  FOLLOWER to CANDIDATE at term 3 for changeToCandidate
2022-06-29 11:32:54,849 INFO  server.RaftServerConfigKeys (ConfUtils.java:logGet(46)) - raft.server.leaderelection.pre-vote = true (default)
2022-06-29 11:32:54,849 INFO  impl.RoleInfo (RoleInfo.java:updateAndGet(139)) - s2: start s2@group-54B4F2458EED-LeaderElection207
2022-06-29 11:32:54,850 INFO  impl.LeaderElection (LeaderElection.java:askForVotes(310)) - s2@group-54B4F2458EED-LeaderElection207 PRE_VOTE round 0: submit vote requests at term 3 for 28: [s0|rpc:localhost:46515|admin:localhost:40757|client:localhost:41939|dataStream:localhost:35593|priority:0, s1|rpc:localhost:34095|admin:localhost:43151|client:localhost:36051|dataStream:localhost:38995|priority:0, s2|rpc:localhost:40453|admin:localhost:33947|client:localhost:38503|dataStream:localhost:42009|priority:0], old=null
2022-06-29 11:32:54,853 INFO  server.RaftServer$Division (RaftServerImpl.java:requestVote(1152)) - s0@group-54B4F2458EED: receive requestVote(PRE_VOTE, s2, group-54B4F2458EED, 3, (t:3, i:31))
2022-06-29 11:32:54,853 WARN  server.GrpcServerProtocolService (LogUtils.java:warn(122)) - s0: Failed requestVote s2->s0#0: org.apache.ratis.protocol.exceptions.ServerNotReadyException: s0@group-54B4F2458EED is not in [RUNNING]: current state is CLOSED
2022-06-29 11:32:54,854 INFO  server.RaftServer$Division (RaftServerImpl.java:requestVote(1152)) - s1@group-54B4F2458EED: receive requestVote(PRE_VOTE, s2, group-54B4F2458EED, 3, (t:3, i:31))
2022-06-29 11:32:54,854 WARN  server.GrpcServerProtocolService (LogUtils.java:warn(122)) - s1: Failed requestVote s2->s1#0: org.apache.ratis.protocol.exceptions.ServerNotReadyException: s1@group-54B4F2458EED is not in [RUNNING]: current state is CLOSED
2022-06-29 11:32:54,854 INFO  impl.LeaderElection (LogUtils.java:infoOrTrace(137)) - s2@group-54B4F2458EED-LeaderElection207 got exception when requesting votes: java.util.concurrent.ExecutionException: org.apache.ratis.thirdparty.io.grpc.StatusRuntimeException: INTERNAL: s0@group-54B4F2458EED is not in [RUNNING]: current state is CLOSED
2022-06-29 11:32:54,854 INFO  impl.LeaderElection (LogUtils.java:infoOrTrace(137)) - s2@group-54B4F2458EED-LeaderElection207 got exception when requesting votes: java.util.concurrent.ExecutionException: org.apache.ratis.thirdparty.io.grpc.StatusRuntimeException: INTERNAL: s1@group-54B4F2458EED is not in [RUNNING]: current state is CLOSED
2022-06-29 11:32:54,854 INFO  impl.LeaderElection (LeaderElection.java:logAndReturn(90)) - s2@group-54B4F2458EED-LeaderElection207: PRE_VOTE REJECTED received 0 response(s) and 2 exception(s):
2022-06-29 11:32:54,855 INFO  impl.LeaderElection (LogUtils.java:infoOrTrace(137)) -   Exception 0: java.util.concurrent.ExecutionException: org.apache.ratis.thirdparty.io.grpc.StatusRuntimeException: INTERNAL: s0@group-54B4F2458EED is not in [RUNNING]: current state is CLOSED
2022-06-29 11:32:54,855 INFO  impl.LeaderElection (LogUtils.java:infoOrTrace(137)) -   Exception 1: java.util.concurrent.ExecutionException: org.apache.ratis.thirdparty.io.grpc.StatusRuntimeException: INTERNAL: s1@group-54B4F2458EED is not in [RUNNING]: current state is CLOSED
2022-06-29 11:32:54,855 INFO  impl.LeaderElection (LeaderElection.java:askForVotes(312)) - s2@group-54B4F2458EED-LeaderElection207 PRE_VOTE round 0: result REJECTED
2022-06-29 11:32:54,855 INFO  server.RaftServer$Division (RaftServerImpl.java:setRole(299)) - s2@group-54B4F2458EED: changes role from CANDIDATE to FOLLOWER at term 3 for REJECTED
2022-06-29 11:32:54,855 INFO  impl.RoleInfo (RoleInfo.java:shutdownLeaderElection(130)) - s2: shutdown s2@group-54B4F2458EED-LeaderElection207
2022-06-29 11:32:54,856 INFO  impl.RoleInfo (RoleInfo.java:updateAndGet(139)) - s2: start s2@group-54B4F2458EED-FollowerState
2022-06-29 11:32:55,149 INFO  impl.FollowerState (FollowerState.java:run(143)) - s2@group-54B4F2458EED-FollowerState: change to CANDIDATE, lastRpcElapsedTime:292227467ns, electionTimeout:291ms
2022-06-29 11:32:55,149 INFO  impl.RoleInfo (RoleInfo.java:shutdownFollowerState(110)) - s2: shutdown s2@group-54B4F2458EED-FollowerState
2022-06-29 11:32:55,149 INFO  server.RaftServer$Division (RaftServerImpl.java:setRole(299)) - s2@group-54B4F2458EED: changes role from  FOLLOWER to CANDIDATE at term 3 for changeToCandidate
2022-06-29 11:32:55,150 INFO  server.RaftServerConfigKeys (ConfUtils.java:logGet(46)) - raft.server.leaderelection.pre-vote = true (default)
2022-06-29 11:32:55,150 INFO  impl.RoleInfo (RoleInfo.java:updateAndGet(139)) - s2: start s2@group-54B4F2458EED-LeaderElection208
2022-06-29 11:32:55,153 INFO  impl.LeaderElection (LeaderElection.java:askForVotes(310)) - s2@group-54B4F2458EED-LeaderElection208 PRE_VOTE round 0: submit vote requests at term 3 for 28: [s0|rpc:localhost:46515|admin:localhost:40757|client:localhost:41939|dataStream:localhost:35593|priority:0, s1|rpc:localhost:34095|admin:localhost:43151|client:localhost:36051|dataStream:localhost:38995|priority:0, s2|rpc:localhost:40453|admin:localhost:33947|client:localhost:38503|dataStream:localhost:42009|priority:0], old=null
2022-06-29 11:32:55,155 INFO  server.RaftServer$Division (RaftServerImpl.java:requestVote(1152)) - s0@group-54B4F2458EED: receive requestVote(PRE_VOTE, s2, group-54B4F2458EED, 3, (t:3, i:31))
2022-06-29 11:32:55,156 WARN  server.GrpcServerProtocolService (LogUtils.java:warn(122)) - s0: Failed requestVote s2->s0#0: org.apache.ratis.protocol.exceptions.ServerNotReadyException: s0@group-54B4F2458EED is not in [RUNNING]: current state is CLOSED
2022-06-29 11:32:55,156 INFO  server.RaftServer$Division (RaftServerImpl.java:requestVote(1152)) - s1@group-54B4F2458EED: receive requestVote(PRE_VOTE, s2, group-54B4F2458EED, 3, (t:3, i:31))
2022-06-29 11:32:55,156 WARN  server.GrpcServerProtocolService (LogUtils.java:warn(122)) - s1: Failed requestVote s2->s1#0: org.apache.ratis.protocol.exceptions.ServerNotReadyException: s1@group-54B4F2458EED is not in [RUNNING]: current state is CLOSED
2022-06-29 11:32:55,157 INFO  impl.LeaderElection (LogUtils.java:infoOrTrace(137)) - s2@group-54B4F2458EED-LeaderElection208 got exception when requesting votes: java.util.concurrent.ExecutionException: org.apache.ratis.thirdparty.io.grpc.StatusRuntimeException: INTERNAL: s0@group-54B4F2458EED is not in [RUNNING]: current state is CLOSED
2022-06-29 11:32:55,157 INFO  impl.LeaderElection (LogUtils.java:infoOrTrace(137)) - s2@group-54B4F2458EED-LeaderElection208 got exception when requesting votes: java.util.concurrent.ExecutionException: org.apache.ratis.thirdparty.io.grpc.StatusRuntimeException: INTERNAL: s1@group-54B4F2458EED is not in [RUNNING]: current state is CLOSED
2022-06-29 11:32:55,157 INFO  impl.LeaderElection (LeaderElection.java:logAndReturn(90)) - s2@group-54B4F2458EED-LeaderElection208: PRE_VOTE REJECTED received 0 response(s) and 2 exception(s):
2022-06-29 11:32:55,157 INFO  impl.LeaderElection (LogUtils.java:infoOrTrace(137)) -   Exception 0: java.util.concurrent.ExecutionException: org.apache.ratis.thirdparty.io.grpc.StatusRuntimeException: INTERNAL: s0@group-54B4F2458EED is not in [RUNNING]: current state is CLOSED
2022-06-29 11:32:55,157 INFO  impl.LeaderElection (LogUtils.java:infoOrTrace(137)) -   Exception 1: java.util.concurrent.ExecutionException: org.apache.ratis.thirdparty.io.grpc.StatusRuntimeException: INTERNAL: s1@group-54B4F2458EED is not in [RUNNING]: current state is CLOSED
2022-06-29 11:32:55,158 INFO  impl.LeaderElection (LeaderElection.java:askForVotes(312)) - s2@group-54B4F2458EED-LeaderElection208 PRE_VOTE round 0: result REJECTED
2022-06-29 11:32:55,158 INFO  server.RaftServer$Division (RaftServerImpl.java:setRole(299)) - s2@group-54B4F2458EED: changes role from CANDIDATE to FOLLOWER at term 3 for REJECTED
2022-06-29 11:32:55,158 INFO  impl.RoleInfo (RoleInfo.java:shutdownLeaderElection(130)) - s2: shutdown s2@group-54B4F2458EED-LeaderElection208
2022-06-29 11:32:55,158 INFO  impl.RoleInfo (RoleInfo.java:updateAndGet(139)) - s2: start s2@group-54B4F2458EED-FollowerState
2022-06-29 11:32:55,328 INFO  impl.FollowerState (FollowerState.java:run(143)) - s2@group-54B4F2458EED-FollowerState: change to CANDIDATE, lastRpcElapsedTime:169696142ns, electionTimeout:168ms
2022-06-29 11:32:55,328 INFO  impl.RoleInfo (RoleInfo.java:shutdownFollowerState(110)) - s2: shutdown s2@group-54B4F2458EED-FollowerState
2022-06-29 11:32:55,328 INFO  server.RaftServer$Division (RaftServerImpl.java:setRole(299)) - s2@group-54B4F2458EED: changes role from  FOLLOWER to CANDIDATE at term 3 for changeToCandidate
2022-06-29 11:32:55,329 INFO  server.RaftServerConfigKeys (ConfUtils.java:logGet(46)) - raft.server.leaderelection.pre-vote = true (default)
2022-06-29 11:32:55,329 INFO  impl.RoleInfo (RoleInfo.java:updateAndGet(139)) - s2: start s2@group-54B4F2458EED-LeaderElection209
2022-06-29 11:32:55,331 INFO  impl.LeaderElection (LeaderElection.java:askForVotes(310)) - s2@group-54B4F2458EED-LeaderElection209 PRE_VOTE round 0: submit vote requests at term 3 for 28: [s0|rpc:localhost:46515|admin:localhost:40757|client:localhost:41939|dataStream:localhost:35593|priority:0, s1|rpc:localhost:34095|admin:localhost:43151|client:localhost:36051|dataStream:localhost:38995|priority:0, s2|rpc:localhost:40453|admin:localhost:33947|client:localhost:38503|dataStream:localhost:42009|priority:0], old=null
2022-06-29 11:32:55,334 INFO  server.RaftServer$Division (RaftServerImpl.java:requestVote(1152)) - s0@group-54B4F2458EED: receive requestVote(PRE_VOTE, s2, group-54B4F2458EED, 3, (t:3, i:31))
2022-06-29 11:32:55,334 WARN  server.GrpcServerProtocolService (LogUtils.java:warn(122)) - s0: Failed requestVote s2->s0#0: org.apache.ratis.protocol.exceptions.ServerNotReadyException: s0@group-54B4F2458EED is not in [RUNNING]: current state is CLOSED
2022-06-29 11:32:55,335 INFO  server.RaftServer$Division (RaftServerImpl.java:requestVote(1152)) - s1@group-54B4F2458EED: receive requestVote(PRE_VOTE, s2, group-54B4F2458EED, 3, (t:3, i:31))
2022-06-29 11:32:55,335 WARN  server.GrpcServerProtocolService (LogUtils.java:warn(122)) - s1: Failed requestVote s2->s1#0: org.apache.ratis.protocol.exceptions.ServerNotReadyException: s1@group-54B4F2458EED is not in [RUNNING]: current state is CLOSED
2022-06-29 11:32:55,336 INFO  impl.LeaderElection (LogUtils.java:infoOrTrace(137)) - s2@group-54B4F2458EED-LeaderElection209 got exception when requesting votes: java.util.concurrent.ExecutionException: org.apache.ratis.thirdparty.io.grpc.StatusRuntimeException: INTERNAL: s0@group-54B4F2458EED is not in [RUNNING]: current state is CLOSED
2022-06-29 11:32:55,337 INFO  impl.LeaderElection (LogUtils.java:infoOrTrace(137)) - s2@group-54B4F2458EED-LeaderElection209 got exception when requesting votes: java.util.concurrent.ExecutionException: org.apache.ratis.thirdparty.io.grpc.StatusRuntimeException: INTERNAL: s1@group-54B4F2458EED is not in [RUNNING]: current state is CLOSED
2022-06-29 11:32:55,337 INFO  impl.LeaderElection (LeaderElection.java:logAndReturn(90)) - s2@group-54B4F2458EED-LeaderElection209: PRE_VOTE REJECTED received 0 response(s) and 2 exception(s):
2022-06-29 11:32:55,337 INFO  impl.LeaderElection (LogUtils.java:infoOrTrace(137)) -   Exception 0: java.util.concurrent.ExecutionException: org.apache.ratis.thirdparty.io.grpc.StatusRuntimeException: INTERNAL: s0@group-54B4F2458EED is not in [RUNNING]: current state is CLOSED
2022-06-29 11:32:55,337 INFO  impl.LeaderElection (LogUtils.java:infoOrTrace(137)) -   Exception 1: java.util.concurrent.ExecutionException: org.apache.ratis.thirdparty.io.grpc.StatusRuntimeException: INTERNAL: s1@group-54B4F2458EED is not in [RUNNING]: current state is CLOSED
2022-06-29 11:32:55,337 INFO  impl.LeaderElection (LeaderElection.java:askForVotes(312)) - s2@group-54B4F2458EED-LeaderElection209 PRE_VOTE round 0: result REJECTED
2022-06-29 11:32:55,337 INFO  server.RaftServer$Division (RaftServerImpl.java:setRole(299)) - s2@group-54B4F2458EED: changes role from CANDIDATE to FOLLOWER at term 3 for REJECTED
2022-06-29 11:32:55,337 INFO  impl.RoleInfo (RoleInfo.java:shutdownLeaderElection(130)) - s2: shutdown s2@group-54B4F2458EED-LeaderElection209
2022-06-29 11:32:55,337 INFO  impl.RoleInfo (RoleInfo.java:updateAndGet(139)) - s2: start s2@group-54B4F2458EED-FollowerState
2022-06-29 11:32:55,566 INFO  impl.FollowerState (FollowerState.java:run(143)) - s2@group-54B4F2458EED-FollowerState: change to CANDIDATE, lastRpcElapsedTime:228574921ns, electionTimeout:227ms
2022-06-29 11:32:55,566 INFO  impl.RoleInfo (RoleInfo.java:shutdownFollowerState(110)) - s2: shutdown s2@group-54B4F2458EED-FollowerState
2022-06-29 11:32:55,566 INFO  server.RaftServer$Division (RaftServerImpl.java:setRole(299)) - s2@group-54B4F2458EED: changes role from  FOLLOWER to CANDIDATE at term 3 for changeToCandidate
2022-06-29 11:32:55,566 INFO  server.RaftServerConfigKeys (ConfUtils.java:logGet(46)) - raft.server.leaderelection.pre-vote = true (default)
2022-06-29 11:32:55,566 INFO  impl.RoleInfo (RoleInfo.java:updateAndGet(139)) - s2: start s2@group-54B4F2458EED-LeaderElection210
2022-06-29 11:32:55,568 INFO  impl.LeaderElection (LeaderElection.java:askForVotes(310)) - s2@group-54B4F2458EED-LeaderElection210 PRE_VOTE round 0: submit vote requests at term 3 for 28: [s0|rpc:localhost:46515|admin:localhost:40757|client:localhost:41939|dataStream:localhost:35593|priority:0, s1|rpc:localhost:34095|admin:localhost:43151|client:localhost:36051|dataStream:localhost:38995|priority:0, s2|rpc:localhost:40453|admin:localhost:33947|client:localhost:38503|dataStream:localhost:42009|priority:0], old=null
2022-06-29 11:32:55,570 INFO  server.RaftServer$Division (RaftServerImpl.java:requestVote(1152)) - s1@group-54B4F2458EED: receive requestVote(PRE_VOTE, s2, group-54B4F2458EED, 3, (t:3, i:31))
2022-06-29 11:32:55,570 WARN  server.GrpcServerProtocolService (LogUtils.java:warn(122)) - s1: Failed requestVote s2->s1#0: org.apache.ratis.protocol.exceptions.ServerNotReadyException: s1@group-54B4F2458EED is not in [RUNNING]: current state is CLOSED
2022-06-29 11:32:55,571 INFO  server.RaftServer$Division (RaftServerImpl.java:requestVote(1152)) - s0@group-54B4F2458EED: receive requestVote(PRE_VOTE, s2, group-54B4F2458EED, 3, (t:3, i:31))
2022-06-29 11:32:55,571 WARN  server.GrpcServerProtocolService (LogUtils.java:warn(122)) - s0: Failed requestVote s2->s0#0: org.apache.ratis.protocol.exceptions.ServerNotReadyException: s0@group-54B4F2458EED is not in [RUNNING]: current state is CLOSED
2022-06-29 11:32:55,572 INFO  impl.LeaderElection (LogUtils.java:infoOrTrace(137)) - s2@group-54B4F2458EED-LeaderElection210 got exception when requesting votes: java.util.concurrent.ExecutionException: org.apache.ratis.thirdparty.io.grpc.StatusRuntimeException: INTERNAL: s0@group-54B4F2458EED is not in [RUNNING]: current state is CLOSED
2022-06-29 11:32:55,572 INFO  impl.LeaderElection (LogUtils.java:infoOrTrace(137)) - s2@group-54B4F2458EED-LeaderElection210 got exception when requesting votes: java.util.concurrent.ExecutionException: org.apache.ratis.thirdparty.io.grpc.StatusRuntimeException: INTERNAL: s1@group-54B4F2458EED is not in [RUNNING]: current state is CLOSED
2022-06-29 11:32:55,572 INFO  impl.LeaderElection (LeaderElection.java:logAndReturn(90)) - s2@group-54B4F2458EED-LeaderElection210: PRE_VOTE REJECTED received 0 response(s) and 2 exception(s):
2022-06-29 11:32:55,572 INFO  impl.LeaderElection (LogUtils.java:infoOrTrace(137)) -   Exception 0: java.util.concurrent.ExecutionException: org.apache.ratis.thirdparty.io.grpc.StatusRuntimeException: INTERNAL: s0@group-54B4F2458EED is not in [RUNNING]: current state is CLOSED
2022-06-29 11:32:55,572 INFO  impl.LeaderElection (LogUtils.java:infoOrTrace(137)) -   Exception 1: java.util.concurrent.ExecutionException: org.apache.ratis.thirdparty.io.grpc.StatusRuntimeException: INTERNAL: s1@group-54B4F2458EED is not in [RUNNING]: current state is CLOSED
2022-06-29 11:32:55,573 INFO  impl.LeaderElection (LeaderElection.java:askForVotes(312)) - s2@group-54B4F2458EED-LeaderElection210 PRE_VOTE round 0: result REJECTED
2022-06-29 11:32:55,573 INFO  server.RaftServer$Division (RaftServerImpl.java:setRole(299)) - s2@group-54B4F2458EED: changes role from CANDIDATE to FOLLOWER at term 3 for REJECTED
2022-06-29 11:32:55,573 INFO  impl.RoleInfo (RoleInfo.java:shutdownLeaderElection(130)) - s2: shutdown s2@group-54B4F2458EED-LeaderElection210
2022-06-29 11:32:55,573 INFO  impl.RoleInfo (RoleInfo.java:updateAndGet(139)) - s2: start s2@group-54B4F2458EED-FollowerState
2022-06-29 11:32:55,842 INFO  impl.FollowerState (FollowerState.java:run(143)) - s2@group-54B4F2458EED-FollowerState: change to CANDIDATE, lastRpcElapsedTime:268852753ns, electionTimeout:267ms
2022-06-29 11:32:55,842 INFO  impl.RoleInfo (RoleInfo.java:shutdownFollowerState(110)) - s2: shutdown s2@group-54B4F2458EED-FollowerState
2022-06-29 11:32:55,842 INFO  server.RaftServer$Division (RaftServerImpl.java:setRole(299)) - s2@group-54B4F2458EED: changes role from  FOLLOWER to CANDIDATE at term 3 for changeToCandidate
2022-06-29 11:32:55,843 INFO  server.RaftServerConfigKeys (ConfUtils.java:logGet(46)) - raft.server.leaderelection.pre-vote = true (default)
2022-06-29 11:32:55,843 INFO  impl.RoleInfo (RoleInfo.java:updateAndGet(139)) - s2: start s2@group-54B4F2458EED-LeaderElection211
2022-06-29 11:32:55,844 INFO  impl.LeaderElection (LeaderElection.java:askForVotes(310)) - s2@group-54B4F2458EED-LeaderElection211 PRE_VOTE round 0: submit vote requests at term 3 for 28: [s0|rpc:localhost:46515|admin:localhost:40757|client:localhost:41939|dataStream:localhost:35593|priority:0, s1|rpc:localhost:34095|admin:localhost:43151|client:localhost:36051|dataStream:localhost:38995|priority:0, s2|rpc:localhost:40453|admin:localhost:33947|client:localhost:38503|dataStream:localhost:42009|priority:0], old=null
2022-06-29 11:32:55,846 INFO  server.RaftServer$Division (RaftServerImpl.java:requestVote(1152)) - s0@group-54B4F2458EED: receive requestVote(PRE_VOTE, s2, group-54B4F2458EED, 3, (t:3, i:31))
2022-06-29 11:32:55,846 WARN  server.GrpcServerProtocolService (LogUtils.java:warn(122)) - s0: Failed requestVote s2->s0#0: org.apache.ratis.protocol.exceptions.ServerNotReadyException: s0@group-54B4F2458EED is not in [RUNNING]: current state is CLOSED
2022-06-29 11:32:55,846 INFO  server.RaftServer$Division (RaftServerImpl.java:requestVote(1152)) - s1@group-54B4F2458EED: receive requestVote(PRE_VOTE, s2, group-54B4F2458EED, 3, (t:3, i:31))
2022-06-29 11:32:55,846 WARN  server.GrpcServerProtocolService (LogUtils.java:warn(122)) - s1: Failed requestVote s2->s1#0: org.apache.ratis.protocol.exceptions.ServerNotReadyException: s1@group-54B4F2458EED is not in [RUNNING]: current state is CLOSED
2022-06-29 11:32:55,847 INFO  impl.LeaderElection (LogUtils.java:infoOrTrace(137)) - s2@group-54B4F2458EED-LeaderElection211 got exception when requesting votes: java.util.concurrent.ExecutionException: org.apache.ratis.thirdparty.io.grpc.StatusRuntimeException: INTERNAL: s0@group-54B4F2458EED is not in [RUNNING]: current state is CLOSED
2022-06-29 11:32:55,847 INFO  impl.LeaderElection (LogUtils.java:infoOrTrace(137)) - s2@group-54B4F2458EED-LeaderElection211 got exception when requesting votes: java.util.concurrent.ExecutionException: org.apache.ratis.thirdparty.io.grpc.StatusRuntimeException: INTERNAL: s1@group-54B4F2458EED is not in [RUNNING]: current state is CLOSED
2022-06-29 11:32:55,847 INFO  impl.LeaderElection (LeaderElection.java:logAndReturn(90)) - s2@group-54B4F2458EED-LeaderElection211: PRE_VOTE REJECTED received 0 response(s) and 2 exception(s):
2022-06-29 11:32:55,847 INFO  impl.LeaderElection (LogUtils.java:infoOrTrace(137)) -   Exception 0: java.util.concurrent.ExecutionException: org.apache.ratis.thirdparty.io.grpc.StatusRuntimeException: INTERNAL: s0@group-54B4F2458EED is not in [RUNNING]: current state is CLOSED
2022-06-29 11:32:55,847 INFO  impl.LeaderElection (LogUtils.java:infoOrTrace(137)) -   Exception 1: java.util.concurrent.ExecutionException: org.apache.ratis.thirdparty.io.grpc.StatusRuntimeException: INTERNAL: s1@group-54B4F2458EED is not in [RUNNING]: current state is CLOSED
2022-06-29 11:32:55,847 INFO  impl.LeaderElection (LeaderElection.java:askForVotes(312)) - s2@group-54B4F2458EED-LeaderElection211 PRE_VOTE round 0: result REJECTED
2022-06-29 11:32:55,847 INFO  server.RaftServer$Division (RaftServerImpl.java:setRole(299)) - s2@group-54B4F2458EED: changes role from CANDIDATE to FOLLOWER at term 3 for REJECTED
2022-06-29 11:32:55,847 INFO  impl.RoleInfo (RoleInfo.java:shutdownLeaderElection(130)) - s2: shutdown s2@group-54B4F2458EED-LeaderElection211
2022-06-29 11:32:55,847 INFO  impl.RoleInfo (RoleInfo.java:updateAndGet(139)) - s2: start s2@group-54B4F2458EED-FollowerState
2022-06-29 11:32:56,083 INFO  impl.FollowerState (FollowerState.java:run(143)) - s2@group-54B4F2458EED-FollowerState: change to CANDIDATE, lastRpcElapsedTime:235980716ns, electionTimeout:234ms
2022-06-29 11:32:56,084 INFO  impl.RoleInfo (RoleInfo.java:shutdownFollowerState(110)) - s2: shutdown s2@group-54B4F2458EED-FollowerState
2022-06-29 11:32:56,084 INFO  server.RaftServer$Division (RaftServerImpl.java:setRole(299)) - s2@group-54B4F2458EED: changes role from  FOLLOWER to CANDIDATE at term 3 for changeToCandidate
2022-06-29 11:32:56,084 INFO  server.RaftServerConfigKeys (ConfUtils.java:logGet(46)) - raft.server.leaderelection.pre-vote = true (default)
2022-06-29 11:32:56,084 INFO  impl.RoleInfo (RoleInfo.java:updateAndGet(139)) - s2: start s2@group-54B4F2458EED-LeaderElection212
2022-06-29 11:32:56,085 INFO  impl.LeaderElection (LeaderElection.java:askForVotes(310)) - s2@group-54B4F2458EED-LeaderElection212 PRE_VOTE round 0: submit vote requests at term 3 for 28: [s0|rpc:localhost:46515|admin:localhost:40757|client:localhost:41939|dataStream:localhost:35593|priority:0, s1|rpc:localhost:34095|admin:localhost:43151|client:localhost:36051|dataStream:localhost:38995|priority:0, s2|rpc:localhost:40453|admin:localhost:33947|client:localhost:38503|dataStream:localhost:42009|priority:0], old=null
2022-06-29 11:32:56,087 INFO  server.RaftServer$Division (RaftServerImpl.java:requestVote(1152)) - s0@group-54B4F2458EED: receive requestVote(PRE_VOTE, s2, group-54B4F2458EED, 3, (t:3, i:31))
2022-06-29 11:32:56,088 WARN  server.GrpcServerProtocolService (LogUtils.java:warn(122)) - s0: Failed requestVote s2->s0#0: org.apache.ratis.protocol.exceptions.ServerNotReadyException: s0@group-54B4F2458EED is not in [RUNNING]: current state is CLOSED
2022-06-29 11:32:56,088 INFO  server.RaftServer$Division (RaftServerImpl.java:requestVote(1152)) - s1@group-54B4F2458EED: receive requestVote(PRE_VOTE, s2, group-54B4F2458EED, 3, (t:3, i:31))
2022-06-29 11:32:56,088 WARN  server.GrpcServerProtocolService (LogUtils.java:warn(122)) - s1: Failed requestVote s2->s1#0: org.apache.ratis.protocol.exceptions.ServerNotReadyException: s1@group-54B4F2458EED is not in [RUNNING]: current state is CLOSED
2022-06-29 11:32:56,090 INFO  impl.LeaderElection (LogUtils.java:infoOrTrace(137)) - s2@group-54B4F2458EED-LeaderElection212 got exception when requesting votes: java.util.concurrent.ExecutionException: org.apache.ratis.thirdparty.io.grpc.StatusRuntimeException: INTERNAL: s1@group-54B4F2458EED is not in [RUNNING]: current state is CLOSED
2022-06-29 11:32:56,090 INFO  impl.LeaderElection (LogUtils.java:infoOrTrace(137)) - s2@group-54B4F2458EED-LeaderElection212 got exception when requesting votes: java.util.concurrent.ExecutionException: org.apache.ratis.thirdparty.io.grpc.StatusRuntimeException: INTERNAL: s0@group-54B4F2458EED is not in [RUNNING]: current state is CLOSED
2022-06-29 11:32:56,090 INFO  impl.LeaderElection (LeaderElection.java:logAndReturn(90)) - s2@group-54B4F2458EED-LeaderElection212: PRE_VOTE REJECTED received 0 response(s) and 2 exception(s):
2022-06-29 11:32:56,090 INFO  impl.LeaderElection (LogUtils.java:infoOrTrace(137)) -   Exception 0: java.util.concurrent.ExecutionException: org.apache.ratis.thirdparty.io.grpc.StatusRuntimeException: INTERNAL: s1@group-54B4F2458EED is not in [RUNNING]: current state is CLOSED
2022-06-29 11:32:56,090 INFO  impl.LeaderElection (LogUtils.java:infoOrTrace(137)) -   Exception 1: java.util.concurrent.ExecutionException: org.apache.ratis.thirdparty.io.grpc.StatusRuntimeException: INTERNAL: s0@group-54B4F2458EED is not in [RUNNING]: current state is CLOSED
2022-06-29 11:32:56,090 INFO  impl.LeaderElection (LeaderElection.java:askForVotes(312)) - s2@group-54B4F2458EED-LeaderElection212 PRE_VOTE round 0: result REJECTED
2022-06-29 11:32:56,090 INFO  server.RaftServer$Division (RaftServerImpl.java:setRole(299)) - s2@group-54B4F2458EED: changes role from CANDIDATE to FOLLOWER at term 3 for REJECTED
2022-06-29 11:32:56,090 INFO  impl.RoleInfo (RoleInfo.java:shutdownLeaderElection(130)) - s2: shutdown s2@group-54B4F2458EED-LeaderElection212
2022-06-29 11:32:56,090 INFO  impl.RoleInfo (RoleInfo.java:updateAndGet(139)) - s2: start s2@group-54B4F2458EED-FollowerState
2022-06-29 11:32:56,350 INFO  impl.FollowerState (FollowerState.java:run(143)) - s2@group-54B4F2458EED-FollowerState: change to CANDIDATE, lastRpcElapsedTime:259741124ns, electionTimeout:259ms
2022-06-29 11:32:56,350 INFO  impl.RoleInfo (RoleInfo.java:shutdownFollowerState(110)) - s2: shutdown s2@group-54B4F2458EED-FollowerState
2022-06-29 11:32:56,350 INFO  server.RaftServer$Division (RaftServerImpl.java:setRole(299)) - s2@group-54B4F2458EED: changes role from  FOLLOWER to CANDIDATE at term 3 for changeToCandidate
2022-06-29 11:32:56,351 INFO  server.RaftServerConfigKeys (ConfUtils.java:logGet(46)) - raft.server.leaderelection.pre-vote = true (default)
2022-06-29 11:32:56,351 INFO  impl.RoleInfo (RoleInfo.java:updateAndGet(139)) - s2: start s2@group-54B4F2458EED-LeaderElection213
2022-06-29 11:32:56,353 INFO  impl.LeaderElection (LeaderElection.java:askForVotes(310)) - s2@group-54B4F2458EED-LeaderElection213 PRE_VOTE round 0: submit vote requests at term 3 for 28: [s0|rpc:localhost:46515|admin:localhost:40757|client:localhost:41939|dataStream:localhost:35593|priority:0, s1|rpc:localhost:34095|admin:localhost:43151|client:localhost:36051|dataStream:localhost:38995|priority:0, s2|rpc:localhost:40453|admin:localhost:33947|client:localhost:38503|dataStream:localhost:42009|priority:0], old=null
2022-06-29 11:32:56,364 INFO  server.RaftServer$Division (RaftServerImpl.java:requestVote(1152)) - s1@group-54B4F2458EED: receive requestVote(PRE_VOTE, s2, group-54B4F2458EED, 3, (t:3, i:31))
2022-06-29 11:32:56,364 WARN  server.GrpcServerProtocolService (LogUtils.java:warn(122)) - s1: Failed requestVote s2->s1#0: org.apache.ratis.protocol.exceptions.ServerNotReadyException: s1@group-54B4F2458EED is not in [RUNNING]: current state is CLOSED
2022-06-29 11:32:56,364 INFO  server.RaftServer$Division (RaftServerImpl.java:requestVote(1152)) - s0@group-54B4F2458EED: receive requestVote(PRE_VOTE, s2, group-54B4F2458EED, 3, (t:3, i:31))
2022-06-29 11:32:56,364 WARN  server.GrpcServerProtocolService (LogUtils.java:warn(122)) - s0: Failed requestVote s2->s0#0: org.apache.ratis.protocol.exceptions.ServerNotReadyException: s0@group-54B4F2458EED is not in [RUNNING]: current state is CLOSED
2022-06-29 11:32:56,365 INFO  impl.LeaderElection (LogUtils.java:infoOrTrace(137)) - s2@group-54B4F2458EED-LeaderElection213 got exception when requesting votes: java.util.concurrent.ExecutionException: org.apache.ratis.thirdparty.io.grpc.StatusRuntimeException: INTERNAL: s0@group-54B4F2458EED is not in [RUNNING]: current state is CLOSED
2022-06-29 11:32:56,366 INFO  impl.LeaderElection (LogUtils.java:infoOrTrace(137)) - s2@group-54B4F2458EED-LeaderElection213 got exception when requesting votes: java.util.concurrent.ExecutionException: org.apache.ratis.thirdparty.io.grpc.StatusRuntimeException: INTERNAL: s1@group-54B4F2458EED is not in [RUNNING]: current state is CLOSED
2022-06-29 11:32:56,366 INFO  impl.LeaderElection (LeaderElection.java:logAndReturn(90)) - s2@group-54B4F2458EED-LeaderElection213: PRE_VOTE REJECTED received 0 response(s) and 2 exception(s):
2022-06-29 11:32:56,366 INFO  impl.LeaderElection (LogUtils.java:infoOrTrace(137)) -   Exception 0: java.util.concurrent.ExecutionException: org.apache.ratis.thirdparty.io.grpc.StatusRuntimeException: INTERNAL: s0@group-54B4F2458EED is not in [RUNNING]: current state is CLOSED
2022-06-29 11:32:56,366 INFO  impl.LeaderElection (LogUtils.java:infoOrTrace(137)) -   Exception 1: java.util.concurrent.ExecutionException: org.apache.ratis.thirdparty.io.grpc.StatusRuntimeException: INTERNAL: s1@group-54B4F2458EED is not in [RUNNING]: current state is CLOSED
2022-06-29 11:32:56,367 INFO  impl.LeaderElection (LeaderElection.java:askForVotes(312)) - s2@group-54B4F2458EED-LeaderElection213 PRE_VOTE round 0: result REJECTED
2022-06-29 11:32:56,368 INFO  server.RaftServer$Division (RaftServerImpl.java:setRole(299)) - s2@group-54B4F2458EED: changes role from CANDIDATE to FOLLOWER at term 3 for REJECTED
2022-06-29 11:32:56,368 INFO  impl.RoleInfo (RoleInfo.java:shutdownLeaderElection(130)) - s2: shutdown s2@group-54B4F2458EED-LeaderElection213
2022-06-29 11:32:56,368 INFO  impl.RoleInfo (RoleInfo.java:updateAndGet(139)) - s2: start s2@group-54B4F2458EED-FollowerState
2022-06-29 11:32:56,539 INFO  impl.FollowerState (FollowerState.java:run(143)) - s2@group-54B4F2458EED-FollowerState: change to CANDIDATE, lastRpcElapsedTime:170639949ns, electionTimeout:168ms
2022-06-29 11:32:56,539 INFO  impl.RoleInfo (RoleInfo.java:shutdownFollowerState(110)) - s2: shutdown s2@group-54B4F2458EED-FollowerState
2022-06-29 11:32:56,539 INFO  server.RaftServer$Division (RaftServerImpl.java:setRole(299)) - s2@group-54B4F2458EED: changes role from  FOLLOWER to CANDIDATE at term 3 for changeToCandidate
2022-06-29 11:32:56,539 INFO  server.RaftServerConfigKeys (ConfUtils.java:logGet(46)) - raft.server.leaderelection.pre-vote = true (default)
2022-06-29 11:32:56,539 INFO  impl.RoleInfo (RoleInfo.java:updateAndGet(139)) - s2: start s2@group-54B4F2458EED-LeaderElection214
2022-06-29 11:32:56,540 INFO  impl.LeaderElection (LeaderElection.java:askForVotes(310)) - s2@group-54B4F2458EED-LeaderElection214 PRE_VOTE round 0: submit vote requests at term 3 for 28: [s0|rpc:localhost:46515|admin:localhost:40757|client:localhost:41939|dataStream:localhost:35593|priority:0, s1|rpc:localhost:34095|admin:localhost:43151|client:localhost:36051|dataStream:localhost:38995|priority:0, s2|rpc:localhost:40453|admin:localhost:33947|client:localhost:38503|dataStream:localhost:42009|priority:0], old=null
2022-06-29 11:32:56,545 INFO  server.RaftServer$Division (RaftServerImpl.java:requestVote(1152)) - s0@group-54B4F2458EED: receive requestVote(PRE_VOTE, s2, group-54B4F2458EED, 3, (t:3, i:31))
2022-06-29 11:32:56,545 WARN  server.GrpcServerProtocolService (LogUtils.java:warn(122)) - s0: Failed requestVote s2->s0#0: org.apache.ratis.protocol.exceptions.ServerNotReadyException: s0@group-54B4F2458EED is not in [RUNNING]: current state is CLOSED
2022-06-29 11:32:56,545 INFO  server.RaftServer$Division (RaftServerImpl.java:requestVote(1152)) - s1@group-54B4F2458EED: receive requestVote(PRE_VOTE, s2, group-54B4F2458EED, 3, (t:3, i:31))
2022-06-29 11:32:56,545 WARN  server.GrpcServerProtocolService (LogUtils.java:warn(122)) - s1: Failed requestVote s2->s1#0: org.apache.ratis.protocol.exceptions.ServerNotReadyException: s1@group-54B4F2458EED is not in [RUNNING]: current state is CLOSED
2022-06-29 11:32:56,550 INFO  impl.LeaderElection (LogUtils.java:infoOrTrace(137)) - s2@group-54B4F2458EED-LeaderElection214 got exception when requesting votes: java.util.concurrent.ExecutionException: org.apache.ratis.thirdparty.io.grpc.StatusRuntimeException: INTERNAL: s0@group-54B4F2458EED is not in [RUNNING]: current state is CLOSED
2022-06-29 11:32:56,551 INFO  impl.LeaderElection (LogUtils.java:infoOrTrace(137)) - s2@group-54B4F2458EED-LeaderElection214 got exception when requesting votes: java.util.concurrent.ExecutionException: org.apache.ratis.thirdparty.io.grpc.StatusRuntimeException: INTERNAL: s1@group-54B4F2458EED is not in [RUNNING]: current state is CLOSED
2022-06-29 11:32:56,551 INFO  impl.LeaderElection (LeaderElection.java:logAndReturn(90)) - s2@group-54B4F2458EED-LeaderElection214: PRE_VOTE REJECTED received 0 response(s) and 2 exception(s):
2022-06-29 11:32:56,551 INFO  impl.LeaderElection (LogUtils.java:infoOrTrace(137)) -   Exception 0: java.util.concurrent.ExecutionException: org.apache.ratis.thirdparty.io.grpc.StatusRuntimeException: INTERNAL: s0@group-54B4F2458EED is not in [RUNNING]: current state is CLOSED
2022-06-29 11:32:56,551 INFO  impl.LeaderElection (LogUtils.java:infoOrTrace(137)) -   Exception 1: java.util.concurrent.ExecutionException: org.apache.ratis.thirdparty.io.grpc.StatusRuntimeException: INTERNAL: s1@group-54B4F2458EED is not in [RUNNING]: current state is CLOSED
2022-06-29 11:32:56,551 INFO  impl.LeaderElection (LeaderElection.java:askForVotes(312)) - s2@group-54B4F2458EED-LeaderElection214 PRE_VOTE round 0: result REJECTED
2022-06-29 11:32:56,551 INFO  server.RaftServer$Division (RaftServerImpl.java:setRole(299)) - s2@group-54B4F2458EED: changes role from CANDIDATE to FOLLOWER at term 3 for REJECTED
2022-06-29 11:32:56,551 INFO  impl.RoleInfo (RoleInfo.java:shutdownLeaderElection(130)) - s2: shutdown s2@group-54B4F2458EED-LeaderElection214
2022-06-29 11:32:56,551 INFO  impl.RoleInfo (RoleInfo.java:updateAndGet(139)) - s2: start s2@group-54B4F2458EED-FollowerState
2022-06-29 11:32:56,826 INFO  impl.FollowerState (FollowerState.java:run(143)) - s2@group-54B4F2458EED-FollowerState: change to CANDIDATE, lastRpcElapsedTime:275307229ns, electionTimeout:274ms
2022-06-29 11:32:56,826 INFO  impl.RoleInfo (RoleInfo.java:shutdownFollowerState(110)) - s2: shutdown s2@group-54B4F2458EED-FollowerState
2022-06-29 11:32:56,826 INFO  server.RaftServer$Division (RaftServerImpl.java:setRole(299)) - s2@group-54B4F2458EED: changes role from  FOLLOWER to CANDIDATE at term 3 for changeToCandidate
2022-06-29 11:32:56,827 INFO  server.RaftServerConfigKeys (ConfUtils.java:logGet(46)) - raft.server.leaderelection.pre-vote = true (default)
2022-06-29 11:32:56,827 INFO  impl.RoleInfo (RoleInfo.java:updateAndGet(139)) - s2: start s2@group-54B4F2458EED-LeaderElection215
2022-06-29 11:32:56,829 INFO  impl.LeaderElection (LeaderElection.java:askForVotes(310)) - s2@group-54B4F2458EED-LeaderElection215 PRE_VOTE round 0: submit vote requests at term 3 for 28: [s0|rpc:localhost:46515|admin:localhost:40757|client:localhost:41939|dataStream:localhost:35593|priority:0, s1|rpc:localhost:34095|admin:localhost:43151|client:localhost:36051|dataStream:localhost:38995|priority:0, s2|rpc:localhost:40453|admin:localhost:33947|client:localhost:38503|dataStream:localhost:42009|priority:0], old=null
2022-06-29 11:32:56,832 INFO  server.RaftServer$Division (RaftServerImpl.java:requestVote(1152)) - s0@group-54B4F2458EED: receive requestVote(PRE_VOTE, s2, group-54B4F2458EED, 3, (t:3, i:31))
2022-06-29 11:32:56,833 WARN  server.GrpcServerProtocolService (LogUtils.java:warn(122)) - s0: Failed requestVote s2->s0#0: org.apache.ratis.protocol.exceptions.ServerNotReadyException: s0@group-54B4F2458EED is not in [RUNNING]: current state is CLOSED
2022-06-29 11:32:56,833 INFO  server.RaftServer$Division (RaftServerImpl.java:requestVote(1152)) - s1@group-54B4F2458EED: receive requestVote(PRE_VOTE, s2, group-54B4F2458EED, 3, (t:3, i:31))
2022-06-29 11:32:56,833 WARN  server.GrpcServerProtocolService (LogUtils.java:warn(122)) - s1: Failed requestVote s2->s1#0: org.apache.ratis.protocol.exceptions.ServerNotReadyException: s1@group-54B4F2458EED is not in [RUNNING]: current state is CLOSED
2022-06-29 11:32:56,835 INFO  impl.LeaderElection (LogUtils.java:infoOrTrace(137)) - s2@group-54B4F2458EED-LeaderElection215 got exception when requesting votes: java.util.concurrent.ExecutionException: org.apache.ratis.thirdparty.io.grpc.StatusRuntimeException: INTERNAL: s0@group-54B4F2458EED is not in [RUNNING]: current state is CLOSED
2022-06-29 11:32:56,835 INFO  impl.LeaderElection (LogUtils.java:infoOrTrace(137)) - s2@group-54B4F2458EED-LeaderElection215 got exception when requesting votes: java.util.concurrent.ExecutionException: org.apache.ratis.thirdparty.io.grpc.StatusRuntimeException: INTERNAL: s1@group-54B4F2458EED is not in [RUNNING]: current state is CLOSED
2022-06-29 11:32:56,835 INFO  impl.LeaderElection (LeaderElection.java:logAndReturn(90)) - s2@group-54B4F2458EED-LeaderElection215: PRE_VOTE REJECTED received 0 response(s) and 2 exception(s):
2022-06-29 11:32:56,836 INFO  impl.LeaderElection (LogUtils.java:infoOrTrace(137)) -   Exception 0: java.util.concurrent.ExecutionException: org.apache.ratis.thirdparty.io.grpc.StatusRuntimeException: INTERNAL: s0@group-54B4F2458EED is not in [RUNNING]: current state is CLOSED
2022-06-29 11:32:56,836 INFO  impl.LeaderElection (LogUtils.java:infoOrTrace(137)) -   Exception 1: java.util.concurrent.ExecutionException: org.apache.ratis.thirdparty.io.grpc.StatusRuntimeException: INTERNAL: s1@group-54B4F2458EED is not in [RUNNING]: current state is CLOSED
2022-06-29 11:32:56,838 INFO  impl.LeaderElection (LeaderElection.java:askForVotes(312)) - s2@group-54B4F2458EED-LeaderElection215 PRE_VOTE round 0: result REJECTED
2022-06-29 11:32:56,838 INFO  server.RaftServer$Division (RaftServerImpl.java:setRole(299)) - s2@group-54B4F2458EED: changes role from CANDIDATE to FOLLOWER at term 3 for REJECTED
2022-06-29 11:32:56,838 INFO  impl.RoleInfo (RoleInfo.java:shutdownLeaderElection(130)) - s2: shutdown s2@group-54B4F2458EED-LeaderElection215
2022-06-29 11:32:56,838 INFO  impl.RoleInfo (RoleInfo.java:updateAndGet(139)) - s2: start s2@group-54B4F2458EED-FollowerState
2022-06-29 11:32:57,138 INFO  impl.FollowerState (FollowerState.java:run(143)) - s2@group-54B4F2458EED-FollowerState: change to CANDIDATE, lastRpcElapsedTime:300126351ns, electionTimeout:299ms
2022-06-29 11:32:57,138 INFO  impl.RoleInfo (RoleInfo.java:shutdownFollowerState(110)) - s2: shutdown s2@group-54B4F2458EED-FollowerState
2022-06-29 11:32:57,138 INFO  server.RaftServer$Division (RaftServerImpl.java:setRole(299)) - s2@group-54B4F2458EED: changes role from  FOLLOWER to CANDIDATE at term 3 for changeToCandidate
2022-06-29 11:32:57,138 INFO  server.RaftServerConfigKeys (ConfUtils.java:logGet(46)) - raft.server.leaderelection.pre-vote = true (default)
2022-06-29 11:32:57,138 INFO  impl.RoleInfo (RoleInfo.java:updateAndGet(139)) - s2: start s2@group-54B4F2458EED-LeaderElection216
2022-06-29 11:32:57,140 INFO  impl.LeaderElection (LeaderElection.java:askForVotes(310)) - s2@group-54B4F2458EED-LeaderElection216 PRE_VOTE round 0: submit vote requests at term 3 for 28: [s0|rpc:localhost:46515|admin:localhost:40757|client:localhost:41939|dataStream:localhost:35593|priority:0, s1|rpc:localhost:34095|admin:localhost:43151|client:localhost:36051|dataStream:localhost:38995|priority:0, s2|rpc:localhost:40453|admin:localhost:33947|client:localhost:38503|dataStream:localhost:42009|priority:0], old=null
2022-06-29 11:32:57,143 INFO  server.RaftServer$Division (RaftServerImpl.java:requestVote(1152)) - s0@group-54B4F2458EED: receive requestVote(PRE_VOTE, s2, group-54B4F2458EED, 3, (t:3, i:31))
2022-06-29 11:32:57,143 WARN  server.GrpcServerProtocolService (LogUtils.java:warn(122)) - s0: Failed requestVote s2->s0#0: org.apache.ratis.protocol.exceptions.ServerNotReadyException: s0@group-54B4F2458EED is not in [RUNNING]: current state is CLOSED
2022-06-29 11:32:57,143 INFO  server.RaftServer$Division (RaftServerImpl.java:requestVote(1152)) - s1@group-54B4F2458EED: receive requestVote(PRE_VOTE, s2, group-54B4F2458EED, 3, (t:3, i:31))
2022-06-29 11:32:57,143 WARN  server.GrpcServerProtocolService (LogUtils.java:warn(122)) - s1: Failed requestVote s2->s1#0: org.apache.ratis.protocol.exceptions.ServerNotReadyException: s1@group-54B4F2458EED is not in [RUNNING]: current state is CLOSED
2022-06-29 11:32:57,144 INFO  impl.LeaderElection (LogUtils.java:infoOrTrace(137)) - s2@group-54B4F2458EED-LeaderElection216 got exception when requesting votes: java.util.concurrent.ExecutionException: org.apache.ratis.thirdparty.io.grpc.StatusRuntimeException: INTERNAL: s0@group-54B4F2458EED is not in [RUNNING]: current state is CLOSED
2022-06-29 11:32:57,145 INFO  impl.LeaderElection (LogUtils.java:infoOrTrace(137)) - s2@group-54B4F2458EED-LeaderElection216 got exception when requesting votes: java.util.concurrent.ExecutionException: org.apache.ratis.thirdparty.io.grpc.StatusRuntimeException: INTERNAL: s1@group-54B4F2458EED is not in [RUNNING]: current state is CLOSED
2022-06-29 11:32:57,145 INFO  impl.LeaderElection (LeaderElection.java:logAndReturn(90)) - s2@group-54B4F2458EED-LeaderElection216: PRE_VOTE REJECTED received 0 response(s) and 2 exception(s):
2022-06-29 11:32:57,145 INFO  impl.LeaderElection (LogUtils.java:infoOrTrace(137)) -   Exception 0: java.util.concurrent.ExecutionException: org.apache.ratis.thirdparty.io.grpc.StatusRuntimeException: INTERNAL: s0@group-54B4F2458EED is not in [RUNNING]: current state is CLOSED
2022-06-29 11:32:57,145 INFO  impl.LeaderElection (LogUtils.java:infoOrTrace(137)) -   Exception 1: java.util.concurrent.ExecutionException: org.apache.ratis.thirdparty.io.grpc.StatusRuntimeException: INTERNAL: s1@group-54B4F2458EED is not in [RUNNING]: current state is CLOSED
2022-06-29 11:32:57,146 INFO  impl.LeaderElection (LeaderElection.java:askForVotes(312)) - s2@group-54B4F2458EED-LeaderElection216 PRE_VOTE round 0: result REJECTED
2022-06-29 11:32:57,146 INFO  server.RaftServer$Division (RaftServerImpl.java:setRole(299)) - s2@group-54B4F2458EED: changes role from CANDIDATE to FOLLOWER at term 3 for REJECTED
2022-06-29 11:32:57,146 INFO  impl.RoleInfo (RoleInfo.java:shutdownLeaderElection(130)) - s2: shutdown s2@group-54B4F2458EED-LeaderElection216
2022-06-29 11:32:57,146 INFO  impl.RoleInfo (RoleInfo.java:updateAndGet(139)) - s2: start s2@group-54B4F2458EED-FollowerState
2022-06-29 11:32:57,366 INFO  impl.FollowerState (FollowerState.java:run(143)) - s2@group-54B4F2458EED-FollowerState: change to CANDIDATE, lastRpcElapsedTime:220170194ns, electionTimeout:205ms
2022-06-29 11:32:57,367 INFO  impl.RoleInfo (RoleInfo.java:shutdownFollowerState(110)) - s2: shutdown s2@group-54B4F2458EED-FollowerState
2022-06-29 11:32:57,367 INFO  server.RaftServer$Division (RaftServerImpl.java:setRole(299)) - s2@group-54B4F2458EED: changes role from  FOLLOWER to CANDIDATE at term 3 for changeToCandidate
2022-06-29 11:32:57,367 INFO  server.RaftServerConfigKeys (ConfUtils.java:logGet(46)) - raft.server.leaderelection.pre-vote = true (default)
2022-06-29 11:32:57,367 INFO  impl.RoleInfo (RoleInfo.java:updateAndGet(139)) - s2: start s2@group-54B4F2458EED-LeaderElection217
2022-06-29 11:32:57,368 INFO  impl.LeaderElection (LeaderElection.java:askForVotes(310)) - s2@group-54B4F2458EED-LeaderElection217 PRE_VOTE round 0: submit vote requests at term 3 for 28: [s0|rpc:localhost:46515|admin:localhost:40757|client:localhost:41939|dataStream:localhost:35593|priority:0, s1|rpc:localhost:34095|admin:localhost:43151|client:localhost:36051|dataStream:localhost:38995|priority:0, s2|rpc:localhost:40453|admin:localhost:33947|client:localhost:38503|dataStream:localhost:42009|priority:0], old=null
2022-06-29 11:32:57,370 INFO  server.RaftServer$Division (RaftServerImpl.java:requestVote(1152)) - s1@group-54B4F2458EED: receive requestVote(PRE_VOTE, s2, group-54B4F2458EED, 3, (t:3, i:31))
2022-06-29 11:32:57,370 WARN  server.GrpcServerProtocolService (LogUtils.java:warn(122)) - s1: Failed requestVote s2->s1#0: org.apache.ratis.protocol.exceptions.ServerNotReadyException: s1@group-54B4F2458EED is not in [RUNNING]: current state is CLOSED
2022-06-29 11:32:57,371 INFO  server.RaftServer$Division (RaftServerImpl.java:requestVote(1152)) - s0@group-54B4F2458EED: receive requestVote(PRE_VOTE, s2, group-54B4F2458EED, 3, (t:3, i:31))
2022-06-29 11:32:57,372 WARN  server.GrpcServerProtocolService (LogUtils.java:warn(122)) - s0: Failed requestVote s2->s0#0: org.apache.ratis.protocol.exceptions.ServerNotReadyException: s0@group-54B4F2458EED is not in [RUNNING]: current state is CLOSED
2022-06-29 11:32:57,374 INFO  impl.LeaderElection (LogUtils.java:infoOrTrace(137)) - s2@group-54B4F2458EED-LeaderElection217 got exception when requesting votes: java.util.concurrent.ExecutionException: org.apache.ratis.thirdparty.io.grpc.StatusRuntimeException: INTERNAL: s1@group-54B4F2458EED is not in [RUNNING]: current state is CLOSED
2022-06-29 11:32:57,374 INFO  impl.LeaderElection (LogUtils.java:infoOrTrace(137)) - s2@group-54B4F2458EED-LeaderElection217 got exception when requesting votes: java.util.concurrent.ExecutionException: org.apache.ratis.thirdparty.io.grpc.StatusRuntimeException: INTERNAL: s0@group-54B4F2458EED is not in [RUNNING]: current state is CLOSED
2022-06-29 11:32:57,374 INFO  impl.LeaderElection (LeaderElection.java:logAndReturn(90)) - s2@group-54B4F2458EED-LeaderElection217: PRE_VOTE REJECTED received 0 response(s) and 2 exception(s):
2022-06-29 11:32:57,374 INFO  impl.LeaderElection (LogUtils.java:infoOrTrace(137)) -   Exception 0: java.util.concurrent.ExecutionException: org.apache.ratis.thirdparty.io.grpc.StatusRuntimeException: INTERNAL: s1@group-54B4F2458EED is not in [RUNNING]: current state is CLOSED
2022-06-29 11:32:57,374 INFO  impl.LeaderElection (LogUtils.java:infoOrTrace(137)) -   Exception 1: java.util.concurrent.ExecutionException: org.apache.ratis.thirdparty.io.grpc.StatusRuntimeException: INTERNAL: s0@group-54B4F2458EED is not in [RUNNING]: current state is CLOSED
2022-06-29 11:32:57,374 INFO  impl.LeaderElection (LeaderElection.java:askForVotes(312)) - s2@group-54B4F2458EED-LeaderElection217 PRE_VOTE round 0: result REJECTED
2022-06-29 11:32:57,374 INFO  server.RaftServer$Division (RaftServerImpl.java:setRole(299)) - s2@group-54B4F2458EED: changes role from CANDIDATE to FOLLOWER at term 3 for REJECTED
2022-06-29 11:32:57,375 INFO  impl.RoleInfo (RoleInfo.java:shutdownLeaderElection(130)) - s2: shutdown s2@group-54B4F2458EED-LeaderElection217
2022-06-29 11:32:57,375 INFO  impl.RoleInfo (RoleInfo.java:updateAndGet(139)) - s2: start s2@group-54B4F2458EED-FollowerState
2022-06-29 11:32:57,534 INFO  impl.FollowerState (FollowerState.java:run(143)) - s2@group-54B4F2458EED-FollowerState: change to CANDIDATE, lastRpcElapsedTime:159649298ns, electionTimeout:159ms
2022-06-29 11:32:57,534 INFO  impl.RoleInfo (RoleInfo.java:shutdownFollowerState(110)) - s2: shutdown s2@group-54B4F2458EED-FollowerState
2022-06-29 11:32:57,535 INFO  server.RaftServer$Division (RaftServerImpl.java:setRole(299)) - s2@group-54B4F2458EED: changes role from  FOLLOWER to CANDIDATE at term 3 for changeToCandidate
2022-06-29 11:32:57,540 INFO  server.RaftServerConfigKeys (ConfUtils.java:logGet(46)) - raft.server.leaderelection.pre-vote = true (default)
2022-06-29 11:32:57,540 INFO  impl.RoleInfo (RoleInfo.java:updateAndGet(139)) - s2: start s2@group-54B4F2458EED-LeaderElection218
2022-06-29 11:32:57,566 INFO  impl.LeaderElection (LeaderElection.java:askForVotes(310)) - s2@group-54B4F2458EED-LeaderElection218 PRE_VOTE round 0: submit vote requests at term 3 for 28: [s0|rpc:localhost:46515|admin:localhost:40757|client:localhost:41939|dataStream:localhost:35593|priority:0, s1|rpc:localhost:34095|admin:localhost:43151|client:localhost:36051|dataStream:localhost:38995|priority:0, s2|rpc:localhost:40453|admin:localhost:33947|client:localhost:38503|dataStream:localhost:42009|priority:0], old=null
2022-06-29 11:32:57,567 INFO  server.RaftServer$Division (RaftServerImpl.java:requestVote(1152)) - s0@group-54B4F2458EED: receive requestVote(PRE_VOTE, s2, group-54B4F2458EED, 3, (t:3, i:31))
2022-06-29 11:32:57,567 WARN  server.GrpcServerProtocolService (LogUtils.java:warn(122)) - s0: Failed requestVote s2->s0#0: org.apache.ratis.protocol.exceptions.ServerNotReadyException: s0@group-54B4F2458EED is not in [RUNNING]: current state is CLOSED
2022-06-29 11:32:57,568 INFO  server.RaftServer$Division (RaftServerImpl.java:requestVote(1152)) - s1@group-54B4F2458EED: receive requestVote(PRE_VOTE, s2, group-54B4F2458EED, 3, (t:3, i:31))
2022-06-29 11:32:57,568 WARN  server.GrpcServerProtocolService (LogUtils.java:warn(122)) - s1: Failed requestVote s2->s1#0: org.apache.ratis.protocol.exceptions.ServerNotReadyException: s1@group-54B4F2458EED is not in [RUNNING]: current state is CLOSED
2022-06-29 11:32:57,570 INFO  impl.LeaderElection (LogUtils.java:infoOrTrace(137)) - s2@group-54B4F2458EED-LeaderElection218 got exception when requesting votes: java.util.concurrent.ExecutionException: org.apache.ratis.thirdparty.io.grpc.StatusRuntimeException: INTERNAL: s0@group-54B4F2458EED is not in [RUNNING]: current state is CLOSED
2022-06-29 11:32:57,570 INFO  impl.LeaderElection (LogUtils.java:infoOrTrace(137)) - s2@group-54B4F2458EED-LeaderElection218 got exception when requesting votes: java.util.concurrent.ExecutionException: org.apache.ratis.thirdparty.io.grpc.StatusRuntimeException: INTERNAL: s1@group-54B4F2458EED is not in [RUNNING]: current state is CLOSED
2022-06-29 11:32:57,570 INFO  impl.LeaderElection (LeaderElection.java:logAndReturn(90)) - s2@group-54B4F2458EED-LeaderElection218: PRE_VOTE REJECTED received 0 response(s) and 2 exception(s):
2022-06-29 11:32:57,570 INFO  impl.LeaderElection (LogUtils.java:infoOrTrace(137)) -   Exception 0: java.util.concurrent.ExecutionException: org.apache.ratis.thirdparty.io.grpc.StatusRuntimeException: INTERNAL: s0@group-54B4F2458EED is not in [RUNNING]: current state is CLOSED
2022-06-29 11:32:57,570 INFO  impl.LeaderElection (LogUtils.java:infoOrTrace(137)) -   Exception 1: java.util.concurrent.ExecutionException: org.apache.ratis.thirdparty.io.grpc.StatusRuntimeException: INTERNAL: s1@group-54B4F2458EED is not in [RUNNING]: current state is CLOSED
2022-06-29 11:32:57,571 INFO  impl.LeaderElection (LeaderElection.java:askForVotes(312)) - s2@group-54B4F2458EED-LeaderElection218 PRE_VOTE round 0: result REJECTED
2022-06-29 11:32:57,571 INFO  server.RaftServer$Division (RaftServerImpl.java:setRole(299)) - s2@group-54B4F2458EED: changes role from CANDIDATE to FOLLOWER at term 3 for REJECTED
2022-06-29 11:32:57,571 INFO  impl.RoleInfo (RoleInfo.java:shutdownLeaderElection(130)) - s2: shutdown s2@group-54B4F2458EED-LeaderElection218
2022-06-29 11:32:57,572 INFO  impl.RoleInfo (RoleInfo.java:updateAndGet(139)) - s2: start s2@group-54B4F2458EED-FollowerState
2022-06-29 11:32:57,772 INFO  impl.FollowerState (FollowerState.java:run(143)) - s2@group-54B4F2458EED-FollowerState: change to CANDIDATE, lastRpcElapsedTime:199389621ns, electionTimeout:198ms
2022-06-29 11:32:57,772 INFO  impl.RoleInfo (RoleInfo.java:shutdownFollowerState(110)) - s2: shutdown s2@group-54B4F2458EED-FollowerState
2022-06-29 11:32:57,772 INFO  server.RaftServer$Division (RaftServerImpl.java:setRole(299)) - s2@group-54B4F2458EED: changes role from  FOLLOWER to CANDIDATE at term 3 for changeToCandidate
2022-06-29 11:32:57,773 INFO  server.RaftServerConfigKeys (ConfUtils.java:logGet(46)) - raft.server.leaderelection.pre-vote = true (default)
2022-06-29 11:32:57,773 INFO  impl.RoleInfo (RoleInfo.java:updateAndGet(139)) - s2: start s2@group-54B4F2458EED-LeaderElection219
2022-06-29 11:32:57,774 INFO  impl.LeaderElection (LeaderElection.java:askForVotes(310)) - s2@group-54B4F2458EED-LeaderElection219 PRE_VOTE round 0: submit vote requests at term 3 for 28: [s0|rpc:localhost:46515|admin:localhost:40757|client:localhost:41939|dataStream:localhost:35593|priority:0, s1|rpc:localhost:34095|admin:localhost:43151|client:localhost:36051|dataStream:localhost:38995|priority:0, s2|rpc:localhost:40453|admin:localhost:33947|client:localhost:38503|dataStream:localhost:42009|priority:0], old=null
2022-06-29 11:32:57,779 INFO  server.RaftServer$Division (RaftServerImpl.java:requestVote(1152)) - s0@group-54B4F2458EED: receive requestVote(PRE_VOTE, s2, group-54B4F2458EED, 3, (t:3, i:31))
2022-06-29 11:32:57,780 WARN  server.GrpcServerProtocolService (LogUtils.java:warn(122)) - s0: Failed requestVote s2->s0#0: org.apache.ratis.protocol.exceptions.ServerNotReadyException: s0@group-54B4F2458EED is not in [RUNNING]: current state is CLOSED
2022-06-29 11:32:57,780 INFO  server.RaftServer$Division (RaftServerImpl.java:requestVote(1152)) - s1@group-54B4F2458EED: receive requestVote(PRE_VOTE, s2, group-54B4F2458EED, 3, (t:3, i:31))
2022-06-29 11:32:57,781 WARN  server.GrpcServerProtocolService (LogUtils.java:warn(122)) - s1: Failed requestVote s2->s1#0: org.apache.ratis.protocol.exceptions.ServerNotReadyException: s1@group-54B4F2458EED is not in [RUNNING]: current state is CLOSED
2022-06-29 11:32:57,781 INFO  impl.LeaderElection (LogUtils.java:infoOrTrace(137)) - s2@group-54B4F2458EED-LeaderElection219 got exception when requesting votes: java.util.concurrent.ExecutionException: org.apache.ratis.thirdparty.io.grpc.StatusRuntimeException: INTERNAL: s1@group-54B4F2458EED is not in [RUNNING]: current state is CLOSED
2022-06-29 11:32:57,781 INFO  impl.LeaderElection (LogUtils.java:infoOrTrace(137)) - s2@group-54B4F2458EED-LeaderElection219 got exception when requesting votes: java.util.concurrent.ExecutionException: org.apache.ratis.thirdparty.io.grpc.StatusRuntimeException: INTERNAL: s0@group-54B4F2458EED is not in [RUNNING]: current state is CLOSED
2022-06-29 11:32:57,781 INFO  impl.LeaderElection (LeaderElection.java:logAndReturn(90)) - s2@group-54B4F2458EED-LeaderElection219: PRE_VOTE REJECTED received 0 response(s) and 2 exception(s):
2022-06-29 11:32:57,781 INFO  impl.LeaderElection (LogUtils.java:infoOrTrace(137)) -   Exception 0: java.util.concurrent.ExecutionException: org.apache.ratis.thirdparty.io.grpc.StatusRuntimeException: INTERNAL: s1@group-54B4F2458EED is not in [RUNNING]: current state is CLOSED
2022-06-29 11:32:57,781 INFO  impl.LeaderElection (LogUtils.java:infoOrTrace(137)) -   Exception 1: java.util.concurrent.ExecutionException: org.apache.ratis.thirdparty.io.grpc.StatusRuntimeException: INTERNAL: s0@group-54B4F2458EED is not in [RUNNING]: current state is CLOSED
2022-06-29 11:32:57,781 INFO  impl.LeaderElection (LeaderElection.java:askForVotes(312)) - s2@group-54B4F2458EED-LeaderElection219 PRE_VOTE round 0: result REJECTED
2022-06-29 11:32:57,781 INFO  server.RaftServer$Division (RaftServerImpl.java:setRole(299)) - s2@group-54B4F2458EED: changes role from CANDIDATE to FOLLOWER at term 3 for REJECTED
2022-06-29 11:32:57,782 INFO  impl.RoleInfo (RoleInfo.java:shutdownLeaderElection(130)) - s2: shutdown s2@group-54B4F2458EED-LeaderElection219
2022-06-29 11:32:57,782 INFO  impl.RoleInfo (RoleInfo.java:updateAndGet(139)) - s2: start s2@group-54B4F2458EED-FollowerState
2022-06-29 11:32:58,000 INFO  impl.FollowerState (FollowerState.java:run(143)) - s2@group-54B4F2458EED-FollowerState: change to CANDIDATE, lastRpcElapsedTime:218793775ns, electionTimeout:217ms
2022-06-29 11:32:58,001 INFO  impl.RoleInfo (RoleInfo.java:shutdownFollowerState(110)) - s2: shutdown s2@group-54B4F2458EED-FollowerState
2022-06-29 11:32:58,001 INFO  server.RaftServer$Division (RaftServerImpl.java:setRole(299)) - s2@group-54B4F2458EED: changes role from  FOLLOWER to CANDIDATE at term 3 for changeToCandidate
2022-06-29 11:32:58,001 INFO  server.RaftServerConfigKeys (ConfUtils.java:logGet(46)) - raft.server.leaderelection.pre-vote = true (default)
2022-06-29 11:32:58,001 INFO  impl.RoleInfo (RoleInfo.java:updateAndGet(139)) - s2: start s2@group-54B4F2458EED-LeaderElection220
2022-06-29 11:32:58,001 INFO  impl.LeaderElection (LeaderElection.java:askForVotes(310)) - s2@group-54B4F2458EED-LeaderElection220 PRE_VOTE round 0: submit vote requests at term 3 for 28: [s0|rpc:localhost:46515|admin:localhost:40757|client:localhost:41939|dataStream:localhost:35593|priority:0, s1|rpc:localhost:34095|admin:localhost:43151|client:localhost:36051|dataStream:localhost:38995|priority:0, s2|rpc:localhost:40453|admin:localhost:33947|client:localhost:38503|dataStream:localhost:42009|priority:0], old=null
2022-06-29 11:32:58,002 INFO  server.RaftServer$Division (RaftServerImpl.java:requestVote(1152)) - s0@group-54B4F2458EED: receive requestVote(PRE_VOTE, s2, group-54B4F2458EED, 3, (t:3, i:31))
2022-06-29 11:32:58,003 WARN  server.GrpcServerProtocolService (LogUtils.java:warn(122)) - s0: Failed requestVote s2->s0#0: org.apache.ratis.protocol.exceptions.ServerNotReadyException: s0@group-54B4F2458EED is not in [RUNNING]: current state is CLOSED
2022-06-29 11:32:58,003 INFO  server.RaftServer$Division (RaftServerImpl.java:requestVote(1152)) - s1@group-54B4F2458EED: receive requestVote(PRE_VOTE, s2, group-54B4F2458EED, 3, (t:3, i:31))
2022-06-29 11:32:58,003 WARN  server.GrpcServerProtocolService (LogUtils.java:warn(122)) - s1: Failed requestVote s2->s1#0: org.apache.ratis.protocol.exceptions.ServerNotReadyException: s1@group-54B4F2458EED is not in [RUNNING]: current state is CLOSED
2022-06-29 11:32:58,004 INFO  impl.LeaderElection (LogUtils.java:infoOrTrace(137)) - s2@group-54B4F2458EED-LeaderElection220 got exception when requesting votes: java.util.concurrent.ExecutionException: org.apache.ratis.thirdparty.io.grpc.StatusRuntimeException: INTERNAL: s0@group-54B4F2458EED is not in [RUNNING]: current state is CLOSED
2022-06-29 11:32:58,004 INFO  impl.LeaderElection (LogUtils.java:infoOrTrace(137)) - s2@group-54B4F2458EED-LeaderElection220 got exception when requesting votes: java.util.concurrent.ExecutionException: org.apache.ratis.thirdparty.io.grpc.StatusRuntimeException: INTERNAL: s1@group-54B4F2458EED is not in [RUNNING]: current state is CLOSED
2022-06-29 11:32:58,004 INFO  impl.LeaderElection (LeaderElection.java:logAndReturn(90)) - s2@group-54B4F2458EED-LeaderElection220: PRE_VOTE REJECTED received 0 response(s) and 2 exception(s):
2022-06-29 11:32:58,004 INFO  impl.LeaderElection (LogUtils.java:infoOrTrace(137)) -   Exception 0: java.util.concurrent.ExecutionException: org.apache.ratis.thirdparty.io.grpc.StatusRuntimeException: INTERNAL: s0@group-54B4F2458EED is not in [RUNNING]: current state is CLOSED
2022-06-29 11:32:58,004 INFO  impl.LeaderElection (LogUtils.java:infoOrTrace(137)) -   Exception 1: java.util.concurrent.ExecutionException: org.apache.ratis.thirdparty.io.grpc.StatusRuntimeException: INTERNAL: s1@group-54B4F2458EED is not in [RUNNING]: current state is CLOSED
2022-06-29 11:32:58,004 INFO  impl.LeaderElection (LeaderElection.java:askForVotes(312)) - s2@group-54B4F2458EED-LeaderElection220 PRE_VOTE round 0: result REJECTED
2022-06-29 11:32:58,004 INFO  server.RaftServer$Division (RaftServerImpl.java:setRole(299)) - s2@group-54B4F2458EED: changes role from CANDIDATE to FOLLOWER at term 3 for REJECTED
2022-06-29 11:32:58,004 INFO  impl.RoleInfo (RoleInfo.java:shutdownLeaderElection(130)) - s2: shutdown s2@group-54B4F2458EED-LeaderElection220
2022-06-29 11:32:58,005 INFO  impl.RoleInfo (RoleInfo.java:updateAndGet(139)) - s2: start s2@group-54B4F2458EED-FollowerState
2022-06-29 11:32:58,194 INFO  impl.FollowerState (FollowerState.java:run(143)) - s2@group-54B4F2458EED-FollowerState: change to CANDIDATE, lastRpcElapsedTime:189667686ns, electionTimeout:187ms
2022-06-29 11:32:58,194 INFO  impl.RoleInfo (RoleInfo.java:shutdownFollowerState(110)) - s2: shutdown s2@group-54B4F2458EED-FollowerState
2022-06-29 11:32:58,194 INFO  server.RaftServer$Division (RaftServerImpl.java:setRole(299)) - s2@group-54B4F2458EED: changes role from  FOLLOWER to CANDIDATE at term 3 for changeToCandidate
2022-06-29 11:32:58,194 INFO  server.RaftServerConfigKeys (ConfUtils.java:logGet(46)) - raft.server.leaderelection.pre-vote = true (default)
2022-06-29 11:32:58,194 INFO  impl.RoleInfo (RoleInfo.java:updateAndGet(139)) - s2: start s2@group-54B4F2458EED-LeaderElection221
2022-06-29 11:32:58,196 INFO  impl.LeaderElection (LeaderElection.java:askForVotes(310)) - s2@group-54B4F2458EED-LeaderElection221 PRE_VOTE round 0: submit vote requests at term 3 for 28: [s0|rpc:localhost:46515|admin:localhost:40757|client:localhost:41939|dataStream:localhost:35593|priority:0, s1|rpc:localhost:34095|admin:localhost:43151|client:localhost:36051|dataStream:localhost:38995|priority:0, s2|rpc:localhost:40453|admin:localhost:33947|client:localhost:38503|dataStream:localhost:42009|priority:0], old=null
2022-06-29 11:32:58,201 INFO  server.RaftServer$Division (RaftServerImpl.java:requestVote(1152)) - s0@group-54B4F2458EED: receive requestVote(PRE_VOTE, s2, group-54B4F2458EED, 3, (t:3, i:31))
2022-06-29 11:32:58,201 WARN  server.GrpcServerProtocolService (LogUtils.java:warn(122)) - s0: Failed requestVote s2->s0#0: org.apache.ratis.protocol.exceptions.ServerNotReadyException: s0@group-54B4F2458EED is not in [RUNNING]: current state is CLOSED
2022-06-29 11:32:58,204 INFO  server.RaftServer$Division (RaftServerImpl.java:requestVote(1152)) - s1@group-54B4F2458EED: receive requestVote(PRE_VOTE, s2, group-54B4F2458EED, 3, (t:3, i:31))
2022-06-29 11:32:58,204 WARN  server.GrpcServerProtocolService (LogUtils.java:warn(122)) - s1: Failed requestVote s2->s1#0: org.apache.ratis.protocol.exceptions.ServerNotReadyException: s1@group-54B4F2458EED is not in [RUNNING]: current state is CLOSED
2022-06-29 11:32:58,205 INFO  impl.LeaderElection (LogUtils.java:infoOrTrace(137)) - s2@group-54B4F2458EED-LeaderElection221 got exception when requesting votes: java.util.concurrent.ExecutionException: org.apache.ratis.thirdparty.io.grpc.StatusRuntimeException: INTERNAL: s0@group-54B4F2458EED is not in [RUNNING]: current state is CLOSED
2022-06-29 11:32:58,205 INFO  impl.LeaderElection (LogUtils.java:infoOrTrace(137)) - s2@group-54B4F2458EED-LeaderElection221 got exception when requesting votes: java.util.concurrent.ExecutionException: org.apache.ratis.thirdparty.io.grpc.StatusRuntimeException: INTERNAL: s1@group-54B4F2458EED is not in [RUNNING]: current state is CLOSED
2022-06-29 11:32:58,205 INFO  impl.LeaderElection (LeaderElection.java:logAndReturn(90)) - s2@group-54B4F2458EED-LeaderElection221: PRE_VOTE REJECTED received 0 response(s) and 2 exception(s):
2022-06-29 11:32:58,205 INFO  impl.LeaderElection (LogUtils.java:infoOrTrace(137)) -   Exception 0: java.util.concurrent.ExecutionException: org.apache.ratis.thirdparty.io.grpc.StatusRuntimeException: INTERNAL: s0@group-54B4F2458EED is not in [RUNNING]: current state is CLOSED
2022-06-29 11:32:58,205 INFO  impl.LeaderElection (LogUtils.java:infoOrTrace(137)) -   Exception 1: java.util.concurrent.ExecutionException: org.apache.ratis.thirdparty.io.grpc.StatusRuntimeException: INTERNAL: s1@group-54B4F2458EED is not in [RUNNING]: current state is CLOSED
2022-06-29 11:32:58,206 INFO  impl.LeaderElection (LeaderElection.java:askForVotes(312)) - s2@group-54B4F2458EED-LeaderElection221 PRE_VOTE round 0: result REJECTED
2022-06-29 11:32:58,206 INFO  server.RaftServer$Division (RaftServerImpl.java:setRole(299)) - s2@group-54B4F2458EED: changes role from CANDIDATE to FOLLOWER at term 3 for REJECTED
2022-06-29 11:32:58,206 INFO  impl.RoleInfo (RoleInfo.java:shutdownLeaderElection(130)) - s2: shutdown s2@group-54B4F2458EED-LeaderElection221
2022-06-29 11:32:58,206 INFO  impl.RoleInfo (RoleInfo.java:updateAndGet(139)) - s2: start s2@group-54B4F2458EED-FollowerState
2022-06-29 11:32:58,217 INFO  impl.MiniRaftCluster (MiniRaftCluster.java:lambda$null$6(325)) - TIMED-PRINT: printing ALL groups
  s0:  RUNNING    LEADER s0@group-54B4F2458EED:t3, leader=s0, voted=s0, raftlog=s0@group-54B4F2458EED-SegmentedRaftLog:OPENED:c31, conf=28: [s0|rpc:localhost:46515|admin:localhost:40757|client:localhost:41939|dataStream:localhost:35593|priority:0, s1|rpc:localhost:34095|admin:localhost:43151|client:localhost:36051|dataStream:localhost:38995|priority:0, s2|rpc:localhost:40453|admin:localhost:33947|client:localhost:38503|dataStream:localhost:42009|priority:0], old=null CLOSED
  s1:  RUNNING    LEADER s1@group-54B4F2458EED:t2, leader=s1, voted=s1, raftlog=s1@group-54B4F2458EED-SegmentedRaftLog:OPENED:c24, conf=17: [s0|rpc:localhost:46515|admin:localhost:40757|client:localhost:41939|dataStream:localhost:35593|priority:0, s1|rpc:localhost:34095|admin:localhost:43151|client:localhost:36051|dataStream:localhost:38995|priority:0, s2|rpc:localhost:40453|admin:localhost:33947|client:localhost:38503|dataStream:localhost:42009|priority:0], old=null CLOSED
  s2:  RUNNING  FOLLOWER s2@group-54B4F2458EED:t3, leader=null, voted=s0, raftlog=s2@group-54B4F2458EED-SegmentedRaftLog:OPENED:c29, conf=28: [s0|rpc:localhost:46515|admin:localhost:40757|client:localhost:41939|dataStream:localhost:35593|priority:0, s1|rpc:localhost:34095|admin:localhost:43151|client:localhost:36051|dataStream:localhost:38995|priority:0, s2|rpc:localhost:40453|admin:localhost:33947|client:localhost:38503|dataStream:localhost:42009|priority:0], old=null RUNNING
2022-06-29 11:32:58,428 INFO  impl.FollowerState (FollowerState.java:run(143)) - s2@group-54B4F2458EED-FollowerState: change to CANDIDATE, lastRpcElapsedTime:221357901ns, electionTimeout:220ms
2022-06-29 11:32:58,428 INFO  impl.RoleInfo (RoleInfo.java:shutdownFollowerState(110)) - s2: shutdown s2@group-54B4F2458EED-FollowerState
2022-06-29 11:32:58,428 INFO  server.RaftServer$Division (RaftServerImpl.java:setRole(299)) - s2@group-54B4F2458EED: changes role from  FOLLOWER to CANDIDATE at term 3 for changeToCandidate
2022-06-29 11:32:58,428 INFO  server.RaftServerConfigKeys (ConfUtils.java:logGet(46)) - raft.server.leaderelection.pre-vote = true (default)
2022-06-29 11:32:58,428 INFO  impl.RoleInfo (RoleInfo.java:updateAndGet(139)) - s2: start s2@group-54B4F2458EED-LeaderElection222
2022-06-29 11:32:58,430 INFO  impl.LeaderElection (LeaderElection.java:askForVotes(310)) - s2@group-54B4F2458EED-LeaderElection222 PRE_VOTE round 0: submit vote requests at term 3 for 28: [s0|rpc:localhost:46515|admin:localhost:40757|client:localhost:41939|dataStream:localhost:35593|priority:0, s1|rpc:localhost:34095|admin:localhost:43151|client:localhost:36051|dataStream:localhost:38995|priority:0, s2|rpc:localhost:40453|admin:localhost:33947|client:localhost:38503|dataStream:localhost:42009|priority:0], old=null
2022-06-29 11:32:58,433 INFO  server.RaftServer$Division (RaftServerImpl.java:requestVote(1152)) - s0@group-54B4F2458EED: receive requestVote(PRE_VOTE, s2, group-54B4F2458EED, 3, (t:3, i:31))
2022-06-29 11:32:58,433 WARN  server.GrpcServerProtocolService (LogUtils.java:warn(122)) - s0: Failed requestVote s2->s0#0: org.apache.ratis.protocol.exceptions.ServerNotReadyException: s0@group-54B4F2458EED is not in [RUNNING]: current state is CLOSED
2022-06-29 11:32:58,434 INFO  server.RaftServer$Division (RaftServerImpl.java:requestVote(1152)) - s1@group-54B4F2458EED: receive requestVote(PRE_VOTE, s2, group-54B4F2458EED, 3, (t:3, i:31))
2022-06-29 11:32:58,434 WARN  server.GrpcServerProtocolService (LogUtils.java:warn(122)) - s1: Failed requestVote s2->s1#0: org.apache.ratis.protocol.exceptions.ServerNotReadyException: s1@group-54B4F2458EED is not in [RUNNING]: current state is CLOSED
2022-06-29 11:32:58,434 INFO  impl.LeaderElection (LogUtils.java:infoOrTrace(137)) - s2@group-54B4F2458EED-LeaderElection222 got exception when requesting votes: java.util.concurrent.ExecutionException: org.apache.ratis.thirdparty.io.grpc.StatusRuntimeException: INTERNAL: s1@group-54B4F2458EED is not in [RUNNING]: current state is CLOSED
2022-06-29 11:32:58,434 INFO  impl.LeaderElection (LogUtils.java:infoOrTrace(137)) - s2@group-54B4F2458EED-LeaderElection222 got exception when requesting votes: java.util.concurrent.ExecutionException: org.apache.ratis.thirdparty.io.grpc.StatusRuntimeException: INTERNAL: s0@group-54B4F2458EED is not in [RUNNING]: current state is CLOSED
2022-06-29 11:32:58,435 INFO  impl.LeaderElection (LeaderElection.java:logAndReturn(90)) - s2@group-54B4F2458EED-LeaderElection222: PRE_VOTE REJECTED received 0 response(s) and 2 exception(s):
2022-06-29 11:32:58,435 INFO  impl.LeaderElection (LogUtils.java:infoOrTrace(137)) -   Exception 0: java.util.concurrent.ExecutionException: org.apache.ratis.thirdparty.io.grpc.StatusRuntimeException: INTERNAL: s1@group-54B4F2458EED is not in [RUNNING]: current state is CLOSED
2022-06-29 11:32:58,435 INFO  impl.LeaderElection (LogUtils.java:infoOrTrace(137)) -   Exception 1: java.util.concurrent.ExecutionException: org.apache.ratis.thirdparty.io.grpc.StatusRuntimeException: INTERNAL: s0@group-54B4F2458EED is not in [RUNNING]: current state is CLOSED
2022-06-29 11:32:58,435 INFO  impl.LeaderElection (LeaderElection.java:askForVotes(312)) - s2@group-54B4F2458EED-LeaderElection222 PRE_VOTE round 0: result REJECTED
2022-06-29 11:32:58,435 INFO  server.RaftServer$Division (RaftServerImpl.java:setRole(299)) - s2@group-54B4F2458EED: changes role from CANDIDATE to FOLLOWER at term 3 for REJECTED
2022-06-29 11:32:58,435 INFO  impl.RoleInfo (RoleInfo.java:shutdownLeaderElection(130)) - s2: shutdown s2@group-54B4F2458EED-LeaderElection222
2022-06-29 11:32:58,435 INFO  impl.RoleInfo (RoleInfo.java:updateAndGet(139)) - s2: start s2@group-54B4F2458EED-FollowerState
2022-06-29 11:32:58,609 INFO  impl.FollowerState (FollowerState.java:run(143)) - s2@group-54B4F2458EED-FollowerState: change to CANDIDATE, lastRpcElapsedTime:173529674ns, electionTimeout:173ms
2022-06-29 11:32:58,609 INFO  impl.RoleInfo (RoleInfo.java:shutdownFollowerState(110)) - s2: shutdown s2@group-54B4F2458EED-FollowerState
2022-06-29 11:32:58,609 INFO  server.RaftServer$Division (RaftServerImpl.java:setRole(299)) - s2@group-54B4F2458EED: changes role from  FOLLOWER to CANDIDATE at term 3 for changeToCandidate
2022-06-29 11:32:58,609 INFO  server.RaftServerConfigKeys (ConfUtils.java:logGet(46)) - raft.server.leaderelection.pre-vote = true (default)
2022-06-29 11:32:58,609 INFO  impl.RoleInfo (RoleInfo.java:updateAndGet(139)) - s2: start s2@group-54B4F2458EED-LeaderElection223
2022-06-29 11:32:58,614 INFO  impl.LeaderElection (LeaderElection.java:askForVotes(310)) - s2@group-54B4F2458EED-LeaderElection223 PRE_VOTE round 0: submit vote requests at term 3 for 28: [s0|rpc:localhost:46515|admin:localhost:40757|client:localhost:41939|dataStream:localhost:35593|priority:0, s1|rpc:localhost:34095|admin:localhost:43151|client:localhost:36051|dataStream:localhost:38995|priority:0, s2|rpc:localhost:40453|admin:localhost:33947|client:localhost:38503|dataStream:localhost:42009|priority:0], old=null
2022-06-29 11:32:58,618 INFO  server.RaftServer$Division (RaftServerImpl.java:requestVote(1152)) - s0@group-54B4F2458EED: receive requestVote(PRE_VOTE, s2, group-54B4F2458EED, 3, (t:3, i:31))
2022-06-29 11:32:58,618 WARN  server.GrpcServerProtocolService (LogUtils.java:warn(122)) - s0: Failed requestVote s2->s0#0: org.apache.ratis.protocol.exceptions.ServerNotReadyException: s0@group-54B4F2458EED is not in [RUNNING]: current state is CLOSED
2022-06-29 11:32:58,619 INFO  impl.LeaderElection (LogUtils.java:infoOrTrace(137)) - s2@group-54B4F2458EED-LeaderElection223 got exception when requesting votes: java.util.concurrent.ExecutionException: org.apache.ratis.thirdparty.io.grpc.StatusRuntimeException: INTERNAL: s0@group-54B4F2458EED is not in [RUNNING]: current state is CLOSED
2022-06-29 11:32:58,620 INFO  server.RaftServer$Division (RaftServerImpl.java:requestVote(1152)) - s1@group-54B4F2458EED: receive requestVote(PRE_VOTE, s2, group-54B4F2458EED, 3, (t:3, i:31))
2022-06-29 11:32:58,620 WARN  server.GrpcServerProtocolService (LogUtils.java:warn(122)) - s1: Failed requestVote s2->s1#0: org.apache.ratis.protocol.exceptions.ServerNotReadyException: s1@group-54B4F2458EED is not in [RUNNING]: current state is CLOSED
2022-06-29 11:32:58,622 INFO  impl.LeaderElection (LogUtils.java:infoOrTrace(137)) - s2@group-54B4F2458EED-LeaderElection223 got exception when requesting votes: java.util.concurrent.ExecutionException: org.apache.ratis.thirdparty.io.grpc.StatusRuntimeException: INTERNAL: s1@group-54B4F2458EED is not in [RUNNING]: current state is CLOSED
2022-06-29 11:32:58,622 INFO  impl.LeaderElection (LeaderElection.java:logAndReturn(90)) - s2@group-54B4F2458EED-LeaderElection223: PRE_VOTE REJECTED received 0 response(s) and 2 exception(s):
2022-06-29 11:32:58,622 INFO  impl.LeaderElection (LogUtils.java:infoOrTrace(137)) -   Exception 0: java.util.concurrent.ExecutionException: org.apache.ratis.thirdparty.io.grpc.StatusRuntimeException: INTERNAL: s0@group-54B4F2458EED is not in [RUNNING]: current state is CLOSED
2022-06-29 11:32:58,622 INFO  impl.LeaderElection (LogUtils.java:infoOrTrace(137)) -   Exception 1: java.util.concurrent.ExecutionException: org.apache.ratis.thirdparty.io.grpc.StatusRuntimeException: INTERNAL: s1@group-54B4F2458EED is not in [RUNNING]: current state is CLOSED
2022-06-29 11:32:58,622 INFO  impl.LeaderElection (LeaderElection.java:askForVotes(312)) - s2@group-54B4F2458EED-LeaderElection223 PRE_VOTE round 0: result REJECTED
2022-06-29 11:32:58,622 INFO  server.RaftServer$Division (RaftServerImpl.java:setRole(299)) - s2@group-54B4F2458EED: changes role from CANDIDATE to FOLLOWER at term 3 for REJECTED
2022-06-29 11:32:58,622 INFO  impl.RoleInfo (RoleInfo.java:shutdownLeaderElection(130)) - s2: shutdown s2@group-54B4F2458EED-LeaderElection223
2022-06-29 11:32:58,622 INFO  impl.RoleInfo (RoleInfo.java:updateAndGet(139)) - s2: start s2@group-54B4F2458EED-FollowerState
2022-06-29 11:32:58,781 INFO  impl.FollowerState (FollowerState.java:run(143)) - s2@group-54B4F2458EED-FollowerState: change to CANDIDATE, lastRpcElapsedTime:159149786ns, electionTimeout:158ms
2022-06-29 11:32:58,781 INFO  impl.RoleInfo (RoleInfo.java:shutdownFollowerState(110)) - s2: shutdown s2@group-54B4F2458EED-FollowerState
2022-06-29 11:32:58,781 INFO  server.RaftServer$Division (RaftServerImpl.java:setRole(299)) - s2@group-54B4F2458EED: changes role from  FOLLOWER to CANDIDATE at term 3 for changeToCandidate
2022-06-29 11:32:58,782 INFO  server.RaftServerConfigKeys (ConfUtils.java:logGet(46)) - raft.server.leaderelection.pre-vote = true (default)
2022-06-29 11:32:58,782 INFO  impl.RoleInfo (RoleInfo.java:updateAndGet(139)) - s2: start s2@group-54B4F2458EED-LeaderElection224
2022-06-29 11:32:58,783 INFO  impl.LeaderElection (LeaderElection.java:askForVotes(310)) - s2@group-54B4F2458EED-LeaderElection224 PRE_VOTE round 0: submit vote requests at term 3 for 28: [s0|rpc:localhost:46515|admin:localhost:40757|client:localhost:41939|dataStream:localhost:35593|priority:0, s1|rpc:localhost:34095|admin:localhost:43151|client:localhost:36051|dataStream:localhost:38995|priority:0, s2|rpc:localhost:40453|admin:localhost:33947|client:localhost:38503|dataStream:localhost:42009|priority:0], old=null
2022-06-29 11:32:58,786 INFO  server.RaftServer$Division (RaftServerImpl.java:requestVote(1152)) - s0@group-54B4F2458EED: receive requestVote(PRE_VOTE, s2, group-54B4F2458EED, 3, (t:3, i:31))
2022-06-29 11:32:58,786 WARN  server.GrpcServerProtocolService (LogUtils.java:warn(122)) - s0: Failed requestVote s2->s0#0: org.apache.ratis.protocol.exceptions.ServerNotReadyException: s0@group-54B4F2458EED is not in [RUNNING]: current state is CLOSED
2022-06-29 11:32:58,787 INFO  impl.LeaderElection (LogUtils.java:infoOrTrace(137)) - s2@group-54B4F2458EED-LeaderElection224 got exception when requesting votes: java.util.concurrent.ExecutionException: org.apache.ratis.thirdparty.io.grpc.StatusRuntimeException: INTERNAL: s0@group-54B4F2458EED is not in [RUNNING]: current state is CLOSED
2022-06-29 11:32:58,787 INFO  server.RaftServer$Division (RaftServerImpl.java:requestVote(1152)) - s1@group-54B4F2458EED: receive requestVote(PRE_VOTE, s2, group-54B4F2458EED, 3, (t:3, i:31))
2022-06-29 11:32:58,787 WARN  server.GrpcServerProtocolService (LogUtils.java:warn(122)) - s1: Failed requestVote s2->s1#0: org.apache.ratis.protocol.exceptions.ServerNotReadyException: s1@group-54B4F2458EED is not in [RUNNING]: current state is CLOSED
2022-06-29 11:32:58,788 INFO  impl.LeaderElection (LogUtils.java:infoOrTrace(137)) - s2@group-54B4F2458EED-LeaderElection224 got exception when requesting votes: java.util.concurrent.ExecutionException: org.apache.ratis.thirdparty.io.grpc.StatusRuntimeException: INTERNAL: s1@group-54B4F2458EED is not in [RUNNING]: current state is CLOSED
2022-06-29 11:32:58,788 INFO  impl.LeaderElection (LeaderElection.java:logAndReturn(90)) - s2@group-54B4F2458EED-LeaderElection224: PRE_VOTE REJECTED received 0 response(s) and 2 exception(s):
2022-06-29 11:32:58,788 INFO  impl.LeaderElection (LogUtils.java:infoOrTrace(137)) -   Exception 0: java.util.concurrent.ExecutionException: org.apache.ratis.thirdparty.io.grpc.StatusRuntimeException: INTERNAL: s0@group-54B4F2458EED is not in [RUNNING]: current state is CLOSED
2022-06-29 11:32:58,788 INFO  impl.LeaderElection (LogUtils.java:infoOrTrace(137)) -   Exception 1: java.util.concurrent.ExecutionException: org.apache.ratis.thirdparty.io.grpc.StatusRuntimeException: INTERNAL: s1@group-54B4F2458EED is not in [RUNNING]: current state is CLOSED
2022-06-29 11:32:58,789 INFO  impl.LeaderElection (LeaderElection.java:askForVotes(312)) - s2@group-54B4F2458EED-LeaderElection224 PRE_VOTE round 0: result REJECTED
2022-06-29 11:32:58,789 INFO  server.RaftServer$Division (RaftServerImpl.java:setRole(299)) - s2@group-54B4F2458EED: changes role from CANDIDATE to FOLLOWER at term 3 for REJECTED
2022-06-29 11:32:58,789 INFO  impl.RoleInfo (RoleInfo.java:shutdownLeaderElection(130)) - s2: shutdown s2@group-54B4F2458EED-LeaderElection224
2022-06-29 11:32:58,789 INFO  impl.RoleInfo (RoleInfo.java:updateAndGet(139)) - s2: start s2@group-54B4F2458EED-FollowerState
2022-06-29 11:32:59,023 INFO  impl.FollowerState (FollowerState.java:run(143)) - s2@group-54B4F2458EED-FollowerState: change to CANDIDATE, lastRpcElapsedTime:233895664ns, electionTimeout:232ms
2022-06-29 11:32:59,023 INFO  impl.RoleInfo (RoleInfo.java:shutdownFollowerState(110)) - s2: shutdown s2@group-54B4F2458EED-FollowerState
2022-06-29 11:32:59,023 INFO  server.RaftServer$Division (RaftServerImpl.java:setRole(299)) - s2@group-54B4F2458EED: changes role from  FOLLOWER to CANDIDATE at term 3 for changeToCandidate
2022-06-29 11:32:59,023 INFO  server.RaftServerConfigKeys (ConfUtils.java:logGet(46)) - raft.server.leaderelection.pre-vote = true (default)
2022-06-29 11:32:59,023 INFO  impl.RoleInfo (RoleInfo.java:updateAndGet(139)) - s2: start s2@group-54B4F2458EED-LeaderElection225
2022-06-29 11:32:59,025 INFO  impl.LeaderElection (LeaderElection.java:askForVotes(310)) - s2@group-54B4F2458EED-LeaderElection225 PRE_VOTE round 0: submit vote requests at term 3 for 28: [s0|rpc:localhost:46515|admin:localhost:40757|client:localhost:41939|dataStream:localhost:35593|priority:0, s1|rpc:localhost:34095|admin:localhost:43151|client:localhost:36051|dataStream:localhost:38995|priority:0, s2|rpc:localhost:40453|admin:localhost:33947|client:localhost:38503|dataStream:localhost:42009|priority:0], old=null
2022-06-29 11:32:59,030 INFO  server.RaftServer$Division (RaftServerImpl.java:requestVote(1152)) - s0@group-54B4F2458EED: receive requestVote(PRE_VOTE, s2, group-54B4F2458EED, 3, (t:3, i:31))
2022-06-29 11:32:59,030 WARN  server.GrpcServerProtocolService (LogUtils.java:warn(122)) - s0: Failed requestVote s2->s0#0: org.apache.ratis.protocol.exceptions.ServerNotReadyException: s0@group-54B4F2458EED is not in [RUNNING]: current state is CLOSED
2022-06-29 11:32:59,030 INFO  server.RaftServer$Division (RaftServerImpl.java:requestVote(1152)) - s1@group-54B4F2458EED: receive requestVote(PRE_VOTE, s2, group-54B4F2458EED, 3, (t:3, i:31))
2022-06-29 11:32:59,030 WARN  server.GrpcServerProtocolService (LogUtils.java:warn(122)) - s1: Failed requestVote s2->s1#0: org.apache.ratis.protocol.exceptions.ServerNotReadyException: s1@group-54B4F2458EED is not in [RUNNING]: current state is CLOSED
2022-06-29 11:32:59,033 INFO  impl.LeaderElection (LogUtils.java:infoOrTrace(137)) - s2@group-54B4F2458EED-LeaderElection225 got exception when requesting votes: java.util.concurrent.ExecutionException: org.apache.ratis.thirdparty.io.grpc.StatusRuntimeException: INTERNAL: s0@group-54B4F2458EED is not in [RUNNING]: current state is CLOSED
2022-06-29 11:32:59,033 INFO  impl.LeaderElection (LogUtils.java:infoOrTrace(137)) - s2@group-54B4F2458EED-LeaderElection225 got exception when requesting votes: java.util.concurrent.ExecutionException: org.apache.ratis.thirdparty.io.grpc.StatusRuntimeException: INTERNAL: s1@group-54B4F2458EED is not in [RUNNING]: current state is CLOSED
2022-06-29 11:32:59,033 INFO  impl.LeaderElection (LeaderElection.java:logAndReturn(90)) - s2@group-54B4F2458EED-LeaderElection225: PRE_VOTE REJECTED received 0 response(s) and 2 exception(s):
2022-06-29 11:32:59,033 INFO  impl.LeaderElection (LogUtils.java:infoOrTrace(137)) -   Exception 0: java.util.concurrent.ExecutionException: org.apache.ratis.thirdparty.io.grpc.StatusRuntimeException: INTERNAL: s0@group-54B4F2458EED is not in [RUNNING]: current state is CLOSED
2022-06-29 11:32:59,033 INFO  impl.LeaderElection (LogUtils.java:infoOrTrace(137)) -   Exception 1: java.util.concurrent.ExecutionException: org.apache.ratis.thirdparty.io.grpc.StatusRuntimeException: INTERNAL: s1@group-54B4F2458EED is not in [RUNNING]: current state is CLOSED
2022-06-29 11:32:59,033 INFO  impl.LeaderElection (LeaderElection.java:askForVotes(312)) - s2@group-54B4F2458EED-LeaderElection225 PRE_VOTE round 0: result REJECTED
2022-06-29 11:32:59,033 INFO  server.RaftServer$Division (RaftServerImpl.java:setRole(299)) - s2@group-54B4F2458EED: changes role from CANDIDATE to FOLLOWER at term 3 for REJECTED
2022-06-29 11:32:59,033 INFO  impl.RoleInfo (RoleInfo.java:shutdownLeaderElection(130)) - s2: shutdown s2@group-54B4F2458EED-LeaderElection225
2022-06-29 11:32:59,033 INFO  impl.RoleInfo (RoleInfo.java:updateAndGet(139)) - s2: start s2@group-54B4F2458EED-FollowerState
2022-06-29 11:32:59,279 INFO  impl.FollowerState (FollowerState.java:run(143)) - s2@group-54B4F2458EED-FollowerState: change to CANDIDATE, lastRpcElapsedTime:246076316ns, electionTimeout:244ms
2022-06-29 11:32:59,279 INFO  impl.RoleInfo (RoleInfo.java:shutdownFollowerState(110)) - s2: shutdown s2@group-54B4F2458EED-FollowerState
2022-06-29 11:32:59,279 INFO  server.RaftServer$Division (RaftServerImpl.java:setRole(299)) - s2@group-54B4F2458EED: changes role from  FOLLOWER to CANDIDATE at term 3 for changeToCandidate
2022-06-29 11:32:59,280 INFO  server.RaftServerConfigKeys (ConfUtils.java:logGet(46)) - raft.server.leaderelection.pre-vote = true (default)
2022-06-29 11:32:59,280 INFO  impl.RoleInfo (RoleInfo.java:updateAndGet(139)) - s2: start s2@group-54B4F2458EED-LeaderElection226
2022-06-29 11:32:59,283 INFO  impl.LeaderElection (LeaderElection.java:askForVotes(310)) - s2@group-54B4F2458EED-LeaderElection226 PRE_VOTE round 0: submit vote requests at term 3 for 28: [s0|rpc:localhost:46515|admin:localhost:40757|client:localhost:41939|dataStream:localhost:35593|priority:0, s1|rpc:localhost:34095|admin:localhost:43151|client:localhost:36051|dataStream:localhost:38995|priority:0, s2|rpc:localhost:40453|admin:localhost:33947|client:localhost:38503|dataStream:localhost:42009|priority:0], old=null
2022-06-29 11:32:59,287 INFO  server.RaftServer$Division (RaftServerImpl.java:requestVote(1152)) - s0@group-54B4F2458EED: receive requestVote(PRE_VOTE, s2, group-54B4F2458EED, 3, (t:3, i:31))
2022-06-29 11:32:59,287 WARN  server.GrpcServerProtocolService (LogUtils.java:warn(122)) - s0: Failed requestVote s2->s0#0: org.apache.ratis.protocol.exceptions.ServerNotReadyException: s0@group-54B4F2458EED is not in [RUNNING]: current state is CLOSED
2022-06-29 11:32:59,289 INFO  server.RaftServer$Division (RaftServerImpl.java:requestVote(1152)) - s1@group-54B4F2458EED: receive requestVote(PRE_VOTE, s2, group-54B4F2458EED, 3, (t:3, i:31))
2022-06-29 11:32:59,289 WARN  server.GrpcServerProtocolService (LogUtils.java:warn(122)) - s1: Failed requestVote s2->s1#0: org.apache.ratis.protocol.exceptions.ServerNotReadyException: s1@group-54B4F2458EED is not in [RUNNING]: current state is CLOSED
2022-06-29 11:32:59,289 INFO  impl.LeaderElection (LogUtils.java:infoOrTrace(137)) - s2@group-54B4F2458EED-LeaderElection226 got exception when requesting votes: java.util.concurrent.ExecutionException: org.apache.ratis.thirdparty.io.grpc.StatusRuntimeException: INTERNAL: s0@group-54B4F2458EED is not in [RUNNING]: current state is CLOSED
2022-06-29 11:32:59,290 INFO  impl.LeaderElection (LogUtils.java:infoOrTrace(137)) - s2@group-54B4F2458EED-LeaderElection226 got exception when requesting votes: java.util.concurrent.ExecutionException: org.apache.ratis.thirdparty.io.grpc.StatusRuntimeException: INTERNAL: s1@group-54B4F2458EED is not in [RUNNING]: current state is CLOSED
2022-06-29 11:32:59,290 INFO  impl.LeaderElection (LeaderElection.java:logAndReturn(90)) - s2@group-54B4F2458EED-LeaderElection226: PRE_VOTE REJECTED received 0 response(s) and 2 exception(s):
2022-06-29 11:32:59,290 INFO  impl.LeaderElection (LogUtils.java:infoOrTrace(137)) -   Exception 0: java.util.concurrent.ExecutionException: org.apache.ratis.thirdparty.io.grpc.StatusRuntimeException: INTERNAL: s0@group-54B4F2458EED is not in [RUNNING]: current state is CLOSED
2022-06-29 11:32:59,290 INFO  impl.LeaderElection (LogUtils.java:infoOrTrace(137)) -   Exception 1: java.util.concurrent.ExecutionException: org.apache.ratis.thirdparty.io.grpc.StatusRuntimeException: INTERNAL: s1@group-54B4F2458EED is not in [RUNNING]: current state is CLOSED
2022-06-29 11:32:59,290 INFO  impl.LeaderElection (LeaderElection.java:askForVotes(312)) - s2@group-54B4F2458EED-LeaderElection226 PRE_VOTE round 0: result REJECTED
2022-06-29 11:32:59,290 INFO  server.RaftServer$Division (RaftServerImpl.java:setRole(299)) - s2@group-54B4F2458EED: changes role from CANDIDATE to FOLLOWER at term 3 for REJECTED
2022-06-29 11:32:59,290 INFO  impl.RoleInfo (RoleInfo.java:shutdownLeaderElection(130)) - s2: shutdown s2@group-54B4F2458EED-LeaderElection226
2022-06-29 11:32:59,292 INFO  impl.RoleInfo (RoleInfo.java:updateAndGet(139)) - s2: start s2@group-54B4F2458EED-FollowerState
2022-06-29 11:32:59,529 INFO  impl.FollowerState (FollowerState.java:run(143)) - s2@group-54B4F2458EED-FollowerState: change to CANDIDATE, lastRpcElapsedTime:237150499ns, electionTimeout:234ms
2022-06-29 11:32:59,529 INFO  impl.RoleInfo (RoleInfo.java:shutdownFollowerState(110)) - s2: shutdown s2@group-54B4F2458EED-FollowerState
2022-06-29 11:32:59,529 INFO  server.RaftServer$Division (RaftServerImpl.java:setRole(299)) - s2@group-54B4F2458EED: changes role from  FOLLOWER to CANDIDATE at term 3 for changeToCandidate
2022-06-29 11:32:59,530 INFO  server.RaftServerConfigKeys (ConfUtils.java:logGet(46)) - raft.server.leaderelection.pre-vote = true (default)
2022-06-29 11:32:59,530 INFO  impl.RoleInfo (RoleInfo.java:updateAndGet(139)) - s2: start s2@group-54B4F2458EED-LeaderElection227
2022-06-29 11:32:59,532 INFO  impl.LeaderElection (LeaderElection.java:askForVotes(310)) - s2@group-54B4F2458EED-LeaderElection227 PRE_VOTE round 0: submit vote requests at term 3 for 28: [s0|rpc:localhost:46515|admin:localhost:40757|client:localhost:41939|dataStream:localhost:35593|priority:0, s1|rpc:localhost:34095|admin:localhost:43151|client:localhost:36051|dataStream:localhost:38995|priority:0, s2|rpc:localhost:40453|admin:localhost:33947|client:localhost:38503|dataStream:localhost:42009|priority:0], old=null
2022-06-29 11:32:59,535 INFO  server.RaftServer$Division (RaftServerImpl.java:requestVote(1152)) - s0@group-54B4F2458EED: receive requestVote(PRE_VOTE, s2, group-54B4F2458EED, 3, (t:3, i:31))
2022-06-29 11:32:59,536 WARN  server.GrpcServerProtocolService (LogUtils.java:warn(122)) - s0: Failed requestVote s2->s0#0: org.apache.ratis.protocol.exceptions.ServerNotReadyException: s0@group-54B4F2458EED is not in [RUNNING]: current state is CLOSED
2022-06-29 11:32:59,536 INFO  server.RaftServer$Division (RaftServerImpl.java:requestVote(1152)) - s1@group-54B4F2458EED: receive requestVote(PRE_VOTE, s2, group-54B4F2458EED, 3, (t:3, i:31))
2022-06-29 11:32:59,536 WARN  server.GrpcServerProtocolService (LogUtils.java:warn(122)) - s1: Failed requestVote s2->s1#0: org.apache.ratis.protocol.exceptions.ServerNotReadyException: s1@group-54B4F2458EED is not in [RUNNING]: current state is CLOSED
2022-06-29 11:32:59,542 INFO  impl.LeaderElection (LogUtils.java:infoOrTrace(137)) - s2@group-54B4F2458EED-LeaderElection227 got exception when requesting votes: java.util.concurrent.ExecutionException: org.apache.ratis.thirdparty.io.grpc.StatusRuntimeException: INTERNAL: s1@group-54B4F2458EED is not in [RUNNING]: current state is CLOSED
2022-06-29 11:32:59,542 INFO  impl.LeaderElection (LogUtils.java:infoOrTrace(137)) - s2@group-54B4F2458EED-LeaderElection227 got exception when requesting votes: java.util.concurrent.ExecutionException: org.apache.ratis.thirdparty.io.grpc.StatusRuntimeException: INTERNAL: s0@group-54B4F2458EED is not in [RUNNING]: current state is CLOSED
2022-06-29 11:32:59,542 INFO  impl.LeaderElection (LeaderElection.java:logAndReturn(90)) - s2@group-54B4F2458EED-LeaderElection227: PRE_VOTE REJECTED received 0 response(s) and 2 exception(s):
2022-06-29 11:32:59,542 INFO  impl.LeaderElection (LogUtils.java:infoOrTrace(137)) -   Exception 0: java.util.concurrent.ExecutionException: org.apache.ratis.thirdparty.io.grpc.StatusRuntimeException: INTERNAL: s1@group-54B4F2458EED is not in [RUNNING]: current state is CLOSED
2022-06-29 11:32:59,542 INFO  impl.LeaderElection (LogUtils.java:infoOrTrace(137)) -   Exception 1: java.util.concurrent.ExecutionException: org.apache.ratis.thirdparty.io.grpc.StatusRuntimeException: INTERNAL: s0@group-54B4F2458EED is not in [RUNNING]: current state is CLOSED
2022-06-29 11:32:59,543 INFO  impl.LeaderElection (LeaderElection.java:askForVotes(312)) - s2@group-54B4F2458EED-LeaderElection227 PRE_VOTE round 0: result REJECTED
2022-06-29 11:32:59,544 INFO  server.RaftServer$Division (RaftServerImpl.java:setRole(299)) - s2@group-54B4F2458EED: changes role from CANDIDATE to FOLLOWER at term 3 for REJECTED
2022-06-29 11:32:59,544 INFO  impl.RoleInfo (RoleInfo.java:shutdownLeaderElection(130)) - s2: shutdown s2@group-54B4F2458EED-LeaderElection227
2022-06-29 11:32:59,547 INFO  impl.RoleInfo (RoleInfo.java:updateAndGet(139)) - s2: start s2@group-54B4F2458EED-FollowerState
2022-06-29 11:32:59,745 INFO  impl.FollowerState (FollowerState.java:run(143)) - s2@group-54B4F2458EED-FollowerState: change to CANDIDATE, lastRpcElapsedTime:197907786ns, electionTimeout:177ms
2022-06-29 11:32:59,745 INFO  impl.RoleInfo (RoleInfo.java:shutdownFollowerState(110)) - s2: shutdown s2@group-54B4F2458EED-FollowerState
2022-06-29 11:32:59,745 INFO  server.RaftServer$Division (RaftServerImpl.java:setRole(299)) - s2@group-54B4F2458EED: changes role from  FOLLOWER to CANDIDATE at term 3 for changeToCandidate
2022-06-29 11:32:59,745 INFO  server.RaftServerConfigKeys (ConfUtils.java:logGet(46)) - raft.server.leaderelection.pre-vote = true (default)
2022-06-29 11:32:59,745 INFO  impl.RoleInfo (RoleInfo.java:updateAndGet(139)) - s2: start s2@group-54B4F2458EED-LeaderElection228
2022-06-29 11:32:59,750 INFO  impl.LeaderElection (LeaderElection.java:askForVotes(310)) - s2@group-54B4F2458EED-LeaderElection228 PRE_VOTE round 0: submit vote requests at term 3 for 28: [s0|rpc:localhost:46515|admin:localhost:40757|client:localhost:41939|dataStream:localhost:35593|priority:0, s1|rpc:localhost:34095|admin:localhost:43151|client:localhost:36051|dataStream:localhost:38995|priority:0, s2|rpc:localhost:40453|admin:localhost:33947|client:localhost:38503|dataStream:localhost:42009|priority:0], old=null
2022-06-29 11:32:59,752 INFO  server.RaftServer$Division (RaftServerImpl.java:requestVote(1152)) - s0@group-54B4F2458EED: receive requestVote(PRE_VOTE, s2, group-54B4F2458EED, 3, (t:3, i:31))
2022-06-29 11:32:59,752 WARN  server.GrpcServerProtocolService (LogUtils.java:warn(122)) - s0: Failed requestVote s2->s0#0: org.apache.ratis.protocol.exceptions.ServerNotReadyException: s0@group-54B4F2458EED is not in [RUNNING]: current state is CLOSED
2022-06-29 11:32:59,753 INFO  server.RaftServer$Division (RaftServerImpl.java:requestVote(1152)) - s1@group-54B4F2458EED: receive requestVote(PRE_VOTE, s2, group-54B4F2458EED, 3, (t:3, i:31))
2022-06-29 11:32:59,753 WARN  server.GrpcServerProtocolService (LogUtils.java:warn(122)) - s1: Failed requestVote s2->s1#0: org.apache.ratis.protocol.exceptions.ServerNotReadyException: s1@group-54B4F2458EED is not in [RUNNING]: current state is CLOSED
2022-06-29 11:32:59,754 INFO  impl.LeaderElection (LogUtils.java:infoOrTrace(137)) - s2@group-54B4F2458EED-LeaderElection228 got exception when requesting votes: java.util.concurrent.ExecutionException: org.apache.ratis.thirdparty.io.grpc.StatusRuntimeException: INTERNAL: s0@group-54B4F2458EED is not in [RUNNING]: current state is CLOSED
2022-06-29 11:32:59,754 INFO  impl.LeaderElection (LogUtils.java:infoOrTrace(137)) - s2@group-54B4F2458EED-LeaderElection228 got exception when requesting votes: java.util.concurrent.ExecutionException: org.apache.ratis.thirdparty.io.grpc.StatusRuntimeException: INTERNAL: s1@group-54B4F2458EED is not in [RUNNING]: current state is CLOSED
2022-06-29 11:32:59,754 INFO  impl.LeaderElection (LeaderElection.java:logAndReturn(90)) - s2@group-54B4F2458EED-LeaderElection228: PRE_VOTE REJECTED received 0 response(s) and 2 exception(s):
2022-06-29 11:32:59,754 INFO  impl.LeaderElection (LogUtils.java:infoOrTrace(137)) -   Exception 0: java.util.concurrent.ExecutionException: org.apache.ratis.thirdparty.io.grpc.StatusRuntimeException: INTERNAL: s0@group-54B4F2458EED is not in [RUNNING]: current state is CLOSED
2022-06-29 11:32:59,754 INFO  impl.LeaderElection (LogUtils.java:infoOrTrace(137)) -   Exception 1: java.util.concurrent.ExecutionException: org.apache.ratis.thirdparty.io.grpc.StatusRuntimeException: INTERNAL: s1@group-54B4F2458EED is not in [RUNNING]: current state is CLOSED
2022-06-29 11:32:59,754 INFO  impl.LeaderElection (LeaderElection.java:askForVotes(312)) - s2@group-54B4F2458EED-LeaderElection228 PRE_VOTE round 0: result REJECTED
2022-06-29 11:32:59,754 INFO  server.RaftServer$Division (RaftServerImpl.java:setRole(299)) - s2@group-54B4F2458EED: changes role from CANDIDATE to FOLLOWER at term 3 for REJECTED
2022-06-29 11:32:59,754 INFO  impl.RoleInfo (RoleInfo.java:shutdownLeaderElection(130)) - s2: shutdown s2@group-54B4F2458EED-LeaderElection228
2022-06-29 11:32:59,754 INFO  impl.RoleInfo (RoleInfo.java:updateAndGet(139)) - s2: start s2@group-54B4F2458EED-FollowerState
2022-06-29 11:33:00,001 INFO  impl.FollowerState (FollowerState.java:run(143)) - s2@group-54B4F2458EED-FollowerState: change to CANDIDATE, lastRpcElapsedTime:246937028ns, electionTimeout:245ms
2022-06-29 11:33:00,001 INFO  impl.RoleInfo (RoleInfo.java:shutdownFollowerState(110)) - s2: shutdown s2@group-54B4F2458EED-FollowerState
2022-06-29 11:33:00,001 INFO  server.RaftServer$Division (RaftServerImpl.java:setRole(299)) - s2@group-54B4F2458EED: changes role from  FOLLOWER to CANDIDATE at term 3 for changeToCandidate
2022-06-29 11:33:00,004 INFO  server.RaftServerConfigKeys (ConfUtils.java:logGet(46)) - raft.server.leaderelection.pre-vote = true (default)
2022-06-29 11:33:00,004 INFO  impl.RoleInfo (RoleInfo.java:updateAndGet(139)) - s2: start s2@group-54B4F2458EED-LeaderElection229
2022-06-29 11:33:00,006 INFO  impl.LeaderElection (LeaderElection.java:askForVotes(310)) - s2@group-54B4F2458EED-LeaderElection229 PRE_VOTE round 0: submit vote requests at term 3 for 28: [s0|rpc:localhost:46515|admin:localhost:40757|client:localhost:41939|dataStream:localhost:35593|priority:0, s1|rpc:localhost:34095|admin:localhost:43151|client:localhost:36051|dataStream:localhost:38995|priority:0, s2|rpc:localhost:40453|admin:localhost:33947|client:localhost:38503|dataStream:localhost:42009|priority:0], old=null
2022-06-29 11:33:00,011 INFO  server.RaftServer$Division (RaftServerImpl.java:requestVote(1152)) - s0@group-54B4F2458EED: receive requestVote(PRE_VOTE, s2, group-54B4F2458EED, 3, (t:3, i:31))
2022-06-29 11:33:00,011 WARN  server.GrpcServerProtocolService (LogUtils.java:warn(122)) - s0: Failed requestVote s2->s0#0: org.apache.ratis.protocol.exceptions.ServerNotReadyException: s0@group-54B4F2458EED is not in [RUNNING]: current state is CLOSED
2022-06-29 11:33:00,013 INFO  server.RaftServer$Division (RaftServerImpl.java:requestVote(1152)) - s1@group-54B4F2458EED: receive requestVote(PRE_VOTE, s2, group-54B4F2458EED, 3, (t:3, i:31))
2022-06-29 11:33:00,013 WARN  server.GrpcServerProtocolService (LogUtils.java:warn(122)) - s1: Failed requestVote s2->s1#0: org.apache.ratis.protocol.exceptions.ServerNotReadyException: s1@group-54B4F2458EED is not in [RUNNING]: current state is CLOSED
2022-06-29 11:33:00,016 INFO  impl.LeaderElection (LogUtils.java:infoOrTrace(137)) - s2@group-54B4F2458EED-LeaderElection229 got exception when requesting votes: java.util.concurrent.ExecutionException: org.apache.ratis.thirdparty.io.grpc.StatusRuntimeException: INTERNAL: s1@group-54B4F2458EED is not in [RUNNING]: current state is CLOSED
2022-06-29 11:33:00,016 INFO  impl.LeaderElection (LogUtils.java:infoOrTrace(137)) - s2@group-54B4F2458EED-LeaderElection229 got exception when requesting votes: java.util.concurrent.ExecutionException: org.apache.ratis.thirdparty.io.grpc.StatusRuntimeException: INTERNAL: s0@group-54B4F2458EED is not in [RUNNING]: current state is CLOSED
2022-06-29 11:33:00,016 INFO  impl.LeaderElection (LeaderElection.java:logAndReturn(90)) - s2@group-54B4F2458EED-LeaderElection229: PRE_VOTE REJECTED received 0 response(s) and 2 exception(s):
2022-06-29 11:33:00,017 INFO  impl.LeaderElection (LogUtils.java:infoOrTrace(137)) -   Exception 0: java.util.concurrent.ExecutionException: org.apache.ratis.thirdparty.io.grpc.StatusRuntimeException: INTERNAL: s1@group-54B4F2458EED is not in [RUNNING]: current state is CLOSED
2022-06-29 11:33:00,017 INFO  impl.LeaderElection (LogUtils.java:infoOrTrace(137)) -   Exception 1: java.util.concurrent.ExecutionException: org.apache.ratis.thirdparty.io.grpc.StatusRuntimeException: INTERNAL: s0@group-54B4F2458EED is not in [RUNNING]: current state is CLOSED
2022-06-29 11:33:00,017 INFO  impl.LeaderElection (LeaderElection.java:askForVotes(312)) - s2@group-54B4F2458EED-LeaderElection229 PRE_VOTE round 0: result REJECTED
2022-06-29 11:33:00,017 INFO  server.RaftServer$Division (RaftServerImpl.java:setRole(299)) - s2@group-54B4F2458EED: changes role from CANDIDATE to FOLLOWER at term 3 for REJECTED
2022-06-29 11:33:00,017 INFO  impl.RoleInfo (RoleInfo.java:shutdownLeaderElection(130)) - s2: shutdown s2@group-54B4F2458EED-LeaderElection229
2022-06-29 11:33:00,017 INFO  impl.RoleInfo (RoleInfo.java:updateAndGet(139)) - s2: start s2@group-54B4F2458EED-FollowerState
2022-06-29 11:33:00,217 INFO  impl.FollowerState (FollowerState.java:run(143)) - s2@group-54B4F2458EED-FollowerState: change to CANDIDATE, lastRpcElapsedTime:200220910ns, electionTimeout:198ms
2022-06-29 11:33:00,217 INFO  impl.RoleInfo (RoleInfo.java:shutdownFollowerState(110)) - s2: shutdown s2@group-54B4F2458EED-FollowerState
2022-06-29 11:33:00,217 INFO  server.RaftServer$Division (RaftServerImpl.java:setRole(299)) - s2@group-54B4F2458EED: changes role from  FOLLOWER to CANDIDATE at term 3 for changeToCandidate
2022-06-29 11:33:00,217 INFO  server.RaftServerConfigKeys (ConfUtils.java:logGet(46)) - raft.server.leaderelection.pre-vote = true (default)
2022-06-29 11:33:00,217 INFO  impl.RoleInfo (RoleInfo.java:updateAndGet(139)) - s2: start s2@group-54B4F2458EED-LeaderElection230
2022-06-29 11:33:00,219 INFO  impl.LeaderElection (LeaderElection.java:askForVotes(310)) - s2@group-54B4F2458EED-LeaderElection230 PRE_VOTE round 0: submit vote requests at term 3 for 28: [s0|rpc:localhost:46515|admin:localhost:40757|client:localhost:41939|dataStream:localhost:35593|priority:0, s1|rpc:localhost:34095|admin:localhost:43151|client:localhost:36051|dataStream:localhost:38995|priority:0, s2|rpc:localhost:40453|admin:localhost:33947|client:localhost:38503|dataStream:localhost:42009|priority:0], old=null
2022-06-29 11:33:00,220 INFO  server.RaftServer$Division (RaftServerImpl.java:requestVote(1152)) - s0@group-54B4F2458EED: receive requestVote(PRE_VOTE, s2, group-54B4F2458EED, 3, (t:3, i:31))
2022-06-29 11:33:00,221 WARN  server.GrpcServerProtocolService (LogUtils.java:warn(122)) - s0: Failed requestVote s2->s0#0: org.apache.ratis.protocol.exceptions.ServerNotReadyException: s0@group-54B4F2458EED is not in [RUNNING]: current state is CLOSED
2022-06-29 11:33:00,222 INFO  server.RaftServer$Division (RaftServerImpl.java:requestVote(1152)) - s1@group-54B4F2458EED: receive requestVote(PRE_VOTE, s2, group-54B4F2458EED, 3, (t:3, i:31))
2022-06-29 11:33:00,222 WARN  server.GrpcServerProtocolService (LogUtils.java:warn(122)) - s1: Failed requestVote s2->s1#0: org.apache.ratis.protocol.exceptions.ServerNotReadyException: s1@group-54B4F2458EED is not in [RUNNING]: current state is CLOSED
2022-06-29 11:33:00,225 INFO  impl.LeaderElection (LogUtils.java:infoOrTrace(137)) - s2@group-54B4F2458EED-LeaderElection230 got exception when requesting votes: java.util.concurrent.ExecutionException: org.apache.ratis.thirdparty.io.grpc.StatusRuntimeException: INTERNAL: s0@group-54B4F2458EED is not in [RUNNING]: current state is CLOSED
2022-06-29 11:33:00,225 INFO  impl.LeaderElection (LogUtils.java:infoOrTrace(137)) - s2@group-54B4F2458EED-LeaderElection230 got exception when requesting votes: java.util.concurrent.ExecutionException: org.apache.ratis.thirdparty.io.grpc.StatusRuntimeException: INTERNAL: s1@group-54B4F2458EED is not in [RUNNING]: current state is CLOSED
2022-06-29 11:33:00,225 INFO  impl.LeaderElection (LeaderElection.java:logAndReturn(90)) - s2@group-54B4F2458EED-LeaderElection230: PRE_VOTE REJECTED received 0 response(s) and 2 exception(s):
2022-06-29 11:33:00,225 INFO  impl.LeaderElection (LogUtils.java:infoOrTrace(137)) -   Exception 0: java.util.concurrent.ExecutionException: org.apache.ratis.thirdparty.io.grpc.StatusRuntimeException: INTERNAL: s0@group-54B4F2458EED is not in [RUNNING]: current state is CLOSED
2022-06-29 11:33:00,225 INFO  impl.LeaderElection (LogUtils.java:infoOrTrace(137)) -   Exception 1: java.util.concurrent.ExecutionException: org.apache.ratis.thirdparty.io.grpc.StatusRuntimeException: INTERNAL: s1@group-54B4F2458EED is not in [RUNNING]: current state is CLOSED
2022-06-29 11:33:00,225 INFO  impl.LeaderElection (LeaderElection.java:askForVotes(312)) - s2@group-54B4F2458EED-LeaderElection230 PRE_VOTE round 0: result REJECTED
2022-06-29 11:33:00,225 INFO  server.RaftServer$Division (RaftServerImpl.java:setRole(299)) - s2@group-54B4F2458EED: changes role from CANDIDATE to FOLLOWER at term 3 for REJECTED
2022-06-29 11:33:00,225 INFO  impl.RoleInfo (RoleInfo.java:shutdownLeaderElection(130)) - s2: shutdown s2@group-54B4F2458EED-LeaderElection230
2022-06-29 11:33:00,225 INFO  impl.RoleInfo (RoleInfo.java:updateAndGet(139)) - s2: start s2@group-54B4F2458EED-FollowerState
2022-06-29 11:33:00,464 INFO  impl.FollowerState (FollowerState.java:run(143)) - s2@group-54B4F2458EED-FollowerState: change to CANDIDATE, lastRpcElapsedTime:238531009ns, electionTimeout:236ms
2022-06-29 11:33:00,464 INFO  impl.RoleInfo (RoleInfo.java:shutdownFollowerState(110)) - s2: shutdown s2@group-54B4F2458EED-FollowerState
2022-06-29 11:33:00,464 INFO  server.RaftServer$Division (RaftServerImpl.java:setRole(299)) - s2@group-54B4F2458EED: changes role from  FOLLOWER to CANDIDATE at term 3 for changeToCandidate
2022-06-29 11:33:00,464 INFO  server.RaftServerConfigKeys (ConfUtils.java:logGet(46)) - raft.server.leaderelection.pre-vote = true (default)
2022-06-29 11:33:00,464 INFO  impl.RoleInfo (RoleInfo.java:updateAndGet(139)) - s2: start s2@group-54B4F2458EED-LeaderElection231
2022-06-29 11:33:00,465 INFO  impl.LeaderElection (LeaderElection.java:askForVotes(310)) - s2@group-54B4F2458EED-LeaderElection231 PRE_VOTE round 0: submit vote requests at term 3 for 28: [s0|rpc:localhost:46515|admin:localhost:40757|client:localhost:41939|dataStream:localhost:35593|priority:0, s1|rpc:localhost:34095|admin:localhost:43151|client:localhost:36051|dataStream:localhost:38995|priority:0, s2|rpc:localhost:40453|admin:localhost:33947|client:localhost:38503|dataStream:localhost:42009|priority:0], old=null
2022-06-29 11:33:00,468 INFO  server.RaftServer$Division (RaftServerImpl.java:requestVote(1152)) - s0@group-54B4F2458EED: receive requestVote(PRE_VOTE, s2, group-54B4F2458EED, 3, (t:3, i:31))
2022-06-29 11:33:00,468 WARN  server.GrpcServerProtocolService (LogUtils.java:warn(122)) - s0: Failed requestVote s2->s0#0: org.apache.ratis.protocol.exceptions.ServerNotReadyException: s0@group-54B4F2458EED is not in [RUNNING]: current state is CLOSED
2022-06-29 11:33:00,468 INFO  server.RaftServer$Division (RaftServerImpl.java:requestVote(1152)) - s1@group-54B4F2458EED: receive requestVote(PRE_VOTE, s2, group-54B4F2458EED, 3, (t:3, i:31))
2022-06-29 11:33:00,468 WARN  server.GrpcServerProtocolService (LogUtils.java:warn(122)) - s1: Failed requestVote s2->s1#0: org.apache.ratis.protocol.exceptions.ServerNotReadyException: s1@group-54B4F2458EED is not in [RUNNING]: current state is CLOSED
2022-06-29 11:33:00,472 INFO  impl.LeaderElection (LogUtils.java:infoOrTrace(137)) - s2@group-54B4F2458EED-LeaderElection231 got exception when requesting votes: java.util.concurrent.ExecutionException: org.apache.ratis.thirdparty.io.grpc.StatusRuntimeException: INTERNAL: s0@group-54B4F2458EED is not in [RUNNING]: current state is CLOSED
2022-06-29 11:33:00,472 INFO  impl.LeaderElection (LogUtils.java:infoOrTrace(137)) - s2@group-54B4F2458EED-LeaderElection231 got exception when requesting votes: java.util.concurrent.ExecutionException: org.apache.ratis.thirdparty.io.grpc.StatusRuntimeException: INTERNAL: s1@group-54B4F2458EED is not in [RUNNING]: current state is CLOSED
2022-06-29 11:33:00,472 INFO  impl.LeaderElection (LeaderElection.java:logAndReturn(90)) - s2@group-54B4F2458EED-LeaderElection231: PRE_VOTE REJECTED received 0 response(s) and 2 exception(s):
2022-06-29 11:33:00,472 INFO  impl.LeaderElection (LogUtils.java:infoOrTrace(137)) -   Exception 0: java.util.concurrent.ExecutionException: org.apache.ratis.thirdparty.io.grpc.StatusRuntimeException: INTERNAL: s0@group-54B4F2458EED is not in [RUNNING]: current state is CLOSED
2022-06-29 11:33:00,472 INFO  impl.LeaderElection (LogUtils.java:infoOrTrace(137)) -   Exception 1: java.util.concurrent.ExecutionException: org.apache.ratis.thirdparty.io.grpc.StatusRuntimeException: INTERNAL: s1@group-54B4F2458EED is not in [RUNNING]: current state is CLOSED
2022-06-29 11:33:00,472 INFO  impl.LeaderElection (LeaderElection.java:askForVotes(312)) - s2@group-54B4F2458EED-LeaderElection231 PRE_VOTE round 0: result REJECTED
2022-06-29 11:33:00,472 INFO  server.RaftServer$Division (RaftServerImpl.java:setRole(299)) - s2@group-54B4F2458EED: changes role from CANDIDATE to FOLLOWER at term 3 for REJECTED
2022-06-29 11:33:00,472 INFO  impl.RoleInfo (RoleInfo.java:shutdownLeaderElection(130)) - s2: shutdown s2@group-54B4F2458EED-LeaderElection231
2022-06-29 11:33:00,472 INFO  impl.RoleInfo (RoleInfo.java:updateAndGet(139)) - s2: start s2@group-54B4F2458EED-FollowerState
2022-06-29 11:33:00,643 INFO  impl.FollowerState (FollowerState.java:run(143)) - s2@group-54B4F2458EED-FollowerState: change to CANDIDATE, lastRpcElapsedTime:170565923ns, electionTimeout:170ms
2022-06-29 11:33:00,643 INFO  impl.RoleInfo (RoleInfo.java:shutdownFollowerState(110)) - s2: shutdown s2@group-54B4F2458EED-FollowerState
2022-06-29 11:33:00,643 INFO  server.RaftServer$Division (RaftServerImpl.java:setRole(299)) - s2@group-54B4F2458EED: changes role from  FOLLOWER to CANDIDATE at term 3 for changeToCandidate
2022-06-29 11:33:00,643 INFO  server.RaftServerConfigKeys (ConfUtils.java:logGet(46)) - raft.server.leaderelection.pre-vote = true (default)
2022-06-29 11:33:00,643 INFO  impl.RoleInfo (RoleInfo.java:updateAndGet(139)) - s2: start s2@group-54B4F2458EED-LeaderElection232
2022-06-29 11:33:00,644 INFO  impl.LeaderElection (LeaderElection.java:askForVotes(310)) - s2@group-54B4F2458EED-LeaderElection232 PRE_VOTE round 0: submit vote requests at term 3 for 28: [s0|rpc:localhost:46515|admin:localhost:40757|client:localhost:41939|dataStream:localhost:35593|priority:0, s1|rpc:localhost:34095|admin:localhost:43151|client:localhost:36051|dataStream:localhost:38995|priority:0, s2|rpc:localhost:40453|admin:localhost:33947|client:localhost:38503|dataStream:localhost:42009|priority:0], old=null
2022-06-29 11:33:00,647 INFO  server.RaftServer$Division (RaftServerImpl.java:requestVote(1152)) - s0@group-54B4F2458EED: receive requestVote(PRE_VOTE, s2, group-54B4F2458EED, 3, (t:3, i:31))
2022-06-29 11:33:00,647 WARN  server.GrpcServerProtocolService (LogUtils.java:warn(122)) - s0: Failed requestVote s2->s0#0: org.apache.ratis.protocol.exceptions.ServerNotReadyException: s0@group-54B4F2458EED is not in [RUNNING]: current state is CLOSED
2022-06-29 11:33:00,650 INFO  server.RaftServer$Division (RaftServerImpl.java:requestVote(1152)) - s1@group-54B4F2458EED: receive requestVote(PRE_VOTE, s2, group-54B4F2458EED, 3, (t:3, i:31))
2022-06-29 11:33:00,650 WARN  server.GrpcServerProtocolService (LogUtils.java:warn(122)) - s1: Failed requestVote s2->s1#0: org.apache.ratis.protocol.exceptions.ServerNotReadyException: s1@group-54B4F2458EED is not in [RUNNING]: current state is CLOSED
2022-06-29 11:33:00,650 INFO  impl.LeaderElection (LogUtils.java:infoOrTrace(137)) - s2@group-54B4F2458EED-LeaderElection232 got exception when requesting votes: java.util.concurrent.ExecutionException: org.apache.ratis.thirdparty.io.grpc.StatusRuntimeException: INTERNAL: s0@group-54B4F2458EED is not in [RUNNING]: current state is CLOSED
2022-06-29 11:33:00,650 INFO  impl.LeaderElection (LogUtils.java:infoOrTrace(137)) - s2@group-54B4F2458EED-LeaderElection232 got exception when requesting votes: java.util.concurrent.ExecutionException: org.apache.ratis.thirdparty.io.grpc.StatusRuntimeException: INTERNAL: s1@group-54B4F2458EED is not in [RUNNING]: current state is CLOSED
2022-06-29 11:33:00,650 INFO  impl.LeaderElection (LeaderElection.java:logAndReturn(90)) - s2@group-54B4F2458EED-LeaderElection232: PRE_VOTE REJECTED received 0 response(s) and 2 exception(s):
2022-06-29 11:33:00,650 INFO  impl.LeaderElection (LogUtils.java:infoOrTrace(137)) -   Exception 0: java.util.concurrent.ExecutionException: org.apache.ratis.thirdparty.io.grpc.StatusRuntimeException: INTERNAL: s0@group-54B4F2458EED is not in [RUNNING]: current state is CLOSED
2022-06-29 11:33:00,650 INFO  impl.LeaderElection (LogUtils.java:infoOrTrace(137)) -   Exception 1: java.util.concurrent.ExecutionException: org.apache.ratis.thirdparty.io.grpc.StatusRuntimeException: INTERNAL: s1@group-54B4F2458EED is not in [RUNNING]: current state is CLOSED
2022-06-29 11:33:00,650 INFO  impl.LeaderElection (LeaderElection.java:askForVotes(312)) - s2@group-54B4F2458EED-LeaderElection232 PRE_VOTE round 0: result REJECTED
2022-06-29 11:33:00,651 INFO  server.RaftServer$Division (RaftServerImpl.java:setRole(299)) - s2@group-54B4F2458EED: changes role from CANDIDATE to FOLLOWER at term 3 for REJECTED
2022-06-29 11:33:00,651 INFO  impl.RoleInfo (RoleInfo.java:shutdownLeaderElection(130)) - s2: shutdown s2@group-54B4F2458EED-LeaderElection232
2022-06-29 11:33:00,651 INFO  impl.RoleInfo (RoleInfo.java:updateAndGet(139)) - s2: start s2@group-54B4F2458EED-FollowerState
2022-06-29 11:33:00,935 INFO  impl.FollowerState (FollowerState.java:run(143)) - s2@group-54B4F2458EED-FollowerState: change to CANDIDATE, lastRpcElapsedTime:284796512ns, electionTimeout:283ms
2022-06-29 11:33:00,936 INFO  impl.RoleInfo (RoleInfo.java:shutdownFollowerState(110)) - s2: shutdown s2@group-54B4F2458EED-FollowerState
2022-06-29 11:33:00,936 INFO  server.RaftServer$Division (RaftServerImpl.java:setRole(299)) - s2@group-54B4F2458EED: changes role from  FOLLOWER to CANDIDATE at term 3 for changeToCandidate
2022-06-29 11:33:00,936 INFO  server.RaftServerConfigKeys (ConfUtils.java:logGet(46)) - raft.server.leaderelection.pre-vote = true (default)
2022-06-29 11:33:00,936 INFO  impl.RoleInfo (RoleInfo.java:updateAndGet(139)) - s2: start s2@group-54B4F2458EED-LeaderElection233
2022-06-29 11:33:00,940 INFO  impl.LeaderElection (LeaderElection.java:askForVotes(310)) - s2@group-54B4F2458EED-LeaderElection233 PRE_VOTE round 0: submit vote requests at term 3 for 28: [s0|rpc:localhost:46515|admin:localhost:40757|client:localhost:41939|dataStream:localhost:35593|priority:0, s1|rpc:localhost:34095|admin:localhost:43151|client:localhost:36051|dataStream:localhost:38995|priority:0, s2|rpc:localhost:40453|admin:localhost:33947|client:localhost:38503|dataStream:localhost:42009|priority:0], old=null
2022-06-29 11:33:00,955 INFO  server.RaftServer$Division (RaftServerImpl.java:requestVote(1152)) - s0@group-54B4F2458EED: receive requestVote(PRE_VOTE, s2, group-54B4F2458EED, 3, (t:3, i:31))
2022-06-29 11:33:00,955 WARN  server.GrpcServerProtocolService (LogUtils.java:warn(122)) - s0: Failed requestVote s2->s0#0: org.apache.ratis.protocol.exceptions.ServerNotReadyException: s0@group-54B4F2458EED is not in [RUNNING]: current state is CLOSED
2022-06-29 11:33:00,956 INFO  server.RaftServer$Division (RaftServerImpl.java:requestVote(1152)) - s1@group-54B4F2458EED: receive requestVote(PRE_VOTE, s2, group-54B4F2458EED, 3, (t:3, i:31))
2022-06-29 11:33:00,956 WARN  server.GrpcServerProtocolService (LogUtils.java:warn(122)) - s1: Failed requestVote s2->s1#0: org.apache.ratis.protocol.exceptions.ServerNotReadyException: s1@group-54B4F2458EED is not in [RUNNING]: current state is CLOSED
2022-06-29 11:33:00,957 INFO  impl.LeaderElection (LogUtils.java:infoOrTrace(137)) - s2@group-54B4F2458EED-LeaderElection233 got exception when requesting votes: java.util.concurrent.ExecutionException: org.apache.ratis.thirdparty.io.grpc.StatusRuntimeException: INTERNAL: s0@group-54B4F2458EED is not in [RUNNING]: current state is CLOSED
2022-06-29 11:33:00,957 INFO  impl.LeaderElection (LogUtils.java:infoOrTrace(137)) - s2@group-54B4F2458EED-LeaderElection233 got exception when requesting votes: java.util.concurrent.ExecutionException: org.apache.ratis.thirdparty.io.grpc.StatusRuntimeException: INTERNAL: s1@group-54B4F2458EED is not in [RUNNING]: current state is CLOSED
2022-06-29 11:33:00,957 INFO  impl.LeaderElection (LeaderElection.java:logAndReturn(90)) - s2@group-54B4F2458EED-LeaderElection233: PRE_VOTE REJECTED received 0 response(s) and 2 exception(s):
2022-06-29 11:33:00,957 INFO  impl.LeaderElection (LogUtils.java:infoOrTrace(137)) -   Exception 0: java.util.concurrent.ExecutionException: org.apache.ratis.thirdparty.io.grpc.StatusRuntimeException: INTERNAL: s0@group-54B4F2458EED is not in [RUNNING]: current state is CLOSED
2022-06-29 11:33:00,957 INFO  impl.LeaderElection (LogUtils.java:infoOrTrace(137)) -   Exception 1: java.util.concurrent.ExecutionException: org.apache.ratis.thirdparty.io.grpc.StatusRuntimeException: INTERNAL: s1@group-54B4F2458EED is not in [RUNNING]: current state is CLOSED
2022-06-29 11:33:00,960 INFO  impl.LeaderElection (LeaderElection.java:askForVotes(312)) - s2@group-54B4F2458EED-LeaderElection233 PRE_VOTE round 0: result REJECTED
2022-06-29 11:33:00,961 INFO  server.RaftServer$Division (RaftServerImpl.java:setRole(299)) - s2@group-54B4F2458EED: changes role from CANDIDATE to FOLLOWER at term 3 for REJECTED
2022-06-29 11:33:00,961 INFO  impl.RoleInfo (RoleInfo.java:shutdownLeaderElection(130)) - s2: shutdown s2@group-54B4F2458EED-LeaderElection233
2022-06-29 11:33:00,961 INFO  impl.RoleInfo (RoleInfo.java:updateAndGet(139)) - s2: start s2@group-54B4F2458EED-FollowerState
2022-06-29 11:33:01,183 INFO  impl.FollowerState (FollowerState.java:run(143)) - s2@group-54B4F2458EED-FollowerState: change to CANDIDATE, lastRpcElapsedTime:221939586ns, electionTimeout:220ms
2022-06-29 11:33:01,183 INFO  impl.RoleInfo (RoleInfo.java:shutdownFollowerState(110)) - s2: shutdown s2@group-54B4F2458EED-FollowerState
2022-06-29 11:33:01,183 INFO  server.RaftServer$Division (RaftServerImpl.java:setRole(299)) - s2@group-54B4F2458EED: changes role from  FOLLOWER to CANDIDATE at term 3 for changeToCandidate
2022-06-29 11:33:01,183 INFO  server.RaftServerConfigKeys (ConfUtils.java:logGet(46)) - raft.server.leaderelection.pre-vote = true (default)
2022-06-29 11:33:01,183 INFO  impl.RoleInfo (RoleInfo.java:updateAndGet(139)) - s2: start s2@group-54B4F2458EED-LeaderElection234
2022-06-29 11:33:01,184 INFO  impl.LeaderElection (LeaderElection.java:askForVotes(310)) - s2@group-54B4F2458EED-LeaderElection234 PRE_VOTE round 0: submit vote requests at term 3 for 28: [s0|rpc:localhost:46515|admin:localhost:40757|client:localhost:41939|dataStream:localhost:35593|priority:0, s1|rpc:localhost:34095|admin:localhost:43151|client:localhost:36051|dataStream:localhost:38995|priority:0, s2|rpc:localhost:40453|admin:localhost:33947|client:localhost:38503|dataStream:localhost:42009|priority:0], old=null
2022-06-29 11:33:01,189 INFO  server.RaftServer$Division (RaftServerImpl.java:requestVote(1152)) - s0@group-54B4F2458EED: receive requestVote(PRE_VOTE, s2, group-54B4F2458EED, 3, (t:3, i:31))
2022-06-29 11:33:01,189 WARN  server.GrpcServerProtocolService (LogUtils.java:warn(122)) - s0: Failed requestVote s2->s0#0: org.apache.ratis.protocol.exceptions.ServerNotReadyException: s0@group-54B4F2458EED is not in [RUNNING]: current state is CLOSED
2022-06-29 11:33:01,190 INFO  impl.LeaderElection (LogUtils.java:infoOrTrace(137)) - s2@group-54B4F2458EED-LeaderElection234 got exception when requesting votes: java.util.concurrent.ExecutionException: org.apache.ratis.thirdparty.io.grpc.StatusRuntimeException: INTERNAL: s0@group-54B4F2458EED is not in [RUNNING]: current state is CLOSED
2022-06-29 11:33:01,191 INFO  server.RaftServer$Division (RaftServerImpl.java:requestVote(1152)) - s1@group-54B4F2458EED: receive requestVote(PRE_VOTE, s2, group-54B4F2458EED, 3, (t:3, i:31))
2022-06-29 11:33:01,191 WARN  server.GrpcServerProtocolService (LogUtils.java:warn(122)) - s1: Failed requestVote s2->s1#0: org.apache.ratis.protocol.exceptions.ServerNotReadyException: s1@group-54B4F2458EED is not in [RUNNING]: current state is CLOSED
2022-06-29 11:33:01,192 INFO  impl.LeaderElection (LogUtils.java:infoOrTrace(137)) - s2@group-54B4F2458EED-LeaderElection234 got exception when requesting votes: java.util.concurrent.ExecutionException: org.apache.ratis.thirdparty.io.grpc.StatusRuntimeException: INTERNAL: s1@group-54B4F2458EED is not in [RUNNING]: current state is CLOSED
2022-06-29 11:33:01,192 INFO  impl.LeaderElection (LeaderElection.java:logAndReturn(90)) - s2@group-54B4F2458EED-LeaderElection234: PRE_VOTE REJECTED received 0 response(s) and 2 exception(s):
2022-06-29 11:33:01,192 INFO  impl.LeaderElection (LogUtils.java:infoOrTrace(137)) -   Exception 0: java.util.concurrent.ExecutionException: org.apache.ratis.thirdparty.io.grpc.StatusRuntimeException: INTERNAL: s0@group-54B4F2458EED is not in [RUNNING]: current state is CLOSED
2022-06-29 11:33:01,192 INFO  impl.LeaderElection (LogUtils.java:infoOrTrace(137)) -   Exception 1: java.util.concurrent.ExecutionException: org.apache.ratis.thirdparty.io.grpc.StatusRuntimeException: INTERNAL: s1@group-54B4F2458EED is not in [RUNNING]: current state is CLOSED
2022-06-29 11:33:01,192 INFO  impl.LeaderElection (LeaderElection.java:askForVotes(312)) - s2@group-54B4F2458EED-LeaderElection234 PRE_VOTE round 0: result REJECTED
2022-06-29 11:33:01,192 INFO  server.RaftServer$Division (RaftServerImpl.java:setRole(299)) - s2@group-54B4F2458EED: changes role from CANDIDATE to FOLLOWER at term 3 for REJECTED
2022-06-29 11:33:01,192 INFO  impl.RoleInfo (RoleInfo.java:shutdownLeaderElection(130)) - s2: shutdown s2@group-54B4F2458EED-LeaderElection234
2022-06-29 11:33:01,193 INFO  impl.RoleInfo (RoleInfo.java:updateAndGet(139)) - s2: start s2@group-54B4F2458EED-FollowerState
2022-06-29 11:33:01,419 INFO  impl.FollowerState (FollowerState.java:run(143)) - s2@group-54B4F2458EED-FollowerState: change to CANDIDATE, lastRpcElapsedTime:226234740ns, electionTimeout:224ms
2022-06-29 11:33:01,419 INFO  impl.RoleInfo (RoleInfo.java:shutdownFollowerState(110)) - s2: shutdown s2@group-54B4F2458EED-FollowerState
2022-06-29 11:33:01,419 INFO  server.RaftServer$Division (RaftServerImpl.java:setRole(299)) - s2@group-54B4F2458EED: changes role from  FOLLOWER to CANDIDATE at term 3 for changeToCandidate
2022-06-29 11:33:01,419 INFO  server.RaftServerConfigKeys (ConfUtils.java:logGet(46)) - raft.server.leaderelection.pre-vote = true (default)
2022-06-29 11:33:01,419 INFO  impl.RoleInfo (RoleInfo.java:updateAndGet(139)) - s2: start s2@group-54B4F2458EED-LeaderElection235
2022-06-29 11:33:01,420 INFO  impl.LeaderElection (LeaderElection.java:askForVotes(310)) - s2@group-54B4F2458EED-LeaderElection235 PRE_VOTE round 0: submit vote requests at term 3 for 28: [s0|rpc:localhost:46515|admin:localhost:40757|client:localhost:41939|dataStream:localhost:35593|priority:0, s1|rpc:localhost:34095|admin:localhost:43151|client:localhost:36051|dataStream:localhost:38995|priority:0, s2|rpc:localhost:40453|admin:localhost:33947|client:localhost:38503|dataStream:localhost:42009|priority:0], old=null
2022-06-29 11:33:01,423 INFO  server.RaftServer$Division (RaftServerImpl.java:requestVote(1152)) - s0@group-54B4F2458EED: receive requestVote(PRE_VOTE, s2, group-54B4F2458EED, 3, (t:3, i:31))
2022-06-29 11:33:01,423 WARN  server.GrpcServerProtocolService (LogUtils.java:warn(122)) - s0: Failed requestVote s2->s0#0: org.apache.ratis.protocol.exceptions.ServerNotReadyException: s0@group-54B4F2458EED is not in [RUNNING]: current state is CLOSED
2022-06-29 11:33:01,425 INFO  server.RaftServer$Division (RaftServerImpl.java:requestVote(1152)) - s1@group-54B4F2458EED: receive requestVote(PRE_VOTE, s2, group-54B4F2458EED, 3, (t:3, i:31))
2022-06-29 11:33:01,425 WARN  server.GrpcServerProtocolService (LogUtils.java:warn(122)) - s1: Failed requestVote s2->s1#0: org.apache.ratis.protocol.exceptions.ServerNotReadyException: s1@group-54B4F2458EED is not in [RUNNING]: current state is CLOSED
2022-06-29 11:33:01,426 INFO  impl.LeaderElection (LogUtils.java:infoOrTrace(137)) - s2@group-54B4F2458EED-LeaderElection235 got exception when requesting votes: java.util.concurrent.ExecutionException: org.apache.ratis.thirdparty.io.grpc.StatusRuntimeException: INTERNAL: s0@group-54B4F2458EED is not in [RUNNING]: current state is CLOSED
2022-06-29 11:33:01,426 INFO  impl.LeaderElection (LogUtils.java:infoOrTrace(137)) - s2@group-54B4F2458EED-LeaderElection235 got exception when requesting votes: java.util.concurrent.ExecutionException: org.apache.ratis.thirdparty.io.grpc.StatusRuntimeException: INTERNAL: s1@group-54B4F2458EED is not in [RUNNING]: current state is CLOSED
2022-06-29 11:33:01,426 INFO  impl.LeaderElection (LeaderElection.java:logAndReturn(90)) - s2@group-54B4F2458EED-LeaderElection235: PRE_VOTE REJECTED received 0 response(s) and 2 exception(s):
2022-06-29 11:33:01,426 INFO  impl.LeaderElection (LogUtils.java:infoOrTrace(137)) -   Exception 0: java.util.concurrent.ExecutionException: org.apache.ratis.thirdparty.io.grpc.StatusRuntimeException: INTERNAL: s0@group-54B4F2458EED is not in [RUNNING]: current state is CLOSED
2022-06-29 11:33:01,427 INFO  impl.LeaderElection (LogUtils.java:infoOrTrace(137)) -   Exception 1: java.util.concurrent.ExecutionException: org.apache.ratis.thirdparty.io.grpc.StatusRuntimeException: INTERNAL: s1@group-54B4F2458EED is not in [RUNNING]: current state is CLOSED
2022-06-29 11:33:01,427 INFO  impl.LeaderElection (LeaderElection.java:askForVotes(312)) - s2@group-54B4F2458EED-LeaderElection235 PRE_VOTE round 0: result REJECTED
2022-06-29 11:33:01,427 INFO  server.RaftServer$Division (RaftServerImpl.java:setRole(299)) - s2@group-54B4F2458EED: changes role from CANDIDATE to FOLLOWER at term 3 for REJECTED
2022-06-29 11:33:01,427 INFO  impl.RoleInfo (RoleInfo.java:shutdownLeaderElection(130)) - s2: shutdown s2@group-54B4F2458EED-LeaderElection235
2022-06-29 11:33:01,427 INFO  impl.RoleInfo (RoleInfo.java:updateAndGet(139)) - s2: start s2@group-54B4F2458EED-FollowerState
2022-06-29 11:33:01,622 INFO  impl.FollowerState (FollowerState.java:run(143)) - s2@group-54B4F2458EED-FollowerState: change to CANDIDATE, lastRpcElapsedTime:194807431ns, electionTimeout:193ms
2022-06-29 11:33:01,622 INFO  impl.RoleInfo (RoleInfo.java:shutdownFollowerState(110)) - s2: shutdown s2@group-54B4F2458EED-FollowerState
2022-06-29 11:33:01,622 INFO  server.RaftServer$Division (RaftServerImpl.java:setRole(299)) - s2@group-54B4F2458EED: changes role from  FOLLOWER to CANDIDATE at term 3 for changeToCandidate
2022-06-29 11:33:01,622 INFO  server.RaftServerConfigKeys (ConfUtils.java:logGet(46)) - raft.server.leaderelection.pre-vote = true (default)
2022-06-29 11:33:01,622 INFO  impl.RoleInfo (RoleInfo.java:updateAndGet(139)) - s2: start s2@group-54B4F2458EED-LeaderElection236
2022-06-29 11:33:01,625 INFO  impl.LeaderElection (LeaderElection.java:askForVotes(310)) - s2@group-54B4F2458EED-LeaderElection236 PRE_VOTE round 0: submit vote requests at term 3 for 28: [s0|rpc:localhost:46515|admin:localhost:40757|client:localhost:41939|dataStream:localhost:35593|priority:0, s1|rpc:localhost:34095|admin:localhost:43151|client:localhost:36051|dataStream:localhost:38995|priority:0, s2|rpc:localhost:40453|admin:localhost:33947|client:localhost:38503|dataStream:localhost:42009|priority:0], old=null
2022-06-29 11:33:01,627 INFO  server.RaftServer$Division (RaftServerImpl.java:requestVote(1152)) - s0@group-54B4F2458EED: receive requestVote(PRE_VOTE, s2, group-54B4F2458EED, 3, (t:3, i:31))
2022-06-29 11:33:01,627 WARN  server.GrpcServerProtocolService (LogUtils.java:warn(122)) - s0: Failed requestVote s2->s0#0: org.apache.ratis.protocol.exceptions.ServerNotReadyException: s0@group-54B4F2458EED is not in [RUNNING]: current state is CLOSED
2022-06-29 11:33:01,631 INFO  server.RaftServer$Division (RaftServerImpl.java:requestVote(1152)) - s1@group-54B4F2458EED: receive requestVote(PRE_VOTE, s2, group-54B4F2458EED, 3, (t:3, i:31))
2022-06-29 11:33:01,631 WARN  server.GrpcServerProtocolService (LogUtils.java:warn(122)) - s1: Failed requestVote s2->s1#0: org.apache.ratis.protocol.exceptions.ServerNotReadyException: s1@group-54B4F2458EED is not in [RUNNING]: current state is CLOSED
2022-06-29 11:33:01,631 INFO  impl.LeaderElection (LogUtils.java:infoOrTrace(137)) - s2@group-54B4F2458EED-LeaderElection236 got exception when requesting votes: java.util.concurrent.ExecutionException: org.apache.ratis.thirdparty.io.grpc.StatusRuntimeException: INTERNAL: s0@group-54B4F2458EED is not in [RUNNING]: current state is CLOSED
2022-06-29 11:33:01,632 INFO  impl.LeaderElection (LogUtils.java:infoOrTrace(137)) - s2@group-54B4F2458EED-LeaderElection236 got exception when requesting votes: java.util.concurrent.ExecutionException: org.apache.ratis.thirdparty.io.grpc.StatusRuntimeException: INTERNAL: s1@group-54B4F2458EED is not in [RUNNING]: current state is CLOSED
2022-06-29 11:33:01,632 INFO  impl.LeaderElection (LeaderElection.java:logAndReturn(90)) - s2@group-54B4F2458EED-LeaderElection236: PRE_VOTE REJECTED received 0 response(s) and 2 exception(s):
2022-06-29 11:33:01,632 INFO  impl.LeaderElection (LogUtils.java:infoOrTrace(137)) -   Exception 0: java.util.concurrent.ExecutionException: org.apache.ratis.thirdparty.io.grpc.StatusRuntimeException: INTERNAL: s0@group-54B4F2458EED is not in [RUNNING]: current state is CLOSED
2022-06-29 11:33:01,632 INFO  impl.LeaderElection (LogUtils.java:infoOrTrace(137)) -   Exception 1: java.util.concurrent.ExecutionException: org.apache.ratis.thirdparty.io.grpc.StatusRuntimeException: INTERNAL: s1@group-54B4F2458EED is not in [RUNNING]: current state is CLOSED
2022-06-29 11:33:01,634 INFO  impl.LeaderElection (LeaderElection.java:askForVotes(312)) - s2@group-54B4F2458EED-LeaderElection236 PRE_VOTE round 0: result REJECTED
2022-06-29 11:33:01,634 INFO  server.RaftServer$Division (RaftServerImpl.java:setRole(299)) - s2@group-54B4F2458EED: changes role from CANDIDATE to FOLLOWER at term 3 for REJECTED
2022-06-29 11:33:01,634 INFO  impl.RoleInfo (RoleInfo.java:shutdownLeaderElection(130)) - s2: shutdown s2@group-54B4F2458EED-LeaderElection236
2022-06-29 11:33:01,635 INFO  impl.RoleInfo (RoleInfo.java:updateAndGet(139)) - s2: start s2@group-54B4F2458EED-FollowerState
2022-06-29 11:33:01,789 INFO  impl.FollowerState (FollowerState.java:run(143)) - s2@group-54B4F2458EED-FollowerState: change to CANDIDATE, lastRpcElapsedTime:153950401ns, electionTimeout:152ms
2022-06-29 11:33:01,789 INFO  impl.RoleInfo (RoleInfo.java:shutdownFollowerState(110)) - s2: shutdown s2@group-54B4F2458EED-FollowerState
2022-06-29 11:33:01,789 INFO  server.RaftServer$Division (RaftServerImpl.java:setRole(299)) - s2@group-54B4F2458EED: changes role from  FOLLOWER to CANDIDATE at term 3 for changeToCandidate
2022-06-29 11:33:01,789 INFO  server.RaftServerConfigKeys (ConfUtils.java:logGet(46)) - raft.server.leaderelection.pre-vote = true (default)
2022-06-29 11:33:01,790 INFO  impl.RoleInfo (RoleInfo.java:updateAndGet(139)) - s2: start s2@group-54B4F2458EED-LeaderElection237
2022-06-29 11:33:01,793 INFO  impl.LeaderElection (LeaderElection.java:askForVotes(310)) - s2@group-54B4F2458EED-LeaderElection237 PRE_VOTE round 0: submit vote requests at term 3 for 28: [s0|rpc:localhost:46515|admin:localhost:40757|client:localhost:41939|dataStream:localhost:35593|priority:0, s1|rpc:localhost:34095|admin:localhost:43151|client:localhost:36051|dataStream:localhost:38995|priority:0, s2|rpc:localhost:40453|admin:localhost:33947|client:localhost:38503|dataStream:localhost:42009|priority:0], old=null
2022-06-29 11:33:01,797 INFO  server.RaftServer$Division (RaftServerImpl.java:requestVote(1152)) - s0@group-54B4F2458EED: receive requestVote(PRE_VOTE, s2, group-54B4F2458EED, 3, (t:3, i:31))
2022-06-29 11:33:01,797 WARN  server.GrpcServerProtocolService (LogUtils.java:warn(122)) - s0: Failed requestVote s2->s0#0: org.apache.ratis.protocol.exceptions.ServerNotReadyException: s0@group-54B4F2458EED is not in [RUNNING]: current state is CLOSED
2022-06-29 11:33:01,798 INFO  impl.LeaderElection (LogUtils.java:infoOrTrace(137)) - s2@group-54B4F2458EED-LeaderElection237 got exception when requesting votes: java.util.concurrent.ExecutionException: org.apache.ratis.thirdparty.io.grpc.StatusRuntimeException: INTERNAL: s0@group-54B4F2458EED is not in [RUNNING]: current state is CLOSED
2022-06-29 11:33:01,799 INFO  server.RaftServer$Division (RaftServerImpl.java:requestVote(1152)) - s1@group-54B4F2458EED: receive requestVote(PRE_VOTE, s2, group-54B4F2458EED, 3, (t:3, i:31))
2022-06-29 11:33:01,799 WARN  server.GrpcServerProtocolService (LogUtils.java:warn(122)) - s1: Failed requestVote s2->s1#0: org.apache.ratis.protocol.exceptions.ServerNotReadyException: s1@group-54B4F2458EED is not in [RUNNING]: current state is CLOSED
2022-06-29 11:33:01,800 INFO  impl.LeaderElection (LogUtils.java:infoOrTrace(137)) - s2@group-54B4F2458EED-LeaderElection237 got exception when requesting votes: java.util.concurrent.ExecutionException: org.apache.ratis.thirdparty.io.grpc.StatusRuntimeException: INTERNAL: s1@group-54B4F2458EED is not in [RUNNING]: current state is CLOSED
2022-06-29 11:33:01,801 INFO  impl.LeaderElection (LeaderElection.java:logAndReturn(90)) - s2@group-54B4F2458EED-LeaderElection237: PRE_VOTE REJECTED received 0 response(s) and 2 exception(s):
2022-06-29 11:33:01,801 INFO  impl.LeaderElection (LogUtils.java:infoOrTrace(137)) -   Exception 0: java.util.concurrent.ExecutionException: org.apache.ratis.thirdparty.io.grpc.StatusRuntimeException: INTERNAL: s0@group-54B4F2458EED is not in [RUNNING]: current state is CLOSED
2022-06-29 11:33:01,801 INFO  impl.LeaderElection (LogUtils.java:infoOrTrace(137)) -   Exception 1: java.util.concurrent.ExecutionException: org.apache.ratis.thirdparty.io.grpc.StatusRuntimeException: INTERNAL: s1@group-54B4F2458EED is not in [RUNNING]: current state is CLOSED
2022-06-29 11:33:01,802 INFO  impl.LeaderElection (LeaderElection.java:askForVotes(312)) - s2@group-54B4F2458EED-LeaderElection237 PRE_VOTE round 0: result REJECTED
2022-06-29 11:33:01,802 INFO  server.RaftServer$Division (RaftServerImpl.java:setRole(299)) - s2@group-54B4F2458EED: changes role from CANDIDATE to FOLLOWER at term 3 for REJECTED
2022-06-29 11:33:01,802 INFO  impl.RoleInfo (RoleInfo.java:shutdownLeaderElection(130)) - s2: shutdown s2@group-54B4F2458EED-LeaderElection237
2022-06-29 11:33:01,804 INFO  impl.RoleInfo (RoleInfo.java:updateAndGet(139)) - s2: start s2@group-54B4F2458EED-FollowerState
2022-06-29 11:33:01,997 INFO  impl.FollowerState (FollowerState.java:run(143)) - s2@group-54B4F2458EED-FollowerState: change to CANDIDATE, lastRpcElapsedTime:193058009ns, electionTimeout:191ms
2022-06-29 11:33:01,997 INFO  impl.RoleInfo (RoleInfo.java:shutdownFollowerState(110)) - s2: shutdown s2@group-54B4F2458EED-FollowerState
2022-06-29 11:33:01,997 INFO  server.RaftServer$Division (RaftServerImpl.java:setRole(299)) - s2@group-54B4F2458EED: changes role from  FOLLOWER to CANDIDATE at term 3 for changeToCandidate
2022-06-29 11:33:01,998 INFO  server.RaftServerConfigKeys (ConfUtils.java:logGet(46)) - raft.server.leaderelection.pre-vote = true (default)
2022-06-29 11:33:01,998 INFO  impl.RoleInfo (RoleInfo.java:updateAndGet(139)) - s2: start s2@group-54B4F2458EED-LeaderElection238
2022-06-29 11:33:02,003 INFO  impl.LeaderElection (LeaderElection.java:askForVotes(310)) - s2@group-54B4F2458EED-LeaderElection238 PRE_VOTE round 0: submit vote requests at term 3 for 28: [s0|rpc:localhost:46515|admin:localhost:40757|client:localhost:41939|dataStream:localhost:35593|priority:0, s1|rpc:localhost:34095|admin:localhost:43151|client:localhost:36051|dataStream:localhost:38995|priority:0, s2|rpc:localhost:40453|admin:localhost:33947|client:localhost:38503|dataStream:localhost:42009|priority:0], old=null
2022-06-29 11:33:02,008 INFO  server.RaftServer$Division (RaftServerImpl.java:requestVote(1152)) - s0@group-54B4F2458EED: receive requestVote(PRE_VOTE, s2, group-54B4F2458EED, 3, (t:3, i:31))
2022-06-29 11:33:02,008 WARN  server.GrpcServerProtocolService (LogUtils.java:warn(122)) - s0: Failed requestVote s2->s0#0: org.apache.ratis.protocol.exceptions.ServerNotReadyException: s0@group-54B4F2458EED is not in [RUNNING]: current state is CLOSED
2022-06-29 11:33:02,008 INFO  server.RaftServer$Division (RaftServerImpl.java:requestVote(1152)) - s1@group-54B4F2458EED: receive requestVote(PRE_VOTE, s2, group-54B4F2458EED, 3, (t:3, i:31))
2022-06-29 11:33:02,008 WARN  server.GrpcServerProtocolService (LogUtils.java:warn(122)) - s1: Failed requestVote s2->s1#0: org.apache.ratis.protocol.exceptions.ServerNotReadyException: s1@group-54B4F2458EED is not in [RUNNING]: current state is CLOSED
2022-06-29 11:33:02,009 INFO  impl.LeaderElection (LogUtils.java:infoOrTrace(137)) - s2@group-54B4F2458EED-LeaderElection238 got exception when requesting votes: java.util.concurrent.ExecutionException: org.apache.ratis.thirdparty.io.grpc.StatusRuntimeException: INTERNAL: s0@group-54B4F2458EED is not in [RUNNING]: current state is CLOSED
2022-06-29 11:33:02,011 INFO  impl.LeaderElection (LogUtils.java:infoOrTrace(137)) - s2@group-54B4F2458EED-LeaderElection238 got exception when requesting votes: java.util.concurrent.ExecutionException: org.apache.ratis.thirdparty.io.grpc.StatusRuntimeException: INTERNAL: s1@group-54B4F2458EED is not in [RUNNING]: current state is CLOSED
2022-06-29 11:33:02,011 INFO  impl.LeaderElection (LeaderElection.java:logAndReturn(90)) - s2@group-54B4F2458EED-LeaderElection238: PRE_VOTE REJECTED received 0 response(s) and 2 exception(s):
2022-06-29 11:33:02,011 INFO  impl.LeaderElection (LogUtils.java:infoOrTrace(137)) -   Exception 0: java.util.concurrent.ExecutionException: org.apache.ratis.thirdparty.io.grpc.StatusRuntimeException: INTERNAL: s0@group-54B4F2458EED is not in [RUNNING]: current state is CLOSED
2022-06-29 11:33:02,011 INFO  impl.LeaderElection (LogUtils.java:infoOrTrace(137)) -   Exception 1: java.util.concurrent.ExecutionException: org.apache.ratis.thirdparty.io.grpc.StatusRuntimeException: INTERNAL: s1@group-54B4F2458EED is not in [RUNNING]: current state is CLOSED
2022-06-29 11:33:02,011 INFO  impl.LeaderElection (LeaderElection.java:askForVotes(312)) - s2@group-54B4F2458EED-LeaderElection238 PRE_VOTE round 0: result REJECTED
2022-06-29 11:33:02,011 INFO  server.RaftServer$Division (RaftServerImpl.java:setRole(299)) - s2@group-54B4F2458EED: changes role from CANDIDATE to FOLLOWER at term 3 for REJECTED
2022-06-29 11:33:02,011 INFO  impl.RoleInfo (RoleInfo.java:shutdownLeaderElection(130)) - s2: shutdown s2@group-54B4F2458EED-LeaderElection238
2022-06-29 11:33:02,011 INFO  impl.RoleInfo (RoleInfo.java:updateAndGet(139)) - s2: start s2@group-54B4F2458EED-FollowerState
2022-06-29 11:33:02,209 INFO  impl.FollowerState (FollowerState.java:run(143)) - s2@group-54B4F2458EED-FollowerState: change to CANDIDATE, lastRpcElapsedTime:197633961ns, electionTimeout:197ms
2022-06-29 11:33:02,209 INFO  impl.RoleInfo (RoleInfo.java:shutdownFollowerState(110)) - s2: shutdown s2@group-54B4F2458EED-FollowerState
2022-06-29 11:33:02,209 INFO  server.RaftServer$Division (RaftServerImpl.java:setRole(299)) - s2@group-54B4F2458EED: changes role from  FOLLOWER to CANDIDATE at term 3 for changeToCandidate
2022-06-29 11:33:02,210 INFO  server.RaftServerConfigKeys (ConfUtils.java:logGet(46)) - raft.server.leaderelection.pre-vote = true (default)
2022-06-29 11:33:02,210 INFO  impl.RoleInfo (RoleInfo.java:updateAndGet(139)) - s2: start s2@group-54B4F2458EED-LeaderElection239
2022-06-29 11:33:02,214 INFO  impl.LeaderElection (LeaderElection.java:askForVotes(310)) - s2@group-54B4F2458EED-LeaderElection239 PRE_VOTE round 0: submit vote requests at term 3 for 28: [s0|rpc:localhost:46515|admin:localhost:40757|client:localhost:41939|dataStream:localhost:35593|priority:0, s1|rpc:localhost:34095|admin:localhost:43151|client:localhost:36051|dataStream:localhost:38995|priority:0, s2|rpc:localhost:40453|admin:localhost:33947|client:localhost:38503|dataStream:localhost:42009|priority:0], old=null
2022-06-29 11:33:02,219 INFO  server.RaftServer$Division (RaftServerImpl.java:requestVote(1152)) - s0@group-54B4F2458EED: receive requestVote(PRE_VOTE, s2, group-54B4F2458EED, 3, (t:3, i:31))
2022-06-29 11:33:02,220 WARN  server.GrpcServerProtocolService (LogUtils.java:warn(122)) - s0: Failed requestVote s2->s0#0: org.apache.ratis.protocol.exceptions.ServerNotReadyException: s0@group-54B4F2458EED is not in [RUNNING]: current state is CLOSED
2022-06-29 11:33:02,220 INFO  server.RaftServer$Division (RaftServerImpl.java:requestVote(1152)) - s1@group-54B4F2458EED: receive requestVote(PRE_VOTE, s2, group-54B4F2458EED, 3, (t:3, i:31))
2022-06-29 11:33:02,220 WARN  server.GrpcServerProtocolService (LogUtils.java:warn(122)) - s1: Failed requestVote s2->s1#0: org.apache.ratis.protocol.exceptions.ServerNotReadyException: s1@group-54B4F2458EED is not in [RUNNING]: current state is CLOSED
2022-06-29 11:33:02,222 INFO  impl.LeaderElection (LogUtils.java:infoOrTrace(137)) - s2@group-54B4F2458EED-LeaderElection239 got exception when requesting votes: java.util.concurrent.ExecutionException: org.apache.ratis.thirdparty.io.grpc.StatusRuntimeException: INTERNAL: s0@group-54B4F2458EED is not in [RUNNING]: current state is CLOSED
2022-06-29 11:33:02,222 INFO  impl.LeaderElection (LogUtils.java:infoOrTrace(137)) - s2@group-54B4F2458EED-LeaderElection239 got exception when requesting votes: java.util.concurrent.ExecutionException: org.apache.ratis.thirdparty.io.grpc.StatusRuntimeException: INTERNAL: s1@group-54B4F2458EED is not in [RUNNING]: current state is CLOSED
2022-06-29 11:33:02,222 INFO  impl.LeaderElection (LeaderElection.java:logAndReturn(90)) - s2@group-54B4F2458EED-LeaderElection239: PRE_VOTE REJECTED received 0 response(s) and 2 exception(s):
2022-06-29 11:33:02,222 INFO  impl.LeaderElection (LogUtils.java:infoOrTrace(137)) -   Exception 0: java.util.concurrent.ExecutionException: org.apache.ratis.thirdparty.io.grpc.StatusRuntimeException: INTERNAL: s0@group-54B4F2458EED is not in [RUNNING]: current state is CLOSED
2022-06-29 11:33:02,222 INFO  impl.LeaderElection (LogUtils.java:infoOrTrace(137)) -   Exception 1: java.util.concurrent.ExecutionException: org.apache.ratis.thirdparty.io.grpc.StatusRuntimeException: INTERNAL: s1@group-54B4F2458EED is not in [RUNNING]: current state is CLOSED
2022-06-29 11:33:02,222 INFO  impl.LeaderElection (LeaderElection.java:askForVotes(312)) - s2@group-54B4F2458EED-LeaderElection239 PRE_VOTE round 0: result REJECTED
2022-06-29 11:33:02,222 INFO  server.RaftServer$Division (RaftServerImpl.java:setRole(299)) - s2@group-54B4F2458EED: changes role from CANDIDATE to FOLLOWER at term 3 for REJECTED
2022-06-29 11:33:02,222 INFO  impl.RoleInfo (RoleInfo.java:shutdownLeaderElection(130)) - s2: shutdown s2@group-54B4F2458EED-LeaderElection239
2022-06-29 11:33:02,222 INFO  impl.RoleInfo (RoleInfo.java:updateAndGet(139)) - s2: start s2@group-54B4F2458EED-FollowerState
2022-06-29 11:33:02,427 INFO  impl.FollowerState (FollowerState.java:run(143)) - s2@group-54B4F2458EED-FollowerState: change to CANDIDATE, lastRpcElapsedTime:205198760ns, electionTimeout:204ms
2022-06-29 11:33:02,428 INFO  impl.RoleInfo (RoleInfo.java:shutdownFollowerState(110)) - s2: shutdown s2@group-54B4F2458EED-FollowerState
2022-06-29 11:33:02,428 INFO  server.RaftServer$Division (RaftServerImpl.java:setRole(299)) - s2@group-54B4F2458EED: changes role from  FOLLOWER to CANDIDATE at term 3 for changeToCandidate
2022-06-29 11:33:02,428 INFO  server.RaftServerConfigKeys (ConfUtils.java:logGet(46)) - raft.server.leaderelection.pre-vote = true (default)
2022-06-29 11:33:02,428 INFO  impl.RoleInfo (RoleInfo.java:updateAndGet(139)) - s2: start s2@group-54B4F2458EED-LeaderElection240
2022-06-29 11:33:02,429 INFO  impl.LeaderElection (LeaderElection.java:askForVotes(310)) - s2@group-54B4F2458EED-LeaderElection240 PRE_VOTE round 0: submit vote requests at term 3 for 28: [s0|rpc:localhost:46515|admin:localhost:40757|client:localhost:41939|dataStream:localhost:35593|priority:0, s1|rpc:localhost:34095|admin:localhost:43151|client:localhost:36051|dataStream:localhost:38995|priority:0, s2|rpc:localhost:40453|admin:localhost:33947|client:localhost:38503|dataStream:localhost:42009|priority:0], old=null
2022-06-29 11:33:02,434 INFO  server.RaftServer$Division (RaftServerImpl.java:requestVote(1152)) - s0@group-54B4F2458EED: receive requestVote(PRE_VOTE, s2, group-54B4F2458EED, 3, (t:3, i:31))
2022-06-29 11:33:02,434 WARN  server.GrpcServerProtocolService (LogUtils.java:warn(122)) - s0: Failed requestVote s2->s0#0: org.apache.ratis.protocol.exceptions.ServerNotReadyException: s0@group-54B4F2458EED is not in [RUNNING]: current state is CLOSED
2022-06-29 11:33:02,435 INFO  server.RaftServer$Division (RaftServerImpl.java:requestVote(1152)) - s1@group-54B4F2458EED: receive requestVote(PRE_VOTE, s2, group-54B4F2458EED, 3, (t:3, i:31))
2022-06-29 11:33:02,435 WARN  server.GrpcServerProtocolService (LogUtils.java:warn(122)) - s1: Failed requestVote s2->s1#0: org.apache.ratis.protocol.exceptions.ServerNotReadyException: s1@group-54B4F2458EED is not in [RUNNING]: current state is CLOSED
2022-06-29 11:33:02,435 INFO  impl.LeaderElection (LogUtils.java:infoOrTrace(137)) - s2@group-54B4F2458EED-LeaderElection240 got exception when requesting votes: java.util.concurrent.ExecutionException: org.apache.ratis.thirdparty.io.grpc.StatusRuntimeException: INTERNAL: s0@group-54B4F2458EED is not in [RUNNING]: current state is CLOSED
2022-06-29 11:33:02,436 INFO  impl.LeaderElection (LogUtils.java:infoOrTrace(137)) - s2@group-54B4F2458EED-LeaderElection240 got exception when requesting votes: java.util.concurrent.ExecutionException: org.apache.ratis.thirdparty.io.grpc.StatusRuntimeException: INTERNAL: s1@group-54B4F2458EED is not in [RUNNING]: current state is CLOSED
2022-06-29 11:33:02,436 INFO  impl.LeaderElection (LeaderElection.java:logAndReturn(90)) - s2@group-54B4F2458EED-LeaderElection240: PRE_VOTE REJECTED received 0 response(s) and 2 exception(s):
2022-06-29 11:33:02,436 INFO  impl.LeaderElection (LogUtils.java:infoOrTrace(137)) -   Exception 0: java.util.concurrent.ExecutionException: org.apache.ratis.thirdparty.io.grpc.StatusRuntimeException: INTERNAL: s0@group-54B4F2458EED is not in [RUNNING]: current state is CLOSED
2022-06-29 11:33:02,436 INFO  impl.LeaderElection (LogUtils.java:infoOrTrace(137)) -   Exception 1: java.util.concurrent.ExecutionException: org.apache.ratis.thirdparty.io.grpc.StatusRuntimeException: INTERNAL: s1@group-54B4F2458EED is not in [RUNNING]: current state is CLOSED
2022-06-29 11:33:02,437 INFO  impl.LeaderElection (LeaderElection.java:askForVotes(312)) - s2@group-54B4F2458EED-LeaderElection240 PRE_VOTE round 0: result REJECTED
2022-06-29 11:33:02,437 INFO  server.RaftServer$Division (RaftServerImpl.java:setRole(299)) - s2@group-54B4F2458EED: changes role from CANDIDATE to FOLLOWER at term 3 for REJECTED
2022-06-29 11:33:02,437 INFO  impl.RoleInfo (RoleInfo.java:shutdownLeaderElection(130)) - s2: shutdown s2@group-54B4F2458EED-LeaderElection240
2022-06-29 11:33:02,437 INFO  impl.RoleInfo (RoleInfo.java:updateAndGet(139)) - s2: start s2@group-54B4F2458EED-FollowerState
2022-06-29 11:33:02,641 INFO  impl.FollowerState (FollowerState.java:run(143)) - s2@group-54B4F2458EED-FollowerState: change to CANDIDATE, lastRpcElapsedTime:204425950ns, electionTimeout:203ms
2022-06-29 11:33:02,642 INFO  impl.RoleInfo (RoleInfo.java:shutdownFollowerState(110)) - s2: shutdown s2@group-54B4F2458EED-FollowerState
2022-06-29 11:33:02,642 INFO  server.RaftServer$Division (RaftServerImpl.java:setRole(299)) - s2@group-54B4F2458EED: changes role from  FOLLOWER to CANDIDATE at term 3 for changeToCandidate
2022-06-29 11:33:02,642 INFO  server.RaftServerConfigKeys (ConfUtils.java:logGet(46)) - raft.server.leaderelection.pre-vote = true (default)
2022-06-29 11:33:02,642 INFO  impl.RoleInfo (RoleInfo.java:updateAndGet(139)) - s2: start s2@group-54B4F2458EED-LeaderElection241
2022-06-29 11:33:02,646 INFO  impl.LeaderElection (LeaderElection.java:askForVotes(310)) - s2@group-54B4F2458EED-LeaderElection241 PRE_VOTE round 0: submit vote requests at term 3 for 28: [s0|rpc:localhost:46515|admin:localhost:40757|client:localhost:41939|dataStream:localhost:35593|priority:0, s1|rpc:localhost:34095|admin:localhost:43151|client:localhost:36051|dataStream:localhost:38995|priority:0, s2|rpc:localhost:40453|admin:localhost:33947|client:localhost:38503|dataStream:localhost:42009|priority:0], old=null
2022-06-29 11:33:02,648 INFO  server.RaftServer$Division (RaftServerImpl.java:requestVote(1152)) - s0@group-54B4F2458EED: receive requestVote(PRE_VOTE, s2, group-54B4F2458EED, 3, (t:3, i:31))
2022-06-29 11:33:02,648 WARN  server.GrpcServerProtocolService (LogUtils.java:warn(122)) - s0: Failed requestVote s2->s0#0: org.apache.ratis.protocol.exceptions.ServerNotReadyException: s0@group-54B4F2458EED is not in [RUNNING]: current state is CLOSED
2022-06-29 11:33:02,649 INFO  impl.LeaderElection (LogUtils.java:infoOrTrace(137)) - s2@group-54B4F2458EED-LeaderElection241 got exception when requesting votes: java.util.concurrent.ExecutionException: org.apache.ratis.thirdparty.io.grpc.StatusRuntimeException: INTERNAL: s0@group-54B4F2458EED is not in [RUNNING]: current state is CLOSED
2022-06-29 11:33:02,650 INFO  server.RaftServer$Division (RaftServerImpl.java:requestVote(1152)) - s1@group-54B4F2458EED: receive requestVote(PRE_VOTE, s2, group-54B4F2458EED, 3, (t:3, i:31))
2022-06-29 11:33:02,650 WARN  server.GrpcServerProtocolService (LogUtils.java:warn(122)) - s1: Failed requestVote s2->s1#0: org.apache.ratis.protocol.exceptions.ServerNotReadyException: s1@group-54B4F2458EED is not in [RUNNING]: current state is CLOSED
2022-06-29 11:33:02,652 INFO  impl.LeaderElection (LogUtils.java:infoOrTrace(137)) - s2@group-54B4F2458EED-LeaderElection241 got exception when requesting votes: java.util.concurrent.ExecutionException: org.apache.ratis.thirdparty.io.grpc.StatusRuntimeException: INTERNAL: s1@group-54B4F2458EED is not in [RUNNING]: current state is CLOSED
2022-06-29 11:33:02,652 INFO  impl.LeaderElection (LeaderElection.java:logAndReturn(90)) - s2@group-54B4F2458EED-LeaderElection241: PRE_VOTE REJECTED received 0 response(s) and 2 exception(s):
2022-06-29 11:33:02,652 INFO  impl.LeaderElection (LogUtils.java:infoOrTrace(137)) -   Exception 0: java.util.concurrent.ExecutionException: org.apache.ratis.thirdparty.io.grpc.StatusRuntimeException: INTERNAL: s0@group-54B4F2458EED is not in [RUNNING]: current state is CLOSED
2022-06-29 11:33:02,652 INFO  impl.LeaderElection (LogUtils.java:infoOrTrace(137)) -   Exception 1: java.util.concurrent.ExecutionException: org.apache.ratis.thirdparty.io.grpc.StatusRuntimeException: INTERNAL: s1@group-54B4F2458EED is not in [RUNNING]: current state is CLOSED
2022-06-29 11:33:02,652 INFO  impl.LeaderElection (LeaderElection.java:askForVotes(312)) - s2@group-54B4F2458EED-LeaderElection241 PRE_VOTE round 0: result REJECTED
2022-06-29 11:33:02,652 INFO  server.RaftServer$Division (RaftServerImpl.java:setRole(299)) - s2@group-54B4F2458EED: changes role from CANDIDATE to FOLLOWER at term 3 for REJECTED
2022-06-29 11:33:02,652 INFO  impl.RoleInfo (RoleInfo.java:shutdownLeaderElection(130)) - s2: shutdown s2@group-54B4F2458EED-LeaderElection241
2022-06-29 11:33:02,652 INFO  impl.RoleInfo (RoleInfo.java:updateAndGet(139)) - s2: start s2@group-54B4F2458EED-FollowerState
2022-06-29 11:33:02,863 INFO  impl.FollowerState (FollowerState.java:run(143)) - s2@group-54B4F2458EED-FollowerState: change to CANDIDATE, lastRpcElapsedTime:210727631ns, electionTimeout:209ms
2022-06-29 11:33:02,863 INFO  impl.RoleInfo (RoleInfo.java:shutdownFollowerState(110)) - s2: shutdown s2@group-54B4F2458EED-FollowerState
2022-06-29 11:33:02,863 INFO  server.RaftServer$Division (RaftServerImpl.java:setRole(299)) - s2@group-54B4F2458EED: changes role from  FOLLOWER to CANDIDATE at term 3 for changeToCandidate
2022-06-29 11:33:02,863 INFO  server.RaftServerConfigKeys (ConfUtils.java:logGet(46)) - raft.server.leaderelection.pre-vote = true (default)
2022-06-29 11:33:02,863 INFO  impl.RoleInfo (RoleInfo.java:updateAndGet(139)) - s2: start s2@group-54B4F2458EED-LeaderElection242
2022-06-29 11:33:02,865 INFO  impl.LeaderElection (LeaderElection.java:askForVotes(310)) - s2@group-54B4F2458EED-LeaderElection242 PRE_VOTE round 0: submit vote requests at term 3 for 28: [s0|rpc:localhost:46515|admin:localhost:40757|client:localhost:41939|dataStream:localhost:35593|priority:0, s1|rpc:localhost:34095|admin:localhost:43151|client:localhost:36051|dataStream:localhost:38995|priority:0, s2|rpc:localhost:40453|admin:localhost:33947|client:localhost:38503|dataStream:localhost:42009|priority:0], old=null
2022-06-29 11:33:02,867 INFO  server.RaftServer$Division (RaftServerImpl.java:requestVote(1152)) - s0@group-54B4F2458EED: receive requestVote(PRE_VOTE, s2, group-54B4F2458EED, 3, (t:3, i:31))
2022-06-29 11:33:02,867 WARN  server.GrpcServerProtocolService (LogUtils.java:warn(122)) - s0: Failed requestVote s2->s0#0: org.apache.ratis.protocol.exceptions.ServerNotReadyException: s0@group-54B4F2458EED is not in [RUNNING]: current state is CLOSED
2022-06-29 11:33:02,868 INFO  server.RaftServer$Division (RaftServerImpl.java:requestVote(1152)) - s1@group-54B4F2458EED: receive requestVote(PRE_VOTE, s2, group-54B4F2458EED, 3, (t:3, i:31))
2022-06-29 11:33:02,868 WARN  server.GrpcServerProtocolService (LogUtils.java:warn(122)) - s1: Failed requestVote s2->s1#0: org.apache.ratis.protocol.exceptions.ServerNotReadyException: s1@group-54B4F2458EED is not in [RUNNING]: current state is CLOSED
2022-06-29 11:33:02,870 INFO  impl.LeaderElection (LogUtils.java:infoOrTrace(137)) - s2@group-54B4F2458EED-LeaderElection242 got exception when requesting votes: java.util.concurrent.ExecutionException: org.apache.ratis.thirdparty.io.grpc.StatusRuntimeException: INTERNAL: s1@group-54B4F2458EED is not in [RUNNING]: current state is CLOSED
2022-06-29 11:33:02,870 INFO  impl.LeaderElection (LogUtils.java:infoOrTrace(137)) - s2@group-54B4F2458EED-LeaderElection242 got exception when requesting votes: java.util.concurrent.ExecutionException: org.apache.ratis.thirdparty.io.grpc.StatusRuntimeException: INTERNAL: s0@group-54B4F2458EED is not in [RUNNING]: current state is CLOSED
2022-06-29 11:33:02,870 INFO  impl.LeaderElection (LeaderElection.java:logAndReturn(90)) - s2@group-54B4F2458EED-LeaderElection242: PRE_VOTE REJECTED received 0 response(s) and 2 exception(s):
2022-06-29 11:33:02,870 INFO  impl.LeaderElection (LogUtils.java:infoOrTrace(137)) -   Exception 0: java.util.concurrent.ExecutionException: org.apache.ratis.thirdparty.io.grpc.StatusRuntimeException: INTERNAL: s1@group-54B4F2458EED is not in [RUNNING]: current state is CLOSED
2022-06-29 11:33:02,870 INFO  impl.LeaderElection (LogUtils.java:infoOrTrace(137)) -   Exception 1: java.util.concurrent.ExecutionException: org.apache.ratis.thirdparty.io.grpc.StatusRuntimeException: INTERNAL: s0@group-54B4F2458EED is not in [RUNNING]: current state is CLOSED
2022-06-29 11:33:02,872 INFO  impl.LeaderElection (LeaderElection.java:askForVotes(312)) - s2@group-54B4F2458EED-LeaderElection242 PRE_VOTE round 0: result REJECTED
2022-06-29 11:33:02,872 INFO  server.RaftServer$Division (RaftServerImpl.java:setRole(299)) - s2@group-54B4F2458EED: changes role from CANDIDATE to FOLLOWER at term 3 for REJECTED
2022-06-29 11:33:02,872 INFO  impl.RoleInfo (RoleInfo.java:shutdownLeaderElection(130)) - s2: shutdown s2@group-54B4F2458EED-LeaderElection242
2022-06-29 11:33:02,872 INFO  impl.RoleInfo (RoleInfo.java:updateAndGet(139)) - s2: start s2@group-54B4F2458EED-FollowerState
2022-06-29 11:33:03,114 INFO  impl.FollowerState (FollowerState.java:run(143)) - s2@group-54B4F2458EED-FollowerState: change to CANDIDATE, lastRpcElapsedTime:241558527ns, electionTimeout:241ms
2022-06-29 11:33:03,114 INFO  impl.RoleInfo (RoleInfo.java:shutdownFollowerState(110)) - s2: shutdown s2@group-54B4F2458EED-FollowerState
2022-06-29 11:33:03,114 INFO  server.RaftServer$Division (RaftServerImpl.java:setRole(299)) - s2@group-54B4F2458EED: changes role from  FOLLOWER to CANDIDATE at term 3 for changeToCandidate
2022-06-29 11:33:03,114 INFO  server.RaftServerConfigKeys (ConfUtils.java:logGet(46)) - raft.server.leaderelection.pre-vote = true (default)
2022-06-29 11:33:03,114 INFO  impl.RoleInfo (RoleInfo.java:updateAndGet(139)) - s2: start s2@group-54B4F2458EED-LeaderElection243
2022-06-29 11:33:03,116 INFO  impl.LeaderElection (LeaderElection.java:askForVotes(310)) - s2@group-54B4F2458EED-LeaderElection243 PRE_VOTE round 0: submit vote requests at term 3 for 28: [s0|rpc:localhost:46515|admin:localhost:40757|client:localhost:41939|dataStream:localhost:35593|priority:0, s1|rpc:localhost:34095|admin:localhost:43151|client:localhost:36051|dataStream:localhost:38995|priority:0, s2|rpc:localhost:40453|admin:localhost:33947|client:localhost:38503|dataStream:localhost:42009|priority:0], old=null
2022-06-29 11:33:03,124 INFO  server.RaftServer$Division (RaftServerImpl.java:requestVote(1152)) - s0@group-54B4F2458EED: receive requestVote(PRE_VOTE, s2, group-54B4F2458EED, 3, (t:3, i:31))
2022-06-29 11:33:03,124 WARN  server.GrpcServerProtocolService (LogUtils.java:warn(122)) - s0: Failed requestVote s2->s0#0: org.apache.ratis.protocol.exceptions.ServerNotReadyException: s0@group-54B4F2458EED is not in [RUNNING]: current state is CLOSED
2022-06-29 11:33:03,124 INFO  server.RaftServer$Division (RaftServerImpl.java:requestVote(1152)) - s1@group-54B4F2458EED: receive requestVote(PRE_VOTE, s2, group-54B4F2458EED, 3, (t:3, i:31))
2022-06-29 11:33:03,124 WARN  server.GrpcServerProtocolService (LogUtils.java:warn(122)) - s1: Failed requestVote s2->s1#0: org.apache.ratis.protocol.exceptions.ServerNotReadyException: s1@group-54B4F2458EED is not in [RUNNING]: current state is CLOSED
2022-06-29 11:33:03,125 INFO  impl.LeaderElection (LogUtils.java:infoOrTrace(137)) - s2@group-54B4F2458EED-LeaderElection243 got exception when requesting votes: java.util.concurrent.ExecutionException: org.apache.ratis.thirdparty.io.grpc.StatusRuntimeException: INTERNAL: s0@group-54B4F2458EED is not in [RUNNING]: current state is CLOSED
2022-06-29 11:33:03,125 INFO  impl.LeaderElection (LogUtils.java:infoOrTrace(137)) - s2@group-54B4F2458EED-LeaderElection243 got exception when requesting votes: java.util.concurrent.ExecutionException: org.apache.ratis.thirdparty.io.grpc.StatusRuntimeException: INTERNAL: s1@group-54B4F2458EED is not in [RUNNING]: current state is CLOSED
2022-06-29 11:33:03,125 INFO  impl.LeaderElection (LeaderElection.java:logAndReturn(90)) - s2@group-54B4F2458EED-LeaderElection243: PRE_VOTE REJECTED received 0 response(s) and 2 exception(s):
2022-06-29 11:33:03,125 INFO  impl.LeaderElection (LogUtils.java:infoOrTrace(137)) -   Exception 0: java.util.concurrent.ExecutionException: org.apache.ratis.thirdparty.io.grpc.StatusRuntimeException: INTERNAL: s0@group-54B4F2458EED is not in [RUNNING]: current state is CLOSED
2022-06-29 11:33:03,125 INFO  impl.LeaderElection (LogUtils.java:infoOrTrace(137)) -   Exception 1: java.util.concurrent.ExecutionException: org.apache.ratis.thirdparty.io.grpc.StatusRuntimeException: INTERNAL: s1@group-54B4F2458EED is not in [RUNNING]: current state is CLOSED
2022-06-29 11:33:03,125 INFO  impl.LeaderElection (LeaderElection.java:askForVotes(312)) - s2@group-54B4F2458EED-LeaderElection243 PRE_VOTE round 0: result REJECTED
2022-06-29 11:33:03,125 INFO  server.RaftServer$Division (RaftServerImpl.java:setRole(299)) - s2@group-54B4F2458EED: changes role from CANDIDATE to FOLLOWER at term 3 for REJECTED
2022-06-29 11:33:03,125 INFO  impl.RoleInfo (RoleInfo.java:shutdownLeaderElection(130)) - s2: shutdown s2@group-54B4F2458EED-LeaderElection243
2022-06-29 11:33:03,126 INFO  impl.RoleInfo (RoleInfo.java:updateAndGet(139)) - s2: start s2@group-54B4F2458EED-FollowerState
2022-06-29 11:33:03,393 INFO  impl.FollowerState (FollowerState.java:run(143)) - s2@group-54B4F2458EED-FollowerState: change to CANDIDATE, lastRpcElapsedTime:267297055ns, electionTimeout:262ms
2022-06-29 11:33:03,393 INFO  impl.RoleInfo (RoleInfo.java:shutdownFollowerState(110)) - s2: shutdown s2@group-54B4F2458EED-FollowerState
2022-06-29 11:33:03,393 INFO  server.RaftServer$Division (RaftServerImpl.java:setRole(299)) - s2@group-54B4F2458EED: changes role from  FOLLOWER to CANDIDATE at term 3 for changeToCandidate
2022-06-29 11:33:03,393 INFO  server.RaftServerConfigKeys (ConfUtils.java:logGet(46)) - raft.server.leaderelection.pre-vote = true (default)
2022-06-29 11:33:03,393 INFO  impl.RoleInfo (RoleInfo.java:updateAndGet(139)) - s2: start s2@group-54B4F2458EED-LeaderElection244
2022-06-29 11:33:03,394 INFO  impl.LeaderElection (LeaderElection.java:askForVotes(310)) - s2@group-54B4F2458EED-LeaderElection244 PRE_VOTE round 0: submit vote requests at term 3 for 28: [s0|rpc:localhost:46515|admin:localhost:40757|client:localhost:41939|dataStream:localhost:35593|priority:0, s1|rpc:localhost:34095|admin:localhost:43151|client:localhost:36051|dataStream:localhost:38995|priority:0, s2|rpc:localhost:40453|admin:localhost:33947|client:localhost:38503|dataStream:localhost:42009|priority:0], old=null
2022-06-29 11:33:03,398 INFO  server.RaftServer$Division (RaftServerImpl.java:requestVote(1152)) - s0@group-54B4F2458EED: receive requestVote(PRE_VOTE, s2, group-54B4F2458EED, 3, (t:3, i:31))
2022-06-29 11:33:03,398 WARN  server.GrpcServerProtocolService (LogUtils.java:warn(122)) - s0: Failed requestVote s2->s0#0: org.apache.ratis.protocol.exceptions.ServerNotReadyException: s0@group-54B4F2458EED is not in [RUNNING]: current state is CLOSED
2022-06-29 11:33:03,399 INFO  server.RaftServer$Division (RaftServerImpl.java:requestVote(1152)) - s1@group-54B4F2458EED: receive requestVote(PRE_VOTE, s2, group-54B4F2458EED, 3, (t:3, i:31))
2022-06-29 11:33:03,399 WARN  server.GrpcServerProtocolService (LogUtils.java:warn(122)) - s1: Failed requestVote s2->s1#0: org.apache.ratis.protocol.exceptions.ServerNotReadyException: s1@group-54B4F2458EED is not in [RUNNING]: current state is CLOSED
2022-06-29 11:33:03,400 INFO  impl.LeaderElection (LogUtils.java:infoOrTrace(137)) - s2@group-54B4F2458EED-LeaderElection244 got exception when requesting votes: java.util.concurrent.ExecutionException: org.apache.ratis.thirdparty.io.grpc.StatusRuntimeException: INTERNAL: s0@group-54B4F2458EED is not in [RUNNING]: current state is CLOSED
2022-06-29 11:33:03,400 INFO  impl.LeaderElection (LogUtils.java:infoOrTrace(137)) - s2@group-54B4F2458EED-LeaderElection244 got exception when requesting votes: java.util.concurrent.ExecutionException: org.apache.ratis.thirdparty.io.grpc.StatusRuntimeException: INTERNAL: s1@group-54B4F2458EED is not in [RUNNING]: current state is CLOSED
2022-06-29 11:33:03,400 INFO  impl.LeaderElection (LeaderElection.java:logAndReturn(90)) - s2@group-54B4F2458EED-LeaderElection244: PRE_VOTE REJECTED received 0 response(s) and 2 exception(s):
2022-06-29 11:33:03,400 INFO  impl.LeaderElection (LogUtils.java:infoOrTrace(137)) -   Exception 0: java.util.concurrent.ExecutionException: org.apache.ratis.thirdparty.io.grpc.StatusRuntimeException: INTERNAL: s0@group-54B4F2458EED is not in [RUNNING]: current state is CLOSED
2022-06-29 11:33:03,400 INFO  impl.LeaderElection (LogUtils.java:infoOrTrace(137)) -   Exception 1: java.util.concurrent.ExecutionException: org.apache.ratis.thirdparty.io.grpc.StatusRuntimeException: INTERNAL: s1@group-54B4F2458EED is not in [RUNNING]: current state is CLOSED
2022-06-29 11:33:03,401 INFO  impl.LeaderElection (LeaderElection.java:askForVotes(312)) - s2@group-54B4F2458EED-LeaderElection244 PRE_VOTE round 0: result REJECTED
2022-06-29 11:33:03,401 INFO  server.RaftServer$Division (RaftServerImpl.java:setRole(299)) - s2@group-54B4F2458EED: changes role from CANDIDATE to FOLLOWER at term 3 for REJECTED
2022-06-29 11:33:03,401 INFO  impl.RoleInfo (RoleInfo.java:shutdownLeaderElection(130)) - s2: shutdown s2@group-54B4F2458EED-LeaderElection244
2022-06-29 11:33:03,401 INFO  impl.RoleInfo (RoleInfo.java:updateAndGet(139)) - s2: start s2@group-54B4F2458EED-FollowerState
2022-06-29 11:33:03,600 INFO  impl.FollowerState (FollowerState.java:run(143)) - s2@group-54B4F2458EED-FollowerState: change to CANDIDATE, lastRpcElapsedTime:198792669ns, electionTimeout:196ms
2022-06-29 11:33:03,600 INFO  impl.RoleInfo (RoleInfo.java:shutdownFollowerState(110)) - s2: shutdown s2@group-54B4F2458EED-FollowerState
2022-06-29 11:33:03,600 INFO  server.RaftServer$Division (RaftServerImpl.java:setRole(299)) - s2@group-54B4F2458EED: changes role from  FOLLOWER to CANDIDATE at term 3 for changeToCandidate
2022-06-29 11:33:03,601 INFO  server.RaftServerConfigKeys (ConfUtils.java:logGet(46)) - raft.server.leaderelection.pre-vote = true (default)
2022-06-29 11:33:03,601 INFO  impl.RoleInfo (RoleInfo.java:updateAndGet(139)) - s2: start s2@group-54B4F2458EED-LeaderElection245
2022-06-29 11:33:03,603 INFO  impl.LeaderElection (LeaderElection.java:askForVotes(310)) - s2@group-54B4F2458EED-LeaderElection245 PRE_VOTE round 0: submit vote requests at term 3 for 28: [s0|rpc:localhost:46515|admin:localhost:40757|client:localhost:41939|dataStream:localhost:35593|priority:0, s1|rpc:localhost:34095|admin:localhost:43151|client:localhost:36051|dataStream:localhost:38995|priority:0, s2|rpc:localhost:40453|admin:localhost:33947|client:localhost:38503|dataStream:localhost:42009|priority:0], old=null
2022-06-29 11:33:03,607 INFO  server.RaftServer$Division (RaftServerImpl.java:requestVote(1152)) - s1@group-54B4F2458EED: receive requestVote(PRE_VOTE, s2, group-54B4F2458EED, 3, (t:3, i:31))
2022-06-29 11:33:03,607 WARN  server.GrpcServerProtocolService (LogUtils.java:warn(122)) - s1: Failed requestVote s2->s1#0: org.apache.ratis.protocol.exceptions.ServerNotReadyException: s1@group-54B4F2458EED is not in [RUNNING]: current state is CLOSED
2022-06-29 11:33:03,609 INFO  server.RaftServer$Division (RaftServerImpl.java:requestVote(1152)) - s0@group-54B4F2458EED: receive requestVote(PRE_VOTE, s2, group-54B4F2458EED, 3, (t:3, i:31))
2022-06-29 11:33:03,609 WARN  server.GrpcServerProtocolService (LogUtils.java:warn(122)) - s0: Failed requestVote s2->s0#0: org.apache.ratis.protocol.exceptions.ServerNotReadyException: s0@group-54B4F2458EED is not in [RUNNING]: current state is CLOSED
2022-06-29 11:33:03,616 INFO  impl.LeaderElection (LogUtils.java:infoOrTrace(137)) - s2@group-54B4F2458EED-LeaderElection245 got exception when requesting votes: java.util.concurrent.ExecutionException: org.apache.ratis.thirdparty.io.grpc.StatusRuntimeException: INTERNAL: s1@group-54B4F2458EED is not in [RUNNING]: current state is CLOSED
2022-06-29 11:33:03,616 INFO  impl.LeaderElection (LogUtils.java:infoOrTrace(137)) - s2@group-54B4F2458EED-LeaderElection245 got exception when requesting votes: java.util.concurrent.ExecutionException: org.apache.ratis.thirdparty.io.grpc.StatusRuntimeException: INTERNAL: s0@group-54B4F2458EED is not in [RUNNING]: current state is CLOSED
2022-06-29 11:33:03,616 INFO  impl.LeaderElection (LeaderElection.java:logAndReturn(90)) - s2@group-54B4F2458EED-LeaderElection245: PRE_VOTE REJECTED received 0 response(s) and 2 exception(s):
2022-06-29 11:33:03,616 INFO  impl.LeaderElection (LogUtils.java:infoOrTrace(137)) -   Exception 0: java.util.concurrent.ExecutionException: org.apache.ratis.thirdparty.io.grpc.StatusRuntimeException: INTERNAL: s1@group-54B4F2458EED is not in [RUNNING]: current state is CLOSED
2022-06-29 11:33:03,616 INFO  impl.LeaderElection (LogUtils.java:infoOrTrace(137)) -   Exception 1: java.util.concurrent.ExecutionException: org.apache.ratis.thirdparty.io.grpc.StatusRuntimeException: INTERNAL: s0@group-54B4F2458EED is not in [RUNNING]: current state is CLOSED
2022-06-29 11:33:03,619 INFO  impl.LeaderElection (LeaderElection.java:askForVotes(312)) - s2@group-54B4F2458EED-LeaderElection245 PRE_VOTE round 0: result REJECTED
2022-06-29 11:33:03,619 INFO  server.RaftServer$Division (RaftServerImpl.java:setRole(299)) - s2@group-54B4F2458EED: changes role from CANDIDATE to FOLLOWER at term 3 for REJECTED
2022-06-29 11:33:03,619 INFO  impl.RoleInfo (RoleInfo.java:shutdownLeaderElection(130)) - s2: shutdown s2@group-54B4F2458EED-LeaderElection245
2022-06-29 11:33:03,619 INFO  impl.RoleInfo (RoleInfo.java:updateAndGet(139)) - s2: start s2@group-54B4F2458EED-FollowerState
2022-06-29 11:33:03,830 INFO  impl.FollowerState (FollowerState.java:run(143)) - s2@group-54B4F2458EED-FollowerState: change to CANDIDATE, lastRpcElapsedTime:210285318ns, electionTimeout:206ms
2022-06-29 11:33:03,830 INFO  impl.RoleInfo (RoleInfo.java:shutdownFollowerState(110)) - s2: shutdown s2@group-54B4F2458EED-FollowerState
2022-06-29 11:33:03,830 INFO  server.RaftServer$Division (RaftServerImpl.java:setRole(299)) - s2@group-54B4F2458EED: changes role from  FOLLOWER to CANDIDATE at term 3 for changeToCandidate
2022-06-29 11:33:03,831 INFO  server.RaftServerConfigKeys (ConfUtils.java:logGet(46)) - raft.server.leaderelection.pre-vote = true (default)
2022-06-29 11:33:03,831 INFO  impl.RoleInfo (RoleInfo.java:updateAndGet(139)) - s2: start s2@group-54B4F2458EED-LeaderElection246
2022-06-29 11:33:03,833 INFO  impl.LeaderElection (LeaderElection.java:askForVotes(310)) - s2@group-54B4F2458EED-LeaderElection246 PRE_VOTE round 0: submit vote requests at term 3 for 28: [s0|rpc:localhost:46515|admin:localhost:40757|client:localhost:41939|dataStream:localhost:35593|priority:0, s1|rpc:localhost:34095|admin:localhost:43151|client:localhost:36051|dataStream:localhost:38995|priority:0, s2|rpc:localhost:40453|admin:localhost:33947|client:localhost:38503|dataStream:localhost:42009|priority:0], old=null
2022-06-29 11:33:03,837 INFO  server.RaftServer$Division (RaftServerImpl.java:requestVote(1152)) - s0@group-54B4F2458EED: receive requestVote(PRE_VOTE, s2, group-54B4F2458EED, 3, (t:3, i:31))
2022-06-29 11:33:03,837 WARN  server.GrpcServerProtocolService (LogUtils.java:warn(122)) - s0: Failed requestVote s2->s0#0: org.apache.ratis.protocol.exceptions.ServerNotReadyException: s0@group-54B4F2458EED is not in [RUNNING]: current state is CLOSED
2022-06-29 11:33:03,838 INFO  server.RaftServer$Division (RaftServerImpl.java:requestVote(1152)) - s1@group-54B4F2458EED: receive requestVote(PRE_VOTE, s2, group-54B4F2458EED, 3, (t:3, i:31))
2022-06-29 11:33:03,838 WARN  server.GrpcServerProtocolService (LogUtils.java:warn(122)) - s1: Failed requestVote s2->s1#0: org.apache.ratis.protocol.exceptions.ServerNotReadyException: s1@group-54B4F2458EED is not in [RUNNING]: current state is CLOSED
2022-06-29 11:33:03,840 INFO  impl.LeaderElection (LogUtils.java:infoOrTrace(137)) - s2@group-54B4F2458EED-LeaderElection246 got exception when requesting votes: java.util.concurrent.ExecutionException: org.apache.ratis.thirdparty.io.grpc.StatusRuntimeException: INTERNAL: s0@group-54B4F2458EED is not in [RUNNING]: current state is CLOSED
2022-06-29 11:33:03,840 INFO  impl.LeaderElection (LogUtils.java:infoOrTrace(137)) - s2@group-54B4F2458EED-LeaderElection246 got exception when requesting votes: java.util.concurrent.ExecutionException: org.apache.ratis.thirdparty.io.grpc.StatusRuntimeException: INTERNAL: s1@group-54B4F2458EED is not in [RUNNING]: current state is CLOSED
2022-06-29 11:33:03,840 INFO  impl.LeaderElection (LeaderElection.java:logAndReturn(90)) - s2@group-54B4F2458EED-LeaderElection246: PRE_VOTE REJECTED received 0 response(s) and 2 exception(s):
2022-06-29 11:33:03,840 INFO  impl.LeaderElection (LogUtils.java:infoOrTrace(137)) -   Exception 0: java.util.concurrent.ExecutionException: org.apache.ratis.thirdparty.io.grpc.StatusRuntimeException: INTERNAL: s0@group-54B4F2458EED is not in [RUNNING]: current state is CLOSED
2022-06-29 11:33:03,840 INFO  impl.LeaderElection (LogUtils.java:infoOrTrace(137)) -   Exception 1: java.util.concurrent.ExecutionException: org.apache.ratis.thirdparty.io.grpc.StatusRuntimeException: INTERNAL: s1@group-54B4F2458EED is not in [RUNNING]: current state is CLOSED
2022-06-29 11:33:03,840 INFO  impl.LeaderElection (LeaderElection.java:askForVotes(312)) - s2@group-54B4F2458EED-LeaderElection246 PRE_VOTE round 0: result REJECTED
2022-06-29 11:33:03,840 INFO  server.RaftServer$Division (RaftServerImpl.java:setRole(299)) - s2@group-54B4F2458EED: changes role from CANDIDATE to FOLLOWER at term 3 for REJECTED
2022-06-29 11:33:03,840 INFO  impl.RoleInfo (RoleInfo.java:shutdownLeaderElection(130)) - s2: shutdown s2@group-54B4F2458EED-LeaderElection246
2022-06-29 11:33:03,840 INFO  impl.RoleInfo (RoleInfo.java:updateAndGet(139)) - s2: start s2@group-54B4F2458EED-FollowerState
2022-06-29 11:33:04,098 INFO  impl.FollowerState (FollowerState.java:run(143)) - s2@group-54B4F2458EED-FollowerState: change to CANDIDATE, lastRpcElapsedTime:257611926ns, electionTimeout:256ms
2022-06-29 11:33:04,098 INFO  impl.RoleInfo (RoleInfo.java:shutdownFollowerState(110)) - s2: shutdown s2@group-54B4F2458EED-FollowerState
2022-06-29 11:33:04,098 INFO  server.RaftServer$Division (RaftServerImpl.java:setRole(299)) - s2@group-54B4F2458EED: changes role from  FOLLOWER to CANDIDATE at term 3 for changeToCandidate
2022-06-29 11:33:04,098 INFO  server.RaftServerConfigKeys (ConfUtils.java:logGet(46)) - raft.server.leaderelection.pre-vote = true (default)
2022-06-29 11:33:04,098 INFO  impl.RoleInfo (RoleInfo.java:updateAndGet(139)) - s2: start s2@group-54B4F2458EED-LeaderElection247
2022-06-29 11:33:04,098 INFO  impl.LeaderElection (LeaderElection.java:askForVotes(310)) - s2@group-54B4F2458EED-LeaderElection247 PRE_VOTE round 0: submit vote requests at term 3 for 28: [s0|rpc:localhost:46515|admin:localhost:40757|client:localhost:41939|dataStream:localhost:35593|priority:0, s1|rpc:localhost:34095|admin:localhost:43151|client:localhost:36051|dataStream:localhost:38995|priority:0, s2|rpc:localhost:40453|admin:localhost:33947|client:localhost:38503|dataStream:localhost:42009|priority:0], old=null
2022-06-29 11:33:04,100 INFO  server.RaftServer$Division (RaftServerImpl.java:requestVote(1152)) - s0@group-54B4F2458EED: receive requestVote(PRE_VOTE, s2, group-54B4F2458EED, 3, (t:3, i:31))
2022-06-29 11:33:04,100 WARN  server.GrpcServerProtocolService (LogUtils.java:warn(122)) - s0: Failed requestVote s2->s0#0: org.apache.ratis.protocol.exceptions.ServerNotReadyException: s0@group-54B4F2458EED is not in [RUNNING]: current state is CLOSED
2022-06-29 11:33:04,101 INFO  server.RaftServer$Division (RaftServerImpl.java:requestVote(1152)) - s1@group-54B4F2458EED: receive requestVote(PRE_VOTE, s2, group-54B4F2458EED, 3, (t:3, i:31))
2022-06-29 11:33:04,101 WARN  server.GrpcServerProtocolService (LogUtils.java:warn(122)) - s1: Failed requestVote s2->s1#0: org.apache.ratis.protocol.exceptions.ServerNotReadyException: s1@group-54B4F2458EED is not in [RUNNING]: current state is CLOSED
2022-06-29 11:33:04,103 INFO  impl.LeaderElection (LogUtils.java:infoOrTrace(137)) - s2@group-54B4F2458EED-LeaderElection247 got exception when requesting votes: java.util.concurrent.ExecutionException: org.apache.ratis.thirdparty.io.grpc.StatusRuntimeException: INTERNAL: s0@group-54B4F2458EED is not in [RUNNING]: current state is CLOSED
2022-06-29 11:33:04,103 INFO  impl.LeaderElection (LogUtils.java:infoOrTrace(137)) - s2@group-54B4F2458EED-LeaderElection247 got exception when requesting votes: java.util.concurrent.ExecutionException: org.apache.ratis.thirdparty.io.grpc.StatusRuntimeException: INTERNAL: s1@group-54B4F2458EED is not in [RUNNING]: current state is CLOSED
2022-06-29 11:33:04,103 INFO  impl.LeaderElection (LeaderElection.java:logAndReturn(90)) - s2@group-54B4F2458EED-LeaderElection247: PRE_VOTE REJECTED received 0 response(s) and 2 exception(s):
2022-06-29 11:33:04,103 INFO  impl.LeaderElection (LogUtils.java:infoOrTrace(137)) -   Exception 0: java.util.concurrent.ExecutionException: org.apache.ratis.thirdparty.io.grpc.StatusRuntimeException: INTERNAL: s0@group-54B4F2458EED is not in [RUNNING]: current state is CLOSED
2022-06-29 11:33:04,103 INFO  impl.LeaderElection (LogUtils.java:infoOrTrace(137)) -   Exception 1: java.util.concurrent.ExecutionException: org.apache.ratis.thirdparty.io.grpc.StatusRuntimeException: INTERNAL: s1@group-54B4F2458EED is not in [RUNNING]: current state is CLOSED
2022-06-29 11:33:04,103 INFO  impl.LeaderElection (LeaderElection.java:askForVotes(312)) - s2@group-54B4F2458EED-LeaderElection247 PRE_VOTE round 0: result REJECTED
2022-06-29 11:33:04,103 INFO  server.RaftServer$Division (RaftServerImpl.java:setRole(299)) - s2@group-54B4F2458EED: changes role from CANDIDATE to FOLLOWER at term 3 for REJECTED
2022-06-29 11:33:04,103 INFO  impl.RoleInfo (RoleInfo.java:shutdownLeaderElection(130)) - s2: shutdown s2@group-54B4F2458EED-LeaderElection247
2022-06-29 11:33:04,103 INFO  impl.RoleInfo (RoleInfo.java:updateAndGet(139)) - s2: start s2@group-54B4F2458EED-FollowerState
2022-06-29 11:33:04,318 INFO  impl.FollowerState (FollowerState.java:run(143)) - s2@group-54B4F2458EED-FollowerState: change to CANDIDATE, lastRpcElapsedTime:214957371ns, electionTimeout:212ms
2022-06-29 11:33:04,318 INFO  impl.RoleInfo (RoleInfo.java:shutdownFollowerState(110)) - s2: shutdown s2@group-54B4F2458EED-FollowerState
2022-06-29 11:33:04,318 INFO  server.RaftServer$Division (RaftServerImpl.java:setRole(299)) - s2@group-54B4F2458EED: changes role from  FOLLOWER to CANDIDATE at term 3 for changeToCandidate
2022-06-29 11:33:04,319 INFO  server.RaftServerConfigKeys (ConfUtils.java:logGet(46)) - raft.server.leaderelection.pre-vote = true (default)
2022-06-29 11:33:04,319 INFO  impl.RoleInfo (RoleInfo.java:updateAndGet(139)) - s2: start s2@group-54B4F2458EED-LeaderElection248
2022-06-29 11:33:04,322 INFO  impl.LeaderElection (LeaderElection.java:askForVotes(310)) - s2@group-54B4F2458EED-LeaderElection248 PRE_VOTE round 0: submit vote requests at term 3 for 28: [s0|rpc:localhost:46515|admin:localhost:40757|client:localhost:41939|dataStream:localhost:35593|priority:0, s1|rpc:localhost:34095|admin:localhost:43151|client:localhost:36051|dataStream:localhost:38995|priority:0, s2|rpc:localhost:40453|admin:localhost:33947|client:localhost:38503|dataStream:localhost:42009|priority:0], old=null
2022-06-29 11:33:04,323 INFO  server.RaftServer$Division (RaftServerImpl.java:requestVote(1152)) - s0@group-54B4F2458EED: receive requestVote(PRE_VOTE, s2, group-54B4F2458EED, 3, (t:3, i:31))
2022-06-29 11:33:04,323 WARN  server.GrpcServerProtocolService (LogUtils.java:warn(122)) - s0: Failed requestVote s2->s0#0: org.apache.ratis.protocol.exceptions.ServerNotReadyException: s0@group-54B4F2458EED is not in [RUNNING]: current state is CLOSED
2022-06-29 11:33:04,324 INFO  server.RaftServer$Division (RaftServerImpl.java:requestVote(1152)) - s1@group-54B4F2458EED: receive requestVote(PRE_VOTE, s2, group-54B4F2458EED, 3, (t:3, i:31))
2022-06-29 11:33:04,324 WARN  server.GrpcServerProtocolService (LogUtils.java:warn(122)) - s1: Failed requestVote s2->s1#0: org.apache.ratis.protocol.exceptions.ServerNotReadyException: s1@group-54B4F2458EED is not in [RUNNING]: current state is CLOSED
2022-06-29 11:33:04,325 INFO  impl.LeaderElection (LogUtils.java:infoOrTrace(137)) - s2@group-54B4F2458EED-LeaderElection248 got exception when requesting votes: java.util.concurrent.ExecutionException: org.apache.ratis.thirdparty.io.grpc.StatusRuntimeException: INTERNAL: s0@group-54B4F2458EED is not in [RUNNING]: current state is CLOSED
2022-06-29 11:33:04,326 INFO  impl.LeaderElection (LogUtils.java:infoOrTrace(137)) - s2@group-54B4F2458EED-LeaderElection248 got exception when requesting votes: java.util.concurrent.ExecutionException: org.apache.ratis.thirdparty.io.grpc.StatusRuntimeException: INTERNAL: s1@group-54B4F2458EED is not in [RUNNING]: current state is CLOSED
2022-06-29 11:33:04,326 INFO  impl.LeaderElection (LeaderElection.java:logAndReturn(90)) - s2@group-54B4F2458EED-LeaderElection248: PRE_VOTE REJECTED received 0 response(s) and 2 exception(s):
2022-06-29 11:33:04,326 INFO  impl.LeaderElection (LogUtils.java:infoOrTrace(137)) -   Exception 0: java.util.concurrent.ExecutionException: org.apache.ratis.thirdparty.io.grpc.StatusRuntimeException: INTERNAL: s0@group-54B4F2458EED is not in [RUNNING]: current state is CLOSED
2022-06-29 11:33:04,326 INFO  impl.LeaderElection (LogUtils.java:infoOrTrace(137)) -   Exception 1: java.util.concurrent.ExecutionException: org.apache.ratis.thirdparty.io.grpc.StatusRuntimeException: INTERNAL: s1@group-54B4F2458EED is not in [RUNNING]: current state is CLOSED
2022-06-29 11:33:04,327 INFO  impl.LeaderElection (LeaderElection.java:askForVotes(312)) - s2@group-54B4F2458EED-LeaderElection248 PRE_VOTE round 0: result REJECTED
2022-06-29 11:33:04,327 INFO  server.RaftServer$Division (RaftServerImpl.java:setRole(299)) - s2@group-54B4F2458EED: changes role from CANDIDATE to FOLLOWER at term 3 for REJECTED
2022-06-29 11:33:04,327 INFO  impl.RoleInfo (RoleInfo.java:shutdownLeaderElection(130)) - s2: shutdown s2@group-54B4F2458EED-LeaderElection248
2022-06-29 11:33:04,327 INFO  impl.RoleInfo (RoleInfo.java:updateAndGet(139)) - s2: start s2@group-54B4F2458EED-FollowerState
2022-06-29 11:33:04,555 INFO  impl.FollowerState (FollowerState.java:run(143)) - s2@group-54B4F2458EED-FollowerState: change to CANDIDATE, lastRpcElapsedTime:227210029ns, electionTimeout:221ms
2022-06-29 11:33:04,555 INFO  impl.RoleInfo (RoleInfo.java:shutdownFollowerState(110)) - s2: shutdown s2@group-54B4F2458EED-FollowerState
2022-06-29 11:33:04,555 INFO  server.RaftServer$Division (RaftServerImpl.java:setRole(299)) - s2@group-54B4F2458EED: changes role from  FOLLOWER to CANDIDATE at term 3 for changeToCandidate
2022-06-29 11:33:04,558 INFO  server.RaftServerConfigKeys (ConfUtils.java:logGet(46)) - raft.server.leaderelection.pre-vote = true (default)
2022-06-29 11:33:04,558 INFO  impl.RoleInfo (RoleInfo.java:updateAndGet(139)) - s2: start s2@group-54B4F2458EED-LeaderElection249
2022-06-29 11:33:04,559 INFO  impl.LeaderElection (LeaderElection.java:askForVotes(310)) - s2@group-54B4F2458EED-LeaderElection249 PRE_VOTE round 0: submit vote requests at term 3 for 28: [s0|rpc:localhost:46515|admin:localhost:40757|client:localhost:41939|dataStream:localhost:35593|priority:0, s1|rpc:localhost:34095|admin:localhost:43151|client:localhost:36051|dataStream:localhost:38995|priority:0, s2|rpc:localhost:40453|admin:localhost:33947|client:localhost:38503|dataStream:localhost:42009|priority:0], old=null
2022-06-29 11:33:04,561 INFO  server.RaftServer$Division (RaftServerImpl.java:requestVote(1152)) - s1@group-54B4F2458EED: receive requestVote(PRE_VOTE, s2, group-54B4F2458EED, 3, (t:3, i:31))
2022-06-29 11:33:04,561 WARN  server.GrpcServerProtocolService (LogUtils.java:warn(122)) - s1: Failed requestVote s2->s1#0: org.apache.ratis.protocol.exceptions.ServerNotReadyException: s1@group-54B4F2458EED is not in [RUNNING]: current state is CLOSED
2022-06-29 11:33:04,562 INFO  server.RaftServer$Division (RaftServerImpl.java:requestVote(1152)) - s0@group-54B4F2458EED: receive requestVote(PRE_VOTE, s2, group-54B4F2458EED, 3, (t:3, i:31))
2022-06-29 11:33:04,562 WARN  server.GrpcServerProtocolService (LogUtils.java:warn(122)) - s0: Failed requestVote s2->s0#0: org.apache.ratis.protocol.exceptions.ServerNotReadyException: s0@group-54B4F2458EED is not in [RUNNING]: current state is CLOSED
2022-06-29 11:33:04,569 INFO  impl.LeaderElection (LogUtils.java:infoOrTrace(137)) - s2@group-54B4F2458EED-LeaderElection249 got exception when requesting votes: java.util.concurrent.ExecutionException: org.apache.ratis.thirdparty.io.grpc.StatusRuntimeException: INTERNAL: s0@group-54B4F2458EED is not in [RUNNING]: current state is CLOSED
2022-06-29 11:33:04,570 INFO  impl.LeaderElection (LogUtils.java:infoOrTrace(137)) - s2@group-54B4F2458EED-LeaderElection249 got exception when requesting votes: java.util.concurrent.ExecutionException: org.apache.ratis.thirdparty.io.grpc.StatusRuntimeException: INTERNAL: s1@group-54B4F2458EED is not in [RUNNING]: current state is CLOSED
2022-06-29 11:33:04,570 INFO  impl.LeaderElection (LeaderElection.java:logAndReturn(90)) - s2@group-54B4F2458EED-LeaderElection249: PRE_VOTE REJECTED received 0 response(s) and 2 exception(s):
2022-06-29 11:33:04,570 INFO  impl.LeaderElection (LogUtils.java:infoOrTrace(137)) -   Exception 0: java.util.concurrent.ExecutionException: org.apache.ratis.thirdparty.io.grpc.StatusRuntimeException: INTERNAL: s0@group-54B4F2458EED is not in [RUNNING]: current state is CLOSED
2022-06-29 11:33:04,570 INFO  impl.LeaderElection (LogUtils.java:infoOrTrace(137)) -   Exception 1: java.util.concurrent.ExecutionException: org.apache.ratis.thirdparty.io.grpc.StatusRuntimeException: INTERNAL: s1@group-54B4F2458EED is not in [RUNNING]: current state is CLOSED
2022-06-29 11:33:04,573 INFO  impl.LeaderElection (LeaderElection.java:askForVotes(312)) - s2@group-54B4F2458EED-LeaderElection249 PRE_VOTE round 0: result REJECTED
2022-06-29 11:33:04,573 INFO  server.RaftServer$Division (RaftServerImpl.java:setRole(299)) - s2@group-54B4F2458EED: changes role from CANDIDATE to FOLLOWER at term 3 for REJECTED
2022-06-29 11:33:04,573 INFO  impl.RoleInfo (RoleInfo.java:shutdownLeaderElection(130)) - s2: shutdown s2@group-54B4F2458EED-LeaderElection249
2022-06-29 11:33:04,573 INFO  impl.RoleInfo (RoleInfo.java:updateAndGet(139)) - s2: start s2@group-54B4F2458EED-FollowerState
2022-06-29 11:33:04,771 INFO  impl.FollowerState (FollowerState.java:run(143)) - s2@group-54B4F2458EED-FollowerState: change to CANDIDATE, lastRpcElapsedTime:198439459ns, electionTimeout:197ms
2022-06-29 11:33:04,771 INFO  impl.RoleInfo (RoleInfo.java:shutdownFollowerState(110)) - s2: shutdown s2@group-54B4F2458EED-FollowerState
2022-06-29 11:33:04,771 INFO  server.RaftServer$Division (RaftServerImpl.java:setRole(299)) - s2@group-54B4F2458EED: changes role from  FOLLOWER to CANDIDATE at term 3 for changeToCandidate
2022-06-29 11:33:04,772 INFO  server.RaftServerConfigKeys (ConfUtils.java:logGet(46)) - raft.server.leaderelection.pre-vote = true (default)
2022-06-29 11:33:04,772 INFO  impl.RoleInfo (RoleInfo.java:updateAndGet(139)) - s2: start s2@group-54B4F2458EED-LeaderElection250
2022-06-29 11:33:04,775 INFO  impl.LeaderElection (LeaderElection.java:askForVotes(310)) - s2@group-54B4F2458EED-LeaderElection250 PRE_VOTE round 0: submit vote requests at term 3 for 28: [s0|rpc:localhost:46515|admin:localhost:40757|client:localhost:41939|dataStream:localhost:35593|priority:0, s1|rpc:localhost:34095|admin:localhost:43151|client:localhost:36051|dataStream:localhost:38995|priority:0, s2|rpc:localhost:40453|admin:localhost:33947|client:localhost:38503|dataStream:localhost:42009|priority:0], old=null
2022-06-29 11:33:04,778 INFO  server.RaftServer$Division (RaftServerImpl.java:requestVote(1152)) - s0@group-54B4F2458EED: receive requestVote(PRE_VOTE, s2, group-54B4F2458EED, 3, (t:3, i:31))
2022-06-29 11:33:04,778 WARN  server.GrpcServerProtocolService (LogUtils.java:warn(122)) - s0: Failed requestVote s2->s0#0: org.apache.ratis.protocol.exceptions.ServerNotReadyException: s0@group-54B4F2458EED is not in [RUNNING]: current state is CLOSED
2022-06-29 11:33:04,778 INFO  impl.LeaderElection (LogUtils.java:infoOrTrace(137)) - s2@group-54B4F2458EED-LeaderElection250 got exception when requesting votes: java.util.concurrent.ExecutionException: org.apache.ratis.thirdparty.io.grpc.StatusRuntimeException: INTERNAL: s0@group-54B4F2458EED is not in [RUNNING]: current state is CLOSED
2022-06-29 11:33:04,779 INFO  server.RaftServer$Division (RaftServerImpl.java:requestVote(1152)) - s1@group-54B4F2458EED: receive requestVote(PRE_VOTE, s2, group-54B4F2458EED, 3, (t:3, i:31))
2022-06-29 11:33:04,779 WARN  server.GrpcServerProtocolService (LogUtils.java:warn(122)) - s1: Failed requestVote s2->s1#0: org.apache.ratis.protocol.exceptions.ServerNotReadyException: s1@group-54B4F2458EED is not in [RUNNING]: current state is CLOSED
2022-06-29 11:33:04,780 INFO  impl.LeaderElection (LogUtils.java:infoOrTrace(137)) - s2@group-54B4F2458EED-LeaderElection250 got exception when requesting votes: java.util.concurrent.ExecutionException: org.apache.ratis.thirdparty.io.grpc.StatusRuntimeException: INTERNAL: s1@group-54B4F2458EED is not in [RUNNING]: current state is CLOSED
2022-06-29 11:33:04,780 INFO  impl.LeaderElection (LeaderElection.java:logAndReturn(90)) - s2@group-54B4F2458EED-LeaderElection250: PRE_VOTE REJECTED received 0 response(s) and 2 exception(s):
2022-06-29 11:33:04,780 INFO  impl.LeaderElection (LogUtils.java:infoOrTrace(137)) -   Exception 0: java.util.concurrent.ExecutionException: org.apache.ratis.thirdparty.io.grpc.StatusRuntimeException: INTERNAL: s0@group-54B4F2458EED is not in [RUNNING]: current state is CLOSED
2022-06-29 11:33:04,780 INFO  impl.LeaderElection (LogUtils.java:infoOrTrace(137)) -   Exception 1: java.util.concurrent.ExecutionException: org.apache.ratis.thirdparty.io.grpc.StatusRuntimeException: INTERNAL: s1@group-54B4F2458EED is not in [RUNNING]: current state is CLOSED
2022-06-29 11:33:04,781 INFO  impl.LeaderElection (LeaderElection.java:askForVotes(312)) - s2@group-54B4F2458EED-LeaderElection250 PRE_VOTE round 0: result REJECTED
2022-06-29 11:33:04,781 INFO  server.RaftServer$Division (RaftServerImpl.java:setRole(299)) - s2@group-54B4F2458EED: changes role from CANDIDATE to FOLLOWER at term 3 for REJECTED
2022-06-29 11:33:04,781 INFO  impl.RoleInfo (RoleInfo.java:shutdownLeaderElection(130)) - s2: shutdown s2@group-54B4F2458EED-LeaderElection250
2022-06-29 11:33:04,781 INFO  impl.RoleInfo (RoleInfo.java:updateAndGet(139)) - s2: start s2@group-54B4F2458EED-FollowerState
2022-06-29 11:33:05,021 INFO  impl.FollowerState (FollowerState.java:run(143)) - s2@group-54B4F2458EED-FollowerState: change to CANDIDATE, lastRpcElapsedTime:239210083ns, electionTimeout:238ms
2022-06-29 11:33:05,021 INFO  impl.RoleInfo (RoleInfo.java:shutdownFollowerState(110)) - s2: shutdown s2@group-54B4F2458EED-FollowerState
2022-06-29 11:33:05,021 INFO  server.RaftServer$Division (RaftServerImpl.java:setRole(299)) - s2@group-54B4F2458EED: changes role from  FOLLOWER to CANDIDATE at term 3 for changeToCandidate
2022-06-29 11:33:05,027 INFO  server.RaftServerConfigKeys (ConfUtils.java:logGet(46)) - raft.server.leaderelection.pre-vote = true (default)
2022-06-29 11:33:05,027 INFO  impl.RoleInfo (RoleInfo.java:updateAndGet(139)) - s2: start s2@group-54B4F2458EED-LeaderElection251
2022-06-29 11:33:05,030 INFO  impl.LeaderElection (LeaderElection.java:askForVotes(310)) - s2@group-54B4F2458EED-LeaderElection251 PRE_VOTE round 0: submit vote requests at term 3 for 28: [s0|rpc:localhost:46515|admin:localhost:40757|client:localhost:41939|dataStream:localhost:35593|priority:0, s1|rpc:localhost:34095|admin:localhost:43151|client:localhost:36051|dataStream:localhost:38995|priority:0, s2|rpc:localhost:40453|admin:localhost:33947|client:localhost:38503|dataStream:localhost:42009|priority:0], old=null
2022-06-29 11:33:05,034 INFO  server.RaftServer$Division (RaftServerImpl.java:requestVote(1152)) - s1@group-54B4F2458EED: receive requestVote(PRE_VOTE, s2, group-54B4F2458EED, 3, (t:3, i:31))
2022-06-29 11:33:05,034 WARN  server.GrpcServerProtocolService (LogUtils.java:warn(122)) - s1: Failed requestVote s2->s1#0: org.apache.ratis.protocol.exceptions.ServerNotReadyException: s1@group-54B4F2458EED is not in [RUNNING]: current state is CLOSED
2022-06-29 11:33:05,035 INFO  impl.LeaderElection (LogUtils.java:infoOrTrace(137)) - s2@group-54B4F2458EED-LeaderElection251 got exception when requesting votes: java.util.concurrent.ExecutionException: org.apache.ratis.thirdparty.io.grpc.StatusRuntimeException: INTERNAL: s1@group-54B4F2458EED is not in [RUNNING]: current state is CLOSED
2022-06-29 11:33:05,035 INFO  server.RaftServer$Division (RaftServerImpl.java:requestVote(1152)) - s0@group-54B4F2458EED: receive requestVote(PRE_VOTE, s2, group-54B4F2458EED, 3, (t:3, i:31))
2022-06-29 11:33:05,035 WARN  server.GrpcServerProtocolService (LogUtils.java:warn(122)) - s0: Failed requestVote s2->s0#0: org.apache.ratis.protocol.exceptions.ServerNotReadyException: s0@group-54B4F2458EED is not in [RUNNING]: current state is CLOSED
2022-06-29 11:33:05,036 INFO  impl.LeaderElection (LogUtils.java:infoOrTrace(137)) - s2@group-54B4F2458EED-LeaderElection251 got exception when requesting votes: java.util.concurrent.ExecutionException: org.apache.ratis.thirdparty.io.grpc.StatusRuntimeException: INTERNAL: s0@group-54B4F2458EED is not in [RUNNING]: current state is CLOSED
2022-06-29 11:33:05,036 INFO  impl.LeaderElection (LeaderElection.java:logAndReturn(90)) - s2@group-54B4F2458EED-LeaderElection251: PRE_VOTE REJECTED received 0 response(s) and 2 exception(s):
2022-06-29 11:33:05,036 INFO  impl.LeaderElection (LogUtils.java:infoOrTrace(137)) -   Exception 0: java.util.concurrent.ExecutionException: org.apache.ratis.thirdparty.io.grpc.StatusRuntimeException: INTERNAL: s1@group-54B4F2458EED is not in [RUNNING]: current state is CLOSED
2022-06-29 11:33:05,036 INFO  impl.LeaderElection (LogUtils.java:infoOrTrace(137)) -   Exception 1: java.util.concurrent.ExecutionException: org.apache.ratis.thirdparty.io.grpc.StatusRuntimeException: INTERNAL: s0@group-54B4F2458EED is not in [RUNNING]: current state is CLOSED
2022-06-29 11:33:05,036 INFO  impl.LeaderElection (LeaderElection.java:askForVotes(312)) - s2@group-54B4F2458EED-LeaderElection251 PRE_VOTE round 0: result REJECTED
2022-06-29 11:33:05,036 INFO  server.RaftServer$Division (RaftServerImpl.java:setRole(299)) - s2@group-54B4F2458EED: changes role from CANDIDATE to FOLLOWER at term 3 for REJECTED
2022-06-29 11:33:05,036 INFO  impl.RoleInfo (RoleInfo.java:shutdownLeaderElection(130)) - s2: shutdown s2@group-54B4F2458EED-LeaderElection251
2022-06-29 11:33:05,036 INFO  impl.RoleInfo (RoleInfo.java:updateAndGet(139)) - s2: start s2@group-54B4F2458EED-FollowerState
2022-06-29 11:33:05,241 INFO  impl.FollowerState (FollowerState.java:run(143)) - s2@group-54B4F2458EED-FollowerState: change to CANDIDATE, lastRpcElapsedTime:204660831ns, electionTimeout:204ms
2022-06-29 11:33:05,241 INFO  impl.RoleInfo (RoleInfo.java:shutdownFollowerState(110)) - s2: shutdown s2@group-54B4F2458EED-FollowerState
2022-06-29 11:33:05,241 INFO  server.RaftServer$Division (RaftServerImpl.java:setRole(299)) - s2@group-54B4F2458EED: changes role from  FOLLOWER to CANDIDATE at term 3 for changeToCandidate
2022-06-29 11:33:05,241 INFO  server.RaftServerConfigKeys (ConfUtils.java:logGet(46)) - raft.server.leaderelection.pre-vote = true (default)
2022-06-29 11:33:05,241 INFO  impl.RoleInfo (RoleInfo.java:updateAndGet(139)) - s2: start s2@group-54B4F2458EED-LeaderElection252
2022-06-29 11:33:05,242 INFO  impl.LeaderElection (LeaderElection.java:askForVotes(310)) - s2@group-54B4F2458EED-LeaderElection252 PRE_VOTE round 0: submit vote requests at term 3 for 28: [s0|rpc:localhost:46515|admin:localhost:40757|client:localhost:41939|dataStream:localhost:35593|priority:0, s1|rpc:localhost:34095|admin:localhost:43151|client:localhost:36051|dataStream:localhost:38995|priority:0, s2|rpc:localhost:40453|admin:localhost:33947|client:localhost:38503|dataStream:localhost:42009|priority:0], old=null
2022-06-29 11:33:05,245 INFO  server.RaftServer$Division (RaftServerImpl.java:requestVote(1152)) - s0@group-54B4F2458EED: receive requestVote(PRE_VOTE, s2, group-54B4F2458EED, 3, (t:3, i:31))
2022-06-29 11:33:05,245 WARN  server.GrpcServerProtocolService (LogUtils.java:warn(122)) - s0: Failed requestVote s2->s0#0: org.apache.ratis.protocol.exceptions.ServerNotReadyException: s0@group-54B4F2458EED is not in [RUNNING]: current state is CLOSED
2022-06-29 11:33:05,245 INFO  server.RaftServer$Division (RaftServerImpl.java:requestVote(1152)) - s1@group-54B4F2458EED: receive requestVote(PRE_VOTE, s2, group-54B4F2458EED, 3, (t:3, i:31))
2022-06-29 11:33:05,245 WARN  server.GrpcServerProtocolService (LogUtils.java:warn(122)) - s1: Failed requestVote s2->s1#0: org.apache.ratis.protocol.exceptions.ServerNotReadyException: s1@group-54B4F2458EED is not in [RUNNING]: current state is CLOSED
2022-06-29 11:33:05,245 INFO  impl.LeaderElection (LogUtils.java:infoOrTrace(137)) - s2@group-54B4F2458EED-LeaderElection252 got exception when requesting votes: java.util.concurrent.ExecutionException: org.apache.ratis.thirdparty.io.grpc.StatusRuntimeException: INTERNAL: s0@group-54B4F2458EED is not in [RUNNING]: current state is CLOSED
2022-06-29 11:33:05,246 INFO  impl.LeaderElection (LogUtils.java:infoOrTrace(137)) - s2@group-54B4F2458EED-LeaderElection252 got exception when requesting votes: java.util.concurrent.ExecutionException: org.apache.ratis.thirdparty.io.grpc.StatusRuntimeException: INTERNAL: s1@group-54B4F2458EED is not in [RUNNING]: current state is CLOSED
2022-06-29 11:33:05,246 INFO  impl.LeaderElection (LeaderElection.java:logAndReturn(90)) - s2@group-54B4F2458EED-LeaderElection252: PRE_VOTE REJECTED received 0 response(s) and 2 exception(s):
2022-06-29 11:33:05,246 INFO  impl.LeaderElection (LogUtils.java:infoOrTrace(137)) -   Exception 0: java.util.concurrent.ExecutionException: org.apache.ratis.thirdparty.io.grpc.StatusRuntimeException: INTERNAL: s0@group-54B4F2458EED is not in [RUNNING]: current state is CLOSED
2022-06-29 11:33:05,246 INFO  impl.LeaderElection (LogUtils.java:infoOrTrace(137)) -   Exception 1: java.util.concurrent.ExecutionException: org.apache.ratis.thirdparty.io.grpc.StatusRuntimeException: INTERNAL: s1@group-54B4F2458EED is not in [RUNNING]: current state is CLOSED
2022-06-29 11:33:05,247 INFO  impl.LeaderElection (LeaderElection.java:askForVotes(312)) - s2@group-54B4F2458EED-LeaderElection252 PRE_VOTE round 0: result REJECTED
2022-06-29 11:33:05,247 INFO  server.RaftServer$Division (RaftServerImpl.java:setRole(299)) - s2@group-54B4F2458EED: changes role from CANDIDATE to FOLLOWER at term 3 for REJECTED
2022-06-29 11:33:05,247 INFO  impl.RoleInfo (RoleInfo.java:shutdownLeaderElection(130)) - s2: shutdown s2@group-54B4F2458EED-LeaderElection252
2022-06-29 11:33:05,247 INFO  impl.RoleInfo (RoleInfo.java:updateAndGet(139)) - s2: start s2@group-54B4F2458EED-FollowerState
2022-06-29 11:33:05,538 INFO  impl.FollowerState (FollowerState.java:run(143)) - s2@group-54B4F2458EED-FollowerState: change to CANDIDATE, lastRpcElapsedTime:290586035ns, electionTimeout:286ms
2022-06-29 11:33:05,538 INFO  impl.RoleInfo (RoleInfo.java:shutdownFollowerState(110)) - s2: shutdown s2@group-54B4F2458EED-FollowerState
2022-06-29 11:33:05,538 INFO  server.RaftServer$Division (RaftServerImpl.java:setRole(299)) - s2@group-54B4F2458EED: changes role from  FOLLOWER to CANDIDATE at term 3 for changeToCandidate
2022-06-29 11:33:05,538 INFO  server.RaftServerConfigKeys (ConfUtils.java:logGet(46)) - raft.server.leaderelection.pre-vote = true (default)
2022-06-29 11:33:05,538 INFO  impl.RoleInfo (RoleInfo.java:updateAndGet(139)) - s2: start s2@group-54B4F2458EED-LeaderElection253
2022-06-29 11:33:05,539 INFO  impl.LeaderElection (LeaderElection.java:askForVotes(310)) - s2@group-54B4F2458EED-LeaderElection253 PRE_VOTE round 0: submit vote requests at term 3 for 28: [s0|rpc:localhost:46515|admin:localhost:40757|client:localhost:41939|dataStream:localhost:35593|priority:0, s1|rpc:localhost:34095|admin:localhost:43151|client:localhost:36051|dataStream:localhost:38995|priority:0, s2|rpc:localhost:40453|admin:localhost:33947|client:localhost:38503|dataStream:localhost:42009|priority:0], old=null
2022-06-29 11:33:05,541 INFO  server.RaftServer$Division (RaftServerImpl.java:requestVote(1152)) - s0@group-54B4F2458EED: receive requestVote(PRE_VOTE, s2, group-54B4F2458EED, 3, (t:3, i:31))
2022-06-29 11:33:05,541 WARN  server.GrpcServerProtocolService (LogUtils.java:warn(122)) - s0: Failed requestVote s2->s0#0: org.apache.ratis.protocol.exceptions.ServerNotReadyException: s0@group-54B4F2458EED is not in [RUNNING]: current state is CLOSED
2022-06-29 11:33:05,542 INFO  impl.LeaderElection (LogUtils.java:infoOrTrace(137)) - s2@group-54B4F2458EED-LeaderElection253 got exception when requesting votes: java.util.concurrent.ExecutionException: org.apache.ratis.thirdparty.io.grpc.StatusRuntimeException: INTERNAL: s0@group-54B4F2458EED is not in [RUNNING]: current state is CLOSED
2022-06-29 11:33:05,543 INFO  server.RaftServer$Division (RaftServerImpl.java:requestVote(1152)) - s1@group-54B4F2458EED: receive requestVote(PRE_VOTE, s2, group-54B4F2458EED, 3, (t:3, i:31))
2022-06-29 11:33:05,543 WARN  server.GrpcServerProtocolService (LogUtils.java:warn(122)) - s1: Failed requestVote s2->s1#0: org.apache.ratis.protocol.exceptions.ServerNotReadyException: s1@group-54B4F2458EED is not in [RUNNING]: current state is CLOSED
2022-06-29 11:33:05,545 INFO  impl.LeaderElection (LogUtils.java:infoOrTrace(137)) - s2@group-54B4F2458EED-LeaderElection253 got exception when requesting votes: java.util.concurrent.ExecutionException: org.apache.ratis.thirdparty.io.grpc.StatusRuntimeException: INTERNAL: s1@group-54B4F2458EED is not in [RUNNING]: current state is CLOSED
2022-06-29 11:33:05,545 INFO  impl.LeaderElection (LeaderElection.java:logAndReturn(90)) - s2@group-54B4F2458EED-LeaderElection253: PRE_VOTE REJECTED received 0 response(s) and 2 exception(s):
2022-06-29 11:33:05,545 INFO  impl.LeaderElection (LogUtils.java:infoOrTrace(137)) -   Exception 0: java.util.concurrent.ExecutionException: org.apache.ratis.thirdparty.io.grpc.StatusRuntimeException: INTERNAL: s0@group-54B4F2458EED is not in [RUNNING]: current state is CLOSED
2022-06-29 11:33:05,545 INFO  impl.LeaderElection (LogUtils.java:infoOrTrace(137)) -   Exception 1: java.util.concurrent.ExecutionException: org.apache.ratis.thirdparty.io.grpc.StatusRuntimeException: INTERNAL: s1@group-54B4F2458EED is not in [RUNNING]: current state is CLOSED
2022-06-29 11:33:05,545 INFO  impl.LeaderElection (LeaderElection.java:askForVotes(312)) - s2@group-54B4F2458EED-LeaderElection253 PRE_VOTE round 0: result REJECTED
2022-06-29 11:33:05,545 INFO  server.RaftServer$Division (RaftServerImpl.java:setRole(299)) - s2@group-54B4F2458EED: changes role from CANDIDATE to FOLLOWER at term 3 for REJECTED
2022-06-29 11:33:05,545 INFO  impl.RoleInfo (RoleInfo.java:shutdownLeaderElection(130)) - s2: shutdown s2@group-54B4F2458EED-LeaderElection253
2022-06-29 11:33:05,545 INFO  impl.RoleInfo (RoleInfo.java:updateAndGet(139)) - s2: start s2@group-54B4F2458EED-FollowerState
2022-06-29 11:33:05,810 INFO  impl.FollowerState (FollowerState.java:run(143)) - s2@group-54B4F2458EED-FollowerState: change to CANDIDATE, lastRpcElapsedTime:264632402ns, electionTimeout:262ms
2022-06-29 11:33:05,810 INFO  impl.RoleInfo (RoleInfo.java:shutdownFollowerState(110)) - s2: shutdown s2@group-54B4F2458EED-FollowerState
2022-06-29 11:33:05,810 INFO  server.RaftServer$Division (RaftServerImpl.java:setRole(299)) - s2@group-54B4F2458EED: changes role from  FOLLOWER to CANDIDATE at term 3 for changeToCandidate
2022-06-29 11:33:05,811 INFO  server.RaftServerConfigKeys (ConfUtils.java:logGet(46)) - raft.server.leaderelection.pre-vote = true (default)
2022-06-29 11:33:05,811 INFO  impl.RoleInfo (RoleInfo.java:updateAndGet(139)) - s2: start s2@group-54B4F2458EED-LeaderElection254
2022-06-29 11:33:05,814 INFO  impl.LeaderElection (LeaderElection.java:askForVotes(310)) - s2@group-54B4F2458EED-LeaderElection254 PRE_VOTE round 0: submit vote requests at term 3 for 28: [s0|rpc:localhost:46515|admin:localhost:40757|client:localhost:41939|dataStream:localhost:35593|priority:0, s1|rpc:localhost:34095|admin:localhost:43151|client:localhost:36051|dataStream:localhost:38995|priority:0, s2|rpc:localhost:40453|admin:localhost:33947|client:localhost:38503|dataStream:localhost:42009|priority:0], old=null
2022-06-29 11:33:05,817 INFO  server.RaftServer$Division (RaftServerImpl.java:requestVote(1152)) - s0@group-54B4F2458EED: receive requestVote(PRE_VOTE, s2, group-54B4F2458EED, 3, (t:3, i:31))
2022-06-29 11:33:05,817 WARN  server.GrpcServerProtocolService (LogUtils.java:warn(122)) - s0: Failed requestVote s2->s0#0: org.apache.ratis.protocol.exceptions.ServerNotReadyException: s0@group-54B4F2458EED is not in [RUNNING]: current state is CLOSED
2022-06-29 11:33:05,818 INFO  server.RaftServer$Division (RaftServerImpl.java:requestVote(1152)) - s1@group-54B4F2458EED: receive requestVote(PRE_VOTE, s2, group-54B4F2458EED, 3, (t:3, i:31))
2022-06-29 11:33:05,818 WARN  server.GrpcServerProtocolService (LogUtils.java:warn(122)) - s1: Failed requestVote s2->s1#0: org.apache.ratis.protocol.exceptions.ServerNotReadyException: s1@group-54B4F2458EED is not in [RUNNING]: current state is CLOSED
2022-06-29 11:33:05,821 INFO  impl.LeaderElection (LogUtils.java:infoOrTrace(137)) - s2@group-54B4F2458EED-LeaderElection254 got exception when requesting votes: java.util.concurrent.ExecutionException: org.apache.ratis.thirdparty.io.grpc.StatusRuntimeException: INTERNAL: s0@group-54B4F2458EED is not in [RUNNING]: current state is CLOSED
2022-06-29 11:33:05,821 INFO  impl.LeaderElection (LogUtils.java:infoOrTrace(137)) - s2@group-54B4F2458EED-LeaderElection254 got exception when requesting votes: java.util.concurrent.ExecutionException: org.apache.ratis.thirdparty.io.grpc.StatusRuntimeException: INTERNAL: s1@group-54B4F2458EED is not in [RUNNING]: current state is CLOSED
2022-06-29 11:33:05,821 INFO  impl.LeaderElection (LeaderElection.java:logAndReturn(90)) - s2@group-54B4F2458EED-LeaderElection254: PRE_VOTE REJECTED received 0 response(s) and 2 exception(s):
2022-06-29 11:33:05,821 INFO  impl.LeaderElection (LogUtils.java:infoOrTrace(137)) -   Exception 0: java.util.concurrent.ExecutionException: org.apache.ratis.thirdparty.io.grpc.StatusRuntimeException: INTERNAL: s0@group-54B4F2458EED is not in [RUNNING]: current state is CLOSED
2022-06-29 11:33:05,822 INFO  impl.LeaderElection (LogUtils.java:infoOrTrace(137)) -   Exception 1: java.util.concurrent.ExecutionException: org.apache.ratis.thirdparty.io.grpc.StatusRuntimeException: INTERNAL: s1@group-54B4F2458EED is not in [RUNNING]: current state is CLOSED
2022-06-29 11:33:05,823 INFO  impl.LeaderElection (LeaderElection.java:askForVotes(312)) - s2@group-54B4F2458EED-LeaderElection254 PRE_VOTE round 0: result REJECTED
2022-06-29 11:33:05,823 INFO  server.RaftServer$Division (RaftServerImpl.java:setRole(299)) - s2@group-54B4F2458EED: changes role from CANDIDATE to FOLLOWER at term 3 for REJECTED
2022-06-29 11:33:05,823 INFO  impl.RoleInfo (RoleInfo.java:shutdownLeaderElection(130)) - s2: shutdown s2@group-54B4F2458EED-LeaderElection254
2022-06-29 11:33:05,824 INFO  impl.RoleInfo (RoleInfo.java:updateAndGet(139)) - s2: start s2@group-54B4F2458EED-FollowerState
2022-06-29 11:33:06,030 INFO  impl.FollowerState (FollowerState.java:run(143)) - s2@group-54B4F2458EED-FollowerState: change to CANDIDATE, lastRpcElapsedTime:206405153ns, electionTimeout:203ms
2022-06-29 11:33:06,030 INFO  impl.RoleInfo (RoleInfo.java:shutdownFollowerState(110)) - s2: shutdown s2@group-54B4F2458EED-FollowerState
2022-06-29 11:33:06,030 INFO  server.RaftServer$Division (RaftServerImpl.java:setRole(299)) - s2@group-54B4F2458EED: changes role from  FOLLOWER to CANDIDATE at term 3 for changeToCandidate
2022-06-29 11:33:06,032 INFO  server.RaftServerConfigKeys (ConfUtils.java:logGet(46)) - raft.server.leaderelection.pre-vote = true (default)
2022-06-29 11:33:06,032 INFO  impl.RoleInfo (RoleInfo.java:updateAndGet(139)) - s2: start s2@group-54B4F2458EED-LeaderElection255
2022-06-29 11:33:06,033 INFO  impl.LeaderElection (LeaderElection.java:askForVotes(310)) - s2@group-54B4F2458EED-LeaderElection255 PRE_VOTE round 0: submit vote requests at term 3 for 28: [s0|rpc:localhost:46515|admin:localhost:40757|client:localhost:41939|dataStream:localhost:35593|priority:0, s1|rpc:localhost:34095|admin:localhost:43151|client:localhost:36051|dataStream:localhost:38995|priority:0, s2|rpc:localhost:40453|admin:localhost:33947|client:localhost:38503|dataStream:localhost:42009|priority:0], old=null
2022-06-29 11:33:06,037 INFO  server.RaftServer$Division (RaftServerImpl.java:requestVote(1152)) - s0@group-54B4F2458EED: receive requestVote(PRE_VOTE, s2, group-54B4F2458EED, 3, (t:3, i:31))
2022-06-29 11:33:06,037 WARN  server.GrpcServerProtocolService (LogUtils.java:warn(122)) - s0: Failed requestVote s2->s0#0: org.apache.ratis.protocol.exceptions.ServerNotReadyException: s0@group-54B4F2458EED is not in [RUNNING]: current state is CLOSED
2022-06-29 11:33:06,039 INFO  server.RaftServer$Division (RaftServerImpl.java:requestVote(1152)) - s1@group-54B4F2458EED: receive requestVote(PRE_VOTE, s2, group-54B4F2458EED, 3, (t:3, i:31))
2022-06-29 11:33:06,039 WARN  server.GrpcServerProtocolService (LogUtils.java:warn(122)) - s1: Failed requestVote s2->s1#0: org.apache.ratis.protocol.exceptions.ServerNotReadyException: s1@group-54B4F2458EED is not in [RUNNING]: current state is CLOSED
2022-06-29 11:33:06,040 INFO  impl.LeaderElection (LogUtils.java:infoOrTrace(137)) - s2@group-54B4F2458EED-LeaderElection255 got exception when requesting votes: java.util.concurrent.ExecutionException: org.apache.ratis.thirdparty.io.grpc.StatusRuntimeException: INTERNAL: s0@group-54B4F2458EED is not in [RUNNING]: current state is CLOSED
2022-06-29 11:33:06,040 INFO  impl.LeaderElection (LogUtils.java:infoOrTrace(137)) - s2@group-54B4F2458EED-LeaderElection255 got exception when requesting votes: java.util.concurrent.ExecutionException: org.apache.ratis.thirdparty.io.grpc.StatusRuntimeException: INTERNAL: s1@group-54B4F2458EED is not in [RUNNING]: current state is CLOSED
2022-06-29 11:33:06,040 INFO  impl.LeaderElection (LeaderElection.java:logAndReturn(90)) - s2@group-54B4F2458EED-LeaderElection255: PRE_VOTE REJECTED received 0 response(s) and 2 exception(s):
2022-06-29 11:33:06,040 INFO  impl.LeaderElection (LogUtils.java:infoOrTrace(137)) -   Exception 0: java.util.concurrent.ExecutionException: org.apache.ratis.thirdparty.io.grpc.StatusRuntimeException: INTERNAL: s0@group-54B4F2458EED is not in [RUNNING]: current state is CLOSED
2022-06-29 11:33:06,040 INFO  impl.LeaderElection (LogUtils.java:infoOrTrace(137)) -   Exception 1: java.util.concurrent.ExecutionException: org.apache.ratis.thirdparty.io.grpc.StatusRuntimeException: INTERNAL: s1@group-54B4F2458EED is not in [RUNNING]: current state is CLOSED
2022-06-29 11:33:06,040 INFO  impl.LeaderElection (LeaderElection.java:askForVotes(312)) - s2@group-54B4F2458EED-LeaderElection255 PRE_VOTE round 0: result REJECTED
2022-06-29 11:33:06,040 INFO  server.RaftServer$Division (RaftServerImpl.java:setRole(299)) - s2@group-54B4F2458EED: changes role from CANDIDATE to FOLLOWER at term 3 for REJECTED
2022-06-29 11:33:06,040 INFO  impl.RoleInfo (RoleInfo.java:shutdownLeaderElection(130)) - s2: shutdown s2@group-54B4F2458EED-LeaderElection255
2022-06-29 11:33:06,041 INFO  impl.RoleInfo (RoleInfo.java:updateAndGet(139)) - s2: start s2@group-54B4F2458EED-FollowerState
2022-06-29 11:33:06,319 INFO  impl.FollowerState (FollowerState.java:run(143)) - s2@group-54B4F2458EED-FollowerState: change to CANDIDATE, lastRpcElapsedTime:278701974ns, electionTimeout:270ms
2022-06-29 11:33:06,319 INFO  impl.RoleInfo (RoleInfo.java:shutdownFollowerState(110)) - s2: shutdown s2@group-54B4F2458EED-FollowerState
2022-06-29 11:33:06,319 INFO  server.RaftServer$Division (RaftServerImpl.java:setRole(299)) - s2@group-54B4F2458EED: changes role from  FOLLOWER to CANDIDATE at term 3 for changeToCandidate
2022-06-29 11:33:06,323 INFO  server.RaftServerConfigKeys (ConfUtils.java:logGet(46)) - raft.server.leaderelection.pre-vote = true (default)
2022-06-29 11:33:06,323 INFO  impl.RoleInfo (RoleInfo.java:updateAndGet(139)) - s2: start s2@group-54B4F2458EED-LeaderElection256
2022-06-29 11:33:06,329 INFO  impl.LeaderElection (LeaderElection.java:askForVotes(310)) - s2@group-54B4F2458EED-LeaderElection256 PRE_VOTE round 0: submit vote requests at term 3 for 28: [s0|rpc:localhost:46515|admin:localhost:40757|client:localhost:41939|dataStream:localhost:35593|priority:0, s1|rpc:localhost:34095|admin:localhost:43151|client:localhost:36051|dataStream:localhost:38995|priority:0, s2|rpc:localhost:40453|admin:localhost:33947|client:localhost:38503|dataStream:localhost:42009|priority:0], old=null
2022-06-29 11:33:06,331 INFO  server.RaftServer$Division (RaftServerImpl.java:requestVote(1152)) - s0@group-54B4F2458EED: receive requestVote(PRE_VOTE, s2, group-54B4F2458EED, 3, (t:3, i:31))
2022-06-29 11:33:06,331 WARN  server.GrpcServerProtocolService (LogUtils.java:warn(122)) - s0: Failed requestVote s2->s0#0: org.apache.ratis.protocol.exceptions.ServerNotReadyException: s0@group-54B4F2458EED is not in [RUNNING]: current state is CLOSED
2022-06-29 11:33:06,331 INFO  server.RaftServer$Division (RaftServerImpl.java:requestVote(1152)) - s1@group-54B4F2458EED: receive requestVote(PRE_VOTE, s2, group-54B4F2458EED, 3, (t:3, i:31))
2022-06-29 11:33:06,331 WARN  server.GrpcServerProtocolService (LogUtils.java:warn(122)) - s1: Failed requestVote s2->s1#0: org.apache.ratis.protocol.exceptions.ServerNotReadyException: s1@group-54B4F2458EED is not in [RUNNING]: current state is CLOSED
2022-06-29 11:33:06,333 INFO  impl.LeaderElection (LogUtils.java:infoOrTrace(137)) - s2@group-54B4F2458EED-LeaderElection256 got exception when requesting votes: java.util.concurrent.ExecutionException: org.apache.ratis.thirdparty.io.grpc.StatusRuntimeException: INTERNAL: s0@group-54B4F2458EED is not in [RUNNING]: current state is CLOSED
2022-06-29 11:33:06,333 INFO  impl.LeaderElection (LogUtils.java:infoOrTrace(137)) - s2@group-54B4F2458EED-LeaderElection256 got exception when requesting votes: java.util.concurrent.ExecutionException: org.apache.ratis.thirdparty.io.grpc.StatusRuntimeException: INTERNAL: s1@group-54B4F2458EED is not in [RUNNING]: current state is CLOSED
2022-06-29 11:33:06,333 INFO  impl.LeaderElection (LeaderElection.java:logAndReturn(90)) - s2@group-54B4F2458EED-LeaderElection256: PRE_VOTE REJECTED received 0 response(s) and 2 exception(s):
2022-06-29 11:33:06,333 INFO  impl.LeaderElection (LogUtils.java:infoOrTrace(137)) -   Exception 0: java.util.concurrent.ExecutionException: org.apache.ratis.thirdparty.io.grpc.StatusRuntimeException: INTERNAL: s0@group-54B4F2458EED is not in [RUNNING]: current state is CLOSED
2022-06-29 11:33:06,333 INFO  impl.LeaderElection (LogUtils.java:infoOrTrace(137)) -   Exception 1: java.util.concurrent.ExecutionException: org.apache.ratis.thirdparty.io.grpc.StatusRuntimeException: INTERNAL: s1@group-54B4F2458EED is not in [RUNNING]: current state is CLOSED
2022-06-29 11:33:06,333 INFO  impl.LeaderElection (LeaderElection.java:askForVotes(312)) - s2@group-54B4F2458EED-LeaderElection256 PRE_VOTE round 0: result REJECTED
2022-06-29 11:33:06,333 INFO  server.RaftServer$Division (RaftServerImpl.java:setRole(299)) - s2@group-54B4F2458EED: changes role from CANDIDATE to FOLLOWER at term 3 for REJECTED
2022-06-29 11:33:06,333 INFO  impl.RoleInfo (RoleInfo.java:shutdownLeaderElection(130)) - s2: shutdown s2@group-54B4F2458EED-LeaderElection256
2022-06-29 11:33:06,336 INFO  impl.RoleInfo (RoleInfo.java:updateAndGet(139)) - s2: start s2@group-54B4F2458EED-FollowerState
2022-06-29 11:33:06,585 INFO  impl.FollowerState (FollowerState.java:run(143)) - s2@group-54B4F2458EED-FollowerState: change to CANDIDATE, lastRpcElapsedTime:249492098ns, electionTimeout:248ms
2022-06-29 11:33:06,586 INFO  impl.RoleInfo (RoleInfo.java:shutdownFollowerState(110)) - s2: shutdown s2@group-54B4F2458EED-FollowerState
2022-06-29 11:33:06,586 INFO  server.RaftServer$Division (RaftServerImpl.java:setRole(299)) - s2@group-54B4F2458EED: changes role from  FOLLOWER to CANDIDATE at term 3 for changeToCandidate
2022-06-29 11:33:06,586 INFO  server.RaftServerConfigKeys (ConfUtils.java:logGet(46)) - raft.server.leaderelection.pre-vote = true (default)
2022-06-29 11:33:06,586 INFO  impl.RoleInfo (RoleInfo.java:updateAndGet(139)) - s2: start s2@group-54B4F2458EED-LeaderElection257
2022-06-29 11:33:06,587 INFO  impl.LeaderElection (LeaderElection.java:askForVotes(310)) - s2@group-54B4F2458EED-LeaderElection257 PRE_VOTE round 0: submit vote requests at term 3 for 28: [s0|rpc:localhost:46515|admin:localhost:40757|client:localhost:41939|dataStream:localhost:35593|priority:0, s1|rpc:localhost:34095|admin:localhost:43151|client:localhost:36051|dataStream:localhost:38995|priority:0, s2|rpc:localhost:40453|admin:localhost:33947|client:localhost:38503|dataStream:localhost:42009|priority:0], old=null
2022-06-29 11:33:06,592 INFO  server.RaftServer$Division (RaftServerImpl.java:requestVote(1152)) - s0@group-54B4F2458EED: receive requestVote(PRE_VOTE, s2, group-54B4F2458EED, 3, (t:3, i:31))
2022-06-29 11:33:06,592 WARN  server.GrpcServerProtocolService (LogUtils.java:warn(122)) - s0: Failed requestVote s2->s0#0: org.apache.ratis.protocol.exceptions.ServerNotReadyException: s0@group-54B4F2458EED is not in [RUNNING]: current state is CLOSED
2022-06-29 11:33:06,593 INFO  server.RaftServer$Division (RaftServerImpl.java:requestVote(1152)) - s1@group-54B4F2458EED: receive requestVote(PRE_VOTE, s2, group-54B4F2458EED, 3, (t:3, i:31))
2022-06-29 11:33:06,593 WARN  server.GrpcServerProtocolService (LogUtils.java:warn(122)) - s1: Failed requestVote s2->s1#0: org.apache.ratis.protocol.exceptions.ServerNotReadyException: s1@group-54B4F2458EED is not in [RUNNING]: current state is CLOSED
2022-06-29 11:33:06,594 INFO  impl.LeaderElection (LogUtils.java:infoOrTrace(137)) - s2@group-54B4F2458EED-LeaderElection257 got exception when requesting votes: java.util.concurrent.ExecutionException: org.apache.ratis.thirdparty.io.grpc.StatusRuntimeException: INTERNAL: s0@group-54B4F2458EED is not in [RUNNING]: current state is CLOSED
2022-06-29 11:33:06,594 INFO  impl.LeaderElection (LogUtils.java:infoOrTrace(137)) - s2@group-54B4F2458EED-LeaderElection257 got exception when requesting votes: java.util.concurrent.ExecutionException: org.apache.ratis.thirdparty.io.grpc.StatusRuntimeException: INTERNAL: s1@group-54B4F2458EED is not in [RUNNING]: current state is CLOSED
2022-06-29 11:33:06,594 INFO  impl.LeaderElection (LeaderElection.java:logAndReturn(90)) - s2@group-54B4F2458EED-LeaderElection257: PRE_VOTE REJECTED received 0 response(s) and 2 exception(s):
2022-06-29 11:33:06,594 INFO  impl.LeaderElection (LogUtils.java:infoOrTrace(137)) -   Exception 0: java.util.concurrent.ExecutionException: org.apache.ratis.thirdparty.io.grpc.StatusRuntimeException: INTERNAL: s0@group-54B4F2458EED is not in [RUNNING]: current state is CLOSED
2022-06-29 11:33:06,594 INFO  impl.LeaderElection (LogUtils.java:infoOrTrace(137)) -   Exception 1: java.util.concurrent.ExecutionException: org.apache.ratis.thirdparty.io.grpc.StatusRuntimeException: INTERNAL: s1@group-54B4F2458EED is not in [RUNNING]: current state is CLOSED
2022-06-29 11:33:06,596 INFO  impl.LeaderElection (LeaderElection.java:askForVotes(312)) - s2@group-54B4F2458EED-LeaderElection257 PRE_VOTE round 0: result REJECTED
2022-06-29 11:33:06,596 INFO  server.RaftServer$Division (RaftServerImpl.java:setRole(299)) - s2@group-54B4F2458EED: changes role from CANDIDATE to FOLLOWER at term 3 for REJECTED
2022-06-29 11:33:06,596 INFO  impl.RoleInfo (RoleInfo.java:shutdownLeaderElection(130)) - s2: shutdown s2@group-54B4F2458EED-LeaderElection257
2022-06-29 11:33:06,596 INFO  impl.RoleInfo (RoleInfo.java:updateAndGet(139)) - s2: start s2@group-54B4F2458EED-FollowerState
2022-06-29 11:33:06,823 INFO  impl.FollowerState (FollowerState.java:run(143)) - s2@group-54B4F2458EED-FollowerState: change to CANDIDATE, lastRpcElapsedTime:227555118ns, electionTimeout:225ms
2022-06-29 11:33:06,823 INFO  impl.RoleInfo (RoleInfo.java:shutdownFollowerState(110)) - s2: shutdown s2@group-54B4F2458EED-FollowerState
2022-06-29 11:33:06,823 INFO  server.RaftServer$Division (RaftServerImpl.java:setRole(299)) - s2@group-54B4F2458EED: changes role from  FOLLOWER to CANDIDATE at term 3 for changeToCandidate
2022-06-29 11:33:06,824 INFO  server.RaftServerConfigKeys (ConfUtils.java:logGet(46)) - raft.server.leaderelection.pre-vote = true (default)
2022-06-29 11:33:06,824 INFO  impl.RoleInfo (RoleInfo.java:updateAndGet(139)) - s2: start s2@group-54B4F2458EED-LeaderElection258
2022-06-29 11:33:06,827 INFO  impl.LeaderElection (LeaderElection.java:askForVotes(310)) - s2@group-54B4F2458EED-LeaderElection258 PRE_VOTE round 0: submit vote requests at term 3 for 28: [s0|rpc:localhost:46515|admin:localhost:40757|client:localhost:41939|dataStream:localhost:35593|priority:0, s1|rpc:localhost:34095|admin:localhost:43151|client:localhost:36051|dataStream:localhost:38995|priority:0, s2|rpc:localhost:40453|admin:localhost:33947|client:localhost:38503|dataStream:localhost:42009|priority:0], old=null
2022-06-29 11:33:06,829 INFO  server.RaftServer$Division (RaftServerImpl.java:requestVote(1152)) - s0@group-54B4F2458EED: receive requestVote(PRE_VOTE, s2, group-54B4F2458EED, 3, (t:3, i:31))
2022-06-29 11:33:06,829 WARN  server.GrpcServerProtocolService (LogUtils.java:warn(122)) - s0: Failed requestVote s2->s0#0: org.apache.ratis.protocol.exceptions.ServerNotReadyException: s0@group-54B4F2458EED is not in [RUNNING]: current state is CLOSED
2022-06-29 11:33:06,829 INFO  server.RaftServer$Division (RaftServerImpl.java:requestVote(1152)) - s1@group-54B4F2458EED: receive requestVote(PRE_VOTE, s2, group-54B4F2458EED, 3, (t:3, i:31))
2022-06-29 11:33:06,830 WARN  server.GrpcServerProtocolService (LogUtils.java:warn(122)) - s1: Failed requestVote s2->s1#0: org.apache.ratis.protocol.exceptions.ServerNotReadyException: s1@group-54B4F2458EED is not in [RUNNING]: current state is CLOSED
2022-06-29 11:33:06,831 INFO  impl.LeaderElection (LogUtils.java:infoOrTrace(137)) - s2@group-54B4F2458EED-LeaderElection258 got exception when requesting votes: java.util.concurrent.ExecutionException: org.apache.ratis.thirdparty.io.grpc.StatusRuntimeException: INTERNAL: s0@group-54B4F2458EED is not in [RUNNING]: current state is CLOSED
2022-06-29 11:33:06,832 INFO  impl.LeaderElection (LogUtils.java:infoOrTrace(137)) - s2@group-54B4F2458EED-LeaderElection258 got exception when requesting votes: java.util.concurrent.ExecutionException: org.apache.ratis.thirdparty.io.grpc.StatusRuntimeException: INTERNAL: s1@group-54B4F2458EED is not in [RUNNING]: current state is CLOSED
2022-06-29 11:33:06,832 INFO  impl.LeaderElection (LeaderElection.java:logAndReturn(90)) - s2@group-54B4F2458EED-LeaderElection258: PRE_VOTE REJECTED received 0 response(s) and 2 exception(s):
2022-06-29 11:33:06,832 INFO  impl.LeaderElection (LogUtils.java:infoOrTrace(137)) -   Exception 0: java.util.concurrent.ExecutionException: org.apache.ratis.thirdparty.io.grpc.StatusRuntimeException: INTERNAL: s0@group-54B4F2458EED is not in [RUNNING]: current state is CLOSED
2022-06-29 11:33:06,832 INFO  impl.LeaderElection (LogUtils.java:infoOrTrace(137)) -   Exception 1: java.util.concurrent.ExecutionException: org.apache.ratis.thirdparty.io.grpc.StatusRuntimeException: INTERNAL: s1@group-54B4F2458EED is not in [RUNNING]: current state is CLOSED
2022-06-29 11:33:06,832 INFO  impl.LeaderElection (LeaderElection.java:askForVotes(312)) - s2@group-54B4F2458EED-LeaderElection258 PRE_VOTE round 0: result REJECTED
2022-06-29 11:33:06,832 INFO  server.RaftServer$Division (RaftServerImpl.java:setRole(299)) - s2@group-54B4F2458EED: changes role from CANDIDATE to FOLLOWER at term 3 for REJECTED
2022-06-29 11:33:06,832 INFO  impl.RoleInfo (RoleInfo.java:shutdownLeaderElection(130)) - s2: shutdown s2@group-54B4F2458EED-LeaderElection258
2022-06-29 11:33:06,832 INFO  impl.RoleInfo (RoleInfo.java:updateAndGet(139)) - s2: start s2@group-54B4F2458EED-FollowerState
2022-06-29 11:33:07,125 INFO  impl.FollowerState (FollowerState.java:run(143)) - s2@group-54B4F2458EED-FollowerState: change to CANDIDATE, lastRpcElapsedTime:293424858ns, electionTimeout:290ms
2022-06-29 11:33:07,126 INFO  impl.RoleInfo (RoleInfo.java:shutdownFollowerState(110)) - s2: shutdown s2@group-54B4F2458EED-FollowerState
2022-06-29 11:33:07,126 INFO  server.RaftServer$Division (RaftServerImpl.java:setRole(299)) - s2@group-54B4F2458EED: changes role from  FOLLOWER to CANDIDATE at term 3 for changeToCandidate
2022-06-29 11:33:07,126 INFO  server.RaftServerConfigKeys (ConfUtils.java:logGet(46)) - raft.server.leaderelection.pre-vote = true (default)
2022-06-29 11:33:07,126 INFO  impl.RoleInfo (RoleInfo.java:updateAndGet(139)) - s2: start s2@group-54B4F2458EED-LeaderElection259
2022-06-29 11:33:07,128 INFO  impl.LeaderElection (LeaderElection.java:askForVotes(310)) - s2@group-54B4F2458EED-LeaderElection259 PRE_VOTE round 0: submit vote requests at term 3 for 28: [s0|rpc:localhost:46515|admin:localhost:40757|client:localhost:41939|dataStream:localhost:35593|priority:0, s1|rpc:localhost:34095|admin:localhost:43151|client:localhost:36051|dataStream:localhost:38995|priority:0, s2|rpc:localhost:40453|admin:localhost:33947|client:localhost:38503|dataStream:localhost:42009|priority:0], old=null
2022-06-29 11:33:07,129 INFO  server.RaftServer$Division (RaftServerImpl.java:requestVote(1152)) - s0@group-54B4F2458EED: receive requestVote(PRE_VOTE, s2, group-54B4F2458EED, 3, (t:3, i:31))
2022-06-29 11:33:07,129 WARN  server.GrpcServerProtocolService (LogUtils.java:warn(122)) - s0: Failed requestVote s2->s0#0: org.apache.ratis.protocol.exceptions.ServerNotReadyException: s0@group-54B4F2458EED is not in [RUNNING]: current state is CLOSED
2022-06-29 11:33:07,131 INFO  server.RaftServer$Division (RaftServerImpl.java:requestVote(1152)) - s1@group-54B4F2458EED: receive requestVote(PRE_VOTE, s2, group-54B4F2458EED, 3, (t:3, i:31))
2022-06-29 11:33:07,131 WARN  server.GrpcServerProtocolService (LogUtils.java:warn(122)) - s1: Failed requestVote s2->s1#0: org.apache.ratis.protocol.exceptions.ServerNotReadyException: s1@group-54B4F2458EED is not in [RUNNING]: current state is CLOSED
2022-06-29 11:33:07,132 INFO  impl.LeaderElection (LogUtils.java:infoOrTrace(137)) - s2@group-54B4F2458EED-LeaderElection259 got exception when requesting votes: java.util.concurrent.ExecutionException: org.apache.ratis.thirdparty.io.grpc.StatusRuntimeException: INTERNAL: s0@group-54B4F2458EED is not in [RUNNING]: current state is CLOSED
2022-06-29 11:33:07,132 INFO  impl.LeaderElection (LogUtils.java:infoOrTrace(137)) - s2@group-54B4F2458EED-LeaderElection259 got exception when requesting votes: java.util.concurrent.ExecutionException: org.apache.ratis.thirdparty.io.grpc.StatusRuntimeException: INTERNAL: s1@group-54B4F2458EED is not in [RUNNING]: current state is CLOSED
2022-06-29 11:33:07,132 INFO  impl.LeaderElection (LeaderElection.java:logAndReturn(90)) - s2@group-54B4F2458EED-LeaderElection259: PRE_VOTE REJECTED received 0 response(s) and 2 exception(s):
2022-06-29 11:33:07,132 INFO  impl.LeaderElection (LogUtils.java:infoOrTrace(137)) -   Exception 0: java.util.concurrent.ExecutionException: org.apache.ratis.thirdparty.io.grpc.StatusRuntimeException: INTERNAL: s0@group-54B4F2458EED is not in [RUNNING]: current state is CLOSED
2022-06-29 11:33:07,132 INFO  impl.LeaderElection (LogUtils.java:infoOrTrace(137)) -   Exception 1: java.util.concurrent.ExecutionException: org.apache.ratis.thirdparty.io.grpc.StatusRuntimeException: INTERNAL: s1@group-54B4F2458EED is not in [RUNNING]: current state is CLOSED
2022-06-29 11:33:07,132 INFO  impl.LeaderElection (LeaderElection.java:askForVotes(312)) - s2@group-54B4F2458EED-LeaderElection259 PRE_VOTE round 0: result REJECTED
2022-06-29 11:33:07,132 INFO  server.RaftServer$Division (RaftServerImpl.java:setRole(299)) - s2@group-54B4F2458EED: changes role from CANDIDATE to FOLLOWER at term 3 for REJECTED
2022-06-29 11:33:07,132 INFO  impl.RoleInfo (RoleInfo.java:shutdownLeaderElection(130)) - s2: shutdown s2@group-54B4F2458EED-LeaderElection259
2022-06-29 11:33:07,133 INFO  impl.RoleInfo (RoleInfo.java:updateAndGet(139)) - s2: start s2@group-54B4F2458EED-FollowerState
2022-06-29 11:33:07,316 INFO  impl.FollowerState (FollowerState.java:run(143)) - s2@group-54B4F2458EED-FollowerState: change to CANDIDATE, lastRpcElapsedTime:183008741ns, electionTimeout:180ms
2022-06-29 11:33:07,316 INFO  impl.RoleInfo (RoleInfo.java:shutdownFollowerState(110)) - s2: shutdown s2@group-54B4F2458EED-FollowerState
2022-06-29 11:33:07,316 INFO  server.RaftServer$Division (RaftServerImpl.java:setRole(299)) - s2@group-54B4F2458EED: changes role from  FOLLOWER to CANDIDATE at term 3 for changeToCandidate
2022-06-29 11:33:07,316 INFO  server.RaftServerConfigKeys (ConfUtils.java:logGet(46)) - raft.server.leaderelection.pre-vote = true (default)
2022-06-29 11:33:07,316 INFO  impl.RoleInfo (RoleInfo.java:updateAndGet(139)) - s2: start s2@group-54B4F2458EED-LeaderElection260
2022-06-29 11:33:07,320 INFO  impl.LeaderElection (LeaderElection.java:askForVotes(310)) - s2@group-54B4F2458EED-LeaderElection260 PRE_VOTE round 0: submit vote requests at term 3 for 28: [s0|rpc:localhost:46515|admin:localhost:40757|client:localhost:41939|dataStream:localhost:35593|priority:0, s1|rpc:localhost:34095|admin:localhost:43151|client:localhost:36051|dataStream:localhost:38995|priority:0, s2|rpc:localhost:40453|admin:localhost:33947|client:localhost:38503|dataStream:localhost:42009|priority:0], old=null
2022-06-29 11:33:07,324 INFO  server.RaftServer$Division (RaftServerImpl.java:requestVote(1152)) - s0@group-54B4F2458EED: receive requestVote(PRE_VOTE, s2, group-54B4F2458EED, 3, (t:3, i:31))
2022-06-29 11:33:07,324 WARN  server.GrpcServerProtocolService (LogUtils.java:warn(122)) - s0: Failed requestVote s2->s0#0: org.apache.ratis.protocol.exceptions.ServerNotReadyException: s0@group-54B4F2458EED is not in [RUNNING]: current state is CLOSED
2022-06-29 11:33:07,330 INFO  impl.LeaderElection (LogUtils.java:infoOrTrace(137)) - s2@group-54B4F2458EED-LeaderElection260 got exception when requesting votes: java.util.concurrent.ExecutionException: org.apache.ratis.thirdparty.io.grpc.StatusRuntimeException: INTERNAL: s0@group-54B4F2458EED is not in [RUNNING]: current state is CLOSED
2022-06-29 11:33:07,331 INFO  server.RaftServer$Division (RaftServerImpl.java:requestVote(1152)) - s1@group-54B4F2458EED: receive requestVote(PRE_VOTE, s2, group-54B4F2458EED, 3, (t:3, i:31))
2022-06-29 11:33:07,331 WARN  server.GrpcServerProtocolService (LogUtils.java:warn(122)) - s1: Failed requestVote s2->s1#0: org.apache.ratis.protocol.exceptions.ServerNotReadyException: s1@group-54B4F2458EED is not in [RUNNING]: current state is CLOSED
2022-06-29 11:33:07,343 INFO  impl.LeaderElection (LogUtils.java:infoOrTrace(137)) - s2@group-54B4F2458EED-LeaderElection260 got exception when requesting votes: java.util.concurrent.ExecutionException: org.apache.ratis.thirdparty.io.grpc.StatusRuntimeException: INTERNAL: s1@group-54B4F2458EED is not in [RUNNING]: current state is CLOSED
2022-06-29 11:33:07,343 INFO  impl.LeaderElection (LeaderElection.java:logAndReturn(90)) - s2@group-54B4F2458EED-LeaderElection260: PRE_VOTE REJECTED received 0 response(s) and 2 exception(s):
2022-06-29 11:33:07,343 INFO  impl.LeaderElection (LogUtils.java:infoOrTrace(137)) -   Exception 0: java.util.concurrent.ExecutionException: org.apache.ratis.thirdparty.io.grpc.StatusRuntimeException: INTERNAL: s0@group-54B4F2458EED is not in [RUNNING]: current state is CLOSED
2022-06-29 11:33:07,343 INFO  impl.LeaderElection (LogUtils.java:infoOrTrace(137)) -   Exception 1: java.util.concurrent.ExecutionException: org.apache.ratis.thirdparty.io.grpc.StatusRuntimeException: INTERNAL: s1@group-54B4F2458EED is not in [RUNNING]: current state is CLOSED
2022-06-29 11:33:07,343 INFO  impl.LeaderElection (LeaderElection.java:askForVotes(312)) - s2@group-54B4F2458EED-LeaderElection260 PRE_VOTE round 0: result REJECTED
2022-06-29 11:33:07,343 INFO  server.RaftServer$Division (RaftServerImpl.java:setRole(299)) - s2@group-54B4F2458EED: changes role from CANDIDATE to FOLLOWER at term 3 for REJECTED
2022-06-29 11:33:07,343 INFO  impl.RoleInfo (RoleInfo.java:shutdownLeaderElection(130)) - s2: shutdown s2@group-54B4F2458EED-LeaderElection260
2022-06-29 11:33:07,343 INFO  impl.RoleInfo (RoleInfo.java:updateAndGet(139)) - s2: start s2@group-54B4F2458EED-FollowerState
2022-06-29 11:33:07,608 INFO  impl.FollowerState (FollowerState.java:run(143)) - s2@group-54B4F2458EED-FollowerState: change to CANDIDATE, lastRpcElapsedTime:264608484ns, electionTimeout:263ms
2022-06-29 11:33:07,608 INFO  impl.RoleInfo (RoleInfo.java:shutdownFollowerState(110)) - s2: shutdown s2@group-54B4F2458EED-FollowerState
2022-06-29 11:33:07,608 INFO  server.RaftServer$Division (RaftServerImpl.java:setRole(299)) - s2@group-54B4F2458EED: changes role from  FOLLOWER to CANDIDATE at term 3 for changeToCandidate
2022-06-29 11:33:07,610 INFO  server.RaftServerConfigKeys (ConfUtils.java:logGet(46)) - raft.server.leaderelection.pre-vote = true (default)
2022-06-29 11:33:07,610 INFO  impl.RoleInfo (RoleInfo.java:updateAndGet(139)) - s2: start s2@group-54B4F2458EED-LeaderElection261
2022-06-29 11:33:07,613 INFO  impl.LeaderElection (LeaderElection.java:askForVotes(310)) - s2@group-54B4F2458EED-LeaderElection261 PRE_VOTE round 0: submit vote requests at term 3 for 28: [s0|rpc:localhost:46515|admin:localhost:40757|client:localhost:41939|dataStream:localhost:35593|priority:0, s1|rpc:localhost:34095|admin:localhost:43151|client:localhost:36051|dataStream:localhost:38995|priority:0, s2|rpc:localhost:40453|admin:localhost:33947|client:localhost:38503|dataStream:localhost:42009|priority:0], old=null
2022-06-29 11:33:07,616 INFO  server.RaftServer$Division (RaftServerImpl.java:requestVote(1152)) - s0@group-54B4F2458EED: receive requestVote(PRE_VOTE, s2, group-54B4F2458EED, 3, (t:3, i:31))
2022-06-29 11:33:07,616 WARN  server.GrpcServerProtocolService (LogUtils.java:warn(122)) - s0: Failed requestVote s2->s0#0: org.apache.ratis.protocol.exceptions.ServerNotReadyException: s0@group-54B4F2458EED is not in [RUNNING]: current state is CLOSED
2022-06-29 11:33:07,616 INFO  server.RaftServer$Division (RaftServerImpl.java:requestVote(1152)) - s1@group-54B4F2458EED: receive requestVote(PRE_VOTE, s2, group-54B4F2458EED, 3, (t:3, i:31))
2022-06-29 11:33:07,616 WARN  server.GrpcServerProtocolService (LogUtils.java:warn(122)) - s1: Failed requestVote s2->s1#0: org.apache.ratis.protocol.exceptions.ServerNotReadyException: s1@group-54B4F2458EED is not in [RUNNING]: current state is CLOSED
2022-06-29 11:33:07,617 INFO  impl.LeaderElection (LogUtils.java:infoOrTrace(137)) - s2@group-54B4F2458EED-LeaderElection261 got exception when requesting votes: java.util.concurrent.ExecutionException: org.apache.ratis.thirdparty.io.grpc.StatusRuntimeException: INTERNAL: s0@group-54B4F2458EED is not in [RUNNING]: current state is CLOSED
2022-06-29 11:33:07,617 INFO  impl.LeaderElection (LogUtils.java:infoOrTrace(137)) - s2@group-54B4F2458EED-LeaderElection261 got exception when requesting votes: java.util.concurrent.ExecutionException: org.apache.ratis.thirdparty.io.grpc.StatusRuntimeException: INTERNAL: s1@group-54B4F2458EED is not in [RUNNING]: current state is CLOSED
2022-06-29 11:33:07,617 INFO  impl.LeaderElection (LeaderElection.java:logAndReturn(90)) - s2@group-54B4F2458EED-LeaderElection261: PRE_VOTE REJECTED received 0 response(s) and 2 exception(s):
2022-06-29 11:33:07,617 INFO  impl.LeaderElection (LogUtils.java:infoOrTrace(137)) -   Exception 0: java.util.concurrent.ExecutionException: org.apache.ratis.thirdparty.io.grpc.StatusRuntimeException: INTERNAL: s0@group-54B4F2458EED is not in [RUNNING]: current state is CLOSED
2022-06-29 11:33:07,617 INFO  impl.LeaderElection (LogUtils.java:infoOrTrace(137)) -   Exception 1: java.util.concurrent.ExecutionException: org.apache.ratis.thirdparty.io.grpc.StatusRuntimeException: INTERNAL: s1@group-54B4F2458EED is not in [RUNNING]: current state is CLOSED
2022-06-29 11:33:07,617 INFO  impl.LeaderElection (LeaderElection.java:askForVotes(312)) - s2@group-54B4F2458EED-LeaderElection261 PRE_VOTE round 0: result REJECTED
2022-06-29 11:33:07,618 INFO  server.RaftServer$Division (RaftServerImpl.java:setRole(299)) - s2@group-54B4F2458EED: changes role from CANDIDATE to FOLLOWER at term 3 for REJECTED
2022-06-29 11:33:07,618 INFO  impl.RoleInfo (RoleInfo.java:shutdownLeaderElection(130)) - s2: shutdown s2@group-54B4F2458EED-LeaderElection261
2022-06-29 11:33:07,618 INFO  impl.RoleInfo (RoleInfo.java:updateAndGet(139)) - s2: start s2@group-54B4F2458EED-FollowerState
2022-06-29 11:33:07,778 INFO  impl.FollowerState (FollowerState.java:run(143)) - s2@group-54B4F2458EED-FollowerState: change to CANDIDATE, lastRpcElapsedTime:160756056ns, electionTimeout:160ms
2022-06-29 11:33:07,778 INFO  impl.RoleInfo (RoleInfo.java:shutdownFollowerState(110)) - s2: shutdown s2@group-54B4F2458EED-FollowerState
2022-06-29 11:33:07,778 INFO  server.RaftServer$Division (RaftServerImpl.java:setRole(299)) - s2@group-54B4F2458EED: changes role from  FOLLOWER to CANDIDATE at term 3 for changeToCandidate
2022-06-29 11:33:07,779 INFO  server.RaftServerConfigKeys (ConfUtils.java:logGet(46)) - raft.server.leaderelection.pre-vote = true (default)
2022-06-29 11:33:07,779 INFO  impl.RoleInfo (RoleInfo.java:updateAndGet(139)) - s2: start s2@group-54B4F2458EED-LeaderElection262
2022-06-29 11:33:07,781 INFO  impl.LeaderElection (LeaderElection.java:askForVotes(310)) - s2@group-54B4F2458EED-LeaderElection262 PRE_VOTE round 0: submit vote requests at term 3 for 28: [s0|rpc:localhost:46515|admin:localhost:40757|client:localhost:41939|dataStream:localhost:35593|priority:0, s1|rpc:localhost:34095|admin:localhost:43151|client:localhost:36051|dataStream:localhost:38995|priority:0, s2|rpc:localhost:40453|admin:localhost:33947|client:localhost:38503|dataStream:localhost:42009|priority:0], old=null
2022-06-29 11:33:07,784 INFO  server.RaftServer$Division (RaftServerImpl.java:requestVote(1152)) - s0@group-54B4F2458EED: receive requestVote(PRE_VOTE, s2, group-54B4F2458EED, 3, (t:3, i:31))
2022-06-29 11:33:07,784 WARN  server.GrpcServerProtocolService (LogUtils.java:warn(122)) - s0: Failed requestVote s2->s0#0: org.apache.ratis.protocol.exceptions.ServerNotReadyException: s0@group-54B4F2458EED is not in [RUNNING]: current state is CLOSED
2022-06-29 11:33:07,786 INFO  impl.LeaderElection (LogUtils.java:infoOrTrace(137)) - s2@group-54B4F2458EED-LeaderElection262 got exception when requesting votes: java.util.concurrent.ExecutionException: org.apache.ratis.thirdparty.io.grpc.StatusRuntimeException: INTERNAL: s0@group-54B4F2458EED is not in [RUNNING]: current state is CLOSED
2022-06-29 11:33:07,786 INFO  server.RaftServer$Division (RaftServerImpl.java:requestVote(1152)) - s1@group-54B4F2458EED: receive requestVote(PRE_VOTE, s2, group-54B4F2458EED, 3, (t:3, i:31))
2022-06-29 11:33:07,786 WARN  server.GrpcServerProtocolService (LogUtils.java:warn(122)) - s1: Failed requestVote s2->s1#0: org.apache.ratis.protocol.exceptions.ServerNotReadyException: s1@group-54B4F2458EED is not in [RUNNING]: current state is CLOSED
2022-06-29 11:33:07,787 INFO  impl.LeaderElection (LogUtils.java:infoOrTrace(137)) - s2@group-54B4F2458EED-LeaderElection262 got exception when requesting votes: java.util.concurrent.ExecutionException: org.apache.ratis.thirdparty.io.grpc.StatusRuntimeException: INTERNAL: s1@group-54B4F2458EED is not in [RUNNING]: current state is CLOSED
2022-06-29 11:33:07,787 INFO  impl.LeaderElection (LeaderElection.java:logAndReturn(90)) - s2@group-54B4F2458EED-LeaderElection262: PRE_VOTE REJECTED received 0 response(s) and 2 exception(s):
2022-06-29 11:33:07,787 INFO  impl.LeaderElection (LogUtils.java:infoOrTrace(137)) -   Exception 0: java.util.concurrent.ExecutionException: org.apache.ratis.thirdparty.io.grpc.StatusRuntimeException: INTERNAL: s0@group-54B4F2458EED is not in [RUNNING]: current state is CLOSED
2022-06-29 11:33:07,787 INFO  impl.LeaderElection (LogUtils.java:infoOrTrace(137)) -   Exception 1: java.util.concurrent.ExecutionException: org.apache.ratis.thirdparty.io.grpc.StatusRuntimeException: INTERNAL: s1@group-54B4F2458EED is not in [RUNNING]: current state is CLOSED
2022-06-29 11:33:07,787 INFO  impl.LeaderElection (LeaderElection.java:askForVotes(312)) - s2@group-54B4F2458EED-LeaderElection262 PRE_VOTE round 0: result REJECTED
2022-06-29 11:33:07,787 INFO  server.RaftServer$Division (RaftServerImpl.java:setRole(299)) - s2@group-54B4F2458EED: changes role from CANDIDATE to FOLLOWER at term 3 for REJECTED
2022-06-29 11:33:07,787 INFO  impl.RoleInfo (RoleInfo.java:shutdownLeaderElection(130)) - s2: shutdown s2@group-54B4F2458EED-LeaderElection262
2022-06-29 11:33:07,789 INFO  impl.RoleInfo (RoleInfo.java:updateAndGet(139)) - s2: start s2@group-54B4F2458EED-FollowerState
2022-06-29 11:33:07,957 INFO  impl.FollowerState (FollowerState.java:run(143)) - s2@group-54B4F2458EED-FollowerState: change to CANDIDATE, lastRpcElapsedTime:167797846ns, electionTimeout:166ms
2022-06-29 11:33:07,957 INFO  impl.RoleInfo (RoleInfo.java:shutdownFollowerState(110)) - s2: shutdown s2@group-54B4F2458EED-FollowerState
2022-06-29 11:33:07,957 INFO  server.RaftServer$Division (RaftServerImpl.java:setRole(299)) - s2@group-54B4F2458EED: changes role from  FOLLOWER to CANDIDATE at term 3 for changeToCandidate
2022-06-29 11:33:07,957 INFO  server.RaftServerConfigKeys (ConfUtils.java:logGet(46)) - raft.server.leaderelection.pre-vote = true (default)
2022-06-29 11:33:07,958 INFO  impl.RoleInfo (RoleInfo.java:updateAndGet(139)) - s2: start s2@group-54B4F2458EED-LeaderElection263
2022-06-29 11:33:07,959 INFO  impl.LeaderElection (LeaderElection.java:askForVotes(310)) - s2@group-54B4F2458EED-LeaderElection263 PRE_VOTE round 0: submit vote requests at term 3 for 28: [s0|rpc:localhost:46515|admin:localhost:40757|client:localhost:41939|dataStream:localhost:35593|priority:0, s1|rpc:localhost:34095|admin:localhost:43151|client:localhost:36051|dataStream:localhost:38995|priority:0, s2|rpc:localhost:40453|admin:localhost:33947|client:localhost:38503|dataStream:localhost:42009|priority:0], old=null
2022-06-29 11:33:07,961 INFO  server.RaftServer$Division (RaftServerImpl.java:requestVote(1152)) - s0@group-54B4F2458EED: receive requestVote(PRE_VOTE, s2, group-54B4F2458EED, 3, (t:3, i:31))
2022-06-29 11:33:07,961 WARN  server.GrpcServerProtocolService (LogUtils.java:warn(122)) - s0: Failed requestVote s2->s0#0: org.apache.ratis.protocol.exceptions.ServerNotReadyException: s0@group-54B4F2458EED is not in [RUNNING]: current state is CLOSED
2022-06-29 11:33:07,962 INFO  impl.LeaderElection (LogUtils.java:infoOrTrace(137)) - s2@group-54B4F2458EED-LeaderElection263 got exception when requesting votes: java.util.concurrent.ExecutionException: org.apache.ratis.thirdparty.io.grpc.StatusRuntimeException: INTERNAL: s0@group-54B4F2458EED is not in [RUNNING]: current state is CLOSED
2022-06-29 11:33:07,962 INFO  server.RaftServer$Division (RaftServerImpl.java:requestVote(1152)) - s1@group-54B4F2458EED: receive requestVote(PRE_VOTE, s2, group-54B4F2458EED, 3, (t:3, i:31))
2022-06-29 11:33:07,962 WARN  server.GrpcServerProtocolService (LogUtils.java:warn(122)) - s1: Failed requestVote s2->s1#0: org.apache.ratis.protocol.exceptions.ServerNotReadyException: s1@group-54B4F2458EED is not in [RUNNING]: current state is CLOSED
2022-06-29 11:33:07,963 INFO  impl.LeaderElection (LogUtils.java:infoOrTrace(137)) - s2@group-54B4F2458EED-LeaderElection263 got exception when requesting votes: java.util.concurrent.ExecutionException: org.apache.ratis.thirdparty.io.grpc.StatusRuntimeException: INTERNAL: s1@group-54B4F2458EED is not in [RUNNING]: current state is CLOSED
2022-06-29 11:33:07,963 INFO  impl.LeaderElection (LeaderElection.java:logAndReturn(90)) - s2@group-54B4F2458EED-LeaderElection263: PRE_VOTE REJECTED received 0 response(s) and 2 exception(s):
2022-06-29 11:33:07,963 INFO  impl.LeaderElection (LogUtils.java:infoOrTrace(137)) -   Exception 0: java.util.concurrent.ExecutionException: org.apache.ratis.thirdparty.io.grpc.StatusRuntimeException: INTERNAL: s0@group-54B4F2458EED is not in [RUNNING]: current state is CLOSED
2022-06-29 11:33:07,963 INFO  impl.LeaderElection (LogUtils.java:infoOrTrace(137)) -   Exception 1: java.util.concurrent.ExecutionException: org.apache.ratis.thirdparty.io.grpc.StatusRuntimeException: INTERNAL: s1@group-54B4F2458EED is not in [RUNNING]: current state is CLOSED
2022-06-29 11:33:07,963 INFO  impl.LeaderElection (LeaderElection.java:askForVotes(312)) - s2@group-54B4F2458EED-LeaderElection263 PRE_VOTE round 0: result REJECTED
2022-06-29 11:33:07,963 INFO  server.RaftServer$Division (RaftServerImpl.java:setRole(299)) - s2@group-54B4F2458EED: changes role from CANDIDATE to FOLLOWER at term 3 for REJECTED
2022-06-29 11:33:07,964 INFO  impl.RoleInfo (RoleInfo.java:shutdownLeaderElection(130)) - s2: shutdown s2@group-54B4F2458EED-LeaderElection263
2022-06-29 11:33:07,964 INFO  impl.RoleInfo (RoleInfo.java:updateAndGet(139)) - s2: start s2@group-54B4F2458EED-FollowerState
2022-06-29 11:33:08,235 INFO  impl.MiniRaftCluster (MiniRaftCluster.java:lambda$null$6(325)) - TIMED-PRINT: printing ALL groups
  s0:  RUNNING    LEADER s0@group-54B4F2458EED:t3, leader=s0, voted=s0, raftlog=s0@group-54B4F2458EED-SegmentedRaftLog:OPENED:c31, conf=28: [s0|rpc:localhost:46515|admin:localhost:40757|client:localhost:41939|dataStream:localhost:35593|priority:0, s1|rpc:localhost:34095|admin:localhost:43151|client:localhost:36051|dataStream:localhost:38995|priority:0, s2|rpc:localhost:40453|admin:localhost:33947|client:localhost:38503|dataStream:localhost:42009|priority:0], old=null CLOSED
  s1:  RUNNING    LEADER s1@group-54B4F2458EED:t2, leader=s1, voted=s1, raftlog=s1@group-54B4F2458EED-SegmentedRaftLog:OPENED:c24, conf=17: [s0|rpc:localhost:46515|admin:localhost:40757|client:localhost:41939|dataStream:localhost:35593|priority:0, s1|rpc:localhost:34095|admin:localhost:43151|client:localhost:36051|dataStream:localhost:38995|priority:0, s2|rpc:localhost:40453|admin:localhost:33947|client:localhost:38503|dataStream:localhost:42009|priority:0], old=null CLOSED
  s2:  RUNNING  FOLLOWER s2@group-54B4F2458EED:t3, leader=null, voted=s0, raftlog=s2@group-54B4F2458EED-SegmentedRaftLog:OPENED:c29, conf=28: [s0|rpc:localhost:46515|admin:localhost:40757|client:localhost:41939|dataStream:localhost:35593|priority:0, s1|rpc:localhost:34095|admin:localhost:43151|client:localhost:36051|dataStream:localhost:38995|priority:0, s2|rpc:localhost:40453|admin:localhost:33947|client:localhost:38503|dataStream:localhost:42009|priority:0], old=null RUNNING
2022-06-29 11:33:08,264 INFO  impl.FollowerState (FollowerState.java:run(143)) - s2@group-54B4F2458EED-FollowerState: change to CANDIDATE, lastRpcElapsedTime:300025928ns, electionTimeout:297ms
2022-06-29 11:33:08,264 INFO  impl.RoleInfo (RoleInfo.java:shutdownFollowerState(110)) - s2: shutdown s2@group-54B4F2458EED-FollowerState
2022-06-29 11:33:08,264 INFO  server.RaftServer$Division (RaftServerImpl.java:setRole(299)) - s2@group-54B4F2458EED: changes role from  FOLLOWER to CANDIDATE at term 3 for changeToCandidate
2022-06-29 11:33:08,264 INFO  server.RaftServerConfigKeys (ConfUtils.java:logGet(46)) - raft.server.leaderelection.pre-vote = true (default)
2022-06-29 11:33:08,264 INFO  impl.RoleInfo (RoleInfo.java:updateAndGet(139)) - s2: start s2@group-54B4F2458EED-LeaderElection264
2022-06-29 11:33:08,266 INFO  impl.LeaderElection (LeaderElection.java:askForVotes(310)) - s2@group-54B4F2458EED-LeaderElection264 PRE_VOTE round 0: submit vote requests at term 3 for 28: [s0|rpc:localhost:46515|admin:localhost:40757|client:localhost:41939|dataStream:localhost:35593|priority:0, s1|rpc:localhost:34095|admin:localhost:43151|client:localhost:36051|dataStream:localhost:38995|priority:0, s2|rpc:localhost:40453|admin:localhost:33947|client:localhost:38503|dataStream:localhost:42009|priority:0], old=null
2022-06-29 11:33:08,270 INFO  server.RaftServer$Division (RaftServerImpl.java:requestVote(1152)) - s0@group-54B4F2458EED: receive requestVote(PRE_VOTE, s2, group-54B4F2458EED, 3, (t:3, i:31))
2022-06-29 11:33:08,270 WARN  server.GrpcServerProtocolService (LogUtils.java:warn(122)) - s0: Failed requestVote s2->s0#0: org.apache.ratis.protocol.exceptions.ServerNotReadyException: s0@group-54B4F2458EED is not in [RUNNING]: current state is CLOSED
2022-06-29 11:33:08,271 INFO  impl.LeaderElection (LogUtils.java:infoOrTrace(137)) - s2@group-54B4F2458EED-LeaderElection264 got exception when requesting votes: java.util.concurrent.ExecutionException: org.apache.ratis.thirdparty.io.grpc.StatusRuntimeException: INTERNAL: s0@group-54B4F2458EED is not in [RUNNING]: current state is CLOSED
2022-06-29 11:33:08,271 INFO  server.RaftServer$Division (RaftServerImpl.java:requestVote(1152)) - s1@group-54B4F2458EED: receive requestVote(PRE_VOTE, s2, group-54B4F2458EED, 3, (t:3, i:31))
2022-06-29 11:33:08,271 WARN  server.GrpcServerProtocolService (LogUtils.java:warn(122)) - s1: Failed requestVote s2->s1#0: org.apache.ratis.protocol.exceptions.ServerNotReadyException: s1@group-54B4F2458EED is not in [RUNNING]: current state is CLOSED
2022-06-29 11:33:08,273 INFO  impl.LeaderElection (LogUtils.java:infoOrTrace(137)) - s2@group-54B4F2458EED-LeaderElection264 got exception when requesting votes: java.util.concurrent.ExecutionException: org.apache.ratis.thirdparty.io.grpc.StatusRuntimeException: INTERNAL: s1@group-54B4F2458EED is not in [RUNNING]: current state is CLOSED
2022-06-29 11:33:08,273 INFO  impl.LeaderElection (LeaderElection.java:logAndReturn(90)) - s2@group-54B4F2458EED-LeaderElection264: PRE_VOTE REJECTED received 0 response(s) and 2 exception(s):
2022-06-29 11:33:08,273 INFO  impl.LeaderElection (LogUtils.java:infoOrTrace(137)) -   Exception 0: java.util.concurrent.ExecutionException: org.apache.ratis.thirdparty.io.grpc.StatusRuntimeException: INTERNAL: s0@group-54B4F2458EED is not in [RUNNING]: current state is CLOSED
2022-06-29 11:33:08,273 INFO  impl.LeaderElection (LogUtils.java:infoOrTrace(137)) -   Exception 1: java.util.concurrent.ExecutionException: org.apache.ratis.thirdparty.io.grpc.StatusRuntimeException: INTERNAL: s1@group-54B4F2458EED is not in [RUNNING]: current state is CLOSED
2022-06-29 11:33:08,273 INFO  impl.LeaderElection (LeaderElection.java:askForVotes(312)) - s2@group-54B4F2458EED-LeaderElection264 PRE_VOTE round 0: result REJECTED
2022-06-29 11:33:08,273 INFO  server.RaftServer$Division (RaftServerImpl.java:setRole(299)) - s2@group-54B4F2458EED: changes role from CANDIDATE to FOLLOWER at term 3 for REJECTED
2022-06-29 11:33:08,273 INFO  impl.RoleInfo (RoleInfo.java:shutdownLeaderElection(130)) - s2: shutdown s2@group-54B4F2458EED-LeaderElection264
2022-06-29 11:33:08,273 INFO  impl.RoleInfo (RoleInfo.java:updateAndGet(139)) - s2: start s2@group-54B4F2458EED-FollowerState
2022-06-29 11:33:08,443 INFO  impl.FollowerState (FollowerState.java:run(143)) - s2@group-54B4F2458EED-FollowerState: change to CANDIDATE, lastRpcElapsedTime:170335473ns, electionTimeout:169ms
2022-06-29 11:33:08,443 INFO  impl.RoleInfo (RoleInfo.java:shutdownFollowerState(110)) - s2: shutdown s2@group-54B4F2458EED-FollowerState
2022-06-29 11:33:08,443 INFO  server.RaftServer$Division (RaftServerImpl.java:setRole(299)) - s2@group-54B4F2458EED: changes role from  FOLLOWER to CANDIDATE at term 3 for changeToCandidate
2022-06-29 11:33:08,445 INFO  server.RaftServerConfigKeys (ConfUtils.java:logGet(46)) - raft.server.leaderelection.pre-vote = true (default)
2022-06-29 11:33:08,445 INFO  impl.RoleInfo (RoleInfo.java:updateAndGet(139)) - s2: start s2@group-54B4F2458EED-LeaderElection265
2022-06-29 11:33:08,446 INFO  impl.LeaderElection (LeaderElection.java:askForVotes(310)) - s2@group-54B4F2458EED-LeaderElection265 PRE_VOTE round 0: submit vote requests at term 3 for 28: [s0|rpc:localhost:46515|admin:localhost:40757|client:localhost:41939|dataStream:localhost:35593|priority:0, s1|rpc:localhost:34095|admin:localhost:43151|client:localhost:36051|dataStream:localhost:38995|priority:0, s2|rpc:localhost:40453|admin:localhost:33947|client:localhost:38503|dataStream:localhost:42009|priority:0], old=null
2022-06-29 11:33:08,451 INFO  server.RaftServer$Division (RaftServerImpl.java:requestVote(1152)) - s0@group-54B4F2458EED: receive requestVote(PRE_VOTE, s2, group-54B4F2458EED, 3, (t:3, i:31))
2022-06-29 11:33:08,451 WARN  server.GrpcServerProtocolService (LogUtils.java:warn(122)) - s0: Failed requestVote s2->s0#0: org.apache.ratis.protocol.exceptions.ServerNotReadyException: s0@group-54B4F2458EED is not in [RUNNING]: current state is CLOSED
2022-06-29 11:33:08,451 INFO  server.RaftServer$Division (RaftServerImpl.java:requestVote(1152)) - s1@group-54B4F2458EED: receive requestVote(PRE_VOTE, s2, group-54B4F2458EED, 3, (t:3, i:31))
2022-06-29 11:33:08,451 WARN  server.GrpcServerProtocolService (LogUtils.java:warn(122)) - s1: Failed requestVote s2->s1#0: org.apache.ratis.protocol.exceptions.ServerNotReadyException: s1@group-54B4F2458EED is not in [RUNNING]: current state is CLOSED
2022-06-29 11:33:08,453 INFO  impl.LeaderElection (LogUtils.java:infoOrTrace(137)) - s2@group-54B4F2458EED-LeaderElection265 got exception when requesting votes: java.util.concurrent.ExecutionException: org.apache.ratis.thirdparty.io.grpc.StatusRuntimeException: INTERNAL: s1@group-54B4F2458EED is not in [RUNNING]: current state is CLOSED
2022-06-29 11:33:08,453 INFO  impl.LeaderElection (LogUtils.java:infoOrTrace(137)) - s2@group-54B4F2458EED-LeaderElection265 got exception when requesting votes: java.util.concurrent.ExecutionException: org.apache.ratis.thirdparty.io.grpc.StatusRuntimeException: INTERNAL: s0@group-54B4F2458EED is not in [RUNNING]: current state is CLOSED
2022-06-29 11:33:08,453 INFO  impl.LeaderElection (LeaderElection.java:logAndReturn(90)) - s2@group-54B4F2458EED-LeaderElection265: PRE_VOTE REJECTED received 0 response(s) and 2 exception(s):
2022-06-29 11:33:08,453 INFO  impl.LeaderElection (LogUtils.java:infoOrTrace(137)) -   Exception 0: java.util.concurrent.ExecutionException: org.apache.ratis.thirdparty.io.grpc.StatusRuntimeException: INTERNAL: s1@group-54B4F2458EED is not in [RUNNING]: current state is CLOSED
2022-06-29 11:33:08,453 INFO  impl.LeaderElection (LogUtils.java:infoOrTrace(137)) -   Exception 1: java.util.concurrent.ExecutionException: org.apache.ratis.thirdparty.io.grpc.StatusRuntimeException: INTERNAL: s0@group-54B4F2458EED is not in [RUNNING]: current state is CLOSED
2022-06-29 11:33:08,453 INFO  impl.LeaderElection (LeaderElection.java:askForVotes(312)) - s2@group-54B4F2458EED-LeaderElection265 PRE_VOTE round 0: result REJECTED
2022-06-29 11:33:08,453 INFO  server.RaftServer$Division (RaftServerImpl.java:setRole(299)) - s2@group-54B4F2458EED: changes role from CANDIDATE to FOLLOWER at term 3 for REJECTED
2022-06-29 11:33:08,453 INFO  impl.RoleInfo (RoleInfo.java:shutdownLeaderElection(130)) - s2: shutdown s2@group-54B4F2458EED-LeaderElection265
2022-06-29 11:33:08,453 INFO  impl.RoleInfo (RoleInfo.java:updateAndGet(139)) - s2: start s2@group-54B4F2458EED-FollowerState
2022-06-29 11:33:08,691 INFO  impl.FollowerState (FollowerState.java:run(143)) - s2@group-54B4F2458EED-FollowerState: change to CANDIDATE, lastRpcElapsedTime:237660331ns, electionTimeout:236ms
2022-06-29 11:33:08,691 INFO  impl.RoleInfo (RoleInfo.java:shutdownFollowerState(110)) - s2: shutdown s2@group-54B4F2458EED-FollowerState
2022-06-29 11:33:08,691 INFO  server.RaftServer$Division (RaftServerImpl.java:setRole(299)) - s2@group-54B4F2458EED: changes role from  FOLLOWER to CANDIDATE at term 3 for changeToCandidate
2022-06-29 11:33:08,691 INFO  server.RaftServerConfigKeys (ConfUtils.java:logGet(46)) - raft.server.leaderelection.pre-vote = true (default)
2022-06-29 11:33:08,691 INFO  impl.RoleInfo (RoleInfo.java:updateAndGet(139)) - s2: start s2@group-54B4F2458EED-LeaderElection266
2022-06-29 11:33:08,692 INFO  impl.LeaderElection (LeaderElection.java:askForVotes(310)) - s2@group-54B4F2458EED-LeaderElection266 PRE_VOTE round 0: submit vote requests at term 3 for 28: [s0|rpc:localhost:46515|admin:localhost:40757|client:localhost:41939|dataStream:localhost:35593|priority:0, s1|rpc:localhost:34095|admin:localhost:43151|client:localhost:36051|dataStream:localhost:38995|priority:0, s2|rpc:localhost:40453|admin:localhost:33947|client:localhost:38503|dataStream:localhost:42009|priority:0], old=null
2022-06-29 11:33:08,696 INFO  server.RaftServer$Division (RaftServerImpl.java:requestVote(1152)) - s0@group-54B4F2458EED: receive requestVote(PRE_VOTE, s2, group-54B4F2458EED, 3, (t:3, i:31))
2022-06-29 11:33:08,696 WARN  server.GrpcServerProtocolService (LogUtils.java:warn(122)) - s0: Failed requestVote s2->s0#0: org.apache.ratis.protocol.exceptions.ServerNotReadyException: s0@group-54B4F2458EED is not in [RUNNING]: current state is CLOSED
2022-06-29 11:33:08,703 INFO  impl.LeaderElection (LogUtils.java:infoOrTrace(137)) - s2@group-54B4F2458EED-LeaderElection266 got exception when requesting votes: java.util.concurrent.ExecutionException: org.apache.ratis.thirdparty.io.grpc.StatusRuntimeException: INTERNAL: s0@group-54B4F2458EED is not in [RUNNING]: current state is CLOSED
2022-06-29 11:33:08,703 INFO  server.RaftServer$Division (RaftServerImpl.java:requestVote(1152)) - s1@group-54B4F2458EED: receive requestVote(PRE_VOTE, s2, group-54B4F2458EED, 3, (t:3, i:31))
2022-06-29 11:33:08,703 WARN  server.GrpcServerProtocolService (LogUtils.java:warn(122)) - s1: Failed requestVote s2->s1#0: org.apache.ratis.protocol.exceptions.ServerNotReadyException: s1@group-54B4F2458EED is not in [RUNNING]: current state is CLOSED
2022-06-29 11:33:08,705 INFO  impl.LeaderElection (LogUtils.java:infoOrTrace(137)) - s2@group-54B4F2458EED-LeaderElection266 got exception when requesting votes: java.util.concurrent.ExecutionException: org.apache.ratis.thirdparty.io.grpc.StatusRuntimeException: INTERNAL: s1@group-54B4F2458EED is not in [RUNNING]: current state is CLOSED
2022-06-29 11:33:08,705 INFO  impl.LeaderElection (LeaderElection.java:logAndReturn(90)) - s2@group-54B4F2458EED-LeaderElection266: PRE_VOTE REJECTED received 0 response(s) and 2 exception(s):
2022-06-29 11:33:08,705 INFO  impl.LeaderElection (LogUtils.java:infoOrTrace(137)) -   Exception 0: java.util.concurrent.ExecutionException: org.apache.ratis.thirdparty.io.grpc.StatusRuntimeException: INTERNAL: s0@group-54B4F2458EED is not in [RUNNING]: current state is CLOSED
2022-06-29 11:33:08,705 INFO  impl.LeaderElection (LogUtils.java:infoOrTrace(137)) -   Exception 1: java.util.concurrent.ExecutionException: org.apache.ratis.thirdparty.io.grpc.StatusRuntimeException: INTERNAL: s1@group-54B4F2458EED is not in [RUNNING]: current state is CLOSED
2022-06-29 11:33:08,705 INFO  impl.LeaderElection (LeaderElection.java:askForVotes(312)) - s2@group-54B4F2458EED-LeaderElection266 PRE_VOTE round 0: result REJECTED
2022-06-29 11:33:08,705 INFO  server.RaftServer$Division (RaftServerImpl.java:setRole(299)) - s2@group-54B4F2458EED: changes role from CANDIDATE to FOLLOWER at term 3 for REJECTED
2022-06-29 11:33:08,705 INFO  impl.RoleInfo (RoleInfo.java:shutdownLeaderElection(130)) - s2: shutdown s2@group-54B4F2458EED-LeaderElection266
2022-06-29 11:33:08,705 INFO  impl.RoleInfo (RoleInfo.java:updateAndGet(139)) - s2: start s2@group-54B4F2458EED-FollowerState
2022-06-29 11:33:08,945 INFO  impl.FollowerState (FollowerState.java:run(143)) - s2@group-54B4F2458EED-FollowerState: change to CANDIDATE, lastRpcElapsedTime:239506554ns, electionTimeout:238ms
2022-06-29 11:33:08,945 INFO  impl.RoleInfo (RoleInfo.java:shutdownFollowerState(110)) - s2: shutdown s2@group-54B4F2458EED-FollowerState
2022-06-29 11:33:08,945 INFO  server.RaftServer$Division (RaftServerImpl.java:setRole(299)) - s2@group-54B4F2458EED: changes role from  FOLLOWER to CANDIDATE at term 3 for changeToCandidate
2022-06-29 11:33:08,946 INFO  server.RaftServerConfigKeys (ConfUtils.java:logGet(46)) - raft.server.leaderelection.pre-vote = true (default)
2022-06-29 11:33:08,946 INFO  impl.RoleInfo (RoleInfo.java:updateAndGet(139)) - s2: start s2@group-54B4F2458EED-LeaderElection267
2022-06-29 11:33:08,946 INFO  impl.LeaderElection (LeaderElection.java:askForVotes(310)) - s2@group-54B4F2458EED-LeaderElection267 PRE_VOTE round 0: submit vote requests at term 3 for 28: [s0|rpc:localhost:46515|admin:localhost:40757|client:localhost:41939|dataStream:localhost:35593|priority:0, s1|rpc:localhost:34095|admin:localhost:43151|client:localhost:36051|dataStream:localhost:38995|priority:0, s2|rpc:localhost:40453|admin:localhost:33947|client:localhost:38503|dataStream:localhost:42009|priority:0], old=null
2022-06-29 11:33:08,951 INFO  server.RaftServer$Division (RaftServerImpl.java:requestVote(1152)) - s0@group-54B4F2458EED: receive requestVote(PRE_VOTE, s2, group-54B4F2458EED, 3, (t:3, i:31))
2022-06-29 11:33:08,951 WARN  server.GrpcServerProtocolService (LogUtils.java:warn(122)) - s0: Failed requestVote s2->s0#0: org.apache.ratis.protocol.exceptions.ServerNotReadyException: s0@group-54B4F2458EED is not in [RUNNING]: current state is CLOSED
2022-06-29 11:33:08,952 INFO  server.RaftServer$Division (RaftServerImpl.java:requestVote(1152)) - s1@group-54B4F2458EED: receive requestVote(PRE_VOTE, s2, group-54B4F2458EED, 3, (t:3, i:31))
2022-06-29 11:33:08,952 WARN  server.GrpcServerProtocolService (LogUtils.java:warn(122)) - s1: Failed requestVote s2->s1#0: org.apache.ratis.protocol.exceptions.ServerNotReadyException: s1@group-54B4F2458EED is not in [RUNNING]: current state is CLOSED
2022-06-29 11:33:08,952 INFO  impl.LeaderElection (LogUtils.java:infoOrTrace(137)) - s2@group-54B4F2458EED-LeaderElection267 got exception when requesting votes: java.util.concurrent.ExecutionException: org.apache.ratis.thirdparty.io.grpc.StatusRuntimeException: INTERNAL: s0@group-54B4F2458EED is not in [RUNNING]: current state is CLOSED
2022-06-29 11:33:08,954 INFO  impl.LeaderElection (LogUtils.java:infoOrTrace(137)) - s2@group-54B4F2458EED-LeaderElection267 got exception when requesting votes: java.util.concurrent.ExecutionException: org.apache.ratis.thirdparty.io.grpc.StatusRuntimeException: INTERNAL: s1@group-54B4F2458EED is not in [RUNNING]: current state is CLOSED
2022-06-29 11:33:08,954 INFO  impl.LeaderElection (LeaderElection.java:logAndReturn(90)) - s2@group-54B4F2458EED-LeaderElection267: PRE_VOTE REJECTED received 0 response(s) and 2 exception(s):
2022-06-29 11:33:08,954 INFO  impl.LeaderElection (LogUtils.java:infoOrTrace(137)) -   Exception 0: java.util.concurrent.ExecutionException: org.apache.ratis.thirdparty.io.grpc.StatusRuntimeException: INTERNAL: s0@group-54B4F2458EED is not in [RUNNING]: current state is CLOSED
2022-06-29 11:33:08,954 INFO  impl.LeaderElection (LogUtils.java:infoOrTrace(137)) -   Exception 1: java.util.concurrent.ExecutionException: org.apache.ratis.thirdparty.io.grpc.StatusRuntimeException: INTERNAL: s1@group-54B4F2458EED is not in [RUNNING]: current state is CLOSED
2022-06-29 11:33:08,954 INFO  impl.LeaderElection (LeaderElection.java:askForVotes(312)) - s2@group-54B4F2458EED-LeaderElection267 PRE_VOTE round 0: result REJECTED
2022-06-29 11:33:08,954 INFO  server.RaftServer$Division (RaftServerImpl.java:setRole(299)) - s2@group-54B4F2458EED: changes role from CANDIDATE to FOLLOWER at term 3 for REJECTED
2022-06-29 11:33:08,954 INFO  impl.RoleInfo (RoleInfo.java:shutdownLeaderElection(130)) - s2: shutdown s2@group-54B4F2458EED-LeaderElection267
2022-06-29 11:33:08,954 INFO  impl.RoleInfo (RoleInfo.java:updateAndGet(139)) - s2: start s2@group-54B4F2458EED-FollowerState
2022-06-29 11:33:09,150 INFO  impl.FollowerState (FollowerState.java:run(143)) - s2@group-54B4F2458EED-FollowerState: change to CANDIDATE, lastRpcElapsedTime:195929194ns, electionTimeout:194ms
2022-06-29 11:33:09,150 INFO  impl.RoleInfo (RoleInfo.java:shutdownFollowerState(110)) - s2: shutdown s2@group-54B4F2458EED-FollowerState
2022-06-29 11:33:09,150 INFO  server.RaftServer$Division (RaftServerImpl.java:setRole(299)) - s2@group-54B4F2458EED: changes role from  FOLLOWER to CANDIDATE at term 3 for changeToCandidate
2022-06-29 11:33:09,152 INFO  server.RaftServerConfigKeys (ConfUtils.java:logGet(46)) - raft.server.leaderelection.pre-vote = true (default)
2022-06-29 11:33:09,152 INFO  impl.RoleInfo (RoleInfo.java:updateAndGet(139)) - s2: start s2@group-54B4F2458EED-LeaderElection268
2022-06-29 11:33:09,157 INFO  impl.LeaderElection (LeaderElection.java:askForVotes(310)) - s2@group-54B4F2458EED-LeaderElection268 PRE_VOTE round 0: submit vote requests at term 3 for 28: [s0|rpc:localhost:46515|admin:localhost:40757|client:localhost:41939|dataStream:localhost:35593|priority:0, s1|rpc:localhost:34095|admin:localhost:43151|client:localhost:36051|dataStream:localhost:38995|priority:0, s2|rpc:localhost:40453|admin:localhost:33947|client:localhost:38503|dataStream:localhost:42009|priority:0], old=null
2022-06-29 11:33:09,159 INFO  server.RaftServer$Division (RaftServerImpl.java:requestVote(1152)) - s0@group-54B4F2458EED: receive requestVote(PRE_VOTE, s2, group-54B4F2458EED, 3, (t:3, i:31))
2022-06-29 11:33:09,160 WARN  server.GrpcServerProtocolService (LogUtils.java:warn(122)) - s0: Failed requestVote s2->s0#0: org.apache.ratis.protocol.exceptions.ServerNotReadyException: s0@group-54B4F2458EED is not in [RUNNING]: current state is CLOSED
2022-06-29 11:33:09,160 INFO  server.RaftServer$Division (RaftServerImpl.java:requestVote(1152)) - s1@group-54B4F2458EED: receive requestVote(PRE_VOTE, s2, group-54B4F2458EED, 3, (t:3, i:31))
2022-06-29 11:33:09,160 WARN  server.GrpcServerProtocolService (LogUtils.java:warn(122)) - s1: Failed requestVote s2->s1#0: org.apache.ratis.protocol.exceptions.ServerNotReadyException: s1@group-54B4F2458EED is not in [RUNNING]: current state is CLOSED
2022-06-29 11:33:09,164 INFO  impl.LeaderElection (LogUtils.java:infoOrTrace(137)) - s2@group-54B4F2458EED-LeaderElection268 got exception when requesting votes: java.util.concurrent.ExecutionException: org.apache.ratis.thirdparty.io.grpc.StatusRuntimeException: INTERNAL: s0@group-54B4F2458EED is not in [RUNNING]: current state is CLOSED
2022-06-29 11:33:09,164 INFO  impl.LeaderElection (LogUtils.java:infoOrTrace(137)) - s2@group-54B4F2458EED-LeaderElection268 got exception when requesting votes: java.util.concurrent.ExecutionException: org.apache.ratis.thirdparty.io.grpc.StatusRuntimeException: INTERNAL: s1@group-54B4F2458EED is not in [RUNNING]: current state is CLOSED
2022-06-29 11:33:09,164 INFO  impl.LeaderElection (LeaderElection.java:logAndReturn(90)) - s2@group-54B4F2458EED-LeaderElection268: PRE_VOTE REJECTED received 0 response(s) and 2 exception(s):
2022-06-29 11:33:09,164 INFO  impl.LeaderElection (LogUtils.java:infoOrTrace(137)) -   Exception 0: java.util.concurrent.ExecutionException: org.apache.ratis.thirdparty.io.grpc.StatusRuntimeException: INTERNAL: s0@group-54B4F2458EED is not in [RUNNING]: current state is CLOSED
2022-06-29 11:33:09,164 INFO  impl.LeaderElection (LogUtils.java:infoOrTrace(137)) -   Exception 1: java.util.concurrent.ExecutionException: org.apache.ratis.thirdparty.io.grpc.StatusRuntimeException: INTERNAL: s1@group-54B4F2458EED is not in [RUNNING]: current state is CLOSED
2022-06-29 11:33:09,165 INFO  impl.LeaderElection (LeaderElection.java:askForVotes(312)) - s2@group-54B4F2458EED-LeaderElection268 PRE_VOTE round 0: result REJECTED
2022-06-29 11:33:09,165 INFO  server.RaftServer$Division (RaftServerImpl.java:setRole(299)) - s2@group-54B4F2458EED: changes role from CANDIDATE to FOLLOWER at term 3 for REJECTED
2022-06-29 11:33:09,165 INFO  impl.RoleInfo (RoleInfo.java:shutdownLeaderElection(130)) - s2: shutdown s2@group-54B4F2458EED-LeaderElection268
2022-06-29 11:33:09,165 INFO  impl.RoleInfo (RoleInfo.java:updateAndGet(139)) - s2: start s2@group-54B4F2458EED-FollowerState
2022-06-29 11:33:09,326 INFO  impl.FollowerState (FollowerState.java:run(143)) - s2@group-54B4F2458EED-FollowerState: change to CANDIDATE, lastRpcElapsedTime:161331352ns, electionTimeout:159ms
2022-06-29 11:33:09,326 INFO  impl.RoleInfo (RoleInfo.java:shutdownFollowerState(110)) - s2: shutdown s2@group-54B4F2458EED-FollowerState
2022-06-29 11:33:09,326 INFO  server.RaftServer$Division (RaftServerImpl.java:setRole(299)) - s2@group-54B4F2458EED: changes role from  FOLLOWER to CANDIDATE at term 3 for changeToCandidate
2022-06-29 11:33:09,328 INFO  server.RaftServerConfigKeys (ConfUtils.java:logGet(46)) - raft.server.leaderelection.pre-vote = true (default)
2022-06-29 11:33:09,328 INFO  impl.RoleInfo (RoleInfo.java:updateAndGet(139)) - s2: start s2@group-54B4F2458EED-LeaderElection269
2022-06-29 11:33:09,329 INFO  impl.LeaderElection (LeaderElection.java:askForVotes(310)) - s2@group-54B4F2458EED-LeaderElection269 PRE_VOTE round 0: submit vote requests at term 3 for 28: [s0|rpc:localhost:46515|admin:localhost:40757|client:localhost:41939|dataStream:localhost:35593|priority:0, s1|rpc:localhost:34095|admin:localhost:43151|client:localhost:36051|dataStream:localhost:38995|priority:0, s2|rpc:localhost:40453|admin:localhost:33947|client:localhost:38503|dataStream:localhost:42009|priority:0], old=null
2022-06-29 11:33:09,333 INFO  server.RaftServer$Division (RaftServerImpl.java:requestVote(1152)) - s1@group-54B4F2458EED: receive requestVote(PRE_VOTE, s2, group-54B4F2458EED, 3, (t:3, i:31))
2022-06-29 11:33:09,333 WARN  server.GrpcServerProtocolService (LogUtils.java:warn(122)) - s1: Failed requestVote s2->s1#0: org.apache.ratis.protocol.exceptions.ServerNotReadyException: s1@group-54B4F2458EED is not in [RUNNING]: current state is CLOSED
2022-06-29 11:33:09,334 INFO  impl.LeaderElection (LogUtils.java:infoOrTrace(137)) - s2@group-54B4F2458EED-LeaderElection269 got exception when requesting votes: java.util.concurrent.ExecutionException: org.apache.ratis.thirdparty.io.grpc.StatusRuntimeException: INTERNAL: s1@group-54B4F2458EED is not in [RUNNING]: current state is CLOSED
2022-06-29 11:33:09,336 INFO  server.RaftServer$Division (RaftServerImpl.java:requestVote(1152)) - s0@group-54B4F2458EED: receive requestVote(PRE_VOTE, s2, group-54B4F2458EED, 3, (t:3, i:31))
2022-06-29 11:33:09,336 WARN  server.GrpcServerProtocolService (LogUtils.java:warn(122)) - s0: Failed requestVote s2->s0#0: org.apache.ratis.protocol.exceptions.ServerNotReadyException: s0@group-54B4F2458EED is not in [RUNNING]: current state is CLOSED
2022-06-29 11:33:09,337 INFO  impl.LeaderElection (LogUtils.java:infoOrTrace(137)) - s2@group-54B4F2458EED-LeaderElection269 got exception when requesting votes: java.util.concurrent.ExecutionException: org.apache.ratis.thirdparty.io.grpc.StatusRuntimeException: INTERNAL: s0@group-54B4F2458EED is not in [RUNNING]: current state is CLOSED
2022-06-29 11:33:09,337 INFO  impl.LeaderElection (LeaderElection.java:logAndReturn(90)) - s2@group-54B4F2458EED-LeaderElection269: PRE_VOTE REJECTED received 0 response(s) and 2 exception(s):
2022-06-29 11:33:09,337 INFO  impl.LeaderElection (LogUtils.java:infoOrTrace(137)) -   Exception 0: java.util.concurrent.ExecutionException: org.apache.ratis.thirdparty.io.grpc.StatusRuntimeException: INTERNAL: s1@group-54B4F2458EED is not in [RUNNING]: current state is CLOSED
2022-06-29 11:33:09,337 INFO  impl.LeaderElection (LogUtils.java:infoOrTrace(137)) -   Exception 1: java.util.concurrent.ExecutionException: org.apache.ratis.thirdparty.io.grpc.StatusRuntimeException: INTERNAL: s0@group-54B4F2458EED is not in [RUNNING]: current state is CLOSED
2022-06-29 11:33:09,337 INFO  impl.LeaderElection (LeaderElection.java:askForVotes(312)) - s2@group-54B4F2458EED-LeaderElection269 PRE_VOTE round 0: result REJECTED
2022-06-29 11:33:09,337 INFO  server.RaftServer$Division (RaftServerImpl.java:setRole(299)) - s2@group-54B4F2458EED: changes role from CANDIDATE to FOLLOWER at term 3 for REJECTED
2022-06-29 11:33:09,337 INFO  impl.RoleInfo (RoleInfo.java:shutdownLeaderElection(130)) - s2: shutdown s2@group-54B4F2458EED-LeaderElection269
2022-06-29 11:33:09,337 INFO  impl.RoleInfo (RoleInfo.java:updateAndGet(139)) - s2: start s2@group-54B4F2458EED-FollowerState
2022-06-29 11:33:09,629 INFO  impl.FollowerState (FollowerState.java:run(143)) - s2@group-54B4F2458EED-FollowerState: change to CANDIDATE, lastRpcElapsedTime:291725111ns, electionTimeout:291ms
2022-06-29 11:33:09,629 INFO  impl.RoleInfo (RoleInfo.java:shutdownFollowerState(110)) - s2: shutdown s2@group-54B4F2458EED-FollowerState
2022-06-29 11:33:09,629 INFO  server.RaftServer$Division (RaftServerImpl.java:setRole(299)) - s2@group-54B4F2458EED: changes role from  FOLLOWER to CANDIDATE at term 3 for changeToCandidate
2022-06-29 11:33:09,637 INFO  server.RaftServerConfigKeys (ConfUtils.java:logGet(46)) - raft.server.leaderelection.pre-vote = true (default)
2022-06-29 11:33:09,637 INFO  impl.RoleInfo (RoleInfo.java:updateAndGet(139)) - s2: start s2@group-54B4F2458EED-LeaderElection270
2022-06-29 11:33:09,639 INFO  impl.LeaderElection (LeaderElection.java:askForVotes(310)) - s2@group-54B4F2458EED-LeaderElection270 PRE_VOTE round 0: submit vote requests at term 3 for 28: [s0|rpc:localhost:46515|admin:localhost:40757|client:localhost:41939|dataStream:localhost:35593|priority:0, s1|rpc:localhost:34095|admin:localhost:43151|client:localhost:36051|dataStream:localhost:38995|priority:0, s2|rpc:localhost:40453|admin:localhost:33947|client:localhost:38503|dataStream:localhost:42009|priority:0], old=null
2022-06-29 11:33:09,643 INFO  server.RaftServer$Division (RaftServerImpl.java:requestVote(1152)) - s0@group-54B4F2458EED: receive requestVote(PRE_VOTE, s2, group-54B4F2458EED, 3, (t:3, i:31))
2022-06-29 11:33:09,644 WARN  server.GrpcServerProtocolService (LogUtils.java:warn(122)) - s0: Failed requestVote s2->s0#0: org.apache.ratis.protocol.exceptions.ServerNotReadyException: s0@group-54B4F2458EED is not in [RUNNING]: current state is CLOSED
2022-06-29 11:33:09,644 INFO  server.RaftServer$Division (RaftServerImpl.java:requestVote(1152)) - s1@group-54B4F2458EED: receive requestVote(PRE_VOTE, s2, group-54B4F2458EED, 3, (t:3, i:31))
2022-06-29 11:33:09,644 WARN  server.GrpcServerProtocolService (LogUtils.java:warn(122)) - s1: Failed requestVote s2->s1#0: org.apache.ratis.protocol.exceptions.ServerNotReadyException: s1@group-54B4F2458EED is not in [RUNNING]: current state is CLOSED
2022-06-29 11:33:09,647 INFO  impl.LeaderElection (LogUtils.java:infoOrTrace(137)) - s2@group-54B4F2458EED-LeaderElection270 got exception when requesting votes: java.util.concurrent.ExecutionException: org.apache.ratis.thirdparty.io.grpc.StatusRuntimeException: INTERNAL: s0@group-54B4F2458EED is not in [RUNNING]: current state is CLOSED
2022-06-29 11:33:09,647 INFO  impl.LeaderElection (LogUtils.java:infoOrTrace(137)) - s2@group-54B4F2458EED-LeaderElection270 got exception when requesting votes: java.util.concurrent.ExecutionException: org.apache.ratis.thirdparty.io.grpc.StatusRuntimeException: INTERNAL: s1@group-54B4F2458EED is not in [RUNNING]: current state is CLOSED
2022-06-29 11:33:09,647 INFO  impl.LeaderElection (LeaderElection.java:logAndReturn(90)) - s2@group-54B4F2458EED-LeaderElection270: PRE_VOTE REJECTED received 0 response(s) and 2 exception(s):
2022-06-29 11:33:09,647 INFO  impl.LeaderElection (LogUtils.java:infoOrTrace(137)) -   Exception 0: java.util.concurrent.ExecutionException: org.apache.ratis.thirdparty.io.grpc.StatusRuntimeException: INTERNAL: s0@group-54B4F2458EED is not in [RUNNING]: current state is CLOSED
2022-06-29 11:33:09,647 INFO  impl.LeaderElection (LogUtils.java:infoOrTrace(137)) -   Exception 1: java.util.concurrent.ExecutionException: org.apache.ratis.thirdparty.io.grpc.StatusRuntimeException: INTERNAL: s1@group-54B4F2458EED is not in [RUNNING]: current state is CLOSED
2022-06-29 11:33:09,648 INFO  impl.LeaderElection (LeaderElection.java:askForVotes(312)) - s2@group-54B4F2458EED-LeaderElection270 PRE_VOTE round 0: result REJECTED
2022-06-29 11:33:09,648 INFO  server.RaftServer$Division (RaftServerImpl.java:setRole(299)) - s2@group-54B4F2458EED: changes role from CANDIDATE to FOLLOWER at term 3 for REJECTED
2022-06-29 11:33:09,648 INFO  impl.RoleInfo (RoleInfo.java:shutdownLeaderElection(130)) - s2: shutdown s2@group-54B4F2458EED-LeaderElection270
2022-06-29 11:33:09,648 INFO  impl.RoleInfo (RoleInfo.java:updateAndGet(139)) - s2: start s2@group-54B4F2458EED-FollowerState
2022-06-29 11:33:09,884 INFO  impl.FollowerState (FollowerState.java:run(143)) - s2@group-54B4F2458EED-FollowerState: change to CANDIDATE, lastRpcElapsedTime:235990001ns, electionTimeout:234ms
2022-06-29 11:33:09,884 INFO  impl.RoleInfo (RoleInfo.java:shutdownFollowerState(110)) - s2: shutdown s2@group-54B4F2458EED-FollowerState
2022-06-29 11:33:09,885 INFO  server.RaftServer$Division (RaftServerImpl.java:setRole(299)) - s2@group-54B4F2458EED: changes role from  FOLLOWER to CANDIDATE at term 3 for changeToCandidate
2022-06-29 11:33:09,885 INFO  server.RaftServerConfigKeys (ConfUtils.java:logGet(46)) - raft.server.leaderelection.pre-vote = true (default)
2022-06-29 11:33:09,885 INFO  impl.RoleInfo (RoleInfo.java:updateAndGet(139)) - s2: start s2@group-54B4F2458EED-LeaderElection271
2022-06-29 11:33:09,886 INFO  impl.LeaderElection (LeaderElection.java:askForVotes(310)) - s2@group-54B4F2458EED-LeaderElection271 PRE_VOTE round 0: submit vote requests at term 3 for 28: [s0|rpc:localhost:46515|admin:localhost:40757|client:localhost:41939|dataStream:localhost:35593|priority:0, s1|rpc:localhost:34095|admin:localhost:43151|client:localhost:36051|dataStream:localhost:38995|priority:0, s2|rpc:localhost:40453|admin:localhost:33947|client:localhost:38503|dataStream:localhost:42009|priority:0], old=null
2022-06-29 11:33:09,890 INFO  server.RaftServer$Division (RaftServerImpl.java:requestVote(1152)) - s0@group-54B4F2458EED: receive requestVote(PRE_VOTE, s2, group-54B4F2458EED, 3, (t:3, i:31))
2022-06-29 11:33:09,890 WARN  server.GrpcServerProtocolService (LogUtils.java:warn(122)) - s0: Failed requestVote s2->s0#0: org.apache.ratis.protocol.exceptions.ServerNotReadyException: s0@group-54B4F2458EED is not in [RUNNING]: current state is CLOSED
2022-06-29 11:33:09,891 INFO  impl.LeaderElection (LogUtils.java:infoOrTrace(137)) - s2@group-54B4F2458EED-LeaderElection271 got exception when requesting votes: java.util.concurrent.ExecutionException: org.apache.ratis.thirdparty.io.grpc.StatusRuntimeException: INTERNAL: s0@group-54B4F2458EED is not in [RUNNING]: current state is CLOSED
2022-06-29 11:33:09,892 INFO  server.RaftServer$Division (RaftServerImpl.java:requestVote(1152)) - s1@group-54B4F2458EED: receive requestVote(PRE_VOTE, s2, group-54B4F2458EED, 3, (t:3, i:31))
2022-06-29 11:33:09,892 WARN  server.GrpcServerProtocolService (LogUtils.java:warn(122)) - s1: Failed requestVote s2->s1#0: org.apache.ratis.protocol.exceptions.ServerNotReadyException: s1@group-54B4F2458EED is not in [RUNNING]: current state is CLOSED
2022-06-29 11:33:09,892 INFO  impl.LeaderElection (LogUtils.java:infoOrTrace(137)) - s2@group-54B4F2458EED-LeaderElection271 got exception when requesting votes: java.util.concurrent.ExecutionException: org.apache.ratis.thirdparty.io.grpc.StatusRuntimeException: INTERNAL: s1@group-54B4F2458EED is not in [RUNNING]: current state is CLOSED
2022-06-29 11:33:09,892 INFO  impl.LeaderElection (LeaderElection.java:logAndReturn(90)) - s2@group-54B4F2458EED-LeaderElection271: PRE_VOTE REJECTED received 0 response(s) and 2 exception(s):
2022-06-29 11:33:09,892 INFO  impl.LeaderElection (LogUtils.java:infoOrTrace(137)) -   Exception 0: java.util.concurrent.ExecutionException: org.apache.ratis.thirdparty.io.grpc.StatusRuntimeException: INTERNAL: s0@group-54B4F2458EED is not in [RUNNING]: current state is CLOSED
2022-06-29 11:33:09,892 INFO  impl.LeaderElection (LogUtils.java:infoOrTrace(137)) -   Exception 1: java.util.concurrent.ExecutionException: org.apache.ratis.thirdparty.io.grpc.StatusRuntimeException: INTERNAL: s1@group-54B4F2458EED is not in [RUNNING]: current state is CLOSED
2022-06-29 11:33:09,893 INFO  impl.LeaderElection (LeaderElection.java:askForVotes(312)) - s2@group-54B4F2458EED-LeaderElection271 PRE_VOTE round 0: result REJECTED
2022-06-29 11:33:09,893 INFO  server.RaftServer$Division (RaftServerImpl.java:setRole(299)) - s2@group-54B4F2458EED: changes role from CANDIDATE to FOLLOWER at term 3 for REJECTED
2022-06-29 11:33:09,894 INFO  impl.RoleInfo (RoleInfo.java:shutdownLeaderElection(130)) - s2: shutdown s2@group-54B4F2458EED-LeaderElection271
2022-06-29 11:33:09,894 INFO  impl.RoleInfo (RoleInfo.java:updateAndGet(139)) - s2: start s2@group-54B4F2458EED-FollowerState
2022-06-29 11:33:10,053 INFO  impl.FollowerState (FollowerState.java:run(143)) - s2@group-54B4F2458EED-FollowerState: change to CANDIDATE, lastRpcElapsedTime:159373426ns, electionTimeout:158ms
2022-06-29 11:33:10,053 INFO  impl.RoleInfo (RoleInfo.java:shutdownFollowerState(110)) - s2: shutdown s2@group-54B4F2458EED-FollowerState
2022-06-29 11:33:10,053 INFO  server.RaftServer$Division (RaftServerImpl.java:setRole(299)) - s2@group-54B4F2458EED: changes role from  FOLLOWER to CANDIDATE at term 3 for changeToCandidate
2022-06-29 11:33:10,054 INFO  server.RaftServerConfigKeys (ConfUtils.java:logGet(46)) - raft.server.leaderelection.pre-vote = true (default)
2022-06-29 11:33:10,054 INFO  impl.RoleInfo (RoleInfo.java:updateAndGet(139)) - s2: start s2@group-54B4F2458EED-LeaderElection272
2022-06-29 11:33:10,054 INFO  impl.LeaderElection (LeaderElection.java:askForVotes(310)) - s2@group-54B4F2458EED-LeaderElection272 PRE_VOTE round 0: submit vote requests at term 3 for 28: [s0|rpc:localhost:46515|admin:localhost:40757|client:localhost:41939|dataStream:localhost:35593|priority:0, s1|rpc:localhost:34095|admin:localhost:43151|client:localhost:36051|dataStream:localhost:38995|priority:0, s2|rpc:localhost:40453|admin:localhost:33947|client:localhost:38503|dataStream:localhost:42009|priority:0], old=null
2022-06-29 11:33:10,060 INFO  server.RaftServer$Division (RaftServerImpl.java:requestVote(1152)) - s0@group-54B4F2458EED: receive requestVote(PRE_VOTE, s2, group-54B4F2458EED, 3, (t:3, i:31))
2022-06-29 11:33:10,060 INFO  server.RaftServer$Division (RaftServerImpl.java:requestVote(1152)) - s1@group-54B4F2458EED: receive requestVote(PRE_VOTE, s2, group-54B4F2458EED, 3, (t:3, i:31))
2022-06-29 11:33:10,060 WARN  server.GrpcServerProtocolService (LogUtils.java:warn(122)) - s1: Failed requestVote s2->s1#0: org.apache.ratis.protocol.exceptions.ServerNotReadyException: s1@group-54B4F2458EED is not in [RUNNING]: current state is CLOSED
2022-06-29 11:33:10,060 WARN  server.GrpcServerProtocolService (LogUtils.java:warn(122)) - s0: Failed requestVote s2->s0#0: org.apache.ratis.protocol.exceptions.ServerNotReadyException: s0@group-54B4F2458EED is not in [RUNNING]: current state is CLOSED
2022-06-29 11:33:10,062 INFO  impl.LeaderElection (LogUtils.java:infoOrTrace(137)) - s2@group-54B4F2458EED-LeaderElection272 got exception when requesting votes: java.util.concurrent.ExecutionException: org.apache.ratis.thirdparty.io.grpc.StatusRuntimeException: INTERNAL: s0@group-54B4F2458EED is not in [RUNNING]: current state is CLOSED
2022-06-29 11:33:10,062 INFO  impl.LeaderElection (LogUtils.java:infoOrTrace(137)) - s2@group-54B4F2458EED-LeaderElection272 got exception when requesting votes: java.util.concurrent.ExecutionException: org.apache.ratis.thirdparty.io.grpc.StatusRuntimeException: INTERNAL: s1@group-54B4F2458EED is not in [RUNNING]: current state is CLOSED
2022-06-29 11:33:10,062 INFO  impl.LeaderElection (LeaderElection.java:logAndReturn(90)) - s2@group-54B4F2458EED-LeaderElection272: PRE_VOTE REJECTED received 0 response(s) and 2 exception(s):
2022-06-29 11:33:10,062 INFO  impl.LeaderElection (LogUtils.java:infoOrTrace(137)) -   Exception 0: java.util.concurrent.ExecutionException: org.apache.ratis.thirdparty.io.grpc.StatusRuntimeException: INTERNAL: s0@group-54B4F2458EED is not in [RUNNING]: current state is CLOSED
2022-06-29 11:33:10,062 INFO  impl.LeaderElection (LogUtils.java:infoOrTrace(137)) -   Exception 1: java.util.concurrent.ExecutionException: org.apache.ratis.thirdparty.io.grpc.StatusRuntimeException: INTERNAL: s1@group-54B4F2458EED is not in [RUNNING]: current state is CLOSED
2022-06-29 11:33:10,062 INFO  impl.LeaderElection (LeaderElection.java:askForVotes(312)) - s2@group-54B4F2458EED-LeaderElection272 PRE_VOTE round 0: result REJECTED
2022-06-29 11:33:10,062 INFO  server.RaftServer$Division (RaftServerImpl.java:setRole(299)) - s2@group-54B4F2458EED: changes role from CANDIDATE to FOLLOWER at term 3 for REJECTED
2022-06-29 11:33:10,062 INFO  impl.RoleInfo (RoleInfo.java:shutdownLeaderElection(130)) - s2: shutdown s2@group-54B4F2458EED-LeaderElection272
2022-06-29 11:33:10,062 INFO  impl.RoleInfo (RoleInfo.java:updateAndGet(139)) - s2: start s2@group-54B4F2458EED-FollowerState
2022-06-29 11:33:10,239 INFO  impl.FollowerState (FollowerState.java:run(143)) - s2@group-54B4F2458EED-FollowerState: change to CANDIDATE, lastRpcElapsedTime:176667041ns, electionTimeout:175ms
2022-06-29 11:33:10,239 INFO  impl.RoleInfo (RoleInfo.java:shutdownFollowerState(110)) - s2: shutdown s2@group-54B4F2458EED-FollowerState
2022-06-29 11:33:10,239 INFO  server.RaftServer$Division (RaftServerImpl.java:setRole(299)) - s2@group-54B4F2458EED: changes role from  FOLLOWER to CANDIDATE at term 3 for changeToCandidate
2022-06-29 11:33:10,239 INFO  server.RaftServerConfigKeys (ConfUtils.java:logGet(46)) - raft.server.leaderelection.pre-vote = true (default)
2022-06-29 11:33:10,239 INFO  impl.RoleInfo (RoleInfo.java:updateAndGet(139)) - s2: start s2@group-54B4F2458EED-LeaderElection273
2022-06-29 11:33:10,242 INFO  impl.LeaderElection (LeaderElection.java:askForVotes(310)) - s2@group-54B4F2458EED-LeaderElection273 PRE_VOTE round 0: submit vote requests at term 3 for 28: [s0|rpc:localhost:46515|admin:localhost:40757|client:localhost:41939|dataStream:localhost:35593|priority:0, s1|rpc:localhost:34095|admin:localhost:43151|client:localhost:36051|dataStream:localhost:38995|priority:0, s2|rpc:localhost:40453|admin:localhost:33947|client:localhost:38503|dataStream:localhost:42009|priority:0], old=null
2022-06-29 11:33:10,244 INFO  server.RaftServer$Division (RaftServerImpl.java:requestVote(1152)) - s0@group-54B4F2458EED: receive requestVote(PRE_VOTE, s2, group-54B4F2458EED, 3, (t:3, i:31))
2022-06-29 11:33:10,244 WARN  server.GrpcServerProtocolService (LogUtils.java:warn(122)) - s0: Failed requestVote s2->s0#0: org.apache.ratis.protocol.exceptions.ServerNotReadyException: s0@group-54B4F2458EED is not in [RUNNING]: current state is CLOSED
2022-06-29 11:33:10,245 INFO  server.RaftServer$Division (RaftServerImpl.java:requestVote(1152)) - s1@group-54B4F2458EED: receive requestVote(PRE_VOTE, s2, group-54B4F2458EED, 3, (t:3, i:31))
2022-06-29 11:33:10,245 WARN  server.GrpcServerProtocolService (LogUtils.java:warn(122)) - s1: Failed requestVote s2->s1#0: org.apache.ratis.protocol.exceptions.ServerNotReadyException: s1@group-54B4F2458EED is not in [RUNNING]: current state is CLOSED
2022-06-29 11:33:10,249 INFO  impl.LeaderElection (LogUtils.java:infoOrTrace(137)) - s2@group-54B4F2458EED-LeaderElection273 got exception when requesting votes: java.util.concurrent.ExecutionException: org.apache.ratis.thirdparty.io.grpc.StatusRuntimeException: INTERNAL: s1@group-54B4F2458EED is not in [RUNNING]: current state is CLOSED
2022-06-29 11:33:10,249 INFO  impl.LeaderElection (LogUtils.java:infoOrTrace(137)) - s2@group-54B4F2458EED-LeaderElection273 got exception when requesting votes: java.util.concurrent.ExecutionException: org.apache.ratis.thirdparty.io.grpc.StatusRuntimeException: INTERNAL: s0@group-54B4F2458EED is not in [RUNNING]: current state is CLOSED
2022-06-29 11:33:10,249 INFO  impl.LeaderElection (LeaderElection.java:logAndReturn(90)) - s2@group-54B4F2458EED-LeaderElection273: PRE_VOTE REJECTED received 0 response(s) and 2 exception(s):
2022-06-29 11:33:10,249 INFO  impl.LeaderElection (LogUtils.java:infoOrTrace(137)) -   Exception 0: java.util.concurrent.ExecutionException: org.apache.ratis.thirdparty.io.grpc.StatusRuntimeException: INTERNAL: s1@group-54B4F2458EED is not in [RUNNING]: current state is CLOSED
2022-06-29 11:33:10,249 INFO  impl.LeaderElection (LogUtils.java:infoOrTrace(137)) -   Exception 1: java.util.concurrent.ExecutionException: org.apache.ratis.thirdparty.io.grpc.StatusRuntimeException: INTERNAL: s0@group-54B4F2458EED is not in [RUNNING]: current state is CLOSED
2022-06-29 11:33:10,249 INFO  impl.LeaderElection (LeaderElection.java:askForVotes(312)) - s2@group-54B4F2458EED-LeaderElection273 PRE_VOTE round 0: result REJECTED
2022-06-29 11:33:10,250 INFO  server.RaftServer$Division (RaftServerImpl.java:setRole(299)) - s2@group-54B4F2458EED: changes role from CANDIDATE to FOLLOWER at term 3 for REJECTED
2022-06-29 11:33:10,250 INFO  impl.RoleInfo (RoleInfo.java:shutdownLeaderElection(130)) - s2: shutdown s2@group-54B4F2458EED-LeaderElection273
2022-06-29 11:33:10,250 INFO  impl.RoleInfo (RoleInfo.java:updateAndGet(139)) - s2: start s2@group-54B4F2458EED-FollowerState
2022-06-29 11:33:10,500 INFO  impl.FollowerState (FollowerState.java:run(143)) - s2@group-54B4F2458EED-FollowerState: change to CANDIDATE, lastRpcElapsedTime:250712881ns, electionTimeout:250ms
2022-06-29 11:33:10,500 INFO  impl.RoleInfo (RoleInfo.java:shutdownFollowerState(110)) - s2: shutdown s2@group-54B4F2458EED-FollowerState
2022-06-29 11:33:10,500 INFO  server.RaftServer$Division (RaftServerImpl.java:setRole(299)) - s2@group-54B4F2458EED: changes role from  FOLLOWER to CANDIDATE at term 3 for changeToCandidate
2022-06-29 11:33:10,501 INFO  server.RaftServerConfigKeys (ConfUtils.java:logGet(46)) - raft.server.leaderelection.pre-vote = true (default)
2022-06-29 11:33:10,501 INFO  impl.RoleInfo (RoleInfo.java:updateAndGet(139)) - s2: start s2@group-54B4F2458EED-LeaderElection274
2022-06-29 11:33:10,502 INFO  impl.LeaderElection (LeaderElection.java:askForVotes(310)) - s2@group-54B4F2458EED-LeaderElection274 PRE_VOTE round 0: submit vote requests at term 3 for 28: [s0|rpc:localhost:46515|admin:localhost:40757|client:localhost:41939|dataStream:localhost:35593|priority:0, s1|rpc:localhost:34095|admin:localhost:43151|client:localhost:36051|dataStream:localhost:38995|priority:0, s2|rpc:localhost:40453|admin:localhost:33947|client:localhost:38503|dataStream:localhost:42009|priority:0], old=null
2022-06-29 11:33:10,506 INFO  server.RaftServer$Division (RaftServerImpl.java:requestVote(1152)) - s1@group-54B4F2458EED: receive requestVote(PRE_VOTE, s2, group-54B4F2458EED, 3, (t:3, i:31))
2022-06-29 11:33:10,506 WARN  server.GrpcServerProtocolService (LogUtils.java:warn(122)) - s1: Failed requestVote s2->s1#0: org.apache.ratis.protocol.exceptions.ServerNotReadyException: s1@group-54B4F2458EED is not in [RUNNING]: current state is CLOSED
2022-06-29 11:33:10,506 INFO  server.RaftServer$Division (RaftServerImpl.java:requestVote(1152)) - s0@group-54B4F2458EED: receive requestVote(PRE_VOTE, s2, group-54B4F2458EED, 3, (t:3, i:31))
2022-06-29 11:33:10,506 WARN  server.GrpcServerProtocolService (LogUtils.java:warn(122)) - s0: Failed requestVote s2->s0#0: org.apache.ratis.protocol.exceptions.ServerNotReadyException: s0@group-54B4F2458EED is not in [RUNNING]: current state is CLOSED
2022-06-29 11:33:10,509 INFO  impl.LeaderElection (LogUtils.java:infoOrTrace(137)) - s2@group-54B4F2458EED-LeaderElection274 got exception when requesting votes: java.util.concurrent.ExecutionException: org.apache.ratis.thirdparty.io.grpc.StatusRuntimeException: INTERNAL: s0@group-54B4F2458EED is not in [RUNNING]: current state is CLOSED
2022-06-29 11:33:10,510 INFO  impl.LeaderElection (LogUtils.java:infoOrTrace(137)) - s2@group-54B4F2458EED-LeaderElection274 got exception when requesting votes: java.util.concurrent.ExecutionException: org.apache.ratis.thirdparty.io.grpc.StatusRuntimeException: INTERNAL: s1@group-54B4F2458EED is not in [RUNNING]: current state is CLOSED
2022-06-29 11:33:10,510 INFO  impl.LeaderElection (LeaderElection.java:logAndReturn(90)) - s2@group-54B4F2458EED-LeaderElection274: PRE_VOTE REJECTED received 0 response(s) and 2 exception(s):
2022-06-29 11:33:10,510 INFO  impl.LeaderElection (LogUtils.java:infoOrTrace(137)) -   Exception 0: java.util.concurrent.ExecutionException: org.apache.ratis.thirdparty.io.grpc.StatusRuntimeException: INTERNAL: s0@group-54B4F2458EED is not in [RUNNING]: current state is CLOSED
2022-06-29 11:33:10,510 INFO  impl.LeaderElection (LogUtils.java:infoOrTrace(137)) -   Exception 1: java.util.concurrent.ExecutionException: org.apache.ratis.thirdparty.io.grpc.StatusRuntimeException: INTERNAL: s1@group-54B4F2458EED is not in [RUNNING]: current state is CLOSED
2022-06-29 11:33:10,519 INFO  impl.LeaderElection (LeaderElection.java:askForVotes(312)) - s2@group-54B4F2458EED-LeaderElection274 PRE_VOTE round 0: result REJECTED
2022-06-29 11:33:10,519 INFO  server.RaftServer$Division (RaftServerImpl.java:setRole(299)) - s2@group-54B4F2458EED: changes role from CANDIDATE to FOLLOWER at term 3 for REJECTED
2022-06-29 11:33:10,519 INFO  impl.RoleInfo (RoleInfo.java:shutdownLeaderElection(130)) - s2: shutdown s2@group-54B4F2458EED-LeaderElection274
2022-06-29 11:33:10,521 INFO  impl.RoleInfo (RoleInfo.java:updateAndGet(139)) - s2: start s2@group-54B4F2458EED-FollowerState
2022-06-29 11:33:10,808 INFO  impl.FollowerState (FollowerState.java:run(143)) - s2@group-54B4F2458EED-FollowerState: change to CANDIDATE, lastRpcElapsedTime:287279144ns, electionTimeout:285ms
2022-06-29 11:33:10,809 INFO  impl.RoleInfo (RoleInfo.java:shutdownFollowerState(110)) - s2: shutdown s2@group-54B4F2458EED-FollowerState
2022-06-29 11:33:10,809 INFO  server.RaftServer$Division (RaftServerImpl.java:setRole(299)) - s2@group-54B4F2458EED: changes role from  FOLLOWER to CANDIDATE at term 3 for changeToCandidate
2022-06-29 11:33:10,810 INFO  server.RaftServerConfigKeys (ConfUtils.java:logGet(46)) - raft.server.leaderelection.pre-vote = true (default)
2022-06-29 11:33:10,810 INFO  impl.RoleInfo (RoleInfo.java:updateAndGet(139)) - s2: start s2@group-54B4F2458EED-LeaderElection275
2022-06-29 11:33:10,813 INFO  impl.LeaderElection (LeaderElection.java:askForVotes(310)) - s2@group-54B4F2458EED-LeaderElection275 PRE_VOTE round 0: submit vote requests at term 3 for 28: [s0|rpc:localhost:46515|admin:localhost:40757|client:localhost:41939|dataStream:localhost:35593|priority:0, s1|rpc:localhost:34095|admin:localhost:43151|client:localhost:36051|dataStream:localhost:38995|priority:0, s2|rpc:localhost:40453|admin:localhost:33947|client:localhost:38503|dataStream:localhost:42009|priority:0], old=null
2022-06-29 11:33:10,821 INFO  server.RaftServer$Division (RaftServerImpl.java:requestVote(1152)) - s0@group-54B4F2458EED: receive requestVote(PRE_VOTE, s2, group-54B4F2458EED, 3, (t:3, i:31))
2022-06-29 11:33:10,821 WARN  server.GrpcServerProtocolService (LogUtils.java:warn(122)) - s0: Failed requestVote s2->s0#0: org.apache.ratis.protocol.exceptions.ServerNotReadyException: s0@group-54B4F2458EED is not in [RUNNING]: current state is CLOSED
2022-06-29 11:33:10,821 INFO  impl.LeaderElection (LogUtils.java:infoOrTrace(137)) - s2@group-54B4F2458EED-LeaderElection275 got exception when requesting votes: java.util.concurrent.ExecutionException: org.apache.ratis.thirdparty.io.grpc.StatusRuntimeException: INTERNAL: s0@group-54B4F2458EED is not in [RUNNING]: current state is CLOSED
2022-06-29 11:33:10,822 INFO  server.RaftServer$Division (RaftServerImpl.java:requestVote(1152)) - s1@group-54B4F2458EED: receive requestVote(PRE_VOTE, s2, group-54B4F2458EED, 3, (t:3, i:31))
2022-06-29 11:33:10,822 WARN  server.GrpcServerProtocolService (LogUtils.java:warn(122)) - s1: Failed requestVote s2->s1#0: org.apache.ratis.protocol.exceptions.ServerNotReadyException: s1@group-54B4F2458EED is not in [RUNNING]: current state is CLOSED
2022-06-29 11:33:10,825 INFO  impl.LeaderElection (LogUtils.java:infoOrTrace(137)) - s2@group-54B4F2458EED-LeaderElection275 got exception when requesting votes: java.util.concurrent.ExecutionException: org.apache.ratis.thirdparty.io.grpc.StatusRuntimeException: INTERNAL: s1@group-54B4F2458EED is not in [RUNNING]: current state is CLOSED
2022-06-29 11:33:10,825 INFO  impl.LeaderElection (LeaderElection.java:logAndReturn(90)) - s2@group-54B4F2458EED-LeaderElection275: PRE_VOTE REJECTED received 0 response(s) and 2 exception(s):
2022-06-29 11:33:10,825 INFO  impl.LeaderElection (LogUtils.java:infoOrTrace(137)) -   Exception 0: java.util.concurrent.ExecutionException: org.apache.ratis.thirdparty.io.grpc.StatusRuntimeException: INTERNAL: s0@group-54B4F2458EED is not in [RUNNING]: current state is CLOSED
2022-06-29 11:33:10,825 INFO  impl.LeaderElection (LogUtils.java:infoOrTrace(137)) -   Exception 1: java.util.concurrent.ExecutionException: org.apache.ratis.thirdparty.io.grpc.StatusRuntimeException: INTERNAL: s1@group-54B4F2458EED is not in [RUNNING]: current state is CLOSED
2022-06-29 11:33:10,829 INFO  impl.LeaderElection (LeaderElection.java:askForVotes(312)) - s2@group-54B4F2458EED-LeaderElection275 PRE_VOTE round 0: result REJECTED
2022-06-29 11:33:10,829 INFO  server.RaftServer$Division (RaftServerImpl.java:setRole(299)) - s2@group-54B4F2458EED: changes role from CANDIDATE to FOLLOWER at term 3 for REJECTED
2022-06-29 11:33:10,829 INFO  impl.RoleInfo (RoleInfo.java:shutdownLeaderElection(130)) - s2: shutdown s2@group-54B4F2458EED-LeaderElection275
2022-06-29 11:33:10,829 INFO  impl.RoleInfo (RoleInfo.java:updateAndGet(139)) - s2: start s2@group-54B4F2458EED-FollowerState
2022-06-29 11:33:10,994 INFO  impl.FollowerState (FollowerState.java:run(143)) - s2@group-54B4F2458EED-FollowerState: change to CANDIDATE, lastRpcElapsedTime:165135395ns, electionTimeout:162ms
2022-06-29 11:33:10,994 INFO  impl.RoleInfo (RoleInfo.java:shutdownFollowerState(110)) - s2: shutdown s2@group-54B4F2458EED-FollowerState
2022-06-29 11:33:10,994 INFO  server.RaftServer$Division (RaftServerImpl.java:setRole(299)) - s2@group-54B4F2458EED: changes role from  FOLLOWER to CANDIDATE at term 3 for changeToCandidate
2022-06-29 11:33:10,995 INFO  server.RaftServerConfigKeys (ConfUtils.java:logGet(46)) - raft.server.leaderelection.pre-vote = true (default)
2022-06-29 11:33:10,995 INFO  impl.RoleInfo (RoleInfo.java:updateAndGet(139)) - s2: start s2@group-54B4F2458EED-LeaderElection276
2022-06-29 11:33:10,996 INFO  impl.LeaderElection (LeaderElection.java:askForVotes(310)) - s2@group-54B4F2458EED-LeaderElection276 PRE_VOTE round 0: submit vote requests at term 3 for 28: [s0|rpc:localhost:46515|admin:localhost:40757|client:localhost:41939|dataStream:localhost:35593|priority:0, s1|rpc:localhost:34095|admin:localhost:43151|client:localhost:36051|dataStream:localhost:38995|priority:0, s2|rpc:localhost:40453|admin:localhost:33947|client:localhost:38503|dataStream:localhost:42009|priority:0], old=null
2022-06-29 11:33:10,999 INFO  server.RaftServer$Division (RaftServerImpl.java:requestVote(1152)) - s0@group-54B4F2458EED: receive requestVote(PRE_VOTE, s2, group-54B4F2458EED, 3, (t:3, i:31))
2022-06-29 11:33:10,999 WARN  server.GrpcServerProtocolService (LogUtils.java:warn(122)) - s0: Failed requestVote s2->s0#0: org.apache.ratis.protocol.exceptions.ServerNotReadyException: s0@group-54B4F2458EED is not in [RUNNING]: current state is CLOSED
2022-06-29 11:33:11,000 INFO  server.RaftServer$Division (RaftServerImpl.java:requestVote(1152)) - s1@group-54B4F2458EED: receive requestVote(PRE_VOTE, s2, group-54B4F2458EED, 3, (t:3, i:31))
2022-06-29 11:33:11,000 WARN  server.GrpcServerProtocolService (LogUtils.java:warn(122)) - s1: Failed requestVote s2->s1#0: org.apache.ratis.protocol.exceptions.ServerNotReadyException: s1@group-54B4F2458EED is not in [RUNNING]: current state is CLOSED
2022-06-29 11:33:11,002 INFO  impl.LeaderElection (LogUtils.java:infoOrTrace(137)) - s2@group-54B4F2458EED-LeaderElection276 got exception when requesting votes: java.util.concurrent.ExecutionException: org.apache.ratis.thirdparty.io.grpc.StatusRuntimeException: INTERNAL: s0@group-54B4F2458EED is not in [RUNNING]: current state is CLOSED
2022-06-29 11:33:11,002 INFO  impl.LeaderElection (LogUtils.java:infoOrTrace(137)) - s2@group-54B4F2458EED-LeaderElection276 got exception when requesting votes: java.util.concurrent.ExecutionException: org.apache.ratis.thirdparty.io.grpc.StatusRuntimeException: INTERNAL: s1@group-54B4F2458EED is not in [RUNNING]: current state is CLOSED
2022-06-29 11:33:11,002 INFO  impl.LeaderElection (LeaderElection.java:logAndReturn(90)) - s2@group-54B4F2458EED-LeaderElection276: PRE_VOTE REJECTED received 0 response(s) and 2 exception(s):
2022-06-29 11:33:11,002 INFO  impl.LeaderElection (LogUtils.java:infoOrTrace(137)) -   Exception 0: java.util.concurrent.ExecutionException: org.apache.ratis.thirdparty.io.grpc.StatusRuntimeException: INTERNAL: s0@group-54B4F2458EED is not in [RUNNING]: current state is CLOSED
2022-06-29 11:33:11,002 INFO  impl.LeaderElection (LogUtils.java:infoOrTrace(137)) -   Exception 1: java.util.concurrent.ExecutionException: org.apache.ratis.thirdparty.io.grpc.StatusRuntimeException: INTERNAL: s1@group-54B4F2458EED is not in [RUNNING]: current state is CLOSED
2022-06-29 11:33:11,002 INFO  impl.LeaderElection (LeaderElection.java:askForVotes(312)) - s2@group-54B4F2458EED-LeaderElection276 PRE_VOTE round 0: result REJECTED
2022-06-29 11:33:11,002 INFO  server.RaftServer$Division (RaftServerImpl.java:setRole(299)) - s2@group-54B4F2458EED: changes role from CANDIDATE to FOLLOWER at term 3 for REJECTED
2022-06-29 11:33:11,002 INFO  impl.RoleInfo (RoleInfo.java:shutdownLeaderElection(130)) - s2: shutdown s2@group-54B4F2458EED-LeaderElection276
2022-06-29 11:33:11,002 INFO  impl.RoleInfo (RoleInfo.java:updateAndGet(139)) - s2: start s2@group-54B4F2458EED-FollowerState
2022-06-29 11:33:11,258 INFO  impl.FollowerState (FollowerState.java:run(143)) - s2@group-54B4F2458EED-FollowerState: change to CANDIDATE, lastRpcElapsedTime:255755336ns, electionTimeout:254ms
2022-06-29 11:33:11,258 INFO  impl.RoleInfo (RoleInfo.java:shutdownFollowerState(110)) - s2: shutdown s2@group-54B4F2458EED-FollowerState
2022-06-29 11:33:11,258 INFO  server.RaftServer$Division (RaftServerImpl.java:setRole(299)) - s2@group-54B4F2458EED: changes role from  FOLLOWER to CANDIDATE at term 3 for changeToCandidate
2022-06-29 11:33:11,258 INFO  server.RaftServerConfigKeys (ConfUtils.java:logGet(46)) - raft.server.leaderelection.pre-vote = true (default)
2022-06-29 11:33:11,258 INFO  impl.RoleInfo (RoleInfo.java:updateAndGet(139)) - s2: start s2@group-54B4F2458EED-LeaderElection277
2022-06-29 11:33:11,260 INFO  impl.LeaderElection (LeaderElection.java:askForVotes(310)) - s2@group-54B4F2458EED-LeaderElection277 PRE_VOTE round 0: submit vote requests at term 3 for 28: [s0|rpc:localhost:46515|admin:localhost:40757|client:localhost:41939|dataStream:localhost:35593|priority:0, s1|rpc:localhost:34095|admin:localhost:43151|client:localhost:36051|dataStream:localhost:38995|priority:0, s2|rpc:localhost:40453|admin:localhost:33947|client:localhost:38503|dataStream:localhost:42009|priority:0], old=null
2022-06-29 11:33:11,263 INFO  server.RaftServer$Division (RaftServerImpl.java:requestVote(1152)) - s0@group-54B4F2458EED: receive requestVote(PRE_VOTE, s2, group-54B4F2458EED, 3, (t:3, i:31))
2022-06-29 11:33:11,263 WARN  server.GrpcServerProtocolService (LogUtils.java:warn(122)) - s0: Failed requestVote s2->s0#0: org.apache.ratis.protocol.exceptions.ServerNotReadyException: s0@group-54B4F2458EED is not in [RUNNING]: current state is CLOSED
2022-06-29 11:33:11,264 INFO  server.RaftServer$Division (RaftServerImpl.java:requestVote(1152)) - s1@group-54B4F2458EED: receive requestVote(PRE_VOTE, s2, group-54B4F2458EED, 3, (t:3, i:31))
2022-06-29 11:33:11,264 WARN  server.GrpcServerProtocolService (LogUtils.java:warn(122)) - s1: Failed requestVote s2->s1#0: org.apache.ratis.protocol.exceptions.ServerNotReadyException: s1@group-54B4F2458EED is not in [RUNNING]: current state is CLOSED
2022-06-29 11:33:11,264 INFO  impl.LeaderElection (LogUtils.java:infoOrTrace(137)) - s2@group-54B4F2458EED-LeaderElection277 got exception when requesting votes: java.util.concurrent.ExecutionException: org.apache.ratis.thirdparty.io.grpc.StatusRuntimeException: INTERNAL: s0@group-54B4F2458EED is not in [RUNNING]: current state is CLOSED
2022-06-29 11:33:11,265 INFO  impl.LeaderElection (LogUtils.java:infoOrTrace(137)) - s2@group-54B4F2458EED-LeaderElection277 got exception when requesting votes: java.util.concurrent.ExecutionException: org.apache.ratis.thirdparty.io.grpc.StatusRuntimeException: INTERNAL: s1@group-54B4F2458EED is not in [RUNNING]: current state is CLOSED
2022-06-29 11:33:11,265 INFO  impl.LeaderElection (LeaderElection.java:logAndReturn(90)) - s2@group-54B4F2458EED-LeaderElection277: PRE_VOTE REJECTED received 0 response(s) and 2 exception(s):
2022-06-29 11:33:11,265 INFO  impl.LeaderElection (LogUtils.java:infoOrTrace(137)) -   Exception 0: java.util.concurrent.ExecutionException: org.apache.ratis.thirdparty.io.grpc.StatusRuntimeException: INTERNAL: s0@group-54B4F2458EED is not in [RUNNING]: current state is CLOSED
2022-06-29 11:33:11,265 INFO  impl.LeaderElection (LogUtils.java:infoOrTrace(137)) -   Exception 1: java.util.concurrent.ExecutionException: org.apache.ratis.thirdparty.io.grpc.StatusRuntimeException: INTERNAL: s1@group-54B4F2458EED is not in [RUNNING]: current state is CLOSED
2022-06-29 11:33:11,265 INFO  impl.LeaderElection (LeaderElection.java:askForVotes(312)) - s2@group-54B4F2458EED-LeaderElection277 PRE_VOTE round 0: result REJECTED
2022-06-29 11:33:11,265 INFO  server.RaftServer$Division (RaftServerImpl.java:setRole(299)) - s2@group-54B4F2458EED: changes role from CANDIDATE to FOLLOWER at term 3 for REJECTED
2022-06-29 11:33:11,265 INFO  impl.RoleInfo (RoleInfo.java:shutdownLeaderElection(130)) - s2: shutdown s2@group-54B4F2458EED-LeaderElection277
2022-06-29 11:33:11,266 INFO  impl.RoleInfo (RoleInfo.java:updateAndGet(139)) - s2: start s2@group-54B4F2458EED-FollowerState
2022-06-29 11:33:11,439 INFO  impl.FollowerState (FollowerState.java:run(143)) - s2@group-54B4F2458EED-FollowerState: change to CANDIDATE, lastRpcElapsedTime:173537396ns, electionTimeout:172ms
2022-06-29 11:33:11,439 INFO  impl.RoleInfo (RoleInfo.java:shutdownFollowerState(110)) - s2: shutdown s2@group-54B4F2458EED-FollowerState
2022-06-29 11:33:11,439 INFO  server.RaftServer$Division (RaftServerImpl.java:setRole(299)) - s2@group-54B4F2458EED: changes role from  FOLLOWER to CANDIDATE at term 3 for changeToCandidate
2022-06-29 11:33:11,441 INFO  server.RaftServerConfigKeys (ConfUtils.java:logGet(46)) - raft.server.leaderelection.pre-vote = true (default)
2022-06-29 11:33:11,441 INFO  impl.RoleInfo (RoleInfo.java:updateAndGet(139)) - s2: start s2@group-54B4F2458EED-LeaderElection278
2022-06-29 11:33:11,445 INFO  impl.LeaderElection (LeaderElection.java:askForVotes(310)) - s2@group-54B4F2458EED-LeaderElection278 PRE_VOTE round 0: submit vote requests at term 3 for 28: [s0|rpc:localhost:46515|admin:localhost:40757|client:localhost:41939|dataStream:localhost:35593|priority:0, s1|rpc:localhost:34095|admin:localhost:43151|client:localhost:36051|dataStream:localhost:38995|priority:0, s2|rpc:localhost:40453|admin:localhost:33947|client:localhost:38503|dataStream:localhost:42009|priority:0], old=null
2022-06-29 11:33:11,449 INFO  server.RaftServer$Division (RaftServerImpl.java:requestVote(1152)) - s1@group-54B4F2458EED: receive requestVote(PRE_VOTE, s2, group-54B4F2458EED, 3, (t:3, i:31))
2022-06-29 11:33:11,449 WARN  server.GrpcServerProtocolService (LogUtils.java:warn(122)) - s1: Failed requestVote s2->s1#0: org.apache.ratis.protocol.exceptions.ServerNotReadyException: s1@group-54B4F2458EED is not in [RUNNING]: current state is CLOSED
2022-06-29 11:33:11,449 INFO  server.RaftServer$Division (RaftServerImpl.java:requestVote(1152)) - s0@group-54B4F2458EED: receive requestVote(PRE_VOTE, s2, group-54B4F2458EED, 3, (t:3, i:31))
2022-06-29 11:33:11,449 WARN  server.GrpcServerProtocolService (LogUtils.java:warn(122)) - s0: Failed requestVote s2->s0#0: org.apache.ratis.protocol.exceptions.ServerNotReadyException: s0@group-54B4F2458EED is not in [RUNNING]: current state is CLOSED
2022-06-29 11:33:11,451 INFO  impl.LeaderElection (LogUtils.java:infoOrTrace(137)) - s2@group-54B4F2458EED-LeaderElection278 got exception when requesting votes: java.util.concurrent.ExecutionException: org.apache.ratis.thirdparty.io.grpc.StatusRuntimeException: INTERNAL: s1@group-54B4F2458EED is not in [RUNNING]: current state is CLOSED
2022-06-29 11:33:11,451 INFO  impl.LeaderElection (LogUtils.java:infoOrTrace(137)) - s2@group-54B4F2458EED-LeaderElection278 got exception when requesting votes: java.util.concurrent.ExecutionException: org.apache.ratis.thirdparty.io.grpc.StatusRuntimeException: INTERNAL: s0@group-54B4F2458EED is not in [RUNNING]: current state is CLOSED
2022-06-29 11:33:11,451 INFO  impl.LeaderElection (LeaderElection.java:logAndReturn(90)) - s2@group-54B4F2458EED-LeaderElection278: PRE_VOTE REJECTED received 0 response(s) and 2 exception(s):
2022-06-29 11:33:11,452 INFO  impl.LeaderElection (LogUtils.java:infoOrTrace(137)) -   Exception 0: java.util.concurrent.ExecutionException: org.apache.ratis.thirdparty.io.grpc.StatusRuntimeException: INTERNAL: s1@group-54B4F2458EED is not in [RUNNING]: current state is CLOSED
2022-06-29 11:33:11,452 INFO  impl.LeaderElection (LogUtils.java:infoOrTrace(137)) -   Exception 1: java.util.concurrent.ExecutionException: org.apache.ratis.thirdparty.io.grpc.StatusRuntimeException: INTERNAL: s0@group-54B4F2458EED is not in [RUNNING]: current state is CLOSED
2022-06-29 11:33:11,452 INFO  impl.LeaderElection (LeaderElection.java:askForVotes(312)) - s2@group-54B4F2458EED-LeaderElection278 PRE_VOTE round 0: result REJECTED
2022-06-29 11:33:11,452 INFO  server.RaftServer$Division (RaftServerImpl.java:setRole(299)) - s2@group-54B4F2458EED: changes role from CANDIDATE to FOLLOWER at term 3 for REJECTED
2022-06-29 11:33:11,452 INFO  impl.RoleInfo (RoleInfo.java:shutdownLeaderElection(130)) - s2: shutdown s2@group-54B4F2458EED-LeaderElection278
2022-06-29 11:33:11,452 INFO  impl.RoleInfo (RoleInfo.java:updateAndGet(139)) - s2: start s2@group-54B4F2458EED-FollowerState
2022-06-29 11:33:11,711 INFO  impl.FollowerState (FollowerState.java:run(143)) - s2@group-54B4F2458EED-FollowerState: change to CANDIDATE, lastRpcElapsedTime:259480983ns, electionTimeout:258ms
2022-06-29 11:33:11,711 INFO  impl.RoleInfo (RoleInfo.java:shutdownFollowerState(110)) - s2: shutdown s2@group-54B4F2458EED-FollowerState
2022-06-29 11:33:11,711 INFO  server.RaftServer$Division (RaftServerImpl.java:setRole(299)) - s2@group-54B4F2458EED: changes role from  FOLLOWER to CANDIDATE at term 3 for changeToCandidate
2022-06-29 11:33:11,712 INFO  server.RaftServerConfigKeys (ConfUtils.java:logGet(46)) - raft.server.leaderelection.pre-vote = true (default)
2022-06-29 11:33:11,712 INFO  impl.RoleInfo (RoleInfo.java:updateAndGet(139)) - s2: start s2@group-54B4F2458EED-LeaderElection279
2022-06-29 11:33:11,716 INFO  impl.LeaderElection (LeaderElection.java:askForVotes(310)) - s2@group-54B4F2458EED-LeaderElection279 PRE_VOTE round 0: submit vote requests at term 3 for 28: [s0|rpc:localhost:46515|admin:localhost:40757|client:localhost:41939|dataStream:localhost:35593|priority:0, s1|rpc:localhost:34095|admin:localhost:43151|client:localhost:36051|dataStream:localhost:38995|priority:0, s2|rpc:localhost:40453|admin:localhost:33947|client:localhost:38503|dataStream:localhost:42009|priority:0], old=null
2022-06-29 11:33:11,721 INFO  server.RaftServer$Division (RaftServerImpl.java:requestVote(1152)) - s0@group-54B4F2458EED: receive requestVote(PRE_VOTE, s2, group-54B4F2458EED, 3, (t:3, i:31))
2022-06-29 11:33:11,721 WARN  server.GrpcServerProtocolService (LogUtils.java:warn(122)) - s0: Failed requestVote s2->s0#0: org.apache.ratis.protocol.exceptions.ServerNotReadyException: s0@group-54B4F2458EED is not in [RUNNING]: current state is CLOSED
2022-06-29 11:33:11,722 INFO  server.RaftServer$Division (RaftServerImpl.java:requestVote(1152)) - s1@group-54B4F2458EED: receive requestVote(PRE_VOTE, s2, group-54B4F2458EED, 3, (t:3, i:31))
2022-06-29 11:33:11,722 WARN  server.GrpcServerProtocolService (LogUtils.java:warn(122)) - s1: Failed requestVote s2->s1#0: org.apache.ratis.protocol.exceptions.ServerNotReadyException: s1@group-54B4F2458EED is not in [RUNNING]: current state is CLOSED
2022-06-29 11:33:11,723 INFO  impl.LeaderElection (LogUtils.java:infoOrTrace(137)) - s2@group-54B4F2458EED-LeaderElection279 got exception when requesting votes: java.util.concurrent.ExecutionException: org.apache.ratis.thirdparty.io.grpc.StatusRuntimeException: INTERNAL: s1@group-54B4F2458EED is not in [RUNNING]: current state is CLOSED
2022-06-29 11:33:11,723 INFO  impl.LeaderElection (LogUtils.java:infoOrTrace(137)) - s2@group-54B4F2458EED-LeaderElection279 got exception when requesting votes: java.util.concurrent.ExecutionException: org.apache.ratis.thirdparty.io.grpc.StatusRuntimeException: INTERNAL: s0@group-54B4F2458EED is not in [RUNNING]: current state is CLOSED
2022-06-29 11:33:11,723 INFO  impl.LeaderElection (LeaderElection.java:logAndReturn(90)) - s2@group-54B4F2458EED-LeaderElection279: PRE_VOTE REJECTED received 0 response(s) and 2 exception(s):
2022-06-29 11:33:11,723 INFO  impl.LeaderElection (LogUtils.java:infoOrTrace(137)) -   Exception 0: java.util.concurrent.ExecutionException: org.apache.ratis.thirdparty.io.grpc.StatusRuntimeException: INTERNAL: s1@group-54B4F2458EED is not in [RUNNING]: current state is CLOSED
2022-06-29 11:33:11,723 INFO  impl.LeaderElection (LogUtils.java:infoOrTrace(137)) -   Exception 1: java.util.concurrent.ExecutionException: org.apache.ratis.thirdparty.io.grpc.StatusRuntimeException: INTERNAL: s0@group-54B4F2458EED is not in [RUNNING]: current state is CLOSED
2022-06-29 11:33:11,723 INFO  impl.LeaderElection (LeaderElection.java:askForVotes(312)) - s2@group-54B4F2458EED-LeaderElection279 PRE_VOTE round 0: result REJECTED
2022-06-29 11:33:11,723 INFO  server.RaftServer$Division (RaftServerImpl.java:setRole(299)) - s2@group-54B4F2458EED: changes role from CANDIDATE to FOLLOWER at term 3 for REJECTED
2022-06-29 11:33:11,723 INFO  impl.RoleInfo (RoleInfo.java:shutdownLeaderElection(130)) - s2: shutdown s2@group-54B4F2458EED-LeaderElection279
2022-06-29 11:33:11,723 INFO  impl.RoleInfo (RoleInfo.java:updateAndGet(139)) - s2: start s2@group-54B4F2458EED-FollowerState
2022-06-29 11:33:11,981 INFO  impl.FollowerState (FollowerState.java:run(143)) - s2@group-54B4F2458EED-FollowerState: change to CANDIDATE, lastRpcElapsedTime:257714261ns, electionTimeout:253ms
2022-06-29 11:33:11,981 INFO  impl.RoleInfo (RoleInfo.java:shutdownFollowerState(110)) - s2: shutdown s2@group-54B4F2458EED-FollowerState
2022-06-29 11:33:11,981 INFO  server.RaftServer$Division (RaftServerImpl.java:setRole(299)) - s2@group-54B4F2458EED: changes role from  FOLLOWER to CANDIDATE at term 3 for changeToCandidate
2022-06-29 11:33:11,982 INFO  server.RaftServerConfigKeys (ConfUtils.java:logGet(46)) - raft.server.leaderelection.pre-vote = true (default)
2022-06-29 11:33:11,982 INFO  impl.RoleInfo (RoleInfo.java:updateAndGet(139)) - s2: start s2@group-54B4F2458EED-LeaderElection280
2022-06-29 11:33:11,982 INFO  impl.LeaderElection (LeaderElection.java:askForVotes(310)) - s2@group-54B4F2458EED-LeaderElection280 PRE_VOTE round 0: submit vote requests at term 3 for 28: [s0|rpc:localhost:46515|admin:localhost:40757|client:localhost:41939|dataStream:localhost:35593|priority:0, s1|rpc:localhost:34095|admin:localhost:43151|client:localhost:36051|dataStream:localhost:38995|priority:0, s2|rpc:localhost:40453|admin:localhost:33947|client:localhost:38503|dataStream:localhost:42009|priority:0], old=null
2022-06-29 11:33:11,985 INFO  server.RaftServer$Division (RaftServerImpl.java:requestVote(1152)) - s1@group-54B4F2458EED: receive requestVote(PRE_VOTE, s2, group-54B4F2458EED, 3, (t:3, i:31))
2022-06-29 11:33:11,985 WARN  server.GrpcServerProtocolService (LogUtils.java:warn(122)) - s1: Failed requestVote s2->s1#0: org.apache.ratis.protocol.exceptions.ServerNotReadyException: s1@group-54B4F2458EED is not in [RUNNING]: current state is CLOSED
2022-06-29 11:33:11,988 INFO  server.RaftServer$Division (RaftServerImpl.java:requestVote(1152)) - s0@group-54B4F2458EED: receive requestVote(PRE_VOTE, s2, group-54B4F2458EED, 3, (t:3, i:31))
2022-06-29 11:33:11,988 WARN  server.GrpcServerProtocolService (LogUtils.java:warn(122)) - s0: Failed requestVote s2->s0#0: org.apache.ratis.protocol.exceptions.ServerNotReadyException: s0@group-54B4F2458EED is not in [RUNNING]: current state is CLOSED
2022-06-29 11:33:11,989 INFO  impl.LeaderElection (LogUtils.java:infoOrTrace(137)) - s2@group-54B4F2458EED-LeaderElection280 got exception when requesting votes: java.util.concurrent.ExecutionException: org.apache.ratis.thirdparty.io.grpc.StatusRuntimeException: INTERNAL: s1@group-54B4F2458EED is not in [RUNNING]: current state is CLOSED
2022-06-29 11:33:11,989 INFO  impl.LeaderElection (LogUtils.java:infoOrTrace(137)) - s2@group-54B4F2458EED-LeaderElection280 got exception when requesting votes: java.util.concurrent.ExecutionException: org.apache.ratis.thirdparty.io.grpc.StatusRuntimeException: INTERNAL: s0@group-54B4F2458EED is not in [RUNNING]: current state is CLOSED
2022-06-29 11:33:11,989 INFO  impl.LeaderElection (LeaderElection.java:logAndReturn(90)) - s2@group-54B4F2458EED-LeaderElection280: PRE_VOTE REJECTED received 0 response(s) and 2 exception(s):
2022-06-29 11:33:11,989 INFO  impl.LeaderElection (LogUtils.java:infoOrTrace(137)) -   Exception 0: java.util.concurrent.ExecutionException: org.apache.ratis.thirdparty.io.grpc.StatusRuntimeException: INTERNAL: s1@group-54B4F2458EED is not in [RUNNING]: current state is CLOSED
2022-06-29 11:33:11,989 INFO  impl.LeaderElection (LogUtils.java:infoOrTrace(137)) -   Exception 1: java.util.concurrent.ExecutionException: org.apache.ratis.thirdparty.io.grpc.StatusRuntimeException: INTERNAL: s0@group-54B4F2458EED is not in [RUNNING]: current state is CLOSED
2022-06-29 11:33:11,989 INFO  impl.LeaderElection (LeaderElection.java:askForVotes(312)) - s2@group-54B4F2458EED-LeaderElection280 PRE_VOTE round 0: result REJECTED
2022-06-29 11:33:11,989 INFO  server.RaftServer$Division (RaftServerImpl.java:setRole(299)) - s2@group-54B4F2458EED: changes role from CANDIDATE to FOLLOWER at term 3 for REJECTED
2022-06-29 11:33:11,989 INFO  impl.RoleInfo (RoleInfo.java:shutdownLeaderElection(130)) - s2: shutdown s2@group-54B4F2458EED-LeaderElection280
2022-06-29 11:33:11,989 INFO  impl.RoleInfo (RoleInfo.java:updateAndGet(139)) - s2: start s2@group-54B4F2458EED-FollowerState
2022-06-29 11:33:12,204 INFO  impl.FollowerState (FollowerState.java:run(143)) - s2@group-54B4F2458EED-FollowerState: change to CANDIDATE, lastRpcElapsedTime:214884712ns, electionTimeout:214ms
2022-06-29 11:33:12,204 INFO  impl.RoleInfo (RoleInfo.java:shutdownFollowerState(110)) - s2: shutdown s2@group-54B4F2458EED-FollowerState
2022-06-29 11:33:12,205 INFO  server.RaftServer$Division (RaftServerImpl.java:setRole(299)) - s2@group-54B4F2458EED: changes role from  FOLLOWER to CANDIDATE at term 3 for changeToCandidate
2022-06-29 11:33:12,205 INFO  server.RaftServerConfigKeys (ConfUtils.java:logGet(46)) - raft.server.leaderelection.pre-vote = true (default)
2022-06-29 11:33:12,205 INFO  impl.RoleInfo (RoleInfo.java:updateAndGet(139)) - s2: start s2@group-54B4F2458EED-LeaderElection281
2022-06-29 11:33:12,207 INFO  impl.LeaderElection (LeaderElection.java:askForVotes(310)) - s2@group-54B4F2458EED-LeaderElection281 PRE_VOTE round 0: submit vote requests at term 3 for 28: [s0|rpc:localhost:46515|admin:localhost:40757|client:localhost:41939|dataStream:localhost:35593|priority:0, s1|rpc:localhost:34095|admin:localhost:43151|client:localhost:36051|dataStream:localhost:38995|priority:0, s2|rpc:localhost:40453|admin:localhost:33947|client:localhost:38503|dataStream:localhost:42009|priority:0], old=null
2022-06-29 11:33:12,211 INFO  server.RaftServer$Division (RaftServerImpl.java:requestVote(1152)) - s1@group-54B4F2458EED: receive requestVote(PRE_VOTE, s2, group-54B4F2458EED, 3, (t:3, i:31))
2022-06-29 11:33:12,212 WARN  server.GrpcServerProtocolService (LogUtils.java:warn(122)) - s1: Failed requestVote s2->s1#0: org.apache.ratis.protocol.exceptions.ServerNotReadyException: s1@group-54B4F2458EED is not in [RUNNING]: current state is CLOSED
2022-06-29 11:33:12,212 INFO  server.RaftServer$Division (RaftServerImpl.java:requestVote(1152)) - s0@group-54B4F2458EED: receive requestVote(PRE_VOTE, s2, group-54B4F2458EED, 3, (t:3, i:31))
2022-06-29 11:33:12,212 WARN  server.GrpcServerProtocolService (LogUtils.java:warn(122)) - s0: Failed requestVote s2->s0#0: org.apache.ratis.protocol.exceptions.ServerNotReadyException: s0@group-54B4F2458EED is not in [RUNNING]: current state is CLOSED
2022-06-29 11:33:12,212 INFO  impl.LeaderElection (LogUtils.java:infoOrTrace(137)) - s2@group-54B4F2458EED-LeaderElection281 got exception when requesting votes: java.util.concurrent.ExecutionException: org.apache.ratis.thirdparty.io.grpc.StatusRuntimeException: INTERNAL: s1@group-54B4F2458EED is not in [RUNNING]: current state is CLOSED
2022-06-29 11:33:12,212 INFO  impl.LeaderElection (LogUtils.java:infoOrTrace(137)) - s2@group-54B4F2458EED-LeaderElection281 got exception when requesting votes: java.util.concurrent.ExecutionException: org.apache.ratis.thirdparty.io.grpc.StatusRuntimeException: INTERNAL: s0@group-54B4F2458EED is not in [RUNNING]: current state is CLOSED
2022-06-29 11:33:12,213 INFO  impl.LeaderElection (LeaderElection.java:logAndReturn(90)) - s2@group-54B4F2458EED-LeaderElection281: PRE_VOTE REJECTED received 0 response(s) and 2 exception(s):
2022-06-29 11:33:12,213 INFO  impl.LeaderElection (LogUtils.java:infoOrTrace(137)) -   Exception 0: java.util.concurrent.ExecutionException: org.apache.ratis.thirdparty.io.grpc.StatusRuntimeException: INTERNAL: s1@group-54B4F2458EED is not in [RUNNING]: current state is CLOSED
2022-06-29 11:33:12,213 INFO  impl.LeaderElection (LogUtils.java:infoOrTrace(137)) -   Exception 1: java.util.concurrent.ExecutionException: org.apache.ratis.thirdparty.io.grpc.StatusRuntimeException: INTERNAL: s0@group-54B4F2458EED is not in [RUNNING]: current state is CLOSED
2022-06-29 11:33:12,213 INFO  impl.LeaderElection (LeaderElection.java:askForVotes(312)) - s2@group-54B4F2458EED-LeaderElection281 PRE_VOTE round 0: result REJECTED
2022-06-29 11:33:12,213 INFO  server.RaftServer$Division (RaftServerImpl.java:setRole(299)) - s2@group-54B4F2458EED: changes role from CANDIDATE to FOLLOWER at term 3 for REJECTED
2022-06-29 11:33:12,213 INFO  impl.RoleInfo (RoleInfo.java:shutdownLeaderElection(130)) - s2: shutdown s2@group-54B4F2458EED-LeaderElection281
2022-06-29 11:33:12,213 INFO  impl.RoleInfo (RoleInfo.java:updateAndGet(139)) - s2: start s2@group-54B4F2458EED-FollowerState
2022-06-29 11:33:12,437 INFO  impl.FollowerState (FollowerState.java:run(143)) - s2@group-54B4F2458EED-FollowerState: change to CANDIDATE, lastRpcElapsedTime:224606134ns, electionTimeout:224ms
2022-06-29 11:33:12,437 INFO  impl.RoleInfo (RoleInfo.java:shutdownFollowerState(110)) - s2: shutdown s2@group-54B4F2458EED-FollowerState
2022-06-29 11:33:12,437 INFO  server.RaftServer$Division (RaftServerImpl.java:setRole(299)) - s2@group-54B4F2458EED: changes role from  FOLLOWER to CANDIDATE at term 3 for changeToCandidate
2022-06-29 11:33:12,438 INFO  server.RaftServerConfigKeys (ConfUtils.java:logGet(46)) - raft.server.leaderelection.pre-vote = true (default)
2022-06-29 11:33:12,438 INFO  impl.RoleInfo (RoleInfo.java:updateAndGet(139)) - s2: start s2@group-54B4F2458EED-LeaderElection282
2022-06-29 11:33:12,439 INFO  impl.LeaderElection (LeaderElection.java:askForVotes(310)) - s2@group-54B4F2458EED-LeaderElection282 PRE_VOTE round 0: submit vote requests at term 3 for 28: [s0|rpc:localhost:46515|admin:localhost:40757|client:localhost:41939|dataStream:localhost:35593|priority:0, s1|rpc:localhost:34095|admin:localhost:43151|client:localhost:36051|dataStream:localhost:38995|priority:0, s2|rpc:localhost:40453|admin:localhost:33947|client:localhost:38503|dataStream:localhost:42009|priority:0], old=null
2022-06-29 11:33:12,442 INFO  server.RaftServer$Division (RaftServerImpl.java:requestVote(1152)) - s1@group-54B4F2458EED: receive requestVote(PRE_VOTE, s2, group-54B4F2458EED, 3, (t:3, i:31))
2022-06-29 11:33:12,442 WARN  server.GrpcServerProtocolService (LogUtils.java:warn(122)) - s1: Failed requestVote s2->s1#0: org.apache.ratis.protocol.exceptions.ServerNotReadyException: s1@group-54B4F2458EED is not in [RUNNING]: current state is CLOSED
2022-06-29 11:33:12,443 INFO  server.RaftServer$Division (RaftServerImpl.java:requestVote(1152)) - s0@group-54B4F2458EED: receive requestVote(PRE_VOTE, s2, group-54B4F2458EED, 3, (t:3, i:31))
2022-06-29 11:33:12,443 WARN  server.GrpcServerProtocolService (LogUtils.java:warn(122)) - s0: Failed requestVote s2->s0#0: org.apache.ratis.protocol.exceptions.ServerNotReadyException: s0@group-54B4F2458EED is not in [RUNNING]: current state is CLOSED
2022-06-29 11:33:12,443 INFO  impl.LeaderElection (LogUtils.java:infoOrTrace(137)) - s2@group-54B4F2458EED-LeaderElection282 got exception when requesting votes: java.util.concurrent.ExecutionException: org.apache.ratis.thirdparty.io.grpc.StatusRuntimeException: INTERNAL: s0@group-54B4F2458EED is not in [RUNNING]: current state is CLOSED
2022-06-29 11:33:12,443 INFO  impl.LeaderElection (LogUtils.java:infoOrTrace(137)) - s2@group-54B4F2458EED-LeaderElection282 got exception when requesting votes: java.util.concurrent.ExecutionException: org.apache.ratis.thirdparty.io.grpc.StatusRuntimeException: INTERNAL: s1@group-54B4F2458EED is not in [RUNNING]: current state is CLOSED
2022-06-29 11:33:12,443 INFO  impl.LeaderElection (LeaderElection.java:logAndReturn(90)) - s2@group-54B4F2458EED-LeaderElection282: PRE_VOTE REJECTED received 0 response(s) and 2 exception(s):
2022-06-29 11:33:12,443 INFO  impl.LeaderElection (LogUtils.java:infoOrTrace(137)) -   Exception 0: java.util.concurrent.ExecutionException: org.apache.ratis.thirdparty.io.grpc.StatusRuntimeException: INTERNAL: s0@group-54B4F2458EED is not in [RUNNING]: current state is CLOSED
2022-06-29 11:33:12,443 INFO  impl.LeaderElection (LogUtils.java:infoOrTrace(137)) -   Exception 1: java.util.concurrent.ExecutionException: org.apache.ratis.thirdparty.io.grpc.StatusRuntimeException: INTERNAL: s1@group-54B4F2458EED is not in [RUNNING]: current state is CLOSED
2022-06-29 11:33:12,443 INFO  impl.LeaderElection (LeaderElection.java:askForVotes(312)) - s2@group-54B4F2458EED-LeaderElection282 PRE_VOTE round 0: result REJECTED
2022-06-29 11:33:12,443 INFO  server.RaftServer$Division (RaftServerImpl.java:setRole(299)) - s2@group-54B4F2458EED: changes role from CANDIDATE to FOLLOWER at term 3 for REJECTED
2022-06-29 11:33:12,443 INFO  impl.RoleInfo (RoleInfo.java:shutdownLeaderElection(130)) - s2: shutdown s2@group-54B4F2458EED-LeaderElection282
2022-06-29 11:33:12,444 INFO  impl.RoleInfo (RoleInfo.java:updateAndGet(139)) - s2: start s2@group-54B4F2458EED-FollowerState
2022-06-29 11:33:12,700 INFO  impl.FollowerState (FollowerState.java:run(143)) - s2@group-54B4F2458EED-FollowerState: change to CANDIDATE, lastRpcElapsedTime:256024831ns, electionTimeout:254ms
2022-06-29 11:33:12,700 INFO  impl.RoleInfo (RoleInfo.java:shutdownFollowerState(110)) - s2: shutdown s2@group-54B4F2458EED-FollowerState
2022-06-29 11:33:12,700 INFO  server.RaftServer$Division (RaftServerImpl.java:setRole(299)) - s2@group-54B4F2458EED: changes role from  FOLLOWER to CANDIDATE at term 3 for changeToCandidate
2022-06-29 11:33:12,700 INFO  server.RaftServerConfigKeys (ConfUtils.java:logGet(46)) - raft.server.leaderelection.pre-vote = true (default)
2022-06-29 11:33:12,700 INFO  impl.RoleInfo (RoleInfo.java:updateAndGet(139)) - s2: start s2@group-54B4F2458EED-LeaderElection283
2022-06-29 11:33:12,702 INFO  impl.LeaderElection (LeaderElection.java:askForVotes(310)) - s2@group-54B4F2458EED-LeaderElection283 PRE_VOTE round 0: submit vote requests at term 3 for 28: [s0|rpc:localhost:46515|admin:localhost:40757|client:localhost:41939|dataStream:localhost:35593|priority:0, s1|rpc:localhost:34095|admin:localhost:43151|client:localhost:36051|dataStream:localhost:38995|priority:0, s2|rpc:localhost:40453|admin:localhost:33947|client:localhost:38503|dataStream:localhost:42009|priority:0], old=null
2022-06-29 11:33:12,705 INFO  server.RaftServer$Division (RaftServerImpl.java:requestVote(1152)) - s0@group-54B4F2458EED: receive requestVote(PRE_VOTE, s2, group-54B4F2458EED, 3, (t:3, i:31))
2022-06-29 11:33:12,705 WARN  server.GrpcServerProtocolService (LogUtils.java:warn(122)) - s0: Failed requestVote s2->s0#0: org.apache.ratis.protocol.exceptions.ServerNotReadyException: s0@group-54B4F2458EED is not in [RUNNING]: current state is CLOSED
2022-06-29 11:33:12,706 INFO  server.RaftServer$Division (RaftServerImpl.java:requestVote(1152)) - s1@group-54B4F2458EED: receive requestVote(PRE_VOTE, s2, group-54B4F2458EED, 3, (t:3, i:31))
2022-06-29 11:33:12,706 WARN  server.GrpcServerProtocolService (LogUtils.java:warn(122)) - s1: Failed requestVote s2->s1#0: org.apache.ratis.protocol.exceptions.ServerNotReadyException: s1@group-54B4F2458EED is not in [RUNNING]: current state is CLOSED
2022-06-29 11:33:12,707 INFO  impl.LeaderElection (LogUtils.java:infoOrTrace(137)) - s2@group-54B4F2458EED-LeaderElection283 got exception when requesting votes: java.util.concurrent.ExecutionException: org.apache.ratis.thirdparty.io.grpc.StatusRuntimeException: INTERNAL: s0@group-54B4F2458EED is not in [RUNNING]: current state is CLOSED
2022-06-29 11:33:12,708 INFO  impl.LeaderElection (LogUtils.java:infoOrTrace(137)) - s2@group-54B4F2458EED-LeaderElection283 got exception when requesting votes: java.util.concurrent.ExecutionException: org.apache.ratis.thirdparty.io.grpc.StatusRuntimeException: INTERNAL: s1@group-54B4F2458EED is not in [RUNNING]: current state is CLOSED
2022-06-29 11:33:12,708 INFO  impl.LeaderElection (LeaderElection.java:logAndReturn(90)) - s2@group-54B4F2458EED-LeaderElection283: PRE_VOTE REJECTED received 0 response(s) and 2 exception(s):
2022-06-29 11:33:12,708 INFO  impl.LeaderElection (LogUtils.java:infoOrTrace(137)) -   Exception 0: java.util.concurrent.ExecutionException: org.apache.ratis.thirdparty.io.grpc.StatusRuntimeException: INTERNAL: s0@group-54B4F2458EED is not in [RUNNING]: current state is CLOSED
2022-06-29 11:33:12,708 INFO  impl.LeaderElection (LogUtils.java:infoOrTrace(137)) -   Exception 1: java.util.concurrent.ExecutionException: org.apache.ratis.thirdparty.io.grpc.StatusRuntimeException: INTERNAL: s1@group-54B4F2458EED is not in [RUNNING]: current state is CLOSED
2022-06-29 11:33:12,709 INFO  impl.LeaderElection (LeaderElection.java:askForVotes(312)) - s2@group-54B4F2458EED-LeaderElection283 PRE_VOTE round 0: result REJECTED
2022-06-29 11:33:12,709 INFO  server.RaftServer$Division (RaftServerImpl.java:setRole(299)) - s2@group-54B4F2458EED: changes role from CANDIDATE to FOLLOWER at term 3 for REJECTED
2022-06-29 11:33:12,709 INFO  impl.RoleInfo (RoleInfo.java:shutdownLeaderElection(130)) - s2: shutdown s2@group-54B4F2458EED-LeaderElection283
2022-06-29 11:33:12,709 INFO  impl.RoleInfo (RoleInfo.java:updateAndGet(139)) - s2: start s2@group-54B4F2458EED-FollowerState
2022-06-29 11:33:12,965 INFO  impl.FollowerState (FollowerState.java:run(143)) - s2@group-54B4F2458EED-FollowerState: change to CANDIDATE, lastRpcElapsedTime:255420123ns, electionTimeout:254ms
2022-06-29 11:33:12,965 INFO  impl.RoleInfo (RoleInfo.java:shutdownFollowerState(110)) - s2: shutdown s2@group-54B4F2458EED-FollowerState
2022-06-29 11:33:12,965 INFO  server.RaftServer$Division (RaftServerImpl.java:setRole(299)) - s2@group-54B4F2458EED: changes role from  FOLLOWER to CANDIDATE at term 3 for changeToCandidate
2022-06-29 11:33:12,965 INFO  server.RaftServerConfigKeys (ConfUtils.java:logGet(46)) - raft.server.leaderelection.pre-vote = true (default)
2022-06-29 11:33:12,965 INFO  impl.RoleInfo (RoleInfo.java:updateAndGet(139)) - s2: start s2@group-54B4F2458EED-LeaderElection284
2022-06-29 11:33:12,965 INFO  impl.LeaderElection (LeaderElection.java:askForVotes(310)) - s2@group-54B4F2458EED-LeaderElection284 PRE_VOTE round 0: submit vote requests at term 3 for 28: [s0|rpc:localhost:46515|admin:localhost:40757|client:localhost:41939|dataStream:localhost:35593|priority:0, s1|rpc:localhost:34095|admin:localhost:43151|client:localhost:36051|dataStream:localhost:38995|priority:0, s2|rpc:localhost:40453|admin:localhost:33947|client:localhost:38503|dataStream:localhost:42009|priority:0], old=null
2022-06-29 11:33:12,969 INFO  server.RaftServer$Division (RaftServerImpl.java:requestVote(1152)) - s0@group-54B4F2458EED: receive requestVote(PRE_VOTE, s2, group-54B4F2458EED, 3, (t:3, i:31))
2022-06-29 11:33:12,969 WARN  server.GrpcServerProtocolService (LogUtils.java:warn(122)) - s0: Failed requestVote s2->s0#0: org.apache.ratis.protocol.exceptions.ServerNotReadyException: s0@group-54B4F2458EED is not in [RUNNING]: current state is CLOSED
2022-06-29 11:33:12,971 INFO  impl.LeaderElection (LogUtils.java:infoOrTrace(137)) - s2@group-54B4F2458EED-LeaderElection284 got exception when requesting votes: java.util.concurrent.ExecutionException: org.apache.ratis.thirdparty.io.grpc.StatusRuntimeException: INTERNAL: s0@group-54B4F2458EED is not in [RUNNING]: current state is CLOSED
2022-06-29 11:33:12,972 INFO  server.RaftServer$Division (RaftServerImpl.java:requestVote(1152)) - s1@group-54B4F2458EED: receive requestVote(PRE_VOTE, s2, group-54B4F2458EED, 3, (t:3, i:31))
2022-06-29 11:33:12,972 WARN  server.GrpcServerProtocolService (LogUtils.java:warn(122)) - s1: Failed requestVote s2->s1#0: org.apache.ratis.protocol.exceptions.ServerNotReadyException: s1@group-54B4F2458EED is not in [RUNNING]: current state is CLOSED
2022-06-29 11:33:12,976 INFO  impl.LeaderElection (LogUtils.java:infoOrTrace(137)) - s2@group-54B4F2458EED-LeaderElection284 got exception when requesting votes: java.util.concurrent.ExecutionException: org.apache.ratis.thirdparty.io.grpc.StatusRuntimeException: INTERNAL: s1@group-54B4F2458EED is not in [RUNNING]: current state is CLOSED
2022-06-29 11:33:12,976 INFO  impl.LeaderElection (LeaderElection.java:logAndReturn(90)) - s2@group-54B4F2458EED-LeaderElection284: PRE_VOTE REJECTED received 0 response(s) and 2 exception(s):
2022-06-29 11:33:12,976 INFO  impl.LeaderElection (LogUtils.java:infoOrTrace(137)) -   Exception 0: java.util.concurrent.ExecutionException: org.apache.ratis.thirdparty.io.grpc.StatusRuntimeException: INTERNAL: s0@group-54B4F2458EED is not in [RUNNING]: current state is CLOSED
2022-06-29 11:33:12,976 INFO  impl.LeaderElection (LogUtils.java:infoOrTrace(137)) -   Exception 1: java.util.concurrent.ExecutionException: org.apache.ratis.thirdparty.io.grpc.StatusRuntimeException: INTERNAL: s1@group-54B4F2458EED is not in [RUNNING]: current state is CLOSED
2022-06-29 11:33:12,976 INFO  impl.LeaderElection (LeaderElection.java:askForVotes(312)) - s2@group-54B4F2458EED-LeaderElection284 PRE_VOTE round 0: result REJECTED
2022-06-29 11:33:12,977 INFO  server.RaftServer$Division (RaftServerImpl.java:setRole(299)) - s2@group-54B4F2458EED: changes role from CANDIDATE to FOLLOWER at term 3 for REJECTED
2022-06-29 11:33:12,977 INFO  impl.RoleInfo (RoleInfo.java:shutdownLeaderElection(130)) - s2: shutdown s2@group-54B4F2458EED-LeaderElection284
2022-06-29 11:33:12,977 INFO  impl.RoleInfo (RoleInfo.java:updateAndGet(139)) - s2: start s2@group-54B4F2458EED-FollowerState
2022-06-29 11:33:13,235 INFO  impl.FollowerState (FollowerState.java:run(143)) - s2@group-54B4F2458EED-FollowerState: change to CANDIDATE, lastRpcElapsedTime:258292852ns, electionTimeout:225ms
2022-06-29 11:33:13,235 INFO  impl.RoleInfo (RoleInfo.java:shutdownFollowerState(110)) - s2: shutdown s2@group-54B4F2458EED-FollowerState
2022-06-29 11:33:13,235 INFO  server.RaftServer$Division (RaftServerImpl.java:setRole(299)) - s2@group-54B4F2458EED: changes role from  FOLLOWER to CANDIDATE at term 3 for changeToCandidate
2022-06-29 11:33:13,235 INFO  server.RaftServerConfigKeys (ConfUtils.java:logGet(46)) - raft.server.leaderelection.pre-vote = true (default)
2022-06-29 11:33:13,235 INFO  impl.RoleInfo (RoleInfo.java:updateAndGet(139)) - s2: start s2@group-54B4F2458EED-LeaderElection285
2022-06-29 11:33:13,236 INFO  impl.LeaderElection (LeaderElection.java:askForVotes(310)) - s2@group-54B4F2458EED-LeaderElection285 PRE_VOTE round 0: submit vote requests at term 3 for 28: [s0|rpc:localhost:46515|admin:localhost:40757|client:localhost:41939|dataStream:localhost:35593|priority:0, s1|rpc:localhost:34095|admin:localhost:43151|client:localhost:36051|dataStream:localhost:38995|priority:0, s2|rpc:localhost:40453|admin:localhost:33947|client:localhost:38503|dataStream:localhost:42009|priority:0], old=null
2022-06-29 11:33:13,239 INFO  server.RaftServer$Division (RaftServerImpl.java:requestVote(1152)) - s0@group-54B4F2458EED: receive requestVote(PRE_VOTE, s2, group-54B4F2458EED, 3, (t:3, i:31))
2022-06-29 11:33:13,239 WARN  server.GrpcServerProtocolService (LogUtils.java:warn(122)) - s0: Failed requestVote s2->s0#0: org.apache.ratis.protocol.exceptions.ServerNotReadyException: s0@group-54B4F2458EED is not in [RUNNING]: current state is CLOSED
2022-06-29 11:33:13,240 INFO  impl.LeaderElection (LogUtils.java:infoOrTrace(137)) - s2@group-54B4F2458EED-LeaderElection285 got exception when requesting votes: java.util.concurrent.ExecutionException: org.apache.ratis.thirdparty.io.grpc.StatusRuntimeException: INTERNAL: s0@group-54B4F2458EED is not in [RUNNING]: current state is CLOSED
2022-06-29 11:33:13,241 INFO  server.RaftServer$Division (RaftServerImpl.java:requestVote(1152)) - s1@group-54B4F2458EED: receive requestVote(PRE_VOTE, s2, group-54B4F2458EED, 3, (t:3, i:31))
2022-06-29 11:33:13,241 WARN  server.GrpcServerProtocolService (LogUtils.java:warn(122)) - s1: Failed requestVote s2->s1#0: org.apache.ratis.protocol.exceptions.ServerNotReadyException: s1@group-54B4F2458EED is not in [RUNNING]: current state is CLOSED
2022-06-29 11:33:13,248 INFO  impl.LeaderElection (LogUtils.java:infoOrTrace(137)) - s2@group-54B4F2458EED-LeaderElection285 got exception when requesting votes: java.util.concurrent.ExecutionException: org.apache.ratis.thirdparty.io.grpc.StatusRuntimeException: INTERNAL: s1@group-54B4F2458EED is not in [RUNNING]: current state is CLOSED
2022-06-29 11:33:13,248 INFO  impl.LeaderElection (LeaderElection.java:logAndReturn(90)) - s2@group-54B4F2458EED-LeaderElection285: PRE_VOTE REJECTED received 0 response(s) and 2 exception(s):
2022-06-29 11:33:13,248 INFO  impl.LeaderElection (LogUtils.java:infoOrTrace(137)) -   Exception 0: java.util.concurrent.ExecutionException: org.apache.ratis.thirdparty.io.grpc.StatusRuntimeException: INTERNAL: s0@group-54B4F2458EED is not in [RUNNING]: current state is CLOSED
2022-06-29 11:33:13,248 INFO  impl.LeaderElection (LogUtils.java:infoOrTrace(137)) -   Exception 1: java.util.concurrent.ExecutionException: org.apache.ratis.thirdparty.io.grpc.StatusRuntimeException: INTERNAL: s1@group-54B4F2458EED is not in [RUNNING]: current state is CLOSED
2022-06-29 11:33:13,248 INFO  impl.LeaderElection (LeaderElection.java:askForVotes(312)) - s2@group-54B4F2458EED-LeaderElection285 PRE_VOTE round 0: result REJECTED
2022-06-29 11:33:13,248 INFO  server.RaftServer$Division (RaftServerImpl.java:setRole(299)) - s2@group-54B4F2458EED: changes role from CANDIDATE to FOLLOWER at term 3 for REJECTED
2022-06-29 11:33:13,248 INFO  impl.RoleInfo (RoleInfo.java:shutdownLeaderElection(130)) - s2: shutdown s2@group-54B4F2458EED-LeaderElection285
2022-06-29 11:33:13,248 INFO  impl.RoleInfo (RoleInfo.java:updateAndGet(139)) - s2: start s2@group-54B4F2458EED-FollowerState
2022-06-29 11:33:13,546 INFO  impl.FollowerState (FollowerState.java:run(143)) - s2@group-54B4F2458EED-FollowerState: change to CANDIDATE, lastRpcElapsedTime:298110052ns, electionTimeout:297ms
2022-06-29 11:33:13,547 INFO  impl.RoleInfo (RoleInfo.java:shutdownFollowerState(110)) - s2: shutdown s2@group-54B4F2458EED-FollowerState
2022-06-29 11:33:13,547 INFO  server.RaftServer$Division (RaftServerImpl.java:setRole(299)) - s2@group-54B4F2458EED: changes role from  FOLLOWER to CANDIDATE at term 3 for changeToCandidate
2022-06-29 11:33:13,547 INFO  server.RaftServerConfigKeys (ConfUtils.java:logGet(46)) - raft.server.leaderelection.pre-vote = true (default)
2022-06-29 11:33:13,547 INFO  impl.RoleInfo (RoleInfo.java:updateAndGet(139)) - s2: start s2@group-54B4F2458EED-LeaderElection286
2022-06-29 11:33:13,548 INFO  impl.LeaderElection (LeaderElection.java:askForVotes(310)) - s2@group-54B4F2458EED-LeaderElection286 PRE_VOTE round 0: submit vote requests at term 3 for 28: [s0|rpc:localhost:46515|admin:localhost:40757|client:localhost:41939|dataStream:localhost:35593|priority:0, s1|rpc:localhost:34095|admin:localhost:43151|client:localhost:36051|dataStream:localhost:38995|priority:0, s2|rpc:localhost:40453|admin:localhost:33947|client:localhost:38503|dataStream:localhost:42009|priority:0], old=null
2022-06-29 11:33:13,551 INFO  server.RaftServer$Division (RaftServerImpl.java:requestVote(1152)) - s0@group-54B4F2458EED: receive requestVote(PRE_VOTE, s2, group-54B4F2458EED, 3, (t:3, i:31))
2022-06-29 11:33:13,551 WARN  server.GrpcServerProtocolService (LogUtils.java:warn(122)) - s0: Failed requestVote s2->s0#0: org.apache.ratis.protocol.exceptions.ServerNotReadyException: s0@group-54B4F2458EED is not in [RUNNING]: current state is CLOSED
2022-06-29 11:33:13,552 INFO  server.RaftServer$Division (RaftServerImpl.java:requestVote(1152)) - s1@group-54B4F2458EED: receive requestVote(PRE_VOTE, s2, group-54B4F2458EED, 3, (t:3, i:31))
2022-06-29 11:33:13,552 WARN  server.GrpcServerProtocolService (LogUtils.java:warn(122)) - s1: Failed requestVote s2->s1#0: org.apache.ratis.protocol.exceptions.ServerNotReadyException: s1@group-54B4F2458EED is not in [RUNNING]: current state is CLOSED
2022-06-29 11:33:13,552 INFO  impl.LeaderElection (LogUtils.java:infoOrTrace(137)) - s2@group-54B4F2458EED-LeaderElection286 got exception when requesting votes: java.util.concurrent.ExecutionException: org.apache.ratis.thirdparty.io.grpc.StatusRuntimeException: INTERNAL: s0@group-54B4F2458EED is not in [RUNNING]: current state is CLOSED
2022-06-29 11:33:13,553 INFO  impl.LeaderElection (LogUtils.java:infoOrTrace(137)) - s2@group-54B4F2458EED-LeaderElection286 got exception when requesting votes: java.util.concurrent.ExecutionException: org.apache.ratis.thirdparty.io.grpc.StatusRuntimeException: INTERNAL: s1@group-54B4F2458EED is not in [RUNNING]: current state is CLOSED
2022-06-29 11:33:13,553 INFO  impl.LeaderElection (LeaderElection.java:logAndReturn(90)) - s2@group-54B4F2458EED-LeaderElection286: PRE_VOTE REJECTED received 0 response(s) and 2 exception(s):
2022-06-29 11:33:13,553 INFO  impl.LeaderElection (LogUtils.java:infoOrTrace(137)) -   Exception 0: java.util.concurrent.ExecutionException: org.apache.ratis.thirdparty.io.grpc.StatusRuntimeException: INTERNAL: s0@group-54B4F2458EED is not in [RUNNING]: current state is CLOSED
2022-06-29 11:33:13,553 INFO  impl.LeaderElection (LogUtils.java:infoOrTrace(137)) -   Exception 1: java.util.concurrent.ExecutionException: org.apache.ratis.thirdparty.io.grpc.StatusRuntimeException: INTERNAL: s1@group-54B4F2458EED is not in [RUNNING]: current state is CLOSED
2022-06-29 11:33:13,553 INFO  impl.LeaderElection (LeaderElection.java:askForVotes(312)) - s2@group-54B4F2458EED-LeaderElection286 PRE_VOTE round 0: result REJECTED
2022-06-29 11:33:13,553 INFO  server.RaftServer$Division (RaftServerImpl.java:setRole(299)) - s2@group-54B4F2458EED: changes role from CANDIDATE to FOLLOWER at term 3 for REJECTED
2022-06-29 11:33:13,553 INFO  impl.RoleInfo (RoleInfo.java:shutdownLeaderElection(130)) - s2: shutdown s2@group-54B4F2458EED-LeaderElection286
2022-06-29 11:33:13,553 INFO  impl.RoleInfo (RoleInfo.java:updateAndGet(139)) - s2: start s2@group-54B4F2458EED-FollowerState
2022-06-29 11:33:13,845 INFO  impl.FollowerState (FollowerState.java:run(143)) - s2@group-54B4F2458EED-FollowerState: change to CANDIDATE, lastRpcElapsedTime:291813973ns, electionTimeout:290ms
2022-06-29 11:33:13,845 INFO  impl.RoleInfo (RoleInfo.java:shutdownFollowerState(110)) - s2: shutdown s2@group-54B4F2458EED-FollowerState
2022-06-29 11:33:13,845 INFO  server.RaftServer$Division (RaftServerImpl.java:setRole(299)) - s2@group-54B4F2458EED: changes role from  FOLLOWER to CANDIDATE at term 3 for changeToCandidate
2022-06-29 11:33:13,847 INFO  server.RaftServerConfigKeys (ConfUtils.java:logGet(46)) - raft.server.leaderelection.pre-vote = true (default)
2022-06-29 11:33:13,847 INFO  impl.RoleInfo (RoleInfo.java:updateAndGet(139)) - s2: start s2@group-54B4F2458EED-LeaderElection287
2022-06-29 11:33:13,849 INFO  impl.LeaderElection (LeaderElection.java:askForVotes(310)) - s2@group-54B4F2458EED-LeaderElection287 PRE_VOTE round 0: submit vote requests at term 3 for 28: [s0|rpc:localhost:46515|admin:localhost:40757|client:localhost:41939|dataStream:localhost:35593|priority:0, s1|rpc:localhost:34095|admin:localhost:43151|client:localhost:36051|dataStream:localhost:38995|priority:0, s2|rpc:localhost:40453|admin:localhost:33947|client:localhost:38503|dataStream:localhost:42009|priority:0], old=null
2022-06-29 11:33:13,855 INFO  server.RaftServer$Division (RaftServerImpl.java:requestVote(1152)) - s0@group-54B4F2458EED: receive requestVote(PRE_VOTE, s2, group-54B4F2458EED, 3, (t:3, i:31))
2022-06-29 11:33:13,855 WARN  server.GrpcServerProtocolService (LogUtils.java:warn(122)) - s0: Failed requestVote s2->s0#0: org.apache.ratis.protocol.exceptions.ServerNotReadyException: s0@group-54B4F2458EED is not in [RUNNING]: current state is CLOSED
2022-06-29 11:33:13,856 INFO  server.RaftServer$Division (RaftServerImpl.java:requestVote(1152)) - s1@group-54B4F2458EED: receive requestVote(PRE_VOTE, s2, group-54B4F2458EED, 3, (t:3, i:31))
2022-06-29 11:33:13,856 WARN  server.GrpcServerProtocolService (LogUtils.java:warn(122)) - s1: Failed requestVote s2->s1#0: org.apache.ratis.protocol.exceptions.ServerNotReadyException: s1@group-54B4F2458EED is not in [RUNNING]: current state is CLOSED
2022-06-29 11:33:13,857 INFO  impl.LeaderElection (LogUtils.java:infoOrTrace(137)) - s2@group-54B4F2458EED-LeaderElection287 got exception when requesting votes: java.util.concurrent.ExecutionException: org.apache.ratis.thirdparty.io.grpc.StatusRuntimeException: INTERNAL: s0@group-54B4F2458EED is not in [RUNNING]: current state is CLOSED
2022-06-29 11:33:13,860 INFO  impl.LeaderElection (LogUtils.java:infoOrTrace(137)) - s2@group-54B4F2458EED-LeaderElection287 got exception when requesting votes: java.util.concurrent.ExecutionException: org.apache.ratis.thirdparty.io.grpc.StatusRuntimeException: INTERNAL: s1@group-54B4F2458EED is not in [RUNNING]: current state is CLOSED
2022-06-29 11:33:13,861 INFO  impl.LeaderElection (LeaderElection.java:logAndReturn(90)) - s2@group-54B4F2458EED-LeaderElection287: PRE_VOTE REJECTED received 0 response(s) and 2 exception(s):
2022-06-29 11:33:13,861 INFO  impl.LeaderElection (LogUtils.java:infoOrTrace(137)) -   Exception 0: java.util.concurrent.ExecutionException: org.apache.ratis.thirdparty.io.grpc.StatusRuntimeException: INTERNAL: s0@group-54B4F2458EED is not in [RUNNING]: current state is CLOSED
2022-06-29 11:33:13,861 INFO  impl.LeaderElection (LogUtils.java:infoOrTrace(137)) -   Exception 1: java.util.concurrent.ExecutionException: org.apache.ratis.thirdparty.io.grpc.StatusRuntimeException: INTERNAL: s1@group-54B4F2458EED is not in [RUNNING]: current state is CLOSED
2022-06-29 11:33:13,864 INFO  impl.LeaderElection (LeaderElection.java:askForVotes(312)) - s2@group-54B4F2458EED-LeaderElection287 PRE_VOTE round 0: result REJECTED
2022-06-29 11:33:13,864 INFO  server.RaftServer$Division (RaftServerImpl.java:setRole(299)) - s2@group-54B4F2458EED: changes role from CANDIDATE to FOLLOWER at term 3 for REJECTED
2022-06-29 11:33:13,865 INFO  impl.RoleInfo (RoleInfo.java:shutdownLeaderElection(130)) - s2: shutdown s2@group-54B4F2458EED-LeaderElection287
2022-06-29 11:33:13,865 INFO  impl.RoleInfo (RoleInfo.java:updateAndGet(139)) - s2: start s2@group-54B4F2458EED-FollowerState
2022-06-29 11:33:14,156 INFO  impl.FollowerState (FollowerState.java:run(143)) - s2@group-54B4F2458EED-FollowerState: change to CANDIDATE, lastRpcElapsedTime:291633566ns, electionTimeout:288ms
2022-06-29 11:33:14,157 INFO  impl.RoleInfo (RoleInfo.java:shutdownFollowerState(110)) - s2: shutdown s2@group-54B4F2458EED-FollowerState
2022-06-29 11:33:14,157 INFO  server.RaftServer$Division (RaftServerImpl.java:setRole(299)) - s2@group-54B4F2458EED: changes role from  FOLLOWER to CANDIDATE at term 3 for changeToCandidate
2022-06-29 11:33:14,157 INFO  server.RaftServerConfigKeys (ConfUtils.java:logGet(46)) - raft.server.leaderelection.pre-vote = true (default)
2022-06-29 11:33:14,157 INFO  impl.RoleInfo (RoleInfo.java:updateAndGet(139)) - s2: start s2@group-54B4F2458EED-LeaderElection288
2022-06-29 11:33:14,161 INFO  impl.LeaderElection (LeaderElection.java:askForVotes(310)) - s2@group-54B4F2458EED-LeaderElection288 PRE_VOTE round 0: submit vote requests at term 3 for 28: [s0|rpc:localhost:46515|admin:localhost:40757|client:localhost:41939|dataStream:localhost:35593|priority:0, s1|rpc:localhost:34095|admin:localhost:43151|client:localhost:36051|dataStream:localhost:38995|priority:0, s2|rpc:localhost:40453|admin:localhost:33947|client:localhost:38503|dataStream:localhost:42009|priority:0], old=null
2022-06-29 11:33:14,166 INFO  server.RaftServer$Division (RaftServerImpl.java:requestVote(1152)) - s0@group-54B4F2458EED: receive requestVote(PRE_VOTE, s2, group-54B4F2458EED, 3, (t:3, i:31))
2022-06-29 11:33:14,166 INFO  server.RaftServer$Division (RaftServerImpl.java:requestVote(1152)) - s1@group-54B4F2458EED: receive requestVote(PRE_VOTE, s2, group-54B4F2458EED, 3, (t:3, i:31))
2022-06-29 11:33:14,166 WARN  server.GrpcServerProtocolService (LogUtils.java:warn(122)) - s1: Failed requestVote s2->s1#0: org.apache.ratis.protocol.exceptions.ServerNotReadyException: s1@group-54B4F2458EED is not in [RUNNING]: current state is CLOSED
2022-06-29 11:33:14,166 WARN  server.GrpcServerProtocolService (LogUtils.java:warn(122)) - s0: Failed requestVote s2->s0#0: org.apache.ratis.protocol.exceptions.ServerNotReadyException: s0@group-54B4F2458EED is not in [RUNNING]: current state is CLOSED
2022-06-29 11:33:14,168 INFO  impl.LeaderElection (LogUtils.java:infoOrTrace(137)) - s2@group-54B4F2458EED-LeaderElection288 got exception when requesting votes: java.util.concurrent.ExecutionException: org.apache.ratis.thirdparty.io.grpc.StatusRuntimeException: INTERNAL: s0@group-54B4F2458EED is not in [RUNNING]: current state is CLOSED
2022-06-29 11:33:14,168 INFO  impl.LeaderElection (LogUtils.java:infoOrTrace(137)) - s2@group-54B4F2458EED-LeaderElection288 got exception when requesting votes: java.util.concurrent.ExecutionException: org.apache.ratis.thirdparty.io.grpc.StatusRuntimeException: INTERNAL: s1@group-54B4F2458EED is not in [RUNNING]: current state is CLOSED
2022-06-29 11:33:14,168 INFO  impl.LeaderElection (LeaderElection.java:logAndReturn(90)) - s2@group-54B4F2458EED-LeaderElection288: PRE_VOTE REJECTED received 0 response(s) and 2 exception(s):
2022-06-29 11:33:14,168 INFO  impl.LeaderElection (LogUtils.java:infoOrTrace(137)) -   Exception 0: java.util.concurrent.ExecutionException: org.apache.ratis.thirdparty.io.grpc.StatusRuntimeException: INTERNAL: s0@group-54B4F2458EED is not in [RUNNING]: current state is CLOSED
2022-06-29 11:33:14,168 INFO  impl.LeaderElection (LogUtils.java:infoOrTrace(137)) -   Exception 1: java.util.concurrent.ExecutionException: org.apache.ratis.thirdparty.io.grpc.StatusRuntimeException: INTERNAL: s1@group-54B4F2458EED is not in [RUNNING]: current state is CLOSED
2022-06-29 11:33:14,169 INFO  impl.LeaderElection (LeaderElection.java:askForVotes(312)) - s2@group-54B4F2458EED-LeaderElection288 PRE_VOTE round 0: result REJECTED
2022-06-29 11:33:14,169 INFO  server.RaftServer$Division (RaftServerImpl.java:setRole(299)) - s2@group-54B4F2458EED: changes role from CANDIDATE to FOLLOWER at term 3 for REJECTED
2022-06-29 11:33:14,169 INFO  impl.RoleInfo (RoleInfo.java:shutdownLeaderElection(130)) - s2: shutdown s2@group-54B4F2458EED-LeaderElection288
2022-06-29 11:33:14,169 INFO  impl.RoleInfo (RoleInfo.java:updateAndGet(139)) - s2: start s2@group-54B4F2458EED-FollowerState
2022-06-29 11:33:14,343 INFO  impl.FollowerState (FollowerState.java:run(143)) - s2@group-54B4F2458EED-FollowerState: change to CANDIDATE, lastRpcElapsedTime:173465378ns, electionTimeout:171ms
2022-06-29 11:33:14,343 INFO  impl.RoleInfo (RoleInfo.java:shutdownFollowerState(110)) - s2: shutdown s2@group-54B4F2458EED-FollowerState
2022-06-29 11:33:14,343 INFO  server.RaftServer$Division (RaftServerImpl.java:setRole(299)) - s2@group-54B4F2458EED: changes role from  FOLLOWER to CANDIDATE at term 3 for changeToCandidate
2022-06-29 11:33:14,343 INFO  server.RaftServerConfigKeys (ConfUtils.java:logGet(46)) - raft.server.leaderelection.pre-vote = true (default)
2022-06-29 11:33:14,343 INFO  impl.RoleInfo (RoleInfo.java:updateAndGet(139)) - s2: start s2@group-54B4F2458EED-LeaderElection289
2022-06-29 11:33:14,345 INFO  impl.LeaderElection (LeaderElection.java:askForVotes(310)) - s2@group-54B4F2458EED-LeaderElection289 PRE_VOTE round 0: submit vote requests at term 3 for 28: [s0|rpc:localhost:46515|admin:localhost:40757|client:localhost:41939|dataStream:localhost:35593|priority:0, s1|rpc:localhost:34095|admin:localhost:43151|client:localhost:36051|dataStream:localhost:38995|priority:0, s2|rpc:localhost:40453|admin:localhost:33947|client:localhost:38503|dataStream:localhost:42009|priority:0], old=null
2022-06-29 11:33:14,349 INFO  server.RaftServer$Division (RaftServerImpl.java:requestVote(1152)) - s1@group-54B4F2458EED: receive requestVote(PRE_VOTE, s2, group-54B4F2458EED, 3, (t:3, i:31))
2022-06-29 11:33:14,349 WARN  server.GrpcServerProtocolService (LogUtils.java:warn(122)) - s1: Failed requestVote s2->s1#0: org.apache.ratis.protocol.exceptions.ServerNotReadyException: s1@group-54B4F2458EED is not in [RUNNING]: current state is CLOSED
2022-06-29 11:33:14,351 INFO  server.RaftServer$Division (RaftServerImpl.java:requestVote(1152)) - s0@group-54B4F2458EED: receive requestVote(PRE_VOTE, s2, group-54B4F2458EED, 3, (t:3, i:31))
2022-06-29 11:33:14,351 WARN  server.GrpcServerProtocolService (LogUtils.java:warn(122)) - s0: Failed requestVote s2->s0#0: org.apache.ratis.protocol.exceptions.ServerNotReadyException: s0@group-54B4F2458EED is not in [RUNNING]: current state is CLOSED
2022-06-29 11:33:14,352 INFO  impl.LeaderElection (LogUtils.java:infoOrTrace(137)) - s2@group-54B4F2458EED-LeaderElection289 got exception when requesting votes: java.util.concurrent.ExecutionException: org.apache.ratis.thirdparty.io.grpc.StatusRuntimeException: INTERNAL: s1@group-54B4F2458EED is not in [RUNNING]: current state is CLOSED
2022-06-29 11:33:14,353 INFO  impl.LeaderElection (LogUtils.java:infoOrTrace(137)) - s2@group-54B4F2458EED-LeaderElection289 got exception when requesting votes: java.util.concurrent.ExecutionException: org.apache.ratis.thirdparty.io.grpc.StatusRuntimeException: INTERNAL: s0@group-54B4F2458EED is not in [RUNNING]: current state is CLOSED
2022-06-29 11:33:14,353 INFO  impl.LeaderElection (LeaderElection.java:logAndReturn(90)) - s2@group-54B4F2458EED-LeaderElection289: PRE_VOTE REJECTED received 0 response(s) and 2 exception(s):
2022-06-29 11:33:14,353 INFO  impl.LeaderElection (LogUtils.java:infoOrTrace(137)) -   Exception 0: java.util.concurrent.ExecutionException: org.apache.ratis.thirdparty.io.grpc.StatusRuntimeException: INTERNAL: s1@group-54B4F2458EED is not in [RUNNING]: current state is CLOSED
2022-06-29 11:33:14,353 INFO  impl.LeaderElection (LogUtils.java:infoOrTrace(137)) -   Exception 1: java.util.concurrent.ExecutionException: org.apache.ratis.thirdparty.io.grpc.StatusRuntimeException: INTERNAL: s0@group-54B4F2458EED is not in [RUNNING]: current state is CLOSED
2022-06-29 11:33:14,353 INFO  impl.LeaderElection (LeaderElection.java:askForVotes(312)) - s2@group-54B4F2458EED-LeaderElection289 PRE_VOTE round 0: result REJECTED
2022-06-29 11:33:14,353 INFO  server.RaftServer$Division (RaftServerImpl.java:setRole(299)) - s2@group-54B4F2458EED: changes role from CANDIDATE to FOLLOWER at term 3 for REJECTED
2022-06-29 11:33:14,353 INFO  impl.RoleInfo (RoleInfo.java:shutdownLeaderElection(130)) - s2: shutdown s2@group-54B4F2458EED-LeaderElection289
2022-06-29 11:33:14,356 INFO  impl.RoleInfo (RoleInfo.java:updateAndGet(139)) - s2: start s2@group-54B4F2458EED-FollowerState
2022-06-29 11:33:14,555 INFO  impl.FollowerState (FollowerState.java:run(143)) - s2@group-54B4F2458EED-FollowerState: change to CANDIDATE, lastRpcElapsedTime:199639406ns, electionTimeout:199ms
2022-06-29 11:33:14,555 INFO  impl.RoleInfo (RoleInfo.java:shutdownFollowerState(110)) - s2: shutdown s2@group-54B4F2458EED-FollowerState
2022-06-29 11:33:14,555 INFO  server.RaftServer$Division (RaftServerImpl.java:setRole(299)) - s2@group-54B4F2458EED: changes role from  FOLLOWER to CANDIDATE at term 3 for changeToCandidate
2022-06-29 11:33:14,557 INFO  server.RaftServerConfigKeys (ConfUtils.java:logGet(46)) - raft.server.leaderelection.pre-vote = true (default)
2022-06-29 11:33:14,557 INFO  impl.RoleInfo (RoleInfo.java:updateAndGet(139)) - s2: start s2@group-54B4F2458EED-LeaderElection290
2022-06-29 11:33:14,558 INFO  impl.LeaderElection (LeaderElection.java:askForVotes(310)) - s2@group-54B4F2458EED-LeaderElection290 PRE_VOTE round 0: submit vote requests at term 3 for 28: [s0|rpc:localhost:46515|admin:localhost:40757|client:localhost:41939|dataStream:localhost:35593|priority:0, s1|rpc:localhost:34095|admin:localhost:43151|client:localhost:36051|dataStream:localhost:38995|priority:0, s2|rpc:localhost:40453|admin:localhost:33947|client:localhost:38503|dataStream:localhost:42009|priority:0], old=null
2022-06-29 11:33:14,559 INFO  server.RaftServer$Division (RaftServerImpl.java:requestVote(1152)) - s1@group-54B4F2458EED: receive requestVote(PRE_VOTE, s2, group-54B4F2458EED, 3, (t:3, i:31))
2022-06-29 11:33:14,559 WARN  server.GrpcServerProtocolService (LogUtils.java:warn(122)) - s1: Failed requestVote s2->s1#0: org.apache.ratis.protocol.exceptions.ServerNotReadyException: s1@group-54B4F2458EED is not in [RUNNING]: current state is CLOSED
2022-06-29 11:33:14,559 INFO  server.RaftServer$Division (RaftServerImpl.java:requestVote(1152)) - s0@group-54B4F2458EED: receive requestVote(PRE_VOTE, s2, group-54B4F2458EED, 3, (t:3, i:31))
2022-06-29 11:33:14,560 WARN  server.GrpcServerProtocolService (LogUtils.java:warn(122)) - s0: Failed requestVote s2->s0#0: org.apache.ratis.protocol.exceptions.ServerNotReadyException: s0@group-54B4F2458EED is not in [RUNNING]: current state is CLOSED
2022-06-29 11:33:14,560 INFO  impl.LeaderElection (LogUtils.java:infoOrTrace(137)) - s2@group-54B4F2458EED-LeaderElection290 got exception when requesting votes: java.util.concurrent.ExecutionException: org.apache.ratis.thirdparty.io.grpc.StatusRuntimeException: INTERNAL: s1@group-54B4F2458EED is not in [RUNNING]: current state is CLOSED
2022-06-29 11:33:14,561 INFO  impl.LeaderElection (LogUtils.java:infoOrTrace(137)) - s2@group-54B4F2458EED-LeaderElection290 got exception when requesting votes: java.util.concurrent.ExecutionException: org.apache.ratis.thirdparty.io.grpc.StatusRuntimeException: INTERNAL: s0@group-54B4F2458EED is not in [RUNNING]: current state is CLOSED
2022-06-29 11:33:14,561 INFO  impl.LeaderElection (LeaderElection.java:logAndReturn(90)) - s2@group-54B4F2458EED-LeaderElection290: PRE_VOTE REJECTED received 0 response(s) and 2 exception(s):
2022-06-29 11:33:14,562 INFO  impl.LeaderElection (LogUtils.java:infoOrTrace(137)) -   Exception 0: java.util.concurrent.ExecutionException: org.apache.ratis.thirdparty.io.grpc.StatusRuntimeException: INTERNAL: s1@group-54B4F2458EED is not in [RUNNING]: current state is CLOSED
2022-06-29 11:33:14,562 INFO  impl.LeaderElection (LogUtils.java:infoOrTrace(137)) -   Exception 1: java.util.concurrent.ExecutionException: org.apache.ratis.thirdparty.io.grpc.StatusRuntimeException: INTERNAL: s0@group-54B4F2458EED is not in [RUNNING]: current state is CLOSED
2022-06-29 11:33:14,563 INFO  impl.LeaderElection (LeaderElection.java:askForVotes(312)) - s2@group-54B4F2458EED-LeaderElection290 PRE_VOTE round 0: result REJECTED
2022-06-29 11:33:14,563 INFO  server.RaftServer$Division (RaftServerImpl.java:setRole(299)) - s2@group-54B4F2458EED: changes role from CANDIDATE to FOLLOWER at term 3 for REJECTED
2022-06-29 11:33:14,563 INFO  impl.RoleInfo (RoleInfo.java:shutdownLeaderElection(130)) - s2: shutdown s2@group-54B4F2458EED-LeaderElection290
2022-06-29 11:33:14,563 INFO  impl.RoleInfo (RoleInfo.java:updateAndGet(139)) - s2: start s2@group-54B4F2458EED-FollowerState
2022-06-29 11:33:14,812 INFO  impl.FollowerState (FollowerState.java:run(143)) - s2@group-54B4F2458EED-FollowerState: change to CANDIDATE, lastRpcElapsedTime:249040327ns, electionTimeout:246ms
2022-06-29 11:33:14,812 INFO  impl.RoleInfo (RoleInfo.java:shutdownFollowerState(110)) - s2: shutdown s2@group-54B4F2458EED-FollowerState
2022-06-29 11:33:14,812 INFO  server.RaftServer$Division (RaftServerImpl.java:setRole(299)) - s2@group-54B4F2458EED: changes role from  FOLLOWER to CANDIDATE at term 3 for changeToCandidate
2022-06-29 11:33:14,812 INFO  server.RaftServerConfigKeys (ConfUtils.java:logGet(46)) - raft.server.leaderelection.pre-vote = true (default)
2022-06-29 11:33:14,812 INFO  impl.RoleInfo (RoleInfo.java:updateAndGet(139)) - s2: start s2@group-54B4F2458EED-LeaderElection291
2022-06-29 11:33:14,814 INFO  impl.LeaderElection (LeaderElection.java:askForVotes(310)) - s2@group-54B4F2458EED-LeaderElection291 PRE_VOTE round 0: submit vote requests at term 3 for 28: [s0|rpc:localhost:46515|admin:localhost:40757|client:localhost:41939|dataStream:localhost:35593|priority:0, s1|rpc:localhost:34095|admin:localhost:43151|client:localhost:36051|dataStream:localhost:38995|priority:0, s2|rpc:localhost:40453|admin:localhost:33947|client:localhost:38503|dataStream:localhost:42009|priority:0], old=null
2022-06-29 11:33:14,816 INFO  server.RaftServer$Division (RaftServerImpl.java:requestVote(1152)) - s1@group-54B4F2458EED: receive requestVote(PRE_VOTE, s2, group-54B4F2458EED, 3, (t:3, i:31))
2022-06-29 11:33:14,816 WARN  server.GrpcServerProtocolService (LogUtils.java:warn(122)) - s1: Failed requestVote s2->s1#0: org.apache.ratis.protocol.exceptions.ServerNotReadyException: s1@group-54B4F2458EED is not in [RUNNING]: current state is CLOSED
2022-06-29 11:33:14,817 INFO  server.RaftServer$Division (RaftServerImpl.java:requestVote(1152)) - s0@group-54B4F2458EED: receive requestVote(PRE_VOTE, s2, group-54B4F2458EED, 3, (t:3, i:31))
2022-06-29 11:33:14,818 WARN  server.GrpcServerProtocolService (LogUtils.java:warn(122)) - s0: Failed requestVote s2->s0#0: org.apache.ratis.protocol.exceptions.ServerNotReadyException: s0@group-54B4F2458EED is not in [RUNNING]: current state is CLOSED
2022-06-29 11:33:14,818 INFO  impl.LeaderElection (LogUtils.java:infoOrTrace(137)) - s2@group-54B4F2458EED-LeaderElection291 got exception when requesting votes: java.util.concurrent.ExecutionException: org.apache.ratis.thirdparty.io.grpc.StatusRuntimeException: INTERNAL: s1@group-54B4F2458EED is not in [RUNNING]: current state is CLOSED
2022-06-29 11:33:14,818 INFO  impl.LeaderElection (LogUtils.java:infoOrTrace(137)) - s2@group-54B4F2458EED-LeaderElection291 got exception when requesting votes: java.util.concurrent.ExecutionException: org.apache.ratis.thirdparty.io.grpc.StatusRuntimeException: INTERNAL: s0@group-54B4F2458EED is not in [RUNNING]: current state is CLOSED
2022-06-29 11:33:14,818 INFO  impl.LeaderElection (LeaderElection.java:logAndReturn(90)) - s2@group-54B4F2458EED-LeaderElection291: PRE_VOTE REJECTED received 0 response(s) and 2 exception(s):
2022-06-29 11:33:14,818 INFO  impl.LeaderElection (LogUtils.java:infoOrTrace(137)) -   Exception 0: java.util.concurrent.ExecutionException: org.apache.ratis.thirdparty.io.grpc.StatusRuntimeException: INTERNAL: s1@group-54B4F2458EED is not in [RUNNING]: current state is CLOSED
2022-06-29 11:33:14,818 INFO  impl.LeaderElection (LogUtils.java:infoOrTrace(137)) -   Exception 1: java.util.concurrent.ExecutionException: org.apache.ratis.thirdparty.io.grpc.StatusRuntimeException: INTERNAL: s0@group-54B4F2458EED is not in [RUNNING]: current state is CLOSED
2022-06-29 11:33:14,818 INFO  impl.LeaderElection (LeaderElection.java:askForVotes(312)) - s2@group-54B4F2458EED-LeaderElection291 PRE_VOTE round 0: result REJECTED
2022-06-29 11:33:14,818 INFO  server.RaftServer$Division (RaftServerImpl.java:setRole(299)) - s2@group-54B4F2458EED: changes role from CANDIDATE to FOLLOWER at term 3 for REJECTED
2022-06-29 11:33:14,818 INFO  impl.RoleInfo (RoleInfo.java:shutdownLeaderElection(130)) - s2: shutdown s2@group-54B4F2458EED-LeaderElection291
2022-06-29 11:33:14,818 INFO  impl.RoleInfo (RoleInfo.java:updateAndGet(139)) - s2: start s2@group-54B4F2458EED-FollowerState
2022-06-29 11:33:15,040 INFO  impl.FollowerState (FollowerState.java:run(143)) - s2@group-54B4F2458EED-FollowerState: change to CANDIDATE, lastRpcElapsedTime:221712282ns, electionTimeout:220ms
2022-06-29 11:33:15,040 INFO  impl.RoleInfo (RoleInfo.java:shutdownFollowerState(110)) - s2: shutdown s2@group-54B4F2458EED-FollowerState
2022-06-29 11:33:15,040 INFO  server.RaftServer$Division (RaftServerImpl.java:setRole(299)) - s2@group-54B4F2458EED: changes role from  FOLLOWER to CANDIDATE at term 3 for changeToCandidate
2022-06-29 11:33:15,040 INFO  server.RaftServerConfigKeys (ConfUtils.java:logGet(46)) - raft.server.leaderelection.pre-vote = true (default)
2022-06-29 11:33:15,040 INFO  impl.RoleInfo (RoleInfo.java:updateAndGet(139)) - s2: start s2@group-54B4F2458EED-LeaderElection292
2022-06-29 11:33:15,044 INFO  impl.LeaderElection (LeaderElection.java:askForVotes(310)) - s2@group-54B4F2458EED-LeaderElection292 PRE_VOTE round 0: submit vote requests at term 3 for 28: [s0|rpc:localhost:46515|admin:localhost:40757|client:localhost:41939|dataStream:localhost:35593|priority:0, s1|rpc:localhost:34095|admin:localhost:43151|client:localhost:36051|dataStream:localhost:38995|priority:0, s2|rpc:localhost:40453|admin:localhost:33947|client:localhost:38503|dataStream:localhost:42009|priority:0], old=null
2022-06-29 11:33:15,047 INFO  server.RaftServer$Division (RaftServerImpl.java:requestVote(1152)) - s1@group-54B4F2458EED: receive requestVote(PRE_VOTE, s2, group-54B4F2458EED, 3, (t:3, i:31))
2022-06-29 11:33:15,048 WARN  server.GrpcServerProtocolService (LogUtils.java:warn(122)) - s1: Failed requestVote s2->s1#0: org.apache.ratis.protocol.exceptions.ServerNotReadyException: s1@group-54B4F2458EED is not in [RUNNING]: current state is CLOSED
2022-06-29 11:33:15,048 INFO  server.RaftServer$Division (RaftServerImpl.java:requestVote(1152)) - s0@group-54B4F2458EED: receive requestVote(PRE_VOTE, s2, group-54B4F2458EED, 3, (t:3, i:31))
2022-06-29 11:33:15,048 WARN  server.GrpcServerProtocolService (LogUtils.java:warn(122)) - s0: Failed requestVote s2->s0#0: org.apache.ratis.protocol.exceptions.ServerNotReadyException: s0@group-54B4F2458EED is not in [RUNNING]: current state is CLOSED
2022-06-29 11:33:15,050 INFO  impl.LeaderElection (LogUtils.java:infoOrTrace(137)) - s2@group-54B4F2458EED-LeaderElection292 got exception when requesting votes: java.util.concurrent.ExecutionException: org.apache.ratis.thirdparty.io.grpc.StatusRuntimeException: INTERNAL: s1@group-54B4F2458EED is not in [RUNNING]: current state is CLOSED
2022-06-29 11:33:15,052 INFO  impl.LeaderElection (LogUtils.java:infoOrTrace(137)) - s2@group-54B4F2458EED-LeaderElection292 got exception when requesting votes: java.util.concurrent.ExecutionException: org.apache.ratis.thirdparty.io.grpc.StatusRuntimeException: INTERNAL: s0@group-54B4F2458EED is not in [RUNNING]: current state is CLOSED
2022-06-29 11:33:15,052 INFO  impl.LeaderElection (LeaderElection.java:logAndReturn(90)) - s2@group-54B4F2458EED-LeaderElection292: PRE_VOTE REJECTED received 0 response(s) and 2 exception(s):
2022-06-29 11:33:15,052 INFO  impl.LeaderElection (LogUtils.java:infoOrTrace(137)) -   Exception 0: java.util.concurrent.ExecutionException: org.apache.ratis.thirdparty.io.grpc.StatusRuntimeException: INTERNAL: s1@group-54B4F2458EED is not in [RUNNING]: current state is CLOSED
2022-06-29 11:33:15,052 INFO  impl.LeaderElection (LogUtils.java:infoOrTrace(137)) -   Exception 1: java.util.concurrent.ExecutionException: org.apache.ratis.thirdparty.io.grpc.StatusRuntimeException: INTERNAL: s0@group-54B4F2458EED is not in [RUNNING]: current state is CLOSED
2022-06-29 11:33:15,052 INFO  impl.LeaderElection (LeaderElection.java:askForVotes(312)) - s2@group-54B4F2458EED-LeaderElection292 PRE_VOTE round 0: result REJECTED
2022-06-29 11:33:15,052 INFO  server.RaftServer$Division (RaftServerImpl.java:setRole(299)) - s2@group-54B4F2458EED: changes role from CANDIDATE to FOLLOWER at term 3 for REJECTED
2022-06-29 11:33:15,052 INFO  impl.RoleInfo (RoleInfo.java:shutdownLeaderElection(130)) - s2: shutdown s2@group-54B4F2458EED-LeaderElection292
2022-06-29 11:33:15,052 INFO  impl.RoleInfo (RoleInfo.java:updateAndGet(139)) - s2: start s2@group-54B4F2458EED-FollowerState
2022-06-29 11:33:15,323 INFO  impl.FollowerState (FollowerState.java:run(143)) - s2@group-54B4F2458EED-FollowerState: change to CANDIDATE, lastRpcElapsedTime:271092295ns, electionTimeout:270ms
2022-06-29 11:33:15,324 INFO  impl.RoleInfo (RoleInfo.java:shutdownFollowerState(110)) - s2: shutdown s2@group-54B4F2458EED-FollowerState
2022-06-29 11:33:15,324 INFO  server.RaftServer$Division (RaftServerImpl.java:setRole(299)) - s2@group-54B4F2458EED: changes role from  FOLLOWER to CANDIDATE at term 3 for changeToCandidate
2022-06-29 11:33:15,326 INFO  server.RaftServerConfigKeys (ConfUtils.java:logGet(46)) - raft.server.leaderelection.pre-vote = true (default)
2022-06-29 11:33:15,326 INFO  impl.RoleInfo (RoleInfo.java:updateAndGet(139)) - s2: start s2@group-54B4F2458EED-LeaderElection293
2022-06-29 11:33:15,329 INFO  impl.LeaderElection (LeaderElection.java:askForVotes(310)) - s2@group-54B4F2458EED-LeaderElection293 PRE_VOTE round 0: submit vote requests at term 3 for 28: [s0|rpc:localhost:46515|admin:localhost:40757|client:localhost:41939|dataStream:localhost:35593|priority:0, s1|rpc:localhost:34095|admin:localhost:43151|client:localhost:36051|dataStream:localhost:38995|priority:0, s2|rpc:localhost:40453|admin:localhost:33947|client:localhost:38503|dataStream:localhost:42009|priority:0], old=null
2022-06-29 11:33:15,331 INFO  server.RaftServer$Division (RaftServerImpl.java:requestVote(1152)) - s0@group-54B4F2458EED: receive requestVote(PRE_VOTE, s2, group-54B4F2458EED, 3, (t:3, i:31))
2022-06-29 11:33:15,331 WARN  server.GrpcServerProtocolService (LogUtils.java:warn(122)) - s0: Failed requestVote s2->s0#0: org.apache.ratis.protocol.exceptions.ServerNotReadyException: s0@group-54B4F2458EED is not in [RUNNING]: current state is CLOSED
2022-06-29 11:33:15,332 INFO  server.RaftServer$Division (RaftServerImpl.java:requestVote(1152)) - s1@group-54B4F2458EED: receive requestVote(PRE_VOTE, s2, group-54B4F2458EED, 3, (t:3, i:31))
2022-06-29 11:33:15,332 WARN  server.GrpcServerProtocolService (LogUtils.java:warn(122)) - s1: Failed requestVote s2->s1#0: org.apache.ratis.protocol.exceptions.ServerNotReadyException: s1@group-54B4F2458EED is not in [RUNNING]: current state is CLOSED
2022-06-29 11:33:15,333 INFO  impl.LeaderElection (LogUtils.java:infoOrTrace(137)) - s2@group-54B4F2458EED-LeaderElection293 got exception when requesting votes: java.util.concurrent.ExecutionException: org.apache.ratis.thirdparty.io.grpc.StatusRuntimeException: INTERNAL: s1@group-54B4F2458EED is not in [RUNNING]: current state is CLOSED
2022-06-29 11:33:15,334 INFO  impl.LeaderElection (LogUtils.java:infoOrTrace(137)) - s2@group-54B4F2458EED-LeaderElection293 got exception when requesting votes: java.util.concurrent.ExecutionException: org.apache.ratis.thirdparty.io.grpc.StatusRuntimeException: INTERNAL: s0@group-54B4F2458EED is not in [RUNNING]: current state is CLOSED
2022-06-29 11:33:15,334 INFO  impl.LeaderElection (LeaderElection.java:logAndReturn(90)) - s2@group-54B4F2458EED-LeaderElection293: PRE_VOTE REJECTED received 0 response(s) and 2 exception(s):
2022-06-29 11:33:15,334 INFO  impl.LeaderElection (LogUtils.java:infoOrTrace(137)) -   Exception 0: java.util.concurrent.ExecutionException: org.apache.ratis.thirdparty.io.grpc.StatusRuntimeException: INTERNAL: s1@group-54B4F2458EED is not in [RUNNING]: current state is CLOSED
2022-06-29 11:33:15,334 INFO  impl.LeaderElection (LogUtils.java:infoOrTrace(137)) -   Exception 1: java.util.concurrent.ExecutionException: org.apache.ratis.thirdparty.io.grpc.StatusRuntimeException: INTERNAL: s0@group-54B4F2458EED is not in [RUNNING]: current state is CLOSED
2022-06-29 11:33:15,334 INFO  impl.LeaderElection (LeaderElection.java:askForVotes(312)) - s2@group-54B4F2458EED-LeaderElection293 PRE_VOTE round 0: result REJECTED
2022-06-29 11:33:15,334 INFO  server.RaftServer$Division (RaftServerImpl.java:setRole(299)) - s2@group-54B4F2458EED: changes role from CANDIDATE to FOLLOWER at term 3 for REJECTED
2022-06-29 11:33:15,334 INFO  impl.RoleInfo (RoleInfo.java:shutdownLeaderElection(130)) - s2: shutdown s2@group-54B4F2458EED-LeaderElection293
2022-06-29 11:33:15,334 INFO  impl.RoleInfo (RoleInfo.java:updateAndGet(139)) - s2: start s2@group-54B4F2458EED-FollowerState
2022-06-29 11:33:15,559 INFO  impl.FollowerState (FollowerState.java:run(143)) - s2@group-54B4F2458EED-FollowerState: change to CANDIDATE, lastRpcElapsedTime:225058318ns, electionTimeout:223ms
2022-06-29 11:33:15,559 INFO  impl.RoleInfo (RoleInfo.java:shutdownFollowerState(110)) - s2: shutdown s2@group-54B4F2458EED-FollowerState
2022-06-29 11:33:15,559 INFO  server.RaftServer$Division (RaftServerImpl.java:setRole(299)) - s2@group-54B4F2458EED: changes role from  FOLLOWER to CANDIDATE at term 3 for changeToCandidate
2022-06-29 11:33:15,563 INFO  server.RaftServerConfigKeys (ConfUtils.java:logGet(46)) - raft.server.leaderelection.pre-vote = true (default)
2022-06-29 11:33:15,563 INFO  impl.RoleInfo (RoleInfo.java:updateAndGet(139)) - s2: start s2@group-54B4F2458EED-LeaderElection294
2022-06-29 11:33:15,564 INFO  impl.LeaderElection (LeaderElection.java:askForVotes(310)) - s2@group-54B4F2458EED-LeaderElection294 PRE_VOTE round 0: submit vote requests at term 3 for 28: [s0|rpc:localhost:46515|admin:localhost:40757|client:localhost:41939|dataStream:localhost:35593|priority:0, s1|rpc:localhost:34095|admin:localhost:43151|client:localhost:36051|dataStream:localhost:38995|priority:0, s2|rpc:localhost:40453|admin:localhost:33947|client:localhost:38503|dataStream:localhost:42009|priority:0], old=null
2022-06-29 11:33:15,567 INFO  server.RaftServer$Division (RaftServerImpl.java:requestVote(1152)) - s0@group-54B4F2458EED: receive requestVote(PRE_VOTE, s2, group-54B4F2458EED, 3, (t:3, i:31))
2022-06-29 11:33:15,568 WARN  server.GrpcServerProtocolService (LogUtils.java:warn(122)) - s0: Failed requestVote s2->s0#0: org.apache.ratis.protocol.exceptions.ServerNotReadyException: s0@group-54B4F2458EED is not in [RUNNING]: current state is CLOSED
2022-06-29 11:33:15,568 INFO  server.RaftServer$Division (RaftServerImpl.java:requestVote(1152)) - s1@group-54B4F2458EED: receive requestVote(PRE_VOTE, s2, group-54B4F2458EED, 3, (t:3, i:31))
2022-06-29 11:33:15,568 WARN  server.GrpcServerProtocolService (LogUtils.java:warn(122)) - s1: Failed requestVote s2->s1#0: org.apache.ratis.protocol.exceptions.ServerNotReadyException: s1@group-54B4F2458EED is not in [RUNNING]: current state is CLOSED
2022-06-29 11:33:15,569 INFO  impl.LeaderElection (LogUtils.java:infoOrTrace(137)) - s2@group-54B4F2458EED-LeaderElection294 got exception when requesting votes: java.util.concurrent.ExecutionException: org.apache.ratis.thirdparty.io.grpc.StatusRuntimeException: INTERNAL: s0@group-54B4F2458EED is not in [RUNNING]: current state is CLOSED
2022-06-29 11:33:15,570 INFO  impl.LeaderElection (LogUtils.java:infoOrTrace(137)) - s2@group-54B4F2458EED-LeaderElection294 got exception when requesting votes: java.util.concurrent.ExecutionException: org.apache.ratis.thirdparty.io.grpc.StatusRuntimeException: INTERNAL: s1@group-54B4F2458EED is not in [RUNNING]: current state is CLOSED
2022-06-29 11:33:15,570 INFO  impl.LeaderElection (LeaderElection.java:logAndReturn(90)) - s2@group-54B4F2458EED-LeaderElection294: PRE_VOTE REJECTED received 0 response(s) and 2 exception(s):
2022-06-29 11:33:15,570 INFO  impl.LeaderElection (LogUtils.java:infoOrTrace(137)) -   Exception 0: java.util.concurrent.ExecutionException: org.apache.ratis.thirdparty.io.grpc.StatusRuntimeException: INTERNAL: s0@group-54B4F2458EED is not in [RUNNING]: current state is CLOSED
2022-06-29 11:33:15,570 INFO  impl.LeaderElection (LogUtils.java:infoOrTrace(137)) -   Exception 1: java.util.concurrent.ExecutionException: org.apache.ratis.thirdparty.io.grpc.StatusRuntimeException: INTERNAL: s1@group-54B4F2458EED is not in [RUNNING]: current state is CLOSED
2022-06-29 11:33:15,571 INFO  impl.LeaderElection (LeaderElection.java:askForVotes(312)) - s2@group-54B4F2458EED-LeaderElection294 PRE_VOTE round 0: result REJECTED
2022-06-29 11:33:15,571 INFO  server.RaftServer$Division (RaftServerImpl.java:setRole(299)) - s2@group-54B4F2458EED: changes role from CANDIDATE to FOLLOWER at term 3 for REJECTED
2022-06-29 11:33:15,571 INFO  impl.RoleInfo (RoleInfo.java:shutdownLeaderElection(130)) - s2: shutdown s2@group-54B4F2458EED-LeaderElection294
2022-06-29 11:33:15,571 INFO  impl.RoleInfo (RoleInfo.java:updateAndGet(139)) - s2: start s2@group-54B4F2458EED-FollowerState
2022-06-29 11:33:15,760 INFO  impl.FollowerState (FollowerState.java:run(143)) - s2@group-54B4F2458EED-FollowerState: change to CANDIDATE, lastRpcElapsedTime:189036467ns, electionTimeout:188ms
2022-06-29 11:33:15,760 INFO  impl.RoleInfo (RoleInfo.java:shutdownFollowerState(110)) - s2: shutdown s2@group-54B4F2458EED-FollowerState
2022-06-29 11:33:15,760 INFO  server.RaftServer$Division (RaftServerImpl.java:setRole(299)) - s2@group-54B4F2458EED: changes role from  FOLLOWER to CANDIDATE at term 3 for changeToCandidate
2022-06-29 11:33:15,762 INFO  server.RaftServerConfigKeys (ConfUtils.java:logGet(46)) - raft.server.leaderelection.pre-vote = true (default)
2022-06-29 11:33:15,762 INFO  impl.RoleInfo (RoleInfo.java:updateAndGet(139)) - s2: start s2@group-54B4F2458EED-LeaderElection295
2022-06-29 11:33:15,763 INFO  impl.LeaderElection (LeaderElection.java:askForVotes(310)) - s2@group-54B4F2458EED-LeaderElection295 PRE_VOTE round 0: submit vote requests at term 3 for 28: [s0|rpc:localhost:46515|admin:localhost:40757|client:localhost:41939|dataStream:localhost:35593|priority:0, s1|rpc:localhost:34095|admin:localhost:43151|client:localhost:36051|dataStream:localhost:38995|priority:0, s2|rpc:localhost:40453|admin:localhost:33947|client:localhost:38503|dataStream:localhost:42009|priority:0], old=null
2022-06-29 11:33:15,764 INFO  server.RaftServer$Division (RaftServerImpl.java:requestVote(1152)) - s0@group-54B4F2458EED: receive requestVote(PRE_VOTE, s2, group-54B4F2458EED, 3, (t:3, i:31))
2022-06-29 11:33:15,764 WARN  server.GrpcServerProtocolService (LogUtils.java:warn(122)) - s0: Failed requestVote s2->s0#0: org.apache.ratis.protocol.exceptions.ServerNotReadyException: s0@group-54B4F2458EED is not in [RUNNING]: current state is CLOSED
2022-06-29 11:33:15,769 INFO  server.RaftServer$Division (RaftServerImpl.java:requestVote(1152)) - s1@group-54B4F2458EED: receive requestVote(PRE_VOTE, s2, group-54B4F2458EED, 3, (t:3, i:31))
2022-06-29 11:33:15,769 WARN  server.GrpcServerProtocolService (LogUtils.java:warn(122)) - s1: Failed requestVote s2->s1#0: org.apache.ratis.protocol.exceptions.ServerNotReadyException: s1@group-54B4F2458EED is not in [RUNNING]: current state is CLOSED
2022-06-29 11:33:15,769 INFO  impl.LeaderElection (LogUtils.java:infoOrTrace(137)) - s2@group-54B4F2458EED-LeaderElection295 got exception when requesting votes: java.util.concurrent.ExecutionException: org.apache.ratis.thirdparty.io.grpc.StatusRuntimeException: INTERNAL: s1@group-54B4F2458EED is not in [RUNNING]: current state is CLOSED
2022-06-29 11:33:15,771 INFO  impl.LeaderElection (LogUtils.java:infoOrTrace(137)) - s2@group-54B4F2458EED-LeaderElection295 got exception when requesting votes: java.util.concurrent.ExecutionException: org.apache.ratis.thirdparty.io.grpc.StatusRuntimeException: INTERNAL: s0@group-54B4F2458EED is not in [RUNNING]: current state is CLOSED
2022-06-29 11:33:15,771 INFO  impl.LeaderElection (LeaderElection.java:logAndReturn(90)) - s2@group-54B4F2458EED-LeaderElection295: PRE_VOTE REJECTED received 0 response(s) and 2 exception(s):
2022-06-29 11:33:15,771 INFO  impl.LeaderElection (LogUtils.java:infoOrTrace(137)) -   Exception 0: java.util.concurrent.ExecutionException: org.apache.ratis.thirdparty.io.grpc.StatusRuntimeException: INTERNAL: s1@group-54B4F2458EED is not in [RUNNING]: current state is CLOSED
2022-06-29 11:33:15,771 INFO  impl.LeaderElection (LogUtils.java:infoOrTrace(137)) -   Exception 1: java.util.concurrent.ExecutionException: org.apache.ratis.thirdparty.io.grpc.StatusRuntimeException: INTERNAL: s0@group-54B4F2458EED is not in [RUNNING]: current state is CLOSED
2022-06-29 11:33:15,772 INFO  impl.LeaderElection (LeaderElection.java:askForVotes(312)) - s2@group-54B4F2458EED-LeaderElection295 PRE_VOTE round 0: result REJECTED
2022-06-29 11:33:15,772 INFO  server.RaftServer$Division (RaftServerImpl.java:setRole(299)) - s2@group-54B4F2458EED: changes role from CANDIDATE to FOLLOWER at term 3 for REJECTED
2022-06-29 11:33:15,772 INFO  impl.RoleInfo (RoleInfo.java:shutdownLeaderElection(130)) - s2: shutdown s2@group-54B4F2458EED-LeaderElection295
2022-06-29 11:33:15,773 INFO  impl.RoleInfo (RoleInfo.java:updateAndGet(139)) - s2: start s2@group-54B4F2458EED-FollowerState
2022-06-29 11:33:16,073 INFO  impl.FollowerState (FollowerState.java:run(143)) - s2@group-54B4F2458EED-FollowerState: change to CANDIDATE, lastRpcElapsedTime:300610562ns, electionTimeout:298ms
2022-06-29 11:33:16,073 INFO  impl.RoleInfo (RoleInfo.java:shutdownFollowerState(110)) - s2: shutdown s2@group-54B4F2458EED-FollowerState
2022-06-29 11:33:16,073 INFO  server.RaftServer$Division (RaftServerImpl.java:setRole(299)) - s2@group-54B4F2458EED: changes role from  FOLLOWER to CANDIDATE at term 3 for changeToCandidate
2022-06-29 11:33:16,073 INFO  server.RaftServerConfigKeys (ConfUtils.java:logGet(46)) - raft.server.leaderelection.pre-vote = true (default)
2022-06-29 11:33:16,073 INFO  impl.RoleInfo (RoleInfo.java:updateAndGet(139)) - s2: start s2@group-54B4F2458EED-LeaderElection296
2022-06-29 11:33:16,074 INFO  impl.LeaderElection (LeaderElection.java:askForVotes(310)) - s2@group-54B4F2458EED-LeaderElection296 PRE_VOTE round 0: submit vote requests at term 3 for 28: [s0|rpc:localhost:46515|admin:localhost:40757|client:localhost:41939|dataStream:localhost:35593|priority:0, s1|rpc:localhost:34095|admin:localhost:43151|client:localhost:36051|dataStream:localhost:38995|priority:0, s2|rpc:localhost:40453|admin:localhost:33947|client:localhost:38503|dataStream:localhost:42009|priority:0], old=null
2022-06-29 11:33:16,076 INFO  server.RaftServer$Division (RaftServerImpl.java:requestVote(1152)) - s0@group-54B4F2458EED: receive requestVote(PRE_VOTE, s2, group-54B4F2458EED, 3, (t:3, i:31))
2022-06-29 11:33:16,076 WARN  server.GrpcServerProtocolService (LogUtils.java:warn(122)) - s0: Failed requestVote s2->s0#0: org.apache.ratis.protocol.exceptions.ServerNotReadyException: s0@group-54B4F2458EED is not in [RUNNING]: current state is CLOSED
2022-06-29 11:33:16,078 INFO  impl.LeaderElection (LogUtils.java:infoOrTrace(137)) - s2@group-54B4F2458EED-LeaderElection296 got exception when requesting votes: java.util.concurrent.ExecutionException: org.apache.ratis.thirdparty.io.grpc.StatusRuntimeException: INTERNAL: s0@group-54B4F2458EED is not in [RUNNING]: current state is CLOSED
2022-06-29 11:33:16,079 INFO  server.RaftServer$Division (RaftServerImpl.java:requestVote(1152)) - s1@group-54B4F2458EED: receive requestVote(PRE_VOTE, s2, group-54B4F2458EED, 3, (t:3, i:31))
2022-06-29 11:33:16,079 WARN  server.GrpcServerProtocolService (LogUtils.java:warn(122)) - s1: Failed requestVote s2->s1#0: org.apache.ratis.protocol.exceptions.ServerNotReadyException: s1@group-54B4F2458EED is not in [RUNNING]: current state is CLOSED
2022-06-29 11:33:16,081 INFO  impl.LeaderElection (LogUtils.java:infoOrTrace(137)) - s2@group-54B4F2458EED-LeaderElection296 got exception when requesting votes: java.util.concurrent.ExecutionException: org.apache.ratis.thirdparty.io.grpc.StatusRuntimeException: INTERNAL: s1@group-54B4F2458EED is not in [RUNNING]: current state is CLOSED
2022-06-29 11:33:16,082 INFO  impl.LeaderElection (LeaderElection.java:logAndReturn(90)) - s2@group-54B4F2458EED-LeaderElection296: PRE_VOTE REJECTED received 0 response(s) and 2 exception(s):
2022-06-29 11:33:16,082 INFO  impl.LeaderElection (LogUtils.java:infoOrTrace(137)) -   Exception 0: java.util.concurrent.ExecutionException: org.apache.ratis.thirdparty.io.grpc.StatusRuntimeException: INTERNAL: s0@group-54B4F2458EED is not in [RUNNING]: current state is CLOSED
2022-06-29 11:33:16,082 INFO  impl.LeaderElection (LogUtils.java:infoOrTrace(137)) -   Exception 1: java.util.concurrent.ExecutionException: org.apache.ratis.thirdparty.io.grpc.StatusRuntimeException: INTERNAL: s1@group-54B4F2458EED is not in [RUNNING]: current state is CLOSED
2022-06-29 11:33:16,082 INFO  impl.LeaderElection (LeaderElection.java:askForVotes(312)) - s2@group-54B4F2458EED-LeaderElection296 PRE_VOTE round 0: result REJECTED
2022-06-29 11:33:16,082 INFO  server.RaftServer$Division (RaftServerImpl.java:setRole(299)) - s2@group-54B4F2458EED: changes role from CANDIDATE to FOLLOWER at term 3 for REJECTED
2022-06-29 11:33:16,082 INFO  impl.RoleInfo (RoleInfo.java:shutdownLeaderElection(130)) - s2: shutdown s2@group-54B4F2458EED-LeaderElection296
2022-06-29 11:33:16,082 INFO  impl.RoleInfo (RoleInfo.java:updateAndGet(139)) - s2: start s2@group-54B4F2458EED-FollowerState
2022-06-29 11:33:16,234 INFO  impl.FollowerState (FollowerState.java:run(143)) - s2@group-54B4F2458EED-FollowerState: change to CANDIDATE, lastRpcElapsedTime:152247001ns, electionTimeout:150ms
2022-06-29 11:33:16,234 INFO  impl.RoleInfo (RoleInfo.java:shutdownFollowerState(110)) - s2: shutdown s2@group-54B4F2458EED-FollowerState
2022-06-29 11:33:16,234 INFO  server.RaftServer$Division (RaftServerImpl.java:setRole(299)) - s2@group-54B4F2458EED: changes role from  FOLLOWER to CANDIDATE at term 3 for changeToCandidate
2022-06-29 11:33:16,234 INFO  server.RaftServerConfigKeys (ConfUtils.java:logGet(46)) - raft.server.leaderelection.pre-vote = true (default)
2022-06-29 11:33:16,235 INFO  impl.RoleInfo (RoleInfo.java:updateAndGet(139)) - s2: start s2@group-54B4F2458EED-LeaderElection297
2022-06-29 11:33:16,237 INFO  impl.LeaderElection (LeaderElection.java:askForVotes(310)) - s2@group-54B4F2458EED-LeaderElection297 PRE_VOTE round 0: submit vote requests at term 3 for 28: [s0|rpc:localhost:46515|admin:localhost:40757|client:localhost:41939|dataStream:localhost:35593|priority:0, s1|rpc:localhost:34095|admin:localhost:43151|client:localhost:36051|dataStream:localhost:38995|priority:0, s2|rpc:localhost:40453|admin:localhost:33947|client:localhost:38503|dataStream:localhost:42009|priority:0], old=null
2022-06-29 11:33:16,239 INFO  server.RaftServer$Division (RaftServerImpl.java:requestVote(1152)) - s0@group-54B4F2458EED: receive requestVote(PRE_VOTE, s2, group-54B4F2458EED, 3, (t:3, i:31))
2022-06-29 11:33:16,239 WARN  server.GrpcServerProtocolService (LogUtils.java:warn(122)) - s0: Failed requestVote s2->s0#0: org.apache.ratis.protocol.exceptions.ServerNotReadyException: s0@group-54B4F2458EED is not in [RUNNING]: current state is CLOSED
2022-06-29 11:33:16,240 INFO  server.RaftServer$Division (RaftServerImpl.java:requestVote(1152)) - s1@group-54B4F2458EED: receive requestVote(PRE_VOTE, s2, group-54B4F2458EED, 3, (t:3, i:31))
2022-06-29 11:33:16,240 WARN  server.GrpcServerProtocolService (LogUtils.java:warn(122)) - s1: Failed requestVote s2->s1#0: org.apache.ratis.protocol.exceptions.ServerNotReadyException: s1@group-54B4F2458EED is not in [RUNNING]: current state is CLOSED
2022-06-29 11:33:16,242 INFO  impl.LeaderElection (LogUtils.java:infoOrTrace(137)) - s2@group-54B4F2458EED-LeaderElection297 got exception when requesting votes: java.util.concurrent.ExecutionException: org.apache.ratis.thirdparty.io.grpc.StatusRuntimeException: INTERNAL: s1@group-54B4F2458EED is not in [RUNNING]: current state is CLOSED
2022-06-29 11:33:16,242 INFO  impl.LeaderElection (LogUtils.java:infoOrTrace(137)) - s2@group-54B4F2458EED-LeaderElection297 got exception when requesting votes: java.util.concurrent.ExecutionException: org.apache.ratis.thirdparty.io.grpc.StatusRuntimeException: INTERNAL: s0@group-54B4F2458EED is not in [RUNNING]: current state is CLOSED
2022-06-29 11:33:16,242 INFO  impl.LeaderElection (LeaderElection.java:logAndReturn(90)) - s2@group-54B4F2458EED-LeaderElection297: PRE_VOTE REJECTED received 0 response(s) and 2 exception(s):
2022-06-29 11:33:16,242 INFO  impl.LeaderElection (LogUtils.java:infoOrTrace(137)) -   Exception 0: java.util.concurrent.ExecutionException: org.apache.ratis.thirdparty.io.grpc.StatusRuntimeException: INTERNAL: s1@group-54B4F2458EED is not in [RUNNING]: current state is CLOSED
2022-06-29 11:33:16,242 INFO  impl.LeaderElection (LogUtils.java:infoOrTrace(137)) -   Exception 1: java.util.concurrent.ExecutionException: org.apache.ratis.thirdparty.io.grpc.StatusRuntimeException: INTERNAL: s0@group-54B4F2458EED is not in [RUNNING]: current state is CLOSED
2022-06-29 11:33:16,242 INFO  impl.LeaderElection (LeaderElection.java:askForVotes(312)) - s2@group-54B4F2458EED-LeaderElection297 PRE_VOTE round 0: result REJECTED
2022-06-29 11:33:16,242 INFO  server.RaftServer$Division (RaftServerImpl.java:setRole(299)) - s2@group-54B4F2458EED: changes role from CANDIDATE to FOLLOWER at term 3 for REJECTED
2022-06-29 11:33:16,242 INFO  impl.RoleInfo (RoleInfo.java:shutdownLeaderElection(130)) - s2: shutdown s2@group-54B4F2458EED-LeaderElection297
2022-06-29 11:33:16,242 INFO  impl.RoleInfo (RoleInfo.java:updateAndGet(139)) - s2: start s2@group-54B4F2458EED-FollowerState
2022-06-29 11:33:16,492 INFO  impl.FollowerState (FollowerState.java:run(143)) - s2@group-54B4F2458EED-FollowerState: change to CANDIDATE, lastRpcElapsedTime:249669318ns, electionTimeout:247ms
2022-06-29 11:33:16,492 INFO  impl.RoleInfo (RoleInfo.java:shutdownFollowerState(110)) - s2: shutdown s2@group-54B4F2458EED-FollowerState
2022-06-29 11:33:16,492 INFO  server.RaftServer$Division (RaftServerImpl.java:setRole(299)) - s2@group-54B4F2458EED: changes role from  FOLLOWER to CANDIDATE at term 3 for changeToCandidate
2022-06-29 11:33:16,493 INFO  server.RaftServerConfigKeys (ConfUtils.java:logGet(46)) - raft.server.leaderelection.pre-vote = true (default)
2022-06-29 11:33:16,493 INFO  impl.RoleInfo (RoleInfo.java:updateAndGet(139)) - s2: start s2@group-54B4F2458EED-LeaderElection298
2022-06-29 11:33:16,494 INFO  impl.LeaderElection (LeaderElection.java:askForVotes(310)) - s2@group-54B4F2458EED-LeaderElection298 PRE_VOTE round 0: submit vote requests at term 3 for 28: [s0|rpc:localhost:46515|admin:localhost:40757|client:localhost:41939|dataStream:localhost:35593|priority:0, s1|rpc:localhost:34095|admin:localhost:43151|client:localhost:36051|dataStream:localhost:38995|priority:0, s2|rpc:localhost:40453|admin:localhost:33947|client:localhost:38503|dataStream:localhost:42009|priority:0], old=null
2022-06-29 11:33:16,499 INFO  server.RaftServer$Division (RaftServerImpl.java:requestVote(1152)) - s0@group-54B4F2458EED: receive requestVote(PRE_VOTE, s2, group-54B4F2458EED, 3, (t:3, i:31))
2022-06-29 11:33:16,499 WARN  server.GrpcServerProtocolService (LogUtils.java:warn(122)) - s0: Failed requestVote s2->s0#0: org.apache.ratis.protocol.exceptions.ServerNotReadyException: s0@group-54B4F2458EED is not in [RUNNING]: current state is CLOSED
2022-06-29 11:33:16,499 INFO  server.RaftServer$Division (RaftServerImpl.java:requestVote(1152)) - s1@group-54B4F2458EED: receive requestVote(PRE_VOTE, s2, group-54B4F2458EED, 3, (t:3, i:31))
2022-06-29 11:33:16,499 WARN  server.GrpcServerProtocolService (LogUtils.java:warn(122)) - s1: Failed requestVote s2->s1#0: org.apache.ratis.protocol.exceptions.ServerNotReadyException: s1@group-54B4F2458EED is not in [RUNNING]: current state is CLOSED
2022-06-29 11:33:16,503 INFO  impl.LeaderElection (LogUtils.java:infoOrTrace(137)) - s2@group-54B4F2458EED-LeaderElection298 got exception when requesting votes: java.util.concurrent.ExecutionException: org.apache.ratis.thirdparty.io.grpc.StatusRuntimeException: INTERNAL: s0@group-54B4F2458EED is not in [RUNNING]: current state is CLOSED
2022-06-29 11:33:16,503 INFO  impl.LeaderElection (LogUtils.java:infoOrTrace(137)) - s2@group-54B4F2458EED-LeaderElection298 got exception when requesting votes: java.util.concurrent.ExecutionException: org.apache.ratis.thirdparty.io.grpc.StatusRuntimeException: INTERNAL: s1@group-54B4F2458EED is not in [RUNNING]: current state is CLOSED
2022-06-29 11:33:16,503 INFO  impl.LeaderElection (LeaderElection.java:logAndReturn(90)) - s2@group-54B4F2458EED-LeaderElection298: PRE_VOTE REJECTED received 0 response(s) and 2 exception(s):
2022-06-29 11:33:16,503 INFO  impl.LeaderElection (LogUtils.java:infoOrTrace(137)) -   Exception 0: java.util.concurrent.ExecutionException: org.apache.ratis.thirdparty.io.grpc.StatusRuntimeException: INTERNAL: s0@group-54B4F2458EED is not in [RUNNING]: current state is CLOSED
2022-06-29 11:33:16,503 INFO  impl.LeaderElection (LogUtils.java:infoOrTrace(137)) -   Exception 1: java.util.concurrent.ExecutionException: org.apache.ratis.thirdparty.io.grpc.StatusRuntimeException: INTERNAL: s1@group-54B4F2458EED is not in [RUNNING]: current state is CLOSED
2022-06-29 11:33:16,503 INFO  impl.LeaderElection (LeaderElection.java:askForVotes(312)) - s2@group-54B4F2458EED-LeaderElection298 PRE_VOTE round 0: result REJECTED
2022-06-29 11:33:16,503 INFO  server.RaftServer$Division (RaftServerImpl.java:setRole(299)) - s2@group-54B4F2458EED: changes role from CANDIDATE to FOLLOWER at term 3 for REJECTED
2022-06-29 11:33:16,503 INFO  impl.RoleInfo (RoleInfo.java:shutdownLeaderElection(130)) - s2: shutdown s2@group-54B4F2458EED-LeaderElection298
2022-06-29 11:33:16,503 INFO  impl.RoleInfo (RoleInfo.java:updateAndGet(139)) - s2: start s2@group-54B4F2458EED-FollowerState
2022-06-29 11:33:16,759 INFO  impl.FollowerState (FollowerState.java:run(143)) - s2@group-54B4F2458EED-FollowerState: change to CANDIDATE, lastRpcElapsedTime:255448591ns, electionTimeout:254ms
2022-06-29 11:33:16,759 INFO  impl.RoleInfo (RoleInfo.java:shutdownFollowerState(110)) - s2: shutdown s2@group-54B4F2458EED-FollowerState
2022-06-29 11:33:16,759 INFO  server.RaftServer$Division (RaftServerImpl.java:setRole(299)) - s2@group-54B4F2458EED: changes role from  FOLLOWER to CANDIDATE at term 3 for changeToCandidate
2022-06-29 11:33:16,762 INFO  server.RaftServerConfigKeys (ConfUtils.java:logGet(46)) - raft.server.leaderelection.pre-vote = true (default)
2022-06-29 11:33:16,762 INFO  impl.RoleInfo (RoleInfo.java:updateAndGet(139)) - s2: start s2@group-54B4F2458EED-LeaderElection299
2022-06-29 11:33:16,764 INFO  impl.LeaderElection (LeaderElection.java:askForVotes(310)) - s2@group-54B4F2458EED-LeaderElection299 PRE_VOTE round 0: submit vote requests at term 3 for 28: [s0|rpc:localhost:46515|admin:localhost:40757|client:localhost:41939|dataStream:localhost:35593|priority:0, s1|rpc:localhost:34095|admin:localhost:43151|client:localhost:36051|dataStream:localhost:38995|priority:0, s2|rpc:localhost:40453|admin:localhost:33947|client:localhost:38503|dataStream:localhost:42009|priority:0], old=null
2022-06-29 11:33:16,770 INFO  server.RaftServer$Division (RaftServerImpl.java:requestVote(1152)) - s1@group-54B4F2458EED: receive requestVote(PRE_VOTE, s2, group-54B4F2458EED, 3, (t:3, i:31))
2022-06-29 11:33:16,770 WARN  server.GrpcServerProtocolService (LogUtils.java:warn(122)) - s1: Failed requestVote s2->s1#0: org.apache.ratis.protocol.exceptions.ServerNotReadyException: s1@group-54B4F2458EED is not in [RUNNING]: current state is CLOSED
2022-06-29 11:33:16,772 INFO  impl.LeaderElection (LogUtils.java:infoOrTrace(137)) - s2@group-54B4F2458EED-LeaderElection299 got exception when requesting votes: java.util.concurrent.ExecutionException: org.apache.ratis.thirdparty.io.grpc.StatusRuntimeException: INTERNAL: s1@group-54B4F2458EED is not in [RUNNING]: current state is CLOSED
2022-06-29 11:33:16,772 INFO  server.RaftServer$Division (RaftServerImpl.java:requestVote(1152)) - s0@group-54B4F2458EED: receive requestVote(PRE_VOTE, s2, group-54B4F2458EED, 3, (t:3, i:31))
2022-06-29 11:33:16,772 WARN  server.GrpcServerProtocolService (LogUtils.java:warn(122)) - s0: Failed requestVote s2->s0#0: org.apache.ratis.protocol.exceptions.ServerNotReadyException: s0@group-54B4F2458EED is not in [RUNNING]: current state is CLOSED
2022-06-29 11:33:16,773 INFO  impl.LeaderElection (LogUtils.java:infoOrTrace(137)) - s2@group-54B4F2458EED-LeaderElection299 got exception when requesting votes: java.util.concurrent.ExecutionException: org.apache.ratis.thirdparty.io.grpc.StatusRuntimeException: INTERNAL: s0@group-54B4F2458EED is not in [RUNNING]: current state is CLOSED
2022-06-29 11:33:16,773 INFO  impl.LeaderElection (LeaderElection.java:logAndReturn(90)) - s2@group-54B4F2458EED-LeaderElection299: PRE_VOTE REJECTED received 0 response(s) and 2 exception(s):
2022-06-29 11:33:16,773 INFO  impl.LeaderElection (LogUtils.java:infoOrTrace(137)) -   Exception 0: java.util.concurrent.ExecutionException: org.apache.ratis.thirdparty.io.grpc.StatusRuntimeException: INTERNAL: s1@group-54B4F2458EED is not in [RUNNING]: current state is CLOSED
2022-06-29 11:33:16,773 INFO  impl.LeaderElection (LogUtils.java:infoOrTrace(137)) -   Exception 1: java.util.concurrent.ExecutionException: org.apache.ratis.thirdparty.io.grpc.StatusRuntimeException: INTERNAL: s0@group-54B4F2458EED is not in [RUNNING]: current state is CLOSED
2022-06-29 11:33:16,773 INFO  impl.LeaderElection (LeaderElection.java:askForVotes(312)) - s2@group-54B4F2458EED-LeaderElection299 PRE_VOTE round 0: result REJECTED
2022-06-29 11:33:16,773 INFO  server.RaftServer$Division (RaftServerImpl.java:setRole(299)) - s2@group-54B4F2458EED: changes role from CANDIDATE to FOLLOWER at term 3 for REJECTED
2022-06-29 11:33:16,773 INFO  impl.RoleInfo (RoleInfo.java:shutdownLeaderElection(130)) - s2: shutdown s2@group-54B4F2458EED-LeaderElection299
2022-06-29 11:33:16,773 INFO  impl.RoleInfo (RoleInfo.java:updateAndGet(139)) - s2: start s2@group-54B4F2458EED-FollowerState
2022-06-29 11:33:17,002 INFO  impl.FollowerState (FollowerState.java:run(143)) - s2@group-54B4F2458EED-FollowerState: change to CANDIDATE, lastRpcElapsedTime:229078161ns, electionTimeout:228ms
2022-06-29 11:33:17,003 INFO  impl.RoleInfo (RoleInfo.java:shutdownFollowerState(110)) - s2: shutdown s2@group-54B4F2458EED-FollowerState
2022-06-29 11:33:17,003 INFO  server.RaftServer$Division (RaftServerImpl.java:setRole(299)) - s2@group-54B4F2458EED: changes role from  FOLLOWER to CANDIDATE at term 3 for changeToCandidate
2022-06-29 11:33:17,003 INFO  server.RaftServerConfigKeys (ConfUtils.java:logGet(46)) - raft.server.leaderelection.pre-vote = true (default)
2022-06-29 11:33:17,003 INFO  impl.RoleInfo (RoleInfo.java:updateAndGet(139)) - s2: start s2@group-54B4F2458EED-LeaderElection300
2022-06-29 11:33:17,005 INFO  impl.LeaderElection (LeaderElection.java:askForVotes(310)) - s2@group-54B4F2458EED-LeaderElection300 PRE_VOTE round 0: submit vote requests at term 3 for 28: [s0|rpc:localhost:46515|admin:localhost:40757|client:localhost:41939|dataStream:localhost:35593|priority:0, s1|rpc:localhost:34095|admin:localhost:43151|client:localhost:36051|dataStream:localhost:38995|priority:0, s2|rpc:localhost:40453|admin:localhost:33947|client:localhost:38503|dataStream:localhost:42009|priority:0], old=null
2022-06-29 11:33:17,008 INFO  server.RaftServer$Division (RaftServerImpl.java:requestVote(1152)) - s0@group-54B4F2458EED: receive requestVote(PRE_VOTE, s2, group-54B4F2458EED, 3, (t:3, i:31))
2022-06-29 11:33:17,008 WARN  server.GrpcServerProtocolService (LogUtils.java:warn(122)) - s0: Failed requestVote s2->s0#0: org.apache.ratis.protocol.exceptions.ServerNotReadyException: s0@group-54B4F2458EED is not in [RUNNING]: current state is CLOSED
2022-06-29 11:33:17,009 INFO  server.RaftServer$Division (RaftServerImpl.java:requestVote(1152)) - s1@group-54B4F2458EED: receive requestVote(PRE_VOTE, s2, group-54B4F2458EED, 3, (t:3, i:31))
2022-06-29 11:33:17,009 WARN  server.GrpcServerProtocolService (LogUtils.java:warn(122)) - s1: Failed requestVote s2->s1#0: org.apache.ratis.protocol.exceptions.ServerNotReadyException: s1@group-54B4F2458EED is not in [RUNNING]: current state is CLOSED
2022-06-29 11:33:17,010 INFO  impl.LeaderElection (LogUtils.java:infoOrTrace(137)) - s2@group-54B4F2458EED-LeaderElection300 got exception when requesting votes: java.util.concurrent.ExecutionException: org.apache.ratis.thirdparty.io.grpc.StatusRuntimeException: INTERNAL: s0@group-54B4F2458EED is not in [RUNNING]: current state is CLOSED
2022-06-29 11:33:17,011 INFO  impl.LeaderElection (LogUtils.java:infoOrTrace(137)) - s2@group-54B4F2458EED-LeaderElection300 got exception when requesting votes: java.util.concurrent.ExecutionException: org.apache.ratis.thirdparty.io.grpc.StatusRuntimeException: INTERNAL: s1@group-54B4F2458EED is not in [RUNNING]: current state is CLOSED
2022-06-29 11:33:17,011 INFO  impl.LeaderElection (LeaderElection.java:logAndReturn(90)) - s2@group-54B4F2458EED-LeaderElection300: PRE_VOTE REJECTED received 0 response(s) and 2 exception(s):
2022-06-29 11:33:17,011 INFO  impl.LeaderElection (LogUtils.java:infoOrTrace(137)) -   Exception 0: java.util.concurrent.ExecutionException: org.apache.ratis.thirdparty.io.grpc.StatusRuntimeException: INTERNAL: s0@group-54B4F2458EED is not in [RUNNING]: current state is CLOSED
2022-06-29 11:33:17,011 INFO  impl.LeaderElection (LogUtils.java:infoOrTrace(137)) -   Exception 1: java.util.concurrent.ExecutionException: org.apache.ratis.thirdparty.io.grpc.StatusRuntimeException: INTERNAL: s1@group-54B4F2458EED is not in [RUNNING]: current state is CLOSED
2022-06-29 11:33:17,011 INFO  impl.LeaderElection (LeaderElection.java:askForVotes(312)) - s2@group-54B4F2458EED-LeaderElection300 PRE_VOTE round 0: result REJECTED
2022-06-29 11:33:17,011 INFO  server.RaftServer$Division (RaftServerImpl.java:setRole(299)) - s2@group-54B4F2458EED: changes role from CANDIDATE to FOLLOWER at term 3 for REJECTED
2022-06-29 11:33:17,011 INFO  impl.RoleInfo (RoleInfo.java:shutdownLeaderElection(130)) - s2: shutdown s2@group-54B4F2458EED-LeaderElection300
2022-06-29 11:33:17,014 INFO  impl.RoleInfo (RoleInfo.java:updateAndGet(139)) - s2: start s2@group-54B4F2458EED-FollowerState
2022-06-29 11:33:17,263 INFO  impl.FollowerState (FollowerState.java:run(143)) - s2@group-54B4F2458EED-FollowerState: change to CANDIDATE, lastRpcElapsedTime:249120504ns, electionTimeout:247ms
2022-06-29 11:33:17,263 INFO  impl.RoleInfo (RoleInfo.java:shutdownFollowerState(110)) - s2: shutdown s2@group-54B4F2458EED-FollowerState
2022-06-29 11:33:17,263 INFO  server.RaftServer$Division (RaftServerImpl.java:setRole(299)) - s2@group-54B4F2458EED: changes role from  FOLLOWER to CANDIDATE at term 3 for changeToCandidate
2022-06-29 11:33:17,264 INFO  server.RaftServerConfigKeys (ConfUtils.java:logGet(46)) - raft.server.leaderelection.pre-vote = true (default)
2022-06-29 11:33:17,264 INFO  impl.RoleInfo (RoleInfo.java:updateAndGet(139)) - s2: start s2@group-54B4F2458EED-LeaderElection301
2022-06-29 11:33:17,265 INFO  impl.LeaderElection (LeaderElection.java:askForVotes(310)) - s2@group-54B4F2458EED-LeaderElection301 PRE_VOTE round 0: submit vote requests at term 3 for 28: [s0|rpc:localhost:46515|admin:localhost:40757|client:localhost:41939|dataStream:localhost:35593|priority:0, s1|rpc:localhost:34095|admin:localhost:43151|client:localhost:36051|dataStream:localhost:38995|priority:0, s2|rpc:localhost:40453|admin:localhost:33947|client:localhost:38503|dataStream:localhost:42009|priority:0], old=null
2022-06-29 11:33:17,271 INFO  server.RaftServer$Division (RaftServerImpl.java:requestVote(1152)) - s1@group-54B4F2458EED: receive requestVote(PRE_VOTE, s2, group-54B4F2458EED, 3, (t:3, i:31))
2022-06-29 11:33:17,272 WARN  server.GrpcServerProtocolService (LogUtils.java:warn(122)) - s1: Failed requestVote s2->s1#0: org.apache.ratis.protocol.exceptions.ServerNotReadyException: s1@group-54B4F2458EED is not in [RUNNING]: current state is CLOSED
2022-06-29 11:33:17,272 INFO  server.RaftServer$Division (RaftServerImpl.java:requestVote(1152)) - s0@group-54B4F2458EED: receive requestVote(PRE_VOTE, s2, group-54B4F2458EED, 3, (t:3, i:31))
2022-06-29 11:33:17,272 WARN  server.GrpcServerProtocolService (LogUtils.java:warn(122)) - s0: Failed requestVote s2->s0#0: org.apache.ratis.protocol.exceptions.ServerNotReadyException: s0@group-54B4F2458EED is not in [RUNNING]: current state is CLOSED
2022-06-29 11:33:17,273 INFO  impl.LeaderElection (LogUtils.java:infoOrTrace(137)) - s2@group-54B4F2458EED-LeaderElection301 got exception when requesting votes: java.util.concurrent.ExecutionException: org.apache.ratis.thirdparty.io.grpc.StatusRuntimeException: INTERNAL: s1@group-54B4F2458EED is not in [RUNNING]: current state is CLOSED
2022-06-29 11:33:17,274 INFO  impl.LeaderElection (LogUtils.java:infoOrTrace(137)) - s2@group-54B4F2458EED-LeaderElection301 got exception when requesting votes: java.util.concurrent.ExecutionException: org.apache.ratis.thirdparty.io.grpc.StatusRuntimeException: INTERNAL: s0@group-54B4F2458EED is not in [RUNNING]: current state is CLOSED
2022-06-29 11:33:17,274 INFO  impl.LeaderElection (LeaderElection.java:logAndReturn(90)) - s2@group-54B4F2458EED-LeaderElection301: PRE_VOTE REJECTED received 0 response(s) and 2 exception(s):
2022-06-29 11:33:17,274 INFO  impl.LeaderElection (LogUtils.java:infoOrTrace(137)) -   Exception 0: java.util.concurrent.ExecutionException: org.apache.ratis.thirdparty.io.grpc.StatusRuntimeException: INTERNAL: s1@group-54B4F2458EED is not in [RUNNING]: current state is CLOSED
2022-06-29 11:33:17,274 INFO  impl.LeaderElection (LogUtils.java:infoOrTrace(137)) -   Exception 1: java.util.concurrent.ExecutionException: org.apache.ratis.thirdparty.io.grpc.StatusRuntimeException: INTERNAL: s0@group-54B4F2458EED is not in [RUNNING]: current state is CLOSED
2022-06-29 11:33:17,274 INFO  impl.LeaderElection (LeaderElection.java:askForVotes(312)) - s2@group-54B4F2458EED-LeaderElection301 PRE_VOTE round 0: result REJECTED
2022-06-29 11:33:17,274 INFO  server.RaftServer$Division (RaftServerImpl.java:setRole(299)) - s2@group-54B4F2458EED: changes role from CANDIDATE to FOLLOWER at term 3 for REJECTED
2022-06-29 11:33:17,274 INFO  impl.RoleInfo (RoleInfo.java:shutdownLeaderElection(130)) - s2: shutdown s2@group-54B4F2458EED-LeaderElection301
2022-06-29 11:33:17,274 INFO  impl.RoleInfo (RoleInfo.java:updateAndGet(139)) - s2: start s2@group-54B4F2458EED-FollowerState
2022-06-29 11:33:17,483 INFO  impl.FollowerState (FollowerState.java:run(143)) - s2@group-54B4F2458EED-FollowerState: change to CANDIDATE, lastRpcElapsedTime:208854702ns, electionTimeout:208ms
2022-06-29 11:33:17,483 INFO  impl.RoleInfo (RoleInfo.java:shutdownFollowerState(110)) - s2: shutdown s2@group-54B4F2458EED-FollowerState
2022-06-29 11:33:17,483 INFO  server.RaftServer$Division (RaftServerImpl.java:setRole(299)) - s2@group-54B4F2458EED: changes role from  FOLLOWER to CANDIDATE at term 3 for changeToCandidate
2022-06-29 11:33:17,483 INFO  server.RaftServerConfigKeys (ConfUtils.java:logGet(46)) - raft.server.leaderelection.pre-vote = true (default)
2022-06-29 11:33:17,483 INFO  impl.RoleInfo (RoleInfo.java:updateAndGet(139)) - s2: start s2@group-54B4F2458EED-LeaderElection302
2022-06-29 11:33:17,483 INFO  impl.LeaderElection (LeaderElection.java:askForVotes(310)) - s2@group-54B4F2458EED-LeaderElection302 PRE_VOTE round 0: submit vote requests at term 3 for 28: [s0|rpc:localhost:46515|admin:localhost:40757|client:localhost:41939|dataStream:localhost:35593|priority:0, s1|rpc:localhost:34095|admin:localhost:43151|client:localhost:36051|dataStream:localhost:38995|priority:0, s2|rpc:localhost:40453|admin:localhost:33947|client:localhost:38503|dataStream:localhost:42009|priority:0], old=null
2022-06-29 11:33:17,485 INFO  server.RaftServer$Division (RaftServerImpl.java:requestVote(1152)) - s1@group-54B4F2458EED: receive requestVote(PRE_VOTE, s2, group-54B4F2458EED, 3, (t:3, i:31))
2022-06-29 11:33:17,485 WARN  server.GrpcServerProtocolService (LogUtils.java:warn(122)) - s1: Failed requestVote s2->s1#0: org.apache.ratis.protocol.exceptions.ServerNotReadyException: s1@group-54B4F2458EED is not in [RUNNING]: current state is CLOSED
2022-06-29 11:33:17,485 INFO  server.RaftServer$Division (RaftServerImpl.java:requestVote(1152)) - s0@group-54B4F2458EED: receive requestVote(PRE_VOTE, s2, group-54B4F2458EED, 3, (t:3, i:31))
2022-06-29 11:33:17,486 WARN  server.GrpcServerProtocolService (LogUtils.java:warn(122)) - s0: Failed requestVote s2->s0#0: org.apache.ratis.protocol.exceptions.ServerNotReadyException: s0@group-54B4F2458EED is not in [RUNNING]: current state is CLOSED
2022-06-29 11:33:17,486 INFO  impl.LeaderElection (LogUtils.java:infoOrTrace(137)) - s2@group-54B4F2458EED-LeaderElection302 got exception when requesting votes: java.util.concurrent.ExecutionException: org.apache.ratis.thirdparty.io.grpc.StatusRuntimeException: INTERNAL: s1@group-54B4F2458EED is not in [RUNNING]: current state is CLOSED
2022-06-29 11:33:17,486 INFO  impl.LeaderElection (LogUtils.java:infoOrTrace(137)) - s2@group-54B4F2458EED-LeaderElection302 got exception when requesting votes: java.util.concurrent.ExecutionException: org.apache.ratis.thirdparty.io.grpc.StatusRuntimeException: INTERNAL: s0@group-54B4F2458EED is not in [RUNNING]: current state is CLOSED
2022-06-29 11:33:17,486 INFO  impl.LeaderElection (LeaderElection.java:logAndReturn(90)) - s2@group-54B4F2458EED-LeaderElection302: PRE_VOTE REJECTED received 0 response(s) and 2 exception(s):
2022-06-29 11:33:17,487 INFO  impl.LeaderElection (LogUtils.java:infoOrTrace(137)) -   Exception 0: java.util.concurrent.ExecutionException: org.apache.ratis.thirdparty.io.grpc.StatusRuntimeException: INTERNAL: s1@group-54B4F2458EED is not in [RUNNING]: current state is CLOSED
2022-06-29 11:33:17,487 INFO  impl.LeaderElection (LogUtils.java:infoOrTrace(137)) -   Exception 1: java.util.concurrent.ExecutionException: org.apache.ratis.thirdparty.io.grpc.StatusRuntimeException: INTERNAL: s0@group-54B4F2458EED is not in [RUNNING]: current state is CLOSED
2022-06-29 11:33:17,487 INFO  impl.LeaderElection (LeaderElection.java:askForVotes(312)) - s2@group-54B4F2458EED-LeaderElection302 PRE_VOTE round 0: result REJECTED
2022-06-29 11:33:17,487 INFO  server.RaftServer$Division (RaftServerImpl.java:setRole(299)) - s2@group-54B4F2458EED: changes role from CANDIDATE to FOLLOWER at term 3 for REJECTED
2022-06-29 11:33:17,487 INFO  impl.RoleInfo (RoleInfo.java:shutdownLeaderElection(130)) - s2: shutdown s2@group-54B4F2458EED-LeaderElection302
2022-06-29 11:33:17,488 INFO  impl.RoleInfo (RoleInfo.java:updateAndGet(139)) - s2: start s2@group-54B4F2458EED-FollowerState
2022-06-29 11:33:17,716 INFO  impl.FollowerState (FollowerState.java:run(143)) - s2@group-54B4F2458EED-FollowerState: change to CANDIDATE, lastRpcElapsedTime:227994641ns, electionTimeout:226ms
2022-06-29 11:33:17,716 INFO  impl.RoleInfo (RoleInfo.java:shutdownFollowerState(110)) - s2: shutdown s2@group-54B4F2458EED-FollowerState
2022-06-29 11:33:17,716 INFO  server.RaftServer$Division (RaftServerImpl.java:setRole(299)) - s2@group-54B4F2458EED: changes role from  FOLLOWER to CANDIDATE at term 3 for changeToCandidate
2022-06-29 11:33:17,716 INFO  server.RaftServerConfigKeys (ConfUtils.java:logGet(46)) - raft.server.leaderelection.pre-vote = true (default)
2022-06-29 11:33:17,716 INFO  impl.RoleInfo (RoleInfo.java:updateAndGet(139)) - s2: start s2@group-54B4F2458EED-LeaderElection303
2022-06-29 11:33:17,718 INFO  impl.LeaderElection (LeaderElection.java:askForVotes(310)) - s2@group-54B4F2458EED-LeaderElection303 PRE_VOTE round 0: submit vote requests at term 3 for 28: [s0|rpc:localhost:46515|admin:localhost:40757|client:localhost:41939|dataStream:localhost:35593|priority:0, s1|rpc:localhost:34095|admin:localhost:43151|client:localhost:36051|dataStream:localhost:38995|priority:0, s2|rpc:localhost:40453|admin:localhost:33947|client:localhost:38503|dataStream:localhost:42009|priority:0], old=null
2022-06-29 11:33:17,720 INFO  server.RaftServer$Division (RaftServerImpl.java:requestVote(1152)) - s0@group-54B4F2458EED: receive requestVote(PRE_VOTE, s2, group-54B4F2458EED, 3, (t:3, i:31))
2022-06-29 11:33:17,720 WARN  server.GrpcServerProtocolService (LogUtils.java:warn(122)) - s0: Failed requestVote s2->s0#0: org.apache.ratis.protocol.exceptions.ServerNotReadyException: s0@group-54B4F2458EED is not in [RUNNING]: current state is CLOSED
2022-06-29 11:33:17,721 INFO  server.RaftServer$Division (RaftServerImpl.java:requestVote(1152)) - s1@group-54B4F2458EED: receive requestVote(PRE_VOTE, s2, group-54B4F2458EED, 3, (t:3, i:31))
2022-06-29 11:33:17,721 WARN  server.GrpcServerProtocolService (LogUtils.java:warn(122)) - s1: Failed requestVote s2->s1#0: org.apache.ratis.protocol.exceptions.ServerNotReadyException: s1@group-54B4F2458EED is not in [RUNNING]: current state is CLOSED
2022-06-29 11:33:17,722 INFO  impl.LeaderElection (LogUtils.java:infoOrTrace(137)) - s2@group-54B4F2458EED-LeaderElection303 got exception when requesting votes: java.util.concurrent.ExecutionException: org.apache.ratis.thirdparty.io.grpc.StatusRuntimeException: INTERNAL: s0@group-54B4F2458EED is not in [RUNNING]: current state is CLOSED
2022-06-29 11:33:17,722 INFO  impl.LeaderElection (LogUtils.java:infoOrTrace(137)) - s2@group-54B4F2458EED-LeaderElection303 got exception when requesting votes: java.util.concurrent.ExecutionException: org.apache.ratis.thirdparty.io.grpc.StatusRuntimeException: INTERNAL: s1@group-54B4F2458EED is not in [RUNNING]: current state is CLOSED
2022-06-29 11:33:17,722 INFO  impl.LeaderElection (LeaderElection.java:logAndReturn(90)) - s2@group-54B4F2458EED-LeaderElection303: PRE_VOTE REJECTED received 0 response(s) and 2 exception(s):
2022-06-29 11:33:17,722 INFO  impl.LeaderElection (LogUtils.java:infoOrTrace(137)) -   Exception 0: java.util.concurrent.ExecutionException: org.apache.ratis.thirdparty.io.grpc.StatusRuntimeException: INTERNAL: s0@group-54B4F2458EED is not in [RUNNING]: current state is CLOSED
2022-06-29 11:33:17,722 INFO  impl.LeaderElection (LogUtils.java:infoOrTrace(137)) -   Exception 1: java.util.concurrent.ExecutionException: org.apache.ratis.thirdparty.io.grpc.StatusRuntimeException: INTERNAL: s1@group-54B4F2458EED is not in [RUNNING]: current state is CLOSED
2022-06-29 11:33:17,722 INFO  impl.LeaderElection (LeaderElection.java:askForVotes(312)) - s2@group-54B4F2458EED-LeaderElection303 PRE_VOTE round 0: result REJECTED
2022-06-29 11:33:17,722 INFO  server.RaftServer$Division (RaftServerImpl.java:setRole(299)) - s2@group-54B4F2458EED: changes role from CANDIDATE to FOLLOWER at term 3 for REJECTED
2022-06-29 11:33:17,722 INFO  impl.RoleInfo (RoleInfo.java:shutdownLeaderElection(130)) - s2: shutdown s2@group-54B4F2458EED-LeaderElection303
2022-06-29 11:33:17,722 INFO  impl.RoleInfo (RoleInfo.java:updateAndGet(139)) - s2: start s2@group-54B4F2458EED-FollowerState
2022-06-29 11:33:17,960 INFO  impl.FollowerState (FollowerState.java:run(143)) - s2@group-54B4F2458EED-FollowerState: change to CANDIDATE, lastRpcElapsedTime:238013066ns, electionTimeout:237ms
2022-06-29 11:33:17,960 INFO  impl.RoleInfo (RoleInfo.java:shutdownFollowerState(110)) - s2: shutdown s2@group-54B4F2458EED-FollowerState
2022-06-29 11:33:17,960 INFO  server.RaftServer$Division (RaftServerImpl.java:setRole(299)) - s2@group-54B4F2458EED: changes role from  FOLLOWER to CANDIDATE at term 3 for changeToCandidate
2022-06-29 11:33:17,961 INFO  server.RaftServerConfigKeys (ConfUtils.java:logGet(46)) - raft.server.leaderelection.pre-vote = true (default)
2022-06-29 11:33:17,961 INFO  impl.RoleInfo (RoleInfo.java:updateAndGet(139)) - s2: start s2@group-54B4F2458EED-LeaderElection304
2022-06-29 11:33:17,962 INFO  impl.LeaderElection (LeaderElection.java:askForVotes(310)) - s2@group-54B4F2458EED-LeaderElection304 PRE_VOTE round 0: submit vote requests at term 3 for 28: [s0|rpc:localhost:46515|admin:localhost:40757|client:localhost:41939|dataStream:localhost:35593|priority:0, s1|rpc:localhost:34095|admin:localhost:43151|client:localhost:36051|dataStream:localhost:38995|priority:0, s2|rpc:localhost:40453|admin:localhost:33947|client:localhost:38503|dataStream:localhost:42009|priority:0], old=null
2022-06-29 11:33:17,965 INFO  server.RaftServer$Division (RaftServerImpl.java:requestVote(1152)) - s1@group-54B4F2458EED: receive requestVote(PRE_VOTE, s2, group-54B4F2458EED, 3, (t:3, i:31))
2022-06-29 11:33:17,965 WARN  server.GrpcServerProtocolService (LogUtils.java:warn(122)) - s1: Failed requestVote s2->s1#0: org.apache.ratis.protocol.exceptions.ServerNotReadyException: s1@group-54B4F2458EED is not in [RUNNING]: current state is CLOSED
2022-06-29 11:33:17,965 INFO  server.RaftServer$Division (RaftServerImpl.java:requestVote(1152)) - s0@group-54B4F2458EED: receive requestVote(PRE_VOTE, s2, group-54B4F2458EED, 3, (t:3, i:31))
2022-06-29 11:33:17,965 WARN  server.GrpcServerProtocolService (LogUtils.java:warn(122)) - s0: Failed requestVote s2->s0#0: org.apache.ratis.protocol.exceptions.ServerNotReadyException: s0@group-54B4F2458EED is not in [RUNNING]: current state is CLOSED
2022-06-29 11:33:17,968 INFO  impl.LeaderElection (LogUtils.java:infoOrTrace(137)) - s2@group-54B4F2458EED-LeaderElection304 got exception when requesting votes: java.util.concurrent.ExecutionException: org.apache.ratis.thirdparty.io.grpc.StatusRuntimeException: INTERNAL: s1@group-54B4F2458EED is not in [RUNNING]: current state is CLOSED
2022-06-29 11:33:17,972 INFO  impl.LeaderElection (LogUtils.java:infoOrTrace(137)) - s2@group-54B4F2458EED-LeaderElection304 got exception when requesting votes: java.util.concurrent.ExecutionException: org.apache.ratis.thirdparty.io.grpc.StatusRuntimeException: INTERNAL: s0@group-54B4F2458EED is not in [RUNNING]: current state is CLOSED
2022-06-29 11:33:17,972 INFO  impl.LeaderElection (LeaderElection.java:logAndReturn(90)) - s2@group-54B4F2458EED-LeaderElection304: PRE_VOTE REJECTED received 0 response(s) and 2 exception(s):
2022-06-29 11:33:17,972 INFO  impl.LeaderElection (LogUtils.java:infoOrTrace(137)) -   Exception 0: java.util.concurrent.ExecutionException: org.apache.ratis.thirdparty.io.grpc.StatusRuntimeException: INTERNAL: s1@group-54B4F2458EED is not in [RUNNING]: current state is CLOSED
2022-06-29 11:33:17,972 INFO  impl.LeaderElection (LogUtils.java:infoOrTrace(137)) -   Exception 1: java.util.concurrent.ExecutionException: org.apache.ratis.thirdparty.io.grpc.StatusRuntimeException: INTERNAL: s0@group-54B4F2458EED is not in [RUNNING]: current state is CLOSED
2022-06-29 11:33:17,973 INFO  impl.LeaderElection (LeaderElection.java:askForVotes(312)) - s2@group-54B4F2458EED-LeaderElection304 PRE_VOTE round 0: result REJECTED
2022-06-29 11:33:17,973 INFO  server.RaftServer$Division (RaftServerImpl.java:setRole(299)) - s2@group-54B4F2458EED: changes role from CANDIDATE to FOLLOWER at term 3 for REJECTED
2022-06-29 11:33:17,974 INFO  impl.RoleInfo (RoleInfo.java:shutdownLeaderElection(130)) - s2: shutdown s2@group-54B4F2458EED-LeaderElection304
2022-06-29 11:33:17,974 INFO  impl.RoleInfo (RoleInfo.java:updateAndGet(139)) - s2: start s2@group-54B4F2458EED-FollowerState
2022-06-29 11:33:18,235 INFO  impl.MiniRaftCluster (MiniRaftCluster.java:lambda$null$6(325)) - TIMED-PRINT: printing ALL groups
  s0:  RUNNING    LEADER s0@group-54B4F2458EED:t3, leader=s0, voted=s0, raftlog=s0@group-54B4F2458EED-SegmentedRaftLog:OPENED:c31, conf=28: [s0|rpc:localhost:46515|admin:localhost:40757|client:localhost:41939|dataStream:localhost:35593|priority:0, s1|rpc:localhost:34095|admin:localhost:43151|client:localhost:36051|dataStream:localhost:38995|priority:0, s2|rpc:localhost:40453|admin:localhost:33947|client:localhost:38503|dataStream:localhost:42009|priority:0], old=null CLOSED
  s1:  RUNNING    LEADER s1@group-54B4F2458EED:t2, leader=s1, voted=s1, raftlog=s1@group-54B4F2458EED-SegmentedRaftLog:OPENED:c24, conf=17: [s0|rpc:localhost:46515|admin:localhost:40757|client:localhost:41939|dataStream:localhost:35593|priority:0, s1|rpc:localhost:34095|admin:localhost:43151|client:localhost:36051|dataStream:localhost:38995|priority:0, s2|rpc:localhost:40453|admin:localhost:33947|client:localhost:38503|dataStream:localhost:42009|priority:0], old=null CLOSED
  s2:  RUNNING  FOLLOWER s2@group-54B4F2458EED:t3, leader=null, voted=s0, raftlog=s2@group-54B4F2458EED-SegmentedRaftLog:OPENED:c29, conf=28: [s0|rpc:localhost:46515|admin:localhost:40757|client:localhost:41939|dataStream:localhost:35593|priority:0, s1|rpc:localhost:34095|admin:localhost:43151|client:localhost:36051|dataStream:localhost:38995|priority:0, s2|rpc:localhost:40453|admin:localhost:33947|client:localhost:38503|dataStream:localhost:42009|priority:0], old=null RUNNING
2022-06-29 11:33:18,245 INFO  impl.FollowerState (FollowerState.java:run(143)) - s2@group-54B4F2458EED-FollowerState: change to CANDIDATE, lastRpcElapsedTime:271748578ns, electionTimeout:270ms
2022-06-29 11:33:18,245 INFO  impl.RoleInfo (RoleInfo.java:shutdownFollowerState(110)) - s2: shutdown s2@group-54B4F2458EED-FollowerState
2022-06-29 11:33:18,245 INFO  server.RaftServer$Division (RaftServerImpl.java:setRole(299)) - s2@group-54B4F2458EED: changes role from  FOLLOWER to CANDIDATE at term 3 for changeToCandidate
2022-06-29 11:33:18,246 INFO  server.RaftServerConfigKeys (ConfUtils.java:logGet(46)) - raft.server.leaderelection.pre-vote = true (default)
2022-06-29 11:33:18,246 INFO  impl.RoleInfo (RoleInfo.java:updateAndGet(139)) - s2: start s2@group-54B4F2458EED-LeaderElection305
2022-06-29 11:33:18,248 INFO  impl.LeaderElection (LeaderElection.java:askForVotes(310)) - s2@group-54B4F2458EED-LeaderElection305 PRE_VOTE round 0: submit vote requests at term 3 for 28: [s0|rpc:localhost:46515|admin:localhost:40757|client:localhost:41939|dataStream:localhost:35593|priority:0, s1|rpc:localhost:34095|admin:localhost:43151|client:localhost:36051|dataStream:localhost:38995|priority:0, s2|rpc:localhost:40453|admin:localhost:33947|client:localhost:38503|dataStream:localhost:42009|priority:0], old=null
2022-06-29 11:33:18,265 INFO  server.RaftServer$Division (RaftServerImpl.java:requestVote(1152)) - s0@group-54B4F2458EED: receive requestVote(PRE_VOTE, s2, group-54B4F2458EED, 3, (t:3, i:31))
2022-06-29 11:33:18,265 WARN  server.GrpcServerProtocolService (LogUtils.java:warn(122)) - s0: Failed requestVote s2->s0#0: org.apache.ratis.protocol.exceptions.ServerNotReadyException: s0@group-54B4F2458EED is not in [RUNNING]: current state is CLOSED
2022-06-29 11:33:18,266 INFO  impl.LeaderElection (LogUtils.java:infoOrTrace(137)) - s2@group-54B4F2458EED-LeaderElection305 got exception when requesting votes: java.util.concurrent.ExecutionException: org.apache.ratis.thirdparty.io.grpc.StatusRuntimeException: INTERNAL: s0@group-54B4F2458EED is not in [RUNNING]: current state is CLOSED
2022-06-29 11:33:18,268 INFO  server.RaftServer$Division (RaftServerImpl.java:requestVote(1152)) - s1@group-54B4F2458EED: receive requestVote(PRE_VOTE, s2, group-54B4F2458EED, 3, (t:3, i:31))
2022-06-29 11:33:18,268 WARN  server.GrpcServerProtocolService (LogUtils.java:warn(122)) - s1: Failed requestVote s2->s1#0: org.apache.ratis.protocol.exceptions.ServerNotReadyException: s1@group-54B4F2458EED is not in [RUNNING]: current state is CLOSED
2022-06-29 11:33:18,271 INFO  impl.LeaderElection (LogUtils.java:infoOrTrace(137)) - s2@group-54B4F2458EED-LeaderElection305 got exception when requesting votes: java.util.concurrent.ExecutionException: org.apache.ratis.thirdparty.io.grpc.StatusRuntimeException: INTERNAL: s1@group-54B4F2458EED is not in [RUNNING]: current state is CLOSED
2022-06-29 11:33:18,272 INFO  impl.LeaderElection (LeaderElection.java:logAndReturn(90)) - s2@group-54B4F2458EED-LeaderElection305: PRE_VOTE REJECTED received 0 response(s) and 2 exception(s):
2022-06-29 11:33:18,272 INFO  impl.LeaderElection (LogUtils.java:infoOrTrace(137)) -   Exception 0: java.util.concurrent.ExecutionException: org.apache.ratis.thirdparty.io.grpc.StatusRuntimeException: INTERNAL: s0@group-54B4F2458EED is not in [RUNNING]: current state is CLOSED
2022-06-29 11:33:18,272 INFO  impl.LeaderElection (LogUtils.java:infoOrTrace(137)) -   Exception 1: java.util.concurrent.ExecutionException: org.apache.ratis.thirdparty.io.grpc.StatusRuntimeException: INTERNAL: s1@group-54B4F2458EED is not in [RUNNING]: current state is CLOSED
2022-06-29 11:33:18,272 INFO  impl.LeaderElection (LeaderElection.java:askForVotes(312)) - s2@group-54B4F2458EED-LeaderElection305 PRE_VOTE round 0: result REJECTED
2022-06-29 11:33:18,272 INFO  server.RaftServer$Division (RaftServerImpl.java:setRole(299)) - s2@group-54B4F2458EED: changes role from CANDIDATE to FOLLOWER at term 3 for REJECTED
2022-06-29 11:33:18,272 INFO  impl.RoleInfo (RoleInfo.java:shutdownLeaderElection(130)) - s2: shutdown s2@group-54B4F2458EED-LeaderElection305
2022-06-29 11:33:18,272 INFO  impl.RoleInfo (RoleInfo.java:updateAndGet(139)) - s2: start s2@group-54B4F2458EED-FollowerState
2022-06-29 11:33:18,538 INFO  impl.FollowerState (FollowerState.java:run(143)) - s2@group-54B4F2458EED-FollowerState: change to CANDIDATE, lastRpcElapsedTime:266685014ns, electionTimeout:265ms
2022-06-29 11:33:18,539 INFO  impl.RoleInfo (RoleInfo.java:shutdownFollowerState(110)) - s2: shutdown s2@group-54B4F2458EED-FollowerState
2022-06-29 11:33:18,539 INFO  server.RaftServer$Division (RaftServerImpl.java:setRole(299)) - s2@group-54B4F2458EED: changes role from  FOLLOWER to CANDIDATE at term 3 for changeToCandidate
2022-06-29 11:33:18,540 INFO  server.RaftServerConfigKeys (ConfUtils.java:logGet(46)) - raft.server.leaderelection.pre-vote = true (default)
2022-06-29 11:33:18,540 INFO  impl.RoleInfo (RoleInfo.java:updateAndGet(139)) - s2: start s2@group-54B4F2458EED-LeaderElection306
2022-06-29 11:33:18,542 INFO  impl.LeaderElection (LeaderElection.java:askForVotes(310)) - s2@group-54B4F2458EED-LeaderElection306 PRE_VOTE round 0: submit vote requests at term 3 for 28: [s0|rpc:localhost:46515|admin:localhost:40757|client:localhost:41939|dataStream:localhost:35593|priority:0, s1|rpc:localhost:34095|admin:localhost:43151|client:localhost:36051|dataStream:localhost:38995|priority:0, s2|rpc:localhost:40453|admin:localhost:33947|client:localhost:38503|dataStream:localhost:42009|priority:0], old=null
2022-06-29 11:33:18,544 INFO  server.RaftServer$Division (RaftServerImpl.java:requestVote(1152)) - s0@group-54B4F2458EED: receive requestVote(PRE_VOTE, s2, group-54B4F2458EED, 3, (t:3, i:31))
2022-06-29 11:33:18,544 WARN  server.GrpcServerProtocolService (LogUtils.java:warn(122)) - s0: Failed requestVote s2->s0#0: org.apache.ratis.protocol.exceptions.ServerNotReadyException: s0@group-54B4F2458EED is not in [RUNNING]: current state is CLOSED
2022-06-29 11:33:18,547 INFO  impl.LeaderElection (LogUtils.java:infoOrTrace(137)) - s2@group-54B4F2458EED-LeaderElection306 got exception when requesting votes: java.util.concurrent.ExecutionException: org.apache.ratis.thirdparty.io.grpc.StatusRuntimeException: INTERNAL: s0@group-54B4F2458EED is not in [RUNNING]: current state is CLOSED
2022-06-29 11:33:18,547 INFO  server.RaftServer$Division (RaftServerImpl.java:requestVote(1152)) - s1@group-54B4F2458EED: receive requestVote(PRE_VOTE, s2, group-54B4F2458EED, 3, (t:3, i:31))
2022-06-29 11:33:18,548 WARN  server.GrpcServerProtocolService (LogUtils.java:warn(122)) - s1: Failed requestVote s2->s1#0: org.apache.ratis.protocol.exceptions.ServerNotReadyException: s1@group-54B4F2458EED is not in [RUNNING]: current state is CLOSED
2022-06-29 11:33:18,549 INFO  impl.LeaderElection (LogUtils.java:infoOrTrace(137)) - s2@group-54B4F2458EED-LeaderElection306 got exception when requesting votes: java.util.concurrent.ExecutionException: org.apache.ratis.thirdparty.io.grpc.StatusRuntimeException: INTERNAL: s1@group-54B4F2458EED is not in [RUNNING]: current state is CLOSED
2022-06-29 11:33:18,549 INFO  impl.LeaderElection (LeaderElection.java:logAndReturn(90)) - s2@group-54B4F2458EED-LeaderElection306: PRE_VOTE REJECTED received 0 response(s) and 2 exception(s):
2022-06-29 11:33:18,549 INFO  impl.LeaderElection (LogUtils.java:infoOrTrace(137)) -   Exception 0: java.util.concurrent.ExecutionException: org.apache.ratis.thirdparty.io.grpc.StatusRuntimeException: INTERNAL: s0@group-54B4F2458EED is not in [RUNNING]: current state is CLOSED
2022-06-29 11:33:18,549 INFO  impl.LeaderElection (LogUtils.java:infoOrTrace(137)) -   Exception 1: java.util.concurrent.ExecutionException: org.apache.ratis.thirdparty.io.grpc.StatusRuntimeException: INTERNAL: s1@group-54B4F2458EED is not in [RUNNING]: current state is CLOSED
2022-06-29 11:33:18,549 INFO  impl.LeaderElection (LeaderElection.java:askForVotes(312)) - s2@group-54B4F2458EED-LeaderElection306 PRE_VOTE round 0: result REJECTED
2022-06-29 11:33:18,549 INFO  server.RaftServer$Division (RaftServerImpl.java:setRole(299)) - s2@group-54B4F2458EED: changes role from CANDIDATE to FOLLOWER at term 3 for REJECTED
2022-06-29 11:33:18,549 INFO  impl.RoleInfo (RoleInfo.java:shutdownLeaderElection(130)) - s2: shutdown s2@group-54B4F2458EED-LeaderElection306
2022-06-29 11:33:18,549 INFO  impl.RoleInfo (RoleInfo.java:updateAndGet(139)) - s2: start s2@group-54B4F2458EED-FollowerState
2022-06-29 11:33:18,725 INFO  impl.FollowerState (FollowerState.java:run(143)) - s2@group-54B4F2458EED-FollowerState: change to CANDIDATE, lastRpcElapsedTime:176211389ns, electionTimeout:175ms
2022-06-29 11:33:18,725 INFO  impl.RoleInfo (RoleInfo.java:shutdownFollowerState(110)) - s2: shutdown s2@group-54B4F2458EED-FollowerState
2022-06-29 11:33:18,725 INFO  server.RaftServer$Division (RaftServerImpl.java:setRole(299)) - s2@group-54B4F2458EED: changes role from  FOLLOWER to CANDIDATE at term 3 for changeToCandidate
2022-06-29 11:33:18,725 INFO  server.RaftServerConfigKeys (ConfUtils.java:logGet(46)) - raft.server.leaderelection.pre-vote = true (default)
2022-06-29 11:33:18,725 INFO  impl.RoleInfo (RoleInfo.java:updateAndGet(139)) - s2: start s2@group-54B4F2458EED-LeaderElection307
2022-06-29 11:33:18,727 INFO  impl.LeaderElection (LeaderElection.java:askForVotes(310)) - s2@group-54B4F2458EED-LeaderElection307 PRE_VOTE round 0: submit vote requests at term 3 for 28: [s0|rpc:localhost:46515|admin:localhost:40757|client:localhost:41939|dataStream:localhost:35593|priority:0, s1|rpc:localhost:34095|admin:localhost:43151|client:localhost:36051|dataStream:localhost:38995|priority:0, s2|rpc:localhost:40453|admin:localhost:33947|client:localhost:38503|dataStream:localhost:42009|priority:0], old=null
2022-06-29 11:33:18,729 INFO  server.RaftServer$Division (RaftServerImpl.java:requestVote(1152)) - s1@group-54B4F2458EED: receive requestVote(PRE_VOTE, s2, group-54B4F2458EED, 3, (t:3, i:31))
2022-06-29 11:33:18,729 INFO  server.RaftServer$Division (RaftServerImpl.java:requestVote(1152)) - s0@group-54B4F2458EED: receive requestVote(PRE_VOTE, s2, group-54B4F2458EED, 3, (t:3, i:31))
2022-06-29 11:33:18,730 WARN  server.GrpcServerProtocolService (LogUtils.java:warn(122)) - s0: Failed requestVote s2->s0#0: org.apache.ratis.protocol.exceptions.ServerNotReadyException: s0@group-54B4F2458EED is not in [RUNNING]: current state is CLOSED
2022-06-29 11:33:18,730 WARN  server.GrpcServerProtocolService (LogUtils.java:warn(122)) - s1: Failed requestVote s2->s1#0: org.apache.ratis.protocol.exceptions.ServerNotReadyException: s1@group-54B4F2458EED is not in [RUNNING]: current state is CLOSED
2022-06-29 11:33:18,732 INFO  impl.LeaderElection (LogUtils.java:infoOrTrace(137)) - s2@group-54B4F2458EED-LeaderElection307 got exception when requesting votes: java.util.concurrent.ExecutionException: org.apache.ratis.thirdparty.io.grpc.StatusRuntimeException: INTERNAL: s0@group-54B4F2458EED is not in [RUNNING]: current state is CLOSED
2022-06-29 11:33:18,732 INFO  impl.LeaderElection (LogUtils.java:infoOrTrace(137)) - s2@group-54B4F2458EED-LeaderElection307 got exception when requesting votes: java.util.concurrent.ExecutionException: org.apache.ratis.thirdparty.io.grpc.StatusRuntimeException: INTERNAL: s1@group-54B4F2458EED is not in [RUNNING]: current state is CLOSED
2022-06-29 11:33:18,732 INFO  impl.LeaderElection (LeaderElection.java:logAndReturn(90)) - s2@group-54B4F2458EED-LeaderElection307: PRE_VOTE REJECTED received 0 response(s) and 2 exception(s):
2022-06-29 11:33:18,732 INFO  impl.LeaderElection (LogUtils.java:infoOrTrace(137)) -   Exception 0: java.util.concurrent.ExecutionException: org.apache.ratis.thirdparty.io.grpc.StatusRuntimeException: INTERNAL: s0@group-54B4F2458EED is not in [RUNNING]: current state is CLOSED
2022-06-29 11:33:18,732 INFO  impl.LeaderElection (LogUtils.java:infoOrTrace(137)) -   Exception 1: java.util.concurrent.ExecutionException: org.apache.ratis.thirdparty.io.grpc.StatusRuntimeException: INTERNAL: s1@group-54B4F2458EED is not in [RUNNING]: current state is CLOSED
2022-06-29 11:33:18,733 INFO  impl.LeaderElection (LeaderElection.java:askForVotes(312)) - s2@group-54B4F2458EED-LeaderElection307 PRE_VOTE round 0: result REJECTED
2022-06-29 11:33:18,733 INFO  server.RaftServer$Division (RaftServerImpl.java:setRole(299)) - s2@group-54B4F2458EED: changes role from CANDIDATE to FOLLOWER at term 3 for REJECTED
2022-06-29 11:33:18,733 INFO  impl.RoleInfo (RoleInfo.java:shutdownLeaderElection(130)) - s2: shutdown s2@group-54B4F2458EED-LeaderElection307
2022-06-29 11:33:18,736 INFO  impl.RoleInfo (RoleInfo.java:updateAndGet(139)) - s2: start s2@group-54B4F2458EED-FollowerState
2022-06-29 11:33:18,900 INFO  impl.FollowerState (FollowerState.java:run(143)) - s2@group-54B4F2458EED-FollowerState: change to CANDIDATE, lastRpcElapsedTime:163760735ns, electionTimeout:162ms
2022-06-29 11:33:18,900 INFO  impl.RoleInfo (RoleInfo.java:shutdownFollowerState(110)) - s2: shutdown s2@group-54B4F2458EED-FollowerState
2022-06-29 11:33:18,900 INFO  server.RaftServer$Division (RaftServerImpl.java:setRole(299)) - s2@group-54B4F2458EED: changes role from  FOLLOWER to CANDIDATE at term 3 for changeToCandidate
2022-06-29 11:33:18,900 INFO  server.RaftServerConfigKeys (ConfUtils.java:logGet(46)) - raft.server.leaderelection.pre-vote = true (default)
2022-06-29 11:33:18,900 INFO  impl.RoleInfo (RoleInfo.java:updateAndGet(139)) - s2: start s2@group-54B4F2458EED-LeaderElection308
2022-06-29 11:33:18,902 INFO  impl.LeaderElection (LeaderElection.java:askForVotes(310)) - s2@group-54B4F2458EED-LeaderElection308 PRE_VOTE round 0: submit vote requests at term 3 for 28: [s0|rpc:localhost:46515|admin:localhost:40757|client:localhost:41939|dataStream:localhost:35593|priority:0, s1|rpc:localhost:34095|admin:localhost:43151|client:localhost:36051|dataStream:localhost:38995|priority:0, s2|rpc:localhost:40453|admin:localhost:33947|client:localhost:38503|dataStream:localhost:42009|priority:0], old=null
2022-06-29 11:33:18,906 INFO  server.RaftServer$Division (RaftServerImpl.java:requestVote(1152)) - s0@group-54B4F2458EED: receive requestVote(PRE_VOTE, s2, group-54B4F2458EED, 3, (t:3, i:31))
2022-06-29 11:33:18,906 WARN  server.GrpcServerProtocolService (LogUtils.java:warn(122)) - s0: Failed requestVote s2->s0#0: org.apache.ratis.protocol.exceptions.ServerNotReadyException: s0@group-54B4F2458EED is not in [RUNNING]: current state is CLOSED
2022-06-29 11:33:18,907 INFO  server.RaftServer$Division (RaftServerImpl.java:requestVote(1152)) - s1@group-54B4F2458EED: receive requestVote(PRE_VOTE, s2, group-54B4F2458EED, 3, (t:3, i:31))
2022-06-29 11:33:18,907 WARN  server.GrpcServerProtocolService (LogUtils.java:warn(122)) - s1: Failed requestVote s2->s1#0: org.apache.ratis.protocol.exceptions.ServerNotReadyException: s1@group-54B4F2458EED is not in [RUNNING]: current state is CLOSED
2022-06-29 11:33:18,908 INFO  impl.LeaderElection (LogUtils.java:infoOrTrace(137)) - s2@group-54B4F2458EED-LeaderElection308 got exception when requesting votes: java.util.concurrent.ExecutionException: org.apache.ratis.thirdparty.io.grpc.StatusRuntimeException: INTERNAL: s0@group-54B4F2458EED is not in [RUNNING]: current state is CLOSED
2022-06-29 11:33:18,908 INFO  impl.LeaderElection (LogUtils.java:infoOrTrace(137)) - s2@group-54B4F2458EED-LeaderElection308 got exception when requesting votes: java.util.concurrent.ExecutionException: org.apache.ratis.thirdparty.io.grpc.StatusRuntimeException: INTERNAL: s1@group-54B4F2458EED is not in [RUNNING]: current state is CLOSED
2022-06-29 11:33:18,908 INFO  impl.LeaderElection (LeaderElection.java:logAndReturn(90)) - s2@group-54B4F2458EED-LeaderElection308: PRE_VOTE REJECTED received 0 response(s) and 2 exception(s):
2022-06-29 11:33:18,908 INFO  impl.LeaderElection (LogUtils.java:infoOrTrace(137)) -   Exception 0: java.util.concurrent.ExecutionException: org.apache.ratis.thirdparty.io.grpc.StatusRuntimeException: INTERNAL: s0@group-54B4F2458EED is not in [RUNNING]: current state is CLOSED
2022-06-29 11:33:18,908 INFO  impl.LeaderElection (LogUtils.java:infoOrTrace(137)) -   Exception 1: java.util.concurrent.ExecutionException: org.apache.ratis.thirdparty.io.grpc.StatusRuntimeException: INTERNAL: s1@group-54B4F2458EED is not in [RUNNING]: current state is CLOSED
2022-06-29 11:33:18,909 INFO  impl.LeaderElection (LeaderElection.java:askForVotes(312)) - s2@group-54B4F2458EED-LeaderElection308 PRE_VOTE round 0: result REJECTED
2022-06-29 11:33:18,909 INFO  server.RaftServer$Division (RaftServerImpl.java:setRole(299)) - s2@group-54B4F2458EED: changes role from CANDIDATE to FOLLOWER at term 3 for REJECTED
2022-06-29 11:33:18,909 INFO  impl.RoleInfo (RoleInfo.java:shutdownLeaderElection(130)) - s2: shutdown s2@group-54B4F2458EED-LeaderElection308
2022-06-29 11:33:18,909 INFO  impl.RoleInfo (RoleInfo.java:updateAndGet(139)) - s2: start s2@group-54B4F2458EED-FollowerState
2022-06-29 11:33:19,155 INFO  impl.FollowerState (FollowerState.java:run(143)) - s2@group-54B4F2458EED-FollowerState: change to CANDIDATE, lastRpcElapsedTime:246029953ns, electionTimeout:244ms
2022-06-29 11:33:19,155 INFO  impl.RoleInfo (RoleInfo.java:shutdownFollowerState(110)) - s2: shutdown s2@group-54B4F2458EED-FollowerState
2022-06-29 11:33:19,155 INFO  server.RaftServer$Division (RaftServerImpl.java:setRole(299)) - s2@group-54B4F2458EED: changes role from  FOLLOWER to CANDIDATE at term 3 for changeToCandidate
2022-06-29 11:33:19,155 INFO  server.RaftServerConfigKeys (ConfUtils.java:logGet(46)) - raft.server.leaderelection.pre-vote = true (default)
2022-06-29 11:33:19,156 INFO  impl.RoleInfo (RoleInfo.java:updateAndGet(139)) - s2: start s2@group-54B4F2458EED-LeaderElection309
2022-06-29 11:33:19,156 INFO  impl.LeaderElection (LeaderElection.java:askForVotes(310)) - s2@group-54B4F2458EED-LeaderElection309 PRE_VOTE round 0: submit vote requests at term 3 for 28: [s0|rpc:localhost:46515|admin:localhost:40757|client:localhost:41939|dataStream:localhost:35593|priority:0, s1|rpc:localhost:34095|admin:localhost:43151|client:localhost:36051|dataStream:localhost:38995|priority:0, s2|rpc:localhost:40453|admin:localhost:33947|client:localhost:38503|dataStream:localhost:42009|priority:0], old=null
2022-06-29 11:33:19,160 INFO  server.RaftServer$Division (RaftServerImpl.java:requestVote(1152)) - s0@group-54B4F2458EED: receive requestVote(PRE_VOTE, s2, group-54B4F2458EED, 3, (t:3, i:31))
2022-06-29 11:33:19,160 WARN  server.GrpcServerProtocolService (LogUtils.java:warn(122)) - s0: Failed requestVote s2->s0#0: org.apache.ratis.protocol.exceptions.ServerNotReadyException: s0@group-54B4F2458EED is not in [RUNNING]: current state is CLOSED
2022-06-29 11:33:19,160 INFO  server.RaftServer$Division (RaftServerImpl.java:requestVote(1152)) - s1@group-54B4F2458EED: receive requestVote(PRE_VOTE, s2, group-54B4F2458EED, 3, (t:3, i:31))
2022-06-29 11:33:19,160 WARN  server.GrpcServerProtocolService (LogUtils.java:warn(122)) - s1: Failed requestVote s2->s1#0: org.apache.ratis.protocol.exceptions.ServerNotReadyException: s1@group-54B4F2458EED is not in [RUNNING]: current state is CLOSED
2022-06-29 11:33:19,164 INFO  impl.LeaderElection (LogUtils.java:infoOrTrace(137)) - s2@group-54B4F2458EED-LeaderElection309 got exception when requesting votes: java.util.concurrent.ExecutionException: org.apache.ratis.thirdparty.io.grpc.StatusRuntimeException: INTERNAL: s1@group-54B4F2458EED is not in [RUNNING]: current state is CLOSED
2022-06-29 11:33:19,165 INFO  impl.LeaderElection (LogUtils.java:infoOrTrace(137)) - s2@group-54B4F2458EED-LeaderElection309 got exception when requesting votes: java.util.concurrent.ExecutionException: org.apache.ratis.thirdparty.io.grpc.StatusRuntimeException: INTERNAL: s0@group-54B4F2458EED is not in [RUNNING]: current state is CLOSED
2022-06-29 11:33:19,165 INFO  impl.LeaderElection (LeaderElection.java:logAndReturn(90)) - s2@group-54B4F2458EED-LeaderElection309: PRE_VOTE REJECTED received 0 response(s) and 2 exception(s):
2022-06-29 11:33:19,165 INFO  impl.LeaderElection (LogUtils.java:infoOrTrace(137)) -   Exception 0: java.util.concurrent.ExecutionException: org.apache.ratis.thirdparty.io.grpc.StatusRuntimeException: INTERNAL: s1@group-54B4F2458EED is not in [RUNNING]: current state is CLOSED
2022-06-29 11:33:19,165 INFO  impl.LeaderElection (LogUtils.java:infoOrTrace(137)) -   Exception 1: java.util.concurrent.ExecutionException: org.apache.ratis.thirdparty.io.grpc.StatusRuntimeException: INTERNAL: s0@group-54B4F2458EED is not in [RUNNING]: current state is CLOSED
2022-06-29 11:33:19,172 INFO  impl.LeaderElection (LeaderElection.java:askForVotes(312)) - s2@group-54B4F2458EED-LeaderElection309 PRE_VOTE round 0: result REJECTED
2022-06-29 11:33:19,172 INFO  server.RaftServer$Division (RaftServerImpl.java:setRole(299)) - s2@group-54B4F2458EED: changes role from CANDIDATE to FOLLOWER at term 3 for REJECTED
2022-06-29 11:33:19,172 INFO  impl.RoleInfo (RoleInfo.java:shutdownLeaderElection(130)) - s2: shutdown s2@group-54B4F2458EED-LeaderElection309
2022-06-29 11:33:19,173 INFO  impl.RoleInfo (RoleInfo.java:updateAndGet(139)) - s2: start s2@group-54B4F2458EED-FollowerState
2022-06-29 11:33:19,350 INFO  impl.FollowerState (FollowerState.java:run(143)) - s2@group-54B4F2458EED-FollowerState: change to CANDIDATE, lastRpcElapsedTime:176691491ns, electionTimeout:176ms
2022-06-29 11:33:19,350 INFO  impl.RoleInfo (RoleInfo.java:shutdownFollowerState(110)) - s2: shutdown s2@group-54B4F2458EED-FollowerState
2022-06-29 11:33:19,350 INFO  server.RaftServer$Division (RaftServerImpl.java:setRole(299)) - s2@group-54B4F2458EED: changes role from  FOLLOWER to CANDIDATE at term 3 for changeToCandidate
2022-06-29 11:33:19,350 INFO  server.RaftServerConfigKeys (ConfUtils.java:logGet(46)) - raft.server.leaderelection.pre-vote = true (default)
2022-06-29 11:33:19,350 INFO  impl.RoleInfo (RoleInfo.java:updateAndGet(139)) - s2: start s2@group-54B4F2458EED-LeaderElection310
2022-06-29 11:33:19,351 INFO  impl.LeaderElection (LeaderElection.java:askForVotes(310)) - s2@group-54B4F2458EED-LeaderElection310 PRE_VOTE round 0: submit vote requests at term 3 for 28: [s0|rpc:localhost:46515|admin:localhost:40757|client:localhost:41939|dataStream:localhost:35593|priority:0, s1|rpc:localhost:34095|admin:localhost:43151|client:localhost:36051|dataStream:localhost:38995|priority:0, s2|rpc:localhost:40453|admin:localhost:33947|client:localhost:38503|dataStream:localhost:42009|priority:0], old=null
2022-06-29 11:33:19,358 INFO  server.RaftServer$Division (RaftServerImpl.java:requestVote(1152)) - s0@group-54B4F2458EED: receive requestVote(PRE_VOTE, s2, group-54B4F2458EED, 3, (t:3, i:31))
2022-06-29 11:33:19,358 WARN  server.GrpcServerProtocolService (LogUtils.java:warn(122)) - s0: Failed requestVote s2->s0#0: org.apache.ratis.protocol.exceptions.ServerNotReadyException: s0@group-54B4F2458EED is not in [RUNNING]: current state is CLOSED
2022-06-29 11:33:19,360 INFO  server.RaftServer$Division (RaftServerImpl.java:requestVote(1152)) - s1@group-54B4F2458EED: receive requestVote(PRE_VOTE, s2, group-54B4F2458EED, 3, (t:3, i:31))
2022-06-29 11:33:19,360 WARN  server.GrpcServerProtocolService (LogUtils.java:warn(122)) - s1: Failed requestVote s2->s1#0: org.apache.ratis.protocol.exceptions.ServerNotReadyException: s1@group-54B4F2458EED is not in [RUNNING]: current state is CLOSED
2022-06-29 11:33:19,360 INFO  impl.LeaderElection (LogUtils.java:infoOrTrace(137)) - s2@group-54B4F2458EED-LeaderElection310 got exception when requesting votes: java.util.concurrent.ExecutionException: org.apache.ratis.thirdparty.io.grpc.StatusRuntimeException: INTERNAL: s0@group-54B4F2458EED is not in [RUNNING]: current state is CLOSED
2022-06-29 11:33:19,360 INFO  impl.LeaderElection (LogUtils.java:infoOrTrace(137)) - s2@group-54B4F2458EED-LeaderElection310 got exception when requesting votes: java.util.concurrent.ExecutionException: org.apache.ratis.thirdparty.io.grpc.StatusRuntimeException: INTERNAL: s1@group-54B4F2458EED is not in [RUNNING]: current state is CLOSED
2022-06-29 11:33:19,361 INFO  impl.LeaderElection (LeaderElection.java:logAndReturn(90)) - s2@group-54B4F2458EED-LeaderElection310: PRE_VOTE REJECTED received 0 response(s) and 2 exception(s):
2022-06-29 11:33:19,361 INFO  impl.LeaderElection (LogUtils.java:infoOrTrace(137)) -   Exception 0: java.util.concurrent.ExecutionException: org.apache.ratis.thirdparty.io.grpc.StatusRuntimeException: INTERNAL: s0@group-54B4F2458EED is not in [RUNNING]: current state is CLOSED
2022-06-29 11:33:19,361 INFO  impl.LeaderElection (LogUtils.java:infoOrTrace(137)) -   Exception 1: java.util.concurrent.ExecutionException: org.apache.ratis.thirdparty.io.grpc.StatusRuntimeException: INTERNAL: s1@group-54B4F2458EED is not in [RUNNING]: current state is CLOSED
2022-06-29 11:33:19,361 INFO  impl.LeaderElection (LeaderElection.java:askForVotes(312)) - s2@group-54B4F2458EED-LeaderElection310 PRE_VOTE round 0: result REJECTED
2022-06-29 11:33:19,361 INFO  server.RaftServer$Division (RaftServerImpl.java:setRole(299)) - s2@group-54B4F2458EED: changes role from CANDIDATE to FOLLOWER at term 3 for REJECTED
2022-06-29 11:33:19,361 INFO  impl.RoleInfo (RoleInfo.java:shutdownLeaderElection(130)) - s2: shutdown s2@group-54B4F2458EED-LeaderElection310
2022-06-29 11:33:19,362 INFO  impl.RoleInfo (RoleInfo.java:updateAndGet(139)) - s2: start s2@group-54B4F2458EED-FollowerState
2022-06-29 11:33:19,663 INFO  impl.FollowerState (FollowerState.java:run(143)) - s2@group-54B4F2458EED-FollowerState: change to CANDIDATE, lastRpcElapsedTime:301265634ns, electionTimeout:300ms
2022-06-29 11:33:19,663 INFO  impl.RoleInfo (RoleInfo.java:shutdownFollowerState(110)) - s2: shutdown s2@group-54B4F2458EED-FollowerState
2022-06-29 11:33:19,663 INFO  server.RaftServer$Division (RaftServerImpl.java:setRole(299)) - s2@group-54B4F2458EED: changes role from  FOLLOWER to CANDIDATE at term 3 for changeToCandidate
2022-06-29 11:33:19,664 INFO  server.RaftServerConfigKeys (ConfUtils.java:logGet(46)) - raft.server.leaderelection.pre-vote = true (default)
2022-06-29 11:33:19,664 INFO  impl.RoleInfo (RoleInfo.java:updateAndGet(139)) - s2: start s2@group-54B4F2458EED-LeaderElection311
2022-06-29 11:33:19,665 INFO  impl.LeaderElection (LeaderElection.java:askForVotes(310)) - s2@group-54B4F2458EED-LeaderElection311 PRE_VOTE round 0: submit vote requests at term 3 for 28: [s0|rpc:localhost:46515|admin:localhost:40757|client:localhost:41939|dataStream:localhost:35593|priority:0, s1|rpc:localhost:34095|admin:localhost:43151|client:localhost:36051|dataStream:localhost:38995|priority:0, s2|rpc:localhost:40453|admin:localhost:33947|client:localhost:38503|dataStream:localhost:42009|priority:0], old=null
2022-06-29 11:33:19,669 INFO  server.RaftServer$Division (RaftServerImpl.java:requestVote(1152)) - s0@group-54B4F2458EED: receive requestVote(PRE_VOTE, s2, group-54B4F2458EED, 3, (t:3, i:31))
2022-06-29 11:33:19,669 WARN  server.GrpcServerProtocolService (LogUtils.java:warn(122)) - s0: Failed requestVote s2->s0#0: org.apache.ratis.protocol.exceptions.ServerNotReadyException: s0@group-54B4F2458EED is not in [RUNNING]: current state is CLOSED
2022-06-29 11:33:19,671 INFO  impl.LeaderElection (LogUtils.java:infoOrTrace(137)) - s2@group-54B4F2458EED-LeaderElection311 got exception when requesting votes: java.util.concurrent.ExecutionException: org.apache.ratis.thirdparty.io.grpc.StatusRuntimeException: INTERNAL: s0@group-54B4F2458EED is not in [RUNNING]: current state is CLOSED
2022-06-29 11:33:19,672 INFO  server.RaftServer$Division (RaftServerImpl.java:requestVote(1152)) - s1@group-54B4F2458EED: receive requestVote(PRE_VOTE, s2, group-54B4F2458EED, 3, (t:3, i:31))
2022-06-29 11:33:19,672 WARN  server.GrpcServerProtocolService (LogUtils.java:warn(122)) - s1: Failed requestVote s2->s1#0: org.apache.ratis.protocol.exceptions.ServerNotReadyException: s1@group-54B4F2458EED is not in [RUNNING]: current state is CLOSED
2022-06-29 11:33:19,674 INFO  impl.LeaderElection (LogUtils.java:infoOrTrace(137)) - s2@group-54B4F2458EED-LeaderElection311 got exception when requesting votes: java.util.concurrent.ExecutionException: org.apache.ratis.thirdparty.io.grpc.StatusRuntimeException: INTERNAL: s1@group-54B4F2458EED is not in [RUNNING]: current state is CLOSED
2022-06-29 11:33:19,674 INFO  impl.LeaderElection (LeaderElection.java:logAndReturn(90)) - s2@group-54B4F2458EED-LeaderElection311: PRE_VOTE REJECTED received 0 response(s) and 2 exception(s):
2022-06-29 11:33:19,674 INFO  impl.LeaderElection (LogUtils.java:infoOrTrace(137)) -   Exception 0: java.util.concurrent.ExecutionException: org.apache.ratis.thirdparty.io.grpc.StatusRuntimeException: INTERNAL: s0@group-54B4F2458EED is not in [RUNNING]: current state is CLOSED
2022-06-29 11:33:19,674 INFO  impl.LeaderElection (LogUtils.java:infoOrTrace(137)) -   Exception 1: java.util.concurrent.ExecutionException: org.apache.ratis.thirdparty.io.grpc.StatusRuntimeException: INTERNAL: s1@group-54B4F2458EED is not in [RUNNING]: current state is CLOSED
2022-06-29 11:33:19,675 INFO  impl.LeaderElection (LeaderElection.java:askForVotes(312)) - s2@group-54B4F2458EED-LeaderElection311 PRE_VOTE round 0: result REJECTED
2022-06-29 11:33:19,675 INFO  server.RaftServer$Division (RaftServerImpl.java:setRole(299)) - s2@group-54B4F2458EED: changes role from CANDIDATE to FOLLOWER at term 3 for REJECTED
2022-06-29 11:33:19,676 INFO  impl.RoleInfo (RoleInfo.java:shutdownLeaderElection(130)) - s2: shutdown s2@group-54B4F2458EED-LeaderElection311
2022-06-29 11:33:19,676 INFO  impl.RoleInfo (RoleInfo.java:updateAndGet(139)) - s2: start s2@group-54B4F2458EED-FollowerState
2022-06-29 11:33:19,858 INFO  impl.FollowerState (FollowerState.java:run(143)) - s2@group-54B4F2458EED-FollowerState: change to CANDIDATE, lastRpcElapsedTime:182738965ns, electionTimeout:182ms
2022-06-29 11:33:19,858 INFO  impl.RoleInfo (RoleInfo.java:shutdownFollowerState(110)) - s2: shutdown s2@group-54B4F2458EED-FollowerState
2022-06-29 11:33:19,858 INFO  server.RaftServer$Division (RaftServerImpl.java:setRole(299)) - s2@group-54B4F2458EED: changes role from  FOLLOWER to CANDIDATE at term 3 for changeToCandidate
2022-06-29 11:33:19,860 INFO  server.RaftServerConfigKeys (ConfUtils.java:logGet(46)) - raft.server.leaderelection.pre-vote = true (default)
2022-06-29 11:33:19,860 INFO  impl.RoleInfo (RoleInfo.java:updateAndGet(139)) - s2: start s2@group-54B4F2458EED-LeaderElection312
2022-06-29 11:33:19,861 INFO  impl.LeaderElection (LeaderElection.java:askForVotes(310)) - s2@group-54B4F2458EED-LeaderElection312 PRE_VOTE round 0: submit vote requests at term 3 for 28: [s0|rpc:localhost:46515|admin:localhost:40757|client:localhost:41939|dataStream:localhost:35593|priority:0, s1|rpc:localhost:34095|admin:localhost:43151|client:localhost:36051|dataStream:localhost:38995|priority:0, s2|rpc:localhost:40453|admin:localhost:33947|client:localhost:38503|dataStream:localhost:42009|priority:0], old=null
2022-06-29 11:33:19,865 INFO  server.RaftServer$Division (RaftServerImpl.java:requestVote(1152)) - s0@group-54B4F2458EED: receive requestVote(PRE_VOTE, s2, group-54B4F2458EED, 3, (t:3, i:31))
2022-06-29 11:33:19,865 WARN  server.GrpcServerProtocolService (LogUtils.java:warn(122)) - s0: Failed requestVote s2->s0#0: org.apache.ratis.protocol.exceptions.ServerNotReadyException: s0@group-54B4F2458EED is not in [RUNNING]: current state is CLOSED
2022-06-29 11:33:19,866 INFO  server.RaftServer$Division (RaftServerImpl.java:requestVote(1152)) - s1@group-54B4F2458EED: receive requestVote(PRE_VOTE, s2, group-54B4F2458EED, 3, (t:3, i:31))
2022-06-29 11:33:19,866 WARN  server.GrpcServerProtocolService (LogUtils.java:warn(122)) - s1: Failed requestVote s2->s1#0: org.apache.ratis.protocol.exceptions.ServerNotReadyException: s1@group-54B4F2458EED is not in [RUNNING]: current state is CLOSED
2022-06-29 11:33:19,867 INFO  impl.LeaderElection (LogUtils.java:infoOrTrace(137)) - s2@group-54B4F2458EED-LeaderElection312 got exception when requesting votes: java.util.concurrent.ExecutionException: org.apache.ratis.thirdparty.io.grpc.StatusRuntimeException: INTERNAL: s0@group-54B4F2458EED is not in [RUNNING]: current state is CLOSED
2022-06-29 11:33:19,867 INFO  impl.LeaderElection (LogUtils.java:infoOrTrace(137)) - s2@group-54B4F2458EED-LeaderElection312 got exception when requesting votes: java.util.concurrent.ExecutionException: org.apache.ratis.thirdparty.io.grpc.StatusRuntimeException: INTERNAL: s1@group-54B4F2458EED is not in [RUNNING]: current state is CLOSED
2022-06-29 11:33:19,867 INFO  impl.LeaderElection (LeaderElection.java:logAndReturn(90)) - s2@group-54B4F2458EED-LeaderElection312: PRE_VOTE REJECTED received 0 response(s) and 2 exception(s):
2022-06-29 11:33:19,867 INFO  impl.LeaderElection (LogUtils.java:infoOrTrace(137)) -   Exception 0: java.util.concurrent.ExecutionException: org.apache.ratis.thirdparty.io.grpc.StatusRuntimeException: INTERNAL: s0@group-54B4F2458EED is not in [RUNNING]: current state is CLOSED
2022-06-29 11:33:19,867 INFO  impl.LeaderElection (LogUtils.java:infoOrTrace(137)) -   Exception 1: java.util.concurrent.ExecutionException: org.apache.ratis.thirdparty.io.grpc.StatusRuntimeException: INTERNAL: s1@group-54B4F2458EED is not in [RUNNING]: current state is CLOSED
2022-06-29 11:33:19,871 INFO  impl.LeaderElection (LeaderElection.java:askForVotes(312)) - s2@group-54B4F2458EED-LeaderElection312 PRE_VOTE round 0: result REJECTED
2022-06-29 11:33:19,871 INFO  server.RaftServer$Division (RaftServerImpl.java:setRole(299)) - s2@group-54B4F2458EED: changes role from CANDIDATE to FOLLOWER at term 3 for REJECTED
2022-06-29 11:33:19,871 INFO  impl.RoleInfo (RoleInfo.java:shutdownLeaderElection(130)) - s2: shutdown s2@group-54B4F2458EED-LeaderElection312
2022-06-29 11:33:19,871 INFO  impl.RoleInfo (RoleInfo.java:updateAndGet(139)) - s2: start s2@group-54B4F2458EED-FollowerState
2022-06-29 11:33:20,096 INFO  impl.FollowerState (FollowerState.java:run(143)) - s2@group-54B4F2458EED-FollowerState: change to CANDIDATE, lastRpcElapsedTime:225162589ns, electionTimeout:224ms
2022-06-29 11:33:20,096 INFO  impl.RoleInfo (RoleInfo.java:shutdownFollowerState(110)) - s2: shutdown s2@group-54B4F2458EED-FollowerState
2022-06-29 11:33:20,096 INFO  server.RaftServer$Division (RaftServerImpl.java:setRole(299)) - s2@group-54B4F2458EED: changes role from  FOLLOWER to CANDIDATE at term 3 for changeToCandidate
2022-06-29 11:33:20,097 INFO  server.RaftServerConfigKeys (ConfUtils.java:logGet(46)) - raft.server.leaderelection.pre-vote = true (default)
2022-06-29 11:33:20,097 INFO  impl.RoleInfo (RoleInfo.java:updateAndGet(139)) - s2: start s2@group-54B4F2458EED-LeaderElection313
2022-06-29 11:33:20,099 INFO  impl.LeaderElection (LeaderElection.java:askForVotes(310)) - s2@group-54B4F2458EED-LeaderElection313 PRE_VOTE round 0: submit vote requests at term 3 for 28: [s0|rpc:localhost:46515|admin:localhost:40757|client:localhost:41939|dataStream:localhost:35593|priority:0, s1|rpc:localhost:34095|admin:localhost:43151|client:localhost:36051|dataStream:localhost:38995|priority:0, s2|rpc:localhost:40453|admin:localhost:33947|client:localhost:38503|dataStream:localhost:42009|priority:0], old=null
2022-06-29 11:33:20,109 INFO  server.RaftServer$Division (RaftServerImpl.java:requestVote(1152)) - s0@group-54B4F2458EED: receive requestVote(PRE_VOTE, s2, group-54B4F2458EED, 3, (t:3, i:31))
2022-06-29 11:33:20,109 WARN  server.GrpcServerProtocolService (LogUtils.java:warn(122)) - s0: Failed requestVote s2->s0#0: org.apache.ratis.protocol.exceptions.ServerNotReadyException: s0@group-54B4F2458EED is not in [RUNNING]: current state is CLOSED
2022-06-29 11:33:20,116 INFO  impl.LeaderElection (LogUtils.java:infoOrTrace(137)) - s2@group-54B4F2458EED-LeaderElection313 got exception when requesting votes: java.util.concurrent.ExecutionException: org.apache.ratis.thirdparty.io.grpc.StatusRuntimeException: INTERNAL: s0@group-54B4F2458EED is not in [RUNNING]: current state is CLOSED
2022-06-29 11:33:20,120 INFO  server.RaftServer$Division (RaftServerImpl.java:requestVote(1152)) - s1@group-54B4F2458EED: receive requestVote(PRE_VOTE, s2, group-54B4F2458EED, 3, (t:3, i:31))
2022-06-29 11:33:20,120 WARN  server.GrpcServerProtocolService (LogUtils.java:warn(122)) - s1: Failed requestVote s2->s1#0: org.apache.ratis.protocol.exceptions.ServerNotReadyException: s1@group-54B4F2458EED is not in [RUNNING]: current state is CLOSED
2022-06-29 11:33:20,130 INFO  impl.LeaderElection (LogUtils.java:infoOrTrace(137)) - s2@group-54B4F2458EED-LeaderElection313 got exception when requesting votes: java.util.concurrent.ExecutionException: org.apache.ratis.thirdparty.io.grpc.StatusRuntimeException: INTERNAL: s1@group-54B4F2458EED is not in [RUNNING]: current state is CLOSED
2022-06-29 11:33:20,130 INFO  impl.LeaderElection (LeaderElection.java:logAndReturn(90)) - s2@group-54B4F2458EED-LeaderElection313: PRE_VOTE REJECTED received 0 response(s) and 2 exception(s):
2022-06-29 11:33:20,130 INFO  impl.LeaderElection (LogUtils.java:infoOrTrace(137)) -   Exception 0: java.util.concurrent.ExecutionException: org.apache.ratis.thirdparty.io.grpc.StatusRuntimeException: INTERNAL: s0@group-54B4F2458EED is not in [RUNNING]: current state is CLOSED
2022-06-29 11:33:20,130 INFO  impl.LeaderElection (LogUtils.java:infoOrTrace(137)) -   Exception 1: java.util.concurrent.ExecutionException: org.apache.ratis.thirdparty.io.grpc.StatusRuntimeException: INTERNAL: s1@group-54B4F2458EED is not in [RUNNING]: current state is CLOSED
2022-06-29 11:33:20,131 INFO  impl.LeaderElection (LeaderElection.java:askForVotes(312)) - s2@group-54B4F2458EED-LeaderElection313 PRE_VOTE round 0: result REJECTED
2022-06-29 11:33:20,131 INFO  server.RaftServer$Division (RaftServerImpl.java:setRole(299)) - s2@group-54B4F2458EED: changes role from CANDIDATE to FOLLOWER at term 3 for REJECTED
2022-06-29 11:33:20,131 INFO  impl.RoleInfo (RoleInfo.java:shutdownLeaderElection(130)) - s2: shutdown s2@group-54B4F2458EED-LeaderElection313
2022-06-29 11:33:20,131 INFO  impl.RoleInfo (RoleInfo.java:updateAndGet(139)) - s2: start s2@group-54B4F2458EED-FollowerState
2022-06-29 11:33:20,405 INFO  impl.FollowerState (FollowerState.java:run(143)) - s2@group-54B4F2458EED-FollowerState: change to CANDIDATE, lastRpcElapsedTime:274674496ns, electionTimeout:273ms
2022-06-29 11:33:20,406 INFO  impl.RoleInfo (RoleInfo.java:shutdownFollowerState(110)) - s2: shutdown s2@group-54B4F2458EED-FollowerState
2022-06-29 11:33:20,406 INFO  server.RaftServer$Division (RaftServerImpl.java:setRole(299)) - s2@group-54B4F2458EED: changes role from  FOLLOWER to CANDIDATE at term 3 for changeToCandidate
2022-06-29 11:33:20,406 INFO  server.RaftServerConfigKeys (ConfUtils.java:logGet(46)) - raft.server.leaderelection.pre-vote = true (default)
2022-06-29 11:33:20,406 INFO  impl.RoleInfo (RoleInfo.java:updateAndGet(139)) - s2: start s2@group-54B4F2458EED-LeaderElection314
2022-06-29 11:33:20,409 INFO  impl.LeaderElection (LeaderElection.java:askForVotes(310)) - s2@group-54B4F2458EED-LeaderElection314 PRE_VOTE round 0: submit vote requests at term 3 for 28: [s0|rpc:localhost:46515|admin:localhost:40757|client:localhost:41939|dataStream:localhost:35593|priority:0, s1|rpc:localhost:34095|admin:localhost:43151|client:localhost:36051|dataStream:localhost:38995|priority:0, s2|rpc:localhost:40453|admin:localhost:33947|client:localhost:38503|dataStream:localhost:42009|priority:0], old=null
2022-06-29 11:33:20,412 INFO  server.RaftServer$Division (RaftServerImpl.java:requestVote(1152)) - s0@group-54B4F2458EED: receive requestVote(PRE_VOTE, s2, group-54B4F2458EED, 3, (t:3, i:31))
2022-06-29 11:33:20,412 INFO  server.RaftServer$Division (RaftServerImpl.java:requestVote(1152)) - s1@group-54B4F2458EED: receive requestVote(PRE_VOTE, s2, group-54B4F2458EED, 3, (t:3, i:31))
2022-06-29 11:33:20,413 WARN  server.GrpcServerProtocolService (LogUtils.java:warn(122)) - s0: Failed requestVote s2->s0#0: org.apache.ratis.protocol.exceptions.ServerNotReadyException: s0@group-54B4F2458EED is not in [RUNNING]: current state is CLOSED
2022-06-29 11:33:20,413 WARN  server.GrpcServerProtocolService (LogUtils.java:warn(122)) - s1: Failed requestVote s2->s1#0: org.apache.ratis.protocol.exceptions.ServerNotReadyException: s1@group-54B4F2458EED is not in [RUNNING]: current state is CLOSED
2022-06-29 11:33:20,415 INFO  impl.LeaderElection (LogUtils.java:infoOrTrace(137)) - s2@group-54B4F2458EED-LeaderElection314 got exception when requesting votes: java.util.concurrent.ExecutionException: org.apache.ratis.thirdparty.io.grpc.StatusRuntimeException: INTERNAL: s0@group-54B4F2458EED is not in [RUNNING]: current state is CLOSED
2022-06-29 11:33:20,416 INFO  impl.LeaderElection (LogUtils.java:infoOrTrace(137)) - s2@group-54B4F2458EED-LeaderElection314 got exception when requesting votes: java.util.concurrent.ExecutionException: org.apache.ratis.thirdparty.io.grpc.StatusRuntimeException: INTERNAL: s1@group-54B4F2458EED is not in [RUNNING]: current state is CLOSED
2022-06-29 11:33:20,416 INFO  impl.LeaderElection (LeaderElection.java:logAndReturn(90)) - s2@group-54B4F2458EED-LeaderElection314: PRE_VOTE REJECTED received 0 response(s) and 2 exception(s):
2022-06-29 11:33:20,416 INFO  impl.LeaderElection (LogUtils.java:infoOrTrace(137)) -   Exception 0: java.util.concurrent.ExecutionException: org.apache.ratis.thirdparty.io.grpc.StatusRuntimeException: INTERNAL: s0@group-54B4F2458EED is not in [RUNNING]: current state is CLOSED
2022-06-29 11:33:20,416 INFO  impl.LeaderElection (LogUtils.java:infoOrTrace(137)) -   Exception 1: java.util.concurrent.ExecutionException: org.apache.ratis.thirdparty.io.grpc.StatusRuntimeException: INTERNAL: s1@group-54B4F2458EED is not in [RUNNING]: current state is CLOSED
2022-06-29 11:33:20,417 INFO  impl.LeaderElection (LeaderElection.java:askForVotes(312)) - s2@group-54B4F2458EED-LeaderElection314 PRE_VOTE round 0: result REJECTED
2022-06-29 11:33:20,417 INFO  server.RaftServer$Division (RaftServerImpl.java:setRole(299)) - s2@group-54B4F2458EED: changes role from CANDIDATE to FOLLOWER at term 3 for REJECTED
2022-06-29 11:33:20,417 INFO  impl.RoleInfo (RoleInfo.java:shutdownLeaderElection(130)) - s2: shutdown s2@group-54B4F2458EED-LeaderElection314
2022-06-29 11:33:20,417 INFO  impl.RoleInfo (RoleInfo.java:updateAndGet(139)) - s2: start s2@group-54B4F2458EED-FollowerState
2022-06-29 11:33:20,698 INFO  impl.FollowerState (FollowerState.java:run(143)) - s2@group-54B4F2458EED-FollowerState: change to CANDIDATE, lastRpcElapsedTime:280601570ns, electionTimeout:279ms
2022-06-29 11:33:20,698 INFO  impl.RoleInfo (RoleInfo.java:shutdownFollowerState(110)) - s2: shutdown s2@group-54B4F2458EED-FollowerState
2022-06-29 11:33:20,698 INFO  server.RaftServer$Division (RaftServerImpl.java:setRole(299)) - s2@group-54B4F2458EED: changes role from  FOLLOWER to CANDIDATE at term 3 for changeToCandidate
2022-06-29 11:33:20,698 INFO  server.RaftServerConfigKeys (ConfUtils.java:logGet(46)) - raft.server.leaderelection.pre-vote = true (default)
2022-06-29 11:33:20,699 INFO  impl.RoleInfo (RoleInfo.java:updateAndGet(139)) - s2: start s2@group-54B4F2458EED-LeaderElection315
2022-06-29 11:33:20,700 INFO  impl.LeaderElection (LeaderElection.java:askForVotes(310)) - s2@group-54B4F2458EED-LeaderElection315 PRE_VOTE round 0: submit vote requests at term 3 for 28: [s0|rpc:localhost:46515|admin:localhost:40757|client:localhost:41939|dataStream:localhost:35593|priority:0, s1|rpc:localhost:34095|admin:localhost:43151|client:localhost:36051|dataStream:localhost:38995|priority:0, s2|rpc:localhost:40453|admin:localhost:33947|client:localhost:38503|dataStream:localhost:42009|priority:0], old=null
2022-06-29 11:33:20,704 INFO  server.RaftServer$Division (RaftServerImpl.java:requestVote(1152)) - s0@group-54B4F2458EED: receive requestVote(PRE_VOTE, s2, group-54B4F2458EED, 3, (t:3, i:31))
2022-06-29 11:33:20,705 WARN  server.GrpcServerProtocolService (LogUtils.java:warn(122)) - s0: Failed requestVote s2->s0#0: org.apache.ratis.protocol.exceptions.ServerNotReadyException: s0@group-54B4F2458EED is not in [RUNNING]: current state is CLOSED
2022-06-29 11:33:20,707 INFO  impl.LeaderElection (LogUtils.java:infoOrTrace(137)) - s2@group-54B4F2458EED-LeaderElection315 got exception when requesting votes: java.util.concurrent.ExecutionException: org.apache.ratis.thirdparty.io.grpc.StatusRuntimeException: INTERNAL: s0@group-54B4F2458EED is not in [RUNNING]: current state is CLOSED
2022-06-29 11:33:20,707 INFO  server.RaftServer$Division (RaftServerImpl.java:requestVote(1152)) - s1@group-54B4F2458EED: receive requestVote(PRE_VOTE, s2, group-54B4F2458EED, 3, (t:3, i:31))
2022-06-29 11:33:20,708 WARN  server.GrpcServerProtocolService (LogUtils.java:warn(122)) - s1: Failed requestVote s2->s1#0: org.apache.ratis.protocol.exceptions.ServerNotReadyException: s1@group-54B4F2458EED is not in [RUNNING]: current state is CLOSED
2022-06-29 11:33:20,710 INFO  impl.LeaderElection (LogUtils.java:infoOrTrace(137)) - s2@group-54B4F2458EED-LeaderElection315 got exception when requesting votes: java.util.concurrent.ExecutionException: org.apache.ratis.thirdparty.io.grpc.StatusRuntimeException: INTERNAL: s1@group-54B4F2458EED is not in [RUNNING]: current state is CLOSED
2022-06-29 11:33:20,710 INFO  impl.LeaderElection (LeaderElection.java:logAndReturn(90)) - s2@group-54B4F2458EED-LeaderElection315: PRE_VOTE REJECTED received 0 response(s) and 2 exception(s):
2022-06-29 11:33:20,710 INFO  impl.LeaderElection (LogUtils.java:infoOrTrace(137)) -   Exception 0: java.util.concurrent.ExecutionException: org.apache.ratis.thirdparty.io.grpc.StatusRuntimeException: INTERNAL: s0@group-54B4F2458EED is not in [RUNNING]: current state is CLOSED
2022-06-29 11:33:20,710 INFO  impl.LeaderElection (LogUtils.java:infoOrTrace(137)) -   Exception 1: java.util.concurrent.ExecutionException: org.apache.ratis.thirdparty.io.grpc.StatusRuntimeException: INTERNAL: s1@group-54B4F2458EED is not in [RUNNING]: current state is CLOSED
2022-06-29 11:33:20,710 INFO  impl.LeaderElection (LeaderElection.java:askForVotes(312)) - s2@group-54B4F2458EED-LeaderElection315 PRE_VOTE round 0: result REJECTED
2022-06-29 11:33:20,710 INFO  server.RaftServer$Division (RaftServerImpl.java:setRole(299)) - s2@group-54B4F2458EED: changes role from CANDIDATE to FOLLOWER at term 3 for REJECTED
2022-06-29 11:33:20,710 INFO  impl.RoleInfo (RoleInfo.java:shutdownLeaderElection(130)) - s2: shutdown s2@group-54B4F2458EED-LeaderElection315
2022-06-29 11:33:20,710 INFO  impl.RoleInfo (RoleInfo.java:updateAndGet(139)) - s2: start s2@group-54B4F2458EED-FollowerState
2022-06-29 11:33:21,011 INFO  impl.FollowerState (FollowerState.java:run(143)) - s2@group-54B4F2458EED-FollowerState: change to CANDIDATE, lastRpcElapsedTime:301277325ns, electionTimeout:299ms
2022-06-29 11:33:21,012 INFO  impl.RoleInfo (RoleInfo.java:shutdownFollowerState(110)) - s2: shutdown s2@group-54B4F2458EED-FollowerState
2022-06-29 11:33:21,012 INFO  server.RaftServer$Division (RaftServerImpl.java:setRole(299)) - s2@group-54B4F2458EED: changes role from  FOLLOWER to CANDIDATE at term 3 for changeToCandidate
2022-06-29 11:33:21,012 INFO  server.RaftServerConfigKeys (ConfUtils.java:logGet(46)) - raft.server.leaderelection.pre-vote = true (default)
2022-06-29 11:33:21,012 INFO  impl.RoleInfo (RoleInfo.java:updateAndGet(139)) - s2: start s2@group-54B4F2458EED-LeaderElection316
2022-06-29 11:33:21,014 INFO  impl.LeaderElection (LeaderElection.java:askForVotes(310)) - s2@group-54B4F2458EED-LeaderElection316 PRE_VOTE round 0: submit vote requests at term 3 for 28: [s0|rpc:localhost:46515|admin:localhost:40757|client:localhost:41939|dataStream:localhost:35593|priority:0, s1|rpc:localhost:34095|admin:localhost:43151|client:localhost:36051|dataStream:localhost:38995|priority:0, s2|rpc:localhost:40453|admin:localhost:33947|client:localhost:38503|dataStream:localhost:42009|priority:0], old=null
2022-06-29 11:33:21,017 INFO  server.RaftServer$Division (RaftServerImpl.java:requestVote(1152)) - s0@group-54B4F2458EED: receive requestVote(PRE_VOTE, s2, group-54B4F2458EED, 3, (t:3, i:31))
2022-06-29 11:33:21,018 WARN  server.GrpcServerProtocolService (LogUtils.java:warn(122)) - s0: Failed requestVote s2->s0#0: org.apache.ratis.protocol.exceptions.ServerNotReadyException: s0@group-54B4F2458EED is not in [RUNNING]: current state is CLOSED
2022-06-29 11:33:21,018 INFO  server.RaftServer$Division (RaftServerImpl.java:requestVote(1152)) - s1@group-54B4F2458EED: receive requestVote(PRE_VOTE, s2, group-54B4F2458EED, 3, (t:3, i:31))
2022-06-29 11:33:21,018 WARN  server.GrpcServerProtocolService (LogUtils.java:warn(122)) - s1: Failed requestVote s2->s1#0: org.apache.ratis.protocol.exceptions.ServerNotReadyException: s1@group-54B4F2458EED is not in [RUNNING]: current state is CLOSED
2022-06-29 11:33:21,020 INFO  impl.LeaderElection (LogUtils.java:infoOrTrace(137)) - s2@group-54B4F2458EED-LeaderElection316 got exception when requesting votes: java.util.concurrent.ExecutionException: org.apache.ratis.thirdparty.io.grpc.StatusRuntimeException: INTERNAL: s0@group-54B4F2458EED is not in [RUNNING]: current state is CLOSED
2022-06-29 11:33:21,020 INFO  impl.LeaderElection (LogUtils.java:infoOrTrace(137)) - s2@group-54B4F2458EED-LeaderElection316 got exception when requesting votes: java.util.concurrent.ExecutionException: org.apache.ratis.thirdparty.io.grpc.StatusRuntimeException: INTERNAL: s1@group-54B4F2458EED is not in [RUNNING]: current state is CLOSED
2022-06-29 11:33:21,020 INFO  impl.LeaderElection (LeaderElection.java:logAndReturn(90)) - s2@group-54B4F2458EED-LeaderElection316: PRE_VOTE REJECTED received 0 response(s) and 2 exception(s):
2022-06-29 11:33:21,020 INFO  impl.LeaderElection (LogUtils.java:infoOrTrace(137)) -   Exception 0: java.util.concurrent.ExecutionException: org.apache.ratis.thirdparty.io.grpc.StatusRuntimeException: INTERNAL: s0@group-54B4F2458EED is not in [RUNNING]: current state is CLOSED
2022-06-29 11:33:21,020 INFO  impl.LeaderElection (LogUtils.java:infoOrTrace(137)) -   Exception 1: java.util.concurrent.ExecutionException: org.apache.ratis.thirdparty.io.grpc.StatusRuntimeException: INTERNAL: s1@group-54B4F2458EED is not in [RUNNING]: current state is CLOSED
2022-06-29 11:33:21,020 INFO  impl.LeaderElection (LeaderElection.java:askForVotes(312)) - s2@group-54B4F2458EED-LeaderElection316 PRE_VOTE round 0: result REJECTED
2022-06-29 11:33:21,020 INFO  server.RaftServer$Division (RaftServerImpl.java:setRole(299)) - s2@group-54B4F2458EED: changes role from CANDIDATE to FOLLOWER at term 3 for REJECTED
2022-06-29 11:33:21,020 INFO  impl.RoleInfo (RoleInfo.java:shutdownLeaderElection(130)) - s2: shutdown s2@group-54B4F2458EED-LeaderElection316
2022-06-29 11:33:21,020 INFO  impl.RoleInfo (RoleInfo.java:updateAndGet(139)) - s2: start s2@group-54B4F2458EED-FollowerState
2022-06-29 11:33:21,235 INFO  impl.FollowerState (FollowerState.java:run(143)) - s2@group-54B4F2458EED-FollowerState: change to CANDIDATE, lastRpcElapsedTime:214581147ns, electionTimeout:214ms
2022-06-29 11:33:21,235 INFO  impl.RoleInfo (RoleInfo.java:shutdownFollowerState(110)) - s2: shutdown s2@group-54B4F2458EED-FollowerState
2022-06-29 11:33:21,235 INFO  server.RaftServer$Division (RaftServerImpl.java:setRole(299)) - s2@group-54B4F2458EED: changes role from  FOLLOWER to CANDIDATE at term 3 for changeToCandidate
2022-06-29 11:33:21,236 INFO  server.RaftServerConfigKeys (ConfUtils.java:logGet(46)) - raft.server.leaderelection.pre-vote = true (default)
2022-06-29 11:33:21,236 INFO  impl.RoleInfo (RoleInfo.java:updateAndGet(139)) - s2: start s2@group-54B4F2458EED-LeaderElection317
2022-06-29 11:33:21,237 INFO  impl.LeaderElection (LeaderElection.java:askForVotes(310)) - s2@group-54B4F2458EED-LeaderElection317 PRE_VOTE round 0: submit vote requests at term 3 for 28: [s0|rpc:localhost:46515|admin:localhost:40757|client:localhost:41939|dataStream:localhost:35593|priority:0, s1|rpc:localhost:34095|admin:localhost:43151|client:localhost:36051|dataStream:localhost:38995|priority:0, s2|rpc:localhost:40453|admin:localhost:33947|client:localhost:38503|dataStream:localhost:42009|priority:0], old=null
2022-06-29 11:33:21,240 INFO  server.RaftServer$Division (RaftServerImpl.java:requestVote(1152)) - s0@group-54B4F2458EED: receive requestVote(PRE_VOTE, s2, group-54B4F2458EED, 3, (t:3, i:31))
2022-06-29 11:33:21,241 WARN  server.GrpcServerProtocolService (LogUtils.java:warn(122)) - s0: Failed requestVote s2->s0#0: org.apache.ratis.protocol.exceptions.ServerNotReadyException: s0@group-54B4F2458EED is not in [RUNNING]: current state is CLOSED
2022-06-29 11:33:21,242 INFO  server.RaftServer$Division (RaftServerImpl.java:requestVote(1152)) - s1@group-54B4F2458EED: receive requestVote(PRE_VOTE, s2, group-54B4F2458EED, 3, (t:3, i:31))
2022-06-29 11:33:21,242 WARN  server.GrpcServerProtocolService (LogUtils.java:warn(122)) - s1: Failed requestVote s2->s1#0: org.apache.ratis.protocol.exceptions.ServerNotReadyException: s1@group-54B4F2458EED is not in [RUNNING]: current state is CLOSED
2022-06-29 11:33:21,243 INFO  impl.LeaderElection (LogUtils.java:infoOrTrace(137)) - s2@group-54B4F2458EED-LeaderElection317 got exception when requesting votes: java.util.concurrent.ExecutionException: org.apache.ratis.thirdparty.io.grpc.StatusRuntimeException: INTERNAL: s0@group-54B4F2458EED is not in [RUNNING]: current state is CLOSED
2022-06-29 11:33:21,244 INFO  impl.LeaderElection (LogUtils.java:infoOrTrace(137)) - s2@group-54B4F2458EED-LeaderElection317 got exception when requesting votes: java.util.concurrent.ExecutionException: org.apache.ratis.thirdparty.io.grpc.StatusRuntimeException: INTERNAL: s1@group-54B4F2458EED is not in [RUNNING]: current state is CLOSED
2022-06-29 11:33:21,244 INFO  impl.LeaderElection (LeaderElection.java:logAndReturn(90)) - s2@group-54B4F2458EED-LeaderElection317: PRE_VOTE REJECTED received 0 response(s) and 2 exception(s):
2022-06-29 11:33:21,244 INFO  impl.LeaderElection (LogUtils.java:infoOrTrace(137)) -   Exception 0: java.util.concurrent.ExecutionException: org.apache.ratis.thirdparty.io.grpc.StatusRuntimeException: INTERNAL: s0@group-54B4F2458EED is not in [RUNNING]: current state is CLOSED
2022-06-29 11:33:21,244 INFO  impl.LeaderElection (LogUtils.java:infoOrTrace(137)) -   Exception 1: java.util.concurrent.ExecutionException: org.apache.ratis.thirdparty.io.grpc.StatusRuntimeException: INTERNAL: s1@group-54B4F2458EED is not in [RUNNING]: current state is CLOSED
2022-06-29 11:33:21,244 INFO  impl.LeaderElection (LeaderElection.java:askForVotes(312)) - s2@group-54B4F2458EED-LeaderElection317 PRE_VOTE round 0: result REJECTED
2022-06-29 11:33:21,244 INFO  server.RaftServer$Division (RaftServerImpl.java:setRole(299)) - s2@group-54B4F2458EED: changes role from CANDIDATE to FOLLOWER at term 3 for REJECTED
2022-06-29 11:33:21,244 INFO  impl.RoleInfo (RoleInfo.java:shutdownLeaderElection(130)) - s2: shutdown s2@group-54B4F2458EED-LeaderElection317
2022-06-29 11:33:21,245 INFO  impl.RoleInfo (RoleInfo.java:updateAndGet(139)) - s2: start s2@group-54B4F2458EED-FollowerState
2022-06-29 11:33:21,503 INFO  impl.FollowerState (FollowerState.java:run(143)) - s2@group-54B4F2458EED-FollowerState: change to CANDIDATE, lastRpcElapsedTime:258051883ns, electionTimeout:257ms
2022-06-29 11:33:21,503 INFO  impl.RoleInfo (RoleInfo.java:shutdownFollowerState(110)) - s2: shutdown s2@group-54B4F2458EED-FollowerState
2022-06-29 11:33:21,503 INFO  server.RaftServer$Division (RaftServerImpl.java:setRole(299)) - s2@group-54B4F2458EED: changes role from  FOLLOWER to CANDIDATE at term 3 for changeToCandidate
2022-06-29 11:33:21,503 INFO  server.RaftServerConfigKeys (ConfUtils.java:logGet(46)) - raft.server.leaderelection.pre-vote = true (default)
2022-06-29 11:33:21,503 INFO  impl.RoleInfo (RoleInfo.java:updateAndGet(139)) - s2: start s2@group-54B4F2458EED-LeaderElection318
2022-06-29 11:33:21,504 INFO  impl.LeaderElection (LeaderElection.java:askForVotes(310)) - s2@group-54B4F2458EED-LeaderElection318 PRE_VOTE round 0: submit vote requests at term 3 for 28: [s0|rpc:localhost:46515|admin:localhost:40757|client:localhost:41939|dataStream:localhost:35593|priority:0, s1|rpc:localhost:34095|admin:localhost:43151|client:localhost:36051|dataStream:localhost:38995|priority:0, s2|rpc:localhost:40453|admin:localhost:33947|client:localhost:38503|dataStream:localhost:42009|priority:0], old=null
2022-06-29 11:33:21,508 INFO  server.RaftServer$Division (RaftServerImpl.java:requestVote(1152)) - s1@group-54B4F2458EED: receive requestVote(PRE_VOTE, s2, group-54B4F2458EED, 3, (t:3, i:31))
2022-06-29 11:33:21,509 WARN  server.GrpcServerProtocolService (LogUtils.java:warn(122)) - s1: Failed requestVote s2->s1#0: org.apache.ratis.protocol.exceptions.ServerNotReadyException: s1@group-54B4F2458EED is not in [RUNNING]: current state is CLOSED
2022-06-29 11:33:21,511 INFO  impl.LeaderElection (LogUtils.java:infoOrTrace(137)) - s2@group-54B4F2458EED-LeaderElection318 got exception when requesting votes: java.util.concurrent.ExecutionException: org.apache.ratis.thirdparty.io.grpc.StatusRuntimeException: INTERNAL: s1@group-54B4F2458EED is not in [RUNNING]: current state is CLOSED
2022-06-29 11:33:21,511 INFO  server.RaftServer$Division (RaftServerImpl.java:requestVote(1152)) - s0@group-54B4F2458EED: receive requestVote(PRE_VOTE, s2, group-54B4F2458EED, 3, (t:3, i:31))
2022-06-29 11:33:21,512 WARN  server.GrpcServerProtocolService (LogUtils.java:warn(122)) - s0: Failed requestVote s2->s0#0: org.apache.ratis.protocol.exceptions.ServerNotReadyException: s0@group-54B4F2458EED is not in [RUNNING]: current state is CLOSED
2022-06-29 11:33:21,512 INFO  impl.LeaderElection (LogUtils.java:infoOrTrace(137)) - s2@group-54B4F2458EED-LeaderElection318 got exception when requesting votes: java.util.concurrent.ExecutionException: org.apache.ratis.thirdparty.io.grpc.StatusRuntimeException: INTERNAL: s0@group-54B4F2458EED is not in [RUNNING]: current state is CLOSED
2022-06-29 11:33:21,512 INFO  impl.LeaderElection (LeaderElection.java:logAndReturn(90)) - s2@group-54B4F2458EED-LeaderElection318: PRE_VOTE REJECTED received 0 response(s) and 2 exception(s):
2022-06-29 11:33:21,512 INFO  impl.LeaderElection (LogUtils.java:infoOrTrace(137)) -   Exception 0: java.util.concurrent.ExecutionException: org.apache.ratis.thirdparty.io.grpc.StatusRuntimeException: INTERNAL: s1@group-54B4F2458EED is not in [RUNNING]: current state is CLOSED
2022-06-29 11:33:21,512 INFO  impl.LeaderElection (LogUtils.java:infoOrTrace(137)) -   Exception 1: java.util.concurrent.ExecutionException: org.apache.ratis.thirdparty.io.grpc.StatusRuntimeException: INTERNAL: s0@group-54B4F2458EED is not in [RUNNING]: current state is CLOSED
2022-06-29 11:33:21,512 INFO  impl.LeaderElection (LeaderElection.java:askForVotes(312)) - s2@group-54B4F2458EED-LeaderElection318 PRE_VOTE round 0: result REJECTED
2022-06-29 11:33:21,513 INFO  server.RaftServer$Division (RaftServerImpl.java:setRole(299)) - s2@group-54B4F2458EED: changes role from CANDIDATE to FOLLOWER at term 3 for REJECTED
2022-06-29 11:33:21,513 INFO  impl.RoleInfo (RoleInfo.java:shutdownLeaderElection(130)) - s2: shutdown s2@group-54B4F2458EED-LeaderElection318
2022-06-29 11:33:21,513 INFO  impl.RoleInfo (RoleInfo.java:updateAndGet(139)) - s2: start s2@group-54B4F2458EED-FollowerState
2022-06-29 11:33:21,784 INFO  impl.FollowerState (FollowerState.java:run(143)) - s2@group-54B4F2458EED-FollowerState: change to CANDIDATE, lastRpcElapsedTime:271634250ns, electionTimeout:270ms
2022-06-29 11:33:21,784 INFO  impl.RoleInfo (RoleInfo.java:shutdownFollowerState(110)) - s2: shutdown s2@group-54B4F2458EED-FollowerState
2022-06-29 11:33:21,784 INFO  server.RaftServer$Division (RaftServerImpl.java:setRole(299)) - s2@group-54B4F2458EED: changes role from  FOLLOWER to CANDIDATE at term 3 for changeToCandidate
2022-06-29 11:33:21,785 INFO  server.RaftServerConfigKeys (ConfUtils.java:logGet(46)) - raft.server.leaderelection.pre-vote = true (default)
2022-06-29 11:33:21,786 INFO  impl.RoleInfo (RoleInfo.java:updateAndGet(139)) - s2: start s2@group-54B4F2458EED-LeaderElection319
2022-06-29 11:33:21,788 INFO  impl.LeaderElection (LeaderElection.java:askForVotes(310)) - s2@group-54B4F2458EED-LeaderElection319 PRE_VOTE round 0: submit vote requests at term 3 for 28: [s0|rpc:localhost:46515|admin:localhost:40757|client:localhost:41939|dataStream:localhost:35593|priority:0, s1|rpc:localhost:34095|admin:localhost:43151|client:localhost:36051|dataStream:localhost:38995|priority:0, s2|rpc:localhost:40453|admin:localhost:33947|client:localhost:38503|dataStream:localhost:42009|priority:0], old=null
2022-06-29 11:33:21,791 INFO  server.RaftServer$Division (RaftServerImpl.java:requestVote(1152)) - s1@group-54B4F2458EED: receive requestVote(PRE_VOTE, s2, group-54B4F2458EED, 3, (t:3, i:31))
2022-06-29 11:33:21,791 WARN  server.GrpcServerProtocolService (LogUtils.java:warn(122)) - s1: Failed requestVote s2->s1#0: org.apache.ratis.protocol.exceptions.ServerNotReadyException: s1@group-54B4F2458EED is not in [RUNNING]: current state is CLOSED
2022-06-29 11:33:21,791 INFO  server.RaftServer$Division (RaftServerImpl.java:requestVote(1152)) - s0@group-54B4F2458EED: receive requestVote(PRE_VOTE, s2, group-54B4F2458EED, 3, (t:3, i:31))
2022-06-29 11:33:21,791 WARN  server.GrpcServerProtocolService (LogUtils.java:warn(122)) - s0: Failed requestVote s2->s0#0: org.apache.ratis.protocol.exceptions.ServerNotReadyException: s0@group-54B4F2458EED is not in [RUNNING]: current state is CLOSED
2022-06-29 11:33:21,792 INFO  impl.LeaderElection (LogUtils.java:infoOrTrace(137)) - s2@group-54B4F2458EED-LeaderElection319 got exception when requesting votes: java.util.concurrent.ExecutionException: org.apache.ratis.thirdparty.io.grpc.StatusRuntimeException: INTERNAL: s0@group-54B4F2458EED is not in [RUNNING]: current state is CLOSED
2022-06-29 11:33:21,793 INFO  impl.LeaderElection (LogUtils.java:infoOrTrace(137)) - s2@group-54B4F2458EED-LeaderElection319 got exception when requesting votes: java.util.concurrent.ExecutionException: org.apache.ratis.thirdparty.io.grpc.StatusRuntimeException: INTERNAL: s1@group-54B4F2458EED is not in [RUNNING]: current state is CLOSED
2022-06-29 11:33:21,793 INFO  impl.LeaderElection (LeaderElection.java:logAndReturn(90)) - s2@group-54B4F2458EED-LeaderElection319: PRE_VOTE REJECTED received 0 response(s) and 2 exception(s):
2022-06-29 11:33:21,793 INFO  impl.LeaderElection (LogUtils.java:infoOrTrace(137)) -   Exception 0: java.util.concurrent.ExecutionException: org.apache.ratis.thirdparty.io.grpc.StatusRuntimeException: INTERNAL: s0@group-54B4F2458EED is not in [RUNNING]: current state is CLOSED
2022-06-29 11:33:21,793 INFO  impl.LeaderElection (LogUtils.java:infoOrTrace(137)) -   Exception 1: java.util.concurrent.ExecutionException: org.apache.ratis.thirdparty.io.grpc.StatusRuntimeException: INTERNAL: s1@group-54B4F2458EED is not in [RUNNING]: current state is CLOSED
2022-06-29 11:33:21,793 INFO  impl.LeaderElection (LeaderElection.java:askForVotes(312)) - s2@group-54B4F2458EED-LeaderElection319 PRE_VOTE round 0: result REJECTED
2022-06-29 11:33:21,793 INFO  server.RaftServer$Division (RaftServerImpl.java:setRole(299)) - s2@group-54B4F2458EED: changes role from CANDIDATE to FOLLOWER at term 3 for REJECTED
2022-06-29 11:33:21,793 INFO  impl.RoleInfo (RoleInfo.java:shutdownLeaderElection(130)) - s2: shutdown s2@group-54B4F2458EED-LeaderElection319
2022-06-29 11:33:21,793 INFO  impl.RoleInfo (RoleInfo.java:updateAndGet(139)) - s2: start s2@group-54B4F2458EED-FollowerState
2022-06-29 11:33:22,079 INFO  impl.FollowerState (FollowerState.java:run(143)) - s2@group-54B4F2458EED-FollowerState: change to CANDIDATE, lastRpcElapsedTime:285867523ns, electionTimeout:284ms
2022-06-29 11:33:22,079 INFO  impl.RoleInfo (RoleInfo.java:shutdownFollowerState(110)) - s2: shutdown s2@group-54B4F2458EED-FollowerState
2022-06-29 11:33:22,079 INFO  server.RaftServer$Division (RaftServerImpl.java:setRole(299)) - s2@group-54B4F2458EED: changes role from  FOLLOWER to CANDIDATE at term 3 for changeToCandidate
2022-06-29 11:33:22,080 INFO  server.RaftServerConfigKeys (ConfUtils.java:logGet(46)) - raft.server.leaderelection.pre-vote = true (default)
2022-06-29 11:33:22,080 INFO  impl.RoleInfo (RoleInfo.java:updateAndGet(139)) - s2: start s2@group-54B4F2458EED-LeaderElection320
2022-06-29 11:33:22,083 INFO  impl.LeaderElection (LeaderElection.java:askForVotes(310)) - s2@group-54B4F2458EED-LeaderElection320 PRE_VOTE round 0: submit vote requests at term 3 for 28: [s0|rpc:localhost:46515|admin:localhost:40757|client:localhost:41939|dataStream:localhost:35593|priority:0, s1|rpc:localhost:34095|admin:localhost:43151|client:localhost:36051|dataStream:localhost:38995|priority:0, s2|rpc:localhost:40453|admin:localhost:33947|client:localhost:38503|dataStream:localhost:42009|priority:0], old=null
2022-06-29 11:33:22,086 INFO  server.RaftServer$Division (RaftServerImpl.java:requestVote(1152)) - s1@group-54B4F2458EED: receive requestVote(PRE_VOTE, s2, group-54B4F2458EED, 3, (t:3, i:31))
2022-06-29 11:33:22,086 WARN  server.GrpcServerProtocolService (LogUtils.java:warn(122)) - s1: Failed requestVote s2->s1#0: org.apache.ratis.protocol.exceptions.ServerNotReadyException: s1@group-54B4F2458EED is not in [RUNNING]: current state is CLOSED
2022-06-29 11:33:22,087 INFO  impl.LeaderElection (LogUtils.java:infoOrTrace(137)) - s2@group-54B4F2458EED-LeaderElection320 got exception when requesting votes: java.util.concurrent.ExecutionException: org.apache.ratis.thirdparty.io.grpc.StatusRuntimeException: INTERNAL: s1@group-54B4F2458EED is not in [RUNNING]: current state is CLOSED
2022-06-29 11:33:22,087 INFO  server.RaftServer$Division (RaftServerImpl.java:requestVote(1152)) - s0@group-54B4F2458EED: receive requestVote(PRE_VOTE, s2, group-54B4F2458EED, 3, (t:3, i:31))
2022-06-29 11:33:22,087 WARN  server.GrpcServerProtocolService (LogUtils.java:warn(122)) - s0: Failed requestVote s2->s0#0: org.apache.ratis.protocol.exceptions.ServerNotReadyException: s0@group-54B4F2458EED is not in [RUNNING]: current state is CLOSED
2022-06-29 11:33:22,090 INFO  impl.LeaderElection (LogUtils.java:infoOrTrace(137)) - s2@group-54B4F2458EED-LeaderElection320 got exception when requesting votes: java.util.concurrent.ExecutionException: org.apache.ratis.thirdparty.io.grpc.StatusRuntimeException: INTERNAL: s0@group-54B4F2458EED is not in [RUNNING]: current state is CLOSED
2022-06-29 11:33:22,090 INFO  impl.LeaderElection (LeaderElection.java:logAndReturn(90)) - s2@group-54B4F2458EED-LeaderElection320: PRE_VOTE REJECTED received 0 response(s) and 2 exception(s):
2022-06-29 11:33:22,090 INFO  impl.LeaderElection (LogUtils.java:infoOrTrace(137)) -   Exception 0: java.util.concurrent.ExecutionException: org.apache.ratis.thirdparty.io.grpc.StatusRuntimeException: INTERNAL: s1@group-54B4F2458EED is not in [RUNNING]: current state is CLOSED
2022-06-29 11:33:22,090 INFO  impl.LeaderElection (LogUtils.java:infoOrTrace(137)) -   Exception 1: java.util.concurrent.ExecutionException: org.apache.ratis.thirdparty.io.grpc.StatusRuntimeException: INTERNAL: s0@group-54B4F2458EED is not in [RUNNING]: current state is CLOSED
2022-06-29 11:33:22,091 INFO  impl.LeaderElection (LeaderElection.java:askForVotes(312)) - s2@group-54B4F2458EED-LeaderElection320 PRE_VOTE round 0: result REJECTED
2022-06-29 11:33:22,091 INFO  server.RaftServer$Division (RaftServerImpl.java:setRole(299)) - s2@group-54B4F2458EED: changes role from CANDIDATE to FOLLOWER at term 3 for REJECTED
2022-06-29 11:33:22,091 INFO  impl.RoleInfo (RoleInfo.java:shutdownLeaderElection(130)) - s2: shutdown s2@group-54B4F2458EED-LeaderElection320
2022-06-29 11:33:22,091 INFO  impl.RoleInfo (RoleInfo.java:updateAndGet(139)) - s2: start s2@group-54B4F2458EED-FollowerState
2022-06-29 11:33:22,283 INFO  impl.FollowerState (FollowerState.java:run(143)) - s2@group-54B4F2458EED-FollowerState: change to CANDIDATE, lastRpcElapsedTime:191266853ns, electionTimeout:190ms
2022-06-29 11:33:22,283 INFO  impl.RoleInfo (RoleInfo.java:shutdownFollowerState(110)) - s2: shutdown s2@group-54B4F2458EED-FollowerState
2022-06-29 11:33:22,283 INFO  server.RaftServer$Division (RaftServerImpl.java:setRole(299)) - s2@group-54B4F2458EED: changes role from  FOLLOWER to CANDIDATE at term 3 for changeToCandidate
2022-06-29 11:33:22,284 INFO  server.RaftServerConfigKeys (ConfUtils.java:logGet(46)) - raft.server.leaderelection.pre-vote = true (default)
2022-06-29 11:33:22,284 INFO  impl.RoleInfo (RoleInfo.java:updateAndGet(139)) - s2: start s2@group-54B4F2458EED-LeaderElection321
2022-06-29 11:33:22,286 INFO  impl.LeaderElection (LeaderElection.java:askForVotes(310)) - s2@group-54B4F2458EED-LeaderElection321 PRE_VOTE round 0: submit vote requests at term 3 for 28: [s0|rpc:localhost:46515|admin:localhost:40757|client:localhost:41939|dataStream:localhost:35593|priority:0, s1|rpc:localhost:34095|admin:localhost:43151|client:localhost:36051|dataStream:localhost:38995|priority:0, s2|rpc:localhost:40453|admin:localhost:33947|client:localhost:38503|dataStream:localhost:42009|priority:0], old=null
2022-06-29 11:33:22,287 INFO  server.RaftServer$Division (RaftServerImpl.java:requestVote(1152)) - s0@group-54B4F2458EED: receive requestVote(PRE_VOTE, s2, group-54B4F2458EED, 3, (t:3, i:31))
2022-06-29 11:33:22,287 WARN  server.GrpcServerProtocolService (LogUtils.java:warn(122)) - s0: Failed requestVote s2->s0#0: org.apache.ratis.protocol.exceptions.ServerNotReadyException: s0@group-54B4F2458EED is not in [RUNNING]: current state is CLOSED
2022-06-29 11:33:22,288 INFO  impl.LeaderElection (LogUtils.java:infoOrTrace(137)) - s2@group-54B4F2458EED-LeaderElection321 got exception when requesting votes: java.util.concurrent.ExecutionException: org.apache.ratis.thirdparty.io.grpc.StatusRuntimeException: INTERNAL: s0@group-54B4F2458EED is not in [RUNNING]: current state is CLOSED
2022-06-29 11:33:22,289 INFO  server.RaftServer$Division (RaftServerImpl.java:requestVote(1152)) - s1@group-54B4F2458EED: receive requestVote(PRE_VOTE, s2, group-54B4F2458EED, 3, (t:3, i:31))
2022-06-29 11:33:22,289 WARN  server.GrpcServerProtocolService (LogUtils.java:warn(122)) - s1: Failed requestVote s2->s1#0: org.apache.ratis.protocol.exceptions.ServerNotReadyException: s1@group-54B4F2458EED is not in [RUNNING]: current state is CLOSED
2022-06-29 11:33:22,291 INFO  impl.LeaderElection (LogUtils.java:infoOrTrace(137)) - s2@group-54B4F2458EED-LeaderElection321 got exception when requesting votes: java.util.concurrent.ExecutionException: org.apache.ratis.thirdparty.io.grpc.StatusRuntimeException: INTERNAL: s1@group-54B4F2458EED is not in [RUNNING]: current state is CLOSED
2022-06-29 11:33:22,291 INFO  impl.LeaderElection (LeaderElection.java:logAndReturn(90)) - s2@group-54B4F2458EED-LeaderElection321: PRE_VOTE REJECTED received 0 response(s) and 2 exception(s):
2022-06-29 11:33:22,291 INFO  impl.LeaderElection (LogUtils.java:infoOrTrace(137)) -   Exception 0: java.util.concurrent.ExecutionException: org.apache.ratis.thirdparty.io.grpc.StatusRuntimeException: INTERNAL: s0@group-54B4F2458EED is not in [RUNNING]: current state is CLOSED
2022-06-29 11:33:22,291 INFO  impl.LeaderElection (LogUtils.java:infoOrTrace(137)) -   Exception 1: java.util.concurrent.ExecutionException: org.apache.ratis.thirdparty.io.grpc.StatusRuntimeException: INTERNAL: s1@group-54B4F2458EED is not in [RUNNING]: current state is CLOSED
2022-06-29 11:33:22,292 INFO  impl.LeaderElection (LeaderElection.java:askForVotes(312)) - s2@group-54B4F2458EED-LeaderElection321 PRE_VOTE round 0: result REJECTED
2022-06-29 11:33:22,292 INFO  server.RaftServer$Division (RaftServerImpl.java:setRole(299)) - s2@group-54B4F2458EED: changes role from CANDIDATE to FOLLOWER at term 3 for REJECTED
2022-06-29 11:33:22,292 INFO  impl.RoleInfo (RoleInfo.java:shutdownLeaderElection(130)) - s2: shutdown s2@group-54B4F2458EED-LeaderElection321
2022-06-29 11:33:22,292 INFO  impl.RoleInfo (RoleInfo.java:updateAndGet(139)) - s2: start s2@group-54B4F2458EED-FollowerState
2022-06-29 11:33:22,466 INFO  impl.FollowerState (FollowerState.java:run(143)) - s2@group-54B4F2458EED-FollowerState: change to CANDIDATE, lastRpcElapsedTime:174429947ns, electionTimeout:173ms
2022-06-29 11:33:22,466 INFO  impl.RoleInfo (RoleInfo.java:shutdownFollowerState(110)) - s2: shutdown s2@group-54B4F2458EED-FollowerState
2022-06-29 11:33:22,466 INFO  server.RaftServer$Division (RaftServerImpl.java:setRole(299)) - s2@group-54B4F2458EED: changes role from  FOLLOWER to CANDIDATE at term 3 for changeToCandidate
2022-06-29 11:33:22,467 INFO  server.RaftServerConfigKeys (ConfUtils.java:logGet(46)) - raft.server.leaderelection.pre-vote = true (default)
2022-06-29 11:33:22,467 INFO  impl.RoleInfo (RoleInfo.java:updateAndGet(139)) - s2: start s2@group-54B4F2458EED-LeaderElection322
2022-06-29 11:33:22,468 INFO  impl.LeaderElection (LeaderElection.java:askForVotes(310)) - s2@group-54B4F2458EED-LeaderElection322 PRE_VOTE round 0: submit vote requests at term 3 for 28: [s0|rpc:localhost:46515|admin:localhost:40757|client:localhost:41939|dataStream:localhost:35593|priority:0, s1|rpc:localhost:34095|admin:localhost:43151|client:localhost:36051|dataStream:localhost:38995|priority:0, s2|rpc:localhost:40453|admin:localhost:33947|client:localhost:38503|dataStream:localhost:42009|priority:0], old=null
2022-06-29 11:33:22,470 INFO  server.RaftServer$Division (RaftServerImpl.java:requestVote(1152)) - s0@group-54B4F2458EED: receive requestVote(PRE_VOTE, s2, group-54B4F2458EED, 3, (t:3, i:31))
2022-06-29 11:33:22,471 WARN  server.GrpcServerProtocolService (LogUtils.java:warn(122)) - s0: Failed requestVote s2->s0#0: org.apache.ratis.protocol.exceptions.ServerNotReadyException: s0@group-54B4F2458EED is not in [RUNNING]: current state is CLOSED
2022-06-29 11:33:22,471 INFO  server.RaftServer$Division (RaftServerImpl.java:requestVote(1152)) - s1@group-54B4F2458EED: receive requestVote(PRE_VOTE, s2, group-54B4F2458EED, 3, (t:3, i:31))
2022-06-29 11:33:22,471 WARN  server.GrpcServerProtocolService (LogUtils.java:warn(122)) - s1: Failed requestVote s2->s1#0: org.apache.ratis.protocol.exceptions.ServerNotReadyException: s1@group-54B4F2458EED is not in [RUNNING]: current state is CLOSED
2022-06-29 11:33:22,472 INFO  impl.LeaderElection (LogUtils.java:infoOrTrace(137)) - s2@group-54B4F2458EED-LeaderElection322 got exception when requesting votes: java.util.concurrent.ExecutionException: org.apache.ratis.thirdparty.io.grpc.StatusRuntimeException: INTERNAL: s0@group-54B4F2458EED is not in [RUNNING]: current state is CLOSED
2022-06-29 11:33:22,472 INFO  impl.LeaderElection (LogUtils.java:infoOrTrace(137)) - s2@group-54B4F2458EED-LeaderElection322 got exception when requesting votes: java.util.concurrent.ExecutionException: org.apache.ratis.thirdparty.io.grpc.StatusRuntimeException: INTERNAL: s1@group-54B4F2458EED is not in [RUNNING]: current state is CLOSED
2022-06-29 11:33:22,472 INFO  impl.LeaderElection (LeaderElection.java:logAndReturn(90)) - s2@group-54B4F2458EED-LeaderElection322: PRE_VOTE REJECTED received 0 response(s) and 2 exception(s):
2022-06-29 11:33:22,472 INFO  impl.LeaderElection (LogUtils.java:infoOrTrace(137)) -   Exception 0: java.util.concurrent.ExecutionException: org.apache.ratis.thirdparty.io.grpc.StatusRuntimeException: INTERNAL: s0@group-54B4F2458EED is not in [RUNNING]: current state is CLOSED
2022-06-29 11:33:22,472 INFO  impl.LeaderElection (LogUtils.java:infoOrTrace(137)) -   Exception 1: java.util.concurrent.ExecutionException: org.apache.ratis.thirdparty.io.grpc.StatusRuntimeException: INTERNAL: s1@group-54B4F2458EED is not in [RUNNING]: current state is CLOSED
2022-06-29 11:33:22,472 INFO  impl.LeaderElection (LeaderElection.java:askForVotes(312)) - s2@group-54B4F2458EED-LeaderElection322 PRE_VOTE round 0: result REJECTED
2022-06-29 11:33:22,472 INFO  server.RaftServer$Division (RaftServerImpl.java:setRole(299)) - s2@group-54B4F2458EED: changes role from CANDIDATE to FOLLOWER at term 3 for REJECTED
2022-06-29 11:33:22,472 INFO  impl.RoleInfo (RoleInfo.java:shutdownLeaderElection(130)) - s2: shutdown s2@group-54B4F2458EED-LeaderElection322
2022-06-29 11:33:22,472 INFO  impl.RoleInfo (RoleInfo.java:updateAndGet(139)) - s2: start s2@group-54B4F2458EED-FollowerState
2022-06-29 11:33:22,762 INFO  impl.FollowerState (FollowerState.java:run(143)) - s2@group-54B4F2458EED-FollowerState: change to CANDIDATE, lastRpcElapsedTime:289660864ns, electionTimeout:288ms
2022-06-29 11:33:22,762 INFO  impl.RoleInfo (RoleInfo.java:shutdownFollowerState(110)) - s2: shutdown s2@group-54B4F2458EED-FollowerState
2022-06-29 11:33:22,762 INFO  server.RaftServer$Division (RaftServerImpl.java:setRole(299)) - s2@group-54B4F2458EED: changes role from  FOLLOWER to CANDIDATE at term 3 for changeToCandidate
2022-06-29 11:33:22,763 INFO  server.RaftServerConfigKeys (ConfUtils.java:logGet(46)) - raft.server.leaderelection.pre-vote = true (default)
2022-06-29 11:33:22,763 INFO  impl.RoleInfo (RoleInfo.java:updateAndGet(139)) - s2: start s2@group-54B4F2458EED-LeaderElection323
2022-06-29 11:33:22,764 INFO  impl.LeaderElection (LeaderElection.java:askForVotes(310)) - s2@group-54B4F2458EED-LeaderElection323 PRE_VOTE round 0: submit vote requests at term 3 for 28: [s0|rpc:localhost:46515|admin:localhost:40757|client:localhost:41939|dataStream:localhost:35593|priority:0, s1|rpc:localhost:34095|admin:localhost:43151|client:localhost:36051|dataStream:localhost:38995|priority:0, s2|rpc:localhost:40453|admin:localhost:33947|client:localhost:38503|dataStream:localhost:42009|priority:0], old=null
2022-06-29 11:33:22,767 INFO  server.RaftServer$Division (RaftServerImpl.java:requestVote(1152)) - s0@group-54B4F2458EED: receive requestVote(PRE_VOTE, s2, group-54B4F2458EED, 3, (t:3, i:31))
2022-06-29 11:33:22,767 WARN  server.GrpcServerProtocolService (LogUtils.java:warn(122)) - s0: Failed requestVote s2->s0#0: org.apache.ratis.protocol.exceptions.ServerNotReadyException: s0@group-54B4F2458EED is not in [RUNNING]: current state is CLOSED
2022-06-29 11:33:22,770 INFO  impl.LeaderElection (LogUtils.java:infoOrTrace(137)) - s2@group-54B4F2458EED-LeaderElection323 got exception when requesting votes: java.util.concurrent.ExecutionException: org.apache.ratis.thirdparty.io.grpc.StatusRuntimeException: INTERNAL: s0@group-54B4F2458EED is not in [RUNNING]: current state is CLOSED
2022-06-29 11:33:22,771 INFO  server.RaftServer$Division (RaftServerImpl.java:requestVote(1152)) - s1@group-54B4F2458EED: receive requestVote(PRE_VOTE, s2, group-54B4F2458EED, 3, (t:3, i:31))
2022-06-29 11:33:22,771 WARN  server.GrpcServerProtocolService (LogUtils.java:warn(122)) - s1: Failed requestVote s2->s1#0: org.apache.ratis.protocol.exceptions.ServerNotReadyException: s1@group-54B4F2458EED is not in [RUNNING]: current state is CLOSED
2022-06-29 11:33:22,772 INFO  impl.LeaderElection (LogUtils.java:infoOrTrace(137)) - s2@group-54B4F2458EED-LeaderElection323 got exception when requesting votes: java.util.concurrent.ExecutionException: org.apache.ratis.thirdparty.io.grpc.StatusRuntimeException: INTERNAL: s1@group-54B4F2458EED is not in [RUNNING]: current state is CLOSED
2022-06-29 11:33:22,772 INFO  impl.LeaderElection (LeaderElection.java:logAndReturn(90)) - s2@group-54B4F2458EED-LeaderElection323: PRE_VOTE REJECTED received 0 response(s) and 2 exception(s):
2022-06-29 11:33:22,772 INFO  impl.LeaderElection (LogUtils.java:infoOrTrace(137)) -   Exception 0: java.util.concurrent.ExecutionException: org.apache.ratis.thirdparty.io.grpc.StatusRuntimeException: INTERNAL: s0@group-54B4F2458EED is not in [RUNNING]: current state is CLOSED
2022-06-29 11:33:22,772 INFO  impl.LeaderElection (LogUtils.java:infoOrTrace(137)) -   Exception 1: java.util.concurrent.ExecutionException: org.apache.ratis.thirdparty.io.grpc.StatusRuntimeException: INTERNAL: s1@group-54B4F2458EED is not in [RUNNING]: current state is CLOSED
2022-06-29 11:33:22,772 INFO  impl.LeaderElection (LeaderElection.java:askForVotes(312)) - s2@group-54B4F2458EED-LeaderElection323 PRE_VOTE round 0: result REJECTED
2022-06-29 11:33:22,773 INFO  server.RaftServer$Division (RaftServerImpl.java:setRole(299)) - s2@group-54B4F2458EED: changes role from CANDIDATE to FOLLOWER at term 3 for REJECTED
2022-06-29 11:33:22,773 INFO  impl.RoleInfo (RoleInfo.java:shutdownLeaderElection(130)) - s2: shutdown s2@group-54B4F2458EED-LeaderElection323
2022-06-29 11:33:22,773 INFO  impl.RoleInfo (RoleInfo.java:updateAndGet(139)) - s2: start s2@group-54B4F2458EED-FollowerState
2022-06-29 11:33:23,044 INFO  impl.FollowerState (FollowerState.java:run(143)) - s2@group-54B4F2458EED-FollowerState: change to CANDIDATE, lastRpcElapsedTime:270925332ns, electionTimeout:270ms
2022-06-29 11:33:23,044 INFO  impl.RoleInfo (RoleInfo.java:shutdownFollowerState(110)) - s2: shutdown s2@group-54B4F2458EED-FollowerState
2022-06-29 11:33:23,044 INFO  server.RaftServer$Division (RaftServerImpl.java:setRole(299)) - s2@group-54B4F2458EED: changes role from  FOLLOWER to CANDIDATE at term 3 for changeToCandidate
2022-06-29 11:33:23,044 INFO  server.RaftServerConfigKeys (ConfUtils.java:logGet(46)) - raft.server.leaderelection.pre-vote = true (default)
2022-06-29 11:33:23,044 INFO  impl.RoleInfo (RoleInfo.java:updateAndGet(139)) - s2: start s2@group-54B4F2458EED-LeaderElection324
2022-06-29 11:33:23,045 INFO  impl.LeaderElection (LeaderElection.java:askForVotes(310)) - s2@group-54B4F2458EED-LeaderElection324 PRE_VOTE round 0: submit vote requests at term 3 for 28: [s0|rpc:localhost:46515|admin:localhost:40757|client:localhost:41939|dataStream:localhost:35593|priority:0, s1|rpc:localhost:34095|admin:localhost:43151|client:localhost:36051|dataStream:localhost:38995|priority:0, s2|rpc:localhost:40453|admin:localhost:33947|client:localhost:38503|dataStream:localhost:42009|priority:0], old=null
2022-06-29 11:33:23,048 INFO  server.RaftServer$Division (RaftServerImpl.java:requestVote(1152)) - s0@group-54B4F2458EED: receive requestVote(PRE_VOTE, s2, group-54B4F2458EED, 3, (t:3, i:31))
2022-06-29 11:33:23,048 WARN  server.GrpcServerProtocolService (LogUtils.java:warn(122)) - s0: Failed requestVote s2->s0#0: org.apache.ratis.protocol.exceptions.ServerNotReadyException: s0@group-54B4F2458EED is not in [RUNNING]: current state is CLOSED
2022-06-29 11:33:23,048 INFO  server.RaftServer$Division (RaftServerImpl.java:requestVote(1152)) - s1@group-54B4F2458EED: receive requestVote(PRE_VOTE, s2, group-54B4F2458EED, 3, (t:3, i:31))
2022-06-29 11:33:23,048 WARN  server.GrpcServerProtocolService (LogUtils.java:warn(122)) - s1: Failed requestVote s2->s1#0: org.apache.ratis.protocol.exceptions.ServerNotReadyException: s1@group-54B4F2458EED is not in [RUNNING]: current state is CLOSED
2022-06-29 11:33:23,049 INFO  impl.LeaderElection (LogUtils.java:infoOrTrace(137)) - s2@group-54B4F2458EED-LeaderElection324 got exception when requesting votes: java.util.concurrent.ExecutionException: org.apache.ratis.thirdparty.io.grpc.StatusRuntimeException: INTERNAL: s0@group-54B4F2458EED is not in [RUNNING]: current state is CLOSED
2022-06-29 11:33:23,049 INFO  impl.LeaderElection (LogUtils.java:infoOrTrace(137)) - s2@group-54B4F2458EED-LeaderElection324 got exception when requesting votes: java.util.concurrent.ExecutionException: org.apache.ratis.thirdparty.io.grpc.StatusRuntimeException: INTERNAL: s1@group-54B4F2458EED is not in [RUNNING]: current state is CLOSED
2022-06-29 11:33:23,049 INFO  impl.LeaderElection (LeaderElection.java:logAndReturn(90)) - s2@group-54B4F2458EED-LeaderElection324: PRE_VOTE REJECTED received 0 response(s) and 2 exception(s):
2022-06-29 11:33:23,049 INFO  impl.LeaderElection (LogUtils.java:infoOrTrace(137)) -   Exception 0: java.util.concurrent.ExecutionException: org.apache.ratis.thirdparty.io.grpc.StatusRuntimeException: INTERNAL: s0@group-54B4F2458EED is not in [RUNNING]: current state is CLOSED
2022-06-29 11:33:23,049 INFO  impl.LeaderElection (LogUtils.java:infoOrTrace(137)) -   Exception 1: java.util.concurrent.ExecutionException: org.apache.ratis.thirdparty.io.grpc.StatusRuntimeException: INTERNAL: s1@group-54B4F2458EED is not in [RUNNING]: current state is CLOSED
2022-06-29 11:33:23,050 INFO  impl.LeaderElection (LeaderElection.java:askForVotes(312)) - s2@group-54B4F2458EED-LeaderElection324 PRE_VOTE round 0: result REJECTED
2022-06-29 11:33:23,050 INFO  server.RaftServer$Division (RaftServerImpl.java:setRole(299)) - s2@group-54B4F2458EED: changes role from CANDIDATE to FOLLOWER at term 3 for REJECTED
2022-06-29 11:33:23,050 INFO  impl.RoleInfo (RoleInfo.java:shutdownLeaderElection(130)) - s2: shutdown s2@group-54B4F2458EED-LeaderElection324
2022-06-29 11:33:23,050 INFO  impl.RoleInfo (RoleInfo.java:updateAndGet(139)) - s2: start s2@group-54B4F2458EED-FollowerState
2022-06-29 11:33:23,288 INFO  impl.FollowerState (FollowerState.java:run(143)) - s2@group-54B4F2458EED-FollowerState: change to CANDIDATE, lastRpcElapsedTime:237942121ns, electionTimeout:236ms
2022-06-29 11:33:23,288 INFO  impl.RoleInfo (RoleInfo.java:shutdownFollowerState(110)) - s2: shutdown s2@group-54B4F2458EED-FollowerState
2022-06-29 11:33:23,288 INFO  server.RaftServer$Division (RaftServerImpl.java:setRole(299)) - s2@group-54B4F2458EED: changes role from  FOLLOWER to CANDIDATE at term 3 for changeToCandidate
2022-06-29 11:33:23,300 INFO  server.RaftServerConfigKeys (ConfUtils.java:logGet(46)) - raft.server.leaderelection.pre-vote = true (default)
2022-06-29 11:33:23,300 INFO  impl.RoleInfo (RoleInfo.java:updateAndGet(139)) - s2: start s2@group-54B4F2458EED-LeaderElection325
2022-06-29 11:33:23,302 INFO  impl.LeaderElection (LeaderElection.java:askForVotes(310)) - s2@group-54B4F2458EED-LeaderElection325 PRE_VOTE round 0: submit vote requests at term 3 for 28: [s0|rpc:localhost:46515|admin:localhost:40757|client:localhost:41939|dataStream:localhost:35593|priority:0, s1|rpc:localhost:34095|admin:localhost:43151|client:localhost:36051|dataStream:localhost:38995|priority:0, s2|rpc:localhost:40453|admin:localhost:33947|client:localhost:38503|dataStream:localhost:42009|priority:0], old=null
2022-06-29 11:33:23,307 INFO  server.RaftServer$Division (RaftServerImpl.java:requestVote(1152)) - s0@group-54B4F2458EED: receive requestVote(PRE_VOTE, s2, group-54B4F2458EED, 3, (t:3, i:31))
2022-06-29 11:33:23,308 WARN  server.GrpcServerProtocolService (LogUtils.java:warn(122)) - s0: Failed requestVote s2->s0#0: org.apache.ratis.protocol.exceptions.ServerNotReadyException: s0@group-54B4F2458EED is not in [RUNNING]: current state is CLOSED
2022-06-29 11:33:23,310 INFO  server.RaftServer$Division (RaftServerImpl.java:requestVote(1152)) - s1@group-54B4F2458EED: receive requestVote(PRE_VOTE, s2, group-54B4F2458EED, 3, (t:3, i:31))
2022-06-29 11:33:23,310 WARN  server.GrpcServerProtocolService (LogUtils.java:warn(122)) - s1: Failed requestVote s2->s1#0: org.apache.ratis.protocol.exceptions.ServerNotReadyException: s1@group-54B4F2458EED is not in [RUNNING]: current state is CLOSED
2022-06-29 11:33:23,312 INFO  impl.LeaderElection (LogUtils.java:infoOrTrace(137)) - s2@group-54B4F2458EED-LeaderElection325 got exception when requesting votes: java.util.concurrent.ExecutionException: org.apache.ratis.thirdparty.io.grpc.StatusRuntimeException: INTERNAL: s0@group-54B4F2458EED is not in [RUNNING]: current state is CLOSED
2022-06-29 11:33:23,312 INFO  impl.LeaderElection (LogUtils.java:infoOrTrace(137)) - s2@group-54B4F2458EED-LeaderElection325 got exception when requesting votes: java.util.concurrent.ExecutionException: org.apache.ratis.thirdparty.io.grpc.StatusRuntimeException: INTERNAL: s1@group-54B4F2458EED is not in [RUNNING]: current state is CLOSED
2022-06-29 11:33:23,312 INFO  impl.LeaderElection (LeaderElection.java:logAndReturn(90)) - s2@group-54B4F2458EED-LeaderElection325: PRE_VOTE REJECTED received 0 response(s) and 2 exception(s):
2022-06-29 11:33:23,312 INFO  impl.LeaderElection (LogUtils.java:infoOrTrace(137)) -   Exception 0: java.util.concurrent.ExecutionException: org.apache.ratis.thirdparty.io.grpc.StatusRuntimeException: INTERNAL: s0@group-54B4F2458EED is not in [RUNNING]: current state is CLOSED
2022-06-29 11:33:23,312 INFO  impl.LeaderElection (LogUtils.java:infoOrTrace(137)) -   Exception 1: java.util.concurrent.ExecutionException: org.apache.ratis.thirdparty.io.grpc.StatusRuntimeException: INTERNAL: s1@group-54B4F2458EED is not in [RUNNING]: current state is CLOSED
2022-06-29 11:33:23,312 INFO  impl.LeaderElection (LeaderElection.java:askForVotes(312)) - s2@group-54B4F2458EED-LeaderElection325 PRE_VOTE round 0: result REJECTED
2022-06-29 11:33:23,312 INFO  server.RaftServer$Division (RaftServerImpl.java:setRole(299)) - s2@group-54B4F2458EED: changes role from CANDIDATE to FOLLOWER at term 3 for REJECTED
2022-06-29 11:33:23,312 INFO  impl.RoleInfo (RoleInfo.java:shutdownLeaderElection(130)) - s2: shutdown s2@group-54B4F2458EED-LeaderElection325
2022-06-29 11:33:23,312 INFO  impl.RoleInfo (RoleInfo.java:updateAndGet(139)) - s2: start s2@group-54B4F2458EED-FollowerState
2022-06-29 11:33:23,507 INFO  impl.FollowerState (FollowerState.java:run(143)) - s2@group-54B4F2458EED-FollowerState: change to CANDIDATE, lastRpcElapsedTime:194585088ns, electionTimeout:193ms
2022-06-29 11:33:23,507 INFO  impl.RoleInfo (RoleInfo.java:shutdownFollowerState(110)) - s2: shutdown s2@group-54B4F2458EED-FollowerState
2022-06-29 11:33:23,507 INFO  server.RaftServer$Division (RaftServerImpl.java:setRole(299)) - s2@group-54B4F2458EED: changes role from  FOLLOWER to CANDIDATE at term 3 for changeToCandidate
2022-06-29 11:33:23,508 INFO  server.RaftServerConfigKeys (ConfUtils.java:logGet(46)) - raft.server.leaderelection.pre-vote = true (default)
2022-06-29 11:33:23,508 INFO  impl.RoleInfo (RoleInfo.java:updateAndGet(139)) - s2: start s2@group-54B4F2458EED-LeaderElection326
2022-06-29 11:33:23,510 INFO  impl.LeaderElection (LeaderElection.java:askForVotes(310)) - s2@group-54B4F2458EED-LeaderElection326 PRE_VOTE round 0: submit vote requests at term 3 for 28: [s0|rpc:localhost:46515|admin:localhost:40757|client:localhost:41939|dataStream:localhost:35593|priority:0, s1|rpc:localhost:34095|admin:localhost:43151|client:localhost:36051|dataStream:localhost:38995|priority:0, s2|rpc:localhost:40453|admin:localhost:33947|client:localhost:38503|dataStream:localhost:42009|priority:0], old=null
2022-06-29 11:33:23,511 INFO  server.RaftServer$Division (RaftServerImpl.java:requestVote(1152)) - s0@group-54B4F2458EED: receive requestVote(PRE_VOTE, s2, group-54B4F2458EED, 3, (t:3, i:31))
2022-06-29 11:33:23,511 WARN  server.GrpcServerProtocolService (LogUtils.java:warn(122)) - s0: Failed requestVote s2->s0#0: org.apache.ratis.protocol.exceptions.ServerNotReadyException: s0@group-54B4F2458EED is not in [RUNNING]: current state is CLOSED
2022-06-29 11:33:23,512 INFO  server.RaftServer$Division (RaftServerImpl.java:requestVote(1152)) - s1@group-54B4F2458EED: receive requestVote(PRE_VOTE, s2, group-54B4F2458EED, 3, (t:3, i:31))
2022-06-29 11:33:23,512 WARN  server.GrpcServerProtocolService (LogUtils.java:warn(122)) - s1: Failed requestVote s2->s1#0: org.apache.ratis.protocol.exceptions.ServerNotReadyException: s1@group-54B4F2458EED is not in [RUNNING]: current state is CLOSED
2022-06-29 11:33:23,512 INFO  impl.LeaderElection (LogUtils.java:infoOrTrace(137)) - s2@group-54B4F2458EED-LeaderElection326 got exception when requesting votes: java.util.concurrent.ExecutionException: org.apache.ratis.thirdparty.io.grpc.StatusRuntimeException: INTERNAL: s0@group-54B4F2458EED is not in [RUNNING]: current state is CLOSED
2022-06-29 11:33:23,512 INFO  impl.LeaderElection (LogUtils.java:infoOrTrace(137)) - s2@group-54B4F2458EED-LeaderElection326 got exception when requesting votes: java.util.concurrent.ExecutionException: org.apache.ratis.thirdparty.io.grpc.StatusRuntimeException: INTERNAL: s1@group-54B4F2458EED is not in [RUNNING]: current state is CLOSED
2022-06-29 11:33:23,512 INFO  impl.LeaderElection (LeaderElection.java:logAndReturn(90)) - s2@group-54B4F2458EED-LeaderElection326: PRE_VOTE REJECTED received 0 response(s) and 2 exception(s):
2022-06-29 11:33:23,512 INFO  impl.LeaderElection (LogUtils.java:infoOrTrace(137)) -   Exception 0: java.util.concurrent.ExecutionException: org.apache.ratis.thirdparty.io.grpc.StatusRuntimeException: INTERNAL: s0@group-54B4F2458EED is not in [RUNNING]: current state is CLOSED
2022-06-29 11:33:23,512 INFO  impl.LeaderElection (LogUtils.java:infoOrTrace(137)) -   Exception 1: java.util.concurrent.ExecutionException: org.apache.ratis.thirdparty.io.grpc.StatusRuntimeException: INTERNAL: s1@group-54B4F2458EED is not in [RUNNING]: current state is CLOSED
2022-06-29 11:33:23,513 INFO  impl.LeaderElection (LeaderElection.java:askForVotes(312)) - s2@group-54B4F2458EED-LeaderElection326 PRE_VOTE round 0: result REJECTED
2022-06-29 11:33:23,513 INFO  server.RaftServer$Division (RaftServerImpl.java:setRole(299)) - s2@group-54B4F2458EED: changes role from CANDIDATE to FOLLOWER at term 3 for REJECTED
2022-06-29 11:33:23,513 INFO  impl.RoleInfo (RoleInfo.java:shutdownLeaderElection(130)) - s2: shutdown s2@group-54B4F2458EED-LeaderElection326
2022-06-29 11:33:23,513 INFO  impl.RoleInfo (RoleInfo.java:updateAndGet(139)) - s2: start s2@group-54B4F2458EED-FollowerState
2022-06-29 11:33:23,813 INFO  impl.FollowerState (FollowerState.java:run(143)) - s2@group-54B4F2458EED-FollowerState: change to CANDIDATE, lastRpcElapsedTime:299740879ns, electionTimeout:298ms
2022-06-29 11:33:23,813 INFO  impl.RoleInfo (RoleInfo.java:shutdownFollowerState(110)) - s2: shutdown s2@group-54B4F2458EED-FollowerState
2022-06-29 11:33:23,813 INFO  server.RaftServer$Division (RaftServerImpl.java:setRole(299)) - s2@group-54B4F2458EED: changes role from  FOLLOWER to CANDIDATE at term 3 for changeToCandidate
2022-06-29 11:33:23,813 INFO  server.RaftServerConfigKeys (ConfUtils.java:logGet(46)) - raft.server.leaderelection.pre-vote = true (default)
2022-06-29 11:33:23,814 INFO  impl.RoleInfo (RoleInfo.java:updateAndGet(139)) - s2: start s2@group-54B4F2458EED-LeaderElection327
2022-06-29 11:33:23,815 INFO  impl.LeaderElection (LeaderElection.java:askForVotes(310)) - s2@group-54B4F2458EED-LeaderElection327 PRE_VOTE round 0: submit vote requests at term 3 for 28: [s0|rpc:localhost:46515|admin:localhost:40757|client:localhost:41939|dataStream:localhost:35593|priority:0, s1|rpc:localhost:34095|admin:localhost:43151|client:localhost:36051|dataStream:localhost:38995|priority:0, s2|rpc:localhost:40453|admin:localhost:33947|client:localhost:38503|dataStream:localhost:42009|priority:0], old=null
2022-06-29 11:33:23,817 INFO  server.RaftServer$Division (RaftServerImpl.java:requestVote(1152)) - s0@group-54B4F2458EED: receive requestVote(PRE_VOTE, s2, group-54B4F2458EED, 3, (t:3, i:31))
2022-06-29 11:33:23,817 WARN  server.GrpcServerProtocolService (LogUtils.java:warn(122)) - s0: Failed requestVote s2->s0#0: org.apache.ratis.protocol.exceptions.ServerNotReadyException: s0@group-54B4F2458EED is not in [RUNNING]: current state is CLOSED
2022-06-29 11:33:23,817 INFO  server.RaftServer$Division (RaftServerImpl.java:requestVote(1152)) - s1@group-54B4F2458EED: receive requestVote(PRE_VOTE, s2, group-54B4F2458EED, 3, (t:3, i:31))
2022-06-29 11:33:23,817 WARN  server.GrpcServerProtocolService (LogUtils.java:warn(122)) - s1: Failed requestVote s2->s1#0: org.apache.ratis.protocol.exceptions.ServerNotReadyException: s1@group-54B4F2458EED is not in [RUNNING]: current state is CLOSED
2022-06-29 11:33:23,818 INFO  impl.LeaderElection (LogUtils.java:infoOrTrace(137)) - s2@group-54B4F2458EED-LeaderElection327 got exception when requesting votes: java.util.concurrent.ExecutionException: org.apache.ratis.thirdparty.io.grpc.StatusRuntimeException: INTERNAL: s0@group-54B4F2458EED is not in [RUNNING]: current state is CLOSED
2022-06-29 11:33:23,819 INFO  impl.LeaderElection (LogUtils.java:infoOrTrace(137)) - s2@group-54B4F2458EED-LeaderElection327 got exception when requesting votes: java.util.concurrent.ExecutionException: org.apache.ratis.thirdparty.io.grpc.StatusRuntimeException: INTERNAL: s1@group-54B4F2458EED is not in [RUNNING]: current state is CLOSED
2022-06-29 11:33:23,819 INFO  impl.LeaderElection (LeaderElection.java:logAndReturn(90)) - s2@group-54B4F2458EED-LeaderElection327: PRE_VOTE REJECTED received 0 response(s) and 2 exception(s):
2022-06-29 11:33:23,819 INFO  impl.LeaderElection (LogUtils.java:infoOrTrace(137)) -   Exception 0: java.util.concurrent.ExecutionException: org.apache.ratis.thirdparty.io.grpc.StatusRuntimeException: INTERNAL: s0@group-54B4F2458EED is not in [RUNNING]: current state is CLOSED
2022-06-29 11:33:23,819 INFO  impl.LeaderElection (LogUtils.java:infoOrTrace(137)) -   Exception 1: java.util.concurrent.ExecutionException: org.apache.ratis.thirdparty.io.grpc.StatusRuntimeException: INTERNAL: s1@group-54B4F2458EED is not in [RUNNING]: current state is CLOSED
2022-06-29 11:33:23,819 INFO  impl.LeaderElection (LeaderElection.java:askForVotes(312)) - s2@group-54B4F2458EED-LeaderElection327 PRE_VOTE round 0: result REJECTED
2022-06-29 11:33:23,819 INFO  server.RaftServer$Division (RaftServerImpl.java:setRole(299)) - s2@group-54B4F2458EED: changes role from CANDIDATE to FOLLOWER at term 3 for REJECTED
2022-06-29 11:33:23,819 INFO  impl.RoleInfo (RoleInfo.java:shutdownLeaderElection(130)) - s2: shutdown s2@group-54B4F2458EED-LeaderElection327
2022-06-29 11:33:23,819 INFO  impl.RoleInfo (RoleInfo.java:updateAndGet(139)) - s2: start s2@group-54B4F2458EED-FollowerState
2022-06-29 11:33:24,005 INFO  impl.FollowerState (FollowerState.java:run(143)) - s2@group-54B4F2458EED-FollowerState: change to CANDIDATE, lastRpcElapsedTime:185459476ns, electionTimeout:183ms
2022-06-29 11:33:24,005 INFO  impl.RoleInfo (RoleInfo.java:shutdownFollowerState(110)) - s2: shutdown s2@group-54B4F2458EED-FollowerState
2022-06-29 11:33:24,005 INFO  server.RaftServer$Division (RaftServerImpl.java:setRole(299)) - s2@group-54B4F2458EED: changes role from  FOLLOWER to CANDIDATE at term 3 for changeToCandidate
2022-06-29 11:33:24,005 INFO  server.RaftServerConfigKeys (ConfUtils.java:logGet(46)) - raft.server.leaderelection.pre-vote = true (default)
2022-06-29 11:33:24,005 INFO  impl.RoleInfo (RoleInfo.java:updateAndGet(139)) - s2: start s2@group-54B4F2458EED-LeaderElection328
2022-06-29 11:33:24,006 INFO  impl.LeaderElection (LeaderElection.java:askForVotes(310)) - s2@group-54B4F2458EED-LeaderElection328 PRE_VOTE round 0: submit vote requests at term 3 for 28: [s0|rpc:localhost:46515|admin:localhost:40757|client:localhost:41939|dataStream:localhost:35593|priority:0, s1|rpc:localhost:34095|admin:localhost:43151|client:localhost:36051|dataStream:localhost:38995|priority:0, s2|rpc:localhost:40453|admin:localhost:33947|client:localhost:38503|dataStream:localhost:42009|priority:0], old=null
2022-06-29 11:33:24,012 INFO  server.RaftServer$Division (RaftServerImpl.java:requestVote(1152)) - s0@group-54B4F2458EED: receive requestVote(PRE_VOTE, s2, group-54B4F2458EED, 3, (t:3, i:31))
2022-06-29 11:33:24,012 WARN  server.GrpcServerProtocolService (LogUtils.java:warn(122)) - s0: Failed requestVote s2->s0#0: org.apache.ratis.protocol.exceptions.ServerNotReadyException: s0@group-54B4F2458EED is not in [RUNNING]: current state is CLOSED
2022-06-29 11:33:24,013 INFO  server.RaftServer$Division (RaftServerImpl.java:requestVote(1152)) - s1@group-54B4F2458EED: receive requestVote(PRE_VOTE, s2, group-54B4F2458EED, 3, (t:3, i:31))
2022-06-29 11:33:24,013 WARN  server.GrpcServerProtocolService (LogUtils.java:warn(122)) - s1: Failed requestVote s2->s1#0: org.apache.ratis.protocol.exceptions.ServerNotReadyException: s1@group-54B4F2458EED is not in [RUNNING]: current state is CLOSED
2022-06-29 11:33:24,013 INFO  impl.LeaderElection (LogUtils.java:infoOrTrace(137)) - s2@group-54B4F2458EED-LeaderElection328 got exception when requesting votes: java.util.concurrent.ExecutionException: org.apache.ratis.thirdparty.io.grpc.StatusRuntimeException: INTERNAL: s0@group-54B4F2458EED is not in [RUNNING]: current state is CLOSED
2022-06-29 11:33:24,013 INFO  impl.LeaderElection (LogUtils.java:infoOrTrace(137)) - s2@group-54B4F2458EED-LeaderElection328 got exception when requesting votes: java.util.concurrent.ExecutionException: org.apache.ratis.thirdparty.io.grpc.StatusRuntimeException: INTERNAL: s1@group-54B4F2458EED is not in [RUNNING]: current state is CLOSED
2022-06-29 11:33:24,013 INFO  impl.LeaderElection (LeaderElection.java:logAndReturn(90)) - s2@group-54B4F2458EED-LeaderElection328: PRE_VOTE REJECTED received 0 response(s) and 2 exception(s):
2022-06-29 11:33:24,013 INFO  impl.LeaderElection (LogUtils.java:infoOrTrace(137)) -   Exception 0: java.util.concurrent.ExecutionException: org.apache.ratis.thirdparty.io.grpc.StatusRuntimeException: INTERNAL: s0@group-54B4F2458EED is not in [RUNNING]: current state is CLOSED
2022-06-29 11:33:24,013 INFO  impl.LeaderElection (LogUtils.java:infoOrTrace(137)) -   Exception 1: java.util.concurrent.ExecutionException: org.apache.ratis.thirdparty.io.grpc.StatusRuntimeException: INTERNAL: s1@group-54B4F2458EED is not in [RUNNING]: current state is CLOSED
2022-06-29 11:33:24,013 INFO  impl.LeaderElection (LeaderElection.java:askForVotes(312)) - s2@group-54B4F2458EED-LeaderElection328 PRE_VOTE round 0: result REJECTED
2022-06-29 11:33:24,014 INFO  server.RaftServer$Division (RaftServerImpl.java:setRole(299)) - s2@group-54B4F2458EED: changes role from CANDIDATE to FOLLOWER at term 3 for REJECTED
2022-06-29 11:33:24,014 INFO  impl.RoleInfo (RoleInfo.java:shutdownLeaderElection(130)) - s2: shutdown s2@group-54B4F2458EED-LeaderElection328
2022-06-29 11:33:24,014 INFO  impl.RoleInfo (RoleInfo.java:updateAndGet(139)) - s2: start s2@group-54B4F2458EED-FollowerState
2022-06-29 11:33:24,289 INFO  impl.FollowerState (FollowerState.java:run(143)) - s2@group-54B4F2458EED-FollowerState: change to CANDIDATE, lastRpcElapsedTime:274958267ns, electionTimeout:274ms
2022-06-29 11:33:24,289 INFO  impl.RoleInfo (RoleInfo.java:shutdownFollowerState(110)) - s2: shutdown s2@group-54B4F2458EED-FollowerState
2022-06-29 11:33:24,289 INFO  server.RaftServer$Division (RaftServerImpl.java:setRole(299)) - s2@group-54B4F2458EED: changes role from  FOLLOWER to CANDIDATE at term 3 for changeToCandidate
2022-06-29 11:33:24,290 INFO  server.RaftServerConfigKeys (ConfUtils.java:logGet(46)) - raft.server.leaderelection.pre-vote = true (default)
2022-06-29 11:33:24,290 INFO  impl.RoleInfo (RoleInfo.java:updateAndGet(139)) - s2: start s2@group-54B4F2458EED-LeaderElection329
2022-06-29 11:33:24,291 INFO  impl.LeaderElection (LeaderElection.java:askForVotes(310)) - s2@group-54B4F2458EED-LeaderElection329 PRE_VOTE round 0: submit vote requests at term 3 for 28: [s0|rpc:localhost:46515|admin:localhost:40757|client:localhost:41939|dataStream:localhost:35593|priority:0, s1|rpc:localhost:34095|admin:localhost:43151|client:localhost:36051|dataStream:localhost:38995|priority:0, s2|rpc:localhost:40453|admin:localhost:33947|client:localhost:38503|dataStream:localhost:42009|priority:0], old=null
2022-06-29 11:33:24,294 INFO  server.RaftServer$Division (RaftServerImpl.java:requestVote(1152)) - s1@group-54B4F2458EED: receive requestVote(PRE_VOTE, s2, group-54B4F2458EED, 3, (t:3, i:31))
2022-06-29 11:33:24,294 INFO  server.RaftServer$Division (RaftServerImpl.java:requestVote(1152)) - s0@group-54B4F2458EED: receive requestVote(PRE_VOTE, s2, group-54B4F2458EED, 3, (t:3, i:31))
2022-06-29 11:33:24,294 WARN  server.GrpcServerProtocolService (LogUtils.java:warn(122)) - s1: Failed requestVote s2->s1#0: org.apache.ratis.protocol.exceptions.ServerNotReadyException: s1@group-54B4F2458EED is not in [RUNNING]: current state is CLOSED
2022-06-29 11:33:24,294 WARN  server.GrpcServerProtocolService (LogUtils.java:warn(122)) - s0: Failed requestVote s2->s0#0: org.apache.ratis.protocol.exceptions.ServerNotReadyException: s0@group-54B4F2458EED is not in [RUNNING]: current state is CLOSED
2022-06-29 11:33:24,295 INFO  impl.LeaderElection (LogUtils.java:infoOrTrace(137)) - s2@group-54B4F2458EED-LeaderElection329 got exception when requesting votes: java.util.concurrent.ExecutionException: org.apache.ratis.thirdparty.io.grpc.StatusRuntimeException: INTERNAL: s0@group-54B4F2458EED is not in [RUNNING]: current state is CLOSED
2022-06-29 11:33:24,296 INFO  impl.LeaderElection (LogUtils.java:infoOrTrace(137)) - s2@group-54B4F2458EED-LeaderElection329 got exception when requesting votes: java.util.concurrent.ExecutionException: org.apache.ratis.thirdparty.io.grpc.StatusRuntimeException: INTERNAL: s1@group-54B4F2458EED is not in [RUNNING]: current state is CLOSED
2022-06-29 11:33:24,296 INFO  impl.LeaderElection (LeaderElection.java:logAndReturn(90)) - s2@group-54B4F2458EED-LeaderElection329: PRE_VOTE REJECTED received 0 response(s) and 2 exception(s):
2022-06-29 11:33:24,296 INFO  impl.LeaderElection (LogUtils.java:infoOrTrace(137)) -   Exception 0: java.util.concurrent.ExecutionException: org.apache.ratis.thirdparty.io.grpc.StatusRuntimeException: INTERNAL: s0@group-54B4F2458EED is not in [RUNNING]: current state is CLOSED
2022-06-29 11:33:24,296 INFO  impl.LeaderElection (LogUtils.java:infoOrTrace(137)) -   Exception 1: java.util.concurrent.ExecutionException: org.apache.ratis.thirdparty.io.grpc.StatusRuntimeException: INTERNAL: s1@group-54B4F2458EED is not in [RUNNING]: current state is CLOSED
2022-06-29 11:33:24,296 INFO  impl.LeaderElection (LeaderElection.java:askForVotes(312)) - s2@group-54B4F2458EED-LeaderElection329 PRE_VOTE round 0: result REJECTED
2022-06-29 11:33:24,296 INFO  server.RaftServer$Division (RaftServerImpl.java:setRole(299)) - s2@group-54B4F2458EED: changes role from CANDIDATE to FOLLOWER at term 3 for REJECTED
2022-06-29 11:33:24,296 INFO  impl.RoleInfo (RoleInfo.java:shutdownLeaderElection(130)) - s2: shutdown s2@group-54B4F2458EED-LeaderElection329
2022-06-29 11:33:24,296 INFO  impl.RoleInfo (RoleInfo.java:updateAndGet(139)) - s2: start s2@group-54B4F2458EED-FollowerState
2022-06-29 11:33:24,460 INFO  impl.FollowerState (FollowerState.java:run(143)) - s2@group-54B4F2458EED-FollowerState: change to CANDIDATE, lastRpcElapsedTime:163933807ns, electionTimeout:161ms
2022-06-29 11:33:24,460 INFO  impl.RoleInfo (RoleInfo.java:shutdownFollowerState(110)) - s2: shutdown s2@group-54B4F2458EED-FollowerState
2022-06-29 11:33:24,460 INFO  server.RaftServer$Division (RaftServerImpl.java:setRole(299)) - s2@group-54B4F2458EED: changes role from  FOLLOWER to CANDIDATE at term 3 for changeToCandidate
2022-06-29 11:33:24,461 INFO  server.RaftServerConfigKeys (ConfUtils.java:logGet(46)) - raft.server.leaderelection.pre-vote = true (default)
2022-06-29 11:33:24,461 INFO  impl.RoleInfo (RoleInfo.java:updateAndGet(139)) - s2: start s2@group-54B4F2458EED-LeaderElection330
2022-06-29 11:33:24,463 INFO  impl.LeaderElection (LeaderElection.java:askForVotes(310)) - s2@group-54B4F2458EED-LeaderElection330 PRE_VOTE round 0: submit vote requests at term 3 for 28: [s0|rpc:localhost:46515|admin:localhost:40757|client:localhost:41939|dataStream:localhost:35593|priority:0, s1|rpc:localhost:34095|admin:localhost:43151|client:localhost:36051|dataStream:localhost:38995|priority:0, s2|rpc:localhost:40453|admin:localhost:33947|client:localhost:38503|dataStream:localhost:42009|priority:0], old=null
2022-06-29 11:33:24,466 INFO  server.RaftServer$Division (RaftServerImpl.java:requestVote(1152)) - s0@group-54B4F2458EED: receive requestVote(PRE_VOTE, s2, group-54B4F2458EED, 3, (t:3, i:31))
2022-06-29 11:33:24,466 WARN  server.GrpcServerProtocolService (LogUtils.java:warn(122)) - s0: Failed requestVote s2->s0#0: org.apache.ratis.protocol.exceptions.ServerNotReadyException: s0@group-54B4F2458EED is not in [RUNNING]: current state is CLOSED
2022-06-29 11:33:24,466 INFO  server.RaftServer$Division (RaftServerImpl.java:requestVote(1152)) - s1@group-54B4F2458EED: receive requestVote(PRE_VOTE, s2, group-54B4F2458EED, 3, (t:3, i:31))
2022-06-29 11:33:24,467 WARN  server.GrpcServerProtocolService (LogUtils.java:warn(122)) - s1: Failed requestVote s2->s1#0: org.apache.ratis.protocol.exceptions.ServerNotReadyException: s1@group-54B4F2458EED is not in [RUNNING]: current state is CLOSED
2022-06-29 11:33:24,467 INFO  impl.LeaderElection (LogUtils.java:infoOrTrace(137)) - s2@group-54B4F2458EED-LeaderElection330 got exception when requesting votes: java.util.concurrent.ExecutionException: org.apache.ratis.thirdparty.io.grpc.StatusRuntimeException: INTERNAL: s0@group-54B4F2458EED is not in [RUNNING]: current state is CLOSED
2022-06-29 11:33:24,467 INFO  impl.LeaderElection (LogUtils.java:infoOrTrace(137)) - s2@group-54B4F2458EED-LeaderElection330 got exception when requesting votes: java.util.concurrent.ExecutionException: org.apache.ratis.thirdparty.io.grpc.StatusRuntimeException: INTERNAL: s1@group-54B4F2458EED is not in [RUNNING]: current state is CLOSED
2022-06-29 11:33:24,467 INFO  impl.LeaderElection (LeaderElection.java:logAndReturn(90)) - s2@group-54B4F2458EED-LeaderElection330: PRE_VOTE REJECTED received 0 response(s) and 2 exception(s):
2022-06-29 11:33:24,467 INFO  impl.LeaderElection (LogUtils.java:infoOrTrace(137)) -   Exception 0: java.util.concurrent.ExecutionException: org.apache.ratis.thirdparty.io.grpc.StatusRuntimeException: INTERNAL: s0@group-54B4F2458EED is not in [RUNNING]: current state is CLOSED
2022-06-29 11:33:24,467 INFO  impl.LeaderElection (LogUtils.java:infoOrTrace(137)) -   Exception 1: java.util.concurrent.ExecutionException: org.apache.ratis.thirdparty.io.grpc.StatusRuntimeException: INTERNAL: s1@group-54B4F2458EED is not in [RUNNING]: current state is CLOSED
2022-06-29 11:33:24,468 INFO  impl.LeaderElection (LeaderElection.java:askForVotes(312)) - s2@group-54B4F2458EED-LeaderElection330 PRE_VOTE round 0: result REJECTED
2022-06-29 11:33:24,468 INFO  server.RaftServer$Division (RaftServerImpl.java:setRole(299)) - s2@group-54B4F2458EED: changes role from CANDIDATE to FOLLOWER at term 3 for REJECTED
2022-06-29 11:33:24,468 INFO  impl.RoleInfo (RoleInfo.java:shutdownLeaderElection(130)) - s2: shutdown s2@group-54B4F2458EED-LeaderElection330
2022-06-29 11:33:24,468 INFO  impl.RoleInfo (RoleInfo.java:updateAndGet(139)) - s2: start s2@group-54B4F2458EED-FollowerState
2022-06-29 11:33:24,637 INFO  impl.FollowerState (FollowerState.java:run(143)) - s2@group-54B4F2458EED-FollowerState: change to CANDIDATE, lastRpcElapsedTime:168545464ns, electionTimeout:167ms
2022-06-29 11:33:24,637 INFO  impl.RoleInfo (RoleInfo.java:shutdownFollowerState(110)) - s2: shutdown s2@group-54B4F2458EED-FollowerState
2022-06-29 11:33:24,637 INFO  server.RaftServer$Division (RaftServerImpl.java:setRole(299)) - s2@group-54B4F2458EED: changes role from  FOLLOWER to CANDIDATE at term 3 for changeToCandidate
2022-06-29 11:33:24,637 INFO  server.RaftServerConfigKeys (ConfUtils.java:logGet(46)) - raft.server.leaderelection.pre-vote = true (default)
2022-06-29 11:33:24,637 INFO  impl.RoleInfo (RoleInfo.java:updateAndGet(139)) - s2: start s2@group-54B4F2458EED-LeaderElection331
2022-06-29 11:33:24,638 INFO  impl.LeaderElection (LeaderElection.java:askForVotes(310)) - s2@group-54B4F2458EED-LeaderElection331 PRE_VOTE round 0: submit vote requests at term 3 for 28: [s0|rpc:localhost:46515|admin:localhost:40757|client:localhost:41939|dataStream:localhost:35593|priority:0, s1|rpc:localhost:34095|admin:localhost:43151|client:localhost:36051|dataStream:localhost:38995|priority:0, s2|rpc:localhost:40453|admin:localhost:33947|client:localhost:38503|dataStream:localhost:42009|priority:0], old=null
2022-06-29 11:33:24,642 INFO  server.RaftServer$Division (RaftServerImpl.java:requestVote(1152)) - s0@group-54B4F2458EED: receive requestVote(PRE_VOTE, s2, group-54B4F2458EED, 3, (t:3, i:31))
2022-06-29 11:33:24,642 WARN  server.GrpcServerProtocolService (LogUtils.java:warn(122)) - s0: Failed requestVote s2->s0#0: org.apache.ratis.protocol.exceptions.ServerNotReadyException: s0@group-54B4F2458EED is not in [RUNNING]: current state is CLOSED
2022-06-29 11:33:24,642 INFO  server.RaftServer$Division (RaftServerImpl.java:requestVote(1152)) - s1@group-54B4F2458EED: receive requestVote(PRE_VOTE, s2, group-54B4F2458EED, 3, (t:3, i:31))
2022-06-29 11:33:24,642 INFO  impl.LeaderElection (LogUtils.java:infoOrTrace(137)) - s2@group-54B4F2458EED-LeaderElection331 got exception when requesting votes: java.util.concurrent.ExecutionException: org.apache.ratis.thirdparty.io.grpc.StatusRuntimeException: INTERNAL: s0@group-54B4F2458EED is not in [RUNNING]: current state is CLOSED
2022-06-29 11:33:24,642 WARN  server.GrpcServerProtocolService (LogUtils.java:warn(122)) - s1: Failed requestVote s2->s1#0: org.apache.ratis.protocol.exceptions.ServerNotReadyException: s1@group-54B4F2458EED is not in [RUNNING]: current state is CLOSED
2022-06-29 11:33:24,644 INFO  impl.LeaderElection (LogUtils.java:infoOrTrace(137)) - s2@group-54B4F2458EED-LeaderElection331 got exception when requesting votes: java.util.concurrent.ExecutionException: org.apache.ratis.thirdparty.io.grpc.StatusRuntimeException: INTERNAL: s1@group-54B4F2458EED is not in [RUNNING]: current state is CLOSED
2022-06-29 11:33:24,644 INFO  impl.LeaderElection (LeaderElection.java:logAndReturn(90)) - s2@group-54B4F2458EED-LeaderElection331: PRE_VOTE REJECTED received 0 response(s) and 2 exception(s):
2022-06-29 11:33:24,644 INFO  impl.LeaderElection (LogUtils.java:infoOrTrace(137)) -   Exception 0: java.util.concurrent.ExecutionException: org.apache.ratis.thirdparty.io.grpc.StatusRuntimeException: INTERNAL: s0@group-54B4F2458EED is not in [RUNNING]: current state is CLOSED
2022-06-29 11:33:24,644 INFO  impl.LeaderElection (LogUtils.java:infoOrTrace(137)) -   Exception 1: java.util.concurrent.ExecutionException: org.apache.ratis.thirdparty.io.grpc.StatusRuntimeException: INTERNAL: s1@group-54B4F2458EED is not in [RUNNING]: current state is CLOSED
2022-06-29 11:33:24,644 INFO  impl.LeaderElection (LeaderElection.java:askForVotes(312)) - s2@group-54B4F2458EED-LeaderElection331 PRE_VOTE round 0: result REJECTED
2022-06-29 11:33:24,644 INFO  server.RaftServer$Division (RaftServerImpl.java:setRole(299)) - s2@group-54B4F2458EED: changes role from CANDIDATE to FOLLOWER at term 3 for REJECTED
2022-06-29 11:33:24,644 INFO  impl.RoleInfo (RoleInfo.java:shutdownLeaderElection(130)) - s2: shutdown s2@group-54B4F2458EED-LeaderElection331
2022-06-29 11:33:24,644 INFO  impl.RoleInfo (RoleInfo.java:updateAndGet(139)) - s2: start s2@group-54B4F2458EED-FollowerState
2022-06-29 11:33:24,898 INFO  impl.FollowerState (FollowerState.java:run(143)) - s2@group-54B4F2458EED-FollowerState: change to CANDIDATE, lastRpcElapsedTime:254407715ns, electionTimeout:253ms
2022-06-29 11:33:24,898 INFO  impl.RoleInfo (RoleInfo.java:shutdownFollowerState(110)) - s2: shutdown s2@group-54B4F2458EED-FollowerState
2022-06-29 11:33:24,899 INFO  server.RaftServer$Division (RaftServerImpl.java:setRole(299)) - s2@group-54B4F2458EED: changes role from  FOLLOWER to CANDIDATE at term 3 for changeToCandidate
2022-06-29 11:33:24,899 INFO  server.RaftServerConfigKeys (ConfUtils.java:logGet(46)) - raft.server.leaderelection.pre-vote = true (default)
2022-06-29 11:33:24,899 INFO  impl.RoleInfo (RoleInfo.java:updateAndGet(139)) - s2: start s2@group-54B4F2458EED-LeaderElection332
2022-06-29 11:33:24,901 INFO  impl.LeaderElection (LeaderElection.java:askForVotes(310)) - s2@group-54B4F2458EED-LeaderElection332 PRE_VOTE round 0: submit vote requests at term 3 for 28: [s0|rpc:localhost:46515|admin:localhost:40757|client:localhost:41939|dataStream:localhost:35593|priority:0, s1|rpc:localhost:34095|admin:localhost:43151|client:localhost:36051|dataStream:localhost:38995|priority:0, s2|rpc:localhost:40453|admin:localhost:33947|client:localhost:38503|dataStream:localhost:42009|priority:0], old=null
2022-06-29 11:33:24,904 INFO  server.RaftServer$Division (RaftServerImpl.java:requestVote(1152)) - s0@group-54B4F2458EED: receive requestVote(PRE_VOTE, s2, group-54B4F2458EED, 3, (t:3, i:31))
2022-06-29 11:33:24,904 WARN  server.GrpcServerProtocolService (LogUtils.java:warn(122)) - s0: Failed requestVote s2->s0#0: org.apache.ratis.protocol.exceptions.ServerNotReadyException: s0@group-54B4F2458EED is not in [RUNNING]: current state is CLOSED
2022-06-29 11:33:24,904 INFO  server.RaftServer$Division (RaftServerImpl.java:requestVote(1152)) - s1@group-54B4F2458EED: receive requestVote(PRE_VOTE, s2, group-54B4F2458EED, 3, (t:3, i:31))
2022-06-29 11:33:24,904 WARN  server.GrpcServerProtocolService (LogUtils.java:warn(122)) - s1: Failed requestVote s2->s1#0: org.apache.ratis.protocol.exceptions.ServerNotReadyException: s1@group-54B4F2458EED is not in [RUNNING]: current state is CLOSED
2022-06-29 11:33:24,905 INFO  impl.LeaderElection (LogUtils.java:infoOrTrace(137)) - s2@group-54B4F2458EED-LeaderElection332 got exception when requesting votes: java.util.concurrent.ExecutionException: org.apache.ratis.thirdparty.io.grpc.StatusRuntimeException: INTERNAL: s0@group-54B4F2458EED is not in [RUNNING]: current state is CLOSED
2022-06-29 11:33:24,906 INFO  impl.LeaderElection (LogUtils.java:infoOrTrace(137)) - s2@group-54B4F2458EED-LeaderElection332 got exception when requesting votes: java.util.concurrent.ExecutionException: org.apache.ratis.thirdparty.io.grpc.StatusRuntimeException: INTERNAL: s1@group-54B4F2458EED is not in [RUNNING]: current state is CLOSED
2022-06-29 11:33:24,906 INFO  impl.LeaderElection (LeaderElection.java:logAndReturn(90)) - s2@group-54B4F2458EED-LeaderElection332: PRE_VOTE REJECTED received 0 response(s) and 2 exception(s):
2022-06-29 11:33:24,906 INFO  impl.LeaderElection (LogUtils.java:infoOrTrace(137)) -   Exception 0: java.util.concurrent.ExecutionException: org.apache.ratis.thirdparty.io.grpc.StatusRuntimeException: INTERNAL: s0@group-54B4F2458EED is not in [RUNNING]: current state is CLOSED
2022-06-29 11:33:24,906 INFO  impl.LeaderElection (LogUtils.java:infoOrTrace(137)) -   Exception 1: java.util.concurrent.ExecutionException: org.apache.ratis.thirdparty.io.grpc.StatusRuntimeException: INTERNAL: s1@group-54B4F2458EED is not in [RUNNING]: current state is CLOSED
2022-06-29 11:33:24,906 INFO  impl.LeaderElection (LeaderElection.java:askForVotes(312)) - s2@group-54B4F2458EED-LeaderElection332 PRE_VOTE round 0: result REJECTED
2022-06-29 11:33:24,906 INFO  server.RaftServer$Division (RaftServerImpl.java:setRole(299)) - s2@group-54B4F2458EED: changes role from CANDIDATE to FOLLOWER at term 3 for REJECTED
2022-06-29 11:33:24,906 INFO  impl.RoleInfo (RoleInfo.java:shutdownLeaderElection(130)) - s2: shutdown s2@group-54B4F2458EED-LeaderElection332
2022-06-29 11:33:24,906 INFO  impl.RoleInfo (RoleInfo.java:updateAndGet(139)) - s2: start s2@group-54B4F2458EED-FollowerState
2022-06-29 11:33:25,076 INFO  impl.FollowerState (FollowerState.java:run(143)) - s2@group-54B4F2458EED-FollowerState: change to CANDIDATE, lastRpcElapsedTime:170255483ns, electionTimeout:168ms
2022-06-29 11:33:25,076 INFO  impl.RoleInfo (RoleInfo.java:shutdownFollowerState(110)) - s2: shutdown s2@group-54B4F2458EED-FollowerState
2022-06-29 11:33:25,076 INFO  server.RaftServer$Division (RaftServerImpl.java:setRole(299)) - s2@group-54B4F2458EED: changes role from  FOLLOWER to CANDIDATE at term 3 for changeToCandidate
2022-06-29 11:33:25,076 INFO  server.RaftServerConfigKeys (ConfUtils.java:logGet(46)) - raft.server.leaderelection.pre-vote = true (default)
2022-06-29 11:33:25,077 INFO  impl.RoleInfo (RoleInfo.java:updateAndGet(139)) - s2: start s2@group-54B4F2458EED-LeaderElection333
2022-06-29 11:33:25,078 INFO  impl.LeaderElection (LeaderElection.java:askForVotes(310)) - s2@group-54B4F2458EED-LeaderElection333 PRE_VOTE round 0: submit vote requests at term 3 for 28: [s0|rpc:localhost:46515|admin:localhost:40757|client:localhost:41939|dataStream:localhost:35593|priority:0, s1|rpc:localhost:34095|admin:localhost:43151|client:localhost:36051|dataStream:localhost:38995|priority:0, s2|rpc:localhost:40453|admin:localhost:33947|client:localhost:38503|dataStream:localhost:42009|priority:0], old=null
2022-06-29 11:33:25,082 INFO  server.RaftServer$Division (RaftServerImpl.java:requestVote(1152)) - s1@group-54B4F2458EED: receive requestVote(PRE_VOTE, s2, group-54B4F2458EED, 3, (t:3, i:31))
2022-06-29 11:33:25,082 WARN  server.GrpcServerProtocolService (LogUtils.java:warn(122)) - s1: Failed requestVote s2->s1#0: org.apache.ratis.protocol.exceptions.ServerNotReadyException: s1@group-54B4F2458EED is not in [RUNNING]: current state is CLOSED
2022-06-29 11:33:25,084 INFO  impl.LeaderElection (LogUtils.java:infoOrTrace(137)) - s2@group-54B4F2458EED-LeaderElection333 got exception when requesting votes: java.util.concurrent.ExecutionException: org.apache.ratis.thirdparty.io.grpc.StatusRuntimeException: INTERNAL: s1@group-54B4F2458EED is not in [RUNNING]: current state is CLOSED
2022-06-29 11:33:25,084 INFO  server.RaftServer$Division (RaftServerImpl.java:requestVote(1152)) - s0@group-54B4F2458EED: receive requestVote(PRE_VOTE, s2, group-54B4F2458EED, 3, (t:3, i:31))
2022-06-29 11:33:25,084 WARN  server.GrpcServerProtocolService (LogUtils.java:warn(122)) - s0: Failed requestVote s2->s0#0: org.apache.ratis.protocol.exceptions.ServerNotReadyException: s0@group-54B4F2458EED is not in [RUNNING]: current state is CLOSED
2022-06-29 11:33:25,085 INFO  impl.LeaderElection (LogUtils.java:infoOrTrace(137)) - s2@group-54B4F2458EED-LeaderElection333 got exception when requesting votes: java.util.concurrent.ExecutionException: org.apache.ratis.thirdparty.io.grpc.StatusRuntimeException: INTERNAL: s0@group-54B4F2458EED is not in [RUNNING]: current state is CLOSED
2022-06-29 11:33:25,085 INFO  impl.LeaderElection (LeaderElection.java:logAndReturn(90)) - s2@group-54B4F2458EED-LeaderElection333: PRE_VOTE REJECTED received 0 response(s) and 2 exception(s):
2022-06-29 11:33:25,085 INFO  impl.LeaderElection (LogUtils.java:infoOrTrace(137)) -   Exception 0: java.util.concurrent.ExecutionException: org.apache.ratis.thirdparty.io.grpc.StatusRuntimeException: INTERNAL: s1@group-54B4F2458EED is not in [RUNNING]: current state is CLOSED
2022-06-29 11:33:25,085 INFO  impl.LeaderElection (LogUtils.java:infoOrTrace(137)) -   Exception 1: java.util.concurrent.ExecutionException: org.apache.ratis.thirdparty.io.grpc.StatusRuntimeException: INTERNAL: s0@group-54B4F2458EED is not in [RUNNING]: current state is CLOSED
2022-06-29 11:33:25,085 INFO  impl.LeaderElection (LeaderElection.java:askForVotes(312)) - s2@group-54B4F2458EED-LeaderElection333 PRE_VOTE round 0: result REJECTED
2022-06-29 11:33:25,085 INFO  server.RaftServer$Division (RaftServerImpl.java:setRole(299)) - s2@group-54B4F2458EED: changes role from CANDIDATE to FOLLOWER at term 3 for REJECTED
2022-06-29 11:33:25,085 INFO  impl.RoleInfo (RoleInfo.java:shutdownLeaderElection(130)) - s2: shutdown s2@group-54B4F2458EED-LeaderElection333
2022-06-29 11:33:25,086 INFO  impl.RoleInfo (RoleInfo.java:updateAndGet(139)) - s2: start s2@group-54B4F2458EED-FollowerState
2022-06-29 11:33:25,285 INFO  impl.FollowerState (FollowerState.java:run(143)) - s2@group-54B4F2458EED-FollowerState: change to CANDIDATE, lastRpcElapsedTime:199872841ns, electionTimeout:198ms
2022-06-29 11:33:25,285 INFO  impl.RoleInfo (RoleInfo.java:shutdownFollowerState(110)) - s2: shutdown s2@group-54B4F2458EED-FollowerState
2022-06-29 11:33:25,286 INFO  server.RaftServer$Division (RaftServerImpl.java:setRole(299)) - s2@group-54B4F2458EED: changes role from  FOLLOWER to CANDIDATE at term 3 for changeToCandidate
2022-06-29 11:33:25,286 INFO  server.RaftServerConfigKeys (ConfUtils.java:logGet(46)) - raft.server.leaderelection.pre-vote = true (default)
2022-06-29 11:33:25,286 INFO  impl.RoleInfo (RoleInfo.java:updateAndGet(139)) - s2: start s2@group-54B4F2458EED-LeaderElection334
2022-06-29 11:33:25,287 INFO  impl.LeaderElection (LeaderElection.java:askForVotes(310)) - s2@group-54B4F2458EED-LeaderElection334 PRE_VOTE round 0: submit vote requests at term 3 for 28: [s0|rpc:localhost:46515|admin:localhost:40757|client:localhost:41939|dataStream:localhost:35593|priority:0, s1|rpc:localhost:34095|admin:localhost:43151|client:localhost:36051|dataStream:localhost:38995|priority:0, s2|rpc:localhost:40453|admin:localhost:33947|client:localhost:38503|dataStream:localhost:42009|priority:0], old=null
2022-06-29 11:33:25,305 INFO  server.RaftServer$Division (RaftServerImpl.java:requestVote(1152)) - s0@group-54B4F2458EED: receive requestVote(PRE_VOTE, s2, group-54B4F2458EED, 3, (t:3, i:31))
2022-06-29 11:33:25,305 WARN  server.GrpcServerProtocolService (LogUtils.java:warn(122)) - s0: Failed requestVote s2->s0#0: org.apache.ratis.protocol.exceptions.ServerNotReadyException: s0@group-54B4F2458EED is not in [RUNNING]: current state is CLOSED
2022-06-29 11:33:25,306 INFO  server.RaftServer$Division (RaftServerImpl.java:requestVote(1152)) - s1@group-54B4F2458EED: receive requestVote(PRE_VOTE, s2, group-54B4F2458EED, 3, (t:3, i:31))
2022-06-29 11:33:25,306 WARN  server.GrpcServerProtocolService (LogUtils.java:warn(122)) - s1: Failed requestVote s2->s1#0: org.apache.ratis.protocol.exceptions.ServerNotReadyException: s1@group-54B4F2458EED is not in [RUNNING]: current state is CLOSED
2022-06-29 11:33:25,306 INFO  impl.LeaderElection (LogUtils.java:infoOrTrace(137)) - s2@group-54B4F2458EED-LeaderElection334 got exception when requesting votes: java.util.concurrent.ExecutionException: org.apache.ratis.thirdparty.io.grpc.StatusRuntimeException: INTERNAL: s1@group-54B4F2458EED is not in [RUNNING]: current state is CLOSED
2022-06-29 11:33:25,307 INFO  impl.LeaderElection (LogUtils.java:infoOrTrace(137)) - s2@group-54B4F2458EED-LeaderElection334 got exception when requesting votes: java.util.concurrent.ExecutionException: org.apache.ratis.thirdparty.io.grpc.StatusRuntimeException: INTERNAL: s0@group-54B4F2458EED is not in [RUNNING]: current state is CLOSED
2022-06-29 11:33:25,307 INFO  impl.LeaderElection (LeaderElection.java:logAndReturn(90)) - s2@group-54B4F2458EED-LeaderElection334: PRE_VOTE REJECTED received 0 response(s) and 2 exception(s):
2022-06-29 11:33:25,307 INFO  impl.LeaderElection (LogUtils.java:infoOrTrace(137)) -   Exception 0: java.util.concurrent.ExecutionException: org.apache.ratis.thirdparty.io.grpc.StatusRuntimeException: INTERNAL: s1@group-54B4F2458EED is not in [RUNNING]: current state is CLOSED
2022-06-29 11:33:25,307 INFO  impl.LeaderElection (LogUtils.java:infoOrTrace(137)) -   Exception 1: java.util.concurrent.ExecutionException: org.apache.ratis.thirdparty.io.grpc.StatusRuntimeException: INTERNAL: s0@group-54B4F2458EED is not in [RUNNING]: current state is CLOSED
2022-06-29 11:33:25,307 INFO  impl.LeaderElection (LeaderElection.java:askForVotes(312)) - s2@group-54B4F2458EED-LeaderElection334 PRE_VOTE round 0: result REJECTED
2022-06-29 11:33:25,307 INFO  server.RaftServer$Division (RaftServerImpl.java:setRole(299)) - s2@group-54B4F2458EED: changes role from CANDIDATE to FOLLOWER at term 3 for REJECTED
2022-06-29 11:33:25,307 INFO  impl.RoleInfo (RoleInfo.java:shutdownLeaderElection(130)) - s2: shutdown s2@group-54B4F2458EED-LeaderElection334
2022-06-29 11:33:25,307 INFO  impl.RoleInfo (RoleInfo.java:updateAndGet(139)) - s2: start s2@group-54B4F2458EED-FollowerState
2022-06-29 11:33:25,474 INFO  impl.FollowerState (FollowerState.java:run(143)) - s2@group-54B4F2458EED-FollowerState: change to CANDIDATE, lastRpcElapsedTime:166743537ns, electionTimeout:165ms
2022-06-29 11:33:25,474 INFO  impl.RoleInfo (RoleInfo.java:shutdownFollowerState(110)) - s2: shutdown s2@group-54B4F2458EED-FollowerState
2022-06-29 11:33:25,474 INFO  server.RaftServer$Division (RaftServerImpl.java:setRole(299)) - s2@group-54B4F2458EED: changes role from  FOLLOWER to CANDIDATE at term 3 for changeToCandidate
2022-06-29 11:33:25,475 INFO  server.RaftServerConfigKeys (ConfUtils.java:logGet(46)) - raft.server.leaderelection.pre-vote = true (default)
2022-06-29 11:33:25,475 INFO  impl.RoleInfo (RoleInfo.java:updateAndGet(139)) - s2: start s2@group-54B4F2458EED-LeaderElection335
2022-06-29 11:33:25,477 INFO  impl.LeaderElection (LeaderElection.java:askForVotes(310)) - s2@group-54B4F2458EED-LeaderElection335 PRE_VOTE round 0: submit vote requests at term 3 for 28: [s0|rpc:localhost:46515|admin:localhost:40757|client:localhost:41939|dataStream:localhost:35593|priority:0, s1|rpc:localhost:34095|admin:localhost:43151|client:localhost:36051|dataStream:localhost:38995|priority:0, s2|rpc:localhost:40453|admin:localhost:33947|client:localhost:38503|dataStream:localhost:42009|priority:0], old=null
2022-06-29 11:33:25,480 INFO  server.RaftServer$Division (RaftServerImpl.java:requestVote(1152)) - s1@group-54B4F2458EED: receive requestVote(PRE_VOTE, s2, group-54B4F2458EED, 3, (t:3, i:31))
2022-06-29 11:33:25,480 WARN  server.GrpcServerProtocolService (LogUtils.java:warn(122)) - s1: Failed requestVote s2->s1#0: org.apache.ratis.protocol.exceptions.ServerNotReadyException: s1@group-54B4F2458EED is not in [RUNNING]: current state is CLOSED
2022-06-29 11:33:25,481 INFO  server.RaftServer$Division (RaftServerImpl.java:requestVote(1152)) - s0@group-54B4F2458EED: receive requestVote(PRE_VOTE, s2, group-54B4F2458EED, 3, (t:3, i:31))
2022-06-29 11:33:25,481 WARN  server.GrpcServerProtocolService (LogUtils.java:warn(122)) - s0: Failed requestVote s2->s0#0: org.apache.ratis.protocol.exceptions.ServerNotReadyException: s0@group-54B4F2458EED is not in [RUNNING]: current state is CLOSED
2022-06-29 11:33:25,482 INFO  impl.LeaderElection (LogUtils.java:infoOrTrace(137)) - s2@group-54B4F2458EED-LeaderElection335 got exception when requesting votes: java.util.concurrent.ExecutionException: org.apache.ratis.thirdparty.io.grpc.StatusRuntimeException: INTERNAL: s1@group-54B4F2458EED is not in [RUNNING]: current state is CLOSED
2022-06-29 11:33:25,484 INFO  impl.LeaderElection (LogUtils.java:infoOrTrace(137)) - s2@group-54B4F2458EED-LeaderElection335 got exception when requesting votes: java.util.concurrent.ExecutionException: org.apache.ratis.thirdparty.io.grpc.StatusRuntimeException: INTERNAL: s0@group-54B4F2458EED is not in [RUNNING]: current state is CLOSED
2022-06-29 11:33:25,484 INFO  impl.LeaderElection (LeaderElection.java:logAndReturn(90)) - s2@group-54B4F2458EED-LeaderElection335: PRE_VOTE REJECTED received 0 response(s) and 2 exception(s):
2022-06-29 11:33:25,484 INFO  impl.LeaderElection (LogUtils.java:infoOrTrace(137)) -   Exception 0: java.util.concurrent.ExecutionException: org.apache.ratis.thirdparty.io.grpc.StatusRuntimeException: INTERNAL: s1@group-54B4F2458EED is not in [RUNNING]: current state is CLOSED
2022-06-29 11:33:25,484 INFO  impl.LeaderElection (LogUtils.java:infoOrTrace(137)) -   Exception 1: java.util.concurrent.ExecutionException: org.apache.ratis.thirdparty.io.grpc.StatusRuntimeException: INTERNAL: s0@group-54B4F2458EED is not in [RUNNING]: current state is CLOSED
2022-06-29 11:33:25,484 INFO  impl.LeaderElection (LeaderElection.java:askForVotes(312)) - s2@group-54B4F2458EED-LeaderElection335 PRE_VOTE round 0: result REJECTED
2022-06-29 11:33:25,484 INFO  server.RaftServer$Division (RaftServerImpl.java:setRole(299)) - s2@group-54B4F2458EED: changes role from CANDIDATE to FOLLOWER at term 3 for REJECTED
2022-06-29 11:33:25,484 INFO  impl.RoleInfo (RoleInfo.java:shutdownLeaderElection(130)) - s2: shutdown s2@group-54B4F2458EED-LeaderElection335
2022-06-29 11:33:25,484 INFO  impl.RoleInfo (RoleInfo.java:updateAndGet(139)) - s2: start s2@group-54B4F2458EED-FollowerState
2022-06-29 11:33:25,689 INFO  impl.FollowerState (FollowerState.java:run(143)) - s2@group-54B4F2458EED-FollowerState: change to CANDIDATE, lastRpcElapsedTime:205555310ns, electionTimeout:203ms
2022-06-29 11:33:25,690 INFO  impl.RoleInfo (RoleInfo.java:shutdownFollowerState(110)) - s2: shutdown s2@group-54B4F2458EED-FollowerState
2022-06-29 11:33:25,690 INFO  server.RaftServer$Division (RaftServerImpl.java:setRole(299)) - s2@group-54B4F2458EED: changes role from  FOLLOWER to CANDIDATE at term 3 for changeToCandidate
2022-06-29 11:33:25,690 INFO  server.RaftServerConfigKeys (ConfUtils.java:logGet(46)) - raft.server.leaderelection.pre-vote = true (default)
2022-06-29 11:33:25,690 INFO  impl.RoleInfo (RoleInfo.java:updateAndGet(139)) - s2: start s2@group-54B4F2458EED-LeaderElection336
2022-06-29 11:33:25,692 INFO  impl.LeaderElection (LeaderElection.java:askForVotes(310)) - s2@group-54B4F2458EED-LeaderElection336 PRE_VOTE round 0: submit vote requests at term 3 for 28: [s0|rpc:localhost:46515|admin:localhost:40757|client:localhost:41939|dataStream:localhost:35593|priority:0, s1|rpc:localhost:34095|admin:localhost:43151|client:localhost:36051|dataStream:localhost:38995|priority:0, s2|rpc:localhost:40453|admin:localhost:33947|client:localhost:38503|dataStream:localhost:42009|priority:0], old=null
2022-06-29 11:33:25,694 INFO  server.RaftServer$Division (RaftServerImpl.java:requestVote(1152)) - s0@group-54B4F2458EED: receive requestVote(PRE_VOTE, s2, group-54B4F2458EED, 3, (t:3, i:31))
2022-06-29 11:33:25,694 WARN  server.GrpcServerProtocolService (LogUtils.java:warn(122)) - s0: Failed requestVote s2->s0#0: org.apache.ratis.protocol.exceptions.ServerNotReadyException: s0@group-54B4F2458EED is not in [RUNNING]: current state is CLOSED
2022-06-29 11:33:25,696 INFO  server.RaftServer$Division (RaftServerImpl.java:requestVote(1152)) - s1@group-54B4F2458EED: receive requestVote(PRE_VOTE, s2, group-54B4F2458EED, 3, (t:3, i:31))
2022-06-29 11:33:25,696 WARN  server.GrpcServerProtocolService (LogUtils.java:warn(122)) - s1: Failed requestVote s2->s1#0: org.apache.ratis.protocol.exceptions.ServerNotReadyException: s1@group-54B4F2458EED is not in [RUNNING]: current state is CLOSED
2022-06-29 11:33:25,701 INFO  impl.LeaderElection (LogUtils.java:infoOrTrace(137)) - s2@group-54B4F2458EED-LeaderElection336 got exception when requesting votes: java.util.concurrent.ExecutionException: org.apache.ratis.thirdparty.io.grpc.StatusRuntimeException: INTERNAL: s1@group-54B4F2458EED is not in [RUNNING]: current state is CLOSED
2022-06-29 11:33:25,703 INFO  impl.LeaderElection (LogUtils.java:infoOrTrace(137)) - s2@group-54B4F2458EED-LeaderElection336 got exception when requesting votes: java.util.concurrent.ExecutionException: org.apache.ratis.thirdparty.io.grpc.StatusRuntimeException: INTERNAL: s0@group-54B4F2458EED is not in [RUNNING]: current state is CLOSED
2022-06-29 11:33:25,704 INFO  impl.LeaderElection (LeaderElection.java:logAndReturn(90)) - s2@group-54B4F2458EED-LeaderElection336: PRE_VOTE REJECTED received 0 response(s) and 2 exception(s):
2022-06-29 11:33:25,704 INFO  impl.LeaderElection (LogUtils.java:infoOrTrace(137)) -   Exception 0: java.util.concurrent.ExecutionException: org.apache.ratis.thirdparty.io.grpc.StatusRuntimeException: INTERNAL: s1@group-54B4F2458EED is not in [RUNNING]: current state is CLOSED
2022-06-29 11:33:25,704 INFO  impl.LeaderElection (LogUtils.java:infoOrTrace(137)) -   Exception 1: java.util.concurrent.ExecutionException: org.apache.ratis.thirdparty.io.grpc.StatusRuntimeException: INTERNAL: s0@group-54B4F2458EED is not in [RUNNING]: current state is CLOSED
2022-06-29 11:33:25,711 INFO  impl.LeaderElection (LeaderElection.java:askForVotes(312)) - s2@group-54B4F2458EED-LeaderElection336 PRE_VOTE round 0: result REJECTED
2022-06-29 11:33:25,711 INFO  server.RaftServer$Division (RaftServerImpl.java:setRole(299)) - s2@group-54B4F2458EED: changes role from CANDIDATE to FOLLOWER at term 3 for REJECTED
2022-06-29 11:33:25,711 INFO  impl.RoleInfo (RoleInfo.java:shutdownLeaderElection(130)) - s2: shutdown s2@group-54B4F2458EED-LeaderElection336
2022-06-29 11:33:25,712 INFO  impl.RoleInfo (RoleInfo.java:updateAndGet(139)) - s2: start s2@group-54B4F2458EED-FollowerState
2022-06-29 11:33:25,998 INFO  impl.FollowerState (FollowerState.java:run(143)) - s2@group-54B4F2458EED-FollowerState: change to CANDIDATE, lastRpcElapsedTime:286061594ns, electionTimeout:282ms
2022-06-29 11:33:25,998 INFO  impl.RoleInfo (RoleInfo.java:shutdownFollowerState(110)) - s2: shutdown s2@group-54B4F2458EED-FollowerState
2022-06-29 11:33:25,998 INFO  server.RaftServer$Division (RaftServerImpl.java:setRole(299)) - s2@group-54B4F2458EED: changes role from  FOLLOWER to CANDIDATE at term 3 for changeToCandidate
2022-06-29 11:33:25,998 INFO  server.RaftServerConfigKeys (ConfUtils.java:logGet(46)) - raft.server.leaderelection.pre-vote = true (default)
2022-06-29 11:33:25,998 INFO  impl.RoleInfo (RoleInfo.java:updateAndGet(139)) - s2: start s2@group-54B4F2458EED-LeaderElection337
2022-06-29 11:33:25,999 INFO  impl.LeaderElection (LeaderElection.java:askForVotes(310)) - s2@group-54B4F2458EED-LeaderElection337 PRE_VOTE round 0: submit vote requests at term 3 for 28: [s0|rpc:localhost:46515|admin:localhost:40757|client:localhost:41939|dataStream:localhost:35593|priority:0, s1|rpc:localhost:34095|admin:localhost:43151|client:localhost:36051|dataStream:localhost:38995|priority:0, s2|rpc:localhost:40453|admin:localhost:33947|client:localhost:38503|dataStream:localhost:42009|priority:0], old=null
2022-06-29 11:33:26,004 INFO  server.RaftServer$Division (RaftServerImpl.java:requestVote(1152)) - s0@group-54B4F2458EED: receive requestVote(PRE_VOTE, s2, group-54B4F2458EED, 3, (t:3, i:31))
2022-06-29 11:33:26,004 WARN  server.GrpcServerProtocolService (LogUtils.java:warn(122)) - s0: Failed requestVote s2->s0#0: org.apache.ratis.protocol.exceptions.ServerNotReadyException: s0@group-54B4F2458EED is not in [RUNNING]: current state is CLOSED
2022-06-29 11:33:26,005 INFO  server.RaftServer$Division (RaftServerImpl.java:requestVote(1152)) - s1@group-54B4F2458EED: receive requestVote(PRE_VOTE, s2, group-54B4F2458EED, 3, (t:3, i:31))
2022-06-29 11:33:26,006 WARN  server.GrpcServerProtocolService (LogUtils.java:warn(122)) - s1: Failed requestVote s2->s1#0: org.apache.ratis.protocol.exceptions.ServerNotReadyException: s1@group-54B4F2458EED is not in [RUNNING]: current state is CLOSED
2022-06-29 11:33:26,007 INFO  impl.LeaderElection (LogUtils.java:infoOrTrace(137)) - s2@group-54B4F2458EED-LeaderElection337 got exception when requesting votes: java.util.concurrent.ExecutionException: org.apache.ratis.thirdparty.io.grpc.StatusRuntimeException: INTERNAL: s0@group-54B4F2458EED is not in [RUNNING]: current state is CLOSED
2022-06-29 11:33:26,007 INFO  impl.LeaderElection (LogUtils.java:infoOrTrace(137)) - s2@group-54B4F2458EED-LeaderElection337 got exception when requesting votes: java.util.concurrent.ExecutionException: org.apache.ratis.thirdparty.io.grpc.StatusRuntimeException: INTERNAL: s1@group-54B4F2458EED is not in [RUNNING]: current state is CLOSED
2022-06-29 11:33:26,008 INFO  impl.LeaderElection (LeaderElection.java:logAndReturn(90)) - s2@group-54B4F2458EED-LeaderElection337: PRE_VOTE REJECTED received 0 response(s) and 2 exception(s):
2022-06-29 11:33:26,008 INFO  impl.LeaderElection (LogUtils.java:infoOrTrace(137)) -   Exception 0: java.util.concurrent.ExecutionException: org.apache.ratis.thirdparty.io.grpc.StatusRuntimeException: INTERNAL: s0@group-54B4F2458EED is not in [RUNNING]: current state is CLOSED
2022-06-29 11:33:26,008 INFO  impl.LeaderElection (LogUtils.java:infoOrTrace(137)) -   Exception 1: java.util.concurrent.ExecutionException: org.apache.ratis.thirdparty.io.grpc.StatusRuntimeException: INTERNAL: s1@group-54B4F2458EED is not in [RUNNING]: current state is CLOSED
2022-06-29 11:33:26,008 INFO  impl.LeaderElection (LeaderElection.java:askForVotes(312)) - s2@group-54B4F2458EED-LeaderElection337 PRE_VOTE round 0: result REJECTED
2022-06-29 11:33:26,008 INFO  server.RaftServer$Division (RaftServerImpl.java:setRole(299)) - s2@group-54B4F2458EED: changes role from CANDIDATE to FOLLOWER at term 3 for REJECTED
2022-06-29 11:33:26,008 INFO  impl.RoleInfo (RoleInfo.java:shutdownLeaderElection(130)) - s2: shutdown s2@group-54B4F2458EED-LeaderElection337
2022-06-29 11:33:26,008 INFO  impl.RoleInfo (RoleInfo.java:updateAndGet(139)) - s2: start s2@group-54B4F2458EED-FollowerState
2022-06-29 11:33:26,276 INFO  impl.FollowerState (FollowerState.java:run(143)) - s2@group-54B4F2458EED-FollowerState: change to CANDIDATE, lastRpcElapsedTime:268360270ns, electionTimeout:267ms
2022-06-29 11:33:26,276 INFO  impl.RoleInfo (RoleInfo.java:shutdownFollowerState(110)) - s2: shutdown s2@group-54B4F2458EED-FollowerState
2022-06-29 11:33:26,276 INFO  server.RaftServer$Division (RaftServerImpl.java:setRole(299)) - s2@group-54B4F2458EED: changes role from  FOLLOWER to CANDIDATE at term 3 for changeToCandidate
2022-06-29 11:33:26,277 INFO  server.RaftServerConfigKeys (ConfUtils.java:logGet(46)) - raft.server.leaderelection.pre-vote = true (default)
2022-06-29 11:33:26,277 INFO  impl.RoleInfo (RoleInfo.java:updateAndGet(139)) - s2: start s2@group-54B4F2458EED-LeaderElection338
2022-06-29 11:33:26,280 INFO  impl.LeaderElection (LeaderElection.java:askForVotes(310)) - s2@group-54B4F2458EED-LeaderElection338 PRE_VOTE round 0: submit vote requests at term 3 for 28: [s0|rpc:localhost:46515|admin:localhost:40757|client:localhost:41939|dataStream:localhost:35593|priority:0, s1|rpc:localhost:34095|admin:localhost:43151|client:localhost:36051|dataStream:localhost:38995|priority:0, s2|rpc:localhost:40453|admin:localhost:33947|client:localhost:38503|dataStream:localhost:42009|priority:0], old=null
2022-06-29 11:33:26,284 INFO  server.RaftServer$Division (RaftServerImpl.java:requestVote(1152)) - s1@group-54B4F2458EED: receive requestVote(PRE_VOTE, s2, group-54B4F2458EED, 3, (t:3, i:31))
2022-06-29 11:33:26,284 WARN  server.GrpcServerProtocolService (LogUtils.java:warn(122)) - s1: Failed requestVote s2->s1#0: org.apache.ratis.protocol.exceptions.ServerNotReadyException: s1@group-54B4F2458EED is not in [RUNNING]: current state is CLOSED
2022-06-29 11:33:26,284 INFO  server.RaftServer$Division (RaftServerImpl.java:requestVote(1152)) - s0@group-54B4F2458EED: receive requestVote(PRE_VOTE, s2, group-54B4F2458EED, 3, (t:3, i:31))
2022-06-29 11:33:26,284 WARN  server.GrpcServerProtocolService (LogUtils.java:warn(122)) - s0: Failed requestVote s2->s0#0: org.apache.ratis.protocol.exceptions.ServerNotReadyException: s0@group-54B4F2458EED is not in [RUNNING]: current state is CLOSED
2022-06-29 11:33:26,286 INFO  impl.LeaderElection (LogUtils.java:infoOrTrace(137)) - s2@group-54B4F2458EED-LeaderElection338 got exception when requesting votes: java.util.concurrent.ExecutionException: org.apache.ratis.thirdparty.io.grpc.StatusRuntimeException: INTERNAL: s1@group-54B4F2458EED is not in [RUNNING]: current state is CLOSED
2022-06-29 11:33:26,286 INFO  impl.LeaderElection (LogUtils.java:infoOrTrace(137)) - s2@group-54B4F2458EED-LeaderElection338 got exception when requesting votes: java.util.concurrent.ExecutionException: org.apache.ratis.thirdparty.io.grpc.StatusRuntimeException: INTERNAL: s0@group-54B4F2458EED is not in [RUNNING]: current state is CLOSED
2022-06-29 11:33:26,286 INFO  impl.LeaderElection (LeaderElection.java:logAndReturn(90)) - s2@group-54B4F2458EED-LeaderElection338: PRE_VOTE REJECTED received 0 response(s) and 2 exception(s):
2022-06-29 11:33:26,286 INFO  impl.LeaderElection (LogUtils.java:infoOrTrace(137)) -   Exception 0: java.util.concurrent.ExecutionException: org.apache.ratis.thirdparty.io.grpc.StatusRuntimeException: INTERNAL: s1@group-54B4F2458EED is not in [RUNNING]: current state is CLOSED
2022-06-29 11:33:26,286 INFO  impl.LeaderElection (LogUtils.java:infoOrTrace(137)) -   Exception 1: java.util.concurrent.ExecutionException: org.apache.ratis.thirdparty.io.grpc.StatusRuntimeException: INTERNAL: s0@group-54B4F2458EED is not in [RUNNING]: current state is CLOSED
2022-06-29 11:33:26,286 INFO  impl.LeaderElection (LeaderElection.java:askForVotes(312)) - s2@group-54B4F2458EED-LeaderElection338 PRE_VOTE round 0: result REJECTED
2022-06-29 11:33:26,286 INFO  server.RaftServer$Division (RaftServerImpl.java:setRole(299)) - s2@group-54B4F2458EED: changes role from CANDIDATE to FOLLOWER at term 3 for REJECTED
2022-06-29 11:33:26,286 INFO  impl.RoleInfo (RoleInfo.java:shutdownLeaderElection(130)) - s2: shutdown s2@group-54B4F2458EED-LeaderElection338
2022-06-29 11:33:26,286 INFO  impl.RoleInfo (RoleInfo.java:updateAndGet(139)) - s2: start s2@group-54B4F2458EED-FollowerState
2022-06-29 11:33:26,517 INFO  impl.FollowerState (FollowerState.java:run(143)) - s2@group-54B4F2458EED-FollowerState: change to CANDIDATE, lastRpcElapsedTime:230731611ns, electionTimeout:229ms
2022-06-29 11:33:26,517 INFO  impl.RoleInfo (RoleInfo.java:shutdownFollowerState(110)) - s2: shutdown s2@group-54B4F2458EED-FollowerState
2022-06-29 11:33:26,517 INFO  server.RaftServer$Division (RaftServerImpl.java:setRole(299)) - s2@group-54B4F2458EED: changes role from  FOLLOWER to CANDIDATE at term 3 for changeToCandidate
2022-06-29 11:33:26,518 INFO  server.RaftServerConfigKeys (ConfUtils.java:logGet(46)) - raft.server.leaderelection.pre-vote = true (default)
2022-06-29 11:33:26,518 INFO  impl.RoleInfo (RoleInfo.java:updateAndGet(139)) - s2: start s2@group-54B4F2458EED-LeaderElection339
2022-06-29 11:33:26,521 INFO  impl.LeaderElection (LeaderElection.java:askForVotes(310)) - s2@group-54B4F2458EED-LeaderElection339 PRE_VOTE round 0: submit vote requests at term 3 for 28: [s0|rpc:localhost:46515|admin:localhost:40757|client:localhost:41939|dataStream:localhost:35593|priority:0, s1|rpc:localhost:34095|admin:localhost:43151|client:localhost:36051|dataStream:localhost:38995|priority:0, s2|rpc:localhost:40453|admin:localhost:33947|client:localhost:38503|dataStream:localhost:42009|priority:0], old=null
2022-06-29 11:33:26,523 INFO  server.RaftServer$Division (RaftServerImpl.java:requestVote(1152)) - s0@group-54B4F2458EED: receive requestVote(PRE_VOTE, s2, group-54B4F2458EED, 3, (t:3, i:31))
2022-06-29 11:33:26,523 INFO  server.RaftServer$Division (RaftServerImpl.java:requestVote(1152)) - s1@group-54B4F2458EED: receive requestVote(PRE_VOTE, s2, group-54B4F2458EED, 3, (t:3, i:31))
2022-06-29 11:33:26,523 WARN  server.GrpcServerProtocolService (LogUtils.java:warn(122)) - s1: Failed requestVote s2->s1#0: org.apache.ratis.protocol.exceptions.ServerNotReadyException: s1@group-54B4F2458EED is not in [RUNNING]: current state is CLOSED
2022-06-29 11:33:26,523 WARN  server.GrpcServerProtocolService (LogUtils.java:warn(122)) - s0: Failed requestVote s2->s0#0: org.apache.ratis.protocol.exceptions.ServerNotReadyException: s0@group-54B4F2458EED is not in [RUNNING]: current state is CLOSED
2022-06-29 11:33:26,523 INFO  impl.LeaderElection (LogUtils.java:infoOrTrace(137)) - s2@group-54B4F2458EED-LeaderElection339 got exception when requesting votes: java.util.concurrent.ExecutionException: org.apache.ratis.thirdparty.io.grpc.StatusRuntimeException: INTERNAL: s0@group-54B4F2458EED is not in [RUNNING]: current state is CLOSED
2022-06-29 11:33:26,524 INFO  impl.LeaderElection (LogUtils.java:infoOrTrace(137)) - s2@group-54B4F2458EED-LeaderElection339 got exception when requesting votes: java.util.concurrent.ExecutionException: org.apache.ratis.thirdparty.io.grpc.StatusRuntimeException: INTERNAL: s1@group-54B4F2458EED is not in [RUNNING]: current state is CLOSED
2022-06-29 11:33:26,524 INFO  impl.LeaderElection (LeaderElection.java:logAndReturn(90)) - s2@group-54B4F2458EED-LeaderElection339: PRE_VOTE REJECTED received 0 response(s) and 2 exception(s):
2022-06-29 11:33:26,524 INFO  impl.LeaderElection (LogUtils.java:infoOrTrace(137)) -   Exception 0: java.util.concurrent.ExecutionException: org.apache.ratis.thirdparty.io.grpc.StatusRuntimeException: INTERNAL: s0@group-54B4F2458EED is not in [RUNNING]: current state is CLOSED
2022-06-29 11:33:26,524 INFO  impl.LeaderElection (LogUtils.java:infoOrTrace(137)) -   Exception 1: java.util.concurrent.ExecutionException: org.apache.ratis.thirdparty.io.grpc.StatusRuntimeException: INTERNAL: s1@group-54B4F2458EED is not in [RUNNING]: current state is CLOSED
2022-06-29 11:33:26,525 INFO  impl.LeaderElection (LeaderElection.java:askForVotes(312)) - s2@group-54B4F2458EED-LeaderElection339 PRE_VOTE round 0: result REJECTED
2022-06-29 11:33:26,525 INFO  server.RaftServer$Division (RaftServerImpl.java:setRole(299)) - s2@group-54B4F2458EED: changes role from CANDIDATE to FOLLOWER at term 3 for REJECTED
2022-06-29 11:33:26,525 INFO  impl.RoleInfo (RoleInfo.java:shutdownLeaderElection(130)) - s2: shutdown s2@group-54B4F2458EED-LeaderElection339
2022-06-29 11:33:26,525 INFO  impl.RoleInfo (RoleInfo.java:updateAndGet(139)) - s2: start s2@group-54B4F2458EED-FollowerState
2022-06-29 11:33:26,760 INFO  impl.FollowerState (FollowerState.java:run(143)) - s2@group-54B4F2458EED-FollowerState: change to CANDIDATE, lastRpcElapsedTime:234556458ns, electionTimeout:234ms
2022-06-29 11:33:26,760 INFO  impl.RoleInfo (RoleInfo.java:shutdownFollowerState(110)) - s2: shutdown s2@group-54B4F2458EED-FollowerState
2022-06-29 11:33:26,760 INFO  server.RaftServer$Division (RaftServerImpl.java:setRole(299)) - s2@group-54B4F2458EED: changes role from  FOLLOWER to CANDIDATE at term 3 for changeToCandidate
2022-06-29 11:33:26,760 INFO  server.RaftServerConfigKeys (ConfUtils.java:logGet(46)) - raft.server.leaderelection.pre-vote = true (default)
2022-06-29 11:33:26,760 INFO  impl.RoleInfo (RoleInfo.java:updateAndGet(139)) - s2: start s2@group-54B4F2458EED-LeaderElection340
2022-06-29 11:33:26,761 INFO  impl.LeaderElection (LeaderElection.java:askForVotes(310)) - s2@group-54B4F2458EED-LeaderElection340 PRE_VOTE round 0: submit vote requests at term 3 for 28: [s0|rpc:localhost:46515|admin:localhost:40757|client:localhost:41939|dataStream:localhost:35593|priority:0, s1|rpc:localhost:34095|admin:localhost:43151|client:localhost:36051|dataStream:localhost:38995|priority:0, s2|rpc:localhost:40453|admin:localhost:33947|client:localhost:38503|dataStream:localhost:42009|priority:0], old=null
2022-06-29 11:33:26,763 INFO  server.RaftServer$Division (RaftServerImpl.java:requestVote(1152)) - s0@group-54B4F2458EED: receive requestVote(PRE_VOTE, s2, group-54B4F2458EED, 3, (t:3, i:31))
2022-06-29 11:33:26,763 WARN  server.GrpcServerProtocolService (LogUtils.java:warn(122)) - s0: Failed requestVote s2->s0#0: org.apache.ratis.protocol.exceptions.ServerNotReadyException: s0@group-54B4F2458EED is not in [RUNNING]: current state is CLOSED
2022-06-29 11:33:26,764 INFO  server.RaftServer$Division (RaftServerImpl.java:requestVote(1152)) - s1@group-54B4F2458EED: receive requestVote(PRE_VOTE, s2, group-54B4F2458EED, 3, (t:3, i:31))
2022-06-29 11:33:26,764 WARN  server.GrpcServerProtocolService (LogUtils.java:warn(122)) - s1: Failed requestVote s2->s1#0: org.apache.ratis.protocol.exceptions.ServerNotReadyException: s1@group-54B4F2458EED is not in [RUNNING]: current state is CLOSED
2022-06-29 11:33:26,765 INFO  impl.LeaderElection (LogUtils.java:infoOrTrace(137)) - s2@group-54B4F2458EED-LeaderElection340 got exception when requesting votes: java.util.concurrent.ExecutionException: org.apache.ratis.thirdparty.io.grpc.StatusRuntimeException: INTERNAL: s1@group-54B4F2458EED is not in [RUNNING]: current state is CLOSED
2022-06-29 11:33:26,765 INFO  impl.LeaderElection (LogUtils.java:infoOrTrace(137)) - s2@group-54B4F2458EED-LeaderElection340 got exception when requesting votes: java.util.concurrent.ExecutionException: org.apache.ratis.thirdparty.io.grpc.StatusRuntimeException: INTERNAL: s0@group-54B4F2458EED is not in [RUNNING]: current state is CLOSED
2022-06-29 11:33:26,765 INFO  impl.LeaderElection (LeaderElection.java:logAndReturn(90)) - s2@group-54B4F2458EED-LeaderElection340: PRE_VOTE REJECTED received 0 response(s) and 2 exception(s):
2022-06-29 11:33:26,765 INFO  impl.LeaderElection (LogUtils.java:infoOrTrace(137)) -   Exception 0: java.util.concurrent.ExecutionException: org.apache.ratis.thirdparty.io.grpc.StatusRuntimeException: INTERNAL: s1@group-54B4F2458EED is not in [RUNNING]: current state is CLOSED
2022-06-29 11:33:26,765 INFO  impl.LeaderElection (LogUtils.java:infoOrTrace(137)) -   Exception 1: java.util.concurrent.ExecutionException: org.apache.ratis.thirdparty.io.grpc.StatusRuntimeException: INTERNAL: s0@group-54B4F2458EED is not in [RUNNING]: current state is CLOSED
2022-06-29 11:33:26,765 INFO  impl.LeaderElection (LeaderElection.java:askForVotes(312)) - s2@group-54B4F2458EED-LeaderElection340 PRE_VOTE round 0: result REJECTED
2022-06-29 11:33:26,765 INFO  server.RaftServer$Division (RaftServerImpl.java:setRole(299)) - s2@group-54B4F2458EED: changes role from CANDIDATE to FOLLOWER at term 3 for REJECTED
2022-06-29 11:33:26,765 INFO  impl.RoleInfo (RoleInfo.java:shutdownLeaderElection(130)) - s2: shutdown s2@group-54B4F2458EED-LeaderElection340
2022-06-29 11:33:26,766 INFO  impl.RoleInfo (RoleInfo.java:updateAndGet(139)) - s2: start s2@group-54B4F2458EED-FollowerState
2022-06-29 11:33:27,042 INFO  impl.FollowerState (FollowerState.java:run(143)) - s2@group-54B4F2458EED-FollowerState: change to CANDIDATE, lastRpcElapsedTime:275925861ns, electionTimeout:273ms
2022-06-29 11:33:27,042 INFO  impl.RoleInfo (RoleInfo.java:shutdownFollowerState(110)) - s2: shutdown s2@group-54B4F2458EED-FollowerState
2022-06-29 11:33:27,042 INFO  server.RaftServer$Division (RaftServerImpl.java:setRole(299)) - s2@group-54B4F2458EED: changes role from  FOLLOWER to CANDIDATE at term 3 for changeToCandidate
2022-06-29 11:33:27,045 INFO  server.RaftServerConfigKeys (ConfUtils.java:logGet(46)) - raft.server.leaderelection.pre-vote = true (default)
2022-06-29 11:33:27,045 INFO  impl.RoleInfo (RoleInfo.java:updateAndGet(139)) - s2: start s2@group-54B4F2458EED-LeaderElection341
2022-06-29 11:33:27,048 INFO  impl.LeaderElection (LeaderElection.java:askForVotes(310)) - s2@group-54B4F2458EED-LeaderElection341 PRE_VOTE round 0: submit vote requests at term 3 for 28: [s0|rpc:localhost:46515|admin:localhost:40757|client:localhost:41939|dataStream:localhost:35593|priority:0, s1|rpc:localhost:34095|admin:localhost:43151|client:localhost:36051|dataStream:localhost:38995|priority:0, s2|rpc:localhost:40453|admin:localhost:33947|client:localhost:38503|dataStream:localhost:42009|priority:0], old=null
2022-06-29 11:33:27,051 INFO  server.RaftServer$Division (RaftServerImpl.java:requestVote(1152)) - s1@group-54B4F2458EED: receive requestVote(PRE_VOTE, s2, group-54B4F2458EED, 3, (t:3, i:31))
2022-06-29 11:33:27,051 WARN  server.GrpcServerProtocolService (LogUtils.java:warn(122)) - s1: Failed requestVote s2->s1#0: org.apache.ratis.protocol.exceptions.ServerNotReadyException: s1@group-54B4F2458EED is not in [RUNNING]: current state is CLOSED
2022-06-29 11:33:27,051 INFO  server.RaftServer$Division (RaftServerImpl.java:requestVote(1152)) - s0@group-54B4F2458EED: receive requestVote(PRE_VOTE, s2, group-54B4F2458EED, 3, (t:3, i:31))
2022-06-29 11:33:27,051 WARN  server.GrpcServerProtocolService (LogUtils.java:warn(122)) - s0: Failed requestVote s2->s0#0: org.apache.ratis.protocol.exceptions.ServerNotReadyException: s0@group-54B4F2458EED is not in [RUNNING]: current state is CLOSED
2022-06-29 11:33:27,056 INFO  impl.LeaderElection (LogUtils.java:infoOrTrace(137)) - s2@group-54B4F2458EED-LeaderElection341 got exception when requesting votes: java.util.concurrent.ExecutionException: org.apache.ratis.thirdparty.io.grpc.StatusRuntimeException: INTERNAL: s0@group-54B4F2458EED is not in [RUNNING]: current state is CLOSED
2022-06-29 11:33:27,056 INFO  impl.LeaderElection (LogUtils.java:infoOrTrace(137)) - s2@group-54B4F2458EED-LeaderElection341 got exception when requesting votes: java.util.concurrent.ExecutionException: org.apache.ratis.thirdparty.io.grpc.StatusRuntimeException: INTERNAL: s1@group-54B4F2458EED is not in [RUNNING]: current state is CLOSED
2022-06-29 11:33:27,056 INFO  impl.LeaderElection (LeaderElection.java:logAndReturn(90)) - s2@group-54B4F2458EED-LeaderElection341: PRE_VOTE REJECTED received 0 response(s) and 2 exception(s):
2022-06-29 11:33:27,056 INFO  impl.LeaderElection (LogUtils.java:infoOrTrace(137)) -   Exception 0: java.util.concurrent.ExecutionException: org.apache.ratis.thirdparty.io.grpc.StatusRuntimeException: INTERNAL: s0@group-54B4F2458EED is not in [RUNNING]: current state is CLOSED
2022-06-29 11:33:27,056 INFO  impl.LeaderElection (LogUtils.java:infoOrTrace(137)) -   Exception 1: java.util.concurrent.ExecutionException: org.apache.ratis.thirdparty.io.grpc.StatusRuntimeException: INTERNAL: s1@group-54B4F2458EED is not in [RUNNING]: current state is CLOSED
2022-06-29 11:33:27,058 INFO  impl.LeaderElection (LeaderElection.java:askForVotes(312)) - s2@group-54B4F2458EED-LeaderElection341 PRE_VOTE round 0: result REJECTED
2022-06-29 11:33:27,058 INFO  server.RaftServer$Division (RaftServerImpl.java:setRole(299)) - s2@group-54B4F2458EED: changes role from CANDIDATE to FOLLOWER at term 3 for REJECTED
2022-06-29 11:33:27,058 INFO  impl.RoleInfo (RoleInfo.java:shutdownLeaderElection(130)) - s2: shutdown s2@group-54B4F2458EED-LeaderElection341
2022-06-29 11:33:27,058 INFO  impl.RoleInfo (RoleInfo.java:updateAndGet(139)) - s2: start s2@group-54B4F2458EED-FollowerState
2022-06-29 11:33:27,359 INFO  impl.FollowerState (FollowerState.java:run(143)) - s2@group-54B4F2458EED-FollowerState: change to CANDIDATE, lastRpcElapsedTime:300881858ns, electionTimeout:276ms
2022-06-29 11:33:27,359 INFO  impl.RoleInfo (RoleInfo.java:shutdownFollowerState(110)) - s2: shutdown s2@group-54B4F2458EED-FollowerState
2022-06-29 11:33:27,359 INFO  server.RaftServer$Division (RaftServerImpl.java:setRole(299)) - s2@group-54B4F2458EED: changes role from  FOLLOWER to CANDIDATE at term 3 for changeToCandidate
2022-06-29 11:33:27,359 INFO  server.RaftServerConfigKeys (ConfUtils.java:logGet(46)) - raft.server.leaderelection.pre-vote = true (default)
2022-06-29 11:33:27,359 INFO  impl.RoleInfo (RoleInfo.java:updateAndGet(139)) - s2: start s2@group-54B4F2458EED-LeaderElection342
2022-06-29 11:33:27,359 INFO  impl.LeaderElection (LeaderElection.java:askForVotes(310)) - s2@group-54B4F2458EED-LeaderElection342 PRE_VOTE round 0: submit vote requests at term 3 for 28: [s0|rpc:localhost:46515|admin:localhost:40757|client:localhost:41939|dataStream:localhost:35593|priority:0, s1|rpc:localhost:34095|admin:localhost:43151|client:localhost:36051|dataStream:localhost:38995|priority:0, s2|rpc:localhost:40453|admin:localhost:33947|client:localhost:38503|dataStream:localhost:42009|priority:0], old=null
2022-06-29 11:33:27,365 INFO  server.RaftServer$Division (RaftServerImpl.java:requestVote(1152)) - s0@group-54B4F2458EED: receive requestVote(PRE_VOTE, s2, group-54B4F2458EED, 3, (t:3, i:31))
2022-06-29 11:33:27,365 WARN  server.GrpcServerProtocolService (LogUtils.java:warn(122)) - s0: Failed requestVote s2->s0#0: org.apache.ratis.protocol.exceptions.ServerNotReadyException: s0@group-54B4F2458EED is not in [RUNNING]: current state is CLOSED
2022-06-29 11:33:27,365 INFO  server.RaftServer$Division (RaftServerImpl.java:requestVote(1152)) - s1@group-54B4F2458EED: receive requestVote(PRE_VOTE, s2, group-54B4F2458EED, 3, (t:3, i:31))
2022-06-29 11:33:27,365 WARN  server.GrpcServerProtocolService (LogUtils.java:warn(122)) - s1: Failed requestVote s2->s1#0: org.apache.ratis.protocol.exceptions.ServerNotReadyException: s1@group-54B4F2458EED is not in [RUNNING]: current state is CLOSED
2022-06-29 11:33:27,367 INFO  impl.LeaderElection (LogUtils.java:infoOrTrace(137)) - s2@group-54B4F2458EED-LeaderElection342 got exception when requesting votes: java.util.concurrent.ExecutionException: org.apache.ratis.thirdparty.io.grpc.StatusRuntimeException: INTERNAL: s0@group-54B4F2458EED is not in [RUNNING]: current state is CLOSED
2022-06-29 11:33:27,367 INFO  impl.LeaderElection (LogUtils.java:infoOrTrace(137)) - s2@group-54B4F2458EED-LeaderElection342 got exception when requesting votes: java.util.concurrent.ExecutionException: org.apache.ratis.thirdparty.io.grpc.StatusRuntimeException: INTERNAL: s1@group-54B4F2458EED is not in [RUNNING]: current state is CLOSED
2022-06-29 11:33:27,367 INFO  impl.LeaderElection (LeaderElection.java:logAndReturn(90)) - s2@group-54B4F2458EED-LeaderElection342: PRE_VOTE REJECTED received 0 response(s) and 2 exception(s):
2022-06-29 11:33:27,367 INFO  impl.LeaderElection (LogUtils.java:infoOrTrace(137)) -   Exception 0: java.util.concurrent.ExecutionException: org.apache.ratis.thirdparty.io.grpc.StatusRuntimeException: INTERNAL: s0@group-54B4F2458EED is not in [RUNNING]: current state is CLOSED
2022-06-29 11:33:27,367 INFO  impl.LeaderElection (LogUtils.java:infoOrTrace(137)) -   Exception 1: java.util.concurrent.ExecutionException: org.apache.ratis.thirdparty.io.grpc.StatusRuntimeException: INTERNAL: s1@group-54B4F2458EED is not in [RUNNING]: current state is CLOSED
2022-06-29 11:33:27,368 INFO  impl.LeaderElection (LeaderElection.java:askForVotes(312)) - s2@group-54B4F2458EED-LeaderElection342 PRE_VOTE round 0: result REJECTED
2022-06-29 11:33:27,368 INFO  server.RaftServer$Division (RaftServerImpl.java:setRole(299)) - s2@group-54B4F2458EED: changes role from CANDIDATE to FOLLOWER at term 3 for REJECTED
2022-06-29 11:33:27,368 INFO  impl.RoleInfo (RoleInfo.java:shutdownLeaderElection(130)) - s2: shutdown s2@group-54B4F2458EED-LeaderElection342
2022-06-29 11:33:27,368 INFO  impl.RoleInfo (RoleInfo.java:updateAndGet(139)) - s2: start s2@group-54B4F2458EED-FollowerState
]]></system-out>
  </testcase>
  <testcase name="testFileStoreStreamSingleFile" classname="org.apache.ratis.examples.filestore.TestFileStoreStreamingWithGrpcCluster" time="12.64"/>
</testsuite>