<?xml version="1.0" encoding="UTF-8"?>
<testsuite xmlns:xsi="http://www.w3.org/2001/XMLSchema-instance" xsi:noNamespaceSchemaLocation="https://maven.apache.org/surefire/maven-surefire-plugin/xsd/surefire-test-report.xsd" name="org.apache.ratis.TestMultiRaftGroup" time="23.801" tests="3" errors="1" skipped="0" failures="0">
  <properties>
    <property name="awt.toolkit" value="sun.awt.X11.XToolkit"/>
    <property name="java.specification.version" value="11"/>
    <property name="sun.cpu.isalist" value=""/>
    <property name="sun.jnu.encoding" value="UTF-8"/>
    <property name="java.class.path" value="/home/runner/work/ratis/ratis/ratis-examples/target/test-classes:/home/runner/work/ratis/ratis/ratis-examples/target/classes:/home/runner/.m2/repository/org/apache/ratis/ratis-thirdparty-misc/1.0.2/ratis-thirdparty-misc-1.0.2.jar:/home/runner/work/ratis/ratis/ratis-proto/target/ratis-proto-3.0.0-SNAPSHOT.jar:/home/runner/work/ratis/ratis/ratis-tools/target/classes:/home/runner/work/ratis/ratis/ratis-common/target/classes:/home/runner/work/ratis/ratis/ratis-common/target/test-classes:/home/runner/work/ratis/ratis/ratis-client/target/classes:/home/runner/work/ratis/ratis/ratis-server/target/classes:/home/runner/work/ratis/ratis/ratis-server-api/target/classes:/home/runner/work/ratis/ratis/ratis-metrics-api/target/classes:/home/runner/work/ratis/ratis/ratis-server/target/test-classes:/home/runner/work/ratis/ratis/ratis-metrics-default/target/classes:/home/runner/work/ratis/ratis/ratis-grpc/target/classes:/home/runner/work/ratis/ratis/ratis-grpc/target/test-classes:/home/runner/work/ratis/ratis/ratis-netty/target/classes:/home/runner/work/ratis/ratis/ratis-netty/target/test-classes:/home/runner/work/ratis/ratis/ratis-test/target/test-classes:/home/runner/.m2/repository/com/beust/jcommander/1.72/jcommander-1.72.jar:/home/runner/.m2/repository/org/slf4j/slf4j-api/1.7.29/slf4j-api-1.7.29.jar:/home/runner/.m2/repository/org/slf4j/slf4j-log4j12/1.7.29/slf4j-log4j12-1.7.29.jar:/home/runner/.m2/repository/log4j/log4j/1.2.17/log4j-1.2.17.jar:/home/runner/.m2/repository/junit/junit/4.13.2/junit-4.13.2.jar:/home/runner/.m2/repository/org/hamcrest/hamcrest-core/1.3/hamcrest-core-1.3.jar:/home/runner/.m2/repository/com/github/spotbugs/spotbugs-annotations/4.2.1/spotbugs-annotations-4.2.1.jar:/home/runner/.m2/repository/com/google/code/findbugs/jsr305/3.0.2/jsr305-3.0.2.jar:"/>
    <property name="java.vm.vendor" value="Eclipse Adoptium"/>
    <property name="sun.arch.data.model" value="64"/>
    <property name="java.vendor.url" value="https://adoptium.net/"/>
    <property name="user.timezone" value=""/>
    <property name="java.vm.specification.version" value="11"/>
    <property name="os.name" value="Linux"/>
    <property name="sun.java.launcher" value="SUN_STANDARD"/>
    <property name="sun.boot.library.path" value="/usr/lib/jvm/temurin-11-jdk-amd64/lib"/>
    <property name="sun.java.command" value="/home/runner/work/ratis/ratis/ratis-examples/target/surefire/surefirebooter7733805284853801898.jar /home/runner/work/ratis/ratis/ratis-examples/target/surefire 2022-10-27T12-55-54_732-jvmRun1 surefire5247823946894383757tmp surefire_5416982940737835224405tmp"/>
    <property name="jdk.debug" value="release"/>
    <property name="surefire.test.class.path" value="/home/runner/work/ratis/ratis/ratis-examples/target/test-classes:/home/runner/work/ratis/ratis/ratis-examples/target/classes:/home/runner/.m2/repository/org/apache/ratis/ratis-thirdparty-misc/1.0.2/ratis-thirdparty-misc-1.0.2.jar:/home/runner/work/ratis/ratis/ratis-proto/target/ratis-proto-3.0.0-SNAPSHOT.jar:/home/runner/work/ratis/ratis/ratis-tools/target/classes:/home/runner/work/ratis/ratis/ratis-common/target/classes:/home/runner/work/ratis/ratis/ratis-common/target/test-classes:/home/runner/work/ratis/ratis/ratis-client/target/classes:/home/runner/work/ratis/ratis/ratis-server/target/classes:/home/runner/work/ratis/ratis/ratis-server-api/target/classes:/home/runner/work/ratis/ratis/ratis-metrics-api/target/classes:/home/runner/work/ratis/ratis/ratis-server/target/test-classes:/home/runner/work/ratis/ratis/ratis-metrics-default/target/classes:/home/runner/work/ratis/ratis/ratis-grpc/target/classes:/home/runner/work/ratis/ratis/ratis-grpc/target/test-classes:/home/runner/work/ratis/ratis/ratis-netty/target/classes:/home/runner/work/ratis/ratis/ratis-netty/target/test-classes:/home/runner/work/ratis/ratis/ratis-test/target/test-classes:/home/runner/.m2/repository/com/beust/jcommander/1.72/jcommander-1.72.jar:/home/runner/.m2/repository/org/slf4j/slf4j-api/1.7.29/slf4j-api-1.7.29.jar:/home/runner/.m2/repository/org/slf4j/slf4j-log4j12/1.7.29/slf4j-log4j12-1.7.29.jar:/home/runner/.m2/repository/log4j/log4j/1.2.17/log4j-1.2.17.jar:/home/runner/.m2/repository/junit/junit/4.13.2/junit-4.13.2.jar:/home/runner/.m2/repository/org/hamcrest/hamcrest-core/1.3/hamcrest-core-1.3.jar:/home/runner/.m2/repository/com/github/spotbugs/spotbugs-annotations/4.2.1/spotbugs-annotations-4.2.1.jar:/home/runner/.m2/repository/com/google/code/findbugs/jsr305/3.0.2/jsr305-3.0.2.jar:"/>
    <property name="sun.cpu.endian" value="little"/>
    <property name="user.home" value="/home/runner"/>
    <property name="user.language" value="en"/>
    <property name="java.specification.vendor" value="Oracle Corporation"/>
    <property name="java.version.date" value="2022-08-12"/>
    <property name="java.home" value="/usr/lib/jvm/temurin-11-jdk-amd64"/>
    <property name="file.separator" value="/"/>
    <property name="basedir" value="/home/runner/work/ratis/ratis/ratis-examples"/>
    <property name="java.vm.compressedOopsMode" value="32-bit"/>
    <property name="line.separator" value="&#10;"/>
    <property name="java.specification.name" value="Java Platform API Specification"/>
    <property name="java.vm.specification.vendor" value="Oracle Corporation"/>
    <property name="java.awt.graphicsenv" value="sun.awt.X11GraphicsEnvironment"/>
    <property name="surefire.real.class.path" value="/home/runner/work/ratis/ratis/ratis-examples/target/surefire/surefirebooter7733805284853801898.jar"/>
    <property name="sun.management.compiler" value="HotSpot 64-Bit Tiered Compilers"/>
    <property name="java.runtime.version" value="11.0.16.1+1"/>
    <property name="user.name" value="runner"/>
    <property name="java.net.preferIPv4Stack" value="true"/>
    <property name="path.separator" value=":"/>
    <property name="os.version" value="5.15.0-1022-azure"/>
    <property name="java.runtime.name" value="OpenJDK Runtime Environment"/>
    <property name="file.encoding" value="UTF-8"/>
    <property name="java.vm.name" value="OpenJDK 64-Bit Server VM"/>
    <property name="java.vendor.version" value="Temurin-11.0.16.1+1"/>
    <property name="localRepository" value="/home/runner/.m2/repository"/>
    <property name="java.vendor.url.bug" value="https://github.com/adoptium/adoptium-support/issues"/>
    <property name="java.io.tmpdir" value="/tmp"/>
    <property name="java.version" value="11.0.16.1"/>
    <property name="user.dir" value="/home/runner/work/ratis/ratis/ratis-examples"/>
    <property name="os.arch" value="amd64"/>
    <property name="ratis.tmp.dir" value="/home/runner/work/ratis/ratis/ratis-examples/target/tmp"/>
    <property name="java.vm.specification.name" value="Java Virtual Machine Specification"/>
    <property name="java.awt.printerjob" value="sun.print.PSPrinterJob"/>
    <property name="ratis.log.dir" value="/home/runner/work/ratis/ratis/ratis-examples/target/log"/>
    <property name="sun.os.patch.level" value="unknown"/>
    <property name="java.library.path" value="/usr/java/packages/lib:/usr/lib64:/lib64:/lib:/usr/lib"/>
    <property name="java.vm.info" value="mixed mode"/>
    <property name="java.vendor" value="Eclipse Adoptium"/>
    <property name="java.vm.version" value="11.0.16.1+1"/>
    <property name="sun.io.unicode.encoding" value="UnicodeLittle"/>
    <property name="java.class.version" value="55.0"/>
  </properties>
  <testcase name="testMultiRaftGroup[0]" classname="org.apache.ratis.TestMultiRaftGroup" time="9.875"/>
  <testcase name="testMultiRaftGroup[1]" classname="org.apache.ratis.TestMultiRaftGroup" time="12.434"/>
  <testcase name="testMultiRaftGroup[2]" classname="org.apache.ratis.TestMultiRaftGroup" time="1.238">
    <error message="s12: Failed to start NettyRpcService" type="java.io.IOException">java.io.IOException: s12: Failed to start NettyRpcService
	at org.apache.ratis.netty.server.NettyRpcService.startImpl(NettyRpcService.java:149)
	at org.apache.ratis.util.LifeCycle.startAndTransition(LifeCycle.java:270)
	at org.apache.ratis.server.RaftServerRpcWithProxy.start(RaftServerRpcWithProxy.java:72)
	at org.apache.ratis.server.impl.RaftServerProxy.startImpl(RaftServerProxy.java:397)
	at org.apache.ratis.util.LifeCycle.startAndTransition(LifeCycle.java:270)
	at org.apache.ratis.server.impl.RaftServerProxy.start(RaftServerProxy.java:390)
	at org.apache.ratis.server.impl.MiniRaftCluster.startServers(MiniRaftCluster.java:499)
	at org.apache.ratis.server.impl.MiniRaftCluster.start(MiniRaftCluster.java:346)
	at org.apache.ratis.server.impl.GroupManagementBaseTest.runMultiGroupTest(GroupManagementBaseTest.java:263)
	at org.apache.ratis.TestMultiRaftGroup.runTestMultiRaftGroup(TestMultiRaftGroup.java:73)
	at org.apache.ratis.TestMultiRaftGroup.runTestMultiRaftGroup(TestMultiRaftGroup.java:59)
	at org.apache.ratis.TestMultiRaftGroup.testMultiRaftGroup(TestMultiRaftGroup.java:55)
	at java.base/jdk.internal.reflect.NativeMethodAccessorImpl.invoke0(Native Method)
	at java.base/jdk.internal.reflect.NativeMethodAccessorImpl.invoke(NativeMethodAccessorImpl.java:62)
	at java.base/jdk.internal.reflect.DelegatingMethodAccessorImpl.invoke(DelegatingMethodAccessorImpl.java:43)
	at java.base/java.lang.reflect.Method.invoke(Method.java:566)
	at org.junit.runners.model.FrameworkMethod$1.runReflectiveCall(FrameworkMethod.java:59)
	at org.junit.internal.runners.model.ReflectiveCallable.run(ReflectiveCallable.java:12)
	at org.junit.runners.model.FrameworkMethod.invokeExplosively(FrameworkMethod.java:56)
	at org.junit.internal.runners.statements.InvokeMethod.evaluate(InvokeMethod.java:17)
	at org.junit.internal.runners.statements.RunAfters.evaluate(RunAfters.java:27)
	at org.junit.internal.runners.statements.FailOnTimeout$CallableStatement.call(FailOnTimeout.java:299)
	at org.junit.internal.runners.statements.FailOnTimeout$CallableStatement.call(FailOnTimeout.java:293)
	at java.base/java.util.concurrent.FutureTask.run(FutureTask.java:264)
	at java.base/java.lang.Thread.run(Thread.java:829)
Caused by: java.net.BindException: Address already in use
	at java.base/sun.nio.ch.Net.bind0(Native Method)
	at java.base/sun.nio.ch.Net.bind(Net.java:459)
	at java.base/sun.nio.ch.Net.bind(Net.java:448)
	at java.base/sun.nio.ch.ServerSocketChannelImpl.bind(ServerSocketChannelImpl.java:227)
	at org.apache.ratis.thirdparty.io.netty.channel.socket.nio.NioServerSocketChannel.doBind(NioServerSocketChannel.java:141)
	at org.apache.ratis.thirdparty.io.netty.channel.AbstractChannel$AbstractUnsafe.bind(AbstractChannel.java:562)
	at org.apache.ratis.thirdparty.io.netty.channel.DefaultChannelPipeline$HeadContext.bind(DefaultChannelPipeline.java:1334)
	at org.apache.ratis.thirdparty.io.netty.channel.AbstractChannelHandlerContext.invokeBind(AbstractChannelHandlerContext.java:506)
	at org.apache.ratis.thirdparty.io.netty.channel.AbstractChannelHandlerContext.bind(AbstractChannelHandlerContext.java:491)
	at org.apache.ratis.thirdparty.io.netty.handler.logging.LoggingHandler.bind(LoggingHandler.java:230)
	at org.apache.ratis.thirdparty.io.netty.channel.AbstractChannelHandlerContext.invokeBind(AbstractChannelHandlerContext.java:506)
	at org.apache.ratis.thirdparty.io.netty.channel.AbstractChannelHandlerContext.bind(AbstractChannelHandlerContext.java:491)
	at org.apache.ratis.thirdparty.io.netty.channel.DefaultChannelPipeline.bind(DefaultChannelPipeline.java:973)
	at org.apache.ratis.thirdparty.io.netty.channel.AbstractChannel.bind(AbstractChannel.java:260)
	at org.apache.ratis.thirdparty.io.netty.bootstrap.AbstractBootstrap$2.run(AbstractBootstrap.java:356)
	at org.apache.ratis.thirdparty.io.netty.util.concurrent.AbstractEventExecutor.runTask(AbstractEventExecutor.java:174)
	at org.apache.ratis.thirdparty.io.netty.util.concurrent.AbstractEventExecutor.safeExecute(AbstractEventExecutor.java:167)
	at org.apache.ratis.thirdparty.io.netty.util.concurrent.SingleThreadEventExecutor.runAllTasks(SingleThreadEventExecutor.java:470)
	at org.apache.ratis.thirdparty.io.netty.channel.nio.NioEventLoop.run(NioEventLoop.java:503)
	at org.apache.ratis.thirdparty.io.netty.util.concurrent.SingleThreadEventExecutor$4.run(SingleThreadEventExecutor.java:995)
	at org.apache.ratis.thirdparty.io.netty.util.internal.ThreadExecutorMap$2.run(ThreadExecutorMap.java:74)
	at org.apache.ratis.thirdparty.io.netty.util.concurrent.FastThreadLocalRunnable.run(FastThreadLocalRunnable.java:30)
	... 1 more
</error>
    <system-out><![CDATA[2022-10-27 13:03:40,499 INFO  util.LogUtils (Slf4jUtils.java:setLogLevel(33)) - Set org.apache.ratis.conf.ConfUtils log level to WARN
2022-10-27 13:03:40,499 INFO  util.LogUtils (Slf4jUtils.java:setLogLevel(33)) - Set org.apache.ratis.util.FileUtils log level to TRACE
2022-10-27 13:03:40,502 INFO  impl.GroupManagementBaseTest (GroupManagementBaseTest.java:runMultiGroupTest(251)) - 

runMultiGroupTest with MiniRaftClusterWithNetty[3, 6, 9, 12, 15]chosen=4: printing ALL groups
2022-10-27 13:03:40,502 INFO  impl.GroupManagementBaseTest (GroupManagementBaseTest.java:runMultiGroupTest(258)) - ids: [s0, s1, s2, s3, s4, s5, s6, s7, s8, s9, s10, s11, s12, s13, s14]
2022-10-27 13:03:40,502 INFO  impl.MiniRaftCluster (MiniRaftCluster.java:newRaftServer(382)) - newRaftServer: s0, group-59FD50A449C7:[], format? true
2022-10-27 13:03:40,502 TRACE util.FileUtils (FileUtils.java:deleteFully(170)) - deleteFully target/test/data/87b215ba/MiniRaftClusterWithNetty1a4fbd4a/s0
2022-10-27 13:03:40,502 TRACE util.FileUtils (FileUtils.java:deleteFully(186)) - deleteFully: target/test/data/87b215ba/MiniRaftClusterWithNetty1a4fbd4a/s0 does not exist.
2022-10-27 13:03:40,502 INFO  impl.MiniRaftCluster (MiniRaftCluster.java:newRaftServer(387)) - Formatted directory target/test/data/87b215ba/MiniRaftClusterWithNetty1a4fbd4a/s0
2022-10-27 13:03:40,504 INFO  server.RaftServer (ConfUtils.java:logGet(46)) - raft.rpc.type = NETTY (custom)
2022-10-27 13:03:40,513 INFO  netty.NettyConfigKeys$Server (ConfUtils.java:logGet(46)) - raft.netty.server.host = null (default)
2022-10-27 13:03:40,513 INFO  netty.NettyConfigKeys$Server (ConfUtils.java:logGet(46)) - raft.netty.server.port = 41445 (custom)
2022-10-27 13:03:40,514 INFO  impl.DataStreamServerImpl (ConfUtils.java:logGet(46)) - raft.datastream.type = DISABLED (default)
2022-10-27 13:03:40,514 INFO  server.RaftServerConfigKeys (ConfUtils.java:logGet(46)) - raft.server.threadpool.proxy.cached = true (default)
2022-10-27 13:03:40,514 INFO  server.RaftServerConfigKeys (ConfUtils.java:logGet(46)) - raft.server.threadpool.proxy.size = 0 (default)
2022-10-27 13:03:40,514 INFO  server.RaftServerConfigKeys (ConfUtils.java:logGet(46)) - raft.server.rpc.slowness.timeout = 60s (default)
2022-10-27 13:03:40,514 INFO  server.RaftServerConfigKeys (ConfUtils.java:logGet(46)) - raft.server.leaderelection.leader.step-down.wait-time = 10s (default)
2022-10-27 13:03:40,514 INFO  server.RaftServerConfigKeys (ConfUtils.java:logGet(46)) - raft.server.storage.dir = [/home/runner/work/ratis/ratis/ratis-examples/target/test/data/87b215ba/MiniRaftClusterWithNetty1a4fbd4a/s0] (custom)
2022-10-27 13:03:40,518 INFO  server.RaftServer (RaftServerProxy.java:addNew(99)) - s0: addNew group-59FD50A449C7:[] returns group-59FD50A449C7:java.util.concurrent.CompletableFuture@3cf2280c[Not completed]
2022-10-27 13:03:40,518 INFO  impl.MiniRaftCluster (MiniRaftCluster.java:newRaftServer(382)) - newRaftServer: s1, group-59FD50A449C7:[], format? true
2022-10-27 13:03:40,518 TRACE util.FileUtils (FileUtils.java:deleteFully(170)) - deleteFully target/test/data/87b215ba/MiniRaftClusterWithNetty1a4fbd4a/s1
2022-10-27 13:03:40,518 TRACE util.FileUtils (FileUtils.java:deleteFully(186)) - deleteFully: target/test/data/87b215ba/MiniRaftClusterWithNetty1a4fbd4a/s1 does not exist.
2022-10-27 13:03:40,518 INFO  impl.MiniRaftCluster (MiniRaftCluster.java:newRaftServer(387)) - Formatted directory target/test/data/87b215ba/MiniRaftClusterWithNetty1a4fbd4a/s1
2022-10-27 13:03:40,518 INFO  server.RaftServer (ConfUtils.java:logGet(46)) - raft.rpc.type = NETTY (custom)
2022-10-27 13:03:40,519 INFO  netty.NettyConfigKeys$Server (ConfUtils.java:logGet(46)) - raft.netty.server.host = null (default)
2022-10-27 13:03:40,519 INFO  netty.NettyConfigKeys$Server (ConfUtils.java:logGet(46)) - raft.netty.server.port = 44573 (custom)
2022-10-27 13:03:40,519 INFO  impl.DataStreamServerImpl (ConfUtils.java:logGet(46)) - raft.datastream.type = DISABLED (default)
2022-10-27 13:03:40,519 INFO  server.RaftServerConfigKeys (ConfUtils.java:logGet(46)) - raft.server.threadpool.proxy.cached = true (default)
2022-10-27 13:03:40,519 INFO  server.RaftServerConfigKeys (ConfUtils.java:logGet(46)) - raft.server.threadpool.proxy.size = 0 (default)
2022-10-27 13:03:40,519 INFO  server.RaftServerConfigKeys (ConfUtils.java:logGet(46)) - raft.server.rpc.slowness.timeout = 60s (default)
2022-10-27 13:03:40,519 INFO  server.RaftServerConfigKeys (ConfUtils.java:logGet(46)) - raft.server.leaderelection.leader.step-down.wait-time = 10s (default)
2022-10-27 13:03:40,519 INFO  server.RaftServerConfigKeys (ConfUtils.java:logGet(46)) - raft.server.storage.dir = [/home/runner/work/ratis/ratis/ratis-examples/target/test/data/87b215ba/MiniRaftClusterWithNetty1a4fbd4a/s1] (custom)
2022-10-27 13:03:40,521 INFO  server.RaftServer$Division (RaftServerImpl.java:<init>(198)) - s0: new RaftServerImpl for group-59FD50A449C7:[] with ArithmeticStateMachine:uninitialized
2022-10-27 13:03:40,521 INFO  server.RaftServerConfigKeys (ConfUtils.java:logGet(46)) - raft.server.rpc.timeout.min = 300ms (custom)
2022-10-27 13:03:40,521 INFO  server.RaftServerConfigKeys (ConfUtils.java:logGet(46)) - raft.server.rpc.timeout.max = 600ms (custom)
2022-10-27 13:03:40,521 INFO  server.RaftServerConfigKeys (ConfUtils.java:logGet(46)) - raft.server.rpc.sleep.time = 25ms (default)
2022-10-27 13:03:40,521 INFO  server.RaftServerConfigKeys (ConfUtils.java:logGet(46)) - raft.server.rpc.slowness.timeout = 60s (default)
2022-10-27 13:03:40,521 INFO  server.RaftServerConfigKeys (ConfUtils.java:logGet(46)) - raft.server.leaderelection.leader.step-down.wait-time = 10s (default)
2022-10-27 13:03:40,521 INFO  server.RaftServerConfigKeys (ConfUtils.java:logGet(46)) - raft.server.sleep.deviation.threshold = 300ms (default)
2022-10-27 13:03:40,521 INFO  server.RaftServer$Division (ServerState.java:<init>(113)) - s0@group-59FD50A449C7: ConfigurationManager, init=-1: peers:[]|listeners:[], old=null, confs=<EMPTY_MAP>
2022-10-27 13:03:40,521 INFO  server.RaftServerConfigKeys (ConfUtils.java:logGet(46)) - raft.server.notification.no-leader.timeout = 60s (default)
2022-10-27 13:03:40,521 INFO  server.RaftServerConfigKeys (ConfUtils.java:logGet(46)) - raft.server.read.timeout = 10s (default)
2022-10-27 13:03:40,521 INFO  server.RaftServerConfigKeys (ConfUtils.java:logGet(46)) - raft.server.retrycache.expirytime = 60s (default)
2022-10-27 13:03:40,521 INFO  server.RaftServerConfigKeys (ConfUtils.java:logGet(46)) - raft.server.retrycache.statistics.expirytime = 100μs (default)
2022-10-27 13:03:40,521 INFO  server.RaftServerConfigKeys (ConfUtils.java:logGet(46)) - raft.server.read.option = DEFAULT (default)
2022-10-27 13:03:40,522 INFO  server.RaftServerConfigKeys (ConfUtils.java:logGet(46)) - raft.server.log.appender.install.snapshot.enabled = true (default)
2022-10-27 13:03:40,522 INFO  server.RaftServerConfigKeys (ConfUtils.java:logGet(46)) - raft.server.threadpool.server.cached = true (default)
2022-10-27 13:03:40,522 INFO  server.RaftServerConfigKeys (ConfUtils.java:logGet(46)) - raft.server.threadpool.server.size = 0 (default)
2022-10-27 13:03:40,522 INFO  server.RaftServerConfigKeys (ConfUtils.java:logGet(46)) - raft.server.threadpool.client.cached = true (default)
2022-10-27 13:03:40,522 INFO  server.RaftServerConfigKeys (ConfUtils.java:logGet(46)) - raft.server.threadpool.client.size = 0 (default)
2022-10-27 13:03:40,522 INFO  server.RaftServer (RaftServerProxy.java:addNew(99)) - s1: addNew group-59FD50A449C7:[] returns group-59FD50A449C7:java.util.concurrent.CompletableFuture@1728da29[Not completed]
2022-10-27 13:03:40,523 INFO  impl.MiniRaftCluster (MiniRaftCluster.java:newRaftServer(382)) - newRaftServer: s2, group-59FD50A449C7:[], format? true
2022-10-27 13:03:40,523 TRACE util.FileUtils (FileUtils.java:deleteFully(170)) - deleteFully target/test/data/87b215ba/MiniRaftClusterWithNetty1a4fbd4a/s2
2022-10-27 13:03:40,523 TRACE util.FileUtils (FileUtils.java:deleteFully(186)) - deleteFully: target/test/data/87b215ba/MiniRaftClusterWithNetty1a4fbd4a/s2 does not exist.
2022-10-27 13:03:40,523 INFO  impl.MiniRaftCluster (MiniRaftCluster.java:newRaftServer(387)) - Formatted directory target/test/data/87b215ba/MiniRaftClusterWithNetty1a4fbd4a/s2
2022-10-27 13:03:40,523 INFO  server.RaftServer (ConfUtils.java:logGet(46)) - raft.rpc.type = NETTY (custom)
2022-10-27 13:03:40,524 INFO  netty.NettyConfigKeys$Server (ConfUtils.java:logGet(46)) - raft.netty.server.host = null (default)
2022-10-27 13:03:40,524 INFO  netty.NettyConfigKeys$Server (ConfUtils.java:logGet(46)) - raft.netty.server.port = 38973 (custom)
2022-10-27 13:03:40,524 INFO  impl.DataStreamServerImpl (ConfUtils.java:logGet(46)) - raft.datastream.type = DISABLED (default)
2022-10-27 13:03:40,524 INFO  server.RaftServerConfigKeys (ConfUtils.java:logGet(46)) - raft.server.threadpool.proxy.cached = true (default)
2022-10-27 13:03:40,524 INFO  server.RaftServerConfigKeys (ConfUtils.java:logGet(46)) - raft.server.threadpool.proxy.size = 0 (default)
2022-10-27 13:03:40,524 INFO  server.RaftServerConfigKeys (ConfUtils.java:logGet(46)) - raft.server.rpc.slowness.timeout = 60s (default)
2022-10-27 13:03:40,524 INFO  server.RaftServerConfigKeys (ConfUtils.java:logGet(46)) - raft.server.leaderelection.leader.step-down.wait-time = 10s (default)
2022-10-27 13:03:40,524 INFO  server.RaftServerConfigKeys (ConfUtils.java:logGet(46)) - raft.server.storage.dir = [/home/runner/work/ratis/ratis/ratis-examples/target/test/data/87b215ba/MiniRaftClusterWithNetty1a4fbd4a/s2] (custom)
2022-10-27 13:03:40,525 INFO  server.RaftServer$Division (RaftServerImpl.java:<init>(198)) - s1: new RaftServerImpl for group-59FD50A449C7:[] with ArithmeticStateMachine:uninitialized
2022-10-27 13:03:40,525 INFO  server.RaftServerConfigKeys (ConfUtils.java:logGet(46)) - raft.server.rpc.timeout.min = 300ms (custom)
2022-10-27 13:03:40,525 INFO  server.RaftServerConfigKeys (ConfUtils.java:logGet(46)) - raft.server.rpc.timeout.max = 600ms (custom)
2022-10-27 13:03:40,525 INFO  server.RaftServerConfigKeys (ConfUtils.java:logGet(46)) - raft.server.rpc.sleep.time = 25ms (default)
2022-10-27 13:03:40,525 INFO  server.RaftServerConfigKeys (ConfUtils.java:logGet(46)) - raft.server.rpc.slowness.timeout = 60s (default)
2022-10-27 13:03:40,525 INFO  server.RaftServerConfigKeys (ConfUtils.java:logGet(46)) - raft.server.leaderelection.leader.step-down.wait-time = 10s (default)
2022-10-27 13:03:40,525 INFO  server.RaftServerConfigKeys (ConfUtils.java:logGet(46)) - raft.server.sleep.deviation.threshold = 300ms (default)
2022-10-27 13:03:40,526 INFO  server.RaftServer$Division (ServerState.java:<init>(113)) - s1@group-59FD50A449C7: ConfigurationManager, init=-1: peers:[]|listeners:[], old=null, confs=<EMPTY_MAP>
2022-10-27 13:03:40,526 INFO  server.RaftServerConfigKeys (ConfUtils.java:logGet(46)) - raft.server.notification.no-leader.timeout = 60s (default)
2022-10-27 13:03:40,526 INFO  server.RaftServerConfigKeys (ConfUtils.java:logGet(46)) - raft.server.read.timeout = 10s (default)
2022-10-27 13:03:40,526 INFO  server.RaftServerConfigKeys (ConfUtils.java:logGet(46)) - raft.server.retrycache.expirytime = 60s (default)
2022-10-27 13:03:40,526 INFO  server.RaftServerConfigKeys (ConfUtils.java:logGet(46)) - raft.server.retrycache.statistics.expirytime = 100μs (default)
2022-10-27 13:03:40,526 INFO  server.RaftServerConfigKeys (ConfUtils.java:logGet(46)) - raft.server.read.option = DEFAULT (default)
2022-10-27 13:03:40,526 INFO  server.RaftServerConfigKeys (ConfUtils.java:logGet(46)) - raft.server.log.appender.install.snapshot.enabled = true (default)
2022-10-27 13:03:40,526 INFO  server.RaftServerConfigKeys (ConfUtils.java:logGet(46)) - raft.server.threadpool.server.cached = true (default)
2022-10-27 13:03:40,526 INFO  server.RaftServerConfigKeys (ConfUtils.java:logGet(46)) - raft.server.threadpool.server.size = 0 (default)
2022-10-27 13:03:40,526 INFO  server.RaftServerConfigKeys (ConfUtils.java:logGet(46)) - raft.server.threadpool.client.cached = true (default)
2022-10-27 13:03:40,526 INFO  server.RaftServerConfigKeys (ConfUtils.java:logGet(46)) - raft.server.threadpool.client.size = 0 (default)
2022-10-27 13:03:40,527 INFO  server.RaftServer (RaftServerProxy.java:addNew(99)) - s2: addNew group-59FD50A449C7:[] returns group-59FD50A449C7:java.util.concurrent.CompletableFuture@a93e55f[Not completed]
2022-10-27 13:03:40,527 INFO  impl.MiniRaftCluster (MiniRaftCluster.java:newRaftServer(382)) - newRaftServer: s3, group-59FD50A449C7:[], format? true
2022-10-27 13:03:40,527 TRACE util.FileUtils (FileUtils.java:deleteFully(170)) - deleteFully target/test/data/87b215ba/MiniRaftClusterWithNetty1a4fbd4a/s3
2022-10-27 13:03:40,527 TRACE util.FileUtils (FileUtils.java:deleteFully(186)) - deleteFully: target/test/data/87b215ba/MiniRaftClusterWithNetty1a4fbd4a/s3 does not exist.
2022-10-27 13:03:40,527 INFO  impl.MiniRaftCluster (MiniRaftCluster.java:newRaftServer(387)) - Formatted directory target/test/data/87b215ba/MiniRaftClusterWithNetty1a4fbd4a/s3
2022-10-27 13:03:40,527 INFO  server.RaftServer$Division (RaftServerImpl.java:<init>(198)) - s2: new RaftServerImpl for group-59FD50A449C7:[] with ArithmeticStateMachine:uninitialized
2022-10-27 13:03:40,527 INFO  server.RaftServer (ConfUtils.java:logGet(46)) - raft.rpc.type = NETTY (custom)
2022-10-27 13:03:40,528 INFO  netty.NettyConfigKeys$Server (ConfUtils.java:logGet(46)) - raft.netty.server.host = null (default)
2022-10-27 13:03:40,528 INFO  netty.NettyConfigKeys$Server (ConfUtils.java:logGet(46)) - raft.netty.server.port = 36177 (custom)
2022-10-27 13:03:40,528 INFO  impl.DataStreamServerImpl (ConfUtils.java:logGet(46)) - raft.datastream.type = DISABLED (default)
2022-10-27 13:03:40,528 INFO  server.RaftServerConfigKeys (ConfUtils.java:logGet(46)) - raft.server.threadpool.proxy.cached = true (default)
2022-10-27 13:03:40,528 INFO  server.RaftServerConfigKeys (ConfUtils.java:logGet(46)) - raft.server.threadpool.proxy.size = 0 (default)
2022-10-27 13:03:40,528 INFO  server.RaftServerConfigKeys (ConfUtils.java:logGet(46)) - raft.server.rpc.slowness.timeout = 60s (default)
2022-10-27 13:03:40,528 INFO  server.RaftServerConfigKeys (ConfUtils.java:logGet(46)) - raft.server.leaderelection.leader.step-down.wait-time = 10s (default)
2022-10-27 13:03:40,528 INFO  server.RaftServerConfigKeys (ConfUtils.java:logGet(46)) - raft.server.storage.dir = [/home/runner/work/ratis/ratis/ratis-examples/target/test/data/87b215ba/MiniRaftClusterWithNetty1a4fbd4a/s3] (custom)
2022-10-27 13:03:40,527 INFO  server.RaftServerConfigKeys (ConfUtils.java:logGet(46)) - raft.server.rpc.timeout.min = 300ms (custom)
2022-10-27 13:03:40,528 INFO  server.RaftServerConfigKeys (ConfUtils.java:logGet(46)) - raft.server.rpc.timeout.max = 600ms (custom)
2022-10-27 13:03:40,528 INFO  server.RaftServerConfigKeys (ConfUtils.java:logGet(46)) - raft.server.rpc.sleep.time = 25ms (default)
2022-10-27 13:03:40,528 INFO  server.RaftServerConfigKeys (ConfUtils.java:logGet(46)) - raft.server.rpc.slowness.timeout = 60s (default)
2022-10-27 13:03:40,528 INFO  server.RaftServerConfigKeys (ConfUtils.java:logGet(46)) - raft.server.leaderelection.leader.step-down.wait-time = 10s (default)
2022-10-27 13:03:40,529 INFO  server.RaftServerConfigKeys (ConfUtils.java:logGet(46)) - raft.server.sleep.deviation.threshold = 300ms (default)
2022-10-27 13:03:40,529 INFO  server.RaftServer$Division (ServerState.java:<init>(113)) - s2@group-59FD50A449C7: ConfigurationManager, init=-1: peers:[]|listeners:[], old=null, confs=<EMPTY_MAP>
2022-10-27 13:03:40,529 INFO  server.RaftServerConfigKeys (ConfUtils.java:logGet(46)) - raft.server.notification.no-leader.timeout = 60s (default)
2022-10-27 13:03:40,529 INFO  server.RaftServerConfigKeys (ConfUtils.java:logGet(46)) - raft.server.read.timeout = 10s (default)
2022-10-27 13:03:40,529 INFO  server.RaftServerConfigKeys (ConfUtils.java:logGet(46)) - raft.server.retrycache.expirytime = 60s (default)
2022-10-27 13:03:40,529 INFO  server.RaftServerConfigKeys (ConfUtils.java:logGet(46)) - raft.server.retrycache.statistics.expirytime = 100μs (default)
2022-10-27 13:03:40,529 INFO  server.RaftServerConfigKeys (ConfUtils.java:logGet(46)) - raft.server.read.option = DEFAULT (default)
2022-10-27 13:03:40,529 INFO  server.RaftServerConfigKeys (ConfUtils.java:logGet(46)) - raft.server.log.appender.install.snapshot.enabled = true (default)
2022-10-27 13:03:40,529 INFO  server.RaftServerConfigKeys (ConfUtils.java:logGet(46)) - raft.server.threadpool.server.cached = true (default)
2022-10-27 13:03:40,529 INFO  server.RaftServerConfigKeys (ConfUtils.java:logGet(46)) - raft.server.threadpool.server.size = 0 (default)
2022-10-27 13:03:40,529 INFO  server.RaftServerConfigKeys (ConfUtils.java:logGet(46)) - raft.server.threadpool.client.cached = true (default)
2022-10-27 13:03:40,529 INFO  server.RaftServerConfigKeys (ConfUtils.java:logGet(46)) - raft.server.threadpool.client.size = 0 (default)
2022-10-27 13:03:40,530 INFO  server.RaftServer (RaftServerProxy.java:addNew(99)) - s3: addNew group-59FD50A449C7:[] returns group-59FD50A449C7:java.util.concurrent.CompletableFuture@2b38e7c3[Not completed]
2022-10-27 13:03:40,530 INFO  impl.MiniRaftCluster (MiniRaftCluster.java:newRaftServer(382)) - newRaftServer: s4, group-59FD50A449C7:[], format? true
2022-10-27 13:03:40,530 TRACE util.FileUtils (FileUtils.java:deleteFully(170)) - deleteFully target/test/data/87b215ba/MiniRaftClusterWithNetty1a4fbd4a/s4
2022-10-27 13:03:40,530 TRACE util.FileUtils (FileUtils.java:deleteFully(186)) - deleteFully: target/test/data/87b215ba/MiniRaftClusterWithNetty1a4fbd4a/s4 does not exist.
2022-10-27 13:03:40,530 INFO  impl.MiniRaftCluster (MiniRaftCluster.java:newRaftServer(387)) - Formatted directory target/test/data/87b215ba/MiniRaftClusterWithNetty1a4fbd4a/s4
2022-10-27 13:03:40,530 INFO  server.RaftServer (ConfUtils.java:logGet(46)) - raft.rpc.type = NETTY (custom)
2022-10-27 13:03:40,530 INFO  netty.NettyConfigKeys$Server (ConfUtils.java:logGet(46)) - raft.netty.server.host = null (default)
2022-10-27 13:03:40,530 INFO  netty.NettyConfigKeys$Server (ConfUtils.java:logGet(46)) - raft.netty.server.port = 41093 (custom)
2022-10-27 13:03:40,530 INFO  impl.DataStreamServerImpl (ConfUtils.java:logGet(46)) - raft.datastream.type = DISABLED (default)
2022-10-27 13:03:40,531 INFO  server.RaftServerConfigKeys (ConfUtils.java:logGet(46)) - raft.server.threadpool.proxy.cached = true (default)
2022-10-27 13:03:40,531 INFO  server.RaftServerConfigKeys (ConfUtils.java:logGet(46)) - raft.server.threadpool.proxy.size = 0 (default)
2022-10-27 13:03:40,531 INFO  server.RaftServerConfigKeys (ConfUtils.java:logGet(46)) - raft.server.rpc.slowness.timeout = 60s (default)
2022-10-27 13:03:40,531 INFO  server.RaftServerConfigKeys (ConfUtils.java:logGet(46)) - raft.server.leaderelection.leader.step-down.wait-time = 10s (default)
2022-10-27 13:03:40,531 INFO  server.RaftServerConfigKeys (ConfUtils.java:logGet(46)) - raft.server.storage.dir = [/home/runner/work/ratis/ratis/ratis-examples/target/test/data/87b215ba/MiniRaftClusterWithNetty1a4fbd4a/s4] (custom)
2022-10-27 13:03:40,532 INFO  server.RaftServer$Division (RaftServerImpl.java:<init>(198)) - s3: new RaftServerImpl for group-59FD50A449C7:[] with ArithmeticStateMachine:uninitialized
2022-10-27 13:03:40,532 INFO  server.RaftServerConfigKeys (ConfUtils.java:logGet(46)) - raft.server.rpc.timeout.min = 300ms (custom)
2022-10-27 13:03:40,532 INFO  server.RaftServerConfigKeys (ConfUtils.java:logGet(46)) - raft.server.rpc.timeout.max = 600ms (custom)
2022-10-27 13:03:40,532 INFO  server.RaftServerConfigKeys (ConfUtils.java:logGet(46)) - raft.server.rpc.sleep.time = 25ms (default)
2022-10-27 13:03:40,532 INFO  server.RaftServerConfigKeys (ConfUtils.java:logGet(46)) - raft.server.rpc.slowness.timeout = 60s (default)
2022-10-27 13:03:40,532 INFO  server.RaftServerConfigKeys (ConfUtils.java:logGet(46)) - raft.server.leaderelection.leader.step-down.wait-time = 10s (default)
2022-10-27 13:03:40,532 INFO  server.RaftServerConfigKeys (ConfUtils.java:logGet(46)) - raft.server.sleep.deviation.threshold = 300ms (default)
2022-10-27 13:03:40,532 INFO  server.RaftServer$Division (ServerState.java:<init>(113)) - s3@group-59FD50A449C7: ConfigurationManager, init=-1: peers:[]|listeners:[], old=null, confs=<EMPTY_MAP>
2022-10-27 13:03:40,532 INFO  server.RaftServerConfigKeys (ConfUtils.java:logGet(46)) - raft.server.notification.no-leader.timeout = 60s (default)
2022-10-27 13:03:40,532 INFO  server.RaftServerConfigKeys (ConfUtils.java:logGet(46)) - raft.server.read.timeout = 10s (default)
2022-10-27 13:03:40,532 INFO  server.RaftServerConfigKeys (ConfUtils.java:logGet(46)) - raft.server.retrycache.expirytime = 60s (default)
2022-10-27 13:03:40,532 INFO  server.RaftServerConfigKeys (ConfUtils.java:logGet(46)) - raft.server.retrycache.statistics.expirytime = 100μs (default)
2022-10-27 13:03:40,532 INFO  server.RaftServerConfigKeys (ConfUtils.java:logGet(46)) - raft.server.read.option = DEFAULT (default)
2022-10-27 13:03:40,533 INFO  server.RaftServerConfigKeys (ConfUtils.java:logGet(46)) - raft.server.log.appender.install.snapshot.enabled = true (default)
2022-10-27 13:03:40,533 INFO  server.RaftServerConfigKeys (ConfUtils.java:logGet(46)) - raft.server.threadpool.server.cached = true (default)
2022-10-27 13:03:40,533 INFO  server.RaftServerConfigKeys (ConfUtils.java:logGet(46)) - raft.server.threadpool.server.size = 0 (default)
2022-10-27 13:03:40,533 INFO  server.RaftServerConfigKeys (ConfUtils.java:logGet(46)) - raft.server.threadpool.client.cached = true (default)
2022-10-27 13:03:40,533 INFO  server.RaftServerConfigKeys (ConfUtils.java:logGet(46)) - raft.server.threadpool.client.size = 0 (default)
2022-10-27 13:03:40,538 INFO  server.RaftServer (RaftServerProxy.java:addNew(99)) - s4: addNew group-59FD50A449C7:[] returns group-59FD50A449C7:java.util.concurrent.CompletableFuture@2e96e3cc[Not completed]
2022-10-27 13:03:40,538 INFO  impl.MiniRaftCluster (MiniRaftCluster.java:newRaftServer(382)) - newRaftServer: s5, group-59FD50A449C7:[], format? true
2022-10-27 13:03:40,538 TRACE util.FileUtils (FileUtils.java:deleteFully(170)) - deleteFully target/test/data/87b215ba/MiniRaftClusterWithNetty1a4fbd4a/s5
2022-10-27 13:03:40,538 TRACE util.FileUtils (FileUtils.java:deleteFully(186)) - deleteFully: target/test/data/87b215ba/MiniRaftClusterWithNetty1a4fbd4a/s5 does not exist.
2022-10-27 13:03:40,538 INFO  impl.MiniRaftCluster (MiniRaftCluster.java:newRaftServer(387)) - Formatted directory target/test/data/87b215ba/MiniRaftClusterWithNetty1a4fbd4a/s5
2022-10-27 13:03:40,538 INFO  server.RaftServer (ConfUtils.java:logGet(46)) - raft.rpc.type = NETTY (custom)
2022-10-27 13:03:40,539 INFO  netty.NettyConfigKeys$Server (ConfUtils.java:logGet(46)) - raft.netty.server.host = null (default)
2022-10-27 13:03:40,539 INFO  netty.NettyConfigKeys$Server (ConfUtils.java:logGet(46)) - raft.netty.server.port = 38425 (custom)
2022-10-27 13:03:40,539 INFO  impl.DataStreamServerImpl (ConfUtils.java:logGet(46)) - raft.datastream.type = DISABLED (default)
2022-10-27 13:03:40,539 INFO  server.RaftServerConfigKeys (ConfUtils.java:logGet(46)) - raft.server.threadpool.proxy.cached = true (default)
2022-10-27 13:03:40,539 INFO  server.RaftServerConfigKeys (ConfUtils.java:logGet(46)) - raft.server.threadpool.proxy.size = 0 (default)
2022-10-27 13:03:40,539 INFO  server.RaftServerConfigKeys (ConfUtils.java:logGet(46)) - raft.server.rpc.slowness.timeout = 60s (default)
2022-10-27 13:03:40,539 INFO  server.RaftServerConfigKeys (ConfUtils.java:logGet(46)) - raft.server.leaderelection.leader.step-down.wait-time = 10s (default)
2022-10-27 13:03:40,539 INFO  server.RaftServerConfigKeys (ConfUtils.java:logGet(46)) - raft.server.storage.dir = [/home/runner/work/ratis/ratis/ratis-examples/target/test/data/87b215ba/MiniRaftClusterWithNetty1a4fbd4a/s5] (custom)
2022-10-27 13:03:40,539 INFO  server.RaftServer$Division (RaftServerImpl.java:<init>(198)) - s4: new RaftServerImpl for group-59FD50A449C7:[] with ArithmeticStateMachine:uninitialized
2022-10-27 13:03:40,539 INFO  server.RaftServerConfigKeys (ConfUtils.java:logGet(46)) - raft.server.rpc.timeout.min = 300ms (custom)
2022-10-27 13:03:40,539 INFO  server.RaftServerConfigKeys (ConfUtils.java:logGet(46)) - raft.server.rpc.timeout.max = 600ms (custom)
2022-10-27 13:03:40,540 INFO  server.RaftServerConfigKeys (ConfUtils.java:logGet(46)) - raft.server.rpc.sleep.time = 25ms (default)
2022-10-27 13:03:40,540 INFO  server.RaftServerConfigKeys (ConfUtils.java:logGet(46)) - raft.server.rpc.slowness.timeout = 60s (default)
2022-10-27 13:03:40,540 INFO  server.RaftServerConfigKeys (ConfUtils.java:logGet(46)) - raft.server.leaderelection.leader.step-down.wait-time = 10s (default)
2022-10-27 13:03:40,540 INFO  server.RaftServerConfigKeys (ConfUtils.java:logGet(46)) - raft.server.sleep.deviation.threshold = 300ms (default)
2022-10-27 13:03:40,540 INFO  server.RaftServer$Division (ServerState.java:<init>(113)) - s4@group-59FD50A449C7: ConfigurationManager, init=-1: peers:[]|listeners:[], old=null, confs=<EMPTY_MAP>
2022-10-27 13:03:40,540 INFO  server.RaftServerConfigKeys (ConfUtils.java:logGet(46)) - raft.server.notification.no-leader.timeout = 60s (default)
2022-10-27 13:03:40,540 INFO  server.RaftServerConfigKeys (ConfUtils.java:logGet(46)) - raft.server.read.timeout = 10s (default)
2022-10-27 13:03:40,540 INFO  server.RaftServerConfigKeys (ConfUtils.java:logGet(46)) - raft.server.retrycache.expirytime = 60s (default)
2022-10-27 13:03:40,540 INFO  server.RaftServerConfigKeys (ConfUtils.java:logGet(46)) - raft.server.retrycache.statistics.expirytime = 100μs (default)
2022-10-27 13:03:40,540 INFO  server.RaftServerConfigKeys (ConfUtils.java:logGet(46)) - raft.server.read.option = DEFAULT (default)
2022-10-27 13:03:40,540 INFO  server.RaftServerConfigKeys (ConfUtils.java:logGet(46)) - raft.server.log.appender.install.snapshot.enabled = true (default)
2022-10-27 13:03:40,540 INFO  server.RaftServerConfigKeys (ConfUtils.java:logGet(46)) - raft.server.threadpool.server.cached = true (default)
2022-10-27 13:03:40,540 INFO  server.RaftServerConfigKeys (ConfUtils.java:logGet(46)) - raft.server.threadpool.server.size = 0 (default)
2022-10-27 13:03:40,540 INFO  server.RaftServerConfigKeys (ConfUtils.java:logGet(46)) - raft.server.threadpool.client.cached = true (default)
2022-10-27 13:03:40,540 INFO  server.RaftServerConfigKeys (ConfUtils.java:logGet(46)) - raft.server.threadpool.client.size = 0 (default)
2022-10-27 13:03:40,541 INFO  server.RaftServer (RaftServerProxy.java:addNew(99)) - s5: addNew group-59FD50A449C7:[] returns group-59FD50A449C7:java.util.concurrent.CompletableFuture@49c4c9fd[Not completed]
2022-10-27 13:03:40,541 INFO  impl.MiniRaftCluster (MiniRaftCluster.java:newRaftServer(382)) - newRaftServer: s6, group-59FD50A449C7:[], format? true
2022-10-27 13:03:40,541 TRACE util.FileUtils (FileUtils.java:deleteFully(170)) - deleteFully target/test/data/87b215ba/MiniRaftClusterWithNetty1a4fbd4a/s6
2022-10-27 13:03:40,541 TRACE util.FileUtils (FileUtils.java:deleteFully(186)) - deleteFully: target/test/data/87b215ba/MiniRaftClusterWithNetty1a4fbd4a/s6 does not exist.
2022-10-27 13:03:40,541 INFO  impl.MiniRaftCluster (MiniRaftCluster.java:newRaftServer(387)) - Formatted directory target/test/data/87b215ba/MiniRaftClusterWithNetty1a4fbd4a/s6
2022-10-27 13:03:40,541 INFO  server.RaftServer (ConfUtils.java:logGet(46)) - raft.rpc.type = NETTY (custom)
2022-10-27 13:03:40,559 INFO  netty.NettyConfigKeys$Server (ConfUtils.java:logGet(46)) - raft.netty.server.host = null (default)
2022-10-27 13:03:40,559 INFO  netty.NettyConfigKeys$Server (ConfUtils.java:logGet(46)) - raft.netty.server.port = 44233 (custom)
2022-10-27 13:03:40,559 INFO  impl.DataStreamServerImpl (ConfUtils.java:logGet(46)) - raft.datastream.type = DISABLED (default)
2022-10-27 13:03:40,559 INFO  server.RaftServerConfigKeys (ConfUtils.java:logGet(46)) - raft.server.threadpool.proxy.cached = true (default)
2022-10-27 13:03:40,559 INFO  server.RaftServerConfigKeys (ConfUtils.java:logGet(46)) - raft.server.threadpool.proxy.size = 0 (default)
2022-10-27 13:03:40,559 INFO  server.RaftServerConfigKeys (ConfUtils.java:logGet(46)) - raft.server.rpc.slowness.timeout = 60s (default)
2022-10-27 13:03:40,559 INFO  server.RaftServerConfigKeys (ConfUtils.java:logGet(46)) - raft.server.leaderelection.leader.step-down.wait-time = 10s (default)
2022-10-27 13:03:40,559 INFO  server.RaftServerConfigKeys (ConfUtils.java:logGet(46)) - raft.server.storage.dir = [/home/runner/work/ratis/ratis/ratis-examples/target/test/data/87b215ba/MiniRaftClusterWithNetty1a4fbd4a/s6] (custom)
2022-10-27 13:03:40,560 INFO  server.RaftServer$Division (RaftServerImpl.java:<init>(198)) - s5: new RaftServerImpl for group-59FD50A449C7:[] with ArithmeticStateMachine:uninitialized
2022-10-27 13:03:40,560 INFO  server.RaftServerConfigKeys (ConfUtils.java:logGet(46)) - raft.server.rpc.timeout.min = 300ms (custom)
2022-10-27 13:03:40,560 INFO  server.RaftServerConfigKeys (ConfUtils.java:logGet(46)) - raft.server.rpc.timeout.max = 600ms (custom)
2022-10-27 13:03:40,560 INFO  server.RaftServerConfigKeys (ConfUtils.java:logGet(46)) - raft.server.rpc.sleep.time = 25ms (default)
2022-10-27 13:03:40,560 INFO  server.RaftServerConfigKeys (ConfUtils.java:logGet(46)) - raft.server.rpc.slowness.timeout = 60s (default)
2022-10-27 13:03:40,560 INFO  server.RaftServerConfigKeys (ConfUtils.java:logGet(46)) - raft.server.leaderelection.leader.step-down.wait-time = 10s (default)
2022-10-27 13:03:40,560 INFO  server.RaftServerConfigKeys (ConfUtils.java:logGet(46)) - raft.server.sleep.deviation.threshold = 300ms (default)
2022-10-27 13:03:40,560 INFO  server.RaftServer$Division (ServerState.java:<init>(113)) - s5@group-59FD50A449C7: ConfigurationManager, init=-1: peers:[]|listeners:[], old=null, confs=<EMPTY_MAP>
2022-10-27 13:03:40,560 INFO  server.RaftServerConfigKeys (ConfUtils.java:logGet(46)) - raft.server.notification.no-leader.timeout = 60s (default)
2022-10-27 13:03:40,560 INFO  server.RaftServerConfigKeys (ConfUtils.java:logGet(46)) - raft.server.read.timeout = 10s (default)
2022-10-27 13:03:40,560 INFO  server.RaftServerConfigKeys (ConfUtils.java:logGet(46)) - raft.server.retrycache.expirytime = 60s (default)
2022-10-27 13:03:40,560 INFO  server.RaftServerConfigKeys (ConfUtils.java:logGet(46)) - raft.server.retrycache.statistics.expirytime = 100μs (default)
2022-10-27 13:03:40,560 INFO  server.RaftServerConfigKeys (ConfUtils.java:logGet(46)) - raft.server.read.option = DEFAULT (default)
2022-10-27 13:03:40,561 INFO  server.RaftServerConfigKeys (ConfUtils.java:logGet(46)) - raft.server.log.appender.install.snapshot.enabled = true (default)
2022-10-27 13:03:40,561 INFO  server.RaftServerConfigKeys (ConfUtils.java:logGet(46)) - raft.server.threadpool.server.cached = true (default)
2022-10-27 13:03:40,561 INFO  server.RaftServerConfigKeys (ConfUtils.java:logGet(46)) - raft.server.threadpool.server.size = 0 (default)
2022-10-27 13:03:40,561 INFO  server.RaftServerConfigKeys (ConfUtils.java:logGet(46)) - raft.server.threadpool.client.cached = true (default)
2022-10-27 13:03:40,561 INFO  server.RaftServerConfigKeys (ConfUtils.java:logGet(46)) - raft.server.threadpool.client.size = 0 (default)
2022-10-27 13:03:40,561 INFO  server.RaftServer (RaftServerProxy.java:addNew(99)) - s6: addNew group-59FD50A449C7:[] returns group-59FD50A449C7:java.util.concurrent.CompletableFuture@5fd76944[Not completed]
2022-10-27 13:03:40,561 INFO  impl.MiniRaftCluster (MiniRaftCluster.java:newRaftServer(382)) - newRaftServer: s7, group-59FD50A449C7:[], format? true
2022-10-27 13:03:40,561 TRACE util.FileUtils (FileUtils.java:deleteFully(170)) - deleteFully target/test/data/87b215ba/MiniRaftClusterWithNetty1a4fbd4a/s7
2022-10-27 13:03:40,561 TRACE util.FileUtils (FileUtils.java:deleteFully(186)) - deleteFully: target/test/data/87b215ba/MiniRaftClusterWithNetty1a4fbd4a/s7 does not exist.
2022-10-27 13:03:40,561 INFO  impl.MiniRaftCluster (MiniRaftCluster.java:newRaftServer(387)) - Formatted directory target/test/data/87b215ba/MiniRaftClusterWithNetty1a4fbd4a/s7
2022-10-27 13:03:40,562 INFO  server.RaftServer (ConfUtils.java:logGet(46)) - raft.rpc.type = NETTY (custom)
2022-10-27 13:03:40,563 INFO  netty.NettyConfigKeys$Server (ConfUtils.java:logGet(46)) - raft.netty.server.host = null (default)
2022-10-27 13:03:40,563 INFO  netty.NettyConfigKeys$Server (ConfUtils.java:logGet(46)) - raft.netty.server.port = 46701 (custom)
2022-10-27 13:03:40,563 INFO  impl.DataStreamServerImpl (ConfUtils.java:logGet(46)) - raft.datastream.type = DISABLED (default)
2022-10-27 13:03:40,563 INFO  server.RaftServerConfigKeys (ConfUtils.java:logGet(46)) - raft.server.threadpool.proxy.cached = true (default)
2022-10-27 13:03:40,563 INFO  server.RaftServerConfigKeys (ConfUtils.java:logGet(46)) - raft.server.threadpool.proxy.size = 0 (default)
2022-10-27 13:03:40,563 INFO  server.RaftServerConfigKeys (ConfUtils.java:logGet(46)) - raft.server.rpc.slowness.timeout = 60s (default)
2022-10-27 13:03:40,563 INFO  server.RaftServerConfigKeys (ConfUtils.java:logGet(46)) - raft.server.leaderelection.leader.step-down.wait-time = 10s (default)
2022-10-27 13:03:40,563 INFO  server.RaftServerConfigKeys (ConfUtils.java:logGet(46)) - raft.server.storage.dir = [/home/runner/work/ratis/ratis/ratis-examples/target/test/data/87b215ba/MiniRaftClusterWithNetty1a4fbd4a/s7] (custom)
2022-10-27 13:03:40,564 INFO  server.RaftServer$Division (RaftServerImpl.java:<init>(198)) - s6: new RaftServerImpl for group-59FD50A449C7:[] with ArithmeticStateMachine:uninitialized
2022-10-27 13:03:40,564 INFO  server.RaftServerConfigKeys (ConfUtils.java:logGet(46)) - raft.server.rpc.timeout.min = 300ms (custom)
2022-10-27 13:03:40,564 INFO  server.RaftServerConfigKeys (ConfUtils.java:logGet(46)) - raft.server.rpc.timeout.max = 600ms (custom)
2022-10-27 13:03:40,564 INFO  server.RaftServerConfigKeys (ConfUtils.java:logGet(46)) - raft.server.rpc.sleep.time = 25ms (default)
2022-10-27 13:03:40,564 INFO  server.RaftServerConfigKeys (ConfUtils.java:logGet(46)) - raft.server.rpc.slowness.timeout = 60s (default)
2022-10-27 13:03:40,564 INFO  server.RaftServerConfigKeys (ConfUtils.java:logGet(46)) - raft.server.leaderelection.leader.step-down.wait-time = 10s (default)
2022-10-27 13:03:40,564 INFO  server.RaftServerConfigKeys (ConfUtils.java:logGet(46)) - raft.server.sleep.deviation.threshold = 300ms (default)
2022-10-27 13:03:40,564 INFO  server.RaftServer$Division (ServerState.java:<init>(113)) - s6@group-59FD50A449C7: ConfigurationManager, init=-1: peers:[]|listeners:[], old=null, confs=<EMPTY_MAP>
2022-10-27 13:03:40,564 INFO  server.RaftServerConfigKeys (ConfUtils.java:logGet(46)) - raft.server.notification.no-leader.timeout = 60s (default)
2022-10-27 13:03:40,564 INFO  server.RaftServerConfigKeys (ConfUtils.java:logGet(46)) - raft.server.read.timeout = 10s (default)
2022-10-27 13:03:40,564 INFO  server.RaftServerConfigKeys (ConfUtils.java:logGet(46)) - raft.server.retrycache.expirytime = 60s (default)
2022-10-27 13:03:40,564 INFO  server.RaftServerConfigKeys (ConfUtils.java:logGet(46)) - raft.server.retrycache.statistics.expirytime = 100μs (default)
2022-10-27 13:03:40,564 INFO  server.RaftServerConfigKeys (ConfUtils.java:logGet(46)) - raft.server.read.option = DEFAULT (default)
2022-10-27 13:03:40,565 INFO  server.RaftServerConfigKeys (ConfUtils.java:logGet(46)) - raft.server.log.appender.install.snapshot.enabled = true (default)
2022-10-27 13:03:40,565 INFO  server.RaftServerConfigKeys (ConfUtils.java:logGet(46)) - raft.server.threadpool.server.cached = true (default)
2022-10-27 13:03:40,565 INFO  server.RaftServerConfigKeys (ConfUtils.java:logGet(46)) - raft.server.threadpool.server.size = 0 (default)
2022-10-27 13:03:40,565 INFO  server.RaftServerConfigKeys (ConfUtils.java:logGet(46)) - raft.server.threadpool.client.cached = true (default)
2022-10-27 13:03:40,565 INFO  server.RaftServerConfigKeys (ConfUtils.java:logGet(46)) - raft.server.threadpool.client.size = 0 (default)
2022-10-27 13:03:40,565 INFO  server.RaftServer (RaftServerProxy.java:addNew(99)) - s7: addNew group-59FD50A449C7:[] returns group-59FD50A449C7:java.util.concurrent.CompletableFuture@10426b91[Not completed]
2022-10-27 13:03:40,565 INFO  impl.MiniRaftCluster (MiniRaftCluster.java:newRaftServer(382)) - newRaftServer: s8, group-59FD50A449C7:[], format? true
2022-10-27 13:03:40,565 TRACE util.FileUtils (FileUtils.java:deleteFully(170)) - deleteFully target/test/data/87b215ba/MiniRaftClusterWithNetty1a4fbd4a/s8
2022-10-27 13:03:40,565 TRACE util.FileUtils (FileUtils.java:deleteFully(186)) - deleteFully: target/test/data/87b215ba/MiniRaftClusterWithNetty1a4fbd4a/s8 does not exist.
2022-10-27 13:03:40,565 INFO  impl.MiniRaftCluster (MiniRaftCluster.java:newRaftServer(387)) - Formatted directory target/test/data/87b215ba/MiniRaftClusterWithNetty1a4fbd4a/s8
2022-10-27 13:03:40,566 INFO  server.RaftServer (ConfUtils.java:logGet(46)) - raft.rpc.type = NETTY (custom)
2022-10-27 13:03:40,566 INFO  netty.NettyConfigKeys$Server (ConfUtils.java:logGet(46)) - raft.netty.server.host = null (default)
2022-10-27 13:03:40,566 INFO  netty.NettyConfigKeys$Server (ConfUtils.java:logGet(46)) - raft.netty.server.port = 39217 (custom)
2022-10-27 13:03:40,566 INFO  impl.DataStreamServerImpl (ConfUtils.java:logGet(46)) - raft.datastream.type = DISABLED (default)
2022-10-27 13:03:40,566 INFO  server.RaftServerConfigKeys (ConfUtils.java:logGet(46)) - raft.server.threadpool.proxy.cached = true (default)
2022-10-27 13:03:40,566 INFO  server.RaftServerConfigKeys (ConfUtils.java:logGet(46)) - raft.server.threadpool.proxy.size = 0 (default)
2022-10-27 13:03:40,566 INFO  server.RaftServerConfigKeys (ConfUtils.java:logGet(46)) - raft.server.rpc.slowness.timeout = 60s (default)
2022-10-27 13:03:40,566 INFO  server.RaftServerConfigKeys (ConfUtils.java:logGet(46)) - raft.server.leaderelection.leader.step-down.wait-time = 10s (default)
2022-10-27 13:03:40,566 INFO  server.RaftServerConfigKeys (ConfUtils.java:logGet(46)) - raft.server.storage.dir = [/home/runner/work/ratis/ratis/ratis-examples/target/test/data/87b215ba/MiniRaftClusterWithNetty1a4fbd4a/s8] (custom)
2022-10-27 13:03:40,568 INFO  server.RaftServer$Division (RaftServerImpl.java:<init>(198)) - s7: new RaftServerImpl for group-59FD50A449C7:[] with ArithmeticStateMachine:uninitialized
2022-10-27 13:03:40,568 INFO  server.RaftServerConfigKeys (ConfUtils.java:logGet(46)) - raft.server.rpc.timeout.min = 300ms (custom)
2022-10-27 13:03:40,568 INFO  server.RaftServerConfigKeys (ConfUtils.java:logGet(46)) - raft.server.rpc.timeout.max = 600ms (custom)
2022-10-27 13:03:40,568 INFO  server.RaftServerConfigKeys (ConfUtils.java:logGet(46)) - raft.server.rpc.sleep.time = 25ms (default)
2022-10-27 13:03:40,568 INFO  server.RaftServerConfigKeys (ConfUtils.java:logGet(46)) - raft.server.rpc.slowness.timeout = 60s (default)
2022-10-27 13:03:40,568 INFO  server.RaftServerConfigKeys (ConfUtils.java:logGet(46)) - raft.server.leaderelection.leader.step-down.wait-time = 10s (default)
2022-10-27 13:03:40,568 INFO  server.RaftServerConfigKeys (ConfUtils.java:logGet(46)) - raft.server.sleep.deviation.threshold = 300ms (default)
2022-10-27 13:03:40,568 INFO  server.RaftServer$Division (ServerState.java:<init>(113)) - s7@group-59FD50A449C7: ConfigurationManager, init=-1: peers:[]|listeners:[], old=null, confs=<EMPTY_MAP>
2022-10-27 13:03:40,568 INFO  server.RaftServerConfigKeys (ConfUtils.java:logGet(46)) - raft.server.notification.no-leader.timeout = 60s (default)
2022-10-27 13:03:40,568 INFO  server.RaftServerConfigKeys (ConfUtils.java:logGet(46)) - raft.server.read.timeout = 10s (default)
2022-10-27 13:03:40,568 INFO  server.RaftServerConfigKeys (ConfUtils.java:logGet(46)) - raft.server.retrycache.expirytime = 60s (default)
2022-10-27 13:03:40,568 INFO  server.RaftServerConfigKeys (ConfUtils.java:logGet(46)) - raft.server.retrycache.statistics.expirytime = 100μs (default)
2022-10-27 13:03:40,568 INFO  server.RaftServerConfigKeys (ConfUtils.java:logGet(46)) - raft.server.read.option = DEFAULT (default)
2022-10-27 13:03:40,569 INFO  server.RaftServerConfigKeys (ConfUtils.java:logGet(46)) - raft.server.log.appender.install.snapshot.enabled = true (default)
2022-10-27 13:03:40,569 INFO  server.RaftServerConfigKeys (ConfUtils.java:logGet(46)) - raft.server.threadpool.server.cached = true (default)
2022-10-27 13:03:40,569 INFO  server.RaftServerConfigKeys (ConfUtils.java:logGet(46)) - raft.server.threadpool.server.size = 0 (default)
2022-10-27 13:03:40,569 INFO  server.RaftServerConfigKeys (ConfUtils.java:logGet(46)) - raft.server.threadpool.client.cached = true (default)
2022-10-27 13:03:40,569 INFO  server.RaftServerConfigKeys (ConfUtils.java:logGet(46)) - raft.server.threadpool.client.size = 0 (default)
2022-10-27 13:03:40,569 INFO  server.RaftServer (RaftServerProxy.java:addNew(99)) - s8: addNew group-59FD50A449C7:[] returns group-59FD50A449C7:java.util.concurrent.CompletableFuture@7aa6af77[Not completed]
2022-10-27 13:03:40,569 INFO  impl.MiniRaftCluster (MiniRaftCluster.java:newRaftServer(382)) - newRaftServer: s9, group-59FD50A449C7:[], format? true
2022-10-27 13:03:40,569 TRACE util.FileUtils (FileUtils.java:deleteFully(170)) - deleteFully target/test/data/87b215ba/MiniRaftClusterWithNetty1a4fbd4a/s9
2022-10-27 13:03:40,569 TRACE util.FileUtils (FileUtils.java:deleteFully(186)) - deleteFully: target/test/data/87b215ba/MiniRaftClusterWithNetty1a4fbd4a/s9 does not exist.
2022-10-27 13:03:40,569 INFO  impl.MiniRaftCluster (MiniRaftCluster.java:newRaftServer(387)) - Formatted directory target/test/data/87b215ba/MiniRaftClusterWithNetty1a4fbd4a/s9
2022-10-27 13:03:40,570 INFO  server.RaftServer (ConfUtils.java:logGet(46)) - raft.rpc.type = NETTY (custom)
2022-10-27 13:03:40,571 INFO  netty.NettyConfigKeys$Server (ConfUtils.java:logGet(46)) - raft.netty.server.host = null (default)
2022-10-27 13:03:40,571 INFO  netty.NettyConfigKeys$Server (ConfUtils.java:logGet(46)) - raft.netty.server.port = 41641 (custom)
2022-10-27 13:03:40,571 INFO  impl.DataStreamServerImpl (ConfUtils.java:logGet(46)) - raft.datastream.type = DISABLED (default)
2022-10-27 13:03:40,571 INFO  server.RaftServerConfigKeys (ConfUtils.java:logGet(46)) - raft.server.threadpool.proxy.cached = true (default)
2022-10-27 13:03:40,571 INFO  server.RaftServerConfigKeys (ConfUtils.java:logGet(46)) - raft.server.threadpool.proxy.size = 0 (default)
2022-10-27 13:03:40,571 INFO  server.RaftServerConfigKeys (ConfUtils.java:logGet(46)) - raft.server.rpc.slowness.timeout = 60s (default)
2022-10-27 13:03:40,571 INFO  server.RaftServerConfigKeys (ConfUtils.java:logGet(46)) - raft.server.leaderelection.leader.step-down.wait-time = 10s (default)
2022-10-27 13:03:40,571 INFO  server.RaftServerConfigKeys (ConfUtils.java:logGet(46)) - raft.server.storage.dir = [/home/runner/work/ratis/ratis/ratis-examples/target/test/data/87b215ba/MiniRaftClusterWithNetty1a4fbd4a/s9] (custom)
2022-10-27 13:03:40,572 INFO  server.RaftServer$Division (RaftServerImpl.java:<init>(198)) - s8: new RaftServerImpl for group-59FD50A449C7:[] with ArithmeticStateMachine:uninitialized
2022-10-27 13:03:40,572 INFO  server.RaftServerConfigKeys (ConfUtils.java:logGet(46)) - raft.server.rpc.timeout.min = 300ms (custom)
2022-10-27 13:03:40,572 INFO  server.RaftServerConfigKeys (ConfUtils.java:logGet(46)) - raft.server.rpc.timeout.max = 600ms (custom)
2022-10-27 13:03:40,572 INFO  server.RaftServerConfigKeys (ConfUtils.java:logGet(46)) - raft.server.rpc.sleep.time = 25ms (default)
2022-10-27 13:03:40,572 INFO  server.RaftServerConfigKeys (ConfUtils.java:logGet(46)) - raft.server.rpc.slowness.timeout = 60s (default)
2022-10-27 13:03:40,572 INFO  server.RaftServerConfigKeys (ConfUtils.java:logGet(46)) - raft.server.leaderelection.leader.step-down.wait-time = 10s (default)
2022-10-27 13:03:40,572 INFO  server.RaftServerConfigKeys (ConfUtils.java:logGet(46)) - raft.server.sleep.deviation.threshold = 300ms (default)
2022-10-27 13:03:40,572 INFO  server.RaftServer$Division (ServerState.java:<init>(113)) - s8@group-59FD50A449C7: ConfigurationManager, init=-1: peers:[]|listeners:[], old=null, confs=<EMPTY_MAP>
2022-10-27 13:03:40,572 INFO  server.RaftServerConfigKeys (ConfUtils.java:logGet(46)) - raft.server.notification.no-leader.timeout = 60s (default)
2022-10-27 13:03:40,572 INFO  server.RaftServerConfigKeys (ConfUtils.java:logGet(46)) - raft.server.read.timeout = 10s (default)
2022-10-27 13:03:40,572 INFO  server.RaftServerConfigKeys (ConfUtils.java:logGet(46)) - raft.server.retrycache.expirytime = 60s (default)
2022-10-27 13:03:40,572 INFO  server.RaftServerConfigKeys (ConfUtils.java:logGet(46)) - raft.server.retrycache.statistics.expirytime = 100μs (default)
2022-10-27 13:03:40,572 INFO  server.RaftServerConfigKeys (ConfUtils.java:logGet(46)) - raft.server.read.option = DEFAULT (default)
2022-10-27 13:03:40,572 INFO  server.RaftServerConfigKeys (ConfUtils.java:logGet(46)) - raft.server.log.appender.install.snapshot.enabled = true (default)
2022-10-27 13:03:40,573 INFO  server.RaftServerConfigKeys (ConfUtils.java:logGet(46)) - raft.server.threadpool.server.cached = true (default)
2022-10-27 13:03:40,573 INFO  server.RaftServerConfigKeys (ConfUtils.java:logGet(46)) - raft.server.threadpool.server.size = 0 (default)
2022-10-27 13:03:40,573 INFO  server.RaftServerConfigKeys (ConfUtils.java:logGet(46)) - raft.server.threadpool.client.cached = true (default)
2022-10-27 13:03:40,573 INFO  server.RaftServerConfigKeys (ConfUtils.java:logGet(46)) - raft.server.threadpool.client.size = 0 (default)
2022-10-27 13:03:40,573 INFO  server.RaftServer (RaftServerProxy.java:addNew(99)) - s9: addNew group-59FD50A449C7:[] returns group-59FD50A449C7:java.util.concurrent.CompletableFuture@41af0338[Not completed]
2022-10-27 13:03:40,573 INFO  impl.MiniRaftCluster (MiniRaftCluster.java:newRaftServer(382)) - newRaftServer: s10, group-59FD50A449C7:[], format? true
2022-10-27 13:03:40,573 TRACE util.FileUtils (FileUtils.java:deleteFully(170)) - deleteFully target/test/data/87b215ba/MiniRaftClusterWithNetty1a4fbd4a/s10
2022-10-27 13:03:40,573 TRACE util.FileUtils (FileUtils.java:deleteFully(186)) - deleteFully: target/test/data/87b215ba/MiniRaftClusterWithNetty1a4fbd4a/s10 does not exist.
2022-10-27 13:03:40,573 INFO  impl.MiniRaftCluster (MiniRaftCluster.java:newRaftServer(387)) - Formatted directory target/test/data/87b215ba/MiniRaftClusterWithNetty1a4fbd4a/s10
2022-10-27 13:03:40,573 INFO  server.RaftServer (ConfUtils.java:logGet(46)) - raft.rpc.type = NETTY (custom)
2022-10-27 13:03:40,574 INFO  netty.NettyConfigKeys$Server (ConfUtils.java:logGet(46)) - raft.netty.server.host = null (default)
2022-10-27 13:03:40,574 INFO  netty.NettyConfigKeys$Server (ConfUtils.java:logGet(46)) - raft.netty.server.port = 38545 (custom)
2022-10-27 13:03:40,574 INFO  impl.DataStreamServerImpl (ConfUtils.java:logGet(46)) - raft.datastream.type = DISABLED (default)
2022-10-27 13:03:40,574 INFO  server.RaftServerConfigKeys (ConfUtils.java:logGet(46)) - raft.server.threadpool.proxy.cached = true (default)
2022-10-27 13:03:40,574 INFO  server.RaftServerConfigKeys (ConfUtils.java:logGet(46)) - raft.server.threadpool.proxy.size = 0 (default)
2022-10-27 13:03:40,574 INFO  server.RaftServerConfigKeys (ConfUtils.java:logGet(46)) - raft.server.rpc.slowness.timeout = 60s (default)
2022-10-27 13:03:40,574 INFO  server.RaftServerConfigKeys (ConfUtils.java:logGet(46)) - raft.server.leaderelection.leader.step-down.wait-time = 10s (default)
2022-10-27 13:03:40,574 INFO  server.RaftServerConfigKeys (ConfUtils.java:logGet(46)) - raft.server.storage.dir = [/home/runner/work/ratis/ratis/ratis-examples/target/test/data/87b215ba/MiniRaftClusterWithNetty1a4fbd4a/s10] (custom)
2022-10-27 13:03:40,576 INFO  server.RaftServer$Division (RaftServerImpl.java:<init>(198)) - s9: new RaftServerImpl for group-59FD50A449C7:[] with ArithmeticStateMachine:uninitialized
2022-10-27 13:03:40,577 INFO  server.RaftServerConfigKeys (ConfUtils.java:logGet(46)) - raft.server.rpc.timeout.min = 300ms (custom)
2022-10-27 13:03:40,577 INFO  server.RaftServerConfigKeys (ConfUtils.java:logGet(46)) - raft.server.rpc.timeout.max = 600ms (custom)
2022-10-27 13:03:40,577 INFO  server.RaftServerConfigKeys (ConfUtils.java:logGet(46)) - raft.server.rpc.sleep.time = 25ms (default)
2022-10-27 13:03:40,577 INFO  server.RaftServerConfigKeys (ConfUtils.java:logGet(46)) - raft.server.rpc.slowness.timeout = 60s (default)
2022-10-27 13:03:40,577 INFO  server.RaftServerConfigKeys (ConfUtils.java:logGet(46)) - raft.server.leaderelection.leader.step-down.wait-time = 10s (default)
2022-10-27 13:03:40,577 INFO  server.RaftServerConfigKeys (ConfUtils.java:logGet(46)) - raft.server.sleep.deviation.threshold = 300ms (default)
2022-10-27 13:03:40,577 INFO  server.RaftServer$Division (ServerState.java:<init>(113)) - s9@group-59FD50A449C7: ConfigurationManager, init=-1: peers:[]|listeners:[], old=null, confs=<EMPTY_MAP>
2022-10-27 13:03:40,577 INFO  server.RaftServerConfigKeys (ConfUtils.java:logGet(46)) - raft.server.notification.no-leader.timeout = 60s (default)
2022-10-27 13:03:40,577 INFO  server.RaftServerConfigKeys (ConfUtils.java:logGet(46)) - raft.server.read.timeout = 10s (default)
2022-10-27 13:03:40,577 INFO  server.RaftServerConfigKeys (ConfUtils.java:logGet(46)) - raft.server.retrycache.expirytime = 60s (default)
2022-10-27 13:03:40,577 INFO  server.RaftServerConfigKeys (ConfUtils.java:logGet(46)) - raft.server.retrycache.statistics.expirytime = 100μs (default)
2022-10-27 13:03:40,577 INFO  server.RaftServerConfigKeys (ConfUtils.java:logGet(46)) - raft.server.read.option = DEFAULT (default)
2022-10-27 13:03:40,577 INFO  server.RaftServerConfigKeys (ConfUtils.java:logGet(46)) - raft.server.log.appender.install.snapshot.enabled = true (default)
2022-10-27 13:03:40,577 INFO  server.RaftServerConfigKeys (ConfUtils.java:logGet(46)) - raft.server.threadpool.server.cached = true (default)
2022-10-27 13:03:40,577 INFO  server.RaftServerConfigKeys (ConfUtils.java:logGet(46)) - raft.server.threadpool.server.size = 0 (default)
2022-10-27 13:03:40,578 INFO  server.RaftServerConfigKeys (ConfUtils.java:logGet(46)) - raft.server.threadpool.client.cached = true (default)
2022-10-27 13:03:40,578 INFO  server.RaftServerConfigKeys (ConfUtils.java:logGet(46)) - raft.server.threadpool.client.size = 0 (default)
2022-10-27 13:03:40,578 INFO  server.RaftServer (RaftServerProxy.java:addNew(99)) - s10: addNew group-59FD50A449C7:[] returns group-59FD50A449C7:java.util.concurrent.CompletableFuture@7ee167a8[Not completed]
2022-10-27 13:03:40,578 INFO  impl.MiniRaftCluster (MiniRaftCluster.java:newRaftServer(382)) - newRaftServer: s11, group-59FD50A449C7:[], format? true
2022-10-27 13:03:40,578 TRACE util.FileUtils (FileUtils.java:deleteFully(170)) - deleteFully target/test/data/87b215ba/MiniRaftClusterWithNetty1a4fbd4a/s11
2022-10-27 13:03:40,578 TRACE util.FileUtils (FileUtils.java:deleteFully(186)) - deleteFully: target/test/data/87b215ba/MiniRaftClusterWithNetty1a4fbd4a/s11 does not exist.
2022-10-27 13:03:40,578 INFO  impl.MiniRaftCluster (MiniRaftCluster.java:newRaftServer(387)) - Formatted directory target/test/data/87b215ba/MiniRaftClusterWithNetty1a4fbd4a/s11
2022-10-27 13:03:40,578 INFO  server.RaftServer (ConfUtils.java:logGet(46)) - raft.rpc.type = NETTY (custom)
2022-10-27 13:03:40,579 INFO  netty.NettyConfigKeys$Server (ConfUtils.java:logGet(46)) - raft.netty.server.host = null (default)
2022-10-27 13:03:40,579 INFO  netty.NettyConfigKeys$Server (ConfUtils.java:logGet(46)) - raft.netty.server.port = 34935 (custom)
2022-10-27 13:03:40,579 INFO  impl.DataStreamServerImpl (ConfUtils.java:logGet(46)) - raft.datastream.type = DISABLED (default)
2022-10-27 13:03:40,579 INFO  server.RaftServerConfigKeys (ConfUtils.java:logGet(46)) - raft.server.threadpool.proxy.cached = true (default)
2022-10-27 13:03:40,579 INFO  server.RaftServerConfigKeys (ConfUtils.java:logGet(46)) - raft.server.threadpool.proxy.size = 0 (default)
2022-10-27 13:03:40,579 INFO  server.RaftServerConfigKeys (ConfUtils.java:logGet(46)) - raft.server.rpc.slowness.timeout = 60s (default)
2022-10-27 13:03:40,579 INFO  server.RaftServerConfigKeys (ConfUtils.java:logGet(46)) - raft.server.leaderelection.leader.step-down.wait-time = 10s (default)
2022-10-27 13:03:40,579 INFO  server.RaftServerConfigKeys (ConfUtils.java:logGet(46)) - raft.server.storage.dir = [/home/runner/work/ratis/ratis/ratis-examples/target/test/data/87b215ba/MiniRaftClusterWithNetty1a4fbd4a/s11] (custom)
2022-10-27 13:03:40,580 INFO  server.RaftServer$Division (RaftServerImpl.java:<init>(198)) - s10: new RaftServerImpl for group-59FD50A449C7:[] with ArithmeticStateMachine:uninitialized
2022-10-27 13:03:40,580 INFO  server.RaftServerConfigKeys (ConfUtils.java:logGet(46)) - raft.server.rpc.timeout.min = 300ms (custom)
2022-10-27 13:03:40,580 INFO  server.RaftServerConfigKeys (ConfUtils.java:logGet(46)) - raft.server.rpc.timeout.max = 600ms (custom)
2022-10-27 13:03:40,580 INFO  server.RaftServerConfigKeys (ConfUtils.java:logGet(46)) - raft.server.rpc.sleep.time = 25ms (default)
2022-10-27 13:03:40,580 INFO  server.RaftServerConfigKeys (ConfUtils.java:logGet(46)) - raft.server.rpc.slowness.timeout = 60s (default)
2022-10-27 13:03:40,580 INFO  server.RaftServerConfigKeys (ConfUtils.java:logGet(46)) - raft.server.leaderelection.leader.step-down.wait-time = 10s (default)
2022-10-27 13:03:40,580 INFO  server.RaftServerConfigKeys (ConfUtils.java:logGet(46)) - raft.server.sleep.deviation.threshold = 300ms (default)
2022-10-27 13:03:40,580 INFO  server.RaftServer$Division (ServerState.java:<init>(113)) - s10@group-59FD50A449C7: ConfigurationManager, init=-1: peers:[]|listeners:[], old=null, confs=<EMPTY_MAP>
2022-10-27 13:03:40,580 INFO  server.RaftServerConfigKeys (ConfUtils.java:logGet(46)) - raft.server.notification.no-leader.timeout = 60s (default)
2022-10-27 13:03:40,580 INFO  server.RaftServerConfigKeys (ConfUtils.java:logGet(46)) - raft.server.read.timeout = 10s (default)
2022-10-27 13:03:40,580 INFO  server.RaftServerConfigKeys (ConfUtils.java:logGet(46)) - raft.server.retrycache.expirytime = 60s (default)
2022-10-27 13:03:40,580 INFO  server.RaftServerConfigKeys (ConfUtils.java:logGet(46)) - raft.server.retrycache.statistics.expirytime = 100μs (default)
2022-10-27 13:03:40,581 INFO  server.RaftServerConfigKeys (ConfUtils.java:logGet(46)) - raft.server.read.option = DEFAULT (default)
2022-10-27 13:03:40,581 INFO  server.RaftServerConfigKeys (ConfUtils.java:logGet(46)) - raft.server.log.appender.install.snapshot.enabled = true (default)
2022-10-27 13:03:40,581 INFO  server.RaftServerConfigKeys (ConfUtils.java:logGet(46)) - raft.server.threadpool.server.cached = true (default)
2022-10-27 13:03:40,581 INFO  server.RaftServerConfigKeys (ConfUtils.java:logGet(46)) - raft.server.threadpool.server.size = 0 (default)
2022-10-27 13:03:40,581 INFO  server.RaftServerConfigKeys (ConfUtils.java:logGet(46)) - raft.server.threadpool.client.cached = true (default)
2022-10-27 13:03:40,581 INFO  server.RaftServerConfigKeys (ConfUtils.java:logGet(46)) - raft.server.threadpool.client.size = 0 (default)
2022-10-27 13:03:40,582 INFO  server.RaftServer (RaftServerProxy.java:addNew(99)) - s11: addNew group-59FD50A449C7:[] returns group-59FD50A449C7:java.util.concurrent.CompletableFuture@6b888bf7[Not completed]
2022-10-27 13:03:40,582 INFO  impl.MiniRaftCluster (MiniRaftCluster.java:newRaftServer(382)) - newRaftServer: s12, group-59FD50A449C7:[], format? true
2022-10-27 13:03:40,582 TRACE util.FileUtils (FileUtils.java:deleteFully(170)) - deleteFully target/test/data/87b215ba/MiniRaftClusterWithNetty1a4fbd4a/s12
2022-10-27 13:03:40,582 TRACE util.FileUtils (FileUtils.java:deleteFully(186)) - deleteFully: target/test/data/87b215ba/MiniRaftClusterWithNetty1a4fbd4a/s12 does not exist.
2022-10-27 13:03:40,582 INFO  impl.MiniRaftCluster (MiniRaftCluster.java:newRaftServer(387)) - Formatted directory target/test/data/87b215ba/MiniRaftClusterWithNetty1a4fbd4a/s12
2022-10-27 13:03:40,582 INFO  server.RaftServer (ConfUtils.java:logGet(46)) - raft.rpc.type = NETTY (custom)
2022-10-27 13:03:40,582 INFO  netty.NettyConfigKeys$Server (ConfUtils.java:logGet(46)) - raft.netty.server.host = null (default)
2022-10-27 13:03:40,582 INFO  netty.NettyConfigKeys$Server (ConfUtils.java:logGet(46)) - raft.netty.server.port = 34935 (custom)
2022-10-27 13:03:40,582 INFO  impl.DataStreamServerImpl (ConfUtils.java:logGet(46)) - raft.datastream.type = DISABLED (default)
2022-10-27 13:03:40,583 INFO  server.RaftServerConfigKeys (ConfUtils.java:logGet(46)) - raft.server.threadpool.proxy.cached = true (default)
2022-10-27 13:03:40,583 INFO  server.RaftServerConfigKeys (ConfUtils.java:logGet(46)) - raft.server.threadpool.proxy.size = 0 (default)
2022-10-27 13:03:40,583 INFO  server.RaftServerConfigKeys (ConfUtils.java:logGet(46)) - raft.server.rpc.slowness.timeout = 60s (default)
2022-10-27 13:03:40,583 INFO  server.RaftServerConfigKeys (ConfUtils.java:logGet(46)) - raft.server.leaderelection.leader.step-down.wait-time = 10s (default)
2022-10-27 13:03:40,583 INFO  server.RaftServerConfigKeys (ConfUtils.java:logGet(46)) - raft.server.storage.dir = [/home/runner/work/ratis/ratis/ratis-examples/target/test/data/87b215ba/MiniRaftClusterWithNetty1a4fbd4a/s12] (custom)
2022-10-27 13:03:40,583 INFO  server.RaftServer$Division (RaftServerImpl.java:<init>(198)) - s11: new RaftServerImpl for group-59FD50A449C7:[] with ArithmeticStateMachine:uninitialized
2022-10-27 13:03:40,583 INFO  server.RaftServerConfigKeys (ConfUtils.java:logGet(46)) - raft.server.rpc.timeout.min = 300ms (custom)
2022-10-27 13:03:40,583 INFO  server.RaftServerConfigKeys (ConfUtils.java:logGet(46)) - raft.server.rpc.timeout.max = 600ms (custom)
2022-10-27 13:03:40,583 INFO  server.RaftServerConfigKeys (ConfUtils.java:logGet(46)) - raft.server.rpc.sleep.time = 25ms (default)
2022-10-27 13:03:40,583 INFO  server.RaftServerConfigKeys (ConfUtils.java:logGet(46)) - raft.server.rpc.slowness.timeout = 60s (default)
2022-10-27 13:03:40,583 INFO  server.RaftServerConfigKeys (ConfUtils.java:logGet(46)) - raft.server.leaderelection.leader.step-down.wait-time = 10s (default)
2022-10-27 13:03:40,583 INFO  server.RaftServerConfigKeys (ConfUtils.java:logGet(46)) - raft.server.sleep.deviation.threshold = 300ms (default)
2022-10-27 13:03:40,583 INFO  server.RaftServer$Division (ServerState.java:<init>(113)) - s11@group-59FD50A449C7: ConfigurationManager, init=-1: peers:[]|listeners:[], old=null, confs=<EMPTY_MAP>
2022-10-27 13:03:40,583 INFO  server.RaftServerConfigKeys (ConfUtils.java:logGet(46)) - raft.server.notification.no-leader.timeout = 60s (default)
2022-10-27 13:03:40,584 INFO  server.RaftServerConfigKeys (ConfUtils.java:logGet(46)) - raft.server.read.timeout = 10s (default)
2022-10-27 13:03:40,584 INFO  server.RaftServerConfigKeys (ConfUtils.java:logGet(46)) - raft.server.retrycache.expirytime = 60s (default)
2022-10-27 13:03:40,584 INFO  server.RaftServerConfigKeys (ConfUtils.java:logGet(46)) - raft.server.retrycache.statistics.expirytime = 100μs (default)
2022-10-27 13:03:40,584 INFO  server.RaftServerConfigKeys (ConfUtils.java:logGet(46)) - raft.server.read.option = DEFAULT (default)
2022-10-27 13:03:40,584 INFO  server.RaftServerConfigKeys (ConfUtils.java:logGet(46)) - raft.server.log.appender.install.snapshot.enabled = true (default)
2022-10-27 13:03:40,584 INFO  server.RaftServerConfigKeys (ConfUtils.java:logGet(46)) - raft.server.threadpool.server.cached = true (default)
2022-10-27 13:03:40,584 INFO  server.RaftServerConfigKeys (ConfUtils.java:logGet(46)) - raft.server.threadpool.server.size = 0 (default)
2022-10-27 13:03:40,584 INFO  server.RaftServerConfigKeys (ConfUtils.java:logGet(46)) - raft.server.threadpool.client.cached = true (default)
2022-10-27 13:03:40,584 INFO  server.RaftServerConfigKeys (ConfUtils.java:logGet(46)) - raft.server.threadpool.client.size = 0 (default)
2022-10-27 13:03:40,585 INFO  server.RaftServer (RaftServerProxy.java:addNew(99)) - s12: addNew group-59FD50A449C7:[] returns group-59FD50A449C7:java.util.concurrent.CompletableFuture@2813e8f7[Not completed]
2022-10-27 13:03:40,585 INFO  impl.MiniRaftCluster (MiniRaftCluster.java:newRaftServer(382)) - newRaftServer: s13, group-59FD50A449C7:[], format? true
2022-10-27 13:03:40,585 TRACE util.FileUtils (FileUtils.java:deleteFully(170)) - deleteFully target/test/data/87b215ba/MiniRaftClusterWithNetty1a4fbd4a/s13
2022-10-27 13:03:40,585 TRACE util.FileUtils (FileUtils.java:deleteFully(186)) - deleteFully: target/test/data/87b215ba/MiniRaftClusterWithNetty1a4fbd4a/s13 does not exist.
2022-10-27 13:03:40,585 INFO  impl.MiniRaftCluster (MiniRaftCluster.java:newRaftServer(387)) - Formatted directory target/test/data/87b215ba/MiniRaftClusterWithNetty1a4fbd4a/s13
2022-10-27 13:03:40,585 INFO  server.RaftServer (ConfUtils.java:logGet(46)) - raft.rpc.type = NETTY (custom)
2022-10-27 13:03:40,598 INFO  netty.NettyConfigKeys$Server (ConfUtils.java:logGet(46)) - raft.netty.server.host = null (default)
2022-10-27 13:03:40,598 INFO  netty.NettyConfigKeys$Server (ConfUtils.java:logGet(46)) - raft.netty.server.port = 40845 (custom)
2022-10-27 13:03:40,598 INFO  impl.DataStreamServerImpl (ConfUtils.java:logGet(46)) - raft.datastream.type = DISABLED (default)
2022-10-27 13:03:40,598 INFO  server.RaftServerConfigKeys (ConfUtils.java:logGet(46)) - raft.server.threadpool.proxy.cached = true (default)
2022-10-27 13:03:40,598 INFO  server.RaftServerConfigKeys (ConfUtils.java:logGet(46)) - raft.server.threadpool.proxy.size = 0 (default)
2022-10-27 13:03:40,598 INFO  server.RaftServerConfigKeys (ConfUtils.java:logGet(46)) - raft.server.rpc.slowness.timeout = 60s (default)
2022-10-27 13:03:40,598 INFO  server.RaftServerConfigKeys (ConfUtils.java:logGet(46)) - raft.server.leaderelection.leader.step-down.wait-time = 10s (default)
2022-10-27 13:03:40,598 INFO  server.RaftServerConfigKeys (ConfUtils.java:logGet(46)) - raft.server.storage.dir = [/home/runner/work/ratis/ratis/ratis-examples/target/test/data/87b215ba/MiniRaftClusterWithNetty1a4fbd4a/s13] (custom)
2022-10-27 13:03:40,599 INFO  server.RaftServer$Division (RaftServerImpl.java:<init>(198)) - s12: new RaftServerImpl for group-59FD50A449C7:[] with ArithmeticStateMachine:uninitialized
2022-10-27 13:03:40,599 INFO  server.RaftServerConfigKeys (ConfUtils.java:logGet(46)) - raft.server.rpc.timeout.min = 300ms (custom)
2022-10-27 13:03:40,599 INFO  server.RaftServerConfigKeys (ConfUtils.java:logGet(46)) - raft.server.rpc.timeout.max = 600ms (custom)
2022-10-27 13:03:40,599 INFO  server.RaftServerConfigKeys (ConfUtils.java:logGet(46)) - raft.server.rpc.sleep.time = 25ms (default)
2022-10-27 13:03:40,599 INFO  server.RaftServerConfigKeys (ConfUtils.java:logGet(46)) - raft.server.rpc.slowness.timeout = 60s (default)
2022-10-27 13:03:40,599 INFO  server.RaftServerConfigKeys (ConfUtils.java:logGet(46)) - raft.server.leaderelection.leader.step-down.wait-time = 10s (default)
2022-10-27 13:03:40,599 INFO  server.RaftServerConfigKeys (ConfUtils.java:logGet(46)) - raft.server.sleep.deviation.threshold = 300ms (default)
2022-10-27 13:03:40,599 INFO  server.RaftServer$Division (ServerState.java:<init>(113)) - s12@group-59FD50A449C7: ConfigurationManager, init=-1: peers:[]|listeners:[], old=null, confs=<EMPTY_MAP>
2022-10-27 13:03:40,599 INFO  server.RaftServerConfigKeys (ConfUtils.java:logGet(46)) - raft.server.notification.no-leader.timeout = 60s (default)
2022-10-27 13:03:40,599 INFO  server.RaftServerConfigKeys (ConfUtils.java:logGet(46)) - raft.server.read.timeout = 10s (default)
2022-10-27 13:03:40,599 INFO  server.RaftServerConfigKeys (ConfUtils.java:logGet(46)) - raft.server.retrycache.expirytime = 60s (default)
2022-10-27 13:03:40,599 INFO  server.RaftServerConfigKeys (ConfUtils.java:logGet(46)) - raft.server.retrycache.statistics.expirytime = 100μs (default)
2022-10-27 13:03:40,599 INFO  server.RaftServerConfigKeys (ConfUtils.java:logGet(46)) - raft.server.read.option = DEFAULT (default)
2022-10-27 13:03:40,600 INFO  server.RaftServerConfigKeys (ConfUtils.java:logGet(46)) - raft.server.log.appender.install.snapshot.enabled = true (default)
2022-10-27 13:03:40,600 INFO  server.RaftServerConfigKeys (ConfUtils.java:logGet(46)) - raft.server.threadpool.server.cached = true (default)
2022-10-27 13:03:40,600 INFO  server.RaftServerConfigKeys (ConfUtils.java:logGet(46)) - raft.server.threadpool.server.size = 0 (default)
2022-10-27 13:03:40,600 INFO  server.RaftServerConfigKeys (ConfUtils.java:logGet(46)) - raft.server.threadpool.client.cached = true (default)
2022-10-27 13:03:40,600 INFO  server.RaftServerConfigKeys (ConfUtils.java:logGet(46)) - raft.server.threadpool.client.size = 0 (default)
2022-10-27 13:03:40,600 INFO  server.RaftServer (RaftServerProxy.java:addNew(99)) - s13: addNew group-59FD50A449C7:[] returns group-59FD50A449C7:java.util.concurrent.CompletableFuture@7ad0a5ca[Not completed]
2022-10-27 13:03:40,600 INFO  impl.MiniRaftCluster (MiniRaftCluster.java:newRaftServer(382)) - newRaftServer: s14, group-59FD50A449C7:[], format? true
2022-10-27 13:03:40,600 TRACE util.FileUtils (FileUtils.java:deleteFully(170)) - deleteFully target/test/data/87b215ba/MiniRaftClusterWithNetty1a4fbd4a/s14
2022-10-27 13:03:40,600 TRACE util.FileUtils (FileUtils.java:deleteFully(186)) - deleteFully: target/test/data/87b215ba/MiniRaftClusterWithNetty1a4fbd4a/s14 does not exist.
2022-10-27 13:03:40,600 INFO  impl.MiniRaftCluster (MiniRaftCluster.java:newRaftServer(387)) - Formatted directory target/test/data/87b215ba/MiniRaftClusterWithNetty1a4fbd4a/s14
2022-10-27 13:03:40,601 INFO  server.RaftServer (ConfUtils.java:logGet(46)) - raft.rpc.type = NETTY (custom)
2022-10-27 13:03:40,601 INFO  netty.NettyConfigKeys$Server (ConfUtils.java:logGet(46)) - raft.netty.server.host = null (default)
2022-10-27 13:03:40,601 INFO  netty.NettyConfigKeys$Server (ConfUtils.java:logGet(46)) - raft.netty.server.port = 36381 (custom)
2022-10-27 13:03:40,601 INFO  impl.DataStreamServerImpl (ConfUtils.java:logGet(46)) - raft.datastream.type = DISABLED (default)
2022-10-27 13:03:40,601 INFO  server.RaftServerConfigKeys (ConfUtils.java:logGet(46)) - raft.server.threadpool.proxy.cached = true (default)
2022-10-27 13:03:40,601 INFO  server.RaftServerConfigKeys (ConfUtils.java:logGet(46)) - raft.server.threadpool.proxy.size = 0 (default)
2022-10-27 13:03:40,601 INFO  server.RaftServerConfigKeys (ConfUtils.java:logGet(46)) - raft.server.rpc.slowness.timeout = 60s (default)
2022-10-27 13:03:40,601 INFO  server.RaftServerConfigKeys (ConfUtils.java:logGet(46)) - raft.server.leaderelection.leader.step-down.wait-time = 10s (default)
2022-10-27 13:03:40,602 INFO  server.RaftServerConfigKeys (ConfUtils.java:logGet(46)) - raft.server.storage.dir = [/home/runner/work/ratis/ratis/ratis-examples/target/test/data/87b215ba/MiniRaftClusterWithNetty1a4fbd4a/s14] (custom)
2022-10-27 13:03:40,603 INFO  server.RaftServer$Division (RaftServerImpl.java:<init>(198)) - s13: new RaftServerImpl for group-59FD50A449C7:[] with ArithmeticStateMachine:uninitialized
2022-10-27 13:03:40,603 INFO  server.RaftServerConfigKeys (ConfUtils.java:logGet(46)) - raft.server.rpc.timeout.min = 300ms (custom)
2022-10-27 13:03:40,603 INFO  server.RaftServerConfigKeys (ConfUtils.java:logGet(46)) - raft.server.rpc.timeout.max = 600ms (custom)
2022-10-27 13:03:40,603 INFO  server.RaftServerConfigKeys (ConfUtils.java:logGet(46)) - raft.server.rpc.sleep.time = 25ms (default)
2022-10-27 13:03:40,603 INFO  server.RaftServerConfigKeys (ConfUtils.java:logGet(46)) - raft.server.rpc.slowness.timeout = 60s (default)
2022-10-27 13:03:40,603 INFO  server.RaftServerConfigKeys (ConfUtils.java:logGet(46)) - raft.server.leaderelection.leader.step-down.wait-time = 10s (default)
2022-10-27 13:03:40,603 INFO  server.RaftServerConfigKeys (ConfUtils.java:logGet(46)) - raft.server.sleep.deviation.threshold = 300ms (default)
2022-10-27 13:03:40,603 INFO  server.RaftServer$Division (ServerState.java:<init>(113)) - s13@group-59FD50A449C7: ConfigurationManager, init=-1: peers:[]|listeners:[], old=null, confs=<EMPTY_MAP>
2022-10-27 13:03:40,603 INFO  server.RaftServerConfigKeys (ConfUtils.java:logGet(46)) - raft.server.notification.no-leader.timeout = 60s (default)
2022-10-27 13:03:40,603 INFO  server.RaftServerConfigKeys (ConfUtils.java:logGet(46)) - raft.server.read.timeout = 10s (default)
2022-10-27 13:03:40,603 INFO  server.RaftServerConfigKeys (ConfUtils.java:logGet(46)) - raft.server.retrycache.expirytime = 60s (default)
2022-10-27 13:03:40,603 INFO  server.RaftServerConfigKeys (ConfUtils.java:logGet(46)) - raft.server.retrycache.statistics.expirytime = 100μs (default)
2022-10-27 13:03:40,603 INFO  server.RaftServerConfigKeys (ConfUtils.java:logGet(46)) - raft.server.read.option = DEFAULT (default)
2022-10-27 13:03:40,604 INFO  server.RaftServerConfigKeys (ConfUtils.java:logGet(46)) - raft.server.log.appender.install.snapshot.enabled = true (default)
2022-10-27 13:03:40,604 INFO  server.RaftServerConfigKeys (ConfUtils.java:logGet(46)) - raft.server.threadpool.server.cached = true (default)
2022-10-27 13:03:40,604 INFO  server.RaftServerConfigKeys (ConfUtils.java:logGet(46)) - raft.server.threadpool.server.size = 0 (default)
2022-10-27 13:03:40,604 INFO  server.RaftServerConfigKeys (ConfUtils.java:logGet(46)) - raft.server.threadpool.client.cached = true (default)
2022-10-27 13:03:40,604 INFO  server.RaftServerConfigKeys (ConfUtils.java:logGet(46)) - raft.server.threadpool.client.size = 0 (default)
2022-10-27 13:03:40,605 INFO  server.RaftServer (RaftServerProxy.java:addNew(99)) - s14: addNew group-59FD50A449C7:[] returns group-59FD50A449C7:java.util.concurrent.CompletableFuture@65b598bf[Not completed]
2022-10-27 13:03:40,605 INFO  impl.GroupManagementBaseTest (GroupManagementBaseTest.java:runMultiGroupTest(260)) - putNewServer: printing ALL groups
  s3:      NEW      null s3@group-59FD50A449C7:t0, leader=null, voted=null, raftlog=UNINITIALIZED, conf=-1: peers:[]|listeners:[], old=null NEW
  s4:      NEW      null s4@group-59FD50A449C7:t0, leader=null, voted=null, raftlog=UNINITIALIZED, conf=-1: peers:[]|listeners:[], old=null NEW
  s5:      NEW      null s5@group-59FD50A449C7:t0, leader=null, voted=null, raftlog=UNINITIALIZED, conf=-1: peers:[]|listeners:[], old=null NEW
  s6:      NEW      null s6@group-59FD50A449C7:t0, leader=null, voted=null, raftlog=UNINITIALIZED, conf=-1: peers:[]|listeners:[], old=null NEW
  s7:      NEW      null s7@group-59FD50A449C7:t0, leader=null, voted=null, raftlog=UNINITIALIZED, conf=-1: peers:[]|listeners:[], old=null NEW
  s8:      NEW      null s8@group-59FD50A449C7:t0, leader=null, voted=null, raftlog=UNINITIALIZED, conf=-1: peers:[]|listeners:[], old=null NEW
  s9:      NEW      null s9@group-59FD50A449C7:t0, leader=null, voted=null, raftlog=UNINITIALIZED, conf=-1: peers:[]|listeners:[], old=null NEW
  s11:      NEW      null s11@group-59FD50A449C7:t0, leader=null, voted=null, raftlog=UNINITIALIZED, conf=-1: peers:[]|listeners:[], old=null NEW
  s10:      NEW      null s10@group-59FD50A449C7:t0, leader=null, voted=null, raftlog=UNINITIALIZED, conf=-1: peers:[]|listeners:[], old=null NEW
  s13:      NEW      null s13@group-59FD50A449C7:t0, leader=null, voted=null, raftlog=UNINITIALIZED, conf=-1: peers:[]|listeners:[], old=null NEW
  s12:      NEW      null s12@group-59FD50A449C7:t0, leader=null, voted=null, raftlog=UNINITIALIZED, conf=-1: peers:[]|listeners:[], old=null NEW
  s14:      NEW group-59FD50A449C7:java.util.concurrent.CompletableFuture@65b598bf[Not completed]
  s0:      NEW      null s0@group-59FD50A449C7:t0, leader=null, voted=null, raftlog=UNINITIALIZED, conf=-1: peers:[]|listeners:[], old=null NEW
  s1:      NEW      null s1@group-59FD50A449C7:t0, leader=null, voted=null, raftlog=UNINITIALIZED, conf=-1: peers:[]|listeners:[], old=null NEW
  s2:      NEW      null s2@group-59FD50A449C7:t0, leader=null, voted=null, raftlog=UNINITIALIZED, conf=-1: peers:[]|listeners:[], old=null NEW
2022-10-27 13:03:40,605 INFO  server.RaftServer$Division (RaftServerImpl.java:<init>(198)) - s14: new RaftServerImpl for group-59FD50A449C7:[] with ArithmeticStateMachine:uninitialized
2022-10-27 13:03:40,605 INFO  server.RaftServerConfigKeys (ConfUtils.java:logGet(46)) - raft.server.rpc.timeout.min = 300ms (custom)
2022-10-27 13:03:40,606 INFO  server.RaftServerConfigKeys (ConfUtils.java:logGet(46)) - raft.server.rpc.timeout.max = 600ms (custom)
2022-10-27 13:03:40,606 INFO  server.RaftServerConfigKeys (ConfUtils.java:logGet(46)) - raft.server.rpc.sleep.time = 25ms (default)
2022-10-27 13:03:40,606 INFO  server.RaftServerConfigKeys (ConfUtils.java:logGet(46)) - raft.server.rpc.slowness.timeout = 60s (default)
2022-10-27 13:03:40,606 INFO  server.RaftServerConfigKeys (ConfUtils.java:logGet(46)) - raft.server.leaderelection.leader.step-down.wait-time = 10s (default)
2022-10-27 13:03:40,606 INFO  server.RaftServerConfigKeys (ConfUtils.java:logGet(46)) - raft.server.sleep.deviation.threshold = 300ms (default)
2022-10-27 13:03:40,606 INFO  server.RaftServer$Division (ServerState.java:<init>(113)) - s14@group-59FD50A449C7: ConfigurationManager, init=-1: peers:[]|listeners:[], old=null, confs=<EMPTY_MAP>
2022-10-27 13:03:40,606 INFO  server.RaftServerConfigKeys (ConfUtils.java:logGet(46)) - raft.server.notification.no-leader.timeout = 60s (default)
2022-10-27 13:03:40,606 INFO  server.RaftServerConfigKeys (ConfUtils.java:logGet(46)) - raft.server.read.timeout = 10s (default)
2022-10-27 13:03:40,606 INFO  server.RaftServerConfigKeys (ConfUtils.java:logGet(46)) - raft.server.retrycache.expirytime = 60s (default)
2022-10-27 13:03:40,606 INFO  server.RaftServerConfigKeys (ConfUtils.java:logGet(46)) - raft.server.retrycache.statistics.expirytime = 100μs (default)
2022-10-27 13:03:40,606 INFO  server.RaftServerConfigKeys (ConfUtils.java:logGet(46)) - raft.server.read.option = DEFAULT (default)
2022-10-27 13:03:40,606 INFO  server.RaftServerConfigKeys (ConfUtils.java:logGet(46)) - raft.server.log.appender.install.snapshot.enabled = true (default)
2022-10-27 13:03:40,606 INFO  server.RaftServerConfigKeys (ConfUtils.java:logGet(46)) - raft.server.threadpool.server.cached = true (default)
2022-10-27 13:03:40,606 INFO  server.RaftServerConfigKeys (ConfUtils.java:logGet(46)) - raft.server.threadpool.server.size = 0 (default)
2022-10-27 13:03:40,607 INFO  server.RaftServerConfigKeys (ConfUtils.java:logGet(46)) - raft.server.threadpool.client.cached = true (default)
2022-10-27 13:03:40,607 INFO  server.RaftServerConfigKeys (ConfUtils.java:logGet(46)) - raft.server.threadpool.client.size = 0 (default)
2022-10-27 13:03:41,605 INFO  impl.MiniRaftCluster (MiniRaftCluster.java:start(339)) - .............................................................. 
2022-10-27 13:03:41,606 INFO  impl.MiniRaftCluster (MiniRaftCluster.java:start(340)) - ... 
2022-10-27 13:03:41,606 INFO  impl.MiniRaftCluster (MiniRaftCluster.java:start(341)) - ...     Starting MiniRaftClusterWithNetty
2022-10-27 13:03:41,606 INFO  impl.MiniRaftCluster (MiniRaftCluster.java:start(342)) - ... 
2022-10-27 13:03:41,606 INFO  impl.MiniRaftCluster (MiniRaftCluster.java:start(343)) - .............................................................. 
2022-10-27 13:03:41,606 INFO  impl.MiniRaftCluster (MiniRaftCluster.java:initServers(318)) - servers = {s3=s3:      NEW      null s3@group-59FD50A449C7:t0, leader=null, voted=null, raftlog=UNINITIALIZED, conf=-1: peers:[]|listeners:[], old=null NEW, s4=s4:      NEW      null s4@group-59FD50A449C7:t0, leader=null, voted=null, raftlog=UNINITIALIZED, conf=-1: peers:[]|listeners:[], old=null NEW, s5=s5:      NEW      null s5@group-59FD50A449C7:t0, leader=null, voted=null, raftlog=UNINITIALIZED, conf=-1: peers:[]|listeners:[], old=null NEW, s6=s6:      NEW      null s6@group-59FD50A449C7:t0, leader=null, voted=null, raftlog=UNINITIALIZED, conf=-1: peers:[]|listeners:[], old=null NEW, s7=s7:      NEW      null s7@group-59FD50A449C7:t0, leader=null, voted=null, raftlog=UNINITIALIZED, conf=-1: peers:[]|listeners:[], old=null NEW, s8=s8:      NEW      null s8@group-59FD50A449C7:t0, leader=null, voted=null, raftlog=UNINITIALIZED, conf=-1: peers:[]|listeners:[], old=null NEW, s9=s9:      NEW      null s9@group-59FD50A449C7:t0, leader=null, voted=null, raftlog=UNINITIALIZED, conf=-1: peers:[]|listeners:[], old=null NEW, s11=s11:      NEW      null s11@group-59FD50A449C7:t0, leader=null, voted=null, raftlog=UNINITIALIZED, conf=-1: peers:[]|listeners:[], old=null NEW, s10=s10:      NEW      null s10@group-59FD50A449C7:t0, leader=null, voted=null, raftlog=UNINITIALIZED, conf=-1: peers:[]|listeners:[], old=null NEW, s13=s13:      NEW      null s13@group-59FD50A449C7:t0, leader=null, voted=null, raftlog=UNINITIALIZED, conf=-1: peers:[]|listeners:[], old=null NEW, s12=s12:      NEW      null s12@group-59FD50A449C7:t0, leader=null, voted=null, raftlog=UNINITIALIZED, conf=-1: peers:[]|listeners:[], old=null NEW, s14=s14:      NEW      null s14@group-59FD50A449C7:t0, leader=null, voted=null, raftlog=UNINITIALIZED, conf=-1: peers:[]|listeners:[], old=null NEW, s0=s0:      NEW      null s0@group-59FD50A449C7:t0, leader=null, voted=null, raftlog=UNINITIALIZED, conf=-1: peers:[]|listeners:[], old=null NEW, s1=s1:      NEW      null s1@group-59FD50A449C7:t0, leader=null, voted=null, raftlog=UNINITIALIZED, conf=-1: peers:[]|listeners:[], old=null NEW, s2=s2:      NEW      null s2@group-59FD50A449C7:t0, leader=null, voted=null, raftlog=UNINITIALIZED, conf=-1: peers:[]|listeners:[], old=null NEW}
2022-10-27 13:03:41,606 INFO  server.RaftServerConfigKeys (ConfUtils.java:logGet(46)) - raft.server.storage.free-space.min = 0MB (=0) (default)
2022-10-27 13:03:41,606 INFO  server.RaftServerConfigKeys (ConfUtils.java:logGet(46)) - raft.server.log.corruption.policy = EXCEPTION (default)
2022-10-27 13:03:41,606 INFO  server.RaftServerConfigKeys (ConfUtils.java:logGet(46)) - raft.server.storage.dir = [/home/runner/work/ratis/ratis/ratis-examples/target/test/data/87b215ba/MiniRaftClusterWithNetty1a4fbd4a/s3] (custom)
2022-10-27 13:03:41,607 INFO  storage.RaftStorageDirectory (RaftStorageDirectoryImpl.java:analyzeStorage(138)) - The storage directory /home/runner/work/ratis/ratis/ratis-examples/target/test/data/87b215ba/MiniRaftClusterWithNetty1a4fbd4a/s3/6f0e4e2b-63c8-4308-8e51-59fd50a449c7 does not exist. Creating ...
2022-10-27 13:03:41,607 TRACE util.FileUtils (LogUtils.java:runAndLog(49)) - Successfully ran Files.createDirectories /home/runner/work/ratis/ratis/ratis-examples/target/test/data/87b215ba/MiniRaftClusterWithNetty1a4fbd4a/s3/6f0e4e2b-63c8-4308-8e51-59fd50a449c7
2022-10-27 13:03:41,608 INFO  storage.RaftStorageDirectory (RaftStorageDirectoryImpl.java:tryLock(232)) - Lock on /home/runner/work/ratis/ratis/ratis-examples/target/test/data/87b215ba/MiniRaftClusterWithNetty1a4fbd4a/s3/6f0e4e2b-63c8-4308-8e51-59fd50a449c7/in_use.lock acquired by nodename 20664@fv-az212-923
2022-10-27 13:03:41,609 TRACE util.FileUtils (LogUtils.java:runAndLog(49)) - Successfully ran Files.createDirectories /home/runner/work/ratis/ratis/ratis-examples/target/test/data/87b215ba/MiniRaftClusterWithNetty1a4fbd4a/s3/6f0e4e2b-63c8-4308-8e51-59fd50a449c7/current
2022-10-27 13:03:41,609 TRACE util.FileUtils (LogUtils.java:runAndLog(49)) - Successfully ran Files.createDirectories /home/runner/work/ratis/ratis/ratis-examples/target/test/data/87b215ba/MiniRaftClusterWithNetty1a4fbd4a/s3/6f0e4e2b-63c8-4308-8e51-59fd50a449c7/sm
2022-10-27 13:03:41,610 INFO  storage.RaftStorage (RaftStorageImpl.java:format(96)) - Storage directory /home/runner/work/ratis/ratis/ratis-examples/target/test/data/87b215ba/MiniRaftClusterWithNetty1a4fbd4a/s3/6f0e4e2b-63c8-4308-8e51-59fd50a449c7 has been successfully formatted.
2022-10-27 13:03:41,610 WARN  statemachine.StateMachine (ArithmeticStateMachine.java:loadSnapshot(116)) - The snapshot info is null.
2022-10-27 13:03:41,610 INFO  server.RaftServerConfigKeys (ConfUtils.java:logGet(46)) - raft.server.log.use.memory = false (default)
2022-10-27 13:03:41,610 INFO  server.RaftServerConfigKeys (ConfUtils.java:logGet(46)) - raft.server.log.purge.gap = 1024 (default)
2022-10-27 13:03:41,610 INFO  server.RaftServerConfigKeys (ConfUtils.java:logGet(46)) - raft.server.log.appender.buffer.byte-limit = 4MB (=4194304) (default)
2022-10-27 13:03:41,610 INFO  server.RaftServerConfigKeys (ConfUtils.java:logGet(46)) - raft.server.log.statemachine.data.read.timeout = 1000ms (default)
2022-10-27 13:03:41,610 INFO  server.RaftServerConfigKeys (ConfUtils.java:logGet(46)) - raft.server.log.purge.preservation.log.num = 0 (default)
2022-10-27 13:03:41,611 INFO  server.RaftServerConfigKeys (ConfUtils.java:logGet(46)) - raft.server.log.segment.size.max = 8MB (=8388608) (default)
2022-10-27 13:03:41,611 INFO  server.RaftServerConfigKeys (ConfUtils.java:logGet(46)) - raft.server.log.segment.cache.num.max = 6 (default)
2022-10-27 13:03:41,611 INFO  server.RaftServerConfigKeys (ConfUtils.java:logGet(46)) - raft.server.log.segment.cache.size.max = 200MB (=209715200) (default)
2022-10-27 13:03:41,611 INFO  segmented.SegmentedRaftLogWorker (SegmentedRaftLogWorker.java:<init>(184)) - new s3@group-59FD50A449C7-SegmentedRaftLogWorker for RaftStorageImpl:Storage Directory /home/runner/work/ratis/ratis/ratis-examples/target/test/data/87b215ba/MiniRaftClusterWithNetty1a4fbd4a/s3/6f0e4e2b-63c8-4308-8e51-59fd50a449c7
2022-10-27 13:03:41,611 INFO  server.RaftServerConfigKeys (ConfUtils.java:logGet(46)) - raft.server.log.queue.byte-limit = 64MB (=67108864) (default)
2022-10-27 13:03:41,611 INFO  server.RaftServerConfigKeys (ConfUtils.java:logGet(46)) - raft.server.log.queue.element-limit = 4096 (default)
2022-10-27 13:03:41,611 INFO  server.RaftServerConfigKeys (ConfUtils.java:logGet(46)) - raft.server.log.segment.size.max = 8MB (=8388608) (default)
2022-10-27 13:03:41,611 INFO  server.RaftServerConfigKeys (ConfUtils.java:logGet(46)) - raft.server.log.preallocated.size = 4MB (=4194304) (default)
2022-10-27 13:03:41,611 INFO  server.RaftServerConfigKeys (ConfUtils.java:logGet(46)) - raft.server.log.force.sync.num = 128 (default)
2022-10-27 13:03:41,611 INFO  server.RaftServerConfigKeys (ConfUtils.java:logGet(46)) - raft.server.log.statemachine.data.sync = true (default)
2022-10-27 13:03:41,611 INFO  server.RaftServerConfigKeys (ConfUtils.java:logGet(46)) - raft.server.log.statemachine.data.sync.timeout = 10s (default)
2022-10-27 13:03:41,611 INFO  server.RaftServerConfigKeys (ConfUtils.java:logGet(46)) - raft.server.log.statemachine.data.sync.timeout.retry = -1 (default)
2022-10-27 13:03:41,611 INFO  server.RaftServerConfigKeys (ConfUtils.java:logGet(46)) - raft.server.log.write.buffer.size = 64KB (=65536) (default)
2022-10-27 13:03:41,611 INFO  server.RaftServerConfigKeys (ConfUtils.java:logGet(46)) - raft.server.log.appender.buffer.byte-limit = 4MB (=4194304) (default)
2022-10-27 13:03:41,611 INFO  server.RaftServerConfigKeys (ConfUtils.java:logGet(46)) - raft.server.log.unsafe-flush.enabled = false (default)
2022-10-27 13:03:41,611 INFO  server.RaftServerConfigKeys (ConfUtils.java:logGet(46)) - raft.server.log.async-flush.enabled = false (default)
2022-10-27 13:03:41,611 INFO  server.RaftServerConfigKeys (ConfUtils.java:logGet(46)) - raft.server.log.statemachine.data.caching.enabled = false (default)
2022-10-27 13:03:41,611 INFO  segmented.SegmentedRaftLogWorker (SegmentedRaftLogWorker.java:lambda$new$0(134)) - s3@group-59FD50A449C7-SegmentedRaftLogWorker: flushIndex: setUnconditionally 0 -> -1
2022-10-27 13:03:41,612 INFO  segmented.SegmentedRaftLogWorker (SegmentedRaftLogWorker.java:lambda$new$0(134)) - s3@group-59FD50A449C7-SegmentedRaftLogWorker: safeCacheEvictIndex: setUnconditionally 0 -> -1
2022-10-27 13:03:41,612 INFO  server.RaftServer$Division (RaftServerImpl.java:start(344)) - s3@group-59FD50A449C7: start with initializing state, conf=-1: peers:[]|listeners:[], old=null
2022-10-27 13:03:41,612 INFO  server.RaftServer$Division (RaftServerImpl.java:setRole(325)) - s3@group-59FD50A449C7: changes role from      null to FOLLOWER at term 0 for startInitializing
2022-10-27 13:03:41,612 INFO  util.JmxRegister (JmxRegister.java:tryRegister(44)) - Successfully registered JMX Bean with object name Ratis:service=RaftServer,group=group-59FD50A449C7,id=s3
2022-10-27 13:03:41,612 INFO  server.RaftServerConfigKeys (ConfUtils.java:logGet(46)) - raft.server.snapshot.auto.trigger.enabled = false (default)
2022-10-27 13:03:41,612 INFO  server.RaftServerConfigKeys (ConfUtils.java:logGet(46)) - raft.server.snapshot.retention.file.num = -1 (default)
2022-10-27 13:03:41,612 INFO  server.RaftServerConfigKeys (ConfUtils.java:logGet(46)) - raft.server.log.purge.upto.snapshot.index = false (default)
2022-10-27 13:03:41,612 INFO  server.RaftServer (RaftServerProxy.java:startImpl(396)) - s3: start RPC server
2022-10-27 13:03:41,634 INFO  logging.LoggingHandler (AbstractInternalLogger.java:log(148)) - [id: 0x4beac5f6] REGISTERED
2022-10-27 13:03:41,634 INFO  logging.LoggingHandler (AbstractInternalLogger.java:log(148)) - [id: 0x4beac5f6] BIND: 0.0.0.0/0.0.0.0:36177
2022-10-27 13:03:41,635 INFO  logging.LoggingHandler (AbstractInternalLogger.java:log(148)) - [id: 0x4beac5f6, L:/0.0.0.0:36177] ACTIVE
2022-10-27 13:03:41,640 INFO  server.RaftServerConfigKeys (ConfUtils.java:logGet(46)) - raft.server.storage.free-space.min = 0MB (=0) (default)
2022-10-27 13:03:41,640 INFO  server.RaftServerConfigKeys (ConfUtils.java:logGet(46)) - raft.server.log.corruption.policy = EXCEPTION (default)
2022-10-27 13:03:41,640 INFO  server.RaftServerConfigKeys (ConfUtils.java:logGet(46)) - raft.server.storage.dir = [/home/runner/work/ratis/ratis/ratis-examples/target/test/data/87b215ba/MiniRaftClusterWithNetty1a4fbd4a/s4] (custom)
2022-10-27 13:03:41,640 INFO  storage.RaftStorageDirectory (RaftStorageDirectoryImpl.java:analyzeStorage(138)) - The storage directory /home/runner/work/ratis/ratis/ratis-examples/target/test/data/87b215ba/MiniRaftClusterWithNetty1a4fbd4a/s4/6f0e4e2b-63c8-4308-8e51-59fd50a449c7 does not exist. Creating ...
2022-10-27 13:03:41,640 TRACE util.FileUtils (LogUtils.java:runAndLog(49)) - Successfully ran Files.createDirectories /home/runner/work/ratis/ratis/ratis-examples/target/test/data/87b215ba/MiniRaftClusterWithNetty1a4fbd4a/s4/6f0e4e2b-63c8-4308-8e51-59fd50a449c7
2022-10-27 13:03:41,641 INFO  util.JvmPauseMonitor (JvmPauseMonitor.java:run(105)) - JvmPauseMonitor-s3: Started
2022-10-27 13:03:41,641 INFO  storage.RaftStorageDirectory (RaftStorageDirectoryImpl.java:tryLock(232)) - Lock on /home/runner/work/ratis/ratis/ratis-examples/target/test/data/87b215ba/MiniRaftClusterWithNetty1a4fbd4a/s4/6f0e4e2b-63c8-4308-8e51-59fd50a449c7/in_use.lock acquired by nodename 20664@fv-az212-923
2022-10-27 13:03:41,641 TRACE util.FileUtils (LogUtils.java:runAndLog(49)) - Successfully ran Files.createDirectories /home/runner/work/ratis/ratis/ratis-examples/target/test/data/87b215ba/MiniRaftClusterWithNetty1a4fbd4a/s4/6f0e4e2b-63c8-4308-8e51-59fd50a449c7/current
2022-10-27 13:03:41,641 TRACE util.FileUtils (LogUtils.java:runAndLog(49)) - Successfully ran Files.createDirectories /home/runner/work/ratis/ratis/ratis-examples/target/test/data/87b215ba/MiniRaftClusterWithNetty1a4fbd4a/s4/6f0e4e2b-63c8-4308-8e51-59fd50a449c7/sm
2022-10-27 13:03:41,642 INFO  storage.RaftStorage (RaftStorageImpl.java:format(96)) - Storage directory /home/runner/work/ratis/ratis/ratis-examples/target/test/data/87b215ba/MiniRaftClusterWithNetty1a4fbd4a/s4/6f0e4e2b-63c8-4308-8e51-59fd50a449c7 has been successfully formatted.
2022-10-27 13:03:41,643 WARN  statemachine.StateMachine (ArithmeticStateMachine.java:loadSnapshot(116)) - The snapshot info is null.
2022-10-27 13:03:41,643 INFO  server.RaftServerConfigKeys (ConfUtils.java:logGet(46)) - raft.server.log.use.memory = false (default)
2022-10-27 13:03:41,643 INFO  server.RaftServerConfigKeys (ConfUtils.java:logGet(46)) - raft.server.log.purge.gap = 1024 (default)
2022-10-27 13:03:41,643 INFO  server.RaftServerConfigKeys (ConfUtils.java:logGet(46)) - raft.server.log.appender.buffer.byte-limit = 4MB (=4194304) (default)
2022-10-27 13:03:41,643 INFO  server.RaftServerConfigKeys (ConfUtils.java:logGet(46)) - raft.server.log.statemachine.data.read.timeout = 1000ms (default)
2022-10-27 13:03:41,643 INFO  server.RaftServerConfigKeys (ConfUtils.java:logGet(46)) - raft.server.log.purge.preservation.log.num = 0 (default)
2022-10-27 13:03:41,643 INFO  server.RaftServerConfigKeys (ConfUtils.java:logGet(46)) - raft.server.log.segment.size.max = 8MB (=8388608) (default)
2022-10-27 13:03:41,643 INFO  server.RaftServerConfigKeys (ConfUtils.java:logGet(46)) - raft.server.log.segment.cache.num.max = 6 (default)
2022-10-27 13:03:41,643 INFO  server.RaftServerConfigKeys (ConfUtils.java:logGet(46)) - raft.server.log.segment.cache.size.max = 200MB (=209715200) (default)
2022-10-27 13:03:41,643 INFO  segmented.SegmentedRaftLogWorker (SegmentedRaftLogWorker.java:<init>(184)) - new s4@group-59FD50A449C7-SegmentedRaftLogWorker for RaftStorageImpl:Storage Directory /home/runner/work/ratis/ratis/ratis-examples/target/test/data/87b215ba/MiniRaftClusterWithNetty1a4fbd4a/s4/6f0e4e2b-63c8-4308-8e51-59fd50a449c7
2022-10-27 13:03:41,643 INFO  server.RaftServerConfigKeys (ConfUtils.java:logGet(46)) - raft.server.log.queue.byte-limit = 64MB (=67108864) (default)
2022-10-27 13:03:41,643 INFO  server.RaftServerConfigKeys (ConfUtils.java:logGet(46)) - raft.server.log.queue.element-limit = 4096 (default)
2022-10-27 13:03:41,643 INFO  server.RaftServerConfigKeys (ConfUtils.java:logGet(46)) - raft.server.log.segment.size.max = 8MB (=8388608) (default)
2022-10-27 13:03:41,644 INFO  server.RaftServerConfigKeys (ConfUtils.java:logGet(46)) - raft.server.log.preallocated.size = 4MB (=4194304) (default)
2022-10-27 13:03:41,644 INFO  server.RaftServerConfigKeys (ConfUtils.java:logGet(46)) - raft.server.log.force.sync.num = 128 (default)
2022-10-27 13:03:41,644 INFO  server.RaftServerConfigKeys (ConfUtils.java:logGet(46)) - raft.server.log.statemachine.data.sync = true (default)
2022-10-27 13:03:41,644 INFO  server.RaftServerConfigKeys (ConfUtils.java:logGet(46)) - raft.server.log.statemachine.data.sync.timeout = 10s (default)
2022-10-27 13:03:41,644 INFO  server.RaftServerConfigKeys (ConfUtils.java:logGet(46)) - raft.server.log.statemachine.data.sync.timeout.retry = -1 (default)
2022-10-27 13:03:41,644 INFO  server.RaftServerConfigKeys (ConfUtils.java:logGet(46)) - raft.server.log.write.buffer.size = 64KB (=65536) (default)
2022-10-27 13:03:41,644 INFO  server.RaftServerConfigKeys (ConfUtils.java:logGet(46)) - raft.server.log.appender.buffer.byte-limit = 4MB (=4194304) (default)
2022-10-27 13:03:41,644 INFO  server.RaftServerConfigKeys (ConfUtils.java:logGet(46)) - raft.server.log.unsafe-flush.enabled = false (default)
2022-10-27 13:03:41,644 INFO  server.RaftServerConfigKeys (ConfUtils.java:logGet(46)) - raft.server.log.async-flush.enabled = false (default)
2022-10-27 13:03:41,644 INFO  server.RaftServerConfigKeys (ConfUtils.java:logGet(46)) - raft.server.log.statemachine.data.caching.enabled = false (default)
2022-10-27 13:03:41,644 INFO  segmented.SegmentedRaftLogWorker (SegmentedRaftLogWorker.java:lambda$new$0(134)) - s4@group-59FD50A449C7-SegmentedRaftLogWorker: flushIndex: setUnconditionally 0 -> -1
2022-10-27 13:03:41,644 INFO  segmented.SegmentedRaftLogWorker (SegmentedRaftLogWorker.java:lambda$new$0(134)) - s4@group-59FD50A449C7-SegmentedRaftLogWorker: safeCacheEvictIndex: setUnconditionally 0 -> -1
2022-10-27 13:03:41,644 INFO  server.RaftServer$Division (RaftServerImpl.java:start(344)) - s4@group-59FD50A449C7: start with initializing state, conf=-1: peers:[]|listeners:[], old=null
2022-10-27 13:03:41,644 INFO  server.RaftServer$Division (RaftServerImpl.java:setRole(325)) - s4@group-59FD50A449C7: changes role from      null to FOLLOWER at term 0 for startInitializing
2022-10-27 13:03:41,645 INFO  util.JmxRegister (JmxRegister.java:tryRegister(44)) - Successfully registered JMX Bean with object name Ratis:service=RaftServer,group=group-59FD50A449C7,id=s4
2022-10-27 13:03:41,645 INFO  server.RaftServerConfigKeys (ConfUtils.java:logGet(46)) - raft.server.snapshot.auto.trigger.enabled = false (default)
2022-10-27 13:03:41,645 INFO  server.RaftServerConfigKeys (ConfUtils.java:logGet(46)) - raft.server.snapshot.retention.file.num = -1 (default)
2022-10-27 13:03:41,645 INFO  server.RaftServerConfigKeys (ConfUtils.java:logGet(46)) - raft.server.log.purge.upto.snapshot.index = false (default)
2022-10-27 13:03:41,645 INFO  server.RaftServer (RaftServerProxy.java:startImpl(396)) - s4: start RPC server
2022-10-27 13:03:41,646 INFO  logging.LoggingHandler (AbstractInternalLogger.java:log(148)) - [id: 0x24d35adf] REGISTERED
2022-10-27 13:03:41,646 INFO  logging.LoggingHandler (AbstractInternalLogger.java:log(148)) - [id: 0x24d35adf] BIND: 0.0.0.0/0.0.0.0:41093
2022-10-27 13:03:41,646 INFO  logging.LoggingHandler (AbstractInternalLogger.java:log(148)) - [id: 0x24d35adf, L:/0.0.0.0:41093] ACTIVE
2022-10-27 13:03:41,650 INFO  server.RaftServerConfigKeys (ConfUtils.java:logGet(46)) - raft.server.storage.free-space.min = 0MB (=0) (default)
2022-10-27 13:03:41,650 INFO  server.RaftServerConfigKeys (ConfUtils.java:logGet(46)) - raft.server.log.corruption.policy = EXCEPTION (default)
2022-10-27 13:03:41,650 INFO  server.RaftServerConfigKeys (ConfUtils.java:logGet(46)) - raft.server.storage.dir = [/home/runner/work/ratis/ratis/ratis-examples/target/test/data/87b215ba/MiniRaftClusterWithNetty1a4fbd4a/s5] (custom)
2022-10-27 13:03:41,650 INFO  storage.RaftStorageDirectory (RaftStorageDirectoryImpl.java:analyzeStorage(138)) - The storage directory /home/runner/work/ratis/ratis/ratis-examples/target/test/data/87b215ba/MiniRaftClusterWithNetty1a4fbd4a/s5/6f0e4e2b-63c8-4308-8e51-59fd50a449c7 does not exist. Creating ...
2022-10-27 13:03:41,651 TRACE util.FileUtils (LogUtils.java:runAndLog(49)) - Successfully ran Files.createDirectories /home/runner/work/ratis/ratis/ratis-examples/target/test/data/87b215ba/MiniRaftClusterWithNetty1a4fbd4a/s5/6f0e4e2b-63c8-4308-8e51-59fd50a449c7
2022-10-27 13:03:41,651 INFO  util.JvmPauseMonitor (JvmPauseMonitor.java:run(105)) - JvmPauseMonitor-s4: Started
2022-10-27 13:03:41,651 INFO  storage.RaftStorageDirectory (RaftStorageDirectoryImpl.java:tryLock(232)) - Lock on /home/runner/work/ratis/ratis/ratis-examples/target/test/data/87b215ba/MiniRaftClusterWithNetty1a4fbd4a/s5/6f0e4e2b-63c8-4308-8e51-59fd50a449c7/in_use.lock acquired by nodename 20664@fv-az212-923
2022-10-27 13:03:41,652 TRACE util.FileUtils (LogUtils.java:runAndLog(49)) - Successfully ran Files.createDirectories /home/runner/work/ratis/ratis/ratis-examples/target/test/data/87b215ba/MiniRaftClusterWithNetty1a4fbd4a/s5/6f0e4e2b-63c8-4308-8e51-59fd50a449c7/current
2022-10-27 13:03:41,652 TRACE util.FileUtils (LogUtils.java:runAndLog(49)) - Successfully ran Files.createDirectories /home/runner/work/ratis/ratis/ratis-examples/target/test/data/87b215ba/MiniRaftClusterWithNetty1a4fbd4a/s5/6f0e4e2b-63c8-4308-8e51-59fd50a449c7/sm
2022-10-27 13:03:41,652 INFO  storage.RaftStorage (RaftStorageImpl.java:format(96)) - Storage directory /home/runner/work/ratis/ratis/ratis-examples/target/test/data/87b215ba/MiniRaftClusterWithNetty1a4fbd4a/s5/6f0e4e2b-63c8-4308-8e51-59fd50a449c7 has been successfully formatted.
2022-10-27 13:03:41,653 WARN  statemachine.StateMachine (ArithmeticStateMachine.java:loadSnapshot(116)) - The snapshot info is null.
2022-10-27 13:03:41,653 INFO  server.RaftServerConfigKeys (ConfUtils.java:logGet(46)) - raft.server.log.use.memory = false (default)
2022-10-27 13:03:41,653 INFO  server.RaftServerConfigKeys (ConfUtils.java:logGet(46)) - raft.server.log.purge.gap = 1024 (default)
2022-10-27 13:03:41,653 INFO  server.RaftServerConfigKeys (ConfUtils.java:logGet(46)) - raft.server.log.appender.buffer.byte-limit = 4MB (=4194304) (default)
2022-10-27 13:03:41,653 INFO  server.RaftServerConfigKeys (ConfUtils.java:logGet(46)) - raft.server.log.statemachine.data.read.timeout = 1000ms (default)
2022-10-27 13:03:41,653 INFO  server.RaftServerConfigKeys (ConfUtils.java:logGet(46)) - raft.server.log.purge.preservation.log.num = 0 (default)
2022-10-27 13:03:41,653 INFO  server.RaftServerConfigKeys (ConfUtils.java:logGet(46)) - raft.server.log.segment.size.max = 8MB (=8388608) (default)
2022-10-27 13:03:41,653 INFO  server.RaftServerConfigKeys (ConfUtils.java:logGet(46)) - raft.server.log.segment.cache.num.max = 6 (default)
2022-10-27 13:03:41,653 INFO  server.RaftServerConfigKeys (ConfUtils.java:logGet(46)) - raft.server.log.segment.cache.size.max = 200MB (=209715200) (default)
2022-10-27 13:03:41,653 INFO  segmented.SegmentedRaftLogWorker (SegmentedRaftLogWorker.java:<init>(184)) - new s5@group-59FD50A449C7-SegmentedRaftLogWorker for RaftStorageImpl:Storage Directory /home/runner/work/ratis/ratis/ratis-examples/target/test/data/87b215ba/MiniRaftClusterWithNetty1a4fbd4a/s5/6f0e4e2b-63c8-4308-8e51-59fd50a449c7
2022-10-27 13:03:41,653 INFO  server.RaftServerConfigKeys (ConfUtils.java:logGet(46)) - raft.server.log.queue.byte-limit = 64MB (=67108864) (default)
2022-10-27 13:03:41,653 INFO  server.RaftServerConfigKeys (ConfUtils.java:logGet(46)) - raft.server.log.queue.element-limit = 4096 (default)
2022-10-27 13:03:41,653 INFO  server.RaftServerConfigKeys (ConfUtils.java:logGet(46)) - raft.server.log.segment.size.max = 8MB (=8388608) (default)
2022-10-27 13:03:41,653 INFO  server.RaftServerConfigKeys (ConfUtils.java:logGet(46)) - raft.server.log.preallocated.size = 4MB (=4194304) (default)
2022-10-27 13:03:41,653 INFO  server.RaftServerConfigKeys (ConfUtils.java:logGet(46)) - raft.server.log.force.sync.num = 128 (default)
2022-10-27 13:03:41,653 INFO  server.RaftServerConfigKeys (ConfUtils.java:logGet(46)) - raft.server.log.statemachine.data.sync = true (default)
2022-10-27 13:03:41,653 INFO  server.RaftServerConfigKeys (ConfUtils.java:logGet(46)) - raft.server.log.statemachine.data.sync.timeout = 10s (default)
2022-10-27 13:03:41,653 INFO  server.RaftServerConfigKeys (ConfUtils.java:logGet(46)) - raft.server.log.statemachine.data.sync.timeout.retry = -1 (default)
2022-10-27 13:03:41,653 INFO  server.RaftServerConfigKeys (ConfUtils.java:logGet(46)) - raft.server.log.write.buffer.size = 64KB (=65536) (default)
2022-10-27 13:03:41,654 INFO  server.RaftServerConfigKeys (ConfUtils.java:logGet(46)) - raft.server.log.appender.buffer.byte-limit = 4MB (=4194304) (default)
2022-10-27 13:03:41,654 INFO  server.RaftServerConfigKeys (ConfUtils.java:logGet(46)) - raft.server.log.unsafe-flush.enabled = false (default)
2022-10-27 13:03:41,654 INFO  server.RaftServerConfigKeys (ConfUtils.java:logGet(46)) - raft.server.log.async-flush.enabled = false (default)
2022-10-27 13:03:41,654 INFO  server.RaftServerConfigKeys (ConfUtils.java:logGet(46)) - raft.server.log.statemachine.data.caching.enabled = false (default)
2022-10-27 13:03:41,654 INFO  segmented.SegmentedRaftLogWorker (SegmentedRaftLogWorker.java:lambda$new$0(134)) - s5@group-59FD50A449C7-SegmentedRaftLogWorker: flushIndex: setUnconditionally 0 -> -1
2022-10-27 13:03:41,654 INFO  segmented.SegmentedRaftLogWorker (SegmentedRaftLogWorker.java:lambda$new$0(134)) - s5@group-59FD50A449C7-SegmentedRaftLogWorker: safeCacheEvictIndex: setUnconditionally 0 -> -1
2022-10-27 13:03:41,658 INFO  server.RaftServer$Division (RaftServerImpl.java:start(344)) - s5@group-59FD50A449C7: start with initializing state, conf=-1: peers:[]|listeners:[], old=null
2022-10-27 13:03:41,658 INFO  server.RaftServer$Division (RaftServerImpl.java:setRole(325)) - s5@group-59FD50A449C7: changes role from      null to FOLLOWER at term 0 for startInitializing
2022-10-27 13:03:41,658 INFO  util.JmxRegister (JmxRegister.java:tryRegister(44)) - Successfully registered JMX Bean with object name Ratis:service=RaftServer,group=group-59FD50A449C7,id=s5
2022-10-27 13:03:41,658 INFO  server.RaftServerConfigKeys (ConfUtils.java:logGet(46)) - raft.server.snapshot.auto.trigger.enabled = false (default)
2022-10-27 13:03:41,658 INFO  server.RaftServerConfigKeys (ConfUtils.java:logGet(46)) - raft.server.snapshot.retention.file.num = -1 (default)
2022-10-27 13:03:41,658 INFO  server.RaftServerConfigKeys (ConfUtils.java:logGet(46)) - raft.server.log.purge.upto.snapshot.index = false (default)
2022-10-27 13:03:41,659 INFO  server.RaftServer (RaftServerProxy.java:startImpl(396)) - s5: start RPC server
2022-10-27 13:03:41,659 INFO  logging.LoggingHandler (AbstractInternalLogger.java:log(148)) - [id: 0x71019461] REGISTERED
2022-10-27 13:03:41,659 INFO  logging.LoggingHandler (AbstractInternalLogger.java:log(148)) - [id: 0x71019461] BIND: 0.0.0.0/0.0.0.0:38425
2022-10-27 13:03:41,660 INFO  logging.LoggingHandler (AbstractInternalLogger.java:log(148)) - [id: 0x71019461, L:/0.0.0.0:38425] ACTIVE
2022-10-27 13:03:41,660 INFO  util.JvmPauseMonitor (JvmPauseMonitor.java:run(105)) - JvmPauseMonitor-s5: Started
2022-10-27 13:03:41,660 INFO  server.RaftServerConfigKeys (ConfUtils.java:logGet(46)) - raft.server.storage.free-space.min = 0MB (=0) (default)
2022-10-27 13:03:41,660 INFO  server.RaftServerConfigKeys (ConfUtils.java:logGet(46)) - raft.server.log.corruption.policy = EXCEPTION (default)
2022-10-27 13:03:41,660 INFO  server.RaftServerConfigKeys (ConfUtils.java:logGet(46)) - raft.server.storage.dir = [/home/runner/work/ratis/ratis/ratis-examples/target/test/data/87b215ba/MiniRaftClusterWithNetty1a4fbd4a/s6] (custom)
2022-10-27 13:03:41,660 INFO  storage.RaftStorageDirectory (RaftStorageDirectoryImpl.java:analyzeStorage(138)) - The storage directory /home/runner/work/ratis/ratis/ratis-examples/target/test/data/87b215ba/MiniRaftClusterWithNetty1a4fbd4a/s6/6f0e4e2b-63c8-4308-8e51-59fd50a449c7 does not exist. Creating ...
2022-10-27 13:03:41,660 TRACE util.FileUtils (LogUtils.java:runAndLog(49)) - Successfully ran Files.createDirectories /home/runner/work/ratis/ratis/ratis-examples/target/test/data/87b215ba/MiniRaftClusterWithNetty1a4fbd4a/s6/6f0e4e2b-63c8-4308-8e51-59fd50a449c7
2022-10-27 13:03:41,661 INFO  storage.RaftStorageDirectory (RaftStorageDirectoryImpl.java:tryLock(232)) - Lock on /home/runner/work/ratis/ratis/ratis-examples/target/test/data/87b215ba/MiniRaftClusterWithNetty1a4fbd4a/s6/6f0e4e2b-63c8-4308-8e51-59fd50a449c7/in_use.lock acquired by nodename 20664@fv-az212-923
2022-10-27 13:03:41,661 TRACE util.FileUtils (LogUtils.java:runAndLog(49)) - Successfully ran Files.createDirectories /home/runner/work/ratis/ratis/ratis-examples/target/test/data/87b215ba/MiniRaftClusterWithNetty1a4fbd4a/s6/6f0e4e2b-63c8-4308-8e51-59fd50a449c7/current
2022-10-27 13:03:41,661 TRACE util.FileUtils (LogUtils.java:runAndLog(49)) - Successfully ran Files.createDirectories /home/runner/work/ratis/ratis/ratis-examples/target/test/data/87b215ba/MiniRaftClusterWithNetty1a4fbd4a/s6/6f0e4e2b-63c8-4308-8e51-59fd50a449c7/sm
2022-10-27 13:03:41,662 INFO  storage.RaftStorage (RaftStorageImpl.java:format(96)) - Storage directory /home/runner/work/ratis/ratis/ratis-examples/target/test/data/87b215ba/MiniRaftClusterWithNetty1a4fbd4a/s6/6f0e4e2b-63c8-4308-8e51-59fd50a449c7 has been successfully formatted.
2022-10-27 13:03:41,662 WARN  statemachine.StateMachine (ArithmeticStateMachine.java:loadSnapshot(116)) - The snapshot info is null.
2022-10-27 13:03:41,662 INFO  server.RaftServerConfigKeys (ConfUtils.java:logGet(46)) - raft.server.log.use.memory = false (default)
2022-10-27 13:03:41,662 INFO  server.RaftServerConfigKeys (ConfUtils.java:logGet(46)) - raft.server.log.purge.gap = 1024 (default)
2022-10-27 13:03:41,663 INFO  server.RaftServerConfigKeys (ConfUtils.java:logGet(46)) - raft.server.log.appender.buffer.byte-limit = 4MB (=4194304) (default)
2022-10-27 13:03:41,663 INFO  server.RaftServerConfigKeys (ConfUtils.java:logGet(46)) - raft.server.log.statemachine.data.read.timeout = 1000ms (default)
2022-10-27 13:03:41,663 INFO  server.RaftServerConfigKeys (ConfUtils.java:logGet(46)) - raft.server.log.purge.preservation.log.num = 0 (default)
2022-10-27 13:03:41,663 INFO  server.RaftServerConfigKeys (ConfUtils.java:logGet(46)) - raft.server.log.segment.size.max = 8MB (=8388608) (default)
2022-10-27 13:03:41,663 INFO  server.RaftServerConfigKeys (ConfUtils.java:logGet(46)) - raft.server.log.segment.cache.num.max = 6 (default)
2022-10-27 13:03:41,663 INFO  server.RaftServerConfigKeys (ConfUtils.java:logGet(46)) - raft.server.log.segment.cache.size.max = 200MB (=209715200) (default)
2022-10-27 13:03:41,663 INFO  segmented.SegmentedRaftLogWorker (SegmentedRaftLogWorker.java:<init>(184)) - new s6@group-59FD50A449C7-SegmentedRaftLogWorker for RaftStorageImpl:Storage Directory /home/runner/work/ratis/ratis/ratis-examples/target/test/data/87b215ba/MiniRaftClusterWithNetty1a4fbd4a/s6/6f0e4e2b-63c8-4308-8e51-59fd50a449c7
2022-10-27 13:03:41,663 INFO  server.RaftServerConfigKeys (ConfUtils.java:logGet(46)) - raft.server.log.queue.byte-limit = 64MB (=67108864) (default)
2022-10-27 13:03:41,663 INFO  server.RaftServerConfigKeys (ConfUtils.java:logGet(46)) - raft.server.log.queue.element-limit = 4096 (default)
2022-10-27 13:03:41,663 INFO  server.RaftServerConfigKeys (ConfUtils.java:logGet(46)) - raft.server.log.segment.size.max = 8MB (=8388608) (default)
2022-10-27 13:03:41,663 INFO  server.RaftServerConfigKeys (ConfUtils.java:logGet(46)) - raft.server.log.preallocated.size = 4MB (=4194304) (default)
2022-10-27 13:03:41,663 INFO  server.RaftServerConfigKeys (ConfUtils.java:logGet(46)) - raft.server.log.force.sync.num = 128 (default)
2022-10-27 13:03:41,663 INFO  server.RaftServerConfigKeys (ConfUtils.java:logGet(46)) - raft.server.log.statemachine.data.sync = true (default)
2022-10-27 13:03:41,663 INFO  server.RaftServerConfigKeys (ConfUtils.java:logGet(46)) - raft.server.log.statemachine.data.sync.timeout = 10s (default)
2022-10-27 13:03:41,663 INFO  server.RaftServerConfigKeys (ConfUtils.java:logGet(46)) - raft.server.log.statemachine.data.sync.timeout.retry = -1 (default)
2022-10-27 13:03:41,663 INFO  server.RaftServerConfigKeys (ConfUtils.java:logGet(46)) - raft.server.log.write.buffer.size = 64KB (=65536) (default)
2022-10-27 13:03:41,663 INFO  server.RaftServerConfigKeys (ConfUtils.java:logGet(46)) - raft.server.log.appender.buffer.byte-limit = 4MB (=4194304) (default)
2022-10-27 13:03:41,663 INFO  server.RaftServerConfigKeys (ConfUtils.java:logGet(46)) - raft.server.log.unsafe-flush.enabled = false (default)
2022-10-27 13:03:41,663 INFO  server.RaftServerConfigKeys (ConfUtils.java:logGet(46)) - raft.server.log.async-flush.enabled = false (default)
2022-10-27 13:03:41,663 INFO  server.RaftServerConfigKeys (ConfUtils.java:logGet(46)) - raft.server.log.statemachine.data.caching.enabled = false (default)
2022-10-27 13:03:41,664 INFO  segmented.SegmentedRaftLogWorker (SegmentedRaftLogWorker.java:lambda$new$0(134)) - s6@group-59FD50A449C7-SegmentedRaftLogWorker: flushIndex: setUnconditionally 0 -> -1
2022-10-27 13:03:41,664 INFO  segmented.SegmentedRaftLogWorker (SegmentedRaftLogWorker.java:lambda$new$0(134)) - s6@group-59FD50A449C7-SegmentedRaftLogWorker: safeCacheEvictIndex: setUnconditionally 0 -> -1
2022-10-27 13:03:41,664 INFO  server.RaftServer$Division (RaftServerImpl.java:start(344)) - s6@group-59FD50A449C7: start with initializing state, conf=-1: peers:[]|listeners:[], old=null
2022-10-27 13:03:41,664 INFO  server.RaftServer$Division (RaftServerImpl.java:setRole(325)) - s6@group-59FD50A449C7: changes role from      null to FOLLOWER at term 0 for startInitializing
2022-10-27 13:03:41,664 INFO  util.JmxRegister (JmxRegister.java:tryRegister(44)) - Successfully registered JMX Bean with object name Ratis:service=RaftServer,group=group-59FD50A449C7,id=s6
2022-10-27 13:03:41,664 INFO  server.RaftServerConfigKeys (ConfUtils.java:logGet(46)) - raft.server.snapshot.auto.trigger.enabled = false (default)
2022-10-27 13:03:41,664 INFO  server.RaftServerConfigKeys (ConfUtils.java:logGet(46)) - raft.server.snapshot.retention.file.num = -1 (default)
2022-10-27 13:03:41,664 INFO  server.RaftServerConfigKeys (ConfUtils.java:logGet(46)) - raft.server.log.purge.upto.snapshot.index = false (default)
2022-10-27 13:03:41,666 INFO  server.RaftServer (RaftServerProxy.java:startImpl(396)) - s6: start RPC server
2022-10-27 13:03:41,670 INFO  logging.LoggingHandler (AbstractInternalLogger.java:log(148)) - [id: 0x55f13639] REGISTERED
2022-10-27 13:03:41,670 INFO  logging.LoggingHandler (AbstractInternalLogger.java:log(148)) - [id: 0x55f13639] BIND: 0.0.0.0/0.0.0.0:44233
2022-10-27 13:03:41,671 INFO  logging.LoggingHandler (AbstractInternalLogger.java:log(148)) - [id: 0x55f13639, L:/0.0.0.0:44233] ACTIVE
2022-10-27 13:03:41,671 INFO  server.RaftServerConfigKeys (ConfUtils.java:logGet(46)) - raft.server.storage.free-space.min = 0MB (=0) (default)
2022-10-27 13:03:41,671 INFO  server.RaftServerConfigKeys (ConfUtils.java:logGet(46)) - raft.server.log.corruption.policy = EXCEPTION (default)
2022-10-27 13:03:41,671 INFO  server.RaftServerConfigKeys (ConfUtils.java:logGet(46)) - raft.server.storage.dir = [/home/runner/work/ratis/ratis/ratis-examples/target/test/data/87b215ba/MiniRaftClusterWithNetty1a4fbd4a/s7] (custom)
2022-10-27 13:03:41,671 INFO  storage.RaftStorageDirectory (RaftStorageDirectoryImpl.java:analyzeStorage(138)) - The storage directory /home/runner/work/ratis/ratis/ratis-examples/target/test/data/87b215ba/MiniRaftClusterWithNetty1a4fbd4a/s7/6f0e4e2b-63c8-4308-8e51-59fd50a449c7 does not exist. Creating ...
2022-10-27 13:03:41,671 TRACE util.FileUtils (LogUtils.java:runAndLog(49)) - Successfully ran Files.createDirectories /home/runner/work/ratis/ratis/ratis-examples/target/test/data/87b215ba/MiniRaftClusterWithNetty1a4fbd4a/s7/6f0e4e2b-63c8-4308-8e51-59fd50a449c7
2022-10-27 13:03:41,672 INFO  util.JvmPauseMonitor (JvmPauseMonitor.java:run(105)) - JvmPauseMonitor-s6: Started
2022-10-27 13:03:41,672 INFO  storage.RaftStorageDirectory (RaftStorageDirectoryImpl.java:tryLock(232)) - Lock on /home/runner/work/ratis/ratis/ratis-examples/target/test/data/87b215ba/MiniRaftClusterWithNetty1a4fbd4a/s7/6f0e4e2b-63c8-4308-8e51-59fd50a449c7/in_use.lock acquired by nodename 20664@fv-az212-923
2022-10-27 13:03:41,672 TRACE util.FileUtils (LogUtils.java:runAndLog(49)) - Successfully ran Files.createDirectories /home/runner/work/ratis/ratis/ratis-examples/target/test/data/87b215ba/MiniRaftClusterWithNetty1a4fbd4a/s7/6f0e4e2b-63c8-4308-8e51-59fd50a449c7/current
2022-10-27 13:03:41,673 TRACE util.FileUtils (LogUtils.java:runAndLog(49)) - Successfully ran Files.createDirectories /home/runner/work/ratis/ratis/ratis-examples/target/test/data/87b215ba/MiniRaftClusterWithNetty1a4fbd4a/s7/6f0e4e2b-63c8-4308-8e51-59fd50a449c7/sm
2022-10-27 13:03:41,673 INFO  storage.RaftStorage (RaftStorageImpl.java:format(96)) - Storage directory /home/runner/work/ratis/ratis/ratis-examples/target/test/data/87b215ba/MiniRaftClusterWithNetty1a4fbd4a/s7/6f0e4e2b-63c8-4308-8e51-59fd50a449c7 has been successfully formatted.
2022-10-27 13:03:41,674 WARN  statemachine.StateMachine (ArithmeticStateMachine.java:loadSnapshot(116)) - The snapshot info is null.
2022-10-27 13:03:41,674 INFO  server.RaftServerConfigKeys (ConfUtils.java:logGet(46)) - raft.server.log.use.memory = false (default)
2022-10-27 13:03:41,674 INFO  server.RaftServerConfigKeys (ConfUtils.java:logGet(46)) - raft.server.log.purge.gap = 1024 (default)
2022-10-27 13:03:41,674 INFO  server.RaftServerConfigKeys (ConfUtils.java:logGet(46)) - raft.server.log.appender.buffer.byte-limit = 4MB (=4194304) (default)
2022-10-27 13:03:41,674 INFO  server.RaftServerConfigKeys (ConfUtils.java:logGet(46)) - raft.server.log.statemachine.data.read.timeout = 1000ms (default)
2022-10-27 13:03:41,674 INFO  server.RaftServerConfigKeys (ConfUtils.java:logGet(46)) - raft.server.log.purge.preservation.log.num = 0 (default)
2022-10-27 13:03:41,674 INFO  server.RaftServerConfigKeys (ConfUtils.java:logGet(46)) - raft.server.log.segment.size.max = 8MB (=8388608) (default)
2022-10-27 13:03:41,675 INFO  server.RaftServerConfigKeys (ConfUtils.java:logGet(46)) - raft.server.log.segment.cache.num.max = 6 (default)
2022-10-27 13:03:41,675 INFO  server.RaftServerConfigKeys (ConfUtils.java:logGet(46)) - raft.server.log.segment.cache.size.max = 200MB (=209715200) (default)
2022-10-27 13:03:41,675 INFO  segmented.SegmentedRaftLogWorker (SegmentedRaftLogWorker.java:<init>(184)) - new s7@group-59FD50A449C7-SegmentedRaftLogWorker for RaftStorageImpl:Storage Directory /home/runner/work/ratis/ratis/ratis-examples/target/test/data/87b215ba/MiniRaftClusterWithNetty1a4fbd4a/s7/6f0e4e2b-63c8-4308-8e51-59fd50a449c7
2022-10-27 13:03:41,675 INFO  server.RaftServerConfigKeys (ConfUtils.java:logGet(46)) - raft.server.log.queue.byte-limit = 64MB (=67108864) (default)
2022-10-27 13:03:41,675 INFO  server.RaftServerConfigKeys (ConfUtils.java:logGet(46)) - raft.server.log.queue.element-limit = 4096 (default)
2022-10-27 13:03:41,675 INFO  server.RaftServerConfigKeys (ConfUtils.java:logGet(46)) - raft.server.log.segment.size.max = 8MB (=8388608) (default)
2022-10-27 13:03:41,675 INFO  server.RaftServerConfigKeys (ConfUtils.java:logGet(46)) - raft.server.log.preallocated.size = 4MB (=4194304) (default)
2022-10-27 13:03:41,675 INFO  server.RaftServerConfigKeys (ConfUtils.java:logGet(46)) - raft.server.log.force.sync.num = 128 (default)
2022-10-27 13:03:41,675 INFO  server.RaftServerConfigKeys (ConfUtils.java:logGet(46)) - raft.server.log.statemachine.data.sync = true (default)
2022-10-27 13:03:41,675 INFO  server.RaftServerConfigKeys (ConfUtils.java:logGet(46)) - raft.server.log.statemachine.data.sync.timeout = 10s (default)
2022-10-27 13:03:41,675 INFO  server.RaftServerConfigKeys (ConfUtils.java:logGet(46)) - raft.server.log.statemachine.data.sync.timeout.retry = -1 (default)
2022-10-27 13:03:41,675 INFO  server.RaftServerConfigKeys (ConfUtils.java:logGet(46)) - raft.server.log.write.buffer.size = 64KB (=65536) (default)
2022-10-27 13:03:41,675 INFO  server.RaftServerConfigKeys (ConfUtils.java:logGet(46)) - raft.server.log.appender.buffer.byte-limit = 4MB (=4194304) (default)
2022-10-27 13:03:41,675 INFO  server.RaftServerConfigKeys (ConfUtils.java:logGet(46)) - raft.server.log.unsafe-flush.enabled = false (default)
2022-10-27 13:03:41,675 INFO  server.RaftServerConfigKeys (ConfUtils.java:logGet(46)) - raft.server.log.async-flush.enabled = false (default)
2022-10-27 13:03:41,675 INFO  server.RaftServerConfigKeys (ConfUtils.java:logGet(46)) - raft.server.log.statemachine.data.caching.enabled = false (default)
2022-10-27 13:03:41,675 INFO  segmented.SegmentedRaftLogWorker (SegmentedRaftLogWorker.java:lambda$new$0(134)) - s7@group-59FD50A449C7-SegmentedRaftLogWorker: flushIndex: setUnconditionally 0 -> -1
2022-10-27 13:03:41,675 INFO  segmented.SegmentedRaftLogWorker (SegmentedRaftLogWorker.java:lambda$new$0(134)) - s7@group-59FD50A449C7-SegmentedRaftLogWorker: safeCacheEvictIndex: setUnconditionally 0 -> -1
2022-10-27 13:03:41,678 INFO  server.RaftServer$Division (RaftServerImpl.java:start(344)) - s7@group-59FD50A449C7: start with initializing state, conf=-1: peers:[]|listeners:[], old=null
2022-10-27 13:03:41,678 INFO  server.RaftServer$Division (RaftServerImpl.java:setRole(325)) - s7@group-59FD50A449C7: changes role from      null to FOLLOWER at term 0 for startInitializing
2022-10-27 13:03:41,678 INFO  util.JmxRegister (JmxRegister.java:tryRegister(44)) - Successfully registered JMX Bean with object name Ratis:service=RaftServer,group=group-59FD50A449C7,id=s7
2022-10-27 13:03:41,678 INFO  server.RaftServerConfigKeys (ConfUtils.java:logGet(46)) - raft.server.snapshot.auto.trigger.enabled = false (default)
2022-10-27 13:03:41,678 INFO  server.RaftServerConfigKeys (ConfUtils.java:logGet(46)) - raft.server.snapshot.retention.file.num = -1 (default)
2022-10-27 13:03:41,678 INFO  server.RaftServerConfigKeys (ConfUtils.java:logGet(46)) - raft.server.log.purge.upto.snapshot.index = false (default)
2022-10-27 13:03:41,678 INFO  server.RaftServer (RaftServerProxy.java:startImpl(396)) - s7: start RPC server
2022-10-27 13:03:41,679 INFO  logging.LoggingHandler (AbstractInternalLogger.java:log(148)) - [id: 0xa920a02d] REGISTERED
2022-10-27 13:03:41,679 INFO  logging.LoggingHandler (AbstractInternalLogger.java:log(148)) - [id: 0xa920a02d] BIND: 0.0.0.0/0.0.0.0:46701
2022-10-27 13:03:41,679 INFO  logging.LoggingHandler (AbstractInternalLogger.java:log(148)) - [id: 0xa920a02d, L:/0.0.0.0:46701] ACTIVE
2022-10-27 13:03:41,680 INFO  server.RaftServerConfigKeys (ConfUtils.java:logGet(46)) - raft.server.storage.free-space.min = 0MB (=0) (default)
2022-10-27 13:03:41,680 INFO  server.RaftServerConfigKeys (ConfUtils.java:logGet(46)) - raft.server.log.corruption.policy = EXCEPTION (default)
2022-10-27 13:03:41,680 INFO  server.RaftServerConfigKeys (ConfUtils.java:logGet(46)) - raft.server.storage.dir = [/home/runner/work/ratis/ratis/ratis-examples/target/test/data/87b215ba/MiniRaftClusterWithNetty1a4fbd4a/s8] (custom)
2022-10-27 13:03:41,680 INFO  storage.RaftStorageDirectory (RaftStorageDirectoryImpl.java:analyzeStorage(138)) - The storage directory /home/runner/work/ratis/ratis/ratis-examples/target/test/data/87b215ba/MiniRaftClusterWithNetty1a4fbd4a/s8/6f0e4e2b-63c8-4308-8e51-59fd50a449c7 does not exist. Creating ...
2022-10-27 13:03:41,680 TRACE util.FileUtils (LogUtils.java:runAndLog(49)) - Successfully ran Files.createDirectories /home/runner/work/ratis/ratis/ratis-examples/target/test/data/87b215ba/MiniRaftClusterWithNetty1a4fbd4a/s8/6f0e4e2b-63c8-4308-8e51-59fd50a449c7
2022-10-27 13:03:41,681 INFO  util.JvmPauseMonitor (JvmPauseMonitor.java:run(105)) - JvmPauseMonitor-s7: Started
2022-10-27 13:03:41,681 INFO  storage.RaftStorageDirectory (RaftStorageDirectoryImpl.java:tryLock(232)) - Lock on /home/runner/work/ratis/ratis/ratis-examples/target/test/data/87b215ba/MiniRaftClusterWithNetty1a4fbd4a/s8/6f0e4e2b-63c8-4308-8e51-59fd50a449c7/in_use.lock acquired by nodename 20664@fv-az212-923
2022-10-27 13:03:41,681 TRACE util.FileUtils (LogUtils.java:runAndLog(49)) - Successfully ran Files.createDirectories /home/runner/work/ratis/ratis/ratis-examples/target/test/data/87b215ba/MiniRaftClusterWithNetty1a4fbd4a/s8/6f0e4e2b-63c8-4308-8e51-59fd50a449c7/current
2022-10-27 13:03:41,681 TRACE util.FileUtils (LogUtils.java:runAndLog(49)) - Successfully ran Files.createDirectories /home/runner/work/ratis/ratis/ratis-examples/target/test/data/87b215ba/MiniRaftClusterWithNetty1a4fbd4a/s8/6f0e4e2b-63c8-4308-8e51-59fd50a449c7/sm
2022-10-27 13:03:41,682 INFO  storage.RaftStorage (RaftStorageImpl.java:format(96)) - Storage directory /home/runner/work/ratis/ratis/ratis-examples/target/test/data/87b215ba/MiniRaftClusterWithNetty1a4fbd4a/s8/6f0e4e2b-63c8-4308-8e51-59fd50a449c7 has been successfully formatted.
2022-10-27 13:03:41,682 WARN  statemachine.StateMachine (ArithmeticStateMachine.java:loadSnapshot(116)) - The snapshot info is null.
2022-10-27 13:03:41,682 INFO  server.RaftServerConfigKeys (ConfUtils.java:logGet(46)) - raft.server.log.use.memory = false (default)
2022-10-27 13:03:41,682 INFO  server.RaftServerConfigKeys (ConfUtils.java:logGet(46)) - raft.server.log.purge.gap = 1024 (default)
2022-10-27 13:03:41,682 INFO  server.RaftServerConfigKeys (ConfUtils.java:logGet(46)) - raft.server.log.appender.buffer.byte-limit = 4MB (=4194304) (default)
2022-10-27 13:03:41,682 INFO  server.RaftServerConfigKeys (ConfUtils.java:logGet(46)) - raft.server.log.statemachine.data.read.timeout = 1000ms (default)
2022-10-27 13:03:41,682 INFO  server.RaftServerConfigKeys (ConfUtils.java:logGet(46)) - raft.server.log.purge.preservation.log.num = 0 (default)
2022-10-27 13:03:41,682 INFO  server.RaftServerConfigKeys (ConfUtils.java:logGet(46)) - raft.server.log.segment.size.max = 8MB (=8388608) (default)
2022-10-27 13:03:41,682 INFO  server.RaftServerConfigKeys (ConfUtils.java:logGet(46)) - raft.server.log.segment.cache.num.max = 6 (default)
2022-10-27 13:03:41,682 INFO  server.RaftServerConfigKeys (ConfUtils.java:logGet(46)) - raft.server.log.segment.cache.size.max = 200MB (=209715200) (default)
2022-10-27 13:03:41,682 INFO  segmented.SegmentedRaftLogWorker (SegmentedRaftLogWorker.java:<init>(184)) - new s8@group-59FD50A449C7-SegmentedRaftLogWorker for RaftStorageImpl:Storage Directory /home/runner/work/ratis/ratis/ratis-examples/target/test/data/87b215ba/MiniRaftClusterWithNetty1a4fbd4a/s8/6f0e4e2b-63c8-4308-8e51-59fd50a449c7
2022-10-27 13:03:41,682 INFO  server.RaftServerConfigKeys (ConfUtils.java:logGet(46)) - raft.server.log.queue.byte-limit = 64MB (=67108864) (default)
2022-10-27 13:03:41,682 INFO  server.RaftServerConfigKeys (ConfUtils.java:logGet(46)) - raft.server.log.queue.element-limit = 4096 (default)
2022-10-27 13:03:41,682 INFO  server.RaftServerConfigKeys (ConfUtils.java:logGet(46)) - raft.server.log.segment.size.max = 8MB (=8388608) (default)
2022-10-27 13:03:41,682 INFO  server.RaftServerConfigKeys (ConfUtils.java:logGet(46)) - raft.server.log.preallocated.size = 4MB (=4194304) (default)
2022-10-27 13:03:41,682 INFO  server.RaftServerConfigKeys (ConfUtils.java:logGet(46)) - raft.server.log.force.sync.num = 128 (default)
2022-10-27 13:03:41,683 INFO  server.RaftServerConfigKeys (ConfUtils.java:logGet(46)) - raft.server.log.statemachine.data.sync = true (default)
2022-10-27 13:03:41,683 INFO  server.RaftServerConfigKeys (ConfUtils.java:logGet(46)) - raft.server.log.statemachine.data.sync.timeout = 10s (default)
2022-10-27 13:03:41,683 INFO  server.RaftServerConfigKeys (ConfUtils.java:logGet(46)) - raft.server.log.statemachine.data.sync.timeout.retry = -1 (default)
2022-10-27 13:03:41,683 INFO  server.RaftServerConfigKeys (ConfUtils.java:logGet(46)) - raft.server.log.write.buffer.size = 64KB (=65536) (default)
2022-10-27 13:03:41,683 INFO  server.RaftServerConfigKeys (ConfUtils.java:logGet(46)) - raft.server.log.appender.buffer.byte-limit = 4MB (=4194304) (default)
2022-10-27 13:03:41,683 INFO  server.RaftServerConfigKeys (ConfUtils.java:logGet(46)) - raft.server.log.unsafe-flush.enabled = false (default)
2022-10-27 13:03:41,683 INFO  server.RaftServerConfigKeys (ConfUtils.java:logGet(46)) - raft.server.log.async-flush.enabled = false (default)
2022-10-27 13:03:41,683 INFO  server.RaftServerConfigKeys (ConfUtils.java:logGet(46)) - raft.server.log.statemachine.data.caching.enabled = false (default)
2022-10-27 13:03:41,683 INFO  segmented.SegmentedRaftLogWorker (SegmentedRaftLogWorker.java:lambda$new$0(134)) - s8@group-59FD50A449C7-SegmentedRaftLogWorker: flushIndex: setUnconditionally 0 -> -1
2022-10-27 13:03:41,683 INFO  segmented.SegmentedRaftLogWorker (SegmentedRaftLogWorker.java:lambda$new$0(134)) - s8@group-59FD50A449C7-SegmentedRaftLogWorker: safeCacheEvictIndex: setUnconditionally 0 -> -1
2022-10-27 13:03:41,686 INFO  server.RaftServer$Division (RaftServerImpl.java:start(344)) - s8@group-59FD50A449C7: start with initializing state, conf=-1: peers:[]|listeners:[], old=null
2022-10-27 13:03:41,686 INFO  server.RaftServer$Division (RaftServerImpl.java:setRole(325)) - s8@group-59FD50A449C7: changes role from      null to FOLLOWER at term 0 for startInitializing
2022-10-27 13:03:41,686 INFO  util.JmxRegister (JmxRegister.java:tryRegister(44)) - Successfully registered JMX Bean with object name Ratis:service=RaftServer,group=group-59FD50A449C7,id=s8
2022-10-27 13:03:41,686 INFO  server.RaftServerConfigKeys (ConfUtils.java:logGet(46)) - raft.server.snapshot.auto.trigger.enabled = false (default)
2022-10-27 13:03:41,686 INFO  server.RaftServerConfigKeys (ConfUtils.java:logGet(46)) - raft.server.snapshot.retention.file.num = -1 (default)
2022-10-27 13:03:41,686 INFO  server.RaftServerConfigKeys (ConfUtils.java:logGet(46)) - raft.server.log.purge.upto.snapshot.index = false (default)
2022-10-27 13:03:41,686 INFO  server.RaftServer (RaftServerProxy.java:startImpl(396)) - s8: start RPC server
2022-10-27 13:03:41,687 INFO  logging.LoggingHandler (AbstractInternalLogger.java:log(148)) - [id: 0x106275d1] REGISTERED
2022-10-27 13:03:41,687 INFO  logging.LoggingHandler (AbstractInternalLogger.java:log(148)) - [id: 0x106275d1] BIND: 0.0.0.0/0.0.0.0:39217
2022-10-27 13:03:41,687 INFO  logging.LoggingHandler (AbstractInternalLogger.java:log(148)) - [id: 0x106275d1, L:/0.0.0.0:39217] ACTIVE
2022-10-27 13:03:41,687 INFO  server.RaftServerConfigKeys (ConfUtils.java:logGet(46)) - raft.server.storage.free-space.min = 0MB (=0) (default)
2022-10-27 13:03:41,687 INFO  server.RaftServerConfigKeys (ConfUtils.java:logGet(46)) - raft.server.log.corruption.policy = EXCEPTION (default)
2022-10-27 13:03:41,688 INFO  server.RaftServerConfigKeys (ConfUtils.java:logGet(46)) - raft.server.storage.dir = [/home/runner/work/ratis/ratis/ratis-examples/target/test/data/87b215ba/MiniRaftClusterWithNetty1a4fbd4a/s9] (custom)
2022-10-27 13:03:41,688 INFO  storage.RaftStorageDirectory (RaftStorageDirectoryImpl.java:analyzeStorage(138)) - The storage directory /home/runner/work/ratis/ratis/ratis-examples/target/test/data/87b215ba/MiniRaftClusterWithNetty1a4fbd4a/s9/6f0e4e2b-63c8-4308-8e51-59fd50a449c7 does not exist. Creating ...
2022-10-27 13:03:41,688 TRACE util.FileUtils (LogUtils.java:runAndLog(49)) - Successfully ran Files.createDirectories /home/runner/work/ratis/ratis/ratis-examples/target/test/data/87b215ba/MiniRaftClusterWithNetty1a4fbd4a/s9/6f0e4e2b-63c8-4308-8e51-59fd50a449c7
2022-10-27 13:03:41,690 INFO  util.JvmPauseMonitor (JvmPauseMonitor.java:run(105)) - JvmPauseMonitor-s8: Started
2022-10-27 13:03:41,691 INFO  storage.RaftStorageDirectory (RaftStorageDirectoryImpl.java:tryLock(232)) - Lock on /home/runner/work/ratis/ratis/ratis-examples/target/test/data/87b215ba/MiniRaftClusterWithNetty1a4fbd4a/s9/6f0e4e2b-63c8-4308-8e51-59fd50a449c7/in_use.lock acquired by nodename 20664@fv-az212-923
2022-10-27 13:03:41,691 TRACE util.FileUtils (LogUtils.java:runAndLog(49)) - Successfully ran Files.createDirectories /home/runner/work/ratis/ratis/ratis-examples/target/test/data/87b215ba/MiniRaftClusterWithNetty1a4fbd4a/s9/6f0e4e2b-63c8-4308-8e51-59fd50a449c7/current
2022-10-27 13:03:41,691 TRACE util.FileUtils (LogUtils.java:runAndLog(49)) - Successfully ran Files.createDirectories /home/runner/work/ratis/ratis/ratis-examples/target/test/data/87b215ba/MiniRaftClusterWithNetty1a4fbd4a/s9/6f0e4e2b-63c8-4308-8e51-59fd50a449c7/sm
2022-10-27 13:03:41,691 INFO  storage.RaftStorage (RaftStorageImpl.java:format(96)) - Storage directory /home/runner/work/ratis/ratis/ratis-examples/target/test/data/87b215ba/MiniRaftClusterWithNetty1a4fbd4a/s9/6f0e4e2b-63c8-4308-8e51-59fd50a449c7 has been successfully formatted.
2022-10-27 13:03:41,692 WARN  statemachine.StateMachine (ArithmeticStateMachine.java:loadSnapshot(116)) - The snapshot info is null.
2022-10-27 13:03:41,692 INFO  server.RaftServerConfigKeys (ConfUtils.java:logGet(46)) - raft.server.log.use.memory = false (default)
2022-10-27 13:03:41,692 INFO  server.RaftServerConfigKeys (ConfUtils.java:logGet(46)) - raft.server.log.purge.gap = 1024 (default)
2022-10-27 13:03:41,692 INFO  server.RaftServerConfigKeys (ConfUtils.java:logGet(46)) - raft.server.log.appender.buffer.byte-limit = 4MB (=4194304) (default)
2022-10-27 13:03:41,692 INFO  server.RaftServerConfigKeys (ConfUtils.java:logGet(46)) - raft.server.log.statemachine.data.read.timeout = 1000ms (default)
2022-10-27 13:03:41,692 INFO  server.RaftServerConfigKeys (ConfUtils.java:logGet(46)) - raft.server.log.purge.preservation.log.num = 0 (default)
2022-10-27 13:03:41,692 INFO  server.RaftServerConfigKeys (ConfUtils.java:logGet(46)) - raft.server.log.segment.size.max = 8MB (=8388608) (default)
2022-10-27 13:03:41,692 INFO  server.RaftServerConfigKeys (ConfUtils.java:logGet(46)) - raft.server.log.segment.cache.num.max = 6 (default)
2022-10-27 13:03:41,692 INFO  server.RaftServerConfigKeys (ConfUtils.java:logGet(46)) - raft.server.log.segment.cache.size.max = 200MB (=209715200) (default)
2022-10-27 13:03:41,692 INFO  segmented.SegmentedRaftLogWorker (SegmentedRaftLogWorker.java:<init>(184)) - new s9@group-59FD50A449C7-SegmentedRaftLogWorker for RaftStorageImpl:Storage Directory /home/runner/work/ratis/ratis/ratis-examples/target/test/data/87b215ba/MiniRaftClusterWithNetty1a4fbd4a/s9/6f0e4e2b-63c8-4308-8e51-59fd50a449c7
2022-10-27 13:03:41,692 INFO  server.RaftServerConfigKeys (ConfUtils.java:logGet(46)) - raft.server.log.queue.byte-limit = 64MB (=67108864) (default)
2022-10-27 13:03:41,692 INFO  server.RaftServerConfigKeys (ConfUtils.java:logGet(46)) - raft.server.log.queue.element-limit = 4096 (default)
2022-10-27 13:03:41,692 INFO  server.RaftServerConfigKeys (ConfUtils.java:logGet(46)) - raft.server.log.segment.size.max = 8MB (=8388608) (default)
2022-10-27 13:03:41,692 INFO  server.RaftServerConfigKeys (ConfUtils.java:logGet(46)) - raft.server.log.preallocated.size = 4MB (=4194304) (default)
2022-10-27 13:03:41,692 INFO  server.RaftServerConfigKeys (ConfUtils.java:logGet(46)) - raft.server.log.force.sync.num = 128 (default)
2022-10-27 13:03:41,692 INFO  server.RaftServerConfigKeys (ConfUtils.java:logGet(46)) - raft.server.log.statemachine.data.sync = true (default)
2022-10-27 13:03:41,692 INFO  server.RaftServerConfigKeys (ConfUtils.java:logGet(46)) - raft.server.log.statemachine.data.sync.timeout = 10s (default)
2022-10-27 13:03:41,692 INFO  server.RaftServerConfigKeys (ConfUtils.java:logGet(46)) - raft.server.log.statemachine.data.sync.timeout.retry = -1 (default)
2022-10-27 13:03:41,692 INFO  server.RaftServerConfigKeys (ConfUtils.java:logGet(46)) - raft.server.log.write.buffer.size = 64KB (=65536) (default)
2022-10-27 13:03:41,692 INFO  server.RaftServerConfigKeys (ConfUtils.java:logGet(46)) - raft.server.log.appender.buffer.byte-limit = 4MB (=4194304) (default)
2022-10-27 13:03:41,692 INFO  server.RaftServerConfigKeys (ConfUtils.java:logGet(46)) - raft.server.log.unsafe-flush.enabled = false (default)
2022-10-27 13:03:41,692 INFO  server.RaftServerConfigKeys (ConfUtils.java:logGet(46)) - raft.server.log.async-flush.enabled = false (default)
2022-10-27 13:03:41,692 INFO  server.RaftServerConfigKeys (ConfUtils.java:logGet(46)) - raft.server.log.statemachine.data.caching.enabled = false (default)
2022-10-27 13:03:41,693 INFO  segmented.SegmentedRaftLogWorker (SegmentedRaftLogWorker.java:lambda$new$0(134)) - s9@group-59FD50A449C7-SegmentedRaftLogWorker: flushIndex: setUnconditionally 0 -> -1
2022-10-27 13:03:41,693 INFO  segmented.SegmentedRaftLogWorker (SegmentedRaftLogWorker.java:lambda$new$0(134)) - s9@group-59FD50A449C7-SegmentedRaftLogWorker: safeCacheEvictIndex: setUnconditionally 0 -> -1
2022-10-27 13:03:41,694 INFO  server.RaftServer$Division (RaftServerImpl.java:start(344)) - s9@group-59FD50A449C7: start with initializing state, conf=-1: peers:[]|listeners:[], old=null
2022-10-27 13:03:41,694 INFO  server.RaftServer$Division (RaftServerImpl.java:setRole(325)) - s9@group-59FD50A449C7: changes role from      null to FOLLOWER at term 0 for startInitializing
2022-10-27 13:03:41,694 INFO  util.JmxRegister (JmxRegister.java:tryRegister(44)) - Successfully registered JMX Bean with object name Ratis:service=RaftServer,group=group-59FD50A449C7,id=s9
2022-10-27 13:03:41,694 INFO  server.RaftServerConfigKeys (ConfUtils.java:logGet(46)) - raft.server.snapshot.auto.trigger.enabled = false (default)
2022-10-27 13:03:41,694 INFO  server.RaftServerConfigKeys (ConfUtils.java:logGet(46)) - raft.server.snapshot.retention.file.num = -1 (default)
2022-10-27 13:03:41,694 INFO  server.RaftServerConfigKeys (ConfUtils.java:logGet(46)) - raft.server.log.purge.upto.snapshot.index = false (default)
2022-10-27 13:03:41,698 INFO  server.RaftServer (RaftServerProxy.java:startImpl(396)) - s9: start RPC server
2022-10-27 13:03:41,698 INFO  logging.LoggingHandler (AbstractInternalLogger.java:log(148)) - [id: 0xcb403f0f] REGISTERED
2022-10-27 13:03:41,699 INFO  logging.LoggingHandler (AbstractInternalLogger.java:log(148)) - [id: 0xcb403f0f] BIND: 0.0.0.0/0.0.0.0:41641
2022-10-27 13:03:41,699 INFO  logging.LoggingHandler (AbstractInternalLogger.java:log(148)) - [id: 0xcb403f0f, L:/0.0.0.0:41641] ACTIVE
2022-10-27 13:03:41,699 INFO  server.RaftServerConfigKeys (ConfUtils.java:logGet(46)) - raft.server.storage.free-space.min = 0MB (=0) (default)
2022-10-27 13:03:41,699 INFO  server.RaftServerConfigKeys (ConfUtils.java:logGet(46)) - raft.server.log.corruption.policy = EXCEPTION (default)
2022-10-27 13:03:41,699 INFO  server.RaftServerConfigKeys (ConfUtils.java:logGet(46)) - raft.server.storage.dir = [/home/runner/work/ratis/ratis/ratis-examples/target/test/data/87b215ba/MiniRaftClusterWithNetty1a4fbd4a/s11] (custom)
2022-10-27 13:03:41,699 INFO  storage.RaftStorageDirectory (RaftStorageDirectoryImpl.java:analyzeStorage(138)) - The storage directory /home/runner/work/ratis/ratis/ratis-examples/target/test/data/87b215ba/MiniRaftClusterWithNetty1a4fbd4a/s11/6f0e4e2b-63c8-4308-8e51-59fd50a449c7 does not exist. Creating ...
2022-10-27 13:03:41,699 TRACE util.FileUtils (LogUtils.java:runAndLog(49)) - Successfully ran Files.createDirectories /home/runner/work/ratis/ratis/ratis-examples/target/test/data/87b215ba/MiniRaftClusterWithNetty1a4fbd4a/s11/6f0e4e2b-63c8-4308-8e51-59fd50a449c7
2022-10-27 13:03:41,700 INFO  util.JvmPauseMonitor (JvmPauseMonitor.java:run(105)) - JvmPauseMonitor-s9: Started
2022-10-27 13:03:41,700 INFO  storage.RaftStorageDirectory (RaftStorageDirectoryImpl.java:tryLock(232)) - Lock on /home/runner/work/ratis/ratis/ratis-examples/target/test/data/87b215ba/MiniRaftClusterWithNetty1a4fbd4a/s11/6f0e4e2b-63c8-4308-8e51-59fd50a449c7/in_use.lock acquired by nodename 20664@fv-az212-923
2022-10-27 13:03:41,700 TRACE util.FileUtils (LogUtils.java:runAndLog(49)) - Successfully ran Files.createDirectories /home/runner/work/ratis/ratis/ratis-examples/target/test/data/87b215ba/MiniRaftClusterWithNetty1a4fbd4a/s11/6f0e4e2b-63c8-4308-8e51-59fd50a449c7/current
2022-10-27 13:03:41,700 TRACE util.FileUtils (LogUtils.java:runAndLog(49)) - Successfully ran Files.createDirectories /home/runner/work/ratis/ratis/ratis-examples/target/test/data/87b215ba/MiniRaftClusterWithNetty1a4fbd4a/s11/6f0e4e2b-63c8-4308-8e51-59fd50a449c7/sm
2022-10-27 13:03:41,701 INFO  storage.RaftStorage (RaftStorageImpl.java:format(96)) - Storage directory /home/runner/work/ratis/ratis/ratis-examples/target/test/data/87b215ba/MiniRaftClusterWithNetty1a4fbd4a/s11/6f0e4e2b-63c8-4308-8e51-59fd50a449c7 has been successfully formatted.
2022-10-27 13:03:41,701 WARN  statemachine.StateMachine (ArithmeticStateMachine.java:loadSnapshot(116)) - The snapshot info is null.
2022-10-27 13:03:41,701 INFO  server.RaftServerConfigKeys (ConfUtils.java:logGet(46)) - raft.server.log.use.memory = false (default)
2022-10-27 13:03:41,701 INFO  server.RaftServerConfigKeys (ConfUtils.java:logGet(46)) - raft.server.log.purge.gap = 1024 (default)
2022-10-27 13:03:41,701 INFO  server.RaftServerConfigKeys (ConfUtils.java:logGet(46)) - raft.server.log.appender.buffer.byte-limit = 4MB (=4194304) (default)
2022-10-27 13:03:41,701 INFO  server.RaftServerConfigKeys (ConfUtils.java:logGet(46)) - raft.server.log.statemachine.data.read.timeout = 1000ms (default)
2022-10-27 13:03:41,701 INFO  server.RaftServerConfigKeys (ConfUtils.java:logGet(46)) - raft.server.log.purge.preservation.log.num = 0 (default)
2022-10-27 13:03:41,701 INFO  server.RaftServerConfigKeys (ConfUtils.java:logGet(46)) - raft.server.log.segment.size.max = 8MB (=8388608) (default)
2022-10-27 13:03:41,701 INFO  server.RaftServerConfigKeys (ConfUtils.java:logGet(46)) - raft.server.log.segment.cache.num.max = 6 (default)
2022-10-27 13:03:41,701 INFO  server.RaftServerConfigKeys (ConfUtils.java:logGet(46)) - raft.server.log.segment.cache.size.max = 200MB (=209715200) (default)
2022-10-27 13:03:41,701 INFO  segmented.SegmentedRaftLogWorker (SegmentedRaftLogWorker.java:<init>(184)) - new s11@group-59FD50A449C7-SegmentedRaftLogWorker for RaftStorageImpl:Storage Directory /home/runner/work/ratis/ratis/ratis-examples/target/test/data/87b215ba/MiniRaftClusterWithNetty1a4fbd4a/s11/6f0e4e2b-63c8-4308-8e51-59fd50a449c7
2022-10-27 13:03:41,701 INFO  server.RaftServerConfigKeys (ConfUtils.java:logGet(46)) - raft.server.log.queue.byte-limit = 64MB (=67108864) (default)
2022-10-27 13:03:41,701 INFO  server.RaftServerConfigKeys (ConfUtils.java:logGet(46)) - raft.server.log.queue.element-limit = 4096 (default)
2022-10-27 13:03:41,702 INFO  server.RaftServerConfigKeys (ConfUtils.java:logGet(46)) - raft.server.log.segment.size.max = 8MB (=8388608) (default)
2022-10-27 13:03:41,702 INFO  server.RaftServerConfigKeys (ConfUtils.java:logGet(46)) - raft.server.log.preallocated.size = 4MB (=4194304) (default)
2022-10-27 13:03:41,702 INFO  server.RaftServerConfigKeys (ConfUtils.java:logGet(46)) - raft.server.log.force.sync.num = 128 (default)
2022-10-27 13:03:41,702 INFO  server.RaftServerConfigKeys (ConfUtils.java:logGet(46)) - raft.server.log.statemachine.data.sync = true (default)
2022-10-27 13:03:41,702 INFO  server.RaftServerConfigKeys (ConfUtils.java:logGet(46)) - raft.server.log.statemachine.data.sync.timeout = 10s (default)
2022-10-27 13:03:41,702 INFO  server.RaftServerConfigKeys (ConfUtils.java:logGet(46)) - raft.server.log.statemachine.data.sync.timeout.retry = -1 (default)
2022-10-27 13:03:41,702 INFO  server.RaftServerConfigKeys (ConfUtils.java:logGet(46)) - raft.server.log.write.buffer.size = 64KB (=65536) (default)
2022-10-27 13:03:41,702 INFO  server.RaftServerConfigKeys (ConfUtils.java:logGet(46)) - raft.server.log.appender.buffer.byte-limit = 4MB (=4194304) (default)
2022-10-27 13:03:41,702 INFO  server.RaftServerConfigKeys (ConfUtils.java:logGet(46)) - raft.server.log.unsafe-flush.enabled = false (default)
2022-10-27 13:03:41,702 INFO  server.RaftServerConfigKeys (ConfUtils.java:logGet(46)) - raft.server.log.async-flush.enabled = false (default)
2022-10-27 13:03:41,702 INFO  server.RaftServerConfigKeys (ConfUtils.java:logGet(46)) - raft.server.log.statemachine.data.caching.enabled = false (default)
2022-10-27 13:03:41,702 INFO  segmented.SegmentedRaftLogWorker (SegmentedRaftLogWorker.java:lambda$new$0(134)) - s11@group-59FD50A449C7-SegmentedRaftLogWorker: flushIndex: setUnconditionally 0 -> -1
2022-10-27 13:03:41,702 INFO  segmented.SegmentedRaftLogWorker (SegmentedRaftLogWorker.java:lambda$new$0(134)) - s11@group-59FD50A449C7-SegmentedRaftLogWorker: safeCacheEvictIndex: setUnconditionally 0 -> -1
2022-10-27 13:03:41,706 INFO  server.RaftServer$Division (RaftServerImpl.java:start(344)) - s11@group-59FD50A449C7: start with initializing state, conf=-1: peers:[]|listeners:[], old=null
2022-10-27 13:03:41,706 INFO  server.RaftServer$Division (RaftServerImpl.java:setRole(325)) - s11@group-59FD50A449C7: changes role from      null to FOLLOWER at term 0 for startInitializing
2022-10-27 13:03:41,707 INFO  util.JmxRegister (JmxRegister.java:tryRegister(44)) - Successfully registered JMX Bean with object name Ratis:service=RaftServer,group=group-59FD50A449C7,id=s11
2022-10-27 13:03:41,707 INFO  server.RaftServerConfigKeys (ConfUtils.java:logGet(46)) - raft.server.snapshot.auto.trigger.enabled = false (default)
2022-10-27 13:03:41,707 INFO  server.RaftServerConfigKeys (ConfUtils.java:logGet(46)) - raft.server.snapshot.retention.file.num = -1 (default)
2022-10-27 13:03:41,707 INFO  server.RaftServerConfigKeys (ConfUtils.java:logGet(46)) - raft.server.log.purge.upto.snapshot.index = false (default)
2022-10-27 13:03:41,707 INFO  server.RaftServer (RaftServerProxy.java:startImpl(396)) - s11: start RPC server
2022-10-27 13:03:41,708 INFO  logging.LoggingHandler (AbstractInternalLogger.java:log(148)) - [id: 0x62c07110] REGISTERED
2022-10-27 13:03:41,708 INFO  logging.LoggingHandler (AbstractInternalLogger.java:log(148)) - [id: 0x62c07110] BIND: 0.0.0.0/0.0.0.0:34935
2022-10-27 13:03:41,709 INFO  logging.LoggingHandler (AbstractInternalLogger.java:log(148)) - [id: 0x62c07110, L:/0.0.0.0:34935] ACTIVE
2022-10-27 13:03:41,709 INFO  server.RaftServerConfigKeys (ConfUtils.java:logGet(46)) - raft.server.storage.free-space.min = 0MB (=0) (default)
2022-10-27 13:03:41,709 INFO  server.RaftServerConfigKeys (ConfUtils.java:logGet(46)) - raft.server.log.corruption.policy = EXCEPTION (default)
2022-10-27 13:03:41,709 INFO  server.RaftServerConfigKeys (ConfUtils.java:logGet(46)) - raft.server.storage.dir = [/home/runner/work/ratis/ratis/ratis-examples/target/test/data/87b215ba/MiniRaftClusterWithNetty1a4fbd4a/s10] (custom)
2022-10-27 13:03:41,709 INFO  storage.RaftStorageDirectory (RaftStorageDirectoryImpl.java:analyzeStorage(138)) - The storage directory /home/runner/work/ratis/ratis/ratis-examples/target/test/data/87b215ba/MiniRaftClusterWithNetty1a4fbd4a/s10/6f0e4e2b-63c8-4308-8e51-59fd50a449c7 does not exist. Creating ...
2022-10-27 13:03:41,709 TRACE util.FileUtils (LogUtils.java:runAndLog(49)) - Successfully ran Files.createDirectories /home/runner/work/ratis/ratis/ratis-examples/target/test/data/87b215ba/MiniRaftClusterWithNetty1a4fbd4a/s10/6f0e4e2b-63c8-4308-8e51-59fd50a449c7
2022-10-27 13:03:41,710 INFO  util.JvmPauseMonitor (JvmPauseMonitor.java:run(105)) - JvmPauseMonitor-s11: Started
2022-10-27 13:03:41,710 INFO  storage.RaftStorageDirectory (RaftStorageDirectoryImpl.java:tryLock(232)) - Lock on /home/runner/work/ratis/ratis/ratis-examples/target/test/data/87b215ba/MiniRaftClusterWithNetty1a4fbd4a/s10/6f0e4e2b-63c8-4308-8e51-59fd50a449c7/in_use.lock acquired by nodename 20664@fv-az212-923
2022-10-27 13:03:41,710 TRACE util.FileUtils (LogUtils.java:runAndLog(49)) - Successfully ran Files.createDirectories /home/runner/work/ratis/ratis/ratis-examples/target/test/data/87b215ba/MiniRaftClusterWithNetty1a4fbd4a/s10/6f0e4e2b-63c8-4308-8e51-59fd50a449c7/current
2022-10-27 13:03:41,710 TRACE util.FileUtils (LogUtils.java:runAndLog(49)) - Successfully ran Files.createDirectories /home/runner/work/ratis/ratis/ratis-examples/target/test/data/87b215ba/MiniRaftClusterWithNetty1a4fbd4a/s10/6f0e4e2b-63c8-4308-8e51-59fd50a449c7/sm
2022-10-27 13:03:41,711 INFO  storage.RaftStorage (RaftStorageImpl.java:format(96)) - Storage directory /home/runner/work/ratis/ratis/ratis-examples/target/test/data/87b215ba/MiniRaftClusterWithNetty1a4fbd4a/s10/6f0e4e2b-63c8-4308-8e51-59fd50a449c7 has been successfully formatted.
2022-10-27 13:03:41,711 WARN  statemachine.StateMachine (ArithmeticStateMachine.java:loadSnapshot(116)) - The snapshot info is null.
2022-10-27 13:03:41,711 INFO  server.RaftServerConfigKeys (ConfUtils.java:logGet(46)) - raft.server.log.use.memory = false (default)
2022-10-27 13:03:41,711 INFO  server.RaftServerConfigKeys (ConfUtils.java:logGet(46)) - raft.server.log.purge.gap = 1024 (default)
2022-10-27 13:03:41,711 INFO  server.RaftServerConfigKeys (ConfUtils.java:logGet(46)) - raft.server.log.appender.buffer.byte-limit = 4MB (=4194304) (default)
2022-10-27 13:03:41,711 INFO  server.RaftServerConfigKeys (ConfUtils.java:logGet(46)) - raft.server.log.statemachine.data.read.timeout = 1000ms (default)
2022-10-27 13:03:41,711 INFO  server.RaftServerConfigKeys (ConfUtils.java:logGet(46)) - raft.server.log.purge.preservation.log.num = 0 (default)
2022-10-27 13:03:41,711 INFO  server.RaftServerConfigKeys (ConfUtils.java:logGet(46)) - raft.server.log.segment.size.max = 8MB (=8388608) (default)
2022-10-27 13:03:41,711 INFO  server.RaftServerConfigKeys (ConfUtils.java:logGet(46)) - raft.server.log.segment.cache.num.max = 6 (default)
2022-10-27 13:03:41,711 INFO  server.RaftServerConfigKeys (ConfUtils.java:logGet(46)) - raft.server.log.segment.cache.size.max = 200MB (=209715200) (default)
2022-10-27 13:03:41,711 INFO  segmented.SegmentedRaftLogWorker (SegmentedRaftLogWorker.java:<init>(184)) - new s10@group-59FD50A449C7-SegmentedRaftLogWorker for RaftStorageImpl:Storage Directory /home/runner/work/ratis/ratis/ratis-examples/target/test/data/87b215ba/MiniRaftClusterWithNetty1a4fbd4a/s10/6f0e4e2b-63c8-4308-8e51-59fd50a449c7
2022-10-27 13:03:41,711 INFO  server.RaftServerConfigKeys (ConfUtils.java:logGet(46)) - raft.server.log.queue.byte-limit = 64MB (=67108864) (default)
2022-10-27 13:03:41,711 INFO  server.RaftServerConfigKeys (ConfUtils.java:logGet(46)) - raft.server.log.queue.element-limit = 4096 (default)
2022-10-27 13:03:41,711 INFO  server.RaftServerConfigKeys (ConfUtils.java:logGet(46)) - raft.server.log.segment.size.max = 8MB (=8388608) (default)
2022-10-27 13:03:41,711 INFO  server.RaftServerConfigKeys (ConfUtils.java:logGet(46)) - raft.server.log.preallocated.size = 4MB (=4194304) (default)
2022-10-27 13:03:41,711 INFO  server.RaftServerConfigKeys (ConfUtils.java:logGet(46)) - raft.server.log.force.sync.num = 128 (default)
2022-10-27 13:03:41,712 INFO  server.RaftServerConfigKeys (ConfUtils.java:logGet(46)) - raft.server.log.statemachine.data.sync = true (default)
2022-10-27 13:03:41,712 INFO  server.RaftServerConfigKeys (ConfUtils.java:logGet(46)) - raft.server.log.statemachine.data.sync.timeout = 10s (default)
2022-10-27 13:03:41,712 INFO  server.RaftServerConfigKeys (ConfUtils.java:logGet(46)) - raft.server.log.statemachine.data.sync.timeout.retry = -1 (default)
2022-10-27 13:03:41,712 INFO  server.RaftServerConfigKeys (ConfUtils.java:logGet(46)) - raft.server.log.write.buffer.size = 64KB (=65536) (default)
2022-10-27 13:03:41,712 INFO  server.RaftServerConfigKeys (ConfUtils.java:logGet(46)) - raft.server.log.appender.buffer.byte-limit = 4MB (=4194304) (default)
2022-10-27 13:03:41,712 INFO  server.RaftServerConfigKeys (ConfUtils.java:logGet(46)) - raft.server.log.unsafe-flush.enabled = false (default)
2022-10-27 13:03:41,712 INFO  server.RaftServerConfigKeys (ConfUtils.java:logGet(46)) - raft.server.log.async-flush.enabled = false (default)
2022-10-27 13:03:41,712 INFO  server.RaftServerConfigKeys (ConfUtils.java:logGet(46)) - raft.server.log.statemachine.data.caching.enabled = false (default)
2022-10-27 13:03:41,712 INFO  segmented.SegmentedRaftLogWorker (SegmentedRaftLogWorker.java:lambda$new$0(134)) - s10@group-59FD50A449C7-SegmentedRaftLogWorker: flushIndex: setUnconditionally 0 -> -1
2022-10-27 13:03:41,712 INFO  segmented.SegmentedRaftLogWorker (SegmentedRaftLogWorker.java:lambda$new$0(134)) - s10@group-59FD50A449C7-SegmentedRaftLogWorker: safeCacheEvictIndex: setUnconditionally 0 -> -1
2022-10-27 13:03:41,713 INFO  server.RaftServer$Division (RaftServerImpl.java:start(344)) - s10@group-59FD50A449C7: start with initializing state, conf=-1: peers:[]|listeners:[], old=null
2022-10-27 13:03:41,713 INFO  server.RaftServer$Division (RaftServerImpl.java:setRole(325)) - s10@group-59FD50A449C7: changes role from      null to FOLLOWER at term 0 for startInitializing
2022-10-27 13:03:41,713 INFO  util.JmxRegister (JmxRegister.java:tryRegister(44)) - Successfully registered JMX Bean with object name Ratis:service=RaftServer,group=group-59FD50A449C7,id=s10
2022-10-27 13:03:41,714 INFO  server.RaftServerConfigKeys (ConfUtils.java:logGet(46)) - raft.server.snapshot.auto.trigger.enabled = false (default)
2022-10-27 13:03:41,714 INFO  server.RaftServerConfigKeys (ConfUtils.java:logGet(46)) - raft.server.snapshot.retention.file.num = -1 (default)
2022-10-27 13:03:41,714 INFO  server.RaftServerConfigKeys (ConfUtils.java:logGet(46)) - raft.server.log.purge.upto.snapshot.index = false (default)
2022-10-27 13:03:41,714 INFO  server.RaftServer (RaftServerProxy.java:startImpl(396)) - s10: start RPC server
2022-10-27 13:03:41,715 INFO  logging.LoggingHandler (AbstractInternalLogger.java:log(148)) - [id: 0x248a107f] REGISTERED
2022-10-27 13:03:41,715 INFO  logging.LoggingHandler (AbstractInternalLogger.java:log(148)) - [id: 0x248a107f] BIND: 0.0.0.0/0.0.0.0:38545
2022-10-27 13:03:41,715 INFO  logging.LoggingHandler (AbstractInternalLogger.java:log(148)) - [id: 0x248a107f, L:/0.0.0.0:38545] ACTIVE
2022-10-27 13:03:41,716 INFO  server.RaftServerConfigKeys (ConfUtils.java:logGet(46)) - raft.server.storage.free-space.min = 0MB (=0) (default)
2022-10-27 13:03:41,716 INFO  server.RaftServerConfigKeys (ConfUtils.java:logGet(46)) - raft.server.log.corruption.policy = EXCEPTION (default)
2022-10-27 13:03:41,716 INFO  server.RaftServerConfigKeys (ConfUtils.java:logGet(46)) - raft.server.storage.dir = [/home/runner/work/ratis/ratis/ratis-examples/target/test/data/87b215ba/MiniRaftClusterWithNetty1a4fbd4a/s13] (custom)
2022-10-27 13:03:41,716 INFO  storage.RaftStorageDirectory (RaftStorageDirectoryImpl.java:analyzeStorage(138)) - The storage directory /home/runner/work/ratis/ratis/ratis-examples/target/test/data/87b215ba/MiniRaftClusterWithNetty1a4fbd4a/s13/6f0e4e2b-63c8-4308-8e51-59fd50a449c7 does not exist. Creating ...
2022-10-27 13:03:41,717 TRACE util.FileUtils (LogUtils.java:runAndLog(49)) - Successfully ran Files.createDirectories /home/runner/work/ratis/ratis/ratis-examples/target/test/data/87b215ba/MiniRaftClusterWithNetty1a4fbd4a/s13/6f0e4e2b-63c8-4308-8e51-59fd50a449c7
2022-10-27 13:03:41,717 INFO  util.JvmPauseMonitor (JvmPauseMonitor.java:run(105)) - JvmPauseMonitor-s10: Started
2022-10-27 13:03:41,717 INFO  storage.RaftStorageDirectory (RaftStorageDirectoryImpl.java:tryLock(232)) - Lock on /home/runner/work/ratis/ratis/ratis-examples/target/test/data/87b215ba/MiniRaftClusterWithNetty1a4fbd4a/s13/6f0e4e2b-63c8-4308-8e51-59fd50a449c7/in_use.lock acquired by nodename 20664@fv-az212-923
2022-10-27 13:03:41,717 TRACE util.FileUtils (LogUtils.java:runAndLog(49)) - Successfully ran Files.createDirectories /home/runner/work/ratis/ratis/ratis-examples/target/test/data/87b215ba/MiniRaftClusterWithNetty1a4fbd4a/s13/6f0e4e2b-63c8-4308-8e51-59fd50a449c7/current
2022-10-27 13:03:41,717 TRACE util.FileUtils (LogUtils.java:runAndLog(49)) - Successfully ran Files.createDirectories /home/runner/work/ratis/ratis/ratis-examples/target/test/data/87b215ba/MiniRaftClusterWithNetty1a4fbd4a/s13/6f0e4e2b-63c8-4308-8e51-59fd50a449c7/sm
2022-10-27 13:03:41,718 INFO  storage.RaftStorage (RaftStorageImpl.java:format(96)) - Storage directory /home/runner/work/ratis/ratis/ratis-examples/target/test/data/87b215ba/MiniRaftClusterWithNetty1a4fbd4a/s13/6f0e4e2b-63c8-4308-8e51-59fd50a449c7 has been successfully formatted.
2022-10-27 13:03:41,718 WARN  statemachine.StateMachine (ArithmeticStateMachine.java:loadSnapshot(116)) - The snapshot info is null.
2022-10-27 13:03:41,718 INFO  server.RaftServerConfigKeys (ConfUtils.java:logGet(46)) - raft.server.log.use.memory = false (default)
2022-10-27 13:03:41,718 INFO  server.RaftServerConfigKeys (ConfUtils.java:logGet(46)) - raft.server.log.purge.gap = 1024 (default)
2022-10-27 13:03:41,718 INFO  server.RaftServerConfigKeys (ConfUtils.java:logGet(46)) - raft.server.log.appender.buffer.byte-limit = 4MB (=4194304) (default)
2022-10-27 13:03:41,719 INFO  server.RaftServerConfigKeys (ConfUtils.java:logGet(46)) - raft.server.log.statemachine.data.read.timeout = 1000ms (default)
2022-10-27 13:03:41,719 INFO  server.RaftServerConfigKeys (ConfUtils.java:logGet(46)) - raft.server.log.purge.preservation.log.num = 0 (default)
2022-10-27 13:03:41,719 INFO  server.RaftServerConfigKeys (ConfUtils.java:logGet(46)) - raft.server.log.segment.size.max = 8MB (=8388608) (default)
2022-10-27 13:03:41,719 INFO  server.RaftServerConfigKeys (ConfUtils.java:logGet(46)) - raft.server.log.segment.cache.num.max = 6 (default)
2022-10-27 13:03:41,719 INFO  server.RaftServerConfigKeys (ConfUtils.java:logGet(46)) - raft.server.log.segment.cache.size.max = 200MB (=209715200) (default)
2022-10-27 13:03:41,719 INFO  segmented.SegmentedRaftLogWorker (SegmentedRaftLogWorker.java:<init>(184)) - new s13@group-59FD50A449C7-SegmentedRaftLogWorker for RaftStorageImpl:Storage Directory /home/runner/work/ratis/ratis/ratis-examples/target/test/data/87b215ba/MiniRaftClusterWithNetty1a4fbd4a/s13/6f0e4e2b-63c8-4308-8e51-59fd50a449c7
2022-10-27 13:03:41,719 INFO  server.RaftServerConfigKeys (ConfUtils.java:logGet(46)) - raft.server.log.queue.byte-limit = 64MB (=67108864) (default)
2022-10-27 13:03:41,719 INFO  server.RaftServerConfigKeys (ConfUtils.java:logGet(46)) - raft.server.log.queue.element-limit = 4096 (default)
2022-10-27 13:03:41,719 INFO  server.RaftServerConfigKeys (ConfUtils.java:logGet(46)) - raft.server.log.segment.size.max = 8MB (=8388608) (default)
2022-10-27 13:03:41,719 INFO  server.RaftServerConfigKeys (ConfUtils.java:logGet(46)) - raft.server.log.preallocated.size = 4MB (=4194304) (default)
2022-10-27 13:03:41,719 INFO  server.RaftServerConfigKeys (ConfUtils.java:logGet(46)) - raft.server.log.force.sync.num = 128 (default)
2022-10-27 13:03:41,719 INFO  server.RaftServerConfigKeys (ConfUtils.java:logGet(46)) - raft.server.log.statemachine.data.sync = true (default)
2022-10-27 13:03:41,719 INFO  server.RaftServerConfigKeys (ConfUtils.java:logGet(46)) - raft.server.log.statemachine.data.sync.timeout = 10s (default)
2022-10-27 13:03:41,719 INFO  server.RaftServerConfigKeys (ConfUtils.java:logGet(46)) - raft.server.log.statemachine.data.sync.timeout.retry = -1 (default)
2022-10-27 13:03:41,719 INFO  server.RaftServerConfigKeys (ConfUtils.java:logGet(46)) - raft.server.log.write.buffer.size = 64KB (=65536) (default)
2022-10-27 13:03:41,719 INFO  server.RaftServerConfigKeys (ConfUtils.java:logGet(46)) - raft.server.log.appender.buffer.byte-limit = 4MB (=4194304) (default)
2022-10-27 13:03:41,719 INFO  server.RaftServerConfigKeys (ConfUtils.java:logGet(46)) - raft.server.log.unsafe-flush.enabled = false (default)
2022-10-27 13:03:41,719 INFO  server.RaftServerConfigKeys (ConfUtils.java:logGet(46)) - raft.server.log.async-flush.enabled = false (default)
2022-10-27 13:03:41,719 INFO  server.RaftServerConfigKeys (ConfUtils.java:logGet(46)) - raft.server.log.statemachine.data.caching.enabled = false (default)
2022-10-27 13:03:41,719 INFO  segmented.SegmentedRaftLogWorker (SegmentedRaftLogWorker.java:lambda$new$0(134)) - s13@group-59FD50A449C7-SegmentedRaftLogWorker: flushIndex: setUnconditionally 0 -> -1
2022-10-27 13:03:41,719 INFO  segmented.SegmentedRaftLogWorker (SegmentedRaftLogWorker.java:lambda$new$0(134)) - s13@group-59FD50A449C7-SegmentedRaftLogWorker: safeCacheEvictIndex: setUnconditionally 0 -> -1
2022-10-27 13:03:41,720 INFO  server.RaftServer$Division (RaftServerImpl.java:start(344)) - s13@group-59FD50A449C7: start with initializing state, conf=-1: peers:[]|listeners:[], old=null
2022-10-27 13:03:41,720 INFO  server.RaftServer$Division (RaftServerImpl.java:setRole(325)) - s13@group-59FD50A449C7: changes role from      null to FOLLOWER at term 0 for startInitializing
2022-10-27 13:03:41,720 INFO  util.JmxRegister (JmxRegister.java:tryRegister(44)) - Successfully registered JMX Bean with object name Ratis:service=RaftServer,group=group-59FD50A449C7,id=s13
2022-10-27 13:03:41,720 INFO  server.RaftServerConfigKeys (ConfUtils.java:logGet(46)) - raft.server.snapshot.auto.trigger.enabled = false (default)
2022-10-27 13:03:41,720 INFO  server.RaftServerConfigKeys (ConfUtils.java:logGet(46)) - raft.server.snapshot.retention.file.num = -1 (default)
2022-10-27 13:03:41,721 INFO  server.RaftServerConfigKeys (ConfUtils.java:logGet(46)) - raft.server.log.purge.upto.snapshot.index = false (default)
2022-10-27 13:03:41,721 INFO  server.RaftServer (RaftServerProxy.java:startImpl(396)) - s13: start RPC server
2022-10-27 13:03:41,721 INFO  logging.LoggingHandler (AbstractInternalLogger.java:log(148)) - [id: 0x4d341301] REGISTERED
2022-10-27 13:03:41,721 INFO  logging.LoggingHandler (AbstractInternalLogger.java:log(148)) - [id: 0x4d341301] BIND: 0.0.0.0/0.0.0.0:40845
2022-10-27 13:03:41,722 INFO  logging.LoggingHandler (AbstractInternalLogger.java:log(148)) - [id: 0x4d341301, L:/0.0.0.0:40845] ACTIVE
2022-10-27 13:03:41,722 INFO  server.RaftServerConfigKeys (ConfUtils.java:logGet(46)) - raft.server.storage.free-space.min = 0MB (=0) (default)
2022-10-27 13:03:41,722 INFO  server.RaftServerConfigKeys (ConfUtils.java:logGet(46)) - raft.server.log.corruption.policy = EXCEPTION (default)
2022-10-27 13:03:41,722 INFO  util.JvmPauseMonitor (JvmPauseMonitor.java:run(105)) - JvmPauseMonitor-s13: Started
2022-10-27 13:03:41,722 INFO  server.RaftServerConfigKeys (ConfUtils.java:logGet(46)) - raft.server.storage.dir = [/home/runner/work/ratis/ratis/ratis-examples/target/test/data/87b215ba/MiniRaftClusterWithNetty1a4fbd4a/s12] (custom)
2022-10-27 13:03:41,722 INFO  storage.RaftStorageDirectory (RaftStorageDirectoryImpl.java:analyzeStorage(138)) - The storage directory /home/runner/work/ratis/ratis/ratis-examples/target/test/data/87b215ba/MiniRaftClusterWithNetty1a4fbd4a/s12/6f0e4e2b-63c8-4308-8e51-59fd50a449c7 does not exist. Creating ...
2022-10-27 13:03:41,722 TRACE util.FileUtils (LogUtils.java:runAndLog(49)) - Successfully ran Files.createDirectories /home/runner/work/ratis/ratis/ratis-examples/target/test/data/87b215ba/MiniRaftClusterWithNetty1a4fbd4a/s12/6f0e4e2b-63c8-4308-8e51-59fd50a449c7
2022-10-27 13:03:41,723 INFO  storage.RaftStorageDirectory (RaftStorageDirectoryImpl.java:tryLock(232)) - Lock on /home/runner/work/ratis/ratis/ratis-examples/target/test/data/87b215ba/MiniRaftClusterWithNetty1a4fbd4a/s12/6f0e4e2b-63c8-4308-8e51-59fd50a449c7/in_use.lock acquired by nodename 20664@fv-az212-923
2022-10-27 13:03:41,723 TRACE util.FileUtils (LogUtils.java:runAndLog(49)) - Successfully ran Files.createDirectories /home/runner/work/ratis/ratis/ratis-examples/target/test/data/87b215ba/MiniRaftClusterWithNetty1a4fbd4a/s12/6f0e4e2b-63c8-4308-8e51-59fd50a449c7/current
2022-10-27 13:03:41,723 TRACE util.FileUtils (LogUtils.java:runAndLog(49)) - Successfully ran Files.createDirectories /home/runner/work/ratis/ratis/ratis-examples/target/test/data/87b215ba/MiniRaftClusterWithNetty1a4fbd4a/s12/6f0e4e2b-63c8-4308-8e51-59fd50a449c7/sm
2022-10-27 13:03:41,724 INFO  storage.RaftStorage (RaftStorageImpl.java:format(96)) - Storage directory /home/runner/work/ratis/ratis/ratis-examples/target/test/data/87b215ba/MiniRaftClusterWithNetty1a4fbd4a/s12/6f0e4e2b-63c8-4308-8e51-59fd50a449c7 has been successfully formatted.
2022-10-27 13:03:41,724 WARN  statemachine.StateMachine (ArithmeticStateMachine.java:loadSnapshot(116)) - The snapshot info is null.
2022-10-27 13:03:41,724 INFO  server.RaftServerConfigKeys (ConfUtils.java:logGet(46)) - raft.server.log.use.memory = false (default)
2022-10-27 13:03:41,724 INFO  server.RaftServerConfigKeys (ConfUtils.java:logGet(46)) - raft.server.log.purge.gap = 1024 (default)
2022-10-27 13:03:41,724 INFO  server.RaftServerConfigKeys (ConfUtils.java:logGet(46)) - raft.server.log.appender.buffer.byte-limit = 4MB (=4194304) (default)
2022-10-27 13:03:41,724 INFO  server.RaftServerConfigKeys (ConfUtils.java:logGet(46)) - raft.server.log.statemachine.data.read.timeout = 1000ms (default)
2022-10-27 13:03:41,724 INFO  server.RaftServerConfigKeys (ConfUtils.java:logGet(46)) - raft.server.log.purge.preservation.log.num = 0 (default)
2022-10-27 13:03:41,724 INFO  server.RaftServerConfigKeys (ConfUtils.java:logGet(46)) - raft.server.log.segment.size.max = 8MB (=8388608) (default)
2022-10-27 13:03:41,724 INFO  server.RaftServerConfigKeys (ConfUtils.java:logGet(46)) - raft.server.log.segment.cache.num.max = 6 (default)
2022-10-27 13:03:41,724 INFO  server.RaftServerConfigKeys (ConfUtils.java:logGet(46)) - raft.server.log.segment.cache.size.max = 200MB (=209715200) (default)
2022-10-27 13:03:41,724 INFO  segmented.SegmentedRaftLogWorker (SegmentedRaftLogWorker.java:<init>(184)) - new s12@group-59FD50A449C7-SegmentedRaftLogWorker for RaftStorageImpl:Storage Directory /home/runner/work/ratis/ratis/ratis-examples/target/test/data/87b215ba/MiniRaftClusterWithNetty1a4fbd4a/s12/6f0e4e2b-63c8-4308-8e51-59fd50a449c7
2022-10-27 13:03:41,724 INFO  server.RaftServerConfigKeys (ConfUtils.java:logGet(46)) - raft.server.log.queue.byte-limit = 64MB (=67108864) (default)
2022-10-27 13:03:41,724 INFO  server.RaftServerConfigKeys (ConfUtils.java:logGet(46)) - raft.server.log.queue.element-limit = 4096 (default)
2022-10-27 13:03:41,724 INFO  server.RaftServerConfigKeys (ConfUtils.java:logGet(46)) - raft.server.log.segment.size.max = 8MB (=8388608) (default)
2022-10-27 13:03:41,724 INFO  server.RaftServerConfigKeys (ConfUtils.java:logGet(46)) - raft.server.log.preallocated.size = 4MB (=4194304) (default)
2022-10-27 13:03:41,724 INFO  server.RaftServerConfigKeys (ConfUtils.java:logGet(46)) - raft.server.log.force.sync.num = 128 (default)
2022-10-27 13:03:41,724 INFO  server.RaftServerConfigKeys (ConfUtils.java:logGet(46)) - raft.server.log.statemachine.data.sync = true (default)
2022-10-27 13:03:41,725 INFO  server.RaftServerConfigKeys (ConfUtils.java:logGet(46)) - raft.server.log.statemachine.data.sync.timeout = 10s (default)
2022-10-27 13:03:41,725 INFO  server.RaftServerConfigKeys (ConfUtils.java:logGet(46)) - raft.server.log.statemachine.data.sync.timeout.retry = -1 (default)
2022-10-27 13:03:41,725 INFO  server.RaftServerConfigKeys (ConfUtils.java:logGet(46)) - raft.server.log.write.buffer.size = 64KB (=65536) (default)
2022-10-27 13:03:41,725 INFO  server.RaftServerConfigKeys (ConfUtils.java:logGet(46)) - raft.server.log.appender.buffer.byte-limit = 4MB (=4194304) (default)
2022-10-27 13:03:41,725 INFO  server.RaftServerConfigKeys (ConfUtils.java:logGet(46)) - raft.server.log.unsafe-flush.enabled = false (default)
2022-10-27 13:03:41,725 INFO  server.RaftServerConfigKeys (ConfUtils.java:logGet(46)) - raft.server.log.async-flush.enabled = false (default)
2022-10-27 13:03:41,725 INFO  server.RaftServerConfigKeys (ConfUtils.java:logGet(46)) - raft.server.log.statemachine.data.caching.enabled = false (default)
2022-10-27 13:03:41,725 INFO  segmented.SegmentedRaftLogWorker (SegmentedRaftLogWorker.java:lambda$new$0(134)) - s12@group-59FD50A449C7-SegmentedRaftLogWorker: flushIndex: setUnconditionally 0 -> -1
2022-10-27 13:03:41,725 INFO  segmented.SegmentedRaftLogWorker (SegmentedRaftLogWorker.java:lambda$new$0(134)) - s12@group-59FD50A449C7-SegmentedRaftLogWorker: safeCacheEvictIndex: setUnconditionally 0 -> -1
2022-10-27 13:03:41,730 INFO  server.RaftServer$Division (RaftServerImpl.java:start(344)) - s12@group-59FD50A449C7: start with initializing state, conf=-1: peers:[]|listeners:[], old=null
2022-10-27 13:03:41,730 INFO  server.RaftServer$Division (RaftServerImpl.java:setRole(325)) - s12@group-59FD50A449C7: changes role from      null to FOLLOWER at term 0 for startInitializing
2022-10-27 13:03:41,730 INFO  util.JmxRegister (JmxRegister.java:tryRegister(44)) - Successfully registered JMX Bean with object name Ratis:service=RaftServer,group=group-59FD50A449C7,id=s12
2022-10-27 13:03:41,730 INFO  server.RaftServerConfigKeys (ConfUtils.java:logGet(46)) - raft.server.snapshot.auto.trigger.enabled = false (default)
2022-10-27 13:03:41,730 INFO  server.RaftServerConfigKeys (ConfUtils.java:logGet(46)) - raft.server.snapshot.retention.file.num = -1 (default)
2022-10-27 13:03:41,730 INFO  server.RaftServerConfigKeys (ConfUtils.java:logGet(46)) - raft.server.log.purge.upto.snapshot.index = false (default)
2022-10-27 13:03:41,730 INFO  server.RaftServer (RaftServerProxy.java:startImpl(396)) - s12: start RPC server
2022-10-27 13:03:41,731 INFO  logging.LoggingHandler (AbstractInternalLogger.java:log(148)) - [id: 0xe703ce0f] REGISTERED
2022-10-27 13:03:41,731 INFO  logging.LoggingHandler (AbstractInternalLogger.java:log(148)) - [id: 0xe703ce0f] BIND: 0.0.0.0/0.0.0.0:34935
2022-10-27 13:03:41,733 INFO  logging.LoggingHandler (AbstractInternalLogger.java:log(148)) - [id: 0xe703ce0f] CLOSE
2022-10-27 13:03:41,733 INFO  logging.LoggingHandler (AbstractInternalLogger.java:log(148)) - [id: 0xe703ce0f] UNREGISTERED
]]></system-out>
  </testcase>
</testsuite>