<?xml version="1.0" encoding="UTF-8"?>
<testsuite xmlns:xsi="http://www.w3.org/2001/XMLSchema-instance" xsi:noNamespaceSchemaLocation="https://maven.apache.org/surefire/maven-surefire-plugin/xsd/surefire-test-report-3.0.xsd" version="3.0" name="org.apache.ratis.grpc.TestWatchRequestWithGrpc" time="56.862" tests="5" errors="1" skipped="0" failures="0">
  <properties>
    <property name="awt.toolkit" value="sun.awt.X11.XToolkit"/>
    <property name="file.encoding.pkg" value="sun.io"/>
    <property name="java.specification.version" value="1.8"/>
    <property name="sun.cpu.isalist" value=""/>
    <property name="sun.jnu.encoding" value="UTF-8"/>
    <property name="java.class.path" value="/home/runner/work/ratis/ratis/ratis-test/target/test-classes:/home/runner/work/ratis/ratis/ratis-test/target/classes:/home/runner/work/ratis/ratis/ratis-common/target/classes:/home/runner/.m2/repository/org/apache/ratis/ratis-thirdparty-misc/1.0.5/ratis-thirdparty-misc-1.0.5.jar:/home/runner/work/ratis/ratis/ratis-proto/target/classes:/home/runner/work/ratis/ratis/ratis-common/target/test-classes:/home/runner/work/ratis/ratis/ratis-client/target/classes:/home/runner/work/ratis/ratis/ratis-server/target/classes:/home/runner/work/ratis/ratis/ratis-server-api/target/classes:/home/runner/work/ratis/ratis/ratis-metrics-api/target/classes:/home/runner/work/ratis/ratis/ratis-server/target/test-classes:/home/runner/work/ratis/ratis/ratis-metrics-default/target/classes:/home/runner/work/ratis/ratis/ratis-netty/target/classes:/home/runner/work/ratis/ratis/ratis-netty/target/test-classes:/home/runner/work/ratis/ratis/ratis-grpc/target/classes:/home/runner/work/ratis/ratis/ratis-grpc/target/test-classes:/home/runner/work/ratis/ratis/ratis-shell/target/classes:/home/runner/.m2/repository/commons-cli/commons-cli/1.5.0/commons-cli-1.5.0.jar:/home/runner/.m2/repository/org/reflections/reflections/0.10.2/reflections-0.10.2.jar:/home/runner/.m2/repository/org/javassist/javassist/3.28.0-GA/javassist-3.28.0-GA.jar:/home/runner/.m2/repository/com/google/code/findbugs/jsr305/3.0.2/jsr305-3.0.2.jar:/home/runner/.m2/repository/org/bouncycastle/bcprov-jdk18on/1.76/bcprov-jdk18on-1.76.jar:/home/runner/.m2/repository/org/bouncycastle/bcpkix-jdk18on/1.76/bcpkix-jdk18on-1.76.jar:/home/runner/.m2/repository/org/bouncycastle/bcutil-jdk18on/1.76/bcutil-jdk18on-1.76.jar:/home/runner/.m2/repository/org/slf4j/slf4j-api/2.0.7/slf4j-api-2.0.7.jar:/home/runner/.m2/repository/org/slf4j/slf4j-reload4j/2.0.7/slf4j-reload4j-2.0.7.jar:/home/runner/.m2/repository/ch/qos/reload4j/reload4j/1.2.22/reload4j-1.2.22.jar:/home/runner/.m2/repository/junit/junit/4.13.2/junit-4.13.2.jar:/home/runner/.m2/repository/org/hamcrest/hamcrest-core/1.3/hamcrest-core-1.3.jar:/home/runner/.m2/repository/org/junit/jupiter/junit-jupiter-api/5.10.1/junit-jupiter-api-5.10.1.jar:/home/runner/.m2/repository/org/opentest4j/opentest4j/1.3.0/opentest4j-1.3.0.jar:/home/runner/.m2/repository/org/junit/platform/junit-platform-commons/1.10.1/junit-platform-commons-1.10.1.jar:/home/runner/.m2/repository/org/apiguardian/apiguardian-api/1.1.2/apiguardian-api-1.1.2.jar:/home/runner/.m2/repository/org/mockito/mockito-core/4.3.1/mockito-core-4.3.1.jar:/home/runner/.m2/repository/net/bytebuddy/byte-buddy/1.12.7/byte-buddy-1.12.7.jar:/home/runner/.m2/repository/net/bytebuddy/byte-buddy-agent/1.12.7/byte-buddy-agent-1.12.7.jar:/home/runner/.m2/repository/org/objenesis/objenesis/3.2/objenesis-3.2.jar:"/>
    <property name="java.vm.vendor" value="Temurin"/>
    <property name="sun.arch.data.model" value="64"/>
    <property name="java.vendor.url" value="https://adoptium.net/"/>
    <property name="user.timezone" value="Etc/UTC"/>
    <property name="java.vm.specification.version" value="1.8"/>
    <property name="os.name" value="Linux"/>
    <property name="sun.java.launcher" value="SUN_STANDARD"/>
    <property name="sun.boot.library.path" value="/usr/lib/jvm/temurin-8-jdk-amd64/jre/lib/amd64"/>
    <property name="sun.java.command" value="/home/runner/work/ratis/ratis/ratis-test/target/surefire/surefirebooter-20240125074259642_304.jar /home/runner/work/ratis/ratis/ratis-test/target/surefire 2024-01-25T07-42-31_624-jvmRun1 surefire-20240125074259642_302tmp surefire_36-20240125074259642_303tmp"/>
    <property name="surefire.test.class.path" value="/home/runner/work/ratis/ratis/ratis-test/target/test-classes:/home/runner/work/ratis/ratis/ratis-test/target/classes:/home/runner/work/ratis/ratis/ratis-common/target/classes:/home/runner/.m2/repository/org/apache/ratis/ratis-thirdparty-misc/1.0.5/ratis-thirdparty-misc-1.0.5.jar:/home/runner/work/ratis/ratis/ratis-proto/target/classes:/home/runner/work/ratis/ratis/ratis-common/target/test-classes:/home/runner/work/ratis/ratis/ratis-client/target/classes:/home/runner/work/ratis/ratis/ratis-server/target/classes:/home/runner/work/ratis/ratis/ratis-server-api/target/classes:/home/runner/work/ratis/ratis/ratis-metrics-api/target/classes:/home/runner/work/ratis/ratis/ratis-server/target/test-classes:/home/runner/work/ratis/ratis/ratis-metrics-default/target/classes:/home/runner/work/ratis/ratis/ratis-netty/target/classes:/home/runner/work/ratis/ratis/ratis-netty/target/test-classes:/home/runner/work/ratis/ratis/ratis-grpc/target/classes:/home/runner/work/ratis/ratis/ratis-grpc/target/test-classes:/home/runner/work/ratis/ratis/ratis-shell/target/classes:/home/runner/.m2/repository/commons-cli/commons-cli/1.5.0/commons-cli-1.5.0.jar:/home/runner/.m2/repository/org/reflections/reflections/0.10.2/reflections-0.10.2.jar:/home/runner/.m2/repository/org/javassist/javassist/3.28.0-GA/javassist-3.28.0-GA.jar:/home/runner/.m2/repository/com/google/code/findbugs/jsr305/3.0.2/jsr305-3.0.2.jar:/home/runner/.m2/repository/org/bouncycastle/bcprov-jdk18on/1.76/bcprov-jdk18on-1.76.jar:/home/runner/.m2/repository/org/bouncycastle/bcpkix-jdk18on/1.76/bcpkix-jdk18on-1.76.jar:/home/runner/.m2/repository/org/bouncycastle/bcutil-jdk18on/1.76/bcutil-jdk18on-1.76.jar:/home/runner/.m2/repository/org/slf4j/slf4j-api/2.0.7/slf4j-api-2.0.7.jar:/home/runner/.m2/repository/org/slf4j/slf4j-reload4j/2.0.7/slf4j-reload4j-2.0.7.jar:/home/runner/.m2/repository/ch/qos/reload4j/reload4j/1.2.22/reload4j-1.2.22.jar:/home/runner/.m2/repository/junit/junit/4.13.2/junit-4.13.2.jar:/home/runner/.m2/repository/org/hamcrest/hamcrest-core/1.3/hamcrest-core-1.3.jar:/home/runner/.m2/repository/org/junit/jupiter/junit-jupiter-api/5.10.1/junit-jupiter-api-5.10.1.jar:/home/runner/.m2/repository/org/opentest4j/opentest4j/1.3.0/opentest4j-1.3.0.jar:/home/runner/.m2/repository/org/junit/platform/junit-platform-commons/1.10.1/junit-platform-commons-1.10.1.jar:/home/runner/.m2/repository/org/apiguardian/apiguardian-api/1.1.2/apiguardian-api-1.1.2.jar:/home/runner/.m2/repository/org/mockito/mockito-core/4.3.1/mockito-core-4.3.1.jar:/home/runner/.m2/repository/net/bytebuddy/byte-buddy/1.12.7/byte-buddy-1.12.7.jar:/home/runner/.m2/repository/net/bytebuddy/byte-buddy-agent/1.12.7/byte-buddy-agent-1.12.7.jar:/home/runner/.m2/repository/org/objenesis/objenesis/3.2/objenesis-3.2.jar:"/>
    <property name="sun.cpu.endian" value="little"/>
    <property name="user.home" value="/home/runner"/>
    <property name="user.language" value="en"/>
    <property name="java.specification.vendor" value="Oracle Corporation"/>
    <property name="java.home" value="/usr/lib/jvm/temurin-8-jdk-amd64/jre"/>
    <property name="basedir" value="/home/runner/work/ratis/ratis/ratis-test"/>
    <property name="file.separator" value="/"/>
    <property name="line.separator" value="&#10;"/>
    <property name="java.vm.specification.vendor" value="Oracle Corporation"/>
    <property name="java.specification.name" value="Java Platform API Specification"/>
    <property name="java.awt.graphicsenv" value="sun.awt.X11GraphicsEnvironment"/>
    <property name="surefire.real.class.path" value="/home/runner/work/ratis/ratis/ratis-test/target/surefire/surefirebooter-20240125074259642_304.jar:/home/runner/.m2/repository/org/jacoco/org.jacoco.agent/0.8.11/org.jacoco.agent-0.8.11-runtime.jar"/>
    <property name="sun.boot.class.path" value="/usr/lib/jvm/temurin-8-jdk-amd64/jre/lib/resources.jar:/usr/lib/jvm/temurin-8-jdk-amd64/jre/lib/rt.jar:/usr/lib/jvm/temurin-8-jdk-amd64/jre/lib/sunrsasign.jar:/usr/lib/jvm/temurin-8-jdk-amd64/jre/lib/jsse.jar:/usr/lib/jvm/temurin-8-jdk-amd64/jre/lib/jce.jar:/usr/lib/jvm/temurin-8-jdk-amd64/jre/lib/charsets.jar:/usr/lib/jvm/temurin-8-jdk-amd64/jre/lib/jfr.jar:/usr/lib/jvm/temurin-8-jdk-amd64/jre/classes"/>
    <property name="sun.management.compiler" value="HotSpot 64-Bit Tiered Compilers"/>
    <property name="java.runtime.version" value="1.8.0_392-b08"/>
    <property name="java.net.preferIPv4Stack" value="true"/>
    <property name="user.name" value="runner"/>
    <property name="path.separator" value=":"/>
    <property name="os.version" value="5.15.0-1053-azure"/>
    <property name="java.endorsed.dirs" value="/usr/lib/jvm/temurin-8-jdk-amd64/jre/lib/endorsed"/>
    <property name="java.runtime.name" value="OpenJDK Runtime Environment"/>
    <property name="file.encoding" value="UTF-8"/>
    <property name="java.vm.name" value="OpenJDK 64-Bit Server VM"/>
    <property name="localRepository" value="/home/runner/.m2/repository"/>
    <property name="java.vendor.url.bug" value="https://github.com/adoptium/adoptium-support/issues"/>
    <property name="java.io.tmpdir" value="/tmp"/>
    <property name="java.version" value="1.8.0_392"/>
    <property name="user.dir" value="/home/runner/work/ratis/ratis/ratis-test"/>
    <property name="os.arch" value="amd64"/>
    <property name="ratis.tmp.dir" value="/home/runner/work/ratis/ratis/ratis-test/target/tmp"/>
    <property name="java.vm.specification.name" value="Java Virtual Machine Specification"/>
    <property name="java.awt.printerjob" value="sun.print.PSPrinterJob"/>
    <property name="ratis.log.dir" value="/home/runner/work/ratis/ratis/ratis-test/target/log"/>
    <property name="sun.os.patch.level" value="unknown"/>
    <property name="org.apache.ratis.thirdparty.io.netty.allocator.useCacheForAllThreads" value="false"/>
    <property name="java.library.path" value="/usr/java/packages/lib/amd64:/usr/lib64:/lib64:/lib:/usr/lib"/>
    <property name="java.vm.info" value="mixed mode"/>
    <property name="java.vendor" value="Temurin"/>
    <property name="java.vm.version" value="25.392-b08"/>
    <property name="java.specification.maintenance.version" value="5"/>
    <property name="java.ext.dirs" value="/usr/lib/jvm/temurin-8-jdk-amd64/jre/lib/ext:/usr/java/packages/lib/ext"/>
    <property name="sun.io.unicode.encoding" value="UnicodeLittle"/>
    <property name="java.class.version" value="52.0"/>
  </properties>
  <testcase name="testWatchRequestAsyncChangeLeader" classname="org.apache.ratis.grpc.TestWatchRequestWithGrpc" time="35.158">
    <error type="java.util.concurrent.TimeoutException"><![CDATA[java.util.concurrent.TimeoutException
	at java.util.concurrent.CompletableFuture.timedGet(CompletableFuture.java:1784)
	at java.util.concurrent.CompletableFuture.get(CompletableFuture.java:1928)
	at org.apache.ratis.WatchRequestTests.checkMajority(WatchRequestTests.java:274)
	at org.apache.ratis.WatchRequestTests.runTestWatchRequestAsyncChangeLeader(WatchRequestTests.java:360)
	at org.apache.ratis.WatchRequestTests.runTest(WatchRequestTests.java:153)
	at org.apache.ratis.WatchRequestTests.lambda$testWatchRequestAsyncChangeLeader$6(WatchRequestTests.java:337)
	at org.apache.ratis.server.impl.MiniRaftCluster$Factory$Get.runWithNewCluster(MiniRaftCluster.java:140)
	at org.apache.ratis.server.impl.MiniRaftCluster$Factory$Get.runWithNewCluster(MiniRaftCluster.java:120)
	at org.apache.ratis.WatchRequestTests.testWatchRequestAsyncChangeLeader(WatchRequestTests.java:336)
	at java.lang.reflect.Method.invoke(Method.java:498)
	at java.util.concurrent.FutureTask.run(FutureTask.java:266)
	at java.lang.Thread.run(Thread.java:750)
]]></error>
    <system-out><![CDATA[2024-01-25 07:57:31,377 [main] INFO  util.LogUtils (Slf4jUtils.java:setLogLevel(38)) - Successfully set org.apache.ratis.conf.ConfUtils log level to WARN
2024-01-25 07:57:31,382 [main] INFO  util.LogUtils (Slf4jUtils.java:setLogLevel(38)) - Successfully set org.apache.ratis.util.FileUtils log level to TRACE
2024-01-25 07:57:31,492 [main] INFO  util.LogUtils (Slf4jUtils.java:setLogLevel(38)) - Successfully set org.apache.ratis.server.impl.WatchRequests log level to DEBUG
2024-01-25 07:57:31,492 [main] INFO  util.LogUtils (Slf4jUtils.java:setLogLevel(38)) - Successfully set org.apache.ratis.server.RaftServer$Division log level to DEBUG
2024-01-25 07:57:31,497 [main] INFO  util.LogUtils (Slf4jUtils.java:setLogLevel(38)) - Successfully set org.apache.ratis.grpc.client.GrpcClientRpc log level to TRACE
2024-01-25 07:57:31,501 [main] INFO  util.LogUtils (Slf4jUtils.java:setLogLevel(38)) - Successfully set org.apache.ratis.client.impl.UnorderedAsync log level to TRACE
2024-01-25 07:57:31,502 [main] INFO  util.LogUtils (Slf4jUtils.java:setLogLevel(38)) - Successfully set org.apache.ratis.client.RaftClient log level to TRACE
2024-01-25 07:57:31,522 [Time-limited test] INFO  impl.MiniRaftCluster (MiniRaftCluster.java:runWithNewCluster(134)) - Running runWithNewCluster
2024-01-25 07:57:31,563 [Time-limited test] INFO  impl.MiniRaftCluster (MiniRaftCluster.java:<init>(305)) - new MiniRaftClusterWithGrpc with group-796A68A19D2E:[s0|localhost:15000, s1|localhost:15004, s2|localhost:15008]
2024-01-25 07:57:31,564 [Time-limited test] INFO  impl.MiniRaftCluster (MiniRaftCluster.java:start(338)) - .............................................................. 
2024-01-25 07:57:31,564 [Time-limited test] INFO  impl.MiniRaftCluster (MiniRaftCluster.java:start(339)) - ... 
2024-01-25 07:57:31,564 [Time-limited test] INFO  impl.MiniRaftCluster (MiniRaftCluster.java:start(340)) - ...     Starting MiniRaftClusterWithGrpc
2024-01-25 07:57:31,564 [Time-limited test] INFO  impl.MiniRaftCluster (MiniRaftCluster.java:start(341)) - ... 
2024-01-25 07:57:31,564 [Time-limited test] INFO  impl.MiniRaftCluster (MiniRaftCluster.java:start(342)) - .............................................................. 
2024-01-25 07:57:31,565 [Time-limited test] INFO  impl.MiniRaftCluster (MiniRaftCluster.java:initServers(317)) - servers = {}
2024-01-25 07:57:31,574 [Time-limited test] INFO  impl.MiniRaftCluster (MiniRaftCluster.java:newRaftServer(381)) - newRaftServer: s0, group-796A68A19D2E:[s0|localhost:15000, s1|localhost:15004, s2|localhost:15008], format? true
2024-01-25 07:57:31,575 [Time-limited test] TRACE util.FileUtils (FileUtils.java:deleteFully(305)) - deleteFully target/test/data/d3464635/MiniRaftClusterWithGrpc1ed7d450/s0
2024-01-25 07:57:31,578 [Time-limited test] TRACE util.FileUtils (FileUtils.java:deleteFully(318)) - deleteFully: target/test/data/d3464635/MiniRaftClusterWithGrpc1ed7d450/s0 does not exist.
2024-01-25 07:57:31,578 [Time-limited test] INFO  impl.MiniRaftCluster (MiniRaftCluster.java:newRaftServer(386)) - Formatted directory target/test/data/d3464635/MiniRaftClusterWithGrpc1ed7d450/s0
2024-01-25 07:57:31,616 [Time-limited test] INFO  server.RaftServer (ConfUtils.java:logGet(46)) - raft.rpc.type = GRPC (default)
2024-01-25 07:57:31,763 [Time-limited test] INFO  grpc.GrpcConfigKeys (ConfUtils.java:logFallback(53)) - raft.grpc.admin.host = null (fallback to raft.grpc.server.host)
2024-01-25 07:57:31,764 [Time-limited test] INFO  grpc.GrpcConfigKeys (ConfUtils.java:logGet(46)) - raft.grpc.admin.port = 15001 (custom)
2024-01-25 07:57:31,765 [Time-limited test] INFO  grpc.GrpcConfigKeys (ConfUtils.java:logFallback(53)) - raft.grpc.client.host = null (fallback to raft.grpc.server.host)
2024-01-25 07:57:31,765 [Time-limited test] INFO  grpc.GrpcConfigKeys (ConfUtils.java:logGet(46)) - raft.grpc.client.port = 15002 (custom)
2024-01-25 07:57:31,766 [Time-limited test] INFO  grpc.GrpcConfigKeys (ConfUtils.java:logGet(46)) - raft.grpc.server.host = null (default)
2024-01-25 07:57:31,766 [Time-limited test] INFO  grpc.GrpcConfigKeys (ConfUtils.java:logGet(46)) - raft.grpc.server.port = 15000 (custom)
2024-01-25 07:57:31,767 [Time-limited test] INFO  server.GrpcService (ConfUtils.java:logGet(46)) - raft.grpc.message.size.max = 64MB (=67108864) (default)
2024-01-25 07:57:31,769 [Time-limited test] INFO  server.RaftServerConfigKeys (ConfUtils.java:logGet(46)) - raft.server.log.appender.buffer.byte-limit = 4MB (=4194304) (default)
2024-01-25 07:57:31,770 [Time-limited test] INFO  server.GrpcService (ConfUtils.java:logGet(46)) - raft.grpc.flow.control.window = 1MB (=1048576) (default)
2024-01-25 07:57:31,773 [Time-limited test] INFO  server.RaftServerConfigKeys (ConfUtils.java:logGet(46)) - raft.server.rpc.request.timeout = 3000ms (default)
2024-01-25 07:57:31,796 [Time-limited test] INFO  grpc.GrpcConfigKeys (ConfUtils.java:logGet(46)) - raft.grpc.server.heartbeat.channel = true (default)
2024-01-25 07:57:31,801 [Time-limited test] INFO  grpc.GrpcConfigKeys (ConfUtils.java:logGet(46)) - raft.grpc.server.async.request.thread.pool.cached = true (default)
2024-01-25 07:57:31,801 [Time-limited test] INFO  grpc.GrpcConfigKeys (ConfUtils.java:logGet(46)) - raft.grpc.server.async.request.thread.pool.size = 32 (default)
2024-01-25 07:57:31,809 [Time-limited test] INFO  metrics.MetricRegistries (MetricRegistriesLoader.java:load(64)) - Loaded MetricRegistries class org.apache.ratis.metrics.impl.MetricRegistriesImpl
2024-01-25 07:57:32,290 [Time-limited test] INFO  impl.DataStreamServerImpl (ConfUtils.java:logGet(46)) - raft.datastream.type = DISABLED (default)
2024-01-25 07:57:32,292 [Time-limited test] INFO  server.RaftServerConfigKeys (ConfUtils.java:logGet(46)) - raft.server.sleep.deviation.threshold = 300ms (default)
2024-01-25 07:57:32,292 [Time-limited test] INFO  server.RaftServerConfigKeys (ConfUtils.java:logGet(46)) - raft.server.close.threshold = 60s (default)
2024-01-25 07:57:32,293 [Time-limited test] INFO  server.RaftServerConfigKeys (ConfUtils.java:logGet(46)) - raft.server.leaderelection.leader.step-down.wait-time = 10s (default)
2024-01-25 07:57:32,298 [Time-limited test] INFO  server.RaftServerConfigKeys (ConfUtils.java:logGet(46)) - raft.server.storage.dir = [/home/runner/work/ratis/ratis/ratis-test/target/test/data/d3464635/MiniRaftClusterWithGrpc1ed7d450/s0] (custom)
2024-01-25 07:57:32,299 [Time-limited test] INFO  server.RaftServerConfigKeys (ConfUtils.java:logGet(46)) - raft.server.threadpool.proxy.cached = true (default)
2024-01-25 07:57:32,300 [Time-limited test] INFO  server.RaftServerConfigKeys (ConfUtils.java:logGet(46)) - raft.server.threadpool.proxy.size = 0 (default)
2024-01-25 07:57:32,312 [Time-limited test] INFO  server.RaftServer (RaftServerProxy.java:addNew(101)) - s0: addNew group-796A68A19D2E:[s0|localhost:15000, s1|localhost:15004, s2|localhost:15008] returns group-796A68A19D2E:java.util.concurrent.CompletableFuture@32f09864[Not completed]
2024-01-25 07:57:32,313 [Time-limited test] INFO  impl.MiniRaftCluster (MiniRaftCluster.java:newRaftServer(381)) - newRaftServer: s1, group-796A68A19D2E:[s0|localhost:15000, s1|localhost:15004, s2|localhost:15008], format? true
2024-01-25 07:57:32,313 [Time-limited test] TRACE util.FileUtils (FileUtils.java:deleteFully(305)) - deleteFully target/test/data/d3464635/MiniRaftClusterWithGrpc1ed7d450/s1
2024-01-25 07:57:32,313 [Time-limited test] TRACE util.FileUtils (FileUtils.java:deleteFully(318)) - deleteFully: target/test/data/d3464635/MiniRaftClusterWithGrpc1ed7d450/s1 does not exist.
2024-01-25 07:57:32,314 [Time-limited test] INFO  impl.MiniRaftCluster (MiniRaftCluster.java:newRaftServer(386)) - Formatted directory target/test/data/d3464635/MiniRaftClusterWithGrpc1ed7d450/s1
2024-01-25 07:57:32,315 [Time-limited test] INFO  server.RaftServer (ConfUtils.java:logGet(46)) - raft.rpc.type = GRPC (default)
2024-01-25 07:57:32,315 [Time-limited test] INFO  grpc.GrpcConfigKeys (ConfUtils.java:logFallback(53)) - raft.grpc.admin.host = null (fallback to raft.grpc.server.host)
2024-01-25 07:57:32,316 [Time-limited test] INFO  grpc.GrpcConfigKeys (ConfUtils.java:logGet(46)) - raft.grpc.admin.port = 15005 (custom)
2024-01-25 07:57:32,316 [Time-limited test] INFO  grpc.GrpcConfigKeys (ConfUtils.java:logFallback(53)) - raft.grpc.client.host = null (fallback to raft.grpc.server.host)
2024-01-25 07:57:32,317 [Time-limited test] INFO  grpc.GrpcConfigKeys (ConfUtils.java:logGet(46)) - raft.grpc.client.port = 15006 (custom)
2024-01-25 07:57:32,317 [Time-limited test] INFO  grpc.GrpcConfigKeys (ConfUtils.java:logGet(46)) - raft.grpc.server.host = null (default)
2024-01-25 07:57:32,317 [Time-limited test] INFO  grpc.GrpcConfigKeys (ConfUtils.java:logGet(46)) - raft.grpc.server.port = 15004 (custom)
2024-01-25 07:57:32,318 [Time-limited test] INFO  server.GrpcService (ConfUtils.java:logGet(46)) - raft.grpc.message.size.max = 64MB (=67108864) (default)
2024-01-25 07:57:32,318 [Time-limited test] INFO  server.RaftServerConfigKeys (ConfUtils.java:logGet(46)) - raft.server.log.appender.buffer.byte-limit = 4MB (=4194304) (default)
2024-01-25 07:57:32,318 [Time-limited test] INFO  server.GrpcService (ConfUtils.java:logGet(46)) - raft.grpc.flow.control.window = 1MB (=1048576) (default)
2024-01-25 07:57:32,318 [Time-limited test] INFO  server.RaftServerConfigKeys (ConfUtils.java:logGet(46)) - raft.server.rpc.request.timeout = 3000ms (default)
2024-01-25 07:57:32,319 [Time-limited test] INFO  grpc.GrpcConfigKeys (ConfUtils.java:logGet(46)) - raft.grpc.server.heartbeat.channel = true (default)
2024-01-25 07:57:32,320 [Time-limited test] INFO  grpc.GrpcConfigKeys (ConfUtils.java:logGet(46)) - raft.grpc.server.async.request.thread.pool.cached = true (default)
2024-01-25 07:57:32,321 [Time-limited test] INFO  grpc.GrpcConfigKeys (ConfUtils.java:logGet(46)) - raft.grpc.server.async.request.thread.pool.size = 32 (default)
2024-01-25 07:57:32,325 [Time-limited test] INFO  impl.DataStreamServerImpl (ConfUtils.java:logGet(46)) - raft.datastream.type = DISABLED (default)
2024-01-25 07:57:32,326 [Time-limited test] INFO  server.RaftServerConfigKeys (ConfUtils.java:logGet(46)) - raft.server.sleep.deviation.threshold = 300ms (default)
2024-01-25 07:57:32,326 [Time-limited test] INFO  server.RaftServerConfigKeys (ConfUtils.java:logGet(46)) - raft.server.close.threshold = 60s (default)
2024-01-25 07:57:32,326 [Time-limited test] INFO  server.RaftServerConfigKeys (ConfUtils.java:logGet(46)) - raft.server.leaderelection.leader.step-down.wait-time = 10s (default)
2024-01-25 07:57:32,327 [Time-limited test] INFO  server.RaftServerConfigKeys (ConfUtils.java:logGet(46)) - raft.server.storage.dir = [/home/runner/work/ratis/ratis/ratis-test/target/test/data/d3464635/MiniRaftClusterWithGrpc1ed7d450/s1] (custom)
2024-01-25 07:57:32,327 [Time-limited test] INFO  server.RaftServerConfigKeys (ConfUtils.java:logGet(46)) - raft.server.threadpool.proxy.cached = true (default)
2024-01-25 07:57:32,327 [Time-limited test] INFO  server.RaftServerConfigKeys (ConfUtils.java:logGet(46)) - raft.server.threadpool.proxy.size = 0 (default)
2024-01-25 07:57:32,328 [s0-groupManagement] INFO  server.RaftServerConfigKeys (ConfUtils.java:logGet(46)) - raft.server.log.segment.size.max = 32MB (=33554432) (default)
2024-01-25 07:57:32,328 [Time-limited test] INFO  server.RaftServer (RaftServerProxy.java:addNew(101)) - s1: addNew group-796A68A19D2E:[s0|localhost:15000, s1|localhost:15004, s2|localhost:15008] returns group-796A68A19D2E:java.util.concurrent.CompletableFuture@ef94610[Not completed]
2024-01-25 07:57:32,328 [s0-groupManagement] INFO  server.RaftServerConfigKeys (ConfUtils.java:logGet(46)) - raft.server.log.preallocated.size = 4MB (=4194304) (default)
2024-01-25 07:57:32,329 [Time-limited test] INFO  impl.MiniRaftCluster (MiniRaftCluster.java:newRaftServer(381)) - newRaftServer: s2, group-796A68A19D2E:[s0|localhost:15000, s1|localhost:15004, s2|localhost:15008], format? true
2024-01-25 07:57:32,329 [Time-limited test] TRACE util.FileUtils (FileUtils.java:deleteFully(305)) - deleteFully target/test/data/d3464635/MiniRaftClusterWithGrpc1ed7d450/s2
2024-01-25 07:57:32,329 [s0-groupManagement] INFO  server.RaftServerConfigKeys (ConfUtils.java:logGet(46)) - raft.server.log.write.buffer.size = 8MB (=8388608) (default)
2024-01-25 07:57:32,329 [Time-limited test] TRACE util.FileUtils (FileUtils.java:deleteFully(318)) - deleteFully: target/test/data/d3464635/MiniRaftClusterWithGrpc1ed7d450/s2 does not exist.
2024-01-25 07:57:32,329 [Time-limited test] INFO  impl.MiniRaftCluster (MiniRaftCluster.java:newRaftServer(386)) - Formatted directory target/test/data/d3464635/MiniRaftClusterWithGrpc1ed7d450/s2
2024-01-25 07:57:32,330 [Time-limited test] INFO  server.RaftServer (ConfUtils.java:logGet(46)) - raft.rpc.type = GRPC (default)
2024-01-25 07:57:32,330 [Time-limited test] INFO  grpc.GrpcConfigKeys (ConfUtils.java:logFallback(53)) - raft.grpc.admin.host = null (fallback to raft.grpc.server.host)
2024-01-25 07:57:32,330 [Time-limited test] INFO  grpc.GrpcConfigKeys (ConfUtils.java:logGet(46)) - raft.grpc.admin.port = 15009 (custom)
2024-01-25 07:57:32,331 [Time-limited test] INFO  grpc.GrpcConfigKeys (ConfUtils.java:logFallback(53)) - raft.grpc.client.host = null (fallback to raft.grpc.server.host)
2024-01-25 07:57:32,331 [Time-limited test] INFO  grpc.GrpcConfigKeys (ConfUtils.java:logGet(46)) - raft.grpc.client.port = 15010 (custom)
2024-01-25 07:57:32,331 [Time-limited test] INFO  grpc.GrpcConfigKeys (ConfUtils.java:logGet(46)) - raft.grpc.server.host = null (default)
2024-01-25 07:57:32,331 [Time-limited test] INFO  grpc.GrpcConfigKeys (ConfUtils.java:logGet(46)) - raft.grpc.server.port = 15008 (custom)
2024-01-25 07:57:32,331 [Time-limited test] INFO  server.GrpcService (ConfUtils.java:logGet(46)) - raft.grpc.message.size.max = 64MB (=67108864) (default)
2024-01-25 07:57:32,332 [Time-limited test] INFO  server.RaftServerConfigKeys (ConfUtils.java:logGet(46)) - raft.server.log.appender.buffer.byte-limit = 4MB (=4194304) (default)
2024-01-25 07:57:32,332 [Time-limited test] INFO  server.GrpcService (ConfUtils.java:logGet(46)) - raft.grpc.flow.control.window = 1MB (=1048576) (default)
2024-01-25 07:57:32,332 [Time-limited test] INFO  server.RaftServerConfigKeys (ConfUtils.java:logGet(46)) - raft.server.rpc.request.timeout = 3000ms (default)
2024-01-25 07:57:32,332 [Time-limited test] INFO  grpc.GrpcConfigKeys (ConfUtils.java:logGet(46)) - raft.grpc.server.heartbeat.channel = true (default)
2024-01-25 07:57:32,334 [s1-groupManagement] INFO  server.RaftServerConfigKeys (ConfUtils.java:logGet(46)) - raft.server.log.segment.size.max = 32MB (=33554432) (default)
2024-01-25 07:57:32,334 [s1-groupManagement] INFO  server.RaftServerConfigKeys (ConfUtils.java:logGet(46)) - raft.server.log.preallocated.size = 4MB (=4194304) (default)
2024-01-25 07:57:32,334 [s1-groupManagement] INFO  server.RaftServerConfigKeys (ConfUtils.java:logGet(46)) - raft.server.log.write.buffer.size = 8MB (=8388608) (default)
2024-01-25 07:57:32,335 [Time-limited test] INFO  grpc.GrpcConfigKeys (ConfUtils.java:logGet(46)) - raft.grpc.server.async.request.thread.pool.cached = true (default)
2024-01-25 07:57:32,335 [Time-limited test] INFO  grpc.GrpcConfigKeys (ConfUtils.java:logGet(46)) - raft.grpc.server.async.request.thread.pool.size = 32 (default)
2024-01-25 07:57:32,336 [s0-groupManagement] INFO  server.RaftServer$Division (RaftServerImpl.java:<init>(211)) - s0: new RaftServerImpl for group-796A68A19D2E:[s0|localhost:15000, s1|localhost:15004, s2|localhost:15008] with SimpleStateMachine4Testing:uninitialized
2024-01-25 07:57:32,337 [Time-limited test] INFO  impl.DataStreamServerImpl (ConfUtils.java:logGet(46)) - raft.datastream.type = DISABLED (default)
2024-01-25 07:57:32,337 [Time-limited test] INFO  server.RaftServerConfigKeys (ConfUtils.java:logGet(46)) - raft.server.sleep.deviation.threshold = 300ms (default)
2024-01-25 07:57:32,338 [Time-limited test] INFO  server.RaftServerConfigKeys (ConfUtils.java:logGet(46)) - raft.server.close.threshold = 60s (default)
2024-01-25 07:57:32,338 [s0-groupManagement] INFO  server.RaftServerConfigKeys (ConfUtils.java:logGet(46)) - raft.server.rpc.timeout.min = 150ms (default)
2024-01-25 07:57:32,338 [Time-limited test] INFO  server.RaftServerConfigKeys (ConfUtils.java:logGet(46)) - raft.server.leaderelection.leader.step-down.wait-time = 10s (default)
2024-01-25 07:57:32,338 [s0-groupManagement] INFO  server.RaftServerConfigKeys (ConfUtils.java:logGet(46)) - raft.server.rpc.timeout.max = 300ms (default)
2024-01-25 07:57:32,338 [Time-limited test] INFO  server.RaftServerConfigKeys (ConfUtils.java:logGet(46)) - raft.server.storage.dir = [/home/runner/work/ratis/ratis/ratis-test/target/test/data/d3464635/MiniRaftClusterWithGrpc1ed7d450/s2] (custom)
2024-01-25 07:57:32,339 [Time-limited test] INFO  server.RaftServerConfigKeys (ConfUtils.java:logGet(46)) - raft.server.threadpool.proxy.cached = true (default)
2024-01-25 07:57:32,338 [s1-groupManagement] INFO  server.RaftServer$Division (RaftServerImpl.java:<init>(211)) - s1: new RaftServerImpl for group-796A68A19D2E:[s0|localhost:15000, s1|localhost:15004, s2|localhost:15008] with SimpleStateMachine4Testing:uninitialized
2024-01-25 07:57:32,339 [s1-groupManagement] INFO  server.RaftServerConfigKeys (ConfUtils.java:logGet(46)) - raft.server.rpc.timeout.min = 150ms (default)
2024-01-25 07:57:32,339 [s1-groupManagement] INFO  server.RaftServerConfigKeys (ConfUtils.java:logGet(46)) - raft.server.rpc.timeout.max = 300ms (default)
2024-01-25 07:57:32,339 [s1-groupManagement] INFO  server.RaftServerConfigKeys (ConfUtils.java:logGet(46)) - raft.server.rpc.sleep.time = 25ms (default)
2024-01-25 07:57:32,339 [s1-groupManagement] INFO  server.RaftServerConfigKeys (ConfUtils.java:logGet(46)) - raft.server.rpc.slowness.timeout = 60s (default)
2024-01-25 07:57:32,340 [s1-groupManagement] INFO  server.RaftServerConfigKeys (ConfUtils.java:logGet(46)) - raft.server.leaderelection.leader.step-down.wait-time = 10s (default)
2024-01-25 07:57:32,338 [s0-groupManagement] INFO  server.RaftServerConfigKeys (ConfUtils.java:logGet(46)) - raft.server.rpc.sleep.time = 25ms (default)
2024-01-25 07:57:32,341 [s0-groupManagement] INFO  server.RaftServerConfigKeys (ConfUtils.java:logGet(46)) - raft.server.rpc.slowness.timeout = 60s (default)
2024-01-25 07:57:32,341 [s0-groupManagement] INFO  server.RaftServerConfigKeys (ConfUtils.java:logGet(46)) - raft.server.leaderelection.leader.step-down.wait-time = 10s (default)
2024-01-25 07:57:32,341 [s0-groupManagement] INFO  server.RaftServerConfigKeys (ConfUtils.java:logGet(46)) - raft.server.leaderelection.member.majority-add = false (default)
2024-01-25 07:57:32,341 [s0-groupManagement] INFO  server.RaftServerConfigKeys (ConfUtils.java:logGet(46)) - raft.server.sleep.deviation.threshold = 300ms (default)
2024-01-25 07:57:32,340 [s1-groupManagement] INFO  server.RaftServerConfigKeys (ConfUtils.java:logGet(46)) - raft.server.leaderelection.member.majority-add = false (default)
2024-01-25 07:57:32,342 [s1-groupManagement] INFO  server.RaftServerConfigKeys (ConfUtils.java:logGet(46)) - raft.server.sleep.deviation.threshold = 300ms (default)
2024-01-25 07:57:32,339 [Time-limited test] INFO  server.RaftServerConfigKeys (ConfUtils.java:logGet(46)) - raft.server.threadpool.proxy.size = 0 (default)
2024-01-25 07:57:32,344 [Time-limited test] INFO  server.RaftServer (RaftServerProxy.java:addNew(101)) - s2: addNew group-796A68A19D2E:[s0|localhost:15000, s1|localhost:15004, s2|localhost:15008] returns group-796A68A19D2E:java.util.concurrent.CompletableFuture@2cf2f2f[Not completed]
2024-01-25 07:57:32,349 [s2-groupManagement] INFO  server.RaftServerConfigKeys (ConfUtils.java:logGet(46)) - raft.server.log.segment.size.max = 32MB (=33554432) (default)
2024-01-25 07:57:32,349 [s2-groupManagement] INFO  server.RaftServerConfigKeys (ConfUtils.java:logGet(46)) - raft.server.log.preallocated.size = 4MB (=4194304) (default)
2024-01-25 07:57:32,349 [s2-groupManagement] INFO  server.RaftServerConfigKeys (ConfUtils.java:logGet(46)) - raft.server.log.write.buffer.size = 8MB (=8388608) (default)
2024-01-25 07:57:32,349 [s2-groupManagement] INFO  server.RaftServer$Division (RaftServerImpl.java:<init>(211)) - s2: new RaftServerImpl for group-796A68A19D2E:[s0|localhost:15000, s1|localhost:15004, s2|localhost:15008] with SimpleStateMachine4Testing:uninitialized
2024-01-25 07:57:32,349 [s2-groupManagement] INFO  server.RaftServerConfigKeys (ConfUtils.java:logGet(46)) - raft.server.rpc.timeout.min = 150ms (default)
2024-01-25 07:57:32,350 [s2-groupManagement] INFO  server.RaftServerConfigKeys (ConfUtils.java:logGet(46)) - raft.server.rpc.timeout.max = 300ms (default)
2024-01-25 07:57:32,350 [s2-groupManagement] INFO  server.RaftServerConfigKeys (ConfUtils.java:logGet(46)) - raft.server.rpc.sleep.time = 25ms (default)
2024-01-25 07:57:32,350 [s2-groupManagement] INFO  server.RaftServerConfigKeys (ConfUtils.java:logGet(46)) - raft.server.rpc.slowness.timeout = 60s (default)
2024-01-25 07:57:32,350 [s2-groupManagement] INFO  server.RaftServerConfigKeys (ConfUtils.java:logGet(46)) - raft.server.leaderelection.leader.step-down.wait-time = 10s (default)
2024-01-25 07:57:32,350 [s2-groupManagement] INFO  server.RaftServerConfigKeys (ConfUtils.java:logGet(46)) - raft.server.leaderelection.member.majority-add = false (default)
2024-01-25 07:57:32,350 [s2-groupManagement] INFO  server.RaftServerConfigKeys (ConfUtils.java:logGet(46)) - raft.server.sleep.deviation.threshold = 300ms (default)
2024-01-25 07:57:32,350 [s1-groupManagement] INFO  server.RaftServer$Division (ServerState.java:<init>(113)) - s1@group-796A68A19D2E: ConfigurationManager, init=-1: peers:[s0|localhost:15000, s1|localhost:15004, s2|localhost:15008]|listeners:[], old=null, confs=<EMPTY_MAP>
2024-01-25 07:57:32,350 [s2-groupManagement] INFO  server.RaftServer$Division (ServerState.java:<init>(113)) - s2@group-796A68A19D2E: ConfigurationManager, init=-1: peers:[s0|localhost:15000, s1|localhost:15004, s2|localhost:15008]|listeners:[], old=null, confs=<EMPTY_MAP>
2024-01-25 07:57:32,352 [s0-groupManagement] INFO  server.RaftServer$Division (ServerState.java:<init>(113)) - s0@group-796A68A19D2E: ConfigurationManager, init=-1: peers:[s0|localhost:15000, s1|localhost:15004, s2|localhost:15008]|listeners:[], old=null, confs=<EMPTY_MAP>
2024-01-25 07:57:32,359 [s1-groupManagement] INFO  server.RaftServerConfigKeys (ConfUtils.java:logGet(46)) - raft.server.notification.no-leader.timeout = 60s (default)
2024-01-25 07:57:32,359 [s2-groupManagement] INFO  server.RaftServerConfigKeys (ConfUtils.java:logGet(46)) - raft.server.notification.no-leader.timeout = 60s (default)
2024-01-25 07:57:32,361 [s0-groupManagement] INFO  server.RaftServerConfigKeys (ConfUtils.java:logGet(46)) - raft.server.notification.no-leader.timeout = 60s (default)
2024-01-25 07:57:32,364 [s1-groupManagement] INFO  server.RaftServerConfigKeys (ConfUtils.java:logGet(46)) - raft.server.read.timeout = 10s (default)
2024-01-25 07:57:32,364 [s0-groupManagement] INFO  server.RaftServerConfigKeys (ConfUtils.java:logGet(46)) - raft.server.read.timeout = 10s (default)
2024-01-25 07:57:32,364 [s2-groupManagement] INFO  server.RaftServerConfigKeys (ConfUtils.java:logGet(46)) - raft.server.read.timeout = 10s (default)
2024-01-25 07:57:32,369 [s1-groupManagement] INFO  server.RaftServerConfigKeys (ConfUtils.java:logGet(46)) - raft.server.retrycache.expirytime = 60s (default)
2024-01-25 07:57:32,369 [s2-groupManagement] INFO  server.RaftServerConfigKeys (ConfUtils.java:logGet(46)) - raft.server.retrycache.expirytime = 60s (default)
2024-01-25 07:57:32,369 [s2-groupManagement] INFO  server.RaftServerConfigKeys (ConfUtils.java:logGet(46)) - raft.server.retrycache.statistics.expirytime = 100ms (default)
2024-01-25 07:57:32,369 [s0-groupManagement] INFO  server.RaftServerConfigKeys (ConfUtils.java:logGet(46)) - raft.server.retrycache.expirytime = 60s (default)
2024-01-25 07:57:32,372 [s0-groupManagement] INFO  server.RaftServerConfigKeys (ConfUtils.java:logGet(46)) - raft.server.retrycache.statistics.expirytime = 100ms (default)
2024-01-25 07:57:32,369 [s1-groupManagement] INFO  server.RaftServerConfigKeys (ConfUtils.java:logGet(46)) - raft.server.retrycache.statistics.expirytime = 100ms (default)
2024-01-25 07:57:32,376 [s1-groupManagement] INFO  server.RaftServerConfigKeys (ConfUtils.java:logGet(46)) - raft.server.read.option = DEFAULT (default)
2024-01-25 07:57:32,377 [s1-groupManagement] INFO  server.RaftServerConfigKeys (ConfUtils.java:logGet(46)) - raft.server.read.read-after-write-consistent.write-index-cache.expiry-time = 60s (default)
2024-01-25 07:57:32,381 [s2-groupManagement] INFO  server.RaftServerConfigKeys (ConfUtils.java:logGet(46)) - raft.server.read.option = DEFAULT (default)
2024-01-25 07:57:32,381 [s0-groupManagement] INFO  server.RaftServerConfigKeys (ConfUtils.java:logGet(46)) - raft.server.read.option = DEFAULT (default)
2024-01-25 07:57:32,381 [s2-groupManagement] INFO  server.RaftServerConfigKeys (ConfUtils.java:logGet(46)) - raft.server.read.read-after-write-consistent.write-index-cache.expiry-time = 60s (default)
2024-01-25 07:57:32,381 [s0-groupManagement] INFO  server.RaftServerConfigKeys (ConfUtils.java:logGet(46)) - raft.server.read.read-after-write-consistent.write-index-cache.expiry-time = 60s (default)
2024-01-25 07:57:32,412 [s0-groupManagement] INFO  server.RaftServerConfigKeys (ConfUtils.java:logGet(46)) - raft.server.rpc.request.timeout = 3000ms (default)
2024-01-25 07:57:32,414 [s1-groupManagement] INFO  server.RaftServerConfigKeys (ConfUtils.java:logGet(46)) - raft.server.rpc.request.timeout = 3000ms (default)
2024-01-25 07:57:32,414 [s2-groupManagement] INFO  server.RaftServerConfigKeys (ConfUtils.java:logGet(46)) - raft.server.rpc.request.timeout = 3000ms (default)
2024-01-25 07:57:32,417 [s1-groupManagement] INFO  server.RaftServerConfigKeys (ConfUtils.java:logGet(46)) - raft.server.log.appender.install.snapshot.enabled = true (default)
2024-01-25 07:57:32,417 [s1-groupManagement] INFO  server.RaftServerConfigKeys (ConfUtils.java:logGet(46)) - raft.server.threadpool.server.cached = true (default)
2024-01-25 07:57:32,418 [s1-groupManagement] INFO  server.RaftServerConfigKeys (ConfUtils.java:logGet(46)) - raft.server.threadpool.server.size = 0 (default)
2024-01-25 07:57:32,418 [s2-groupManagement] INFO  server.RaftServerConfigKeys (ConfUtils.java:logGet(46)) - raft.server.log.appender.install.snapshot.enabled = true (default)
2024-01-25 07:57:32,418 [s2-groupManagement] INFO  server.RaftServerConfigKeys (ConfUtils.java:logGet(46)) - raft.server.threadpool.server.cached = true (default)
2024-01-25 07:57:32,418 [s1-groupManagement] INFO  server.RaftServerConfigKeys (ConfUtils.java:logGet(46)) - raft.server.threadpool.client.cached = true (default)
2024-01-25 07:57:32,418 [s2-groupManagement] INFO  server.RaftServerConfigKeys (ConfUtils.java:logGet(46)) - raft.server.threadpool.server.size = 0 (default)
2024-01-25 07:57:32,418 [s2-groupManagement] INFO  server.RaftServerConfigKeys (ConfUtils.java:logGet(46)) - raft.server.threadpool.client.cached = true (default)
2024-01-25 07:57:32,418 [s1-groupManagement] INFO  server.RaftServerConfigKeys (ConfUtils.java:logGet(46)) - raft.server.threadpool.client.size = 0 (default)
2024-01-25 07:57:32,418 [s2-groupManagement] INFO  server.RaftServerConfigKeys (ConfUtils.java:logGet(46)) - raft.server.threadpool.client.size = 0 (default)
2024-01-25 07:57:32,419 [s0-groupManagement] INFO  server.RaftServerConfigKeys (ConfUtils.java:logGet(46)) - raft.server.log.appender.install.snapshot.enabled = true (default)
2024-01-25 07:57:32,419 [s0-groupManagement] INFO  server.RaftServerConfigKeys (ConfUtils.java:logGet(46)) - raft.server.threadpool.server.cached = true (default)
2024-01-25 07:57:32,419 [s0-groupManagement] INFO  server.RaftServerConfigKeys (ConfUtils.java:logGet(46)) - raft.server.threadpool.server.size = 0 (default)
2024-01-25 07:57:32,419 [s0-groupManagement] INFO  server.RaftServerConfigKeys (ConfUtils.java:logGet(46)) - raft.server.threadpool.client.cached = true (default)
2024-01-25 07:57:32,419 [s0-groupManagement] INFO  server.RaftServerConfigKeys (ConfUtils.java:logGet(46)) - raft.server.threadpool.client.size = 0 (default)
2024-01-25 07:57:32,421 [s0-impl-thread1] INFO  server.RaftServerConfigKeys (ConfUtils.java:logGet(46)) - raft.server.storage.free-space.min = 0MB (=0) (default)
2024-01-25 07:57:32,421 [s0-impl-thread1] INFO  server.RaftServerConfigKeys (ConfUtils.java:logGet(46)) - raft.server.log.corruption.policy = EXCEPTION (default)
2024-01-25 07:57:32,422 [s0-impl-thread1] INFO  server.RaftServerConfigKeys (ConfUtils.java:logGet(46)) - raft.server.storage.dir = [/home/runner/work/ratis/ratis/ratis-test/target/test/data/d3464635/MiniRaftClusterWithGrpc1ed7d450/s0] (custom)
2024-01-25 07:57:32,427 [s0-impl-thread1] INFO  storage.RaftStorageDirectory (RaftStorageDirectoryImpl.java:analyzeStorage(138)) - The storage directory /home/runner/work/ratis/ratis/ratis-test/target/test/data/d3464635/MiniRaftClusterWithGrpc1ed7d450/s0/6ac8c789-bb5d-44a1-a5d6-796a68a19d2e does not exist. Creating ...
2024-01-25 07:57:32,428 [s0-impl-thread1] TRACE util.FileUtils (LogUtils.java:runAndLog(49)) - Successfully ran Files.createDirectories /home/runner/work/ratis/ratis/ratis-test/target/test/data/d3464635/MiniRaftClusterWithGrpc1ed7d450/s0/6ac8c789-bb5d-44a1-a5d6-796a68a19d2e
2024-01-25 07:57:32,430 [s0-impl-thread1] INFO  storage.RaftStorageDirectory (RaftStorageDirectoryImpl.java:tryLock(228)) - Lock on /home/runner/work/ratis/ratis/ratis-test/target/test/data/d3464635/MiniRaftClusterWithGrpc1ed7d450/s0/6ac8c789-bb5d-44a1-a5d6-796a68a19d2e/in_use.lock acquired by nodename 21818@fv-az1458-491
2024-01-25 07:57:32,431 [s0-impl-thread1] TRACE util.FileUtils (LogUtils.java:runAndLog(49)) - Successfully ran Files.createDirectories /home/runner/work/ratis/ratis/ratis-test/target/test/data/d3464635/MiniRaftClusterWithGrpc1ed7d450/s0/6ac8c789-bb5d-44a1-a5d6-796a68a19d2e/current
2024-01-25 07:57:32,431 [s0-impl-thread1] TRACE util.FileUtils (LogUtils.java:runAndLog(49)) - Successfully ran Files.createDirectories /home/runner/work/ratis/ratis/ratis-test/target/test/data/d3464635/MiniRaftClusterWithGrpc1ed7d450/s0/6ac8c789-bb5d-44a1-a5d6-796a68a19d2e/sm
2024-01-25 07:57:32,436 [s0-impl-thread1] TRACE util.FileUtils (LogUtils.java:supplyAndLog(69)) - Successfully supplied FileChannel.open /home/runner/work/ratis/ratis/ratis-test/target/test/data/d3464635/MiniRaftClusterWithGrpc1ed7d450/s0/6ac8c789-bb5d-44a1-a5d6-796a68a19d2e/current/raft-meta.tmp with options [CREATE, WRITE]: sun.nio.ch.FileChannelImpl@1ca9363
2024-01-25 07:57:32,442 [s0-impl-thread1] TRACE util.FileUtils (LogUtils.java:runAndLog(49)) - Successfully ran Atomic Files.move /home/runner/work/ratis/ratis/ratis-test/target/test/data/d3464635/MiniRaftClusterWithGrpc1ed7d450/s0/6ac8c789-bb5d-44a1-a5d6-796a68a19d2e/current/raft-meta.tmp to /home/runner/work/ratis/ratis/ratis-test/target/test/data/d3464635/MiniRaftClusterWithGrpc1ed7d450/s0/6ac8c789-bb5d-44a1-a5d6-796a68a19d2e/current/raft-meta with options [REPLACE_EXISTING]
2024-01-25 07:57:32,442 [s0-impl-thread1] INFO  storage.RaftStorage (RaftStorageImpl.java:format(99)) - Storage directory /home/runner/work/ratis/ratis/ratis-test/target/test/data/d3464635/MiniRaftClusterWithGrpc1ed7d450/s0/6ac8c789-bb5d-44a1-a5d6-796a68a19d2e has been successfully formatted.
2024-01-25 07:57:32,443 [s0-impl-thread1] TRACE util.FileUtils (LogUtils.java:supplyAndLog(61)) - Failed to Files.newInputStream /home/runner/work/ratis/ratis/ratis-test/target/test/data/d3464635/MiniRaftClusterWithGrpc1ed7d450/s0/6ac8c789-bb5d-44a1-a5d6-796a68a19d2e/current/raft-meta.conf with options []
java.nio.file.NoSuchFileException: /home/runner/work/ratis/ratis/ratis-test/target/test/data/d3464635/MiniRaftClusterWithGrpc1ed7d450/s0/6ac8c789-bb5d-44a1-a5d6-796a68a19d2e/current/raft-meta.conf
	at sun.nio.fs.UnixException.translateToIOException(UnixException.java:86)
	at sun.nio.fs.UnixException.rethrowAsIOException(UnixException.java:102)
	at sun.nio.fs.UnixException.rethrowAsIOException(UnixException.java:107)
	at sun.nio.fs.UnixFileSystemProvider.newByteChannel(UnixFileSystemProvider.java:214)
	at java.nio.file.Files.newByteChannel(Files.java:361)
	at java.nio.file.Files.newByteChannel(Files.java:407)
	at java.nio.file.spi.FileSystemProvider.newInputStream(FileSystemProvider.java:384)
	at java.nio.file.Files.newInputStream(Files.java:152)
	at org.apache.ratis.util.FileUtils.lambda$newInputStream$2(FileUtils.java:73)
	at org.apache.ratis.util.LogUtils.supplyAndLog(LogUtils.java:58)
	at org.apache.ratis.util.FileUtils.newInputStream(FileUtils.java:72)
	at org.apache.ratis.util.FileUtils.newInputStream(FileUtils.java:68)
	at org.apache.ratis.server.storage.RaftStorageImpl.readRaftConfiguration(RaftStorageImpl.java:156)
	at org.apache.ratis.server.impl.ServerState.initialize(ServerState.java:141)
	at org.apache.ratis.server.impl.RaftServerImpl.start(RaftServerImpl.java:342)
	at org.apache.ratis.util.ConcurrentUtils.accept(ConcurrentUtils.java:203)
	at org.apache.ratis.util.ConcurrentUtils.lambda$null$4(ConcurrentUtils.java:182)
	at java.util.concurrent.ThreadPoolExecutor.runWorker(ThreadPoolExecutor.java:1149)
	at java.util.concurrent.ThreadPoolExecutor$Worker.run(ThreadPoolExecutor.java:624)
	at java.lang.Thread.run(Thread.java:750)
2024-01-25 07:57:32,447 [s0-impl-thread1] INFO  impl.SimpleStateMachine4Testing (SimpleStateMachine4Testing.java:initialize(213)) - Initializing SimpleStateMachine4Testing:uninitialized
2024-01-25 07:57:32,449 [s0-impl-thread1] INFO  impl.SimpleStateMachine4Testing (SimpleStateMachine4Testing.java:loadSnapshot(296)) - Loading snapshot null
2024-01-25 07:57:32,452 [s0-impl-thread1] INFO  server.RaftServerConfigKeys (ConfUtils.java:logGet(46)) - raft.server.log.use.memory = false (default)
2024-01-25 07:57:32,465 [s0-impl-thread1] INFO  server.RaftServerConfigKeys (ConfUtils.java:logGet(46)) - raft.server.log.purge.gap = 1024 (default)
2024-01-25 07:57:32,465 [s0-impl-thread1] INFO  server.RaftServerConfigKeys (ConfUtils.java:logGet(46)) - raft.server.log.appender.buffer.byte-limit = 4MB (=4194304) (default)
2024-01-25 07:57:32,467 [s0-impl-thread1] INFO  server.RaftServerConfigKeys (ConfUtils.java:logGet(46)) - raft.server.log.statemachine.data.read.timeout = 1000ms (default)
2024-01-25 07:57:32,468 [s0-impl-thread1] INFO  server.RaftServerConfigKeys (ConfUtils.java:logGet(46)) - raft.server.log.purge.preservation.log.num = 0 (default)
2024-01-25 07:57:32,471 [s0-impl-thread1] INFO  server.RaftServerConfigKeys (ConfUtils.java:logGet(46)) - raft.server.log.segment.size.max = 32MB (=33554432) (default)
2024-01-25 07:57:32,479 [s0-impl-thread1] INFO  server.RaftServerConfigKeys (ConfUtils.java:logGet(46)) - raft.server.log.segment.cache.num.max = 6 (default)
2024-01-25 07:57:32,480 [s0-impl-thread1] INFO  server.RaftServerConfigKeys (ConfUtils.java:logGet(46)) - raft.server.log.segment.cache.size.max = 200MB (=209715200) (default)
2024-01-25 07:57:32,480 [s0-impl-thread1] INFO  server.RaftServerConfigKeys (ConfUtils.java:logGet(46)) - raft.server.log.appender.buffer.byte-limit = 4MB (=4194304) (default)
2024-01-25 07:57:32,482 [s0-impl-thread1] INFO  util.AwaitToRun (AwaitToRun.java:start(81)) - Thread[s0@group-796A68A19D2E-cacheEviction-AwaitToRun,5,main] started
2024-01-25 07:57:32,488 [s0-impl-thread1] INFO  segmented.SegmentedRaftLogWorker (SegmentedRaftLogWorker.java:<init>(182)) - new s0@group-796A68A19D2E-SegmentedRaftLogWorker for RaftStorageImpl:Storage Directory /home/runner/work/ratis/ratis/ratis-test/target/test/data/d3464635/MiniRaftClusterWithGrpc1ed7d450/s0/6ac8c789-bb5d-44a1-a5d6-796a68a19d2e
2024-01-25 07:57:32,489 [s0-impl-thread1] INFO  server.RaftServerConfigKeys (ConfUtils.java:logGet(46)) - raft.server.log.queue.byte-limit = 64MB (=67108864) (default)
2024-01-25 07:57:32,489 [s0-impl-thread1] INFO  server.RaftServerConfigKeys (ConfUtils.java:logGet(46)) - raft.server.log.queue.element-limit = 4096 (default)
2024-01-25 07:57:32,492 [s0-impl-thread1] INFO  server.RaftServerConfigKeys (ConfUtils.java:logGet(46)) - raft.server.log.segment.size.max = 32MB (=33554432) (default)
2024-01-25 07:57:32,492 [s0-impl-thread1] INFO  server.RaftServerConfigKeys (ConfUtils.java:logGet(46)) - raft.server.log.preallocated.size = 4MB (=4194304) (default)
2024-01-25 07:57:32,492 [s0-impl-thread1] INFO  server.RaftServerConfigKeys (ConfUtils.java:logGet(46)) - raft.server.log.force.sync.num = 128 (default)
2024-01-25 07:57:32,493 [s0-impl-thread1] INFO  server.RaftServerConfigKeys (ConfUtils.java:logGet(46)) - raft.server.log.statemachine.data.sync = true (default)
2024-01-25 07:57:32,493 [s0-impl-thread1] INFO  server.RaftServerConfigKeys (ConfUtils.java:logGet(46)) - raft.server.log.statemachine.data.sync.timeout = 10s (default)
2024-01-25 07:57:32,494 [s0-impl-thread1] INFO  server.RaftServerConfigKeys (ConfUtils.java:logGet(46)) - raft.server.log.statemachine.data.sync.timeout.retry = -1 (default)
2024-01-25 07:57:32,496 [s0-impl-thread1] INFO  server.RaftServerConfigKeys (ConfUtils.java:logGet(46)) - raft.server.log.write.buffer.size = 8MB (=8388608) (default)
2024-01-25 07:57:32,498 [s0-impl-thread1] INFO  server.RaftServerConfigKeys (ConfUtils.java:logGet(46)) - raft.server.log.appender.buffer.byte-limit = 4MB (=4194304) (default)
2024-01-25 07:57:32,498 [s0-impl-thread1] INFO  server.RaftServerConfigKeys (ConfUtils.java:logGet(46)) - raft.server.log.unsafe-flush.enabled = false (default)
2024-01-25 07:57:32,499 [s0-impl-thread1] INFO  server.RaftServerConfigKeys (ConfUtils.java:logGet(46)) - raft.server.log.async-flush.enabled = false (default)
2024-01-25 07:57:32,499 [s0-impl-thread1] INFO  server.RaftServerConfigKeys (ConfUtils.java:logGet(46)) - raft.server.log.statemachine.data.caching.enabled = false (default)
2024-01-25 07:57:32,507 [s0-impl-thread1] INFO  segmented.SegmentedRaftLogWorker (SegmentedRaftLogWorker.java:lambda$new$0(134)) - s0@group-796A68A19D2E-SegmentedRaftLogWorker: flushIndex: setUnconditionally 0 -> -1
2024-01-25 07:57:32,507 [s0-impl-thread1] INFO  segmented.SegmentedRaftLogWorker (SegmentedRaftLogWorker.java:lambda$new$0(134)) - s0@group-796A68A19D2E-SegmentedRaftLogWorker: safeCacheEvictIndex: setUnconditionally 0 -> -1
2024-01-25 07:57:32,509 [s0-impl-thread1] INFO  server.RaftServer$Division (RaftServerImpl.java:start(346)) - s0@group-796A68A19D2E: start as a follower, conf=-1: peers:[s0|localhost:15000, s1|localhost:15004, s2|localhost:15008]|listeners:[], old=null
2024-01-25 07:57:32,509 [s0-impl-thread1] INFO  server.RaftServer$Division (RaftServerImpl.java:setRole(333)) - s0@group-796A68A19D2E: changes role from      null to FOLLOWER at term 0 for startAsFollower
2024-01-25 07:57:32,511 [s0-impl-thread1] INFO  impl.RoleInfo (RoleInfo.java:updateAndGet(140)) - s0: start s0@group-796A68A19D2E-FollowerState
2024-01-25 07:57:32,511 [s0@group-796A68A19D2E-FollowerState] INFO  server.RaftServerConfigKeys (ConfUtils.java:logFallback(53)) - raft.server.rpc.first-election.timeout.min = 150ms (fallback to raft.server.rpc.timeout.min)
2024-01-25 07:57:32,511 [s0@group-796A68A19D2E-FollowerState] INFO  server.RaftServerConfigKeys (ConfUtils.java:logFallback(53)) - raft.server.rpc.first-election.timeout.max = 300ms (fallback to raft.server.rpc.timeout.max)
2024-01-25 07:57:32,512 [s0-impl-thread1] INFO  util.JmxRegister (JmxRegister.java:tryRegister(44)) - Successfully registered JMX Bean with object name Ratis:service=RaftServer,group=group-796A68A19D2E,id=s0
2024-01-25 07:57:32,512 [s0-impl-thread1] INFO  util.JmxRegister (JmxRegister.java:register(58)) - register mxBean class org.apache.ratis.server.impl.RaftServerJmxAdapter as Ratis:service=RaftServer,group=group-796A68A19D2E,id=s0
2024-01-25 07:57:32,514 [s0-impl-thread1] INFO  server.RaftServerConfigKeys (ConfUtils.java:logGet(46)) - raft.server.snapshot.trigger-when-stop.enabled = true (default)
2024-01-25 07:57:32,515 [s0-impl-thread1] INFO  server.RaftServerConfigKeys (ConfUtils.java:logGet(46)) - raft.server.snapshot.auto.trigger.enabled = false (default)
2024-01-25 07:57:32,515 [s0-impl-thread1] INFO  server.RaftServerConfigKeys (ConfUtils.java:logGet(46)) - raft.server.snapshot.retention.file.num = -1 (default)
2024-01-25 07:57:32,516 [s0-impl-thread1] INFO  server.RaftServerConfigKeys (ConfUtils.java:logGet(46)) - raft.server.log.purge.upto.snapshot.index = false (default)
2024-01-25 07:57:32,519 [Time-limited test] INFO  server.RaftServer (RaftServerProxy.java:startImpl(407)) - s0: start RPC server
2024-01-25 07:57:32,591 [Time-limited test] INFO  server.GrpcService (GrpcService.java:startImpl(308)) - s0: GrpcService started, listening on 15002
2024-01-25 07:57:32,592 [Time-limited test] INFO  server.GrpcService (GrpcService.java:startImpl(308)) - s0: GrpcService started, listening on 15000
2024-01-25 07:57:32,593 [Time-limited test] INFO  server.GrpcService (GrpcService.java:startImpl(308)) - s0: GrpcService started, listening on 15001
2024-01-25 07:57:32,595 [s1-impl-thread1] INFO  server.RaftServerConfigKeys (ConfUtils.java:logGet(46)) - raft.server.storage.free-space.min = 0MB (=0) (default)
2024-01-25 07:57:32,595 [s1-impl-thread1] INFO  server.RaftServerConfigKeys (ConfUtils.java:logGet(46)) - raft.server.log.corruption.policy = EXCEPTION (default)
2024-01-25 07:57:32,595 [s1-impl-thread1] INFO  server.RaftServerConfigKeys (ConfUtils.java:logGet(46)) - raft.server.storage.dir = [/home/runner/work/ratis/ratis/ratis-test/target/test/data/d3464635/MiniRaftClusterWithGrpc1ed7d450/s1] (custom)
2024-01-25 07:57:32,595 [s1-impl-thread1] INFO  storage.RaftStorageDirectory (RaftStorageDirectoryImpl.java:analyzeStorage(138)) - The storage directory /home/runner/work/ratis/ratis/ratis-test/target/test/data/d3464635/MiniRaftClusterWithGrpc1ed7d450/s1/6ac8c789-bb5d-44a1-a5d6-796a68a19d2e does not exist. Creating ...
2024-01-25 07:57:32,596 [s1-impl-thread1] TRACE util.FileUtils (LogUtils.java:runAndLog(49)) - Successfully ran Files.createDirectories /home/runner/work/ratis/ratis/ratis-test/target/test/data/d3464635/MiniRaftClusterWithGrpc1ed7d450/s1/6ac8c789-bb5d-44a1-a5d6-796a68a19d2e
2024-01-25 07:57:32,595 [JvmPauseMonitor0] INFO  util.JvmPauseMonitor (JvmPauseMonitor.java:run(146)) - JvmPauseMonitor-s0: Started
2024-01-25 07:57:32,597 [s1-impl-thread1] INFO  storage.RaftStorageDirectory (RaftStorageDirectoryImpl.java:tryLock(228)) - Lock on /home/runner/work/ratis/ratis/ratis-test/target/test/data/d3464635/MiniRaftClusterWithGrpc1ed7d450/s1/6ac8c789-bb5d-44a1-a5d6-796a68a19d2e/in_use.lock acquired by nodename 21818@fv-az1458-491
2024-01-25 07:57:32,597 [s1-impl-thread1] TRACE util.FileUtils (LogUtils.java:runAndLog(49)) - Successfully ran Files.createDirectories /home/runner/work/ratis/ratis/ratis-test/target/test/data/d3464635/MiniRaftClusterWithGrpc1ed7d450/s1/6ac8c789-bb5d-44a1-a5d6-796a68a19d2e/current
2024-01-25 07:57:32,597 [s1-impl-thread1] TRACE util.FileUtils (LogUtils.java:runAndLog(49)) - Successfully ran Files.createDirectories /home/runner/work/ratis/ratis/ratis-test/target/test/data/d3464635/MiniRaftClusterWithGrpc1ed7d450/s1/6ac8c789-bb5d-44a1-a5d6-796a68a19d2e/sm
2024-01-25 07:57:32,597 [s1-impl-thread1] TRACE util.FileUtils (LogUtils.java:supplyAndLog(69)) - Successfully supplied FileChannel.open /home/runner/work/ratis/ratis/ratis-test/target/test/data/d3464635/MiniRaftClusterWithGrpc1ed7d450/s1/6ac8c789-bb5d-44a1-a5d6-796a68a19d2e/current/raft-meta.tmp with options [CREATE, WRITE]: sun.nio.ch.FileChannelImpl@78a017c4
2024-01-25 07:57:32,599 [s1-impl-thread1] TRACE util.FileUtils (LogUtils.java:runAndLog(49)) - Successfully ran Atomic Files.move /home/runner/work/ratis/ratis/ratis-test/target/test/data/d3464635/MiniRaftClusterWithGrpc1ed7d450/s1/6ac8c789-bb5d-44a1-a5d6-796a68a19d2e/current/raft-meta.tmp to /home/runner/work/ratis/ratis/ratis-test/target/test/data/d3464635/MiniRaftClusterWithGrpc1ed7d450/s1/6ac8c789-bb5d-44a1-a5d6-796a68a19d2e/current/raft-meta with options [REPLACE_EXISTING]
2024-01-25 07:57:32,599 [s1-impl-thread1] INFO  storage.RaftStorage (RaftStorageImpl.java:format(99)) - Storage directory /home/runner/work/ratis/ratis/ratis-test/target/test/data/d3464635/MiniRaftClusterWithGrpc1ed7d450/s1/6ac8c789-bb5d-44a1-a5d6-796a68a19d2e has been successfully formatted.
2024-01-25 07:57:32,599 [s1-impl-thread1] TRACE util.FileUtils (LogUtils.java:supplyAndLog(61)) - Failed to Files.newInputStream /home/runner/work/ratis/ratis/ratis-test/target/test/data/d3464635/MiniRaftClusterWithGrpc1ed7d450/s1/6ac8c789-bb5d-44a1-a5d6-796a68a19d2e/current/raft-meta.conf with options []
java.nio.file.NoSuchFileException: /home/runner/work/ratis/ratis/ratis-test/target/test/data/d3464635/MiniRaftClusterWithGrpc1ed7d450/s1/6ac8c789-bb5d-44a1-a5d6-796a68a19d2e/current/raft-meta.conf
	at sun.nio.fs.UnixException.translateToIOException(UnixException.java:86)
	at sun.nio.fs.UnixException.rethrowAsIOException(UnixException.java:102)
	at sun.nio.fs.UnixException.rethrowAsIOException(UnixException.java:107)
	at sun.nio.fs.UnixFileSystemProvider.newByteChannel(UnixFileSystemProvider.java:214)
	at java.nio.file.Files.newByteChannel(Files.java:361)
	at java.nio.file.Files.newByteChannel(Files.java:407)
	at java.nio.file.spi.FileSystemProvider.newInputStream(FileSystemProvider.java:384)
	at java.nio.file.Files.newInputStream(Files.java:152)
	at org.apache.ratis.util.FileUtils.lambda$newInputStream$2(FileUtils.java:73)
	at org.apache.ratis.util.LogUtils.supplyAndLog(LogUtils.java:58)
	at org.apache.ratis.util.FileUtils.newInputStream(FileUtils.java:72)
	at org.apache.ratis.util.FileUtils.newInputStream(FileUtils.java:68)
	at org.apache.ratis.server.storage.RaftStorageImpl.readRaftConfiguration(RaftStorageImpl.java:156)
	at org.apache.ratis.server.impl.ServerState.initialize(ServerState.java:141)
	at org.apache.ratis.server.impl.RaftServerImpl.start(RaftServerImpl.java:342)
	at org.apache.ratis.util.ConcurrentUtils.accept(ConcurrentUtils.java:203)
	at org.apache.ratis.util.ConcurrentUtils.lambda$null$4(ConcurrentUtils.java:182)
	at java.util.concurrent.ThreadPoolExecutor.runWorker(ThreadPoolExecutor.java:1149)
	at java.util.concurrent.ThreadPoolExecutor$Worker.run(ThreadPoolExecutor.java:624)
	at java.lang.Thread.run(Thread.java:750)
2024-01-25 07:57:32,599 [s1-impl-thread1] INFO  impl.SimpleStateMachine4Testing (SimpleStateMachine4Testing.java:initialize(213)) - Initializing SimpleStateMachine4Testing:uninitialized
2024-01-25 07:57:32,599 [s1-impl-thread1] INFO  impl.SimpleStateMachine4Testing (SimpleStateMachine4Testing.java:loadSnapshot(296)) - Loading snapshot null
2024-01-25 07:57:32,600 [s1-impl-thread1] INFO  server.RaftServerConfigKeys (ConfUtils.java:logGet(46)) - raft.server.log.use.memory = false (default)
2024-01-25 07:57:32,600 [s1-impl-thread1] INFO  server.RaftServerConfigKeys (ConfUtils.java:logGet(46)) - raft.server.log.purge.gap = 1024 (default)
2024-01-25 07:57:32,600 [s1-impl-thread1] INFO  server.RaftServerConfigKeys (ConfUtils.java:logGet(46)) - raft.server.log.appender.buffer.byte-limit = 4MB (=4194304) (default)
2024-01-25 07:57:32,600 [s1-impl-thread1] INFO  server.RaftServerConfigKeys (ConfUtils.java:logGet(46)) - raft.server.log.statemachine.data.read.timeout = 1000ms (default)
2024-01-25 07:57:32,600 [s1-impl-thread1] INFO  server.RaftServerConfigKeys (ConfUtils.java:logGet(46)) - raft.server.log.purge.preservation.log.num = 0 (default)
2024-01-25 07:57:32,601 [s1-impl-thread1] INFO  server.RaftServerConfigKeys (ConfUtils.java:logGet(46)) - raft.server.log.segment.size.max = 32MB (=33554432) (default)
2024-01-25 07:57:32,602 [s1-impl-thread1] INFO  server.RaftServerConfigKeys (ConfUtils.java:logGet(46)) - raft.server.log.segment.cache.num.max = 6 (default)
2024-01-25 07:57:32,602 [s1-impl-thread1] INFO  server.RaftServerConfigKeys (ConfUtils.java:logGet(46)) - raft.server.log.segment.cache.size.max = 200MB (=209715200) (default)
2024-01-25 07:57:32,602 [s1-impl-thread1] INFO  server.RaftServerConfigKeys (ConfUtils.java:logGet(46)) - raft.server.log.appender.buffer.byte-limit = 4MB (=4194304) (default)
2024-01-25 07:57:32,602 [s1-impl-thread1] INFO  util.AwaitToRun (AwaitToRun.java:start(81)) - Thread[s1@group-796A68A19D2E-cacheEviction-AwaitToRun,5,main] started
2024-01-25 07:57:32,602 [s1-impl-thread1] INFO  segmented.SegmentedRaftLogWorker (SegmentedRaftLogWorker.java:<init>(182)) - new s1@group-796A68A19D2E-SegmentedRaftLogWorker for RaftStorageImpl:Storage Directory /home/runner/work/ratis/ratis/ratis-test/target/test/data/d3464635/MiniRaftClusterWithGrpc1ed7d450/s1/6ac8c789-bb5d-44a1-a5d6-796a68a19d2e
2024-01-25 07:57:32,602 [s1-impl-thread1] INFO  server.RaftServerConfigKeys (ConfUtils.java:logGet(46)) - raft.server.log.queue.byte-limit = 64MB (=67108864) (default)
2024-01-25 07:57:32,602 [s1-impl-thread1] INFO  server.RaftServerConfigKeys (ConfUtils.java:logGet(46)) - raft.server.log.queue.element-limit = 4096 (default)
2024-01-25 07:57:32,603 [s1-impl-thread1] INFO  server.RaftServerConfigKeys (ConfUtils.java:logGet(46)) - raft.server.log.segment.size.max = 32MB (=33554432) (default)
2024-01-25 07:57:32,603 [s1-impl-thread1] INFO  server.RaftServerConfigKeys (ConfUtils.java:logGet(46)) - raft.server.log.preallocated.size = 4MB (=4194304) (default)
2024-01-25 07:57:32,603 [s1-impl-thread1] INFO  server.RaftServerConfigKeys (ConfUtils.java:logGet(46)) - raft.server.log.force.sync.num = 128 (default)
2024-01-25 07:57:32,603 [s1-impl-thread1] INFO  server.RaftServerConfigKeys (ConfUtils.java:logGet(46)) - raft.server.log.statemachine.data.sync = true (default)
2024-01-25 07:57:32,603 [s1-impl-thread1] INFO  server.RaftServerConfigKeys (ConfUtils.java:logGet(46)) - raft.server.log.statemachine.data.sync.timeout = 10s (default)
2024-01-25 07:57:32,603 [s1-impl-thread1] INFO  server.RaftServerConfigKeys (ConfUtils.java:logGet(46)) - raft.server.log.statemachine.data.sync.timeout.retry = -1 (default)
2024-01-25 07:57:32,604 [s1-impl-thread1] INFO  server.RaftServerConfigKeys (ConfUtils.java:logGet(46)) - raft.server.log.write.buffer.size = 8MB (=8388608) (default)
2024-01-25 07:57:32,606 [s1-impl-thread1] INFO  server.RaftServerConfigKeys (ConfUtils.java:logGet(46)) - raft.server.log.appender.buffer.byte-limit = 4MB (=4194304) (default)
2024-01-25 07:57:32,606 [s1-impl-thread1] INFO  server.RaftServerConfigKeys (ConfUtils.java:logGet(46)) - raft.server.log.unsafe-flush.enabled = false (default)
2024-01-25 07:57:32,606 [s1-impl-thread1] INFO  server.RaftServerConfigKeys (ConfUtils.java:logGet(46)) - raft.server.log.async-flush.enabled = false (default)
2024-01-25 07:57:32,606 [s1-impl-thread1] INFO  server.RaftServerConfigKeys (ConfUtils.java:logGet(46)) - raft.server.log.statemachine.data.caching.enabled = false (default)
2024-01-25 07:57:32,606 [s1-impl-thread1] INFO  segmented.SegmentedRaftLogWorker (SegmentedRaftLogWorker.java:lambda$new$0(134)) - s1@group-796A68A19D2E-SegmentedRaftLogWorker: flushIndex: setUnconditionally 0 -> -1
2024-01-25 07:57:32,607 [s1-impl-thread1] INFO  segmented.SegmentedRaftLogWorker (SegmentedRaftLogWorker.java:lambda$new$0(134)) - s1@group-796A68A19D2E-SegmentedRaftLogWorker: safeCacheEvictIndex: setUnconditionally 0 -> -1
2024-01-25 07:57:32,607 [s1-impl-thread1] INFO  server.RaftServer$Division (RaftServerImpl.java:start(346)) - s1@group-796A68A19D2E: start as a follower, conf=-1: peers:[s0|localhost:15000, s1|localhost:15004, s2|localhost:15008]|listeners:[], old=null
2024-01-25 07:57:32,607 [s1-impl-thread1] INFO  server.RaftServer$Division (RaftServerImpl.java:setRole(333)) - s1@group-796A68A19D2E: changes role from      null to FOLLOWER at term 0 for startAsFollower
2024-01-25 07:57:32,607 [s1-impl-thread1] INFO  impl.RoleInfo (RoleInfo.java:updateAndGet(140)) - s1: start s1@group-796A68A19D2E-FollowerState
2024-01-25 07:57:32,607 [s1@group-796A68A19D2E-FollowerState] INFO  server.RaftServerConfigKeys (ConfUtils.java:logFallback(53)) - raft.server.rpc.first-election.timeout.min = 150ms (fallback to raft.server.rpc.timeout.min)
2024-01-25 07:57:32,607 [s1-impl-thread1] INFO  util.JmxRegister (JmxRegister.java:tryRegister(44)) - Successfully registered JMX Bean with object name Ratis:service=RaftServer,group=group-796A68A19D2E,id=s1
2024-01-25 07:57:32,608 [s1@group-796A68A19D2E-FollowerState] INFO  server.RaftServerConfigKeys (ConfUtils.java:logFallback(53)) - raft.server.rpc.first-election.timeout.max = 300ms (fallback to raft.server.rpc.timeout.max)
2024-01-25 07:57:32,608 [s1-impl-thread1] INFO  util.JmxRegister (JmxRegister.java:register(58)) - register mxBean class org.apache.ratis.server.impl.RaftServerJmxAdapter as Ratis:service=RaftServer,group=group-796A68A19D2E,id=s1
2024-01-25 07:57:32,608 [s1-impl-thread1] INFO  server.RaftServerConfigKeys (ConfUtils.java:logGet(46)) - raft.server.snapshot.trigger-when-stop.enabled = true (default)
2024-01-25 07:57:32,608 [s1-impl-thread1] INFO  server.RaftServerConfigKeys (ConfUtils.java:logGet(46)) - raft.server.snapshot.auto.trigger.enabled = false (default)
2024-01-25 07:57:32,608 [s1-impl-thread1] INFO  server.RaftServerConfigKeys (ConfUtils.java:logGet(46)) - raft.server.snapshot.retention.file.num = -1 (default)
2024-01-25 07:57:32,609 [s1-impl-thread1] INFO  server.RaftServerConfigKeys (ConfUtils.java:logGet(46)) - raft.server.log.purge.upto.snapshot.index = false (default)
2024-01-25 07:57:32,611 [Time-limited test] INFO  server.RaftServer (RaftServerProxy.java:startImpl(407)) - s1: start RPC server
2024-01-25 07:57:32,612 [Time-limited test] INFO  server.GrpcService (GrpcService.java:startImpl(308)) - s1: GrpcService started, listening on 15006
2024-01-25 07:57:32,613 [Time-limited test] INFO  server.GrpcService (GrpcService.java:startImpl(308)) - s1: GrpcService started, listening on 15004
2024-01-25 07:57:32,614 [Time-limited test] INFO  server.GrpcService (GrpcService.java:startImpl(308)) - s1: GrpcService started, listening on 15005
2024-01-25 07:57:32,614 [JvmPauseMonitor1] INFO  util.JvmPauseMonitor (JvmPauseMonitor.java:run(146)) - JvmPauseMonitor-s1: Started
2024-01-25 07:57:32,614 [s2-impl-thread1] INFO  server.RaftServerConfigKeys (ConfUtils.java:logGet(46)) - raft.server.storage.free-space.min = 0MB (=0) (default)
2024-01-25 07:57:32,614 [s2-impl-thread1] INFO  server.RaftServerConfigKeys (ConfUtils.java:logGet(46)) - raft.server.log.corruption.policy = EXCEPTION (default)
2024-01-25 07:57:32,614 [s2-impl-thread1] INFO  server.RaftServerConfigKeys (ConfUtils.java:logGet(46)) - raft.server.storage.dir = [/home/runner/work/ratis/ratis/ratis-test/target/test/data/d3464635/MiniRaftClusterWithGrpc1ed7d450/s2] (custom)
2024-01-25 07:57:32,615 [s2-impl-thread1] INFO  storage.RaftStorageDirectory (RaftStorageDirectoryImpl.java:analyzeStorage(138)) - The storage directory /home/runner/work/ratis/ratis/ratis-test/target/test/data/d3464635/MiniRaftClusterWithGrpc1ed7d450/s2/6ac8c789-bb5d-44a1-a5d6-796a68a19d2e does not exist. Creating ...
2024-01-25 07:57:32,615 [s2-impl-thread1] TRACE util.FileUtils (LogUtils.java:runAndLog(49)) - Successfully ran Files.createDirectories /home/runner/work/ratis/ratis/ratis-test/target/test/data/d3464635/MiniRaftClusterWithGrpc1ed7d450/s2/6ac8c789-bb5d-44a1-a5d6-796a68a19d2e
2024-01-25 07:57:32,616 [s2-impl-thread1] INFO  storage.RaftStorageDirectory (RaftStorageDirectoryImpl.java:tryLock(228)) - Lock on /home/runner/work/ratis/ratis/ratis-test/target/test/data/d3464635/MiniRaftClusterWithGrpc1ed7d450/s2/6ac8c789-bb5d-44a1-a5d6-796a68a19d2e/in_use.lock acquired by nodename 21818@fv-az1458-491
2024-01-25 07:57:32,616 [s2-impl-thread1] TRACE util.FileUtils (LogUtils.java:runAndLog(49)) - Successfully ran Files.createDirectories /home/runner/work/ratis/ratis/ratis-test/target/test/data/d3464635/MiniRaftClusterWithGrpc1ed7d450/s2/6ac8c789-bb5d-44a1-a5d6-796a68a19d2e/current
2024-01-25 07:57:32,616 [s2-impl-thread1] TRACE util.FileUtils (LogUtils.java:runAndLog(49)) - Successfully ran Files.createDirectories /home/runner/work/ratis/ratis/ratis-test/target/test/data/d3464635/MiniRaftClusterWithGrpc1ed7d450/s2/6ac8c789-bb5d-44a1-a5d6-796a68a19d2e/sm
2024-01-25 07:57:32,616 [s2-impl-thread1] TRACE util.FileUtils (LogUtils.java:supplyAndLog(69)) - Successfully supplied FileChannel.open /home/runner/work/ratis/ratis/ratis-test/target/test/data/d3464635/MiniRaftClusterWithGrpc1ed7d450/s2/6ac8c789-bb5d-44a1-a5d6-796a68a19d2e/current/raft-meta.tmp with options [CREATE, WRITE]: sun.nio.ch.FileChannelImpl@2db3cf25
2024-01-25 07:57:32,618 [s2-impl-thread1] TRACE util.FileUtils (LogUtils.java:runAndLog(49)) - Successfully ran Atomic Files.move /home/runner/work/ratis/ratis/ratis-test/target/test/data/d3464635/MiniRaftClusterWithGrpc1ed7d450/s2/6ac8c789-bb5d-44a1-a5d6-796a68a19d2e/current/raft-meta.tmp to /home/runner/work/ratis/ratis/ratis-test/target/test/data/d3464635/MiniRaftClusterWithGrpc1ed7d450/s2/6ac8c789-bb5d-44a1-a5d6-796a68a19d2e/current/raft-meta with options [REPLACE_EXISTING]
2024-01-25 07:57:32,618 [s2-impl-thread1] INFO  storage.RaftStorage (RaftStorageImpl.java:format(99)) - Storage directory /home/runner/work/ratis/ratis/ratis-test/target/test/data/d3464635/MiniRaftClusterWithGrpc1ed7d450/s2/6ac8c789-bb5d-44a1-a5d6-796a68a19d2e has been successfully formatted.
2024-01-25 07:57:32,618 [s2-impl-thread1] TRACE util.FileUtils (LogUtils.java:supplyAndLog(61)) - Failed to Files.newInputStream /home/runner/work/ratis/ratis/ratis-test/target/test/data/d3464635/MiniRaftClusterWithGrpc1ed7d450/s2/6ac8c789-bb5d-44a1-a5d6-796a68a19d2e/current/raft-meta.conf with options []
java.nio.file.NoSuchFileException: /home/runner/work/ratis/ratis/ratis-test/target/test/data/d3464635/MiniRaftClusterWithGrpc1ed7d450/s2/6ac8c789-bb5d-44a1-a5d6-796a68a19d2e/current/raft-meta.conf
	at sun.nio.fs.UnixException.translateToIOException(UnixException.java:86)
	at sun.nio.fs.UnixException.rethrowAsIOException(UnixException.java:102)
	at sun.nio.fs.UnixException.rethrowAsIOException(UnixException.java:107)
	at sun.nio.fs.UnixFileSystemProvider.newByteChannel(UnixFileSystemProvider.java:214)
	at java.nio.file.Files.newByteChannel(Files.java:361)
	at java.nio.file.Files.newByteChannel(Files.java:407)
	at java.nio.file.spi.FileSystemProvider.newInputStream(FileSystemProvider.java:384)
	at java.nio.file.Files.newInputStream(Files.java:152)
	at org.apache.ratis.util.FileUtils.lambda$newInputStream$2(FileUtils.java:73)
	at org.apache.ratis.util.LogUtils.supplyAndLog(LogUtils.java:58)
	at org.apache.ratis.util.FileUtils.newInputStream(FileUtils.java:72)
	at org.apache.ratis.util.FileUtils.newInputStream(FileUtils.java:68)
	at org.apache.ratis.server.storage.RaftStorageImpl.readRaftConfiguration(RaftStorageImpl.java:156)
	at org.apache.ratis.server.impl.ServerState.initialize(ServerState.java:141)
	at org.apache.ratis.server.impl.RaftServerImpl.start(RaftServerImpl.java:342)
	at org.apache.ratis.util.ConcurrentUtils.accept(ConcurrentUtils.java:203)
	at org.apache.ratis.util.ConcurrentUtils.lambda$null$4(ConcurrentUtils.java:182)
	at java.util.concurrent.ThreadPoolExecutor.runWorker(ThreadPoolExecutor.java:1149)
	at java.util.concurrent.ThreadPoolExecutor$Worker.run(ThreadPoolExecutor.java:624)
	at java.lang.Thread.run(Thread.java:750)
2024-01-25 07:57:32,619 [s2-impl-thread1] INFO  impl.SimpleStateMachine4Testing (SimpleStateMachine4Testing.java:initialize(213)) - Initializing SimpleStateMachine4Testing:uninitialized
2024-01-25 07:57:32,619 [s2-impl-thread1] INFO  impl.SimpleStateMachine4Testing (SimpleStateMachine4Testing.java:loadSnapshot(296)) - Loading snapshot null
2024-01-25 07:57:32,619 [s2-impl-thread1] INFO  server.RaftServerConfigKeys (ConfUtils.java:logGet(46)) - raft.server.log.use.memory = false (default)
2024-01-25 07:57:32,619 [s2-impl-thread1] INFO  server.RaftServerConfigKeys (ConfUtils.java:logGet(46)) - raft.server.log.purge.gap = 1024 (default)
2024-01-25 07:57:32,620 [s2-impl-thread1] INFO  server.RaftServerConfigKeys (ConfUtils.java:logGet(46)) - raft.server.log.appender.buffer.byte-limit = 4MB (=4194304) (default)
2024-01-25 07:57:32,620 [s2-impl-thread1] INFO  server.RaftServerConfigKeys (ConfUtils.java:logGet(46)) - raft.server.log.statemachine.data.read.timeout = 1000ms (default)
2024-01-25 07:57:32,620 [s2-impl-thread1] INFO  server.RaftServerConfigKeys (ConfUtils.java:logGet(46)) - raft.server.log.purge.preservation.log.num = 0 (default)
2024-01-25 07:57:32,621 [s2-impl-thread1] INFO  server.RaftServerConfigKeys (ConfUtils.java:logGet(46)) - raft.server.log.segment.size.max = 32MB (=33554432) (default)
2024-01-25 07:57:32,621 [s2-impl-thread1] INFO  server.RaftServerConfigKeys (ConfUtils.java:logGet(46)) - raft.server.log.segment.cache.num.max = 6 (default)
2024-01-25 07:57:32,622 [s2-impl-thread1] INFO  server.RaftServerConfigKeys (ConfUtils.java:logGet(46)) - raft.server.log.segment.cache.size.max = 200MB (=209715200) (default)
2024-01-25 07:57:32,622 [s2-impl-thread1] INFO  server.RaftServerConfigKeys (ConfUtils.java:logGet(46)) - raft.server.log.appender.buffer.byte-limit = 4MB (=4194304) (default)
2024-01-25 07:57:32,622 [s2-impl-thread1] INFO  util.AwaitToRun (AwaitToRun.java:start(81)) - Thread[s2@group-796A68A19D2E-cacheEviction-AwaitToRun,5,main] started
2024-01-25 07:57:32,622 [s2-impl-thread1] INFO  segmented.SegmentedRaftLogWorker (SegmentedRaftLogWorker.java:<init>(182)) - new s2@group-796A68A19D2E-SegmentedRaftLogWorker for RaftStorageImpl:Storage Directory /home/runner/work/ratis/ratis/ratis-test/target/test/data/d3464635/MiniRaftClusterWithGrpc1ed7d450/s2/6ac8c789-bb5d-44a1-a5d6-796a68a19d2e
2024-01-25 07:57:32,622 [s2-impl-thread1] INFO  server.RaftServerConfigKeys (ConfUtils.java:logGet(46)) - raft.server.log.queue.byte-limit = 64MB (=67108864) (default)
2024-01-25 07:57:32,622 [s2-impl-thread1] INFO  server.RaftServerConfigKeys (ConfUtils.java:logGet(46)) - raft.server.log.queue.element-limit = 4096 (default)
2024-01-25 07:57:32,622 [s2-impl-thread1] INFO  server.RaftServerConfigKeys (ConfUtils.java:logGet(46)) - raft.server.log.segment.size.max = 32MB (=33554432) (default)
2024-01-25 07:57:32,622 [s2-impl-thread1] INFO  server.RaftServerConfigKeys (ConfUtils.java:logGet(46)) - raft.server.log.preallocated.size = 4MB (=4194304) (default)
2024-01-25 07:57:32,623 [s2-impl-thread1] INFO  server.RaftServerConfigKeys (ConfUtils.java:logGet(46)) - raft.server.log.force.sync.num = 128 (default)
2024-01-25 07:57:32,623 [s2-impl-thread1] INFO  server.RaftServerConfigKeys (ConfUtils.java:logGet(46)) - raft.server.log.statemachine.data.sync = true (default)
2024-01-25 07:57:32,623 [s2-impl-thread1] INFO  server.RaftServerConfigKeys (ConfUtils.java:logGet(46)) - raft.server.log.statemachine.data.sync.timeout = 10s (default)
2024-01-25 07:57:32,623 [s2-impl-thread1] INFO  server.RaftServerConfigKeys (ConfUtils.java:logGet(46)) - raft.server.log.statemachine.data.sync.timeout.retry = -1 (default)
2024-01-25 07:57:32,623 [s2-impl-thread1] INFO  server.RaftServerConfigKeys (ConfUtils.java:logGet(46)) - raft.server.log.write.buffer.size = 8MB (=8388608) (default)
2024-01-25 07:57:32,625 [s2-impl-thread1] INFO  server.RaftServerConfigKeys (ConfUtils.java:logGet(46)) - raft.server.log.appender.buffer.byte-limit = 4MB (=4194304) (default)
2024-01-25 07:57:32,625 [s2-impl-thread1] INFO  server.RaftServerConfigKeys (ConfUtils.java:logGet(46)) - raft.server.log.unsafe-flush.enabled = false (default)
2024-01-25 07:57:32,625 [s2-impl-thread1] INFO  server.RaftServerConfigKeys (ConfUtils.java:logGet(46)) - raft.server.log.async-flush.enabled = false (default)
2024-01-25 07:57:32,625 [s2-impl-thread1] INFO  server.RaftServerConfigKeys (ConfUtils.java:logGet(46)) - raft.server.log.statemachine.data.caching.enabled = false (default)
2024-01-25 07:57:32,625 [s2-impl-thread1] INFO  segmented.SegmentedRaftLogWorker (SegmentedRaftLogWorker.java:lambda$new$0(134)) - s2@group-796A68A19D2E-SegmentedRaftLogWorker: flushIndex: setUnconditionally 0 -> -1
2024-01-25 07:57:32,626 [s2-impl-thread1] INFO  segmented.SegmentedRaftLogWorker (SegmentedRaftLogWorker.java:lambda$new$0(134)) - s2@group-796A68A19D2E-SegmentedRaftLogWorker: safeCacheEvictIndex: setUnconditionally 0 -> -1
2024-01-25 07:57:32,626 [s2-impl-thread1] INFO  server.RaftServer$Division (RaftServerImpl.java:start(346)) - s2@group-796A68A19D2E: start as a follower, conf=-1: peers:[s0|localhost:15000, s1|localhost:15004, s2|localhost:15008]|listeners:[], old=null
2024-01-25 07:57:32,626 [s2-impl-thread1] INFO  server.RaftServer$Division (RaftServerImpl.java:setRole(333)) - s2@group-796A68A19D2E: changes role from      null to FOLLOWER at term 0 for startAsFollower
2024-01-25 07:57:32,626 [s2-impl-thread1] INFO  impl.RoleInfo (RoleInfo.java:updateAndGet(140)) - s2: start s2@group-796A68A19D2E-FollowerState
2024-01-25 07:57:32,626 [s2-impl-thread1] INFO  util.JmxRegister (JmxRegister.java:tryRegister(44)) - Successfully registered JMX Bean with object name Ratis:service=RaftServer,group=group-796A68A19D2E,id=s2
2024-01-25 07:57:32,627 [s2-impl-thread1] INFO  util.JmxRegister (JmxRegister.java:register(58)) - register mxBean class org.apache.ratis.server.impl.RaftServerJmxAdapter as Ratis:service=RaftServer,group=group-796A68A19D2E,id=s2
2024-01-25 07:57:32,627 [s2-impl-thread1] INFO  server.RaftServerConfigKeys (ConfUtils.java:logGet(46)) - raft.server.snapshot.trigger-when-stop.enabled = true (default)
2024-01-25 07:57:32,627 [s2-impl-thread1] INFO  server.RaftServerConfigKeys (ConfUtils.java:logGet(46)) - raft.server.snapshot.auto.trigger.enabled = false (default)
2024-01-25 07:57:32,627 [s2-impl-thread1] INFO  server.RaftServerConfigKeys (ConfUtils.java:logGet(46)) - raft.server.snapshot.retention.file.num = -1 (default)
2024-01-25 07:57:32,627 [s2-impl-thread1] INFO  server.RaftServerConfigKeys (ConfUtils.java:logGet(46)) - raft.server.log.purge.upto.snapshot.index = false (default)
2024-01-25 07:57:32,628 [s2@group-796A68A19D2E-FollowerState] INFO  server.RaftServerConfigKeys (ConfUtils.java:logFallback(53)) - raft.server.rpc.first-election.timeout.min = 150ms (fallback to raft.server.rpc.timeout.min)
2024-01-25 07:57:32,628 [s2@group-796A68A19D2E-FollowerState] INFO  server.RaftServerConfigKeys (ConfUtils.java:logFallback(53)) - raft.server.rpc.first-election.timeout.max = 300ms (fallback to raft.server.rpc.timeout.max)
2024-01-25 07:57:32,629 [Time-limited test] INFO  server.RaftServer (RaftServerProxy.java:startImpl(407)) - s2: start RPC server
2024-01-25 07:57:32,629 [Time-limited test] INFO  server.GrpcService (GrpcService.java:startImpl(308)) - s2: GrpcService started, listening on 15010
2024-01-25 07:57:32,630 [Time-limited test] INFO  server.GrpcService (GrpcService.java:startImpl(308)) - s2: GrpcService started, listening on 15008
2024-01-25 07:57:32,630 [Time-limited test] INFO  server.GrpcService (GrpcService.java:startImpl(308)) - s2: GrpcService started, listening on 15009
2024-01-25 07:57:32,631 [JvmPauseMonitor2] INFO  util.JvmPauseMonitor (JvmPauseMonitor.java:run(146)) - JvmPauseMonitor-s2: Started
2024-01-25 07:57:32,635 [Time-limited test] INFO  server.RaftServerConfigKeys (ConfUtils.java:logGet(46)) - raft.server.rpc.timeout.max = 300ms (default)
2024-01-25 07:57:32,637 [Time-limited test] INFO  ratis.RaftTestUtil (RaftTestUtil.java:waitForLeader(101)) - printing ALL groups
  s0:  RUNNING  FOLLOWER s0@group-796A68A19D2E:t0, leader=null, voted=, raftlog=Memoized:s0@group-796A68A19D2E-SegmentedRaftLog:OPENED:c-1, conf=-1: peers:[s0|localhost:15000, s1|localhost:15004, s2|localhost:15008]|listeners:[], old=null RUNNING
  s1:  RUNNING  FOLLOWER s1@group-796A68A19D2E:t0, leader=null, voted=, raftlog=Memoized:s1@group-796A68A19D2E-SegmentedRaftLog:OPENED:c-1, conf=-1: peers:[s0|localhost:15000, s1|localhost:15004, s2|localhost:15008]|listeners:[], old=null RUNNING
  s2:  RUNNING  FOLLOWER s2@group-796A68A19D2E:t0, leader=null, voted=, raftlog=Memoized:s2@group-796A68A19D2E-SegmentedRaftLog:OPENED:c-1, conf=-1: peers:[s0|localhost:15000, s1|localhost:15004, s2|localhost:15008]|listeners:[], old=null RUNNING
2024-01-25 07:57:32,640 [Time-limited test] WARN  ratis.RaftTestUtil (RaftTestUtil.java:lambda$waitForLeader$3(120)) - Attempt #1 failed: java.lang.IllegalStateException: No leader yet : printing ALL groups
  s0:  RUNNING  FOLLOWER s0@group-796A68A19D2E:t0, leader=null, voted=, raftlog=Memoized:s0@group-796A68A19D2E-SegmentedRaftLog:OPENED:c-1, conf=-1: peers:[s0|localhost:15000, s1|localhost:15004, s2|localhost:15008]|listeners:[], old=null RUNNING
  s1:  RUNNING  FOLLOWER s1@group-796A68A19D2E:t0, leader=null, voted=, raftlog=Memoized:s1@group-796A68A19D2E-SegmentedRaftLog:OPENED:c-1, conf=-1: peers:[s0|localhost:15000, s1|localhost:15004, s2|localhost:15008]|listeners:[], old=null RUNNING
  s2:  RUNNING  FOLLOWER s2@group-796A68A19D2E:t0, leader=null, voted=, raftlog=Memoized:s2@group-796A68A19D2E-SegmentedRaftLog:OPENED:c-1, conf=-1: peers:[s0|localhost:15000, s1|localhost:15004, s2|localhost:15008]|listeners:[], old=null RUNNING
2024-01-25 07:57:32,681 [s0@group-796A68A19D2E-FollowerState] INFO  impl.FollowerState (FollowerState.java:run(143)) - s0@group-796A68A19D2E-FollowerState: change to CANDIDATE, lastRpcElapsedTime:170607944ns, electionTimeout:168ms
2024-01-25 07:57:32,681 [s0@group-796A68A19D2E-FollowerState] INFO  impl.RoleInfo (RoleInfo.java:shutdownFollowerState(111)) - s0: shutdown s0@group-796A68A19D2E-FollowerState
2024-01-25 07:57:32,681 [s0@group-796A68A19D2E-FollowerState] INFO  server.RaftServer$Division (RaftServerImpl.java:setRole(333)) - s0@group-796A68A19D2E: changes role from  FOLLOWER to CANDIDATE at term 0 for changeToCandidate
2024-01-25 07:57:32,685 [s0@group-796A68A19D2E-FollowerState] INFO  server.RaftServerConfigKeys (ConfUtils.java:logGet(46)) - raft.server.leaderelection.pre-vote = true (default)
2024-01-25 07:57:32,686 [s0@group-796A68A19D2E-FollowerState] INFO  impl.RoleInfo (RoleInfo.java:updateAndGet(140)) - s0: start s0@group-796A68A19D2E-LeaderElection1
2024-01-25 07:57:32,689 [s0@group-796A68A19D2E-LeaderElection1] INFO  impl.LeaderElection (LeaderElection.java:askForVotes(321)) - s0@group-796A68A19D2E-LeaderElection1 PRE_VOTE round 0: submit vote requests at term 0 for -1: peers:[s0|localhost:15000, s1|localhost:15004, s2|localhost:15008]|listeners:[], old=null
2024-01-25 07:57:32,720 [s0@group-796A68A19D2E-LeaderElection1] INFO  server.RaftServerConfigKeys (ConfUtils.java:logFallback(53)) - raft.server.rpc.first-election.timeout.min = 150ms (fallback to raft.server.rpc.timeout.min)
2024-01-25 07:57:32,721 [s0@group-796A68A19D2E-LeaderElection1] INFO  server.RaftServerConfigKeys (ConfUtils.java:logFallback(53)) - raft.server.rpc.first-election.timeout.max = 300ms (fallback to raft.server.rpc.timeout.max)
2024-01-25 07:57:32,723 [s0@group-796A68A19D2E-LeaderElection1-1] INFO  server.GrpcServerProtocolClient (GrpcServerProtocolClient.java:<init>(65)) - Build channel for s1|localhost:15004
2024-01-25 07:57:32,723 [s0@group-796A68A19D2E-LeaderElection1-2] INFO  server.GrpcServerProtocolClient (GrpcServerProtocolClient.java:<init>(65)) - Build channel for s2|localhost:15008
2024-01-25 07:57:32,843 [s1@group-796A68A19D2E-FollowerState] INFO  impl.FollowerState (FollowerState.java:run(143)) - s1@group-796A68A19D2E-FollowerState: change to CANDIDATE, lastRpcElapsedTime:236071234ns, electionTimeout:235ms
2024-01-25 07:57:32,843 [s1@group-796A68A19D2E-FollowerState] INFO  impl.RoleInfo (RoleInfo.java:shutdownFollowerState(111)) - s1: shutdown s1@group-796A68A19D2E-FollowerState
2024-01-25 07:57:32,844 [s1@group-796A68A19D2E-FollowerState] INFO  server.RaftServer$Division (RaftServerImpl.java:setRole(333)) - s1@group-796A68A19D2E: changes role from  FOLLOWER to CANDIDATE at term 0 for changeToCandidate
2024-01-25 07:57:32,858 [s1@group-796A68A19D2E-FollowerState] INFO  server.RaftServerConfigKeys (ConfUtils.java:logGet(46)) - raft.server.leaderelection.pre-vote = true (default)
2024-01-25 07:57:32,858 [s1@group-796A68A19D2E-FollowerState] INFO  impl.RoleInfo (RoleInfo.java:updateAndGet(140)) - s1: start s1@group-796A68A19D2E-LeaderElection2
2024-01-25 07:57:32,868 [s1@group-796A68A19D2E-LeaderElection2] INFO  impl.LeaderElection (LeaderElection.java:askForVotes(321)) - s1@group-796A68A19D2E-LeaderElection2 PRE_VOTE round 0: submit vote requests at term 0 for -1: peers:[s0|localhost:15000, s1|localhost:15004, s2|localhost:15008]|listeners:[], old=null
2024-01-25 07:57:32,872 [s1@group-796A68A19D2E-LeaderElection2-1] INFO  server.GrpcServerProtocolClient (GrpcServerProtocolClient.java:<init>(65)) - Build channel for s0|localhost:15000
2024-01-25 07:57:32,874 [s1@group-796A68A19D2E-LeaderElection2] INFO  server.RaftServerConfigKeys (ConfUtils.java:logFallback(53)) - raft.server.rpc.first-election.timeout.min = 150ms (fallback to raft.server.rpc.timeout.min)
2024-01-25 07:57:32,874 [s1@group-796A68A19D2E-LeaderElection2] INFO  server.RaftServerConfigKeys (ConfUtils.java:logFallback(53)) - raft.server.rpc.first-election.timeout.max = 300ms (fallback to raft.server.rpc.timeout.max)
2024-01-25 07:57:32,874 [s1@group-796A68A19D2E-LeaderElection2-2] INFO  server.GrpcServerProtocolClient (GrpcServerProtocolClient.java:<init>(65)) - Build channel for s2|localhost:15008
2024-01-25 07:57:32,889 [s2@group-796A68A19D2E-FollowerState] INFO  impl.FollowerState (FollowerState.java:run(143)) - s2@group-796A68A19D2E-FollowerState: change to CANDIDATE, lastRpcElapsedTime:262785438ns, electionTimeout:261ms
2024-01-25 07:57:32,889 [s2@group-796A68A19D2E-FollowerState] INFO  impl.RoleInfo (RoleInfo.java:shutdownFollowerState(111)) - s2: shutdown s2@group-796A68A19D2E-FollowerState
2024-01-25 07:57:32,889 [s2@group-796A68A19D2E-FollowerState] INFO  server.RaftServer$Division (RaftServerImpl.java:setRole(333)) - s2@group-796A68A19D2E: changes role from  FOLLOWER to CANDIDATE at term 0 for changeToCandidate
2024-01-25 07:57:32,889 [s2@group-796A68A19D2E-FollowerState] INFO  server.RaftServerConfigKeys (ConfUtils.java:logGet(46)) - raft.server.leaderelection.pre-vote = true (default)
2024-01-25 07:57:32,890 [s2@group-796A68A19D2E-FollowerState] INFO  impl.RoleInfo (RoleInfo.java:updateAndGet(140)) - s2: start s2@group-796A68A19D2E-LeaderElection3
2024-01-25 07:57:32,890 [s2@group-796A68A19D2E-LeaderElection3] INFO  impl.LeaderElection (LeaderElection.java:askForVotes(321)) - s2@group-796A68A19D2E-LeaderElection3 PRE_VOTE round 0: submit vote requests at term 0 for -1: peers:[s0|localhost:15000, s1|localhost:15004, s2|localhost:15008]|listeners:[], old=null
2024-01-25 07:57:32,891 [s2@group-796A68A19D2E-LeaderElection3-1] INFO  server.GrpcServerProtocolClient (GrpcServerProtocolClient.java:<init>(65)) - Build channel for s0|localhost:15000
2024-01-25 07:57:32,892 [s2@group-796A68A19D2E-LeaderElection3] INFO  server.RaftServerConfigKeys (ConfUtils.java:logFallback(53)) - raft.server.rpc.first-election.timeout.min = 150ms (fallback to raft.server.rpc.timeout.min)
2024-01-25 07:57:32,892 [s2@group-796A68A19D2E-LeaderElection3] INFO  server.RaftServerConfigKeys (ConfUtils.java:logFallback(53)) - raft.server.rpc.first-election.timeout.max = 300ms (fallback to raft.server.rpc.timeout.max)
2024-01-25 07:57:32,893 [s2@group-796A68A19D2E-LeaderElection3-2] INFO  server.GrpcServerProtocolClient (GrpcServerProtocolClient.java:<init>(65)) - Build channel for s1|localhost:15004
2024-01-25 07:57:32,962 [s0@group-796A68A19D2E-LeaderElection1] INFO  impl.LeaderElection (LeaderElection.java:logAndReturn(89)) - s0@group-796A68A19D2E-LeaderElection1: PRE_VOTE TIMEOUT received 0 response(s) and 0 exception(s):
2024-01-25 07:57:32,962 [s0@group-796A68A19D2E-LeaderElection1] INFO  impl.LeaderElection (LeaderElection.java:askForVotes(323)) - s0@group-796A68A19D2E-LeaderElection1 PRE_VOTE round 0: result TIMEOUT
2024-01-25 07:57:32,962 [s0@group-796A68A19D2E-LeaderElection1] INFO  impl.LeaderElection (LeaderElection.java:askForVotes(321)) - s0@group-796A68A19D2E-LeaderElection1 PRE_VOTE round 1: submit vote requests at term 0 for -1: peers:[s0|localhost:15000, s1|localhost:15004, s2|localhost:15008]|listeners:[], old=null
2024-01-25 07:57:32,966 [s0@group-796A68A19D2E-LeaderElection1] INFO  server.RaftServerConfigKeys (ConfUtils.java:logFallback(53)) - raft.server.rpc.first-election.timeout.min = 150ms (fallback to raft.server.rpc.timeout.min)
2024-01-25 07:57:32,966 [s0@group-796A68A19D2E-LeaderElection1] INFO  server.RaftServerConfigKeys (ConfUtils.java:logFallback(53)) - raft.server.rpc.first-election.timeout.max = 300ms (fallback to raft.server.rpc.timeout.max)
2024-01-25 07:57:33,090 [s1@group-796A68A19D2E-LeaderElection2] INFO  impl.LeaderElection (LeaderElection.java:logAndReturn(89)) - s1@group-796A68A19D2E-LeaderElection2: PRE_VOTE TIMEOUT received 0 response(s) and 0 exception(s):
2024-01-25 07:57:33,090 [s1@group-796A68A19D2E-LeaderElection2] INFO  impl.LeaderElection (LeaderElection.java:askForVotes(323)) - s1@group-796A68A19D2E-LeaderElection2 PRE_VOTE round 0: result TIMEOUT
2024-01-25 07:57:33,090 [s1@group-796A68A19D2E-LeaderElection2] INFO  impl.LeaderElection (LeaderElection.java:askForVotes(321)) - s1@group-796A68A19D2E-LeaderElection2 PRE_VOTE round 1: submit vote requests at term 0 for -1: peers:[s0|localhost:15000, s1|localhost:15004, s2|localhost:15008]|listeners:[], old=null
2024-01-25 07:57:33,090 [Time-limited test] WARN  ratis.RaftTestUtil (RaftTestUtil.java:lambda$waitForLeader$3(120)) - Attempt #2 failed: java.lang.IllegalStateException: No leader yet : printing ALL groups
  s0:  RUNNING CANDIDATE s0@group-796A68A19D2E:t0, leader=null, voted=, raftlog=Memoized:s0@group-796A68A19D2E-SegmentedRaftLog:OPENED:c-1, conf=-1: peers:[s0|localhost:15000, s1|localhost:15004, s2|localhost:15008]|listeners:[], old=null RUNNING
  s1:  RUNNING CANDIDATE s1@group-796A68A19D2E:t0, leader=null, voted=, raftlog=Memoized:s1@group-796A68A19D2E-SegmentedRaftLog:OPENED:c-1, conf=-1: peers:[s0|localhost:15000, s1|localhost:15004, s2|localhost:15008]|listeners:[], old=null RUNNING
  s2:  RUNNING CANDIDATE s2@group-796A68A19D2E:t0, leader=null, voted=, raftlog=Memoized:s2@group-796A68A19D2E-SegmentedRaftLog:OPENED:c-1, conf=-1: peers:[s0|localhost:15000, s1|localhost:15004, s2|localhost:15008]|listeners:[], old=null RUNNING
2024-01-25 07:57:33,091 [s1@group-796A68A19D2E-LeaderElection2] INFO  server.RaftServerConfigKeys (ConfUtils.java:logFallback(53)) - raft.server.rpc.first-election.timeout.min = 150ms (fallback to raft.server.rpc.timeout.min)
2024-01-25 07:57:33,092 [s1@group-796A68A19D2E-LeaderElection2] INFO  server.RaftServerConfigKeys (ConfUtils.java:logFallback(53)) - raft.server.rpc.first-election.timeout.max = 300ms (fallback to raft.server.rpc.timeout.max)
2024-01-25 07:57:33,148 [s2@group-796A68A19D2E-LeaderElection3] INFO  impl.LeaderElection (LeaderElection.java:logAndReturn(89)) - s2@group-796A68A19D2E-LeaderElection3: PRE_VOTE TIMEOUT received 0 response(s) and 0 exception(s):
2024-01-25 07:57:33,148 [s2@group-796A68A19D2E-LeaderElection3] INFO  impl.LeaderElection (LeaderElection.java:askForVotes(323)) - s2@group-796A68A19D2E-LeaderElection3 PRE_VOTE round 0: result TIMEOUT
2024-01-25 07:57:33,149 [s2@group-796A68A19D2E-LeaderElection3] INFO  impl.LeaderElection (LeaderElection.java:askForVotes(321)) - s2@group-796A68A19D2E-LeaderElection3 PRE_VOTE round 1: submit vote requests at term 0 for -1: peers:[s0|localhost:15000, s1|localhost:15004, s2|localhost:15008]|listeners:[], old=null
2024-01-25 07:57:33,161 [s2@group-796A68A19D2E-LeaderElection3] INFO  server.RaftServerConfigKeys (ConfUtils.java:logFallback(53)) - raft.server.rpc.first-election.timeout.min = 150ms (fallback to raft.server.rpc.timeout.min)
2024-01-25 07:57:33,161 [s2@group-796A68A19D2E-LeaderElection3] INFO  server.RaftServerConfigKeys (ConfUtils.java:logFallback(53)) - raft.server.rpc.first-election.timeout.max = 300ms (fallback to raft.server.rpc.timeout.max)
2024-01-25 07:57:33,178 [grpc-default-executor-3] INFO  server.RaftServer$Division (RaftServerImpl.java:requestVote(1390)) - s1@group-796A68A19D2E: receive requestVote(PRE_VOTE, s2, group-796A68A19D2E, 0, (t:0, i:0))
2024-01-25 07:57:33,178 [grpc-default-executor-6] INFO  server.RaftServer$Division (RaftServerImpl.java:requestVote(1390)) - s0@group-796A68A19D2E: receive requestVote(PRE_VOTE, s2, group-796A68A19D2E, 0, (t:0, i:0))
2024-01-25 07:57:33,180 [grpc-default-executor-3] INFO  impl.VoteContext (VoteContext.java:log(49)) - s1@group-796A68A19D2E-CANDIDATE: accept PRE_VOTE from s2: our priority 0 <= candidate's priority 0
2024-01-25 07:57:33,181 [grpc-default-executor-4] INFO  server.RaftServer$Division (RaftServerImpl.java:requestVote(1390)) - s1@group-796A68A19D2E: receive requestVote(PRE_VOTE, s0, group-796A68A19D2E, 0, (t:0, i:0))
2024-01-25 07:57:33,181 [grpc-default-executor-7] INFO  server.RaftServer$Division (RaftServerImpl.java:requestVote(1390)) - s0@group-796A68A19D2E: receive requestVote(PRE_VOTE, s2, group-796A68A19D2E, 0, (t:0, i:0))
2024-01-25 07:57:33,181 [grpc-default-executor-2] INFO  server.RaftServer$Division (RaftServerImpl.java:requestVote(1390)) - s1@group-796A68A19D2E: receive requestVote(PRE_VOTE, s0, group-796A68A19D2E, 0, (t:0, i:0))
2024-01-25 07:57:33,178 [grpc-default-executor-5] INFO  server.RaftServer$Division (RaftServerImpl.java:requestVote(1390)) - s2@group-796A68A19D2E: receive requestVote(PRE_VOTE, s0, group-796A68A19D2E, 0, (t:0, i:0))
2024-01-25 07:57:33,181 [grpc-default-executor-5] INFO  impl.VoteContext (VoteContext.java:log(49)) - s2@group-796A68A19D2E-CANDIDATE: accept PRE_VOTE from s0: our priority 0 <= candidate's priority 0
2024-01-25 07:57:33,182 [grpc-default-executor-6] INFO  impl.VoteContext (VoteContext.java:log(49)) - s0@group-796A68A19D2E-CANDIDATE: accept PRE_VOTE from s2: our priority 0 <= candidate's priority 0
2024-01-25 07:57:33,187 [grpc-default-executor-1] INFO  server.RaftServer$Division (RaftServerImpl.java:requestVote(1390)) - s2@group-796A68A19D2E: receive requestVote(PRE_VOTE, s0, group-796A68A19D2E, 0, (t:0, i:0))
2024-01-25 07:57:33,187 [grpc-default-executor-0] INFO  server.RaftServer$Division (RaftServerImpl.java:requestVote(1390)) - s0@group-796A68A19D2E: receive requestVote(PRE_VOTE, s1, group-796A68A19D2E, 0, (t:0, i:0))
2024-01-25 07:57:33,189 [grpc-default-executor-9] INFO  server.RaftServer$Division (RaftServerImpl.java:requestVote(1390)) - s0@group-796A68A19D2E: receive requestVote(PRE_VOTE, s1, group-796A68A19D2E, 0, (t:0, i:0))
2024-01-25 07:57:33,191 [grpc-default-executor-3] INFO  server.RaftServer$Division (RaftServerImpl.java:requestVote(1423)) - s1@group-796A68A19D2E replies to PRE_VOTE vote request: s2<-s1#0:OK-t0. Peer's state: s1@group-796A68A19D2E:t0, leader=null, voted=, raftlog=Memoized:s1@group-796A68A19D2E-SegmentedRaftLog:OPENED:c-1, conf=-1: peers:[s0|localhost:15000, s1|localhost:15004, s2|localhost:15008]|listeners:[], old=null
2024-01-25 07:57:33,191 [grpc-default-executor-6] INFO  server.RaftServer$Division (RaftServerImpl.java:requestVote(1423)) - s0@group-796A68A19D2E replies to PRE_VOTE vote request: s2<-s0#0:OK-t0. Peer's state: s0@group-796A68A19D2E:t0, leader=null, voted=, raftlog=Memoized:s0@group-796A68A19D2E-SegmentedRaftLog:OPENED:c-1, conf=-1: peers:[s0|localhost:15000, s1|localhost:15004, s2|localhost:15008]|listeners:[], old=null
2024-01-25 07:57:33,191 [grpc-default-executor-2] INFO  impl.VoteContext (VoteContext.java:log(49)) - s1@group-796A68A19D2E-CANDIDATE: accept PRE_VOTE from s0: our priority 0 <= candidate's priority 0
2024-01-25 07:57:33,192 [grpc-default-executor-2] INFO  server.RaftServer$Division (RaftServerImpl.java:requestVote(1423)) - s1@group-796A68A19D2E replies to PRE_VOTE vote request: s0<-s1#0:OK-t0. Peer's state: s1@group-796A68A19D2E:t0, leader=null, voted=, raftlog=Memoized:s1@group-796A68A19D2E-SegmentedRaftLog:OPENED:c-1, conf=-1: peers:[s0|localhost:15000, s1|localhost:15004, s2|localhost:15008]|listeners:[], old=null
2024-01-25 07:57:33,192 [grpc-default-executor-4] INFO  impl.VoteContext (VoteContext.java:log(49)) - s1@group-796A68A19D2E-CANDIDATE: accept PRE_VOTE from s0: our priority 0 <= candidate's priority 0
2024-01-25 07:57:33,192 [grpc-default-executor-4] INFO  server.RaftServer$Division (RaftServerImpl.java:requestVote(1423)) - s1@group-796A68A19D2E replies to PRE_VOTE vote request: s0<-s1#0:OK-t0. Peer's state: s1@group-796A68A19D2E:t0, leader=null, voted=, raftlog=Memoized:s1@group-796A68A19D2E-SegmentedRaftLog:OPENED:c-1, conf=-1: peers:[s0|localhost:15000, s1|localhost:15004, s2|localhost:15008]|listeners:[], old=null
2024-01-25 07:57:33,191 [grpc-default-executor-5] INFO  server.RaftServer$Division (RaftServerImpl.java:requestVote(1423)) - s2@group-796A68A19D2E replies to PRE_VOTE vote request: s0<-s2#0:OK-t0. Peer's state: s2@group-796A68A19D2E:t0, leader=null, voted=, raftlog=Memoized:s2@group-796A68A19D2E-SegmentedRaftLog:OPENED:c-1, conf=-1: peers:[s0|localhost:15000, s1|localhost:15004, s2|localhost:15008]|listeners:[], old=null
2024-01-25 07:57:33,195 [s0@group-796A68A19D2E-LeaderElection1] INFO  impl.LeaderElection (LeaderElection.java:logAndReturn(89)) - s0@group-796A68A19D2E-LeaderElection1: PRE_VOTE TIMEOUT received 0 response(s) and 0 exception(s):
2024-01-25 07:57:33,197 [s0@group-796A68A19D2E-LeaderElection1] INFO  impl.LeaderElection (LeaderElection.java:askForVotes(323)) - s0@group-796A68A19D2E-LeaderElection1 PRE_VOTE round 1: result TIMEOUT
2024-01-25 07:57:33,197 [grpc-default-executor-10] INFO  server.RaftServer$Division (RaftServerImpl.java:requestVote(1390)) - s2@group-796A68A19D2E: receive requestVote(PRE_VOTE, s1, group-796A68A19D2E, 0, (t:0, i:0))
2024-01-25 07:57:33,197 [grpc-default-executor-1] INFO  impl.VoteContext (VoteContext.java:log(49)) - s2@group-796A68A19D2E-CANDIDATE: accept PRE_VOTE from s0: our priority 0 <= candidate's priority 0
2024-01-25 07:57:33,197 [grpc-default-executor-1] INFO  server.RaftServer$Division (RaftServerImpl.java:requestVote(1423)) - s2@group-796A68A19D2E replies to PRE_VOTE vote request: s0<-s2#0:OK-t0. Peer's state: s2@group-796A68A19D2E:t0, leader=null, voted=, raftlog=Memoized:s2@group-796A68A19D2E-SegmentedRaftLog:OPENED:c-1, conf=-1: peers:[s0|localhost:15000, s1|localhost:15004, s2|localhost:15008]|listeners:[], old=null
2024-01-25 07:57:33,198 [grpc-default-executor-10] INFO  impl.VoteContext (VoteContext.java:log(49)) - s2@group-796A68A19D2E-CANDIDATE: accept PRE_VOTE from s1: our priority 0 <= candidate's priority 0
2024-01-25 07:57:33,198 [grpc-default-executor-10] INFO  server.RaftServer$Division (RaftServerImpl.java:requestVote(1423)) - s2@group-796A68A19D2E replies to PRE_VOTE vote request: s1<-s2#0:OK-t0. Peer's state: s2@group-796A68A19D2E:t0, leader=null, voted=, raftlog=Memoized:s2@group-796A68A19D2E-SegmentedRaftLog:OPENED:c-1, conf=-1: peers:[s0|localhost:15000, s1|localhost:15004, s2|localhost:15008]|listeners:[], old=null
2024-01-25 07:57:33,198 [grpc-default-executor-6] INFO  server.RaftServer$Division (RaftServerImpl.java:requestVote(1390)) - s1@group-796A68A19D2E: receive requestVote(PRE_VOTE, s2, group-796A68A19D2E, 0, (t:0, i:0))
2024-01-25 07:57:33,192 [grpc-default-executor-9] INFO  impl.VoteContext (VoteContext.java:log(49)) - s0@group-796A68A19D2E-CANDIDATE: accept PRE_VOTE from s1: our priority 0 <= candidate's priority 0
2024-01-25 07:57:33,198 [grpc-default-executor-6] INFO  impl.VoteContext (VoteContext.java:log(49)) - s1@group-796A68A19D2E-CANDIDATE: accept PRE_VOTE from s2: our priority 0 <= candidate's priority 0
2024-01-25 07:57:33,198 [grpc-default-executor-9] INFO  server.RaftServer$Division (RaftServerImpl.java:requestVote(1423)) - s0@group-796A68A19D2E replies to PRE_VOTE vote request: s1<-s0#0:OK-t0. Peer's state: s0@group-796A68A19D2E:t0, leader=null, voted=, raftlog=Memoized:s0@group-796A68A19D2E-SegmentedRaftLog:OPENED:c-1, conf=-1: peers:[s0|localhost:15000, s1|localhost:15004, s2|localhost:15008]|listeners:[], old=null
2024-01-25 07:57:33,198 [grpc-default-executor-6] INFO  server.RaftServer$Division (RaftServerImpl.java:requestVote(1423)) - s1@group-796A68A19D2E replies to PRE_VOTE vote request: s2<-s1#0:OK-t0. Peer's state: s1@group-796A68A19D2E:t0, leader=null, voted=, raftlog=Memoized:s1@group-796A68A19D2E-SegmentedRaftLog:OPENED:c-1, conf=-1: peers:[s0|localhost:15000, s1|localhost:15004, s2|localhost:15008]|listeners:[], old=null
2024-01-25 07:57:33,197 [grpc-default-executor-8] INFO  server.RaftServer$Division (RaftServerImpl.java:requestVote(1390)) - s2@group-796A68A19D2E: receive requestVote(PRE_VOTE, s1, group-796A68A19D2E, 0, (t:0, i:0))
2024-01-25 07:57:33,199 [grpc-default-executor-0] INFO  impl.VoteContext (VoteContext.java:log(49)) - s0@group-796A68A19D2E-CANDIDATE: accept PRE_VOTE from s1: our priority 0 <= candidate's priority 0
2024-01-25 07:57:33,199 [grpc-default-executor-8] INFO  impl.VoteContext (VoteContext.java:log(49)) - s2@group-796A68A19D2E-CANDIDATE: accept PRE_VOTE from s1: our priority 0 <= candidate's priority 0
2024-01-25 07:57:33,199 [grpc-default-executor-0] INFO  server.RaftServer$Division (RaftServerImpl.java:requestVote(1423)) - s0@group-796A68A19D2E replies to PRE_VOTE vote request: s1<-s0#0:OK-t0. Peer's state: s0@group-796A68A19D2E:t0, leader=null, voted=, raftlog=Memoized:s0@group-796A68A19D2E-SegmentedRaftLog:OPENED:c-1, conf=-1: peers:[s0|localhost:15000, s1|localhost:15004, s2|localhost:15008]|listeners:[], old=null
2024-01-25 07:57:33,199 [grpc-default-executor-8] INFO  server.RaftServer$Division (RaftServerImpl.java:requestVote(1423)) - s2@group-796A68A19D2E replies to PRE_VOTE vote request: s1<-s2#0:OK-t0. Peer's state: s2@group-796A68A19D2E:t0, leader=null, voted=, raftlog=Memoized:s2@group-796A68A19D2E-SegmentedRaftLog:OPENED:c-1, conf=-1: peers:[s0|localhost:15000, s1|localhost:15004, s2|localhost:15008]|listeners:[], old=null
2024-01-25 07:57:33,199 [grpc-default-executor-7] INFO  impl.VoteContext (VoteContext.java:log(49)) - s0@group-796A68A19D2E-CANDIDATE: accept PRE_VOTE from s2: our priority 0 <= candidate's priority 0
2024-01-25 07:57:33,200 [grpc-default-executor-7] INFO  server.RaftServer$Division (RaftServerImpl.java:requestVote(1423)) - s0@group-796A68A19D2E replies to PRE_VOTE vote request: s2<-s0#0:OK-t0. Peer's state: s0@group-796A68A19D2E:t0, leader=null, voted=, raftlog=Memoized:s0@group-796A68A19D2E-SegmentedRaftLog:OPENED:c-1, conf=-1: peers:[s0|localhost:15000, s1|localhost:15004, s2|localhost:15008]|listeners:[], old=null
2024-01-25 07:57:33,200 [s0@group-796A68A19D2E-LeaderElection1] INFO  impl.LeaderElection (LeaderElection.java:askForVotes(321)) - s0@group-796A68A19D2E-LeaderElection1 PRE_VOTE round 2: submit vote requests at term 0 for -1: peers:[s0|localhost:15000, s1|localhost:15004, s2|localhost:15008]|listeners:[], old=null
2024-01-25 07:57:33,208 [s0@group-796A68A19D2E-LeaderElection1] INFO  server.RaftServerConfigKeys (ConfUtils.java:logFallback(53)) - raft.server.rpc.first-election.timeout.min = 150ms (fallback to raft.server.rpc.timeout.min)
2024-01-25 07:57:33,209 [s0@group-796A68A19D2E-LeaderElection1] INFO  server.RaftServerConfigKeys (ConfUtils.java:logFallback(53)) - raft.server.rpc.first-election.timeout.max = 300ms (fallback to raft.server.rpc.timeout.max)
2024-01-25 07:57:33,210 [s2@group-796A68A19D2E-LeaderElection3] INFO  impl.LeaderElection (LeaderElection.java:logAndReturn(89)) - s2@group-796A68A19D2E-LeaderElection3: PRE_VOTE PASSED received 1 response(s) and 0 exception(s):
2024-01-25 07:57:33,210 [s2@group-796A68A19D2E-LeaderElection3] INFO  impl.LeaderElection (LeaderElection.java:logAndReturn(93)) -   Response 0: s2<-s0#0:OK-t0
2024-01-25 07:57:33,211 [s2@group-796A68A19D2E-LeaderElection3] INFO  impl.LeaderElection (LeaderElection.java:askForVotes(323)) - s2@group-796A68A19D2E-LeaderElection3 PRE_VOTE round 1: result PASSED
2024-01-25 07:57:33,211 [s2@group-796A68A19D2E-LeaderElection3] TRACE util.FileUtils (LogUtils.java:supplyAndLog(69)) - Successfully supplied FileChannel.open /home/runner/work/ratis/ratis/ratis-test/target/test/data/d3464635/MiniRaftClusterWithGrpc1ed7d450/s2/6ac8c789-bb5d-44a1-a5d6-796a68a19d2e/current/raft-meta.tmp with options [CREATE, WRITE]: sun.nio.ch.FileChannelImpl@ec81617
2024-01-25 07:57:33,213 [s2@group-796A68A19D2E-LeaderElection3] TRACE util.FileUtils (LogUtils.java:runAndLog(49)) - Successfully ran Atomic Files.move /home/runner/work/ratis/ratis/ratis-test/target/test/data/d3464635/MiniRaftClusterWithGrpc1ed7d450/s2/6ac8c789-bb5d-44a1-a5d6-796a68a19d2e/current/raft-meta.tmp to /home/runner/work/ratis/ratis/ratis-test/target/test/data/d3464635/MiniRaftClusterWithGrpc1ed7d450/s2/6ac8c789-bb5d-44a1-a5d6-796a68a19d2e/current/raft-meta with options [REPLACE_EXISTING]
2024-01-25 07:57:33,213 [s2@group-796A68A19D2E-LeaderElection3] INFO  impl.LeaderElection (LeaderElection.java:askForVotes(321)) - s2@group-796A68A19D2E-LeaderElection3 ELECTION round 1: submit vote requests at term 1 for -1: peers:[s0|localhost:15000, s1|localhost:15004, s2|localhost:15008]|listeners:[], old=null
2024-01-25 07:57:33,216 [grpc-default-executor-9] INFO  server.RaftServer$Division (RaftServerImpl.java:requestVote(1390)) - s2@group-796A68A19D2E: receive requestVote(PRE_VOTE, s0, group-796A68A19D2E, 0, (t:0, i:0))
2024-01-25 07:57:33,217 [grpc-default-executor-9] INFO  impl.VoteContext (VoteContext.java:log(49)) - s2@group-796A68A19D2E-CANDIDATE: accept PRE_VOTE from s0: our priority 0 <= candidate's priority 0
2024-01-25 07:57:33,217 [grpc-default-executor-9] INFO  server.RaftServer$Division (RaftServerImpl.java:requestVote(1423)) - s2@group-796A68A19D2E replies to PRE_VOTE vote request: s0<-s2#0:OK-t1. Peer's state: s2@group-796A68A19D2E:t1, leader=null, voted=s2, raftlog=Memoized:s2@group-796A68A19D2E-SegmentedRaftLog:OPENED:c-1, conf=-1: peers:[s0|localhost:15000, s1|localhost:15004, s2|localhost:15008]|listeners:[], old=null
2024-01-25 07:57:33,217 [s2@group-796A68A19D2E-LeaderElection3] INFO  server.RaftServerConfigKeys (ConfUtils.java:logFallback(53)) - raft.server.rpc.first-election.timeout.min = 150ms (fallback to raft.server.rpc.timeout.min)
2024-01-25 07:57:33,217 [s2@group-796A68A19D2E-LeaderElection3] INFO  server.RaftServerConfigKeys (ConfUtils.java:logFallback(53)) - raft.server.rpc.first-election.timeout.max = 300ms (fallback to raft.server.rpc.timeout.max)
2024-01-25 07:57:33,219 [grpc-default-executor-9] INFO  server.RaftServer$Division (RaftServerImpl.java:requestVote(1390)) - s1@group-796A68A19D2E: receive requestVote(PRE_VOTE, s0, group-796A68A19D2E, 0, (t:0, i:0))
2024-01-25 07:57:33,219 [grpc-default-executor-9] INFO  impl.VoteContext (VoteContext.java:log(49)) - s1@group-796A68A19D2E-CANDIDATE: accept PRE_VOTE from s0: our priority 0 <= candidate's priority 0
2024-01-25 07:57:33,219 [grpc-default-executor-9] INFO  server.RaftServer$Division (RaftServerImpl.java:requestVote(1423)) - s1@group-796A68A19D2E replies to PRE_VOTE vote request: s0<-s1#0:OK-t0. Peer's state: s1@group-796A68A19D2E:t0, leader=null, voted=, raftlog=Memoized:s1@group-796A68A19D2E-SegmentedRaftLog:OPENED:c-1, conf=-1: peers:[s0|localhost:15000, s1|localhost:15004, s2|localhost:15008]|listeners:[], old=null
2024-01-25 07:57:33,219 [s1@group-796A68A19D2E-LeaderElection2] INFO  impl.LeaderElection (LeaderElection.java:logAndReturn(89)) - s1@group-796A68A19D2E-LeaderElection2: PRE_VOTE PASSED received 1 response(s) and 0 exception(s):
2024-01-25 07:57:33,220 [s1@group-796A68A19D2E-LeaderElection2] INFO  impl.LeaderElection (LeaderElection.java:logAndReturn(93)) -   Response 0: s1<-s2#0:OK-t0
2024-01-25 07:57:33,220 [s1@group-796A68A19D2E-LeaderElection2] INFO  impl.LeaderElection (LeaderElection.java:askForVotes(323)) - s1@group-796A68A19D2E-LeaderElection2 PRE_VOTE round 1: result PASSED
2024-01-25 07:57:33,220 [s1@group-796A68A19D2E-LeaderElection2] TRACE util.FileUtils (LogUtils.java:supplyAndLog(69)) - Successfully supplied FileChannel.open /home/runner/work/ratis/ratis/ratis-test/target/test/data/d3464635/MiniRaftClusterWithGrpc1ed7d450/s1/6ac8c789-bb5d-44a1-a5d6-796a68a19d2e/current/raft-meta.tmp with options [CREATE, WRITE]: sun.nio.ch.FileChannelImpl@58363c35
2024-01-25 07:57:33,220 [s0@group-796A68A19D2E-LeaderElection1] INFO  impl.LeaderElection (LeaderElection.java:logAndReturn(89)) - s0@group-796A68A19D2E-LeaderElection1: PRE_VOTE DISCOVERED_A_NEW_TERM (term=1) received 1 response(s) and 0 exception(s):
2024-01-25 07:57:33,220 [s0@group-796A68A19D2E-LeaderElection1] INFO  impl.LeaderElection (LeaderElection.java:logAndReturn(93)) -   Response 0: s0<-s2#0:OK-t1
2024-01-25 07:57:33,220 [s0@group-796A68A19D2E-LeaderElection1] INFO  impl.LeaderElection (LeaderElection.java:askForVotes(323)) - s0@group-796A68A19D2E-LeaderElection1 PRE_VOTE round 2: result DISCOVERED_A_NEW_TERM (term=1)
2024-01-25 07:57:33,221 [s0@group-796A68A19D2E-LeaderElection1] INFO  server.RaftServer$Division (RaftServerImpl.java:setRole(333)) - s0@group-796A68A19D2E: changes role from CANDIDATE to FOLLOWER at term 1 for DISCOVERED_A_NEW_TERM (term=1)
2024-01-25 07:57:33,221 [s0@group-796A68A19D2E-LeaderElection1] INFO  impl.RoleInfo (RoleInfo.java:shutdownLeaderElection(131)) - s0: shutdown s0@group-796A68A19D2E-LeaderElection1
2024-01-25 07:57:33,221 [s1@group-796A68A19D2E-LeaderElection2] TRACE util.FileUtils (LogUtils.java:runAndLog(49)) - Successfully ran Atomic Files.move /home/runner/work/ratis/ratis/ratis-test/target/test/data/d3464635/MiniRaftClusterWithGrpc1ed7d450/s1/6ac8c789-bb5d-44a1-a5d6-796a68a19d2e/current/raft-meta.tmp to /home/runner/work/ratis/ratis/ratis-test/target/test/data/d3464635/MiniRaftClusterWithGrpc1ed7d450/s1/6ac8c789-bb5d-44a1-a5d6-796a68a19d2e/current/raft-meta with options [REPLACE_EXISTING]
2024-01-25 07:57:33,222 [grpc-default-executor-6] INFO  server.RaftServer$Division (RaftServerImpl.java:requestVote(1390)) - s0@group-796A68A19D2E: receive requestVote(ELECTION, s2, group-796A68A19D2E, 1, (t:0, i:0))
2024-01-25 07:57:33,222 [s1@group-796A68A19D2E-LeaderElection2] INFO  impl.LeaderElection (LeaderElection.java:askForVotes(321)) - s1@group-796A68A19D2E-LeaderElection2 ELECTION round 1: submit vote requests at term 1 for -1: peers:[s0|localhost:15000, s1|localhost:15004, s2|localhost:15008]|listeners:[], old=null
2024-01-25 07:57:33,222 [s0@group-796A68A19D2E-LeaderElection1] INFO  impl.RoleInfo (RoleInfo.java:updateAndGet(140)) - s0: start s0@group-796A68A19D2E-FollowerState
2024-01-25 07:57:33,222 [s0@group-796A68A19D2E-LeaderElection1] INFO  server.RaftServer$Division (RaftServerImpl.java:setFirstElection(505)) - s0@group-796A68A19D2E: set firstElectionSinceStartup to false for DISCOVERED_A_NEW_TERM (term=1)
2024-01-25 07:57:33,223 [s0@group-796A68A19D2E-LeaderElection1] TRACE util.FileUtils (LogUtils.java:supplyAndLog(69)) - Successfully supplied FileChannel.open /home/runner/work/ratis/ratis/ratis-test/target/test/data/d3464635/MiniRaftClusterWithGrpc1ed7d450/s0/6ac8c789-bb5d-44a1-a5d6-796a68a19d2e/current/raft-meta.tmp with options [CREATE, WRITE]: sun.nio.ch.FileChannelImpl@6850c83b
2024-01-25 07:57:33,224 [grpc-default-executor-9] INFO  server.RaftServer$Division (RaftServerImpl.java:requestVote(1390)) - s1@group-796A68A19D2E: receive requestVote(ELECTION, s2, group-796A68A19D2E, 1, (t:0, i:0))
2024-01-25 07:57:33,224 [grpc-default-executor-9] INFO  impl.VoteContext (VoteContext.java:log(49)) - s1@group-796A68A19D2E-CANDIDATE: reject ELECTION from s2: already has voted for s1 at current term 1
2024-01-25 07:57:33,225 [s0@group-796A68A19D2E-LeaderElection1] TRACE util.FileUtils (LogUtils.java:runAndLog(49)) - Successfully ran Atomic Files.move /home/runner/work/ratis/ratis/ratis-test/target/test/data/d3464635/MiniRaftClusterWithGrpc1ed7d450/s0/6ac8c789-bb5d-44a1-a5d6-796a68a19d2e/current/raft-meta.tmp to /home/runner/work/ratis/ratis/ratis-test/target/test/data/d3464635/MiniRaftClusterWithGrpc1ed7d450/s0/6ac8c789-bb5d-44a1-a5d6-796a68a19d2e/current/raft-meta with options [REPLACE_EXISTING]
2024-01-25 07:57:33,225 [grpc-default-executor-6] INFO  impl.VoteContext (VoteContext.java:log(49)) - s0@group-796A68A19D2E-FOLLOWER: accept ELECTION from s2: our priority 0 <= candidate's priority 0
2024-01-25 07:57:33,225 [grpc-default-executor-6] INFO  server.RaftServer$Division (RaftServerImpl.java:setRole(333)) - s0@group-796A68A19D2E: changes role from  FOLLOWER to FOLLOWER at term 1 for candidate:s2
2024-01-25 07:57:33,225 [grpc-default-executor-6] INFO  impl.RoleInfo (RoleInfo.java:shutdownFollowerState(111)) - s0: shutdown s0@group-796A68A19D2E-FollowerState
2024-01-25 07:57:33,225 [grpc-default-executor-9] INFO  server.RaftServer$Division (RaftServerImpl.java:requestVote(1423)) - s1@group-796A68A19D2E replies to ELECTION vote request: s2<-s1#0:FAIL-t1. Peer's state: s1@group-796A68A19D2E:t1, leader=null, voted=s1, raftlog=Memoized:s1@group-796A68A19D2E-SegmentedRaftLog:OPENED:c-1, conf=-1: peers:[s0|localhost:15000, s1|localhost:15004, s2|localhost:15008]|listeners:[], old=null
2024-01-25 07:57:33,232 [s1@group-796A68A19D2E-LeaderElection2] INFO  server.RaftServerConfigKeys (ConfUtils.java:logFallback(53)) - raft.server.rpc.first-election.timeout.min = 150ms (fallback to raft.server.rpc.timeout.min)
2024-01-25 07:57:33,232 [s1@group-796A68A19D2E-LeaderElection2] INFO  server.RaftServerConfigKeys (ConfUtils.java:logFallback(53)) - raft.server.rpc.first-election.timeout.max = 300ms (fallback to raft.server.rpc.timeout.max)
2024-01-25 07:57:33,233 [grpc-default-executor-6] INFO  impl.RoleInfo (RoleInfo.java:updateAndGet(140)) - s0: start s0@group-796A68A19D2E-FollowerState
2024-01-25 07:57:33,233 [s0@group-796A68A19D2E-FollowerState] INFO  impl.FollowerState (FollowerState.java:run(152)) - s0@group-796A68A19D2E-FollowerState was interrupted
2024-01-25 07:57:33,236 [grpc-default-executor-0] INFO  server.RaftServer$Division (RaftServerImpl.java:requestVote(1390)) - s0@group-796A68A19D2E: receive requestVote(ELECTION, s1, group-796A68A19D2E, 1, (t:0, i:0))
2024-01-25 07:57:33,236 [grpc-default-executor-9] INFO  server.RaftServer$Division (RaftServerImpl.java:requestVote(1390)) - s2@group-796A68A19D2E: receive requestVote(ELECTION, s1, group-796A68A19D2E, 1, (t:0, i:0))
2024-01-25 07:57:33,236 [grpc-default-executor-9] INFO  impl.VoteContext (VoteContext.java:log(49)) - s2@group-796A68A19D2E-CANDIDATE: reject ELECTION from s1: already has voted for s2 at current term 1
2024-01-25 07:57:33,237 [grpc-default-executor-6] TRACE util.FileUtils (LogUtils.java:supplyAndLog(69)) - Successfully supplied FileChannel.open /home/runner/work/ratis/ratis/ratis-test/target/test/data/d3464635/MiniRaftClusterWithGrpc1ed7d450/s0/6ac8c789-bb5d-44a1-a5d6-796a68a19d2e/current/raft-meta.tmp with options [CREATE, WRITE]: sun.nio.ch.FileChannelImpl@4c1c13d1
2024-01-25 07:57:33,238 [grpc-default-executor-9] INFO  server.RaftServer$Division (RaftServerImpl.java:requestVote(1423)) - s2@group-796A68A19D2E replies to ELECTION vote request: s1<-s2#0:FAIL-t1. Peer's state: s2@group-796A68A19D2E:t1, leader=null, voted=s2, raftlog=Memoized:s2@group-796A68A19D2E-SegmentedRaftLog:OPENED:c-1, conf=-1: peers:[s0|localhost:15000, s1|localhost:15004, s2|localhost:15008]|listeners:[], old=null
2024-01-25 07:57:33,238 [grpc-default-executor-6] TRACE util.FileUtils (LogUtils.java:runAndLog(49)) - Successfully ran Atomic Files.move /home/runner/work/ratis/ratis/ratis-test/target/test/data/d3464635/MiniRaftClusterWithGrpc1ed7d450/s0/6ac8c789-bb5d-44a1-a5d6-796a68a19d2e/current/raft-meta.tmp to /home/runner/work/ratis/ratis/ratis-test/target/test/data/d3464635/MiniRaftClusterWithGrpc1ed7d450/s0/6ac8c789-bb5d-44a1-a5d6-796a68a19d2e/current/raft-meta with options [REPLACE_EXISTING]
2024-01-25 07:57:33,240 [grpc-default-executor-6] INFO  server.RaftServer$Division (RaftServerImpl.java:requestVote(1423)) - s0@group-796A68A19D2E replies to ELECTION vote request: s2<-s0#0:OK-t1. Peer's state: s0@group-796A68A19D2E:t1, leader=null, voted=s2, raftlog=Memoized:s0@group-796A68A19D2E-SegmentedRaftLog:OPENED:c-1, conf=-1: peers:[s0|localhost:15000, s1|localhost:15004, s2|localhost:15008]|listeners:[], old=null
2024-01-25 07:57:33,241 [grpc-default-executor-0] INFO  impl.VoteContext (VoteContext.java:log(49)) - s0@group-796A68A19D2E-FOLLOWER: reject ELECTION from s1: already has voted for s2 at current term 1
2024-01-25 07:57:33,241 [grpc-default-executor-0] INFO  server.RaftServer$Division (RaftServerImpl.java:requestVote(1423)) - s0@group-796A68A19D2E replies to ELECTION vote request: s1<-s0#0:FAIL-t1. Peer's state: s0@group-796A68A19D2E:t1, leader=null, voted=s2, raftlog=Memoized:s0@group-796A68A19D2E-SegmentedRaftLog:OPENED:c-1, conf=-1: peers:[s0|localhost:15000, s1|localhost:15004, s2|localhost:15008]|listeners:[], old=null
2024-01-25 07:57:33,243 [s2@group-796A68A19D2E-LeaderElection3] INFO  impl.LeaderElection (LeaderElection.java:logAndReturn(89)) - s2@group-796A68A19D2E-LeaderElection3: ELECTION PASSED received 2 response(s) and 0 exception(s):
2024-01-25 07:57:33,243 [s2@group-796A68A19D2E-LeaderElection3] INFO  impl.LeaderElection (LeaderElection.java:logAndReturn(93)) -   Response 0: s2<-s0#0:OK-t1
2024-01-25 07:57:33,243 [s2@group-796A68A19D2E-LeaderElection3] INFO  impl.LeaderElection (LeaderElection.java:logAndReturn(93)) -   Response 1: s2<-s1#0:FAIL-t1
2024-01-25 07:57:33,243 [s2@group-796A68A19D2E-LeaderElection3] INFO  impl.LeaderElection (LeaderElection.java:askForVotes(323)) - s2@group-796A68A19D2E-LeaderElection3 ELECTION round 1: result PASSED
2024-01-25 07:57:33,243 [s2@group-796A68A19D2E-LeaderElection3] INFO  impl.RoleInfo (RoleInfo.java:shutdownLeaderElection(131)) - s2: shutdown s2@group-796A68A19D2E-LeaderElection3
2024-01-25 07:57:33,243 [s2@group-796A68A19D2E-LeaderElection3] INFO  server.RaftServer$Division (RaftServerImpl.java:setRole(333)) - s2@group-796A68A19D2E: changes role from CANDIDATE to LEADER at term 1 for changeToLeader
2024-01-25 07:57:33,246 [s1@group-796A68A19D2E-LeaderElection2] INFO  impl.LeaderElection (LeaderElection.java:logAndReturn(89)) - s1@group-796A68A19D2E-LeaderElection2: ELECTION REJECTED received 2 response(s) and 0 exception(s):
2024-01-25 07:57:33,246 [s1@group-796A68A19D2E-LeaderElection2] INFO  impl.LeaderElection (LeaderElection.java:logAndReturn(93)) -   Response 0: s1<-s0#0:FAIL-t1
2024-01-25 07:57:33,247 [s1@group-796A68A19D2E-LeaderElection2] INFO  impl.LeaderElection (LeaderElection.java:logAndReturn(93)) -   Response 1: s1<-s2#0:FAIL-t1
2024-01-25 07:57:33,247 [s1@group-796A68A19D2E-LeaderElection2] INFO  impl.LeaderElection (LeaderElection.java:askForVotes(323)) - s1@group-796A68A19D2E-LeaderElection2 ELECTION round 1: result REJECTED
2024-01-25 07:57:33,247 [s1@group-796A68A19D2E-LeaderElection2] INFO  server.RaftServer$Division (RaftServerImpl.java:setRole(333)) - s1@group-796A68A19D2E: changes role from CANDIDATE to FOLLOWER at term 1 for REJECTED
2024-01-25 07:57:33,247 [s1@group-796A68A19D2E-LeaderElection2] INFO  impl.RoleInfo (RoleInfo.java:shutdownLeaderElection(131)) - s1: shutdown s1@group-796A68A19D2E-LeaderElection2
2024-01-25 07:57:33,247 [s1@group-796A68A19D2E-LeaderElection2] INFO  impl.RoleInfo (RoleInfo.java:updateAndGet(140)) - s1: start s1@group-796A68A19D2E-FollowerState
2024-01-25 07:57:33,249 [s1@group-796A68A19D2E-LeaderElection2] INFO  server.RaftServer$Division (RaftServerImpl.java:setFirstElection(505)) - s1@group-796A68A19D2E: set firstElectionSinceStartup to false for REJECTED
2024-01-25 07:57:33,253 [s2@group-796A68A19D2E-LeaderElection3] INFO  server.RaftServerConfigKeys (ConfUtils.java:logGet(46)) - raft.server.staging.catchup.gap = 1000 (default)
2024-01-25 07:57:33,258 [s2@group-796A68A19D2E-LeaderElection3] INFO  server.RaftServerConfigKeys (ConfUtils.java:logGet(46)) - raft.server.write.element-limit = 4096 (default)
2024-01-25 07:57:33,259 [s2@group-796A68A19D2E-LeaderElection3] INFO  server.RaftServerConfigKeys (ConfUtils.java:logGet(46)) - raft.server.write.byte-limit = 64MB (=67108864) (default)
2024-01-25 07:57:33,262 [s2@group-796A68A19D2E-LeaderElection3] INFO  server.RaftServerConfigKeys (ConfUtils.java:logGet(46)) - raft.server.watch.timeout = 10s (default)
2024-01-25 07:57:33,262 [s2@group-796A68A19D2E-LeaderElection3] INFO  server.RaftServerConfigKeys (ConfUtils.java:logGet(46)) - raft.server.watch.timeout.denomination = 1s (default)
2024-01-25 07:57:33,262 [s2@group-796A68A19D2E-LeaderElection3] INFO  server.RaftServerConfigKeys (ConfUtils.java:logGet(46)) - raft.server.watch.element-limit = 65536 (default)
2024-01-25 07:57:33,271 [s2@group-796A68A19D2E-LeaderElection3] INFO  server.RaftServerConfigKeys (ConfUtils.java:logGet(46)) - raft.server.read.leader.lease.enabled = false (default)
2024-01-25 07:57:33,273 [s2@group-796A68A19D2E-LeaderElection3] INFO  server.RaftServerConfigKeys (ConfUtils.java:logGet(46)) - raft.server.read.leader.lease.timeout.ratio = 0.9 (default)
2024-01-25 07:57:33,273 [s2@group-796A68A19D2E-LeaderElection3] INFO  server.RaftServerConfigKeys (ConfUtils.java:logGet(46)) - raft.server.rpc.timeout.min = 150ms (default)
2024-01-25 07:57:33,273 [s2@group-796A68A19D2E-LeaderElection3] INFO  server.RaftServerConfigKeys (ConfUtils.java:logGet(46)) - raft.server.write.element-limit = 4096 (default)
2024-01-25 07:57:33,273 [s2@group-796A68A19D2E-LeaderElection3] INFO  server.RaftServerConfigKeys (ConfUtils.java:logGet(46)) - raft.server.write.follower.gap.ratio.max = -1.0 (default)
2024-01-25 07:57:33,285 [s2@group-796A68A19D2E-LeaderElection3] INFO  server.RaftServerConfigKeys (ConfUtils.java:logGet(46)) - raft.server.log.appender.snapshot.chunk.size.max = 16MB (=16777216) (default)
2024-01-25 07:57:33,285 [s2@group-796A68A19D2E-LeaderElection3] INFO  server.RaftServerConfigKeys (ConfUtils.java:logGet(46)) - raft.server.log.appender.buffer.byte-limit = 4MB (=4194304) (default)
2024-01-25 07:57:33,285 [s2@group-796A68A19D2E-LeaderElection3] INFO  server.RaftServerConfigKeys (ConfUtils.java:logGet(46)) - raft.server.log.appender.buffer.element-limit = 0 (default)
2024-01-25 07:57:33,288 [s2@group-796A68A19D2E-LeaderElection3] INFO  server.RaftServerConfigKeys (ConfUtils.java:logGet(46)) - raft.server.log.appender.wait-time.min = 1ms (default)
2024-01-25 07:57:33,289 [s2@group-796A68A19D2E-LeaderElection3] INFO  grpc.GrpcConfigKeys (ConfUtils.java:logGet(46)) - raft.grpc.server.leader.outstanding.appends.max = 8 (default)
2024-01-25 07:57:33,289 [s2@group-796A68A19D2E-LeaderElection3] INFO  server.RaftServerConfigKeys (ConfUtils.java:logGet(46)) - raft.server.rpc.request.timeout = 3000ms (default)
2024-01-25 07:57:33,289 [s2@group-796A68A19D2E-LeaderElection3] INFO  grpc.GrpcConfigKeys (ConfUtils.java:logGet(46)) - raft.grpc.server.install_snapshot.request.element-limit = 8 (default)
2024-01-25 07:57:33,290 [s2@group-796A68A19D2E-LeaderElection3] INFO  grpc.GrpcConfigKeys (ConfUtils.java:logGet(46)) - raft.grpc.server.install_snapshot.request.timeout = 3000ms (default)
2024-01-25 07:57:33,290 [s2@group-796A68A19D2E-LeaderElection3] INFO  grpc.GrpcConfigKeys (ConfUtils.java:logGet(46)) - raft.grpc.server.log-message.batch.duration = 5s (default)
2024-01-25 07:57:33,290 [s2@group-796A68A19D2E-LeaderElection3] INFO  server.RaftServerConfigKeys (ConfUtils.java:logGet(46)) - raft.server.log.appender.install.snapshot.enabled = true (default)
2024-01-25 07:57:33,290 [s2@group-796A68A19D2E-LeaderElection3] INFO  grpc.GrpcConfigKeys (ConfUtils.java:logGet(46)) - raft.grpc.server.heartbeat.channel = true (default)
2024-01-25 07:57:33,295 [s2@group-796A68A19D2E-LeaderElection3] INFO  server.RaftServerConfigKeys (ConfUtils.java:logGet(46)) - raft.server.log.appender.snapshot.chunk.size.max = 16MB (=16777216) (default)
2024-01-25 07:57:33,295 [s2@group-796A68A19D2E-LeaderElection3] INFO  server.RaftServerConfigKeys (ConfUtils.java:logGet(46)) - raft.server.log.appender.buffer.byte-limit = 4MB (=4194304) (default)
2024-01-25 07:57:33,295 [s2@group-796A68A19D2E-LeaderElection3] INFO  server.RaftServerConfigKeys (ConfUtils.java:logGet(46)) - raft.server.log.appender.buffer.element-limit = 0 (default)
2024-01-25 07:57:33,296 [s2@group-796A68A19D2E-LeaderElection3] INFO  server.RaftServerConfigKeys (ConfUtils.java:logGet(46)) - raft.server.log.appender.wait-time.min = 1ms (default)
2024-01-25 07:57:33,296 [s2@group-796A68A19D2E-LeaderElection3] INFO  grpc.GrpcConfigKeys (ConfUtils.java:logGet(46)) - raft.grpc.server.leader.outstanding.appends.max = 8 (default)
2024-01-25 07:57:33,296 [s2@group-796A68A19D2E-LeaderElection3] INFO  server.RaftServerConfigKeys (ConfUtils.java:logGet(46)) - raft.server.rpc.request.timeout = 3000ms (default)
2024-01-25 07:57:33,296 [s2@group-796A68A19D2E-LeaderElection3] INFO  grpc.GrpcConfigKeys (ConfUtils.java:logGet(46)) - raft.grpc.server.install_snapshot.request.element-limit = 8 (default)
2024-01-25 07:57:33,296 [s2@group-796A68A19D2E-LeaderElection3] INFO  grpc.GrpcConfigKeys (ConfUtils.java:logGet(46)) - raft.grpc.server.install_snapshot.request.timeout = 3000ms (default)
2024-01-25 07:57:33,296 [s2@group-796A68A19D2E-LeaderElection3] INFO  grpc.GrpcConfigKeys (ConfUtils.java:logGet(46)) - raft.grpc.server.log-message.batch.duration = 5s (default)
2024-01-25 07:57:33,296 [s2@group-796A68A19D2E-LeaderElection3] INFO  server.RaftServerConfigKeys (ConfUtils.java:logGet(46)) - raft.server.log.appender.install.snapshot.enabled = true (default)
2024-01-25 07:57:33,296 [s2@group-796A68A19D2E-LeaderElection3] INFO  grpc.GrpcConfigKeys (ConfUtils.java:logGet(46)) - raft.grpc.server.heartbeat.channel = true (default)
2024-01-25 07:57:33,297 [s2@group-796A68A19D2E-LeaderElection3] INFO  impl.RoleInfo (RoleInfo.java:updateAndGet(140)) - s2: start s2@group-796A68A19D2E-LeaderStateImpl
2024-01-25 07:57:33,298 [s2@group-796A68A19D2E-LeaderElection3] INFO  server.RaftServer$Division (RaftServerImpl.java:setFirstElection(505)) - s2@group-796A68A19D2E: set firstElectionSinceStartup to false for becomeLeader
2024-01-25 07:57:33,298 [s2@group-796A68A19D2E-LeaderElection3] INFO  server.RaftServer$Division (ServerState.java:setLeader(269)) - s2@group-796A68A19D2E: change Leader from null to s2 at term 1 for becomeLeader, leader elected after 939ms
2024-01-25 07:57:33,327 [s2@group-796A68A19D2E-LeaderElection3] INFO  segmented.SegmentedRaftLogWorker (SegmentedRaftLogWorker.java:startLogSegment(430)) - s2@group-796A68A19D2E-SegmentedRaftLogWorker: Starting segment from index:0
2024-01-25 07:57:33,338 [s2@group-796A68A19D2E-LeaderElection3] INFO  server.RaftServer$Division (ServerState.java:setRaftConf(386)) - s2@group-796A68A19D2E: set configuration 0: peers:[s0|localhost:15000, s1|localhost:15004, s2|localhost:15008]|listeners:[], old=null
2024-01-25 07:57:33,355 [s2@group-796A68A19D2E-SegmentedRaftLogWorker] INFO  segmented.BufferedWriteChannel (BufferedWriteChannel.java:open(61)) - open log_inprogress_0 at position 0
2024-01-25 07:57:33,370 [s2@group-796A68A19D2E-SegmentedRaftLogWorker] INFO  segmented.SegmentedRaftLogWorker (SegmentedRaftLogWorker.java:execute(634)) - s2@group-796A68A19D2E-SegmentedRaftLogWorker: created new log segment /home/runner/work/ratis/ratis/ratis-test/target/test/data/d3464635/MiniRaftClusterWithGrpc1ed7d450/s2/6ac8c789-bb5d-44a1-a5d6-796a68a19d2e/current/log_inprogress_0
2024-01-25 07:57:33,410 [s0@group-796A68A19D2E-FollowerState] INFO  impl.FollowerState (FollowerState.java:run(143)) - s0@group-796A68A19D2E-FollowerState: change to CANDIDATE, lastRpcElapsedTime:169491198ns, electionTimeout:162ms
2024-01-25 07:57:33,410 [s0@group-796A68A19D2E-FollowerState] INFO  impl.RoleInfo (RoleInfo.java:shutdownFollowerState(111)) - s0: shutdown s0@group-796A68A19D2E-FollowerState
2024-01-25 07:57:33,410 [s0@group-796A68A19D2E-FollowerState] INFO  server.RaftServer$Division (RaftServerImpl.java:setRole(333)) - s0@group-796A68A19D2E: changes role from  FOLLOWER to CANDIDATE at term 1 for changeToCandidate
2024-01-25 07:57:33,410 [s0@group-796A68A19D2E-FollowerState] INFO  server.RaftServerConfigKeys (ConfUtils.java:logGet(46)) - raft.server.leaderelection.pre-vote = true (default)
2024-01-25 07:57:33,410 [s0@group-796A68A19D2E-FollowerState] INFO  impl.RoleInfo (RoleInfo.java:updateAndGet(140)) - s0: start s0@group-796A68A19D2E-LeaderElection4
2024-01-25 07:57:33,416 [s0@group-796A68A19D2E-LeaderElection4] INFO  impl.LeaderElection (LeaderElection.java:askForVotes(321)) - s0@group-796A68A19D2E-LeaderElection4 PRE_VOTE round 0: submit vote requests at term 1 for -1: peers:[s0|localhost:15000, s1|localhost:15004, s2|localhost:15008]|listeners:[], old=null
2024-01-25 07:57:33,423 [grpc-default-executor-0] INFO  server.RaftServer$Division (RaftServerImpl.java:requestVote(1390)) - s1@group-796A68A19D2E: receive requestVote(PRE_VOTE, s0, group-796A68A19D2E, 1, (t:0, i:0))
2024-01-25 07:57:33,424 [grpc-default-executor-0] INFO  impl.VoteContext (VoteContext.java:log(49)) - s1@group-796A68A19D2E-FOLLOWER: accept PRE_VOTE from s0: our priority 0 <= candidate's priority 0
2024-01-25 07:57:33,424 [grpc-default-executor-0] INFO  server.RaftServer$Division (RaftServerImpl.java:requestVote(1423)) - s1@group-796A68A19D2E replies to PRE_VOTE vote request: s0<-s1#0:OK-t1. Peer's state: s1@group-796A68A19D2E:t1, leader=null, voted=s1, raftlog=Memoized:s1@group-796A68A19D2E-SegmentedRaftLog:OPENED:c-1, conf=-1: peers:[s0|localhost:15000, s1|localhost:15004, s2|localhost:15008]|listeners:[], old=null
2024-01-25 07:57:33,425 [s0-server-thread1] INFO  server.RaftServer$Division (RaftServerImpl.java:setRole(333)) - s0@group-796A68A19D2E: changes role from CANDIDATE to FOLLOWER at term 1 for appendEntries
2024-01-25 07:57:33,425 [s0-server-thread1] INFO  impl.RoleInfo (RoleInfo.java:shutdownLeaderElection(131)) - s0: shutdown s0@group-796A68A19D2E-LeaderElection4
2024-01-25 07:57:33,426 [s0@group-796A68A19D2E-LeaderElection4] INFO  impl.LeaderElection (LeaderElection.java:logAndReturn(89)) - s0@group-796A68A19D2E-LeaderElection4: PRE_VOTE PASSED received 1 response(s) and 0 exception(s):
2024-01-25 07:57:33,427 [s0@group-796A68A19D2E-LeaderElection4] INFO  impl.LeaderElection (LeaderElection.java:logAndReturn(93)) -   Response 0: s0<-s1#0:OK-t1
2024-01-25 07:57:33,427 [s0@group-796A68A19D2E-LeaderElection4] INFO  impl.LeaderElection (LeaderElection.java:askForVotes(323)) - s0@group-796A68A19D2E-LeaderElection4 PRE_VOTE round 0: result PASSED
2024-01-25 07:57:33,427 [grpc-default-executor-0] INFO  server.RaftServer$Division (RaftServerImpl.java:requestVote(1390)) - s2@group-796A68A19D2E: receive requestVote(PRE_VOTE, s0, group-796A68A19D2E, 1, (t:0, i:0))
2024-01-25 07:57:33,427 [s0-server-thread1] INFO  impl.RoleInfo (RoleInfo.java:updateAndGet(140)) - s0: start s0@group-796A68A19D2E-FollowerState
2024-01-25 07:57:33,427 [grpc-default-executor-0] INFO  impl.VoteContext (VoteContext.java:log(49)) - s2@group-796A68A19D2E-LEADER: reject PRE_VOTE from s0: this server is the leader and still has leadership
2024-01-25 07:57:33,428 [grpc-default-executor-0] INFO  server.RaftServer$Division (RaftServerImpl.java:requestVote(1423)) - s2@group-796A68A19D2E replies to PRE_VOTE vote request: s0<-s2#0:FAIL-t1. Peer's state: s2@group-796A68A19D2E:t1, leader=s2, voted=s2, raftlog=Memoized:s2@group-796A68A19D2E-SegmentedRaftLog:OPENED:c-1, conf=0: peers:[s0|localhost:15000, s1|localhost:15004, s2|localhost:15008]|listeners:[], old=null
2024-01-25 07:57:33,432 [s0-server-thread1] INFO  server.RaftServer$Division (ServerState.java:setLeader(269)) - s0@group-796A68A19D2E: change Leader from null to s2 at term 1 for appendEntries, leader elected after 1073ms
2024-01-25 07:57:33,441 [s1-server-thread1] INFO  server.RaftServer$Division (ServerState.java:setLeader(269)) - s1@group-796A68A19D2E: change Leader from null to s2 at term 1 for appendEntries, leader elected after 1082ms
2024-01-25 07:57:33,541 [Time-limited test] WARN  ratis.RaftTestUtil (RaftTestUtil.java:lambda$waitForLeader$3(120)) - Attempt #3 failed: java.lang.IllegalStateException: Leader: s2@group-796A68A19D2E not ready
2024-01-25 07:57:33,588 [s0-server-thread3] DEBUG server.RaftServer$Division (RaftServerImpl.java:logAppendEntries(1520)) - s0@group-796A68A19D2E: receive appendEntries(s2, 1, null, -1, false, commits:[s2:c-1, s0:c-1, s1:c-1], cId:2, entries: [(t:1, i:0), CONFIGURATIONENTRY(current:id: "s0"
address: "localhost:15000"
dataStreamAddress: "localhost:15003"
clientAddress: "localhost:15002"
adminAddress: "localhost:15001"
startupRole: FOLLOWER
,id: "s1"
address: "localhost:15004"
dataStreamAddress: "localhost:15007"
clientAddress: "localhost:15006"
adminAddress: "localhost:15005"
startupRole: FOLLOWER
,id: "s2"
address: "localhost:15008"
dataStreamAddress: "localhost:15011"
clientAddress: "localhost:15010"
adminAddress: "localhost:15009"
startupRole: FOLLOWER
, old:)]
2024-01-25 07:57:33,588 [s1-server-thread3] DEBUG server.RaftServer$Division (RaftServerImpl.java:logAppendEntries(1520)) - s1@group-796A68A19D2E: receive appendEntries(s2, 1, null, -1, false, commits:[s2:c-1, s0:c-1, s1:c-1], cId:2, entries: [(t:1, i:0), CONFIGURATIONENTRY(current:id: "s0"
address: "localhost:15000"
dataStreamAddress: "localhost:15003"
clientAddress: "localhost:15002"
adminAddress: "localhost:15001"
startupRole: FOLLOWER
,id: "s1"
address: "localhost:15004"
dataStreamAddress: "localhost:15007"
clientAddress: "localhost:15006"
adminAddress: "localhost:15005"
startupRole: FOLLOWER
,id: "s2"
address: "localhost:15008"
dataStreamAddress: "localhost:15011"
clientAddress: "localhost:15010"
adminAddress: "localhost:15009"
startupRole: FOLLOWER
, old:)]
2024-01-25 07:57:33,589 [s0-server-thread3] INFO  server.RaftServer$Division (ServerState.java:setRaftConf(386)) - s0@group-796A68A19D2E: set configuration 0: peers:[s0|localhost:15000, s1|localhost:15004, s2|localhost:15008]|listeners:[], old=null
2024-01-25 07:57:33,592 [s0-server-thread3] INFO  segmented.SegmentedRaftLogWorker (SegmentedRaftLogWorker.java:startLogSegment(430)) - s0@group-796A68A19D2E-SegmentedRaftLogWorker: Starting segment from index:0
2024-01-25 07:57:33,592 [s0@group-796A68A19D2E-SegmentedRaftLogWorker] INFO  segmented.BufferedWriteChannel (BufferedWriteChannel.java:open(61)) - open log_inprogress_0 at position 0
2024-01-25 07:57:33,593 [s1-server-thread3] INFO  server.RaftServer$Division (ServerState.java:setRaftConf(386)) - s1@group-796A68A19D2E: set configuration 0: peers:[s0|localhost:15000, s1|localhost:15004, s2|localhost:15008]|listeners:[], old=null
2024-01-25 07:57:33,593 [s1-server-thread3] INFO  segmented.SegmentedRaftLogWorker (SegmentedRaftLogWorker.java:startLogSegment(430)) - s1@group-796A68A19D2E-SegmentedRaftLogWorker: Starting segment from index:0
2024-01-25 07:57:33,594 [s1@group-796A68A19D2E-SegmentedRaftLogWorker] INFO  segmented.BufferedWriteChannel (BufferedWriteChannel.java:open(61)) - open log_inprogress_0 at position 0
2024-01-25 07:57:33,604 [s0@group-796A68A19D2E-SegmentedRaftLogWorker] INFO  segmented.SegmentedRaftLogWorker (SegmentedRaftLogWorker.java:execute(634)) - s0@group-796A68A19D2E-SegmentedRaftLogWorker: created new log segment /home/runner/work/ratis/ratis/ratis-test/target/test/data/d3464635/MiniRaftClusterWithGrpc1ed7d450/s0/6ac8c789-bb5d-44a1-a5d6-796a68a19d2e/current/log_inprogress_0
2024-01-25 07:57:33,604 [s1@group-796A68A19D2E-SegmentedRaftLogWorker] INFO  segmented.SegmentedRaftLogWorker (SegmentedRaftLogWorker.java:execute(634)) - s1@group-796A68A19D2E-SegmentedRaftLogWorker: created new log segment /home/runner/work/ratis/ratis/ratis-test/target/test/data/d3464635/MiniRaftClusterWithGrpc1ed7d450/s1/6ac8c789-bb5d-44a1-a5d6-796a68a19d2e/current/log_inprogress_0
2024-01-25 07:57:33,605 [s0-server-thread3] DEBUG server.RaftServer$Division (RaftServerImpl.java:logAppendEntries(1520)) - s0@group-796A68A19D2E: succeeded to handle AppendEntries. Reply: s2<-s0#2:OK-t1,SUCCESS,nextIndex=1,followerCommit=-1,matchIndex=0
2024-01-25 07:57:33,605 [s1-server-thread3] DEBUG server.RaftServer$Division (RaftServerImpl.java:logAppendEntries(1520)) - s1@group-796A68A19D2E: succeeded to handle AppendEntries. Reply: s2<-s1#2:OK-t1,SUCCESS,nextIndex=1,followerCommit=-1,matchIndex=0
2024-01-25 07:57:33,612 [s2@group-796A68A19D2E-StateMachineUpdater] TRACE util.FileUtils (LogUtils.java:supplyAndLog(69)) - Successfully supplied FileChannel.open /home/runner/work/ratis/ratis/ratis-test/target/test/data/d3464635/MiniRaftClusterWithGrpc1ed7d450/s2/6ac8c789-bb5d-44a1-a5d6-796a68a19d2e/current/raft-meta.conf.tmp with options [CREATE, WRITE]: sun.nio.ch.FileChannelImpl@c4bbf57
2024-01-25 07:57:33,616 [s2@group-796A68A19D2E-StateMachineUpdater] TRACE util.FileUtils (LogUtils.java:runAndLog(49)) - Successfully ran Atomic Files.move /home/runner/work/ratis/ratis/ratis-test/target/test/data/d3464635/MiniRaftClusterWithGrpc1ed7d450/s2/6ac8c789-bb5d-44a1-a5d6-796a68a19d2e/current/raft-meta.conf.tmp to /home/runner/work/ratis/ratis/ratis-test/target/test/data/d3464635/MiniRaftClusterWithGrpc1ed7d450/s2/6ac8c789-bb5d-44a1-a5d6-796a68a19d2e/current/raft-meta.conf with options [REPLACE_EXISTING]
2024-01-25 07:57:33,617 [s2@group-796A68A19D2E-StateMachineUpdater] INFO  server.RaftServer$Division (LeaderStateImpl.java:isApplied(321)) - leader is ready since appliedIndex == 0 >= startIndex == 0
2024-01-25 07:57:33,691 [s0@group-796A68A19D2E-StateMachineUpdater] TRACE util.FileUtils (LogUtils.java:supplyAndLog(69)) - Successfully supplied FileChannel.open /home/runner/work/ratis/ratis/ratis-test/target/test/data/d3464635/MiniRaftClusterWithGrpc1ed7d450/s0/6ac8c789-bb5d-44a1-a5d6-796a68a19d2e/current/raft-meta.conf.tmp with options [CREATE, WRITE]: sun.nio.ch.FileChannelImpl@2581452b
2024-01-25 07:57:33,693 [s0@group-796A68A19D2E-StateMachineUpdater] TRACE util.FileUtils (LogUtils.java:runAndLog(49)) - Successfully ran Atomic Files.move /home/runner/work/ratis/ratis/ratis-test/target/test/data/d3464635/MiniRaftClusterWithGrpc1ed7d450/s0/6ac8c789-bb5d-44a1-a5d6-796a68a19d2e/current/raft-meta.conf.tmp to /home/runner/work/ratis/ratis/ratis-test/target/test/data/d3464635/MiniRaftClusterWithGrpc1ed7d450/s0/6ac8c789-bb5d-44a1-a5d6-796a68a19d2e/current/raft-meta.conf with options [REPLACE_EXISTING]
2024-01-25 07:57:33,695 [s1@group-796A68A19D2E-StateMachineUpdater] TRACE util.FileUtils (LogUtils.java:supplyAndLog(69)) - Successfully supplied FileChannel.open /home/runner/work/ratis/ratis/ratis-test/target/test/data/d3464635/MiniRaftClusterWithGrpc1ed7d450/s1/6ac8c789-bb5d-44a1-a5d6-796a68a19d2e/current/raft-meta.conf.tmp with options [CREATE, WRITE]: sun.nio.ch.FileChannelImpl@76a2a376
2024-01-25 07:57:33,698 [s1@group-796A68A19D2E-StateMachineUpdater] TRACE util.FileUtils (LogUtils.java:runAndLog(49)) - Successfully ran Atomic Files.move /home/runner/work/ratis/ratis/ratis-test/target/test/data/d3464635/MiniRaftClusterWithGrpc1ed7d450/s1/6ac8c789-bb5d-44a1-a5d6-796a68a19d2e/current/raft-meta.conf.tmp to /home/runner/work/ratis/ratis/ratis-test/target/test/data/d3464635/MiniRaftClusterWithGrpc1ed7d450/s1/6ac8c789-bb5d-44a1-a5d6-796a68a19d2e/current/raft-meta.conf with options [REPLACE_EXISTING]
2024-01-25 07:57:33,992 [Time-limited test] INFO  ratis.RaftTestUtil (RaftTestUtil.java:waitForLeader(125)) - printing ALL groups
  s0:  RUNNING  FOLLOWER s0@group-796A68A19D2E:t1, leader=s2, voted=s2, raftlog=Memoized:s0@group-796A68A19D2E-SegmentedRaftLog:OPENED:c0, conf=0: peers:[s0|localhost:15000, s1|localhost:15004, s2|localhost:15008]|listeners:[], old=null RUNNING
  s1:  RUNNING  FOLLOWER s1@group-796A68A19D2E:t1, leader=s2, voted=s1, raftlog=Memoized:s1@group-796A68A19D2E-SegmentedRaftLog:OPENED:c0, conf=0: peers:[s0|localhost:15000, s1|localhost:15004, s2|localhost:15008]|listeners:[], old=null RUNNING
  s2:  RUNNING    LEADER s2@group-796A68A19D2E:t1, leader=s2, voted=s2, raftlog=Memoized:s2@group-796A68A19D2E-SegmentedRaftLog:OPENED:c0, conf=0: peers:[s0|localhost:15000, s1|localhost:15004, s2|localhost:15008]|listeners:[], old=null RUNNING
2024-01-25 07:57:33,997 [Time-limited test] DEBUG client.RaftClient (ConfUtils.java:logGet(46)) - raft.rpc.type = GRPC (default)
2024-01-25 07:57:34,000 [Time-limited test] DEBUG client.GrpcClientRpc (ConfUtils.java:logGet(46)) - raft.grpc.message.size.max = 64MB (=67108864) (default)
2024-01-25 07:57:34,011 [Time-limited test] INFO  grpc.TestWatchRequestWithGrpc (WatchRequestTests.java:runTest(152)) - 1) numMessages=1, printing ALL groups
  s0:  RUNNING  FOLLOWER s0@group-796A68A19D2E:t1, leader=s2, voted=s2, raftlog=Memoized:s0@group-796A68A19D2E-SegmentedRaftLog:OPENED:c0, conf=0: peers:[s0|localhost:15000, s1|localhost:15004, s2|localhost:15008]|listeners:[], old=null RUNNING
  s1:  RUNNING  FOLLOWER s1@group-796A68A19D2E:t1, leader=s2, voted=s1, raftlog=Memoized:s1@group-796A68A19D2E-SegmentedRaftLog:OPENED:c0, conf=0: peers:[s0|localhost:15000, s1|localhost:15004, s2|localhost:15008]|listeners:[], old=null RUNNING
  s2:  RUNNING    LEADER s2@group-796A68A19D2E:t1, leader=s2, voted=s2, raftlog=Memoized:s2@group-796A68A19D2E-SegmentedRaftLog:OPENED:c0, conf=0: peers:[s0|localhost:15000, s1|localhost:15004, s2|localhost:15008]|listeners:[], old=null RUNNING
2024-01-25 07:57:34,013 [Time-limited test] INFO  grpc.TestWatchRequestWithGrpc (WatchRequestTests.java:runTestWatchRequestAsyncChangeLeader(348)) - block follower s0
2024-01-25 07:57:34,013 [Time-limited test] INFO  impl.SimpleStateMachine4Testing (SimpleStateMachine4Testing.java:block(135)) - block FLUSH_STATE_MACHINE_DATA
2024-01-25 07:57:34,013 [Time-limited test] INFO  grpc.TestWatchRequestWithGrpc (WatchRequestTests.java:sendRequests(105)) - SEND_REQUEST 0: message=m0
2024-01-25 07:57:34,042 [Time-limited test] DEBUG client.RaftClient (RaftClientImpl.java:get(158)) - client-2312CCC7CA78: get 1 returns []
2024-01-25 07:57:34,043 [Time-limited test] DEBUG client.RaftClient (RaftClientImpl.java:newRequest(95)) - attempt #1, newRequest RaftClientRequest:client-2312CCC7CA78->s2@group-796A68A19D2E, cid=1, seq=1*, Watch(0), null
2024-01-25 07:57:34,082 [s2-client-thread1] DEBUG server.RaftServer$Division (RaftServerImpl.java:submitClientRequestAsync(880)) - s2@group-796A68A19D2E: receive client request(RaftClientRequest:client-2312CCC7CA78->s2@group-796A68A19D2E, cid=1, seq=1*, Watch(0), Message:<EMPTY>)
2024-01-25 07:57:34,084 [s2-client-thread1] DEBUG server.RaftServer$Division (LeaderStateImpl.java:addWatchRequest(552)) - s2@group-796A68A19D2E-LeaderStateImpl: addWatchRequest RaftClientRequest:client-2312CCC7CA78->s2@group-796A68A19D2E, cid=1, seq=1*, Watch(0), Message:<EMPTY>
2024-01-25 07:57:34,115 [grpc-default-executor-9] DEBUG client.RaftClient (RaftClientImpl.java:get(158)) - client-2312CCC7CA78: get 2 returns []
2024-01-25 07:57:34,115 [grpc-default-executor-9] DEBUG client.RaftClient (RaftClientImpl.java:newRequest(95)) - attempt #1, newRequest RaftClientRequest:client-2312CCC7CA78->s2@group-796A68A19D2E, cid=2, seq=2, RW, m0
2024-01-25 07:57:34,119 [s2-client-thread1] DEBUG server.RaftServer$Division (RaftServerImpl.java:submitClientRequestAsync(880)) - s2@group-796A68A19D2E: receive client request(RaftClientRequest:client-2312CCC7CA78->s2@group-796A68A19D2E, cid=2, seq=2, RW, Message:6d30)
2024-01-25 07:57:34,139 [s2-client-thread1] DEBUG server.RaftServer$Division (LeaderStateImpl.java:addPendingRequest(533)) - s2@group-796A68A19D2E-LeaderStateImpl: addPendingRequest at RaftClientRequest:client-2312CCC7CA78->s2@group-796A68A19D2E, cid=2, seq=2, RW, Message:6d30, entry=(t:1, i:1), STATEMACHINELOGENTRY, 2@client-2312CCC7CA78
2024-01-25 07:57:34,145 [s1-server-thread3] DEBUG server.RaftServer$Division (RaftServerImpl.java:logAppendEntries(1520)) - s1@group-796A68A19D2E: receive appendEntries(s2, 1, (t:1, i:0), 0, false, commits:[s2:c0, s0:c0, s1:c0], cId:13, entries: [(t:1, i:1), STATEMACHINELOGENTRY, 2@client-2312CCC7CA78]
2024-01-25 07:57:34,148 [s1-server-thread3] DEBUG server.RaftServer$Division (RaftServerImpl.java:logAppendEntries(1520)) - s1@group-796A68A19D2E: succeeded to handle AppendEntries. Reply: s2<-s1#13:OK-t1,SUCCESS,nextIndex=2,followerCommit=0,matchIndex=1
2024-01-25 07:57:34,151 [s2@group-796A68A19D2E-StateMachineUpdater] INFO  impl.SimpleStateMachine4Testing (SimpleStateMachine4Testing.java:applyTransaction(248)) - applyTransaction for log index 1
2024-01-25 07:57:34,151 [s2@group-796A68A19D2E-StateMachineUpdater] INFO  impl.SimpleStateMachine4Testing (SimpleStateMachine4Testing.java:put(205)) - s2: put 1, m0 -> (t:1, i:1), STATEMACHINELOGENTRY, 2@client-2312CCC7CA78
2024-01-25 07:57:34,156 [grpc-default-executor-0] DEBUG client.RaftClient (RaftClientImpl.java:add(146)) - client-2312CCC7CA78: add replied callId 2
2024-01-25 07:57:34,160 [grpc-default-executor-0] INFO  grpc.TestWatchRequestWithGrpc (WatchRequestTests.java:lambda$sendRequests$0(113)) - SEND_WATCH: message=m0, logIndex=1
2024-01-25 07:57:34,161 [s0-server-thread3] DEBUG server.RaftServer$Division (RaftServerImpl.java:logAppendEntries(1520)) - s0@group-796A68A19D2E: receive appendEntries(s2, 1, (t:1, i:0), 0, false, commits:[s2:c0, s0:c0, s1:c0], cId:13, entries: [(t:1, i:1), STATEMACHINELOGENTRY, 2@client-2312CCC7CA78]
2024-01-25 07:57:34,166 [grpc-default-executor-0] DEBUG client.RaftClient (RaftClientImpl.java:get(158)) - client-2312CCC7CA78: get 3 returns [2]
2024-01-25 07:57:34,166 [s1-server-thread3] DEBUG server.RaftServer$Division (RaftServerImpl.java:logAppendEntries(1520)) - s1@group-796A68A19D2E: receive appendEntries(s2, 1, (t:1, i:1), 1, false, commits:[s2:c1, s0:c0, s1:c0], cId:14, entries: [(t:1, i:2), METADATAENTRY(c:1)]
2024-01-25 07:57:34,166 [grpc-default-executor-0] DEBUG client.RaftClient (RaftClientImpl.java:newRequest(95)) - attempt #1, newRequest RaftClientRequest:client-2312CCC7CA78->s2@group-796A68A19D2E, cid=3, seq=null, Watch(1), null
2024-01-25 07:57:34,160 [s2@group-796A68A19D2E-LeaderStateImpl] DEBUG impl.WatchRequests (WatchRequests.java:updateIndex(150)) - s2@group-796A68A19D2E-WatchRequests: update MAJORITY index from 0 to 1
2024-01-25 07:57:34,166 [grpc-default-executor-0] DEBUG impl.UnorderedAsync (UnorderedAsync.java:sendRequestWithRetry(80)) - client-2312CCC7CA78: attempt #1 send~ RaftClientRequest:client-2312CCC7CA78->s2@group-796A68A19D2E, cid=3, seq=null, Watch(1), null
2024-01-25 07:57:34,168 [s0-server-thread3] DEBUG server.RaftServer$Division (RaftServerImpl.java:logAppendEntries(1520)) - s0@group-796A68A19D2E: receive appendEntries(s2, 1, (t:1, i:1), 1, false, commits:[s2:c1, s0:c0, s1:c0], cId:14, entries: [(t:1, i:2), METADATAENTRY(c:1)]
2024-01-25 07:57:34,168 [s1@group-796A68A19D2E-StateMachineUpdater] INFO  impl.SimpleStateMachine4Testing (SimpleStateMachine4Testing.java:applyTransaction(248)) - applyTransaction for log index 1
2024-01-25 07:57:34,168 [s1@group-796A68A19D2E-StateMachineUpdater] INFO  impl.SimpleStateMachine4Testing (SimpleStateMachine4Testing.java:put(205)) - s1: put 1, m0 -> (t:1, i:1), STATEMACHINELOGENTRY, 2@client-2312CCC7CA78
2024-01-25 07:57:34,171 [grpc-default-executor-0] DEBUG client.RaftClient (RaftClientImpl.java:get(158)) - client-2312CCC7CA78: get 4 returns []
2024-01-25 07:57:34,171 [grpc-default-executor-0] DEBUG client.RaftClient (RaftClientImpl.java:newRequest(95)) - attempt #1, newRequest RaftClientRequest:client-2312CCC7CA78->s2@group-796A68A19D2E, cid=4, seq=null, Watch-ALL(1), null
2024-01-25 07:57:34,171 [grpc-default-executor-0] DEBUG impl.UnorderedAsync (UnorderedAsync.java:sendRequestWithRetry(80)) - client-2312CCC7CA78: attempt #1 send~ RaftClientRequest:client-2312CCC7CA78->s2@group-796A68A19D2E, cid=4, seq=null, Watch-ALL(1), null
2024-01-25 07:57:34,172 [grpc-default-executor-0] DEBUG client.RaftClient (RaftClientImpl.java:get(158)) - client-2312CCC7CA78: get 5 returns []
2024-01-25 07:57:34,172 [grpc-default-executor-0] DEBUG client.RaftClient (RaftClientImpl.java:newRequest(95)) - attempt #1, newRequest RaftClientRequest:client-2312CCC7CA78->s2@group-796A68A19D2E, cid=5, seq=null, Watch-MAJORITY_COMMITTED(1), null
2024-01-25 07:57:34,172 [grpc-default-executor-0] DEBUG impl.UnorderedAsync (UnorderedAsync.java:sendRequestWithRetry(80)) - client-2312CCC7CA78: attempt #1 send~ RaftClientRequest:client-2312CCC7CA78->s2@group-796A68A19D2E, cid=5, seq=null, Watch-MAJORITY_COMMITTED(1), null
2024-01-25 07:57:34,173 [grpc-default-executor-0] DEBUG client.RaftClient (RaftClientImpl.java:get(158)) - client-2312CCC7CA78: get 6 returns []
2024-01-25 07:57:34,173 [grpc-default-executor-0] DEBUG client.RaftClient (RaftClientImpl.java:newRequest(95)) - attempt #1, newRequest RaftClientRequest:client-2312CCC7CA78->s2@group-796A68A19D2E, cid=6, seq=null, Watch-ALL_COMMITTED(1), null
2024-01-25 07:57:34,173 [grpc-default-executor-0] DEBUG impl.UnorderedAsync (UnorderedAsync.java:sendRequestWithRetry(80)) - client-2312CCC7CA78: attempt #1 send~ RaftClientRequest:client-2312CCC7CA78->s2@group-796A68A19D2E, cid=6, seq=null, Watch-ALL_COMMITTED(1), null
2024-01-25 07:57:34,173 [s1-server-thread3] DEBUG server.RaftServer$Division (RaftServerImpl.java:logAppendEntries(1520)) - s1@group-796A68A19D2E: succeeded to handle AppendEntries. Reply: s2<-s1#14:OK-t1,SUCCESS,nextIndex=3,followerCommit=1,matchIndex=2
2024-01-25 07:57:34,174 [s2-client-thread1] DEBUG server.RaftServer$Division (RaftServerImpl.java:submitClientRequestAsync(880)) - s2@group-796A68A19D2E: receive client request(RaftClientRequest:client-2312CCC7CA78->s2@group-796A68A19D2E, cid=3, seq=null, Watch(1), Message:<EMPTY>)
2024-01-25 07:57:34,176 [grpc-default-executor-6] DEBUG impl.WatchRequests (WatchRequests.java:updateIndex(150)) - s2@group-796A68A19D2E-WatchRequests: update MAJORITY_COMMITTED index from 0 to 1
2024-01-25 07:57:34,177 [s2@group-796A68A19D2E-LeaderStateImpl] DEBUG impl.WatchRequests (WatchRequests.java:updateIndex(150)) - s2@group-796A68A19D2E-WatchRequests: update MAJORITY index from 1 to 2
2024-01-25 07:57:34,178 [Time-limited test] INFO  grpc.TestWatchRequestWithGrpc (WatchRequestTests.java:checkMajority(275)) - checkMajority 0: receive RaftClientReply:client-2312CCC7CA78->s2@group-796A68A19D2E, cid=2, SUCCESS, logIndex=1, commits[s2:c1, s0:c0, s1:c0]
2024-01-25 07:57:34,186 [s2-client-thread1] DEBUG server.RaftServer$Division (LeaderStateImpl.java:addWatchRequest(552)) - s2@group-796A68A19D2E-LeaderStateImpl: addWatchRequest RaftClientRequest:client-2312CCC7CA78->s2@group-796A68A19D2E, cid=3, seq=null, Watch(1), Message:<EMPTY>
2024-01-25 07:57:34,193 [s2-client-thread1] DEBUG server.RaftServer$Division (RaftServerImpl.java:submitClientRequestAsync(880)) - s2@group-796A68A19D2E: receive client request(RaftClientRequest:client-2312CCC7CA78->s2@group-796A68A19D2E, cid=4, seq=null, Watch-ALL(1), Message:<EMPTY>)
2024-01-25 07:57:34,193 [s2-client-thread1] DEBUG server.RaftServer$Division (LeaderStateImpl.java:addWatchRequest(552)) - s2@group-796A68A19D2E-LeaderStateImpl: addWatchRequest RaftClientRequest:client-2312CCC7CA78->s2@group-796A68A19D2E, cid=4, seq=null, Watch-ALL(1), Message:<EMPTY>
2024-01-25 07:57:34,207 [ForkJoinPool.commonPool-worker-1] DEBUG impl.UnorderedAsync (UnorderedAsync.java:lambda$sendRequestWithRetry$4(83)) - client-2312CCC7CA78: attempt #1 receive~ RaftClientReply:client-2312CCC7CA78->s2@group-796A68A19D2E, cid=3, SUCCESS, logIndex=2, commits[s2:c2, s0:c0, s1:c1]
2024-01-25 07:57:34,208 [Time-limited test] INFO  grpc.TestWatchRequestWithGrpc (WatchRequestTests.java:get(214)) - majority-Watch(1) returns RaftClientReply:client-2312CCC7CA78->s2@group-796A68A19D2E, cid=3, SUCCESS, logIndex=2, commits[s2:c2, s0:c0, s1:c1]
2024-01-25 07:57:34,210 [s2-client-thread2] DEBUG server.RaftServer$Division (RaftServerImpl.java:submitClientRequestAsync(880)) - s2@group-796A68A19D2E: receive client request(RaftClientRequest:client-2312CCC7CA78->s2@group-796A68A19D2E, cid=5, seq=null, Watch-MAJORITY_COMMITTED(1), Message:<EMPTY>)
2024-01-25 07:57:34,211 [s2-client-thread2] DEBUG server.RaftServer$Division (LeaderStateImpl.java:addWatchRequest(552)) - s2@group-796A68A19D2E-LeaderStateImpl: addWatchRequest RaftClientRequest:client-2312CCC7CA78->s2@group-796A68A19D2E, cid=5, seq=null, Watch-MAJORITY_COMMITTED(1), Message:<EMPTY>
2024-01-25 07:57:34,213 [s2-client-thread2] DEBUG server.RaftServer$Division (RaftServerImpl.java:submitClientRequestAsync(880)) - s2@group-796A68A19D2E: receive client request(RaftClientRequest:client-2312CCC7CA78->s2@group-796A68A19D2E, cid=6, seq=null, Watch-ALL_COMMITTED(1), Message:<EMPTY>)
2024-01-25 07:57:34,213 [s2-client-thread2] DEBUG server.RaftServer$Division (LeaderStateImpl.java:addWatchRequest(552)) - s2@group-796A68A19D2E-LeaderStateImpl: addWatchRequest RaftClientRequest:client-2312CCC7CA78->s2@group-796A68A19D2E, cid=6, seq=null, Watch-ALL_COMMITTED(1), Message:<EMPTY>
2024-01-25 07:57:34,214 [ForkJoinPool.commonPool-worker-1] DEBUG impl.UnorderedAsync (UnorderedAsync.java:lambda$sendRequestWithRetry$4(83)) - client-2312CCC7CA78: attempt #1 receive~ RaftClientReply:client-2312CCC7CA78->s2@group-796A68A19D2E, cid=5, SUCCESS, logIndex=1, commits[s2:c2, s0:c0, s1:c1]
2024-01-25 07:57:34,214 [Time-limited test] INFO  grpc.TestWatchRequestWithGrpc (WatchRequestTests.java:get(214)) - majorityCommitted-Watch(1) returns RaftClientReply:client-2312CCC7CA78->s2@group-796A68A19D2E, cid=5, SUCCESS, logIndex=1, commits[s2:c2, s0:c0, s1:c1]
2024-01-25 07:57:34,258 [grpc-default-executor-9] DEBUG impl.WatchRequests (WatchRequests.java:updateIndex(150)) - s2@group-796A68A19D2E-WatchRequests: update MAJORITY_COMMITTED index from 1 to 2
2024-01-25 07:57:35,220 [Time-limited test] INFO  util.CodeInjectionForTesting (BlockRequestHandlingInjection.java:blockRequestor(49)) - Block requestor s2
2024-01-25 07:57:35,221 [Time-limited test] INFO  server.RaftServerConfigKeys (ConfUtils.java:logGet(46)) - raft.server.rpc.timeout.max = 300ms (default)
2024-01-25 07:57:35,221 [Time-limited test] INFO  ratis.RaftTestUtil (RaftTestUtil.java:waitForLeader(101)) - printing ALL groups
  s0:  RUNNING  FOLLOWER s0@group-796A68A19D2E:t1, leader=s2, voted=s2, raftlog=Memoized:s0@group-796A68A19D2E-SegmentedRaftLog:OPENED:c0, conf=0: peers:[s0|localhost:15000, s1|localhost:15004, s2|localhost:15008]|listeners:[], old=null RUNNING
  s1:  RUNNING  FOLLOWER s1@group-796A68A19D2E:t1, leader=s2, voted=s1, raftlog=Memoized:s1@group-796A68A19D2E-SegmentedRaftLog:OPENED:c2, conf=0: peers:[s0|localhost:15000, s1|localhost:15004, s2|localhost:15008]|listeners:[], old=null RUNNING
  s2:  RUNNING    LEADER s2@group-796A68A19D2E:t1, leader=s2, voted=s2, raftlog=Memoized:s2@group-796A68A19D2E-SegmentedRaftLog:OPENED:c2, conf=0: peers:[s0|localhost:15000, s1|localhost:15004, s2|localhost:15008]|listeners:[], old=null RUNNING
2024-01-25 07:57:35,221 [Time-limited test] INFO  ratis.RaftTestUtil (RaftTestUtil.java:waitForLeader(125)) - printing ALL groups
  s0:  RUNNING  FOLLOWER s0@group-796A68A19D2E:t1, leader=s2, voted=s2, raftlog=Memoized:s0@group-796A68A19D2E-SegmentedRaftLog:OPENED:c0, conf=0: peers:[s0|localhost:15000, s1|localhost:15004, s2|localhost:15008]|listeners:[], old=null RUNNING
  s1:  RUNNING  FOLLOWER s1@group-796A68A19D2E:t1, leader=s2, voted=s1, raftlog=Memoized:s1@group-796A68A19D2E-SegmentedRaftLog:OPENED:c2, conf=0: peers:[s0|localhost:15000, s1|localhost:15004, s2|localhost:15008]|listeners:[], old=null RUNNING
  s2:  RUNNING    LEADER s2@group-796A68A19D2E:t1, leader=s2, voted=s2, raftlog=Memoized:s2@group-796A68A19D2E-SegmentedRaftLog:OPENED:c2, conf=0: peers:[s0|localhost:15000, s1|localhost:15004, s2|localhost:15008]|listeners:[], old=null RUNNING
2024-01-25 07:57:35,223 [Time-limited test] WARN  ratis.RaftTestUtil (JavaUtils.java:attempt(231)) - FAILED "changeLeader-changeLeader", attempt #1/20: org.junit.AssumptionViolatedException: Failed to change leader: newLeader == oldLeader == s2, sleep 100ms and then retry.
org.junit.AssumptionViolatedException: Failed to change leader: newLeader == oldLeader == s2
	at org.apache.ratis.RaftTestUtil.lambda$changeLeader$11(RaftTestUtil.java:437)
	at org.apache.ratis.util.JavaUtils.lambda$attempt$7(JavaUtils.java:212)
	at org.apache.ratis.util.JavaUtils.attempt(JavaUtils.java:225)
	at org.apache.ratis.util.JavaUtils.attempt(JavaUtils.java:212)
	at org.apache.ratis.util.JavaUtils.attemptRepeatedly(JavaUtils.java:204)
	at org.apache.ratis.RaftTestUtil.changeLeader(RaftTestUtil.java:434)
	at org.apache.ratis.RaftTestUtil.changeLeader(RaftTestUtil.java:426)
	at org.apache.ratis.WatchRequestTests.runTestWatchRequestAsyncChangeLeader(WatchRequestTests.java:366)
	at org.apache.ratis.WatchRequestTests.runTest(WatchRequestTests.java:153)
	at org.apache.ratis.WatchRequestTests.lambda$testWatchRequestAsyncChangeLeader$6(WatchRequestTests.java:337)
	at org.apache.ratis.server.impl.MiniRaftCluster$Factory$Get.runWithNewCluster(MiniRaftCluster.java:140)
	at org.apache.ratis.server.impl.MiniRaftCluster$Factory$Get.runWithNewCluster(MiniRaftCluster.java:120)
	at org.apache.ratis.WatchRequestTests.testWatchRequestAsyncChangeLeader(WatchRequestTests.java:336)
	at sun.reflect.NativeMethodAccessorImpl.invoke0(Native Method)
	at sun.reflect.NativeMethodAccessorImpl.invoke(NativeMethodAccessorImpl.java:62)
	at sun.reflect.DelegatingMethodAccessorImpl.invoke(DelegatingMethodAccessorImpl.java:43)
	at java.lang.reflect.Method.invoke(Method.java:498)
	at org.junit.runners.model.FrameworkMethod$1.runReflectiveCall(FrameworkMethod.java:59)
	at org.junit.internal.runners.model.ReflectiveCallable.run(ReflectiveCallable.java:12)
	at org.junit.runners.model.FrameworkMethod.invokeExplosively(FrameworkMethod.java:56)
	at org.junit.internal.runners.statements.InvokeMethod.evaluate(InvokeMethod.java:17)
	at org.junit.internal.runners.statements.RunBefores.evaluate(RunBefores.java:26)
	at org.junit.internal.runners.statements.RunAfters.evaluate(RunAfters.java:27)
	at org.junit.internal.runners.statements.FailOnTimeout$CallableStatement.call(FailOnTimeout.java:299)
	at org.junit.internal.runners.statements.FailOnTimeout$CallableStatement.call(FailOnTimeout.java:293)
	at java.util.concurrent.FutureTask.run(FutureTask.java:266)
	at java.lang.Thread.run(Thread.java:750)
2024-01-25 07:57:35,231 [s0-server-thread1] INFO  util.CodeInjectionForTesting (BlockRequestHandlingInjection.java:execute(77)) - s0: Block request from s2
2024-01-25 07:57:35,289 [s1-server-thread1] INFO  util.CodeInjectionForTesting (BlockRequestHandlingInjection.java:execute(77)) - s1: Block request from s2
2024-01-25 07:57:35,324 [Time-limited test] INFO  server.RaftServerConfigKeys (ConfUtils.java:logGet(46)) - raft.server.rpc.timeout.max = 300ms (default)
2024-01-25 07:57:35,324 [Time-limited test] INFO  ratis.RaftTestUtil (RaftTestUtil.java:waitForLeader(101)) - printing ALL groups
  s0:  RUNNING  FOLLOWER s0@group-796A68A19D2E:t1, leader=s2, voted=s2, raftlog=Memoized:s0@group-796A68A19D2E-SegmentedRaftLog:OPENED:c0, conf=0: peers:[s0|localhost:15000, s1|localhost:15004, s2|localhost:15008]|listeners:[], old=null RUNNING
  s1:  RUNNING  FOLLOWER s1@group-796A68A19D2E:t1, leader=s2, voted=s1, raftlog=Memoized:s1@group-796A68A19D2E-SegmentedRaftLog:OPENED:c2, conf=0: peers:[s0|localhost:15000, s1|localhost:15004, s2|localhost:15008]|listeners:[], old=null RUNNING
  s2:  RUNNING    LEADER s2@group-796A68A19D2E:t1, leader=s2, voted=s2, raftlog=Memoized:s2@group-796A68A19D2E-SegmentedRaftLog:OPENED:c2, conf=0: peers:[s0|localhost:15000, s1|localhost:15004, s2|localhost:15008]|listeners:[], old=null RUNNING
2024-01-25 07:57:35,324 [Time-limited test] INFO  ratis.RaftTestUtil (RaftTestUtil.java:waitForLeader(125)) - printing ALL groups
  s0:  RUNNING  FOLLOWER s0@group-796A68A19D2E:t1, leader=s2, voted=s2, raftlog=Memoized:s0@group-796A68A19D2E-SegmentedRaftLog:OPENED:c0, conf=0: peers:[s0|localhost:15000, s1|localhost:15004, s2|localhost:15008]|listeners:[], old=null RUNNING
  s1:  RUNNING  FOLLOWER s1@group-796A68A19D2E:t1, leader=s2, voted=s1, raftlog=Memoized:s1@group-796A68A19D2E-SegmentedRaftLog:OPENED:c2, conf=0: peers:[s0|localhost:15000, s1|localhost:15004, s2|localhost:15008]|listeners:[], old=null RUNNING
  s2:  RUNNING    LEADER s2@group-796A68A19D2E:t1, leader=s2, voted=s2, raftlog=Memoized:s2@group-796A68A19D2E-SegmentedRaftLog:OPENED:c2, conf=0: peers:[s0|localhost:15000, s1|localhost:15004, s2|localhost:15008]|listeners:[], old=null RUNNING
2024-01-25 07:57:35,325 [Time-limited test] WARN  ratis.RaftTestUtil (JavaUtils.java:attempt(231)) - FAILED "changeLeader-changeLeader", attempt #2/20: org.junit.AssumptionViolatedException: Failed to change leader: newLeader == oldLeader == s2, sleep 100ms and then retry.
org.junit.AssumptionViolatedException: Failed to change leader: newLeader == oldLeader == s2
	at org.apache.ratis.RaftTestUtil.lambda$changeLeader$11(RaftTestUtil.java:437)
	at org.apache.ratis.util.JavaUtils.lambda$attempt$7(JavaUtils.java:212)
	at org.apache.ratis.util.JavaUtils.attempt(JavaUtils.java:225)
	at org.apache.ratis.util.JavaUtils.attempt(JavaUtils.java:212)
	at org.apache.ratis.util.JavaUtils.attemptRepeatedly(JavaUtils.java:204)
	at org.apache.ratis.RaftTestUtil.changeLeader(RaftTestUtil.java:434)
	at org.apache.ratis.RaftTestUtil.changeLeader(RaftTestUtil.java:426)
	at org.apache.ratis.WatchRequestTests.runTestWatchRequestAsyncChangeLeader(WatchRequestTests.java:366)
	at org.apache.ratis.WatchRequestTests.runTest(WatchRequestTests.java:153)
	at org.apache.ratis.WatchRequestTests.lambda$testWatchRequestAsyncChangeLeader$6(WatchRequestTests.java:337)
	at org.apache.ratis.server.impl.MiniRaftCluster$Factory$Get.runWithNewCluster(MiniRaftCluster.java:140)
	at org.apache.ratis.server.impl.MiniRaftCluster$Factory$Get.runWithNewCluster(MiniRaftCluster.java:120)
	at org.apache.ratis.WatchRequestTests.testWatchRequestAsyncChangeLeader(WatchRequestTests.java:336)
	at sun.reflect.NativeMethodAccessorImpl.invoke0(Native Method)
	at sun.reflect.NativeMethodAccessorImpl.invoke(NativeMethodAccessorImpl.java:62)
	at sun.reflect.DelegatingMethodAccessorImpl.invoke(DelegatingMethodAccessorImpl.java:43)
	at java.lang.reflect.Method.invoke(Method.java:498)
	at org.junit.runners.model.FrameworkMethod$1.runReflectiveCall(FrameworkMethod.java:59)
	at org.junit.internal.runners.model.ReflectiveCallable.run(ReflectiveCallable.java:12)
	at org.junit.runners.model.FrameworkMethod.invokeExplosively(FrameworkMethod.java:56)
	at org.junit.internal.runners.statements.InvokeMethod.evaluate(InvokeMethod.java:17)
	at org.junit.internal.runners.statements.RunBefores.evaluate(RunBefores.java:26)
	at org.junit.internal.runners.statements.RunAfters.evaluate(RunAfters.java:27)
	at org.junit.internal.runners.statements.FailOnTimeout$CallableStatement.call(FailOnTimeout.java:299)
	at org.junit.internal.runners.statements.FailOnTimeout$CallableStatement.call(FailOnTimeout.java:293)
	at java.util.concurrent.FutureTask.run(FutureTask.java:266)
	at java.lang.Thread.run(Thread.java:750)
2024-01-25 07:57:35,425 [Time-limited test] INFO  server.RaftServerConfigKeys (ConfUtils.java:logGet(46)) - raft.server.rpc.timeout.max = 300ms (default)
2024-01-25 07:57:35,425 [Time-limited test] INFO  ratis.RaftTestUtil (RaftTestUtil.java:waitForLeader(101)) - printing ALL groups
  s0:  RUNNING  FOLLOWER s0@group-796A68A19D2E:t1, leader=s2, voted=s2, raftlog=Memoized:s0@group-796A68A19D2E-SegmentedRaftLog:OPENED:c0, conf=0: peers:[s0|localhost:15000, s1|localhost:15004, s2|localhost:15008]|listeners:[], old=null RUNNING
  s1:  RUNNING  FOLLOWER s1@group-796A68A19D2E:t1, leader=s2, voted=s1, raftlog=Memoized:s1@group-796A68A19D2E-SegmentedRaftLog:OPENED:c2, conf=0: peers:[s0|localhost:15000, s1|localhost:15004, s2|localhost:15008]|listeners:[], old=null RUNNING
  s2:  RUNNING    LEADER s2@group-796A68A19D2E:t1, leader=s2, voted=s2, raftlog=Memoized:s2@group-796A68A19D2E-SegmentedRaftLog:OPENED:c2, conf=0: peers:[s0|localhost:15000, s1|localhost:15004, s2|localhost:15008]|listeners:[], old=null RUNNING
2024-01-25 07:57:35,426 [Time-limited test] INFO  ratis.RaftTestUtil (RaftTestUtil.java:waitForLeader(125)) - printing ALL groups
  s0:  RUNNING  FOLLOWER s0@group-796A68A19D2E:t1, leader=s2, voted=s2, raftlog=Memoized:s0@group-796A68A19D2E-SegmentedRaftLog:OPENED:c0, conf=0: peers:[s0|localhost:15000, s1|localhost:15004, s2|localhost:15008]|listeners:[], old=null RUNNING
  s1:  RUNNING  FOLLOWER s1@group-796A68A19D2E:t1, leader=s2, voted=s1, raftlog=Memoized:s1@group-796A68A19D2E-SegmentedRaftLog:OPENED:c2, conf=0: peers:[s0|localhost:15000, s1|localhost:15004, s2|localhost:15008]|listeners:[], old=null RUNNING
  s2:  RUNNING    LEADER s2@group-796A68A19D2E:t1, leader=s2, voted=s2, raftlog=Memoized:s2@group-796A68A19D2E-SegmentedRaftLog:OPENED:c2, conf=0: peers:[s0|localhost:15000, s1|localhost:15004, s2|localhost:15008]|listeners:[], old=null RUNNING
2024-01-25 07:57:35,426 [Time-limited test] WARN  ratis.RaftTestUtil (JavaUtils.java:attempt(231)) - FAILED "changeLeader-changeLeader", attempt #3/20: org.junit.AssumptionViolatedException: Failed to change leader: newLeader == oldLeader == s2, sleep 100ms and then retry.
org.junit.AssumptionViolatedException: Failed to change leader: newLeader == oldLeader == s2
	at org.apache.ratis.RaftTestUtil.lambda$changeLeader$11(RaftTestUtil.java:437)
	at org.apache.ratis.util.JavaUtils.lambda$attempt$7(JavaUtils.java:212)
	at org.apache.ratis.util.JavaUtils.attempt(JavaUtils.java:225)
	at org.apache.ratis.util.JavaUtils.attempt(JavaUtils.java:212)
	at org.apache.ratis.util.JavaUtils.attemptRepeatedly(JavaUtils.java:204)
	at org.apache.ratis.RaftTestUtil.changeLeader(RaftTestUtil.java:434)
	at org.apache.ratis.RaftTestUtil.changeLeader(RaftTestUtil.java:426)
	at org.apache.ratis.WatchRequestTests.runTestWatchRequestAsyncChangeLeader(WatchRequestTests.java:366)
	at org.apache.ratis.WatchRequestTests.runTest(WatchRequestTests.java:153)
	at org.apache.ratis.WatchRequestTests.lambda$testWatchRequestAsyncChangeLeader$6(WatchRequestTests.java:337)
	at org.apache.ratis.server.impl.MiniRaftCluster$Factory$Get.runWithNewCluster(MiniRaftCluster.java:140)
	at org.apache.ratis.server.impl.MiniRaftCluster$Factory$Get.runWithNewCluster(MiniRaftCluster.java:120)
	at org.apache.ratis.WatchRequestTests.testWatchRequestAsyncChangeLeader(WatchRequestTests.java:336)
	at sun.reflect.NativeMethodAccessorImpl.invoke0(Native Method)
	at sun.reflect.NativeMethodAccessorImpl.invoke(NativeMethodAccessorImpl.java:62)
	at sun.reflect.DelegatingMethodAccessorImpl.invoke(DelegatingMethodAccessorImpl.java:43)
	at java.lang.reflect.Method.invoke(Method.java:498)
	at org.junit.runners.model.FrameworkMethod$1.runReflectiveCall(FrameworkMethod.java:59)
	at org.junit.internal.runners.model.ReflectiveCallable.run(ReflectiveCallable.java:12)
	at org.junit.runners.model.FrameworkMethod.invokeExplosively(FrameworkMethod.java:56)
	at org.junit.internal.runners.statements.InvokeMethod.evaluate(InvokeMethod.java:17)
	at org.junit.internal.runners.statements.RunBefores.evaluate(RunBefores.java:26)
	at org.junit.internal.runners.statements.RunAfters.evaluate(RunAfters.java:27)
	at org.junit.internal.runners.statements.FailOnTimeout$CallableStatement.call(FailOnTimeout.java:299)
	at org.junit.internal.runners.statements.FailOnTimeout$CallableStatement.call(FailOnTimeout.java:293)
	at java.util.concurrent.FutureTask.run(FutureTask.java:266)
	at java.lang.Thread.run(Thread.java:750)
2024-01-25 07:57:35,526 [Time-limited test] INFO  server.RaftServerConfigKeys (ConfUtils.java:logGet(46)) - raft.server.rpc.timeout.max = 300ms (default)
2024-01-25 07:57:35,527 [Time-limited test] INFO  ratis.RaftTestUtil (RaftTestUtil.java:waitForLeader(101)) - printing ALL groups
  s0:  RUNNING  FOLLOWER s0@group-796A68A19D2E:t1, leader=s2, voted=s2, raftlog=Memoized:s0@group-796A68A19D2E-SegmentedRaftLog:OPENED:c0, conf=0: peers:[s0|localhost:15000, s1|localhost:15004, s2|localhost:15008]|listeners:[], old=null RUNNING
  s1:  RUNNING  FOLLOWER s1@group-796A68A19D2E:t1, leader=s2, voted=s1, raftlog=Memoized:s1@group-796A68A19D2E-SegmentedRaftLog:OPENED:c2, conf=0: peers:[s0|localhost:15000, s1|localhost:15004, s2|localhost:15008]|listeners:[], old=null RUNNING
  s2:  RUNNING    LEADER s2@group-796A68A19D2E:t1, leader=s2, voted=s2, raftlog=Memoized:s2@group-796A68A19D2E-SegmentedRaftLog:OPENED:c2, conf=0: peers:[s0|localhost:15000, s1|localhost:15004, s2|localhost:15008]|listeners:[], old=null RUNNING
2024-01-25 07:57:35,527 [Time-limited test] INFO  ratis.RaftTestUtil (RaftTestUtil.java:waitForLeader(125)) - printing ALL groups
  s0:  RUNNING  FOLLOWER s0@group-796A68A19D2E:t1, leader=s2, voted=s2, raftlog=Memoized:s0@group-796A68A19D2E-SegmentedRaftLog:OPENED:c0, conf=0: peers:[s0|localhost:15000, s1|localhost:15004, s2|localhost:15008]|listeners:[], old=null RUNNING
  s1:  RUNNING  FOLLOWER s1@group-796A68A19D2E:t1, leader=s2, voted=s1, raftlog=Memoized:s1@group-796A68A19D2E-SegmentedRaftLog:OPENED:c2, conf=0: peers:[s0|localhost:15000, s1|localhost:15004, s2|localhost:15008]|listeners:[], old=null RUNNING
  s2:  RUNNING    LEADER s2@group-796A68A19D2E:t1, leader=s2, voted=s2, raftlog=Memoized:s2@group-796A68A19D2E-SegmentedRaftLog:OPENED:c2, conf=0: peers:[s0|localhost:15000, s1|localhost:15004, s2|localhost:15008]|listeners:[], old=null RUNNING
2024-01-25 07:57:35,527 [Time-limited test] WARN  ratis.RaftTestUtil (JavaUtils.java:attempt(231)) - FAILED "changeLeader-changeLeader", attempt #4/20: org.junit.AssumptionViolatedException: Failed to change leader: newLeader == oldLeader == s2, sleep 100ms and then retry.
org.junit.AssumptionViolatedException: Failed to change leader: newLeader == oldLeader == s2
	at org.apache.ratis.RaftTestUtil.lambda$changeLeader$11(RaftTestUtil.java:437)
	at org.apache.ratis.util.JavaUtils.lambda$attempt$7(JavaUtils.java:212)
	at org.apache.ratis.util.JavaUtils.attempt(JavaUtils.java:225)
	at org.apache.ratis.util.JavaUtils.attempt(JavaUtils.java:212)
	at org.apache.ratis.util.JavaUtils.attemptRepeatedly(JavaUtils.java:204)
	at org.apache.ratis.RaftTestUtil.changeLeader(RaftTestUtil.java:434)
	at org.apache.ratis.RaftTestUtil.changeLeader(RaftTestUtil.java:426)
	at org.apache.ratis.WatchRequestTests.runTestWatchRequestAsyncChangeLeader(WatchRequestTests.java:366)
	at org.apache.ratis.WatchRequestTests.runTest(WatchRequestTests.java:153)
	at org.apache.ratis.WatchRequestTests.lambda$testWatchRequestAsyncChangeLeader$6(WatchRequestTests.java:337)
	at org.apache.ratis.server.impl.MiniRaftCluster$Factory$Get.runWithNewCluster(MiniRaftCluster.java:140)
	at org.apache.ratis.server.impl.MiniRaftCluster$Factory$Get.runWithNewCluster(MiniRaftCluster.java:120)
	at org.apache.ratis.WatchRequestTests.testWatchRequestAsyncChangeLeader(WatchRequestTests.java:336)
	at sun.reflect.NativeMethodAccessorImpl.invoke0(Native Method)
	at sun.reflect.NativeMethodAccessorImpl.invoke(NativeMethodAccessorImpl.java:62)
	at sun.reflect.DelegatingMethodAccessorImpl.invoke(DelegatingMethodAccessorImpl.java:43)
	at java.lang.reflect.Method.invoke(Method.java:498)
	at org.junit.runners.model.FrameworkMethod$1.runReflectiveCall(FrameworkMethod.java:59)
	at org.junit.internal.runners.model.ReflectiveCallable.run(ReflectiveCallable.java:12)
	at org.junit.runners.model.FrameworkMethod.invokeExplosively(FrameworkMethod.java:56)
	at org.junit.internal.runners.statements.InvokeMethod.evaluate(InvokeMethod.java:17)
	at org.junit.internal.runners.statements.RunBefores.evaluate(RunBefores.java:26)
	at org.junit.internal.runners.statements.RunAfters.evaluate(RunAfters.java:27)
	at org.junit.internal.runners.statements.FailOnTimeout$CallableStatement.call(FailOnTimeout.java:299)
	at org.junit.internal.runners.statements.FailOnTimeout$CallableStatement.call(FailOnTimeout.java:293)
	at java.util.concurrent.FutureTask.run(FutureTask.java:266)
	at java.lang.Thread.run(Thread.java:750)
2024-01-25 07:57:35,628 [Time-limited test] INFO  server.RaftServerConfigKeys (ConfUtils.java:logGet(46)) - raft.server.rpc.timeout.max = 300ms (default)
2024-01-25 07:57:35,628 [Time-limited test] INFO  ratis.RaftTestUtil (RaftTestUtil.java:waitForLeader(101)) - printing ALL groups
  s0:  RUNNING  FOLLOWER s0@group-796A68A19D2E:t1, leader=s2, voted=s2, raftlog=Memoized:s0@group-796A68A19D2E-SegmentedRaftLog:OPENED:c0, conf=0: peers:[s0|localhost:15000, s1|localhost:15004, s2|localhost:15008]|listeners:[], old=null RUNNING
  s1:  RUNNING  FOLLOWER s1@group-796A68A19D2E:t1, leader=s2, voted=s1, raftlog=Memoized:s1@group-796A68A19D2E-SegmentedRaftLog:OPENED:c2, conf=0: peers:[s0|localhost:15000, s1|localhost:15004, s2|localhost:15008]|listeners:[], old=null RUNNING
  s2:  RUNNING    LEADER s2@group-796A68A19D2E:t1, leader=s2, voted=s2, raftlog=Memoized:s2@group-796A68A19D2E-SegmentedRaftLog:OPENED:c2, conf=0: peers:[s0|localhost:15000, s1|localhost:15004, s2|localhost:15008]|listeners:[], old=null RUNNING
2024-01-25 07:57:35,629 [Time-limited test] INFO  ratis.RaftTestUtil (RaftTestUtil.java:waitForLeader(125)) - printing ALL groups
  s0:  RUNNING  FOLLOWER s0@group-796A68A19D2E:t1, leader=s2, voted=s2, raftlog=Memoized:s0@group-796A68A19D2E-SegmentedRaftLog:OPENED:c0, conf=0: peers:[s0|localhost:15000, s1|localhost:15004, s2|localhost:15008]|listeners:[], old=null RUNNING
  s1:  RUNNING  FOLLOWER s1@group-796A68A19D2E:t1, leader=s2, voted=s1, raftlog=Memoized:s1@group-796A68A19D2E-SegmentedRaftLog:OPENED:c2, conf=0: peers:[s0|localhost:15000, s1|localhost:15004, s2|localhost:15008]|listeners:[], old=null RUNNING
  s2:  RUNNING    LEADER s2@group-796A68A19D2E:t1, leader=s2, voted=s2, raftlog=Memoized:s2@group-796A68A19D2E-SegmentedRaftLog:OPENED:c2, conf=0: peers:[s0|localhost:15000, s1|localhost:15004, s2|localhost:15008]|listeners:[], old=null RUNNING
2024-01-25 07:57:35,629 [Time-limited test] WARN  ratis.RaftTestUtil (JavaUtils.java:attempt(231)) - FAILED "changeLeader-changeLeader", attempt #5/20: org.junit.AssumptionViolatedException: Failed to change leader: newLeader == oldLeader == s2, sleep 100ms and then retry.
org.junit.AssumptionViolatedException: Failed to change leader: newLeader == oldLeader == s2
	at org.apache.ratis.RaftTestUtil.lambda$changeLeader$11(RaftTestUtil.java:437)
	at org.apache.ratis.util.JavaUtils.lambda$attempt$7(JavaUtils.java:212)
	at org.apache.ratis.util.JavaUtils.attempt(JavaUtils.java:225)
	at org.apache.ratis.util.JavaUtils.attempt(JavaUtils.java:212)
	at org.apache.ratis.util.JavaUtils.attemptRepeatedly(JavaUtils.java:204)
	at org.apache.ratis.RaftTestUtil.changeLeader(RaftTestUtil.java:434)
	at org.apache.ratis.RaftTestUtil.changeLeader(RaftTestUtil.java:426)
	at org.apache.ratis.WatchRequestTests.runTestWatchRequestAsyncChangeLeader(WatchRequestTests.java:366)
	at org.apache.ratis.WatchRequestTests.runTest(WatchRequestTests.java:153)
	at org.apache.ratis.WatchRequestTests.lambda$testWatchRequestAsyncChangeLeader$6(WatchRequestTests.java:337)
	at org.apache.ratis.server.impl.MiniRaftCluster$Factory$Get.runWithNewCluster(MiniRaftCluster.java:140)
	at org.apache.ratis.server.impl.MiniRaftCluster$Factory$Get.runWithNewCluster(MiniRaftCluster.java:120)
	at org.apache.ratis.WatchRequestTests.testWatchRequestAsyncChangeLeader(WatchRequestTests.java:336)
	at sun.reflect.NativeMethodAccessorImpl.invoke0(Native Method)
	at sun.reflect.NativeMethodAccessorImpl.invoke(NativeMethodAccessorImpl.java:62)
	at sun.reflect.DelegatingMethodAccessorImpl.invoke(DelegatingMethodAccessorImpl.java:43)
	at java.lang.reflect.Method.invoke(Method.java:498)
	at org.junit.runners.model.FrameworkMethod$1.runReflectiveCall(FrameworkMethod.java:59)
	at org.junit.internal.runners.model.ReflectiveCallable.run(ReflectiveCallable.java:12)
	at org.junit.runners.model.FrameworkMethod.invokeExplosively(FrameworkMethod.java:56)
	at org.junit.internal.runners.statements.InvokeMethod.evaluate(InvokeMethod.java:17)
	at org.junit.internal.runners.statements.RunBefores.evaluate(RunBefores.java:26)
	at org.junit.internal.runners.statements.RunAfters.evaluate(RunAfters.java:27)
	at org.junit.internal.runners.statements.FailOnTimeout$CallableStatement.call(FailOnTimeout.java:299)
	at org.junit.internal.runners.statements.FailOnTimeout$CallableStatement.call(FailOnTimeout.java:293)
	at java.util.concurrent.FutureTask.run(FutureTask.java:266)
	at java.lang.Thread.run(Thread.java:750)
2024-01-25 07:57:35,669 [s1@group-796A68A19D2E-FollowerState] INFO  impl.FollowerState (FollowerState.java:run(143)) - s1@group-796A68A19D2E-FollowerState: change to CANDIDATE, lastRpcElapsedTime:459431992ns, electionTimeout:196ms
2024-01-25 07:57:35,670 [s1@group-796A68A19D2E-FollowerState] INFO  impl.RoleInfo (RoleInfo.java:shutdownFollowerState(111)) - s1: shutdown s1@group-796A68A19D2E-FollowerState
2024-01-25 07:57:35,670 [s1@group-796A68A19D2E-FollowerState] INFO  server.RaftServer$Division (RaftServerImpl.java:setRole(333)) - s1@group-796A68A19D2E: changes role from  FOLLOWER to CANDIDATE at term 1 for changeToCandidate
2024-01-25 07:57:35,670 [s1@group-796A68A19D2E-FollowerState] INFO  server.RaftServerConfigKeys (ConfUtils.java:logGet(46)) - raft.server.leaderelection.pre-vote = true (default)
2024-01-25 07:57:35,670 [s1@group-796A68A19D2E-FollowerState] INFO  impl.RoleInfo (RoleInfo.java:updateAndGet(140)) - s1: start s1@group-796A68A19D2E-LeaderElection5
2024-01-25 07:57:35,670 [s1@group-796A68A19D2E-LeaderElection5] INFO  server.RaftServer$Division (ServerState.java:setLeader(269)) - s1@group-796A68A19D2E: change Leader from s2 to null at term 1 for PRE_VOTE
2024-01-25 07:57:35,670 [s1@group-796A68A19D2E-LeaderElection5] INFO  impl.LeaderElection (LeaderElection.java:askForVotes(321)) - s1@group-796A68A19D2E-LeaderElection5 PRE_VOTE round 0: submit vote requests at term 1 for 0: peers:[s0|localhost:15000, s1|localhost:15004, s2|localhost:15008]|listeners:[], old=null
2024-01-25 07:57:35,674 [grpc-default-executor-6] INFO  server.RaftServer$Division (RaftServerImpl.java:requestVote(1390)) - s2@group-796A68A19D2E: receive requestVote(PRE_VOTE, s1, group-796A68A19D2E, 1, (t:1, i:2))
2024-01-25 07:57:35,674 [grpc-default-executor-0] INFO  server.RaftServer$Division (RaftServerImpl.java:requestVote(1390)) - s0@group-796A68A19D2E: receive requestVote(PRE_VOTE, s1, group-796A68A19D2E, 1, (t:1, i:2))
2024-01-25 07:57:35,675 [grpc-default-executor-6] WARN  server.RaftServer$Division (LeaderStateImpl.java:checkLeadership(1114)) - s2@group-796A68A19D2E-LeaderStateImpl: Lost leadership on term: 1. Election timeout: 300ms. In charge for: 2431ms. Conf: 0: peers:[s0|localhost:15000, s1|localhost:15004, s2|localhost:15008]|listeners:[], old=null
2024-01-25 07:57:35,675 [grpc-default-executor-0] INFO  impl.VoteContext (VoteContext.java:log(49)) - s0@group-796A68A19D2E-FOLLOWER: accept PRE_VOTE from s1: our priority 0 <= candidate's priority 0
2024-01-25 07:57:35,675 [grpc-default-executor-6] WARN  server.RaftServer$Division (LeaderStateImpl.java:lambda$checkLeadership$20(1118)) - Follower s2@group-796A68A19D2E->s0(c0,m0,n3, caughtUp=true, lastRpcSendTime=26, lastRpcResponseTime=521)
2024-01-25 07:57:35,675 [grpc-default-executor-6] WARN  server.RaftServer$Division (LeaderStateImpl.java:lambda$checkLeadership$20(1118)) - Follower s2@group-796A68A19D2E->s1(c2,m2,n3, caughtUp=true, lastRpcSendTime=2, lastRpcResponseTime=464)
2024-01-25 07:57:35,675 [grpc-default-executor-0] INFO  server.RaftServer$Division (RaftServerImpl.java:requestVote(1423)) - s0@group-796A68A19D2E replies to PRE_VOTE vote request: s1<-s0#0:OK-t1. Peer's state: s0@group-796A68A19D2E:t1, leader=s2, voted=s2, raftlog=Memoized:s0@group-796A68A19D2E-SegmentedRaftLog:OPENED:c0, conf=0: peers:[s0|localhost:15000, s1|localhost:15004, s2|localhost:15008]|listeners:[], old=null
2024-01-25 07:57:35,675 [grpc-default-executor-6] INFO  server.RaftServer$Division (RaftServerImpl.java:setRole(333)) - s2@group-796A68A19D2E: changes role from    LEADER to FOLLOWER at term 1 for StepDownReason:LOST_MAJORITY_HEARTBEATS
2024-01-25 07:57:35,675 [grpc-default-executor-6] INFO  impl.RoleInfo (RoleInfo.java:shutdownLeaderState(95)) - s2: shutdown s2@group-796A68A19D2E-LeaderStateImpl
2024-01-25 07:57:35,677 [s1@group-796A68A19D2E-LeaderElection5] INFO  impl.LeaderElection (LeaderElection.java:logAndReturn(89)) - s1@group-796A68A19D2E-LeaderElection5: PRE_VOTE PASSED received 1 response(s) and 0 exception(s):
2024-01-25 07:57:35,677 [s1@group-796A68A19D2E-LeaderElection5] INFO  impl.LeaderElection (LeaderElection.java:logAndReturn(93)) -   Response 0: s1<-s0#0:OK-t1
2024-01-25 07:57:35,677 [s1@group-796A68A19D2E-LeaderElection5] INFO  impl.LeaderElection (LeaderElection.java:askForVotes(323)) - s1@group-796A68A19D2E-LeaderElection5 PRE_VOTE round 0: result PASSED
2024-01-25 07:57:35,677 [grpc-default-executor-6] INFO  impl.PendingRequests (PendingRequests.java:sendNotLeaderResponses(287)) - s2@group-796A68A19D2E-PendingRequests: sendNotLeaderResponses
2024-01-25 07:57:35,677 [s1@group-796A68A19D2E-LeaderElection5] TRACE util.FileUtils (LogUtils.java:supplyAndLog(69)) - Successfully supplied FileChannel.open /home/runner/work/ratis/ratis/ratis-test/target/test/data/d3464635/MiniRaftClusterWithGrpc1ed7d450/s1/6ac8c789-bb5d-44a1-a5d6-796a68a19d2e/current/raft-meta.tmp with options [CREATE, WRITE]: sun.nio.ch.FileChannelImpl@3b29c860
2024-01-25 07:57:35,678 [s2@group-796A68A19D2E->s0-GrpcLogAppender-LogAppenderDaemon] WARN  server.GrpcLogAppender (GrpcLogAppender.java:mayWait(289)) - s2@group-796A68A19D2E->s0-GrpcLogAppender: Wait interrupted by java.lang.InterruptedException
2024-01-25 07:57:35,678 [s1@group-796A68A19D2E-LeaderElection5] TRACE util.FileUtils (LogUtils.java:runAndLog(49)) - Successfully ran Atomic Files.move /home/runner/work/ratis/ratis/ratis-test/target/test/data/d3464635/MiniRaftClusterWithGrpc1ed7d450/s1/6ac8c789-bb5d-44a1-a5d6-796a68a19d2e/current/raft-meta.tmp to /home/runner/work/ratis/ratis/ratis-test/target/test/data/d3464635/MiniRaftClusterWithGrpc1ed7d450/s1/6ac8c789-bb5d-44a1-a5d6-796a68a19d2e/current/raft-meta with options [REPLACE_EXISTING]
2024-01-25 07:57:35,679 [null-request--thread1] INFO  server.GrpcClientProtocolService (GrpcClientProtocolService.java:lambda$processClientRequest$0(323)) - Failed RaftClientRequest:client-2312CCC7CA78->s2@group-796A68A19D2E, cid=4, seq=null, Watch-ALL(1), Message:<EMPTY>, reply=RaftClientReply:client-2312CCC7CA78->s2@group-796A68A19D2E, cid=4, FAILED org.apache.ratis.protocol.exceptions.NotLeaderException: Server s2@group-796A68A19D2E is not the leader, logIndex=0, commits[s2:c2, s0:c0, s1:c2]
2024-01-25 07:57:35,679 [s1@group-796A68A19D2E-LeaderElection5] INFO  impl.LeaderElection (LeaderElection.java:askForVotes(321)) - s1@group-796A68A19D2E-LeaderElection5 ELECTION round 0: submit vote requests at term 2 for 0: peers:[s0|localhost:15000, s1|localhost:15004, s2|localhost:15008]|listeners:[], old=null
2024-01-25 07:57:35,680 [s2@group-796A68A19D2E->s1-GrpcLogAppender-LogAppenderDaemon] WARN  server.GrpcLogAppender (GrpcLogAppender.java:mayWait(289)) - s2@group-796A68A19D2E->s1-GrpcLogAppender: Wait interrupted by java.lang.InterruptedException
2024-01-25 07:57:35,681 [grpc-default-executor-0] INFO  server.GrpcServerProtocolService (GrpcServerProtocolService.java:onCompleted(186)) - s1: Completed APPEND_ENTRIES, lastRequest: s2->s1#14-t1,previous=(t:1, i:1),leaderCommit=1,initializing? false,entries: size=1, first=(t:1, i:2), METADATAENTRY(c:1)
2024-01-25 07:57:35,681 [grpc-default-executor-0] INFO  server.GrpcServerProtocolService (GrpcServerProtocolService.java:lambda$onCompleted$7(188)) - s1: Completed APPEND_ENTRIES, lastReply: null
2024-01-25 07:57:35,683 [grpc-default-executor-0] INFO  server.GrpcServerProtocolService (GrpcServerProtocolService.java:onCompleted(186)) - s0: Completed APPEND_ENTRIES, lastRequest: s2->s0#14-t1,previous=(t:1, i:1),leaderCommit=1,initializing? false,entries: size=1, first=(t:1, i:2), METADATAENTRY(c:1)
2024-01-25 07:57:35,685 [null-request--thread1] INFO  server.GrpcClientProtocolService (GrpcClientProtocolService.java:lambda$processClientRequest$0(323)) - Failed RaftClientRequest:client-2312CCC7CA78->s2@group-796A68A19D2E, cid=6, seq=null, Watch-ALL_COMMITTED(1), Message:<EMPTY>, reply=RaftClientReply:client-2312CCC7CA78->s2@group-796A68A19D2E, cid=6, FAILED org.apache.ratis.protocol.exceptions.NotLeaderException: Server s2@group-796A68A19D2E is not the leader, logIndex=0, commits[s2:c2, s0:c0, s1:c2]
2024-01-25 07:57:35,687 [grpc-default-executor-10] INFO  server.GrpcLogAppender (GrpcLogAppender.java:onCompleted(546)) - s2@group-796A68A19D2E->s1-AppendLogResponseHandler: follower responses appendEntries COMPLETED
2024-01-25 07:57:35,692 [grpc-default-executor-3] INFO  server.RaftServer$Division (RaftServerImpl.java:requestVote(1390)) - s0@group-796A68A19D2E: receive requestVote(ELECTION, s1, group-796A68A19D2E, 2, (t:1, i:2))
2024-01-25 07:57:35,692 [grpc-default-executor-0] INFO  server.RaftServer$Division (RaftServerImpl.java:requestVote(1390)) - s2@group-796A68A19D2E: receive requestVote(ELECTION, s1, group-796A68A19D2E, 2, (t:1, i:2))
2024-01-25 07:57:35,692 [grpc-default-executor-3] INFO  impl.VoteContext (VoteContext.java:log(49)) - s0@group-796A68A19D2E-FOLLOWER: accept ELECTION from s1: our priority 0 <= candidate's priority 0
2024-01-25 07:57:35,692 [grpc-default-executor-3] INFO  server.RaftServer$Division (ServerState.java:setLeader(269)) - s0@group-796A68A19D2E: change Leader from s2 to null at term 2 for updateCurrentTerm
2024-01-25 07:57:35,692 [grpc-default-executor-3] INFO  server.RaftServer$Division (RaftServerImpl.java:setRole(333)) - s0@group-796A68A19D2E: changes role from  FOLLOWER to FOLLOWER at term 2 for candidate:s1
2024-01-25 07:57:35,692 [grpc-default-executor-3] INFO  impl.RoleInfo (RoleInfo.java:shutdownFollowerState(111)) - s0: shutdown s0@group-796A68A19D2E-FollowerState
2024-01-25 07:57:35,692 [grpc-default-executor-3] INFO  impl.RoleInfo (RoleInfo.java:updateAndGet(140)) - s0: start s0@group-796A68A19D2E-FollowerState
2024-01-25 07:57:35,692 [s0@group-796A68A19D2E-FollowerState] INFO  impl.FollowerState (FollowerState.java:run(152)) - s0@group-796A68A19D2E-FollowerState was interrupted
2024-01-25 07:57:35,693 [grpc-default-executor-3] TRACE util.FileUtils (LogUtils.java:supplyAndLog(69)) - Successfully supplied FileChannel.open /home/runner/work/ratis/ratis/ratis-test/target/test/data/d3464635/MiniRaftClusterWithGrpc1ed7d450/s0/6ac8c789-bb5d-44a1-a5d6-796a68a19d2e/current/raft-meta.tmp with options [CREATE, WRITE]: sun.nio.ch.FileChannelImpl@62586a4e
2024-01-25 07:57:35,694 [ForkJoinPool.commonPool-worker-1] DEBUG impl.UnorderedAsync (UnorderedAsync.java:lambda$sendRequestWithRetry$4(83)) - client-2312CCC7CA78: attempt #1 receive~ null
2024-01-25 07:57:35,695 [ForkJoinPool.commonPool-worker-1] TRACE impl.UnorderedAsync (UnorderedAsync.java:lambda$sendRequestWithRetry$4(108)) - client-2312CCC7CA78: attempt #1 failed~ RaftClientRequest:client-2312CCC7CA78->s2@group-796A68A19D2E, cid=4, seq=null, Watch-ALL(1), null
org.apache.ratis.protocol.exceptions.NotLeaderException: Server s2@group-796A68A19D2E is not the leader
	at org.apache.ratis.client.impl.ClientProtoUtils.toRaftClientReply(ClientProtoUtils.java:397)
	at org.apache.ratis.grpc.client.GrpcClientProtocolClient$AsyncStreamObservers$1.onNext(GrpcClientProtocolClient.java:310)
	at org.apache.ratis.grpc.client.GrpcClientProtocolClient$AsyncStreamObservers$1.onNext(GrpcClientProtocolClient.java:305)
	at org.apache.ratis.thirdparty.io.grpc.stub.ClientCalls$StreamObserverToCallListenerAdapter.onMessage(ClientCalls.java:468)
	at org.apache.ratis.thirdparty.io.grpc.ForwardingClientCallListener.onMessage(ForwardingClientCallListener.java:33)
	at org.apache.ratis.thirdparty.io.grpc.internal.ClientCallImpl$ClientStreamListenerImpl$1MessagesAvailable.runInternal(ClientCallImpl.java:660)
	at org.apache.ratis.thirdparty.io.grpc.internal.ClientCallImpl$ClientStreamListenerImpl$1MessagesAvailable.runInContext(ClientCallImpl.java:647)
	at org.apache.ratis.thirdparty.io.grpc.internal.ContextRunnable.run(ContextRunnable.java:37)
	at org.apache.ratis.thirdparty.io.grpc.internal.SerializingExecutor.run(SerializingExecutor.java:133)
	at java.util.concurrent.ThreadPoolExecutor.runWorker(ThreadPoolExecutor.java:1149)
	at java.util.concurrent.ThreadPoolExecutor$Worker.run(ThreadPoolExecutor.java:624)
	at java.lang.Thread.run(Thread.java:750)
2024-01-25 07:57:35,697 [ForkJoinPool.commonPool-worker-2] DEBUG impl.UnorderedAsync (UnorderedAsync.java:lambda$sendRequestWithRetry$4(83)) - client-2312CCC7CA78: attempt #1 receive~ null
2024-01-25 07:57:35,697 [ForkJoinPool.commonPool-worker-1] DEBUG client.RaftClient (RaftClientImpl.java:handleIOException(417)) - client-2312CCC7CA78: suggested new leader: null. Failed RaftClientRequest:client-2312CCC7CA78->s2@group-796A68A19D2E, cid=4, seq=null, Watch-ALL(1), null
org.apache.ratis.protocol.exceptions.NotLeaderException: Server s2@group-796A68A19D2E is not the leader
	at org.apache.ratis.client.impl.ClientProtoUtils.toRaftClientReply(ClientProtoUtils.java:397)
	at org.apache.ratis.grpc.client.GrpcClientProtocolClient$AsyncStreamObservers$1.onNext(GrpcClientProtocolClient.java:310)
	at org.apache.ratis.grpc.client.GrpcClientProtocolClient$AsyncStreamObservers$1.onNext(GrpcClientProtocolClient.java:305)
	at org.apache.ratis.thirdparty.io.grpc.stub.ClientCalls$StreamObserverToCallListenerAdapter.onMessage(ClientCalls.java:468)
	at org.apache.ratis.thirdparty.io.grpc.ForwardingClientCallListener.onMessage(ForwardingClientCallListener.java:33)
	at org.apache.ratis.thirdparty.io.grpc.internal.ClientCallImpl$ClientStreamListenerImpl$1MessagesAvailable.runInternal(ClientCallImpl.java:660)
	at org.apache.ratis.thirdparty.io.grpc.internal.ClientCallImpl$ClientStreamListenerImpl$1MessagesAvailable.runInContext(ClientCallImpl.java:647)
	at org.apache.ratis.thirdparty.io.grpc.internal.ContextRunnable.run(ContextRunnable.java:37)
	at org.apache.ratis.thirdparty.io.grpc.internal.SerializingExecutor.run(SerializingExecutor.java:133)
	at java.util.concurrent.ThreadPoolExecutor.runWorker(ThreadPoolExecutor.java:1149)
	at java.util.concurrent.ThreadPoolExecutor$Worker.run(ThreadPoolExecutor.java:624)
	at java.lang.Thread.run(Thread.java:750)
2024-01-25 07:57:35,697 [ForkJoinPool.commonPool-worker-2] TRACE impl.UnorderedAsync (UnorderedAsync.java:lambda$sendRequestWithRetry$4(108)) - client-2312CCC7CA78: attempt #1 failed~ RaftClientRequest:client-2312CCC7CA78->s2@group-796A68A19D2E, cid=6, seq=null, Watch-ALL_COMMITTED(1), null
org.apache.ratis.protocol.exceptions.NotLeaderException: Server s2@group-796A68A19D2E is not the leader
	at org.apache.ratis.client.impl.ClientProtoUtils.toRaftClientReply(ClientProtoUtils.java:397)
	at org.apache.ratis.grpc.client.GrpcClientProtocolClient$AsyncStreamObservers$1.onNext(GrpcClientProtocolClient.java:310)
	at org.apache.ratis.grpc.client.GrpcClientProtocolClient$AsyncStreamObservers$1.onNext(GrpcClientProtocolClient.java:305)
	at org.apache.ratis.thirdparty.io.grpc.stub.ClientCalls$StreamObserverToCallListenerAdapter.onMessage(ClientCalls.java:468)
	at org.apache.ratis.thirdparty.io.grpc.ForwardingClientCallListener.onMessage(ForwardingClientCallListener.java:33)
	at org.apache.ratis.thirdparty.io.grpc.internal.ClientCallImpl$ClientStreamListenerImpl$1MessagesAvailable.runInternal(ClientCallImpl.java:660)
	at org.apache.ratis.thirdparty.io.grpc.internal.ClientCallImpl$ClientStreamListenerImpl$1MessagesAvailable.runInContext(ClientCallImpl.java:647)
	at org.apache.ratis.thirdparty.io.grpc.internal.ContextRunnable.run(ContextRunnable.java:37)
	at org.apache.ratis.thirdparty.io.grpc.internal.SerializingExecutor.run(SerializingExecutor.java:133)
	at java.util.concurrent.ThreadPoolExecutor.runWorker(ThreadPoolExecutor.java:1149)
	at java.util.concurrent.ThreadPoolExecutor$Worker.run(ThreadPoolExecutor.java:624)
	at java.lang.Thread.run(Thread.java:750)
2024-01-25 07:57:35,697 [ForkJoinPool.commonPool-worker-1] TRACE client.RaftClient (RaftClientImpl.java:handleIOException(419)) - Stack trace
java.lang.Throwable: TRACE
	at org.apache.ratis.client.impl.RaftClientImpl.handleIOException(RaftClientImpl.java:419)
	at org.apache.ratis.client.impl.RaftClientImpl.handleNotLeaderException(RaftClientImpl.java:399)
	at org.apache.ratis.client.impl.UnorderedAsync.lambda$sendRequestWithRetry$4(UnorderedAsync.java:116)
	at java.util.concurrent.CompletableFuture.uniWhenComplete(CompletableFuture.java:774)
	at java.util.concurrent.CompletableFuture$UniWhenComplete.tryFire(CompletableFuture.java:750)
	at java.util.concurrent.CompletableFuture$Completion.exec(CompletableFuture.java:457)
	at java.util.concurrent.ForkJoinTask.doExec(ForkJoinTask.java:289)
	at java.util.concurrent.ForkJoinPool$WorkQueue.runTask(ForkJoinPool.java:1056)
	at java.util.concurrent.ForkJoinPool.runWorker(ForkJoinPool.java:1692)
	at java.util.concurrent.ForkJoinWorkerThread.run(ForkJoinWorkerThread.java:175)
2024-01-25 07:57:35,697 [ForkJoinPool.commonPool-worker-2] DEBUG client.RaftClient (RaftClientImpl.java:handleIOException(417)) - client-2312CCC7CA78: suggested new leader: null. Failed RaftClientRequest:client-2312CCC7CA78->s2@group-796A68A19D2E, cid=6, seq=null, Watch-ALL_COMMITTED(1), null
org.apache.ratis.protocol.exceptions.NotLeaderException: Server s2@group-796A68A19D2E is not the leader
	at org.apache.ratis.client.impl.ClientProtoUtils.toRaftClientReply(ClientProtoUtils.java:397)
	at org.apache.ratis.grpc.client.GrpcClientProtocolClient$AsyncStreamObservers$1.onNext(GrpcClientProtocolClient.java:310)
	at org.apache.ratis.grpc.client.GrpcClientProtocolClient$AsyncStreamObservers$1.onNext(GrpcClientProtocolClient.java:305)
	at org.apache.ratis.thirdparty.io.grpc.stub.ClientCalls$StreamObserverToCallListenerAdapter.onMessage(ClientCalls.java:468)
	at org.apache.ratis.thirdparty.io.grpc.ForwardingClientCallListener.onMessage(ForwardingClientCallListener.java:33)
	at org.apache.ratis.thirdparty.io.grpc.internal.ClientCallImpl$ClientStreamListenerImpl$1MessagesAvailable.runInternal(ClientCallImpl.java:660)
	at org.apache.ratis.thirdparty.io.grpc.internal.ClientCallImpl$ClientStreamListenerImpl$1MessagesAvailable.runInContext(ClientCallImpl.java:647)
	at org.apache.ratis.thirdparty.io.grpc.internal.ContextRunnable.run(ContextRunnable.java:37)
	at org.apache.ratis.thirdparty.io.grpc.internal.SerializingExecutor.run(SerializingExecutor.java:133)
	at java.util.concurrent.ThreadPoolExecutor.runWorker(ThreadPoolExecutor.java:1149)
	at java.util.concurrent.ThreadPoolExecutor$Worker.run(ThreadPoolExecutor.java:624)
	at java.lang.Thread.run(Thread.java:750)
2024-01-25 07:57:35,697 [grpc-default-executor-3] TRACE util.FileUtils (LogUtils.java:runAndLog(49)) - Successfully ran Atomic Files.move /home/runner/work/ratis/ratis/ratis-test/target/test/data/d3464635/MiniRaftClusterWithGrpc1ed7d450/s0/6ac8c789-bb5d-44a1-a5d6-796a68a19d2e/current/raft-meta.tmp to /home/runner/work/ratis/ratis/ratis-test/target/test/data/d3464635/MiniRaftClusterWithGrpc1ed7d450/s0/6ac8c789-bb5d-44a1-a5d6-796a68a19d2e/current/raft-meta with options [REPLACE_EXISTING]
2024-01-25 07:57:35,698 [ForkJoinPool.commonPool-worker-2] TRACE client.RaftClient (RaftClientImpl.java:handleIOException(419)) - Stack trace
java.lang.Throwable: TRACE
	at org.apache.ratis.client.impl.RaftClientImpl.handleIOException(RaftClientImpl.java:419)
	at org.apache.ratis.client.impl.RaftClientImpl.handleNotLeaderException(RaftClientImpl.java:399)
	at org.apache.ratis.client.impl.UnorderedAsync.lambda$sendRequestWithRetry$4(UnorderedAsync.java:116)
	at java.util.concurrent.CompletableFuture.uniWhenComplete(CompletableFuture.java:774)
	at java.util.concurrent.CompletableFuture$UniWhenComplete.tryFire(CompletableFuture.java:750)
	at java.util.concurrent.CompletableFuture$Completion.exec(CompletableFuture.java:457)
	at java.util.concurrent.ForkJoinTask.doExec(ForkJoinTask.java:289)
	at java.util.concurrent.ForkJoinPool$WorkQueue.runTask(ForkJoinPool.java:1056)
	at java.util.concurrent.ForkJoinPool.runWorker(ForkJoinPool.java:1692)
	at java.util.concurrent.ForkJoinWorkerThread.run(ForkJoinWorkerThread.java:175)
2024-01-25 07:57:35,698 [grpc-default-executor-3] INFO  server.RaftServer$Division (RaftServerImpl.java:requestVote(1423)) - s0@group-796A68A19D2E replies to ELECTION vote request: s1<-s0#0:OK-t2. Peer's state: s0@group-796A68A19D2E:t2, leader=null, voted=s1, raftlog=Memoized:s0@group-796A68A19D2E-SegmentedRaftLog:OPENED:c0, conf=0: peers:[s0|localhost:15000, s1|localhost:15004, s2|localhost:15008]|listeners:[], old=null
2024-01-25 07:57:35,698 [ForkJoinPool.commonPool-worker-1] DEBUG client.RaftClient (RaftClientImpl.java:handleIOException(435)) - client-2312CCC7CA78: oldLeader=s2,  curLeader=s2, newLeader=s1
2024-01-25 07:57:35,698 [ForkJoinPool.commonPool-worker-2] DEBUG client.RaftClient (RaftClientImpl.java:handleIOException(435)) - client-2312CCC7CA78: oldLeader=s2,  curLeader=s2, newLeader=s0
2024-01-25 07:57:35,698 [ForkJoinPool.commonPool-worker-2] DEBUG client.RaftClient (RaftClientImpl.java:handleIOException(441)) - client-2312CCC7CA78 changes Leader from s2 to s0 for group-796A68A19D2E
org.apache.ratis.protocol.exceptions.NotLeaderException: Server s2@group-796A68A19D2E is not the leader
	at org.apache.ratis.client.impl.ClientProtoUtils.toRaftClientReply(ClientProtoUtils.java:397)
	at org.apache.ratis.grpc.client.GrpcClientProtocolClient$AsyncStreamObservers$1.onNext(GrpcClientProtocolClient.java:310)
	at org.apache.ratis.grpc.client.GrpcClientProtocolClient$AsyncStreamObservers$1.onNext(GrpcClientProtocolClient.java:305)
	at org.apache.ratis.thirdparty.io.grpc.stub.ClientCalls$StreamObserverToCallListenerAdapter.onMessage(ClientCalls.java:468)
	at org.apache.ratis.thirdparty.io.grpc.ForwardingClientCallListener.onMessage(ForwardingClientCallListener.java:33)
	at org.apache.ratis.thirdparty.io.grpc.internal.ClientCallImpl$ClientStreamListenerImpl$1MessagesAvailable.runInternal(ClientCallImpl.java:660)
	at org.apache.ratis.thirdparty.io.grpc.internal.ClientCallImpl$ClientStreamListenerImpl$1MessagesAvailable.runInContext(ClientCallImpl.java:647)
	at org.apache.ratis.thirdparty.io.grpc.internal.ContextRunnable.run(ContextRunnable.java:37)
	at org.apache.ratis.thirdparty.io.grpc.internal.SerializingExecutor.run(SerializingExecutor.java:133)
	at java.util.concurrent.ThreadPoolExecutor.runWorker(ThreadPoolExecutor.java:1149)
	at java.util.concurrent.ThreadPoolExecutor$Worker.run(ThreadPoolExecutor.java:624)
	at java.lang.Thread.run(Thread.java:750)
2024-01-25 07:57:35,698 [ForkJoinPool.commonPool-worker-1] DEBUG client.RaftClient (RaftClientImpl.java:handleIOException(441)) - client-2312CCC7CA78 changes Leader from s2 to s1 for group-796A68A19D2E
org.apache.ratis.protocol.exceptions.NotLeaderException: Server s2@group-796A68A19D2E is not the leader
	at org.apache.ratis.client.impl.ClientProtoUtils.toRaftClientReply(ClientProtoUtils.java:397)
	at org.apache.ratis.grpc.client.GrpcClientProtocolClient$AsyncStreamObservers$1.onNext(GrpcClientProtocolClient.java:310)
	at org.apache.ratis.grpc.client.GrpcClientProtocolClient$AsyncStreamObservers$1.onNext(GrpcClientProtocolClient.java:305)
	at org.apache.ratis.thirdparty.io.grpc.stub.ClientCalls$StreamObserverToCallListenerAdapter.onMessage(ClientCalls.java:468)
	at org.apache.ratis.thirdparty.io.grpc.ForwardingClientCallListener.onMessage(ForwardingClientCallListener.java:33)
	at org.apache.ratis.thirdparty.io.grpc.internal.ClientCallImpl$ClientStreamListenerImpl$1MessagesAvailable.runInternal(ClientCallImpl.java:660)
	at org.apache.ratis.thirdparty.io.grpc.internal.ClientCallImpl$ClientStreamListenerImpl$1MessagesAvailable.runInContext(ClientCallImpl.java:647)
	at org.apache.ratis.thirdparty.io.grpc.internal.ContextRunnable.run(ContextRunnable.java:37)
	at org.apache.ratis.thirdparty.io.grpc.internal.SerializingExecutor.run(SerializingExecutor.java:133)
	at java.util.concurrent.ThreadPoolExecutor.runWorker(ThreadPoolExecutor.java:1149)
	at java.util.concurrent.ThreadPoolExecutor$Worker.run(ThreadPoolExecutor.java:624)
	at java.lang.Thread.run(Thread.java:750)
2024-01-25 07:57:35,702 [s1@group-796A68A19D2E-LeaderElection5] INFO  impl.LeaderElection (LeaderElection.java:logAndReturn(89)) - s1@group-796A68A19D2E-LeaderElection5: ELECTION PASSED received 1 response(s) and 0 exception(s):
2024-01-25 07:57:35,702 [s1@group-796A68A19D2E-LeaderElection5] INFO  impl.LeaderElection (LeaderElection.java:logAndReturn(93)) -   Response 0: s1<-s0#0:OK-t2
2024-01-25 07:57:35,702 [s1@group-796A68A19D2E-LeaderElection5] INFO  impl.LeaderElection (LeaderElection.java:askForVotes(323)) - s1@group-796A68A19D2E-LeaderElection5 ELECTION round 0: result PASSED
2024-01-25 07:57:35,703 [s1@group-796A68A19D2E-LeaderElection5] INFO  impl.RoleInfo (RoleInfo.java:shutdownLeaderElection(131)) - s1: shutdown s1@group-796A68A19D2E-LeaderElection5
2024-01-25 07:57:35,703 [s1@group-796A68A19D2E-LeaderElection5] INFO  server.RaftServer$Division (RaftServerImpl.java:setRole(333)) - s1@group-796A68A19D2E: changes role from CANDIDATE to LEADER at term 2 for changeToLeader
2024-01-25 07:57:35,703 [s1@group-796A68A19D2E-LeaderElection5] INFO  server.RaftServerConfigKeys (ConfUtils.java:logGet(46)) - raft.server.staging.catchup.gap = 1000 (default)
2024-01-25 07:57:35,703 [s1@group-796A68A19D2E-LeaderElection5] INFO  server.RaftServerConfigKeys (ConfUtils.java:logGet(46)) - raft.server.write.element-limit = 4096 (default)
2024-01-25 07:57:35,703 [s1@group-796A68A19D2E-LeaderElection5] INFO  server.RaftServerConfigKeys (ConfUtils.java:logGet(46)) - raft.server.write.byte-limit = 64MB (=67108864) (default)
2024-01-25 07:57:35,704 [s1@group-796A68A19D2E-LeaderElection5] INFO  server.RaftServerConfigKeys (ConfUtils.java:logGet(46)) - raft.server.watch.timeout = 10s (default)
2024-01-25 07:57:35,704 [s1@group-796A68A19D2E-LeaderElection5] INFO  server.RaftServerConfigKeys (ConfUtils.java:logGet(46)) - raft.server.watch.timeout.denomination = 1s (default)
2024-01-25 07:57:35,704 [s1@group-796A68A19D2E-LeaderElection5] INFO  server.RaftServerConfigKeys (ConfUtils.java:logGet(46)) - raft.server.watch.element-limit = 65536 (default)
2024-01-25 07:57:35,704 [s1@group-796A68A19D2E-LeaderElection5] INFO  server.RaftServerConfigKeys (ConfUtils.java:logGet(46)) - raft.server.read.leader.lease.enabled = false (default)
2024-01-25 07:57:35,704 [s1@group-796A68A19D2E-LeaderElection5] INFO  server.RaftServerConfigKeys (ConfUtils.java:logGet(46)) - raft.server.read.leader.lease.timeout.ratio = 0.9 (default)
2024-01-25 07:57:35,704 [s1@group-796A68A19D2E-LeaderElection5] INFO  server.RaftServerConfigKeys (ConfUtils.java:logGet(46)) - raft.server.rpc.timeout.min = 150ms (default)
2024-01-25 07:57:35,705 [s1@group-796A68A19D2E-LeaderElection5] INFO  server.RaftServerConfigKeys (ConfUtils.java:logGet(46)) - raft.server.write.element-limit = 4096 (default)
2024-01-25 07:57:35,705 [s1@group-796A68A19D2E-LeaderElection5] INFO  server.RaftServerConfigKeys (ConfUtils.java:logGet(46)) - raft.server.write.follower.gap.ratio.max = -1.0 (default)
2024-01-25 07:57:35,705 [s1@group-796A68A19D2E-LeaderElection5] INFO  server.RaftServerConfigKeys (ConfUtils.java:logGet(46)) - raft.server.log.appender.snapshot.chunk.size.max = 16MB (=16777216) (default)
2024-01-25 07:57:35,705 [s1@group-796A68A19D2E-LeaderElection5] INFO  server.RaftServerConfigKeys (ConfUtils.java:logGet(46)) - raft.server.log.appender.buffer.byte-limit = 4MB (=4194304) (default)
2024-01-25 07:57:35,705 [s1@group-796A68A19D2E-LeaderElection5] INFO  server.RaftServerConfigKeys (ConfUtils.java:logGet(46)) - raft.server.log.appender.buffer.element-limit = 0 (default)
2024-01-25 07:57:35,705 [s1@group-796A68A19D2E-LeaderElection5] INFO  server.RaftServerConfigKeys (ConfUtils.java:logGet(46)) - raft.server.log.appender.wait-time.min = 1ms (default)
2024-01-25 07:57:35,706 [s1@group-796A68A19D2E-LeaderElection5] INFO  grpc.GrpcConfigKeys (ConfUtils.java:logGet(46)) - raft.grpc.server.leader.outstanding.appends.max = 8 (default)
2024-01-25 07:57:35,706 [s1@group-796A68A19D2E-LeaderElection5] INFO  server.RaftServerConfigKeys (ConfUtils.java:logGet(46)) - raft.server.rpc.request.timeout = 3000ms (default)
2024-01-25 07:57:35,706 [s1@group-796A68A19D2E-LeaderElection5] INFO  grpc.GrpcConfigKeys (ConfUtils.java:logGet(46)) - raft.grpc.server.install_snapshot.request.element-limit = 8 (default)
2024-01-25 07:57:35,706 [s1@group-796A68A19D2E-LeaderElection5] INFO  grpc.GrpcConfigKeys (ConfUtils.java:logGet(46)) - raft.grpc.server.install_snapshot.request.timeout = 3000ms (default)
2024-01-25 07:57:35,706 [s1@group-796A68A19D2E-LeaderElection5] INFO  grpc.GrpcConfigKeys (ConfUtils.java:logGet(46)) - raft.grpc.server.log-message.batch.duration = 5s (default)
2024-01-25 07:57:35,706 [s1@group-796A68A19D2E-LeaderElection5] INFO  server.RaftServerConfigKeys (ConfUtils.java:logGet(46)) - raft.server.log.appender.install.snapshot.enabled = true (default)
2024-01-25 07:57:35,706 [s1@group-796A68A19D2E-LeaderElection5] INFO  grpc.GrpcConfigKeys (ConfUtils.java:logGet(46)) - raft.grpc.server.heartbeat.channel = true (default)
2024-01-25 07:57:35,707 [ForkJoinPool.commonPool-worker-1] DEBUG impl.UnorderedAsync (UnorderedAsync.java:lambda$sendRequestWithRetry$4(132)) - schedule~ attempt #1 with sleep 100ms and policy RetryForeverWithSleep(sleepTime = 100ms) for RaftClientRequest:client-2312CCC7CA78->s2@group-796A68A19D2E, cid=4, seq=null, Watch-ALL(1), null
2024-01-25 07:57:35,709 [grpc-default-executor-6] INFO  server.RaftServer$Division (ServerState.java:setLeader(269)) - s2@group-796A68A19D2E: change Leader from s2 to null at term 1 for StepDownReason:LOST_MAJORITY_HEARTBEATS
2024-01-25 07:57:35,709 [grpc-default-executor-6] INFO  impl.RoleInfo (RoleInfo.java:updateAndGet(140)) - s2: start s2@group-796A68A19D2E-FollowerState
2024-01-25 07:57:35,713 [s1@group-796A68A19D2E-LeaderElection5] INFO  server.RaftServerConfigKeys (ConfUtils.java:logGet(46)) - raft.server.log.appender.snapshot.chunk.size.max = 16MB (=16777216) (default)
2024-01-25 07:57:35,714 [s1@group-796A68A19D2E-LeaderElection5] INFO  server.RaftServerConfigKeys (ConfUtils.java:logGet(46)) - raft.server.log.appender.buffer.byte-limit = 4MB (=4194304) (default)
2024-01-25 07:57:35,714 [s1@group-796A68A19D2E-LeaderElection5] INFO  server.RaftServerConfigKeys (ConfUtils.java:logGet(46)) - raft.server.log.appender.buffer.element-limit = 0 (default)
2024-01-25 07:57:35,714 [s1@group-796A68A19D2E-LeaderElection5] INFO  server.RaftServerConfigKeys (ConfUtils.java:logGet(46)) - raft.server.log.appender.wait-time.min = 1ms (default)
2024-01-25 07:57:35,714 [s1@group-796A68A19D2E-LeaderElection5] INFO  grpc.GrpcConfigKeys (ConfUtils.java:logGet(46)) - raft.grpc.server.leader.outstanding.appends.max = 8 (default)
2024-01-25 07:57:35,714 [s1@group-796A68A19D2E-LeaderElection5] INFO  server.RaftServerConfigKeys (ConfUtils.java:logGet(46)) - raft.server.rpc.request.timeout = 3000ms (default)
2024-01-25 07:57:35,714 [s1@group-796A68A19D2E-LeaderElection5] INFO  grpc.GrpcConfigKeys (ConfUtils.java:logGet(46)) - raft.grpc.server.install_snapshot.request.element-limit = 8 (default)
2024-01-25 07:57:35,714 [s1@group-796A68A19D2E-LeaderElection5] INFO  grpc.GrpcConfigKeys (ConfUtils.java:logGet(46)) - raft.grpc.server.install_snapshot.request.timeout = 3000ms (default)
2024-01-25 07:57:35,714 [s1@group-796A68A19D2E-LeaderElection5] INFO  grpc.GrpcConfigKeys (ConfUtils.java:logGet(46)) - raft.grpc.server.log-message.batch.duration = 5s (default)
2024-01-25 07:57:35,714 [s1@group-796A68A19D2E-LeaderElection5] INFO  server.RaftServerConfigKeys (ConfUtils.java:logGet(46)) - raft.server.log.appender.install.snapshot.enabled = true (default)
2024-01-25 07:57:35,715 [s1@group-796A68A19D2E-LeaderElection5] INFO  grpc.GrpcConfigKeys (ConfUtils.java:logGet(46)) - raft.grpc.server.heartbeat.channel = true (default)
2024-01-25 07:57:35,715 [s1@group-796A68A19D2E-LeaderElection5] INFO  impl.RoleInfo (RoleInfo.java:updateAndGet(140)) - s1: start s1@group-796A68A19D2E-LeaderStateImpl
2024-01-25 07:57:35,715 [s1@group-796A68A19D2E-LeaderElection5] INFO  server.RaftServer$Division (ServerState.java:setLeader(269)) - s1@group-796A68A19D2E: change Leader from null to s1 at term 2 for becomeLeader, leader elected after 44ms
2024-01-25 07:57:35,716 [s1@group-796A68A19D2E-LeaderElection5] INFO  segmented.SegmentedRaftLogWorker (SegmentedRaftLogWorker.java:rollLogSegment(435)) - s1@group-796A68A19D2E-SegmentedRaftLogWorker: Rolling segment log-0_2 to index:2
2024-01-25 07:57:35,716 [grpc-default-executor-6] INFO  impl.VoteContext (VoteContext.java:log(49)) - s2@group-796A68A19D2E-FOLLOWER: accept PRE_VOTE from s1: our priority 0 <= candidate's priority 0
2024-01-25 07:57:35,716 [grpc-default-executor-6] INFO  server.RaftServer$Division (RaftServerImpl.java:requestVote(1423)) - s2@group-796A68A19D2E replies to PRE_VOTE vote request: s1<-s2#0:OK-t1. Peer's state: s2@group-796A68A19D2E:t1, leader=null, voted=s2, raftlog=Memoized:s2@group-796A68A19D2E-SegmentedRaftLog:OPENED:c2, conf=0: peers:[s0|localhost:15000, s1|localhost:15004, s2|localhost:15008]|listeners:[], old=null
2024-01-25 07:57:35,717 [ForkJoinPool.commonPool-worker-2] DEBUG impl.UnorderedAsync (UnorderedAsync.java:lambda$sendRequestWithRetry$4(132)) - schedule~ attempt #1 with sleep 100ms and policy RetryForeverWithSleep(sleepTime = 100ms) for RaftClientRequest:client-2312CCC7CA78->s2@group-796A68A19D2E, cid=6, seq=null, Watch-ALL_COMMITTED(1), null
2024-01-25 07:57:35,717 [s1@group-796A68A19D2E-SegmentedRaftLogWorker] TRACE util.FileUtils (LogUtils.java:runAndLog(49)) - Successfully ran Atomic Files.move /home/runner/work/ratis/ratis/ratis-test/target/test/data/d3464635/MiniRaftClusterWithGrpc1ed7d450/s1/6ac8c789-bb5d-44a1-a5d6-796a68a19d2e/current/log_inprogress_0 to /home/runner/work/ratis/ratis/ratis-test/target/test/data/d3464635/MiniRaftClusterWithGrpc1ed7d450/s1/6ac8c789-bb5d-44a1-a5d6-796a68a19d2e/current/log_0-2
2024-01-25 07:57:35,717 [s1@group-796A68A19D2E-SegmentedRaftLogWorker] INFO  segmented.SegmentedRaftLogWorker (SegmentedRaftLogWorker.java:execute(591)) - s1@group-796A68A19D2E-SegmentedRaftLogWorker: Rolled log segment from /home/runner/work/ratis/ratis/ratis-test/target/test/data/d3464635/MiniRaftClusterWithGrpc1ed7d450/s1/6ac8c789-bb5d-44a1-a5d6-796a68a19d2e/current/log_inprogress_0 to /home/runner/work/ratis/ratis/ratis-test/target/test/data/d3464635/MiniRaftClusterWithGrpc1ed7d450/s1/6ac8c789-bb5d-44a1-a5d6-796a68a19d2e/current/log_0-2
2024-01-25 07:57:35,718 [grpc-default-executor-0] INFO  impl.VoteContext (VoteContext.java:log(49)) - s2@group-796A68A19D2E-FOLLOWER: accept ELECTION from s1: our priority 0 <= candidate's priority 0
2024-01-25 07:57:35,718 [grpc-default-executor-0] INFO  server.RaftServer$Division (RaftServerImpl.java:setRole(333)) - s2@group-796A68A19D2E: changes role from  FOLLOWER to FOLLOWER at term 2 for candidate:s1
2024-01-25 07:57:35,718 [grpc-default-executor-0] INFO  impl.RoleInfo (RoleInfo.java:shutdownFollowerState(111)) - s2: shutdown s2@group-796A68A19D2E-FollowerState
2024-01-25 07:57:35,718 [grpc-default-executor-0] INFO  impl.RoleInfo (RoleInfo.java:updateAndGet(140)) - s2: start s2@group-796A68A19D2E-FollowerState
2024-01-25 07:57:35,719 [grpc-default-executor-0] TRACE util.FileUtils (LogUtils.java:supplyAndLog(69)) - Successfully supplied FileChannel.open /home/runner/work/ratis/ratis/ratis-test/target/test/data/d3464635/MiniRaftClusterWithGrpc1ed7d450/s2/6ac8c789-bb5d-44a1-a5d6-796a68a19d2e/current/raft-meta.tmp with options [CREATE, WRITE]: sun.nio.ch.FileChannelImpl@27bc117a
2024-01-25 07:57:35,720 [s1@group-796A68A19D2E-SegmentedRaftLogWorker] INFO  segmented.BufferedWriteChannel (BufferedWriteChannel.java:open(61)) - open log_inprogress_3 at position 0
2024-01-25 07:57:35,721 [grpc-default-executor-0] TRACE util.FileUtils (LogUtils.java:runAndLog(49)) - Successfully ran Atomic Files.move /home/runner/work/ratis/ratis/ratis-test/target/test/data/d3464635/MiniRaftClusterWithGrpc1ed7d450/s2/6ac8c789-bb5d-44a1-a5d6-796a68a19d2e/current/raft-meta.tmp to /home/runner/work/ratis/ratis/ratis-test/target/test/data/d3464635/MiniRaftClusterWithGrpc1ed7d450/s2/6ac8c789-bb5d-44a1-a5d6-796a68a19d2e/current/raft-meta with options [REPLACE_EXISTING]
2024-01-25 07:57:35,721 [grpc-default-executor-0] INFO  server.RaftServer$Division (RaftServerImpl.java:requestVote(1423)) - s2@group-796A68A19D2E replies to ELECTION vote request: s1<-s2#0:OK-t2. Peer's state: s2@group-796A68A19D2E:t2, leader=null, voted=s1, raftlog=Memoized:s2@group-796A68A19D2E-SegmentedRaftLog:OPENED:c2, conf=0: peers:[s0|localhost:15000, s1|localhost:15004, s2|localhost:15008]|listeners:[], old=null
2024-01-25 07:57:35,721 [s2@group-796A68A19D2E-FollowerState] INFO  impl.FollowerState (FollowerState.java:run(152)) - s2@group-796A68A19D2E-FollowerState was interrupted
2024-01-25 07:57:35,724 [s1@group-796A68A19D2E-LeaderElection5] INFO  server.RaftServer$Division (ServerState.java:setRaftConf(386)) - s1@group-796A68A19D2E: set configuration 3: peers:[s0|localhost:15000, s1|localhost:15004, s2|localhost:15008]|listeners:[], old=null
2024-01-25 07:57:35,730 [Time-limited test] INFO  server.RaftServerConfigKeys (ConfUtils.java:logGet(46)) - raft.server.rpc.timeout.max = 300ms (default)
2024-01-25 07:57:35,730 [s1@group-796A68A19D2E-SegmentedRaftLogWorker] INFO  segmented.SegmentedRaftLogWorker (SegmentedRaftLogWorker.java:execute(634)) - s1@group-796A68A19D2E-SegmentedRaftLogWorker: created new log segment /home/runner/work/ratis/ratis/ratis-test/target/test/data/d3464635/MiniRaftClusterWithGrpc1ed7d450/s1/6ac8c789-bb5d-44a1-a5d6-796a68a19d2e/current/log_inprogress_3
2024-01-25 07:57:35,731 [Time-limited test] INFO  ratis.RaftTestUtil (RaftTestUtil.java:waitForLeader(101)) - printing ALL groups
  s0:  RUNNING  FOLLOWER s0@group-796A68A19D2E:t2, leader=null, voted=s1, raftlog=Memoized:s0@group-796A68A19D2E-SegmentedRaftLog:OPENED:c0, conf=0: peers:[s0|localhost:15000, s1|localhost:15004, s2|localhost:15008]|listeners:[], old=null RUNNING
  s1:  RUNNING    LEADER s1@group-796A68A19D2E:t2, leader=s1, voted=s1, raftlog=Memoized:s1@group-796A68A19D2E-SegmentedRaftLog:OPENED:c2, conf=3: peers:[s0|localhost:15000, s1|localhost:15004, s2|localhost:15008]|listeners:[], old=null RUNNING
  s2:  RUNNING  FOLLOWER s2@group-796A68A19D2E:t2, leader=null, voted=s1, raftlog=Memoized:s2@group-796A68A19D2E-SegmentedRaftLog:OPENED:c2, conf=0: peers:[s0|localhost:15000, s1|localhost:15004, s2|localhost:15008]|listeners:[], old=null RUNNING
2024-01-25 07:57:35,731 [Time-limited test] WARN  ratis.RaftTestUtil (RaftTestUtil.java:lambda$waitForLeader$3(120)) - Attempt #1 failed: java.lang.IllegalStateException: Leader: s1@group-796A68A19D2E not ready
2024-01-25 07:57:35,742 [s0-server-thread3] INFO  server.RaftServer$Division (ServerState.java:setLeader(269)) - s0@group-796A68A19D2E: change Leader from null to s1 at term 2 for appendEntries, leader elected after 49ms
2024-01-25 07:57:35,745 [s2-server-thread1] INFO  server.RaftServer$Division (ServerState.java:setLeader(269)) - s2@group-796A68A19D2E: change Leader from null to s1 at term 2 for appendEntries, leader elected after 35ms
2024-01-25 07:57:35,752 [s2-server-thread2] DEBUG server.RaftServer$Division (RaftServerImpl.java:logAppendEntries(1520)) - s2@group-796A68A19D2E: receive appendEntries(s1, 2, (t:1, i:2), 2, false, commits:[s1:c2, s0:c0, s2:c2], cId:1, entries: [(t:2, i:3), CONFIGURATIONENTRY(current:id: "s0"
address: "localhost:15000"
dataStreamAddress: "localhost:15003"
clientAddress: "localhost:15002"
adminAddress: "localhost:15001"
startupRole: FOLLOWER
,id: "s1"
address: "localhost:15004"
dataStreamAddress: "localhost:15007"
clientAddress: "localhost:15006"
adminAddress: "localhost:15005"
startupRole: FOLLOWER
,id: "s2"
address: "localhost:15008"
dataStreamAddress: "localhost:15011"
clientAddress: "localhost:15010"
adminAddress: "localhost:15009"
startupRole: FOLLOWER
, old:)]
2024-01-25 07:57:35,752 [s2-server-thread2] INFO  server.RaftServer$Division (ServerState.java:setRaftConf(386)) - s2@group-796A68A19D2E: set configuration 3: peers:[s0|localhost:15000, s1|localhost:15004, s2|localhost:15008]|listeners:[], old=null
2024-01-25 07:57:35,753 [s2-server-thread2] INFO  segmented.SegmentedRaftLogWorker (SegmentedRaftLogWorker.java:rollLogSegment(435)) - s2@group-796A68A19D2E-SegmentedRaftLogWorker: Rolling segment log-0_2 to index:2
2024-01-25 07:57:35,754 [s2@group-796A68A19D2E-SegmentedRaftLogWorker] TRACE util.FileUtils (LogUtils.java:runAndLog(49)) - Successfully ran Atomic Files.move /home/runner/work/ratis/ratis/ratis-test/target/test/data/d3464635/MiniRaftClusterWithGrpc1ed7d450/s2/6ac8c789-bb5d-44a1-a5d6-796a68a19d2e/current/log_inprogress_0 to /home/runner/work/ratis/ratis/ratis-test/target/test/data/d3464635/MiniRaftClusterWithGrpc1ed7d450/s2/6ac8c789-bb5d-44a1-a5d6-796a68a19d2e/current/log_0-2
2024-01-25 07:57:35,754 [s2@group-796A68A19D2E-SegmentedRaftLogWorker] INFO  segmented.SegmentedRaftLogWorker (SegmentedRaftLogWorker.java:execute(591)) - s2@group-796A68A19D2E-SegmentedRaftLogWorker: Rolled log segment from /home/runner/work/ratis/ratis/ratis-test/target/test/data/d3464635/MiniRaftClusterWithGrpc1ed7d450/s2/6ac8c789-bb5d-44a1-a5d6-796a68a19d2e/current/log_inprogress_0 to /home/runner/work/ratis/ratis/ratis-test/target/test/data/d3464635/MiniRaftClusterWithGrpc1ed7d450/s2/6ac8c789-bb5d-44a1-a5d6-796a68a19d2e/current/log_0-2
2024-01-25 07:57:35,754 [s2@group-796A68A19D2E-SegmentedRaftLogWorker] INFO  segmented.BufferedWriteChannel (BufferedWriteChannel.java:open(61)) - open log_inprogress_3 at position 0
2024-01-25 07:57:35,757 [grpc-default-executor-6] DEBUG impl.WatchRequests (WatchRequests.java:updateIndex(150)) - s1@group-796A68A19D2E-WatchRequests: update MAJORITY index from 0 to 2
2024-01-25 07:57:35,758 [s0-server-thread2] DEBUG server.RaftServer$Division (RaftServerImpl.java:logAppendEntries(1520)) - s0@group-796A68A19D2E: receive appendEntries(s1, 2, (t:1, i:2), 2, false, commits:[s1:c2, s0:c0, s2:c2], cId:1, entries: [(t:2, i:3), CONFIGURATIONENTRY(current:id: "s0"
address: "localhost:15000"
dataStreamAddress: "localhost:15003"
clientAddress: "localhost:15002"
adminAddress: "localhost:15001"
startupRole: FOLLOWER
,id: "s1"
address: "localhost:15004"
dataStreamAddress: "localhost:15007"
clientAddress: "localhost:15006"
adminAddress: "localhost:15005"
startupRole: FOLLOWER
,id: "s2"
address: "localhost:15008"
dataStreamAddress: "localhost:15011"
clientAddress: "localhost:15010"
adminAddress: "localhost:15009"
startupRole: FOLLOWER
, old:)]
2024-01-25 07:57:35,759 [grpc-default-executor-10] DEBUG impl.WatchRequests (WatchRequests.java:updateIndex(150)) - s1@group-796A68A19D2E-WatchRequests: update MAJORITY_COMMITTED index from 0 to 2
2024-01-25 07:57:35,759 [s0-server-thread2] INFO  server.RaftServer$Division (ServerState.java:setRaftConf(386)) - s0@group-796A68A19D2E: set configuration 3: peers:[s0|localhost:15000, s1|localhost:15004, s2|localhost:15008]|listeners:[], old=null
2024-01-25 07:57:35,759 [s0-server-thread2] INFO  segmented.SegmentedRaftLogWorker (SegmentedRaftLogWorker.java:rollLogSegment(435)) - s0@group-796A68A19D2E-SegmentedRaftLogWorker: Rolling segment log-0_2 to index:2
2024-01-25 07:57:35,765 [s2@group-796A68A19D2E-SegmentedRaftLogWorker] INFO  segmented.SegmentedRaftLogWorker (SegmentedRaftLogWorker.java:execute(634)) - s2@group-796A68A19D2E-SegmentedRaftLogWorker: created new log segment /home/runner/work/ratis/ratis/ratis-test/target/test/data/d3464635/MiniRaftClusterWithGrpc1ed7d450/s2/6ac8c789-bb5d-44a1-a5d6-796a68a19d2e/current/log_inprogress_3
2024-01-25 07:57:35,766 [s2-server-thread2] DEBUG server.RaftServer$Division (RaftServerImpl.java:logAppendEntries(1520)) - s2@group-796A68A19D2E: succeeded to handle AppendEntries. Reply: s1<-s2#1:OK-t2,SUCCESS,nextIndex=4,followerCommit=2,matchIndex=3
2024-01-25 07:57:35,768 [s1@group-796A68A19D2E-StateMachineUpdater] TRACE util.FileUtils (LogUtils.java:supplyAndLog(69)) - Successfully supplied FileChannel.open /home/runner/work/ratis/ratis/ratis-test/target/test/data/d3464635/MiniRaftClusterWithGrpc1ed7d450/s1/6ac8c789-bb5d-44a1-a5d6-796a68a19d2e/current/raft-meta.conf.tmp with options [CREATE, WRITE]: sun.nio.ch.FileChannelImpl@229ba41d
2024-01-25 07:57:35,769 [s1@group-796A68A19D2E-LeaderStateImpl] DEBUG impl.WatchRequests (WatchRequests.java:updateIndex(150)) - s1@group-796A68A19D2E-WatchRequests: update MAJORITY index from 2 to 3
2024-01-25 07:57:35,770 [s1@group-796A68A19D2E-StateMachineUpdater] TRACE util.FileUtils (LogUtils.java:runAndLog(49)) - Successfully ran Atomic Files.move /home/runner/work/ratis/ratis/ratis-test/target/test/data/d3464635/MiniRaftClusterWithGrpc1ed7d450/s1/6ac8c789-bb5d-44a1-a5d6-796a68a19d2e/current/raft-meta.conf.tmp to /home/runner/work/ratis/ratis/ratis-test/target/test/data/d3464635/MiniRaftClusterWithGrpc1ed7d450/s1/6ac8c789-bb5d-44a1-a5d6-796a68a19d2e/current/raft-meta.conf with options [REPLACE_EXISTING]
2024-01-25 07:57:35,771 [s1@group-796A68A19D2E-StateMachineUpdater] INFO  server.RaftServer$Division (LeaderStateImpl.java:isApplied(321)) - leader is ready since appliedIndex == 3 >= startIndex == 3
2024-01-25 07:57:35,771 [s0-server-thread2] DEBUG server.RaftServer$Division (RaftServerImpl.java:logAppendEntries(1520)) - s0@group-796A68A19D2E: receive appendEntries(s1, 2, (t:2, i:3), 3, false, commits:[s1:c3, s0:c0, s2:c2], cId:4, entries: [(t:2, i:4), METADATAENTRY(c:3)]
2024-01-25 07:57:35,772 [s2-server-thread2] DEBUG server.RaftServer$Division (RaftServerImpl.java:logAppendEntries(1520)) - s2@group-796A68A19D2E: receive appendEntries(s1, 2, (t:2, i:3), 3, false, commits:[s1:c3, s0:c0, s2:c2], cId:3, entries: [(t:2, i:4), METADATAENTRY(c:3)]
2024-01-25 07:57:35,773 [s2-server-thread2] DEBUG server.RaftServer$Division (RaftServerImpl.java:logAppendEntries(1520)) - s2@group-796A68A19D2E: succeeded to handle AppendEntries. Reply: s1<-s2#3:OK-t2,SUCCESS,nextIndex=5,followerCommit=3,matchIndex=4
2024-01-25 07:57:35,773 [s2@group-796A68A19D2E-StateMachineUpdater] TRACE util.FileUtils (LogUtils.java:supplyAndLog(69)) - Successfully supplied FileChannel.open /home/runner/work/ratis/ratis/ratis-test/target/test/data/d3464635/MiniRaftClusterWithGrpc1ed7d450/s2/6ac8c789-bb5d-44a1-a5d6-796a68a19d2e/current/raft-meta.conf.tmp with options [CREATE, WRITE]: sun.nio.ch.FileChannelImpl@507ad143
2024-01-25 07:57:35,774 [grpc-default-executor-7] DEBUG impl.WatchRequests (WatchRequests.java:updateIndex(150)) - s1@group-796A68A19D2E-WatchRequests: update MAJORITY_COMMITTED index from 2 to 3
2024-01-25 07:57:35,774 [s1@group-796A68A19D2E-LeaderStateImpl] DEBUG impl.WatchRequests (WatchRequests.java:updateIndex(150)) - s1@group-796A68A19D2E-WatchRequests: update MAJORITY index from 3 to 4
2024-01-25 07:57:35,774 [s2@group-796A68A19D2E-StateMachineUpdater] TRACE util.FileUtils (LogUtils.java:runAndLog(49)) - Successfully ran Atomic Files.move /home/runner/work/ratis/ratis/ratis-test/target/test/data/d3464635/MiniRaftClusterWithGrpc1ed7d450/s2/6ac8c789-bb5d-44a1-a5d6-796a68a19d2e/current/raft-meta.conf.tmp to /home/runner/work/ratis/ratis/ratis-test/target/test/data/d3464635/MiniRaftClusterWithGrpc1ed7d450/s2/6ac8c789-bb5d-44a1-a5d6-796a68a19d2e/current/raft-meta.conf with options [REPLACE_EXISTING]
2024-01-25 07:57:35,807 [timer3] DEBUG client.RaftClient (RaftClientImpl.java:get(158)) - client-2312CCC7CA78: get 4 returns []
2024-01-25 07:57:35,807 [timer3] DEBUG client.RaftClient (RaftClientImpl.java:newRequest(95)) - attempt #2, newRequest RaftClientRequest:client-2312CCC7CA78->s1@group-796A68A19D2E, cid=4, seq=null, Watch-ALL(1), null
2024-01-25 07:57:35,807 [timer3] DEBUG impl.UnorderedAsync (UnorderedAsync.java:sendRequestWithRetry(80)) - client-2312CCC7CA78: attempt #2 send~ RaftClientRequest:client-2312CCC7CA78->s1@group-796A68A19D2E, cid=4, seq=null, Watch-ALL(1), null
2024-01-25 07:57:35,817 [s1-client-thread1] DEBUG server.RaftServer$Division (RaftServerImpl.java:submitClientRequestAsync(880)) - s1@group-796A68A19D2E: receive client request(RaftClientRequest:client-2312CCC7CA78->s1@group-796A68A19D2E, cid=4, seq=null, Watch-ALL(1), Message:<EMPTY>)
2024-01-25 07:57:35,817 [s1-client-thread1] DEBUG server.RaftServer$Division (LeaderStateImpl.java:addWatchRequest(552)) - s1@group-796A68A19D2E-LeaderStateImpl: addWatchRequest RaftClientRequest:client-2312CCC7CA78->s1@group-796A68A19D2E, cid=4, seq=null, Watch-ALL(1), Message:<EMPTY>
2024-01-25 07:57:35,817 [timer4] DEBUG client.RaftClient (RaftClientImpl.java:get(158)) - client-2312CCC7CA78: get 6 returns []
2024-01-25 07:57:35,818 [timer4] DEBUG client.RaftClient (RaftClientImpl.java:newRequest(95)) - attempt #2, newRequest RaftClientRequest:client-2312CCC7CA78->s1@group-796A68A19D2E, cid=6, seq=null, Watch-ALL_COMMITTED(1), null
2024-01-25 07:57:35,818 [timer4] DEBUG impl.UnorderedAsync (UnorderedAsync.java:sendRequestWithRetry(80)) - client-2312CCC7CA78: attempt #2 send~ RaftClientRequest:client-2312CCC7CA78->s1@group-796A68A19D2E, cid=6, seq=null, Watch-ALL_COMMITTED(1), null
2024-01-25 07:57:35,819 [s1-client-thread1] DEBUG server.RaftServer$Division (RaftServerImpl.java:submitClientRequestAsync(880)) - s1@group-796A68A19D2E: receive client request(RaftClientRequest:client-2312CCC7CA78->s1@group-796A68A19D2E, cid=6, seq=null, Watch-ALL_COMMITTED(1), Message:<EMPTY>)
2024-01-25 07:57:35,819 [s1-client-thread1] DEBUG server.RaftServer$Division (LeaderStateImpl.java:addWatchRequest(552)) - s1@group-796A68A19D2E-LeaderStateImpl: addWatchRequest RaftClientRequest:client-2312CCC7CA78->s1@group-796A68A19D2E, cid=6, seq=null, Watch-ALL_COMMITTED(1), Message:<EMPTY>
2024-01-25 07:57:35,854 [grpc-default-executor-6] DEBUG impl.WatchRequests (WatchRequests.java:updateIndex(150)) - s1@group-796A68A19D2E-WatchRequests: update MAJORITY_COMMITTED index from 3 to 4
2024-01-25 07:57:36,182 [Time-limited test] INFO  ratis.RaftTestUtil (RaftTestUtil.java:waitForLeader(125)) - printing ALL groups
  s0:  RUNNING  FOLLOWER s0@group-796A68A19D2E:t2, leader=s1, voted=s1, raftlog=Memoized:s0@group-796A68A19D2E-SegmentedRaftLog:OPENED:c0, conf=3: peers:[s0|localhost:15000, s1|localhost:15004, s2|localhost:15008]|listeners:[], old=null RUNNING
  s1:  RUNNING    LEADER s1@group-796A68A19D2E:t2, leader=s1, voted=s1, raftlog=Memoized:s1@group-796A68A19D2E-SegmentedRaftLog:OPENED:c4, conf=3: peers:[s0|localhost:15000, s1|localhost:15004, s2|localhost:15008]|listeners:[], old=null RUNNING
  s2:  RUNNING  FOLLOWER s2@group-796A68A19D2E:t2, leader=s1, voted=s1, raftlog=Memoized:s2@group-796A68A19D2E-SegmentedRaftLog:OPENED:c4, conf=3: peers:[s0|localhost:15000, s1|localhost:15004, s2|localhost:15008]|listeners:[], old=null RUNNING
2024-01-25 07:57:36,182 [Time-limited test] INFO  ratis.RaftTestUtil (RaftTestUtil.java:lambda$changeLeader$11(439)) - Changed leader from s2 to s1
2024-01-25 07:57:36,182 [Time-limited test] INFO  util.CodeInjectionForTesting (BlockRequestHandlingInjection.java:unblockRequestor(54)) - UnBlock requestor s2
2024-01-25 07:57:36,182 [Time-limited test] INFO  impl.SimpleStateMachine4Testing (SimpleStateMachine4Testing.java:unblock(142)) - unblock FLUSH_STATE_MACHINE_DATA
2024-01-25 07:57:36,182 [Time-limited test] INFO  grpc.TestWatchRequestWithGrpc (WatchRequestTests.java:runTestWatchRequestAsyncChangeLeader(370)) - unblock follower s0
2024-01-25 07:57:36,182 [Time-limited test] INFO  grpc.TestWatchRequestWithGrpc (WatchRequestTests.java:checkAll(305)) - checkAll 0: logIndex=1
2024-01-25 07:57:36,183 [s0-server-thread3] DEBUG server.RaftServer$Division (RaftServerImpl.java:logAppendEntries(1520)) - s0@group-796A68A19D2E: succeeded to handle AppendEntries. Reply: s2<-s0#13:OK-t1,SUCCESS,nextIndex=2,followerCommit=0,matchIndex=1
2024-01-25 07:57:36,184 [s0@group-796A68A19D2E-SegmentedRaftLogWorker] TRACE util.FileUtils (LogUtils.java:runAndLog(49)) - Successfully ran Atomic Files.move /home/runner/work/ratis/ratis/ratis-test/target/test/data/d3464635/MiniRaftClusterWithGrpc1ed7d450/s0/6ac8c789-bb5d-44a1-a5d6-796a68a19d2e/current/log_inprogress_0 to /home/runner/work/ratis/ratis/ratis-test/target/test/data/d3464635/MiniRaftClusterWithGrpc1ed7d450/s0/6ac8c789-bb5d-44a1-a5d6-796a68a19d2e/current/log_0-2
2024-01-25 07:57:36,184 [s0@group-796A68A19D2E-SegmentedRaftLogWorker] INFO  segmented.SegmentedRaftLogWorker (SegmentedRaftLogWorker.java:execute(591)) - s0@group-796A68A19D2E-SegmentedRaftLogWorker: Rolled log segment from /home/runner/work/ratis/ratis/ratis-test/target/test/data/d3464635/MiniRaftClusterWithGrpc1ed7d450/s0/6ac8c789-bb5d-44a1-a5d6-796a68a19d2e/current/log_inprogress_0 to /home/runner/work/ratis/ratis/ratis-test/target/test/data/d3464635/MiniRaftClusterWithGrpc1ed7d450/s0/6ac8c789-bb5d-44a1-a5d6-796a68a19d2e/current/log_0-2
2024-01-25 07:57:36,184 [s0-server-thread3] DEBUG server.RaftServer$Division (RaftServerImpl.java:logAppendEntries(1520)) - s0@group-796A68A19D2E: succeeded to handle AppendEntries. Reply: s2<-s0#14:OK-t1,SUCCESS,nextIndex=3,followerCommit=1,matchIndex=2
2024-01-25 07:57:36,184 [s0@group-796A68A19D2E-SegmentedRaftLogWorker] INFO  segmented.BufferedWriteChannel (BufferedWriteChannel.java:open(61)) - open log_inprogress_3 at position 0
2024-01-25 07:57:36,185 [s0@group-796A68A19D2E-StateMachineUpdater] INFO  impl.SimpleStateMachine4Testing (SimpleStateMachine4Testing.java:applyTransaction(248)) - applyTransaction for log index 1
2024-01-25 07:57:36,185 [s0@group-796A68A19D2E-StateMachineUpdater] INFO  impl.SimpleStateMachine4Testing (SimpleStateMachine4Testing.java:put(205)) - s0: put 1, m0 -> (t:1, i:1), STATEMACHINELOGENTRY, 2@client-2312CCC7CA78
2024-01-25 07:57:36,185 [s0-server-thread3] INFO  server.GrpcServerProtocolService (GrpcServerProtocolService.java:lambda$onCompleted$7(188)) - s0: Completed APPEND_ENTRIES, lastReply: null
2024-01-25 07:57:36,186 [grpc-default-executor-6] INFO  server.GrpcLogAppender (GrpcLogAppender.java:onCompleted(546)) - s2@group-796A68A19D2E->s0-AppendLogResponseHandler: follower responses appendEntries COMPLETED
2024-01-25 07:57:36,187 [grpc-default-executor-6] INFO  leader.LogAppender (LogAppenderBase.java:lambda$getNextIndexForError$0(215)) - Decrease nextIndex to 1
2024-01-25 07:57:36,188 [grpc-default-executor-6] INFO  leader.LogAppender (LogAppenderBase.java:lambda$getNextIndexForError$0(215)) - Decrease nextIndex to 1
2024-01-25 07:57:36,188 [grpc-default-executor-6] INFO  leader.FollowerInfo (FollowerInfoImpl.java:info(70)) - s2@group-796A68A19D2E->s0: computeNextIndex nextIndex: updateUnconditionally 3 -> 1
2024-01-25 07:57:36,189 [s1-server-thread1] INFO  util.CodeInjectionForTesting (BlockRequestHandlingInjection.java:execute(84)) - s1: unBlock request from s2
2024-01-25 07:57:36,189 [s1-server-thread1] DEBUG server.RaftServer$Division (RaftServerImpl.java:appendEntriesAsync(1588)) - s1@group-796A68A19D2E: Not recognize s2 (term=1) as leader, state: s1@group-796A68A19D2E:t2, leader=s1, voted=s1, raftlog=Memoized:s1@group-796A68A19D2E-SegmentedRaftLog:OPENED:c4, conf=3: peers:[s0|localhost:15000, s1|localhost:15004, s2|localhost:15008]|listeners:[], old=null reply: s2<-s1#31:FAIL-t2,NOT_LEADER,nextIndex=5,followerCommit=4,matchIndex=-1
2024-01-25 07:57:36,190 [grpc-default-executor-6] WARN  server.GrpcLogAppender (GrpcLogAppender.java:onNextImpl(508)) - s2@group-796A68A19D2E->s1-AppendLogResponseHandler: received NOT_LEADER reply with term 2
2024-01-25 07:57:36,190 [s1-server-thread1] DEBUG server.RaftServer$Division (RaftServerImpl.java:appendEntriesAsync(1588)) - s1@group-796A68A19D2E: Not recognize s2 (term=1) as leader, state: s1@group-796A68A19D2E:t2, leader=s1, voted=s1, raftlog=Memoized:s1@group-796A68A19D2E-SegmentedRaftLog:OPENED:c4, conf=3: peers:[s0|localhost:15000, s1|localhost:15004, s2|localhost:15008]|listeners:[], old=null reply: s2<-s1#32:FAIL-t2,NOT_LEADER,nextIndex=5,followerCommit=4,matchIndex=-1
2024-01-25 07:57:36,191 [grpc-default-executor-6] WARN  server.GrpcLogAppender (GrpcLogAppender.java:onNextImpl(508)) - s2@group-796A68A19D2E->s1-AppendLogResponseHandler: received NOT_LEADER reply with term 2
2024-01-25 07:57:36,192 [s1-server-thread1] DEBUG server.RaftServer$Division (RaftServerImpl.java:appendEntriesAsync(1588)) - s1@group-796A68A19D2E: Not recognize s2 (term=1) as leader, state: s1@group-796A68A19D2E:t2, leader=s1, voted=s1, raftlog=Memoized:s1@group-796A68A19D2E-SegmentedRaftLog:OPENED:c4, conf=3: peers:[s0|localhost:15000, s1|localhost:15004, s2|localhost:15008]|listeners:[], old=null reply: s2<-s1#33:FAIL-t2,NOT_LEADER,nextIndex=5,followerCommit=4,matchIndex=-1
2024-01-25 07:57:36,192 [grpc-default-executor-6] WARN  server.GrpcLogAppender (GrpcLogAppender.java:onNextImpl(508)) - s2@group-796A68A19D2E->s1-AppendLogResponseHandler: received NOT_LEADER reply with term 2
2024-01-25 07:57:36,193 [s1-server-thread1] DEBUG server.RaftServer$Division (RaftServerImpl.java:appendEntriesAsync(1588)) - s1@group-796A68A19D2E: Not recognize s2 (term=1) as leader, state: s1@group-796A68A19D2E:t2, leader=s1, voted=s1, raftlog=Memoized:s1@group-796A68A19D2E-SegmentedRaftLog:OPENED:c4, conf=3: peers:[s0|localhost:15000, s1|localhost:15004, s2|localhost:15008]|listeners:[], old=null reply: s2<-s1#34:FAIL-t2,NOT_LEADER,nextIndex=5,followerCommit=4,matchIndex=-1
2024-01-25 07:57:36,193 [grpc-default-executor-6] WARN  server.GrpcLogAppender (GrpcLogAppender.java:onNextImpl(508)) - s2@group-796A68A19D2E->s1-AppendLogResponseHandler: received NOT_LEADER reply with term 2
2024-01-25 07:57:36,194 [s0@group-796A68A19D2E-SegmentedRaftLogWorker] INFO  segmented.SegmentedRaftLogWorker (SegmentedRaftLogWorker.java:execute(634)) - s0@group-796A68A19D2E-SegmentedRaftLogWorker: created new log segment /home/runner/work/ratis/ratis/ratis-test/target/test/data/d3464635/MiniRaftClusterWithGrpc1ed7d450/s0/6ac8c789-bb5d-44a1-a5d6-796a68a19d2e/current/log_inprogress_3
2024-01-25 07:57:36,194 [s1-server-thread1] DEBUG server.RaftServer$Division (RaftServerImpl.java:appendEntriesAsync(1588)) - s1@group-796A68A19D2E: Not recognize s2 (term=1) as leader, state: s1@group-796A68A19D2E:t2, leader=s1, voted=s1, raftlog=Memoized:s1@group-796A68A19D2E-SegmentedRaftLog:OPENED:c4, conf=3: peers:[s0|localhost:15000, s1|localhost:15004, s2|localhost:15008]|listeners:[], old=null reply: s2<-s1#35:FAIL-t2,NOT_LEADER,nextIndex=5,followerCommit=4,matchIndex=-1
2024-01-25 07:57:36,194 [grpc-default-executor-6] WARN  server.GrpcLogAppender (GrpcLogAppender.java:onNextImpl(508)) - s2@group-796A68A19D2E->s1-AppendLogResponseHandler: received NOT_LEADER reply with term 2
2024-01-25 07:57:36,195 [s1-server-thread1] DEBUG server.RaftServer$Division (RaftServerImpl.java:appendEntriesAsync(1588)) - s1@group-796A68A19D2E: Not recognize s2 (term=1) as leader, state: s1@group-796A68A19D2E:t2, leader=s1, voted=s1, raftlog=Memoized:s1@group-796A68A19D2E-SegmentedRaftLog:OPENED:c4, conf=3: peers:[s0|localhost:15000, s1|localhost:15004, s2|localhost:15008]|listeners:[], old=null reply: s2<-s1#36:FAIL-t2,NOT_LEADER,nextIndex=5,followerCommit=4,matchIndex=-1
2024-01-25 07:57:36,195 [grpc-default-executor-6] WARN  server.GrpcLogAppender (GrpcLogAppender.java:onNextImpl(508)) - s2@group-796A68A19D2E->s1-AppendLogResponseHandler: received NOT_LEADER reply with term 2
2024-01-25 07:57:36,195 [s0-server-thread3] DEBUG server.RaftServer$Division (RaftServerImpl.java:logAppendEntries(1520)) - s0@group-796A68A19D2E: succeeded to handle AppendEntries. Reply: s1<-s0#1:OK-t2,SUCCESS,nextIndex=4,followerCommit=2,matchIndex=3
2024-01-25 07:57:36,195 [s1-server-thread1] DEBUG server.RaftServer$Division (RaftServerImpl.java:appendEntriesAsync(1588)) - s1@group-796A68A19D2E: Not recognize s2 (term=1) as leader, state: s1@group-796A68A19D2E:t2, leader=s1, voted=s1, raftlog=Memoized:s1@group-796A68A19D2E-SegmentedRaftLog:OPENED:c4, conf=3: peers:[s0|localhost:15000, s1|localhost:15004, s2|localhost:15008]|listeners:[], old=null reply: s2<-s1#37:FAIL-t2,NOT_LEADER,nextIndex=5,followerCommit=4,matchIndex=-1
2024-01-25 07:57:36,196 [s0-server-thread3] DEBUG server.RaftServer$Division (RaftServerImpl.java:logAppendEntries(1520)) - s0@group-796A68A19D2E: succeeded to handle AppendEntries. Reply: s1<-s0#4:OK-t2,SUCCESS,nextIndex=5,followerCommit=3,matchIndex=4
2024-01-25 07:57:36,197 [grpc-default-executor-6] WARN  server.GrpcLogAppender (GrpcLogAppender.java:onNextImpl(508)) - s2@group-796A68A19D2E->s1-AppendLogResponseHandler: received NOT_LEADER reply with term 2
2024-01-25 07:57:36,197 [grpc-default-executor-10] DEBUG impl.WatchRequests (WatchRequests.java:updateIndex(150)) - s1@group-796A68A19D2E-WatchRequests: update ALL_COMMITTED index from 0 to 2
2024-01-25 07:57:36,197 [grpc-default-executor-10] DEBUG impl.WatchRequests (WatchRequests.java:updateIndex(160)) - s1@group-796A68A19D2E-WatchRequests: complete Watch-ALL_COMMITTED(1)@4.239s?NOT_DONE
2024-01-25 07:57:36,197 [s0@group-796A68A19D2E-StateMachineUpdater] TRACE util.FileUtils (LogUtils.java:supplyAndLog(69)) - Successfully supplied FileChannel.open /home/runner/work/ratis/ratis/ratis-test/target/test/data/d3464635/MiniRaftClusterWithGrpc1ed7d450/s0/6ac8c789-bb5d-44a1-a5d6-796a68a19d2e/current/raft-meta.conf.tmp with options [CREATE, WRITE]: sun.nio.ch.FileChannelImpl@21bed543
2024-01-25 07:57:36,198 [s1-server-thread1] DEBUG server.RaftServer$Division (RaftServerImpl.java:appendEntriesAsync(1588)) - s1@group-796A68A19D2E: Not recognize s2 (term=1) as leader, state: s1@group-796A68A19D2E:t2, leader=s1, voted=s1, raftlog=Memoized:s1@group-796A68A19D2E-SegmentedRaftLog:OPENED:c4, conf=3: peers:[s0|localhost:15000, s1|localhost:15004, s2|localhost:15008]|listeners:[], old=null reply: s2<-s1#38:FAIL-t2,NOT_LEADER,nextIndex=5,followerCommit=4,matchIndex=-1
2024-01-25 07:57:36,198 [grpc-default-executor-10] DEBUG impl.WatchRequests (WatchRequests.java:updateIndex(150)) - s1@group-796A68A19D2E-WatchRequests: update ALL_COMMITTED index from 2 to 3
2024-01-25 07:57:36,199 [s1@group-796A68A19D2E-LeaderStateImpl] DEBUG impl.WatchRequests (WatchRequests.java:updateIndex(150)) - s1@group-796A68A19D2E-WatchRequests: update ALL index from 0 to 4
2024-01-25 07:57:36,199 [s1@group-796A68A19D2E-LeaderStateImpl] DEBUG impl.WatchRequests (WatchRequests.java:updateIndex(160)) - s1@group-796A68A19D2E-WatchRequests: complete Watch-ALL(1)@4.239s?NOT_DONE
2024-01-25 07:57:36,199 [s0@group-796A68A19D2E-StateMachineUpdater] TRACE util.FileUtils (LogUtils.java:runAndLog(49)) - Successfully ran Atomic Files.move /home/runner/work/ratis/ratis/ratis-test/target/test/data/d3464635/MiniRaftClusterWithGrpc1ed7d450/s0/6ac8c789-bb5d-44a1-a5d6-796a68a19d2e/current/raft-meta.conf.tmp to /home/runner/work/ratis/ratis/ratis-test/target/test/data/d3464635/MiniRaftClusterWithGrpc1ed7d450/s0/6ac8c789-bb5d-44a1-a5d6-796a68a19d2e/current/raft-meta.conf with options [REPLACE_EXISTING]
2024-01-25 07:57:36,200 [grpc-default-executor-10] WARN  server.GrpcLogAppender (GrpcLogAppender.java:onNextImpl(508)) - s2@group-796A68A19D2E->s1-AppendLogResponseHandler: received NOT_LEADER reply with term 2
2024-01-25 07:57:36,201 [s1-server-thread1] DEBUG server.RaftServer$Division (RaftServerImpl.java:appendEntriesAsync(1588)) - s1@group-796A68A19D2E: Not recognize s2 (term=1) as leader, state: s1@group-796A68A19D2E:t2, leader=s1, voted=s1, raftlog=Memoized:s1@group-796A68A19D2E-SegmentedRaftLog:OPENED:c4, conf=3: peers:[s0|localhost:15000, s1|localhost:15004, s2|localhost:15008]|listeners:[], old=null reply: s2<-s1#39:FAIL-t2,NOT_LEADER,nextIndex=5,followerCommit=4,matchIndex=-1
2024-01-25 07:57:36,201 [ForkJoinPool.commonPool-worker-2] DEBUG impl.UnorderedAsync (UnorderedAsync.java:lambda$sendRequestWithRetry$4(83)) - client-2312CCC7CA78: attempt #2 receive~ RaftClientReply:client-2312CCC7CA78->s1@group-796A68A19D2E, cid=6, SUCCESS, logIndex=2, commits[s1:c4, s0:c2, s2:c4]
2024-01-25 07:57:36,202 [ForkJoinPool.commonPool-worker-2] DEBUG impl.UnorderedAsync (UnorderedAsync.java:lambda$sendRequestWithRetry$4(83)) - client-2312CCC7CA78: attempt #2 receive~ RaftClientReply:client-2312CCC7CA78->s1@group-796A68A19D2E, cid=4, SUCCESS, logIndex=4, commits[s1:c4, s0:c3, s2:c4]
2024-01-25 07:57:36,202 [Time-limited test] INFO  grpc.TestWatchRequestWithGrpc (WatchRequestTests.java:get(214)) - all-Watch(1) returns RaftClientReply:client-2312CCC7CA78->s1@group-796A68A19D2E, cid=4, SUCCESS, logIndex=4, commits[s1:c4, s0:c3, s2:c4]
2024-01-25 07:57:36,202 [Time-limited test] INFO  grpc.TestWatchRequestWithGrpc (WatchRequestTests.java:get(214)) - allCommitted-Watch(1) returns RaftClientReply:client-2312CCC7CA78->s1@group-796A68A19D2E, cid=6, SUCCESS, logIndex=2, commits[s1:c4, s0:c2, s2:c4]
2024-01-25 07:57:36,203 [Time-limited test] INFO  grpc.TestWatchRequestWithGrpc (WatchRequestTests.java:runTest(152)) - 10) numMessages=10, printing ALL groups
  s0:  RUNNING  FOLLOWER s0@group-796A68A19D2E:t2, leader=s1, voted=s1, raftlog=Memoized:s0@group-796A68A19D2E-SegmentedRaftLog:OPENED:c3, conf=3: peers:[s0|localhost:15000, s1|localhost:15004, s2|localhost:15008]|listeners:[], old=null RUNNING
  s1:  RUNNING    LEADER s1@group-796A68A19D2E:t2, leader=s1, voted=s1, raftlog=Memoized:s1@group-796A68A19D2E-SegmentedRaftLog:OPENED:c4, conf=3: peers:[s0|localhost:15000, s1|localhost:15004, s2|localhost:15008]|listeners:[], old=null RUNNING
  s2:  RUNNING  FOLLOWER s2@group-796A68A19D2E:t2, leader=s1, voted=s1, raftlog=Memoized:s2@group-796A68A19D2E-SegmentedRaftLog:OPENED:c4, conf=3: peers:[s0|localhost:15000, s1|localhost:15004, s2|localhost:15008]|listeners:[], old=null RUNNING
2024-01-25 07:57:36,203 [Time-limited test] INFO  grpc.TestWatchRequestWithGrpc (WatchRequestTests.java:runTestWatchRequestAsyncChangeLeader(348)) - block follower s2
2024-01-25 07:57:36,203 [Time-limited test] INFO  impl.SimpleStateMachine4Testing (SimpleStateMachine4Testing.java:block(135)) - block FLUSH_STATE_MACHINE_DATA
2024-01-25 07:57:36,203 [Time-limited test] INFO  grpc.TestWatchRequestWithGrpc (WatchRequestTests.java:sendRequests(105)) - SEND_REQUEST 0: message=m0
2024-01-25 07:57:36,203 [Time-limited test] DEBUG client.RaftClient (RaftClientImpl.java:get(158)) - client-2312CCC7CA78: get 7 returns []
2024-01-25 07:57:36,204 [Time-limited test] DEBUG client.RaftClient (RaftClientImpl.java:newRequest(95)) - attempt #1, newRequest RaftClientRequest:client-2312CCC7CA78->s1@group-796A68A19D2E, cid=7, seq=3, RW, m0
2024-01-25 07:57:36,204 [Time-limited test] INFO  grpc.TestWatchRequestWithGrpc (WatchRequestTests.java:sendRequests(105)) - SEND_REQUEST 1: message=m1
2024-01-25 07:57:36,204 [Time-limited test] DEBUG client.RaftClient (RaftClientImpl.java:get(158)) - client-2312CCC7CA78: get 8 returns []
2024-01-25 07:57:36,205 [Time-limited test] DEBUG client.RaftClient (RaftClientImpl.java:newRequest(95)) - attempt #1, newRequest RaftClientRequest:client-2312CCC7CA78->s1@group-796A68A19D2E, cid=8, seq=4, RW, m1
2024-01-25 07:57:36,205 [Time-limited test] INFO  grpc.TestWatchRequestWithGrpc (WatchRequestTests.java:sendRequests(105)) - SEND_REQUEST 2: message=m2
2024-01-25 07:57:36,205 [Time-limited test] DEBUG client.RaftClient (RaftClientImpl.java:get(158)) - client-2312CCC7CA78: get 9 returns []
2024-01-25 07:57:36,205 [Time-limited test] DEBUG client.RaftClient (RaftClientImpl.java:newRequest(95)) - attempt #1, newRequest RaftClientRequest:client-2312CCC7CA78->s1@group-796A68A19D2E, cid=9, seq=5, RW, m2
2024-01-25 07:57:36,205 [Time-limited test] INFO  grpc.TestWatchRequestWithGrpc (WatchRequestTests.java:sendRequests(105)) - SEND_REQUEST 3: message=m3
2024-01-25 07:57:36,205 [Time-limited test] DEBUG client.RaftClient (RaftClientImpl.java:get(158)) - client-2312CCC7CA78: get 10 returns []
2024-01-25 07:57:36,206 [Time-limited test] DEBUG client.RaftClient (RaftClientImpl.java:newRequest(95)) - attempt #1, newRequest RaftClientRequest:client-2312CCC7CA78->s1@group-796A68A19D2E, cid=10, seq=6, RW, m3
2024-01-25 07:57:36,206 [Time-limited test] INFO  grpc.TestWatchRequestWithGrpc (WatchRequestTests.java:sendRequests(105)) - SEND_REQUEST 4: message=m4
2024-01-25 07:57:36,206 [Time-limited test] DEBUG client.RaftClient (RaftClientImpl.java:get(158)) - client-2312CCC7CA78: get 11 returns []
2024-01-25 07:57:36,206 [Time-limited test] DEBUG client.RaftClient (RaftClientImpl.java:newRequest(95)) - attempt #1, newRequest RaftClientRequest:client-2312CCC7CA78->s1@group-796A68A19D2E, cid=11, seq=7, RW, m4
2024-01-25 07:57:36,206 [Time-limited test] INFO  grpc.TestWatchRequestWithGrpc (WatchRequestTests.java:sendRequests(105)) - SEND_REQUEST 5: message=m5
2024-01-25 07:57:36,207 [Time-limited test] DEBUG client.RaftClient (RaftClientImpl.java:get(158)) - client-2312CCC7CA78: get 12 returns []
2024-01-25 07:57:36,207 [Time-limited test] DEBUG client.RaftClient (RaftClientImpl.java:newRequest(95)) - attempt #1, newRequest RaftClientRequest:client-2312CCC7CA78->s1@group-796A68A19D2E, cid=12, seq=8, RW, m5
2024-01-25 07:57:36,207 [Time-limited test] INFO  grpc.TestWatchRequestWithGrpc (WatchRequestTests.java:sendRequests(105)) - SEND_REQUEST 6: message=m6
2024-01-25 07:57:36,207 [Time-limited test] DEBUG client.RaftClient (RaftClientImpl.java:get(158)) - client-2312CCC7CA78: get 13 returns []
2024-01-25 07:57:36,207 [grpc-default-executor-10] WARN  server.GrpcLogAppender (GrpcLogAppender.java:onNextImpl(508)) - s2@group-796A68A19D2E->s1-AppendLogResponseHandler: received NOT_LEADER reply with term 2
2024-01-25 07:57:36,207 [Time-limited test] DEBUG client.RaftClient (RaftClientImpl.java:newRequest(95)) - attempt #1, newRequest RaftClientRequest:client-2312CCC7CA78->s1@group-796A68A19D2E, cid=13, seq=9, RW, m6
2024-01-25 07:57:36,208 [s1-server-thread1] DEBUG server.RaftServer$Division (RaftServerImpl.java:appendEntriesAsync(1588)) - s1@group-796A68A19D2E: Not recognize s2 (term=1) as leader, state: s1@group-796A68A19D2E:t2, leader=s1, voted=s1, raftlog=Memoized:s1@group-796A68A19D2E-SegmentedRaftLog:OPENED:c4, conf=3: peers:[s0|localhost:15000, s1|localhost:15004, s2|localhost:15008]|listeners:[], old=null reply: s2<-s1#40:FAIL-t2,NOT_LEADER,nextIndex=5,followerCommit=4,matchIndex=-1
2024-01-25 07:57:36,208 [Time-limited test] INFO  grpc.TestWatchRequestWithGrpc (WatchRequestTests.java:sendRequests(105)) - SEND_REQUEST 7: message=m7
2024-01-25 07:57:36,208 [Time-limited test] DEBUG client.RaftClient (RaftClientImpl.java:get(158)) - client-2312CCC7CA78: get 14 returns []
2024-01-25 07:57:36,208 [Time-limited test] DEBUG client.RaftClient (RaftClientImpl.java:newRequest(95)) - attempt #1, newRequest RaftClientRequest:client-2312CCC7CA78->s1@group-796A68A19D2E, cid=14, seq=10, RW, m7
2024-01-25 07:57:36,209 [grpc-default-executor-6] WARN  server.GrpcLogAppender (GrpcLogAppender.java:onNextImpl(508)) - s2@group-796A68A19D2E->s1-AppendLogResponseHandler: received NOT_LEADER reply with term 2
2024-01-25 07:57:36,209 [Time-limited test] INFO  grpc.TestWatchRequestWithGrpc (WatchRequestTests.java:sendRequests(105)) - SEND_REQUEST 8: message=m8
2024-01-25 07:57:36,209 [Time-limited test] DEBUG client.RaftClient (RaftClientImpl.java:get(158)) - client-2312CCC7CA78: get 15 returns []
2024-01-25 07:57:36,209 [Time-limited test] DEBUG client.RaftClient (RaftClientImpl.java:newRequest(95)) - attempt #1, newRequest RaftClientRequest:client-2312CCC7CA78->s1@group-796A68A19D2E, cid=15, seq=11, RW, m8
2024-01-25 07:57:36,209 [s1-server-thread1] DEBUG server.RaftServer$Division (RaftServerImpl.java:appendEntriesAsync(1588)) - s1@group-796A68A19D2E: Not recognize s2 (term=1) as leader, state: s1@group-796A68A19D2E:t2, leader=s1, voted=s1, raftlog=Memoized:s1@group-796A68A19D2E-SegmentedRaftLog:OPENED:c4, conf=3: peers:[s0|localhost:15000, s1|localhost:15004, s2|localhost:15008]|listeners:[], old=null reply: s2<-s1#41:FAIL-t2,NOT_LEADER,nextIndex=5,followerCommit=4,matchIndex=-1
2024-01-25 07:57:36,209 [Time-limited test] INFO  grpc.TestWatchRequestWithGrpc (WatchRequestTests.java:sendRequests(105)) - SEND_REQUEST 9: message=m9
2024-01-25 07:57:36,209 [Time-limited test] DEBUG client.RaftClient (RaftClientImpl.java:get(158)) - client-2312CCC7CA78: get 16 returns []
2024-01-25 07:57:36,209 [grpc-default-executor-8] INFO  server.GrpcServerProtocolService (GrpcServerProtocolService.java:onCompleted(186)) - s1: Completed APPEND_ENTRIES, lastRequest: null
2024-01-25 07:57:36,210 [grpc-default-executor-6] WARN  server.GrpcLogAppender (GrpcLogAppender.java:onNextImpl(508)) - s2@group-796A68A19D2E->s1-AppendLogResponseHandler: received NOT_LEADER reply with term 2
2024-01-25 07:57:36,209 [Time-limited test] DEBUG client.RaftClient (RaftClientImpl.java:newRequest(95)) - attempt #1, newRequest RaftClientRequest:client-2312CCC7CA78->s1@group-796A68A19D2E, cid=16, seq=12, RW, m9
2024-01-25 07:57:36,212 [grpc-default-executor-8] INFO  server.GrpcServerProtocolService (GrpcServerProtocolService.java:lambda$onCompleted$7(188)) - s1: Completed APPEND_ENTRIES, lastReply: serverReply {
  requestorId: "s2"
  replyId: "s1"
  raftGroupId {
    id: "j\310\307\211\273]D\241\245\326yjh\241\235."
  }
  callId: 41
}
term: 2
nextIndex: 5
result: NOT_LEADER
followerCommit: 4
matchIndex: 18446744073709551615
isHearbeat: true

2024-01-25 07:57:36,217 [grpc-default-executor-10] INFO  server.GrpcLogAppender (GrpcLogAppender.java:onCompleted(546)) - s2@group-796A68A19D2E->s1-AppendLogResponseHandler: follower responses appendEntries COMPLETED
2024-01-25 07:57:36,278 [grpc-default-executor-10] DEBUG impl.WatchRequests (WatchRequests.java:updateIndex(150)) - s1@group-796A68A19D2E-WatchRequests: update ALL_COMMITTED index from 3 to 4
2024-01-25 07:57:36,432 [s0-server-thread1] INFO  util.CodeInjectionForTesting (BlockRequestHandlingInjection.java:execute(84)) - s0: unBlock request from s2
2024-01-25 07:57:36,432 [s0-server-thread1] DEBUG server.RaftServer$Division (RaftServerImpl.java:appendEntriesAsync(1588)) - s0@group-796A68A19D2E: Not recognize s2 (term=1) as leader, state: s0@group-796A68A19D2E:t2, leader=s1, voted=s1, raftlog=Memoized:s0@group-796A68A19D2E-SegmentedRaftLog:OPENED:c4, conf=3: peers:[s0|localhost:15000, s1|localhost:15004, s2|localhost:15008]|listeners:[], old=null reply: s2<-s0#45:FAIL-t2,NOT_LEADER,nextIndex=5,followerCommit=4,matchIndex=-1
2024-01-25 07:57:36,433 [grpc-default-executor-6] WARN  server.GrpcLogAppender (GrpcLogAppender.java:onNextImpl(508)) - s2@group-796A68A19D2E->s0-AppendLogResponseHandler: received NOT_LEADER reply with term 2
2024-01-25 07:57:36,433 [s0-server-thread3] DEBUG server.RaftServer$Division (RaftServerImpl.java:appendEntriesAsync(1588)) - s0@group-796A68A19D2E: Not recognize s2 (term=1) as leader, state: s0@group-796A68A19D2E:t2, leader=s1, voted=s1, raftlog=Memoized:s0@group-796A68A19D2E-SegmentedRaftLog:OPENED:c4, conf=3: peers:[s0|localhost:15000, s1|localhost:15004, s2|localhost:15008]|listeners:[], old=null reply: s2<-s0#46:FAIL-t2,NOT_LEADER,nextIndex=5,followerCommit=4,matchIndex=-1
2024-01-25 07:57:36,434 [grpc-default-executor-9] WARN  server.GrpcLogAppender (GrpcLogAppender.java:onNextImpl(508)) - s2@group-796A68A19D2E->s0-AppendLogResponseHandler: received NOT_LEADER reply with term 2
2024-01-25 07:57:36,434 [s0-server-thread3] DEBUG server.RaftServer$Division (RaftServerImpl.java:appendEntriesAsync(1588)) - s0@group-796A68A19D2E: Not recognize s2 (term=1) as leader, state: s0@group-796A68A19D2E:t2, leader=s1, voted=s1, raftlog=Memoized:s0@group-796A68A19D2E-SegmentedRaftLog:OPENED:c4, conf=3: peers:[s0|localhost:15000, s1|localhost:15004, s2|localhost:15008]|listeners:[], old=null reply: s2<-s0#47:FAIL-t2,NOT_LEADER,nextIndex=5,followerCommit=4,matchIndex=-1
2024-01-25 07:57:36,435 [grpc-default-executor-10] WARN  server.GrpcLogAppender (GrpcLogAppender.java:onNextImpl(508)) - s2@group-796A68A19D2E->s0-AppendLogResponseHandler: received NOT_LEADER reply with term 2
2024-01-25 07:57:36,436 [s0-server-thread3] DEBUG server.RaftServer$Division (RaftServerImpl.java:appendEntriesAsync(1588)) - s0@group-796A68A19D2E: Not recognize s2 (term=1) as leader, state: s0@group-796A68A19D2E:t2, leader=s1, voted=s1, raftlog=Memoized:s0@group-796A68A19D2E-SegmentedRaftLog:OPENED:c4, conf=3: peers:[s0|localhost:15000, s1|localhost:15004, s2|localhost:15008]|listeners:[], old=null reply: s2<-s0#48:FAIL-t2,NOT_LEADER,nextIndex=5,followerCommit=4,matchIndex=-1
2024-01-25 07:57:36,436 [grpc-default-executor-10] WARN  server.GrpcLogAppender (GrpcLogAppender.java:onNextImpl(508)) - s2@group-796A68A19D2E->s0-AppendLogResponseHandler: received NOT_LEADER reply with term 2
2024-01-25 07:57:36,437 [s0-server-thread3] DEBUG server.RaftServer$Division (RaftServerImpl.java:appendEntriesAsync(1588)) - s0@group-796A68A19D2E: Not recognize s2 (term=1) as leader, state: s0@group-796A68A19D2E:t2, leader=s1, voted=s1, raftlog=Memoized:s0@group-796A68A19D2E-SegmentedRaftLog:OPENED:c4, conf=3: peers:[s0|localhost:15000, s1|localhost:15004, s2|localhost:15008]|listeners:[], old=null reply: s2<-s0#49:FAIL-t2,NOT_LEADER,nextIndex=5,followerCommit=4,matchIndex=-1
2024-01-25 07:57:36,437 [grpc-default-executor-10] WARN  server.GrpcLogAppender (GrpcLogAppender.java:onNextImpl(508)) - s2@group-796A68A19D2E->s0-AppendLogResponseHandler: received NOT_LEADER reply with term 2
2024-01-25 07:57:36,438 [s0-server-thread3] DEBUG server.RaftServer$Division (RaftServerImpl.java:appendEntriesAsync(1588)) - s0@group-796A68A19D2E: Not recognize s2 (term=1) as leader, state: s0@group-796A68A19D2E:t2, leader=s1, voted=s1, raftlog=Memoized:s0@group-796A68A19D2E-SegmentedRaftLog:OPENED:c4, conf=3: peers:[s0|localhost:15000, s1|localhost:15004, s2|localhost:15008]|listeners:[], old=null reply: s2<-s0#50:FAIL-t2,NOT_LEADER,nextIndex=5,followerCommit=4,matchIndex=-1
2024-01-25 07:57:36,438 [grpc-default-executor-10] WARN  server.GrpcLogAppender (GrpcLogAppender.java:onNextImpl(508)) - s2@group-796A68A19D2E->s0-AppendLogResponseHandler: received NOT_LEADER reply with term 2
2024-01-25 07:57:36,438 [s0-server-thread3] DEBUG server.RaftServer$Division (RaftServerImpl.java:appendEntriesAsync(1588)) - s0@group-796A68A19D2E: Not recognize s2 (term=1) as leader, state: s0@group-796A68A19D2E:t2, leader=s1, voted=s1, raftlog=Memoized:s0@group-796A68A19D2E-SegmentedRaftLog:OPENED:c4, conf=3: peers:[s0|localhost:15000, s1|localhost:15004, s2|localhost:15008]|listeners:[], old=null reply: s2<-s0#51:FAIL-t2,NOT_LEADER,nextIndex=5,followerCommit=4,matchIndex=-1
2024-01-25 07:57:36,439 [grpc-default-executor-10] WARN  server.GrpcLogAppender (GrpcLogAppender.java:onNextImpl(508)) - s2@group-796A68A19D2E->s0-AppendLogResponseHandler: received NOT_LEADER reply with term 2
2024-01-25 07:57:36,439 [s0-server-thread3] DEBUG server.RaftServer$Division (RaftServerImpl.java:appendEntriesAsync(1588)) - s0@group-796A68A19D2E: Not recognize s2 (term=1) as leader, state: s0@group-796A68A19D2E:t2, leader=s1, voted=s1, raftlog=Memoized:s0@group-796A68A19D2E-SegmentedRaftLog:OPENED:c4, conf=3: peers:[s0|localhost:15000, s1|localhost:15004, s2|localhost:15008]|listeners:[], old=null reply: s2<-s0#52:FAIL-t2,NOT_LEADER,nextIndex=5,followerCommit=4,matchIndex=-1
2024-01-25 07:57:36,440 [grpc-default-executor-10] WARN  server.GrpcLogAppender (GrpcLogAppender.java:onNextImpl(508)) - s2@group-796A68A19D2E->s0-AppendLogResponseHandler: received NOT_LEADER reply with term 2
2024-01-25 07:57:36,440 [s0-server-thread3] DEBUG server.RaftServer$Division (RaftServerImpl.java:appendEntriesAsync(1588)) - s0@group-796A68A19D2E: Not recognize s2 (term=1) as leader, state: s0@group-796A68A19D2E:t2, leader=s1, voted=s1, raftlog=Memoized:s0@group-796A68A19D2E-SegmentedRaftLog:OPENED:c4, conf=3: peers:[s0|localhost:15000, s1|localhost:15004, s2|localhost:15008]|listeners:[], old=null reply: s2<-s0#53:FAIL-t2,NOT_LEADER,nextIndex=5,followerCommit=4,matchIndex=-1
2024-01-25 07:57:36,441 [grpc-default-executor-10] WARN  server.GrpcLogAppender (GrpcLogAppender.java:onNextImpl(508)) - s2@group-796A68A19D2E->s0-AppendLogResponseHandler: received NOT_LEADER reply with term 2
2024-01-25 07:57:36,441 [s0-server-thread3] DEBUG server.RaftServer$Division (RaftServerImpl.java:appendEntriesAsync(1588)) - s0@group-796A68A19D2E: Not recognize s2 (term=1) as leader, state: s0@group-796A68A19D2E:t2, leader=s1, voted=s1, raftlog=Memoized:s0@group-796A68A19D2E-SegmentedRaftLog:OPENED:c4, conf=3: peers:[s0|localhost:15000, s1|localhost:15004, s2|localhost:15008]|listeners:[], old=null reply: s2<-s0#54:FAIL-t2,NOT_LEADER,nextIndex=5,followerCommit=4,matchIndex=-1
2024-01-25 07:57:36,441 [grpc-default-executor-10] WARN  server.GrpcLogAppender (GrpcLogAppender.java:onNextImpl(508)) - s2@group-796A68A19D2E->s0-AppendLogResponseHandler: received NOT_LEADER reply with term 2
2024-01-25 07:57:36,442 [s0-server-thread3] DEBUG server.RaftServer$Division (RaftServerImpl.java:appendEntriesAsync(1588)) - s0@group-796A68A19D2E: Not recognize s2 (term=1) as leader, state: s0@group-796A68A19D2E:t2, leader=s1, voted=s1, raftlog=Memoized:s0@group-796A68A19D2E-SegmentedRaftLog:OPENED:c4, conf=3: peers:[s0|localhost:15000, s1|localhost:15004, s2|localhost:15008]|listeners:[], old=null reply: s2<-s0#55:FAIL-t2,NOT_LEADER,nextIndex=5,followerCommit=4,matchIndex=-1
2024-01-25 07:57:36,442 [grpc-default-executor-10] WARN  server.GrpcLogAppender (GrpcLogAppender.java:onNextImpl(508)) - s2@group-796A68A19D2E->s0-AppendLogResponseHandler: received NOT_LEADER reply with term 2
2024-01-25 07:57:36,442 [s0-server-thread3] DEBUG server.RaftServer$Division (RaftServerImpl.java:appendEntriesAsync(1588)) - s0@group-796A68A19D2E: Not recognize s2 (term=1) as leader, state: s0@group-796A68A19D2E:t2, leader=s1, voted=s1, raftlog=Memoized:s0@group-796A68A19D2E-SegmentedRaftLog:OPENED:c4, conf=3: peers:[s0|localhost:15000, s1|localhost:15004, s2|localhost:15008]|listeners:[], old=null reply: s2<-s0#56:FAIL-t2,NOT_LEADER,nextIndex=5,followerCommit=4,matchIndex=-1
2024-01-25 07:57:36,443 [grpc-default-executor-9] INFO  server.GrpcServerProtocolService (GrpcServerProtocolService.java:onCompleted(186)) - s0: Completed APPEND_ENTRIES, lastRequest: null
2024-01-25 07:57:36,443 [grpc-default-executor-10] WARN  server.GrpcLogAppender (GrpcLogAppender.java:onNextImpl(508)) - s2@group-796A68A19D2E->s0-AppendLogResponseHandler: received NOT_LEADER reply with term 2
2024-01-25 07:57:36,443 [grpc-default-executor-9] INFO  server.GrpcServerProtocolService (GrpcServerProtocolService.java:lambda$onCompleted$7(188)) - s0: Completed APPEND_ENTRIES, lastReply: serverReply {
  requestorId: "s2"
  replyId: "s0"
  raftGroupId {
    id: "j\310\307\211\273]D\241\245\326yjh\241\235."
  }
  callId: 56
}
term: 2
nextIndex: 5
result: NOT_LEADER
followerCommit: 4
matchIndex: 18446744073709551615
isHearbeat: true

2024-01-25 07:57:36,444 [grpc-default-executor-9] INFO  server.GrpcLogAppender (GrpcLogAppender.java:onCompleted(546)) - s2@group-796A68A19D2E->s0-AppendLogResponseHandler: follower responses appendEntries COMPLETED
2024-01-25 07:57:39,204 [timer7] ERROR impl.OrderedAsync (OrderedAsync.java:lambda$sendRequestWithRetry$6(207)) - client-2312CCC7CA78: Failed* RaftClientRequest:client-2312CCC7CA78->s1@group-796A68A19D2E, cid=7, seq=3, RW, m0
java.util.concurrent.CompletionException: org.apache.ratis.protocol.exceptions.TimeoutIOException: client-2312CCC7CA78->s1 request #7 timeout 3000ms
	at java.util.concurrent.CompletableFuture.encodeThrowable(CompletableFuture.java:292)
	at java.util.concurrent.CompletableFuture.completeThrowable(CompletableFuture.java:308)
	at java.util.concurrent.CompletableFuture.uniAccept(CompletableFuture.java:661)
	at java.util.concurrent.CompletableFuture$UniAccept.tryFire(CompletableFuture.java:646)
	at java.util.concurrent.CompletableFuture.postComplete(CompletableFuture.java:488)
	at java.util.concurrent.CompletableFuture.completeExceptionally(CompletableFuture.java:1990)
	at org.apache.ratis.grpc.client.GrpcClientProtocolClient$AsyncStreamObservers.lambda$timeoutCheck$5(GrpcClientProtocolClient.java:373)
	at java.util.Optional.ifPresent(Optional.java:159)
	at org.apache.ratis.grpc.client.GrpcClientProtocolClient$AsyncStreamObservers.handleReplyFuture(GrpcClientProtocolClient.java:378)
	at org.apache.ratis.grpc.client.GrpcClientProtocolClient$AsyncStreamObservers.timeoutCheck(GrpcClientProtocolClient.java:373)
	at org.apache.ratis.grpc.client.GrpcClientProtocolClient$AsyncStreamObservers.lambda$onNext$3(GrpcClientProtocolClient.java:366)
	at org.apache.ratis.util.TimeoutTimer.lambda$onTimeout$2(TimeoutTimer.java:101)
	at org.apache.ratis.util.LogUtils.runAndLog(LogUtils.java:38)
	at org.apache.ratis.util.LogUtils$1.run(LogUtils.java:78)
	at org.apache.ratis.util.TimeoutTimer$Task.run(TimeoutTimer.java:55)
	at java.util.TimerThread.mainLoop(Timer.java:555)
	at java.util.TimerThread.run(Timer.java:505)
Caused by: org.apache.ratis.protocol.exceptions.TimeoutIOException: client-2312CCC7CA78->s1 request #7 timeout 3000ms
	at org.apache.ratis.grpc.client.GrpcClientProtocolClient$AsyncStreamObservers.lambda$timeoutCheck$5(GrpcClientProtocolClient.java:374)
	... 10 more
2024-01-25 07:57:39,204 [timer7] DEBUG client.RaftClient (RaftClientImpl.java:handleIOException(417)) - client-2312CCC7CA78: suggested new leader: null. Failed RaftClientRequest:client-2312CCC7CA78->s1@group-796A68A19D2E, cid=7, seq=3, RW, m0
org.apache.ratis.protocol.exceptions.TimeoutIOException: client-2312CCC7CA78->s1 request #7 timeout 3000ms
	at org.apache.ratis.grpc.client.GrpcClientProtocolClient$AsyncStreamObservers.lambda$timeoutCheck$5(GrpcClientProtocolClient.java:374)
	at java.util.Optional.ifPresent(Optional.java:159)
	at org.apache.ratis.grpc.client.GrpcClientProtocolClient$AsyncStreamObservers.handleReplyFuture(GrpcClientProtocolClient.java:378)
	at org.apache.ratis.grpc.client.GrpcClientProtocolClient$AsyncStreamObservers.timeoutCheck(GrpcClientProtocolClient.java:373)
	at org.apache.ratis.grpc.client.GrpcClientProtocolClient$AsyncStreamObservers.lambda$onNext$3(GrpcClientProtocolClient.java:366)
	at org.apache.ratis.util.TimeoutTimer.lambda$onTimeout$2(TimeoutTimer.java:101)
	at org.apache.ratis.util.LogUtils.runAndLog(LogUtils.java:38)
	at org.apache.ratis.util.LogUtils$1.run(LogUtils.java:78)
	at org.apache.ratis.util.TimeoutTimer$Task.run(TimeoutTimer.java:55)
	at java.util.TimerThread.mainLoop(Timer.java:555)
	at java.util.TimerThread.run(Timer.java:505)
2024-01-25 07:57:39,205 [timer7] TRACE client.RaftClient (RaftClientImpl.java:handleIOException(419)) - Stack trace
java.lang.Throwable: TRACE
	at org.apache.ratis.client.impl.RaftClientImpl.handleIOException(RaftClientImpl.java:419)
	at org.apache.ratis.client.impl.OrderedAsync.handleException(OrderedAsync.java:237)
	at org.apache.ratis.client.impl.OrderedAsync.lambda$sendRequestWithRetry$6(OrderedAsync.java:208)
	at java.util.concurrent.CompletableFuture.uniExceptionally(CompletableFuture.java:884)
	at java.util.concurrent.CompletableFuture$UniExceptionally.tryFire(CompletableFuture.java:866)
	at java.util.concurrent.CompletableFuture.postComplete(CompletableFuture.java:488)
	at java.util.concurrent.CompletableFuture.completeExceptionally(CompletableFuture.java:1990)
	at org.apache.ratis.grpc.client.GrpcClientProtocolClient$AsyncStreamObservers.lambda$timeoutCheck$5(GrpcClientProtocolClient.java:373)
	at java.util.Optional.ifPresent(Optional.java:159)
	at org.apache.ratis.grpc.client.GrpcClientProtocolClient$AsyncStreamObservers.handleReplyFuture(GrpcClientProtocolClient.java:378)
	at org.apache.ratis.grpc.client.GrpcClientProtocolClient$AsyncStreamObservers.timeoutCheck(GrpcClientProtocolClient.java:373)
	at org.apache.ratis.grpc.client.GrpcClientProtocolClient$AsyncStreamObservers.lambda$onNext$3(GrpcClientProtocolClient.java:366)
	at org.apache.ratis.util.TimeoutTimer.lambda$onTimeout$2(TimeoutTimer.java:101)
	at org.apache.ratis.util.LogUtils.runAndLog(LogUtils.java:38)
	at org.apache.ratis.util.LogUtils$1.run(LogUtils.java:78)
	at org.apache.ratis.util.TimeoutTimer$Task.run(TimeoutTimer.java:55)
	at java.util.TimerThread.mainLoop(Timer.java:555)
	at java.util.TimerThread.run(Timer.java:505)
2024-01-25 07:57:39,205 [timer7] DEBUG client.RaftClient (RaftClientImpl.java:handleIOException(435)) - client-2312CCC7CA78: oldLeader=s1,  curLeader=s1, newLeader=s0
2024-01-25 07:57:39,205 [timer7] DEBUG client.RaftClient (RaftClientImpl.java:handleIOException(441)) - client-2312CCC7CA78 changes Leader from s1 to s0 for group-796A68A19D2E
org.apache.ratis.protocol.exceptions.TimeoutIOException: client-2312CCC7CA78->s1 request #7 timeout 3000ms
	at org.apache.ratis.grpc.client.GrpcClientProtocolClient$AsyncStreamObservers.lambda$timeoutCheck$5(GrpcClientProtocolClient.java:374)
	at java.util.Optional.ifPresent(Optional.java:159)
	at org.apache.ratis.grpc.client.GrpcClientProtocolClient$AsyncStreamObservers.handleReplyFuture(GrpcClientProtocolClient.java:378)
	at org.apache.ratis.grpc.client.GrpcClientProtocolClient$AsyncStreamObservers.timeoutCheck(GrpcClientProtocolClient.java:373)
	at org.apache.ratis.grpc.client.GrpcClientProtocolClient$AsyncStreamObservers.lambda$onNext$3(GrpcClientProtocolClient.java:366)
	at org.apache.ratis.util.TimeoutTimer.lambda$onTimeout$2(TimeoutTimer.java:101)
	at org.apache.ratis.util.LogUtils.runAndLog(LogUtils.java:38)
	at org.apache.ratis.util.LogUtils$1.run(LogUtils.java:78)
	at org.apache.ratis.util.TimeoutTimer$Task.run(TimeoutTimer.java:55)
	at java.util.TimerThread.mainLoop(Timer.java:555)
	at java.util.TimerThread.run(Timer.java:505)
2024-01-25 07:57:39,205 [timer0] ERROR impl.OrderedAsync (OrderedAsync.java:lambda$sendRequestWithRetry$6(207)) - client-2312CCC7CA78: Failed* RaftClientRequest:client-2312CCC7CA78->s1@group-796A68A19D2E, cid=8, seq=4, RW, m1
java.util.concurrent.CompletionException: org.apache.ratis.protocol.exceptions.TimeoutIOException: client-2312CCC7CA78->s1 request #8 timeout 3000ms
	at java.util.concurrent.CompletableFuture.encodeThrowable(CompletableFuture.java:292)
	at java.util.concurrent.CompletableFuture.completeThrowable(CompletableFuture.java:308)
	at java.util.concurrent.CompletableFuture.uniAccept(CompletableFuture.java:661)
	at java.util.concurrent.CompletableFuture$UniAccept.tryFire(CompletableFuture.java:646)
	at java.util.concurrent.CompletableFuture.postComplete(CompletableFuture.java:488)
	at java.util.concurrent.CompletableFuture.completeExceptionally(CompletableFuture.java:1990)
	at org.apache.ratis.grpc.client.GrpcClientProtocolClient$AsyncStreamObservers.lambda$timeoutCheck$5(GrpcClientProtocolClient.java:373)
	at java.util.Optional.ifPresent(Optional.java:159)
	at org.apache.ratis.grpc.client.GrpcClientProtocolClient$AsyncStreamObservers.handleReplyFuture(GrpcClientProtocolClient.java:378)
	at org.apache.ratis.grpc.client.GrpcClientProtocolClient$AsyncStreamObservers.timeoutCheck(GrpcClientProtocolClient.java:373)
	at org.apache.ratis.grpc.client.GrpcClientProtocolClient$AsyncStreamObservers.lambda$onNext$3(GrpcClientProtocolClient.java:366)
	at org.apache.ratis.util.TimeoutTimer.lambda$onTimeout$2(TimeoutTimer.java:101)
	at org.apache.ratis.util.LogUtils.runAndLog(LogUtils.java:38)
	at org.apache.ratis.util.LogUtils$1.run(LogUtils.java:78)
	at org.apache.ratis.util.TimeoutTimer$Task.run(TimeoutTimer.java:55)
	at java.util.TimerThread.mainLoop(Timer.java:555)
	at java.util.TimerThread.run(Timer.java:505)
Caused by: org.apache.ratis.protocol.exceptions.TimeoutIOException: client-2312CCC7CA78->s1 request #8 timeout 3000ms
	at org.apache.ratis.grpc.client.GrpcClientProtocolClient$AsyncStreamObservers.lambda$timeoutCheck$5(GrpcClientProtocolClient.java:374)
	... 10 more
2024-01-25 07:57:39,206 [timer0] DEBUG client.RaftClient (RaftClientImpl.java:handleIOException(417)) - client-2312CCC7CA78: suggested new leader: null. Failed RaftClientRequest:client-2312CCC7CA78->s1@group-796A68A19D2E, cid=8, seq=4, RW, m1
org.apache.ratis.protocol.exceptions.TimeoutIOException: client-2312CCC7CA78->s1 request #8 timeout 3000ms
	at org.apache.ratis.grpc.client.GrpcClientProtocolClient$AsyncStreamObservers.lambda$timeoutCheck$5(GrpcClientProtocolClient.java:374)
	at java.util.Optional.ifPresent(Optional.java:159)
	at org.apache.ratis.grpc.client.GrpcClientProtocolClient$AsyncStreamObservers.handleReplyFuture(GrpcClientProtocolClient.java:378)
	at org.apache.ratis.grpc.client.GrpcClientProtocolClient$AsyncStreamObservers.timeoutCheck(GrpcClientProtocolClient.java:373)
	at org.apache.ratis.grpc.client.GrpcClientProtocolClient$AsyncStreamObservers.lambda$onNext$3(GrpcClientProtocolClient.java:366)
	at org.apache.ratis.util.TimeoutTimer.lambda$onTimeout$2(TimeoutTimer.java:101)
	at org.apache.ratis.util.LogUtils.runAndLog(LogUtils.java:38)
	at org.apache.ratis.util.LogUtils$1.run(LogUtils.java:78)
	at org.apache.ratis.util.TimeoutTimer$Task.run(TimeoutTimer.java:55)
	at java.util.TimerThread.mainLoop(Timer.java:555)
	at java.util.TimerThread.run(Timer.java:505)
2024-01-25 07:57:39,206 [timer0] TRACE client.RaftClient (RaftClientImpl.java:handleIOException(419)) - Stack trace
java.lang.Throwable: TRACE
	at org.apache.ratis.client.impl.RaftClientImpl.handleIOException(RaftClientImpl.java:419)
	at org.apache.ratis.client.impl.OrderedAsync.handleException(OrderedAsync.java:237)
	at org.apache.ratis.client.impl.OrderedAsync.lambda$sendRequestWithRetry$6(OrderedAsync.java:208)
	at java.util.concurrent.CompletableFuture.uniExceptionally(CompletableFuture.java:884)
	at java.util.concurrent.CompletableFuture$UniExceptionally.tryFire(CompletableFuture.java:866)
	at java.util.concurrent.CompletableFuture.postComplete(CompletableFuture.java:488)
	at java.util.concurrent.CompletableFuture.completeExceptionally(CompletableFuture.java:1990)
	at org.apache.ratis.grpc.client.GrpcClientProtocolClient$AsyncStreamObservers.lambda$timeoutCheck$5(GrpcClientProtocolClient.java:373)
	at java.util.Optional.ifPresent(Optional.java:159)
	at org.apache.ratis.grpc.client.GrpcClientProtocolClient$AsyncStreamObservers.handleReplyFuture(GrpcClientProtocolClient.java:378)
	at org.apache.ratis.grpc.client.GrpcClientProtocolClient$AsyncStreamObservers.timeoutCheck(GrpcClientProtocolClient.java:373)
	at org.apache.ratis.grpc.client.GrpcClientProtocolClient$AsyncStreamObservers.lambda$onNext$3(GrpcClientProtocolClient.java:366)
	at org.apache.ratis.util.TimeoutTimer.lambda$onTimeout$2(TimeoutTimer.java:101)
	at org.apache.ratis.util.LogUtils.runAndLog(LogUtils.java:38)
	at org.apache.ratis.util.LogUtils$1.run(LogUtils.java:78)
	at org.apache.ratis.util.TimeoutTimer$Task.run(TimeoutTimer.java:55)
	at java.util.TimerThread.mainLoop(Timer.java:555)
	at java.util.TimerThread.run(Timer.java:505)
2024-01-25 07:57:39,206 [timer0] DEBUG client.RaftClient (RaftClientImpl.java:handleIOException(435)) - client-2312CCC7CA78: oldLeader=s1,  curLeader=s0, newLeader=null
2024-01-25 07:57:39,206 [timer1] ERROR impl.OrderedAsync (OrderedAsync.java:lambda$sendRequestWithRetry$6(207)) - client-2312CCC7CA78: Failed* RaftClientRequest:client-2312CCC7CA78->s1@group-796A68A19D2E, cid=9, seq=5, RW, m2
java.util.concurrent.CompletionException: org.apache.ratis.protocol.exceptions.TimeoutIOException: client-2312CCC7CA78->s1 request #9 timeout 3000ms
	at java.util.concurrent.CompletableFuture.encodeThrowable(CompletableFuture.java:292)
	at java.util.concurrent.CompletableFuture.completeThrowable(CompletableFuture.java:308)
	at java.util.concurrent.CompletableFuture.uniAccept(CompletableFuture.java:661)
	at java.util.concurrent.CompletableFuture$UniAccept.tryFire(CompletableFuture.java:646)
	at java.util.concurrent.CompletableFuture.postComplete(CompletableFuture.java:488)
	at java.util.concurrent.CompletableFuture.completeExceptionally(CompletableFuture.java:1990)
	at org.apache.ratis.grpc.client.GrpcClientProtocolClient$AsyncStreamObservers.lambda$timeoutCheck$5(GrpcClientProtocolClient.java:373)
	at java.util.Optional.ifPresent(Optional.java:159)
	at org.apache.ratis.grpc.client.GrpcClientProtocolClient$AsyncStreamObservers.handleReplyFuture(GrpcClientProtocolClient.java:378)
	at org.apache.ratis.grpc.client.GrpcClientProtocolClient$AsyncStreamObservers.timeoutCheck(GrpcClientProtocolClient.java:373)
	at org.apache.ratis.grpc.client.GrpcClientProtocolClient$AsyncStreamObservers.lambda$onNext$3(GrpcClientProtocolClient.java:366)
	at org.apache.ratis.util.TimeoutTimer.lambda$onTimeout$2(TimeoutTimer.java:101)
	at org.apache.ratis.util.LogUtils.runAndLog(LogUtils.java:38)
	at org.apache.ratis.util.LogUtils$1.run(LogUtils.java:78)
	at org.apache.ratis.util.TimeoutTimer$Task.run(TimeoutTimer.java:55)
	at java.util.TimerThread.mainLoop(Timer.java:555)
	at java.util.TimerThread.run(Timer.java:505)
Caused by: org.apache.ratis.protocol.exceptions.TimeoutIOException: client-2312CCC7CA78->s1 request #9 timeout 3000ms
	at org.apache.ratis.grpc.client.GrpcClientProtocolClient$AsyncStreamObservers.lambda$timeoutCheck$5(GrpcClientProtocolClient.java:374)
	... 10 more
2024-01-25 07:57:39,206 [timer7] ERROR impl.OrderedAsync (OrderedAsync.java:lambda$sendRequestWithRetry$6(207)) - client-2312CCC7CA78: Failed* RaftClientRequest:client-2312CCC7CA78->s1@group-796A68A19D2E, cid=16, seq=12, RW, m9
java.util.concurrent.CompletionException: org.apache.ratis.protocol.exceptions.AlreadyClosedException: client-2312CCC7CA78->s1: Stream close: no reply for async request cid=16
	at java.util.concurrent.CompletableFuture.encodeThrowable(CompletableFuture.java:292)
	at java.util.concurrent.CompletableFuture.completeThrowable(CompletableFuture.java:308)
	at java.util.concurrent.CompletableFuture.uniAccept(CompletableFuture.java:661)
	at java.util.concurrent.CompletableFuture$UniAccept.tryFire(CompletableFuture.java:646)
	at java.util.concurrent.CompletableFuture.postComplete(CompletableFuture.java:488)
	at java.util.concurrent.CompletableFuture.completeExceptionally(CompletableFuture.java:1990)
	at org.apache.ratis.grpc.client.GrpcClientProtocolClient$AsyncStreamObservers.completeReplyExceptionally(GrpcClientProtocolClient.java:394)
	at org.apache.ratis.grpc.client.GrpcClientProtocolClient$AsyncStreamObservers.close(GrpcClientProtocolClient.java:383)
	at org.apache.ratis.grpc.client.GrpcClientProtocolClient$AsyncStreamObservers.access$500(GrpcClientProtocolClient.java:300)
	at org.apache.ratis.grpc.client.GrpcClientProtocolClient.lambda$close$3(GrpcClientProtocolClient.java:160)
	at java.util.Optional.ifPresent(Optional.java:159)
	at org.apache.ratis.grpc.client.GrpcClientProtocolClient.close(GrpcClientProtocolClient.java:160)
	at org.apache.ratis.util.PeerProxyMap.closeProxy(PeerProxyMap.java:197)
	at org.apache.ratis.util.PeerProxyMap.lambda$resetProxy$2(PeerProxyMap.java:158)
	at java.util.Optional.map(Optional.java:215)
	at org.apache.ratis.util.PeerProxyMap.resetProxy(PeerProxyMap.java:158)
	at org.apache.ratis.util.PeerProxyMap.handleException(PeerProxyMap.java:165)
	at org.apache.ratis.client.impl.RaftClientRpcWithProxy.handleException(RaftClientRpcWithProxy.java:48)
	at org.apache.ratis.client.impl.RaftClientImpl.handleIOException(RaftClientImpl.java:445)
	at org.apache.ratis.client.impl.OrderedAsync.handleException(OrderedAsync.java:237)
	at org.apache.ratis.client.impl.OrderedAsync.lambda$sendRequestWithRetry$6(OrderedAsync.java:208)
	at java.util.concurrent.CompletableFuture.uniExceptionally(CompletableFuture.java:884)
	at java.util.concurrent.CompletableFuture$UniExceptionally.tryFire(CompletableFuture.java:866)
	at java.util.concurrent.CompletableFuture.postComplete(CompletableFuture.java:488)
	at java.util.concurrent.CompletableFuture.completeExceptionally(CompletableFuture.java:1990)
	at org.apache.ratis.grpc.client.GrpcClientProtocolClient$AsyncStreamObservers.lambda$timeoutCheck$5(GrpcClientProtocolClient.java:373)
	at java.util.Optional.ifPresent(Optional.java:159)
	at org.apache.ratis.grpc.client.GrpcClientProtocolClient$AsyncStreamObservers.handleReplyFuture(GrpcClientProtocolClient.java:378)
	at org.apache.ratis.grpc.client.GrpcClientProtocolClient$AsyncStreamObservers.timeoutCheck(GrpcClientProtocolClient.java:373)
	at org.apache.ratis.grpc.client.GrpcClientProtocolClient$AsyncStreamObservers.lambda$onNext$3(GrpcClientProtocolClient.java:366)
	at org.apache.ratis.util.TimeoutTimer.lambda$onTimeout$2(TimeoutTimer.java:101)
	at org.apache.ratis.util.LogUtils.runAndLog(LogUtils.java:38)
	at org.apache.ratis.util.LogUtils$1.run(LogUtils.java:78)
	at org.apache.ratis.util.TimeoutTimer$Task.run(TimeoutTimer.java:55)
	at java.util.TimerThread.mainLoop(Timer.java:555)
	at java.util.TimerThread.run(Timer.java:505)
Caused by: org.apache.ratis.protocol.exceptions.AlreadyClosedException: client-2312CCC7CA78->s1: Stream close: no reply for async request cid=16
	at org.apache.ratis.grpc.client.GrpcClientProtocolClient$AsyncStreamObservers.completeReplyExceptionally(GrpcClientProtocolClient.java:396)
	... 29 more
2024-01-25 07:57:39,207 [timer1] DEBUG client.RaftClient (RaftClientImpl.java:handleIOException(417)) - client-2312CCC7CA78: suggested new leader: null. Failed RaftClientRequest:client-2312CCC7CA78->s1@group-796A68A19D2E, cid=9, seq=5, RW, m2
org.apache.ratis.protocol.exceptions.TimeoutIOException: client-2312CCC7CA78->s1 request #9 timeout 3000ms
	at org.apache.ratis.grpc.client.GrpcClientProtocolClient$AsyncStreamObservers.lambda$timeoutCheck$5(GrpcClientProtocolClient.java:374)
	at java.util.Optional.ifPresent(Optional.java:159)
	at org.apache.ratis.grpc.client.GrpcClientProtocolClient$AsyncStreamObservers.handleReplyFuture(GrpcClientProtocolClient.java:378)
	at org.apache.ratis.grpc.client.GrpcClientProtocolClient$AsyncStreamObservers.timeoutCheck(GrpcClientProtocolClient.java:373)
	at org.apache.ratis.grpc.client.GrpcClientProtocolClient$AsyncStreamObservers.lambda$onNext$3(GrpcClientProtocolClient.java:366)
	at org.apache.ratis.util.TimeoutTimer.lambda$onTimeout$2(TimeoutTimer.java:101)
	at org.apache.ratis.util.LogUtils.runAndLog(LogUtils.java:38)
	at org.apache.ratis.util.LogUtils$1.run(LogUtils.java:78)
	at org.apache.ratis.util.TimeoutTimer$Task.run(TimeoutTimer.java:55)
	at java.util.TimerThread.mainLoop(Timer.java:555)
	at java.util.TimerThread.run(Timer.java:505)
2024-01-25 07:57:39,208 [timer1] TRACE client.RaftClient (RaftClientImpl.java:handleIOException(419)) - Stack trace
java.lang.Throwable: TRACE
	at org.apache.ratis.client.impl.RaftClientImpl.handleIOException(RaftClientImpl.java:419)
	at org.apache.ratis.client.impl.OrderedAsync.handleException(OrderedAsync.java:237)
	at org.apache.ratis.client.impl.OrderedAsync.lambda$sendRequestWithRetry$6(OrderedAsync.java:208)
	at java.util.concurrent.CompletableFuture.uniExceptionally(CompletableFuture.java:884)
	at java.util.concurrent.CompletableFuture$UniExceptionally.tryFire(CompletableFuture.java:866)
	at java.util.concurrent.CompletableFuture.postComplete(CompletableFuture.java:488)
	at java.util.concurrent.CompletableFuture.completeExceptionally(CompletableFuture.java:1990)
	at org.apache.ratis.grpc.client.GrpcClientProtocolClient$AsyncStreamObservers.lambda$timeoutCheck$5(GrpcClientProtocolClient.java:373)
	at java.util.Optional.ifPresent(Optional.java:159)
	at org.apache.ratis.grpc.client.GrpcClientProtocolClient$AsyncStreamObservers.handleReplyFuture(GrpcClientProtocolClient.java:378)
	at org.apache.ratis.grpc.client.GrpcClientProtocolClient$AsyncStreamObservers.timeoutCheck(GrpcClientProtocolClient.java:373)
	at org.apache.ratis.grpc.client.GrpcClientProtocolClient$AsyncStreamObservers.lambda$onNext$3(GrpcClientProtocolClient.java:366)
	at org.apache.ratis.util.TimeoutTimer.lambda$onTimeout$2(TimeoutTimer.java:101)
	at org.apache.ratis.util.LogUtils.runAndLog(LogUtils.java:38)
	at org.apache.ratis.util.LogUtils$1.run(LogUtils.java:78)
	at org.apache.ratis.util.TimeoutTimer$Task.run(TimeoutTimer.java:55)
	at java.util.TimerThread.mainLoop(Timer.java:555)
	at java.util.TimerThread.run(Timer.java:505)
2024-01-25 07:57:39,208 [timer1] DEBUG client.RaftClient (RaftClientImpl.java:handleIOException(435)) - client-2312CCC7CA78: oldLeader=s1,  curLeader=s0, newLeader=null
2024-01-25 07:57:39,208 [timer7] DEBUG client.RaftClient (RaftClientImpl.java:handleIOException(417)) - client-2312CCC7CA78: suggested new leader: null. Failed RaftClientRequest:client-2312CCC7CA78->s1@group-796A68A19D2E, cid=16, seq=12, RW, m9
org.apache.ratis.protocol.exceptions.AlreadyClosedException: client-2312CCC7CA78->s1: Stream close: no reply for async request cid=16
	at org.apache.ratis.grpc.client.GrpcClientProtocolClient$AsyncStreamObservers.completeReplyExceptionally(GrpcClientProtocolClient.java:396)
	at org.apache.ratis.grpc.client.GrpcClientProtocolClient$AsyncStreamObservers.close(GrpcClientProtocolClient.java:383)
	at org.apache.ratis.grpc.client.GrpcClientProtocolClient$AsyncStreamObservers.access$500(GrpcClientProtocolClient.java:300)
	at org.apache.ratis.grpc.client.GrpcClientProtocolClient.lambda$close$3(GrpcClientProtocolClient.java:160)
	at java.util.Optional.ifPresent(Optional.java:159)
	at org.apache.ratis.grpc.client.GrpcClientProtocolClient.close(GrpcClientProtocolClient.java:160)
	at org.apache.ratis.util.PeerProxyMap.closeProxy(PeerProxyMap.java:197)
	at org.apache.ratis.util.PeerProxyMap.lambda$resetProxy$2(PeerProxyMap.java:158)
	at java.util.Optional.map(Optional.java:215)
	at org.apache.ratis.util.PeerProxyMap.resetProxy(PeerProxyMap.java:158)
	at org.apache.ratis.util.PeerProxyMap.handleException(PeerProxyMap.java:165)
	at org.apache.ratis.client.impl.RaftClientRpcWithProxy.handleException(RaftClientRpcWithProxy.java:48)
	at org.apache.ratis.client.impl.RaftClientImpl.handleIOException(RaftClientImpl.java:445)
	at org.apache.ratis.client.impl.OrderedAsync.handleException(OrderedAsync.java:237)
	at org.apache.ratis.client.impl.OrderedAsync.lambda$sendRequestWithRetry$6(OrderedAsync.java:208)
	at java.util.concurrent.CompletableFuture.uniExceptionally(CompletableFuture.java:884)
	at java.util.concurrent.CompletableFuture$UniExceptionally.tryFire(CompletableFuture.java:866)
	at java.util.concurrent.CompletableFuture.postComplete(CompletableFuture.java:488)
	at java.util.concurrent.CompletableFuture.completeExceptionally(CompletableFuture.java:1990)
	at org.apache.ratis.grpc.client.GrpcClientProtocolClient$AsyncStreamObservers.lambda$timeoutCheck$5(GrpcClientProtocolClient.java:373)
	at java.util.Optional.ifPresent(Optional.java:159)
	at org.apache.ratis.grpc.client.GrpcClientProtocolClient$AsyncStreamObservers.handleReplyFuture(GrpcClientProtocolClient.java:378)
	at org.apache.ratis.grpc.client.GrpcClientProtocolClient$AsyncStreamObservers.timeoutCheck(GrpcClientProtocolClient.java:373)
	at org.apache.ratis.grpc.client.GrpcClientProtocolClient$AsyncStreamObservers.lambda$onNext$3(GrpcClientProtocolClient.java:366)
	at org.apache.ratis.util.TimeoutTimer.lambda$onTimeout$2(TimeoutTimer.java:101)
	at org.apache.ratis.util.LogUtils.runAndLog(LogUtils.java:38)
	at org.apache.ratis.util.LogUtils$1.run(LogUtils.java:78)
	at org.apache.ratis.util.TimeoutTimer$Task.run(TimeoutTimer.java:55)
	at java.util.TimerThread.mainLoop(Timer.java:555)
	at java.util.TimerThread.run(Timer.java:505)
2024-01-25 07:57:39,208 [timer7] TRACE client.RaftClient (RaftClientImpl.java:handleIOException(419)) - Stack trace
java.lang.Throwable: TRACE
	at org.apache.ratis.client.impl.RaftClientImpl.handleIOException(RaftClientImpl.java:419)
	at org.apache.ratis.client.impl.OrderedAsync.handleException(OrderedAsync.java:237)
	at org.apache.ratis.client.impl.OrderedAsync.lambda$sendRequestWithRetry$6(OrderedAsync.java:208)
	at java.util.concurrent.CompletableFuture.uniExceptionally(CompletableFuture.java:884)
	at java.util.concurrent.CompletableFuture$UniExceptionally.tryFire(CompletableFuture.java:866)
	at java.util.concurrent.CompletableFuture.postComplete(CompletableFuture.java:488)
	at java.util.concurrent.CompletableFuture.completeExceptionally(CompletableFuture.java:1990)
	at org.apache.ratis.grpc.client.GrpcClientProtocolClient$AsyncStreamObservers.completeReplyExceptionally(GrpcClientProtocolClient.java:394)
	at org.apache.ratis.grpc.client.GrpcClientProtocolClient$AsyncStreamObservers.close(GrpcClientProtocolClient.java:383)
	at org.apache.ratis.grpc.client.GrpcClientProtocolClient$AsyncStreamObservers.access$500(GrpcClientProtocolClient.java:300)
	at org.apache.ratis.grpc.client.GrpcClientProtocolClient.lambda$close$3(GrpcClientProtocolClient.java:160)
	at java.util.Optional.ifPresent(Optional.java:159)
	at org.apache.ratis.grpc.client.GrpcClientProtocolClient.close(GrpcClientProtocolClient.java:160)
	at org.apache.ratis.util.PeerProxyMap.closeProxy(PeerProxyMap.java:197)
	at org.apache.ratis.util.PeerProxyMap.lambda$resetProxy$2(PeerProxyMap.java:158)
	at java.util.Optional.map(Optional.java:215)
	at org.apache.ratis.util.PeerProxyMap.resetProxy(PeerProxyMap.java:158)
	at org.apache.ratis.util.PeerProxyMap.handleException(PeerProxyMap.java:165)
	at org.apache.ratis.client.impl.RaftClientRpcWithProxy.handleException(RaftClientRpcWithProxy.java:48)
	at org.apache.ratis.client.impl.RaftClientImpl.handleIOException(RaftClientImpl.java:445)
	at org.apache.ratis.client.impl.OrderedAsync.handleException(OrderedAsync.java:237)
	at org.apache.ratis.client.impl.OrderedAsync.lambda$sendRequestWithRetry$6(OrderedAsync.java:208)
	at java.util.concurrent.CompletableFuture.uniExceptionally(CompletableFuture.java:884)
	at java.util.concurrent.CompletableFuture$UniExceptionally.tryFire(CompletableFuture.java:866)
	at java.util.concurrent.CompletableFuture.postComplete(CompletableFuture.java:488)
	at java.util.concurrent.CompletableFuture.completeExceptionally(CompletableFuture.java:1990)
	at org.apache.ratis.grpc.client.GrpcClientProtocolClient$AsyncStreamObservers.lambda$timeoutCheck$5(GrpcClientProtocolClient.java:373)
	at java.util.Optional.ifPresent(Optional.java:159)
	at org.apache.ratis.grpc.client.GrpcClientProtocolClient$AsyncStreamObservers.handleReplyFuture(GrpcClientProtocolClient.java:378)
	at org.apache.ratis.grpc.client.GrpcClientProtocolClient$AsyncStreamObservers.timeoutCheck(GrpcClientProtocolClient.java:373)
	at org.apache.ratis.grpc.client.GrpcClientProtocolClient$AsyncStreamObservers.lambda$onNext$3(GrpcClientProtocolClient.java:366)
	at org.apache.ratis.util.TimeoutTimer.lambda$onTimeout$2(TimeoutTimer.java:101)
	at org.apache.ratis.util.LogUtils.runAndLog(LogUtils.java:38)
	at org.apache.ratis.util.LogUtils$1.run(LogUtils.java:78)
	at org.apache.ratis.util.TimeoutTimer$Task.run(TimeoutTimer.java:55)
	at java.util.TimerThread.mainLoop(Timer.java:555)
	at java.util.TimerThread.run(Timer.java:505)
2024-01-25 07:57:39,209 [timer7] DEBUG client.RaftClient (RaftClientImpl.java:handleIOException(435)) - client-2312CCC7CA78: oldLeader=s1,  curLeader=s0, newLeader=null
2024-01-25 07:57:39,209 [timer7] ERROR impl.OrderedAsync (OrderedAsync.java:lambda$sendRequestWithRetry$6(207)) - client-2312CCC7CA78: Failed* RaftClientRequest:client-2312CCC7CA78->s1@group-796A68A19D2E, cid=10, seq=6, RW, m3
java.util.concurrent.CompletionException: org.apache.ratis.protocol.exceptions.AlreadyClosedException: client-2312CCC7CA78->s1: Stream close: no reply for async request cid=10
	at java.util.concurrent.CompletableFuture.encodeThrowable(CompletableFuture.java:292)
	at java.util.concurrent.CompletableFuture.completeThrowable(CompletableFuture.java:308)
	at java.util.concurrent.CompletableFuture.uniAccept(CompletableFuture.java:661)
	at java.util.concurrent.CompletableFuture$UniAccept.tryFire(CompletableFuture.java:646)
	at java.util.concurrent.CompletableFuture.postComplete(CompletableFuture.java:488)
	at java.util.concurrent.CompletableFuture.completeExceptionally(CompletableFuture.java:1990)
	at org.apache.ratis.grpc.client.GrpcClientProtocolClient$AsyncStreamObservers.completeReplyExceptionally(GrpcClientProtocolClient.java:394)
	at org.apache.ratis.grpc.client.GrpcClientProtocolClient$AsyncStreamObservers.close(GrpcClientProtocolClient.java:383)
	at org.apache.ratis.grpc.client.GrpcClientProtocolClient$AsyncStreamObservers.access$500(GrpcClientProtocolClient.java:300)
	at org.apache.ratis.grpc.client.GrpcClientProtocolClient.lambda$close$3(GrpcClientProtocolClient.java:160)
	at java.util.Optional.ifPresent(Optional.java:159)
	at org.apache.ratis.grpc.client.GrpcClientProtocolClient.close(GrpcClientProtocolClient.java:160)
	at org.apache.ratis.util.PeerProxyMap.closeProxy(PeerProxyMap.java:197)
	at org.apache.ratis.util.PeerProxyMap.lambda$resetProxy$2(PeerProxyMap.java:158)
	at java.util.Optional.map(Optional.java:215)
	at org.apache.ratis.util.PeerProxyMap.resetProxy(PeerProxyMap.java:158)
	at org.apache.ratis.util.PeerProxyMap.handleException(PeerProxyMap.java:165)
	at org.apache.ratis.client.impl.RaftClientRpcWithProxy.handleException(RaftClientRpcWithProxy.java:48)
	at org.apache.ratis.client.impl.RaftClientImpl.handleIOException(RaftClientImpl.java:445)
	at org.apache.ratis.client.impl.OrderedAsync.handleException(OrderedAsync.java:237)
	at org.apache.ratis.client.impl.OrderedAsync.lambda$sendRequestWithRetry$6(OrderedAsync.java:208)
	at java.util.concurrent.CompletableFuture.uniExceptionally(CompletableFuture.java:884)
	at java.util.concurrent.CompletableFuture$UniExceptionally.tryFire(CompletableFuture.java:866)
	at java.util.concurrent.CompletableFuture.postComplete(CompletableFuture.java:488)
	at java.util.concurrent.CompletableFuture.completeExceptionally(CompletableFuture.java:1990)
	at org.apache.ratis.grpc.client.GrpcClientProtocolClient$AsyncStreamObservers.lambda$timeoutCheck$5(GrpcClientProtocolClient.java:373)
	at java.util.Optional.ifPresent(Optional.java:159)
	at org.apache.ratis.grpc.client.GrpcClientProtocolClient$AsyncStreamObservers.handleReplyFuture(GrpcClientProtocolClient.java:378)
	at org.apache.ratis.grpc.client.GrpcClientProtocolClient$AsyncStreamObservers.timeoutCheck(GrpcClientProtocolClient.java:373)
	at org.apache.ratis.grpc.client.GrpcClientProtocolClient$AsyncStreamObservers.lambda$onNext$3(GrpcClientProtocolClient.java:366)
	at org.apache.ratis.util.TimeoutTimer.lambda$onTimeout$2(TimeoutTimer.java:101)
	at org.apache.ratis.util.LogUtils.runAndLog(LogUtils.java:38)
	at org.apache.ratis.util.LogUtils$1.run(LogUtils.java:78)
	at org.apache.ratis.util.TimeoutTimer$Task.run(TimeoutTimer.java:55)
	at java.util.TimerThread.mainLoop(Timer.java:555)
	at java.util.TimerThread.run(Timer.java:505)
Caused by: org.apache.ratis.protocol.exceptions.AlreadyClosedException: client-2312CCC7CA78->s1: Stream close: no reply for async request cid=10
	at org.apache.ratis.grpc.client.GrpcClientProtocolClient$AsyncStreamObservers.completeReplyExceptionally(GrpcClientProtocolClient.java:396)
	... 29 more
2024-01-25 07:57:39,209 [timer7] DEBUG client.RaftClient (RaftClientImpl.java:handleIOException(417)) - client-2312CCC7CA78: suggested new leader: null. Failed RaftClientRequest:client-2312CCC7CA78->s1@group-796A68A19D2E, cid=10, seq=6, RW, m3
org.apache.ratis.protocol.exceptions.AlreadyClosedException: client-2312CCC7CA78->s1: Stream close: no reply for async request cid=10
	at org.apache.ratis.grpc.client.GrpcClientProtocolClient$AsyncStreamObservers.completeReplyExceptionally(GrpcClientProtocolClient.java:396)
	at org.apache.ratis.grpc.client.GrpcClientProtocolClient$AsyncStreamObservers.close(GrpcClientProtocolClient.java:383)
	at org.apache.ratis.grpc.client.GrpcClientProtocolClient$AsyncStreamObservers.access$500(GrpcClientProtocolClient.java:300)
	at org.apache.ratis.grpc.client.GrpcClientProtocolClient.lambda$close$3(GrpcClientProtocolClient.java:160)
	at java.util.Optional.ifPresent(Optional.java:159)
	at org.apache.ratis.grpc.client.GrpcClientProtocolClient.close(GrpcClientProtocolClient.java:160)
	at org.apache.ratis.util.PeerProxyMap.closeProxy(PeerProxyMap.java:197)
	at org.apache.ratis.util.PeerProxyMap.lambda$resetProxy$2(PeerProxyMap.java:158)
	at java.util.Optional.map(Optional.java:215)
	at org.apache.ratis.util.PeerProxyMap.resetProxy(PeerProxyMap.java:158)
	at org.apache.ratis.util.PeerProxyMap.handleException(PeerProxyMap.java:165)
	at org.apache.ratis.client.impl.RaftClientRpcWithProxy.handleException(RaftClientRpcWithProxy.java:48)
	at org.apache.ratis.client.impl.RaftClientImpl.handleIOException(RaftClientImpl.java:445)
	at org.apache.ratis.client.impl.OrderedAsync.handleException(OrderedAsync.java:237)
	at org.apache.ratis.client.impl.OrderedAsync.lambda$sendRequestWithRetry$6(OrderedAsync.java:208)
	at java.util.concurrent.CompletableFuture.uniExceptionally(CompletableFuture.java:884)
	at java.util.concurrent.CompletableFuture$UniExceptionally.tryFire(CompletableFuture.java:866)
	at java.util.concurrent.CompletableFuture.postComplete(CompletableFuture.java:488)
	at java.util.concurrent.CompletableFuture.completeExceptionally(CompletableFuture.java:1990)
	at org.apache.ratis.grpc.client.GrpcClientProtocolClient$AsyncStreamObservers.lambda$timeoutCheck$5(GrpcClientProtocolClient.java:373)
	at java.util.Optional.ifPresent(Optional.java:159)
	at org.apache.ratis.grpc.client.GrpcClientProtocolClient$AsyncStreamObservers.handleReplyFuture(GrpcClientProtocolClient.java:378)
	at org.apache.ratis.grpc.client.GrpcClientProtocolClient$AsyncStreamObservers.timeoutCheck(GrpcClientProtocolClient.java:373)
	at org.apache.ratis.grpc.client.GrpcClientProtocolClient$AsyncStreamObservers.lambda$onNext$3(GrpcClientProtocolClient.java:366)
	at org.apache.ratis.util.TimeoutTimer.lambda$onTimeout$2(TimeoutTimer.java:101)
	at org.apache.ratis.util.LogUtils.runAndLog(LogUtils.java:38)
	at org.apache.ratis.util.LogUtils$1.run(LogUtils.java:78)
	at org.apache.ratis.util.TimeoutTimer$Task.run(TimeoutTimer.java:55)
	at java.util.TimerThread.mainLoop(Timer.java:555)
	at java.util.TimerThread.run(Timer.java:505)
2024-01-25 07:57:39,209 [timer7] TRACE client.RaftClient (RaftClientImpl.java:handleIOException(419)) - Stack trace
java.lang.Throwable: TRACE
	at org.apache.ratis.client.impl.RaftClientImpl.handleIOException(RaftClientImpl.java:419)
	at org.apache.ratis.client.impl.OrderedAsync.handleException(OrderedAsync.java:237)
	at org.apache.ratis.client.impl.OrderedAsync.lambda$sendRequestWithRetry$6(OrderedAsync.java:208)
	at java.util.concurrent.CompletableFuture.uniExceptionally(CompletableFuture.java:884)
	at java.util.concurrent.CompletableFuture$UniExceptionally.tryFire(CompletableFuture.java:866)
	at java.util.concurrent.CompletableFuture.postComplete(CompletableFuture.java:488)
	at java.util.concurrent.CompletableFuture.completeExceptionally(CompletableFuture.java:1990)
	at org.apache.ratis.grpc.client.GrpcClientProtocolClient$AsyncStreamObservers.completeReplyExceptionally(GrpcClientProtocolClient.java:394)
	at org.apache.ratis.grpc.client.GrpcClientProtocolClient$AsyncStreamObservers.close(GrpcClientProtocolClient.java:383)
	at org.apache.ratis.grpc.client.GrpcClientProtocolClient$AsyncStreamObservers.access$500(GrpcClientProtocolClient.java:300)
	at org.apache.ratis.grpc.client.GrpcClientProtocolClient.lambda$close$3(GrpcClientProtocolClient.java:160)
	at java.util.Optional.ifPresent(Optional.java:159)
	at org.apache.ratis.grpc.client.GrpcClientProtocolClient.close(GrpcClientProtocolClient.java:160)
	at org.apache.ratis.util.PeerProxyMap.closeProxy(PeerProxyMap.java:197)
	at org.apache.ratis.util.PeerProxyMap.lambda$resetProxy$2(PeerProxyMap.java:158)
	at java.util.Optional.map(Optional.java:215)
	at org.apache.ratis.util.PeerProxyMap.resetProxy(PeerProxyMap.java:158)
	at org.apache.ratis.util.PeerProxyMap.handleException(PeerProxyMap.java:165)
	at org.apache.ratis.client.impl.RaftClientRpcWithProxy.handleException(RaftClientRpcWithProxy.java:48)
	at org.apache.ratis.client.impl.RaftClientImpl.handleIOException(RaftClientImpl.java:445)
	at org.apache.ratis.client.impl.OrderedAsync.handleException(OrderedAsync.java:237)
	at org.apache.ratis.client.impl.OrderedAsync.lambda$sendRequestWithRetry$6(OrderedAsync.java:208)
	at java.util.concurrent.CompletableFuture.uniExceptionally(CompletableFuture.java:884)
	at java.util.concurrent.CompletableFuture$UniExceptionally.tryFire(CompletableFuture.java:866)
	at java.util.concurrent.CompletableFuture.postComplete(CompletableFuture.java:488)
	at java.util.concurrent.CompletableFuture.completeExceptionally(CompletableFuture.java:1990)
	at org.apache.ratis.grpc.client.GrpcClientProtocolClient$AsyncStreamObservers.lambda$timeoutCheck$5(GrpcClientProtocolClient.java:373)
	at java.util.Optional.ifPresent(Optional.java:159)
	at org.apache.ratis.grpc.client.GrpcClientProtocolClient$AsyncStreamObservers.handleReplyFuture(GrpcClientProtocolClient.java:378)
	at org.apache.ratis.grpc.client.GrpcClientProtocolClient$AsyncStreamObservers.timeoutCheck(GrpcClientProtocolClient.java:373)
	at org.apache.ratis.grpc.client.GrpcClientProtocolClient$AsyncStreamObservers.lambda$onNext$3(GrpcClientProtocolClient.java:366)
	at org.apache.ratis.util.TimeoutTimer.lambda$onTimeout$2(TimeoutTimer.java:101)
	at org.apache.ratis.util.LogUtils.runAndLog(LogUtils.java:38)
	at org.apache.ratis.util.LogUtils$1.run(LogUtils.java:78)
	at org.apache.ratis.util.TimeoutTimer$Task.run(TimeoutTimer.java:55)
	at java.util.TimerThread.mainLoop(Timer.java:555)
	at java.util.TimerThread.run(Timer.java:505)
2024-01-25 07:57:39,210 [timer7] DEBUG client.RaftClient (RaftClientImpl.java:handleIOException(435)) - client-2312CCC7CA78: oldLeader=s1,  curLeader=s0, newLeader=null
2024-01-25 07:57:39,210 [timer7] ERROR impl.OrderedAsync (OrderedAsync.java:lambda$sendRequestWithRetry$6(207)) - client-2312CCC7CA78: Failed* RaftClientRequest:client-2312CCC7CA78->s1@group-796A68A19D2E, cid=11, seq=7, RW, m4
java.util.concurrent.CompletionException: org.apache.ratis.protocol.exceptions.AlreadyClosedException: client-2312CCC7CA78->s1: Stream close: no reply for async request cid=11
	at java.util.concurrent.CompletableFuture.encodeThrowable(CompletableFuture.java:292)
	at java.util.concurrent.CompletableFuture.completeThrowable(CompletableFuture.java:308)
	at java.util.concurrent.CompletableFuture.uniAccept(CompletableFuture.java:661)
	at java.util.concurrent.CompletableFuture$UniAccept.tryFire(CompletableFuture.java:646)
	at java.util.concurrent.CompletableFuture.postComplete(CompletableFuture.java:488)
	at java.util.concurrent.CompletableFuture.completeExceptionally(CompletableFuture.java:1990)
	at org.apache.ratis.grpc.client.GrpcClientProtocolClient$AsyncStreamObservers.completeReplyExceptionally(GrpcClientProtocolClient.java:394)
	at org.apache.ratis.grpc.client.GrpcClientProtocolClient$AsyncStreamObservers.close(GrpcClientProtocolClient.java:383)
	at org.apache.ratis.grpc.client.GrpcClientProtocolClient$AsyncStreamObservers.access$500(GrpcClientProtocolClient.java:300)
	at org.apache.ratis.grpc.client.GrpcClientProtocolClient.lambda$close$3(GrpcClientProtocolClient.java:160)
	at java.util.Optional.ifPresent(Optional.java:159)
	at org.apache.ratis.grpc.client.GrpcClientProtocolClient.close(GrpcClientProtocolClient.java:160)
	at org.apache.ratis.util.PeerProxyMap.closeProxy(PeerProxyMap.java:197)
	at org.apache.ratis.util.PeerProxyMap.lambda$resetProxy$2(PeerProxyMap.java:158)
	at java.util.Optional.map(Optional.java:215)
	at org.apache.ratis.util.PeerProxyMap.resetProxy(PeerProxyMap.java:158)
	at org.apache.ratis.util.PeerProxyMap.handleException(PeerProxyMap.java:165)
	at org.apache.ratis.client.impl.RaftClientRpcWithProxy.handleException(RaftClientRpcWithProxy.java:48)
	at org.apache.ratis.client.impl.RaftClientImpl.handleIOException(RaftClientImpl.java:445)
	at org.apache.ratis.client.impl.OrderedAsync.handleException(OrderedAsync.java:237)
	at org.apache.ratis.client.impl.OrderedAsync.lambda$sendRequestWithRetry$6(OrderedAsync.java:208)
	at java.util.concurrent.CompletableFuture.uniExceptionally(CompletableFuture.java:884)
	at java.util.concurrent.CompletableFuture$UniExceptionally.tryFire(CompletableFuture.java:866)
	at java.util.concurrent.CompletableFuture.postComplete(CompletableFuture.java:488)
	at java.util.concurrent.CompletableFuture.completeExceptionally(CompletableFuture.java:1990)
	at org.apache.ratis.grpc.client.GrpcClientProtocolClient$AsyncStreamObservers.lambda$timeoutCheck$5(GrpcClientProtocolClient.java:373)
	at java.util.Optional.ifPresent(Optional.java:159)
	at org.apache.ratis.grpc.client.GrpcClientProtocolClient$AsyncStreamObservers.handleReplyFuture(GrpcClientProtocolClient.java:378)
	at org.apache.ratis.grpc.client.GrpcClientProtocolClient$AsyncStreamObservers.timeoutCheck(GrpcClientProtocolClient.java:373)
	at org.apache.ratis.grpc.client.GrpcClientProtocolClient$AsyncStreamObservers.lambda$onNext$3(GrpcClientProtocolClient.java:366)
	at org.apache.ratis.util.TimeoutTimer.lambda$onTimeout$2(TimeoutTimer.java:101)
	at org.apache.ratis.util.LogUtils.runAndLog(LogUtils.java:38)
	at org.apache.ratis.util.LogUtils$1.run(LogUtils.java:78)
	at org.apache.ratis.util.TimeoutTimer$Task.run(TimeoutTimer.java:55)
	at java.util.TimerThread.mainLoop(Timer.java:555)
	at java.util.TimerThread.run(Timer.java:505)
Caused by: org.apache.ratis.protocol.exceptions.AlreadyClosedException: client-2312CCC7CA78->s1: Stream close: no reply for async request cid=11
	at org.apache.ratis.grpc.client.GrpcClientProtocolClient$AsyncStreamObservers.completeReplyExceptionally(GrpcClientProtocolClient.java:396)
	... 29 more
2024-01-25 07:57:39,210 [timer7] DEBUG client.RaftClient (RaftClientImpl.java:handleIOException(417)) - client-2312CCC7CA78: suggested new leader: null. Failed RaftClientRequest:client-2312CCC7CA78->s1@group-796A68A19D2E, cid=11, seq=7, RW, m4
org.apache.ratis.protocol.exceptions.AlreadyClosedException: client-2312CCC7CA78->s1: Stream close: no reply for async request cid=11
	at org.apache.ratis.grpc.client.GrpcClientProtocolClient$AsyncStreamObservers.completeReplyExceptionally(GrpcClientProtocolClient.java:396)
	at org.apache.ratis.grpc.client.GrpcClientProtocolClient$AsyncStreamObservers.close(GrpcClientProtocolClient.java:383)
	at org.apache.ratis.grpc.client.GrpcClientProtocolClient$AsyncStreamObservers.access$500(GrpcClientProtocolClient.java:300)
	at org.apache.ratis.grpc.client.GrpcClientProtocolClient.lambda$close$3(GrpcClientProtocolClient.java:160)
	at java.util.Optional.ifPresent(Optional.java:159)
	at org.apache.ratis.grpc.client.GrpcClientProtocolClient.close(GrpcClientProtocolClient.java:160)
	at org.apache.ratis.util.PeerProxyMap.closeProxy(PeerProxyMap.java:197)
	at org.apache.ratis.util.PeerProxyMap.lambda$resetProxy$2(PeerProxyMap.java:158)
	at java.util.Optional.map(Optional.java:215)
	at org.apache.ratis.util.PeerProxyMap.resetProxy(PeerProxyMap.java:158)
	at org.apache.ratis.util.PeerProxyMap.handleException(PeerProxyMap.java:165)
	at org.apache.ratis.client.impl.RaftClientRpcWithProxy.handleException(RaftClientRpcWithProxy.java:48)
	at org.apache.ratis.client.impl.RaftClientImpl.handleIOException(RaftClientImpl.java:445)
	at org.apache.ratis.client.impl.OrderedAsync.handleException(OrderedAsync.java:237)
	at org.apache.ratis.client.impl.OrderedAsync.lambda$sendRequestWithRetry$6(OrderedAsync.java:208)
	at java.util.concurrent.CompletableFuture.uniExceptionally(CompletableFuture.java:884)
	at java.util.concurrent.CompletableFuture$UniExceptionally.tryFire(CompletableFuture.java:866)
	at java.util.concurrent.CompletableFuture.postComplete(CompletableFuture.java:488)
	at java.util.concurrent.CompletableFuture.completeExceptionally(CompletableFuture.java:1990)
	at org.apache.ratis.grpc.client.GrpcClientProtocolClient$AsyncStreamObservers.lambda$timeoutCheck$5(GrpcClientProtocolClient.java:373)
	at java.util.Optional.ifPresent(Optional.java:159)
	at org.apache.ratis.grpc.client.GrpcClientProtocolClient$AsyncStreamObservers.handleReplyFuture(GrpcClientProtocolClient.java:378)
	at org.apache.ratis.grpc.client.GrpcClientProtocolClient$AsyncStreamObservers.timeoutCheck(GrpcClientProtocolClient.java:373)
	at org.apache.ratis.grpc.client.GrpcClientProtocolClient$AsyncStreamObservers.lambda$onNext$3(GrpcClientProtocolClient.java:366)
	at org.apache.ratis.util.TimeoutTimer.lambda$onTimeout$2(TimeoutTimer.java:101)
	at org.apache.ratis.util.LogUtils.runAndLog(LogUtils.java:38)
	at org.apache.ratis.util.LogUtils$1.run(LogUtils.java:78)
	at org.apache.ratis.util.TimeoutTimer$Task.run(TimeoutTimer.java:55)
	at java.util.TimerThread.mainLoop(Timer.java:555)
	at java.util.TimerThread.run(Timer.java:505)
2024-01-25 07:57:39,211 [timer7] TRACE client.RaftClient (RaftClientImpl.java:handleIOException(419)) - Stack trace
java.lang.Throwable: TRACE
	at org.apache.ratis.client.impl.RaftClientImpl.handleIOException(RaftClientImpl.java:419)
	at org.apache.ratis.client.impl.OrderedAsync.handleException(OrderedAsync.java:237)
	at org.apache.ratis.client.impl.OrderedAsync.lambda$sendRequestWithRetry$6(OrderedAsync.java:208)
	at java.util.concurrent.CompletableFuture.uniExceptionally(CompletableFuture.java:884)
	at java.util.concurrent.CompletableFuture$UniExceptionally.tryFire(CompletableFuture.java:866)
	at java.util.concurrent.CompletableFuture.postComplete(CompletableFuture.java:488)
	at java.util.concurrent.CompletableFuture.completeExceptionally(CompletableFuture.java:1990)
	at org.apache.ratis.grpc.client.GrpcClientProtocolClient$AsyncStreamObservers.completeReplyExceptionally(GrpcClientProtocolClient.java:394)
	at org.apache.ratis.grpc.client.GrpcClientProtocolClient$AsyncStreamObservers.close(GrpcClientProtocolClient.java:383)
	at org.apache.ratis.grpc.client.GrpcClientProtocolClient$AsyncStreamObservers.access$500(GrpcClientProtocolClient.java:300)
	at org.apache.ratis.grpc.client.GrpcClientProtocolClient.lambda$close$3(GrpcClientProtocolClient.java:160)
	at java.util.Optional.ifPresent(Optional.java:159)
	at org.apache.ratis.grpc.client.GrpcClientProtocolClient.close(GrpcClientProtocolClient.java:160)
	at org.apache.ratis.util.PeerProxyMap.closeProxy(PeerProxyMap.java:197)
	at org.apache.ratis.util.PeerProxyMap.lambda$resetProxy$2(PeerProxyMap.java:158)
	at java.util.Optional.map(Optional.java:215)
	at org.apache.ratis.util.PeerProxyMap.resetProxy(PeerProxyMap.java:158)
	at org.apache.ratis.util.PeerProxyMap.handleException(PeerProxyMap.java:165)
	at org.apache.ratis.client.impl.RaftClientRpcWithProxy.handleException(RaftClientRpcWithProxy.java:48)
	at org.apache.ratis.client.impl.RaftClientImpl.handleIOException(RaftClientImpl.java:445)
	at org.apache.ratis.client.impl.OrderedAsync.handleException(OrderedAsync.java:237)
	at org.apache.ratis.client.impl.OrderedAsync.lambda$sendRequestWithRetry$6(OrderedAsync.java:208)
	at java.util.concurrent.CompletableFuture.uniExceptionally(CompletableFuture.java:884)
	at java.util.concurrent.CompletableFuture$UniExceptionally.tryFire(CompletableFuture.java:866)
	at java.util.concurrent.CompletableFuture.postComplete(CompletableFuture.java:488)
	at java.util.concurrent.CompletableFuture.completeExceptionally(CompletableFuture.java:1990)
	at org.apache.ratis.grpc.client.GrpcClientProtocolClient$AsyncStreamObservers.lambda$timeoutCheck$5(GrpcClientProtocolClient.java:373)
	at java.util.Optional.ifPresent(Optional.java:159)
	at org.apache.ratis.grpc.client.GrpcClientProtocolClient$AsyncStreamObservers.handleReplyFuture(GrpcClientProtocolClient.java:378)
	at org.apache.ratis.grpc.client.GrpcClientProtocolClient$AsyncStreamObservers.timeoutCheck(GrpcClientProtocolClient.java:373)
	at org.apache.ratis.grpc.client.GrpcClientProtocolClient$AsyncStreamObservers.lambda$onNext$3(GrpcClientProtocolClient.java:366)
	at org.apache.ratis.util.TimeoutTimer.lambda$onTimeout$2(TimeoutTimer.java:101)
	at org.apache.ratis.util.LogUtils.runAndLog(LogUtils.java:38)
	at org.apache.ratis.util.LogUtils$1.run(LogUtils.java:78)
	at org.apache.ratis.util.TimeoutTimer$Task.run(TimeoutTimer.java:55)
	at java.util.TimerThread.mainLoop(Timer.java:555)
	at java.util.TimerThread.run(Timer.java:505)
2024-01-25 07:57:39,211 [timer7] DEBUG client.RaftClient (RaftClientImpl.java:handleIOException(435)) - client-2312CCC7CA78: oldLeader=s1,  curLeader=s0, newLeader=null
2024-01-25 07:57:39,211 [timer7] ERROR impl.OrderedAsync (OrderedAsync.java:lambda$sendRequestWithRetry$6(207)) - client-2312CCC7CA78: Failed* RaftClientRequest:client-2312CCC7CA78->s1@group-796A68A19D2E, cid=12, seq=8, RW, m5
java.util.concurrent.CompletionException: org.apache.ratis.protocol.exceptions.AlreadyClosedException: client-2312CCC7CA78->s1: Stream close: no reply for async request cid=12
	at java.util.concurrent.CompletableFuture.encodeThrowable(CompletableFuture.java:292)
	at java.util.concurrent.CompletableFuture.completeThrowable(CompletableFuture.java:308)
	at java.util.concurrent.CompletableFuture.uniAccept(CompletableFuture.java:661)
	at java.util.concurrent.CompletableFuture$UniAccept.tryFire(CompletableFuture.java:646)
	at java.util.concurrent.CompletableFuture.postComplete(CompletableFuture.java:488)
	at java.util.concurrent.CompletableFuture.completeExceptionally(CompletableFuture.java:1990)
	at org.apache.ratis.grpc.client.GrpcClientProtocolClient$AsyncStreamObservers.completeReplyExceptionally(GrpcClientProtocolClient.java:394)
	at org.apache.ratis.grpc.client.GrpcClientProtocolClient$AsyncStreamObservers.close(GrpcClientProtocolClient.java:383)
	at org.apache.ratis.grpc.client.GrpcClientProtocolClient$AsyncStreamObservers.access$500(GrpcClientProtocolClient.java:300)
	at org.apache.ratis.grpc.client.GrpcClientProtocolClient.lambda$close$3(GrpcClientProtocolClient.java:160)
	at java.util.Optional.ifPresent(Optional.java:159)
	at org.apache.ratis.grpc.client.GrpcClientProtocolClient.close(GrpcClientProtocolClient.java:160)
	at org.apache.ratis.util.PeerProxyMap.closeProxy(PeerProxyMap.java:197)
	at org.apache.ratis.util.PeerProxyMap.lambda$resetProxy$2(PeerProxyMap.java:158)
	at java.util.Optional.map(Optional.java:215)
	at org.apache.ratis.util.PeerProxyMap.resetProxy(PeerProxyMap.java:158)
	at org.apache.ratis.util.PeerProxyMap.handleException(PeerProxyMap.java:165)
	at org.apache.ratis.client.impl.RaftClientRpcWithProxy.handleException(RaftClientRpcWithProxy.java:48)
	at org.apache.ratis.client.impl.RaftClientImpl.handleIOException(RaftClientImpl.java:445)
	at org.apache.ratis.client.impl.OrderedAsync.handleException(OrderedAsync.java:237)
	at org.apache.ratis.client.impl.OrderedAsync.lambda$sendRequestWithRetry$6(OrderedAsync.java:208)
	at java.util.concurrent.CompletableFuture.uniExceptionally(CompletableFuture.java:884)
	at java.util.concurrent.CompletableFuture$UniExceptionally.tryFire(CompletableFuture.java:866)
	at java.util.concurrent.CompletableFuture.postComplete(CompletableFuture.java:488)
	at java.util.concurrent.CompletableFuture.completeExceptionally(CompletableFuture.java:1990)
	at org.apache.ratis.grpc.client.GrpcClientProtocolClient$AsyncStreamObservers.lambda$timeoutCheck$5(GrpcClientProtocolClient.java:373)
	at java.util.Optional.ifPresent(Optional.java:159)
	at org.apache.ratis.grpc.client.GrpcClientProtocolClient$AsyncStreamObservers.handleReplyFuture(GrpcClientProtocolClient.java:378)
	at org.apache.ratis.grpc.client.GrpcClientProtocolClient$AsyncStreamObservers.timeoutCheck(GrpcClientProtocolClient.java:373)
	at org.apache.ratis.grpc.client.GrpcClientProtocolClient$AsyncStreamObservers.lambda$onNext$3(GrpcClientProtocolClient.java:366)
	at org.apache.ratis.util.TimeoutTimer.lambda$onTimeout$2(TimeoutTimer.java:101)
	at org.apache.ratis.util.LogUtils.runAndLog(LogUtils.java:38)
	at org.apache.ratis.util.LogUtils$1.run(LogUtils.java:78)
	at org.apache.ratis.util.TimeoutTimer$Task.run(TimeoutTimer.java:55)
	at java.util.TimerThread.mainLoop(Timer.java:555)
	at java.util.TimerThread.run(Timer.java:505)
Caused by: org.apache.ratis.protocol.exceptions.AlreadyClosedException: client-2312CCC7CA78->s1: Stream close: no reply for async request cid=12
	at org.apache.ratis.grpc.client.GrpcClientProtocolClient$AsyncStreamObservers.completeReplyExceptionally(GrpcClientProtocolClient.java:396)
	... 29 more
2024-01-25 07:57:39,211 [timer7] DEBUG client.RaftClient (RaftClientImpl.java:handleIOException(417)) - client-2312CCC7CA78: suggested new leader: null. Failed RaftClientRequest:client-2312CCC7CA78->s1@group-796A68A19D2E, cid=12, seq=8, RW, m5
org.apache.ratis.protocol.exceptions.AlreadyClosedException: client-2312CCC7CA78->s1: Stream close: no reply for async request cid=12
	at org.apache.ratis.grpc.client.GrpcClientProtocolClient$AsyncStreamObservers.completeReplyExceptionally(GrpcClientProtocolClient.java:396)
	at org.apache.ratis.grpc.client.GrpcClientProtocolClient$AsyncStreamObservers.close(GrpcClientProtocolClient.java:383)
	at org.apache.ratis.grpc.client.GrpcClientProtocolClient$AsyncStreamObservers.access$500(GrpcClientProtocolClient.java:300)
	at org.apache.ratis.grpc.client.GrpcClientProtocolClient.lambda$close$3(GrpcClientProtocolClient.java:160)
	at java.util.Optional.ifPresent(Optional.java:159)
	at org.apache.ratis.grpc.client.GrpcClientProtocolClient.close(GrpcClientProtocolClient.java:160)
	at org.apache.ratis.util.PeerProxyMap.closeProxy(PeerProxyMap.java:197)
	at org.apache.ratis.util.PeerProxyMap.lambda$resetProxy$2(PeerProxyMap.java:158)
	at java.util.Optional.map(Optional.java:215)
	at org.apache.ratis.util.PeerProxyMap.resetProxy(PeerProxyMap.java:158)
	at org.apache.ratis.util.PeerProxyMap.handleException(PeerProxyMap.java:165)
	at org.apache.ratis.client.impl.RaftClientRpcWithProxy.handleException(RaftClientRpcWithProxy.java:48)
	at org.apache.ratis.client.impl.RaftClientImpl.handleIOException(RaftClientImpl.java:445)
	at org.apache.ratis.client.impl.OrderedAsync.handleException(OrderedAsync.java:237)
	at org.apache.ratis.client.impl.OrderedAsync.lambda$sendRequestWithRetry$6(OrderedAsync.java:208)
	at java.util.concurrent.CompletableFuture.uniExceptionally(CompletableFuture.java:884)
	at java.util.concurrent.CompletableFuture$UniExceptionally.tryFire(CompletableFuture.java:866)
	at java.util.concurrent.CompletableFuture.postComplete(CompletableFuture.java:488)
	at java.util.concurrent.CompletableFuture.completeExceptionally(CompletableFuture.java:1990)
	at org.apache.ratis.grpc.client.GrpcClientProtocolClient$AsyncStreamObservers.lambda$timeoutCheck$5(GrpcClientProtocolClient.java:373)
	at java.util.Optional.ifPresent(Optional.java:159)
	at org.apache.ratis.grpc.client.GrpcClientProtocolClient$AsyncStreamObservers.handleReplyFuture(GrpcClientProtocolClient.java:378)
	at org.apache.ratis.grpc.client.GrpcClientProtocolClient$AsyncStreamObservers.timeoutCheck(GrpcClientProtocolClient.java:373)
	at org.apache.ratis.grpc.client.GrpcClientProtocolClient$AsyncStreamObservers.lambda$onNext$3(GrpcClientProtocolClient.java:366)
	at org.apache.ratis.util.TimeoutTimer.lambda$onTimeout$2(TimeoutTimer.java:101)
	at org.apache.ratis.util.LogUtils.runAndLog(LogUtils.java:38)
	at org.apache.ratis.util.LogUtils$1.run(LogUtils.java:78)
	at org.apache.ratis.util.TimeoutTimer$Task.run(TimeoutTimer.java:55)
	at java.util.TimerThread.mainLoop(Timer.java:555)
	at java.util.TimerThread.run(Timer.java:505)
2024-01-25 07:57:39,212 [timer7] TRACE client.RaftClient (RaftClientImpl.java:handleIOException(419)) - Stack trace
java.lang.Throwable: TRACE
	at org.apache.ratis.client.impl.RaftClientImpl.handleIOException(RaftClientImpl.java:419)
	at org.apache.ratis.client.impl.OrderedAsync.handleException(OrderedAsync.java:237)
	at org.apache.ratis.client.impl.OrderedAsync.lambda$sendRequestWithRetry$6(OrderedAsync.java:208)
	at java.util.concurrent.CompletableFuture.uniExceptionally(CompletableFuture.java:884)
	at java.util.concurrent.CompletableFuture$UniExceptionally.tryFire(CompletableFuture.java:866)
	at java.util.concurrent.CompletableFuture.postComplete(CompletableFuture.java:488)
	at java.util.concurrent.CompletableFuture.completeExceptionally(CompletableFuture.java:1990)
	at org.apache.ratis.grpc.client.GrpcClientProtocolClient$AsyncStreamObservers.completeReplyExceptionally(GrpcClientProtocolClient.java:394)
	at org.apache.ratis.grpc.client.GrpcClientProtocolClient$AsyncStreamObservers.close(GrpcClientProtocolClient.java:383)
	at org.apache.ratis.grpc.client.GrpcClientProtocolClient$AsyncStreamObservers.access$500(GrpcClientProtocolClient.java:300)
	at org.apache.ratis.grpc.client.GrpcClientProtocolClient.lambda$close$3(GrpcClientProtocolClient.java:160)
	at java.util.Optional.ifPresent(Optional.java:159)
	at org.apache.ratis.grpc.client.GrpcClientProtocolClient.close(GrpcClientProtocolClient.java:160)
	at org.apache.ratis.util.PeerProxyMap.closeProxy(PeerProxyMap.java:197)
	at org.apache.ratis.util.PeerProxyMap.lambda$resetProxy$2(PeerProxyMap.java:158)
	at java.util.Optional.map(Optional.java:215)
	at org.apache.ratis.util.PeerProxyMap.resetProxy(PeerProxyMap.java:158)
	at org.apache.ratis.util.PeerProxyMap.handleException(PeerProxyMap.java:165)
	at org.apache.ratis.client.impl.RaftClientRpcWithProxy.handleException(RaftClientRpcWithProxy.java:48)
	at org.apache.ratis.client.impl.RaftClientImpl.handleIOException(RaftClientImpl.java:445)
	at org.apache.ratis.client.impl.OrderedAsync.handleException(OrderedAsync.java:237)
	at org.apache.ratis.client.impl.OrderedAsync.lambda$sendRequestWithRetry$6(OrderedAsync.java:208)
	at java.util.concurrent.CompletableFuture.uniExceptionally(CompletableFuture.java:884)
	at java.util.concurrent.CompletableFuture$UniExceptionally.tryFire(CompletableFuture.java:866)
	at java.util.concurrent.CompletableFuture.postComplete(CompletableFuture.java:488)
	at java.util.concurrent.CompletableFuture.completeExceptionally(CompletableFuture.java:1990)
	at org.apache.ratis.grpc.client.GrpcClientProtocolClient$AsyncStreamObservers.lambda$timeoutCheck$5(GrpcClientProtocolClient.java:373)
	at java.util.Optional.ifPresent(Optional.java:159)
	at org.apache.ratis.grpc.client.GrpcClientProtocolClient$AsyncStreamObservers.handleReplyFuture(GrpcClientProtocolClient.java:378)
	at org.apache.ratis.grpc.client.GrpcClientProtocolClient$AsyncStreamObservers.timeoutCheck(GrpcClientProtocolClient.java:373)
	at org.apache.ratis.grpc.client.GrpcClientProtocolClient$AsyncStreamObservers.lambda$onNext$3(GrpcClientProtocolClient.java:366)
	at org.apache.ratis.util.TimeoutTimer.lambda$onTimeout$2(TimeoutTimer.java:101)
	at org.apache.ratis.util.LogUtils.runAndLog(LogUtils.java:38)
	at org.apache.ratis.util.LogUtils$1.run(LogUtils.java:78)
	at org.apache.ratis.util.TimeoutTimer$Task.run(TimeoutTimer.java:55)
	at java.util.TimerThread.mainLoop(Timer.java:555)
	at java.util.TimerThread.run(Timer.java:505)
2024-01-25 07:57:39,212 [timer7] DEBUG client.RaftClient (RaftClientImpl.java:handleIOException(435)) - client-2312CCC7CA78: oldLeader=s1,  curLeader=s0, newLeader=null
2024-01-25 07:57:39,212 [timer7] ERROR impl.OrderedAsync (OrderedAsync.java:lambda$sendRequestWithRetry$6(207)) - client-2312CCC7CA78: Failed* RaftClientRequest:client-2312CCC7CA78->s1@group-796A68A19D2E, cid=13, seq=9, RW, m6
java.util.concurrent.CompletionException: org.apache.ratis.protocol.exceptions.AlreadyClosedException: client-2312CCC7CA78->s1: Stream close: no reply for async request cid=13
	at java.util.concurrent.CompletableFuture.encodeThrowable(CompletableFuture.java:292)
	at java.util.concurrent.CompletableFuture.completeThrowable(CompletableFuture.java:308)
	at java.util.concurrent.CompletableFuture.uniAccept(CompletableFuture.java:661)
	at java.util.concurrent.CompletableFuture$UniAccept.tryFire(CompletableFuture.java:646)
	at java.util.concurrent.CompletableFuture.postComplete(CompletableFuture.java:488)
	at java.util.concurrent.CompletableFuture.completeExceptionally(CompletableFuture.java:1990)
	at org.apache.ratis.grpc.client.GrpcClientProtocolClient$AsyncStreamObservers.completeReplyExceptionally(GrpcClientProtocolClient.java:394)
	at org.apache.ratis.grpc.client.GrpcClientProtocolClient$AsyncStreamObservers.close(GrpcClientProtocolClient.java:383)
	at org.apache.ratis.grpc.client.GrpcClientProtocolClient$AsyncStreamObservers.access$500(GrpcClientProtocolClient.java:300)
	at org.apache.ratis.grpc.client.GrpcClientProtocolClient.lambda$close$3(GrpcClientProtocolClient.java:160)
	at java.util.Optional.ifPresent(Optional.java:159)
	at org.apache.ratis.grpc.client.GrpcClientProtocolClient.close(GrpcClientProtocolClient.java:160)
	at org.apache.ratis.util.PeerProxyMap.closeProxy(PeerProxyMap.java:197)
	at org.apache.ratis.util.PeerProxyMap.lambda$resetProxy$2(PeerProxyMap.java:158)
	at java.util.Optional.map(Optional.java:215)
	at org.apache.ratis.util.PeerProxyMap.resetProxy(PeerProxyMap.java:158)
	at org.apache.ratis.util.PeerProxyMap.handleException(PeerProxyMap.java:165)
	at org.apache.ratis.client.impl.RaftClientRpcWithProxy.handleException(RaftClientRpcWithProxy.java:48)
	at org.apache.ratis.client.impl.RaftClientImpl.handleIOException(RaftClientImpl.java:445)
	at org.apache.ratis.client.impl.OrderedAsync.handleException(OrderedAsync.java:237)
	at org.apache.ratis.client.impl.OrderedAsync.lambda$sendRequestWithRetry$6(OrderedAsync.java:208)
	at java.util.concurrent.CompletableFuture.uniExceptionally(CompletableFuture.java:884)
	at java.util.concurrent.CompletableFuture$UniExceptionally.tryFire(CompletableFuture.java:866)
	at java.util.concurrent.CompletableFuture.postComplete(CompletableFuture.java:488)
	at java.util.concurrent.CompletableFuture.completeExceptionally(CompletableFuture.java:1990)
	at org.apache.ratis.grpc.client.GrpcClientProtocolClient$AsyncStreamObservers.lambda$timeoutCheck$5(GrpcClientProtocolClient.java:373)
	at java.util.Optional.ifPresent(Optional.java:159)
	at org.apache.ratis.grpc.client.GrpcClientProtocolClient$AsyncStreamObservers.handleReplyFuture(GrpcClientProtocolClient.java:378)
	at org.apache.ratis.grpc.client.GrpcClientProtocolClient$AsyncStreamObservers.timeoutCheck(GrpcClientProtocolClient.java:373)
	at org.apache.ratis.grpc.client.GrpcClientProtocolClient$AsyncStreamObservers.lambda$onNext$3(GrpcClientProtocolClient.java:366)
	at org.apache.ratis.util.TimeoutTimer.lambda$onTimeout$2(TimeoutTimer.java:101)
	at org.apache.ratis.util.LogUtils.runAndLog(LogUtils.java:38)
	at org.apache.ratis.util.LogUtils$1.run(LogUtils.java:78)
	at org.apache.ratis.util.TimeoutTimer$Task.run(TimeoutTimer.java:55)
	at java.util.TimerThread.mainLoop(Timer.java:555)
	at java.util.TimerThread.run(Timer.java:505)
Caused by: org.apache.ratis.protocol.exceptions.AlreadyClosedException: client-2312CCC7CA78->s1: Stream close: no reply for async request cid=13
	at org.apache.ratis.grpc.client.GrpcClientProtocolClient$AsyncStreamObservers.completeReplyExceptionally(GrpcClientProtocolClient.java:396)
	... 29 more
2024-01-25 07:57:39,212 [timer7] DEBUG client.RaftClient (RaftClientImpl.java:handleIOException(417)) - client-2312CCC7CA78: suggested new leader: null. Failed RaftClientRequest:client-2312CCC7CA78->s1@group-796A68A19D2E, cid=13, seq=9, RW, m6
org.apache.ratis.protocol.exceptions.AlreadyClosedException: client-2312CCC7CA78->s1: Stream close: no reply for async request cid=13
	at org.apache.ratis.grpc.client.GrpcClientProtocolClient$AsyncStreamObservers.completeReplyExceptionally(GrpcClientProtocolClient.java:396)
	at org.apache.ratis.grpc.client.GrpcClientProtocolClient$AsyncStreamObservers.close(GrpcClientProtocolClient.java:383)
	at org.apache.ratis.grpc.client.GrpcClientProtocolClient$AsyncStreamObservers.access$500(GrpcClientProtocolClient.java:300)
	at org.apache.ratis.grpc.client.GrpcClientProtocolClient.lambda$close$3(GrpcClientProtocolClient.java:160)
	at java.util.Optional.ifPresent(Optional.java:159)
	at org.apache.ratis.grpc.client.GrpcClientProtocolClient.close(GrpcClientProtocolClient.java:160)
	at org.apache.ratis.util.PeerProxyMap.closeProxy(PeerProxyMap.java:197)
	at org.apache.ratis.util.PeerProxyMap.lambda$resetProxy$2(PeerProxyMap.java:158)
	at java.util.Optional.map(Optional.java:215)
	at org.apache.ratis.util.PeerProxyMap.resetProxy(PeerProxyMap.java:158)
	at org.apache.ratis.util.PeerProxyMap.handleException(PeerProxyMap.java:165)
	at org.apache.ratis.client.impl.RaftClientRpcWithProxy.handleException(RaftClientRpcWithProxy.java:48)
	at org.apache.ratis.client.impl.RaftClientImpl.handleIOException(RaftClientImpl.java:445)
	at org.apache.ratis.client.impl.OrderedAsync.handleException(OrderedAsync.java:237)
	at org.apache.ratis.client.impl.OrderedAsync.lambda$sendRequestWithRetry$6(OrderedAsync.java:208)
	at java.util.concurrent.CompletableFuture.uniExceptionally(CompletableFuture.java:884)
	at java.util.concurrent.CompletableFuture$UniExceptionally.tryFire(CompletableFuture.java:866)
	at java.util.concurrent.CompletableFuture.postComplete(CompletableFuture.java:488)
	at java.util.concurrent.CompletableFuture.completeExceptionally(CompletableFuture.java:1990)
	at org.apache.ratis.grpc.client.GrpcClientProtocolClient$AsyncStreamObservers.lambda$timeoutCheck$5(GrpcClientProtocolClient.java:373)
	at java.util.Optional.ifPresent(Optional.java:159)
	at org.apache.ratis.grpc.client.GrpcClientProtocolClient$AsyncStreamObservers.handleReplyFuture(GrpcClientProtocolClient.java:378)
	at org.apache.ratis.grpc.client.GrpcClientProtocolClient$AsyncStreamObservers.timeoutCheck(GrpcClientProtocolClient.java:373)
	at org.apache.ratis.grpc.client.GrpcClientProtocolClient$AsyncStreamObservers.lambda$onNext$3(GrpcClientProtocolClient.java:366)
	at org.apache.ratis.util.TimeoutTimer.lambda$onTimeout$2(TimeoutTimer.java:101)
	at org.apache.ratis.util.LogUtils.runAndLog(LogUtils.java:38)
	at org.apache.ratis.util.LogUtils$1.run(LogUtils.java:78)
	at org.apache.ratis.util.TimeoutTimer$Task.run(TimeoutTimer.java:55)
	at java.util.TimerThread.mainLoop(Timer.java:555)
	at java.util.TimerThread.run(Timer.java:505)
2024-01-25 07:57:39,213 [timer7] TRACE client.RaftClient (RaftClientImpl.java:handleIOException(419)) - Stack trace
java.lang.Throwable: TRACE
	at org.apache.ratis.client.impl.RaftClientImpl.handleIOException(RaftClientImpl.java:419)
	at org.apache.ratis.client.impl.OrderedAsync.handleException(OrderedAsync.java:237)
	at org.apache.ratis.client.impl.OrderedAsync.lambda$sendRequestWithRetry$6(OrderedAsync.java:208)
	at java.util.concurrent.CompletableFuture.uniExceptionally(CompletableFuture.java:884)
	at java.util.concurrent.CompletableFuture$UniExceptionally.tryFire(CompletableFuture.java:866)
	at java.util.concurrent.CompletableFuture.postComplete(CompletableFuture.java:488)
	at java.util.concurrent.CompletableFuture.completeExceptionally(CompletableFuture.java:1990)
	at org.apache.ratis.grpc.client.GrpcClientProtocolClient$AsyncStreamObservers.completeReplyExceptionally(GrpcClientProtocolClient.java:394)
	at org.apache.ratis.grpc.client.GrpcClientProtocolClient$AsyncStreamObservers.close(GrpcClientProtocolClient.java:383)
	at org.apache.ratis.grpc.client.GrpcClientProtocolClient$AsyncStreamObservers.access$500(GrpcClientProtocolClient.java:300)
	at org.apache.ratis.grpc.client.GrpcClientProtocolClient.lambda$close$3(GrpcClientProtocolClient.java:160)
	at java.util.Optional.ifPresent(Optional.java:159)
	at org.apache.ratis.grpc.client.GrpcClientProtocolClient.close(GrpcClientProtocolClient.java:160)
	at org.apache.ratis.util.PeerProxyMap.closeProxy(PeerProxyMap.java:197)
	at org.apache.ratis.util.PeerProxyMap.lambda$resetProxy$2(PeerProxyMap.java:158)
	at java.util.Optional.map(Optional.java:215)
	at org.apache.ratis.util.PeerProxyMap.resetProxy(PeerProxyMap.java:158)
	at org.apache.ratis.util.PeerProxyMap.handleException(PeerProxyMap.java:165)
	at org.apache.ratis.client.impl.RaftClientRpcWithProxy.handleException(RaftClientRpcWithProxy.java:48)
	at org.apache.ratis.client.impl.RaftClientImpl.handleIOException(RaftClientImpl.java:445)
	at org.apache.ratis.client.impl.OrderedAsync.handleException(OrderedAsync.java:237)
	at org.apache.ratis.client.impl.OrderedAsync.lambda$sendRequestWithRetry$6(OrderedAsync.java:208)
	at java.util.concurrent.CompletableFuture.uniExceptionally(CompletableFuture.java:884)
	at java.util.concurrent.CompletableFuture$UniExceptionally.tryFire(CompletableFuture.java:866)
	at java.util.concurrent.CompletableFuture.postComplete(CompletableFuture.java:488)
	at java.util.concurrent.CompletableFuture.completeExceptionally(CompletableFuture.java:1990)
	at org.apache.ratis.grpc.client.GrpcClientProtocolClient$AsyncStreamObservers.lambda$timeoutCheck$5(GrpcClientProtocolClient.java:373)
	at java.util.Optional.ifPresent(Optional.java:159)
	at org.apache.ratis.grpc.client.GrpcClientProtocolClient$AsyncStreamObservers.handleReplyFuture(GrpcClientProtocolClient.java:378)
	at org.apache.ratis.grpc.client.GrpcClientProtocolClient$AsyncStreamObservers.timeoutCheck(GrpcClientProtocolClient.java:373)
	at org.apache.ratis.grpc.client.GrpcClientProtocolClient$AsyncStreamObservers.lambda$onNext$3(GrpcClientProtocolClient.java:366)
	at org.apache.ratis.util.TimeoutTimer.lambda$onTimeout$2(TimeoutTimer.java:101)
	at org.apache.ratis.util.LogUtils.runAndLog(LogUtils.java:38)
	at org.apache.ratis.util.LogUtils$1.run(LogUtils.java:78)
	at org.apache.ratis.util.TimeoutTimer$Task.run(TimeoutTimer.java:55)
	at java.util.TimerThread.mainLoop(Timer.java:555)
	at java.util.TimerThread.run(Timer.java:505)
2024-01-25 07:57:39,214 [timer7] DEBUG client.RaftClient (RaftClientImpl.java:handleIOException(435)) - client-2312CCC7CA78: oldLeader=s1,  curLeader=s0, newLeader=null
2024-01-25 07:57:39,214 [timer7] ERROR impl.OrderedAsync (OrderedAsync.java:lambda$sendRequestWithRetry$6(207)) - client-2312CCC7CA78: Failed* RaftClientRequest:client-2312CCC7CA78->s1@group-796A68A19D2E, cid=14, seq=10, RW, m7
java.util.concurrent.CompletionException: org.apache.ratis.protocol.exceptions.AlreadyClosedException: client-2312CCC7CA78->s1: Stream close: no reply for async request cid=14
	at java.util.concurrent.CompletableFuture.encodeThrowable(CompletableFuture.java:292)
	at java.util.concurrent.CompletableFuture.completeThrowable(CompletableFuture.java:308)
	at java.util.concurrent.CompletableFuture.uniAccept(CompletableFuture.java:661)
	at java.util.concurrent.CompletableFuture$UniAccept.tryFire(CompletableFuture.java:646)
	at java.util.concurrent.CompletableFuture.postComplete(CompletableFuture.java:488)
	at java.util.concurrent.CompletableFuture.completeExceptionally(CompletableFuture.java:1990)
	at org.apache.ratis.grpc.client.GrpcClientProtocolClient$AsyncStreamObservers.completeReplyExceptionally(GrpcClientProtocolClient.java:394)
	at org.apache.ratis.grpc.client.GrpcClientProtocolClient$AsyncStreamObservers.close(GrpcClientProtocolClient.java:383)
	at org.apache.ratis.grpc.client.GrpcClientProtocolClient$AsyncStreamObservers.access$500(GrpcClientProtocolClient.java:300)
	at org.apache.ratis.grpc.client.GrpcClientProtocolClient.lambda$close$3(GrpcClientProtocolClient.java:160)
	at java.util.Optional.ifPresent(Optional.java:159)
	at org.apache.ratis.grpc.client.GrpcClientProtocolClient.close(GrpcClientProtocolClient.java:160)
	at org.apache.ratis.util.PeerProxyMap.closeProxy(PeerProxyMap.java:197)
	at org.apache.ratis.util.PeerProxyMap.lambda$resetProxy$2(PeerProxyMap.java:158)
	at java.util.Optional.map(Optional.java:215)
	at org.apache.ratis.util.PeerProxyMap.resetProxy(PeerProxyMap.java:158)
	at org.apache.ratis.util.PeerProxyMap.handleException(PeerProxyMap.java:165)
	at org.apache.ratis.client.impl.RaftClientRpcWithProxy.handleException(RaftClientRpcWithProxy.java:48)
	at org.apache.ratis.client.impl.RaftClientImpl.handleIOException(RaftClientImpl.java:445)
	at org.apache.ratis.client.impl.OrderedAsync.handleException(OrderedAsync.java:237)
	at org.apache.ratis.client.impl.OrderedAsync.lambda$sendRequestWithRetry$6(OrderedAsync.java:208)
	at java.util.concurrent.CompletableFuture.uniExceptionally(CompletableFuture.java:884)
	at java.util.concurrent.CompletableFuture$UniExceptionally.tryFire(CompletableFuture.java:866)
	at java.util.concurrent.CompletableFuture.postComplete(CompletableFuture.java:488)
	at java.util.concurrent.CompletableFuture.completeExceptionally(CompletableFuture.java:1990)
	at org.apache.ratis.grpc.client.GrpcClientProtocolClient$AsyncStreamObservers.lambda$timeoutCheck$5(GrpcClientProtocolClient.java:373)
	at java.util.Optional.ifPresent(Optional.java:159)
	at org.apache.ratis.grpc.client.GrpcClientProtocolClient$AsyncStreamObservers.handleReplyFuture(GrpcClientProtocolClient.java:378)
	at org.apache.ratis.grpc.client.GrpcClientProtocolClient$AsyncStreamObservers.timeoutCheck(GrpcClientProtocolClient.java:373)
	at org.apache.ratis.grpc.client.GrpcClientProtocolClient$AsyncStreamObservers.lambda$onNext$3(GrpcClientProtocolClient.java:366)
	at org.apache.ratis.util.TimeoutTimer.lambda$onTimeout$2(TimeoutTimer.java:101)
	at org.apache.ratis.util.LogUtils.runAndLog(LogUtils.java:38)
	at org.apache.ratis.util.LogUtils$1.run(LogUtils.java:78)
	at org.apache.ratis.util.TimeoutTimer$Task.run(TimeoutTimer.java:55)
	at java.util.TimerThread.mainLoop(Timer.java:555)
	at java.util.TimerThread.run(Timer.java:505)
Caused by: org.apache.ratis.protocol.exceptions.AlreadyClosedException: client-2312CCC7CA78->s1: Stream close: no reply for async request cid=14
	at org.apache.ratis.grpc.client.GrpcClientProtocolClient$AsyncStreamObservers.completeReplyExceptionally(GrpcClientProtocolClient.java:396)
	... 29 more
2024-01-25 07:57:39,214 [timer7] DEBUG client.RaftClient (RaftClientImpl.java:handleIOException(417)) - client-2312CCC7CA78: suggested new leader: null. Failed RaftClientRequest:client-2312CCC7CA78->s1@group-796A68A19D2E, cid=14, seq=10, RW, m7
org.apache.ratis.protocol.exceptions.AlreadyClosedException: client-2312CCC7CA78->s1: Stream close: no reply for async request cid=14
	at org.apache.ratis.grpc.client.GrpcClientProtocolClient$AsyncStreamObservers.completeReplyExceptionally(GrpcClientProtocolClient.java:396)
	at org.apache.ratis.grpc.client.GrpcClientProtocolClient$AsyncStreamObservers.close(GrpcClientProtocolClient.java:383)
	at org.apache.ratis.grpc.client.GrpcClientProtocolClient$AsyncStreamObservers.access$500(GrpcClientProtocolClient.java:300)
	at org.apache.ratis.grpc.client.GrpcClientProtocolClient.lambda$close$3(GrpcClientProtocolClient.java:160)
	at java.util.Optional.ifPresent(Optional.java:159)
	at org.apache.ratis.grpc.client.GrpcClientProtocolClient.close(GrpcClientProtocolClient.java:160)
	at org.apache.ratis.util.PeerProxyMap.closeProxy(PeerProxyMap.java:197)
	at org.apache.ratis.util.PeerProxyMap.lambda$resetProxy$2(PeerProxyMap.java:158)
	at java.util.Optional.map(Optional.java:215)
	at org.apache.ratis.util.PeerProxyMap.resetProxy(PeerProxyMap.java:158)
	at org.apache.ratis.util.PeerProxyMap.handleException(PeerProxyMap.java:165)
	at org.apache.ratis.client.impl.RaftClientRpcWithProxy.handleException(RaftClientRpcWithProxy.java:48)
	at org.apache.ratis.client.impl.RaftClientImpl.handleIOException(RaftClientImpl.java:445)
	at org.apache.ratis.client.impl.OrderedAsync.handleException(OrderedAsync.java:237)
	at org.apache.ratis.client.impl.OrderedAsync.lambda$sendRequestWithRetry$6(OrderedAsync.java:208)
	at java.util.concurrent.CompletableFuture.uniExceptionally(CompletableFuture.java:884)
	at java.util.concurrent.CompletableFuture$UniExceptionally.tryFire(CompletableFuture.java:866)
	at java.util.concurrent.CompletableFuture.postComplete(CompletableFuture.java:488)
	at java.util.concurrent.CompletableFuture.completeExceptionally(CompletableFuture.java:1990)
	at org.apache.ratis.grpc.client.GrpcClientProtocolClient$AsyncStreamObservers.lambda$timeoutCheck$5(GrpcClientProtocolClient.java:373)
	at java.util.Optional.ifPresent(Optional.java:159)
	at org.apache.ratis.grpc.client.GrpcClientProtocolClient$AsyncStreamObservers.handleReplyFuture(GrpcClientProtocolClient.java:378)
	at org.apache.ratis.grpc.client.GrpcClientProtocolClient$AsyncStreamObservers.timeoutCheck(GrpcClientProtocolClient.java:373)
	at org.apache.ratis.grpc.client.GrpcClientProtocolClient$AsyncStreamObservers.lambda$onNext$3(GrpcClientProtocolClient.java:366)
	at org.apache.ratis.util.TimeoutTimer.lambda$onTimeout$2(TimeoutTimer.java:101)
	at org.apache.ratis.util.LogUtils.runAndLog(LogUtils.java:38)
	at org.apache.ratis.util.LogUtils$1.run(LogUtils.java:78)
	at org.apache.ratis.util.TimeoutTimer$Task.run(TimeoutTimer.java:55)
	at java.util.TimerThread.mainLoop(Timer.java:555)
	at java.util.TimerThread.run(Timer.java:505)
2024-01-25 07:57:39,216 [timer7] TRACE client.RaftClient (RaftClientImpl.java:handleIOException(419)) - Stack trace
java.lang.Throwable: TRACE
	at org.apache.ratis.client.impl.RaftClientImpl.handleIOException(RaftClientImpl.java:419)
	at org.apache.ratis.client.impl.OrderedAsync.handleException(OrderedAsync.java:237)
	at org.apache.ratis.client.impl.OrderedAsync.lambda$sendRequestWithRetry$6(OrderedAsync.java:208)
	at java.util.concurrent.CompletableFuture.uniExceptionally(CompletableFuture.java:884)
	at java.util.concurrent.CompletableFuture$UniExceptionally.tryFire(CompletableFuture.java:866)
	at java.util.concurrent.CompletableFuture.postComplete(CompletableFuture.java:488)
	at java.util.concurrent.CompletableFuture.completeExceptionally(CompletableFuture.java:1990)
	at org.apache.ratis.grpc.client.GrpcClientProtocolClient$AsyncStreamObservers.completeReplyExceptionally(GrpcClientProtocolClient.java:394)
	at org.apache.ratis.grpc.client.GrpcClientProtocolClient$AsyncStreamObservers.close(GrpcClientProtocolClient.java:383)
	at org.apache.ratis.grpc.client.GrpcClientProtocolClient$AsyncStreamObservers.access$500(GrpcClientProtocolClient.java:300)
	at org.apache.ratis.grpc.client.GrpcClientProtocolClient.lambda$close$3(GrpcClientProtocolClient.java:160)
	at java.util.Optional.ifPresent(Optional.java:159)
	at org.apache.ratis.grpc.client.GrpcClientProtocolClient.close(GrpcClientProtocolClient.java:160)
	at org.apache.ratis.util.PeerProxyMap.closeProxy(PeerProxyMap.java:197)
	at org.apache.ratis.util.PeerProxyMap.lambda$resetProxy$2(PeerProxyMap.java:158)
	at java.util.Optional.map(Optional.java:215)
	at org.apache.ratis.util.PeerProxyMap.resetProxy(PeerProxyMap.java:158)
	at org.apache.ratis.util.PeerProxyMap.handleException(PeerProxyMap.java:165)
	at org.apache.ratis.client.impl.RaftClientRpcWithProxy.handleException(RaftClientRpcWithProxy.java:48)
	at org.apache.ratis.client.impl.RaftClientImpl.handleIOException(RaftClientImpl.java:445)
	at org.apache.ratis.client.impl.OrderedAsync.handleException(OrderedAsync.java:237)
	at org.apache.ratis.client.impl.OrderedAsync.lambda$sendRequestWithRetry$6(OrderedAsync.java:208)
	at java.util.concurrent.CompletableFuture.uniExceptionally(CompletableFuture.java:884)
	at java.util.concurrent.CompletableFuture$UniExceptionally.tryFire(CompletableFuture.java:866)
	at java.util.concurrent.CompletableFuture.postComplete(CompletableFuture.java:488)
	at java.util.concurrent.CompletableFuture.completeExceptionally(CompletableFuture.java:1990)
	at org.apache.ratis.grpc.client.GrpcClientProtocolClient$AsyncStreamObservers.lambda$timeoutCheck$5(GrpcClientProtocolClient.java:373)
	at java.util.Optional.ifPresent(Optional.java:159)
	at org.apache.ratis.grpc.client.GrpcClientProtocolClient$AsyncStreamObservers.handleReplyFuture(GrpcClientProtocolClient.java:378)
	at org.apache.ratis.grpc.client.GrpcClientProtocolClient$AsyncStreamObservers.timeoutCheck(GrpcClientProtocolClient.java:373)
	at org.apache.ratis.grpc.client.GrpcClientProtocolClient$AsyncStreamObservers.lambda$onNext$3(GrpcClientProtocolClient.java:366)
	at org.apache.ratis.util.TimeoutTimer.lambda$onTimeout$2(TimeoutTimer.java:101)
	at org.apache.ratis.util.LogUtils.runAndLog(LogUtils.java:38)
	at org.apache.ratis.util.LogUtils$1.run(LogUtils.java:78)
	at org.apache.ratis.util.TimeoutTimer$Task.run(TimeoutTimer.java:55)
	at java.util.TimerThread.mainLoop(Timer.java:555)
	at java.util.TimerThread.run(Timer.java:505)
2024-01-25 07:57:39,216 [timer7] DEBUG client.RaftClient (RaftClientImpl.java:handleIOException(435)) - client-2312CCC7CA78: oldLeader=s1,  curLeader=s0, newLeader=null
2024-01-25 07:57:39,216 [timer7] ERROR impl.OrderedAsync (OrderedAsync.java:lambda$sendRequestWithRetry$6(207)) - client-2312CCC7CA78: Failed* RaftClientRequest:client-2312CCC7CA78->s1@group-796A68A19D2E, cid=15, seq=11, RW, m8
java.util.concurrent.CompletionException: org.apache.ratis.protocol.exceptions.AlreadyClosedException: client-2312CCC7CA78->s1: Stream close: no reply for async request cid=15
	at java.util.concurrent.CompletableFuture.encodeThrowable(CompletableFuture.java:292)
	at java.util.concurrent.CompletableFuture.completeThrowable(CompletableFuture.java:308)
	at java.util.concurrent.CompletableFuture.uniAccept(CompletableFuture.java:661)
	at java.util.concurrent.CompletableFuture$UniAccept.tryFire(CompletableFuture.java:646)
	at java.util.concurrent.CompletableFuture.postComplete(CompletableFuture.java:488)
	at java.util.concurrent.CompletableFuture.completeExceptionally(CompletableFuture.java:1990)
	at org.apache.ratis.grpc.client.GrpcClientProtocolClient$AsyncStreamObservers.completeReplyExceptionally(GrpcClientProtocolClient.java:394)
	at org.apache.ratis.grpc.client.GrpcClientProtocolClient$AsyncStreamObservers.close(GrpcClientProtocolClient.java:383)
	at org.apache.ratis.grpc.client.GrpcClientProtocolClient$AsyncStreamObservers.access$500(GrpcClientProtocolClient.java:300)
	at org.apache.ratis.grpc.client.GrpcClientProtocolClient.lambda$close$3(GrpcClientProtocolClient.java:160)
	at java.util.Optional.ifPresent(Optional.java:159)
	at org.apache.ratis.grpc.client.GrpcClientProtocolClient.close(GrpcClientProtocolClient.java:160)
	at org.apache.ratis.util.PeerProxyMap.closeProxy(PeerProxyMap.java:197)
	at org.apache.ratis.util.PeerProxyMap.lambda$resetProxy$2(PeerProxyMap.java:158)
	at java.util.Optional.map(Optional.java:215)
	at org.apache.ratis.util.PeerProxyMap.resetProxy(PeerProxyMap.java:158)
	at org.apache.ratis.util.PeerProxyMap.handleException(PeerProxyMap.java:165)
	at org.apache.ratis.client.impl.RaftClientRpcWithProxy.handleException(RaftClientRpcWithProxy.java:48)
	at org.apache.ratis.client.impl.RaftClientImpl.handleIOException(RaftClientImpl.java:445)
	at org.apache.ratis.client.impl.OrderedAsync.handleException(OrderedAsync.java:237)
	at org.apache.ratis.client.impl.OrderedAsync.lambda$sendRequestWithRetry$6(OrderedAsync.java:208)
	at java.util.concurrent.CompletableFuture.uniExceptionally(CompletableFuture.java:884)
	at java.util.concurrent.CompletableFuture$UniExceptionally.tryFire(CompletableFuture.java:866)
	at java.util.concurrent.CompletableFuture.postComplete(CompletableFuture.java:488)
	at java.util.concurrent.CompletableFuture.completeExceptionally(CompletableFuture.java:1990)
	at org.apache.ratis.grpc.client.GrpcClientProtocolClient$AsyncStreamObservers.lambda$timeoutCheck$5(GrpcClientProtocolClient.java:373)
	at java.util.Optional.ifPresent(Optional.java:159)
	at org.apache.ratis.grpc.client.GrpcClientProtocolClient$AsyncStreamObservers.handleReplyFuture(GrpcClientProtocolClient.java:378)
	at org.apache.ratis.grpc.client.GrpcClientProtocolClient$AsyncStreamObservers.timeoutCheck(GrpcClientProtocolClient.java:373)
	at org.apache.ratis.grpc.client.GrpcClientProtocolClient$AsyncStreamObservers.lambda$onNext$3(GrpcClientProtocolClient.java:366)
	at org.apache.ratis.util.TimeoutTimer.lambda$onTimeout$2(TimeoutTimer.java:101)
	at org.apache.ratis.util.LogUtils.runAndLog(LogUtils.java:38)
	at org.apache.ratis.util.LogUtils$1.run(LogUtils.java:78)
	at org.apache.ratis.util.TimeoutTimer$Task.run(TimeoutTimer.java:55)
	at java.util.TimerThread.mainLoop(Timer.java:555)
	at java.util.TimerThread.run(Timer.java:505)
Caused by: org.apache.ratis.protocol.exceptions.AlreadyClosedException: client-2312CCC7CA78->s1: Stream close: no reply for async request cid=15
	at org.apache.ratis.grpc.client.GrpcClientProtocolClient$AsyncStreamObservers.completeReplyExceptionally(GrpcClientProtocolClient.java:396)
	... 29 more
2024-01-25 07:57:39,217 [timer7] DEBUG client.RaftClient (RaftClientImpl.java:handleIOException(417)) - client-2312CCC7CA78: suggested new leader: null. Failed RaftClientRequest:client-2312CCC7CA78->s1@group-796A68A19D2E, cid=15, seq=11, RW, m8
org.apache.ratis.protocol.exceptions.AlreadyClosedException: client-2312CCC7CA78->s1: Stream close: no reply for async request cid=15
	at org.apache.ratis.grpc.client.GrpcClientProtocolClient$AsyncStreamObservers.completeReplyExceptionally(GrpcClientProtocolClient.java:396)
	at org.apache.ratis.grpc.client.GrpcClientProtocolClient$AsyncStreamObservers.close(GrpcClientProtocolClient.java:383)
	at org.apache.ratis.grpc.client.GrpcClientProtocolClient$AsyncStreamObservers.access$500(GrpcClientProtocolClient.java:300)
	at org.apache.ratis.grpc.client.GrpcClientProtocolClient.lambda$close$3(GrpcClientProtocolClient.java:160)
	at java.util.Optional.ifPresent(Optional.java:159)
	at org.apache.ratis.grpc.client.GrpcClientProtocolClient.close(GrpcClientProtocolClient.java:160)
	at org.apache.ratis.util.PeerProxyMap.closeProxy(PeerProxyMap.java:197)
	at org.apache.ratis.util.PeerProxyMap.lambda$resetProxy$2(PeerProxyMap.java:158)
	at java.util.Optional.map(Optional.java:215)
	at org.apache.ratis.util.PeerProxyMap.resetProxy(PeerProxyMap.java:158)
	at org.apache.ratis.util.PeerProxyMap.handleException(PeerProxyMap.java:165)
	at org.apache.ratis.client.impl.RaftClientRpcWithProxy.handleException(RaftClientRpcWithProxy.java:48)
	at org.apache.ratis.client.impl.RaftClientImpl.handleIOException(RaftClientImpl.java:445)
	at org.apache.ratis.client.impl.OrderedAsync.handleException(OrderedAsync.java:237)
	at org.apache.ratis.client.impl.OrderedAsync.lambda$sendRequestWithRetry$6(OrderedAsync.java:208)
	at java.util.concurrent.CompletableFuture.uniExceptionally(CompletableFuture.java:884)
	at java.util.concurrent.CompletableFuture$UniExceptionally.tryFire(CompletableFuture.java:866)
	at java.util.concurrent.CompletableFuture.postComplete(CompletableFuture.java:488)
	at java.util.concurrent.CompletableFuture.completeExceptionally(CompletableFuture.java:1990)
	at org.apache.ratis.grpc.client.GrpcClientProtocolClient$AsyncStreamObservers.lambda$timeoutCheck$5(GrpcClientProtocolClient.java:373)
	at java.util.Optional.ifPresent(Optional.java:159)
	at org.apache.ratis.grpc.client.GrpcClientProtocolClient$AsyncStreamObservers.handleReplyFuture(GrpcClientProtocolClient.java:378)
	at org.apache.ratis.grpc.client.GrpcClientProtocolClient$AsyncStreamObservers.timeoutCheck(GrpcClientProtocolClient.java:373)
	at org.apache.ratis.grpc.client.GrpcClientProtocolClient$AsyncStreamObservers.lambda$onNext$3(GrpcClientProtocolClient.java:366)
	at org.apache.ratis.util.TimeoutTimer.lambda$onTimeout$2(TimeoutTimer.java:101)
	at org.apache.ratis.util.LogUtils.runAndLog(LogUtils.java:38)
	at org.apache.ratis.util.LogUtils$1.run(LogUtils.java:78)
	at org.apache.ratis.util.TimeoutTimer$Task.run(TimeoutTimer.java:55)
	at java.util.TimerThread.mainLoop(Timer.java:555)
	at java.util.TimerThread.run(Timer.java:505)
2024-01-25 07:57:39,217 [timer7] TRACE client.RaftClient (RaftClientImpl.java:handleIOException(419)) - Stack trace
java.lang.Throwable: TRACE
	at org.apache.ratis.client.impl.RaftClientImpl.handleIOException(RaftClientImpl.java:419)
	at org.apache.ratis.client.impl.OrderedAsync.handleException(OrderedAsync.java:237)
	at org.apache.ratis.client.impl.OrderedAsync.lambda$sendRequestWithRetry$6(OrderedAsync.java:208)
	at java.util.concurrent.CompletableFuture.uniExceptionally(CompletableFuture.java:884)
	at java.util.concurrent.CompletableFuture$UniExceptionally.tryFire(CompletableFuture.java:866)
	at java.util.concurrent.CompletableFuture.postComplete(CompletableFuture.java:488)
	at java.util.concurrent.CompletableFuture.completeExceptionally(CompletableFuture.java:1990)
	at org.apache.ratis.grpc.client.GrpcClientProtocolClient$AsyncStreamObservers.completeReplyExceptionally(GrpcClientProtocolClient.java:394)
	at org.apache.ratis.grpc.client.GrpcClientProtocolClient$AsyncStreamObservers.close(GrpcClientProtocolClient.java:383)
	at org.apache.ratis.grpc.client.GrpcClientProtocolClient$AsyncStreamObservers.access$500(GrpcClientProtocolClient.java:300)
	at org.apache.ratis.grpc.client.GrpcClientProtocolClient.lambda$close$3(GrpcClientProtocolClient.java:160)
	at java.util.Optional.ifPresent(Optional.java:159)
	at org.apache.ratis.grpc.client.GrpcClientProtocolClient.close(GrpcClientProtocolClient.java:160)
	at org.apache.ratis.util.PeerProxyMap.closeProxy(PeerProxyMap.java:197)
	at org.apache.ratis.util.PeerProxyMap.lambda$resetProxy$2(PeerProxyMap.java:158)
	at java.util.Optional.map(Optional.java:215)
	at org.apache.ratis.util.PeerProxyMap.resetProxy(PeerProxyMap.java:158)
	at org.apache.ratis.util.PeerProxyMap.handleException(PeerProxyMap.java:165)
	at org.apache.ratis.client.impl.RaftClientRpcWithProxy.handleException(RaftClientRpcWithProxy.java:48)
	at org.apache.ratis.client.impl.RaftClientImpl.handleIOException(RaftClientImpl.java:445)
	at org.apache.ratis.client.impl.OrderedAsync.handleException(OrderedAsync.java:237)
	at org.apache.ratis.client.impl.OrderedAsync.lambda$sendRequestWithRetry$6(OrderedAsync.java:208)
	at java.util.concurrent.CompletableFuture.uniExceptionally(CompletableFuture.java:884)
	at java.util.concurrent.CompletableFuture$UniExceptionally.tryFire(CompletableFuture.java:866)
	at java.util.concurrent.CompletableFuture.postComplete(CompletableFuture.java:488)
	at java.util.concurrent.CompletableFuture.completeExceptionally(CompletableFuture.java:1990)
	at org.apache.ratis.grpc.client.GrpcClientProtocolClient$AsyncStreamObservers.lambda$timeoutCheck$5(GrpcClientProtocolClient.java:373)
	at java.util.Optional.ifPresent(Optional.java:159)
	at org.apache.ratis.grpc.client.GrpcClientProtocolClient$AsyncStreamObservers.handleReplyFuture(GrpcClientProtocolClient.java:378)
	at org.apache.ratis.grpc.client.GrpcClientProtocolClient$AsyncStreamObservers.timeoutCheck(GrpcClientProtocolClient.java:373)
	at org.apache.ratis.grpc.client.GrpcClientProtocolClient$AsyncStreamObservers.lambda$onNext$3(GrpcClientProtocolClient.java:366)
	at org.apache.ratis.util.TimeoutTimer.lambda$onTimeout$2(TimeoutTimer.java:101)
	at org.apache.ratis.util.LogUtils.runAndLog(LogUtils.java:38)
	at org.apache.ratis.util.LogUtils$1.run(LogUtils.java:78)
	at org.apache.ratis.util.TimeoutTimer$Task.run(TimeoutTimer.java:55)
	at java.util.TimerThread.mainLoop(Timer.java:555)
	at java.util.TimerThread.run(Timer.java:505)
2024-01-25 07:57:39,217 [timer7] DEBUG client.RaftClient (RaftClientImpl.java:handleIOException(435)) - client-2312CCC7CA78: oldLeader=s1,  curLeader=s0, newLeader=null
2024-01-25 07:57:42,218 [timer7] WARN  grpc.GrpcUtil (GrpcUtil.java:shutdownManagedChannel(237)) - Timed out gracefully shutting down connection: ManagedChannelOrphanWrapper{delegate=ManagedChannelImpl{logId=89, target=localhost:15006}}. 
2024-01-25 07:57:42,324 [timer7] DEBUG client.RaftClient (RaftClientImpl.java:get(158)) - client-2312CCC7CA78: get 7 returns []
2024-01-25 07:57:42,324 [timer7] DEBUG client.RaftClient (RaftClientImpl.java:newRequest(95)) - attempt #2, newRequest RaftClientRequest:client-2312CCC7CA78->s0@group-796A68A19D2E, cid=7, seq=3*, RW, m0
2024-01-25 07:57:42,329 [s0-client-thread1] DEBUG server.RaftServer$Division (RaftServerImpl.java:submitClientRequestAsync(880)) - s0@group-796A68A19D2E: receive client request(RaftClientRequest:client-2312CCC7CA78->s0@group-796A68A19D2E, cid=7, seq=3*, RW, Message:6d30)
2024-01-25 07:57:42,331 [grpc-default-executor-8] ERROR impl.OrderedAsync (OrderedAsync.java:lambda$sendRequestWithRetry$6(207)) - client-2312CCC7CA78: Failed* RaftClientRequest:client-2312CCC7CA78->s0@group-796A68A19D2E, cid=7, seq=3*, RW, m0
java.util.concurrent.CompletionException: org.apache.ratis.protocol.exceptions.NotLeaderException: Server s0@group-796A68A19D2E is not the leader s1|localhost:15004
	at java.util.concurrent.CompletableFuture.encodeThrowable(CompletableFuture.java:292)
	at java.util.concurrent.CompletableFuture.completeThrowable(CompletableFuture.java:308)
	at java.util.concurrent.CompletableFuture.uniAccept(CompletableFuture.java:661)
	at java.util.concurrent.CompletableFuture$UniAccept.tryFire(CompletableFuture.java:646)
	at java.util.concurrent.CompletableFuture.postComplete(CompletableFuture.java:488)
	at java.util.concurrent.CompletableFuture.completeExceptionally(CompletableFuture.java:1990)
	at org.apache.ratis.grpc.client.GrpcClientProtocolClient$AsyncStreamObservers.completeReplyExceptionally(GrpcClientProtocolClient.java:394)
	at org.apache.ratis.grpc.client.GrpcClientProtocolClient$AsyncStreamObservers.access$000(GrpcClientProtocolClient.java:300)
	at org.apache.ratis.grpc.client.GrpcClientProtocolClient$AsyncStreamObservers$1.onNext(GrpcClientProtocolClient.java:314)
	at org.apache.ratis.grpc.client.GrpcClientProtocolClient$AsyncStreamObservers$1.onNext(GrpcClientProtocolClient.java:305)
	at org.apache.ratis.thirdparty.io.grpc.stub.ClientCalls$StreamObserverToCallListenerAdapter.onMessage(ClientCalls.java:468)
	at org.apache.ratis.thirdparty.io.grpc.ForwardingClientCallListener.onMessage(ForwardingClientCallListener.java:33)
	at org.apache.ratis.thirdparty.io.grpc.internal.DelayedClientCall$DelayedListener.onMessage(DelayedClientCall.java:473)
	at org.apache.ratis.thirdparty.io.grpc.internal.ClientCallImpl$ClientStreamListenerImpl$1MessagesAvailable.runInternal(ClientCallImpl.java:660)
	at org.apache.ratis.thirdparty.io.grpc.internal.ClientCallImpl$ClientStreamListenerImpl$1MessagesAvailable.runInContext(ClientCallImpl.java:647)
	at org.apache.ratis.thirdparty.io.grpc.internal.ContextRunnable.run(ContextRunnable.java:37)
	at org.apache.ratis.thirdparty.io.grpc.internal.SerializingExecutor.run(SerializingExecutor.java:133)
	at java.util.concurrent.ThreadPoolExecutor.runWorker(ThreadPoolExecutor.java:1149)
	at java.util.concurrent.ThreadPoolExecutor$Worker.run(ThreadPoolExecutor.java:624)
	at java.lang.Thread.run(Thread.java:750)
Caused by: org.apache.ratis.protocol.exceptions.NotLeaderException: Server s0@group-796A68A19D2E is not the leader s1|localhost:15004
	at org.apache.ratis.client.impl.ClientProtoUtils.toRaftClientReply(ClientProtoUtils.java:397)
	at org.apache.ratis.grpc.client.GrpcClientProtocolClient$AsyncStreamObservers$1.onNext(GrpcClientProtocolClient.java:310)
	... 11 more
2024-01-25 07:57:42,331 [grpc-default-executor-8] DEBUG client.RaftClient (RaftClientImpl.java:handleIOException(417)) - client-2312CCC7CA78: suggested new leader: s1. Failed RaftClientRequest:client-2312CCC7CA78->s0@group-796A68A19D2E, cid=7, seq=3*, RW, m0
org.apache.ratis.protocol.exceptions.NotLeaderException: Server s0@group-796A68A19D2E is not the leader s1|localhost:15004
	at org.apache.ratis.client.impl.ClientProtoUtils.toRaftClientReply(ClientProtoUtils.java:397)
	at org.apache.ratis.grpc.client.GrpcClientProtocolClient$AsyncStreamObservers$1.onNext(GrpcClientProtocolClient.java:310)
	at org.apache.ratis.grpc.client.GrpcClientProtocolClient$AsyncStreamObservers$1.onNext(GrpcClientProtocolClient.java:305)
	at org.apache.ratis.thirdparty.io.grpc.stub.ClientCalls$StreamObserverToCallListenerAdapter.onMessage(ClientCalls.java:468)
	at org.apache.ratis.thirdparty.io.grpc.ForwardingClientCallListener.onMessage(ForwardingClientCallListener.java:33)
	at org.apache.ratis.thirdparty.io.grpc.internal.DelayedClientCall$DelayedListener.onMessage(DelayedClientCall.java:473)
	at org.apache.ratis.thirdparty.io.grpc.internal.ClientCallImpl$ClientStreamListenerImpl$1MessagesAvailable.runInternal(ClientCallImpl.java:660)
	at org.apache.ratis.thirdparty.io.grpc.internal.ClientCallImpl$ClientStreamListenerImpl$1MessagesAvailable.runInContext(ClientCallImpl.java:647)
	at org.apache.ratis.thirdparty.io.grpc.internal.ContextRunnable.run(ContextRunnable.java:37)
	at org.apache.ratis.thirdparty.io.grpc.internal.SerializingExecutor.run(SerializingExecutor.java:133)
	at java.util.concurrent.ThreadPoolExecutor.runWorker(ThreadPoolExecutor.java:1149)
	at java.util.concurrent.ThreadPoolExecutor$Worker.run(ThreadPoolExecutor.java:624)
	at java.lang.Thread.run(Thread.java:750)
2024-01-25 07:57:42,332 [grpc-default-executor-8] TRACE client.RaftClient (RaftClientImpl.java:handleIOException(419)) - Stack trace
java.lang.Throwable: TRACE
	at org.apache.ratis.client.impl.RaftClientImpl.handleIOException(RaftClientImpl.java:419)
	at org.apache.ratis.client.impl.RaftClientImpl.handleNotLeaderException(RaftClientImpl.java:399)
	at org.apache.ratis.client.impl.OrderedAsync.handleException(OrderedAsync.java:235)
	at org.apache.ratis.client.impl.OrderedAsync.lambda$sendRequestWithRetry$6(OrderedAsync.java:208)
	at java.util.concurrent.CompletableFuture.uniExceptionally(CompletableFuture.java:884)
	at java.util.concurrent.CompletableFuture$UniExceptionally.tryFire(CompletableFuture.java:866)
	at java.util.concurrent.CompletableFuture.postComplete(CompletableFuture.java:488)
	at java.util.concurrent.CompletableFuture.completeExceptionally(CompletableFuture.java:1990)
	at org.apache.ratis.grpc.client.GrpcClientProtocolClient$AsyncStreamObservers.completeReplyExceptionally(GrpcClientProtocolClient.java:394)
	at org.apache.ratis.grpc.client.GrpcClientProtocolClient$AsyncStreamObservers.access$000(GrpcClientProtocolClient.java:300)
	at org.apache.ratis.grpc.client.GrpcClientProtocolClient$AsyncStreamObservers$1.onNext(GrpcClientProtocolClient.java:314)
	at org.apache.ratis.grpc.client.GrpcClientProtocolClient$AsyncStreamObservers$1.onNext(GrpcClientProtocolClient.java:305)
	at org.apache.ratis.thirdparty.io.grpc.stub.ClientCalls$StreamObserverToCallListenerAdapter.onMessage(ClientCalls.java:468)
	at org.apache.ratis.thirdparty.io.grpc.ForwardingClientCallListener.onMessage(ForwardingClientCallListener.java:33)
	at org.apache.ratis.thirdparty.io.grpc.internal.DelayedClientCall$DelayedListener.onMessage(DelayedClientCall.java:473)
	at org.apache.ratis.thirdparty.io.grpc.internal.ClientCallImpl$ClientStreamListenerImpl$1MessagesAvailable.runInternal(ClientCallImpl.java:660)
	at org.apache.ratis.thirdparty.io.grpc.internal.ClientCallImpl$ClientStreamListenerImpl$1MessagesAvailable.runInContext(ClientCallImpl.java:647)
	at org.apache.ratis.thirdparty.io.grpc.internal.ContextRunnable.run(ContextRunnable.java:37)
	at org.apache.ratis.thirdparty.io.grpc.internal.SerializingExecutor.run(SerializingExecutor.java:133)
	at java.util.concurrent.ThreadPoolExecutor.runWorker(ThreadPoolExecutor.java:1149)
	at java.util.concurrent.ThreadPoolExecutor$Worker.run(ThreadPoolExecutor.java:624)
	at java.lang.Thread.run(Thread.java:750)
2024-01-25 07:57:42,332 [grpc-default-executor-8] DEBUG client.RaftClient (RaftClientImpl.java:handleIOException(435)) - client-2312CCC7CA78: oldLeader=s0,  curLeader=s0, newLeader=s1
2024-01-25 07:57:42,332 [grpc-default-executor-8] DEBUG client.RaftClient (RaftClientImpl.java:handleIOException(441)) - client-2312CCC7CA78 changes Leader from s0 to s1 for group-796A68A19D2E
org.apache.ratis.protocol.exceptions.NotLeaderException: Server s0@group-796A68A19D2E is not the leader s1|localhost:15004
	at org.apache.ratis.client.impl.ClientProtoUtils.toRaftClientReply(ClientProtoUtils.java:397)
	at org.apache.ratis.grpc.client.GrpcClientProtocolClient$AsyncStreamObservers$1.onNext(GrpcClientProtocolClient.java:310)
	at org.apache.ratis.grpc.client.GrpcClientProtocolClient$AsyncStreamObservers$1.onNext(GrpcClientProtocolClient.java:305)
	at org.apache.ratis.thirdparty.io.grpc.stub.ClientCalls$StreamObserverToCallListenerAdapter.onMessage(ClientCalls.java:468)
	at org.apache.ratis.thirdparty.io.grpc.ForwardingClientCallListener.onMessage(ForwardingClientCallListener.java:33)
	at org.apache.ratis.thirdparty.io.grpc.internal.DelayedClientCall$DelayedListener.onMessage(DelayedClientCall.java:473)
	at org.apache.ratis.thirdparty.io.grpc.internal.ClientCallImpl$ClientStreamListenerImpl$1MessagesAvailable.runInternal(ClientCallImpl.java:660)
	at org.apache.ratis.thirdparty.io.grpc.internal.ClientCallImpl$ClientStreamListenerImpl$1MessagesAvailable.runInContext(ClientCallImpl.java:647)
	at org.apache.ratis.thirdparty.io.grpc.internal.ContextRunnable.run(ContextRunnable.java:37)
	at org.apache.ratis.thirdparty.io.grpc.internal.SerializingExecutor.run(SerializingExecutor.java:133)
	at java.util.concurrent.ThreadPoolExecutor.runWorker(ThreadPoolExecutor.java:1149)
	at java.util.concurrent.ThreadPoolExecutor$Worker.run(ThreadPoolExecutor.java:624)
	at java.lang.Thread.run(Thread.java:750)
2024-01-25 07:57:42,333 [timer3] DEBUG client.RaftClient (RaftClientImpl.java:get(158)) - client-2312CCC7CA78: get 7 returns []
2024-01-25 07:57:42,333 [timer3] DEBUG client.RaftClient (RaftClientImpl.java:newRequest(95)) - attempt #3, newRequest RaftClientRequest:client-2312CCC7CA78->s1@group-796A68A19D2E, cid=7, seq=3*, RW, m0
2024-01-25 07:57:42,337 [s1-client-thread1] DEBUG server.RaftServer$Division (RaftServerImpl.java:submitClientRequestAsync(880)) - s1@group-796A68A19D2E: receive client request(RaftClientRequest:client-2312CCC7CA78->s1@group-796A68A19D2E, cid=7, seq=3*, RW, Message:6d30)
2024-01-25 07:57:42,338 [s1-client-thread1] DEBUG server.RaftServer$Division (LeaderStateImpl.java:addPendingRequest(533)) - s1@group-796A68A19D2E-LeaderStateImpl: addPendingRequest at RaftClientRequest:client-2312CCC7CA78->s1@group-796A68A19D2E, cid=7, seq=3*, RW, Message:6d30, entry=(t:2, i:5), STATEMACHINELOGENTRY, 7@client-2312CCC7CA78
2024-01-25 07:57:42,339 [s0-server-thread1] DEBUG server.RaftServer$Division (RaftServerImpl.java:logAppendEntries(1520)) - s0@group-796A68A19D2E: receive appendEntries(s1, 2, (t:2, i:4), 4, false, commits:[s1:c4, s0:c4, s2:c4], cId:99, entries: [(t:2, i:5), STATEMACHINELOGENTRY, 7@client-2312CCC7CA78]
2024-01-25 07:57:42,340 [s2-server-thread2] DEBUG server.RaftServer$Division (RaftServerImpl.java:logAppendEntries(1520)) - s2@group-796A68A19D2E: receive appendEntries(s1, 2, (t:2, i:4), 4, false, commits:[s1:c4, s0:c4, s2:c4], cId:89, entries: [(t:2, i:5), STATEMACHINELOGENTRY, 7@client-2312CCC7CA78]
2024-01-25 07:57:42,340 [s0-server-thread1] DEBUG server.RaftServer$Division (RaftServerImpl.java:logAppendEntries(1520)) - s0@group-796A68A19D2E: succeeded to handle AppendEntries. Reply: s1<-s0#99:OK-t2,SUCCESS,nextIndex=6,followerCommit=4,matchIndex=5
2024-01-25 07:57:42,341 [s1@group-796A68A19D2E-StateMachineUpdater] INFO  impl.SimpleStateMachine4Testing (SimpleStateMachine4Testing.java:applyTransaction(248)) - applyTransaction for log index 5
2024-01-25 07:57:42,341 [s1@group-796A68A19D2E-StateMachineUpdater] INFO  impl.SimpleStateMachine4Testing (SimpleStateMachine4Testing.java:put(205)) - s1: put 5, m0 -> (t:2, i:5), STATEMACHINELOGENTRY, 7@client-2312CCC7CA78
2024-01-25 07:57:42,341 [s1@group-796A68A19D2E-LeaderStateImpl] DEBUG impl.WatchRequests (WatchRequests.java:updateIndex(150)) - s1@group-796A68A19D2E-WatchRequests: update MAJORITY index from 4 to 5
2024-01-25 07:57:42,342 [s0-server-thread1] DEBUG server.RaftServer$Division (RaftServerImpl.java:logAppendEntries(1520)) - s0@group-796A68A19D2E: receive appendEntries(s1, 2, (t:2, i:5), 5, false, commits:[s1:c5, s0:c4, s2:c4], cId:100, entries: [(t:2, i:6), METADATAENTRY(c:5)]
2024-01-25 07:57:42,343 [grpc-default-executor-10] DEBUG client.RaftClient (RaftClientImpl.java:add(146)) - client-2312CCC7CA78: add replied callId 7
2024-01-25 07:57:42,343 [s0-server-thread1] DEBUG server.RaftServer$Division (RaftServerImpl.java:logAppendEntries(1520)) - s0@group-796A68A19D2E: succeeded to handle AppendEntries. Reply: s1<-s0#100:OK-t2,SUCCESS,nextIndex=7,followerCommit=5,matchIndex=6
2024-01-25 07:57:42,343 [grpc-default-executor-10] INFO  grpc.TestWatchRequestWithGrpc (WatchRequestTests.java:lambda$sendRequests$0(113)) - SEND_WATCH: message=m0, logIndex=5
2024-01-25 07:57:42,343 [s0@group-796A68A19D2E-StateMachineUpdater] INFO  impl.SimpleStateMachine4Testing (SimpleStateMachine4Testing.java:applyTransaction(248)) - applyTransaction for log index 5
2024-01-25 07:57:42,343 [grpc-default-executor-10] DEBUG client.RaftClient (RaftClientImpl.java:get(158)) - client-2312CCC7CA78: get 17 returns [7]
2024-01-25 07:57:42,343 [s0@group-796A68A19D2E-StateMachineUpdater] INFO  impl.SimpleStateMachine4Testing (SimpleStateMachine4Testing.java:put(205)) - s0: put 5, m0 -> (t:2, i:5), STATEMACHINELOGENTRY, 7@client-2312CCC7CA78
2024-01-25 07:57:42,343 [grpc-default-executor-10] DEBUG client.RaftClient (RaftClientImpl.java:newRequest(95)) - attempt #1, newRequest RaftClientRequest:client-2312CCC7CA78->s1@group-796A68A19D2E, cid=17, seq=null, Watch(5), null
2024-01-25 07:57:42,343 [grpc-default-executor-10] DEBUG impl.UnorderedAsync (UnorderedAsync.java:sendRequestWithRetry(80)) - client-2312CCC7CA78: attempt #1 send~ RaftClientRequest:client-2312CCC7CA78->s1@group-796A68A19D2E, cid=17, seq=null, Watch(5), null
2024-01-25 07:57:42,344 [grpc-default-executor-10] DEBUG client.RaftClient (RaftClientImpl.java:get(158)) - client-2312CCC7CA78: get 18 returns []
2024-01-25 07:57:42,344 [grpc-default-executor-10] DEBUG client.RaftClient (RaftClientImpl.java:newRequest(95)) - attempt #1, newRequest RaftClientRequest:client-2312CCC7CA78->s1@group-796A68A19D2E, cid=18, seq=null, Watch-ALL(5), null
2024-01-25 07:57:42,344 [grpc-default-executor-10] DEBUG impl.UnorderedAsync (UnorderedAsync.java:sendRequestWithRetry(80)) - client-2312CCC7CA78: attempt #1 send~ RaftClientRequest:client-2312CCC7CA78->s1@group-796A68A19D2E, cid=18, seq=null, Watch-ALL(5), null
2024-01-25 07:57:42,344 [grpc-default-executor-10] DEBUG client.RaftClient (RaftClientImpl.java:get(158)) - client-2312CCC7CA78: get 19 returns []
2024-01-25 07:57:42,344 [grpc-default-executor-10] DEBUG client.RaftClient (RaftClientImpl.java:newRequest(95)) - attempt #1, newRequest RaftClientRequest:client-2312CCC7CA78->s1@group-796A68A19D2E, cid=19, seq=null, Watch-MAJORITY_COMMITTED(5), null
2024-01-25 07:57:42,344 [grpc-default-executor-10] DEBUG impl.UnorderedAsync (UnorderedAsync.java:sendRequestWithRetry(80)) - client-2312CCC7CA78: attempt #1 send~ RaftClientRequest:client-2312CCC7CA78->s1@group-796A68A19D2E, cid=19, seq=null, Watch-MAJORITY_COMMITTED(5), null
2024-01-25 07:57:42,345 [grpc-default-executor-8] DEBUG impl.WatchRequests (WatchRequests.java:updateIndex(150)) - s1@group-796A68A19D2E-WatchRequests: update MAJORITY_COMMITTED index from 4 to 5
2024-01-25 07:57:42,345 [s2-server-thread2] DEBUG server.RaftServer$Division (RaftServerImpl.java:logAppendEntries(1520)) - s2@group-796A68A19D2E: receive appendEntries(s1, 2, (t:2, i:5), 5, false, commits:[s1:c5, s0:c4, s2:c4], cId:90, entries: [(t:2, i:6), METADATAENTRY(c:5)]
2024-01-25 07:57:42,345 [s1@group-796A68A19D2E-LeaderStateImpl] DEBUG impl.WatchRequests (WatchRequests.java:updateIndex(150)) - s1@group-796A68A19D2E-WatchRequests: update MAJORITY index from 5 to 6
2024-01-25 07:57:42,345 [grpc-default-executor-10] DEBUG client.RaftClient (RaftClientImpl.java:get(158)) - client-2312CCC7CA78: get 20 returns []
2024-01-25 07:57:42,345 [s1-client-thread1] DEBUG server.RaftServer$Division (RaftServerImpl.java:submitClientRequestAsync(880)) - s1@group-796A68A19D2E: receive client request(RaftClientRequest:client-2312CCC7CA78->s1@group-796A68A19D2E, cid=17, seq=null, Watch(5), Message:<EMPTY>)
2024-01-25 07:57:42,346 [grpc-default-executor-10] DEBUG client.RaftClient (RaftClientImpl.java:newRequest(95)) - attempt #1, newRequest RaftClientRequest:client-2312CCC7CA78->s1@group-796A68A19D2E, cid=20, seq=null, Watch-ALL_COMMITTED(5), null
2024-01-25 07:57:42,346 [s1-client-thread1] DEBUG server.RaftServer$Division (LeaderStateImpl.java:addWatchRequest(552)) - s1@group-796A68A19D2E-LeaderStateImpl: addWatchRequest RaftClientRequest:client-2312CCC7CA78->s1@group-796A68A19D2E, cid=17, seq=null, Watch(5), Message:<EMPTY>
2024-01-25 07:57:42,346 [grpc-default-executor-10] DEBUG impl.UnorderedAsync (UnorderedAsync.java:sendRequestWithRetry(80)) - client-2312CCC7CA78: attempt #1 send~ RaftClientRequest:client-2312CCC7CA78->s1@group-796A68A19D2E, cid=20, seq=null, Watch-ALL_COMMITTED(5), null
2024-01-25 07:57:42,346 [Time-limited test] INFO  grpc.TestWatchRequestWithGrpc (WatchRequestTests.java:checkMajority(275)) - checkMajority 0: receive RaftClientReply:client-2312CCC7CA78->s1@group-796A68A19D2E, cid=7, SUCCESS, logIndex=5, commits[s1:c5, s0:c4, s2:c4]
2024-01-25 07:57:42,346 [s1-client-thread1] DEBUG server.RaftServer$Division (RaftServerImpl.java:submitClientRequestAsync(880)) - s1@group-796A68A19D2E: receive client request(RaftClientRequest:client-2312CCC7CA78->s1@group-796A68A19D2E, cid=18, seq=null, Watch-ALL(5), Message:<EMPTY>)
2024-01-25 07:57:42,346 [grpc-default-executor-10] DEBUG client.RaftClient (RaftClientImpl.java:get(158)) - client-2312CCC7CA78: get 8 returns []
2024-01-25 07:57:42,347 [s1-client-thread1] DEBUG server.RaftServer$Division (LeaderStateImpl.java:addWatchRequest(552)) - s1@group-796A68A19D2E-LeaderStateImpl: addWatchRequest RaftClientRequest:client-2312CCC7CA78->s1@group-796A68A19D2E, cid=18, seq=null, Watch-ALL(5), Message:<EMPTY>
2024-01-25 07:57:42,347 [grpc-default-executor-10] DEBUG client.RaftClient (RaftClientImpl.java:newRequest(95)) - attempt #2, newRequest RaftClientRequest:client-2312CCC7CA78->s1@group-796A68A19D2E, cid=8, seq=4, RW, m1
2024-01-25 07:57:42,347 [grpc-default-executor-10] DEBUG client.RaftClient (RaftClientImpl.java:get(158)) - client-2312CCC7CA78: get 9 returns []
2024-01-25 07:57:42,347 [grpc-default-executor-10] DEBUG client.RaftClient (RaftClientImpl.java:newRequest(95)) - attempt #2, newRequest RaftClientRequest:client-2312CCC7CA78->s1@group-796A68A19D2E, cid=9, seq=5, RW, m2
2024-01-25 07:57:42,348 [grpc-default-executor-10] DEBUG client.RaftClient (RaftClientImpl.java:get(158)) - client-2312CCC7CA78: get 10 returns []
2024-01-25 07:57:42,348 [s1-client-thread1] DEBUG server.RaftServer$Division (RaftServerImpl.java:submitClientRequestAsync(880)) - s1@group-796A68A19D2E: receive client request(RaftClientRequest:client-2312CCC7CA78->s1@group-796A68A19D2E, cid=19, seq=null, Watch-MAJORITY_COMMITTED(5), Message:<EMPTY>)
2024-01-25 07:57:42,348 [grpc-default-executor-10] DEBUG client.RaftClient (RaftClientImpl.java:newRequest(95)) - attempt #2, newRequest RaftClientRequest:client-2312CCC7CA78->s1@group-796A68A19D2E, cid=10, seq=6, RW, m3
2024-01-25 07:57:42,348 [s1-client-thread1] DEBUG server.RaftServer$Division (LeaderStateImpl.java:addWatchRequest(552)) - s1@group-796A68A19D2E-LeaderStateImpl: addWatchRequest RaftClientRequest:client-2312CCC7CA78->s1@group-796A68A19D2E, cid=19, seq=null, Watch-MAJORITY_COMMITTED(5), Message:<EMPTY>
2024-01-25 07:57:42,348 [grpc-default-executor-10] DEBUG client.RaftClient (RaftClientImpl.java:get(158)) - client-2312CCC7CA78: get 11 returns []
2024-01-25 07:57:42,348 [grpc-default-executor-10] DEBUG client.RaftClient (RaftClientImpl.java:newRequest(95)) - attempt #2, newRequest RaftClientRequest:client-2312CCC7CA78->s1@group-796A68A19D2E, cid=11, seq=7, RW, m4
2024-01-25 07:57:42,349 [ForkJoinPool.commonPool-worker-3] DEBUG impl.UnorderedAsync (UnorderedAsync.java:lambda$sendRequestWithRetry$4(83)) - client-2312CCC7CA78: attempt #1 receive~ RaftClientReply:client-2312CCC7CA78->s1@group-796A68A19D2E, cid=17, SUCCESS, logIndex=6, commits[s1:c6, s0:c5, s2:c4]
2024-01-25 07:57:42,349 [s1-client-thread1] DEBUG server.RaftServer$Division (RaftServerImpl.java:submitClientRequestAsync(880)) - s1@group-796A68A19D2E: receive client request(RaftClientRequest:client-2312CCC7CA78->s1@group-796A68A19D2E, cid=8, seq=4, RW, Message:6d31)
2024-01-25 07:57:42,349 [Time-limited test] INFO  grpc.TestWatchRequestWithGrpc (WatchRequestTests.java:get(214)) - majority-Watch(5) returns RaftClientReply:client-2312CCC7CA78->s1@group-796A68A19D2E, cid=17, SUCCESS, logIndex=6, commits[s1:c6, s0:c5, s2:c4]
2024-01-25 07:57:42,349 [grpc-default-executor-10] DEBUG client.RaftClient (RaftClientImpl.java:get(158)) - client-2312CCC7CA78: get 12 returns []
2024-01-25 07:57:42,349 [grpc-default-executor-10] DEBUG client.RaftClient (RaftClientImpl.java:newRequest(95)) - attempt #2, newRequest RaftClientRequest:client-2312CCC7CA78->s1@group-796A68A19D2E, cid=12, seq=8, RW, m5
2024-01-25 07:57:42,349 [s1-client-thread1] DEBUG server.RaftServer$Division (LeaderStateImpl.java:addPendingRequest(533)) - s1@group-796A68A19D2E-LeaderStateImpl: addPendingRequest at RaftClientRequest:client-2312CCC7CA78->s1@group-796A68A19D2E, cid=8, seq=4, RW, Message:6d31, entry=(t:2, i:7), STATEMACHINELOGENTRY, 8@client-2312CCC7CA78
2024-01-25 07:57:42,349 [s1-client-thread2] DEBUG server.RaftServer$Division (RaftServerImpl.java:submitClientRequestAsync(880)) - s1@group-796A68A19D2E: receive client request(RaftClientRequest:client-2312CCC7CA78->s1@group-796A68A19D2E, cid=20, seq=null, Watch-ALL_COMMITTED(5), Message:<EMPTY>)
2024-01-25 07:57:42,350 [grpc-default-executor-10] DEBUG client.RaftClient (RaftClientImpl.java:get(158)) - client-2312CCC7CA78: get 13 returns []
2024-01-25 07:57:42,350 [grpc-default-executor-10] DEBUG client.RaftClient (RaftClientImpl.java:newRequest(95)) - attempt #2, newRequest RaftClientRequest:client-2312CCC7CA78->s1@group-796A68A19D2E, cid=13, seq=9, RW, m6
2024-01-25 07:57:42,350 [ForkJoinPool.commonPool-worker-3] DEBUG impl.UnorderedAsync (UnorderedAsync.java:lambda$sendRequestWithRetry$4(83)) - client-2312CCC7CA78: attempt #1 receive~ RaftClientReply:client-2312CCC7CA78->s1@group-796A68A19D2E, cid=19, SUCCESS, logIndex=5, commits[s1:c6, s0:c5, s2:c4]
2024-01-25 07:57:42,351 [Time-limited test] INFO  grpc.TestWatchRequestWithGrpc (WatchRequestTests.java:get(214)) - majorityCommitted-Watch(5) returns RaftClientReply:client-2312CCC7CA78->s1@group-796A68A19D2E, cid=19, SUCCESS, logIndex=5, commits[s1:c6, s0:c5, s2:c4]
2024-01-25 07:57:42,351 [s1-client-thread1] DEBUG server.RaftServer$Division (RaftServerImpl.java:submitClientRequestAsync(880)) - s1@group-796A68A19D2E: receive client request(RaftClientRequest:client-2312CCC7CA78->s1@group-796A68A19D2E, cid=9, seq=5, RW, Message:6d32)
2024-01-25 07:57:42,351 [s0-server-thread1] DEBUG server.RaftServer$Division (RaftServerImpl.java:logAppendEntries(1520)) - s0@group-796A68A19D2E: receive appendEntries(s1, 2, (t:2, i:6), 6, false, commits:[s1:c6, s0:c5, s2:c4], cId:102, entries: [(t:2, i:7), STATEMACHINELOGENTRY, 8@client-2312CCC7CA78]
2024-01-25 07:57:42,351 [s1-client-thread1] DEBUG server.RaftServer$Division (LeaderStateImpl.java:addPendingRequest(533)) - s1@group-796A68A19D2E-LeaderStateImpl: addPendingRequest at RaftClientRequest:client-2312CCC7CA78->s1@group-796A68A19D2E, cid=9, seq=5, RW, Message:6d32, entry=(t:2, i:8), STATEMACHINELOGENTRY, 9@client-2312CCC7CA78
2024-01-25 07:57:42,351 [s2-server-thread2] DEBUG server.RaftServer$Division (RaftServerImpl.java:logAppendEntries(1520)) - s2@group-796A68A19D2E: receive appendEntries(s1, 2, (t:2, i:6), 6, false, commits:[s1:c6, s0:c5, s2:c4], cId:94, entries: [(t:2, i:7), STATEMACHINELOGENTRY, 8@client-2312CCC7CA78]
2024-01-25 07:57:42,352 [s0-server-thread1] DEBUG server.RaftServer$Division (RaftServerImpl.java:logAppendEntries(1520)) - s0@group-796A68A19D2E: succeeded to handle AppendEntries. Reply: s1<-s0#102:OK-t2,SUCCESS,nextIndex=8,followerCommit=6,matchIndex=7
2024-01-25 07:57:42,352 [grpc-default-executor-9] DEBUG impl.WatchRequests (WatchRequests.java:updateIndex(150)) - s1@group-796A68A19D2E-WatchRequests: update MAJORITY_COMMITTED index from 5 to 6
2024-01-25 07:57:42,352 [s2-server-thread2] DEBUG server.RaftServer$Division (RaftServerImpl.java:logAppendEntries(1520)) - s2@group-796A68A19D2E: receive appendEntries(s1, 2, (t:2, i:7), 6, false, commits:[s1:c6, s0:c5, s2:c4], cId:95, entries: [(t:2, i:8), STATEMACHINELOGENTRY, 9@client-2312CCC7CA78]
2024-01-25 07:57:42,353 [s1@group-796A68A19D2E-StateMachineUpdater] INFO  impl.SimpleStateMachine4Testing (SimpleStateMachine4Testing.java:applyTransaction(248)) - applyTransaction for log index 7
2024-01-25 07:57:42,353 [s1@group-796A68A19D2E-StateMachineUpdater] INFO  impl.SimpleStateMachine4Testing (SimpleStateMachine4Testing.java:put(205)) - s1: put 7, m1 -> (t:2, i:7), STATEMACHINELOGENTRY, 8@client-2312CCC7CA78
2024-01-25 07:57:42,353 [s1-client-thread1] DEBUG server.RaftServer$Division (RaftServerImpl.java:submitClientRequestAsync(880)) - s1@group-796A68A19D2E: receive client request(RaftClientRequest:client-2312CCC7CA78->s1@group-796A68A19D2E, cid=10, seq=6, RW, Message:6d33)
2024-01-25 07:57:42,351 [grpc-default-executor-10] DEBUG client.RaftClient (RaftClientImpl.java:get(158)) - client-2312CCC7CA78: get 14 returns []
2024-01-25 07:57:42,353 [grpc-default-executor-10] DEBUG client.RaftClient (RaftClientImpl.java:newRequest(95)) - attempt #2, newRequest RaftClientRequest:client-2312CCC7CA78->s1@group-796A68A19D2E, cid=14, seq=10, RW, m7
2024-01-25 07:57:42,353 [s0-server-thread1] DEBUG server.RaftServer$Division (RaftServerImpl.java:logAppendEntries(1520)) - s0@group-796A68A19D2E: receive appendEntries(s1, 2, (t:2, i:7), 6, false, commits:[s1:c6, s0:c5, s2:c4], cId:103, entries: [(t:2, i:8), STATEMACHINELOGENTRY, 9@client-2312CCC7CA78]
2024-01-25 07:57:42,353 [grpc-default-executor-10] DEBUG client.RaftClient (RaftClientImpl.java:get(158)) - client-2312CCC7CA78: get 15 returns []
2024-01-25 07:57:42,353 [grpc-default-executor-10] DEBUG client.RaftClient (RaftClientImpl.java:newRequest(95)) - attempt #2, newRequest RaftClientRequest:client-2312CCC7CA78->s1@group-796A68A19D2E, cid=15, seq=11, RW, m8
2024-01-25 07:57:42,354 [grpc-default-executor-10] DEBUG client.RaftClient (RaftClientImpl.java:get(158)) - client-2312CCC7CA78: get 16 returns []
2024-01-25 07:57:42,354 [grpc-default-executor-10] DEBUG client.RaftClient (RaftClientImpl.java:newRequest(95)) - attempt #2, newRequest RaftClientRequest:client-2312CCC7CA78->s1@group-796A68A19D2E, cid=16, seq=12, RW, m9
2024-01-25 07:57:42,354 [s0-server-thread1] DEBUG server.RaftServer$Division (RaftServerImpl.java:logAppendEntries(1520)) - s0@group-796A68A19D2E: succeeded to handle AppendEntries. Reply: s1<-s0#103:OK-t2,SUCCESS,nextIndex=9,followerCommit=6,matchIndex=8
2024-01-25 07:57:42,353 [s1@group-796A68A19D2E-LeaderStateImpl] DEBUG impl.WatchRequests (WatchRequests.java:updateIndex(150)) - s1@group-796A68A19D2E-WatchRequests: update MAJORITY index from 6 to 7
2024-01-25 07:57:42,355 [s0-server-thread1] DEBUG server.RaftServer$Division (RaftServerImpl.java:logAppendEntries(1520)) - s0@group-796A68A19D2E: receive appendEntries(s1, 2, (t:2, i:8), 7, false, commits:[s1:c7, s0:c6, s2:c4], cId:104, entries: [(t:2, i:9), METADATAENTRY(c:7)]
2024-01-25 07:57:42,355 [s1-client-thread1] DEBUG server.RaftServer$Division (LeaderStateImpl.java:addPendingRequest(533)) - s1@group-796A68A19D2E-LeaderStateImpl: addPendingRequest at RaftClientRequest:client-2312CCC7CA78->s1@group-796A68A19D2E, cid=10, seq=6, RW, Message:6d33, entry=(t:2, i:10), STATEMACHINELOGENTRY, 10@client-2312CCC7CA78
2024-01-25 07:57:42,355 [s1-client-thread2] DEBUG server.RaftServer$Division (LeaderStateImpl.java:addWatchRequest(552)) - s1@group-796A68A19D2E-LeaderStateImpl: addWatchRequest RaftClientRequest:client-2312CCC7CA78->s1@group-796A68A19D2E, cid=20, seq=null, Watch-ALL_COMMITTED(5), Message:<EMPTY>
2024-01-25 07:57:42,356 [s0-server-thread1] DEBUG server.RaftServer$Division (RaftServerImpl.java:logAppendEntries(1520)) - s0@group-796A68A19D2E: succeeded to handle AppendEntries. Reply: s1<-s0#104:OK-t2,SUCCESS,nextIndex=10,followerCommit=7,matchIndex=9
2024-01-25 07:57:42,356 [s2-server-thread1] DEBUG server.RaftServer$Division (RaftServerImpl.java:logAppendEntries(1520)) - s2@group-796A68A19D2E: receive appendEntries(s1, 2, (t:2, i:8), 7, false, commits:[s1:c7, s0:c6, s2:c4], cId:98, entries: [(t:2, i:9), METADATAENTRY(c:7)]
2024-01-25 07:57:42,356 [s0@group-796A68A19D2E-StateMachineUpdater] INFO  impl.SimpleStateMachine4Testing (SimpleStateMachine4Testing.java:applyTransaction(248)) - applyTransaction for log index 7
2024-01-25 07:57:42,356 [s0@group-796A68A19D2E-StateMachineUpdater] INFO  impl.SimpleStateMachine4Testing (SimpleStateMachine4Testing.java:put(205)) - s0: put 7, m1 -> (t:2, i:7), STATEMACHINELOGENTRY, 8@client-2312CCC7CA78
2024-01-25 07:57:42,356 [s1@group-796A68A19D2E-StateMachineUpdater] INFO  impl.SimpleStateMachine4Testing (SimpleStateMachine4Testing.java:applyTransaction(248)) - applyTransaction for log index 8
2024-01-25 07:57:42,357 [s1@group-796A68A19D2E-StateMachineUpdater] INFO  impl.SimpleStateMachine4Testing (SimpleStateMachine4Testing.java:put(205)) - s1: put 8, m2 -> (t:2, i:8), STATEMACHINELOGENTRY, 9@client-2312CCC7CA78
2024-01-25 07:57:42,357 [s0-server-thread1] DEBUG server.RaftServer$Division (RaftServerImpl.java:logAppendEntries(1520)) - s0@group-796A68A19D2E: receive appendEntries(s1, 2, (t:2, i:9), 7, false, commits:[s1:c7, s0:c6, s2:c4], cId:106, entries: [(t:2, i:10), STATEMACHINELOGENTRY, 10@client-2312CCC7CA78]
2024-01-25 07:57:42,357 [s1@group-796A68A19D2E-LeaderStateImpl] DEBUG impl.WatchRequests (WatchRequests.java:updateIndex(150)) - s1@group-796A68A19D2E-WatchRequests: update MAJORITY index from 7 to 8
2024-01-25 07:57:42,357 [s2-server-thread1] DEBUG server.RaftServer$Division (RaftServerImpl.java:logAppendEntries(1520)) - s2@group-796A68A19D2E: receive appendEntries(s1, 2, (t:2, i:9), 7, false, commits:[s1:c7, s0:c6, s2:c4], cId:99, entries: [(t:2, i:10), STATEMACHINELOGENTRY, 10@client-2312CCC7CA78]
2024-01-25 07:57:42,358 [s0-server-thread1] DEBUG server.RaftServer$Division (RaftServerImpl.java:logAppendEntries(1520)) - s0@group-796A68A19D2E: succeeded to handle AppendEntries. Reply: s1<-s0#106:OK-t2,SUCCESS,nextIndex=11,followerCommit=7,matchIndex=10
2024-01-25 07:57:42,359 [grpc-default-executor-7] DEBUG impl.WatchRequests (WatchRequests.java:updateIndex(150)) - s1@group-796A68A19D2E-WatchRequests: update MAJORITY_COMMITTED index from 6 to 7
2024-01-25 07:57:42,359 [s0-server-thread1] DEBUG server.RaftServer$Division (RaftServerImpl.java:logAppendEntries(1520)) - s0@group-796A68A19D2E: receive appendEntries(s1, 2, (t:2, i:10), 8, false, commits:[s1:c8, s0:c6, s2:c4], cId:107, entries: [(t:2, i:11), METADATAENTRY(c:8)]
2024-01-25 07:57:42,359 [s1@group-796A68A19D2E-LeaderStateImpl] DEBUG impl.WatchRequests (WatchRequests.java:updateIndex(150)) - s1@group-796A68A19D2E-WatchRequests: update MAJORITY index from 8 to 9
2024-01-25 07:57:42,359 [s1-client-thread2] DEBUG server.RaftServer$Division (RaftServerImpl.java:submitClientRequestAsync(880)) - s1@group-796A68A19D2E: receive client request(RaftClientRequest:client-2312CCC7CA78->s1@group-796A68A19D2E, cid=11, seq=7, RW, Message:6d34)
2024-01-25 07:57:42,360 [s1@group-796A68A19D2E-LeaderStateImpl] DEBUG impl.WatchRequests (WatchRequests.java:updateIndex(150)) - s1@group-796A68A19D2E-WatchRequests: update MAJORITY index from 9 to 10
2024-01-25 07:57:42,360 [s1@group-796A68A19D2E-StateMachineUpdater] INFO  impl.SimpleStateMachine4Testing (SimpleStateMachine4Testing.java:applyTransaction(248)) - applyTransaction for log index 10
2024-01-25 07:57:42,360 [s1@group-796A68A19D2E-StateMachineUpdater] INFO  impl.SimpleStateMachine4Testing (SimpleStateMachine4Testing.java:put(205)) - s1: put 10, m3 -> (t:2, i:10), STATEMACHINELOGENTRY, 10@client-2312CCC7CA78
2024-01-25 07:57:42,360 [s2-server-thread1] DEBUG server.RaftServer$Division (RaftServerImpl.java:logAppendEntries(1520)) - s2@group-796A68A19D2E: receive appendEntries(s1, 2, (t:2, i:10), 8, false, commits:[s1:c8, s0:c6, s2:c4], cId:100, entries: [(t:2, i:11), METADATAENTRY(c:8)]
2024-01-25 07:57:42,360 [s0-server-thread1] DEBUG server.RaftServer$Division (RaftServerImpl.java:logAppendEntries(1520)) - s0@group-796A68A19D2E: succeeded to handle AppendEntries. Reply: s1<-s0#107:OK-t2,SUCCESS,nextIndex=12,followerCommit=8,matchIndex=11
2024-01-25 07:57:42,360 [s0@group-796A68A19D2E-StateMachineUpdater] INFO  impl.SimpleStateMachine4Testing (SimpleStateMachine4Testing.java:applyTransaction(248)) - applyTransaction for log index 8
2024-01-25 07:57:42,360 [grpc-default-executor-10] DEBUG client.RaftClient (RaftClientImpl.java:add(146)) - client-2312CCC7CA78: add replied callId 8
2024-01-25 07:57:42,360 [s0@group-796A68A19D2E-StateMachineUpdater] INFO  impl.SimpleStateMachine4Testing (SimpleStateMachine4Testing.java:put(205)) - s0: put 8, m2 -> (t:2, i:8), STATEMACHINELOGENTRY, 9@client-2312CCC7CA78
2024-01-25 07:57:42,360 [grpc-default-executor-10] INFO  grpc.TestWatchRequestWithGrpc (WatchRequestTests.java:lambda$sendRequests$0(113)) - SEND_WATCH: message=m1, logIndex=7
2024-01-25 07:57:42,361 [grpc-default-executor-10] DEBUG client.RaftClient (RaftClientImpl.java:get(158)) - client-2312CCC7CA78: get 21 returns [8]
2024-01-25 07:57:42,361 [grpc-default-executor-8] DEBUG impl.WatchRequests (WatchRequests.java:updateIndex(150)) - s1@group-796A68A19D2E-WatchRequests: update MAJORITY_COMMITTED index from 7 to 8
2024-01-25 07:57:42,361 [grpc-default-executor-10] DEBUG client.RaftClient (RaftClientImpl.java:newRequest(95)) - attempt #1, newRequest RaftClientRequest:client-2312CCC7CA78->s1@group-796A68A19D2E, cid=21, seq=null, Watch(7), null
2024-01-25 07:57:42,361 [grpc-default-executor-10] DEBUG impl.UnorderedAsync (UnorderedAsync.java:sendRequestWithRetry(80)) - client-2312CCC7CA78: attempt #1 send~ RaftClientRequest:client-2312CCC7CA78->s1@group-796A68A19D2E, cid=21, seq=null, Watch(7), null
2024-01-25 07:57:42,361 [grpc-default-executor-10] DEBUG client.RaftClient (RaftClientImpl.java:get(158)) - client-2312CCC7CA78: get 22 returns []
2024-01-25 07:57:42,361 [grpc-default-executor-10] DEBUG client.RaftClient (RaftClientImpl.java:newRequest(95)) - attempt #1, newRequest RaftClientRequest:client-2312CCC7CA78->s1@group-796A68A19D2E, cid=22, seq=null, Watch-ALL(7), null
2024-01-25 07:57:42,361 [grpc-default-executor-10] DEBUG impl.UnorderedAsync (UnorderedAsync.java:sendRequestWithRetry(80)) - client-2312CCC7CA78: attempt #1 send~ RaftClientRequest:client-2312CCC7CA78->s1@group-796A68A19D2E, cid=22, seq=null, Watch-ALL(7), null
2024-01-25 07:57:42,362 [grpc-default-executor-10] DEBUG client.RaftClient (RaftClientImpl.java:get(158)) - client-2312CCC7CA78: get 23 returns []
2024-01-25 07:57:42,362 [grpc-default-executor-10] DEBUG client.RaftClient (RaftClientImpl.java:newRequest(95)) - attempt #1, newRequest RaftClientRequest:client-2312CCC7CA78->s1@group-796A68A19D2E, cid=23, seq=null, Watch-MAJORITY_COMMITTED(7), null
2024-01-25 07:57:42,362 [grpc-default-executor-10] DEBUG impl.UnorderedAsync (UnorderedAsync.java:sendRequestWithRetry(80)) - client-2312CCC7CA78: attempt #1 send~ RaftClientRequest:client-2312CCC7CA78->s1@group-796A68A19D2E, cid=23, seq=null, Watch-MAJORITY_COMMITTED(7), null
2024-01-25 07:57:42,362 [grpc-default-executor-10] DEBUG client.RaftClient (RaftClientImpl.java:get(158)) - client-2312CCC7CA78: get 24 returns []
2024-01-25 07:57:42,362 [grpc-default-executor-10] DEBUG client.RaftClient (RaftClientImpl.java:newRequest(95)) - attempt #1, newRequest RaftClientRequest:client-2312CCC7CA78->s1@group-796A68A19D2E, cid=24, seq=null, Watch-ALL_COMMITTED(7), null
2024-01-25 07:57:42,362 [s2-server-thread1] DEBUG server.RaftServer$Division (RaftServerImpl.java:logAppendEntries(1520)) - s2@group-796A68A19D2E: receive appendEntries(s1, 2, (t:2, i:11), 10, false, commits:[s1:c10, s0:c8, s2:c4], cId:103, entries: [(t:2, i:12), METADATAENTRY(c:10), (t:2, i:13), STATEMACHINELOGENTRY, 11@client-2312CCC7CA78]
2024-01-25 07:57:42,362 [grpc-default-executor-10] DEBUG impl.UnorderedAsync (UnorderedAsync.java:sendRequestWithRetry(80)) - client-2312CCC7CA78: attempt #1 send~ RaftClientRequest:client-2312CCC7CA78->s1@group-796A68A19D2E, cid=24, seq=null, Watch-ALL_COMMITTED(7), null
2024-01-25 07:57:42,363 [Time-limited test] INFO  grpc.TestWatchRequestWithGrpc (WatchRequestTests.java:checkMajority(275)) - checkMajority 1: receive RaftClientReply:client-2312CCC7CA78->s1@group-796A68A19D2E, cid=8, SUCCESS, logIndex=7, commits[s1:c7, s0:c6, s2:c4]
2024-01-25 07:57:42,363 [grpc-default-executor-8] DEBUG client.RaftClient (RaftClientImpl.java:add(146)) - client-2312CCC7CA78: add replied callId 9
2024-01-25 07:57:42,363 [grpc-default-executor-8] INFO  grpc.TestWatchRequestWithGrpc (WatchRequestTests.java:lambda$sendRequests$0(113)) - SEND_WATCH: message=m2, logIndex=8
2024-01-25 07:57:42,363 [grpc-default-executor-8] DEBUG client.RaftClient (RaftClientImpl.java:get(158)) - client-2312CCC7CA78: get 25 returns [9]
2024-01-25 07:57:42,363 [grpc-default-executor-8] DEBUG client.RaftClient (RaftClientImpl.java:newRequest(95)) - attempt #1, newRequest RaftClientRequest:client-2312CCC7CA78->s1@group-796A68A19D2E, cid=25, seq=null, Watch(8), null
2024-01-25 07:57:42,363 [grpc-default-executor-8] DEBUG impl.UnorderedAsync (UnorderedAsync.java:sendRequestWithRetry(80)) - client-2312CCC7CA78: attempt #1 send~ RaftClientRequest:client-2312CCC7CA78->s1@group-796A68A19D2E, cid=25, seq=null, Watch(8), null
2024-01-25 07:57:42,364 [grpc-default-executor-8] DEBUG client.RaftClient (RaftClientImpl.java:get(158)) - client-2312CCC7CA78: get 26 returns []
2024-01-25 07:57:42,364 [grpc-default-executor-8] DEBUG client.RaftClient (RaftClientImpl.java:newRequest(95)) - attempt #1, newRequest RaftClientRequest:client-2312CCC7CA78->s1@group-796A68A19D2E, cid=26, seq=null, Watch-ALL(8), null
2024-01-25 07:57:42,364 [grpc-default-executor-8] DEBUG impl.UnorderedAsync (UnorderedAsync.java:sendRequestWithRetry(80)) - client-2312CCC7CA78: attempt #1 send~ RaftClientRequest:client-2312CCC7CA78->s1@group-796A68A19D2E, cid=26, seq=null, Watch-ALL(8), null
2024-01-25 07:57:42,364 [grpc-default-executor-8] DEBUG client.RaftClient (RaftClientImpl.java:get(158)) - client-2312CCC7CA78: get 27 returns []
2024-01-25 07:57:42,364 [grpc-default-executor-8] DEBUG client.RaftClient (RaftClientImpl.java:newRequest(95)) - attempt #1, newRequest RaftClientRequest:client-2312CCC7CA78->s1@group-796A68A19D2E, cid=27, seq=null, Watch-MAJORITY_COMMITTED(8), null
2024-01-25 07:57:42,365 [grpc-default-executor-8] DEBUG impl.UnorderedAsync (UnorderedAsync.java:sendRequestWithRetry(80)) - client-2312CCC7CA78: attempt #1 send~ RaftClientRequest:client-2312CCC7CA78->s1@group-796A68A19D2E, cid=27, seq=null, Watch-MAJORITY_COMMITTED(8), null
2024-01-25 07:57:42,365 [s1-client-thread2] DEBUG server.RaftServer$Division (LeaderStateImpl.java:addPendingRequest(533)) - s1@group-796A68A19D2E-LeaderStateImpl: addPendingRequest at RaftClientRequest:client-2312CCC7CA78->s1@group-796A68A19D2E, cid=11, seq=7, RW, Message:6d34, entry=(t:2, i:13), STATEMACHINELOGENTRY, 11@client-2312CCC7CA78
2024-01-25 07:57:42,365 [s1@group-796A68A19D2E-LeaderStateImpl] DEBUG impl.WatchRequests (WatchRequests.java:updateIndex(150)) - s1@group-796A68A19D2E-WatchRequests: update MAJORITY index from 10 to 11
2024-01-25 07:57:42,369 [grpc-default-executor-8] DEBUG client.RaftClient (RaftClientImpl.java:get(158)) - client-2312CCC7CA78: get 28 returns []
2024-01-25 07:57:42,369 [grpc-default-executor-8] DEBUG client.RaftClient (RaftClientImpl.java:newRequest(95)) - attempt #1, newRequest RaftClientRequest:client-2312CCC7CA78->s1@group-796A68A19D2E, cid=28, seq=null, Watch-ALL_COMMITTED(8), null
2024-01-25 07:57:42,369 [grpc-default-executor-8] DEBUG impl.UnorderedAsync (UnorderedAsync.java:sendRequestWithRetry(80)) - client-2312CCC7CA78: attempt #1 send~ RaftClientRequest:client-2312CCC7CA78->s1@group-796A68A19D2E, cid=28, seq=null, Watch-ALL_COMMITTED(8), null
2024-01-25 07:57:42,370 [s1-client-thread1] DEBUG server.RaftServer$Division (RaftServerImpl.java:submitClientRequestAsync(880)) - s1@group-796A68A19D2E: receive client request(RaftClientRequest:client-2312CCC7CA78->s1@group-796A68A19D2E, cid=12, seq=8, RW, Message:6d35)
2024-01-25 07:57:42,371 [s0-server-thread1] DEBUG server.RaftServer$Division (RaftServerImpl.java:logAppendEntries(1520)) - s0@group-796A68A19D2E: receive appendEntries(s1, 2, (t:2, i:11), 10, false, commits:[s1:c10, s0:c8, s2:c4], cId:109, entries: [(t:2, i:12), METADATAENTRY(c:10), (t:2, i:13), STATEMACHINELOGENTRY, 11@client-2312CCC7CA78]
2024-01-25 07:57:42,371 [s1-client-thread2] DEBUG server.RaftServer$Division (RaftServerImpl.java:submitClientRequestAsync(880)) - s1@group-796A68A19D2E: receive client request(RaftClientRequest:client-2312CCC7CA78->s1@group-796A68A19D2E, cid=21, seq=null, Watch(7), Message:<EMPTY>)
2024-01-25 07:57:42,371 [s1-client-thread2] DEBUG server.RaftServer$Division (LeaderStateImpl.java:addWatchRequest(552)) - s1@group-796A68A19D2E-LeaderStateImpl: addWatchRequest RaftClientRequest:client-2312CCC7CA78->s1@group-796A68A19D2E, cid=21, seq=null, Watch(7), Message:<EMPTY>
2024-01-25 07:57:42,371 [s1-client-thread2] DEBUG server.RaftServer$Division (RaftServerImpl.java:submitClientRequestAsync(880)) - s1@group-796A68A19D2E: receive client request(RaftClientRequest:client-2312CCC7CA78->s1@group-796A68A19D2E, cid=22, seq=null, Watch-ALL(7), Message:<EMPTY>)
2024-01-25 07:57:42,371 [s1-client-thread2] DEBUG server.RaftServer$Division (LeaderStateImpl.java:addWatchRequest(552)) - s1@group-796A68A19D2E-LeaderStateImpl: addWatchRequest RaftClientRequest:client-2312CCC7CA78->s1@group-796A68A19D2E, cid=22, seq=null, Watch-ALL(7), Message:<EMPTY>
2024-01-25 07:57:42,371 [s1-client-thread1] DEBUG server.RaftServer$Division (LeaderStateImpl.java:addPendingRequest(533)) - s1@group-796A68A19D2E-LeaderStateImpl: addPendingRequest at RaftClientRequest:client-2312CCC7CA78->s1@group-796A68A19D2E, cid=12, seq=8, RW, Message:6d35, entry=(t:2, i:14), STATEMACHINELOGENTRY, 12@client-2312CCC7CA78
2024-01-25 07:57:42,372 [grpc-default-executor-6] DEBUG client.RaftClient (RaftClientImpl.java:add(146)) - client-2312CCC7CA78: add replied callId 10
2024-01-25 07:57:42,372 [grpc-default-executor-6] INFO  grpc.TestWatchRequestWithGrpc (WatchRequestTests.java:lambda$sendRequests$0(113)) - SEND_WATCH: message=m3, logIndex=10
2024-01-25 07:57:42,372 [grpc-default-executor-6] DEBUG client.RaftClient (RaftClientImpl.java:get(158)) - client-2312CCC7CA78: get 29 returns [10]
2024-01-25 07:57:42,372 [grpc-default-executor-6] DEBUG client.RaftClient (RaftClientImpl.java:newRequest(95)) - attempt #1, newRequest RaftClientRequest:client-2312CCC7CA78->s1@group-796A68A19D2E, cid=29, seq=null, Watch(10), null
2024-01-25 07:57:42,372 [grpc-default-executor-6] DEBUG impl.UnorderedAsync (UnorderedAsync.java:sendRequestWithRetry(80)) - client-2312CCC7CA78: attempt #1 send~ RaftClientRequest:client-2312CCC7CA78->s1@group-796A68A19D2E, cid=29, seq=null, Watch(10), null
2024-01-25 07:57:42,372 [grpc-default-executor-6] DEBUG client.RaftClient (RaftClientImpl.java:get(158)) - client-2312CCC7CA78: get 30 returns []
2024-01-25 07:57:42,372 [grpc-default-executor-6] DEBUG client.RaftClient (RaftClientImpl.java:newRequest(95)) - attempt #1, newRequest RaftClientRequest:client-2312CCC7CA78->s1@group-796A68A19D2E, cid=30, seq=null, Watch-ALL(10), null
2024-01-25 07:57:42,372 [grpc-default-executor-6] DEBUG impl.UnorderedAsync (UnorderedAsync.java:sendRequestWithRetry(80)) - client-2312CCC7CA78: attempt #1 send~ RaftClientRequest:client-2312CCC7CA78->s1@group-796A68A19D2E, cid=30, seq=null, Watch-ALL(10), null
2024-01-25 07:57:42,373 [grpc-default-executor-6] DEBUG client.RaftClient (RaftClientImpl.java:get(158)) - client-2312CCC7CA78: get 31 returns []
2024-01-25 07:57:42,373 [grpc-default-executor-6] DEBUG client.RaftClient (RaftClientImpl.java:newRequest(95)) - attempt #1, newRequest RaftClientRequest:client-2312CCC7CA78->s1@group-796A68A19D2E, cid=31, seq=null, Watch-MAJORITY_COMMITTED(10), null
2024-01-25 07:57:42,373 [grpc-default-executor-6] DEBUG impl.UnorderedAsync (UnorderedAsync.java:sendRequestWithRetry(80)) - client-2312CCC7CA78: attempt #1 send~ RaftClientRequest:client-2312CCC7CA78->s1@group-796A68A19D2E, cid=31, seq=null, Watch-MAJORITY_COMMITTED(10), null
2024-01-25 07:57:42,373 [s1-client-thread1] DEBUG server.RaftServer$Division (RaftServerImpl.java:submitClientRequestAsync(880)) - s1@group-796A68A19D2E: receive client request(RaftClientRequest:client-2312CCC7CA78->s1@group-796A68A19D2E, cid=13, seq=9, RW, Message:6d36)
2024-01-25 07:57:42,373 [grpc-default-executor-6] DEBUG client.RaftClient (RaftClientImpl.java:get(158)) - client-2312CCC7CA78: get 32 returns []
2024-01-25 07:57:42,373 [grpc-default-executor-6] DEBUG client.RaftClient (RaftClientImpl.java:newRequest(95)) - attempt #1, newRequest RaftClientRequest:client-2312CCC7CA78->s1@group-796A68A19D2E, cid=32, seq=null, Watch-ALL_COMMITTED(10), null
2024-01-25 07:57:42,373 [grpc-default-executor-6] DEBUG impl.UnorderedAsync (UnorderedAsync.java:sendRequestWithRetry(80)) - client-2312CCC7CA78: attempt #1 send~ RaftClientRequest:client-2312CCC7CA78->s1@group-796A68A19D2E, cid=32, seq=null, Watch-ALL_COMMITTED(10), null
2024-01-25 07:57:42,373 [s1-client-thread1] DEBUG server.RaftServer$Division (LeaderStateImpl.java:addPendingRequest(533)) - s1@group-796A68A19D2E-LeaderStateImpl: addPendingRequest at RaftClientRequest:client-2312CCC7CA78->s1@group-796A68A19D2E, cid=13, seq=9, RW, Message:6d36, entry=(t:2, i:15), STATEMACHINELOGENTRY, 13@client-2312CCC7CA78
2024-01-25 07:57:42,374 [s1-client-thread1] DEBUG server.RaftServer$Division (RaftServerImpl.java:submitClientRequestAsync(880)) - s1@group-796A68A19D2E: receive client request(RaftClientRequest:client-2312CCC7CA78->s1@group-796A68A19D2E, cid=23, seq=null, Watch-MAJORITY_COMMITTED(7), Message:<EMPTY>)
2024-01-25 07:57:42,374 [ForkJoinPool.commonPool-worker-3] DEBUG impl.UnorderedAsync (UnorderedAsync.java:lambda$sendRequestWithRetry$4(83)) - client-2312CCC7CA78: attempt #1 receive~ RaftClientReply:client-2312CCC7CA78->s1@group-796A68A19D2E, cid=21, SUCCESS, logIndex=11, commits[s1:c11, s0:c8, s2:c4]
2024-01-25 07:57:42,374 [s1-client-thread1] DEBUG server.RaftServer$Division (LeaderStateImpl.java:addWatchRequest(552)) - s1@group-796A68A19D2E-LeaderStateImpl: addWatchRequest RaftClientRequest:client-2312CCC7CA78->s1@group-796A68A19D2E, cid=23, seq=null, Watch-MAJORITY_COMMITTED(7), Message:<EMPTY>
2024-01-25 07:57:42,374 [Time-limited test] INFO  grpc.TestWatchRequestWithGrpc (WatchRequestTests.java:get(214)) - majority-Watch(7) returns RaftClientReply:client-2312CCC7CA78->s1@group-796A68A19D2E, cid=21, SUCCESS, logIndex=11, commits[s1:c11, s0:c8, s2:c4]
2024-01-25 07:57:42,375 [s1-client-thread1] DEBUG server.RaftServer$Division (RaftServerImpl.java:submitClientRequestAsync(880)) - s1@group-796A68A19D2E: receive client request(RaftClientRequest:client-2312CCC7CA78->s1@group-796A68A19D2E, cid=14, seq=10, RW, Message:6d37)
2024-01-25 07:57:42,375 [s1-client-thread1] DEBUG server.RaftServer$Division (LeaderStateImpl.java:addPendingRequest(533)) - s1@group-796A68A19D2E-LeaderStateImpl: addPendingRequest at RaftClientRequest:client-2312CCC7CA78->s1@group-796A68A19D2E, cid=14, seq=10, RW, Message:6d37, entry=(t:2, i:16), STATEMACHINELOGENTRY, 14@client-2312CCC7CA78
2024-01-25 07:57:42,375 [s1-client-thread1] DEBUG server.RaftServer$Division (RaftServerImpl.java:submitClientRequestAsync(880)) - s1@group-796A68A19D2E: receive client request(RaftClientRequest:client-2312CCC7CA78->s1@group-796A68A19D2E, cid=15, seq=11, RW, Message:6d38)
2024-01-25 07:57:42,376 [s1-client-thread2] DEBUG server.RaftServer$Division (RaftServerImpl.java:submitClientRequestAsync(880)) - s1@group-796A68A19D2E: receive client request(RaftClientRequest:client-2312CCC7CA78->s1@group-796A68A19D2E, cid=24, seq=null, Watch-ALL_COMMITTED(7), Message:<EMPTY>)
2024-01-25 07:57:42,376 [s1-client-thread2] DEBUG server.RaftServer$Division (LeaderStateImpl.java:addWatchRequest(552)) - s1@group-796A68A19D2E-LeaderStateImpl: addWatchRequest RaftClientRequest:client-2312CCC7CA78->s1@group-796A68A19D2E, cid=24, seq=null, Watch-ALL_COMMITTED(7), Message:<EMPTY>
2024-01-25 07:57:42,376 [s0@group-796A68A19D2E-StateMachineUpdater] INFO  impl.SimpleStateMachine4Testing (SimpleStateMachine4Testing.java:applyTransaction(248)) - applyTransaction for log index 10
2024-01-25 07:57:42,376 [s0-server-thread3] DEBUG server.RaftServer$Division (RaftServerImpl.java:logAppendEntries(1520)) - s0@group-796A68A19D2E: receive appendEntries(s1, 2, (t:2, i:13), 11, false, commits:[s1:c11, s0:c8, s2:c4], cId:112, entries: [(t:2, i:14), STATEMACHINELOGENTRY, 12@client-2312CCC7CA78]
2024-01-25 07:57:42,376 [s1-client-thread1] DEBUG server.RaftServer$Division (LeaderStateImpl.java:addPendingRequest(533)) - s1@group-796A68A19D2E-LeaderStateImpl: addPendingRequest at RaftClientRequest:client-2312CCC7CA78->s1@group-796A68A19D2E, cid=15, seq=11, RW, Message:6d38, entry=(t:2, i:17), STATEMACHINELOGENTRY, 15@client-2312CCC7CA78
2024-01-25 07:57:42,376 [ForkJoinPool.commonPool-worker-3] DEBUG impl.UnorderedAsync (UnorderedAsync.java:lambda$sendRequestWithRetry$4(83)) - client-2312CCC7CA78: attempt #1 receive~ RaftClientReply:client-2312CCC7CA78->s1@group-796A68A19D2E, cid=23, SUCCESS, logIndex=8, commits[s1:c11, s0:c8, s2:c4]
2024-01-25 07:57:42,377 [Time-limited test] INFO  grpc.TestWatchRequestWithGrpc (WatchRequestTests.java:get(214)) - majorityCommitted-Watch(7) returns RaftClientReply:client-2312CCC7CA78->s1@group-796A68A19D2E, cid=23, SUCCESS, logIndex=8, commits[s1:c11, s0:c8, s2:c4]
2024-01-25 07:57:42,377 [s1-client-thread1] DEBUG server.RaftServer$Division (RaftServerImpl.java:submitClientRequestAsync(880)) - s1@group-796A68A19D2E: receive client request(RaftClientRequest:client-2312CCC7CA78->s1@group-796A68A19D2E, cid=25, seq=null, Watch(8), Message:<EMPTY>)
2024-01-25 07:57:42,377 [s1-client-thread2] DEBUG server.RaftServer$Division (RaftServerImpl.java:submitClientRequestAsync(880)) - s1@group-796A68A19D2E: receive client request(RaftClientRequest:client-2312CCC7CA78->s1@group-796A68A19D2E, cid=16, seq=12, RW, Message:6d39)
2024-01-25 07:57:42,377 [s1-client-thread1] DEBUG server.RaftServer$Division (LeaderStateImpl.java:addWatchRequest(552)) - s1@group-796A68A19D2E-LeaderStateImpl: addWatchRequest RaftClientRequest:client-2312CCC7CA78->s1@group-796A68A19D2E, cid=25, seq=null, Watch(8), Message:<EMPTY>
2024-01-25 07:57:42,377 [s1-client-thread2] DEBUG server.RaftServer$Division (LeaderStateImpl.java:addPendingRequest(533)) - s1@group-796A68A19D2E-LeaderStateImpl: addPendingRequest at RaftClientRequest:client-2312CCC7CA78->s1@group-796A68A19D2E, cid=16, seq=12, RW, Message:6d39, entry=(t:2, i:18), STATEMACHINELOGENTRY, 16@client-2312CCC7CA78
2024-01-25 07:57:42,378 [s0-server-thread3] DEBUG server.RaftServer$Division (RaftServerImpl.java:logAppendEntries(1520)) - s0@group-796A68A19D2E: succeeded to handle AppendEntries. Reply: s1<-s0#112:OK-t2,SUCCESS,nextIndex=15,followerCommit=11,matchIndex=14
2024-01-25 07:57:42,376 [s0-server-thread1] DEBUG server.RaftServer$Division (RaftServerImpl.java:logAppendEntries(1520)) - s0@group-796A68A19D2E: succeeded to handle AppendEntries. Reply: s1<-s0#109:OK-t2,SUCCESS,nextIndex=14,followerCommit=10,matchIndex=13
2024-01-25 07:57:42,377 [Time-limited test] INFO  grpc.TestWatchRequestWithGrpc (WatchRequestTests.java:checkMajority(275)) - checkMajority 2: receive RaftClientReply:client-2312CCC7CA78->s1@group-796A68A19D2E, cid=9, SUCCESS, logIndex=8, commits[s1:c8, s0:c6, s2:c4]
2024-01-25 07:57:42,376 [s0@group-796A68A19D2E-StateMachineUpdater] INFO  impl.SimpleStateMachine4Testing (SimpleStateMachine4Testing.java:put(205)) - s0: put 10, m3 -> (t:2, i:10), STATEMACHINELOGENTRY, 10@client-2312CCC7CA78
2024-01-25 07:57:42,378 [s1-client-thread2] DEBUG server.RaftServer$Division (RaftServerImpl.java:submitClientRequestAsync(880)) - s1@group-796A68A19D2E: receive client request(RaftClientRequest:client-2312CCC7CA78->s1@group-796A68A19D2E, cid=26, seq=null, Watch-ALL(8), Message:<EMPTY>)
2024-01-25 07:57:42,378 [s1-client-thread2] DEBUG server.RaftServer$Division (LeaderStateImpl.java:addWatchRequest(552)) - s1@group-796A68A19D2E-LeaderStateImpl: addWatchRequest RaftClientRequest:client-2312CCC7CA78->s1@group-796A68A19D2E, cid=26, seq=null, Watch-ALL(8), Message:<EMPTY>
2024-01-25 07:57:42,379 [ForkJoinPool.commonPool-worker-3] DEBUG impl.UnorderedAsync (UnorderedAsync.java:lambda$sendRequestWithRetry$4(83)) - client-2312CCC7CA78: attempt #1 receive~ RaftClientReply:client-2312CCC7CA78->s1@group-796A68A19D2E, cid=25, SUCCESS, logIndex=11, commits[s1:c11, s0:c8, s2:c4]
2024-01-25 07:57:42,379 [grpc-default-executor-9] DEBUG impl.WatchRequests (WatchRequests.java:updateIndex(150)) - s1@group-796A68A19D2E-WatchRequests: update MAJORITY_COMMITTED index from 8 to 10
2024-01-25 07:57:42,379 [s1@group-796A68A19D2E-LeaderStateImpl] DEBUG impl.WatchRequests (WatchRequests.java:updateIndex(150)) - s1@group-796A68A19D2E-WatchRequests: update MAJORITY index from 11 to 13
2024-01-25 07:57:42,380 [Time-limited test] INFO  grpc.TestWatchRequestWithGrpc (WatchRequestTests.java:get(214)) - majority-Watch(8) returns RaftClientReply:client-2312CCC7CA78->s1@group-796A68A19D2E, cid=25, SUCCESS, logIndex=11, commits[s1:c11, s0:c8, s2:c4]
2024-01-25 07:57:42,380 [s1@group-796A68A19D2E-StateMachineUpdater] INFO  impl.SimpleStateMachine4Testing (SimpleStateMachine4Testing.java:applyTransaction(248)) - applyTransaction for log index 13
2024-01-25 07:57:42,380 [s1@group-796A68A19D2E-StateMachineUpdater] INFO  impl.SimpleStateMachine4Testing (SimpleStateMachine4Testing.java:put(205)) - s1: put 13, m4 -> (t:2, i:13), STATEMACHINELOGENTRY, 11@client-2312CCC7CA78
2024-01-25 07:57:42,380 [s0-server-thread1] DEBUG server.RaftServer$Division (RaftServerImpl.java:logAppendEntries(1520)) - s0@group-796A68A19D2E: receive appendEntries(s1, 2, (t:2, i:14), 11, false, commits:[s1:c11, s0:c8, s2:c4], cId:113, entries: [(t:2, i:15), STATEMACHINELOGENTRY, 13@client-2312CCC7CA78]
2024-01-25 07:57:42,381 [s0-server-thread1] DEBUG server.RaftServer$Division (RaftServerImpl.java:logAppendEntries(1520)) - s0@group-796A68A19D2E: receive appendEntries(s1, 2, (t:2, i:15), 11, false, commits:[s1:c11, s0:c8, s2:c4], cId:114, entries: [(t:2, i:16), STATEMACHINELOGENTRY, 14@client-2312CCC7CA78]
2024-01-25 07:57:42,381 [grpc-default-executor-6] DEBUG impl.WatchRequests (WatchRequests.java:updateIndex(150)) - s1@group-796A68A19D2E-WatchRequests: update MAJORITY_COMMITTED index from 10 to 11
2024-01-25 07:57:42,381 [s1@group-796A68A19D2E-LeaderStateImpl] DEBUG impl.WatchRequests (WatchRequests.java:updateIndex(150)) - s1@group-796A68A19D2E-WatchRequests: update MAJORITY index from 13 to 14
2024-01-25 07:57:42,381 [s0-server-thread3] DEBUG server.RaftServer$Division (RaftServerImpl.java:logAppendEntries(1520)) - s0@group-796A68A19D2E: succeeded to handle AppendEntries. Reply: s1<-s0#113:OK-t2,SUCCESS,nextIndex=16,followerCommit=11,matchIndex=15
2024-01-25 07:57:42,382 [s0-server-thread1] DEBUG server.RaftServer$Division (RaftServerImpl.java:logAppendEntries(1520)) - s0@group-796A68A19D2E: succeeded to handle AppendEntries. Reply: s1<-s0#114:OK-t2,SUCCESS,nextIndex=17,followerCommit=11,matchIndex=16
2024-01-25 07:57:42,382 [s1@group-796A68A19D2E-StateMachineUpdater] INFO  impl.SimpleStateMachine4Testing (SimpleStateMachine4Testing.java:applyTransaction(248)) - applyTransaction for log index 14
2024-01-25 07:57:42,382 [s1@group-796A68A19D2E-StateMachineUpdater] INFO  impl.SimpleStateMachine4Testing (SimpleStateMachine4Testing.java:put(205)) - s1: put 14, m5 -> (t:2, i:14), STATEMACHINELOGENTRY, 12@client-2312CCC7CA78
2024-01-25 07:57:42,383 [s0-server-thread1] DEBUG server.RaftServer$Division (RaftServerImpl.java:logAppendEntries(1520)) - s0@group-796A68A19D2E: receive appendEntries(s1, 2, (t:2, i:16), 11, false, commits:[s1:c11, s0:c8, s2:c4], cId:115, entries: [(t:2, i:17), STATEMACHINELOGENTRY, 15@client-2312CCC7CA78, (t:2, i:18), STATEMACHINELOGENTRY, 16@client-2312CCC7CA78]
2024-01-25 07:57:42,384 [s1-client-thread2] DEBUG server.RaftServer$Division (RaftServerImpl.java:submitClientRequestAsync(880)) - s1@group-796A68A19D2E: receive client request(RaftClientRequest:client-2312CCC7CA78->s1@group-796A68A19D2E, cid=27, seq=null, Watch-MAJORITY_COMMITTED(8), Message:<EMPTY>)
2024-01-25 07:57:42,384 [s1-client-thread2] DEBUG server.RaftServer$Division (LeaderStateImpl.java:addWatchRequest(552)) - s1@group-796A68A19D2E-LeaderStateImpl: addWatchRequest RaftClientRequest:client-2312CCC7CA78->s1@group-796A68A19D2E, cid=27, seq=null, Watch-MAJORITY_COMMITTED(8), Message:<EMPTY>
2024-01-25 07:57:42,385 [s1@group-796A68A19D2E-LeaderStateImpl] DEBUG impl.WatchRequests (WatchRequests.java:updateIndex(150)) - s1@group-796A68A19D2E-WatchRequests: update MAJORITY index from 14 to 15
2024-01-25 07:57:42,385 [s1@group-796A68A19D2E-StateMachineUpdater] INFO  impl.SimpleStateMachine4Testing (SimpleStateMachine4Testing.java:applyTransaction(248)) - applyTransaction for log index 15
2024-01-25 07:57:42,385 [s1@group-796A68A19D2E-StateMachineUpdater] INFO  impl.SimpleStateMachine4Testing (SimpleStateMachine4Testing.java:put(205)) - s1: put 15, m6 -> (t:2, i:15), STATEMACHINELOGENTRY, 13@client-2312CCC7CA78
2024-01-25 07:57:42,386 [s0-server-thread1] DEBUG server.RaftServer$Division (RaftServerImpl.java:logAppendEntries(1520)) - s0@group-796A68A19D2E: receive appendEntries(s1, 2, (t:2, i:18), 13, false, commits:[s1:c13, s0:c10, s2:c4], cId:117, entries: [(t:2, i:19), METADATAENTRY(c:13)]
2024-01-25 07:57:42,386 [s1@group-796A68A19D2E-StateMachineUpdater] INFO  impl.SimpleStateMachine4Testing (SimpleStateMachine4Testing.java:applyTransaction(248)) - applyTransaction for log index 16
2024-01-25 07:57:42,386 [s1@group-796A68A19D2E-StateMachineUpdater] INFO  impl.SimpleStateMachine4Testing (SimpleStateMachine4Testing.java:put(205)) - s1: put 16, m7 -> (t:2, i:16), STATEMACHINELOGENTRY, 14@client-2312CCC7CA78
2024-01-25 07:57:42,386 [grpc-default-executor-9] DEBUG client.RaftClient (RaftClientImpl.java:add(146)) - client-2312CCC7CA78: add replied callId 11
2024-01-25 07:57:42,386 [grpc-default-executor-9] INFO  grpc.TestWatchRequestWithGrpc (WatchRequestTests.java:lambda$sendRequests$0(113)) - SEND_WATCH: message=m4, logIndex=13
2024-01-25 07:57:42,387 [grpc-default-executor-9] DEBUG client.RaftClient (RaftClientImpl.java:get(158)) - client-2312CCC7CA78: get 33 returns [11]
2024-01-25 07:57:42,387 [grpc-default-executor-9] DEBUG client.RaftClient (RaftClientImpl.java:newRequest(95)) - attempt #1, newRequest RaftClientRequest:client-2312CCC7CA78->s1@group-796A68A19D2E, cid=33, seq=null, Watch(13), null
2024-01-25 07:57:42,387 [grpc-default-executor-9] DEBUG impl.UnorderedAsync (UnorderedAsync.java:sendRequestWithRetry(80)) - client-2312CCC7CA78: attempt #1 send~ RaftClientRequest:client-2312CCC7CA78->s1@group-796A68A19D2E, cid=33, seq=null, Watch(13), null
2024-01-25 07:57:42,387 [grpc-default-executor-9] DEBUG client.RaftClient (RaftClientImpl.java:get(158)) - client-2312CCC7CA78: get 34 returns []
2024-01-25 07:57:42,387 [grpc-default-executor-9] DEBUG client.RaftClient (RaftClientImpl.java:newRequest(95)) - attempt #1, newRequest RaftClientRequest:client-2312CCC7CA78->s1@group-796A68A19D2E, cid=34, seq=null, Watch-ALL(13), null
2024-01-25 07:57:42,387 [s1@group-796A68A19D2E-LeaderStateImpl] DEBUG impl.WatchRequests (WatchRequests.java:updateIndex(150)) - s1@group-796A68A19D2E-WatchRequests: update MAJORITY index from 15 to 16
2024-01-25 07:57:42,387 [grpc-default-executor-9] DEBUG impl.UnorderedAsync (UnorderedAsync.java:sendRequestWithRetry(80)) - client-2312CCC7CA78: attempt #1 send~ RaftClientRequest:client-2312CCC7CA78->s1@group-796A68A19D2E, cid=34, seq=null, Watch-ALL(13), null
2024-01-25 07:57:42,387 [grpc-default-executor-9] DEBUG client.RaftClient (RaftClientImpl.java:get(158)) - client-2312CCC7CA78: get 35 returns []
2024-01-25 07:57:42,388 [grpc-default-executor-9] DEBUG client.RaftClient (RaftClientImpl.java:newRequest(95)) - attempt #1, newRequest RaftClientRequest:client-2312CCC7CA78->s1@group-796A68A19D2E, cid=35, seq=null, Watch-MAJORITY_COMMITTED(13), null
2024-01-25 07:57:42,388 [s0@group-796A68A19D2E-StateMachineUpdater] INFO  impl.SimpleStateMachine4Testing (SimpleStateMachine4Testing.java:applyTransaction(248)) - applyTransaction for log index 13
2024-01-25 07:57:42,388 [s0-server-thread1] DEBUG server.RaftServer$Division (RaftServerImpl.java:logAppendEntries(1520)) - s0@group-796A68A19D2E: succeeded to handle AppendEntries. Reply: s1<-s0#115:OK-t2,SUCCESS,nextIndex=19,followerCommit=13,matchIndex=18
2024-01-25 07:57:42,388 [s0-server-thread3] DEBUG server.RaftServer$Division (RaftServerImpl.java:logAppendEntries(1520)) - s0@group-796A68A19D2E: succeeded to handle AppendEntries. Reply: s1<-s0#117:OK-t2,SUCCESS,nextIndex=20,followerCommit=13,matchIndex=19
2024-01-25 07:57:42,388 [s0@group-796A68A19D2E-StateMachineUpdater] INFO  impl.SimpleStateMachine4Testing (SimpleStateMachine4Testing.java:put(205)) - s0: put 13, m4 -> (t:2, i:13), STATEMACHINELOGENTRY, 11@client-2312CCC7CA78
2024-01-25 07:57:42,388 [grpc-default-executor-9] DEBUG impl.UnorderedAsync (UnorderedAsync.java:sendRequestWithRetry(80)) - client-2312CCC7CA78: attempt #1 send~ RaftClientRequest:client-2312CCC7CA78->s1@group-796A68A19D2E, cid=35, seq=null, Watch-MAJORITY_COMMITTED(13), null
2024-01-25 07:57:42,388 [ForkJoinPool.commonPool-worker-3] DEBUG impl.UnorderedAsync (UnorderedAsync.java:lambda$sendRequestWithRetry$4(83)) - client-2312CCC7CA78: attempt #1 receive~ RaftClientReply:client-2312CCC7CA78->s1@group-796A68A19D2E, cid=27, SUCCESS, logIndex=11, commits[s1:c14, s0:c11, s2:c4]
2024-01-25 07:57:42,388 [grpc-default-executor-9] DEBUG client.RaftClient (RaftClientImpl.java:get(158)) - client-2312CCC7CA78: get 36 returns []
2024-01-25 07:57:42,388 [Time-limited test] INFO  grpc.TestWatchRequestWithGrpc (WatchRequestTests.java:get(214)) - majorityCommitted-Watch(8) returns RaftClientReply:client-2312CCC7CA78->s1@group-796A68A19D2E, cid=27, SUCCESS, logIndex=11, commits[s1:c14, s0:c11, s2:c4]
2024-01-25 07:57:42,389 [grpc-default-executor-9] DEBUG client.RaftClient (RaftClientImpl.java:newRequest(95)) - attempt #1, newRequest RaftClientRequest:client-2312CCC7CA78->s1@group-796A68A19D2E, cid=36, seq=null, Watch-ALL_COMMITTED(13), null
2024-01-25 07:57:42,389 [Time-limited test] INFO  grpc.TestWatchRequestWithGrpc (WatchRequestTests.java:checkMajority(275)) - checkMajority 3: receive RaftClientReply:client-2312CCC7CA78->s1@group-796A68A19D2E, cid=10, SUCCESS, logIndex=10, commits[s1:c10, s0:c7, s2:c4]
2024-01-25 07:57:42,389 [grpc-default-executor-9] DEBUG impl.UnorderedAsync (UnorderedAsync.java:sendRequestWithRetry(80)) - client-2312CCC7CA78: attempt #1 send~ RaftClientRequest:client-2312CCC7CA78->s1@group-796A68A19D2E, cid=36, seq=null, Watch-ALL_COMMITTED(13), null
2024-01-25 07:57:42,389 [s1-client-thread2] DEBUG server.RaftServer$Division (RaftServerImpl.java:submitClientRequestAsync(880)) - s1@group-796A68A19D2E: receive client request(RaftClientRequest:client-2312CCC7CA78->s1@group-796A68A19D2E, cid=28, seq=null, Watch-ALL_COMMITTED(8), Message:<EMPTY>)
2024-01-25 07:57:42,389 [s1-client-thread2] DEBUG server.RaftServer$Division (LeaderStateImpl.java:addWatchRequest(552)) - s1@group-796A68A19D2E-LeaderStateImpl: addWatchRequest RaftClientRequest:client-2312CCC7CA78->s1@group-796A68A19D2E, cid=28, seq=null, Watch-ALL_COMMITTED(8), Message:<EMPTY>
2024-01-25 07:57:42,390 [s1-client-thread2] DEBUG server.RaftServer$Division (RaftServerImpl.java:submitClientRequestAsync(880)) - s1@group-796A68A19D2E: receive client request(RaftClientRequest:client-2312CCC7CA78->s1@group-796A68A19D2E, cid=29, seq=null, Watch(10), Message:<EMPTY>)
2024-01-25 07:57:42,390 [s1-client-thread2] DEBUG server.RaftServer$Division (LeaderStateImpl.java:addWatchRequest(552)) - s1@group-796A68A19D2E-LeaderStateImpl: addWatchRequest RaftClientRequest:client-2312CCC7CA78->s1@group-796A68A19D2E, cid=29, seq=null, Watch(10), Message:<EMPTY>
2024-01-25 07:57:42,390 [grpc-default-executor-6] DEBUG impl.WatchRequests (WatchRequests.java:updateIndex(150)) - s1@group-796A68A19D2E-WatchRequests: update MAJORITY_COMMITTED index from 11 to 13
2024-01-25 07:57:42,390 [s0-server-thread3] DEBUG server.RaftServer$Division (RaftServerImpl.java:logAppendEntries(1520)) - s0@group-796A68A19D2E: receive appendEntries(s1, 2, (t:2, i:19), 14, false, commits:[s1:c14, s0:c11, s2:c4], cId:119, entries: [(t:2, i:20), METADATAENTRY(c:14)]
2024-01-25 07:57:42,391 [s1@group-796A68A19D2E-LeaderStateImpl] DEBUG impl.WatchRequests (WatchRequests.java:updateIndex(150)) - s1@group-796A68A19D2E-WatchRequests: update MAJORITY index from 16 to 18
2024-01-25 07:57:42,391 [grpc-default-executor-6] DEBUG client.RaftClient (RaftClientImpl.java:add(146)) - client-2312CCC7CA78: add replied callId 12
2024-01-25 07:57:42,391 [grpc-default-executor-6] INFO  grpc.TestWatchRequestWithGrpc (WatchRequestTests.java:lambda$sendRequests$0(113)) - SEND_WATCH: message=m5, logIndex=14
2024-01-25 07:57:42,391 [s0-server-thread3] DEBUG server.RaftServer$Division (RaftServerImpl.java:logAppendEntries(1520)) - s0@group-796A68A19D2E: succeeded to handle AppendEntries. Reply: s1<-s0#119:OK-t2,SUCCESS,nextIndex=21,followerCommit=14,matchIndex=20
2024-01-25 07:57:42,391 [s1@group-796A68A19D2E-StateMachineUpdater] INFO  impl.SimpleStateMachine4Testing (SimpleStateMachine4Testing.java:applyTransaction(248)) - applyTransaction for log index 17
2024-01-25 07:57:42,391 [grpc-default-executor-6] DEBUG client.RaftClient (RaftClientImpl.java:get(158)) - client-2312CCC7CA78: get 37 returns [12]
2024-01-25 07:57:42,391 [grpc-default-executor-6] DEBUG client.RaftClient (RaftClientImpl.java:newRequest(95)) - attempt #1, newRequest RaftClientRequest:client-2312CCC7CA78->s1@group-796A68A19D2E, cid=37, seq=null, Watch(14), null
2024-01-25 07:57:42,391 [grpc-default-executor-6] DEBUG impl.UnorderedAsync (UnorderedAsync.java:sendRequestWithRetry(80)) - client-2312CCC7CA78: attempt #1 send~ RaftClientRequest:client-2312CCC7CA78->s1@group-796A68A19D2E, cid=37, seq=null, Watch(14), null
2024-01-25 07:57:42,392 [grpc-default-executor-6] DEBUG client.RaftClient (RaftClientImpl.java:get(158)) - client-2312CCC7CA78: get 38 returns []
2024-01-25 07:57:42,392 [grpc-default-executor-6] DEBUG client.RaftClient (RaftClientImpl.java:newRequest(95)) - attempt #1, newRequest RaftClientRequest:client-2312CCC7CA78->s1@group-796A68A19D2E, cid=38, seq=null, Watch-ALL(14), null
2024-01-25 07:57:42,392 [grpc-default-executor-6] DEBUG impl.UnorderedAsync (UnorderedAsync.java:sendRequestWithRetry(80)) - client-2312CCC7CA78: attempt #1 send~ RaftClientRequest:client-2312CCC7CA78->s1@group-796A68A19D2E, cid=38, seq=null, Watch-ALL(14), null
2024-01-25 07:57:42,392 [grpc-default-executor-6] DEBUG client.RaftClient (RaftClientImpl.java:get(158)) - client-2312CCC7CA78: get 39 returns []
2024-01-25 07:57:42,392 [grpc-default-executor-6] DEBUG client.RaftClient (RaftClientImpl.java:newRequest(95)) - attempt #1, newRequest RaftClientRequest:client-2312CCC7CA78->s1@group-796A68A19D2E, cid=39, seq=null, Watch-MAJORITY_COMMITTED(14), null
2024-01-25 07:57:42,392 [grpc-default-executor-6] DEBUG impl.UnorderedAsync (UnorderedAsync.java:sendRequestWithRetry(80)) - client-2312CCC7CA78: attempt #1 send~ RaftClientRequest:client-2312CCC7CA78->s1@group-796A68A19D2E, cid=39, seq=null, Watch-MAJORITY_COMMITTED(14), null
2024-01-25 07:57:42,392 [grpc-default-executor-6] DEBUG client.RaftClient (RaftClientImpl.java:get(158)) - client-2312CCC7CA78: get 40 returns []
2024-01-25 07:57:42,393 [grpc-default-executor-6] DEBUG client.RaftClient (RaftClientImpl.java:newRequest(95)) - attempt #1, newRequest RaftClientRequest:client-2312CCC7CA78->s1@group-796A68A19D2E, cid=40, seq=null, Watch-ALL_COMMITTED(14), null
2024-01-25 07:57:42,393 [grpc-default-executor-6] DEBUG impl.UnorderedAsync (UnorderedAsync.java:sendRequestWithRetry(80)) - client-2312CCC7CA78: attempt #1 send~ RaftClientRequest:client-2312CCC7CA78->s1@group-796A68A19D2E, cid=40, seq=null, Watch-ALL_COMMITTED(14), null
2024-01-25 07:57:42,391 [s1@group-796A68A19D2E-StateMachineUpdater] INFO  impl.SimpleStateMachine4Testing (SimpleStateMachine4Testing.java:put(205)) - s1: put 17, m8 -> (t:2, i:17), STATEMACHINELOGENTRY, 15@client-2312CCC7CA78
2024-01-25 07:57:42,391 [s0@group-796A68A19D2E-StateMachineUpdater] INFO  impl.SimpleStateMachine4Testing (SimpleStateMachine4Testing.java:applyTransaction(248)) - applyTransaction for log index 14
2024-01-25 07:57:42,393 [s0@group-796A68A19D2E-StateMachineUpdater] INFO  impl.SimpleStateMachine4Testing (SimpleStateMachine4Testing.java:put(205)) - s0: put 14, m5 -> (t:2, i:14), STATEMACHINELOGENTRY, 12@client-2312CCC7CA78
2024-01-25 07:57:42,393 [s1@group-796A68A19D2E-StateMachineUpdater] INFO  impl.SimpleStateMachine4Testing (SimpleStateMachine4Testing.java:applyTransaction(248)) - applyTransaction for log index 18
2024-01-25 07:57:42,393 [s1@group-796A68A19D2E-StateMachineUpdater] INFO  impl.SimpleStateMachine4Testing (SimpleStateMachine4Testing.java:put(205)) - s1: put 18, m9 -> (t:2, i:18), STATEMACHINELOGENTRY, 16@client-2312CCC7CA78
2024-01-25 07:57:42,394 [s1-client-thread2] DEBUG server.RaftServer$Division (RaftServerImpl.java:submitClientRequestAsync(880)) - s1@group-796A68A19D2E: receive client request(RaftClientRequest:client-2312CCC7CA78->s1@group-796A68A19D2E, cid=30, seq=null, Watch-ALL(10), Message:<EMPTY>)
2024-01-25 07:57:42,392 [s1@group-796A68A19D2E-LeaderStateImpl] DEBUG impl.WatchRequests (WatchRequests.java:updateIndex(150)) - s1@group-796A68A19D2E-WatchRequests: update MAJORITY index from 18 to 19
2024-01-25 07:57:42,394 [s1-client-thread2] DEBUG server.RaftServer$Division (LeaderStateImpl.java:addWatchRequest(552)) - s1@group-796A68A19D2E-LeaderStateImpl: addWatchRequest RaftClientRequest:client-2312CCC7CA78->s1@group-796A68A19D2E, cid=30, seq=null, Watch-ALL(10), Message:<EMPTY>
2024-01-25 07:57:42,394 [s1-client-thread2] DEBUG server.RaftServer$Division (RaftServerImpl.java:submitClientRequestAsync(880)) - s1@group-796A68A19D2E: receive client request(RaftClientRequest:client-2312CCC7CA78->s1@group-796A68A19D2E, cid=31, seq=null, Watch-MAJORITY_COMMITTED(10), Message:<EMPTY>)
2024-01-25 07:57:42,395 [s1-client-thread2] DEBUG server.RaftServer$Division (LeaderStateImpl.java:addWatchRequest(552)) - s1@group-796A68A19D2E-LeaderStateImpl: addWatchRequest RaftClientRequest:client-2312CCC7CA78->s1@group-796A68A19D2E, cid=31, seq=null, Watch-MAJORITY_COMMITTED(10), Message:<EMPTY>
2024-01-25 07:57:42,395 [s0-server-thread3] DEBUG server.RaftServer$Division (RaftServerImpl.java:logAppendEntries(1520)) - s0@group-796A68A19D2E: receive appendEntries(s1, 2, (t:2, i:20), 15, false, commits:[s1:c15, s0:c11, s2:c4], cId:120, entries: [(t:2, i:21), METADATAENTRY(c:15)]
2024-01-25 07:57:42,395 [s1-client-thread2] DEBUG server.RaftServer$Division (RaftServerImpl.java:submitClientRequestAsync(880)) - s1@group-796A68A19D2E: receive client request(RaftClientRequest:client-2312CCC7CA78->s1@group-796A68A19D2E, cid=32, seq=null, Watch-ALL_COMMITTED(10), Message:<EMPTY>)
2024-01-25 07:57:42,395 [ForkJoinPool.commonPool-worker-3] DEBUG impl.UnorderedAsync (UnorderedAsync.java:lambda$sendRequestWithRetry$4(83)) - client-2312CCC7CA78: attempt #1 receive~ RaftClientReply:client-2312CCC7CA78->s1@group-796A68A19D2E, cid=29, SUCCESS, logIndex=16, commits[s1:c16, s0:c11, s2:c4]
2024-01-25 07:57:42,395 [Time-limited test] INFO  grpc.TestWatchRequestWithGrpc (WatchRequestTests.java:get(214)) - majority-Watch(10) returns RaftClientReply:client-2312CCC7CA78->s1@group-796A68A19D2E, cid=29, SUCCESS, logIndex=16, commits[s1:c16, s0:c11, s2:c4]
2024-01-25 07:57:42,395 [s1-client-thread2] DEBUG server.RaftServer$Division (LeaderStateImpl.java:addWatchRequest(552)) - s1@group-796A68A19D2E-LeaderStateImpl: addWatchRequest RaftClientRequest:client-2312CCC7CA78->s1@group-796A68A19D2E, cid=32, seq=null, Watch-ALL_COMMITTED(10), Message:<EMPTY>
2024-01-25 07:57:42,396 [s0-server-thread3] DEBUG server.RaftServer$Division (RaftServerImpl.java:logAppendEntries(1520)) - s0@group-796A68A19D2E: succeeded to handle AppendEntries. Reply: s1<-s0#120:OK-t2,SUCCESS,nextIndex=22,followerCommit=15,matchIndex=21
2024-01-25 07:57:42,396 [s0@group-796A68A19D2E-StateMachineUpdater] INFO  impl.SimpleStateMachine4Testing (SimpleStateMachine4Testing.java:applyTransaction(248)) - applyTransaction for log index 15
2024-01-25 07:57:42,396 [s0@group-796A68A19D2E-StateMachineUpdater] INFO  impl.SimpleStateMachine4Testing (SimpleStateMachine4Testing.java:put(205)) - s0: put 15, m6 -> (t:2, i:15), STATEMACHINELOGENTRY, 13@client-2312CCC7CA78
2024-01-25 07:57:42,396 [grpc-default-executor-8] DEBUG impl.WatchRequests (WatchRequests.java:updateIndex(150)) - s1@group-796A68A19D2E-WatchRequests: update MAJORITY_COMMITTED index from 13 to 14
2024-01-25 07:57:42,397 [s1@group-796A68A19D2E-LeaderStateImpl] DEBUG impl.WatchRequests (WatchRequests.java:updateIndex(150)) - s1@group-796A68A19D2E-WatchRequests: update MAJORITY index from 19 to 20
2024-01-25 07:57:42,397 [s0-server-thread3] DEBUG server.RaftServer$Division (RaftServerImpl.java:logAppendEntries(1520)) - s0@group-796A68A19D2E: receive appendEntries(s1, 2, (t:2, i:21), 16, false, commits:[s1:c16, s0:c11, s2:c4], cId:122, entries: [(t:2, i:22), METADATAENTRY(c:16)]
2024-01-25 07:57:42,396 [grpc-default-executor-6] DEBUG client.RaftClient (RaftClientImpl.java:add(146)) - client-2312CCC7CA78: add replied callId 13
2024-01-25 07:57:42,397 [ForkJoinPool.commonPool-worker-3] DEBUG impl.UnorderedAsync (UnorderedAsync.java:lambda$sendRequestWithRetry$4(83)) - client-2312CCC7CA78: attempt #1 receive~ RaftClientReply:client-2312CCC7CA78->s1@group-796A68A19D2E, cid=31, SUCCESS, logIndex=13, commits[s1:c19, s0:c13, s2:c4]
2024-01-25 07:57:42,397 [grpc-default-executor-6] INFO  grpc.TestWatchRequestWithGrpc (WatchRequestTests.java:lambda$sendRequests$0(113)) - SEND_WATCH: message=m6, logIndex=15
2024-01-25 07:57:42,398 [s0@group-796A68A19D2E-StateMachineUpdater] INFO  impl.SimpleStateMachine4Testing (SimpleStateMachine4Testing.java:applyTransaction(248)) - applyTransaction for log index 16
2024-01-25 07:57:42,398 [s0@group-796A68A19D2E-StateMachineUpdater] INFO  impl.SimpleStateMachine4Testing (SimpleStateMachine4Testing.java:put(205)) - s0: put 16, m7 -> (t:2, i:16), STATEMACHINELOGENTRY, 14@client-2312CCC7CA78
2024-01-25 07:57:42,398 [grpc-default-executor-7] DEBUG impl.WatchRequests (WatchRequests.java:updateIndex(150)) - s1@group-796A68A19D2E-WatchRequests: update MAJORITY_COMMITTED index from 14 to 15
2024-01-25 07:57:42,398 [s1@group-796A68A19D2E-LeaderStateImpl] DEBUG impl.WatchRequests (WatchRequests.java:updateIndex(150)) - s1@group-796A68A19D2E-WatchRequests: update MAJORITY index from 20 to 21
2024-01-25 07:57:42,397 [s0-server-thread3] DEBUG server.RaftServer$Division (RaftServerImpl.java:logAppendEntries(1520)) - s0@group-796A68A19D2E: succeeded to handle AppendEntries. Reply: s1<-s0#122:OK-t2,SUCCESS,nextIndex=23,followerCommit=16,matchIndex=22
2024-01-25 07:57:42,397 [Time-limited test] INFO  grpc.TestWatchRequestWithGrpc (WatchRequestTests.java:get(214)) - majorityCommitted-Watch(10) returns RaftClientReply:client-2312CCC7CA78->s1@group-796A68A19D2E, cid=31, SUCCESS, logIndex=13, commits[s1:c19, s0:c13, s2:c4]
2024-01-25 07:57:42,399 [Time-limited test] INFO  grpc.TestWatchRequestWithGrpc (WatchRequestTests.java:checkMajority(275)) - checkMajority 4: receive RaftClientReply:client-2312CCC7CA78->s1@group-796A68A19D2E, cid=11, SUCCESS, logIndex=13, commits[s1:c13, s0:c10, s2:c4]
2024-01-25 07:57:42,398 [grpc-default-executor-6] DEBUG client.RaftClient (RaftClientImpl.java:get(158)) - client-2312CCC7CA78: get 41 returns [13]
2024-01-25 07:57:42,399 [s0-server-thread3] DEBUG server.RaftServer$Division (RaftServerImpl.java:logAppendEntries(1520)) - s0@group-796A68A19D2E: receive appendEntries(s1, 2, (t:2, i:22), 18, false, commits:[s1:c18, s0:c13, s2:c4], cId:123, entries: [(t:2, i:23), METADATAENTRY(c:18)]
2024-01-25 07:57:42,399 [grpc-default-executor-6] DEBUG client.RaftClient (RaftClientImpl.java:newRequest(95)) - attempt #1, newRequest RaftClientRequest:client-2312CCC7CA78->s1@group-796A68A19D2E, cid=41, seq=null, Watch(15), null
2024-01-25 07:57:42,399 [grpc-default-executor-6] DEBUG impl.UnorderedAsync (UnorderedAsync.java:sendRequestWithRetry(80)) - client-2312CCC7CA78: attempt #1 send~ RaftClientRequest:client-2312CCC7CA78->s1@group-796A68A19D2E, cid=41, seq=null, Watch(15), null
2024-01-25 07:57:42,399 [grpc-default-executor-6] DEBUG client.RaftClient (RaftClientImpl.java:get(158)) - client-2312CCC7CA78: get 42 returns []
2024-01-25 07:57:42,399 [grpc-default-executor-6] DEBUG client.RaftClient (RaftClientImpl.java:newRequest(95)) - attempt #1, newRequest RaftClientRequest:client-2312CCC7CA78->s1@group-796A68A19D2E, cid=42, seq=null, Watch-ALL(15), null
2024-01-25 07:57:42,400 [s0@group-796A68A19D2E-StateMachineUpdater] INFO  impl.SimpleStateMachine4Testing (SimpleStateMachine4Testing.java:applyTransaction(248)) - applyTransaction for log index 17
2024-01-25 07:57:42,400 [s0@group-796A68A19D2E-StateMachineUpdater] INFO  impl.SimpleStateMachine4Testing (SimpleStateMachine4Testing.java:put(205)) - s0: put 17, m8 -> (t:2, i:17), STATEMACHINELOGENTRY, 15@client-2312CCC7CA78
2024-01-25 07:57:42,400 [s1-client-thread2] DEBUG server.RaftServer$Division (RaftServerImpl.java:submitClientRequestAsync(880)) - s1@group-796A68A19D2E: receive client request(RaftClientRequest:client-2312CCC7CA78->s1@group-796A68A19D2E, cid=33, seq=null, Watch(13), Message:<EMPTY>)
2024-01-25 07:57:42,400 [s0@group-796A68A19D2E-StateMachineUpdater] INFO  impl.SimpleStateMachine4Testing (SimpleStateMachine4Testing.java:applyTransaction(248)) - applyTransaction for log index 18
2024-01-25 07:57:42,400 [s1-client-thread2] DEBUG server.RaftServer$Division (LeaderStateImpl.java:addWatchRequest(552)) - s1@group-796A68A19D2E-LeaderStateImpl: addWatchRequest RaftClientRequest:client-2312CCC7CA78->s1@group-796A68A19D2E, cid=33, seq=null, Watch(13), Message:<EMPTY>
2024-01-25 07:57:42,400 [s0@group-796A68A19D2E-StateMachineUpdater] INFO  impl.SimpleStateMachine4Testing (SimpleStateMachine4Testing.java:put(205)) - s0: put 18, m9 -> (t:2, i:18), STATEMACHINELOGENTRY, 16@client-2312CCC7CA78
2024-01-25 07:57:42,399 [s0-server-thread3] DEBUG server.RaftServer$Division (RaftServerImpl.java:logAppendEntries(1520)) - s0@group-796A68A19D2E: succeeded to handle AppendEntries. Reply: s1<-s0#123:OK-t2,SUCCESS,nextIndex=24,followerCommit=18,matchIndex=23
2024-01-25 07:57:42,400 [grpc-default-executor-6] DEBUG impl.UnorderedAsync (UnorderedAsync.java:sendRequestWithRetry(80)) - client-2312CCC7CA78: attempt #1 send~ RaftClientRequest:client-2312CCC7CA78->s1@group-796A68A19D2E, cid=42, seq=null, Watch-ALL(15), null
2024-01-25 07:57:42,401 [grpc-default-executor-6] DEBUG client.RaftClient (RaftClientImpl.java:get(158)) - client-2312CCC7CA78: get 43 returns []
2024-01-25 07:57:42,401 [grpc-default-executor-0] DEBUG impl.WatchRequests (WatchRequests.java:updateIndex(150)) - s1@group-796A68A19D2E-WatchRequests: update MAJORITY_COMMITTED index from 15 to 16
2024-01-25 07:57:42,401 [s1@group-796A68A19D2E-LeaderStateImpl] DEBUG impl.WatchRequests (WatchRequests.java:updateIndex(150)) - s1@group-796A68A19D2E-WatchRequests: update MAJORITY index from 21 to 22
2024-01-25 07:57:42,401 [grpc-default-executor-6] DEBUG client.RaftClient (RaftClientImpl.java:newRequest(95)) - attempt #1, newRequest RaftClientRequest:client-2312CCC7CA78->s1@group-796A68A19D2E, cid=43, seq=null, Watch-MAJORITY_COMMITTED(15), null
2024-01-25 07:57:42,401 [s1-client-thread2] DEBUG server.RaftServer$Division (RaftServerImpl.java:submitClientRequestAsync(880)) - s1@group-796A68A19D2E: receive client request(RaftClientRequest:client-2312CCC7CA78->s1@group-796A68A19D2E, cid=34, seq=null, Watch-ALL(13), Message:<EMPTY>)
2024-01-25 07:57:42,401 [grpc-default-executor-6] DEBUG impl.UnorderedAsync (UnorderedAsync.java:sendRequestWithRetry(80)) - client-2312CCC7CA78: attempt #1 send~ RaftClientRequest:client-2312CCC7CA78->s1@group-796A68A19D2E, cid=43, seq=null, Watch-MAJORITY_COMMITTED(15), null
2024-01-25 07:57:42,401 [s1-client-thread2] DEBUG server.RaftServer$Division (LeaderStateImpl.java:addWatchRequest(552)) - s1@group-796A68A19D2E-LeaderStateImpl: addWatchRequest RaftClientRequest:client-2312CCC7CA78->s1@group-796A68A19D2E, cid=34, seq=null, Watch-ALL(13), Message:<EMPTY>
2024-01-25 07:57:42,402 [grpc-default-executor-6] DEBUG client.RaftClient (RaftClientImpl.java:get(158)) - client-2312CCC7CA78: get 44 returns []
2024-01-25 07:57:42,402 [grpc-default-executor-6] DEBUG client.RaftClient (RaftClientImpl.java:newRequest(95)) - attempt #1, newRequest RaftClientRequest:client-2312CCC7CA78->s1@group-796A68A19D2E, cid=44, seq=null, Watch-ALL_COMMITTED(15), null
2024-01-25 07:57:42,402 [s1-client-thread2] DEBUG server.RaftServer$Division (RaftServerImpl.java:submitClientRequestAsync(880)) - s1@group-796A68A19D2E: receive client request(RaftClientRequest:client-2312CCC7CA78->s1@group-796A68A19D2E, cid=35, seq=null, Watch-MAJORITY_COMMITTED(13), Message:<EMPTY>)
2024-01-25 07:57:42,402 [grpc-default-executor-0] DEBUG impl.WatchRequests (WatchRequests.java:updateIndex(150)) - s1@group-796A68A19D2E-WatchRequests: update MAJORITY_COMMITTED index from 16 to 18
2024-01-25 07:57:42,402 [s1-client-thread2] DEBUG server.RaftServer$Division (LeaderStateImpl.java:addWatchRequest(552)) - s1@group-796A68A19D2E-LeaderStateImpl: addWatchRequest RaftClientRequest:client-2312CCC7CA78->s1@group-796A68A19D2E, cid=35, seq=null, Watch-MAJORITY_COMMITTED(13), Message:<EMPTY>
2024-01-25 07:57:42,402 [grpc-default-executor-6] DEBUG impl.UnorderedAsync (UnorderedAsync.java:sendRequestWithRetry(80)) - client-2312CCC7CA78: attempt #1 send~ RaftClientRequest:client-2312CCC7CA78->s1@group-796A68A19D2E, cid=44, seq=null, Watch-ALL_COMMITTED(15), null
2024-01-25 07:57:42,403 [s1@group-796A68A19D2E-LeaderStateImpl] DEBUG impl.WatchRequests (WatchRequests.java:updateIndex(150)) - s1@group-796A68A19D2E-WatchRequests: update MAJORITY index from 22 to 23
2024-01-25 07:57:42,404 [ForkJoinPool.commonPool-worker-3] DEBUG impl.UnorderedAsync (UnorderedAsync.java:lambda$sendRequestWithRetry$4(83)) - client-2312CCC7CA78: attempt #1 receive~ RaftClientReply:client-2312CCC7CA78->s1@group-796A68A19D2E, cid=33, SUCCESS, logIndex=21, commits[s1:c21, s0:c15, s2:c4]
2024-01-25 07:57:42,404 [Time-limited test] INFO  grpc.TestWatchRequestWithGrpc (WatchRequestTests.java:get(214)) - majority-Watch(13) returns RaftClientReply:client-2312CCC7CA78->s1@group-796A68A19D2E, cid=33, SUCCESS, logIndex=21, commits[s1:c21, s0:c15, s2:c4]
2024-01-25 07:57:42,404 [s1-client-thread2] DEBUG server.RaftServer$Division (RaftServerImpl.java:submitClientRequestAsync(880)) - s1@group-796A68A19D2E: receive client request(RaftClientRequest:client-2312CCC7CA78->s1@group-796A68A19D2E, cid=36, seq=null, Watch-ALL_COMMITTED(13), Message:<EMPTY>)
2024-01-25 07:57:42,404 [s1-client-thread2] DEBUG server.RaftServer$Division (LeaderStateImpl.java:addWatchRequest(552)) - s1@group-796A68A19D2E-LeaderStateImpl: addWatchRequest RaftClientRequest:client-2312CCC7CA78->s1@group-796A68A19D2E, cid=36, seq=null, Watch-ALL_COMMITTED(13), Message:<EMPTY>
2024-01-25 07:57:42,404 [ForkJoinPool.commonPool-worker-3] DEBUG impl.UnorderedAsync (UnorderedAsync.java:lambda$sendRequestWithRetry$4(83)) - client-2312CCC7CA78: attempt #1 receive~ RaftClientReply:client-2312CCC7CA78->s1@group-796A68A19D2E, cid=35, SUCCESS, logIndex=18, commits[s1:c23, s0:c18, s2:c4]
2024-01-25 07:57:42,405 [Time-limited test] INFO  grpc.TestWatchRequestWithGrpc (WatchRequestTests.java:get(214)) - majorityCommitted-Watch(13) returns RaftClientReply:client-2312CCC7CA78->s1@group-796A68A19D2E, cid=35, SUCCESS, logIndex=18, commits[s1:c23, s0:c18, s2:c4]
2024-01-25 07:57:42,405 [Time-limited test] INFO  grpc.TestWatchRequestWithGrpc (WatchRequestTests.java:checkMajority(275)) - checkMajority 5: receive RaftClientReply:client-2312CCC7CA78->s1@group-796A68A19D2E, cid=12, SUCCESS, logIndex=14, commits[s1:c14, s0:c11, s2:c4]
2024-01-25 07:57:42,405 [s1-client-thread2] DEBUG server.RaftServer$Division (RaftServerImpl.java:submitClientRequestAsync(880)) - s1@group-796A68A19D2E: receive client request(RaftClientRequest:client-2312CCC7CA78->s1@group-796A68A19D2E, cid=37, seq=null, Watch(14), Message:<EMPTY>)
2024-01-25 07:57:42,406 [s1-client-thread2] DEBUG server.RaftServer$Division (LeaderStateImpl.java:addWatchRequest(552)) - s1@group-796A68A19D2E-LeaderStateImpl: addWatchRequest RaftClientRequest:client-2312CCC7CA78->s1@group-796A68A19D2E, cid=37, seq=null, Watch(14), Message:<EMPTY>
2024-01-25 07:57:42,406 [s1-client-thread2] DEBUG server.RaftServer$Division (RaftServerImpl.java:submitClientRequestAsync(880)) - s1@group-796A68A19D2E: receive client request(RaftClientRequest:client-2312CCC7CA78->s1@group-796A68A19D2E, cid=38, seq=null, Watch-ALL(14), Message:<EMPTY>)
2024-01-25 07:57:42,407 [s1-client-thread2] DEBUG server.RaftServer$Division (LeaderStateImpl.java:addWatchRequest(552)) - s1@group-796A68A19D2E-LeaderStateImpl: addWatchRequest RaftClientRequest:client-2312CCC7CA78->s1@group-796A68A19D2E, cid=38, seq=null, Watch-ALL(14), Message:<EMPTY>
2024-01-25 07:57:42,407 [s1-client-thread2] DEBUG server.RaftServer$Division (RaftServerImpl.java:submitClientRequestAsync(880)) - s1@group-796A68A19D2E: receive client request(RaftClientRequest:client-2312CCC7CA78->s1@group-796A68A19D2E, cid=39, seq=null, Watch-MAJORITY_COMMITTED(14), Message:<EMPTY>)
2024-01-25 07:57:42,408 [s1-client-thread2] DEBUG server.RaftServer$Division (LeaderStateImpl.java:addWatchRequest(552)) - s1@group-796A68A19D2E-LeaderStateImpl: addWatchRequest RaftClientRequest:client-2312CCC7CA78->s1@group-796A68A19D2E, cid=39, seq=null, Watch-MAJORITY_COMMITTED(14), Message:<EMPTY>
2024-01-25 07:57:42,405 [grpc-default-executor-6] DEBUG client.RaftClient (RaftClientImpl.java:add(146)) - client-2312CCC7CA78: add replied callId 14
2024-01-25 07:57:42,408 [grpc-default-executor-6] INFO  grpc.TestWatchRequestWithGrpc (WatchRequestTests.java:lambda$sendRequests$0(113)) - SEND_WATCH: message=m7, logIndex=16
2024-01-25 07:57:42,408 [ForkJoinPool.commonPool-worker-3] DEBUG impl.UnorderedAsync (UnorderedAsync.java:lambda$sendRequestWithRetry$4(83)) - client-2312CCC7CA78: attempt #1 receive~ RaftClientReply:client-2312CCC7CA78->s1@group-796A68A19D2E, cid=37, SUCCESS, logIndex=23, commits[s1:c23, s0:c18, s2:c4]
2024-01-25 07:57:42,408 [grpc-default-executor-6] DEBUG client.RaftClient (RaftClientImpl.java:get(158)) - client-2312CCC7CA78: get 45 returns [14]
2024-01-25 07:57:42,409 [Time-limited test] INFO  grpc.TestWatchRequestWithGrpc (WatchRequestTests.java:get(214)) - majority-Watch(14) returns RaftClientReply:client-2312CCC7CA78->s1@group-796A68A19D2E, cid=37, SUCCESS, logIndex=23, commits[s1:c23, s0:c18, s2:c4]
2024-01-25 07:57:42,408 [s1-client-thread2] DEBUG server.RaftServer$Division (RaftServerImpl.java:submitClientRequestAsync(880)) - s1@group-796A68A19D2E: receive client request(RaftClientRequest:client-2312CCC7CA78->s1@group-796A68A19D2E, cid=40, seq=null, Watch-ALL_COMMITTED(14), Message:<EMPTY>)
2024-01-25 07:57:42,409 [grpc-default-executor-6] DEBUG client.RaftClient (RaftClientImpl.java:newRequest(95)) - attempt #1, newRequest RaftClientRequest:client-2312CCC7CA78->s1@group-796A68A19D2E, cid=45, seq=null, Watch(16), null
2024-01-25 07:57:42,409 [ForkJoinPool.commonPool-worker-3] DEBUG impl.UnorderedAsync (UnorderedAsync.java:lambda$sendRequestWithRetry$4(83)) - client-2312CCC7CA78: attempt #1 receive~ RaftClientReply:client-2312CCC7CA78->s1@group-796A68A19D2E, cid=39, SUCCESS, logIndex=18, commits[s1:c23, s0:c18, s2:c4]
2024-01-25 07:57:42,410 [grpc-default-executor-6] DEBUG impl.UnorderedAsync (UnorderedAsync.java:sendRequestWithRetry(80)) - client-2312CCC7CA78: attempt #1 send~ RaftClientRequest:client-2312CCC7CA78->s1@group-796A68A19D2E, cid=45, seq=null, Watch(16), null
2024-01-25 07:57:42,410 [grpc-default-executor-6] DEBUG client.RaftClient (RaftClientImpl.java:get(158)) - client-2312CCC7CA78: get 46 returns []
2024-01-25 07:57:42,410 [grpc-default-executor-6] DEBUG client.RaftClient (RaftClientImpl.java:newRequest(95)) - attempt #1, newRequest RaftClientRequest:client-2312CCC7CA78->s1@group-796A68A19D2E, cid=46, seq=null, Watch-ALL(16), null
2024-01-25 07:57:42,410 [grpc-default-executor-6] DEBUG impl.UnorderedAsync (UnorderedAsync.java:sendRequestWithRetry(80)) - client-2312CCC7CA78: attempt #1 send~ RaftClientRequest:client-2312CCC7CA78->s1@group-796A68A19D2E, cid=46, seq=null, Watch-ALL(16), null
2024-01-25 07:57:42,409 [s1-client-thread2] DEBUG server.RaftServer$Division (LeaderStateImpl.java:addWatchRequest(552)) - s1@group-796A68A19D2E-LeaderStateImpl: addWatchRequest RaftClientRequest:client-2312CCC7CA78->s1@group-796A68A19D2E, cid=40, seq=null, Watch-ALL_COMMITTED(14), Message:<EMPTY>
2024-01-25 07:57:42,411 [Time-limited test] INFO  grpc.TestWatchRequestWithGrpc (WatchRequestTests.java:get(214)) - majorityCommitted-Watch(14) returns RaftClientReply:client-2312CCC7CA78->s1@group-796A68A19D2E, cid=39, SUCCESS, logIndex=18, commits[s1:c23, s0:c18, s2:c4]
2024-01-25 07:57:42,411 [Time-limited test] INFO  grpc.TestWatchRequestWithGrpc (WatchRequestTests.java:checkMajority(275)) - checkMajority 6: receive RaftClientReply:client-2312CCC7CA78->s1@group-796A68A19D2E, cid=13, SUCCESS, logIndex=15, commits[s1:c15, s0:c11, s2:c4]
2024-01-25 07:57:42,411 [grpc-default-executor-6] DEBUG client.RaftClient (RaftClientImpl.java:get(158)) - client-2312CCC7CA78: get 47 returns []
2024-01-25 07:57:42,411 [grpc-default-executor-6] DEBUG client.RaftClient (RaftClientImpl.java:newRequest(95)) - attempt #1, newRequest RaftClientRequest:client-2312CCC7CA78->s1@group-796A68A19D2E, cid=47, seq=null, Watch-MAJORITY_COMMITTED(16), null
2024-01-25 07:57:42,411 [grpc-default-executor-6] DEBUG impl.UnorderedAsync (UnorderedAsync.java:sendRequestWithRetry(80)) - client-2312CCC7CA78: attempt #1 send~ RaftClientRequest:client-2312CCC7CA78->s1@group-796A68A19D2E, cid=47, seq=null, Watch-MAJORITY_COMMITTED(16), null
2024-01-25 07:57:42,412 [grpc-default-executor-6] DEBUG client.RaftClient (RaftClientImpl.java:get(158)) - client-2312CCC7CA78: get 48 returns []
2024-01-25 07:57:42,412 [grpc-default-executor-6] DEBUG client.RaftClient (RaftClientImpl.java:newRequest(95)) - attempt #1, newRequest RaftClientRequest:client-2312CCC7CA78->s1@group-796A68A19D2E, cid=48, seq=null, Watch-ALL_COMMITTED(16), null
2024-01-25 07:57:42,412 [grpc-default-executor-6] DEBUG impl.UnorderedAsync (UnorderedAsync.java:sendRequestWithRetry(80)) - client-2312CCC7CA78: attempt #1 send~ RaftClientRequest:client-2312CCC7CA78->s1@group-796A68A19D2E, cid=48, seq=null, Watch-ALL_COMMITTED(16), null
2024-01-25 07:57:42,413 [grpc-default-executor-6] DEBUG client.RaftClient (RaftClientImpl.java:add(146)) - client-2312CCC7CA78: add replied callId 15
2024-01-25 07:57:42,413 [grpc-default-executor-6] INFO  grpc.TestWatchRequestWithGrpc (WatchRequestTests.java:lambda$sendRequests$0(113)) - SEND_WATCH: message=m8, logIndex=17
2024-01-25 07:57:42,413 [grpc-default-executor-6] DEBUG client.RaftClient (RaftClientImpl.java:get(158)) - client-2312CCC7CA78: get 49 returns [15]
2024-01-25 07:57:42,413 [grpc-default-executor-6] DEBUG client.RaftClient (RaftClientImpl.java:newRequest(95)) - attempt #1, newRequest RaftClientRequest:client-2312CCC7CA78->s1@group-796A68A19D2E, cid=49, seq=null, Watch(17), null
2024-01-25 07:57:42,414 [grpc-default-executor-6] DEBUG impl.UnorderedAsync (UnorderedAsync.java:sendRequestWithRetry(80)) - client-2312CCC7CA78: attempt #1 send~ RaftClientRequest:client-2312CCC7CA78->s1@group-796A68A19D2E, cid=49, seq=null, Watch(17), null
2024-01-25 07:57:42,414 [grpc-default-executor-6] DEBUG client.RaftClient (RaftClientImpl.java:get(158)) - client-2312CCC7CA78: get 50 returns []
2024-01-25 07:57:42,414 [grpc-default-executor-6] DEBUG client.RaftClient (RaftClientImpl.java:newRequest(95)) - attempt #1, newRequest RaftClientRequest:client-2312CCC7CA78->s1@group-796A68A19D2E, cid=50, seq=null, Watch-ALL(17), null
2024-01-25 07:57:42,414 [grpc-default-executor-6] DEBUG impl.UnorderedAsync (UnorderedAsync.java:sendRequestWithRetry(80)) - client-2312CCC7CA78: attempt #1 send~ RaftClientRequest:client-2312CCC7CA78->s1@group-796A68A19D2E, cid=50, seq=null, Watch-ALL(17), null
2024-01-25 07:57:42,414 [grpc-default-executor-6] DEBUG client.RaftClient (RaftClientImpl.java:get(158)) - client-2312CCC7CA78: get 51 returns []
2024-01-25 07:57:42,414 [s1-client-thread2] DEBUG server.RaftServer$Division (RaftServerImpl.java:submitClientRequestAsync(880)) - s1@group-796A68A19D2E: receive client request(RaftClientRequest:client-2312CCC7CA78->s1@group-796A68A19D2E, cid=41, seq=null, Watch(15), Message:<EMPTY>)
2024-01-25 07:57:42,415 [grpc-default-executor-6] DEBUG client.RaftClient (RaftClientImpl.java:newRequest(95)) - attempt #1, newRequest RaftClientRequest:client-2312CCC7CA78->s1@group-796A68A19D2E, cid=51, seq=null, Watch-MAJORITY_COMMITTED(17), null
2024-01-25 07:57:42,415 [s1-client-thread2] DEBUG server.RaftServer$Division (LeaderStateImpl.java:addWatchRequest(552)) - s1@group-796A68A19D2E-LeaderStateImpl: addWatchRequest RaftClientRequest:client-2312CCC7CA78->s1@group-796A68A19D2E, cid=41, seq=null, Watch(15), Message:<EMPTY>
2024-01-25 07:57:42,415 [grpc-default-executor-6] DEBUG impl.UnorderedAsync (UnorderedAsync.java:sendRequestWithRetry(80)) - client-2312CCC7CA78: attempt #1 send~ RaftClientRequest:client-2312CCC7CA78->s1@group-796A68A19D2E, cid=51, seq=null, Watch-MAJORITY_COMMITTED(17), null
2024-01-25 07:57:42,415 [s1-client-thread2] DEBUG server.RaftServer$Division (RaftServerImpl.java:submitClientRequestAsync(880)) - s1@group-796A68A19D2E: receive client request(RaftClientRequest:client-2312CCC7CA78->s1@group-796A68A19D2E, cid=42, seq=null, Watch-ALL(15), Message:<EMPTY>)
2024-01-25 07:57:42,415 [grpc-default-executor-6] DEBUG client.RaftClient (RaftClientImpl.java:get(158)) - client-2312CCC7CA78: get 52 returns []
2024-01-25 07:57:42,415 [s1-client-thread2] DEBUG server.RaftServer$Division (LeaderStateImpl.java:addWatchRequest(552)) - s1@group-796A68A19D2E-LeaderStateImpl: addWatchRequest RaftClientRequest:client-2312CCC7CA78->s1@group-796A68A19D2E, cid=42, seq=null, Watch-ALL(15), Message:<EMPTY>
2024-01-25 07:57:42,416 [ForkJoinPool.commonPool-worker-3] DEBUG impl.UnorderedAsync (UnorderedAsync.java:lambda$sendRequestWithRetry$4(83)) - client-2312CCC7CA78: attempt #1 receive~ RaftClientReply:client-2312CCC7CA78->s1@group-796A68A19D2E, cid=41, SUCCESS, logIndex=23, commits[s1:c23, s0:c18, s2:c4]
2024-01-25 07:57:42,415 [grpc-default-executor-6] DEBUG client.RaftClient (RaftClientImpl.java:newRequest(95)) - attempt #1, newRequest RaftClientRequest:client-2312CCC7CA78->s1@group-796A68A19D2E, cid=52, seq=null, Watch-ALL_COMMITTED(17), null
2024-01-25 07:57:42,416 [s1-client-thread2] DEBUG server.RaftServer$Division (RaftServerImpl.java:submitClientRequestAsync(880)) - s1@group-796A68A19D2E: receive client request(RaftClientRequest:client-2312CCC7CA78->s1@group-796A68A19D2E, cid=43, seq=null, Watch-MAJORITY_COMMITTED(15), Message:<EMPTY>)
2024-01-25 07:57:42,416 [Time-limited test] INFO  grpc.TestWatchRequestWithGrpc (WatchRequestTests.java:get(214)) - majority-Watch(15) returns RaftClientReply:client-2312CCC7CA78->s1@group-796A68A19D2E, cid=41, SUCCESS, logIndex=23, commits[s1:c23, s0:c18, s2:c4]
2024-01-25 07:57:42,416 [grpc-default-executor-6] DEBUG impl.UnorderedAsync (UnorderedAsync.java:sendRequestWithRetry(80)) - client-2312CCC7CA78: attempt #1 send~ RaftClientRequest:client-2312CCC7CA78->s1@group-796A68A19D2E, cid=52, seq=null, Watch-ALL_COMMITTED(17), null
2024-01-25 07:57:42,416 [s1-client-thread2] DEBUG server.RaftServer$Division (LeaderStateImpl.java:addWatchRequest(552)) - s1@group-796A68A19D2E-LeaderStateImpl: addWatchRequest RaftClientRequest:client-2312CCC7CA78->s1@group-796A68A19D2E, cid=43, seq=null, Watch-MAJORITY_COMMITTED(15), Message:<EMPTY>
2024-01-25 07:57:42,417 [s1-client-thread2] DEBUG server.RaftServer$Division (RaftServerImpl.java:submitClientRequestAsync(880)) - s1@group-796A68A19D2E: receive client request(RaftClientRequest:client-2312CCC7CA78->s1@group-796A68A19D2E, cid=44, seq=null, Watch-ALL_COMMITTED(15), Message:<EMPTY>)
2024-01-25 07:57:42,417 [s1-client-thread2] DEBUG server.RaftServer$Division (LeaderStateImpl.java:addWatchRequest(552)) - s1@group-796A68A19D2E-LeaderStateImpl: addWatchRequest RaftClientRequest:client-2312CCC7CA78->s1@group-796A68A19D2E, cid=44, seq=null, Watch-ALL_COMMITTED(15), Message:<EMPTY>
2024-01-25 07:57:42,417 [s1-client-thread2] DEBUG server.RaftServer$Division (RaftServerImpl.java:submitClientRequestAsync(880)) - s1@group-796A68A19D2E: receive client request(RaftClientRequest:client-2312CCC7CA78->s1@group-796A68A19D2E, cid=45, seq=null, Watch(16), Message:<EMPTY>)
2024-01-25 07:57:42,418 [s1-client-thread2] DEBUG server.RaftServer$Division (LeaderStateImpl.java:addWatchRequest(552)) - s1@group-796A68A19D2E-LeaderStateImpl: addWatchRequest RaftClientRequest:client-2312CCC7CA78->s1@group-796A68A19D2E, cid=45, seq=null, Watch(16), Message:<EMPTY>
2024-01-25 07:57:42,418 [ForkJoinPool.commonPool-worker-3] DEBUG impl.UnorderedAsync (UnorderedAsync.java:lambda$sendRequestWithRetry$4(83)) - client-2312CCC7CA78: attempt #1 receive~ RaftClientReply:client-2312CCC7CA78->s1@group-796A68A19D2E, cid=43, SUCCESS, logIndex=18, commits[s1:c23, s0:c18, s2:c4]
2024-01-25 07:57:42,418 [Time-limited test] INFO  grpc.TestWatchRequestWithGrpc (WatchRequestTests.java:get(214)) - majorityCommitted-Watch(15) returns RaftClientReply:client-2312CCC7CA78->s1@group-796A68A19D2E, cid=43, SUCCESS, logIndex=18, commits[s1:c23, s0:c18, s2:c4]
2024-01-25 07:57:42,418 [Time-limited test] INFO  grpc.TestWatchRequestWithGrpc (WatchRequestTests.java:checkMajority(275)) - checkMajority 7: receive RaftClientReply:client-2312CCC7CA78->s1@group-796A68A19D2E, cid=14, SUCCESS, logIndex=16, commits[s1:c16, s0:c11, s2:c4]
2024-01-25 07:57:42,419 [grpc-default-executor-0] DEBUG client.RaftClient (RaftClientImpl.java:add(146)) - client-2312CCC7CA78: add replied callId 16
2024-01-25 07:57:42,419 [grpc-default-executor-0] INFO  grpc.TestWatchRequestWithGrpc (WatchRequestTests.java:lambda$sendRequests$0(113)) - SEND_WATCH: message=m9, logIndex=18
2024-01-25 07:57:42,419 [ForkJoinPool.commonPool-worker-3] DEBUG impl.UnorderedAsync (UnorderedAsync.java:lambda$sendRequestWithRetry$4(83)) - client-2312CCC7CA78: attempt #1 receive~ RaftClientReply:client-2312CCC7CA78->s1@group-796A68A19D2E, cid=45, SUCCESS, logIndex=23, commits[s1:c23, s0:c18, s2:c4]
2024-01-25 07:57:42,419 [grpc-default-executor-0] DEBUG client.RaftClient (RaftClientImpl.java:get(158)) - client-2312CCC7CA78: get 53 returns [16]
2024-01-25 07:57:42,419 [Time-limited test] INFO  grpc.TestWatchRequestWithGrpc (WatchRequestTests.java:get(214)) - majority-Watch(16) returns RaftClientReply:client-2312CCC7CA78->s1@group-796A68A19D2E, cid=45, SUCCESS, logIndex=23, commits[s1:c23, s0:c18, s2:c4]
2024-01-25 07:57:42,419 [s1-client-thread2] DEBUG server.RaftServer$Division (RaftServerImpl.java:submitClientRequestAsync(880)) - s1@group-796A68A19D2E: receive client request(RaftClientRequest:client-2312CCC7CA78->s1@group-796A68A19D2E, cid=46, seq=null, Watch-ALL(16), Message:<EMPTY>)
2024-01-25 07:57:42,419 [grpc-default-executor-0] DEBUG client.RaftClient (RaftClientImpl.java:newRequest(95)) - attempt #1, newRequest RaftClientRequest:client-2312CCC7CA78->s1@group-796A68A19D2E, cid=53, seq=null, Watch(18), null
2024-01-25 07:57:42,419 [grpc-default-executor-0] DEBUG impl.UnorderedAsync (UnorderedAsync.java:sendRequestWithRetry(80)) - client-2312CCC7CA78: attempt #1 send~ RaftClientRequest:client-2312CCC7CA78->s1@group-796A68A19D2E, cid=53, seq=null, Watch(18), null
2024-01-25 07:57:42,419 [grpc-default-executor-0] DEBUG client.RaftClient (RaftClientImpl.java:get(158)) - client-2312CCC7CA78: get 54 returns []
2024-01-25 07:57:42,420 [grpc-default-executor-0] DEBUG client.RaftClient (RaftClientImpl.java:newRequest(95)) - attempt #1, newRequest RaftClientRequest:client-2312CCC7CA78->s1@group-796A68A19D2E, cid=54, seq=null, Watch-ALL(18), null
2024-01-25 07:57:42,420 [grpc-default-executor-0] DEBUG impl.UnorderedAsync (UnorderedAsync.java:sendRequestWithRetry(80)) - client-2312CCC7CA78: attempt #1 send~ RaftClientRequest:client-2312CCC7CA78->s1@group-796A68A19D2E, cid=54, seq=null, Watch-ALL(18), null
2024-01-25 07:57:42,420 [grpc-default-executor-0] DEBUG client.RaftClient (RaftClientImpl.java:get(158)) - client-2312CCC7CA78: get 55 returns []
2024-01-25 07:57:42,420 [grpc-default-executor-0] DEBUG client.RaftClient (RaftClientImpl.java:newRequest(95)) - attempt #1, newRequest RaftClientRequest:client-2312CCC7CA78->s1@group-796A68A19D2E, cid=55, seq=null, Watch-MAJORITY_COMMITTED(18), null
2024-01-25 07:57:42,420 [grpc-default-executor-0] DEBUG impl.UnorderedAsync (UnorderedAsync.java:sendRequestWithRetry(80)) - client-2312CCC7CA78: attempt #1 send~ RaftClientRequest:client-2312CCC7CA78->s1@group-796A68A19D2E, cid=55, seq=null, Watch-MAJORITY_COMMITTED(18), null
2024-01-25 07:57:42,420 [s1-client-thread2] DEBUG server.RaftServer$Division (LeaderStateImpl.java:addWatchRequest(552)) - s1@group-796A68A19D2E-LeaderStateImpl: addWatchRequest RaftClientRequest:client-2312CCC7CA78->s1@group-796A68A19D2E, cid=46, seq=null, Watch-ALL(16), Message:<EMPTY>
2024-01-25 07:57:42,421 [grpc-default-executor-0] DEBUG client.RaftClient (RaftClientImpl.java:get(158)) - client-2312CCC7CA78: get 56 returns []
2024-01-25 07:57:42,421 [grpc-default-executor-0] DEBUG client.RaftClient (RaftClientImpl.java:newRequest(95)) - attempt #1, newRequest RaftClientRequest:client-2312CCC7CA78->s1@group-796A68A19D2E, cid=56, seq=null, Watch-ALL_COMMITTED(18), null
2024-01-25 07:57:42,421 [grpc-default-executor-0] DEBUG impl.UnorderedAsync (UnorderedAsync.java:sendRequestWithRetry(80)) - client-2312CCC7CA78: attempt #1 send~ RaftClientRequest:client-2312CCC7CA78->s1@group-796A68A19D2E, cid=56, seq=null, Watch-ALL_COMMITTED(18), null
2024-01-25 07:57:42,422 [s1-client-thread2] DEBUG server.RaftServer$Division (RaftServerImpl.java:submitClientRequestAsync(880)) - s1@group-796A68A19D2E: receive client request(RaftClientRequest:client-2312CCC7CA78->s1@group-796A68A19D2E, cid=47, seq=null, Watch-MAJORITY_COMMITTED(16), Message:<EMPTY>)
2024-01-25 07:57:42,422 [s1-client-thread2] DEBUG server.RaftServer$Division (LeaderStateImpl.java:addWatchRequest(552)) - s1@group-796A68A19D2E-LeaderStateImpl: addWatchRequest RaftClientRequest:client-2312CCC7CA78->s1@group-796A68A19D2E, cid=47, seq=null, Watch-MAJORITY_COMMITTED(16), Message:<EMPTY>
2024-01-25 07:57:42,423 [s1-client-thread2] DEBUG server.RaftServer$Division (RaftServerImpl.java:submitClientRequestAsync(880)) - s1@group-796A68A19D2E: receive client request(RaftClientRequest:client-2312CCC7CA78->s1@group-796A68A19D2E, cid=48, seq=null, Watch-ALL_COMMITTED(16), Message:<EMPTY>)
2024-01-25 07:57:42,423 [ForkJoinPool.commonPool-worker-3] DEBUG impl.UnorderedAsync (UnorderedAsync.java:lambda$sendRequestWithRetry$4(83)) - client-2312CCC7CA78: attempt #1 receive~ RaftClientReply:client-2312CCC7CA78->s1@group-796A68A19D2E, cid=47, SUCCESS, logIndex=18, commits[s1:c23, s0:c18, s2:c4]
2024-01-25 07:57:42,423 [Time-limited test] INFO  grpc.TestWatchRequestWithGrpc (WatchRequestTests.java:get(214)) - majorityCommitted-Watch(16) returns RaftClientReply:client-2312CCC7CA78->s1@group-796A68A19D2E, cid=47, SUCCESS, logIndex=18, commits[s1:c23, s0:c18, s2:c4]
2024-01-25 07:57:42,423 [s1-client-thread2] DEBUG server.RaftServer$Division (LeaderStateImpl.java:addWatchRequest(552)) - s1@group-796A68A19D2E-LeaderStateImpl: addWatchRequest RaftClientRequest:client-2312CCC7CA78->s1@group-796A68A19D2E, cid=48, seq=null, Watch-ALL_COMMITTED(16), Message:<EMPTY>
2024-01-25 07:57:42,423 [Time-limited test] INFO  grpc.TestWatchRequestWithGrpc (WatchRequestTests.java:checkMajority(275)) - checkMajority 8: receive RaftClientReply:client-2312CCC7CA78->s1@group-796A68A19D2E, cid=15, SUCCESS, logIndex=17, commits[s1:c19, s0:c13, s2:c4]
2024-01-25 07:57:42,424 [s1-client-thread2] DEBUG server.RaftServer$Division (RaftServerImpl.java:submitClientRequestAsync(880)) - s1@group-796A68A19D2E: receive client request(RaftClientRequest:client-2312CCC7CA78->s1@group-796A68A19D2E, cid=49, seq=null, Watch(17), Message:<EMPTY>)
2024-01-25 07:57:42,424 [s1-client-thread2] DEBUG server.RaftServer$Division (LeaderStateImpl.java:addWatchRequest(552)) - s1@group-796A68A19D2E-LeaderStateImpl: addWatchRequest RaftClientRequest:client-2312CCC7CA78->s1@group-796A68A19D2E, cid=49, seq=null, Watch(17), Message:<EMPTY>
2024-01-25 07:57:42,424 [s1-client-thread2] DEBUG server.RaftServer$Division (RaftServerImpl.java:submitClientRequestAsync(880)) - s1@group-796A68A19D2E: receive client request(RaftClientRequest:client-2312CCC7CA78->s1@group-796A68A19D2E, cid=50, seq=null, Watch-ALL(17), Message:<EMPTY>)
2024-01-25 07:57:42,425 [ForkJoinPool.commonPool-worker-3] DEBUG impl.UnorderedAsync (UnorderedAsync.java:lambda$sendRequestWithRetry$4(83)) - client-2312CCC7CA78: attempt #1 receive~ RaftClientReply:client-2312CCC7CA78->s1@group-796A68A19D2E, cid=49, SUCCESS, logIndex=23, commits[s1:c23, s0:c18, s2:c4]
2024-01-25 07:57:42,425 [Time-limited test] INFO  grpc.TestWatchRequestWithGrpc (WatchRequestTests.java:get(214)) - majority-Watch(17) returns RaftClientReply:client-2312CCC7CA78->s1@group-796A68A19D2E, cid=49, SUCCESS, logIndex=23, commits[s1:c23, s0:c18, s2:c4]
2024-01-25 07:57:42,425 [s1-client-thread2] DEBUG server.RaftServer$Division (LeaderStateImpl.java:addWatchRequest(552)) - s1@group-796A68A19D2E-LeaderStateImpl: addWatchRequest RaftClientRequest:client-2312CCC7CA78->s1@group-796A68A19D2E, cid=50, seq=null, Watch-ALL(17), Message:<EMPTY>
2024-01-25 07:57:42,426 [s1-client-thread2] DEBUG server.RaftServer$Division (RaftServerImpl.java:submitClientRequestAsync(880)) - s1@group-796A68A19D2E: receive client request(RaftClientRequest:client-2312CCC7CA78->s1@group-796A68A19D2E, cid=51, seq=null, Watch-MAJORITY_COMMITTED(17), Message:<EMPTY>)
2024-01-25 07:57:42,426 [s1-client-thread2] DEBUG server.RaftServer$Division (LeaderStateImpl.java:addWatchRequest(552)) - s1@group-796A68A19D2E-LeaderStateImpl: addWatchRequest RaftClientRequest:client-2312CCC7CA78->s1@group-796A68A19D2E, cid=51, seq=null, Watch-MAJORITY_COMMITTED(17), Message:<EMPTY>
2024-01-25 07:57:42,426 [s1-client-thread2] DEBUG server.RaftServer$Division (RaftServerImpl.java:submitClientRequestAsync(880)) - s1@group-796A68A19D2E: receive client request(RaftClientRequest:client-2312CCC7CA78->s1@group-796A68A19D2E, cid=52, seq=null, Watch-ALL_COMMITTED(17), Message:<EMPTY>)
2024-01-25 07:57:42,426 [s1-client-thread2] DEBUG server.RaftServer$Division (LeaderStateImpl.java:addWatchRequest(552)) - s1@group-796A68A19D2E-LeaderStateImpl: addWatchRequest RaftClientRequest:client-2312CCC7CA78->s1@group-796A68A19D2E, cid=52, seq=null, Watch-ALL_COMMITTED(17), Message:<EMPTY>
2024-01-25 07:57:42,427 [s1-client-thread2] DEBUG server.RaftServer$Division (RaftServerImpl.java:submitClientRequestAsync(880)) - s1@group-796A68A19D2E: receive client request(RaftClientRequest:client-2312CCC7CA78->s1@group-796A68A19D2E, cid=53, seq=null, Watch(18), Message:<EMPTY>)
2024-01-25 07:57:42,427 [s1-client-thread2] DEBUG server.RaftServer$Division (LeaderStateImpl.java:addWatchRequest(552)) - s1@group-796A68A19D2E-LeaderStateImpl: addWatchRequest RaftClientRequest:client-2312CCC7CA78->s1@group-796A68A19D2E, cid=53, seq=null, Watch(18), Message:<EMPTY>
2024-01-25 07:57:42,427 [ForkJoinPool.commonPool-worker-3] DEBUG impl.UnorderedAsync (UnorderedAsync.java:lambda$sendRequestWithRetry$4(83)) - client-2312CCC7CA78: attempt #1 receive~ RaftClientReply:client-2312CCC7CA78->s1@group-796A68A19D2E, cid=51, SUCCESS, logIndex=18, commits[s1:c23, s0:c18, s2:c4]
2024-01-25 07:57:42,428 [Time-limited test] INFO  grpc.TestWatchRequestWithGrpc (WatchRequestTests.java:get(214)) - majorityCommitted-Watch(17) returns RaftClientReply:client-2312CCC7CA78->s1@group-796A68A19D2E, cid=51, SUCCESS, logIndex=18, commits[s1:c23, s0:c18, s2:c4]
2024-01-25 07:57:42,428 [Time-limited test] INFO  grpc.TestWatchRequestWithGrpc (WatchRequestTests.java:checkMajority(275)) - checkMajority 9: receive RaftClientReply:client-2312CCC7CA78->s1@group-796A68A19D2E, cid=16, SUCCESS, logIndex=18, commits[s1:c19, s0:c13, s2:c4]
2024-01-25 07:57:42,428 [s1-client-thread2] DEBUG server.RaftServer$Division (RaftServerImpl.java:submitClientRequestAsync(880)) - s1@group-796A68A19D2E: receive client request(RaftClientRequest:client-2312CCC7CA78->s1@group-796A68A19D2E, cid=54, seq=null, Watch-ALL(18), Message:<EMPTY>)
2024-01-25 07:57:42,428 [s1-client-thread2] DEBUG server.RaftServer$Division (LeaderStateImpl.java:addWatchRequest(552)) - s1@group-796A68A19D2E-LeaderStateImpl: addWatchRequest RaftClientRequest:client-2312CCC7CA78->s1@group-796A68A19D2E, cid=54, seq=null, Watch-ALL(18), Message:<EMPTY>
2024-01-25 07:57:42,428 [ForkJoinPool.commonPool-worker-3] DEBUG impl.UnorderedAsync (UnorderedAsync.java:lambda$sendRequestWithRetry$4(83)) - client-2312CCC7CA78: attempt #1 receive~ RaftClientReply:client-2312CCC7CA78->s1@group-796A68A19D2E, cid=53, SUCCESS, logIndex=23, commits[s1:c23, s0:c18, s2:c4]
2024-01-25 07:57:42,428 [Time-limited test] INFO  grpc.TestWatchRequestWithGrpc (WatchRequestTests.java:get(214)) - majority-Watch(18) returns RaftClientReply:client-2312CCC7CA78->s1@group-796A68A19D2E, cid=53, SUCCESS, logIndex=23, commits[s1:c23, s0:c18, s2:c4]
2024-01-25 07:57:42,429 [s1-client-thread2] DEBUG server.RaftServer$Division (RaftServerImpl.java:submitClientRequestAsync(880)) - s1@group-796A68A19D2E: receive client request(RaftClientRequest:client-2312CCC7CA78->s1@group-796A68A19D2E, cid=55, seq=null, Watch-MAJORITY_COMMITTED(18), Message:<EMPTY>)
2024-01-25 07:57:42,429 [s1-client-thread2] DEBUG server.RaftServer$Division (LeaderStateImpl.java:addWatchRequest(552)) - s1@group-796A68A19D2E-LeaderStateImpl: addWatchRequest RaftClientRequest:client-2312CCC7CA78->s1@group-796A68A19D2E, cid=55, seq=null, Watch-MAJORITY_COMMITTED(18), Message:<EMPTY>
2024-01-25 07:57:42,429 [s1-client-thread2] DEBUG server.RaftServer$Division (RaftServerImpl.java:submitClientRequestAsync(880)) - s1@group-796A68A19D2E: receive client request(RaftClientRequest:client-2312CCC7CA78->s1@group-796A68A19D2E, cid=56, seq=null, Watch-ALL_COMMITTED(18), Message:<EMPTY>)
2024-01-25 07:57:42,429 [s1-client-thread2] DEBUG server.RaftServer$Division (LeaderStateImpl.java:addWatchRequest(552)) - s1@group-796A68A19D2E-LeaderStateImpl: addWatchRequest RaftClientRequest:client-2312CCC7CA78->s1@group-796A68A19D2E, cid=56, seq=null, Watch-ALL_COMMITTED(18), Message:<EMPTY>
2024-01-25 07:57:42,429 [ForkJoinPool.commonPool-worker-3] DEBUG impl.UnorderedAsync (UnorderedAsync.java:lambda$sendRequestWithRetry$4(83)) - client-2312CCC7CA78: attempt #1 receive~ RaftClientReply:client-2312CCC7CA78->s1@group-796A68A19D2E, cid=55, SUCCESS, logIndex=18, commits[s1:c23, s0:c18, s2:c4]
2024-01-25 07:57:42,430 [Time-limited test] INFO  grpc.TestWatchRequestWithGrpc (WatchRequestTests.java:get(214)) - majorityCommitted-Watch(18) returns RaftClientReply:client-2312CCC7CA78->s1@group-796A68A19D2E, cid=55, SUCCESS, logIndex=18, commits[s1:c23, s0:c18, s2:c4]
2024-01-25 07:57:42,481 [grpc-default-executor-10] DEBUG impl.WatchRequests (WatchRequests.java:updateIndex(150)) - s1@group-796A68A19D2E-WatchRequests: update MAJORITY_COMMITTED index from 18 to 23
2024-01-25 07:57:42,632 [Timer-0] INFO  impl.MiniRaftCluster (MiniRaftCluster.java:lambda$null$7(348)) - TIMED-PRINT: printing ALL groups
  s0:  RUNNING  FOLLOWER s0@group-796A68A19D2E:t2, leader=s1, voted=s1, raftlog=Memoized:s0@group-796A68A19D2E-SegmentedRaftLog:OPENED:c23, conf=3: peers:[s0|localhost:15000, s1|localhost:15004, s2|localhost:15008]|listeners:[], old=null RUNNING
  s1:  RUNNING    LEADER s1@group-796A68A19D2E:t2, leader=s1, voted=s1, raftlog=Memoized:s1@group-796A68A19D2E-SegmentedRaftLog:OPENED:c23, conf=3: peers:[s0|localhost:15000, s1|localhost:15004, s2|localhost:15008]|listeners:[], old=null RUNNING
  s2:  RUNNING  FOLLOWER s2@group-796A68A19D2E:t2, leader=s1, voted=s1, raftlog=Memoized:s2@group-796A68A19D2E-SegmentedRaftLog:OPENED:c4, conf=3: peers:[s0|localhost:15000, s1|localhost:15004, s2|localhost:15008]|listeners:[], old=null RUNNING
2024-01-25 07:57:43,430 [Time-limited test] INFO  util.CodeInjectionForTesting (BlockRequestHandlingInjection.java:blockRequestor(49)) - Block requestor s1
2024-01-25 07:57:43,430 [Time-limited test] INFO  server.RaftServerConfigKeys (ConfUtils.java:logGet(46)) - raft.server.rpc.timeout.max = 300ms (default)
2024-01-25 07:57:43,430 [Time-limited test] INFO  ratis.RaftTestUtil (RaftTestUtil.java:waitForLeader(101)) - printing ALL groups
  s0:  RUNNING  FOLLOWER s0@group-796A68A19D2E:t2, leader=s1, voted=s1, raftlog=Memoized:s0@group-796A68A19D2E-SegmentedRaftLog:OPENED:c23, conf=3: peers:[s0|localhost:15000, s1|localhost:15004, s2|localhost:15008]|listeners:[], old=null RUNNING
  s1:  RUNNING    LEADER s1@group-796A68A19D2E:t2, leader=s1, voted=s1, raftlog=Memoized:s1@group-796A68A19D2E-SegmentedRaftLog:OPENED:c23, conf=3: peers:[s0|localhost:15000, s1|localhost:15004, s2|localhost:15008]|listeners:[], old=null RUNNING
  s2:  RUNNING  FOLLOWER s2@group-796A68A19D2E:t2, leader=s1, voted=s1, raftlog=Memoized:s2@group-796A68A19D2E-SegmentedRaftLog:OPENED:c4, conf=3: peers:[s0|localhost:15000, s1|localhost:15004, s2|localhost:15008]|listeners:[], old=null RUNNING
2024-01-25 07:57:43,431 [Time-limited test] INFO  ratis.RaftTestUtil (RaftTestUtil.java:waitForLeader(125)) - printing ALL groups
  s0:  RUNNING  FOLLOWER s0@group-796A68A19D2E:t2, leader=s1, voted=s1, raftlog=Memoized:s0@group-796A68A19D2E-SegmentedRaftLog:OPENED:c23, conf=3: peers:[s0|localhost:15000, s1|localhost:15004, s2|localhost:15008]|listeners:[], old=null RUNNING
  s1:  RUNNING    LEADER s1@group-796A68A19D2E:t2, leader=s1, voted=s1, raftlog=Memoized:s1@group-796A68A19D2E-SegmentedRaftLog:OPENED:c23, conf=3: peers:[s0|localhost:15000, s1|localhost:15004, s2|localhost:15008]|listeners:[], old=null RUNNING
  s2:  RUNNING  FOLLOWER s2@group-796A68A19D2E:t2, leader=s1, voted=s1, raftlog=Memoized:s2@group-796A68A19D2E-SegmentedRaftLog:OPENED:c4, conf=3: peers:[s0|localhost:15000, s1|localhost:15004, s2|localhost:15008]|listeners:[], old=null RUNNING
2024-01-25 07:57:43,431 [Time-limited test] WARN  ratis.RaftTestUtil (JavaUtils.java:attempt(231)) - FAILED "changeLeader-changeLeader", attempt #1/20: org.junit.AssumptionViolatedException: Failed to change leader: newLeader == oldLeader == s1, sleep 100ms and then retry.
org.junit.AssumptionViolatedException: Failed to change leader: newLeader == oldLeader == s1
	at org.apache.ratis.RaftTestUtil.lambda$changeLeader$11(RaftTestUtil.java:437)
	at org.apache.ratis.util.JavaUtils.lambda$attempt$7(JavaUtils.java:212)
	at org.apache.ratis.util.JavaUtils.attempt(JavaUtils.java:225)
	at org.apache.ratis.util.JavaUtils.attempt(JavaUtils.java:212)
	at org.apache.ratis.util.JavaUtils.attemptRepeatedly(JavaUtils.java:204)
	at org.apache.ratis.RaftTestUtil.changeLeader(RaftTestUtil.java:434)
	at org.apache.ratis.RaftTestUtil.changeLeader(RaftTestUtil.java:426)
	at org.apache.ratis.WatchRequestTests.runTestWatchRequestAsyncChangeLeader(WatchRequestTests.java:366)
	at org.apache.ratis.WatchRequestTests.runTest(WatchRequestTests.java:153)
	at org.apache.ratis.WatchRequestTests.lambda$testWatchRequestAsyncChangeLeader$6(WatchRequestTests.java:337)
	at org.apache.ratis.server.impl.MiniRaftCluster$Factory$Get.runWithNewCluster(MiniRaftCluster.java:140)
	at org.apache.ratis.server.impl.MiniRaftCluster$Factory$Get.runWithNewCluster(MiniRaftCluster.java:120)
	at org.apache.ratis.WatchRequestTests.testWatchRequestAsyncChangeLeader(WatchRequestTests.java:336)
	at sun.reflect.NativeMethodAccessorImpl.invoke0(Native Method)
	at sun.reflect.NativeMethodAccessorImpl.invoke(NativeMethodAccessorImpl.java:62)
	at sun.reflect.DelegatingMethodAccessorImpl.invoke(DelegatingMethodAccessorImpl.java:43)
	at java.lang.reflect.Method.invoke(Method.java:498)
	at org.junit.runners.model.FrameworkMethod$1.runReflectiveCall(FrameworkMethod.java:59)
	at org.junit.internal.runners.model.ReflectiveCallable.run(ReflectiveCallable.java:12)
	at org.junit.runners.model.FrameworkMethod.invokeExplosively(FrameworkMethod.java:56)
	at org.junit.internal.runners.statements.InvokeMethod.evaluate(InvokeMethod.java:17)
	at org.junit.internal.runners.statements.RunBefores.evaluate(RunBefores.java:26)
	at org.junit.internal.runners.statements.RunAfters.evaluate(RunAfters.java:27)
	at org.junit.internal.runners.statements.FailOnTimeout$CallableStatement.call(FailOnTimeout.java:299)
	at org.junit.internal.runners.statements.FailOnTimeout$CallableStatement.call(FailOnTimeout.java:293)
	at java.util.concurrent.FutureTask.run(FutureTask.java:266)
	at java.lang.Thread.run(Thread.java:750)
2024-01-25 07:57:43,431 [s2-server-thread2] INFO  util.CodeInjectionForTesting (BlockRequestHandlingInjection.java:execute(77)) - s2: Block request from s1
2024-01-25 07:57:43,471 [s0-server-thread1] INFO  util.CodeInjectionForTesting (BlockRequestHandlingInjection.java:execute(77)) - s0: Block request from s1
2024-01-25 07:57:43,531 [Time-limited test] INFO  server.RaftServerConfigKeys (ConfUtils.java:logGet(46)) - raft.server.rpc.timeout.max = 300ms (default)
2024-01-25 07:57:43,532 [Time-limited test] INFO  ratis.RaftTestUtil (RaftTestUtil.java:waitForLeader(101)) - printing ALL groups
  s0:  RUNNING  FOLLOWER s0@group-796A68A19D2E:t2, leader=s1, voted=s1, raftlog=Memoized:s0@group-796A68A19D2E-SegmentedRaftLog:OPENED:c23, conf=3: peers:[s0|localhost:15000, s1|localhost:15004, s2|localhost:15008]|listeners:[], old=null RUNNING
  s1:  RUNNING    LEADER s1@group-796A68A19D2E:t2, leader=s1, voted=s1, raftlog=Memoized:s1@group-796A68A19D2E-SegmentedRaftLog:OPENED:c23, conf=3: peers:[s0|localhost:15000, s1|localhost:15004, s2|localhost:15008]|listeners:[], old=null RUNNING
  s2:  RUNNING  FOLLOWER s2@group-796A68A19D2E:t2, leader=s1, voted=s1, raftlog=Memoized:s2@group-796A68A19D2E-SegmentedRaftLog:OPENED:c4, conf=3: peers:[s0|localhost:15000, s1|localhost:15004, s2|localhost:15008]|listeners:[], old=null RUNNING
2024-01-25 07:57:43,532 [Time-limited test] INFO  ratis.RaftTestUtil (RaftTestUtil.java:waitForLeader(125)) - printing ALL groups
  s0:  RUNNING  FOLLOWER s0@group-796A68A19D2E:t2, leader=s1, voted=s1, raftlog=Memoized:s0@group-796A68A19D2E-SegmentedRaftLog:OPENED:c23, conf=3: peers:[s0|localhost:15000, s1|localhost:15004, s2|localhost:15008]|listeners:[], old=null RUNNING
  s1:  RUNNING    LEADER s1@group-796A68A19D2E:t2, leader=s1, voted=s1, raftlog=Memoized:s1@group-796A68A19D2E-SegmentedRaftLog:OPENED:c23, conf=3: peers:[s0|localhost:15000, s1|localhost:15004, s2|localhost:15008]|listeners:[], old=null RUNNING
  s2:  RUNNING  FOLLOWER s2@group-796A68A19D2E:t2, leader=s1, voted=s1, raftlog=Memoized:s2@group-796A68A19D2E-SegmentedRaftLog:OPENED:c4, conf=3: peers:[s0|localhost:15000, s1|localhost:15004, s2|localhost:15008]|listeners:[], old=null RUNNING
2024-01-25 07:57:43,532 [Time-limited test] WARN  ratis.RaftTestUtil (JavaUtils.java:attempt(231)) - FAILED "changeLeader-changeLeader", attempt #2/20: org.junit.AssumptionViolatedException: Failed to change leader: newLeader == oldLeader == s1, sleep 100ms and then retry.
org.junit.AssumptionViolatedException: Failed to change leader: newLeader == oldLeader == s1
	at org.apache.ratis.RaftTestUtil.lambda$changeLeader$11(RaftTestUtil.java:437)
	at org.apache.ratis.util.JavaUtils.lambda$attempt$7(JavaUtils.java:212)
	at org.apache.ratis.util.JavaUtils.attempt(JavaUtils.java:225)
	at org.apache.ratis.util.JavaUtils.attempt(JavaUtils.java:212)
	at org.apache.ratis.util.JavaUtils.attemptRepeatedly(JavaUtils.java:204)
	at org.apache.ratis.RaftTestUtil.changeLeader(RaftTestUtil.java:434)
	at org.apache.ratis.RaftTestUtil.changeLeader(RaftTestUtil.java:426)
	at org.apache.ratis.WatchRequestTests.runTestWatchRequestAsyncChangeLeader(WatchRequestTests.java:366)
	at org.apache.ratis.WatchRequestTests.runTest(WatchRequestTests.java:153)
	at org.apache.ratis.WatchRequestTests.lambda$testWatchRequestAsyncChangeLeader$6(WatchRequestTests.java:337)
	at org.apache.ratis.server.impl.MiniRaftCluster$Factory$Get.runWithNewCluster(MiniRaftCluster.java:140)
	at org.apache.ratis.server.impl.MiniRaftCluster$Factory$Get.runWithNewCluster(MiniRaftCluster.java:120)
	at org.apache.ratis.WatchRequestTests.testWatchRequestAsyncChangeLeader(WatchRequestTests.java:336)
	at sun.reflect.NativeMethodAccessorImpl.invoke0(Native Method)
	at sun.reflect.NativeMethodAccessorImpl.invoke(NativeMethodAccessorImpl.java:62)
	at sun.reflect.DelegatingMethodAccessorImpl.invoke(DelegatingMethodAccessorImpl.java:43)
	at java.lang.reflect.Method.invoke(Method.java:498)
	at org.junit.runners.model.FrameworkMethod$1.runReflectiveCall(FrameworkMethod.java:59)
	at org.junit.internal.runners.model.ReflectiveCallable.run(ReflectiveCallable.java:12)
	at org.junit.runners.model.FrameworkMethod.invokeExplosively(FrameworkMethod.java:56)
	at org.junit.internal.runners.statements.InvokeMethod.evaluate(InvokeMethod.java:17)
	at org.junit.internal.runners.statements.RunBefores.evaluate(RunBefores.java:26)
	at org.junit.internal.runners.statements.RunAfters.evaluate(RunAfters.java:27)
	at org.junit.internal.runners.statements.FailOnTimeout$CallableStatement.call(FailOnTimeout.java:299)
	at org.junit.internal.runners.statements.FailOnTimeout$CallableStatement.call(FailOnTimeout.java:293)
	at java.util.concurrent.FutureTask.run(FutureTask.java:266)
	at java.lang.Thread.run(Thread.java:750)
2024-01-25 07:57:43,610 [s0@group-796A68A19D2E-FollowerState] INFO  impl.FollowerState (FollowerState.java:run(143)) - s0@group-796A68A19D2E-FollowerState: change to CANDIDATE, lastRpcElapsedTime:214272009ns, electionTimeout:186ms
2024-01-25 07:57:43,610 [s0@group-796A68A19D2E-FollowerState] INFO  impl.RoleInfo (RoleInfo.java:shutdownFollowerState(111)) - s0: shutdown s0@group-796A68A19D2E-FollowerState
2024-01-25 07:57:43,610 [s0@group-796A68A19D2E-FollowerState] INFO  server.RaftServer$Division (RaftServerImpl.java:setRole(333)) - s0@group-796A68A19D2E: changes role from  FOLLOWER to CANDIDATE at term 2 for changeToCandidate
2024-01-25 07:57:43,610 [s0@group-796A68A19D2E-FollowerState] INFO  server.RaftServerConfigKeys (ConfUtils.java:logGet(46)) - raft.server.leaderelection.pre-vote = true (default)
2024-01-25 07:57:43,610 [s0@group-796A68A19D2E-FollowerState] INFO  impl.RoleInfo (RoleInfo.java:updateAndGet(140)) - s0: start s0@group-796A68A19D2E-LeaderElection6
2024-01-25 07:57:43,611 [s0@group-796A68A19D2E-LeaderElection6] INFO  server.RaftServer$Division (ServerState.java:setLeader(269)) - s0@group-796A68A19D2E: change Leader from s1 to null at term 2 for PRE_VOTE
2024-01-25 07:57:43,611 [s0@group-796A68A19D2E-LeaderElection6] INFO  impl.LeaderElection (LeaderElection.java:askForVotes(321)) - s0@group-796A68A19D2E-LeaderElection6 PRE_VOTE round 0: submit vote requests at term 2 for 3: peers:[s0|localhost:15000, s1|localhost:15004, s2|localhost:15008]|listeners:[], old=null
2024-01-25 07:57:43,614 [grpc-default-executor-0] INFO  server.RaftServer$Division (RaftServerImpl.java:requestVote(1390)) - s1@group-796A68A19D2E: receive requestVote(PRE_VOTE, s0, group-796A68A19D2E, 2, (t:2, i:23))
2024-01-25 07:57:43,614 [grpc-default-executor-0] INFO  impl.VoteContext (VoteContext.java:log(49)) - s1@group-796A68A19D2E-LEADER: reject PRE_VOTE from s0: this server is the leader and still has leadership
2024-01-25 07:57:43,614 [grpc-default-executor-0] INFO  server.RaftServer$Division (RaftServerImpl.java:requestVote(1423)) - s1@group-796A68A19D2E replies to PRE_VOTE vote request: s0<-s1#0:FAIL-t2. Peer's state: s1@group-796A68A19D2E:t2, leader=s1, voted=s1, raftlog=Memoized:s1@group-796A68A19D2E-SegmentedRaftLog:OPENED:c23, conf=3: peers:[s0|localhost:15000, s1|localhost:15004, s2|localhost:15008]|listeners:[], old=null
2024-01-25 07:57:43,614 [grpc-default-executor-7] INFO  server.RaftServer$Division (RaftServerImpl.java:requestVote(1390)) - s2@group-796A68A19D2E: receive requestVote(PRE_VOTE, s0, group-796A68A19D2E, 2, (t:2, i:23))
2024-01-25 07:57:43,615 [grpc-default-executor-7] INFO  impl.VoteContext (VoteContext.java:log(49)) - s2@group-796A68A19D2E-FOLLOWER: accept PRE_VOTE from s0: our last entry (t:2, i:13) < candidate's last entry (t:2, i:23)
2024-01-25 07:57:43,615 [grpc-default-executor-7] INFO  server.RaftServer$Division (RaftServerImpl.java:requestVote(1423)) - s2@group-796A68A19D2E replies to PRE_VOTE vote request: s0<-s2#0:OK-t2. Peer's state: s2@group-796A68A19D2E:t2, leader=s1, voted=s1, raftlog=Memoized:s2@group-796A68A19D2E-SegmentedRaftLog:OPENED:c4, conf=3: peers:[s0|localhost:15000, s1|localhost:15004, s2|localhost:15008]|listeners:[], old=null
2024-01-25 07:57:43,616 [s0@group-796A68A19D2E-LeaderElection6] INFO  impl.LeaderElection (LeaderElection.java:logAndReturn(89)) - s0@group-796A68A19D2E-LeaderElection6: PRE_VOTE PASSED received 2 response(s) and 0 exception(s):
2024-01-25 07:57:43,616 [s0@group-796A68A19D2E-LeaderElection6] INFO  impl.LeaderElection (LeaderElection.java:logAndReturn(93)) -   Response 0: s0<-s1#0:FAIL-t2
2024-01-25 07:57:43,616 [s0@group-796A68A19D2E-LeaderElection6] INFO  impl.LeaderElection (LeaderElection.java:logAndReturn(93)) -   Response 1: s0<-s2#0:OK-t2
2024-01-25 07:57:43,616 [s0@group-796A68A19D2E-LeaderElection6] INFO  impl.LeaderElection (LeaderElection.java:askForVotes(323)) - s0@group-796A68A19D2E-LeaderElection6 PRE_VOTE round 0: result PASSED
2024-01-25 07:57:43,617 [s0@group-796A68A19D2E-LeaderElection6] TRACE util.FileUtils (LogUtils.java:supplyAndLog(69)) - Successfully supplied FileChannel.open /home/runner/work/ratis/ratis/ratis-test/target/test/data/d3464635/MiniRaftClusterWithGrpc1ed7d450/s0/6ac8c789-bb5d-44a1-a5d6-796a68a19d2e/current/raft-meta.tmp with options [CREATE, WRITE]: sun.nio.ch.FileChannelImpl@6682af75
2024-01-25 07:57:43,618 [s0@group-796A68A19D2E-LeaderElection6] TRACE util.FileUtils (LogUtils.java:runAndLog(49)) - Successfully ran Atomic Files.move /home/runner/work/ratis/ratis/ratis-test/target/test/data/d3464635/MiniRaftClusterWithGrpc1ed7d450/s0/6ac8c789-bb5d-44a1-a5d6-796a68a19d2e/current/raft-meta.tmp to /home/runner/work/ratis/ratis/ratis-test/target/test/data/d3464635/MiniRaftClusterWithGrpc1ed7d450/s0/6ac8c789-bb5d-44a1-a5d6-796a68a19d2e/current/raft-meta with options [REPLACE_EXISTING]
2024-01-25 07:57:43,618 [s0@group-796A68A19D2E-LeaderElection6] INFO  impl.LeaderElection (LeaderElection.java:askForVotes(321)) - s0@group-796A68A19D2E-LeaderElection6 ELECTION round 0: submit vote requests at term 3 for 3: peers:[s0|localhost:15000, s1|localhost:15004, s2|localhost:15008]|listeners:[], old=null
2024-01-25 07:57:43,620 [grpc-default-executor-7] INFO  server.RaftServer$Division (RaftServerImpl.java:requestVote(1390)) - s2@group-796A68A19D2E: receive requestVote(ELECTION, s0, group-796A68A19D2E, 3, (t:2, i:23))
2024-01-25 07:57:43,620 [grpc-default-executor-0] INFO  server.RaftServer$Division (RaftServerImpl.java:requestVote(1390)) - s1@group-796A68A19D2E: receive requestVote(ELECTION, s0, group-796A68A19D2E, 3, (t:2, i:23))
2024-01-25 07:57:43,620 [grpc-default-executor-7] INFO  impl.VoteContext (VoteContext.java:log(49)) - s2@group-796A68A19D2E-FOLLOWER: accept ELECTION from s0: our last entry (t:2, i:13) < candidate's last entry (t:2, i:23)
2024-01-25 07:57:43,620 [grpc-default-executor-0] INFO  impl.VoteContext (VoteContext.java:log(49)) - s1@group-796A68A19D2E-LEADER: accept ELECTION from s0: our priority 0 <= candidate's priority 0
2024-01-25 07:57:43,620 [grpc-default-executor-7] INFO  server.RaftServer$Division (ServerState.java:setLeader(269)) - s2@group-796A68A19D2E: change Leader from s1 to null at term 3 for updateCurrentTerm
2024-01-25 07:57:43,620 [grpc-default-executor-7] INFO  server.RaftServer$Division (RaftServerImpl.java:setRole(333)) - s2@group-796A68A19D2E: changes role from  FOLLOWER to FOLLOWER at term 3 for candidate:s0
2024-01-25 07:57:43,620 [grpc-default-executor-7] INFO  impl.RoleInfo (RoleInfo.java:shutdownFollowerState(111)) - s2: shutdown s2@group-796A68A19D2E-FollowerState
2024-01-25 07:57:43,620 [grpc-default-executor-7] INFO  impl.RoleInfo (RoleInfo.java:updateAndGet(140)) - s2: start s2@group-796A68A19D2E-FollowerState
2024-01-25 07:57:43,620 [grpc-default-executor-0] INFO  server.RaftServer$Division (ServerState.java:setLeader(269)) - s1@group-796A68A19D2E: change Leader from s1 to null at term 3 for updateCurrentTerm
2024-01-25 07:57:43,621 [grpc-default-executor-0] INFO  server.RaftServer$Division (RaftServerImpl.java:setRole(333)) - s1@group-796A68A19D2E: changes role from    LEADER to FOLLOWER at term 3 for candidate:s0
2024-01-25 07:57:43,621 [grpc-default-executor-0] INFO  impl.RoleInfo (RoleInfo.java:shutdownLeaderState(95)) - s1: shutdown s1@group-796A68A19D2E-LeaderStateImpl
2024-01-25 07:57:43,620 [s2@group-796A68A19D2E-FollowerState] INFO  impl.FollowerState (FollowerState.java:run(152)) - s2@group-796A68A19D2E-FollowerState was interrupted
2024-01-25 07:57:43,625 [s1@group-796A68A19D2E->s0-GrpcLogAppender-LogAppenderDaemon] WARN  server.GrpcLogAppender (GrpcLogAppender.java:mayWait(289)) - s1@group-796A68A19D2E->s0-GrpcLogAppender: Wait interrupted by java.lang.InterruptedException
2024-01-25 07:57:43,625 [grpc-default-executor-0] INFO  impl.PendingRequests (PendingRequests.java:sendNotLeaderResponses(287)) - s1@group-796A68A19D2E-PendingRequests: sendNotLeaderResponses
2024-01-25 07:57:43,625 [grpc-default-executor-7] TRACE util.FileUtils (LogUtils.java:supplyAndLog(69)) - Successfully supplied FileChannel.open /home/runner/work/ratis/ratis/ratis-test/target/test/data/d3464635/MiniRaftClusterWithGrpc1ed7d450/s2/6ac8c789-bb5d-44a1-a5d6-796a68a19d2e/current/raft-meta.tmp with options [CREATE, WRITE]: sun.nio.ch.FileChannelImpl@53a10fe
2024-01-25 07:57:43,625 [s1@group-796A68A19D2E->s2-GrpcLogAppender-LogAppenderDaemon] WARN  server.GrpcLogAppender (GrpcLogAppender.java:mayWait(289)) - s1@group-796A68A19D2E->s2-GrpcLogAppender: Wait interrupted by java.lang.InterruptedException
2024-01-25 07:57:43,625 [grpc-default-executor-9] INFO  server.GrpcServerProtocolService (GrpcServerProtocolService.java:onCompleted(186)) - s0: Completed APPEND_ENTRIES, lastRequest: s1->s0#123-t2,previous=(t:2, i:22),leaderCommit=18,initializing? false,entries: size=1, first=(t:2, i:23), METADATAENTRY(c:18)
2024-01-25 07:57:43,626 [grpc-default-executor-9] INFO  server.GrpcServerProtocolService (GrpcServerProtocolService.java:lambda$onCompleted$7(188)) - s0: Completed APPEND_ENTRIES, lastReply: null
2024-01-25 07:57:43,625 [null-request--thread1] INFO  server.GrpcClientProtocolService (GrpcClientProtocolService.java:lambda$processClientRequest$0(323)) - Failed RaftClientRequest:client-2312CCC7CA78->s1@group-796A68A19D2E, cid=18, seq=null, Watch-ALL(5), Message:<EMPTY>, reply=RaftClientReply:client-2312CCC7CA78->s1@group-796A68A19D2E, cid=18, FAILED org.apache.ratis.protocol.exceptions.NotLeaderException: Server s1@group-796A68A19D2E is not the leader, logIndex=0, commits[s1:c23, s0:c23, s2:c4]
2024-01-25 07:57:43,626 [null-request--thread1] INFO  server.GrpcClientProtocolService (GrpcClientProtocolService.java:lambda$processClientRequest$0(323)) - Failed RaftClientRequest:client-2312CCC7CA78->s1@group-796A68A19D2E, cid=22, seq=null, Watch-ALL(7), Message:<EMPTY>, reply=RaftClientReply:client-2312CCC7CA78->s1@group-796A68A19D2E, cid=22, FAILED org.apache.ratis.protocol.exceptions.NotLeaderException: Server s1@group-796A68A19D2E is not the leader, logIndex=0, commits[s1:c23, s0:c23, s2:c4]
2024-01-25 07:57:43,627 [null-request--thread1] INFO  server.GrpcClientProtocolService (GrpcClientProtocolService.java:lambda$processClientRequest$0(323)) - Failed RaftClientRequest:client-2312CCC7CA78->s1@group-796A68A19D2E, cid=26, seq=null, Watch-ALL(8), Message:<EMPTY>, reply=RaftClientReply:client-2312CCC7CA78->s1@group-796A68A19D2E, cid=26, FAILED org.apache.ratis.protocol.exceptions.NotLeaderException: Server s1@group-796A68A19D2E is not the leader, logIndex=0, commits[s1:c23, s0:c23, s2:c4]
2024-01-25 07:57:43,627 [null-request--thread1] INFO  server.GrpcClientProtocolService (GrpcClientProtocolService.java:lambda$processClientRequest$0(323)) - Failed RaftClientRequest:client-2312CCC7CA78->s1@group-796A68A19D2E, cid=30, seq=null, Watch-ALL(10), Message:<EMPTY>, reply=RaftClientReply:client-2312CCC7CA78->s1@group-796A68A19D2E, cid=30, FAILED org.apache.ratis.protocol.exceptions.NotLeaderException: Server s1@group-796A68A19D2E is not the leader, logIndex=0, commits[s1:c23, s0:c23, s2:c4]
2024-01-25 07:57:43,627 [null-request--thread1] INFO  server.GrpcClientProtocolService (GrpcClientProtocolService.java:lambda$processClientRequest$0(323)) - Failed RaftClientRequest:client-2312CCC7CA78->s1@group-796A68A19D2E, cid=34, seq=null, Watch-ALL(13), Message:<EMPTY>, reply=RaftClientReply:client-2312CCC7CA78->s1@group-796A68A19D2E, cid=34, FAILED org.apache.ratis.protocol.exceptions.NotLeaderException: Server s1@group-796A68A19D2E is not the leader, logIndex=0, commits[s1:c23, s0:c23, s2:c4]
2024-01-25 07:57:43,627 [null-request--thread1] INFO  server.GrpcClientProtocolService (GrpcClientProtocolService.java:lambda$processClientRequest$0(323)) - Failed RaftClientRequest:client-2312CCC7CA78->s1@group-796A68A19D2E, cid=38, seq=null, Watch-ALL(14), Message:<EMPTY>, reply=RaftClientReply:client-2312CCC7CA78->s1@group-796A68A19D2E, cid=38, FAILED org.apache.ratis.protocol.exceptions.NotLeaderException: Server s1@group-796A68A19D2E is not the leader, logIndex=0, commits[s1:c23, s0:c23, s2:c4]
2024-01-25 07:57:43,628 [null-request--thread1] INFO  server.GrpcClientProtocolService (GrpcClientProtocolService.java:lambda$processClientRequest$0(323)) - Failed RaftClientRequest:client-2312CCC7CA78->s1@group-796A68A19D2E, cid=42, seq=null, Watch-ALL(15), Message:<EMPTY>, reply=RaftClientReply:client-2312CCC7CA78->s1@group-796A68A19D2E, cid=42, FAILED org.apache.ratis.protocol.exceptions.NotLeaderException: Server s1@group-796A68A19D2E is not the leader, logIndex=0, commits[s1:c23, s0:c23, s2:c4]
2024-01-25 07:57:43,628 [grpc-default-executor-3] INFO  server.GrpcServerProtocolService (GrpcServerProtocolService.java:onCompleted(186)) - s2: Completed APPEND_ENTRIES, lastRequest: s1->s2#103-t2,previous=(t:2, i:11),leaderCommit=10,initializing? false,entries: size=2, first=(t:2, i:12), METADATAENTRY(c:10)
2024-01-25 07:57:43,629 [grpc-default-executor-7] TRACE util.FileUtils (LogUtils.java:runAndLog(49)) - Successfully ran Atomic Files.move /home/runner/work/ratis/ratis/ratis-test/target/test/data/d3464635/MiniRaftClusterWithGrpc1ed7d450/s2/6ac8c789-bb5d-44a1-a5d6-796a68a19d2e/current/raft-meta.tmp to /home/runner/work/ratis/ratis/ratis-test/target/test/data/d3464635/MiniRaftClusterWithGrpc1ed7d450/s2/6ac8c789-bb5d-44a1-a5d6-796a68a19d2e/current/raft-meta with options [REPLACE_EXISTING]
2024-01-25 07:57:43,629 [grpc-default-executor-7] INFO  server.RaftServer$Division (RaftServerImpl.java:requestVote(1423)) - s2@group-796A68A19D2E replies to ELECTION vote request: s0<-s2#0:OK-t3. Peer's state: s2@group-796A68A19D2E:t3, leader=null, voted=s0, raftlog=Memoized:s2@group-796A68A19D2E-SegmentedRaftLog:OPENED:c4, conf=3: peers:[s0|localhost:15000, s1|localhost:15004, s2|localhost:15008]|listeners:[], old=null
2024-01-25 07:57:43,629 [grpc-default-executor-0] INFO  impl.RoleInfo (RoleInfo.java:updateAndGet(140)) - s1: start s1@group-796A68A19D2E-FollowerState
2024-01-25 07:57:43,629 [s0@group-796A68A19D2E-LeaderElection6] INFO  impl.LeaderElection (LeaderElection.java:logAndReturn(89)) - s0@group-796A68A19D2E-LeaderElection6: ELECTION PASSED received 1 response(s) and 0 exception(s):
2024-01-25 07:57:43,629 [s0@group-796A68A19D2E-LeaderElection6] INFO  impl.LeaderElection (LeaderElection.java:logAndReturn(93)) -   Response 0: s0<-s2#0:OK-t3
2024-01-25 07:57:43,629 [null-request--thread1] INFO  server.GrpcClientProtocolService (GrpcClientProtocolService.java:lambda$processClientRequest$0(323)) - Failed RaftClientRequest:client-2312CCC7CA78->s1@group-796A68A19D2E, cid=46, seq=null, Watch-ALL(16), Message:<EMPTY>, reply=RaftClientReply:client-2312CCC7CA78->s1@group-796A68A19D2E, cid=46, FAILED org.apache.ratis.protocol.exceptions.NotLeaderException: Server s1@group-796A68A19D2E is not the leader, logIndex=0, commits[s1:c23, s0:c23, s2:c4]
2024-01-25 07:57:43,630 [null-request--thread1] INFO  server.GrpcClientProtocolService (GrpcClientProtocolService.java:lambda$processClientRequest$0(323)) - Failed RaftClientRequest:client-2312CCC7CA78->s1@group-796A68A19D2E, cid=50, seq=null, Watch-ALL(17), Message:<EMPTY>, reply=RaftClientReply:client-2312CCC7CA78->s1@group-796A68A19D2E, cid=50, FAILED org.apache.ratis.protocol.exceptions.NotLeaderException: Server s1@group-796A68A19D2E is not the leader, logIndex=0, commits[s1:c23, s0:c23, s2:c4]
2024-01-25 07:57:43,630 [null-request--thread1] INFO  server.GrpcClientProtocolService (GrpcClientProtocolService.java:lambda$processClientRequest$0(323)) - Failed RaftClientRequest:client-2312CCC7CA78->s1@group-796A68A19D2E, cid=54, seq=null, Watch-ALL(18), Message:<EMPTY>, reply=RaftClientReply:client-2312CCC7CA78->s1@group-796A68A19D2E, cid=54, FAILED org.apache.ratis.protocol.exceptions.NotLeaderException: Server s1@group-796A68A19D2E is not the leader, logIndex=0, commits[s1:c23, s0:c23, s2:c4]
2024-01-25 07:57:43,630 [null-request--thread1] INFO  server.GrpcClientProtocolService (GrpcClientProtocolService.java:lambda$processClientRequest$0(323)) - Failed RaftClientRequest:client-2312CCC7CA78->s1@group-796A68A19D2E, cid=20, seq=null, Watch-ALL_COMMITTED(5), Message:<EMPTY>, reply=RaftClientReply:client-2312CCC7CA78->s1@group-796A68A19D2E, cid=20, FAILED org.apache.ratis.protocol.exceptions.NotLeaderException: Server s1@group-796A68A19D2E is not the leader, logIndex=0, commits[s1:c23, s0:c23, s2:c4]
2024-01-25 07:57:43,630 [null-request--thread1] INFO  server.GrpcClientProtocolService (GrpcClientProtocolService.java:lambda$processClientRequest$0(323)) - Failed RaftClientRequest:client-2312CCC7CA78->s1@group-796A68A19D2E, cid=24, seq=null, Watch-ALL_COMMITTED(7), Message:<EMPTY>, reply=RaftClientReply:client-2312CCC7CA78->s1@group-796A68A19D2E, cid=24, FAILED org.apache.ratis.protocol.exceptions.NotLeaderException: Server s1@group-796A68A19D2E is not the leader, logIndex=0, commits[s1:c23, s0:c23, s2:c4]
2024-01-25 07:57:43,631 [null-request--thread1] INFO  server.GrpcClientProtocolService (GrpcClientProtocolService.java:lambda$processClientRequest$0(323)) - Failed RaftClientRequest:client-2312CCC7CA78->s1@group-796A68A19D2E, cid=28, seq=null, Watch-ALL_COMMITTED(8), Message:<EMPTY>, reply=RaftClientReply:client-2312CCC7CA78->s1@group-796A68A19D2E, cid=28, FAILED org.apache.ratis.protocol.exceptions.NotLeaderException: Server s1@group-796A68A19D2E is not the leader, logIndex=0, commits[s1:c23, s0:c23, s2:c4]
2024-01-25 07:57:43,631 [null-request--thread1] INFO  server.GrpcClientProtocolService (GrpcClientProtocolService.java:lambda$processClientRequest$0(323)) - Failed RaftClientRequest:client-2312CCC7CA78->s1@group-796A68A19D2E, cid=32, seq=null, Watch-ALL_COMMITTED(10), Message:<EMPTY>, reply=RaftClientReply:client-2312CCC7CA78->s1@group-796A68A19D2E, cid=32, FAILED org.apache.ratis.protocol.exceptions.NotLeaderException: Server s1@group-796A68A19D2E is not the leader, logIndex=0, commits[s1:c23, s0:c23, s2:c4]
2024-01-25 07:57:43,631 [null-request--thread1] INFO  server.GrpcClientProtocolService (GrpcClientProtocolService.java:lambda$processClientRequest$0(323)) - Failed RaftClientRequest:client-2312CCC7CA78->s1@group-796A68A19D2E, cid=36, seq=null, Watch-ALL_COMMITTED(13), Message:<EMPTY>, reply=RaftClientReply:client-2312CCC7CA78->s1@group-796A68A19D2E, cid=36, FAILED org.apache.ratis.protocol.exceptions.NotLeaderException: Server s1@group-796A68A19D2E is not the leader, logIndex=0, commits[s1:c23, s0:c23, s2:c4]
2024-01-25 07:57:43,631 [null-request--thread1] INFO  server.GrpcClientProtocolService (GrpcClientProtocolService.java:lambda$processClientRequest$0(323)) - Failed RaftClientRequest:client-2312CCC7CA78->s1@group-796A68A19D2E, cid=40, seq=null, Watch-ALL_COMMITTED(14), Message:<EMPTY>, reply=RaftClientReply:client-2312CCC7CA78->s1@group-796A68A19D2E, cid=40, FAILED org.apache.ratis.protocol.exceptions.NotLeaderException: Server s1@group-796A68A19D2E is not the leader, logIndex=0, commits[s1:c23, s0:c23, s2:c4]
2024-01-25 07:57:43,631 [null-request--thread1] INFO  server.GrpcClientProtocolService (GrpcClientProtocolService.java:lambda$processClientRequest$0(323)) - Failed RaftClientRequest:client-2312CCC7CA78->s1@group-796A68A19D2E, cid=44, seq=null, Watch-ALL_COMMITTED(15), Message:<EMPTY>, reply=RaftClientReply:client-2312CCC7CA78->s1@group-796A68A19D2E, cid=44, FAILED org.apache.ratis.protocol.exceptions.NotLeaderException: Server s1@group-796A68A19D2E is not the leader, logIndex=0, commits[s1:c23, s0:c23, s2:c4]
2024-01-25 07:57:43,632 [null-request--thread1] INFO  server.GrpcClientProtocolService (GrpcClientProtocolService.java:lambda$processClientRequest$0(323)) - Failed RaftClientRequest:client-2312CCC7CA78->s1@group-796A68A19D2E, cid=48, seq=null, Watch-ALL_COMMITTED(16), Message:<EMPTY>, reply=RaftClientReply:client-2312CCC7CA78->s1@group-796A68A19D2E, cid=48, FAILED org.apache.ratis.protocol.exceptions.NotLeaderException: Server s1@group-796A68A19D2E is not the leader, logIndex=0, commits[s1:c23, s0:c23, s2:c4]
2024-01-25 07:57:43,632 [null-request--thread1] INFO  server.GrpcClientProtocolService (GrpcClientProtocolService.java:lambda$processClientRequest$0(323)) - Failed RaftClientRequest:client-2312CCC7CA78->s1@group-796A68A19D2E, cid=52, seq=null, Watch-ALL_COMMITTED(17), Message:<EMPTY>, reply=RaftClientReply:client-2312CCC7CA78->s1@group-796A68A19D2E, cid=52, FAILED org.apache.ratis.protocol.exceptions.NotLeaderException: Server s1@group-796A68A19D2E is not the leader, logIndex=0, commits[s1:c23, s0:c23, s2:c4]
2024-01-25 07:57:43,632 [grpc-default-executor-0] TRACE util.FileUtils (LogUtils.java:supplyAndLog(69)) - Successfully supplied FileChannel.open /home/runner/work/ratis/ratis/ratis-test/target/test/data/d3464635/MiniRaftClusterWithGrpc1ed7d450/s1/6ac8c789-bb5d-44a1-a5d6-796a68a19d2e/current/raft-meta.tmp with options [CREATE, WRITE]: sun.nio.ch.FileChannelImpl@3c42b7c5
2024-01-25 07:57:43,632 [null-request--thread1] INFO  server.GrpcClientProtocolService (GrpcClientProtocolService.java:lambda$processClientRequest$0(323)) - Failed RaftClientRequest:client-2312CCC7CA78->s1@group-796A68A19D2E, cid=56, seq=null, Watch-ALL_COMMITTED(18), Message:<EMPTY>, reply=RaftClientReply:client-2312CCC7CA78->s1@group-796A68A19D2E, cid=56, FAILED org.apache.ratis.protocol.exceptions.NotLeaderException: Server s1@group-796A68A19D2E is not the leader, logIndex=0, commits[s1:c23, s0:c23, s2:c4]
2024-01-25 07:57:43,633 [Time-limited test] INFO  server.RaftServerConfigKeys (ConfUtils.java:logGet(46)) - raft.server.rpc.timeout.max = 300ms (default)
2024-01-25 07:57:43,633 [Time-limited test] INFO  ratis.RaftTestUtil (RaftTestUtil.java:waitForLeader(101)) - printing ALL groups
  s0:  RUNNING CANDIDATE s0@group-796A68A19D2E:t3, leader=null, voted=s0, raftlog=Memoized:s0@group-796A68A19D2E-SegmentedRaftLog:OPENED:c23, conf=3: peers:[s0|localhost:15000, s1|localhost:15004, s2|localhost:15008]|listeners:[], old=null RUNNING
  s1:  RUNNING  FOLLOWER s1@group-796A68A19D2E:t3, leader=null, voted=s0, raftlog=Memoized:s1@group-796A68A19D2E-SegmentedRaftLog:OPENED:c23, conf=3: peers:[s0|localhost:15000, s1|localhost:15004, s2|localhost:15008]|listeners:[], old=null RUNNING
  s2:  RUNNING  FOLLOWER s2@group-796A68A19D2E:t3, leader=null, voted=s0, raftlog=Memoized:s2@group-796A68A19D2E-SegmentedRaftLog:OPENED:c4, conf=3: peers:[s0|localhost:15000, s1|localhost:15004, s2|localhost:15008]|listeners:[], old=null RUNNING
2024-01-25 07:57:43,633 [Time-limited test] WARN  ratis.RaftTestUtil (RaftTestUtil.java:lambda$waitForLeader$3(120)) - Attempt #1 failed: java.lang.IllegalStateException: No leader yet : printing ALL groups
  s0:  RUNNING CANDIDATE s0@group-796A68A19D2E:t3, leader=null, voted=s0, raftlog=Memoized:s0@group-796A68A19D2E-SegmentedRaftLog:OPENED:c23, conf=3: peers:[s0|localhost:15000, s1|localhost:15004, s2|localhost:15008]|listeners:[], old=null RUNNING
  s1:  RUNNING  FOLLOWER s1@group-796A68A19D2E:t3, leader=null, voted=s0, raftlog=Memoized:s1@group-796A68A19D2E-SegmentedRaftLog:OPENED:c23, conf=3: peers:[s0|localhost:15000, s1|localhost:15004, s2|localhost:15008]|listeners:[], old=null RUNNING
  s2:  RUNNING  FOLLOWER s2@group-796A68A19D2E:t3, leader=null, voted=s0, raftlog=Memoized:s2@group-796A68A19D2E-SegmentedRaftLog:OPENED:c4, conf=3: peers:[s0|localhost:15000, s1|localhost:15004, s2|localhost:15008]|listeners:[], old=null RUNNING
2024-01-25 07:57:43,633 [grpc-default-executor-7] INFO  server.GrpcLogAppender (GrpcLogAppender.java:onCompleted(546)) - s1@group-796A68A19D2E->s0-AppendLogResponseHandler: follower responses appendEntries COMPLETED
2024-01-25 07:57:43,633 [s0@group-796A68A19D2E-LeaderElection6] INFO  impl.LeaderElection (LeaderElection.java:askForVotes(323)) - s0@group-796A68A19D2E-LeaderElection6 ELECTION round 0: result PASSED
2024-01-25 07:57:43,637 [s0@group-796A68A19D2E-LeaderElection6] INFO  impl.RoleInfo (RoleInfo.java:shutdownLeaderElection(131)) - s0: shutdown s0@group-796A68A19D2E-LeaderElection6
2024-01-25 07:57:43,637 [s0@group-796A68A19D2E-LeaderElection6] INFO  server.RaftServer$Division (RaftServerImpl.java:setRole(333)) - s0@group-796A68A19D2E: changes role from CANDIDATE to LEADER at term 3 for changeToLeader
2024-01-25 07:57:43,641 [s0@group-796A68A19D2E-LeaderElection6] INFO  server.RaftServerConfigKeys (ConfUtils.java:logGet(46)) - raft.server.staging.catchup.gap = 1000 (default)
2024-01-25 07:57:43,641 [s0@group-796A68A19D2E-LeaderElection6] INFO  server.RaftServerConfigKeys (ConfUtils.java:logGet(46)) - raft.server.write.element-limit = 4096 (default)
2024-01-25 07:57:43,641 [s0@group-796A68A19D2E-LeaderElection6] INFO  server.RaftServerConfigKeys (ConfUtils.java:logGet(46)) - raft.server.write.byte-limit = 64MB (=67108864) (default)
2024-01-25 07:57:43,641 [s0@group-796A68A19D2E-LeaderElection6] INFO  server.RaftServerConfigKeys (ConfUtils.java:logGet(46)) - raft.server.watch.timeout = 10s (default)
2024-01-25 07:57:43,641 [s0@group-796A68A19D2E-LeaderElection6] INFO  server.RaftServerConfigKeys (ConfUtils.java:logGet(46)) - raft.server.watch.timeout.denomination = 1s (default)
2024-01-25 07:57:43,641 [ForkJoinPool.commonPool-worker-0] DEBUG impl.UnorderedAsync (UnorderedAsync.java:lambda$sendRequestWithRetry$4(83)) - client-2312CCC7CA78: attempt #1 receive~ null
2024-01-25 07:57:43,642 [ForkJoinPool.commonPool-worker-0] TRACE impl.UnorderedAsync (UnorderedAsync.java:lambda$sendRequestWithRetry$4(108)) - client-2312CCC7CA78: attempt #1 failed~ RaftClientRequest:client-2312CCC7CA78->s1@group-796A68A19D2E, cid=20, seq=null, Watch-ALL_COMMITTED(5), null
org.apache.ratis.protocol.exceptions.NotLeaderException: Server s1@group-796A68A19D2E is not the leader
	at org.apache.ratis.client.impl.ClientProtoUtils.toRaftClientReply(ClientProtoUtils.java:397)
	at org.apache.ratis.grpc.client.GrpcClientProtocolClient$AsyncStreamObservers$1.onNext(GrpcClientProtocolClient.java:310)
	at org.apache.ratis.grpc.client.GrpcClientProtocolClient$AsyncStreamObservers$1.onNext(GrpcClientProtocolClient.java:305)
	at org.apache.ratis.thirdparty.io.grpc.stub.ClientCalls$StreamObserverToCallListenerAdapter.onMessage(ClientCalls.java:468)
	at org.apache.ratis.thirdparty.io.grpc.ForwardingClientCallListener.onMessage(ForwardingClientCallListener.java:33)
	at org.apache.ratis.thirdparty.io.grpc.internal.ClientCallImpl$ClientStreamListenerImpl$1MessagesAvailable.runInternal(ClientCallImpl.java:660)
	at org.apache.ratis.thirdparty.io.grpc.internal.ClientCallImpl$ClientStreamListenerImpl$1MessagesAvailable.runInContext(ClientCallImpl.java:647)
	at org.apache.ratis.thirdparty.io.grpc.internal.ContextRunnable.run(ContextRunnable.java:37)
	at org.apache.ratis.thirdparty.io.grpc.internal.SerializingExecutor.run(SerializingExecutor.java:133)
	at java.util.concurrent.ThreadPoolExecutor.runWorker(ThreadPoolExecutor.java:1149)
	at java.util.concurrent.ThreadPoolExecutor$Worker.run(ThreadPoolExecutor.java:624)
	at java.lang.Thread.run(Thread.java:750)
2024-01-25 07:57:43,642 [s0@group-796A68A19D2E-LeaderElection6] INFO  server.RaftServerConfigKeys (ConfUtils.java:logGet(46)) - raft.server.watch.element-limit = 65536 (default)
2024-01-25 07:57:43,645 [ForkJoinPool.commonPool-worker-0] DEBUG client.RaftClient (RaftClientImpl.java:handleIOException(417)) - client-2312CCC7CA78: suggested new leader: null. Failed RaftClientRequest:client-2312CCC7CA78->s1@group-796A68A19D2E, cid=20, seq=null, Watch-ALL_COMMITTED(5), null
org.apache.ratis.protocol.exceptions.NotLeaderException: Server s1@group-796A68A19D2E is not the leader
	at org.apache.ratis.client.impl.ClientProtoUtils.toRaftClientReply(ClientProtoUtils.java:397)
	at org.apache.ratis.grpc.client.GrpcClientProtocolClient$AsyncStreamObservers$1.onNext(GrpcClientProtocolClient.java:310)
	at org.apache.ratis.grpc.client.GrpcClientProtocolClient$AsyncStreamObservers$1.onNext(GrpcClientProtocolClient.java:305)
	at org.apache.ratis.thirdparty.io.grpc.stub.ClientCalls$StreamObserverToCallListenerAdapter.onMessage(ClientCalls.java:468)
	at org.apache.ratis.thirdparty.io.grpc.ForwardingClientCallListener.onMessage(ForwardingClientCallListener.java:33)
	at org.apache.ratis.thirdparty.io.grpc.internal.ClientCallImpl$ClientStreamListenerImpl$1MessagesAvailable.runInternal(ClientCallImpl.java:660)
	at org.apache.ratis.thirdparty.io.grpc.internal.ClientCallImpl$ClientStreamListenerImpl$1MessagesAvailable.runInContext(ClientCallImpl.java:647)
	at org.apache.ratis.thirdparty.io.grpc.internal.ContextRunnable.run(ContextRunnable.java:37)
	at org.apache.ratis.thirdparty.io.grpc.internal.SerializingExecutor.run(SerializingExecutor.java:133)
	at java.util.concurrent.ThreadPoolExecutor.runWorker(ThreadPoolExecutor.java:1149)
	at java.util.concurrent.ThreadPoolExecutor$Worker.run(ThreadPoolExecutor.java:624)
	at java.lang.Thread.run(Thread.java:750)
2024-01-25 07:57:43,645 [ForkJoinPool.commonPool-worker-0] TRACE client.RaftClient (RaftClientImpl.java:handleIOException(419)) - Stack trace
java.lang.Throwable: TRACE
	at org.apache.ratis.client.impl.RaftClientImpl.handleIOException(RaftClientImpl.java:419)
	at org.apache.ratis.client.impl.RaftClientImpl.handleNotLeaderException(RaftClientImpl.java:399)
	at org.apache.ratis.client.impl.UnorderedAsync.lambda$sendRequestWithRetry$4(UnorderedAsync.java:116)
	at java.util.concurrent.CompletableFuture.uniWhenComplete(CompletableFuture.java:774)
	at java.util.concurrent.CompletableFuture$UniWhenComplete.tryFire(CompletableFuture.java:750)
	at java.util.concurrent.CompletableFuture$Completion.exec(CompletableFuture.java:457)
	at java.util.concurrent.ForkJoinTask.doExec(ForkJoinTask.java:289)
	at java.util.concurrent.ForkJoinPool$WorkQueue.runTask(ForkJoinPool.java:1056)
	at java.util.concurrent.ForkJoinPool.runWorker(ForkJoinPool.java:1692)
	at java.util.concurrent.ForkJoinWorkerThread.run(ForkJoinWorkerThread.java:175)
2024-01-25 07:57:43,645 [s0@group-796A68A19D2E-LeaderElection6] INFO  server.RaftServerConfigKeys (ConfUtils.java:logGet(46)) - raft.server.read.leader.lease.enabled = false (default)
2024-01-25 07:57:43,645 [s0@group-796A68A19D2E-LeaderElection6] INFO  server.RaftServerConfigKeys (ConfUtils.java:logGet(46)) - raft.server.read.leader.lease.timeout.ratio = 0.9 (default)
2024-01-25 07:57:43,645 [s0@group-796A68A19D2E-LeaderElection6] INFO  server.RaftServerConfigKeys (ConfUtils.java:logGet(46)) - raft.server.rpc.timeout.min = 150ms (default)
2024-01-25 07:57:43,646 [s0@group-796A68A19D2E-LeaderElection6] INFO  server.RaftServerConfigKeys (ConfUtils.java:logGet(46)) - raft.server.write.element-limit = 4096 (default)
2024-01-25 07:57:43,646 [s0@group-796A68A19D2E-LeaderElection6] INFO  server.RaftServerConfigKeys (ConfUtils.java:logGet(46)) - raft.server.write.follower.gap.ratio.max = -1.0 (default)
2024-01-25 07:57:43,646 [s0@group-796A68A19D2E-LeaderElection6] INFO  server.RaftServerConfigKeys (ConfUtils.java:logGet(46)) - raft.server.log.appender.snapshot.chunk.size.max = 16MB (=16777216) (default)
2024-01-25 07:57:43,646 [s0@group-796A68A19D2E-LeaderElection6] INFO  server.RaftServerConfigKeys (ConfUtils.java:logGet(46)) - raft.server.log.appender.buffer.byte-limit = 4MB (=4194304) (default)
2024-01-25 07:57:43,646 [s0@group-796A68A19D2E-LeaderElection6] INFO  server.RaftServerConfigKeys (ConfUtils.java:logGet(46)) - raft.server.log.appender.buffer.element-limit = 0 (default)
2024-01-25 07:57:43,646 [s0@group-796A68A19D2E-LeaderElection6] INFO  server.RaftServerConfigKeys (ConfUtils.java:logGet(46)) - raft.server.log.appender.wait-time.min = 1ms (default)
2024-01-25 07:57:43,646 [s0@group-796A68A19D2E-LeaderElection6] INFO  grpc.GrpcConfigKeys (ConfUtils.java:logGet(46)) - raft.grpc.server.leader.outstanding.appends.max = 8 (default)
2024-01-25 07:57:43,646 [s0@group-796A68A19D2E-LeaderElection6] INFO  server.RaftServerConfigKeys (ConfUtils.java:logGet(46)) - raft.server.rpc.request.timeout = 3000ms (default)
2024-01-25 07:57:43,646 [s0@group-796A68A19D2E-LeaderElection6] INFO  grpc.GrpcConfigKeys (ConfUtils.java:logGet(46)) - raft.grpc.server.install_snapshot.request.element-limit = 8 (default)
2024-01-25 07:57:43,647 [s0@group-796A68A19D2E-LeaderElection6] INFO  grpc.GrpcConfigKeys (ConfUtils.java:logGet(46)) - raft.grpc.server.install_snapshot.request.timeout = 3000ms (default)
2024-01-25 07:57:43,647 [s0@group-796A68A19D2E-LeaderElection6] INFO  grpc.GrpcConfigKeys (ConfUtils.java:logGet(46)) - raft.grpc.server.log-message.batch.duration = 5s (default)
2024-01-25 07:57:43,647 [s0@group-796A68A19D2E-LeaderElection6] INFO  server.RaftServerConfigKeys (ConfUtils.java:logGet(46)) - raft.server.log.appender.install.snapshot.enabled = true (default)
2024-01-25 07:57:43,647 [s0@group-796A68A19D2E-LeaderElection6] INFO  grpc.GrpcConfigKeys (ConfUtils.java:logGet(46)) - raft.grpc.server.heartbeat.channel = true (default)
2024-01-25 07:57:43,647 [s0@group-796A68A19D2E-LeaderElection6] INFO  server.RaftServerConfigKeys (ConfUtils.java:logGet(46)) - raft.server.log.appender.snapshot.chunk.size.max = 16MB (=16777216) (default)
2024-01-25 07:57:43,648 [s0@group-796A68A19D2E-LeaderElection6] INFO  server.RaftServerConfigKeys (ConfUtils.java:logGet(46)) - raft.server.log.appender.buffer.byte-limit = 4MB (=4194304) (default)
2024-01-25 07:57:43,648 [s0@group-796A68A19D2E-LeaderElection6] INFO  server.RaftServerConfigKeys (ConfUtils.java:logGet(46)) - raft.server.log.appender.buffer.element-limit = 0 (default)
2024-01-25 07:57:43,648 [s0@group-796A68A19D2E-LeaderElection6] INFO  server.RaftServerConfigKeys (ConfUtils.java:logGet(46)) - raft.server.log.appender.wait-time.min = 1ms (default)
2024-01-25 07:57:43,648 [s0@group-796A68A19D2E-LeaderElection6] INFO  grpc.GrpcConfigKeys (ConfUtils.java:logGet(46)) - raft.grpc.server.leader.outstanding.appends.max = 8 (default)
2024-01-25 07:57:43,648 [s0@group-796A68A19D2E-LeaderElection6] INFO  server.RaftServerConfigKeys (ConfUtils.java:logGet(46)) - raft.server.rpc.request.timeout = 3000ms (default)
2024-01-25 07:57:43,648 [s0@group-796A68A19D2E-LeaderElection6] INFO  grpc.GrpcConfigKeys (ConfUtils.java:logGet(46)) - raft.grpc.server.install_snapshot.request.element-limit = 8 (default)
2024-01-25 07:57:43,648 [s0@group-796A68A19D2E-LeaderElection6] INFO  grpc.GrpcConfigKeys (ConfUtils.java:logGet(46)) - raft.grpc.server.install_snapshot.request.timeout = 3000ms (default)
2024-01-25 07:57:43,648 [s0@group-796A68A19D2E-LeaderElection6] INFO  grpc.GrpcConfigKeys (ConfUtils.java:logGet(46)) - raft.grpc.server.log-message.batch.duration = 5s (default)
2024-01-25 07:57:43,648 [s0@group-796A68A19D2E-LeaderElection6] INFO  server.RaftServerConfigKeys (ConfUtils.java:logGet(46)) - raft.server.log.appender.install.snapshot.enabled = true (default)
2024-01-25 07:57:43,648 [s0@group-796A68A19D2E-LeaderElection6] INFO  grpc.GrpcConfigKeys (ConfUtils.java:logGet(46)) - raft.grpc.server.heartbeat.channel = true (default)
2024-01-25 07:57:43,649 [s0@group-796A68A19D2E-LeaderElection6] INFO  impl.RoleInfo (RoleInfo.java:updateAndGet(140)) - s0: start s0@group-796A68A19D2E-LeaderStateImpl
2024-01-25 07:57:43,649 [s0@group-796A68A19D2E-LeaderElection6] INFO  server.RaftServer$Division (ServerState.java:setLeader(269)) - s0@group-796A68A19D2E: change Leader from null to s0 at term 3 for becomeLeader, leader elected after 37ms
2024-01-25 07:57:43,649 [s0@group-796A68A19D2E-LeaderElection6] INFO  segmented.SegmentedRaftLogWorker (SegmentedRaftLogWorker.java:rollLogSegment(435)) - s0@group-796A68A19D2E-SegmentedRaftLogWorker: Rolling segment log-3_23 to index:23
2024-01-25 07:57:43,642 [ForkJoinPool.commonPool-worker-3] DEBUG impl.UnorderedAsync (UnorderedAsync.java:lambda$sendRequestWithRetry$4(83)) - client-2312CCC7CA78: attempt #1 receive~ null
2024-01-25 07:57:43,642 [grpc-default-executor-0] TRACE util.FileUtils (LogUtils.java:runAndLog(49)) - Successfully ran Atomic Files.move /home/runner/work/ratis/ratis/ratis-test/target/test/data/d3464635/MiniRaftClusterWithGrpc1ed7d450/s1/6ac8c789-bb5d-44a1-a5d6-796a68a19d2e/current/raft-meta.tmp to /home/runner/work/ratis/ratis/ratis-test/target/test/data/d3464635/MiniRaftClusterWithGrpc1ed7d450/s1/6ac8c789-bb5d-44a1-a5d6-796a68a19d2e/current/raft-meta with options [REPLACE_EXISTING]
2024-01-25 07:57:43,649 [grpc-default-executor-0] INFO  server.RaftServer$Division (RaftServerImpl.java:requestVote(1423)) - s1@group-796A68A19D2E replies to ELECTION vote request: s0<-s1#0:OK-t3. Peer's state: s1@group-796A68A19D2E:t3, leader=null, voted=s0, raftlog=Memoized:s1@group-796A68A19D2E-SegmentedRaftLog:OPENED:c23, conf=3: peers:[s0|localhost:15000, s1|localhost:15004, s2|localhost:15008]|listeners:[], old=null
2024-01-25 07:57:43,649 [ForkJoinPool.commonPool-worker-3] TRACE impl.UnorderedAsync (UnorderedAsync.java:lambda$sendRequestWithRetry$4(108)) - client-2312CCC7CA78: attempt #1 failed~ RaftClientRequest:client-2312CCC7CA78->s1@group-796A68A19D2E, cid=18, seq=null, Watch-ALL(5), null
org.apache.ratis.protocol.exceptions.NotLeaderException: Server s1@group-796A68A19D2E is not the leader
	at org.apache.ratis.client.impl.ClientProtoUtils.toRaftClientReply(ClientProtoUtils.java:397)
	at org.apache.ratis.grpc.client.GrpcClientProtocolClient$AsyncStreamObservers$1.onNext(GrpcClientProtocolClient.java:310)
	at org.apache.ratis.grpc.client.GrpcClientProtocolClient$AsyncStreamObservers$1.onNext(GrpcClientProtocolClient.java:305)
	at org.apache.ratis.thirdparty.io.grpc.stub.ClientCalls$StreamObserverToCallListenerAdapter.onMessage(ClientCalls.java:468)
	at org.apache.ratis.thirdparty.io.grpc.ForwardingClientCallListener.onMessage(ForwardingClientCallListener.java:33)
	at org.apache.ratis.thirdparty.io.grpc.internal.ClientCallImpl$ClientStreamListenerImpl$1MessagesAvailable.runInternal(ClientCallImpl.java:660)
	at org.apache.ratis.thirdparty.io.grpc.internal.ClientCallImpl$ClientStreamListenerImpl$1MessagesAvailable.runInContext(ClientCallImpl.java:647)
	at org.apache.ratis.thirdparty.io.grpc.internal.ContextRunnable.run(ContextRunnable.java:37)
	at org.apache.ratis.thirdparty.io.grpc.internal.SerializingExecutor.run(SerializingExecutor.java:133)
	at java.util.concurrent.ThreadPoolExecutor.runWorker(ThreadPoolExecutor.java:1149)
	at java.util.concurrent.ThreadPoolExecutor$Worker.run(ThreadPoolExecutor.java:624)
	at java.lang.Thread.run(Thread.java:750)
2024-01-25 07:57:43,645 [ForkJoinPool.commonPool-worker-0] DEBUG client.RaftClient (RaftClientImpl.java:handleIOException(435)) - client-2312CCC7CA78: oldLeader=s1,  curLeader=s1, newLeader=s0
2024-01-25 07:57:43,650 [ForkJoinPool.commonPool-worker-3] DEBUG client.RaftClient (RaftClientImpl.java:handleIOException(417)) - client-2312CCC7CA78: suggested new leader: null. Failed RaftClientRequest:client-2312CCC7CA78->s1@group-796A68A19D2E, cid=18, seq=null, Watch-ALL(5), null
org.apache.ratis.protocol.exceptions.NotLeaderException: Server s1@group-796A68A19D2E is not the leader
	at org.apache.ratis.client.impl.ClientProtoUtils.toRaftClientReply(ClientProtoUtils.java:397)
	at org.apache.ratis.grpc.client.GrpcClientProtocolClient$AsyncStreamObservers$1.onNext(GrpcClientProtocolClient.java:310)
	at org.apache.ratis.grpc.client.GrpcClientProtocolClient$AsyncStreamObservers$1.onNext(GrpcClientProtocolClient.java:305)
	at org.apache.ratis.thirdparty.io.grpc.stub.ClientCalls$StreamObserverToCallListenerAdapter.onMessage(ClientCalls.java:468)
	at org.apache.ratis.thirdparty.io.grpc.ForwardingClientCallListener.onMessage(ForwardingClientCallListener.java:33)
	at org.apache.ratis.thirdparty.io.grpc.internal.ClientCallImpl$ClientStreamListenerImpl$1MessagesAvailable.runInternal(ClientCallImpl.java:660)
	at org.apache.ratis.thirdparty.io.grpc.internal.ClientCallImpl$ClientStreamListenerImpl$1MessagesAvailable.runInContext(ClientCallImpl.java:647)
	at org.apache.ratis.thirdparty.io.grpc.internal.ContextRunnable.run(ContextRunnable.java:37)
	at org.apache.ratis.thirdparty.io.grpc.internal.SerializingExecutor.run(SerializingExecutor.java:133)
	at java.util.concurrent.ThreadPoolExecutor.runWorker(ThreadPoolExecutor.java:1149)
	at java.util.concurrent.ThreadPoolExecutor$Worker.run(ThreadPoolExecutor.java:624)
	at java.lang.Thread.run(Thread.java:750)
2024-01-25 07:57:43,650 [ForkJoinPool.commonPool-worker-1] DEBUG impl.UnorderedAsync (UnorderedAsync.java:lambda$sendRequestWithRetry$4(83)) - client-2312CCC7CA78: attempt #1 receive~ null
2024-01-25 07:57:43,650 [ForkJoinPool.commonPool-worker-1] TRACE impl.UnorderedAsync (UnorderedAsync.java:lambda$sendRequestWithRetry$4(108)) - client-2312CCC7CA78: attempt #1 failed~ RaftClientRequest:client-2312CCC7CA78->s1@group-796A68A19D2E, cid=22, seq=null, Watch-ALL(7), null
org.apache.ratis.protocol.exceptions.NotLeaderException: Server s1@group-796A68A19D2E is not the leader
	at org.apache.ratis.client.impl.ClientProtoUtils.toRaftClientReply(ClientProtoUtils.java:397)
	at org.apache.ratis.grpc.client.GrpcClientProtocolClient$AsyncStreamObservers$1.onNext(GrpcClientProtocolClient.java:310)
	at org.apache.ratis.grpc.client.GrpcClientProtocolClient$AsyncStreamObservers$1.onNext(GrpcClientProtocolClient.java:305)
	at org.apache.ratis.thirdparty.io.grpc.stub.ClientCalls$StreamObserverToCallListenerAdapter.onMessage(ClientCalls.java:468)
	at org.apache.ratis.thirdparty.io.grpc.ForwardingClientCallListener.onMessage(ForwardingClientCallListener.java:33)
	at org.apache.ratis.thirdparty.io.grpc.internal.ClientCallImpl$ClientStreamListenerImpl$1MessagesAvailable.runInternal(ClientCallImpl.java:660)
	at org.apache.ratis.thirdparty.io.grpc.internal.ClientCallImpl$ClientStreamListenerImpl$1MessagesAvailable.runInContext(ClientCallImpl.java:647)
	at org.apache.ratis.thirdparty.io.grpc.internal.ContextRunnable.run(ContextRunnable.java:37)
	at org.apache.ratis.thirdparty.io.grpc.internal.SerializingExecutor.run(SerializingExecutor.java:133)
	at java.util.concurrent.ThreadPoolExecutor.runWorker(ThreadPoolExecutor.java:1149)
	at java.util.concurrent.ThreadPoolExecutor$Worker.run(ThreadPoolExecutor.java:624)
	at java.lang.Thread.run(Thread.java:750)
2024-01-25 07:57:43,650 [ForkJoinPool.commonPool-worker-1] DEBUG client.RaftClient (RaftClientImpl.java:handleIOException(417)) - client-2312CCC7CA78: suggested new leader: null. Failed RaftClientRequest:client-2312CCC7CA78->s1@group-796A68A19D2E, cid=22, seq=null, Watch-ALL(7), null
org.apache.ratis.protocol.exceptions.NotLeaderException: Server s1@group-796A68A19D2E is not the leader
	at org.apache.ratis.client.impl.ClientProtoUtils.toRaftClientReply(ClientProtoUtils.java:397)
	at org.apache.ratis.grpc.client.GrpcClientProtocolClient$AsyncStreamObservers$1.onNext(GrpcClientProtocolClient.java:310)
	at org.apache.ratis.grpc.client.GrpcClientProtocolClient$AsyncStreamObservers$1.onNext(GrpcClientProtocolClient.java:305)
	at org.apache.ratis.thirdparty.io.grpc.stub.ClientCalls$StreamObserverToCallListenerAdapter.onMessage(ClientCalls.java:468)
	at org.apache.ratis.thirdparty.io.grpc.ForwardingClientCallListener.onMessage(ForwardingClientCallListener.java:33)
	at org.apache.ratis.thirdparty.io.grpc.internal.ClientCallImpl$ClientStreamListenerImpl$1MessagesAvailable.runInternal(ClientCallImpl.java:660)
	at org.apache.ratis.thirdparty.io.grpc.internal.ClientCallImpl$ClientStreamListenerImpl$1MessagesAvailable.runInContext(ClientCallImpl.java:647)
	at org.apache.ratis.thirdparty.io.grpc.internal.ContextRunnable.run(ContextRunnable.java:37)
	at org.apache.ratis.thirdparty.io.grpc.internal.SerializingExecutor.run(SerializingExecutor.java:133)
	at java.util.concurrent.ThreadPoolExecutor.runWorker(ThreadPoolExecutor.java:1149)
	at java.util.concurrent.ThreadPoolExecutor$Worker.run(ThreadPoolExecutor.java:624)
	at java.lang.Thread.run(Thread.java:750)
2024-01-25 07:57:43,650 [ForkJoinPool.commonPool-worker-1] TRACE client.RaftClient (RaftClientImpl.java:handleIOException(419)) - Stack trace
java.lang.Throwable: TRACE
	at org.apache.ratis.client.impl.RaftClientImpl.handleIOException(RaftClientImpl.java:419)
	at org.apache.ratis.client.impl.RaftClientImpl.handleNotLeaderException(RaftClientImpl.java:399)
	at org.apache.ratis.client.impl.UnorderedAsync.lambda$sendRequestWithRetry$4(UnorderedAsync.java:116)
	at java.util.concurrent.CompletableFuture.uniWhenComplete(CompletableFuture.java:774)
	at java.util.concurrent.CompletableFuture$UniWhenComplete.tryFire(CompletableFuture.java:750)
	at java.util.concurrent.CompletableFuture$Completion.exec(CompletableFuture.java:457)
	at java.util.concurrent.ForkJoinTask.doExec(ForkJoinTask.java:289)
	at java.util.concurrent.ForkJoinPool$WorkQueue.runTask(ForkJoinPool.java:1056)
	at java.util.concurrent.ForkJoinPool.runWorker(ForkJoinPool.java:1692)
	at java.util.concurrent.ForkJoinWorkerThread.run(ForkJoinWorkerThread.java:175)
2024-01-25 07:57:43,650 [ForkJoinPool.commonPool-worker-0] DEBUG client.RaftClient (RaftClientImpl.java:handleIOException(441)) - client-2312CCC7CA78 changes Leader from s1 to s0 for group-796A68A19D2E
org.apache.ratis.protocol.exceptions.NotLeaderException: Server s1@group-796A68A19D2E is not the leader
	at org.apache.ratis.client.impl.ClientProtoUtils.toRaftClientReply(ClientProtoUtils.java:397)
	at org.apache.ratis.grpc.client.GrpcClientProtocolClient$AsyncStreamObservers$1.onNext(GrpcClientProtocolClient.java:310)
	at org.apache.ratis.grpc.client.GrpcClientProtocolClient$AsyncStreamObservers$1.onNext(GrpcClientProtocolClient.java:305)
	at org.apache.ratis.thirdparty.io.grpc.stub.ClientCalls$StreamObserverToCallListenerAdapter.onMessage(ClientCalls.java:468)
	at org.apache.ratis.thirdparty.io.grpc.ForwardingClientCallListener.onMessage(ForwardingClientCallListener.java:33)
	at org.apache.ratis.thirdparty.io.grpc.internal.ClientCallImpl$ClientStreamListenerImpl$1MessagesAvailable.runInternal(ClientCallImpl.java:660)
	at org.apache.ratis.thirdparty.io.grpc.internal.ClientCallImpl$ClientStreamListenerImpl$1MessagesAvailable.runInContext(ClientCallImpl.java:647)
	at org.apache.ratis.thirdparty.io.grpc.internal.ContextRunnable.run(ContextRunnable.java:37)
	at org.apache.ratis.thirdparty.io.grpc.internal.SerializingExecutor.run(SerializingExecutor.java:133)
	at java.util.concurrent.ThreadPoolExecutor.runWorker(ThreadPoolExecutor.java:1149)
	at java.util.concurrent.ThreadPoolExecutor$Worker.run(ThreadPoolExecutor.java:624)
	at java.lang.Thread.run(Thread.java:750)
2024-01-25 07:57:43,650 [ForkJoinPool.commonPool-worker-3] TRACE client.RaftClient (RaftClientImpl.java:handleIOException(419)) - Stack trace
java.lang.Throwable: TRACE
	at org.apache.ratis.client.impl.RaftClientImpl.handleIOException(RaftClientImpl.java:419)
	at org.apache.ratis.client.impl.RaftClientImpl.handleNotLeaderException(RaftClientImpl.java:399)
	at org.apache.ratis.client.impl.UnorderedAsync.lambda$sendRequestWithRetry$4(UnorderedAsync.java:116)
	at java.util.concurrent.CompletableFuture.uniWhenComplete(CompletableFuture.java:774)
	at java.util.concurrent.CompletableFuture$UniWhenComplete.tryFire(CompletableFuture.java:750)
	at java.util.concurrent.CompletableFuture$Completion.exec(CompletableFuture.java:457)
	at java.util.concurrent.ForkJoinTask.doExec(ForkJoinTask.java:289)
	at java.util.concurrent.ForkJoinPool$WorkQueue.runTask(ForkJoinPool.java:1056)
	at java.util.concurrent.ForkJoinPool.runWorker(ForkJoinPool.java:1692)
	at java.util.concurrent.ForkJoinWorkerThread.run(ForkJoinWorkerThread.java:175)
2024-01-25 07:57:43,652 [ForkJoinPool.commonPool-worker-3] DEBUG client.RaftClient (RaftClientImpl.java:handleIOException(435)) - client-2312CCC7CA78: oldLeader=s1,  curLeader=s0, newLeader=null
2024-01-25 07:57:43,652 [ForkJoinPool.commonPool-worker-3] DEBUG impl.UnorderedAsync (UnorderedAsync.java:lambda$sendRequestWithRetry$4(132)) - schedule~ attempt #1 with sleep 100ms and policy RetryForeverWithSleep(sleepTime = 100ms) for RaftClientRequest:client-2312CCC7CA78->s1@group-796A68A19D2E, cid=18, seq=null, Watch-ALL(5), null
2024-01-25 07:57:43,652 [ForkJoinPool.commonPool-worker-3] DEBUG impl.UnorderedAsync (UnorderedAsync.java:lambda$sendRequestWithRetry$4(83)) - client-2312CCC7CA78: attempt #1 receive~ null
2024-01-25 07:57:43,652 [ForkJoinPool.commonPool-worker-3] TRACE impl.UnorderedAsync (UnorderedAsync.java:lambda$sendRequestWithRetry$4(108)) - client-2312CCC7CA78: attempt #1 failed~ RaftClientRequest:client-2312CCC7CA78->s1@group-796A68A19D2E, cid=24, seq=null, Watch-ALL_COMMITTED(7), null
org.apache.ratis.protocol.exceptions.NotLeaderException: Server s1@group-796A68A19D2E is not the leader
	at org.apache.ratis.client.impl.ClientProtoUtils.toRaftClientReply(ClientProtoUtils.java:397)
	at org.apache.ratis.grpc.client.GrpcClientProtocolClient$AsyncStreamObservers$1.onNext(GrpcClientProtocolClient.java:310)
	at org.apache.ratis.grpc.client.GrpcClientProtocolClient$AsyncStreamObservers$1.onNext(GrpcClientProtocolClient.java:305)
	at org.apache.ratis.thirdparty.io.grpc.stub.ClientCalls$StreamObserverToCallListenerAdapter.onMessage(ClientCalls.java:468)
	at org.apache.ratis.thirdparty.io.grpc.ForwardingClientCallListener.onMessage(ForwardingClientCallListener.java:33)
	at org.apache.ratis.thirdparty.io.grpc.internal.ClientCallImpl$ClientStreamListenerImpl$1MessagesAvailable.runInternal(ClientCallImpl.java:660)
	at org.apache.ratis.thirdparty.io.grpc.internal.ClientCallImpl$ClientStreamListenerImpl$1MessagesAvailable.runInContext(ClientCallImpl.java:647)
	at org.apache.ratis.thirdparty.io.grpc.internal.ContextRunnable.run(ContextRunnable.java:37)
	at org.apache.ratis.thirdparty.io.grpc.internal.SerializingExecutor.run(SerializingExecutor.java:133)
	at java.util.concurrent.ThreadPoolExecutor.runWorker(ThreadPoolExecutor.java:1149)
	at java.util.concurrent.ThreadPoolExecutor$Worker.run(ThreadPoolExecutor.java:624)
	at java.lang.Thread.run(Thread.java:750)
2024-01-25 07:57:43,652 [ForkJoinPool.commonPool-worker-3] DEBUG client.RaftClient (RaftClientImpl.java:handleIOException(417)) - client-2312CCC7CA78: suggested new leader: null. Failed RaftClientRequest:client-2312CCC7CA78->s1@group-796A68A19D2E, cid=24, seq=null, Watch-ALL_COMMITTED(7), null
org.apache.ratis.protocol.exceptions.NotLeaderException: Server s1@group-796A68A19D2E is not the leader
	at org.apache.ratis.client.impl.ClientProtoUtils.toRaftClientReply(ClientProtoUtils.java:397)
	at org.apache.ratis.grpc.client.GrpcClientProtocolClient$AsyncStreamObservers$1.onNext(GrpcClientProtocolClient.java:310)
	at org.apache.ratis.grpc.client.GrpcClientProtocolClient$AsyncStreamObservers$1.onNext(GrpcClientProtocolClient.java:305)
	at org.apache.ratis.thirdparty.io.grpc.stub.ClientCalls$StreamObserverToCallListenerAdapter.onMessage(ClientCalls.java:468)
	at org.apache.ratis.thirdparty.io.grpc.ForwardingClientCallListener.onMessage(ForwardingClientCallListener.java:33)
	at org.apache.ratis.thirdparty.io.grpc.internal.ClientCallImpl$ClientStreamListenerImpl$1MessagesAvailable.runInternal(ClientCallImpl.java:660)
	at org.apache.ratis.thirdparty.io.grpc.internal.ClientCallImpl$ClientStreamListenerImpl$1MessagesAvailable.runInContext(ClientCallImpl.java:647)
	at org.apache.ratis.thirdparty.io.grpc.internal.ContextRunnable.run(ContextRunnable.java:37)
	at org.apache.ratis.thirdparty.io.grpc.internal.SerializingExecutor.run(SerializingExecutor.java:133)
	at java.util.concurrent.ThreadPoolExecutor.runWorker(ThreadPoolExecutor.java:1149)
	at java.util.concurrent.ThreadPoolExecutor$Worker.run(ThreadPoolExecutor.java:624)
	at java.lang.Thread.run(Thread.java:750)
2024-01-25 07:57:43,652 [ForkJoinPool.commonPool-worker-3] TRACE client.RaftClient (RaftClientImpl.java:handleIOException(419)) - Stack trace
java.lang.Throwable: TRACE
	at org.apache.ratis.client.impl.RaftClientImpl.handleIOException(RaftClientImpl.java:419)
	at org.apache.ratis.client.impl.RaftClientImpl.handleNotLeaderException(RaftClientImpl.java:399)
	at org.apache.ratis.client.impl.UnorderedAsync.lambda$sendRequestWithRetry$4(UnorderedAsync.java:116)
	at java.util.concurrent.CompletableFuture.uniWhenComplete(CompletableFuture.java:774)
	at java.util.concurrent.CompletableFuture$UniWhenComplete.tryFire(CompletableFuture.java:750)
	at java.util.concurrent.CompletableFuture$Completion.exec(CompletableFuture.java:457)
	at java.util.concurrent.ForkJoinTask.doExec(ForkJoinTask.java:289)
	at java.util.concurrent.ForkJoinPool$WorkQueue.runTask(ForkJoinPool.java:1056)
	at java.util.concurrent.ForkJoinPool.runWorker(ForkJoinPool.java:1692)
	at java.util.concurrent.ForkJoinWorkerThread.run(ForkJoinWorkerThread.java:175)
2024-01-25 07:57:43,653 [ForkJoinPool.commonPool-worker-3] DEBUG client.RaftClient (RaftClientImpl.java:handleIOException(435)) - client-2312CCC7CA78: oldLeader=s1,  curLeader=s0, newLeader=null
2024-01-25 07:57:43,653 [s0@group-796A68A19D2E-LeaderElection6] INFO  server.RaftServer$Division (ServerState.java:setRaftConf(386)) - s0@group-796A68A19D2E: set configuration 24: peers:[s0|localhost:15000, s1|localhost:15004, s2|localhost:15008]|listeners:[], old=null
2024-01-25 07:57:43,653 [ForkJoinPool.commonPool-worker-3] DEBUG impl.UnorderedAsync (UnorderedAsync.java:lambda$sendRequestWithRetry$4(132)) - schedule~ attempt #1 with sleep 100ms and policy RetryForeverWithSleep(sleepTime = 100ms) for RaftClientRequest:client-2312CCC7CA78->s1@group-796A68A19D2E, cid=24, seq=null, Watch-ALL_COMMITTED(7), null
2024-01-25 07:57:43,653 [ForkJoinPool.commonPool-worker-3] DEBUG impl.UnorderedAsync (UnorderedAsync.java:lambda$sendRequestWithRetry$4(83)) - client-2312CCC7CA78: attempt #1 receive~ null
2024-01-25 07:57:43,653 [ForkJoinPool.commonPool-worker-3] TRACE impl.UnorderedAsync (UnorderedAsync.java:lambda$sendRequestWithRetry$4(108)) - client-2312CCC7CA78: attempt #1 failed~ RaftClientRequest:client-2312CCC7CA78->s1@group-796A68A19D2E, cid=26, seq=null, Watch-ALL(8), null
org.apache.ratis.protocol.exceptions.NotLeaderException: Server s1@group-796A68A19D2E is not the leader
	at org.apache.ratis.client.impl.ClientProtoUtils.toRaftClientReply(ClientProtoUtils.java:397)
	at org.apache.ratis.grpc.client.GrpcClientProtocolClient$AsyncStreamObservers$1.onNext(GrpcClientProtocolClient.java:310)
	at org.apache.ratis.grpc.client.GrpcClientProtocolClient$AsyncStreamObservers$1.onNext(GrpcClientProtocolClient.java:305)
	at org.apache.ratis.thirdparty.io.grpc.stub.ClientCalls$StreamObserverToCallListenerAdapter.onMessage(ClientCalls.java:468)
	at org.apache.ratis.thirdparty.io.grpc.ForwardingClientCallListener.onMessage(ForwardingClientCallListener.java:33)
	at org.apache.ratis.thirdparty.io.grpc.internal.ClientCallImpl$ClientStreamListenerImpl$1MessagesAvailable.runInternal(ClientCallImpl.java:660)
	at org.apache.ratis.thirdparty.io.grpc.internal.ClientCallImpl$ClientStreamListenerImpl$1MessagesAvailable.runInContext(ClientCallImpl.java:647)
	at org.apache.ratis.thirdparty.io.grpc.internal.ContextRunnable.run(ContextRunnable.java:37)
	at org.apache.ratis.thirdparty.io.grpc.internal.SerializingExecutor.run(SerializingExecutor.java:133)
	at java.util.concurrent.ThreadPoolExecutor.runWorker(ThreadPoolExecutor.java:1149)
	at java.util.concurrent.ThreadPoolExecutor$Worker.run(ThreadPoolExecutor.java:624)
	at java.lang.Thread.run(Thread.java:750)
2024-01-25 07:57:43,653 [ForkJoinPool.commonPool-worker-3] DEBUG client.RaftClient (RaftClientImpl.java:handleIOException(417)) - client-2312CCC7CA78: suggested new leader: null. Failed RaftClientRequest:client-2312CCC7CA78->s1@group-796A68A19D2E, cid=26, seq=null, Watch-ALL(8), null
org.apache.ratis.protocol.exceptions.NotLeaderException: Server s1@group-796A68A19D2E is not the leader
	at org.apache.ratis.client.impl.ClientProtoUtils.toRaftClientReply(ClientProtoUtils.java:397)
	at org.apache.ratis.grpc.client.GrpcClientProtocolClient$AsyncStreamObservers$1.onNext(GrpcClientProtocolClient.java:310)
	at org.apache.ratis.grpc.client.GrpcClientProtocolClient$AsyncStreamObservers$1.onNext(GrpcClientProtocolClient.java:305)
	at org.apache.ratis.thirdparty.io.grpc.stub.ClientCalls$StreamObserverToCallListenerAdapter.onMessage(ClientCalls.java:468)
	at org.apache.ratis.thirdparty.io.grpc.ForwardingClientCallListener.onMessage(ForwardingClientCallListener.java:33)
	at org.apache.ratis.thirdparty.io.grpc.internal.ClientCallImpl$ClientStreamListenerImpl$1MessagesAvailable.runInternal(ClientCallImpl.java:660)
	at org.apache.ratis.thirdparty.io.grpc.internal.ClientCallImpl$ClientStreamListenerImpl$1MessagesAvailable.runInContext(ClientCallImpl.java:647)
	at org.apache.ratis.thirdparty.io.grpc.internal.ContextRunnable.run(ContextRunnable.java:37)
	at org.apache.ratis.thirdparty.io.grpc.internal.SerializingExecutor.run(SerializingExecutor.java:133)
	at java.util.concurrent.ThreadPoolExecutor.runWorker(ThreadPoolExecutor.java:1149)
	at java.util.concurrent.ThreadPoolExecutor$Worker.run(ThreadPoolExecutor.java:624)
	at java.lang.Thread.run(Thread.java:750)
2024-01-25 07:57:43,653 [ForkJoinPool.commonPool-worker-3] TRACE client.RaftClient (RaftClientImpl.java:handleIOException(419)) - Stack trace
java.lang.Throwable: TRACE
	at org.apache.ratis.client.impl.RaftClientImpl.handleIOException(RaftClientImpl.java:419)
	at org.apache.ratis.client.impl.RaftClientImpl.handleNotLeaderException(RaftClientImpl.java:399)
	at org.apache.ratis.client.impl.UnorderedAsync.lambda$sendRequestWithRetry$4(UnorderedAsync.java:116)
	at java.util.concurrent.CompletableFuture.uniWhenComplete(CompletableFuture.java:774)
	at java.util.concurrent.CompletableFuture$UniWhenComplete.tryFire(CompletableFuture.java:750)
	at java.util.concurrent.CompletableFuture$Completion.exec(CompletableFuture.java:457)
	at java.util.concurrent.ForkJoinTask.doExec(ForkJoinTask.java:289)
	at java.util.concurrent.ForkJoinPool$WorkQueue.runTask(ForkJoinPool.java:1056)
	at java.util.concurrent.ForkJoinPool.runWorker(ForkJoinPool.java:1692)
	at java.util.concurrent.ForkJoinWorkerThread.run(ForkJoinWorkerThread.java:175)
2024-01-25 07:57:43,653 [ForkJoinPool.commonPool-worker-3] DEBUG client.RaftClient (RaftClientImpl.java:handleIOException(435)) - client-2312CCC7CA78: oldLeader=s1,  curLeader=s0, newLeader=null
2024-01-25 07:57:43,653 [ForkJoinPool.commonPool-worker-3] DEBUG impl.UnorderedAsync (UnorderedAsync.java:lambda$sendRequestWithRetry$4(132)) - schedule~ attempt #1 with sleep 100ms and policy RetryForeverWithSleep(sleepTime = 100ms) for RaftClientRequest:client-2312CCC7CA78->s1@group-796A68A19D2E, cid=26, seq=null, Watch-ALL(8), null
2024-01-25 07:57:43,653 [ForkJoinPool.commonPool-worker-3] DEBUG impl.UnorderedAsync (UnorderedAsync.java:lambda$sendRequestWithRetry$4(83)) - client-2312CCC7CA78: attempt #1 receive~ null
2024-01-25 07:57:43,652 [ForkJoinPool.commonPool-worker-1] DEBUG client.RaftClient (RaftClientImpl.java:handleIOException(435)) - client-2312CCC7CA78: oldLeader=s1,  curLeader=s1, newLeader=s0
2024-01-25 07:57:43,650 [s0@group-796A68A19D2E-SegmentedRaftLogWorker] TRACE util.FileUtils (LogUtils.java:runAndLog(49)) - Successfully ran Atomic Files.move /home/runner/work/ratis/ratis/ratis-test/target/test/data/d3464635/MiniRaftClusterWithGrpc1ed7d450/s0/6ac8c789-bb5d-44a1-a5d6-796a68a19d2e/current/log_inprogress_3 to /home/runner/work/ratis/ratis/ratis-test/target/test/data/d3464635/MiniRaftClusterWithGrpc1ed7d450/s0/6ac8c789-bb5d-44a1-a5d6-796a68a19d2e/current/log_3-23
2024-01-25 07:57:43,654 [s0@group-796A68A19D2E-SegmentedRaftLogWorker] INFO  segmented.SegmentedRaftLogWorker (SegmentedRaftLogWorker.java:execute(591)) - s0@group-796A68A19D2E-SegmentedRaftLogWorker: Rolled log segment from /home/runner/work/ratis/ratis/ratis-test/target/test/data/d3464635/MiniRaftClusterWithGrpc1ed7d450/s0/6ac8c789-bb5d-44a1-a5d6-796a68a19d2e/current/log_inprogress_3 to /home/runner/work/ratis/ratis/ratis-test/target/test/data/d3464635/MiniRaftClusterWithGrpc1ed7d450/s0/6ac8c789-bb5d-44a1-a5d6-796a68a19d2e/current/log_3-23
2024-01-25 07:57:43,654 [s0@group-796A68A19D2E-SegmentedRaftLogWorker] INFO  segmented.BufferedWriteChannel (BufferedWriteChannel.java:open(61)) - open log_inprogress_24 at position 0
2024-01-25 07:57:43,659 [ForkJoinPool.commonPool-worker-3] TRACE impl.UnorderedAsync (UnorderedAsync.java:lambda$sendRequestWithRetry$4(108)) - client-2312CCC7CA78: attempt #1 failed~ RaftClientRequest:client-2312CCC7CA78->s1@group-796A68A19D2E, cid=28, seq=null, Watch-ALL_COMMITTED(8), null
org.apache.ratis.protocol.exceptions.NotLeaderException: Server s1@group-796A68A19D2E is not the leader
	at org.apache.ratis.client.impl.ClientProtoUtils.toRaftClientReply(ClientProtoUtils.java:397)
	at org.apache.ratis.grpc.client.GrpcClientProtocolClient$AsyncStreamObservers$1.onNext(GrpcClientProtocolClient.java:310)
	at org.apache.ratis.grpc.client.GrpcClientProtocolClient$AsyncStreamObservers$1.onNext(GrpcClientProtocolClient.java:305)
	at org.apache.ratis.thirdparty.io.grpc.stub.ClientCalls$StreamObserverToCallListenerAdapter.onMessage(ClientCalls.java:468)
	at org.apache.ratis.thirdparty.io.grpc.ForwardingClientCallListener.onMessage(ForwardingClientCallListener.java:33)
	at org.apache.ratis.thirdparty.io.grpc.internal.ClientCallImpl$ClientStreamListenerImpl$1MessagesAvailable.runInternal(ClientCallImpl.java:660)
	at org.apache.ratis.thirdparty.io.grpc.internal.ClientCallImpl$ClientStreamListenerImpl$1MessagesAvailable.runInContext(ClientCallImpl.java:647)
	at org.apache.ratis.thirdparty.io.grpc.internal.ContextRunnable.run(ContextRunnable.java:37)
	at org.apache.ratis.thirdparty.io.grpc.internal.SerializingExecutor.run(SerializingExecutor.java:133)
	at java.util.concurrent.ThreadPoolExecutor.runWorker(ThreadPoolExecutor.java:1149)
	at java.util.concurrent.ThreadPoolExecutor$Worker.run(ThreadPoolExecutor.java:624)
	at java.lang.Thread.run(Thread.java:750)
2024-01-25 07:57:43,660 [ForkJoinPool.commonPool-worker-3] DEBUG client.RaftClient (RaftClientImpl.java:handleIOException(417)) - client-2312CCC7CA78: suggested new leader: null. Failed RaftClientRequest:client-2312CCC7CA78->s1@group-796A68A19D2E, cid=28, seq=null, Watch-ALL_COMMITTED(8), null
org.apache.ratis.protocol.exceptions.NotLeaderException: Server s1@group-796A68A19D2E is not the leader
	at org.apache.ratis.client.impl.ClientProtoUtils.toRaftClientReply(ClientProtoUtils.java:397)
	at org.apache.ratis.grpc.client.GrpcClientProtocolClient$AsyncStreamObservers$1.onNext(GrpcClientProtocolClient.java:310)
	at org.apache.ratis.grpc.client.GrpcClientProtocolClient$AsyncStreamObservers$1.onNext(GrpcClientProtocolClient.java:305)
	at org.apache.ratis.thirdparty.io.grpc.stub.ClientCalls$StreamObserverToCallListenerAdapter.onMessage(ClientCalls.java:468)
	at org.apache.ratis.thirdparty.io.grpc.ForwardingClientCallListener.onMessage(ForwardingClientCallListener.java:33)
	at org.apache.ratis.thirdparty.io.grpc.internal.ClientCallImpl$ClientStreamListenerImpl$1MessagesAvailable.runInternal(ClientCallImpl.java:660)
	at org.apache.ratis.thirdparty.io.grpc.internal.ClientCallImpl$ClientStreamListenerImpl$1MessagesAvailable.runInContext(ClientCallImpl.java:647)
	at org.apache.ratis.thirdparty.io.grpc.internal.ContextRunnable.run(ContextRunnable.java:37)
	at org.apache.ratis.thirdparty.io.grpc.internal.SerializingExecutor.run(SerializingExecutor.java:133)
	at java.util.concurrent.ThreadPoolExecutor.runWorker(ThreadPoolExecutor.java:1149)
	at java.util.concurrent.ThreadPoolExecutor$Worker.run(ThreadPoolExecutor.java:624)
	at java.lang.Thread.run(Thread.java:750)
2024-01-25 07:57:43,660 [ForkJoinPool.commonPool-worker-3] TRACE client.RaftClient (RaftClientImpl.java:handleIOException(419)) - Stack trace
java.lang.Throwable: TRACE
	at org.apache.ratis.client.impl.RaftClientImpl.handleIOException(RaftClientImpl.java:419)
	at org.apache.ratis.client.impl.RaftClientImpl.handleNotLeaderException(RaftClientImpl.java:399)
	at org.apache.ratis.client.impl.UnorderedAsync.lambda$sendRequestWithRetry$4(UnorderedAsync.java:116)
	at java.util.concurrent.CompletableFuture.uniWhenComplete(CompletableFuture.java:774)
	at java.util.concurrent.CompletableFuture$UniWhenComplete.tryFire(CompletableFuture.java:750)
	at java.util.concurrent.CompletableFuture$Completion.exec(CompletableFuture.java:457)
	at java.util.concurrent.ForkJoinTask.doExec(ForkJoinTask.java:289)
	at java.util.concurrent.ForkJoinPool$WorkQueue.runTask(ForkJoinPool.java:1056)
	at java.util.concurrent.ForkJoinPool.runWorker(ForkJoinPool.java:1692)
	at java.util.concurrent.ForkJoinWorkerThread.run(ForkJoinWorkerThread.java:175)
2024-01-25 07:57:43,661 [ForkJoinPool.commonPool-worker-3] DEBUG client.RaftClient (RaftClientImpl.java:handleIOException(435)) - client-2312CCC7CA78: oldLeader=s1,  curLeader=s0, newLeader=null
2024-01-25 07:57:43,661 [ForkJoinPool.commonPool-worker-3] DEBUG impl.UnorderedAsync (UnorderedAsync.java:lambda$sendRequestWithRetry$4(132)) - schedule~ attempt #1 with sleep 100ms and policy RetryForeverWithSleep(sleepTime = 100ms) for RaftClientRequest:client-2312CCC7CA78->s1@group-796A68A19D2E, cid=28, seq=null, Watch-ALL_COMMITTED(8), null
2024-01-25 07:57:43,661 [ForkJoinPool.commonPool-worker-3] DEBUG impl.UnorderedAsync (UnorderedAsync.java:lambda$sendRequestWithRetry$4(83)) - client-2312CCC7CA78: attempt #1 receive~ null
2024-01-25 07:57:43,661 [ForkJoinPool.commonPool-worker-3] TRACE impl.UnorderedAsync (UnorderedAsync.java:lambda$sendRequestWithRetry$4(108)) - client-2312CCC7CA78: attempt #1 failed~ RaftClientRequest:client-2312CCC7CA78->s1@group-796A68A19D2E, cid=30, seq=null, Watch-ALL(10), null
org.apache.ratis.protocol.exceptions.NotLeaderException: Server s1@group-796A68A19D2E is not the leader
	at org.apache.ratis.client.impl.ClientProtoUtils.toRaftClientReply(ClientProtoUtils.java:397)
	at org.apache.ratis.grpc.client.GrpcClientProtocolClient$AsyncStreamObservers$1.onNext(GrpcClientProtocolClient.java:310)
	at org.apache.ratis.grpc.client.GrpcClientProtocolClient$AsyncStreamObservers$1.onNext(GrpcClientProtocolClient.java:305)
	at org.apache.ratis.thirdparty.io.grpc.stub.ClientCalls$StreamObserverToCallListenerAdapter.onMessage(ClientCalls.java:468)
	at org.apache.ratis.thirdparty.io.grpc.ForwardingClientCallListener.onMessage(ForwardingClientCallListener.java:33)
	at org.apache.ratis.thirdparty.io.grpc.internal.ClientCallImpl$ClientStreamListenerImpl$1MessagesAvailable.runInternal(ClientCallImpl.java:660)
	at org.apache.ratis.thirdparty.io.grpc.internal.ClientCallImpl$ClientStreamListenerImpl$1MessagesAvailable.runInContext(ClientCallImpl.java:647)
	at org.apache.ratis.thirdparty.io.grpc.internal.ContextRunnable.run(ContextRunnable.java:37)
	at org.apache.ratis.thirdparty.io.grpc.internal.SerializingExecutor.run(SerializingExecutor.java:133)
	at java.util.concurrent.ThreadPoolExecutor.runWorker(ThreadPoolExecutor.java:1149)
	at java.util.concurrent.ThreadPoolExecutor$Worker.run(ThreadPoolExecutor.java:624)
	at java.lang.Thread.run(Thread.java:750)
2024-01-25 07:57:43,661 [ForkJoinPool.commonPool-worker-3] DEBUG client.RaftClient (RaftClientImpl.java:handleIOException(417)) - client-2312CCC7CA78: suggested new leader: null. Failed RaftClientRequest:client-2312CCC7CA78->s1@group-796A68A19D2E, cid=30, seq=null, Watch-ALL(10), null
org.apache.ratis.protocol.exceptions.NotLeaderException: Server s1@group-796A68A19D2E is not the leader
	at org.apache.ratis.client.impl.ClientProtoUtils.toRaftClientReply(ClientProtoUtils.java:397)
	at org.apache.ratis.grpc.client.GrpcClientProtocolClient$AsyncStreamObservers$1.onNext(GrpcClientProtocolClient.java:310)
	at org.apache.ratis.grpc.client.GrpcClientProtocolClient$AsyncStreamObservers$1.onNext(GrpcClientProtocolClient.java:305)
	at org.apache.ratis.thirdparty.io.grpc.stub.ClientCalls$StreamObserverToCallListenerAdapter.onMessage(ClientCalls.java:468)
	at org.apache.ratis.thirdparty.io.grpc.ForwardingClientCallListener.onMessage(ForwardingClientCallListener.java:33)
	at org.apache.ratis.thirdparty.io.grpc.internal.ClientCallImpl$ClientStreamListenerImpl$1MessagesAvailable.runInternal(ClientCallImpl.java:660)
	at org.apache.ratis.thirdparty.io.grpc.internal.ClientCallImpl$ClientStreamListenerImpl$1MessagesAvailable.runInContext(ClientCallImpl.java:647)
	at org.apache.ratis.thirdparty.io.grpc.internal.ContextRunnable.run(ContextRunnable.java:37)
	at org.apache.ratis.thirdparty.io.grpc.internal.SerializingExecutor.run(SerializingExecutor.java:133)
	at java.util.concurrent.ThreadPoolExecutor.runWorker(ThreadPoolExecutor.java:1149)
	at java.util.concurrent.ThreadPoolExecutor$Worker.run(ThreadPoolExecutor.java:624)
	at java.lang.Thread.run(Thread.java:750)
2024-01-25 07:57:43,661 [ForkJoinPool.commonPool-worker-3] TRACE client.RaftClient (RaftClientImpl.java:handleIOException(419)) - Stack trace
java.lang.Throwable: TRACE
	at org.apache.ratis.client.impl.RaftClientImpl.handleIOException(RaftClientImpl.java:419)
	at org.apache.ratis.client.impl.RaftClientImpl.handleNotLeaderException(RaftClientImpl.java:399)
	at org.apache.ratis.client.impl.UnorderedAsync.lambda$sendRequestWithRetry$4(UnorderedAsync.java:116)
	at java.util.concurrent.CompletableFuture.uniWhenComplete(CompletableFuture.java:774)
	at java.util.concurrent.CompletableFuture$UniWhenComplete.tryFire(CompletableFuture.java:750)
	at java.util.concurrent.CompletableFuture$Completion.exec(CompletableFuture.java:457)
	at java.util.concurrent.ForkJoinTask.doExec(ForkJoinTask.java:289)
	at java.util.concurrent.ForkJoinPool$WorkQueue.runTask(ForkJoinPool.java:1056)
	at java.util.concurrent.ForkJoinPool.runWorker(ForkJoinPool.java:1692)
	at java.util.concurrent.ForkJoinWorkerThread.run(ForkJoinWorkerThread.java:175)
2024-01-25 07:57:43,661 [ForkJoinPool.commonPool-worker-3] DEBUG client.RaftClient (RaftClientImpl.java:handleIOException(435)) - client-2312CCC7CA78: oldLeader=s1,  curLeader=s0, newLeader=null
2024-01-25 07:57:43,661 [ForkJoinPool.commonPool-worker-3] DEBUG impl.UnorderedAsync (UnorderedAsync.java:lambda$sendRequestWithRetry$4(132)) - schedule~ attempt #1 with sleep 100ms and policy RetryForeverWithSleep(sleepTime = 100ms) for RaftClientRequest:client-2312CCC7CA78->s1@group-796A68A19D2E, cid=30, seq=null, Watch-ALL(10), null
2024-01-25 07:57:43,661 [ForkJoinPool.commonPool-worker-3] DEBUG impl.UnorderedAsync (UnorderedAsync.java:lambda$sendRequestWithRetry$4(83)) - client-2312CCC7CA78: attempt #1 receive~ null
2024-01-25 07:57:43,661 [ForkJoinPool.commonPool-worker-3] TRACE impl.UnorderedAsync (UnorderedAsync.java:lambda$sendRequestWithRetry$4(108)) - client-2312CCC7CA78: attempt #1 failed~ RaftClientRequest:client-2312CCC7CA78->s1@group-796A68A19D2E, cid=32, seq=null, Watch-ALL_COMMITTED(10), null
org.apache.ratis.protocol.exceptions.NotLeaderException: Server s1@group-796A68A19D2E is not the leader
	at org.apache.ratis.client.impl.ClientProtoUtils.toRaftClientReply(ClientProtoUtils.java:397)
	at org.apache.ratis.grpc.client.GrpcClientProtocolClient$AsyncStreamObservers$1.onNext(GrpcClientProtocolClient.java:310)
	at org.apache.ratis.grpc.client.GrpcClientProtocolClient$AsyncStreamObservers$1.onNext(GrpcClientProtocolClient.java:305)
	at org.apache.ratis.thirdparty.io.grpc.stub.ClientCalls$StreamObserverToCallListenerAdapter.onMessage(ClientCalls.java:468)
	at org.apache.ratis.thirdparty.io.grpc.ForwardingClientCallListener.onMessage(ForwardingClientCallListener.java:33)
	at org.apache.ratis.thirdparty.io.grpc.internal.ClientCallImpl$ClientStreamListenerImpl$1MessagesAvailable.runInternal(ClientCallImpl.java:660)
	at org.apache.ratis.thirdparty.io.grpc.internal.ClientCallImpl$ClientStreamListenerImpl$1MessagesAvailable.runInContext(ClientCallImpl.java:647)
	at org.apache.ratis.thirdparty.io.grpc.internal.ContextRunnable.run(ContextRunnable.java:37)
	at org.apache.ratis.thirdparty.io.grpc.internal.SerializingExecutor.run(SerializingExecutor.java:133)
	at java.util.concurrent.ThreadPoolExecutor.runWorker(ThreadPoolExecutor.java:1149)
	at java.util.concurrent.ThreadPoolExecutor$Worker.run(ThreadPoolExecutor.java:624)
	at java.lang.Thread.run(Thread.java:750)
2024-01-25 07:57:43,661 [ForkJoinPool.commonPool-worker-3] DEBUG client.RaftClient (RaftClientImpl.java:handleIOException(417)) - client-2312CCC7CA78: suggested new leader: null. Failed RaftClientRequest:client-2312CCC7CA78->s1@group-796A68A19D2E, cid=32, seq=null, Watch-ALL_COMMITTED(10), null
org.apache.ratis.protocol.exceptions.NotLeaderException: Server s1@group-796A68A19D2E is not the leader
	at org.apache.ratis.client.impl.ClientProtoUtils.toRaftClientReply(ClientProtoUtils.java:397)
	at org.apache.ratis.grpc.client.GrpcClientProtocolClient$AsyncStreamObservers$1.onNext(GrpcClientProtocolClient.java:310)
	at org.apache.ratis.grpc.client.GrpcClientProtocolClient$AsyncStreamObservers$1.onNext(GrpcClientProtocolClient.java:305)
	at org.apache.ratis.thirdparty.io.grpc.stub.ClientCalls$StreamObserverToCallListenerAdapter.onMessage(ClientCalls.java:468)
	at org.apache.ratis.thirdparty.io.grpc.ForwardingClientCallListener.onMessage(ForwardingClientCallListener.java:33)
	at org.apache.ratis.thirdparty.io.grpc.internal.ClientCallImpl$ClientStreamListenerImpl$1MessagesAvailable.runInternal(ClientCallImpl.java:660)
	at org.apache.ratis.thirdparty.io.grpc.internal.ClientCallImpl$ClientStreamListenerImpl$1MessagesAvailable.runInContext(ClientCallImpl.java:647)
	at org.apache.ratis.thirdparty.io.grpc.internal.ContextRunnable.run(ContextRunnable.java:37)
	at org.apache.ratis.thirdparty.io.grpc.internal.SerializingExecutor.run(SerializingExecutor.java:133)
	at java.util.concurrent.ThreadPoolExecutor.runWorker(ThreadPoolExecutor.java:1149)
	at java.util.concurrent.ThreadPoolExecutor$Worker.run(ThreadPoolExecutor.java:624)
	at java.lang.Thread.run(Thread.java:750)
2024-01-25 07:57:43,661 [ForkJoinPool.commonPool-worker-3] TRACE client.RaftClient (RaftClientImpl.java:handleIOException(419)) - Stack trace
java.lang.Throwable: TRACE
	at org.apache.ratis.client.impl.RaftClientImpl.handleIOException(RaftClientImpl.java:419)
	at org.apache.ratis.client.impl.RaftClientImpl.handleNotLeaderException(RaftClientImpl.java:399)
	at org.apache.ratis.client.impl.UnorderedAsync.lambda$sendRequestWithRetry$4(UnorderedAsync.java:116)
	at java.util.concurrent.CompletableFuture.uniWhenComplete(CompletableFuture.java:774)
	at java.util.concurrent.CompletableFuture$UniWhenComplete.tryFire(CompletableFuture.java:750)
	at java.util.concurrent.CompletableFuture$Completion.exec(CompletableFuture.java:457)
	at java.util.concurrent.ForkJoinTask.doExec(ForkJoinTask.java:289)
	at java.util.concurrent.ForkJoinPool$WorkQueue.runTask(ForkJoinPool.java:1056)
	at java.util.concurrent.ForkJoinPool.runWorker(ForkJoinPool.java:1692)
	at java.util.concurrent.ForkJoinWorkerThread.run(ForkJoinWorkerThread.java:175)
2024-01-25 07:57:43,662 [ForkJoinPool.commonPool-worker-3] DEBUG client.RaftClient (RaftClientImpl.java:handleIOException(435)) - client-2312CCC7CA78: oldLeader=s1,  curLeader=s0, newLeader=null
2024-01-25 07:57:43,662 [ForkJoinPool.commonPool-worker-3] DEBUG impl.UnorderedAsync (UnorderedAsync.java:lambda$sendRequestWithRetry$4(132)) - schedule~ attempt #1 with sleep 100ms and policy RetryForeverWithSleep(sleepTime = 100ms) for RaftClientRequest:client-2312CCC7CA78->s1@group-796A68A19D2E, cid=32, seq=null, Watch-ALL_COMMITTED(10), null
2024-01-25 07:57:43,662 [ForkJoinPool.commonPool-worker-3] DEBUG impl.UnorderedAsync (UnorderedAsync.java:lambda$sendRequestWithRetry$4(83)) - client-2312CCC7CA78: attempt #1 receive~ null
2024-01-25 07:57:43,662 [ForkJoinPool.commonPool-worker-3] TRACE impl.UnorderedAsync (UnorderedAsync.java:lambda$sendRequestWithRetry$4(108)) - client-2312CCC7CA78: attempt #1 failed~ RaftClientRequest:client-2312CCC7CA78->s1@group-796A68A19D2E, cid=34, seq=null, Watch-ALL(13), null
org.apache.ratis.protocol.exceptions.NotLeaderException: Server s1@group-796A68A19D2E is not the leader
	at org.apache.ratis.client.impl.ClientProtoUtils.toRaftClientReply(ClientProtoUtils.java:397)
	at org.apache.ratis.grpc.client.GrpcClientProtocolClient$AsyncStreamObservers$1.onNext(GrpcClientProtocolClient.java:310)
	at org.apache.ratis.grpc.client.GrpcClientProtocolClient$AsyncStreamObservers$1.onNext(GrpcClientProtocolClient.java:305)
	at org.apache.ratis.thirdparty.io.grpc.stub.ClientCalls$StreamObserverToCallListenerAdapter.onMessage(ClientCalls.java:468)
	at org.apache.ratis.thirdparty.io.grpc.ForwardingClientCallListener.onMessage(ForwardingClientCallListener.java:33)
	at org.apache.ratis.thirdparty.io.grpc.internal.ClientCallImpl$ClientStreamListenerImpl$1MessagesAvailable.runInternal(ClientCallImpl.java:660)
	at org.apache.ratis.thirdparty.io.grpc.internal.ClientCallImpl$ClientStreamListenerImpl$1MessagesAvailable.runInContext(ClientCallImpl.java:647)
	at org.apache.ratis.thirdparty.io.grpc.internal.ContextRunnable.run(ContextRunnable.java:37)
	at org.apache.ratis.thirdparty.io.grpc.internal.SerializingExecutor.run(SerializingExecutor.java:133)
	at java.util.concurrent.ThreadPoolExecutor.runWorker(ThreadPoolExecutor.java:1149)
	at java.util.concurrent.ThreadPoolExecutor$Worker.run(ThreadPoolExecutor.java:624)
	at java.lang.Thread.run(Thread.java:750)
2024-01-25 07:57:43,662 [ForkJoinPool.commonPool-worker-3] DEBUG client.RaftClient (RaftClientImpl.java:handleIOException(417)) - client-2312CCC7CA78: suggested new leader: null. Failed RaftClientRequest:client-2312CCC7CA78->s1@group-796A68A19D2E, cid=34, seq=null, Watch-ALL(13), null
org.apache.ratis.protocol.exceptions.NotLeaderException: Server s1@group-796A68A19D2E is not the leader
	at org.apache.ratis.client.impl.ClientProtoUtils.toRaftClientReply(ClientProtoUtils.java:397)
	at org.apache.ratis.grpc.client.GrpcClientProtocolClient$AsyncStreamObservers$1.onNext(GrpcClientProtocolClient.java:310)
	at org.apache.ratis.grpc.client.GrpcClientProtocolClient$AsyncStreamObservers$1.onNext(GrpcClientProtocolClient.java:305)
	at org.apache.ratis.thirdparty.io.grpc.stub.ClientCalls$StreamObserverToCallListenerAdapter.onMessage(ClientCalls.java:468)
	at org.apache.ratis.thirdparty.io.grpc.ForwardingClientCallListener.onMessage(ForwardingClientCallListener.java:33)
	at org.apache.ratis.thirdparty.io.grpc.internal.ClientCallImpl$ClientStreamListenerImpl$1MessagesAvailable.runInternal(ClientCallImpl.java:660)
	at org.apache.ratis.thirdparty.io.grpc.internal.ClientCallImpl$ClientStreamListenerImpl$1MessagesAvailable.runInContext(ClientCallImpl.java:647)
	at org.apache.ratis.thirdparty.io.grpc.internal.ContextRunnable.run(ContextRunnable.java:37)
	at org.apache.ratis.thirdparty.io.grpc.internal.SerializingExecutor.run(SerializingExecutor.java:133)
	at java.util.concurrent.ThreadPoolExecutor.runWorker(ThreadPoolExecutor.java:1149)
	at java.util.concurrent.ThreadPoolExecutor$Worker.run(ThreadPoolExecutor.java:624)
	at java.lang.Thread.run(Thread.java:750)
2024-01-25 07:57:43,662 [ForkJoinPool.commonPool-worker-3] TRACE client.RaftClient (RaftClientImpl.java:handleIOException(419)) - Stack trace
java.lang.Throwable: TRACE
	at org.apache.ratis.client.impl.RaftClientImpl.handleIOException(RaftClientImpl.java:419)
	at org.apache.ratis.client.impl.RaftClientImpl.handleNotLeaderException(RaftClientImpl.java:399)
	at org.apache.ratis.client.impl.UnorderedAsync.lambda$sendRequestWithRetry$4(UnorderedAsync.java:116)
	at java.util.concurrent.CompletableFuture.uniWhenComplete(CompletableFuture.java:774)
	at java.util.concurrent.CompletableFuture$UniWhenComplete.tryFire(CompletableFuture.java:750)
	at java.util.concurrent.CompletableFuture$Completion.exec(CompletableFuture.java:457)
	at java.util.concurrent.ForkJoinTask.doExec(ForkJoinTask.java:289)
	at java.util.concurrent.ForkJoinPool$WorkQueue.runTask(ForkJoinPool.java:1056)
	at java.util.concurrent.ForkJoinPool.runWorker(ForkJoinPool.java:1692)
	at java.util.concurrent.ForkJoinWorkerThread.run(ForkJoinWorkerThread.java:175)
2024-01-25 07:57:43,662 [ForkJoinPool.commonPool-worker-3] DEBUG client.RaftClient (RaftClientImpl.java:handleIOException(435)) - client-2312CCC7CA78: oldLeader=s1,  curLeader=s0, newLeader=null
2024-01-25 07:57:43,662 [ForkJoinPool.commonPool-worker-3] DEBUG impl.UnorderedAsync (UnorderedAsync.java:lambda$sendRequestWithRetry$4(132)) - schedule~ attempt #1 with sleep 100ms and policy RetryForeverWithSleep(sleepTime = 100ms) for RaftClientRequest:client-2312CCC7CA78->s1@group-796A68A19D2E, cid=34, seq=null, Watch-ALL(13), null
2024-01-25 07:57:43,662 [ForkJoinPool.commonPool-worker-3] DEBUG impl.UnorderedAsync (UnorderedAsync.java:lambda$sendRequestWithRetry$4(83)) - client-2312CCC7CA78: attempt #1 receive~ null
2024-01-25 07:57:43,662 [ForkJoinPool.commonPool-worker-3] TRACE impl.UnorderedAsync (UnorderedAsync.java:lambda$sendRequestWithRetry$4(108)) - client-2312CCC7CA78: attempt #1 failed~ RaftClientRequest:client-2312CCC7CA78->s1@group-796A68A19D2E, cid=36, seq=null, Watch-ALL_COMMITTED(13), null
org.apache.ratis.protocol.exceptions.NotLeaderException: Server s1@group-796A68A19D2E is not the leader
	at org.apache.ratis.client.impl.ClientProtoUtils.toRaftClientReply(ClientProtoUtils.java:397)
	at org.apache.ratis.grpc.client.GrpcClientProtocolClient$AsyncStreamObservers$1.onNext(GrpcClientProtocolClient.java:310)
	at org.apache.ratis.grpc.client.GrpcClientProtocolClient$AsyncStreamObservers$1.onNext(GrpcClientProtocolClient.java:305)
	at org.apache.ratis.thirdparty.io.grpc.stub.ClientCalls$StreamObserverToCallListenerAdapter.onMessage(ClientCalls.java:468)
	at org.apache.ratis.thirdparty.io.grpc.ForwardingClientCallListener.onMessage(ForwardingClientCallListener.java:33)
	at org.apache.ratis.thirdparty.io.grpc.internal.ClientCallImpl$ClientStreamListenerImpl$1MessagesAvailable.runInternal(ClientCallImpl.java:660)
	at org.apache.ratis.thirdparty.io.grpc.internal.ClientCallImpl$ClientStreamListenerImpl$1MessagesAvailable.runInContext(ClientCallImpl.java:647)
	at org.apache.ratis.thirdparty.io.grpc.internal.ContextRunnable.run(ContextRunnable.java:37)
	at org.apache.ratis.thirdparty.io.grpc.internal.SerializingExecutor.run(SerializingExecutor.java:133)
	at java.util.concurrent.ThreadPoolExecutor.runWorker(ThreadPoolExecutor.java:1149)
	at java.util.concurrent.ThreadPoolExecutor$Worker.run(ThreadPoolExecutor.java:624)
	at java.lang.Thread.run(Thread.java:750)
2024-01-25 07:57:43,662 [ForkJoinPool.commonPool-worker-3] DEBUG client.RaftClient (RaftClientImpl.java:handleIOException(417)) - client-2312CCC7CA78: suggested new leader: null. Failed RaftClientRequest:client-2312CCC7CA78->s1@group-796A68A19D2E, cid=36, seq=null, Watch-ALL_COMMITTED(13), null
org.apache.ratis.protocol.exceptions.NotLeaderException: Server s1@group-796A68A19D2E is not the leader
	at org.apache.ratis.client.impl.ClientProtoUtils.toRaftClientReply(ClientProtoUtils.java:397)
	at org.apache.ratis.grpc.client.GrpcClientProtocolClient$AsyncStreamObservers$1.onNext(GrpcClientProtocolClient.java:310)
	at org.apache.ratis.grpc.client.GrpcClientProtocolClient$AsyncStreamObservers$1.onNext(GrpcClientProtocolClient.java:305)
	at org.apache.ratis.thirdparty.io.grpc.stub.ClientCalls$StreamObserverToCallListenerAdapter.onMessage(ClientCalls.java:468)
	at org.apache.ratis.thirdparty.io.grpc.ForwardingClientCallListener.onMessage(ForwardingClientCallListener.java:33)
	at org.apache.ratis.thirdparty.io.grpc.internal.ClientCallImpl$ClientStreamListenerImpl$1MessagesAvailable.runInternal(ClientCallImpl.java:660)
	at org.apache.ratis.thirdparty.io.grpc.internal.ClientCallImpl$ClientStreamListenerImpl$1MessagesAvailable.runInContext(ClientCallImpl.java:647)
	at org.apache.ratis.thirdparty.io.grpc.internal.ContextRunnable.run(ContextRunnable.java:37)
	at org.apache.ratis.thirdparty.io.grpc.internal.SerializingExecutor.run(SerializingExecutor.java:133)
	at java.util.concurrent.ThreadPoolExecutor.runWorker(ThreadPoolExecutor.java:1149)
	at java.util.concurrent.ThreadPoolExecutor$Worker.run(ThreadPoolExecutor.java:624)
	at java.lang.Thread.run(Thread.java:750)
2024-01-25 07:57:43,662 [ForkJoinPool.commonPool-worker-3] TRACE client.RaftClient (RaftClientImpl.java:handleIOException(419)) - Stack trace
java.lang.Throwable: TRACE
	at org.apache.ratis.client.impl.RaftClientImpl.handleIOException(RaftClientImpl.java:419)
	at org.apache.ratis.client.impl.RaftClientImpl.handleNotLeaderException(RaftClientImpl.java:399)
	at org.apache.ratis.client.impl.UnorderedAsync.lambda$sendRequestWithRetry$4(UnorderedAsync.java:116)
	at java.util.concurrent.CompletableFuture.uniWhenComplete(CompletableFuture.java:774)
	at java.util.concurrent.CompletableFuture$UniWhenComplete.tryFire(CompletableFuture.java:750)
	at java.util.concurrent.CompletableFuture$Completion.exec(CompletableFuture.java:457)
	at java.util.concurrent.ForkJoinTask.doExec(ForkJoinTask.java:289)
	at java.util.concurrent.ForkJoinPool$WorkQueue.runTask(ForkJoinPool.java:1056)
	at java.util.concurrent.ForkJoinPool.runWorker(ForkJoinPool.java:1692)
	at java.util.concurrent.ForkJoinWorkerThread.run(ForkJoinWorkerThread.java:175)
2024-01-25 07:57:43,662 [ForkJoinPool.commonPool-worker-3] DEBUG client.RaftClient (RaftClientImpl.java:handleIOException(435)) - client-2312CCC7CA78: oldLeader=s1,  curLeader=s0, newLeader=null
2024-01-25 07:57:43,663 [ForkJoinPool.commonPool-worker-3] DEBUG impl.UnorderedAsync (UnorderedAsync.java:lambda$sendRequestWithRetry$4(132)) - schedule~ attempt #1 with sleep 100ms and policy RetryForeverWithSleep(sleepTime = 100ms) for RaftClientRequest:client-2312CCC7CA78->s1@group-796A68A19D2E, cid=36, seq=null, Watch-ALL_COMMITTED(13), null
2024-01-25 07:57:43,663 [ForkJoinPool.commonPool-worker-3] DEBUG impl.UnorderedAsync (UnorderedAsync.java:lambda$sendRequestWithRetry$4(83)) - client-2312CCC7CA78: attempt #1 receive~ null
2024-01-25 07:57:43,663 [ForkJoinPool.commonPool-worker-3] TRACE impl.UnorderedAsync (UnorderedAsync.java:lambda$sendRequestWithRetry$4(108)) - client-2312CCC7CA78: attempt #1 failed~ RaftClientRequest:client-2312CCC7CA78->s1@group-796A68A19D2E, cid=38, seq=null, Watch-ALL(14), null
org.apache.ratis.protocol.exceptions.NotLeaderException: Server s1@group-796A68A19D2E is not the leader
	at org.apache.ratis.client.impl.ClientProtoUtils.toRaftClientReply(ClientProtoUtils.java:397)
	at org.apache.ratis.grpc.client.GrpcClientProtocolClient$AsyncStreamObservers$1.onNext(GrpcClientProtocolClient.java:310)
	at org.apache.ratis.grpc.client.GrpcClientProtocolClient$AsyncStreamObservers$1.onNext(GrpcClientProtocolClient.java:305)
	at org.apache.ratis.thirdparty.io.grpc.stub.ClientCalls$StreamObserverToCallListenerAdapter.onMessage(ClientCalls.java:468)
	at org.apache.ratis.thirdparty.io.grpc.ForwardingClientCallListener.onMessage(ForwardingClientCallListener.java:33)
	at org.apache.ratis.thirdparty.io.grpc.internal.ClientCallImpl$ClientStreamListenerImpl$1MessagesAvailable.runInternal(ClientCallImpl.java:660)
	at org.apache.ratis.thirdparty.io.grpc.internal.ClientCallImpl$ClientStreamListenerImpl$1MessagesAvailable.runInContext(ClientCallImpl.java:647)
	at org.apache.ratis.thirdparty.io.grpc.internal.ContextRunnable.run(ContextRunnable.java:37)
	at org.apache.ratis.thirdparty.io.grpc.internal.SerializingExecutor.run(SerializingExecutor.java:133)
	at java.util.concurrent.ThreadPoolExecutor.runWorker(ThreadPoolExecutor.java:1149)
	at java.util.concurrent.ThreadPoolExecutor$Worker.run(ThreadPoolExecutor.java:624)
	at java.lang.Thread.run(Thread.java:750)
2024-01-25 07:57:43,663 [ForkJoinPool.commonPool-worker-3] DEBUG client.RaftClient (RaftClientImpl.java:handleIOException(417)) - client-2312CCC7CA78: suggested new leader: null. Failed RaftClientRequest:client-2312CCC7CA78->s1@group-796A68A19D2E, cid=38, seq=null, Watch-ALL(14), null
org.apache.ratis.protocol.exceptions.NotLeaderException: Server s1@group-796A68A19D2E is not the leader
	at org.apache.ratis.client.impl.ClientProtoUtils.toRaftClientReply(ClientProtoUtils.java:397)
	at org.apache.ratis.grpc.client.GrpcClientProtocolClient$AsyncStreamObservers$1.onNext(GrpcClientProtocolClient.java:310)
	at org.apache.ratis.grpc.client.GrpcClientProtocolClient$AsyncStreamObservers$1.onNext(GrpcClientProtocolClient.java:305)
	at org.apache.ratis.thirdparty.io.grpc.stub.ClientCalls$StreamObserverToCallListenerAdapter.onMessage(ClientCalls.java:468)
	at org.apache.ratis.thirdparty.io.grpc.ForwardingClientCallListener.onMessage(ForwardingClientCallListener.java:33)
	at org.apache.ratis.thirdparty.io.grpc.internal.ClientCallImpl$ClientStreamListenerImpl$1MessagesAvailable.runInternal(ClientCallImpl.java:660)
	at org.apache.ratis.thirdparty.io.grpc.internal.ClientCallImpl$ClientStreamListenerImpl$1MessagesAvailable.runInContext(ClientCallImpl.java:647)
	at org.apache.ratis.thirdparty.io.grpc.internal.ContextRunnable.run(ContextRunnable.java:37)
	at org.apache.ratis.thirdparty.io.grpc.internal.SerializingExecutor.run(SerializingExecutor.java:133)
	at java.util.concurrent.ThreadPoolExecutor.runWorker(ThreadPoolExecutor.java:1149)
	at java.util.concurrent.ThreadPoolExecutor$Worker.run(ThreadPoolExecutor.java:624)
	at java.lang.Thread.run(Thread.java:750)
2024-01-25 07:57:43,663 [ForkJoinPool.commonPool-worker-3] TRACE client.RaftClient (RaftClientImpl.java:handleIOException(419)) - Stack trace
java.lang.Throwable: TRACE
	at org.apache.ratis.client.impl.RaftClientImpl.handleIOException(RaftClientImpl.java:419)
	at org.apache.ratis.client.impl.RaftClientImpl.handleNotLeaderException(RaftClientImpl.java:399)
	at org.apache.ratis.client.impl.UnorderedAsync.lambda$sendRequestWithRetry$4(UnorderedAsync.java:116)
	at java.util.concurrent.CompletableFuture.uniWhenComplete(CompletableFuture.java:774)
	at java.util.concurrent.CompletableFuture$UniWhenComplete.tryFire(CompletableFuture.java:750)
	at java.util.concurrent.CompletableFuture$Completion.exec(CompletableFuture.java:457)
	at java.util.concurrent.ForkJoinTask.doExec(ForkJoinTask.java:289)
	at java.util.concurrent.ForkJoinPool$WorkQueue.runTask(ForkJoinPool.java:1056)
	at java.util.concurrent.ForkJoinPool.runWorker(ForkJoinPool.java:1692)
	at java.util.concurrent.ForkJoinWorkerThread.run(ForkJoinWorkerThread.java:175)
2024-01-25 07:57:43,663 [ForkJoinPool.commonPool-worker-3] DEBUG client.RaftClient (RaftClientImpl.java:handleIOException(435)) - client-2312CCC7CA78: oldLeader=s1,  curLeader=s0, newLeader=null
2024-01-25 07:57:43,663 [ForkJoinPool.commonPool-worker-1] DEBUG impl.UnorderedAsync (UnorderedAsync.java:lambda$sendRequestWithRetry$4(132)) - schedule~ attempt #1 with sleep 100ms and policy RetryForeverWithSleep(sleepTime = 100ms) for RaftClientRequest:client-2312CCC7CA78->s1@group-796A68A19D2E, cid=22, seq=null, Watch-ALL(7), null
2024-01-25 07:57:43,665 [ForkJoinPool.commonPool-worker-1] DEBUG impl.UnorderedAsync (UnorderedAsync.java:lambda$sendRequestWithRetry$4(83)) - client-2312CCC7CA78: attempt #1 receive~ null
2024-01-25 07:57:43,665 [s1-server-thread1] INFO  server.RaftServer$Division (ServerState.java:setLeader(269)) - s1@group-796A68A19D2E: change Leader from null to s0 at term 3 for appendEntries, leader elected after 44ms
2024-01-25 07:57:43,663 [ForkJoinPool.commonPool-worker-3] DEBUG impl.UnorderedAsync (UnorderedAsync.java:lambda$sendRequestWithRetry$4(132)) - schedule~ attempt #1 with sleep 100ms and policy RetryForeverWithSleep(sleepTime = 100ms) for RaftClientRequest:client-2312CCC7CA78->s1@group-796A68A19D2E, cid=38, seq=null, Watch-ALL(14), null
2024-01-25 07:57:43,665 [ForkJoinPool.commonPool-worker-1] TRACE impl.UnorderedAsync (UnorderedAsync.java:lambda$sendRequestWithRetry$4(108)) - client-2312CCC7CA78: attempt #1 failed~ RaftClientRequest:client-2312CCC7CA78->s1@group-796A68A19D2E, cid=40, seq=null, Watch-ALL_COMMITTED(14), null
org.apache.ratis.protocol.exceptions.NotLeaderException: Server s1@group-796A68A19D2E is not the leader
	at org.apache.ratis.client.impl.ClientProtoUtils.toRaftClientReply(ClientProtoUtils.java:397)
	at org.apache.ratis.grpc.client.GrpcClientProtocolClient$AsyncStreamObservers$1.onNext(GrpcClientProtocolClient.java:310)
	at org.apache.ratis.grpc.client.GrpcClientProtocolClient$AsyncStreamObservers$1.onNext(GrpcClientProtocolClient.java:305)
	at org.apache.ratis.thirdparty.io.grpc.stub.ClientCalls$StreamObserverToCallListenerAdapter.onMessage(ClientCalls.java:468)
	at org.apache.ratis.thirdparty.io.grpc.ForwardingClientCallListener.onMessage(ForwardingClientCallListener.java:33)
	at org.apache.ratis.thirdparty.io.grpc.internal.ClientCallImpl$ClientStreamListenerImpl$1MessagesAvailable.runInternal(ClientCallImpl.java:660)
	at org.apache.ratis.thirdparty.io.grpc.internal.ClientCallImpl$ClientStreamListenerImpl$1MessagesAvailable.runInContext(ClientCallImpl.java:647)
	at org.apache.ratis.thirdparty.io.grpc.internal.ContextRunnable.run(ContextRunnable.java:37)
	at org.apache.ratis.thirdparty.io.grpc.internal.SerializingExecutor.run(SerializingExecutor.java:133)
	at java.util.concurrent.ThreadPoolExecutor.runWorker(ThreadPoolExecutor.java:1149)
	at java.util.concurrent.ThreadPoolExecutor$Worker.run(ThreadPoolExecutor.java:624)
	at java.lang.Thread.run(Thread.java:750)
2024-01-25 07:57:43,667 [ForkJoinPool.commonPool-worker-1] DEBUG client.RaftClient (RaftClientImpl.java:handleIOException(417)) - client-2312CCC7CA78: suggested new leader: null. Failed RaftClientRequest:client-2312CCC7CA78->s1@group-796A68A19D2E, cid=40, seq=null, Watch-ALL_COMMITTED(14), null
org.apache.ratis.protocol.exceptions.NotLeaderException: Server s1@group-796A68A19D2E is not the leader
	at org.apache.ratis.client.impl.ClientProtoUtils.toRaftClientReply(ClientProtoUtils.java:397)
	at org.apache.ratis.grpc.client.GrpcClientProtocolClient$AsyncStreamObservers$1.onNext(GrpcClientProtocolClient.java:310)
	at org.apache.ratis.grpc.client.GrpcClientProtocolClient$AsyncStreamObservers$1.onNext(GrpcClientProtocolClient.java:305)
	at org.apache.ratis.thirdparty.io.grpc.stub.ClientCalls$StreamObserverToCallListenerAdapter.onMessage(ClientCalls.java:468)
	at org.apache.ratis.thirdparty.io.grpc.ForwardingClientCallListener.onMessage(ForwardingClientCallListener.java:33)
	at org.apache.ratis.thirdparty.io.grpc.internal.ClientCallImpl$ClientStreamListenerImpl$1MessagesAvailable.runInternal(ClientCallImpl.java:660)
	at org.apache.ratis.thirdparty.io.grpc.internal.ClientCallImpl$ClientStreamListenerImpl$1MessagesAvailable.runInContext(ClientCallImpl.java:647)
	at org.apache.ratis.thirdparty.io.grpc.internal.ContextRunnable.run(ContextRunnable.java:37)
	at org.apache.ratis.thirdparty.io.grpc.internal.SerializingExecutor.run(SerializingExecutor.java:133)
	at java.util.concurrent.ThreadPoolExecutor.runWorker(ThreadPoolExecutor.java:1149)
	at java.util.concurrent.ThreadPoolExecutor$Worker.run(ThreadPoolExecutor.java:624)
	at java.lang.Thread.run(Thread.java:750)
2024-01-25 07:57:43,667 [ForkJoinPool.commonPool-worker-1] TRACE client.RaftClient (RaftClientImpl.java:handleIOException(419)) - Stack trace
java.lang.Throwable: TRACE
	at org.apache.ratis.client.impl.RaftClientImpl.handleIOException(RaftClientImpl.java:419)
	at org.apache.ratis.client.impl.RaftClientImpl.handleNotLeaderException(RaftClientImpl.java:399)
	at org.apache.ratis.client.impl.UnorderedAsync.lambda$sendRequestWithRetry$4(UnorderedAsync.java:116)
	at java.util.concurrent.CompletableFuture.uniWhenComplete(CompletableFuture.java:774)
	at java.util.concurrent.CompletableFuture$UniWhenComplete.tryFire(CompletableFuture.java:750)
	at java.util.concurrent.CompletableFuture$Completion.exec(CompletableFuture.java:457)
	at java.util.concurrent.ForkJoinTask.doExec(ForkJoinTask.java:289)
	at java.util.concurrent.ForkJoinPool$WorkQueue.runTask(ForkJoinPool.java:1056)
	at java.util.concurrent.ForkJoinPool.runWorker(ForkJoinPool.java:1692)
	at java.util.concurrent.ForkJoinWorkerThread.run(ForkJoinWorkerThread.java:175)
2024-01-25 07:57:43,667 [ForkJoinPool.commonPool-worker-3] DEBUG impl.UnorderedAsync (UnorderedAsync.java:lambda$sendRequestWithRetry$4(83)) - client-2312CCC7CA78: attempt #1 receive~ null
2024-01-25 07:57:43,668 [ForkJoinPool.commonPool-worker-3] TRACE impl.UnorderedAsync (UnorderedAsync.java:lambda$sendRequestWithRetry$4(108)) - client-2312CCC7CA78: attempt #1 failed~ RaftClientRequest:client-2312CCC7CA78->s1@group-796A68A19D2E, cid=42, seq=null, Watch-ALL(15), null
org.apache.ratis.protocol.exceptions.NotLeaderException: Server s1@group-796A68A19D2E is not the leader
	at org.apache.ratis.client.impl.ClientProtoUtils.toRaftClientReply(ClientProtoUtils.java:397)
	at org.apache.ratis.grpc.client.GrpcClientProtocolClient$AsyncStreamObservers$1.onNext(GrpcClientProtocolClient.java:310)
	at org.apache.ratis.grpc.client.GrpcClientProtocolClient$AsyncStreamObservers$1.onNext(GrpcClientProtocolClient.java:305)
	at org.apache.ratis.thirdparty.io.grpc.stub.ClientCalls$StreamObserverToCallListenerAdapter.onMessage(ClientCalls.java:468)
	at org.apache.ratis.thirdparty.io.grpc.ForwardingClientCallListener.onMessage(ForwardingClientCallListener.java:33)
	at org.apache.ratis.thirdparty.io.grpc.internal.ClientCallImpl$ClientStreamListenerImpl$1MessagesAvailable.runInternal(ClientCallImpl.java:660)
	at org.apache.ratis.thirdparty.io.grpc.internal.ClientCallImpl$ClientStreamListenerImpl$1MessagesAvailable.runInContext(ClientCallImpl.java:647)
	at org.apache.ratis.thirdparty.io.grpc.internal.ContextRunnable.run(ContextRunnable.java:37)
	at org.apache.ratis.thirdparty.io.grpc.internal.SerializingExecutor.run(SerializingExecutor.java:133)
	at java.util.concurrent.ThreadPoolExecutor.runWorker(ThreadPoolExecutor.java:1149)
	at java.util.concurrent.ThreadPoolExecutor$Worker.run(ThreadPoolExecutor.java:624)
	at java.lang.Thread.run(Thread.java:750)
2024-01-25 07:57:43,668 [ForkJoinPool.commonPool-worker-3] DEBUG client.RaftClient (RaftClientImpl.java:handleIOException(417)) - client-2312CCC7CA78: suggested new leader: null. Failed RaftClientRequest:client-2312CCC7CA78->s1@group-796A68A19D2E, cid=42, seq=null, Watch-ALL(15), null
org.apache.ratis.protocol.exceptions.NotLeaderException: Server s1@group-796A68A19D2E is not the leader
	at org.apache.ratis.client.impl.ClientProtoUtils.toRaftClientReply(ClientProtoUtils.java:397)
	at org.apache.ratis.grpc.client.GrpcClientProtocolClient$AsyncStreamObservers$1.onNext(GrpcClientProtocolClient.java:310)
	at org.apache.ratis.grpc.client.GrpcClientProtocolClient$AsyncStreamObservers$1.onNext(GrpcClientProtocolClient.java:305)
	at org.apache.ratis.thirdparty.io.grpc.stub.ClientCalls$StreamObserverToCallListenerAdapter.onMessage(ClientCalls.java:468)
	at org.apache.ratis.thirdparty.io.grpc.ForwardingClientCallListener.onMessage(ForwardingClientCallListener.java:33)
	at org.apache.ratis.thirdparty.io.grpc.internal.ClientCallImpl$ClientStreamListenerImpl$1MessagesAvailable.runInternal(ClientCallImpl.java:660)
	at org.apache.ratis.thirdparty.io.grpc.internal.ClientCallImpl$ClientStreamListenerImpl$1MessagesAvailable.runInContext(ClientCallImpl.java:647)
	at org.apache.ratis.thirdparty.io.grpc.internal.ContextRunnable.run(ContextRunnable.java:37)
	at org.apache.ratis.thirdparty.io.grpc.internal.SerializingExecutor.run(SerializingExecutor.java:133)
	at java.util.concurrent.ThreadPoolExecutor.runWorker(ThreadPoolExecutor.java:1149)
	at java.util.concurrent.ThreadPoolExecutor$Worker.run(ThreadPoolExecutor.java:624)
	at java.lang.Thread.run(Thread.java:750)
2024-01-25 07:57:43,668 [ForkJoinPool.commonPool-worker-3] TRACE client.RaftClient (RaftClientImpl.java:handleIOException(419)) - Stack trace
java.lang.Throwable: TRACE
	at org.apache.ratis.client.impl.RaftClientImpl.handleIOException(RaftClientImpl.java:419)
	at org.apache.ratis.client.impl.RaftClientImpl.handleNotLeaderException(RaftClientImpl.java:399)
	at org.apache.ratis.client.impl.UnorderedAsync.lambda$sendRequestWithRetry$4(UnorderedAsync.java:116)
	at java.util.concurrent.CompletableFuture.uniWhenComplete(CompletableFuture.java:774)
	at java.util.concurrent.CompletableFuture$UniWhenComplete.tryFire(CompletableFuture.java:750)
	at java.util.concurrent.CompletableFuture$Completion.exec(CompletableFuture.java:457)
	at java.util.concurrent.ForkJoinTask.doExec(ForkJoinTask.java:289)
	at java.util.concurrent.ForkJoinPool$WorkQueue.runTask(ForkJoinPool.java:1056)
	at java.util.concurrent.ForkJoinPool.runWorker(ForkJoinPool.java:1692)
	at java.util.concurrent.ForkJoinWorkerThread.run(ForkJoinWorkerThread.java:175)
2024-01-25 07:57:43,668 [ForkJoinPool.commonPool-worker-3] DEBUG client.RaftClient (RaftClientImpl.java:handleIOException(435)) - client-2312CCC7CA78: oldLeader=s1,  curLeader=s0, newLeader=null
2024-01-25 07:57:43,668 [ForkJoinPool.commonPool-worker-3] DEBUG impl.UnorderedAsync (UnorderedAsync.java:lambda$sendRequestWithRetry$4(132)) - schedule~ attempt #1 with sleep 100ms and policy RetryForeverWithSleep(sleepTime = 100ms) for RaftClientRequest:client-2312CCC7CA78->s1@group-796A68A19D2E, cid=42, seq=null, Watch-ALL(15), null
2024-01-25 07:57:43,668 [ForkJoinPool.commonPool-worker-3] DEBUG impl.UnorderedAsync (UnorderedAsync.java:lambda$sendRequestWithRetry$4(83)) - client-2312CCC7CA78: attempt #1 receive~ null
2024-01-25 07:57:43,668 [ForkJoinPool.commonPool-worker-3] TRACE impl.UnorderedAsync (UnorderedAsync.java:lambda$sendRequestWithRetry$4(108)) - client-2312CCC7CA78: attempt #1 failed~ RaftClientRequest:client-2312CCC7CA78->s1@group-796A68A19D2E, cid=44, seq=null, Watch-ALL_COMMITTED(15), null
org.apache.ratis.protocol.exceptions.NotLeaderException: Server s1@group-796A68A19D2E is not the leader
	at org.apache.ratis.client.impl.ClientProtoUtils.toRaftClientReply(ClientProtoUtils.java:397)
	at org.apache.ratis.grpc.client.GrpcClientProtocolClient$AsyncStreamObservers$1.onNext(GrpcClientProtocolClient.java:310)
	at org.apache.ratis.grpc.client.GrpcClientProtocolClient$AsyncStreamObservers$1.onNext(GrpcClientProtocolClient.java:305)
	at org.apache.ratis.thirdparty.io.grpc.stub.ClientCalls$StreamObserverToCallListenerAdapter.onMessage(ClientCalls.java:468)
	at org.apache.ratis.thirdparty.io.grpc.ForwardingClientCallListener.onMessage(ForwardingClientCallListener.java:33)
	at org.apache.ratis.thirdparty.io.grpc.internal.ClientCallImpl$ClientStreamListenerImpl$1MessagesAvailable.runInternal(ClientCallImpl.java:660)
	at org.apache.ratis.thirdparty.io.grpc.internal.ClientCallImpl$ClientStreamListenerImpl$1MessagesAvailable.runInContext(ClientCallImpl.java:647)
	at org.apache.ratis.thirdparty.io.grpc.internal.ContextRunnable.run(ContextRunnable.java:37)
	at org.apache.ratis.thirdparty.io.grpc.internal.SerializingExecutor.run(SerializingExecutor.java:133)
	at java.util.concurrent.ThreadPoolExecutor.runWorker(ThreadPoolExecutor.java:1149)
	at java.util.concurrent.ThreadPoolExecutor$Worker.run(ThreadPoolExecutor.java:624)
	at java.lang.Thread.run(Thread.java:750)
2024-01-25 07:57:43,668 [ForkJoinPool.commonPool-worker-3] DEBUG client.RaftClient (RaftClientImpl.java:handleIOException(417)) - client-2312CCC7CA78: suggested new leader: null. Failed RaftClientRequest:client-2312CCC7CA78->s1@group-796A68A19D2E, cid=44, seq=null, Watch-ALL_COMMITTED(15), null
org.apache.ratis.protocol.exceptions.NotLeaderException: Server s1@group-796A68A19D2E is not the leader
	at org.apache.ratis.client.impl.ClientProtoUtils.toRaftClientReply(ClientProtoUtils.java:397)
	at org.apache.ratis.grpc.client.GrpcClientProtocolClient$AsyncStreamObservers$1.onNext(GrpcClientProtocolClient.java:310)
	at org.apache.ratis.grpc.client.GrpcClientProtocolClient$AsyncStreamObservers$1.onNext(GrpcClientProtocolClient.java:305)
	at org.apache.ratis.thirdparty.io.grpc.stub.ClientCalls$StreamObserverToCallListenerAdapter.onMessage(ClientCalls.java:468)
	at org.apache.ratis.thirdparty.io.grpc.ForwardingClientCallListener.onMessage(ForwardingClientCallListener.java:33)
	at org.apache.ratis.thirdparty.io.grpc.internal.ClientCallImpl$ClientStreamListenerImpl$1MessagesAvailable.runInternal(ClientCallImpl.java:660)
	at org.apache.ratis.thirdparty.io.grpc.internal.ClientCallImpl$ClientStreamListenerImpl$1MessagesAvailable.runInContext(ClientCallImpl.java:647)
	at org.apache.ratis.thirdparty.io.grpc.internal.ContextRunnable.run(ContextRunnable.java:37)
	at org.apache.ratis.thirdparty.io.grpc.internal.SerializingExecutor.run(SerializingExecutor.java:133)
	at java.util.concurrent.ThreadPoolExecutor.runWorker(ThreadPoolExecutor.java:1149)
	at java.util.concurrent.ThreadPoolExecutor$Worker.run(ThreadPoolExecutor.java:624)
	at java.lang.Thread.run(Thread.java:750)
2024-01-25 07:57:43,668 [ForkJoinPool.commonPool-worker-3] TRACE client.RaftClient (RaftClientImpl.java:handleIOException(419)) - Stack trace
java.lang.Throwable: TRACE
	at org.apache.ratis.client.impl.RaftClientImpl.handleIOException(RaftClientImpl.java:419)
	at org.apache.ratis.client.impl.RaftClientImpl.handleNotLeaderException(RaftClientImpl.java:399)
	at org.apache.ratis.client.impl.UnorderedAsync.lambda$sendRequestWithRetry$4(UnorderedAsync.java:116)
	at java.util.concurrent.CompletableFuture.uniWhenComplete(CompletableFuture.java:774)
	at java.util.concurrent.CompletableFuture$UniWhenComplete.tryFire(CompletableFuture.java:750)
	at java.util.concurrent.CompletableFuture$Completion.exec(CompletableFuture.java:457)
	at java.util.concurrent.ForkJoinTask.doExec(ForkJoinTask.java:289)
	at java.util.concurrent.ForkJoinPool$WorkQueue.runTask(ForkJoinPool.java:1056)
	at java.util.concurrent.ForkJoinPool.runWorker(ForkJoinPool.java:1692)
	at java.util.concurrent.ForkJoinWorkerThread.run(ForkJoinWorkerThread.java:175)
2024-01-25 07:57:43,669 [ForkJoinPool.commonPool-worker-3] DEBUG client.RaftClient (RaftClientImpl.java:handleIOException(435)) - client-2312CCC7CA78: oldLeader=s1,  curLeader=s0, newLeader=null
2024-01-25 07:57:43,669 [ForkJoinPool.commonPool-worker-3] DEBUG impl.UnorderedAsync (UnorderedAsync.java:lambda$sendRequestWithRetry$4(132)) - schedule~ attempt #1 with sleep 100ms and policy RetryForeverWithSleep(sleepTime = 100ms) for RaftClientRequest:client-2312CCC7CA78->s1@group-796A68A19D2E, cid=44, seq=null, Watch-ALL_COMMITTED(15), null
2024-01-25 07:57:43,669 [ForkJoinPool.commonPool-worker-3] DEBUG impl.UnorderedAsync (UnorderedAsync.java:lambda$sendRequestWithRetry$4(83)) - client-2312CCC7CA78: attempt #1 receive~ null
2024-01-25 07:57:43,669 [ForkJoinPool.commonPool-worker-3] TRACE impl.UnorderedAsync (UnorderedAsync.java:lambda$sendRequestWithRetry$4(108)) - client-2312CCC7CA78: attempt #1 failed~ RaftClientRequest:client-2312CCC7CA78->s1@group-796A68A19D2E, cid=46, seq=null, Watch-ALL(16), null
org.apache.ratis.protocol.exceptions.NotLeaderException: Server s1@group-796A68A19D2E is not the leader
	at org.apache.ratis.client.impl.ClientProtoUtils.toRaftClientReply(ClientProtoUtils.java:397)
	at org.apache.ratis.grpc.client.GrpcClientProtocolClient$AsyncStreamObservers$1.onNext(GrpcClientProtocolClient.java:310)
	at org.apache.ratis.grpc.client.GrpcClientProtocolClient$AsyncStreamObservers$1.onNext(GrpcClientProtocolClient.java:305)
	at org.apache.ratis.thirdparty.io.grpc.stub.ClientCalls$StreamObserverToCallListenerAdapter.onMessage(ClientCalls.java:468)
	at org.apache.ratis.thirdparty.io.grpc.ForwardingClientCallListener.onMessage(ForwardingClientCallListener.java:33)
	at org.apache.ratis.thirdparty.io.grpc.internal.ClientCallImpl$ClientStreamListenerImpl$1MessagesAvailable.runInternal(ClientCallImpl.java:660)
	at org.apache.ratis.thirdparty.io.grpc.internal.ClientCallImpl$ClientStreamListenerImpl$1MessagesAvailable.runInContext(ClientCallImpl.java:647)
	at org.apache.ratis.thirdparty.io.grpc.internal.ContextRunnable.run(ContextRunnable.java:37)
	at org.apache.ratis.thirdparty.io.grpc.internal.SerializingExecutor.run(SerializingExecutor.java:133)
	at java.util.concurrent.ThreadPoolExecutor.runWorker(ThreadPoolExecutor.java:1149)
	at java.util.concurrent.ThreadPoolExecutor$Worker.run(ThreadPoolExecutor.java:624)
	at java.lang.Thread.run(Thread.java:750)
2024-01-25 07:57:43,669 [ForkJoinPool.commonPool-worker-3] DEBUG client.RaftClient (RaftClientImpl.java:handleIOException(417)) - client-2312CCC7CA78: suggested new leader: null. Failed RaftClientRequest:client-2312CCC7CA78->s1@group-796A68A19D2E, cid=46, seq=null, Watch-ALL(16), null
org.apache.ratis.protocol.exceptions.NotLeaderException: Server s1@group-796A68A19D2E is not the leader
	at org.apache.ratis.client.impl.ClientProtoUtils.toRaftClientReply(ClientProtoUtils.java:397)
	at org.apache.ratis.grpc.client.GrpcClientProtocolClient$AsyncStreamObservers$1.onNext(GrpcClientProtocolClient.java:310)
	at org.apache.ratis.grpc.client.GrpcClientProtocolClient$AsyncStreamObservers$1.onNext(GrpcClientProtocolClient.java:305)
	at org.apache.ratis.thirdparty.io.grpc.stub.ClientCalls$StreamObserverToCallListenerAdapter.onMessage(ClientCalls.java:468)
	at org.apache.ratis.thirdparty.io.grpc.ForwardingClientCallListener.onMessage(ForwardingClientCallListener.java:33)
	at org.apache.ratis.thirdparty.io.grpc.internal.ClientCallImpl$ClientStreamListenerImpl$1MessagesAvailable.runInternal(ClientCallImpl.java:660)
	at org.apache.ratis.thirdparty.io.grpc.internal.ClientCallImpl$ClientStreamListenerImpl$1MessagesAvailable.runInContext(ClientCallImpl.java:647)
	at org.apache.ratis.thirdparty.io.grpc.internal.ContextRunnable.run(ContextRunnable.java:37)
	at org.apache.ratis.thirdparty.io.grpc.internal.SerializingExecutor.run(SerializingExecutor.java:133)
	at java.util.concurrent.ThreadPoolExecutor.runWorker(ThreadPoolExecutor.java:1149)
	at java.util.concurrent.ThreadPoolExecutor$Worker.run(ThreadPoolExecutor.java:624)
	at java.lang.Thread.run(Thread.java:750)
2024-01-25 07:57:43,669 [ForkJoinPool.commonPool-worker-3] TRACE client.RaftClient (RaftClientImpl.java:handleIOException(419)) - Stack trace
java.lang.Throwable: TRACE
	at org.apache.ratis.client.impl.RaftClientImpl.handleIOException(RaftClientImpl.java:419)
	at org.apache.ratis.client.impl.RaftClientImpl.handleNotLeaderException(RaftClientImpl.java:399)
	at org.apache.ratis.client.impl.UnorderedAsync.lambda$sendRequestWithRetry$4(UnorderedAsync.java:116)
	at java.util.concurrent.CompletableFuture.uniWhenComplete(CompletableFuture.java:774)
	at java.util.concurrent.CompletableFuture$UniWhenComplete.tryFire(CompletableFuture.java:750)
	at java.util.concurrent.CompletableFuture$Completion.exec(CompletableFuture.java:457)
	at java.util.concurrent.ForkJoinTask.doExec(ForkJoinTask.java:289)
	at java.util.concurrent.ForkJoinPool$WorkQueue.runTask(ForkJoinPool.java:1056)
	at java.util.concurrent.ForkJoinPool.runWorker(ForkJoinPool.java:1692)
	at java.util.concurrent.ForkJoinWorkerThread.run(ForkJoinWorkerThread.java:175)
2024-01-25 07:57:43,669 [ForkJoinPool.commonPool-worker-3] DEBUG client.RaftClient (RaftClientImpl.java:handleIOException(435)) - client-2312CCC7CA78: oldLeader=s1,  curLeader=s0, newLeader=null
2024-01-25 07:57:43,669 [ForkJoinPool.commonPool-worker-3] DEBUG impl.UnorderedAsync (UnorderedAsync.java:lambda$sendRequestWithRetry$4(132)) - schedule~ attempt #1 with sleep 100ms and policy RetryForeverWithSleep(sleepTime = 100ms) for RaftClientRequest:client-2312CCC7CA78->s1@group-796A68A19D2E, cid=46, seq=null, Watch-ALL(16), null
2024-01-25 07:57:43,669 [ForkJoinPool.commonPool-worker-3] DEBUG impl.UnorderedAsync (UnorderedAsync.java:lambda$sendRequestWithRetry$4(83)) - client-2312CCC7CA78: attempt #1 receive~ null
2024-01-25 07:57:43,669 [ForkJoinPool.commonPool-worker-3] TRACE impl.UnorderedAsync (UnorderedAsync.java:lambda$sendRequestWithRetry$4(108)) - client-2312CCC7CA78: attempt #1 failed~ RaftClientRequest:client-2312CCC7CA78->s1@group-796A68A19D2E, cid=48, seq=null, Watch-ALL_COMMITTED(16), null
org.apache.ratis.protocol.exceptions.NotLeaderException: Server s1@group-796A68A19D2E is not the leader
	at org.apache.ratis.client.impl.ClientProtoUtils.toRaftClientReply(ClientProtoUtils.java:397)
	at org.apache.ratis.grpc.client.GrpcClientProtocolClient$AsyncStreamObservers$1.onNext(GrpcClientProtocolClient.java:310)
	at org.apache.ratis.grpc.client.GrpcClientProtocolClient$AsyncStreamObservers$1.onNext(GrpcClientProtocolClient.java:305)
	at org.apache.ratis.thirdparty.io.grpc.stub.ClientCalls$StreamObserverToCallListenerAdapter.onMessage(ClientCalls.java:468)
	at org.apache.ratis.thirdparty.io.grpc.ForwardingClientCallListener.onMessage(ForwardingClientCallListener.java:33)
	at org.apache.ratis.thirdparty.io.grpc.internal.ClientCallImpl$ClientStreamListenerImpl$1MessagesAvailable.runInternal(ClientCallImpl.java:660)
	at org.apache.ratis.thirdparty.io.grpc.internal.ClientCallImpl$ClientStreamListenerImpl$1MessagesAvailable.runInContext(ClientCallImpl.java:647)
	at org.apache.ratis.thirdparty.io.grpc.internal.ContextRunnable.run(ContextRunnable.java:37)
	at org.apache.ratis.thirdparty.io.grpc.internal.SerializingExecutor.run(SerializingExecutor.java:133)
	at java.util.concurrent.ThreadPoolExecutor.runWorker(ThreadPoolExecutor.java:1149)
	at java.util.concurrent.ThreadPoolExecutor$Worker.run(ThreadPoolExecutor.java:624)
	at java.lang.Thread.run(Thread.java:750)
2024-01-25 07:57:43,670 [ForkJoinPool.commonPool-worker-3] DEBUG client.RaftClient (RaftClientImpl.java:handleIOException(417)) - client-2312CCC7CA78: suggested new leader: null. Failed RaftClientRequest:client-2312CCC7CA78->s1@group-796A68A19D2E, cid=48, seq=null, Watch-ALL_COMMITTED(16), null
org.apache.ratis.protocol.exceptions.NotLeaderException: Server s1@group-796A68A19D2E is not the leader
	at org.apache.ratis.client.impl.ClientProtoUtils.toRaftClientReply(ClientProtoUtils.java:397)
	at org.apache.ratis.grpc.client.GrpcClientProtocolClient$AsyncStreamObservers$1.onNext(GrpcClientProtocolClient.java:310)
	at org.apache.ratis.grpc.client.GrpcClientProtocolClient$AsyncStreamObservers$1.onNext(GrpcClientProtocolClient.java:305)
	at org.apache.ratis.thirdparty.io.grpc.stub.ClientCalls$StreamObserverToCallListenerAdapter.onMessage(ClientCalls.java:468)
	at org.apache.ratis.thirdparty.io.grpc.ForwardingClientCallListener.onMessage(ForwardingClientCallListener.java:33)
	at org.apache.ratis.thirdparty.io.grpc.internal.ClientCallImpl$ClientStreamListenerImpl$1MessagesAvailable.runInternal(ClientCallImpl.java:660)
	at org.apache.ratis.thirdparty.io.grpc.internal.ClientCallImpl$ClientStreamListenerImpl$1MessagesAvailable.runInContext(ClientCallImpl.java:647)
	at org.apache.ratis.thirdparty.io.grpc.internal.ContextRunnable.run(ContextRunnable.java:37)
	at org.apache.ratis.thirdparty.io.grpc.internal.SerializingExecutor.run(SerializingExecutor.java:133)
	at java.util.concurrent.ThreadPoolExecutor.runWorker(ThreadPoolExecutor.java:1149)
	at java.util.concurrent.ThreadPoolExecutor$Worker.run(ThreadPoolExecutor.java:624)
	at java.lang.Thread.run(Thread.java:750)
2024-01-25 07:57:43,670 [ForkJoinPool.commonPool-worker-3] TRACE client.RaftClient (RaftClientImpl.java:handleIOException(419)) - Stack trace
java.lang.Throwable: TRACE
	at org.apache.ratis.client.impl.RaftClientImpl.handleIOException(RaftClientImpl.java:419)
	at org.apache.ratis.client.impl.RaftClientImpl.handleNotLeaderException(RaftClientImpl.java:399)
	at org.apache.ratis.client.impl.UnorderedAsync.lambda$sendRequestWithRetry$4(UnorderedAsync.java:116)
	at java.util.concurrent.CompletableFuture.uniWhenComplete(CompletableFuture.java:774)
	at java.util.concurrent.CompletableFuture$UniWhenComplete.tryFire(CompletableFuture.java:750)
	at java.util.concurrent.CompletableFuture$Completion.exec(CompletableFuture.java:457)
	at java.util.concurrent.ForkJoinTask.doExec(ForkJoinTask.java:289)
	at java.util.concurrent.ForkJoinPool$WorkQueue.runTask(ForkJoinPool.java:1056)
	at java.util.concurrent.ForkJoinPool.runWorker(ForkJoinPool.java:1692)
	at java.util.concurrent.ForkJoinWorkerThread.run(ForkJoinWorkerThread.java:175)
2024-01-25 07:57:43,670 [ForkJoinPool.commonPool-worker-3] DEBUG client.RaftClient (RaftClientImpl.java:handleIOException(435)) - client-2312CCC7CA78: oldLeader=s1,  curLeader=s0, newLeader=null
2024-01-25 07:57:43,670 [ForkJoinPool.commonPool-worker-3] DEBUG impl.UnorderedAsync (UnorderedAsync.java:lambda$sendRequestWithRetry$4(132)) - schedule~ attempt #1 with sleep 100ms and policy RetryForeverWithSleep(sleepTime = 100ms) for RaftClientRequest:client-2312CCC7CA78->s1@group-796A68A19D2E, cid=48, seq=null, Watch-ALL_COMMITTED(16), null
2024-01-25 07:57:43,671 [ForkJoinPool.commonPool-worker-3] DEBUG impl.UnorderedAsync (UnorderedAsync.java:lambda$sendRequestWithRetry$4(83)) - client-2312CCC7CA78: attempt #1 receive~ null
2024-01-25 07:57:43,671 [ForkJoinPool.commonPool-worker-3] TRACE impl.UnorderedAsync (UnorderedAsync.java:lambda$sendRequestWithRetry$4(108)) - client-2312CCC7CA78: attempt #1 failed~ RaftClientRequest:client-2312CCC7CA78->s1@group-796A68A19D2E, cid=50, seq=null, Watch-ALL(17), null
org.apache.ratis.protocol.exceptions.NotLeaderException: Server s1@group-796A68A19D2E is not the leader
	at org.apache.ratis.client.impl.ClientProtoUtils.toRaftClientReply(ClientProtoUtils.java:397)
	at org.apache.ratis.grpc.client.GrpcClientProtocolClient$AsyncStreamObservers$1.onNext(GrpcClientProtocolClient.java:310)
	at org.apache.ratis.grpc.client.GrpcClientProtocolClient$AsyncStreamObservers$1.onNext(GrpcClientProtocolClient.java:305)
	at org.apache.ratis.thirdparty.io.grpc.stub.ClientCalls$StreamObserverToCallListenerAdapter.onMessage(ClientCalls.java:468)
	at org.apache.ratis.thirdparty.io.grpc.ForwardingClientCallListener.onMessage(ForwardingClientCallListener.java:33)
	at org.apache.ratis.thirdparty.io.grpc.internal.ClientCallImpl$ClientStreamListenerImpl$1MessagesAvailable.runInternal(ClientCallImpl.java:660)
	at org.apache.ratis.thirdparty.io.grpc.internal.ClientCallImpl$ClientStreamListenerImpl$1MessagesAvailable.runInContext(ClientCallImpl.java:647)
	at org.apache.ratis.thirdparty.io.grpc.internal.ContextRunnable.run(ContextRunnable.java:37)
	at org.apache.ratis.thirdparty.io.grpc.internal.SerializingExecutor.run(SerializingExecutor.java:133)
	at java.util.concurrent.ThreadPoolExecutor.runWorker(ThreadPoolExecutor.java:1149)
	at java.util.concurrent.ThreadPoolExecutor$Worker.run(ThreadPoolExecutor.java:624)
	at java.lang.Thread.run(Thread.java:750)
2024-01-25 07:57:43,671 [ForkJoinPool.commonPool-worker-3] DEBUG client.RaftClient (RaftClientImpl.java:handleIOException(417)) - client-2312CCC7CA78: suggested new leader: null. Failed RaftClientRequest:client-2312CCC7CA78->s1@group-796A68A19D2E, cid=50, seq=null, Watch-ALL(17), null
org.apache.ratis.protocol.exceptions.NotLeaderException: Server s1@group-796A68A19D2E is not the leader
	at org.apache.ratis.client.impl.ClientProtoUtils.toRaftClientReply(ClientProtoUtils.java:397)
	at org.apache.ratis.grpc.client.GrpcClientProtocolClient$AsyncStreamObservers$1.onNext(GrpcClientProtocolClient.java:310)
	at org.apache.ratis.grpc.client.GrpcClientProtocolClient$AsyncStreamObservers$1.onNext(GrpcClientProtocolClient.java:305)
	at org.apache.ratis.thirdparty.io.grpc.stub.ClientCalls$StreamObserverToCallListenerAdapter.onMessage(ClientCalls.java:468)
	at org.apache.ratis.thirdparty.io.grpc.ForwardingClientCallListener.onMessage(ForwardingClientCallListener.java:33)
	at org.apache.ratis.thirdparty.io.grpc.internal.ClientCallImpl$ClientStreamListenerImpl$1MessagesAvailable.runInternal(ClientCallImpl.java:660)
	at org.apache.ratis.thirdparty.io.grpc.internal.ClientCallImpl$ClientStreamListenerImpl$1MessagesAvailable.runInContext(ClientCallImpl.java:647)
	at org.apache.ratis.thirdparty.io.grpc.internal.ContextRunnable.run(ContextRunnable.java:37)
	at org.apache.ratis.thirdparty.io.grpc.internal.SerializingExecutor.run(SerializingExecutor.java:133)
	at java.util.concurrent.ThreadPoolExecutor.runWorker(ThreadPoolExecutor.java:1149)
	at java.util.concurrent.ThreadPoolExecutor$Worker.run(ThreadPoolExecutor.java:624)
	at java.lang.Thread.run(Thread.java:750)
2024-01-25 07:57:43,671 [ForkJoinPool.commonPool-worker-3] TRACE client.RaftClient (RaftClientImpl.java:handleIOException(419)) - Stack trace
java.lang.Throwable: TRACE
	at org.apache.ratis.client.impl.RaftClientImpl.handleIOException(RaftClientImpl.java:419)
	at org.apache.ratis.client.impl.RaftClientImpl.handleNotLeaderException(RaftClientImpl.java:399)
	at org.apache.ratis.client.impl.UnorderedAsync.lambda$sendRequestWithRetry$4(UnorderedAsync.java:116)
	at java.util.concurrent.CompletableFuture.uniWhenComplete(CompletableFuture.java:774)
	at java.util.concurrent.CompletableFuture$UniWhenComplete.tryFire(CompletableFuture.java:750)
	at java.util.concurrent.CompletableFuture$Completion.exec(CompletableFuture.java:457)
	at java.util.concurrent.ForkJoinTask.doExec(ForkJoinTask.java:289)
	at java.util.concurrent.ForkJoinPool$WorkQueue.runTask(ForkJoinPool.java:1056)
	at java.util.concurrent.ForkJoinPool.runWorker(ForkJoinPool.java:1692)
	at java.util.concurrent.ForkJoinWorkerThread.run(ForkJoinWorkerThread.java:175)
2024-01-25 07:57:43,671 [ForkJoinPool.commonPool-worker-3] DEBUG client.RaftClient (RaftClientImpl.java:handleIOException(435)) - client-2312CCC7CA78: oldLeader=s1,  curLeader=s0, newLeader=null
2024-01-25 07:57:43,671 [ForkJoinPool.commonPool-worker-3] DEBUG impl.UnorderedAsync (UnorderedAsync.java:lambda$sendRequestWithRetry$4(132)) - schedule~ attempt #1 with sleep 100ms and policy RetryForeverWithSleep(sleepTime = 100ms) for RaftClientRequest:client-2312CCC7CA78->s1@group-796A68A19D2E, cid=50, seq=null, Watch-ALL(17), null
2024-01-25 07:57:43,671 [ForkJoinPool.commonPool-worker-3] DEBUG impl.UnorderedAsync (UnorderedAsync.java:lambda$sendRequestWithRetry$4(83)) - client-2312CCC7CA78: attempt #1 receive~ null
2024-01-25 07:57:43,671 [ForkJoinPool.commonPool-worker-3] TRACE impl.UnorderedAsync (UnorderedAsync.java:lambda$sendRequestWithRetry$4(108)) - client-2312CCC7CA78: attempt #1 failed~ RaftClientRequest:client-2312CCC7CA78->s1@group-796A68A19D2E, cid=52, seq=null, Watch-ALL_COMMITTED(17), null
org.apache.ratis.protocol.exceptions.NotLeaderException: Server s1@group-796A68A19D2E is not the leader
	at org.apache.ratis.client.impl.ClientProtoUtils.toRaftClientReply(ClientProtoUtils.java:397)
	at org.apache.ratis.grpc.client.GrpcClientProtocolClient$AsyncStreamObservers$1.onNext(GrpcClientProtocolClient.java:310)
	at org.apache.ratis.grpc.client.GrpcClientProtocolClient$AsyncStreamObservers$1.onNext(GrpcClientProtocolClient.java:305)
	at org.apache.ratis.thirdparty.io.grpc.stub.ClientCalls$StreamObserverToCallListenerAdapter.onMessage(ClientCalls.java:468)
	at org.apache.ratis.thirdparty.io.grpc.ForwardingClientCallListener.onMessage(ForwardingClientCallListener.java:33)
	at org.apache.ratis.thirdparty.io.grpc.internal.ClientCallImpl$ClientStreamListenerImpl$1MessagesAvailable.runInternal(ClientCallImpl.java:660)
	at org.apache.ratis.thirdparty.io.grpc.internal.ClientCallImpl$ClientStreamListenerImpl$1MessagesAvailable.runInContext(ClientCallImpl.java:647)
	at org.apache.ratis.thirdparty.io.grpc.internal.ContextRunnable.run(ContextRunnable.java:37)
	at org.apache.ratis.thirdparty.io.grpc.internal.SerializingExecutor.run(SerializingExecutor.java:133)
	at java.util.concurrent.ThreadPoolExecutor.runWorker(ThreadPoolExecutor.java:1149)
	at java.util.concurrent.ThreadPoolExecutor$Worker.run(ThreadPoolExecutor.java:624)
	at java.lang.Thread.run(Thread.java:750)
2024-01-25 07:57:43,665 [s0@group-796A68A19D2E-SegmentedRaftLogWorker] INFO  segmented.SegmentedRaftLogWorker (SegmentedRaftLogWorker.java:execute(634)) - s0@group-796A68A19D2E-SegmentedRaftLogWorker: created new log segment /home/runner/work/ratis/ratis/ratis-test/target/test/data/d3464635/MiniRaftClusterWithGrpc1ed7d450/s0/6ac8c789-bb5d-44a1-a5d6-796a68a19d2e/current/log_inprogress_24
2024-01-25 07:57:43,668 [ForkJoinPool.commonPool-worker-0] DEBUG impl.UnorderedAsync (UnorderedAsync.java:lambda$sendRequestWithRetry$4(132)) - schedule~ attempt #1 with sleep 100ms and policy RetryForeverWithSleep(sleepTime = 100ms) for RaftClientRequest:client-2312CCC7CA78->s1@group-796A68A19D2E, cid=20, seq=null, Watch-ALL_COMMITTED(5), null
2024-01-25 07:57:43,668 [grpc-default-executor-9] DEBUG impl.WatchRequests (WatchRequests.java:updateIndex(150)) - s0@group-796A68A19D2E-WatchRequests: update MAJORITY_COMMITTED index from 0 to 23
2024-01-25 07:57:43,667 [ForkJoinPool.commonPool-worker-1] DEBUG client.RaftClient (RaftClientImpl.java:handleIOException(435)) - client-2312CCC7CA78: oldLeader=s1,  curLeader=s0, newLeader=null
2024-01-25 07:57:43,671 [grpc-default-executor-9] DEBUG impl.WatchRequests (WatchRequests.java:updateIndex(150)) - s0@group-796A68A19D2E-WatchRequests: update MAJORITY index from 0 to 23
2024-01-25 07:57:43,671 [ForkJoinPool.commonPool-worker-0] DEBUG impl.UnorderedAsync (UnorderedAsync.java:lambda$sendRequestWithRetry$4(83)) - client-2312CCC7CA78: attempt #1 receive~ null
2024-01-25 07:57:43,672 [ForkJoinPool.commonPool-worker-1] DEBUG impl.UnorderedAsync (UnorderedAsync.java:lambda$sendRequestWithRetry$4(132)) - schedule~ attempt #1 with sleep 100ms and policy RetryForeverWithSleep(sleepTime = 100ms) for RaftClientRequest:client-2312CCC7CA78->s1@group-796A68A19D2E, cid=40, seq=null, Watch-ALL_COMMITTED(14), null
2024-01-25 07:57:43,672 [ForkJoinPool.commonPool-worker-0] TRACE impl.UnorderedAsync (UnorderedAsync.java:lambda$sendRequestWithRetry$4(108)) - client-2312CCC7CA78: attempt #1 failed~ RaftClientRequest:client-2312CCC7CA78->s1@group-796A68A19D2E, cid=54, seq=null, Watch-ALL(18), null
org.apache.ratis.protocol.exceptions.NotLeaderException: Server s1@group-796A68A19D2E is not the leader
	at org.apache.ratis.client.impl.ClientProtoUtils.toRaftClientReply(ClientProtoUtils.java:397)
	at org.apache.ratis.grpc.client.GrpcClientProtocolClient$AsyncStreamObservers$1.onNext(GrpcClientProtocolClient.java:310)
	at org.apache.ratis.grpc.client.GrpcClientProtocolClient$AsyncStreamObservers$1.onNext(GrpcClientProtocolClient.java:305)
	at org.apache.ratis.thirdparty.io.grpc.stub.ClientCalls$StreamObserverToCallListenerAdapter.onMessage(ClientCalls.java:468)
	at org.apache.ratis.thirdparty.io.grpc.ForwardingClientCallListener.onMessage(ForwardingClientCallListener.java:33)
	at org.apache.ratis.thirdparty.io.grpc.internal.ClientCallImpl$ClientStreamListenerImpl$1MessagesAvailable.runInternal(ClientCallImpl.java:660)
	at org.apache.ratis.thirdparty.io.grpc.internal.ClientCallImpl$ClientStreamListenerImpl$1MessagesAvailable.runInContext(ClientCallImpl.java:647)
	at org.apache.ratis.thirdparty.io.grpc.internal.ContextRunnable.run(ContextRunnable.java:37)
	at org.apache.ratis.thirdparty.io.grpc.internal.SerializingExecutor.run(SerializingExecutor.java:133)
	at java.util.concurrent.ThreadPoolExecutor.runWorker(ThreadPoolExecutor.java:1149)
	at java.util.concurrent.ThreadPoolExecutor$Worker.run(ThreadPoolExecutor.java:624)
	at java.lang.Thread.run(Thread.java:750)
2024-01-25 07:57:43,672 [ForkJoinPool.commonPool-worker-1] DEBUG impl.UnorderedAsync (UnorderedAsync.java:lambda$sendRequestWithRetry$4(83)) - client-2312CCC7CA78: attempt #1 receive~ null
2024-01-25 07:57:43,672 [ForkJoinPool.commonPool-worker-0] DEBUG client.RaftClient (RaftClientImpl.java:handleIOException(417)) - client-2312CCC7CA78: suggested new leader: null. Failed RaftClientRequest:client-2312CCC7CA78->s1@group-796A68A19D2E, cid=54, seq=null, Watch-ALL(18), null
org.apache.ratis.protocol.exceptions.NotLeaderException: Server s1@group-796A68A19D2E is not the leader
	at org.apache.ratis.client.impl.ClientProtoUtils.toRaftClientReply(ClientProtoUtils.java:397)
	at org.apache.ratis.grpc.client.GrpcClientProtocolClient$AsyncStreamObservers$1.onNext(GrpcClientProtocolClient.java:310)
	at org.apache.ratis.grpc.client.GrpcClientProtocolClient$AsyncStreamObservers$1.onNext(GrpcClientProtocolClient.java:305)
	at org.apache.ratis.thirdparty.io.grpc.stub.ClientCalls$StreamObserverToCallListenerAdapter.onMessage(ClientCalls.java:468)
	at org.apache.ratis.thirdparty.io.grpc.ForwardingClientCallListener.onMessage(ForwardingClientCallListener.java:33)
	at org.apache.ratis.thirdparty.io.grpc.internal.ClientCallImpl$ClientStreamListenerImpl$1MessagesAvailable.runInternal(ClientCallImpl.java:660)
	at org.apache.ratis.thirdparty.io.grpc.internal.ClientCallImpl$ClientStreamListenerImpl$1MessagesAvailable.runInContext(ClientCallImpl.java:647)
	at org.apache.ratis.thirdparty.io.grpc.internal.ContextRunnable.run(ContextRunnable.java:37)
	at org.apache.ratis.thirdparty.io.grpc.internal.SerializingExecutor.run(SerializingExecutor.java:133)
	at java.util.concurrent.ThreadPoolExecutor.runWorker(ThreadPoolExecutor.java:1149)
	at java.util.concurrent.ThreadPoolExecutor$Worker.run(ThreadPoolExecutor.java:624)
	at java.lang.Thread.run(Thread.java:750)
2024-01-25 07:57:43,672 [ForkJoinPool.commonPool-worker-0] TRACE client.RaftClient (RaftClientImpl.java:handleIOException(419)) - Stack trace
java.lang.Throwable: TRACE
	at org.apache.ratis.client.impl.RaftClientImpl.handleIOException(RaftClientImpl.java:419)
	at org.apache.ratis.client.impl.RaftClientImpl.handleNotLeaderException(RaftClientImpl.java:399)
	at org.apache.ratis.client.impl.UnorderedAsync.lambda$sendRequestWithRetry$4(UnorderedAsync.java:116)
	at java.util.concurrent.CompletableFuture.uniWhenComplete(CompletableFuture.java:774)
	at java.util.concurrent.CompletableFuture$UniWhenComplete.tryFire(CompletableFuture.java:750)
	at java.util.concurrent.CompletableFuture$Completion.exec(CompletableFuture.java:457)
	at java.util.concurrent.ForkJoinTask.doExec(ForkJoinTask.java:289)
	at java.util.concurrent.ForkJoinPool$WorkQueue.runTask(ForkJoinPool.java:1056)
	at java.util.concurrent.ForkJoinPool.runWorker(ForkJoinPool.java:1692)
	at java.util.concurrent.ForkJoinWorkerThread.run(ForkJoinWorkerThread.java:175)
2024-01-25 07:57:43,672 [ForkJoinPool.commonPool-worker-1] TRACE impl.UnorderedAsync (UnorderedAsync.java:lambda$sendRequestWithRetry$4(108)) - client-2312CCC7CA78: attempt #1 failed~ RaftClientRequest:client-2312CCC7CA78->s1@group-796A68A19D2E, cid=56, seq=null, Watch-ALL_COMMITTED(18), null
org.apache.ratis.protocol.exceptions.NotLeaderException: Server s1@group-796A68A19D2E is not the leader
	at org.apache.ratis.client.impl.ClientProtoUtils.toRaftClientReply(ClientProtoUtils.java:397)
	at org.apache.ratis.grpc.client.GrpcClientProtocolClient$AsyncStreamObservers$1.onNext(GrpcClientProtocolClient.java:310)
	at org.apache.ratis.grpc.client.GrpcClientProtocolClient$AsyncStreamObservers$1.onNext(GrpcClientProtocolClient.java:305)
	at org.apache.ratis.thirdparty.io.grpc.stub.ClientCalls$StreamObserverToCallListenerAdapter.onMessage(ClientCalls.java:468)
	at org.apache.ratis.thirdparty.io.grpc.ForwardingClientCallListener.onMessage(ForwardingClientCallListener.java:33)
	at org.apache.ratis.thirdparty.io.grpc.internal.ClientCallImpl$ClientStreamListenerImpl$1MessagesAvailable.runInternal(ClientCallImpl.java:660)
	at org.apache.ratis.thirdparty.io.grpc.internal.ClientCallImpl$ClientStreamListenerImpl$1MessagesAvailable.runInContext(ClientCallImpl.java:647)
	at org.apache.ratis.thirdparty.io.grpc.internal.ContextRunnable.run(ContextRunnable.java:37)
	at org.apache.ratis.thirdparty.io.grpc.internal.SerializingExecutor.run(SerializingExecutor.java:133)
	at java.util.concurrent.ThreadPoolExecutor.runWorker(ThreadPoolExecutor.java:1149)
	at java.util.concurrent.ThreadPoolExecutor$Worker.run(ThreadPoolExecutor.java:624)
	at java.lang.Thread.run(Thread.java:750)
2024-01-25 07:57:43,673 [s2-server-thread1] INFO  server.RaftServer$Division (ServerState.java:setLeader(269)) - s2@group-796A68A19D2E: change Leader from null to s0 at term 3 for appendEntries, leader elected after 52ms
2024-01-25 07:57:43,673 [s2-server-thread1] INFO  server.RaftServer$Division (RaftServerImpl.java:checkInconsistentAppendEntries(1705)) - s2@group-796A68A19D2E: Failed appendEntries as previous log entry ((t:2, i:23)) is not found
2024-01-25 07:57:43,673 [s2-server-thread1] INFO  server.RaftServer$Division (RaftServerImpl.java:checkInconsistentAppendEntries(1675)) - s2@group-796A68A19D2E: inconsistency entries. Reply:s0<-s2#0:FAIL-t3,INCONSISTENCY,nextIndex=14,followerCommit=4,matchIndex=-1
2024-01-25 07:57:43,672 [ForkJoinPool.commonPool-worker-0] DEBUG client.RaftClient (RaftClientImpl.java:handleIOException(435)) - client-2312CCC7CA78: oldLeader=s1,  curLeader=s0, newLeader=null
2024-01-25 07:57:43,673 [ForkJoinPool.commonPool-worker-0] DEBUG impl.UnorderedAsync (UnorderedAsync.java:lambda$sendRequestWithRetry$4(132)) - schedule~ attempt #1 with sleep 100ms and policy RetryForeverWithSleep(sleepTime = 100ms) for RaftClientRequest:client-2312CCC7CA78->s1@group-796A68A19D2E, cid=54, seq=null, Watch-ALL(18), null
2024-01-25 07:57:43,673 [ForkJoinPool.commonPool-worker-1] DEBUG client.RaftClient (RaftClientImpl.java:handleIOException(417)) - client-2312CCC7CA78: suggested new leader: null. Failed RaftClientRequest:client-2312CCC7CA78->s1@group-796A68A19D2E, cid=56, seq=null, Watch-ALL_COMMITTED(18), null
org.apache.ratis.protocol.exceptions.NotLeaderException: Server s1@group-796A68A19D2E is not the leader
	at org.apache.ratis.client.impl.ClientProtoUtils.toRaftClientReply(ClientProtoUtils.java:397)
	at org.apache.ratis.grpc.client.GrpcClientProtocolClient$AsyncStreamObservers$1.onNext(GrpcClientProtocolClient.java:310)
	at org.apache.ratis.grpc.client.GrpcClientProtocolClient$AsyncStreamObservers$1.onNext(GrpcClientProtocolClient.java:305)
	at org.apache.ratis.thirdparty.io.grpc.stub.ClientCalls$StreamObserverToCallListenerAdapter.onMessage(ClientCalls.java:468)
	at org.apache.ratis.thirdparty.io.grpc.ForwardingClientCallListener.onMessage(ForwardingClientCallListener.java:33)
	at org.apache.ratis.thirdparty.io.grpc.internal.ClientCallImpl$ClientStreamListenerImpl$1MessagesAvailable.runInternal(ClientCallImpl.java:660)
	at org.apache.ratis.thirdparty.io.grpc.internal.ClientCallImpl$ClientStreamListenerImpl$1MessagesAvailable.runInContext(ClientCallImpl.java:647)
	at org.apache.ratis.thirdparty.io.grpc.internal.ContextRunnable.run(ContextRunnable.java:37)
	at org.apache.ratis.thirdparty.io.grpc.internal.SerializingExecutor.run(SerializingExecutor.java:133)
	at java.util.concurrent.ThreadPoolExecutor.runWorker(ThreadPoolExecutor.java:1149)
	at java.util.concurrent.ThreadPoolExecutor$Worker.run(ThreadPoolExecutor.java:624)
	at java.lang.Thread.run(Thread.java:750)
2024-01-25 07:57:43,673 [ForkJoinPool.commonPool-worker-1] TRACE client.RaftClient (RaftClientImpl.java:handleIOException(419)) - Stack trace
java.lang.Throwable: TRACE
	at org.apache.ratis.client.impl.RaftClientImpl.handleIOException(RaftClientImpl.java:419)
	at org.apache.ratis.client.impl.RaftClientImpl.handleNotLeaderException(RaftClientImpl.java:399)
	at org.apache.ratis.client.impl.UnorderedAsync.lambda$sendRequestWithRetry$4(UnorderedAsync.java:116)
	at java.util.concurrent.CompletableFuture.uniWhenComplete(CompletableFuture.java:774)
	at java.util.concurrent.CompletableFuture$UniWhenComplete.tryFire(CompletableFuture.java:750)
	at java.util.concurrent.CompletableFuture$Completion.exec(CompletableFuture.java:457)
	at java.util.concurrent.ForkJoinTask.doExec(ForkJoinTask.java:289)
	at java.util.concurrent.ForkJoinPool$WorkQueue.runTask(ForkJoinPool.java:1056)
	at java.util.concurrent.ForkJoinPool.runWorker(ForkJoinPool.java:1692)
	at java.util.concurrent.ForkJoinWorkerThread.run(ForkJoinWorkerThread.java:175)
2024-01-25 07:57:43,674 [ForkJoinPool.commonPool-worker-1] DEBUG client.RaftClient (RaftClientImpl.java:handleIOException(435)) - client-2312CCC7CA78: oldLeader=s1,  curLeader=s0, newLeader=null
2024-01-25 07:57:43,674 [ForkJoinPool.commonPool-worker-3] DEBUG client.RaftClient (RaftClientImpl.java:handleIOException(417)) - client-2312CCC7CA78: suggested new leader: null. Failed RaftClientRequest:client-2312CCC7CA78->s1@group-796A68A19D2E, cid=52, seq=null, Watch-ALL_COMMITTED(17), null
org.apache.ratis.protocol.exceptions.NotLeaderException: Server s1@group-796A68A19D2E is not the leader
	at org.apache.ratis.client.impl.ClientProtoUtils.toRaftClientReply(ClientProtoUtils.java:397)
	at org.apache.ratis.grpc.client.GrpcClientProtocolClient$AsyncStreamObservers$1.onNext(GrpcClientProtocolClient.java:310)
	at org.apache.ratis.grpc.client.GrpcClientProtocolClient$AsyncStreamObservers$1.onNext(GrpcClientProtocolClient.java:305)
	at org.apache.ratis.thirdparty.io.grpc.stub.ClientCalls$StreamObserverToCallListenerAdapter.onMessage(ClientCalls.java:468)
	at org.apache.ratis.thirdparty.io.grpc.ForwardingClientCallListener.onMessage(ForwardingClientCallListener.java:33)
	at org.apache.ratis.thirdparty.io.grpc.internal.ClientCallImpl$ClientStreamListenerImpl$1MessagesAvailable.runInternal(ClientCallImpl.java:660)
	at org.apache.ratis.thirdparty.io.grpc.internal.ClientCallImpl$ClientStreamListenerImpl$1MessagesAvailable.runInContext(ClientCallImpl.java:647)
	at org.apache.ratis.thirdparty.io.grpc.internal.ContextRunnable.run(ContextRunnable.java:37)
	at org.apache.ratis.thirdparty.io.grpc.internal.SerializingExecutor.run(SerializingExecutor.java:133)
	at java.util.concurrent.ThreadPoolExecutor.runWorker(ThreadPoolExecutor.java:1149)
	at java.util.concurrent.ThreadPoolExecutor$Worker.run(ThreadPoolExecutor.java:624)
	at java.lang.Thread.run(Thread.java:750)
2024-01-25 07:57:43,674 [ForkJoinPool.commonPool-worker-3] TRACE client.RaftClient (RaftClientImpl.java:handleIOException(419)) - Stack trace
java.lang.Throwable: TRACE
	at org.apache.ratis.client.impl.RaftClientImpl.handleIOException(RaftClientImpl.java:419)
	at org.apache.ratis.client.impl.RaftClientImpl.handleNotLeaderException(RaftClientImpl.java:399)
	at org.apache.ratis.client.impl.UnorderedAsync.lambda$sendRequestWithRetry$4(UnorderedAsync.java:116)
	at java.util.concurrent.CompletableFuture.uniWhenComplete(CompletableFuture.java:774)
	at java.util.concurrent.CompletableFuture$UniWhenComplete.tryFire(CompletableFuture.java:750)
	at java.util.concurrent.CompletableFuture$Completion.exec(CompletableFuture.java:457)
	at java.util.concurrent.ForkJoinTask.doExec(ForkJoinTask.java:289)
	at java.util.concurrent.ForkJoinPool$WorkQueue.runTask(ForkJoinPool.java:1056)
	at java.util.concurrent.ForkJoinPool.runWorker(ForkJoinPool.java:1692)
	at java.util.concurrent.ForkJoinWorkerThread.run(ForkJoinWorkerThread.java:175)
2024-01-25 07:57:43,674 [ForkJoinPool.commonPool-worker-1] DEBUG impl.UnorderedAsync (UnorderedAsync.java:lambda$sendRequestWithRetry$4(132)) - schedule~ attempt #1 with sleep 100ms and policy RetryForeverWithSleep(sleepTime = 100ms) for RaftClientRequest:client-2312CCC7CA78->s1@group-796A68A19D2E, cid=56, seq=null, Watch-ALL_COMMITTED(18), null
2024-01-25 07:57:43,674 [ForkJoinPool.commonPool-worker-3] DEBUG client.RaftClient (RaftClientImpl.java:handleIOException(435)) - client-2312CCC7CA78: oldLeader=s1,  curLeader=s0, newLeader=null
2024-01-25 07:57:43,674 [ForkJoinPool.commonPool-worker-3] DEBUG impl.UnorderedAsync (UnorderedAsync.java:lambda$sendRequestWithRetry$4(132)) - schedule~ attempt #1 with sleep 100ms and policy RetryForeverWithSleep(sleepTime = 100ms) for RaftClientRequest:client-2312CCC7CA78->s1@group-796A68A19D2E, cid=52, seq=null, Watch-ALL_COMMITTED(17), null
2024-01-25 07:57:43,677 [s2-server-thread1] DEBUG server.RaftServer$Division (RaftServerImpl.java:logAppendEntries(1520)) - s2@group-796A68A19D2E: receive appendEntries(s0, 3, (t:2, i:23), 23, false, commits:[s0:c23, s1:c23, s2:c4], cId:1, entries: [(t:3, i:24), CONFIGURATIONENTRY(current:id: "s0"
address: "localhost:15000"
dataStreamAddress: "localhost:15003"
clientAddress: "localhost:15002"
adminAddress: "localhost:15001"
startupRole: FOLLOWER
,id: "s1"
address: "localhost:15004"
dataStreamAddress: "localhost:15007"
clientAddress: "localhost:15006"
adminAddress: "localhost:15005"
startupRole: FOLLOWER
,id: "s2"
address: "localhost:15008"
dataStreamAddress: "localhost:15011"
clientAddress: "localhost:15010"
adminAddress: "localhost:15009"
startupRole: FOLLOWER
, old:)]
2024-01-25 07:57:43,677 [s2-server-thread1] INFO  server.RaftServer$Division (RaftServerImpl.java:checkInconsistentAppendEntries(1705)) - s2@group-796A68A19D2E: Failed appendEntries as previous log entry ((t:2, i:23)) is not found
2024-01-25 07:57:43,677 [s2-server-thread1] INFO  server.RaftServer$Division (RaftServerImpl.java:checkInconsistentAppendEntries(1675)) - s2@group-796A68A19D2E: inconsistency entries. Reply:s0<-s2#1:FAIL-t3,INCONSISTENCY,nextIndex=14,followerCommit=4,matchIndex=-1
2024-01-25 07:57:43,677 [s1-server-thread3] DEBUG server.RaftServer$Division (RaftServerImpl.java:logAppendEntries(1520)) - s1@group-796A68A19D2E: receive appendEntries(s0, 3, (t:2, i:23), 23, false, commits:[s0:c23, s1:c23, s2:c4], cId:1, entries: [(t:3, i:24), CONFIGURATIONENTRY(current:id: "s0"
address: "localhost:15000"
dataStreamAddress: "localhost:15003"
clientAddress: "localhost:15002"
adminAddress: "localhost:15001"
startupRole: FOLLOWER
,id: "s1"
address: "localhost:15004"
dataStreamAddress: "localhost:15007"
clientAddress: "localhost:15006"
adminAddress: "localhost:15005"
startupRole: FOLLOWER
,id: "s2"
address: "localhost:15008"
dataStreamAddress: "localhost:15011"
clientAddress: "localhost:15010"
adminAddress: "localhost:15009"
startupRole: FOLLOWER
, old:)]
2024-01-25 07:57:43,677 [grpc-default-executor-9] WARN  server.GrpcLogAppender (GrpcLogAppender.java:onNextImpl(515)) - s0@group-796A68A19D2E->s2-AppendLogResponseHandler: received INCONSISTENCY reply with nextIndex 14, errorCount=1, request=AppendEntriesRequest:cid=0,entriesCount=0
2024-01-25 07:57:43,678 [grpc-default-executor-8] WARN  server.GrpcLogAppender (GrpcLogAppender.java:onNextImpl(515)) - s0@group-796A68A19D2E->s2-AppendLogResponseHandler: received INCONSISTENCY reply with nextIndex 14, errorCount=2, request=AppendEntriesRequest:cid=1,entriesCount=1,entry=(t:3, i:24)
2024-01-25 07:57:43,678 [s1-server-thread3] INFO  server.RaftServer$Division (ServerState.java:setRaftConf(386)) - s1@group-796A68A19D2E: set configuration 24: peers:[s0|localhost:15000, s1|localhost:15004, s2|localhost:15008]|listeners:[], old=null
2024-01-25 07:57:43,679 [grpc-default-executor-9] INFO  leader.FollowerInfo (FollowerInfoImpl.java:info(70)) - s0@group-796A68A19D2E->s2: setNextIndex nextIndex: updateUnconditionally 25 -> 14
2024-01-25 07:57:43,679 [s1-server-thread3] INFO  segmented.SegmentedRaftLogWorker (SegmentedRaftLogWorker.java:rollLogSegment(435)) - s1@group-796A68A19D2E-SegmentedRaftLogWorker: Rolling segment log-3_23 to index:23
2024-01-25 07:57:43,680 [s1@group-796A68A19D2E-SegmentedRaftLogWorker] TRACE util.FileUtils (LogUtils.java:runAndLog(49)) - Successfully ran Atomic Files.move /home/runner/work/ratis/ratis/ratis-test/target/test/data/d3464635/MiniRaftClusterWithGrpc1ed7d450/s1/6ac8c789-bb5d-44a1-a5d6-796a68a19d2e/current/log_inprogress_3 to /home/runner/work/ratis/ratis/ratis-test/target/test/data/d3464635/MiniRaftClusterWithGrpc1ed7d450/s1/6ac8c789-bb5d-44a1-a5d6-796a68a19d2e/current/log_3-23
2024-01-25 07:57:43,680 [s1@group-796A68A19D2E-SegmentedRaftLogWorker] INFO  segmented.SegmentedRaftLogWorker (SegmentedRaftLogWorker.java:execute(591)) - s1@group-796A68A19D2E-SegmentedRaftLogWorker: Rolled log segment from /home/runner/work/ratis/ratis/ratis-test/target/test/data/d3464635/MiniRaftClusterWithGrpc1ed7d450/s1/6ac8c789-bb5d-44a1-a5d6-796a68a19d2e/current/log_inprogress_3 to /home/runner/work/ratis/ratis/ratis-test/target/test/data/d3464635/MiniRaftClusterWithGrpc1ed7d450/s1/6ac8c789-bb5d-44a1-a5d6-796a68a19d2e/current/log_3-23
2024-01-25 07:57:43,680 [s1@group-796A68A19D2E-SegmentedRaftLogWorker] INFO  segmented.BufferedWriteChannel (BufferedWriteChannel.java:open(61)) - open log_inprogress_24 at position 0
2024-01-25 07:57:43,682 [s2-server-thread1] DEBUG server.RaftServer$Division (RaftServerImpl.java:logAppendEntries(1520)) - s2@group-796A68A19D2E: receive appendEntries(s0, 3, (t:2, i:13), 23, false, commits:[s0:c23, s1:c23, s2:c4], cId:2, entries: [(t:2, i:14), STATEMACHINELOGENTRY, 12@client-2312CCC7CA78, (t:2, i:15), STATEMACHINELOGENTRY, 13@client-2312CCC7CA78, (t:2, i:16), STATEMACHINELOGENTRY, 14@client-2312CCC7CA78, (t:2, i:17), STATEMACHINELOGENTRY, 15@client-2312CCC7CA78, (t:2, i:18), STATEMACHINELOGENTRY, 16@client-2312CCC7CA78, (t:2, i:19), METADATAENTRY(c:13), (t:2, i:20), METADATAENTRY(c:14), (t:2, i:21), METADATAENTRY(c:15), (t:2, i:22), METADATAENTRY(c:16), (t:2, i:23), METADATAENTRY(c:18), (t:3, i:24), CONFIGURATIONENTRY(current:id: "s0"
address: "localhost:15000"
dataStreamAddress: "localhost:15003"
clientAddress: "localhost:15002"
adminAddress: "localhost:15001"
startupRole: FOLLOWER
,id: "s1"
address: "localhost:15004"
dataStreamAddress: "localhost:15007"
clientAddress: "localhost:15006"
adminAddress: "localhost:15005"
startupRole: FOLLOWER
,id: "s2"
address: "localhost:15008"
dataStreamAddress: "localhost:15011"
clientAddress: "localhost:15010"
adminAddress: "localhost:15009"
startupRole: FOLLOWER
, old:)]
2024-01-25 07:57:43,682 [s2-server-thread1] INFO  server.RaftServer$Division (ServerState.java:setRaftConf(386)) - s2@group-796A68A19D2E: set configuration 24: peers:[s0|localhost:15000, s1|localhost:15004, s2|localhost:15008]|listeners:[], old=null
2024-01-25 07:57:43,683 [s2-server-thread1] INFO  segmented.SegmentedRaftLogWorker (SegmentedRaftLogWorker.java:rollLogSegment(435)) - s2@group-796A68A19D2E-SegmentedRaftLogWorker: Rolling segment log-3_23 to index:23
2024-01-25 07:57:43,688 [s1@group-796A68A19D2E-SegmentedRaftLogWorker] INFO  segmented.SegmentedRaftLogWorker (SegmentedRaftLogWorker.java:execute(634)) - s1@group-796A68A19D2E-SegmentedRaftLogWorker: created new log segment /home/runner/work/ratis/ratis/ratis-test/target/test/data/d3464635/MiniRaftClusterWithGrpc1ed7d450/s1/6ac8c789-bb5d-44a1-a5d6-796a68a19d2e/current/log_inprogress_24
2024-01-25 07:57:43,689 [s1-server-thread3] DEBUG server.RaftServer$Division (RaftServerImpl.java:logAppendEntries(1520)) - s1@group-796A68A19D2E: succeeded to handle AppendEntries. Reply: s0<-s1#1:OK-t3,SUCCESS,nextIndex=25,followerCommit=23,matchIndex=24
2024-01-25 07:57:43,690 [s0@group-796A68A19D2E-StateMachineUpdater] TRACE util.FileUtils (LogUtils.java:supplyAndLog(69)) - Successfully supplied FileChannel.open /home/runner/work/ratis/ratis/ratis-test/target/test/data/d3464635/MiniRaftClusterWithGrpc1ed7d450/s0/6ac8c789-bb5d-44a1-a5d6-796a68a19d2e/current/raft-meta.conf.tmp with options [CREATE, WRITE]: sun.nio.ch.FileChannelImpl@64bc4f10
2024-01-25 07:57:43,691 [s0@group-796A68A19D2E-LeaderStateImpl] DEBUG impl.WatchRequests (WatchRequests.java:updateIndex(150)) - s0@group-796A68A19D2E-WatchRequests: update MAJORITY index from 23 to 24
2024-01-25 07:57:43,691 [s0@group-796A68A19D2E-StateMachineUpdater] TRACE util.FileUtils (LogUtils.java:runAndLog(49)) - Successfully ran Atomic Files.move /home/runner/work/ratis/ratis/ratis-test/target/test/data/d3464635/MiniRaftClusterWithGrpc1ed7d450/s0/6ac8c789-bb5d-44a1-a5d6-796a68a19d2e/current/raft-meta.conf.tmp to /home/runner/work/ratis/ratis/ratis-test/target/test/data/d3464635/MiniRaftClusterWithGrpc1ed7d450/s0/6ac8c789-bb5d-44a1-a5d6-796a68a19d2e/current/raft-meta.conf with options [REPLACE_EXISTING]
2024-01-25 07:57:43,691 [s0@group-796A68A19D2E-StateMachineUpdater] INFO  server.RaftServer$Division (LeaderStateImpl.java:isApplied(321)) - leader is ready since appliedIndex == 24 >= startIndex == 24
2024-01-25 07:57:43,691 [s1-server-thread3] DEBUG server.RaftServer$Division (RaftServerImpl.java:logAppendEntries(1520)) - s1@group-796A68A19D2E: receive appendEntries(s0, 3, (t:3, i:24), 24, false, commits:[s0:c24, s1:c23, s2:c4], cId:2, entries: [(t:3, i:25), METADATAENTRY(c:24)]
2024-01-25 07:57:43,692 [s2-server-thread1] DEBUG server.RaftServer$Division (RaftServerImpl.java:logAppendEntries(1520)) - s2@group-796A68A19D2E: receive appendEntries(s0, 3, (t:3, i:24), 24, false, commits:[s0:c24, s1:c23, s2:c4], cId:3, entries: [(t:3, i:25), METADATAENTRY(c:24)]
2024-01-25 07:57:43,692 [s1-server-thread3] DEBUG server.RaftServer$Division (RaftServerImpl.java:logAppendEntries(1520)) - s1@group-796A68A19D2E: succeeded to handle AppendEntries. Reply: s0<-s1#2:OK-t3,SUCCESS,nextIndex=26,followerCommit=24,matchIndex=25
2024-01-25 07:57:43,692 [s1@group-796A68A19D2E-StateMachineUpdater] TRACE util.FileUtils (LogUtils.java:supplyAndLog(69)) - Successfully supplied FileChannel.open /home/runner/work/ratis/ratis/ratis-test/target/test/data/d3464635/MiniRaftClusterWithGrpc1ed7d450/s1/6ac8c789-bb5d-44a1-a5d6-796a68a19d2e/current/raft-meta.conf.tmp with options [CREATE, WRITE]: sun.nio.ch.FileChannelImpl@5977b6a6
2024-01-25 07:57:43,692 [grpc-default-executor-8] DEBUG impl.WatchRequests (WatchRequests.java:updateIndex(150)) - s0@group-796A68A19D2E-WatchRequests: update MAJORITY_COMMITTED index from 23 to 24
2024-01-25 07:57:43,693 [s0@group-796A68A19D2E-LeaderStateImpl] DEBUG impl.WatchRequests (WatchRequests.java:updateIndex(150)) - s0@group-796A68A19D2E-WatchRequests: update MAJORITY index from 24 to 25
2024-01-25 07:57:43,693 [s1@group-796A68A19D2E-StateMachineUpdater] TRACE util.FileUtils (LogUtils.java:runAndLog(49)) - Successfully ran Atomic Files.move /home/runner/work/ratis/ratis/ratis-test/target/test/data/d3464635/MiniRaftClusterWithGrpc1ed7d450/s1/6ac8c789-bb5d-44a1-a5d6-796a68a19d2e/current/raft-meta.conf.tmp to /home/runner/work/ratis/ratis/ratis-test/target/test/data/d3464635/MiniRaftClusterWithGrpc1ed7d450/s1/6ac8c789-bb5d-44a1-a5d6-796a68a19d2e/current/raft-meta.conf with options [REPLACE_EXISTING]
2024-01-25 07:57:43,753 [timer7] DEBUG client.RaftClient (RaftClientImpl.java:get(158)) - client-2312CCC7CA78: get 18 returns []
2024-01-25 07:57:43,753 [timer7] DEBUG client.RaftClient (RaftClientImpl.java:newRequest(95)) - attempt #2, newRequest RaftClientRequest:client-2312CCC7CA78->s0@group-796A68A19D2E, cid=18, seq=null, Watch-ALL(5), null
2024-01-25 07:57:43,753 [timer7] DEBUG impl.UnorderedAsync (UnorderedAsync.java:sendRequestWithRetry(80)) - client-2312CCC7CA78: attempt #2 send~ RaftClientRequest:client-2312CCC7CA78->s0@group-796A68A19D2E, cid=18, seq=null, Watch-ALL(5), null
2024-01-25 07:57:43,753 [timer1] DEBUG client.RaftClient (RaftClientImpl.java:get(158)) - client-2312CCC7CA78: get 26 returns []
2024-01-25 07:57:43,753 [timer1] DEBUG client.RaftClient (RaftClientImpl.java:newRequest(95)) - attempt #2, newRequest RaftClientRequest:client-2312CCC7CA78->s0@group-796A68A19D2E, cid=26, seq=null, Watch-ALL(8), null
2024-01-25 07:57:43,753 [timer1] DEBUG impl.UnorderedAsync (UnorderedAsync.java:sendRequestWithRetry(80)) - client-2312CCC7CA78: attempt #2 send~ RaftClientRequest:client-2312CCC7CA78->s0@group-796A68A19D2E, cid=26, seq=null, Watch-ALL(8), null
2024-01-25 07:57:43,754 [timer0] DEBUG client.RaftClient (RaftClientImpl.java:get(158)) - client-2312CCC7CA78: get 24 returns []
2024-01-25 07:57:43,754 [timer0] DEBUG client.RaftClient (RaftClientImpl.java:newRequest(95)) - attempt #2, newRequest RaftClientRequest:client-2312CCC7CA78->s0@group-796A68A19D2E, cid=24, seq=null, Watch-ALL_COMMITTED(7), null
2024-01-25 07:57:43,754 [timer0] DEBUG impl.UnorderedAsync (UnorderedAsync.java:sendRequestWithRetry(80)) - client-2312CCC7CA78: attempt #2 send~ RaftClientRequest:client-2312CCC7CA78->s0@group-796A68A19D2E, cid=24, seq=null, Watch-ALL_COMMITTED(7), null
2024-01-25 07:57:43,755 [grpc-default-executor-8] DEBUG impl.WatchRequests (WatchRequests.java:updateIndex(150)) - s0@group-796A68A19D2E-WatchRequests: update ALL_COMMITTED index from 0 to 4
2024-01-25 07:57:43,759 [s0-client-thread1] DEBUG server.RaftServer$Division (RaftServerImpl.java:submitClientRequestAsync(880)) - s0@group-796A68A19D2E: receive client request(RaftClientRequest:client-2312CCC7CA78->s0@group-796A68A19D2E, cid=18, seq=null, Watch-ALL(5), Message:<EMPTY>)
2024-01-25 07:57:43,759 [s0-client-thread1] DEBUG server.RaftServer$Division (LeaderStateImpl.java:addWatchRequest(552)) - s0@group-796A68A19D2E-LeaderStateImpl: addWatchRequest RaftClientRequest:client-2312CCC7CA78->s0@group-796A68A19D2E, cid=18, seq=null, Watch-ALL(5), Message:<EMPTY>
2024-01-25 07:57:43,759 [s0-client-thread1] DEBUG server.RaftServer$Division (RaftServerImpl.java:submitClientRequestAsync(880)) - s0@group-796A68A19D2E: receive client request(RaftClientRequest:client-2312CCC7CA78->s0@group-796A68A19D2E, cid=24, seq=null, Watch-ALL_COMMITTED(7), Message:<EMPTY>)
2024-01-25 07:57:43,760 [s0-client-thread1] DEBUG server.RaftServer$Division (LeaderStateImpl.java:addWatchRequest(552)) - s0@group-796A68A19D2E-LeaderStateImpl: addWatchRequest RaftClientRequest:client-2312CCC7CA78->s0@group-796A68A19D2E, cid=24, seq=null, Watch-ALL_COMMITTED(7), Message:<EMPTY>
2024-01-25 07:57:43,760 [s0-client-thread1] DEBUG server.RaftServer$Division (RaftServerImpl.java:submitClientRequestAsync(880)) - s0@group-796A68A19D2E: receive client request(RaftClientRequest:client-2312CCC7CA78->s0@group-796A68A19D2E, cid=26, seq=null, Watch-ALL(8), Message:<EMPTY>)
2024-01-25 07:57:43,760 [s0-client-thread1] DEBUG server.RaftServer$Division (LeaderStateImpl.java:addWatchRequest(552)) - s0@group-796A68A19D2E-LeaderStateImpl: addWatchRequest RaftClientRequest:client-2312CCC7CA78->s0@group-796A68A19D2E, cid=26, seq=null, Watch-ALL(8), Message:<EMPTY>
2024-01-25 07:57:43,761 [timer2] DEBUG client.RaftClient (RaftClientImpl.java:get(158)) - client-2312CCC7CA78: get 28 returns []
2024-01-25 07:57:43,761 [timer2] DEBUG client.RaftClient (RaftClientImpl.java:newRequest(95)) - attempt #2, newRequest RaftClientRequest:client-2312CCC7CA78->s0@group-796A68A19D2E, cid=28, seq=null, Watch-ALL_COMMITTED(8), null
2024-01-25 07:57:43,761 [timer2] DEBUG impl.UnorderedAsync (UnorderedAsync.java:sendRequestWithRetry(80)) - client-2312CCC7CA78: attempt #2 send~ RaftClientRequest:client-2312CCC7CA78->s0@group-796A68A19D2E, cid=28, seq=null, Watch-ALL_COMMITTED(8), null
2024-01-25 07:57:43,761 [timer2] DEBUG client.RaftClient (RaftClientImpl.java:get(158)) - client-2312CCC7CA78: get 30 returns []
2024-01-25 07:57:43,761 [timer2] DEBUG client.RaftClient (RaftClientImpl.java:newRequest(95)) - attempt #2, newRequest RaftClientRequest:client-2312CCC7CA78->s0@group-796A68A19D2E, cid=30, seq=null, Watch-ALL(10), null
2024-01-25 07:57:43,761 [timer2] DEBUG impl.UnorderedAsync (UnorderedAsync.java:sendRequestWithRetry(80)) - client-2312CCC7CA78: attempt #2 send~ RaftClientRequest:client-2312CCC7CA78->s0@group-796A68A19D2E, cid=30, seq=null, Watch-ALL(10), null
2024-01-25 07:57:43,761 [s0-client-thread1] DEBUG server.RaftServer$Division (RaftServerImpl.java:submitClientRequestAsync(880)) - s0@group-796A68A19D2E: receive client request(RaftClientRequest:client-2312CCC7CA78->s0@group-796A68A19D2E, cid=28, seq=null, Watch-ALL_COMMITTED(8), Message:<EMPTY>)
2024-01-25 07:57:43,761 [s0-client-thread1] DEBUG server.RaftServer$Division (LeaderStateImpl.java:addWatchRequest(552)) - s0@group-796A68A19D2E-LeaderStateImpl: addWatchRequest RaftClientRequest:client-2312CCC7CA78->s0@group-796A68A19D2E, cid=28, seq=null, Watch-ALL_COMMITTED(8), Message:<EMPTY>
2024-01-25 07:57:43,762 [timer3] DEBUG client.RaftClient (RaftClientImpl.java:get(158)) - client-2312CCC7CA78: get 32 returns []
2024-01-25 07:57:43,762 [s0-client-thread1] DEBUG server.RaftServer$Division (RaftServerImpl.java:submitClientRequestAsync(880)) - s0@group-796A68A19D2E: receive client request(RaftClientRequest:client-2312CCC7CA78->s0@group-796A68A19D2E, cid=30, seq=null, Watch-ALL(10), Message:<EMPTY>)
2024-01-25 07:57:43,762 [timer3] DEBUG client.RaftClient (RaftClientImpl.java:newRequest(95)) - attempt #2, newRequest RaftClientRequest:client-2312CCC7CA78->s0@group-796A68A19D2E, cid=32, seq=null, Watch-ALL_COMMITTED(10), null
2024-01-25 07:57:43,762 [s0-client-thread1] DEBUG server.RaftServer$Division (LeaderStateImpl.java:addWatchRequest(552)) - s0@group-796A68A19D2E-LeaderStateImpl: addWatchRequest RaftClientRequest:client-2312CCC7CA78->s0@group-796A68A19D2E, cid=30, seq=null, Watch-ALL(10), Message:<EMPTY>
2024-01-25 07:57:43,762 [timer3] DEBUG impl.UnorderedAsync (UnorderedAsync.java:sendRequestWithRetry(80)) - client-2312CCC7CA78: attempt #2 send~ RaftClientRequest:client-2312CCC7CA78->s0@group-796A68A19D2E, cid=32, seq=null, Watch-ALL_COMMITTED(10), null
2024-01-25 07:57:43,762 [s0-client-thread1] DEBUG server.RaftServer$Division (RaftServerImpl.java:submitClientRequestAsync(880)) - s0@group-796A68A19D2E: receive client request(RaftClientRequest:client-2312CCC7CA78->s0@group-796A68A19D2E, cid=32, seq=null, Watch-ALL_COMMITTED(10), Message:<EMPTY>)
2024-01-25 07:57:43,762 [timer4] DEBUG client.RaftClient (RaftClientImpl.java:get(158)) - client-2312CCC7CA78: get 34 returns []
2024-01-25 07:57:43,762 [s0-client-thread1] DEBUG server.RaftServer$Division (LeaderStateImpl.java:addWatchRequest(552)) - s0@group-796A68A19D2E-LeaderStateImpl: addWatchRequest RaftClientRequest:client-2312CCC7CA78->s0@group-796A68A19D2E, cid=32, seq=null, Watch-ALL_COMMITTED(10), Message:<EMPTY>
2024-01-25 07:57:43,762 [timer4] DEBUG client.RaftClient (RaftClientImpl.java:newRequest(95)) - attempt #2, newRequest RaftClientRequest:client-2312CCC7CA78->s0@group-796A68A19D2E, cid=34, seq=null, Watch-ALL(13), null
2024-01-25 07:57:43,763 [timer4] DEBUG impl.UnorderedAsync (UnorderedAsync.java:sendRequestWithRetry(80)) - client-2312CCC7CA78: attempt #2 send~ RaftClientRequest:client-2312CCC7CA78->s0@group-796A68A19D2E, cid=34, seq=null, Watch-ALL(13), null
2024-01-25 07:57:43,763 [timer5] DEBUG client.RaftClient (RaftClientImpl.java:get(158)) - client-2312CCC7CA78: get 36 returns []
2024-01-25 07:57:43,763 [timer5] DEBUG client.RaftClient (RaftClientImpl.java:newRequest(95)) - attempt #2, newRequest RaftClientRequest:client-2312CCC7CA78->s0@group-796A68A19D2E, cid=36, seq=null, Watch-ALL_COMMITTED(13), null
2024-01-25 07:57:43,763 [s0-client-thread1] DEBUG server.RaftServer$Division (RaftServerImpl.java:submitClientRequestAsync(880)) - s0@group-796A68A19D2E: receive client request(RaftClientRequest:client-2312CCC7CA78->s0@group-796A68A19D2E, cid=34, seq=null, Watch-ALL(13), Message:<EMPTY>)
2024-01-25 07:57:43,763 [timer5] DEBUG impl.UnorderedAsync (UnorderedAsync.java:sendRequestWithRetry(80)) - client-2312CCC7CA78: attempt #2 send~ RaftClientRequest:client-2312CCC7CA78->s0@group-796A68A19D2E, cid=36, seq=null, Watch-ALL_COMMITTED(13), null
2024-01-25 07:57:43,763 [s0-client-thread1] DEBUG server.RaftServer$Division (LeaderStateImpl.java:addWatchRequest(552)) - s0@group-796A68A19D2E-LeaderStateImpl: addWatchRequest RaftClientRequest:client-2312CCC7CA78->s0@group-796A68A19D2E, cid=34, seq=null, Watch-ALL(13), Message:<EMPTY>
2024-01-25 07:57:43,763 [s0-client-thread1] DEBUG server.RaftServer$Division (RaftServerImpl.java:submitClientRequestAsync(880)) - s0@group-796A68A19D2E: receive client request(RaftClientRequest:client-2312CCC7CA78->s0@group-796A68A19D2E, cid=36, seq=null, Watch-ALL_COMMITTED(13), Message:<EMPTY>)
2024-01-25 07:57:43,764 [s0-client-thread1] DEBUG server.RaftServer$Division (LeaderStateImpl.java:addWatchRequest(552)) - s0@group-796A68A19D2E-LeaderStateImpl: addWatchRequest RaftClientRequest:client-2312CCC7CA78->s0@group-796A68A19D2E, cid=36, seq=null, Watch-ALL_COMMITTED(13), Message:<EMPTY>
2024-01-25 07:57:43,765 [timer7] DEBUG client.RaftClient (RaftClientImpl.java:get(158)) - client-2312CCC7CA78: get 22 returns []
2024-01-25 07:57:43,765 [timer7] DEBUG client.RaftClient (RaftClientImpl.java:newRequest(95)) - attempt #2, newRequest RaftClientRequest:client-2312CCC7CA78->s0@group-796A68A19D2E, cid=22, seq=null, Watch-ALL(7), null
2024-01-25 07:57:43,765 [timer7] DEBUG impl.UnorderedAsync (UnorderedAsync.java:sendRequestWithRetry(80)) - client-2312CCC7CA78: attempt #2 send~ RaftClientRequest:client-2312CCC7CA78->s0@group-796A68A19D2E, cid=22, seq=null, Watch-ALL(7), null
2024-01-25 07:57:43,766 [s0-client-thread1] DEBUG server.RaftServer$Division (RaftServerImpl.java:submitClientRequestAsync(880)) - s0@group-796A68A19D2E: receive client request(RaftClientRequest:client-2312CCC7CA78->s0@group-796A68A19D2E, cid=22, seq=null, Watch-ALL(7), Message:<EMPTY>)
2024-01-25 07:57:43,766 [s0-client-thread1] DEBUG server.RaftServer$Division (LeaderStateImpl.java:addWatchRequest(552)) - s0@group-796A68A19D2E-LeaderStateImpl: addWatchRequest RaftClientRequest:client-2312CCC7CA78->s0@group-796A68A19D2E, cid=22, seq=null, Watch-ALL(7), Message:<EMPTY>
2024-01-25 07:57:43,766 [timer0] DEBUG client.RaftClient (RaftClientImpl.java:get(158)) - client-2312CCC7CA78: get 38 returns []
2024-01-25 07:57:43,767 [timer0] DEBUG client.RaftClient (RaftClientImpl.java:newRequest(95)) - attempt #2, newRequest RaftClientRequest:client-2312CCC7CA78->s0@group-796A68A19D2E, cid=38, seq=null, Watch-ALL(14), null
2024-01-25 07:57:43,767 [timer0] DEBUG impl.UnorderedAsync (UnorderedAsync.java:sendRequestWithRetry(80)) - client-2312CCC7CA78: attempt #2 send~ RaftClientRequest:client-2312CCC7CA78->s0@group-796A68A19D2E, cid=38, seq=null, Watch-ALL(14), null
2024-01-25 07:57:43,767 [s0-client-thread1] DEBUG server.RaftServer$Division (RaftServerImpl.java:submitClientRequestAsync(880)) - s0@group-796A68A19D2E: receive client request(RaftClientRequest:client-2312CCC7CA78->s0@group-796A68A19D2E, cid=38, seq=null, Watch-ALL(14), Message:<EMPTY>)
2024-01-25 07:57:43,767 [s0-client-thread1] DEBUG server.RaftServer$Division (LeaderStateImpl.java:addWatchRequest(552)) - s0@group-796A68A19D2E-LeaderStateImpl: addWatchRequest RaftClientRequest:client-2312CCC7CA78->s0@group-796A68A19D2E, cid=38, seq=null, Watch-ALL(14), Message:<EMPTY>
2024-01-25 07:57:43,768 [timer1] DEBUG client.RaftClient (RaftClientImpl.java:get(158)) - client-2312CCC7CA78: get 42 returns []
2024-01-25 07:57:43,769 [timer1] DEBUG client.RaftClient (RaftClientImpl.java:newRequest(95)) - attempt #2, newRequest RaftClientRequest:client-2312CCC7CA78->s0@group-796A68A19D2E, cid=42, seq=null, Watch-ALL(15), null
2024-01-25 07:57:43,769 [timer1] DEBUG impl.UnorderedAsync (UnorderedAsync.java:sendRequestWithRetry(80)) - client-2312CCC7CA78: attempt #2 send~ RaftClientRequest:client-2312CCC7CA78->s0@group-796A68A19D2E, cid=42, seq=null, Watch-ALL(15), null
2024-01-25 07:57:43,769 [s0-client-thread1] DEBUG server.RaftServer$Division (RaftServerImpl.java:submitClientRequestAsync(880)) - s0@group-796A68A19D2E: receive client request(RaftClientRequest:client-2312CCC7CA78->s0@group-796A68A19D2E, cid=42, seq=null, Watch-ALL(15), Message:<EMPTY>)
2024-01-25 07:57:43,769 [s0-client-thread1] DEBUG server.RaftServer$Division (LeaderStateImpl.java:addWatchRequest(552)) - s0@group-796A68A19D2E-LeaderStateImpl: addWatchRequest RaftClientRequest:client-2312CCC7CA78->s0@group-796A68A19D2E, cid=42, seq=null, Watch-ALL(15), Message:<EMPTY>
2024-01-25 07:57:43,769 [timer3] DEBUG client.RaftClient (RaftClientImpl.java:get(158)) - client-2312CCC7CA78: get 46 returns []
2024-01-25 07:57:43,769 [timer3] DEBUG client.RaftClient (RaftClientImpl.java:newRequest(95)) - attempt #2, newRequest RaftClientRequest:client-2312CCC7CA78->s0@group-796A68A19D2E, cid=46, seq=null, Watch-ALL(16), null
2024-01-25 07:57:43,770 [timer3] DEBUG impl.UnorderedAsync (UnorderedAsync.java:sendRequestWithRetry(80)) - client-2312CCC7CA78: attempt #2 send~ RaftClientRequest:client-2312CCC7CA78->s0@group-796A68A19D2E, cid=46, seq=null, Watch-ALL(16), null
2024-01-25 07:57:43,770 [timer4] DEBUG client.RaftClient (RaftClientImpl.java:get(158)) - client-2312CCC7CA78: get 48 returns []
2024-01-25 07:57:43,770 [timer4] DEBUG client.RaftClient (RaftClientImpl.java:newRequest(95)) - attempt #2, newRequest RaftClientRequest:client-2312CCC7CA78->s0@group-796A68A19D2E, cid=48, seq=null, Watch-ALL_COMMITTED(16), null
2024-01-25 07:57:43,770 [timer4] DEBUG impl.UnorderedAsync (UnorderedAsync.java:sendRequestWithRetry(80)) - client-2312CCC7CA78: attempt #2 send~ RaftClientRequest:client-2312CCC7CA78->s0@group-796A68A19D2E, cid=48, seq=null, Watch-ALL_COMMITTED(16), null
2024-01-25 07:57:43,770 [grpc-default-executor-3] DEBUG impl.WatchRequests (WatchRequests.java:updateIndex(150)) - s0@group-796A68A19D2E-WatchRequests: update MAJORITY_COMMITTED index from 24 to 25
2024-01-25 07:57:43,770 [s0-client-thread1] DEBUG server.RaftServer$Division (RaftServerImpl.java:submitClientRequestAsync(880)) - s0@group-796A68A19D2E: receive client request(RaftClientRequest:client-2312CCC7CA78->s0@group-796A68A19D2E, cid=46, seq=null, Watch-ALL(16), Message:<EMPTY>)
2024-01-25 07:57:43,770 [timer2] DEBUG client.RaftClient (RaftClientImpl.java:get(158)) - client-2312CCC7CA78: get 44 returns []
2024-01-25 07:57:43,770 [s0-client-thread1] DEBUG server.RaftServer$Division (LeaderStateImpl.java:addWatchRequest(552)) - s0@group-796A68A19D2E-LeaderStateImpl: addWatchRequest RaftClientRequest:client-2312CCC7CA78->s0@group-796A68A19D2E, cid=46, seq=null, Watch-ALL(16), Message:<EMPTY>
2024-01-25 07:57:43,770 [timer2] DEBUG client.RaftClient (RaftClientImpl.java:newRequest(95)) - attempt #2, newRequest RaftClientRequest:client-2312CCC7CA78->s0@group-796A68A19D2E, cid=44, seq=null, Watch-ALL_COMMITTED(15), null
2024-01-25 07:57:43,770 [timer2] DEBUG impl.UnorderedAsync (UnorderedAsync.java:sendRequestWithRetry(80)) - client-2312CCC7CA78: attempt #2 send~ RaftClientRequest:client-2312CCC7CA78->s0@group-796A68A19D2E, cid=44, seq=null, Watch-ALL_COMMITTED(15), null
2024-01-25 07:57:43,771 [s0-client-thread1] DEBUG server.RaftServer$Division (RaftServerImpl.java:submitClientRequestAsync(880)) - s0@group-796A68A19D2E: receive client request(RaftClientRequest:client-2312CCC7CA78->s0@group-796A68A19D2E, cid=48, seq=null, Watch-ALL_COMMITTED(16), Message:<EMPTY>)
2024-01-25 07:57:43,771 [s0-client-thread1] DEBUG server.RaftServer$Division (LeaderStateImpl.java:addWatchRequest(552)) - s0@group-796A68A19D2E-LeaderStateImpl: addWatchRequest RaftClientRequest:client-2312CCC7CA78->s0@group-796A68A19D2E, cid=48, seq=null, Watch-ALL_COMMITTED(16), Message:<EMPTY>
2024-01-25 07:57:43,771 [s0-client-thread1] DEBUG server.RaftServer$Division (RaftServerImpl.java:submitClientRequestAsync(880)) - s0@group-796A68A19D2E: receive client request(RaftClientRequest:client-2312CCC7CA78->s0@group-796A68A19D2E, cid=44, seq=null, Watch-ALL_COMMITTED(15), Message:<EMPTY>)
2024-01-25 07:57:43,771 [timer5] DEBUG client.RaftClient (RaftClientImpl.java:get(158)) - client-2312CCC7CA78: get 50 returns []
2024-01-25 07:57:43,771 [s0-client-thread1] DEBUG server.RaftServer$Division (LeaderStateImpl.java:addWatchRequest(552)) - s0@group-796A68A19D2E-LeaderStateImpl: addWatchRequest RaftClientRequest:client-2312CCC7CA78->s0@group-796A68A19D2E, cid=44, seq=null, Watch-ALL_COMMITTED(15), Message:<EMPTY>
2024-01-25 07:57:43,771 [timer5] DEBUG client.RaftClient (RaftClientImpl.java:newRequest(95)) - attempt #2, newRequest RaftClientRequest:client-2312CCC7CA78->s0@group-796A68A19D2E, cid=50, seq=null, Watch-ALL(17), null
2024-01-25 07:57:43,772 [timer5] DEBUG impl.UnorderedAsync (UnorderedAsync.java:sendRequestWithRetry(80)) - client-2312CCC7CA78: attempt #2 send~ RaftClientRequest:client-2312CCC7CA78->s0@group-796A68A19D2E, cid=50, seq=null, Watch-ALL(17), null
2024-01-25 07:57:43,772 [timer6] DEBUG client.RaftClient (RaftClientImpl.java:get(158)) - client-2312CCC7CA78: get 20 returns []
2024-01-25 07:57:43,772 [timer6] DEBUG client.RaftClient (RaftClientImpl.java:newRequest(95)) - attempt #2, newRequest RaftClientRequest:client-2312CCC7CA78->s0@group-796A68A19D2E, cid=20, seq=null, Watch-ALL_COMMITTED(5), null
2024-01-25 07:57:43,772 [timer6] DEBUG impl.UnorderedAsync (UnorderedAsync.java:sendRequestWithRetry(80)) - client-2312CCC7CA78: attempt #2 send~ RaftClientRequest:client-2312CCC7CA78->s0@group-796A68A19D2E, cid=20, seq=null, Watch-ALL_COMMITTED(5), null
2024-01-25 07:57:43,772 [s0-client-thread1] DEBUG server.RaftServer$Division (RaftServerImpl.java:submitClientRequestAsync(880)) - s0@group-796A68A19D2E: receive client request(RaftClientRequest:client-2312CCC7CA78->s0@group-796A68A19D2E, cid=50, seq=null, Watch-ALL(17), Message:<EMPTY>)
2024-01-25 07:57:43,772 [s0-client-thread1] DEBUG server.RaftServer$Division (LeaderStateImpl.java:addWatchRequest(552)) - s0@group-796A68A19D2E-LeaderStateImpl: addWatchRequest RaftClientRequest:client-2312CCC7CA78->s0@group-796A68A19D2E, cid=50, seq=null, Watch-ALL(17), Message:<EMPTY>
2024-01-25 07:57:43,772 [s0-client-thread1] DEBUG server.RaftServer$Division (RaftServerImpl.java:submitClientRequestAsync(880)) - s0@group-796A68A19D2E: receive client request(RaftClientRequest:client-2312CCC7CA78->s0@group-796A68A19D2E, cid=20, seq=null, Watch-ALL_COMMITTED(5), Message:<EMPTY>)
2024-01-25 07:57:43,772 [s0-client-thread1] DEBUG server.RaftServer$Division (LeaderStateImpl.java:addWatchRequest(552)) - s0@group-796A68A19D2E-LeaderStateImpl: addWatchRequest RaftClientRequest:client-2312CCC7CA78->s0@group-796A68A19D2E, cid=20, seq=null, Watch-ALL_COMMITTED(5), Message:<EMPTY>
2024-01-25 07:57:43,773 [timer7] DEBUG client.RaftClient (RaftClientImpl.java:get(158)) - client-2312CCC7CA78: get 40 returns []
2024-01-25 07:57:43,773 [timer7] DEBUG client.RaftClient (RaftClientImpl.java:newRequest(95)) - attempt #2, newRequest RaftClientRequest:client-2312CCC7CA78->s0@group-796A68A19D2E, cid=40, seq=null, Watch-ALL_COMMITTED(14), null
2024-01-25 07:57:43,773 [timer7] DEBUG impl.UnorderedAsync (UnorderedAsync.java:sendRequestWithRetry(80)) - client-2312CCC7CA78: attempt #2 send~ RaftClientRequest:client-2312CCC7CA78->s0@group-796A68A19D2E, cid=40, seq=null, Watch-ALL_COMMITTED(14), null
2024-01-25 07:57:43,773 [timer1] DEBUG client.RaftClient (RaftClientImpl.java:get(158)) - client-2312CCC7CA78: get 54 returns []
2024-01-25 07:57:43,773 [timer1] DEBUG client.RaftClient (RaftClientImpl.java:newRequest(95)) - attempt #2, newRequest RaftClientRequest:client-2312CCC7CA78->s0@group-796A68A19D2E, cid=54, seq=null, Watch-ALL(18), null
2024-01-25 07:57:43,773 [timer1] DEBUG impl.UnorderedAsync (UnorderedAsync.java:sendRequestWithRetry(80)) - client-2312CCC7CA78: attempt #2 send~ RaftClientRequest:client-2312CCC7CA78->s0@group-796A68A19D2E, cid=54, seq=null, Watch-ALL(18), null
2024-01-25 07:57:43,773 [s0-client-thread1] DEBUG server.RaftServer$Division (RaftServerImpl.java:submitClientRequestAsync(880)) - s0@group-796A68A19D2E: receive client request(RaftClientRequest:client-2312CCC7CA78->s0@group-796A68A19D2E, cid=40, seq=null, Watch-ALL_COMMITTED(14), Message:<EMPTY>)
2024-01-25 07:57:43,773 [s0-client-thread1] DEBUG server.RaftServer$Division (LeaderStateImpl.java:addWatchRequest(552)) - s0@group-796A68A19D2E-LeaderStateImpl: addWatchRequest RaftClientRequest:client-2312CCC7CA78->s0@group-796A68A19D2E, cid=40, seq=null, Watch-ALL_COMMITTED(14), Message:<EMPTY>
2024-01-25 07:57:43,774 [s0-client-thread1] DEBUG server.RaftServer$Division (RaftServerImpl.java:submitClientRequestAsync(880)) - s0@group-796A68A19D2E: receive client request(RaftClientRequest:client-2312CCC7CA78->s0@group-796A68A19D2E, cid=54, seq=null, Watch-ALL(18), Message:<EMPTY>)
2024-01-25 07:57:43,774 [s0-client-thread1] DEBUG server.RaftServer$Division (LeaderStateImpl.java:addWatchRequest(552)) - s0@group-796A68A19D2E-LeaderStateImpl: addWatchRequest RaftClientRequest:client-2312CCC7CA78->s0@group-796A68A19D2E, cid=54, seq=null, Watch-ALL(18), Message:<EMPTY>
2024-01-25 07:57:43,774 [timer5] DEBUG client.RaftClient (RaftClientImpl.java:get(158)) - client-2312CCC7CA78: get 52 returns []
2024-01-25 07:57:43,774 [timer5] DEBUG client.RaftClient (RaftClientImpl.java:newRequest(95)) - attempt #2, newRequest RaftClientRequest:client-2312CCC7CA78->s0@group-796A68A19D2E, cid=52, seq=null, Watch-ALL_COMMITTED(17), null
2024-01-25 07:57:43,774 [timer5] DEBUG impl.UnorderedAsync (UnorderedAsync.java:sendRequestWithRetry(80)) - client-2312CCC7CA78: attempt #2 send~ RaftClientRequest:client-2312CCC7CA78->s0@group-796A68A19D2E, cid=52, seq=null, Watch-ALL_COMMITTED(17), null
2024-01-25 07:57:43,774 [timer4] DEBUG client.RaftClient (RaftClientImpl.java:get(158)) - client-2312CCC7CA78: get 56 returns []
2024-01-25 07:57:43,774 [timer4] DEBUG client.RaftClient (RaftClientImpl.java:newRequest(95)) - attempt #2, newRequest RaftClientRequest:client-2312CCC7CA78->s0@group-796A68A19D2E, cid=56, seq=null, Watch-ALL_COMMITTED(18), null
2024-01-25 07:57:43,774 [timer4] DEBUG impl.UnorderedAsync (UnorderedAsync.java:sendRequestWithRetry(80)) - client-2312CCC7CA78: attempt #2 send~ RaftClientRequest:client-2312CCC7CA78->s0@group-796A68A19D2E, cid=56, seq=null, Watch-ALL_COMMITTED(18), null
2024-01-25 07:57:43,775 [s0-client-thread1] DEBUG server.RaftServer$Division (RaftServerImpl.java:submitClientRequestAsync(880)) - s0@group-796A68A19D2E: receive client request(RaftClientRequest:client-2312CCC7CA78->s0@group-796A68A19D2E, cid=52, seq=null, Watch-ALL_COMMITTED(17), Message:<EMPTY>)
2024-01-25 07:57:43,775 [s0-client-thread1] DEBUG server.RaftServer$Division (LeaderStateImpl.java:addWatchRequest(552)) - s0@group-796A68A19D2E-LeaderStateImpl: addWatchRequest RaftClientRequest:client-2312CCC7CA78->s0@group-796A68A19D2E, cid=52, seq=null, Watch-ALL_COMMITTED(17), Message:<EMPTY>
2024-01-25 07:57:43,775 [s0-client-thread1] DEBUG server.RaftServer$Division (RaftServerImpl.java:submitClientRequestAsync(880)) - s0@group-796A68A19D2E: receive client request(RaftClientRequest:client-2312CCC7CA78->s0@group-796A68A19D2E, cid=56, seq=null, Watch-ALL_COMMITTED(18), Message:<EMPTY>)
2024-01-25 07:57:43,775 [s0-client-thread1] DEBUG server.RaftServer$Division (LeaderStateImpl.java:addWatchRequest(552)) - s0@group-796A68A19D2E-LeaderStateImpl: addWatchRequest RaftClientRequest:client-2312CCC7CA78->s0@group-796A68A19D2E, cid=56, seq=null, Watch-ALL_COMMITTED(18), Message:<EMPTY>
2024-01-25 07:57:44,083 [Time-limited test] INFO  ratis.RaftTestUtil (RaftTestUtil.java:waitForLeader(125)) - printing ALL groups
  s0:  RUNNING    LEADER s0@group-796A68A19D2E:t3, leader=s0, voted=s0, raftlog=Memoized:s0@group-796A68A19D2E-SegmentedRaftLog:OPENED:c25, conf=24: peers:[s0|localhost:15000, s1|localhost:15004, s2|localhost:15008]|listeners:[], old=null RUNNING
  s1:  RUNNING  FOLLOWER s1@group-796A68A19D2E:t3, leader=s0, voted=s0, raftlog=Memoized:s1@group-796A68A19D2E-SegmentedRaftLog:OPENED:c25, conf=24: peers:[s0|localhost:15000, s1|localhost:15004, s2|localhost:15008]|listeners:[], old=null RUNNING
  s2:  RUNNING  FOLLOWER s2@group-796A68A19D2E:t3, leader=s0, voted=s0, raftlog=Memoized:s2@group-796A68A19D2E-SegmentedRaftLog:OPENED:c4, conf=24: peers:[s0|localhost:15000, s1|localhost:15004, s2|localhost:15008]|listeners:[], old=null RUNNING
2024-01-25 07:57:44,084 [Time-limited test] INFO  ratis.RaftTestUtil (RaftTestUtil.java:lambda$changeLeader$11(439)) - Changed leader from s1 to s0
2024-01-25 07:57:44,084 [Time-limited test] INFO  util.CodeInjectionForTesting (BlockRequestHandlingInjection.java:unblockRequestor(54)) - UnBlock requestor s1
2024-01-25 07:57:44,084 [Time-limited test] INFO  impl.SimpleStateMachine4Testing (SimpleStateMachine4Testing.java:unblock(142)) - unblock FLUSH_STATE_MACHINE_DATA
2024-01-25 07:57:44,084 [Time-limited test] INFO  grpc.TestWatchRequestWithGrpc (WatchRequestTests.java:runTestWatchRequestAsyncChangeLeader(370)) - unblock follower s2
2024-01-25 07:57:44,084 [Time-limited test] INFO  grpc.TestWatchRequestWithGrpc (WatchRequestTests.java:checkAll(305)) - checkAll 0: logIndex=5
2024-01-25 07:57:44,084 [s2-server-thread3] DEBUG server.RaftServer$Division (RaftServerImpl.java:logAppendEntries(1520)) - s2@group-796A68A19D2E: succeeded to handle AppendEntries. Reply: s1<-s2#89:OK-t2,SUCCESS,nextIndex=6,followerCommit=4,matchIndex=5
2024-01-25 07:57:44,087 [s2@group-796A68A19D2E-SegmentedRaftLogWorker] TRACE util.FileUtils (LogUtils.java:runAndLog(49)) - Successfully ran Atomic Files.move /home/runner/work/ratis/ratis/ratis-test/target/test/data/d3464635/MiniRaftClusterWithGrpc1ed7d450/s2/6ac8c789-bb5d-44a1-a5d6-796a68a19d2e/current/log_inprogress_3 to /home/runner/work/ratis/ratis/ratis-test/target/test/data/d3464635/MiniRaftClusterWithGrpc1ed7d450/s2/6ac8c789-bb5d-44a1-a5d6-796a68a19d2e/current/log_3-23
2024-01-25 07:57:44,087 [s2@group-796A68A19D2E-SegmentedRaftLogWorker] INFO  segmented.SegmentedRaftLogWorker (SegmentedRaftLogWorker.java:execute(591)) - s2@group-796A68A19D2E-SegmentedRaftLogWorker: Rolled log segment from /home/runner/work/ratis/ratis/ratis-test/target/test/data/d3464635/MiniRaftClusterWithGrpc1ed7d450/s2/6ac8c789-bb5d-44a1-a5d6-796a68a19d2e/current/log_inprogress_3 to /home/runner/work/ratis/ratis/ratis-test/target/test/data/d3464635/MiniRaftClusterWithGrpc1ed7d450/s2/6ac8c789-bb5d-44a1-a5d6-796a68a19d2e/current/log_3-23
2024-01-25 07:57:44,087 [s2-server-thread3] DEBUG server.RaftServer$Division (RaftServerImpl.java:logAppendEntries(1520)) - s2@group-796A68A19D2E: succeeded to handle AppendEntries. Reply: s1<-s2#90:OK-t2,SUCCESS,nextIndex=7,followerCommit=5,matchIndex=6
2024-01-25 07:57:44,087 [s2-server-thread1] DEBUG server.RaftServer$Division (RaftServerImpl.java:logAppendEntries(1520)) - s2@group-796A68A19D2E: succeeded to handle AppendEntries. Reply: s1<-s2#94:OK-t2,SUCCESS,nextIndex=8,followerCommit=6,matchIndex=7
2024-01-25 07:57:44,087 [s2@group-796A68A19D2E-StateMachineUpdater] INFO  impl.SimpleStateMachine4Testing (SimpleStateMachine4Testing.java:applyTransaction(248)) - applyTransaction for log index 5
2024-01-25 07:57:44,088 [s2-server-thread3] DEBUG server.RaftServer$Division (RaftServerImpl.java:logAppendEntries(1520)) - s2@group-796A68A19D2E: succeeded to handle AppendEntries. Reply: s1<-s2#98:OK-t2,SUCCESS,nextIndex=10,followerCommit=7,matchIndex=9
2024-01-25 07:57:44,089 [s2@group-796A68A19D2E-StateMachineUpdater] INFO  impl.SimpleStateMachine4Testing (SimpleStateMachine4Testing.java:put(205)) - s2: put 5, m0 -> (t:2, i:5), STATEMACHINELOGENTRY, 7@client-2312CCC7CA78
2024-01-25 07:57:44,089 [s2@group-796A68A19D2E-StateMachineUpdater] INFO  impl.SimpleStateMachine4Testing (SimpleStateMachine4Testing.java:applyTransaction(248)) - applyTransaction for log index 7
2024-01-25 07:57:44,089 [s2@group-796A68A19D2E-StateMachineUpdater] INFO  impl.SimpleStateMachine4Testing (SimpleStateMachine4Testing.java:put(205)) - s2: put 7, m1 -> (t:2, i:7), STATEMACHINELOGENTRY, 8@client-2312CCC7CA78
2024-01-25 07:57:44,089 [s2-server-thread4] DEBUG server.RaftServer$Division (RaftServerImpl.java:logAppendEntries(1520)) - s2@group-796A68A19D2E: succeeded to handle AppendEntries. Reply: s1<-s2#95:OK-t2,SUCCESS,nextIndex=9,followerCommit=7,matchIndex=8
2024-01-25 07:57:44,089 [s2-server-thread3] DEBUG server.RaftServer$Division (RaftServerImpl.java:logAppendEntries(1520)) - s2@group-796A68A19D2E: succeeded to handle AppendEntries. Reply: s1<-s2#103:OK-t2,SUCCESS,nextIndex=14,followerCommit=10,matchIndex=13
2024-01-25 07:57:44,089 [s2@group-796A68A19D2E-SegmentedRaftLogWorker] INFO  segmented.BufferedWriteChannel (BufferedWriteChannel.java:open(61)) - open log_inprogress_24 at position 0
2024-01-25 07:57:44,090 [s2-server-thread5] DEBUG server.RaftServer$Division (RaftServerImpl.java:logAppendEntries(1520)) - s2@group-796A68A19D2E: succeeded to handle AppendEntries. Reply: s1<-s2#99:OK-t2,SUCCESS,nextIndex=11,followerCommit=10,matchIndex=10
2024-01-25 07:57:44,090 [s2-server-thread4] DEBUG server.RaftServer$Division (RaftServerImpl.java:logAppendEntries(1520)) - s2@group-796A68A19D2E: succeeded to handle AppendEntries. Reply: s1<-s2#100:OK-t2,SUCCESS,nextIndex=12,followerCommit=10,matchIndex=11
2024-01-25 07:57:44,090 [s2-server-thread4] INFO  server.GrpcServerProtocolService (GrpcServerProtocolService.java:lambda$onCompleted$7(188)) - s2: Completed APPEND_ENTRIES, lastReply: null
2024-01-25 07:57:44,091 [grpc-default-executor-3] INFO  server.GrpcLogAppender (GrpcLogAppender.java:onCompleted(546)) - s1@group-796A68A19D2E->s2-AppendLogResponseHandler: follower responses appendEntries COMPLETED
2024-01-25 07:57:44,091 [grpc-default-executor-3] INFO  leader.LogAppender (LogAppenderBase.java:lambda$getNextIndexForError$0(215)) - Decrease nextIndex to 5
2024-01-25 07:57:44,091 [grpc-default-executor-3] INFO  leader.LogAppender (LogAppenderBase.java:lambda$getNextIndexForError$0(215)) - Decrease nextIndex to 5
2024-01-25 07:57:44,091 [grpc-default-executor-3] INFO  leader.FollowerInfo (FollowerInfoImpl.java:info(70)) - s1@group-796A68A19D2E->s2: computeNextIndex nextIndex: updateUnconditionally 14 -> 5
2024-01-25 07:57:44,092 [s2@group-796A68A19D2E-StateMachineUpdater] INFO  impl.SimpleStateMachine4Testing (SimpleStateMachine4Testing.java:applyTransaction(248)) - applyTransaction for log index 8
2024-01-25 07:57:44,092 [s2@group-796A68A19D2E-StateMachineUpdater] INFO  impl.SimpleStateMachine4Testing (SimpleStateMachine4Testing.java:put(205)) - s2: put 8, m2 -> (t:2, i:8), STATEMACHINELOGENTRY, 9@client-2312CCC7CA78
2024-01-25 07:57:44,093 [s2@group-796A68A19D2E-StateMachineUpdater] INFO  impl.SimpleStateMachine4Testing (SimpleStateMachine4Testing.java:applyTransaction(248)) - applyTransaction for log index 10
2024-01-25 07:57:44,093 [s2@group-796A68A19D2E-StateMachineUpdater] INFO  impl.SimpleStateMachine4Testing (SimpleStateMachine4Testing.java:put(205)) - s2: put 10, m3 -> (t:2, i:10), STATEMACHINELOGENTRY, 10@client-2312CCC7CA78
2024-01-25 07:57:44,098 [s2@group-796A68A19D2E-SegmentedRaftLogWorker] INFO  segmented.SegmentedRaftLogWorker (SegmentedRaftLogWorker.java:execute(634)) - s2@group-796A68A19D2E-SegmentedRaftLogWorker: created new log segment /home/runner/work/ratis/ratis/ratis-test/target/test/data/d3464635/MiniRaftClusterWithGrpc1ed7d450/s2/6ac8c789-bb5d-44a1-a5d6-796a68a19d2e/current/log_inprogress_24
2024-01-25 07:57:44,098 [s2-server-thread4] DEBUG server.RaftServer$Division (RaftServerImpl.java:logAppendEntries(1520)) - s2@group-796A68A19D2E: succeeded to handle AppendEntries. Reply: s0<-s2#2:OK-t3,SUCCESS,nextIndex=25,followerCommit=23,matchIndex=24
2024-01-25 07:57:44,098 [s2-server-thread5] DEBUG server.RaftServer$Division (RaftServerImpl.java:logAppendEntries(1520)) - s2@group-796A68A19D2E: succeeded to handle AppendEntries. Reply: s0<-s2#3:OK-t3,SUCCESS,nextIndex=26,followerCommit=24,matchIndex=25
2024-01-25 07:57:44,099 [s2@group-796A68A19D2E-StateMachineUpdater] INFO  impl.SimpleStateMachine4Testing (SimpleStateMachine4Testing.java:applyTransaction(248)) - applyTransaction for log index 13
2024-01-25 07:57:44,099 [s2@group-796A68A19D2E-StateMachineUpdater] INFO  impl.SimpleStateMachine4Testing (SimpleStateMachine4Testing.java:put(205)) - s2: put 13, m4 -> (t:2, i:13), STATEMACHINELOGENTRY, 11@client-2312CCC7CA78
2024-01-25 07:57:44,099 [s2@group-796A68A19D2E-StateMachineUpdater] INFO  impl.SimpleStateMachine4Testing (SimpleStateMachine4Testing.java:applyTransaction(248)) - applyTransaction for log index 14
2024-01-25 07:57:44,099 [s2@group-796A68A19D2E-StateMachineUpdater] INFO  impl.SimpleStateMachine4Testing (SimpleStateMachine4Testing.java:put(205)) - s2: put 14, m5 -> (t:2, i:14), STATEMACHINELOGENTRY, 12@client-2312CCC7CA78
2024-01-25 07:57:44,099 [s2@group-796A68A19D2E-StateMachineUpdater] INFO  impl.SimpleStateMachine4Testing (SimpleStateMachine4Testing.java:applyTransaction(248)) - applyTransaction for log index 15
2024-01-25 07:57:44,099 [s2@group-796A68A19D2E-StateMachineUpdater] INFO  impl.SimpleStateMachine4Testing (SimpleStateMachine4Testing.java:put(205)) - s2: put 15, m6 -> (t:2, i:15), STATEMACHINELOGENTRY, 13@client-2312CCC7CA78
2024-01-25 07:57:44,100 [s2@group-796A68A19D2E-StateMachineUpdater] INFO  impl.SimpleStateMachine4Testing (SimpleStateMachine4Testing.java:applyTransaction(248)) - applyTransaction for log index 16
2024-01-25 07:57:44,100 [s2@group-796A68A19D2E-StateMachineUpdater] INFO  impl.SimpleStateMachine4Testing (SimpleStateMachine4Testing.java:put(205)) - s2: put 16, m7 -> (t:2, i:16), STATEMACHINELOGENTRY, 14@client-2312CCC7CA78
2024-01-25 07:57:44,100 [s2@group-796A68A19D2E-StateMachineUpdater] INFO  impl.SimpleStateMachine4Testing (SimpleStateMachine4Testing.java:applyTransaction(248)) - applyTransaction for log index 17
2024-01-25 07:57:44,100 [s2@group-796A68A19D2E-StateMachineUpdater] INFO  impl.SimpleStateMachine4Testing (SimpleStateMachine4Testing.java:put(205)) - s2: put 17, m8 -> (t:2, i:17), STATEMACHINELOGENTRY, 15@client-2312CCC7CA78
2024-01-25 07:57:44,100 [s2@group-796A68A19D2E-StateMachineUpdater] INFO  impl.SimpleStateMachine4Testing (SimpleStateMachine4Testing.java:applyTransaction(248)) - applyTransaction for log index 18
2024-01-25 07:57:44,100 [s2@group-796A68A19D2E-StateMachineUpdater] INFO  impl.SimpleStateMachine4Testing (SimpleStateMachine4Testing.java:put(205)) - s2: put 18, m9 -> (t:2, i:18), STATEMACHINELOGENTRY, 16@client-2312CCC7CA78
2024-01-25 07:57:44,101 [s2@group-796A68A19D2E-StateMachineUpdater] TRACE util.FileUtils (LogUtils.java:supplyAndLog(69)) - Successfully supplied FileChannel.open /home/runner/work/ratis/ratis/ratis-test/target/test/data/d3464635/MiniRaftClusterWithGrpc1ed7d450/s2/6ac8c789-bb5d-44a1-a5d6-796a68a19d2e/current/raft-meta.conf.tmp with options [CREATE, WRITE]: sun.nio.ch.FileChannelImpl@15caf0aa
2024-01-25 07:57:44,102 [grpc-default-executor-8] DEBUG impl.WatchRequests (WatchRequests.java:updateIndex(150)) - s0@group-796A68A19D2E-WatchRequests: update ALL_COMMITTED index from 4 to 23
2024-01-25 07:57:44,102 [grpc-default-executor-8] DEBUG impl.WatchRequests (WatchRequests.java:updateIndex(160)) - s0@group-796A68A19D2E-WatchRequests: complete Watch-ALL_COMMITTED(5)@12.239s?NOT_DONE
2024-01-25 07:57:44,102 [grpc-default-executor-8] DEBUG impl.WatchRequests (WatchRequests.java:updateIndex(160)) - s0@group-796A68A19D2E-WatchRequests: complete Watch-ALL_COMMITTED(7)@12.239s?NOT_DONE
2024-01-25 07:57:44,102 [grpc-default-executor-8] DEBUG impl.WatchRequests (WatchRequests.java:updateIndex(160)) - s0@group-796A68A19D2E-WatchRequests: complete Watch-ALL_COMMITTED(8)@12.239s?NOT_DONE
2024-01-25 07:57:44,102 [grpc-default-executor-8] DEBUG impl.WatchRequests (WatchRequests.java:updateIndex(160)) - s0@group-796A68A19D2E-WatchRequests: complete Watch-ALL_COMMITTED(10)@12.239s?NOT_DONE
2024-01-25 07:57:44,103 [grpc-default-executor-8] DEBUG impl.WatchRequests (WatchRequests.java:updateIndex(160)) - s0@group-796A68A19D2E-WatchRequests: complete Watch-ALL_COMMITTED(13)@12.239s?NOT_DONE
2024-01-25 07:57:44,103 [grpc-default-executor-8] DEBUG impl.WatchRequests (WatchRequests.java:updateIndex(160)) - s0@group-796A68A19D2E-WatchRequests: complete Watch-ALL_COMMITTED(14)@12.239s?NOT_DONE
2024-01-25 07:57:44,103 [grpc-default-executor-8] DEBUG impl.WatchRequests (WatchRequests.java:updateIndex(160)) - s0@group-796A68A19D2E-WatchRequests: complete Watch-ALL_COMMITTED(15)@12.239s?NOT_DONE
2024-01-25 07:57:44,103 [grpc-default-executor-8] DEBUG impl.WatchRequests (WatchRequests.java:updateIndex(160)) - s0@group-796A68A19D2E-WatchRequests: complete Watch-ALL_COMMITTED(16)@12.239s?NOT_DONE
2024-01-25 07:57:44,103 [grpc-default-executor-8] DEBUG impl.WatchRequests (WatchRequests.java:updateIndex(160)) - s0@group-796A68A19D2E-WatchRequests: complete Watch-ALL_COMMITTED(17)@12.239s?NOT_DONE
2024-01-25 07:57:44,103 [grpc-default-executor-8] DEBUG impl.WatchRequests (WatchRequests.java:updateIndex(160)) - s0@group-796A68A19D2E-WatchRequests: complete Watch-ALL_COMMITTED(18)@12.239s?NOT_DONE
2024-01-25 07:57:44,104 [ForkJoinPool.commonPool-worker-3] DEBUG impl.UnorderedAsync (UnorderedAsync.java:lambda$sendRequestWithRetry$4(83)) - client-2312CCC7CA78: attempt #2 receive~ RaftClientReply:client-2312CCC7CA78->s0@group-796A68A19D2E, cid=20, SUCCESS, logIndex=23, commits[s0:c25, s1:c25, s2:c23]
2024-01-25 07:57:44,104 [ForkJoinPool.commonPool-worker-1] DEBUG impl.UnorderedAsync (UnorderedAsync.java:lambda$sendRequestWithRetry$4(83)) - client-2312CCC7CA78: attempt #2 receive~ RaftClientReply:client-2312CCC7CA78->s0@group-796A68A19D2E, cid=24, SUCCESS, logIndex=23, commits[s0:c25, s1:c25, s2:c23]
2024-01-25 07:57:44,106 [s0@group-796A68A19D2E-LeaderStateImpl] DEBUG impl.WatchRequests (WatchRequests.java:updateIndex(150)) - s0@group-796A68A19D2E-WatchRequests: update ALL index from 0 to 24
2024-01-25 07:57:44,106 [s0@group-796A68A19D2E-LeaderStateImpl] DEBUG impl.WatchRequests (WatchRequests.java:updateIndex(160)) - s0@group-796A68A19D2E-WatchRequests: complete Watch-ALL(5)@12.239s?NOT_DONE
2024-01-25 07:57:44,106 [ForkJoinPool.commonPool-worker-3] DEBUG impl.UnorderedAsync (UnorderedAsync.java:lambda$sendRequestWithRetry$4(83)) - client-2312CCC7CA78: attempt #2 receive~ RaftClientReply:client-2312CCC7CA78->s0@group-796A68A19D2E, cid=28, SUCCESS, logIndex=23, commits[s0:c25, s1:c25, s2:c23]
2024-01-25 07:57:44,106 [s0@group-796A68A19D2E-LeaderStateImpl] DEBUG impl.WatchRequests (WatchRequests.java:updateIndex(160)) - s0@group-796A68A19D2E-WatchRequests: complete Watch-ALL(7)@12.239s?NOT_DONE
2024-01-25 07:57:44,106 [s0@group-796A68A19D2E-LeaderStateImpl] DEBUG impl.WatchRequests (WatchRequests.java:updateIndex(160)) - s0@group-796A68A19D2E-WatchRequests: complete Watch-ALL(8)@12.239s?NOT_DONE
2024-01-25 07:57:44,106 [grpc-default-executor-9] DEBUG impl.WatchRequests (WatchRequests.java:updateIndex(150)) - s0@group-796A68A19D2E-WatchRequests: update ALL_COMMITTED index from 23 to 24
2024-01-25 07:57:44,106 [s0@group-796A68A19D2E-LeaderStateImpl] DEBUG impl.WatchRequests (WatchRequests.java:updateIndex(160)) - s0@group-796A68A19D2E-WatchRequests: complete Watch-ALL(10)@12.239s?NOT_DONE
2024-01-25 07:57:44,106 [s0@group-796A68A19D2E-LeaderStateImpl] DEBUG impl.WatchRequests (WatchRequests.java:updateIndex(160)) - s0@group-796A68A19D2E-WatchRequests: complete Watch-ALL(13)@12.239s?NOT_DONE
2024-01-25 07:57:44,106 [ForkJoinPool.commonPool-worker-3] DEBUG impl.UnorderedAsync (UnorderedAsync.java:lambda$sendRequestWithRetry$4(83)) - client-2312CCC7CA78: attempt #2 receive~ RaftClientReply:client-2312CCC7CA78->s0@group-796A68A19D2E, cid=32, SUCCESS, logIndex=23, commits[s0:c25, s1:c25, s2:c23]
2024-01-25 07:57:44,106 [s0@group-796A68A19D2E-LeaderStateImpl] DEBUG impl.WatchRequests (WatchRequests.java:updateIndex(160)) - s0@group-796A68A19D2E-WatchRequests: complete Watch-ALL(14)@12.239s?NOT_DONE
2024-01-25 07:57:44,106 [s0@group-796A68A19D2E-LeaderStateImpl] DEBUG impl.WatchRequests (WatchRequests.java:updateIndex(160)) - s0@group-796A68A19D2E-WatchRequests: complete Watch-ALL(15)@12.239s?NOT_DONE
2024-01-25 07:57:44,107 [s0@group-796A68A19D2E-LeaderStateImpl] DEBUG impl.WatchRequests (WatchRequests.java:updateIndex(160)) - s0@group-796A68A19D2E-WatchRequests: complete Watch-ALL(16)@12.239s?NOT_DONE
2024-01-25 07:57:44,107 [ForkJoinPool.commonPool-worker-3] DEBUG impl.UnorderedAsync (UnorderedAsync.java:lambda$sendRequestWithRetry$4(83)) - client-2312CCC7CA78: attempt #2 receive~ RaftClientReply:client-2312CCC7CA78->s0@group-796A68A19D2E, cid=36, SUCCESS, logIndex=23, commits[s0:c25, s1:c25, s2:c23]
2024-01-25 07:57:44,107 [s0@group-796A68A19D2E-LeaderStateImpl] DEBUG impl.WatchRequests (WatchRequests.java:updateIndex(160)) - s0@group-796A68A19D2E-WatchRequests: complete Watch-ALL(17)@12.239s?NOT_DONE
2024-01-25 07:57:44,107 [s0@group-796A68A19D2E-LeaderStateImpl] DEBUG impl.WatchRequests (WatchRequests.java:updateIndex(160)) - s0@group-796A68A19D2E-WatchRequests: complete Watch-ALL(18)@12.239s?NOT_DONE
2024-01-25 07:57:44,107 [s0@group-796A68A19D2E-LeaderStateImpl] DEBUG impl.WatchRequests (WatchRequests.java:updateIndex(150)) - s0@group-796A68A19D2E-WatchRequests: update ALL index from 24 to 25
2024-01-25 07:57:44,107 [ForkJoinPool.commonPool-worker-3] DEBUG impl.UnorderedAsync (UnorderedAsync.java:lambda$sendRequestWithRetry$4(83)) - client-2312CCC7CA78: attempt #2 receive~ RaftClientReply:client-2312CCC7CA78->s0@group-796A68A19D2E, cid=40, SUCCESS, logIndex=23, commits[s0:c25, s1:c25, s2:c23]
2024-01-25 07:57:44,107 [ForkJoinPool.commonPool-worker-0] DEBUG impl.UnorderedAsync (UnorderedAsync.java:lambda$sendRequestWithRetry$4(83)) - client-2312CCC7CA78: attempt #2 receive~ RaftClientReply:client-2312CCC7CA78->s0@group-796A68A19D2E, cid=44, SUCCESS, logIndex=23, commits[s0:c25, s1:c25, s2:c23]
2024-01-25 07:57:44,107 [ForkJoinPool.commonPool-worker-0] DEBUG impl.UnorderedAsync (UnorderedAsync.java:lambda$sendRequestWithRetry$4(83)) - client-2312CCC7CA78: attempt #2 receive~ RaftClientReply:client-2312CCC7CA78->s0@group-796A68A19D2E, cid=48, SUCCESS, logIndex=23, commits[s0:c25, s1:c25, s2:c23]
2024-01-25 07:57:44,107 [s2@group-796A68A19D2E-StateMachineUpdater] TRACE util.FileUtils (LogUtils.java:runAndLog(49)) - Successfully ran Atomic Files.move /home/runner/work/ratis/ratis/ratis-test/target/test/data/d3464635/MiniRaftClusterWithGrpc1ed7d450/s2/6ac8c789-bb5d-44a1-a5d6-796a68a19d2e/current/raft-meta.conf.tmp to /home/runner/work/ratis/ratis/ratis-test/target/test/data/d3464635/MiniRaftClusterWithGrpc1ed7d450/s2/6ac8c789-bb5d-44a1-a5d6-796a68a19d2e/current/raft-meta.conf with options [REPLACE_EXISTING]
2024-01-25 07:57:44,108 [ForkJoinPool.commonPool-worker-0] DEBUG impl.UnorderedAsync (UnorderedAsync.java:lambda$sendRequestWithRetry$4(83)) - client-2312CCC7CA78: attempt #2 receive~ RaftClientReply:client-2312CCC7CA78->s0@group-796A68A19D2E, cid=52, SUCCESS, logIndex=23, commits[s0:c25, s1:c25, s2:c23]
2024-01-25 07:57:44,108 [ForkJoinPool.commonPool-worker-0] DEBUG impl.UnorderedAsync (UnorderedAsync.java:lambda$sendRequestWithRetry$4(83)) - client-2312CCC7CA78: attempt #2 receive~ RaftClientReply:client-2312CCC7CA78->s0@group-796A68A19D2E, cid=56, SUCCESS, logIndex=23, commits[s0:c25, s1:c25, s2:c23]
2024-01-25 07:57:44,108 [ForkJoinPool.commonPool-worker-0] DEBUG impl.UnorderedAsync (UnorderedAsync.java:lambda$sendRequestWithRetry$4(83)) - client-2312CCC7CA78: attempt #2 receive~ RaftClientReply:client-2312CCC7CA78->s0@group-796A68A19D2E, cid=18, SUCCESS, logIndex=24, commits[s0:c25, s1:c25, s2:c23]
2024-01-25 07:57:44,108 [Time-limited test] INFO  grpc.TestWatchRequestWithGrpc (WatchRequestTests.java:get(214)) - all-Watch(5) returns RaftClientReply:client-2312CCC7CA78->s0@group-796A68A19D2E, cid=18, SUCCESS, logIndex=24, commits[s0:c25, s1:c25, s2:c23]
2024-01-25 07:57:44,109 [Time-limited test] INFO  grpc.TestWatchRequestWithGrpc (WatchRequestTests.java:get(214)) - allCommitted-Watch(5) returns RaftClientReply:client-2312CCC7CA78->s0@group-796A68A19D2E, cid=20, SUCCESS, logIndex=23, commits[s0:c25, s1:c25, s2:c23]
2024-01-25 07:57:44,109 [Time-limited test] INFO  grpc.TestWatchRequestWithGrpc (WatchRequestTests.java:checkAll(305)) - checkAll 1: logIndex=7
2024-01-25 07:57:44,109 [ForkJoinPool.commonPool-worker-1] DEBUG impl.UnorderedAsync (UnorderedAsync.java:lambda$sendRequestWithRetry$4(83)) - client-2312CCC7CA78: attempt #2 receive~ RaftClientReply:client-2312CCC7CA78->s0@group-796A68A19D2E, cid=26, SUCCESS, logIndex=24, commits[s0:c25, s1:c25, s2:c24]
2024-01-25 07:57:44,109 [ForkJoinPool.commonPool-worker-0] DEBUG impl.UnorderedAsync (UnorderedAsync.java:lambda$sendRequestWithRetry$4(83)) - client-2312CCC7CA78: attempt #2 receive~ RaftClientReply:client-2312CCC7CA78->s0@group-796A68A19D2E, cid=22, SUCCESS, logIndex=24, commits[s0:c25, s1:c25, s2:c23]
2024-01-25 07:57:44,109 [Time-limited test] INFO  grpc.TestWatchRequestWithGrpc (WatchRequestTests.java:get(214)) - all-Watch(7) returns RaftClientReply:client-2312CCC7CA78->s0@group-796A68A19D2E, cid=22, SUCCESS, logIndex=24, commits[s0:c25, s1:c25, s2:c23]
2024-01-25 07:57:44,109 [Time-limited test] INFO  grpc.TestWatchRequestWithGrpc (WatchRequestTests.java:get(214)) - allCommitted-Watch(7) returns RaftClientReply:client-2312CCC7CA78->s0@group-796A68A19D2E, cid=24, SUCCESS, logIndex=23, commits[s0:c25, s1:c25, s2:c23]
2024-01-25 07:57:44,109 [ForkJoinPool.commonPool-worker-0] DEBUG impl.UnorderedAsync (UnorderedAsync.java:lambda$sendRequestWithRetry$4(83)) - client-2312CCC7CA78: attempt #2 receive~ RaftClientReply:client-2312CCC7CA78->s0@group-796A68A19D2E, cid=30, SUCCESS, logIndex=24, commits[s0:c25, s1:c25, s2:c24]
2024-01-25 07:57:44,109 [Time-limited test] INFO  grpc.TestWatchRequestWithGrpc (WatchRequestTests.java:checkAll(305)) - checkAll 2: logIndex=8
2024-01-25 07:57:44,109 [Time-limited test] INFO  grpc.TestWatchRequestWithGrpc (WatchRequestTests.java:get(214)) - all-Watch(8) returns RaftClientReply:client-2312CCC7CA78->s0@group-796A68A19D2E, cid=26, SUCCESS, logIndex=24, commits[s0:c25, s1:c25, s2:c24]
2024-01-25 07:57:44,109 [Time-limited test] INFO  grpc.TestWatchRequestWithGrpc (WatchRequestTests.java:get(214)) - allCommitted-Watch(8) returns RaftClientReply:client-2312CCC7CA78->s0@group-796A68A19D2E, cid=28, SUCCESS, logIndex=23, commits[s0:c25, s1:c25, s2:c23]
2024-01-25 07:57:44,109 [Time-limited test] INFO  grpc.TestWatchRequestWithGrpc (WatchRequestTests.java:checkAll(305)) - checkAll 3: logIndex=10
2024-01-25 07:57:44,110 [Time-limited test] INFO  grpc.TestWatchRequestWithGrpc (WatchRequestTests.java:get(214)) - all-Watch(10) returns RaftClientReply:client-2312CCC7CA78->s0@group-796A68A19D2E, cid=30, SUCCESS, logIndex=24, commits[s0:c25, s1:c25, s2:c24]
2024-01-25 07:57:44,110 [Time-limited test] INFO  grpc.TestWatchRequestWithGrpc (WatchRequestTests.java:get(214)) - allCommitted-Watch(10) returns RaftClientReply:client-2312CCC7CA78->s0@group-796A68A19D2E, cid=32, SUCCESS, logIndex=23, commits[s0:c25, s1:c25, s2:c23]
2024-01-25 07:57:44,110 [Time-limited test] INFO  grpc.TestWatchRequestWithGrpc (WatchRequestTests.java:checkAll(305)) - checkAll 4: logIndex=13
2024-01-25 07:57:44,110 [ForkJoinPool.commonPool-worker-3] DEBUG impl.UnorderedAsync (UnorderedAsync.java:lambda$sendRequestWithRetry$4(83)) - client-2312CCC7CA78: attempt #2 receive~ RaftClientReply:client-2312CCC7CA78->s0@group-796A68A19D2E, cid=42, SUCCESS, logIndex=24, commits[s0:c25, s1:c25, s2:c24]
2024-01-25 07:57:44,109 [ForkJoinPool.commonPool-worker-0] DEBUG impl.UnorderedAsync (UnorderedAsync.java:lambda$sendRequestWithRetry$4(83)) - client-2312CCC7CA78: attempt #2 receive~ RaftClientReply:client-2312CCC7CA78->s0@group-796A68A19D2E, cid=34, SUCCESS, logIndex=24, commits[s0:c25, s1:c25, s2:c24]
2024-01-25 07:57:44,110 [ForkJoinPool.commonPool-worker-1] DEBUG impl.UnorderedAsync (UnorderedAsync.java:lambda$sendRequestWithRetry$4(83)) - client-2312CCC7CA78: attempt #2 receive~ RaftClientReply:client-2312CCC7CA78->s0@group-796A68A19D2E, cid=38, SUCCESS, logIndex=24, commits[s0:c25, s1:c25, s2:c24]
2024-01-25 07:57:44,110 [Time-limited test] INFO  grpc.TestWatchRequestWithGrpc (WatchRequestTests.java:get(214)) - all-Watch(13) returns RaftClientReply:client-2312CCC7CA78->s0@group-796A68A19D2E, cid=34, SUCCESS, logIndex=24, commits[s0:c25, s1:c25, s2:c24]
2024-01-25 07:57:44,110 [ForkJoinPool.commonPool-worker-1] DEBUG impl.UnorderedAsync (UnorderedAsync.java:lambda$sendRequestWithRetry$4(83)) - client-2312CCC7CA78: attempt #2 receive~ RaftClientReply:client-2312CCC7CA78->s0@group-796A68A19D2E, cid=46, SUCCESS, logIndex=24, commits[s0:c25, s1:c25, s2:c24]
2024-01-25 07:57:44,110 [Time-limited test] INFO  grpc.TestWatchRequestWithGrpc (WatchRequestTests.java:get(214)) - allCommitted-Watch(13) returns RaftClientReply:client-2312CCC7CA78->s0@group-796A68A19D2E, cid=36, SUCCESS, logIndex=23, commits[s0:c25, s1:c25, s2:c23]
2024-01-25 07:57:44,110 [Time-limited test] INFO  grpc.TestWatchRequestWithGrpc (WatchRequestTests.java:checkAll(305)) - checkAll 5: logIndex=14
2024-01-25 07:57:44,110 [Time-limited test] INFO  grpc.TestWatchRequestWithGrpc (WatchRequestTests.java:get(214)) - all-Watch(14) returns RaftClientReply:client-2312CCC7CA78->s0@group-796A68A19D2E, cid=38, SUCCESS, logIndex=24, commits[s0:c25, s1:c25, s2:c24]
2024-01-25 07:57:44,111 [Time-limited test] INFO  grpc.TestWatchRequestWithGrpc (WatchRequestTests.java:get(214)) - allCommitted-Watch(14) returns RaftClientReply:client-2312CCC7CA78->s0@group-796A68A19D2E, cid=40, SUCCESS, logIndex=23, commits[s0:c25, s1:c25, s2:c23]
2024-01-25 07:57:44,111 [Time-limited test] INFO  grpc.TestWatchRequestWithGrpc (WatchRequestTests.java:checkAll(305)) - checkAll 6: logIndex=15
2024-01-25 07:57:44,111 [ForkJoinPool.commonPool-worker-0] DEBUG impl.UnorderedAsync (UnorderedAsync.java:lambda$sendRequestWithRetry$4(83)) - client-2312CCC7CA78: attempt #2 receive~ RaftClientReply:client-2312CCC7CA78->s0@group-796A68A19D2E, cid=54, SUCCESS, logIndex=24, commits[s0:c25, s1:c25, s2:c24]
2024-01-25 07:57:44,111 [Time-limited test] INFO  grpc.TestWatchRequestWithGrpc (WatchRequestTests.java:get(214)) - all-Watch(15) returns RaftClientReply:client-2312CCC7CA78->s0@group-796A68A19D2E, cid=42, SUCCESS, logIndex=24, commits[s0:c25, s1:c25, s2:c24]
2024-01-25 07:57:44,111 [Time-limited test] INFO  grpc.TestWatchRequestWithGrpc (WatchRequestTests.java:get(214)) - allCommitted-Watch(15) returns RaftClientReply:client-2312CCC7CA78->s0@group-796A68A19D2E, cid=44, SUCCESS, logIndex=23, commits[s0:c25, s1:c25, s2:c23]
2024-01-25 07:57:44,111 [Time-limited test] INFO  grpc.TestWatchRequestWithGrpc (WatchRequestTests.java:checkAll(305)) - checkAll 7: logIndex=16
2024-01-25 07:57:44,111 [Time-limited test] INFO  grpc.TestWatchRequestWithGrpc (WatchRequestTests.java:get(214)) - all-Watch(16) returns RaftClientReply:client-2312CCC7CA78->s0@group-796A68A19D2E, cid=46, SUCCESS, logIndex=24, commits[s0:c25, s1:c25, s2:c24]
2024-01-25 07:57:44,111 [Time-limited test] INFO  grpc.TestWatchRequestWithGrpc (WatchRequestTests.java:get(214)) - allCommitted-Watch(16) returns RaftClientReply:client-2312CCC7CA78->s0@group-796A68A19D2E, cid=48, SUCCESS, logIndex=23, commits[s0:c25, s1:c25, s2:c23]
2024-01-25 07:57:44,111 [Time-limited test] INFO  grpc.TestWatchRequestWithGrpc (WatchRequestTests.java:checkAll(305)) - checkAll 8: logIndex=17
2024-01-25 07:57:44,110 [ForkJoinPool.commonPool-worker-1] DEBUG impl.UnorderedAsync (UnorderedAsync.java:lambda$sendRequestWithRetry$4(83)) - client-2312CCC7CA78: attempt #2 receive~ RaftClientReply:client-2312CCC7CA78->s0@group-796A68A19D2E, cid=50, SUCCESS, logIndex=24, commits[s0:c25, s1:c25, s2:c24]
2024-01-25 07:57:44,111 [Time-limited test] INFO  grpc.TestWatchRequestWithGrpc (WatchRequestTests.java:get(214)) - all-Watch(17) returns RaftClientReply:client-2312CCC7CA78->s0@group-796A68A19D2E, cid=50, SUCCESS, logIndex=24, commits[s0:c25, s1:c25, s2:c24]
2024-01-25 07:57:44,111 [Time-limited test] INFO  grpc.TestWatchRequestWithGrpc (WatchRequestTests.java:get(214)) - allCommitted-Watch(17) returns RaftClientReply:client-2312CCC7CA78->s0@group-796A68A19D2E, cid=52, SUCCESS, logIndex=23, commits[s0:c25, s1:c25, s2:c23]
2024-01-25 07:57:44,112 [Time-limited test] INFO  grpc.TestWatchRequestWithGrpc (WatchRequestTests.java:checkAll(305)) - checkAll 9: logIndex=18
2024-01-25 07:57:44,112 [Time-limited test] INFO  grpc.TestWatchRequestWithGrpc (WatchRequestTests.java:get(214)) - all-Watch(18) returns RaftClientReply:client-2312CCC7CA78->s0@group-796A68A19D2E, cid=54, SUCCESS, logIndex=24, commits[s0:c25, s1:c25, s2:c24]
2024-01-25 07:57:44,112 [Time-limited test] INFO  grpc.TestWatchRequestWithGrpc (WatchRequestTests.java:get(214)) - allCommitted-Watch(18) returns RaftClientReply:client-2312CCC7CA78->s0@group-796A68A19D2E, cid=56, SUCCESS, logIndex=23, commits[s0:c25, s1:c25, s2:c23]
2024-01-25 07:57:44,112 [Time-limited test] INFO  grpc.TestWatchRequestWithGrpc (WatchRequestTests.java:runTest(152)) - 20) numMessages=20, printing ALL groups
  s0:  RUNNING    LEADER s0@group-796A68A19D2E:t3, leader=s0, voted=s0, raftlog=Memoized:s0@group-796A68A19D2E-SegmentedRaftLog:OPENED:c25, conf=24: peers:[s0|localhost:15000, s1|localhost:15004, s2|localhost:15008]|listeners:[], old=null RUNNING
  s1:  RUNNING  FOLLOWER s1@group-796A68A19D2E:t3, leader=s0, voted=s0, raftlog=Memoized:s1@group-796A68A19D2E-SegmentedRaftLog:OPENED:c25, conf=24: peers:[s0|localhost:15000, s1|localhost:15004, s2|localhost:15008]|listeners:[], old=null RUNNING
  s2:  RUNNING  FOLLOWER s2@group-796A68A19D2E:t3, leader=s0, voted=s0, raftlog=Memoized:s2@group-796A68A19D2E-SegmentedRaftLog:OPENED:c24, conf=24: peers:[s0|localhost:15000, s1|localhost:15004, s2|localhost:15008]|listeners:[], old=null RUNNING
2024-01-25 07:57:44,112 [Time-limited test] INFO  grpc.TestWatchRequestWithGrpc (WatchRequestTests.java:runTestWatchRequestAsyncChangeLeader(348)) - block follower s2
2024-01-25 07:57:44,112 [Time-limited test] INFO  impl.SimpleStateMachine4Testing (SimpleStateMachine4Testing.java:block(135)) - block FLUSH_STATE_MACHINE_DATA
2024-01-25 07:57:44,112 [Time-limited test] INFO  grpc.TestWatchRequestWithGrpc (WatchRequestTests.java:sendRequests(105)) - SEND_REQUEST 0: message=m0
2024-01-25 07:57:44,113 [Time-limited test] DEBUG client.RaftClient (RaftClientImpl.java:get(158)) - client-2312CCC7CA78: get 57 returns []
2024-01-25 07:57:44,113 [Time-limited test] DEBUG client.RaftClient (RaftClientImpl.java:newRequest(95)) - attempt #1, newRequest RaftClientRequest:client-2312CCC7CA78->s0@group-796A68A19D2E, cid=57, seq=13, RW, m0
2024-01-25 07:57:44,114 [Time-limited test] INFO  grpc.TestWatchRequestWithGrpc (WatchRequestTests.java:sendRequests(105)) - SEND_REQUEST 1: message=m1
2024-01-25 07:57:44,114 [Time-limited test] DEBUG client.RaftClient (RaftClientImpl.java:get(158)) - client-2312CCC7CA78: get 58 returns []
2024-01-25 07:57:44,114 [Time-limited test] DEBUG client.RaftClient (RaftClientImpl.java:newRequest(95)) - attempt #1, newRequest RaftClientRequest:client-2312CCC7CA78->s0@group-796A68A19D2E, cid=58, seq=14, RW, m1
2024-01-25 07:57:44,114 [Time-limited test] INFO  grpc.TestWatchRequestWithGrpc (WatchRequestTests.java:sendRequests(105)) - SEND_REQUEST 2: message=m2
2024-01-25 07:57:44,114 [Time-limited test] DEBUG client.RaftClient (RaftClientImpl.java:get(158)) - client-2312CCC7CA78: get 59 returns []
2024-01-25 07:57:44,114 [Time-limited test] DEBUG client.RaftClient (RaftClientImpl.java:newRequest(95)) - attempt #1, newRequest RaftClientRequest:client-2312CCC7CA78->s0@group-796A68A19D2E, cid=59, seq=15, RW, m2
2024-01-25 07:57:44,115 [Time-limited test] INFO  grpc.TestWatchRequestWithGrpc (WatchRequestTests.java:sendRequests(105)) - SEND_REQUEST 3: message=m3
2024-01-25 07:57:44,115 [Time-limited test] DEBUG client.RaftClient (RaftClientImpl.java:get(158)) - client-2312CCC7CA78: get 60 returns []
2024-01-25 07:57:44,115 [Time-limited test] DEBUG client.RaftClient (RaftClientImpl.java:newRequest(95)) - attempt #1, newRequest RaftClientRequest:client-2312CCC7CA78->s0@group-796A68A19D2E, cid=60, seq=16, RW, m3
2024-01-25 07:57:44,115 [Time-limited test] INFO  grpc.TestWatchRequestWithGrpc (WatchRequestTests.java:sendRequests(105)) - SEND_REQUEST 4: message=m4
2024-01-25 07:57:44,116 [Time-limited test] DEBUG client.RaftClient (RaftClientImpl.java:get(158)) - client-2312CCC7CA78: get 61 returns []
2024-01-25 07:57:44,116 [Time-limited test] DEBUG client.RaftClient (RaftClientImpl.java:newRequest(95)) - attempt #1, newRequest RaftClientRequest:client-2312CCC7CA78->s0@group-796A68A19D2E, cid=61, seq=17, RW, m4
2024-01-25 07:57:44,116 [Time-limited test] INFO  grpc.TestWatchRequestWithGrpc (WatchRequestTests.java:sendRequests(105)) - SEND_REQUEST 5: message=m5
2024-01-25 07:57:44,116 [Time-limited test] DEBUG client.RaftClient (RaftClientImpl.java:get(158)) - client-2312CCC7CA78: get 62 returns []
2024-01-25 07:57:44,116 [Time-limited test] DEBUG client.RaftClient (RaftClientImpl.java:newRequest(95)) - attempt #1, newRequest RaftClientRequest:client-2312CCC7CA78->s0@group-796A68A19D2E, cid=62, seq=18, RW, m5
2024-01-25 07:57:44,117 [Time-limited test] INFO  grpc.TestWatchRequestWithGrpc (WatchRequestTests.java:sendRequests(105)) - SEND_REQUEST 6: message=m6
2024-01-25 07:57:44,117 [Time-limited test] DEBUG client.RaftClient (RaftClientImpl.java:get(158)) - client-2312CCC7CA78: get 63 returns []
2024-01-25 07:57:44,117 [Time-limited test] DEBUG client.RaftClient (RaftClientImpl.java:newRequest(95)) - attempt #1, newRequest RaftClientRequest:client-2312CCC7CA78->s0@group-796A68A19D2E, cid=63, seq=19, RW, m6
2024-01-25 07:57:44,117 [Time-limited test] INFO  grpc.TestWatchRequestWithGrpc (WatchRequestTests.java:sendRequests(105)) - SEND_REQUEST 7: message=m7
2024-01-25 07:57:44,117 [Time-limited test] DEBUG client.RaftClient (RaftClientImpl.java:get(158)) - client-2312CCC7CA78: get 64 returns []
2024-01-25 07:57:44,117 [Time-limited test] DEBUG client.RaftClient (RaftClientImpl.java:newRequest(95)) - attempt #1, newRequest RaftClientRequest:client-2312CCC7CA78->s0@group-796A68A19D2E, cid=64, seq=20, RW, m7
2024-01-25 07:57:44,117 [Time-limited test] INFO  grpc.TestWatchRequestWithGrpc (WatchRequestTests.java:sendRequests(105)) - SEND_REQUEST 8: message=m8
2024-01-25 07:57:44,118 [Time-limited test] DEBUG client.RaftClient (RaftClientImpl.java:get(158)) - client-2312CCC7CA78: get 65 returns []
2024-01-25 07:57:44,118 [Time-limited test] DEBUG client.RaftClient (RaftClientImpl.java:newRequest(95)) - attempt #1, newRequest RaftClientRequest:client-2312CCC7CA78->s0@group-796A68A19D2E, cid=65, seq=21, RW, m8
2024-01-25 07:57:44,118 [Time-limited test] INFO  grpc.TestWatchRequestWithGrpc (WatchRequestTests.java:sendRequests(105)) - SEND_REQUEST 9: message=m9
2024-01-25 07:57:44,118 [Time-limited test] DEBUG client.RaftClient (RaftClientImpl.java:get(158)) - client-2312CCC7CA78: get 66 returns []
2024-01-25 07:57:44,118 [Time-limited test] DEBUG client.RaftClient (RaftClientImpl.java:newRequest(95)) - attempt #1, newRequest RaftClientRequest:client-2312CCC7CA78->s0@group-796A68A19D2E, cid=66, seq=22, RW, m9
2024-01-25 07:57:44,118 [Time-limited test] INFO  grpc.TestWatchRequestWithGrpc (WatchRequestTests.java:sendRequests(105)) - SEND_REQUEST 10: message=m10
2024-01-25 07:57:44,119 [Time-limited test] DEBUG client.RaftClient (RaftClientImpl.java:get(158)) - client-2312CCC7CA78: get 67 returns []
2024-01-25 07:57:44,119 [Time-limited test] DEBUG client.RaftClient (RaftClientImpl.java:newRequest(95)) - attempt #1, newRequest RaftClientRequest:client-2312CCC7CA78->s0@group-796A68A19D2E, cid=67, seq=23, RW, m10
2024-01-25 07:57:44,119 [Time-limited test] INFO  grpc.TestWatchRequestWithGrpc (WatchRequestTests.java:sendRequests(105)) - SEND_REQUEST 11: message=m11
2024-01-25 07:57:44,119 [Time-limited test] DEBUG client.RaftClient (RaftClientImpl.java:get(158)) - client-2312CCC7CA78: get 68 returns []
2024-01-25 07:57:44,119 [Time-limited test] DEBUG client.RaftClient (RaftClientImpl.java:newRequest(95)) - attempt #1, newRequest RaftClientRequest:client-2312CCC7CA78->s0@group-796A68A19D2E, cid=68, seq=24, RW, m11
2024-01-25 07:57:44,120 [Time-limited test] INFO  grpc.TestWatchRequestWithGrpc (WatchRequestTests.java:sendRequests(105)) - SEND_REQUEST 12: message=m12
2024-01-25 07:57:44,120 [Time-limited test] DEBUG client.RaftClient (RaftClientImpl.java:get(158)) - client-2312CCC7CA78: get 69 returns []
2024-01-25 07:57:44,120 [Time-limited test] DEBUG client.RaftClient (RaftClientImpl.java:newRequest(95)) - attempt #1, newRequest RaftClientRequest:client-2312CCC7CA78->s0@group-796A68A19D2E, cid=69, seq=25, RW, m12
2024-01-25 07:57:44,120 [Time-limited test] INFO  grpc.TestWatchRequestWithGrpc (WatchRequestTests.java:sendRequests(105)) - SEND_REQUEST 13: message=m13
2024-01-25 07:57:44,120 [Time-limited test] DEBUG client.RaftClient (RaftClientImpl.java:get(158)) - client-2312CCC7CA78: get 70 returns []
2024-01-25 07:57:44,120 [Time-limited test] DEBUG client.RaftClient (RaftClientImpl.java:newRequest(95)) - attempt #1, newRequest RaftClientRequest:client-2312CCC7CA78->s0@group-796A68A19D2E, cid=70, seq=26, RW, m13
2024-01-25 07:57:44,121 [Time-limited test] INFO  grpc.TestWatchRequestWithGrpc (WatchRequestTests.java:sendRequests(105)) - SEND_REQUEST 14: message=m14
2024-01-25 07:57:44,121 [Time-limited test] DEBUG client.RaftClient (RaftClientImpl.java:get(158)) - client-2312CCC7CA78: get 71 returns []
2024-01-25 07:57:44,121 [Time-limited test] DEBUG client.RaftClient (RaftClientImpl.java:newRequest(95)) - attempt #1, newRequest RaftClientRequest:client-2312CCC7CA78->s0@group-796A68A19D2E, cid=71, seq=27, RW, m14
2024-01-25 07:57:44,121 [Time-limited test] INFO  grpc.TestWatchRequestWithGrpc (WatchRequestTests.java:sendRequests(105)) - SEND_REQUEST 15: message=m15
2024-01-25 07:57:44,121 [Time-limited test] DEBUG client.RaftClient (RaftClientImpl.java:get(158)) - client-2312CCC7CA78: get 72 returns []
2024-01-25 07:57:44,121 [Time-limited test] DEBUG client.RaftClient (RaftClientImpl.java:newRequest(95)) - attempt #1, newRequest RaftClientRequest:client-2312CCC7CA78->s0@group-796A68A19D2E, cid=72, seq=28, RW, m15
2024-01-25 07:57:44,122 [Time-limited test] INFO  grpc.TestWatchRequestWithGrpc (WatchRequestTests.java:sendRequests(105)) - SEND_REQUEST 16: message=m16
2024-01-25 07:57:44,122 [Time-limited test] DEBUG client.RaftClient (RaftClientImpl.java:get(158)) - client-2312CCC7CA78: get 73 returns []
2024-01-25 07:57:44,122 [Time-limited test] DEBUG client.RaftClient (RaftClientImpl.java:newRequest(95)) - attempt #1, newRequest RaftClientRequest:client-2312CCC7CA78->s0@group-796A68A19D2E, cid=73, seq=29, RW, m16
2024-01-25 07:57:44,122 [Time-limited test] INFO  grpc.TestWatchRequestWithGrpc (WatchRequestTests.java:sendRequests(105)) - SEND_REQUEST 17: message=m17
2024-01-25 07:57:44,122 [Time-limited test] DEBUG client.RaftClient (RaftClientImpl.java:get(158)) - client-2312CCC7CA78: get 74 returns []
2024-01-25 07:57:44,122 [Time-limited test] DEBUG client.RaftClient (RaftClientImpl.java:newRequest(95)) - attempt #1, newRequest RaftClientRequest:client-2312CCC7CA78->s0@group-796A68A19D2E, cid=74, seq=30, RW, m17
2024-01-25 07:57:44,123 [Time-limited test] INFO  grpc.TestWatchRequestWithGrpc (WatchRequestTests.java:sendRequests(105)) - SEND_REQUEST 18: message=m18
2024-01-25 07:57:44,123 [Time-limited test] DEBUG client.RaftClient (RaftClientImpl.java:get(158)) - client-2312CCC7CA78: get 75 returns []
2024-01-25 07:57:44,123 [Time-limited test] DEBUG client.RaftClient (RaftClientImpl.java:newRequest(95)) - attempt #1, newRequest RaftClientRequest:client-2312CCC7CA78->s0@group-796A68A19D2E, cid=75, seq=31, RW, m18
2024-01-25 07:57:44,123 [Time-limited test] INFO  grpc.TestWatchRequestWithGrpc (WatchRequestTests.java:sendRequests(105)) - SEND_REQUEST 19: message=m19
2024-01-25 07:57:44,123 [Time-limited test] DEBUG client.RaftClient (RaftClientImpl.java:get(158)) - client-2312CCC7CA78: get 76 returns []
2024-01-25 07:57:44,124 [Time-limited test] DEBUG client.RaftClient (RaftClientImpl.java:newRequest(95)) - attempt #1, newRequest RaftClientRequest:client-2312CCC7CA78->s0@group-796A68A19D2E, cid=76, seq=32, RW, m19
2024-01-25 07:57:44,182 [grpc-default-executor-3] DEBUG impl.WatchRequests (WatchRequests.java:updateIndex(150)) - s0@group-796A68A19D2E-WatchRequests: update ALL_COMMITTED index from 24 to 25
2024-01-25 07:57:44,332 [s2-server-thread2] INFO  util.CodeInjectionForTesting (BlockRequestHandlingInjection.java:execute(84)) - s2: unBlock request from s1
2024-01-25 07:57:44,332 [s2-server-thread2] DEBUG server.RaftServer$Division (RaftServerImpl.java:appendEntriesAsync(1588)) - s2@group-796A68A19D2E: Not recognize s1 (term=2) as leader, state: s2@group-796A68A19D2E:t3, leader=s0, voted=s0, raftlog=Memoized:s2@group-796A68A19D2E-SegmentedRaftLog:OPENED:c25, conf=24: peers:[s0|localhost:15000, s1|localhost:15004, s2|localhost:15008]|listeners:[], old=null reply: s1<-s2#719:FAIL-t3,NOT_LEADER,nextIndex=26,followerCommit=25,matchIndex=-1
2024-01-25 07:57:44,333 [s2-server-thread2] DEBUG server.RaftServer$Division (RaftServerImpl.java:appendEntriesAsync(1588)) - s2@group-796A68A19D2E: Not recognize s1 (term=2) as leader, state: s2@group-796A68A19D2E:t3, leader=s0, voted=s0, raftlog=Memoized:s2@group-796A68A19D2E-SegmentedRaftLog:OPENED:c25, conf=24: peers:[s0|localhost:15000, s1|localhost:15004, s2|localhost:15008]|listeners:[], old=null reply: s1<-s2#720:FAIL-t3,NOT_LEADER,nextIndex=26,followerCommit=25,matchIndex=-1
2024-01-25 07:57:44,333 [grpc-default-executor-3] WARN  server.GrpcLogAppender (GrpcLogAppender.java:onNextImpl(508)) - s1@group-796A68A19D2E->s2-AppendLogResponseHandler: received NOT_LEADER reply with term 3
2024-01-25 07:57:44,333 [grpc-default-executor-10] WARN  server.GrpcLogAppender (GrpcLogAppender.java:onNextImpl(508)) - s1@group-796A68A19D2E->s2-AppendLogResponseHandler: received NOT_LEADER reply with term 3
2024-01-25 07:57:44,333 [s2-server-thread2] DEBUG server.RaftServer$Division (RaftServerImpl.java:appendEntriesAsync(1588)) - s2@group-796A68A19D2E: Not recognize s1 (term=2) as leader, state: s2@group-796A68A19D2E:t3, leader=s0, voted=s0, raftlog=Memoized:s2@group-796A68A19D2E-SegmentedRaftLog:OPENED:c25, conf=24: peers:[s0|localhost:15000, s1|localhost:15004, s2|localhost:15008]|listeners:[], old=null reply: s1<-s2#721:FAIL-t3,NOT_LEADER,nextIndex=26,followerCommit=25,matchIndex=-1
2024-01-25 07:57:44,334 [grpc-default-executor-10] WARN  server.GrpcLogAppender (GrpcLogAppender.java:onNextImpl(508)) - s1@group-796A68A19D2E->s2-AppendLogResponseHandler: received NOT_LEADER reply with term 3
2024-01-25 07:57:44,334 [s2-server-thread2] DEBUG server.RaftServer$Division (RaftServerImpl.java:appendEntriesAsync(1588)) - s2@group-796A68A19D2E: Not recognize s1 (term=2) as leader, state: s2@group-796A68A19D2E:t3, leader=s0, voted=s0, raftlog=Memoized:s2@group-796A68A19D2E-SegmentedRaftLog:OPENED:c25, conf=24: peers:[s0|localhost:15000, s1|localhost:15004, s2|localhost:15008]|listeners:[], old=null reply: s1<-s2#722:FAIL-t3,NOT_LEADER,nextIndex=26,followerCommit=25,matchIndex=-1
2024-01-25 07:57:44,334 [grpc-default-executor-10] WARN  server.GrpcLogAppender (GrpcLogAppender.java:onNextImpl(508)) - s1@group-796A68A19D2E->s2-AppendLogResponseHandler: received NOT_LEADER reply with term 3
2024-01-25 07:57:44,334 [s2-server-thread2] DEBUG server.RaftServer$Division (RaftServerImpl.java:appendEntriesAsync(1588)) - s2@group-796A68A19D2E: Not recognize s1 (term=2) as leader, state: s2@group-796A68A19D2E:t3, leader=s0, voted=s0, raftlog=Memoized:s2@group-796A68A19D2E-SegmentedRaftLog:OPENED:c25, conf=24: peers:[s0|localhost:15000, s1|localhost:15004, s2|localhost:15008]|listeners:[], old=null reply: s1<-s2#723:FAIL-t3,NOT_LEADER,nextIndex=26,followerCommit=25,matchIndex=-1
2024-01-25 07:57:44,334 [grpc-default-executor-3] INFO  server.GrpcServerProtocolService (GrpcServerProtocolService.java:onCompleted(186)) - s2: Completed APPEND_ENTRIES, lastRequest: null
2024-01-25 07:57:44,335 [grpc-default-executor-3] INFO  server.GrpcServerProtocolService (GrpcServerProtocolService.java:lambda$onCompleted$7(188)) - s2: Completed APPEND_ENTRIES, lastReply: serverReply {
  requestorId: "s1"
  replyId: "s2"
  raftGroupId {
    id: "j\310\307\211\273]D\241\245\326yjh\241\235."
  }
  callId: 723
}
term: 3
nextIndex: 26
result: NOT_LEADER
followerCommit: 25
matchIndex: 18446744073709551615
isHearbeat: true

2024-01-25 07:57:44,335 [grpc-default-executor-3] WARN  server.GrpcLogAppender (GrpcLogAppender.java:onNextImpl(508)) - s1@group-796A68A19D2E->s2-AppendLogResponseHandler: received NOT_LEADER reply with term 3
2024-01-25 07:57:44,336 [grpc-default-executor-3] INFO  server.GrpcLogAppender (GrpcLogAppender.java:onCompleted(546)) - s1@group-796A68A19D2E->s2-AppendLogResponseHandler: follower responses appendEntries COMPLETED
2024-01-25 07:57:44,372 [s0-server-thread1] INFO  util.CodeInjectionForTesting (BlockRequestHandlingInjection.java:execute(84)) - s0: unBlock request from s1
2024-01-25 07:57:44,372 [s0-server-thread1] DEBUG server.RaftServer$Division (RaftServerImpl.java:appendEntriesAsync(1588)) - s0@group-796A68A19D2E: Not recognize s1 (term=2) as leader, state: s0@group-796A68A19D2E:t3, leader=s0, voted=s0, raftlog=Memoized:s0@group-796A68A19D2E-SegmentedRaftLog:OPENED:c25, conf=24: peers:[s0|localhost:15000, s1|localhost:15004, s2|localhost:15008]|listeners:[], old=null reply: s1<-s0#143:FAIL-t3,NOT_LEADER,nextIndex=26,followerCommit=25,matchIndex=-1
2024-01-25 07:57:44,373 [grpc-default-executor-10] WARN  server.GrpcLogAppender (GrpcLogAppender.java:onNextImpl(508)) - s1@group-796A68A19D2E->s0-AppendLogResponseHandler: received NOT_LEADER reply with term 3
2024-01-25 07:57:44,373 [s0-server-thread1] DEBUG server.RaftServer$Division (RaftServerImpl.java:appendEntriesAsync(1588)) - s0@group-796A68A19D2E: Not recognize s1 (term=2) as leader, state: s0@group-796A68A19D2E:t3, leader=s0, voted=s0, raftlog=Memoized:s0@group-796A68A19D2E-SegmentedRaftLog:OPENED:c25, conf=24: peers:[s0|localhost:15000, s1|localhost:15004, s2|localhost:15008]|listeners:[], old=null reply: s1<-s0#144:FAIL-t3,NOT_LEADER,nextIndex=26,followerCommit=25,matchIndex=-1
2024-01-25 07:57:44,373 [grpc-default-executor-10] WARN  server.GrpcLogAppender (GrpcLogAppender.java:onNextImpl(508)) - s1@group-796A68A19D2E->s0-AppendLogResponseHandler: received NOT_LEADER reply with term 3
2024-01-25 07:57:44,373 [s0-server-thread1] DEBUG server.RaftServer$Division (RaftServerImpl.java:appendEntriesAsync(1588)) - s0@group-796A68A19D2E: Not recognize s1 (term=2) as leader, state: s0@group-796A68A19D2E:t3, leader=s0, voted=s0, raftlog=Memoized:s0@group-796A68A19D2E-SegmentedRaftLog:OPENED:c25, conf=24: peers:[s0|localhost:15000, s1|localhost:15004, s2|localhost:15008]|listeners:[], old=null reply: s1<-s0#145:FAIL-t3,NOT_LEADER,nextIndex=26,followerCommit=25,matchIndex=-1
2024-01-25 07:57:44,373 [grpc-default-executor-10] WARN  server.GrpcLogAppender (GrpcLogAppender.java:onNextImpl(508)) - s1@group-796A68A19D2E->s0-AppendLogResponseHandler: received NOT_LEADER reply with term 3
2024-01-25 07:57:44,373 [s0-server-thread1] DEBUG server.RaftServer$Division (RaftServerImpl.java:appendEntriesAsync(1588)) - s0@group-796A68A19D2E: Not recognize s1 (term=2) as leader, state: s0@group-796A68A19D2E:t3, leader=s0, voted=s0, raftlog=Memoized:s0@group-796A68A19D2E-SegmentedRaftLog:OPENED:c25, conf=24: peers:[s0|localhost:15000, s1|localhost:15004, s2|localhost:15008]|listeners:[], old=null reply: s1<-s0#146:FAIL-t3,NOT_LEADER,nextIndex=26,followerCommit=25,matchIndex=-1
2024-01-25 07:57:44,374 [grpc-default-executor-10] WARN  server.GrpcLogAppender (GrpcLogAppender.java:onNextImpl(508)) - s1@group-796A68A19D2E->s0-AppendLogResponseHandler: received NOT_LEADER reply with term 3
2024-01-25 07:57:44,374 [s0-server-thread1] DEBUG server.RaftServer$Division (RaftServerImpl.java:appendEntriesAsync(1588)) - s0@group-796A68A19D2E: Not recognize s1 (term=2) as leader, state: s0@group-796A68A19D2E:t3, leader=s0, voted=s0, raftlog=Memoized:s0@group-796A68A19D2E-SegmentedRaftLog:OPENED:c25, conf=24: peers:[s0|localhost:15000, s1|localhost:15004, s2|localhost:15008]|listeners:[], old=null reply: s1<-s0#147:FAIL-t3,NOT_LEADER,nextIndex=26,followerCommit=25,matchIndex=-1
2024-01-25 07:57:44,374 [grpc-default-executor-6] INFO  server.GrpcServerProtocolService (GrpcServerProtocolService.java:onCompleted(186)) - s0: Completed APPEND_ENTRIES, lastRequest: null
2024-01-25 07:57:44,374 [grpc-default-executor-10] WARN  server.GrpcLogAppender (GrpcLogAppender.java:onNextImpl(508)) - s1@group-796A68A19D2E->s0-AppendLogResponseHandler: received NOT_LEADER reply with term 3
2024-01-25 07:57:44,374 [grpc-default-executor-6] INFO  server.GrpcServerProtocolService (GrpcServerProtocolService.java:lambda$onCompleted$7(188)) - s0: Completed APPEND_ENTRIES, lastReply: serverReply {
  requestorId: "s1"
  replyId: "s0"
  raftGroupId {
    id: "j\310\307\211\273]D\241\245\326yjh\241\235."
  }
  callId: 147
}
term: 3
nextIndex: 26
result: NOT_LEADER
followerCommit: 25
matchIndex: 18446744073709551615
isHearbeat: true

2024-01-25 07:57:44,375 [grpc-default-executor-6] INFO  server.GrpcLogAppender (GrpcLogAppender.java:onCompleted(546)) - s1@group-796A68A19D2E->s0-AppendLogResponseHandler: follower responses appendEntries COMPLETED
2024-01-25 07:57:47,114 [timer3] ERROR impl.OrderedAsync (OrderedAsync.java:lambda$sendRequestWithRetry$6(207)) - client-2312CCC7CA78: Failed* RaftClientRequest:client-2312CCC7CA78->s0@group-796A68A19D2E, cid=57, seq=13, RW, m0
java.util.concurrent.CompletionException: org.apache.ratis.protocol.exceptions.TimeoutIOException: client-2312CCC7CA78->s0 request #57 timeout 3000ms
	at java.util.concurrent.CompletableFuture.encodeThrowable(CompletableFuture.java:292)
	at java.util.concurrent.CompletableFuture.completeThrowable(CompletableFuture.java:308)
	at java.util.concurrent.CompletableFuture.uniAccept(CompletableFuture.java:661)
	at java.util.concurrent.CompletableFuture$UniAccept.tryFire(CompletableFuture.java:646)
	at java.util.concurrent.CompletableFuture.postComplete(CompletableFuture.java:488)
	at java.util.concurrent.CompletableFuture.completeExceptionally(CompletableFuture.java:1990)
	at org.apache.ratis.grpc.client.GrpcClientProtocolClient$AsyncStreamObservers.lambda$timeoutCheck$5(GrpcClientProtocolClient.java:373)
	at java.util.Optional.ifPresent(Optional.java:159)
	at org.apache.ratis.grpc.client.GrpcClientProtocolClient$AsyncStreamObservers.handleReplyFuture(GrpcClientProtocolClient.java:378)
	at org.apache.ratis.grpc.client.GrpcClientProtocolClient$AsyncStreamObservers.timeoutCheck(GrpcClientProtocolClient.java:373)
	at org.apache.ratis.grpc.client.GrpcClientProtocolClient$AsyncStreamObservers.lambda$onNext$3(GrpcClientProtocolClient.java:366)
	at org.apache.ratis.util.TimeoutTimer.lambda$onTimeout$2(TimeoutTimer.java:101)
	at org.apache.ratis.util.LogUtils.runAndLog(LogUtils.java:38)
	at org.apache.ratis.util.LogUtils$1.run(LogUtils.java:78)
	at org.apache.ratis.util.TimeoutTimer$Task.run(TimeoutTimer.java:55)
	at java.util.TimerThread.mainLoop(Timer.java:555)
	at java.util.TimerThread.run(Timer.java:505)
Caused by: org.apache.ratis.protocol.exceptions.TimeoutIOException: client-2312CCC7CA78->s0 request #57 timeout 3000ms
	at org.apache.ratis.grpc.client.GrpcClientProtocolClient$AsyncStreamObservers.lambda$timeoutCheck$5(GrpcClientProtocolClient.java:374)
	... 10 more
2024-01-25 07:57:47,114 [timer4] ERROR impl.OrderedAsync (OrderedAsync.java:lambda$sendRequestWithRetry$6(207)) - client-2312CCC7CA78: Failed* RaftClientRequest:client-2312CCC7CA78->s0@group-796A68A19D2E, cid=58, seq=14, RW, m1
java.util.concurrent.CompletionException: org.apache.ratis.protocol.exceptions.TimeoutIOException: client-2312CCC7CA78->s0 request #58 timeout 3000ms
	at java.util.concurrent.CompletableFuture.encodeThrowable(CompletableFuture.java:292)
	at java.util.concurrent.CompletableFuture.completeThrowable(CompletableFuture.java:308)
	at java.util.concurrent.CompletableFuture.uniAccept(CompletableFuture.java:661)
	at java.util.concurrent.CompletableFuture$UniAccept.tryFire(CompletableFuture.java:646)
	at java.util.concurrent.CompletableFuture.postComplete(CompletableFuture.java:488)
	at java.util.concurrent.CompletableFuture.completeExceptionally(CompletableFuture.java:1990)
	at org.apache.ratis.grpc.client.GrpcClientProtocolClient$AsyncStreamObservers.lambda$timeoutCheck$5(GrpcClientProtocolClient.java:373)
	at java.util.Optional.ifPresent(Optional.java:159)
	at org.apache.ratis.grpc.client.GrpcClientProtocolClient$AsyncStreamObservers.handleReplyFuture(GrpcClientProtocolClient.java:378)
	at org.apache.ratis.grpc.client.GrpcClientProtocolClient$AsyncStreamObservers.timeoutCheck(GrpcClientProtocolClient.java:373)
	at org.apache.ratis.grpc.client.GrpcClientProtocolClient$AsyncStreamObservers.lambda$onNext$3(GrpcClientProtocolClient.java:366)
	at org.apache.ratis.util.TimeoutTimer.lambda$onTimeout$2(TimeoutTimer.java:101)
	at org.apache.ratis.util.LogUtils.runAndLog(LogUtils.java:38)
	at org.apache.ratis.util.LogUtils$1.run(LogUtils.java:78)
	at org.apache.ratis.util.TimeoutTimer$Task.run(TimeoutTimer.java:55)
	at java.util.TimerThread.mainLoop(Timer.java:555)
	at java.util.TimerThread.run(Timer.java:505)
Caused by: org.apache.ratis.protocol.exceptions.TimeoutIOException: client-2312CCC7CA78->s0 request #58 timeout 3000ms
	at org.apache.ratis.grpc.client.GrpcClientProtocolClient$AsyncStreamObservers.lambda$timeoutCheck$5(GrpcClientProtocolClient.java:374)
	... 10 more
2024-01-25 07:57:47,114 [timer3] DEBUG client.RaftClient (RaftClientImpl.java:handleIOException(417)) - client-2312CCC7CA78: suggested new leader: null. Failed RaftClientRequest:client-2312CCC7CA78->s0@group-796A68A19D2E, cid=57, seq=13, RW, m0
org.apache.ratis.protocol.exceptions.TimeoutIOException: client-2312CCC7CA78->s0 request #57 timeout 3000ms
	at org.apache.ratis.grpc.client.GrpcClientProtocolClient$AsyncStreamObservers.lambda$timeoutCheck$5(GrpcClientProtocolClient.java:374)
	at java.util.Optional.ifPresent(Optional.java:159)
	at org.apache.ratis.grpc.client.GrpcClientProtocolClient$AsyncStreamObservers.handleReplyFuture(GrpcClientProtocolClient.java:378)
	at org.apache.ratis.grpc.client.GrpcClientProtocolClient$AsyncStreamObservers.timeoutCheck(GrpcClientProtocolClient.java:373)
	at org.apache.ratis.grpc.client.GrpcClientProtocolClient$AsyncStreamObservers.lambda$onNext$3(GrpcClientProtocolClient.java:366)
	at org.apache.ratis.util.TimeoutTimer.lambda$onTimeout$2(TimeoutTimer.java:101)
	at org.apache.ratis.util.LogUtils.runAndLog(LogUtils.java:38)
	at org.apache.ratis.util.LogUtils$1.run(LogUtils.java:78)
	at org.apache.ratis.util.TimeoutTimer$Task.run(TimeoutTimer.java:55)
	at java.util.TimerThread.mainLoop(Timer.java:555)
	at java.util.TimerThread.run(Timer.java:505)
2024-01-25 07:57:47,114 [timer3] TRACE client.RaftClient (RaftClientImpl.java:handleIOException(419)) - Stack trace
java.lang.Throwable: TRACE
	at org.apache.ratis.client.impl.RaftClientImpl.handleIOException(RaftClientImpl.java:419)
	at org.apache.ratis.client.impl.OrderedAsync.handleException(OrderedAsync.java:237)
	at org.apache.ratis.client.impl.OrderedAsync.lambda$sendRequestWithRetry$6(OrderedAsync.java:208)
	at java.util.concurrent.CompletableFuture.uniExceptionally(CompletableFuture.java:884)
	at java.util.concurrent.CompletableFuture$UniExceptionally.tryFire(CompletableFuture.java:866)
	at java.util.concurrent.CompletableFuture.postComplete(CompletableFuture.java:488)
	at java.util.concurrent.CompletableFuture.completeExceptionally(CompletableFuture.java:1990)
	at org.apache.ratis.grpc.client.GrpcClientProtocolClient$AsyncStreamObservers.lambda$timeoutCheck$5(GrpcClientProtocolClient.java:373)
	at java.util.Optional.ifPresent(Optional.java:159)
	at org.apache.ratis.grpc.client.GrpcClientProtocolClient$AsyncStreamObservers.handleReplyFuture(GrpcClientProtocolClient.java:378)
	at org.apache.ratis.grpc.client.GrpcClientProtocolClient$AsyncStreamObservers.timeoutCheck(GrpcClientProtocolClient.java:373)
	at org.apache.ratis.grpc.client.GrpcClientProtocolClient$AsyncStreamObservers.lambda$onNext$3(GrpcClientProtocolClient.java:366)
	at org.apache.ratis.util.TimeoutTimer.lambda$onTimeout$2(TimeoutTimer.java:101)
	at org.apache.ratis.util.LogUtils.runAndLog(LogUtils.java:38)
	at org.apache.ratis.util.LogUtils$1.run(LogUtils.java:78)
	at org.apache.ratis.util.TimeoutTimer$Task.run(TimeoutTimer.java:55)
	at java.util.TimerThread.mainLoop(Timer.java:555)
	at java.util.TimerThread.run(Timer.java:505)
2024-01-25 07:57:47,114 [timer4] DEBUG client.RaftClient (RaftClientImpl.java:handleIOException(417)) - client-2312CCC7CA78: suggested new leader: null. Failed RaftClientRequest:client-2312CCC7CA78->s0@group-796A68A19D2E, cid=58, seq=14, RW, m1
org.apache.ratis.protocol.exceptions.TimeoutIOException: client-2312CCC7CA78->s0 request #58 timeout 3000ms
	at org.apache.ratis.grpc.client.GrpcClientProtocolClient$AsyncStreamObservers.lambda$timeoutCheck$5(GrpcClientProtocolClient.java:374)
	at java.util.Optional.ifPresent(Optional.java:159)
	at org.apache.ratis.grpc.client.GrpcClientProtocolClient$AsyncStreamObservers.handleReplyFuture(GrpcClientProtocolClient.java:378)
	at org.apache.ratis.grpc.client.GrpcClientProtocolClient$AsyncStreamObservers.timeoutCheck(GrpcClientProtocolClient.java:373)
	at org.apache.ratis.grpc.client.GrpcClientProtocolClient$AsyncStreamObservers.lambda$onNext$3(GrpcClientProtocolClient.java:366)
	at org.apache.ratis.util.TimeoutTimer.lambda$onTimeout$2(TimeoutTimer.java:101)
	at org.apache.ratis.util.LogUtils.runAndLog(LogUtils.java:38)
	at org.apache.ratis.util.LogUtils$1.run(LogUtils.java:78)
	at org.apache.ratis.util.TimeoutTimer$Task.run(TimeoutTimer.java:55)
	at java.util.TimerThread.mainLoop(Timer.java:555)
	at java.util.TimerThread.run(Timer.java:505)
2024-01-25 07:57:47,114 [timer3] DEBUG client.RaftClient (RaftClientImpl.java:handleIOException(435)) - client-2312CCC7CA78: oldLeader=s0,  curLeader=s0, newLeader=s1
2024-01-25 07:57:47,115 [timer4] TRACE client.RaftClient (RaftClientImpl.java:handleIOException(419)) - Stack trace
java.lang.Throwable: TRACE
	at org.apache.ratis.client.impl.RaftClientImpl.handleIOException(RaftClientImpl.java:419)
	at org.apache.ratis.client.impl.OrderedAsync.handleException(OrderedAsync.java:237)
	at org.apache.ratis.client.impl.OrderedAsync.lambda$sendRequestWithRetry$6(OrderedAsync.java:208)
	at java.util.concurrent.CompletableFuture.uniExceptionally(CompletableFuture.java:884)
	at java.util.concurrent.CompletableFuture$UniExceptionally.tryFire(CompletableFuture.java:866)
	at java.util.concurrent.CompletableFuture.postComplete(CompletableFuture.java:488)
	at java.util.concurrent.CompletableFuture.completeExceptionally(CompletableFuture.java:1990)
	at org.apache.ratis.grpc.client.GrpcClientProtocolClient$AsyncStreamObservers.lambda$timeoutCheck$5(GrpcClientProtocolClient.java:373)
	at java.util.Optional.ifPresent(Optional.java:159)
	at org.apache.ratis.grpc.client.GrpcClientProtocolClient$AsyncStreamObservers.handleReplyFuture(GrpcClientProtocolClient.java:378)
	at org.apache.ratis.grpc.client.GrpcClientProtocolClient$AsyncStreamObservers.timeoutCheck(GrpcClientProtocolClient.java:373)
	at org.apache.ratis.grpc.client.GrpcClientProtocolClient$AsyncStreamObservers.lambda$onNext$3(GrpcClientProtocolClient.java:366)
	at org.apache.ratis.util.TimeoutTimer.lambda$onTimeout$2(TimeoutTimer.java:101)
	at org.apache.ratis.util.LogUtils.runAndLog(LogUtils.java:38)
	at org.apache.ratis.util.LogUtils$1.run(LogUtils.java:78)
	at org.apache.ratis.util.TimeoutTimer$Task.run(TimeoutTimer.java:55)
	at java.util.TimerThread.mainLoop(Timer.java:555)
	at java.util.TimerThread.run(Timer.java:505)
2024-01-25 07:57:47,115 [timer4] DEBUG client.RaftClient (RaftClientImpl.java:handleIOException(435)) - client-2312CCC7CA78: oldLeader=s0,  curLeader=s0, newLeader=s2
2024-01-25 07:57:47,115 [timer4] DEBUG client.RaftClient (RaftClientImpl.java:handleIOException(441)) - client-2312CCC7CA78 changes Leader from s0 to s2 for group-796A68A19D2E
org.apache.ratis.protocol.exceptions.TimeoutIOException: client-2312CCC7CA78->s0 request #58 timeout 3000ms
	at org.apache.ratis.grpc.client.GrpcClientProtocolClient$AsyncStreamObservers.lambda$timeoutCheck$5(GrpcClientProtocolClient.java:374)
	at java.util.Optional.ifPresent(Optional.java:159)
	at org.apache.ratis.grpc.client.GrpcClientProtocolClient$AsyncStreamObservers.handleReplyFuture(GrpcClientProtocolClient.java:378)
	at org.apache.ratis.grpc.client.GrpcClientProtocolClient$AsyncStreamObservers.timeoutCheck(GrpcClientProtocolClient.java:373)
	at org.apache.ratis.grpc.client.GrpcClientProtocolClient$AsyncStreamObservers.lambda$onNext$3(GrpcClientProtocolClient.java:366)
	at org.apache.ratis.util.TimeoutTimer.lambda$onTimeout$2(TimeoutTimer.java:101)
	at org.apache.ratis.util.LogUtils.runAndLog(LogUtils.java:38)
	at org.apache.ratis.util.LogUtils$1.run(LogUtils.java:78)
	at org.apache.ratis.util.TimeoutTimer$Task.run(TimeoutTimer.java:55)
	at java.util.TimerThread.mainLoop(Timer.java:555)
	at java.util.TimerThread.run(Timer.java:505)
2024-01-25 07:57:47,115 [timer5] ERROR impl.OrderedAsync (OrderedAsync.java:lambda$sendRequestWithRetry$6(207)) - client-2312CCC7CA78: Failed* RaftClientRequest:client-2312CCC7CA78->s0@group-796A68A19D2E, cid=59, seq=15, RW, m2
java.util.concurrent.CompletionException: org.apache.ratis.protocol.exceptions.TimeoutIOException: client-2312CCC7CA78->s0 request #59 timeout 3000ms
	at java.util.concurrent.CompletableFuture.encodeThrowable(CompletableFuture.java:292)
	at java.util.concurrent.CompletableFuture.completeThrowable(CompletableFuture.java:308)
	at java.util.concurrent.CompletableFuture.uniAccept(CompletableFuture.java:661)
	at java.util.concurrent.CompletableFuture$UniAccept.tryFire(CompletableFuture.java:646)
	at java.util.concurrent.CompletableFuture.postComplete(CompletableFuture.java:488)
	at java.util.concurrent.CompletableFuture.completeExceptionally(CompletableFuture.java:1990)
	at org.apache.ratis.grpc.client.GrpcClientProtocolClient$AsyncStreamObservers.lambda$timeoutCheck$5(GrpcClientProtocolClient.java:373)
	at java.util.Optional.ifPresent(Optional.java:159)
	at org.apache.ratis.grpc.client.GrpcClientProtocolClient$AsyncStreamObservers.handleReplyFuture(GrpcClientProtocolClient.java:378)
	at org.apache.ratis.grpc.client.GrpcClientProtocolClient$AsyncStreamObservers.timeoutCheck(GrpcClientProtocolClient.java:373)
	at org.apache.ratis.grpc.client.GrpcClientProtocolClient$AsyncStreamObservers.lambda$onNext$3(GrpcClientProtocolClient.java:366)
	at org.apache.ratis.util.TimeoutTimer.lambda$onTimeout$2(TimeoutTimer.java:101)
	at org.apache.ratis.util.LogUtils.runAndLog(LogUtils.java:38)
	at org.apache.ratis.util.LogUtils$1.run(LogUtils.java:78)
	at org.apache.ratis.util.TimeoutTimer$Task.run(TimeoutTimer.java:55)
	at java.util.TimerThread.mainLoop(Timer.java:555)
	at java.util.TimerThread.run(Timer.java:505)
Caused by: org.apache.ratis.protocol.exceptions.TimeoutIOException: client-2312CCC7CA78->s0 request #59 timeout 3000ms
	at org.apache.ratis.grpc.client.GrpcClientProtocolClient$AsyncStreamObservers.lambda$timeoutCheck$5(GrpcClientProtocolClient.java:374)
	... 10 more
2024-01-25 07:57:47,115 [timer3] DEBUG client.RaftClient (RaftClientImpl.java:handleIOException(441)) - client-2312CCC7CA78 changes Leader from s0 to s1 for group-796A68A19D2E
org.apache.ratis.protocol.exceptions.TimeoutIOException: client-2312CCC7CA78->s0 request #57 timeout 3000ms
	at org.apache.ratis.grpc.client.GrpcClientProtocolClient$AsyncStreamObservers.lambda$timeoutCheck$5(GrpcClientProtocolClient.java:374)
	at java.util.Optional.ifPresent(Optional.java:159)
	at org.apache.ratis.grpc.client.GrpcClientProtocolClient$AsyncStreamObservers.handleReplyFuture(GrpcClientProtocolClient.java:378)
	at org.apache.ratis.grpc.client.GrpcClientProtocolClient$AsyncStreamObservers.timeoutCheck(GrpcClientProtocolClient.java:373)
	at org.apache.ratis.grpc.client.GrpcClientProtocolClient$AsyncStreamObservers.lambda$onNext$3(GrpcClientProtocolClient.java:366)
	at org.apache.ratis.util.TimeoutTimer.lambda$onTimeout$2(TimeoutTimer.java:101)
	at org.apache.ratis.util.LogUtils.runAndLog(LogUtils.java:38)
	at org.apache.ratis.util.LogUtils$1.run(LogUtils.java:78)
	at org.apache.ratis.util.TimeoutTimer$Task.run(TimeoutTimer.java:55)
	at java.util.TimerThread.mainLoop(Timer.java:555)
	at java.util.TimerThread.run(Timer.java:505)
2024-01-25 07:57:47,116 [timer4] ERROR impl.OrderedAsync (OrderedAsync.java:lambda$sendRequestWithRetry$6(207)) - client-2312CCC7CA78: Failed* RaftClientRequest:client-2312CCC7CA78->s0@group-796A68A19D2E, cid=64, seq=20, RW, m7
java.util.concurrent.CompletionException: org.apache.ratis.protocol.exceptions.AlreadyClosedException: client-2312CCC7CA78->s0: Stream close: no reply for async request cid=64
	at java.util.concurrent.CompletableFuture.encodeThrowable(CompletableFuture.java:292)
	at java.util.concurrent.CompletableFuture.completeThrowable(CompletableFuture.java:308)
	at java.util.concurrent.CompletableFuture.uniAccept(CompletableFuture.java:661)
	at java.util.concurrent.CompletableFuture$UniAccept.tryFire(CompletableFuture.java:646)
	at java.util.concurrent.CompletableFuture.postComplete(CompletableFuture.java:488)
	at java.util.concurrent.CompletableFuture.completeExceptionally(CompletableFuture.java:1990)
	at org.apache.ratis.grpc.client.GrpcClientProtocolClient$AsyncStreamObservers.completeReplyExceptionally(GrpcClientProtocolClient.java:394)
	at org.apache.ratis.grpc.client.GrpcClientProtocolClient$AsyncStreamObservers.close(GrpcClientProtocolClient.java:383)
	at org.apache.ratis.grpc.client.GrpcClientProtocolClient$AsyncStreamObservers.access$500(GrpcClientProtocolClient.java:300)
	at org.apache.ratis.grpc.client.GrpcClientProtocolClient.lambda$close$3(GrpcClientProtocolClient.java:160)
	at java.util.Optional.ifPresent(Optional.java:159)
	at org.apache.ratis.grpc.client.GrpcClientProtocolClient.close(GrpcClientProtocolClient.java:160)
	at org.apache.ratis.util.PeerProxyMap.closeProxy(PeerProxyMap.java:197)
	at org.apache.ratis.util.PeerProxyMap.lambda$resetProxy$2(PeerProxyMap.java:158)
	at java.util.Optional.map(Optional.java:215)
	at org.apache.ratis.util.PeerProxyMap.resetProxy(PeerProxyMap.java:158)
	at org.apache.ratis.util.PeerProxyMap.handleException(PeerProxyMap.java:165)
	at org.apache.ratis.client.impl.RaftClientRpcWithProxy.handleException(RaftClientRpcWithProxy.java:48)
	at org.apache.ratis.client.impl.RaftClientImpl.handleIOException(RaftClientImpl.java:445)
	at org.apache.ratis.client.impl.OrderedAsync.handleException(OrderedAsync.java:237)
	at org.apache.ratis.client.impl.OrderedAsync.lambda$sendRequestWithRetry$6(OrderedAsync.java:208)
	at java.util.concurrent.CompletableFuture.uniExceptionally(CompletableFuture.java:884)
	at java.util.concurrent.CompletableFuture$UniExceptionally.tryFire(CompletableFuture.java:866)
	at java.util.concurrent.CompletableFuture.postComplete(CompletableFuture.java:488)
	at java.util.concurrent.CompletableFuture.completeExceptionally(CompletableFuture.java:1990)
	at org.apache.ratis.grpc.client.GrpcClientProtocolClient$AsyncStreamObservers.lambda$timeoutCheck$5(GrpcClientProtocolClient.java:373)
	at java.util.Optional.ifPresent(Optional.java:159)
	at org.apache.ratis.grpc.client.GrpcClientProtocolClient$AsyncStreamObservers.handleReplyFuture(GrpcClientProtocolClient.java:378)
	at org.apache.ratis.grpc.client.GrpcClientProtocolClient$AsyncStreamObservers.timeoutCheck(GrpcClientProtocolClient.java:373)
	at org.apache.ratis.grpc.client.GrpcClientProtocolClient$AsyncStreamObservers.lambda$onNext$3(GrpcClientProtocolClient.java:366)
	at org.apache.ratis.util.TimeoutTimer.lambda$onTimeout$2(TimeoutTimer.java:101)
	at org.apache.ratis.util.LogUtils.runAndLog(LogUtils.java:38)
	at org.apache.ratis.util.LogUtils$1.run(LogUtils.java:78)
	at org.apache.ratis.util.TimeoutTimer$Task.run(TimeoutTimer.java:55)
	at java.util.TimerThread.mainLoop(Timer.java:555)
	at java.util.TimerThread.run(Timer.java:505)
Caused by: org.apache.ratis.protocol.exceptions.AlreadyClosedException: client-2312CCC7CA78->s0: Stream close: no reply for async request cid=64
	at org.apache.ratis.grpc.client.GrpcClientProtocolClient$AsyncStreamObservers.completeReplyExceptionally(GrpcClientProtocolClient.java:396)
	... 29 more
2024-01-25 07:57:47,116 [timer5] DEBUG client.RaftClient (RaftClientImpl.java:handleIOException(417)) - client-2312CCC7CA78: suggested new leader: null. Failed RaftClientRequest:client-2312CCC7CA78->s0@group-796A68A19D2E, cid=59, seq=15, RW, m2
org.apache.ratis.protocol.exceptions.TimeoutIOException: client-2312CCC7CA78->s0 request #59 timeout 3000ms
	at org.apache.ratis.grpc.client.GrpcClientProtocolClient$AsyncStreamObservers.lambda$timeoutCheck$5(GrpcClientProtocolClient.java:374)
	at java.util.Optional.ifPresent(Optional.java:159)
	at org.apache.ratis.grpc.client.GrpcClientProtocolClient$AsyncStreamObservers.handleReplyFuture(GrpcClientProtocolClient.java:378)
	at org.apache.ratis.grpc.client.GrpcClientProtocolClient$AsyncStreamObservers.timeoutCheck(GrpcClientProtocolClient.java:373)
	at org.apache.ratis.grpc.client.GrpcClientProtocolClient$AsyncStreamObservers.lambda$onNext$3(GrpcClientProtocolClient.java:366)
	at org.apache.ratis.util.TimeoutTimer.lambda$onTimeout$2(TimeoutTimer.java:101)
	at org.apache.ratis.util.LogUtils.runAndLog(LogUtils.java:38)
	at org.apache.ratis.util.LogUtils$1.run(LogUtils.java:78)
	at org.apache.ratis.util.TimeoutTimer$Task.run(TimeoutTimer.java:55)
	at java.util.TimerThread.mainLoop(Timer.java:555)
	at java.util.TimerThread.run(Timer.java:505)
2024-01-25 07:57:47,116 [timer5] TRACE client.RaftClient (RaftClientImpl.java:handleIOException(419)) - Stack trace
java.lang.Throwable: TRACE
	at org.apache.ratis.client.impl.RaftClientImpl.handleIOException(RaftClientImpl.java:419)
	at org.apache.ratis.client.impl.OrderedAsync.handleException(OrderedAsync.java:237)
	at org.apache.ratis.client.impl.OrderedAsync.lambda$sendRequestWithRetry$6(OrderedAsync.java:208)
	at java.util.concurrent.CompletableFuture.uniExceptionally(CompletableFuture.java:884)
	at java.util.concurrent.CompletableFuture$UniExceptionally.tryFire(CompletableFuture.java:866)
	at java.util.concurrent.CompletableFuture.postComplete(CompletableFuture.java:488)
	at java.util.concurrent.CompletableFuture.completeExceptionally(CompletableFuture.java:1990)
	at org.apache.ratis.grpc.client.GrpcClientProtocolClient$AsyncStreamObservers.lambda$timeoutCheck$5(GrpcClientProtocolClient.java:373)
	at java.util.Optional.ifPresent(Optional.java:159)
	at org.apache.ratis.grpc.client.GrpcClientProtocolClient$AsyncStreamObservers.handleReplyFuture(GrpcClientProtocolClient.java:378)
	at org.apache.ratis.grpc.client.GrpcClientProtocolClient$AsyncStreamObservers.timeoutCheck(GrpcClientProtocolClient.java:373)
	at org.apache.ratis.grpc.client.GrpcClientProtocolClient$AsyncStreamObservers.lambda$onNext$3(GrpcClientProtocolClient.java:366)
	at org.apache.ratis.util.TimeoutTimer.lambda$onTimeout$2(TimeoutTimer.java:101)
	at org.apache.ratis.util.LogUtils.runAndLog(LogUtils.java:38)
	at org.apache.ratis.util.LogUtils$1.run(LogUtils.java:78)
	at org.apache.ratis.util.TimeoutTimer$Task.run(TimeoutTimer.java:55)
	at java.util.TimerThread.mainLoop(Timer.java:555)
	at java.util.TimerThread.run(Timer.java:505)
2024-01-25 07:57:47,117 [timer5] DEBUG client.RaftClient (RaftClientImpl.java:handleIOException(435)) - client-2312CCC7CA78: oldLeader=s0,  curLeader=s1, newLeader=null
2024-01-25 07:57:47,115 [timer6] ERROR impl.OrderedAsync (OrderedAsync.java:lambda$sendRequestWithRetry$6(207)) - client-2312CCC7CA78: Failed* RaftClientRequest:client-2312CCC7CA78->s0@group-796A68A19D2E, cid=60, seq=16, RW, m3
java.util.concurrent.CompletionException: org.apache.ratis.protocol.exceptions.TimeoutIOException: client-2312CCC7CA78->s0 request #60 timeout 3000ms
	at java.util.concurrent.CompletableFuture.encodeThrowable(CompletableFuture.java:292)
	at java.util.concurrent.CompletableFuture.completeThrowable(CompletableFuture.java:308)
	at java.util.concurrent.CompletableFuture.uniAccept(CompletableFuture.java:661)
	at java.util.concurrent.CompletableFuture$UniAccept.tryFire(CompletableFuture.java:646)
	at java.util.concurrent.CompletableFuture.postComplete(CompletableFuture.java:488)
	at java.util.concurrent.CompletableFuture.completeExceptionally(CompletableFuture.java:1990)
	at org.apache.ratis.grpc.client.GrpcClientProtocolClient$AsyncStreamObservers.lambda$timeoutCheck$5(GrpcClientProtocolClient.java:373)
	at java.util.Optional.ifPresent(Optional.java:159)
	at org.apache.ratis.grpc.client.GrpcClientProtocolClient$AsyncStreamObservers.handleReplyFuture(GrpcClientProtocolClient.java:378)
	at org.apache.ratis.grpc.client.GrpcClientProtocolClient$AsyncStreamObservers.timeoutCheck(GrpcClientProtocolClient.java:373)
	at org.apache.ratis.grpc.client.GrpcClientProtocolClient$AsyncStreamObservers.lambda$onNext$3(GrpcClientProtocolClient.java:366)
	at org.apache.ratis.util.TimeoutTimer.lambda$onTimeout$2(TimeoutTimer.java:101)
	at org.apache.ratis.util.LogUtils.runAndLog(LogUtils.java:38)
	at org.apache.ratis.util.LogUtils$1.run(LogUtils.java:78)
	at org.apache.ratis.util.TimeoutTimer$Task.run(TimeoutTimer.java:55)
	at java.util.TimerThread.mainLoop(Timer.java:555)
	at java.util.TimerThread.run(Timer.java:505)
Caused by: org.apache.ratis.protocol.exceptions.TimeoutIOException: client-2312CCC7CA78->s0 request #60 timeout 3000ms
	at org.apache.ratis.grpc.client.GrpcClientProtocolClient$AsyncStreamObservers.lambda$timeoutCheck$5(GrpcClientProtocolClient.java:374)
	... 10 more
2024-01-25 07:57:47,116 [timer4] DEBUG client.RaftClient (RaftClientImpl.java:handleIOException(417)) - client-2312CCC7CA78: suggested new leader: null. Failed RaftClientRequest:client-2312CCC7CA78->s0@group-796A68A19D2E, cid=64, seq=20, RW, m7
org.apache.ratis.protocol.exceptions.AlreadyClosedException: client-2312CCC7CA78->s0: Stream close: no reply for async request cid=64
	at org.apache.ratis.grpc.client.GrpcClientProtocolClient$AsyncStreamObservers.completeReplyExceptionally(GrpcClientProtocolClient.java:396)
	at org.apache.ratis.grpc.client.GrpcClientProtocolClient$AsyncStreamObservers.close(GrpcClientProtocolClient.java:383)
	at org.apache.ratis.grpc.client.GrpcClientProtocolClient$AsyncStreamObservers.access$500(GrpcClientProtocolClient.java:300)
	at org.apache.ratis.grpc.client.GrpcClientProtocolClient.lambda$close$3(GrpcClientProtocolClient.java:160)
	at java.util.Optional.ifPresent(Optional.java:159)
	at org.apache.ratis.grpc.client.GrpcClientProtocolClient.close(GrpcClientProtocolClient.java:160)
	at org.apache.ratis.util.PeerProxyMap.closeProxy(PeerProxyMap.java:197)
	at org.apache.ratis.util.PeerProxyMap.lambda$resetProxy$2(PeerProxyMap.java:158)
	at java.util.Optional.map(Optional.java:215)
	at org.apache.ratis.util.PeerProxyMap.resetProxy(PeerProxyMap.java:158)
	at org.apache.ratis.util.PeerProxyMap.handleException(PeerProxyMap.java:165)
	at org.apache.ratis.client.impl.RaftClientRpcWithProxy.handleException(RaftClientRpcWithProxy.java:48)
	at org.apache.ratis.client.impl.RaftClientImpl.handleIOException(RaftClientImpl.java:445)
	at org.apache.ratis.client.impl.OrderedAsync.handleException(OrderedAsync.java:237)
	at org.apache.ratis.client.impl.OrderedAsync.lambda$sendRequestWithRetry$6(OrderedAsync.java:208)
	at java.util.concurrent.CompletableFuture.uniExceptionally(CompletableFuture.java:884)
	at java.util.concurrent.CompletableFuture$UniExceptionally.tryFire(CompletableFuture.java:866)
	at java.util.concurrent.CompletableFuture.postComplete(CompletableFuture.java:488)
	at java.util.concurrent.CompletableFuture.completeExceptionally(CompletableFuture.java:1990)
	at org.apache.ratis.grpc.client.GrpcClientProtocolClient$AsyncStreamObservers.lambda$timeoutCheck$5(GrpcClientProtocolClient.java:373)
	at java.util.Optional.ifPresent(Optional.java:159)
	at org.apache.ratis.grpc.client.GrpcClientProtocolClient$AsyncStreamObservers.handleReplyFuture(GrpcClientProtocolClient.java:378)
	at org.apache.ratis.grpc.client.GrpcClientProtocolClient$AsyncStreamObservers.timeoutCheck(GrpcClientProtocolClient.java:373)
	at org.apache.ratis.grpc.client.GrpcClientProtocolClient$AsyncStreamObservers.lambda$onNext$3(GrpcClientProtocolClient.java:366)
	at org.apache.ratis.util.TimeoutTimer.lambda$onTimeout$2(TimeoutTimer.java:101)
	at org.apache.ratis.util.LogUtils.runAndLog(LogUtils.java:38)
	at org.apache.ratis.util.LogUtils$1.run(LogUtils.java:78)
	at org.apache.ratis.util.TimeoutTimer$Task.run(TimeoutTimer.java:55)
	at java.util.TimerThread.mainLoop(Timer.java:555)
	at java.util.TimerThread.run(Timer.java:505)
2024-01-25 07:57:47,117 [timer4] TRACE client.RaftClient (RaftClientImpl.java:handleIOException(419)) - Stack trace
java.lang.Throwable: TRACE
	at org.apache.ratis.client.impl.RaftClientImpl.handleIOException(RaftClientImpl.java:419)
	at org.apache.ratis.client.impl.OrderedAsync.handleException(OrderedAsync.java:237)
	at org.apache.ratis.client.impl.OrderedAsync.lambda$sendRequestWithRetry$6(OrderedAsync.java:208)
	at java.util.concurrent.CompletableFuture.uniExceptionally(CompletableFuture.java:884)
	at java.util.concurrent.CompletableFuture$UniExceptionally.tryFire(CompletableFuture.java:866)
	at java.util.concurrent.CompletableFuture.postComplete(CompletableFuture.java:488)
	at java.util.concurrent.CompletableFuture.completeExceptionally(CompletableFuture.java:1990)
	at org.apache.ratis.grpc.client.GrpcClientProtocolClient$AsyncStreamObservers.completeReplyExceptionally(GrpcClientProtocolClient.java:394)
	at org.apache.ratis.grpc.client.GrpcClientProtocolClient$AsyncStreamObservers.close(GrpcClientProtocolClient.java:383)
	at org.apache.ratis.grpc.client.GrpcClientProtocolClient$AsyncStreamObservers.access$500(GrpcClientProtocolClient.java:300)
	at org.apache.ratis.grpc.client.GrpcClientProtocolClient.lambda$close$3(GrpcClientProtocolClient.java:160)
	at java.util.Optional.ifPresent(Optional.java:159)
	at org.apache.ratis.grpc.client.GrpcClientProtocolClient.close(GrpcClientProtocolClient.java:160)
	at org.apache.ratis.util.PeerProxyMap.closeProxy(PeerProxyMap.java:197)
	at org.apache.ratis.util.PeerProxyMap.lambda$resetProxy$2(PeerProxyMap.java:158)
	at java.util.Optional.map(Optional.java:215)
	at org.apache.ratis.util.PeerProxyMap.resetProxy(PeerProxyMap.java:158)
	at org.apache.ratis.util.PeerProxyMap.handleException(PeerProxyMap.java:165)
	at org.apache.ratis.client.impl.RaftClientRpcWithProxy.handleException(RaftClientRpcWithProxy.java:48)
	at org.apache.ratis.client.impl.RaftClientImpl.handleIOException(RaftClientImpl.java:445)
	at org.apache.ratis.client.impl.OrderedAsync.handleException(OrderedAsync.java:237)
	at org.apache.ratis.client.impl.OrderedAsync.lambda$sendRequestWithRetry$6(OrderedAsync.java:208)
	at java.util.concurrent.CompletableFuture.uniExceptionally(CompletableFuture.java:884)
	at java.util.concurrent.CompletableFuture$UniExceptionally.tryFire(CompletableFuture.java:866)
	at java.util.concurrent.CompletableFuture.postComplete(CompletableFuture.java:488)
	at java.util.concurrent.CompletableFuture.completeExceptionally(CompletableFuture.java:1990)
	at org.apache.ratis.grpc.client.GrpcClientProtocolClient$AsyncStreamObservers.lambda$timeoutCheck$5(GrpcClientProtocolClient.java:373)
	at java.util.Optional.ifPresent(Optional.java:159)
	at org.apache.ratis.grpc.client.GrpcClientProtocolClient$AsyncStreamObservers.handleReplyFuture(GrpcClientProtocolClient.java:378)
	at org.apache.ratis.grpc.client.GrpcClientProtocolClient$AsyncStreamObservers.timeoutCheck(GrpcClientProtocolClient.java:373)
	at org.apache.ratis.grpc.client.GrpcClientProtocolClient$AsyncStreamObservers.lambda$onNext$3(GrpcClientProtocolClient.java:366)
	at org.apache.ratis.util.TimeoutTimer.lambda$onTimeout$2(TimeoutTimer.java:101)
	at org.apache.ratis.util.LogUtils.runAndLog(LogUtils.java:38)
	at org.apache.ratis.util.LogUtils$1.run(LogUtils.java:78)
	at org.apache.ratis.util.TimeoutTimer$Task.run(TimeoutTimer.java:55)
	at java.util.TimerThread.mainLoop(Timer.java:555)
	at java.util.TimerThread.run(Timer.java:505)
2024-01-25 07:57:47,117 [timer4] DEBUG client.RaftClient (RaftClientImpl.java:handleIOException(435)) - client-2312CCC7CA78: oldLeader=s0,  curLeader=s1, newLeader=null
2024-01-25 07:57:47,117 [timer4] ERROR impl.OrderedAsync (OrderedAsync.java:lambda$sendRequestWithRetry$6(207)) - client-2312CCC7CA78: Failed* RaftClientRequest:client-2312CCC7CA78->s0@group-796A68A19D2E, cid=65, seq=21, RW, m8
java.util.concurrent.CompletionException: org.apache.ratis.protocol.exceptions.AlreadyClosedException: client-2312CCC7CA78->s0: Stream close: no reply for async request cid=65
	at java.util.concurrent.CompletableFuture.encodeThrowable(CompletableFuture.java:292)
	at java.util.concurrent.CompletableFuture.completeThrowable(CompletableFuture.java:308)
	at java.util.concurrent.CompletableFuture.uniAccept(CompletableFuture.java:661)
	at java.util.concurrent.CompletableFuture$UniAccept.tryFire(CompletableFuture.java:646)
	at java.util.concurrent.CompletableFuture.postComplete(CompletableFuture.java:488)
	at java.util.concurrent.CompletableFuture.completeExceptionally(CompletableFuture.java:1990)
	at org.apache.ratis.grpc.client.GrpcClientProtocolClient$AsyncStreamObservers.completeReplyExceptionally(GrpcClientProtocolClient.java:394)
	at org.apache.ratis.grpc.client.GrpcClientProtocolClient$AsyncStreamObservers.close(GrpcClientProtocolClient.java:383)
	at org.apache.ratis.grpc.client.GrpcClientProtocolClient$AsyncStreamObservers.access$500(GrpcClientProtocolClient.java:300)
	at org.apache.ratis.grpc.client.GrpcClientProtocolClient.lambda$close$3(GrpcClientProtocolClient.java:160)
	at java.util.Optional.ifPresent(Optional.java:159)
	at org.apache.ratis.grpc.client.GrpcClientProtocolClient.close(GrpcClientProtocolClient.java:160)
	at org.apache.ratis.util.PeerProxyMap.closeProxy(PeerProxyMap.java:197)
	at org.apache.ratis.util.PeerProxyMap.lambda$resetProxy$2(PeerProxyMap.java:158)
	at java.util.Optional.map(Optional.java:215)
	at org.apache.ratis.util.PeerProxyMap.resetProxy(PeerProxyMap.java:158)
	at org.apache.ratis.util.PeerProxyMap.handleException(PeerProxyMap.java:165)
	at org.apache.ratis.client.impl.RaftClientRpcWithProxy.handleException(RaftClientRpcWithProxy.java:48)
	at org.apache.ratis.client.impl.RaftClientImpl.handleIOException(RaftClientImpl.java:445)
	at org.apache.ratis.client.impl.OrderedAsync.handleException(OrderedAsync.java:237)
	at org.apache.ratis.client.impl.OrderedAsync.lambda$sendRequestWithRetry$6(OrderedAsync.java:208)
	at java.util.concurrent.CompletableFuture.uniExceptionally(CompletableFuture.java:884)
	at java.util.concurrent.CompletableFuture$UniExceptionally.tryFire(CompletableFuture.java:866)
	at java.util.concurrent.CompletableFuture.postComplete(CompletableFuture.java:488)
	at java.util.concurrent.CompletableFuture.completeExceptionally(CompletableFuture.java:1990)
	at org.apache.ratis.grpc.client.GrpcClientProtocolClient$AsyncStreamObservers.lambda$timeoutCheck$5(GrpcClientProtocolClient.java:373)
	at java.util.Optional.ifPresent(Optional.java:159)
	at org.apache.ratis.grpc.client.GrpcClientProtocolClient$AsyncStreamObservers.handleReplyFuture(GrpcClientProtocolClient.java:378)
	at org.apache.ratis.grpc.client.GrpcClientProtocolClient$AsyncStreamObservers.timeoutCheck(GrpcClientProtocolClient.java:373)
	at org.apache.ratis.grpc.client.GrpcClientProtocolClient$AsyncStreamObservers.lambda$onNext$3(GrpcClientProtocolClient.java:366)
	at org.apache.ratis.util.TimeoutTimer.lambda$onTimeout$2(TimeoutTimer.java:101)
	at org.apache.ratis.util.LogUtils.runAndLog(LogUtils.java:38)
	at org.apache.ratis.util.LogUtils$1.run(LogUtils.java:78)
	at org.apache.ratis.util.TimeoutTimer$Task.run(TimeoutTimer.java:55)
	at java.util.TimerThread.mainLoop(Timer.java:555)
	at java.util.TimerThread.run(Timer.java:505)
Caused by: org.apache.ratis.protocol.exceptions.AlreadyClosedException: client-2312CCC7CA78->s0: Stream close: no reply for async request cid=65
	at org.apache.ratis.grpc.client.GrpcClientProtocolClient$AsyncStreamObservers.completeReplyExceptionally(GrpcClientProtocolClient.java:396)
	... 29 more
2024-01-25 07:57:47,118 [timer4] DEBUG client.RaftClient (RaftClientImpl.java:handleIOException(417)) - client-2312CCC7CA78: suggested new leader: null. Failed RaftClientRequest:client-2312CCC7CA78->s0@group-796A68A19D2E, cid=65, seq=21, RW, m8
org.apache.ratis.protocol.exceptions.AlreadyClosedException: client-2312CCC7CA78->s0: Stream close: no reply for async request cid=65
	at org.apache.ratis.grpc.client.GrpcClientProtocolClient$AsyncStreamObservers.completeReplyExceptionally(GrpcClientProtocolClient.java:396)
	at org.apache.ratis.grpc.client.GrpcClientProtocolClient$AsyncStreamObservers.close(GrpcClientProtocolClient.java:383)
	at org.apache.ratis.grpc.client.GrpcClientProtocolClient$AsyncStreamObservers.access$500(GrpcClientProtocolClient.java:300)
	at org.apache.ratis.grpc.client.GrpcClientProtocolClient.lambda$close$3(GrpcClientProtocolClient.java:160)
	at java.util.Optional.ifPresent(Optional.java:159)
	at org.apache.ratis.grpc.client.GrpcClientProtocolClient.close(GrpcClientProtocolClient.java:160)
	at org.apache.ratis.util.PeerProxyMap.closeProxy(PeerProxyMap.java:197)
	at org.apache.ratis.util.PeerProxyMap.lambda$resetProxy$2(PeerProxyMap.java:158)
	at java.util.Optional.map(Optional.java:215)
	at org.apache.ratis.util.PeerProxyMap.resetProxy(PeerProxyMap.java:158)
	at org.apache.ratis.util.PeerProxyMap.handleException(PeerProxyMap.java:165)
	at org.apache.ratis.client.impl.RaftClientRpcWithProxy.handleException(RaftClientRpcWithProxy.java:48)
	at org.apache.ratis.client.impl.RaftClientImpl.handleIOException(RaftClientImpl.java:445)
	at org.apache.ratis.client.impl.OrderedAsync.handleException(OrderedAsync.java:237)
	at org.apache.ratis.client.impl.OrderedAsync.lambda$sendRequestWithRetry$6(OrderedAsync.java:208)
	at java.util.concurrent.CompletableFuture.uniExceptionally(CompletableFuture.java:884)
	at java.util.concurrent.CompletableFuture$UniExceptionally.tryFire(CompletableFuture.java:866)
	at java.util.concurrent.CompletableFuture.postComplete(CompletableFuture.java:488)
	at java.util.concurrent.CompletableFuture.completeExceptionally(CompletableFuture.java:1990)
	at org.apache.ratis.grpc.client.GrpcClientProtocolClient$AsyncStreamObservers.lambda$timeoutCheck$5(GrpcClientProtocolClient.java:373)
	at java.util.Optional.ifPresent(Optional.java:159)
	at org.apache.ratis.grpc.client.GrpcClientProtocolClient$AsyncStreamObservers.handleReplyFuture(GrpcClientProtocolClient.java:378)
	at org.apache.ratis.grpc.client.GrpcClientProtocolClient$AsyncStreamObservers.timeoutCheck(GrpcClientProtocolClient.java:373)
	at org.apache.ratis.grpc.client.GrpcClientProtocolClient$AsyncStreamObservers.lambda$onNext$3(GrpcClientProtocolClient.java:366)
	at org.apache.ratis.util.TimeoutTimer.lambda$onTimeout$2(TimeoutTimer.java:101)
	at org.apache.ratis.util.LogUtils.runAndLog(LogUtils.java:38)
	at org.apache.ratis.util.LogUtils$1.run(LogUtils.java:78)
	at org.apache.ratis.util.TimeoutTimer$Task.run(TimeoutTimer.java:55)
	at java.util.TimerThread.mainLoop(Timer.java:555)
	at java.util.TimerThread.run(Timer.java:505)
2024-01-25 07:57:47,118 [timer4] TRACE client.RaftClient (RaftClientImpl.java:handleIOException(419)) - Stack trace
java.lang.Throwable: TRACE
	at org.apache.ratis.client.impl.RaftClientImpl.handleIOException(RaftClientImpl.java:419)
	at org.apache.ratis.client.impl.OrderedAsync.handleException(OrderedAsync.java:237)
	at org.apache.ratis.client.impl.OrderedAsync.lambda$sendRequestWithRetry$6(OrderedAsync.java:208)
	at java.util.concurrent.CompletableFuture.uniExceptionally(CompletableFuture.java:884)
	at java.util.concurrent.CompletableFuture$UniExceptionally.tryFire(CompletableFuture.java:866)
	at java.util.concurrent.CompletableFuture.postComplete(CompletableFuture.java:488)
	at java.util.concurrent.CompletableFuture.completeExceptionally(CompletableFuture.java:1990)
	at org.apache.ratis.grpc.client.GrpcClientProtocolClient$AsyncStreamObservers.completeReplyExceptionally(GrpcClientProtocolClient.java:394)
	at org.apache.ratis.grpc.client.GrpcClientProtocolClient$AsyncStreamObservers.close(GrpcClientProtocolClient.java:383)
	at org.apache.ratis.grpc.client.GrpcClientProtocolClient$AsyncStreamObservers.access$500(GrpcClientProtocolClient.java:300)
	at org.apache.ratis.grpc.client.GrpcClientProtocolClient.lambda$close$3(GrpcClientProtocolClient.java:160)
	at java.util.Optional.ifPresent(Optional.java:159)
	at org.apache.ratis.grpc.client.GrpcClientProtocolClient.close(GrpcClientProtocolClient.java:160)
	at org.apache.ratis.util.PeerProxyMap.closeProxy(PeerProxyMap.java:197)
	at org.apache.ratis.util.PeerProxyMap.lambda$resetProxy$2(PeerProxyMap.java:158)
	at java.util.Optional.map(Optional.java:215)
	at org.apache.ratis.util.PeerProxyMap.resetProxy(PeerProxyMap.java:158)
	at org.apache.ratis.util.PeerProxyMap.handleException(PeerProxyMap.java:165)
	at org.apache.ratis.client.impl.RaftClientRpcWithProxy.handleException(RaftClientRpcWithProxy.java:48)
	at org.apache.ratis.client.impl.RaftClientImpl.handleIOException(RaftClientImpl.java:445)
	at org.apache.ratis.client.impl.OrderedAsync.handleException(OrderedAsync.java:237)
	at org.apache.ratis.client.impl.OrderedAsync.lambda$sendRequestWithRetry$6(OrderedAsync.java:208)
	at java.util.concurrent.CompletableFuture.uniExceptionally(CompletableFuture.java:884)
	at java.util.concurrent.CompletableFuture$UniExceptionally.tryFire(CompletableFuture.java:866)
	at java.util.concurrent.CompletableFuture.postComplete(CompletableFuture.java:488)
	at java.util.concurrent.CompletableFuture.completeExceptionally(CompletableFuture.java:1990)
	at org.apache.ratis.grpc.client.GrpcClientProtocolClient$AsyncStreamObservers.lambda$timeoutCheck$5(GrpcClientProtocolClient.java:373)
	at java.util.Optional.ifPresent(Optional.java:159)
	at org.apache.ratis.grpc.client.GrpcClientProtocolClient$AsyncStreamObservers.handleReplyFuture(GrpcClientProtocolClient.java:378)
	at org.apache.ratis.grpc.client.GrpcClientProtocolClient$AsyncStreamObservers.timeoutCheck(GrpcClientProtocolClient.java:373)
	at org.apache.ratis.grpc.client.GrpcClientProtocolClient$AsyncStreamObservers.lambda$onNext$3(GrpcClientProtocolClient.java:366)
	at org.apache.ratis.util.TimeoutTimer.lambda$onTimeout$2(TimeoutTimer.java:101)
	at org.apache.ratis.util.LogUtils.runAndLog(LogUtils.java:38)
	at org.apache.ratis.util.LogUtils$1.run(LogUtils.java:78)
	at org.apache.ratis.util.TimeoutTimer$Task.run(TimeoutTimer.java:55)
	at java.util.TimerThread.mainLoop(Timer.java:555)
	at java.util.TimerThread.run(Timer.java:505)
2024-01-25 07:57:47,118 [timer4] DEBUG client.RaftClient (RaftClientImpl.java:handleIOException(435)) - client-2312CCC7CA78: oldLeader=s0,  curLeader=s1, newLeader=null
2024-01-25 07:57:47,118 [timer4] ERROR impl.OrderedAsync (OrderedAsync.java:lambda$sendRequestWithRetry$6(207)) - client-2312CCC7CA78: Failed* RaftClientRequest:client-2312CCC7CA78->s0@group-796A68A19D2E, cid=66, seq=22, RW, m9
java.util.concurrent.CompletionException: org.apache.ratis.protocol.exceptions.AlreadyClosedException: client-2312CCC7CA78->s0: Stream close: no reply for async request cid=66
	at java.util.concurrent.CompletableFuture.encodeThrowable(CompletableFuture.java:292)
	at java.util.concurrent.CompletableFuture.completeThrowable(CompletableFuture.java:308)
	at java.util.concurrent.CompletableFuture.uniAccept(CompletableFuture.java:661)
	at java.util.concurrent.CompletableFuture$UniAccept.tryFire(CompletableFuture.java:646)
	at java.util.concurrent.CompletableFuture.postComplete(CompletableFuture.java:488)
	at java.util.concurrent.CompletableFuture.completeExceptionally(CompletableFuture.java:1990)
	at org.apache.ratis.grpc.client.GrpcClientProtocolClient$AsyncStreamObservers.completeReplyExceptionally(GrpcClientProtocolClient.java:394)
	at org.apache.ratis.grpc.client.GrpcClientProtocolClient$AsyncStreamObservers.close(GrpcClientProtocolClient.java:383)
	at org.apache.ratis.grpc.client.GrpcClientProtocolClient$AsyncStreamObservers.access$500(GrpcClientProtocolClient.java:300)
	at org.apache.ratis.grpc.client.GrpcClientProtocolClient.lambda$close$3(GrpcClientProtocolClient.java:160)
	at java.util.Optional.ifPresent(Optional.java:159)
	at org.apache.ratis.grpc.client.GrpcClientProtocolClient.close(GrpcClientProtocolClient.java:160)
	at org.apache.ratis.util.PeerProxyMap.closeProxy(PeerProxyMap.java:197)
	at org.apache.ratis.util.PeerProxyMap.lambda$resetProxy$2(PeerProxyMap.java:158)
	at java.util.Optional.map(Optional.java:215)
	at org.apache.ratis.util.PeerProxyMap.resetProxy(PeerProxyMap.java:158)
	at org.apache.ratis.util.PeerProxyMap.handleException(PeerProxyMap.java:165)
	at org.apache.ratis.client.impl.RaftClientRpcWithProxy.handleException(RaftClientRpcWithProxy.java:48)
	at org.apache.ratis.client.impl.RaftClientImpl.handleIOException(RaftClientImpl.java:445)
	at org.apache.ratis.client.impl.OrderedAsync.handleException(OrderedAsync.java:237)
	at org.apache.ratis.client.impl.OrderedAsync.lambda$sendRequestWithRetry$6(OrderedAsync.java:208)
	at java.util.concurrent.CompletableFuture.uniExceptionally(CompletableFuture.java:884)
	at java.util.concurrent.CompletableFuture$UniExceptionally.tryFire(CompletableFuture.java:866)
	at java.util.concurrent.CompletableFuture.postComplete(CompletableFuture.java:488)
	at java.util.concurrent.CompletableFuture.completeExceptionally(CompletableFuture.java:1990)
	at org.apache.ratis.grpc.client.GrpcClientProtocolClient$AsyncStreamObservers.lambda$timeoutCheck$5(GrpcClientProtocolClient.java:373)
	at java.util.Optional.ifPresent(Optional.java:159)
	at org.apache.ratis.grpc.client.GrpcClientProtocolClient$AsyncStreamObservers.handleReplyFuture(GrpcClientProtocolClient.java:378)
	at org.apache.ratis.grpc.client.GrpcClientProtocolClient$AsyncStreamObservers.timeoutCheck(GrpcClientProtocolClient.java:373)
	at org.apache.ratis.grpc.client.GrpcClientProtocolClient$AsyncStreamObservers.lambda$onNext$3(GrpcClientProtocolClient.java:366)
	at org.apache.ratis.util.TimeoutTimer.lambda$onTimeout$2(TimeoutTimer.java:101)
	at org.apache.ratis.util.LogUtils.runAndLog(LogUtils.java:38)
	at org.apache.ratis.util.LogUtils$1.run(LogUtils.java:78)
	at org.apache.ratis.util.TimeoutTimer$Task.run(TimeoutTimer.java:55)
	at java.util.TimerThread.mainLoop(Timer.java:555)
	at java.util.TimerThread.run(Timer.java:505)
Caused by: org.apache.ratis.protocol.exceptions.AlreadyClosedException: client-2312CCC7CA78->s0: Stream close: no reply for async request cid=66
	at org.apache.ratis.grpc.client.GrpcClientProtocolClient$AsyncStreamObservers.completeReplyExceptionally(GrpcClientProtocolClient.java:396)
	... 29 more
2024-01-25 07:57:47,119 [timer4] DEBUG client.RaftClient (RaftClientImpl.java:handleIOException(417)) - client-2312CCC7CA78: suggested new leader: null. Failed RaftClientRequest:client-2312CCC7CA78->s0@group-796A68A19D2E, cid=66, seq=22, RW, m9
org.apache.ratis.protocol.exceptions.AlreadyClosedException: client-2312CCC7CA78->s0: Stream close: no reply for async request cid=66
	at org.apache.ratis.grpc.client.GrpcClientProtocolClient$AsyncStreamObservers.completeReplyExceptionally(GrpcClientProtocolClient.java:396)
	at org.apache.ratis.grpc.client.GrpcClientProtocolClient$AsyncStreamObservers.close(GrpcClientProtocolClient.java:383)
	at org.apache.ratis.grpc.client.GrpcClientProtocolClient$AsyncStreamObservers.access$500(GrpcClientProtocolClient.java:300)
	at org.apache.ratis.grpc.client.GrpcClientProtocolClient.lambda$close$3(GrpcClientProtocolClient.java:160)
	at java.util.Optional.ifPresent(Optional.java:159)
	at org.apache.ratis.grpc.client.GrpcClientProtocolClient.close(GrpcClientProtocolClient.java:160)
	at org.apache.ratis.util.PeerProxyMap.closeProxy(PeerProxyMap.java:197)
	at org.apache.ratis.util.PeerProxyMap.lambda$resetProxy$2(PeerProxyMap.java:158)
	at java.util.Optional.map(Optional.java:215)
	at org.apache.ratis.util.PeerProxyMap.resetProxy(PeerProxyMap.java:158)
	at org.apache.ratis.util.PeerProxyMap.handleException(PeerProxyMap.java:165)
	at org.apache.ratis.client.impl.RaftClientRpcWithProxy.handleException(RaftClientRpcWithProxy.java:48)
	at org.apache.ratis.client.impl.RaftClientImpl.handleIOException(RaftClientImpl.java:445)
	at org.apache.ratis.client.impl.OrderedAsync.handleException(OrderedAsync.java:237)
	at org.apache.ratis.client.impl.OrderedAsync.lambda$sendRequestWithRetry$6(OrderedAsync.java:208)
	at java.util.concurrent.CompletableFuture.uniExceptionally(CompletableFuture.java:884)
	at java.util.concurrent.CompletableFuture$UniExceptionally.tryFire(CompletableFuture.java:866)
	at java.util.concurrent.CompletableFuture.postComplete(CompletableFuture.java:488)
	at java.util.concurrent.CompletableFuture.completeExceptionally(CompletableFuture.java:1990)
	at org.apache.ratis.grpc.client.GrpcClientProtocolClient$AsyncStreamObservers.lambda$timeoutCheck$5(GrpcClientProtocolClient.java:373)
	at java.util.Optional.ifPresent(Optional.java:159)
	at org.apache.ratis.grpc.client.GrpcClientProtocolClient$AsyncStreamObservers.handleReplyFuture(GrpcClientProtocolClient.java:378)
	at org.apache.ratis.grpc.client.GrpcClientProtocolClient$AsyncStreamObservers.timeoutCheck(GrpcClientProtocolClient.java:373)
	at org.apache.ratis.grpc.client.GrpcClientProtocolClient$AsyncStreamObservers.lambda$onNext$3(GrpcClientProtocolClient.java:366)
	at org.apache.ratis.util.TimeoutTimer.lambda$onTimeout$2(TimeoutTimer.java:101)
	at org.apache.ratis.util.LogUtils.runAndLog(LogUtils.java:38)
	at org.apache.ratis.util.LogUtils$1.run(LogUtils.java:78)
	at org.apache.ratis.util.TimeoutTimer$Task.run(TimeoutTimer.java:55)
	at java.util.TimerThread.mainLoop(Timer.java:555)
	at java.util.TimerThread.run(Timer.java:505)
2024-01-25 07:57:47,119 [timer4] TRACE client.RaftClient (RaftClientImpl.java:handleIOException(419)) - Stack trace
java.lang.Throwable: TRACE
	at org.apache.ratis.client.impl.RaftClientImpl.handleIOException(RaftClientImpl.java:419)
	at org.apache.ratis.client.impl.OrderedAsync.handleException(OrderedAsync.java:237)
	at org.apache.ratis.client.impl.OrderedAsync.lambda$sendRequestWithRetry$6(OrderedAsync.java:208)
	at java.util.concurrent.CompletableFuture.uniExceptionally(CompletableFuture.java:884)
	at java.util.concurrent.CompletableFuture$UniExceptionally.tryFire(CompletableFuture.java:866)
	at java.util.concurrent.CompletableFuture.postComplete(CompletableFuture.java:488)
	at java.util.concurrent.CompletableFuture.completeExceptionally(CompletableFuture.java:1990)
	at org.apache.ratis.grpc.client.GrpcClientProtocolClient$AsyncStreamObservers.completeReplyExceptionally(GrpcClientProtocolClient.java:394)
	at org.apache.ratis.grpc.client.GrpcClientProtocolClient$AsyncStreamObservers.close(GrpcClientProtocolClient.java:383)
	at org.apache.ratis.grpc.client.GrpcClientProtocolClient$AsyncStreamObservers.access$500(GrpcClientProtocolClient.java:300)
	at org.apache.ratis.grpc.client.GrpcClientProtocolClient.lambda$close$3(GrpcClientProtocolClient.java:160)
	at java.util.Optional.ifPresent(Optional.java:159)
	at org.apache.ratis.grpc.client.GrpcClientProtocolClient.close(GrpcClientProtocolClient.java:160)
	at org.apache.ratis.util.PeerProxyMap.closeProxy(PeerProxyMap.java:197)
	at org.apache.ratis.util.PeerProxyMap.lambda$resetProxy$2(PeerProxyMap.java:158)
	at java.util.Optional.map(Optional.java:215)
	at org.apache.ratis.util.PeerProxyMap.resetProxy(PeerProxyMap.java:158)
	at org.apache.ratis.util.PeerProxyMap.handleException(PeerProxyMap.java:165)
	at org.apache.ratis.client.impl.RaftClientRpcWithProxy.handleException(RaftClientRpcWithProxy.java:48)
	at org.apache.ratis.client.impl.RaftClientImpl.handleIOException(RaftClientImpl.java:445)
	at org.apache.ratis.client.impl.OrderedAsync.handleException(OrderedAsync.java:237)
	at org.apache.ratis.client.impl.OrderedAsync.lambda$sendRequestWithRetry$6(OrderedAsync.java:208)
	at java.util.concurrent.CompletableFuture.uniExceptionally(CompletableFuture.java:884)
	at java.util.concurrent.CompletableFuture$UniExceptionally.tryFire(CompletableFuture.java:866)
	at java.util.concurrent.CompletableFuture.postComplete(CompletableFuture.java:488)
	at java.util.concurrent.CompletableFuture.completeExceptionally(CompletableFuture.java:1990)
	at org.apache.ratis.grpc.client.GrpcClientProtocolClient$AsyncStreamObservers.lambda$timeoutCheck$5(GrpcClientProtocolClient.java:373)
	at java.util.Optional.ifPresent(Optional.java:159)
	at org.apache.ratis.grpc.client.GrpcClientProtocolClient$AsyncStreamObservers.handleReplyFuture(GrpcClientProtocolClient.java:378)
	at org.apache.ratis.grpc.client.GrpcClientProtocolClient$AsyncStreamObservers.timeoutCheck(GrpcClientProtocolClient.java:373)
	at org.apache.ratis.grpc.client.GrpcClientProtocolClient$AsyncStreamObservers.lambda$onNext$3(GrpcClientProtocolClient.java:366)
	at org.apache.ratis.util.TimeoutTimer.lambda$onTimeout$2(TimeoutTimer.java:101)
	at org.apache.ratis.util.LogUtils.runAndLog(LogUtils.java:38)
	at org.apache.ratis.util.LogUtils$1.run(LogUtils.java:78)
	at org.apache.ratis.util.TimeoutTimer$Task.run(TimeoutTimer.java:55)
	at java.util.TimerThread.mainLoop(Timer.java:555)
	at java.util.TimerThread.run(Timer.java:505)
2024-01-25 07:57:47,117 [timer6] DEBUG client.RaftClient (RaftClientImpl.java:handleIOException(417)) - client-2312CCC7CA78: suggested new leader: null. Failed RaftClientRequest:client-2312CCC7CA78->s0@group-796A68A19D2E, cid=60, seq=16, RW, m3
org.apache.ratis.protocol.exceptions.TimeoutIOException: client-2312CCC7CA78->s0 request #60 timeout 3000ms
	at org.apache.ratis.grpc.client.GrpcClientProtocolClient$AsyncStreamObservers.lambda$timeoutCheck$5(GrpcClientProtocolClient.java:374)
	at java.util.Optional.ifPresent(Optional.java:159)
	at org.apache.ratis.grpc.client.GrpcClientProtocolClient$AsyncStreamObservers.handleReplyFuture(GrpcClientProtocolClient.java:378)
	at org.apache.ratis.grpc.client.GrpcClientProtocolClient$AsyncStreamObservers.timeoutCheck(GrpcClientProtocolClient.java:373)
	at org.apache.ratis.grpc.client.GrpcClientProtocolClient$AsyncStreamObservers.lambda$onNext$3(GrpcClientProtocolClient.java:366)
	at org.apache.ratis.util.TimeoutTimer.lambda$onTimeout$2(TimeoutTimer.java:101)
	at org.apache.ratis.util.LogUtils.runAndLog(LogUtils.java:38)
	at org.apache.ratis.util.LogUtils$1.run(LogUtils.java:78)
	at org.apache.ratis.util.TimeoutTimer$Task.run(TimeoutTimer.java:55)
	at java.util.TimerThread.mainLoop(Timer.java:555)
	at java.util.TimerThread.run(Timer.java:505)
2024-01-25 07:57:47,120 [timer6] TRACE client.RaftClient (RaftClientImpl.java:handleIOException(419)) - Stack trace
java.lang.Throwable: TRACE
	at org.apache.ratis.client.impl.RaftClientImpl.handleIOException(RaftClientImpl.java:419)
	at org.apache.ratis.client.impl.OrderedAsync.handleException(OrderedAsync.java:237)
	at org.apache.ratis.client.impl.OrderedAsync.lambda$sendRequestWithRetry$6(OrderedAsync.java:208)
	at java.util.concurrent.CompletableFuture.uniExceptionally(CompletableFuture.java:884)
	at java.util.concurrent.CompletableFuture$UniExceptionally.tryFire(CompletableFuture.java:866)
	at java.util.concurrent.CompletableFuture.postComplete(CompletableFuture.java:488)
	at java.util.concurrent.CompletableFuture.completeExceptionally(CompletableFuture.java:1990)
	at org.apache.ratis.grpc.client.GrpcClientProtocolClient$AsyncStreamObservers.lambda$timeoutCheck$5(GrpcClientProtocolClient.java:373)
	at java.util.Optional.ifPresent(Optional.java:159)
	at org.apache.ratis.grpc.client.GrpcClientProtocolClient$AsyncStreamObservers.handleReplyFuture(GrpcClientProtocolClient.java:378)
	at org.apache.ratis.grpc.client.GrpcClientProtocolClient$AsyncStreamObservers.timeoutCheck(GrpcClientProtocolClient.java:373)
	at org.apache.ratis.grpc.client.GrpcClientProtocolClient$AsyncStreamObservers.lambda$onNext$3(GrpcClientProtocolClient.java:366)
	at org.apache.ratis.util.TimeoutTimer.lambda$onTimeout$2(TimeoutTimer.java:101)
	at org.apache.ratis.util.LogUtils.runAndLog(LogUtils.java:38)
	at org.apache.ratis.util.LogUtils$1.run(LogUtils.java:78)
	at org.apache.ratis.util.TimeoutTimer$Task.run(TimeoutTimer.java:55)
	at java.util.TimerThread.mainLoop(Timer.java:555)
	at java.util.TimerThread.run(Timer.java:505)
2024-01-25 07:57:47,120 [timer6] DEBUG client.RaftClient (RaftClientImpl.java:handleIOException(435)) - client-2312CCC7CA78: oldLeader=s0,  curLeader=s1, newLeader=null
2024-01-25 07:57:47,120 [timer4] DEBUG client.RaftClient (RaftClientImpl.java:handleIOException(435)) - client-2312CCC7CA78: oldLeader=s0,  curLeader=s1, newLeader=null
2024-01-25 07:57:47,120 [timer4] ERROR impl.OrderedAsync (OrderedAsync.java:lambda$sendRequestWithRetry$6(207)) - client-2312CCC7CA78: Failed* RaftClientRequest:client-2312CCC7CA78->s0@group-796A68A19D2E, cid=67, seq=23, RW, m10
java.util.concurrent.CompletionException: org.apache.ratis.protocol.exceptions.AlreadyClosedException: client-2312CCC7CA78->s0: Stream close: no reply for async request cid=67
	at java.util.concurrent.CompletableFuture.encodeThrowable(CompletableFuture.java:292)
	at java.util.concurrent.CompletableFuture.completeThrowable(CompletableFuture.java:308)
	at java.util.concurrent.CompletableFuture.uniAccept(CompletableFuture.java:661)
	at java.util.concurrent.CompletableFuture$UniAccept.tryFire(CompletableFuture.java:646)
	at java.util.concurrent.CompletableFuture.postComplete(CompletableFuture.java:488)
	at java.util.concurrent.CompletableFuture.completeExceptionally(CompletableFuture.java:1990)
	at org.apache.ratis.grpc.client.GrpcClientProtocolClient$AsyncStreamObservers.completeReplyExceptionally(GrpcClientProtocolClient.java:394)
	at org.apache.ratis.grpc.client.GrpcClientProtocolClient$AsyncStreamObservers.close(GrpcClientProtocolClient.java:383)
	at org.apache.ratis.grpc.client.GrpcClientProtocolClient$AsyncStreamObservers.access$500(GrpcClientProtocolClient.java:300)
	at org.apache.ratis.grpc.client.GrpcClientProtocolClient.lambda$close$3(GrpcClientProtocolClient.java:160)
	at java.util.Optional.ifPresent(Optional.java:159)
	at org.apache.ratis.grpc.client.GrpcClientProtocolClient.close(GrpcClientProtocolClient.java:160)
	at org.apache.ratis.util.PeerProxyMap.closeProxy(PeerProxyMap.java:197)
	at org.apache.ratis.util.PeerProxyMap.lambda$resetProxy$2(PeerProxyMap.java:158)
	at java.util.Optional.map(Optional.java:215)
	at org.apache.ratis.util.PeerProxyMap.resetProxy(PeerProxyMap.java:158)
	at org.apache.ratis.util.PeerProxyMap.handleException(PeerProxyMap.java:165)
	at org.apache.ratis.client.impl.RaftClientRpcWithProxy.handleException(RaftClientRpcWithProxy.java:48)
	at org.apache.ratis.client.impl.RaftClientImpl.handleIOException(RaftClientImpl.java:445)
	at org.apache.ratis.client.impl.OrderedAsync.handleException(OrderedAsync.java:237)
	at org.apache.ratis.client.impl.OrderedAsync.lambda$sendRequestWithRetry$6(OrderedAsync.java:208)
	at java.util.concurrent.CompletableFuture.uniExceptionally(CompletableFuture.java:884)
	at java.util.concurrent.CompletableFuture$UniExceptionally.tryFire(CompletableFuture.java:866)
	at java.util.concurrent.CompletableFuture.postComplete(CompletableFuture.java:488)
	at java.util.concurrent.CompletableFuture.completeExceptionally(CompletableFuture.java:1990)
	at org.apache.ratis.grpc.client.GrpcClientProtocolClient$AsyncStreamObservers.lambda$timeoutCheck$5(GrpcClientProtocolClient.java:373)
	at java.util.Optional.ifPresent(Optional.java:159)
	at org.apache.ratis.grpc.client.GrpcClientProtocolClient$AsyncStreamObservers.handleReplyFuture(GrpcClientProtocolClient.java:378)
	at org.apache.ratis.grpc.client.GrpcClientProtocolClient$AsyncStreamObservers.timeoutCheck(GrpcClientProtocolClient.java:373)
	at org.apache.ratis.grpc.client.GrpcClientProtocolClient$AsyncStreamObservers.lambda$onNext$3(GrpcClientProtocolClient.java:366)
	at org.apache.ratis.util.TimeoutTimer.lambda$onTimeout$2(TimeoutTimer.java:101)
	at org.apache.ratis.util.LogUtils.runAndLog(LogUtils.java:38)
	at org.apache.ratis.util.LogUtils$1.run(LogUtils.java:78)
	at org.apache.ratis.util.TimeoutTimer$Task.run(TimeoutTimer.java:55)
	at java.util.TimerThread.mainLoop(Timer.java:555)
	at java.util.TimerThread.run(Timer.java:505)
Caused by: org.apache.ratis.protocol.exceptions.AlreadyClosedException: client-2312CCC7CA78->s0: Stream close: no reply for async request cid=67
	at org.apache.ratis.grpc.client.GrpcClientProtocolClient$AsyncStreamObservers.completeReplyExceptionally(GrpcClientProtocolClient.java:396)
	... 29 more
2024-01-25 07:57:47,121 [timer4] DEBUG client.RaftClient (RaftClientImpl.java:handleIOException(417)) - client-2312CCC7CA78: suggested new leader: null. Failed RaftClientRequest:client-2312CCC7CA78->s0@group-796A68A19D2E, cid=67, seq=23, RW, m10
org.apache.ratis.protocol.exceptions.AlreadyClosedException: client-2312CCC7CA78->s0: Stream close: no reply for async request cid=67
	at org.apache.ratis.grpc.client.GrpcClientProtocolClient$AsyncStreamObservers.completeReplyExceptionally(GrpcClientProtocolClient.java:396)
	at org.apache.ratis.grpc.client.GrpcClientProtocolClient$AsyncStreamObservers.close(GrpcClientProtocolClient.java:383)
	at org.apache.ratis.grpc.client.GrpcClientProtocolClient$AsyncStreamObservers.access$500(GrpcClientProtocolClient.java:300)
	at org.apache.ratis.grpc.client.GrpcClientProtocolClient.lambda$close$3(GrpcClientProtocolClient.java:160)
	at java.util.Optional.ifPresent(Optional.java:159)
	at org.apache.ratis.grpc.client.GrpcClientProtocolClient.close(GrpcClientProtocolClient.java:160)
	at org.apache.ratis.util.PeerProxyMap.closeProxy(PeerProxyMap.java:197)
	at org.apache.ratis.util.PeerProxyMap.lambda$resetProxy$2(PeerProxyMap.java:158)
	at java.util.Optional.map(Optional.java:215)
	at org.apache.ratis.util.PeerProxyMap.resetProxy(PeerProxyMap.java:158)
	at org.apache.ratis.util.PeerProxyMap.handleException(PeerProxyMap.java:165)
	at org.apache.ratis.client.impl.RaftClientRpcWithProxy.handleException(RaftClientRpcWithProxy.java:48)
	at org.apache.ratis.client.impl.RaftClientImpl.handleIOException(RaftClientImpl.java:445)
	at org.apache.ratis.client.impl.OrderedAsync.handleException(OrderedAsync.java:237)
	at org.apache.ratis.client.impl.OrderedAsync.lambda$sendRequestWithRetry$6(OrderedAsync.java:208)
	at java.util.concurrent.CompletableFuture.uniExceptionally(CompletableFuture.java:884)
	at java.util.concurrent.CompletableFuture$UniExceptionally.tryFire(CompletableFuture.java:866)
	at java.util.concurrent.CompletableFuture.postComplete(CompletableFuture.java:488)
	at java.util.concurrent.CompletableFuture.completeExceptionally(CompletableFuture.java:1990)
	at org.apache.ratis.grpc.client.GrpcClientProtocolClient$AsyncStreamObservers.lambda$timeoutCheck$5(GrpcClientProtocolClient.java:373)
	at java.util.Optional.ifPresent(Optional.java:159)
	at org.apache.ratis.grpc.client.GrpcClientProtocolClient$AsyncStreamObservers.handleReplyFuture(GrpcClientProtocolClient.java:378)
	at org.apache.ratis.grpc.client.GrpcClientProtocolClient$AsyncStreamObservers.timeoutCheck(GrpcClientProtocolClient.java:373)
	at org.apache.ratis.grpc.client.GrpcClientProtocolClient$AsyncStreamObservers.lambda$onNext$3(GrpcClientProtocolClient.java:366)
	at org.apache.ratis.util.TimeoutTimer.lambda$onTimeout$2(TimeoutTimer.java:101)
	at org.apache.ratis.util.LogUtils.runAndLog(LogUtils.java:38)
	at org.apache.ratis.util.LogUtils$1.run(LogUtils.java:78)
	at org.apache.ratis.util.TimeoutTimer$Task.run(TimeoutTimer.java:55)
	at java.util.TimerThread.mainLoop(Timer.java:555)
	at java.util.TimerThread.run(Timer.java:505)
2024-01-25 07:57:47,121 [timer4] TRACE client.RaftClient (RaftClientImpl.java:handleIOException(419)) - Stack trace
java.lang.Throwable: TRACE
	at org.apache.ratis.client.impl.RaftClientImpl.handleIOException(RaftClientImpl.java:419)
	at org.apache.ratis.client.impl.OrderedAsync.handleException(OrderedAsync.java:237)
	at org.apache.ratis.client.impl.OrderedAsync.lambda$sendRequestWithRetry$6(OrderedAsync.java:208)
	at java.util.concurrent.CompletableFuture.uniExceptionally(CompletableFuture.java:884)
	at java.util.concurrent.CompletableFuture$UniExceptionally.tryFire(CompletableFuture.java:866)
	at java.util.concurrent.CompletableFuture.postComplete(CompletableFuture.java:488)
	at java.util.concurrent.CompletableFuture.completeExceptionally(CompletableFuture.java:1990)
	at org.apache.ratis.grpc.client.GrpcClientProtocolClient$AsyncStreamObservers.completeReplyExceptionally(GrpcClientProtocolClient.java:394)
	at org.apache.ratis.grpc.client.GrpcClientProtocolClient$AsyncStreamObservers.close(GrpcClientProtocolClient.java:383)
	at org.apache.ratis.grpc.client.GrpcClientProtocolClient$AsyncStreamObservers.access$500(GrpcClientProtocolClient.java:300)
	at org.apache.ratis.grpc.client.GrpcClientProtocolClient.lambda$close$3(GrpcClientProtocolClient.java:160)
	at java.util.Optional.ifPresent(Optional.java:159)
	at org.apache.ratis.grpc.client.GrpcClientProtocolClient.close(GrpcClientProtocolClient.java:160)
	at org.apache.ratis.util.PeerProxyMap.closeProxy(PeerProxyMap.java:197)
	at org.apache.ratis.util.PeerProxyMap.lambda$resetProxy$2(PeerProxyMap.java:158)
	at java.util.Optional.map(Optional.java:215)
	at org.apache.ratis.util.PeerProxyMap.resetProxy(PeerProxyMap.java:158)
	at org.apache.ratis.util.PeerProxyMap.handleException(PeerProxyMap.java:165)
	at org.apache.ratis.client.impl.RaftClientRpcWithProxy.handleException(RaftClientRpcWithProxy.java:48)
	at org.apache.ratis.client.impl.RaftClientImpl.handleIOException(RaftClientImpl.java:445)
	at org.apache.ratis.client.impl.OrderedAsync.handleException(OrderedAsync.java:237)
	at org.apache.ratis.client.impl.OrderedAsync.lambda$sendRequestWithRetry$6(OrderedAsync.java:208)
	at java.util.concurrent.CompletableFuture.uniExceptionally(CompletableFuture.java:884)
	at java.util.concurrent.CompletableFuture$UniExceptionally.tryFire(CompletableFuture.java:866)
	at java.util.concurrent.CompletableFuture.postComplete(CompletableFuture.java:488)
	at java.util.concurrent.CompletableFuture.completeExceptionally(CompletableFuture.java:1990)
	at org.apache.ratis.grpc.client.GrpcClientProtocolClient$AsyncStreamObservers.lambda$timeoutCheck$5(GrpcClientProtocolClient.java:373)
	at java.util.Optional.ifPresent(Optional.java:159)
	at org.apache.ratis.grpc.client.GrpcClientProtocolClient$AsyncStreamObservers.handleReplyFuture(GrpcClientProtocolClient.java:378)
	at org.apache.ratis.grpc.client.GrpcClientProtocolClient$AsyncStreamObservers.timeoutCheck(GrpcClientProtocolClient.java:373)
	at org.apache.ratis.grpc.client.GrpcClientProtocolClient$AsyncStreamObservers.lambda$onNext$3(GrpcClientProtocolClient.java:366)
	at org.apache.ratis.util.TimeoutTimer.lambda$onTimeout$2(TimeoutTimer.java:101)
	at org.apache.ratis.util.LogUtils.runAndLog(LogUtils.java:38)
	at org.apache.ratis.util.LogUtils$1.run(LogUtils.java:78)
	at org.apache.ratis.util.TimeoutTimer$Task.run(TimeoutTimer.java:55)
	at java.util.TimerThread.mainLoop(Timer.java:555)
	at java.util.TimerThread.run(Timer.java:505)
2024-01-25 07:57:47,122 [timer4] DEBUG client.RaftClient (RaftClientImpl.java:handleIOException(435)) - client-2312CCC7CA78: oldLeader=s0,  curLeader=s1, newLeader=null
2024-01-25 07:57:47,122 [timer4] ERROR impl.OrderedAsync (OrderedAsync.java:lambda$sendRequestWithRetry$6(207)) - client-2312CCC7CA78: Failed* RaftClientRequest:client-2312CCC7CA78->s0@group-796A68A19D2E, cid=68, seq=24, RW, m11
java.util.concurrent.CompletionException: org.apache.ratis.protocol.exceptions.AlreadyClosedException: client-2312CCC7CA78->s0: Stream close: no reply for async request cid=68
	at java.util.concurrent.CompletableFuture.encodeThrowable(CompletableFuture.java:292)
	at java.util.concurrent.CompletableFuture.completeThrowable(CompletableFuture.java:308)
	at java.util.concurrent.CompletableFuture.uniAccept(CompletableFuture.java:661)
	at java.util.concurrent.CompletableFuture$UniAccept.tryFire(CompletableFuture.java:646)
	at java.util.concurrent.CompletableFuture.postComplete(CompletableFuture.java:488)
	at java.util.concurrent.CompletableFuture.completeExceptionally(CompletableFuture.java:1990)
	at org.apache.ratis.grpc.client.GrpcClientProtocolClient$AsyncStreamObservers.completeReplyExceptionally(GrpcClientProtocolClient.java:394)
	at org.apache.ratis.grpc.client.GrpcClientProtocolClient$AsyncStreamObservers.close(GrpcClientProtocolClient.java:383)
	at org.apache.ratis.grpc.client.GrpcClientProtocolClient$AsyncStreamObservers.access$500(GrpcClientProtocolClient.java:300)
	at org.apache.ratis.grpc.client.GrpcClientProtocolClient.lambda$close$3(GrpcClientProtocolClient.java:160)
	at java.util.Optional.ifPresent(Optional.java:159)
	at org.apache.ratis.grpc.client.GrpcClientProtocolClient.close(GrpcClientProtocolClient.java:160)
	at org.apache.ratis.util.PeerProxyMap.closeProxy(PeerProxyMap.java:197)
	at org.apache.ratis.util.PeerProxyMap.lambda$resetProxy$2(PeerProxyMap.java:158)
	at java.util.Optional.map(Optional.java:215)
	at org.apache.ratis.util.PeerProxyMap.resetProxy(PeerProxyMap.java:158)
	at org.apache.ratis.util.PeerProxyMap.handleException(PeerProxyMap.java:165)
	at org.apache.ratis.client.impl.RaftClientRpcWithProxy.handleException(RaftClientRpcWithProxy.java:48)
	at org.apache.ratis.client.impl.RaftClientImpl.handleIOException(RaftClientImpl.java:445)
	at org.apache.ratis.client.impl.OrderedAsync.handleException(OrderedAsync.java:237)
	at org.apache.ratis.client.impl.OrderedAsync.lambda$sendRequestWithRetry$6(OrderedAsync.java:208)
	at java.util.concurrent.CompletableFuture.uniExceptionally(CompletableFuture.java:884)
	at java.util.concurrent.CompletableFuture$UniExceptionally.tryFire(CompletableFuture.java:866)
	at java.util.concurrent.CompletableFuture.postComplete(CompletableFuture.java:488)
	at java.util.concurrent.CompletableFuture.completeExceptionally(CompletableFuture.java:1990)
	at org.apache.ratis.grpc.client.GrpcClientProtocolClient$AsyncStreamObservers.lambda$timeoutCheck$5(GrpcClientProtocolClient.java:373)
	at java.util.Optional.ifPresent(Optional.java:159)
	at org.apache.ratis.grpc.client.GrpcClientProtocolClient$AsyncStreamObservers.handleReplyFuture(GrpcClientProtocolClient.java:378)
	at org.apache.ratis.grpc.client.GrpcClientProtocolClient$AsyncStreamObservers.timeoutCheck(GrpcClientProtocolClient.java:373)
	at org.apache.ratis.grpc.client.GrpcClientProtocolClient$AsyncStreamObservers.lambda$onNext$3(GrpcClientProtocolClient.java:366)
	at org.apache.ratis.util.TimeoutTimer.lambda$onTimeout$2(TimeoutTimer.java:101)
	at org.apache.ratis.util.LogUtils.runAndLog(LogUtils.java:38)
	at org.apache.ratis.util.LogUtils$1.run(LogUtils.java:78)
	at org.apache.ratis.util.TimeoutTimer$Task.run(TimeoutTimer.java:55)
	at java.util.TimerThread.mainLoop(Timer.java:555)
	at java.util.TimerThread.run(Timer.java:505)
Caused by: org.apache.ratis.protocol.exceptions.AlreadyClosedException: client-2312CCC7CA78->s0: Stream close: no reply for async request cid=68
	at org.apache.ratis.grpc.client.GrpcClientProtocolClient$AsyncStreamObservers.completeReplyExceptionally(GrpcClientProtocolClient.java:396)
	... 29 more
2024-01-25 07:57:47,123 [timer4] DEBUG client.RaftClient (RaftClientImpl.java:handleIOException(417)) - client-2312CCC7CA78: suggested new leader: null. Failed RaftClientRequest:client-2312CCC7CA78->s0@group-796A68A19D2E, cid=68, seq=24, RW, m11
org.apache.ratis.protocol.exceptions.AlreadyClosedException: client-2312CCC7CA78->s0: Stream close: no reply for async request cid=68
	at org.apache.ratis.grpc.client.GrpcClientProtocolClient$AsyncStreamObservers.completeReplyExceptionally(GrpcClientProtocolClient.java:396)
	at org.apache.ratis.grpc.client.GrpcClientProtocolClient$AsyncStreamObservers.close(GrpcClientProtocolClient.java:383)
	at org.apache.ratis.grpc.client.GrpcClientProtocolClient$AsyncStreamObservers.access$500(GrpcClientProtocolClient.java:300)
	at org.apache.ratis.grpc.client.GrpcClientProtocolClient.lambda$close$3(GrpcClientProtocolClient.java:160)
	at java.util.Optional.ifPresent(Optional.java:159)
	at org.apache.ratis.grpc.client.GrpcClientProtocolClient.close(GrpcClientProtocolClient.java:160)
	at org.apache.ratis.util.PeerProxyMap.closeProxy(PeerProxyMap.java:197)
	at org.apache.ratis.util.PeerProxyMap.lambda$resetProxy$2(PeerProxyMap.java:158)
	at java.util.Optional.map(Optional.java:215)
	at org.apache.ratis.util.PeerProxyMap.resetProxy(PeerProxyMap.java:158)
	at org.apache.ratis.util.PeerProxyMap.handleException(PeerProxyMap.java:165)
	at org.apache.ratis.client.impl.RaftClientRpcWithProxy.handleException(RaftClientRpcWithProxy.java:48)
	at org.apache.ratis.client.impl.RaftClientImpl.handleIOException(RaftClientImpl.java:445)
	at org.apache.ratis.client.impl.OrderedAsync.handleException(OrderedAsync.java:237)
	at org.apache.ratis.client.impl.OrderedAsync.lambda$sendRequestWithRetry$6(OrderedAsync.java:208)
	at java.util.concurrent.CompletableFuture.uniExceptionally(CompletableFuture.java:884)
	at java.util.concurrent.CompletableFuture$UniExceptionally.tryFire(CompletableFuture.java:866)
	at java.util.concurrent.CompletableFuture.postComplete(CompletableFuture.java:488)
	at java.util.concurrent.CompletableFuture.completeExceptionally(CompletableFuture.java:1990)
	at org.apache.ratis.grpc.client.GrpcClientProtocolClient$AsyncStreamObservers.lambda$timeoutCheck$5(GrpcClientProtocolClient.java:373)
	at java.util.Optional.ifPresent(Optional.java:159)
	at org.apache.ratis.grpc.client.GrpcClientProtocolClient$AsyncStreamObservers.handleReplyFuture(GrpcClientProtocolClient.java:378)
	at org.apache.ratis.grpc.client.GrpcClientProtocolClient$AsyncStreamObservers.timeoutCheck(GrpcClientProtocolClient.java:373)
	at org.apache.ratis.grpc.client.GrpcClientProtocolClient$AsyncStreamObservers.lambda$onNext$3(GrpcClientProtocolClient.java:366)
	at org.apache.ratis.util.TimeoutTimer.lambda$onTimeout$2(TimeoutTimer.java:101)
	at org.apache.ratis.util.LogUtils.runAndLog(LogUtils.java:38)
	at org.apache.ratis.util.LogUtils$1.run(LogUtils.java:78)
	at org.apache.ratis.util.TimeoutTimer$Task.run(TimeoutTimer.java:55)
	at java.util.TimerThread.mainLoop(Timer.java:555)
	at java.util.TimerThread.run(Timer.java:505)
2024-01-25 07:57:47,123 [timer4] TRACE client.RaftClient (RaftClientImpl.java:handleIOException(419)) - Stack trace
java.lang.Throwable: TRACE
	at org.apache.ratis.client.impl.RaftClientImpl.handleIOException(RaftClientImpl.java:419)
	at org.apache.ratis.client.impl.OrderedAsync.handleException(OrderedAsync.java:237)
	at org.apache.ratis.client.impl.OrderedAsync.lambda$sendRequestWithRetry$6(OrderedAsync.java:208)
	at java.util.concurrent.CompletableFuture.uniExceptionally(CompletableFuture.java:884)
	at java.util.concurrent.CompletableFuture$UniExceptionally.tryFire(CompletableFuture.java:866)
	at java.util.concurrent.CompletableFuture.postComplete(CompletableFuture.java:488)
	at java.util.concurrent.CompletableFuture.completeExceptionally(CompletableFuture.java:1990)
	at org.apache.ratis.grpc.client.GrpcClientProtocolClient$AsyncStreamObservers.completeReplyExceptionally(GrpcClientProtocolClient.java:394)
	at org.apache.ratis.grpc.client.GrpcClientProtocolClient$AsyncStreamObservers.close(GrpcClientProtocolClient.java:383)
	at org.apache.ratis.grpc.client.GrpcClientProtocolClient$AsyncStreamObservers.access$500(GrpcClientProtocolClient.java:300)
	at org.apache.ratis.grpc.client.GrpcClientProtocolClient.lambda$close$3(GrpcClientProtocolClient.java:160)
	at java.util.Optional.ifPresent(Optional.java:159)
	at org.apache.ratis.grpc.client.GrpcClientProtocolClient.close(GrpcClientProtocolClient.java:160)
	at org.apache.ratis.util.PeerProxyMap.closeProxy(PeerProxyMap.java:197)
	at org.apache.ratis.util.PeerProxyMap.lambda$resetProxy$2(PeerProxyMap.java:158)
	at java.util.Optional.map(Optional.java:215)
	at org.apache.ratis.util.PeerProxyMap.resetProxy(PeerProxyMap.java:158)
	at org.apache.ratis.util.PeerProxyMap.handleException(PeerProxyMap.java:165)
	at org.apache.ratis.client.impl.RaftClientRpcWithProxy.handleException(RaftClientRpcWithProxy.java:48)
	at org.apache.ratis.client.impl.RaftClientImpl.handleIOException(RaftClientImpl.java:445)
	at org.apache.ratis.client.impl.OrderedAsync.handleException(OrderedAsync.java:237)
	at org.apache.ratis.client.impl.OrderedAsync.lambda$sendRequestWithRetry$6(OrderedAsync.java:208)
	at java.util.concurrent.CompletableFuture.uniExceptionally(CompletableFuture.java:884)
	at java.util.concurrent.CompletableFuture$UniExceptionally.tryFire(CompletableFuture.java:866)
	at java.util.concurrent.CompletableFuture.postComplete(CompletableFuture.java:488)
	at java.util.concurrent.CompletableFuture.completeExceptionally(CompletableFuture.java:1990)
	at org.apache.ratis.grpc.client.GrpcClientProtocolClient$AsyncStreamObservers.lambda$timeoutCheck$5(GrpcClientProtocolClient.java:373)
	at java.util.Optional.ifPresent(Optional.java:159)
	at org.apache.ratis.grpc.client.GrpcClientProtocolClient$AsyncStreamObservers.handleReplyFuture(GrpcClientProtocolClient.java:378)
	at org.apache.ratis.grpc.client.GrpcClientProtocolClient$AsyncStreamObservers.timeoutCheck(GrpcClientProtocolClient.java:373)
	at org.apache.ratis.grpc.client.GrpcClientProtocolClient$AsyncStreamObservers.lambda$onNext$3(GrpcClientProtocolClient.java:366)
	at org.apache.ratis.util.TimeoutTimer.lambda$onTimeout$2(TimeoutTimer.java:101)
	at org.apache.ratis.util.LogUtils.runAndLog(LogUtils.java:38)
	at org.apache.ratis.util.LogUtils$1.run(LogUtils.java:78)
	at org.apache.ratis.util.TimeoutTimer$Task.run(TimeoutTimer.java:55)
	at java.util.TimerThread.mainLoop(Timer.java:555)
	at java.util.TimerThread.run(Timer.java:505)
2024-01-25 07:57:47,123 [timer4] DEBUG client.RaftClient (RaftClientImpl.java:handleIOException(435)) - client-2312CCC7CA78: oldLeader=s0,  curLeader=s1, newLeader=null
2024-01-25 07:57:47,123 [timer4] ERROR impl.OrderedAsync (OrderedAsync.java:lambda$sendRequestWithRetry$6(207)) - client-2312CCC7CA78: Failed* RaftClientRequest:client-2312CCC7CA78->s0@group-796A68A19D2E, cid=69, seq=25, RW, m12
java.util.concurrent.CompletionException: org.apache.ratis.protocol.exceptions.AlreadyClosedException: client-2312CCC7CA78->s0: Stream close: no reply for async request cid=69
	at java.util.concurrent.CompletableFuture.encodeThrowable(CompletableFuture.java:292)
	at java.util.concurrent.CompletableFuture.completeThrowable(CompletableFuture.java:308)
	at java.util.concurrent.CompletableFuture.uniAccept(CompletableFuture.java:661)
	at java.util.concurrent.CompletableFuture$UniAccept.tryFire(CompletableFuture.java:646)
	at java.util.concurrent.CompletableFuture.postComplete(CompletableFuture.java:488)
	at java.util.concurrent.CompletableFuture.completeExceptionally(CompletableFuture.java:1990)
	at org.apache.ratis.grpc.client.GrpcClientProtocolClient$AsyncStreamObservers.completeReplyExceptionally(GrpcClientProtocolClient.java:394)
	at org.apache.ratis.grpc.client.GrpcClientProtocolClient$AsyncStreamObservers.close(GrpcClientProtocolClient.java:383)
	at org.apache.ratis.grpc.client.GrpcClientProtocolClient$AsyncStreamObservers.access$500(GrpcClientProtocolClient.java:300)
	at org.apache.ratis.grpc.client.GrpcClientProtocolClient.lambda$close$3(GrpcClientProtocolClient.java:160)
	at java.util.Optional.ifPresent(Optional.java:159)
	at org.apache.ratis.grpc.client.GrpcClientProtocolClient.close(GrpcClientProtocolClient.java:160)
	at org.apache.ratis.util.PeerProxyMap.closeProxy(PeerProxyMap.java:197)
	at org.apache.ratis.util.PeerProxyMap.lambda$resetProxy$2(PeerProxyMap.java:158)
	at java.util.Optional.map(Optional.java:215)
	at org.apache.ratis.util.PeerProxyMap.resetProxy(PeerProxyMap.java:158)
	at org.apache.ratis.util.PeerProxyMap.handleException(PeerProxyMap.java:165)
	at org.apache.ratis.client.impl.RaftClientRpcWithProxy.handleException(RaftClientRpcWithProxy.java:48)
	at org.apache.ratis.client.impl.RaftClientImpl.handleIOException(RaftClientImpl.java:445)
	at org.apache.ratis.client.impl.OrderedAsync.handleException(OrderedAsync.java:237)
	at org.apache.ratis.client.impl.OrderedAsync.lambda$sendRequestWithRetry$6(OrderedAsync.java:208)
	at java.util.concurrent.CompletableFuture.uniExceptionally(CompletableFuture.java:884)
	at java.util.concurrent.CompletableFuture$UniExceptionally.tryFire(CompletableFuture.java:866)
	at java.util.concurrent.CompletableFuture.postComplete(CompletableFuture.java:488)
	at java.util.concurrent.CompletableFuture.completeExceptionally(CompletableFuture.java:1990)
	at org.apache.ratis.grpc.client.GrpcClientProtocolClient$AsyncStreamObservers.lambda$timeoutCheck$5(GrpcClientProtocolClient.java:373)
	at java.util.Optional.ifPresent(Optional.java:159)
	at org.apache.ratis.grpc.client.GrpcClientProtocolClient$AsyncStreamObservers.handleReplyFuture(GrpcClientProtocolClient.java:378)
	at org.apache.ratis.grpc.client.GrpcClientProtocolClient$AsyncStreamObservers.timeoutCheck(GrpcClientProtocolClient.java:373)
	at org.apache.ratis.grpc.client.GrpcClientProtocolClient$AsyncStreamObservers.lambda$onNext$3(GrpcClientProtocolClient.java:366)
	at org.apache.ratis.util.TimeoutTimer.lambda$onTimeout$2(TimeoutTimer.java:101)
	at org.apache.ratis.util.LogUtils.runAndLog(LogUtils.java:38)
	at org.apache.ratis.util.LogUtils$1.run(LogUtils.java:78)
	at org.apache.ratis.util.TimeoutTimer$Task.run(TimeoutTimer.java:55)
	at java.util.TimerThread.mainLoop(Timer.java:555)
	at java.util.TimerThread.run(Timer.java:505)
Caused by: org.apache.ratis.protocol.exceptions.AlreadyClosedException: client-2312CCC7CA78->s0: Stream close: no reply for async request cid=69
	at org.apache.ratis.grpc.client.GrpcClientProtocolClient$AsyncStreamObservers.completeReplyExceptionally(GrpcClientProtocolClient.java:396)
	... 29 more
2024-01-25 07:57:47,123 [timer4] DEBUG client.RaftClient (RaftClientImpl.java:handleIOException(417)) - client-2312CCC7CA78: suggested new leader: null. Failed RaftClientRequest:client-2312CCC7CA78->s0@group-796A68A19D2E, cid=69, seq=25, RW, m12
org.apache.ratis.protocol.exceptions.AlreadyClosedException: client-2312CCC7CA78->s0: Stream close: no reply for async request cid=69
	at org.apache.ratis.grpc.client.GrpcClientProtocolClient$AsyncStreamObservers.completeReplyExceptionally(GrpcClientProtocolClient.java:396)
	at org.apache.ratis.grpc.client.GrpcClientProtocolClient$AsyncStreamObservers.close(GrpcClientProtocolClient.java:383)
	at org.apache.ratis.grpc.client.GrpcClientProtocolClient$AsyncStreamObservers.access$500(GrpcClientProtocolClient.java:300)
	at org.apache.ratis.grpc.client.GrpcClientProtocolClient.lambda$close$3(GrpcClientProtocolClient.java:160)
	at java.util.Optional.ifPresent(Optional.java:159)
	at org.apache.ratis.grpc.client.GrpcClientProtocolClient.close(GrpcClientProtocolClient.java:160)
	at org.apache.ratis.util.PeerProxyMap.closeProxy(PeerProxyMap.java:197)
	at org.apache.ratis.util.PeerProxyMap.lambda$resetProxy$2(PeerProxyMap.java:158)
	at java.util.Optional.map(Optional.java:215)
	at org.apache.ratis.util.PeerProxyMap.resetProxy(PeerProxyMap.java:158)
	at org.apache.ratis.util.PeerProxyMap.handleException(PeerProxyMap.java:165)
	at org.apache.ratis.client.impl.RaftClientRpcWithProxy.handleException(RaftClientRpcWithProxy.java:48)
	at org.apache.ratis.client.impl.RaftClientImpl.handleIOException(RaftClientImpl.java:445)
	at org.apache.ratis.client.impl.OrderedAsync.handleException(OrderedAsync.java:237)
	at org.apache.ratis.client.impl.OrderedAsync.lambda$sendRequestWithRetry$6(OrderedAsync.java:208)
	at java.util.concurrent.CompletableFuture.uniExceptionally(CompletableFuture.java:884)
	at java.util.concurrent.CompletableFuture$UniExceptionally.tryFire(CompletableFuture.java:866)
	at java.util.concurrent.CompletableFuture.postComplete(CompletableFuture.java:488)
	at java.util.concurrent.CompletableFuture.completeExceptionally(CompletableFuture.java:1990)
	at org.apache.ratis.grpc.client.GrpcClientProtocolClient$AsyncStreamObservers.lambda$timeoutCheck$5(GrpcClientProtocolClient.java:373)
	at java.util.Optional.ifPresent(Optional.java:159)
	at org.apache.ratis.grpc.client.GrpcClientProtocolClient$AsyncStreamObservers.handleReplyFuture(GrpcClientProtocolClient.java:378)
	at org.apache.ratis.grpc.client.GrpcClientProtocolClient$AsyncStreamObservers.timeoutCheck(GrpcClientProtocolClient.java:373)
	at org.apache.ratis.grpc.client.GrpcClientProtocolClient$AsyncStreamObservers.lambda$onNext$3(GrpcClientProtocolClient.java:366)
	at org.apache.ratis.util.TimeoutTimer.lambda$onTimeout$2(TimeoutTimer.java:101)
	at org.apache.ratis.util.LogUtils.runAndLog(LogUtils.java:38)
	at org.apache.ratis.util.LogUtils$1.run(LogUtils.java:78)
	at org.apache.ratis.util.TimeoutTimer$Task.run(TimeoutTimer.java:55)
	at java.util.TimerThread.mainLoop(Timer.java:555)
	at java.util.TimerThread.run(Timer.java:505)
2024-01-25 07:57:47,124 [timer4] TRACE client.RaftClient (RaftClientImpl.java:handleIOException(419)) - Stack trace
java.lang.Throwable: TRACE
	at org.apache.ratis.client.impl.RaftClientImpl.handleIOException(RaftClientImpl.java:419)
	at org.apache.ratis.client.impl.OrderedAsync.handleException(OrderedAsync.java:237)
	at org.apache.ratis.client.impl.OrderedAsync.lambda$sendRequestWithRetry$6(OrderedAsync.java:208)
	at java.util.concurrent.CompletableFuture.uniExceptionally(CompletableFuture.java:884)
	at java.util.concurrent.CompletableFuture$UniExceptionally.tryFire(CompletableFuture.java:866)
	at java.util.concurrent.CompletableFuture.postComplete(CompletableFuture.java:488)
	at java.util.concurrent.CompletableFuture.completeExceptionally(CompletableFuture.java:1990)
	at org.apache.ratis.grpc.client.GrpcClientProtocolClient$AsyncStreamObservers.completeReplyExceptionally(GrpcClientProtocolClient.java:394)
	at org.apache.ratis.grpc.client.GrpcClientProtocolClient$AsyncStreamObservers.close(GrpcClientProtocolClient.java:383)
	at org.apache.ratis.grpc.client.GrpcClientProtocolClient$AsyncStreamObservers.access$500(GrpcClientProtocolClient.java:300)
	at org.apache.ratis.grpc.client.GrpcClientProtocolClient.lambda$close$3(GrpcClientProtocolClient.java:160)
	at java.util.Optional.ifPresent(Optional.java:159)
	at org.apache.ratis.grpc.client.GrpcClientProtocolClient.close(GrpcClientProtocolClient.java:160)
	at org.apache.ratis.util.PeerProxyMap.closeProxy(PeerProxyMap.java:197)
	at org.apache.ratis.util.PeerProxyMap.lambda$resetProxy$2(PeerProxyMap.java:158)
	at java.util.Optional.map(Optional.java:215)
	at org.apache.ratis.util.PeerProxyMap.resetProxy(PeerProxyMap.java:158)
	at org.apache.ratis.util.PeerProxyMap.handleException(PeerProxyMap.java:165)
	at org.apache.ratis.client.impl.RaftClientRpcWithProxy.handleException(RaftClientRpcWithProxy.java:48)
	at org.apache.ratis.client.impl.RaftClientImpl.handleIOException(RaftClientImpl.java:445)
	at org.apache.ratis.client.impl.OrderedAsync.handleException(OrderedAsync.java:237)
	at org.apache.ratis.client.impl.OrderedAsync.lambda$sendRequestWithRetry$6(OrderedAsync.java:208)
	at java.util.concurrent.CompletableFuture.uniExceptionally(CompletableFuture.java:884)
	at java.util.concurrent.CompletableFuture$UniExceptionally.tryFire(CompletableFuture.java:866)
	at java.util.concurrent.CompletableFuture.postComplete(CompletableFuture.java:488)
	at java.util.concurrent.CompletableFuture.completeExceptionally(CompletableFuture.java:1990)
	at org.apache.ratis.grpc.client.GrpcClientProtocolClient$AsyncStreamObservers.lambda$timeoutCheck$5(GrpcClientProtocolClient.java:373)
	at java.util.Optional.ifPresent(Optional.java:159)
	at org.apache.ratis.grpc.client.GrpcClientProtocolClient$AsyncStreamObservers.handleReplyFuture(GrpcClientProtocolClient.java:378)
	at org.apache.ratis.grpc.client.GrpcClientProtocolClient$AsyncStreamObservers.timeoutCheck(GrpcClientProtocolClient.java:373)
	at org.apache.ratis.grpc.client.GrpcClientProtocolClient$AsyncStreamObservers.lambda$onNext$3(GrpcClientProtocolClient.java:366)
	at org.apache.ratis.util.TimeoutTimer.lambda$onTimeout$2(TimeoutTimer.java:101)
	at org.apache.ratis.util.LogUtils.runAndLog(LogUtils.java:38)
	at org.apache.ratis.util.LogUtils$1.run(LogUtils.java:78)
	at org.apache.ratis.util.TimeoutTimer$Task.run(TimeoutTimer.java:55)
	at java.util.TimerThread.mainLoop(Timer.java:555)
	at java.util.TimerThread.run(Timer.java:505)
2024-01-25 07:57:47,124 [timer4] DEBUG client.RaftClient (RaftClientImpl.java:handleIOException(435)) - client-2312CCC7CA78: oldLeader=s0,  curLeader=s1, newLeader=null
2024-01-25 07:57:47,124 [timer4] ERROR impl.OrderedAsync (OrderedAsync.java:lambda$sendRequestWithRetry$6(207)) - client-2312CCC7CA78: Failed* RaftClientRequest:client-2312CCC7CA78->s0@group-796A68A19D2E, cid=70, seq=26, RW, m13
java.util.concurrent.CompletionException: org.apache.ratis.protocol.exceptions.AlreadyClosedException: client-2312CCC7CA78->s0: Stream close: no reply for async request cid=70
	at java.util.concurrent.CompletableFuture.encodeThrowable(CompletableFuture.java:292)
	at java.util.concurrent.CompletableFuture.completeThrowable(CompletableFuture.java:308)
	at java.util.concurrent.CompletableFuture.uniAccept(CompletableFuture.java:661)
	at java.util.concurrent.CompletableFuture$UniAccept.tryFire(CompletableFuture.java:646)
	at java.util.concurrent.CompletableFuture.postComplete(CompletableFuture.java:488)
	at java.util.concurrent.CompletableFuture.completeExceptionally(CompletableFuture.java:1990)
	at org.apache.ratis.grpc.client.GrpcClientProtocolClient$AsyncStreamObservers.completeReplyExceptionally(GrpcClientProtocolClient.java:394)
	at org.apache.ratis.grpc.client.GrpcClientProtocolClient$AsyncStreamObservers.close(GrpcClientProtocolClient.java:383)
	at org.apache.ratis.grpc.client.GrpcClientProtocolClient$AsyncStreamObservers.access$500(GrpcClientProtocolClient.java:300)
	at org.apache.ratis.grpc.client.GrpcClientProtocolClient.lambda$close$3(GrpcClientProtocolClient.java:160)
	at java.util.Optional.ifPresent(Optional.java:159)
	at org.apache.ratis.grpc.client.GrpcClientProtocolClient.close(GrpcClientProtocolClient.java:160)
	at org.apache.ratis.util.PeerProxyMap.closeProxy(PeerProxyMap.java:197)
	at org.apache.ratis.util.PeerProxyMap.lambda$resetProxy$2(PeerProxyMap.java:158)
	at java.util.Optional.map(Optional.java:215)
	at org.apache.ratis.util.PeerProxyMap.resetProxy(PeerProxyMap.java:158)
	at org.apache.ratis.util.PeerProxyMap.handleException(PeerProxyMap.java:165)
	at org.apache.ratis.client.impl.RaftClientRpcWithProxy.handleException(RaftClientRpcWithProxy.java:48)
	at org.apache.ratis.client.impl.RaftClientImpl.handleIOException(RaftClientImpl.java:445)
	at org.apache.ratis.client.impl.OrderedAsync.handleException(OrderedAsync.java:237)
	at org.apache.ratis.client.impl.OrderedAsync.lambda$sendRequestWithRetry$6(OrderedAsync.java:208)
	at java.util.concurrent.CompletableFuture.uniExceptionally(CompletableFuture.java:884)
	at java.util.concurrent.CompletableFuture$UniExceptionally.tryFire(CompletableFuture.java:866)
	at java.util.concurrent.CompletableFuture.postComplete(CompletableFuture.java:488)
	at java.util.concurrent.CompletableFuture.completeExceptionally(CompletableFuture.java:1990)
	at org.apache.ratis.grpc.client.GrpcClientProtocolClient$AsyncStreamObservers.lambda$timeoutCheck$5(GrpcClientProtocolClient.java:373)
	at java.util.Optional.ifPresent(Optional.java:159)
	at org.apache.ratis.grpc.client.GrpcClientProtocolClient$AsyncStreamObservers.handleReplyFuture(GrpcClientProtocolClient.java:378)
	at org.apache.ratis.grpc.client.GrpcClientProtocolClient$AsyncStreamObservers.timeoutCheck(GrpcClientProtocolClient.java:373)
	at org.apache.ratis.grpc.client.GrpcClientProtocolClient$AsyncStreamObservers.lambda$onNext$3(GrpcClientProtocolClient.java:366)
	at org.apache.ratis.util.TimeoutTimer.lambda$onTimeout$2(TimeoutTimer.java:101)
	at org.apache.ratis.util.LogUtils.runAndLog(LogUtils.java:38)
	at org.apache.ratis.util.LogUtils$1.run(LogUtils.java:78)
	at org.apache.ratis.util.TimeoutTimer$Task.run(TimeoutTimer.java:55)
	at java.util.TimerThread.mainLoop(Timer.java:555)
	at java.util.TimerThread.run(Timer.java:505)
Caused by: org.apache.ratis.protocol.exceptions.AlreadyClosedException: client-2312CCC7CA78->s0: Stream close: no reply for async request cid=70
	at org.apache.ratis.grpc.client.GrpcClientProtocolClient$AsyncStreamObservers.completeReplyExceptionally(GrpcClientProtocolClient.java:396)
	... 29 more
2024-01-25 07:57:47,124 [timer4] DEBUG client.RaftClient (RaftClientImpl.java:handleIOException(417)) - client-2312CCC7CA78: suggested new leader: null. Failed RaftClientRequest:client-2312CCC7CA78->s0@group-796A68A19D2E, cid=70, seq=26, RW, m13
org.apache.ratis.protocol.exceptions.AlreadyClosedException: client-2312CCC7CA78->s0: Stream close: no reply for async request cid=70
	at org.apache.ratis.grpc.client.GrpcClientProtocolClient$AsyncStreamObservers.completeReplyExceptionally(GrpcClientProtocolClient.java:396)
	at org.apache.ratis.grpc.client.GrpcClientProtocolClient$AsyncStreamObservers.close(GrpcClientProtocolClient.java:383)
	at org.apache.ratis.grpc.client.GrpcClientProtocolClient$AsyncStreamObservers.access$500(GrpcClientProtocolClient.java:300)
	at org.apache.ratis.grpc.client.GrpcClientProtocolClient.lambda$close$3(GrpcClientProtocolClient.java:160)
	at java.util.Optional.ifPresent(Optional.java:159)
	at org.apache.ratis.grpc.client.GrpcClientProtocolClient.close(GrpcClientProtocolClient.java:160)
	at org.apache.ratis.util.PeerProxyMap.closeProxy(PeerProxyMap.java:197)
	at org.apache.ratis.util.PeerProxyMap.lambda$resetProxy$2(PeerProxyMap.java:158)
	at java.util.Optional.map(Optional.java:215)
	at org.apache.ratis.util.PeerProxyMap.resetProxy(PeerProxyMap.java:158)
	at org.apache.ratis.util.PeerProxyMap.handleException(PeerProxyMap.java:165)
	at org.apache.ratis.client.impl.RaftClientRpcWithProxy.handleException(RaftClientRpcWithProxy.java:48)
	at org.apache.ratis.client.impl.RaftClientImpl.handleIOException(RaftClientImpl.java:445)
	at org.apache.ratis.client.impl.OrderedAsync.handleException(OrderedAsync.java:237)
	at org.apache.ratis.client.impl.OrderedAsync.lambda$sendRequestWithRetry$6(OrderedAsync.java:208)
	at java.util.concurrent.CompletableFuture.uniExceptionally(CompletableFuture.java:884)
	at java.util.concurrent.CompletableFuture$UniExceptionally.tryFire(CompletableFuture.java:866)
	at java.util.concurrent.CompletableFuture.postComplete(CompletableFuture.java:488)
	at java.util.concurrent.CompletableFuture.completeExceptionally(CompletableFuture.java:1990)
	at org.apache.ratis.grpc.client.GrpcClientProtocolClient$AsyncStreamObservers.lambda$timeoutCheck$5(GrpcClientProtocolClient.java:373)
	at java.util.Optional.ifPresent(Optional.java:159)
	at org.apache.ratis.grpc.client.GrpcClientProtocolClient$AsyncStreamObservers.handleReplyFuture(GrpcClientProtocolClient.java:378)
	at org.apache.ratis.grpc.client.GrpcClientProtocolClient$AsyncStreamObservers.timeoutCheck(GrpcClientProtocolClient.java:373)
	at org.apache.ratis.grpc.client.GrpcClientProtocolClient$AsyncStreamObservers.lambda$onNext$3(GrpcClientProtocolClient.java:366)
	at org.apache.ratis.util.TimeoutTimer.lambda$onTimeout$2(TimeoutTimer.java:101)
	at org.apache.ratis.util.LogUtils.runAndLog(LogUtils.java:38)
	at org.apache.ratis.util.LogUtils$1.run(LogUtils.java:78)
	at org.apache.ratis.util.TimeoutTimer$Task.run(TimeoutTimer.java:55)
	at java.util.TimerThread.mainLoop(Timer.java:555)
	at java.util.TimerThread.run(Timer.java:505)
2024-01-25 07:57:47,124 [timer4] TRACE client.RaftClient (RaftClientImpl.java:handleIOException(419)) - Stack trace
java.lang.Throwable: TRACE
	at org.apache.ratis.client.impl.RaftClientImpl.handleIOException(RaftClientImpl.java:419)
	at org.apache.ratis.client.impl.OrderedAsync.handleException(OrderedAsync.java:237)
	at org.apache.ratis.client.impl.OrderedAsync.lambda$sendRequestWithRetry$6(OrderedAsync.java:208)
	at java.util.concurrent.CompletableFuture.uniExceptionally(CompletableFuture.java:884)
	at java.util.concurrent.CompletableFuture$UniExceptionally.tryFire(CompletableFuture.java:866)
	at java.util.concurrent.CompletableFuture.postComplete(CompletableFuture.java:488)
	at java.util.concurrent.CompletableFuture.completeExceptionally(CompletableFuture.java:1990)
	at org.apache.ratis.grpc.client.GrpcClientProtocolClient$AsyncStreamObservers.completeReplyExceptionally(GrpcClientProtocolClient.java:394)
	at org.apache.ratis.grpc.client.GrpcClientProtocolClient$AsyncStreamObservers.close(GrpcClientProtocolClient.java:383)
	at org.apache.ratis.grpc.client.GrpcClientProtocolClient$AsyncStreamObservers.access$500(GrpcClientProtocolClient.java:300)
	at org.apache.ratis.grpc.client.GrpcClientProtocolClient.lambda$close$3(GrpcClientProtocolClient.java:160)
	at java.util.Optional.ifPresent(Optional.java:159)
	at org.apache.ratis.grpc.client.GrpcClientProtocolClient.close(GrpcClientProtocolClient.java:160)
	at org.apache.ratis.util.PeerProxyMap.closeProxy(PeerProxyMap.java:197)
	at org.apache.ratis.util.PeerProxyMap.lambda$resetProxy$2(PeerProxyMap.java:158)
	at java.util.Optional.map(Optional.java:215)
	at org.apache.ratis.util.PeerProxyMap.resetProxy(PeerProxyMap.java:158)
	at org.apache.ratis.util.PeerProxyMap.handleException(PeerProxyMap.java:165)
	at org.apache.ratis.client.impl.RaftClientRpcWithProxy.handleException(RaftClientRpcWithProxy.java:48)
	at org.apache.ratis.client.impl.RaftClientImpl.handleIOException(RaftClientImpl.java:445)
	at org.apache.ratis.client.impl.OrderedAsync.handleException(OrderedAsync.java:237)
	at org.apache.ratis.client.impl.OrderedAsync.lambda$sendRequestWithRetry$6(OrderedAsync.java:208)
	at java.util.concurrent.CompletableFuture.uniExceptionally(CompletableFuture.java:884)
	at java.util.concurrent.CompletableFuture$UniExceptionally.tryFire(CompletableFuture.java:866)
	at java.util.concurrent.CompletableFuture.postComplete(CompletableFuture.java:488)
	at java.util.concurrent.CompletableFuture.completeExceptionally(CompletableFuture.java:1990)
	at org.apache.ratis.grpc.client.GrpcClientProtocolClient$AsyncStreamObservers.lambda$timeoutCheck$5(GrpcClientProtocolClient.java:373)
	at java.util.Optional.ifPresent(Optional.java:159)
	at org.apache.ratis.grpc.client.GrpcClientProtocolClient$AsyncStreamObservers.handleReplyFuture(GrpcClientProtocolClient.java:378)
	at org.apache.ratis.grpc.client.GrpcClientProtocolClient$AsyncStreamObservers.timeoutCheck(GrpcClientProtocolClient.java:373)
	at org.apache.ratis.grpc.client.GrpcClientProtocolClient$AsyncStreamObservers.lambda$onNext$3(GrpcClientProtocolClient.java:366)
	at org.apache.ratis.util.TimeoutTimer.lambda$onTimeout$2(TimeoutTimer.java:101)
	at org.apache.ratis.util.LogUtils.runAndLog(LogUtils.java:38)
	at org.apache.ratis.util.LogUtils$1.run(LogUtils.java:78)
	at org.apache.ratis.util.TimeoutTimer$Task.run(TimeoutTimer.java:55)
	at java.util.TimerThread.mainLoop(Timer.java:555)
	at java.util.TimerThread.run(Timer.java:505)
2024-01-25 07:57:47,125 [timer4] DEBUG client.RaftClient (RaftClientImpl.java:handleIOException(435)) - client-2312CCC7CA78: oldLeader=s0,  curLeader=s1, newLeader=null
2024-01-25 07:57:47,125 [timer4] ERROR impl.OrderedAsync (OrderedAsync.java:lambda$sendRequestWithRetry$6(207)) - client-2312CCC7CA78: Failed* RaftClientRequest:client-2312CCC7CA78->s0@group-796A68A19D2E, cid=71, seq=27, RW, m14
java.util.concurrent.CompletionException: org.apache.ratis.protocol.exceptions.AlreadyClosedException: client-2312CCC7CA78->s0: Stream close: no reply for async request cid=71
	at java.util.concurrent.CompletableFuture.encodeThrowable(CompletableFuture.java:292)
	at java.util.concurrent.CompletableFuture.completeThrowable(CompletableFuture.java:308)
	at java.util.concurrent.CompletableFuture.uniAccept(CompletableFuture.java:661)
	at java.util.concurrent.CompletableFuture$UniAccept.tryFire(CompletableFuture.java:646)
	at java.util.concurrent.CompletableFuture.postComplete(CompletableFuture.java:488)
	at java.util.concurrent.CompletableFuture.completeExceptionally(CompletableFuture.java:1990)
	at org.apache.ratis.grpc.client.GrpcClientProtocolClient$AsyncStreamObservers.completeReplyExceptionally(GrpcClientProtocolClient.java:394)
	at org.apache.ratis.grpc.client.GrpcClientProtocolClient$AsyncStreamObservers.close(GrpcClientProtocolClient.java:383)
	at org.apache.ratis.grpc.client.GrpcClientProtocolClient$AsyncStreamObservers.access$500(GrpcClientProtocolClient.java:300)
	at org.apache.ratis.grpc.client.GrpcClientProtocolClient.lambda$close$3(GrpcClientProtocolClient.java:160)
	at java.util.Optional.ifPresent(Optional.java:159)
	at org.apache.ratis.grpc.client.GrpcClientProtocolClient.close(GrpcClientProtocolClient.java:160)
	at org.apache.ratis.util.PeerProxyMap.closeProxy(PeerProxyMap.java:197)
	at org.apache.ratis.util.PeerProxyMap.lambda$resetProxy$2(PeerProxyMap.java:158)
	at java.util.Optional.map(Optional.java:215)
	at org.apache.ratis.util.PeerProxyMap.resetProxy(PeerProxyMap.java:158)
	at org.apache.ratis.util.PeerProxyMap.handleException(PeerProxyMap.java:165)
	at org.apache.ratis.client.impl.RaftClientRpcWithProxy.handleException(RaftClientRpcWithProxy.java:48)
	at org.apache.ratis.client.impl.RaftClientImpl.handleIOException(RaftClientImpl.java:445)
	at org.apache.ratis.client.impl.OrderedAsync.handleException(OrderedAsync.java:237)
	at org.apache.ratis.client.impl.OrderedAsync.lambda$sendRequestWithRetry$6(OrderedAsync.java:208)
	at java.util.concurrent.CompletableFuture.uniExceptionally(CompletableFuture.java:884)
	at java.util.concurrent.CompletableFuture$UniExceptionally.tryFire(CompletableFuture.java:866)
	at java.util.concurrent.CompletableFuture.postComplete(CompletableFuture.java:488)
	at java.util.concurrent.CompletableFuture.completeExceptionally(CompletableFuture.java:1990)
	at org.apache.ratis.grpc.client.GrpcClientProtocolClient$AsyncStreamObservers.lambda$timeoutCheck$5(GrpcClientProtocolClient.java:373)
	at java.util.Optional.ifPresent(Optional.java:159)
	at org.apache.ratis.grpc.client.GrpcClientProtocolClient$AsyncStreamObservers.handleReplyFuture(GrpcClientProtocolClient.java:378)
	at org.apache.ratis.grpc.client.GrpcClientProtocolClient$AsyncStreamObservers.timeoutCheck(GrpcClientProtocolClient.java:373)
	at org.apache.ratis.grpc.client.GrpcClientProtocolClient$AsyncStreamObservers.lambda$onNext$3(GrpcClientProtocolClient.java:366)
	at org.apache.ratis.util.TimeoutTimer.lambda$onTimeout$2(TimeoutTimer.java:101)
	at org.apache.ratis.util.LogUtils.runAndLog(LogUtils.java:38)
	at org.apache.ratis.util.LogUtils$1.run(LogUtils.java:78)
	at org.apache.ratis.util.TimeoutTimer$Task.run(TimeoutTimer.java:55)
	at java.util.TimerThread.mainLoop(Timer.java:555)
	at java.util.TimerThread.run(Timer.java:505)
Caused by: org.apache.ratis.protocol.exceptions.AlreadyClosedException: client-2312CCC7CA78->s0: Stream close: no reply for async request cid=71
	at org.apache.ratis.grpc.client.GrpcClientProtocolClient$AsyncStreamObservers.completeReplyExceptionally(GrpcClientProtocolClient.java:396)
	... 29 more
2024-01-25 07:57:47,125 [timer4] DEBUG client.RaftClient (RaftClientImpl.java:handleIOException(417)) - client-2312CCC7CA78: suggested new leader: null. Failed RaftClientRequest:client-2312CCC7CA78->s0@group-796A68A19D2E, cid=71, seq=27, RW, m14
org.apache.ratis.protocol.exceptions.AlreadyClosedException: client-2312CCC7CA78->s0: Stream close: no reply for async request cid=71
	at org.apache.ratis.grpc.client.GrpcClientProtocolClient$AsyncStreamObservers.completeReplyExceptionally(GrpcClientProtocolClient.java:396)
	at org.apache.ratis.grpc.client.GrpcClientProtocolClient$AsyncStreamObservers.close(GrpcClientProtocolClient.java:383)
	at org.apache.ratis.grpc.client.GrpcClientProtocolClient$AsyncStreamObservers.access$500(GrpcClientProtocolClient.java:300)
	at org.apache.ratis.grpc.client.GrpcClientProtocolClient.lambda$close$3(GrpcClientProtocolClient.java:160)
	at java.util.Optional.ifPresent(Optional.java:159)
	at org.apache.ratis.grpc.client.GrpcClientProtocolClient.close(GrpcClientProtocolClient.java:160)
	at org.apache.ratis.util.PeerProxyMap.closeProxy(PeerProxyMap.java:197)
	at org.apache.ratis.util.PeerProxyMap.lambda$resetProxy$2(PeerProxyMap.java:158)
	at java.util.Optional.map(Optional.java:215)
	at org.apache.ratis.util.PeerProxyMap.resetProxy(PeerProxyMap.java:158)
	at org.apache.ratis.util.PeerProxyMap.handleException(PeerProxyMap.java:165)
	at org.apache.ratis.client.impl.RaftClientRpcWithProxy.handleException(RaftClientRpcWithProxy.java:48)
	at org.apache.ratis.client.impl.RaftClientImpl.handleIOException(RaftClientImpl.java:445)
	at org.apache.ratis.client.impl.OrderedAsync.handleException(OrderedAsync.java:237)
	at org.apache.ratis.client.impl.OrderedAsync.lambda$sendRequestWithRetry$6(OrderedAsync.java:208)
	at java.util.concurrent.CompletableFuture.uniExceptionally(CompletableFuture.java:884)
	at java.util.concurrent.CompletableFuture$UniExceptionally.tryFire(CompletableFuture.java:866)
	at java.util.concurrent.CompletableFuture.postComplete(CompletableFuture.java:488)
	at java.util.concurrent.CompletableFuture.completeExceptionally(CompletableFuture.java:1990)
	at org.apache.ratis.grpc.client.GrpcClientProtocolClient$AsyncStreamObservers.lambda$timeoutCheck$5(GrpcClientProtocolClient.java:373)
	at java.util.Optional.ifPresent(Optional.java:159)
	at org.apache.ratis.grpc.client.GrpcClientProtocolClient$AsyncStreamObservers.handleReplyFuture(GrpcClientProtocolClient.java:378)
	at org.apache.ratis.grpc.client.GrpcClientProtocolClient$AsyncStreamObservers.timeoutCheck(GrpcClientProtocolClient.java:373)
	at org.apache.ratis.grpc.client.GrpcClientProtocolClient$AsyncStreamObservers.lambda$onNext$3(GrpcClientProtocolClient.java:366)
	at org.apache.ratis.util.TimeoutTimer.lambda$onTimeout$2(TimeoutTimer.java:101)
	at org.apache.ratis.util.LogUtils.runAndLog(LogUtils.java:38)
	at org.apache.ratis.util.LogUtils$1.run(LogUtils.java:78)
	at org.apache.ratis.util.TimeoutTimer$Task.run(TimeoutTimer.java:55)
	at java.util.TimerThread.mainLoop(Timer.java:555)
	at java.util.TimerThread.run(Timer.java:505)
2024-01-25 07:57:47,125 [timer4] TRACE client.RaftClient (RaftClientImpl.java:handleIOException(419)) - Stack trace
java.lang.Throwable: TRACE
	at org.apache.ratis.client.impl.RaftClientImpl.handleIOException(RaftClientImpl.java:419)
	at org.apache.ratis.client.impl.OrderedAsync.handleException(OrderedAsync.java:237)
	at org.apache.ratis.client.impl.OrderedAsync.lambda$sendRequestWithRetry$6(OrderedAsync.java:208)
	at java.util.concurrent.CompletableFuture.uniExceptionally(CompletableFuture.java:884)
	at java.util.concurrent.CompletableFuture$UniExceptionally.tryFire(CompletableFuture.java:866)
	at java.util.concurrent.CompletableFuture.postComplete(CompletableFuture.java:488)
	at java.util.concurrent.CompletableFuture.completeExceptionally(CompletableFuture.java:1990)
	at org.apache.ratis.grpc.client.GrpcClientProtocolClient$AsyncStreamObservers.completeReplyExceptionally(GrpcClientProtocolClient.java:394)
	at org.apache.ratis.grpc.client.GrpcClientProtocolClient$AsyncStreamObservers.close(GrpcClientProtocolClient.java:383)
	at org.apache.ratis.grpc.client.GrpcClientProtocolClient$AsyncStreamObservers.access$500(GrpcClientProtocolClient.java:300)
	at org.apache.ratis.grpc.client.GrpcClientProtocolClient.lambda$close$3(GrpcClientProtocolClient.java:160)
	at java.util.Optional.ifPresent(Optional.java:159)
	at org.apache.ratis.grpc.client.GrpcClientProtocolClient.close(GrpcClientProtocolClient.java:160)
	at org.apache.ratis.util.PeerProxyMap.closeProxy(PeerProxyMap.java:197)
	at org.apache.ratis.util.PeerProxyMap.lambda$resetProxy$2(PeerProxyMap.java:158)
	at java.util.Optional.map(Optional.java:215)
	at org.apache.ratis.util.PeerProxyMap.resetProxy(PeerProxyMap.java:158)
	at org.apache.ratis.util.PeerProxyMap.handleException(PeerProxyMap.java:165)
	at org.apache.ratis.client.impl.RaftClientRpcWithProxy.handleException(RaftClientRpcWithProxy.java:48)
	at org.apache.ratis.client.impl.RaftClientImpl.handleIOException(RaftClientImpl.java:445)
	at org.apache.ratis.client.impl.OrderedAsync.handleException(OrderedAsync.java:237)
	at org.apache.ratis.client.impl.OrderedAsync.lambda$sendRequestWithRetry$6(OrderedAsync.java:208)
	at java.util.concurrent.CompletableFuture.uniExceptionally(CompletableFuture.java:884)
	at java.util.concurrent.CompletableFuture$UniExceptionally.tryFire(CompletableFuture.java:866)
	at java.util.concurrent.CompletableFuture.postComplete(CompletableFuture.java:488)
	at java.util.concurrent.CompletableFuture.completeExceptionally(CompletableFuture.java:1990)
	at org.apache.ratis.grpc.client.GrpcClientProtocolClient$AsyncStreamObservers.lambda$timeoutCheck$5(GrpcClientProtocolClient.java:373)
	at java.util.Optional.ifPresent(Optional.java:159)
	at org.apache.ratis.grpc.client.GrpcClientProtocolClient$AsyncStreamObservers.handleReplyFuture(GrpcClientProtocolClient.java:378)
	at org.apache.ratis.grpc.client.GrpcClientProtocolClient$AsyncStreamObservers.timeoutCheck(GrpcClientProtocolClient.java:373)
	at org.apache.ratis.grpc.client.GrpcClientProtocolClient$AsyncStreamObservers.lambda$onNext$3(GrpcClientProtocolClient.java:366)
	at org.apache.ratis.util.TimeoutTimer.lambda$onTimeout$2(TimeoutTimer.java:101)
	at org.apache.ratis.util.LogUtils.runAndLog(LogUtils.java:38)
	at org.apache.ratis.util.LogUtils$1.run(LogUtils.java:78)
	at org.apache.ratis.util.TimeoutTimer$Task.run(TimeoutTimer.java:55)
	at java.util.TimerThread.mainLoop(Timer.java:555)
	at java.util.TimerThread.run(Timer.java:505)
2024-01-25 07:57:47,126 [timer4] DEBUG client.RaftClient (RaftClientImpl.java:handleIOException(435)) - client-2312CCC7CA78: oldLeader=s0,  curLeader=s1, newLeader=null
2024-01-25 07:57:47,126 [timer4] ERROR impl.OrderedAsync (OrderedAsync.java:lambda$sendRequestWithRetry$6(207)) - client-2312CCC7CA78: Failed* RaftClientRequest:client-2312CCC7CA78->s0@group-796A68A19D2E, cid=72, seq=28, RW, m15
java.util.concurrent.CompletionException: org.apache.ratis.protocol.exceptions.AlreadyClosedException: client-2312CCC7CA78->s0: Stream close: no reply for async request cid=72
	at java.util.concurrent.CompletableFuture.encodeThrowable(CompletableFuture.java:292)
	at java.util.concurrent.CompletableFuture.completeThrowable(CompletableFuture.java:308)
	at java.util.concurrent.CompletableFuture.uniAccept(CompletableFuture.java:661)
	at java.util.concurrent.CompletableFuture$UniAccept.tryFire(CompletableFuture.java:646)
	at java.util.concurrent.CompletableFuture.postComplete(CompletableFuture.java:488)
	at java.util.concurrent.CompletableFuture.completeExceptionally(CompletableFuture.java:1990)
	at org.apache.ratis.grpc.client.GrpcClientProtocolClient$AsyncStreamObservers.completeReplyExceptionally(GrpcClientProtocolClient.java:394)
	at org.apache.ratis.grpc.client.GrpcClientProtocolClient$AsyncStreamObservers.close(GrpcClientProtocolClient.java:383)
	at org.apache.ratis.grpc.client.GrpcClientProtocolClient$AsyncStreamObservers.access$500(GrpcClientProtocolClient.java:300)
	at org.apache.ratis.grpc.client.GrpcClientProtocolClient.lambda$close$3(GrpcClientProtocolClient.java:160)
	at java.util.Optional.ifPresent(Optional.java:159)
	at org.apache.ratis.grpc.client.GrpcClientProtocolClient.close(GrpcClientProtocolClient.java:160)
	at org.apache.ratis.util.PeerProxyMap.closeProxy(PeerProxyMap.java:197)
	at org.apache.ratis.util.PeerProxyMap.lambda$resetProxy$2(PeerProxyMap.java:158)
	at java.util.Optional.map(Optional.java:215)
	at org.apache.ratis.util.PeerProxyMap.resetProxy(PeerProxyMap.java:158)
	at org.apache.ratis.util.PeerProxyMap.handleException(PeerProxyMap.java:165)
	at org.apache.ratis.client.impl.RaftClientRpcWithProxy.handleException(RaftClientRpcWithProxy.java:48)
	at org.apache.ratis.client.impl.RaftClientImpl.handleIOException(RaftClientImpl.java:445)
	at org.apache.ratis.client.impl.OrderedAsync.handleException(OrderedAsync.java:237)
	at org.apache.ratis.client.impl.OrderedAsync.lambda$sendRequestWithRetry$6(OrderedAsync.java:208)
	at java.util.concurrent.CompletableFuture.uniExceptionally(CompletableFuture.java:884)
	at java.util.concurrent.CompletableFuture$UniExceptionally.tryFire(CompletableFuture.java:866)
	at java.util.concurrent.CompletableFuture.postComplete(CompletableFuture.java:488)
	at java.util.concurrent.CompletableFuture.completeExceptionally(CompletableFuture.java:1990)
	at org.apache.ratis.grpc.client.GrpcClientProtocolClient$AsyncStreamObservers.lambda$timeoutCheck$5(GrpcClientProtocolClient.java:373)
	at java.util.Optional.ifPresent(Optional.java:159)
	at org.apache.ratis.grpc.client.GrpcClientProtocolClient$AsyncStreamObservers.handleReplyFuture(GrpcClientProtocolClient.java:378)
	at org.apache.ratis.grpc.client.GrpcClientProtocolClient$AsyncStreamObservers.timeoutCheck(GrpcClientProtocolClient.java:373)
	at org.apache.ratis.grpc.client.GrpcClientProtocolClient$AsyncStreamObservers.lambda$onNext$3(GrpcClientProtocolClient.java:366)
	at org.apache.ratis.util.TimeoutTimer.lambda$onTimeout$2(TimeoutTimer.java:101)
	at org.apache.ratis.util.LogUtils.runAndLog(LogUtils.java:38)
	at org.apache.ratis.util.LogUtils$1.run(LogUtils.java:78)
	at org.apache.ratis.util.TimeoutTimer$Task.run(TimeoutTimer.java:55)
	at java.util.TimerThread.mainLoop(Timer.java:555)
	at java.util.TimerThread.run(Timer.java:505)
Caused by: org.apache.ratis.protocol.exceptions.AlreadyClosedException: client-2312CCC7CA78->s0: Stream close: no reply for async request cid=72
	at org.apache.ratis.grpc.client.GrpcClientProtocolClient$AsyncStreamObservers.completeReplyExceptionally(GrpcClientProtocolClient.java:396)
	... 29 more
2024-01-25 07:57:47,126 [timer4] DEBUG client.RaftClient (RaftClientImpl.java:handleIOException(417)) - client-2312CCC7CA78: suggested new leader: null. Failed RaftClientRequest:client-2312CCC7CA78->s0@group-796A68A19D2E, cid=72, seq=28, RW, m15
org.apache.ratis.protocol.exceptions.AlreadyClosedException: client-2312CCC7CA78->s0: Stream close: no reply for async request cid=72
	at org.apache.ratis.grpc.client.GrpcClientProtocolClient$AsyncStreamObservers.completeReplyExceptionally(GrpcClientProtocolClient.java:396)
	at org.apache.ratis.grpc.client.GrpcClientProtocolClient$AsyncStreamObservers.close(GrpcClientProtocolClient.java:383)
	at org.apache.ratis.grpc.client.GrpcClientProtocolClient$AsyncStreamObservers.access$500(GrpcClientProtocolClient.java:300)
	at org.apache.ratis.grpc.client.GrpcClientProtocolClient.lambda$close$3(GrpcClientProtocolClient.java:160)
	at java.util.Optional.ifPresent(Optional.java:159)
	at org.apache.ratis.grpc.client.GrpcClientProtocolClient.close(GrpcClientProtocolClient.java:160)
	at org.apache.ratis.util.PeerProxyMap.closeProxy(PeerProxyMap.java:197)
	at org.apache.ratis.util.PeerProxyMap.lambda$resetProxy$2(PeerProxyMap.java:158)
	at java.util.Optional.map(Optional.java:215)
	at org.apache.ratis.util.PeerProxyMap.resetProxy(PeerProxyMap.java:158)
	at org.apache.ratis.util.PeerProxyMap.handleException(PeerProxyMap.java:165)
	at org.apache.ratis.client.impl.RaftClientRpcWithProxy.handleException(RaftClientRpcWithProxy.java:48)
	at org.apache.ratis.client.impl.RaftClientImpl.handleIOException(RaftClientImpl.java:445)
	at org.apache.ratis.client.impl.OrderedAsync.handleException(OrderedAsync.java:237)
	at org.apache.ratis.client.impl.OrderedAsync.lambda$sendRequestWithRetry$6(OrderedAsync.java:208)
	at java.util.concurrent.CompletableFuture.uniExceptionally(CompletableFuture.java:884)
	at java.util.concurrent.CompletableFuture$UniExceptionally.tryFire(CompletableFuture.java:866)
	at java.util.concurrent.CompletableFuture.postComplete(CompletableFuture.java:488)
	at java.util.concurrent.CompletableFuture.completeExceptionally(CompletableFuture.java:1990)
	at org.apache.ratis.grpc.client.GrpcClientProtocolClient$AsyncStreamObservers.lambda$timeoutCheck$5(GrpcClientProtocolClient.java:373)
	at java.util.Optional.ifPresent(Optional.java:159)
	at org.apache.ratis.grpc.client.GrpcClientProtocolClient$AsyncStreamObservers.handleReplyFuture(GrpcClientProtocolClient.java:378)
	at org.apache.ratis.grpc.client.GrpcClientProtocolClient$AsyncStreamObservers.timeoutCheck(GrpcClientProtocolClient.java:373)
	at org.apache.ratis.grpc.client.GrpcClientProtocolClient$AsyncStreamObservers.lambda$onNext$3(GrpcClientProtocolClient.java:366)
	at org.apache.ratis.util.TimeoutTimer.lambda$onTimeout$2(TimeoutTimer.java:101)
	at org.apache.ratis.util.LogUtils.runAndLog(LogUtils.java:38)
	at org.apache.ratis.util.LogUtils$1.run(LogUtils.java:78)
	at org.apache.ratis.util.TimeoutTimer$Task.run(TimeoutTimer.java:55)
	at java.util.TimerThread.mainLoop(Timer.java:555)
	at java.util.TimerThread.run(Timer.java:505)
2024-01-25 07:57:47,126 [timer4] TRACE client.RaftClient (RaftClientImpl.java:handleIOException(419)) - Stack trace
java.lang.Throwable: TRACE
	at org.apache.ratis.client.impl.RaftClientImpl.handleIOException(RaftClientImpl.java:419)
	at org.apache.ratis.client.impl.OrderedAsync.handleException(OrderedAsync.java:237)
	at org.apache.ratis.client.impl.OrderedAsync.lambda$sendRequestWithRetry$6(OrderedAsync.java:208)
	at java.util.concurrent.CompletableFuture.uniExceptionally(CompletableFuture.java:884)
	at java.util.concurrent.CompletableFuture$UniExceptionally.tryFire(CompletableFuture.java:866)
	at java.util.concurrent.CompletableFuture.postComplete(CompletableFuture.java:488)
	at java.util.concurrent.CompletableFuture.completeExceptionally(CompletableFuture.java:1990)
	at org.apache.ratis.grpc.client.GrpcClientProtocolClient$AsyncStreamObservers.completeReplyExceptionally(GrpcClientProtocolClient.java:394)
	at org.apache.ratis.grpc.client.GrpcClientProtocolClient$AsyncStreamObservers.close(GrpcClientProtocolClient.java:383)
	at org.apache.ratis.grpc.client.GrpcClientProtocolClient$AsyncStreamObservers.access$500(GrpcClientProtocolClient.java:300)
	at org.apache.ratis.grpc.client.GrpcClientProtocolClient.lambda$close$3(GrpcClientProtocolClient.java:160)
	at java.util.Optional.ifPresent(Optional.java:159)
	at org.apache.ratis.grpc.client.GrpcClientProtocolClient.close(GrpcClientProtocolClient.java:160)
	at org.apache.ratis.util.PeerProxyMap.closeProxy(PeerProxyMap.java:197)
	at org.apache.ratis.util.PeerProxyMap.lambda$resetProxy$2(PeerProxyMap.java:158)
	at java.util.Optional.map(Optional.java:215)
	at org.apache.ratis.util.PeerProxyMap.resetProxy(PeerProxyMap.java:158)
	at org.apache.ratis.util.PeerProxyMap.handleException(PeerProxyMap.java:165)
	at org.apache.ratis.client.impl.RaftClientRpcWithProxy.handleException(RaftClientRpcWithProxy.java:48)
	at org.apache.ratis.client.impl.RaftClientImpl.handleIOException(RaftClientImpl.java:445)
	at org.apache.ratis.client.impl.OrderedAsync.handleException(OrderedAsync.java:237)
	at org.apache.ratis.client.impl.OrderedAsync.lambda$sendRequestWithRetry$6(OrderedAsync.java:208)
	at java.util.concurrent.CompletableFuture.uniExceptionally(CompletableFuture.java:884)
	at java.util.concurrent.CompletableFuture$UniExceptionally.tryFire(CompletableFuture.java:866)
	at java.util.concurrent.CompletableFuture.postComplete(CompletableFuture.java:488)
	at java.util.concurrent.CompletableFuture.completeExceptionally(CompletableFuture.java:1990)
	at org.apache.ratis.grpc.client.GrpcClientProtocolClient$AsyncStreamObservers.lambda$timeoutCheck$5(GrpcClientProtocolClient.java:373)
	at java.util.Optional.ifPresent(Optional.java:159)
	at org.apache.ratis.grpc.client.GrpcClientProtocolClient$AsyncStreamObservers.handleReplyFuture(GrpcClientProtocolClient.java:378)
	at org.apache.ratis.grpc.client.GrpcClientProtocolClient$AsyncStreamObservers.timeoutCheck(GrpcClientProtocolClient.java:373)
	at org.apache.ratis.grpc.client.GrpcClientProtocolClient$AsyncStreamObservers.lambda$onNext$3(GrpcClientProtocolClient.java:366)
	at org.apache.ratis.util.TimeoutTimer.lambda$onTimeout$2(TimeoutTimer.java:101)
	at org.apache.ratis.util.LogUtils.runAndLog(LogUtils.java:38)
	at org.apache.ratis.util.LogUtils$1.run(LogUtils.java:78)
	at org.apache.ratis.util.TimeoutTimer$Task.run(TimeoutTimer.java:55)
	at java.util.TimerThread.mainLoop(Timer.java:555)
	at java.util.TimerThread.run(Timer.java:505)
2024-01-25 07:57:47,126 [timer4] DEBUG client.RaftClient (RaftClientImpl.java:handleIOException(435)) - client-2312CCC7CA78: oldLeader=s0,  curLeader=s1, newLeader=null
2024-01-25 07:57:47,127 [timer4] ERROR impl.OrderedAsync (OrderedAsync.java:lambda$sendRequestWithRetry$6(207)) - client-2312CCC7CA78: Failed* RaftClientRequest:client-2312CCC7CA78->s0@group-796A68A19D2E, cid=73, seq=29, RW, m16
java.util.concurrent.CompletionException: org.apache.ratis.protocol.exceptions.AlreadyClosedException: client-2312CCC7CA78->s0: Stream close: no reply for async request cid=73
	at java.util.concurrent.CompletableFuture.encodeThrowable(CompletableFuture.java:292)
	at java.util.concurrent.CompletableFuture.completeThrowable(CompletableFuture.java:308)
	at java.util.concurrent.CompletableFuture.uniAccept(CompletableFuture.java:661)
	at java.util.concurrent.CompletableFuture$UniAccept.tryFire(CompletableFuture.java:646)
	at java.util.concurrent.CompletableFuture.postComplete(CompletableFuture.java:488)
	at java.util.concurrent.CompletableFuture.completeExceptionally(CompletableFuture.java:1990)
	at org.apache.ratis.grpc.client.GrpcClientProtocolClient$AsyncStreamObservers.completeReplyExceptionally(GrpcClientProtocolClient.java:394)
	at org.apache.ratis.grpc.client.GrpcClientProtocolClient$AsyncStreamObservers.close(GrpcClientProtocolClient.java:383)
	at org.apache.ratis.grpc.client.GrpcClientProtocolClient$AsyncStreamObservers.access$500(GrpcClientProtocolClient.java:300)
	at org.apache.ratis.grpc.client.GrpcClientProtocolClient.lambda$close$3(GrpcClientProtocolClient.java:160)
	at java.util.Optional.ifPresent(Optional.java:159)
	at org.apache.ratis.grpc.client.GrpcClientProtocolClient.close(GrpcClientProtocolClient.java:160)
	at org.apache.ratis.util.PeerProxyMap.closeProxy(PeerProxyMap.java:197)
	at org.apache.ratis.util.PeerProxyMap.lambda$resetProxy$2(PeerProxyMap.java:158)
	at java.util.Optional.map(Optional.java:215)
	at org.apache.ratis.util.PeerProxyMap.resetProxy(PeerProxyMap.java:158)
	at org.apache.ratis.util.PeerProxyMap.handleException(PeerProxyMap.java:165)
	at org.apache.ratis.client.impl.RaftClientRpcWithProxy.handleException(RaftClientRpcWithProxy.java:48)
	at org.apache.ratis.client.impl.RaftClientImpl.handleIOException(RaftClientImpl.java:445)
	at org.apache.ratis.client.impl.OrderedAsync.handleException(OrderedAsync.java:237)
	at org.apache.ratis.client.impl.OrderedAsync.lambda$sendRequestWithRetry$6(OrderedAsync.java:208)
	at java.util.concurrent.CompletableFuture.uniExceptionally(CompletableFuture.java:884)
	at java.util.concurrent.CompletableFuture$UniExceptionally.tryFire(CompletableFuture.java:866)
	at java.util.concurrent.CompletableFuture.postComplete(CompletableFuture.java:488)
	at java.util.concurrent.CompletableFuture.completeExceptionally(CompletableFuture.java:1990)
	at org.apache.ratis.grpc.client.GrpcClientProtocolClient$AsyncStreamObservers.lambda$timeoutCheck$5(GrpcClientProtocolClient.java:373)
	at java.util.Optional.ifPresent(Optional.java:159)
	at org.apache.ratis.grpc.client.GrpcClientProtocolClient$AsyncStreamObservers.handleReplyFuture(GrpcClientProtocolClient.java:378)
	at org.apache.ratis.grpc.client.GrpcClientProtocolClient$AsyncStreamObservers.timeoutCheck(GrpcClientProtocolClient.java:373)
	at org.apache.ratis.grpc.client.GrpcClientProtocolClient$AsyncStreamObservers.lambda$onNext$3(GrpcClientProtocolClient.java:366)
	at org.apache.ratis.util.TimeoutTimer.lambda$onTimeout$2(TimeoutTimer.java:101)
	at org.apache.ratis.util.LogUtils.runAndLog(LogUtils.java:38)
	at org.apache.ratis.util.LogUtils$1.run(LogUtils.java:78)
	at org.apache.ratis.util.TimeoutTimer$Task.run(TimeoutTimer.java:55)
	at java.util.TimerThread.mainLoop(Timer.java:555)
	at java.util.TimerThread.run(Timer.java:505)
Caused by: org.apache.ratis.protocol.exceptions.AlreadyClosedException: client-2312CCC7CA78->s0: Stream close: no reply for async request cid=73
	at org.apache.ratis.grpc.client.GrpcClientProtocolClient$AsyncStreamObservers.completeReplyExceptionally(GrpcClientProtocolClient.java:396)
	... 29 more
2024-01-25 07:57:47,127 [timer4] DEBUG client.RaftClient (RaftClientImpl.java:handleIOException(417)) - client-2312CCC7CA78: suggested new leader: null. Failed RaftClientRequest:client-2312CCC7CA78->s0@group-796A68A19D2E, cid=73, seq=29, RW, m16
org.apache.ratis.protocol.exceptions.AlreadyClosedException: client-2312CCC7CA78->s0: Stream close: no reply for async request cid=73
	at org.apache.ratis.grpc.client.GrpcClientProtocolClient$AsyncStreamObservers.completeReplyExceptionally(GrpcClientProtocolClient.java:396)
	at org.apache.ratis.grpc.client.GrpcClientProtocolClient$AsyncStreamObservers.close(GrpcClientProtocolClient.java:383)
	at org.apache.ratis.grpc.client.GrpcClientProtocolClient$AsyncStreamObservers.access$500(GrpcClientProtocolClient.java:300)
	at org.apache.ratis.grpc.client.GrpcClientProtocolClient.lambda$close$3(GrpcClientProtocolClient.java:160)
	at java.util.Optional.ifPresent(Optional.java:159)
	at org.apache.ratis.grpc.client.GrpcClientProtocolClient.close(GrpcClientProtocolClient.java:160)
	at org.apache.ratis.util.PeerProxyMap.closeProxy(PeerProxyMap.java:197)
	at org.apache.ratis.util.PeerProxyMap.lambda$resetProxy$2(PeerProxyMap.java:158)
	at java.util.Optional.map(Optional.java:215)
	at org.apache.ratis.util.PeerProxyMap.resetProxy(PeerProxyMap.java:158)
	at org.apache.ratis.util.PeerProxyMap.handleException(PeerProxyMap.java:165)
	at org.apache.ratis.client.impl.RaftClientRpcWithProxy.handleException(RaftClientRpcWithProxy.java:48)
	at org.apache.ratis.client.impl.RaftClientImpl.handleIOException(RaftClientImpl.java:445)
	at org.apache.ratis.client.impl.OrderedAsync.handleException(OrderedAsync.java:237)
	at org.apache.ratis.client.impl.OrderedAsync.lambda$sendRequestWithRetry$6(OrderedAsync.java:208)
	at java.util.concurrent.CompletableFuture.uniExceptionally(CompletableFuture.java:884)
	at java.util.concurrent.CompletableFuture$UniExceptionally.tryFire(CompletableFuture.java:866)
	at java.util.concurrent.CompletableFuture.postComplete(CompletableFuture.java:488)
	at java.util.concurrent.CompletableFuture.completeExceptionally(CompletableFuture.java:1990)
	at org.apache.ratis.grpc.client.GrpcClientProtocolClient$AsyncStreamObservers.lambda$timeoutCheck$5(GrpcClientProtocolClient.java:373)
	at java.util.Optional.ifPresent(Optional.java:159)
	at org.apache.ratis.grpc.client.GrpcClientProtocolClient$AsyncStreamObservers.handleReplyFuture(GrpcClientProtocolClient.java:378)
	at org.apache.ratis.grpc.client.GrpcClientProtocolClient$AsyncStreamObservers.timeoutCheck(GrpcClientProtocolClient.java:373)
	at org.apache.ratis.grpc.client.GrpcClientProtocolClient$AsyncStreamObservers.lambda$onNext$3(GrpcClientProtocolClient.java:366)
	at org.apache.ratis.util.TimeoutTimer.lambda$onTimeout$2(TimeoutTimer.java:101)
	at org.apache.ratis.util.LogUtils.runAndLog(LogUtils.java:38)
	at org.apache.ratis.util.LogUtils$1.run(LogUtils.java:78)
	at org.apache.ratis.util.TimeoutTimer$Task.run(TimeoutTimer.java:55)
	at java.util.TimerThread.mainLoop(Timer.java:555)
	at java.util.TimerThread.run(Timer.java:505)
2024-01-25 07:57:47,127 [timer4] TRACE client.RaftClient (RaftClientImpl.java:handleIOException(419)) - Stack trace
java.lang.Throwable: TRACE
	at org.apache.ratis.client.impl.RaftClientImpl.handleIOException(RaftClientImpl.java:419)
	at org.apache.ratis.client.impl.OrderedAsync.handleException(OrderedAsync.java:237)
	at org.apache.ratis.client.impl.OrderedAsync.lambda$sendRequestWithRetry$6(OrderedAsync.java:208)
	at java.util.concurrent.CompletableFuture.uniExceptionally(CompletableFuture.java:884)
	at java.util.concurrent.CompletableFuture$UniExceptionally.tryFire(CompletableFuture.java:866)
	at java.util.concurrent.CompletableFuture.postComplete(CompletableFuture.java:488)
	at java.util.concurrent.CompletableFuture.completeExceptionally(CompletableFuture.java:1990)
	at org.apache.ratis.grpc.client.GrpcClientProtocolClient$AsyncStreamObservers.completeReplyExceptionally(GrpcClientProtocolClient.java:394)
	at org.apache.ratis.grpc.client.GrpcClientProtocolClient$AsyncStreamObservers.close(GrpcClientProtocolClient.java:383)
	at org.apache.ratis.grpc.client.GrpcClientProtocolClient$AsyncStreamObservers.access$500(GrpcClientProtocolClient.java:300)
	at org.apache.ratis.grpc.client.GrpcClientProtocolClient.lambda$close$3(GrpcClientProtocolClient.java:160)
	at java.util.Optional.ifPresent(Optional.java:159)
	at org.apache.ratis.grpc.client.GrpcClientProtocolClient.close(GrpcClientProtocolClient.java:160)
	at org.apache.ratis.util.PeerProxyMap.closeProxy(PeerProxyMap.java:197)
	at org.apache.ratis.util.PeerProxyMap.lambda$resetProxy$2(PeerProxyMap.java:158)
	at java.util.Optional.map(Optional.java:215)
	at org.apache.ratis.util.PeerProxyMap.resetProxy(PeerProxyMap.java:158)
	at org.apache.ratis.util.PeerProxyMap.handleException(PeerProxyMap.java:165)
	at org.apache.ratis.client.impl.RaftClientRpcWithProxy.handleException(RaftClientRpcWithProxy.java:48)
	at org.apache.ratis.client.impl.RaftClientImpl.handleIOException(RaftClientImpl.java:445)
	at org.apache.ratis.client.impl.OrderedAsync.handleException(OrderedAsync.java:237)
	at org.apache.ratis.client.impl.OrderedAsync.lambda$sendRequestWithRetry$6(OrderedAsync.java:208)
	at java.util.concurrent.CompletableFuture.uniExceptionally(CompletableFuture.java:884)
	at java.util.concurrent.CompletableFuture$UniExceptionally.tryFire(CompletableFuture.java:866)
	at java.util.concurrent.CompletableFuture.postComplete(CompletableFuture.java:488)
	at java.util.concurrent.CompletableFuture.completeExceptionally(CompletableFuture.java:1990)
	at org.apache.ratis.grpc.client.GrpcClientProtocolClient$AsyncStreamObservers.lambda$timeoutCheck$5(GrpcClientProtocolClient.java:373)
	at java.util.Optional.ifPresent(Optional.java:159)
	at org.apache.ratis.grpc.client.GrpcClientProtocolClient$AsyncStreamObservers.handleReplyFuture(GrpcClientProtocolClient.java:378)
	at org.apache.ratis.grpc.client.GrpcClientProtocolClient$AsyncStreamObservers.timeoutCheck(GrpcClientProtocolClient.java:373)
	at org.apache.ratis.grpc.client.GrpcClientProtocolClient$AsyncStreamObservers.lambda$onNext$3(GrpcClientProtocolClient.java:366)
	at org.apache.ratis.util.TimeoutTimer.lambda$onTimeout$2(TimeoutTimer.java:101)
	at org.apache.ratis.util.LogUtils.runAndLog(LogUtils.java:38)
	at org.apache.ratis.util.LogUtils$1.run(LogUtils.java:78)
	at org.apache.ratis.util.TimeoutTimer$Task.run(TimeoutTimer.java:55)
	at java.util.TimerThread.mainLoop(Timer.java:555)
	at java.util.TimerThread.run(Timer.java:505)
2024-01-25 07:57:47,128 [timer4] DEBUG client.RaftClient (RaftClientImpl.java:handleIOException(435)) - client-2312CCC7CA78: oldLeader=s0,  curLeader=s1, newLeader=null
2024-01-25 07:57:47,128 [timer4] ERROR impl.OrderedAsync (OrderedAsync.java:lambda$sendRequestWithRetry$6(207)) - client-2312CCC7CA78: Failed* RaftClientRequest:client-2312CCC7CA78->s0@group-796A68A19D2E, cid=74, seq=30, RW, m17
java.util.concurrent.CompletionException: org.apache.ratis.protocol.exceptions.AlreadyClosedException: client-2312CCC7CA78->s0: Stream close: no reply for async request cid=74
	at java.util.concurrent.CompletableFuture.encodeThrowable(CompletableFuture.java:292)
	at java.util.concurrent.CompletableFuture.completeThrowable(CompletableFuture.java:308)
	at java.util.concurrent.CompletableFuture.uniAccept(CompletableFuture.java:661)
	at java.util.concurrent.CompletableFuture$UniAccept.tryFire(CompletableFuture.java:646)
	at java.util.concurrent.CompletableFuture.postComplete(CompletableFuture.java:488)
	at java.util.concurrent.CompletableFuture.completeExceptionally(CompletableFuture.java:1990)
	at org.apache.ratis.grpc.client.GrpcClientProtocolClient$AsyncStreamObservers.completeReplyExceptionally(GrpcClientProtocolClient.java:394)
	at org.apache.ratis.grpc.client.GrpcClientProtocolClient$AsyncStreamObservers.close(GrpcClientProtocolClient.java:383)
	at org.apache.ratis.grpc.client.GrpcClientProtocolClient$AsyncStreamObservers.access$500(GrpcClientProtocolClient.java:300)
	at org.apache.ratis.grpc.client.GrpcClientProtocolClient.lambda$close$3(GrpcClientProtocolClient.java:160)
	at java.util.Optional.ifPresent(Optional.java:159)
	at org.apache.ratis.grpc.client.GrpcClientProtocolClient.close(GrpcClientProtocolClient.java:160)
	at org.apache.ratis.util.PeerProxyMap.closeProxy(PeerProxyMap.java:197)
	at org.apache.ratis.util.PeerProxyMap.lambda$resetProxy$2(PeerProxyMap.java:158)
	at java.util.Optional.map(Optional.java:215)
	at org.apache.ratis.util.PeerProxyMap.resetProxy(PeerProxyMap.java:158)
	at org.apache.ratis.util.PeerProxyMap.handleException(PeerProxyMap.java:165)
	at org.apache.ratis.client.impl.RaftClientRpcWithProxy.handleException(RaftClientRpcWithProxy.java:48)
	at org.apache.ratis.client.impl.RaftClientImpl.handleIOException(RaftClientImpl.java:445)
	at org.apache.ratis.client.impl.OrderedAsync.handleException(OrderedAsync.java:237)
	at org.apache.ratis.client.impl.OrderedAsync.lambda$sendRequestWithRetry$6(OrderedAsync.java:208)
	at java.util.concurrent.CompletableFuture.uniExceptionally(CompletableFuture.java:884)
	at java.util.concurrent.CompletableFuture$UniExceptionally.tryFire(CompletableFuture.java:866)
	at java.util.concurrent.CompletableFuture.postComplete(CompletableFuture.java:488)
	at java.util.concurrent.CompletableFuture.completeExceptionally(CompletableFuture.java:1990)
	at org.apache.ratis.grpc.client.GrpcClientProtocolClient$AsyncStreamObservers.lambda$timeoutCheck$5(GrpcClientProtocolClient.java:373)
	at java.util.Optional.ifPresent(Optional.java:159)
	at org.apache.ratis.grpc.client.GrpcClientProtocolClient$AsyncStreamObservers.handleReplyFuture(GrpcClientProtocolClient.java:378)
	at org.apache.ratis.grpc.client.GrpcClientProtocolClient$AsyncStreamObservers.timeoutCheck(GrpcClientProtocolClient.java:373)
	at org.apache.ratis.grpc.client.GrpcClientProtocolClient$AsyncStreamObservers.lambda$onNext$3(GrpcClientProtocolClient.java:366)
	at org.apache.ratis.util.TimeoutTimer.lambda$onTimeout$2(TimeoutTimer.java:101)
	at org.apache.ratis.util.LogUtils.runAndLog(LogUtils.java:38)
	at org.apache.ratis.util.LogUtils$1.run(LogUtils.java:78)
	at org.apache.ratis.util.TimeoutTimer$Task.run(TimeoutTimer.java:55)
	at java.util.TimerThread.mainLoop(Timer.java:555)
	at java.util.TimerThread.run(Timer.java:505)
Caused by: org.apache.ratis.protocol.exceptions.AlreadyClosedException: client-2312CCC7CA78->s0: Stream close: no reply for async request cid=74
	at org.apache.ratis.grpc.client.GrpcClientProtocolClient$AsyncStreamObservers.completeReplyExceptionally(GrpcClientProtocolClient.java:396)
	... 29 more
2024-01-25 07:57:47,128 [timer4] DEBUG client.RaftClient (RaftClientImpl.java:handleIOException(417)) - client-2312CCC7CA78: suggested new leader: null. Failed RaftClientRequest:client-2312CCC7CA78->s0@group-796A68A19D2E, cid=74, seq=30, RW, m17
org.apache.ratis.protocol.exceptions.AlreadyClosedException: client-2312CCC7CA78->s0: Stream close: no reply for async request cid=74
	at org.apache.ratis.grpc.client.GrpcClientProtocolClient$AsyncStreamObservers.completeReplyExceptionally(GrpcClientProtocolClient.java:396)
	at org.apache.ratis.grpc.client.GrpcClientProtocolClient$AsyncStreamObservers.close(GrpcClientProtocolClient.java:383)
	at org.apache.ratis.grpc.client.GrpcClientProtocolClient$AsyncStreamObservers.access$500(GrpcClientProtocolClient.java:300)
	at org.apache.ratis.grpc.client.GrpcClientProtocolClient.lambda$close$3(GrpcClientProtocolClient.java:160)
	at java.util.Optional.ifPresent(Optional.java:159)
	at org.apache.ratis.grpc.client.GrpcClientProtocolClient.close(GrpcClientProtocolClient.java:160)
	at org.apache.ratis.util.PeerProxyMap.closeProxy(PeerProxyMap.java:197)
	at org.apache.ratis.util.PeerProxyMap.lambda$resetProxy$2(PeerProxyMap.java:158)
	at java.util.Optional.map(Optional.java:215)
	at org.apache.ratis.util.PeerProxyMap.resetProxy(PeerProxyMap.java:158)
	at org.apache.ratis.util.PeerProxyMap.handleException(PeerProxyMap.java:165)
	at org.apache.ratis.client.impl.RaftClientRpcWithProxy.handleException(RaftClientRpcWithProxy.java:48)
	at org.apache.ratis.client.impl.RaftClientImpl.handleIOException(RaftClientImpl.java:445)
	at org.apache.ratis.client.impl.OrderedAsync.handleException(OrderedAsync.java:237)
	at org.apache.ratis.client.impl.OrderedAsync.lambda$sendRequestWithRetry$6(OrderedAsync.java:208)
	at java.util.concurrent.CompletableFuture.uniExceptionally(CompletableFuture.java:884)
	at java.util.concurrent.CompletableFuture$UniExceptionally.tryFire(CompletableFuture.java:866)
	at java.util.concurrent.CompletableFuture.postComplete(CompletableFuture.java:488)
	at java.util.concurrent.CompletableFuture.completeExceptionally(CompletableFuture.java:1990)
	at org.apache.ratis.grpc.client.GrpcClientProtocolClient$AsyncStreamObservers.lambda$timeoutCheck$5(GrpcClientProtocolClient.java:373)
	at java.util.Optional.ifPresent(Optional.java:159)
	at org.apache.ratis.grpc.client.GrpcClientProtocolClient$AsyncStreamObservers.handleReplyFuture(GrpcClientProtocolClient.java:378)
	at org.apache.ratis.grpc.client.GrpcClientProtocolClient$AsyncStreamObservers.timeoutCheck(GrpcClientProtocolClient.java:373)
	at org.apache.ratis.grpc.client.GrpcClientProtocolClient$AsyncStreamObservers.lambda$onNext$3(GrpcClientProtocolClient.java:366)
	at org.apache.ratis.util.TimeoutTimer.lambda$onTimeout$2(TimeoutTimer.java:101)
	at org.apache.ratis.util.LogUtils.runAndLog(LogUtils.java:38)
	at org.apache.ratis.util.LogUtils$1.run(LogUtils.java:78)
	at org.apache.ratis.util.TimeoutTimer$Task.run(TimeoutTimer.java:55)
	at java.util.TimerThread.mainLoop(Timer.java:555)
	at java.util.TimerThread.run(Timer.java:505)
2024-01-25 07:57:47,128 [timer4] TRACE client.RaftClient (RaftClientImpl.java:handleIOException(419)) - Stack trace
java.lang.Throwable: TRACE
	at org.apache.ratis.client.impl.RaftClientImpl.handleIOException(RaftClientImpl.java:419)
	at org.apache.ratis.client.impl.OrderedAsync.handleException(OrderedAsync.java:237)
	at org.apache.ratis.client.impl.OrderedAsync.lambda$sendRequestWithRetry$6(OrderedAsync.java:208)
	at java.util.concurrent.CompletableFuture.uniExceptionally(CompletableFuture.java:884)
	at java.util.concurrent.CompletableFuture$UniExceptionally.tryFire(CompletableFuture.java:866)
	at java.util.concurrent.CompletableFuture.postComplete(CompletableFuture.java:488)
	at java.util.concurrent.CompletableFuture.completeExceptionally(CompletableFuture.java:1990)
	at org.apache.ratis.grpc.client.GrpcClientProtocolClient$AsyncStreamObservers.completeReplyExceptionally(GrpcClientProtocolClient.java:394)
	at org.apache.ratis.grpc.client.GrpcClientProtocolClient$AsyncStreamObservers.close(GrpcClientProtocolClient.java:383)
	at org.apache.ratis.grpc.client.GrpcClientProtocolClient$AsyncStreamObservers.access$500(GrpcClientProtocolClient.java:300)
	at org.apache.ratis.grpc.client.GrpcClientProtocolClient.lambda$close$3(GrpcClientProtocolClient.java:160)
	at java.util.Optional.ifPresent(Optional.java:159)
	at org.apache.ratis.grpc.client.GrpcClientProtocolClient.close(GrpcClientProtocolClient.java:160)
	at org.apache.ratis.util.PeerProxyMap.closeProxy(PeerProxyMap.java:197)
	at org.apache.ratis.util.PeerProxyMap.lambda$resetProxy$2(PeerProxyMap.java:158)
	at java.util.Optional.map(Optional.java:215)
	at org.apache.ratis.util.PeerProxyMap.resetProxy(PeerProxyMap.java:158)
	at org.apache.ratis.util.PeerProxyMap.handleException(PeerProxyMap.java:165)
	at org.apache.ratis.client.impl.RaftClientRpcWithProxy.handleException(RaftClientRpcWithProxy.java:48)
	at org.apache.ratis.client.impl.RaftClientImpl.handleIOException(RaftClientImpl.java:445)
	at org.apache.ratis.client.impl.OrderedAsync.handleException(OrderedAsync.java:237)
	at org.apache.ratis.client.impl.OrderedAsync.lambda$sendRequestWithRetry$6(OrderedAsync.java:208)
	at java.util.concurrent.CompletableFuture.uniExceptionally(CompletableFuture.java:884)
	at java.util.concurrent.CompletableFuture$UniExceptionally.tryFire(CompletableFuture.java:866)
	at java.util.concurrent.CompletableFuture.postComplete(CompletableFuture.java:488)
	at java.util.concurrent.CompletableFuture.completeExceptionally(CompletableFuture.java:1990)
	at org.apache.ratis.grpc.client.GrpcClientProtocolClient$AsyncStreamObservers.lambda$timeoutCheck$5(GrpcClientProtocolClient.java:373)
	at java.util.Optional.ifPresent(Optional.java:159)
	at org.apache.ratis.grpc.client.GrpcClientProtocolClient$AsyncStreamObservers.handleReplyFuture(GrpcClientProtocolClient.java:378)
	at org.apache.ratis.grpc.client.GrpcClientProtocolClient$AsyncStreamObservers.timeoutCheck(GrpcClientProtocolClient.java:373)
	at org.apache.ratis.grpc.client.GrpcClientProtocolClient$AsyncStreamObservers.lambda$onNext$3(GrpcClientProtocolClient.java:366)
	at org.apache.ratis.util.TimeoutTimer.lambda$onTimeout$2(TimeoutTimer.java:101)
	at org.apache.ratis.util.LogUtils.runAndLog(LogUtils.java:38)
	at org.apache.ratis.util.LogUtils$1.run(LogUtils.java:78)
	at org.apache.ratis.util.TimeoutTimer$Task.run(TimeoutTimer.java:55)
	at java.util.TimerThread.mainLoop(Timer.java:555)
	at java.util.TimerThread.run(Timer.java:505)
2024-01-25 07:57:47,129 [timer4] DEBUG client.RaftClient (RaftClientImpl.java:handleIOException(435)) - client-2312CCC7CA78: oldLeader=s0,  curLeader=s1, newLeader=null
2024-01-25 07:57:47,129 [timer4] ERROR impl.OrderedAsync (OrderedAsync.java:lambda$sendRequestWithRetry$6(207)) - client-2312CCC7CA78: Failed* RaftClientRequest:client-2312CCC7CA78->s0@group-796A68A19D2E, cid=75, seq=31, RW, m18
java.util.concurrent.CompletionException: org.apache.ratis.protocol.exceptions.AlreadyClosedException: client-2312CCC7CA78->s0: Stream close: no reply for async request cid=75
	at java.util.concurrent.CompletableFuture.encodeThrowable(CompletableFuture.java:292)
	at java.util.concurrent.CompletableFuture.completeThrowable(CompletableFuture.java:308)
	at java.util.concurrent.CompletableFuture.uniAccept(CompletableFuture.java:661)
	at java.util.concurrent.CompletableFuture$UniAccept.tryFire(CompletableFuture.java:646)
	at java.util.concurrent.CompletableFuture.postComplete(CompletableFuture.java:488)
	at java.util.concurrent.CompletableFuture.completeExceptionally(CompletableFuture.java:1990)
	at org.apache.ratis.grpc.client.GrpcClientProtocolClient$AsyncStreamObservers.completeReplyExceptionally(GrpcClientProtocolClient.java:394)
	at org.apache.ratis.grpc.client.GrpcClientProtocolClient$AsyncStreamObservers.close(GrpcClientProtocolClient.java:383)
	at org.apache.ratis.grpc.client.GrpcClientProtocolClient$AsyncStreamObservers.access$500(GrpcClientProtocolClient.java:300)
	at org.apache.ratis.grpc.client.GrpcClientProtocolClient.lambda$close$3(GrpcClientProtocolClient.java:160)
	at java.util.Optional.ifPresent(Optional.java:159)
	at org.apache.ratis.grpc.client.GrpcClientProtocolClient.close(GrpcClientProtocolClient.java:160)
	at org.apache.ratis.util.PeerProxyMap.closeProxy(PeerProxyMap.java:197)
	at org.apache.ratis.util.PeerProxyMap.lambda$resetProxy$2(PeerProxyMap.java:158)
	at java.util.Optional.map(Optional.java:215)
	at org.apache.ratis.util.PeerProxyMap.resetProxy(PeerProxyMap.java:158)
	at org.apache.ratis.util.PeerProxyMap.handleException(PeerProxyMap.java:165)
	at org.apache.ratis.client.impl.RaftClientRpcWithProxy.handleException(RaftClientRpcWithProxy.java:48)
	at org.apache.ratis.client.impl.RaftClientImpl.handleIOException(RaftClientImpl.java:445)
	at org.apache.ratis.client.impl.OrderedAsync.handleException(OrderedAsync.java:237)
	at org.apache.ratis.client.impl.OrderedAsync.lambda$sendRequestWithRetry$6(OrderedAsync.java:208)
	at java.util.concurrent.CompletableFuture.uniExceptionally(CompletableFuture.java:884)
	at java.util.concurrent.CompletableFuture$UniExceptionally.tryFire(CompletableFuture.java:866)
	at java.util.concurrent.CompletableFuture.postComplete(CompletableFuture.java:488)
	at java.util.concurrent.CompletableFuture.completeExceptionally(CompletableFuture.java:1990)
	at org.apache.ratis.grpc.client.GrpcClientProtocolClient$AsyncStreamObservers.lambda$timeoutCheck$5(GrpcClientProtocolClient.java:373)
	at java.util.Optional.ifPresent(Optional.java:159)
	at org.apache.ratis.grpc.client.GrpcClientProtocolClient$AsyncStreamObservers.handleReplyFuture(GrpcClientProtocolClient.java:378)
	at org.apache.ratis.grpc.client.GrpcClientProtocolClient$AsyncStreamObservers.timeoutCheck(GrpcClientProtocolClient.java:373)
	at org.apache.ratis.grpc.client.GrpcClientProtocolClient$AsyncStreamObservers.lambda$onNext$3(GrpcClientProtocolClient.java:366)
	at org.apache.ratis.util.TimeoutTimer.lambda$onTimeout$2(TimeoutTimer.java:101)
	at org.apache.ratis.util.LogUtils.runAndLog(LogUtils.java:38)
	at org.apache.ratis.util.LogUtils$1.run(LogUtils.java:78)
	at org.apache.ratis.util.TimeoutTimer$Task.run(TimeoutTimer.java:55)
	at java.util.TimerThread.mainLoop(Timer.java:555)
	at java.util.TimerThread.run(Timer.java:505)
Caused by: org.apache.ratis.protocol.exceptions.AlreadyClosedException: client-2312CCC7CA78->s0: Stream close: no reply for async request cid=75
	at org.apache.ratis.grpc.client.GrpcClientProtocolClient$AsyncStreamObservers.completeReplyExceptionally(GrpcClientProtocolClient.java:396)
	... 29 more
2024-01-25 07:57:47,129 [timer4] DEBUG client.RaftClient (RaftClientImpl.java:handleIOException(417)) - client-2312CCC7CA78: suggested new leader: null. Failed RaftClientRequest:client-2312CCC7CA78->s0@group-796A68A19D2E, cid=75, seq=31, RW, m18
org.apache.ratis.protocol.exceptions.AlreadyClosedException: client-2312CCC7CA78->s0: Stream close: no reply for async request cid=75
	at org.apache.ratis.grpc.client.GrpcClientProtocolClient$AsyncStreamObservers.completeReplyExceptionally(GrpcClientProtocolClient.java:396)
	at org.apache.ratis.grpc.client.GrpcClientProtocolClient$AsyncStreamObservers.close(GrpcClientProtocolClient.java:383)
	at org.apache.ratis.grpc.client.GrpcClientProtocolClient$AsyncStreamObservers.access$500(GrpcClientProtocolClient.java:300)
	at org.apache.ratis.grpc.client.GrpcClientProtocolClient.lambda$close$3(GrpcClientProtocolClient.java:160)
	at java.util.Optional.ifPresent(Optional.java:159)
	at org.apache.ratis.grpc.client.GrpcClientProtocolClient.close(GrpcClientProtocolClient.java:160)
	at org.apache.ratis.util.PeerProxyMap.closeProxy(PeerProxyMap.java:197)
	at org.apache.ratis.util.PeerProxyMap.lambda$resetProxy$2(PeerProxyMap.java:158)
	at java.util.Optional.map(Optional.java:215)
	at org.apache.ratis.util.PeerProxyMap.resetProxy(PeerProxyMap.java:158)
	at org.apache.ratis.util.PeerProxyMap.handleException(PeerProxyMap.java:165)
	at org.apache.ratis.client.impl.RaftClientRpcWithProxy.handleException(RaftClientRpcWithProxy.java:48)
	at org.apache.ratis.client.impl.RaftClientImpl.handleIOException(RaftClientImpl.java:445)
	at org.apache.ratis.client.impl.OrderedAsync.handleException(OrderedAsync.java:237)
	at org.apache.ratis.client.impl.OrderedAsync.lambda$sendRequestWithRetry$6(OrderedAsync.java:208)
	at java.util.concurrent.CompletableFuture.uniExceptionally(CompletableFuture.java:884)
	at java.util.concurrent.CompletableFuture$UniExceptionally.tryFire(CompletableFuture.java:866)
	at java.util.concurrent.CompletableFuture.postComplete(CompletableFuture.java:488)
	at java.util.concurrent.CompletableFuture.completeExceptionally(CompletableFuture.java:1990)
	at org.apache.ratis.grpc.client.GrpcClientProtocolClient$AsyncStreamObservers.lambda$timeoutCheck$5(GrpcClientProtocolClient.java:373)
	at java.util.Optional.ifPresent(Optional.java:159)
	at org.apache.ratis.grpc.client.GrpcClientProtocolClient$AsyncStreamObservers.handleReplyFuture(GrpcClientProtocolClient.java:378)
	at org.apache.ratis.grpc.client.GrpcClientProtocolClient$AsyncStreamObservers.timeoutCheck(GrpcClientProtocolClient.java:373)
	at org.apache.ratis.grpc.client.GrpcClientProtocolClient$AsyncStreamObservers.lambda$onNext$3(GrpcClientProtocolClient.java:366)
	at org.apache.ratis.util.TimeoutTimer.lambda$onTimeout$2(TimeoutTimer.java:101)
	at org.apache.ratis.util.LogUtils.runAndLog(LogUtils.java:38)
	at org.apache.ratis.util.LogUtils$1.run(LogUtils.java:78)
	at org.apache.ratis.util.TimeoutTimer$Task.run(TimeoutTimer.java:55)
	at java.util.TimerThread.mainLoop(Timer.java:555)
	at java.util.TimerThread.run(Timer.java:505)
2024-01-25 07:57:47,130 [timer4] TRACE client.RaftClient (RaftClientImpl.java:handleIOException(419)) - Stack trace
java.lang.Throwable: TRACE
	at org.apache.ratis.client.impl.RaftClientImpl.handleIOException(RaftClientImpl.java:419)
	at org.apache.ratis.client.impl.OrderedAsync.handleException(OrderedAsync.java:237)
	at org.apache.ratis.client.impl.OrderedAsync.lambda$sendRequestWithRetry$6(OrderedAsync.java:208)
	at java.util.concurrent.CompletableFuture.uniExceptionally(CompletableFuture.java:884)
	at java.util.concurrent.CompletableFuture$UniExceptionally.tryFire(CompletableFuture.java:866)
	at java.util.concurrent.CompletableFuture.postComplete(CompletableFuture.java:488)
	at java.util.concurrent.CompletableFuture.completeExceptionally(CompletableFuture.java:1990)
	at org.apache.ratis.grpc.client.GrpcClientProtocolClient$AsyncStreamObservers.completeReplyExceptionally(GrpcClientProtocolClient.java:394)
	at org.apache.ratis.grpc.client.GrpcClientProtocolClient$AsyncStreamObservers.close(GrpcClientProtocolClient.java:383)
	at org.apache.ratis.grpc.client.GrpcClientProtocolClient$AsyncStreamObservers.access$500(GrpcClientProtocolClient.java:300)
	at org.apache.ratis.grpc.client.GrpcClientProtocolClient.lambda$close$3(GrpcClientProtocolClient.java:160)
	at java.util.Optional.ifPresent(Optional.java:159)
	at org.apache.ratis.grpc.client.GrpcClientProtocolClient.close(GrpcClientProtocolClient.java:160)
	at org.apache.ratis.util.PeerProxyMap.closeProxy(PeerProxyMap.java:197)
	at org.apache.ratis.util.PeerProxyMap.lambda$resetProxy$2(PeerProxyMap.java:158)
	at java.util.Optional.map(Optional.java:215)
	at org.apache.ratis.util.PeerProxyMap.resetProxy(PeerProxyMap.java:158)
	at org.apache.ratis.util.PeerProxyMap.handleException(PeerProxyMap.java:165)
	at org.apache.ratis.client.impl.RaftClientRpcWithProxy.handleException(RaftClientRpcWithProxy.java:48)
	at org.apache.ratis.client.impl.RaftClientImpl.handleIOException(RaftClientImpl.java:445)
	at org.apache.ratis.client.impl.OrderedAsync.handleException(OrderedAsync.java:237)
	at org.apache.ratis.client.impl.OrderedAsync.lambda$sendRequestWithRetry$6(OrderedAsync.java:208)
	at java.util.concurrent.CompletableFuture.uniExceptionally(CompletableFuture.java:884)
	at java.util.concurrent.CompletableFuture$UniExceptionally.tryFire(CompletableFuture.java:866)
	at java.util.concurrent.CompletableFuture.postComplete(CompletableFuture.java:488)
	at java.util.concurrent.CompletableFuture.completeExceptionally(CompletableFuture.java:1990)
	at org.apache.ratis.grpc.client.GrpcClientProtocolClient$AsyncStreamObservers.lambda$timeoutCheck$5(GrpcClientProtocolClient.java:373)
	at java.util.Optional.ifPresent(Optional.java:159)
	at org.apache.ratis.grpc.client.GrpcClientProtocolClient$AsyncStreamObservers.handleReplyFuture(GrpcClientProtocolClient.java:378)
	at org.apache.ratis.grpc.client.GrpcClientProtocolClient$AsyncStreamObservers.timeoutCheck(GrpcClientProtocolClient.java:373)
	at org.apache.ratis.grpc.client.GrpcClientProtocolClient$AsyncStreamObservers.lambda$onNext$3(GrpcClientProtocolClient.java:366)
	at org.apache.ratis.util.TimeoutTimer.lambda$onTimeout$2(TimeoutTimer.java:101)
	at org.apache.ratis.util.LogUtils.runAndLog(LogUtils.java:38)
	at org.apache.ratis.util.LogUtils$1.run(LogUtils.java:78)
	at org.apache.ratis.util.TimeoutTimer$Task.run(TimeoutTimer.java:55)
	at java.util.TimerThread.mainLoop(Timer.java:555)
	at java.util.TimerThread.run(Timer.java:505)
2024-01-25 07:57:47,130 [timer4] DEBUG client.RaftClient (RaftClientImpl.java:handleIOException(435)) - client-2312CCC7CA78: oldLeader=s0,  curLeader=s1, newLeader=null
2024-01-25 07:57:47,130 [timer4] ERROR impl.OrderedAsync (OrderedAsync.java:lambda$sendRequestWithRetry$6(207)) - client-2312CCC7CA78: Failed* RaftClientRequest:client-2312CCC7CA78->s0@group-796A68A19D2E, cid=76, seq=32, RW, m19
java.util.concurrent.CompletionException: org.apache.ratis.protocol.exceptions.AlreadyClosedException: client-2312CCC7CA78->s0: Stream close: no reply for async request cid=76
	at java.util.concurrent.CompletableFuture.encodeThrowable(CompletableFuture.java:292)
	at java.util.concurrent.CompletableFuture.completeThrowable(CompletableFuture.java:308)
	at java.util.concurrent.CompletableFuture.uniAccept(CompletableFuture.java:661)
	at java.util.concurrent.CompletableFuture$UniAccept.tryFire(CompletableFuture.java:646)
	at java.util.concurrent.CompletableFuture.postComplete(CompletableFuture.java:488)
	at java.util.concurrent.CompletableFuture.completeExceptionally(CompletableFuture.java:1990)
	at org.apache.ratis.grpc.client.GrpcClientProtocolClient$AsyncStreamObservers.completeReplyExceptionally(GrpcClientProtocolClient.java:394)
	at org.apache.ratis.grpc.client.GrpcClientProtocolClient$AsyncStreamObservers.close(GrpcClientProtocolClient.java:383)
	at org.apache.ratis.grpc.client.GrpcClientProtocolClient$AsyncStreamObservers.access$500(GrpcClientProtocolClient.java:300)
	at org.apache.ratis.grpc.client.GrpcClientProtocolClient.lambda$close$3(GrpcClientProtocolClient.java:160)
	at java.util.Optional.ifPresent(Optional.java:159)
	at org.apache.ratis.grpc.client.GrpcClientProtocolClient.close(GrpcClientProtocolClient.java:160)
	at org.apache.ratis.util.PeerProxyMap.closeProxy(PeerProxyMap.java:197)
	at org.apache.ratis.util.PeerProxyMap.lambda$resetProxy$2(PeerProxyMap.java:158)
	at java.util.Optional.map(Optional.java:215)
	at org.apache.ratis.util.PeerProxyMap.resetProxy(PeerProxyMap.java:158)
	at org.apache.ratis.util.PeerProxyMap.handleException(PeerProxyMap.java:165)
	at org.apache.ratis.client.impl.RaftClientRpcWithProxy.handleException(RaftClientRpcWithProxy.java:48)
	at org.apache.ratis.client.impl.RaftClientImpl.handleIOException(RaftClientImpl.java:445)
	at org.apache.ratis.client.impl.OrderedAsync.handleException(OrderedAsync.java:237)
	at org.apache.ratis.client.impl.OrderedAsync.lambda$sendRequestWithRetry$6(OrderedAsync.java:208)
	at java.util.concurrent.CompletableFuture.uniExceptionally(CompletableFuture.java:884)
	at java.util.concurrent.CompletableFuture$UniExceptionally.tryFire(CompletableFuture.java:866)
	at java.util.concurrent.CompletableFuture.postComplete(CompletableFuture.java:488)
	at java.util.concurrent.CompletableFuture.completeExceptionally(CompletableFuture.java:1990)
	at org.apache.ratis.grpc.client.GrpcClientProtocolClient$AsyncStreamObservers.lambda$timeoutCheck$5(GrpcClientProtocolClient.java:373)
	at java.util.Optional.ifPresent(Optional.java:159)
	at org.apache.ratis.grpc.client.GrpcClientProtocolClient$AsyncStreamObservers.handleReplyFuture(GrpcClientProtocolClient.java:378)
	at org.apache.ratis.grpc.client.GrpcClientProtocolClient$AsyncStreamObservers.timeoutCheck(GrpcClientProtocolClient.java:373)
	at org.apache.ratis.grpc.client.GrpcClientProtocolClient$AsyncStreamObservers.lambda$onNext$3(GrpcClientProtocolClient.java:366)
	at org.apache.ratis.util.TimeoutTimer.lambda$onTimeout$2(TimeoutTimer.java:101)
	at org.apache.ratis.util.LogUtils.runAndLog(LogUtils.java:38)
	at org.apache.ratis.util.LogUtils$1.run(LogUtils.java:78)
	at org.apache.ratis.util.TimeoutTimer$Task.run(TimeoutTimer.java:55)
	at java.util.TimerThread.mainLoop(Timer.java:555)
	at java.util.TimerThread.run(Timer.java:505)
Caused by: org.apache.ratis.protocol.exceptions.AlreadyClosedException: client-2312CCC7CA78->s0: Stream close: no reply for async request cid=76
	at org.apache.ratis.grpc.client.GrpcClientProtocolClient$AsyncStreamObservers.completeReplyExceptionally(GrpcClientProtocolClient.java:396)
	... 29 more
2024-01-25 07:57:47,131 [timer4] DEBUG client.RaftClient (RaftClientImpl.java:handleIOException(417)) - client-2312CCC7CA78: suggested new leader: null. Failed RaftClientRequest:client-2312CCC7CA78->s0@group-796A68A19D2E, cid=76, seq=32, RW, m19
org.apache.ratis.protocol.exceptions.AlreadyClosedException: client-2312CCC7CA78->s0: Stream close: no reply for async request cid=76
	at org.apache.ratis.grpc.client.GrpcClientProtocolClient$AsyncStreamObservers.completeReplyExceptionally(GrpcClientProtocolClient.java:396)
	at org.apache.ratis.grpc.client.GrpcClientProtocolClient$AsyncStreamObservers.close(GrpcClientProtocolClient.java:383)
	at org.apache.ratis.grpc.client.GrpcClientProtocolClient$AsyncStreamObservers.access$500(GrpcClientProtocolClient.java:300)
	at org.apache.ratis.grpc.client.GrpcClientProtocolClient.lambda$close$3(GrpcClientProtocolClient.java:160)
	at java.util.Optional.ifPresent(Optional.java:159)
	at org.apache.ratis.grpc.client.GrpcClientProtocolClient.close(GrpcClientProtocolClient.java:160)
	at org.apache.ratis.util.PeerProxyMap.closeProxy(PeerProxyMap.java:197)
	at org.apache.ratis.util.PeerProxyMap.lambda$resetProxy$2(PeerProxyMap.java:158)
	at java.util.Optional.map(Optional.java:215)
	at org.apache.ratis.util.PeerProxyMap.resetProxy(PeerProxyMap.java:158)
	at org.apache.ratis.util.PeerProxyMap.handleException(PeerProxyMap.java:165)
	at org.apache.ratis.client.impl.RaftClientRpcWithProxy.handleException(RaftClientRpcWithProxy.java:48)
	at org.apache.ratis.client.impl.RaftClientImpl.handleIOException(RaftClientImpl.java:445)
	at org.apache.ratis.client.impl.OrderedAsync.handleException(OrderedAsync.java:237)
	at org.apache.ratis.client.impl.OrderedAsync.lambda$sendRequestWithRetry$6(OrderedAsync.java:208)
	at java.util.concurrent.CompletableFuture.uniExceptionally(CompletableFuture.java:884)
	at java.util.concurrent.CompletableFuture$UniExceptionally.tryFire(CompletableFuture.java:866)
	at java.util.concurrent.CompletableFuture.postComplete(CompletableFuture.java:488)
	at java.util.concurrent.CompletableFuture.completeExceptionally(CompletableFuture.java:1990)
	at org.apache.ratis.grpc.client.GrpcClientProtocolClient$AsyncStreamObservers.lambda$timeoutCheck$5(GrpcClientProtocolClient.java:373)
	at java.util.Optional.ifPresent(Optional.java:159)
	at org.apache.ratis.grpc.client.GrpcClientProtocolClient$AsyncStreamObservers.handleReplyFuture(GrpcClientProtocolClient.java:378)
	at org.apache.ratis.grpc.client.GrpcClientProtocolClient$AsyncStreamObservers.timeoutCheck(GrpcClientProtocolClient.java:373)
	at org.apache.ratis.grpc.client.GrpcClientProtocolClient$AsyncStreamObservers.lambda$onNext$3(GrpcClientProtocolClient.java:366)
	at org.apache.ratis.util.TimeoutTimer.lambda$onTimeout$2(TimeoutTimer.java:101)
	at org.apache.ratis.util.LogUtils.runAndLog(LogUtils.java:38)
	at org.apache.ratis.util.LogUtils$1.run(LogUtils.java:78)
	at org.apache.ratis.util.TimeoutTimer$Task.run(TimeoutTimer.java:55)
	at java.util.TimerThread.mainLoop(Timer.java:555)
	at java.util.TimerThread.run(Timer.java:505)
2024-01-25 07:57:47,131 [timer4] TRACE client.RaftClient (RaftClientImpl.java:handleIOException(419)) - Stack trace
java.lang.Throwable: TRACE
	at org.apache.ratis.client.impl.RaftClientImpl.handleIOException(RaftClientImpl.java:419)
	at org.apache.ratis.client.impl.OrderedAsync.handleException(OrderedAsync.java:237)
	at org.apache.ratis.client.impl.OrderedAsync.lambda$sendRequestWithRetry$6(OrderedAsync.java:208)
	at java.util.concurrent.CompletableFuture.uniExceptionally(CompletableFuture.java:884)
	at java.util.concurrent.CompletableFuture$UniExceptionally.tryFire(CompletableFuture.java:866)
	at java.util.concurrent.CompletableFuture.postComplete(CompletableFuture.java:488)
	at java.util.concurrent.CompletableFuture.completeExceptionally(CompletableFuture.java:1990)
	at org.apache.ratis.grpc.client.GrpcClientProtocolClient$AsyncStreamObservers.completeReplyExceptionally(GrpcClientProtocolClient.java:394)
	at org.apache.ratis.grpc.client.GrpcClientProtocolClient$AsyncStreamObservers.close(GrpcClientProtocolClient.java:383)
	at org.apache.ratis.grpc.client.GrpcClientProtocolClient$AsyncStreamObservers.access$500(GrpcClientProtocolClient.java:300)
	at org.apache.ratis.grpc.client.GrpcClientProtocolClient.lambda$close$3(GrpcClientProtocolClient.java:160)
	at java.util.Optional.ifPresent(Optional.java:159)
	at org.apache.ratis.grpc.client.GrpcClientProtocolClient.close(GrpcClientProtocolClient.java:160)
	at org.apache.ratis.util.PeerProxyMap.closeProxy(PeerProxyMap.java:197)
	at org.apache.ratis.util.PeerProxyMap.lambda$resetProxy$2(PeerProxyMap.java:158)
	at java.util.Optional.map(Optional.java:215)
	at org.apache.ratis.util.PeerProxyMap.resetProxy(PeerProxyMap.java:158)
	at org.apache.ratis.util.PeerProxyMap.handleException(PeerProxyMap.java:165)
	at org.apache.ratis.client.impl.RaftClientRpcWithProxy.handleException(RaftClientRpcWithProxy.java:48)
	at org.apache.ratis.client.impl.RaftClientImpl.handleIOException(RaftClientImpl.java:445)
	at org.apache.ratis.client.impl.OrderedAsync.handleException(OrderedAsync.java:237)
	at org.apache.ratis.client.impl.OrderedAsync.lambda$sendRequestWithRetry$6(OrderedAsync.java:208)
	at java.util.concurrent.CompletableFuture.uniExceptionally(CompletableFuture.java:884)
	at java.util.concurrent.CompletableFuture$UniExceptionally.tryFire(CompletableFuture.java:866)
	at java.util.concurrent.CompletableFuture.postComplete(CompletableFuture.java:488)
	at java.util.concurrent.CompletableFuture.completeExceptionally(CompletableFuture.java:1990)
	at org.apache.ratis.grpc.client.GrpcClientProtocolClient$AsyncStreamObservers.lambda$timeoutCheck$5(GrpcClientProtocolClient.java:373)
	at java.util.Optional.ifPresent(Optional.java:159)
	at org.apache.ratis.grpc.client.GrpcClientProtocolClient$AsyncStreamObservers.handleReplyFuture(GrpcClientProtocolClient.java:378)
	at org.apache.ratis.grpc.client.GrpcClientProtocolClient$AsyncStreamObservers.timeoutCheck(GrpcClientProtocolClient.java:373)
	at org.apache.ratis.grpc.client.GrpcClientProtocolClient$AsyncStreamObservers.lambda$onNext$3(GrpcClientProtocolClient.java:366)
	at org.apache.ratis.util.TimeoutTimer.lambda$onTimeout$2(TimeoutTimer.java:101)
	at org.apache.ratis.util.LogUtils.runAndLog(LogUtils.java:38)
	at org.apache.ratis.util.LogUtils$1.run(LogUtils.java:78)
	at org.apache.ratis.util.TimeoutTimer$Task.run(TimeoutTimer.java:55)
	at java.util.TimerThread.mainLoop(Timer.java:555)
	at java.util.TimerThread.run(Timer.java:505)
2024-01-25 07:57:47,131 [timer4] DEBUG client.RaftClient (RaftClientImpl.java:handleIOException(435)) - client-2312CCC7CA78: oldLeader=s0,  curLeader=s1, newLeader=null
2024-01-25 07:57:47,131 [timer4] ERROR impl.OrderedAsync (OrderedAsync.java:lambda$sendRequestWithRetry$6(207)) - client-2312CCC7CA78: Failed* RaftClientRequest:client-2312CCC7CA78->s0@group-796A68A19D2E, cid=61, seq=17, RW, m4
java.util.concurrent.CompletionException: org.apache.ratis.protocol.exceptions.AlreadyClosedException: client-2312CCC7CA78->s0: Stream close: no reply for async request cid=61
	at java.util.concurrent.CompletableFuture.encodeThrowable(CompletableFuture.java:292)
	at java.util.concurrent.CompletableFuture.completeThrowable(CompletableFuture.java:308)
	at java.util.concurrent.CompletableFuture.uniAccept(CompletableFuture.java:661)
	at java.util.concurrent.CompletableFuture$UniAccept.tryFire(CompletableFuture.java:646)
	at java.util.concurrent.CompletableFuture.postComplete(CompletableFuture.java:488)
	at java.util.concurrent.CompletableFuture.completeExceptionally(CompletableFuture.java:1990)
	at org.apache.ratis.grpc.client.GrpcClientProtocolClient$AsyncStreamObservers.completeReplyExceptionally(GrpcClientProtocolClient.java:394)
	at org.apache.ratis.grpc.client.GrpcClientProtocolClient$AsyncStreamObservers.close(GrpcClientProtocolClient.java:383)
	at org.apache.ratis.grpc.client.GrpcClientProtocolClient$AsyncStreamObservers.access$500(GrpcClientProtocolClient.java:300)
	at org.apache.ratis.grpc.client.GrpcClientProtocolClient.lambda$close$3(GrpcClientProtocolClient.java:160)
	at java.util.Optional.ifPresent(Optional.java:159)
	at org.apache.ratis.grpc.client.GrpcClientProtocolClient.close(GrpcClientProtocolClient.java:160)
	at org.apache.ratis.util.PeerProxyMap.closeProxy(PeerProxyMap.java:197)
	at org.apache.ratis.util.PeerProxyMap.lambda$resetProxy$2(PeerProxyMap.java:158)
	at java.util.Optional.map(Optional.java:215)
	at org.apache.ratis.util.PeerProxyMap.resetProxy(PeerProxyMap.java:158)
	at org.apache.ratis.util.PeerProxyMap.handleException(PeerProxyMap.java:165)
	at org.apache.ratis.client.impl.RaftClientRpcWithProxy.handleException(RaftClientRpcWithProxy.java:48)
	at org.apache.ratis.client.impl.RaftClientImpl.handleIOException(RaftClientImpl.java:445)
	at org.apache.ratis.client.impl.OrderedAsync.handleException(OrderedAsync.java:237)
	at org.apache.ratis.client.impl.OrderedAsync.lambda$sendRequestWithRetry$6(OrderedAsync.java:208)
	at java.util.concurrent.CompletableFuture.uniExceptionally(CompletableFuture.java:884)
	at java.util.concurrent.CompletableFuture$UniExceptionally.tryFire(CompletableFuture.java:866)
	at java.util.concurrent.CompletableFuture.postComplete(CompletableFuture.java:488)
	at java.util.concurrent.CompletableFuture.completeExceptionally(CompletableFuture.java:1990)
	at org.apache.ratis.grpc.client.GrpcClientProtocolClient$AsyncStreamObservers.lambda$timeoutCheck$5(GrpcClientProtocolClient.java:373)
	at java.util.Optional.ifPresent(Optional.java:159)
	at org.apache.ratis.grpc.client.GrpcClientProtocolClient$AsyncStreamObservers.handleReplyFuture(GrpcClientProtocolClient.java:378)
	at org.apache.ratis.grpc.client.GrpcClientProtocolClient$AsyncStreamObservers.timeoutCheck(GrpcClientProtocolClient.java:373)
	at org.apache.ratis.grpc.client.GrpcClientProtocolClient$AsyncStreamObservers.lambda$onNext$3(GrpcClientProtocolClient.java:366)
	at org.apache.ratis.util.TimeoutTimer.lambda$onTimeout$2(TimeoutTimer.java:101)
	at org.apache.ratis.util.LogUtils.runAndLog(LogUtils.java:38)
	at org.apache.ratis.util.LogUtils$1.run(LogUtils.java:78)
	at org.apache.ratis.util.TimeoutTimer$Task.run(TimeoutTimer.java:55)
	at java.util.TimerThread.mainLoop(Timer.java:555)
	at java.util.TimerThread.run(Timer.java:505)
Caused by: org.apache.ratis.protocol.exceptions.AlreadyClosedException: client-2312CCC7CA78->s0: Stream close: no reply for async request cid=61
	at org.apache.ratis.grpc.client.GrpcClientProtocolClient$AsyncStreamObservers.completeReplyExceptionally(GrpcClientProtocolClient.java:396)
	... 29 more
2024-01-25 07:57:47,132 [timer4] DEBUG client.RaftClient (RaftClientImpl.java:handleIOException(417)) - client-2312CCC7CA78: suggested new leader: null. Failed RaftClientRequest:client-2312CCC7CA78->s0@group-796A68A19D2E, cid=61, seq=17, RW, m4
org.apache.ratis.protocol.exceptions.AlreadyClosedException: client-2312CCC7CA78->s0: Stream close: no reply for async request cid=61
	at org.apache.ratis.grpc.client.GrpcClientProtocolClient$AsyncStreamObservers.completeReplyExceptionally(GrpcClientProtocolClient.java:396)
	at org.apache.ratis.grpc.client.GrpcClientProtocolClient$AsyncStreamObservers.close(GrpcClientProtocolClient.java:383)
	at org.apache.ratis.grpc.client.GrpcClientProtocolClient$AsyncStreamObservers.access$500(GrpcClientProtocolClient.java:300)
	at org.apache.ratis.grpc.client.GrpcClientProtocolClient.lambda$close$3(GrpcClientProtocolClient.java:160)
	at java.util.Optional.ifPresent(Optional.java:159)
	at org.apache.ratis.grpc.client.GrpcClientProtocolClient.close(GrpcClientProtocolClient.java:160)
	at org.apache.ratis.util.PeerProxyMap.closeProxy(PeerProxyMap.java:197)
	at org.apache.ratis.util.PeerProxyMap.lambda$resetProxy$2(PeerProxyMap.java:158)
	at java.util.Optional.map(Optional.java:215)
	at org.apache.ratis.util.PeerProxyMap.resetProxy(PeerProxyMap.java:158)
	at org.apache.ratis.util.PeerProxyMap.handleException(PeerProxyMap.java:165)
	at org.apache.ratis.client.impl.RaftClientRpcWithProxy.handleException(RaftClientRpcWithProxy.java:48)
	at org.apache.ratis.client.impl.RaftClientImpl.handleIOException(RaftClientImpl.java:445)
	at org.apache.ratis.client.impl.OrderedAsync.handleException(OrderedAsync.java:237)
	at org.apache.ratis.client.impl.OrderedAsync.lambda$sendRequestWithRetry$6(OrderedAsync.java:208)
	at java.util.concurrent.CompletableFuture.uniExceptionally(CompletableFuture.java:884)
	at java.util.concurrent.CompletableFuture$UniExceptionally.tryFire(CompletableFuture.java:866)
	at java.util.concurrent.CompletableFuture.postComplete(CompletableFuture.java:488)
	at java.util.concurrent.CompletableFuture.completeExceptionally(CompletableFuture.java:1990)
	at org.apache.ratis.grpc.client.GrpcClientProtocolClient$AsyncStreamObservers.lambda$timeoutCheck$5(GrpcClientProtocolClient.java:373)
	at java.util.Optional.ifPresent(Optional.java:159)
	at org.apache.ratis.grpc.client.GrpcClientProtocolClient$AsyncStreamObservers.handleReplyFuture(GrpcClientProtocolClient.java:378)
	at org.apache.ratis.grpc.client.GrpcClientProtocolClient$AsyncStreamObservers.timeoutCheck(GrpcClientProtocolClient.java:373)
	at org.apache.ratis.grpc.client.GrpcClientProtocolClient$AsyncStreamObservers.lambda$onNext$3(GrpcClientProtocolClient.java:366)
	at org.apache.ratis.util.TimeoutTimer.lambda$onTimeout$2(TimeoutTimer.java:101)
	at org.apache.ratis.util.LogUtils.runAndLog(LogUtils.java:38)
	at org.apache.ratis.util.LogUtils$1.run(LogUtils.java:78)
	at org.apache.ratis.util.TimeoutTimer$Task.run(TimeoutTimer.java:55)
	at java.util.TimerThread.mainLoop(Timer.java:555)
	at java.util.TimerThread.run(Timer.java:505)
2024-01-25 07:57:47,132 [timer4] TRACE client.RaftClient (RaftClientImpl.java:handleIOException(419)) - Stack trace
java.lang.Throwable: TRACE
	at org.apache.ratis.client.impl.RaftClientImpl.handleIOException(RaftClientImpl.java:419)
	at org.apache.ratis.client.impl.OrderedAsync.handleException(OrderedAsync.java:237)
	at org.apache.ratis.client.impl.OrderedAsync.lambda$sendRequestWithRetry$6(OrderedAsync.java:208)
	at java.util.concurrent.CompletableFuture.uniExceptionally(CompletableFuture.java:884)
	at java.util.concurrent.CompletableFuture$UniExceptionally.tryFire(CompletableFuture.java:866)
	at java.util.concurrent.CompletableFuture.postComplete(CompletableFuture.java:488)
	at java.util.concurrent.CompletableFuture.completeExceptionally(CompletableFuture.java:1990)
	at org.apache.ratis.grpc.client.GrpcClientProtocolClient$AsyncStreamObservers.completeReplyExceptionally(GrpcClientProtocolClient.java:394)
	at org.apache.ratis.grpc.client.GrpcClientProtocolClient$AsyncStreamObservers.close(GrpcClientProtocolClient.java:383)
	at org.apache.ratis.grpc.client.GrpcClientProtocolClient$AsyncStreamObservers.access$500(GrpcClientProtocolClient.java:300)
	at org.apache.ratis.grpc.client.GrpcClientProtocolClient.lambda$close$3(GrpcClientProtocolClient.java:160)
	at java.util.Optional.ifPresent(Optional.java:159)
	at org.apache.ratis.grpc.client.GrpcClientProtocolClient.close(GrpcClientProtocolClient.java:160)
	at org.apache.ratis.util.PeerProxyMap.closeProxy(PeerProxyMap.java:197)
	at org.apache.ratis.util.PeerProxyMap.lambda$resetProxy$2(PeerProxyMap.java:158)
	at java.util.Optional.map(Optional.java:215)
	at org.apache.ratis.util.PeerProxyMap.resetProxy(PeerProxyMap.java:158)
	at org.apache.ratis.util.PeerProxyMap.handleException(PeerProxyMap.java:165)
	at org.apache.ratis.client.impl.RaftClientRpcWithProxy.handleException(RaftClientRpcWithProxy.java:48)
	at org.apache.ratis.client.impl.RaftClientImpl.handleIOException(RaftClientImpl.java:445)
	at org.apache.ratis.client.impl.OrderedAsync.handleException(OrderedAsync.java:237)
	at org.apache.ratis.client.impl.OrderedAsync.lambda$sendRequestWithRetry$6(OrderedAsync.java:208)
	at java.util.concurrent.CompletableFuture.uniExceptionally(CompletableFuture.java:884)
	at java.util.concurrent.CompletableFuture$UniExceptionally.tryFire(CompletableFuture.java:866)
	at java.util.concurrent.CompletableFuture.postComplete(CompletableFuture.java:488)
	at java.util.concurrent.CompletableFuture.completeExceptionally(CompletableFuture.java:1990)
	at org.apache.ratis.grpc.client.GrpcClientProtocolClient$AsyncStreamObservers.lambda$timeoutCheck$5(GrpcClientProtocolClient.java:373)
	at java.util.Optional.ifPresent(Optional.java:159)
	at org.apache.ratis.grpc.client.GrpcClientProtocolClient$AsyncStreamObservers.handleReplyFuture(GrpcClientProtocolClient.java:378)
	at org.apache.ratis.grpc.client.GrpcClientProtocolClient$AsyncStreamObservers.timeoutCheck(GrpcClientProtocolClient.java:373)
	at org.apache.ratis.grpc.client.GrpcClientProtocolClient$AsyncStreamObservers.lambda$onNext$3(GrpcClientProtocolClient.java:366)
	at org.apache.ratis.util.TimeoutTimer.lambda$onTimeout$2(TimeoutTimer.java:101)
	at org.apache.ratis.util.LogUtils.runAndLog(LogUtils.java:38)
	at org.apache.ratis.util.LogUtils$1.run(LogUtils.java:78)
	at org.apache.ratis.util.TimeoutTimer$Task.run(TimeoutTimer.java:55)
	at java.util.TimerThread.mainLoop(Timer.java:555)
	at java.util.TimerThread.run(Timer.java:505)
2024-01-25 07:57:47,132 [timer4] DEBUG client.RaftClient (RaftClientImpl.java:handleIOException(435)) - client-2312CCC7CA78: oldLeader=s0,  curLeader=s1, newLeader=null
2024-01-25 07:57:47,132 [timer4] ERROR impl.OrderedAsync (OrderedAsync.java:lambda$sendRequestWithRetry$6(207)) - client-2312CCC7CA78: Failed* RaftClientRequest:client-2312CCC7CA78->s0@group-796A68A19D2E, cid=62, seq=18, RW, m5
java.util.concurrent.CompletionException: org.apache.ratis.protocol.exceptions.AlreadyClosedException: client-2312CCC7CA78->s0: Stream close: no reply for async request cid=62
	at java.util.concurrent.CompletableFuture.encodeThrowable(CompletableFuture.java:292)
	at java.util.concurrent.CompletableFuture.completeThrowable(CompletableFuture.java:308)
	at java.util.concurrent.CompletableFuture.uniAccept(CompletableFuture.java:661)
	at java.util.concurrent.CompletableFuture$UniAccept.tryFire(CompletableFuture.java:646)
	at java.util.concurrent.CompletableFuture.postComplete(CompletableFuture.java:488)
	at java.util.concurrent.CompletableFuture.completeExceptionally(CompletableFuture.java:1990)
	at org.apache.ratis.grpc.client.GrpcClientProtocolClient$AsyncStreamObservers.completeReplyExceptionally(GrpcClientProtocolClient.java:394)
	at org.apache.ratis.grpc.client.GrpcClientProtocolClient$AsyncStreamObservers.close(GrpcClientProtocolClient.java:383)
	at org.apache.ratis.grpc.client.GrpcClientProtocolClient$AsyncStreamObservers.access$500(GrpcClientProtocolClient.java:300)
	at org.apache.ratis.grpc.client.GrpcClientProtocolClient.lambda$close$3(GrpcClientProtocolClient.java:160)
	at java.util.Optional.ifPresent(Optional.java:159)
	at org.apache.ratis.grpc.client.GrpcClientProtocolClient.close(GrpcClientProtocolClient.java:160)
	at org.apache.ratis.util.PeerProxyMap.closeProxy(PeerProxyMap.java:197)
	at org.apache.ratis.util.PeerProxyMap.lambda$resetProxy$2(PeerProxyMap.java:158)
	at java.util.Optional.map(Optional.java:215)
	at org.apache.ratis.util.PeerProxyMap.resetProxy(PeerProxyMap.java:158)
	at org.apache.ratis.util.PeerProxyMap.handleException(PeerProxyMap.java:165)
	at org.apache.ratis.client.impl.RaftClientRpcWithProxy.handleException(RaftClientRpcWithProxy.java:48)
	at org.apache.ratis.client.impl.RaftClientImpl.handleIOException(RaftClientImpl.java:445)
	at org.apache.ratis.client.impl.OrderedAsync.handleException(OrderedAsync.java:237)
	at org.apache.ratis.client.impl.OrderedAsync.lambda$sendRequestWithRetry$6(OrderedAsync.java:208)
	at java.util.concurrent.CompletableFuture.uniExceptionally(CompletableFuture.java:884)
	at java.util.concurrent.CompletableFuture$UniExceptionally.tryFire(CompletableFuture.java:866)
	at java.util.concurrent.CompletableFuture.postComplete(CompletableFuture.java:488)
	at java.util.concurrent.CompletableFuture.completeExceptionally(CompletableFuture.java:1990)
	at org.apache.ratis.grpc.client.GrpcClientProtocolClient$AsyncStreamObservers.lambda$timeoutCheck$5(GrpcClientProtocolClient.java:373)
	at java.util.Optional.ifPresent(Optional.java:159)
	at org.apache.ratis.grpc.client.GrpcClientProtocolClient$AsyncStreamObservers.handleReplyFuture(GrpcClientProtocolClient.java:378)
	at org.apache.ratis.grpc.client.GrpcClientProtocolClient$AsyncStreamObservers.timeoutCheck(GrpcClientProtocolClient.java:373)
	at org.apache.ratis.grpc.client.GrpcClientProtocolClient$AsyncStreamObservers.lambda$onNext$3(GrpcClientProtocolClient.java:366)
	at org.apache.ratis.util.TimeoutTimer.lambda$onTimeout$2(TimeoutTimer.java:101)
	at org.apache.ratis.util.LogUtils.runAndLog(LogUtils.java:38)
	at org.apache.ratis.util.LogUtils$1.run(LogUtils.java:78)
	at org.apache.ratis.util.TimeoutTimer$Task.run(TimeoutTimer.java:55)
	at java.util.TimerThread.mainLoop(Timer.java:555)
	at java.util.TimerThread.run(Timer.java:505)
Caused by: org.apache.ratis.protocol.exceptions.AlreadyClosedException: client-2312CCC7CA78->s0: Stream close: no reply for async request cid=62
	at org.apache.ratis.grpc.client.GrpcClientProtocolClient$AsyncStreamObservers.completeReplyExceptionally(GrpcClientProtocolClient.java:396)
	... 29 more
2024-01-25 07:57:47,133 [timer4] DEBUG client.RaftClient (RaftClientImpl.java:handleIOException(417)) - client-2312CCC7CA78: suggested new leader: null. Failed RaftClientRequest:client-2312CCC7CA78->s0@group-796A68A19D2E, cid=62, seq=18, RW, m5
org.apache.ratis.protocol.exceptions.AlreadyClosedException: client-2312CCC7CA78->s0: Stream close: no reply for async request cid=62
	at org.apache.ratis.grpc.client.GrpcClientProtocolClient$AsyncStreamObservers.completeReplyExceptionally(GrpcClientProtocolClient.java:396)
	at org.apache.ratis.grpc.client.GrpcClientProtocolClient$AsyncStreamObservers.close(GrpcClientProtocolClient.java:383)
	at org.apache.ratis.grpc.client.GrpcClientProtocolClient$AsyncStreamObservers.access$500(GrpcClientProtocolClient.java:300)
	at org.apache.ratis.grpc.client.GrpcClientProtocolClient.lambda$close$3(GrpcClientProtocolClient.java:160)
	at java.util.Optional.ifPresent(Optional.java:159)
	at org.apache.ratis.grpc.client.GrpcClientProtocolClient.close(GrpcClientProtocolClient.java:160)
	at org.apache.ratis.util.PeerProxyMap.closeProxy(PeerProxyMap.java:197)
	at org.apache.ratis.util.PeerProxyMap.lambda$resetProxy$2(PeerProxyMap.java:158)
	at java.util.Optional.map(Optional.java:215)
	at org.apache.ratis.util.PeerProxyMap.resetProxy(PeerProxyMap.java:158)
	at org.apache.ratis.util.PeerProxyMap.handleException(PeerProxyMap.java:165)
	at org.apache.ratis.client.impl.RaftClientRpcWithProxy.handleException(RaftClientRpcWithProxy.java:48)
	at org.apache.ratis.client.impl.RaftClientImpl.handleIOException(RaftClientImpl.java:445)
	at org.apache.ratis.client.impl.OrderedAsync.handleException(OrderedAsync.java:237)
	at org.apache.ratis.client.impl.OrderedAsync.lambda$sendRequestWithRetry$6(OrderedAsync.java:208)
	at java.util.concurrent.CompletableFuture.uniExceptionally(CompletableFuture.java:884)
	at java.util.concurrent.CompletableFuture$UniExceptionally.tryFire(CompletableFuture.java:866)
	at java.util.concurrent.CompletableFuture.postComplete(CompletableFuture.java:488)
	at java.util.concurrent.CompletableFuture.completeExceptionally(CompletableFuture.java:1990)
	at org.apache.ratis.grpc.client.GrpcClientProtocolClient$AsyncStreamObservers.lambda$timeoutCheck$5(GrpcClientProtocolClient.java:373)
	at java.util.Optional.ifPresent(Optional.java:159)
	at org.apache.ratis.grpc.client.GrpcClientProtocolClient$AsyncStreamObservers.handleReplyFuture(GrpcClientProtocolClient.java:378)
	at org.apache.ratis.grpc.client.GrpcClientProtocolClient$AsyncStreamObservers.timeoutCheck(GrpcClientProtocolClient.java:373)
	at org.apache.ratis.grpc.client.GrpcClientProtocolClient$AsyncStreamObservers.lambda$onNext$3(GrpcClientProtocolClient.java:366)
	at org.apache.ratis.util.TimeoutTimer.lambda$onTimeout$2(TimeoutTimer.java:101)
	at org.apache.ratis.util.LogUtils.runAndLog(LogUtils.java:38)
	at org.apache.ratis.util.LogUtils$1.run(LogUtils.java:78)
	at org.apache.ratis.util.TimeoutTimer$Task.run(TimeoutTimer.java:55)
	at java.util.TimerThread.mainLoop(Timer.java:555)
	at java.util.TimerThread.run(Timer.java:505)
2024-01-25 07:57:47,133 [timer4] TRACE client.RaftClient (RaftClientImpl.java:handleIOException(419)) - Stack trace
java.lang.Throwable: TRACE
	at org.apache.ratis.client.impl.RaftClientImpl.handleIOException(RaftClientImpl.java:419)
	at org.apache.ratis.client.impl.OrderedAsync.handleException(OrderedAsync.java:237)
	at org.apache.ratis.client.impl.OrderedAsync.lambda$sendRequestWithRetry$6(OrderedAsync.java:208)
	at java.util.concurrent.CompletableFuture.uniExceptionally(CompletableFuture.java:884)
	at java.util.concurrent.CompletableFuture$UniExceptionally.tryFire(CompletableFuture.java:866)
	at java.util.concurrent.CompletableFuture.postComplete(CompletableFuture.java:488)
	at java.util.concurrent.CompletableFuture.completeExceptionally(CompletableFuture.java:1990)
	at org.apache.ratis.grpc.client.GrpcClientProtocolClient$AsyncStreamObservers.completeReplyExceptionally(GrpcClientProtocolClient.java:394)
	at org.apache.ratis.grpc.client.GrpcClientProtocolClient$AsyncStreamObservers.close(GrpcClientProtocolClient.java:383)
	at org.apache.ratis.grpc.client.GrpcClientProtocolClient$AsyncStreamObservers.access$500(GrpcClientProtocolClient.java:300)
	at org.apache.ratis.grpc.client.GrpcClientProtocolClient.lambda$close$3(GrpcClientProtocolClient.java:160)
	at java.util.Optional.ifPresent(Optional.java:159)
	at org.apache.ratis.grpc.client.GrpcClientProtocolClient.close(GrpcClientProtocolClient.java:160)
	at org.apache.ratis.util.PeerProxyMap.closeProxy(PeerProxyMap.java:197)
	at org.apache.ratis.util.PeerProxyMap.lambda$resetProxy$2(PeerProxyMap.java:158)
	at java.util.Optional.map(Optional.java:215)
	at org.apache.ratis.util.PeerProxyMap.resetProxy(PeerProxyMap.java:158)
	at org.apache.ratis.util.PeerProxyMap.handleException(PeerProxyMap.java:165)
	at org.apache.ratis.client.impl.RaftClientRpcWithProxy.handleException(RaftClientRpcWithProxy.java:48)
	at org.apache.ratis.client.impl.RaftClientImpl.handleIOException(RaftClientImpl.java:445)
	at org.apache.ratis.client.impl.OrderedAsync.handleException(OrderedAsync.java:237)
	at org.apache.ratis.client.impl.OrderedAsync.lambda$sendRequestWithRetry$6(OrderedAsync.java:208)
	at java.util.concurrent.CompletableFuture.uniExceptionally(CompletableFuture.java:884)
	at java.util.concurrent.CompletableFuture$UniExceptionally.tryFire(CompletableFuture.java:866)
	at java.util.concurrent.CompletableFuture.postComplete(CompletableFuture.java:488)
	at java.util.concurrent.CompletableFuture.completeExceptionally(CompletableFuture.java:1990)
	at org.apache.ratis.grpc.client.GrpcClientProtocolClient$AsyncStreamObservers.lambda$timeoutCheck$5(GrpcClientProtocolClient.java:373)
	at java.util.Optional.ifPresent(Optional.java:159)
	at org.apache.ratis.grpc.client.GrpcClientProtocolClient$AsyncStreamObservers.handleReplyFuture(GrpcClientProtocolClient.java:378)
	at org.apache.ratis.grpc.client.GrpcClientProtocolClient$AsyncStreamObservers.timeoutCheck(GrpcClientProtocolClient.java:373)
	at org.apache.ratis.grpc.client.GrpcClientProtocolClient$AsyncStreamObservers.lambda$onNext$3(GrpcClientProtocolClient.java:366)
	at org.apache.ratis.util.TimeoutTimer.lambda$onTimeout$2(TimeoutTimer.java:101)
	at org.apache.ratis.util.LogUtils.runAndLog(LogUtils.java:38)
	at org.apache.ratis.util.LogUtils$1.run(LogUtils.java:78)
	at org.apache.ratis.util.TimeoutTimer$Task.run(TimeoutTimer.java:55)
	at java.util.TimerThread.mainLoop(Timer.java:555)
	at java.util.TimerThread.run(Timer.java:505)
2024-01-25 07:57:47,133 [timer4] DEBUG client.RaftClient (RaftClientImpl.java:handleIOException(435)) - client-2312CCC7CA78: oldLeader=s0,  curLeader=s1, newLeader=null
2024-01-25 07:57:47,133 [timer4] ERROR impl.OrderedAsync (OrderedAsync.java:lambda$sendRequestWithRetry$6(207)) - client-2312CCC7CA78: Failed* RaftClientRequest:client-2312CCC7CA78->s0@group-796A68A19D2E, cid=63, seq=19, RW, m6
java.util.concurrent.CompletionException: org.apache.ratis.protocol.exceptions.AlreadyClosedException: client-2312CCC7CA78->s0: Stream close: no reply for async request cid=63
	at java.util.concurrent.CompletableFuture.encodeThrowable(CompletableFuture.java:292)
	at java.util.concurrent.CompletableFuture.completeThrowable(CompletableFuture.java:308)
	at java.util.concurrent.CompletableFuture.uniAccept(CompletableFuture.java:661)
	at java.util.concurrent.CompletableFuture$UniAccept.tryFire(CompletableFuture.java:646)
	at java.util.concurrent.CompletableFuture.postComplete(CompletableFuture.java:488)
	at java.util.concurrent.CompletableFuture.completeExceptionally(CompletableFuture.java:1990)
	at org.apache.ratis.grpc.client.GrpcClientProtocolClient$AsyncStreamObservers.completeReplyExceptionally(GrpcClientProtocolClient.java:394)
	at org.apache.ratis.grpc.client.GrpcClientProtocolClient$AsyncStreamObservers.close(GrpcClientProtocolClient.java:383)
	at org.apache.ratis.grpc.client.GrpcClientProtocolClient$AsyncStreamObservers.access$500(GrpcClientProtocolClient.java:300)
	at org.apache.ratis.grpc.client.GrpcClientProtocolClient.lambda$close$3(GrpcClientProtocolClient.java:160)
	at java.util.Optional.ifPresent(Optional.java:159)
	at org.apache.ratis.grpc.client.GrpcClientProtocolClient.close(GrpcClientProtocolClient.java:160)
	at org.apache.ratis.util.PeerProxyMap.closeProxy(PeerProxyMap.java:197)
	at org.apache.ratis.util.PeerProxyMap.lambda$resetProxy$2(PeerProxyMap.java:158)
	at java.util.Optional.map(Optional.java:215)
	at org.apache.ratis.util.PeerProxyMap.resetProxy(PeerProxyMap.java:158)
	at org.apache.ratis.util.PeerProxyMap.handleException(PeerProxyMap.java:165)
	at org.apache.ratis.client.impl.RaftClientRpcWithProxy.handleException(RaftClientRpcWithProxy.java:48)
	at org.apache.ratis.client.impl.RaftClientImpl.handleIOException(RaftClientImpl.java:445)
	at org.apache.ratis.client.impl.OrderedAsync.handleException(OrderedAsync.java:237)
	at org.apache.ratis.client.impl.OrderedAsync.lambda$sendRequestWithRetry$6(OrderedAsync.java:208)
	at java.util.concurrent.CompletableFuture.uniExceptionally(CompletableFuture.java:884)
	at java.util.concurrent.CompletableFuture$UniExceptionally.tryFire(CompletableFuture.java:866)
	at java.util.concurrent.CompletableFuture.postComplete(CompletableFuture.java:488)
	at java.util.concurrent.CompletableFuture.completeExceptionally(CompletableFuture.java:1990)
	at org.apache.ratis.grpc.client.GrpcClientProtocolClient$AsyncStreamObservers.lambda$timeoutCheck$5(GrpcClientProtocolClient.java:373)
	at java.util.Optional.ifPresent(Optional.java:159)
	at org.apache.ratis.grpc.client.GrpcClientProtocolClient$AsyncStreamObservers.handleReplyFuture(GrpcClientProtocolClient.java:378)
	at org.apache.ratis.grpc.client.GrpcClientProtocolClient$AsyncStreamObservers.timeoutCheck(GrpcClientProtocolClient.java:373)
	at org.apache.ratis.grpc.client.GrpcClientProtocolClient$AsyncStreamObservers.lambda$onNext$3(GrpcClientProtocolClient.java:366)
	at org.apache.ratis.util.TimeoutTimer.lambda$onTimeout$2(TimeoutTimer.java:101)
	at org.apache.ratis.util.LogUtils.runAndLog(LogUtils.java:38)
	at org.apache.ratis.util.LogUtils$1.run(LogUtils.java:78)
	at org.apache.ratis.util.TimeoutTimer$Task.run(TimeoutTimer.java:55)
	at java.util.TimerThread.mainLoop(Timer.java:555)
	at java.util.TimerThread.run(Timer.java:505)
Caused by: org.apache.ratis.protocol.exceptions.AlreadyClosedException: client-2312CCC7CA78->s0: Stream close: no reply for async request cid=63
	at org.apache.ratis.grpc.client.GrpcClientProtocolClient$AsyncStreamObservers.completeReplyExceptionally(GrpcClientProtocolClient.java:396)
	... 29 more
2024-01-25 07:57:47,134 [timer4] DEBUG client.RaftClient (RaftClientImpl.java:handleIOException(417)) - client-2312CCC7CA78: suggested new leader: null. Failed RaftClientRequest:client-2312CCC7CA78->s0@group-796A68A19D2E, cid=63, seq=19, RW, m6
org.apache.ratis.protocol.exceptions.AlreadyClosedException: client-2312CCC7CA78->s0: Stream close: no reply for async request cid=63
	at org.apache.ratis.grpc.client.GrpcClientProtocolClient$AsyncStreamObservers.completeReplyExceptionally(GrpcClientProtocolClient.java:396)
	at org.apache.ratis.grpc.client.GrpcClientProtocolClient$AsyncStreamObservers.close(GrpcClientProtocolClient.java:383)
	at org.apache.ratis.grpc.client.GrpcClientProtocolClient$AsyncStreamObservers.access$500(GrpcClientProtocolClient.java:300)
	at org.apache.ratis.grpc.client.GrpcClientProtocolClient.lambda$close$3(GrpcClientProtocolClient.java:160)
	at java.util.Optional.ifPresent(Optional.java:159)
	at org.apache.ratis.grpc.client.GrpcClientProtocolClient.close(GrpcClientProtocolClient.java:160)
	at org.apache.ratis.util.PeerProxyMap.closeProxy(PeerProxyMap.java:197)
	at org.apache.ratis.util.PeerProxyMap.lambda$resetProxy$2(PeerProxyMap.java:158)
	at java.util.Optional.map(Optional.java:215)
	at org.apache.ratis.util.PeerProxyMap.resetProxy(PeerProxyMap.java:158)
	at org.apache.ratis.util.PeerProxyMap.handleException(PeerProxyMap.java:165)
	at org.apache.ratis.client.impl.RaftClientRpcWithProxy.handleException(RaftClientRpcWithProxy.java:48)
	at org.apache.ratis.client.impl.RaftClientImpl.handleIOException(RaftClientImpl.java:445)
	at org.apache.ratis.client.impl.OrderedAsync.handleException(OrderedAsync.java:237)
	at org.apache.ratis.client.impl.OrderedAsync.lambda$sendRequestWithRetry$6(OrderedAsync.java:208)
	at java.util.concurrent.CompletableFuture.uniExceptionally(CompletableFuture.java:884)
	at java.util.concurrent.CompletableFuture$UniExceptionally.tryFire(CompletableFuture.java:866)
	at java.util.concurrent.CompletableFuture.postComplete(CompletableFuture.java:488)
	at java.util.concurrent.CompletableFuture.completeExceptionally(CompletableFuture.java:1990)
	at org.apache.ratis.grpc.client.GrpcClientProtocolClient$AsyncStreamObservers.lambda$timeoutCheck$5(GrpcClientProtocolClient.java:373)
	at java.util.Optional.ifPresent(Optional.java:159)
	at org.apache.ratis.grpc.client.GrpcClientProtocolClient$AsyncStreamObservers.handleReplyFuture(GrpcClientProtocolClient.java:378)
	at org.apache.ratis.grpc.client.GrpcClientProtocolClient$AsyncStreamObservers.timeoutCheck(GrpcClientProtocolClient.java:373)
	at org.apache.ratis.grpc.client.GrpcClientProtocolClient$AsyncStreamObservers.lambda$onNext$3(GrpcClientProtocolClient.java:366)
	at org.apache.ratis.util.TimeoutTimer.lambda$onTimeout$2(TimeoutTimer.java:101)
	at org.apache.ratis.util.LogUtils.runAndLog(LogUtils.java:38)
	at org.apache.ratis.util.LogUtils$1.run(LogUtils.java:78)
	at org.apache.ratis.util.TimeoutTimer$Task.run(TimeoutTimer.java:55)
	at java.util.TimerThread.mainLoop(Timer.java:555)
	at java.util.TimerThread.run(Timer.java:505)
2024-01-25 07:57:47,134 [timer4] TRACE client.RaftClient (RaftClientImpl.java:handleIOException(419)) - Stack trace
java.lang.Throwable: TRACE
	at org.apache.ratis.client.impl.RaftClientImpl.handleIOException(RaftClientImpl.java:419)
	at org.apache.ratis.client.impl.OrderedAsync.handleException(OrderedAsync.java:237)
	at org.apache.ratis.client.impl.OrderedAsync.lambda$sendRequestWithRetry$6(OrderedAsync.java:208)
	at java.util.concurrent.CompletableFuture.uniExceptionally(CompletableFuture.java:884)
	at java.util.concurrent.CompletableFuture$UniExceptionally.tryFire(CompletableFuture.java:866)
	at java.util.concurrent.CompletableFuture.postComplete(CompletableFuture.java:488)
	at java.util.concurrent.CompletableFuture.completeExceptionally(CompletableFuture.java:1990)
	at org.apache.ratis.grpc.client.GrpcClientProtocolClient$AsyncStreamObservers.completeReplyExceptionally(GrpcClientProtocolClient.java:394)
	at org.apache.ratis.grpc.client.GrpcClientProtocolClient$AsyncStreamObservers.close(GrpcClientProtocolClient.java:383)
	at org.apache.ratis.grpc.client.GrpcClientProtocolClient$AsyncStreamObservers.access$500(GrpcClientProtocolClient.java:300)
	at org.apache.ratis.grpc.client.GrpcClientProtocolClient.lambda$close$3(GrpcClientProtocolClient.java:160)
	at java.util.Optional.ifPresent(Optional.java:159)
	at org.apache.ratis.grpc.client.GrpcClientProtocolClient.close(GrpcClientProtocolClient.java:160)
	at org.apache.ratis.util.PeerProxyMap.closeProxy(PeerProxyMap.java:197)
	at org.apache.ratis.util.PeerProxyMap.lambda$resetProxy$2(PeerProxyMap.java:158)
	at java.util.Optional.map(Optional.java:215)
	at org.apache.ratis.util.PeerProxyMap.resetProxy(PeerProxyMap.java:158)
	at org.apache.ratis.util.PeerProxyMap.handleException(PeerProxyMap.java:165)
	at org.apache.ratis.client.impl.RaftClientRpcWithProxy.handleException(RaftClientRpcWithProxy.java:48)
	at org.apache.ratis.client.impl.RaftClientImpl.handleIOException(RaftClientImpl.java:445)
	at org.apache.ratis.client.impl.OrderedAsync.handleException(OrderedAsync.java:237)
	at org.apache.ratis.client.impl.OrderedAsync.lambda$sendRequestWithRetry$6(OrderedAsync.java:208)
	at java.util.concurrent.CompletableFuture.uniExceptionally(CompletableFuture.java:884)
	at java.util.concurrent.CompletableFuture$UniExceptionally.tryFire(CompletableFuture.java:866)
	at java.util.concurrent.CompletableFuture.postComplete(CompletableFuture.java:488)
	at java.util.concurrent.CompletableFuture.completeExceptionally(CompletableFuture.java:1990)
	at org.apache.ratis.grpc.client.GrpcClientProtocolClient$AsyncStreamObservers.lambda$timeoutCheck$5(GrpcClientProtocolClient.java:373)
	at java.util.Optional.ifPresent(Optional.java:159)
	at org.apache.ratis.grpc.client.GrpcClientProtocolClient$AsyncStreamObservers.handleReplyFuture(GrpcClientProtocolClient.java:378)
	at org.apache.ratis.grpc.client.GrpcClientProtocolClient$AsyncStreamObservers.timeoutCheck(GrpcClientProtocolClient.java:373)
	at org.apache.ratis.grpc.client.GrpcClientProtocolClient$AsyncStreamObservers.lambda$onNext$3(GrpcClientProtocolClient.java:366)
	at org.apache.ratis.util.TimeoutTimer.lambda$onTimeout$2(TimeoutTimer.java:101)
	at org.apache.ratis.util.LogUtils.runAndLog(LogUtils.java:38)
	at org.apache.ratis.util.LogUtils$1.run(LogUtils.java:78)
	at org.apache.ratis.util.TimeoutTimer$Task.run(TimeoutTimer.java:55)
	at java.util.TimerThread.mainLoop(Timer.java:555)
	at java.util.TimerThread.run(Timer.java:505)
2024-01-25 07:57:47,134 [timer4] DEBUG client.RaftClient (RaftClientImpl.java:handleIOException(435)) - client-2312CCC7CA78: oldLeader=s0,  curLeader=s1, newLeader=null
2024-01-25 07:57:47,216 [timer7] DEBUG client.RaftClient (RaftClientImpl.java:get(158)) - client-2312CCC7CA78: get 57 returns []
2024-01-25 07:57:47,217 [timer7] DEBUG client.RaftClient (RaftClientImpl.java:newRequest(95)) - attempt #2, newRequest RaftClientRequest:client-2312CCC7CA78->s1@group-796A68A19D2E, cid=57, seq=13*, RW, m0
2024-01-25 07:57:47,222 [s1-client-thread2] DEBUG server.RaftServer$Division (RaftServerImpl.java:submitClientRequestAsync(880)) - s1@group-796A68A19D2E: receive client request(RaftClientRequest:client-2312CCC7CA78->s1@group-796A68A19D2E, cid=57, seq=13*, RW, Message:6d30)
2024-01-25 07:57:47,224 [grpc-default-executor-10] ERROR impl.OrderedAsync (OrderedAsync.java:lambda$sendRequestWithRetry$6(207)) - client-2312CCC7CA78: Failed* RaftClientRequest:client-2312CCC7CA78->s1@group-796A68A19D2E, cid=57, seq=13*, RW, m0
java.util.concurrent.CompletionException: org.apache.ratis.protocol.exceptions.NotLeaderException: Server s1@group-796A68A19D2E is not the leader s0|localhost:15000
	at java.util.concurrent.CompletableFuture.encodeThrowable(CompletableFuture.java:292)
	at java.util.concurrent.CompletableFuture.completeThrowable(CompletableFuture.java:308)
	at java.util.concurrent.CompletableFuture.uniAccept(CompletableFuture.java:661)
	at java.util.concurrent.CompletableFuture$UniAccept.tryFire(CompletableFuture.java:646)
	at java.util.concurrent.CompletableFuture.postComplete(CompletableFuture.java:488)
	at java.util.concurrent.CompletableFuture.completeExceptionally(CompletableFuture.java:1990)
	at org.apache.ratis.grpc.client.GrpcClientProtocolClient$AsyncStreamObservers.completeReplyExceptionally(GrpcClientProtocolClient.java:394)
	at org.apache.ratis.grpc.client.GrpcClientProtocolClient$AsyncStreamObservers.access$000(GrpcClientProtocolClient.java:300)
	at org.apache.ratis.grpc.client.GrpcClientProtocolClient$AsyncStreamObservers$1.onNext(GrpcClientProtocolClient.java:314)
	at org.apache.ratis.grpc.client.GrpcClientProtocolClient$AsyncStreamObservers$1.onNext(GrpcClientProtocolClient.java:305)
	at org.apache.ratis.thirdparty.io.grpc.stub.ClientCalls$StreamObserverToCallListenerAdapter.onMessage(ClientCalls.java:468)
	at org.apache.ratis.thirdparty.io.grpc.ForwardingClientCallListener.onMessage(ForwardingClientCallListener.java:33)
	at org.apache.ratis.thirdparty.io.grpc.internal.DelayedClientCall$DelayedListener.onMessage(DelayedClientCall.java:473)
	at org.apache.ratis.thirdparty.io.grpc.internal.ClientCallImpl$ClientStreamListenerImpl$1MessagesAvailable.runInternal(ClientCallImpl.java:660)
	at org.apache.ratis.thirdparty.io.grpc.internal.ClientCallImpl$ClientStreamListenerImpl$1MessagesAvailable.runInContext(ClientCallImpl.java:647)
	at org.apache.ratis.thirdparty.io.grpc.internal.ContextRunnable.run(ContextRunnable.java:37)
	at org.apache.ratis.thirdparty.io.grpc.internal.SerializingExecutor.run(SerializingExecutor.java:133)
	at java.util.concurrent.ThreadPoolExecutor.runWorker(ThreadPoolExecutor.java:1149)
	at java.util.concurrent.ThreadPoolExecutor$Worker.run(ThreadPoolExecutor.java:624)
	at java.lang.Thread.run(Thread.java:750)
Caused by: org.apache.ratis.protocol.exceptions.NotLeaderException: Server s1@group-796A68A19D2E is not the leader s0|localhost:15000
	at org.apache.ratis.client.impl.ClientProtoUtils.toRaftClientReply(ClientProtoUtils.java:397)
	at org.apache.ratis.grpc.client.GrpcClientProtocolClient$AsyncStreamObservers$1.onNext(GrpcClientProtocolClient.java:310)
	... 11 more
2024-01-25 07:57:47,224 [grpc-default-executor-10] DEBUG client.RaftClient (RaftClientImpl.java:handleIOException(417)) - client-2312CCC7CA78: suggested new leader: s0. Failed RaftClientRequest:client-2312CCC7CA78->s1@group-796A68A19D2E, cid=57, seq=13*, RW, m0
org.apache.ratis.protocol.exceptions.NotLeaderException: Server s1@group-796A68A19D2E is not the leader s0|localhost:15000
	at org.apache.ratis.client.impl.ClientProtoUtils.toRaftClientReply(ClientProtoUtils.java:397)
	at org.apache.ratis.grpc.client.GrpcClientProtocolClient$AsyncStreamObservers$1.onNext(GrpcClientProtocolClient.java:310)
	at org.apache.ratis.grpc.client.GrpcClientProtocolClient$AsyncStreamObservers$1.onNext(GrpcClientProtocolClient.java:305)
	at org.apache.ratis.thirdparty.io.grpc.stub.ClientCalls$StreamObserverToCallListenerAdapter.onMessage(ClientCalls.java:468)
	at org.apache.ratis.thirdparty.io.grpc.ForwardingClientCallListener.onMessage(ForwardingClientCallListener.java:33)
	at org.apache.ratis.thirdparty.io.grpc.internal.DelayedClientCall$DelayedListener.onMessage(DelayedClientCall.java:473)
	at org.apache.ratis.thirdparty.io.grpc.internal.ClientCallImpl$ClientStreamListenerImpl$1MessagesAvailable.runInternal(ClientCallImpl.java:660)
	at org.apache.ratis.thirdparty.io.grpc.internal.ClientCallImpl$ClientStreamListenerImpl$1MessagesAvailable.runInContext(ClientCallImpl.java:647)
	at org.apache.ratis.thirdparty.io.grpc.internal.ContextRunnable.run(ContextRunnable.java:37)
	at org.apache.ratis.thirdparty.io.grpc.internal.SerializingExecutor.run(SerializingExecutor.java:133)
	at java.util.concurrent.ThreadPoolExecutor.runWorker(ThreadPoolExecutor.java:1149)
	at java.util.concurrent.ThreadPoolExecutor$Worker.run(ThreadPoolExecutor.java:624)
	at java.lang.Thread.run(Thread.java:750)
2024-01-25 07:57:47,224 [grpc-default-executor-10] TRACE client.RaftClient (RaftClientImpl.java:handleIOException(419)) - Stack trace
java.lang.Throwable: TRACE
	at org.apache.ratis.client.impl.RaftClientImpl.handleIOException(RaftClientImpl.java:419)
	at org.apache.ratis.client.impl.RaftClientImpl.handleNotLeaderException(RaftClientImpl.java:399)
	at org.apache.ratis.client.impl.OrderedAsync.handleException(OrderedAsync.java:235)
	at org.apache.ratis.client.impl.OrderedAsync.lambda$sendRequestWithRetry$6(OrderedAsync.java:208)
	at java.util.concurrent.CompletableFuture.uniExceptionally(CompletableFuture.java:884)
	at java.util.concurrent.CompletableFuture$UniExceptionally.tryFire(CompletableFuture.java:866)
	at java.util.concurrent.CompletableFuture.postComplete(CompletableFuture.java:488)
	at java.util.concurrent.CompletableFuture.completeExceptionally(CompletableFuture.java:1990)
	at org.apache.ratis.grpc.client.GrpcClientProtocolClient$AsyncStreamObservers.completeReplyExceptionally(GrpcClientProtocolClient.java:394)
	at org.apache.ratis.grpc.client.GrpcClientProtocolClient$AsyncStreamObservers.access$000(GrpcClientProtocolClient.java:300)
	at org.apache.ratis.grpc.client.GrpcClientProtocolClient$AsyncStreamObservers$1.onNext(GrpcClientProtocolClient.java:314)
	at org.apache.ratis.grpc.client.GrpcClientProtocolClient$AsyncStreamObservers$1.onNext(GrpcClientProtocolClient.java:305)
	at org.apache.ratis.thirdparty.io.grpc.stub.ClientCalls$StreamObserverToCallListenerAdapter.onMessage(ClientCalls.java:468)
	at org.apache.ratis.thirdparty.io.grpc.ForwardingClientCallListener.onMessage(ForwardingClientCallListener.java:33)
	at org.apache.ratis.thirdparty.io.grpc.internal.DelayedClientCall$DelayedListener.onMessage(DelayedClientCall.java:473)
	at org.apache.ratis.thirdparty.io.grpc.internal.ClientCallImpl$ClientStreamListenerImpl$1MessagesAvailable.runInternal(ClientCallImpl.java:660)
	at org.apache.ratis.thirdparty.io.grpc.internal.ClientCallImpl$ClientStreamListenerImpl$1MessagesAvailable.runInContext(ClientCallImpl.java:647)
	at org.apache.ratis.thirdparty.io.grpc.internal.ContextRunnable.run(ContextRunnable.java:37)
	at org.apache.ratis.thirdparty.io.grpc.internal.SerializingExecutor.run(SerializingExecutor.java:133)
	at java.util.concurrent.ThreadPoolExecutor.runWorker(ThreadPoolExecutor.java:1149)
	at java.util.concurrent.ThreadPoolExecutor$Worker.run(ThreadPoolExecutor.java:624)
	at java.lang.Thread.run(Thread.java:750)
2024-01-25 07:57:47,225 [grpc-default-executor-10] DEBUG client.RaftClient (RaftClientImpl.java:handleIOException(435)) - client-2312CCC7CA78: oldLeader=s1,  curLeader=s1, newLeader=s0
2024-01-25 07:57:47,225 [grpc-default-executor-10] DEBUG client.RaftClient (RaftClientImpl.java:handleIOException(441)) - client-2312CCC7CA78 changes Leader from s1 to s0 for group-796A68A19D2E
org.apache.ratis.protocol.exceptions.NotLeaderException: Server s1@group-796A68A19D2E is not the leader s0|localhost:15000
	at org.apache.ratis.client.impl.ClientProtoUtils.toRaftClientReply(ClientProtoUtils.java:397)
	at org.apache.ratis.grpc.client.GrpcClientProtocolClient$AsyncStreamObservers$1.onNext(GrpcClientProtocolClient.java:310)
	at org.apache.ratis.grpc.client.GrpcClientProtocolClient$AsyncStreamObservers$1.onNext(GrpcClientProtocolClient.java:305)
	at org.apache.ratis.thirdparty.io.grpc.stub.ClientCalls$StreamObserverToCallListenerAdapter.onMessage(ClientCalls.java:468)
	at org.apache.ratis.thirdparty.io.grpc.ForwardingClientCallListener.onMessage(ForwardingClientCallListener.java:33)
	at org.apache.ratis.thirdparty.io.grpc.internal.DelayedClientCall$DelayedListener.onMessage(DelayedClientCall.java:473)
	at org.apache.ratis.thirdparty.io.grpc.internal.ClientCallImpl$ClientStreamListenerImpl$1MessagesAvailable.runInternal(ClientCallImpl.java:660)
	at org.apache.ratis.thirdparty.io.grpc.internal.ClientCallImpl$ClientStreamListenerImpl$1MessagesAvailable.runInContext(ClientCallImpl.java:647)
	at org.apache.ratis.thirdparty.io.grpc.internal.ContextRunnable.run(ContextRunnable.java:37)
	at org.apache.ratis.thirdparty.io.grpc.internal.SerializingExecutor.run(SerializingExecutor.java:133)
	at java.util.concurrent.ThreadPoolExecutor.runWorker(ThreadPoolExecutor.java:1149)
	at java.util.concurrent.ThreadPoolExecutor$Worker.run(ThreadPoolExecutor.java:624)
	at java.lang.Thread.run(Thread.java:750)
2024-01-25 07:57:47,226 [timer0] DEBUG client.RaftClient (RaftClientImpl.java:get(158)) - client-2312CCC7CA78: get 57 returns []
2024-01-25 07:57:47,226 [timer0] DEBUG client.RaftClient (RaftClientImpl.java:newRequest(95)) - attempt #3, newRequest RaftClientRequest:client-2312CCC7CA78->s0@group-796A68A19D2E, cid=57, seq=13*, RW, m0
2024-01-25 07:57:47,231 [s0-client-thread1] DEBUG server.RaftServer$Division (RaftServerImpl.java:submitClientRequestAsync(880)) - s0@group-796A68A19D2E: receive client request(RaftClientRequest:client-2312CCC7CA78->s0@group-796A68A19D2E, cid=57, seq=13*, RW, Message:6d30)
2024-01-25 07:57:47,231 [s0-client-thread1] DEBUG server.RaftServer$Division (LeaderStateImpl.java:addPendingRequest(533)) - s0@group-796A68A19D2E-LeaderStateImpl: addPendingRequest at RaftClientRequest:client-2312CCC7CA78->s0@group-796A68A19D2E, cid=57, seq=13*, RW, Message:6d30, entry=(t:3, i:26), STATEMACHINELOGENTRY, 57@client-2312CCC7CA78
2024-01-25 07:57:47,232 [s2-server-thread2] DEBUG server.RaftServer$Division (RaftServerImpl.java:logAppendEntries(1520)) - s2@group-796A68A19D2E: receive appendEntries(s0, 3, (t:3, i:25), 25, false, commits:[s0:c25, s1:c25, s2:c25], cId:59, entries: [(t:3, i:26), STATEMACHINELOGENTRY, 57@client-2312CCC7CA78]
2024-01-25 07:57:47,232 [s1-server-thread3] DEBUG server.RaftServer$Division (RaftServerImpl.java:logAppendEntries(1520)) - s1@group-796A68A19D2E: receive appendEntries(s0, 3, (t:3, i:25), 25, false, commits:[s0:c25, s1:c25, s2:c25], cId:53, entries: [(t:3, i:26), STATEMACHINELOGENTRY, 57@client-2312CCC7CA78]
2024-01-25 07:57:47,233 [s1-server-thread3] DEBUG server.RaftServer$Division (RaftServerImpl.java:logAppendEntries(1520)) - s1@group-796A68A19D2E: succeeded to handle AppendEntries. Reply: s0<-s1#53:OK-t3,SUCCESS,nextIndex=27,followerCommit=25,matchIndex=26
2024-01-25 07:57:47,234 [s0@group-796A68A19D2E-StateMachineUpdater] INFO  impl.SimpleStateMachine4Testing (SimpleStateMachine4Testing.java:applyTransaction(248)) - applyTransaction for log index 26
2024-01-25 07:57:47,234 [s0@group-796A68A19D2E-StateMachineUpdater] INFO  impl.SimpleStateMachine4Testing (SimpleStateMachine4Testing.java:put(205)) - s0: put 26, m0 -> (t:3, i:26), STATEMACHINELOGENTRY, 57@client-2312CCC7CA78
2024-01-25 07:57:47,234 [s0@group-796A68A19D2E-LeaderStateImpl] DEBUG impl.WatchRequests (WatchRequests.java:updateIndex(150)) - s0@group-796A68A19D2E-WatchRequests: update MAJORITY index from 25 to 26
2024-01-25 07:57:47,235 [s2-server-thread2] DEBUG server.RaftServer$Division (RaftServerImpl.java:logAppendEntries(1520)) - s2@group-796A68A19D2E: receive appendEntries(s0, 3, (t:3, i:26), 26, false, commits:[s0:c26, s1:c25, s2:c25], cId:60, entries: [(t:3, i:27), METADATAENTRY(c:26)]
2024-01-25 07:57:47,235 [s1-server-thread3] DEBUG server.RaftServer$Division (RaftServerImpl.java:logAppendEntries(1520)) - s1@group-796A68A19D2E: receive appendEntries(s0, 3, (t:3, i:26), 26, false, commits:[s0:c26, s1:c25, s2:c25], cId:54, entries: [(t:3, i:27), METADATAENTRY(c:26)]
2024-01-25 07:57:47,236 [s1-server-thread3] DEBUG server.RaftServer$Division (RaftServerImpl.java:logAppendEntries(1520)) - s1@group-796A68A19D2E: succeeded to handle AppendEntries. Reply: s0<-s1#54:OK-t3,SUCCESS,nextIndex=28,followerCommit=26,matchIndex=27
2024-01-25 07:57:47,236 [grpc-default-executor-10] DEBUG client.RaftClient (RaftClientImpl.java:add(146)) - client-2312CCC7CA78: add replied callId 57
2024-01-25 07:57:47,236 [s1@group-796A68A19D2E-StateMachineUpdater] INFO  impl.SimpleStateMachine4Testing (SimpleStateMachine4Testing.java:applyTransaction(248)) - applyTransaction for log index 26
2024-01-25 07:57:47,236 [grpc-default-executor-10] INFO  grpc.TestWatchRequestWithGrpc (WatchRequestTests.java:lambda$sendRequests$0(113)) - SEND_WATCH: message=m0, logIndex=26
2024-01-25 07:57:47,236 [s1@group-796A68A19D2E-StateMachineUpdater] INFO  impl.SimpleStateMachine4Testing (SimpleStateMachine4Testing.java:put(205)) - s1: put 26, m0 -> (t:3, i:26), STATEMACHINELOGENTRY, 57@client-2312CCC7CA78
2024-01-25 07:57:47,236 [grpc-default-executor-10] DEBUG client.RaftClient (RaftClientImpl.java:get(158)) - client-2312CCC7CA78: get 77 returns [57]
2024-01-25 07:57:47,236 [grpc-default-executor-10] DEBUG client.RaftClient (RaftClientImpl.java:newRequest(95)) - attempt #1, newRequest RaftClientRequest:client-2312CCC7CA78->s0@group-796A68A19D2E, cid=77, seq=null, Watch(26), null
2024-01-25 07:57:47,236 [grpc-default-executor-10] DEBUG impl.UnorderedAsync (UnorderedAsync.java:sendRequestWithRetry(80)) - client-2312CCC7CA78: attempt #1 send~ RaftClientRequest:client-2312CCC7CA78->s0@group-796A68A19D2E, cid=77, seq=null, Watch(26), null
2024-01-25 07:57:47,236 [grpc-default-executor-6] DEBUG impl.WatchRequests (WatchRequests.java:updateIndex(150)) - s0@group-796A68A19D2E-WatchRequests: update MAJORITY_COMMITTED index from 25 to 26
2024-01-25 07:57:47,237 [s0@group-796A68A19D2E-LeaderStateImpl] DEBUG impl.WatchRequests (WatchRequests.java:updateIndex(150)) - s0@group-796A68A19D2E-WatchRequests: update MAJORITY index from 26 to 27
2024-01-25 07:57:47,237 [grpc-default-executor-10] DEBUG client.RaftClient (RaftClientImpl.java:get(158)) - client-2312CCC7CA78: get 78 returns []
2024-01-25 07:57:47,237 [grpc-default-executor-10] DEBUG client.RaftClient (RaftClientImpl.java:newRequest(95)) - attempt #1, newRequest RaftClientRequest:client-2312CCC7CA78->s0@group-796A68A19D2E, cid=78, seq=null, Watch-ALL(26), null
2024-01-25 07:57:47,237 [grpc-default-executor-10] DEBUG impl.UnorderedAsync (UnorderedAsync.java:sendRequestWithRetry(80)) - client-2312CCC7CA78: attempt #1 send~ RaftClientRequest:client-2312CCC7CA78->s0@group-796A68A19D2E, cid=78, seq=null, Watch-ALL(26), null
2024-01-25 07:57:47,238 [grpc-default-executor-10] DEBUG client.RaftClient (RaftClientImpl.java:get(158)) - client-2312CCC7CA78: get 79 returns []
2024-01-25 07:57:47,238 [grpc-default-executor-10] DEBUG client.RaftClient (RaftClientImpl.java:newRequest(95)) - attempt #1, newRequest RaftClientRequest:client-2312CCC7CA78->s0@group-796A68A19D2E, cid=79, seq=null, Watch-MAJORITY_COMMITTED(26), null
2024-01-25 07:57:47,238 [grpc-default-executor-10] DEBUG impl.UnorderedAsync (UnorderedAsync.java:sendRequestWithRetry(80)) - client-2312CCC7CA78: attempt #1 send~ RaftClientRequest:client-2312CCC7CA78->s0@group-796A68A19D2E, cid=79, seq=null, Watch-MAJORITY_COMMITTED(26), null
2024-01-25 07:57:47,238 [grpc-default-executor-10] DEBUG client.RaftClient (RaftClientImpl.java:get(158)) - client-2312CCC7CA78: get 80 returns []
2024-01-25 07:57:47,238 [grpc-default-executor-10] DEBUG client.RaftClient (RaftClientImpl.java:newRequest(95)) - attempt #1, newRequest RaftClientRequest:client-2312CCC7CA78->s0@group-796A68A19D2E, cid=80, seq=null, Watch-ALL_COMMITTED(26), null
2024-01-25 07:57:47,238 [grpc-default-executor-10] DEBUG impl.UnorderedAsync (UnorderedAsync.java:sendRequestWithRetry(80)) - client-2312CCC7CA78: attempt #1 send~ RaftClientRequest:client-2312CCC7CA78->s0@group-796A68A19D2E, cid=80, seq=null, Watch-ALL_COMMITTED(26), null
2024-01-25 07:57:47,238 [grpc-default-executor-10] DEBUG client.RaftClient (RaftClientImpl.java:get(158)) - client-2312CCC7CA78: get 59 returns []
2024-01-25 07:57:47,238 [Time-limited test] INFO  grpc.TestWatchRequestWithGrpc (WatchRequestTests.java:checkMajority(275)) - checkMajority 0: receive RaftClientReply:client-2312CCC7CA78->s0@group-796A68A19D2E, cid=57, SUCCESS, logIndex=26, commits[s0:c26, s1:c25, s2:c25]
2024-01-25 07:57:47,238 [grpc-default-executor-10] DEBUG client.RaftClient (RaftClientImpl.java:newRequest(95)) - attempt #2, newRequest RaftClientRequest:client-2312CCC7CA78->s0@group-796A68A19D2E, cid=59, seq=15, RW, m2
2024-01-25 07:57:47,239 [s0-client-thread1] DEBUG server.RaftServer$Division (RaftServerImpl.java:submitClientRequestAsync(880)) - s0@group-796A68A19D2E: receive client request(RaftClientRequest:client-2312CCC7CA78->s0@group-796A68A19D2E, cid=77, seq=null, Watch(26), Message:<EMPTY>)
2024-01-25 07:57:47,239 [grpc-default-executor-10] DEBUG client.RaftClient (RaftClientImpl.java:get(158)) - client-2312CCC7CA78: get 60 returns []
2024-01-25 07:57:47,239 [s0-client-thread1] DEBUG server.RaftServer$Division (LeaderStateImpl.java:addWatchRequest(552)) - s0@group-796A68A19D2E-LeaderStateImpl: addWatchRequest RaftClientRequest:client-2312CCC7CA78->s0@group-796A68A19D2E, cid=77, seq=null, Watch(26), Message:<EMPTY>
2024-01-25 07:57:47,239 [grpc-default-executor-10] DEBUG client.RaftClient (RaftClientImpl.java:newRequest(95)) - attempt #2, newRequest RaftClientRequest:client-2312CCC7CA78->s0@group-796A68A19D2E, cid=60, seq=16, RW, m3
2024-01-25 07:57:47,240 [grpc-default-executor-10] DEBUG client.RaftClient (RaftClientImpl.java:get(158)) - client-2312CCC7CA78: get 61 returns []
2024-01-25 07:57:47,240 [grpc-default-executor-10] DEBUG client.RaftClient (RaftClientImpl.java:newRequest(95)) - attempt #2, newRequest RaftClientRequest:client-2312CCC7CA78->s0@group-796A68A19D2E, cid=61, seq=17, RW, m4
2024-01-25 07:57:47,240 [grpc-default-executor-10] DEBUG client.RaftClient (RaftClientImpl.java:get(158)) - client-2312CCC7CA78: get 62 returns []
2024-01-25 07:57:47,240 [grpc-default-executor-10] DEBUG client.RaftClient (RaftClientImpl.java:newRequest(95)) - attempt #2, newRequest RaftClientRequest:client-2312CCC7CA78->s0@group-796A68A19D2E, cid=62, seq=18, RW, m5
2024-01-25 07:57:47,240 [grpc-default-executor-10] DEBUG client.RaftClient (RaftClientImpl.java:get(158)) - client-2312CCC7CA78: get 63 returns []
2024-01-25 07:57:47,240 [grpc-default-executor-10] DEBUG client.RaftClient (RaftClientImpl.java:newRequest(95)) - attempt #2, newRequest RaftClientRequest:client-2312CCC7CA78->s0@group-796A68A19D2E, cid=63, seq=19, RW, m6
2024-01-25 07:57:47,241 [grpc-default-executor-10] DEBUG client.RaftClient (RaftClientImpl.java:get(158)) - client-2312CCC7CA78: get 64 returns []
2024-01-25 07:57:47,241 [grpc-default-executor-10] DEBUG client.RaftClient (RaftClientImpl.java:newRequest(95)) - attempt #2, newRequest RaftClientRequest:client-2312CCC7CA78->s0@group-796A68A19D2E, cid=64, seq=20, RW, m7
2024-01-25 07:57:47,241 [grpc-default-executor-10] DEBUG client.RaftClient (RaftClientImpl.java:get(158)) - client-2312CCC7CA78: get 65 returns []
2024-01-25 07:57:47,241 [grpc-default-executor-10] DEBUG client.RaftClient (RaftClientImpl.java:newRequest(95)) - attempt #2, newRequest RaftClientRequest:client-2312CCC7CA78->s0@group-796A68A19D2E, cid=65, seq=21, RW, m8
2024-01-25 07:57:47,241 [grpc-default-executor-10] DEBUG client.RaftClient (RaftClientImpl.java:get(158)) - client-2312CCC7CA78: get 66 returns []
2024-01-25 07:57:47,241 [grpc-default-executor-10] DEBUG client.RaftClient (RaftClientImpl.java:newRequest(95)) - attempt #2, newRequest RaftClientRequest:client-2312CCC7CA78->s0@group-796A68A19D2E, cid=66, seq=22, RW, m9
2024-01-25 07:57:47,242 [grpc-default-executor-10] DEBUG client.RaftClient (RaftClientImpl.java:get(158)) - client-2312CCC7CA78: get 67 returns []
2024-01-25 07:57:47,242 [grpc-default-executor-10] DEBUG client.RaftClient (RaftClientImpl.java:newRequest(95)) - attempt #2, newRequest RaftClientRequest:client-2312CCC7CA78->s0@group-796A68A19D2E, cid=67, seq=23, RW, m10
2024-01-25 07:57:47,242 [grpc-default-executor-10] DEBUG client.RaftClient (RaftClientImpl.java:get(158)) - client-2312CCC7CA78: get 68 returns []
2024-01-25 07:57:47,243 [grpc-default-executor-10] DEBUG client.RaftClient (RaftClientImpl.java:newRequest(95)) - attempt #2, newRequest RaftClientRequest:client-2312CCC7CA78->s0@group-796A68A19D2E, cid=68, seq=24, RW, m11
2024-01-25 07:57:47,243 [grpc-default-executor-10] DEBUG client.RaftClient (RaftClientImpl.java:get(158)) - client-2312CCC7CA78: get 69 returns []
2024-01-25 07:57:47,243 [grpc-default-executor-10] DEBUG client.RaftClient (RaftClientImpl.java:newRequest(95)) - attempt #2, newRequest RaftClientRequest:client-2312CCC7CA78->s0@group-796A68A19D2E, cid=69, seq=25, RW, m12
2024-01-25 07:57:47,243 [grpc-default-executor-10] DEBUG client.RaftClient (RaftClientImpl.java:get(158)) - client-2312CCC7CA78: get 70 returns []
2024-01-25 07:57:47,243 [grpc-default-executor-10] DEBUG client.RaftClient (RaftClientImpl.java:newRequest(95)) - attempt #2, newRequest RaftClientRequest:client-2312CCC7CA78->s0@group-796A68A19D2E, cid=70, seq=26, RW, m13
2024-01-25 07:57:47,243 [grpc-default-executor-10] DEBUG client.RaftClient (RaftClientImpl.java:get(158)) - client-2312CCC7CA78: get 71 returns []
2024-01-25 07:57:47,244 [grpc-default-executor-10] DEBUG client.RaftClient (RaftClientImpl.java:newRequest(95)) - attempt #2, newRequest RaftClientRequest:client-2312CCC7CA78->s0@group-796A68A19D2E, cid=71, seq=27, RW, m14
2024-01-25 07:57:47,244 [grpc-default-executor-10] DEBUG client.RaftClient (RaftClientImpl.java:get(158)) - client-2312CCC7CA78: get 72 returns []
2024-01-25 07:57:47,244 [grpc-default-executor-10] DEBUG client.RaftClient (RaftClientImpl.java:newRequest(95)) - attempt #2, newRequest RaftClientRequest:client-2312CCC7CA78->s0@group-796A68A19D2E, cid=72, seq=28, RW, m15
2024-01-25 07:57:47,244 [grpc-default-executor-10] DEBUG client.RaftClient (RaftClientImpl.java:get(158)) - client-2312CCC7CA78: get 73 returns []
2024-01-25 07:57:47,244 [grpc-default-executor-10] DEBUG client.RaftClient (RaftClientImpl.java:newRequest(95)) - attempt #2, newRequest RaftClientRequest:client-2312CCC7CA78->s0@group-796A68A19D2E, cid=73, seq=29, RW, m16
2024-01-25 07:57:47,244 [grpc-default-executor-10] DEBUG client.RaftClient (RaftClientImpl.java:get(158)) - client-2312CCC7CA78: get 74 returns []
2024-01-25 07:57:47,244 [grpc-default-executor-10] DEBUG client.RaftClient (RaftClientImpl.java:newRequest(95)) - attempt #2, newRequest RaftClientRequest:client-2312CCC7CA78->s0@group-796A68A19D2E, cid=74, seq=30, RW, m17
2024-01-25 07:57:47,245 [grpc-default-executor-10] DEBUG client.RaftClient (RaftClientImpl.java:get(158)) - client-2312CCC7CA78: get 76 returns []
2024-01-25 07:57:47,245 [grpc-default-executor-10] DEBUG client.RaftClient (RaftClientImpl.java:newRequest(95)) - attempt #2, newRequest RaftClientRequest:client-2312CCC7CA78->s0@group-796A68A19D2E, cid=76, seq=32, RW, m19
2024-01-25 07:57:47,246 [ForkJoinPool.commonPool-worker-0] DEBUG impl.UnorderedAsync (UnorderedAsync.java:lambda$sendRequestWithRetry$4(83)) - client-2312CCC7CA78: attempt #1 receive~ RaftClientReply:client-2312CCC7CA78->s0@group-796A68A19D2E, cid=77, SUCCESS, logIndex=27, commits[s0:c27, s1:c26, s2:c25]
2024-01-25 07:57:47,246 [Time-limited test] INFO  grpc.TestWatchRequestWithGrpc (WatchRequestTests.java:get(214)) - majority-Watch(26) returns RaftClientReply:client-2312CCC7CA78->s0@group-796A68A19D2E, cid=77, SUCCESS, logIndex=27, commits[s0:c27, s1:c26, s2:c25]
2024-01-25 07:57:47,246 [s0-client-thread1] DEBUG server.RaftServer$Division (RaftServerImpl.java:submitClientRequestAsync(880)) - s0@group-796A68A19D2E: receive client request(RaftClientRequest:client-2312CCC7CA78->s0@group-796A68A19D2E, cid=78, seq=null, Watch-ALL(26), Message:<EMPTY>)
2024-01-25 07:57:47,247 [s0-client-thread1] DEBUG server.RaftServer$Division (LeaderStateImpl.java:addWatchRequest(552)) - s0@group-796A68A19D2E-LeaderStateImpl: addWatchRequest RaftClientRequest:client-2312CCC7CA78->s0@group-796A68A19D2E, cid=78, seq=null, Watch-ALL(26), Message:<EMPTY>
2024-01-25 07:57:47,247 [s0-client-thread1] DEBUG server.RaftServer$Division (RaftServerImpl.java:submitClientRequestAsync(880)) - s0@group-796A68A19D2E: receive client request(RaftClientRequest:client-2312CCC7CA78->s0@group-796A68A19D2E, cid=79, seq=null, Watch-MAJORITY_COMMITTED(26), Message:<EMPTY>)
2024-01-25 07:57:47,247 [s0-client-thread1] DEBUG server.RaftServer$Division (LeaderStateImpl.java:addWatchRequest(552)) - s0@group-796A68A19D2E-LeaderStateImpl: addWatchRequest RaftClientRequest:client-2312CCC7CA78->s0@group-796A68A19D2E, cid=79, seq=null, Watch-MAJORITY_COMMITTED(26), Message:<EMPTY>
2024-01-25 07:57:47,247 [s0-client-thread1] DEBUG server.RaftServer$Division (RaftServerImpl.java:submitClientRequestAsync(880)) - s0@group-796A68A19D2E: receive client request(RaftClientRequest:client-2312CCC7CA78->s0@group-796A68A19D2E, cid=80, seq=null, Watch-ALL_COMMITTED(26), Message:<EMPTY>)
2024-01-25 07:57:47,247 [s0-client-thread1] DEBUG server.RaftServer$Division (LeaderStateImpl.java:addWatchRequest(552)) - s0@group-796A68A19D2E-LeaderStateImpl: addWatchRequest RaftClientRequest:client-2312CCC7CA78->s0@group-796A68A19D2E, cid=80, seq=null, Watch-ALL_COMMITTED(26), Message:<EMPTY>
2024-01-25 07:57:47,247 [ForkJoinPool.commonPool-worker-0] DEBUG impl.UnorderedAsync (UnorderedAsync.java:lambda$sendRequestWithRetry$4(83)) - client-2312CCC7CA78: attempt #1 receive~ RaftClientReply:client-2312CCC7CA78->s0@group-796A68A19D2E, cid=79, SUCCESS, logIndex=26, commits[s0:c27, s1:c26, s2:c25]
2024-01-25 07:57:47,248 [Time-limited test] INFO  grpc.TestWatchRequestWithGrpc (WatchRequestTests.java:get(214)) - majorityCommitted-Watch(26) returns RaftClientReply:client-2312CCC7CA78->s0@group-796A68A19D2E, cid=79, SUCCESS, logIndex=26, commits[s0:c27, s1:c26, s2:c25]
2024-01-25 07:57:47,314 [grpc-default-executor-6] DEBUG impl.WatchRequests (WatchRequests.java:updateIndex(150)) - s0@group-796A68A19D2E-WatchRequests: update MAJORITY_COMMITTED index from 26 to 27
2024-01-25 07:57:50,135 [timer4] WARN  grpc.GrpcUtil (GrpcUtil.java:shutdownManagedChannel(237)) - Timed out gracefully shutting down connection: ManagedChannelOrphanWrapper{delegate=ManagedChannelImpl{logId=116, target=localhost:15002}}. 
2024-01-25 07:57:50,137 [timer4] DEBUG client.RaftClient (RaftClientImpl.java:get(158)) - client-2312CCC7CA78: get 75 returns []
2024-01-25 07:57:50,137 [timer4] DEBUG client.RaftClient (RaftClientImpl.java:newRequest(95)) - attempt #2, newRequest RaftClientRequest:client-2312CCC7CA78->s0@group-796A68A19D2E, cid=75, seq=31, RW, m18
2024-01-25 07:57:50,232 [timer3] WARN  server.GrpcLogAppender (GrpcLogAppender.java:timeoutAppendRequest(437)) - s0@group-796A68A19D2E->s2-GrpcLogAppender: Timed out appendEntries, errorCount=1, request=AppendEntriesRequest:cid=59,entriesCount=1,entry=(t:3, i:26)
2024-01-25 07:57:50,234 [timer4] WARN  server.GrpcLogAppender (GrpcLogAppender.java:timeoutAppendRequest(437)) - s0@group-796A68A19D2E->s2-GrpcLogAppender: Timed out appendEntries, errorCount=2, request=AppendEntriesRequest:cid=60,entriesCount=1,entry=(t:3, i:27)
2024-01-25 07:57:50,236 [timer1] DEBUG client.RaftClient (RaftClientImpl.java:get(158)) - client-2312CCC7CA78: get 58 returns []
2024-01-25 07:57:50,236 [timer1] DEBUG client.RaftClient (RaftClientImpl.java:newRequest(95)) - attempt #2, newRequest RaftClientRequest:client-2312CCC7CA78->s0@group-796A68A19D2E, cid=58, seq=14, RW, m1
2024-01-25 07:57:50,236 [s0-client-thread1] DEBUG server.RaftServer$Division (RaftServerImpl.java:submitClientRequestAsync(880)) - s0@group-796A68A19D2E: receive client request(RaftClientRequest:client-2312CCC7CA78->s0@group-796A68A19D2E, cid=58, seq=14, RW, Message:6d31)
2024-01-25 07:57:50,237 [s0-client-thread1] DEBUG server.RaftServer$Division (LeaderStateImpl.java:addPendingRequest(533)) - s0@group-796A68A19D2E-LeaderStateImpl: addPendingRequest at RaftClientRequest:client-2312CCC7CA78->s0@group-796A68A19D2E, cid=58, seq=14, RW, Message:6d31, entry=(t:3, i:28), STATEMACHINELOGENTRY, 58@client-2312CCC7CA78
2024-01-25 07:57:50,237 [s0-client-thread1] DEBUG server.RaftServer$Division (RaftServerImpl.java:submitClientRequestAsync(880)) - s0@group-796A68A19D2E: receive client request(RaftClientRequest:client-2312CCC7CA78->s0@group-796A68A19D2E, cid=59, seq=15, RW, Message:6d32)
2024-01-25 07:57:50,238 [s0-client-thread1] DEBUG server.RaftServer$Division (LeaderStateImpl.java:addPendingRequest(533)) - s0@group-796A68A19D2E-LeaderStateImpl: addPendingRequest at RaftClientRequest:client-2312CCC7CA78->s0@group-796A68A19D2E, cid=59, seq=15, RW, Message:6d32, entry=(t:3, i:29), STATEMACHINELOGENTRY, 59@client-2312CCC7CA78
2024-01-25 07:57:50,238 [s0-client-thread1] DEBUG server.RaftServer$Division (RaftServerImpl.java:submitClientRequestAsync(880)) - s0@group-796A68A19D2E: receive client request(RaftClientRequest:client-2312CCC7CA78->s0@group-796A68A19D2E, cid=60, seq=16, RW, Message:6d33)
2024-01-25 07:57:50,238 [s2-server-thread4] DEBUG server.RaftServer$Division (RaftServerImpl.java:logAppendEntries(1520)) - s2@group-796A68A19D2E: receive appendEntries(s0, 3, (t:3, i:27), 27, false, commits:[s0:c27, s1:c27, s2:c25], cId:145, entries: [(t:3, i:28), STATEMACHINELOGENTRY, 58@client-2312CCC7CA78]
2024-01-25 07:57:50,239 [timer2] ERROR impl.OrderedAsync (OrderedAsync.java:lambda$sendRequestWithRetry$6(207)) - client-2312CCC7CA78: Failed* RaftClientRequest:client-2312CCC7CA78->s0@group-796A68A19D2E, cid=60, seq=16, RW, m3
java.util.concurrent.CompletionException: org.apache.ratis.protocol.exceptions.TimeoutIOException: client-2312CCC7CA78->s0 request #60 timeout 3000ms
	at java.util.concurrent.CompletableFuture.encodeThrowable(CompletableFuture.java:292)
	at java.util.concurrent.CompletableFuture.completeThrowable(CompletableFuture.java:308)
	at java.util.concurrent.CompletableFuture.uniAccept(CompletableFuture.java:661)
	at java.util.concurrent.CompletableFuture$UniAccept.tryFire(CompletableFuture.java:646)
	at java.util.concurrent.CompletableFuture.postComplete(CompletableFuture.java:488)
	at java.util.concurrent.CompletableFuture.completeExceptionally(CompletableFuture.java:1990)
	at org.apache.ratis.grpc.client.GrpcClientProtocolClient$AsyncStreamObservers.lambda$timeoutCheck$5(GrpcClientProtocolClient.java:373)
	at java.util.Optional.ifPresent(Optional.java:159)
	at org.apache.ratis.grpc.client.GrpcClientProtocolClient$AsyncStreamObservers.handleReplyFuture(GrpcClientProtocolClient.java:378)
	at org.apache.ratis.grpc.client.GrpcClientProtocolClient$AsyncStreamObservers.timeoutCheck(GrpcClientProtocolClient.java:373)
	at org.apache.ratis.grpc.client.GrpcClientProtocolClient$AsyncStreamObservers.lambda$onNext$3(GrpcClientProtocolClient.java:366)
	at org.apache.ratis.util.TimeoutTimer.lambda$onTimeout$2(TimeoutTimer.java:101)
	at org.apache.ratis.util.LogUtils.runAndLog(LogUtils.java:38)
	at org.apache.ratis.util.LogUtils$1.run(LogUtils.java:78)
	at org.apache.ratis.util.TimeoutTimer$Task.run(TimeoutTimer.java:55)
	at java.util.TimerThread.mainLoop(Timer.java:555)
	at java.util.TimerThread.run(Timer.java:505)
Caused by: org.apache.ratis.protocol.exceptions.TimeoutIOException: client-2312CCC7CA78->s0 request #60 timeout 3000ms
	at org.apache.ratis.grpc.client.GrpcClientProtocolClient$AsyncStreamObservers.lambda$timeoutCheck$5(GrpcClientProtocolClient.java:374)
	... 10 more
2024-01-25 07:57:50,239 [timer2] DEBUG client.RaftClient (RaftClientImpl.java:handleIOException(417)) - client-2312CCC7CA78: suggested new leader: null. Failed RaftClientRequest:client-2312CCC7CA78->s0@group-796A68A19D2E, cid=60, seq=16, RW, m3
org.apache.ratis.protocol.exceptions.TimeoutIOException: client-2312CCC7CA78->s0 request #60 timeout 3000ms
	at org.apache.ratis.grpc.client.GrpcClientProtocolClient$AsyncStreamObservers.lambda$timeoutCheck$5(GrpcClientProtocolClient.java:374)
	at java.util.Optional.ifPresent(Optional.java:159)
	at org.apache.ratis.grpc.client.GrpcClientProtocolClient$AsyncStreamObservers.handleReplyFuture(GrpcClientProtocolClient.java:378)
	at org.apache.ratis.grpc.client.GrpcClientProtocolClient$AsyncStreamObservers.timeoutCheck(GrpcClientProtocolClient.java:373)
	at org.apache.ratis.grpc.client.GrpcClientProtocolClient$AsyncStreamObservers.lambda$onNext$3(GrpcClientProtocolClient.java:366)
	at org.apache.ratis.util.TimeoutTimer.lambda$onTimeout$2(TimeoutTimer.java:101)
	at org.apache.ratis.util.LogUtils.runAndLog(LogUtils.java:38)
	at org.apache.ratis.util.LogUtils$1.run(LogUtils.java:78)
	at org.apache.ratis.util.TimeoutTimer$Task.run(TimeoutTimer.java:55)
	at java.util.TimerThread.mainLoop(Timer.java:555)
	at java.util.TimerThread.run(Timer.java:505)
2024-01-25 07:57:50,239 [timer2] TRACE client.RaftClient (RaftClientImpl.java:handleIOException(419)) - Stack trace
java.lang.Throwable: TRACE
	at org.apache.ratis.client.impl.RaftClientImpl.handleIOException(RaftClientImpl.java:419)
	at org.apache.ratis.client.impl.OrderedAsync.handleException(OrderedAsync.java:237)
	at org.apache.ratis.client.impl.OrderedAsync.lambda$sendRequestWithRetry$6(OrderedAsync.java:208)
	at java.util.concurrent.CompletableFuture.uniExceptionally(CompletableFuture.java:884)
	at java.util.concurrent.CompletableFuture$UniExceptionally.tryFire(CompletableFuture.java:866)
	at java.util.concurrent.CompletableFuture.postComplete(CompletableFuture.java:488)
	at java.util.concurrent.CompletableFuture.completeExceptionally(CompletableFuture.java:1990)
	at org.apache.ratis.grpc.client.GrpcClientProtocolClient$AsyncStreamObservers.lambda$timeoutCheck$5(GrpcClientProtocolClient.java:373)
	at java.util.Optional.ifPresent(Optional.java:159)
	at org.apache.ratis.grpc.client.GrpcClientProtocolClient$AsyncStreamObservers.handleReplyFuture(GrpcClientProtocolClient.java:378)
	at org.apache.ratis.grpc.client.GrpcClientProtocolClient$AsyncStreamObservers.timeoutCheck(GrpcClientProtocolClient.java:373)
	at org.apache.ratis.grpc.client.GrpcClientProtocolClient$AsyncStreamObservers.lambda$onNext$3(GrpcClientProtocolClient.java:366)
	at org.apache.ratis.util.TimeoutTimer.lambda$onTimeout$2(TimeoutTimer.java:101)
	at org.apache.ratis.util.LogUtils.runAndLog(LogUtils.java:38)
	at org.apache.ratis.util.LogUtils$1.run(LogUtils.java:78)
	at org.apache.ratis.util.TimeoutTimer$Task.run(TimeoutTimer.java:55)
	at java.util.TimerThread.mainLoop(Timer.java:555)
	at java.util.TimerThread.run(Timer.java:505)
2024-01-25 07:57:50,239 [s1-server-thread3] DEBUG server.RaftServer$Division (RaftServerImpl.java:logAppendEntries(1520)) - s1@group-796A68A19D2E: receive appendEntries(s0, 3, (t:3, i:27), 27, false, commits:[s0:c27, s1:c27, s2:c25], cId:96, entries: [(t:3, i:28), STATEMACHINELOGENTRY, 58@client-2312CCC7CA78]
2024-01-25 07:57:50,239 [s0-client-thread1] DEBUG server.RaftServer$Division (LeaderStateImpl.java:addPendingRequest(533)) - s0@group-796A68A19D2E-LeaderStateImpl: addPendingRequest at RaftClientRequest:client-2312CCC7CA78->s0@group-796A68A19D2E, cid=60, seq=16, RW, Message:6d33, entry=(t:3, i:30), STATEMACHINELOGENTRY, 60@client-2312CCC7CA78
2024-01-25 07:57:50,240 [s2-server-thread4] DEBUG server.RaftServer$Division (RaftServerImpl.java:logAppendEntries(1520)) - s2@group-796A68A19D2E: receive appendEntries(s0, 3, (t:3, i:28), 27, false, commits:[s0:c27, s1:c27, s2:c25], cId:146, entries: [(t:3, i:29), STATEMACHINELOGENTRY, 59@client-2312CCC7CA78, (t:3, i:30), STATEMACHINELOGENTRY, 60@client-2312CCC7CA78]
2024-01-25 07:57:50,239 [timer2] DEBUG client.RaftClient (RaftClientImpl.java:handleIOException(435)) - client-2312CCC7CA78: oldLeader=s0,  curLeader=s0, newLeader=s2
2024-01-25 07:57:50,240 [timer2] DEBUG client.RaftClient (RaftClientImpl.java:handleIOException(441)) - client-2312CCC7CA78 changes Leader from s0 to s2 for group-796A68A19D2E
org.apache.ratis.protocol.exceptions.TimeoutIOException: client-2312CCC7CA78->s0 request #60 timeout 3000ms
	at org.apache.ratis.grpc.client.GrpcClientProtocolClient$AsyncStreamObservers.lambda$timeoutCheck$5(GrpcClientProtocolClient.java:374)
	at java.util.Optional.ifPresent(Optional.java:159)
	at org.apache.ratis.grpc.client.GrpcClientProtocolClient$AsyncStreamObservers.handleReplyFuture(GrpcClientProtocolClient.java:378)
	at org.apache.ratis.grpc.client.GrpcClientProtocolClient$AsyncStreamObservers.timeoutCheck(GrpcClientProtocolClient.java:373)
	at org.apache.ratis.grpc.client.GrpcClientProtocolClient$AsyncStreamObservers.lambda$onNext$3(GrpcClientProtocolClient.java:366)
	at org.apache.ratis.util.TimeoutTimer.lambda$onTimeout$2(TimeoutTimer.java:101)
	at org.apache.ratis.util.LogUtils.runAndLog(LogUtils.java:38)
	at org.apache.ratis.util.LogUtils$1.run(LogUtils.java:78)
	at org.apache.ratis.util.TimeoutTimer$Task.run(TimeoutTimer.java:55)
	at java.util.TimerThread.mainLoop(Timer.java:555)
	at java.util.TimerThread.run(Timer.java:505)
2024-01-25 07:57:50,239 [timer1] ERROR impl.OrderedAsync (OrderedAsync.java:lambda$sendRequestWithRetry$6(207)) - client-2312CCC7CA78: Failed* RaftClientRequest:client-2312CCC7CA78->s0@group-796A68A19D2E, cid=59, seq=15, RW, m2
java.util.concurrent.CompletionException: org.apache.ratis.protocol.exceptions.TimeoutIOException: client-2312CCC7CA78->s0 request #59 timeout 3000ms
	at java.util.concurrent.CompletableFuture.encodeThrowable(CompletableFuture.java:292)
	at java.util.concurrent.CompletableFuture.completeThrowable(CompletableFuture.java:308)
	at java.util.concurrent.CompletableFuture.uniAccept(CompletableFuture.java:661)
	at java.util.concurrent.CompletableFuture$UniAccept.tryFire(CompletableFuture.java:646)
	at java.util.concurrent.CompletableFuture.postComplete(CompletableFuture.java:488)
	at java.util.concurrent.CompletableFuture.completeExceptionally(CompletableFuture.java:1990)
	at org.apache.ratis.grpc.client.GrpcClientProtocolClient$AsyncStreamObservers.lambda$timeoutCheck$5(GrpcClientProtocolClient.java:373)
	at java.util.Optional.ifPresent(Optional.java:159)
	at org.apache.ratis.grpc.client.GrpcClientProtocolClient$AsyncStreamObservers.handleReplyFuture(GrpcClientProtocolClient.java:378)
	at org.apache.ratis.grpc.client.GrpcClientProtocolClient$AsyncStreamObservers.timeoutCheck(GrpcClientProtocolClient.java:373)
	at org.apache.ratis.grpc.client.GrpcClientProtocolClient$AsyncStreamObservers.lambda$onNext$3(GrpcClientProtocolClient.java:366)
	at org.apache.ratis.util.TimeoutTimer.lambda$onTimeout$2(TimeoutTimer.java:101)
	at org.apache.ratis.util.LogUtils.runAndLog(LogUtils.java:38)
	at org.apache.ratis.util.LogUtils$1.run(LogUtils.java:78)
	at org.apache.ratis.util.TimeoutTimer$Task.run(TimeoutTimer.java:55)
	at java.util.TimerThread.mainLoop(Timer.java:555)
	at java.util.TimerThread.run(Timer.java:505)
Caused by: org.apache.ratis.protocol.exceptions.TimeoutIOException: client-2312CCC7CA78->s0 request #59 timeout 3000ms
	at org.apache.ratis.grpc.client.GrpcClientProtocolClient$AsyncStreamObservers.lambda$timeoutCheck$5(GrpcClientProtocolClient.java:374)
	... 10 more
2024-01-25 07:57:50,240 [timer3] ERROR impl.OrderedAsync (OrderedAsync.java:lambda$sendRequestWithRetry$6(207)) - client-2312CCC7CA78: Failed* RaftClientRequest:client-2312CCC7CA78->s0@group-796A68A19D2E, cid=61, seq=17, RW, m4
java.util.concurrent.CompletionException: org.apache.ratis.protocol.exceptions.TimeoutIOException: client-2312CCC7CA78->s0 request #61 timeout 3000ms
	at java.util.concurrent.CompletableFuture.encodeThrowable(CompletableFuture.java:292)
	at java.util.concurrent.CompletableFuture.completeThrowable(CompletableFuture.java:308)
	at java.util.concurrent.CompletableFuture.uniAccept(CompletableFuture.java:661)
	at java.util.concurrent.CompletableFuture$UniAccept.tryFire(CompletableFuture.java:646)
	at java.util.concurrent.CompletableFuture.postComplete(CompletableFuture.java:488)
	at java.util.concurrent.CompletableFuture.completeExceptionally(CompletableFuture.java:1990)
	at org.apache.ratis.grpc.client.GrpcClientProtocolClient$AsyncStreamObservers.lambda$timeoutCheck$5(GrpcClientProtocolClient.java:373)
	at java.util.Optional.ifPresent(Optional.java:159)
	at org.apache.ratis.grpc.client.GrpcClientProtocolClient$AsyncStreamObservers.handleReplyFuture(GrpcClientProtocolClient.java:378)
	at org.apache.ratis.grpc.client.GrpcClientProtocolClient$AsyncStreamObservers.timeoutCheck(GrpcClientProtocolClient.java:373)
	at org.apache.ratis.grpc.client.GrpcClientProtocolClient$AsyncStreamObservers.lambda$onNext$3(GrpcClientProtocolClient.java:366)
	at org.apache.ratis.util.TimeoutTimer.lambda$onTimeout$2(TimeoutTimer.java:101)
	at org.apache.ratis.util.LogUtils.runAndLog(LogUtils.java:38)
	at org.apache.ratis.util.LogUtils$1.run(LogUtils.java:78)
	at org.apache.ratis.util.TimeoutTimer$Task.run(TimeoutTimer.java:55)
	at java.util.TimerThread.mainLoop(Timer.java:555)
	at java.util.TimerThread.run(Timer.java:505)
Caused by: org.apache.ratis.protocol.exceptions.TimeoutIOException: client-2312CCC7CA78->s0 request #61 timeout 3000ms
	at org.apache.ratis.grpc.client.GrpcClientProtocolClient$AsyncStreamObservers.lambda$timeoutCheck$5(GrpcClientProtocolClient.java:374)
	... 10 more
2024-01-25 07:57:50,241 [s1-server-thread3] DEBUG server.RaftServer$Division (RaftServerImpl.java:logAppendEntries(1520)) - s1@group-796A68A19D2E: succeeded to handle AppendEntries. Reply: s0<-s1#96:OK-t3,SUCCESS,nextIndex=29,followerCommit=27,matchIndex=28
2024-01-25 07:57:50,240 [s0-client-thread1] DEBUG server.RaftServer$Division (RaftServerImpl.java:submitClientRequestAsync(880)) - s0@group-796A68A19D2E: receive client request(RaftClientRequest:client-2312CCC7CA78->s0@group-796A68A19D2E, cid=61, seq=17, RW, Message:6d34)
2024-01-25 07:57:50,240 [timer2] ERROR impl.OrderedAsync (OrderedAsync.java:lambda$sendRequestWithRetry$6(207)) - client-2312CCC7CA78: Failed* RaftClientRequest:client-2312CCC7CA78->s0@group-796A68A19D2E, cid=64, seq=20, RW, m7
java.util.concurrent.CompletionException: org.apache.ratis.protocol.exceptions.AlreadyClosedException: client-2312CCC7CA78->s0: Stream close: no reply for async request cid=64
	at java.util.concurrent.CompletableFuture.encodeThrowable(CompletableFuture.java:292)
	at java.util.concurrent.CompletableFuture.completeThrowable(CompletableFuture.java:308)
	at java.util.concurrent.CompletableFuture.uniAccept(CompletableFuture.java:661)
	at java.util.concurrent.CompletableFuture$UniAccept.tryFire(CompletableFuture.java:646)
	at java.util.concurrent.CompletableFuture.postComplete(CompletableFuture.java:488)
	at java.util.concurrent.CompletableFuture.completeExceptionally(CompletableFuture.java:1990)
	at org.apache.ratis.grpc.client.GrpcClientProtocolClient$AsyncStreamObservers.completeReplyExceptionally(GrpcClientProtocolClient.java:394)
	at org.apache.ratis.grpc.client.GrpcClientProtocolClient$AsyncStreamObservers.close(GrpcClientProtocolClient.java:383)
	at org.apache.ratis.grpc.client.GrpcClientProtocolClient$AsyncStreamObservers.access$500(GrpcClientProtocolClient.java:300)
	at org.apache.ratis.grpc.client.GrpcClientProtocolClient.lambda$close$3(GrpcClientProtocolClient.java:160)
	at java.util.Optional.ifPresent(Optional.java:159)
	at org.apache.ratis.grpc.client.GrpcClientProtocolClient.close(GrpcClientProtocolClient.java:160)
	at org.apache.ratis.util.PeerProxyMap.closeProxy(PeerProxyMap.java:197)
	at org.apache.ratis.util.PeerProxyMap.lambda$resetProxy$2(PeerProxyMap.java:158)
	at java.util.Optional.map(Optional.java:215)
	at org.apache.ratis.util.PeerProxyMap.resetProxy(PeerProxyMap.java:158)
	at org.apache.ratis.util.PeerProxyMap.handleException(PeerProxyMap.java:165)
	at org.apache.ratis.client.impl.RaftClientRpcWithProxy.handleException(RaftClientRpcWithProxy.java:48)
	at org.apache.ratis.client.impl.RaftClientImpl.handleIOException(RaftClientImpl.java:445)
	at org.apache.ratis.client.impl.OrderedAsync.handleException(OrderedAsync.java:237)
	at org.apache.ratis.client.impl.OrderedAsync.lambda$sendRequestWithRetry$6(OrderedAsync.java:208)
	at java.util.concurrent.CompletableFuture.uniExceptionally(CompletableFuture.java:884)
	at java.util.concurrent.CompletableFuture$UniExceptionally.tryFire(CompletableFuture.java:866)
	at java.util.concurrent.CompletableFuture.postComplete(CompletableFuture.java:488)
	at java.util.concurrent.CompletableFuture.completeExceptionally(CompletableFuture.java:1990)
	at org.apache.ratis.grpc.client.GrpcClientProtocolClient$AsyncStreamObservers.lambda$timeoutCheck$5(GrpcClientProtocolClient.java:373)
	at java.util.Optional.ifPresent(Optional.java:159)
	at org.apache.ratis.grpc.client.GrpcClientProtocolClient$AsyncStreamObservers.handleReplyFuture(GrpcClientProtocolClient.java:378)
	at org.apache.ratis.grpc.client.GrpcClientProtocolClient$AsyncStreamObservers.timeoutCheck(GrpcClientProtocolClient.java:373)
	at org.apache.ratis.grpc.client.GrpcClientProtocolClient$AsyncStreamObservers.lambda$onNext$3(GrpcClientProtocolClient.java:366)
	at org.apache.ratis.util.TimeoutTimer.lambda$onTimeout$2(TimeoutTimer.java:101)
	at org.apache.ratis.util.LogUtils.runAndLog(LogUtils.java:38)
	at org.apache.ratis.util.LogUtils$1.run(LogUtils.java:78)
	at org.apache.ratis.util.TimeoutTimer$Task.run(TimeoutTimer.java:55)
	at java.util.TimerThread.mainLoop(Timer.java:555)
	at java.util.TimerThread.run(Timer.java:505)
Caused by: org.apache.ratis.protocol.exceptions.AlreadyClosedException: client-2312CCC7CA78->s0: Stream close: no reply for async request cid=64
	at org.apache.ratis.grpc.client.GrpcClientProtocolClient$AsyncStreamObservers.completeReplyExceptionally(GrpcClientProtocolClient.java:396)
	... 29 more
2024-01-25 07:57:50,240 [timer4] ERROR impl.OrderedAsync (OrderedAsync.java:lambda$sendRequestWithRetry$6(207)) - client-2312CCC7CA78: Failed* RaftClientRequest:client-2312CCC7CA78->s0@group-796A68A19D2E, cid=62, seq=18, RW, m5
java.util.concurrent.CompletionException: org.apache.ratis.protocol.exceptions.TimeoutIOException: client-2312CCC7CA78->s0 request #62 timeout 3000ms
	at java.util.concurrent.CompletableFuture.encodeThrowable(CompletableFuture.java:292)
	at java.util.concurrent.CompletableFuture.completeThrowable(CompletableFuture.java:308)
	at java.util.concurrent.CompletableFuture.uniAccept(CompletableFuture.java:661)
	at java.util.concurrent.CompletableFuture$UniAccept.tryFire(CompletableFuture.java:646)
	at java.util.concurrent.CompletableFuture.postComplete(CompletableFuture.java:488)
	at java.util.concurrent.CompletableFuture.completeExceptionally(CompletableFuture.java:1990)
	at org.apache.ratis.grpc.client.GrpcClientProtocolClient$AsyncStreamObservers.lambda$timeoutCheck$5(GrpcClientProtocolClient.java:373)
	at java.util.Optional.ifPresent(Optional.java:159)
	at org.apache.ratis.grpc.client.GrpcClientProtocolClient$AsyncStreamObservers.handleReplyFuture(GrpcClientProtocolClient.java:378)
	at org.apache.ratis.grpc.client.GrpcClientProtocolClient$AsyncStreamObservers.timeoutCheck(GrpcClientProtocolClient.java:373)
	at org.apache.ratis.grpc.client.GrpcClientProtocolClient$AsyncStreamObservers.lambda$onNext$3(GrpcClientProtocolClient.java:366)
	at org.apache.ratis.util.TimeoutTimer.lambda$onTimeout$2(TimeoutTimer.java:101)
	at org.apache.ratis.util.LogUtils.runAndLog(LogUtils.java:38)
	at org.apache.ratis.util.LogUtils$1.run(LogUtils.java:78)
	at org.apache.ratis.util.TimeoutTimer$Task.run(TimeoutTimer.java:55)
	at java.util.TimerThread.mainLoop(Timer.java:555)
	at java.util.TimerThread.run(Timer.java:505)
Caused by: org.apache.ratis.protocol.exceptions.TimeoutIOException: client-2312CCC7CA78->s0 request #62 timeout 3000ms
	at org.apache.ratis.grpc.client.GrpcClientProtocolClient$AsyncStreamObservers.lambda$timeoutCheck$5(GrpcClientProtocolClient.java:374)
	... 10 more
2024-01-25 07:57:50,241 [timer4] DEBUG client.RaftClient (RaftClientImpl.java:handleIOException(417)) - client-2312CCC7CA78: suggested new leader: null. Failed RaftClientRequest:client-2312CCC7CA78->s0@group-796A68A19D2E, cid=62, seq=18, RW, m5
org.apache.ratis.protocol.exceptions.TimeoutIOException: client-2312CCC7CA78->s0 request #62 timeout 3000ms
	at org.apache.ratis.grpc.client.GrpcClientProtocolClient$AsyncStreamObservers.lambda$timeoutCheck$5(GrpcClientProtocolClient.java:374)
	at java.util.Optional.ifPresent(Optional.java:159)
	at org.apache.ratis.grpc.client.GrpcClientProtocolClient$AsyncStreamObservers.handleReplyFuture(GrpcClientProtocolClient.java:378)
	at org.apache.ratis.grpc.client.GrpcClientProtocolClient$AsyncStreamObservers.timeoutCheck(GrpcClientProtocolClient.java:373)
	at org.apache.ratis.grpc.client.GrpcClientProtocolClient$AsyncStreamObservers.lambda$onNext$3(GrpcClientProtocolClient.java:366)
	at org.apache.ratis.util.TimeoutTimer.lambda$onTimeout$2(TimeoutTimer.java:101)
	at org.apache.ratis.util.LogUtils.runAndLog(LogUtils.java:38)
	at org.apache.ratis.util.LogUtils$1.run(LogUtils.java:78)
	at org.apache.ratis.util.TimeoutTimer$Task.run(TimeoutTimer.java:55)
	at java.util.TimerThread.mainLoop(Timer.java:555)
	at java.util.TimerThread.run(Timer.java:505)
2024-01-25 07:57:50,241 [timer4] TRACE client.RaftClient (RaftClientImpl.java:handleIOException(419)) - Stack trace
java.lang.Throwable: TRACE
	at org.apache.ratis.client.impl.RaftClientImpl.handleIOException(RaftClientImpl.java:419)
	at org.apache.ratis.client.impl.OrderedAsync.handleException(OrderedAsync.java:237)
	at org.apache.ratis.client.impl.OrderedAsync.lambda$sendRequestWithRetry$6(OrderedAsync.java:208)
	at java.util.concurrent.CompletableFuture.uniExceptionally(CompletableFuture.java:884)
	at java.util.concurrent.CompletableFuture$UniExceptionally.tryFire(CompletableFuture.java:866)
	at java.util.concurrent.CompletableFuture.postComplete(CompletableFuture.java:488)
	at java.util.concurrent.CompletableFuture.completeExceptionally(CompletableFuture.java:1990)
	at org.apache.ratis.grpc.client.GrpcClientProtocolClient$AsyncStreamObservers.lambda$timeoutCheck$5(GrpcClientProtocolClient.java:373)
	at java.util.Optional.ifPresent(Optional.java:159)
	at org.apache.ratis.grpc.client.GrpcClientProtocolClient$AsyncStreamObservers.handleReplyFuture(GrpcClientProtocolClient.java:378)
	at org.apache.ratis.grpc.client.GrpcClientProtocolClient$AsyncStreamObservers.timeoutCheck(GrpcClientProtocolClient.java:373)
	at org.apache.ratis.grpc.client.GrpcClientProtocolClient$AsyncStreamObservers.lambda$onNext$3(GrpcClientProtocolClient.java:366)
	at org.apache.ratis.util.TimeoutTimer.lambda$onTimeout$2(TimeoutTimer.java:101)
	at org.apache.ratis.util.LogUtils.runAndLog(LogUtils.java:38)
	at org.apache.ratis.util.LogUtils$1.run(LogUtils.java:78)
	at org.apache.ratis.util.TimeoutTimer$Task.run(TimeoutTimer.java:55)
	at java.util.TimerThread.mainLoop(Timer.java:555)
	at java.util.TimerThread.run(Timer.java:505)
2024-01-25 07:57:50,241 [timer4] DEBUG client.RaftClient (RaftClientImpl.java:handleIOException(435)) - client-2312CCC7CA78: oldLeader=s0,  curLeader=s2, newLeader=null
2024-01-25 07:57:50,240 [timer1] DEBUG client.RaftClient (RaftClientImpl.java:handleIOException(417)) - client-2312CCC7CA78: suggested new leader: null. Failed RaftClientRequest:client-2312CCC7CA78->s0@group-796A68A19D2E, cid=59, seq=15, RW, m2
org.apache.ratis.protocol.exceptions.TimeoutIOException: client-2312CCC7CA78->s0 request #59 timeout 3000ms
	at org.apache.ratis.grpc.client.GrpcClientProtocolClient$AsyncStreamObservers.lambda$timeoutCheck$5(GrpcClientProtocolClient.java:374)
	at java.util.Optional.ifPresent(Optional.java:159)
	at org.apache.ratis.grpc.client.GrpcClientProtocolClient$AsyncStreamObservers.handleReplyFuture(GrpcClientProtocolClient.java:378)
	at org.apache.ratis.grpc.client.GrpcClientProtocolClient$AsyncStreamObservers.timeoutCheck(GrpcClientProtocolClient.java:373)
	at org.apache.ratis.grpc.client.GrpcClientProtocolClient$AsyncStreamObservers.lambda$onNext$3(GrpcClientProtocolClient.java:366)
	at org.apache.ratis.util.TimeoutTimer.lambda$onTimeout$2(TimeoutTimer.java:101)
	at org.apache.ratis.util.LogUtils.runAndLog(LogUtils.java:38)
	at org.apache.ratis.util.LogUtils$1.run(LogUtils.java:78)
	at org.apache.ratis.util.TimeoutTimer$Task.run(TimeoutTimer.java:55)
	at java.util.TimerThread.mainLoop(Timer.java:555)
	at java.util.TimerThread.run(Timer.java:505)
2024-01-25 07:57:50,242 [timer1] TRACE client.RaftClient (RaftClientImpl.java:handleIOException(419)) - Stack trace
java.lang.Throwable: TRACE
	at org.apache.ratis.client.impl.RaftClientImpl.handleIOException(RaftClientImpl.java:419)
	at org.apache.ratis.client.impl.OrderedAsync.handleException(OrderedAsync.java:237)
	at org.apache.ratis.client.impl.OrderedAsync.lambda$sendRequestWithRetry$6(OrderedAsync.java:208)
	at java.util.concurrent.CompletableFuture.uniExceptionally(CompletableFuture.java:884)
	at java.util.concurrent.CompletableFuture$UniExceptionally.tryFire(CompletableFuture.java:866)
	at java.util.concurrent.CompletableFuture.postComplete(CompletableFuture.java:488)
	at java.util.concurrent.CompletableFuture.completeExceptionally(CompletableFuture.java:1990)
	at org.apache.ratis.grpc.client.GrpcClientProtocolClient$AsyncStreamObservers.lambda$timeoutCheck$5(GrpcClientProtocolClient.java:373)
	at java.util.Optional.ifPresent(Optional.java:159)
	at org.apache.ratis.grpc.client.GrpcClientProtocolClient$AsyncStreamObservers.handleReplyFuture(GrpcClientProtocolClient.java:378)
	at org.apache.ratis.grpc.client.GrpcClientProtocolClient$AsyncStreamObservers.timeoutCheck(GrpcClientProtocolClient.java:373)
	at org.apache.ratis.grpc.client.GrpcClientProtocolClient$AsyncStreamObservers.lambda$onNext$3(GrpcClientProtocolClient.java:366)
	at org.apache.ratis.util.TimeoutTimer.lambda$onTimeout$2(TimeoutTimer.java:101)
	at org.apache.ratis.util.LogUtils.runAndLog(LogUtils.java:38)
	at org.apache.ratis.util.LogUtils$1.run(LogUtils.java:78)
	at org.apache.ratis.util.TimeoutTimer$Task.run(TimeoutTimer.java:55)
	at java.util.TimerThread.mainLoop(Timer.java:555)
	at java.util.TimerThread.run(Timer.java:505)
2024-01-25 07:57:50,242 [timer1] DEBUG client.RaftClient (RaftClientImpl.java:handleIOException(435)) - client-2312CCC7CA78: oldLeader=s0,  curLeader=s2, newLeader=null
2024-01-25 07:57:50,241 [s1-server-thread3] DEBUG server.RaftServer$Division (RaftServerImpl.java:logAppendEntries(1520)) - s1@group-796A68A19D2E: receive appendEntries(s0, 3, (t:3, i:28), 27, false, commits:[s0:c27, s1:c27, s2:c25], cId:97, entries: [(t:3, i:29), STATEMACHINELOGENTRY, 59@client-2312CCC7CA78, (t:3, i:30), STATEMACHINELOGENTRY, 60@client-2312CCC7CA78]
2024-01-25 07:57:50,241 [s0-client-thread1] DEBUG server.RaftServer$Division (LeaderStateImpl.java:addPendingRequest(533)) - s0@group-796A68A19D2E-LeaderStateImpl: addPendingRequest at RaftClientRequest:client-2312CCC7CA78->s0@group-796A68A19D2E, cid=61, seq=17, RW, Message:6d34, entry=(t:3, i:31), STATEMACHINELOGENTRY, 61@client-2312CCC7CA78
2024-01-25 07:57:50,241 [timer2] DEBUG client.RaftClient (RaftClientImpl.java:handleIOException(417)) - client-2312CCC7CA78: suggested new leader: null. Failed RaftClientRequest:client-2312CCC7CA78->s0@group-796A68A19D2E, cid=64, seq=20, RW, m7
org.apache.ratis.protocol.exceptions.AlreadyClosedException: client-2312CCC7CA78->s0: Stream close: no reply for async request cid=64
	at org.apache.ratis.grpc.client.GrpcClientProtocolClient$AsyncStreamObservers.completeReplyExceptionally(GrpcClientProtocolClient.java:396)
	at org.apache.ratis.grpc.client.GrpcClientProtocolClient$AsyncStreamObservers.close(GrpcClientProtocolClient.java:383)
	at org.apache.ratis.grpc.client.GrpcClientProtocolClient$AsyncStreamObservers.access$500(GrpcClientProtocolClient.java:300)
	at org.apache.ratis.grpc.client.GrpcClientProtocolClient.lambda$close$3(GrpcClientProtocolClient.java:160)
	at java.util.Optional.ifPresent(Optional.java:159)
	at org.apache.ratis.grpc.client.GrpcClientProtocolClient.close(GrpcClientProtocolClient.java:160)
	at org.apache.ratis.util.PeerProxyMap.closeProxy(PeerProxyMap.java:197)
	at org.apache.ratis.util.PeerProxyMap.lambda$resetProxy$2(PeerProxyMap.java:158)
	at java.util.Optional.map(Optional.java:215)
	at org.apache.ratis.util.PeerProxyMap.resetProxy(PeerProxyMap.java:158)
	at org.apache.ratis.util.PeerProxyMap.handleException(PeerProxyMap.java:165)
	at org.apache.ratis.client.impl.RaftClientRpcWithProxy.handleException(RaftClientRpcWithProxy.java:48)
	at org.apache.ratis.client.impl.RaftClientImpl.handleIOException(RaftClientImpl.java:445)
	at org.apache.ratis.client.impl.OrderedAsync.handleException(OrderedAsync.java:237)
	at org.apache.ratis.client.impl.OrderedAsync.lambda$sendRequestWithRetry$6(OrderedAsync.java:208)
	at java.util.concurrent.CompletableFuture.uniExceptionally(CompletableFuture.java:884)
	at java.util.concurrent.CompletableFuture$UniExceptionally.tryFire(CompletableFuture.java:866)
	at java.util.concurrent.CompletableFuture.postComplete(CompletableFuture.java:488)
	at java.util.concurrent.CompletableFuture.completeExceptionally(CompletableFuture.java:1990)
	at org.apache.ratis.grpc.client.GrpcClientProtocolClient$AsyncStreamObservers.lambda$timeoutCheck$5(GrpcClientProtocolClient.java:373)
	at java.util.Optional.ifPresent(Optional.java:159)
	at org.apache.ratis.grpc.client.GrpcClientProtocolClient$AsyncStreamObservers.handleReplyFuture(GrpcClientProtocolClient.java:378)
	at org.apache.ratis.grpc.client.GrpcClientProtocolClient$AsyncStreamObservers.timeoutCheck(GrpcClientProtocolClient.java:373)
	at org.apache.ratis.grpc.client.GrpcClientProtocolClient$AsyncStreamObservers.lambda$onNext$3(GrpcClientProtocolClient.java:366)
	at org.apache.ratis.util.TimeoutTimer.lambda$onTimeout$2(TimeoutTimer.java:101)
	at org.apache.ratis.util.LogUtils.runAndLog(LogUtils.java:38)
	at org.apache.ratis.util.LogUtils$1.run(LogUtils.java:78)
	at org.apache.ratis.util.TimeoutTimer$Task.run(TimeoutTimer.java:55)
	at java.util.TimerThread.mainLoop(Timer.java:555)
	at java.util.TimerThread.run(Timer.java:505)
2024-01-25 07:57:50,242 [timer2] TRACE client.RaftClient (RaftClientImpl.java:handleIOException(419)) - Stack trace
java.lang.Throwable: TRACE
	at org.apache.ratis.client.impl.RaftClientImpl.handleIOException(RaftClientImpl.java:419)
	at org.apache.ratis.client.impl.OrderedAsync.handleException(OrderedAsync.java:237)
	at org.apache.ratis.client.impl.OrderedAsync.lambda$sendRequestWithRetry$6(OrderedAsync.java:208)
	at java.util.concurrent.CompletableFuture.uniExceptionally(CompletableFuture.java:884)
	at java.util.concurrent.CompletableFuture$UniExceptionally.tryFire(CompletableFuture.java:866)
	at java.util.concurrent.CompletableFuture.postComplete(CompletableFuture.java:488)
	at java.util.concurrent.CompletableFuture.completeExceptionally(CompletableFuture.java:1990)
	at org.apache.ratis.grpc.client.GrpcClientProtocolClient$AsyncStreamObservers.completeReplyExceptionally(GrpcClientProtocolClient.java:394)
	at org.apache.ratis.grpc.client.GrpcClientProtocolClient$AsyncStreamObservers.close(GrpcClientProtocolClient.java:383)
	at org.apache.ratis.grpc.client.GrpcClientProtocolClient$AsyncStreamObservers.access$500(GrpcClientProtocolClient.java:300)
	at org.apache.ratis.grpc.client.GrpcClientProtocolClient.lambda$close$3(GrpcClientProtocolClient.java:160)
	at java.util.Optional.ifPresent(Optional.java:159)
	at org.apache.ratis.grpc.client.GrpcClientProtocolClient.close(GrpcClientProtocolClient.java:160)
	at org.apache.ratis.util.PeerProxyMap.closeProxy(PeerProxyMap.java:197)
	at org.apache.ratis.util.PeerProxyMap.lambda$resetProxy$2(PeerProxyMap.java:158)
	at java.util.Optional.map(Optional.java:215)
	at org.apache.ratis.util.PeerProxyMap.resetProxy(PeerProxyMap.java:158)
	at org.apache.ratis.util.PeerProxyMap.handleException(PeerProxyMap.java:165)
	at org.apache.ratis.client.impl.RaftClientRpcWithProxy.handleException(RaftClientRpcWithProxy.java:48)
	at org.apache.ratis.client.impl.RaftClientImpl.handleIOException(RaftClientImpl.java:445)
	at org.apache.ratis.client.impl.OrderedAsync.handleException(OrderedAsync.java:237)
	at org.apache.ratis.client.impl.OrderedAsync.lambda$sendRequestWithRetry$6(OrderedAsync.java:208)
	at java.util.concurrent.CompletableFuture.uniExceptionally(CompletableFuture.java:884)
	at java.util.concurrent.CompletableFuture$UniExceptionally.tryFire(CompletableFuture.java:866)
	at java.util.concurrent.CompletableFuture.postComplete(CompletableFuture.java:488)
	at java.util.concurrent.CompletableFuture.completeExceptionally(CompletableFuture.java:1990)
	at org.apache.ratis.grpc.client.GrpcClientProtocolClient$AsyncStreamObservers.lambda$timeoutCheck$5(GrpcClientProtocolClient.java:373)
	at java.util.Optional.ifPresent(Optional.java:159)
	at org.apache.ratis.grpc.client.GrpcClientProtocolClient$AsyncStreamObservers.handleReplyFuture(GrpcClientProtocolClient.java:378)
	at org.apache.ratis.grpc.client.GrpcClientProtocolClient$AsyncStreamObservers.timeoutCheck(GrpcClientProtocolClient.java:373)
	at org.apache.ratis.grpc.client.GrpcClientProtocolClient$AsyncStreamObservers.lambda$onNext$3(GrpcClientProtocolClient.java:366)
	at org.apache.ratis.util.TimeoutTimer.lambda$onTimeout$2(TimeoutTimer.java:101)
	at org.apache.ratis.util.LogUtils.runAndLog(LogUtils.java:38)
	at org.apache.ratis.util.LogUtils$1.run(LogUtils.java:78)
	at org.apache.ratis.util.TimeoutTimer$Task.run(TimeoutTimer.java:55)
	at java.util.TimerThread.mainLoop(Timer.java:555)
	at java.util.TimerThread.run(Timer.java:505)
2024-01-25 07:57:50,243 [timer2] DEBUG client.RaftClient (RaftClientImpl.java:handleIOException(435)) - client-2312CCC7CA78: oldLeader=s0,  curLeader=s2, newLeader=null
2024-01-25 07:57:50,243 [s1-server-thread3] DEBUG server.RaftServer$Division (RaftServerImpl.java:logAppendEntries(1520)) - s1@group-796A68A19D2E: receive appendEntries(s0, 3, (t:3, i:30), 27, false, commits:[s0:c27, s1:c27, s2:c25], cId:98, entries: [(t:3, i:31), STATEMACHINELOGENTRY, 61@client-2312CCC7CA78]
2024-01-25 07:57:50,243 [timer2] ERROR impl.OrderedAsync (OrderedAsync.java:lambda$sendRequestWithRetry$6(207)) - client-2312CCC7CA78: Failed* RaftClientRequest:client-2312CCC7CA78->s0@group-796A68A19D2E, cid=65, seq=21, RW, m8
java.util.concurrent.CompletionException: org.apache.ratis.protocol.exceptions.AlreadyClosedException: client-2312CCC7CA78->s0: Stream close: no reply for async request cid=65
	at java.util.concurrent.CompletableFuture.encodeThrowable(CompletableFuture.java:292)
	at java.util.concurrent.CompletableFuture.completeThrowable(CompletableFuture.java:308)
	at java.util.concurrent.CompletableFuture.uniAccept(CompletableFuture.java:661)
	at java.util.concurrent.CompletableFuture$UniAccept.tryFire(CompletableFuture.java:646)
	at java.util.concurrent.CompletableFuture.postComplete(CompletableFuture.java:488)
	at java.util.concurrent.CompletableFuture.completeExceptionally(CompletableFuture.java:1990)
	at org.apache.ratis.grpc.client.GrpcClientProtocolClient$AsyncStreamObservers.completeReplyExceptionally(GrpcClientProtocolClient.java:394)
	at org.apache.ratis.grpc.client.GrpcClientProtocolClient$AsyncStreamObservers.close(GrpcClientProtocolClient.java:383)
	at org.apache.ratis.grpc.client.GrpcClientProtocolClient$AsyncStreamObservers.access$500(GrpcClientProtocolClient.java:300)
	at org.apache.ratis.grpc.client.GrpcClientProtocolClient.lambda$close$3(GrpcClientProtocolClient.java:160)
	at java.util.Optional.ifPresent(Optional.java:159)
	at org.apache.ratis.grpc.client.GrpcClientProtocolClient.close(GrpcClientProtocolClient.java:160)
	at org.apache.ratis.util.PeerProxyMap.closeProxy(PeerProxyMap.java:197)
	at org.apache.ratis.util.PeerProxyMap.lambda$resetProxy$2(PeerProxyMap.java:158)
	at java.util.Optional.map(Optional.java:215)
	at org.apache.ratis.util.PeerProxyMap.resetProxy(PeerProxyMap.java:158)
	at org.apache.ratis.util.PeerProxyMap.handleException(PeerProxyMap.java:165)
	at org.apache.ratis.client.impl.RaftClientRpcWithProxy.handleException(RaftClientRpcWithProxy.java:48)
	at org.apache.ratis.client.impl.RaftClientImpl.handleIOException(RaftClientImpl.java:445)
	at org.apache.ratis.client.impl.OrderedAsync.handleException(OrderedAsync.java:237)
	at org.apache.ratis.client.impl.OrderedAsync.lambda$sendRequestWithRetry$6(OrderedAsync.java:208)
	at java.util.concurrent.CompletableFuture.uniExceptionally(CompletableFuture.java:884)
	at java.util.concurrent.CompletableFuture$UniExceptionally.tryFire(CompletableFuture.java:866)
	at java.util.concurrent.CompletableFuture.postComplete(CompletableFuture.java:488)
	at java.util.concurrent.CompletableFuture.completeExceptionally(CompletableFuture.java:1990)
	at org.apache.ratis.grpc.client.GrpcClientProtocolClient$AsyncStreamObservers.lambda$timeoutCheck$5(GrpcClientProtocolClient.java:373)
	at java.util.Optional.ifPresent(Optional.java:159)
	at org.apache.ratis.grpc.client.GrpcClientProtocolClient$AsyncStreamObservers.handleReplyFuture(GrpcClientProtocolClient.java:378)
	at org.apache.ratis.grpc.client.GrpcClientProtocolClient$AsyncStreamObservers.timeoutCheck(GrpcClientProtocolClient.java:373)
	at org.apache.ratis.grpc.client.GrpcClientProtocolClient$AsyncStreamObservers.lambda$onNext$3(GrpcClientProtocolClient.java:366)
	at org.apache.ratis.util.TimeoutTimer.lambda$onTimeout$2(TimeoutTimer.java:101)
	at org.apache.ratis.util.LogUtils.runAndLog(LogUtils.java:38)
	at org.apache.ratis.util.LogUtils$1.run(LogUtils.java:78)
	at org.apache.ratis.util.TimeoutTimer$Task.run(TimeoutTimer.java:55)
	at java.util.TimerThread.mainLoop(Timer.java:555)
	at java.util.TimerThread.run(Timer.java:505)
Caused by: org.apache.ratis.protocol.exceptions.AlreadyClosedException: client-2312CCC7CA78->s0: Stream close: no reply for async request cid=65
	at org.apache.ratis.grpc.client.GrpcClientProtocolClient$AsyncStreamObservers.completeReplyExceptionally(GrpcClientProtocolClient.java:396)
	... 29 more
2024-01-25 07:57:50,243 [s1-server-thread3] DEBUG server.RaftServer$Division (RaftServerImpl.java:logAppendEntries(1520)) - s1@group-796A68A19D2E: succeeded to handle AppendEntries. Reply: s0<-s1#97:OK-t3,SUCCESS,nextIndex=31,followerCommit=27,matchIndex=30
2024-01-25 07:57:50,243 [timer2] DEBUG client.RaftClient (RaftClientImpl.java:handleIOException(417)) - client-2312CCC7CA78: suggested new leader: null. Failed RaftClientRequest:client-2312CCC7CA78->s0@group-796A68A19D2E, cid=65, seq=21, RW, m8
org.apache.ratis.protocol.exceptions.AlreadyClosedException: client-2312CCC7CA78->s0: Stream close: no reply for async request cid=65
	at org.apache.ratis.grpc.client.GrpcClientProtocolClient$AsyncStreamObservers.completeReplyExceptionally(GrpcClientProtocolClient.java:396)
	at org.apache.ratis.grpc.client.GrpcClientProtocolClient$AsyncStreamObservers.close(GrpcClientProtocolClient.java:383)
	at org.apache.ratis.grpc.client.GrpcClientProtocolClient$AsyncStreamObservers.access$500(GrpcClientProtocolClient.java:300)
	at org.apache.ratis.grpc.client.GrpcClientProtocolClient.lambda$close$3(GrpcClientProtocolClient.java:160)
	at java.util.Optional.ifPresent(Optional.java:159)
	at org.apache.ratis.grpc.client.GrpcClientProtocolClient.close(GrpcClientProtocolClient.java:160)
	at org.apache.ratis.util.PeerProxyMap.closeProxy(PeerProxyMap.java:197)
	at org.apache.ratis.util.PeerProxyMap.lambda$resetProxy$2(PeerProxyMap.java:158)
	at java.util.Optional.map(Optional.java:215)
	at org.apache.ratis.util.PeerProxyMap.resetProxy(PeerProxyMap.java:158)
	at org.apache.ratis.util.PeerProxyMap.handleException(PeerProxyMap.java:165)
	at org.apache.ratis.client.impl.RaftClientRpcWithProxy.handleException(RaftClientRpcWithProxy.java:48)
	at org.apache.ratis.client.impl.RaftClientImpl.handleIOException(RaftClientImpl.java:445)
	at org.apache.ratis.client.impl.OrderedAsync.handleException(OrderedAsync.java:237)
	at org.apache.ratis.client.impl.OrderedAsync.lambda$sendRequestWithRetry$6(OrderedAsync.java:208)
	at java.util.concurrent.CompletableFuture.uniExceptionally(CompletableFuture.java:884)
	at java.util.concurrent.CompletableFuture$UniExceptionally.tryFire(CompletableFuture.java:866)
	at java.util.concurrent.CompletableFuture.postComplete(CompletableFuture.java:488)
	at java.util.concurrent.CompletableFuture.completeExceptionally(CompletableFuture.java:1990)
	at org.apache.ratis.grpc.client.GrpcClientProtocolClient$AsyncStreamObservers.lambda$timeoutCheck$5(GrpcClientProtocolClient.java:373)
	at java.util.Optional.ifPresent(Optional.java:159)
	at org.apache.ratis.grpc.client.GrpcClientProtocolClient$AsyncStreamObservers.handleReplyFuture(GrpcClientProtocolClient.java:378)
	at org.apache.ratis.grpc.client.GrpcClientProtocolClient$AsyncStreamObservers.timeoutCheck(GrpcClientProtocolClient.java:373)
	at org.apache.ratis.grpc.client.GrpcClientProtocolClient$AsyncStreamObservers.lambda$onNext$3(GrpcClientProtocolClient.java:366)
	at org.apache.ratis.util.TimeoutTimer.lambda$onTimeout$2(TimeoutTimer.java:101)
	at org.apache.ratis.util.LogUtils.runAndLog(LogUtils.java:38)
	at org.apache.ratis.util.LogUtils$1.run(LogUtils.java:78)
	at org.apache.ratis.util.TimeoutTimer$Task.run(TimeoutTimer.java:55)
	at java.util.TimerThread.mainLoop(Timer.java:555)
	at java.util.TimerThread.run(Timer.java:505)
2024-01-25 07:57:50,243 [timer2] TRACE client.RaftClient (RaftClientImpl.java:handleIOException(419)) - Stack trace
java.lang.Throwable: TRACE
	at org.apache.ratis.client.impl.RaftClientImpl.handleIOException(RaftClientImpl.java:419)
	at org.apache.ratis.client.impl.OrderedAsync.handleException(OrderedAsync.java:237)
	at org.apache.ratis.client.impl.OrderedAsync.lambda$sendRequestWithRetry$6(OrderedAsync.java:208)
	at java.util.concurrent.CompletableFuture.uniExceptionally(CompletableFuture.java:884)
	at java.util.concurrent.CompletableFuture$UniExceptionally.tryFire(CompletableFuture.java:866)
	at java.util.concurrent.CompletableFuture.postComplete(CompletableFuture.java:488)
	at java.util.concurrent.CompletableFuture.completeExceptionally(CompletableFuture.java:1990)
	at org.apache.ratis.grpc.client.GrpcClientProtocolClient$AsyncStreamObservers.completeReplyExceptionally(GrpcClientProtocolClient.java:394)
	at org.apache.ratis.grpc.client.GrpcClientProtocolClient$AsyncStreamObservers.close(GrpcClientProtocolClient.java:383)
	at org.apache.ratis.grpc.client.GrpcClientProtocolClient$AsyncStreamObservers.access$500(GrpcClientProtocolClient.java:300)
	at org.apache.ratis.grpc.client.GrpcClientProtocolClient.lambda$close$3(GrpcClientProtocolClient.java:160)
	at java.util.Optional.ifPresent(Optional.java:159)
	at org.apache.ratis.grpc.client.GrpcClientProtocolClient.close(GrpcClientProtocolClient.java:160)
	at org.apache.ratis.util.PeerProxyMap.closeProxy(PeerProxyMap.java:197)
	at org.apache.ratis.util.PeerProxyMap.lambda$resetProxy$2(PeerProxyMap.java:158)
	at java.util.Optional.map(Optional.java:215)
	at org.apache.ratis.util.PeerProxyMap.resetProxy(PeerProxyMap.java:158)
	at org.apache.ratis.util.PeerProxyMap.handleException(PeerProxyMap.java:165)
	at org.apache.ratis.client.impl.RaftClientRpcWithProxy.handleException(RaftClientRpcWithProxy.java:48)
	at org.apache.ratis.client.impl.RaftClientImpl.handleIOException(RaftClientImpl.java:445)
	at org.apache.ratis.client.impl.OrderedAsync.handleException(OrderedAsync.java:237)
	at org.apache.ratis.client.impl.OrderedAsync.lambda$sendRequestWithRetry$6(OrderedAsync.java:208)
	at java.util.concurrent.CompletableFuture.uniExceptionally(CompletableFuture.java:884)
	at java.util.concurrent.CompletableFuture$UniExceptionally.tryFire(CompletableFuture.java:866)
	at java.util.concurrent.CompletableFuture.postComplete(CompletableFuture.java:488)
	at java.util.concurrent.CompletableFuture.completeExceptionally(CompletableFuture.java:1990)
	at org.apache.ratis.grpc.client.GrpcClientProtocolClient$AsyncStreamObservers.lambda$timeoutCheck$5(GrpcClientProtocolClient.java:373)
	at java.util.Optional.ifPresent(Optional.java:159)
	at org.apache.ratis.grpc.client.GrpcClientProtocolClient$AsyncStreamObservers.handleReplyFuture(GrpcClientProtocolClient.java:378)
	at org.apache.ratis.grpc.client.GrpcClientProtocolClient$AsyncStreamObservers.timeoutCheck(GrpcClientProtocolClient.java:373)
	at org.apache.ratis.grpc.client.GrpcClientProtocolClient$AsyncStreamObservers.lambda$onNext$3(GrpcClientProtocolClient.java:366)
	at org.apache.ratis.util.TimeoutTimer.lambda$onTimeout$2(TimeoutTimer.java:101)
	at org.apache.ratis.util.LogUtils.runAndLog(LogUtils.java:38)
	at org.apache.ratis.util.LogUtils$1.run(LogUtils.java:78)
	at org.apache.ratis.util.TimeoutTimer$Task.run(TimeoutTimer.java:55)
	at java.util.TimerThread.mainLoop(Timer.java:555)
	at java.util.TimerThread.run(Timer.java:505)
2024-01-25 07:57:50,244 [timer2] DEBUG client.RaftClient (RaftClientImpl.java:handleIOException(435)) - client-2312CCC7CA78: oldLeader=s0,  curLeader=s2, newLeader=null
2024-01-25 07:57:50,241 [timer3] DEBUG client.RaftClient (RaftClientImpl.java:handleIOException(417)) - client-2312CCC7CA78: suggested new leader: null. Failed RaftClientRequest:client-2312CCC7CA78->s0@group-796A68A19D2E, cid=61, seq=17, RW, m4
org.apache.ratis.protocol.exceptions.TimeoutIOException: client-2312CCC7CA78->s0 request #61 timeout 3000ms
	at org.apache.ratis.grpc.client.GrpcClientProtocolClient$AsyncStreamObservers.lambda$timeoutCheck$5(GrpcClientProtocolClient.java:374)
	at java.util.Optional.ifPresent(Optional.java:159)
	at org.apache.ratis.grpc.client.GrpcClientProtocolClient$AsyncStreamObservers.handleReplyFuture(GrpcClientProtocolClient.java:378)
	at org.apache.ratis.grpc.client.GrpcClientProtocolClient$AsyncStreamObservers.timeoutCheck(GrpcClientProtocolClient.java:373)
	at org.apache.ratis.grpc.client.GrpcClientProtocolClient$AsyncStreamObservers.lambda$onNext$3(GrpcClientProtocolClient.java:366)
	at org.apache.ratis.util.TimeoutTimer.lambda$onTimeout$2(TimeoutTimer.java:101)
	at org.apache.ratis.util.LogUtils.runAndLog(LogUtils.java:38)
	at org.apache.ratis.util.LogUtils$1.run(LogUtils.java:78)
	at org.apache.ratis.util.TimeoutTimer$Task.run(TimeoutTimer.java:55)
	at java.util.TimerThread.mainLoop(Timer.java:555)
	at java.util.TimerThread.run(Timer.java:505)
2024-01-25 07:57:50,244 [s2-server-thread4] DEBUG server.RaftServer$Division (RaftServerImpl.java:logAppendEntries(1520)) - s2@group-796A68A19D2E: receive appendEntries(s0, 3, (t:3, i:30), 28, false, commits:[s0:c28, s1:c27, s2:c25], cId:148, entries: [(t:3, i:31), STATEMACHINELOGENTRY, 61@client-2312CCC7CA78, (t:3, i:32), METADATAENTRY(c:28)]
2024-01-25 07:57:50,244 [timer2] ERROR impl.OrderedAsync (OrderedAsync.java:lambda$sendRequestWithRetry$6(207)) - client-2312CCC7CA78: Failed* RaftClientRequest:client-2312CCC7CA78->s0@group-796A68A19D2E, cid=66, seq=22, RW, m9
java.util.concurrent.CompletionException: org.apache.ratis.protocol.exceptions.AlreadyClosedException: client-2312CCC7CA78->s0: Stream close: no reply for async request cid=66
	at java.util.concurrent.CompletableFuture.encodeThrowable(CompletableFuture.java:292)
	at java.util.concurrent.CompletableFuture.completeThrowable(CompletableFuture.java:308)
	at java.util.concurrent.CompletableFuture.uniAccept(CompletableFuture.java:661)
	at java.util.concurrent.CompletableFuture$UniAccept.tryFire(CompletableFuture.java:646)
	at java.util.concurrent.CompletableFuture.postComplete(CompletableFuture.java:488)
	at java.util.concurrent.CompletableFuture.completeExceptionally(CompletableFuture.java:1990)
	at org.apache.ratis.grpc.client.GrpcClientProtocolClient$AsyncStreamObservers.completeReplyExceptionally(GrpcClientProtocolClient.java:394)
	at org.apache.ratis.grpc.client.GrpcClientProtocolClient$AsyncStreamObservers.close(GrpcClientProtocolClient.java:383)
	at org.apache.ratis.grpc.client.GrpcClientProtocolClient$AsyncStreamObservers.access$500(GrpcClientProtocolClient.java:300)
	at org.apache.ratis.grpc.client.GrpcClientProtocolClient.lambda$close$3(GrpcClientProtocolClient.java:160)
	at java.util.Optional.ifPresent(Optional.java:159)
	at org.apache.ratis.grpc.client.GrpcClientProtocolClient.close(GrpcClientProtocolClient.java:160)
	at org.apache.ratis.util.PeerProxyMap.closeProxy(PeerProxyMap.java:197)
	at org.apache.ratis.util.PeerProxyMap.lambda$resetProxy$2(PeerProxyMap.java:158)
	at java.util.Optional.map(Optional.java:215)
	at org.apache.ratis.util.PeerProxyMap.resetProxy(PeerProxyMap.java:158)
	at org.apache.ratis.util.PeerProxyMap.handleException(PeerProxyMap.java:165)
	at org.apache.ratis.client.impl.RaftClientRpcWithProxy.handleException(RaftClientRpcWithProxy.java:48)
	at org.apache.ratis.client.impl.RaftClientImpl.handleIOException(RaftClientImpl.java:445)
	at org.apache.ratis.client.impl.OrderedAsync.handleException(OrderedAsync.java:237)
	at org.apache.ratis.client.impl.OrderedAsync.lambda$sendRequestWithRetry$6(OrderedAsync.java:208)
	at java.util.concurrent.CompletableFuture.uniExceptionally(CompletableFuture.java:884)
	at java.util.concurrent.CompletableFuture$UniExceptionally.tryFire(CompletableFuture.java:866)
	at java.util.concurrent.CompletableFuture.postComplete(CompletableFuture.java:488)
	at java.util.concurrent.CompletableFuture.completeExceptionally(CompletableFuture.java:1990)
	at org.apache.ratis.grpc.client.GrpcClientProtocolClient$AsyncStreamObservers.lambda$timeoutCheck$5(GrpcClientProtocolClient.java:373)
	at java.util.Optional.ifPresent(Optional.java:159)
	at org.apache.ratis.grpc.client.GrpcClientProtocolClient$AsyncStreamObservers.handleReplyFuture(GrpcClientProtocolClient.java:378)
	at org.apache.ratis.grpc.client.GrpcClientProtocolClient$AsyncStreamObservers.timeoutCheck(GrpcClientProtocolClient.java:373)
	at org.apache.ratis.grpc.client.GrpcClientProtocolClient$AsyncStreamObservers.lambda$onNext$3(GrpcClientProtocolClient.java:366)
	at org.apache.ratis.util.TimeoutTimer.lambda$onTimeout$2(TimeoutTimer.java:101)
	at org.apache.ratis.util.LogUtils.runAndLog(LogUtils.java:38)
	at org.apache.ratis.util.LogUtils$1.run(LogUtils.java:78)
	at org.apache.ratis.util.TimeoutTimer$Task.run(TimeoutTimer.java:55)
	at java.util.TimerThread.mainLoop(Timer.java:555)
	at java.util.TimerThread.run(Timer.java:505)
Caused by: org.apache.ratis.protocol.exceptions.AlreadyClosedException: client-2312CCC7CA78->s0: Stream close: no reply for async request cid=66
	at org.apache.ratis.grpc.client.GrpcClientProtocolClient$AsyncStreamObservers.completeReplyExceptionally(GrpcClientProtocolClient.java:396)
	... 29 more
2024-01-25 07:57:50,244 [timer3] TRACE client.RaftClient (RaftClientImpl.java:handleIOException(419)) - Stack trace
java.lang.Throwable: TRACE
	at org.apache.ratis.client.impl.RaftClientImpl.handleIOException(RaftClientImpl.java:419)
	at org.apache.ratis.client.impl.OrderedAsync.handleException(OrderedAsync.java:237)
	at org.apache.ratis.client.impl.OrderedAsync.lambda$sendRequestWithRetry$6(OrderedAsync.java:208)
	at java.util.concurrent.CompletableFuture.uniExceptionally(CompletableFuture.java:884)
	at java.util.concurrent.CompletableFuture$UniExceptionally.tryFire(CompletableFuture.java:866)
	at java.util.concurrent.CompletableFuture.postComplete(CompletableFuture.java:488)
	at java.util.concurrent.CompletableFuture.completeExceptionally(CompletableFuture.java:1990)
	at org.apache.ratis.grpc.client.GrpcClientProtocolClient$AsyncStreamObservers.lambda$timeoutCheck$5(GrpcClientProtocolClient.java:373)
	at java.util.Optional.ifPresent(Optional.java:159)
	at org.apache.ratis.grpc.client.GrpcClientProtocolClient$AsyncStreamObservers.handleReplyFuture(GrpcClientProtocolClient.java:378)
	at org.apache.ratis.grpc.client.GrpcClientProtocolClient$AsyncStreamObservers.timeoutCheck(GrpcClientProtocolClient.java:373)
	at org.apache.ratis.grpc.client.GrpcClientProtocolClient$AsyncStreamObservers.lambda$onNext$3(GrpcClientProtocolClient.java:366)
	at org.apache.ratis.util.TimeoutTimer.lambda$onTimeout$2(TimeoutTimer.java:101)
	at org.apache.ratis.util.LogUtils.runAndLog(LogUtils.java:38)
	at org.apache.ratis.util.LogUtils$1.run(LogUtils.java:78)
	at org.apache.ratis.util.TimeoutTimer$Task.run(TimeoutTimer.java:55)
	at java.util.TimerThread.mainLoop(Timer.java:555)
	at java.util.TimerThread.run(Timer.java:505)
2024-01-25 07:57:50,244 [s1-server-thread1] DEBUG server.RaftServer$Division (RaftServerImpl.java:logAppendEntries(1520)) - s1@group-796A68A19D2E: receive appendEntries(s0, 3, (t:3, i:31), 28, false, commits:[s0:c28, s1:c27, s2:c25], cId:99, entries: [(t:3, i:32), METADATAENTRY(c:28)]
2024-01-25 07:57:50,243 [s1-server-thread3] DEBUG server.RaftServer$Division (RaftServerImpl.java:logAppendEntries(1520)) - s1@group-796A68A19D2E: succeeded to handle AppendEntries. Reply: s0<-s1#98:OK-t3,SUCCESS,nextIndex=32,followerCommit=27,matchIndex=31
2024-01-25 07:57:50,243 [s0-client-thread1] DEBUG server.RaftServer$Division (RaftServerImpl.java:submitClientRequestAsync(880)) - s0@group-796A68A19D2E: receive client request(RaftClientRequest:client-2312CCC7CA78->s0@group-796A68A19D2E, cid=62, seq=18, RW, Message:6d35)
2024-01-25 07:57:50,242 [s0@group-796A68A19D2E-StateMachineUpdater] INFO  impl.SimpleStateMachine4Testing (SimpleStateMachine4Testing.java:applyTransaction(248)) - applyTransaction for log index 28
2024-01-25 07:57:50,242 [s0@group-796A68A19D2E-LeaderStateImpl] DEBUG impl.WatchRequests (WatchRequests.java:updateIndex(150)) - s0@group-796A68A19D2E-WatchRequests: update MAJORITY index from 27 to 28
2024-01-25 07:57:50,245 [s0@group-796A68A19D2E-StateMachineUpdater] INFO  impl.SimpleStateMachine4Testing (SimpleStateMachine4Testing.java:put(205)) - s0: put 28, m1 -> (t:3, i:28), STATEMACHINELOGENTRY, 58@client-2312CCC7CA78
2024-01-25 07:57:50,244 [timer3] DEBUG client.RaftClient (RaftClientImpl.java:handleIOException(435)) - client-2312CCC7CA78: oldLeader=s0,  curLeader=s2, newLeader=null
2024-01-25 07:57:50,244 [timer2] DEBUG client.RaftClient (RaftClientImpl.java:handleIOException(417)) - client-2312CCC7CA78: suggested new leader: null. Failed RaftClientRequest:client-2312CCC7CA78->s0@group-796A68A19D2E, cid=66, seq=22, RW, m9
org.apache.ratis.protocol.exceptions.AlreadyClosedException: client-2312CCC7CA78->s0: Stream close: no reply for async request cid=66
	at org.apache.ratis.grpc.client.GrpcClientProtocolClient$AsyncStreamObservers.completeReplyExceptionally(GrpcClientProtocolClient.java:396)
	at org.apache.ratis.grpc.client.GrpcClientProtocolClient$AsyncStreamObservers.close(GrpcClientProtocolClient.java:383)
	at org.apache.ratis.grpc.client.GrpcClientProtocolClient$AsyncStreamObservers.access$500(GrpcClientProtocolClient.java:300)
	at org.apache.ratis.grpc.client.GrpcClientProtocolClient.lambda$close$3(GrpcClientProtocolClient.java:160)
	at java.util.Optional.ifPresent(Optional.java:159)
	at org.apache.ratis.grpc.client.GrpcClientProtocolClient.close(GrpcClientProtocolClient.java:160)
	at org.apache.ratis.util.PeerProxyMap.closeProxy(PeerProxyMap.java:197)
	at org.apache.ratis.util.PeerProxyMap.lambda$resetProxy$2(PeerProxyMap.java:158)
	at java.util.Optional.map(Optional.java:215)
	at org.apache.ratis.util.PeerProxyMap.resetProxy(PeerProxyMap.java:158)
	at org.apache.ratis.util.PeerProxyMap.handleException(PeerProxyMap.java:165)
	at org.apache.ratis.client.impl.RaftClientRpcWithProxy.handleException(RaftClientRpcWithProxy.java:48)
	at org.apache.ratis.client.impl.RaftClientImpl.handleIOException(RaftClientImpl.java:445)
	at org.apache.ratis.client.impl.OrderedAsync.handleException(OrderedAsync.java:237)
	at org.apache.ratis.client.impl.OrderedAsync.lambda$sendRequestWithRetry$6(OrderedAsync.java:208)
	at java.util.concurrent.CompletableFuture.uniExceptionally(CompletableFuture.java:884)
	at java.util.concurrent.CompletableFuture$UniExceptionally.tryFire(CompletableFuture.java:866)
	at java.util.concurrent.CompletableFuture.postComplete(CompletableFuture.java:488)
	at java.util.concurrent.CompletableFuture.completeExceptionally(CompletableFuture.java:1990)
	at org.apache.ratis.grpc.client.GrpcClientProtocolClient$AsyncStreamObservers.lambda$timeoutCheck$5(GrpcClientProtocolClient.java:373)
	at java.util.Optional.ifPresent(Optional.java:159)
	at org.apache.ratis.grpc.client.GrpcClientProtocolClient$AsyncStreamObservers.handleReplyFuture(GrpcClientProtocolClient.java:378)
	at org.apache.ratis.grpc.client.GrpcClientProtocolClient$AsyncStreamObservers.timeoutCheck(GrpcClientProtocolClient.java:373)
	at org.apache.ratis.grpc.client.GrpcClientProtocolClient$AsyncStreamObservers.lambda$onNext$3(GrpcClientProtocolClient.java:366)
	at org.apache.ratis.util.TimeoutTimer.lambda$onTimeout$2(TimeoutTimer.java:101)
	at org.apache.ratis.util.LogUtils.runAndLog(LogUtils.java:38)
	at org.apache.ratis.util.LogUtils$1.run(LogUtils.java:78)
	at org.apache.ratis.util.TimeoutTimer$Task.run(TimeoutTimer.java:55)
	at java.util.TimerThread.mainLoop(Timer.java:555)
	at java.util.TimerThread.run(Timer.java:505)
2024-01-25 07:57:50,246 [s0-client-thread1] DEBUG server.RaftServer$Division (LeaderStateImpl.java:addPendingRequest(533)) - s0@group-796A68A19D2E-LeaderStateImpl: addPendingRequest at RaftClientRequest:client-2312CCC7CA78->s0@group-796A68A19D2E, cid=62, seq=18, RW, Message:6d35, entry=(t:3, i:33), STATEMACHINELOGENTRY, 62@client-2312CCC7CA78
2024-01-25 07:57:50,246 [timer2] TRACE client.RaftClient (RaftClientImpl.java:handleIOException(419)) - Stack trace
java.lang.Throwable: TRACE
	at org.apache.ratis.client.impl.RaftClientImpl.handleIOException(RaftClientImpl.java:419)
	at org.apache.ratis.client.impl.OrderedAsync.handleException(OrderedAsync.java:237)
	at org.apache.ratis.client.impl.OrderedAsync.lambda$sendRequestWithRetry$6(OrderedAsync.java:208)
	at java.util.concurrent.CompletableFuture.uniExceptionally(CompletableFuture.java:884)
	at java.util.concurrent.CompletableFuture$UniExceptionally.tryFire(CompletableFuture.java:866)
	at java.util.concurrent.CompletableFuture.postComplete(CompletableFuture.java:488)
	at java.util.concurrent.CompletableFuture.completeExceptionally(CompletableFuture.java:1990)
	at org.apache.ratis.grpc.client.GrpcClientProtocolClient$AsyncStreamObservers.completeReplyExceptionally(GrpcClientProtocolClient.java:394)
	at org.apache.ratis.grpc.client.GrpcClientProtocolClient$AsyncStreamObservers.close(GrpcClientProtocolClient.java:383)
	at org.apache.ratis.grpc.client.GrpcClientProtocolClient$AsyncStreamObservers.access$500(GrpcClientProtocolClient.java:300)
	at org.apache.ratis.grpc.client.GrpcClientProtocolClient.lambda$close$3(GrpcClientProtocolClient.java:160)
	at java.util.Optional.ifPresent(Optional.java:159)
	at org.apache.ratis.grpc.client.GrpcClientProtocolClient.close(GrpcClientProtocolClient.java:160)
	at org.apache.ratis.util.PeerProxyMap.closeProxy(PeerProxyMap.java:197)
	at org.apache.ratis.util.PeerProxyMap.lambda$resetProxy$2(PeerProxyMap.java:158)
	at java.util.Optional.map(Optional.java:215)
	at org.apache.ratis.util.PeerProxyMap.resetProxy(PeerProxyMap.java:158)
	at org.apache.ratis.util.PeerProxyMap.handleException(PeerProxyMap.java:165)
	at org.apache.ratis.client.impl.RaftClientRpcWithProxy.handleException(RaftClientRpcWithProxy.java:48)
	at org.apache.ratis.client.impl.RaftClientImpl.handleIOException(RaftClientImpl.java:445)
	at org.apache.ratis.client.impl.OrderedAsync.handleException(OrderedAsync.java:237)
	at org.apache.ratis.client.impl.OrderedAsync.lambda$sendRequestWithRetry$6(OrderedAsync.java:208)
	at java.util.concurrent.CompletableFuture.uniExceptionally(CompletableFuture.java:884)
	at java.util.concurrent.CompletableFuture$UniExceptionally.tryFire(CompletableFuture.java:866)
	at java.util.concurrent.CompletableFuture.postComplete(CompletableFuture.java:488)
	at java.util.concurrent.CompletableFuture.completeExceptionally(CompletableFuture.java:1990)
	at org.apache.ratis.grpc.client.GrpcClientProtocolClient$AsyncStreamObservers.lambda$timeoutCheck$5(GrpcClientProtocolClient.java:373)
	at java.util.Optional.ifPresent(Optional.java:159)
	at org.apache.ratis.grpc.client.GrpcClientProtocolClient$AsyncStreamObservers.handleReplyFuture(GrpcClientProtocolClient.java:378)
	at org.apache.ratis.grpc.client.GrpcClientProtocolClient$AsyncStreamObservers.timeoutCheck(GrpcClientProtocolClient.java:373)
	at org.apache.ratis.grpc.client.GrpcClientProtocolClient$AsyncStreamObservers.lambda$onNext$3(GrpcClientProtocolClient.java:366)
	at org.apache.ratis.util.TimeoutTimer.lambda$onTimeout$2(TimeoutTimer.java:101)
	at org.apache.ratis.util.LogUtils.runAndLog(LogUtils.java:38)
	at org.apache.ratis.util.LogUtils$1.run(LogUtils.java:78)
	at org.apache.ratis.util.TimeoutTimer$Task.run(TimeoutTimer.java:55)
	at java.util.TimerThread.mainLoop(Timer.java:555)
	at java.util.TimerThread.run(Timer.java:505)
2024-01-25 07:57:50,246 [s0@group-796A68A19D2E-StateMachineUpdater] INFO  impl.SimpleStateMachine4Testing (SimpleStateMachine4Testing.java:applyTransaction(248)) - applyTransaction for log index 29
2024-01-25 07:57:50,246 [s0-client-thread1] DEBUG server.RaftServer$Division (RaftServerImpl.java:submitClientRequestAsync(880)) - s0@group-796A68A19D2E: receive client request(RaftClientRequest:client-2312CCC7CA78->s0@group-796A68A19D2E, cid=63, seq=19, RW, Message:6d36)
2024-01-25 07:57:50,246 [s0@group-796A68A19D2E-StateMachineUpdater] INFO  impl.SimpleStateMachine4Testing (SimpleStateMachine4Testing.java:put(205)) - s0: put 29, m2 -> (t:3, i:29), STATEMACHINELOGENTRY, 59@client-2312CCC7CA78
2024-01-25 07:57:50,246 [s0@group-796A68A19D2E-LeaderStateImpl] DEBUG impl.WatchRequests (WatchRequests.java:updateIndex(150)) - s0@group-796A68A19D2E-WatchRequests: update MAJORITY index from 28 to 31
2024-01-25 07:57:50,246 [timer2] DEBUG client.RaftClient (RaftClientImpl.java:handleIOException(435)) - client-2312CCC7CA78: oldLeader=s0,  curLeader=s2, newLeader=null
2024-01-25 07:57:50,247 [timer2] ERROR impl.OrderedAsync (OrderedAsync.java:lambda$sendRequestWithRetry$6(207)) - client-2312CCC7CA78: Failed* RaftClientRequest:client-2312CCC7CA78->s0@group-796A68A19D2E, cid=67, seq=23, RW, m10
java.util.concurrent.CompletionException: org.apache.ratis.protocol.exceptions.AlreadyClosedException: client-2312CCC7CA78->s0: Stream close: no reply for async request cid=67
	at java.util.concurrent.CompletableFuture.encodeThrowable(CompletableFuture.java:292)
	at java.util.concurrent.CompletableFuture.completeThrowable(CompletableFuture.java:308)
	at java.util.concurrent.CompletableFuture.uniAccept(CompletableFuture.java:661)
	at java.util.concurrent.CompletableFuture$UniAccept.tryFire(CompletableFuture.java:646)
	at java.util.concurrent.CompletableFuture.postComplete(CompletableFuture.java:488)
	at java.util.concurrent.CompletableFuture.completeExceptionally(CompletableFuture.java:1990)
	at org.apache.ratis.grpc.client.GrpcClientProtocolClient$AsyncStreamObservers.completeReplyExceptionally(GrpcClientProtocolClient.java:394)
	at org.apache.ratis.grpc.client.GrpcClientProtocolClient$AsyncStreamObservers.close(GrpcClientProtocolClient.java:383)
	at org.apache.ratis.grpc.client.GrpcClientProtocolClient$AsyncStreamObservers.access$500(GrpcClientProtocolClient.java:300)
	at org.apache.ratis.grpc.client.GrpcClientProtocolClient.lambda$close$3(GrpcClientProtocolClient.java:160)
	at java.util.Optional.ifPresent(Optional.java:159)
	at org.apache.ratis.grpc.client.GrpcClientProtocolClient.close(GrpcClientProtocolClient.java:160)
	at org.apache.ratis.util.PeerProxyMap.closeProxy(PeerProxyMap.java:197)
	at org.apache.ratis.util.PeerProxyMap.lambda$resetProxy$2(PeerProxyMap.java:158)
	at java.util.Optional.map(Optional.java:215)
	at org.apache.ratis.util.PeerProxyMap.resetProxy(PeerProxyMap.java:158)
	at org.apache.ratis.util.PeerProxyMap.handleException(PeerProxyMap.java:165)
	at org.apache.ratis.client.impl.RaftClientRpcWithProxy.handleException(RaftClientRpcWithProxy.java:48)
	at org.apache.ratis.client.impl.RaftClientImpl.handleIOException(RaftClientImpl.java:445)
	at org.apache.ratis.client.impl.OrderedAsync.handleException(OrderedAsync.java:237)
	at org.apache.ratis.client.impl.OrderedAsync.lambda$sendRequestWithRetry$6(OrderedAsync.java:208)
	at java.util.concurrent.CompletableFuture.uniExceptionally(CompletableFuture.java:884)
	at java.util.concurrent.CompletableFuture$UniExceptionally.tryFire(CompletableFuture.java:866)
	at java.util.concurrent.CompletableFuture.postComplete(CompletableFuture.java:488)
	at java.util.concurrent.CompletableFuture.completeExceptionally(CompletableFuture.java:1990)
	at org.apache.ratis.grpc.client.GrpcClientProtocolClient$AsyncStreamObservers.lambda$timeoutCheck$5(GrpcClientProtocolClient.java:373)
	at java.util.Optional.ifPresent(Optional.java:159)
	at org.apache.ratis.grpc.client.GrpcClientProtocolClient$AsyncStreamObservers.handleReplyFuture(GrpcClientProtocolClient.java:378)
	at org.apache.ratis.grpc.client.GrpcClientProtocolClient$AsyncStreamObservers.timeoutCheck(GrpcClientProtocolClient.java:373)
	at org.apache.ratis.grpc.client.GrpcClientProtocolClient$AsyncStreamObservers.lambda$onNext$3(GrpcClientProtocolClient.java:366)
	at org.apache.ratis.util.TimeoutTimer.lambda$onTimeout$2(TimeoutTimer.java:101)
	at org.apache.ratis.util.LogUtils.runAndLog(LogUtils.java:38)
	at org.apache.ratis.util.LogUtils$1.run(LogUtils.java:78)
	at org.apache.ratis.util.TimeoutTimer$Task.run(TimeoutTimer.java:55)
	at java.util.TimerThread.mainLoop(Timer.java:555)
	at java.util.TimerThread.run(Timer.java:505)
Caused by: org.apache.ratis.protocol.exceptions.AlreadyClosedException: client-2312CCC7CA78->s0: Stream close: no reply for async request cid=67
	at org.apache.ratis.grpc.client.GrpcClientProtocolClient$AsyncStreamObservers.completeReplyExceptionally(GrpcClientProtocolClient.java:396)
	... 29 more
2024-01-25 07:57:50,247 [s2-server-thread4] DEBUG server.RaftServer$Division (RaftServerImpl.java:logAppendEntries(1520)) - s2@group-796A68A19D2E: receive appendEntries(s0, 3, (t:3, i:32), 31, false, commits:[s0:c31, s1:c27, s2:c25], cId:149, entries: [(t:3, i:33), STATEMACHINELOGENTRY, 62@client-2312CCC7CA78]
2024-01-25 07:57:50,247 [s0-client-thread1] DEBUG server.RaftServer$Division (LeaderStateImpl.java:addPendingRequest(533)) - s0@group-796A68A19D2E-LeaderStateImpl: addPendingRequest at RaftClientRequest:client-2312CCC7CA78->s0@group-796A68A19D2E, cid=63, seq=19, RW, Message:6d36, entry=(t:3, i:35), STATEMACHINELOGENTRY, 63@client-2312CCC7CA78
2024-01-25 07:57:50,247 [s0@group-796A68A19D2E-StateMachineUpdater] INFO  impl.SimpleStateMachine4Testing (SimpleStateMachine4Testing.java:applyTransaction(248)) - applyTransaction for log index 30
2024-01-25 07:57:50,248 [timer2] DEBUG client.RaftClient (RaftClientImpl.java:handleIOException(417)) - client-2312CCC7CA78: suggested new leader: null. Failed RaftClientRequest:client-2312CCC7CA78->s0@group-796A68A19D2E, cid=67, seq=23, RW, m10
org.apache.ratis.protocol.exceptions.AlreadyClosedException: client-2312CCC7CA78->s0: Stream close: no reply for async request cid=67
	at org.apache.ratis.grpc.client.GrpcClientProtocolClient$AsyncStreamObservers.completeReplyExceptionally(GrpcClientProtocolClient.java:396)
	at org.apache.ratis.grpc.client.GrpcClientProtocolClient$AsyncStreamObservers.close(GrpcClientProtocolClient.java:383)
	at org.apache.ratis.grpc.client.GrpcClientProtocolClient$AsyncStreamObservers.access$500(GrpcClientProtocolClient.java:300)
	at org.apache.ratis.grpc.client.GrpcClientProtocolClient.lambda$close$3(GrpcClientProtocolClient.java:160)
	at java.util.Optional.ifPresent(Optional.java:159)
	at org.apache.ratis.grpc.client.GrpcClientProtocolClient.close(GrpcClientProtocolClient.java:160)
	at org.apache.ratis.util.PeerProxyMap.closeProxy(PeerProxyMap.java:197)
	at org.apache.ratis.util.PeerProxyMap.lambda$resetProxy$2(PeerProxyMap.java:158)
	at java.util.Optional.map(Optional.java:215)
	at org.apache.ratis.util.PeerProxyMap.resetProxy(PeerProxyMap.java:158)
	at org.apache.ratis.util.PeerProxyMap.handleException(PeerProxyMap.java:165)
	at org.apache.ratis.client.impl.RaftClientRpcWithProxy.handleException(RaftClientRpcWithProxy.java:48)
	at org.apache.ratis.client.impl.RaftClientImpl.handleIOException(RaftClientImpl.java:445)
	at org.apache.ratis.client.impl.OrderedAsync.handleException(OrderedAsync.java:237)
	at org.apache.ratis.client.impl.OrderedAsync.lambda$sendRequestWithRetry$6(OrderedAsync.java:208)
	at java.util.concurrent.CompletableFuture.uniExceptionally(CompletableFuture.java:884)
	at java.util.concurrent.CompletableFuture$UniExceptionally.tryFire(CompletableFuture.java:866)
	at java.util.concurrent.CompletableFuture.postComplete(CompletableFuture.java:488)
	at java.util.concurrent.CompletableFuture.completeExceptionally(CompletableFuture.java:1990)
	at org.apache.ratis.grpc.client.GrpcClientProtocolClient$AsyncStreamObservers.lambda$timeoutCheck$5(GrpcClientProtocolClient.java:373)
	at java.util.Optional.ifPresent(Optional.java:159)
	at org.apache.ratis.grpc.client.GrpcClientProtocolClient$AsyncStreamObservers.handleReplyFuture(GrpcClientProtocolClient.java:378)
	at org.apache.ratis.grpc.client.GrpcClientProtocolClient$AsyncStreamObservers.timeoutCheck(GrpcClientProtocolClient.java:373)
	at org.apache.ratis.grpc.client.GrpcClientProtocolClient$AsyncStreamObservers.lambda$onNext$3(GrpcClientProtocolClient.java:366)
	at org.apache.ratis.util.TimeoutTimer.lambda$onTimeout$2(TimeoutTimer.java:101)
	at org.apache.ratis.util.LogUtils.runAndLog(LogUtils.java:38)
	at org.apache.ratis.util.LogUtils$1.run(LogUtils.java:78)
	at org.apache.ratis.util.TimeoutTimer$Task.run(TimeoutTimer.java:55)
	at java.util.TimerThread.mainLoop(Timer.java:555)
	at java.util.TimerThread.run(Timer.java:505)
2024-01-25 07:57:50,248 [s0@group-796A68A19D2E-StateMachineUpdater] INFO  impl.SimpleStateMachine4Testing (SimpleStateMachine4Testing.java:put(205)) - s0: put 30, m3 -> (t:3, i:30), STATEMACHINELOGENTRY, 60@client-2312CCC7CA78
2024-01-25 07:57:50,248 [s0-client-thread1] DEBUG server.RaftServer$Division (RaftServerImpl.java:submitClientRequestAsync(880)) - s0@group-796A68A19D2E: receive client request(RaftClientRequest:client-2312CCC7CA78->s0@group-796A68A19D2E, cid=64, seq=20, RW, Message:6d37)
2024-01-25 07:57:50,248 [s0@group-796A68A19D2E-StateMachineUpdater] INFO  impl.SimpleStateMachine4Testing (SimpleStateMachine4Testing.java:applyTransaction(248)) - applyTransaction for log index 31
2024-01-25 07:57:50,248 [s0@group-796A68A19D2E-StateMachineUpdater] INFO  impl.SimpleStateMachine4Testing (SimpleStateMachine4Testing.java:put(205)) - s0: put 31, m4 -> (t:3, i:31), STATEMACHINELOGENTRY, 61@client-2312CCC7CA78
2024-01-25 07:57:50,248 [s1-server-thread1] DEBUG server.RaftServer$Division (RaftServerImpl.java:logAppendEntries(1520)) - s1@group-796A68A19D2E: succeeded to handle AppendEntries. Reply: s0<-s1#99:OK-t3,SUCCESS,nextIndex=33,followerCommit=28,matchIndex=32
2024-01-25 07:57:50,249 [s1@group-796A68A19D2E-StateMachineUpdater] INFO  impl.SimpleStateMachine4Testing (SimpleStateMachine4Testing.java:applyTransaction(248)) - applyTransaction for log index 28
2024-01-25 07:57:50,249 [timer2] TRACE client.RaftClient (RaftClientImpl.java:handleIOException(419)) - Stack trace
java.lang.Throwable: TRACE
	at org.apache.ratis.client.impl.RaftClientImpl.handleIOException(RaftClientImpl.java:419)
	at org.apache.ratis.client.impl.OrderedAsync.handleException(OrderedAsync.java:237)
	at org.apache.ratis.client.impl.OrderedAsync.lambda$sendRequestWithRetry$6(OrderedAsync.java:208)
	at java.util.concurrent.CompletableFuture.uniExceptionally(CompletableFuture.java:884)
	at java.util.concurrent.CompletableFuture$UniExceptionally.tryFire(CompletableFuture.java:866)
	at java.util.concurrent.CompletableFuture.postComplete(CompletableFuture.java:488)
	at java.util.concurrent.CompletableFuture.completeExceptionally(CompletableFuture.java:1990)
	at org.apache.ratis.grpc.client.GrpcClientProtocolClient$AsyncStreamObservers.completeReplyExceptionally(GrpcClientProtocolClient.java:394)
	at org.apache.ratis.grpc.client.GrpcClientProtocolClient$AsyncStreamObservers.close(GrpcClientProtocolClient.java:383)
	at org.apache.ratis.grpc.client.GrpcClientProtocolClient$AsyncStreamObservers.access$500(GrpcClientProtocolClient.java:300)
	at org.apache.ratis.grpc.client.GrpcClientProtocolClient.lambda$close$3(GrpcClientProtocolClient.java:160)
	at java.util.Optional.ifPresent(Optional.java:159)
	at org.apache.ratis.grpc.client.GrpcClientProtocolClient.close(GrpcClientProtocolClient.java:160)
	at org.apache.ratis.util.PeerProxyMap.closeProxy(PeerProxyMap.java:197)
	at org.apache.ratis.util.PeerProxyMap.lambda$resetProxy$2(PeerProxyMap.java:158)
	at java.util.Optional.map(Optional.java:215)
	at org.apache.ratis.util.PeerProxyMap.resetProxy(PeerProxyMap.java:158)
	at org.apache.ratis.util.PeerProxyMap.handleException(PeerProxyMap.java:165)
	at org.apache.ratis.client.impl.RaftClientRpcWithProxy.handleException(RaftClientRpcWithProxy.java:48)
	at org.apache.ratis.client.impl.RaftClientImpl.handleIOException(RaftClientImpl.java:445)
	at org.apache.ratis.client.impl.OrderedAsync.handleException(OrderedAsync.java:237)
	at org.apache.ratis.client.impl.OrderedAsync.lambda$sendRequestWithRetry$6(OrderedAsync.java:208)
	at java.util.concurrent.CompletableFuture.uniExceptionally(CompletableFuture.java:884)
	at java.util.concurrent.CompletableFuture$UniExceptionally.tryFire(CompletableFuture.java:866)
	at java.util.concurrent.CompletableFuture.postComplete(CompletableFuture.java:488)
	at java.util.concurrent.CompletableFuture.completeExceptionally(CompletableFuture.java:1990)
	at org.apache.ratis.grpc.client.GrpcClientProtocolClient$AsyncStreamObservers.lambda$timeoutCheck$5(GrpcClientProtocolClient.java:373)
	at java.util.Optional.ifPresent(Optional.java:159)
	at org.apache.ratis.grpc.client.GrpcClientProtocolClient$AsyncStreamObservers.handleReplyFuture(GrpcClientProtocolClient.java:378)
	at org.apache.ratis.grpc.client.GrpcClientProtocolClient$AsyncStreamObservers.timeoutCheck(GrpcClientProtocolClient.java:373)
	at org.apache.ratis.grpc.client.GrpcClientProtocolClient$AsyncStreamObservers.lambda$onNext$3(GrpcClientProtocolClient.java:366)
	at org.apache.ratis.util.TimeoutTimer.lambda$onTimeout$2(TimeoutTimer.java:101)
	at org.apache.ratis.util.LogUtils.runAndLog(LogUtils.java:38)
	at org.apache.ratis.util.LogUtils$1.run(LogUtils.java:78)
	at org.apache.ratis.util.TimeoutTimer$Task.run(TimeoutTimer.java:55)
	at java.util.TimerThread.mainLoop(Timer.java:555)
	at java.util.TimerThread.run(Timer.java:505)
2024-01-25 07:57:50,249 [s1@group-796A68A19D2E-StateMachineUpdater] INFO  impl.SimpleStateMachine4Testing (SimpleStateMachine4Testing.java:put(205)) - s1: put 28, m1 -> (t:3, i:28), STATEMACHINELOGENTRY, 58@client-2312CCC7CA78
2024-01-25 07:57:50,249 [s2-server-thread4] DEBUG server.RaftServer$Division (RaftServerImpl.java:logAppendEntries(1520)) - s2@group-796A68A19D2E: receive appendEntries(s0, 3, (t:3, i:33), 31, false, commits:[s0:c31, s1:c27, s2:c25], cId:150, entries: [(t:3, i:34), METADATAENTRY(c:31), (t:3, i:35), STATEMACHINELOGENTRY, 63@client-2312CCC7CA78]
2024-01-25 07:57:50,249 [grpc-default-executor-3] DEBUG impl.WatchRequests (WatchRequests.java:updateIndex(150)) - s0@group-796A68A19D2E-WatchRequests: update MAJORITY_COMMITTED index from 27 to 28
2024-01-25 07:57:50,249 [s0-client-thread1] DEBUG server.RaftServer$Division (LeaderStateImpl.java:addPendingRequest(533)) - s0@group-796A68A19D2E-LeaderStateImpl: addPendingRequest at RaftClientRequest:client-2312CCC7CA78->s0@group-796A68A19D2E, cid=64, seq=20, RW, Message:6d37, entry=(t:3, i:36), STATEMACHINELOGENTRY, 64@client-2312CCC7CA78
2024-01-25 07:57:50,249 [s1-server-thread3] DEBUG server.RaftServer$Division (RaftServerImpl.java:logAppendEntries(1520)) - s1@group-796A68A19D2E: receive appendEntries(s0, 3, (t:3, i:32), 31, false, commits:[s0:c31, s1:c27, s2:c25], cId:101, entries: [(t:3, i:33), STATEMACHINELOGENTRY, 62@client-2312CCC7CA78, (t:3, i:34), METADATAENTRY(c:31), (t:3, i:35), STATEMACHINELOGENTRY, 63@client-2312CCC7CA78]
2024-01-25 07:57:50,250 [s0@group-796A68A19D2E-LeaderStateImpl] DEBUG impl.WatchRequests (WatchRequests.java:updateIndex(150)) - s0@group-796A68A19D2E-WatchRequests: update MAJORITY index from 31 to 32
2024-01-25 07:57:50,249 [timer2] DEBUG client.RaftClient (RaftClientImpl.java:handleIOException(435)) - client-2312CCC7CA78: oldLeader=s0,  curLeader=s2, newLeader=null
2024-01-25 07:57:50,250 [timer2] ERROR impl.OrderedAsync (OrderedAsync.java:lambda$sendRequestWithRetry$6(207)) - client-2312CCC7CA78: Failed* RaftClientRequest:client-2312CCC7CA78->s0@group-796A68A19D2E, cid=68, seq=24, RW, m11
java.util.concurrent.CompletionException: org.apache.ratis.protocol.exceptions.AlreadyClosedException: client-2312CCC7CA78->s0: Stream close: no reply for async request cid=68
	at java.util.concurrent.CompletableFuture.encodeThrowable(CompletableFuture.java:292)
	at java.util.concurrent.CompletableFuture.completeThrowable(CompletableFuture.java:308)
	at java.util.concurrent.CompletableFuture.uniAccept(CompletableFuture.java:661)
	at java.util.concurrent.CompletableFuture$UniAccept.tryFire(CompletableFuture.java:646)
	at java.util.concurrent.CompletableFuture.postComplete(CompletableFuture.java:488)
	at java.util.concurrent.CompletableFuture.completeExceptionally(CompletableFuture.java:1990)
	at org.apache.ratis.grpc.client.GrpcClientProtocolClient$AsyncStreamObservers.completeReplyExceptionally(GrpcClientProtocolClient.java:394)
	at org.apache.ratis.grpc.client.GrpcClientProtocolClient$AsyncStreamObservers.close(GrpcClientProtocolClient.java:383)
	at org.apache.ratis.grpc.client.GrpcClientProtocolClient$AsyncStreamObservers.access$500(GrpcClientProtocolClient.java:300)
	at org.apache.ratis.grpc.client.GrpcClientProtocolClient.lambda$close$3(GrpcClientProtocolClient.java:160)
	at java.util.Optional.ifPresent(Optional.java:159)
	at org.apache.ratis.grpc.client.GrpcClientProtocolClient.close(GrpcClientProtocolClient.java:160)
	at org.apache.ratis.util.PeerProxyMap.closeProxy(PeerProxyMap.java:197)
	at org.apache.ratis.util.PeerProxyMap.lambda$resetProxy$2(PeerProxyMap.java:158)
	at java.util.Optional.map(Optional.java:215)
	at org.apache.ratis.util.PeerProxyMap.resetProxy(PeerProxyMap.java:158)
	at org.apache.ratis.util.PeerProxyMap.handleException(PeerProxyMap.java:165)
	at org.apache.ratis.client.impl.RaftClientRpcWithProxy.handleException(RaftClientRpcWithProxy.java:48)
	at org.apache.ratis.client.impl.RaftClientImpl.handleIOException(RaftClientImpl.java:445)
	at org.apache.ratis.client.impl.OrderedAsync.handleException(OrderedAsync.java:237)
	at org.apache.ratis.client.impl.OrderedAsync.lambda$sendRequestWithRetry$6(OrderedAsync.java:208)
	at java.util.concurrent.CompletableFuture.uniExceptionally(CompletableFuture.java:884)
	at java.util.concurrent.CompletableFuture$UniExceptionally.tryFire(CompletableFuture.java:866)
	at java.util.concurrent.CompletableFuture.postComplete(CompletableFuture.java:488)
	at java.util.concurrent.CompletableFuture.completeExceptionally(CompletableFuture.java:1990)
	at org.apache.ratis.grpc.client.GrpcClientProtocolClient$AsyncStreamObservers.lambda$timeoutCheck$5(GrpcClientProtocolClient.java:373)
	at java.util.Optional.ifPresent(Optional.java:159)
	at org.apache.ratis.grpc.client.GrpcClientProtocolClient$AsyncStreamObservers.handleReplyFuture(GrpcClientProtocolClient.java:378)
	at org.apache.ratis.grpc.client.GrpcClientProtocolClient$AsyncStreamObservers.timeoutCheck(GrpcClientProtocolClient.java:373)
	at org.apache.ratis.grpc.client.GrpcClientProtocolClient$AsyncStreamObservers.lambda$onNext$3(GrpcClientProtocolClient.java:366)
	at org.apache.ratis.util.TimeoutTimer.lambda$onTimeout$2(TimeoutTimer.java:101)
	at org.apache.ratis.util.LogUtils.runAndLog(LogUtils.java:38)
	at org.apache.ratis.util.LogUtils$1.run(LogUtils.java:78)
	at org.apache.ratis.util.TimeoutTimer$Task.run(TimeoutTimer.java:55)
	at java.util.TimerThread.mainLoop(Timer.java:555)
	at java.util.TimerThread.run(Timer.java:505)
Caused by: org.apache.ratis.protocol.exceptions.AlreadyClosedException: client-2312CCC7CA78->s0: Stream close: no reply for async request cid=68
	at org.apache.ratis.grpc.client.GrpcClientProtocolClient$AsyncStreamObservers.completeReplyExceptionally(GrpcClientProtocolClient.java:396)
	... 29 more
2024-01-25 07:57:50,250 [s2-server-thread4] DEBUG server.RaftServer$Division (RaftServerImpl.java:logAppendEntries(1520)) - s2@group-796A68A19D2E: receive appendEntries(s0, 3, (t:3, i:35), 31, false, commits:[s0:c31, s1:c28, s2:c25], cId:151, entries: [(t:3, i:36), STATEMACHINELOGENTRY, 64@client-2312CCC7CA78]
2024-01-25 07:57:50,250 [timer2] DEBUG client.RaftClient (RaftClientImpl.java:handleIOException(417)) - client-2312CCC7CA78: suggested new leader: null. Failed RaftClientRequest:client-2312CCC7CA78->s0@group-796A68A19D2E, cid=68, seq=24, RW, m11
org.apache.ratis.protocol.exceptions.AlreadyClosedException: client-2312CCC7CA78->s0: Stream close: no reply for async request cid=68
	at org.apache.ratis.grpc.client.GrpcClientProtocolClient$AsyncStreamObservers.completeReplyExceptionally(GrpcClientProtocolClient.java:396)
	at org.apache.ratis.grpc.client.GrpcClientProtocolClient$AsyncStreamObservers.close(GrpcClientProtocolClient.java:383)
	at org.apache.ratis.grpc.client.GrpcClientProtocolClient$AsyncStreamObservers.access$500(GrpcClientProtocolClient.java:300)
	at org.apache.ratis.grpc.client.GrpcClientProtocolClient.lambda$close$3(GrpcClientProtocolClient.java:160)
	at java.util.Optional.ifPresent(Optional.java:159)
	at org.apache.ratis.grpc.client.GrpcClientProtocolClient.close(GrpcClientProtocolClient.java:160)
	at org.apache.ratis.util.PeerProxyMap.closeProxy(PeerProxyMap.java:197)
	at org.apache.ratis.util.PeerProxyMap.lambda$resetProxy$2(PeerProxyMap.java:158)
	at java.util.Optional.map(Optional.java:215)
	at org.apache.ratis.util.PeerProxyMap.resetProxy(PeerProxyMap.java:158)
	at org.apache.ratis.util.PeerProxyMap.handleException(PeerProxyMap.java:165)
	at org.apache.ratis.client.impl.RaftClientRpcWithProxy.handleException(RaftClientRpcWithProxy.java:48)
	at org.apache.ratis.client.impl.RaftClientImpl.handleIOException(RaftClientImpl.java:445)
	at org.apache.ratis.client.impl.OrderedAsync.handleException(OrderedAsync.java:237)
	at org.apache.ratis.client.impl.OrderedAsync.lambda$sendRequestWithRetry$6(OrderedAsync.java:208)
	at java.util.concurrent.CompletableFuture.uniExceptionally(CompletableFuture.java:884)
	at java.util.concurrent.CompletableFuture$UniExceptionally.tryFire(CompletableFuture.java:866)
	at java.util.concurrent.CompletableFuture.postComplete(CompletableFuture.java:488)
	at java.util.concurrent.CompletableFuture.completeExceptionally(CompletableFuture.java:1990)
	at org.apache.ratis.grpc.client.GrpcClientProtocolClient$AsyncStreamObservers.lambda$timeoutCheck$5(GrpcClientProtocolClient.java:373)
	at java.util.Optional.ifPresent(Optional.java:159)
	at org.apache.ratis.grpc.client.GrpcClientProtocolClient$AsyncStreamObservers.handleReplyFuture(GrpcClientProtocolClient.java:378)
	at org.apache.ratis.grpc.client.GrpcClientProtocolClient$AsyncStreamObservers.timeoutCheck(GrpcClientProtocolClient.java:373)
	at org.apache.ratis.grpc.client.GrpcClientProtocolClient$AsyncStreamObservers.lambda$onNext$3(GrpcClientProtocolClient.java:366)
	at org.apache.ratis.util.TimeoutTimer.lambda$onTimeout$2(TimeoutTimer.java:101)
	at org.apache.ratis.util.LogUtils.runAndLog(LogUtils.java:38)
	at org.apache.ratis.util.LogUtils$1.run(LogUtils.java:78)
	at org.apache.ratis.util.TimeoutTimer$Task.run(TimeoutTimer.java:55)
	at java.util.TimerThread.mainLoop(Timer.java:555)
	at java.util.TimerThread.run(Timer.java:505)
2024-01-25 07:57:50,251 [s1@group-796A68A19D2E-StateMachineUpdater] INFO  impl.SimpleStateMachine4Testing (SimpleStateMachine4Testing.java:applyTransaction(248)) - applyTransaction for log index 29
2024-01-25 07:57:50,251 [timer2] TRACE client.RaftClient (RaftClientImpl.java:handleIOException(419)) - Stack trace
java.lang.Throwable: TRACE
	at org.apache.ratis.client.impl.RaftClientImpl.handleIOException(RaftClientImpl.java:419)
	at org.apache.ratis.client.impl.OrderedAsync.handleException(OrderedAsync.java:237)
	at org.apache.ratis.client.impl.OrderedAsync.lambda$sendRequestWithRetry$6(OrderedAsync.java:208)
	at java.util.concurrent.CompletableFuture.uniExceptionally(CompletableFuture.java:884)
	at java.util.concurrent.CompletableFuture$UniExceptionally.tryFire(CompletableFuture.java:866)
	at java.util.concurrent.CompletableFuture.postComplete(CompletableFuture.java:488)
	at java.util.concurrent.CompletableFuture.completeExceptionally(CompletableFuture.java:1990)
	at org.apache.ratis.grpc.client.GrpcClientProtocolClient$AsyncStreamObservers.completeReplyExceptionally(GrpcClientProtocolClient.java:394)
	at org.apache.ratis.grpc.client.GrpcClientProtocolClient$AsyncStreamObservers.close(GrpcClientProtocolClient.java:383)
	at org.apache.ratis.grpc.client.GrpcClientProtocolClient$AsyncStreamObservers.access$500(GrpcClientProtocolClient.java:300)
	at org.apache.ratis.grpc.client.GrpcClientProtocolClient.lambda$close$3(GrpcClientProtocolClient.java:160)
	at java.util.Optional.ifPresent(Optional.java:159)
	at org.apache.ratis.grpc.client.GrpcClientProtocolClient.close(GrpcClientProtocolClient.java:160)
	at org.apache.ratis.util.PeerProxyMap.closeProxy(PeerProxyMap.java:197)
	at org.apache.ratis.util.PeerProxyMap.lambda$resetProxy$2(PeerProxyMap.java:158)
	at java.util.Optional.map(Optional.java:215)
	at org.apache.ratis.util.PeerProxyMap.resetProxy(PeerProxyMap.java:158)
	at org.apache.ratis.util.PeerProxyMap.handleException(PeerProxyMap.java:165)
	at org.apache.ratis.client.impl.RaftClientRpcWithProxy.handleException(RaftClientRpcWithProxy.java:48)
	at org.apache.ratis.client.impl.RaftClientImpl.handleIOException(RaftClientImpl.java:445)
	at org.apache.ratis.client.impl.OrderedAsync.handleException(OrderedAsync.java:237)
	at org.apache.ratis.client.impl.OrderedAsync.lambda$sendRequestWithRetry$6(OrderedAsync.java:208)
	at java.util.concurrent.CompletableFuture.uniExceptionally(CompletableFuture.java:884)
	at java.util.concurrent.CompletableFuture$UniExceptionally.tryFire(CompletableFuture.java:866)
	at java.util.concurrent.CompletableFuture.postComplete(CompletableFuture.java:488)
	at java.util.concurrent.CompletableFuture.completeExceptionally(CompletableFuture.java:1990)
	at org.apache.ratis.grpc.client.GrpcClientProtocolClient$AsyncStreamObservers.lambda$timeoutCheck$5(GrpcClientProtocolClient.java:373)
	at java.util.Optional.ifPresent(Optional.java:159)
	at org.apache.ratis.grpc.client.GrpcClientProtocolClient$AsyncStreamObservers.handleReplyFuture(GrpcClientProtocolClient.java:378)
	at org.apache.ratis.grpc.client.GrpcClientProtocolClient$AsyncStreamObservers.timeoutCheck(GrpcClientProtocolClient.java:373)
	at org.apache.ratis.grpc.client.GrpcClientProtocolClient$AsyncStreamObservers.lambda$onNext$3(GrpcClientProtocolClient.java:366)
	at org.apache.ratis.util.TimeoutTimer.lambda$onTimeout$2(TimeoutTimer.java:101)
	at org.apache.ratis.util.LogUtils.runAndLog(LogUtils.java:38)
	at org.apache.ratis.util.LogUtils$1.run(LogUtils.java:78)
	at org.apache.ratis.util.TimeoutTimer$Task.run(TimeoutTimer.java:55)
	at java.util.TimerThread.mainLoop(Timer.java:555)
	at java.util.TimerThread.run(Timer.java:505)
2024-01-25 07:57:50,251 [s1-server-thread3] DEBUG server.RaftServer$Division (RaftServerImpl.java:logAppendEntries(1520)) - s1@group-796A68A19D2E: succeeded to handle AppendEntries. Reply: s0<-s1#101:OK-t3,SUCCESS,nextIndex=36,followerCommit=31,matchIndex=35
2024-01-25 07:57:50,251 [s1-server-thread1] DEBUG server.RaftServer$Division (RaftServerImpl.java:logAppendEntries(1520)) - s1@group-796A68A19D2E: receive appendEntries(s0, 3, (t:3, i:35), 31, false, commits:[s0:c31, s1:c28, s2:c25], cId:102, entries: [(t:3, i:36), STATEMACHINELOGENTRY, 64@client-2312CCC7CA78]
2024-01-25 07:57:50,251 [timer2] DEBUG client.RaftClient (RaftClientImpl.java:handleIOException(435)) - client-2312CCC7CA78: oldLeader=s0,  curLeader=s2, newLeader=null
2024-01-25 07:57:50,251 [s1@group-796A68A19D2E-StateMachineUpdater] INFO  impl.SimpleStateMachine4Testing (SimpleStateMachine4Testing.java:put(205)) - s1: put 29, m2 -> (t:3, i:29), STATEMACHINELOGENTRY, 59@client-2312CCC7CA78
2024-01-25 07:57:50,251 [timer2] ERROR impl.OrderedAsync (OrderedAsync.java:lambda$sendRequestWithRetry$6(207)) - client-2312CCC7CA78: Failed* RaftClientRequest:client-2312CCC7CA78->s0@group-796A68A19D2E, cid=69, seq=25, RW, m12
java.util.concurrent.CompletionException: org.apache.ratis.protocol.exceptions.AlreadyClosedException: client-2312CCC7CA78->s0: Stream close: no reply for async request cid=69
	at java.util.concurrent.CompletableFuture.encodeThrowable(CompletableFuture.java:292)
	at java.util.concurrent.CompletableFuture.completeThrowable(CompletableFuture.java:308)
	at java.util.concurrent.CompletableFuture.uniAccept(CompletableFuture.java:661)
	at java.util.concurrent.CompletableFuture$UniAccept.tryFire(CompletableFuture.java:646)
	at java.util.concurrent.CompletableFuture.postComplete(CompletableFuture.java:488)
	at java.util.concurrent.CompletableFuture.completeExceptionally(CompletableFuture.java:1990)
	at org.apache.ratis.grpc.client.GrpcClientProtocolClient$AsyncStreamObservers.completeReplyExceptionally(GrpcClientProtocolClient.java:394)
	at org.apache.ratis.grpc.client.GrpcClientProtocolClient$AsyncStreamObservers.close(GrpcClientProtocolClient.java:383)
	at org.apache.ratis.grpc.client.GrpcClientProtocolClient$AsyncStreamObservers.access$500(GrpcClientProtocolClient.java:300)
	at org.apache.ratis.grpc.client.GrpcClientProtocolClient.lambda$close$3(GrpcClientProtocolClient.java:160)
	at java.util.Optional.ifPresent(Optional.java:159)
	at org.apache.ratis.grpc.client.GrpcClientProtocolClient.close(GrpcClientProtocolClient.java:160)
	at org.apache.ratis.util.PeerProxyMap.closeProxy(PeerProxyMap.java:197)
	at org.apache.ratis.util.PeerProxyMap.lambda$resetProxy$2(PeerProxyMap.java:158)
	at java.util.Optional.map(Optional.java:215)
	at org.apache.ratis.util.PeerProxyMap.resetProxy(PeerProxyMap.java:158)
	at org.apache.ratis.util.PeerProxyMap.handleException(PeerProxyMap.java:165)
	at org.apache.ratis.client.impl.RaftClientRpcWithProxy.handleException(RaftClientRpcWithProxy.java:48)
	at org.apache.ratis.client.impl.RaftClientImpl.handleIOException(RaftClientImpl.java:445)
	at org.apache.ratis.client.impl.OrderedAsync.handleException(OrderedAsync.java:237)
	at org.apache.ratis.client.impl.OrderedAsync.lambda$sendRequestWithRetry$6(OrderedAsync.java:208)
	at java.util.concurrent.CompletableFuture.uniExceptionally(CompletableFuture.java:884)
	at java.util.concurrent.CompletableFuture$UniExceptionally.tryFire(CompletableFuture.java:866)
	at java.util.concurrent.CompletableFuture.postComplete(CompletableFuture.java:488)
	at java.util.concurrent.CompletableFuture.completeExceptionally(CompletableFuture.java:1990)
	at org.apache.ratis.grpc.client.GrpcClientProtocolClient$AsyncStreamObservers.lambda$timeoutCheck$5(GrpcClientProtocolClient.java:373)
	at java.util.Optional.ifPresent(Optional.java:159)
	at org.apache.ratis.grpc.client.GrpcClientProtocolClient$AsyncStreamObservers.handleReplyFuture(GrpcClientProtocolClient.java:378)
	at org.apache.ratis.grpc.client.GrpcClientProtocolClient$AsyncStreamObservers.timeoutCheck(GrpcClientProtocolClient.java:373)
	at org.apache.ratis.grpc.client.GrpcClientProtocolClient$AsyncStreamObservers.lambda$onNext$3(GrpcClientProtocolClient.java:366)
	at org.apache.ratis.util.TimeoutTimer.lambda$onTimeout$2(TimeoutTimer.java:101)
	at org.apache.ratis.util.LogUtils.runAndLog(LogUtils.java:38)
	at org.apache.ratis.util.LogUtils$1.run(LogUtils.java:78)
	at org.apache.ratis.util.TimeoutTimer$Task.run(TimeoutTimer.java:55)
	at java.util.TimerThread.mainLoop(Timer.java:555)
	at java.util.TimerThread.run(Timer.java:505)
Caused by: org.apache.ratis.protocol.exceptions.AlreadyClosedException: client-2312CCC7CA78->s0: Stream close: no reply for async request cid=69
	at org.apache.ratis.grpc.client.GrpcClientProtocolClient$AsyncStreamObservers.completeReplyExceptionally(GrpcClientProtocolClient.java:396)
	... 29 more
2024-01-25 07:57:50,252 [s1-server-thread1] DEBUG server.RaftServer$Division (RaftServerImpl.java:logAppendEntries(1520)) - s1@group-796A68A19D2E: succeeded to handle AppendEntries. Reply: s0<-s1#102:OK-t3,SUCCESS,nextIndex=37,followerCommit=31,matchIndex=36
2024-01-25 07:57:50,252 [grpc-default-executor-9] DEBUG impl.WatchRequests (WatchRequests.java:updateIndex(150)) - s0@group-796A68A19D2E-WatchRequests: update MAJORITY_COMMITTED index from 28 to 31
2024-01-25 07:57:50,252 [s1@group-796A68A19D2E-StateMachineUpdater] INFO  impl.SimpleStateMachine4Testing (SimpleStateMachine4Testing.java:applyTransaction(248)) - applyTransaction for log index 30
2024-01-25 07:57:50,252 [s1@group-796A68A19D2E-StateMachineUpdater] INFO  impl.SimpleStateMachine4Testing (SimpleStateMachine4Testing.java:put(205)) - s1: put 30, m3 -> (t:3, i:30), STATEMACHINELOGENTRY, 60@client-2312CCC7CA78
2024-01-25 07:57:50,252 [s0@group-796A68A19D2E-LeaderStateImpl] DEBUG impl.WatchRequests (WatchRequests.java:updateIndex(150)) - s0@group-796A68A19D2E-WatchRequests: update MAJORITY index from 32 to 35
2024-01-25 07:57:50,253 [s1@group-796A68A19D2E-StateMachineUpdater] INFO  impl.SimpleStateMachine4Testing (SimpleStateMachine4Testing.java:applyTransaction(248)) - applyTransaction for log index 31
2024-01-25 07:57:50,253 [s1@group-796A68A19D2E-StateMachineUpdater] INFO  impl.SimpleStateMachine4Testing (SimpleStateMachine4Testing.java:put(205)) - s1: put 31, m4 -> (t:3, i:31), STATEMACHINELOGENTRY, 61@client-2312CCC7CA78
2024-01-25 07:57:50,252 [s0-client-thread2] DEBUG server.RaftServer$Division (RaftServerImpl.java:submitClientRequestAsync(880)) - s0@group-796A68A19D2E: receive client request(RaftClientRequest:client-2312CCC7CA78->s0@group-796A68A19D2E, cid=65, seq=21, RW, Message:6d38)
2024-01-25 07:57:50,252 [timer2] DEBUG client.RaftClient (RaftClientImpl.java:handleIOException(417)) - client-2312CCC7CA78: suggested new leader: null. Failed RaftClientRequest:client-2312CCC7CA78->s0@group-796A68A19D2E, cid=69, seq=25, RW, m12
org.apache.ratis.protocol.exceptions.AlreadyClosedException: client-2312CCC7CA78->s0: Stream close: no reply for async request cid=69
	at org.apache.ratis.grpc.client.GrpcClientProtocolClient$AsyncStreamObservers.completeReplyExceptionally(GrpcClientProtocolClient.java:396)
	at org.apache.ratis.grpc.client.GrpcClientProtocolClient$AsyncStreamObservers.close(GrpcClientProtocolClient.java:383)
	at org.apache.ratis.grpc.client.GrpcClientProtocolClient$AsyncStreamObservers.access$500(GrpcClientProtocolClient.java:300)
	at org.apache.ratis.grpc.client.GrpcClientProtocolClient.lambda$close$3(GrpcClientProtocolClient.java:160)
	at java.util.Optional.ifPresent(Optional.java:159)
	at org.apache.ratis.grpc.client.GrpcClientProtocolClient.close(GrpcClientProtocolClient.java:160)
	at org.apache.ratis.util.PeerProxyMap.closeProxy(PeerProxyMap.java:197)
	at org.apache.ratis.util.PeerProxyMap.lambda$resetProxy$2(PeerProxyMap.java:158)
	at java.util.Optional.map(Optional.java:215)
	at org.apache.ratis.util.PeerProxyMap.resetProxy(PeerProxyMap.java:158)
	at org.apache.ratis.util.PeerProxyMap.handleException(PeerProxyMap.java:165)
	at org.apache.ratis.client.impl.RaftClientRpcWithProxy.handleException(RaftClientRpcWithProxy.java:48)
	at org.apache.ratis.client.impl.RaftClientImpl.handleIOException(RaftClientImpl.java:445)
	at org.apache.ratis.client.impl.OrderedAsync.handleException(OrderedAsync.java:237)
	at org.apache.ratis.client.impl.OrderedAsync.lambda$sendRequestWithRetry$6(OrderedAsync.java:208)
	at java.util.concurrent.CompletableFuture.uniExceptionally(CompletableFuture.java:884)
	at java.util.concurrent.CompletableFuture$UniExceptionally.tryFire(CompletableFuture.java:866)
	at java.util.concurrent.CompletableFuture.postComplete(CompletableFuture.java:488)
	at java.util.concurrent.CompletableFuture.completeExceptionally(CompletableFuture.java:1990)
	at org.apache.ratis.grpc.client.GrpcClientProtocolClient$AsyncStreamObservers.lambda$timeoutCheck$5(GrpcClientProtocolClient.java:373)
	at java.util.Optional.ifPresent(Optional.java:159)
	at org.apache.ratis.grpc.client.GrpcClientProtocolClient$AsyncStreamObservers.handleReplyFuture(GrpcClientProtocolClient.java:378)
	at org.apache.ratis.grpc.client.GrpcClientProtocolClient$AsyncStreamObservers.timeoutCheck(GrpcClientProtocolClient.java:373)
	at org.apache.ratis.grpc.client.GrpcClientProtocolClient$AsyncStreamObservers.lambda$onNext$3(GrpcClientProtocolClient.java:366)
	at org.apache.ratis.util.TimeoutTimer.lambda$onTimeout$2(TimeoutTimer.java:101)
	at org.apache.ratis.util.LogUtils.runAndLog(LogUtils.java:38)
	at org.apache.ratis.util.LogUtils$1.run(LogUtils.java:78)
	at org.apache.ratis.util.TimeoutTimer$Task.run(TimeoutTimer.java:55)
	at java.util.TimerThread.mainLoop(Timer.java:555)
	at java.util.TimerThread.run(Timer.java:505)
2024-01-25 07:57:50,253 [s0@group-796A68A19D2E-LeaderStateImpl] DEBUG impl.WatchRequests (WatchRequests.java:updateIndex(150)) - s0@group-796A68A19D2E-WatchRequests: update MAJORITY index from 35 to 36
2024-01-25 07:57:50,253 [timer2] TRACE client.RaftClient (RaftClientImpl.java:handleIOException(419)) - Stack trace
java.lang.Throwable: TRACE
	at org.apache.ratis.client.impl.RaftClientImpl.handleIOException(RaftClientImpl.java:419)
	at org.apache.ratis.client.impl.OrderedAsync.handleException(OrderedAsync.java:237)
	at org.apache.ratis.client.impl.OrderedAsync.lambda$sendRequestWithRetry$6(OrderedAsync.java:208)
	at java.util.concurrent.CompletableFuture.uniExceptionally(CompletableFuture.java:884)
	at java.util.concurrent.CompletableFuture$UniExceptionally.tryFire(CompletableFuture.java:866)
	at java.util.concurrent.CompletableFuture.postComplete(CompletableFuture.java:488)
	at java.util.concurrent.CompletableFuture.completeExceptionally(CompletableFuture.java:1990)
	at org.apache.ratis.grpc.client.GrpcClientProtocolClient$AsyncStreamObservers.completeReplyExceptionally(GrpcClientProtocolClient.java:394)
	at org.apache.ratis.grpc.client.GrpcClientProtocolClient$AsyncStreamObservers.close(GrpcClientProtocolClient.java:383)
	at org.apache.ratis.grpc.client.GrpcClientProtocolClient$AsyncStreamObservers.access$500(GrpcClientProtocolClient.java:300)
	at org.apache.ratis.grpc.client.GrpcClientProtocolClient.lambda$close$3(GrpcClientProtocolClient.java:160)
	at java.util.Optional.ifPresent(Optional.java:159)
	at org.apache.ratis.grpc.client.GrpcClientProtocolClient.close(GrpcClientProtocolClient.java:160)
	at org.apache.ratis.util.PeerProxyMap.closeProxy(PeerProxyMap.java:197)
	at org.apache.ratis.util.PeerProxyMap.lambda$resetProxy$2(PeerProxyMap.java:158)
	at java.util.Optional.map(Optional.java:215)
	at org.apache.ratis.util.PeerProxyMap.resetProxy(PeerProxyMap.java:158)
	at org.apache.ratis.util.PeerProxyMap.handleException(PeerProxyMap.java:165)
	at org.apache.ratis.client.impl.RaftClientRpcWithProxy.handleException(RaftClientRpcWithProxy.java:48)
	at org.apache.ratis.client.impl.RaftClientImpl.handleIOException(RaftClientImpl.java:445)
	at org.apache.ratis.client.impl.OrderedAsync.handleException(OrderedAsync.java:237)
	at org.apache.ratis.client.impl.OrderedAsync.lambda$sendRequestWithRetry$6(OrderedAsync.java:208)
	at java.util.concurrent.CompletableFuture.uniExceptionally(CompletableFuture.java:884)
	at java.util.concurrent.CompletableFuture$UniExceptionally.tryFire(CompletableFuture.java:866)
	at java.util.concurrent.CompletableFuture.postComplete(CompletableFuture.java:488)
	at java.util.concurrent.CompletableFuture.completeExceptionally(CompletableFuture.java:1990)
	at org.apache.ratis.grpc.client.GrpcClientProtocolClient$AsyncStreamObservers.lambda$timeoutCheck$5(GrpcClientProtocolClient.java:373)
	at java.util.Optional.ifPresent(Optional.java:159)
	at org.apache.ratis.grpc.client.GrpcClientProtocolClient$AsyncStreamObservers.handleReplyFuture(GrpcClientProtocolClient.java:378)
	at org.apache.ratis.grpc.client.GrpcClientProtocolClient$AsyncStreamObservers.timeoutCheck(GrpcClientProtocolClient.java:373)
	at org.apache.ratis.grpc.client.GrpcClientProtocolClient$AsyncStreamObservers.lambda$onNext$3(GrpcClientProtocolClient.java:366)
	at org.apache.ratis.util.TimeoutTimer.lambda$onTimeout$2(TimeoutTimer.java:101)
	at org.apache.ratis.util.LogUtils.runAndLog(LogUtils.java:38)
	at org.apache.ratis.util.LogUtils$1.run(LogUtils.java:78)
	at org.apache.ratis.util.TimeoutTimer$Task.run(TimeoutTimer.java:55)
	at java.util.TimerThread.mainLoop(Timer.java:555)
	at java.util.TimerThread.run(Timer.java:505)
2024-01-25 07:57:50,253 [s0@group-796A68A19D2E-StateMachineUpdater] INFO  impl.SimpleStateMachine4Testing (SimpleStateMachine4Testing.java:applyTransaction(248)) - applyTransaction for log index 33
2024-01-25 07:57:50,253 [s1-server-thread1] DEBUG server.RaftServer$Division (RaftServerImpl.java:logAppendEntries(1520)) - s1@group-796A68A19D2E: receive appendEntries(s0, 3, (t:3, i:36), 35, false, commits:[s0:c35, s1:c31, s2:c25], cId:106, entries: [(t:3, i:37), METADATAENTRY(c:35)]
2024-01-25 07:57:50,254 [s0@group-796A68A19D2E-StateMachineUpdater] INFO  impl.SimpleStateMachine4Testing (SimpleStateMachine4Testing.java:put(205)) - s0: put 33, m5 -> (t:3, i:33), STATEMACHINELOGENTRY, 62@client-2312CCC7CA78
2024-01-25 07:57:50,254 [s0@group-796A68A19D2E-StateMachineUpdater] INFO  impl.SimpleStateMachine4Testing (SimpleStateMachine4Testing.java:applyTransaction(248)) - applyTransaction for log index 35
2024-01-25 07:57:50,254 [s0@group-796A68A19D2E-StateMachineUpdater] INFO  impl.SimpleStateMachine4Testing (SimpleStateMachine4Testing.java:put(205)) - s0: put 35, m6 -> (t:3, i:35), STATEMACHINELOGENTRY, 63@client-2312CCC7CA78
2024-01-25 07:57:50,254 [s1-server-thread1] DEBUG server.RaftServer$Division (RaftServerImpl.java:logAppendEntries(1520)) - s1@group-796A68A19D2E: receive appendEntries(s0, 3, (t:3, i:37), 36, false, commits:[s0:c36, s1:c31, s2:c25], cId:107, entries: [(t:3, i:38), METADATAENTRY(c:36)]
2024-01-25 07:57:50,254 [timer2] DEBUG client.RaftClient (RaftClientImpl.java:handleIOException(435)) - client-2312CCC7CA78: oldLeader=s0,  curLeader=s2, newLeader=null
2024-01-25 07:57:50,256 [s1@group-796A68A19D2E-StateMachineUpdater] INFO  impl.SimpleStateMachine4Testing (SimpleStateMachine4Testing.java:applyTransaction(248)) - applyTransaction for log index 33
2024-01-25 07:57:50,256 [s1@group-796A68A19D2E-StateMachineUpdater] INFO  impl.SimpleStateMachine4Testing (SimpleStateMachine4Testing.java:put(205)) - s1: put 33, m5 -> (t:3, i:33), STATEMACHINELOGENTRY, 62@client-2312CCC7CA78
2024-01-25 07:57:50,256 [s1@group-796A68A19D2E-StateMachineUpdater] INFO  impl.SimpleStateMachine4Testing (SimpleStateMachine4Testing.java:applyTransaction(248)) - applyTransaction for log index 35
2024-01-25 07:57:50,256 [s1@group-796A68A19D2E-StateMachineUpdater] INFO  impl.SimpleStateMachine4Testing (SimpleStateMachine4Testing.java:put(205)) - s1: put 35, m6 -> (t:3, i:35), STATEMACHINELOGENTRY, 63@client-2312CCC7CA78
2024-01-25 07:57:50,254 [s0@group-796A68A19D2E-StateMachineUpdater] INFO  impl.SimpleStateMachine4Testing (SimpleStateMachine4Testing.java:applyTransaction(248)) - applyTransaction for log index 36
2024-01-25 07:57:50,256 [timer2] ERROR impl.OrderedAsync (OrderedAsync.java:lambda$sendRequestWithRetry$6(207)) - client-2312CCC7CA78: Failed* RaftClientRequest:client-2312CCC7CA78->s0@group-796A68A19D2E, cid=70, seq=26, RW, m13
java.util.concurrent.CompletionException: org.apache.ratis.protocol.exceptions.AlreadyClosedException: client-2312CCC7CA78->s0: Stream close: no reply for async request cid=70
	at java.util.concurrent.CompletableFuture.encodeThrowable(CompletableFuture.java:292)
	at java.util.concurrent.CompletableFuture.completeThrowable(CompletableFuture.java:308)
	at java.util.concurrent.CompletableFuture.uniAccept(CompletableFuture.java:661)
	at java.util.concurrent.CompletableFuture$UniAccept.tryFire(CompletableFuture.java:646)
	at java.util.concurrent.CompletableFuture.postComplete(CompletableFuture.java:488)
	at java.util.concurrent.CompletableFuture.completeExceptionally(CompletableFuture.java:1990)
	at org.apache.ratis.grpc.client.GrpcClientProtocolClient$AsyncStreamObservers.completeReplyExceptionally(GrpcClientProtocolClient.java:394)
	at org.apache.ratis.grpc.client.GrpcClientProtocolClient$AsyncStreamObservers.close(GrpcClientProtocolClient.java:383)
	at org.apache.ratis.grpc.client.GrpcClientProtocolClient$AsyncStreamObservers.access$500(GrpcClientProtocolClient.java:300)
	at org.apache.ratis.grpc.client.GrpcClientProtocolClient.lambda$close$3(GrpcClientProtocolClient.java:160)
	at java.util.Optional.ifPresent(Optional.java:159)
	at org.apache.ratis.grpc.client.GrpcClientProtocolClient.close(GrpcClientProtocolClient.java:160)
	at org.apache.ratis.util.PeerProxyMap.closeProxy(PeerProxyMap.java:197)
	at org.apache.ratis.util.PeerProxyMap.lambda$resetProxy$2(PeerProxyMap.java:158)
	at java.util.Optional.map(Optional.java:215)
	at org.apache.ratis.util.PeerProxyMap.resetProxy(PeerProxyMap.java:158)
	at org.apache.ratis.util.PeerProxyMap.handleException(PeerProxyMap.java:165)
	at org.apache.ratis.client.impl.RaftClientRpcWithProxy.handleException(RaftClientRpcWithProxy.java:48)
	at org.apache.ratis.client.impl.RaftClientImpl.handleIOException(RaftClientImpl.java:445)
	at org.apache.ratis.client.impl.OrderedAsync.handleException(OrderedAsync.java:237)
	at org.apache.ratis.client.impl.OrderedAsync.lambda$sendRequestWithRetry$6(OrderedAsync.java:208)
	at java.util.concurrent.CompletableFuture.uniExceptionally(CompletableFuture.java:884)
	at java.util.concurrent.CompletableFuture$UniExceptionally.tryFire(CompletableFuture.java:866)
	at java.util.concurrent.CompletableFuture.postComplete(CompletableFuture.java:488)
	at java.util.concurrent.CompletableFuture.completeExceptionally(CompletableFuture.java:1990)
	at org.apache.ratis.grpc.client.GrpcClientProtocolClient$AsyncStreamObservers.lambda$timeoutCheck$5(GrpcClientProtocolClient.java:373)
	at java.util.Optional.ifPresent(Optional.java:159)
	at org.apache.ratis.grpc.client.GrpcClientProtocolClient$AsyncStreamObservers.handleReplyFuture(GrpcClientProtocolClient.java:378)
	at org.apache.ratis.grpc.client.GrpcClientProtocolClient$AsyncStreamObservers.timeoutCheck(GrpcClientProtocolClient.java:373)
	at org.apache.ratis.grpc.client.GrpcClientProtocolClient$AsyncStreamObservers.lambda$onNext$3(GrpcClientProtocolClient.java:366)
	at org.apache.ratis.util.TimeoutTimer.lambda$onTimeout$2(TimeoutTimer.java:101)
	at org.apache.ratis.util.LogUtils.runAndLog(LogUtils.java:38)
	at org.apache.ratis.util.LogUtils$1.run(LogUtils.java:78)
	at org.apache.ratis.util.TimeoutTimer$Task.run(TimeoutTimer.java:55)
	at java.util.TimerThread.mainLoop(Timer.java:555)
	at java.util.TimerThread.run(Timer.java:505)
Caused by: org.apache.ratis.protocol.exceptions.AlreadyClosedException: client-2312CCC7CA78->s0: Stream close: no reply for async request cid=70
	at org.apache.ratis.grpc.client.GrpcClientProtocolClient$AsyncStreamObservers.completeReplyExceptionally(GrpcClientProtocolClient.java:396)
	... 29 more
2024-01-25 07:57:50,257 [s1@group-796A68A19D2E-StateMachineUpdater] INFO  impl.SimpleStateMachine4Testing (SimpleStateMachine4Testing.java:applyTransaction(248)) - applyTransaction for log index 36
2024-01-25 07:57:50,256 [s1-server-thread3] DEBUG server.RaftServer$Division (RaftServerImpl.java:logAppendEntries(1520)) - s1@group-796A68A19D2E: succeeded to handle AppendEntries. Reply: s0<-s1#106:OK-t3,SUCCESS,nextIndex=38,followerCommit=35,matchIndex=37
2024-01-25 07:57:50,255 [s0-client-thread2] DEBUG server.RaftServer$Division (LeaderStateImpl.java:addPendingRequest(533)) - s0@group-796A68A19D2E-LeaderStateImpl: addPendingRequest at RaftClientRequest:client-2312CCC7CA78->s0@group-796A68A19D2E, cid=65, seq=21, RW, Message:6d38, entry=(t:3, i:39), STATEMACHINELOGENTRY, 65@client-2312CCC7CA78
2024-01-25 07:57:50,257 [s1@group-796A68A19D2E-StateMachineUpdater] INFO  impl.SimpleStateMachine4Testing (SimpleStateMachine4Testing.java:put(205)) - s1: put 36, m7 -> (t:3, i:36), STATEMACHINELOGENTRY, 64@client-2312CCC7CA78
2024-01-25 07:57:50,257 [timer2] DEBUG client.RaftClient (RaftClientImpl.java:handleIOException(417)) - client-2312CCC7CA78: suggested new leader: null. Failed RaftClientRequest:client-2312CCC7CA78->s0@group-796A68A19D2E, cid=70, seq=26, RW, m13
org.apache.ratis.protocol.exceptions.AlreadyClosedException: client-2312CCC7CA78->s0: Stream close: no reply for async request cid=70
	at org.apache.ratis.grpc.client.GrpcClientProtocolClient$AsyncStreamObservers.completeReplyExceptionally(GrpcClientProtocolClient.java:396)
	at org.apache.ratis.grpc.client.GrpcClientProtocolClient$AsyncStreamObservers.close(GrpcClientProtocolClient.java:383)
	at org.apache.ratis.grpc.client.GrpcClientProtocolClient$AsyncStreamObservers.access$500(GrpcClientProtocolClient.java:300)
	at org.apache.ratis.grpc.client.GrpcClientProtocolClient.lambda$close$3(GrpcClientProtocolClient.java:160)
	at java.util.Optional.ifPresent(Optional.java:159)
	at org.apache.ratis.grpc.client.GrpcClientProtocolClient.close(GrpcClientProtocolClient.java:160)
	at org.apache.ratis.util.PeerProxyMap.closeProxy(PeerProxyMap.java:197)
	at org.apache.ratis.util.PeerProxyMap.lambda$resetProxy$2(PeerProxyMap.java:158)
	at java.util.Optional.map(Optional.java:215)
	at org.apache.ratis.util.PeerProxyMap.resetProxy(PeerProxyMap.java:158)
	at org.apache.ratis.util.PeerProxyMap.handleException(PeerProxyMap.java:165)
	at org.apache.ratis.client.impl.RaftClientRpcWithProxy.handleException(RaftClientRpcWithProxy.java:48)
	at org.apache.ratis.client.impl.RaftClientImpl.handleIOException(RaftClientImpl.java:445)
	at org.apache.ratis.client.impl.OrderedAsync.handleException(OrderedAsync.java:237)
	at org.apache.ratis.client.impl.OrderedAsync.lambda$sendRequestWithRetry$6(OrderedAsync.java:208)
	at java.util.concurrent.CompletableFuture.uniExceptionally(CompletableFuture.java:884)
	at java.util.concurrent.CompletableFuture$UniExceptionally.tryFire(CompletableFuture.java:866)
	at java.util.concurrent.CompletableFuture.postComplete(CompletableFuture.java:488)
	at java.util.concurrent.CompletableFuture.completeExceptionally(CompletableFuture.java:1990)
	at org.apache.ratis.grpc.client.GrpcClientProtocolClient$AsyncStreamObservers.lambda$timeoutCheck$5(GrpcClientProtocolClient.java:373)
	at java.util.Optional.ifPresent(Optional.java:159)
	at org.apache.ratis.grpc.client.GrpcClientProtocolClient$AsyncStreamObservers.handleReplyFuture(GrpcClientProtocolClient.java:378)
	at org.apache.ratis.grpc.client.GrpcClientProtocolClient$AsyncStreamObservers.timeoutCheck(GrpcClientProtocolClient.java:373)
	at org.apache.ratis.grpc.client.GrpcClientProtocolClient$AsyncStreamObservers.lambda$onNext$3(GrpcClientProtocolClient.java:366)
	at org.apache.ratis.util.TimeoutTimer.lambda$onTimeout$2(TimeoutTimer.java:101)
	at org.apache.ratis.util.LogUtils.runAndLog(LogUtils.java:38)
	at org.apache.ratis.util.LogUtils$1.run(LogUtils.java:78)
	at org.apache.ratis.util.TimeoutTimer$Task.run(TimeoutTimer.java:55)
	at java.util.TimerThread.mainLoop(Timer.java:555)
	at java.util.TimerThread.run(Timer.java:505)
2024-01-25 07:57:50,257 [s1-server-thread1] DEBUG server.RaftServer$Division (RaftServerImpl.java:logAppendEntries(1520)) - s1@group-796A68A19D2E: succeeded to handle AppendEntries. Reply: s0<-s1#107:OK-t3,SUCCESS,nextIndex=39,followerCommit=36,matchIndex=38
2024-01-25 07:57:50,256 [s0@group-796A68A19D2E-StateMachineUpdater] INFO  impl.SimpleStateMachine4Testing (SimpleStateMachine4Testing.java:put(205)) - s0: put 36, m7 -> (t:3, i:36), STATEMACHINELOGENTRY, 64@client-2312CCC7CA78
2024-01-25 07:57:50,258 [timer2] TRACE client.RaftClient (RaftClientImpl.java:handleIOException(419)) - Stack trace
java.lang.Throwable: TRACE
	at org.apache.ratis.client.impl.RaftClientImpl.handleIOException(RaftClientImpl.java:419)
	at org.apache.ratis.client.impl.OrderedAsync.handleException(OrderedAsync.java:237)
	at org.apache.ratis.client.impl.OrderedAsync.lambda$sendRequestWithRetry$6(OrderedAsync.java:208)
	at java.util.concurrent.CompletableFuture.uniExceptionally(CompletableFuture.java:884)
	at java.util.concurrent.CompletableFuture$UniExceptionally.tryFire(CompletableFuture.java:866)
	at java.util.concurrent.CompletableFuture.postComplete(CompletableFuture.java:488)
	at java.util.concurrent.CompletableFuture.completeExceptionally(CompletableFuture.java:1990)
	at org.apache.ratis.grpc.client.GrpcClientProtocolClient$AsyncStreamObservers.completeReplyExceptionally(GrpcClientProtocolClient.java:394)
	at org.apache.ratis.grpc.client.GrpcClientProtocolClient$AsyncStreamObservers.close(GrpcClientProtocolClient.java:383)
	at org.apache.ratis.grpc.client.GrpcClientProtocolClient$AsyncStreamObservers.access$500(GrpcClientProtocolClient.java:300)
	at org.apache.ratis.grpc.client.GrpcClientProtocolClient.lambda$close$3(GrpcClientProtocolClient.java:160)
	at java.util.Optional.ifPresent(Optional.java:159)
	at org.apache.ratis.grpc.client.GrpcClientProtocolClient.close(GrpcClientProtocolClient.java:160)
	at org.apache.ratis.util.PeerProxyMap.closeProxy(PeerProxyMap.java:197)
	at org.apache.ratis.util.PeerProxyMap.lambda$resetProxy$2(PeerProxyMap.java:158)
	at java.util.Optional.map(Optional.java:215)
	at org.apache.ratis.util.PeerProxyMap.resetProxy(PeerProxyMap.java:158)
	at org.apache.ratis.util.PeerProxyMap.handleException(PeerProxyMap.java:165)
	at org.apache.ratis.client.impl.RaftClientRpcWithProxy.handleException(RaftClientRpcWithProxy.java:48)
	at org.apache.ratis.client.impl.RaftClientImpl.handleIOException(RaftClientImpl.java:445)
	at org.apache.ratis.client.impl.OrderedAsync.handleException(OrderedAsync.java:237)
	at org.apache.ratis.client.impl.OrderedAsync.lambda$sendRequestWithRetry$6(OrderedAsync.java:208)
	at java.util.concurrent.CompletableFuture.uniExceptionally(CompletableFuture.java:884)
	at java.util.concurrent.CompletableFuture$UniExceptionally.tryFire(CompletableFuture.java:866)
	at java.util.concurrent.CompletableFuture.postComplete(CompletableFuture.java:488)
	at java.util.concurrent.CompletableFuture.completeExceptionally(CompletableFuture.java:1990)
	at org.apache.ratis.grpc.client.GrpcClientProtocolClient$AsyncStreamObservers.lambda$timeoutCheck$5(GrpcClientProtocolClient.java:373)
	at java.util.Optional.ifPresent(Optional.java:159)
	at org.apache.ratis.grpc.client.GrpcClientProtocolClient$AsyncStreamObservers.handleReplyFuture(GrpcClientProtocolClient.java:378)
	at org.apache.ratis.grpc.client.GrpcClientProtocolClient$AsyncStreamObservers.timeoutCheck(GrpcClientProtocolClient.java:373)
	at org.apache.ratis.grpc.client.GrpcClientProtocolClient$AsyncStreamObservers.lambda$onNext$3(GrpcClientProtocolClient.java:366)
	at org.apache.ratis.util.TimeoutTimer.lambda$onTimeout$2(TimeoutTimer.java:101)
	at org.apache.ratis.util.LogUtils.runAndLog(LogUtils.java:38)
	at org.apache.ratis.util.LogUtils$1.run(LogUtils.java:78)
	at org.apache.ratis.util.TimeoutTimer$Task.run(TimeoutTimer.java:55)
	at java.util.TimerThread.mainLoop(Timer.java:555)
	at java.util.TimerThread.run(Timer.java:505)
2024-01-25 07:57:50,258 [s0-client-thread1] DEBUG server.RaftServer$Division (RaftServerImpl.java:submitClientRequestAsync(880)) - s0@group-796A68A19D2E: receive client request(RaftClientRequest:client-2312CCC7CA78->s0@group-796A68A19D2E, cid=66, seq=22, RW, Message:6d39)
2024-01-25 07:57:50,259 [timer2] DEBUG client.RaftClient (RaftClientImpl.java:handleIOException(435)) - client-2312CCC7CA78: oldLeader=s0,  curLeader=s2, newLeader=null
2024-01-25 07:57:50,259 [s0-client-thread1] DEBUG server.RaftServer$Division (LeaderStateImpl.java:addPendingRequest(533)) - s0@group-796A68A19D2E-LeaderStateImpl: addPendingRequest at RaftClientRequest:client-2312CCC7CA78->s0@group-796A68A19D2E, cid=66, seq=22, RW, Message:6d39, entry=(t:3, i:40), STATEMACHINELOGENTRY, 66@client-2312CCC7CA78
2024-01-25 07:57:50,260 [s0-client-thread1] DEBUG server.RaftServer$Division (RaftServerImpl.java:submitClientRequestAsync(880)) - s0@group-796A68A19D2E: receive client request(RaftClientRequest:client-2312CCC7CA78->s0@group-796A68A19D2E, cid=67, seq=23, RW, Message:6d3130)
2024-01-25 07:57:50,260 [s0-client-thread1] DEBUG server.RaftServer$Division (LeaderStateImpl.java:addPendingRequest(533)) - s0@group-796A68A19D2E-LeaderStateImpl: addPendingRequest at RaftClientRequest:client-2312CCC7CA78->s0@group-796A68A19D2E, cid=67, seq=23, RW, Message:6d3130, entry=(t:3, i:41), STATEMACHINELOGENTRY, 67@client-2312CCC7CA78
2024-01-25 07:57:50,260 [s0-client-thread1] DEBUG server.RaftServer$Division (RaftServerImpl.java:submitClientRequestAsync(880)) - s0@group-796A68A19D2E: receive client request(RaftClientRequest:client-2312CCC7CA78->s0@group-796A68A19D2E, cid=68, seq=24, RW, Message:6d3131)
2024-01-25 07:57:50,260 [s0-client-thread1] DEBUG server.RaftServer$Division (LeaderStateImpl.java:addPendingRequest(533)) - s0@group-796A68A19D2E-LeaderStateImpl: addPendingRequest at RaftClientRequest:client-2312CCC7CA78->s0@group-796A68A19D2E, cid=68, seq=24, RW, Message:6d3131, entry=(t:3, i:42), STATEMACHINELOGENTRY, 68@client-2312CCC7CA78
2024-01-25 07:57:50,261 [s0-client-thread1] DEBUG server.RaftServer$Division (RaftServerImpl.java:submitClientRequestAsync(880)) - s0@group-796A68A19D2E: receive client request(RaftClientRequest:client-2312CCC7CA78->s0@group-796A68A19D2E, cid=69, seq=25, RW, Message:6d3132)
2024-01-25 07:57:50,265 [s0-client-thread1] DEBUG server.RaftServer$Division (LeaderStateImpl.java:addPendingRequest(533)) - s0@group-796A68A19D2E-LeaderStateImpl: addPendingRequest at RaftClientRequest:client-2312CCC7CA78->s0@group-796A68A19D2E, cid=69, seq=25, RW, Message:6d3132, entry=(t:3, i:43), STATEMACHINELOGENTRY, 69@client-2312CCC7CA78
2024-01-25 07:57:50,265 [grpc-default-executor-8] DEBUG impl.WatchRequests (WatchRequests.java:updateIndex(150)) - s0@group-796A68A19D2E-WatchRequests: update MAJORITY_COMMITTED index from 31 to 35
2024-01-25 07:57:50,265 [s0@group-796A68A19D2E-LeaderStateImpl] DEBUG impl.WatchRequests (WatchRequests.java:updateIndex(150)) - s0@group-796A68A19D2E-WatchRequests: update MAJORITY index from 36 to 37
2024-01-25 07:57:50,265 [s0-client-thread1] DEBUG server.RaftServer$Division (RaftServerImpl.java:submitClientRequestAsync(880)) - s0@group-796A68A19D2E: receive client request(RaftClientRequest:client-2312CCC7CA78->s0@group-796A68A19D2E, cid=70, seq=26, RW, Message:6d3133)
2024-01-25 07:57:50,265 [timer2] ERROR impl.OrderedAsync (OrderedAsync.java:lambda$sendRequestWithRetry$6(207)) - client-2312CCC7CA78: Failed* RaftClientRequest:client-2312CCC7CA78->s0@group-796A68A19D2E, cid=71, seq=27, RW, m14
java.util.concurrent.CompletionException: org.apache.ratis.protocol.exceptions.AlreadyClosedException: client-2312CCC7CA78->s0: Stream close: no reply for async request cid=71
	at java.util.concurrent.CompletableFuture.encodeThrowable(CompletableFuture.java:292)
	at java.util.concurrent.CompletableFuture.completeThrowable(CompletableFuture.java:308)
	at java.util.concurrent.CompletableFuture.uniAccept(CompletableFuture.java:661)
	at java.util.concurrent.CompletableFuture$UniAccept.tryFire(CompletableFuture.java:646)
	at java.util.concurrent.CompletableFuture.postComplete(CompletableFuture.java:488)
	at java.util.concurrent.CompletableFuture.completeExceptionally(CompletableFuture.java:1990)
	at org.apache.ratis.grpc.client.GrpcClientProtocolClient$AsyncStreamObservers.completeReplyExceptionally(GrpcClientProtocolClient.java:394)
	at org.apache.ratis.grpc.client.GrpcClientProtocolClient$AsyncStreamObservers.close(GrpcClientProtocolClient.java:383)
	at org.apache.ratis.grpc.client.GrpcClientProtocolClient$AsyncStreamObservers.access$500(GrpcClientProtocolClient.java:300)
	at org.apache.ratis.grpc.client.GrpcClientProtocolClient.lambda$close$3(GrpcClientProtocolClient.java:160)
	at java.util.Optional.ifPresent(Optional.java:159)
	at org.apache.ratis.grpc.client.GrpcClientProtocolClient.close(GrpcClientProtocolClient.java:160)
	at org.apache.ratis.util.PeerProxyMap.closeProxy(PeerProxyMap.java:197)
	at org.apache.ratis.util.PeerProxyMap.lambda$resetProxy$2(PeerProxyMap.java:158)
	at java.util.Optional.map(Optional.java:215)
	at org.apache.ratis.util.PeerProxyMap.resetProxy(PeerProxyMap.java:158)
	at org.apache.ratis.util.PeerProxyMap.handleException(PeerProxyMap.java:165)
	at org.apache.ratis.client.impl.RaftClientRpcWithProxy.handleException(RaftClientRpcWithProxy.java:48)
	at org.apache.ratis.client.impl.RaftClientImpl.handleIOException(RaftClientImpl.java:445)
	at org.apache.ratis.client.impl.OrderedAsync.handleException(OrderedAsync.java:237)
	at org.apache.ratis.client.impl.OrderedAsync.lambda$sendRequestWithRetry$6(OrderedAsync.java:208)
	at java.util.concurrent.CompletableFuture.uniExceptionally(CompletableFuture.java:884)
	at java.util.concurrent.CompletableFuture$UniExceptionally.tryFire(CompletableFuture.java:866)
	at java.util.concurrent.CompletableFuture.postComplete(CompletableFuture.java:488)
	at java.util.concurrent.CompletableFuture.completeExceptionally(CompletableFuture.java:1990)
	at org.apache.ratis.grpc.client.GrpcClientProtocolClient$AsyncStreamObservers.lambda$timeoutCheck$5(GrpcClientProtocolClient.java:373)
	at java.util.Optional.ifPresent(Optional.java:159)
	at org.apache.ratis.grpc.client.GrpcClientProtocolClient$AsyncStreamObservers.handleReplyFuture(GrpcClientProtocolClient.java:378)
	at org.apache.ratis.grpc.client.GrpcClientProtocolClient$AsyncStreamObservers.timeoutCheck(GrpcClientProtocolClient.java:373)
	at org.apache.ratis.grpc.client.GrpcClientProtocolClient$AsyncStreamObservers.lambda$onNext$3(GrpcClientProtocolClient.java:366)
	at org.apache.ratis.util.TimeoutTimer.lambda$onTimeout$2(TimeoutTimer.java:101)
	at org.apache.ratis.util.LogUtils.runAndLog(LogUtils.java:38)
	at org.apache.ratis.util.LogUtils$1.run(LogUtils.java:78)
	at org.apache.ratis.util.TimeoutTimer$Task.run(TimeoutTimer.java:55)
	at java.util.TimerThread.mainLoop(Timer.java:555)
	at java.util.TimerThread.run(Timer.java:505)
Caused by: org.apache.ratis.protocol.exceptions.AlreadyClosedException: client-2312CCC7CA78->s0: Stream close: no reply for async request cid=71
	at org.apache.ratis.grpc.client.GrpcClientProtocolClient$AsyncStreamObservers.completeReplyExceptionally(GrpcClientProtocolClient.java:396)
	... 29 more
2024-01-25 07:57:50,266 [s0-client-thread1] DEBUG server.RaftServer$Division (LeaderStateImpl.java:addPendingRequest(533)) - s0@group-796A68A19D2E-LeaderStateImpl: addPendingRequest at RaftClientRequest:client-2312CCC7CA78->s0@group-796A68A19D2E, cid=70, seq=26, RW, Message:6d3133, entry=(t:3, i:44), STATEMACHINELOGENTRY, 70@client-2312CCC7CA78
2024-01-25 07:57:50,266 [timer2] DEBUG client.RaftClient (RaftClientImpl.java:handleIOException(417)) - client-2312CCC7CA78: suggested new leader: null. Failed RaftClientRequest:client-2312CCC7CA78->s0@group-796A68A19D2E, cid=71, seq=27, RW, m14
org.apache.ratis.protocol.exceptions.AlreadyClosedException: client-2312CCC7CA78->s0: Stream close: no reply for async request cid=71
	at org.apache.ratis.grpc.client.GrpcClientProtocolClient$AsyncStreamObservers.completeReplyExceptionally(GrpcClientProtocolClient.java:396)
	at org.apache.ratis.grpc.client.GrpcClientProtocolClient$AsyncStreamObservers.close(GrpcClientProtocolClient.java:383)
	at org.apache.ratis.grpc.client.GrpcClientProtocolClient$AsyncStreamObservers.access$500(GrpcClientProtocolClient.java:300)
	at org.apache.ratis.grpc.client.GrpcClientProtocolClient.lambda$close$3(GrpcClientProtocolClient.java:160)
	at java.util.Optional.ifPresent(Optional.java:159)
	at org.apache.ratis.grpc.client.GrpcClientProtocolClient.close(GrpcClientProtocolClient.java:160)
	at org.apache.ratis.util.PeerProxyMap.closeProxy(PeerProxyMap.java:197)
	at org.apache.ratis.util.PeerProxyMap.lambda$resetProxy$2(PeerProxyMap.java:158)
	at java.util.Optional.map(Optional.java:215)
	at org.apache.ratis.util.PeerProxyMap.resetProxy(PeerProxyMap.java:158)
	at org.apache.ratis.util.PeerProxyMap.handleException(PeerProxyMap.java:165)
	at org.apache.ratis.client.impl.RaftClientRpcWithProxy.handleException(RaftClientRpcWithProxy.java:48)
	at org.apache.ratis.client.impl.RaftClientImpl.handleIOException(RaftClientImpl.java:445)
	at org.apache.ratis.client.impl.OrderedAsync.handleException(OrderedAsync.java:237)
	at org.apache.ratis.client.impl.OrderedAsync.lambda$sendRequestWithRetry$6(OrderedAsync.java:208)
	at java.util.concurrent.CompletableFuture.uniExceptionally(CompletableFuture.java:884)
	at java.util.concurrent.CompletableFuture$UniExceptionally.tryFire(CompletableFuture.java:866)
	at java.util.concurrent.CompletableFuture.postComplete(CompletableFuture.java:488)
	at java.util.concurrent.CompletableFuture.completeExceptionally(CompletableFuture.java:1990)
	at org.apache.ratis.grpc.client.GrpcClientProtocolClient$AsyncStreamObservers.lambda$timeoutCheck$5(GrpcClientProtocolClient.java:373)
	at java.util.Optional.ifPresent(Optional.java:159)
	at org.apache.ratis.grpc.client.GrpcClientProtocolClient$AsyncStreamObservers.handleReplyFuture(GrpcClientProtocolClient.java:378)
	at org.apache.ratis.grpc.client.GrpcClientProtocolClient$AsyncStreamObservers.timeoutCheck(GrpcClientProtocolClient.java:373)
	at org.apache.ratis.grpc.client.GrpcClientProtocolClient$AsyncStreamObservers.lambda$onNext$3(GrpcClientProtocolClient.java:366)
	at org.apache.ratis.util.TimeoutTimer.lambda$onTimeout$2(TimeoutTimer.java:101)
	at org.apache.ratis.util.LogUtils.runAndLog(LogUtils.java:38)
	at org.apache.ratis.util.LogUtils$1.run(LogUtils.java:78)
	at org.apache.ratis.util.TimeoutTimer$Task.run(TimeoutTimer.java:55)
	at java.util.TimerThread.mainLoop(Timer.java:555)
	at java.util.TimerThread.run(Timer.java:505)
2024-01-25 07:57:50,266 [timer2] TRACE client.RaftClient (RaftClientImpl.java:handleIOException(419)) - Stack trace
java.lang.Throwable: TRACE
	at org.apache.ratis.client.impl.RaftClientImpl.handleIOException(RaftClientImpl.java:419)
	at org.apache.ratis.client.impl.OrderedAsync.handleException(OrderedAsync.java:237)
	at org.apache.ratis.client.impl.OrderedAsync.lambda$sendRequestWithRetry$6(OrderedAsync.java:208)
	at java.util.concurrent.CompletableFuture.uniExceptionally(CompletableFuture.java:884)
	at java.util.concurrent.CompletableFuture$UniExceptionally.tryFire(CompletableFuture.java:866)
	at java.util.concurrent.CompletableFuture.postComplete(CompletableFuture.java:488)
	at java.util.concurrent.CompletableFuture.completeExceptionally(CompletableFuture.java:1990)
	at org.apache.ratis.grpc.client.GrpcClientProtocolClient$AsyncStreamObservers.completeReplyExceptionally(GrpcClientProtocolClient.java:394)
	at org.apache.ratis.grpc.client.GrpcClientProtocolClient$AsyncStreamObservers.close(GrpcClientProtocolClient.java:383)
	at org.apache.ratis.grpc.client.GrpcClientProtocolClient$AsyncStreamObservers.access$500(GrpcClientProtocolClient.java:300)
	at org.apache.ratis.grpc.client.GrpcClientProtocolClient.lambda$close$3(GrpcClientProtocolClient.java:160)
	at java.util.Optional.ifPresent(Optional.java:159)
	at org.apache.ratis.grpc.client.GrpcClientProtocolClient.close(GrpcClientProtocolClient.java:160)
	at org.apache.ratis.util.PeerProxyMap.closeProxy(PeerProxyMap.java:197)
	at org.apache.ratis.util.PeerProxyMap.lambda$resetProxy$2(PeerProxyMap.java:158)
	at java.util.Optional.map(Optional.java:215)
	at org.apache.ratis.util.PeerProxyMap.resetProxy(PeerProxyMap.java:158)
	at org.apache.ratis.util.PeerProxyMap.handleException(PeerProxyMap.java:165)
	at org.apache.ratis.client.impl.RaftClientRpcWithProxy.handleException(RaftClientRpcWithProxy.java:48)
	at org.apache.ratis.client.impl.RaftClientImpl.handleIOException(RaftClientImpl.java:445)
	at org.apache.ratis.client.impl.OrderedAsync.handleException(OrderedAsync.java:237)
	at org.apache.ratis.client.impl.OrderedAsync.lambda$sendRequestWithRetry$6(OrderedAsync.java:208)
	at java.util.concurrent.CompletableFuture.uniExceptionally(CompletableFuture.java:884)
	at java.util.concurrent.CompletableFuture$UniExceptionally.tryFire(CompletableFuture.java:866)
	at java.util.concurrent.CompletableFuture.postComplete(CompletableFuture.java:488)
	at java.util.concurrent.CompletableFuture.completeExceptionally(CompletableFuture.java:1990)
	at org.apache.ratis.grpc.client.GrpcClientProtocolClient$AsyncStreamObservers.lambda$timeoutCheck$5(GrpcClientProtocolClient.java:373)
	at java.util.Optional.ifPresent(Optional.java:159)
	at org.apache.ratis.grpc.client.GrpcClientProtocolClient$AsyncStreamObservers.handleReplyFuture(GrpcClientProtocolClient.java:378)
	at org.apache.ratis.grpc.client.GrpcClientProtocolClient$AsyncStreamObservers.timeoutCheck(GrpcClientProtocolClient.java:373)
	at org.apache.ratis.grpc.client.GrpcClientProtocolClient$AsyncStreamObservers.lambda$onNext$3(GrpcClientProtocolClient.java:366)
	at org.apache.ratis.util.TimeoutTimer.lambda$onTimeout$2(TimeoutTimer.java:101)
	at org.apache.ratis.util.LogUtils.runAndLog(LogUtils.java:38)
	at org.apache.ratis.util.LogUtils$1.run(LogUtils.java:78)
	at org.apache.ratis.util.TimeoutTimer$Task.run(TimeoutTimer.java:55)
	at java.util.TimerThread.mainLoop(Timer.java:555)
	at java.util.TimerThread.run(Timer.java:505)
2024-01-25 07:57:50,267 [timer2] DEBUG client.RaftClient (RaftClientImpl.java:handleIOException(435)) - client-2312CCC7CA78: oldLeader=s0,  curLeader=s2, newLeader=null
2024-01-25 07:57:50,267 [s1-server-thread1] DEBUG server.RaftServer$Division (RaftServerImpl.java:logAppendEntries(1520)) - s1@group-796A68A19D2E: receive appendEntries(s0, 3, (t:3, i:38), 36, false, commits:[s0:c36, s1:c31, s2:c25], cId:108, entries: [(t:3, i:39), STATEMACHINELOGENTRY, 65@client-2312CCC7CA78]
2024-01-25 07:57:50,267 [timer2] ERROR impl.OrderedAsync (OrderedAsync.java:lambda$sendRequestWithRetry$6(207)) - client-2312CCC7CA78: Failed* RaftClientRequest:client-2312CCC7CA78->s0@group-796A68A19D2E, cid=72, seq=28, RW, m15
java.util.concurrent.CompletionException: org.apache.ratis.protocol.exceptions.AlreadyClosedException: client-2312CCC7CA78->s0: Stream close: no reply for async request cid=72
	at java.util.concurrent.CompletableFuture.encodeThrowable(CompletableFuture.java:292)
	at java.util.concurrent.CompletableFuture.completeThrowable(CompletableFuture.java:308)
	at java.util.concurrent.CompletableFuture.uniAccept(CompletableFuture.java:661)
	at java.util.concurrent.CompletableFuture$UniAccept.tryFire(CompletableFuture.java:646)
	at java.util.concurrent.CompletableFuture.postComplete(CompletableFuture.java:488)
	at java.util.concurrent.CompletableFuture.completeExceptionally(CompletableFuture.java:1990)
	at org.apache.ratis.grpc.client.GrpcClientProtocolClient$AsyncStreamObservers.completeReplyExceptionally(GrpcClientProtocolClient.java:394)
	at org.apache.ratis.grpc.client.GrpcClientProtocolClient$AsyncStreamObservers.close(GrpcClientProtocolClient.java:383)
	at org.apache.ratis.grpc.client.GrpcClientProtocolClient$AsyncStreamObservers.access$500(GrpcClientProtocolClient.java:300)
	at org.apache.ratis.grpc.client.GrpcClientProtocolClient.lambda$close$3(GrpcClientProtocolClient.java:160)
	at java.util.Optional.ifPresent(Optional.java:159)
	at org.apache.ratis.grpc.client.GrpcClientProtocolClient.close(GrpcClientProtocolClient.java:160)
	at org.apache.ratis.util.PeerProxyMap.closeProxy(PeerProxyMap.java:197)
	at org.apache.ratis.util.PeerProxyMap.lambda$resetProxy$2(PeerProxyMap.java:158)
	at java.util.Optional.map(Optional.java:215)
	at org.apache.ratis.util.PeerProxyMap.resetProxy(PeerProxyMap.java:158)
	at org.apache.ratis.util.PeerProxyMap.handleException(PeerProxyMap.java:165)
	at org.apache.ratis.client.impl.RaftClientRpcWithProxy.handleException(RaftClientRpcWithProxy.java:48)
	at org.apache.ratis.client.impl.RaftClientImpl.handleIOException(RaftClientImpl.java:445)
	at org.apache.ratis.client.impl.OrderedAsync.handleException(OrderedAsync.java:237)
	at org.apache.ratis.client.impl.OrderedAsync.lambda$sendRequestWithRetry$6(OrderedAsync.java:208)
	at java.util.concurrent.CompletableFuture.uniExceptionally(CompletableFuture.java:884)
	at java.util.concurrent.CompletableFuture$UniExceptionally.tryFire(CompletableFuture.java:866)
	at java.util.concurrent.CompletableFuture.postComplete(CompletableFuture.java:488)
	at java.util.concurrent.CompletableFuture.completeExceptionally(CompletableFuture.java:1990)
	at org.apache.ratis.grpc.client.GrpcClientProtocolClient$AsyncStreamObservers.lambda$timeoutCheck$5(GrpcClientProtocolClient.java:373)
	at java.util.Optional.ifPresent(Optional.java:159)
	at org.apache.ratis.grpc.client.GrpcClientProtocolClient$AsyncStreamObservers.handleReplyFuture(GrpcClientProtocolClient.java:378)
	at org.apache.ratis.grpc.client.GrpcClientProtocolClient$AsyncStreamObservers.timeoutCheck(GrpcClientProtocolClient.java:373)
	at org.apache.ratis.grpc.client.GrpcClientProtocolClient$AsyncStreamObservers.lambda$onNext$3(GrpcClientProtocolClient.java:366)
	at org.apache.ratis.util.TimeoutTimer.lambda$onTimeout$2(TimeoutTimer.java:101)
	at org.apache.ratis.util.LogUtils.runAndLog(LogUtils.java:38)
	at org.apache.ratis.util.LogUtils$1.run(LogUtils.java:78)
	at org.apache.ratis.util.TimeoutTimer$Task.run(TimeoutTimer.java:55)
	at java.util.TimerThread.mainLoop(Timer.java:555)
	at java.util.TimerThread.run(Timer.java:505)
Caused by: org.apache.ratis.protocol.exceptions.AlreadyClosedException: client-2312CCC7CA78->s0: Stream close: no reply for async request cid=72
	at org.apache.ratis.grpc.client.GrpcClientProtocolClient$AsyncStreamObservers.completeReplyExceptionally(GrpcClientProtocolClient.java:396)
	... 29 more
2024-01-25 07:57:50,267 [grpc-default-executor-9] DEBUG impl.WatchRequests (WatchRequests.java:updateIndex(150)) - s0@group-796A68A19D2E-WatchRequests: update MAJORITY_COMMITTED index from 35 to 36
2024-01-25 07:57:50,266 [s0-client-thread1] DEBUG server.RaftServer$Division (RaftServerImpl.java:submitClientRequestAsync(880)) - s0@group-796A68A19D2E: receive client request(RaftClientRequest:client-2312CCC7CA78->s0@group-796A68A19D2E, cid=71, seq=27, RW, Message:6d3134)
2024-01-25 07:57:50,268 [s0@group-796A68A19D2E-LeaderStateImpl] DEBUG impl.WatchRequests (WatchRequests.java:updateIndex(150)) - s0@group-796A68A19D2E-WatchRequests: update MAJORITY index from 37 to 38
2024-01-25 07:57:50,268 [timer2] DEBUG client.RaftClient (RaftClientImpl.java:handleIOException(417)) - client-2312CCC7CA78: suggested new leader: null. Failed RaftClientRequest:client-2312CCC7CA78->s0@group-796A68A19D2E, cid=72, seq=28, RW, m15
org.apache.ratis.protocol.exceptions.AlreadyClosedException: client-2312CCC7CA78->s0: Stream close: no reply for async request cid=72
	at org.apache.ratis.grpc.client.GrpcClientProtocolClient$AsyncStreamObservers.completeReplyExceptionally(GrpcClientProtocolClient.java:396)
	at org.apache.ratis.grpc.client.GrpcClientProtocolClient$AsyncStreamObservers.close(GrpcClientProtocolClient.java:383)
	at org.apache.ratis.grpc.client.GrpcClientProtocolClient$AsyncStreamObservers.access$500(GrpcClientProtocolClient.java:300)
	at org.apache.ratis.grpc.client.GrpcClientProtocolClient.lambda$close$3(GrpcClientProtocolClient.java:160)
	at java.util.Optional.ifPresent(Optional.java:159)
	at org.apache.ratis.grpc.client.GrpcClientProtocolClient.close(GrpcClientProtocolClient.java:160)
	at org.apache.ratis.util.PeerProxyMap.closeProxy(PeerProxyMap.java:197)
	at org.apache.ratis.util.PeerProxyMap.lambda$resetProxy$2(PeerProxyMap.java:158)
	at java.util.Optional.map(Optional.java:215)
	at org.apache.ratis.util.PeerProxyMap.resetProxy(PeerProxyMap.java:158)
	at org.apache.ratis.util.PeerProxyMap.handleException(PeerProxyMap.java:165)
	at org.apache.ratis.client.impl.RaftClientRpcWithProxy.handleException(RaftClientRpcWithProxy.java:48)
	at org.apache.ratis.client.impl.RaftClientImpl.handleIOException(RaftClientImpl.java:445)
	at org.apache.ratis.client.impl.OrderedAsync.handleException(OrderedAsync.java:237)
	at org.apache.ratis.client.impl.OrderedAsync.lambda$sendRequestWithRetry$6(OrderedAsync.java:208)
	at java.util.concurrent.CompletableFuture.uniExceptionally(CompletableFuture.java:884)
	at java.util.concurrent.CompletableFuture$UniExceptionally.tryFire(CompletableFuture.java:866)
	at java.util.concurrent.CompletableFuture.postComplete(CompletableFuture.java:488)
	at java.util.concurrent.CompletableFuture.completeExceptionally(CompletableFuture.java:1990)
	at org.apache.ratis.grpc.client.GrpcClientProtocolClient$AsyncStreamObservers.lambda$timeoutCheck$5(GrpcClientProtocolClient.java:373)
	at java.util.Optional.ifPresent(Optional.java:159)
	at org.apache.ratis.grpc.client.GrpcClientProtocolClient$AsyncStreamObservers.handleReplyFuture(GrpcClientProtocolClient.java:378)
	at org.apache.ratis.grpc.client.GrpcClientProtocolClient$AsyncStreamObservers.timeoutCheck(GrpcClientProtocolClient.java:373)
	at org.apache.ratis.grpc.client.GrpcClientProtocolClient$AsyncStreamObservers.lambda$onNext$3(GrpcClientProtocolClient.java:366)
	at org.apache.ratis.util.TimeoutTimer.lambda$onTimeout$2(TimeoutTimer.java:101)
	at org.apache.ratis.util.LogUtils.runAndLog(LogUtils.java:38)
	at org.apache.ratis.util.LogUtils$1.run(LogUtils.java:78)
	at org.apache.ratis.util.TimeoutTimer$Task.run(TimeoutTimer.java:55)
	at java.util.TimerThread.mainLoop(Timer.java:555)
	at java.util.TimerThread.run(Timer.java:505)
2024-01-25 07:57:50,268 [s1-server-thread3] DEBUG server.RaftServer$Division (RaftServerImpl.java:logAppendEntries(1520)) - s1@group-796A68A19D2E: succeeded to handle AppendEntries. Reply: s0<-s1#108:OK-t3,SUCCESS,nextIndex=40,followerCommit=36,matchIndex=39
2024-01-25 07:57:50,268 [s1-server-thread1] DEBUG server.RaftServer$Division (RaftServerImpl.java:logAppendEntries(1520)) - s1@group-796A68A19D2E: receive appendEntries(s0, 3, (t:3, i:39), 36, false, commits:[s0:c36, s1:c31, s2:c25], cId:109, entries: [(t:3, i:40), STATEMACHINELOGENTRY, 66@client-2312CCC7CA78]
2024-01-25 07:57:50,268 [timer2] TRACE client.RaftClient (RaftClientImpl.java:handleIOException(419)) - Stack trace
java.lang.Throwable: TRACE
	at org.apache.ratis.client.impl.RaftClientImpl.handleIOException(RaftClientImpl.java:419)
	at org.apache.ratis.client.impl.OrderedAsync.handleException(OrderedAsync.java:237)
	at org.apache.ratis.client.impl.OrderedAsync.lambda$sendRequestWithRetry$6(OrderedAsync.java:208)
	at java.util.concurrent.CompletableFuture.uniExceptionally(CompletableFuture.java:884)
	at java.util.concurrent.CompletableFuture$UniExceptionally.tryFire(CompletableFuture.java:866)
	at java.util.concurrent.CompletableFuture.postComplete(CompletableFuture.java:488)
	at java.util.concurrent.CompletableFuture.completeExceptionally(CompletableFuture.java:1990)
	at org.apache.ratis.grpc.client.GrpcClientProtocolClient$AsyncStreamObservers.completeReplyExceptionally(GrpcClientProtocolClient.java:394)
	at org.apache.ratis.grpc.client.GrpcClientProtocolClient$AsyncStreamObservers.close(GrpcClientProtocolClient.java:383)
	at org.apache.ratis.grpc.client.GrpcClientProtocolClient$AsyncStreamObservers.access$500(GrpcClientProtocolClient.java:300)
	at org.apache.ratis.grpc.client.GrpcClientProtocolClient.lambda$close$3(GrpcClientProtocolClient.java:160)
	at java.util.Optional.ifPresent(Optional.java:159)
	at org.apache.ratis.grpc.client.GrpcClientProtocolClient.close(GrpcClientProtocolClient.java:160)
	at org.apache.ratis.util.PeerProxyMap.closeProxy(PeerProxyMap.java:197)
	at org.apache.ratis.util.PeerProxyMap.lambda$resetProxy$2(PeerProxyMap.java:158)
	at java.util.Optional.map(Optional.java:215)
	at org.apache.ratis.util.PeerProxyMap.resetProxy(PeerProxyMap.java:158)
	at org.apache.ratis.util.PeerProxyMap.handleException(PeerProxyMap.java:165)
	at org.apache.ratis.client.impl.RaftClientRpcWithProxy.handleException(RaftClientRpcWithProxy.java:48)
	at org.apache.ratis.client.impl.RaftClientImpl.handleIOException(RaftClientImpl.java:445)
	at org.apache.ratis.client.impl.OrderedAsync.handleException(OrderedAsync.java:237)
	at org.apache.ratis.client.impl.OrderedAsync.lambda$sendRequestWithRetry$6(OrderedAsync.java:208)
	at java.util.concurrent.CompletableFuture.uniExceptionally(CompletableFuture.java:884)
	at java.util.concurrent.CompletableFuture$UniExceptionally.tryFire(CompletableFuture.java:866)
	at java.util.concurrent.CompletableFuture.postComplete(CompletableFuture.java:488)
	at java.util.concurrent.CompletableFuture.completeExceptionally(CompletableFuture.java:1990)
	at org.apache.ratis.grpc.client.GrpcClientProtocolClient$AsyncStreamObservers.lambda$timeoutCheck$5(GrpcClientProtocolClient.java:373)
	at java.util.Optional.ifPresent(Optional.java:159)
	at org.apache.ratis.grpc.client.GrpcClientProtocolClient$AsyncStreamObservers.handleReplyFuture(GrpcClientProtocolClient.java:378)
	at org.apache.ratis.grpc.client.GrpcClientProtocolClient$AsyncStreamObservers.timeoutCheck(GrpcClientProtocolClient.java:373)
	at org.apache.ratis.grpc.client.GrpcClientProtocolClient$AsyncStreamObservers.lambda$onNext$3(GrpcClientProtocolClient.java:366)
	at org.apache.ratis.util.TimeoutTimer.lambda$onTimeout$2(TimeoutTimer.java:101)
	at org.apache.ratis.util.LogUtils.runAndLog(LogUtils.java:38)
	at org.apache.ratis.util.LogUtils$1.run(LogUtils.java:78)
	at org.apache.ratis.util.TimeoutTimer$Task.run(TimeoutTimer.java:55)
	at java.util.TimerThread.mainLoop(Timer.java:555)
	at java.util.TimerThread.run(Timer.java:505)
2024-01-25 07:57:50,268 [s0-client-thread1] DEBUG server.RaftServer$Division (LeaderStateImpl.java:addPendingRequest(533)) - s0@group-796A68A19D2E-LeaderStateImpl: addPendingRequest at RaftClientRequest:client-2312CCC7CA78->s0@group-796A68A19D2E, cid=71, seq=27, RW, Message:6d3134, entry=(t:3, i:45), STATEMACHINELOGENTRY, 71@client-2312CCC7CA78
2024-01-25 07:57:50,269 [timer2] DEBUG client.RaftClient (RaftClientImpl.java:handleIOException(435)) - client-2312CCC7CA78: oldLeader=s0,  curLeader=s2, newLeader=null
2024-01-25 07:57:50,269 [s0-client-thread1] DEBUG server.RaftServer$Division (RaftServerImpl.java:submitClientRequestAsync(880)) - s0@group-796A68A19D2E: receive client request(RaftClientRequest:client-2312CCC7CA78->s0@group-796A68A19D2E, cid=72, seq=28, RW, Message:6d3135)
2024-01-25 07:57:50,269 [s0@group-796A68A19D2E-StateMachineUpdater] INFO  impl.SimpleStateMachine4Testing (SimpleStateMachine4Testing.java:applyTransaction(248)) - applyTransaction for log index 39
2024-01-25 07:57:50,269 [s0@group-796A68A19D2E-StateMachineUpdater] INFO  impl.SimpleStateMachine4Testing (SimpleStateMachine4Testing.java:put(205)) - s0: put 39, m8 -> (t:3, i:39), STATEMACHINELOGENTRY, 65@client-2312CCC7CA78
2024-01-25 07:57:50,269 [timer2] ERROR impl.OrderedAsync (OrderedAsync.java:lambda$sendRequestWithRetry$6(207)) - client-2312CCC7CA78: Failed* RaftClientRequest:client-2312CCC7CA78->s0@group-796A68A19D2E, cid=73, seq=29, RW, m16
java.util.concurrent.CompletionException: org.apache.ratis.protocol.exceptions.AlreadyClosedException: client-2312CCC7CA78->s0: Stream close: no reply for async request cid=73
	at java.util.concurrent.CompletableFuture.encodeThrowable(CompletableFuture.java:292)
	at java.util.concurrent.CompletableFuture.completeThrowable(CompletableFuture.java:308)
	at java.util.concurrent.CompletableFuture.uniAccept(CompletableFuture.java:661)
	at java.util.concurrent.CompletableFuture$UniAccept.tryFire(CompletableFuture.java:646)
	at java.util.concurrent.CompletableFuture.postComplete(CompletableFuture.java:488)
	at java.util.concurrent.CompletableFuture.completeExceptionally(CompletableFuture.java:1990)
	at org.apache.ratis.grpc.client.GrpcClientProtocolClient$AsyncStreamObservers.completeReplyExceptionally(GrpcClientProtocolClient.java:394)
	at org.apache.ratis.grpc.client.GrpcClientProtocolClient$AsyncStreamObservers.close(GrpcClientProtocolClient.java:383)
	at org.apache.ratis.grpc.client.GrpcClientProtocolClient$AsyncStreamObservers.access$500(GrpcClientProtocolClient.java:300)
	at org.apache.ratis.grpc.client.GrpcClientProtocolClient.lambda$close$3(GrpcClientProtocolClient.java:160)
	at java.util.Optional.ifPresent(Optional.java:159)
	at org.apache.ratis.grpc.client.GrpcClientProtocolClient.close(GrpcClientProtocolClient.java:160)
	at org.apache.ratis.util.PeerProxyMap.closeProxy(PeerProxyMap.java:197)
	at org.apache.ratis.util.PeerProxyMap.lambda$resetProxy$2(PeerProxyMap.java:158)
	at java.util.Optional.map(Optional.java:215)
	at org.apache.ratis.util.PeerProxyMap.resetProxy(PeerProxyMap.java:158)
	at org.apache.ratis.util.PeerProxyMap.handleException(PeerProxyMap.java:165)
	at org.apache.ratis.client.impl.RaftClientRpcWithProxy.handleException(RaftClientRpcWithProxy.java:48)
	at org.apache.ratis.client.impl.RaftClientImpl.handleIOException(RaftClientImpl.java:445)
	at org.apache.ratis.client.impl.OrderedAsync.handleException(OrderedAsync.java:237)
	at org.apache.ratis.client.impl.OrderedAsync.lambda$sendRequestWithRetry$6(OrderedAsync.java:208)
	at java.util.concurrent.CompletableFuture.uniExceptionally(CompletableFuture.java:884)
	at java.util.concurrent.CompletableFuture$UniExceptionally.tryFire(CompletableFuture.java:866)
	at java.util.concurrent.CompletableFuture.postComplete(CompletableFuture.java:488)
	at java.util.concurrent.CompletableFuture.completeExceptionally(CompletableFuture.java:1990)
	at org.apache.ratis.grpc.client.GrpcClientProtocolClient$AsyncStreamObservers.lambda$timeoutCheck$5(GrpcClientProtocolClient.java:373)
	at java.util.Optional.ifPresent(Optional.java:159)
	at org.apache.ratis.grpc.client.GrpcClientProtocolClient$AsyncStreamObservers.handleReplyFuture(GrpcClientProtocolClient.java:378)
	at org.apache.ratis.grpc.client.GrpcClientProtocolClient$AsyncStreamObservers.timeoutCheck(GrpcClientProtocolClient.java:373)
	at org.apache.ratis.grpc.client.GrpcClientProtocolClient$AsyncStreamObservers.lambda$onNext$3(GrpcClientProtocolClient.java:366)
	at org.apache.ratis.util.TimeoutTimer.lambda$onTimeout$2(TimeoutTimer.java:101)
	at org.apache.ratis.util.LogUtils.runAndLog(LogUtils.java:38)
	at org.apache.ratis.util.LogUtils$1.run(LogUtils.java:78)
	at org.apache.ratis.util.TimeoutTimer$Task.run(TimeoutTimer.java:55)
	at java.util.TimerThread.mainLoop(Timer.java:555)
	at java.util.TimerThread.run(Timer.java:505)
Caused by: org.apache.ratis.protocol.exceptions.AlreadyClosedException: client-2312CCC7CA78->s0: Stream close: no reply for async request cid=73
	at org.apache.ratis.grpc.client.GrpcClientProtocolClient$AsyncStreamObservers.completeReplyExceptionally(GrpcClientProtocolClient.java:396)
	... 29 more
2024-01-25 07:57:50,270 [timer2] DEBUG client.RaftClient (RaftClientImpl.java:handleIOException(417)) - client-2312CCC7CA78: suggested new leader: null. Failed RaftClientRequest:client-2312CCC7CA78->s0@group-796A68A19D2E, cid=73, seq=29, RW, m16
org.apache.ratis.protocol.exceptions.AlreadyClosedException: client-2312CCC7CA78->s0: Stream close: no reply for async request cid=73
	at org.apache.ratis.grpc.client.GrpcClientProtocolClient$AsyncStreamObservers.completeReplyExceptionally(GrpcClientProtocolClient.java:396)
	at org.apache.ratis.grpc.client.GrpcClientProtocolClient$AsyncStreamObservers.close(GrpcClientProtocolClient.java:383)
	at org.apache.ratis.grpc.client.GrpcClientProtocolClient$AsyncStreamObservers.access$500(GrpcClientProtocolClient.java:300)
	at org.apache.ratis.grpc.client.GrpcClientProtocolClient.lambda$close$3(GrpcClientProtocolClient.java:160)
	at java.util.Optional.ifPresent(Optional.java:159)
	at org.apache.ratis.grpc.client.GrpcClientProtocolClient.close(GrpcClientProtocolClient.java:160)
	at org.apache.ratis.util.PeerProxyMap.closeProxy(PeerProxyMap.java:197)
	at org.apache.ratis.util.PeerProxyMap.lambda$resetProxy$2(PeerProxyMap.java:158)
	at java.util.Optional.map(Optional.java:215)
	at org.apache.ratis.util.PeerProxyMap.resetProxy(PeerProxyMap.java:158)
	at org.apache.ratis.util.PeerProxyMap.handleException(PeerProxyMap.java:165)
	at org.apache.ratis.client.impl.RaftClientRpcWithProxy.handleException(RaftClientRpcWithProxy.java:48)
	at org.apache.ratis.client.impl.RaftClientImpl.handleIOException(RaftClientImpl.java:445)
	at org.apache.ratis.client.impl.OrderedAsync.handleException(OrderedAsync.java:237)
	at org.apache.ratis.client.impl.OrderedAsync.lambda$sendRequestWithRetry$6(OrderedAsync.java:208)
	at java.util.concurrent.CompletableFuture.uniExceptionally(CompletableFuture.java:884)
	at java.util.concurrent.CompletableFuture$UniExceptionally.tryFire(CompletableFuture.java:866)
	at java.util.concurrent.CompletableFuture.postComplete(CompletableFuture.java:488)
	at java.util.concurrent.CompletableFuture.completeExceptionally(CompletableFuture.java:1990)
	at org.apache.ratis.grpc.client.GrpcClientProtocolClient$AsyncStreamObservers.lambda$timeoutCheck$5(GrpcClientProtocolClient.java:373)
	at java.util.Optional.ifPresent(Optional.java:159)
	at org.apache.ratis.grpc.client.GrpcClientProtocolClient$AsyncStreamObservers.handleReplyFuture(GrpcClientProtocolClient.java:378)
	at org.apache.ratis.grpc.client.GrpcClientProtocolClient$AsyncStreamObservers.timeoutCheck(GrpcClientProtocolClient.java:373)
	at org.apache.ratis.grpc.client.GrpcClientProtocolClient$AsyncStreamObservers.lambda$onNext$3(GrpcClientProtocolClient.java:366)
	at org.apache.ratis.util.TimeoutTimer.lambda$onTimeout$2(TimeoutTimer.java:101)
	at org.apache.ratis.util.LogUtils.runAndLog(LogUtils.java:38)
	at org.apache.ratis.util.LogUtils$1.run(LogUtils.java:78)
	at org.apache.ratis.util.TimeoutTimer$Task.run(TimeoutTimer.java:55)
	at java.util.TimerThread.mainLoop(Timer.java:555)
	at java.util.TimerThread.run(Timer.java:505)
2024-01-25 07:57:50,270 [timer2] TRACE client.RaftClient (RaftClientImpl.java:handleIOException(419)) - Stack trace
java.lang.Throwable: TRACE
	at org.apache.ratis.client.impl.RaftClientImpl.handleIOException(RaftClientImpl.java:419)
	at org.apache.ratis.client.impl.OrderedAsync.handleException(OrderedAsync.java:237)
	at org.apache.ratis.client.impl.OrderedAsync.lambda$sendRequestWithRetry$6(OrderedAsync.java:208)
	at java.util.concurrent.CompletableFuture.uniExceptionally(CompletableFuture.java:884)
	at java.util.concurrent.CompletableFuture$UniExceptionally.tryFire(CompletableFuture.java:866)
	at java.util.concurrent.CompletableFuture.postComplete(CompletableFuture.java:488)
	at java.util.concurrent.CompletableFuture.completeExceptionally(CompletableFuture.java:1990)
	at org.apache.ratis.grpc.client.GrpcClientProtocolClient$AsyncStreamObservers.completeReplyExceptionally(GrpcClientProtocolClient.java:394)
	at org.apache.ratis.grpc.client.GrpcClientProtocolClient$AsyncStreamObservers.close(GrpcClientProtocolClient.java:383)
	at org.apache.ratis.grpc.client.GrpcClientProtocolClient$AsyncStreamObservers.access$500(GrpcClientProtocolClient.java:300)
	at org.apache.ratis.grpc.client.GrpcClientProtocolClient.lambda$close$3(GrpcClientProtocolClient.java:160)
	at java.util.Optional.ifPresent(Optional.java:159)
	at org.apache.ratis.grpc.client.GrpcClientProtocolClient.close(GrpcClientProtocolClient.java:160)
	at org.apache.ratis.util.PeerProxyMap.closeProxy(PeerProxyMap.java:197)
	at org.apache.ratis.util.PeerProxyMap.lambda$resetProxy$2(PeerProxyMap.java:158)
	at java.util.Optional.map(Optional.java:215)
	at org.apache.ratis.util.PeerProxyMap.resetProxy(PeerProxyMap.java:158)
	at org.apache.ratis.util.PeerProxyMap.handleException(PeerProxyMap.java:165)
	at org.apache.ratis.client.impl.RaftClientRpcWithProxy.handleException(RaftClientRpcWithProxy.java:48)
	at org.apache.ratis.client.impl.RaftClientImpl.handleIOException(RaftClientImpl.java:445)
	at org.apache.ratis.client.impl.OrderedAsync.handleException(OrderedAsync.java:237)
	at org.apache.ratis.client.impl.OrderedAsync.lambda$sendRequestWithRetry$6(OrderedAsync.java:208)
	at java.util.concurrent.CompletableFuture.uniExceptionally(CompletableFuture.java:884)
	at java.util.concurrent.CompletableFuture$UniExceptionally.tryFire(CompletableFuture.java:866)
	at java.util.concurrent.CompletableFuture.postComplete(CompletableFuture.java:488)
	at java.util.concurrent.CompletableFuture.completeExceptionally(CompletableFuture.java:1990)
	at org.apache.ratis.grpc.client.GrpcClientProtocolClient$AsyncStreamObservers.lambda$timeoutCheck$5(GrpcClientProtocolClient.java:373)
	at java.util.Optional.ifPresent(Optional.java:159)
	at org.apache.ratis.grpc.client.GrpcClientProtocolClient$AsyncStreamObservers.handleReplyFuture(GrpcClientProtocolClient.java:378)
	at org.apache.ratis.grpc.client.GrpcClientProtocolClient$AsyncStreamObservers.timeoutCheck(GrpcClientProtocolClient.java:373)
	at org.apache.ratis.grpc.client.GrpcClientProtocolClient$AsyncStreamObservers.lambda$onNext$3(GrpcClientProtocolClient.java:366)
	at org.apache.ratis.util.TimeoutTimer.lambda$onTimeout$2(TimeoutTimer.java:101)
	at org.apache.ratis.util.LogUtils.runAndLog(LogUtils.java:38)
	at org.apache.ratis.util.LogUtils$1.run(LogUtils.java:78)
	at org.apache.ratis.util.TimeoutTimer$Task.run(TimeoutTimer.java:55)
	at java.util.TimerThread.mainLoop(Timer.java:555)
	at java.util.TimerThread.run(Timer.java:505)
2024-01-25 07:57:50,270 [s1-server-thread3] DEBUG server.RaftServer$Division (RaftServerImpl.java:logAppendEntries(1520)) - s1@group-796A68A19D2E: succeeded to handle AppendEntries. Reply: s0<-s1#109:OK-t3,SUCCESS,nextIndex=41,followerCommit=36,matchIndex=40
2024-01-25 07:57:50,270 [s0@group-796A68A19D2E-LeaderStateImpl] DEBUG impl.WatchRequests (WatchRequests.java:updateIndex(150)) - s0@group-796A68A19D2E-WatchRequests: update MAJORITY index from 38 to 39
2024-01-25 07:57:50,271 [s1-server-thread1] DEBUG server.RaftServer$Division (RaftServerImpl.java:logAppendEntries(1520)) - s1@group-796A68A19D2E: receive appendEntries(s0, 3, (t:3, i:40), 36, false, commits:[s0:c36, s1:c31, s2:c25], cId:110, entries: [(t:3, i:41), STATEMACHINELOGENTRY, 67@client-2312CCC7CA78]
2024-01-25 07:57:50,271 [timer2] DEBUG client.RaftClient (RaftClientImpl.java:handleIOException(435)) - client-2312CCC7CA78: oldLeader=s0,  curLeader=s2, newLeader=null
2024-01-25 07:57:50,271 [s0-client-thread1] DEBUG server.RaftServer$Division (LeaderStateImpl.java:addPendingRequest(533)) - s0@group-796A68A19D2E-LeaderStateImpl: addPendingRequest at RaftClientRequest:client-2312CCC7CA78->s0@group-796A68A19D2E, cid=72, seq=28, RW, Message:6d3135, entry=(t:3, i:47), STATEMACHINELOGENTRY, 72@client-2312CCC7CA78
2024-01-25 07:57:50,271 [s0-client-thread1] DEBUG server.RaftServer$Division (RaftServerImpl.java:submitClientRequestAsync(880)) - s0@group-796A68A19D2E: receive client request(RaftClientRequest:client-2312CCC7CA78->s0@group-796A68A19D2E, cid=73, seq=29, RW, Message:6d3136)
2024-01-25 07:57:50,271 [s1-server-thread1] DEBUG server.RaftServer$Division (RaftServerImpl.java:logAppendEntries(1520)) - s1@group-796A68A19D2E: succeeded to handle AppendEntries. Reply: s0<-s1#110:OK-t3,SUCCESS,nextIndex=42,followerCommit=36,matchIndex=41
2024-01-25 07:57:50,272 [s0-client-thread1] DEBUG server.RaftServer$Division (LeaderStateImpl.java:addPendingRequest(533)) - s0@group-796A68A19D2E-LeaderStateImpl: addPendingRequest at RaftClientRequest:client-2312CCC7CA78->s0@group-796A68A19D2E, cid=73, seq=29, RW, Message:6d3136, entry=(t:3, i:48), STATEMACHINELOGENTRY, 73@client-2312CCC7CA78
2024-01-25 07:57:50,272 [s1-server-thread1] DEBUG server.RaftServer$Division (RaftServerImpl.java:logAppendEntries(1520)) - s1@group-796A68A19D2E: receive appendEntries(s0, 3, (t:3, i:41), 37, false, commits:[s0:c37, s1:c35, s2:c25], cId:111, entries: [(t:3, i:42), STATEMACHINELOGENTRY, 68@client-2312CCC7CA78, (t:3, i:43), STATEMACHINELOGENTRY, 69@client-2312CCC7CA78]
2024-01-25 07:57:50,272 [s0@group-796A68A19D2E-LeaderStateImpl] DEBUG impl.WatchRequests (WatchRequests.java:updateIndex(150)) - s0@group-796A68A19D2E-WatchRequests: update MAJORITY index from 39 to 40
2024-01-25 07:57:50,272 [timer2] ERROR impl.OrderedAsync (OrderedAsync.java:lambda$sendRequestWithRetry$6(207)) - client-2312CCC7CA78: Failed* RaftClientRequest:client-2312CCC7CA78->s0@group-796A68A19D2E, cid=74, seq=30, RW, m17
java.util.concurrent.CompletionException: org.apache.ratis.protocol.exceptions.AlreadyClosedException: client-2312CCC7CA78->s0: Stream close: no reply for async request cid=74
	at java.util.concurrent.CompletableFuture.encodeThrowable(CompletableFuture.java:292)
	at java.util.concurrent.CompletableFuture.completeThrowable(CompletableFuture.java:308)
	at java.util.concurrent.CompletableFuture.uniAccept(CompletableFuture.java:661)
	at java.util.concurrent.CompletableFuture$UniAccept.tryFire(CompletableFuture.java:646)
	at java.util.concurrent.CompletableFuture.postComplete(CompletableFuture.java:488)
	at java.util.concurrent.CompletableFuture.completeExceptionally(CompletableFuture.java:1990)
	at org.apache.ratis.grpc.client.GrpcClientProtocolClient$AsyncStreamObservers.completeReplyExceptionally(GrpcClientProtocolClient.java:394)
	at org.apache.ratis.grpc.client.GrpcClientProtocolClient$AsyncStreamObservers.close(GrpcClientProtocolClient.java:383)
	at org.apache.ratis.grpc.client.GrpcClientProtocolClient$AsyncStreamObservers.access$500(GrpcClientProtocolClient.java:300)
	at org.apache.ratis.grpc.client.GrpcClientProtocolClient.lambda$close$3(GrpcClientProtocolClient.java:160)
	at java.util.Optional.ifPresent(Optional.java:159)
	at org.apache.ratis.grpc.client.GrpcClientProtocolClient.close(GrpcClientProtocolClient.java:160)
	at org.apache.ratis.util.PeerProxyMap.closeProxy(PeerProxyMap.java:197)
	at org.apache.ratis.util.PeerProxyMap.lambda$resetProxy$2(PeerProxyMap.java:158)
	at java.util.Optional.map(Optional.java:215)
	at org.apache.ratis.util.PeerProxyMap.resetProxy(PeerProxyMap.java:158)
	at org.apache.ratis.util.PeerProxyMap.handleException(PeerProxyMap.java:165)
	at org.apache.ratis.client.impl.RaftClientRpcWithProxy.handleException(RaftClientRpcWithProxy.java:48)
	at org.apache.ratis.client.impl.RaftClientImpl.handleIOException(RaftClientImpl.java:445)
	at org.apache.ratis.client.impl.OrderedAsync.handleException(OrderedAsync.java:237)
	at org.apache.ratis.client.impl.OrderedAsync.lambda$sendRequestWithRetry$6(OrderedAsync.java:208)
	at java.util.concurrent.CompletableFuture.uniExceptionally(CompletableFuture.java:884)
	at java.util.concurrent.CompletableFuture$UniExceptionally.tryFire(CompletableFuture.java:866)
	at java.util.concurrent.CompletableFuture.postComplete(CompletableFuture.java:488)
	at java.util.concurrent.CompletableFuture.completeExceptionally(CompletableFuture.java:1990)
	at org.apache.ratis.grpc.client.GrpcClientProtocolClient$AsyncStreamObservers.lambda$timeoutCheck$5(GrpcClientProtocolClient.java:373)
	at java.util.Optional.ifPresent(Optional.java:159)
	at org.apache.ratis.grpc.client.GrpcClientProtocolClient$AsyncStreamObservers.handleReplyFuture(GrpcClientProtocolClient.java:378)
	at org.apache.ratis.grpc.client.GrpcClientProtocolClient$AsyncStreamObservers.timeoutCheck(GrpcClientProtocolClient.java:373)
	at org.apache.ratis.grpc.client.GrpcClientProtocolClient$AsyncStreamObservers.lambda$onNext$3(GrpcClientProtocolClient.java:366)
	at org.apache.ratis.util.TimeoutTimer.lambda$onTimeout$2(TimeoutTimer.java:101)
	at org.apache.ratis.util.LogUtils.runAndLog(LogUtils.java:38)
	at org.apache.ratis.util.LogUtils$1.run(LogUtils.java:78)
	at org.apache.ratis.util.TimeoutTimer$Task.run(TimeoutTimer.java:55)
	at java.util.TimerThread.mainLoop(Timer.java:555)
	at java.util.TimerThread.run(Timer.java:505)
Caused by: org.apache.ratis.protocol.exceptions.AlreadyClosedException: client-2312CCC7CA78->s0: Stream close: no reply for async request cid=74
	at org.apache.ratis.grpc.client.GrpcClientProtocolClient$AsyncStreamObservers.completeReplyExceptionally(GrpcClientProtocolClient.java:396)
	... 29 more
2024-01-25 07:57:50,272 [s0-client-thread1] DEBUG server.RaftServer$Division (RaftServerImpl.java:submitClientRequestAsync(880)) - s0@group-796A68A19D2E: receive client request(RaftClientRequest:client-2312CCC7CA78->s0@group-796A68A19D2E, cid=74, seq=30, RW, Message:6d3137)
2024-01-25 07:57:50,273 [s0@group-796A68A19D2E-StateMachineUpdater] INFO  impl.SimpleStateMachine4Testing (SimpleStateMachine4Testing.java:applyTransaction(248)) - applyTransaction for log index 40
2024-01-25 07:57:50,273 [timer2] DEBUG client.RaftClient (RaftClientImpl.java:handleIOException(417)) - client-2312CCC7CA78: suggested new leader: null. Failed RaftClientRequest:client-2312CCC7CA78->s0@group-796A68A19D2E, cid=74, seq=30, RW, m17
org.apache.ratis.protocol.exceptions.AlreadyClosedException: client-2312CCC7CA78->s0: Stream close: no reply for async request cid=74
	at org.apache.ratis.grpc.client.GrpcClientProtocolClient$AsyncStreamObservers.completeReplyExceptionally(GrpcClientProtocolClient.java:396)
	at org.apache.ratis.grpc.client.GrpcClientProtocolClient$AsyncStreamObservers.close(GrpcClientProtocolClient.java:383)
	at org.apache.ratis.grpc.client.GrpcClientProtocolClient$AsyncStreamObservers.access$500(GrpcClientProtocolClient.java:300)
	at org.apache.ratis.grpc.client.GrpcClientProtocolClient.lambda$close$3(GrpcClientProtocolClient.java:160)
	at java.util.Optional.ifPresent(Optional.java:159)
	at org.apache.ratis.grpc.client.GrpcClientProtocolClient.close(GrpcClientProtocolClient.java:160)
	at org.apache.ratis.util.PeerProxyMap.closeProxy(PeerProxyMap.java:197)
	at org.apache.ratis.util.PeerProxyMap.lambda$resetProxy$2(PeerProxyMap.java:158)
	at java.util.Optional.map(Optional.java:215)
	at org.apache.ratis.util.PeerProxyMap.resetProxy(PeerProxyMap.java:158)
	at org.apache.ratis.util.PeerProxyMap.handleException(PeerProxyMap.java:165)
	at org.apache.ratis.client.impl.RaftClientRpcWithProxy.handleException(RaftClientRpcWithProxy.java:48)
	at org.apache.ratis.client.impl.RaftClientImpl.handleIOException(RaftClientImpl.java:445)
	at org.apache.ratis.client.impl.OrderedAsync.handleException(OrderedAsync.java:237)
	at org.apache.ratis.client.impl.OrderedAsync.lambda$sendRequestWithRetry$6(OrderedAsync.java:208)
	at java.util.concurrent.CompletableFuture.uniExceptionally(CompletableFuture.java:884)
	at java.util.concurrent.CompletableFuture$UniExceptionally.tryFire(CompletableFuture.java:866)
	at java.util.concurrent.CompletableFuture.postComplete(CompletableFuture.java:488)
	at java.util.concurrent.CompletableFuture.completeExceptionally(CompletableFuture.java:1990)
	at org.apache.ratis.grpc.client.GrpcClientProtocolClient$AsyncStreamObservers.lambda$timeoutCheck$5(GrpcClientProtocolClient.java:373)
	at java.util.Optional.ifPresent(Optional.java:159)
	at org.apache.ratis.grpc.client.GrpcClientProtocolClient$AsyncStreamObservers.handleReplyFuture(GrpcClientProtocolClient.java:378)
	at org.apache.ratis.grpc.client.GrpcClientProtocolClient$AsyncStreamObservers.timeoutCheck(GrpcClientProtocolClient.java:373)
	at org.apache.ratis.grpc.client.GrpcClientProtocolClient$AsyncStreamObservers.lambda$onNext$3(GrpcClientProtocolClient.java:366)
	at org.apache.ratis.util.TimeoutTimer.lambda$onTimeout$2(TimeoutTimer.java:101)
	at org.apache.ratis.util.LogUtils.runAndLog(LogUtils.java:38)
	at org.apache.ratis.util.LogUtils$1.run(LogUtils.java:78)
	at org.apache.ratis.util.TimeoutTimer$Task.run(TimeoutTimer.java:55)
	at java.util.TimerThread.mainLoop(Timer.java:555)
	at java.util.TimerThread.run(Timer.java:505)
2024-01-25 07:57:50,273 [timer2] TRACE client.RaftClient (RaftClientImpl.java:handleIOException(419)) - Stack trace
java.lang.Throwable: TRACE
	at org.apache.ratis.client.impl.RaftClientImpl.handleIOException(RaftClientImpl.java:419)
	at org.apache.ratis.client.impl.OrderedAsync.handleException(OrderedAsync.java:237)
	at org.apache.ratis.client.impl.OrderedAsync.lambda$sendRequestWithRetry$6(OrderedAsync.java:208)
	at java.util.concurrent.CompletableFuture.uniExceptionally(CompletableFuture.java:884)
	at java.util.concurrent.CompletableFuture$UniExceptionally.tryFire(CompletableFuture.java:866)
	at java.util.concurrent.CompletableFuture.postComplete(CompletableFuture.java:488)
	at java.util.concurrent.CompletableFuture.completeExceptionally(CompletableFuture.java:1990)
	at org.apache.ratis.grpc.client.GrpcClientProtocolClient$AsyncStreamObservers.completeReplyExceptionally(GrpcClientProtocolClient.java:394)
	at org.apache.ratis.grpc.client.GrpcClientProtocolClient$AsyncStreamObservers.close(GrpcClientProtocolClient.java:383)
	at org.apache.ratis.grpc.client.GrpcClientProtocolClient$AsyncStreamObservers.access$500(GrpcClientProtocolClient.java:300)
	at org.apache.ratis.grpc.client.GrpcClientProtocolClient.lambda$close$3(GrpcClientProtocolClient.java:160)
	at java.util.Optional.ifPresent(Optional.java:159)
	at org.apache.ratis.grpc.client.GrpcClientProtocolClient.close(GrpcClientProtocolClient.java:160)
	at org.apache.ratis.util.PeerProxyMap.closeProxy(PeerProxyMap.java:197)
	at org.apache.ratis.util.PeerProxyMap.lambda$resetProxy$2(PeerProxyMap.java:158)
	at java.util.Optional.map(Optional.java:215)
	at org.apache.ratis.util.PeerProxyMap.resetProxy(PeerProxyMap.java:158)
	at org.apache.ratis.util.PeerProxyMap.handleException(PeerProxyMap.java:165)
	at org.apache.ratis.client.impl.RaftClientRpcWithProxy.handleException(RaftClientRpcWithProxy.java:48)
	at org.apache.ratis.client.impl.RaftClientImpl.handleIOException(RaftClientImpl.java:445)
	at org.apache.ratis.client.impl.OrderedAsync.handleException(OrderedAsync.java:237)
	at org.apache.ratis.client.impl.OrderedAsync.lambda$sendRequestWithRetry$6(OrderedAsync.java:208)
	at java.util.concurrent.CompletableFuture.uniExceptionally(CompletableFuture.java:884)
	at java.util.concurrent.CompletableFuture$UniExceptionally.tryFire(CompletableFuture.java:866)
	at java.util.concurrent.CompletableFuture.postComplete(CompletableFuture.java:488)
	at java.util.concurrent.CompletableFuture.completeExceptionally(CompletableFuture.java:1990)
	at org.apache.ratis.grpc.client.GrpcClientProtocolClient$AsyncStreamObservers.lambda$timeoutCheck$5(GrpcClientProtocolClient.java:373)
	at java.util.Optional.ifPresent(Optional.java:159)
	at org.apache.ratis.grpc.client.GrpcClientProtocolClient$AsyncStreamObservers.handleReplyFuture(GrpcClientProtocolClient.java:378)
	at org.apache.ratis.grpc.client.GrpcClientProtocolClient$AsyncStreamObservers.timeoutCheck(GrpcClientProtocolClient.java:373)
	at org.apache.ratis.grpc.client.GrpcClientProtocolClient$AsyncStreamObservers.lambda$onNext$3(GrpcClientProtocolClient.java:366)
	at org.apache.ratis.util.TimeoutTimer.lambda$onTimeout$2(TimeoutTimer.java:101)
	at org.apache.ratis.util.LogUtils.runAndLog(LogUtils.java:38)
	at org.apache.ratis.util.LogUtils$1.run(LogUtils.java:78)
	at org.apache.ratis.util.TimeoutTimer$Task.run(TimeoutTimer.java:55)
	at java.util.TimerThread.mainLoop(Timer.java:555)
	at java.util.TimerThread.run(Timer.java:505)
2024-01-25 07:57:50,272 [s0@group-796A68A19D2E-LeaderStateImpl] DEBUG impl.WatchRequests (WatchRequests.java:updateIndex(150)) - s0@group-796A68A19D2E-WatchRequests: update MAJORITY index from 40 to 41
2024-01-25 07:57:50,273 [timer2] DEBUG client.RaftClient (RaftClientImpl.java:handleIOException(435)) - client-2312CCC7CA78: oldLeader=s0,  curLeader=s2, newLeader=null
2024-01-25 07:57:50,273 [s1-server-thread1] DEBUG server.RaftServer$Division (RaftServerImpl.java:logAppendEntries(1520)) - s1@group-796A68A19D2E: succeeded to handle AppendEntries. Reply: s0<-s1#111:OK-t3,SUCCESS,nextIndex=44,followerCommit=37,matchIndex=43
2024-01-25 07:57:50,273 [s1-server-thread3] DEBUG server.RaftServer$Division (RaftServerImpl.java:logAppendEntries(1520)) - s1@group-796A68A19D2E: receive appendEntries(s0, 3, (t:3, i:43), 37, false, commits:[s0:c37, s1:c35, s2:c25], cId:112, entries: [(t:3, i:44), STATEMACHINELOGENTRY, 70@client-2312CCC7CA78]
2024-01-25 07:57:50,273 [s0@group-796A68A19D2E-StateMachineUpdater] INFO  impl.SimpleStateMachine4Testing (SimpleStateMachine4Testing.java:put(205)) - s0: put 40, m9 -> (t:3, i:40), STATEMACHINELOGENTRY, 66@client-2312CCC7CA78
2024-01-25 07:57:50,274 [s0@group-796A68A19D2E-StateMachineUpdater] INFO  impl.SimpleStateMachine4Testing (SimpleStateMachine4Testing.java:applyTransaction(248)) - applyTransaction for log index 41
2024-01-25 07:57:50,274 [s0@group-796A68A19D2E-StateMachineUpdater] INFO  impl.SimpleStateMachine4Testing (SimpleStateMachine4Testing.java:put(205)) - s0: put 41, m10 -> (t:3, i:41), STATEMACHINELOGENTRY, 67@client-2312CCC7CA78
2024-01-25 07:57:50,274 [timer2] ERROR impl.OrderedAsync (OrderedAsync.java:lambda$sendRequestWithRetry$6(207)) - client-2312CCC7CA78: Failed* RaftClientRequest:client-2312CCC7CA78->s0@group-796A68A19D2E, cid=75, seq=31, RW, m18
java.util.concurrent.CompletionException: org.apache.ratis.protocol.exceptions.AlreadyClosedException: client-2312CCC7CA78->s0: Stream close: no reply for async request cid=75
	at java.util.concurrent.CompletableFuture.encodeThrowable(CompletableFuture.java:292)
	at java.util.concurrent.CompletableFuture.completeThrowable(CompletableFuture.java:308)
	at java.util.concurrent.CompletableFuture.uniAccept(CompletableFuture.java:661)
	at java.util.concurrent.CompletableFuture$UniAccept.tryFire(CompletableFuture.java:646)
	at java.util.concurrent.CompletableFuture.postComplete(CompletableFuture.java:488)
	at java.util.concurrent.CompletableFuture.completeExceptionally(CompletableFuture.java:1990)
	at org.apache.ratis.grpc.client.GrpcClientProtocolClient$AsyncStreamObservers.completeReplyExceptionally(GrpcClientProtocolClient.java:394)
	at org.apache.ratis.grpc.client.GrpcClientProtocolClient$AsyncStreamObservers.close(GrpcClientProtocolClient.java:383)
	at org.apache.ratis.grpc.client.GrpcClientProtocolClient$AsyncStreamObservers.access$500(GrpcClientProtocolClient.java:300)
	at org.apache.ratis.grpc.client.GrpcClientProtocolClient.lambda$close$3(GrpcClientProtocolClient.java:160)
	at java.util.Optional.ifPresent(Optional.java:159)
	at org.apache.ratis.grpc.client.GrpcClientProtocolClient.close(GrpcClientProtocolClient.java:160)
	at org.apache.ratis.util.PeerProxyMap.closeProxy(PeerProxyMap.java:197)
	at org.apache.ratis.util.PeerProxyMap.lambda$resetProxy$2(PeerProxyMap.java:158)
	at java.util.Optional.map(Optional.java:215)
	at org.apache.ratis.util.PeerProxyMap.resetProxy(PeerProxyMap.java:158)
	at org.apache.ratis.util.PeerProxyMap.handleException(PeerProxyMap.java:165)
	at org.apache.ratis.client.impl.RaftClientRpcWithProxy.handleException(RaftClientRpcWithProxy.java:48)
	at org.apache.ratis.client.impl.RaftClientImpl.handleIOException(RaftClientImpl.java:445)
	at org.apache.ratis.client.impl.OrderedAsync.handleException(OrderedAsync.java:237)
	at org.apache.ratis.client.impl.OrderedAsync.lambda$sendRequestWithRetry$6(OrderedAsync.java:208)
	at java.util.concurrent.CompletableFuture.uniExceptionally(CompletableFuture.java:884)
	at java.util.concurrent.CompletableFuture$UniExceptionally.tryFire(CompletableFuture.java:866)
	at java.util.concurrent.CompletableFuture.postComplete(CompletableFuture.java:488)
	at java.util.concurrent.CompletableFuture.completeExceptionally(CompletableFuture.java:1990)
	at org.apache.ratis.grpc.client.GrpcClientProtocolClient$AsyncStreamObservers.lambda$timeoutCheck$5(GrpcClientProtocolClient.java:373)
	at java.util.Optional.ifPresent(Optional.java:159)
	at org.apache.ratis.grpc.client.GrpcClientProtocolClient$AsyncStreamObservers.handleReplyFuture(GrpcClientProtocolClient.java:378)
	at org.apache.ratis.grpc.client.GrpcClientProtocolClient$AsyncStreamObservers.timeoutCheck(GrpcClientProtocolClient.java:373)
	at org.apache.ratis.grpc.client.GrpcClientProtocolClient$AsyncStreamObservers.lambda$onNext$3(GrpcClientProtocolClient.java:366)
	at org.apache.ratis.util.TimeoutTimer.lambda$onTimeout$2(TimeoutTimer.java:101)
	at org.apache.ratis.util.LogUtils.runAndLog(LogUtils.java:38)
	at org.apache.ratis.util.LogUtils$1.run(LogUtils.java:78)
	at org.apache.ratis.util.TimeoutTimer$Task.run(TimeoutTimer.java:55)
	at java.util.TimerThread.mainLoop(Timer.java:555)
	at java.util.TimerThread.run(Timer.java:505)
Caused by: org.apache.ratis.protocol.exceptions.AlreadyClosedException: client-2312CCC7CA78->s0: Stream close: no reply for async request cid=75
	at org.apache.ratis.grpc.client.GrpcClientProtocolClient$AsyncStreamObservers.completeReplyExceptionally(GrpcClientProtocolClient.java:396)
	... 29 more
2024-01-25 07:57:50,274 [s0-client-thread1] DEBUG server.RaftServer$Division (LeaderStateImpl.java:addPendingRequest(533)) - s0@group-796A68A19D2E-LeaderStateImpl: addPendingRequest at RaftClientRequest:client-2312CCC7CA78->s0@group-796A68A19D2E, cid=74, seq=30, RW, Message:6d3137, entry=(t:3, i:51), STATEMACHINELOGENTRY, 74@client-2312CCC7CA78
2024-01-25 07:57:50,275 [s1-server-thread1] DEBUG server.RaftServer$Division (RaftServerImpl.java:logAppendEntries(1520)) - s1@group-796A68A19D2E: receive appendEntries(s0, 3, (t:3, i:44), 38, false, commits:[s0:c38, s1:c36, s2:c25], cId:116, entries: [(t:3, i:45), STATEMACHINELOGENTRY, 71@client-2312CCC7CA78]
2024-01-25 07:57:50,275 [timer2] DEBUG client.RaftClient (RaftClientImpl.java:handleIOException(417)) - client-2312CCC7CA78: suggested new leader: null. Failed RaftClientRequest:client-2312CCC7CA78->s0@group-796A68A19D2E, cid=75, seq=31, RW, m18
org.apache.ratis.protocol.exceptions.AlreadyClosedException: client-2312CCC7CA78->s0: Stream close: no reply for async request cid=75
	at org.apache.ratis.grpc.client.GrpcClientProtocolClient$AsyncStreamObservers.completeReplyExceptionally(GrpcClientProtocolClient.java:396)
	at org.apache.ratis.grpc.client.GrpcClientProtocolClient$AsyncStreamObservers.close(GrpcClientProtocolClient.java:383)
	at org.apache.ratis.grpc.client.GrpcClientProtocolClient$AsyncStreamObservers.access$500(GrpcClientProtocolClient.java:300)
	at org.apache.ratis.grpc.client.GrpcClientProtocolClient.lambda$close$3(GrpcClientProtocolClient.java:160)
	at java.util.Optional.ifPresent(Optional.java:159)
	at org.apache.ratis.grpc.client.GrpcClientProtocolClient.close(GrpcClientProtocolClient.java:160)
	at org.apache.ratis.util.PeerProxyMap.closeProxy(PeerProxyMap.java:197)
	at org.apache.ratis.util.PeerProxyMap.lambda$resetProxy$2(PeerProxyMap.java:158)
	at java.util.Optional.map(Optional.java:215)
	at org.apache.ratis.util.PeerProxyMap.resetProxy(PeerProxyMap.java:158)
	at org.apache.ratis.util.PeerProxyMap.handleException(PeerProxyMap.java:165)
	at org.apache.ratis.client.impl.RaftClientRpcWithProxy.handleException(RaftClientRpcWithProxy.java:48)
	at org.apache.ratis.client.impl.RaftClientImpl.handleIOException(RaftClientImpl.java:445)
	at org.apache.ratis.client.impl.OrderedAsync.handleException(OrderedAsync.java:237)
	at org.apache.ratis.client.impl.OrderedAsync.lambda$sendRequestWithRetry$6(OrderedAsync.java:208)
	at java.util.concurrent.CompletableFuture.uniExceptionally(CompletableFuture.java:884)
	at java.util.concurrent.CompletableFuture$UniExceptionally.tryFire(CompletableFuture.java:866)
	at java.util.concurrent.CompletableFuture.postComplete(CompletableFuture.java:488)
	at java.util.concurrent.CompletableFuture.completeExceptionally(CompletableFuture.java:1990)
	at org.apache.ratis.grpc.client.GrpcClientProtocolClient$AsyncStreamObservers.lambda$timeoutCheck$5(GrpcClientProtocolClient.java:373)
	at java.util.Optional.ifPresent(Optional.java:159)
	at org.apache.ratis.grpc.client.GrpcClientProtocolClient$AsyncStreamObservers.handleReplyFuture(GrpcClientProtocolClient.java:378)
	at org.apache.ratis.grpc.client.GrpcClientProtocolClient$AsyncStreamObservers.timeoutCheck(GrpcClientProtocolClient.java:373)
	at org.apache.ratis.grpc.client.GrpcClientProtocolClient$AsyncStreamObservers.lambda$onNext$3(GrpcClientProtocolClient.java:366)
	at org.apache.ratis.util.TimeoutTimer.lambda$onTimeout$2(TimeoutTimer.java:101)
	at org.apache.ratis.util.LogUtils.runAndLog(LogUtils.java:38)
	at org.apache.ratis.util.LogUtils$1.run(LogUtils.java:78)
	at org.apache.ratis.util.TimeoutTimer$Task.run(TimeoutTimer.java:55)
	at java.util.TimerThread.mainLoop(Timer.java:555)
	at java.util.TimerThread.run(Timer.java:505)
2024-01-25 07:57:50,275 [timer2] TRACE client.RaftClient (RaftClientImpl.java:handleIOException(419)) - Stack trace
java.lang.Throwable: TRACE
	at org.apache.ratis.client.impl.RaftClientImpl.handleIOException(RaftClientImpl.java:419)
	at org.apache.ratis.client.impl.OrderedAsync.handleException(OrderedAsync.java:237)
	at org.apache.ratis.client.impl.OrderedAsync.lambda$sendRequestWithRetry$6(OrderedAsync.java:208)
	at java.util.concurrent.CompletableFuture.uniExceptionally(CompletableFuture.java:884)
	at java.util.concurrent.CompletableFuture$UniExceptionally.tryFire(CompletableFuture.java:866)
	at java.util.concurrent.CompletableFuture.postComplete(CompletableFuture.java:488)
	at java.util.concurrent.CompletableFuture.completeExceptionally(CompletableFuture.java:1990)
	at org.apache.ratis.grpc.client.GrpcClientProtocolClient$AsyncStreamObservers.completeReplyExceptionally(GrpcClientProtocolClient.java:394)
	at org.apache.ratis.grpc.client.GrpcClientProtocolClient$AsyncStreamObservers.close(GrpcClientProtocolClient.java:383)
	at org.apache.ratis.grpc.client.GrpcClientProtocolClient$AsyncStreamObservers.access$500(GrpcClientProtocolClient.java:300)
	at org.apache.ratis.grpc.client.GrpcClientProtocolClient.lambda$close$3(GrpcClientProtocolClient.java:160)
	at java.util.Optional.ifPresent(Optional.java:159)
	at org.apache.ratis.grpc.client.GrpcClientProtocolClient.close(GrpcClientProtocolClient.java:160)
	at org.apache.ratis.util.PeerProxyMap.closeProxy(PeerProxyMap.java:197)
	at org.apache.ratis.util.PeerProxyMap.lambda$resetProxy$2(PeerProxyMap.java:158)
	at java.util.Optional.map(Optional.java:215)
	at org.apache.ratis.util.PeerProxyMap.resetProxy(PeerProxyMap.java:158)
	at org.apache.ratis.util.PeerProxyMap.handleException(PeerProxyMap.java:165)
	at org.apache.ratis.client.impl.RaftClientRpcWithProxy.handleException(RaftClientRpcWithProxy.java:48)
	at org.apache.ratis.client.impl.RaftClientImpl.handleIOException(RaftClientImpl.java:445)
	at org.apache.ratis.client.impl.OrderedAsync.handleException(OrderedAsync.java:237)
	at org.apache.ratis.client.impl.OrderedAsync.lambda$sendRequestWithRetry$6(OrderedAsync.java:208)
	at java.util.concurrent.CompletableFuture.uniExceptionally(CompletableFuture.java:884)
	at java.util.concurrent.CompletableFuture$UniExceptionally.tryFire(CompletableFuture.java:866)
	at java.util.concurrent.CompletableFuture.postComplete(CompletableFuture.java:488)
	at java.util.concurrent.CompletableFuture.completeExceptionally(CompletableFuture.java:1990)
	at org.apache.ratis.grpc.client.GrpcClientProtocolClient$AsyncStreamObservers.lambda$timeoutCheck$5(GrpcClientProtocolClient.java:373)
	at java.util.Optional.ifPresent(Optional.java:159)
	at org.apache.ratis.grpc.client.GrpcClientProtocolClient$AsyncStreamObservers.handleReplyFuture(GrpcClientProtocolClient.java:378)
	at org.apache.ratis.grpc.client.GrpcClientProtocolClient$AsyncStreamObservers.timeoutCheck(GrpcClientProtocolClient.java:373)
	at org.apache.ratis.grpc.client.GrpcClientProtocolClient$AsyncStreamObservers.lambda$onNext$3(GrpcClientProtocolClient.java:366)
	at org.apache.ratis.util.TimeoutTimer.lambda$onTimeout$2(TimeoutTimer.java:101)
	at org.apache.ratis.util.LogUtils.runAndLog(LogUtils.java:38)
	at org.apache.ratis.util.LogUtils$1.run(LogUtils.java:78)
	at org.apache.ratis.util.TimeoutTimer$Task.run(TimeoutTimer.java:55)
	at java.util.TimerThread.mainLoop(Timer.java:555)
	at java.util.TimerThread.run(Timer.java:505)
2024-01-25 07:57:50,275 [grpc-default-executor-6] DEBUG impl.WatchRequests (WatchRequests.java:updateIndex(150)) - s0@group-796A68A19D2E-WatchRequests: update MAJORITY_COMMITTED index from 36 to 37
2024-01-25 07:57:50,275 [s1-server-thread3] DEBUG server.RaftServer$Division (RaftServerImpl.java:logAppendEntries(1520)) - s1@group-796A68A19D2E: succeeded to handle AppendEntries. Reply: s0<-s1#112:OK-t3,SUCCESS,nextIndex=45,followerCommit=37,matchIndex=44
2024-01-25 07:57:50,276 [timer2] DEBUG client.RaftClient (RaftClientImpl.java:handleIOException(435)) - client-2312CCC7CA78: oldLeader=s0,  curLeader=s2, newLeader=null
2024-01-25 07:57:50,276 [s1-server-thread4] DEBUG server.RaftServer$Division (RaftServerImpl.java:logAppendEntries(1520)) - s1@group-796A68A19D2E: receive appendEntries(s0, 3, (t:3, i:45), 39, false, commits:[s0:c39, s1:c36, s2:c25], cId:118, entries: [(t:3, i:46), METADATAENTRY(c:39), (t:3, i:47), STATEMACHINELOGENTRY, 72@client-2312CCC7CA78]
2024-01-25 07:57:50,276 [timer2] ERROR impl.OrderedAsync (OrderedAsync.java:lambda$sendRequestWithRetry$6(207)) - client-2312CCC7CA78: Failed* RaftClientRequest:client-2312CCC7CA78->s0@group-796A68A19D2E, cid=76, seq=32, RW, m19
java.util.concurrent.CompletionException: org.apache.ratis.protocol.exceptions.AlreadyClosedException: client-2312CCC7CA78->s0: Stream close: no reply for async request cid=76
	at java.util.concurrent.CompletableFuture.encodeThrowable(CompletableFuture.java:292)
	at java.util.concurrent.CompletableFuture.completeThrowable(CompletableFuture.java:308)
	at java.util.concurrent.CompletableFuture.uniAccept(CompletableFuture.java:661)
	at java.util.concurrent.CompletableFuture$UniAccept.tryFire(CompletableFuture.java:646)
	at java.util.concurrent.CompletableFuture.postComplete(CompletableFuture.java:488)
	at java.util.concurrent.CompletableFuture.completeExceptionally(CompletableFuture.java:1990)
	at org.apache.ratis.grpc.client.GrpcClientProtocolClient$AsyncStreamObservers.completeReplyExceptionally(GrpcClientProtocolClient.java:394)
	at org.apache.ratis.grpc.client.GrpcClientProtocolClient$AsyncStreamObservers.close(GrpcClientProtocolClient.java:383)
	at org.apache.ratis.grpc.client.GrpcClientProtocolClient$AsyncStreamObservers.access$500(GrpcClientProtocolClient.java:300)
	at org.apache.ratis.grpc.client.GrpcClientProtocolClient.lambda$close$3(GrpcClientProtocolClient.java:160)
	at java.util.Optional.ifPresent(Optional.java:159)
	at org.apache.ratis.grpc.client.GrpcClientProtocolClient.close(GrpcClientProtocolClient.java:160)
	at org.apache.ratis.util.PeerProxyMap.closeProxy(PeerProxyMap.java:197)
	at org.apache.ratis.util.PeerProxyMap.lambda$resetProxy$2(PeerProxyMap.java:158)
	at java.util.Optional.map(Optional.java:215)
	at org.apache.ratis.util.PeerProxyMap.resetProxy(PeerProxyMap.java:158)
	at org.apache.ratis.util.PeerProxyMap.handleException(PeerProxyMap.java:165)
	at org.apache.ratis.client.impl.RaftClientRpcWithProxy.handleException(RaftClientRpcWithProxy.java:48)
	at org.apache.ratis.client.impl.RaftClientImpl.handleIOException(RaftClientImpl.java:445)
	at org.apache.ratis.client.impl.OrderedAsync.handleException(OrderedAsync.java:237)
	at org.apache.ratis.client.impl.OrderedAsync.lambda$sendRequestWithRetry$6(OrderedAsync.java:208)
	at java.util.concurrent.CompletableFuture.uniExceptionally(CompletableFuture.java:884)
	at java.util.concurrent.CompletableFuture$UniExceptionally.tryFire(CompletableFuture.java:866)
	at java.util.concurrent.CompletableFuture.postComplete(CompletableFuture.java:488)
	at java.util.concurrent.CompletableFuture.completeExceptionally(CompletableFuture.java:1990)
	at org.apache.ratis.grpc.client.GrpcClientProtocolClient$AsyncStreamObservers.lambda$timeoutCheck$5(GrpcClientProtocolClient.java:373)
	at java.util.Optional.ifPresent(Optional.java:159)
	at org.apache.ratis.grpc.client.GrpcClientProtocolClient$AsyncStreamObservers.handleReplyFuture(GrpcClientProtocolClient.java:378)
	at org.apache.ratis.grpc.client.GrpcClientProtocolClient$AsyncStreamObservers.timeoutCheck(GrpcClientProtocolClient.java:373)
	at org.apache.ratis.grpc.client.GrpcClientProtocolClient$AsyncStreamObservers.lambda$onNext$3(GrpcClientProtocolClient.java:366)
	at org.apache.ratis.util.TimeoutTimer.lambda$onTimeout$2(TimeoutTimer.java:101)
	at org.apache.ratis.util.LogUtils.runAndLog(LogUtils.java:38)
	at org.apache.ratis.util.LogUtils$1.run(LogUtils.java:78)
	at org.apache.ratis.util.TimeoutTimer$Task.run(TimeoutTimer.java:55)
	at java.util.TimerThread.mainLoop(Timer.java:555)
	at java.util.TimerThread.run(Timer.java:505)
Caused by: org.apache.ratis.protocol.exceptions.AlreadyClosedException: client-2312CCC7CA78->s0: Stream close: no reply for async request cid=76
	at org.apache.ratis.grpc.client.GrpcClientProtocolClient$AsyncStreamObservers.completeReplyExceptionally(GrpcClientProtocolClient.java:396)
	... 29 more
2024-01-25 07:57:50,276 [s1-server-thread1] DEBUG server.RaftServer$Division (RaftServerImpl.java:logAppendEntries(1520)) - s1@group-796A68A19D2E: succeeded to handle AppendEntries. Reply: s0<-s1#116:OK-t3,SUCCESS,nextIndex=46,followerCommit=38,matchIndex=45
2024-01-25 07:57:50,275 [s0-client-thread1] DEBUG server.RaftServer$Division (RaftServerImpl.java:submitClientRequestAsync(880)) - s0@group-796A68A19D2E: receive client request(RaftClientRequest:client-2312CCC7CA78->s0@group-796A68A19D2E, cid=75, seq=31, RW, Message:6d3138)
2024-01-25 07:57:50,277 [s1-server-thread4] DEBUG server.RaftServer$Division (RaftServerImpl.java:logAppendEntries(1520)) - s1@group-796A68A19D2E: receive appendEntries(s0, 3, (t:3, i:47), 39, false, commits:[s0:c39, s1:c36, s2:c25], cId:119, entries: [(t:3, i:48), STATEMACHINELOGENTRY, 73@client-2312CCC7CA78]
2024-01-25 07:57:50,277 [s1-server-thread1] DEBUG server.RaftServer$Division (RaftServerImpl.java:logAppendEntries(1520)) - s1@group-796A68A19D2E: succeeded to handle AppendEntries. Reply: s0<-s1#118:OK-t3,SUCCESS,nextIndex=48,followerCommit=39,matchIndex=47
2024-01-25 07:57:50,277 [timer2] DEBUG client.RaftClient (RaftClientImpl.java:handleIOException(417)) - client-2312CCC7CA78: suggested new leader: null. Failed RaftClientRequest:client-2312CCC7CA78->s0@group-796A68A19D2E, cid=76, seq=32, RW, m19
org.apache.ratis.protocol.exceptions.AlreadyClosedException: client-2312CCC7CA78->s0: Stream close: no reply for async request cid=76
	at org.apache.ratis.grpc.client.GrpcClientProtocolClient$AsyncStreamObservers.completeReplyExceptionally(GrpcClientProtocolClient.java:396)
	at org.apache.ratis.grpc.client.GrpcClientProtocolClient$AsyncStreamObservers.close(GrpcClientProtocolClient.java:383)
	at org.apache.ratis.grpc.client.GrpcClientProtocolClient$AsyncStreamObservers.access$500(GrpcClientProtocolClient.java:300)
	at org.apache.ratis.grpc.client.GrpcClientProtocolClient.lambda$close$3(GrpcClientProtocolClient.java:160)
	at java.util.Optional.ifPresent(Optional.java:159)
	at org.apache.ratis.grpc.client.GrpcClientProtocolClient.close(GrpcClientProtocolClient.java:160)
	at org.apache.ratis.util.PeerProxyMap.closeProxy(PeerProxyMap.java:197)
	at org.apache.ratis.util.PeerProxyMap.lambda$resetProxy$2(PeerProxyMap.java:158)
	at java.util.Optional.map(Optional.java:215)
	at org.apache.ratis.util.PeerProxyMap.resetProxy(PeerProxyMap.java:158)
	at org.apache.ratis.util.PeerProxyMap.handleException(PeerProxyMap.java:165)
	at org.apache.ratis.client.impl.RaftClientRpcWithProxy.handleException(RaftClientRpcWithProxy.java:48)
	at org.apache.ratis.client.impl.RaftClientImpl.handleIOException(RaftClientImpl.java:445)
	at org.apache.ratis.client.impl.OrderedAsync.handleException(OrderedAsync.java:237)
	at org.apache.ratis.client.impl.OrderedAsync.lambda$sendRequestWithRetry$6(OrderedAsync.java:208)
	at java.util.concurrent.CompletableFuture.uniExceptionally(CompletableFuture.java:884)
	at java.util.concurrent.CompletableFuture$UniExceptionally.tryFire(CompletableFuture.java:866)
	at java.util.concurrent.CompletableFuture.postComplete(CompletableFuture.java:488)
	at java.util.concurrent.CompletableFuture.completeExceptionally(CompletableFuture.java:1990)
	at org.apache.ratis.grpc.client.GrpcClientProtocolClient$AsyncStreamObservers.lambda$timeoutCheck$5(GrpcClientProtocolClient.java:373)
	at java.util.Optional.ifPresent(Optional.java:159)
	at org.apache.ratis.grpc.client.GrpcClientProtocolClient$AsyncStreamObservers.handleReplyFuture(GrpcClientProtocolClient.java:378)
	at org.apache.ratis.grpc.client.GrpcClientProtocolClient$AsyncStreamObservers.timeoutCheck(GrpcClientProtocolClient.java:373)
	at org.apache.ratis.grpc.client.GrpcClientProtocolClient$AsyncStreamObservers.lambda$onNext$3(GrpcClientProtocolClient.java:366)
	at org.apache.ratis.util.TimeoutTimer.lambda$onTimeout$2(TimeoutTimer.java:101)
	at org.apache.ratis.util.LogUtils.runAndLog(LogUtils.java:38)
	at org.apache.ratis.util.LogUtils$1.run(LogUtils.java:78)
	at org.apache.ratis.util.TimeoutTimer$Task.run(TimeoutTimer.java:55)
	at java.util.TimerThread.mainLoop(Timer.java:555)
	at java.util.TimerThread.run(Timer.java:505)
2024-01-25 07:57:50,276 [s0@group-796A68A19D2E-StateMachineUpdater] INFO  impl.SimpleStateMachine4Testing (SimpleStateMachine4Testing.java:applyTransaction(248)) - applyTransaction for log index 42
2024-01-25 07:57:50,276 [s0@group-796A68A19D2E-LeaderStateImpl] DEBUG impl.WatchRequests (WatchRequests.java:updateIndex(150)) - s0@group-796A68A19D2E-WatchRequests: update MAJORITY index from 41 to 43
2024-01-25 07:57:50,277 [timer2] TRACE client.RaftClient (RaftClientImpl.java:handleIOException(419)) - Stack trace
java.lang.Throwable: TRACE
	at org.apache.ratis.client.impl.RaftClientImpl.handleIOException(RaftClientImpl.java:419)
	at org.apache.ratis.client.impl.OrderedAsync.handleException(OrderedAsync.java:237)
	at org.apache.ratis.client.impl.OrderedAsync.lambda$sendRequestWithRetry$6(OrderedAsync.java:208)
	at java.util.concurrent.CompletableFuture.uniExceptionally(CompletableFuture.java:884)
	at java.util.concurrent.CompletableFuture$UniExceptionally.tryFire(CompletableFuture.java:866)
	at java.util.concurrent.CompletableFuture.postComplete(CompletableFuture.java:488)
	at java.util.concurrent.CompletableFuture.completeExceptionally(CompletableFuture.java:1990)
	at org.apache.ratis.grpc.client.GrpcClientProtocolClient$AsyncStreamObservers.completeReplyExceptionally(GrpcClientProtocolClient.java:394)
	at org.apache.ratis.grpc.client.GrpcClientProtocolClient$AsyncStreamObservers.close(GrpcClientProtocolClient.java:383)
	at org.apache.ratis.grpc.client.GrpcClientProtocolClient$AsyncStreamObservers.access$500(GrpcClientProtocolClient.java:300)
	at org.apache.ratis.grpc.client.GrpcClientProtocolClient.lambda$close$3(GrpcClientProtocolClient.java:160)
	at java.util.Optional.ifPresent(Optional.java:159)
	at org.apache.ratis.grpc.client.GrpcClientProtocolClient.close(GrpcClientProtocolClient.java:160)
	at org.apache.ratis.util.PeerProxyMap.closeProxy(PeerProxyMap.java:197)
	at org.apache.ratis.util.PeerProxyMap.lambda$resetProxy$2(PeerProxyMap.java:158)
	at java.util.Optional.map(Optional.java:215)
	at org.apache.ratis.util.PeerProxyMap.resetProxy(PeerProxyMap.java:158)
	at org.apache.ratis.util.PeerProxyMap.handleException(PeerProxyMap.java:165)
	at org.apache.ratis.client.impl.RaftClientRpcWithProxy.handleException(RaftClientRpcWithProxy.java:48)
	at org.apache.ratis.client.impl.RaftClientImpl.handleIOException(RaftClientImpl.java:445)
	at org.apache.ratis.client.impl.OrderedAsync.handleException(OrderedAsync.java:237)
	at org.apache.ratis.client.impl.OrderedAsync.lambda$sendRequestWithRetry$6(OrderedAsync.java:208)
	at java.util.concurrent.CompletableFuture.uniExceptionally(CompletableFuture.java:884)
	at java.util.concurrent.CompletableFuture$UniExceptionally.tryFire(CompletableFuture.java:866)
	at java.util.concurrent.CompletableFuture.postComplete(CompletableFuture.java:488)
	at java.util.concurrent.CompletableFuture.completeExceptionally(CompletableFuture.java:1990)
	at org.apache.ratis.grpc.client.GrpcClientProtocolClient$AsyncStreamObservers.lambda$timeoutCheck$5(GrpcClientProtocolClient.java:373)
	at java.util.Optional.ifPresent(Optional.java:159)
	at org.apache.ratis.grpc.client.GrpcClientProtocolClient$AsyncStreamObservers.handleReplyFuture(GrpcClientProtocolClient.java:378)
	at org.apache.ratis.grpc.client.GrpcClientProtocolClient$AsyncStreamObservers.timeoutCheck(GrpcClientProtocolClient.java:373)
	at org.apache.ratis.grpc.client.GrpcClientProtocolClient$AsyncStreamObservers.lambda$onNext$3(GrpcClientProtocolClient.java:366)
	at org.apache.ratis.util.TimeoutTimer.lambda$onTimeout$2(TimeoutTimer.java:101)
	at org.apache.ratis.util.LogUtils.runAndLog(LogUtils.java:38)
	at org.apache.ratis.util.LogUtils$1.run(LogUtils.java:78)
	at org.apache.ratis.util.TimeoutTimer$Task.run(TimeoutTimer.java:55)
	at java.util.TimerThread.mainLoop(Timer.java:555)
	at java.util.TimerThread.run(Timer.java:505)
2024-01-25 07:57:50,277 [s0@group-796A68A19D2E-StateMachineUpdater] INFO  impl.SimpleStateMachine4Testing (SimpleStateMachine4Testing.java:put(205)) - s0: put 42, m11 -> (t:3, i:42), STATEMACHINELOGENTRY, 68@client-2312CCC7CA78
2024-01-25 07:57:50,278 [s1-server-thread4] DEBUG server.RaftServer$Division (RaftServerImpl.java:logAppendEntries(1520)) - s1@group-796A68A19D2E: succeeded to handle AppendEntries. Reply: s0<-s1#119:OK-t3,SUCCESS,nextIndex=49,followerCommit=39,matchIndex=48
2024-01-25 07:57:50,277 [s1@group-796A68A19D2E-StateMachineUpdater] INFO  impl.SimpleStateMachine4Testing (SimpleStateMachine4Testing.java:applyTransaction(248)) - applyTransaction for log index 39
2024-01-25 07:57:50,278 [s1@group-796A68A19D2E-StateMachineUpdater] INFO  impl.SimpleStateMachine4Testing (SimpleStateMachine4Testing.java:put(205)) - s1: put 39, m8 -> (t:3, i:39), STATEMACHINELOGENTRY, 65@client-2312CCC7CA78
2024-01-25 07:57:50,277 [grpc-default-executor-6] DEBUG impl.WatchRequests (WatchRequests.java:updateIndex(150)) - s0@group-796A68A19D2E-WatchRequests: update MAJORITY_COMMITTED index from 37 to 38
2024-01-25 07:57:50,278 [timer2] DEBUG client.RaftClient (RaftClientImpl.java:handleIOException(435)) - client-2312CCC7CA78: oldLeader=s0,  curLeader=s2, newLeader=null
2024-01-25 07:57:50,278 [s0@group-796A68A19D2E-StateMachineUpdater] INFO  impl.SimpleStateMachine4Testing (SimpleStateMachine4Testing.java:applyTransaction(248)) - applyTransaction for log index 43
2024-01-25 07:57:50,279 [grpc-default-executor-6] DEBUG impl.WatchRequests (WatchRequests.java:updateIndex(150)) - s0@group-796A68A19D2E-WatchRequests: update MAJORITY_COMMITTED index from 38 to 39
2024-01-25 07:57:50,279 [s1-server-thread4] DEBUG server.RaftServer$Division (RaftServerImpl.java:logAppendEntries(1520)) - s1@group-796A68A19D2E: receive appendEntries(s0, 3, (t:3, i:48), 41, false, commits:[s0:c41, s1:c36, s2:c25], cId:120, entries: [(t:3, i:49), METADATAENTRY(c:40), (t:3, i:50), METADATAENTRY(c:41)]
2024-01-25 07:57:50,279 [s0@group-796A68A19D2E-LeaderStateImpl] DEBUG impl.WatchRequests (WatchRequests.java:updateIndex(150)) - s0@group-796A68A19D2E-WatchRequests: update MAJORITY index from 43 to 44
2024-01-25 07:57:50,279 [s0@group-796A68A19D2E-LeaderStateImpl] DEBUG impl.WatchRequests (WatchRequests.java:updateIndex(150)) - s0@group-796A68A19D2E-WatchRequests: update MAJORITY index from 44 to 47
2024-01-25 07:57:50,280 [s0@group-796A68A19D2E-LeaderStateImpl] DEBUG impl.WatchRequests (WatchRequests.java:updateIndex(150)) - s0@group-796A68A19D2E-WatchRequests: update MAJORITY index from 47 to 48
2024-01-25 07:57:50,280 [s1-server-thread1] DEBUG server.RaftServer$Division (RaftServerImpl.java:logAppendEntries(1520)) - s1@group-796A68A19D2E: succeeded to handle AppendEntries. Reply: s0<-s1#120:OK-t3,SUCCESS,nextIndex=51,followerCommit=41,matchIndex=50
2024-01-25 07:57:50,279 [timer2] ERROR impl.OrderedAsync (OrderedAsync.java:lambda$sendRequestWithRetry$6(207)) - client-2312CCC7CA78: Failed* RaftClientRequest:client-2312CCC7CA78->s0@group-796A68A19D2E, cid=58, seq=14, RW, m1
java.util.concurrent.CompletionException: org.apache.ratis.protocol.exceptions.AlreadyClosedException: client-2312CCC7CA78->s0: Stream close: no reply for async request cid=58
	at java.util.concurrent.CompletableFuture.encodeThrowable(CompletableFuture.java:292)
	at java.util.concurrent.CompletableFuture.completeThrowable(CompletableFuture.java:308)
	at java.util.concurrent.CompletableFuture.uniAccept(CompletableFuture.java:661)
	at java.util.concurrent.CompletableFuture$UniAccept.tryFire(CompletableFuture.java:646)
	at java.util.concurrent.CompletableFuture.postComplete(CompletableFuture.java:488)
	at java.util.concurrent.CompletableFuture.completeExceptionally(CompletableFuture.java:1990)
	at org.apache.ratis.grpc.client.GrpcClientProtocolClient$AsyncStreamObservers.completeReplyExceptionally(GrpcClientProtocolClient.java:394)
	at org.apache.ratis.grpc.client.GrpcClientProtocolClient$AsyncStreamObservers.close(GrpcClientProtocolClient.java:383)
	at org.apache.ratis.grpc.client.GrpcClientProtocolClient$AsyncStreamObservers.access$500(GrpcClientProtocolClient.java:300)
	at org.apache.ratis.grpc.client.GrpcClientProtocolClient.lambda$close$3(GrpcClientProtocolClient.java:160)
	at java.util.Optional.ifPresent(Optional.java:159)
	at org.apache.ratis.grpc.client.GrpcClientProtocolClient.close(GrpcClientProtocolClient.java:160)
	at org.apache.ratis.util.PeerProxyMap.closeProxy(PeerProxyMap.java:197)
	at org.apache.ratis.util.PeerProxyMap.lambda$resetProxy$2(PeerProxyMap.java:158)
	at java.util.Optional.map(Optional.java:215)
	at org.apache.ratis.util.PeerProxyMap.resetProxy(PeerProxyMap.java:158)
	at org.apache.ratis.util.PeerProxyMap.handleException(PeerProxyMap.java:165)
	at org.apache.ratis.client.impl.RaftClientRpcWithProxy.handleException(RaftClientRpcWithProxy.java:48)
	at org.apache.ratis.client.impl.RaftClientImpl.handleIOException(RaftClientImpl.java:445)
	at org.apache.ratis.client.impl.OrderedAsync.handleException(OrderedAsync.java:237)
	at org.apache.ratis.client.impl.OrderedAsync.lambda$sendRequestWithRetry$6(OrderedAsync.java:208)
	at java.util.concurrent.CompletableFuture.uniExceptionally(CompletableFuture.java:884)
	at java.util.concurrent.CompletableFuture$UniExceptionally.tryFire(CompletableFuture.java:866)
	at java.util.concurrent.CompletableFuture.postComplete(CompletableFuture.java:488)
	at java.util.concurrent.CompletableFuture.completeExceptionally(CompletableFuture.java:1990)
	at org.apache.ratis.grpc.client.GrpcClientProtocolClient$AsyncStreamObservers.lambda$timeoutCheck$5(GrpcClientProtocolClient.java:373)
	at java.util.Optional.ifPresent(Optional.java:159)
	at org.apache.ratis.grpc.client.GrpcClientProtocolClient$AsyncStreamObservers.handleReplyFuture(GrpcClientProtocolClient.java:378)
	at org.apache.ratis.grpc.client.GrpcClientProtocolClient$AsyncStreamObservers.timeoutCheck(GrpcClientProtocolClient.java:373)
	at org.apache.ratis.grpc.client.GrpcClientProtocolClient$AsyncStreamObservers.lambda$onNext$3(GrpcClientProtocolClient.java:366)
	at org.apache.ratis.util.TimeoutTimer.lambda$onTimeout$2(TimeoutTimer.java:101)
	at org.apache.ratis.util.LogUtils.runAndLog(LogUtils.java:38)
	at org.apache.ratis.util.LogUtils$1.run(LogUtils.java:78)
	at org.apache.ratis.util.TimeoutTimer$Task.run(TimeoutTimer.java:55)
	at java.util.TimerThread.mainLoop(Timer.java:555)
	at java.util.TimerThread.run(Timer.java:505)
Caused by: org.apache.ratis.protocol.exceptions.AlreadyClosedException: client-2312CCC7CA78->s0: Stream close: no reply for async request cid=58
	at org.apache.ratis.grpc.client.GrpcClientProtocolClient$AsyncStreamObservers.completeReplyExceptionally(GrpcClientProtocolClient.java:396)
	... 29 more
2024-01-25 07:57:50,279 [s0@group-796A68A19D2E-StateMachineUpdater] INFO  impl.SimpleStateMachine4Testing (SimpleStateMachine4Testing.java:put(205)) - s0: put 43, m12 -> (t:3, i:43), STATEMACHINELOGENTRY, 69@client-2312CCC7CA78
2024-01-25 07:57:50,280 [s0-client-thread1] DEBUG server.RaftServer$Division (LeaderStateImpl.java:addPendingRequest(533)) - s0@group-796A68A19D2E-LeaderStateImpl: addPendingRequest at RaftClientRequest:client-2312CCC7CA78->s0@group-796A68A19D2E, cid=75, seq=31, RW, Message:6d3138, entry=(t:3, i:56), STATEMACHINELOGENTRY, 75@client-2312CCC7CA78
2024-01-25 07:57:50,280 [grpc-default-executor-8] DEBUG impl.WatchRequests (WatchRequests.java:updateIndex(150)) - s0@group-796A68A19D2E-WatchRequests: update MAJORITY_COMMITTED index from 39 to 41
2024-01-25 07:57:50,281 [timer2] DEBUG client.RaftClient (RaftClientImpl.java:handleIOException(417)) - client-2312CCC7CA78: suggested new leader: null. Failed RaftClientRequest:client-2312CCC7CA78->s0@group-796A68A19D2E, cid=58, seq=14, RW, m1
org.apache.ratis.protocol.exceptions.AlreadyClosedException: client-2312CCC7CA78->s0: Stream close: no reply for async request cid=58
	at org.apache.ratis.grpc.client.GrpcClientProtocolClient$AsyncStreamObservers.completeReplyExceptionally(GrpcClientProtocolClient.java:396)
	at org.apache.ratis.grpc.client.GrpcClientProtocolClient$AsyncStreamObservers.close(GrpcClientProtocolClient.java:383)
	at org.apache.ratis.grpc.client.GrpcClientProtocolClient$AsyncStreamObservers.access$500(GrpcClientProtocolClient.java:300)
	at org.apache.ratis.grpc.client.GrpcClientProtocolClient.lambda$close$3(GrpcClientProtocolClient.java:160)
	at java.util.Optional.ifPresent(Optional.java:159)
	at org.apache.ratis.grpc.client.GrpcClientProtocolClient.close(GrpcClientProtocolClient.java:160)
	at org.apache.ratis.util.PeerProxyMap.closeProxy(PeerProxyMap.java:197)
	at org.apache.ratis.util.PeerProxyMap.lambda$resetProxy$2(PeerProxyMap.java:158)
	at java.util.Optional.map(Optional.java:215)
	at org.apache.ratis.util.PeerProxyMap.resetProxy(PeerProxyMap.java:158)
	at org.apache.ratis.util.PeerProxyMap.handleException(PeerProxyMap.java:165)
	at org.apache.ratis.client.impl.RaftClientRpcWithProxy.handleException(RaftClientRpcWithProxy.java:48)
	at org.apache.ratis.client.impl.RaftClientImpl.handleIOException(RaftClientImpl.java:445)
	at org.apache.ratis.client.impl.OrderedAsync.handleException(OrderedAsync.java:237)
	at org.apache.ratis.client.impl.OrderedAsync.lambda$sendRequestWithRetry$6(OrderedAsync.java:208)
	at java.util.concurrent.CompletableFuture.uniExceptionally(CompletableFuture.java:884)
	at java.util.concurrent.CompletableFuture$UniExceptionally.tryFire(CompletableFuture.java:866)
	at java.util.concurrent.CompletableFuture.postComplete(CompletableFuture.java:488)
	at java.util.concurrent.CompletableFuture.completeExceptionally(CompletableFuture.java:1990)
	at org.apache.ratis.grpc.client.GrpcClientProtocolClient$AsyncStreamObservers.lambda$timeoutCheck$5(GrpcClientProtocolClient.java:373)
	at java.util.Optional.ifPresent(Optional.java:159)
	at org.apache.ratis.grpc.client.GrpcClientProtocolClient$AsyncStreamObservers.handleReplyFuture(GrpcClientProtocolClient.java:378)
	at org.apache.ratis.grpc.client.GrpcClientProtocolClient$AsyncStreamObservers.timeoutCheck(GrpcClientProtocolClient.java:373)
	at org.apache.ratis.grpc.client.GrpcClientProtocolClient$AsyncStreamObservers.lambda$onNext$3(GrpcClientProtocolClient.java:366)
	at org.apache.ratis.util.TimeoutTimer.lambda$onTimeout$2(TimeoutTimer.java:101)
	at org.apache.ratis.util.LogUtils.runAndLog(LogUtils.java:38)
	at org.apache.ratis.util.LogUtils$1.run(LogUtils.java:78)
	at org.apache.ratis.util.TimeoutTimer$Task.run(TimeoutTimer.java:55)
	at java.util.TimerThread.mainLoop(Timer.java:555)
	at java.util.TimerThread.run(Timer.java:505)
2024-01-25 07:57:50,281 [timer2] TRACE client.RaftClient (RaftClientImpl.java:handleIOException(419)) - Stack trace
java.lang.Throwable: TRACE
	at org.apache.ratis.client.impl.RaftClientImpl.handleIOException(RaftClientImpl.java:419)
	at org.apache.ratis.client.impl.OrderedAsync.handleException(OrderedAsync.java:237)
	at org.apache.ratis.client.impl.OrderedAsync.lambda$sendRequestWithRetry$6(OrderedAsync.java:208)
	at java.util.concurrent.CompletableFuture.uniExceptionally(CompletableFuture.java:884)
	at java.util.concurrent.CompletableFuture$UniExceptionally.tryFire(CompletableFuture.java:866)
	at java.util.concurrent.CompletableFuture.postComplete(CompletableFuture.java:488)
	at java.util.concurrent.CompletableFuture.completeExceptionally(CompletableFuture.java:1990)
	at org.apache.ratis.grpc.client.GrpcClientProtocolClient$AsyncStreamObservers.completeReplyExceptionally(GrpcClientProtocolClient.java:394)
	at org.apache.ratis.grpc.client.GrpcClientProtocolClient$AsyncStreamObservers.close(GrpcClientProtocolClient.java:383)
	at org.apache.ratis.grpc.client.GrpcClientProtocolClient$AsyncStreamObservers.access$500(GrpcClientProtocolClient.java:300)
	at org.apache.ratis.grpc.client.GrpcClientProtocolClient.lambda$close$3(GrpcClientProtocolClient.java:160)
	at java.util.Optional.ifPresent(Optional.java:159)
	at org.apache.ratis.grpc.client.GrpcClientProtocolClient.close(GrpcClientProtocolClient.java:160)
	at org.apache.ratis.util.PeerProxyMap.closeProxy(PeerProxyMap.java:197)
	at org.apache.ratis.util.PeerProxyMap.lambda$resetProxy$2(PeerProxyMap.java:158)
	at java.util.Optional.map(Optional.java:215)
	at org.apache.ratis.util.PeerProxyMap.resetProxy(PeerProxyMap.java:158)
	at org.apache.ratis.util.PeerProxyMap.handleException(PeerProxyMap.java:165)
	at org.apache.ratis.client.impl.RaftClientRpcWithProxy.handleException(RaftClientRpcWithProxy.java:48)
	at org.apache.ratis.client.impl.RaftClientImpl.handleIOException(RaftClientImpl.java:445)
	at org.apache.ratis.client.impl.OrderedAsync.handleException(OrderedAsync.java:237)
	at org.apache.ratis.client.impl.OrderedAsync.lambda$sendRequestWithRetry$6(OrderedAsync.java:208)
	at java.util.concurrent.CompletableFuture.uniExceptionally(CompletableFuture.java:884)
	at java.util.concurrent.CompletableFuture$UniExceptionally.tryFire(CompletableFuture.java:866)
	at java.util.concurrent.CompletableFuture.postComplete(CompletableFuture.java:488)
	at java.util.concurrent.CompletableFuture.completeExceptionally(CompletableFuture.java:1990)
	at org.apache.ratis.grpc.client.GrpcClientProtocolClient$AsyncStreamObservers.lambda$timeoutCheck$5(GrpcClientProtocolClient.java:373)
	at java.util.Optional.ifPresent(Optional.java:159)
	at org.apache.ratis.grpc.client.GrpcClientProtocolClient$AsyncStreamObservers.handleReplyFuture(GrpcClientProtocolClient.java:378)
	at org.apache.ratis.grpc.client.GrpcClientProtocolClient$AsyncStreamObservers.timeoutCheck(GrpcClientProtocolClient.java:373)
	at org.apache.ratis.grpc.client.GrpcClientProtocolClient$AsyncStreamObservers.lambda$onNext$3(GrpcClientProtocolClient.java:366)
	at org.apache.ratis.util.TimeoutTimer.lambda$onTimeout$2(TimeoutTimer.java:101)
	at org.apache.ratis.util.LogUtils.runAndLog(LogUtils.java:38)
	at org.apache.ratis.util.LogUtils$1.run(LogUtils.java:78)
	at org.apache.ratis.util.TimeoutTimer$Task.run(TimeoutTimer.java:55)
	at java.util.TimerThread.mainLoop(Timer.java:555)
	at java.util.TimerThread.run(Timer.java:505)
2024-01-25 07:57:50,280 [s1-server-thread4] DEBUG server.RaftServer$Division (RaftServerImpl.java:logAppendEntries(1520)) - s1@group-796A68A19D2E: receive appendEntries(s0, 3, (t:3, i:50), 41, false, commits:[s0:c41, s1:c36, s2:c25], cId:121, entries: [(t:3, i:51), STATEMACHINELOGENTRY, 74@client-2312CCC7CA78]
2024-01-25 07:57:50,280 [s1@group-796A68A19D2E-StateMachineUpdater] INFO  impl.SimpleStateMachine4Testing (SimpleStateMachine4Testing.java:applyTransaction(248)) - applyTransaction for log index 40
2024-01-25 07:57:50,281 [s1@group-796A68A19D2E-StateMachineUpdater] INFO  impl.SimpleStateMachine4Testing (SimpleStateMachine4Testing.java:put(205)) - s1: put 40, m9 -> (t:3, i:40), STATEMACHINELOGENTRY, 66@client-2312CCC7CA78
2024-01-25 07:57:50,282 [s1@group-796A68A19D2E-StateMachineUpdater] INFO  impl.SimpleStateMachine4Testing (SimpleStateMachine4Testing.java:applyTransaction(248)) - applyTransaction for log index 41
2024-01-25 07:57:50,282 [s1@group-796A68A19D2E-StateMachineUpdater] INFO  impl.SimpleStateMachine4Testing (SimpleStateMachine4Testing.java:put(205)) - s1: put 41, m10 -> (t:3, i:41), STATEMACHINELOGENTRY, 67@client-2312CCC7CA78
2024-01-25 07:57:50,282 [s1-server-thread4] DEBUG server.RaftServer$Division (RaftServerImpl.java:logAppendEntries(1520)) - s1@group-796A68A19D2E: receive appendEntries(s0, 3, (t:3, i:51), 43, false, commits:[s0:c43, s1:c37, s2:c25], cId:122, entries: [(t:3, i:52), METADATAENTRY(c:43)]
2024-01-25 07:57:50,281 [timer2] DEBUG client.RaftClient (RaftClientImpl.java:handleIOException(435)) - client-2312CCC7CA78: oldLeader=s0,  curLeader=s2, newLeader=null
2024-01-25 07:57:50,282 [timer2] ERROR impl.OrderedAsync (OrderedAsync.java:lambda$sendRequestWithRetry$6(207)) - client-2312CCC7CA78: Failed* RaftClientRequest:client-2312CCC7CA78->s0@group-796A68A19D2E, cid=63, seq=19, RW, m6
java.util.concurrent.CompletionException: org.apache.ratis.protocol.exceptions.AlreadyClosedException: client-2312CCC7CA78->s0: Stream close: no reply for async request cid=63
	at java.util.concurrent.CompletableFuture.encodeThrowable(CompletableFuture.java:292)
	at java.util.concurrent.CompletableFuture.completeThrowable(CompletableFuture.java:308)
	at java.util.concurrent.CompletableFuture.uniAccept(CompletableFuture.java:661)
	at java.util.concurrent.CompletableFuture$UniAccept.tryFire(CompletableFuture.java:646)
	at java.util.concurrent.CompletableFuture.postComplete(CompletableFuture.java:488)
	at java.util.concurrent.CompletableFuture.completeExceptionally(CompletableFuture.java:1990)
	at org.apache.ratis.grpc.client.GrpcClientProtocolClient$AsyncStreamObservers.completeReplyExceptionally(GrpcClientProtocolClient.java:394)
	at org.apache.ratis.grpc.client.GrpcClientProtocolClient$AsyncStreamObservers.close(GrpcClientProtocolClient.java:383)
	at org.apache.ratis.grpc.client.GrpcClientProtocolClient$AsyncStreamObservers.access$500(GrpcClientProtocolClient.java:300)
	at org.apache.ratis.grpc.client.GrpcClientProtocolClient.lambda$close$3(GrpcClientProtocolClient.java:160)
	at java.util.Optional.ifPresent(Optional.java:159)
	at org.apache.ratis.grpc.client.GrpcClientProtocolClient.close(GrpcClientProtocolClient.java:160)
	at org.apache.ratis.util.PeerProxyMap.closeProxy(PeerProxyMap.java:197)
	at org.apache.ratis.util.PeerProxyMap.lambda$resetProxy$2(PeerProxyMap.java:158)
	at java.util.Optional.map(Optional.java:215)
	at org.apache.ratis.util.PeerProxyMap.resetProxy(PeerProxyMap.java:158)
	at org.apache.ratis.util.PeerProxyMap.handleException(PeerProxyMap.java:165)
	at org.apache.ratis.client.impl.RaftClientRpcWithProxy.handleException(RaftClientRpcWithProxy.java:48)
	at org.apache.ratis.client.impl.RaftClientImpl.handleIOException(RaftClientImpl.java:445)
	at org.apache.ratis.client.impl.OrderedAsync.handleException(OrderedAsync.java:237)
	at org.apache.ratis.client.impl.OrderedAsync.lambda$sendRequestWithRetry$6(OrderedAsync.java:208)
	at java.util.concurrent.CompletableFuture.uniExceptionally(CompletableFuture.java:884)
	at java.util.concurrent.CompletableFuture$UniExceptionally.tryFire(CompletableFuture.java:866)
	at java.util.concurrent.CompletableFuture.postComplete(CompletableFuture.java:488)
	at java.util.concurrent.CompletableFuture.completeExceptionally(CompletableFuture.java:1990)
	at org.apache.ratis.grpc.client.GrpcClientProtocolClient$AsyncStreamObservers.lambda$timeoutCheck$5(GrpcClientProtocolClient.java:373)
	at java.util.Optional.ifPresent(Optional.java:159)
	at org.apache.ratis.grpc.client.GrpcClientProtocolClient$AsyncStreamObservers.handleReplyFuture(GrpcClientProtocolClient.java:378)
	at org.apache.ratis.grpc.client.GrpcClientProtocolClient$AsyncStreamObservers.timeoutCheck(GrpcClientProtocolClient.java:373)
	at org.apache.ratis.grpc.client.GrpcClientProtocolClient$AsyncStreamObservers.lambda$onNext$3(GrpcClientProtocolClient.java:366)
	at org.apache.ratis.util.TimeoutTimer.lambda$onTimeout$2(TimeoutTimer.java:101)
	at org.apache.ratis.util.LogUtils.runAndLog(LogUtils.java:38)
	at org.apache.ratis.util.LogUtils$1.run(LogUtils.java:78)
	at org.apache.ratis.util.TimeoutTimer$Task.run(TimeoutTimer.java:55)
	at java.util.TimerThread.mainLoop(Timer.java:555)
	at java.util.TimerThread.run(Timer.java:505)
Caused by: org.apache.ratis.protocol.exceptions.AlreadyClosedException: client-2312CCC7CA78->s0: Stream close: no reply for async request cid=63
	at org.apache.ratis.grpc.client.GrpcClientProtocolClient$AsyncStreamObservers.completeReplyExceptionally(GrpcClientProtocolClient.java:396)
	... 29 more
2024-01-25 07:57:50,281 [s0-client-thread1] DEBUG server.RaftServer$Division (RaftServerImpl.java:submitClientRequestAsync(880)) - s0@group-796A68A19D2E: receive client request(RaftClientRequest:client-2312CCC7CA78->s0@group-796A68A19D2E, cid=76, seq=32, RW, Message:6d3139)
2024-01-25 07:57:50,281 [s0@group-796A68A19D2E-LeaderStateImpl] DEBUG impl.WatchRequests (WatchRequests.java:updateIndex(150)) - s0@group-796A68A19D2E-WatchRequests: update MAJORITY index from 48 to 50
2024-01-25 07:57:50,281 [s0@group-796A68A19D2E-StateMachineUpdater] INFO  impl.SimpleStateMachine4Testing (SimpleStateMachine4Testing.java:applyTransaction(248)) - applyTransaction for log index 44
2024-01-25 07:57:50,283 [s0@group-796A68A19D2E-StateMachineUpdater] INFO  impl.SimpleStateMachine4Testing (SimpleStateMachine4Testing.java:put(205)) - s0: put 44, m13 -> (t:3, i:44), STATEMACHINELOGENTRY, 70@client-2312CCC7CA78
2024-01-25 07:57:50,283 [s0-client-thread1] DEBUG server.RaftServer$Division (LeaderStateImpl.java:addPendingRequest(533)) - s0@group-796A68A19D2E-LeaderStateImpl: addPendingRequest at RaftClientRequest:client-2312CCC7CA78->s0@group-796A68A19D2E, cid=76, seq=32, RW, Message:6d3139, entry=(t:3, i:57), STATEMACHINELOGENTRY, 76@client-2312CCC7CA78
2024-01-25 07:57:50,283 [timer2] DEBUG client.RaftClient (RaftClientImpl.java:handleIOException(417)) - client-2312CCC7CA78: suggested new leader: null. Failed RaftClientRequest:client-2312CCC7CA78->s0@group-796A68A19D2E, cid=63, seq=19, RW, m6
org.apache.ratis.protocol.exceptions.AlreadyClosedException: client-2312CCC7CA78->s0: Stream close: no reply for async request cid=63
	at org.apache.ratis.grpc.client.GrpcClientProtocolClient$AsyncStreamObservers.completeReplyExceptionally(GrpcClientProtocolClient.java:396)
	at org.apache.ratis.grpc.client.GrpcClientProtocolClient$AsyncStreamObservers.close(GrpcClientProtocolClient.java:383)
	at org.apache.ratis.grpc.client.GrpcClientProtocolClient$AsyncStreamObservers.access$500(GrpcClientProtocolClient.java:300)
	at org.apache.ratis.grpc.client.GrpcClientProtocolClient.lambda$close$3(GrpcClientProtocolClient.java:160)
	at java.util.Optional.ifPresent(Optional.java:159)
	at org.apache.ratis.grpc.client.GrpcClientProtocolClient.close(GrpcClientProtocolClient.java:160)
	at org.apache.ratis.util.PeerProxyMap.closeProxy(PeerProxyMap.java:197)
	at org.apache.ratis.util.PeerProxyMap.lambda$resetProxy$2(PeerProxyMap.java:158)
	at java.util.Optional.map(Optional.java:215)
	at org.apache.ratis.util.PeerProxyMap.resetProxy(PeerProxyMap.java:158)
	at org.apache.ratis.util.PeerProxyMap.handleException(PeerProxyMap.java:165)
	at org.apache.ratis.client.impl.RaftClientRpcWithProxy.handleException(RaftClientRpcWithProxy.java:48)
	at org.apache.ratis.client.impl.RaftClientImpl.handleIOException(RaftClientImpl.java:445)
	at org.apache.ratis.client.impl.OrderedAsync.handleException(OrderedAsync.java:237)
	at org.apache.ratis.client.impl.OrderedAsync.lambda$sendRequestWithRetry$6(OrderedAsync.java:208)
	at java.util.concurrent.CompletableFuture.uniExceptionally(CompletableFuture.java:884)
	at java.util.concurrent.CompletableFuture$UniExceptionally.tryFire(CompletableFuture.java:866)
	at java.util.concurrent.CompletableFuture.postComplete(CompletableFuture.java:488)
	at java.util.concurrent.CompletableFuture.completeExceptionally(CompletableFuture.java:1990)
	at org.apache.ratis.grpc.client.GrpcClientProtocolClient$AsyncStreamObservers.lambda$timeoutCheck$5(GrpcClientProtocolClient.java:373)
	at java.util.Optional.ifPresent(Optional.java:159)
	at org.apache.ratis.grpc.client.GrpcClientProtocolClient$AsyncStreamObservers.handleReplyFuture(GrpcClientProtocolClient.java:378)
	at org.apache.ratis.grpc.client.GrpcClientProtocolClient$AsyncStreamObservers.timeoutCheck(GrpcClientProtocolClient.java:373)
	at org.apache.ratis.grpc.client.GrpcClientProtocolClient$AsyncStreamObservers.lambda$onNext$3(GrpcClientProtocolClient.java:366)
	at org.apache.ratis.util.TimeoutTimer.lambda$onTimeout$2(TimeoutTimer.java:101)
	at org.apache.ratis.util.LogUtils.runAndLog(LogUtils.java:38)
	at org.apache.ratis.util.LogUtils$1.run(LogUtils.java:78)
	at org.apache.ratis.util.TimeoutTimer$Task.run(TimeoutTimer.java:55)
	at java.util.TimerThread.mainLoop(Timer.java:555)
	at java.util.TimerThread.run(Timer.java:505)
2024-01-25 07:57:50,283 [s1@group-796A68A19D2E-StateMachineUpdater] INFO  impl.SimpleStateMachine4Testing (SimpleStateMachine4Testing.java:applyTransaction(248)) - applyTransaction for log index 42
2024-01-25 07:57:50,284 [s1@group-796A68A19D2E-StateMachineUpdater] INFO  impl.SimpleStateMachine4Testing (SimpleStateMachine4Testing.java:put(205)) - s1: put 42, m11 -> (t:3, i:42), STATEMACHINELOGENTRY, 68@client-2312CCC7CA78
2024-01-25 07:57:50,284 [s1@group-796A68A19D2E-StateMachineUpdater] INFO  impl.SimpleStateMachine4Testing (SimpleStateMachine4Testing.java:applyTransaction(248)) - applyTransaction for log index 43
2024-01-25 07:57:50,284 [s1@group-796A68A19D2E-StateMachineUpdater] INFO  impl.SimpleStateMachine4Testing (SimpleStateMachine4Testing.java:put(205)) - s1: put 43, m12 -> (t:3, i:43), STATEMACHINELOGENTRY, 69@client-2312CCC7CA78
2024-01-25 07:57:50,283 [s1-server-thread3] DEBUG server.RaftServer$Division (RaftServerImpl.java:logAppendEntries(1520)) - s1@group-796A68A19D2E: succeeded to handle AppendEntries. Reply: s0<-s1#122:OK-t3,SUCCESS,nextIndex=53,followerCommit=43,matchIndex=52
2024-01-25 07:57:50,282 [s1-server-thread1] DEBUG server.RaftServer$Division (RaftServerImpl.java:logAppendEntries(1520)) - s1@group-796A68A19D2E: receive appendEntries(s0, 3, (t:3, i:52), 44, false, commits:[s0:c44, s1:c38, s2:c25], cId:123, entries: [(t:3, i:53), METADATAENTRY(c:44)]
2024-01-25 07:57:50,282 [s1-server-thread4] DEBUG server.RaftServer$Division (RaftServerImpl.java:logAppendEntries(1520)) - s1@group-796A68A19D2E: succeeded to handle AppendEntries. Reply: s0<-s1#121:OK-t3,SUCCESS,nextIndex=52,followerCommit=41,matchIndex=51
2024-01-25 07:57:50,284 [timer2] TRACE client.RaftClient (RaftClientImpl.java:handleIOException(419)) - Stack trace
java.lang.Throwable: TRACE
	at org.apache.ratis.client.impl.RaftClientImpl.handleIOException(RaftClientImpl.java:419)
	at org.apache.ratis.client.impl.OrderedAsync.handleException(OrderedAsync.java:237)
	at org.apache.ratis.client.impl.OrderedAsync.lambda$sendRequestWithRetry$6(OrderedAsync.java:208)
	at java.util.concurrent.CompletableFuture.uniExceptionally(CompletableFuture.java:884)
	at java.util.concurrent.CompletableFuture$UniExceptionally.tryFire(CompletableFuture.java:866)
	at java.util.concurrent.CompletableFuture.postComplete(CompletableFuture.java:488)
	at java.util.concurrent.CompletableFuture.completeExceptionally(CompletableFuture.java:1990)
	at org.apache.ratis.grpc.client.GrpcClientProtocolClient$AsyncStreamObservers.completeReplyExceptionally(GrpcClientProtocolClient.java:394)
	at org.apache.ratis.grpc.client.GrpcClientProtocolClient$AsyncStreamObservers.close(GrpcClientProtocolClient.java:383)
	at org.apache.ratis.grpc.client.GrpcClientProtocolClient$AsyncStreamObservers.access$500(GrpcClientProtocolClient.java:300)
	at org.apache.ratis.grpc.client.GrpcClientProtocolClient.lambda$close$3(GrpcClientProtocolClient.java:160)
	at java.util.Optional.ifPresent(Optional.java:159)
	at org.apache.ratis.grpc.client.GrpcClientProtocolClient.close(GrpcClientProtocolClient.java:160)
	at org.apache.ratis.util.PeerProxyMap.closeProxy(PeerProxyMap.java:197)
	at org.apache.ratis.util.PeerProxyMap.lambda$resetProxy$2(PeerProxyMap.java:158)
	at java.util.Optional.map(Optional.java:215)
	at org.apache.ratis.util.PeerProxyMap.resetProxy(PeerProxyMap.java:158)
	at org.apache.ratis.util.PeerProxyMap.handleException(PeerProxyMap.java:165)
	at org.apache.ratis.client.impl.RaftClientRpcWithProxy.handleException(RaftClientRpcWithProxy.java:48)
	at org.apache.ratis.client.impl.RaftClientImpl.handleIOException(RaftClientImpl.java:445)
	at org.apache.ratis.client.impl.OrderedAsync.handleException(OrderedAsync.java:237)
	at org.apache.ratis.client.impl.OrderedAsync.lambda$sendRequestWithRetry$6(OrderedAsync.java:208)
	at java.util.concurrent.CompletableFuture.uniExceptionally(CompletableFuture.java:884)
	at java.util.concurrent.CompletableFuture$UniExceptionally.tryFire(CompletableFuture.java:866)
	at java.util.concurrent.CompletableFuture.postComplete(CompletableFuture.java:488)
	at java.util.concurrent.CompletableFuture.completeExceptionally(CompletableFuture.java:1990)
	at org.apache.ratis.grpc.client.GrpcClientProtocolClient$AsyncStreamObservers.lambda$timeoutCheck$5(GrpcClientProtocolClient.java:373)
	at java.util.Optional.ifPresent(Optional.java:159)
	at org.apache.ratis.grpc.client.GrpcClientProtocolClient$AsyncStreamObservers.handleReplyFuture(GrpcClientProtocolClient.java:378)
	at org.apache.ratis.grpc.client.GrpcClientProtocolClient$AsyncStreamObservers.timeoutCheck(GrpcClientProtocolClient.java:373)
	at org.apache.ratis.grpc.client.GrpcClientProtocolClient$AsyncStreamObservers.lambda$onNext$3(GrpcClientProtocolClient.java:366)
	at org.apache.ratis.util.TimeoutTimer.lambda$onTimeout$2(TimeoutTimer.java:101)
	at org.apache.ratis.util.LogUtils.runAndLog(LogUtils.java:38)
	at org.apache.ratis.util.LogUtils$1.run(LogUtils.java:78)
	at org.apache.ratis.util.TimeoutTimer$Task.run(TimeoutTimer.java:55)
	at java.util.TimerThread.mainLoop(Timer.java:555)
	at java.util.TimerThread.run(Timer.java:505)
2024-01-25 07:57:50,283 [s0@group-796A68A19D2E-StateMachineUpdater] INFO  impl.SimpleStateMachine4Testing (SimpleStateMachine4Testing.java:applyTransaction(248)) - applyTransaction for log index 45
2024-01-25 07:57:50,284 [s1-server-thread1] DEBUG server.RaftServer$Division (RaftServerImpl.java:logAppendEntries(1520)) - s1@group-796A68A19D2E: succeeded to handle AppendEntries. Reply: s0<-s1#123:OK-t3,SUCCESS,nextIndex=54,followerCommit=44,matchIndex=53
2024-01-25 07:57:50,285 [s0@group-796A68A19D2E-StateMachineUpdater] INFO  impl.SimpleStateMachine4Testing (SimpleStateMachine4Testing.java:put(205)) - s0: put 45, m14 -> (t:3, i:45), STATEMACHINELOGENTRY, 71@client-2312CCC7CA78
2024-01-25 07:57:50,285 [s1@group-796A68A19D2E-StateMachineUpdater] INFO  impl.SimpleStateMachine4Testing (SimpleStateMachine4Testing.java:applyTransaction(248)) - applyTransaction for log index 44
2024-01-25 07:57:50,285 [s1@group-796A68A19D2E-StateMachineUpdater] INFO  impl.SimpleStateMachine4Testing (SimpleStateMachine4Testing.java:put(205)) - s1: put 44, m13 -> (t:3, i:44), STATEMACHINELOGENTRY, 70@client-2312CCC7CA78
2024-01-25 07:57:50,285 [s0@group-796A68A19D2E-StateMachineUpdater] INFO  impl.SimpleStateMachine4Testing (SimpleStateMachine4Testing.java:applyTransaction(248)) - applyTransaction for log index 47
2024-01-25 07:57:50,285 [s0@group-796A68A19D2E-StateMachineUpdater] INFO  impl.SimpleStateMachine4Testing (SimpleStateMachine4Testing.java:put(205)) - s0: put 47, m15 -> (t:3, i:47), STATEMACHINELOGENTRY, 72@client-2312CCC7CA78
2024-01-25 07:57:50,285 [s0@group-796A68A19D2E-StateMachineUpdater] INFO  impl.SimpleStateMachine4Testing (SimpleStateMachine4Testing.java:applyTransaction(248)) - applyTransaction for log index 48
2024-01-25 07:57:50,285 [s0@group-796A68A19D2E-StateMachineUpdater] INFO  impl.SimpleStateMachine4Testing (SimpleStateMachine4Testing.java:put(205)) - s0: put 48, m16 -> (t:3, i:48), STATEMACHINELOGENTRY, 73@client-2312CCC7CA78
2024-01-25 07:57:50,285 [s1-server-thread1] DEBUG server.RaftServer$Division (RaftServerImpl.java:logAppendEntries(1520)) - s1@group-796A68A19D2E: receive appendEntries(s0, 3, (t:3, i:53), 48, false, commits:[s0:c48, s1:c39, s2:c25], cId:124, entries: [(t:3, i:54), METADATAENTRY(c:47)]
2024-01-25 07:57:50,286 [s1-server-thread1] DEBUG server.RaftServer$Division (RaftServerImpl.java:logAppendEntries(1520)) - s1@group-796A68A19D2E: succeeded to handle AppendEntries. Reply: s0<-s1#124:OK-t3,SUCCESS,nextIndex=55,followerCommit=48,matchIndex=54
2024-01-25 07:57:50,286 [s1@group-796A68A19D2E-StateMachineUpdater] INFO  impl.SimpleStateMachine4Testing (SimpleStateMachine4Testing.java:applyTransaction(248)) - applyTransaction for log index 45
2024-01-25 07:57:50,286 [s1-server-thread4] DEBUG server.RaftServer$Division (RaftServerImpl.java:logAppendEntries(1520)) - s1@group-796A68A19D2E: receive appendEntries(s0, 3, (t:3, i:54), 48, false, commits:[s0:c48, s1:c41, s2:c25], cId:125, entries: [(t:3, i:55), METADATAENTRY(c:48), (t:3, i:56), STATEMACHINELOGENTRY, 75@client-2312CCC7CA78]
2024-01-25 07:57:50,286 [s1@group-796A68A19D2E-StateMachineUpdater] INFO  impl.SimpleStateMachine4Testing (SimpleStateMachine4Testing.java:put(205)) - s1: put 45, m14 -> (t:3, i:45), STATEMACHINELOGENTRY, 71@client-2312CCC7CA78
2024-01-25 07:57:50,286 [timer2] DEBUG client.RaftClient (RaftClientImpl.java:handleIOException(435)) - client-2312CCC7CA78: oldLeader=s0,  curLeader=s2, newLeader=null
2024-01-25 07:57:50,286 [s1@group-796A68A19D2E-StateMachineUpdater] INFO  impl.SimpleStateMachine4Testing (SimpleStateMachine4Testing.java:applyTransaction(248)) - applyTransaction for log index 47
2024-01-25 07:57:50,288 [grpc-default-executor-3] DEBUG impl.WatchRequests (WatchRequests.java:updateIndex(150)) - s0@group-796A68A19D2E-WatchRequests: update MAJORITY_COMMITTED index from 41 to 43
2024-01-25 07:57:50,288 [s1-server-thread4] DEBUG server.RaftServer$Division (RaftServerImpl.java:logAppendEntries(1520)) - s1@group-796A68A19D2E: receive appendEntries(s0, 3, (t:3, i:56), 50, false, commits:[s0:c50, s1:c41, s2:c25], cId:126, entries: [(t:3, i:57), STATEMACHINELOGENTRY, 76@client-2312CCC7CA78]
2024-01-25 07:57:50,288 [s0@group-796A68A19D2E-LeaderStateImpl] DEBUG impl.WatchRequests (WatchRequests.java:updateIndex(150)) - s0@group-796A68A19D2E-WatchRequests: update MAJORITY index from 50 to 52
2024-01-25 07:57:50,289 [s1@group-796A68A19D2E-StateMachineUpdater] INFO  impl.SimpleStateMachine4Testing (SimpleStateMachine4Testing.java:put(205)) - s1: put 47, m15 -> (t:3, i:47), STATEMACHINELOGENTRY, 72@client-2312CCC7CA78
2024-01-25 07:57:50,289 [grpc-default-executor-8] DEBUG impl.WatchRequests (WatchRequests.java:updateIndex(150)) - s0@group-796A68A19D2E-WatchRequests: update MAJORITY_COMMITTED index from 43 to 44
2024-01-25 07:57:50,289 [s1@group-796A68A19D2E-StateMachineUpdater] INFO  impl.SimpleStateMachine4Testing (SimpleStateMachine4Testing.java:applyTransaction(248)) - applyTransaction for log index 48
2024-01-25 07:57:50,289 [s1@group-796A68A19D2E-StateMachineUpdater] INFO  impl.SimpleStateMachine4Testing (SimpleStateMachine4Testing.java:put(205)) - s1: put 48, m16 -> (t:3, i:48), STATEMACHINELOGENTRY, 73@client-2312CCC7CA78
2024-01-25 07:57:50,289 [ForkJoinPool.commonPool-worker-0] DEBUG impl.UnorderedAsync (UnorderedAsync.java:lambda$sendRequestWithRetry$4(83)) - client-2312CCC7CA78: attempt #1 receive~ null
2024-01-25 07:57:50,289 [ForkJoinPool.commonPool-worker-0] TRACE impl.UnorderedAsync (UnorderedAsync.java:lambda$sendRequestWithRetry$4(108)) - client-2312CCC7CA78: attempt #1 failed~ RaftClientRequest:client-2312CCC7CA78->s0@group-796A68A19D2E, cid=78, seq=null, Watch-ALL(26), null
org.apache.ratis.protocol.exceptions.AlreadyClosedException: client-2312CCC7CA78->s0: Stream close: no reply for async request cid=78
	at org.apache.ratis.grpc.client.GrpcClientProtocolClient$AsyncStreamObservers.completeReplyExceptionally(GrpcClientProtocolClient.java:396)
	at org.apache.ratis.grpc.client.GrpcClientProtocolClient$AsyncStreamObservers.close(GrpcClientProtocolClient.java:383)
	at org.apache.ratis.grpc.client.GrpcClientProtocolClient$AsyncStreamObservers.access$500(GrpcClientProtocolClient.java:300)
	at org.apache.ratis.grpc.client.GrpcClientProtocolClient.lambda$close$4(GrpcClientProtocolClient.java:161)
	at java.util.Optional.ifPresent(Optional.java:159)
	at org.apache.ratis.grpc.client.GrpcClientProtocolClient.close(GrpcClientProtocolClient.java:161)
	at org.apache.ratis.util.PeerProxyMap.closeProxy(PeerProxyMap.java:197)
	at org.apache.ratis.util.PeerProxyMap.lambda$resetProxy$2(PeerProxyMap.java:158)
	at java.util.Optional.map(Optional.java:215)
	at org.apache.ratis.util.PeerProxyMap.resetProxy(PeerProxyMap.java:158)
	at org.apache.ratis.util.PeerProxyMap.handleException(PeerProxyMap.java:165)
	at org.apache.ratis.client.impl.RaftClientRpcWithProxy.handleException(RaftClientRpcWithProxy.java:48)
	at org.apache.ratis.client.impl.RaftClientImpl.handleIOException(RaftClientImpl.java:445)
	at org.apache.ratis.client.impl.OrderedAsync.handleException(OrderedAsync.java:237)
	at org.apache.ratis.client.impl.OrderedAsync.lambda$sendRequestWithRetry$6(OrderedAsync.java:208)
	at java.util.concurrent.CompletableFuture.uniExceptionally(CompletableFuture.java:884)
	at java.util.concurrent.CompletableFuture$UniExceptionally.tryFire(CompletableFuture.java:866)
	at java.util.concurrent.CompletableFuture.postComplete(CompletableFuture.java:488)
	at java.util.concurrent.CompletableFuture.completeExceptionally(CompletableFuture.java:1990)
	at org.apache.ratis.grpc.client.GrpcClientProtocolClient$AsyncStreamObservers.lambda$timeoutCheck$5(GrpcClientProtocolClient.java:373)
	at java.util.Optional.ifPresent(Optional.java:159)
	at org.apache.ratis.grpc.client.GrpcClientProtocolClient$AsyncStreamObservers.handleReplyFuture(GrpcClientProtocolClient.java:378)
	at org.apache.ratis.grpc.client.GrpcClientProtocolClient$AsyncStreamObservers.timeoutCheck(GrpcClientProtocolClient.java:373)
	at org.apache.ratis.grpc.client.GrpcClientProtocolClient$AsyncStreamObservers.lambda$onNext$3(GrpcClientProtocolClient.java:366)
	at org.apache.ratis.util.TimeoutTimer.lambda$onTimeout$2(TimeoutTimer.java:101)
	at org.apache.ratis.util.LogUtils.runAndLog(LogUtils.java:38)
	at org.apache.ratis.util.LogUtils$1.run(LogUtils.java:78)
	at org.apache.ratis.util.TimeoutTimer$Task.run(TimeoutTimer.java:55)
	at java.util.TimerThread.mainLoop(Timer.java:555)
	at java.util.TimerThread.run(Timer.java:505)
2024-01-25 07:57:50,293 [ForkJoinPool.commonPool-worker-0] DEBUG client.RaftClient (RaftClientImpl.java:handleIOException(417)) - client-2312CCC7CA78: suggested new leader: null. Failed RaftClientRequest:client-2312CCC7CA78->s0@group-796A68A19D2E, cid=78, seq=null, Watch-ALL(26), null
org.apache.ratis.protocol.exceptions.AlreadyClosedException: client-2312CCC7CA78->s0: Stream close: no reply for async request cid=78
	at org.apache.ratis.grpc.client.GrpcClientProtocolClient$AsyncStreamObservers.completeReplyExceptionally(GrpcClientProtocolClient.java:396)
	at org.apache.ratis.grpc.client.GrpcClientProtocolClient$AsyncStreamObservers.close(GrpcClientProtocolClient.java:383)
	at org.apache.ratis.grpc.client.GrpcClientProtocolClient$AsyncStreamObservers.access$500(GrpcClientProtocolClient.java:300)
	at org.apache.ratis.grpc.client.GrpcClientProtocolClient.lambda$close$4(GrpcClientProtocolClient.java:161)
	at java.util.Optional.ifPresent(Optional.java:159)
	at org.apache.ratis.grpc.client.GrpcClientProtocolClient.close(GrpcClientProtocolClient.java:161)
	at org.apache.ratis.util.PeerProxyMap.closeProxy(PeerProxyMap.java:197)
	at org.apache.ratis.util.PeerProxyMap.lambda$resetProxy$2(PeerProxyMap.java:158)
	at java.util.Optional.map(Optional.java:215)
	at org.apache.ratis.util.PeerProxyMap.resetProxy(PeerProxyMap.java:158)
	at org.apache.ratis.util.PeerProxyMap.handleException(PeerProxyMap.java:165)
	at org.apache.ratis.client.impl.RaftClientRpcWithProxy.handleException(RaftClientRpcWithProxy.java:48)
	at org.apache.ratis.client.impl.RaftClientImpl.handleIOException(RaftClientImpl.java:445)
	at org.apache.ratis.client.impl.OrderedAsync.handleException(OrderedAsync.java:237)
	at org.apache.ratis.client.impl.OrderedAsync.lambda$sendRequestWithRetry$6(OrderedAsync.java:208)
	at java.util.concurrent.CompletableFuture.uniExceptionally(CompletableFuture.java:884)
	at java.util.concurrent.CompletableFuture$UniExceptionally.tryFire(CompletableFuture.java:866)
	at java.util.concurrent.CompletableFuture.postComplete(CompletableFuture.java:488)
	at java.util.concurrent.CompletableFuture.completeExceptionally(CompletableFuture.java:1990)
	at org.apache.ratis.grpc.client.GrpcClientProtocolClient$AsyncStreamObservers.lambda$timeoutCheck$5(GrpcClientProtocolClient.java:373)
	at java.util.Optional.ifPresent(Optional.java:159)
	at org.apache.ratis.grpc.client.GrpcClientProtocolClient$AsyncStreamObservers.handleReplyFuture(GrpcClientProtocolClient.java:378)
	at org.apache.ratis.grpc.client.GrpcClientProtocolClient$AsyncStreamObservers.timeoutCheck(GrpcClientProtocolClient.java:373)
	at org.apache.ratis.grpc.client.GrpcClientProtocolClient$AsyncStreamObservers.lambda$onNext$3(GrpcClientProtocolClient.java:366)
	at org.apache.ratis.util.TimeoutTimer.lambda$onTimeout$2(TimeoutTimer.java:101)
	at org.apache.ratis.util.LogUtils.runAndLog(LogUtils.java:38)
	at org.apache.ratis.util.LogUtils$1.run(LogUtils.java:78)
	at org.apache.ratis.util.TimeoutTimer$Task.run(TimeoutTimer.java:55)
	at java.util.TimerThread.mainLoop(Timer.java:555)
	at java.util.TimerThread.run(Timer.java:505)
2024-01-25 07:57:50,293 [ForkJoinPool.commonPool-worker-0] TRACE client.RaftClient (RaftClientImpl.java:handleIOException(419)) - Stack trace
java.lang.Throwable: TRACE
	at org.apache.ratis.client.impl.RaftClientImpl.handleIOException(RaftClientImpl.java:419)
	at org.apache.ratis.client.impl.RaftClientImpl.handleIOException(RaftClientImpl.java:412)
	at org.apache.ratis.client.impl.UnorderedAsync.lambda$sendRequestWithRetry$4(UnorderedAsync.java:121)
	at java.util.concurrent.CompletableFuture.uniWhenComplete(CompletableFuture.java:774)
	at java.util.concurrent.CompletableFuture$UniWhenComplete.tryFire(CompletableFuture.java:750)
	at java.util.concurrent.CompletableFuture$Completion.exec(CompletableFuture.java:457)
	at java.util.concurrent.ForkJoinTask.doExec(ForkJoinTask.java:289)
	at java.util.concurrent.ForkJoinPool$WorkQueue.runTask(ForkJoinPool.java:1056)
	at java.util.concurrent.ForkJoinPool.runWorker(ForkJoinPool.java:1692)
	at java.util.concurrent.ForkJoinWorkerThread.run(ForkJoinWorkerThread.java:175)
2024-01-25 07:57:50,293 [ForkJoinPool.commonPool-worker-0] DEBUG client.RaftClient (RaftClientImpl.java:handleIOException(435)) - client-2312CCC7CA78: oldLeader=s0,  curLeader=s2, newLeader=null
2024-01-25 07:57:50,293 [ForkJoinPool.commonPool-worker-0] DEBUG impl.UnorderedAsync (UnorderedAsync.java:lambda$sendRequestWithRetry$4(132)) - schedule~ attempt #1 with sleep 100ms and policy RetryForeverWithSleep(sleepTime = 100ms) for RaftClientRequest:client-2312CCC7CA78->s0@group-796A68A19D2E, cid=78, seq=null, Watch-ALL(26), null
2024-01-25 07:57:50,293 [s1-server-thread4] DEBUG server.RaftServer$Division (RaftServerImpl.java:logAppendEntries(1520)) - s1@group-796A68A19D2E: succeeded to handle AppendEntries. Reply: s0<-s1#126:OK-t3,SUCCESS,nextIndex=58,followerCommit=50,matchIndex=57
2024-01-25 07:57:50,292 [grpc-default-executor-8] DEBUG impl.WatchRequests (WatchRequests.java:updateIndex(150)) - s0@group-796A68A19D2E-WatchRequests: update MAJORITY_COMMITTED index from 44 to 48
2024-01-25 07:57:50,292 [s0@group-796A68A19D2E-StateMachineUpdater] INFO  impl.SimpleStateMachine4Testing (SimpleStateMachine4Testing.java:applyTransaction(248)) - applyTransaction for log index 51
2024-01-25 07:57:50,294 [s0@group-796A68A19D2E-StateMachineUpdater] INFO  impl.SimpleStateMachine4Testing (SimpleStateMachine4Testing.java:put(205)) - s0: put 51, m17 -> (t:3, i:51), STATEMACHINELOGENTRY, 74@client-2312CCC7CA78
2024-01-25 07:57:50,292 [s1-server-thread1] DEBUG server.RaftServer$Division (RaftServerImpl.java:logAppendEntries(1520)) - s1@group-796A68A19D2E: succeeded to handle AppendEntries. Reply: s0<-s1#125:OK-t3,SUCCESS,nextIndex=57,followerCommit=48,matchIndex=56
2024-01-25 07:57:50,292 [s0@group-796A68A19D2E-LeaderStateImpl] DEBUG impl.WatchRequests (WatchRequests.java:updateIndex(150)) - s0@group-796A68A19D2E-WatchRequests: update MAJORITY index from 52 to 53
2024-01-25 07:57:50,291 [ForkJoinPool.commonPool-worker-3] DEBUG impl.UnorderedAsync (UnorderedAsync.java:lambda$sendRequestWithRetry$4(83)) - client-2312CCC7CA78: attempt #1 receive~ null
2024-01-25 07:57:50,295 [ForkJoinPool.commonPool-worker-3] TRACE impl.UnorderedAsync (UnorderedAsync.java:lambda$sendRequestWithRetry$4(108)) - client-2312CCC7CA78: attempt #1 failed~ RaftClientRequest:client-2312CCC7CA78->s0@group-796A68A19D2E, cid=80, seq=null, Watch-ALL_COMMITTED(26), null
org.apache.ratis.protocol.exceptions.AlreadyClosedException: client-2312CCC7CA78->s0: Stream close: no reply for async request cid=80
	at org.apache.ratis.grpc.client.GrpcClientProtocolClient$AsyncStreamObservers.completeReplyExceptionally(GrpcClientProtocolClient.java:396)
	at org.apache.ratis.grpc.client.GrpcClientProtocolClient$AsyncStreamObservers.close(GrpcClientProtocolClient.java:383)
	at org.apache.ratis.grpc.client.GrpcClientProtocolClient$AsyncStreamObservers.access$500(GrpcClientProtocolClient.java:300)
	at org.apache.ratis.grpc.client.GrpcClientProtocolClient.lambda$close$4(GrpcClientProtocolClient.java:161)
	at java.util.Optional.ifPresent(Optional.java:159)
	at org.apache.ratis.grpc.client.GrpcClientProtocolClient.close(GrpcClientProtocolClient.java:161)
	at org.apache.ratis.util.PeerProxyMap.closeProxy(PeerProxyMap.java:197)
	at org.apache.ratis.util.PeerProxyMap.lambda$resetProxy$2(PeerProxyMap.java:158)
	at java.util.Optional.map(Optional.java:215)
	at org.apache.ratis.util.PeerProxyMap.resetProxy(PeerProxyMap.java:158)
	at org.apache.ratis.util.PeerProxyMap.handleException(PeerProxyMap.java:165)
	at org.apache.ratis.client.impl.RaftClientRpcWithProxy.handleException(RaftClientRpcWithProxy.java:48)
	at org.apache.ratis.client.impl.RaftClientImpl.handleIOException(RaftClientImpl.java:445)
	at org.apache.ratis.client.impl.OrderedAsync.handleException(OrderedAsync.java:237)
	at org.apache.ratis.client.impl.OrderedAsync.lambda$sendRequestWithRetry$6(OrderedAsync.java:208)
	at java.util.concurrent.CompletableFuture.uniExceptionally(CompletableFuture.java:884)
	at java.util.concurrent.CompletableFuture$UniExceptionally.tryFire(CompletableFuture.java:866)
	at java.util.concurrent.CompletableFuture.postComplete(CompletableFuture.java:488)
	at java.util.concurrent.CompletableFuture.completeExceptionally(CompletableFuture.java:1990)
	at org.apache.ratis.grpc.client.GrpcClientProtocolClient$AsyncStreamObservers.lambda$timeoutCheck$5(GrpcClientProtocolClient.java:373)
	at java.util.Optional.ifPresent(Optional.java:159)
	at org.apache.ratis.grpc.client.GrpcClientProtocolClient$AsyncStreamObservers.handleReplyFuture(GrpcClientProtocolClient.java:378)
	at org.apache.ratis.grpc.client.GrpcClientProtocolClient$AsyncStreamObservers.timeoutCheck(GrpcClientProtocolClient.java:373)
	at org.apache.ratis.grpc.client.GrpcClientProtocolClient$AsyncStreamObservers.lambda$onNext$3(GrpcClientProtocolClient.java:366)
	at org.apache.ratis.util.TimeoutTimer.lambda$onTimeout$2(TimeoutTimer.java:101)
	at org.apache.ratis.util.LogUtils.runAndLog(LogUtils.java:38)
	at org.apache.ratis.util.LogUtils$1.run(LogUtils.java:78)
	at org.apache.ratis.util.TimeoutTimer$Task.run(TimeoutTimer.java:55)
	at java.util.TimerThread.mainLoop(Timer.java:555)
	at java.util.TimerThread.run(Timer.java:505)
2024-01-25 07:57:50,296 [ForkJoinPool.commonPool-worker-3] DEBUG client.RaftClient (RaftClientImpl.java:handleIOException(417)) - client-2312CCC7CA78: suggested new leader: null. Failed RaftClientRequest:client-2312CCC7CA78->s0@group-796A68A19D2E, cid=80, seq=null, Watch-ALL_COMMITTED(26), null
org.apache.ratis.protocol.exceptions.AlreadyClosedException: client-2312CCC7CA78->s0: Stream close: no reply for async request cid=80
	at org.apache.ratis.grpc.client.GrpcClientProtocolClient$AsyncStreamObservers.completeReplyExceptionally(GrpcClientProtocolClient.java:396)
	at org.apache.ratis.grpc.client.GrpcClientProtocolClient$AsyncStreamObservers.close(GrpcClientProtocolClient.java:383)
	at org.apache.ratis.grpc.client.GrpcClientProtocolClient$AsyncStreamObservers.access$500(GrpcClientProtocolClient.java:300)
	at org.apache.ratis.grpc.client.GrpcClientProtocolClient.lambda$close$4(GrpcClientProtocolClient.java:161)
	at java.util.Optional.ifPresent(Optional.java:159)
	at org.apache.ratis.grpc.client.GrpcClientProtocolClient.close(GrpcClientProtocolClient.java:161)
	at org.apache.ratis.util.PeerProxyMap.closeProxy(PeerProxyMap.java:197)
	at org.apache.ratis.util.PeerProxyMap.lambda$resetProxy$2(PeerProxyMap.java:158)
	at java.util.Optional.map(Optional.java:215)
	at org.apache.ratis.util.PeerProxyMap.resetProxy(PeerProxyMap.java:158)
	at org.apache.ratis.util.PeerProxyMap.handleException(PeerProxyMap.java:165)
	at org.apache.ratis.client.impl.RaftClientRpcWithProxy.handleException(RaftClientRpcWithProxy.java:48)
	at org.apache.ratis.client.impl.RaftClientImpl.handleIOException(RaftClientImpl.java:445)
	at org.apache.ratis.client.impl.OrderedAsync.handleException(OrderedAsync.java:237)
	at org.apache.ratis.client.impl.OrderedAsync.lambda$sendRequestWithRetry$6(OrderedAsync.java:208)
	at java.util.concurrent.CompletableFuture.uniExceptionally(CompletableFuture.java:884)
	at java.util.concurrent.CompletableFuture$UniExceptionally.tryFire(CompletableFuture.java:866)
	at java.util.concurrent.CompletableFuture.postComplete(CompletableFuture.java:488)
	at java.util.concurrent.CompletableFuture.completeExceptionally(CompletableFuture.java:1990)
	at org.apache.ratis.grpc.client.GrpcClientProtocolClient$AsyncStreamObservers.lambda$timeoutCheck$5(GrpcClientProtocolClient.java:373)
	at java.util.Optional.ifPresent(Optional.java:159)
	at org.apache.ratis.grpc.client.GrpcClientProtocolClient$AsyncStreamObservers.handleReplyFuture(GrpcClientProtocolClient.java:378)
	at org.apache.ratis.grpc.client.GrpcClientProtocolClient$AsyncStreamObservers.timeoutCheck(GrpcClientProtocolClient.java:373)
	at org.apache.ratis.grpc.client.GrpcClientProtocolClient$AsyncStreamObservers.lambda$onNext$3(GrpcClientProtocolClient.java:366)
	at org.apache.ratis.util.TimeoutTimer.lambda$onTimeout$2(TimeoutTimer.java:101)
	at org.apache.ratis.util.LogUtils.runAndLog(LogUtils.java:38)
	at org.apache.ratis.util.LogUtils$1.run(LogUtils.java:78)
	at org.apache.ratis.util.TimeoutTimer$Task.run(TimeoutTimer.java:55)
	at java.util.TimerThread.mainLoop(Timer.java:555)
	at java.util.TimerThread.run(Timer.java:505)
2024-01-25 07:57:50,296 [ForkJoinPool.commonPool-worker-3] TRACE client.RaftClient (RaftClientImpl.java:handleIOException(419)) - Stack trace
java.lang.Throwable: TRACE
	at org.apache.ratis.client.impl.RaftClientImpl.handleIOException(RaftClientImpl.java:419)
	at org.apache.ratis.client.impl.RaftClientImpl.handleIOException(RaftClientImpl.java:412)
	at org.apache.ratis.client.impl.UnorderedAsync.lambda$sendRequestWithRetry$4(UnorderedAsync.java:121)
	at java.util.concurrent.CompletableFuture.uniWhenComplete(CompletableFuture.java:774)
	at java.util.concurrent.CompletableFuture$UniWhenComplete.tryFire(CompletableFuture.java:750)
	at java.util.concurrent.CompletableFuture$Completion.exec(CompletableFuture.java:457)
	at java.util.concurrent.ForkJoinTask.doExec(ForkJoinTask.java:289)
	at java.util.concurrent.ForkJoinPool$WorkQueue.runTask(ForkJoinPool.java:1056)
	at java.util.concurrent.ForkJoinPool.runWorker(ForkJoinPool.java:1692)
	at java.util.concurrent.ForkJoinWorkerThread.run(ForkJoinWorkerThread.java:175)
2024-01-25 07:57:50,296 [ForkJoinPool.commonPool-worker-3] DEBUG client.RaftClient (RaftClientImpl.java:handleIOException(435)) - client-2312CCC7CA78: oldLeader=s0,  curLeader=s2, newLeader=null
2024-01-25 07:57:50,296 [grpc-default-executor-6] DEBUG impl.WatchRequests (WatchRequests.java:updateIndex(150)) - s0@group-796A68A19D2E-WatchRequests: update MAJORITY_COMMITTED index from 48 to 50
2024-01-25 07:57:50,296 [s0@group-796A68A19D2E-LeaderStateImpl] DEBUG impl.WatchRequests (WatchRequests.java:updateIndex(150)) - s0@group-796A68A19D2E-WatchRequests: update MAJORITY index from 53 to 54
2024-01-25 07:57:50,296 [ForkJoinPool.commonPool-worker-3] DEBUG impl.UnorderedAsync (UnorderedAsync.java:lambda$sendRequestWithRetry$4(132)) - schedule~ attempt #1 with sleep 100ms and policy RetryForeverWithSleep(sleepTime = 100ms) for RaftClientRequest:client-2312CCC7CA78->s0@group-796A68A19D2E, cid=80, seq=null, Watch-ALL_COMMITTED(26), null
2024-01-25 07:57:50,297 [s0@group-796A68A19D2E-LeaderStateImpl] DEBUG impl.WatchRequests (WatchRequests.java:updateIndex(150)) - s0@group-796A68A19D2E-WatchRequests: update MAJORITY index from 54 to 56
2024-01-25 07:57:50,297 [s0@group-796A68A19D2E-StateMachineUpdater] INFO  impl.SimpleStateMachine4Testing (SimpleStateMachine4Testing.java:applyTransaction(248)) - applyTransaction for log index 56
2024-01-25 07:57:50,297 [s0@group-796A68A19D2E-StateMachineUpdater] INFO  impl.SimpleStateMachine4Testing (SimpleStateMachine4Testing.java:put(205)) - s0: put 56, m18 -> (t:3, i:56), STATEMACHINELOGENTRY, 75@client-2312CCC7CA78
2024-01-25 07:57:50,297 [s0@group-796A68A19D2E-LeaderStateImpl] DEBUG impl.WatchRequests (WatchRequests.java:updateIndex(150)) - s0@group-796A68A19D2E-WatchRequests: update MAJORITY index from 56 to 57
2024-01-25 07:57:50,297 [s0@group-796A68A19D2E-StateMachineUpdater] INFO  impl.SimpleStateMachine4Testing (SimpleStateMachine4Testing.java:applyTransaction(248)) - applyTransaction for log index 57
2024-01-25 07:57:50,297 [s0@group-796A68A19D2E-StateMachineUpdater] INFO  impl.SimpleStateMachine4Testing (SimpleStateMachine4Testing.java:put(205)) - s0: put 57, m19 -> (t:3, i:57), STATEMACHINELOGENTRY, 76@client-2312CCC7CA78
2024-01-25 07:57:50,299 [s1-server-thread1] DEBUG server.RaftServer$Division (RaftServerImpl.java:logAppendEntries(1520)) - s1@group-796A68A19D2E: receive appendEntries(s0, 3, (t:3, i:57), 57, false, commits:[s0:c57, s1:c50, s2:c25], cId:137, entries: [(t:3, i:58), METADATAENTRY(c:56), (t:3, i:59), METADATAENTRY(c:57)]
2024-01-25 07:57:50,299 [s1-server-thread1] DEBUG server.RaftServer$Division (RaftServerImpl.java:logAppendEntries(1520)) - s1@group-796A68A19D2E: succeeded to handle AppendEntries. Reply: s0<-s1#137:OK-t3,SUCCESS,nextIndex=60,followerCommit=57,matchIndex=59
2024-01-25 07:57:50,299 [s1@group-796A68A19D2E-StateMachineUpdater] INFO  impl.SimpleStateMachine4Testing (SimpleStateMachine4Testing.java:applyTransaction(248)) - applyTransaction for log index 51
2024-01-25 07:57:50,299 [s1@group-796A68A19D2E-StateMachineUpdater] INFO  impl.SimpleStateMachine4Testing (SimpleStateMachine4Testing.java:put(205)) - s1: put 51, m17 -> (t:3, i:51), STATEMACHINELOGENTRY, 74@client-2312CCC7CA78
2024-01-25 07:57:50,300 [s1@group-796A68A19D2E-StateMachineUpdater] INFO  impl.SimpleStateMachine4Testing (SimpleStateMachine4Testing.java:applyTransaction(248)) - applyTransaction for log index 56
2024-01-25 07:57:50,300 [s1@group-796A68A19D2E-StateMachineUpdater] INFO  impl.SimpleStateMachine4Testing (SimpleStateMachine4Testing.java:put(205)) - s1: put 56, m18 -> (t:3, i:56), STATEMACHINELOGENTRY, 75@client-2312CCC7CA78
2024-01-25 07:57:50,300 [s1@group-796A68A19D2E-StateMachineUpdater] INFO  impl.SimpleStateMachine4Testing (SimpleStateMachine4Testing.java:applyTransaction(248)) - applyTransaction for log index 57
2024-01-25 07:57:50,300 [s1@group-796A68A19D2E-StateMachineUpdater] INFO  impl.SimpleStateMachine4Testing (SimpleStateMachine4Testing.java:put(205)) - s1: put 57, m19 -> (t:3, i:57), STATEMACHINELOGENTRY, 76@client-2312CCC7CA78
2024-01-25 07:57:50,305 [grpc-default-executor-3] DEBUG impl.WatchRequests (WatchRequests.java:updateIndex(150)) - s0@group-796A68A19D2E-WatchRequests: update MAJORITY_COMMITTED index from 50 to 57
2024-01-25 07:57:50,306 [s0@group-796A68A19D2E-LeaderStateImpl] DEBUG impl.WatchRequests (WatchRequests.java:updateIndex(150)) - s0@group-796A68A19D2E-WatchRequests: update MAJORITY index from 57 to 59
2024-01-25 07:57:50,382 [timer5] DEBUG client.RaftClient (RaftClientImpl.java:get(158)) - client-2312CCC7CA78: get 58 returns []
2024-01-25 07:57:50,382 [timer5] DEBUG client.RaftClient (RaftClientImpl.java:newRequest(95)) - attempt #3, newRequest RaftClientRequest:client-2312CCC7CA78->s2@group-796A68A19D2E, cid=58, seq=14*, RW, m1
2024-01-25 07:57:50,385 [grpc-default-executor-8] DEBUG impl.WatchRequests (WatchRequests.java:updateIndex(150)) - s0@group-796A68A19D2E-WatchRequests: update MAJORITY_COMMITTED index from 57 to 59
2024-01-25 07:57:50,390 [s2-client-thread2] DEBUG server.RaftServer$Division (RaftServerImpl.java:submitClientRequestAsync(880)) - s2@group-796A68A19D2E: receive client request(RaftClientRequest:client-2312CCC7CA78->s2@group-796A68A19D2E, cid=58, seq=14*, RW, Message:6d31)
2024-01-25 07:57:50,392 [grpc-default-executor-8] ERROR impl.OrderedAsync (OrderedAsync.java:lambda$sendRequestWithRetry$6(207)) - client-2312CCC7CA78: Failed* RaftClientRequest:client-2312CCC7CA78->s2@group-796A68A19D2E, cid=58, seq=14*, RW, m1
java.util.concurrent.CompletionException: org.apache.ratis.protocol.exceptions.NotLeaderException: Server s2@group-796A68A19D2E is not the leader s0|localhost:15000
	at java.util.concurrent.CompletableFuture.encodeThrowable(CompletableFuture.java:292)
	at java.util.concurrent.CompletableFuture.completeThrowable(CompletableFuture.java:308)
	at java.util.concurrent.CompletableFuture.uniAccept(CompletableFuture.java:661)
	at java.util.concurrent.CompletableFuture$UniAccept.tryFire(CompletableFuture.java:646)
	at java.util.concurrent.CompletableFuture.postComplete(CompletableFuture.java:488)
	at java.util.concurrent.CompletableFuture.completeExceptionally(CompletableFuture.java:1990)
	at org.apache.ratis.grpc.client.GrpcClientProtocolClient$AsyncStreamObservers.completeReplyExceptionally(GrpcClientProtocolClient.java:394)
	at org.apache.ratis.grpc.client.GrpcClientProtocolClient$AsyncStreamObservers.access$000(GrpcClientProtocolClient.java:300)
	at org.apache.ratis.grpc.client.GrpcClientProtocolClient$AsyncStreamObservers$1.onNext(GrpcClientProtocolClient.java:314)
	at org.apache.ratis.grpc.client.GrpcClientProtocolClient$AsyncStreamObservers$1.onNext(GrpcClientProtocolClient.java:305)
	at org.apache.ratis.thirdparty.io.grpc.stub.ClientCalls$StreamObserverToCallListenerAdapter.onMessage(ClientCalls.java:468)
	at org.apache.ratis.thirdparty.io.grpc.ForwardingClientCallListener.onMessage(ForwardingClientCallListener.java:33)
	at org.apache.ratis.thirdparty.io.grpc.internal.DelayedClientCall$DelayedListener.onMessage(DelayedClientCall.java:473)
	at org.apache.ratis.thirdparty.io.grpc.internal.ClientCallImpl$ClientStreamListenerImpl$1MessagesAvailable.runInternal(ClientCallImpl.java:660)
	at org.apache.ratis.thirdparty.io.grpc.internal.ClientCallImpl$ClientStreamListenerImpl$1MessagesAvailable.runInContext(ClientCallImpl.java:647)
	at org.apache.ratis.thirdparty.io.grpc.internal.ContextRunnable.run(ContextRunnable.java:37)
	at org.apache.ratis.thirdparty.io.grpc.internal.SerializingExecutor.run(SerializingExecutor.java:133)
	at java.util.concurrent.ThreadPoolExecutor.runWorker(ThreadPoolExecutor.java:1149)
	at java.util.concurrent.ThreadPoolExecutor$Worker.run(ThreadPoolExecutor.java:624)
	at java.lang.Thread.run(Thread.java:750)
Caused by: org.apache.ratis.protocol.exceptions.NotLeaderException: Server s2@group-796A68A19D2E is not the leader s0|localhost:15000
	at org.apache.ratis.client.impl.ClientProtoUtils.toRaftClientReply(ClientProtoUtils.java:397)
	at org.apache.ratis.grpc.client.GrpcClientProtocolClient$AsyncStreamObservers$1.onNext(GrpcClientProtocolClient.java:310)
	... 11 more
2024-01-25 07:57:50,392 [grpc-default-executor-8] DEBUG client.RaftClient (RaftClientImpl.java:handleIOException(417)) - client-2312CCC7CA78: suggested new leader: s0. Failed RaftClientRequest:client-2312CCC7CA78->s2@group-796A68A19D2E, cid=58, seq=14*, RW, m1
org.apache.ratis.protocol.exceptions.NotLeaderException: Server s2@group-796A68A19D2E is not the leader s0|localhost:15000
	at org.apache.ratis.client.impl.ClientProtoUtils.toRaftClientReply(ClientProtoUtils.java:397)
	at org.apache.ratis.grpc.client.GrpcClientProtocolClient$AsyncStreamObservers$1.onNext(GrpcClientProtocolClient.java:310)
	at org.apache.ratis.grpc.client.GrpcClientProtocolClient$AsyncStreamObservers$1.onNext(GrpcClientProtocolClient.java:305)
	at org.apache.ratis.thirdparty.io.grpc.stub.ClientCalls$StreamObserverToCallListenerAdapter.onMessage(ClientCalls.java:468)
	at org.apache.ratis.thirdparty.io.grpc.ForwardingClientCallListener.onMessage(ForwardingClientCallListener.java:33)
	at org.apache.ratis.thirdparty.io.grpc.internal.DelayedClientCall$DelayedListener.onMessage(DelayedClientCall.java:473)
	at org.apache.ratis.thirdparty.io.grpc.internal.ClientCallImpl$ClientStreamListenerImpl$1MessagesAvailable.runInternal(ClientCallImpl.java:660)
	at org.apache.ratis.thirdparty.io.grpc.internal.ClientCallImpl$ClientStreamListenerImpl$1MessagesAvailable.runInContext(ClientCallImpl.java:647)
	at org.apache.ratis.thirdparty.io.grpc.internal.ContextRunnable.run(ContextRunnable.java:37)
	at org.apache.ratis.thirdparty.io.grpc.internal.SerializingExecutor.run(SerializingExecutor.java:133)
	at java.util.concurrent.ThreadPoolExecutor.runWorker(ThreadPoolExecutor.java:1149)
	at java.util.concurrent.ThreadPoolExecutor$Worker.run(ThreadPoolExecutor.java:624)
	at java.lang.Thread.run(Thread.java:750)
2024-01-25 07:57:50,392 [grpc-default-executor-8] TRACE client.RaftClient (RaftClientImpl.java:handleIOException(419)) - Stack trace
java.lang.Throwable: TRACE
	at org.apache.ratis.client.impl.RaftClientImpl.handleIOException(RaftClientImpl.java:419)
	at org.apache.ratis.client.impl.RaftClientImpl.handleNotLeaderException(RaftClientImpl.java:399)
	at org.apache.ratis.client.impl.OrderedAsync.handleException(OrderedAsync.java:235)
	at org.apache.ratis.client.impl.OrderedAsync.lambda$sendRequestWithRetry$6(OrderedAsync.java:208)
	at java.util.concurrent.CompletableFuture.uniExceptionally(CompletableFuture.java:884)
	at java.util.concurrent.CompletableFuture$UniExceptionally.tryFire(CompletableFuture.java:866)
	at java.util.concurrent.CompletableFuture.postComplete(CompletableFuture.java:488)
	at java.util.concurrent.CompletableFuture.completeExceptionally(CompletableFuture.java:1990)
	at org.apache.ratis.grpc.client.GrpcClientProtocolClient$AsyncStreamObservers.completeReplyExceptionally(GrpcClientProtocolClient.java:394)
	at org.apache.ratis.grpc.client.GrpcClientProtocolClient$AsyncStreamObservers.access$000(GrpcClientProtocolClient.java:300)
	at org.apache.ratis.grpc.client.GrpcClientProtocolClient$AsyncStreamObservers$1.onNext(GrpcClientProtocolClient.java:314)
	at org.apache.ratis.grpc.client.GrpcClientProtocolClient$AsyncStreamObservers$1.onNext(GrpcClientProtocolClient.java:305)
	at org.apache.ratis.thirdparty.io.grpc.stub.ClientCalls$StreamObserverToCallListenerAdapter.onMessage(ClientCalls.java:468)
	at org.apache.ratis.thirdparty.io.grpc.ForwardingClientCallListener.onMessage(ForwardingClientCallListener.java:33)
	at org.apache.ratis.thirdparty.io.grpc.internal.DelayedClientCall$DelayedListener.onMessage(DelayedClientCall.java:473)
	at org.apache.ratis.thirdparty.io.grpc.internal.ClientCallImpl$ClientStreamListenerImpl$1MessagesAvailable.runInternal(ClientCallImpl.java:660)
	at org.apache.ratis.thirdparty.io.grpc.internal.ClientCallImpl$ClientStreamListenerImpl$1MessagesAvailable.runInContext(ClientCallImpl.java:647)
	at org.apache.ratis.thirdparty.io.grpc.internal.ContextRunnable.run(ContextRunnable.java:37)
	at org.apache.ratis.thirdparty.io.grpc.internal.SerializingExecutor.run(SerializingExecutor.java:133)
	at java.util.concurrent.ThreadPoolExecutor.runWorker(ThreadPoolExecutor.java:1149)
	at java.util.concurrent.ThreadPoolExecutor$Worker.run(ThreadPoolExecutor.java:624)
	at java.lang.Thread.run(Thread.java:750)
2024-01-25 07:57:50,392 [grpc-default-executor-8] DEBUG client.RaftClient (RaftClientImpl.java:handleIOException(435)) - client-2312CCC7CA78: oldLeader=s2,  curLeader=s2, newLeader=s0
2024-01-25 07:57:50,392 [grpc-default-executor-8] DEBUG client.RaftClient (RaftClientImpl.java:handleIOException(441)) - client-2312CCC7CA78 changes Leader from s2 to s0 for group-796A68A19D2E
org.apache.ratis.protocol.exceptions.NotLeaderException: Server s2@group-796A68A19D2E is not the leader s0|localhost:15000
	at org.apache.ratis.client.impl.ClientProtoUtils.toRaftClientReply(ClientProtoUtils.java:397)
	at org.apache.ratis.grpc.client.GrpcClientProtocolClient$AsyncStreamObservers$1.onNext(GrpcClientProtocolClient.java:310)
	at org.apache.ratis.grpc.client.GrpcClientProtocolClient$AsyncStreamObservers$1.onNext(GrpcClientProtocolClient.java:305)
	at org.apache.ratis.thirdparty.io.grpc.stub.ClientCalls$StreamObserverToCallListenerAdapter.onMessage(ClientCalls.java:468)
	at org.apache.ratis.thirdparty.io.grpc.ForwardingClientCallListener.onMessage(ForwardingClientCallListener.java:33)
	at org.apache.ratis.thirdparty.io.grpc.internal.DelayedClientCall$DelayedListener.onMessage(DelayedClientCall.java:473)
	at org.apache.ratis.thirdparty.io.grpc.internal.ClientCallImpl$ClientStreamListenerImpl$1MessagesAvailable.runInternal(ClientCallImpl.java:660)
	at org.apache.ratis.thirdparty.io.grpc.internal.ClientCallImpl$ClientStreamListenerImpl$1MessagesAvailable.runInContext(ClientCallImpl.java:647)
	at org.apache.ratis.thirdparty.io.grpc.internal.ContextRunnable.run(ContextRunnable.java:37)
	at org.apache.ratis.thirdparty.io.grpc.internal.SerializingExecutor.run(SerializingExecutor.java:133)
	at java.util.concurrent.ThreadPoolExecutor.runWorker(ThreadPoolExecutor.java:1149)
	at java.util.concurrent.ThreadPoolExecutor$Worker.run(ThreadPoolExecutor.java:624)
	at java.lang.Thread.run(Thread.java:750)
2024-01-25 07:57:50,394 [timer5] DEBUG client.RaftClient (RaftClientImpl.java:get(158)) - client-2312CCC7CA78: get 78 returns []
2024-01-25 07:57:50,394 [timer5] DEBUG client.RaftClient (RaftClientImpl.java:newRequest(95)) - attempt #2, newRequest RaftClientRequest:client-2312CCC7CA78->s0@group-796A68A19D2E, cid=78, seq=null, Watch-ALL(26), null
2024-01-25 07:57:50,394 [timer5] DEBUG impl.UnorderedAsync (UnorderedAsync.java:sendRequestWithRetry(80)) - client-2312CCC7CA78: attempt #2 send~ RaftClientRequest:client-2312CCC7CA78->s0@group-796A68A19D2E, cid=78, seq=null, Watch-ALL(26), null
2024-01-25 07:57:50,397 [timer5] DEBUG client.RaftClient (RaftClientImpl.java:get(158)) - client-2312CCC7CA78: get 58 returns []
2024-01-25 07:57:50,397 [timer5] DEBUG client.RaftClient (RaftClientImpl.java:newRequest(95)) - attempt #4, newRequest RaftClientRequest:client-2312CCC7CA78->s0@group-796A68A19D2E, cid=58, seq=14*, RW, m1
2024-01-25 07:57:50,401 [timer0] DEBUG client.RaftClient (RaftClientImpl.java:get(158)) - client-2312CCC7CA78: get 80 returns []
2024-01-25 07:57:50,401 [timer0] DEBUG client.RaftClient (RaftClientImpl.java:newRequest(95)) - attempt #2, newRequest RaftClientRequest:client-2312CCC7CA78->s0@group-796A68A19D2E, cid=80, seq=null, Watch-ALL_COMMITTED(26), null
2024-01-25 07:57:50,401 [timer0] DEBUG impl.UnorderedAsync (UnorderedAsync.java:sendRequestWithRetry(80)) - client-2312CCC7CA78: attempt #2 send~ RaftClientRequest:client-2312CCC7CA78->s0@group-796A68A19D2E, cid=80, seq=null, Watch-ALL_COMMITTED(26), null
2024-01-25 07:57:50,407 [s0-client-thread2] DEBUG server.RaftServer$Division (RaftServerImpl.java:submitClientRequestAsync(880)) - s0@group-796A68A19D2E: receive client request(RaftClientRequest:client-2312CCC7CA78->s0@group-796A68A19D2E, cid=58, seq=14*, RW, Message:6d31)
2024-01-25 07:57:50,407 [s0-client-thread1] DEBUG server.RaftServer$Division (RaftServerImpl.java:submitClientRequestAsync(880)) - s0@group-796A68A19D2E: receive client request(RaftClientRequest:client-2312CCC7CA78->s0@group-796A68A19D2E, cid=78, seq=null, Watch-ALL(26), Message:<EMPTY>)
2024-01-25 07:57:50,407 [s0-client-thread1] DEBUG server.RaftServer$Division (LeaderStateImpl.java:addWatchRequest(552)) - s0@group-796A68A19D2E-LeaderStateImpl: addWatchRequest RaftClientRequest:client-2312CCC7CA78->s0@group-796A68A19D2E, cid=78, seq=null, Watch-ALL(26), Message:<EMPTY>
2024-01-25 07:57:50,408 [s0-client-thread1] DEBUG server.RaftServer$Division (RaftServerImpl.java:submitClientRequestAsync(880)) - s0@group-796A68A19D2E: receive client request(RaftClientRequest:client-2312CCC7CA78->s0@group-796A68A19D2E, cid=80, seq=null, Watch-ALL_COMMITTED(26), Message:<EMPTY>)
2024-01-25 07:57:50,408 [s0-client-thread1] DEBUG server.RaftServer$Division (LeaderStateImpl.java:addWatchRequest(552)) - s0@group-796A68A19D2E-LeaderStateImpl: addWatchRequest RaftClientRequest:client-2312CCC7CA78->s0@group-796A68A19D2E, cid=80, seq=null, Watch-ALL_COMMITTED(26), Message:<EMPTY>
2024-01-25 07:57:50,408 [grpc-default-executor-9] DEBUG client.RaftClient (RaftClientImpl.java:add(146)) - client-2312CCC7CA78: add replied callId 58
2024-01-25 07:57:50,408 [grpc-default-executor-9] INFO  grpc.TestWatchRequestWithGrpc (WatchRequestTests.java:lambda$sendRequests$0(113)) - SEND_WATCH: message=m1, logIndex=28
2024-01-25 07:57:50,409 [grpc-default-executor-9] DEBUG client.RaftClient (RaftClientImpl.java:get(158)) - client-2312CCC7CA78: get 81 returns [58]
2024-01-25 07:57:50,409 [grpc-default-executor-9] DEBUG client.RaftClient (RaftClientImpl.java:newRequest(95)) - attempt #1, newRequest RaftClientRequest:client-2312CCC7CA78->s0@group-796A68A19D2E, cid=81, seq=null, Watch(28), null
2024-01-25 07:57:50,409 [grpc-default-executor-9] DEBUG impl.UnorderedAsync (UnorderedAsync.java:sendRequestWithRetry(80)) - client-2312CCC7CA78: attempt #1 send~ RaftClientRequest:client-2312CCC7CA78->s0@group-796A68A19D2E, cid=81, seq=null, Watch(28), null
2024-01-25 07:57:50,409 [grpc-default-executor-9] DEBUG client.RaftClient (RaftClientImpl.java:get(158)) - client-2312CCC7CA78: get 82 returns []
2024-01-25 07:57:50,409 [grpc-default-executor-9] DEBUG client.RaftClient (RaftClientImpl.java:newRequest(95)) - attempt #1, newRequest RaftClientRequest:client-2312CCC7CA78->s0@group-796A68A19D2E, cid=82, seq=null, Watch-ALL(28), null
2024-01-25 07:57:50,409 [grpc-default-executor-9] DEBUG impl.UnorderedAsync (UnorderedAsync.java:sendRequestWithRetry(80)) - client-2312CCC7CA78: attempt #1 send~ RaftClientRequest:client-2312CCC7CA78->s0@group-796A68A19D2E, cid=82, seq=null, Watch-ALL(28), null
2024-01-25 07:57:50,409 [grpc-default-executor-9] DEBUG client.RaftClient (RaftClientImpl.java:get(158)) - client-2312CCC7CA78: get 83 returns []
2024-01-25 07:57:50,410 [grpc-default-executor-9] DEBUG client.RaftClient (RaftClientImpl.java:newRequest(95)) - attempt #1, newRequest RaftClientRequest:client-2312CCC7CA78->s0@group-796A68A19D2E, cid=83, seq=null, Watch-MAJORITY_COMMITTED(28), null
2024-01-25 07:57:50,410 [grpc-default-executor-9] DEBUG impl.UnorderedAsync (UnorderedAsync.java:sendRequestWithRetry(80)) - client-2312CCC7CA78: attempt #1 send~ RaftClientRequest:client-2312CCC7CA78->s0@group-796A68A19D2E, cid=83, seq=null, Watch-MAJORITY_COMMITTED(28), null
2024-01-25 07:57:50,410 [grpc-default-executor-9] DEBUG client.RaftClient (RaftClientImpl.java:get(158)) - client-2312CCC7CA78: get 84 returns []
2024-01-25 07:57:50,410 [grpc-default-executor-9] DEBUG client.RaftClient (RaftClientImpl.java:newRequest(95)) - attempt #1, newRequest RaftClientRequest:client-2312CCC7CA78->s0@group-796A68A19D2E, cid=84, seq=null, Watch-ALL_COMMITTED(28), null
2024-01-25 07:57:50,410 [grpc-default-executor-9] DEBUG impl.UnorderedAsync (UnorderedAsync.java:sendRequestWithRetry(80)) - client-2312CCC7CA78: attempt #1 send~ RaftClientRequest:client-2312CCC7CA78->s0@group-796A68A19D2E, cid=84, seq=null, Watch-ALL_COMMITTED(28), null
2024-01-25 07:57:50,410 [grpc-default-executor-9] DEBUG client.RaftClient (RaftClientImpl.java:get(158)) - client-2312CCC7CA78: get 59 returns []
2024-01-25 07:57:50,410 [grpc-default-executor-9] DEBUG client.RaftClient (RaftClientImpl.java:newRequest(95)) - attempt #3, newRequest RaftClientRequest:client-2312CCC7CA78->s0@group-796A68A19D2E, cid=59, seq=15, RW, m2
2024-01-25 07:57:50,410 [Time-limited test] INFO  grpc.TestWatchRequestWithGrpc (WatchRequestTests.java:checkMajority(275)) - checkMajority 1: receive RaftClientReply:client-2312CCC7CA78->s0@group-796A68A19D2E, cid=58, SUCCESS, logIndex=28, commits[s0:c28, s1:c27, s2:c25]
2024-01-25 07:57:50,411 [grpc-default-executor-9] DEBUG client.RaftClient (RaftClientImpl.java:get(158)) - client-2312CCC7CA78: get 61 returns []
2024-01-25 07:57:50,411 [grpc-default-executor-9] DEBUG client.RaftClient (RaftClientImpl.java:newRequest(95)) - attempt #3, newRequest RaftClientRequest:client-2312CCC7CA78->s0@group-796A68A19D2E, cid=61, seq=17, RW, m4
2024-01-25 07:57:50,411 [s0-client-thread1] DEBUG server.RaftServer$Division (RaftServerImpl.java:submitClientRequestAsync(880)) - s0@group-796A68A19D2E: receive client request(RaftClientRequest:client-2312CCC7CA78->s0@group-796A68A19D2E, cid=81, seq=null, Watch(28), Message:<EMPTY>)
2024-01-25 07:57:50,411 [grpc-default-executor-9] DEBUG client.RaftClient (RaftClientImpl.java:get(158)) - client-2312CCC7CA78: get 62 returns []
2024-01-25 07:57:50,411 [s0-client-thread1] DEBUG server.RaftServer$Division (LeaderStateImpl.java:addWatchRequest(552)) - s0@group-796A68A19D2E-LeaderStateImpl: addWatchRequest RaftClientRequest:client-2312CCC7CA78->s0@group-796A68A19D2E, cid=81, seq=null, Watch(28), Message:<EMPTY>
2024-01-25 07:57:50,411 [grpc-default-executor-9] DEBUG client.RaftClient (RaftClientImpl.java:newRequest(95)) - attempt #3, newRequest RaftClientRequest:client-2312CCC7CA78->s0@group-796A68A19D2E, cid=62, seq=18, RW, m5
2024-01-25 07:57:50,411 [grpc-default-executor-9] DEBUG client.RaftClient (RaftClientImpl.java:get(158)) - client-2312CCC7CA78: get 63 returns []
2024-01-25 07:57:50,411 [grpc-default-executor-9] DEBUG client.RaftClient (RaftClientImpl.java:newRequest(95)) - attempt #3, newRequest RaftClientRequest:client-2312CCC7CA78->s0@group-796A68A19D2E, cid=63, seq=19, RW, m6
2024-01-25 07:57:50,412 [grpc-default-executor-9] DEBUG client.RaftClient (RaftClientImpl.java:get(158)) - client-2312CCC7CA78: get 64 returns []
2024-01-25 07:57:50,412 [grpc-default-executor-9] DEBUG client.RaftClient (RaftClientImpl.java:newRequest(95)) - attempt #3, newRequest RaftClientRequest:client-2312CCC7CA78->s0@group-796A68A19D2E, cid=64, seq=20, RW, m7
2024-01-25 07:57:50,412 [grpc-default-executor-9] DEBUG client.RaftClient (RaftClientImpl.java:get(158)) - client-2312CCC7CA78: get 65 returns []
2024-01-25 07:57:50,412 [s0-client-thread1] DEBUG server.RaftServer$Division (RaftServerImpl.java:submitClientRequestAsync(880)) - s0@group-796A68A19D2E: receive client request(RaftClientRequest:client-2312CCC7CA78->s0@group-796A68A19D2E, cid=59, seq=15, RW, Message:6d32)
2024-01-25 07:57:50,413 [s0-client-thread1] DEBUG server.RaftServer$Division (RaftServerImpl.java:submitClientRequestAsync(880)) - s0@group-796A68A19D2E: receive client request(RaftClientRequest:client-2312CCC7CA78->s0@group-796A68A19D2E, cid=82, seq=null, Watch-ALL(28), Message:<EMPTY>)
2024-01-25 07:57:50,413 [s0-client-thread1] DEBUG server.RaftServer$Division (LeaderStateImpl.java:addWatchRequest(552)) - s0@group-796A68A19D2E-LeaderStateImpl: addWatchRequest RaftClientRequest:client-2312CCC7CA78->s0@group-796A68A19D2E, cid=82, seq=null, Watch-ALL(28), Message:<EMPTY>
2024-01-25 07:57:50,412 [grpc-default-executor-9] DEBUG client.RaftClient (RaftClientImpl.java:newRequest(95)) - attempt #3, newRequest RaftClientRequest:client-2312CCC7CA78->s0@group-796A68A19D2E, cid=65, seq=21, RW, m8
2024-01-25 07:57:50,413 [s0-client-thread1] DEBUG server.RaftServer$Division (RaftServerImpl.java:submitClientRequestAsync(880)) - s0@group-796A68A19D2E: receive client request(RaftClientRequest:client-2312CCC7CA78->s0@group-796A68A19D2E, cid=83, seq=null, Watch-MAJORITY_COMMITTED(28), Message:<EMPTY>)
2024-01-25 07:57:50,413 [s0-client-thread1] DEBUG server.RaftServer$Division (LeaderStateImpl.java:addWatchRequest(552)) - s0@group-796A68A19D2E-LeaderStateImpl: addWatchRequest RaftClientRequest:client-2312CCC7CA78->s0@group-796A68A19D2E, cid=83, seq=null, Watch-MAJORITY_COMMITTED(28), Message:<EMPTY>
2024-01-25 07:57:50,414 [s0-client-thread1] DEBUG server.RaftServer$Division (RaftServerImpl.java:submitClientRequestAsync(880)) - s0@group-796A68A19D2E: receive client request(RaftClientRequest:client-2312CCC7CA78->s0@group-796A68A19D2E, cid=84, seq=null, Watch-ALL_COMMITTED(28), Message:<EMPTY>)
2024-01-25 07:57:50,414 [s0-client-thread1] DEBUG server.RaftServer$Division (LeaderStateImpl.java:addWatchRequest(552)) - s0@group-796A68A19D2E-LeaderStateImpl: addWatchRequest RaftClientRequest:client-2312CCC7CA78->s0@group-796A68A19D2E, cid=84, seq=null, Watch-ALL_COMMITTED(28), Message:<EMPTY>
2024-01-25 07:57:50,414 [grpc-default-executor-9] DEBUG client.RaftClient (RaftClientImpl.java:get(158)) - client-2312CCC7CA78: get 67 returns []
2024-01-25 07:57:50,414 [grpc-default-executor-9] DEBUG client.RaftClient (RaftClientImpl.java:newRequest(95)) - attempt #3, newRequest RaftClientRequest:client-2312CCC7CA78->s0@group-796A68A19D2E, cid=67, seq=23, RW, m10
2024-01-25 07:57:50,414 [grpc-default-executor-9] DEBUG client.RaftClient (RaftClientImpl.java:get(158)) - client-2312CCC7CA78: get 69 returns []
2024-01-25 07:57:50,414 [grpc-default-executor-9] DEBUG client.RaftClient (RaftClientImpl.java:newRequest(95)) - attempt #3, newRequest RaftClientRequest:client-2312CCC7CA78->s0@group-796A68A19D2E, cid=69, seq=25, RW, m12
2024-01-25 07:57:50,415 [grpc-default-executor-9] DEBUG client.RaftClient (RaftClientImpl.java:get(158)) - client-2312CCC7CA78: get 70 returns []
2024-01-25 07:57:50,415 [grpc-default-executor-9] DEBUG client.RaftClient (RaftClientImpl.java:newRequest(95)) - attempt #3, newRequest RaftClientRequest:client-2312CCC7CA78->s0@group-796A68A19D2E, cid=70, seq=26, RW, m13
2024-01-25 07:57:50,415 [grpc-default-executor-9] DEBUG client.RaftClient (RaftClientImpl.java:get(158)) - client-2312CCC7CA78: get 71 returns []
2024-01-25 07:57:50,415 [grpc-default-executor-9] DEBUG client.RaftClient (RaftClientImpl.java:newRequest(95)) - attempt #3, newRequest RaftClientRequest:client-2312CCC7CA78->s0@group-796A68A19D2E, cid=71, seq=27, RW, m14
2024-01-25 07:57:50,415 [grpc-default-executor-9] DEBUG client.RaftClient (RaftClientImpl.java:get(158)) - client-2312CCC7CA78: get 72 returns []
2024-01-25 07:57:50,415 [grpc-default-executor-9] DEBUG client.RaftClient (RaftClientImpl.java:newRequest(95)) - attempt #3, newRequest RaftClientRequest:client-2312CCC7CA78->s0@group-796A68A19D2E, cid=72, seq=28, RW, m15
2024-01-25 07:57:50,415 [grpc-default-executor-9] DEBUG client.RaftClient (RaftClientImpl.java:get(158)) - client-2312CCC7CA78: get 73 returns []
2024-01-25 07:57:50,415 [grpc-default-executor-9] DEBUG client.RaftClient (RaftClientImpl.java:newRequest(95)) - attempt #3, newRequest RaftClientRequest:client-2312CCC7CA78->s0@group-796A68A19D2E, cid=73, seq=29, RW, m16
2024-01-25 07:57:50,415 [grpc-default-executor-9] DEBUG client.RaftClient (RaftClientImpl.java:get(158)) - client-2312CCC7CA78: get 74 returns []
2024-01-25 07:57:50,415 [grpc-default-executor-9] DEBUG client.RaftClient (RaftClientImpl.java:newRequest(95)) - attempt #3, newRequest RaftClientRequest:client-2312CCC7CA78->s0@group-796A68A19D2E, cid=74, seq=30, RW, m17
2024-01-25 07:57:50,415 [grpc-default-executor-9] DEBUG client.RaftClient (RaftClientImpl.java:get(158)) - client-2312CCC7CA78: get 75 returns []
2024-01-25 07:57:50,415 [grpc-default-executor-9] DEBUG client.RaftClient (RaftClientImpl.java:newRequest(95)) - attempt #3, newRequest RaftClientRequest:client-2312CCC7CA78->s0@group-796A68A19D2E, cid=75, seq=31, RW, m18
2024-01-25 07:57:50,416 [grpc-default-executor-9] DEBUG client.RaftClient (RaftClientImpl.java:get(158)) - client-2312CCC7CA78: get 76 returns []
2024-01-25 07:57:50,416 [grpc-default-executor-9] DEBUG client.RaftClient (RaftClientImpl.java:newRequest(95)) - attempt #3, newRequest RaftClientRequest:client-2312CCC7CA78->s0@group-796A68A19D2E, cid=76, seq=32, RW, m19
2024-01-25 07:57:50,416 [ForkJoinPool.commonPool-worker-3] DEBUG impl.UnorderedAsync (UnorderedAsync.java:lambda$sendRequestWithRetry$4(83)) - client-2312CCC7CA78: attempt #1 receive~ RaftClientReply:client-2312CCC7CA78->s0@group-796A68A19D2E, cid=81, SUCCESS, logIndex=59, commits[s0:c59, s1:c59, s2:c25]
2024-01-25 07:57:50,416 [Time-limited test] INFO  grpc.TestWatchRequestWithGrpc (WatchRequestTests.java:get(214)) - majority-Watch(28) returns RaftClientReply:client-2312CCC7CA78->s0@group-796A68A19D2E, cid=81, SUCCESS, logIndex=59, commits[s0:c59, s1:c59, s2:c25]
2024-01-25 07:57:50,417 [grpc-default-executor-9] DEBUG client.RaftClient (RaftClientImpl.java:add(146)) - client-2312CCC7CA78: add replied callId 59
2024-01-25 07:57:50,417 [ForkJoinPool.commonPool-worker-3] DEBUG impl.UnorderedAsync (UnorderedAsync.java:lambda$sendRequestWithRetry$4(83)) - client-2312CCC7CA78: attempt #1 receive~ RaftClientReply:client-2312CCC7CA78->s0@group-796A68A19D2E, cid=83, SUCCESS, logIndex=59, commits[s0:c59, s1:c59, s2:c25]
2024-01-25 07:57:50,417 [grpc-default-executor-9] INFO  grpc.TestWatchRequestWithGrpc (WatchRequestTests.java:lambda$sendRequests$0(113)) - SEND_WATCH: message=m2, logIndex=29
2024-01-25 07:57:50,417 [grpc-default-executor-9] DEBUG client.RaftClient (RaftClientImpl.java:get(158)) - client-2312CCC7CA78: get 85 returns [59]
2024-01-25 07:57:50,417 [Time-limited test] INFO  grpc.TestWatchRequestWithGrpc (WatchRequestTests.java:get(214)) - majorityCommitted-Watch(28) returns RaftClientReply:client-2312CCC7CA78->s0@group-796A68A19D2E, cid=83, SUCCESS, logIndex=59, commits[s0:c59, s1:c59, s2:c25]
2024-01-25 07:57:50,417 [Time-limited test] INFO  grpc.TestWatchRequestWithGrpc (WatchRequestTests.java:checkMajority(275)) - checkMajority 2: receive RaftClientReply:client-2312CCC7CA78->s0@group-796A68A19D2E, cid=59, SUCCESS, logIndex=29, commits[s0:c31, s1:c27, s2:c25]
2024-01-25 07:57:50,417 [grpc-default-executor-9] DEBUG client.RaftClient (RaftClientImpl.java:newRequest(95)) - attempt #1, newRequest RaftClientRequest:client-2312CCC7CA78->s0@group-796A68A19D2E, cid=85, seq=null, Watch(29), null
2024-01-25 07:57:50,417 [grpc-default-executor-9] DEBUG impl.UnorderedAsync (UnorderedAsync.java:sendRequestWithRetry(80)) - client-2312CCC7CA78: attempt #1 send~ RaftClientRequest:client-2312CCC7CA78->s0@group-796A68A19D2E, cid=85, seq=null, Watch(29), null
2024-01-25 07:57:50,417 [grpc-default-executor-9] DEBUG client.RaftClient (RaftClientImpl.java:get(158)) - client-2312CCC7CA78: get 86 returns []
2024-01-25 07:57:50,418 [grpc-default-executor-9] DEBUG client.RaftClient (RaftClientImpl.java:newRequest(95)) - attempt #1, newRequest RaftClientRequest:client-2312CCC7CA78->s0@group-796A68A19D2E, cid=86, seq=null, Watch-ALL(29), null
2024-01-25 07:57:50,418 [grpc-default-executor-9] DEBUG impl.UnorderedAsync (UnorderedAsync.java:sendRequestWithRetry(80)) - client-2312CCC7CA78: attempt #1 send~ RaftClientRequest:client-2312CCC7CA78->s0@group-796A68A19D2E, cid=86, seq=null, Watch-ALL(29), null
2024-01-25 07:57:50,418 [grpc-default-executor-9] DEBUG client.RaftClient (RaftClientImpl.java:get(158)) - client-2312CCC7CA78: get 87 returns []
2024-01-25 07:57:50,418 [grpc-default-executor-9] DEBUG client.RaftClient (RaftClientImpl.java:newRequest(95)) - attempt #1, newRequest RaftClientRequest:client-2312CCC7CA78->s0@group-796A68A19D2E, cid=87, seq=null, Watch-MAJORITY_COMMITTED(29), null
2024-01-25 07:57:50,418 [grpc-default-executor-9] DEBUG impl.UnorderedAsync (UnorderedAsync.java:sendRequestWithRetry(80)) - client-2312CCC7CA78: attempt #1 send~ RaftClientRequest:client-2312CCC7CA78->s0@group-796A68A19D2E, cid=87, seq=null, Watch-MAJORITY_COMMITTED(29), null
2024-01-25 07:57:50,418 [s0-client-thread1] DEBUG server.RaftServer$Division (RaftServerImpl.java:submitClientRequestAsync(880)) - s0@group-796A68A19D2E: receive client request(RaftClientRequest:client-2312CCC7CA78->s0@group-796A68A19D2E, cid=85, seq=null, Watch(29), Message:<EMPTY>)
2024-01-25 07:57:50,418 [s0-client-thread1] DEBUG server.RaftServer$Division (LeaderStateImpl.java:addWatchRequest(552)) - s0@group-796A68A19D2E-LeaderStateImpl: addWatchRequest RaftClientRequest:client-2312CCC7CA78->s0@group-796A68A19D2E, cid=85, seq=null, Watch(29), Message:<EMPTY>
2024-01-25 07:57:50,419 [grpc-default-executor-9] DEBUG client.RaftClient (RaftClientImpl.java:get(158)) - client-2312CCC7CA78: get 88 returns []
2024-01-25 07:57:50,419 [grpc-default-executor-9] DEBUG client.RaftClient (RaftClientImpl.java:newRequest(95)) - attempt #1, newRequest RaftClientRequest:client-2312CCC7CA78->s0@group-796A68A19D2E, cid=88, seq=null, Watch-ALL_COMMITTED(29), null
2024-01-25 07:57:50,419 [grpc-default-executor-9] DEBUG impl.UnorderedAsync (UnorderedAsync.java:sendRequestWithRetry(80)) - client-2312CCC7CA78: attempt #1 send~ RaftClientRequest:client-2312CCC7CA78->s0@group-796A68A19D2E, cid=88, seq=null, Watch-ALL_COMMITTED(29), null
2024-01-25 07:57:50,419 [ForkJoinPool.commonPool-worker-3] DEBUG impl.UnorderedAsync (UnorderedAsync.java:lambda$sendRequestWithRetry$4(83)) - client-2312CCC7CA78: attempt #1 receive~ RaftClientReply:client-2312CCC7CA78->s0@group-796A68A19D2E, cid=85, SUCCESS, logIndex=59, commits[s0:c59, s1:c59, s2:c25]
2024-01-25 07:57:50,419 [Time-limited test] INFO  grpc.TestWatchRequestWithGrpc (WatchRequestTests.java:get(214)) - majority-Watch(29) returns RaftClientReply:client-2312CCC7CA78->s0@group-796A68A19D2E, cid=85, SUCCESS, logIndex=59, commits[s0:c59, s1:c59, s2:c25]
2024-01-25 07:57:50,419 [s0-client-thread1] DEBUG server.RaftServer$Division (RaftServerImpl.java:submitClientRequestAsync(880)) - s0@group-796A68A19D2E: receive client request(RaftClientRequest:client-2312CCC7CA78->s0@group-796A68A19D2E, cid=86, seq=null, Watch-ALL(29), Message:<EMPTY>)
2024-01-25 07:57:50,419 [s0-client-thread1] DEBUG server.RaftServer$Division (LeaderStateImpl.java:addWatchRequest(552)) - s0@group-796A68A19D2E-LeaderStateImpl: addWatchRequest RaftClientRequest:client-2312CCC7CA78->s0@group-796A68A19D2E, cid=86, seq=null, Watch-ALL(29), Message:<EMPTY>
2024-01-25 07:57:50,419 [s0-client-thread1] DEBUG server.RaftServer$Division (RaftServerImpl.java:submitClientRequestAsync(880)) - s0@group-796A68A19D2E: receive client request(RaftClientRequest:client-2312CCC7CA78->s0@group-796A68A19D2E, cid=87, seq=null, Watch-MAJORITY_COMMITTED(29), Message:<EMPTY>)
2024-01-25 07:57:50,420 [s0-client-thread1] DEBUG server.RaftServer$Division (LeaderStateImpl.java:addWatchRequest(552)) - s0@group-796A68A19D2E-LeaderStateImpl: addWatchRequest RaftClientRequest:client-2312CCC7CA78->s0@group-796A68A19D2E, cid=87, seq=null, Watch-MAJORITY_COMMITTED(29), Message:<EMPTY>
2024-01-25 07:57:50,420 [ForkJoinPool.commonPool-worker-3] DEBUG impl.UnorderedAsync (UnorderedAsync.java:lambda$sendRequestWithRetry$4(83)) - client-2312CCC7CA78: attempt #1 receive~ RaftClientReply:client-2312CCC7CA78->s0@group-796A68A19D2E, cid=87, SUCCESS, logIndex=59, commits[s0:c59, s1:c59, s2:c25]
2024-01-25 07:57:50,420 [Time-limited test] INFO  grpc.TestWatchRequestWithGrpc (WatchRequestTests.java:get(214)) - majorityCommitted-Watch(29) returns RaftClientReply:client-2312CCC7CA78->s0@group-796A68A19D2E, cid=87, SUCCESS, logIndex=59, commits[s0:c59, s1:c59, s2:c25]
2024-01-25 07:57:50,421 [s0-client-thread1] DEBUG server.RaftServer$Division (RaftServerImpl.java:submitClientRequestAsync(880)) - s0@group-796A68A19D2E: receive client request(RaftClientRequest:client-2312CCC7CA78->s0@group-796A68A19D2E, cid=88, seq=null, Watch-ALL_COMMITTED(29), Message:<EMPTY>)
2024-01-25 07:57:50,421 [s0-client-thread1] DEBUG server.RaftServer$Division (LeaderStateImpl.java:addWatchRequest(552)) - s0@group-796A68A19D2E-LeaderStateImpl: addWatchRequest RaftClientRequest:client-2312CCC7CA78->s0@group-796A68A19D2E, cid=88, seq=null, Watch-ALL_COMMITTED(29), Message:<EMPTY>
2024-01-25 07:57:52,633 [Timer-0] INFO  impl.MiniRaftCluster (MiniRaftCluster.java:lambda$null$7(348)) - TIMED-PRINT: printing ALL groups
  s0:  RUNNING    LEADER s0@group-796A68A19D2E:t3, leader=s0, voted=s0, raftlog=Memoized:s0@group-796A68A19D2E-SegmentedRaftLog:OPENED:c59, conf=24: peers:[s0|localhost:15000, s1|localhost:15004, s2|localhost:15008]|listeners:[], old=null RUNNING
  s1:  RUNNING  FOLLOWER s1@group-796A68A19D2E:t3, leader=s0, voted=s0, raftlog=Memoized:s1@group-796A68A19D2E-SegmentedRaftLog:OPENED:c59, conf=24: peers:[s0|localhost:15000, s1|localhost:15004, s2|localhost:15008]|listeners:[], old=null RUNNING
  s2:  RUNNING  FOLLOWER s2@group-796A68A19D2E:t3, leader=s0, voted=s0, raftlog=Memoized:s2@group-796A68A19D2E-SegmentedRaftLog:OPENED:c25, conf=24: peers:[s0|localhost:15000, s1|localhost:15004, s2|localhost:15008]|listeners:[], old=null RUNNING
2024-01-25 07:57:53,237 [timer5] WARN  server.GrpcLogAppender (GrpcLogAppender.java:timeoutAppendRequest(437)) - s0@group-796A68A19D2E->s2-GrpcLogAppender: Timed out appendEntries, errorCount=1, request=AppendEntriesRequest:cid=145,entriesCount=1,entry=(t:3, i:28)
2024-01-25 07:57:53,239 [timer7] WARN  server.GrpcLogAppender (GrpcLogAppender.java:timeoutAppendRequest(437)) - s0@group-796A68A19D2E->s2-GrpcLogAppender: Timed out appendEntries, errorCount=1, request=AppendEntriesRequest:cid=146,entriesCount=2,entries=(t:3, i:29)...(t:3, i:30)
2024-01-25 07:57:53,243 [timer6] WARN  server.GrpcLogAppender (GrpcLogAppender.java:timeoutAppendRequest(437)) - s0@group-796A68A19D2E->s2-GrpcLogAppender: Timed out appendEntries, errorCount=1, request=AppendEntriesRequest:cid=148,entriesCount=2,entries=(t:3, i:31)...(t:3, i:32)
2024-01-25 07:57:53,248 [timer3] WARN  server.GrpcLogAppender (GrpcLogAppender.java:timeoutAppendRequest(437)) - s0@group-796A68A19D2E->s2-GrpcLogAppender: Timed out appendEntries, errorCount=1, request=AppendEntriesRequest:cid=149,entriesCount=1,entry=(t:3, i:33)
2024-01-25 07:57:53,248 [timer5] WARN  server.GrpcLogAppender (GrpcLogAppender.java:timeoutAppendRequest(437)) - s0@group-796A68A19D2E->s2-GrpcLogAppender: Timed out appendEntries, errorCount=2, request=AppendEntriesRequest:cid=150,entriesCount=2,entries=(t:3, i:34)...(t:3, i:35)
2024-01-25 07:57:53,250 [timer7] WARN  server.GrpcLogAppender (GrpcLogAppender.java:timeoutAppendRequest(437)) - s0@group-796A68A19D2E->s2-GrpcLogAppender: Timed out appendEntries, errorCount=1, request=AppendEntriesRequest:cid=151,entriesCount=1,entry=(t:3, i:36)
2024-01-25 07:57:53,290 [timer2] WARN  grpc.GrpcUtil (GrpcUtil.java:shutdownManagedChannel(237)) - Timed out gracefully shutting down connection: ManagedChannelOrphanWrapper{delegate=ManagedChannelImpl{logId=130, target=localhost:15002}}. 
2024-01-25 07:57:53,294 [timer2] DEBUG client.RaftClient (RaftClientImpl.java:get(158)) - client-2312CCC7CA78: get 66 returns []
2024-01-25 07:57:53,294 [timer2] DEBUG client.RaftClient (RaftClientImpl.java:newRequest(95)) - attempt #3, newRequest RaftClientRequest:client-2312CCC7CA78->s0@group-796A68A19D2E, cid=66, seq=22, RW, m9
2024-01-25 07:57:53,294 [timer2] DEBUG client.RaftClient (RaftClientImpl.java:get(158)) - client-2312CCC7CA78: get 68 returns []
2024-01-25 07:57:53,294 [timer2] DEBUG client.RaftClient (RaftClientImpl.java:newRequest(95)) - attempt #3, newRequest RaftClientRequest:client-2312CCC7CA78->s0@group-796A68A19D2E, cid=68, seq=24, RW, m11
2024-01-25 07:57:53,393 [timer0] DEBUG client.RaftClient (RaftClientImpl.java:get(158)) - client-2312CCC7CA78: get 60 returns []
2024-01-25 07:57:53,393 [timer0] DEBUG client.RaftClient (RaftClientImpl.java:newRequest(95)) - attempt #3, newRequest RaftClientRequest:client-2312CCC7CA78->s0@group-796A68A19D2E, cid=60, seq=16, RW, m3
2024-01-25 07:57:53,394 [s0-client-thread1] DEBUG server.RaftServer$Division (RaftServerImpl.java:submitClientRequestAsync(880)) - s0@group-796A68A19D2E: receive client request(RaftClientRequest:client-2312CCC7CA78->s0@group-796A68A19D2E, cid=60, seq=16, RW, Message:6d33)
2024-01-25 07:57:53,394 [s0-client-thread1] DEBUG server.RaftServer$Division (RaftServerImpl.java:submitClientRequestAsync(880)) - s0@group-796A68A19D2E: receive client request(RaftClientRequest:client-2312CCC7CA78->s0@group-796A68A19D2E, cid=61, seq=17, RW, Message:6d34)
2024-01-25 07:57:53,394 [s0-client-thread1] DEBUG server.RaftServer$Division (RaftServerImpl.java:submitClientRequestAsync(880)) - s0@group-796A68A19D2E: receive client request(RaftClientRequest:client-2312CCC7CA78->s0@group-796A68A19D2E, cid=62, seq=18, RW, Message:6d35)
2024-01-25 07:57:53,394 [s0-client-thread1] DEBUG server.RaftServer$Division (RaftServerImpl.java:submitClientRequestAsync(880)) - s0@group-796A68A19D2E: receive client request(RaftClientRequest:client-2312CCC7CA78->s0@group-796A68A19D2E, cid=63, seq=19, RW, Message:6d36)
2024-01-25 07:57:53,395 [s0-client-thread1] DEBUG server.RaftServer$Division (RaftServerImpl.java:submitClientRequestAsync(880)) - s0@group-796A68A19D2E: receive client request(RaftClientRequest:client-2312CCC7CA78->s0@group-796A68A19D2E, cid=64, seq=20, RW, Message:6d37)
2024-01-25 07:57:53,396 [s0-client-thread1] DEBUG server.RaftServer$Division (RaftServerImpl.java:submitClientRequestAsync(880)) - s0@group-796A68A19D2E: receive client request(RaftClientRequest:client-2312CCC7CA78->s0@group-796A68A19D2E, cid=65, seq=21, RW, Message:6d38)
2024-01-25 07:57:53,396 [s0-client-thread1] DEBUG server.RaftServer$Division (RaftServerImpl.java:submitClientRequestAsync(880)) - s0@group-796A68A19D2E: receive client request(RaftClientRequest:client-2312CCC7CA78->s0@group-796A68A19D2E, cid=66, seq=22, RW, Message:6d39)
2024-01-25 07:57:53,396 [s0-client-thread1] DEBUG server.RaftServer$Division (RaftServerImpl.java:submitClientRequestAsync(880)) - s0@group-796A68A19D2E: receive client request(RaftClientRequest:client-2312CCC7CA78->s0@group-796A68A19D2E, cid=67, seq=23, RW, Message:6d3130)
2024-01-25 07:57:53,396 [s0-client-thread1] DEBUG server.RaftServer$Division (RaftServerImpl.java:submitClientRequestAsync(880)) - s0@group-796A68A19D2E: receive client request(RaftClientRequest:client-2312CCC7CA78->s0@group-796A68A19D2E, cid=68, seq=24, RW, Message:6d3131)
2024-01-25 07:57:53,396 [s0-client-thread1] DEBUG server.RaftServer$Division (RaftServerImpl.java:submitClientRequestAsync(880)) - s0@group-796A68A19D2E: receive client request(RaftClientRequest:client-2312CCC7CA78->s0@group-796A68A19D2E, cid=69, seq=25, RW, Message:6d3132)
2024-01-25 07:57:53,397 [s0-client-thread1] DEBUG server.RaftServer$Division (RaftServerImpl.java:submitClientRequestAsync(880)) - s0@group-796A68A19D2E: receive client request(RaftClientRequest:client-2312CCC7CA78->s0@group-796A68A19D2E, cid=70, seq=26, RW, Message:6d3133)
2024-01-25 07:57:53,397 [s0-client-thread1] DEBUG server.RaftServer$Division (RaftServerImpl.java:submitClientRequestAsync(880)) - s0@group-796A68A19D2E: receive client request(RaftClientRequest:client-2312CCC7CA78->s0@group-796A68A19D2E, cid=71, seq=27, RW, Message:6d3134)
2024-01-25 07:57:53,397 [s0-client-thread1] DEBUG server.RaftServer$Division (RaftServerImpl.java:submitClientRequestAsync(880)) - s0@group-796A68A19D2E: receive client request(RaftClientRequest:client-2312CCC7CA78->s0@group-796A68A19D2E, cid=72, seq=28, RW, Message:6d3135)
2024-01-25 07:57:53,398 [s0-client-thread1] DEBUG server.RaftServer$Division (RaftServerImpl.java:submitClientRequestAsync(880)) - s0@group-796A68A19D2E: receive client request(RaftClientRequest:client-2312CCC7CA78->s0@group-796A68A19D2E, cid=73, seq=29, RW, Message:6d3136)
2024-01-25 07:57:53,398 [s0-client-thread1] DEBUG server.RaftServer$Division (RaftServerImpl.java:submitClientRequestAsync(880)) - s0@group-796A68A19D2E: receive client request(RaftClientRequest:client-2312CCC7CA78->s0@group-796A68A19D2E, cid=74, seq=30, RW, Message:6d3137)
2024-01-25 07:57:53,398 [s0-client-thread1] DEBUG server.RaftServer$Division (RaftServerImpl.java:submitClientRequestAsync(880)) - s0@group-796A68A19D2E: receive client request(RaftClientRequest:client-2312CCC7CA78->s0@group-796A68A19D2E, cid=75, seq=31, RW, Message:6d3138)
2024-01-25 07:57:53,398 [s0-client-thread1] DEBUG server.RaftServer$Division (RaftServerImpl.java:submitClientRequestAsync(880)) - s0@group-796A68A19D2E: receive client request(RaftClientRequest:client-2312CCC7CA78->s0@group-796A68A19D2E, cid=76, seq=32, RW, Message:6d3139)
2024-01-25 07:57:53,401 [grpc-default-executor-9] DEBUG client.RaftClient (RaftClientImpl.java:add(146)) - client-2312CCC7CA78: add replied callId 60
2024-01-25 07:57:53,402 [grpc-default-executor-9] INFO  grpc.TestWatchRequestWithGrpc (WatchRequestTests.java:lambda$sendRequests$0(113)) - SEND_WATCH: message=m3, logIndex=30
2024-01-25 07:57:53,402 [grpc-default-executor-9] DEBUG client.RaftClient (RaftClientImpl.java:get(158)) - client-2312CCC7CA78: get 89 returns [60]
2024-01-25 07:57:53,402 [grpc-default-executor-9] DEBUG client.RaftClient (RaftClientImpl.java:newRequest(95)) - attempt #1, newRequest RaftClientRequest:client-2312CCC7CA78->s0@group-796A68A19D2E, cid=89, seq=null, Watch(30), null
2024-01-25 07:57:53,402 [grpc-default-executor-9] DEBUG impl.UnorderedAsync (UnorderedAsync.java:sendRequestWithRetry(80)) - client-2312CCC7CA78: attempt #1 send~ RaftClientRequest:client-2312CCC7CA78->s0@group-796A68A19D2E, cid=89, seq=null, Watch(30), null
2024-01-25 07:57:53,402 [grpc-default-executor-9] DEBUG client.RaftClient (RaftClientImpl.java:get(158)) - client-2312CCC7CA78: get 90 returns []
2024-01-25 07:57:53,402 [grpc-default-executor-9] DEBUG client.RaftClient (RaftClientImpl.java:newRequest(95)) - attempt #1, newRequest RaftClientRequest:client-2312CCC7CA78->s0@group-796A68A19D2E, cid=90, seq=null, Watch-ALL(30), null
2024-01-25 07:57:53,402 [s0-client-thread1] DEBUG server.RaftServer$Division (RaftServerImpl.java:submitClientRequestAsync(880)) - s0@group-796A68A19D2E: receive client request(RaftClientRequest:client-2312CCC7CA78->s0@group-796A68A19D2E, cid=89, seq=null, Watch(30), Message:<EMPTY>)
2024-01-25 07:57:53,402 [grpc-default-executor-9] DEBUG impl.UnorderedAsync (UnorderedAsync.java:sendRequestWithRetry(80)) - client-2312CCC7CA78: attempt #1 send~ RaftClientRequest:client-2312CCC7CA78->s0@group-796A68A19D2E, cid=90, seq=null, Watch-ALL(30), null
2024-01-25 07:57:53,402 [s0-client-thread1] DEBUG server.RaftServer$Division (LeaderStateImpl.java:addWatchRequest(552)) - s0@group-796A68A19D2E-LeaderStateImpl: addWatchRequest RaftClientRequest:client-2312CCC7CA78->s0@group-796A68A19D2E, cid=89, seq=null, Watch(30), Message:<EMPTY>
2024-01-25 07:57:53,403 [grpc-default-executor-9] DEBUG client.RaftClient (RaftClientImpl.java:get(158)) - client-2312CCC7CA78: get 91 returns []
2024-01-25 07:57:53,403 [grpc-default-executor-9] DEBUG client.RaftClient (RaftClientImpl.java:newRequest(95)) - attempt #1, newRequest RaftClientRequest:client-2312CCC7CA78->s0@group-796A68A19D2E, cid=91, seq=null, Watch-MAJORITY_COMMITTED(30), null
2024-01-25 07:57:53,403 [grpc-default-executor-9] DEBUG impl.UnorderedAsync (UnorderedAsync.java:sendRequestWithRetry(80)) - client-2312CCC7CA78: attempt #1 send~ RaftClientRequest:client-2312CCC7CA78->s0@group-796A68A19D2E, cid=91, seq=null, Watch-MAJORITY_COMMITTED(30), null
2024-01-25 07:57:53,403 [s0-client-thread1] DEBUG server.RaftServer$Division (RaftServerImpl.java:submitClientRequestAsync(880)) - s0@group-796A68A19D2E: receive client request(RaftClientRequest:client-2312CCC7CA78->s0@group-796A68A19D2E, cid=90, seq=null, Watch-ALL(30), Message:<EMPTY>)
2024-01-25 07:57:53,403 [grpc-default-executor-9] DEBUG client.RaftClient (RaftClientImpl.java:get(158)) - client-2312CCC7CA78: get 92 returns []
2024-01-25 07:57:53,403 [s0-client-thread1] DEBUG server.RaftServer$Division (LeaderStateImpl.java:addWatchRequest(552)) - s0@group-796A68A19D2E-LeaderStateImpl: addWatchRequest RaftClientRequest:client-2312CCC7CA78->s0@group-796A68A19D2E, cid=90, seq=null, Watch-ALL(30), Message:<EMPTY>
2024-01-25 07:57:53,403 [grpc-default-executor-9] DEBUG client.RaftClient (RaftClientImpl.java:newRequest(95)) - attempt #1, newRequest RaftClientRequest:client-2312CCC7CA78->s0@group-796A68A19D2E, cid=92, seq=null, Watch-ALL_COMMITTED(30), null
2024-01-25 07:57:53,403 [grpc-default-executor-9] DEBUG impl.UnorderedAsync (UnorderedAsync.java:sendRequestWithRetry(80)) - client-2312CCC7CA78: attempt #1 send~ RaftClientRequest:client-2312CCC7CA78->s0@group-796A68A19D2E, cid=92, seq=null, Watch-ALL_COMMITTED(30), null
2024-01-25 07:57:53,403 [Time-limited test] INFO  grpc.TestWatchRequestWithGrpc (WatchRequestTests.java:checkMajority(275)) - checkMajority 3: receive RaftClientReply:client-2312CCC7CA78->s0@group-796A68A19D2E, cid=60, SUCCESS, logIndex=30, commits[s0:c31, s1:c27, s2:c25]
2024-01-25 07:57:53,404 [grpc-default-executor-3] DEBUG client.RaftClient (RaftClientImpl.java:add(146)) - client-2312CCC7CA78: add replied callId 61
2024-01-25 07:57:53,404 [grpc-default-executor-3] INFO  grpc.TestWatchRequestWithGrpc (WatchRequestTests.java:lambda$sendRequests$0(113)) - SEND_WATCH: message=m4, logIndex=31
2024-01-25 07:57:53,404 [grpc-default-executor-3] DEBUG client.RaftClient (RaftClientImpl.java:get(158)) - client-2312CCC7CA78: get 93 returns [61]
2024-01-25 07:57:53,404 [grpc-default-executor-3] DEBUG client.RaftClient (RaftClientImpl.java:newRequest(95)) - attempt #1, newRequest RaftClientRequest:client-2312CCC7CA78->s0@group-796A68A19D2E, cid=93, seq=null, Watch(31), null
2024-01-25 07:57:53,404 [grpc-default-executor-3] DEBUG impl.UnorderedAsync (UnorderedAsync.java:sendRequestWithRetry(80)) - client-2312CCC7CA78: attempt #1 send~ RaftClientRequest:client-2312CCC7CA78->s0@group-796A68A19D2E, cid=93, seq=null, Watch(31), null
2024-01-25 07:57:53,404 [grpc-default-executor-3] DEBUG client.RaftClient (RaftClientImpl.java:get(158)) - client-2312CCC7CA78: get 94 returns []
2024-01-25 07:57:53,404 [grpc-default-executor-3] DEBUG client.RaftClient (RaftClientImpl.java:newRequest(95)) - attempt #1, newRequest RaftClientRequest:client-2312CCC7CA78->s0@group-796A68A19D2E, cid=94, seq=null, Watch-ALL(31), null
2024-01-25 07:57:53,404 [grpc-default-executor-3] DEBUG impl.UnorderedAsync (UnorderedAsync.java:sendRequestWithRetry(80)) - client-2312CCC7CA78: attempt #1 send~ RaftClientRequest:client-2312CCC7CA78->s0@group-796A68A19D2E, cid=94, seq=null, Watch-ALL(31), null
2024-01-25 07:57:53,405 [grpc-default-executor-3] DEBUG client.RaftClient (RaftClientImpl.java:get(158)) - client-2312CCC7CA78: get 95 returns []
2024-01-25 07:57:53,405 [grpc-default-executor-3] DEBUG client.RaftClient (RaftClientImpl.java:newRequest(95)) - attempt #1, newRequest RaftClientRequest:client-2312CCC7CA78->s0@group-796A68A19D2E, cid=95, seq=null, Watch-MAJORITY_COMMITTED(31), null
2024-01-25 07:57:53,405 [grpc-default-executor-3] DEBUG impl.UnorderedAsync (UnorderedAsync.java:sendRequestWithRetry(80)) - client-2312CCC7CA78: attempt #1 send~ RaftClientRequest:client-2312CCC7CA78->s0@group-796A68A19D2E, cid=95, seq=null, Watch-MAJORITY_COMMITTED(31), null
2024-01-25 07:57:53,405 [grpc-default-executor-3] DEBUG client.RaftClient (RaftClientImpl.java:get(158)) - client-2312CCC7CA78: get 96 returns []
2024-01-25 07:57:53,405 [grpc-default-executor-3] DEBUG client.RaftClient (RaftClientImpl.java:newRequest(95)) - attempt #1, newRequest RaftClientRequest:client-2312CCC7CA78->s0@group-796A68A19D2E, cid=96, seq=null, Watch-ALL_COMMITTED(31), null
2024-01-25 07:57:53,405 [grpc-default-executor-3] DEBUG impl.UnorderedAsync (UnorderedAsync.java:sendRequestWithRetry(80)) - client-2312CCC7CA78: attempt #1 send~ RaftClientRequest:client-2312CCC7CA78->s0@group-796A68A19D2E, cid=96, seq=null, Watch-ALL_COMMITTED(31), null
2024-01-25 07:57:53,405 [s0-client-thread1] DEBUG server.RaftServer$Division (RaftServerImpl.java:submitClientRequestAsync(880)) - s0@group-796A68A19D2E: receive client request(RaftClientRequest:client-2312CCC7CA78->s0@group-796A68A19D2E, cid=91, seq=null, Watch-MAJORITY_COMMITTED(30), Message:<EMPTY>)
2024-01-25 07:57:53,406 [s0-client-thread1] DEBUG server.RaftServer$Division (LeaderStateImpl.java:addWatchRequest(552)) - s0@group-796A68A19D2E-LeaderStateImpl: addWatchRequest RaftClientRequest:client-2312CCC7CA78->s0@group-796A68A19D2E, cid=91, seq=null, Watch-MAJORITY_COMMITTED(30), Message:<EMPTY>
2024-01-25 07:57:53,406 [grpc-default-executor-9] DEBUG client.RaftClient (RaftClientImpl.java:add(146)) - client-2312CCC7CA78: add replied callId 62
2024-01-25 07:57:53,406 [s0-client-thread1] DEBUG server.RaftServer$Division (RaftServerImpl.java:submitClientRequestAsync(880)) - s0@group-796A68A19D2E: receive client request(RaftClientRequest:client-2312CCC7CA78->s0@group-796A68A19D2E, cid=92, seq=null, Watch-ALL_COMMITTED(30), Message:<EMPTY>)
2024-01-25 07:57:53,406 [grpc-default-executor-9] INFO  grpc.TestWatchRequestWithGrpc (WatchRequestTests.java:lambda$sendRequests$0(113)) - SEND_WATCH: message=m5, logIndex=33
2024-01-25 07:57:53,406 [s0-client-thread1] DEBUG server.RaftServer$Division (LeaderStateImpl.java:addWatchRequest(552)) - s0@group-796A68A19D2E-LeaderStateImpl: addWatchRequest RaftClientRequest:client-2312CCC7CA78->s0@group-796A68A19D2E, cid=92, seq=null, Watch-ALL_COMMITTED(30), Message:<EMPTY>
2024-01-25 07:57:53,407 [grpc-default-executor-9] DEBUG client.RaftClient (RaftClientImpl.java:get(158)) - client-2312CCC7CA78: get 97 returns [62]
2024-01-25 07:57:53,407 [grpc-default-executor-9] DEBUG client.RaftClient (RaftClientImpl.java:newRequest(95)) - attempt #1, newRequest RaftClientRequest:client-2312CCC7CA78->s0@group-796A68A19D2E, cid=97, seq=null, Watch(33), null
2024-01-25 07:57:53,407 [grpc-default-executor-9] DEBUG impl.UnorderedAsync (UnorderedAsync.java:sendRequestWithRetry(80)) - client-2312CCC7CA78: attempt #1 send~ RaftClientRequest:client-2312CCC7CA78->s0@group-796A68A19D2E, cid=97, seq=null, Watch(33), null
2024-01-25 07:57:53,407 [s0-client-thread1] DEBUG server.RaftServer$Division (RaftServerImpl.java:submitClientRequestAsync(880)) - s0@group-796A68A19D2E: receive client request(RaftClientRequest:client-2312CCC7CA78->s0@group-796A68A19D2E, cid=93, seq=null, Watch(31), Message:<EMPTY>)
2024-01-25 07:57:53,407 [grpc-default-executor-9] DEBUG client.RaftClient (RaftClientImpl.java:get(158)) - client-2312CCC7CA78: get 98 returns []
2024-01-25 07:57:53,407 [s0-client-thread1] DEBUG server.RaftServer$Division (LeaderStateImpl.java:addWatchRequest(552)) - s0@group-796A68A19D2E-LeaderStateImpl: addWatchRequest RaftClientRequest:client-2312CCC7CA78->s0@group-796A68A19D2E, cid=93, seq=null, Watch(31), Message:<EMPTY>
2024-01-25 07:57:53,407 [s0-client-thread1] DEBUG server.RaftServer$Division (RaftServerImpl.java:submitClientRequestAsync(880)) - s0@group-796A68A19D2E: receive client request(RaftClientRequest:client-2312CCC7CA78->s0@group-796A68A19D2E, cid=94, seq=null, Watch-ALL(31), Message:<EMPTY>)
2024-01-25 07:57:53,407 [s0-client-thread1] DEBUG server.RaftServer$Division (LeaderStateImpl.java:addWatchRequest(552)) - s0@group-796A68A19D2E-LeaderStateImpl: addWatchRequest RaftClientRequest:client-2312CCC7CA78->s0@group-796A68A19D2E, cid=94, seq=null, Watch-ALL(31), Message:<EMPTY>
2024-01-25 07:57:53,408 [s0-client-thread1] DEBUG server.RaftServer$Division (RaftServerImpl.java:submitClientRequestAsync(880)) - s0@group-796A68A19D2E: receive client request(RaftClientRequest:client-2312CCC7CA78->s0@group-796A68A19D2E, cid=95, seq=null, Watch-MAJORITY_COMMITTED(31), Message:<EMPTY>)
2024-01-25 07:57:53,408 [s0-client-thread1] DEBUG server.RaftServer$Division (LeaderStateImpl.java:addWatchRequest(552)) - s0@group-796A68A19D2E-LeaderStateImpl: addWatchRequest RaftClientRequest:client-2312CCC7CA78->s0@group-796A68A19D2E, cid=95, seq=null, Watch-MAJORITY_COMMITTED(31), Message:<EMPTY>
2024-01-25 07:57:53,408 [s0-client-thread1] DEBUG server.RaftServer$Division (RaftServerImpl.java:submitClientRequestAsync(880)) - s0@group-796A68A19D2E: receive client request(RaftClientRequest:client-2312CCC7CA78->s0@group-796A68A19D2E, cid=96, seq=null, Watch-ALL_COMMITTED(31), Message:<EMPTY>)
2024-01-25 07:57:53,408 [s0-client-thread1] DEBUG server.RaftServer$Division (LeaderStateImpl.java:addWatchRequest(552)) - s0@group-796A68A19D2E-LeaderStateImpl: addWatchRequest RaftClientRequest:client-2312CCC7CA78->s0@group-796A68A19D2E, cid=96, seq=null, Watch-ALL_COMMITTED(31), Message:<EMPTY>
2024-01-25 07:57:53,407 [grpc-default-executor-9] DEBUG client.RaftClient (RaftClientImpl.java:newRequest(95)) - attempt #1, newRequest RaftClientRequest:client-2312CCC7CA78->s0@group-796A68A19D2E, cid=98, seq=null, Watch-ALL(33), null
2024-01-25 07:57:53,408 [ForkJoinPool.commonPool-worker-2] DEBUG impl.UnorderedAsync (UnorderedAsync.java:lambda$sendRequestWithRetry$4(83)) - client-2312CCC7CA78: attempt #1 receive~ RaftClientReply:client-2312CCC7CA78->s0@group-796A68A19D2E, cid=91, SUCCESS, logIndex=59, commits[s0:c59, s1:c59, s2:c25]
2024-01-25 07:57:53,408 [ForkJoinPool.commonPool-worker-0] DEBUG impl.UnorderedAsync (UnorderedAsync.java:lambda$sendRequestWithRetry$4(83)) - client-2312CCC7CA78: attempt #1 receive~ RaftClientReply:client-2312CCC7CA78->s0@group-796A68A19D2E, cid=89, SUCCESS, logIndex=59, commits[s0:c59, s1:c59, s2:c25]
2024-01-25 07:57:53,409 [grpc-default-executor-9] DEBUG impl.UnorderedAsync (UnorderedAsync.java:sendRequestWithRetry(80)) - client-2312CCC7CA78: attempt #1 send~ RaftClientRequest:client-2312CCC7CA78->s0@group-796A68A19D2E, cid=98, seq=null, Watch-ALL(33), null
2024-01-25 07:57:53,409 [Time-limited test] INFO  grpc.TestWatchRequestWithGrpc (WatchRequestTests.java:get(214)) - majority-Watch(30) returns RaftClientReply:client-2312CCC7CA78->s0@group-796A68A19D2E, cid=89, SUCCESS, logIndex=59, commits[s0:c59, s1:c59, s2:c25]
2024-01-25 07:57:53,409 [grpc-default-executor-9] DEBUG client.RaftClient (RaftClientImpl.java:get(158)) - client-2312CCC7CA78: get 99 returns []
2024-01-25 07:57:53,409 [grpc-default-executor-9] DEBUG client.RaftClient (RaftClientImpl.java:newRequest(95)) - attempt #1, newRequest RaftClientRequest:client-2312CCC7CA78->s0@group-796A68A19D2E, cid=99, seq=null, Watch-MAJORITY_COMMITTED(33), null
2024-01-25 07:57:53,409 [Time-limited test] INFO  grpc.TestWatchRequestWithGrpc (WatchRequestTests.java:get(214)) - majorityCommitted-Watch(30) returns RaftClientReply:client-2312CCC7CA78->s0@group-796A68A19D2E, cid=91, SUCCESS, logIndex=59, commits[s0:c59, s1:c59, s2:c25]
2024-01-25 07:57:53,409 [s0-client-thread1] DEBUG server.RaftServer$Division (RaftServerImpl.java:submitClientRequestAsync(880)) - s0@group-796A68A19D2E: receive client request(RaftClientRequest:client-2312CCC7CA78->s0@group-796A68A19D2E, cid=97, seq=null, Watch(33), Message:<EMPTY>)
2024-01-25 07:57:53,409 [Time-limited test] INFO  grpc.TestWatchRequestWithGrpc (WatchRequestTests.java:checkMajority(275)) - checkMajority 4: receive RaftClientReply:client-2312CCC7CA78->s0@group-796A68A19D2E, cid=61, SUCCESS, logIndex=31, commits[s0:c31, s1:c27, s2:c25]
2024-01-25 07:57:53,409 [ForkJoinPool.commonPool-worker-2] DEBUG impl.UnorderedAsync (UnorderedAsync.java:lambda$sendRequestWithRetry$4(83)) - client-2312CCC7CA78: attempt #1 receive~ RaftClientReply:client-2312CCC7CA78->s0@group-796A68A19D2E, cid=95, SUCCESS, logIndex=59, commits[s0:c59, s1:c59, s2:c25]
2024-01-25 07:57:53,409 [grpc-default-executor-9] DEBUG impl.UnorderedAsync (UnorderedAsync.java:sendRequestWithRetry(80)) - client-2312CCC7CA78: attempt #1 send~ RaftClientRequest:client-2312CCC7CA78->s0@group-796A68A19D2E, cid=99, seq=null, Watch-MAJORITY_COMMITTED(33), null
2024-01-25 07:57:53,409 [ForkJoinPool.commonPool-worker-0] DEBUG impl.UnorderedAsync (UnorderedAsync.java:lambda$sendRequestWithRetry$4(83)) - client-2312CCC7CA78: attempt #1 receive~ RaftClientReply:client-2312CCC7CA78->s0@group-796A68A19D2E, cid=93, SUCCESS, logIndex=59, commits[s0:c59, s1:c59, s2:c25]
2024-01-25 07:57:53,409 [grpc-default-executor-9] DEBUG client.RaftClient (RaftClientImpl.java:get(158)) - client-2312CCC7CA78: get 100 returns []
2024-01-25 07:57:53,409 [grpc-default-executor-9] DEBUG client.RaftClient (RaftClientImpl.java:newRequest(95)) - attempt #1, newRequest RaftClientRequest:client-2312CCC7CA78->s0@group-796A68A19D2E, cid=100, seq=null, Watch-ALL_COMMITTED(33), null
2024-01-25 07:57:53,410 [grpc-default-executor-9] DEBUG impl.UnorderedAsync (UnorderedAsync.java:sendRequestWithRetry(80)) - client-2312CCC7CA78: attempt #1 send~ RaftClientRequest:client-2312CCC7CA78->s0@group-796A68A19D2E, cid=100, seq=null, Watch-ALL_COMMITTED(33), null
2024-01-25 07:57:53,409 [s0-client-thread1] DEBUG server.RaftServer$Division (LeaderStateImpl.java:addWatchRequest(552)) - s0@group-796A68A19D2E-LeaderStateImpl: addWatchRequest RaftClientRequest:client-2312CCC7CA78->s0@group-796A68A19D2E, cid=97, seq=null, Watch(33), Message:<EMPTY>
2024-01-25 07:57:53,409 [Time-limited test] INFO  grpc.TestWatchRequestWithGrpc (WatchRequestTests.java:get(214)) - majority-Watch(31) returns RaftClientReply:client-2312CCC7CA78->s0@group-796A68A19D2E, cid=93, SUCCESS, logIndex=59, commits[s0:c59, s1:c59, s2:c25]
2024-01-25 07:57:53,410 [grpc-default-executor-9] DEBUG client.RaftClient (RaftClientImpl.java:add(146)) - client-2312CCC7CA78: add replied callId 63
2024-01-25 07:57:53,410 [grpc-default-executor-9] INFO  grpc.TestWatchRequestWithGrpc (WatchRequestTests.java:lambda$sendRequests$0(113)) - SEND_WATCH: message=m6, logIndex=35
2024-01-25 07:57:53,410 [grpc-default-executor-9] DEBUG client.RaftClient (RaftClientImpl.java:get(158)) - client-2312CCC7CA78: get 101 returns [63]
2024-01-25 07:57:53,410 [Time-limited test] INFO  grpc.TestWatchRequestWithGrpc (WatchRequestTests.java:get(214)) - majorityCommitted-Watch(31) returns RaftClientReply:client-2312CCC7CA78->s0@group-796A68A19D2E, cid=95, SUCCESS, logIndex=59, commits[s0:c59, s1:c59, s2:c25]
2024-01-25 07:57:53,410 [Time-limited test] INFO  grpc.TestWatchRequestWithGrpc (WatchRequestTests.java:checkMajority(275)) - checkMajority 5: receive RaftClientReply:client-2312CCC7CA78->s0@group-796A68A19D2E, cid=62, SUCCESS, logIndex=33, commits[s0:c36, s1:c31, s2:c25]
2024-01-25 07:57:53,410 [grpc-default-executor-9] DEBUG client.RaftClient (RaftClientImpl.java:newRequest(95)) - attempt #1, newRequest RaftClientRequest:client-2312CCC7CA78->s0@group-796A68A19D2E, cid=101, seq=null, Watch(35), null
2024-01-25 07:57:53,411 [grpc-default-executor-9] DEBUG impl.UnorderedAsync (UnorderedAsync.java:sendRequestWithRetry(80)) - client-2312CCC7CA78: attempt #1 send~ RaftClientRequest:client-2312CCC7CA78->s0@group-796A68A19D2E, cid=101, seq=null, Watch(35), null
2024-01-25 07:57:53,410 [s0-client-thread1] DEBUG server.RaftServer$Division (RaftServerImpl.java:submitClientRequestAsync(880)) - s0@group-796A68A19D2E: receive client request(RaftClientRequest:client-2312CCC7CA78->s0@group-796A68A19D2E, cid=98, seq=null, Watch-ALL(33), Message:<EMPTY>)
2024-01-25 07:57:53,410 [ForkJoinPool.commonPool-worker-0] DEBUG impl.UnorderedAsync (UnorderedAsync.java:lambda$sendRequestWithRetry$4(83)) - client-2312CCC7CA78: attempt #1 receive~ RaftClientReply:client-2312CCC7CA78->s0@group-796A68A19D2E, cid=97, SUCCESS, logIndex=59, commits[s0:c59, s1:c59, s2:c25]
2024-01-25 07:57:53,411 [grpc-default-executor-9] DEBUG client.RaftClient (RaftClientImpl.java:get(158)) - client-2312CCC7CA78: get 102 returns []
2024-01-25 07:57:53,411 [Time-limited test] INFO  grpc.TestWatchRequestWithGrpc (WatchRequestTests.java:get(214)) - majority-Watch(33) returns RaftClientReply:client-2312CCC7CA78->s0@group-796A68A19D2E, cid=97, SUCCESS, logIndex=59, commits[s0:c59, s1:c59, s2:c25]
2024-01-25 07:57:53,411 [s0-client-thread1] DEBUG server.RaftServer$Division (LeaderStateImpl.java:addWatchRequest(552)) - s0@group-796A68A19D2E-LeaderStateImpl: addWatchRequest RaftClientRequest:client-2312CCC7CA78->s0@group-796A68A19D2E, cid=98, seq=null, Watch-ALL(33), Message:<EMPTY>
2024-01-25 07:57:53,411 [grpc-default-executor-9] DEBUG client.RaftClient (RaftClientImpl.java:newRequest(95)) - attempt #1, newRequest RaftClientRequest:client-2312CCC7CA78->s0@group-796A68A19D2E, cid=102, seq=null, Watch-ALL(35), null
2024-01-25 07:57:53,411 [grpc-default-executor-9] DEBUG impl.UnorderedAsync (UnorderedAsync.java:sendRequestWithRetry(80)) - client-2312CCC7CA78: attempt #1 send~ RaftClientRequest:client-2312CCC7CA78->s0@group-796A68A19D2E, cid=102, seq=null, Watch-ALL(35), null
2024-01-25 07:57:53,411 [s0-client-thread1] DEBUG server.RaftServer$Division (RaftServerImpl.java:submitClientRequestAsync(880)) - s0@group-796A68A19D2E: receive client request(RaftClientRequest:client-2312CCC7CA78->s0@group-796A68A19D2E, cid=99, seq=null, Watch-MAJORITY_COMMITTED(33), Message:<EMPTY>)
2024-01-25 07:57:53,412 [s0-client-thread1] DEBUG server.RaftServer$Division (LeaderStateImpl.java:addWatchRequest(552)) - s0@group-796A68A19D2E-LeaderStateImpl: addWatchRequest RaftClientRequest:client-2312CCC7CA78->s0@group-796A68A19D2E, cid=99, seq=null, Watch-MAJORITY_COMMITTED(33), Message:<EMPTY>
2024-01-25 07:57:53,412 [grpc-default-executor-9] DEBUG client.RaftClient (RaftClientImpl.java:get(158)) - client-2312CCC7CA78: get 103 returns []
2024-01-25 07:57:53,412 [timer3] ERROR impl.OrderedAsync (OrderedAsync.java:lambda$sendRequestWithRetry$6(207)) - client-2312CCC7CA78: Failed* RaftClientRequest:client-2312CCC7CA78->s0@group-796A68A19D2E, cid=64, seq=20, RW, m7
java.util.concurrent.CompletionException: org.apache.ratis.protocol.exceptions.TimeoutIOException: client-2312CCC7CA78->s0 request #64 timeout 3000ms
	at java.util.concurrent.CompletableFuture.encodeThrowable(CompletableFuture.java:292)
	at java.util.concurrent.CompletableFuture.completeThrowable(CompletableFuture.java:308)
	at java.util.concurrent.CompletableFuture.uniAccept(CompletableFuture.java:661)
	at java.util.concurrent.CompletableFuture$UniAccept.tryFire(CompletableFuture.java:646)
	at java.util.concurrent.CompletableFuture.postComplete(CompletableFuture.java:488)
	at java.util.concurrent.CompletableFuture.completeExceptionally(CompletableFuture.java:1990)
	at org.apache.ratis.grpc.client.GrpcClientProtocolClient$AsyncStreamObservers.lambda$timeoutCheck$5(GrpcClientProtocolClient.java:373)
	at java.util.Optional.ifPresent(Optional.java:159)
	at org.apache.ratis.grpc.client.GrpcClientProtocolClient$AsyncStreamObservers.handleReplyFuture(GrpcClientProtocolClient.java:378)
	at org.apache.ratis.grpc.client.GrpcClientProtocolClient$AsyncStreamObservers.timeoutCheck(GrpcClientProtocolClient.java:373)
	at org.apache.ratis.grpc.client.GrpcClientProtocolClient$AsyncStreamObservers.lambda$onNext$3(GrpcClientProtocolClient.java:366)
	at org.apache.ratis.util.TimeoutTimer.lambda$onTimeout$2(TimeoutTimer.java:101)
	at org.apache.ratis.util.LogUtils.runAndLog(LogUtils.java:38)
	at org.apache.ratis.util.LogUtils$1.run(LogUtils.java:78)
	at org.apache.ratis.util.TimeoutTimer$Task.run(TimeoutTimer.java:55)
	at java.util.TimerThread.mainLoop(Timer.java:555)
	at java.util.TimerThread.run(Timer.java:505)
Caused by: org.apache.ratis.protocol.exceptions.TimeoutIOException: client-2312CCC7CA78->s0 request #64 timeout 3000ms
	at org.apache.ratis.grpc.client.GrpcClientProtocolClient$AsyncStreamObservers.lambda$timeoutCheck$5(GrpcClientProtocolClient.java:374)
	... 10 more
2024-01-25 07:57:53,412 [timer3] DEBUG client.RaftClient (RaftClientImpl.java:handleIOException(417)) - client-2312CCC7CA78: suggested new leader: null. Failed RaftClientRequest:client-2312CCC7CA78->s0@group-796A68A19D2E, cid=64, seq=20, RW, m7
org.apache.ratis.protocol.exceptions.TimeoutIOException: client-2312CCC7CA78->s0 request #64 timeout 3000ms
	at org.apache.ratis.grpc.client.GrpcClientProtocolClient$AsyncStreamObservers.lambda$timeoutCheck$5(GrpcClientProtocolClient.java:374)
	at java.util.Optional.ifPresent(Optional.java:159)
	at org.apache.ratis.grpc.client.GrpcClientProtocolClient$AsyncStreamObservers.handleReplyFuture(GrpcClientProtocolClient.java:378)
	at org.apache.ratis.grpc.client.GrpcClientProtocolClient$AsyncStreamObservers.timeoutCheck(GrpcClientProtocolClient.java:373)
	at org.apache.ratis.grpc.client.GrpcClientProtocolClient$AsyncStreamObservers.lambda$onNext$3(GrpcClientProtocolClient.java:366)
	at org.apache.ratis.util.TimeoutTimer.lambda$onTimeout$2(TimeoutTimer.java:101)
	at org.apache.ratis.util.LogUtils.runAndLog(LogUtils.java:38)
	at org.apache.ratis.util.LogUtils$1.run(LogUtils.java:78)
	at org.apache.ratis.util.TimeoutTimer$Task.run(TimeoutTimer.java:55)
	at java.util.TimerThread.mainLoop(Timer.java:555)
	at java.util.TimerThread.run(Timer.java:505)
2024-01-25 07:57:53,412 [timer3] TRACE client.RaftClient (RaftClientImpl.java:handleIOException(419)) - Stack trace
java.lang.Throwable: TRACE
	at org.apache.ratis.client.impl.RaftClientImpl.handleIOException(RaftClientImpl.java:419)
	at org.apache.ratis.client.impl.OrderedAsync.handleException(OrderedAsync.java:237)
	at org.apache.ratis.client.impl.OrderedAsync.lambda$sendRequestWithRetry$6(OrderedAsync.java:208)
	at java.util.concurrent.CompletableFuture.uniExceptionally(CompletableFuture.java:884)
	at java.util.concurrent.CompletableFuture$UniExceptionally.tryFire(CompletableFuture.java:866)
	at java.util.concurrent.CompletableFuture.postComplete(CompletableFuture.java:488)
	at java.util.concurrent.CompletableFuture.completeExceptionally(CompletableFuture.java:1990)
	at org.apache.ratis.grpc.client.GrpcClientProtocolClient$AsyncStreamObservers.lambda$timeoutCheck$5(GrpcClientProtocolClient.java:373)
	at java.util.Optional.ifPresent(Optional.java:159)
	at org.apache.ratis.grpc.client.GrpcClientProtocolClient$AsyncStreamObservers.handleReplyFuture(GrpcClientProtocolClient.java:378)
	at org.apache.ratis.grpc.client.GrpcClientProtocolClient$AsyncStreamObservers.timeoutCheck(GrpcClientProtocolClient.java:373)
	at org.apache.ratis.grpc.client.GrpcClientProtocolClient$AsyncStreamObservers.lambda$onNext$3(GrpcClientProtocolClient.java:366)
	at org.apache.ratis.util.TimeoutTimer.lambda$onTimeout$2(TimeoutTimer.java:101)
	at org.apache.ratis.util.LogUtils.runAndLog(LogUtils.java:38)
	at org.apache.ratis.util.LogUtils$1.run(LogUtils.java:78)
	at org.apache.ratis.util.TimeoutTimer$Task.run(TimeoutTimer.java:55)
	at java.util.TimerThread.mainLoop(Timer.java:555)
	at java.util.TimerThread.run(Timer.java:505)
2024-01-25 07:57:53,413 [grpc-default-executor-9] DEBUG client.RaftClient (RaftClientImpl.java:newRequest(95)) - attempt #1, newRequest RaftClientRequest:client-2312CCC7CA78->s0@group-796A68A19D2E, cid=103, seq=null, Watch-MAJORITY_COMMITTED(35), null
2024-01-25 07:57:53,413 [grpc-default-executor-9] DEBUG impl.UnorderedAsync (UnorderedAsync.java:sendRequestWithRetry(80)) - client-2312CCC7CA78: attempt #1 send~ RaftClientRequest:client-2312CCC7CA78->s0@group-796A68A19D2E, cid=103, seq=null, Watch-MAJORITY_COMMITTED(35), null
2024-01-25 07:57:53,413 [grpc-default-executor-9] DEBUG client.RaftClient (RaftClientImpl.java:get(158)) - client-2312CCC7CA78: get 104 returns []
2024-01-25 07:57:53,413 [grpc-default-executor-9] DEBUG client.RaftClient (RaftClientImpl.java:newRequest(95)) - attempt #1, newRequest RaftClientRequest:client-2312CCC7CA78->s0@group-796A68A19D2E, cid=104, seq=null, Watch-ALL_COMMITTED(35), null
2024-01-25 07:57:53,413 [grpc-default-executor-9] DEBUG impl.UnorderedAsync (UnorderedAsync.java:sendRequestWithRetry(80)) - client-2312CCC7CA78: attempt #1 send~ RaftClientRequest:client-2312CCC7CA78->s0@group-796A68A19D2E, cid=104, seq=null, Watch-ALL_COMMITTED(35), null
2024-01-25 07:57:53,413 [ForkJoinPool.commonPool-worker-0] DEBUG impl.UnorderedAsync (UnorderedAsync.java:lambda$sendRequestWithRetry$4(83)) - client-2312CCC7CA78: attempt #1 receive~ RaftClientReply:client-2312CCC7CA78->s0@group-796A68A19D2E, cid=99, SUCCESS, logIndex=59, commits[s0:c59, s1:c59, s2:c25]
2024-01-25 07:57:53,413 [timer3] DEBUG client.RaftClient (RaftClientImpl.java:handleIOException(435)) - client-2312CCC7CA78: oldLeader=s0,  curLeader=s0, newLeader=s1
2024-01-25 07:57:53,413 [s0-client-thread1] DEBUG server.RaftServer$Division (RaftServerImpl.java:submitClientRequestAsync(880)) - s0@group-796A68A19D2E: receive client request(RaftClientRequest:client-2312CCC7CA78->s0@group-796A68A19D2E, cid=100, seq=null, Watch-ALL_COMMITTED(33), Message:<EMPTY>)
2024-01-25 07:57:53,413 [Time-limited test] INFO  grpc.TestWatchRequestWithGrpc (WatchRequestTests.java:get(214)) - majorityCommitted-Watch(33) returns RaftClientReply:client-2312CCC7CA78->s0@group-796A68A19D2E, cid=99, SUCCESS, logIndex=59, commits[s0:c59, s1:c59, s2:c25]
2024-01-25 07:57:53,414 [Time-limited test] INFO  grpc.TestWatchRequestWithGrpc (WatchRequestTests.java:checkMajority(275)) - checkMajority 6: receive RaftClientReply:client-2312CCC7CA78->s0@group-796A68A19D2E, cid=63, SUCCESS, logIndex=35, commits[s0:c36, s1:c31, s2:c25]
2024-01-25 07:57:53,413 [s0-client-thread1] DEBUG server.RaftServer$Division (LeaderStateImpl.java:addWatchRequest(552)) - s0@group-796A68A19D2E-LeaderStateImpl: addWatchRequest RaftClientRequest:client-2312CCC7CA78->s0@group-796A68A19D2E, cid=100, seq=null, Watch-ALL_COMMITTED(33), Message:<EMPTY>
2024-01-25 07:57:53,413 [timer3] DEBUG client.RaftClient (RaftClientImpl.java:handleIOException(441)) - client-2312CCC7CA78 changes Leader from s0 to s1 for group-796A68A19D2E
org.apache.ratis.protocol.exceptions.TimeoutIOException: client-2312CCC7CA78->s0 request #64 timeout 3000ms
	at org.apache.ratis.grpc.client.GrpcClientProtocolClient$AsyncStreamObservers.lambda$timeoutCheck$5(GrpcClientProtocolClient.java:374)
	at java.util.Optional.ifPresent(Optional.java:159)
	at org.apache.ratis.grpc.client.GrpcClientProtocolClient$AsyncStreamObservers.handleReplyFuture(GrpcClientProtocolClient.java:378)
	at org.apache.ratis.grpc.client.GrpcClientProtocolClient$AsyncStreamObservers.timeoutCheck(GrpcClientProtocolClient.java:373)
	at org.apache.ratis.grpc.client.GrpcClientProtocolClient$AsyncStreamObservers.lambda$onNext$3(GrpcClientProtocolClient.java:366)
	at org.apache.ratis.util.TimeoutTimer.lambda$onTimeout$2(TimeoutTimer.java:101)
	at org.apache.ratis.util.LogUtils.runAndLog(LogUtils.java:38)
	at org.apache.ratis.util.LogUtils$1.run(LogUtils.java:78)
	at org.apache.ratis.util.TimeoutTimer$Task.run(TimeoutTimer.java:55)
	at java.util.TimerThread.mainLoop(Timer.java:555)
	at java.util.TimerThread.run(Timer.java:505)
2024-01-25 07:57:53,414 [timer7] ERROR impl.OrderedAsync (OrderedAsync.java:lambda$sendRequestWithRetry$6(207)) - client-2312CCC7CA78: Failed* RaftClientRequest:client-2312CCC7CA78->s0@group-796A68A19D2E, cid=67, seq=23, RW, m10
java.util.concurrent.CompletionException: org.apache.ratis.protocol.exceptions.TimeoutIOException: client-2312CCC7CA78->s0 request #67 timeout 3000ms
	at java.util.concurrent.CompletableFuture.encodeThrowable(CompletableFuture.java:292)
	at java.util.concurrent.CompletableFuture.completeThrowable(CompletableFuture.java:308)
	at java.util.concurrent.CompletableFuture.uniAccept(CompletableFuture.java:661)
	at java.util.concurrent.CompletableFuture$UniAccept.tryFire(CompletableFuture.java:646)
	at java.util.concurrent.CompletableFuture.postComplete(CompletableFuture.java:488)
	at java.util.concurrent.CompletableFuture.completeExceptionally(CompletableFuture.java:1990)
	at org.apache.ratis.grpc.client.GrpcClientProtocolClient$AsyncStreamObservers.lambda$timeoutCheck$5(GrpcClientProtocolClient.java:373)
	at java.util.Optional.ifPresent(Optional.java:159)
	at org.apache.ratis.grpc.client.GrpcClientProtocolClient$AsyncStreamObservers.handleReplyFuture(GrpcClientProtocolClient.java:378)
	at org.apache.ratis.grpc.client.GrpcClientProtocolClient$AsyncStreamObservers.timeoutCheck(GrpcClientProtocolClient.java:373)
	at org.apache.ratis.grpc.client.GrpcClientProtocolClient$AsyncStreamObservers.lambda$onNext$3(GrpcClientProtocolClient.java:366)
	at org.apache.ratis.util.TimeoutTimer.lambda$onTimeout$2(TimeoutTimer.java:101)
	at org.apache.ratis.util.LogUtils.runAndLog(LogUtils.java:38)
	at org.apache.ratis.util.LogUtils$1.run(LogUtils.java:78)
	at org.apache.ratis.util.TimeoutTimer$Task.run(TimeoutTimer.java:55)
	at java.util.TimerThread.mainLoop(Timer.java:555)
	at java.util.TimerThread.run(Timer.java:505)
Caused by: org.apache.ratis.protocol.exceptions.TimeoutIOException: client-2312CCC7CA78->s0 request #67 timeout 3000ms
	at org.apache.ratis.grpc.client.GrpcClientProtocolClient$AsyncStreamObservers.lambda$timeoutCheck$5(GrpcClientProtocolClient.java:374)
	... 10 more
2024-01-25 07:57:53,414 [grpc-default-executor-9] DEBUG client.RaftClient (RaftClientImpl.java:add(146)) - client-2312CCC7CA78: add replied callId 65
2024-01-25 07:57:53,415 [timer3] ERROR impl.OrderedAsync (OrderedAsync.java:lambda$sendRequestWithRetry$6(207)) - client-2312CCC7CA78: Failed* RaftClientRequest:client-2312CCC7CA78->s0@group-796A68A19D2E, cid=66, seq=22, RW, m9
java.util.concurrent.CompletionException: org.apache.ratis.protocol.exceptions.AlreadyClosedException: client-2312CCC7CA78->s0: Stream close: no reply for async request cid=66
	at java.util.concurrent.CompletableFuture.encodeThrowable(CompletableFuture.java:292)
	at java.util.concurrent.CompletableFuture.completeThrowable(CompletableFuture.java:308)
	at java.util.concurrent.CompletableFuture.uniAccept(CompletableFuture.java:661)
	at java.util.concurrent.CompletableFuture$UniAccept.tryFire(CompletableFuture.java:646)
	at java.util.concurrent.CompletableFuture.postComplete(CompletableFuture.java:488)
	at java.util.concurrent.CompletableFuture.completeExceptionally(CompletableFuture.java:1990)
	at org.apache.ratis.grpc.client.GrpcClientProtocolClient$AsyncStreamObservers.completeReplyExceptionally(GrpcClientProtocolClient.java:394)
	at org.apache.ratis.grpc.client.GrpcClientProtocolClient$AsyncStreamObservers.close(GrpcClientProtocolClient.java:383)
	at org.apache.ratis.grpc.client.GrpcClientProtocolClient$AsyncStreamObservers.access$500(GrpcClientProtocolClient.java:300)
	at org.apache.ratis.grpc.client.GrpcClientProtocolClient.lambda$close$3(GrpcClientProtocolClient.java:160)
	at java.util.Optional.ifPresent(Optional.java:159)
	at org.apache.ratis.grpc.client.GrpcClientProtocolClient.close(GrpcClientProtocolClient.java:160)
	at org.apache.ratis.util.PeerProxyMap.closeProxy(PeerProxyMap.java:197)
	at org.apache.ratis.util.PeerProxyMap.lambda$resetProxy$2(PeerProxyMap.java:158)
	at java.util.Optional.map(Optional.java:215)
	at org.apache.ratis.util.PeerProxyMap.resetProxy(PeerProxyMap.java:158)
	at org.apache.ratis.util.PeerProxyMap.handleException(PeerProxyMap.java:165)
	at org.apache.ratis.client.impl.RaftClientRpcWithProxy.handleException(RaftClientRpcWithProxy.java:48)
	at org.apache.ratis.client.impl.RaftClientImpl.handleIOException(RaftClientImpl.java:445)
	at org.apache.ratis.client.impl.OrderedAsync.handleException(OrderedAsync.java:237)
	at org.apache.ratis.client.impl.OrderedAsync.lambda$sendRequestWithRetry$6(OrderedAsync.java:208)
	at java.util.concurrent.CompletableFuture.uniExceptionally(CompletableFuture.java:884)
	at java.util.concurrent.CompletableFuture$UniExceptionally.tryFire(CompletableFuture.java:866)
	at java.util.concurrent.CompletableFuture.postComplete(CompletableFuture.java:488)
	at java.util.concurrent.CompletableFuture.completeExceptionally(CompletableFuture.java:1990)
	at org.apache.ratis.grpc.client.GrpcClientProtocolClient$AsyncStreamObservers.lambda$timeoutCheck$5(GrpcClientProtocolClient.java:373)
	at java.util.Optional.ifPresent(Optional.java:159)
	at org.apache.ratis.grpc.client.GrpcClientProtocolClient$AsyncStreamObservers.handleReplyFuture(GrpcClientProtocolClient.java:378)
	at org.apache.ratis.grpc.client.GrpcClientProtocolClient$AsyncStreamObservers.timeoutCheck(GrpcClientProtocolClient.java:373)
	at org.apache.ratis.grpc.client.GrpcClientProtocolClient$AsyncStreamObservers.lambda$onNext$3(GrpcClientProtocolClient.java:366)
	at org.apache.ratis.util.TimeoutTimer.lambda$onTimeout$2(TimeoutTimer.java:101)
	at org.apache.ratis.util.LogUtils.runAndLog(LogUtils.java:38)
	at org.apache.ratis.util.LogUtils$1.run(LogUtils.java:78)
	at org.apache.ratis.util.TimeoutTimer$Task.run(TimeoutTimer.java:55)
	at java.util.TimerThread.mainLoop(Timer.java:555)
	at java.util.TimerThread.run(Timer.java:505)
Caused by: org.apache.ratis.protocol.exceptions.AlreadyClosedException: client-2312CCC7CA78->s0: Stream close: no reply for async request cid=66
	at org.apache.ratis.grpc.client.GrpcClientProtocolClient$AsyncStreamObservers.completeReplyExceptionally(GrpcClientProtocolClient.java:396)
	... 29 more
2024-01-25 07:57:53,417 [timer3] DEBUG client.RaftClient (RaftClientImpl.java:handleIOException(417)) - client-2312CCC7CA78: suggested new leader: null. Failed RaftClientRequest:client-2312CCC7CA78->s0@group-796A68A19D2E, cid=66, seq=22, RW, m9
org.apache.ratis.protocol.exceptions.AlreadyClosedException: client-2312CCC7CA78->s0: Stream close: no reply for async request cid=66
	at org.apache.ratis.grpc.client.GrpcClientProtocolClient$AsyncStreamObservers.completeReplyExceptionally(GrpcClientProtocolClient.java:396)
	at org.apache.ratis.grpc.client.GrpcClientProtocolClient$AsyncStreamObservers.close(GrpcClientProtocolClient.java:383)
	at org.apache.ratis.grpc.client.GrpcClientProtocolClient$AsyncStreamObservers.access$500(GrpcClientProtocolClient.java:300)
	at org.apache.ratis.grpc.client.GrpcClientProtocolClient.lambda$close$3(GrpcClientProtocolClient.java:160)
	at java.util.Optional.ifPresent(Optional.java:159)
	at org.apache.ratis.grpc.client.GrpcClientProtocolClient.close(GrpcClientProtocolClient.java:160)
	at org.apache.ratis.util.PeerProxyMap.closeProxy(PeerProxyMap.java:197)
	at org.apache.ratis.util.PeerProxyMap.lambda$resetProxy$2(PeerProxyMap.java:158)
	at java.util.Optional.map(Optional.java:215)
	at org.apache.ratis.util.PeerProxyMap.resetProxy(PeerProxyMap.java:158)
	at org.apache.ratis.util.PeerProxyMap.handleException(PeerProxyMap.java:165)
	at org.apache.ratis.client.impl.RaftClientRpcWithProxy.handleException(RaftClientRpcWithProxy.java:48)
	at org.apache.ratis.client.impl.RaftClientImpl.handleIOException(RaftClientImpl.java:445)
	at org.apache.ratis.client.impl.OrderedAsync.handleException(OrderedAsync.java:237)
	at org.apache.ratis.client.impl.OrderedAsync.lambda$sendRequestWithRetry$6(OrderedAsync.java:208)
	at java.util.concurrent.CompletableFuture.uniExceptionally(CompletableFuture.java:884)
	at java.util.concurrent.CompletableFuture$UniExceptionally.tryFire(CompletableFuture.java:866)
	at java.util.concurrent.CompletableFuture.postComplete(CompletableFuture.java:488)
	at java.util.concurrent.CompletableFuture.completeExceptionally(CompletableFuture.java:1990)
	at org.apache.ratis.grpc.client.GrpcClientProtocolClient$AsyncStreamObservers.lambda$timeoutCheck$5(GrpcClientProtocolClient.java:373)
	at java.util.Optional.ifPresent(Optional.java:159)
	at org.apache.ratis.grpc.client.GrpcClientProtocolClient$AsyncStreamObservers.handleReplyFuture(GrpcClientProtocolClient.java:378)
	at org.apache.ratis.grpc.client.GrpcClientProtocolClient$AsyncStreamObservers.timeoutCheck(GrpcClientProtocolClient.java:373)
	at org.apache.ratis.grpc.client.GrpcClientProtocolClient$AsyncStreamObservers.lambda$onNext$3(GrpcClientProtocolClient.java:366)
	at org.apache.ratis.util.TimeoutTimer.lambda$onTimeout$2(TimeoutTimer.java:101)
	at org.apache.ratis.util.LogUtils.runAndLog(LogUtils.java:38)
	at org.apache.ratis.util.LogUtils$1.run(LogUtils.java:78)
	at org.apache.ratis.util.TimeoutTimer$Task.run(TimeoutTimer.java:55)
	at java.util.TimerThread.mainLoop(Timer.java:555)
	at java.util.TimerThread.run(Timer.java:505)
2024-01-25 07:57:53,415 [timer0] ERROR impl.OrderedAsync (OrderedAsync.java:lambda$sendRequestWithRetry$6(207)) - client-2312CCC7CA78: Failed* RaftClientRequest:client-2312CCC7CA78->s0@group-796A68A19D2E, cid=69, seq=25, RW, m12
java.util.concurrent.CompletionException: org.apache.ratis.protocol.exceptions.TimeoutIOException: client-2312CCC7CA78->s0 request #69 timeout 3000ms
	at java.util.concurrent.CompletableFuture.encodeThrowable(CompletableFuture.java:292)
	at java.util.concurrent.CompletableFuture.completeThrowable(CompletableFuture.java:308)
	at java.util.concurrent.CompletableFuture.uniAccept(CompletableFuture.java:661)
	at java.util.concurrent.CompletableFuture$UniAccept.tryFire(CompletableFuture.java:646)
	at java.util.concurrent.CompletableFuture.postComplete(CompletableFuture.java:488)
	at java.util.concurrent.CompletableFuture.completeExceptionally(CompletableFuture.java:1990)
	at org.apache.ratis.grpc.client.GrpcClientProtocolClient$AsyncStreamObservers.lambda$timeoutCheck$5(GrpcClientProtocolClient.java:373)
	at java.util.Optional.ifPresent(Optional.java:159)
	at org.apache.ratis.grpc.client.GrpcClientProtocolClient$AsyncStreamObservers.handleReplyFuture(GrpcClientProtocolClient.java:378)
	at org.apache.ratis.grpc.client.GrpcClientProtocolClient$AsyncStreamObservers.timeoutCheck(GrpcClientProtocolClient.java:373)
	at org.apache.ratis.grpc.client.GrpcClientProtocolClient$AsyncStreamObservers.lambda$onNext$3(GrpcClientProtocolClient.java:366)
	at org.apache.ratis.util.TimeoutTimer.lambda$onTimeout$2(TimeoutTimer.java:101)
	at org.apache.ratis.util.LogUtils.runAndLog(LogUtils.java:38)
	at org.apache.ratis.util.LogUtils$1.run(LogUtils.java:78)
	at org.apache.ratis.util.TimeoutTimer$Task.run(TimeoutTimer.java:55)
	at java.util.TimerThread.mainLoop(Timer.java:555)
	at java.util.TimerThread.run(Timer.java:505)
Caused by: org.apache.ratis.protocol.exceptions.TimeoutIOException: client-2312CCC7CA78->s0 request #69 timeout 3000ms
	at org.apache.ratis.grpc.client.GrpcClientProtocolClient$AsyncStreamObservers.lambda$timeoutCheck$5(GrpcClientProtocolClient.java:374)
	... 10 more
2024-01-25 07:57:53,414 [timer7] DEBUG client.RaftClient (RaftClientImpl.java:handleIOException(417)) - client-2312CCC7CA78: suggested new leader: null. Failed RaftClientRequest:client-2312CCC7CA78->s0@group-796A68A19D2E, cid=67, seq=23, RW, m10
org.apache.ratis.protocol.exceptions.TimeoutIOException: client-2312CCC7CA78->s0 request #67 timeout 3000ms
	at org.apache.ratis.grpc.client.GrpcClientProtocolClient$AsyncStreamObservers.lambda$timeoutCheck$5(GrpcClientProtocolClient.java:374)
	at java.util.Optional.ifPresent(Optional.java:159)
	at org.apache.ratis.grpc.client.GrpcClientProtocolClient$AsyncStreamObservers.handleReplyFuture(GrpcClientProtocolClient.java:378)
	at org.apache.ratis.grpc.client.GrpcClientProtocolClient$AsyncStreamObservers.timeoutCheck(GrpcClientProtocolClient.java:373)
	at org.apache.ratis.grpc.client.GrpcClientProtocolClient$AsyncStreamObservers.lambda$onNext$3(GrpcClientProtocolClient.java:366)
	at org.apache.ratis.util.TimeoutTimer.lambda$onTimeout$2(TimeoutTimer.java:101)
	at org.apache.ratis.util.LogUtils.runAndLog(LogUtils.java:38)
	at org.apache.ratis.util.LogUtils$1.run(LogUtils.java:78)
	at org.apache.ratis.util.TimeoutTimer$Task.run(TimeoutTimer.java:55)
	at java.util.TimerThread.mainLoop(Timer.java:555)
	at java.util.TimerThread.run(Timer.java:505)
2024-01-25 07:57:53,417 [timer7] TRACE client.RaftClient (RaftClientImpl.java:handleIOException(419)) - Stack trace
java.lang.Throwable: TRACE
	at org.apache.ratis.client.impl.RaftClientImpl.handleIOException(RaftClientImpl.java:419)
	at org.apache.ratis.client.impl.OrderedAsync.handleException(OrderedAsync.java:237)
	at org.apache.ratis.client.impl.OrderedAsync.lambda$sendRequestWithRetry$6(OrderedAsync.java:208)
	at java.util.concurrent.CompletableFuture.uniExceptionally(CompletableFuture.java:884)
	at java.util.concurrent.CompletableFuture$UniExceptionally.tryFire(CompletableFuture.java:866)
	at java.util.concurrent.CompletableFuture.postComplete(CompletableFuture.java:488)
	at java.util.concurrent.CompletableFuture.completeExceptionally(CompletableFuture.java:1990)
	at org.apache.ratis.grpc.client.GrpcClientProtocolClient$AsyncStreamObservers.lambda$timeoutCheck$5(GrpcClientProtocolClient.java:373)
	at java.util.Optional.ifPresent(Optional.java:159)
	at org.apache.ratis.grpc.client.GrpcClientProtocolClient$AsyncStreamObservers.handleReplyFuture(GrpcClientProtocolClient.java:378)
	at org.apache.ratis.grpc.client.GrpcClientProtocolClient$AsyncStreamObservers.timeoutCheck(GrpcClientProtocolClient.java:373)
	at org.apache.ratis.grpc.client.GrpcClientProtocolClient$AsyncStreamObservers.lambda$onNext$3(GrpcClientProtocolClient.java:366)
	at org.apache.ratis.util.TimeoutTimer.lambda$onTimeout$2(TimeoutTimer.java:101)
	at org.apache.ratis.util.LogUtils.runAndLog(LogUtils.java:38)
	at org.apache.ratis.util.LogUtils$1.run(LogUtils.java:78)
	at org.apache.ratis.util.TimeoutTimer$Task.run(TimeoutTimer.java:55)
	at java.util.TimerThread.mainLoop(Timer.java:555)
	at java.util.TimerThread.run(Timer.java:505)
2024-01-25 07:57:53,417 [timer0] DEBUG client.RaftClient (RaftClientImpl.java:handleIOException(417)) - client-2312CCC7CA78: suggested new leader: null. Failed RaftClientRequest:client-2312CCC7CA78->s0@group-796A68A19D2E, cid=69, seq=25, RW, m12
org.apache.ratis.protocol.exceptions.TimeoutIOException: client-2312CCC7CA78->s0 request #69 timeout 3000ms
	at org.apache.ratis.grpc.client.GrpcClientProtocolClient$AsyncStreamObservers.lambda$timeoutCheck$5(GrpcClientProtocolClient.java:374)
	at java.util.Optional.ifPresent(Optional.java:159)
	at org.apache.ratis.grpc.client.GrpcClientProtocolClient$AsyncStreamObservers.handleReplyFuture(GrpcClientProtocolClient.java:378)
	at org.apache.ratis.grpc.client.GrpcClientProtocolClient$AsyncStreamObservers.timeoutCheck(GrpcClientProtocolClient.java:373)
	at org.apache.ratis.grpc.client.GrpcClientProtocolClient$AsyncStreamObservers.lambda$onNext$3(GrpcClientProtocolClient.java:366)
	at org.apache.ratis.util.TimeoutTimer.lambda$onTimeout$2(TimeoutTimer.java:101)
	at org.apache.ratis.util.LogUtils.runAndLog(LogUtils.java:38)
	at org.apache.ratis.util.LogUtils$1.run(LogUtils.java:78)
	at org.apache.ratis.util.TimeoutTimer$Task.run(TimeoutTimer.java:55)
	at java.util.TimerThread.mainLoop(Timer.java:555)
	at java.util.TimerThread.run(Timer.java:505)
2024-01-25 07:57:53,417 [timer3] TRACE client.RaftClient (RaftClientImpl.java:handleIOException(419)) - Stack trace
java.lang.Throwable: TRACE
	at org.apache.ratis.client.impl.RaftClientImpl.handleIOException(RaftClientImpl.java:419)
	at org.apache.ratis.client.impl.OrderedAsync.handleException(OrderedAsync.java:237)
	at org.apache.ratis.client.impl.OrderedAsync.lambda$sendRequestWithRetry$6(OrderedAsync.java:208)
	at java.util.concurrent.CompletableFuture.uniExceptionally(CompletableFuture.java:884)
	at java.util.concurrent.CompletableFuture$UniExceptionally.tryFire(CompletableFuture.java:866)
	at java.util.concurrent.CompletableFuture.postComplete(CompletableFuture.java:488)
	at java.util.concurrent.CompletableFuture.completeExceptionally(CompletableFuture.java:1990)
	at org.apache.ratis.grpc.client.GrpcClientProtocolClient$AsyncStreamObservers.completeReplyExceptionally(GrpcClientProtocolClient.java:394)
	at org.apache.ratis.grpc.client.GrpcClientProtocolClient$AsyncStreamObservers.close(GrpcClientProtocolClient.java:383)
	at org.apache.ratis.grpc.client.GrpcClientProtocolClient$AsyncStreamObservers.access$500(GrpcClientProtocolClient.java:300)
	at org.apache.ratis.grpc.client.GrpcClientProtocolClient.lambda$close$3(GrpcClientProtocolClient.java:160)
	at java.util.Optional.ifPresent(Optional.java:159)
	at org.apache.ratis.grpc.client.GrpcClientProtocolClient.close(GrpcClientProtocolClient.java:160)
	at org.apache.ratis.util.PeerProxyMap.closeProxy(PeerProxyMap.java:197)
	at org.apache.ratis.util.PeerProxyMap.lambda$resetProxy$2(PeerProxyMap.java:158)
	at java.util.Optional.map(Optional.java:215)
	at org.apache.ratis.util.PeerProxyMap.resetProxy(PeerProxyMap.java:158)
	at org.apache.ratis.util.PeerProxyMap.handleException(PeerProxyMap.java:165)
	at org.apache.ratis.client.impl.RaftClientRpcWithProxy.handleException(RaftClientRpcWithProxy.java:48)
	at org.apache.ratis.client.impl.RaftClientImpl.handleIOException(RaftClientImpl.java:445)
	at org.apache.ratis.client.impl.OrderedAsync.handleException(OrderedAsync.java:237)
	at org.apache.ratis.client.impl.OrderedAsync.lambda$sendRequestWithRetry$6(OrderedAsync.java:208)
	at java.util.concurrent.CompletableFuture.uniExceptionally(CompletableFuture.java:884)
	at java.util.concurrent.CompletableFuture$UniExceptionally.tryFire(CompletableFuture.java:866)
	at java.util.concurrent.CompletableFuture.postComplete(CompletableFuture.java:488)
	at java.util.concurrent.CompletableFuture.completeExceptionally(CompletableFuture.java:1990)
	at org.apache.ratis.grpc.client.GrpcClientProtocolClient$AsyncStreamObservers.lambda$timeoutCheck$5(GrpcClientProtocolClient.java:373)
	at java.util.Optional.ifPresent(Optional.java:159)
	at org.apache.ratis.grpc.client.GrpcClientProtocolClient$AsyncStreamObservers.handleReplyFuture(GrpcClientProtocolClient.java:378)
	at org.apache.ratis.grpc.client.GrpcClientProtocolClient$AsyncStreamObservers.timeoutCheck(GrpcClientProtocolClient.java:373)
	at org.apache.ratis.grpc.client.GrpcClientProtocolClient$AsyncStreamObservers.lambda$onNext$3(GrpcClientProtocolClient.java:366)
	at org.apache.ratis.util.TimeoutTimer.lambda$onTimeout$2(TimeoutTimer.java:101)
	at org.apache.ratis.util.LogUtils.runAndLog(LogUtils.java:38)
	at org.apache.ratis.util.LogUtils$1.run(LogUtils.java:78)
	at org.apache.ratis.util.TimeoutTimer$Task.run(TimeoutTimer.java:55)
	at java.util.TimerThread.mainLoop(Timer.java:555)
	at java.util.TimerThread.run(Timer.java:505)
2024-01-25 07:57:53,416 [grpc-default-executor-9] INFO  grpc.TestWatchRequestWithGrpc (WatchRequestTests.java:lambda$sendRequests$0(113)) - SEND_WATCH: message=m8, logIndex=39
2024-01-25 07:57:53,416 [s0-client-thread1] DEBUG server.RaftServer$Division (RaftServerImpl.java:submitClientRequestAsync(880)) - s0@group-796A68A19D2E: receive client request(RaftClientRequest:client-2312CCC7CA78->s0@group-796A68A19D2E, cid=101, seq=null, Watch(35), Message:<EMPTY>)
2024-01-25 07:57:53,418 [grpc-default-executor-9] DEBUG client.RaftClient (RaftClientImpl.java:get(158)) - client-2312CCC7CA78: get 105 returns [65]
2024-01-25 07:57:53,417 [timer0] TRACE client.RaftClient (RaftClientImpl.java:handleIOException(419)) - Stack trace
java.lang.Throwable: TRACE
	at org.apache.ratis.client.impl.RaftClientImpl.handleIOException(RaftClientImpl.java:419)
	at org.apache.ratis.client.impl.OrderedAsync.handleException(OrderedAsync.java:237)
	at org.apache.ratis.client.impl.OrderedAsync.lambda$sendRequestWithRetry$6(OrderedAsync.java:208)
	at java.util.concurrent.CompletableFuture.uniExceptionally(CompletableFuture.java:884)
	at java.util.concurrent.CompletableFuture$UniExceptionally.tryFire(CompletableFuture.java:866)
	at java.util.concurrent.CompletableFuture.postComplete(CompletableFuture.java:488)
	at java.util.concurrent.CompletableFuture.completeExceptionally(CompletableFuture.java:1990)
	at org.apache.ratis.grpc.client.GrpcClientProtocolClient$AsyncStreamObservers.lambda$timeoutCheck$5(GrpcClientProtocolClient.java:373)
	at java.util.Optional.ifPresent(Optional.java:159)
	at org.apache.ratis.grpc.client.GrpcClientProtocolClient$AsyncStreamObservers.handleReplyFuture(GrpcClientProtocolClient.java:378)
	at org.apache.ratis.grpc.client.GrpcClientProtocolClient$AsyncStreamObservers.timeoutCheck(GrpcClientProtocolClient.java:373)
	at org.apache.ratis.grpc.client.GrpcClientProtocolClient$AsyncStreamObservers.lambda$onNext$3(GrpcClientProtocolClient.java:366)
	at org.apache.ratis.util.TimeoutTimer.lambda$onTimeout$2(TimeoutTimer.java:101)
	at org.apache.ratis.util.LogUtils.runAndLog(LogUtils.java:38)
	at org.apache.ratis.util.LogUtils$1.run(LogUtils.java:78)
	at org.apache.ratis.util.TimeoutTimer$Task.run(TimeoutTimer.java:55)
	at java.util.TimerThread.mainLoop(Timer.java:555)
	at java.util.TimerThread.run(Timer.java:505)
2024-01-25 07:57:53,418 [grpc-default-executor-9] DEBUG client.RaftClient (RaftClientImpl.java:newRequest(95)) - attempt #1, newRequest RaftClientRequest:client-2312CCC7CA78->s1@group-796A68A19D2E, cid=105, seq=null, Watch(39), null
2024-01-25 07:57:53,418 [grpc-default-executor-9] DEBUG impl.UnorderedAsync (UnorderedAsync.java:sendRequestWithRetry(80)) - client-2312CCC7CA78: attempt #1 send~ RaftClientRequest:client-2312CCC7CA78->s1@group-796A68A19D2E, cid=105, seq=null, Watch(39), null
2024-01-25 07:57:53,418 [s0-client-thread1] DEBUG server.RaftServer$Division (LeaderStateImpl.java:addWatchRequest(552)) - s0@group-796A68A19D2E-LeaderStateImpl: addWatchRequest RaftClientRequest:client-2312CCC7CA78->s0@group-796A68A19D2E, cid=101, seq=null, Watch(35), Message:<EMPTY>
2024-01-25 07:57:53,419 [s0-client-thread1] DEBUG server.RaftServer$Division (RaftServerImpl.java:submitClientRequestAsync(880)) - s0@group-796A68A19D2E: receive client request(RaftClientRequest:client-2312CCC7CA78->s0@group-796A68A19D2E, cid=102, seq=null, Watch-ALL(35), Message:<EMPTY>)
2024-01-25 07:57:53,419 [s0-client-thread1] DEBUG server.RaftServer$Division (LeaderStateImpl.java:addWatchRequest(552)) - s0@group-796A68A19D2E-LeaderStateImpl: addWatchRequest RaftClientRequest:client-2312CCC7CA78->s0@group-796A68A19D2E, cid=102, seq=null, Watch-ALL(35), Message:<EMPTY>
2024-01-25 07:57:53,419 [s0-client-thread1] DEBUG server.RaftServer$Division (RaftServerImpl.java:submitClientRequestAsync(880)) - s0@group-796A68A19D2E: receive client request(RaftClientRequest:client-2312CCC7CA78->s0@group-796A68A19D2E, cid=103, seq=null, Watch-MAJORITY_COMMITTED(35), Message:<EMPTY>)
2024-01-25 07:57:53,419 [s0-client-thread1] DEBUG server.RaftServer$Division (LeaderStateImpl.java:addWatchRequest(552)) - s0@group-796A68A19D2E-LeaderStateImpl: addWatchRequest RaftClientRequest:client-2312CCC7CA78->s0@group-796A68A19D2E, cid=103, seq=null, Watch-MAJORITY_COMMITTED(35), Message:<EMPTY>
2024-01-25 07:57:53,419 [ForkJoinPool.commonPool-worker-0] DEBUG impl.UnorderedAsync (UnorderedAsync.java:lambda$sendRequestWithRetry$4(83)) - client-2312CCC7CA78: attempt #1 receive~ RaftClientReply:client-2312CCC7CA78->s0@group-796A68A19D2E, cid=101, SUCCESS, logIndex=59, commits[s0:c59, s1:c59, s2:c25]
2024-01-25 07:57:53,420 [Time-limited test] INFO  grpc.TestWatchRequestWithGrpc (WatchRequestTests.java:get(214)) - majority-Watch(35) returns RaftClientReply:client-2312CCC7CA78->s0@group-796A68A19D2E, cid=101, SUCCESS, logIndex=59, commits[s0:c59, s1:c59, s2:c25]
2024-01-25 07:57:53,420 [s0-client-thread1] DEBUG server.RaftServer$Division (RaftServerImpl.java:submitClientRequestAsync(880)) - s0@group-796A68A19D2E: receive client request(RaftClientRequest:client-2312CCC7CA78->s0@group-796A68A19D2E, cid=104, seq=null, Watch-ALL_COMMITTED(35), Message:<EMPTY>)
2024-01-25 07:57:53,420 [s0-client-thread1] DEBUG server.RaftServer$Division (LeaderStateImpl.java:addWatchRequest(552)) - s0@group-796A68A19D2E-LeaderStateImpl: addWatchRequest RaftClientRequest:client-2312CCC7CA78->s0@group-796A68A19D2E, cid=104, seq=null, Watch-ALL_COMMITTED(35), Message:<EMPTY>
2024-01-25 07:57:53,420 [grpc-default-executor-9] DEBUG client.RaftClient (RaftClientImpl.java:get(158)) - client-2312CCC7CA78: get 106 returns []
2024-01-25 07:57:53,420 [grpc-default-executor-9] DEBUG client.RaftClient (RaftClientImpl.java:newRequest(95)) - attempt #1, newRequest RaftClientRequest:client-2312CCC7CA78->s1@group-796A68A19D2E, cid=106, seq=null, Watch-ALL(39), null
2024-01-25 07:57:53,420 [grpc-default-executor-9] DEBUG impl.UnorderedAsync (UnorderedAsync.java:sendRequestWithRetry(80)) - client-2312CCC7CA78: attempt #1 send~ RaftClientRequest:client-2312CCC7CA78->s1@group-796A68A19D2E, cid=106, seq=null, Watch-ALL(39), null
2024-01-25 07:57:53,420 [grpc-default-executor-9] DEBUG client.RaftClient (RaftClientImpl.java:get(158)) - client-2312CCC7CA78: get 107 returns []
2024-01-25 07:57:53,421 [grpc-default-executor-9] DEBUG client.RaftClient (RaftClientImpl.java:newRequest(95)) - attempt #1, newRequest RaftClientRequest:client-2312CCC7CA78->s1@group-796A68A19D2E, cid=107, seq=null, Watch-MAJORITY_COMMITTED(39), null
2024-01-25 07:57:53,421 [grpc-default-executor-9] DEBUG impl.UnorderedAsync (UnorderedAsync.java:sendRequestWithRetry(80)) - client-2312CCC7CA78: attempt #1 send~ RaftClientRequest:client-2312CCC7CA78->s1@group-796A68A19D2E, cid=107, seq=null, Watch-MAJORITY_COMMITTED(39), null
2024-01-25 07:57:53,421 [grpc-default-executor-9] DEBUG client.RaftClient (RaftClientImpl.java:get(158)) - client-2312CCC7CA78: get 108 returns []
2024-01-25 07:57:53,421 [grpc-default-executor-9] DEBUG client.RaftClient (RaftClientImpl.java:newRequest(95)) - attempt #1, newRequest RaftClientRequest:client-2312CCC7CA78->s1@group-796A68A19D2E, cid=108, seq=null, Watch-ALL_COMMITTED(39), null
2024-01-25 07:57:53,421 [grpc-default-executor-9] DEBUG impl.UnorderedAsync (UnorderedAsync.java:sendRequestWithRetry(80)) - client-2312CCC7CA78: attempt #1 send~ RaftClientRequest:client-2312CCC7CA78->s1@group-796A68A19D2E, cid=108, seq=null, Watch-ALL_COMMITTED(39), null
2024-01-25 07:57:53,421 [ForkJoinPool.commonPool-worker-0] DEBUG impl.UnorderedAsync (UnorderedAsync.java:lambda$sendRequestWithRetry$4(83)) - client-2312CCC7CA78: attempt #1 receive~ RaftClientReply:client-2312CCC7CA78->s0@group-796A68A19D2E, cid=103, SUCCESS, logIndex=59, commits[s0:c59, s1:c59, s2:c25]
2024-01-25 07:57:53,425 [Time-limited test] INFO  grpc.TestWatchRequestWithGrpc (WatchRequestTests.java:get(214)) - majorityCommitted-Watch(35) returns RaftClientReply:client-2312CCC7CA78->s0@group-796A68A19D2E, cid=103, SUCCESS, logIndex=59, commits[s0:c59, s1:c59, s2:c25]
2024-01-25 07:57:53,425 [timer0] DEBUG client.RaftClient (RaftClientImpl.java:handleIOException(435)) - client-2312CCC7CA78: oldLeader=s0,  curLeader=s1, newLeader=null
2024-01-25 07:57:53,425 [timer3] DEBUG client.RaftClient (RaftClientImpl.java:handleIOException(435)) - client-2312CCC7CA78: oldLeader=s0,  curLeader=s1, newLeader=null
2024-01-25 07:57:53,425 [timer3] ERROR impl.OrderedAsync (OrderedAsync.java:lambda$sendRequestWithRetry$6(207)) - client-2312CCC7CA78: Failed* RaftClientRequest:client-2312CCC7CA78->s0@group-796A68A19D2E, cid=68, seq=24, RW, m11
java.util.concurrent.CompletionException: org.apache.ratis.protocol.exceptions.AlreadyClosedException: client-2312CCC7CA78->s0: Stream close: no reply for async request cid=68
	at java.util.concurrent.CompletableFuture.encodeThrowable(CompletableFuture.java:292)
	at java.util.concurrent.CompletableFuture.completeThrowable(CompletableFuture.java:308)
	at java.util.concurrent.CompletableFuture.uniAccept(CompletableFuture.java:661)
	at java.util.concurrent.CompletableFuture$UniAccept.tryFire(CompletableFuture.java:646)
	at java.util.concurrent.CompletableFuture.postComplete(CompletableFuture.java:488)
	at java.util.concurrent.CompletableFuture.completeExceptionally(CompletableFuture.java:1990)
	at org.apache.ratis.grpc.client.GrpcClientProtocolClient$AsyncStreamObservers.completeReplyExceptionally(GrpcClientProtocolClient.java:394)
	at org.apache.ratis.grpc.client.GrpcClientProtocolClient$AsyncStreamObservers.close(GrpcClientProtocolClient.java:383)
	at org.apache.ratis.grpc.client.GrpcClientProtocolClient$AsyncStreamObservers.access$500(GrpcClientProtocolClient.java:300)
	at org.apache.ratis.grpc.client.GrpcClientProtocolClient.lambda$close$3(GrpcClientProtocolClient.java:160)
	at java.util.Optional.ifPresent(Optional.java:159)
	at org.apache.ratis.grpc.client.GrpcClientProtocolClient.close(GrpcClientProtocolClient.java:160)
	at org.apache.ratis.util.PeerProxyMap.closeProxy(PeerProxyMap.java:197)
	at org.apache.ratis.util.PeerProxyMap.lambda$resetProxy$2(PeerProxyMap.java:158)
	at java.util.Optional.map(Optional.java:215)
	at org.apache.ratis.util.PeerProxyMap.resetProxy(PeerProxyMap.java:158)
	at org.apache.ratis.util.PeerProxyMap.handleException(PeerProxyMap.java:165)
	at org.apache.ratis.client.impl.RaftClientRpcWithProxy.handleException(RaftClientRpcWithProxy.java:48)
	at org.apache.ratis.client.impl.RaftClientImpl.handleIOException(RaftClientImpl.java:445)
	at org.apache.ratis.client.impl.OrderedAsync.handleException(OrderedAsync.java:237)
	at org.apache.ratis.client.impl.OrderedAsync.lambda$sendRequestWithRetry$6(OrderedAsync.java:208)
	at java.util.concurrent.CompletableFuture.uniExceptionally(CompletableFuture.java:884)
	at java.util.concurrent.CompletableFuture$UniExceptionally.tryFire(CompletableFuture.java:866)
	at java.util.concurrent.CompletableFuture.postComplete(CompletableFuture.java:488)
	at java.util.concurrent.CompletableFuture.completeExceptionally(CompletableFuture.java:1990)
	at org.apache.ratis.grpc.client.GrpcClientProtocolClient$AsyncStreamObservers.lambda$timeoutCheck$5(GrpcClientProtocolClient.java:373)
	at java.util.Optional.ifPresent(Optional.java:159)
	at org.apache.ratis.grpc.client.GrpcClientProtocolClient$AsyncStreamObservers.handleReplyFuture(GrpcClientProtocolClient.java:378)
	at org.apache.ratis.grpc.client.GrpcClientProtocolClient$AsyncStreamObservers.timeoutCheck(GrpcClientProtocolClient.java:373)
	at org.apache.ratis.grpc.client.GrpcClientProtocolClient$AsyncStreamObservers.lambda$onNext$3(GrpcClientProtocolClient.java:366)
	at org.apache.ratis.util.TimeoutTimer.lambda$onTimeout$2(TimeoutTimer.java:101)
	at org.apache.ratis.util.LogUtils.runAndLog(LogUtils.java:38)
	at org.apache.ratis.util.LogUtils$1.run(LogUtils.java:78)
	at org.apache.ratis.util.TimeoutTimer$Task.run(TimeoutTimer.java:55)
	at java.util.TimerThread.mainLoop(Timer.java:555)
	at java.util.TimerThread.run(Timer.java:505)
Caused by: org.apache.ratis.protocol.exceptions.AlreadyClosedException: client-2312CCC7CA78->s0: Stream close: no reply for async request cid=68
	at org.apache.ratis.grpc.client.GrpcClientProtocolClient$AsyncStreamObservers.completeReplyExceptionally(GrpcClientProtocolClient.java:396)
	... 29 more
2024-01-25 07:57:53,426 [timer3] DEBUG client.RaftClient (RaftClientImpl.java:handleIOException(417)) - client-2312CCC7CA78: suggested new leader: null. Failed RaftClientRequest:client-2312CCC7CA78->s0@group-796A68A19D2E, cid=68, seq=24, RW, m11
org.apache.ratis.protocol.exceptions.AlreadyClosedException: client-2312CCC7CA78->s0: Stream close: no reply for async request cid=68
	at org.apache.ratis.grpc.client.GrpcClientProtocolClient$AsyncStreamObservers.completeReplyExceptionally(GrpcClientProtocolClient.java:396)
	at org.apache.ratis.grpc.client.GrpcClientProtocolClient$AsyncStreamObservers.close(GrpcClientProtocolClient.java:383)
	at org.apache.ratis.grpc.client.GrpcClientProtocolClient$AsyncStreamObservers.access$500(GrpcClientProtocolClient.java:300)
	at org.apache.ratis.grpc.client.GrpcClientProtocolClient.lambda$close$3(GrpcClientProtocolClient.java:160)
	at java.util.Optional.ifPresent(Optional.java:159)
	at org.apache.ratis.grpc.client.GrpcClientProtocolClient.close(GrpcClientProtocolClient.java:160)
	at org.apache.ratis.util.PeerProxyMap.closeProxy(PeerProxyMap.java:197)
	at org.apache.ratis.util.PeerProxyMap.lambda$resetProxy$2(PeerProxyMap.java:158)
	at java.util.Optional.map(Optional.java:215)
	at org.apache.ratis.util.PeerProxyMap.resetProxy(PeerProxyMap.java:158)
	at org.apache.ratis.util.PeerProxyMap.handleException(PeerProxyMap.java:165)
	at org.apache.ratis.client.impl.RaftClientRpcWithProxy.handleException(RaftClientRpcWithProxy.java:48)
	at org.apache.ratis.client.impl.RaftClientImpl.handleIOException(RaftClientImpl.java:445)
	at org.apache.ratis.client.impl.OrderedAsync.handleException(OrderedAsync.java:237)
	at org.apache.ratis.client.impl.OrderedAsync.lambda$sendRequestWithRetry$6(OrderedAsync.java:208)
	at java.util.concurrent.CompletableFuture.uniExceptionally(CompletableFuture.java:884)
	at java.util.concurrent.CompletableFuture$UniExceptionally.tryFire(CompletableFuture.java:866)
	at java.util.concurrent.CompletableFuture.postComplete(CompletableFuture.java:488)
	at java.util.concurrent.CompletableFuture.completeExceptionally(CompletableFuture.java:1990)
	at org.apache.ratis.grpc.client.GrpcClientProtocolClient$AsyncStreamObservers.lambda$timeoutCheck$5(GrpcClientProtocolClient.java:373)
	at java.util.Optional.ifPresent(Optional.java:159)
	at org.apache.ratis.grpc.client.GrpcClientProtocolClient$AsyncStreamObservers.handleReplyFuture(GrpcClientProtocolClient.java:378)
	at org.apache.ratis.grpc.client.GrpcClientProtocolClient$AsyncStreamObservers.timeoutCheck(GrpcClientProtocolClient.java:373)
	at org.apache.ratis.grpc.client.GrpcClientProtocolClient$AsyncStreamObservers.lambda$onNext$3(GrpcClientProtocolClient.java:366)
	at org.apache.ratis.util.TimeoutTimer.lambda$onTimeout$2(TimeoutTimer.java:101)
	at org.apache.ratis.util.LogUtils.runAndLog(LogUtils.java:38)
	at org.apache.ratis.util.LogUtils$1.run(LogUtils.java:78)
	at org.apache.ratis.util.TimeoutTimer$Task.run(TimeoutTimer.java:55)
	at java.util.TimerThread.mainLoop(Timer.java:555)
	at java.util.TimerThread.run(Timer.java:505)
2024-01-25 07:57:53,426 [timer3] TRACE client.RaftClient (RaftClientImpl.java:handleIOException(419)) - Stack trace
java.lang.Throwable: TRACE
	at org.apache.ratis.client.impl.RaftClientImpl.handleIOException(RaftClientImpl.java:419)
	at org.apache.ratis.client.impl.OrderedAsync.handleException(OrderedAsync.java:237)
	at org.apache.ratis.client.impl.OrderedAsync.lambda$sendRequestWithRetry$6(OrderedAsync.java:208)
	at java.util.concurrent.CompletableFuture.uniExceptionally(CompletableFuture.java:884)
	at java.util.concurrent.CompletableFuture$UniExceptionally.tryFire(CompletableFuture.java:866)
	at java.util.concurrent.CompletableFuture.postComplete(CompletableFuture.java:488)
	at java.util.concurrent.CompletableFuture.completeExceptionally(CompletableFuture.java:1990)
	at org.apache.ratis.grpc.client.GrpcClientProtocolClient$AsyncStreamObservers.completeReplyExceptionally(GrpcClientProtocolClient.java:394)
	at org.apache.ratis.grpc.client.GrpcClientProtocolClient$AsyncStreamObservers.close(GrpcClientProtocolClient.java:383)
	at org.apache.ratis.grpc.client.GrpcClientProtocolClient$AsyncStreamObservers.access$500(GrpcClientProtocolClient.java:300)
	at org.apache.ratis.grpc.client.GrpcClientProtocolClient.lambda$close$3(GrpcClientProtocolClient.java:160)
	at java.util.Optional.ifPresent(Optional.java:159)
	at org.apache.ratis.grpc.client.GrpcClientProtocolClient.close(GrpcClientProtocolClient.java:160)
	at org.apache.ratis.util.PeerProxyMap.closeProxy(PeerProxyMap.java:197)
	at org.apache.ratis.util.PeerProxyMap.lambda$resetProxy$2(PeerProxyMap.java:158)
	at java.util.Optional.map(Optional.java:215)
	at org.apache.ratis.util.PeerProxyMap.resetProxy(PeerProxyMap.java:158)
	at org.apache.ratis.util.PeerProxyMap.handleException(PeerProxyMap.java:165)
	at org.apache.ratis.client.impl.RaftClientRpcWithProxy.handleException(RaftClientRpcWithProxy.java:48)
	at org.apache.ratis.client.impl.RaftClientImpl.handleIOException(RaftClientImpl.java:445)
	at org.apache.ratis.client.impl.OrderedAsync.handleException(OrderedAsync.java:237)
	at org.apache.ratis.client.impl.OrderedAsync.lambda$sendRequestWithRetry$6(OrderedAsync.java:208)
	at java.util.concurrent.CompletableFuture.uniExceptionally(CompletableFuture.java:884)
	at java.util.concurrent.CompletableFuture$UniExceptionally.tryFire(CompletableFuture.java:866)
	at java.util.concurrent.CompletableFuture.postComplete(CompletableFuture.java:488)
	at java.util.concurrent.CompletableFuture.completeExceptionally(CompletableFuture.java:1990)
	at org.apache.ratis.grpc.client.GrpcClientProtocolClient$AsyncStreamObservers.lambda$timeoutCheck$5(GrpcClientProtocolClient.java:373)
	at java.util.Optional.ifPresent(Optional.java:159)
	at org.apache.ratis.grpc.client.GrpcClientProtocolClient$AsyncStreamObservers.handleReplyFuture(GrpcClientProtocolClient.java:378)
	at org.apache.ratis.grpc.client.GrpcClientProtocolClient$AsyncStreamObservers.timeoutCheck(GrpcClientProtocolClient.java:373)
	at org.apache.ratis.grpc.client.GrpcClientProtocolClient$AsyncStreamObservers.lambda$onNext$3(GrpcClientProtocolClient.java:366)
	at org.apache.ratis.util.TimeoutTimer.lambda$onTimeout$2(TimeoutTimer.java:101)
	at org.apache.ratis.util.LogUtils.runAndLog(LogUtils.java:38)
	at org.apache.ratis.util.LogUtils$1.run(LogUtils.java:78)
	at org.apache.ratis.util.TimeoutTimer$Task.run(TimeoutTimer.java:55)
	at java.util.TimerThread.mainLoop(Timer.java:555)
	at java.util.TimerThread.run(Timer.java:505)
2024-01-25 07:57:53,426 [timer3] DEBUG client.RaftClient (RaftClientImpl.java:handleIOException(435)) - client-2312CCC7CA78: oldLeader=s0,  curLeader=s1, newLeader=null
2024-01-25 07:57:53,426 [timer3] ERROR impl.OrderedAsync (OrderedAsync.java:lambda$sendRequestWithRetry$6(207)) - client-2312CCC7CA78: Failed* RaftClientRequest:client-2312CCC7CA78->s0@group-796A68A19D2E, cid=70, seq=26, RW, m13
java.util.concurrent.CompletionException: org.apache.ratis.protocol.exceptions.AlreadyClosedException: client-2312CCC7CA78->s0: Stream close: no reply for async request cid=70
	at java.util.concurrent.CompletableFuture.encodeThrowable(CompletableFuture.java:292)
	at java.util.concurrent.CompletableFuture.completeThrowable(CompletableFuture.java:308)
	at java.util.concurrent.CompletableFuture.uniAccept(CompletableFuture.java:661)
	at java.util.concurrent.CompletableFuture$UniAccept.tryFire(CompletableFuture.java:646)
	at java.util.concurrent.CompletableFuture.postComplete(CompletableFuture.java:488)
	at java.util.concurrent.CompletableFuture.completeExceptionally(CompletableFuture.java:1990)
	at org.apache.ratis.grpc.client.GrpcClientProtocolClient$AsyncStreamObservers.completeReplyExceptionally(GrpcClientProtocolClient.java:394)
	at org.apache.ratis.grpc.client.GrpcClientProtocolClient$AsyncStreamObservers.close(GrpcClientProtocolClient.java:383)
	at org.apache.ratis.grpc.client.GrpcClientProtocolClient$AsyncStreamObservers.access$500(GrpcClientProtocolClient.java:300)
	at org.apache.ratis.grpc.client.GrpcClientProtocolClient.lambda$close$3(GrpcClientProtocolClient.java:160)
	at java.util.Optional.ifPresent(Optional.java:159)
	at org.apache.ratis.grpc.client.GrpcClientProtocolClient.close(GrpcClientProtocolClient.java:160)
	at org.apache.ratis.util.PeerProxyMap.closeProxy(PeerProxyMap.java:197)
	at org.apache.ratis.util.PeerProxyMap.lambda$resetProxy$2(PeerProxyMap.java:158)
	at java.util.Optional.map(Optional.java:215)
	at org.apache.ratis.util.PeerProxyMap.resetProxy(PeerProxyMap.java:158)
	at org.apache.ratis.util.PeerProxyMap.handleException(PeerProxyMap.java:165)
	at org.apache.ratis.client.impl.RaftClientRpcWithProxy.handleException(RaftClientRpcWithProxy.java:48)
	at org.apache.ratis.client.impl.RaftClientImpl.handleIOException(RaftClientImpl.java:445)
	at org.apache.ratis.client.impl.OrderedAsync.handleException(OrderedAsync.java:237)
	at org.apache.ratis.client.impl.OrderedAsync.lambda$sendRequestWithRetry$6(OrderedAsync.java:208)
	at java.util.concurrent.CompletableFuture.uniExceptionally(CompletableFuture.java:884)
	at java.util.concurrent.CompletableFuture$UniExceptionally.tryFire(CompletableFuture.java:866)
	at java.util.concurrent.CompletableFuture.postComplete(CompletableFuture.java:488)
	at java.util.concurrent.CompletableFuture.completeExceptionally(CompletableFuture.java:1990)
	at org.apache.ratis.grpc.client.GrpcClientProtocolClient$AsyncStreamObservers.lambda$timeoutCheck$5(GrpcClientProtocolClient.java:373)
	at java.util.Optional.ifPresent(Optional.java:159)
	at org.apache.ratis.grpc.client.GrpcClientProtocolClient$AsyncStreamObservers.handleReplyFuture(GrpcClientProtocolClient.java:378)
	at org.apache.ratis.grpc.client.GrpcClientProtocolClient$AsyncStreamObservers.timeoutCheck(GrpcClientProtocolClient.java:373)
	at org.apache.ratis.grpc.client.GrpcClientProtocolClient$AsyncStreamObservers.lambda$onNext$3(GrpcClientProtocolClient.java:366)
	at org.apache.ratis.util.TimeoutTimer.lambda$onTimeout$2(TimeoutTimer.java:101)
	at org.apache.ratis.util.LogUtils.runAndLog(LogUtils.java:38)
	at org.apache.ratis.util.LogUtils$1.run(LogUtils.java:78)
	at org.apache.ratis.util.TimeoutTimer$Task.run(TimeoutTimer.java:55)
	at java.util.TimerThread.mainLoop(Timer.java:555)
	at java.util.TimerThread.run(Timer.java:505)
Caused by: org.apache.ratis.protocol.exceptions.AlreadyClosedException: client-2312CCC7CA78->s0: Stream close: no reply for async request cid=70
	at org.apache.ratis.grpc.client.GrpcClientProtocolClient$AsyncStreamObservers.completeReplyExceptionally(GrpcClientProtocolClient.java:396)
	... 29 more
2024-01-25 07:57:53,426 [timer3] DEBUG client.RaftClient (RaftClientImpl.java:handleIOException(417)) - client-2312CCC7CA78: suggested new leader: null. Failed RaftClientRequest:client-2312CCC7CA78->s0@group-796A68A19D2E, cid=70, seq=26, RW, m13
org.apache.ratis.protocol.exceptions.AlreadyClosedException: client-2312CCC7CA78->s0: Stream close: no reply for async request cid=70
	at org.apache.ratis.grpc.client.GrpcClientProtocolClient$AsyncStreamObservers.completeReplyExceptionally(GrpcClientProtocolClient.java:396)
	at org.apache.ratis.grpc.client.GrpcClientProtocolClient$AsyncStreamObservers.close(GrpcClientProtocolClient.java:383)
	at org.apache.ratis.grpc.client.GrpcClientProtocolClient$AsyncStreamObservers.access$500(GrpcClientProtocolClient.java:300)
	at org.apache.ratis.grpc.client.GrpcClientProtocolClient.lambda$close$3(GrpcClientProtocolClient.java:160)
	at java.util.Optional.ifPresent(Optional.java:159)
	at org.apache.ratis.grpc.client.GrpcClientProtocolClient.close(GrpcClientProtocolClient.java:160)
	at org.apache.ratis.util.PeerProxyMap.closeProxy(PeerProxyMap.java:197)
	at org.apache.ratis.util.PeerProxyMap.lambda$resetProxy$2(PeerProxyMap.java:158)
	at java.util.Optional.map(Optional.java:215)
	at org.apache.ratis.util.PeerProxyMap.resetProxy(PeerProxyMap.java:158)
	at org.apache.ratis.util.PeerProxyMap.handleException(PeerProxyMap.java:165)
	at org.apache.ratis.client.impl.RaftClientRpcWithProxy.handleException(RaftClientRpcWithProxy.java:48)
	at org.apache.ratis.client.impl.RaftClientImpl.handleIOException(RaftClientImpl.java:445)
	at org.apache.ratis.client.impl.OrderedAsync.handleException(OrderedAsync.java:237)
	at org.apache.ratis.client.impl.OrderedAsync.lambda$sendRequestWithRetry$6(OrderedAsync.java:208)
	at java.util.concurrent.CompletableFuture.uniExceptionally(CompletableFuture.java:884)
	at java.util.concurrent.CompletableFuture$UniExceptionally.tryFire(CompletableFuture.java:866)
	at java.util.concurrent.CompletableFuture.postComplete(CompletableFuture.java:488)
	at java.util.concurrent.CompletableFuture.completeExceptionally(CompletableFuture.java:1990)
	at org.apache.ratis.grpc.client.GrpcClientProtocolClient$AsyncStreamObservers.lambda$timeoutCheck$5(GrpcClientProtocolClient.java:373)
	at java.util.Optional.ifPresent(Optional.java:159)
	at org.apache.ratis.grpc.client.GrpcClientProtocolClient$AsyncStreamObservers.handleReplyFuture(GrpcClientProtocolClient.java:378)
	at org.apache.ratis.grpc.client.GrpcClientProtocolClient$AsyncStreamObservers.timeoutCheck(GrpcClientProtocolClient.java:373)
	at org.apache.ratis.grpc.client.GrpcClientProtocolClient$AsyncStreamObservers.lambda$onNext$3(GrpcClientProtocolClient.java:366)
	at org.apache.ratis.util.TimeoutTimer.lambda$onTimeout$2(TimeoutTimer.java:101)
	at org.apache.ratis.util.LogUtils.runAndLog(LogUtils.java:38)
	at org.apache.ratis.util.LogUtils$1.run(LogUtils.java:78)
	at org.apache.ratis.util.TimeoutTimer$Task.run(TimeoutTimer.java:55)
	at java.util.TimerThread.mainLoop(Timer.java:555)
	at java.util.TimerThread.run(Timer.java:505)
2024-01-25 07:57:53,427 [timer3] TRACE client.RaftClient (RaftClientImpl.java:handleIOException(419)) - Stack trace
java.lang.Throwable: TRACE
	at org.apache.ratis.client.impl.RaftClientImpl.handleIOException(RaftClientImpl.java:419)
	at org.apache.ratis.client.impl.OrderedAsync.handleException(OrderedAsync.java:237)
	at org.apache.ratis.client.impl.OrderedAsync.lambda$sendRequestWithRetry$6(OrderedAsync.java:208)
	at java.util.concurrent.CompletableFuture.uniExceptionally(CompletableFuture.java:884)
	at java.util.concurrent.CompletableFuture$UniExceptionally.tryFire(CompletableFuture.java:866)
	at java.util.concurrent.CompletableFuture.postComplete(CompletableFuture.java:488)
	at java.util.concurrent.CompletableFuture.completeExceptionally(CompletableFuture.java:1990)
	at org.apache.ratis.grpc.client.GrpcClientProtocolClient$AsyncStreamObservers.completeReplyExceptionally(GrpcClientProtocolClient.java:394)
	at org.apache.ratis.grpc.client.GrpcClientProtocolClient$AsyncStreamObservers.close(GrpcClientProtocolClient.java:383)
	at org.apache.ratis.grpc.client.GrpcClientProtocolClient$AsyncStreamObservers.access$500(GrpcClientProtocolClient.java:300)
	at org.apache.ratis.grpc.client.GrpcClientProtocolClient.lambda$close$3(GrpcClientProtocolClient.java:160)
	at java.util.Optional.ifPresent(Optional.java:159)
	at org.apache.ratis.grpc.client.GrpcClientProtocolClient.close(GrpcClientProtocolClient.java:160)
	at org.apache.ratis.util.PeerProxyMap.closeProxy(PeerProxyMap.java:197)
	at org.apache.ratis.util.PeerProxyMap.lambda$resetProxy$2(PeerProxyMap.java:158)
	at java.util.Optional.map(Optional.java:215)
	at org.apache.ratis.util.PeerProxyMap.resetProxy(PeerProxyMap.java:158)
	at org.apache.ratis.util.PeerProxyMap.handleException(PeerProxyMap.java:165)
	at org.apache.ratis.client.impl.RaftClientRpcWithProxy.handleException(RaftClientRpcWithProxy.java:48)
	at org.apache.ratis.client.impl.RaftClientImpl.handleIOException(RaftClientImpl.java:445)
	at org.apache.ratis.client.impl.OrderedAsync.handleException(OrderedAsync.java:237)
	at org.apache.ratis.client.impl.OrderedAsync.lambda$sendRequestWithRetry$6(OrderedAsync.java:208)
	at java.util.concurrent.CompletableFuture.uniExceptionally(CompletableFuture.java:884)
	at java.util.concurrent.CompletableFuture$UniExceptionally.tryFire(CompletableFuture.java:866)
	at java.util.concurrent.CompletableFuture.postComplete(CompletableFuture.java:488)
	at java.util.concurrent.CompletableFuture.completeExceptionally(CompletableFuture.java:1990)
	at org.apache.ratis.grpc.client.GrpcClientProtocolClient$AsyncStreamObservers.lambda$timeoutCheck$5(GrpcClientProtocolClient.java:373)
	at java.util.Optional.ifPresent(Optional.java:159)
	at org.apache.ratis.grpc.client.GrpcClientProtocolClient$AsyncStreamObservers.handleReplyFuture(GrpcClientProtocolClient.java:378)
	at org.apache.ratis.grpc.client.GrpcClientProtocolClient$AsyncStreamObservers.timeoutCheck(GrpcClientProtocolClient.java:373)
	at org.apache.ratis.grpc.client.GrpcClientProtocolClient$AsyncStreamObservers.lambda$onNext$3(GrpcClientProtocolClient.java:366)
	at org.apache.ratis.util.TimeoutTimer.lambda$onTimeout$2(TimeoutTimer.java:101)
	at org.apache.ratis.util.LogUtils.runAndLog(LogUtils.java:38)
	at org.apache.ratis.util.LogUtils$1.run(LogUtils.java:78)
	at org.apache.ratis.util.TimeoutTimer$Task.run(TimeoutTimer.java:55)
	at java.util.TimerThread.mainLoop(Timer.java:555)
	at java.util.TimerThread.run(Timer.java:505)
2024-01-25 07:57:53,427 [timer3] DEBUG client.RaftClient (RaftClientImpl.java:handleIOException(435)) - client-2312CCC7CA78: oldLeader=s0,  curLeader=s1, newLeader=null
2024-01-25 07:57:53,427 [timer3] ERROR impl.OrderedAsync (OrderedAsync.java:lambda$sendRequestWithRetry$6(207)) - client-2312CCC7CA78: Failed* RaftClientRequest:client-2312CCC7CA78->s0@group-796A68A19D2E, cid=71, seq=27, RW, m14
java.util.concurrent.CompletionException: org.apache.ratis.protocol.exceptions.AlreadyClosedException: client-2312CCC7CA78->s0: Stream close: no reply for async request cid=71
	at java.util.concurrent.CompletableFuture.encodeThrowable(CompletableFuture.java:292)
	at java.util.concurrent.CompletableFuture.completeThrowable(CompletableFuture.java:308)
	at java.util.concurrent.CompletableFuture.uniAccept(CompletableFuture.java:661)
	at java.util.concurrent.CompletableFuture$UniAccept.tryFire(CompletableFuture.java:646)
	at java.util.concurrent.CompletableFuture.postComplete(CompletableFuture.java:488)
	at java.util.concurrent.CompletableFuture.completeExceptionally(CompletableFuture.java:1990)
	at org.apache.ratis.grpc.client.GrpcClientProtocolClient$AsyncStreamObservers.completeReplyExceptionally(GrpcClientProtocolClient.java:394)
	at org.apache.ratis.grpc.client.GrpcClientProtocolClient$AsyncStreamObservers.close(GrpcClientProtocolClient.java:383)
	at org.apache.ratis.grpc.client.GrpcClientProtocolClient$AsyncStreamObservers.access$500(GrpcClientProtocolClient.java:300)
	at org.apache.ratis.grpc.client.GrpcClientProtocolClient.lambda$close$3(GrpcClientProtocolClient.java:160)
	at java.util.Optional.ifPresent(Optional.java:159)
	at org.apache.ratis.grpc.client.GrpcClientProtocolClient.close(GrpcClientProtocolClient.java:160)
	at org.apache.ratis.util.PeerProxyMap.closeProxy(PeerProxyMap.java:197)
	at org.apache.ratis.util.PeerProxyMap.lambda$resetProxy$2(PeerProxyMap.java:158)
	at java.util.Optional.map(Optional.java:215)
	at org.apache.ratis.util.PeerProxyMap.resetProxy(PeerProxyMap.java:158)
	at org.apache.ratis.util.PeerProxyMap.handleException(PeerProxyMap.java:165)
	at org.apache.ratis.client.impl.RaftClientRpcWithProxy.handleException(RaftClientRpcWithProxy.java:48)
	at org.apache.ratis.client.impl.RaftClientImpl.handleIOException(RaftClientImpl.java:445)
	at org.apache.ratis.client.impl.OrderedAsync.handleException(OrderedAsync.java:237)
	at org.apache.ratis.client.impl.OrderedAsync.lambda$sendRequestWithRetry$6(OrderedAsync.java:208)
	at java.util.concurrent.CompletableFuture.uniExceptionally(CompletableFuture.java:884)
	at java.util.concurrent.CompletableFuture$UniExceptionally.tryFire(CompletableFuture.java:866)
	at java.util.concurrent.CompletableFuture.postComplete(CompletableFuture.java:488)
	at java.util.concurrent.CompletableFuture.completeExceptionally(CompletableFuture.java:1990)
	at org.apache.ratis.grpc.client.GrpcClientProtocolClient$AsyncStreamObservers.lambda$timeoutCheck$5(GrpcClientProtocolClient.java:373)
	at java.util.Optional.ifPresent(Optional.java:159)
	at org.apache.ratis.grpc.client.GrpcClientProtocolClient$AsyncStreamObservers.handleReplyFuture(GrpcClientProtocolClient.java:378)
	at org.apache.ratis.grpc.client.GrpcClientProtocolClient$AsyncStreamObservers.timeoutCheck(GrpcClientProtocolClient.java:373)
	at org.apache.ratis.grpc.client.GrpcClientProtocolClient$AsyncStreamObservers.lambda$onNext$3(GrpcClientProtocolClient.java:366)
	at org.apache.ratis.util.TimeoutTimer.lambda$onTimeout$2(TimeoutTimer.java:101)
	at org.apache.ratis.util.LogUtils.runAndLog(LogUtils.java:38)
	at org.apache.ratis.util.LogUtils$1.run(LogUtils.java:78)
	at org.apache.ratis.util.TimeoutTimer$Task.run(TimeoutTimer.java:55)
	at java.util.TimerThread.mainLoop(Timer.java:555)
	at java.util.TimerThread.run(Timer.java:505)
Caused by: org.apache.ratis.protocol.exceptions.AlreadyClosedException: client-2312CCC7CA78->s0: Stream close: no reply for async request cid=71
	at org.apache.ratis.grpc.client.GrpcClientProtocolClient$AsyncStreamObservers.completeReplyExceptionally(GrpcClientProtocolClient.java:396)
	... 29 more
2024-01-25 07:57:53,427 [timer3] DEBUG client.RaftClient (RaftClientImpl.java:handleIOException(417)) - client-2312CCC7CA78: suggested new leader: null. Failed RaftClientRequest:client-2312CCC7CA78->s0@group-796A68A19D2E, cid=71, seq=27, RW, m14
org.apache.ratis.protocol.exceptions.AlreadyClosedException: client-2312CCC7CA78->s0: Stream close: no reply for async request cid=71
	at org.apache.ratis.grpc.client.GrpcClientProtocolClient$AsyncStreamObservers.completeReplyExceptionally(GrpcClientProtocolClient.java:396)
	at org.apache.ratis.grpc.client.GrpcClientProtocolClient$AsyncStreamObservers.close(GrpcClientProtocolClient.java:383)
	at org.apache.ratis.grpc.client.GrpcClientProtocolClient$AsyncStreamObservers.access$500(GrpcClientProtocolClient.java:300)
	at org.apache.ratis.grpc.client.GrpcClientProtocolClient.lambda$close$3(GrpcClientProtocolClient.java:160)
	at java.util.Optional.ifPresent(Optional.java:159)
	at org.apache.ratis.grpc.client.GrpcClientProtocolClient.close(GrpcClientProtocolClient.java:160)
	at org.apache.ratis.util.PeerProxyMap.closeProxy(PeerProxyMap.java:197)
	at org.apache.ratis.util.PeerProxyMap.lambda$resetProxy$2(PeerProxyMap.java:158)
	at java.util.Optional.map(Optional.java:215)
	at org.apache.ratis.util.PeerProxyMap.resetProxy(PeerProxyMap.java:158)
	at org.apache.ratis.util.PeerProxyMap.handleException(PeerProxyMap.java:165)
	at org.apache.ratis.client.impl.RaftClientRpcWithProxy.handleException(RaftClientRpcWithProxy.java:48)
	at org.apache.ratis.client.impl.RaftClientImpl.handleIOException(RaftClientImpl.java:445)
	at org.apache.ratis.client.impl.OrderedAsync.handleException(OrderedAsync.java:237)
	at org.apache.ratis.client.impl.OrderedAsync.lambda$sendRequestWithRetry$6(OrderedAsync.java:208)
	at java.util.concurrent.CompletableFuture.uniExceptionally(CompletableFuture.java:884)
	at java.util.concurrent.CompletableFuture$UniExceptionally.tryFire(CompletableFuture.java:866)
	at java.util.concurrent.CompletableFuture.postComplete(CompletableFuture.java:488)
	at java.util.concurrent.CompletableFuture.completeExceptionally(CompletableFuture.java:1990)
	at org.apache.ratis.grpc.client.GrpcClientProtocolClient$AsyncStreamObservers.lambda$timeoutCheck$5(GrpcClientProtocolClient.java:373)
	at java.util.Optional.ifPresent(Optional.java:159)
	at org.apache.ratis.grpc.client.GrpcClientProtocolClient$AsyncStreamObservers.handleReplyFuture(GrpcClientProtocolClient.java:378)
	at org.apache.ratis.grpc.client.GrpcClientProtocolClient$AsyncStreamObservers.timeoutCheck(GrpcClientProtocolClient.java:373)
	at org.apache.ratis.grpc.client.GrpcClientProtocolClient$AsyncStreamObservers.lambda$onNext$3(GrpcClientProtocolClient.java:366)
	at org.apache.ratis.util.TimeoutTimer.lambda$onTimeout$2(TimeoutTimer.java:101)
	at org.apache.ratis.util.LogUtils.runAndLog(LogUtils.java:38)
	at org.apache.ratis.util.LogUtils$1.run(LogUtils.java:78)
	at org.apache.ratis.util.TimeoutTimer$Task.run(TimeoutTimer.java:55)
	at java.util.TimerThread.mainLoop(Timer.java:555)
	at java.util.TimerThread.run(Timer.java:505)
2024-01-25 07:57:53,427 [timer3] TRACE client.RaftClient (RaftClientImpl.java:handleIOException(419)) - Stack trace
java.lang.Throwable: TRACE
	at org.apache.ratis.client.impl.RaftClientImpl.handleIOException(RaftClientImpl.java:419)
	at org.apache.ratis.client.impl.OrderedAsync.handleException(OrderedAsync.java:237)
	at org.apache.ratis.client.impl.OrderedAsync.lambda$sendRequestWithRetry$6(OrderedAsync.java:208)
	at java.util.concurrent.CompletableFuture.uniExceptionally(CompletableFuture.java:884)
	at java.util.concurrent.CompletableFuture$UniExceptionally.tryFire(CompletableFuture.java:866)
	at java.util.concurrent.CompletableFuture.postComplete(CompletableFuture.java:488)
	at java.util.concurrent.CompletableFuture.completeExceptionally(CompletableFuture.java:1990)
	at org.apache.ratis.grpc.client.GrpcClientProtocolClient$AsyncStreamObservers.completeReplyExceptionally(GrpcClientProtocolClient.java:394)
	at org.apache.ratis.grpc.client.GrpcClientProtocolClient$AsyncStreamObservers.close(GrpcClientProtocolClient.java:383)
	at org.apache.ratis.grpc.client.GrpcClientProtocolClient$AsyncStreamObservers.access$500(GrpcClientProtocolClient.java:300)
	at org.apache.ratis.grpc.client.GrpcClientProtocolClient.lambda$close$3(GrpcClientProtocolClient.java:160)
	at java.util.Optional.ifPresent(Optional.java:159)
	at org.apache.ratis.grpc.client.GrpcClientProtocolClient.close(GrpcClientProtocolClient.java:160)
	at org.apache.ratis.util.PeerProxyMap.closeProxy(PeerProxyMap.java:197)
	at org.apache.ratis.util.PeerProxyMap.lambda$resetProxy$2(PeerProxyMap.java:158)
	at java.util.Optional.map(Optional.java:215)
	at org.apache.ratis.util.PeerProxyMap.resetProxy(PeerProxyMap.java:158)
	at org.apache.ratis.util.PeerProxyMap.handleException(PeerProxyMap.java:165)
	at org.apache.ratis.client.impl.RaftClientRpcWithProxy.handleException(RaftClientRpcWithProxy.java:48)
	at org.apache.ratis.client.impl.RaftClientImpl.handleIOException(RaftClientImpl.java:445)
	at org.apache.ratis.client.impl.OrderedAsync.handleException(OrderedAsync.java:237)
	at org.apache.ratis.client.impl.OrderedAsync.lambda$sendRequestWithRetry$6(OrderedAsync.java:208)
	at java.util.concurrent.CompletableFuture.uniExceptionally(CompletableFuture.java:884)
	at java.util.concurrent.CompletableFuture$UniExceptionally.tryFire(CompletableFuture.java:866)
	at java.util.concurrent.CompletableFuture.postComplete(CompletableFuture.java:488)
	at java.util.concurrent.CompletableFuture.completeExceptionally(CompletableFuture.java:1990)
	at org.apache.ratis.grpc.client.GrpcClientProtocolClient$AsyncStreamObservers.lambda$timeoutCheck$5(GrpcClientProtocolClient.java:373)
	at java.util.Optional.ifPresent(Optional.java:159)
	at org.apache.ratis.grpc.client.GrpcClientProtocolClient$AsyncStreamObservers.handleReplyFuture(GrpcClientProtocolClient.java:378)
	at org.apache.ratis.grpc.client.GrpcClientProtocolClient$AsyncStreamObservers.timeoutCheck(GrpcClientProtocolClient.java:373)
	at org.apache.ratis.grpc.client.GrpcClientProtocolClient$AsyncStreamObservers.lambda$onNext$3(GrpcClientProtocolClient.java:366)
	at org.apache.ratis.util.TimeoutTimer.lambda$onTimeout$2(TimeoutTimer.java:101)
	at org.apache.ratis.util.LogUtils.runAndLog(LogUtils.java:38)
	at org.apache.ratis.util.LogUtils$1.run(LogUtils.java:78)
	at org.apache.ratis.util.TimeoutTimer$Task.run(TimeoutTimer.java:55)
	at java.util.TimerThread.mainLoop(Timer.java:555)
	at java.util.TimerThread.run(Timer.java:505)
2024-01-25 07:57:53,427 [s1-client-thread2] DEBUG server.RaftServer$Division (RaftServerImpl.java:submitClientRequestAsync(880)) - s1@group-796A68A19D2E: receive client request(RaftClientRequest:client-2312CCC7CA78->s1@group-796A68A19D2E, cid=105, seq=null, Watch(39), Message:<EMPTY>)
2024-01-25 07:57:53,428 [timer7] DEBUG client.RaftClient (RaftClientImpl.java:handleIOException(435)) - client-2312CCC7CA78: oldLeader=s0,  curLeader=s1, newLeader=null
2024-01-25 07:57:53,428 [timer3] DEBUG client.RaftClient (RaftClientImpl.java:handleIOException(435)) - client-2312CCC7CA78: oldLeader=s0,  curLeader=s1, newLeader=null
2024-01-25 07:57:53,428 [null-request--thread1] INFO  server.GrpcClientProtocolService (GrpcClientProtocolService.java:lambda$processClientRequest$0(323)) - Failed RaftClientRequest:client-2312CCC7CA78->s1@group-796A68A19D2E, cid=105, seq=null, Watch(39), Message:<EMPTY>, reply=RaftClientReply:client-2312CCC7CA78->s1@group-796A68A19D2E, cid=105, FAILED org.apache.ratis.protocol.exceptions.NotLeaderException: Server s1@group-796A68A19D2E is not the leader s0|localhost:15000, logIndex=0, commits[s1:c59, s0:c59, s2:c25]
2024-01-25 07:57:53,428 [timer3] ERROR impl.OrderedAsync (OrderedAsync.java:lambda$sendRequestWithRetry$6(207)) - client-2312CCC7CA78: Failed* RaftClientRequest:client-2312CCC7CA78->s0@group-796A68A19D2E, cid=72, seq=28, RW, m15
java.util.concurrent.CompletionException: org.apache.ratis.protocol.exceptions.AlreadyClosedException: client-2312CCC7CA78->s0: Stream close: no reply for async request cid=72
	at java.util.concurrent.CompletableFuture.encodeThrowable(CompletableFuture.java:292)
	at java.util.concurrent.CompletableFuture.completeThrowable(CompletableFuture.java:308)
	at java.util.concurrent.CompletableFuture.uniAccept(CompletableFuture.java:661)
	at java.util.concurrent.CompletableFuture$UniAccept.tryFire(CompletableFuture.java:646)
	at java.util.concurrent.CompletableFuture.postComplete(CompletableFuture.java:488)
	at java.util.concurrent.CompletableFuture.completeExceptionally(CompletableFuture.java:1990)
	at org.apache.ratis.grpc.client.GrpcClientProtocolClient$AsyncStreamObservers.completeReplyExceptionally(GrpcClientProtocolClient.java:394)
	at org.apache.ratis.grpc.client.GrpcClientProtocolClient$AsyncStreamObservers.close(GrpcClientProtocolClient.java:383)
	at org.apache.ratis.grpc.client.GrpcClientProtocolClient$AsyncStreamObservers.access$500(GrpcClientProtocolClient.java:300)
	at org.apache.ratis.grpc.client.GrpcClientProtocolClient.lambda$close$3(GrpcClientProtocolClient.java:160)
	at java.util.Optional.ifPresent(Optional.java:159)
	at org.apache.ratis.grpc.client.GrpcClientProtocolClient.close(GrpcClientProtocolClient.java:160)
	at org.apache.ratis.util.PeerProxyMap.closeProxy(PeerProxyMap.java:197)
	at org.apache.ratis.util.PeerProxyMap.lambda$resetProxy$2(PeerProxyMap.java:158)
	at java.util.Optional.map(Optional.java:215)
	at org.apache.ratis.util.PeerProxyMap.resetProxy(PeerProxyMap.java:158)
	at org.apache.ratis.util.PeerProxyMap.handleException(PeerProxyMap.java:165)
	at org.apache.ratis.client.impl.RaftClientRpcWithProxy.handleException(RaftClientRpcWithProxy.java:48)
	at org.apache.ratis.client.impl.RaftClientImpl.handleIOException(RaftClientImpl.java:445)
	at org.apache.ratis.client.impl.OrderedAsync.handleException(OrderedAsync.java:237)
	at org.apache.ratis.client.impl.OrderedAsync.lambda$sendRequestWithRetry$6(OrderedAsync.java:208)
	at java.util.concurrent.CompletableFuture.uniExceptionally(CompletableFuture.java:884)
	at java.util.concurrent.CompletableFuture$UniExceptionally.tryFire(CompletableFuture.java:866)
	at java.util.concurrent.CompletableFuture.postComplete(CompletableFuture.java:488)
	at java.util.concurrent.CompletableFuture.completeExceptionally(CompletableFuture.java:1990)
	at org.apache.ratis.grpc.client.GrpcClientProtocolClient$AsyncStreamObservers.lambda$timeoutCheck$5(GrpcClientProtocolClient.java:373)
	at java.util.Optional.ifPresent(Optional.java:159)
	at org.apache.ratis.grpc.client.GrpcClientProtocolClient$AsyncStreamObservers.handleReplyFuture(GrpcClientProtocolClient.java:378)
	at org.apache.ratis.grpc.client.GrpcClientProtocolClient$AsyncStreamObservers.timeoutCheck(GrpcClientProtocolClient.java:373)
	at org.apache.ratis.grpc.client.GrpcClientProtocolClient$AsyncStreamObservers.lambda$onNext$3(GrpcClientProtocolClient.java:366)
	at org.apache.ratis.util.TimeoutTimer.lambda$onTimeout$2(TimeoutTimer.java:101)
	at org.apache.ratis.util.LogUtils.runAndLog(LogUtils.java:38)
	at org.apache.ratis.util.LogUtils$1.run(LogUtils.java:78)
	at org.apache.ratis.util.TimeoutTimer$Task.run(TimeoutTimer.java:55)
	at java.util.TimerThread.mainLoop(Timer.java:555)
	at java.util.TimerThread.run(Timer.java:505)
Caused by: org.apache.ratis.protocol.exceptions.AlreadyClosedException: client-2312CCC7CA78->s0: Stream close: no reply for async request cid=72
	at org.apache.ratis.grpc.client.GrpcClientProtocolClient$AsyncStreamObservers.completeReplyExceptionally(GrpcClientProtocolClient.java:396)
	... 29 more
2024-01-25 07:57:53,429 [timer3] DEBUG client.RaftClient (RaftClientImpl.java:handleIOException(417)) - client-2312CCC7CA78: suggested new leader: null. Failed RaftClientRequest:client-2312CCC7CA78->s0@group-796A68A19D2E, cid=72, seq=28, RW, m15
org.apache.ratis.protocol.exceptions.AlreadyClosedException: client-2312CCC7CA78->s0: Stream close: no reply for async request cid=72
	at org.apache.ratis.grpc.client.GrpcClientProtocolClient$AsyncStreamObservers.completeReplyExceptionally(GrpcClientProtocolClient.java:396)
	at org.apache.ratis.grpc.client.GrpcClientProtocolClient$AsyncStreamObservers.close(GrpcClientProtocolClient.java:383)
	at org.apache.ratis.grpc.client.GrpcClientProtocolClient$AsyncStreamObservers.access$500(GrpcClientProtocolClient.java:300)
	at org.apache.ratis.grpc.client.GrpcClientProtocolClient.lambda$close$3(GrpcClientProtocolClient.java:160)
	at java.util.Optional.ifPresent(Optional.java:159)
	at org.apache.ratis.grpc.client.GrpcClientProtocolClient.close(GrpcClientProtocolClient.java:160)
	at org.apache.ratis.util.PeerProxyMap.closeProxy(PeerProxyMap.java:197)
	at org.apache.ratis.util.PeerProxyMap.lambda$resetProxy$2(PeerProxyMap.java:158)
	at java.util.Optional.map(Optional.java:215)
	at org.apache.ratis.util.PeerProxyMap.resetProxy(PeerProxyMap.java:158)
	at org.apache.ratis.util.PeerProxyMap.handleException(PeerProxyMap.java:165)
	at org.apache.ratis.client.impl.RaftClientRpcWithProxy.handleException(RaftClientRpcWithProxy.java:48)
	at org.apache.ratis.client.impl.RaftClientImpl.handleIOException(RaftClientImpl.java:445)
	at org.apache.ratis.client.impl.OrderedAsync.handleException(OrderedAsync.java:237)
	at org.apache.ratis.client.impl.OrderedAsync.lambda$sendRequestWithRetry$6(OrderedAsync.java:208)
	at java.util.concurrent.CompletableFuture.uniExceptionally(CompletableFuture.java:884)
	at java.util.concurrent.CompletableFuture$UniExceptionally.tryFire(CompletableFuture.java:866)
	at java.util.concurrent.CompletableFuture.postComplete(CompletableFuture.java:488)
	at java.util.concurrent.CompletableFuture.completeExceptionally(CompletableFuture.java:1990)
	at org.apache.ratis.grpc.client.GrpcClientProtocolClient$AsyncStreamObservers.lambda$timeoutCheck$5(GrpcClientProtocolClient.java:373)
	at java.util.Optional.ifPresent(Optional.java:159)
	at org.apache.ratis.grpc.client.GrpcClientProtocolClient$AsyncStreamObservers.handleReplyFuture(GrpcClientProtocolClient.java:378)
	at org.apache.ratis.grpc.client.GrpcClientProtocolClient$AsyncStreamObservers.timeoutCheck(GrpcClientProtocolClient.java:373)
	at org.apache.ratis.grpc.client.GrpcClientProtocolClient$AsyncStreamObservers.lambda$onNext$3(GrpcClientProtocolClient.java:366)
	at org.apache.ratis.util.TimeoutTimer.lambda$onTimeout$2(TimeoutTimer.java:101)
	at org.apache.ratis.util.LogUtils.runAndLog(LogUtils.java:38)
	at org.apache.ratis.util.LogUtils$1.run(LogUtils.java:78)
	at org.apache.ratis.util.TimeoutTimer$Task.run(TimeoutTimer.java:55)
	at java.util.TimerThread.mainLoop(Timer.java:555)
	at java.util.TimerThread.run(Timer.java:505)
2024-01-25 07:57:53,429 [s1-client-thread2] DEBUG server.RaftServer$Division (RaftServerImpl.java:submitClientRequestAsync(880)) - s1@group-796A68A19D2E: receive client request(RaftClientRequest:client-2312CCC7CA78->s1@group-796A68A19D2E, cid=106, seq=null, Watch-ALL(39), Message:<EMPTY>)
2024-01-25 07:57:53,429 [timer3] TRACE client.RaftClient (RaftClientImpl.java:handleIOException(419)) - Stack trace
java.lang.Throwable: TRACE
	at org.apache.ratis.client.impl.RaftClientImpl.handleIOException(RaftClientImpl.java:419)
	at org.apache.ratis.client.impl.OrderedAsync.handleException(OrderedAsync.java:237)
	at org.apache.ratis.client.impl.OrderedAsync.lambda$sendRequestWithRetry$6(OrderedAsync.java:208)
	at java.util.concurrent.CompletableFuture.uniExceptionally(CompletableFuture.java:884)
	at java.util.concurrent.CompletableFuture$UniExceptionally.tryFire(CompletableFuture.java:866)
	at java.util.concurrent.CompletableFuture.postComplete(CompletableFuture.java:488)
	at java.util.concurrent.CompletableFuture.completeExceptionally(CompletableFuture.java:1990)
	at org.apache.ratis.grpc.client.GrpcClientProtocolClient$AsyncStreamObservers.completeReplyExceptionally(GrpcClientProtocolClient.java:394)
	at org.apache.ratis.grpc.client.GrpcClientProtocolClient$AsyncStreamObservers.close(GrpcClientProtocolClient.java:383)
	at org.apache.ratis.grpc.client.GrpcClientProtocolClient$AsyncStreamObservers.access$500(GrpcClientProtocolClient.java:300)
	at org.apache.ratis.grpc.client.GrpcClientProtocolClient.lambda$close$3(GrpcClientProtocolClient.java:160)
	at java.util.Optional.ifPresent(Optional.java:159)
	at org.apache.ratis.grpc.client.GrpcClientProtocolClient.close(GrpcClientProtocolClient.java:160)
	at org.apache.ratis.util.PeerProxyMap.closeProxy(PeerProxyMap.java:197)
	at org.apache.ratis.util.PeerProxyMap.lambda$resetProxy$2(PeerProxyMap.java:158)
	at java.util.Optional.map(Optional.java:215)
	at org.apache.ratis.util.PeerProxyMap.resetProxy(PeerProxyMap.java:158)
	at org.apache.ratis.util.PeerProxyMap.handleException(PeerProxyMap.java:165)
	at org.apache.ratis.client.impl.RaftClientRpcWithProxy.handleException(RaftClientRpcWithProxy.java:48)
	at org.apache.ratis.client.impl.RaftClientImpl.handleIOException(RaftClientImpl.java:445)
	at org.apache.ratis.client.impl.OrderedAsync.handleException(OrderedAsync.java:237)
	at org.apache.ratis.client.impl.OrderedAsync.lambda$sendRequestWithRetry$6(OrderedAsync.java:208)
	at java.util.concurrent.CompletableFuture.uniExceptionally(CompletableFuture.java:884)
	at java.util.concurrent.CompletableFuture$UniExceptionally.tryFire(CompletableFuture.java:866)
	at java.util.concurrent.CompletableFuture.postComplete(CompletableFuture.java:488)
	at java.util.concurrent.CompletableFuture.completeExceptionally(CompletableFuture.java:1990)
	at org.apache.ratis.grpc.client.GrpcClientProtocolClient$AsyncStreamObservers.lambda$timeoutCheck$5(GrpcClientProtocolClient.java:373)
	at java.util.Optional.ifPresent(Optional.java:159)
	at org.apache.ratis.grpc.client.GrpcClientProtocolClient$AsyncStreamObservers.handleReplyFuture(GrpcClientProtocolClient.java:378)
	at org.apache.ratis.grpc.client.GrpcClientProtocolClient$AsyncStreamObservers.timeoutCheck(GrpcClientProtocolClient.java:373)
	at org.apache.ratis.grpc.client.GrpcClientProtocolClient$AsyncStreamObservers.lambda$onNext$3(GrpcClientProtocolClient.java:366)
	at org.apache.ratis.util.TimeoutTimer.lambda$onTimeout$2(TimeoutTimer.java:101)
	at org.apache.ratis.util.LogUtils.runAndLog(LogUtils.java:38)
	at org.apache.ratis.util.LogUtils$1.run(LogUtils.java:78)
	at org.apache.ratis.util.TimeoutTimer$Task.run(TimeoutTimer.java:55)
	at java.util.TimerThread.mainLoop(Timer.java:555)
	at java.util.TimerThread.run(Timer.java:505)
2024-01-25 07:57:53,430 [timer3] DEBUG client.RaftClient (RaftClientImpl.java:handleIOException(435)) - client-2312CCC7CA78: oldLeader=s0,  curLeader=s1, newLeader=null
2024-01-25 07:57:53,430 [ForkJoinPool.commonPool-worker-2] DEBUG impl.UnorderedAsync (UnorderedAsync.java:lambda$sendRequestWithRetry$4(83)) - client-2312CCC7CA78: attempt #1 receive~ null
2024-01-25 07:57:53,430 [ForkJoinPool.commonPool-worker-0] DEBUG impl.UnorderedAsync (UnorderedAsync.java:lambda$sendRequestWithRetry$4(83)) - client-2312CCC7CA78: attempt #1 receive~ null
2024-01-25 07:57:53,430 [null-request--thread1] INFO  server.GrpcClientProtocolService (GrpcClientProtocolService.java:lambda$processClientRequest$0(323)) - Failed RaftClientRequest:client-2312CCC7CA78->s1@group-796A68A19D2E, cid=106, seq=null, Watch-ALL(39), Message:<EMPTY>, reply=RaftClientReply:client-2312CCC7CA78->s1@group-796A68A19D2E, cid=106, FAILED org.apache.ratis.protocol.exceptions.NotLeaderException: Server s1@group-796A68A19D2E is not the leader s0|localhost:15000, logIndex=0, commits[s1:c59, s0:c59, s2:c25]
2024-01-25 07:57:53,430 [ForkJoinPool.commonPool-worker-0] TRACE impl.UnorderedAsync (UnorderedAsync.java:lambda$sendRequestWithRetry$4(108)) - client-2312CCC7CA78: attempt #1 failed~ RaftClientRequest:client-2312CCC7CA78->s1@group-796A68A19D2E, cid=105, seq=null, Watch(39), null
org.apache.ratis.protocol.exceptions.NotLeaderException: Server s1@group-796A68A19D2E is not the leader s0|localhost:15000
	at org.apache.ratis.client.impl.ClientProtoUtils.toRaftClientReply(ClientProtoUtils.java:397)
	at org.apache.ratis.grpc.client.GrpcClientProtocolClient$AsyncStreamObservers$1.onNext(GrpcClientProtocolClient.java:310)
	at org.apache.ratis.grpc.client.GrpcClientProtocolClient$AsyncStreamObservers$1.onNext(GrpcClientProtocolClient.java:305)
	at org.apache.ratis.thirdparty.io.grpc.stub.ClientCalls$StreamObserverToCallListenerAdapter.onMessage(ClientCalls.java:468)
	at org.apache.ratis.thirdparty.io.grpc.ForwardingClientCallListener.onMessage(ForwardingClientCallListener.java:33)
	at org.apache.ratis.thirdparty.io.grpc.internal.DelayedClientCall$DelayedListener.onMessage(DelayedClientCall.java:473)
	at org.apache.ratis.thirdparty.io.grpc.internal.ClientCallImpl$ClientStreamListenerImpl$1MessagesAvailable.runInternal(ClientCallImpl.java:660)
	at org.apache.ratis.thirdparty.io.grpc.internal.ClientCallImpl$ClientStreamListenerImpl$1MessagesAvailable.runInContext(ClientCallImpl.java:647)
	at org.apache.ratis.thirdparty.io.grpc.internal.ContextRunnable.run(ContextRunnable.java:37)
	at org.apache.ratis.thirdparty.io.grpc.internal.SerializingExecutor.run(SerializingExecutor.java:133)
	at java.util.concurrent.ThreadPoolExecutor.runWorker(ThreadPoolExecutor.java:1149)
	at java.util.concurrent.ThreadPoolExecutor$Worker.run(ThreadPoolExecutor.java:624)
	at java.lang.Thread.run(Thread.java:750)
2024-01-25 07:57:53,431 [ForkJoinPool.commonPool-worker-0] DEBUG client.RaftClient (RaftClientImpl.java:handleIOException(417)) - client-2312CCC7CA78: suggested new leader: s0. Failed RaftClientRequest:client-2312CCC7CA78->s1@group-796A68A19D2E, cid=105, seq=null, Watch(39), null
org.apache.ratis.protocol.exceptions.NotLeaderException: Server s1@group-796A68A19D2E is not the leader s0|localhost:15000
	at org.apache.ratis.client.impl.ClientProtoUtils.toRaftClientReply(ClientProtoUtils.java:397)
	at org.apache.ratis.grpc.client.GrpcClientProtocolClient$AsyncStreamObservers$1.onNext(GrpcClientProtocolClient.java:310)
	at org.apache.ratis.grpc.client.GrpcClientProtocolClient$AsyncStreamObservers$1.onNext(GrpcClientProtocolClient.java:305)
	at org.apache.ratis.thirdparty.io.grpc.stub.ClientCalls$StreamObserverToCallListenerAdapter.onMessage(ClientCalls.java:468)
	at org.apache.ratis.thirdparty.io.grpc.ForwardingClientCallListener.onMessage(ForwardingClientCallListener.java:33)
	at org.apache.ratis.thirdparty.io.grpc.internal.DelayedClientCall$DelayedListener.onMessage(DelayedClientCall.java:473)
	at org.apache.ratis.thirdparty.io.grpc.internal.ClientCallImpl$ClientStreamListenerImpl$1MessagesAvailable.runInternal(ClientCallImpl.java:660)
	at org.apache.ratis.thirdparty.io.grpc.internal.ClientCallImpl$ClientStreamListenerImpl$1MessagesAvailable.runInContext(ClientCallImpl.java:647)
	at org.apache.ratis.thirdparty.io.grpc.internal.ContextRunnable.run(ContextRunnable.java:37)
	at org.apache.ratis.thirdparty.io.grpc.internal.SerializingExecutor.run(SerializingExecutor.java:133)
	at java.util.concurrent.ThreadPoolExecutor.runWorker(ThreadPoolExecutor.java:1149)
	at java.util.concurrent.ThreadPoolExecutor$Worker.run(ThreadPoolExecutor.java:624)
	at java.lang.Thread.run(Thread.java:750)
2024-01-25 07:57:53,431 [ForkJoinPool.commonPool-worker-0] TRACE client.RaftClient (RaftClientImpl.java:handleIOException(419)) - Stack trace
java.lang.Throwable: TRACE
	at org.apache.ratis.client.impl.RaftClientImpl.handleIOException(RaftClientImpl.java:419)
	at org.apache.ratis.client.impl.RaftClientImpl.handleNotLeaderException(RaftClientImpl.java:399)
	at org.apache.ratis.client.impl.UnorderedAsync.lambda$sendRequestWithRetry$4(UnorderedAsync.java:116)
	at java.util.concurrent.CompletableFuture.uniWhenComplete(CompletableFuture.java:774)
	at java.util.concurrent.CompletableFuture$UniWhenComplete.tryFire(CompletableFuture.java:750)
	at java.util.concurrent.CompletableFuture$Completion.exec(CompletableFuture.java:457)
	at java.util.concurrent.ForkJoinTask.doExec(ForkJoinTask.java:289)
	at java.util.concurrent.ForkJoinPool$WorkQueue.runTask(ForkJoinPool.java:1056)
	at java.util.concurrent.ForkJoinPool.runWorker(ForkJoinPool.java:1692)
	at java.util.concurrent.ForkJoinWorkerThread.run(ForkJoinWorkerThread.java:175)
2024-01-25 07:57:53,431 [ForkJoinPool.commonPool-worker-0] DEBUG client.RaftClient (RaftClientImpl.java:handleIOException(435)) - client-2312CCC7CA78: oldLeader=s1,  curLeader=s1, newLeader=s0
2024-01-25 07:57:53,431 [ForkJoinPool.commonPool-worker-0] DEBUG client.RaftClient (RaftClientImpl.java:handleIOException(441)) - client-2312CCC7CA78 changes Leader from s1 to s0 for group-796A68A19D2E
org.apache.ratis.protocol.exceptions.NotLeaderException: Server s1@group-796A68A19D2E is not the leader s0|localhost:15000
	at org.apache.ratis.client.impl.ClientProtoUtils.toRaftClientReply(ClientProtoUtils.java:397)
	at org.apache.ratis.grpc.client.GrpcClientProtocolClient$AsyncStreamObservers$1.onNext(GrpcClientProtocolClient.java:310)
	at org.apache.ratis.grpc.client.GrpcClientProtocolClient$AsyncStreamObservers$1.onNext(GrpcClientProtocolClient.java:305)
	at org.apache.ratis.thirdparty.io.grpc.stub.ClientCalls$StreamObserverToCallListenerAdapter.onMessage(ClientCalls.java:468)
	at org.apache.ratis.thirdparty.io.grpc.ForwardingClientCallListener.onMessage(ForwardingClientCallListener.java:33)
	at org.apache.ratis.thirdparty.io.grpc.internal.DelayedClientCall$DelayedListener.onMessage(DelayedClientCall.java:473)
	at org.apache.ratis.thirdparty.io.grpc.internal.ClientCallImpl$ClientStreamListenerImpl$1MessagesAvailable.runInternal(ClientCallImpl.java:660)
	at org.apache.ratis.thirdparty.io.grpc.internal.ClientCallImpl$ClientStreamListenerImpl$1MessagesAvailable.runInContext(ClientCallImpl.java:647)
	at org.apache.ratis.thirdparty.io.grpc.internal.ContextRunnable.run(ContextRunnable.java:37)
	at org.apache.ratis.thirdparty.io.grpc.internal.SerializingExecutor.run(SerializingExecutor.java:133)
	at java.util.concurrent.ThreadPoolExecutor.runWorker(ThreadPoolExecutor.java:1149)
	at java.util.concurrent.ThreadPoolExecutor$Worker.run(ThreadPoolExecutor.java:624)
	at java.lang.Thread.run(Thread.java:750)
2024-01-25 07:57:53,430 [ForkJoinPool.commonPool-worker-2] TRACE impl.UnorderedAsync (UnorderedAsync.java:lambda$sendRequestWithRetry$4(108)) - client-2312CCC7CA78: attempt #1 failed~ RaftClientRequest:client-2312CCC7CA78->s1@group-796A68A19D2E, cid=106, seq=null, Watch-ALL(39), null
org.apache.ratis.protocol.exceptions.NotLeaderException: Server s1@group-796A68A19D2E is not the leader s0|localhost:15000
	at org.apache.ratis.client.impl.ClientProtoUtils.toRaftClientReply(ClientProtoUtils.java:397)
	at org.apache.ratis.grpc.client.GrpcClientProtocolClient$AsyncStreamObservers$1.onNext(GrpcClientProtocolClient.java:310)
	at org.apache.ratis.grpc.client.GrpcClientProtocolClient$AsyncStreamObservers$1.onNext(GrpcClientProtocolClient.java:305)
	at org.apache.ratis.thirdparty.io.grpc.stub.ClientCalls$StreamObserverToCallListenerAdapter.onMessage(ClientCalls.java:468)
	at org.apache.ratis.thirdparty.io.grpc.ForwardingClientCallListener.onMessage(ForwardingClientCallListener.java:33)
	at org.apache.ratis.thirdparty.io.grpc.internal.DelayedClientCall$DelayedListener.onMessage(DelayedClientCall.java:473)
	at org.apache.ratis.thirdparty.io.grpc.internal.ClientCallImpl$ClientStreamListenerImpl$1MessagesAvailable.runInternal(ClientCallImpl.java:660)
	at org.apache.ratis.thirdparty.io.grpc.internal.ClientCallImpl$ClientStreamListenerImpl$1MessagesAvailable.runInContext(ClientCallImpl.java:647)
	at org.apache.ratis.thirdparty.io.grpc.internal.ContextRunnable.run(ContextRunnable.java:37)
	at org.apache.ratis.thirdparty.io.grpc.internal.SerializingExecutor.run(SerializingExecutor.java:133)
	at java.util.concurrent.ThreadPoolExecutor.runWorker(ThreadPoolExecutor.java:1149)
	at java.util.concurrent.ThreadPoolExecutor$Worker.run(ThreadPoolExecutor.java:624)
	at java.lang.Thread.run(Thread.java:750)
2024-01-25 07:57:53,432 [ForkJoinPool.commonPool-worker-2] DEBUG client.RaftClient (RaftClientImpl.java:handleIOException(417)) - client-2312CCC7CA78: suggested new leader: s0. Failed RaftClientRequest:client-2312CCC7CA78->s1@group-796A68A19D2E, cid=106, seq=null, Watch-ALL(39), null
org.apache.ratis.protocol.exceptions.NotLeaderException: Server s1@group-796A68A19D2E is not the leader s0|localhost:15000
	at org.apache.ratis.client.impl.ClientProtoUtils.toRaftClientReply(ClientProtoUtils.java:397)
	at org.apache.ratis.grpc.client.GrpcClientProtocolClient$AsyncStreamObservers$1.onNext(GrpcClientProtocolClient.java:310)
	at org.apache.ratis.grpc.client.GrpcClientProtocolClient$AsyncStreamObservers$1.onNext(GrpcClientProtocolClient.java:305)
	at org.apache.ratis.thirdparty.io.grpc.stub.ClientCalls$StreamObserverToCallListenerAdapter.onMessage(ClientCalls.java:468)
	at org.apache.ratis.thirdparty.io.grpc.ForwardingClientCallListener.onMessage(ForwardingClientCallListener.java:33)
	at org.apache.ratis.thirdparty.io.grpc.internal.DelayedClientCall$DelayedListener.onMessage(DelayedClientCall.java:473)
	at org.apache.ratis.thirdparty.io.grpc.internal.ClientCallImpl$ClientStreamListenerImpl$1MessagesAvailable.runInternal(ClientCallImpl.java:660)
	at org.apache.ratis.thirdparty.io.grpc.internal.ClientCallImpl$ClientStreamListenerImpl$1MessagesAvailable.runInContext(ClientCallImpl.java:647)
	at org.apache.ratis.thirdparty.io.grpc.internal.ContextRunnable.run(ContextRunnable.java:37)
	at org.apache.ratis.thirdparty.io.grpc.internal.SerializingExecutor.run(SerializingExecutor.java:133)
	at java.util.concurrent.ThreadPoolExecutor.runWorker(ThreadPoolExecutor.java:1149)
	at java.util.concurrent.ThreadPoolExecutor$Worker.run(ThreadPoolExecutor.java:624)
	at java.lang.Thread.run(Thread.java:750)
2024-01-25 07:57:53,432 [ForkJoinPool.commonPool-worker-2] TRACE client.RaftClient (RaftClientImpl.java:handleIOException(419)) - Stack trace
java.lang.Throwable: TRACE
	at org.apache.ratis.client.impl.RaftClientImpl.handleIOException(RaftClientImpl.java:419)
	at org.apache.ratis.client.impl.RaftClientImpl.handleNotLeaderException(RaftClientImpl.java:399)
	at org.apache.ratis.client.impl.UnorderedAsync.lambda$sendRequestWithRetry$4(UnorderedAsync.java:116)
	at java.util.concurrent.CompletableFuture.uniWhenComplete(CompletableFuture.java:774)
	at java.util.concurrent.CompletableFuture$UniWhenComplete.tryFire(CompletableFuture.java:750)
	at java.util.concurrent.CompletableFuture$Completion.exec(CompletableFuture.java:457)
	at java.util.concurrent.ForkJoinTask.doExec(ForkJoinTask.java:289)
	at java.util.concurrent.ForkJoinPool$WorkQueue.runTask(ForkJoinPool.java:1056)
	at java.util.concurrent.ForkJoinPool.runWorker(ForkJoinPool.java:1692)
	at java.util.concurrent.ForkJoinWorkerThread.run(ForkJoinWorkerThread.java:175)
2024-01-25 07:57:53,432 [ForkJoinPool.commonPool-worker-2] DEBUG client.RaftClient (RaftClientImpl.java:handleIOException(435)) - client-2312CCC7CA78: oldLeader=s1,  curLeader=s0, newLeader=s0
2024-01-25 07:57:53,432 [ForkJoinPool.commonPool-worker-2] DEBUG impl.UnorderedAsync (UnorderedAsync.java:lambda$sendRequestWithRetry$4(132)) - schedule~ attempt #1 with sleep 0ns and policy RetryForeverWithSleep(sleepTime = 100ms) for RaftClientRequest:client-2312CCC7CA78->s1@group-796A68A19D2E, cid=106, seq=null, Watch-ALL(39), null
2024-01-25 07:57:53,432 [ForkJoinPool.commonPool-worker-2] DEBUG impl.UnorderedAsync (UnorderedAsync.java:lambda$sendRequestWithRetry$4(83)) - client-2312CCC7CA78: attempt #1 receive~ null
2024-01-25 07:57:53,432 [ForkJoinPool.commonPool-worker-2] TRACE impl.UnorderedAsync (UnorderedAsync.java:lambda$sendRequestWithRetry$4(108)) - client-2312CCC7CA78: attempt #1 failed~ RaftClientRequest:client-2312CCC7CA78->s1@group-796A68A19D2E, cid=108, seq=null, Watch-ALL_COMMITTED(39), null
org.apache.ratis.protocol.exceptions.NotLeaderException: Server s1@group-796A68A19D2E is not the leader s0|localhost:15000
	at org.apache.ratis.client.impl.ClientProtoUtils.toRaftClientReply(ClientProtoUtils.java:397)
	at org.apache.ratis.grpc.client.GrpcClientProtocolClient$AsyncStreamObservers$1.onNext(GrpcClientProtocolClient.java:310)
	at org.apache.ratis.grpc.client.GrpcClientProtocolClient$AsyncStreamObservers$1.onNext(GrpcClientProtocolClient.java:305)
	at org.apache.ratis.thirdparty.io.grpc.stub.ClientCalls$StreamObserverToCallListenerAdapter.onMessage(ClientCalls.java:468)
	at org.apache.ratis.thirdparty.io.grpc.ForwardingClientCallListener.onMessage(ForwardingClientCallListener.java:33)
	at org.apache.ratis.thirdparty.io.grpc.internal.DelayedClientCall$DelayedListener.onMessage(DelayedClientCall.java:473)
	at org.apache.ratis.thirdparty.io.grpc.internal.ClientCallImpl$ClientStreamListenerImpl$1MessagesAvailable.runInternal(ClientCallImpl.java:660)
	at org.apache.ratis.thirdparty.io.grpc.internal.ClientCallImpl$ClientStreamListenerImpl$1MessagesAvailable.runInContext(ClientCallImpl.java:647)
	at org.apache.ratis.thirdparty.io.grpc.internal.ContextRunnable.run(ContextRunnable.java:37)
	at org.apache.ratis.thirdparty.io.grpc.internal.SerializingExecutor.run(SerializingExecutor.java:133)
	at java.util.concurrent.ThreadPoolExecutor.runWorker(ThreadPoolExecutor.java:1149)
	at java.util.concurrent.ThreadPoolExecutor$Worker.run(ThreadPoolExecutor.java:624)
	at java.lang.Thread.run(Thread.java:750)
2024-01-25 07:57:53,432 [ForkJoinPool.commonPool-worker-2] DEBUG client.RaftClient (RaftClientImpl.java:handleIOException(417)) - client-2312CCC7CA78: suggested new leader: s0. Failed RaftClientRequest:client-2312CCC7CA78->s1@group-796A68A19D2E, cid=108, seq=null, Watch-ALL_COMMITTED(39), null
org.apache.ratis.protocol.exceptions.NotLeaderException: Server s1@group-796A68A19D2E is not the leader s0|localhost:15000
	at org.apache.ratis.client.impl.ClientProtoUtils.toRaftClientReply(ClientProtoUtils.java:397)
	at org.apache.ratis.grpc.client.GrpcClientProtocolClient$AsyncStreamObservers$1.onNext(GrpcClientProtocolClient.java:310)
	at org.apache.ratis.grpc.client.GrpcClientProtocolClient$AsyncStreamObservers$1.onNext(GrpcClientProtocolClient.java:305)
	at org.apache.ratis.thirdparty.io.grpc.stub.ClientCalls$StreamObserverToCallListenerAdapter.onMessage(ClientCalls.java:468)
	at org.apache.ratis.thirdparty.io.grpc.ForwardingClientCallListener.onMessage(ForwardingClientCallListener.java:33)
	at org.apache.ratis.thirdparty.io.grpc.internal.DelayedClientCall$DelayedListener.onMessage(DelayedClientCall.java:473)
	at org.apache.ratis.thirdparty.io.grpc.internal.ClientCallImpl$ClientStreamListenerImpl$1MessagesAvailable.runInternal(ClientCallImpl.java:660)
	at org.apache.ratis.thirdparty.io.grpc.internal.ClientCallImpl$ClientStreamListenerImpl$1MessagesAvailable.runInContext(ClientCallImpl.java:647)
	at org.apache.ratis.thirdparty.io.grpc.internal.ContextRunnable.run(ContextRunnable.java:37)
	at org.apache.ratis.thirdparty.io.grpc.internal.SerializingExecutor.run(SerializingExecutor.java:133)
	at java.util.concurrent.ThreadPoolExecutor.runWorker(ThreadPoolExecutor.java:1149)
	at java.util.concurrent.ThreadPoolExecutor$Worker.run(ThreadPoolExecutor.java:624)
	at java.lang.Thread.run(Thread.java:750)
2024-01-25 07:57:53,432 [ForkJoinPool.commonPool-worker-2] TRACE client.RaftClient (RaftClientImpl.java:handleIOException(419)) - Stack trace
java.lang.Throwable: TRACE
	at org.apache.ratis.client.impl.RaftClientImpl.handleIOException(RaftClientImpl.java:419)
	at org.apache.ratis.client.impl.RaftClientImpl.handleNotLeaderException(RaftClientImpl.java:399)
	at org.apache.ratis.client.impl.UnorderedAsync.lambda$sendRequestWithRetry$4(UnorderedAsync.java:116)
	at java.util.concurrent.CompletableFuture.uniWhenComplete(CompletableFuture.java:774)
	at java.util.concurrent.CompletableFuture$UniWhenComplete.tryFire(CompletableFuture.java:750)
	at java.util.concurrent.CompletableFuture$Completion.exec(CompletableFuture.java:457)
	at java.util.concurrent.ForkJoinTask.doExec(ForkJoinTask.java:289)
	at java.util.concurrent.ForkJoinPool$WorkQueue.runTask(ForkJoinPool.java:1056)
	at java.util.concurrent.ForkJoinPool.runWorker(ForkJoinPool.java:1692)
	at java.util.concurrent.ForkJoinWorkerThread.run(ForkJoinWorkerThread.java:175)
2024-01-25 07:57:53,432 [ForkJoinPool.commonPool-worker-2] DEBUG client.RaftClient (RaftClientImpl.java:handleIOException(435)) - client-2312CCC7CA78: oldLeader=s1,  curLeader=s0, newLeader=s0
2024-01-25 07:57:53,432 [ForkJoinPool.commonPool-worker-2] DEBUG impl.UnorderedAsync (UnorderedAsync.java:lambda$sendRequestWithRetry$4(132)) - schedule~ attempt #1 with sleep 0ns and policy RetryForeverWithSleep(sleepTime = 100ms) for RaftClientRequest:client-2312CCC7CA78->s1@group-796A68A19D2E, cid=108, seq=null, Watch-ALL_COMMITTED(39), null
2024-01-25 07:57:53,430 [timer3] ERROR impl.OrderedAsync (OrderedAsync.java:lambda$sendRequestWithRetry$6(207)) - client-2312CCC7CA78: Failed* RaftClientRequest:client-2312CCC7CA78->s0@group-796A68A19D2E, cid=73, seq=29, RW, m16
java.util.concurrent.CompletionException: org.apache.ratis.protocol.exceptions.AlreadyClosedException: client-2312CCC7CA78->s0: Stream close: no reply for async request cid=73
	at java.util.concurrent.CompletableFuture.encodeThrowable(CompletableFuture.java:292)
	at java.util.concurrent.CompletableFuture.completeThrowable(CompletableFuture.java:308)
	at java.util.concurrent.CompletableFuture.uniAccept(CompletableFuture.java:661)
	at java.util.concurrent.CompletableFuture$UniAccept.tryFire(CompletableFuture.java:646)
	at java.util.concurrent.CompletableFuture.postComplete(CompletableFuture.java:488)
	at java.util.concurrent.CompletableFuture.completeExceptionally(CompletableFuture.java:1990)
	at org.apache.ratis.grpc.client.GrpcClientProtocolClient$AsyncStreamObservers.completeReplyExceptionally(GrpcClientProtocolClient.java:394)
	at org.apache.ratis.grpc.client.GrpcClientProtocolClient$AsyncStreamObservers.close(GrpcClientProtocolClient.java:383)
	at org.apache.ratis.grpc.client.GrpcClientProtocolClient$AsyncStreamObservers.access$500(GrpcClientProtocolClient.java:300)
	at org.apache.ratis.grpc.client.GrpcClientProtocolClient.lambda$close$3(GrpcClientProtocolClient.java:160)
	at java.util.Optional.ifPresent(Optional.java:159)
	at org.apache.ratis.grpc.client.GrpcClientProtocolClient.close(GrpcClientProtocolClient.java:160)
	at org.apache.ratis.util.PeerProxyMap.closeProxy(PeerProxyMap.java:197)
	at org.apache.ratis.util.PeerProxyMap.lambda$resetProxy$2(PeerProxyMap.java:158)
	at java.util.Optional.map(Optional.java:215)
	at org.apache.ratis.util.PeerProxyMap.resetProxy(PeerProxyMap.java:158)
	at org.apache.ratis.util.PeerProxyMap.handleException(PeerProxyMap.java:165)
	at org.apache.ratis.client.impl.RaftClientRpcWithProxy.handleException(RaftClientRpcWithProxy.java:48)
	at org.apache.ratis.client.impl.RaftClientImpl.handleIOException(RaftClientImpl.java:445)
	at org.apache.ratis.client.impl.OrderedAsync.handleException(OrderedAsync.java:237)
	at org.apache.ratis.client.impl.OrderedAsync.lambda$sendRequestWithRetry$6(OrderedAsync.java:208)
	at java.util.concurrent.CompletableFuture.uniExceptionally(CompletableFuture.java:884)
	at java.util.concurrent.CompletableFuture$UniExceptionally.tryFire(CompletableFuture.java:866)
	at java.util.concurrent.CompletableFuture.postComplete(CompletableFuture.java:488)
	at java.util.concurrent.CompletableFuture.completeExceptionally(CompletableFuture.java:1990)
	at org.apache.ratis.grpc.client.GrpcClientProtocolClient$AsyncStreamObservers.lambda$timeoutCheck$5(GrpcClientProtocolClient.java:373)
	at java.util.Optional.ifPresent(Optional.java:159)
	at org.apache.ratis.grpc.client.GrpcClientProtocolClient$AsyncStreamObservers.handleReplyFuture(GrpcClientProtocolClient.java:378)
	at org.apache.ratis.grpc.client.GrpcClientProtocolClient$AsyncStreamObservers.timeoutCheck(GrpcClientProtocolClient.java:373)
	at org.apache.ratis.grpc.client.GrpcClientProtocolClient$AsyncStreamObservers.lambda$onNext$3(GrpcClientProtocolClient.java:366)
	at org.apache.ratis.util.TimeoutTimer.lambda$onTimeout$2(TimeoutTimer.java:101)
	at org.apache.ratis.util.LogUtils.runAndLog(LogUtils.java:38)
	at org.apache.ratis.util.LogUtils$1.run(LogUtils.java:78)
	at org.apache.ratis.util.TimeoutTimer$Task.run(TimeoutTimer.java:55)
	at java.util.TimerThread.mainLoop(Timer.java:555)
	at java.util.TimerThread.run(Timer.java:505)
Caused by: org.apache.ratis.protocol.exceptions.AlreadyClosedException: client-2312CCC7CA78->s0: Stream close: no reply for async request cid=73
	at org.apache.ratis.grpc.client.GrpcClientProtocolClient$AsyncStreamObservers.completeReplyExceptionally(GrpcClientProtocolClient.java:396)
	... 29 more
2024-01-25 07:57:53,432 [timer1] DEBUG client.RaftClient (RaftClientImpl.java:get(158)) - client-2312CCC7CA78: get 108 returns []
2024-01-25 07:57:53,433 [timer1] DEBUG client.RaftClient (RaftClientImpl.java:newRequest(95)) - attempt #2, newRequest RaftClientRequest:client-2312CCC7CA78->s0@group-796A68A19D2E, cid=108, seq=null, Watch-ALL_COMMITTED(39), null
2024-01-25 07:57:53,433 [timer1] DEBUG impl.UnorderedAsync (UnorderedAsync.java:sendRequestWithRetry(80)) - client-2312CCC7CA78: attempt #2 send~ RaftClientRequest:client-2312CCC7CA78->s0@group-796A68A19D2E, cid=108, seq=null, Watch-ALL_COMMITTED(39), null
2024-01-25 07:57:53,433 [timer0] DEBUG client.RaftClient (RaftClientImpl.java:get(158)) - client-2312CCC7CA78: get 106 returns []
2024-01-25 07:57:53,433 [timer0] DEBUG client.RaftClient (RaftClientImpl.java:newRequest(95)) - attempt #2, newRequest RaftClientRequest:client-2312CCC7CA78->s0@group-796A68A19D2E, cid=106, seq=null, Watch-ALL(39), null
2024-01-25 07:57:53,433 [timer0] DEBUG impl.UnorderedAsync (UnorderedAsync.java:sendRequestWithRetry(80)) - client-2312CCC7CA78: attempt #2 send~ RaftClientRequest:client-2312CCC7CA78->s0@group-796A68A19D2E, cid=106, seq=null, Watch-ALL(39), null
2024-01-25 07:57:53,431 [s1-client-thread2] DEBUG server.RaftServer$Division (RaftServerImpl.java:submitClientRequestAsync(880)) - s1@group-796A68A19D2E: receive client request(RaftClientRequest:client-2312CCC7CA78->s1@group-796A68A19D2E, cid=107, seq=null, Watch-MAJORITY_COMMITTED(39), Message:<EMPTY>)
2024-01-25 07:57:53,430 [ForkJoinPool.commonPool-worker-3] DEBUG impl.UnorderedAsync (UnorderedAsync.java:lambda$sendRequestWithRetry$4(83)) - client-2312CCC7CA78: attempt #1 receive~ null
2024-01-25 07:57:53,434 [ForkJoinPool.commonPool-worker-3] TRACE impl.UnorderedAsync (UnorderedAsync.java:lambda$sendRequestWithRetry$4(108)) - client-2312CCC7CA78: attempt #1 failed~ RaftClientRequest:client-2312CCC7CA78->s1@group-796A68A19D2E, cid=107, seq=null, Watch-MAJORITY_COMMITTED(39), null
org.apache.ratis.protocol.exceptions.NotLeaderException: Server s1@group-796A68A19D2E is not the leader s0|localhost:15000
	at org.apache.ratis.client.impl.ClientProtoUtils.toRaftClientReply(ClientProtoUtils.java:397)
	at org.apache.ratis.grpc.client.GrpcClientProtocolClient$AsyncStreamObservers$1.onNext(GrpcClientProtocolClient.java:310)
	at org.apache.ratis.grpc.client.GrpcClientProtocolClient$AsyncStreamObservers$1.onNext(GrpcClientProtocolClient.java:305)
	at org.apache.ratis.thirdparty.io.grpc.stub.ClientCalls$StreamObserverToCallListenerAdapter.onMessage(ClientCalls.java:468)
	at org.apache.ratis.thirdparty.io.grpc.ForwardingClientCallListener.onMessage(ForwardingClientCallListener.java:33)
	at org.apache.ratis.thirdparty.io.grpc.internal.DelayedClientCall$DelayedListener.onMessage(DelayedClientCall.java:473)
	at org.apache.ratis.thirdparty.io.grpc.internal.ClientCallImpl$ClientStreamListenerImpl$1MessagesAvailable.runInternal(ClientCallImpl.java:660)
	at org.apache.ratis.thirdparty.io.grpc.internal.ClientCallImpl$ClientStreamListenerImpl$1MessagesAvailable.runInContext(ClientCallImpl.java:647)
	at org.apache.ratis.thirdparty.io.grpc.internal.ContextRunnable.run(ContextRunnable.java:37)
	at org.apache.ratis.thirdparty.io.grpc.internal.SerializingExecutor.run(SerializingExecutor.java:133)
	at java.util.concurrent.ThreadPoolExecutor.runWorker(ThreadPoolExecutor.java:1149)
	at java.util.concurrent.ThreadPoolExecutor$Worker.run(ThreadPoolExecutor.java:624)
	at java.lang.Thread.run(Thread.java:750)
2024-01-25 07:57:53,434 [ForkJoinPool.commonPool-worker-3] DEBUG client.RaftClient (RaftClientImpl.java:handleIOException(417)) - client-2312CCC7CA78: suggested new leader: s0. Failed RaftClientRequest:client-2312CCC7CA78->s1@group-796A68A19D2E, cid=107, seq=null, Watch-MAJORITY_COMMITTED(39), null
org.apache.ratis.protocol.exceptions.NotLeaderException: Server s1@group-796A68A19D2E is not the leader s0|localhost:15000
	at org.apache.ratis.client.impl.ClientProtoUtils.toRaftClientReply(ClientProtoUtils.java:397)
	at org.apache.ratis.grpc.client.GrpcClientProtocolClient$AsyncStreamObservers$1.onNext(GrpcClientProtocolClient.java:310)
	at org.apache.ratis.grpc.client.GrpcClientProtocolClient$AsyncStreamObservers$1.onNext(GrpcClientProtocolClient.java:305)
	at org.apache.ratis.thirdparty.io.grpc.stub.ClientCalls$StreamObserverToCallListenerAdapter.onMessage(ClientCalls.java:468)
	at org.apache.ratis.thirdparty.io.grpc.ForwardingClientCallListener.onMessage(ForwardingClientCallListener.java:33)
	at org.apache.ratis.thirdparty.io.grpc.internal.DelayedClientCall$DelayedListener.onMessage(DelayedClientCall.java:473)
	at org.apache.ratis.thirdparty.io.grpc.internal.ClientCallImpl$ClientStreamListenerImpl$1MessagesAvailable.runInternal(ClientCallImpl.java:660)
	at org.apache.ratis.thirdparty.io.grpc.internal.ClientCallImpl$ClientStreamListenerImpl$1MessagesAvailable.runInContext(ClientCallImpl.java:647)
	at org.apache.ratis.thirdparty.io.grpc.internal.ContextRunnable.run(ContextRunnable.java:37)
	at org.apache.ratis.thirdparty.io.grpc.internal.SerializingExecutor.run(SerializingExecutor.java:133)
	at java.util.concurrent.ThreadPoolExecutor.runWorker(ThreadPoolExecutor.java:1149)
	at java.util.concurrent.ThreadPoolExecutor$Worker.run(ThreadPoolExecutor.java:624)
	at java.lang.Thread.run(Thread.java:750)
2024-01-25 07:57:53,435 [ForkJoinPool.commonPool-worker-3] TRACE client.RaftClient (RaftClientImpl.java:handleIOException(419)) - Stack trace
java.lang.Throwable: TRACE
	at org.apache.ratis.client.impl.RaftClientImpl.handleIOException(RaftClientImpl.java:419)
	at org.apache.ratis.client.impl.RaftClientImpl.handleNotLeaderException(RaftClientImpl.java:399)
	at org.apache.ratis.client.impl.UnorderedAsync.lambda$sendRequestWithRetry$4(UnorderedAsync.java:116)
	at java.util.concurrent.CompletableFuture.uniWhenComplete(CompletableFuture.java:774)
	at java.util.concurrent.CompletableFuture$UniWhenComplete.tryFire(CompletableFuture.java:750)
	at java.util.concurrent.CompletableFuture$Completion.exec(CompletableFuture.java:457)
	at java.util.concurrent.ForkJoinTask.doExec(ForkJoinTask.java:289)
	at java.util.concurrent.ForkJoinPool$WorkQueue.runTask(ForkJoinPool.java:1056)
	at java.util.concurrent.ForkJoinPool.runWorker(ForkJoinPool.java:1692)
	at java.util.concurrent.ForkJoinWorkerThread.run(ForkJoinWorkerThread.java:175)
2024-01-25 07:57:53,435 [ForkJoinPool.commonPool-worker-3] DEBUG client.RaftClient (RaftClientImpl.java:handleIOException(435)) - client-2312CCC7CA78: oldLeader=s1,  curLeader=s0, newLeader=s0
2024-01-25 07:57:53,435 [ForkJoinPool.commonPool-worker-3] DEBUG impl.UnorderedAsync (UnorderedAsync.java:lambda$sendRequestWithRetry$4(132)) - schedule~ attempt #1 with sleep 0ns and policy RetryForeverWithSleep(sleepTime = 100ms) for RaftClientRequest:client-2312CCC7CA78->s1@group-796A68A19D2E, cid=107, seq=null, Watch-MAJORITY_COMMITTED(39), null
2024-01-25 07:57:53,435 [timer2] DEBUG client.RaftClient (RaftClientImpl.java:get(158)) - client-2312CCC7CA78: get 107 returns []
2024-01-25 07:57:53,435 [timer2] DEBUG client.RaftClient (RaftClientImpl.java:newRequest(95)) - attempt #2, newRequest RaftClientRequest:client-2312CCC7CA78->s0@group-796A68A19D2E, cid=107, seq=null, Watch-MAJORITY_COMMITTED(39), null
2024-01-25 07:57:53,435 [timer2] DEBUG impl.UnorderedAsync (UnorderedAsync.java:sendRequestWithRetry(80)) - client-2312CCC7CA78: attempt #2 send~ RaftClientRequest:client-2312CCC7CA78->s0@group-796A68A19D2E, cid=107, seq=null, Watch-MAJORITY_COMMITTED(39), null
2024-01-25 07:57:53,435 [null-request--thread1] INFO  server.GrpcClientProtocolService (GrpcClientProtocolService.java:lambda$processClientRequest$0(323)) - Failed RaftClientRequest:client-2312CCC7CA78->s1@group-796A68A19D2E, cid=107, seq=null, Watch-MAJORITY_COMMITTED(39), Message:<EMPTY>, reply=RaftClientReply:client-2312CCC7CA78->s1@group-796A68A19D2E, cid=107, FAILED org.apache.ratis.protocol.exceptions.NotLeaderException: Server s1@group-796A68A19D2E is not the leader s0|localhost:15000, logIndex=0, commits[s1:c59, s0:c59, s2:c25]
2024-01-25 07:57:53,433 [timer3] DEBUG client.RaftClient (RaftClientImpl.java:handleIOException(417)) - client-2312CCC7CA78: suggested new leader: null. Failed RaftClientRequest:client-2312CCC7CA78->s0@group-796A68A19D2E, cid=73, seq=29, RW, m16
org.apache.ratis.protocol.exceptions.AlreadyClosedException: client-2312CCC7CA78->s0: Stream close: no reply for async request cid=73
	at org.apache.ratis.grpc.client.GrpcClientProtocolClient$AsyncStreamObservers.completeReplyExceptionally(GrpcClientProtocolClient.java:396)
	at org.apache.ratis.grpc.client.GrpcClientProtocolClient$AsyncStreamObservers.close(GrpcClientProtocolClient.java:383)
	at org.apache.ratis.grpc.client.GrpcClientProtocolClient$AsyncStreamObservers.access$500(GrpcClientProtocolClient.java:300)
	at org.apache.ratis.grpc.client.GrpcClientProtocolClient.lambda$close$3(GrpcClientProtocolClient.java:160)
	at java.util.Optional.ifPresent(Optional.java:159)
	at org.apache.ratis.grpc.client.GrpcClientProtocolClient.close(GrpcClientProtocolClient.java:160)
	at org.apache.ratis.util.PeerProxyMap.closeProxy(PeerProxyMap.java:197)
	at org.apache.ratis.util.PeerProxyMap.lambda$resetProxy$2(PeerProxyMap.java:158)
	at java.util.Optional.map(Optional.java:215)
	at org.apache.ratis.util.PeerProxyMap.resetProxy(PeerProxyMap.java:158)
	at org.apache.ratis.util.PeerProxyMap.handleException(PeerProxyMap.java:165)
	at org.apache.ratis.client.impl.RaftClientRpcWithProxy.handleException(RaftClientRpcWithProxy.java:48)
	at org.apache.ratis.client.impl.RaftClientImpl.handleIOException(RaftClientImpl.java:445)
	at org.apache.ratis.client.impl.OrderedAsync.handleException(OrderedAsync.java:237)
	at org.apache.ratis.client.impl.OrderedAsync.lambda$sendRequestWithRetry$6(OrderedAsync.java:208)
	at java.util.concurrent.CompletableFuture.uniExceptionally(CompletableFuture.java:884)
	at java.util.concurrent.CompletableFuture$UniExceptionally.tryFire(CompletableFuture.java:866)
	at java.util.concurrent.CompletableFuture.postComplete(CompletableFuture.java:488)
	at java.util.concurrent.CompletableFuture.completeExceptionally(CompletableFuture.java:1990)
	at org.apache.ratis.grpc.client.GrpcClientProtocolClient$AsyncStreamObservers.lambda$timeoutCheck$5(GrpcClientProtocolClient.java:373)
	at java.util.Optional.ifPresent(Optional.java:159)
	at org.apache.ratis.grpc.client.GrpcClientProtocolClient$AsyncStreamObservers.handleReplyFuture(GrpcClientProtocolClient.java:378)
	at org.apache.ratis.grpc.client.GrpcClientProtocolClient$AsyncStreamObservers.timeoutCheck(GrpcClientProtocolClient.java:373)
	at org.apache.ratis.grpc.client.GrpcClientProtocolClient$AsyncStreamObservers.lambda$onNext$3(GrpcClientProtocolClient.java:366)
	at org.apache.ratis.util.TimeoutTimer.lambda$onTimeout$2(TimeoutTimer.java:101)
	at org.apache.ratis.util.LogUtils.runAndLog(LogUtils.java:38)
	at org.apache.ratis.util.LogUtils$1.run(LogUtils.java:78)
	at org.apache.ratis.util.TimeoutTimer$Task.run(TimeoutTimer.java:55)
	at java.util.TimerThread.mainLoop(Timer.java:555)
	at java.util.TimerThread.run(Timer.java:505)
2024-01-25 07:57:53,436 [timer3] TRACE client.RaftClient (RaftClientImpl.java:handleIOException(419)) - Stack trace
java.lang.Throwable: TRACE
	at org.apache.ratis.client.impl.RaftClientImpl.handleIOException(RaftClientImpl.java:419)
	at org.apache.ratis.client.impl.OrderedAsync.handleException(OrderedAsync.java:237)
	at org.apache.ratis.client.impl.OrderedAsync.lambda$sendRequestWithRetry$6(OrderedAsync.java:208)
	at java.util.concurrent.CompletableFuture.uniExceptionally(CompletableFuture.java:884)
	at java.util.concurrent.CompletableFuture$UniExceptionally.tryFire(CompletableFuture.java:866)
	at java.util.concurrent.CompletableFuture.postComplete(CompletableFuture.java:488)
	at java.util.concurrent.CompletableFuture.completeExceptionally(CompletableFuture.java:1990)
	at org.apache.ratis.grpc.client.GrpcClientProtocolClient$AsyncStreamObservers.completeReplyExceptionally(GrpcClientProtocolClient.java:394)
	at org.apache.ratis.grpc.client.GrpcClientProtocolClient$AsyncStreamObservers.close(GrpcClientProtocolClient.java:383)
	at org.apache.ratis.grpc.client.GrpcClientProtocolClient$AsyncStreamObservers.access$500(GrpcClientProtocolClient.java:300)
	at org.apache.ratis.grpc.client.GrpcClientProtocolClient.lambda$close$3(GrpcClientProtocolClient.java:160)
	at java.util.Optional.ifPresent(Optional.java:159)
	at org.apache.ratis.grpc.client.GrpcClientProtocolClient.close(GrpcClientProtocolClient.java:160)
	at org.apache.ratis.util.PeerProxyMap.closeProxy(PeerProxyMap.java:197)
	at org.apache.ratis.util.PeerProxyMap.lambda$resetProxy$2(PeerProxyMap.java:158)
	at java.util.Optional.map(Optional.java:215)
	at org.apache.ratis.util.PeerProxyMap.resetProxy(PeerProxyMap.java:158)
	at org.apache.ratis.util.PeerProxyMap.handleException(PeerProxyMap.java:165)
	at org.apache.ratis.client.impl.RaftClientRpcWithProxy.handleException(RaftClientRpcWithProxy.java:48)
	at org.apache.ratis.client.impl.RaftClientImpl.handleIOException(RaftClientImpl.java:445)
	at org.apache.ratis.client.impl.OrderedAsync.handleException(OrderedAsync.java:237)
	at org.apache.ratis.client.impl.OrderedAsync.lambda$sendRequestWithRetry$6(OrderedAsync.java:208)
	at java.util.concurrent.CompletableFuture.uniExceptionally(CompletableFuture.java:884)
	at java.util.concurrent.CompletableFuture$UniExceptionally.tryFire(CompletableFuture.java:866)
	at java.util.concurrent.CompletableFuture.postComplete(CompletableFuture.java:488)
	at java.util.concurrent.CompletableFuture.completeExceptionally(CompletableFuture.java:1990)
	at org.apache.ratis.grpc.client.GrpcClientProtocolClient$AsyncStreamObservers.lambda$timeoutCheck$5(GrpcClientProtocolClient.java:373)
	at java.util.Optional.ifPresent(Optional.java:159)
	at org.apache.ratis.grpc.client.GrpcClientProtocolClient$AsyncStreamObservers.handleReplyFuture(GrpcClientProtocolClient.java:378)
	at org.apache.ratis.grpc.client.GrpcClientProtocolClient$AsyncStreamObservers.timeoutCheck(GrpcClientProtocolClient.java:373)
	at org.apache.ratis.grpc.client.GrpcClientProtocolClient$AsyncStreamObservers.lambda$onNext$3(GrpcClientProtocolClient.java:366)
	at org.apache.ratis.util.TimeoutTimer.lambda$onTimeout$2(TimeoutTimer.java:101)
	at org.apache.ratis.util.LogUtils.runAndLog(LogUtils.java:38)
	at org.apache.ratis.util.LogUtils$1.run(LogUtils.java:78)
	at org.apache.ratis.util.TimeoutTimer$Task.run(TimeoutTimer.java:55)
	at java.util.TimerThread.mainLoop(Timer.java:555)
	at java.util.TimerThread.run(Timer.java:505)
2024-01-25 07:57:53,436 [timer3] DEBUG client.RaftClient (RaftClientImpl.java:handleIOException(435)) - client-2312CCC7CA78: oldLeader=s0,  curLeader=s0, newLeader=s2
2024-01-25 07:57:53,436 [timer3] DEBUG client.RaftClient (RaftClientImpl.java:handleIOException(441)) - client-2312CCC7CA78 changes Leader from s0 to s2 for group-796A68A19D2E
org.apache.ratis.protocol.exceptions.AlreadyClosedException: client-2312CCC7CA78->s0: Stream close: no reply for async request cid=73
	at org.apache.ratis.grpc.client.GrpcClientProtocolClient$AsyncStreamObservers.completeReplyExceptionally(GrpcClientProtocolClient.java:396)
	at org.apache.ratis.grpc.client.GrpcClientProtocolClient$AsyncStreamObservers.close(GrpcClientProtocolClient.java:383)
	at org.apache.ratis.grpc.client.GrpcClientProtocolClient$AsyncStreamObservers.access$500(GrpcClientProtocolClient.java:300)
	at org.apache.ratis.grpc.client.GrpcClientProtocolClient.lambda$close$3(GrpcClientProtocolClient.java:160)
	at java.util.Optional.ifPresent(Optional.java:159)
	at org.apache.ratis.grpc.client.GrpcClientProtocolClient.close(GrpcClientProtocolClient.java:160)
	at org.apache.ratis.util.PeerProxyMap.closeProxy(PeerProxyMap.java:197)
	at org.apache.ratis.util.PeerProxyMap.lambda$resetProxy$2(PeerProxyMap.java:158)
	at java.util.Optional.map(Optional.java:215)
	at org.apache.ratis.util.PeerProxyMap.resetProxy(PeerProxyMap.java:158)
	at org.apache.ratis.util.PeerProxyMap.handleException(PeerProxyMap.java:165)
	at org.apache.ratis.client.impl.RaftClientRpcWithProxy.handleException(RaftClientRpcWithProxy.java:48)
	at org.apache.ratis.client.impl.RaftClientImpl.handleIOException(RaftClientImpl.java:445)
	at org.apache.ratis.client.impl.OrderedAsync.handleException(OrderedAsync.java:237)
	at org.apache.ratis.client.impl.OrderedAsync.lambda$sendRequestWithRetry$6(OrderedAsync.java:208)
	at java.util.concurrent.CompletableFuture.uniExceptionally(CompletableFuture.java:884)
	at java.util.concurrent.CompletableFuture$UniExceptionally.tryFire(CompletableFuture.java:866)
	at java.util.concurrent.CompletableFuture.postComplete(CompletableFuture.java:488)
	at java.util.concurrent.CompletableFuture.completeExceptionally(CompletableFuture.java:1990)
	at org.apache.ratis.grpc.client.GrpcClientProtocolClient$AsyncStreamObservers.lambda$timeoutCheck$5(GrpcClientProtocolClient.java:373)
	at java.util.Optional.ifPresent(Optional.java:159)
	at org.apache.ratis.grpc.client.GrpcClientProtocolClient$AsyncStreamObservers.handleReplyFuture(GrpcClientProtocolClient.java:378)
	at org.apache.ratis.grpc.client.GrpcClientProtocolClient$AsyncStreamObservers.timeoutCheck(GrpcClientProtocolClient.java:373)
	at org.apache.ratis.grpc.client.GrpcClientProtocolClient$AsyncStreamObservers.lambda$onNext$3(GrpcClientProtocolClient.java:366)
	at org.apache.ratis.util.TimeoutTimer.lambda$onTimeout$2(TimeoutTimer.java:101)
	at org.apache.ratis.util.LogUtils.runAndLog(LogUtils.java:38)
	at org.apache.ratis.util.LogUtils$1.run(LogUtils.java:78)
	at org.apache.ratis.util.TimeoutTimer$Task.run(TimeoutTimer.java:55)
	at java.util.TimerThread.mainLoop(Timer.java:555)
	at java.util.TimerThread.run(Timer.java:505)
2024-01-25 07:57:53,436 [s1-client-thread2] DEBUG server.RaftServer$Division (RaftServerImpl.java:submitClientRequestAsync(880)) - s1@group-796A68A19D2E: receive client request(RaftClientRequest:client-2312CCC7CA78->s1@group-796A68A19D2E, cid=108, seq=null, Watch-ALL_COMMITTED(39), Message:<EMPTY>)
2024-01-25 07:57:53,436 [timer0] ERROR client.GrpcClientRpc (GrpcClientRpc.java:sendRequestAsyncUnordered(85)) - client-2312CCC7CA78: Failed RaftClientRequest:client-2312CCC7CA78->s0@group-796A68A19D2E, cid=106, seq=null, Watch-ALL(39), null
org.apache.ratis.protocol.exceptions.AlreadyClosedException: client-2312CCC7CA78 is already CLOSED
	at org.apache.ratis.util.PeerProxyMap$PeerAndProxy.getProxy(PeerProxyMap.java:66)
	at org.apache.ratis.util.PeerProxyMap.getProxy(PeerProxyMap.java:123)
	at org.apache.ratis.grpc.client.GrpcClientRpc.sendRequestAsyncUnordered(GrpcClientRpc.java:81)
	at org.apache.ratis.client.impl.UnorderedAsync.sendRequestWithRetry(UnorderedAsync.java:81)
	at org.apache.ratis.client.impl.UnorderedAsync.lambda$null$2(UnorderedAsync.java:135)
	at org.apache.ratis.util.TimeoutTimer.lambda$onTimeout$2(TimeoutTimer.java:101)
	at org.apache.ratis.util.LogUtils.runAndLog(LogUtils.java:38)
	at org.apache.ratis.util.LogUtils$1.run(LogUtils.java:78)
	at org.apache.ratis.util.TimeoutTimer$Task.run(TimeoutTimer.java:55)
	at java.util.TimerThread.mainLoop(Timer.java:555)
	at java.util.TimerThread.run(Timer.java:505)
2024-01-25 07:57:53,437 [null-request--thread1] INFO  server.GrpcClientProtocolService (GrpcClientProtocolService.java:lambda$processClientRequest$0(323)) - Failed RaftClientRequest:client-2312CCC7CA78->s1@group-796A68A19D2E, cid=108, seq=null, Watch-ALL_COMMITTED(39), Message:<EMPTY>, reply=RaftClientReply:client-2312CCC7CA78->s1@group-796A68A19D2E, cid=108, FAILED org.apache.ratis.protocol.exceptions.NotLeaderException: Server s1@group-796A68A19D2E is not the leader s0|localhost:15000, logIndex=0, commits[s1:c59, s0:c59, s2:c25]
2024-01-25 07:57:53,437 [ForkJoinPool.commonPool-worker-2] DEBUG impl.UnorderedAsync (UnorderedAsync.java:lambda$sendRequestWithRetry$4(83)) - client-2312CCC7CA78: attempt #2 receive~ null
2024-01-25 07:57:53,437 [ForkJoinPool.commonPool-worker-3] DEBUG impl.UnorderedAsync (UnorderedAsync.java:lambda$sendRequestWithRetry$4(83)) - client-2312CCC7CA78: attempt #2 receive~ null
2024-01-25 07:57:53,437 [ForkJoinPool.commonPool-worker-2] TRACE impl.UnorderedAsync (UnorderedAsync.java:lambda$sendRequestWithRetry$4(108)) - client-2312CCC7CA78: attempt #2 failed~ RaftClientRequest:client-2312CCC7CA78->s0@group-796A68A19D2E, cid=106, seq=null, Watch-ALL(39), null
org.apache.ratis.protocol.exceptions.AlreadyClosedException: client-2312CCC7CA78 is already CLOSED
	at org.apache.ratis.util.PeerProxyMap$PeerAndProxy.getProxy(PeerProxyMap.java:66)
	at org.apache.ratis.util.PeerProxyMap.getProxy(PeerProxyMap.java:123)
	at org.apache.ratis.grpc.client.GrpcClientRpc.sendRequestAsyncUnordered(GrpcClientRpc.java:81)
	at org.apache.ratis.client.impl.UnorderedAsync.sendRequestWithRetry(UnorderedAsync.java:81)
	at org.apache.ratis.client.impl.UnorderedAsync.lambda$null$2(UnorderedAsync.java:135)
	at org.apache.ratis.util.TimeoutTimer.lambda$onTimeout$2(TimeoutTimer.java:101)
	at org.apache.ratis.util.LogUtils.runAndLog(LogUtils.java:38)
	at org.apache.ratis.util.LogUtils$1.run(LogUtils.java:78)
	at org.apache.ratis.util.TimeoutTimer$Task.run(TimeoutTimer.java:55)
	at java.util.TimerThread.mainLoop(Timer.java:555)
	at java.util.TimerThread.run(Timer.java:505)
2024-01-25 07:57:53,438 [ForkJoinPool.commonPool-worker-2] DEBUG client.RaftClient (RaftClientImpl.java:handleIOException(417)) - client-2312CCC7CA78: suggested new leader: null. Failed RaftClientRequest:client-2312CCC7CA78->s0@group-796A68A19D2E, cid=106, seq=null, Watch-ALL(39), null
org.apache.ratis.protocol.exceptions.AlreadyClosedException: client-2312CCC7CA78 is already CLOSED
	at org.apache.ratis.util.PeerProxyMap$PeerAndProxy.getProxy(PeerProxyMap.java:66)
	at org.apache.ratis.util.PeerProxyMap.getProxy(PeerProxyMap.java:123)
	at org.apache.ratis.grpc.client.GrpcClientRpc.sendRequestAsyncUnordered(GrpcClientRpc.java:81)
	at org.apache.ratis.client.impl.UnorderedAsync.sendRequestWithRetry(UnorderedAsync.java:81)
	at org.apache.ratis.client.impl.UnorderedAsync.lambda$null$2(UnorderedAsync.java:135)
	at org.apache.ratis.util.TimeoutTimer.lambda$onTimeout$2(TimeoutTimer.java:101)
	at org.apache.ratis.util.LogUtils.runAndLog(LogUtils.java:38)
	at org.apache.ratis.util.LogUtils$1.run(LogUtils.java:78)
	at org.apache.ratis.util.TimeoutTimer$Task.run(TimeoutTimer.java:55)
	at java.util.TimerThread.mainLoop(Timer.java:555)
	at java.util.TimerThread.run(Timer.java:505)
2024-01-25 07:57:53,438 [ForkJoinPool.commonPool-worker-2] TRACE client.RaftClient (RaftClientImpl.java:handleIOException(419)) - Stack trace
java.lang.Throwable: TRACE
	at org.apache.ratis.client.impl.RaftClientImpl.handleIOException(RaftClientImpl.java:419)
	at org.apache.ratis.client.impl.RaftClientImpl.handleIOException(RaftClientImpl.java:412)
	at org.apache.ratis.client.impl.UnorderedAsync.lambda$sendRequestWithRetry$4(UnorderedAsync.java:121)
	at java.util.concurrent.CompletableFuture.uniWhenComplete(CompletableFuture.java:774)
	at java.util.concurrent.CompletableFuture$UniWhenComplete.tryFire(CompletableFuture.java:750)
	at java.util.concurrent.CompletableFuture$Completion.exec(CompletableFuture.java:457)
	at java.util.concurrent.ForkJoinTask.doExec(ForkJoinTask.java:289)
	at java.util.concurrent.ForkJoinPool$WorkQueue.runTask(ForkJoinPool.java:1056)
	at java.util.concurrent.ForkJoinPool.runWorker(ForkJoinPool.java:1692)
	at java.util.concurrent.ForkJoinWorkerThread.run(ForkJoinWorkerThread.java:175)
2024-01-25 07:57:53,438 [ForkJoinPool.commonPool-worker-2] DEBUG client.RaftClient (RaftClientImpl.java:handleIOException(435)) - client-2312CCC7CA78: oldLeader=s0,  curLeader=s2, newLeader=null
2024-01-25 07:57:53,438 [ForkJoinPool.commonPool-worker-2] DEBUG impl.UnorderedAsync (UnorderedAsync.java:lambda$sendRequestWithRetry$4(132)) - schedule~ attempt #2 with sleep 100ms and policy RetryForeverWithSleep(sleepTime = 100ms) for RaftClientRequest:client-2312CCC7CA78->s0@group-796A68A19D2E, cid=106, seq=null, Watch-ALL(39), null
2024-01-25 07:57:53,438 [ForkJoinPool.commonPool-worker-2] DEBUG impl.UnorderedAsync (UnorderedAsync.java:lambda$sendRequestWithRetry$4(83)) - client-2312CCC7CA78: attempt #2 receive~ null
2024-01-25 07:57:53,438 [ForkJoinPool.commonPool-worker-2] TRACE impl.UnorderedAsync (UnorderedAsync.java:lambda$sendRequestWithRetry$4(108)) - client-2312CCC7CA78: attempt #2 failed~ RaftClientRequest:client-2312CCC7CA78->s0@group-796A68A19D2E, cid=108, seq=null, Watch-ALL_COMMITTED(39), null
org.apache.ratis.protocol.exceptions.AlreadyClosedException: client-2312CCC7CA78->s0: Stream close: no reply for async request cid=108
	at org.apache.ratis.grpc.client.GrpcClientProtocolClient$AsyncStreamObservers.completeReplyExceptionally(GrpcClientProtocolClient.java:396)
	at org.apache.ratis.grpc.client.GrpcClientProtocolClient$AsyncStreamObservers.close(GrpcClientProtocolClient.java:383)
	at org.apache.ratis.grpc.client.GrpcClientProtocolClient$AsyncStreamObservers.access$500(GrpcClientProtocolClient.java:300)
	at org.apache.ratis.grpc.client.GrpcClientProtocolClient.lambda$close$4(GrpcClientProtocolClient.java:161)
	at java.util.Optional.ifPresent(Optional.java:159)
	at org.apache.ratis.grpc.client.GrpcClientProtocolClient.close(GrpcClientProtocolClient.java:161)
	at org.apache.ratis.util.PeerProxyMap.closeProxy(PeerProxyMap.java:197)
	at org.apache.ratis.util.PeerProxyMap.lambda$resetProxy$2(PeerProxyMap.java:158)
	at java.util.Optional.map(Optional.java:215)
	at org.apache.ratis.util.PeerProxyMap.resetProxy(PeerProxyMap.java:158)
	at org.apache.ratis.util.PeerProxyMap.handleException(PeerProxyMap.java:165)
	at org.apache.ratis.client.impl.RaftClientRpcWithProxy.handleException(RaftClientRpcWithProxy.java:48)
	at org.apache.ratis.client.impl.RaftClientImpl.handleIOException(RaftClientImpl.java:445)
	at org.apache.ratis.client.impl.OrderedAsync.handleException(OrderedAsync.java:237)
	at org.apache.ratis.client.impl.OrderedAsync.lambda$sendRequestWithRetry$6(OrderedAsync.java:208)
	at java.util.concurrent.CompletableFuture.uniExceptionally(CompletableFuture.java:884)
	at java.util.concurrent.CompletableFuture$UniExceptionally.tryFire(CompletableFuture.java:866)
	at java.util.concurrent.CompletableFuture.postComplete(CompletableFuture.java:488)
	at java.util.concurrent.CompletableFuture.completeExceptionally(CompletableFuture.java:1990)
	at org.apache.ratis.grpc.client.GrpcClientProtocolClient$AsyncStreamObservers.completeReplyExceptionally(GrpcClientProtocolClient.java:394)
	at org.apache.ratis.grpc.client.GrpcClientProtocolClient$AsyncStreamObservers.close(GrpcClientProtocolClient.java:383)
	at org.apache.ratis.grpc.client.GrpcClientProtocolClient$AsyncStreamObservers.access$500(GrpcClientProtocolClient.java:300)
	at org.apache.ratis.grpc.client.GrpcClientProtocolClient.lambda$close$3(GrpcClientProtocolClient.java:160)
	at java.util.Optional.ifPresent(Optional.java:159)
	at org.apache.ratis.grpc.client.GrpcClientProtocolClient.close(GrpcClientProtocolClient.java:160)
	at org.apache.ratis.util.PeerProxyMap.closeProxy(PeerProxyMap.java:197)
	at org.apache.ratis.util.PeerProxyMap.lambda$resetProxy$2(PeerProxyMap.java:158)
	at java.util.Optional.map(Optional.java:215)
	at org.apache.ratis.util.PeerProxyMap.resetProxy(PeerProxyMap.java:158)
	at org.apache.ratis.util.PeerProxyMap.handleException(PeerProxyMap.java:165)
	at org.apache.ratis.client.impl.RaftClientRpcWithProxy.handleException(RaftClientRpcWithProxy.java:48)
	at org.apache.ratis.client.impl.RaftClientImpl.handleIOException(RaftClientImpl.java:445)
	at org.apache.ratis.client.impl.OrderedAsync.handleException(OrderedAsync.java:237)
	at org.apache.ratis.client.impl.OrderedAsync.lambda$sendRequestWithRetry$6(OrderedAsync.java:208)
	at java.util.concurrent.CompletableFuture.uniExceptionally(CompletableFuture.java:884)
	at java.util.concurrent.CompletableFuture$UniExceptionally.tryFire(CompletableFuture.java:866)
	at java.util.concurrent.CompletableFuture.postComplete(CompletableFuture.java:488)
	at java.util.concurrent.CompletableFuture.completeExceptionally(CompletableFuture.java:1990)
	at org.apache.ratis.grpc.client.GrpcClientProtocolClient$AsyncStreamObservers.lambda$timeoutCheck$5(GrpcClientProtocolClient.java:373)
	at java.util.Optional.ifPresent(Optional.java:159)
	at org.apache.ratis.grpc.client.GrpcClientProtocolClient$AsyncStreamObservers.handleReplyFuture(GrpcClientProtocolClient.java:378)
	at org.apache.ratis.grpc.client.GrpcClientProtocolClient$AsyncStreamObservers.timeoutCheck(GrpcClientProtocolClient.java:373)
	at org.apache.ratis.grpc.client.GrpcClientProtocolClient$AsyncStreamObservers.lambda$onNext$3(GrpcClientProtocolClient.java:366)
	at org.apache.ratis.util.TimeoutTimer.lambda$onTimeout$2(TimeoutTimer.java:101)
	at org.apache.ratis.util.LogUtils.runAndLog(LogUtils.java:38)
	at org.apache.ratis.util.LogUtils$1.run(LogUtils.java:78)
	at org.apache.ratis.util.TimeoutTimer$Task.run(TimeoutTimer.java:55)
	at java.util.TimerThread.mainLoop(Timer.java:555)
	at java.util.TimerThread.run(Timer.java:505)
2024-01-25 07:57:53,438 [ForkJoinPool.commonPool-worker-2] DEBUG client.RaftClient (RaftClientImpl.java:handleIOException(417)) - client-2312CCC7CA78: suggested new leader: null. Failed RaftClientRequest:client-2312CCC7CA78->s0@group-796A68A19D2E, cid=108, seq=null, Watch-ALL_COMMITTED(39), null
org.apache.ratis.protocol.exceptions.AlreadyClosedException: client-2312CCC7CA78->s0: Stream close: no reply for async request cid=108
	at org.apache.ratis.grpc.client.GrpcClientProtocolClient$AsyncStreamObservers.completeReplyExceptionally(GrpcClientProtocolClient.java:396)
	at org.apache.ratis.grpc.client.GrpcClientProtocolClient$AsyncStreamObservers.close(GrpcClientProtocolClient.java:383)
	at org.apache.ratis.grpc.client.GrpcClientProtocolClient$AsyncStreamObservers.access$500(GrpcClientProtocolClient.java:300)
	at org.apache.ratis.grpc.client.GrpcClientProtocolClient.lambda$close$4(GrpcClientProtocolClient.java:161)
	at java.util.Optional.ifPresent(Optional.java:159)
	at org.apache.ratis.grpc.client.GrpcClientProtocolClient.close(GrpcClientProtocolClient.java:161)
	at org.apache.ratis.util.PeerProxyMap.closeProxy(PeerProxyMap.java:197)
	at org.apache.ratis.util.PeerProxyMap.lambda$resetProxy$2(PeerProxyMap.java:158)
	at java.util.Optional.map(Optional.java:215)
	at org.apache.ratis.util.PeerProxyMap.resetProxy(PeerProxyMap.java:158)
	at org.apache.ratis.util.PeerProxyMap.handleException(PeerProxyMap.java:165)
	at org.apache.ratis.client.impl.RaftClientRpcWithProxy.handleException(RaftClientRpcWithProxy.java:48)
	at org.apache.ratis.client.impl.RaftClientImpl.handleIOException(RaftClientImpl.java:445)
	at org.apache.ratis.client.impl.OrderedAsync.handleException(OrderedAsync.java:237)
	at org.apache.ratis.client.impl.OrderedAsync.lambda$sendRequestWithRetry$6(OrderedAsync.java:208)
	at java.util.concurrent.CompletableFuture.uniExceptionally(CompletableFuture.java:884)
	at java.util.concurrent.CompletableFuture$UniExceptionally.tryFire(CompletableFuture.java:866)
	at java.util.concurrent.CompletableFuture.postComplete(CompletableFuture.java:488)
	at java.util.concurrent.CompletableFuture.completeExceptionally(CompletableFuture.java:1990)
	at org.apache.ratis.grpc.client.GrpcClientProtocolClient$AsyncStreamObservers.completeReplyExceptionally(GrpcClientProtocolClient.java:394)
	at org.apache.ratis.grpc.client.GrpcClientProtocolClient$AsyncStreamObservers.close(GrpcClientProtocolClient.java:383)
	at org.apache.ratis.grpc.client.GrpcClientProtocolClient$AsyncStreamObservers.access$500(GrpcClientProtocolClient.java:300)
	at org.apache.ratis.grpc.client.GrpcClientProtocolClient.lambda$close$3(GrpcClientProtocolClient.java:160)
	at java.util.Optional.ifPresent(Optional.java:159)
	at org.apache.ratis.grpc.client.GrpcClientProtocolClient.close(GrpcClientProtocolClient.java:160)
	at org.apache.ratis.util.PeerProxyMap.closeProxy(PeerProxyMap.java:197)
	at org.apache.ratis.util.PeerProxyMap.lambda$resetProxy$2(PeerProxyMap.java:158)
	at java.util.Optional.map(Optional.java:215)
	at org.apache.ratis.util.PeerProxyMap.resetProxy(PeerProxyMap.java:158)
	at org.apache.ratis.util.PeerProxyMap.handleException(PeerProxyMap.java:165)
	at org.apache.ratis.client.impl.RaftClientRpcWithProxy.handleException(RaftClientRpcWithProxy.java:48)
	at org.apache.ratis.client.impl.RaftClientImpl.handleIOException(RaftClientImpl.java:445)
	at org.apache.ratis.client.impl.OrderedAsync.handleException(OrderedAsync.java:237)
	at org.apache.ratis.client.impl.OrderedAsync.lambda$sendRequestWithRetry$6(OrderedAsync.java:208)
	at java.util.concurrent.CompletableFuture.uniExceptionally(CompletableFuture.java:884)
	at java.util.concurrent.CompletableFuture$UniExceptionally.tryFire(CompletableFuture.java:866)
	at java.util.concurrent.CompletableFuture.postComplete(CompletableFuture.java:488)
	at java.util.concurrent.CompletableFuture.completeExceptionally(CompletableFuture.java:1990)
	at org.apache.ratis.grpc.client.GrpcClientProtocolClient$AsyncStreamObservers.lambda$timeoutCheck$5(GrpcClientProtocolClient.java:373)
	at java.util.Optional.ifPresent(Optional.java:159)
	at org.apache.ratis.grpc.client.GrpcClientProtocolClient$AsyncStreamObservers.handleReplyFuture(GrpcClientProtocolClient.java:378)
	at org.apache.ratis.grpc.client.GrpcClientProtocolClient$AsyncStreamObservers.timeoutCheck(GrpcClientProtocolClient.java:373)
	at org.apache.ratis.grpc.client.GrpcClientProtocolClient$AsyncStreamObservers.lambda$onNext$3(GrpcClientProtocolClient.java:366)
	at org.apache.ratis.util.TimeoutTimer.lambda$onTimeout$2(TimeoutTimer.java:101)
	at org.apache.ratis.util.LogUtils.runAndLog(LogUtils.java:38)
	at org.apache.ratis.util.LogUtils$1.run(LogUtils.java:78)
	at org.apache.ratis.util.TimeoutTimer$Task.run(TimeoutTimer.java:55)
	at java.util.TimerThread.mainLoop(Timer.java:555)
	at java.util.TimerThread.run(Timer.java:505)
2024-01-25 07:57:53,438 [ForkJoinPool.commonPool-worker-2] TRACE client.RaftClient (RaftClientImpl.java:handleIOException(419)) - Stack trace
java.lang.Throwable: TRACE
	at org.apache.ratis.client.impl.RaftClientImpl.handleIOException(RaftClientImpl.java:419)
	at org.apache.ratis.client.impl.RaftClientImpl.handleIOException(RaftClientImpl.java:412)
	at org.apache.ratis.client.impl.UnorderedAsync.lambda$sendRequestWithRetry$4(UnorderedAsync.java:121)
	at java.util.concurrent.CompletableFuture.uniWhenComplete(CompletableFuture.java:774)
	at java.util.concurrent.CompletableFuture$UniWhenComplete.tryFire(CompletableFuture.java:750)
	at java.util.concurrent.CompletableFuture$Completion.exec(CompletableFuture.java:457)
	at java.util.concurrent.ForkJoinTask.doExec(ForkJoinTask.java:289)
	at java.util.concurrent.ForkJoinPool$WorkQueue.runTask(ForkJoinPool.java:1056)
	at java.util.concurrent.ForkJoinPool.runWorker(ForkJoinPool.java:1692)
	at java.util.concurrent.ForkJoinWorkerThread.run(ForkJoinWorkerThread.java:175)
2024-01-25 07:57:53,438 [ForkJoinPool.commonPool-worker-2] DEBUG client.RaftClient (RaftClientImpl.java:handleIOException(435)) - client-2312CCC7CA78: oldLeader=s0,  curLeader=s2, newLeader=null
2024-01-25 07:57:53,439 [ForkJoinPool.commonPool-worker-2] DEBUG impl.UnorderedAsync (UnorderedAsync.java:lambda$sendRequestWithRetry$4(132)) - schedule~ attempt #2 with sleep 100ms and policy RetryForeverWithSleep(sleepTime = 100ms) for RaftClientRequest:client-2312CCC7CA78->s0@group-796A68A19D2E, cid=108, seq=null, Watch-ALL_COMMITTED(39), null
2024-01-25 07:57:53,440 [ForkJoinPool.commonPool-worker-3] TRACE impl.UnorderedAsync (UnorderedAsync.java:lambda$sendRequestWithRetry$4(108)) - client-2312CCC7CA78: attempt #2 failed~ RaftClientRequest:client-2312CCC7CA78->s0@group-796A68A19D2E, cid=107, seq=null, Watch-MAJORITY_COMMITTED(39), null
org.apache.ratis.protocol.exceptions.AlreadyClosedException: client-2312CCC7CA78->s0: Stream close: no reply for async request cid=107
	at org.apache.ratis.grpc.client.GrpcClientProtocolClient$AsyncStreamObservers.completeReplyExceptionally(GrpcClientProtocolClient.java:396)
	at org.apache.ratis.grpc.client.GrpcClientProtocolClient$AsyncStreamObservers.close(GrpcClientProtocolClient.java:383)
	at org.apache.ratis.grpc.client.GrpcClientProtocolClient$AsyncStreamObservers.access$500(GrpcClientProtocolClient.java:300)
	at org.apache.ratis.grpc.client.GrpcClientProtocolClient.lambda$close$4(GrpcClientProtocolClient.java:161)
	at java.util.Optional.ifPresent(Optional.java:159)
	at org.apache.ratis.grpc.client.GrpcClientProtocolClient.close(GrpcClientProtocolClient.java:161)
	at org.apache.ratis.util.PeerProxyMap.closeProxy(PeerProxyMap.java:197)
	at org.apache.ratis.util.PeerProxyMap.lambda$resetProxy$2(PeerProxyMap.java:158)
	at java.util.Optional.map(Optional.java:215)
	at org.apache.ratis.util.PeerProxyMap.resetProxy(PeerProxyMap.java:158)
	at org.apache.ratis.util.PeerProxyMap.handleException(PeerProxyMap.java:165)
	at org.apache.ratis.client.impl.RaftClientRpcWithProxy.handleException(RaftClientRpcWithProxy.java:48)
	at org.apache.ratis.client.impl.RaftClientImpl.handleIOException(RaftClientImpl.java:445)
	at org.apache.ratis.client.impl.OrderedAsync.handleException(OrderedAsync.java:237)
	at org.apache.ratis.client.impl.OrderedAsync.lambda$sendRequestWithRetry$6(OrderedAsync.java:208)
	at java.util.concurrent.CompletableFuture.uniExceptionally(CompletableFuture.java:884)
	at java.util.concurrent.CompletableFuture$UniExceptionally.tryFire(CompletableFuture.java:866)
	at java.util.concurrent.CompletableFuture.postComplete(CompletableFuture.java:488)
	at java.util.concurrent.CompletableFuture.completeExceptionally(CompletableFuture.java:1990)
	at org.apache.ratis.grpc.client.GrpcClientProtocolClient$AsyncStreamObservers.completeReplyExceptionally(GrpcClientProtocolClient.java:394)
	at org.apache.ratis.grpc.client.GrpcClientProtocolClient$AsyncStreamObservers.close(GrpcClientProtocolClient.java:383)
	at org.apache.ratis.grpc.client.GrpcClientProtocolClient$AsyncStreamObservers.access$500(GrpcClientProtocolClient.java:300)
	at org.apache.ratis.grpc.client.GrpcClientProtocolClient.lambda$close$3(GrpcClientProtocolClient.java:160)
	at java.util.Optional.ifPresent(Optional.java:159)
	at org.apache.ratis.grpc.client.GrpcClientProtocolClient.close(GrpcClientProtocolClient.java:160)
	at org.apache.ratis.util.PeerProxyMap.closeProxy(PeerProxyMap.java:197)
	at org.apache.ratis.util.PeerProxyMap.lambda$resetProxy$2(PeerProxyMap.java:158)
	at java.util.Optional.map(Optional.java:215)
	at org.apache.ratis.util.PeerProxyMap.resetProxy(PeerProxyMap.java:158)
	at org.apache.ratis.util.PeerProxyMap.handleException(PeerProxyMap.java:165)
	at org.apache.ratis.client.impl.RaftClientRpcWithProxy.handleException(RaftClientRpcWithProxy.java:48)
	at org.apache.ratis.client.impl.RaftClientImpl.handleIOException(RaftClientImpl.java:445)
	at org.apache.ratis.client.impl.OrderedAsync.handleException(OrderedAsync.java:237)
	at org.apache.ratis.client.impl.OrderedAsync.lambda$sendRequestWithRetry$6(OrderedAsync.java:208)
	at java.util.concurrent.CompletableFuture.uniExceptionally(CompletableFuture.java:884)
	at java.util.concurrent.CompletableFuture$UniExceptionally.tryFire(CompletableFuture.java:866)
	at java.util.concurrent.CompletableFuture.postComplete(CompletableFuture.java:488)
	at java.util.concurrent.CompletableFuture.completeExceptionally(CompletableFuture.java:1990)
	at org.apache.ratis.grpc.client.GrpcClientProtocolClient$AsyncStreamObservers.lambda$timeoutCheck$5(GrpcClientProtocolClient.java:373)
	at java.util.Optional.ifPresent(Optional.java:159)
	at org.apache.ratis.grpc.client.GrpcClientProtocolClient$AsyncStreamObservers.handleReplyFuture(GrpcClientProtocolClient.java:378)
	at org.apache.ratis.grpc.client.GrpcClientProtocolClient$AsyncStreamObservers.timeoutCheck(GrpcClientProtocolClient.java:373)
	at org.apache.ratis.grpc.client.GrpcClientProtocolClient$AsyncStreamObservers.lambda$onNext$3(GrpcClientProtocolClient.java:366)
	at org.apache.ratis.util.TimeoutTimer.lambda$onTimeout$2(TimeoutTimer.java:101)
	at org.apache.ratis.util.LogUtils.runAndLog(LogUtils.java:38)
	at org.apache.ratis.util.LogUtils$1.run(LogUtils.java:78)
	at org.apache.ratis.util.TimeoutTimer$Task.run(TimeoutTimer.java:55)
	at java.util.TimerThread.mainLoop(Timer.java:555)
	at java.util.TimerThread.run(Timer.java:505)
2024-01-25 07:57:53,441 [ForkJoinPool.commonPool-worker-0] DEBUG impl.UnorderedAsync (UnorderedAsync.java:lambda$sendRequestWithRetry$4(132)) - schedule~ attempt #1 with sleep 0ns and policy RetryForeverWithSleep(sleepTime = 100ms) for RaftClientRequest:client-2312CCC7CA78->s1@group-796A68A19D2E, cid=105, seq=null, Watch(39), null
2024-01-25 07:57:53,443 [timer2] DEBUG client.RaftClient (RaftClientImpl.java:get(158)) - client-2312CCC7CA78: get 105 returns [65]
2024-01-25 07:57:53,443 [timer2] DEBUG client.RaftClient (RaftClientImpl.java:newRequest(95)) - attempt #2, newRequest RaftClientRequest:client-2312CCC7CA78->s2@group-796A68A19D2E, cid=105, seq=null, Watch(39), null
2024-01-25 07:57:53,443 [timer2] DEBUG impl.UnorderedAsync (UnorderedAsync.java:sendRequestWithRetry(80)) - client-2312CCC7CA78: attempt #2 send~ RaftClientRequest:client-2312CCC7CA78->s2@group-796A68A19D2E, cid=105, seq=null, Watch(39), null
2024-01-25 07:57:53,442 [ForkJoinPool.commonPool-worker-3] DEBUG client.RaftClient (RaftClientImpl.java:handleIOException(417)) - client-2312CCC7CA78: suggested new leader: null. Failed RaftClientRequest:client-2312CCC7CA78->s0@group-796A68A19D2E, cid=107, seq=null, Watch-MAJORITY_COMMITTED(39), null
org.apache.ratis.protocol.exceptions.AlreadyClosedException: client-2312CCC7CA78->s0: Stream close: no reply for async request cid=107
	at org.apache.ratis.grpc.client.GrpcClientProtocolClient$AsyncStreamObservers.completeReplyExceptionally(GrpcClientProtocolClient.java:396)
	at org.apache.ratis.grpc.client.GrpcClientProtocolClient$AsyncStreamObservers.close(GrpcClientProtocolClient.java:383)
	at org.apache.ratis.grpc.client.GrpcClientProtocolClient$AsyncStreamObservers.access$500(GrpcClientProtocolClient.java:300)
	at org.apache.ratis.grpc.client.GrpcClientProtocolClient.lambda$close$4(GrpcClientProtocolClient.java:161)
	at java.util.Optional.ifPresent(Optional.java:159)
	at org.apache.ratis.grpc.client.GrpcClientProtocolClient.close(GrpcClientProtocolClient.java:161)
	at org.apache.ratis.util.PeerProxyMap.closeProxy(PeerProxyMap.java:197)
	at org.apache.ratis.util.PeerProxyMap.lambda$resetProxy$2(PeerProxyMap.java:158)
	at java.util.Optional.map(Optional.java:215)
	at org.apache.ratis.util.PeerProxyMap.resetProxy(PeerProxyMap.java:158)
	at org.apache.ratis.util.PeerProxyMap.handleException(PeerProxyMap.java:165)
	at org.apache.ratis.client.impl.RaftClientRpcWithProxy.handleException(RaftClientRpcWithProxy.java:48)
	at org.apache.ratis.client.impl.RaftClientImpl.handleIOException(RaftClientImpl.java:445)
	at org.apache.ratis.client.impl.OrderedAsync.handleException(OrderedAsync.java:237)
	at org.apache.ratis.client.impl.OrderedAsync.lambda$sendRequestWithRetry$6(OrderedAsync.java:208)
	at java.util.concurrent.CompletableFuture.uniExceptionally(CompletableFuture.java:884)
	at java.util.concurrent.CompletableFuture$UniExceptionally.tryFire(CompletableFuture.java:866)
	at java.util.concurrent.CompletableFuture.postComplete(CompletableFuture.java:488)
	at java.util.concurrent.CompletableFuture.completeExceptionally(CompletableFuture.java:1990)
	at org.apache.ratis.grpc.client.GrpcClientProtocolClient$AsyncStreamObservers.completeReplyExceptionally(GrpcClientProtocolClient.java:394)
	at org.apache.ratis.grpc.client.GrpcClientProtocolClient$AsyncStreamObservers.close(GrpcClientProtocolClient.java:383)
	at org.apache.ratis.grpc.client.GrpcClientProtocolClient$AsyncStreamObservers.access$500(GrpcClientProtocolClient.java:300)
	at org.apache.ratis.grpc.client.GrpcClientProtocolClient.lambda$close$3(GrpcClientProtocolClient.java:160)
	at java.util.Optional.ifPresent(Optional.java:159)
	at org.apache.ratis.grpc.client.GrpcClientProtocolClient.close(GrpcClientProtocolClient.java:160)
	at org.apache.ratis.util.PeerProxyMap.closeProxy(PeerProxyMap.java:197)
	at org.apache.ratis.util.PeerProxyMap.lambda$resetProxy$2(PeerProxyMap.java:158)
	at java.util.Optional.map(Optional.java:215)
	at org.apache.ratis.util.PeerProxyMap.resetProxy(PeerProxyMap.java:158)
	at org.apache.ratis.util.PeerProxyMap.handleException(PeerProxyMap.java:165)
	at org.apache.ratis.client.impl.RaftClientRpcWithProxy.handleException(RaftClientRpcWithProxy.java:48)
	at org.apache.ratis.client.impl.RaftClientImpl.handleIOException(RaftClientImpl.java:445)
	at org.apache.ratis.client.impl.OrderedAsync.handleException(OrderedAsync.java:237)
	at org.apache.ratis.client.impl.OrderedAsync.lambda$sendRequestWithRetry$6(OrderedAsync.java:208)
	at java.util.concurrent.CompletableFuture.uniExceptionally(CompletableFuture.java:884)
	at java.util.concurrent.CompletableFuture$UniExceptionally.tryFire(CompletableFuture.java:866)
	at java.util.concurrent.CompletableFuture.postComplete(CompletableFuture.java:488)
	at java.util.concurrent.CompletableFuture.completeExceptionally(CompletableFuture.java:1990)
	at org.apache.ratis.grpc.client.GrpcClientProtocolClient$AsyncStreamObservers.lambda$timeoutCheck$5(GrpcClientProtocolClient.java:373)
	at java.util.Optional.ifPresent(Optional.java:159)
	at org.apache.ratis.grpc.client.GrpcClientProtocolClient$AsyncStreamObservers.handleReplyFuture(GrpcClientProtocolClient.java:378)
	at org.apache.ratis.grpc.client.GrpcClientProtocolClient$AsyncStreamObservers.timeoutCheck(GrpcClientProtocolClient.java:373)
	at org.apache.ratis.grpc.client.GrpcClientProtocolClient$AsyncStreamObservers.lambda$onNext$3(GrpcClientProtocolClient.java:366)
	at org.apache.ratis.util.TimeoutTimer.lambda$onTimeout$2(TimeoutTimer.java:101)
	at org.apache.ratis.util.LogUtils.runAndLog(LogUtils.java:38)
	at org.apache.ratis.util.LogUtils$1.run(LogUtils.java:78)
	at org.apache.ratis.util.TimeoutTimer$Task.run(TimeoutTimer.java:55)
	at java.util.TimerThread.mainLoop(Timer.java:555)
	at java.util.TimerThread.run(Timer.java:505)
2024-01-25 07:57:53,444 [ForkJoinPool.commonPool-worker-3] TRACE client.RaftClient (RaftClientImpl.java:handleIOException(419)) - Stack trace
java.lang.Throwable: TRACE
	at org.apache.ratis.client.impl.RaftClientImpl.handleIOException(RaftClientImpl.java:419)
	at org.apache.ratis.client.impl.RaftClientImpl.handleIOException(RaftClientImpl.java:412)
	at org.apache.ratis.client.impl.UnorderedAsync.lambda$sendRequestWithRetry$4(UnorderedAsync.java:121)
	at java.util.concurrent.CompletableFuture.uniWhenComplete(CompletableFuture.java:774)
	at java.util.concurrent.CompletableFuture$UniWhenComplete.tryFire(CompletableFuture.java:750)
	at java.util.concurrent.CompletableFuture$Completion.exec(CompletableFuture.java:457)
	at java.util.concurrent.ForkJoinTask.doExec(ForkJoinTask.java:289)
	at java.util.concurrent.ForkJoinPool$WorkQueue.runTask(ForkJoinPool.java:1056)
	at java.util.concurrent.ForkJoinPool.runWorker(ForkJoinPool.java:1692)
	at java.util.concurrent.ForkJoinWorkerThread.run(ForkJoinWorkerThread.java:175)
2024-01-25 07:57:53,444 [ForkJoinPool.commonPool-worker-3] DEBUG client.RaftClient (RaftClientImpl.java:handleIOException(435)) - client-2312CCC7CA78: oldLeader=s0,  curLeader=s2, newLeader=null
2024-01-25 07:57:53,444 [ForkJoinPool.commonPool-worker-3] DEBUG impl.UnorderedAsync (UnorderedAsync.java:lambda$sendRequestWithRetry$4(132)) - schedule~ attempt #2 with sleep 100ms and policy RetryForeverWithSleep(sleepTime = 100ms) for RaftClientRequest:client-2312CCC7CA78->s0@group-796A68A19D2E, cid=107, seq=null, Watch-MAJORITY_COMMITTED(39), null
2024-01-25 07:57:53,446 [s0-client-thread1] DEBUG server.RaftServer$Division (RaftServerImpl.java:submitClientRequestAsync(880)) - s0@group-796A68A19D2E: receive client request(RaftClientRequest:client-2312CCC7CA78->s0@group-796A68A19D2E, cid=108, seq=null, Watch-ALL_COMMITTED(39), Message:<EMPTY>)
2024-01-25 07:57:53,446 [s0-client-thread1] DEBUG server.RaftServer$Division (LeaderStateImpl.java:addWatchRequest(552)) - s0@group-796A68A19D2E-LeaderStateImpl: addWatchRequest RaftClientRequest:client-2312CCC7CA78->s0@group-796A68A19D2E, cid=108, seq=null, Watch-ALL_COMMITTED(39), Message:<EMPTY>
2024-01-25 07:57:53,446 [s0-client-thread1] DEBUG server.RaftServer$Division (RaftServerImpl.java:submitClientRequestAsync(880)) - s0@group-796A68A19D2E: receive client request(RaftClientRequest:client-2312CCC7CA78->s0@group-796A68A19D2E, cid=107, seq=null, Watch-MAJORITY_COMMITTED(39), Message:<EMPTY>)
2024-01-25 07:57:53,446 [s0-client-thread1] DEBUG server.RaftServer$Division (LeaderStateImpl.java:addWatchRequest(552)) - s0@group-796A68A19D2E-LeaderStateImpl: addWatchRequest RaftClientRequest:client-2312CCC7CA78->s0@group-796A68A19D2E, cid=107, seq=null, Watch-MAJORITY_COMMITTED(39), Message:<EMPTY>
2024-01-25 07:57:53,449 [s2-client-thread2] DEBUG server.RaftServer$Division (RaftServerImpl.java:submitClientRequestAsync(880)) - s2@group-796A68A19D2E: receive client request(RaftClientRequest:client-2312CCC7CA78->s2@group-796A68A19D2E, cid=105, seq=null, Watch(39), Message:<EMPTY>)
2024-01-25 07:57:53,449 [null-request--thread1] INFO  server.GrpcClientProtocolService (GrpcClientProtocolService.java:lambda$processClientRequest$0(323)) - Failed RaftClientRequest:client-2312CCC7CA78->s2@group-796A68A19D2E, cid=105, seq=null, Watch(39), Message:<EMPTY>, reply=RaftClientReply:client-2312CCC7CA78->s2@group-796A68A19D2E, cid=105, FAILED org.apache.ratis.protocol.exceptions.NotLeaderException: Server s2@group-796A68A19D2E is not the leader s0|localhost:15000, logIndex=0, commits[s2:c25, s0:c59, s1:c59]
2024-01-25 07:57:53,450 [ForkJoinPool.commonPool-worker-3] DEBUG impl.UnorderedAsync (UnorderedAsync.java:lambda$sendRequestWithRetry$4(83)) - client-2312CCC7CA78: attempt #2 receive~ null
2024-01-25 07:57:53,450 [ForkJoinPool.commonPool-worker-3] TRACE impl.UnorderedAsync (UnorderedAsync.java:lambda$sendRequestWithRetry$4(108)) - client-2312CCC7CA78: attempt #2 failed~ RaftClientRequest:client-2312CCC7CA78->s2@group-796A68A19D2E, cid=105, seq=null, Watch(39), null
org.apache.ratis.protocol.exceptions.NotLeaderException: Server s2@group-796A68A19D2E is not the leader s0|localhost:15000
	at org.apache.ratis.client.impl.ClientProtoUtils.toRaftClientReply(ClientProtoUtils.java:397)
	at org.apache.ratis.grpc.client.GrpcClientProtocolClient$AsyncStreamObservers$1.onNext(GrpcClientProtocolClient.java:310)
	at org.apache.ratis.grpc.client.GrpcClientProtocolClient$AsyncStreamObservers$1.onNext(GrpcClientProtocolClient.java:305)
	at org.apache.ratis.thirdparty.io.grpc.stub.ClientCalls$StreamObserverToCallListenerAdapter.onMessage(ClientCalls.java:468)
	at org.apache.ratis.thirdparty.io.grpc.ForwardingClientCallListener.onMessage(ForwardingClientCallListener.java:33)
	at org.apache.ratis.thirdparty.io.grpc.internal.DelayedClientCall$DelayedListener.onMessage(DelayedClientCall.java:473)
	at org.apache.ratis.thirdparty.io.grpc.internal.ClientCallImpl$ClientStreamListenerImpl$1MessagesAvailable.runInternal(ClientCallImpl.java:660)
	at org.apache.ratis.thirdparty.io.grpc.internal.ClientCallImpl$ClientStreamListenerImpl$1MessagesAvailable.runInContext(ClientCallImpl.java:647)
	at org.apache.ratis.thirdparty.io.grpc.internal.ContextRunnable.run(ContextRunnable.java:37)
	at org.apache.ratis.thirdparty.io.grpc.internal.SerializingExecutor.run(SerializingExecutor.java:133)
	at java.util.concurrent.ThreadPoolExecutor.runWorker(ThreadPoolExecutor.java:1149)
	at java.util.concurrent.ThreadPoolExecutor$Worker.run(ThreadPoolExecutor.java:624)
	at java.lang.Thread.run(Thread.java:750)
2024-01-25 07:57:53,452 [ForkJoinPool.commonPool-worker-3] DEBUG client.RaftClient (RaftClientImpl.java:handleIOException(417)) - client-2312CCC7CA78: suggested new leader: s0. Failed RaftClientRequest:client-2312CCC7CA78->s2@group-796A68A19D2E, cid=105, seq=null, Watch(39), null
org.apache.ratis.protocol.exceptions.NotLeaderException: Server s2@group-796A68A19D2E is not the leader s0|localhost:15000
	at org.apache.ratis.client.impl.ClientProtoUtils.toRaftClientReply(ClientProtoUtils.java:397)
	at org.apache.ratis.grpc.client.GrpcClientProtocolClient$AsyncStreamObservers$1.onNext(GrpcClientProtocolClient.java:310)
	at org.apache.ratis.grpc.client.GrpcClientProtocolClient$AsyncStreamObservers$1.onNext(GrpcClientProtocolClient.java:305)
	at org.apache.ratis.thirdparty.io.grpc.stub.ClientCalls$StreamObserverToCallListenerAdapter.onMessage(ClientCalls.java:468)
	at org.apache.ratis.thirdparty.io.grpc.ForwardingClientCallListener.onMessage(ForwardingClientCallListener.java:33)
	at org.apache.ratis.thirdparty.io.grpc.internal.DelayedClientCall$DelayedListener.onMessage(DelayedClientCall.java:473)
	at org.apache.ratis.thirdparty.io.grpc.internal.ClientCallImpl$ClientStreamListenerImpl$1MessagesAvailable.runInternal(ClientCallImpl.java:660)
	at org.apache.ratis.thirdparty.io.grpc.internal.ClientCallImpl$ClientStreamListenerImpl$1MessagesAvailable.runInContext(ClientCallImpl.java:647)
	at org.apache.ratis.thirdparty.io.grpc.internal.ContextRunnable.run(ContextRunnable.java:37)
	at org.apache.ratis.thirdparty.io.grpc.internal.SerializingExecutor.run(SerializingExecutor.java:133)
	at java.util.concurrent.ThreadPoolExecutor.runWorker(ThreadPoolExecutor.java:1149)
	at java.util.concurrent.ThreadPoolExecutor$Worker.run(ThreadPoolExecutor.java:624)
	at java.lang.Thread.run(Thread.java:750)
2024-01-25 07:57:53,452 [ForkJoinPool.commonPool-worker-3] TRACE client.RaftClient (RaftClientImpl.java:handleIOException(419)) - Stack trace
java.lang.Throwable: TRACE
	at org.apache.ratis.client.impl.RaftClientImpl.handleIOException(RaftClientImpl.java:419)
	at org.apache.ratis.client.impl.RaftClientImpl.handleNotLeaderException(RaftClientImpl.java:399)
	at org.apache.ratis.client.impl.UnorderedAsync.lambda$sendRequestWithRetry$4(UnorderedAsync.java:116)
	at java.util.concurrent.CompletableFuture.uniWhenComplete(CompletableFuture.java:774)
	at java.util.concurrent.CompletableFuture$UniWhenComplete.tryFire(CompletableFuture.java:750)
	at java.util.concurrent.CompletableFuture$Completion.exec(CompletableFuture.java:457)
	at java.util.concurrent.ForkJoinTask.doExec(ForkJoinTask.java:289)
	at java.util.concurrent.ForkJoinPool$WorkQueue.runTask(ForkJoinPool.java:1056)
	at java.util.concurrent.ForkJoinPool.runWorker(ForkJoinPool.java:1692)
	at java.util.concurrent.ForkJoinWorkerThread.run(ForkJoinWorkerThread.java:175)
2024-01-25 07:57:53,452 [ForkJoinPool.commonPool-worker-3] DEBUG client.RaftClient (RaftClientImpl.java:handleIOException(435)) - client-2312CCC7CA78: oldLeader=s2,  curLeader=s2, newLeader=s0
2024-01-25 07:57:53,452 [ForkJoinPool.commonPool-worker-3] DEBUG client.RaftClient (RaftClientImpl.java:handleIOException(441)) - client-2312CCC7CA78 changes Leader from s2 to s0 for group-796A68A19D2E
org.apache.ratis.protocol.exceptions.NotLeaderException: Server s2@group-796A68A19D2E is not the leader s0|localhost:15000
	at org.apache.ratis.client.impl.ClientProtoUtils.toRaftClientReply(ClientProtoUtils.java:397)
	at org.apache.ratis.grpc.client.GrpcClientProtocolClient$AsyncStreamObservers$1.onNext(GrpcClientProtocolClient.java:310)
	at org.apache.ratis.grpc.client.GrpcClientProtocolClient$AsyncStreamObservers$1.onNext(GrpcClientProtocolClient.java:305)
	at org.apache.ratis.thirdparty.io.grpc.stub.ClientCalls$StreamObserverToCallListenerAdapter.onMessage(ClientCalls.java:468)
	at org.apache.ratis.thirdparty.io.grpc.ForwardingClientCallListener.onMessage(ForwardingClientCallListener.java:33)
	at org.apache.ratis.thirdparty.io.grpc.internal.DelayedClientCall$DelayedListener.onMessage(DelayedClientCall.java:473)
	at org.apache.ratis.thirdparty.io.grpc.internal.ClientCallImpl$ClientStreamListenerImpl$1MessagesAvailable.runInternal(ClientCallImpl.java:660)
	at org.apache.ratis.thirdparty.io.grpc.internal.ClientCallImpl$ClientStreamListenerImpl$1MessagesAvailable.runInContext(ClientCallImpl.java:647)
	at org.apache.ratis.thirdparty.io.grpc.internal.ContextRunnable.run(ContextRunnable.java:37)
	at org.apache.ratis.thirdparty.io.grpc.internal.SerializingExecutor.run(SerializingExecutor.java:133)
	at java.util.concurrent.ThreadPoolExecutor.runWorker(ThreadPoolExecutor.java:1149)
	at java.util.concurrent.ThreadPoolExecutor$Worker.run(ThreadPoolExecutor.java:624)
	at java.lang.Thread.run(Thread.java:750)
2024-01-25 07:57:53,453 [ForkJoinPool.commonPool-worker-3] DEBUG impl.UnorderedAsync (UnorderedAsync.java:lambda$sendRequestWithRetry$4(132)) - schedule~ attempt #2 with sleep 0ns and policy RetryForeverWithSleep(sleepTime = 100ms) for RaftClientRequest:client-2312CCC7CA78->s2@group-796A68A19D2E, cid=105, seq=null, Watch(39), null
2024-01-25 07:57:53,453 [timer6] DEBUG client.RaftClient (RaftClientImpl.java:get(158)) - client-2312CCC7CA78: get 105 returns [65]
2024-01-25 07:57:53,454 [timer6] DEBUG client.RaftClient (RaftClientImpl.java:newRequest(95)) - attempt #3, newRequest RaftClientRequest:client-2312CCC7CA78->s0@group-796A68A19D2E, cid=105, seq=null, Watch(39), null
2024-01-25 07:57:53,454 [timer6] DEBUG impl.UnorderedAsync (UnorderedAsync.java:sendRequestWithRetry(80)) - client-2312CCC7CA78: attempt #3 send~ RaftClientRequest:client-2312CCC7CA78->s0@group-796A68A19D2E, cid=105, seq=null, Watch(39), null
2024-01-25 07:57:53,458 [s0-client-thread1] DEBUG server.RaftServer$Division (RaftServerImpl.java:submitClientRequestAsync(880)) - s0@group-796A68A19D2E: receive client request(RaftClientRequest:client-2312CCC7CA78->s0@group-796A68A19D2E, cid=105, seq=null, Watch(39), Message:<EMPTY>)
2024-01-25 07:57:53,458 [s0-client-thread1] DEBUG server.RaftServer$Division (LeaderStateImpl.java:addWatchRequest(552)) - s0@group-796A68A19D2E-LeaderStateImpl: addWatchRequest RaftClientRequest:client-2312CCC7CA78->s0@group-796A68A19D2E, cid=105, seq=null, Watch(39), Message:<EMPTY>
2024-01-25 07:57:53,459 [ForkJoinPool.commonPool-worker-3] DEBUG impl.UnorderedAsync (UnorderedAsync.java:lambda$sendRequestWithRetry$4(83)) - client-2312CCC7CA78: attempt #3 receive~ RaftClientReply:client-2312CCC7CA78->s0@group-796A68A19D2E, cid=105, SUCCESS, logIndex=59, commits[s0:c59, s1:c59, s2:c25]
2024-01-25 07:57:53,538 [timer1] DEBUG client.RaftClient (RaftClientImpl.java:get(158)) - client-2312CCC7CA78: get 106 returns []
2024-01-25 07:57:53,538 [timer1] DEBUG client.RaftClient (RaftClientImpl.java:newRequest(95)) - attempt #3, newRequest RaftClientRequest:client-2312CCC7CA78->s0@group-796A68A19D2E, cid=106, seq=null, Watch-ALL(39), null
2024-01-25 07:57:53,538 [timer1] DEBUG impl.UnorderedAsync (UnorderedAsync.java:sendRequestWithRetry(80)) - client-2312CCC7CA78: attempt #3 send~ RaftClientRequest:client-2312CCC7CA78->s0@group-796A68A19D2E, cid=106, seq=null, Watch-ALL(39), null
2024-01-25 07:57:53,539 [s0-client-thread1] DEBUG server.RaftServer$Division (RaftServerImpl.java:submitClientRequestAsync(880)) - s0@group-796A68A19D2E: receive client request(RaftClientRequest:client-2312CCC7CA78->s0@group-796A68A19D2E, cid=106, seq=null, Watch-ALL(39), Message:<EMPTY>)
2024-01-25 07:57:53,539 [s0-client-thread1] DEBUG server.RaftServer$Division (LeaderStateImpl.java:addWatchRequest(552)) - s0@group-796A68A19D2E-LeaderStateImpl: addWatchRequest RaftClientRequest:client-2312CCC7CA78->s0@group-796A68A19D2E, cid=106, seq=null, Watch-ALL(39), Message:<EMPTY>
2024-01-25 07:57:53,544 [timer4] DEBUG client.RaftClient (RaftClientImpl.java:get(158)) - client-2312CCC7CA78: get 107 returns []
2024-01-25 07:57:53,544 [timer4] DEBUG client.RaftClient (RaftClientImpl.java:newRequest(95)) - attempt #3, newRequest RaftClientRequest:client-2312CCC7CA78->s0@group-796A68A19D2E, cid=107, seq=null, Watch-MAJORITY_COMMITTED(39), null
2024-01-25 07:57:53,544 [timer4] DEBUG impl.UnorderedAsync (UnorderedAsync.java:sendRequestWithRetry(80)) - client-2312CCC7CA78: attempt #3 send~ RaftClientRequest:client-2312CCC7CA78->s0@group-796A68A19D2E, cid=107, seq=null, Watch-MAJORITY_COMMITTED(39), null
2024-01-25 07:57:53,544 [s0-client-thread1] DEBUG server.RaftServer$Division (RaftServerImpl.java:submitClientRequestAsync(880)) - s0@group-796A68A19D2E: receive client request(RaftClientRequest:client-2312CCC7CA78->s0@group-796A68A19D2E, cid=107, seq=null, Watch-MAJORITY_COMMITTED(39), Message:<EMPTY>)
2024-01-25 07:57:53,544 [s0-client-thread1] DEBUG server.RaftServer$Division (LeaderStateImpl.java:addWatchRequest(552)) - s0@group-796A68A19D2E-LeaderStateImpl: addWatchRequest RaftClientRequest:client-2312CCC7CA78->s0@group-796A68A19D2E, cid=107, seq=null, Watch-MAJORITY_COMMITTED(39), Message:<EMPTY>
2024-01-25 07:57:53,545 [ForkJoinPool.commonPool-worker-3] DEBUG impl.UnorderedAsync (UnorderedAsync.java:lambda$sendRequestWithRetry$4(83)) - client-2312CCC7CA78: attempt #3 receive~ RaftClientReply:client-2312CCC7CA78->s0@group-796A68A19D2E, cid=107, SUCCESS, logIndex=59, commits[s0:c59, s1:c59, s2:c25]
2024-01-25 07:57:56,437 [timer3] WARN  grpc.GrpcUtil (GrpcUtil.java:shutdownManagedChannel(237)) - Timed out gracefully shutting down connection: ManagedChannelOrphanWrapper{delegate=ManagedChannelImpl{logId=158, target=localhost:15002}}. 
2024-01-25 07:57:56,441 [timer3] ERROR impl.OrderedAsync (OrderedAsync.java:lambda$sendRequestWithRetry$6(207)) - client-2312CCC7CA78: Failed* RaftClientRequest:client-2312CCC7CA78->s0@group-796A68A19D2E, cid=74, seq=30, RW, m17
java.util.concurrent.CompletionException: org.apache.ratis.protocol.exceptions.AlreadyClosedException: client-2312CCC7CA78->s0: Stream close: no reply for async request cid=74
	at java.util.concurrent.CompletableFuture.encodeThrowable(CompletableFuture.java:292)
	at java.util.concurrent.CompletableFuture.completeThrowable(CompletableFuture.java:308)
	at java.util.concurrent.CompletableFuture.uniAccept(CompletableFuture.java:661)
	at java.util.concurrent.CompletableFuture$UniAccept.tryFire(CompletableFuture.java:646)
	at java.util.concurrent.CompletableFuture.postComplete(CompletableFuture.java:488)
	at java.util.concurrent.CompletableFuture.completeExceptionally(CompletableFuture.java:1990)
	at org.apache.ratis.grpc.client.GrpcClientProtocolClient$AsyncStreamObservers.completeReplyExceptionally(GrpcClientProtocolClient.java:394)
	at org.apache.ratis.grpc.client.GrpcClientProtocolClient$AsyncStreamObservers.close(GrpcClientProtocolClient.java:383)
	at org.apache.ratis.grpc.client.GrpcClientProtocolClient$AsyncStreamObservers.access$500(GrpcClientProtocolClient.java:300)
	at org.apache.ratis.grpc.client.GrpcClientProtocolClient.lambda$close$3(GrpcClientProtocolClient.java:160)
	at java.util.Optional.ifPresent(Optional.java:159)
	at org.apache.ratis.grpc.client.GrpcClientProtocolClient.close(GrpcClientProtocolClient.java:160)
	at org.apache.ratis.util.PeerProxyMap.closeProxy(PeerProxyMap.java:197)
	at org.apache.ratis.util.PeerProxyMap.lambda$resetProxy$2(PeerProxyMap.java:158)
	at java.util.Optional.map(Optional.java:215)
	at org.apache.ratis.util.PeerProxyMap.resetProxy(PeerProxyMap.java:158)
	at org.apache.ratis.util.PeerProxyMap.handleException(PeerProxyMap.java:165)
	at org.apache.ratis.client.impl.RaftClientRpcWithProxy.handleException(RaftClientRpcWithProxy.java:48)
	at org.apache.ratis.client.impl.RaftClientImpl.handleIOException(RaftClientImpl.java:445)
	at org.apache.ratis.client.impl.OrderedAsync.handleException(OrderedAsync.java:237)
	at org.apache.ratis.client.impl.OrderedAsync.lambda$sendRequestWithRetry$6(OrderedAsync.java:208)
	at java.util.concurrent.CompletableFuture.uniExceptionally(CompletableFuture.java:884)
	at java.util.concurrent.CompletableFuture$UniExceptionally.tryFire(CompletableFuture.java:866)
	at java.util.concurrent.CompletableFuture.postComplete(CompletableFuture.java:488)
	at java.util.concurrent.CompletableFuture.completeExceptionally(CompletableFuture.java:1990)
	at org.apache.ratis.grpc.client.GrpcClientProtocolClient$AsyncStreamObservers.lambda$timeoutCheck$5(GrpcClientProtocolClient.java:373)
	at java.util.Optional.ifPresent(Optional.java:159)
	at org.apache.ratis.grpc.client.GrpcClientProtocolClient$AsyncStreamObservers.handleReplyFuture(GrpcClientProtocolClient.java:378)
	at org.apache.ratis.grpc.client.GrpcClientProtocolClient$AsyncStreamObservers.timeoutCheck(GrpcClientProtocolClient.java:373)
	at org.apache.ratis.grpc.client.GrpcClientProtocolClient$AsyncStreamObservers.lambda$onNext$3(GrpcClientProtocolClient.java:366)
	at org.apache.ratis.util.TimeoutTimer.lambda$onTimeout$2(TimeoutTimer.java:101)
	at org.apache.ratis.util.LogUtils.runAndLog(LogUtils.java:38)
	at org.apache.ratis.util.LogUtils$1.run(LogUtils.java:78)
	at org.apache.ratis.util.TimeoutTimer$Task.run(TimeoutTimer.java:55)
	at java.util.TimerThread.mainLoop(Timer.java:555)
	at java.util.TimerThread.run(Timer.java:505)
Caused by: org.apache.ratis.protocol.exceptions.AlreadyClosedException: client-2312CCC7CA78->s0: Stream close: no reply for async request cid=74
	at org.apache.ratis.grpc.client.GrpcClientProtocolClient$AsyncStreamObservers.completeReplyExceptionally(GrpcClientProtocolClient.java:396)
	... 29 more
2024-01-25 07:57:56,441 [timer3] DEBUG client.RaftClient (RaftClientImpl.java:handleIOException(417)) - client-2312CCC7CA78: suggested new leader: null. Failed RaftClientRequest:client-2312CCC7CA78->s0@group-796A68A19D2E, cid=74, seq=30, RW, m17
org.apache.ratis.protocol.exceptions.AlreadyClosedException: client-2312CCC7CA78->s0: Stream close: no reply for async request cid=74
	at org.apache.ratis.grpc.client.GrpcClientProtocolClient$AsyncStreamObservers.completeReplyExceptionally(GrpcClientProtocolClient.java:396)
	at org.apache.ratis.grpc.client.GrpcClientProtocolClient$AsyncStreamObservers.close(GrpcClientProtocolClient.java:383)
	at org.apache.ratis.grpc.client.GrpcClientProtocolClient$AsyncStreamObservers.access$500(GrpcClientProtocolClient.java:300)
	at org.apache.ratis.grpc.client.GrpcClientProtocolClient.lambda$close$3(GrpcClientProtocolClient.java:160)
	at java.util.Optional.ifPresent(Optional.java:159)
	at org.apache.ratis.grpc.client.GrpcClientProtocolClient.close(GrpcClientProtocolClient.java:160)
	at org.apache.ratis.util.PeerProxyMap.closeProxy(PeerProxyMap.java:197)
	at org.apache.ratis.util.PeerProxyMap.lambda$resetProxy$2(PeerProxyMap.java:158)
	at java.util.Optional.map(Optional.java:215)
	at org.apache.ratis.util.PeerProxyMap.resetProxy(PeerProxyMap.java:158)
	at org.apache.ratis.util.PeerProxyMap.handleException(PeerProxyMap.java:165)
	at org.apache.ratis.client.impl.RaftClientRpcWithProxy.handleException(RaftClientRpcWithProxy.java:48)
	at org.apache.ratis.client.impl.RaftClientImpl.handleIOException(RaftClientImpl.java:445)
	at org.apache.ratis.client.impl.OrderedAsync.handleException(OrderedAsync.java:237)
	at org.apache.ratis.client.impl.OrderedAsync.lambda$sendRequestWithRetry$6(OrderedAsync.java:208)
	at java.util.concurrent.CompletableFuture.uniExceptionally(CompletableFuture.java:884)
	at java.util.concurrent.CompletableFuture$UniExceptionally.tryFire(CompletableFuture.java:866)
	at java.util.concurrent.CompletableFuture.postComplete(CompletableFuture.java:488)
	at java.util.concurrent.CompletableFuture.completeExceptionally(CompletableFuture.java:1990)
	at org.apache.ratis.grpc.client.GrpcClientProtocolClient$AsyncStreamObservers.lambda$timeoutCheck$5(GrpcClientProtocolClient.java:373)
	at java.util.Optional.ifPresent(Optional.java:159)
	at org.apache.ratis.grpc.client.GrpcClientProtocolClient$AsyncStreamObservers.handleReplyFuture(GrpcClientProtocolClient.java:378)
	at org.apache.ratis.grpc.client.GrpcClientProtocolClient$AsyncStreamObservers.timeoutCheck(GrpcClientProtocolClient.java:373)
	at org.apache.ratis.grpc.client.GrpcClientProtocolClient$AsyncStreamObservers.lambda$onNext$3(GrpcClientProtocolClient.java:366)
	at org.apache.ratis.util.TimeoutTimer.lambda$onTimeout$2(TimeoutTimer.java:101)
	at org.apache.ratis.util.LogUtils.runAndLog(LogUtils.java:38)
	at org.apache.ratis.util.LogUtils$1.run(LogUtils.java:78)
	at org.apache.ratis.util.TimeoutTimer$Task.run(TimeoutTimer.java:55)
	at java.util.TimerThread.mainLoop(Timer.java:555)
	at java.util.TimerThread.run(Timer.java:505)
2024-01-25 07:57:56,441 [timer3] TRACE client.RaftClient (RaftClientImpl.java:handleIOException(419)) - Stack trace
java.lang.Throwable: TRACE
	at org.apache.ratis.client.impl.RaftClientImpl.handleIOException(RaftClientImpl.java:419)
	at org.apache.ratis.client.impl.OrderedAsync.handleException(OrderedAsync.java:237)
	at org.apache.ratis.client.impl.OrderedAsync.lambda$sendRequestWithRetry$6(OrderedAsync.java:208)
	at java.util.concurrent.CompletableFuture.uniExceptionally(CompletableFuture.java:884)
	at java.util.concurrent.CompletableFuture$UniExceptionally.tryFire(CompletableFuture.java:866)
	at java.util.concurrent.CompletableFuture.postComplete(CompletableFuture.java:488)
	at java.util.concurrent.CompletableFuture.completeExceptionally(CompletableFuture.java:1990)
	at org.apache.ratis.grpc.client.GrpcClientProtocolClient$AsyncStreamObservers.completeReplyExceptionally(GrpcClientProtocolClient.java:394)
	at org.apache.ratis.grpc.client.GrpcClientProtocolClient$AsyncStreamObservers.close(GrpcClientProtocolClient.java:383)
	at org.apache.ratis.grpc.client.GrpcClientProtocolClient$AsyncStreamObservers.access$500(GrpcClientProtocolClient.java:300)
	at org.apache.ratis.grpc.client.GrpcClientProtocolClient.lambda$close$3(GrpcClientProtocolClient.java:160)
	at java.util.Optional.ifPresent(Optional.java:159)
	at org.apache.ratis.grpc.client.GrpcClientProtocolClient.close(GrpcClientProtocolClient.java:160)
	at org.apache.ratis.util.PeerProxyMap.closeProxy(PeerProxyMap.java:197)
	at org.apache.ratis.util.PeerProxyMap.lambda$resetProxy$2(PeerProxyMap.java:158)
	at java.util.Optional.map(Optional.java:215)
	at org.apache.ratis.util.PeerProxyMap.resetProxy(PeerProxyMap.java:158)
	at org.apache.ratis.util.PeerProxyMap.handleException(PeerProxyMap.java:165)
	at org.apache.ratis.client.impl.RaftClientRpcWithProxy.handleException(RaftClientRpcWithProxy.java:48)
	at org.apache.ratis.client.impl.RaftClientImpl.handleIOException(RaftClientImpl.java:445)
	at org.apache.ratis.client.impl.OrderedAsync.handleException(OrderedAsync.java:237)
	at org.apache.ratis.client.impl.OrderedAsync.lambda$sendRequestWithRetry$6(OrderedAsync.java:208)
	at java.util.concurrent.CompletableFuture.uniExceptionally(CompletableFuture.java:884)
	at java.util.concurrent.CompletableFuture$UniExceptionally.tryFire(CompletableFuture.java:866)
	at java.util.concurrent.CompletableFuture.postComplete(CompletableFuture.java:488)
	at java.util.concurrent.CompletableFuture.completeExceptionally(CompletableFuture.java:1990)
	at org.apache.ratis.grpc.client.GrpcClientProtocolClient$AsyncStreamObservers.lambda$timeoutCheck$5(GrpcClientProtocolClient.java:373)
	at java.util.Optional.ifPresent(Optional.java:159)
	at org.apache.ratis.grpc.client.GrpcClientProtocolClient$AsyncStreamObservers.handleReplyFuture(GrpcClientProtocolClient.java:378)
	at org.apache.ratis.grpc.client.GrpcClientProtocolClient$AsyncStreamObservers.timeoutCheck(GrpcClientProtocolClient.java:373)
	at org.apache.ratis.grpc.client.GrpcClientProtocolClient$AsyncStreamObservers.lambda$onNext$3(GrpcClientProtocolClient.java:366)
	at org.apache.ratis.util.TimeoutTimer.lambda$onTimeout$2(TimeoutTimer.java:101)
	at org.apache.ratis.util.LogUtils.runAndLog(LogUtils.java:38)
	at org.apache.ratis.util.LogUtils$1.run(LogUtils.java:78)
	at org.apache.ratis.util.TimeoutTimer$Task.run(TimeoutTimer.java:55)
	at java.util.TimerThread.mainLoop(Timer.java:555)
	at java.util.TimerThread.run(Timer.java:505)
2024-01-25 07:57:56,442 [timer3] DEBUG client.RaftClient (RaftClientImpl.java:handleIOException(435)) - client-2312CCC7CA78: oldLeader=s0,  curLeader=s0, newLeader=s2
2024-01-25 07:57:56,442 [timer3] DEBUG client.RaftClient (RaftClientImpl.java:handleIOException(441)) - client-2312CCC7CA78 changes Leader from s0 to s2 for group-796A68A19D2E
org.apache.ratis.protocol.exceptions.AlreadyClosedException: client-2312CCC7CA78->s0: Stream close: no reply for async request cid=74
	at org.apache.ratis.grpc.client.GrpcClientProtocolClient$AsyncStreamObservers.completeReplyExceptionally(GrpcClientProtocolClient.java:396)
	at org.apache.ratis.grpc.client.GrpcClientProtocolClient$AsyncStreamObservers.close(GrpcClientProtocolClient.java:383)
	at org.apache.ratis.grpc.client.GrpcClientProtocolClient$AsyncStreamObservers.access$500(GrpcClientProtocolClient.java:300)
	at org.apache.ratis.grpc.client.GrpcClientProtocolClient.lambda$close$3(GrpcClientProtocolClient.java:160)
	at java.util.Optional.ifPresent(Optional.java:159)
	at org.apache.ratis.grpc.client.GrpcClientProtocolClient.close(GrpcClientProtocolClient.java:160)
	at org.apache.ratis.util.PeerProxyMap.closeProxy(PeerProxyMap.java:197)
	at org.apache.ratis.util.PeerProxyMap.lambda$resetProxy$2(PeerProxyMap.java:158)
	at java.util.Optional.map(Optional.java:215)
	at org.apache.ratis.util.PeerProxyMap.resetProxy(PeerProxyMap.java:158)
	at org.apache.ratis.util.PeerProxyMap.handleException(PeerProxyMap.java:165)
	at org.apache.ratis.client.impl.RaftClientRpcWithProxy.handleException(RaftClientRpcWithProxy.java:48)
	at org.apache.ratis.client.impl.RaftClientImpl.handleIOException(RaftClientImpl.java:445)
	at org.apache.ratis.client.impl.OrderedAsync.handleException(OrderedAsync.java:237)
	at org.apache.ratis.client.impl.OrderedAsync.lambda$sendRequestWithRetry$6(OrderedAsync.java:208)
	at java.util.concurrent.CompletableFuture.uniExceptionally(CompletableFuture.java:884)
	at java.util.concurrent.CompletableFuture$UniExceptionally.tryFire(CompletableFuture.java:866)
	at java.util.concurrent.CompletableFuture.postComplete(CompletableFuture.java:488)
	at java.util.concurrent.CompletableFuture.completeExceptionally(CompletableFuture.java:1990)
	at org.apache.ratis.grpc.client.GrpcClientProtocolClient$AsyncStreamObservers.lambda$timeoutCheck$5(GrpcClientProtocolClient.java:373)
	at java.util.Optional.ifPresent(Optional.java:159)
	at org.apache.ratis.grpc.client.GrpcClientProtocolClient$AsyncStreamObservers.handleReplyFuture(GrpcClientProtocolClient.java:378)
	at org.apache.ratis.grpc.client.GrpcClientProtocolClient$AsyncStreamObservers.timeoutCheck(GrpcClientProtocolClient.java:373)
	at org.apache.ratis.grpc.client.GrpcClientProtocolClient$AsyncStreamObservers.lambda$onNext$3(GrpcClientProtocolClient.java:366)
	at org.apache.ratis.util.TimeoutTimer.lambda$onTimeout$2(TimeoutTimer.java:101)
	at org.apache.ratis.util.LogUtils.runAndLog(LogUtils.java:38)
	at org.apache.ratis.util.LogUtils$1.run(LogUtils.java:78)
	at org.apache.ratis.util.TimeoutTimer$Task.run(TimeoutTimer.java:55)
	at java.util.TimerThread.mainLoop(Timer.java:555)
	at java.util.TimerThread.run(Timer.java:505)
2024-01-25 07:57:56,442 [ForkJoinPool.commonPool-worker-0] DEBUG impl.UnorderedAsync (UnorderedAsync.java:lambda$sendRequestWithRetry$4(83)) - client-2312CCC7CA78: attempt #3 receive~ null
2024-01-25 07:57:56,442 [ForkJoinPool.commonPool-worker-0] TRACE impl.UnorderedAsync (UnorderedAsync.java:lambda$sendRequestWithRetry$4(108)) - client-2312CCC7CA78: attempt #3 failed~ RaftClientRequest:client-2312CCC7CA78->s0@group-796A68A19D2E, cid=106, seq=null, Watch-ALL(39), null
org.apache.ratis.protocol.exceptions.AlreadyClosedException: client-2312CCC7CA78->s0: Stream close: no reply for async request cid=106
	at org.apache.ratis.grpc.client.GrpcClientProtocolClient$AsyncStreamObservers.completeReplyExceptionally(GrpcClientProtocolClient.java:396)
	at org.apache.ratis.grpc.client.GrpcClientProtocolClient$AsyncStreamObservers.close(GrpcClientProtocolClient.java:383)
	at org.apache.ratis.grpc.client.GrpcClientProtocolClient$AsyncStreamObservers.access$500(GrpcClientProtocolClient.java:300)
	at org.apache.ratis.grpc.client.GrpcClientProtocolClient.lambda$close$4(GrpcClientProtocolClient.java:161)
	at java.util.Optional.ifPresent(Optional.java:159)
	at org.apache.ratis.grpc.client.GrpcClientProtocolClient.close(GrpcClientProtocolClient.java:161)
	at org.apache.ratis.util.PeerProxyMap.closeProxy(PeerProxyMap.java:197)
	at org.apache.ratis.util.PeerProxyMap.lambda$resetProxy$2(PeerProxyMap.java:158)
	at java.util.Optional.map(Optional.java:215)
	at org.apache.ratis.util.PeerProxyMap.resetProxy(PeerProxyMap.java:158)
	at org.apache.ratis.util.PeerProxyMap.handleException(PeerProxyMap.java:165)
	at org.apache.ratis.client.impl.RaftClientRpcWithProxy.handleException(RaftClientRpcWithProxy.java:48)
	at org.apache.ratis.client.impl.RaftClientImpl.handleIOException(RaftClientImpl.java:445)
	at org.apache.ratis.client.impl.OrderedAsync.handleException(OrderedAsync.java:237)
	at org.apache.ratis.client.impl.OrderedAsync.lambda$sendRequestWithRetry$6(OrderedAsync.java:208)
	at java.util.concurrent.CompletableFuture.uniExceptionally(CompletableFuture.java:884)
	at java.util.concurrent.CompletableFuture$UniExceptionally.tryFire(CompletableFuture.java:866)
	at java.util.concurrent.CompletableFuture.postComplete(CompletableFuture.java:488)
	at java.util.concurrent.CompletableFuture.completeExceptionally(CompletableFuture.java:1990)
	at org.apache.ratis.grpc.client.GrpcClientProtocolClient$AsyncStreamObservers.completeReplyExceptionally(GrpcClientProtocolClient.java:394)
	at org.apache.ratis.grpc.client.GrpcClientProtocolClient$AsyncStreamObservers.close(GrpcClientProtocolClient.java:383)
	at org.apache.ratis.grpc.client.GrpcClientProtocolClient$AsyncStreamObservers.access$500(GrpcClientProtocolClient.java:300)
	at org.apache.ratis.grpc.client.GrpcClientProtocolClient.lambda$close$3(GrpcClientProtocolClient.java:160)
	at java.util.Optional.ifPresent(Optional.java:159)
	at org.apache.ratis.grpc.client.GrpcClientProtocolClient.close(GrpcClientProtocolClient.java:160)
	at org.apache.ratis.util.PeerProxyMap.closeProxy(PeerProxyMap.java:197)
	at org.apache.ratis.util.PeerProxyMap.lambda$resetProxy$2(PeerProxyMap.java:158)
	at java.util.Optional.map(Optional.java:215)
	at org.apache.ratis.util.PeerProxyMap.resetProxy(PeerProxyMap.java:158)
	at org.apache.ratis.util.PeerProxyMap.handleException(PeerProxyMap.java:165)
	at org.apache.ratis.client.impl.RaftClientRpcWithProxy.handleException(RaftClientRpcWithProxy.java:48)
	at org.apache.ratis.client.impl.RaftClientImpl.handleIOException(RaftClientImpl.java:445)
	at org.apache.ratis.client.impl.OrderedAsync.handleException(OrderedAsync.java:237)
	at org.apache.ratis.client.impl.OrderedAsync.lambda$sendRequestWithRetry$6(OrderedAsync.java:208)
	at java.util.concurrent.CompletableFuture.uniExceptionally(CompletableFuture.java:884)
	at java.util.concurrent.CompletableFuture$UniExceptionally.tryFire(CompletableFuture.java:866)
	at java.util.concurrent.CompletableFuture.postComplete(CompletableFuture.java:488)
	at java.util.concurrent.CompletableFuture.completeExceptionally(CompletableFuture.java:1990)
	at org.apache.ratis.grpc.client.GrpcClientProtocolClient$AsyncStreamObservers.lambda$timeoutCheck$5(GrpcClientProtocolClient.java:373)
	at java.util.Optional.ifPresent(Optional.java:159)
	at org.apache.ratis.grpc.client.GrpcClientProtocolClient$AsyncStreamObservers.handleReplyFuture(GrpcClientProtocolClient.java:378)
	at org.apache.ratis.grpc.client.GrpcClientProtocolClient$AsyncStreamObservers.timeoutCheck(GrpcClientProtocolClient.java:373)
	at org.apache.ratis.grpc.client.GrpcClientProtocolClient$AsyncStreamObservers.lambda$onNext$3(GrpcClientProtocolClient.java:366)
	at org.apache.ratis.util.TimeoutTimer.lambda$onTimeout$2(TimeoutTimer.java:101)
	at org.apache.ratis.util.LogUtils.runAndLog(LogUtils.java:38)
	at org.apache.ratis.util.LogUtils$1.run(LogUtils.java:78)
	at org.apache.ratis.util.TimeoutTimer$Task.run(TimeoutTimer.java:55)
	at java.util.TimerThread.mainLoop(Timer.java:555)
	at java.util.TimerThread.run(Timer.java:505)
2024-01-25 07:57:56,443 [ForkJoinPool.commonPool-worker-0] DEBUG client.RaftClient (RaftClientImpl.java:handleIOException(417)) - client-2312CCC7CA78: suggested new leader: null. Failed RaftClientRequest:client-2312CCC7CA78->s0@group-796A68A19D2E, cid=106, seq=null, Watch-ALL(39), null
org.apache.ratis.protocol.exceptions.AlreadyClosedException: client-2312CCC7CA78->s0: Stream close: no reply for async request cid=106
	at org.apache.ratis.grpc.client.GrpcClientProtocolClient$AsyncStreamObservers.completeReplyExceptionally(GrpcClientProtocolClient.java:396)
	at org.apache.ratis.grpc.client.GrpcClientProtocolClient$AsyncStreamObservers.close(GrpcClientProtocolClient.java:383)
	at org.apache.ratis.grpc.client.GrpcClientProtocolClient$AsyncStreamObservers.access$500(GrpcClientProtocolClient.java:300)
	at org.apache.ratis.grpc.client.GrpcClientProtocolClient.lambda$close$4(GrpcClientProtocolClient.java:161)
	at java.util.Optional.ifPresent(Optional.java:159)
	at org.apache.ratis.grpc.client.GrpcClientProtocolClient.close(GrpcClientProtocolClient.java:161)
	at org.apache.ratis.util.PeerProxyMap.closeProxy(PeerProxyMap.java:197)
	at org.apache.ratis.util.PeerProxyMap.lambda$resetProxy$2(PeerProxyMap.java:158)
	at java.util.Optional.map(Optional.java:215)
	at org.apache.ratis.util.PeerProxyMap.resetProxy(PeerProxyMap.java:158)
	at org.apache.ratis.util.PeerProxyMap.handleException(PeerProxyMap.java:165)
	at org.apache.ratis.client.impl.RaftClientRpcWithProxy.handleException(RaftClientRpcWithProxy.java:48)
	at org.apache.ratis.client.impl.RaftClientImpl.handleIOException(RaftClientImpl.java:445)
	at org.apache.ratis.client.impl.OrderedAsync.handleException(OrderedAsync.java:237)
	at org.apache.ratis.client.impl.OrderedAsync.lambda$sendRequestWithRetry$6(OrderedAsync.java:208)
	at java.util.concurrent.CompletableFuture.uniExceptionally(CompletableFuture.java:884)
	at java.util.concurrent.CompletableFuture$UniExceptionally.tryFire(CompletableFuture.java:866)
	at java.util.concurrent.CompletableFuture.postComplete(CompletableFuture.java:488)
	at java.util.concurrent.CompletableFuture.completeExceptionally(CompletableFuture.java:1990)
	at org.apache.ratis.grpc.client.GrpcClientProtocolClient$AsyncStreamObservers.completeReplyExceptionally(GrpcClientProtocolClient.java:394)
	at org.apache.ratis.grpc.client.GrpcClientProtocolClient$AsyncStreamObservers.close(GrpcClientProtocolClient.java:383)
	at org.apache.ratis.grpc.client.GrpcClientProtocolClient$AsyncStreamObservers.access$500(GrpcClientProtocolClient.java:300)
	at org.apache.ratis.grpc.client.GrpcClientProtocolClient.lambda$close$3(GrpcClientProtocolClient.java:160)
	at java.util.Optional.ifPresent(Optional.java:159)
	at org.apache.ratis.grpc.client.GrpcClientProtocolClient.close(GrpcClientProtocolClient.java:160)
	at org.apache.ratis.util.PeerProxyMap.closeProxy(PeerProxyMap.java:197)
	at org.apache.ratis.util.PeerProxyMap.lambda$resetProxy$2(PeerProxyMap.java:158)
	at java.util.Optional.map(Optional.java:215)
	at org.apache.ratis.util.PeerProxyMap.resetProxy(PeerProxyMap.java:158)
	at org.apache.ratis.util.PeerProxyMap.handleException(PeerProxyMap.java:165)
	at org.apache.ratis.client.impl.RaftClientRpcWithProxy.handleException(RaftClientRpcWithProxy.java:48)
	at org.apache.ratis.client.impl.RaftClientImpl.handleIOException(RaftClientImpl.java:445)
	at org.apache.ratis.client.impl.OrderedAsync.handleException(OrderedAsync.java:237)
	at org.apache.ratis.client.impl.OrderedAsync.lambda$sendRequestWithRetry$6(OrderedAsync.java:208)
	at java.util.concurrent.CompletableFuture.uniExceptionally(CompletableFuture.java:884)
	at java.util.concurrent.CompletableFuture$UniExceptionally.tryFire(CompletableFuture.java:866)
	at java.util.concurrent.CompletableFuture.postComplete(CompletableFuture.java:488)
	at java.util.concurrent.CompletableFuture.completeExceptionally(CompletableFuture.java:1990)
	at org.apache.ratis.grpc.client.GrpcClientProtocolClient$AsyncStreamObservers.lambda$timeoutCheck$5(GrpcClientProtocolClient.java:373)
	at java.util.Optional.ifPresent(Optional.java:159)
	at org.apache.ratis.grpc.client.GrpcClientProtocolClient$AsyncStreamObservers.handleReplyFuture(GrpcClientProtocolClient.java:378)
	at org.apache.ratis.grpc.client.GrpcClientProtocolClient$AsyncStreamObservers.timeoutCheck(GrpcClientProtocolClient.java:373)
	at org.apache.ratis.grpc.client.GrpcClientProtocolClient$AsyncStreamObservers.lambda$onNext$3(GrpcClientProtocolClient.java:366)
	at org.apache.ratis.util.TimeoutTimer.lambda$onTimeout$2(TimeoutTimer.java:101)
	at org.apache.ratis.util.LogUtils.runAndLog(LogUtils.java:38)
	at org.apache.ratis.util.LogUtils$1.run(LogUtils.java:78)
	at org.apache.ratis.util.TimeoutTimer$Task.run(TimeoutTimer.java:55)
	at java.util.TimerThread.mainLoop(Timer.java:555)
	at java.util.TimerThread.run(Timer.java:505)
2024-01-25 07:57:56,443 [ForkJoinPool.commonPool-worker-0] TRACE client.RaftClient (RaftClientImpl.java:handleIOException(419)) - Stack trace
java.lang.Throwable: TRACE
	at org.apache.ratis.client.impl.RaftClientImpl.handleIOException(RaftClientImpl.java:419)
	at org.apache.ratis.client.impl.RaftClientImpl.handleIOException(RaftClientImpl.java:412)
	at org.apache.ratis.client.impl.UnorderedAsync.lambda$sendRequestWithRetry$4(UnorderedAsync.java:121)
	at java.util.concurrent.CompletableFuture.uniWhenComplete(CompletableFuture.java:774)
	at java.util.concurrent.CompletableFuture$UniWhenComplete.tryFire(CompletableFuture.java:750)
	at java.util.concurrent.CompletableFuture$Completion.exec(CompletableFuture.java:457)
	at java.util.concurrent.ForkJoinTask.doExec(ForkJoinTask.java:289)
	at java.util.concurrent.ForkJoinPool$WorkQueue.runTask(ForkJoinPool.java:1056)
	at java.util.concurrent.ForkJoinPool.runWorker(ForkJoinPool.java:1692)
	at java.util.concurrent.ForkJoinWorkerThread.run(ForkJoinWorkerThread.java:175)
2024-01-25 07:57:56,443 [ForkJoinPool.commonPool-worker-0] DEBUG client.RaftClient (RaftClientImpl.java:handleIOException(435)) - client-2312CCC7CA78: oldLeader=s0,  curLeader=s2, newLeader=null
2024-01-25 07:57:56,443 [ForkJoinPool.commonPool-worker-0] DEBUG impl.UnorderedAsync (UnorderedAsync.java:lambda$sendRequestWithRetry$4(132)) - schedule~ attempt #3 with sleep 100ms and policy RetryForeverWithSleep(sleepTime = 100ms) for RaftClientRequest:client-2312CCC7CA78->s0@group-796A68A19D2E, cid=106, seq=null, Watch-ALL(39), null
2024-01-25 07:57:56,543 [timer7] DEBUG client.RaftClient (RaftClientImpl.java:get(158)) - client-2312CCC7CA78: get 106 returns []
2024-01-25 07:57:56,543 [timer7] DEBUG client.RaftClient (RaftClientImpl.java:newRequest(95)) - attempt #4, newRequest RaftClientRequest:client-2312CCC7CA78->s2@group-796A68A19D2E, cid=106, seq=null, Watch-ALL(39), null
2024-01-25 07:57:56,543 [timer7] DEBUG impl.UnorderedAsync (UnorderedAsync.java:sendRequestWithRetry(80)) - client-2312CCC7CA78: attempt #4 send~ RaftClientRequest:client-2312CCC7CA78->s2@group-796A68A19D2E, cid=106, seq=null, Watch-ALL(39), null
2024-01-25 07:57:56,551 [s2-client-thread2] DEBUG server.RaftServer$Division (RaftServerImpl.java:submitClientRequestAsync(880)) - s2@group-796A68A19D2E: receive client request(RaftClientRequest:client-2312CCC7CA78->s2@group-796A68A19D2E, cid=106, seq=null, Watch-ALL(39), Message:<EMPTY>)
2024-01-25 07:57:56,551 [null-request--thread1] INFO  server.GrpcClientProtocolService (GrpcClientProtocolService.java:lambda$processClientRequest$0(323)) - Failed RaftClientRequest:client-2312CCC7CA78->s2@group-796A68A19D2E, cid=106, seq=null, Watch-ALL(39), Message:<EMPTY>, reply=RaftClientReply:client-2312CCC7CA78->s2@group-796A68A19D2E, cid=106, FAILED org.apache.ratis.protocol.exceptions.NotLeaderException: Server s2@group-796A68A19D2E is not the leader s0|localhost:15000, logIndex=0, commits[s2:c25, s0:c59, s1:c59]
2024-01-25 07:57:56,553 [ForkJoinPool.commonPool-worker-0] DEBUG impl.UnorderedAsync (UnorderedAsync.java:lambda$sendRequestWithRetry$4(83)) - client-2312CCC7CA78: attempt #4 receive~ null
2024-01-25 07:57:56,553 [ForkJoinPool.commonPool-worker-0] TRACE impl.UnorderedAsync (UnorderedAsync.java:lambda$sendRequestWithRetry$4(108)) - client-2312CCC7CA78: attempt #4 failed~ RaftClientRequest:client-2312CCC7CA78->s2@group-796A68A19D2E, cid=106, seq=null, Watch-ALL(39), null
org.apache.ratis.protocol.exceptions.NotLeaderException: Server s2@group-796A68A19D2E is not the leader s0|localhost:15000
	at org.apache.ratis.client.impl.ClientProtoUtils.toRaftClientReply(ClientProtoUtils.java:397)
	at org.apache.ratis.grpc.client.GrpcClientProtocolClient$AsyncStreamObservers$1.onNext(GrpcClientProtocolClient.java:310)
	at org.apache.ratis.grpc.client.GrpcClientProtocolClient$AsyncStreamObservers$1.onNext(GrpcClientProtocolClient.java:305)
	at org.apache.ratis.thirdparty.io.grpc.stub.ClientCalls$StreamObserverToCallListenerAdapter.onMessage(ClientCalls.java:468)
	at org.apache.ratis.thirdparty.io.grpc.ForwardingClientCallListener.onMessage(ForwardingClientCallListener.java:33)
	at org.apache.ratis.thirdparty.io.grpc.internal.DelayedClientCall$DelayedListener.onMessage(DelayedClientCall.java:473)
	at org.apache.ratis.thirdparty.io.grpc.internal.ClientCallImpl$ClientStreamListenerImpl$1MessagesAvailable.runInternal(ClientCallImpl.java:660)
	at org.apache.ratis.thirdparty.io.grpc.internal.ClientCallImpl$ClientStreamListenerImpl$1MessagesAvailable.runInContext(ClientCallImpl.java:647)
	at org.apache.ratis.thirdparty.io.grpc.internal.ContextRunnable.run(ContextRunnable.java:37)
	at org.apache.ratis.thirdparty.io.grpc.internal.SerializingExecutor.run(SerializingExecutor.java:133)
	at java.util.concurrent.ThreadPoolExecutor.runWorker(ThreadPoolExecutor.java:1149)
	at java.util.concurrent.ThreadPoolExecutor$Worker.run(ThreadPoolExecutor.java:624)
	at java.lang.Thread.run(Thread.java:750)
2024-01-25 07:57:56,553 [ForkJoinPool.commonPool-worker-0] DEBUG client.RaftClient (RaftClientImpl.java:handleIOException(417)) - client-2312CCC7CA78: suggested new leader: s0. Failed RaftClientRequest:client-2312CCC7CA78->s2@group-796A68A19D2E, cid=106, seq=null, Watch-ALL(39), null
org.apache.ratis.protocol.exceptions.NotLeaderException: Server s2@group-796A68A19D2E is not the leader s0|localhost:15000
	at org.apache.ratis.client.impl.ClientProtoUtils.toRaftClientReply(ClientProtoUtils.java:397)
	at org.apache.ratis.grpc.client.GrpcClientProtocolClient$AsyncStreamObservers$1.onNext(GrpcClientProtocolClient.java:310)
	at org.apache.ratis.grpc.client.GrpcClientProtocolClient$AsyncStreamObservers$1.onNext(GrpcClientProtocolClient.java:305)
	at org.apache.ratis.thirdparty.io.grpc.stub.ClientCalls$StreamObserverToCallListenerAdapter.onMessage(ClientCalls.java:468)
	at org.apache.ratis.thirdparty.io.grpc.ForwardingClientCallListener.onMessage(ForwardingClientCallListener.java:33)
	at org.apache.ratis.thirdparty.io.grpc.internal.DelayedClientCall$DelayedListener.onMessage(DelayedClientCall.java:473)
	at org.apache.ratis.thirdparty.io.grpc.internal.ClientCallImpl$ClientStreamListenerImpl$1MessagesAvailable.runInternal(ClientCallImpl.java:660)
	at org.apache.ratis.thirdparty.io.grpc.internal.ClientCallImpl$ClientStreamListenerImpl$1MessagesAvailable.runInContext(ClientCallImpl.java:647)
	at org.apache.ratis.thirdparty.io.grpc.internal.ContextRunnable.run(ContextRunnable.java:37)
	at org.apache.ratis.thirdparty.io.grpc.internal.SerializingExecutor.run(SerializingExecutor.java:133)
	at java.util.concurrent.ThreadPoolExecutor.runWorker(ThreadPoolExecutor.java:1149)
	at java.util.concurrent.ThreadPoolExecutor$Worker.run(ThreadPoolExecutor.java:624)
	at java.lang.Thread.run(Thread.java:750)
2024-01-25 07:57:56,553 [ForkJoinPool.commonPool-worker-0] TRACE client.RaftClient (RaftClientImpl.java:handleIOException(419)) - Stack trace
java.lang.Throwable: TRACE
	at org.apache.ratis.client.impl.RaftClientImpl.handleIOException(RaftClientImpl.java:419)
	at org.apache.ratis.client.impl.RaftClientImpl.handleNotLeaderException(RaftClientImpl.java:399)
	at org.apache.ratis.client.impl.UnorderedAsync.lambda$sendRequestWithRetry$4(UnorderedAsync.java:116)
	at java.util.concurrent.CompletableFuture.uniWhenComplete(CompletableFuture.java:774)
	at java.util.concurrent.CompletableFuture$UniWhenComplete.tryFire(CompletableFuture.java:750)
	at java.util.concurrent.CompletableFuture$Completion.exec(CompletableFuture.java:457)
	at java.util.concurrent.ForkJoinTask.doExec(ForkJoinTask.java:289)
	at java.util.concurrent.ForkJoinPool$WorkQueue.runTask(ForkJoinPool.java:1056)
	at java.util.concurrent.ForkJoinPool.runWorker(ForkJoinPool.java:1692)
	at java.util.concurrent.ForkJoinWorkerThread.run(ForkJoinWorkerThread.java:175)
2024-01-25 07:57:56,553 [ForkJoinPool.commonPool-worker-0] DEBUG client.RaftClient (RaftClientImpl.java:handleIOException(435)) - client-2312CCC7CA78: oldLeader=s2,  curLeader=s2, newLeader=s0
2024-01-25 07:57:56,553 [ForkJoinPool.commonPool-worker-0] DEBUG client.RaftClient (RaftClientImpl.java:handleIOException(441)) - client-2312CCC7CA78 changes Leader from s2 to s0 for group-796A68A19D2E
org.apache.ratis.protocol.exceptions.NotLeaderException: Server s2@group-796A68A19D2E is not the leader s0|localhost:15000
	at org.apache.ratis.client.impl.ClientProtoUtils.toRaftClientReply(ClientProtoUtils.java:397)
	at org.apache.ratis.grpc.client.GrpcClientProtocolClient$AsyncStreamObservers$1.onNext(GrpcClientProtocolClient.java:310)
	at org.apache.ratis.grpc.client.GrpcClientProtocolClient$AsyncStreamObservers$1.onNext(GrpcClientProtocolClient.java:305)
	at org.apache.ratis.thirdparty.io.grpc.stub.ClientCalls$StreamObserverToCallListenerAdapter.onMessage(ClientCalls.java:468)
	at org.apache.ratis.thirdparty.io.grpc.ForwardingClientCallListener.onMessage(ForwardingClientCallListener.java:33)
	at org.apache.ratis.thirdparty.io.grpc.internal.DelayedClientCall$DelayedListener.onMessage(DelayedClientCall.java:473)
	at org.apache.ratis.thirdparty.io.grpc.internal.ClientCallImpl$ClientStreamListenerImpl$1MessagesAvailable.runInternal(ClientCallImpl.java:660)
	at org.apache.ratis.thirdparty.io.grpc.internal.ClientCallImpl$ClientStreamListenerImpl$1MessagesAvailable.runInContext(ClientCallImpl.java:647)
	at org.apache.ratis.thirdparty.io.grpc.internal.ContextRunnable.run(ContextRunnable.java:37)
	at org.apache.ratis.thirdparty.io.grpc.internal.SerializingExecutor.run(SerializingExecutor.java:133)
	at java.util.concurrent.ThreadPoolExecutor.runWorker(ThreadPoolExecutor.java:1149)
	at java.util.concurrent.ThreadPoolExecutor$Worker.run(ThreadPoolExecutor.java:624)
	at java.lang.Thread.run(Thread.java:750)
2024-01-25 07:57:56,557 [ForkJoinPool.commonPool-worker-0] DEBUG impl.UnorderedAsync (UnorderedAsync.java:lambda$sendRequestWithRetry$4(132)) - schedule~ attempt #4 with sleep 0ns and policy RetryForeverWithSleep(sleepTime = 100ms) for RaftClientRequest:client-2312CCC7CA78->s2@group-796A68A19D2E, cid=106, seq=null, Watch-ALL(39), null
2024-01-25 07:57:56,557 [timer5] DEBUG client.RaftClient (RaftClientImpl.java:get(158)) - client-2312CCC7CA78: get 106 returns []
2024-01-25 07:57:56,561 [timer5] DEBUG client.RaftClient (RaftClientImpl.java:newRequest(95)) - attempt #5, newRequest RaftClientRequest:client-2312CCC7CA78->s0@group-796A68A19D2E, cid=106, seq=null, Watch-ALL(39), null
2024-01-25 07:57:56,561 [timer5] DEBUG impl.UnorderedAsync (UnorderedAsync.java:sendRequestWithRetry(80)) - client-2312CCC7CA78: attempt #5 send~ RaftClientRequest:client-2312CCC7CA78->s0@group-796A68A19D2E, cid=106, seq=null, Watch-ALL(39), null
2024-01-25 07:57:56,567 [s0-client-thread1] DEBUG server.RaftServer$Division (RaftServerImpl.java:submitClientRequestAsync(880)) - s0@group-796A68A19D2E: receive client request(RaftClientRequest:client-2312CCC7CA78->s0@group-796A68A19D2E, cid=106, seq=null, Watch-ALL(39), Message:<EMPTY>)
2024-01-25 07:57:56,567 [s0-client-thread1] DEBUG server.RaftServer$Division (LeaderStateImpl.java:addWatchRequest(552)) - s0@group-796A68A19D2E-LeaderStateImpl: addWatchRequest RaftClientRequest:client-2312CCC7CA78->s0@group-796A68A19D2E, cid=106, seq=null, Watch-ALL(39), Message:<EMPTY>
2024-01-25 07:57:57,233 [s2@group-796A68A19D2E-SegmentedRaftLogWorker] WARN  segmented.SegmentedRaftLogWorker (SegmentedRaftLogWorker.java:getFromFuture(91)) - Timeout 0/~
org.apache.ratis.protocol.exceptions.TimeoutIOException: Timeout 10s: s2@group-796A68A19D2E-SegmentedRaftLogWorker-flushStateMachineData
	at org.apache.ratis.util.IOUtils.getFromFuture(IOUtils.java:89)
	at org.apache.ratis.server.raftlog.segmented.SegmentedRaftLogWorker$StateMachineDataPolicy.getFromFuture(SegmentedRaftLogWorker.java:88)
	at org.apache.ratis.server.raftlog.segmented.SegmentedRaftLogWorker.flushIfNecessary(SegmentedRaftLogWorker.java:367)
	at org.apache.ratis.server.raftlog.segmented.SegmentedRaftLogWorker.access$1200(SegmentedRaftLogWorker.java:60)
	at org.apache.ratis.server.raftlog.segmented.SegmentedRaftLogWorker$WriteLog.execute(SegmentedRaftLogWorker.java:549)
	at org.apache.ratis.server.raftlog.segmented.SegmentedRaftLogWorker.run(SegmentedRaftLogWorker.java:307)
	at java.util.concurrent.Executors$RunnableAdapter.call(Executors.java:511)
	at java.util.concurrent.FutureTask.run(FutureTask.java:266)
	at java.util.concurrent.ThreadPoolExecutor.runWorker(ThreadPoolExecutor.java:1149)
	at java.util.concurrent.ThreadPoolExecutor$Worker.run(ThreadPoolExecutor.java:624)
	at java.lang.Thread.run(Thread.java:750)
Caused by: java.util.concurrent.TimeoutException
	at java.util.concurrent.CompletableFuture.timedGet(CompletableFuture.java:1784)
	at java.util.concurrent.CompletableFuture.get(CompletableFuture.java:1928)
	at org.apache.ratis.util.IOUtils.getFromFuture(IOUtils.java:80)
	... 10 more
2024-01-25 07:57:57,577 [null-request--thread1] INFO  server.GrpcClientProtocolService (GrpcClientProtocolService.java:lambda$processClientRequest$0(323)) - Failed RaftClientRequest:client-2312CCC7CA78->s0@group-796A68A19D2E, cid=80, seq=null, Watch-ALL_COMMITTED(26), Message:<EMPTY>, reply=RaftClientReply:client-2312CCC7CA78->s0@group-796A68A19D2E, cid=80, FAILED org.apache.ratis.protocol.exceptions.NotReplicatedException: Request with call Id 80 and log index 26 is not yet replicated to ALL_COMMITTED, logIndex=26, commits[s0:c59, s1:c59, s2:c25]
2024-01-25 07:57:57,577 [timer4] DEBUG impl.WatchRequests (WatchRequests.java:handleTimeout(131)) - s0@group-796A68A19D2E-WatchRequests: timeout Watch-ALL_COMMITTED(26)@15.239s?java.util.concurrent.CompletionException: org.apache.ratis.protocol.exceptions.NotReplicatedException: Request with call Id 80 and log index 26 is not yet replicated to ALL_COMMITTED, RaftClientRequest:client-2312CCC7CA78->s0@group-796A68A19D2E, cid=80, seq=null, Watch-ALL_COMMITTED(26), Message:<EMPTY>
2024-01-25 07:57:59,442 [timer3] WARN  grpc.GrpcUtil (GrpcUtil.java:shutdownManagedChannel(237)) - Timed out gracefully shutting down connection: ManagedChannelOrphanWrapper{delegate=ManagedChannelImpl{logId=172, target=localhost:15002}}. 
2024-01-25 07:57:59,444 [timer3] ERROR impl.OrderedAsync (OrderedAsync.java:lambda$sendRequestWithRetry$6(207)) - client-2312CCC7CA78: Failed* RaftClientRequest:client-2312CCC7CA78->s0@group-796A68A19D2E, cid=75, seq=31, RW, m18
java.util.concurrent.CompletionException: org.apache.ratis.protocol.exceptions.AlreadyClosedException: client-2312CCC7CA78->s0: Stream close: no reply for async request cid=75
	at java.util.concurrent.CompletableFuture.encodeThrowable(CompletableFuture.java:292)
	at java.util.concurrent.CompletableFuture.completeThrowable(CompletableFuture.java:308)
	at java.util.concurrent.CompletableFuture.uniAccept(CompletableFuture.java:661)
	at java.util.concurrent.CompletableFuture$UniAccept.tryFire(CompletableFuture.java:646)
	at java.util.concurrent.CompletableFuture.postComplete(CompletableFuture.java:488)
	at java.util.concurrent.CompletableFuture.completeExceptionally(CompletableFuture.java:1990)
	at org.apache.ratis.grpc.client.GrpcClientProtocolClient$AsyncStreamObservers.completeReplyExceptionally(GrpcClientProtocolClient.java:394)
	at org.apache.ratis.grpc.client.GrpcClientProtocolClient$AsyncStreamObservers.close(GrpcClientProtocolClient.java:383)
	at org.apache.ratis.grpc.client.GrpcClientProtocolClient$AsyncStreamObservers.access$500(GrpcClientProtocolClient.java:300)
	at org.apache.ratis.grpc.client.GrpcClientProtocolClient.lambda$close$3(GrpcClientProtocolClient.java:160)
	at java.util.Optional.ifPresent(Optional.java:159)
	at org.apache.ratis.grpc.client.GrpcClientProtocolClient.close(GrpcClientProtocolClient.java:160)
	at org.apache.ratis.util.PeerProxyMap.closeProxy(PeerProxyMap.java:197)
	at org.apache.ratis.util.PeerProxyMap.lambda$resetProxy$2(PeerProxyMap.java:158)
	at java.util.Optional.map(Optional.java:215)
	at org.apache.ratis.util.PeerProxyMap.resetProxy(PeerProxyMap.java:158)
	at org.apache.ratis.util.PeerProxyMap.handleException(PeerProxyMap.java:165)
	at org.apache.ratis.client.impl.RaftClientRpcWithProxy.handleException(RaftClientRpcWithProxy.java:48)
	at org.apache.ratis.client.impl.RaftClientImpl.handleIOException(RaftClientImpl.java:445)
	at org.apache.ratis.client.impl.OrderedAsync.handleException(OrderedAsync.java:237)
	at org.apache.ratis.client.impl.OrderedAsync.lambda$sendRequestWithRetry$6(OrderedAsync.java:208)
	at java.util.concurrent.CompletableFuture.uniExceptionally(CompletableFuture.java:884)
	at java.util.concurrent.CompletableFuture$UniExceptionally.tryFire(CompletableFuture.java:866)
	at java.util.concurrent.CompletableFuture.postComplete(CompletableFuture.java:488)
	at java.util.concurrent.CompletableFuture.completeExceptionally(CompletableFuture.java:1990)
	at org.apache.ratis.grpc.client.GrpcClientProtocolClient$AsyncStreamObservers.lambda$timeoutCheck$5(GrpcClientProtocolClient.java:373)
	at java.util.Optional.ifPresent(Optional.java:159)
	at org.apache.ratis.grpc.client.GrpcClientProtocolClient$AsyncStreamObservers.handleReplyFuture(GrpcClientProtocolClient.java:378)
	at org.apache.ratis.grpc.client.GrpcClientProtocolClient$AsyncStreamObservers.timeoutCheck(GrpcClientProtocolClient.java:373)
	at org.apache.ratis.grpc.client.GrpcClientProtocolClient$AsyncStreamObservers.lambda$onNext$3(GrpcClientProtocolClient.java:366)
	at org.apache.ratis.util.TimeoutTimer.lambda$onTimeout$2(TimeoutTimer.java:101)
	at org.apache.ratis.util.LogUtils.runAndLog(LogUtils.java:38)
	at org.apache.ratis.util.LogUtils$1.run(LogUtils.java:78)
	at org.apache.ratis.util.TimeoutTimer$Task.run(TimeoutTimer.java:55)
	at java.util.TimerThread.mainLoop(Timer.java:555)
	at java.util.TimerThread.run(Timer.java:505)
Caused by: org.apache.ratis.protocol.exceptions.AlreadyClosedException: client-2312CCC7CA78->s0: Stream close: no reply for async request cid=75
	at org.apache.ratis.grpc.client.GrpcClientProtocolClient$AsyncStreamObservers.completeReplyExceptionally(GrpcClientProtocolClient.java:396)
	... 29 more
2024-01-25 07:57:59,444 [timer3] DEBUG client.RaftClient (RaftClientImpl.java:handleIOException(417)) - client-2312CCC7CA78: suggested new leader: null. Failed RaftClientRequest:client-2312CCC7CA78->s0@group-796A68A19D2E, cid=75, seq=31, RW, m18
org.apache.ratis.protocol.exceptions.AlreadyClosedException: client-2312CCC7CA78->s0: Stream close: no reply for async request cid=75
	at org.apache.ratis.grpc.client.GrpcClientProtocolClient$AsyncStreamObservers.completeReplyExceptionally(GrpcClientProtocolClient.java:396)
	at org.apache.ratis.grpc.client.GrpcClientProtocolClient$AsyncStreamObservers.close(GrpcClientProtocolClient.java:383)
	at org.apache.ratis.grpc.client.GrpcClientProtocolClient$AsyncStreamObservers.access$500(GrpcClientProtocolClient.java:300)
	at org.apache.ratis.grpc.client.GrpcClientProtocolClient.lambda$close$3(GrpcClientProtocolClient.java:160)
	at java.util.Optional.ifPresent(Optional.java:159)
	at org.apache.ratis.grpc.client.GrpcClientProtocolClient.close(GrpcClientProtocolClient.java:160)
	at org.apache.ratis.util.PeerProxyMap.closeProxy(PeerProxyMap.java:197)
	at org.apache.ratis.util.PeerProxyMap.lambda$resetProxy$2(PeerProxyMap.java:158)
	at java.util.Optional.map(Optional.java:215)
	at org.apache.ratis.util.PeerProxyMap.resetProxy(PeerProxyMap.java:158)
	at org.apache.ratis.util.PeerProxyMap.handleException(PeerProxyMap.java:165)
	at org.apache.ratis.client.impl.RaftClientRpcWithProxy.handleException(RaftClientRpcWithProxy.java:48)
	at org.apache.ratis.client.impl.RaftClientImpl.handleIOException(RaftClientImpl.java:445)
	at org.apache.ratis.client.impl.OrderedAsync.handleException(OrderedAsync.java:237)
	at org.apache.ratis.client.impl.OrderedAsync.lambda$sendRequestWithRetry$6(OrderedAsync.java:208)
	at java.util.concurrent.CompletableFuture.uniExceptionally(CompletableFuture.java:884)
	at java.util.concurrent.CompletableFuture$UniExceptionally.tryFire(CompletableFuture.java:866)
	at java.util.concurrent.CompletableFuture.postComplete(CompletableFuture.java:488)
	at java.util.concurrent.CompletableFuture.completeExceptionally(CompletableFuture.java:1990)
	at org.apache.ratis.grpc.client.GrpcClientProtocolClient$AsyncStreamObservers.lambda$timeoutCheck$5(GrpcClientProtocolClient.java:373)
	at java.util.Optional.ifPresent(Optional.java:159)
	at org.apache.ratis.grpc.client.GrpcClientProtocolClient$AsyncStreamObservers.handleReplyFuture(GrpcClientProtocolClient.java:378)
	at org.apache.ratis.grpc.client.GrpcClientProtocolClient$AsyncStreamObservers.timeoutCheck(GrpcClientProtocolClient.java:373)
	at org.apache.ratis.grpc.client.GrpcClientProtocolClient$AsyncStreamObservers.lambda$onNext$3(GrpcClientProtocolClient.java:366)
	at org.apache.ratis.util.TimeoutTimer.lambda$onTimeout$2(TimeoutTimer.java:101)
	at org.apache.ratis.util.LogUtils.runAndLog(LogUtils.java:38)
	at org.apache.ratis.util.LogUtils$1.run(LogUtils.java:78)
	at org.apache.ratis.util.TimeoutTimer$Task.run(TimeoutTimer.java:55)
	at java.util.TimerThread.mainLoop(Timer.java:555)
	at java.util.TimerThread.run(Timer.java:505)
2024-01-25 07:57:59,444 [timer3] TRACE client.RaftClient (RaftClientImpl.java:handleIOException(419)) - Stack trace
java.lang.Throwable: TRACE
	at org.apache.ratis.client.impl.RaftClientImpl.handleIOException(RaftClientImpl.java:419)
	at org.apache.ratis.client.impl.OrderedAsync.handleException(OrderedAsync.java:237)
	at org.apache.ratis.client.impl.OrderedAsync.lambda$sendRequestWithRetry$6(OrderedAsync.java:208)
	at java.util.concurrent.CompletableFuture.uniExceptionally(CompletableFuture.java:884)
	at java.util.concurrent.CompletableFuture$UniExceptionally.tryFire(CompletableFuture.java:866)
	at java.util.concurrent.CompletableFuture.postComplete(CompletableFuture.java:488)
	at java.util.concurrent.CompletableFuture.completeExceptionally(CompletableFuture.java:1990)
	at org.apache.ratis.grpc.client.GrpcClientProtocolClient$AsyncStreamObservers.completeReplyExceptionally(GrpcClientProtocolClient.java:394)
	at org.apache.ratis.grpc.client.GrpcClientProtocolClient$AsyncStreamObservers.close(GrpcClientProtocolClient.java:383)
	at org.apache.ratis.grpc.client.GrpcClientProtocolClient$AsyncStreamObservers.access$500(GrpcClientProtocolClient.java:300)
	at org.apache.ratis.grpc.client.GrpcClientProtocolClient.lambda$close$3(GrpcClientProtocolClient.java:160)
	at java.util.Optional.ifPresent(Optional.java:159)
	at org.apache.ratis.grpc.client.GrpcClientProtocolClient.close(GrpcClientProtocolClient.java:160)
	at org.apache.ratis.util.PeerProxyMap.closeProxy(PeerProxyMap.java:197)
	at org.apache.ratis.util.PeerProxyMap.lambda$resetProxy$2(PeerProxyMap.java:158)
	at java.util.Optional.map(Optional.java:215)
	at org.apache.ratis.util.PeerProxyMap.resetProxy(PeerProxyMap.java:158)
	at org.apache.ratis.util.PeerProxyMap.handleException(PeerProxyMap.java:165)
	at org.apache.ratis.client.impl.RaftClientRpcWithProxy.handleException(RaftClientRpcWithProxy.java:48)
	at org.apache.ratis.client.impl.RaftClientImpl.handleIOException(RaftClientImpl.java:445)
	at org.apache.ratis.client.impl.OrderedAsync.handleException(OrderedAsync.java:237)
	at org.apache.ratis.client.impl.OrderedAsync.lambda$sendRequestWithRetry$6(OrderedAsync.java:208)
	at java.util.concurrent.CompletableFuture.uniExceptionally(CompletableFuture.java:884)
	at java.util.concurrent.CompletableFuture$UniExceptionally.tryFire(CompletableFuture.java:866)
	at java.util.concurrent.CompletableFuture.postComplete(CompletableFuture.java:488)
	at java.util.concurrent.CompletableFuture.completeExceptionally(CompletableFuture.java:1990)
	at org.apache.ratis.grpc.client.GrpcClientProtocolClient$AsyncStreamObservers.lambda$timeoutCheck$5(GrpcClientProtocolClient.java:373)
	at java.util.Optional.ifPresent(Optional.java:159)
	at org.apache.ratis.grpc.client.GrpcClientProtocolClient$AsyncStreamObservers.handleReplyFuture(GrpcClientProtocolClient.java:378)
	at org.apache.ratis.grpc.client.GrpcClientProtocolClient$AsyncStreamObservers.timeoutCheck(GrpcClientProtocolClient.java:373)
	at org.apache.ratis.grpc.client.GrpcClientProtocolClient$AsyncStreamObservers.lambda$onNext$3(GrpcClientProtocolClient.java:366)
	at org.apache.ratis.util.TimeoutTimer.lambda$onTimeout$2(TimeoutTimer.java:101)
	at org.apache.ratis.util.LogUtils.runAndLog(LogUtils.java:38)
	at org.apache.ratis.util.LogUtils$1.run(LogUtils.java:78)
	at org.apache.ratis.util.TimeoutTimer$Task.run(TimeoutTimer.java:55)
	at java.util.TimerThread.mainLoop(Timer.java:555)
	at java.util.TimerThread.run(Timer.java:505)
2024-01-25 07:57:59,444 [timer3] DEBUG client.RaftClient (RaftClientImpl.java:handleIOException(435)) - client-2312CCC7CA78: oldLeader=s0,  curLeader=s0, newLeader=s2
2024-01-25 07:57:59,445 [timer3] DEBUG client.RaftClient (RaftClientImpl.java:handleIOException(441)) - client-2312CCC7CA78 changes Leader from s0 to s2 for group-796A68A19D2E
org.apache.ratis.protocol.exceptions.AlreadyClosedException: client-2312CCC7CA78->s0: Stream close: no reply for async request cid=75
	at org.apache.ratis.grpc.client.GrpcClientProtocolClient$AsyncStreamObservers.completeReplyExceptionally(GrpcClientProtocolClient.java:396)
	at org.apache.ratis.grpc.client.GrpcClientProtocolClient$AsyncStreamObservers.close(GrpcClientProtocolClient.java:383)
	at org.apache.ratis.grpc.client.GrpcClientProtocolClient$AsyncStreamObservers.access$500(GrpcClientProtocolClient.java:300)
	at org.apache.ratis.grpc.client.GrpcClientProtocolClient.lambda$close$3(GrpcClientProtocolClient.java:160)
	at java.util.Optional.ifPresent(Optional.java:159)
	at org.apache.ratis.grpc.client.GrpcClientProtocolClient.close(GrpcClientProtocolClient.java:160)
	at org.apache.ratis.util.PeerProxyMap.closeProxy(PeerProxyMap.java:197)
	at org.apache.ratis.util.PeerProxyMap.lambda$resetProxy$2(PeerProxyMap.java:158)
	at java.util.Optional.map(Optional.java:215)
	at org.apache.ratis.util.PeerProxyMap.resetProxy(PeerProxyMap.java:158)
	at org.apache.ratis.util.PeerProxyMap.handleException(PeerProxyMap.java:165)
	at org.apache.ratis.client.impl.RaftClientRpcWithProxy.handleException(RaftClientRpcWithProxy.java:48)
	at org.apache.ratis.client.impl.RaftClientImpl.handleIOException(RaftClientImpl.java:445)
	at org.apache.ratis.client.impl.OrderedAsync.handleException(OrderedAsync.java:237)
	at org.apache.ratis.client.impl.OrderedAsync.lambda$sendRequestWithRetry$6(OrderedAsync.java:208)
	at java.util.concurrent.CompletableFuture.uniExceptionally(CompletableFuture.java:884)
	at java.util.concurrent.CompletableFuture$UniExceptionally.tryFire(CompletableFuture.java:866)
	at java.util.concurrent.CompletableFuture.postComplete(CompletableFuture.java:488)
	at java.util.concurrent.CompletableFuture.completeExceptionally(CompletableFuture.java:1990)
	at org.apache.ratis.grpc.client.GrpcClientProtocolClient$AsyncStreamObservers.lambda$timeoutCheck$5(GrpcClientProtocolClient.java:373)
	at java.util.Optional.ifPresent(Optional.java:159)
	at org.apache.ratis.grpc.client.GrpcClientProtocolClient$AsyncStreamObservers.handleReplyFuture(GrpcClientProtocolClient.java:378)
	at org.apache.ratis.grpc.client.GrpcClientProtocolClient$AsyncStreamObservers.timeoutCheck(GrpcClientProtocolClient.java:373)
	at org.apache.ratis.grpc.client.GrpcClientProtocolClient$AsyncStreamObservers.lambda$onNext$3(GrpcClientProtocolClient.java:366)
	at org.apache.ratis.util.TimeoutTimer.lambda$onTimeout$2(TimeoutTimer.java:101)
	at org.apache.ratis.util.LogUtils.runAndLog(LogUtils.java:38)
	at org.apache.ratis.util.LogUtils$1.run(LogUtils.java:78)
	at org.apache.ratis.util.TimeoutTimer$Task.run(TimeoutTimer.java:55)
	at java.util.TimerThread.mainLoop(Timer.java:555)
	at java.util.TimerThread.run(Timer.java:505)
2024-01-25 07:57:59,446 [ForkJoinPool.commonPool-worker-0] DEBUG impl.UnorderedAsync (UnorderedAsync.java:lambda$sendRequestWithRetry$4(83)) - client-2312CCC7CA78: attempt #5 receive~ null
2024-01-25 07:57:59,446 [ForkJoinPool.commonPool-worker-0] TRACE impl.UnorderedAsync (UnorderedAsync.java:lambda$sendRequestWithRetry$4(108)) - client-2312CCC7CA78: attempt #5 failed~ RaftClientRequest:client-2312CCC7CA78->s0@group-796A68A19D2E, cid=106, seq=null, Watch-ALL(39), null
org.apache.ratis.protocol.exceptions.AlreadyClosedException: client-2312CCC7CA78->s0: Stream close: no reply for async request cid=106
	at org.apache.ratis.grpc.client.GrpcClientProtocolClient$AsyncStreamObservers.completeReplyExceptionally(GrpcClientProtocolClient.java:396)
	at org.apache.ratis.grpc.client.GrpcClientProtocolClient$AsyncStreamObservers.close(GrpcClientProtocolClient.java:383)
	at org.apache.ratis.grpc.client.GrpcClientProtocolClient$AsyncStreamObservers.access$500(GrpcClientProtocolClient.java:300)
	at org.apache.ratis.grpc.client.GrpcClientProtocolClient.lambda$close$4(GrpcClientProtocolClient.java:161)
	at java.util.Optional.ifPresent(Optional.java:159)
	at org.apache.ratis.grpc.client.GrpcClientProtocolClient.close(GrpcClientProtocolClient.java:161)
	at org.apache.ratis.util.PeerProxyMap.closeProxy(PeerProxyMap.java:197)
	at org.apache.ratis.util.PeerProxyMap.lambda$resetProxy$2(PeerProxyMap.java:158)
	at java.util.Optional.map(Optional.java:215)
	at org.apache.ratis.util.PeerProxyMap.resetProxy(PeerProxyMap.java:158)
	at org.apache.ratis.util.PeerProxyMap.handleException(PeerProxyMap.java:165)
	at org.apache.ratis.client.impl.RaftClientRpcWithProxy.handleException(RaftClientRpcWithProxy.java:48)
	at org.apache.ratis.client.impl.RaftClientImpl.handleIOException(RaftClientImpl.java:445)
	at org.apache.ratis.client.impl.OrderedAsync.handleException(OrderedAsync.java:237)
	at org.apache.ratis.client.impl.OrderedAsync.lambda$sendRequestWithRetry$6(OrderedAsync.java:208)
	at java.util.concurrent.CompletableFuture.uniExceptionally(CompletableFuture.java:884)
	at java.util.concurrent.CompletableFuture$UniExceptionally.tryFire(CompletableFuture.java:866)
	at java.util.concurrent.CompletableFuture.postComplete(CompletableFuture.java:488)
	at java.util.concurrent.CompletableFuture.completeExceptionally(CompletableFuture.java:1990)
	at org.apache.ratis.grpc.client.GrpcClientProtocolClient$AsyncStreamObservers.completeReplyExceptionally(GrpcClientProtocolClient.java:394)
	at org.apache.ratis.grpc.client.GrpcClientProtocolClient$AsyncStreamObservers.close(GrpcClientProtocolClient.java:383)
	at org.apache.ratis.grpc.client.GrpcClientProtocolClient$AsyncStreamObservers.access$500(GrpcClientProtocolClient.java:300)
	at org.apache.ratis.grpc.client.GrpcClientProtocolClient.lambda$close$3(GrpcClientProtocolClient.java:160)
	at java.util.Optional.ifPresent(Optional.java:159)
	at org.apache.ratis.grpc.client.GrpcClientProtocolClient.close(GrpcClientProtocolClient.java:160)
	at org.apache.ratis.util.PeerProxyMap.closeProxy(PeerProxyMap.java:197)
	at org.apache.ratis.util.PeerProxyMap.lambda$resetProxy$2(PeerProxyMap.java:158)
	at java.util.Optional.map(Optional.java:215)
	at org.apache.ratis.util.PeerProxyMap.resetProxy(PeerProxyMap.java:158)
	at org.apache.ratis.util.PeerProxyMap.handleException(PeerProxyMap.java:165)
	at org.apache.ratis.client.impl.RaftClientRpcWithProxy.handleException(RaftClientRpcWithProxy.java:48)
	at org.apache.ratis.client.impl.RaftClientImpl.handleIOException(RaftClientImpl.java:445)
	at org.apache.ratis.client.impl.OrderedAsync.handleException(OrderedAsync.java:237)
	at org.apache.ratis.client.impl.OrderedAsync.lambda$sendRequestWithRetry$6(OrderedAsync.java:208)
	at java.util.concurrent.CompletableFuture.uniExceptionally(CompletableFuture.java:884)
	at java.util.concurrent.CompletableFuture$UniExceptionally.tryFire(CompletableFuture.java:866)
	at java.util.concurrent.CompletableFuture.postComplete(CompletableFuture.java:488)
	at java.util.concurrent.CompletableFuture.completeExceptionally(CompletableFuture.java:1990)
	at org.apache.ratis.grpc.client.GrpcClientProtocolClient$AsyncStreamObservers.lambda$timeoutCheck$5(GrpcClientProtocolClient.java:373)
	at java.util.Optional.ifPresent(Optional.java:159)
	at org.apache.ratis.grpc.client.GrpcClientProtocolClient$AsyncStreamObservers.handleReplyFuture(GrpcClientProtocolClient.java:378)
	at org.apache.ratis.grpc.client.GrpcClientProtocolClient$AsyncStreamObservers.timeoutCheck(GrpcClientProtocolClient.java:373)
	at org.apache.ratis.grpc.client.GrpcClientProtocolClient$AsyncStreamObservers.lambda$onNext$3(GrpcClientProtocolClient.java:366)
	at org.apache.ratis.util.TimeoutTimer.lambda$onTimeout$2(TimeoutTimer.java:101)
	at org.apache.ratis.util.LogUtils.runAndLog(LogUtils.java:38)
	at org.apache.ratis.util.LogUtils$1.run(LogUtils.java:78)
	at org.apache.ratis.util.TimeoutTimer$Task.run(TimeoutTimer.java:55)
	at java.util.TimerThread.mainLoop(Timer.java:555)
	at java.util.TimerThread.run(Timer.java:505)
2024-01-25 07:57:59,446 [ForkJoinPool.commonPool-worker-0] DEBUG client.RaftClient (RaftClientImpl.java:handleIOException(417)) - client-2312CCC7CA78: suggested new leader: null. Failed RaftClientRequest:client-2312CCC7CA78->s0@group-796A68A19D2E, cid=106, seq=null, Watch-ALL(39), null
org.apache.ratis.protocol.exceptions.AlreadyClosedException: client-2312CCC7CA78->s0: Stream close: no reply for async request cid=106
	at org.apache.ratis.grpc.client.GrpcClientProtocolClient$AsyncStreamObservers.completeReplyExceptionally(GrpcClientProtocolClient.java:396)
	at org.apache.ratis.grpc.client.GrpcClientProtocolClient$AsyncStreamObservers.close(GrpcClientProtocolClient.java:383)
	at org.apache.ratis.grpc.client.GrpcClientProtocolClient$AsyncStreamObservers.access$500(GrpcClientProtocolClient.java:300)
	at org.apache.ratis.grpc.client.GrpcClientProtocolClient.lambda$close$4(GrpcClientProtocolClient.java:161)
	at java.util.Optional.ifPresent(Optional.java:159)
	at org.apache.ratis.grpc.client.GrpcClientProtocolClient.close(GrpcClientProtocolClient.java:161)
	at org.apache.ratis.util.PeerProxyMap.closeProxy(PeerProxyMap.java:197)
	at org.apache.ratis.util.PeerProxyMap.lambda$resetProxy$2(PeerProxyMap.java:158)
	at java.util.Optional.map(Optional.java:215)
	at org.apache.ratis.util.PeerProxyMap.resetProxy(PeerProxyMap.java:158)
	at org.apache.ratis.util.PeerProxyMap.handleException(PeerProxyMap.java:165)
	at org.apache.ratis.client.impl.RaftClientRpcWithProxy.handleException(RaftClientRpcWithProxy.java:48)
	at org.apache.ratis.client.impl.RaftClientImpl.handleIOException(RaftClientImpl.java:445)
	at org.apache.ratis.client.impl.OrderedAsync.handleException(OrderedAsync.java:237)
	at org.apache.ratis.client.impl.OrderedAsync.lambda$sendRequestWithRetry$6(OrderedAsync.java:208)
	at java.util.concurrent.CompletableFuture.uniExceptionally(CompletableFuture.java:884)
	at java.util.concurrent.CompletableFuture$UniExceptionally.tryFire(CompletableFuture.java:866)
	at java.util.concurrent.CompletableFuture.postComplete(CompletableFuture.java:488)
	at java.util.concurrent.CompletableFuture.completeExceptionally(CompletableFuture.java:1990)
	at org.apache.ratis.grpc.client.GrpcClientProtocolClient$AsyncStreamObservers.completeReplyExceptionally(GrpcClientProtocolClient.java:394)
	at org.apache.ratis.grpc.client.GrpcClientProtocolClient$AsyncStreamObservers.close(GrpcClientProtocolClient.java:383)
	at org.apache.ratis.grpc.client.GrpcClientProtocolClient$AsyncStreamObservers.access$500(GrpcClientProtocolClient.java:300)
	at org.apache.ratis.grpc.client.GrpcClientProtocolClient.lambda$close$3(GrpcClientProtocolClient.java:160)
	at java.util.Optional.ifPresent(Optional.java:159)
	at org.apache.ratis.grpc.client.GrpcClientProtocolClient.close(GrpcClientProtocolClient.java:160)
	at org.apache.ratis.util.PeerProxyMap.closeProxy(PeerProxyMap.java:197)
	at org.apache.ratis.util.PeerProxyMap.lambda$resetProxy$2(PeerProxyMap.java:158)
	at java.util.Optional.map(Optional.java:215)
	at org.apache.ratis.util.PeerProxyMap.resetProxy(PeerProxyMap.java:158)
	at org.apache.ratis.util.PeerProxyMap.handleException(PeerProxyMap.java:165)
	at org.apache.ratis.client.impl.RaftClientRpcWithProxy.handleException(RaftClientRpcWithProxy.java:48)
	at org.apache.ratis.client.impl.RaftClientImpl.handleIOException(RaftClientImpl.java:445)
	at org.apache.ratis.client.impl.OrderedAsync.handleException(OrderedAsync.java:237)
	at org.apache.ratis.client.impl.OrderedAsync.lambda$sendRequestWithRetry$6(OrderedAsync.java:208)
	at java.util.concurrent.CompletableFuture.uniExceptionally(CompletableFuture.java:884)
	at java.util.concurrent.CompletableFuture$UniExceptionally.tryFire(CompletableFuture.java:866)
	at java.util.concurrent.CompletableFuture.postComplete(CompletableFuture.java:488)
	at java.util.concurrent.CompletableFuture.completeExceptionally(CompletableFuture.java:1990)
	at org.apache.ratis.grpc.client.GrpcClientProtocolClient$AsyncStreamObservers.lambda$timeoutCheck$5(GrpcClientProtocolClient.java:373)
	at java.util.Optional.ifPresent(Optional.java:159)
	at org.apache.ratis.grpc.client.GrpcClientProtocolClient$AsyncStreamObservers.handleReplyFuture(GrpcClientProtocolClient.java:378)
	at org.apache.ratis.grpc.client.GrpcClientProtocolClient$AsyncStreamObservers.timeoutCheck(GrpcClientProtocolClient.java:373)
	at org.apache.ratis.grpc.client.GrpcClientProtocolClient$AsyncStreamObservers.lambda$onNext$3(GrpcClientProtocolClient.java:366)
	at org.apache.ratis.util.TimeoutTimer.lambda$onTimeout$2(TimeoutTimer.java:101)
	at org.apache.ratis.util.LogUtils.runAndLog(LogUtils.java:38)
	at org.apache.ratis.util.LogUtils$1.run(LogUtils.java:78)
	at org.apache.ratis.util.TimeoutTimer$Task.run(TimeoutTimer.java:55)
	at java.util.TimerThread.mainLoop(Timer.java:555)
	at java.util.TimerThread.run(Timer.java:505)
2024-01-25 07:57:59,446 [ForkJoinPool.commonPool-worker-0] TRACE client.RaftClient (RaftClientImpl.java:handleIOException(419)) - Stack trace
java.lang.Throwable: TRACE
	at org.apache.ratis.client.impl.RaftClientImpl.handleIOException(RaftClientImpl.java:419)
	at org.apache.ratis.client.impl.RaftClientImpl.handleIOException(RaftClientImpl.java:412)
	at org.apache.ratis.client.impl.UnorderedAsync.lambda$sendRequestWithRetry$4(UnorderedAsync.java:121)
	at java.util.concurrent.CompletableFuture.uniWhenComplete(CompletableFuture.java:774)
	at java.util.concurrent.CompletableFuture$UniWhenComplete.tryFire(CompletableFuture.java:750)
	at java.util.concurrent.CompletableFuture$Completion.exec(CompletableFuture.java:457)
	at java.util.concurrent.ForkJoinTask.doExec(ForkJoinTask.java:289)
	at java.util.concurrent.ForkJoinPool$WorkQueue.runTask(ForkJoinPool.java:1056)
	at java.util.concurrent.ForkJoinPool.runWorker(ForkJoinPool.java:1692)
	at java.util.concurrent.ForkJoinWorkerThread.run(ForkJoinWorkerThread.java:175)
2024-01-25 07:57:59,446 [ForkJoinPool.commonPool-worker-0] DEBUG client.RaftClient (RaftClientImpl.java:handleIOException(435)) - client-2312CCC7CA78: oldLeader=s0,  curLeader=s2, newLeader=null
2024-01-25 07:57:59,446 [ForkJoinPool.commonPool-worker-0] DEBUG impl.UnorderedAsync (UnorderedAsync.java:lambda$sendRequestWithRetry$4(132)) - schedule~ attempt #5 with sleep 100ms and policy RetryForeverWithSleep(sleepTime = 100ms) for RaftClientRequest:client-2312CCC7CA78->s0@group-796A68A19D2E, cid=106, seq=null, Watch-ALL(39), null
2024-01-25 07:57:59,546 [timer1] DEBUG client.RaftClient (RaftClientImpl.java:get(158)) - client-2312CCC7CA78: get 106 returns []
2024-01-25 07:57:59,546 [timer1] DEBUG client.RaftClient (RaftClientImpl.java:newRequest(95)) - attempt #6, newRequest RaftClientRequest:client-2312CCC7CA78->s2@group-796A68A19D2E, cid=106, seq=null, Watch-ALL(39), null
2024-01-25 07:57:59,546 [timer1] DEBUG impl.UnorderedAsync (UnorderedAsync.java:sendRequestWithRetry(80)) - client-2312CCC7CA78: attempt #6 send~ RaftClientRequest:client-2312CCC7CA78->s2@group-796A68A19D2E, cid=106, seq=null, Watch-ALL(39), null
2024-01-25 07:57:59,555 [s2-client-thread2] DEBUG server.RaftServer$Division (RaftServerImpl.java:submitClientRequestAsync(880)) - s2@group-796A68A19D2E: receive client request(RaftClientRequest:client-2312CCC7CA78->s2@group-796A68A19D2E, cid=106, seq=null, Watch-ALL(39), Message:<EMPTY>)
2024-01-25 07:57:59,556 [null-request--thread1] INFO  server.GrpcClientProtocolService (GrpcClientProtocolService.java:lambda$processClientRequest$0(323)) - Failed RaftClientRequest:client-2312CCC7CA78->s2@group-796A68A19D2E, cid=106, seq=null, Watch-ALL(39), Message:<EMPTY>, reply=RaftClientReply:client-2312CCC7CA78->s2@group-796A68A19D2E, cid=106, FAILED org.apache.ratis.protocol.exceptions.NotLeaderException: Server s2@group-796A68A19D2E is not the leader s0|localhost:15000, logIndex=0, commits[s2:c25, s0:c59, s1:c59]
2024-01-25 07:57:59,557 [ForkJoinPool.commonPool-worker-0] DEBUG impl.UnorderedAsync (UnorderedAsync.java:lambda$sendRequestWithRetry$4(83)) - client-2312CCC7CA78: attempt #6 receive~ null
2024-01-25 07:57:59,557 [ForkJoinPool.commonPool-worker-0] TRACE impl.UnorderedAsync (UnorderedAsync.java:lambda$sendRequestWithRetry$4(108)) - client-2312CCC7CA78: attempt #6 failed~ RaftClientRequest:client-2312CCC7CA78->s2@group-796A68A19D2E, cid=106, seq=null, Watch-ALL(39), null
org.apache.ratis.protocol.exceptions.NotLeaderException: Server s2@group-796A68A19D2E is not the leader s0|localhost:15000
	at org.apache.ratis.client.impl.ClientProtoUtils.toRaftClientReply(ClientProtoUtils.java:397)
	at org.apache.ratis.grpc.client.GrpcClientProtocolClient$AsyncStreamObservers$1.onNext(GrpcClientProtocolClient.java:310)
	at org.apache.ratis.grpc.client.GrpcClientProtocolClient$AsyncStreamObservers$1.onNext(GrpcClientProtocolClient.java:305)
	at org.apache.ratis.thirdparty.io.grpc.stub.ClientCalls$StreamObserverToCallListenerAdapter.onMessage(ClientCalls.java:468)
	at org.apache.ratis.thirdparty.io.grpc.ForwardingClientCallListener.onMessage(ForwardingClientCallListener.java:33)
	at org.apache.ratis.thirdparty.io.grpc.internal.DelayedClientCall$DelayedListener.onMessage(DelayedClientCall.java:473)
	at org.apache.ratis.thirdparty.io.grpc.internal.ClientCallImpl$ClientStreamListenerImpl$1MessagesAvailable.runInternal(ClientCallImpl.java:660)
	at org.apache.ratis.thirdparty.io.grpc.internal.ClientCallImpl$ClientStreamListenerImpl$1MessagesAvailable.runInContext(ClientCallImpl.java:647)
	at org.apache.ratis.thirdparty.io.grpc.internal.ContextRunnable.run(ContextRunnable.java:37)
	at org.apache.ratis.thirdparty.io.grpc.internal.SerializingExecutor.run(SerializingExecutor.java:133)
	at java.util.concurrent.ThreadPoolExecutor.runWorker(ThreadPoolExecutor.java:1149)
	at java.util.concurrent.ThreadPoolExecutor$Worker.run(ThreadPoolExecutor.java:624)
	at java.lang.Thread.run(Thread.java:750)
2024-01-25 07:57:59,558 [ForkJoinPool.commonPool-worker-0] DEBUG client.RaftClient (RaftClientImpl.java:handleIOException(417)) - client-2312CCC7CA78: suggested new leader: s0. Failed RaftClientRequest:client-2312CCC7CA78->s2@group-796A68A19D2E, cid=106, seq=null, Watch-ALL(39), null
org.apache.ratis.protocol.exceptions.NotLeaderException: Server s2@group-796A68A19D2E is not the leader s0|localhost:15000
	at org.apache.ratis.client.impl.ClientProtoUtils.toRaftClientReply(ClientProtoUtils.java:397)
	at org.apache.ratis.grpc.client.GrpcClientProtocolClient$AsyncStreamObservers$1.onNext(GrpcClientProtocolClient.java:310)
	at org.apache.ratis.grpc.client.GrpcClientProtocolClient$AsyncStreamObservers$1.onNext(GrpcClientProtocolClient.java:305)
	at org.apache.ratis.thirdparty.io.grpc.stub.ClientCalls$StreamObserverToCallListenerAdapter.onMessage(ClientCalls.java:468)
	at org.apache.ratis.thirdparty.io.grpc.ForwardingClientCallListener.onMessage(ForwardingClientCallListener.java:33)
	at org.apache.ratis.thirdparty.io.grpc.internal.DelayedClientCall$DelayedListener.onMessage(DelayedClientCall.java:473)
	at org.apache.ratis.thirdparty.io.grpc.internal.ClientCallImpl$ClientStreamListenerImpl$1MessagesAvailable.runInternal(ClientCallImpl.java:660)
	at org.apache.ratis.thirdparty.io.grpc.internal.ClientCallImpl$ClientStreamListenerImpl$1MessagesAvailable.runInContext(ClientCallImpl.java:647)
	at org.apache.ratis.thirdparty.io.grpc.internal.ContextRunnable.run(ContextRunnable.java:37)
	at org.apache.ratis.thirdparty.io.grpc.internal.SerializingExecutor.run(SerializingExecutor.java:133)
	at java.util.concurrent.ThreadPoolExecutor.runWorker(ThreadPoolExecutor.java:1149)
	at java.util.concurrent.ThreadPoolExecutor$Worker.run(ThreadPoolExecutor.java:624)
	at java.lang.Thread.run(Thread.java:750)
2024-01-25 07:57:59,558 [ForkJoinPool.commonPool-worker-0] TRACE client.RaftClient (RaftClientImpl.java:handleIOException(419)) - Stack trace
java.lang.Throwable: TRACE
	at org.apache.ratis.client.impl.RaftClientImpl.handleIOException(RaftClientImpl.java:419)
	at org.apache.ratis.client.impl.RaftClientImpl.handleNotLeaderException(RaftClientImpl.java:399)
	at org.apache.ratis.client.impl.UnorderedAsync.lambda$sendRequestWithRetry$4(UnorderedAsync.java:116)
	at java.util.concurrent.CompletableFuture.uniWhenComplete(CompletableFuture.java:774)
	at java.util.concurrent.CompletableFuture$UniWhenComplete.tryFire(CompletableFuture.java:750)
	at java.util.concurrent.CompletableFuture$Completion.exec(CompletableFuture.java:457)
	at java.util.concurrent.ForkJoinTask.doExec(ForkJoinTask.java:289)
	at java.util.concurrent.ForkJoinPool$WorkQueue.runTask(ForkJoinPool.java:1056)
	at java.util.concurrent.ForkJoinPool.runWorker(ForkJoinPool.java:1692)
	at java.util.concurrent.ForkJoinWorkerThread.run(ForkJoinWorkerThread.java:175)
2024-01-25 07:57:59,558 [ForkJoinPool.commonPool-worker-0] DEBUG client.RaftClient (RaftClientImpl.java:handleIOException(435)) - client-2312CCC7CA78: oldLeader=s2,  curLeader=s2, newLeader=s0
2024-01-25 07:57:59,558 [ForkJoinPool.commonPool-worker-0] DEBUG client.RaftClient (RaftClientImpl.java:handleIOException(441)) - client-2312CCC7CA78 changes Leader from s2 to s0 for group-796A68A19D2E
org.apache.ratis.protocol.exceptions.NotLeaderException: Server s2@group-796A68A19D2E is not the leader s0|localhost:15000
	at org.apache.ratis.client.impl.ClientProtoUtils.toRaftClientReply(ClientProtoUtils.java:397)
	at org.apache.ratis.grpc.client.GrpcClientProtocolClient$AsyncStreamObservers$1.onNext(GrpcClientProtocolClient.java:310)
	at org.apache.ratis.grpc.client.GrpcClientProtocolClient$AsyncStreamObservers$1.onNext(GrpcClientProtocolClient.java:305)
	at org.apache.ratis.thirdparty.io.grpc.stub.ClientCalls$StreamObserverToCallListenerAdapter.onMessage(ClientCalls.java:468)
	at org.apache.ratis.thirdparty.io.grpc.ForwardingClientCallListener.onMessage(ForwardingClientCallListener.java:33)
	at org.apache.ratis.thirdparty.io.grpc.internal.DelayedClientCall$DelayedListener.onMessage(DelayedClientCall.java:473)
	at org.apache.ratis.thirdparty.io.grpc.internal.ClientCallImpl$ClientStreamListenerImpl$1MessagesAvailable.runInternal(ClientCallImpl.java:660)
	at org.apache.ratis.thirdparty.io.grpc.internal.ClientCallImpl$ClientStreamListenerImpl$1MessagesAvailable.runInContext(ClientCallImpl.java:647)
	at org.apache.ratis.thirdparty.io.grpc.internal.ContextRunnable.run(ContextRunnable.java:37)
	at org.apache.ratis.thirdparty.io.grpc.internal.SerializingExecutor.run(SerializingExecutor.java:133)
	at java.util.concurrent.ThreadPoolExecutor.runWorker(ThreadPoolExecutor.java:1149)
	at java.util.concurrent.ThreadPoolExecutor$Worker.run(ThreadPoolExecutor.java:624)
	at java.lang.Thread.run(Thread.java:750)
2024-01-25 07:57:59,562 [ForkJoinPool.commonPool-worker-0] DEBUG impl.UnorderedAsync (UnorderedAsync.java:lambda$sendRequestWithRetry$4(132)) - schedule~ attempt #6 with sleep 0ns and policy RetryForeverWithSleep(sleepTime = 100ms) for RaftClientRequest:client-2312CCC7CA78->s2@group-796A68A19D2E, cid=106, seq=null, Watch-ALL(39), null
2024-01-25 07:57:59,562 [timer7] DEBUG client.RaftClient (RaftClientImpl.java:get(158)) - client-2312CCC7CA78: get 106 returns []
2024-01-25 07:57:59,562 [timer7] DEBUG client.RaftClient (RaftClientImpl.java:newRequest(95)) - attempt #7, newRequest RaftClientRequest:client-2312CCC7CA78->s0@group-796A68A19D2E, cid=106, seq=null, Watch-ALL(39), null
2024-01-25 07:57:59,562 [timer7] DEBUG impl.UnorderedAsync (UnorderedAsync.java:sendRequestWithRetry(80)) - client-2312CCC7CA78: attempt #7 send~ RaftClientRequest:client-2312CCC7CA78->s0@group-796A68A19D2E, cid=106, seq=null, Watch-ALL(39), null
2024-01-25 07:57:59,566 [s0-client-thread1] DEBUG server.RaftServer$Division (RaftServerImpl.java:submitClientRequestAsync(880)) - s0@group-796A68A19D2E: receive client request(RaftClientRequest:client-2312CCC7CA78->s0@group-796A68A19D2E, cid=106, seq=null, Watch-ALL(39), Message:<EMPTY>)
2024-01-25 07:57:59,566 [s0-client-thread1] DEBUG server.RaftServer$Division (LeaderStateImpl.java:addWatchRequest(552)) - s0@group-796A68A19D2E-LeaderStateImpl: addWatchRequest RaftClientRequest:client-2312CCC7CA78->s0@group-796A68A19D2E, cid=106, seq=null, Watch-ALL(39), Message:<EMPTY>
2024-01-25 07:58:00,396 [ForkJoinPool.commonPool-worker-0] DEBUG impl.UnorderedAsync (UnorderedAsync.java:lambda$sendRequestWithRetry$4(83)) - client-2312CCC7CA78: attempt #2 receive~ null
2024-01-25 07:58:00,396 [ForkJoinPool.commonPool-worker-0] TRACE impl.UnorderedAsync (UnorderedAsync.java:lambda$sendRequestWithRetry$4(108)) - client-2312CCC7CA78: attempt #2 failed~ RaftClientRequest:client-2312CCC7CA78->s0@group-796A68A19D2E, cid=78, seq=null, Watch-ALL(26), null
org.apache.ratis.protocol.exceptions.TimeoutIOException: client-2312CCC7CA78->s0 request #78 timeout 10000ms
	at org.apache.ratis.grpc.client.GrpcClientProtocolClient$AsyncStreamObservers.lambda$timeoutCheck$5(GrpcClientProtocolClient.java:374)
	at java.util.Optional.ifPresent(Optional.java:159)
	at org.apache.ratis.grpc.client.GrpcClientProtocolClient$AsyncStreamObservers.handleReplyFuture(GrpcClientProtocolClient.java:378)
	at org.apache.ratis.grpc.client.GrpcClientProtocolClient$AsyncStreamObservers.timeoutCheck(GrpcClientProtocolClient.java:373)
	at org.apache.ratis.grpc.client.GrpcClientProtocolClient$AsyncStreamObservers.lambda$onNext$1(GrpcClientProtocolClient.java:362)
	at org.apache.ratis.util.TimeoutTimer.lambda$onTimeout$2(TimeoutTimer.java:101)
	at org.apache.ratis.util.LogUtils.runAndLog(LogUtils.java:38)
	at org.apache.ratis.util.LogUtils$1.run(LogUtils.java:78)
	at org.apache.ratis.util.TimeoutTimer$Task.run(TimeoutTimer.java:55)
	at java.util.TimerThread.mainLoop(Timer.java:555)
	at java.util.TimerThread.run(Timer.java:505)
2024-01-25 07:58:00,397 [ForkJoinPool.commonPool-worker-0] DEBUG client.RaftClient (RaftClientImpl.java:handleIOException(417)) - client-2312CCC7CA78: suggested new leader: null. Failed RaftClientRequest:client-2312CCC7CA78->s0@group-796A68A19D2E, cid=78, seq=null, Watch-ALL(26), null
org.apache.ratis.protocol.exceptions.TimeoutIOException: client-2312CCC7CA78->s0 request #78 timeout 10000ms
	at org.apache.ratis.grpc.client.GrpcClientProtocolClient$AsyncStreamObservers.lambda$timeoutCheck$5(GrpcClientProtocolClient.java:374)
	at java.util.Optional.ifPresent(Optional.java:159)
	at org.apache.ratis.grpc.client.GrpcClientProtocolClient$AsyncStreamObservers.handleReplyFuture(GrpcClientProtocolClient.java:378)
	at org.apache.ratis.grpc.client.GrpcClientProtocolClient$AsyncStreamObservers.timeoutCheck(GrpcClientProtocolClient.java:373)
	at org.apache.ratis.grpc.client.GrpcClientProtocolClient$AsyncStreamObservers.lambda$onNext$1(GrpcClientProtocolClient.java:362)
	at org.apache.ratis.util.TimeoutTimer.lambda$onTimeout$2(TimeoutTimer.java:101)
	at org.apache.ratis.util.LogUtils.runAndLog(LogUtils.java:38)
	at org.apache.ratis.util.LogUtils$1.run(LogUtils.java:78)
	at org.apache.ratis.util.TimeoutTimer$Task.run(TimeoutTimer.java:55)
	at java.util.TimerThread.mainLoop(Timer.java:555)
	at java.util.TimerThread.run(Timer.java:505)
2024-01-25 07:58:00,397 [ForkJoinPool.commonPool-worker-0] TRACE client.RaftClient (RaftClientImpl.java:handleIOException(419)) - Stack trace
java.lang.Throwable: TRACE
	at org.apache.ratis.client.impl.RaftClientImpl.handleIOException(RaftClientImpl.java:419)
	at org.apache.ratis.client.impl.RaftClientImpl.handleIOException(RaftClientImpl.java:412)
	at org.apache.ratis.client.impl.UnorderedAsync.lambda$sendRequestWithRetry$4(UnorderedAsync.java:121)
	at java.util.concurrent.CompletableFuture.uniWhenComplete(CompletableFuture.java:774)
	at java.util.concurrent.CompletableFuture$UniWhenComplete.tryFire(CompletableFuture.java:750)
	at java.util.concurrent.CompletableFuture$Completion.exec(CompletableFuture.java:457)
	at java.util.concurrent.ForkJoinTask.doExec(ForkJoinTask.java:289)
	at java.util.concurrent.ForkJoinPool$WorkQueue.runTask(ForkJoinPool.java:1056)
	at java.util.concurrent.ForkJoinPool.runWorker(ForkJoinPool.java:1692)
	at java.util.concurrent.ForkJoinWorkerThread.run(ForkJoinWorkerThread.java:175)
2024-01-25 07:58:00,397 [ForkJoinPool.commonPool-worker-0] DEBUG client.RaftClient (RaftClientImpl.java:handleIOException(435)) - client-2312CCC7CA78: oldLeader=s0,  curLeader=s0, newLeader=s1
2024-01-25 07:58:00,397 [ForkJoinPool.commonPool-worker-0] DEBUG client.RaftClient (RaftClientImpl.java:handleIOException(441)) - client-2312CCC7CA78 changes Leader from s0 to s1 for group-796A68A19D2E
org.apache.ratis.protocol.exceptions.TimeoutIOException: client-2312CCC7CA78->s0 request #78 timeout 10000ms
	at org.apache.ratis.grpc.client.GrpcClientProtocolClient$AsyncStreamObservers.lambda$timeoutCheck$5(GrpcClientProtocolClient.java:374)
	at java.util.Optional.ifPresent(Optional.java:159)
	at org.apache.ratis.grpc.client.GrpcClientProtocolClient$AsyncStreamObservers.handleReplyFuture(GrpcClientProtocolClient.java:378)
	at org.apache.ratis.grpc.client.GrpcClientProtocolClient$AsyncStreamObservers.timeoutCheck(GrpcClientProtocolClient.java:373)
	at org.apache.ratis.grpc.client.GrpcClientProtocolClient$AsyncStreamObservers.lambda$onNext$1(GrpcClientProtocolClient.java:362)
	at org.apache.ratis.util.TimeoutTimer.lambda$onTimeout$2(TimeoutTimer.java:101)
	at org.apache.ratis.util.LogUtils.runAndLog(LogUtils.java:38)
	at org.apache.ratis.util.LogUtils$1.run(LogUtils.java:78)
	at org.apache.ratis.util.TimeoutTimer$Task.run(TimeoutTimer.java:55)
	at java.util.TimerThread.mainLoop(Timer.java:555)
	at java.util.TimerThread.run(Timer.java:505)
2024-01-25 07:58:00,398 [ForkJoinPool.commonPool-worker-2] DEBUG impl.UnorderedAsync (UnorderedAsync.java:lambda$sendRequestWithRetry$4(83)) - client-2312CCC7CA78: attempt #7 receive~ null
2024-01-25 07:58:00,398 [ForkJoinPool.commonPool-worker-2] TRACE impl.UnorderedAsync (UnorderedAsync.java:lambda$sendRequestWithRetry$4(108)) - client-2312CCC7CA78: attempt #7 failed~ RaftClientRequest:client-2312CCC7CA78->s0@group-796A68A19D2E, cid=106, seq=null, Watch-ALL(39), null
org.apache.ratis.protocol.exceptions.AlreadyClosedException: client-2312CCC7CA78->s0: Stream close: no reply for async request cid=106
	at org.apache.ratis.grpc.client.GrpcClientProtocolClient$AsyncStreamObservers.completeReplyExceptionally(GrpcClientProtocolClient.java:396)
	at org.apache.ratis.grpc.client.GrpcClientProtocolClient$AsyncStreamObservers.close(GrpcClientProtocolClient.java:383)
	at org.apache.ratis.grpc.client.GrpcClientProtocolClient$AsyncStreamObservers.access$500(GrpcClientProtocolClient.java:300)
	at org.apache.ratis.grpc.client.GrpcClientProtocolClient.lambda$close$4(GrpcClientProtocolClient.java:161)
	at java.util.Optional.ifPresent(Optional.java:159)
	at org.apache.ratis.grpc.client.GrpcClientProtocolClient.close(GrpcClientProtocolClient.java:161)
	at org.apache.ratis.util.PeerProxyMap.closeProxy(PeerProxyMap.java:197)
	at org.apache.ratis.util.PeerProxyMap.lambda$resetProxy$2(PeerProxyMap.java:158)
	at java.util.Optional.map(Optional.java:215)
	at org.apache.ratis.util.PeerProxyMap.resetProxy(PeerProxyMap.java:158)
	at org.apache.ratis.util.PeerProxyMap.handleException(PeerProxyMap.java:165)
	at org.apache.ratis.client.impl.RaftClientRpcWithProxy.handleException(RaftClientRpcWithProxy.java:48)
	at org.apache.ratis.client.impl.RaftClientImpl.handleIOException(RaftClientImpl.java:445)
	at org.apache.ratis.client.impl.RaftClientImpl.handleIOException(RaftClientImpl.java:412)
	at org.apache.ratis.client.impl.UnorderedAsync.lambda$sendRequestWithRetry$4(UnorderedAsync.java:121)
	at java.util.concurrent.CompletableFuture.uniWhenComplete(CompletableFuture.java:774)
	at java.util.concurrent.CompletableFuture$UniWhenComplete.tryFire(CompletableFuture.java:750)
	at java.util.concurrent.CompletableFuture$Completion.exec(CompletableFuture.java:457)
	at java.util.concurrent.ForkJoinTask.doExec(ForkJoinTask.java:289)
	at java.util.concurrent.ForkJoinPool$WorkQueue.runTask(ForkJoinPool.java:1056)
	at java.util.concurrent.ForkJoinPool.runWorker(ForkJoinPool.java:1692)
	at java.util.concurrent.ForkJoinWorkerThread.run(ForkJoinWorkerThread.java:175)
2024-01-25 07:58:00,398 [ForkJoinPool.commonPool-worker-2] DEBUG client.RaftClient (RaftClientImpl.java:handleIOException(417)) - client-2312CCC7CA78: suggested new leader: null. Failed RaftClientRequest:client-2312CCC7CA78->s0@group-796A68A19D2E, cid=106, seq=null, Watch-ALL(39), null
org.apache.ratis.protocol.exceptions.AlreadyClosedException: client-2312CCC7CA78->s0: Stream close: no reply for async request cid=106
	at org.apache.ratis.grpc.client.GrpcClientProtocolClient$AsyncStreamObservers.completeReplyExceptionally(GrpcClientProtocolClient.java:396)
	at org.apache.ratis.grpc.client.GrpcClientProtocolClient$AsyncStreamObservers.close(GrpcClientProtocolClient.java:383)
	at org.apache.ratis.grpc.client.GrpcClientProtocolClient$AsyncStreamObservers.access$500(GrpcClientProtocolClient.java:300)
	at org.apache.ratis.grpc.client.GrpcClientProtocolClient.lambda$close$4(GrpcClientProtocolClient.java:161)
	at java.util.Optional.ifPresent(Optional.java:159)
	at org.apache.ratis.grpc.client.GrpcClientProtocolClient.close(GrpcClientProtocolClient.java:161)
	at org.apache.ratis.util.PeerProxyMap.closeProxy(PeerProxyMap.java:197)
	at org.apache.ratis.util.PeerProxyMap.lambda$resetProxy$2(PeerProxyMap.java:158)
	at java.util.Optional.map(Optional.java:215)
	at org.apache.ratis.util.PeerProxyMap.resetProxy(PeerProxyMap.java:158)
	at org.apache.ratis.util.PeerProxyMap.handleException(PeerProxyMap.java:165)
	at org.apache.ratis.client.impl.RaftClientRpcWithProxy.handleException(RaftClientRpcWithProxy.java:48)
	at org.apache.ratis.client.impl.RaftClientImpl.handleIOException(RaftClientImpl.java:445)
	at org.apache.ratis.client.impl.RaftClientImpl.handleIOException(RaftClientImpl.java:412)
	at org.apache.ratis.client.impl.UnorderedAsync.lambda$sendRequestWithRetry$4(UnorderedAsync.java:121)
	at java.util.concurrent.CompletableFuture.uniWhenComplete(CompletableFuture.java:774)
	at java.util.concurrent.CompletableFuture$UniWhenComplete.tryFire(CompletableFuture.java:750)
	at java.util.concurrent.CompletableFuture$Completion.exec(CompletableFuture.java:457)
	at java.util.concurrent.ForkJoinTask.doExec(ForkJoinTask.java:289)
	at java.util.concurrent.ForkJoinPool$WorkQueue.runTask(ForkJoinPool.java:1056)
	at java.util.concurrent.ForkJoinPool.runWorker(ForkJoinPool.java:1692)
	at java.util.concurrent.ForkJoinWorkerThread.run(ForkJoinWorkerThread.java:175)
2024-01-25 07:58:00,398 [ForkJoinPool.commonPool-worker-2] TRACE client.RaftClient (RaftClientImpl.java:handleIOException(419)) - Stack trace
java.lang.Throwable: TRACE
	at org.apache.ratis.client.impl.RaftClientImpl.handleIOException(RaftClientImpl.java:419)
	at org.apache.ratis.client.impl.RaftClientImpl.handleIOException(RaftClientImpl.java:412)
	at org.apache.ratis.client.impl.UnorderedAsync.lambda$sendRequestWithRetry$4(UnorderedAsync.java:121)
	at java.util.concurrent.CompletableFuture.uniWhenComplete(CompletableFuture.java:774)
	at java.util.concurrent.CompletableFuture$UniWhenComplete.tryFire(CompletableFuture.java:750)
	at java.util.concurrent.CompletableFuture$Completion.exec(CompletableFuture.java:457)
	at java.util.concurrent.ForkJoinTask.doExec(ForkJoinTask.java:289)
	at java.util.concurrent.ForkJoinPool$WorkQueue.runTask(ForkJoinPool.java:1056)
	at java.util.concurrent.ForkJoinPool.runWorker(ForkJoinPool.java:1692)
	at java.util.concurrent.ForkJoinWorkerThread.run(ForkJoinWorkerThread.java:175)
2024-01-25 07:58:00,398 [ForkJoinPool.commonPool-worker-2] DEBUG client.RaftClient (RaftClientImpl.java:handleIOException(435)) - client-2312CCC7CA78: oldLeader=s0,  curLeader=s1, newLeader=null
2024-01-25 07:58:00,398 [ForkJoinPool.commonPool-worker-2] DEBUG impl.UnorderedAsync (UnorderedAsync.java:lambda$sendRequestWithRetry$4(132)) - schedule~ attempt #7 with sleep 100ms and policy RetryForeverWithSleep(sleepTime = 100ms) for RaftClientRequest:client-2312CCC7CA78->s0@group-796A68A19D2E, cid=106, seq=null, Watch-ALL(39), null
2024-01-25 07:58:00,403 [ForkJoinPool.commonPool-worker-2] DEBUG impl.UnorderedAsync (UnorderedAsync.java:lambda$sendRequestWithRetry$4(83)) - client-2312CCC7CA78: attempt #2 receive~ null
2024-01-25 07:58:00,403 [ForkJoinPool.commonPool-worker-2] TRACE impl.UnorderedAsync (UnorderedAsync.java:lambda$sendRequestWithRetry$4(108)) - client-2312CCC7CA78: attempt #2 failed~ RaftClientRequest:client-2312CCC7CA78->s0@group-796A68A19D2E, cid=80, seq=null, Watch-ALL_COMMITTED(26), null
org.apache.ratis.protocol.exceptions.TimeoutIOException: client-2312CCC7CA78->s0 request #80 timeout 10000ms
	at org.apache.ratis.grpc.client.GrpcClientProtocolClient$AsyncStreamObservers.lambda$timeoutCheck$5(GrpcClientProtocolClient.java:374)
	at java.util.Optional.ifPresent(Optional.java:159)
	at org.apache.ratis.grpc.client.GrpcClientProtocolClient$AsyncStreamObservers.handleReplyFuture(GrpcClientProtocolClient.java:378)
	at org.apache.ratis.grpc.client.GrpcClientProtocolClient$AsyncStreamObservers.timeoutCheck(GrpcClientProtocolClient.java:373)
	at org.apache.ratis.grpc.client.GrpcClientProtocolClient$AsyncStreamObservers.lambda$onNext$1(GrpcClientProtocolClient.java:362)
	at org.apache.ratis.util.TimeoutTimer.lambda$onTimeout$2(TimeoutTimer.java:101)
	at org.apache.ratis.util.LogUtils.runAndLog(LogUtils.java:38)
	at org.apache.ratis.util.LogUtils$1.run(LogUtils.java:78)
	at org.apache.ratis.util.TimeoutTimer$Task.run(TimeoutTimer.java:55)
	at java.util.TimerThread.mainLoop(Timer.java:555)
	at java.util.TimerThread.run(Timer.java:505)
2024-01-25 07:58:00,404 [ForkJoinPool.commonPool-worker-2] DEBUG client.RaftClient (RaftClientImpl.java:handleIOException(417)) - client-2312CCC7CA78: suggested new leader: null. Failed RaftClientRequest:client-2312CCC7CA78->s0@group-796A68A19D2E, cid=80, seq=null, Watch-ALL_COMMITTED(26), null
org.apache.ratis.protocol.exceptions.TimeoutIOException: client-2312CCC7CA78->s0 request #80 timeout 10000ms
	at org.apache.ratis.grpc.client.GrpcClientProtocolClient$AsyncStreamObservers.lambda$timeoutCheck$5(GrpcClientProtocolClient.java:374)
	at java.util.Optional.ifPresent(Optional.java:159)
	at org.apache.ratis.grpc.client.GrpcClientProtocolClient$AsyncStreamObservers.handleReplyFuture(GrpcClientProtocolClient.java:378)
	at org.apache.ratis.grpc.client.GrpcClientProtocolClient$AsyncStreamObservers.timeoutCheck(GrpcClientProtocolClient.java:373)
	at org.apache.ratis.grpc.client.GrpcClientProtocolClient$AsyncStreamObservers.lambda$onNext$1(GrpcClientProtocolClient.java:362)
	at org.apache.ratis.util.TimeoutTimer.lambda$onTimeout$2(TimeoutTimer.java:101)
	at org.apache.ratis.util.LogUtils.runAndLog(LogUtils.java:38)
	at org.apache.ratis.util.LogUtils$1.run(LogUtils.java:78)
	at org.apache.ratis.util.TimeoutTimer$Task.run(TimeoutTimer.java:55)
	at java.util.TimerThread.mainLoop(Timer.java:555)
	at java.util.TimerThread.run(Timer.java:505)
2024-01-25 07:58:00,404 [ForkJoinPool.commonPool-worker-2] TRACE client.RaftClient (RaftClientImpl.java:handleIOException(419)) - Stack trace
java.lang.Throwable: TRACE
	at org.apache.ratis.client.impl.RaftClientImpl.handleIOException(RaftClientImpl.java:419)
	at org.apache.ratis.client.impl.RaftClientImpl.handleIOException(RaftClientImpl.java:412)
	at org.apache.ratis.client.impl.UnorderedAsync.lambda$sendRequestWithRetry$4(UnorderedAsync.java:121)
	at java.util.concurrent.CompletableFuture.uniWhenComplete(CompletableFuture.java:774)
	at java.util.concurrent.CompletableFuture$UniWhenComplete.tryFire(CompletableFuture.java:750)
	at java.util.concurrent.CompletableFuture$Completion.exec(CompletableFuture.java:457)
	at java.util.concurrent.ForkJoinTask.doExec(ForkJoinTask.java:289)
	at java.util.concurrent.ForkJoinPool$WorkQueue.runTask(ForkJoinPool.java:1056)
	at java.util.concurrent.ForkJoinPool.runWorker(ForkJoinPool.java:1692)
	at java.util.concurrent.ForkJoinWorkerThread.run(ForkJoinWorkerThread.java:175)
2024-01-25 07:58:00,404 [ForkJoinPool.commonPool-worker-2] DEBUG client.RaftClient (RaftClientImpl.java:handleIOException(435)) - client-2312CCC7CA78: oldLeader=s0,  curLeader=s1, newLeader=null
2024-01-25 07:58:00,404 [ForkJoinPool.commonPool-worker-2] DEBUG impl.UnorderedAsync (UnorderedAsync.java:lambda$sendRequestWithRetry$4(132)) - schedule~ attempt #2 with sleep 100ms and policy RetryForeverWithSleep(sleepTime = 100ms) for RaftClientRequest:client-2312CCC7CA78->s0@group-796A68A19D2E, cid=80, seq=null, Watch-ALL_COMMITTED(26), null
2024-01-25 07:58:00,410 [ForkJoinPool.commonPool-worker-2] DEBUG impl.UnorderedAsync (UnorderedAsync.java:lambda$sendRequestWithRetry$4(83)) - client-2312CCC7CA78: attempt #1 receive~ null
2024-01-25 07:58:00,410 [ForkJoinPool.commonPool-worker-2] TRACE impl.UnorderedAsync (UnorderedAsync.java:lambda$sendRequestWithRetry$4(108)) - client-2312CCC7CA78: attempt #1 failed~ RaftClientRequest:client-2312CCC7CA78->s0@group-796A68A19D2E, cid=84, seq=null, Watch-ALL_COMMITTED(28), null
org.apache.ratis.protocol.exceptions.TimeoutIOException: client-2312CCC7CA78->s0 request #84 timeout 10000ms
	at org.apache.ratis.grpc.client.GrpcClientProtocolClient$AsyncStreamObservers.lambda$timeoutCheck$5(GrpcClientProtocolClient.java:374)
	at java.util.Optional.ifPresent(Optional.java:159)
	at org.apache.ratis.grpc.client.GrpcClientProtocolClient$AsyncStreamObservers.handleReplyFuture(GrpcClientProtocolClient.java:378)
	at org.apache.ratis.grpc.client.GrpcClientProtocolClient$AsyncStreamObservers.timeoutCheck(GrpcClientProtocolClient.java:373)
	at org.apache.ratis.grpc.client.GrpcClientProtocolClient$AsyncStreamObservers.lambda$onNext$1(GrpcClientProtocolClient.java:362)
	at org.apache.ratis.util.TimeoutTimer.lambda$onTimeout$2(TimeoutTimer.java:101)
	at org.apache.ratis.util.LogUtils.runAndLog(LogUtils.java:38)
	at org.apache.ratis.util.LogUtils$1.run(LogUtils.java:78)
	at org.apache.ratis.util.TimeoutTimer$Task.run(TimeoutTimer.java:55)
	at java.util.TimerThread.mainLoop(Timer.java:555)
	at java.util.TimerThread.run(Timer.java:505)
2024-01-25 07:58:00,410 [ForkJoinPool.commonPool-worker-2] DEBUG client.RaftClient (RaftClientImpl.java:handleIOException(417)) - client-2312CCC7CA78: suggested new leader: null. Failed RaftClientRequest:client-2312CCC7CA78->s0@group-796A68A19D2E, cid=84, seq=null, Watch-ALL_COMMITTED(28), null
org.apache.ratis.protocol.exceptions.TimeoutIOException: client-2312CCC7CA78->s0 request #84 timeout 10000ms
	at org.apache.ratis.grpc.client.GrpcClientProtocolClient$AsyncStreamObservers.lambda$timeoutCheck$5(GrpcClientProtocolClient.java:374)
	at java.util.Optional.ifPresent(Optional.java:159)
	at org.apache.ratis.grpc.client.GrpcClientProtocolClient$AsyncStreamObservers.handleReplyFuture(GrpcClientProtocolClient.java:378)
	at org.apache.ratis.grpc.client.GrpcClientProtocolClient$AsyncStreamObservers.timeoutCheck(GrpcClientProtocolClient.java:373)
	at org.apache.ratis.grpc.client.GrpcClientProtocolClient$AsyncStreamObservers.lambda$onNext$1(GrpcClientProtocolClient.java:362)
	at org.apache.ratis.util.TimeoutTimer.lambda$onTimeout$2(TimeoutTimer.java:101)
	at org.apache.ratis.util.LogUtils.runAndLog(LogUtils.java:38)
	at org.apache.ratis.util.LogUtils$1.run(LogUtils.java:78)
	at org.apache.ratis.util.TimeoutTimer$Task.run(TimeoutTimer.java:55)
	at java.util.TimerThread.mainLoop(Timer.java:555)
	at java.util.TimerThread.run(Timer.java:505)
2024-01-25 07:58:00,411 [ForkJoinPool.commonPool-worker-2] TRACE client.RaftClient (RaftClientImpl.java:handleIOException(419)) - Stack trace
java.lang.Throwable: TRACE
	at org.apache.ratis.client.impl.RaftClientImpl.handleIOException(RaftClientImpl.java:419)
	at org.apache.ratis.client.impl.RaftClientImpl.handleIOException(RaftClientImpl.java:412)
	at org.apache.ratis.client.impl.UnorderedAsync.lambda$sendRequestWithRetry$4(UnorderedAsync.java:121)
	at java.util.concurrent.CompletableFuture.uniWhenComplete(CompletableFuture.java:774)
	at java.util.concurrent.CompletableFuture$UniWhenComplete.tryFire(CompletableFuture.java:750)
	at java.util.concurrent.CompletableFuture$Completion.exec(CompletableFuture.java:457)
	at java.util.concurrent.ForkJoinTask.doExec(ForkJoinTask.java:289)
	at java.util.concurrent.ForkJoinPool$WorkQueue.runTask(ForkJoinPool.java:1056)
	at java.util.concurrent.ForkJoinPool.runWorker(ForkJoinPool.java:1692)
	at java.util.concurrent.ForkJoinWorkerThread.run(ForkJoinWorkerThread.java:175)
2024-01-25 07:58:00,411 [ForkJoinPool.commonPool-worker-2] DEBUG client.RaftClient (RaftClientImpl.java:handleIOException(435)) - client-2312CCC7CA78: oldLeader=s0,  curLeader=s1, newLeader=null
2024-01-25 07:58:00,411 [ForkJoinPool.commonPool-worker-2] DEBUG impl.UnorderedAsync (UnorderedAsync.java:lambda$sendRequestWithRetry$4(132)) - schedule~ attempt #1 with sleep 100ms and policy RetryForeverWithSleep(sleepTime = 100ms) for RaftClientRequest:client-2312CCC7CA78->s0@group-796A68A19D2E, cid=84, seq=null, Watch-ALL_COMMITTED(28), null
2024-01-25 07:58:00,418 [ForkJoinPool.commonPool-worker-2] DEBUG impl.UnorderedAsync (UnorderedAsync.java:lambda$sendRequestWithRetry$4(83)) - client-2312CCC7CA78: attempt #1 receive~ null
2024-01-25 07:58:00,418 [ForkJoinPool.commonPool-worker-2] TRACE impl.UnorderedAsync (UnorderedAsync.java:lambda$sendRequestWithRetry$4(108)) - client-2312CCC7CA78: attempt #1 failed~ RaftClientRequest:client-2312CCC7CA78->s0@group-796A68A19D2E, cid=86, seq=null, Watch-ALL(29), null
org.apache.ratis.protocol.exceptions.TimeoutIOException: client-2312CCC7CA78->s0 request #86 timeout 10000ms
	at org.apache.ratis.grpc.client.GrpcClientProtocolClient$AsyncStreamObservers.lambda$timeoutCheck$5(GrpcClientProtocolClient.java:374)
	at java.util.Optional.ifPresent(Optional.java:159)
	at org.apache.ratis.grpc.client.GrpcClientProtocolClient$AsyncStreamObservers.handleReplyFuture(GrpcClientProtocolClient.java:378)
	at org.apache.ratis.grpc.client.GrpcClientProtocolClient$AsyncStreamObservers.timeoutCheck(GrpcClientProtocolClient.java:373)
	at org.apache.ratis.grpc.client.GrpcClientProtocolClient$AsyncStreamObservers.lambda$onNext$1(GrpcClientProtocolClient.java:362)
	at org.apache.ratis.util.TimeoutTimer.lambda$onTimeout$2(TimeoutTimer.java:101)
	at org.apache.ratis.util.LogUtils.runAndLog(LogUtils.java:38)
	at org.apache.ratis.util.LogUtils$1.run(LogUtils.java:78)
	at org.apache.ratis.util.TimeoutTimer$Task.run(TimeoutTimer.java:55)
	at java.util.TimerThread.mainLoop(Timer.java:555)
	at java.util.TimerThread.run(Timer.java:505)
2024-01-25 07:58:00,418 [ForkJoinPool.commonPool-worker-2] DEBUG client.RaftClient (RaftClientImpl.java:handleIOException(417)) - client-2312CCC7CA78: suggested new leader: null. Failed RaftClientRequest:client-2312CCC7CA78->s0@group-796A68A19D2E, cid=86, seq=null, Watch-ALL(29), null
org.apache.ratis.protocol.exceptions.TimeoutIOException: client-2312CCC7CA78->s0 request #86 timeout 10000ms
	at org.apache.ratis.grpc.client.GrpcClientProtocolClient$AsyncStreamObservers.lambda$timeoutCheck$5(GrpcClientProtocolClient.java:374)
	at java.util.Optional.ifPresent(Optional.java:159)
	at org.apache.ratis.grpc.client.GrpcClientProtocolClient$AsyncStreamObservers.handleReplyFuture(GrpcClientProtocolClient.java:378)
	at org.apache.ratis.grpc.client.GrpcClientProtocolClient$AsyncStreamObservers.timeoutCheck(GrpcClientProtocolClient.java:373)
	at org.apache.ratis.grpc.client.GrpcClientProtocolClient$AsyncStreamObservers.lambda$onNext$1(GrpcClientProtocolClient.java:362)
	at org.apache.ratis.util.TimeoutTimer.lambda$onTimeout$2(TimeoutTimer.java:101)
	at org.apache.ratis.util.LogUtils.runAndLog(LogUtils.java:38)
	at org.apache.ratis.util.LogUtils$1.run(LogUtils.java:78)
	at org.apache.ratis.util.TimeoutTimer$Task.run(TimeoutTimer.java:55)
	at java.util.TimerThread.mainLoop(Timer.java:555)
	at java.util.TimerThread.run(Timer.java:505)
2024-01-25 07:58:00,419 [ForkJoinPool.commonPool-worker-2] TRACE client.RaftClient (RaftClientImpl.java:handleIOException(419)) - Stack trace
java.lang.Throwable: TRACE
	at org.apache.ratis.client.impl.RaftClientImpl.handleIOException(RaftClientImpl.java:419)
	at org.apache.ratis.client.impl.RaftClientImpl.handleIOException(RaftClientImpl.java:412)
	at org.apache.ratis.client.impl.UnorderedAsync.lambda$sendRequestWithRetry$4(UnorderedAsync.java:121)
	at java.util.concurrent.CompletableFuture.uniWhenComplete(CompletableFuture.java:774)
	at java.util.concurrent.CompletableFuture$UniWhenComplete.tryFire(CompletableFuture.java:750)
	at java.util.concurrent.CompletableFuture$Completion.exec(CompletableFuture.java:457)
	at java.util.concurrent.ForkJoinTask.doExec(ForkJoinTask.java:289)
	at java.util.concurrent.ForkJoinPool$WorkQueue.runTask(ForkJoinPool.java:1056)
	at java.util.concurrent.ForkJoinPool.runWorker(ForkJoinPool.java:1692)
	at java.util.concurrent.ForkJoinWorkerThread.run(ForkJoinWorkerThread.java:175)
2024-01-25 07:58:00,419 [ForkJoinPool.commonPool-worker-2] DEBUG client.RaftClient (RaftClientImpl.java:handleIOException(435)) - client-2312CCC7CA78: oldLeader=s0,  curLeader=s1, newLeader=null
2024-01-25 07:58:00,419 [ForkJoinPool.commonPool-worker-2] DEBUG impl.UnorderedAsync (UnorderedAsync.java:lambda$sendRequestWithRetry$4(132)) - schedule~ attempt #1 with sleep 100ms and policy RetryForeverWithSleep(sleepTime = 100ms) for RaftClientRequest:client-2312CCC7CA78->s0@group-796A68A19D2E, cid=86, seq=null, Watch-ALL(29), null
2024-01-25 07:58:00,419 [ForkJoinPool.commonPool-worker-2] DEBUG impl.UnorderedAsync (UnorderedAsync.java:lambda$sendRequestWithRetry$4(83)) - client-2312CCC7CA78: attempt #1 receive~ null
2024-01-25 07:58:00,419 [ForkJoinPool.commonPool-worker-2] TRACE impl.UnorderedAsync (UnorderedAsync.java:lambda$sendRequestWithRetry$4(108)) - client-2312CCC7CA78: attempt #1 failed~ RaftClientRequest:client-2312CCC7CA78->s0@group-796A68A19D2E, cid=88, seq=null, Watch-ALL_COMMITTED(29), null
org.apache.ratis.protocol.exceptions.TimeoutIOException: client-2312CCC7CA78->s0 request #88 timeout 10000ms
	at org.apache.ratis.grpc.client.GrpcClientProtocolClient$AsyncStreamObservers.lambda$timeoutCheck$5(GrpcClientProtocolClient.java:374)
	at java.util.Optional.ifPresent(Optional.java:159)
	at org.apache.ratis.grpc.client.GrpcClientProtocolClient$AsyncStreamObservers.handleReplyFuture(GrpcClientProtocolClient.java:378)
	at org.apache.ratis.grpc.client.GrpcClientProtocolClient$AsyncStreamObservers.timeoutCheck(GrpcClientProtocolClient.java:373)
	at org.apache.ratis.grpc.client.GrpcClientProtocolClient$AsyncStreamObservers.lambda$onNext$1(GrpcClientProtocolClient.java:362)
	at org.apache.ratis.util.TimeoutTimer.lambda$onTimeout$2(TimeoutTimer.java:101)
	at org.apache.ratis.util.LogUtils.runAndLog(LogUtils.java:38)
	at org.apache.ratis.util.LogUtils$1.run(LogUtils.java:78)
	at org.apache.ratis.util.TimeoutTimer$Task.run(TimeoutTimer.java:55)
	at java.util.TimerThread.mainLoop(Timer.java:555)
	at java.util.TimerThread.run(Timer.java:505)
2024-01-25 07:58:00,420 [ForkJoinPool.commonPool-worker-2] DEBUG client.RaftClient (RaftClientImpl.java:handleIOException(417)) - client-2312CCC7CA78: suggested new leader: null. Failed RaftClientRequest:client-2312CCC7CA78->s0@group-796A68A19D2E, cid=88, seq=null, Watch-ALL_COMMITTED(29), null
org.apache.ratis.protocol.exceptions.TimeoutIOException: client-2312CCC7CA78->s0 request #88 timeout 10000ms
	at org.apache.ratis.grpc.client.GrpcClientProtocolClient$AsyncStreamObservers.lambda$timeoutCheck$5(GrpcClientProtocolClient.java:374)
	at java.util.Optional.ifPresent(Optional.java:159)
	at org.apache.ratis.grpc.client.GrpcClientProtocolClient$AsyncStreamObservers.handleReplyFuture(GrpcClientProtocolClient.java:378)
	at org.apache.ratis.grpc.client.GrpcClientProtocolClient$AsyncStreamObservers.timeoutCheck(GrpcClientProtocolClient.java:373)
	at org.apache.ratis.grpc.client.GrpcClientProtocolClient$AsyncStreamObservers.lambda$onNext$1(GrpcClientProtocolClient.java:362)
	at org.apache.ratis.util.TimeoutTimer.lambda$onTimeout$2(TimeoutTimer.java:101)
	at org.apache.ratis.util.LogUtils.runAndLog(LogUtils.java:38)
	at org.apache.ratis.util.LogUtils$1.run(LogUtils.java:78)
	at org.apache.ratis.util.TimeoutTimer$Task.run(TimeoutTimer.java:55)
	at java.util.TimerThread.mainLoop(Timer.java:555)
	at java.util.TimerThread.run(Timer.java:505)
2024-01-25 07:58:00,420 [ForkJoinPool.commonPool-worker-2] TRACE client.RaftClient (RaftClientImpl.java:handleIOException(419)) - Stack trace
java.lang.Throwable: TRACE
	at org.apache.ratis.client.impl.RaftClientImpl.handleIOException(RaftClientImpl.java:419)
	at org.apache.ratis.client.impl.RaftClientImpl.handleIOException(RaftClientImpl.java:412)
	at org.apache.ratis.client.impl.UnorderedAsync.lambda$sendRequestWithRetry$4(UnorderedAsync.java:121)
	at java.util.concurrent.CompletableFuture.uniWhenComplete(CompletableFuture.java:774)
	at java.util.concurrent.CompletableFuture$UniWhenComplete.tryFire(CompletableFuture.java:750)
	at java.util.concurrent.CompletableFuture$Completion.exec(CompletableFuture.java:457)
	at java.util.concurrent.ForkJoinTask.doExec(ForkJoinTask.java:289)
	at java.util.concurrent.ForkJoinPool$WorkQueue.runTask(ForkJoinPool.java:1056)
	at java.util.concurrent.ForkJoinPool.runWorker(ForkJoinPool.java:1692)
	at java.util.concurrent.ForkJoinWorkerThread.run(ForkJoinWorkerThread.java:175)
2024-01-25 07:58:00,420 [ForkJoinPool.commonPool-worker-2] DEBUG client.RaftClient (RaftClientImpl.java:handleIOException(435)) - client-2312CCC7CA78: oldLeader=s0,  curLeader=s1, newLeader=null
2024-01-25 07:58:00,420 [ForkJoinPool.commonPool-worker-2] DEBUG impl.UnorderedAsync (UnorderedAsync.java:lambda$sendRequestWithRetry$4(132)) - schedule~ attempt #1 with sleep 100ms and policy RetryForeverWithSleep(sleepTime = 100ms) for RaftClientRequest:client-2312CCC7CA78->s0@group-796A68A19D2E, cid=88, seq=null, Watch-ALL_COMMITTED(29), null
2024-01-25 07:58:00,504 [timer4] DEBUG client.RaftClient (RaftClientImpl.java:get(158)) - client-2312CCC7CA78: get 80 returns []
2024-01-25 07:58:00,504 [timer4] DEBUG client.RaftClient (RaftClientImpl.java:newRequest(95)) - attempt #3, newRequest RaftClientRequest:client-2312CCC7CA78->s1@group-796A68A19D2E, cid=80, seq=null, Watch-ALL_COMMITTED(26), null
2024-01-25 07:58:00,504 [timer4] DEBUG impl.UnorderedAsync (UnorderedAsync.java:sendRequestWithRetry(80)) - client-2312CCC7CA78: attempt #3 send~ RaftClientRequest:client-2312CCC7CA78->s1@group-796A68A19D2E, cid=80, seq=null, Watch-ALL_COMMITTED(26), null
2024-01-25 07:58:00,509 [s1-client-thread2] DEBUG server.RaftServer$Division (RaftServerImpl.java:submitClientRequestAsync(880)) - s1@group-796A68A19D2E: receive client request(RaftClientRequest:client-2312CCC7CA78->s1@group-796A68A19D2E, cid=80, seq=null, Watch-ALL_COMMITTED(26), Message:<EMPTY>)
2024-01-25 07:58:00,510 [null-request--thread1] INFO  server.GrpcClientProtocolService (GrpcClientProtocolService.java:lambda$processClientRequest$0(323)) - Failed RaftClientRequest:client-2312CCC7CA78->s1@group-796A68A19D2E, cid=80, seq=null, Watch-ALL_COMMITTED(26), Message:<EMPTY>, reply=RaftClientReply:client-2312CCC7CA78->s1@group-796A68A19D2E, cid=80, FAILED org.apache.ratis.protocol.exceptions.NotLeaderException: Server s1@group-796A68A19D2E is not the leader s0|localhost:15000, logIndex=0, commits[s1:c59, s0:c59, s2:c25]
2024-01-25 07:58:00,511 [timer2] DEBUG client.RaftClient (RaftClientImpl.java:get(158)) - client-2312CCC7CA78: get 84 returns []
2024-01-25 07:58:00,511 [timer2] DEBUG client.RaftClient (RaftClientImpl.java:newRequest(95)) - attempt #2, newRequest RaftClientRequest:client-2312CCC7CA78->s1@group-796A68A19D2E, cid=84, seq=null, Watch-ALL_COMMITTED(28), null
2024-01-25 07:58:00,511 [timer2] DEBUG impl.UnorderedAsync (UnorderedAsync.java:sendRequestWithRetry(80)) - client-2312CCC7CA78: attempt #2 send~ RaftClientRequest:client-2312CCC7CA78->s1@group-796A68A19D2E, cid=84, seq=null, Watch-ALL_COMMITTED(28), null
2024-01-25 07:58:00,512 [ForkJoinPool.commonPool-worker-2] DEBUG impl.UnorderedAsync (UnorderedAsync.java:lambda$sendRequestWithRetry$4(83)) - client-2312CCC7CA78: attempt #3 receive~ null
2024-01-25 07:58:00,512 [s1-client-thread2] DEBUG server.RaftServer$Division (RaftServerImpl.java:submitClientRequestAsync(880)) - s1@group-796A68A19D2E: receive client request(RaftClientRequest:client-2312CCC7CA78->s1@group-796A68A19D2E, cid=84, seq=null, Watch-ALL_COMMITTED(28), Message:<EMPTY>)
2024-01-25 07:58:00,512 [ForkJoinPool.commonPool-worker-2] TRACE impl.UnorderedAsync (UnorderedAsync.java:lambda$sendRequestWithRetry$4(108)) - client-2312CCC7CA78: attempt #3 failed~ RaftClientRequest:client-2312CCC7CA78->s1@group-796A68A19D2E, cid=80, seq=null, Watch-ALL_COMMITTED(26), null
org.apache.ratis.protocol.exceptions.NotLeaderException: Server s1@group-796A68A19D2E is not the leader s0|localhost:15000
	at org.apache.ratis.client.impl.ClientProtoUtils.toRaftClientReply(ClientProtoUtils.java:397)
	at org.apache.ratis.grpc.client.GrpcClientProtocolClient$AsyncStreamObservers$1.onNext(GrpcClientProtocolClient.java:310)
	at org.apache.ratis.grpc.client.GrpcClientProtocolClient$AsyncStreamObservers$1.onNext(GrpcClientProtocolClient.java:305)
	at org.apache.ratis.thirdparty.io.grpc.stub.ClientCalls$StreamObserverToCallListenerAdapter.onMessage(ClientCalls.java:468)
	at org.apache.ratis.thirdparty.io.grpc.ForwardingClientCallListener.onMessage(ForwardingClientCallListener.java:33)
	at org.apache.ratis.thirdparty.io.grpc.internal.DelayedClientCall$DelayedListener.onMessage(DelayedClientCall.java:473)
	at org.apache.ratis.thirdparty.io.grpc.internal.ClientCallImpl$ClientStreamListenerImpl$1MessagesAvailable.runInternal(ClientCallImpl.java:660)
	at org.apache.ratis.thirdparty.io.grpc.internal.ClientCallImpl$ClientStreamListenerImpl$1MessagesAvailable.runInContext(ClientCallImpl.java:647)
	at org.apache.ratis.thirdparty.io.grpc.internal.ContextRunnable.run(ContextRunnable.java:37)
	at org.apache.ratis.thirdparty.io.grpc.internal.SerializingExecutor.run(SerializingExecutor.java:133)
	at java.util.concurrent.ThreadPoolExecutor.runWorker(ThreadPoolExecutor.java:1149)
	at java.util.concurrent.ThreadPoolExecutor$Worker.run(ThreadPoolExecutor.java:624)
	at java.lang.Thread.run(Thread.java:750)
2024-01-25 07:58:00,512 [null-request--thread1] INFO  server.GrpcClientProtocolService (GrpcClientProtocolService.java:lambda$processClientRequest$0(323)) - Failed RaftClientRequest:client-2312CCC7CA78->s1@group-796A68A19D2E, cid=84, seq=null, Watch-ALL_COMMITTED(28), Message:<EMPTY>, reply=RaftClientReply:client-2312CCC7CA78->s1@group-796A68A19D2E, cid=84, FAILED org.apache.ratis.protocol.exceptions.NotLeaderException: Server s1@group-796A68A19D2E is not the leader s0|localhost:15000, logIndex=0, commits[s1:c59, s0:c59, s2:c25]
2024-01-25 07:58:00,512 [ForkJoinPool.commonPool-worker-3] DEBUG impl.UnorderedAsync (UnorderedAsync.java:lambda$sendRequestWithRetry$4(83)) - client-2312CCC7CA78: attempt #2 receive~ null
2024-01-25 07:58:00,512 [ForkJoinPool.commonPool-worker-2] DEBUG client.RaftClient (RaftClientImpl.java:handleIOException(417)) - client-2312CCC7CA78: suggested new leader: s0. Failed RaftClientRequest:client-2312CCC7CA78->s1@group-796A68A19D2E, cid=80, seq=null, Watch-ALL_COMMITTED(26), null
org.apache.ratis.protocol.exceptions.NotLeaderException: Server s1@group-796A68A19D2E is not the leader s0|localhost:15000
	at org.apache.ratis.client.impl.ClientProtoUtils.toRaftClientReply(ClientProtoUtils.java:397)
	at org.apache.ratis.grpc.client.GrpcClientProtocolClient$AsyncStreamObservers$1.onNext(GrpcClientProtocolClient.java:310)
	at org.apache.ratis.grpc.client.GrpcClientProtocolClient$AsyncStreamObservers$1.onNext(GrpcClientProtocolClient.java:305)
	at org.apache.ratis.thirdparty.io.grpc.stub.ClientCalls$StreamObserverToCallListenerAdapter.onMessage(ClientCalls.java:468)
	at org.apache.ratis.thirdparty.io.grpc.ForwardingClientCallListener.onMessage(ForwardingClientCallListener.java:33)
	at org.apache.ratis.thirdparty.io.grpc.internal.DelayedClientCall$DelayedListener.onMessage(DelayedClientCall.java:473)
	at org.apache.ratis.thirdparty.io.grpc.internal.ClientCallImpl$ClientStreamListenerImpl$1MessagesAvailable.runInternal(ClientCallImpl.java:660)
	at org.apache.ratis.thirdparty.io.grpc.internal.ClientCallImpl$ClientStreamListenerImpl$1MessagesAvailable.runInContext(ClientCallImpl.java:647)
	at org.apache.ratis.thirdparty.io.grpc.internal.ContextRunnable.run(ContextRunnable.java:37)
	at org.apache.ratis.thirdparty.io.grpc.internal.SerializingExecutor.run(SerializingExecutor.java:133)
	at java.util.concurrent.ThreadPoolExecutor.runWorker(ThreadPoolExecutor.java:1149)
	at java.util.concurrent.ThreadPoolExecutor$Worker.run(ThreadPoolExecutor.java:624)
	at java.lang.Thread.run(Thread.java:750)
2024-01-25 07:58:00,512 [ForkJoinPool.commonPool-worker-2] TRACE client.RaftClient (RaftClientImpl.java:handleIOException(419)) - Stack trace
java.lang.Throwable: TRACE
	at org.apache.ratis.client.impl.RaftClientImpl.handleIOException(RaftClientImpl.java:419)
	at org.apache.ratis.client.impl.RaftClientImpl.handleNotLeaderException(RaftClientImpl.java:399)
	at org.apache.ratis.client.impl.UnorderedAsync.lambda$sendRequestWithRetry$4(UnorderedAsync.java:116)
	at java.util.concurrent.CompletableFuture.uniWhenComplete(CompletableFuture.java:774)
	at java.util.concurrent.CompletableFuture$UniWhenComplete.tryFire(CompletableFuture.java:750)
	at java.util.concurrent.CompletableFuture$Completion.exec(CompletableFuture.java:457)
	at java.util.concurrent.ForkJoinTask.doExec(ForkJoinTask.java:289)
	at java.util.concurrent.ForkJoinPool$WorkQueue.runTask(ForkJoinPool.java:1056)
	at java.util.concurrent.ForkJoinPool.runWorker(ForkJoinPool.java:1692)
	at java.util.concurrent.ForkJoinWorkerThread.run(ForkJoinWorkerThread.java:175)
2024-01-25 07:58:00,512 [ForkJoinPool.commonPool-worker-3] TRACE impl.UnorderedAsync (UnorderedAsync.java:lambda$sendRequestWithRetry$4(108)) - client-2312CCC7CA78: attempt #2 failed~ RaftClientRequest:client-2312CCC7CA78->s1@group-796A68A19D2E, cid=84, seq=null, Watch-ALL_COMMITTED(28), null
org.apache.ratis.protocol.exceptions.NotLeaderException: Server s1@group-796A68A19D2E is not the leader s0|localhost:15000
	at org.apache.ratis.client.impl.ClientProtoUtils.toRaftClientReply(ClientProtoUtils.java:397)
	at org.apache.ratis.grpc.client.GrpcClientProtocolClient$AsyncStreamObservers$1.onNext(GrpcClientProtocolClient.java:310)
	at org.apache.ratis.grpc.client.GrpcClientProtocolClient$AsyncStreamObservers$1.onNext(GrpcClientProtocolClient.java:305)
	at org.apache.ratis.thirdparty.io.grpc.stub.ClientCalls$StreamObserverToCallListenerAdapter.onMessage(ClientCalls.java:468)
	at org.apache.ratis.thirdparty.io.grpc.ForwardingClientCallListener.onMessage(ForwardingClientCallListener.java:33)
	at org.apache.ratis.thirdparty.io.grpc.internal.DelayedClientCall$DelayedListener.onMessage(DelayedClientCall.java:473)
	at org.apache.ratis.thirdparty.io.grpc.internal.ClientCallImpl$ClientStreamListenerImpl$1MessagesAvailable.runInternal(ClientCallImpl.java:660)
	at org.apache.ratis.thirdparty.io.grpc.internal.ClientCallImpl$ClientStreamListenerImpl$1MessagesAvailable.runInContext(ClientCallImpl.java:647)
	at org.apache.ratis.thirdparty.io.grpc.internal.ContextRunnable.run(ContextRunnable.java:37)
	at org.apache.ratis.thirdparty.io.grpc.internal.SerializingExecutor.run(SerializingExecutor.java:133)
	at java.util.concurrent.ThreadPoolExecutor.runWorker(ThreadPoolExecutor.java:1149)
	at java.util.concurrent.ThreadPoolExecutor$Worker.run(ThreadPoolExecutor.java:624)
	at java.lang.Thread.run(Thread.java:750)
2024-01-25 07:58:00,513 [ForkJoinPool.commonPool-worker-2] DEBUG client.RaftClient (RaftClientImpl.java:handleIOException(435)) - client-2312CCC7CA78: oldLeader=s1,  curLeader=s1, newLeader=s0
2024-01-25 07:58:00,513 [ForkJoinPool.commonPool-worker-3] DEBUG client.RaftClient (RaftClientImpl.java:handleIOException(417)) - client-2312CCC7CA78: suggested new leader: s0. Failed RaftClientRequest:client-2312CCC7CA78->s1@group-796A68A19D2E, cid=84, seq=null, Watch-ALL_COMMITTED(28), null
org.apache.ratis.protocol.exceptions.NotLeaderException: Server s1@group-796A68A19D2E is not the leader s0|localhost:15000
	at org.apache.ratis.client.impl.ClientProtoUtils.toRaftClientReply(ClientProtoUtils.java:397)
	at org.apache.ratis.grpc.client.GrpcClientProtocolClient$AsyncStreamObservers$1.onNext(GrpcClientProtocolClient.java:310)
	at org.apache.ratis.grpc.client.GrpcClientProtocolClient$AsyncStreamObservers$1.onNext(GrpcClientProtocolClient.java:305)
	at org.apache.ratis.thirdparty.io.grpc.stub.ClientCalls$StreamObserverToCallListenerAdapter.onMessage(ClientCalls.java:468)
	at org.apache.ratis.thirdparty.io.grpc.ForwardingClientCallListener.onMessage(ForwardingClientCallListener.java:33)
	at org.apache.ratis.thirdparty.io.grpc.internal.DelayedClientCall$DelayedListener.onMessage(DelayedClientCall.java:473)
	at org.apache.ratis.thirdparty.io.grpc.internal.ClientCallImpl$ClientStreamListenerImpl$1MessagesAvailable.runInternal(ClientCallImpl.java:660)
	at org.apache.ratis.thirdparty.io.grpc.internal.ClientCallImpl$ClientStreamListenerImpl$1MessagesAvailable.runInContext(ClientCallImpl.java:647)
	at org.apache.ratis.thirdparty.io.grpc.internal.ContextRunnable.run(ContextRunnable.java:37)
	at org.apache.ratis.thirdparty.io.grpc.internal.SerializingExecutor.run(SerializingExecutor.java:133)
	at java.util.concurrent.ThreadPoolExecutor.runWorker(ThreadPoolExecutor.java:1149)
	at java.util.concurrent.ThreadPoolExecutor$Worker.run(ThreadPoolExecutor.java:624)
	at java.lang.Thread.run(Thread.java:750)
2024-01-25 07:58:00,513 [ForkJoinPool.commonPool-worker-2] DEBUG client.RaftClient (RaftClientImpl.java:handleIOException(441)) - client-2312CCC7CA78 changes Leader from s1 to s0 for group-796A68A19D2E
org.apache.ratis.protocol.exceptions.NotLeaderException: Server s1@group-796A68A19D2E is not the leader s0|localhost:15000
	at org.apache.ratis.client.impl.ClientProtoUtils.toRaftClientReply(ClientProtoUtils.java:397)
	at org.apache.ratis.grpc.client.GrpcClientProtocolClient$AsyncStreamObservers$1.onNext(GrpcClientProtocolClient.java:310)
	at org.apache.ratis.grpc.client.GrpcClientProtocolClient$AsyncStreamObservers$1.onNext(GrpcClientProtocolClient.java:305)
	at org.apache.ratis.thirdparty.io.grpc.stub.ClientCalls$StreamObserverToCallListenerAdapter.onMessage(ClientCalls.java:468)
	at org.apache.ratis.thirdparty.io.grpc.ForwardingClientCallListener.onMessage(ForwardingClientCallListener.java:33)
	at org.apache.ratis.thirdparty.io.grpc.internal.DelayedClientCall$DelayedListener.onMessage(DelayedClientCall.java:473)
	at org.apache.ratis.thirdparty.io.grpc.internal.ClientCallImpl$ClientStreamListenerImpl$1MessagesAvailable.runInternal(ClientCallImpl.java:660)
	at org.apache.ratis.thirdparty.io.grpc.internal.ClientCallImpl$ClientStreamListenerImpl$1MessagesAvailable.runInContext(ClientCallImpl.java:647)
	at org.apache.ratis.thirdparty.io.grpc.internal.ContextRunnable.run(ContextRunnable.java:37)
	at org.apache.ratis.thirdparty.io.grpc.internal.SerializingExecutor.run(SerializingExecutor.java:133)
	at java.util.concurrent.ThreadPoolExecutor.runWorker(ThreadPoolExecutor.java:1149)
	at java.util.concurrent.ThreadPoolExecutor$Worker.run(ThreadPoolExecutor.java:624)
	at java.lang.Thread.run(Thread.java:750)
2024-01-25 07:58:00,513 [ForkJoinPool.commonPool-worker-3] TRACE client.RaftClient (RaftClientImpl.java:handleIOException(419)) - Stack trace
java.lang.Throwable: TRACE
	at org.apache.ratis.client.impl.RaftClientImpl.handleIOException(RaftClientImpl.java:419)
	at org.apache.ratis.client.impl.RaftClientImpl.handleNotLeaderException(RaftClientImpl.java:399)
	at org.apache.ratis.client.impl.UnorderedAsync.lambda$sendRequestWithRetry$4(UnorderedAsync.java:116)
	at java.util.concurrent.CompletableFuture.uniWhenComplete(CompletableFuture.java:774)
	at java.util.concurrent.CompletableFuture$UniWhenComplete.tryFire(CompletableFuture.java:750)
	at java.util.concurrent.CompletableFuture$Completion.exec(CompletableFuture.java:457)
	at java.util.concurrent.ForkJoinTask.doExec(ForkJoinTask.java:289)
	at java.util.concurrent.ForkJoinPool$WorkQueue.runTask(ForkJoinPool.java:1056)
	at java.util.concurrent.ForkJoinPool.runWorker(ForkJoinPool.java:1692)
	at java.util.concurrent.ForkJoinWorkerThread.run(ForkJoinWorkerThread.java:175)
2024-01-25 07:58:00,513 [ForkJoinPool.commonPool-worker-3] DEBUG client.RaftClient (RaftClientImpl.java:handleIOException(435)) - client-2312CCC7CA78: oldLeader=s1,  curLeader=s0, newLeader=s0
2024-01-25 07:58:00,513 [ForkJoinPool.commonPool-worker-3] DEBUG impl.UnorderedAsync (UnorderedAsync.java:lambda$sendRequestWithRetry$4(132)) - schedule~ attempt #2 with sleep 0ns and policy RetryForeverWithSleep(sleepTime = 100ms) for RaftClientRequest:client-2312CCC7CA78->s1@group-796A68A19D2E, cid=84, seq=null, Watch-ALL_COMMITTED(28), null
2024-01-25 07:58:00,513 [timer6] DEBUG client.RaftClient (RaftClientImpl.java:get(158)) - client-2312CCC7CA78: get 84 returns []
2024-01-25 07:58:00,513 [timer6] DEBUG client.RaftClient (RaftClientImpl.java:newRequest(95)) - attempt #3, newRequest RaftClientRequest:client-2312CCC7CA78->s0@group-796A68A19D2E, cid=84, seq=null, Watch-ALL_COMMITTED(28), null
2024-01-25 07:58:00,514 [timer6] DEBUG impl.UnorderedAsync (UnorderedAsync.java:sendRequestWithRetry(80)) - client-2312CCC7CA78: attempt #3 send~ RaftClientRequest:client-2312CCC7CA78->s0@group-796A68A19D2E, cid=84, seq=null, Watch-ALL_COMMITTED(28), null
2024-01-25 07:58:00,516 [ForkJoinPool.commonPool-worker-2] DEBUG impl.UnorderedAsync (UnorderedAsync.java:lambda$sendRequestWithRetry$4(132)) - schedule~ attempt #3 with sleep 0ns and policy RetryForeverWithSleep(sleepTime = 100ms) for RaftClientRequest:client-2312CCC7CA78->s1@group-796A68A19D2E, cid=80, seq=null, Watch-ALL_COMMITTED(26), null
2024-01-25 07:58:00,516 [timer5] DEBUG client.RaftClient (RaftClientImpl.java:get(158)) - client-2312CCC7CA78: get 80 returns []
2024-01-25 07:58:00,516 [timer5] DEBUG client.RaftClient (RaftClientImpl.java:newRequest(95)) - attempt #4, newRequest RaftClientRequest:client-2312CCC7CA78->s0@group-796A68A19D2E, cid=80, seq=null, Watch-ALL_COMMITTED(26), null
2024-01-25 07:58:00,516 [timer5] DEBUG impl.UnorderedAsync (UnorderedAsync.java:sendRequestWithRetry(80)) - client-2312CCC7CA78: attempt #4 send~ RaftClientRequest:client-2312CCC7CA78->s0@group-796A68A19D2E, cid=80, seq=null, Watch-ALL_COMMITTED(26), null
2024-01-25 07:58:00,519 [timer2] DEBUG client.RaftClient (RaftClientImpl.java:get(158)) - client-2312CCC7CA78: get 86 returns []
2024-01-25 07:58:00,519 [timer2] DEBUG client.RaftClient (RaftClientImpl.java:newRequest(95)) - attempt #2, newRequest RaftClientRequest:client-2312CCC7CA78->s0@group-796A68A19D2E, cid=86, seq=null, Watch-ALL(29), null
2024-01-25 07:58:00,519 [timer2] DEBUG impl.UnorderedAsync (UnorderedAsync.java:sendRequestWithRetry(80)) - client-2312CCC7CA78: attempt #2 send~ RaftClientRequest:client-2312CCC7CA78->s0@group-796A68A19D2E, cid=86, seq=null, Watch-ALL(29), null
2024-01-25 07:58:00,520 [timer1] DEBUG client.RaftClient (RaftClientImpl.java:get(158)) - client-2312CCC7CA78: get 88 returns []
2024-01-25 07:58:00,520 [timer1] DEBUG client.RaftClient (RaftClientImpl.java:newRequest(95)) - attempt #2, newRequest RaftClientRequest:client-2312CCC7CA78->s0@group-796A68A19D2E, cid=88, seq=null, Watch-ALL_COMMITTED(29), null
2024-01-25 07:58:00,520 [timer1] DEBUG impl.UnorderedAsync (UnorderedAsync.java:sendRequestWithRetry(80)) - client-2312CCC7CA78: attempt #2 send~ RaftClientRequest:client-2312CCC7CA78->s0@group-796A68A19D2E, cid=88, seq=null, Watch-ALL_COMMITTED(29), null
2024-01-25 07:58:00,521 [s0-client-thread1] DEBUG server.RaftServer$Division (RaftServerImpl.java:submitClientRequestAsync(880)) - s0@group-796A68A19D2E: receive client request(RaftClientRequest:client-2312CCC7CA78->s0@group-796A68A19D2E, cid=84, seq=null, Watch-ALL_COMMITTED(28), Message:<EMPTY>)
2024-01-25 07:58:00,521 [s0-client-thread1] DEBUG server.RaftServer$Division (LeaderStateImpl.java:addWatchRequest(552)) - s0@group-796A68A19D2E-LeaderStateImpl: addWatchRequest RaftClientRequest:client-2312CCC7CA78->s0@group-796A68A19D2E, cid=84, seq=null, Watch-ALL_COMMITTED(28), Message:<EMPTY>
2024-01-25 07:58:00,521 [s0-client-thread1] DEBUG server.RaftServer$Division (RaftServerImpl.java:submitClientRequestAsync(880)) - s0@group-796A68A19D2E: receive client request(RaftClientRequest:client-2312CCC7CA78->s0@group-796A68A19D2E, cid=80, seq=null, Watch-ALL_COMMITTED(26), Message:<EMPTY>)
2024-01-25 07:58:00,521 [s0-client-thread1] DEBUG server.RaftServer$Division (LeaderStateImpl.java:addWatchRequest(552)) - s0@group-796A68A19D2E-LeaderStateImpl: addWatchRequest RaftClientRequest:client-2312CCC7CA78->s0@group-796A68A19D2E, cid=80, seq=null, Watch-ALL_COMMITTED(26), Message:<EMPTY>
2024-01-25 07:58:00,522 [s0-client-thread1] DEBUG server.RaftServer$Division (RaftServerImpl.java:submitClientRequestAsync(880)) - s0@group-796A68A19D2E: receive client request(RaftClientRequest:client-2312CCC7CA78->s0@group-796A68A19D2E, cid=86, seq=null, Watch-ALL(29), Message:<EMPTY>)
2024-01-25 07:58:00,522 [s0-client-thread1] DEBUG server.RaftServer$Division (LeaderStateImpl.java:addWatchRequest(552)) - s0@group-796A68A19D2E-LeaderStateImpl: addWatchRequest RaftClientRequest:client-2312CCC7CA78->s0@group-796A68A19D2E, cid=86, seq=null, Watch-ALL(29), Message:<EMPTY>
2024-01-25 07:58:00,522 [s0-client-thread1] DEBUG server.RaftServer$Division (RaftServerImpl.java:submitClientRequestAsync(880)) - s0@group-796A68A19D2E: receive client request(RaftClientRequest:client-2312CCC7CA78->s0@group-796A68A19D2E, cid=88, seq=null, Watch-ALL_COMMITTED(29), Message:<EMPTY>)
2024-01-25 07:58:00,522 [s0-client-thread1] DEBUG server.RaftServer$Division (LeaderStateImpl.java:addWatchRequest(552)) - s0@group-796A68A19D2E-LeaderStateImpl: addWatchRequest RaftClientRequest:client-2312CCC7CA78->s0@group-796A68A19D2E, cid=88, seq=null, Watch-ALL_COMMITTED(29), Message:<EMPTY>
2024-01-25 07:58:00,576 [timer6] DEBUG impl.WatchRequests (WatchRequests.java:handleTimeout(131)) - s0@group-796A68A19D2E-WatchRequests: timeout Watch-ALL(29)@18.239s?java.util.concurrent.CompletionException: org.apache.ratis.protocol.exceptions.NotReplicatedException: Request with call Id 86 and log index 29 is not yet replicated to ALL, RaftClientRequest:client-2312CCC7CA78->s0@group-796A68A19D2E, cid=86, seq=null, Watch-ALL(29), Message:<EMPTY>
2024-01-25 07:58:00,576 [null-request--thread1] INFO  server.GrpcClientProtocolService (GrpcClientProtocolService.java:lambda$processClientRequest$0(323)) - Failed RaftClientRequest:client-2312CCC7CA78->s0@group-796A68A19D2E, cid=86, seq=null, Watch-ALL(29), Message:<EMPTY>, reply=RaftClientReply:client-2312CCC7CA78->s0@group-796A68A19D2E, cid=86, FAILED org.apache.ratis.protocol.exceptions.NotReplicatedException: Request with call Id 86 and log index 29 is not yet replicated to ALL, logIndex=29, commits[s0:c59, s1:c59, s2:c25]
2024-01-25 07:58:00,576 [timer0] DEBUG impl.WatchRequests (WatchRequests.java:handleTimeout(131)) - s0@group-796A68A19D2E-WatchRequests: timeout Watch-ALL_COMMITTED(29)@18.239s?java.util.concurrent.CompletionException: org.apache.ratis.protocol.exceptions.NotReplicatedException: Request with call Id 88 and log index 29 is not yet replicated to ALL_COMMITTED, RaftClientRequest:client-2312CCC7CA78->s0@group-796A68A19D2E, cid=88, seq=null, Watch-ALL_COMMITTED(29), Message:<EMPTY>
2024-01-25 07:58:00,576 [timer4] DEBUG impl.WatchRequests (WatchRequests.java:handleTimeout(131)) - s0@group-796A68A19D2E-WatchRequests: timeout Watch-ALL(28)@18.239s?java.util.concurrent.CompletionException: org.apache.ratis.protocol.exceptions.NotReplicatedException: Request with call Id 82 and log index 28 is not yet replicated to ALL, RaftClientRequest:client-2312CCC7CA78->s0@group-796A68A19D2E, cid=82, seq=null, Watch-ALL(28), Message:<EMPTY>
2024-01-25 07:58:00,576 [timer0] DEBUG impl.WatchRequests (WatchRequests.java:handleTimeout(131)) - s0@group-796A68A19D2E-WatchRequests: timeout Watch-ALL(26)@18.239s?java.util.concurrent.CompletionException: org.apache.ratis.protocol.exceptions.NotReplicatedException: Request with call Id 78 and log index 26 is not yet replicated to ALL, RaftClientRequest:client-2312CCC7CA78->s0@group-796A68A19D2E, cid=78, seq=null, Watch-ALL(26), Message:<EMPTY>
2024-01-25 07:58:00,576 [timer5] DEBUG impl.WatchRequests (WatchRequests.java:handleTimeout(131)) - s0@group-796A68A19D2E-WatchRequests: timeout Watch-ALL_COMMITTED(28)@18.239s?java.util.concurrent.CompletionException: org.apache.ratis.protocol.exceptions.NotReplicatedException: Request with call Id 84 and log index 28 is not yet replicated to ALL_COMMITTED, RaftClientRequest:client-2312CCC7CA78->s0@group-796A68A19D2E, cid=84, seq=null, Watch-ALL_COMMITTED(28), Message:<EMPTY>
2024-01-25 07:58:00,576 [null-request--thread1] INFO  server.GrpcClientProtocolService (GrpcClientProtocolService.java:lambda$processClientRequest$0(323)) - Failed RaftClientRequest:client-2312CCC7CA78->s0@group-796A68A19D2E, cid=88, seq=null, Watch-ALL_COMMITTED(29), Message:<EMPTY>, reply=RaftClientReply:client-2312CCC7CA78->s0@group-796A68A19D2E, cid=88, FAILED org.apache.ratis.protocol.exceptions.NotReplicatedException: Request with call Id 88 and log index 29 is not yet replicated to ALL_COMMITTED, logIndex=29, commits[s0:c59, s1:c59, s2:c25]
2024-01-25 07:58:00,577 [timer1] DEBUG impl.WatchRequests (WatchRequests.java:handleTimeout(131)) - s0@group-796A68A19D2E-WatchRequests: timeout Watch-ALL_COMMITTED(26)@18.239s?java.util.concurrent.CompletionException: org.apache.ratis.protocol.exceptions.NotReplicatedException: Request with call Id 80 and log index 26 is not yet replicated to ALL_COMMITTED, RaftClientRequest:client-2312CCC7CA78->s0@group-796A68A19D2E, cid=80, seq=null, Watch-ALL_COMMITTED(26), Message:<EMPTY>
2024-01-25 07:58:00,577 [null-request--thread1] INFO  server.GrpcClientProtocolService (GrpcClientProtocolService.java:lambda$processClientRequest$0(323)) - Failed RaftClientRequest:client-2312CCC7CA78->s0@group-796A68A19D2E, cid=82, seq=null, Watch-ALL(28), Message:<EMPTY>, reply=RaftClientReply:client-2312CCC7CA78->s0@group-796A68A19D2E, cid=82, FAILED org.apache.ratis.protocol.exceptions.NotReplicatedException: Request with call Id 82 and log index 28 is not yet replicated to ALL, logIndex=28, commits[s0:c59, s1:c59, s2:c25]
2024-01-25 07:58:00,577 [null-request--thread1] INFO  server.GrpcClientProtocolService (GrpcClientProtocolService.java:lambda$processClientRequest$0(323)) - Failed RaftClientRequest:client-2312CCC7CA78->s0@group-796A68A19D2E, cid=78, seq=null, Watch-ALL(26), Message:<EMPTY>, reply=RaftClientReply:client-2312CCC7CA78->s0@group-796A68A19D2E, cid=78, FAILED org.apache.ratis.protocol.exceptions.NotReplicatedException: Request with call Id 78 and log index 26 is not yet replicated to ALL, logIndex=26, commits[s0:c59, s1:c59, s2:c25]
2024-01-25 07:58:00,577 [null-request--thread1] INFO  server.GrpcClientProtocolService (GrpcClientProtocolService.java:lambda$processClientRequest$0(323)) - Failed RaftClientRequest:client-2312CCC7CA78->s0@group-796A68A19D2E, cid=84, seq=null, Watch-ALL_COMMITTED(28), Message:<EMPTY>, reply=RaftClientReply:client-2312CCC7CA78->s0@group-796A68A19D2E, cid=84, FAILED org.apache.ratis.protocol.exceptions.NotReplicatedException: Request with call Id 84 and log index 28 is not yet replicated to ALL_COMMITTED, logIndex=28, commits[s0:c59, s1:c59, s2:c25]
2024-01-25 07:58:00,577 [null-request--thread1] INFO  server.GrpcClientProtocolService (GrpcClientProtocolService.java:lambda$processClientRequest$0(323)) - Failed RaftClientRequest:client-2312CCC7CA78->s0@group-796A68A19D2E, cid=80, seq=null, Watch-ALL_COMMITTED(26), Message:<EMPTY>, reply=RaftClientReply:client-2312CCC7CA78->s0@group-796A68A19D2E, cid=80, FAILED org.apache.ratis.protocol.exceptions.NotReplicatedException: Request with call Id 80 and log index 26 is not yet replicated to ALL_COMMITTED, logIndex=26, commits[s0:c59, s1:c59, s2:c25]
2024-01-25 07:58:00,578 [ForkJoinPool.commonPool-worker-2] DEBUG impl.UnorderedAsync (UnorderedAsync.java:lambda$sendRequestWithRetry$4(83)) - client-2312CCC7CA78: attempt #1 receive~ RaftClientReply:client-2312CCC7CA78->s0@group-796A68A19D2E, cid=82, FAILED org.apache.ratis.protocol.exceptions.NotReplicatedException: Request with call Id 82 and log index 28 is not yet replicated to ALL, logIndex=28, commits[s0:c59, s1:c59, s2:c25]
2024-01-25 07:58:02,446 [timer3] WARN  grpc.GrpcUtil (GrpcUtil.java:shutdownManagedChannel(237)) - Timed out gracefully shutting down connection: ManagedChannelOrphanWrapper{delegate=ManagedChannelImpl{logId=186, target=localhost:15002}}. 
2024-01-25 07:58:02,449 [timer3] ERROR impl.OrderedAsync (OrderedAsync.java:lambda$sendRequestWithRetry$6(207)) - client-2312CCC7CA78: Failed* RaftClientRequest:client-2312CCC7CA78->s0@group-796A68A19D2E, cid=76, seq=32, RW, m19
java.util.concurrent.CompletionException: org.apache.ratis.protocol.exceptions.AlreadyClosedException: client-2312CCC7CA78->s0: Stream close: no reply for async request cid=76
	at java.util.concurrent.CompletableFuture.encodeThrowable(CompletableFuture.java:292)
	at java.util.concurrent.CompletableFuture.completeThrowable(CompletableFuture.java:308)
	at java.util.concurrent.CompletableFuture.uniAccept(CompletableFuture.java:661)
	at java.util.concurrent.CompletableFuture$UniAccept.tryFire(CompletableFuture.java:646)
	at java.util.concurrent.CompletableFuture.postComplete(CompletableFuture.java:488)
	at java.util.concurrent.CompletableFuture.completeExceptionally(CompletableFuture.java:1990)
	at org.apache.ratis.grpc.client.GrpcClientProtocolClient$AsyncStreamObservers.completeReplyExceptionally(GrpcClientProtocolClient.java:394)
	at org.apache.ratis.grpc.client.GrpcClientProtocolClient$AsyncStreamObservers.close(GrpcClientProtocolClient.java:383)
	at org.apache.ratis.grpc.client.GrpcClientProtocolClient$AsyncStreamObservers.access$500(GrpcClientProtocolClient.java:300)
	at org.apache.ratis.grpc.client.GrpcClientProtocolClient.lambda$close$3(GrpcClientProtocolClient.java:160)
	at java.util.Optional.ifPresent(Optional.java:159)
	at org.apache.ratis.grpc.client.GrpcClientProtocolClient.close(GrpcClientProtocolClient.java:160)
	at org.apache.ratis.util.PeerProxyMap.closeProxy(PeerProxyMap.java:197)
	at org.apache.ratis.util.PeerProxyMap.lambda$resetProxy$2(PeerProxyMap.java:158)
	at java.util.Optional.map(Optional.java:215)
	at org.apache.ratis.util.PeerProxyMap.resetProxy(PeerProxyMap.java:158)
	at org.apache.ratis.util.PeerProxyMap.handleException(PeerProxyMap.java:165)
	at org.apache.ratis.client.impl.RaftClientRpcWithProxy.handleException(RaftClientRpcWithProxy.java:48)
	at org.apache.ratis.client.impl.RaftClientImpl.handleIOException(RaftClientImpl.java:445)
	at org.apache.ratis.client.impl.OrderedAsync.handleException(OrderedAsync.java:237)
	at org.apache.ratis.client.impl.OrderedAsync.lambda$sendRequestWithRetry$6(OrderedAsync.java:208)
	at java.util.concurrent.CompletableFuture.uniExceptionally(CompletableFuture.java:884)
	at java.util.concurrent.CompletableFuture$UniExceptionally.tryFire(CompletableFuture.java:866)
	at java.util.concurrent.CompletableFuture.postComplete(CompletableFuture.java:488)
	at java.util.concurrent.CompletableFuture.completeExceptionally(CompletableFuture.java:1990)
	at org.apache.ratis.grpc.client.GrpcClientProtocolClient$AsyncStreamObservers.lambda$timeoutCheck$5(GrpcClientProtocolClient.java:373)
	at java.util.Optional.ifPresent(Optional.java:159)
	at org.apache.ratis.grpc.client.GrpcClientProtocolClient$AsyncStreamObservers.handleReplyFuture(GrpcClientProtocolClient.java:378)
	at org.apache.ratis.grpc.client.GrpcClientProtocolClient$AsyncStreamObservers.timeoutCheck(GrpcClientProtocolClient.java:373)
	at org.apache.ratis.grpc.client.GrpcClientProtocolClient$AsyncStreamObservers.lambda$onNext$3(GrpcClientProtocolClient.java:366)
	at org.apache.ratis.util.TimeoutTimer.lambda$onTimeout$2(TimeoutTimer.java:101)
	at org.apache.ratis.util.LogUtils.runAndLog(LogUtils.java:38)
	at org.apache.ratis.util.LogUtils$1.run(LogUtils.java:78)
	at org.apache.ratis.util.TimeoutTimer$Task.run(TimeoutTimer.java:55)
	at java.util.TimerThread.mainLoop(Timer.java:555)
	at java.util.TimerThread.run(Timer.java:505)
Caused by: org.apache.ratis.protocol.exceptions.AlreadyClosedException: client-2312CCC7CA78->s0: Stream close: no reply for async request cid=76
	at org.apache.ratis.grpc.client.GrpcClientProtocolClient$AsyncStreamObservers.completeReplyExceptionally(GrpcClientProtocolClient.java:396)
	... 29 more
2024-01-25 07:58:02,449 [timer3] DEBUG client.RaftClient (RaftClientImpl.java:handleIOException(417)) - client-2312CCC7CA78: suggested new leader: null. Failed RaftClientRequest:client-2312CCC7CA78->s0@group-796A68A19D2E, cid=76, seq=32, RW, m19
org.apache.ratis.protocol.exceptions.AlreadyClosedException: client-2312CCC7CA78->s0: Stream close: no reply for async request cid=76
	at org.apache.ratis.grpc.client.GrpcClientProtocolClient$AsyncStreamObservers.completeReplyExceptionally(GrpcClientProtocolClient.java:396)
	at org.apache.ratis.grpc.client.GrpcClientProtocolClient$AsyncStreamObservers.close(GrpcClientProtocolClient.java:383)
	at org.apache.ratis.grpc.client.GrpcClientProtocolClient$AsyncStreamObservers.access$500(GrpcClientProtocolClient.java:300)
	at org.apache.ratis.grpc.client.GrpcClientProtocolClient.lambda$close$3(GrpcClientProtocolClient.java:160)
	at java.util.Optional.ifPresent(Optional.java:159)
	at org.apache.ratis.grpc.client.GrpcClientProtocolClient.close(GrpcClientProtocolClient.java:160)
	at org.apache.ratis.util.PeerProxyMap.closeProxy(PeerProxyMap.java:197)
	at org.apache.ratis.util.PeerProxyMap.lambda$resetProxy$2(PeerProxyMap.java:158)
	at java.util.Optional.map(Optional.java:215)
	at org.apache.ratis.util.PeerProxyMap.resetProxy(PeerProxyMap.java:158)
	at org.apache.ratis.util.PeerProxyMap.handleException(PeerProxyMap.java:165)
	at org.apache.ratis.client.impl.RaftClientRpcWithProxy.handleException(RaftClientRpcWithProxy.java:48)
	at org.apache.ratis.client.impl.RaftClientImpl.handleIOException(RaftClientImpl.java:445)
	at org.apache.ratis.client.impl.OrderedAsync.handleException(OrderedAsync.java:237)
	at org.apache.ratis.client.impl.OrderedAsync.lambda$sendRequestWithRetry$6(OrderedAsync.java:208)
	at java.util.concurrent.CompletableFuture.uniExceptionally(CompletableFuture.java:884)
	at java.util.concurrent.CompletableFuture$UniExceptionally.tryFire(CompletableFuture.java:866)
	at java.util.concurrent.CompletableFuture.postComplete(CompletableFuture.java:488)
	at java.util.concurrent.CompletableFuture.completeExceptionally(CompletableFuture.java:1990)
	at org.apache.ratis.grpc.client.GrpcClientProtocolClient$AsyncStreamObservers.lambda$timeoutCheck$5(GrpcClientProtocolClient.java:373)
	at java.util.Optional.ifPresent(Optional.java:159)
	at org.apache.ratis.grpc.client.GrpcClientProtocolClient$AsyncStreamObservers.handleReplyFuture(GrpcClientProtocolClient.java:378)
	at org.apache.ratis.grpc.client.GrpcClientProtocolClient$AsyncStreamObservers.timeoutCheck(GrpcClientProtocolClient.java:373)
	at org.apache.ratis.grpc.client.GrpcClientProtocolClient$AsyncStreamObservers.lambda$onNext$3(GrpcClientProtocolClient.java:366)
	at org.apache.ratis.util.TimeoutTimer.lambda$onTimeout$2(TimeoutTimer.java:101)
	at org.apache.ratis.util.LogUtils.runAndLog(LogUtils.java:38)
	at org.apache.ratis.util.LogUtils$1.run(LogUtils.java:78)
	at org.apache.ratis.util.TimeoutTimer$Task.run(TimeoutTimer.java:55)
	at java.util.TimerThread.mainLoop(Timer.java:555)
	at java.util.TimerThread.run(Timer.java:505)
2024-01-25 07:58:02,449 [timer3] TRACE client.RaftClient (RaftClientImpl.java:handleIOException(419)) - Stack trace
java.lang.Throwable: TRACE
	at org.apache.ratis.client.impl.RaftClientImpl.handleIOException(RaftClientImpl.java:419)
	at org.apache.ratis.client.impl.OrderedAsync.handleException(OrderedAsync.java:237)
	at org.apache.ratis.client.impl.OrderedAsync.lambda$sendRequestWithRetry$6(OrderedAsync.java:208)
	at java.util.concurrent.CompletableFuture.uniExceptionally(CompletableFuture.java:884)
	at java.util.concurrent.CompletableFuture$UniExceptionally.tryFire(CompletableFuture.java:866)
	at java.util.concurrent.CompletableFuture.postComplete(CompletableFuture.java:488)
	at java.util.concurrent.CompletableFuture.completeExceptionally(CompletableFuture.java:1990)
	at org.apache.ratis.grpc.client.GrpcClientProtocolClient$AsyncStreamObservers.completeReplyExceptionally(GrpcClientProtocolClient.java:394)
	at org.apache.ratis.grpc.client.GrpcClientProtocolClient$AsyncStreamObservers.close(GrpcClientProtocolClient.java:383)
	at org.apache.ratis.grpc.client.GrpcClientProtocolClient$AsyncStreamObservers.access$500(GrpcClientProtocolClient.java:300)
	at org.apache.ratis.grpc.client.GrpcClientProtocolClient.lambda$close$3(GrpcClientProtocolClient.java:160)
	at java.util.Optional.ifPresent(Optional.java:159)
	at org.apache.ratis.grpc.client.GrpcClientProtocolClient.close(GrpcClientProtocolClient.java:160)
	at org.apache.ratis.util.PeerProxyMap.closeProxy(PeerProxyMap.java:197)
	at org.apache.ratis.util.PeerProxyMap.lambda$resetProxy$2(PeerProxyMap.java:158)
	at java.util.Optional.map(Optional.java:215)
	at org.apache.ratis.util.PeerProxyMap.resetProxy(PeerProxyMap.java:158)
	at org.apache.ratis.util.PeerProxyMap.handleException(PeerProxyMap.java:165)
	at org.apache.ratis.client.impl.RaftClientRpcWithProxy.handleException(RaftClientRpcWithProxy.java:48)
	at org.apache.ratis.client.impl.RaftClientImpl.handleIOException(RaftClientImpl.java:445)
	at org.apache.ratis.client.impl.OrderedAsync.handleException(OrderedAsync.java:237)
	at org.apache.ratis.client.impl.OrderedAsync.lambda$sendRequestWithRetry$6(OrderedAsync.java:208)
	at java.util.concurrent.CompletableFuture.uniExceptionally(CompletableFuture.java:884)
	at java.util.concurrent.CompletableFuture$UniExceptionally.tryFire(CompletableFuture.java:866)
	at java.util.concurrent.CompletableFuture.postComplete(CompletableFuture.java:488)
	at java.util.concurrent.CompletableFuture.completeExceptionally(CompletableFuture.java:1990)
	at org.apache.ratis.grpc.client.GrpcClientProtocolClient$AsyncStreamObservers.lambda$timeoutCheck$5(GrpcClientProtocolClient.java:373)
	at java.util.Optional.ifPresent(Optional.java:159)
	at org.apache.ratis.grpc.client.GrpcClientProtocolClient$AsyncStreamObservers.handleReplyFuture(GrpcClientProtocolClient.java:378)
	at org.apache.ratis.grpc.client.GrpcClientProtocolClient$AsyncStreamObservers.timeoutCheck(GrpcClientProtocolClient.java:373)
	at org.apache.ratis.grpc.client.GrpcClientProtocolClient$AsyncStreamObservers.lambda$onNext$3(GrpcClientProtocolClient.java:366)
	at org.apache.ratis.util.TimeoutTimer.lambda$onTimeout$2(TimeoutTimer.java:101)
	at org.apache.ratis.util.LogUtils.runAndLog(LogUtils.java:38)
	at org.apache.ratis.util.LogUtils$1.run(LogUtils.java:78)
	at org.apache.ratis.util.TimeoutTimer$Task.run(TimeoutTimer.java:55)
	at java.util.TimerThread.mainLoop(Timer.java:555)
	at java.util.TimerThread.run(Timer.java:505)
2024-01-25 07:58:02,449 [timer3] DEBUG client.RaftClient (RaftClientImpl.java:handleIOException(435)) - client-2312CCC7CA78: oldLeader=s0,  curLeader=s0, newLeader=s2
2024-01-25 07:58:02,450 [timer3] DEBUG client.RaftClient (RaftClientImpl.java:handleIOException(441)) - client-2312CCC7CA78 changes Leader from s0 to s2 for group-796A68A19D2E
org.apache.ratis.protocol.exceptions.AlreadyClosedException: client-2312CCC7CA78->s0: Stream close: no reply for async request cid=76
	at org.apache.ratis.grpc.client.GrpcClientProtocolClient$AsyncStreamObservers.completeReplyExceptionally(GrpcClientProtocolClient.java:396)
	at org.apache.ratis.grpc.client.GrpcClientProtocolClient$AsyncStreamObservers.close(GrpcClientProtocolClient.java:383)
	at org.apache.ratis.grpc.client.GrpcClientProtocolClient$AsyncStreamObservers.access$500(GrpcClientProtocolClient.java:300)
	at org.apache.ratis.grpc.client.GrpcClientProtocolClient.lambda$close$3(GrpcClientProtocolClient.java:160)
	at java.util.Optional.ifPresent(Optional.java:159)
	at org.apache.ratis.grpc.client.GrpcClientProtocolClient.close(GrpcClientProtocolClient.java:160)
	at org.apache.ratis.util.PeerProxyMap.closeProxy(PeerProxyMap.java:197)
	at org.apache.ratis.util.PeerProxyMap.lambda$resetProxy$2(PeerProxyMap.java:158)
	at java.util.Optional.map(Optional.java:215)
	at org.apache.ratis.util.PeerProxyMap.resetProxy(PeerProxyMap.java:158)
	at org.apache.ratis.util.PeerProxyMap.handleException(PeerProxyMap.java:165)
	at org.apache.ratis.client.impl.RaftClientRpcWithProxy.handleException(RaftClientRpcWithProxy.java:48)
	at org.apache.ratis.client.impl.RaftClientImpl.handleIOException(RaftClientImpl.java:445)
	at org.apache.ratis.client.impl.OrderedAsync.handleException(OrderedAsync.java:237)
	at org.apache.ratis.client.impl.OrderedAsync.lambda$sendRequestWithRetry$6(OrderedAsync.java:208)
	at java.util.concurrent.CompletableFuture.uniExceptionally(CompletableFuture.java:884)
	at java.util.concurrent.CompletableFuture$UniExceptionally.tryFire(CompletableFuture.java:866)
	at java.util.concurrent.CompletableFuture.postComplete(CompletableFuture.java:488)
	at java.util.concurrent.CompletableFuture.completeExceptionally(CompletableFuture.java:1990)
	at org.apache.ratis.grpc.client.GrpcClientProtocolClient$AsyncStreamObservers.lambda$timeoutCheck$5(GrpcClientProtocolClient.java:373)
	at java.util.Optional.ifPresent(Optional.java:159)
	at org.apache.ratis.grpc.client.GrpcClientProtocolClient$AsyncStreamObservers.handleReplyFuture(GrpcClientProtocolClient.java:378)
	at org.apache.ratis.grpc.client.GrpcClientProtocolClient$AsyncStreamObservers.timeoutCheck(GrpcClientProtocolClient.java:373)
	at org.apache.ratis.grpc.client.GrpcClientProtocolClient$AsyncStreamObservers.lambda$onNext$3(GrpcClientProtocolClient.java:366)
	at org.apache.ratis.util.TimeoutTimer.lambda$onTimeout$2(TimeoutTimer.java:101)
	at org.apache.ratis.util.LogUtils.runAndLog(LogUtils.java:38)
	at org.apache.ratis.util.LogUtils$1.run(LogUtils.java:78)
	at org.apache.ratis.util.TimeoutTimer$Task.run(TimeoutTimer.java:55)
	at java.util.TimerThread.mainLoop(Timer.java:555)
	at java.util.TimerThread.run(Timer.java:505)
2024-01-25 07:58:02,450 [ForkJoinPool.commonPool-worker-2] DEBUG impl.UnorderedAsync (UnorderedAsync.java:lambda$sendRequestWithRetry$4(83)) - client-2312CCC7CA78: attempt #4 receive~ null
2024-01-25 07:58:02,450 [ForkJoinPool.commonPool-worker-2] TRACE impl.UnorderedAsync (UnorderedAsync.java:lambda$sendRequestWithRetry$4(108)) - client-2312CCC7CA78: attempt #4 failed~ RaftClientRequest:client-2312CCC7CA78->s0@group-796A68A19D2E, cid=80, seq=null, Watch-ALL_COMMITTED(26), null
org.apache.ratis.protocol.exceptions.AlreadyClosedException: client-2312CCC7CA78->s0: Stream close: no reply for async request cid=80
	at org.apache.ratis.grpc.client.GrpcClientProtocolClient$AsyncStreamObservers.completeReplyExceptionally(GrpcClientProtocolClient.java:396)
	at org.apache.ratis.grpc.client.GrpcClientProtocolClient$AsyncStreamObservers.close(GrpcClientProtocolClient.java:383)
	at org.apache.ratis.grpc.client.GrpcClientProtocolClient$AsyncStreamObservers.access$500(GrpcClientProtocolClient.java:300)
	at org.apache.ratis.grpc.client.GrpcClientProtocolClient.lambda$close$4(GrpcClientProtocolClient.java:161)
	at java.util.Optional.ifPresent(Optional.java:159)
	at org.apache.ratis.grpc.client.GrpcClientProtocolClient.close(GrpcClientProtocolClient.java:161)
	at org.apache.ratis.util.PeerProxyMap.closeProxy(PeerProxyMap.java:197)
	at org.apache.ratis.util.PeerProxyMap.lambda$resetProxy$2(PeerProxyMap.java:158)
	at java.util.Optional.map(Optional.java:215)
	at org.apache.ratis.util.PeerProxyMap.resetProxy(PeerProxyMap.java:158)
	at org.apache.ratis.util.PeerProxyMap.handleException(PeerProxyMap.java:165)
	at org.apache.ratis.client.impl.RaftClientRpcWithProxy.handleException(RaftClientRpcWithProxy.java:48)
	at org.apache.ratis.client.impl.RaftClientImpl.handleIOException(RaftClientImpl.java:445)
	at org.apache.ratis.client.impl.OrderedAsync.handleException(OrderedAsync.java:237)
	at org.apache.ratis.client.impl.OrderedAsync.lambda$sendRequestWithRetry$6(OrderedAsync.java:208)
	at java.util.concurrent.CompletableFuture.uniExceptionally(CompletableFuture.java:884)
	at java.util.concurrent.CompletableFuture$UniExceptionally.tryFire(CompletableFuture.java:866)
	at java.util.concurrent.CompletableFuture.postComplete(CompletableFuture.java:488)
	at java.util.concurrent.CompletableFuture.completeExceptionally(CompletableFuture.java:1990)
	at org.apache.ratis.grpc.client.GrpcClientProtocolClient$AsyncStreamObservers.completeReplyExceptionally(GrpcClientProtocolClient.java:394)
	at org.apache.ratis.grpc.client.GrpcClientProtocolClient$AsyncStreamObservers.close(GrpcClientProtocolClient.java:383)
	at org.apache.ratis.grpc.client.GrpcClientProtocolClient$AsyncStreamObservers.access$500(GrpcClientProtocolClient.java:300)
	at org.apache.ratis.grpc.client.GrpcClientProtocolClient.lambda$close$3(GrpcClientProtocolClient.java:160)
	at java.util.Optional.ifPresent(Optional.java:159)
	at org.apache.ratis.grpc.client.GrpcClientProtocolClient.close(GrpcClientProtocolClient.java:160)
	at org.apache.ratis.util.PeerProxyMap.closeProxy(PeerProxyMap.java:197)
	at org.apache.ratis.util.PeerProxyMap.lambda$resetProxy$2(PeerProxyMap.java:158)
	at java.util.Optional.map(Optional.java:215)
	at org.apache.ratis.util.PeerProxyMap.resetProxy(PeerProxyMap.java:158)
	at org.apache.ratis.util.PeerProxyMap.handleException(PeerProxyMap.java:165)
	at org.apache.ratis.client.impl.RaftClientRpcWithProxy.handleException(RaftClientRpcWithProxy.java:48)
	at org.apache.ratis.client.impl.RaftClientImpl.handleIOException(RaftClientImpl.java:445)
	at org.apache.ratis.client.impl.OrderedAsync.handleException(OrderedAsync.java:237)
	at org.apache.ratis.client.impl.OrderedAsync.lambda$sendRequestWithRetry$6(OrderedAsync.java:208)
	at java.util.concurrent.CompletableFuture.uniExceptionally(CompletableFuture.java:884)
	at java.util.concurrent.CompletableFuture$UniExceptionally.tryFire(CompletableFuture.java:866)
	at java.util.concurrent.CompletableFuture.postComplete(CompletableFuture.java:488)
	at java.util.concurrent.CompletableFuture.completeExceptionally(CompletableFuture.java:1990)
	at org.apache.ratis.grpc.client.GrpcClientProtocolClient$AsyncStreamObservers.lambda$timeoutCheck$5(GrpcClientProtocolClient.java:373)
	at java.util.Optional.ifPresent(Optional.java:159)
	at org.apache.ratis.grpc.client.GrpcClientProtocolClient$AsyncStreamObservers.handleReplyFuture(GrpcClientProtocolClient.java:378)
	at org.apache.ratis.grpc.client.GrpcClientProtocolClient$AsyncStreamObservers.timeoutCheck(GrpcClientProtocolClient.java:373)
	at org.apache.ratis.grpc.client.GrpcClientProtocolClient$AsyncStreamObservers.lambda$onNext$3(GrpcClientProtocolClient.java:366)
	at org.apache.ratis.util.TimeoutTimer.lambda$onTimeout$2(TimeoutTimer.java:101)
	at org.apache.ratis.util.LogUtils.runAndLog(LogUtils.java:38)
	at org.apache.ratis.util.LogUtils$1.run(LogUtils.java:78)
	at org.apache.ratis.util.TimeoutTimer$Task.run(TimeoutTimer.java:55)
	at java.util.TimerThread.mainLoop(Timer.java:555)
	at java.util.TimerThread.run(Timer.java:505)
2024-01-25 07:58:02,450 [ForkJoinPool.commonPool-worker-2] DEBUG client.RaftClient (RaftClientImpl.java:handleIOException(417)) - client-2312CCC7CA78: suggested new leader: null. Failed RaftClientRequest:client-2312CCC7CA78->s0@group-796A68A19D2E, cid=80, seq=null, Watch-ALL_COMMITTED(26), null
org.apache.ratis.protocol.exceptions.AlreadyClosedException: client-2312CCC7CA78->s0: Stream close: no reply for async request cid=80
	at org.apache.ratis.grpc.client.GrpcClientProtocolClient$AsyncStreamObservers.completeReplyExceptionally(GrpcClientProtocolClient.java:396)
	at org.apache.ratis.grpc.client.GrpcClientProtocolClient$AsyncStreamObservers.close(GrpcClientProtocolClient.java:383)
	at org.apache.ratis.grpc.client.GrpcClientProtocolClient$AsyncStreamObservers.access$500(GrpcClientProtocolClient.java:300)
	at org.apache.ratis.grpc.client.GrpcClientProtocolClient.lambda$close$4(GrpcClientProtocolClient.java:161)
	at java.util.Optional.ifPresent(Optional.java:159)
	at org.apache.ratis.grpc.client.GrpcClientProtocolClient.close(GrpcClientProtocolClient.java:161)
	at org.apache.ratis.util.PeerProxyMap.closeProxy(PeerProxyMap.java:197)
	at org.apache.ratis.util.PeerProxyMap.lambda$resetProxy$2(PeerProxyMap.java:158)
	at java.util.Optional.map(Optional.java:215)
	at org.apache.ratis.util.PeerProxyMap.resetProxy(PeerProxyMap.java:158)
	at org.apache.ratis.util.PeerProxyMap.handleException(PeerProxyMap.java:165)
	at org.apache.ratis.client.impl.RaftClientRpcWithProxy.handleException(RaftClientRpcWithProxy.java:48)
	at org.apache.ratis.client.impl.RaftClientImpl.handleIOException(RaftClientImpl.java:445)
	at org.apache.ratis.client.impl.OrderedAsync.handleException(OrderedAsync.java:237)
	at org.apache.ratis.client.impl.OrderedAsync.lambda$sendRequestWithRetry$6(OrderedAsync.java:208)
	at java.util.concurrent.CompletableFuture.uniExceptionally(CompletableFuture.java:884)
	at java.util.concurrent.CompletableFuture$UniExceptionally.tryFire(CompletableFuture.java:866)
	at java.util.concurrent.CompletableFuture.postComplete(CompletableFuture.java:488)
	at java.util.concurrent.CompletableFuture.completeExceptionally(CompletableFuture.java:1990)
	at org.apache.ratis.grpc.client.GrpcClientProtocolClient$AsyncStreamObservers.completeReplyExceptionally(GrpcClientProtocolClient.java:394)
	at org.apache.ratis.grpc.client.GrpcClientProtocolClient$AsyncStreamObservers.close(GrpcClientProtocolClient.java:383)
	at org.apache.ratis.grpc.client.GrpcClientProtocolClient$AsyncStreamObservers.access$500(GrpcClientProtocolClient.java:300)
	at org.apache.ratis.grpc.client.GrpcClientProtocolClient.lambda$close$3(GrpcClientProtocolClient.java:160)
	at java.util.Optional.ifPresent(Optional.java:159)
	at org.apache.ratis.grpc.client.GrpcClientProtocolClient.close(GrpcClientProtocolClient.java:160)
	at org.apache.ratis.util.PeerProxyMap.closeProxy(PeerProxyMap.java:197)
	at org.apache.ratis.util.PeerProxyMap.lambda$resetProxy$2(PeerProxyMap.java:158)
	at java.util.Optional.map(Optional.java:215)
	at org.apache.ratis.util.PeerProxyMap.resetProxy(PeerProxyMap.java:158)
	at org.apache.ratis.util.PeerProxyMap.handleException(PeerProxyMap.java:165)
	at org.apache.ratis.client.impl.RaftClientRpcWithProxy.handleException(RaftClientRpcWithProxy.java:48)
	at org.apache.ratis.client.impl.RaftClientImpl.handleIOException(RaftClientImpl.java:445)
	at org.apache.ratis.client.impl.OrderedAsync.handleException(OrderedAsync.java:237)
	at org.apache.ratis.client.impl.OrderedAsync.lambda$sendRequestWithRetry$6(OrderedAsync.java:208)
	at java.util.concurrent.CompletableFuture.uniExceptionally(CompletableFuture.java:884)
	at java.util.concurrent.CompletableFuture$UniExceptionally.tryFire(CompletableFuture.java:866)
	at java.util.concurrent.CompletableFuture.postComplete(CompletableFuture.java:488)
	at java.util.concurrent.CompletableFuture.completeExceptionally(CompletableFuture.java:1990)
	at org.apache.ratis.grpc.client.GrpcClientProtocolClient$AsyncStreamObservers.lambda$timeoutCheck$5(GrpcClientProtocolClient.java:373)
	at java.util.Optional.ifPresent(Optional.java:159)
	at org.apache.ratis.grpc.client.GrpcClientProtocolClient$AsyncStreamObservers.handleReplyFuture(GrpcClientProtocolClient.java:378)
	at org.apache.ratis.grpc.client.GrpcClientProtocolClient$AsyncStreamObservers.timeoutCheck(GrpcClientProtocolClient.java:373)
	at org.apache.ratis.grpc.client.GrpcClientProtocolClient$AsyncStreamObservers.lambda$onNext$3(GrpcClientProtocolClient.java:366)
	at org.apache.ratis.util.TimeoutTimer.lambda$onTimeout$2(TimeoutTimer.java:101)
	at org.apache.ratis.util.LogUtils.runAndLog(LogUtils.java:38)
	at org.apache.ratis.util.LogUtils$1.run(LogUtils.java:78)
	at org.apache.ratis.util.TimeoutTimer$Task.run(TimeoutTimer.java:55)
	at java.util.TimerThread.mainLoop(Timer.java:555)
	at java.util.TimerThread.run(Timer.java:505)
2024-01-25 07:58:02,450 [ForkJoinPool.commonPool-worker-2] TRACE client.RaftClient (RaftClientImpl.java:handleIOException(419)) - Stack trace
java.lang.Throwable: TRACE
	at org.apache.ratis.client.impl.RaftClientImpl.handleIOException(RaftClientImpl.java:419)
	at org.apache.ratis.client.impl.RaftClientImpl.handleIOException(RaftClientImpl.java:412)
	at org.apache.ratis.client.impl.UnorderedAsync.lambda$sendRequestWithRetry$4(UnorderedAsync.java:121)
	at java.util.concurrent.CompletableFuture.uniWhenComplete(CompletableFuture.java:774)
	at java.util.concurrent.CompletableFuture$UniWhenComplete.tryFire(CompletableFuture.java:750)
	at java.util.concurrent.CompletableFuture$Completion.exec(CompletableFuture.java:457)
	at java.util.concurrent.ForkJoinTask.doExec(ForkJoinTask.java:289)
	at java.util.concurrent.ForkJoinPool$WorkQueue.runTask(ForkJoinPool.java:1056)
	at java.util.concurrent.ForkJoinPool.runWorker(ForkJoinPool.java:1692)
	at java.util.concurrent.ForkJoinWorkerThread.run(ForkJoinWorkerThread.java:175)
2024-01-25 07:58:02,450 [ForkJoinPool.commonPool-worker-2] DEBUG client.RaftClient (RaftClientImpl.java:handleIOException(435)) - client-2312CCC7CA78: oldLeader=s0,  curLeader=s2, newLeader=null
2024-01-25 07:58:02,450 [ForkJoinPool.commonPool-worker-2] DEBUG impl.UnorderedAsync (UnorderedAsync.java:lambda$sendRequestWithRetry$4(132)) - schedule~ attempt #4 with sleep 100ms and policy RetryForeverWithSleep(sleepTime = 100ms) for RaftClientRequest:client-2312CCC7CA78->s0@group-796A68A19D2E, cid=80, seq=null, Watch-ALL_COMMITTED(26), null
2024-01-25 07:58:02,451 [ForkJoinPool.commonPool-worker-2] DEBUG impl.UnorderedAsync (UnorderedAsync.java:lambda$sendRequestWithRetry$4(83)) - client-2312CCC7CA78: attempt #3 receive~ null
2024-01-25 07:58:02,451 [ForkJoinPool.commonPool-worker-2] TRACE impl.UnorderedAsync (UnorderedAsync.java:lambda$sendRequestWithRetry$4(108)) - client-2312CCC7CA78: attempt #3 failed~ RaftClientRequest:client-2312CCC7CA78->s0@group-796A68A19D2E, cid=84, seq=null, Watch-ALL_COMMITTED(28), null
org.apache.ratis.protocol.exceptions.AlreadyClosedException: client-2312CCC7CA78->s0: Stream close: no reply for async request cid=84
	at org.apache.ratis.grpc.client.GrpcClientProtocolClient$AsyncStreamObservers.completeReplyExceptionally(GrpcClientProtocolClient.java:396)
	at org.apache.ratis.grpc.client.GrpcClientProtocolClient$AsyncStreamObservers.close(GrpcClientProtocolClient.java:383)
	at org.apache.ratis.grpc.client.GrpcClientProtocolClient$AsyncStreamObservers.access$500(GrpcClientProtocolClient.java:300)
	at org.apache.ratis.grpc.client.GrpcClientProtocolClient.lambda$close$4(GrpcClientProtocolClient.java:161)
	at java.util.Optional.ifPresent(Optional.java:159)
	at org.apache.ratis.grpc.client.GrpcClientProtocolClient.close(GrpcClientProtocolClient.java:161)
	at org.apache.ratis.util.PeerProxyMap.closeProxy(PeerProxyMap.java:197)
	at org.apache.ratis.util.PeerProxyMap.lambda$resetProxy$2(PeerProxyMap.java:158)
	at java.util.Optional.map(Optional.java:215)
	at org.apache.ratis.util.PeerProxyMap.resetProxy(PeerProxyMap.java:158)
	at org.apache.ratis.util.PeerProxyMap.handleException(PeerProxyMap.java:165)
	at org.apache.ratis.client.impl.RaftClientRpcWithProxy.handleException(RaftClientRpcWithProxy.java:48)
	at org.apache.ratis.client.impl.RaftClientImpl.handleIOException(RaftClientImpl.java:445)
	at org.apache.ratis.client.impl.OrderedAsync.handleException(OrderedAsync.java:237)
	at org.apache.ratis.client.impl.OrderedAsync.lambda$sendRequestWithRetry$6(OrderedAsync.java:208)
	at java.util.concurrent.CompletableFuture.uniExceptionally(CompletableFuture.java:884)
	at java.util.concurrent.CompletableFuture$UniExceptionally.tryFire(CompletableFuture.java:866)
	at java.util.concurrent.CompletableFuture.postComplete(CompletableFuture.java:488)
	at java.util.concurrent.CompletableFuture.completeExceptionally(CompletableFuture.java:1990)
	at org.apache.ratis.grpc.client.GrpcClientProtocolClient$AsyncStreamObservers.completeReplyExceptionally(GrpcClientProtocolClient.java:394)
	at org.apache.ratis.grpc.client.GrpcClientProtocolClient$AsyncStreamObservers.close(GrpcClientProtocolClient.java:383)
	at org.apache.ratis.grpc.client.GrpcClientProtocolClient$AsyncStreamObservers.access$500(GrpcClientProtocolClient.java:300)
	at org.apache.ratis.grpc.client.GrpcClientProtocolClient.lambda$close$3(GrpcClientProtocolClient.java:160)
	at java.util.Optional.ifPresent(Optional.java:159)
	at org.apache.ratis.grpc.client.GrpcClientProtocolClient.close(GrpcClientProtocolClient.java:160)
	at org.apache.ratis.util.PeerProxyMap.closeProxy(PeerProxyMap.java:197)
	at org.apache.ratis.util.PeerProxyMap.lambda$resetProxy$2(PeerProxyMap.java:158)
	at java.util.Optional.map(Optional.java:215)
	at org.apache.ratis.util.PeerProxyMap.resetProxy(PeerProxyMap.java:158)
	at org.apache.ratis.util.PeerProxyMap.handleException(PeerProxyMap.java:165)
	at org.apache.ratis.client.impl.RaftClientRpcWithProxy.handleException(RaftClientRpcWithProxy.java:48)
	at org.apache.ratis.client.impl.RaftClientImpl.handleIOException(RaftClientImpl.java:445)
	at org.apache.ratis.client.impl.OrderedAsync.handleException(OrderedAsync.java:237)
	at org.apache.ratis.client.impl.OrderedAsync.lambda$sendRequestWithRetry$6(OrderedAsync.java:208)
	at java.util.concurrent.CompletableFuture.uniExceptionally(CompletableFuture.java:884)
	at java.util.concurrent.CompletableFuture$UniExceptionally.tryFire(CompletableFuture.java:866)
	at java.util.concurrent.CompletableFuture.postComplete(CompletableFuture.java:488)
	at java.util.concurrent.CompletableFuture.completeExceptionally(CompletableFuture.java:1990)
	at org.apache.ratis.grpc.client.GrpcClientProtocolClient$AsyncStreamObservers.lambda$timeoutCheck$5(GrpcClientProtocolClient.java:373)
	at java.util.Optional.ifPresent(Optional.java:159)
	at org.apache.ratis.grpc.client.GrpcClientProtocolClient$AsyncStreamObservers.handleReplyFuture(GrpcClientProtocolClient.java:378)
	at org.apache.ratis.grpc.client.GrpcClientProtocolClient$AsyncStreamObservers.timeoutCheck(GrpcClientProtocolClient.java:373)
	at org.apache.ratis.grpc.client.GrpcClientProtocolClient$AsyncStreamObservers.lambda$onNext$3(GrpcClientProtocolClient.java:366)
	at org.apache.ratis.util.TimeoutTimer.lambda$onTimeout$2(TimeoutTimer.java:101)
	at org.apache.ratis.util.LogUtils.runAndLog(LogUtils.java:38)
	at org.apache.ratis.util.LogUtils$1.run(LogUtils.java:78)
	at org.apache.ratis.util.TimeoutTimer$Task.run(TimeoutTimer.java:55)
	at java.util.TimerThread.mainLoop(Timer.java:555)
	at java.util.TimerThread.run(Timer.java:505)
2024-01-25 07:58:02,451 [ForkJoinPool.commonPool-worker-3] DEBUG impl.UnorderedAsync (UnorderedAsync.java:lambda$sendRequestWithRetry$4(83)) - client-2312CCC7CA78: attempt #2 receive~ null
2024-01-25 07:58:02,451 [ForkJoinPool.commonPool-worker-2] DEBUG client.RaftClient (RaftClientImpl.java:handleIOException(417)) - client-2312CCC7CA78: suggested new leader: null. Failed RaftClientRequest:client-2312CCC7CA78->s0@group-796A68A19D2E, cid=84, seq=null, Watch-ALL_COMMITTED(28), null
org.apache.ratis.protocol.exceptions.AlreadyClosedException: client-2312CCC7CA78->s0: Stream close: no reply for async request cid=84
	at org.apache.ratis.grpc.client.GrpcClientProtocolClient$AsyncStreamObservers.completeReplyExceptionally(GrpcClientProtocolClient.java:396)
	at org.apache.ratis.grpc.client.GrpcClientProtocolClient$AsyncStreamObservers.close(GrpcClientProtocolClient.java:383)
	at org.apache.ratis.grpc.client.GrpcClientProtocolClient$AsyncStreamObservers.access$500(GrpcClientProtocolClient.java:300)
	at org.apache.ratis.grpc.client.GrpcClientProtocolClient.lambda$close$4(GrpcClientProtocolClient.java:161)
	at java.util.Optional.ifPresent(Optional.java:159)
	at org.apache.ratis.grpc.client.GrpcClientProtocolClient.close(GrpcClientProtocolClient.java:161)
	at org.apache.ratis.util.PeerProxyMap.closeProxy(PeerProxyMap.java:197)
	at org.apache.ratis.util.PeerProxyMap.lambda$resetProxy$2(PeerProxyMap.java:158)
	at java.util.Optional.map(Optional.java:215)
	at org.apache.ratis.util.PeerProxyMap.resetProxy(PeerProxyMap.java:158)
	at org.apache.ratis.util.PeerProxyMap.handleException(PeerProxyMap.java:165)
	at org.apache.ratis.client.impl.RaftClientRpcWithProxy.handleException(RaftClientRpcWithProxy.java:48)
	at org.apache.ratis.client.impl.RaftClientImpl.handleIOException(RaftClientImpl.java:445)
	at org.apache.ratis.client.impl.OrderedAsync.handleException(OrderedAsync.java:237)
	at org.apache.ratis.client.impl.OrderedAsync.lambda$sendRequestWithRetry$6(OrderedAsync.java:208)
	at java.util.concurrent.CompletableFuture.uniExceptionally(CompletableFuture.java:884)
	at java.util.concurrent.CompletableFuture$UniExceptionally.tryFire(CompletableFuture.java:866)
	at java.util.concurrent.CompletableFuture.postComplete(CompletableFuture.java:488)
	at java.util.concurrent.CompletableFuture.completeExceptionally(CompletableFuture.java:1990)
	at org.apache.ratis.grpc.client.GrpcClientProtocolClient$AsyncStreamObservers.completeReplyExceptionally(GrpcClientProtocolClient.java:394)
	at org.apache.ratis.grpc.client.GrpcClientProtocolClient$AsyncStreamObservers.close(GrpcClientProtocolClient.java:383)
	at org.apache.ratis.grpc.client.GrpcClientProtocolClient$AsyncStreamObservers.access$500(GrpcClientProtocolClient.java:300)
	at org.apache.ratis.grpc.client.GrpcClientProtocolClient.lambda$close$3(GrpcClientProtocolClient.java:160)
	at java.util.Optional.ifPresent(Optional.java:159)
	at org.apache.ratis.grpc.client.GrpcClientProtocolClient.close(GrpcClientProtocolClient.java:160)
	at org.apache.ratis.util.PeerProxyMap.closeProxy(PeerProxyMap.java:197)
	at org.apache.ratis.util.PeerProxyMap.lambda$resetProxy$2(PeerProxyMap.java:158)
	at java.util.Optional.map(Optional.java:215)
	at org.apache.ratis.util.PeerProxyMap.resetProxy(PeerProxyMap.java:158)
	at org.apache.ratis.util.PeerProxyMap.handleException(PeerProxyMap.java:165)
	at org.apache.ratis.client.impl.RaftClientRpcWithProxy.handleException(RaftClientRpcWithProxy.java:48)
	at org.apache.ratis.client.impl.RaftClientImpl.handleIOException(RaftClientImpl.java:445)
	at org.apache.ratis.client.impl.OrderedAsync.handleException(OrderedAsync.java:237)
	at org.apache.ratis.client.impl.OrderedAsync.lambda$sendRequestWithRetry$6(OrderedAsync.java:208)
	at java.util.concurrent.CompletableFuture.uniExceptionally(CompletableFuture.java:884)
	at java.util.concurrent.CompletableFuture$UniExceptionally.tryFire(CompletableFuture.java:866)
	at java.util.concurrent.CompletableFuture.postComplete(CompletableFuture.java:488)
	at java.util.concurrent.CompletableFuture.completeExceptionally(CompletableFuture.java:1990)
	at org.apache.ratis.grpc.client.GrpcClientProtocolClient$AsyncStreamObservers.lambda$timeoutCheck$5(GrpcClientProtocolClient.java:373)
	at java.util.Optional.ifPresent(Optional.java:159)
	at org.apache.ratis.grpc.client.GrpcClientProtocolClient$AsyncStreamObservers.handleReplyFuture(GrpcClientProtocolClient.java:378)
	at org.apache.ratis.grpc.client.GrpcClientProtocolClient$AsyncStreamObservers.timeoutCheck(GrpcClientProtocolClient.java:373)
	at org.apache.ratis.grpc.client.GrpcClientProtocolClient$AsyncStreamObservers.lambda$onNext$3(GrpcClientProtocolClient.java:366)
	at org.apache.ratis.util.TimeoutTimer.lambda$onTimeout$2(TimeoutTimer.java:101)
	at org.apache.ratis.util.LogUtils.runAndLog(LogUtils.java:38)
	at org.apache.ratis.util.LogUtils$1.run(LogUtils.java:78)
	at org.apache.ratis.util.TimeoutTimer$Task.run(TimeoutTimer.java:55)
	at java.util.TimerThread.mainLoop(Timer.java:555)
	at java.util.TimerThread.run(Timer.java:505)
2024-01-25 07:58:02,451 [ForkJoinPool.commonPool-worker-2] TRACE client.RaftClient (RaftClientImpl.java:handleIOException(419)) - Stack trace
java.lang.Throwable: TRACE
	at org.apache.ratis.client.impl.RaftClientImpl.handleIOException(RaftClientImpl.java:419)
	at org.apache.ratis.client.impl.RaftClientImpl.handleIOException(RaftClientImpl.java:412)
	at org.apache.ratis.client.impl.UnorderedAsync.lambda$sendRequestWithRetry$4(UnorderedAsync.java:121)
	at java.util.concurrent.CompletableFuture.uniWhenComplete(CompletableFuture.java:774)
	at java.util.concurrent.CompletableFuture$UniWhenComplete.tryFire(CompletableFuture.java:750)
	at java.util.concurrent.CompletableFuture$Completion.exec(CompletableFuture.java:457)
	at java.util.concurrent.ForkJoinTask.doExec(ForkJoinTask.java:289)
	at java.util.concurrent.ForkJoinPool$WorkQueue.runTask(ForkJoinPool.java:1056)
	at java.util.concurrent.ForkJoinPool.runWorker(ForkJoinPool.java:1692)
	at java.util.concurrent.ForkJoinWorkerThread.run(ForkJoinWorkerThread.java:175)
2024-01-25 07:58:02,451 [ForkJoinPool.commonPool-worker-3] TRACE impl.UnorderedAsync (UnorderedAsync.java:lambda$sendRequestWithRetry$4(108)) - client-2312CCC7CA78: attempt #2 failed~ RaftClientRequest:client-2312CCC7CA78->s0@group-796A68A19D2E, cid=86, seq=null, Watch-ALL(29), null
org.apache.ratis.protocol.exceptions.AlreadyClosedException: client-2312CCC7CA78->s0: Stream close: no reply for async request cid=86
	at org.apache.ratis.grpc.client.GrpcClientProtocolClient$AsyncStreamObservers.completeReplyExceptionally(GrpcClientProtocolClient.java:396)
	at org.apache.ratis.grpc.client.GrpcClientProtocolClient$AsyncStreamObservers.close(GrpcClientProtocolClient.java:383)
	at org.apache.ratis.grpc.client.GrpcClientProtocolClient$AsyncStreamObservers.access$500(GrpcClientProtocolClient.java:300)
	at org.apache.ratis.grpc.client.GrpcClientProtocolClient.lambda$close$4(GrpcClientProtocolClient.java:161)
	at java.util.Optional.ifPresent(Optional.java:159)
	at org.apache.ratis.grpc.client.GrpcClientProtocolClient.close(GrpcClientProtocolClient.java:161)
	at org.apache.ratis.util.PeerProxyMap.closeProxy(PeerProxyMap.java:197)
	at org.apache.ratis.util.PeerProxyMap.lambda$resetProxy$2(PeerProxyMap.java:158)
	at java.util.Optional.map(Optional.java:215)
	at org.apache.ratis.util.PeerProxyMap.resetProxy(PeerProxyMap.java:158)
	at org.apache.ratis.util.PeerProxyMap.handleException(PeerProxyMap.java:165)
	at org.apache.ratis.client.impl.RaftClientRpcWithProxy.handleException(RaftClientRpcWithProxy.java:48)
	at org.apache.ratis.client.impl.RaftClientImpl.handleIOException(RaftClientImpl.java:445)
	at org.apache.ratis.client.impl.OrderedAsync.handleException(OrderedAsync.java:237)
	at org.apache.ratis.client.impl.OrderedAsync.lambda$sendRequestWithRetry$6(OrderedAsync.java:208)
	at java.util.concurrent.CompletableFuture.uniExceptionally(CompletableFuture.java:884)
	at java.util.concurrent.CompletableFuture$UniExceptionally.tryFire(CompletableFuture.java:866)
	at java.util.concurrent.CompletableFuture.postComplete(CompletableFuture.java:488)
	at java.util.concurrent.CompletableFuture.completeExceptionally(CompletableFuture.java:1990)
	at org.apache.ratis.grpc.client.GrpcClientProtocolClient$AsyncStreamObservers.completeReplyExceptionally(GrpcClientProtocolClient.java:394)
	at org.apache.ratis.grpc.client.GrpcClientProtocolClient$AsyncStreamObservers.close(GrpcClientProtocolClient.java:383)
	at org.apache.ratis.grpc.client.GrpcClientProtocolClient$AsyncStreamObservers.access$500(GrpcClientProtocolClient.java:300)
	at org.apache.ratis.grpc.client.GrpcClientProtocolClient.lambda$close$3(GrpcClientProtocolClient.java:160)
	at java.util.Optional.ifPresent(Optional.java:159)
	at org.apache.ratis.grpc.client.GrpcClientProtocolClient.close(GrpcClientProtocolClient.java:160)
	at org.apache.ratis.util.PeerProxyMap.closeProxy(PeerProxyMap.java:197)
	at org.apache.ratis.util.PeerProxyMap.lambda$resetProxy$2(PeerProxyMap.java:158)
	at java.util.Optional.map(Optional.java:215)
	at org.apache.ratis.util.PeerProxyMap.resetProxy(PeerProxyMap.java:158)
	at org.apache.ratis.util.PeerProxyMap.handleException(PeerProxyMap.java:165)
	at org.apache.ratis.client.impl.RaftClientRpcWithProxy.handleException(RaftClientRpcWithProxy.java:48)
	at org.apache.ratis.client.impl.RaftClientImpl.handleIOException(RaftClientImpl.java:445)
	at org.apache.ratis.client.impl.OrderedAsync.handleException(OrderedAsync.java:237)
	at org.apache.ratis.client.impl.OrderedAsync.lambda$sendRequestWithRetry$6(OrderedAsync.java:208)
	at java.util.concurrent.CompletableFuture.uniExceptionally(CompletableFuture.java:884)
	at java.util.concurrent.CompletableFuture$UniExceptionally.tryFire(CompletableFuture.java:866)
	at java.util.concurrent.CompletableFuture.postComplete(CompletableFuture.java:488)
	at java.util.concurrent.CompletableFuture.completeExceptionally(CompletableFuture.java:1990)
	at org.apache.ratis.grpc.client.GrpcClientProtocolClient$AsyncStreamObservers.lambda$timeoutCheck$5(GrpcClientProtocolClient.java:373)
	at java.util.Optional.ifPresent(Optional.java:159)
	at org.apache.ratis.grpc.client.GrpcClientProtocolClient$AsyncStreamObservers.handleReplyFuture(GrpcClientProtocolClient.java:378)
	at org.apache.ratis.grpc.client.GrpcClientProtocolClient$AsyncStreamObservers.timeoutCheck(GrpcClientProtocolClient.java:373)
	at org.apache.ratis.grpc.client.GrpcClientProtocolClient$AsyncStreamObservers.lambda$onNext$3(GrpcClientProtocolClient.java:366)
	at org.apache.ratis.util.TimeoutTimer.lambda$onTimeout$2(TimeoutTimer.java:101)
	at org.apache.ratis.util.LogUtils.runAndLog(LogUtils.java:38)
	at org.apache.ratis.util.LogUtils$1.run(LogUtils.java:78)
	at org.apache.ratis.util.TimeoutTimer$Task.run(TimeoutTimer.java:55)
	at java.util.TimerThread.mainLoop(Timer.java:555)
	at java.util.TimerThread.run(Timer.java:505)
2024-01-25 07:58:02,451 [ForkJoinPool.commonPool-worker-2] DEBUG client.RaftClient (RaftClientImpl.java:handleIOException(435)) - client-2312CCC7CA78: oldLeader=s0,  curLeader=s2, newLeader=null
2024-01-25 07:58:02,451 [ForkJoinPool.commonPool-worker-3] DEBUG client.RaftClient (RaftClientImpl.java:handleIOException(417)) - client-2312CCC7CA78: suggested new leader: null. Failed RaftClientRequest:client-2312CCC7CA78->s0@group-796A68A19D2E, cid=86, seq=null, Watch-ALL(29), null
org.apache.ratis.protocol.exceptions.AlreadyClosedException: client-2312CCC7CA78->s0: Stream close: no reply for async request cid=86
	at org.apache.ratis.grpc.client.GrpcClientProtocolClient$AsyncStreamObservers.completeReplyExceptionally(GrpcClientProtocolClient.java:396)
	at org.apache.ratis.grpc.client.GrpcClientProtocolClient$AsyncStreamObservers.close(GrpcClientProtocolClient.java:383)
	at org.apache.ratis.grpc.client.GrpcClientProtocolClient$AsyncStreamObservers.access$500(GrpcClientProtocolClient.java:300)
	at org.apache.ratis.grpc.client.GrpcClientProtocolClient.lambda$close$4(GrpcClientProtocolClient.java:161)
	at java.util.Optional.ifPresent(Optional.java:159)
	at org.apache.ratis.grpc.client.GrpcClientProtocolClient.close(GrpcClientProtocolClient.java:161)
	at org.apache.ratis.util.PeerProxyMap.closeProxy(PeerProxyMap.java:197)
	at org.apache.ratis.util.PeerProxyMap.lambda$resetProxy$2(PeerProxyMap.java:158)
	at java.util.Optional.map(Optional.java:215)
	at org.apache.ratis.util.PeerProxyMap.resetProxy(PeerProxyMap.java:158)
	at org.apache.ratis.util.PeerProxyMap.handleException(PeerProxyMap.java:165)
	at org.apache.ratis.client.impl.RaftClientRpcWithProxy.handleException(RaftClientRpcWithProxy.java:48)
	at org.apache.ratis.client.impl.RaftClientImpl.handleIOException(RaftClientImpl.java:445)
	at org.apache.ratis.client.impl.OrderedAsync.handleException(OrderedAsync.java:237)
	at org.apache.ratis.client.impl.OrderedAsync.lambda$sendRequestWithRetry$6(OrderedAsync.java:208)
	at java.util.concurrent.CompletableFuture.uniExceptionally(CompletableFuture.java:884)
	at java.util.concurrent.CompletableFuture$UniExceptionally.tryFire(CompletableFuture.java:866)
	at java.util.concurrent.CompletableFuture.postComplete(CompletableFuture.java:488)
	at java.util.concurrent.CompletableFuture.completeExceptionally(CompletableFuture.java:1990)
	at org.apache.ratis.grpc.client.GrpcClientProtocolClient$AsyncStreamObservers.completeReplyExceptionally(GrpcClientProtocolClient.java:394)
	at org.apache.ratis.grpc.client.GrpcClientProtocolClient$AsyncStreamObservers.close(GrpcClientProtocolClient.java:383)
	at org.apache.ratis.grpc.client.GrpcClientProtocolClient$AsyncStreamObservers.access$500(GrpcClientProtocolClient.java:300)
	at org.apache.ratis.grpc.client.GrpcClientProtocolClient.lambda$close$3(GrpcClientProtocolClient.java:160)
	at java.util.Optional.ifPresent(Optional.java:159)
	at org.apache.ratis.grpc.client.GrpcClientProtocolClient.close(GrpcClientProtocolClient.java:160)
	at org.apache.ratis.util.PeerProxyMap.closeProxy(PeerProxyMap.java:197)
	at org.apache.ratis.util.PeerProxyMap.lambda$resetProxy$2(PeerProxyMap.java:158)
	at java.util.Optional.map(Optional.java:215)
	at org.apache.ratis.util.PeerProxyMap.resetProxy(PeerProxyMap.java:158)
	at org.apache.ratis.util.PeerProxyMap.handleException(PeerProxyMap.java:165)
	at org.apache.ratis.client.impl.RaftClientRpcWithProxy.handleException(RaftClientRpcWithProxy.java:48)
	at org.apache.ratis.client.impl.RaftClientImpl.handleIOException(RaftClientImpl.java:445)
	at org.apache.ratis.client.impl.OrderedAsync.handleException(OrderedAsync.java:237)
	at org.apache.ratis.client.impl.OrderedAsync.lambda$sendRequestWithRetry$6(OrderedAsync.java:208)
	at java.util.concurrent.CompletableFuture.uniExceptionally(CompletableFuture.java:884)
	at java.util.concurrent.CompletableFuture$UniExceptionally.tryFire(CompletableFuture.java:866)
	at java.util.concurrent.CompletableFuture.postComplete(CompletableFuture.java:488)
	at java.util.concurrent.CompletableFuture.completeExceptionally(CompletableFuture.java:1990)
	at org.apache.ratis.grpc.client.GrpcClientProtocolClient$AsyncStreamObservers.lambda$timeoutCheck$5(GrpcClientProtocolClient.java:373)
	at java.util.Optional.ifPresent(Optional.java:159)
	at org.apache.ratis.grpc.client.GrpcClientProtocolClient$AsyncStreamObservers.handleReplyFuture(GrpcClientProtocolClient.java:378)
	at org.apache.ratis.grpc.client.GrpcClientProtocolClient$AsyncStreamObservers.timeoutCheck(GrpcClientProtocolClient.java:373)
	at org.apache.ratis.grpc.client.GrpcClientProtocolClient$AsyncStreamObservers.lambda$onNext$3(GrpcClientProtocolClient.java:366)
	at org.apache.ratis.util.TimeoutTimer.lambda$onTimeout$2(TimeoutTimer.java:101)
	at org.apache.ratis.util.LogUtils.runAndLog(LogUtils.java:38)
	at org.apache.ratis.util.LogUtils$1.run(LogUtils.java:78)
	at org.apache.ratis.util.TimeoutTimer$Task.run(TimeoutTimer.java:55)
	at java.util.TimerThread.mainLoop(Timer.java:555)
	at java.util.TimerThread.run(Timer.java:505)
2024-01-25 07:58:02,451 [ForkJoinPool.commonPool-worker-3] TRACE client.RaftClient (RaftClientImpl.java:handleIOException(419)) - Stack trace
java.lang.Throwable: TRACE
	at org.apache.ratis.client.impl.RaftClientImpl.handleIOException(RaftClientImpl.java:419)
	at org.apache.ratis.client.impl.RaftClientImpl.handleIOException(RaftClientImpl.java:412)
	at org.apache.ratis.client.impl.UnorderedAsync.lambda$sendRequestWithRetry$4(UnorderedAsync.java:121)
	at java.util.concurrent.CompletableFuture.uniWhenComplete(CompletableFuture.java:774)
	at java.util.concurrent.CompletableFuture$UniWhenComplete.tryFire(CompletableFuture.java:750)
	at java.util.concurrent.CompletableFuture$Completion.exec(CompletableFuture.java:457)
	at java.util.concurrent.ForkJoinTask.doExec(ForkJoinTask.java:289)
	at java.util.concurrent.ForkJoinPool$WorkQueue.runTask(ForkJoinPool.java:1056)
	at java.util.concurrent.ForkJoinPool.runWorker(ForkJoinPool.java:1692)
	at java.util.concurrent.ForkJoinWorkerThread.run(ForkJoinWorkerThread.java:175)
2024-01-25 07:58:02,451 [ForkJoinPool.commonPool-worker-2] DEBUG impl.UnorderedAsync (UnorderedAsync.java:lambda$sendRequestWithRetry$4(132)) - schedule~ attempt #3 with sleep 100ms and policy RetryForeverWithSleep(sleepTime = 100ms) for RaftClientRequest:client-2312CCC7CA78->s0@group-796A68A19D2E, cid=84, seq=null, Watch-ALL_COMMITTED(28), null
2024-01-25 07:58:02,451 [ForkJoinPool.commonPool-worker-3] DEBUG client.RaftClient (RaftClientImpl.java:handleIOException(435)) - client-2312CCC7CA78: oldLeader=s0,  curLeader=s2, newLeader=null
2024-01-25 07:58:02,451 [ForkJoinPool.commonPool-worker-2] DEBUG impl.UnorderedAsync (UnorderedAsync.java:lambda$sendRequestWithRetry$4(83)) - client-2312CCC7CA78: attempt #2 receive~ null
2024-01-25 07:58:02,452 [ForkJoinPool.commonPool-worker-2] TRACE impl.UnorderedAsync (UnorderedAsync.java:lambda$sendRequestWithRetry$4(108)) - client-2312CCC7CA78: attempt #2 failed~ RaftClientRequest:client-2312CCC7CA78->s0@group-796A68A19D2E, cid=88, seq=null, Watch-ALL_COMMITTED(29), null
org.apache.ratis.protocol.exceptions.AlreadyClosedException: client-2312CCC7CA78->s0: Stream close: no reply for async request cid=88
	at org.apache.ratis.grpc.client.GrpcClientProtocolClient$AsyncStreamObservers.completeReplyExceptionally(GrpcClientProtocolClient.java:396)
	at org.apache.ratis.grpc.client.GrpcClientProtocolClient$AsyncStreamObservers.close(GrpcClientProtocolClient.java:383)
	at org.apache.ratis.grpc.client.GrpcClientProtocolClient$AsyncStreamObservers.access$500(GrpcClientProtocolClient.java:300)
	at org.apache.ratis.grpc.client.GrpcClientProtocolClient.lambda$close$4(GrpcClientProtocolClient.java:161)
	at java.util.Optional.ifPresent(Optional.java:159)
	at org.apache.ratis.grpc.client.GrpcClientProtocolClient.close(GrpcClientProtocolClient.java:161)
	at org.apache.ratis.util.PeerProxyMap.closeProxy(PeerProxyMap.java:197)
	at org.apache.ratis.util.PeerProxyMap.lambda$resetProxy$2(PeerProxyMap.java:158)
	at java.util.Optional.map(Optional.java:215)
	at org.apache.ratis.util.PeerProxyMap.resetProxy(PeerProxyMap.java:158)
	at org.apache.ratis.util.PeerProxyMap.handleException(PeerProxyMap.java:165)
	at org.apache.ratis.client.impl.RaftClientRpcWithProxy.handleException(RaftClientRpcWithProxy.java:48)
	at org.apache.ratis.client.impl.RaftClientImpl.handleIOException(RaftClientImpl.java:445)
	at org.apache.ratis.client.impl.OrderedAsync.handleException(OrderedAsync.java:237)
	at org.apache.ratis.client.impl.OrderedAsync.lambda$sendRequestWithRetry$6(OrderedAsync.java:208)
	at java.util.concurrent.CompletableFuture.uniExceptionally(CompletableFuture.java:884)
	at java.util.concurrent.CompletableFuture$UniExceptionally.tryFire(CompletableFuture.java:866)
	at java.util.concurrent.CompletableFuture.postComplete(CompletableFuture.java:488)
	at java.util.concurrent.CompletableFuture.completeExceptionally(CompletableFuture.java:1990)
	at org.apache.ratis.grpc.client.GrpcClientProtocolClient$AsyncStreamObservers.completeReplyExceptionally(GrpcClientProtocolClient.java:394)
	at org.apache.ratis.grpc.client.GrpcClientProtocolClient$AsyncStreamObservers.close(GrpcClientProtocolClient.java:383)
	at org.apache.ratis.grpc.client.GrpcClientProtocolClient$AsyncStreamObservers.access$500(GrpcClientProtocolClient.java:300)
	at org.apache.ratis.grpc.client.GrpcClientProtocolClient.lambda$close$3(GrpcClientProtocolClient.java:160)
	at java.util.Optional.ifPresent(Optional.java:159)
	at org.apache.ratis.grpc.client.GrpcClientProtocolClient.close(GrpcClientProtocolClient.java:160)
	at org.apache.ratis.util.PeerProxyMap.closeProxy(PeerProxyMap.java:197)
	at org.apache.ratis.util.PeerProxyMap.lambda$resetProxy$2(PeerProxyMap.java:158)
	at java.util.Optional.map(Optional.java:215)
	at org.apache.ratis.util.PeerProxyMap.resetProxy(PeerProxyMap.java:158)
	at org.apache.ratis.util.PeerProxyMap.handleException(PeerProxyMap.java:165)
	at org.apache.ratis.client.impl.RaftClientRpcWithProxy.handleException(RaftClientRpcWithProxy.java:48)
	at org.apache.ratis.client.impl.RaftClientImpl.handleIOException(RaftClientImpl.java:445)
	at org.apache.ratis.client.impl.OrderedAsync.handleException(OrderedAsync.java:237)
	at org.apache.ratis.client.impl.OrderedAsync.lambda$sendRequestWithRetry$6(OrderedAsync.java:208)
	at java.util.concurrent.CompletableFuture.uniExceptionally(CompletableFuture.java:884)
	at java.util.concurrent.CompletableFuture$UniExceptionally.tryFire(CompletableFuture.java:866)
	at java.util.concurrent.CompletableFuture.postComplete(CompletableFuture.java:488)
	at java.util.concurrent.CompletableFuture.completeExceptionally(CompletableFuture.java:1990)
	at org.apache.ratis.grpc.client.GrpcClientProtocolClient$AsyncStreamObservers.lambda$timeoutCheck$5(GrpcClientProtocolClient.java:373)
	at java.util.Optional.ifPresent(Optional.java:159)
	at org.apache.ratis.grpc.client.GrpcClientProtocolClient$AsyncStreamObservers.handleReplyFuture(GrpcClientProtocolClient.java:378)
	at org.apache.ratis.grpc.client.GrpcClientProtocolClient$AsyncStreamObservers.timeoutCheck(GrpcClientProtocolClient.java:373)
	at org.apache.ratis.grpc.client.GrpcClientProtocolClient$AsyncStreamObservers.lambda$onNext$3(GrpcClientProtocolClient.java:366)
	at org.apache.ratis.util.TimeoutTimer.lambda$onTimeout$2(TimeoutTimer.java:101)
	at org.apache.ratis.util.LogUtils.runAndLog(LogUtils.java:38)
	at org.apache.ratis.util.LogUtils$1.run(LogUtils.java:78)
	at org.apache.ratis.util.TimeoutTimer$Task.run(TimeoutTimer.java:55)
	at java.util.TimerThread.mainLoop(Timer.java:555)
	at java.util.TimerThread.run(Timer.java:505)
2024-01-25 07:58:02,452 [ForkJoinPool.commonPool-worker-3] DEBUG impl.UnorderedAsync (UnorderedAsync.java:lambda$sendRequestWithRetry$4(132)) - schedule~ attempt #2 with sleep 100ms and policy RetryForeverWithSleep(sleepTime = 100ms) for RaftClientRequest:client-2312CCC7CA78->s0@group-796A68A19D2E, cid=86, seq=null, Watch-ALL(29), null
2024-01-25 07:58:02,452 [ForkJoinPool.commonPool-worker-2] DEBUG client.RaftClient (RaftClientImpl.java:handleIOException(417)) - client-2312CCC7CA78: suggested new leader: null. Failed RaftClientRequest:client-2312CCC7CA78->s0@group-796A68A19D2E, cid=88, seq=null, Watch-ALL_COMMITTED(29), null
org.apache.ratis.protocol.exceptions.AlreadyClosedException: client-2312CCC7CA78->s0: Stream close: no reply for async request cid=88
	at org.apache.ratis.grpc.client.GrpcClientProtocolClient$AsyncStreamObservers.completeReplyExceptionally(GrpcClientProtocolClient.java:396)
	at org.apache.ratis.grpc.client.GrpcClientProtocolClient$AsyncStreamObservers.close(GrpcClientProtocolClient.java:383)
	at org.apache.ratis.grpc.client.GrpcClientProtocolClient$AsyncStreamObservers.access$500(GrpcClientProtocolClient.java:300)
	at org.apache.ratis.grpc.client.GrpcClientProtocolClient.lambda$close$4(GrpcClientProtocolClient.java:161)
	at java.util.Optional.ifPresent(Optional.java:159)
	at org.apache.ratis.grpc.client.GrpcClientProtocolClient.close(GrpcClientProtocolClient.java:161)
	at org.apache.ratis.util.PeerProxyMap.closeProxy(PeerProxyMap.java:197)
	at org.apache.ratis.util.PeerProxyMap.lambda$resetProxy$2(PeerProxyMap.java:158)
	at java.util.Optional.map(Optional.java:215)
	at org.apache.ratis.util.PeerProxyMap.resetProxy(PeerProxyMap.java:158)
	at org.apache.ratis.util.PeerProxyMap.handleException(PeerProxyMap.java:165)
	at org.apache.ratis.client.impl.RaftClientRpcWithProxy.handleException(RaftClientRpcWithProxy.java:48)
	at org.apache.ratis.client.impl.RaftClientImpl.handleIOException(RaftClientImpl.java:445)
	at org.apache.ratis.client.impl.OrderedAsync.handleException(OrderedAsync.java:237)
	at org.apache.ratis.client.impl.OrderedAsync.lambda$sendRequestWithRetry$6(OrderedAsync.java:208)
	at java.util.concurrent.CompletableFuture.uniExceptionally(CompletableFuture.java:884)
	at java.util.concurrent.CompletableFuture$UniExceptionally.tryFire(CompletableFuture.java:866)
	at java.util.concurrent.CompletableFuture.postComplete(CompletableFuture.java:488)
	at java.util.concurrent.CompletableFuture.completeExceptionally(CompletableFuture.java:1990)
	at org.apache.ratis.grpc.client.GrpcClientProtocolClient$AsyncStreamObservers.completeReplyExceptionally(GrpcClientProtocolClient.java:394)
	at org.apache.ratis.grpc.client.GrpcClientProtocolClient$AsyncStreamObservers.close(GrpcClientProtocolClient.java:383)
	at org.apache.ratis.grpc.client.GrpcClientProtocolClient$AsyncStreamObservers.access$500(GrpcClientProtocolClient.java:300)
	at org.apache.ratis.grpc.client.GrpcClientProtocolClient.lambda$close$3(GrpcClientProtocolClient.java:160)
	at java.util.Optional.ifPresent(Optional.java:159)
	at org.apache.ratis.grpc.client.GrpcClientProtocolClient.close(GrpcClientProtocolClient.java:160)
	at org.apache.ratis.util.PeerProxyMap.closeProxy(PeerProxyMap.java:197)
	at org.apache.ratis.util.PeerProxyMap.lambda$resetProxy$2(PeerProxyMap.java:158)
	at java.util.Optional.map(Optional.java:215)
	at org.apache.ratis.util.PeerProxyMap.resetProxy(PeerProxyMap.java:158)
	at org.apache.ratis.util.PeerProxyMap.handleException(PeerProxyMap.java:165)
	at org.apache.ratis.client.impl.RaftClientRpcWithProxy.handleException(RaftClientRpcWithProxy.java:48)
	at org.apache.ratis.client.impl.RaftClientImpl.handleIOException(RaftClientImpl.java:445)
	at org.apache.ratis.client.impl.OrderedAsync.handleException(OrderedAsync.java:237)
	at org.apache.ratis.client.impl.OrderedAsync.lambda$sendRequestWithRetry$6(OrderedAsync.java:208)
	at java.util.concurrent.CompletableFuture.uniExceptionally(CompletableFuture.java:884)
	at java.util.concurrent.CompletableFuture$UniExceptionally.tryFire(CompletableFuture.java:866)
	at java.util.concurrent.CompletableFuture.postComplete(CompletableFuture.java:488)
	at java.util.concurrent.CompletableFuture.completeExceptionally(CompletableFuture.java:1990)
	at org.apache.ratis.grpc.client.GrpcClientProtocolClient$AsyncStreamObservers.lambda$timeoutCheck$5(GrpcClientProtocolClient.java:373)
	at java.util.Optional.ifPresent(Optional.java:159)
	at org.apache.ratis.grpc.client.GrpcClientProtocolClient$AsyncStreamObservers.handleReplyFuture(GrpcClientProtocolClient.java:378)
	at org.apache.ratis.grpc.client.GrpcClientProtocolClient$AsyncStreamObservers.timeoutCheck(GrpcClientProtocolClient.java:373)
	at org.apache.ratis.grpc.client.GrpcClientProtocolClient$AsyncStreamObservers.lambda$onNext$3(GrpcClientProtocolClient.java:366)
	at org.apache.ratis.util.TimeoutTimer.lambda$onTimeout$2(TimeoutTimer.java:101)
	at org.apache.ratis.util.LogUtils.runAndLog(LogUtils.java:38)
	at org.apache.ratis.util.LogUtils$1.run(LogUtils.java:78)
	at org.apache.ratis.util.TimeoutTimer$Task.run(TimeoutTimer.java:55)
	at java.util.TimerThread.mainLoop(Timer.java:555)
	at java.util.TimerThread.run(Timer.java:505)
2024-01-25 07:58:02,452 [ForkJoinPool.commonPool-worker-2] TRACE client.RaftClient (RaftClientImpl.java:handleIOException(419)) - Stack trace
java.lang.Throwable: TRACE
	at org.apache.ratis.client.impl.RaftClientImpl.handleIOException(RaftClientImpl.java:419)
	at org.apache.ratis.client.impl.RaftClientImpl.handleIOException(RaftClientImpl.java:412)
	at org.apache.ratis.client.impl.UnorderedAsync.lambda$sendRequestWithRetry$4(UnorderedAsync.java:121)
	at java.util.concurrent.CompletableFuture.uniWhenComplete(CompletableFuture.java:774)
	at java.util.concurrent.CompletableFuture$UniWhenComplete.tryFire(CompletableFuture.java:750)
	at java.util.concurrent.CompletableFuture$Completion.exec(CompletableFuture.java:457)
	at java.util.concurrent.ForkJoinTask.doExec(ForkJoinTask.java:289)
	at java.util.concurrent.ForkJoinPool$WorkQueue.runTask(ForkJoinPool.java:1056)
	at java.util.concurrent.ForkJoinPool.runWorker(ForkJoinPool.java:1692)
	at java.util.concurrent.ForkJoinWorkerThread.run(ForkJoinWorkerThread.java:175)
2024-01-25 07:58:02,452 [ForkJoinPool.commonPool-worker-2] DEBUG client.RaftClient (RaftClientImpl.java:handleIOException(435)) - client-2312CCC7CA78: oldLeader=s0,  curLeader=s2, newLeader=null
2024-01-25 07:58:02,452 [ForkJoinPool.commonPool-worker-2] DEBUG impl.UnorderedAsync (UnorderedAsync.java:lambda$sendRequestWithRetry$4(132)) - schedule~ attempt #2 with sleep 100ms and policy RetryForeverWithSleep(sleepTime = 100ms) for RaftClientRequest:client-2312CCC7CA78->s0@group-796A68A19D2E, cid=88, seq=null, Watch-ALL_COMMITTED(29), null
2024-01-25 07:58:02,550 [timer7] DEBUG client.RaftClient (RaftClientImpl.java:get(158)) - client-2312CCC7CA78: get 80 returns []
2024-01-25 07:58:02,550 [timer7] DEBUG client.RaftClient (RaftClientImpl.java:newRequest(95)) - attempt #5, newRequest RaftClientRequest:client-2312CCC7CA78->s2@group-796A68A19D2E, cid=80, seq=null, Watch-ALL_COMMITTED(26), null
2024-01-25 07:58:02,550 [timer7] DEBUG impl.UnorderedAsync (UnorderedAsync.java:sendRequestWithRetry(80)) - client-2312CCC7CA78: attempt #5 send~ RaftClientRequest:client-2312CCC7CA78->s2@group-796A68A19D2E, cid=80, seq=null, Watch-ALL_COMMITTED(26), null
2024-01-25 07:58:02,552 [timer7] DEBUG client.RaftClient (RaftClientImpl.java:get(158)) - client-2312CCC7CA78: get 84 returns []
2024-01-25 07:58:02,552 [timer7] DEBUG client.RaftClient (RaftClientImpl.java:newRequest(95)) - attempt #4, newRequest RaftClientRequest:client-2312CCC7CA78->s2@group-796A68A19D2E, cid=84, seq=null, Watch-ALL_COMMITTED(28), null
2024-01-25 07:58:02,552 [timer7] DEBUG impl.UnorderedAsync (UnorderedAsync.java:sendRequestWithRetry(80)) - client-2312CCC7CA78: attempt #4 send~ RaftClientRequest:client-2312CCC7CA78->s2@group-796A68A19D2E, cid=84, seq=null, Watch-ALL_COMMITTED(28), null
2024-01-25 07:58:02,552 [timer2] DEBUG client.RaftClient (RaftClientImpl.java:get(158)) - client-2312CCC7CA78: get 88 returns []
2024-01-25 07:58:02,552 [timer1] DEBUG client.RaftClient (RaftClientImpl.java:get(158)) - client-2312CCC7CA78: get 86 returns []
2024-01-25 07:58:02,552 [timer2] DEBUG client.RaftClient (RaftClientImpl.java:newRequest(95)) - attempt #3, newRequest RaftClientRequest:client-2312CCC7CA78->s2@group-796A68A19D2E, cid=88, seq=null, Watch-ALL_COMMITTED(29), null
2024-01-25 07:58:02,552 [timer2] DEBUG impl.UnorderedAsync (UnorderedAsync.java:sendRequestWithRetry(80)) - client-2312CCC7CA78: attempt #3 send~ RaftClientRequest:client-2312CCC7CA78->s2@group-796A68A19D2E, cid=88, seq=null, Watch-ALL_COMMITTED(29), null
2024-01-25 07:58:02,552 [timer1] DEBUG client.RaftClient (RaftClientImpl.java:newRequest(95)) - attempt #3, newRequest RaftClientRequest:client-2312CCC7CA78->s2@group-796A68A19D2E, cid=86, seq=null, Watch-ALL(29), null
2024-01-25 07:58:02,553 [timer1] DEBUG impl.UnorderedAsync (UnorderedAsync.java:sendRequestWithRetry(80)) - client-2312CCC7CA78: attempt #3 send~ RaftClientRequest:client-2312CCC7CA78->s2@group-796A68A19D2E, cid=86, seq=null, Watch-ALL(29), null
2024-01-25 07:58:02,555 [s2-client-thread2] DEBUG server.RaftServer$Division (RaftServerImpl.java:submitClientRequestAsync(880)) - s2@group-796A68A19D2E: receive client request(RaftClientRequest:client-2312CCC7CA78->s2@group-796A68A19D2E, cid=80, seq=null, Watch-ALL_COMMITTED(26), Message:<EMPTY>)
2024-01-25 07:58:02,556 [null-request--thread1] INFO  server.GrpcClientProtocolService (GrpcClientProtocolService.java:lambda$processClientRequest$0(323)) - Failed RaftClientRequest:client-2312CCC7CA78->s2@group-796A68A19D2E, cid=80, seq=null, Watch-ALL_COMMITTED(26), Message:<EMPTY>, reply=RaftClientReply:client-2312CCC7CA78->s2@group-796A68A19D2E, cid=80, FAILED org.apache.ratis.protocol.exceptions.NotLeaderException: Server s2@group-796A68A19D2E is not the leader s0|localhost:15000, logIndex=0, commits[s2:c25, s0:c59, s1:c59]
2024-01-25 07:58:02,556 [s2-client-thread2] DEBUG server.RaftServer$Division (RaftServerImpl.java:submitClientRequestAsync(880)) - s2@group-796A68A19D2E: receive client request(RaftClientRequest:client-2312CCC7CA78->s2@group-796A68A19D2E, cid=84, seq=null, Watch-ALL_COMMITTED(28), Message:<EMPTY>)
2024-01-25 07:58:02,556 [null-request--thread1] INFO  server.GrpcClientProtocolService (GrpcClientProtocolService.java:lambda$processClientRequest$0(323)) - Failed RaftClientRequest:client-2312CCC7CA78->s2@group-796A68A19D2E, cid=84, seq=null, Watch-ALL_COMMITTED(28), Message:<EMPTY>, reply=RaftClientReply:client-2312CCC7CA78->s2@group-796A68A19D2E, cid=84, FAILED org.apache.ratis.protocol.exceptions.NotLeaderException: Server s2@group-796A68A19D2E is not the leader s0|localhost:15000, logIndex=0, commits[s2:c25, s0:c59, s1:c59]
2024-01-25 07:58:02,557 [s2-client-thread2] DEBUG server.RaftServer$Division (RaftServerImpl.java:submitClientRequestAsync(880)) - s2@group-796A68A19D2E: receive client request(RaftClientRequest:client-2312CCC7CA78->s2@group-796A68A19D2E, cid=88, seq=null, Watch-ALL_COMMITTED(29), Message:<EMPTY>)
2024-01-25 07:58:02,557 [ForkJoinPool.commonPool-worker-2] DEBUG impl.UnorderedAsync (UnorderedAsync.java:lambda$sendRequestWithRetry$4(83)) - client-2312CCC7CA78: attempt #5 receive~ null
2024-01-25 07:58:02,557 [ForkJoinPool.commonPool-worker-3] DEBUG impl.UnorderedAsync (UnorderedAsync.java:lambda$sendRequestWithRetry$4(83)) - client-2312CCC7CA78: attempt #4 receive~ null
2024-01-25 07:58:02,557 [null-request--thread1] INFO  server.GrpcClientProtocolService (GrpcClientProtocolService.java:lambda$processClientRequest$0(323)) - Failed RaftClientRequest:client-2312CCC7CA78->s2@group-796A68A19D2E, cid=88, seq=null, Watch-ALL_COMMITTED(29), Message:<EMPTY>, reply=RaftClientReply:client-2312CCC7CA78->s2@group-796A68A19D2E, cid=88, FAILED org.apache.ratis.protocol.exceptions.NotLeaderException: Server s2@group-796A68A19D2E is not the leader s0|localhost:15000, logIndex=0, commits[s2:c25, s0:c59, s1:c59]
2024-01-25 07:58:02,557 [ForkJoinPool.commonPool-worker-3] TRACE impl.UnorderedAsync (UnorderedAsync.java:lambda$sendRequestWithRetry$4(108)) - client-2312CCC7CA78: attempt #4 failed~ RaftClientRequest:client-2312CCC7CA78->s2@group-796A68A19D2E, cid=84, seq=null, Watch-ALL_COMMITTED(28), null
org.apache.ratis.protocol.exceptions.NotLeaderException: Server s2@group-796A68A19D2E is not the leader s0|localhost:15000
	at org.apache.ratis.client.impl.ClientProtoUtils.toRaftClientReply(ClientProtoUtils.java:397)
	at org.apache.ratis.grpc.client.GrpcClientProtocolClient$AsyncStreamObservers$1.onNext(GrpcClientProtocolClient.java:310)
	at org.apache.ratis.grpc.client.GrpcClientProtocolClient$AsyncStreamObservers$1.onNext(GrpcClientProtocolClient.java:305)
	at org.apache.ratis.thirdparty.io.grpc.stub.ClientCalls$StreamObserverToCallListenerAdapter.onMessage(ClientCalls.java:468)
	at org.apache.ratis.thirdparty.io.grpc.ForwardingClientCallListener.onMessage(ForwardingClientCallListener.java:33)
	at org.apache.ratis.thirdparty.io.grpc.internal.DelayedClientCall$DelayedListener.onMessage(DelayedClientCall.java:473)
	at org.apache.ratis.thirdparty.io.grpc.internal.ClientCallImpl$ClientStreamListenerImpl$1MessagesAvailable.runInternal(ClientCallImpl.java:660)
	at org.apache.ratis.thirdparty.io.grpc.internal.ClientCallImpl$ClientStreamListenerImpl$1MessagesAvailable.runInContext(ClientCallImpl.java:647)
	at org.apache.ratis.thirdparty.io.grpc.internal.ContextRunnable.run(ContextRunnable.java:37)
	at org.apache.ratis.thirdparty.io.grpc.internal.SerializingExecutor.run(SerializingExecutor.java:133)
	at java.util.concurrent.ThreadPoolExecutor.runWorker(ThreadPoolExecutor.java:1149)
	at java.util.concurrent.ThreadPoolExecutor$Worker.run(ThreadPoolExecutor.java:624)
	at java.lang.Thread.run(Thread.java:750)
2024-01-25 07:58:02,557 [ForkJoinPool.commonPool-worker-2] TRACE impl.UnorderedAsync (UnorderedAsync.java:lambda$sendRequestWithRetry$4(108)) - client-2312CCC7CA78: attempt #5 failed~ RaftClientRequest:client-2312CCC7CA78->s2@group-796A68A19D2E, cid=80, seq=null, Watch-ALL_COMMITTED(26), null
org.apache.ratis.protocol.exceptions.NotLeaderException: Server s2@group-796A68A19D2E is not the leader s0|localhost:15000
	at org.apache.ratis.client.impl.ClientProtoUtils.toRaftClientReply(ClientProtoUtils.java:397)
	at org.apache.ratis.grpc.client.GrpcClientProtocolClient$AsyncStreamObservers$1.onNext(GrpcClientProtocolClient.java:310)
	at org.apache.ratis.grpc.client.GrpcClientProtocolClient$AsyncStreamObservers$1.onNext(GrpcClientProtocolClient.java:305)
	at org.apache.ratis.thirdparty.io.grpc.stub.ClientCalls$StreamObserverToCallListenerAdapter.onMessage(ClientCalls.java:468)
	at org.apache.ratis.thirdparty.io.grpc.ForwardingClientCallListener.onMessage(ForwardingClientCallListener.java:33)
	at org.apache.ratis.thirdparty.io.grpc.internal.DelayedClientCall$DelayedListener.onMessage(DelayedClientCall.java:473)
	at org.apache.ratis.thirdparty.io.grpc.internal.ClientCallImpl$ClientStreamListenerImpl$1MessagesAvailable.runInternal(ClientCallImpl.java:660)
	at org.apache.ratis.thirdparty.io.grpc.internal.ClientCallImpl$ClientStreamListenerImpl$1MessagesAvailable.runInContext(ClientCallImpl.java:647)
	at org.apache.ratis.thirdparty.io.grpc.internal.ContextRunnable.run(ContextRunnable.java:37)
	at org.apache.ratis.thirdparty.io.grpc.internal.SerializingExecutor.run(SerializingExecutor.java:133)
	at java.util.concurrent.ThreadPoolExecutor.runWorker(ThreadPoolExecutor.java:1149)
	at java.util.concurrent.ThreadPoolExecutor$Worker.run(ThreadPoolExecutor.java:624)
	at java.lang.Thread.run(Thread.java:750)
2024-01-25 07:58:02,557 [ForkJoinPool.commonPool-worker-3] DEBUG client.RaftClient (RaftClientImpl.java:handleIOException(417)) - client-2312CCC7CA78: suggested new leader: s0. Failed RaftClientRequest:client-2312CCC7CA78->s2@group-796A68A19D2E, cid=84, seq=null, Watch-ALL_COMMITTED(28), null
org.apache.ratis.protocol.exceptions.NotLeaderException: Server s2@group-796A68A19D2E is not the leader s0|localhost:15000
	at org.apache.ratis.client.impl.ClientProtoUtils.toRaftClientReply(ClientProtoUtils.java:397)
	at org.apache.ratis.grpc.client.GrpcClientProtocolClient$AsyncStreamObservers$1.onNext(GrpcClientProtocolClient.java:310)
	at org.apache.ratis.grpc.client.GrpcClientProtocolClient$AsyncStreamObservers$1.onNext(GrpcClientProtocolClient.java:305)
	at org.apache.ratis.thirdparty.io.grpc.stub.ClientCalls$StreamObserverToCallListenerAdapter.onMessage(ClientCalls.java:468)
	at org.apache.ratis.thirdparty.io.grpc.ForwardingClientCallListener.onMessage(ForwardingClientCallListener.java:33)
	at org.apache.ratis.thirdparty.io.grpc.internal.DelayedClientCall$DelayedListener.onMessage(DelayedClientCall.java:473)
	at org.apache.ratis.thirdparty.io.grpc.internal.ClientCallImpl$ClientStreamListenerImpl$1MessagesAvailable.runInternal(ClientCallImpl.java:660)
	at org.apache.ratis.thirdparty.io.grpc.internal.ClientCallImpl$ClientStreamListenerImpl$1MessagesAvailable.runInContext(ClientCallImpl.java:647)
	at org.apache.ratis.thirdparty.io.grpc.internal.ContextRunnable.run(ContextRunnable.java:37)
	at org.apache.ratis.thirdparty.io.grpc.internal.SerializingExecutor.run(SerializingExecutor.java:133)
	at java.util.concurrent.ThreadPoolExecutor.runWorker(ThreadPoolExecutor.java:1149)
	at java.util.concurrent.ThreadPoolExecutor$Worker.run(ThreadPoolExecutor.java:624)
	at java.lang.Thread.run(Thread.java:750)
2024-01-25 07:58:02,558 [ForkJoinPool.commonPool-worker-3] TRACE client.RaftClient (RaftClientImpl.java:handleIOException(419)) - Stack trace
java.lang.Throwable: TRACE
	at org.apache.ratis.client.impl.RaftClientImpl.handleIOException(RaftClientImpl.java:419)
	at org.apache.ratis.client.impl.RaftClientImpl.handleNotLeaderException(RaftClientImpl.java:399)
	at org.apache.ratis.client.impl.UnorderedAsync.lambda$sendRequestWithRetry$4(UnorderedAsync.java:116)
	at java.util.concurrent.CompletableFuture.uniWhenComplete(CompletableFuture.java:774)
	at java.util.concurrent.CompletableFuture$UniWhenComplete.tryFire(CompletableFuture.java:750)
	at java.util.concurrent.CompletableFuture$Completion.exec(CompletableFuture.java:457)
	at java.util.concurrent.ForkJoinTask.doExec(ForkJoinTask.java:289)
	at java.util.concurrent.ForkJoinPool$WorkQueue.runTask(ForkJoinPool.java:1056)
	at java.util.concurrent.ForkJoinPool.runWorker(ForkJoinPool.java:1692)
	at java.util.concurrent.ForkJoinWorkerThread.run(ForkJoinWorkerThread.java:175)
2024-01-25 07:58:02,558 [ForkJoinPool.commonPool-worker-3] DEBUG client.RaftClient (RaftClientImpl.java:handleIOException(435)) - client-2312CCC7CA78: oldLeader=s2,  curLeader=s2, newLeader=s0
2024-01-25 07:58:02,558 [ForkJoinPool.commonPool-worker-3] DEBUG client.RaftClient (RaftClientImpl.java:handleIOException(441)) - client-2312CCC7CA78 changes Leader from s2 to s0 for group-796A68A19D2E
org.apache.ratis.protocol.exceptions.NotLeaderException: Server s2@group-796A68A19D2E is not the leader s0|localhost:15000
	at org.apache.ratis.client.impl.ClientProtoUtils.toRaftClientReply(ClientProtoUtils.java:397)
	at org.apache.ratis.grpc.client.GrpcClientProtocolClient$AsyncStreamObservers$1.onNext(GrpcClientProtocolClient.java:310)
	at org.apache.ratis.grpc.client.GrpcClientProtocolClient$AsyncStreamObservers$1.onNext(GrpcClientProtocolClient.java:305)
	at org.apache.ratis.thirdparty.io.grpc.stub.ClientCalls$StreamObserverToCallListenerAdapter.onMessage(ClientCalls.java:468)
	at org.apache.ratis.thirdparty.io.grpc.ForwardingClientCallListener.onMessage(ForwardingClientCallListener.java:33)
	at org.apache.ratis.thirdparty.io.grpc.internal.DelayedClientCall$DelayedListener.onMessage(DelayedClientCall.java:473)
	at org.apache.ratis.thirdparty.io.grpc.internal.ClientCallImpl$ClientStreamListenerImpl$1MessagesAvailable.runInternal(ClientCallImpl.java:660)
	at org.apache.ratis.thirdparty.io.grpc.internal.ClientCallImpl$ClientStreamListenerImpl$1MessagesAvailable.runInContext(ClientCallImpl.java:647)
	at org.apache.ratis.thirdparty.io.grpc.internal.ContextRunnable.run(ContextRunnable.java:37)
	at org.apache.ratis.thirdparty.io.grpc.internal.SerializingExecutor.run(SerializingExecutor.java:133)
	at java.util.concurrent.ThreadPoolExecutor.runWorker(ThreadPoolExecutor.java:1149)
	at java.util.concurrent.ThreadPoolExecutor$Worker.run(ThreadPoolExecutor.java:624)
	at java.lang.Thread.run(Thread.java:750)
2024-01-25 07:58:02,557 [s2-client-thread2] DEBUG server.RaftServer$Division (RaftServerImpl.java:submitClientRequestAsync(880)) - s2@group-796A68A19D2E: receive client request(RaftClientRequest:client-2312CCC7CA78->s2@group-796A68A19D2E, cid=86, seq=null, Watch-ALL(29), Message:<EMPTY>)
2024-01-25 07:58:02,558 [ForkJoinPool.commonPool-worker-2] DEBUG client.RaftClient (RaftClientImpl.java:handleIOException(417)) - client-2312CCC7CA78: suggested new leader: s0. Failed RaftClientRequest:client-2312CCC7CA78->s2@group-796A68A19D2E, cid=80, seq=null, Watch-ALL_COMMITTED(26), null
org.apache.ratis.protocol.exceptions.NotLeaderException: Server s2@group-796A68A19D2E is not the leader s0|localhost:15000
	at org.apache.ratis.client.impl.ClientProtoUtils.toRaftClientReply(ClientProtoUtils.java:397)
	at org.apache.ratis.grpc.client.GrpcClientProtocolClient$AsyncStreamObservers$1.onNext(GrpcClientProtocolClient.java:310)
	at org.apache.ratis.grpc.client.GrpcClientProtocolClient$AsyncStreamObservers$1.onNext(GrpcClientProtocolClient.java:305)
	at org.apache.ratis.thirdparty.io.grpc.stub.ClientCalls$StreamObserverToCallListenerAdapter.onMessage(ClientCalls.java:468)
	at org.apache.ratis.thirdparty.io.grpc.ForwardingClientCallListener.onMessage(ForwardingClientCallListener.java:33)
	at org.apache.ratis.thirdparty.io.grpc.internal.DelayedClientCall$DelayedListener.onMessage(DelayedClientCall.java:473)
	at org.apache.ratis.thirdparty.io.grpc.internal.ClientCallImpl$ClientStreamListenerImpl$1MessagesAvailable.runInternal(ClientCallImpl.java:660)
	at org.apache.ratis.thirdparty.io.grpc.internal.ClientCallImpl$ClientStreamListenerImpl$1MessagesAvailable.runInContext(ClientCallImpl.java:647)
	at org.apache.ratis.thirdparty.io.grpc.internal.ContextRunnable.run(ContextRunnable.java:37)
	at org.apache.ratis.thirdparty.io.grpc.internal.SerializingExecutor.run(SerializingExecutor.java:133)
	at java.util.concurrent.ThreadPoolExecutor.runWorker(ThreadPoolExecutor.java:1149)
	at java.util.concurrent.ThreadPoolExecutor$Worker.run(ThreadPoolExecutor.java:624)
	at java.lang.Thread.run(Thread.java:750)
2024-01-25 07:58:02,558 [ForkJoinPool.commonPool-worker-2] TRACE client.RaftClient (RaftClientImpl.java:handleIOException(419)) - Stack trace
java.lang.Throwable: TRACE
	at org.apache.ratis.client.impl.RaftClientImpl.handleIOException(RaftClientImpl.java:419)
	at org.apache.ratis.client.impl.RaftClientImpl.handleNotLeaderException(RaftClientImpl.java:399)
	at org.apache.ratis.client.impl.UnorderedAsync.lambda$sendRequestWithRetry$4(UnorderedAsync.java:116)
	at java.util.concurrent.CompletableFuture.uniWhenComplete(CompletableFuture.java:774)
	at java.util.concurrent.CompletableFuture$UniWhenComplete.tryFire(CompletableFuture.java:750)
	at java.util.concurrent.CompletableFuture$Completion.exec(CompletableFuture.java:457)
	at java.util.concurrent.ForkJoinTask.doExec(ForkJoinTask.java:289)
	at java.util.concurrent.ForkJoinPool$WorkQueue.runTask(ForkJoinPool.java:1056)
	at java.util.concurrent.ForkJoinPool.runWorker(ForkJoinPool.java:1692)
	at java.util.concurrent.ForkJoinWorkerThread.run(ForkJoinWorkerThread.java:175)
2024-01-25 07:58:02,558 [null-request--thread1] INFO  server.GrpcClientProtocolService (GrpcClientProtocolService.java:lambda$processClientRequest$0(323)) - Failed RaftClientRequest:client-2312CCC7CA78->s2@group-796A68A19D2E, cid=86, seq=null, Watch-ALL(29), Message:<EMPTY>, reply=RaftClientReply:client-2312CCC7CA78->s2@group-796A68A19D2E, cid=86, FAILED org.apache.ratis.protocol.exceptions.NotLeaderException: Server s2@group-796A68A19D2E is not the leader s0|localhost:15000, logIndex=0, commits[s2:c25, s0:c59, s1:c59]
2024-01-25 07:58:02,558 [ForkJoinPool.commonPool-worker-2] DEBUG client.RaftClient (RaftClientImpl.java:handleIOException(435)) - client-2312CCC7CA78: oldLeader=s2,  curLeader=s0, newLeader=s0
2024-01-25 07:58:02,558 [ForkJoinPool.commonPool-worker-2] DEBUG impl.UnorderedAsync (UnorderedAsync.java:lambda$sendRequestWithRetry$4(132)) - schedule~ attempt #5 with sleep 0ns and policy RetryForeverWithSleep(sleepTime = 100ms) for RaftClientRequest:client-2312CCC7CA78->s2@group-796A68A19D2E, cid=80, seq=null, Watch-ALL_COMMITTED(26), null
2024-01-25 07:58:02,559 [ForkJoinPool.commonPool-worker-2] DEBUG impl.UnorderedAsync (UnorderedAsync.java:lambda$sendRequestWithRetry$4(83)) - client-2312CCC7CA78: attempt #3 receive~ null
2024-01-25 07:58:02,559 [timer6] DEBUG client.RaftClient (RaftClientImpl.java:get(158)) - client-2312CCC7CA78: get 80 returns []
2024-01-25 07:58:02,559 [ForkJoinPool.commonPool-worker-2] TRACE impl.UnorderedAsync (UnorderedAsync.java:lambda$sendRequestWithRetry$4(108)) - client-2312CCC7CA78: attempt #3 failed~ RaftClientRequest:client-2312CCC7CA78->s2@group-796A68A19D2E, cid=86, seq=null, Watch-ALL(29), null
org.apache.ratis.protocol.exceptions.NotLeaderException: Server s2@group-796A68A19D2E is not the leader s0|localhost:15000
	at org.apache.ratis.client.impl.ClientProtoUtils.toRaftClientReply(ClientProtoUtils.java:397)
	at org.apache.ratis.grpc.client.GrpcClientProtocolClient$AsyncStreamObservers$1.onNext(GrpcClientProtocolClient.java:310)
	at org.apache.ratis.grpc.client.GrpcClientProtocolClient$AsyncStreamObservers$1.onNext(GrpcClientProtocolClient.java:305)
	at org.apache.ratis.thirdparty.io.grpc.stub.ClientCalls$StreamObserverToCallListenerAdapter.onMessage(ClientCalls.java:468)
	at org.apache.ratis.thirdparty.io.grpc.ForwardingClientCallListener.onMessage(ForwardingClientCallListener.java:33)
	at org.apache.ratis.thirdparty.io.grpc.internal.DelayedClientCall$DelayedListener.onMessage(DelayedClientCall.java:473)
	at org.apache.ratis.thirdparty.io.grpc.internal.ClientCallImpl$ClientStreamListenerImpl$1MessagesAvailable.runInternal(ClientCallImpl.java:660)
	at org.apache.ratis.thirdparty.io.grpc.internal.ClientCallImpl$ClientStreamListenerImpl$1MessagesAvailable.runInContext(ClientCallImpl.java:647)
	at org.apache.ratis.thirdparty.io.grpc.internal.ContextRunnable.run(ContextRunnable.java:37)
	at org.apache.ratis.thirdparty.io.grpc.internal.SerializingExecutor.run(SerializingExecutor.java:133)
	at java.util.concurrent.ThreadPoolExecutor.runWorker(ThreadPoolExecutor.java:1149)
	at java.util.concurrent.ThreadPoolExecutor$Worker.run(ThreadPoolExecutor.java:624)
	at java.lang.Thread.run(Thread.java:750)
2024-01-25 07:58:02,559 [timer6] DEBUG client.RaftClient (RaftClientImpl.java:newRequest(95)) - attempt #6, newRequest RaftClientRequest:client-2312CCC7CA78->s0@group-796A68A19D2E, cid=80, seq=null, Watch-ALL_COMMITTED(26), null
2024-01-25 07:58:02,559 [ForkJoinPool.commonPool-worker-2] DEBUG client.RaftClient (RaftClientImpl.java:handleIOException(417)) - client-2312CCC7CA78: suggested new leader: s0. Failed RaftClientRequest:client-2312CCC7CA78->s2@group-796A68A19D2E, cid=86, seq=null, Watch-ALL(29), null
org.apache.ratis.protocol.exceptions.NotLeaderException: Server s2@group-796A68A19D2E is not the leader s0|localhost:15000
	at org.apache.ratis.client.impl.ClientProtoUtils.toRaftClientReply(ClientProtoUtils.java:397)
	at org.apache.ratis.grpc.client.GrpcClientProtocolClient$AsyncStreamObservers$1.onNext(GrpcClientProtocolClient.java:310)
	at org.apache.ratis.grpc.client.GrpcClientProtocolClient$AsyncStreamObservers$1.onNext(GrpcClientProtocolClient.java:305)
	at org.apache.ratis.thirdparty.io.grpc.stub.ClientCalls$StreamObserverToCallListenerAdapter.onMessage(ClientCalls.java:468)
	at org.apache.ratis.thirdparty.io.grpc.ForwardingClientCallListener.onMessage(ForwardingClientCallListener.java:33)
	at org.apache.ratis.thirdparty.io.grpc.internal.DelayedClientCall$DelayedListener.onMessage(DelayedClientCall.java:473)
	at org.apache.ratis.thirdparty.io.grpc.internal.ClientCallImpl$ClientStreamListenerImpl$1MessagesAvailable.runInternal(ClientCallImpl.java:660)
	at org.apache.ratis.thirdparty.io.grpc.internal.ClientCallImpl$ClientStreamListenerImpl$1MessagesAvailable.runInContext(ClientCallImpl.java:647)
	at org.apache.ratis.thirdparty.io.grpc.internal.ContextRunnable.run(ContextRunnable.java:37)
	at org.apache.ratis.thirdparty.io.grpc.internal.SerializingExecutor.run(SerializingExecutor.java:133)
	at java.util.concurrent.ThreadPoolExecutor.runWorker(ThreadPoolExecutor.java:1149)
	at java.util.concurrent.ThreadPoolExecutor$Worker.run(ThreadPoolExecutor.java:624)
	at java.lang.Thread.run(Thread.java:750)
2024-01-25 07:58:02,559 [ForkJoinPool.commonPool-worker-2] TRACE client.RaftClient (RaftClientImpl.java:handleIOException(419)) - Stack trace
java.lang.Throwable: TRACE
	at org.apache.ratis.client.impl.RaftClientImpl.handleIOException(RaftClientImpl.java:419)
	at org.apache.ratis.client.impl.RaftClientImpl.handleNotLeaderException(RaftClientImpl.java:399)
	at org.apache.ratis.client.impl.UnorderedAsync.lambda$sendRequestWithRetry$4(UnorderedAsync.java:116)
	at java.util.concurrent.CompletableFuture.uniWhenComplete(CompletableFuture.java:774)
	at java.util.concurrent.CompletableFuture$UniWhenComplete.tryFire(CompletableFuture.java:750)
	at java.util.concurrent.CompletableFuture$Completion.exec(CompletableFuture.java:457)
	at java.util.concurrent.ForkJoinTask.doExec(ForkJoinTask.java:289)
	at java.util.concurrent.ForkJoinPool$WorkQueue.runTask(ForkJoinPool.java:1056)
	at java.util.concurrent.ForkJoinPool.runWorker(ForkJoinPool.java:1692)
	at java.util.concurrent.ForkJoinWorkerThread.run(ForkJoinWorkerThread.java:175)
2024-01-25 07:58:02,559 [ForkJoinPool.commonPool-worker-2] DEBUG client.RaftClient (RaftClientImpl.java:handleIOException(435)) - client-2312CCC7CA78: oldLeader=s2,  curLeader=s0, newLeader=s0
2024-01-25 07:58:02,559 [ForkJoinPool.commonPool-worker-2] DEBUG impl.UnorderedAsync (UnorderedAsync.java:lambda$sendRequestWithRetry$4(132)) - schedule~ attempt #3 with sleep 0ns and policy RetryForeverWithSleep(sleepTime = 100ms) for RaftClientRequest:client-2312CCC7CA78->s2@group-796A68A19D2E, cid=86, seq=null, Watch-ALL(29), null
2024-01-25 07:58:02,559 [ForkJoinPool.commonPool-worker-2] DEBUG impl.UnorderedAsync (UnorderedAsync.java:lambda$sendRequestWithRetry$4(83)) - client-2312CCC7CA78: attempt #3 receive~ null
2024-01-25 07:58:02,559 [ForkJoinPool.commonPool-worker-2] TRACE impl.UnorderedAsync (UnorderedAsync.java:lambda$sendRequestWithRetry$4(108)) - client-2312CCC7CA78: attempt #3 failed~ RaftClientRequest:client-2312CCC7CA78->s2@group-796A68A19D2E, cid=88, seq=null, Watch-ALL_COMMITTED(29), null
org.apache.ratis.protocol.exceptions.NotLeaderException: Server s2@group-796A68A19D2E is not the leader s0|localhost:15000
	at org.apache.ratis.client.impl.ClientProtoUtils.toRaftClientReply(ClientProtoUtils.java:397)
	at org.apache.ratis.grpc.client.GrpcClientProtocolClient$AsyncStreamObservers$1.onNext(GrpcClientProtocolClient.java:310)
	at org.apache.ratis.grpc.client.GrpcClientProtocolClient$AsyncStreamObservers$1.onNext(GrpcClientProtocolClient.java:305)
	at org.apache.ratis.thirdparty.io.grpc.stub.ClientCalls$StreamObserverToCallListenerAdapter.onMessage(ClientCalls.java:468)
	at org.apache.ratis.thirdparty.io.grpc.ForwardingClientCallListener.onMessage(ForwardingClientCallListener.java:33)
	at org.apache.ratis.thirdparty.io.grpc.internal.DelayedClientCall$DelayedListener.onMessage(DelayedClientCall.java:473)
	at org.apache.ratis.thirdparty.io.grpc.internal.ClientCallImpl$ClientStreamListenerImpl$1MessagesAvailable.runInternal(ClientCallImpl.java:660)
	at org.apache.ratis.thirdparty.io.grpc.internal.ClientCallImpl$ClientStreamListenerImpl$1MessagesAvailable.runInContext(ClientCallImpl.java:647)
	at org.apache.ratis.thirdparty.io.grpc.internal.ContextRunnable.run(ContextRunnable.java:37)
	at org.apache.ratis.thirdparty.io.grpc.internal.SerializingExecutor.run(SerializingExecutor.java:133)
	at java.util.concurrent.ThreadPoolExecutor.runWorker(ThreadPoolExecutor.java:1149)
	at java.util.concurrent.ThreadPoolExecutor$Worker.run(ThreadPoolExecutor.java:624)
	at java.lang.Thread.run(Thread.java:750)
2024-01-25 07:58:02,559 [timer6] DEBUG impl.UnorderedAsync (UnorderedAsync.java:sendRequestWithRetry(80)) - client-2312CCC7CA78: attempt #6 send~ RaftClientRequest:client-2312CCC7CA78->s0@group-796A68A19D2E, cid=80, seq=null, Watch-ALL_COMMITTED(26), null
2024-01-25 07:58:02,561 [ForkJoinPool.commonPool-worker-2] DEBUG client.RaftClient (RaftClientImpl.java:handleIOException(417)) - client-2312CCC7CA78: suggested new leader: s0. Failed RaftClientRequest:client-2312CCC7CA78->s2@group-796A68A19D2E, cid=88, seq=null, Watch-ALL_COMMITTED(29), null
org.apache.ratis.protocol.exceptions.NotLeaderException: Server s2@group-796A68A19D2E is not the leader s0|localhost:15000
	at org.apache.ratis.client.impl.ClientProtoUtils.toRaftClientReply(ClientProtoUtils.java:397)
	at org.apache.ratis.grpc.client.GrpcClientProtocolClient$AsyncStreamObservers$1.onNext(GrpcClientProtocolClient.java:310)
	at org.apache.ratis.grpc.client.GrpcClientProtocolClient$AsyncStreamObservers$1.onNext(GrpcClientProtocolClient.java:305)
	at org.apache.ratis.thirdparty.io.grpc.stub.ClientCalls$StreamObserverToCallListenerAdapter.onMessage(ClientCalls.java:468)
	at org.apache.ratis.thirdparty.io.grpc.ForwardingClientCallListener.onMessage(ForwardingClientCallListener.java:33)
	at org.apache.ratis.thirdparty.io.grpc.internal.DelayedClientCall$DelayedListener.onMessage(DelayedClientCall.java:473)
	at org.apache.ratis.thirdparty.io.grpc.internal.ClientCallImpl$ClientStreamListenerImpl$1MessagesAvailable.runInternal(ClientCallImpl.java:660)
	at org.apache.ratis.thirdparty.io.grpc.internal.ClientCallImpl$ClientStreamListenerImpl$1MessagesAvailable.runInContext(ClientCallImpl.java:647)
	at org.apache.ratis.thirdparty.io.grpc.internal.ContextRunnable.run(ContextRunnable.java:37)
	at org.apache.ratis.thirdparty.io.grpc.internal.SerializingExecutor.run(SerializingExecutor.java:133)
	at java.util.concurrent.ThreadPoolExecutor.runWorker(ThreadPoolExecutor.java:1149)
	at java.util.concurrent.ThreadPoolExecutor$Worker.run(ThreadPoolExecutor.java:624)
	at java.lang.Thread.run(Thread.java:750)
2024-01-25 07:58:02,561 [ForkJoinPool.commonPool-worker-2] TRACE client.RaftClient (RaftClientImpl.java:handleIOException(419)) - Stack trace
java.lang.Throwable: TRACE
	at org.apache.ratis.client.impl.RaftClientImpl.handleIOException(RaftClientImpl.java:419)
	at org.apache.ratis.client.impl.RaftClientImpl.handleNotLeaderException(RaftClientImpl.java:399)
	at org.apache.ratis.client.impl.UnorderedAsync.lambda$sendRequestWithRetry$4(UnorderedAsync.java:116)
	at java.util.concurrent.CompletableFuture.uniWhenComplete(CompletableFuture.java:774)
	at java.util.concurrent.CompletableFuture$UniWhenComplete.tryFire(CompletableFuture.java:750)
	at java.util.concurrent.CompletableFuture$Completion.exec(CompletableFuture.java:457)
	at java.util.concurrent.ForkJoinTask.doExec(ForkJoinTask.java:289)
	at java.util.concurrent.ForkJoinPool$WorkQueue.runTask(ForkJoinPool.java:1056)
	at java.util.concurrent.ForkJoinPool.runWorker(ForkJoinPool.java:1692)
	at java.util.concurrent.ForkJoinWorkerThread.run(ForkJoinWorkerThread.java:175)
2024-01-25 07:58:02,561 [ForkJoinPool.commonPool-worker-2] DEBUG client.RaftClient (RaftClientImpl.java:handleIOException(435)) - client-2312CCC7CA78: oldLeader=s2,  curLeader=s0, newLeader=s0
2024-01-25 07:58:02,561 [ForkJoinPool.commonPool-worker-2] DEBUG impl.UnorderedAsync (UnorderedAsync.java:lambda$sendRequestWithRetry$4(132)) - schedule~ attempt #3 with sleep 0ns and policy RetryForeverWithSleep(sleepTime = 100ms) for RaftClientRequest:client-2312CCC7CA78->s2@group-796A68A19D2E, cid=88, seq=null, Watch-ALL_COMMITTED(29), null
2024-01-25 07:58:02,561 [timer0] DEBUG client.RaftClient (RaftClientImpl.java:get(158)) - client-2312CCC7CA78: get 88 returns []
2024-01-25 07:58:02,561 [timer0] DEBUG client.RaftClient (RaftClientImpl.java:newRequest(95)) - attempt #4, newRequest RaftClientRequest:client-2312CCC7CA78->s0@group-796A68A19D2E, cid=88, seq=null, Watch-ALL_COMMITTED(29), null
2024-01-25 07:58:02,561 [timer0] DEBUG impl.UnorderedAsync (UnorderedAsync.java:sendRequestWithRetry(80)) - client-2312CCC7CA78: attempt #4 send~ RaftClientRequest:client-2312CCC7CA78->s0@group-796A68A19D2E, cid=88, seq=null, Watch-ALL_COMMITTED(29), null
2024-01-25 07:58:02,561 [timer7] DEBUG client.RaftClient (RaftClientImpl.java:get(158)) - client-2312CCC7CA78: get 86 returns []
2024-01-25 07:58:02,562 [timer7] DEBUG client.RaftClient (RaftClientImpl.java:newRequest(95)) - attempt #4, newRequest RaftClientRequest:client-2312CCC7CA78->s0@group-796A68A19D2E, cid=86, seq=null, Watch-ALL(29), null
2024-01-25 07:58:02,562 [timer7] DEBUG impl.UnorderedAsync (UnorderedAsync.java:sendRequestWithRetry(80)) - client-2312CCC7CA78: attempt #4 send~ RaftClientRequest:client-2312CCC7CA78->s0@group-796A68A19D2E, cid=86, seq=null, Watch-ALL(29), null
2024-01-25 07:58:02,561 [ForkJoinPool.commonPool-worker-3] DEBUG impl.UnorderedAsync (UnorderedAsync.java:lambda$sendRequestWithRetry$4(132)) - schedule~ attempt #4 with sleep 0ns and policy RetryForeverWithSleep(sleepTime = 100ms) for RaftClientRequest:client-2312CCC7CA78->s2@group-796A68A19D2E, cid=84, seq=null, Watch-ALL_COMMITTED(28), null
2024-01-25 07:58:02,562 [timer2] DEBUG client.RaftClient (RaftClientImpl.java:get(158)) - client-2312CCC7CA78: get 84 returns []
2024-01-25 07:58:02,562 [timer2] DEBUG client.RaftClient (RaftClientImpl.java:newRequest(95)) - attempt #5, newRequest RaftClientRequest:client-2312CCC7CA78->s0@group-796A68A19D2E, cid=84, seq=null, Watch-ALL_COMMITTED(28), null
2024-01-25 07:58:02,562 [timer2] DEBUG impl.UnorderedAsync (UnorderedAsync.java:sendRequestWithRetry(80)) - client-2312CCC7CA78: attempt #5 send~ RaftClientRequest:client-2312CCC7CA78->s0@group-796A68A19D2E, cid=84, seq=null, Watch-ALL_COMMITTED(28), null
2024-01-25 07:58:02,571 [s0-client-thread1] DEBUG server.RaftServer$Division (RaftServerImpl.java:submitClientRequestAsync(880)) - s0@group-796A68A19D2E: receive client request(RaftClientRequest:client-2312CCC7CA78->s0@group-796A68A19D2E, cid=84, seq=null, Watch-ALL_COMMITTED(28), Message:<EMPTY>)
2024-01-25 07:58:02,571 [s0-client-thread1] DEBUG server.RaftServer$Division (LeaderStateImpl.java:addWatchRequest(552)) - s0@group-796A68A19D2E-LeaderStateImpl: addWatchRequest RaftClientRequest:client-2312CCC7CA78->s0@group-796A68A19D2E, cid=84, seq=null, Watch-ALL_COMMITTED(28), Message:<EMPTY>
2024-01-25 07:58:02,571 [s0-client-thread1] DEBUG server.RaftServer$Division (RaftServerImpl.java:submitClientRequestAsync(880)) - s0@group-796A68A19D2E: receive client request(RaftClientRequest:client-2312CCC7CA78->s0@group-796A68A19D2E, cid=86, seq=null, Watch-ALL(29), Message:<EMPTY>)
2024-01-25 07:58:02,571 [s0-client-thread1] DEBUG server.RaftServer$Division (LeaderStateImpl.java:addWatchRequest(552)) - s0@group-796A68A19D2E-LeaderStateImpl: addWatchRequest RaftClientRequest:client-2312CCC7CA78->s0@group-796A68A19D2E, cid=86, seq=null, Watch-ALL(29), Message:<EMPTY>
2024-01-25 07:58:02,572 [s0-client-thread1] DEBUG server.RaftServer$Division (RaftServerImpl.java:submitClientRequestAsync(880)) - s0@group-796A68A19D2E: receive client request(RaftClientRequest:client-2312CCC7CA78->s0@group-796A68A19D2E, cid=88, seq=null, Watch-ALL_COMMITTED(29), Message:<EMPTY>)
2024-01-25 07:58:02,572 [s0-client-thread1] DEBUG server.RaftServer$Division (LeaderStateImpl.java:addWatchRequest(552)) - s0@group-796A68A19D2E-LeaderStateImpl: addWatchRequest RaftClientRequest:client-2312CCC7CA78->s0@group-796A68A19D2E, cid=88, seq=null, Watch-ALL_COMMITTED(29), Message:<EMPTY>
2024-01-25 07:58:02,572 [s0-client-thread1] DEBUG server.RaftServer$Division (RaftServerImpl.java:submitClientRequestAsync(880)) - s0@group-796A68A19D2E: receive client request(RaftClientRequest:client-2312CCC7CA78->s0@group-796A68A19D2E, cid=80, seq=null, Watch-ALL_COMMITTED(26), Message:<EMPTY>)
2024-01-25 07:58:02,572 [s0-client-thread1] DEBUG server.RaftServer$Division (LeaderStateImpl.java:addWatchRequest(552)) - s0@group-796A68A19D2E-LeaderStateImpl: addWatchRequest RaftClientRequest:client-2312CCC7CA78->s0@group-796A68A19D2E, cid=80, seq=null, Watch-ALL_COMMITTED(26), Message:<EMPTY>
2024-01-25 07:58:02,632 [Timer-0] INFO  impl.MiniRaftCluster (MiniRaftCluster.java:lambda$null$7(348)) - TIMED-PRINT: printing ALL groups
  s0:  RUNNING    LEADER s0@group-796A68A19D2E:t3, leader=s0, voted=s0, raftlog=Memoized:s0@group-796A68A19D2E-SegmentedRaftLog:OPENED:c59, conf=24: peers:[s0|localhost:15000, s1|localhost:15004, s2|localhost:15008]|listeners:[], old=null RUNNING
  s1:  RUNNING  FOLLOWER s1@group-796A68A19D2E:t3, leader=s0, voted=s0, raftlog=Memoized:s1@group-796A68A19D2E-SegmentedRaftLog:OPENED:c59, conf=24: peers:[s0|localhost:15000, s1|localhost:15004, s2|localhost:15008]|listeners:[], old=null RUNNING
  s2:  RUNNING  FOLLOWER s2@group-796A68A19D2E:t3, leader=s0, voted=s0, raftlog=Memoized:s2@group-796A68A19D2E-SegmentedRaftLog:OPENED:c25, conf=24: peers:[s0|localhost:15000, s1|localhost:15004, s2|localhost:15008]|listeners:[], old=null RUNNING
2024-01-25 07:58:03,398 [ForkJoinPool.commonPool-worker-0] WARN  grpc.GrpcUtil (GrpcUtil.java:shutdownManagedChannel(237)) - Timed out gracefully shutting down connection: ManagedChannelOrphanWrapper{delegate=ManagedChannelImpl{logId=200, target=localhost:15002}}. 
2024-01-25 07:58:03,399 [ForkJoinPool.commonPool-worker-0] DEBUG impl.UnorderedAsync (UnorderedAsync.java:lambda$sendRequestWithRetry$4(132)) - schedule~ attempt #2 with sleep 100ms and policy RetryForeverWithSleep(sleepTime = 100ms) for RaftClientRequest:client-2312CCC7CA78->s0@group-796A68A19D2E, cid=78, seq=null, Watch-ALL(26), null
2024-01-25 07:58:03,403 [ForkJoinPool.commonPool-worker-0] DEBUG impl.UnorderedAsync (UnorderedAsync.java:lambda$sendRequestWithRetry$4(83)) - client-2312CCC7CA78: attempt #1 receive~ null
2024-01-25 07:58:03,403 [ForkJoinPool.commonPool-worker-0] TRACE impl.UnorderedAsync (UnorderedAsync.java:lambda$sendRequestWithRetry$4(108)) - client-2312CCC7CA78: attempt #1 failed~ RaftClientRequest:client-2312CCC7CA78->s0@group-796A68A19D2E, cid=92, seq=null, Watch-ALL_COMMITTED(30), null
org.apache.ratis.protocol.exceptions.TimeoutIOException: client-2312CCC7CA78->s0 request #92 timeout 10000ms
	at org.apache.ratis.grpc.client.GrpcClientProtocolClient$AsyncStreamObservers.lambda$timeoutCheck$5(GrpcClientProtocolClient.java:374)
	at java.util.Optional.ifPresent(Optional.java:159)
	at org.apache.ratis.grpc.client.GrpcClientProtocolClient$AsyncStreamObservers.handleReplyFuture(GrpcClientProtocolClient.java:378)
	at org.apache.ratis.grpc.client.GrpcClientProtocolClient$AsyncStreamObservers.timeoutCheck(GrpcClientProtocolClient.java:373)
	at org.apache.ratis.grpc.client.GrpcClientProtocolClient$AsyncStreamObservers.lambda$onNext$1(GrpcClientProtocolClient.java:362)
	at org.apache.ratis.util.TimeoutTimer.lambda$onTimeout$2(TimeoutTimer.java:101)
	at org.apache.ratis.util.LogUtils.runAndLog(LogUtils.java:38)
	at org.apache.ratis.util.LogUtils$1.run(LogUtils.java:78)
	at org.apache.ratis.util.TimeoutTimer$Task.run(TimeoutTimer.java:55)
	at java.util.TimerThread.mainLoop(Timer.java:555)
	at java.util.TimerThread.run(Timer.java:505)
2024-01-25 07:58:03,404 [ForkJoinPool.commonPool-worker-0] DEBUG client.RaftClient (RaftClientImpl.java:handleIOException(417)) - client-2312CCC7CA78: suggested new leader: null. Failed RaftClientRequest:client-2312CCC7CA78->s0@group-796A68A19D2E, cid=92, seq=null, Watch-ALL_COMMITTED(30), null
org.apache.ratis.protocol.exceptions.TimeoutIOException: client-2312CCC7CA78->s0 request #92 timeout 10000ms
	at org.apache.ratis.grpc.client.GrpcClientProtocolClient$AsyncStreamObservers.lambda$timeoutCheck$5(GrpcClientProtocolClient.java:374)
	at java.util.Optional.ifPresent(Optional.java:159)
	at org.apache.ratis.grpc.client.GrpcClientProtocolClient$AsyncStreamObservers.handleReplyFuture(GrpcClientProtocolClient.java:378)
	at org.apache.ratis.grpc.client.GrpcClientProtocolClient$AsyncStreamObservers.timeoutCheck(GrpcClientProtocolClient.java:373)
	at org.apache.ratis.grpc.client.GrpcClientProtocolClient$AsyncStreamObservers.lambda$onNext$1(GrpcClientProtocolClient.java:362)
	at org.apache.ratis.util.TimeoutTimer.lambda$onTimeout$2(TimeoutTimer.java:101)
	at org.apache.ratis.util.LogUtils.runAndLog(LogUtils.java:38)
	at org.apache.ratis.util.LogUtils$1.run(LogUtils.java:78)
	at org.apache.ratis.util.TimeoutTimer$Task.run(TimeoutTimer.java:55)
	at java.util.TimerThread.mainLoop(Timer.java:555)
	at java.util.TimerThread.run(Timer.java:505)
2024-01-25 07:58:03,404 [ForkJoinPool.commonPool-worker-0] TRACE client.RaftClient (RaftClientImpl.java:handleIOException(419)) - Stack trace
java.lang.Throwable: TRACE
	at org.apache.ratis.client.impl.RaftClientImpl.handleIOException(RaftClientImpl.java:419)
	at org.apache.ratis.client.impl.RaftClientImpl.handleIOException(RaftClientImpl.java:412)
	at org.apache.ratis.client.impl.UnorderedAsync.lambda$sendRequestWithRetry$4(UnorderedAsync.java:121)
	at java.util.concurrent.CompletableFuture.uniWhenComplete(CompletableFuture.java:774)
	at java.util.concurrent.CompletableFuture$UniWhenComplete.tryFire(CompletableFuture.java:750)
	at java.util.concurrent.CompletableFuture$Completion.exec(CompletableFuture.java:457)
	at java.util.concurrent.ForkJoinTask.doExec(ForkJoinTask.java:289)
	at java.util.concurrent.ForkJoinPool$WorkQueue.runTask(ForkJoinPool.java:1056)
	at java.util.concurrent.ForkJoinPool.runWorker(ForkJoinPool.java:1692)
	at java.util.concurrent.ForkJoinWorkerThread.run(ForkJoinWorkerThread.java:175)
2024-01-25 07:58:03,404 [ForkJoinPool.commonPool-worker-0] DEBUG client.RaftClient (RaftClientImpl.java:handleIOException(435)) - client-2312CCC7CA78: oldLeader=s0,  curLeader=s0, newLeader=s2
2024-01-25 07:58:03,404 [ForkJoinPool.commonPool-worker-0] DEBUG client.RaftClient (RaftClientImpl.java:handleIOException(441)) - client-2312CCC7CA78 changes Leader from s0 to s2 for group-796A68A19D2E
org.apache.ratis.protocol.exceptions.TimeoutIOException: client-2312CCC7CA78->s0 request #92 timeout 10000ms
	at org.apache.ratis.grpc.client.GrpcClientProtocolClient$AsyncStreamObservers.lambda$timeoutCheck$5(GrpcClientProtocolClient.java:374)
	at java.util.Optional.ifPresent(Optional.java:159)
	at org.apache.ratis.grpc.client.GrpcClientProtocolClient$AsyncStreamObservers.handleReplyFuture(GrpcClientProtocolClient.java:378)
	at org.apache.ratis.grpc.client.GrpcClientProtocolClient$AsyncStreamObservers.timeoutCheck(GrpcClientProtocolClient.java:373)
	at org.apache.ratis.grpc.client.GrpcClientProtocolClient$AsyncStreamObservers.lambda$onNext$1(GrpcClientProtocolClient.java:362)
	at org.apache.ratis.util.TimeoutTimer.lambda$onTimeout$2(TimeoutTimer.java:101)
	at org.apache.ratis.util.LogUtils.runAndLog(LogUtils.java:38)
	at org.apache.ratis.util.LogUtils$1.run(LogUtils.java:78)
	at org.apache.ratis.util.TimeoutTimer$Task.run(TimeoutTimer.java:55)
	at java.util.TimerThread.mainLoop(Timer.java:555)
	at java.util.TimerThread.run(Timer.java:505)
2024-01-25 07:58:03,404 [ForkJoinPool.commonPool-worker-3] DEBUG impl.UnorderedAsync (UnorderedAsync.java:lambda$sendRequestWithRetry$4(83)) - client-2312CCC7CA78: attempt #6 receive~ null
2024-01-25 07:58:03,404 [ForkJoinPool.commonPool-worker-3] TRACE impl.UnorderedAsync (UnorderedAsync.java:lambda$sendRequestWithRetry$4(108)) - client-2312CCC7CA78: attempt #6 failed~ RaftClientRequest:client-2312CCC7CA78->s0@group-796A68A19D2E, cid=80, seq=null, Watch-ALL_COMMITTED(26), null
org.apache.ratis.protocol.exceptions.AlreadyClosedException: client-2312CCC7CA78->s0: Stream close: no reply for async request cid=80
	at org.apache.ratis.grpc.client.GrpcClientProtocolClient$AsyncStreamObservers.completeReplyExceptionally(GrpcClientProtocolClient.java:396)
	at org.apache.ratis.grpc.client.GrpcClientProtocolClient$AsyncStreamObservers.close(GrpcClientProtocolClient.java:383)
	at org.apache.ratis.grpc.client.GrpcClientProtocolClient$AsyncStreamObservers.access$500(GrpcClientProtocolClient.java:300)
	at org.apache.ratis.grpc.client.GrpcClientProtocolClient.lambda$close$4(GrpcClientProtocolClient.java:161)
	at java.util.Optional.ifPresent(Optional.java:159)
	at org.apache.ratis.grpc.client.GrpcClientProtocolClient.close(GrpcClientProtocolClient.java:161)
	at org.apache.ratis.util.PeerProxyMap.closeProxy(PeerProxyMap.java:197)
	at org.apache.ratis.util.PeerProxyMap.lambda$resetProxy$2(PeerProxyMap.java:158)
	at java.util.Optional.map(Optional.java:215)
	at org.apache.ratis.util.PeerProxyMap.resetProxy(PeerProxyMap.java:158)
	at org.apache.ratis.util.PeerProxyMap.handleException(PeerProxyMap.java:165)
	at org.apache.ratis.client.impl.RaftClientRpcWithProxy.handleException(RaftClientRpcWithProxy.java:48)
	at org.apache.ratis.client.impl.RaftClientImpl.handleIOException(RaftClientImpl.java:445)
	at org.apache.ratis.client.impl.RaftClientImpl.handleIOException(RaftClientImpl.java:412)
	at org.apache.ratis.client.impl.UnorderedAsync.lambda$sendRequestWithRetry$4(UnorderedAsync.java:121)
	at java.util.concurrent.CompletableFuture.uniWhenComplete(CompletableFuture.java:774)
	at java.util.concurrent.CompletableFuture$UniWhenComplete.tryFire(CompletableFuture.java:750)
	at java.util.concurrent.CompletableFuture$Completion.exec(CompletableFuture.java:457)
	at java.util.concurrent.ForkJoinTask.doExec(ForkJoinTask.java:289)
	at java.util.concurrent.ForkJoinPool$WorkQueue.runTask(ForkJoinPool.java:1056)
	at java.util.concurrent.ForkJoinPool.runWorker(ForkJoinPool.java:1692)
	at java.util.concurrent.ForkJoinWorkerThread.run(ForkJoinWorkerThread.java:175)
2024-01-25 07:58:03,404 [ForkJoinPool.commonPool-worker-3] DEBUG client.RaftClient (RaftClientImpl.java:handleIOException(417)) - client-2312CCC7CA78: suggested new leader: null. Failed RaftClientRequest:client-2312CCC7CA78->s0@group-796A68A19D2E, cid=80, seq=null, Watch-ALL_COMMITTED(26), null
org.apache.ratis.protocol.exceptions.AlreadyClosedException: client-2312CCC7CA78->s0: Stream close: no reply for async request cid=80
	at org.apache.ratis.grpc.client.GrpcClientProtocolClient$AsyncStreamObservers.completeReplyExceptionally(GrpcClientProtocolClient.java:396)
	at org.apache.ratis.grpc.client.GrpcClientProtocolClient$AsyncStreamObservers.close(GrpcClientProtocolClient.java:383)
	at org.apache.ratis.grpc.client.GrpcClientProtocolClient$AsyncStreamObservers.access$500(GrpcClientProtocolClient.java:300)
	at org.apache.ratis.grpc.client.GrpcClientProtocolClient.lambda$close$4(GrpcClientProtocolClient.java:161)
	at java.util.Optional.ifPresent(Optional.java:159)
	at org.apache.ratis.grpc.client.GrpcClientProtocolClient.close(GrpcClientProtocolClient.java:161)
	at org.apache.ratis.util.PeerProxyMap.closeProxy(PeerProxyMap.java:197)
	at org.apache.ratis.util.PeerProxyMap.lambda$resetProxy$2(PeerProxyMap.java:158)
	at java.util.Optional.map(Optional.java:215)
	at org.apache.ratis.util.PeerProxyMap.resetProxy(PeerProxyMap.java:158)
	at org.apache.ratis.util.PeerProxyMap.handleException(PeerProxyMap.java:165)
	at org.apache.ratis.client.impl.RaftClientRpcWithProxy.handleException(RaftClientRpcWithProxy.java:48)
	at org.apache.ratis.client.impl.RaftClientImpl.handleIOException(RaftClientImpl.java:445)
	at org.apache.ratis.client.impl.RaftClientImpl.handleIOException(RaftClientImpl.java:412)
	at org.apache.ratis.client.impl.UnorderedAsync.lambda$sendRequestWithRetry$4(UnorderedAsync.java:121)
	at java.util.concurrent.CompletableFuture.uniWhenComplete(CompletableFuture.java:774)
	at java.util.concurrent.CompletableFuture$UniWhenComplete.tryFire(CompletableFuture.java:750)
	at java.util.concurrent.CompletableFuture$Completion.exec(CompletableFuture.java:457)
	at java.util.concurrent.ForkJoinTask.doExec(ForkJoinTask.java:289)
	at java.util.concurrent.ForkJoinPool$WorkQueue.runTask(ForkJoinPool.java:1056)
	at java.util.concurrent.ForkJoinPool.runWorker(ForkJoinPool.java:1692)
	at java.util.concurrent.ForkJoinWorkerThread.run(ForkJoinWorkerThread.java:175)
2024-01-25 07:58:03,404 [ForkJoinPool.commonPool-worker-3] TRACE client.RaftClient (RaftClientImpl.java:handleIOException(419)) - Stack trace
java.lang.Throwable: TRACE
	at org.apache.ratis.client.impl.RaftClientImpl.handleIOException(RaftClientImpl.java:419)
	at org.apache.ratis.client.impl.RaftClientImpl.handleIOException(RaftClientImpl.java:412)
	at org.apache.ratis.client.impl.UnorderedAsync.lambda$sendRequestWithRetry$4(UnorderedAsync.java:121)
	at java.util.concurrent.CompletableFuture.uniWhenComplete(CompletableFuture.java:774)
	at java.util.concurrent.CompletableFuture$UniWhenComplete.tryFire(CompletableFuture.java:750)
	at java.util.concurrent.CompletableFuture$Completion.exec(CompletableFuture.java:457)
	at java.util.concurrent.ForkJoinTask.doExec(ForkJoinTask.java:289)
	at java.util.concurrent.ForkJoinPool$WorkQueue.runTask(ForkJoinPool.java:1056)
	at java.util.concurrent.ForkJoinPool.runWorker(ForkJoinPool.java:1692)
	at java.util.concurrent.ForkJoinWorkerThread.run(ForkJoinWorkerThread.java:175)
2024-01-25 07:58:03,404 [ForkJoinPool.commonPool-worker-2] DEBUG impl.UnorderedAsync (UnorderedAsync.java:lambda$sendRequestWithRetry$4(83)) - client-2312CCC7CA78: attempt #5 receive~ null
2024-01-25 07:58:03,404 [ForkJoinPool.commonPool-worker-3] DEBUG client.RaftClient (RaftClientImpl.java:handleIOException(435)) - client-2312CCC7CA78: oldLeader=s0,  curLeader=s2, newLeader=null
2024-01-25 07:58:03,404 [ForkJoinPool.commonPool-worker-2] TRACE impl.UnorderedAsync (UnorderedAsync.java:lambda$sendRequestWithRetry$4(108)) - client-2312CCC7CA78: attempt #5 failed~ RaftClientRequest:client-2312CCC7CA78->s0@group-796A68A19D2E, cid=84, seq=null, Watch-ALL_COMMITTED(28), null
org.apache.ratis.protocol.exceptions.AlreadyClosedException: client-2312CCC7CA78->s0: Stream close: no reply for async request cid=84
	at org.apache.ratis.grpc.client.GrpcClientProtocolClient$AsyncStreamObservers.completeReplyExceptionally(GrpcClientProtocolClient.java:396)
	at org.apache.ratis.grpc.client.GrpcClientProtocolClient$AsyncStreamObservers.close(GrpcClientProtocolClient.java:383)
	at org.apache.ratis.grpc.client.GrpcClientProtocolClient$AsyncStreamObservers.access$500(GrpcClientProtocolClient.java:300)
	at org.apache.ratis.grpc.client.GrpcClientProtocolClient.lambda$close$4(GrpcClientProtocolClient.java:161)
	at java.util.Optional.ifPresent(Optional.java:159)
	at org.apache.ratis.grpc.client.GrpcClientProtocolClient.close(GrpcClientProtocolClient.java:161)
	at org.apache.ratis.util.PeerProxyMap.closeProxy(PeerProxyMap.java:197)
	at org.apache.ratis.util.PeerProxyMap.lambda$resetProxy$2(PeerProxyMap.java:158)
	at java.util.Optional.map(Optional.java:215)
	at org.apache.ratis.util.PeerProxyMap.resetProxy(PeerProxyMap.java:158)
	at org.apache.ratis.util.PeerProxyMap.handleException(PeerProxyMap.java:165)
	at org.apache.ratis.client.impl.RaftClientRpcWithProxy.handleException(RaftClientRpcWithProxy.java:48)
	at org.apache.ratis.client.impl.RaftClientImpl.handleIOException(RaftClientImpl.java:445)
	at org.apache.ratis.client.impl.RaftClientImpl.handleIOException(RaftClientImpl.java:412)
	at org.apache.ratis.client.impl.UnorderedAsync.lambda$sendRequestWithRetry$4(UnorderedAsync.java:121)
	at java.util.concurrent.CompletableFuture.uniWhenComplete(CompletableFuture.java:774)
	at java.util.concurrent.CompletableFuture$UniWhenComplete.tryFire(CompletableFuture.java:750)
	at java.util.concurrent.CompletableFuture$Completion.exec(CompletableFuture.java:457)
	at java.util.concurrent.ForkJoinTask.doExec(ForkJoinTask.java:289)
	at java.util.concurrent.ForkJoinPool$WorkQueue.runTask(ForkJoinPool.java:1056)
	at java.util.concurrent.ForkJoinPool.runWorker(ForkJoinPool.java:1692)
	at java.util.concurrent.ForkJoinWorkerThread.run(ForkJoinWorkerThread.java:175)
2024-01-25 07:58:03,405 [ForkJoinPool.commonPool-worker-3] DEBUG impl.UnorderedAsync (UnorderedAsync.java:lambda$sendRequestWithRetry$4(132)) - schedule~ attempt #6 with sleep 100ms and policy RetryForeverWithSleep(sleepTime = 100ms) for RaftClientRequest:client-2312CCC7CA78->s0@group-796A68A19D2E, cid=80, seq=null, Watch-ALL_COMMITTED(26), null
2024-01-25 07:58:03,405 [ForkJoinPool.commonPool-worker-2] DEBUG client.RaftClient (RaftClientImpl.java:handleIOException(417)) - client-2312CCC7CA78: suggested new leader: null. Failed RaftClientRequest:client-2312CCC7CA78->s0@group-796A68A19D2E, cid=84, seq=null, Watch-ALL_COMMITTED(28), null
org.apache.ratis.protocol.exceptions.AlreadyClosedException: client-2312CCC7CA78->s0: Stream close: no reply for async request cid=84
	at org.apache.ratis.grpc.client.GrpcClientProtocolClient$AsyncStreamObservers.completeReplyExceptionally(GrpcClientProtocolClient.java:396)
	at org.apache.ratis.grpc.client.GrpcClientProtocolClient$AsyncStreamObservers.close(GrpcClientProtocolClient.java:383)
	at org.apache.ratis.grpc.client.GrpcClientProtocolClient$AsyncStreamObservers.access$500(GrpcClientProtocolClient.java:300)
	at org.apache.ratis.grpc.client.GrpcClientProtocolClient.lambda$close$4(GrpcClientProtocolClient.java:161)
	at java.util.Optional.ifPresent(Optional.java:159)
	at org.apache.ratis.grpc.client.GrpcClientProtocolClient.close(GrpcClientProtocolClient.java:161)
	at org.apache.ratis.util.PeerProxyMap.closeProxy(PeerProxyMap.java:197)
	at org.apache.ratis.util.PeerProxyMap.lambda$resetProxy$2(PeerProxyMap.java:158)
	at java.util.Optional.map(Optional.java:215)
	at org.apache.ratis.util.PeerProxyMap.resetProxy(PeerProxyMap.java:158)
	at org.apache.ratis.util.PeerProxyMap.handleException(PeerProxyMap.java:165)
	at org.apache.ratis.client.impl.RaftClientRpcWithProxy.handleException(RaftClientRpcWithProxy.java:48)
	at org.apache.ratis.client.impl.RaftClientImpl.handleIOException(RaftClientImpl.java:445)
	at org.apache.ratis.client.impl.RaftClientImpl.handleIOException(RaftClientImpl.java:412)
	at org.apache.ratis.client.impl.UnorderedAsync.lambda$sendRequestWithRetry$4(UnorderedAsync.java:121)
	at java.util.concurrent.CompletableFuture.uniWhenComplete(CompletableFuture.java:774)
	at java.util.concurrent.CompletableFuture$UniWhenComplete.tryFire(CompletableFuture.java:750)
	at java.util.concurrent.CompletableFuture$Completion.exec(CompletableFuture.java:457)
	at java.util.concurrent.ForkJoinTask.doExec(ForkJoinTask.java:289)
	at java.util.concurrent.ForkJoinPool$WorkQueue.runTask(ForkJoinPool.java:1056)
	at java.util.concurrent.ForkJoinPool.runWorker(ForkJoinPool.java:1692)
	at java.util.concurrent.ForkJoinWorkerThread.run(ForkJoinWorkerThread.java:175)
2024-01-25 07:58:03,405 [ForkJoinPool.commonPool-worker-3] DEBUG impl.UnorderedAsync (UnorderedAsync.java:lambda$sendRequestWithRetry$4(83)) - client-2312CCC7CA78: attempt #4 receive~ null
2024-01-25 07:58:03,405 [ForkJoinPool.commonPool-worker-2] TRACE client.RaftClient (RaftClientImpl.java:handleIOException(419)) - Stack trace
java.lang.Throwable: TRACE
	at org.apache.ratis.client.impl.RaftClientImpl.handleIOException(RaftClientImpl.java:419)
	at org.apache.ratis.client.impl.RaftClientImpl.handleIOException(RaftClientImpl.java:412)
	at org.apache.ratis.client.impl.UnorderedAsync.lambda$sendRequestWithRetry$4(UnorderedAsync.java:121)
	at java.util.concurrent.CompletableFuture.uniWhenComplete(CompletableFuture.java:774)
	at java.util.concurrent.CompletableFuture$UniWhenComplete.tryFire(CompletableFuture.java:750)
	at java.util.concurrent.CompletableFuture$Completion.exec(CompletableFuture.java:457)
	at java.util.concurrent.ForkJoinTask.doExec(ForkJoinTask.java:289)
	at java.util.concurrent.ForkJoinPool$WorkQueue.runTask(ForkJoinPool.java:1056)
	at java.util.concurrent.ForkJoinPool.runWorker(ForkJoinPool.java:1692)
	at java.util.concurrent.ForkJoinWorkerThread.run(ForkJoinWorkerThread.java:175)
2024-01-25 07:58:03,405 [ForkJoinPool.commonPool-worker-3] TRACE impl.UnorderedAsync (UnorderedAsync.java:lambda$sendRequestWithRetry$4(108)) - client-2312CCC7CA78: attempt #4 failed~ RaftClientRequest:client-2312CCC7CA78->s0@group-796A68A19D2E, cid=86, seq=null, Watch-ALL(29), null
org.apache.ratis.protocol.exceptions.AlreadyClosedException: client-2312CCC7CA78->s0: Stream close: no reply for async request cid=86
	at org.apache.ratis.grpc.client.GrpcClientProtocolClient$AsyncStreamObservers.completeReplyExceptionally(GrpcClientProtocolClient.java:396)
	at org.apache.ratis.grpc.client.GrpcClientProtocolClient$AsyncStreamObservers.close(GrpcClientProtocolClient.java:383)
	at org.apache.ratis.grpc.client.GrpcClientProtocolClient$AsyncStreamObservers.access$500(GrpcClientProtocolClient.java:300)
	at org.apache.ratis.grpc.client.GrpcClientProtocolClient.lambda$close$4(GrpcClientProtocolClient.java:161)
	at java.util.Optional.ifPresent(Optional.java:159)
	at org.apache.ratis.grpc.client.GrpcClientProtocolClient.close(GrpcClientProtocolClient.java:161)
	at org.apache.ratis.util.PeerProxyMap.closeProxy(PeerProxyMap.java:197)
	at org.apache.ratis.util.PeerProxyMap.lambda$resetProxy$2(PeerProxyMap.java:158)
	at java.util.Optional.map(Optional.java:215)
	at org.apache.ratis.util.PeerProxyMap.resetProxy(PeerProxyMap.java:158)
	at org.apache.ratis.util.PeerProxyMap.handleException(PeerProxyMap.java:165)
	at org.apache.ratis.client.impl.RaftClientRpcWithProxy.handleException(RaftClientRpcWithProxy.java:48)
	at org.apache.ratis.client.impl.RaftClientImpl.handleIOException(RaftClientImpl.java:445)
	at org.apache.ratis.client.impl.RaftClientImpl.handleIOException(RaftClientImpl.java:412)
	at org.apache.ratis.client.impl.UnorderedAsync.lambda$sendRequestWithRetry$4(UnorderedAsync.java:121)
	at java.util.concurrent.CompletableFuture.uniWhenComplete(CompletableFuture.java:774)
	at java.util.concurrent.CompletableFuture$UniWhenComplete.tryFire(CompletableFuture.java:750)
	at java.util.concurrent.CompletableFuture$Completion.exec(CompletableFuture.java:457)
	at java.util.concurrent.ForkJoinTask.doExec(ForkJoinTask.java:289)
	at java.util.concurrent.ForkJoinPool$WorkQueue.runTask(ForkJoinPool.java:1056)
	at java.util.concurrent.ForkJoinPool.runWorker(ForkJoinPool.java:1692)
	at java.util.concurrent.ForkJoinWorkerThread.run(ForkJoinWorkerThread.java:175)
2024-01-25 07:58:03,405 [ForkJoinPool.commonPool-worker-2] DEBUG client.RaftClient (RaftClientImpl.java:handleIOException(435)) - client-2312CCC7CA78: oldLeader=s0,  curLeader=s2, newLeader=null
2024-01-25 07:58:03,405 [ForkJoinPool.commonPool-worker-3] DEBUG client.RaftClient (RaftClientImpl.java:handleIOException(417)) - client-2312CCC7CA78: suggested new leader: null. Failed RaftClientRequest:client-2312CCC7CA78->s0@group-796A68A19D2E, cid=86, seq=null, Watch-ALL(29), null
org.apache.ratis.protocol.exceptions.AlreadyClosedException: client-2312CCC7CA78->s0: Stream close: no reply for async request cid=86
	at org.apache.ratis.grpc.client.GrpcClientProtocolClient$AsyncStreamObservers.completeReplyExceptionally(GrpcClientProtocolClient.java:396)
	at org.apache.ratis.grpc.client.GrpcClientProtocolClient$AsyncStreamObservers.close(GrpcClientProtocolClient.java:383)
	at org.apache.ratis.grpc.client.GrpcClientProtocolClient$AsyncStreamObservers.access$500(GrpcClientProtocolClient.java:300)
	at org.apache.ratis.grpc.client.GrpcClientProtocolClient.lambda$close$4(GrpcClientProtocolClient.java:161)
	at java.util.Optional.ifPresent(Optional.java:159)
	at org.apache.ratis.grpc.client.GrpcClientProtocolClient.close(GrpcClientProtocolClient.java:161)
	at org.apache.ratis.util.PeerProxyMap.closeProxy(PeerProxyMap.java:197)
	at org.apache.ratis.util.PeerProxyMap.lambda$resetProxy$2(PeerProxyMap.java:158)
	at java.util.Optional.map(Optional.java:215)
	at org.apache.ratis.util.PeerProxyMap.resetProxy(PeerProxyMap.java:158)
	at org.apache.ratis.util.PeerProxyMap.handleException(PeerProxyMap.java:165)
	at org.apache.ratis.client.impl.RaftClientRpcWithProxy.handleException(RaftClientRpcWithProxy.java:48)
	at org.apache.ratis.client.impl.RaftClientImpl.handleIOException(RaftClientImpl.java:445)
	at org.apache.ratis.client.impl.RaftClientImpl.handleIOException(RaftClientImpl.java:412)
	at org.apache.ratis.client.impl.UnorderedAsync.lambda$sendRequestWithRetry$4(UnorderedAsync.java:121)
	at java.util.concurrent.CompletableFuture.uniWhenComplete(CompletableFuture.java:774)
	at java.util.concurrent.CompletableFuture$UniWhenComplete.tryFire(CompletableFuture.java:750)
	at java.util.concurrent.CompletableFuture$Completion.exec(CompletableFuture.java:457)
	at java.util.concurrent.ForkJoinTask.doExec(ForkJoinTask.java:289)
	at java.util.concurrent.ForkJoinPool$WorkQueue.runTask(ForkJoinPool.java:1056)
	at java.util.concurrent.ForkJoinPool.runWorker(ForkJoinPool.java:1692)
	at java.util.concurrent.ForkJoinWorkerThread.run(ForkJoinWorkerThread.java:175)
2024-01-25 07:58:03,405 [ForkJoinPool.commonPool-worker-3] TRACE client.RaftClient (RaftClientImpl.java:handleIOException(419)) - Stack trace
java.lang.Throwable: TRACE
	at org.apache.ratis.client.impl.RaftClientImpl.handleIOException(RaftClientImpl.java:419)
	at org.apache.ratis.client.impl.RaftClientImpl.handleIOException(RaftClientImpl.java:412)
	at org.apache.ratis.client.impl.UnorderedAsync.lambda$sendRequestWithRetry$4(UnorderedAsync.java:121)
	at java.util.concurrent.CompletableFuture.uniWhenComplete(CompletableFuture.java:774)
	at java.util.concurrent.CompletableFuture$UniWhenComplete.tryFire(CompletableFuture.java:750)
	at java.util.concurrent.CompletableFuture$Completion.exec(CompletableFuture.java:457)
	at java.util.concurrent.ForkJoinTask.doExec(ForkJoinTask.java:289)
	at java.util.concurrent.ForkJoinPool$WorkQueue.runTask(ForkJoinPool.java:1056)
	at java.util.concurrent.ForkJoinPool.runWorker(ForkJoinPool.java:1692)
	at java.util.concurrent.ForkJoinWorkerThread.run(ForkJoinWorkerThread.java:175)
2024-01-25 07:58:03,405 [ForkJoinPool.commonPool-worker-2] DEBUG impl.UnorderedAsync (UnorderedAsync.java:lambda$sendRequestWithRetry$4(132)) - schedule~ attempt #5 with sleep 100ms and policy RetryForeverWithSleep(sleepTime = 100ms) for RaftClientRequest:client-2312CCC7CA78->s0@group-796A68A19D2E, cid=84, seq=null, Watch-ALL_COMMITTED(28), null
2024-01-25 07:58:03,405 [ForkJoinPool.commonPool-worker-3] DEBUG client.RaftClient (RaftClientImpl.java:handleIOException(435)) - client-2312CCC7CA78: oldLeader=s0,  curLeader=s2, newLeader=null
2024-01-25 07:58:03,405 [ForkJoinPool.commonPool-worker-2] DEBUG impl.UnorderedAsync (UnorderedAsync.java:lambda$sendRequestWithRetry$4(83)) - client-2312CCC7CA78: attempt #1 receive~ null
2024-01-25 07:58:03,405 [ForkJoinPool.commonPool-worker-3] DEBUG impl.UnorderedAsync (UnorderedAsync.java:lambda$sendRequestWithRetry$4(132)) - schedule~ attempt #4 with sleep 100ms and policy RetryForeverWithSleep(sleepTime = 100ms) for RaftClientRequest:client-2312CCC7CA78->s0@group-796A68A19D2E, cid=86, seq=null, Watch-ALL(29), null
2024-01-25 07:58:03,405 [ForkJoinPool.commonPool-worker-2] TRACE impl.UnorderedAsync (UnorderedAsync.java:lambda$sendRequestWithRetry$4(108)) - client-2312CCC7CA78: attempt #1 failed~ RaftClientRequest:client-2312CCC7CA78->s0@group-796A68A19D2E, cid=96, seq=null, Watch-ALL_COMMITTED(31), null
org.apache.ratis.protocol.exceptions.TimeoutIOException: client-2312CCC7CA78->s0 request #96 timeout 10000ms
	at org.apache.ratis.grpc.client.GrpcClientProtocolClient$AsyncStreamObservers.lambda$timeoutCheck$5(GrpcClientProtocolClient.java:374)
	at java.util.Optional.ifPresent(Optional.java:159)
	at org.apache.ratis.grpc.client.GrpcClientProtocolClient$AsyncStreamObservers.handleReplyFuture(GrpcClientProtocolClient.java:378)
	at org.apache.ratis.grpc.client.GrpcClientProtocolClient$AsyncStreamObservers.timeoutCheck(GrpcClientProtocolClient.java:373)
	at org.apache.ratis.grpc.client.GrpcClientProtocolClient$AsyncStreamObservers.lambda$onNext$1(GrpcClientProtocolClient.java:362)
	at org.apache.ratis.util.TimeoutTimer.lambda$onTimeout$2(TimeoutTimer.java:101)
	at org.apache.ratis.util.LogUtils.runAndLog(LogUtils.java:38)
	at org.apache.ratis.util.LogUtils$1.run(LogUtils.java:78)
	at org.apache.ratis.util.TimeoutTimer$Task.run(TimeoutTimer.java:55)
	at java.util.TimerThread.mainLoop(Timer.java:555)
	at java.util.TimerThread.run(Timer.java:505)
2024-01-25 07:58:03,405 [ForkJoinPool.commonPool-worker-3] DEBUG impl.UnorderedAsync (UnorderedAsync.java:lambda$sendRequestWithRetry$4(83)) - client-2312CCC7CA78: attempt #4 receive~ null
2024-01-25 07:58:03,406 [ForkJoinPool.commonPool-worker-2] DEBUG client.RaftClient (RaftClientImpl.java:handleIOException(417)) - client-2312CCC7CA78: suggested new leader: null. Failed RaftClientRequest:client-2312CCC7CA78->s0@group-796A68A19D2E, cid=96, seq=null, Watch-ALL_COMMITTED(31), null
org.apache.ratis.protocol.exceptions.TimeoutIOException: client-2312CCC7CA78->s0 request #96 timeout 10000ms
	at org.apache.ratis.grpc.client.GrpcClientProtocolClient$AsyncStreamObservers.lambda$timeoutCheck$5(GrpcClientProtocolClient.java:374)
	at java.util.Optional.ifPresent(Optional.java:159)
	at org.apache.ratis.grpc.client.GrpcClientProtocolClient$AsyncStreamObservers.handleReplyFuture(GrpcClientProtocolClient.java:378)
	at org.apache.ratis.grpc.client.GrpcClientProtocolClient$AsyncStreamObservers.timeoutCheck(GrpcClientProtocolClient.java:373)
	at org.apache.ratis.grpc.client.GrpcClientProtocolClient$AsyncStreamObservers.lambda$onNext$1(GrpcClientProtocolClient.java:362)
	at org.apache.ratis.util.TimeoutTimer.lambda$onTimeout$2(TimeoutTimer.java:101)
	at org.apache.ratis.util.LogUtils.runAndLog(LogUtils.java:38)
	at org.apache.ratis.util.LogUtils$1.run(LogUtils.java:78)
	at org.apache.ratis.util.TimeoutTimer$Task.run(TimeoutTimer.java:55)
	at java.util.TimerThread.mainLoop(Timer.java:555)
	at java.util.TimerThread.run(Timer.java:505)
2024-01-25 07:58:03,406 [ForkJoinPool.commonPool-worker-2] TRACE client.RaftClient (RaftClientImpl.java:handleIOException(419)) - Stack trace
java.lang.Throwable: TRACE
	at org.apache.ratis.client.impl.RaftClientImpl.handleIOException(RaftClientImpl.java:419)
	at org.apache.ratis.client.impl.RaftClientImpl.handleIOException(RaftClientImpl.java:412)
	at org.apache.ratis.client.impl.UnorderedAsync.lambda$sendRequestWithRetry$4(UnorderedAsync.java:121)
	at java.util.concurrent.CompletableFuture.uniWhenComplete(CompletableFuture.java:774)
	at java.util.concurrent.CompletableFuture$UniWhenComplete.tryFire(CompletableFuture.java:750)
	at java.util.concurrent.CompletableFuture$Completion.exec(CompletableFuture.java:457)
	at java.util.concurrent.ForkJoinTask.doExec(ForkJoinTask.java:289)
	at java.util.concurrent.ForkJoinPool$WorkQueue.runTask(ForkJoinPool.java:1056)
	at java.util.concurrent.ForkJoinPool.runWorker(ForkJoinPool.java:1692)
	at java.util.concurrent.ForkJoinWorkerThread.run(ForkJoinWorkerThread.java:175)
2024-01-25 07:58:03,406 [ForkJoinPool.commonPool-worker-3] TRACE impl.UnorderedAsync (UnorderedAsync.java:lambda$sendRequestWithRetry$4(108)) - client-2312CCC7CA78: attempt #4 failed~ RaftClientRequest:client-2312CCC7CA78->s0@group-796A68A19D2E, cid=88, seq=null, Watch-ALL_COMMITTED(29), null
org.apache.ratis.protocol.exceptions.AlreadyClosedException: client-2312CCC7CA78->s0: Stream close: no reply for async request cid=88
	at org.apache.ratis.grpc.client.GrpcClientProtocolClient$AsyncStreamObservers.completeReplyExceptionally(GrpcClientProtocolClient.java:396)
	at org.apache.ratis.grpc.client.GrpcClientProtocolClient$AsyncStreamObservers.close(GrpcClientProtocolClient.java:383)
	at org.apache.ratis.grpc.client.GrpcClientProtocolClient$AsyncStreamObservers.access$500(GrpcClientProtocolClient.java:300)
	at org.apache.ratis.grpc.client.GrpcClientProtocolClient.lambda$close$4(GrpcClientProtocolClient.java:161)
	at java.util.Optional.ifPresent(Optional.java:159)
	at org.apache.ratis.grpc.client.GrpcClientProtocolClient.close(GrpcClientProtocolClient.java:161)
	at org.apache.ratis.util.PeerProxyMap.closeProxy(PeerProxyMap.java:197)
	at org.apache.ratis.util.PeerProxyMap.lambda$resetProxy$2(PeerProxyMap.java:158)
	at java.util.Optional.map(Optional.java:215)
	at org.apache.ratis.util.PeerProxyMap.resetProxy(PeerProxyMap.java:158)
	at org.apache.ratis.util.PeerProxyMap.handleException(PeerProxyMap.java:165)
	at org.apache.ratis.client.impl.RaftClientRpcWithProxy.handleException(RaftClientRpcWithProxy.java:48)
	at org.apache.ratis.client.impl.RaftClientImpl.handleIOException(RaftClientImpl.java:445)
	at org.apache.ratis.client.impl.RaftClientImpl.handleIOException(RaftClientImpl.java:412)
	at org.apache.ratis.client.impl.UnorderedAsync.lambda$sendRequestWithRetry$4(UnorderedAsync.java:121)
	at java.util.concurrent.CompletableFuture.uniWhenComplete(CompletableFuture.java:774)
	at java.util.concurrent.CompletableFuture$UniWhenComplete.tryFire(CompletableFuture.java:750)
	at java.util.concurrent.CompletableFuture$Completion.exec(CompletableFuture.java:457)
	at java.util.concurrent.ForkJoinTask.doExec(ForkJoinTask.java:289)
	at java.util.concurrent.ForkJoinPool$WorkQueue.runTask(ForkJoinPool.java:1056)
	at java.util.concurrent.ForkJoinPool.runWorker(ForkJoinPool.java:1692)
	at java.util.concurrent.ForkJoinWorkerThread.run(ForkJoinWorkerThread.java:175)
2024-01-25 07:58:03,406 [ForkJoinPool.commonPool-worker-2] DEBUG client.RaftClient (RaftClientImpl.java:handleIOException(435)) - client-2312CCC7CA78: oldLeader=s0,  curLeader=s2, newLeader=null
2024-01-25 07:58:03,406 [ForkJoinPool.commonPool-worker-3] DEBUG client.RaftClient (RaftClientImpl.java:handleIOException(417)) - client-2312CCC7CA78: suggested new leader: null. Failed RaftClientRequest:client-2312CCC7CA78->s0@group-796A68A19D2E, cid=88, seq=null, Watch-ALL_COMMITTED(29), null
org.apache.ratis.protocol.exceptions.AlreadyClosedException: client-2312CCC7CA78->s0: Stream close: no reply for async request cid=88
	at org.apache.ratis.grpc.client.GrpcClientProtocolClient$AsyncStreamObservers.completeReplyExceptionally(GrpcClientProtocolClient.java:396)
	at org.apache.ratis.grpc.client.GrpcClientProtocolClient$AsyncStreamObservers.close(GrpcClientProtocolClient.java:383)
	at org.apache.ratis.grpc.client.GrpcClientProtocolClient$AsyncStreamObservers.access$500(GrpcClientProtocolClient.java:300)
	at org.apache.ratis.grpc.client.GrpcClientProtocolClient.lambda$close$4(GrpcClientProtocolClient.java:161)
	at java.util.Optional.ifPresent(Optional.java:159)
	at org.apache.ratis.grpc.client.GrpcClientProtocolClient.close(GrpcClientProtocolClient.java:161)
	at org.apache.ratis.util.PeerProxyMap.closeProxy(PeerProxyMap.java:197)
	at org.apache.ratis.util.PeerProxyMap.lambda$resetProxy$2(PeerProxyMap.java:158)
	at java.util.Optional.map(Optional.java:215)
	at org.apache.ratis.util.PeerProxyMap.resetProxy(PeerProxyMap.java:158)
	at org.apache.ratis.util.PeerProxyMap.handleException(PeerProxyMap.java:165)
	at org.apache.ratis.client.impl.RaftClientRpcWithProxy.handleException(RaftClientRpcWithProxy.java:48)
	at org.apache.ratis.client.impl.RaftClientImpl.handleIOException(RaftClientImpl.java:445)
	at org.apache.ratis.client.impl.RaftClientImpl.handleIOException(RaftClientImpl.java:412)
	at org.apache.ratis.client.impl.UnorderedAsync.lambda$sendRequestWithRetry$4(UnorderedAsync.java:121)
	at java.util.concurrent.CompletableFuture.uniWhenComplete(CompletableFuture.java:774)
	at java.util.concurrent.CompletableFuture$UniWhenComplete.tryFire(CompletableFuture.java:750)
	at java.util.concurrent.CompletableFuture$Completion.exec(CompletableFuture.java:457)
	at java.util.concurrent.ForkJoinTask.doExec(ForkJoinTask.java:289)
	at java.util.concurrent.ForkJoinPool$WorkQueue.runTask(ForkJoinPool.java:1056)
	at java.util.concurrent.ForkJoinPool.runWorker(ForkJoinPool.java:1692)
	at java.util.concurrent.ForkJoinWorkerThread.run(ForkJoinWorkerThread.java:175)
2024-01-25 07:58:03,406 [ForkJoinPool.commonPool-worker-3] TRACE client.RaftClient (RaftClientImpl.java:handleIOException(419)) - Stack trace
java.lang.Throwable: TRACE
	at org.apache.ratis.client.impl.RaftClientImpl.handleIOException(RaftClientImpl.java:419)
	at org.apache.ratis.client.impl.RaftClientImpl.handleIOException(RaftClientImpl.java:412)
	at org.apache.ratis.client.impl.UnorderedAsync.lambda$sendRequestWithRetry$4(UnorderedAsync.java:121)
	at java.util.concurrent.CompletableFuture.uniWhenComplete(CompletableFuture.java:774)
	at java.util.concurrent.CompletableFuture$UniWhenComplete.tryFire(CompletableFuture.java:750)
	at java.util.concurrent.CompletableFuture$Completion.exec(CompletableFuture.java:457)
	at java.util.concurrent.ForkJoinTask.doExec(ForkJoinTask.java:289)
	at java.util.concurrent.ForkJoinPool$WorkQueue.runTask(ForkJoinPool.java:1056)
	at java.util.concurrent.ForkJoinPool.runWorker(ForkJoinPool.java:1692)
	at java.util.concurrent.ForkJoinWorkerThread.run(ForkJoinWorkerThread.java:175)
2024-01-25 07:58:03,406 [ForkJoinPool.commonPool-worker-2] DEBUG impl.UnorderedAsync (UnorderedAsync.java:lambda$sendRequestWithRetry$4(132)) - schedule~ attempt #1 with sleep 100ms and policy RetryForeverWithSleep(sleepTime = 100ms) for RaftClientRequest:client-2312CCC7CA78->s0@group-796A68A19D2E, cid=96, seq=null, Watch-ALL_COMMITTED(31), null
2024-01-25 07:58:03,406 [ForkJoinPool.commonPool-worker-3] DEBUG client.RaftClient (RaftClientImpl.java:handleIOException(435)) - client-2312CCC7CA78: oldLeader=s0,  curLeader=s2, newLeader=null
2024-01-25 07:58:03,406 [ForkJoinPool.commonPool-worker-2] DEBUG impl.UnorderedAsync (UnorderedAsync.java:lambda$sendRequestWithRetry$4(83)) - client-2312CCC7CA78: attempt #1 receive~ null
2024-01-25 07:58:03,406 [ForkJoinPool.commonPool-worker-3] DEBUG impl.UnorderedAsync (UnorderedAsync.java:lambda$sendRequestWithRetry$4(132)) - schedule~ attempt #4 with sleep 100ms and policy RetryForeverWithSleep(sleepTime = 100ms) for RaftClientRequest:client-2312CCC7CA78->s0@group-796A68A19D2E, cid=88, seq=null, Watch-ALL_COMMITTED(29), null
2024-01-25 07:58:03,406 [ForkJoinPool.commonPool-worker-2] TRACE impl.UnorderedAsync (UnorderedAsync.java:lambda$sendRequestWithRetry$4(108)) - client-2312CCC7CA78: attempt #1 failed~ RaftClientRequest:client-2312CCC7CA78->s0@group-796A68A19D2E, cid=94, seq=null, Watch-ALL(31), null
org.apache.ratis.protocol.exceptions.TimeoutIOException: client-2312CCC7CA78->s0 request #94 timeout 10000ms
	at org.apache.ratis.grpc.client.GrpcClientProtocolClient$AsyncStreamObservers.lambda$timeoutCheck$5(GrpcClientProtocolClient.java:374)
	at java.util.Optional.ifPresent(Optional.java:159)
	at org.apache.ratis.grpc.client.GrpcClientProtocolClient$AsyncStreamObservers.handleReplyFuture(GrpcClientProtocolClient.java:378)
	at org.apache.ratis.grpc.client.GrpcClientProtocolClient$AsyncStreamObservers.timeoutCheck(GrpcClientProtocolClient.java:373)
	at org.apache.ratis.grpc.client.GrpcClientProtocolClient$AsyncStreamObservers.lambda$onNext$1(GrpcClientProtocolClient.java:362)
	at org.apache.ratis.util.TimeoutTimer.lambda$onTimeout$2(TimeoutTimer.java:101)
	at org.apache.ratis.util.LogUtils.runAndLog(LogUtils.java:38)
	at org.apache.ratis.util.LogUtils$1.run(LogUtils.java:78)
	at org.apache.ratis.util.TimeoutTimer$Task.run(TimeoutTimer.java:55)
	at java.util.TimerThread.mainLoop(Timer.java:555)
	at java.util.TimerThread.run(Timer.java:505)
2024-01-25 07:58:03,406 [ForkJoinPool.commonPool-worker-2] DEBUG client.RaftClient (RaftClientImpl.java:handleIOException(417)) - client-2312CCC7CA78: suggested new leader: null. Failed RaftClientRequest:client-2312CCC7CA78->s0@group-796A68A19D2E, cid=94, seq=null, Watch-ALL(31), null
org.apache.ratis.protocol.exceptions.TimeoutIOException: client-2312CCC7CA78->s0 request #94 timeout 10000ms
	at org.apache.ratis.grpc.client.GrpcClientProtocolClient$AsyncStreamObservers.lambda$timeoutCheck$5(GrpcClientProtocolClient.java:374)
	at java.util.Optional.ifPresent(Optional.java:159)
	at org.apache.ratis.grpc.client.GrpcClientProtocolClient$AsyncStreamObservers.handleReplyFuture(GrpcClientProtocolClient.java:378)
	at org.apache.ratis.grpc.client.GrpcClientProtocolClient$AsyncStreamObservers.timeoutCheck(GrpcClientProtocolClient.java:373)
	at org.apache.ratis.grpc.client.GrpcClientProtocolClient$AsyncStreamObservers.lambda$onNext$1(GrpcClientProtocolClient.java:362)
	at org.apache.ratis.util.TimeoutTimer.lambda$onTimeout$2(TimeoutTimer.java:101)
	at org.apache.ratis.util.LogUtils.runAndLog(LogUtils.java:38)
	at org.apache.ratis.util.LogUtils$1.run(LogUtils.java:78)
	at org.apache.ratis.util.TimeoutTimer$Task.run(TimeoutTimer.java:55)
	at java.util.TimerThread.mainLoop(Timer.java:555)
	at java.util.TimerThread.run(Timer.java:505)
2024-01-25 07:58:03,406 [ForkJoinPool.commonPool-worker-2] TRACE client.RaftClient (RaftClientImpl.java:handleIOException(419)) - Stack trace
java.lang.Throwable: TRACE
	at org.apache.ratis.client.impl.RaftClientImpl.handleIOException(RaftClientImpl.java:419)
	at org.apache.ratis.client.impl.RaftClientImpl.handleIOException(RaftClientImpl.java:412)
	at org.apache.ratis.client.impl.UnorderedAsync.lambda$sendRequestWithRetry$4(UnorderedAsync.java:121)
	at java.util.concurrent.CompletableFuture.uniWhenComplete(CompletableFuture.java:774)
	at java.util.concurrent.CompletableFuture$UniWhenComplete.tryFire(CompletableFuture.java:750)
	at java.util.concurrent.CompletableFuture$Completion.exec(CompletableFuture.java:457)
	at java.util.concurrent.ForkJoinTask.doExec(ForkJoinTask.java:289)
	at java.util.concurrent.ForkJoinPool$WorkQueue.runTask(ForkJoinPool.java:1056)
	at java.util.concurrent.ForkJoinPool.runWorker(ForkJoinPool.java:1692)
	at java.util.concurrent.ForkJoinWorkerThread.run(ForkJoinWorkerThread.java:175)
2024-01-25 07:58:03,407 [ForkJoinPool.commonPool-worker-2] DEBUG client.RaftClient (RaftClientImpl.java:handleIOException(435)) - client-2312CCC7CA78: oldLeader=s0,  curLeader=s2, newLeader=null
2024-01-25 07:58:03,407 [ForkJoinPool.commonPool-worker-2] DEBUG impl.UnorderedAsync (UnorderedAsync.java:lambda$sendRequestWithRetry$4(132)) - schedule~ attempt #1 with sleep 100ms and policy RetryForeverWithSleep(sleepTime = 100ms) for RaftClientRequest:client-2312CCC7CA78->s0@group-796A68A19D2E, cid=94, seq=null, Watch-ALL(31), null
2024-01-25 07:58:03,409 [ForkJoinPool.commonPool-worker-2] DEBUG impl.UnorderedAsync (UnorderedAsync.java:lambda$sendRequestWithRetry$4(83)) - client-2312CCC7CA78: attempt #1 receive~ null
2024-01-25 07:58:03,409 [ForkJoinPool.commonPool-worker-2] TRACE impl.UnorderedAsync (UnorderedAsync.java:lambda$sendRequestWithRetry$4(108)) - client-2312CCC7CA78: attempt #1 failed~ RaftClientRequest:client-2312CCC7CA78->s0@group-796A68A19D2E, cid=98, seq=null, Watch-ALL(33), null
org.apache.ratis.protocol.exceptions.TimeoutIOException: client-2312CCC7CA78->s0 request #98 timeout 10000ms
	at org.apache.ratis.grpc.client.GrpcClientProtocolClient$AsyncStreamObservers.lambda$timeoutCheck$5(GrpcClientProtocolClient.java:374)
	at java.util.Optional.ifPresent(Optional.java:159)
	at org.apache.ratis.grpc.client.GrpcClientProtocolClient$AsyncStreamObservers.handleReplyFuture(GrpcClientProtocolClient.java:378)
	at org.apache.ratis.grpc.client.GrpcClientProtocolClient$AsyncStreamObservers.timeoutCheck(GrpcClientProtocolClient.java:373)
	at org.apache.ratis.grpc.client.GrpcClientProtocolClient$AsyncStreamObservers.lambda$onNext$1(GrpcClientProtocolClient.java:362)
	at org.apache.ratis.util.TimeoutTimer.lambda$onTimeout$2(TimeoutTimer.java:101)
	at org.apache.ratis.util.LogUtils.runAndLog(LogUtils.java:38)
	at org.apache.ratis.util.LogUtils$1.run(LogUtils.java:78)
	at org.apache.ratis.util.TimeoutTimer$Task.run(TimeoutTimer.java:55)
	at java.util.TimerThread.mainLoop(Timer.java:555)
	at java.util.TimerThread.run(Timer.java:505)
2024-01-25 07:58:03,409 [ForkJoinPool.commonPool-worker-2] DEBUG client.RaftClient (RaftClientImpl.java:handleIOException(417)) - client-2312CCC7CA78: suggested new leader: null. Failed RaftClientRequest:client-2312CCC7CA78->s0@group-796A68A19D2E, cid=98, seq=null, Watch-ALL(33), null
org.apache.ratis.protocol.exceptions.TimeoutIOException: client-2312CCC7CA78->s0 request #98 timeout 10000ms
	at org.apache.ratis.grpc.client.GrpcClientProtocolClient$AsyncStreamObservers.lambda$timeoutCheck$5(GrpcClientProtocolClient.java:374)
	at java.util.Optional.ifPresent(Optional.java:159)
	at org.apache.ratis.grpc.client.GrpcClientProtocolClient$AsyncStreamObservers.handleReplyFuture(GrpcClientProtocolClient.java:378)
	at org.apache.ratis.grpc.client.GrpcClientProtocolClient$AsyncStreamObservers.timeoutCheck(GrpcClientProtocolClient.java:373)
	at org.apache.ratis.grpc.client.GrpcClientProtocolClient$AsyncStreamObservers.lambda$onNext$1(GrpcClientProtocolClient.java:362)
	at org.apache.ratis.util.TimeoutTimer.lambda$onTimeout$2(TimeoutTimer.java:101)
	at org.apache.ratis.util.LogUtils.runAndLog(LogUtils.java:38)
	at org.apache.ratis.util.LogUtils$1.run(LogUtils.java:78)
	at org.apache.ratis.util.TimeoutTimer$Task.run(TimeoutTimer.java:55)
	at java.util.TimerThread.mainLoop(Timer.java:555)
	at java.util.TimerThread.run(Timer.java:505)
2024-01-25 07:58:03,409 [ForkJoinPool.commonPool-worker-2] TRACE client.RaftClient (RaftClientImpl.java:handleIOException(419)) - Stack trace
java.lang.Throwable: TRACE
	at org.apache.ratis.client.impl.RaftClientImpl.handleIOException(RaftClientImpl.java:419)
	at org.apache.ratis.client.impl.RaftClientImpl.handleIOException(RaftClientImpl.java:412)
	at org.apache.ratis.client.impl.UnorderedAsync.lambda$sendRequestWithRetry$4(UnorderedAsync.java:121)
	at java.util.concurrent.CompletableFuture.uniWhenComplete(CompletableFuture.java:774)
	at java.util.concurrent.CompletableFuture$UniWhenComplete.tryFire(CompletableFuture.java:750)
	at java.util.concurrent.CompletableFuture$Completion.exec(CompletableFuture.java:457)
	at java.util.concurrent.ForkJoinTask.doExec(ForkJoinTask.java:289)
	at java.util.concurrent.ForkJoinPool$WorkQueue.runTask(ForkJoinPool.java:1056)
	at java.util.concurrent.ForkJoinPool.runWorker(ForkJoinPool.java:1692)
	at java.util.concurrent.ForkJoinWorkerThread.run(ForkJoinWorkerThread.java:175)
2024-01-25 07:58:03,409 [ForkJoinPool.commonPool-worker-2] DEBUG client.RaftClient (RaftClientImpl.java:handleIOException(435)) - client-2312CCC7CA78: oldLeader=s0,  curLeader=s2, newLeader=null
2024-01-25 07:58:03,409 [ForkJoinPool.commonPool-worker-2] DEBUG impl.UnorderedAsync (UnorderedAsync.java:lambda$sendRequestWithRetry$4(132)) - schedule~ attempt #1 with sleep 100ms and policy RetryForeverWithSleep(sleepTime = 100ms) for RaftClientRequest:client-2312CCC7CA78->s0@group-796A68A19D2E, cid=98, seq=null, Watch-ALL(33), null
2024-01-25 07:58:03,410 [ForkJoinPool.commonPool-worker-2] DEBUG impl.UnorderedAsync (UnorderedAsync.java:lambda$sendRequestWithRetry$4(83)) - client-2312CCC7CA78: attempt #1 receive~ null
2024-01-25 07:58:03,410 [ForkJoinPool.commonPool-worker-2] TRACE impl.UnorderedAsync (UnorderedAsync.java:lambda$sendRequestWithRetry$4(108)) - client-2312CCC7CA78: attempt #1 failed~ RaftClientRequest:client-2312CCC7CA78->s0@group-796A68A19D2E, cid=100, seq=null, Watch-ALL_COMMITTED(33), null
org.apache.ratis.protocol.exceptions.TimeoutIOException: client-2312CCC7CA78->s0 request #100 timeout 10000ms
	at org.apache.ratis.grpc.client.GrpcClientProtocolClient$AsyncStreamObservers.lambda$timeoutCheck$5(GrpcClientProtocolClient.java:374)
	at java.util.Optional.ifPresent(Optional.java:159)
	at org.apache.ratis.grpc.client.GrpcClientProtocolClient$AsyncStreamObservers.handleReplyFuture(GrpcClientProtocolClient.java:378)
	at org.apache.ratis.grpc.client.GrpcClientProtocolClient$AsyncStreamObservers.timeoutCheck(GrpcClientProtocolClient.java:373)
	at org.apache.ratis.grpc.client.GrpcClientProtocolClient$AsyncStreamObservers.lambda$onNext$1(GrpcClientProtocolClient.java:362)
	at org.apache.ratis.util.TimeoutTimer.lambda$onTimeout$2(TimeoutTimer.java:101)
	at org.apache.ratis.util.LogUtils.runAndLog(LogUtils.java:38)
	at org.apache.ratis.util.LogUtils$1.run(LogUtils.java:78)
	at org.apache.ratis.util.TimeoutTimer$Task.run(TimeoutTimer.java:55)
	at java.util.TimerThread.mainLoop(Timer.java:555)
	at java.util.TimerThread.run(Timer.java:505)
2024-01-25 07:58:03,410 [ForkJoinPool.commonPool-worker-2] DEBUG client.RaftClient (RaftClientImpl.java:handleIOException(417)) - client-2312CCC7CA78: suggested new leader: null. Failed RaftClientRequest:client-2312CCC7CA78->s0@group-796A68A19D2E, cid=100, seq=null, Watch-ALL_COMMITTED(33), null
org.apache.ratis.protocol.exceptions.TimeoutIOException: client-2312CCC7CA78->s0 request #100 timeout 10000ms
	at org.apache.ratis.grpc.client.GrpcClientProtocolClient$AsyncStreamObservers.lambda$timeoutCheck$5(GrpcClientProtocolClient.java:374)
	at java.util.Optional.ifPresent(Optional.java:159)
	at org.apache.ratis.grpc.client.GrpcClientProtocolClient$AsyncStreamObservers.handleReplyFuture(GrpcClientProtocolClient.java:378)
	at org.apache.ratis.grpc.client.GrpcClientProtocolClient$AsyncStreamObservers.timeoutCheck(GrpcClientProtocolClient.java:373)
	at org.apache.ratis.grpc.client.GrpcClientProtocolClient$AsyncStreamObservers.lambda$onNext$1(GrpcClientProtocolClient.java:362)
	at org.apache.ratis.util.TimeoutTimer.lambda$onTimeout$2(TimeoutTimer.java:101)
	at org.apache.ratis.util.LogUtils.runAndLog(LogUtils.java:38)
	at org.apache.ratis.util.LogUtils$1.run(LogUtils.java:78)
	at org.apache.ratis.util.TimeoutTimer$Task.run(TimeoutTimer.java:55)
	at java.util.TimerThread.mainLoop(Timer.java:555)
	at java.util.TimerThread.run(Timer.java:505)
2024-01-25 07:58:03,410 [ForkJoinPool.commonPool-worker-2] TRACE client.RaftClient (RaftClientImpl.java:handleIOException(419)) - Stack trace
java.lang.Throwable: TRACE
	at org.apache.ratis.client.impl.RaftClientImpl.handleIOException(RaftClientImpl.java:419)
	at org.apache.ratis.client.impl.RaftClientImpl.handleIOException(RaftClientImpl.java:412)
	at org.apache.ratis.client.impl.UnorderedAsync.lambda$sendRequestWithRetry$4(UnorderedAsync.java:121)
	at java.util.concurrent.CompletableFuture.uniWhenComplete(CompletableFuture.java:774)
	at java.util.concurrent.CompletableFuture$UniWhenComplete.tryFire(CompletableFuture.java:750)
	at java.util.concurrent.CompletableFuture$Completion.exec(CompletableFuture.java:457)
	at java.util.concurrent.ForkJoinTask.doExec(ForkJoinTask.java:289)
	at java.util.concurrent.ForkJoinPool$WorkQueue.runTask(ForkJoinPool.java:1056)
	at java.util.concurrent.ForkJoinPool.runWorker(ForkJoinPool.java:1692)
	at java.util.concurrent.ForkJoinWorkerThread.run(ForkJoinWorkerThread.java:175)
2024-01-25 07:58:03,410 [ForkJoinPool.commonPool-worker-2] DEBUG client.RaftClient (RaftClientImpl.java:handleIOException(435)) - client-2312CCC7CA78: oldLeader=s0,  curLeader=s2, newLeader=null
2024-01-25 07:58:03,410 [ForkJoinPool.commonPool-worker-2] DEBUG impl.UnorderedAsync (UnorderedAsync.java:lambda$sendRequestWithRetry$4(132)) - schedule~ attempt #1 with sleep 100ms and policy RetryForeverWithSleep(sleepTime = 100ms) for RaftClientRequest:client-2312CCC7CA78->s0@group-796A68A19D2E, cid=100, seq=null, Watch-ALL_COMMITTED(33), null
2024-01-25 07:58:03,412 [ForkJoinPool.commonPool-worker-2] DEBUG impl.UnorderedAsync (UnorderedAsync.java:lambda$sendRequestWithRetry$4(83)) - client-2312CCC7CA78: attempt #1 receive~ null
2024-01-25 07:58:03,412 [ForkJoinPool.commonPool-worker-2] TRACE impl.UnorderedAsync (UnorderedAsync.java:lambda$sendRequestWithRetry$4(108)) - client-2312CCC7CA78: attempt #1 failed~ RaftClientRequest:client-2312CCC7CA78->s0@group-796A68A19D2E, cid=102, seq=null, Watch-ALL(35), null
org.apache.ratis.protocol.exceptions.TimeoutIOException: client-2312CCC7CA78->s0 request #102 timeout 10000ms
	at org.apache.ratis.grpc.client.GrpcClientProtocolClient$AsyncStreamObservers.lambda$timeoutCheck$5(GrpcClientProtocolClient.java:374)
	at java.util.Optional.ifPresent(Optional.java:159)
	at org.apache.ratis.grpc.client.GrpcClientProtocolClient$AsyncStreamObservers.handleReplyFuture(GrpcClientProtocolClient.java:378)
	at org.apache.ratis.grpc.client.GrpcClientProtocolClient$AsyncStreamObservers.timeoutCheck(GrpcClientProtocolClient.java:373)
	at org.apache.ratis.grpc.client.GrpcClientProtocolClient$AsyncStreamObservers.lambda$onNext$1(GrpcClientProtocolClient.java:362)
	at org.apache.ratis.util.TimeoutTimer.lambda$onTimeout$2(TimeoutTimer.java:101)
	at org.apache.ratis.util.LogUtils.runAndLog(LogUtils.java:38)
	at org.apache.ratis.util.LogUtils$1.run(LogUtils.java:78)
	at org.apache.ratis.util.TimeoutTimer$Task.run(TimeoutTimer.java:55)
	at java.util.TimerThread.mainLoop(Timer.java:555)
	at java.util.TimerThread.run(Timer.java:505)
2024-01-25 07:58:03,412 [ForkJoinPool.commonPool-worker-2] DEBUG client.RaftClient (RaftClientImpl.java:handleIOException(417)) - client-2312CCC7CA78: suggested new leader: null. Failed RaftClientRequest:client-2312CCC7CA78->s0@group-796A68A19D2E, cid=102, seq=null, Watch-ALL(35), null
org.apache.ratis.protocol.exceptions.TimeoutIOException: client-2312CCC7CA78->s0 request #102 timeout 10000ms
	at org.apache.ratis.grpc.client.GrpcClientProtocolClient$AsyncStreamObservers.lambda$timeoutCheck$5(GrpcClientProtocolClient.java:374)
	at java.util.Optional.ifPresent(Optional.java:159)
	at org.apache.ratis.grpc.client.GrpcClientProtocolClient$AsyncStreamObservers.handleReplyFuture(GrpcClientProtocolClient.java:378)
	at org.apache.ratis.grpc.client.GrpcClientProtocolClient$AsyncStreamObservers.timeoutCheck(GrpcClientProtocolClient.java:373)
	at org.apache.ratis.grpc.client.GrpcClientProtocolClient$AsyncStreamObservers.lambda$onNext$1(GrpcClientProtocolClient.java:362)
	at org.apache.ratis.util.TimeoutTimer.lambda$onTimeout$2(TimeoutTimer.java:101)
	at org.apache.ratis.util.LogUtils.runAndLog(LogUtils.java:38)
	at org.apache.ratis.util.LogUtils$1.run(LogUtils.java:78)
	at org.apache.ratis.util.TimeoutTimer$Task.run(TimeoutTimer.java:55)
	at java.util.TimerThread.mainLoop(Timer.java:555)
	at java.util.TimerThread.run(Timer.java:505)
2024-01-25 07:58:03,412 [ForkJoinPool.commonPool-worker-2] TRACE client.RaftClient (RaftClientImpl.java:handleIOException(419)) - Stack trace
java.lang.Throwable: TRACE
	at org.apache.ratis.client.impl.RaftClientImpl.handleIOException(RaftClientImpl.java:419)
	at org.apache.ratis.client.impl.RaftClientImpl.handleIOException(RaftClientImpl.java:412)
	at org.apache.ratis.client.impl.UnorderedAsync.lambda$sendRequestWithRetry$4(UnorderedAsync.java:121)
	at java.util.concurrent.CompletableFuture.uniWhenComplete(CompletableFuture.java:774)
	at java.util.concurrent.CompletableFuture$UniWhenComplete.tryFire(CompletableFuture.java:750)
	at java.util.concurrent.CompletableFuture$Completion.exec(CompletableFuture.java:457)
	at java.util.concurrent.ForkJoinTask.doExec(ForkJoinTask.java:289)
	at java.util.concurrent.ForkJoinPool$WorkQueue.runTask(ForkJoinPool.java:1056)
	at java.util.concurrent.ForkJoinPool.runWorker(ForkJoinPool.java:1692)
	at java.util.concurrent.ForkJoinWorkerThread.run(ForkJoinWorkerThread.java:175)
2024-01-25 07:58:03,412 [ForkJoinPool.commonPool-worker-2] DEBUG client.RaftClient (RaftClientImpl.java:handleIOException(435)) - client-2312CCC7CA78: oldLeader=s0,  curLeader=s2, newLeader=null
2024-01-25 07:58:03,412 [ForkJoinPool.commonPool-worker-2] DEBUG impl.UnorderedAsync (UnorderedAsync.java:lambda$sendRequestWithRetry$4(132)) - schedule~ attempt #1 with sleep 100ms and policy RetryForeverWithSleep(sleepTime = 100ms) for RaftClientRequest:client-2312CCC7CA78->s0@group-796A68A19D2E, cid=102, seq=null, Watch-ALL(35), null
2024-01-25 07:58:03,425 [Time-limited test] DEBUG client.RaftClient (RaftClientImpl.java:close(464)) - close client-2312CCC7CA78
2024-01-25 07:58:03,427 [Time-limited test] INFO  impl.MiniRaftCluster (MiniRaftCluster.java:runWithNewCluster(142)) - printing ALL groups
  s0:  RUNNING    LEADER s0@group-796A68A19D2E:t3, leader=s0, voted=s0, raftlog=Memoized:s0@group-796A68A19D2E-SegmentedRaftLog:OPENED:c59, conf=24: peers:[s0|localhost:15000, s1|localhost:15004, s2|localhost:15008]|listeners:[], old=null RUNNING
  s1:  RUNNING  FOLLOWER s1@group-796A68A19D2E:t3, leader=s0, voted=s0, raftlog=Memoized:s1@group-796A68A19D2E-SegmentedRaftLog:OPENED:c59, conf=24: peers:[s0|localhost:15000, s1|localhost:15004, s2|localhost:15008]|listeners:[], old=null RUNNING
  s2:  RUNNING  FOLLOWER s2@group-796A68A19D2E:t3, leader=s0, voted=s0, raftlog=Memoized:s2@group-796A68A19D2E-SegmentedRaftLog:OPENED:c25, conf=24: peers:[s0|localhost:15000, s1|localhost:15004, s2|localhost:15008]|listeners:[], old=null RUNNING
2024-01-25 07:58:03,427 [Time-limited test] ERROR impl.MiniRaftCluster (MiniRaftCluster.java:runWithNewCluster(143)) - Failed org.apache.ratis.server.impl.MiniRaftCluster$Factory$Get.runWithNewCluster(MiniRaftCluster.java:120)
java.util.concurrent.TimeoutException
	at java.util.concurrent.CompletableFuture.timedGet(CompletableFuture.java:1784)
	at java.util.concurrent.CompletableFuture.get(CompletableFuture.java:1928)
	at org.apache.ratis.WatchRequestTests.checkMajority(WatchRequestTests.java:274)
	at org.apache.ratis.WatchRequestTests.runTestWatchRequestAsyncChangeLeader(WatchRequestTests.java:360)
	at org.apache.ratis.WatchRequestTests.runTest(WatchRequestTests.java:153)
	at org.apache.ratis.WatchRequestTests.lambda$testWatchRequestAsyncChangeLeader$6(WatchRequestTests.java:337)
	at org.apache.ratis.server.impl.MiniRaftCluster$Factory$Get.runWithNewCluster(MiniRaftCluster.java:140)
	at org.apache.ratis.server.impl.MiniRaftCluster$Factory$Get.runWithNewCluster(MiniRaftCluster.java:120)
	at org.apache.ratis.WatchRequestTests.testWatchRequestAsyncChangeLeader(WatchRequestTests.java:336)
	at sun.reflect.NativeMethodAccessorImpl.invoke0(Native Method)
	at sun.reflect.NativeMethodAccessorImpl.invoke(NativeMethodAccessorImpl.java:62)
	at sun.reflect.DelegatingMethodAccessorImpl.invoke(DelegatingMethodAccessorImpl.java:43)
	at java.lang.reflect.Method.invoke(Method.java:498)
	at org.junit.runners.model.FrameworkMethod$1.runReflectiveCall(FrameworkMethod.java:59)
	at org.junit.internal.runners.model.ReflectiveCallable.run(ReflectiveCallable.java:12)
	at org.junit.runners.model.FrameworkMethod.invokeExplosively(FrameworkMethod.java:56)
	at org.junit.internal.runners.statements.InvokeMethod.evaluate(InvokeMethod.java:17)
	at org.junit.internal.runners.statements.RunBefores.evaluate(RunBefores.java:26)
	at org.junit.internal.runners.statements.RunAfters.evaluate(RunAfters.java:27)
	at org.junit.internal.runners.statements.FailOnTimeout$CallableStatement.call(FailOnTimeout.java:299)
	at org.junit.internal.runners.statements.FailOnTimeout$CallableStatement.call(FailOnTimeout.java:293)
	at java.util.concurrent.FutureTask.run(FutureTask.java:266)
	at java.lang.Thread.run(Thread.java:750)
2024-01-25 07:58:03,427 [Time-limited test] INFO  impl.MiniRaftCluster (MiniRaftCluster.java:shutdown(832)) - ************************************************************** 
2024-01-25 07:58:03,427 [Time-limited test] INFO  impl.MiniRaftCluster (MiniRaftCluster.java:shutdown(833)) - *** 
2024-01-25 07:58:03,427 [Time-limited test] INFO  impl.MiniRaftCluster (MiniRaftCluster.java:shutdown(834)) - ***     Stopping MiniRaftClusterWithGrpc
2024-01-25 07:58:03,427 [Time-limited test] INFO  impl.MiniRaftCluster (MiniRaftCluster.java:shutdown(835)) - *** 
2024-01-25 07:58:03,427 [Time-limited test] INFO  impl.MiniRaftCluster (MiniRaftCluster.java:shutdown(836)) - ************************************************************** 
2024-01-25 07:58:03,427 [Time-limited test] INFO  impl.MiniRaftCluster (MiniRaftCluster.java:shutdown(837)) - printing ALL groups
  s0:  RUNNING    LEADER s0@group-796A68A19D2E:t3, leader=s0, voted=s0, raftlog=Memoized:s0@group-796A68A19D2E-SegmentedRaftLog:OPENED:c59, conf=24: peers:[s0|localhost:15000, s1|localhost:15004, s2|localhost:15008]|listeners:[], old=null RUNNING
  s1:  RUNNING  FOLLOWER s1@group-796A68A19D2E:t3, leader=s0, voted=s0, raftlog=Memoized:s1@group-796A68A19D2E-SegmentedRaftLog:OPENED:c59, conf=24: peers:[s0|localhost:15000, s1|localhost:15004, s2|localhost:15008]|listeners:[], old=null RUNNING
  s2:  RUNNING  FOLLOWER s2@group-796A68A19D2E:t3, leader=s0, voted=s0, raftlog=Memoized:s2@group-796A68A19D2E-SegmentedRaftLog:OPENED:c25, conf=24: peers:[s0|localhost:15000, s1|localhost:15004, s2|localhost:15008]|listeners:[], old=null RUNNING
2024-01-25 07:58:03,429 [MiniRaftCluster-2] INFO  server.RaftServer (RaftServerProxy.java:lambda$close$9(417)) - s1: close
2024-01-25 07:58:03,429 [MiniRaftCluster-1] INFO  server.RaftServer (RaftServerProxy.java:lambda$close$9(417)) - s0: close
2024-01-25 07:58:03,429 [MiniRaftCluster-2] INFO  server.GrpcService (GrpcService.java:closeImpl(317)) - s1: shutdown server org.apache.ratis.grpc.server.GrpcClientProtocolService now
2024-01-25 07:58:03,430 [s0-impl-thread1] INFO  server.RaftServer$Division (RaftServerImpl.java:lambda$close$1(457)) - s0@group-796A68A19D2E: shutdown
2024-01-25 07:58:03,430 [s0-impl-thread1] INFO  util.JmxRegister (JmxRegister.java:unregister(74)) - Successfully un-registered JMX Bean with object name Ratis:service=RaftServer,group=group-796A68A19D2E,id=s0
2024-01-25 07:58:03,430 [s0-impl-thread1] INFO  impl.RoleInfo (RoleInfo.java:shutdownLeaderState(95)) - s0: shutdown s0@group-796A68A19D2E-LeaderStateImpl
2024-01-25 07:58:03,430 [MiniRaftCluster-1] INFO  server.GrpcService (GrpcService.java:closeImpl(317)) - s0: shutdown server org.apache.ratis.grpc.server.GrpcClientProtocolService now
2024-01-25 07:58:03,432 [s1-impl-thread1] INFO  server.RaftServer$Division (RaftServerImpl.java:lambda$close$1(457)) - s1@group-796A68A19D2E: shutdown
2024-01-25 07:58:03,432 [s1-impl-thread1] INFO  util.JmxRegister (JmxRegister.java:unregister(74)) - Successfully un-registered JMX Bean with object name Ratis:service=RaftServer,group=group-796A68A19D2E,id=s1
2024-01-25 07:58:03,432 [s1-impl-thread1] INFO  impl.RoleInfo (RoleInfo.java:shutdownFollowerState(111)) - s1: shutdown s1@group-796A68A19D2E-FollowerState
2024-01-25 07:58:03,434 [s1@group-796A68A19D2E-FollowerState] INFO  impl.FollowerState (FollowerState.java:run(152)) - s1@group-796A68A19D2E-FollowerState was interrupted
2024-01-25 07:58:03,434 [s0-impl-thread1] INFO  impl.PendingRequests (PendingRequests.java:sendNotLeaderResponses(287)) - s0@group-796A68A19D2E-PendingRequests: sendNotLeaderResponses
2024-01-25 07:58:03,434 [Thread-116] INFO  server.GrpcServerProtocolClient (GrpcServerProtocolClient.java:close(103)) - s0 Close channels
2024-01-25 07:58:03,434 [s1-impl-thread1] INFO  impl.StateMachineUpdater (StateMachineUpdater.java:stopAndJoin(157)) - s1@group-796A68A19D2E-StateMachineUpdater: set stopIndex = 59
2024-01-25 07:58:03,434 [null-request--thread1] INFO  server.GrpcClientProtocolService (GrpcClientProtocolService.java:lambda$processClientRequest$0(323)) - Failed RaftClientRequest:client-2312CCC7CA78->s0@group-796A68A19D2E, cid=78, seq=null, Watch-ALL(26), Message:<EMPTY>, reply=RaftClientReply:client-2312CCC7CA78->s0@group-796A68A19D2E, cid=78, FAILED org.apache.ratis.protocol.exceptions.NotLeaderException: Server s0@group-796A68A19D2E is not the leader, logIndex=0, commits[s0:c59]
2024-01-25 07:58:03,435 [null-request--thread1] INFO  server.GrpcClientProtocolService (GrpcClientProtocolService.java:lambda$processClientRequest$0(323)) - Failed RaftClientRequest:client-2312CCC7CA78->s0@group-796A68A19D2E, cid=86, seq=null, Watch-ALL(29), Message:<EMPTY>, reply=RaftClientReply:client-2312CCC7CA78->s0@group-796A68A19D2E, cid=86, FAILED org.apache.ratis.protocol.exceptions.NotLeaderException: Server s0@group-796A68A19D2E is not the leader, logIndex=0, commits[s0:c59]
2024-01-25 07:58:03,435 [s0@group-796A68A19D2E->s1-GrpcLogAppender-LogAppenderDaemon] WARN  server.GrpcLogAppender (GrpcLogAppender.java:mayWait(289)) - s0@group-796A68A19D2E->s1-GrpcLogAppender: Wait interrupted by java.lang.InterruptedException
2024-01-25 07:58:03,435 [null-request--thread1] INFO  server.GrpcClientProtocolService (GrpcClientProtocolService.java:lambda$processClientRequest$0(323)) - Failed RaftClientRequest:client-2312CCC7CA78->s0@group-796A68A19D2E, cid=86, seq=null, Watch-ALL(29), Message:<EMPTY>, reply=RaftClientReply:client-2312CCC7CA78->s0@group-796A68A19D2E, cid=86, FAILED org.apache.ratis.protocol.exceptions.NotLeaderException: Server s0@group-796A68A19D2E is not the leader, logIndex=0, commits[s0:c59]
2024-01-25 07:58:03,435 [grpc-default-executor-8] INFO  server.GrpcServerProtocolService (GrpcServerProtocolService.java:onCompleted(186)) - s1: Completed APPEND_ENTRIES, lastRequest: null
2024-01-25 07:58:03,435 [s0@group-796A68A19D2E->s2-GrpcLogAppender-LogAppenderDaemon] INFO  leader.LogAppenderDaemon (LogAppenderDaemon.java:run(87)) - s0@group-796A68A19D2E->s2-GrpcLogAppender-LogAppenderDaemon I/O was interrupted: java.io.InterruptedIOException: Interrupted appendLog, heartbeat? true
2024-01-25 07:58:03,435 [Thread-118] INFO  server.GrpcServerProtocolClient (GrpcServerProtocolClient.java:close(103)) - s2 Close channels
2024-01-25 07:58:03,435 [MiniRaftCluster-3] INFO  server.RaftServer (RaftServerProxy.java:lambda$close$9(417)) - s2: close
2024-01-25 07:58:03,436 [MiniRaftCluster-3] INFO  server.GrpcService (GrpcService.java:closeImpl(317)) - s2: shutdown server org.apache.ratis.grpc.server.GrpcClientProtocolService now
2024-01-25 07:58:03,436 [grpc-default-executor-8] INFO  server.GrpcServerProtocolService (GrpcServerProtocolService.java:lambda$onCompleted$7(188)) - s1: Completed APPEND_ENTRIES, lastReply: serverReply {
  requestorId: "s0"
  replyId: "s1"
  raftGroupId {
    id: "j\310\307\211\273]D\241\245\326yjh\241\235."
  }
  callId: 311
  success: true
}
term: 3
nextIndex: 60
followerCommit: 59
matchIndex: 18446744073709551615
isHearbeat: true

2024-01-25 07:58:03,436 [grpc-default-executor-6] INFO  server.GrpcServerProtocolService (GrpcServerProtocolService.java:onCompleted(186)) - s1: Completed APPEND_ENTRIES, lastRequest: s0->s1#137-t3,previous=(t:3, i:57),leaderCommit=57,initializing? false,entries: size=2, first=(t:3, i:58), METADATAENTRY(c:56)
2024-01-25 07:58:03,437 [grpc-default-executor-6] INFO  server.GrpcServerProtocolService (GrpcServerProtocolService.java:lambda$onCompleted$7(188)) - s1: Completed APPEND_ENTRIES, lastReply: null
2024-01-25 07:58:03,438 [Thread-121] INFO  server.GrpcServerProtocolClient (GrpcServerProtocolClient.java:close(103)) - s2 Close channels
2024-01-25 07:58:03,438 [Thread-120] INFO  server.GrpcServerProtocolClient (GrpcServerProtocolClient.java:close(103)) - s1 Close channels
2024-01-25 07:58:03,439 [s1-impl-thread1] INFO  server.RaftServer$Division (ServerState.java:close(427)) - s1@group-796A68A19D2E: applyIndex: 59
2024-01-25 07:58:03,440 [s1@group-796A68A19D2E-cacheEviction-AwaitToRun] INFO  util.AwaitToRun (AwaitToRun.java:run(49)) - s1@group-796A68A19D2E-cacheEviction-AwaitToRun-AwaitForSignal is interrupted
2024-01-25 07:58:03,441 [s2-impl-thread1] INFO  server.RaftServer$Division (RaftServerImpl.java:lambda$close$1(457)) - s2@group-796A68A19D2E: shutdown
2024-01-25 07:58:03,441 [s2-impl-thread1] INFO  util.JmxRegister (JmxRegister.java:unregister(74)) - Successfully un-registered JMX Bean with object name Ratis:service=RaftServer,group=group-796A68A19D2E,id=s2
2024-01-25 07:58:03,441 [s2-impl-thread1] INFO  impl.RoleInfo (RoleInfo.java:shutdownFollowerState(111)) - s2: shutdown s2@group-796A68A19D2E-FollowerState
2024-01-25 07:58:03,441 [s2-impl-thread1] INFO  impl.StateMachineUpdater (StateMachineUpdater.java:stopAndJoin(157)) - s2@group-796A68A19D2E-StateMachineUpdater: set stopIndex = 25
2024-01-25 07:58:03,441 [s2@group-796A68A19D2E-FollowerState] INFO  impl.FollowerState (FollowerState.java:run(152)) - s2@group-796A68A19D2E-FollowerState was interrupted
2024-01-25 07:58:03,442 [null-request--thread1] INFO  server.GrpcClientProtocolService (GrpcClientProtocolService.java:lambda$processClientRequest$0(323)) - Failed RaftClientRequest:client-2312CCC7CA78->s0@group-796A68A19D2E, cid=90, seq=null, Watch-ALL(30), Message:<EMPTY>, reply=RaftClientReply:client-2312CCC7CA78->s0@group-796A68A19D2E, cid=90, FAILED org.apache.ratis.protocol.exceptions.NotLeaderException: Server s0@group-796A68A19D2E is not the leader, logIndex=0, commits[s0:c59]
2024-01-25 07:58:03,442 [null-request--thread1] INFO  server.GrpcClientProtocolService (GrpcClientProtocolService.java:lambda$processClientRequest$0(323)) - Failed RaftClientRequest:client-2312CCC7CA78->s0@group-796A68A19D2E, cid=94, seq=null, Watch-ALL(31), Message:<EMPTY>, reply=RaftClientReply:client-2312CCC7CA78->s0@group-796A68A19D2E, cid=94, FAILED org.apache.ratis.protocol.exceptions.NotLeaderException: Server s0@group-796A68A19D2E is not the leader, logIndex=0, commits[s0:c59]
2024-01-25 07:58:03,442 [null-request--thread1] INFO  server.GrpcClientProtocolService (GrpcClientProtocolService.java:lambda$processClientRequest$0(323)) - Failed RaftClientRequest:client-2312CCC7CA78->s0@group-796A68A19D2E, cid=98, seq=null, Watch-ALL(33), Message:<EMPTY>, reply=RaftClientReply:client-2312CCC7CA78->s0@group-796A68A19D2E, cid=98, FAILED org.apache.ratis.protocol.exceptions.NotLeaderException: Server s0@group-796A68A19D2E is not the leader, logIndex=0, commits[s0:c59]
2024-01-25 07:58:03,442 [null-request--thread1] INFO  server.GrpcClientProtocolService (GrpcClientProtocolService.java:lambda$processClientRequest$0(323)) - Failed RaftClientRequest:client-2312CCC7CA78->s0@group-796A68A19D2E, cid=102, seq=null, Watch-ALL(35), Message:<EMPTY>, reply=RaftClientReply:client-2312CCC7CA78->s0@group-796A68A19D2E, cid=102, FAILED org.apache.ratis.protocol.exceptions.NotLeaderException: Server s0@group-796A68A19D2E is not the leader, logIndex=0, commits[s0:c59]
2024-01-25 07:58:03,442 [MiniRaftCluster-2] INFO  server.GrpcService (GrpcService.java:closeImpl(326)) - s1: shutdown server org.apache.ratis.grpc.server.GrpcClientProtocolService successfully
2024-01-25 07:58:03,442 [null-request--thread1] INFO  server.GrpcClientProtocolService (GrpcClientProtocolService.java:lambda$processClientRequest$0(323)) - Failed RaftClientRequest:client-2312CCC7CA78->s0@group-796A68A19D2E, cid=106, seq=null, Watch-ALL(39), Message:<EMPTY>, reply=RaftClientReply:client-2312CCC7CA78->s0@group-796A68A19D2E, cid=106, FAILED org.apache.ratis.protocol.exceptions.NotLeaderException: Server s0@group-796A68A19D2E is not the leader, logIndex=0, commits[s0:c59]
2024-01-25 07:58:03,442 [MiniRaftCluster-2] INFO  server.GrpcService (GrpcService.java:closeImpl(317)) - s1: shutdown server GrpcServerProtocolService now
2024-01-25 07:58:03,444 [grpc-default-executor-9] INFO  server.GrpcLogAppender (GrpcLogAppender.java:onCompleted(546)) - s0@group-796A68A19D2E->s1-AppendLogResponseHandler: follower responses appendEntries COMPLETED
2024-01-25 07:58:03,444 [grpc-default-executor-9] WARN  server.GrpcLogAppender (GrpcLogAppender.java:resetClient(226)) - s0@group-796A68A19D2E->s1-GrpcLogAppender: Failed to getClient for s1
org.apache.ratis.protocol.exceptions.AlreadyClosedException: s0 is already CLOSED
	at org.apache.ratis.util.PeerProxyMap$PeerAndProxy.getProxy(PeerProxyMap.java:66)
	at org.apache.ratis.util.PeerProxyMap.getProxy(PeerProxyMap.java:123)
	at org.apache.ratis.grpc.server.GrpcLogAppender.getClient(GrpcLogAppender.java:196)
	at org.apache.ratis.grpc.server.GrpcLogAppender.resetClient(GrpcLogAppender.java:201)
	at org.apache.ratis.grpc.server.GrpcLogAppender.access$800(GrpcLogAppender.java:62)
	at org.apache.ratis.grpc.server.GrpcLogAppender$AppendLogResponseHandler.onCompleted(GrpcLogAppender.java:547)
	at org.apache.ratis.thirdparty.io.grpc.stub.ClientCalls$StreamObserverToCallListenerAdapter.onClose(ClientCalls.java:479)
	at org.apache.ratis.thirdparty.io.grpc.internal.ClientCallImpl.closeObserver(ClientCallImpl.java:567)
	at org.apache.ratis.thirdparty.io.grpc.internal.ClientCallImpl.access$300(ClientCallImpl.java:71)
	at org.apache.ratis.thirdparty.io.grpc.internal.ClientCallImpl$ClientStreamListenerImpl$1StreamClosed.runInternal(ClientCallImpl.java:735)
	at org.apache.ratis.thirdparty.io.grpc.internal.ClientCallImpl$ClientStreamListenerImpl$1StreamClosed.runInContext(ClientCallImpl.java:716)
	at org.apache.ratis.thirdparty.io.grpc.internal.ContextRunnable.run(ContextRunnable.java:37)
	at org.apache.ratis.thirdparty.io.grpc.internal.SerializingExecutor.run(SerializingExecutor.java:133)
	at java.util.concurrent.ThreadPoolExecutor.runWorker(ThreadPoolExecutor.java:1149)
	at java.util.concurrent.ThreadPoolExecutor$Worker.run(ThreadPoolExecutor.java:624)
	at java.lang.Thread.run(Thread.java:750)
2024-01-25 07:58:03,446 [s2-impl-thread1] INFO  server.RaftServer$Division (ServerState.java:close(427)) - s2@group-796A68A19D2E: applyIndex: 25
2024-01-25 07:58:03,446 [grpc-default-executor-6] INFO  server.GrpcLogAppender (GrpcLogAppender.java:onCompleted(546)) - s0@group-796A68A19D2E->s1-AppendLogResponseHandler: follower responses appendEntries COMPLETED
2024-01-25 07:58:03,447 [s2@group-796A68A19D2E-cacheEviction-AwaitToRun] INFO  util.AwaitToRun (AwaitToRun.java:run(49)) - s2@group-796A68A19D2E-cacheEviction-AwaitToRun-AwaitForSignal is interrupted
2024-01-25 07:58:03,447 [grpc-default-executor-6] WARN  server.GrpcLogAppender (GrpcLogAppender.java:resetClient(226)) - s0@group-796A68A19D2E->s1-GrpcLogAppender: Failed to getClient for s1
org.apache.ratis.protocol.exceptions.AlreadyClosedException: s0 is already CLOSED
	at org.apache.ratis.util.PeerProxyMap$PeerAndProxy.getProxy(PeerProxyMap.java:66)
	at org.apache.ratis.util.PeerProxyMap.getProxy(PeerProxyMap.java:123)
	at org.apache.ratis.grpc.server.GrpcLogAppender.getClient(GrpcLogAppender.java:196)
	at org.apache.ratis.grpc.server.GrpcLogAppender.resetClient(GrpcLogAppender.java:201)
	at org.apache.ratis.grpc.server.GrpcLogAppender.access$800(GrpcLogAppender.java:62)
	at org.apache.ratis.grpc.server.GrpcLogAppender$AppendLogResponseHandler.onCompleted(GrpcLogAppender.java:547)
	at org.apache.ratis.thirdparty.io.grpc.stub.ClientCalls$StreamObserverToCallListenerAdapter.onClose(ClientCalls.java:479)
	at org.apache.ratis.thirdparty.io.grpc.internal.DelayedClientCall$DelayedListener$3.run(DelayedClientCall.java:489)
	at org.apache.ratis.thirdparty.io.grpc.internal.DelayedClientCall$DelayedListener.delayOrExecute(DelayedClientCall.java:453)
	at org.apache.ratis.thirdparty.io.grpc.internal.DelayedClientCall$DelayedListener.onClose(DelayedClientCall.java:486)
	at org.apache.ratis.thirdparty.io.grpc.internal.ClientCallImpl.closeObserver(ClientCallImpl.java:567)
	at org.apache.ratis.thirdparty.io.grpc.internal.ClientCallImpl.access$300(ClientCallImpl.java:71)
	at org.apache.ratis.thirdparty.io.grpc.internal.ClientCallImpl$ClientStreamListenerImpl$1StreamClosed.runInternal(ClientCallImpl.java:735)
	at org.apache.ratis.thirdparty.io.grpc.internal.ClientCallImpl$ClientStreamListenerImpl$1StreamClosed.runInContext(ClientCallImpl.java:716)
	at org.apache.ratis.thirdparty.io.grpc.internal.ContextRunnable.run(ContextRunnable.java:37)
	at org.apache.ratis.thirdparty.io.grpc.internal.SerializingExecutor.run(SerializingExecutor.java:133)
	at java.util.concurrent.ThreadPoolExecutor.runWorker(ThreadPoolExecutor.java:1149)
	at java.util.concurrent.ThreadPoolExecutor$Worker.run(ThreadPoolExecutor.java:624)
	at java.lang.Thread.run(Thread.java:750)
2024-01-25 07:58:03,447 [s0-impl-thread1] INFO  impl.StateMachineUpdater (StateMachineUpdater.java:stopAndJoin(157)) - s0@group-796A68A19D2E-StateMachineUpdater: set stopIndex = 59
2024-01-25 07:58:03,448 [s0-impl-thread1] INFO  server.RaftServer$Division (ServerState.java:close(427)) - s0@group-796A68A19D2E: applyIndex: 59
2024-01-25 07:58:03,448 [null-request--thread1] INFO  server.GrpcClientProtocolService (GrpcClientProtocolService.java:lambda$processClientRequest$0(323)) - Failed RaftClientRequest:client-2312CCC7CA78->s0@group-796A68A19D2E, cid=106, seq=null, Watch-ALL(39), Message:<EMPTY>, reply=RaftClientReply:client-2312CCC7CA78->s0@group-796A68A19D2E, cid=106, FAILED org.apache.ratis.protocol.exceptions.NotLeaderException: Server s0@group-796A68A19D2E is not the leader, logIndex=0, commits[s0:c59]
2024-01-25 07:58:03,448 [Thread-122] INFO  server.GrpcServerProtocolClient (GrpcServerProtocolClient.java:close(103)) - s0 Close channels
2024-01-25 07:58:03,449 [grpc-default-executor-9] WARN  server.GrpcClientProtocolService (LogUtils.java:warn(121)) - 5-UnorderedRequestStreamObserver5: onError: org.apache.ratis.thirdparty.io.grpc.StatusRuntimeException: CANCELLED: client cancelled
2024-01-25 07:58:03,449 [grpc-default-executor-0] WARN  server.GrpcClientProtocolService (LogUtils.java:warn(121)) - 13-UnorderedRequestStreamObserver13: onError: org.apache.ratis.thirdparty.io.grpc.StatusRuntimeException: CANCELLED: client cancelled
2024-01-25 07:58:03,454 [MiniRaftCluster-2] INFO  server.GrpcService (GrpcService.java:closeImpl(326)) - s1: shutdown server GrpcServerProtocolService successfully
2024-01-25 07:58:03,454 [MiniRaftCluster-2] INFO  server.GrpcService (GrpcService.java:closeImpl(317)) - s1: shutdown server org.apache.ratis.grpc.server.GrpcAdminProtocolService now
2024-01-25 07:58:03,455 [MiniRaftCluster-2] INFO  server.GrpcService (GrpcService.java:closeImpl(326)) - s1: shutdown server org.apache.ratis.grpc.server.GrpcAdminProtocolService successfully
2024-01-25 07:58:03,455 [ForkJoinPool.commonPool-worker-2] DEBUG impl.UnorderedAsync (UnorderedAsync.java:lambda$sendRequestWithRetry$4(83)) - client-2312CCC7CA78: attempt #1 receive~ null
2024-01-25 07:58:03,455 [ForkJoinPool.commonPool-worker-2] DEBUG impl.UnorderedAsync (UnorderedAsync.java:lambda$sendRequestWithRetry$4(83)) - client-2312CCC7CA78: attempt #1 receive~ null
2024-01-25 07:58:03,457 [Thread-123] INFO  server.GrpcServerProtocolClient (GrpcServerProtocolClient.java:close(103)) - s1 Close channels
2024-01-25 07:58:03,457 [s0@group-796A68A19D2E-cacheEviction-AwaitToRun] INFO  util.AwaitToRun (AwaitToRun.java:run(49)) - s0@group-796A68A19D2E-cacheEviction-AwaitToRun-AwaitForSignal is interrupted
2024-01-25 07:58:03,459 [null-request--thread1] INFO  server.GrpcClientProtocolService (GrpcClientProtocolService.java:lambda$processClientRequest$0(323)) - Failed RaftClientRequest:client-2312CCC7CA78->s0@group-796A68A19D2E, cid=106, seq=null, Watch-ALL(39), Message:<EMPTY>, reply=RaftClientReply:client-2312CCC7CA78->s0@group-796A68A19D2E, cid=106, FAILED org.apache.ratis.protocol.exceptions.NotLeaderException: Server s0@group-796A68A19D2E is not the leader, logIndex=0, commits[s0:c59]
2024-01-25 07:58:03,459 [null-request--thread1] INFO  server.GrpcClientProtocolService (GrpcClientProtocolService.java:lambda$processClientRequest$0(323)) - Failed RaftClientRequest:client-2312CCC7CA78->s0@group-796A68A19D2E, cid=80, seq=null, Watch-ALL_COMMITTED(26), Message:<EMPTY>, reply=RaftClientReply:client-2312CCC7CA78->s0@group-796A68A19D2E, cid=80, FAILED org.apache.ratis.protocol.exceptions.NotLeaderException: Server s0@group-796A68A19D2E is not the leader, logIndex=0, commits[s0:c59]
2024-01-25 07:58:03,460 [null-request--thread1] INFO  server.GrpcClientProtocolService (GrpcClientProtocolService.java:lambda$processClientRequest$0(323)) - Failed RaftClientRequest:client-2312CCC7CA78->s0@group-796A68A19D2E, cid=80, seq=null, Watch-ALL_COMMITTED(26), Message:<EMPTY>, reply=RaftClientReply:client-2312CCC7CA78->s0@group-796A68A19D2E, cid=80, FAILED org.apache.ratis.protocol.exceptions.NotLeaderException: Server s0@group-796A68A19D2E is not the leader, logIndex=0, commits[s0:c59]
2024-01-25 07:58:03,460 [null-request--thread1] INFO  server.GrpcClientProtocolService (GrpcClientProtocolService.java:lambda$processClientRequest$0(323)) - Failed RaftClientRequest:client-2312CCC7CA78->s0@group-796A68A19D2E, cid=84, seq=null, Watch-ALL_COMMITTED(28), Message:<EMPTY>, reply=RaftClientReply:client-2312CCC7CA78->s0@group-796A68A19D2E, cid=84, FAILED org.apache.ratis.protocol.exceptions.NotLeaderException: Server s0@group-796A68A19D2E is not the leader, logIndex=0, commits[s0:c59]
2024-01-25 07:58:03,460 [null-request--thread1] INFO  server.GrpcClientProtocolService (GrpcClientProtocolService.java:lambda$processClientRequest$0(323)) - Failed RaftClientRequest:client-2312CCC7CA78->s0@group-796A68A19D2E, cid=84, seq=null, Watch-ALL_COMMITTED(28), Message:<EMPTY>, reply=RaftClientReply:client-2312CCC7CA78->s0@group-796A68A19D2E, cid=84, FAILED org.apache.ratis.protocol.exceptions.NotLeaderException: Server s0@group-796A68A19D2E is not the leader, logIndex=0, commits[s0:c59]
2024-01-25 07:58:03,460 [null-request--thread1] INFO  server.GrpcClientProtocolService (GrpcClientProtocolService.java:lambda$processClientRequest$0(323)) - Failed RaftClientRequest:client-2312CCC7CA78->s0@group-796A68A19D2E, cid=88, seq=null, Watch-ALL_COMMITTED(29), Message:<EMPTY>, reply=RaftClientReply:client-2312CCC7CA78->s0@group-796A68A19D2E, cid=88, FAILED org.apache.ratis.protocol.exceptions.NotLeaderException: Server s0@group-796A68A19D2E is not the leader, logIndex=0, commits[s0:c59]
2024-01-25 07:58:03,461 [null-request--thread1] INFO  server.GrpcClientProtocolService (GrpcClientProtocolService.java:lambda$processClientRequest$0(323)) - Failed RaftClientRequest:client-2312CCC7CA78->s0@group-796A68A19D2E, cid=88, seq=null, Watch-ALL_COMMITTED(29), Message:<EMPTY>, reply=RaftClientReply:client-2312CCC7CA78->s0@group-796A68A19D2E, cid=88, FAILED org.apache.ratis.protocol.exceptions.NotLeaderException: Server s0@group-796A68A19D2E is not the leader, logIndex=0, commits[s0:c59]
2024-01-25 07:58:03,461 [null-request--thread1] INFO  server.GrpcClientProtocolService (GrpcClientProtocolService.java:lambda$processClientRequest$0(323)) - Failed RaftClientRequest:client-2312CCC7CA78->s0@group-796A68A19D2E, cid=92, seq=null, Watch-ALL_COMMITTED(30), Message:<EMPTY>, reply=RaftClientReply:client-2312CCC7CA78->s0@group-796A68A19D2E, cid=92, FAILED org.apache.ratis.protocol.exceptions.NotLeaderException: Server s0@group-796A68A19D2E is not the leader, logIndex=0, commits[s0:c59]
2024-01-25 07:58:03,461 [timer3] DEBUG client.RaftClient (RaftClientImpl.java:get(158)) - client-2312CCC7CA78: get 108 returns []
2024-01-25 07:58:03,463 [timer3] DEBUG client.RaftClient (RaftClientImpl.java:newRequest(95)) - attempt #3, newRequest RaftClientRequest:client-2312CCC7CA78->s2@group-796A68A19D2E, cid=108, seq=null, Watch-ALL_COMMITTED(39), null
2024-01-25 07:58:03,463 [timer3] DEBUG impl.UnorderedAsync (UnorderedAsync.java:sendRequestWithRetry(80)) - client-2312CCC7CA78: attempt #3 send~ RaftClientRequest:client-2312CCC7CA78->s2@group-796A68A19D2E, cid=108, seq=null, Watch-ALL_COMMITTED(39), null
2024-01-25 07:58:03,463 [null-request--thread1] INFO  server.GrpcClientProtocolService (GrpcClientProtocolService.java:lambda$processClientRequest$0(323)) - Failed RaftClientRequest:client-2312CCC7CA78->s0@group-796A68A19D2E, cid=96, seq=null, Watch-ALL_COMMITTED(31), Message:<EMPTY>, reply=RaftClientReply:client-2312CCC7CA78->s0@group-796A68A19D2E, cid=96, FAILED org.apache.ratis.protocol.exceptions.NotLeaderException: Server s0@group-796A68A19D2E is not the leader, logIndex=0, commits[s0:c59]
2024-01-25 07:58:03,462 [MiniRaftCluster-3] INFO  server.GrpcService (GrpcService.java:closeImpl(326)) - s2: shutdown server org.apache.ratis.grpc.server.GrpcClientProtocolService successfully
2024-01-25 07:58:03,462 [ForkJoinPool.commonPool-worker-0] DEBUG impl.UnorderedAsync (UnorderedAsync.java:lambda$sendRequestWithRetry$4(132)) - schedule~ attempt #1 with sleep 100ms and policy RetryForeverWithSleep(sleepTime = 100ms) for RaftClientRequest:client-2312CCC7CA78->s0@group-796A68A19D2E, cid=92, seq=null, Watch-ALL_COMMITTED(30), null
2024-01-25 07:58:03,463 [null-request--thread1] INFO  server.GrpcClientProtocolService (GrpcClientProtocolService.java:lambda$processClientRequest$0(323)) - Failed RaftClientRequest:client-2312CCC7CA78->s0@group-796A68A19D2E, cid=100, seq=null, Watch-ALL_COMMITTED(33), Message:<EMPTY>, reply=RaftClientReply:client-2312CCC7CA78->s0@group-796A68A19D2E, cid=100, FAILED org.apache.ratis.protocol.exceptions.NotLeaderException: Server s0@group-796A68A19D2E is not the leader, logIndex=0, commits[s0:c59]
2024-01-25 07:58:03,463 [MiniRaftCluster-3] INFO  server.GrpcService (GrpcService.java:closeImpl(317)) - s2: shutdown server GrpcServerProtocolService now
2024-01-25 07:58:03,463 [timer3] ERROR client.GrpcClientRpc (GrpcClientRpc.java:sendRequestAsyncUnordered(85)) - client-2312CCC7CA78: Failed RaftClientRequest:client-2312CCC7CA78->s2@group-796A68A19D2E, cid=108, seq=null, Watch-ALL_COMMITTED(39), null
org.apache.ratis.protocol.exceptions.AlreadyClosedException: client-2312CCC7CA78 is already CLOSED
	at org.apache.ratis.util.PeerProxyMap$PeerAndProxy.getProxy(PeerProxyMap.java:66)
	at org.apache.ratis.util.PeerProxyMap.getProxy(PeerProxyMap.java:123)
	at org.apache.ratis.grpc.client.GrpcClientRpc.sendRequestAsyncUnordered(GrpcClientRpc.java:81)
	at org.apache.ratis.client.impl.UnorderedAsync.sendRequestWithRetry(UnorderedAsync.java:81)
	at org.apache.ratis.client.impl.UnorderedAsync.lambda$null$2(UnorderedAsync.java:135)
	at org.apache.ratis.util.TimeoutTimer.lambda$onTimeout$2(TimeoutTimer.java:101)
	at org.apache.ratis.util.LogUtils.runAndLog(LogUtils.java:38)
	at org.apache.ratis.util.LogUtils$1.run(LogUtils.java:78)
	at org.apache.ratis.util.TimeoutTimer$Task.run(TimeoutTimer.java:55)
	at java.util.TimerThread.mainLoop(Timer.java:555)
	at java.util.TimerThread.run(Timer.java:505)
2024-01-25 07:58:03,464 [timer3] DEBUG client.RaftClient (RaftClientImpl.java:get(158)) - client-2312CCC7CA78: get 106 returns []
2024-01-25 07:58:03,464 [timer3] DEBUG client.RaftClient (RaftClientImpl.java:newRequest(95)) - attempt #8, newRequest RaftClientRequest:client-2312CCC7CA78->s2@group-796A68A19D2E, cid=106, seq=null, Watch-ALL(39), null
2024-01-25 07:58:03,464 [timer3] DEBUG impl.UnorderedAsync (UnorderedAsync.java:sendRequestWithRetry(80)) - client-2312CCC7CA78: attempt #8 send~ RaftClientRequest:client-2312CCC7CA78->s2@group-796A68A19D2E, cid=106, seq=null, Watch-ALL(39), null
2024-01-25 07:58:03,464 [timer3] ERROR client.GrpcClientRpc (GrpcClientRpc.java:sendRequestAsyncUnordered(85)) - client-2312CCC7CA78: Failed RaftClientRequest:client-2312CCC7CA78->s2@group-796A68A19D2E, cid=106, seq=null, Watch-ALL(39), null
org.apache.ratis.protocol.exceptions.AlreadyClosedException: client-2312CCC7CA78 is already CLOSED
	at org.apache.ratis.util.PeerProxyMap$PeerAndProxy.getProxy(PeerProxyMap.java:66)
	at org.apache.ratis.util.PeerProxyMap.getProxy(PeerProxyMap.java:123)
	at org.apache.ratis.grpc.client.GrpcClientRpc.sendRequestAsyncUnordered(GrpcClientRpc.java:81)
	at org.apache.ratis.client.impl.UnorderedAsync.sendRequestWithRetry(UnorderedAsync.java:81)
	at org.apache.ratis.client.impl.UnorderedAsync.lambda$null$2(UnorderedAsync.java:135)
	at org.apache.ratis.util.TimeoutTimer.lambda$onTimeout$2(TimeoutTimer.java:101)
	at org.apache.ratis.util.LogUtils.runAndLog(LogUtils.java:38)
	at org.apache.ratis.util.LogUtils$1.run(LogUtils.java:78)
	at org.apache.ratis.util.TimeoutTimer$Task.run(TimeoutTimer.java:55)
	at java.util.TimerThread.mainLoop(Timer.java:555)
	at java.util.TimerThread.run(Timer.java:505)
2024-01-25 07:58:03,464 [grpc-default-executor-4] INFO  server.GrpcLogAppender (GrpcLogAppender.java:onError(533)) - s0@group-796A68A19D2E->s2-GrpcLogAppender is already stopped
2024-01-25 07:58:03,465 [MiniRaftCluster-3] INFO  server.GrpcService (GrpcService.java:closeImpl(326)) - s2: shutdown server GrpcServerProtocolService successfully
2024-01-25 07:58:03,465 [ForkJoinPool.commonPool-worker-3] DEBUG impl.UnorderedAsync (UnorderedAsync.java:lambda$sendRequestWithRetry$4(83)) - client-2312CCC7CA78: attempt #3 receive~ null
2024-01-25 07:58:03,465 [ForkJoinPool.commonPool-worker-3] DEBUG impl.UnorderedAsync (UnorderedAsync.java:lambda$sendRequestWithRetry$4(83)) - client-2312CCC7CA78: attempt #8 receive~ null
2024-01-25 07:58:03,465 [grpc-default-executor-3] WARN  server.GrpcServerProtocolService (LogUtils.java:warn(121)) - s2: APPEND_ENTRIES onError, lastRequest: s0->s2#151-t3,previous=(t:3, i:35),leaderCommit=31,initializing? false,entries: size=1, first=(t:3, i:36), STATEMACHINELOGENTRY, 64@client-2312CCC7CA78: org.apache.ratis.thirdparty.io.grpc.StatusRuntimeException: CANCELLED: client cancelled
2024-01-25 07:58:03,465 [MiniRaftCluster-3] INFO  server.GrpcService (GrpcService.java:closeImpl(317)) - s2: shutdown server org.apache.ratis.grpc.server.GrpcAdminProtocolService now
2024-01-25 07:58:03,465 [null-request--thread1] INFO  server.GrpcClientProtocolService (GrpcClientProtocolService.java:lambda$processClientRequest$0(323)) - Failed RaftClientRequest:client-2312CCC7CA78->s0@group-796A68A19D2E, cid=104, seq=null, Watch-ALL_COMMITTED(35), Message:<EMPTY>, reply=RaftClientReply:client-2312CCC7CA78->s0@group-796A68A19D2E, cid=104, FAILED org.apache.ratis.protocol.exceptions.NotLeaderException: Server s0@group-796A68A19D2E is not the leader, logIndex=0, commits[s0:c59]
2024-01-25 07:58:03,465 [grpc-default-executor-4] INFO  server.GrpcLogAppender (GrpcLogAppender.java:onError(533)) - s0@group-796A68A19D2E->s2-GrpcLogAppender is already stopped
2024-01-25 07:58:03,465 [null-request--thread1] INFO  server.GrpcClientProtocolService (GrpcClientProtocolService.java:lambda$processClientRequest$0(323)) - Failed RaftClientRequest:client-2312CCC7CA78->s0@group-796A68A19D2E, cid=108, seq=null, Watch-ALL_COMMITTED(39), Message:<EMPTY>, reply=RaftClientReply:client-2312CCC7CA78->s0@group-796A68A19D2E, cid=108, FAILED org.apache.ratis.protocol.exceptions.NotLeaderException: Server s0@group-796A68A19D2E is not the leader, logIndex=0, commits[s0:c59]
2024-01-25 07:58:03,465 [grpc-default-executor-8] WARN  server.GrpcServerProtocolService (LogUtils.java:warn(121)) - s2: APPEND_ENTRIES onError, lastRequest: null: org.apache.ratis.thirdparty.io.grpc.StatusRuntimeException: CANCELLED: client cancelled
2024-01-25 07:58:03,467 [MiniRaftCluster-1] INFO  server.GrpcService (GrpcService.java:closeImpl(326)) - s0: shutdown server org.apache.ratis.grpc.server.GrpcClientProtocolService successfully
2024-01-25 07:58:03,468 [MiniRaftCluster-1] INFO  server.GrpcService (GrpcService.java:closeImpl(317)) - s0: shutdown server GrpcServerProtocolService now
2024-01-25 07:58:03,468 [MiniRaftCluster-1] INFO  server.GrpcService (GrpcService.java:closeImpl(326)) - s0: shutdown server GrpcServerProtocolService successfully
2024-01-25 07:58:03,468 [MiniRaftCluster-1] INFO  server.GrpcService (GrpcService.java:closeImpl(317)) - s0: shutdown server org.apache.ratis.grpc.server.GrpcAdminProtocolService now
2024-01-25 07:58:03,465 [MiniRaftCluster-3] INFO  server.GrpcService (GrpcService.java:closeImpl(326)) - s2: shutdown server org.apache.ratis.grpc.server.GrpcAdminProtocolService successfully
2024-01-25 07:58:03,470 [MiniRaftCluster-1] INFO  server.GrpcService (GrpcService.java:closeImpl(326)) - s0: shutdown server org.apache.ratis.grpc.server.GrpcAdminProtocolService successfully
2024-01-25 07:58:03,500 [timer7] DEBUG client.RaftClient (RaftClientImpl.java:get(158)) - client-2312CCC7CA78: get 78 returns []
2024-01-25 07:58:03,500 [timer7] DEBUG client.RaftClient (RaftClientImpl.java:newRequest(95)) - attempt #3, newRequest RaftClientRequest:client-2312CCC7CA78->s2@group-796A68A19D2E, cid=78, seq=null, Watch-ALL(26), null
2024-01-25 07:58:03,500 [timer7] DEBUG impl.UnorderedAsync (UnorderedAsync.java:sendRequestWithRetry(80)) - client-2312CCC7CA78: attempt #3 send~ RaftClientRequest:client-2312CCC7CA78->s2@group-796A68A19D2E, cid=78, seq=null, Watch-ALL(26), null
2024-01-25 07:58:03,500 [timer7] ERROR client.GrpcClientRpc (GrpcClientRpc.java:sendRequestAsyncUnordered(85)) - client-2312CCC7CA78: Failed RaftClientRequest:client-2312CCC7CA78->s2@group-796A68A19D2E, cid=78, seq=null, Watch-ALL(26), null
org.apache.ratis.protocol.exceptions.AlreadyClosedException: client-2312CCC7CA78 is already CLOSED
	at org.apache.ratis.util.PeerProxyMap$PeerAndProxy.getProxy(PeerProxyMap.java:66)
	at org.apache.ratis.util.PeerProxyMap.getProxy(PeerProxyMap.java:123)
	at org.apache.ratis.grpc.client.GrpcClientRpc.sendRequestAsyncUnordered(GrpcClientRpc.java:81)
	at org.apache.ratis.client.impl.UnorderedAsync.sendRequestWithRetry(UnorderedAsync.java:81)
	at org.apache.ratis.client.impl.UnorderedAsync.lambda$null$2(UnorderedAsync.java:135)
	at org.apache.ratis.util.TimeoutTimer.lambda$onTimeout$2(TimeoutTimer.java:101)
	at org.apache.ratis.util.LogUtils.runAndLog(LogUtils.java:38)
	at org.apache.ratis.util.LogUtils$1.run(LogUtils.java:78)
	at org.apache.ratis.util.TimeoutTimer$Task.run(TimeoutTimer.java:55)
	at java.util.TimerThread.mainLoop(Timer.java:555)
	at java.util.TimerThread.run(Timer.java:505)
2024-01-25 07:58:03,501 [ForkJoinPool.commonPool-worker-0] DEBUG impl.UnorderedAsync (UnorderedAsync.java:lambda$sendRequestWithRetry$4(83)) - client-2312CCC7CA78: attempt #3 receive~ null
2024-01-25 07:58:03,505 [timer5] DEBUG client.RaftClient (RaftClientImpl.java:get(158)) - client-2312CCC7CA78: get 80 returns []
2024-01-25 07:58:03,505 [timer5] DEBUG client.RaftClient (RaftClientImpl.java:newRequest(95)) - attempt #7, newRequest RaftClientRequest:client-2312CCC7CA78->s2@group-796A68A19D2E, cid=80, seq=null, Watch-ALL_COMMITTED(26), null
2024-01-25 07:58:03,505 [timer4] DEBUG client.RaftClient (RaftClientImpl.java:get(158)) - client-2312CCC7CA78: get 84 returns []
2024-01-25 07:58:03,505 [timer5] DEBUG impl.UnorderedAsync (UnorderedAsync.java:sendRequestWithRetry(80)) - client-2312CCC7CA78: attempt #7 send~ RaftClientRequest:client-2312CCC7CA78->s2@group-796A68A19D2E, cid=80, seq=null, Watch-ALL_COMMITTED(26), null
2024-01-25 07:58:03,505 [timer4] DEBUG client.RaftClient (RaftClientImpl.java:newRequest(95)) - attempt #6, newRequest RaftClientRequest:client-2312CCC7CA78->s2@group-796A68A19D2E, cid=84, seq=null, Watch-ALL_COMMITTED(28), null
2024-01-25 07:58:03,506 [timer4] DEBUG impl.UnorderedAsync (UnorderedAsync.java:sendRequestWithRetry(80)) - client-2312CCC7CA78: attempt #6 send~ RaftClientRequest:client-2312CCC7CA78->s2@group-796A68A19D2E, cid=84, seq=null, Watch-ALL_COMMITTED(28), null
2024-01-25 07:58:03,506 [timer5] ERROR client.GrpcClientRpc (GrpcClientRpc.java:sendRequestAsyncUnordered(85)) - client-2312CCC7CA78: Failed RaftClientRequest:client-2312CCC7CA78->s2@group-796A68A19D2E, cid=80, seq=null, Watch-ALL_COMMITTED(26), null
org.apache.ratis.protocol.exceptions.AlreadyClosedException: client-2312CCC7CA78 is already CLOSED
	at org.apache.ratis.util.PeerProxyMap$PeerAndProxy.getProxy(PeerProxyMap.java:66)
	at org.apache.ratis.util.PeerProxyMap.getProxy(PeerProxyMap.java:123)
	at org.apache.ratis.grpc.client.GrpcClientRpc.sendRequestAsyncUnordered(GrpcClientRpc.java:81)
	at org.apache.ratis.client.impl.UnorderedAsync.sendRequestWithRetry(UnorderedAsync.java:81)
	at org.apache.ratis.client.impl.UnorderedAsync.lambda$null$2(UnorderedAsync.java:135)
	at org.apache.ratis.util.TimeoutTimer.lambda$onTimeout$2(TimeoutTimer.java:101)
	at org.apache.ratis.util.LogUtils.runAndLog(LogUtils.java:38)
	at org.apache.ratis.util.LogUtils$1.run(LogUtils.java:78)
	at org.apache.ratis.util.TimeoutTimer$Task.run(TimeoutTimer.java:55)
	at java.util.TimerThread.mainLoop(Timer.java:555)
	at java.util.TimerThread.run(Timer.java:505)
2024-01-25 07:58:03,506 [timer4] ERROR client.GrpcClientRpc (GrpcClientRpc.java:sendRequestAsyncUnordered(85)) - client-2312CCC7CA78: Failed RaftClientRequest:client-2312CCC7CA78->s2@group-796A68A19D2E, cid=84, seq=null, Watch-ALL_COMMITTED(28), null
org.apache.ratis.protocol.exceptions.AlreadyClosedException: client-2312CCC7CA78 is already CLOSED
	at org.apache.ratis.util.PeerProxyMap$PeerAndProxy.getProxy(PeerProxyMap.java:66)
	at org.apache.ratis.util.PeerProxyMap.getProxy(PeerProxyMap.java:123)
	at org.apache.ratis.grpc.client.GrpcClientRpc.sendRequestAsyncUnordered(GrpcClientRpc.java:81)
	at org.apache.ratis.client.impl.UnorderedAsync.sendRequestWithRetry(UnorderedAsync.java:81)
	at org.apache.ratis.client.impl.UnorderedAsync.lambda$null$2(UnorderedAsync.java:135)
	at org.apache.ratis.util.TimeoutTimer.lambda$onTimeout$2(TimeoutTimer.java:101)
	at org.apache.ratis.util.LogUtils.runAndLog(LogUtils.java:38)
	at org.apache.ratis.util.LogUtils$1.run(LogUtils.java:78)
	at org.apache.ratis.util.TimeoutTimer$Task.run(TimeoutTimer.java:55)
	at java.util.TimerThread.mainLoop(Timer.java:555)
	at java.util.TimerThread.run(Timer.java:505)
2024-01-25 07:58:03,506 [ForkJoinPool.commonPool-worker-0] DEBUG impl.UnorderedAsync (UnorderedAsync.java:lambda$sendRequestWithRetry$4(83)) - client-2312CCC7CA78: attempt #7 receive~ null
2024-01-25 07:58:03,506 [timer5] DEBUG client.RaftClient (RaftClientImpl.java:get(158)) - client-2312CCC7CA78: get 86 returns []
2024-01-25 07:58:03,506 [ForkJoinPool.commonPool-worker-2] DEBUG impl.UnorderedAsync (UnorderedAsync.java:lambda$sendRequestWithRetry$4(83)) - client-2312CCC7CA78: attempt #6 receive~ null
2024-01-25 07:58:03,506 [timer5] DEBUG client.RaftClient (RaftClientImpl.java:newRequest(95)) - attempt #5, newRequest RaftClientRequest:client-2312CCC7CA78->s2@group-796A68A19D2E, cid=86, seq=null, Watch-ALL(29), null
2024-01-25 07:58:03,506 [timer5] DEBUG impl.UnorderedAsync (UnorderedAsync.java:sendRequestWithRetry(80)) - client-2312CCC7CA78: attempt #5 send~ RaftClientRequest:client-2312CCC7CA78->s2@group-796A68A19D2E, cid=86, seq=null, Watch-ALL(29), null
2024-01-25 07:58:03,506 [timer5] ERROR client.GrpcClientRpc (GrpcClientRpc.java:sendRequestAsyncUnordered(85)) - client-2312CCC7CA78: Failed RaftClientRequest:client-2312CCC7CA78->s2@group-796A68A19D2E, cid=86, seq=null, Watch-ALL(29), null
org.apache.ratis.protocol.exceptions.AlreadyClosedException: client-2312CCC7CA78 is already CLOSED
	at org.apache.ratis.util.PeerProxyMap$PeerAndProxy.getProxy(PeerProxyMap.java:66)
	at org.apache.ratis.util.PeerProxyMap.getProxy(PeerProxyMap.java:123)
	at org.apache.ratis.grpc.client.GrpcClientRpc.sendRequestAsyncUnordered(GrpcClientRpc.java:81)
	at org.apache.ratis.client.impl.UnorderedAsync.sendRequestWithRetry(UnorderedAsync.java:81)
	at org.apache.ratis.client.impl.UnorderedAsync.lambda$null$2(UnorderedAsync.java:135)
	at org.apache.ratis.util.TimeoutTimer.lambda$onTimeout$2(TimeoutTimer.java:101)
	at org.apache.ratis.util.LogUtils.runAndLog(LogUtils.java:38)
	at org.apache.ratis.util.LogUtils$1.run(LogUtils.java:78)
	at org.apache.ratis.util.TimeoutTimer$Task.run(TimeoutTimer.java:55)
	at java.util.TimerThread.mainLoop(Timer.java:555)
	at java.util.TimerThread.run(Timer.java:505)
2024-01-25 07:58:03,506 [timer5] DEBUG client.RaftClient (RaftClientImpl.java:get(158)) - client-2312CCC7CA78: get 96 returns []
2024-01-25 07:58:03,506 [ForkJoinPool.commonPool-worker-2] DEBUG impl.UnorderedAsync (UnorderedAsync.java:lambda$sendRequestWithRetry$4(83)) - client-2312CCC7CA78: attempt #5 receive~ null
2024-01-25 07:58:03,506 [timer5] DEBUG client.RaftClient (RaftClientImpl.java:newRequest(95)) - attempt #2, newRequest RaftClientRequest:client-2312CCC7CA78->s2@group-796A68A19D2E, cid=96, seq=null, Watch-ALL_COMMITTED(31), null
2024-01-25 07:58:03,506 [timer5] DEBUG impl.UnorderedAsync (UnorderedAsync.java:sendRequestWithRetry(80)) - client-2312CCC7CA78: attempt #2 send~ RaftClientRequest:client-2312CCC7CA78->s2@group-796A68A19D2E, cid=96, seq=null, Watch-ALL_COMMITTED(31), null
2024-01-25 07:58:03,506 [timer5] ERROR client.GrpcClientRpc (GrpcClientRpc.java:sendRequestAsyncUnordered(85)) - client-2312CCC7CA78: Failed RaftClientRequest:client-2312CCC7CA78->s2@group-796A68A19D2E, cid=96, seq=null, Watch-ALL_COMMITTED(31), null
org.apache.ratis.protocol.exceptions.AlreadyClosedException: client-2312CCC7CA78 is already CLOSED
	at org.apache.ratis.util.PeerProxyMap$PeerAndProxy.getProxy(PeerProxyMap.java:66)
	at org.apache.ratis.util.PeerProxyMap.getProxy(PeerProxyMap.java:123)
	at org.apache.ratis.grpc.client.GrpcClientRpc.sendRequestAsyncUnordered(GrpcClientRpc.java:81)
	at org.apache.ratis.client.impl.UnorderedAsync.sendRequestWithRetry(UnorderedAsync.java:81)
	at org.apache.ratis.client.impl.UnorderedAsync.lambda$null$2(UnorderedAsync.java:135)
	at org.apache.ratis.util.TimeoutTimer.lambda$onTimeout$2(TimeoutTimer.java:101)
	at org.apache.ratis.util.LogUtils.runAndLog(LogUtils.java:38)
	at org.apache.ratis.util.LogUtils$1.run(LogUtils.java:78)
	at org.apache.ratis.util.TimeoutTimer$Task.run(TimeoutTimer.java:55)
	at java.util.TimerThread.mainLoop(Timer.java:555)
	at java.util.TimerThread.run(Timer.java:505)
2024-01-25 07:58:03,506 [timer6] DEBUG client.RaftClient (RaftClientImpl.java:get(158)) - client-2312CCC7CA78: get 88 returns []
2024-01-25 07:58:03,506 [ForkJoinPool.commonPool-worker-2] DEBUG impl.UnorderedAsync (UnorderedAsync.java:lambda$sendRequestWithRetry$4(83)) - client-2312CCC7CA78: attempt #2 receive~ null
2024-01-25 07:58:03,506 [timer6] DEBUG client.RaftClient (RaftClientImpl.java:newRequest(95)) - attempt #5, newRequest RaftClientRequest:client-2312CCC7CA78->s2@group-796A68A19D2E, cid=88, seq=null, Watch-ALL_COMMITTED(29), null
2024-01-25 07:58:03,506 [timer6] DEBUG impl.UnorderedAsync (UnorderedAsync.java:sendRequestWithRetry(80)) - client-2312CCC7CA78: attempt #5 send~ RaftClientRequest:client-2312CCC7CA78->s2@group-796A68A19D2E, cid=88, seq=null, Watch-ALL_COMMITTED(29), null
2024-01-25 07:58:03,506 [timer6] ERROR client.GrpcClientRpc (GrpcClientRpc.java:sendRequestAsyncUnordered(85)) - client-2312CCC7CA78: Failed RaftClientRequest:client-2312CCC7CA78->s2@group-796A68A19D2E, cid=88, seq=null, Watch-ALL_COMMITTED(29), null
org.apache.ratis.protocol.exceptions.AlreadyClosedException: client-2312CCC7CA78 is already CLOSED
	at org.apache.ratis.util.PeerProxyMap$PeerAndProxy.getProxy(PeerProxyMap.java:66)
	at org.apache.ratis.util.PeerProxyMap.getProxy(PeerProxyMap.java:123)
	at org.apache.ratis.grpc.client.GrpcClientRpc.sendRequestAsyncUnordered(GrpcClientRpc.java:81)
	at org.apache.ratis.client.impl.UnorderedAsync.sendRequestWithRetry(UnorderedAsync.java:81)
	at org.apache.ratis.client.impl.UnorderedAsync.lambda$null$2(UnorderedAsync.java:135)
	at org.apache.ratis.util.TimeoutTimer.lambda$onTimeout$2(TimeoutTimer.java:101)
	at org.apache.ratis.util.LogUtils.runAndLog(LogUtils.java:38)
	at org.apache.ratis.util.LogUtils$1.run(LogUtils.java:78)
	at org.apache.ratis.util.TimeoutTimer$Task.run(TimeoutTimer.java:55)
	at java.util.TimerThread.mainLoop(Timer.java:555)
	at java.util.TimerThread.run(Timer.java:505)
2024-01-25 07:58:03,507 [timer6] DEBUG client.RaftClient (RaftClientImpl.java:get(158)) - client-2312CCC7CA78: get 94 returns []
2024-01-25 07:58:03,507 [ForkJoinPool.commonPool-worker-2] DEBUG impl.UnorderedAsync (UnorderedAsync.java:lambda$sendRequestWithRetry$4(83)) - client-2312CCC7CA78: attempt #5 receive~ null
2024-01-25 07:58:03,507 [timer6] DEBUG client.RaftClient (RaftClientImpl.java:newRequest(95)) - attempt #2, newRequest RaftClientRequest:client-2312CCC7CA78->s2@group-796A68A19D2E, cid=94, seq=null, Watch-ALL(31), null
2024-01-25 07:58:03,507 [timer6] DEBUG impl.UnorderedAsync (UnorderedAsync.java:sendRequestWithRetry(80)) - client-2312CCC7CA78: attempt #2 send~ RaftClientRequest:client-2312CCC7CA78->s2@group-796A68A19D2E, cid=94, seq=null, Watch-ALL(31), null
2024-01-25 07:58:03,507 [timer6] ERROR client.GrpcClientRpc (GrpcClientRpc.java:sendRequestAsyncUnordered(85)) - client-2312CCC7CA78: Failed RaftClientRequest:client-2312CCC7CA78->s2@group-796A68A19D2E, cid=94, seq=null, Watch-ALL(31), null
org.apache.ratis.protocol.exceptions.AlreadyClosedException: client-2312CCC7CA78 is already CLOSED
	at org.apache.ratis.util.PeerProxyMap$PeerAndProxy.getProxy(PeerProxyMap.java:66)
	at org.apache.ratis.util.PeerProxyMap.getProxy(PeerProxyMap.java:123)
	at org.apache.ratis.grpc.client.GrpcClientRpc.sendRequestAsyncUnordered(GrpcClientRpc.java:81)
	at org.apache.ratis.client.impl.UnorderedAsync.sendRequestWithRetry(UnorderedAsync.java:81)
	at org.apache.ratis.client.impl.UnorderedAsync.lambda$null$2(UnorderedAsync.java:135)
	at org.apache.ratis.util.TimeoutTimer.lambda$onTimeout$2(TimeoutTimer.java:101)
	at org.apache.ratis.util.LogUtils.runAndLog(LogUtils.java:38)
	at org.apache.ratis.util.LogUtils$1.run(LogUtils.java:78)
	at org.apache.ratis.util.TimeoutTimer$Task.run(TimeoutTimer.java:55)
	at java.util.TimerThread.mainLoop(Timer.java:555)
	at java.util.TimerThread.run(Timer.java:505)
2024-01-25 07:58:03,507 [ForkJoinPool.commonPool-worker-2] DEBUG impl.UnorderedAsync (UnorderedAsync.java:lambda$sendRequestWithRetry$4(83)) - client-2312CCC7CA78: attempt #2 receive~ null
2024-01-25 07:58:03,509 [timer5] DEBUG client.RaftClient (RaftClientImpl.java:get(158)) - client-2312CCC7CA78: get 98 returns []
2024-01-25 07:58:03,509 [timer5] DEBUG client.RaftClient (RaftClientImpl.java:newRequest(95)) - attempt #2, newRequest RaftClientRequest:client-2312CCC7CA78->s2@group-796A68A19D2E, cid=98, seq=null, Watch-ALL(33), null
2024-01-25 07:58:03,509 [timer5] DEBUG impl.UnorderedAsync (UnorderedAsync.java:sendRequestWithRetry(80)) - client-2312CCC7CA78: attempt #2 send~ RaftClientRequest:client-2312CCC7CA78->s2@group-796A68A19D2E, cid=98, seq=null, Watch-ALL(33), null
2024-01-25 07:58:03,509 [timer5] ERROR client.GrpcClientRpc (GrpcClientRpc.java:sendRequestAsyncUnordered(85)) - client-2312CCC7CA78: Failed RaftClientRequest:client-2312CCC7CA78->s2@group-796A68A19D2E, cid=98, seq=null, Watch-ALL(33), null
org.apache.ratis.protocol.exceptions.AlreadyClosedException: client-2312CCC7CA78 is already CLOSED
	at org.apache.ratis.util.PeerProxyMap$PeerAndProxy.getProxy(PeerProxyMap.java:66)
	at org.apache.ratis.util.PeerProxyMap.getProxy(PeerProxyMap.java:123)
	at org.apache.ratis.grpc.client.GrpcClientRpc.sendRequestAsyncUnordered(GrpcClientRpc.java:81)
	at org.apache.ratis.client.impl.UnorderedAsync.sendRequestWithRetry(UnorderedAsync.java:81)
	at org.apache.ratis.client.impl.UnorderedAsync.lambda$null$2(UnorderedAsync.java:135)
	at org.apache.ratis.util.TimeoutTimer.lambda$onTimeout$2(TimeoutTimer.java:101)
	at org.apache.ratis.util.LogUtils.runAndLog(LogUtils.java:38)
	at org.apache.ratis.util.LogUtils$1.run(LogUtils.java:78)
	at org.apache.ratis.util.TimeoutTimer$Task.run(TimeoutTimer.java:55)
	at java.util.TimerThread.mainLoop(Timer.java:555)
	at java.util.TimerThread.run(Timer.java:505)
2024-01-25 07:58:03,510 [ForkJoinPool.commonPool-worker-2] DEBUG impl.UnorderedAsync (UnorderedAsync.java:lambda$sendRequestWithRetry$4(83)) - client-2312CCC7CA78: attempt #2 receive~ null
2024-01-25 07:58:03,510 [timer6] DEBUG client.RaftClient (RaftClientImpl.java:get(158)) - client-2312CCC7CA78: get 100 returns []
2024-01-25 07:58:03,510 [timer6] DEBUG client.RaftClient (RaftClientImpl.java:newRequest(95)) - attempt #2, newRequest RaftClientRequest:client-2312CCC7CA78->s2@group-796A68A19D2E, cid=100, seq=null, Watch-ALL_COMMITTED(33), null
2024-01-25 07:58:03,510 [timer6] DEBUG impl.UnorderedAsync (UnorderedAsync.java:sendRequestWithRetry(80)) - client-2312CCC7CA78: attempt #2 send~ RaftClientRequest:client-2312CCC7CA78->s2@group-796A68A19D2E, cid=100, seq=null, Watch-ALL_COMMITTED(33), null
2024-01-25 07:58:03,510 [timer6] ERROR client.GrpcClientRpc (GrpcClientRpc.java:sendRequestAsyncUnordered(85)) - client-2312CCC7CA78: Failed RaftClientRequest:client-2312CCC7CA78->s2@group-796A68A19D2E, cid=100, seq=null, Watch-ALL_COMMITTED(33), null
org.apache.ratis.protocol.exceptions.AlreadyClosedException: client-2312CCC7CA78 is already CLOSED
	at org.apache.ratis.util.PeerProxyMap$PeerAndProxy.getProxy(PeerProxyMap.java:66)
	at org.apache.ratis.util.PeerProxyMap.getProxy(PeerProxyMap.java:123)
	at org.apache.ratis.grpc.client.GrpcClientRpc.sendRequestAsyncUnordered(GrpcClientRpc.java:81)
	at org.apache.ratis.client.impl.UnorderedAsync.sendRequestWithRetry(UnorderedAsync.java:81)
	at org.apache.ratis.client.impl.UnorderedAsync.lambda$null$2(UnorderedAsync.java:135)
	at org.apache.ratis.util.TimeoutTimer.lambda$onTimeout$2(TimeoutTimer.java:101)
	at org.apache.ratis.util.LogUtils.runAndLog(LogUtils.java:38)
	at org.apache.ratis.util.LogUtils$1.run(LogUtils.java:78)
	at org.apache.ratis.util.TimeoutTimer$Task.run(TimeoutTimer.java:55)
	at java.util.TimerThread.mainLoop(Timer.java:555)
	at java.util.TimerThread.run(Timer.java:505)
2024-01-25 07:58:03,510 [ForkJoinPool.commonPool-worker-2] DEBUG impl.UnorderedAsync (UnorderedAsync.java:lambda$sendRequestWithRetry$4(83)) - client-2312CCC7CA78: attempt #2 receive~ null
2024-01-25 07:58:03,512 [timer5] DEBUG client.RaftClient (RaftClientImpl.java:get(158)) - client-2312CCC7CA78: get 102 returns []
2024-01-25 07:58:03,512 [timer5] DEBUG client.RaftClient (RaftClientImpl.java:newRequest(95)) - attempt #2, newRequest RaftClientRequest:client-2312CCC7CA78->s2@group-796A68A19D2E, cid=102, seq=null, Watch-ALL(35), null
2024-01-25 07:58:03,512 [timer5] DEBUG impl.UnorderedAsync (UnorderedAsync.java:sendRequestWithRetry(80)) - client-2312CCC7CA78: attempt #2 send~ RaftClientRequest:client-2312CCC7CA78->s2@group-796A68A19D2E, cid=102, seq=null, Watch-ALL(35), null
2024-01-25 07:58:03,512 [timer5] ERROR client.GrpcClientRpc (GrpcClientRpc.java:sendRequestAsyncUnordered(85)) - client-2312CCC7CA78: Failed RaftClientRequest:client-2312CCC7CA78->s2@group-796A68A19D2E, cid=102, seq=null, Watch-ALL(35), null
org.apache.ratis.protocol.exceptions.AlreadyClosedException: client-2312CCC7CA78 is already CLOSED
	at org.apache.ratis.util.PeerProxyMap$PeerAndProxy.getProxy(PeerProxyMap.java:66)
	at org.apache.ratis.util.PeerProxyMap.getProxy(PeerProxyMap.java:123)
	at org.apache.ratis.grpc.client.GrpcClientRpc.sendRequestAsyncUnordered(GrpcClientRpc.java:81)
	at org.apache.ratis.client.impl.UnorderedAsync.sendRequestWithRetry(UnorderedAsync.java:81)
	at org.apache.ratis.client.impl.UnorderedAsync.lambda$null$2(UnorderedAsync.java:135)
	at org.apache.ratis.util.TimeoutTimer.lambda$onTimeout$2(TimeoutTimer.java:101)
	at org.apache.ratis.util.LogUtils.runAndLog(LogUtils.java:38)
	at org.apache.ratis.util.LogUtils$1.run(LogUtils.java:78)
	at org.apache.ratis.util.TimeoutTimer$Task.run(TimeoutTimer.java:55)
	at java.util.TimerThread.mainLoop(Timer.java:555)
	at java.util.TimerThread.run(Timer.java:505)
2024-01-25 07:58:03,512 [ForkJoinPool.commonPool-worker-2] DEBUG impl.UnorderedAsync (UnorderedAsync.java:lambda$sendRequestWithRetry$4(83)) - client-2312CCC7CA78: attempt #2 receive~ null
2024-01-25 07:58:03,561 [timer3] DEBUG client.RaftClient (RaftClientImpl.java:get(158)) - client-2312CCC7CA78: get 64 returns []
2024-01-25 07:58:03,561 [timer3] DEBUG client.RaftClient (RaftClientImpl.java:newRequest(95)) - attempt #4, newRequest RaftClientRequest:client-2312CCC7CA78->s2@group-796A68A19D2E, cid=64, seq=20*, RW, m7
2024-01-25 07:58:03,562 [timer3] ERROR impl.OrderedAsync (OrderedAsync.java:lambda$sendRequestWithRetry$6(207)) - client-2312CCC7CA78: Failed* RaftClientRequest:client-2312CCC7CA78->s2@group-796A68A19D2E, cid=64, seq=20*, RW, m7
java.util.concurrent.CompletionException: org.apache.ratis.protocol.exceptions.AlreadyClosedException: client-2312CCC7CA78 is already CLOSED
	at java.util.concurrent.CompletableFuture.encodeThrowable(CompletableFuture.java:292)
	at java.util.concurrent.CompletableFuture.completeThrowable(CompletableFuture.java:308)
	at java.util.concurrent.CompletableFuture.uniAccept(CompletableFuture.java:661)
	at java.util.concurrent.CompletableFuture.uniAcceptStage(CompletableFuture.java:683)
	at java.util.concurrent.CompletableFuture.thenAccept(CompletableFuture.java:2010)
	at org.apache.ratis.client.impl.OrderedAsync.sendRequestWithRetry(OrderedAsync.java:200)
	at org.apache.ratis.util.SlidingWindow$Client.sendOrDelayRequest(SlidingWindow.java:326)
	at org.apache.ratis.util.SlidingWindow$Client.retry(SlidingWindow.java:342)
	at org.apache.ratis.client.impl.OrderedAsync.lambda$handleException$7(OrderedAsync.java:244)
	at org.apache.ratis.util.TimeoutTimer.lambda$onTimeout$2(TimeoutTimer.java:101)
	at org.apache.ratis.util.LogUtils.runAndLog(LogUtils.java:38)
	at org.apache.ratis.util.LogUtils$1.run(LogUtils.java:78)
	at org.apache.ratis.util.TimeoutTimer$Task.run(TimeoutTimer.java:55)
	at java.util.TimerThread.mainLoop(Timer.java:555)
	at java.util.TimerThread.run(Timer.java:505)
Caused by: org.apache.ratis.protocol.exceptions.AlreadyClosedException: client-2312CCC7CA78 is already CLOSED
	at org.apache.ratis.util.PeerProxyMap$PeerAndProxy.getProxy(PeerProxyMap.java:66)
	at org.apache.ratis.util.PeerProxyMap.getProxy(PeerProxyMap.java:123)
	at org.apache.ratis.grpc.client.GrpcClientRpc.sendRequestAsync(GrpcClientRpc.java:69)
	... 10 more
2024-01-25 07:58:03,562 [timer3] ERROR impl.OrderedAsync (OrderedAsync.java:lambda$send$4(173)) - Failed to send request, message=m7 due to java.util.concurrent.CompletionException: org.apache.ratis.protocol.exceptions.AlreadyClosedException: org.apache.ratis.client.impl.RaftClientImpl@1486eb2c is closed.
2024-01-25 07:58:03,562 [timer3] ERROR impl.OrderedAsync (OrderedAsync.java:lambda$send$4(173)) - Failed to send request, message=m9 due to java.util.concurrent.CompletionException: org.apache.ratis.protocol.exceptions.AlreadyClosedException: SlidingWindow$Client:client-2312CCC7CA78->RAFT is closed.
2024-01-25 07:58:03,562 [timer3] ERROR impl.OrderedAsync (OrderedAsync.java:lambda$send$4(173)) - Failed to send request, message=m10 due to java.util.concurrent.CompletionException: org.apache.ratis.protocol.exceptions.AlreadyClosedException: SlidingWindow$Client:client-2312CCC7CA78->RAFT is closed.
2024-01-25 07:58:03,562 [timer3] ERROR impl.OrderedAsync (OrderedAsync.java:lambda$send$4(173)) - Failed to send request, message=m11 due to java.util.concurrent.CompletionException: org.apache.ratis.protocol.exceptions.AlreadyClosedException: SlidingWindow$Client:client-2312CCC7CA78->RAFT is closed.
2024-01-25 07:58:03,562 [timer3] ERROR impl.OrderedAsync (OrderedAsync.java:lambda$send$4(173)) - Failed to send request, message=m12 due to java.util.concurrent.CompletionException: org.apache.ratis.protocol.exceptions.AlreadyClosedException: SlidingWindow$Client:client-2312CCC7CA78->RAFT is closed.
2024-01-25 07:58:03,562 [timer3] ERROR impl.OrderedAsync (OrderedAsync.java:lambda$send$4(173)) - Failed to send request, message=m13 due to java.util.concurrent.CompletionException: org.apache.ratis.protocol.exceptions.AlreadyClosedException: SlidingWindow$Client:client-2312CCC7CA78->RAFT is closed.
2024-01-25 07:58:03,562 [timer3] ERROR impl.OrderedAsync (OrderedAsync.java:lambda$send$4(173)) - Failed to send request, message=m14 due to java.util.concurrent.CompletionException: org.apache.ratis.protocol.exceptions.AlreadyClosedException: SlidingWindow$Client:client-2312CCC7CA78->RAFT is closed.
2024-01-25 07:58:03,562 [timer3] ERROR impl.OrderedAsync (OrderedAsync.java:lambda$send$4(173)) - Failed to send request, message=m15 due to java.util.concurrent.CompletionException: org.apache.ratis.protocol.exceptions.AlreadyClosedException: SlidingWindow$Client:client-2312CCC7CA78->RAFT is closed.
2024-01-25 07:58:03,562 [timer3] ERROR impl.OrderedAsync (OrderedAsync.java:lambda$send$4(173)) - Failed to send request, message=m16 due to java.util.concurrent.CompletionException: org.apache.ratis.protocol.exceptions.AlreadyClosedException: SlidingWindow$Client:client-2312CCC7CA78->RAFT is closed.
2024-01-25 07:58:03,562 [timer3] ERROR impl.OrderedAsync (OrderedAsync.java:lambda$send$4(173)) - Failed to send request, message=m17 due to java.util.concurrent.CompletionException: org.apache.ratis.protocol.exceptions.AlreadyClosedException: SlidingWindow$Client:client-2312CCC7CA78->RAFT is closed.
2024-01-25 07:58:03,562 [timer3] ERROR impl.OrderedAsync (OrderedAsync.java:lambda$send$4(173)) - Failed to send request, message=m18 due to java.util.concurrent.CompletionException: org.apache.ratis.protocol.exceptions.AlreadyClosedException: SlidingWindow$Client:client-2312CCC7CA78->RAFT is closed.
2024-01-25 07:58:03,562 [timer3] ERROR impl.OrderedAsync (OrderedAsync.java:lambda$send$4(173)) - Failed to send request, message=m19 due to java.util.concurrent.CompletionException: org.apache.ratis.protocol.exceptions.AlreadyClosedException: SlidingWindow$Client:client-2312CCC7CA78->RAFT is closed.
2024-01-25 07:58:03,563 [timer7] DEBUG client.RaftClient (RaftClientImpl.java:get(158)) - client-2312CCC7CA78: get 92 returns []
2024-01-25 07:58:03,563 [timer7] DEBUG client.RaftClient (RaftClientImpl.java:newRequest(95)) - attempt #2, newRequest RaftClientRequest:client-2312CCC7CA78->s2@group-796A68A19D2E, cid=92, seq=null, Watch-ALL_COMMITTED(30), null
2024-01-25 07:58:03,563 [timer7] DEBUG impl.UnorderedAsync (UnorderedAsync.java:sendRequestWithRetry(80)) - client-2312CCC7CA78: attempt #2 send~ RaftClientRequest:client-2312CCC7CA78->s2@group-796A68A19D2E, cid=92, seq=null, Watch-ALL_COMMITTED(30), null
2024-01-25 07:58:03,563 [timer7] ERROR client.GrpcClientRpc (GrpcClientRpc.java:sendRequestAsyncUnordered(85)) - client-2312CCC7CA78: Failed RaftClientRequest:client-2312CCC7CA78->s2@group-796A68A19D2E, cid=92, seq=null, Watch-ALL_COMMITTED(30), null
org.apache.ratis.protocol.exceptions.AlreadyClosedException: client-2312CCC7CA78 is already CLOSED
	at org.apache.ratis.util.PeerProxyMap$PeerAndProxy.getProxy(PeerProxyMap.java:66)
	at org.apache.ratis.util.PeerProxyMap.getProxy(PeerProxyMap.java:123)
	at org.apache.ratis.grpc.client.GrpcClientRpc.sendRequestAsyncUnordered(GrpcClientRpc.java:81)
	at org.apache.ratis.client.impl.UnorderedAsync.sendRequestWithRetry(UnorderedAsync.java:81)
	at org.apache.ratis.client.impl.UnorderedAsync.lambda$null$2(UnorderedAsync.java:135)
	at org.apache.ratis.util.TimeoutTimer.lambda$onTimeout$2(TimeoutTimer.java:101)
	at org.apache.ratis.util.LogUtils.runAndLog(LogUtils.java:38)
	at org.apache.ratis.util.LogUtils$1.run(LogUtils.java:78)
	at org.apache.ratis.util.TimeoutTimer$Task.run(TimeoutTimer.java:55)
	at java.util.TimerThread.mainLoop(Timer.java:555)
	at java.util.TimerThread.run(Timer.java:505)
2024-01-25 07:58:03,563 [ForkJoinPool.commonPool-worker-2] DEBUG impl.UnorderedAsync (UnorderedAsync.java:lambda$sendRequestWithRetry$4(83)) - client-2312CCC7CA78: attempt #2 receive~ null
2024-01-25 07:58:04,300 [s0-impl-thread1] INFO  segmented.SegmentedRaftLogWorker (SegmentedRaftLogWorker.java:close(245)) - s0@group-796A68A19D2E-SegmentedRaftLogWorker close()
2024-01-25 07:58:04,301 [JvmPauseMonitor0] INFO  util.JvmPauseMonitor (JvmPauseMonitor.java:run(152)) - JvmPauseMonitor-s0: Stopped
2024-01-25 07:58:04,301 [s1-impl-thread1] INFO  segmented.SegmentedRaftLogWorker (SegmentedRaftLogWorker.java:close(245)) - s1@group-796A68A19D2E-SegmentedRaftLogWorker close()
2024-01-25 07:58:04,302 [JvmPauseMonitor1] INFO  util.JvmPauseMonitor (JvmPauseMonitor.java:run(152)) - JvmPauseMonitor-s1: Stopped
2024-01-25 07:58:06,457 [s2-impl-thread1] WARN  segmented.SegmentedRaftLogWorker (SegmentedRaftLogWorker.java:lambda$close$3(243)) - s2@group-796A68A19D2E-SegmentedRaftLogWorker: shutdown timeout in 3s
2024-01-25 07:58:06,458 [s2-impl-thread1] INFO  segmented.SegmentedRaftLogWorker (SegmentedRaftLogWorker.java:close(245)) - s2@group-796A68A19D2E-SegmentedRaftLogWorker close()
2024-01-25 07:58:06,459 [JvmPauseMonitor2] INFO  util.JvmPauseMonitor (JvmPauseMonitor.java:run(152)) - JvmPauseMonitor-s2: Stopped
2024-01-25 07:58:06,460 [Time-limited test] INFO  impl.MiniRaftCluster (MiniRaftCluster.java:shutdown(856)) - MiniRaftClusterWithGrpc shutdown completed
]]></system-out>
  </testcase>
  <testcase name="testWatchRequestAsync" classname="org.apache.ratis.grpc.TestWatchRequestWithGrpc" time="7.756">
    <system-out><![CDATA[2024-01-25 07:58:06,469 [main] INFO  util.LogUtils (Slf4jUtils.java:setLogLevel(38)) - Successfully set org.apache.ratis.conf.ConfUtils log level to WARN
2024-01-25 07:58:06,469 [main] INFO  util.LogUtils (Slf4jUtils.java:setLogLevel(38)) - Successfully set org.apache.ratis.util.FileUtils log level to TRACE
2024-01-25 07:58:06,470 [main] INFO  util.LogUtils (Slf4jUtils.java:setLogLevel(38)) - Successfully set org.apache.ratis.server.impl.WatchRequests log level to DEBUG
2024-01-25 07:58:06,470 [main] INFO  util.LogUtils (Slf4jUtils.java:setLogLevel(38)) - Successfully set org.apache.ratis.server.RaftServer$Division log level to DEBUG
2024-01-25 07:58:06,470 [main] INFO  util.LogUtils (Slf4jUtils.java:setLogLevel(38)) - Successfully set org.apache.ratis.grpc.client.GrpcClientRpc log level to TRACE
2024-01-25 07:58:06,470 [main] INFO  util.LogUtils (Slf4jUtils.java:setLogLevel(38)) - Successfully set org.apache.ratis.client.impl.UnorderedAsync log level to TRACE
2024-01-25 07:58:06,470 [main] INFO  util.LogUtils (Slf4jUtils.java:setLogLevel(38)) - Successfully set org.apache.ratis.client.RaftClient log level to TRACE
2024-01-25 07:58:06,471 [Time-limited test] INFO  impl.MiniRaftCluster (MiniRaftCluster.java:runWithNewCluster(134)) - Running runWithNewCluster
2024-01-25 07:58:06,471 [Time-limited test] INFO  impl.MiniRaftCluster (MiniRaftCluster.java:<init>(305)) - new MiniRaftClusterWithGrpc with group-76E74FC0E99E:[s0|localhost:15012, s1|localhost:15016, s2|localhost:15020]
2024-01-25 07:58:06,472 [Time-limited test] INFO  impl.MiniRaftCluster (MiniRaftCluster.java:start(338)) - .............................................................. 
2024-01-25 07:58:06,472 [Time-limited test] INFO  impl.MiniRaftCluster (MiniRaftCluster.java:start(339)) - ... 
2024-01-25 07:58:06,472 [Time-limited test] INFO  impl.MiniRaftCluster (MiniRaftCluster.java:start(340)) - ...     Starting MiniRaftClusterWithGrpc
2024-01-25 07:58:06,472 [Time-limited test] INFO  impl.MiniRaftCluster (MiniRaftCluster.java:start(341)) - ... 
2024-01-25 07:58:06,472 [Time-limited test] INFO  impl.MiniRaftCluster (MiniRaftCluster.java:start(342)) - .............................................................. 
2024-01-25 07:58:06,472 [Time-limited test] INFO  impl.MiniRaftCluster (MiniRaftCluster.java:initServers(317)) - servers = {}
2024-01-25 07:58:06,472 [Time-limited test] INFO  impl.MiniRaftCluster (MiniRaftCluster.java:newRaftServer(381)) - newRaftServer: s0, group-76E74FC0E99E:[s0|localhost:15012, s1|localhost:15016, s2|localhost:15020], format? true
2024-01-25 07:58:06,472 [Time-limited test] TRACE util.FileUtils (FileUtils.java:deleteFully(305)) - deleteFully target/test/data/d3464635/MiniRaftClusterWithGrpc801275d3/s0
2024-01-25 07:58:06,472 [Time-limited test] TRACE util.FileUtils (FileUtils.java:deleteFully(318)) - deleteFully: target/test/data/d3464635/MiniRaftClusterWithGrpc801275d3/s0 does not exist.
2024-01-25 07:58:06,472 [Time-limited test] INFO  impl.MiniRaftCluster (MiniRaftCluster.java:newRaftServer(386)) - Formatted directory target/test/data/d3464635/MiniRaftClusterWithGrpc801275d3/s0
2024-01-25 07:58:06,473 [Time-limited test] INFO  server.RaftServer (ConfUtils.java:logGet(46)) - raft.rpc.type = GRPC (default)
2024-01-25 07:58:06,473 [Time-limited test] INFO  grpc.GrpcConfigKeys (ConfUtils.java:logFallback(53)) - raft.grpc.admin.host = null (fallback to raft.grpc.server.host)
2024-01-25 07:58:06,473 [Time-limited test] INFO  grpc.GrpcConfigKeys (ConfUtils.java:logGet(46)) - raft.grpc.admin.port = 15013 (custom)
2024-01-25 07:58:06,473 [Time-limited test] INFO  grpc.GrpcConfigKeys (ConfUtils.java:logFallback(53)) - raft.grpc.client.host = null (fallback to raft.grpc.server.host)
2024-01-25 07:58:06,473 [Time-limited test] INFO  grpc.GrpcConfigKeys (ConfUtils.java:logGet(46)) - raft.grpc.client.port = 15014 (custom)
2024-01-25 07:58:06,473 [Time-limited test] INFO  grpc.GrpcConfigKeys (ConfUtils.java:logGet(46)) - raft.grpc.server.host = null (default)
2024-01-25 07:58:06,473 [Time-limited test] INFO  grpc.GrpcConfigKeys (ConfUtils.java:logGet(46)) - raft.grpc.server.port = 15012 (custom)
2024-01-25 07:58:06,473 [Time-limited test] INFO  server.GrpcService (ConfUtils.java:logGet(46)) - raft.grpc.message.size.max = 64MB (=67108864) (default)
2024-01-25 07:58:06,473 [Time-limited test] INFO  server.RaftServerConfigKeys (ConfUtils.java:logGet(46)) - raft.server.log.appender.buffer.byte-limit = 4MB (=4194304) (default)
2024-01-25 07:58:06,474 [Time-limited test] INFO  server.GrpcService (ConfUtils.java:logGet(46)) - raft.grpc.flow.control.window = 1MB (=1048576) (default)
2024-01-25 07:58:06,474 [Time-limited test] INFO  server.RaftServerConfigKeys (ConfUtils.java:logGet(46)) - raft.server.rpc.request.timeout = 3000ms (default)
2024-01-25 07:58:06,474 [Time-limited test] INFO  grpc.GrpcConfigKeys (ConfUtils.java:logGet(46)) - raft.grpc.server.heartbeat.channel = true (default)
2024-01-25 07:58:06,474 [Time-limited test] INFO  grpc.GrpcConfigKeys (ConfUtils.java:logGet(46)) - raft.grpc.server.async.request.thread.pool.cached = true (default)
2024-01-25 07:58:06,474 [Time-limited test] INFO  grpc.GrpcConfigKeys (ConfUtils.java:logGet(46)) - raft.grpc.server.async.request.thread.pool.size = 32 (default)
2024-01-25 07:58:06,476 [Time-limited test] INFO  impl.DataStreamServerImpl (ConfUtils.java:logGet(46)) - raft.datastream.type = DISABLED (default)
2024-01-25 07:58:06,476 [Time-limited test] INFO  server.RaftServerConfigKeys (ConfUtils.java:logGet(46)) - raft.server.sleep.deviation.threshold = 300ms (default)
2024-01-25 07:58:06,476 [Time-limited test] INFO  server.RaftServerConfigKeys (ConfUtils.java:logGet(46)) - raft.server.close.threshold = 60s (default)
2024-01-25 07:58:06,476 [Time-limited test] INFO  server.RaftServerConfigKeys (ConfUtils.java:logGet(46)) - raft.server.leaderelection.leader.step-down.wait-time = 10s (default)
2024-01-25 07:58:06,476 [Time-limited test] INFO  server.RaftServerConfigKeys (ConfUtils.java:logGet(46)) - raft.server.storage.dir = [/home/runner/work/ratis/ratis/ratis-test/target/test/data/d3464635/MiniRaftClusterWithGrpc801275d3/s0] (custom)
2024-01-25 07:58:06,476 [Time-limited test] INFO  server.RaftServerConfigKeys (ConfUtils.java:logGet(46)) - raft.server.threadpool.proxy.cached = true (default)
2024-01-25 07:58:06,476 [Time-limited test] INFO  server.RaftServerConfigKeys (ConfUtils.java:logGet(46)) - raft.server.threadpool.proxy.size = 0 (default)
2024-01-25 07:58:06,477 [Time-limited test] INFO  server.RaftServer (RaftServerProxy.java:addNew(101)) - s0: addNew group-76E74FC0E99E:[s0|localhost:15012, s1|localhost:15016, s2|localhost:15020] returns group-76E74FC0E99E:java.util.concurrent.CompletableFuture@481ca82b[Not completed]
2024-01-25 07:58:06,477 [Time-limited test] INFO  impl.MiniRaftCluster (MiniRaftCluster.java:newRaftServer(381)) - newRaftServer: s1, group-76E74FC0E99E:[s0|localhost:15012, s1|localhost:15016, s2|localhost:15020], format? true
2024-01-25 07:58:06,477 [s0-groupManagement] INFO  server.RaftServerConfigKeys (ConfUtils.java:logGet(46)) - raft.server.log.segment.size.max = 32MB (=33554432) (default)
2024-01-25 07:58:06,477 [Time-limited test] TRACE util.FileUtils (FileUtils.java:deleteFully(305)) - deleteFully target/test/data/d3464635/MiniRaftClusterWithGrpc801275d3/s1
2024-01-25 07:58:06,477 [s0-groupManagement] INFO  server.RaftServerConfigKeys (ConfUtils.java:logGet(46)) - raft.server.log.preallocated.size = 4MB (=4194304) (default)
2024-01-25 07:58:06,477 [Time-limited test] TRACE util.FileUtils (FileUtils.java:deleteFully(318)) - deleteFully: target/test/data/d3464635/MiniRaftClusterWithGrpc801275d3/s1 does not exist.
2024-01-25 07:58:06,477 [Time-limited test] INFO  impl.MiniRaftCluster (MiniRaftCluster.java:newRaftServer(386)) - Formatted directory target/test/data/d3464635/MiniRaftClusterWithGrpc801275d3/s1
2024-01-25 07:58:06,477 [s0-groupManagement] INFO  server.RaftServerConfigKeys (ConfUtils.java:logGet(46)) - raft.server.log.write.buffer.size = 8MB (=8388608) (default)
2024-01-25 07:58:06,478 [s0-groupManagement] INFO  server.RaftServer$Division (RaftServerImpl.java:<init>(211)) - s0: new RaftServerImpl for group-76E74FC0E99E:[s0|localhost:15012, s1|localhost:15016, s2|localhost:15020] with SimpleStateMachine4Testing:uninitialized
2024-01-25 07:58:06,478 [Time-limited test] INFO  server.RaftServer (ConfUtils.java:logGet(46)) - raft.rpc.type = GRPC (default)
2024-01-25 07:58:06,478 [s0-groupManagement] INFO  server.RaftServerConfigKeys (ConfUtils.java:logGet(46)) - raft.server.rpc.timeout.min = 150ms (default)
2024-01-25 07:58:06,478 [Time-limited test] INFO  grpc.GrpcConfigKeys (ConfUtils.java:logFallback(53)) - raft.grpc.admin.host = null (fallback to raft.grpc.server.host)
2024-01-25 07:58:06,478 [s0-groupManagement] INFO  server.RaftServerConfigKeys (ConfUtils.java:logGet(46)) - raft.server.rpc.timeout.max = 300ms (default)
2024-01-25 07:58:06,478 [Time-limited test] INFO  grpc.GrpcConfigKeys (ConfUtils.java:logGet(46)) - raft.grpc.admin.port = 15017 (custom)
2024-01-25 07:58:06,478 [s0-groupManagement] INFO  server.RaftServerConfigKeys (ConfUtils.java:logGet(46)) - raft.server.rpc.sleep.time = 25ms (default)
2024-01-25 07:58:06,478 [Time-limited test] INFO  grpc.GrpcConfigKeys (ConfUtils.java:logFallback(53)) - raft.grpc.client.host = null (fallback to raft.grpc.server.host)
2024-01-25 07:58:06,478 [s0-groupManagement] INFO  server.RaftServerConfigKeys (ConfUtils.java:logGet(46)) - raft.server.rpc.slowness.timeout = 60s (default)
2024-01-25 07:58:06,478 [Time-limited test] INFO  grpc.GrpcConfigKeys (ConfUtils.java:logGet(46)) - raft.grpc.client.port = 15018 (custom)
2024-01-25 07:58:06,478 [s0-groupManagement] INFO  server.RaftServerConfigKeys (ConfUtils.java:logGet(46)) - raft.server.leaderelection.leader.step-down.wait-time = 10s (default)
2024-01-25 07:58:06,478 [Time-limited test] INFO  grpc.GrpcConfigKeys (ConfUtils.java:logGet(46)) - raft.grpc.server.host = null (default)
2024-01-25 07:58:06,478 [s0-groupManagement] INFO  server.RaftServerConfigKeys (ConfUtils.java:logGet(46)) - raft.server.leaderelection.member.majority-add = false (default)
2024-01-25 07:58:06,479 [Time-limited test] INFO  grpc.GrpcConfigKeys (ConfUtils.java:logGet(46)) - raft.grpc.server.port = 15016 (custom)
2024-01-25 07:58:06,479 [s0-groupManagement] INFO  server.RaftServerConfigKeys (ConfUtils.java:logGet(46)) - raft.server.sleep.deviation.threshold = 300ms (default)
2024-01-25 07:58:06,479 [Time-limited test] INFO  server.GrpcService (ConfUtils.java:logGet(46)) - raft.grpc.message.size.max = 64MB (=67108864) (default)
2024-01-25 07:58:06,479 [s0-groupManagement] INFO  server.RaftServer$Division (ServerState.java:<init>(113)) - s0@group-76E74FC0E99E: ConfigurationManager, init=-1: peers:[s0|localhost:15012, s1|localhost:15016, s2|localhost:15020]|listeners:[], old=null, confs=<EMPTY_MAP>
2024-01-25 07:58:06,479 [Time-limited test] INFO  server.RaftServerConfigKeys (ConfUtils.java:logGet(46)) - raft.server.log.appender.buffer.byte-limit = 4MB (=4194304) (default)
2024-01-25 07:58:06,479 [s0-groupManagement] INFO  server.RaftServerConfigKeys (ConfUtils.java:logGet(46)) - raft.server.notification.no-leader.timeout = 60s (default)
2024-01-25 07:58:06,479 [Time-limited test] INFO  server.GrpcService (ConfUtils.java:logGet(46)) - raft.grpc.flow.control.window = 1MB (=1048576) (default)
2024-01-25 07:58:06,479 [s0-groupManagement] INFO  server.RaftServerConfigKeys (ConfUtils.java:logGet(46)) - raft.server.read.timeout = 10s (default)
2024-01-25 07:58:06,479 [Time-limited test] INFO  server.RaftServerConfigKeys (ConfUtils.java:logGet(46)) - raft.server.rpc.request.timeout = 3000ms (default)
2024-01-25 07:58:06,479 [s0-groupManagement] INFO  server.RaftServerConfigKeys (ConfUtils.java:logGet(46)) - raft.server.retrycache.expirytime = 60s (default)
2024-01-25 07:58:06,479 [Time-limited test] INFO  grpc.GrpcConfigKeys (ConfUtils.java:logGet(46)) - raft.grpc.server.heartbeat.channel = true (default)
2024-01-25 07:58:06,479 [s0-groupManagement] INFO  server.RaftServerConfigKeys (ConfUtils.java:logGet(46)) - raft.server.retrycache.statistics.expirytime = 100ms (default)
2024-01-25 07:58:06,479 [Time-limited test] INFO  grpc.GrpcConfigKeys (ConfUtils.java:logGet(46)) - raft.grpc.server.async.request.thread.pool.cached = true (default)
2024-01-25 07:58:06,480 [s0-groupManagement] INFO  server.RaftServerConfigKeys (ConfUtils.java:logGet(46)) - raft.server.read.option = DEFAULT (default)
2024-01-25 07:58:06,480 [Time-limited test] INFO  grpc.GrpcConfigKeys (ConfUtils.java:logGet(46)) - raft.grpc.server.async.request.thread.pool.size = 32 (default)
2024-01-25 07:58:06,480 [s0-groupManagement] INFO  server.RaftServerConfigKeys (ConfUtils.java:logGet(46)) - raft.server.read.read-after-write-consistent.write-index-cache.expiry-time = 60s (default)
2024-01-25 07:58:06,481 [Time-limited test] INFO  impl.DataStreamServerImpl (ConfUtils.java:logGet(46)) - raft.datastream.type = DISABLED (default)
2024-01-25 07:58:06,481 [Time-limited test] INFO  server.RaftServerConfigKeys (ConfUtils.java:logGet(46)) - raft.server.sleep.deviation.threshold = 300ms (default)
2024-01-25 07:58:06,482 [Time-limited test] INFO  server.RaftServerConfigKeys (ConfUtils.java:logGet(46)) - raft.server.close.threshold = 60s (default)
2024-01-25 07:58:06,482 [Time-limited test] INFO  server.RaftServerConfigKeys (ConfUtils.java:logGet(46)) - raft.server.leaderelection.leader.step-down.wait-time = 10s (default)
2024-01-25 07:58:06,482 [Time-limited test] INFO  server.RaftServerConfigKeys (ConfUtils.java:logGet(46)) - raft.server.storage.dir = [/home/runner/work/ratis/ratis/ratis-test/target/test/data/d3464635/MiniRaftClusterWithGrpc801275d3/s1] (custom)
2024-01-25 07:58:06,482 [s0-groupManagement] INFO  server.RaftServerConfigKeys (ConfUtils.java:logGet(46)) - raft.server.rpc.request.timeout = 3000ms (default)
2024-01-25 07:58:06,482 [Time-limited test] INFO  server.RaftServerConfigKeys (ConfUtils.java:logGet(46)) - raft.server.threadpool.proxy.cached = true (default)
2024-01-25 07:58:06,482 [s0-groupManagement] INFO  server.RaftServerConfigKeys (ConfUtils.java:logGet(46)) - raft.server.log.appender.install.snapshot.enabled = true (default)
2024-01-25 07:58:06,482 [Time-limited test] INFO  server.RaftServerConfigKeys (ConfUtils.java:logGet(46)) - raft.server.threadpool.proxy.size = 0 (default)
2024-01-25 07:58:06,482 [s0-groupManagement] INFO  server.RaftServerConfigKeys (ConfUtils.java:logGet(46)) - raft.server.threadpool.server.cached = true (default)
2024-01-25 07:58:06,482 [s0-groupManagement] INFO  server.RaftServerConfigKeys (ConfUtils.java:logGet(46)) - raft.server.threadpool.server.size = 0 (default)
2024-01-25 07:58:06,483 [s0-groupManagement] INFO  server.RaftServerConfigKeys (ConfUtils.java:logGet(46)) - raft.server.threadpool.client.cached = true (default)
2024-01-25 07:58:06,483 [s0-groupManagement] INFO  server.RaftServerConfigKeys (ConfUtils.java:logGet(46)) - raft.server.threadpool.client.size = 0 (default)
2024-01-25 07:58:06,483 [Time-limited test] INFO  server.RaftServer (RaftServerProxy.java:addNew(101)) - s1: addNew group-76E74FC0E99E:[s0|localhost:15012, s1|localhost:15016, s2|localhost:15020] returns group-76E74FC0E99E:java.util.concurrent.CompletableFuture@5e658853[Not completed]
2024-01-25 07:58:06,483 [s1-groupManagement] INFO  server.RaftServerConfigKeys (ConfUtils.java:logGet(46)) - raft.server.log.segment.size.max = 32MB (=33554432) (default)
2024-01-25 07:58:06,483 [Time-limited test] INFO  impl.MiniRaftCluster (MiniRaftCluster.java:newRaftServer(381)) - newRaftServer: s2, group-76E74FC0E99E:[s0|localhost:15012, s1|localhost:15016, s2|localhost:15020], format? true
2024-01-25 07:58:06,483 [s1-groupManagement] INFO  server.RaftServerConfigKeys (ConfUtils.java:logGet(46)) - raft.server.log.preallocated.size = 4MB (=4194304) (default)
2024-01-25 07:58:06,483 [Time-limited test] TRACE util.FileUtils (FileUtils.java:deleteFully(305)) - deleteFully target/test/data/d3464635/MiniRaftClusterWithGrpc801275d3/s2
2024-01-25 07:58:06,483 [s1-groupManagement] INFO  server.RaftServerConfigKeys (ConfUtils.java:logGet(46)) - raft.server.log.write.buffer.size = 8MB (=8388608) (default)
2024-01-25 07:58:06,483 [Time-limited test] TRACE util.FileUtils (FileUtils.java:deleteFully(318)) - deleteFully: target/test/data/d3464635/MiniRaftClusterWithGrpc801275d3/s2 does not exist.
2024-01-25 07:58:06,483 [s1-groupManagement] INFO  server.RaftServer$Division (RaftServerImpl.java:<init>(211)) - s1: new RaftServerImpl for group-76E74FC0E99E:[s0|localhost:15012, s1|localhost:15016, s2|localhost:15020] with SimpleStateMachine4Testing:uninitialized
2024-01-25 07:58:06,483 [Time-limited test] INFO  impl.MiniRaftCluster (MiniRaftCluster.java:newRaftServer(386)) - Formatted directory target/test/data/d3464635/MiniRaftClusterWithGrpc801275d3/s2
2024-01-25 07:58:06,483 [s1-groupManagement] INFO  server.RaftServerConfigKeys (ConfUtils.java:logGet(46)) - raft.server.rpc.timeout.min = 150ms (default)
2024-01-25 07:58:06,484 [s1-groupManagement] INFO  server.RaftServerConfigKeys (ConfUtils.java:logGet(46)) - raft.server.rpc.timeout.max = 300ms (default)
2024-01-25 07:58:06,484 [s1-groupManagement] INFO  server.RaftServerConfigKeys (ConfUtils.java:logGet(46)) - raft.server.rpc.sleep.time = 25ms (default)
2024-01-25 07:58:06,484 [Time-limited test] INFO  server.RaftServer (ConfUtils.java:logGet(46)) - raft.rpc.type = GRPC (default)
2024-01-25 07:58:06,484 [s1-groupManagement] INFO  server.RaftServerConfigKeys (ConfUtils.java:logGet(46)) - raft.server.rpc.slowness.timeout = 60s (default)
2024-01-25 07:58:06,484 [Time-limited test] INFO  grpc.GrpcConfigKeys (ConfUtils.java:logFallback(53)) - raft.grpc.admin.host = null (fallback to raft.grpc.server.host)
2024-01-25 07:58:06,484 [s1-groupManagement] INFO  server.RaftServerConfigKeys (ConfUtils.java:logGet(46)) - raft.server.leaderelection.leader.step-down.wait-time = 10s (default)
2024-01-25 07:58:06,484 [Time-limited test] INFO  grpc.GrpcConfigKeys (ConfUtils.java:logGet(46)) - raft.grpc.admin.port = 15021 (custom)
2024-01-25 07:58:06,484 [s1-groupManagement] INFO  server.RaftServerConfigKeys (ConfUtils.java:logGet(46)) - raft.server.leaderelection.member.majority-add = false (default)
2024-01-25 07:58:06,484 [Time-limited test] INFO  grpc.GrpcConfigKeys (ConfUtils.java:logFallback(53)) - raft.grpc.client.host = null (fallback to raft.grpc.server.host)
2024-01-25 07:58:06,484 [s1-groupManagement] INFO  server.RaftServerConfigKeys (ConfUtils.java:logGet(46)) - raft.server.sleep.deviation.threshold = 300ms (default)
2024-01-25 07:58:06,484 [Time-limited test] INFO  grpc.GrpcConfigKeys (ConfUtils.java:logGet(46)) - raft.grpc.client.port = 15022 (custom)
2024-01-25 07:58:06,484 [s1-groupManagement] INFO  server.RaftServer$Division (ServerState.java:<init>(113)) - s1@group-76E74FC0E99E: ConfigurationManager, init=-1: peers:[s0|localhost:15012, s1|localhost:15016, s2|localhost:15020]|listeners:[], old=null, confs=<EMPTY_MAP>
2024-01-25 07:58:06,484 [Time-limited test] INFO  grpc.GrpcConfigKeys (ConfUtils.java:logGet(46)) - raft.grpc.server.host = null (default)
2024-01-25 07:58:06,484 [s1-groupManagement] INFO  server.RaftServerConfigKeys (ConfUtils.java:logGet(46)) - raft.server.notification.no-leader.timeout = 60s (default)
2024-01-25 07:58:06,485 [Time-limited test] INFO  grpc.GrpcConfigKeys (ConfUtils.java:logGet(46)) - raft.grpc.server.port = 15020 (custom)
2024-01-25 07:58:06,485 [s1-groupManagement] INFO  server.RaftServerConfigKeys (ConfUtils.java:logGet(46)) - raft.server.read.timeout = 10s (default)
2024-01-25 07:58:06,485 [Time-limited test] INFO  server.GrpcService (ConfUtils.java:logGet(46)) - raft.grpc.message.size.max = 64MB (=67108864) (default)
2024-01-25 07:58:06,485 [s1-groupManagement] INFO  server.RaftServerConfigKeys (ConfUtils.java:logGet(46)) - raft.server.retrycache.expirytime = 60s (default)
2024-01-25 07:58:06,485 [Time-limited test] INFO  server.RaftServerConfigKeys (ConfUtils.java:logGet(46)) - raft.server.log.appender.buffer.byte-limit = 4MB (=4194304) (default)
2024-01-25 07:58:06,485 [s1-groupManagement] INFO  server.RaftServerConfigKeys (ConfUtils.java:logGet(46)) - raft.server.retrycache.statistics.expirytime = 100ms (default)
2024-01-25 07:58:06,485 [Time-limited test] INFO  server.GrpcService (ConfUtils.java:logGet(46)) - raft.grpc.flow.control.window = 1MB (=1048576) (default)
2024-01-25 07:58:06,485 [s1-groupManagement] INFO  server.RaftServerConfigKeys (ConfUtils.java:logGet(46)) - raft.server.read.option = DEFAULT (default)
2024-01-25 07:58:06,485 [Time-limited test] INFO  server.RaftServerConfigKeys (ConfUtils.java:logGet(46)) - raft.server.rpc.request.timeout = 3000ms (default)
2024-01-25 07:58:06,485 [s1-groupManagement] INFO  server.RaftServerConfigKeys (ConfUtils.java:logGet(46)) - raft.server.read.read-after-write-consistent.write-index-cache.expiry-time = 60s (default)
2024-01-25 07:58:06,485 [Time-limited test] INFO  grpc.GrpcConfigKeys (ConfUtils.java:logGet(46)) - raft.grpc.server.heartbeat.channel = true (default)
2024-01-25 07:58:06,485 [Time-limited test] INFO  grpc.GrpcConfigKeys (ConfUtils.java:logGet(46)) - raft.grpc.server.async.request.thread.pool.cached = true (default)
2024-01-25 07:58:06,486 [Time-limited test] INFO  grpc.GrpcConfigKeys (ConfUtils.java:logGet(46)) - raft.grpc.server.async.request.thread.pool.size = 32 (default)
2024-01-25 07:58:06,487 [s1-groupManagement] INFO  server.RaftServerConfigKeys (ConfUtils.java:logGet(46)) - raft.server.rpc.request.timeout = 3000ms (default)
2024-01-25 07:58:06,487 [s1-groupManagement] INFO  server.RaftServerConfigKeys (ConfUtils.java:logGet(46)) - raft.server.log.appender.install.snapshot.enabled = true (default)
2024-01-25 07:58:06,487 [s1-groupManagement] INFO  server.RaftServerConfigKeys (ConfUtils.java:logGet(46)) - raft.server.threadpool.server.cached = true (default)
2024-01-25 07:58:06,487 [s1-groupManagement] INFO  server.RaftServerConfigKeys (ConfUtils.java:logGet(46)) - raft.server.threadpool.server.size = 0 (default)
2024-01-25 07:58:06,487 [Time-limited test] INFO  impl.DataStreamServerImpl (ConfUtils.java:logGet(46)) - raft.datastream.type = DISABLED (default)
2024-01-25 07:58:06,487 [s1-groupManagement] INFO  server.RaftServerConfigKeys (ConfUtils.java:logGet(46)) - raft.server.threadpool.client.cached = true (default)
2024-01-25 07:58:06,488 [Time-limited test] INFO  server.RaftServerConfigKeys (ConfUtils.java:logGet(46)) - raft.server.sleep.deviation.threshold = 300ms (default)
2024-01-25 07:58:06,488 [s1-groupManagement] INFO  server.RaftServerConfigKeys (ConfUtils.java:logGet(46)) - raft.server.threadpool.client.size = 0 (default)
2024-01-25 07:58:06,488 [Time-limited test] INFO  server.RaftServerConfigKeys (ConfUtils.java:logGet(46)) - raft.server.close.threshold = 60s (default)
2024-01-25 07:58:06,488 [Time-limited test] INFO  server.RaftServerConfigKeys (ConfUtils.java:logGet(46)) - raft.server.leaderelection.leader.step-down.wait-time = 10s (default)
2024-01-25 07:58:06,488 [Time-limited test] INFO  server.RaftServerConfigKeys (ConfUtils.java:logGet(46)) - raft.server.storage.dir = [/home/runner/work/ratis/ratis/ratis-test/target/test/data/d3464635/MiniRaftClusterWithGrpc801275d3/s2] (custom)
2024-01-25 07:58:06,488 [Time-limited test] INFO  server.RaftServerConfigKeys (ConfUtils.java:logGet(46)) - raft.server.threadpool.proxy.cached = true (default)
2024-01-25 07:58:06,488 [Time-limited test] INFO  server.RaftServerConfigKeys (ConfUtils.java:logGet(46)) - raft.server.threadpool.proxy.size = 0 (default)
2024-01-25 07:58:06,488 [Time-limited test] INFO  server.RaftServer (RaftServerProxy.java:addNew(101)) - s2: addNew group-76E74FC0E99E:[s0|localhost:15012, s1|localhost:15016, s2|localhost:15020] returns group-76E74FC0E99E:java.util.concurrent.CompletableFuture@3f1988b3[Not completed]
2024-01-25 07:58:06,489 [s2-groupManagement] INFO  server.RaftServerConfigKeys (ConfUtils.java:logGet(46)) - raft.server.log.segment.size.max = 32MB (=33554432) (default)
2024-01-25 07:58:06,489 [s0-impl-thread1] INFO  server.RaftServerConfigKeys (ConfUtils.java:logGet(46)) - raft.server.storage.free-space.min = 0MB (=0) (default)
2024-01-25 07:58:06,489 [s2-groupManagement] INFO  server.RaftServerConfigKeys (ConfUtils.java:logGet(46)) - raft.server.log.preallocated.size = 4MB (=4194304) (default)
2024-01-25 07:58:06,489 [s0-impl-thread1] INFO  server.RaftServerConfigKeys (ConfUtils.java:logGet(46)) - raft.server.log.corruption.policy = EXCEPTION (default)
2024-01-25 07:58:06,489 [s2-groupManagement] INFO  server.RaftServerConfigKeys (ConfUtils.java:logGet(46)) - raft.server.log.write.buffer.size = 8MB (=8388608) (default)
2024-01-25 07:58:06,489 [s0-impl-thread1] INFO  server.RaftServerConfigKeys (ConfUtils.java:logGet(46)) - raft.server.storage.dir = [/home/runner/work/ratis/ratis/ratis-test/target/test/data/d3464635/MiniRaftClusterWithGrpc801275d3/s0] (custom)
2024-01-25 07:58:06,489 [s2-groupManagement] INFO  server.RaftServer$Division (RaftServerImpl.java:<init>(211)) - s2: new RaftServerImpl for group-76E74FC0E99E:[s0|localhost:15012, s1|localhost:15016, s2|localhost:15020] with SimpleStateMachine4Testing:uninitialized
2024-01-25 07:58:06,489 [s2-groupManagement] INFO  server.RaftServerConfigKeys (ConfUtils.java:logGet(46)) - raft.server.rpc.timeout.min = 150ms (default)
2024-01-25 07:58:06,489 [s0-impl-thread1] INFO  storage.RaftStorageDirectory (RaftStorageDirectoryImpl.java:analyzeStorage(138)) - The storage directory /home/runner/work/ratis/ratis/ratis-test/target/test/data/d3464635/MiniRaftClusterWithGrpc801275d3/s0/a3a6cbcd-89a5-4fc7-bd4b-76e74fc0e99e does not exist. Creating ...
2024-01-25 07:58:06,489 [s2-groupManagement] INFO  server.RaftServerConfigKeys (ConfUtils.java:logGet(46)) - raft.server.rpc.timeout.max = 300ms (default)
2024-01-25 07:58:06,489 [s2-groupManagement] INFO  server.RaftServerConfigKeys (ConfUtils.java:logGet(46)) - raft.server.rpc.sleep.time = 25ms (default)
2024-01-25 07:58:06,489 [s2-groupManagement] INFO  server.RaftServerConfigKeys (ConfUtils.java:logGet(46)) - raft.server.rpc.slowness.timeout = 60s (default)
2024-01-25 07:58:06,489 [s2-groupManagement] INFO  server.RaftServerConfigKeys (ConfUtils.java:logGet(46)) - raft.server.leaderelection.leader.step-down.wait-time = 10s (default)
2024-01-25 07:58:06,489 [s2-groupManagement] INFO  server.RaftServerConfigKeys (ConfUtils.java:logGet(46)) - raft.server.leaderelection.member.majority-add = false (default)
2024-01-25 07:58:06,489 [s0-impl-thread1] TRACE util.FileUtils (LogUtils.java:runAndLog(49)) - Successfully ran Files.createDirectories /home/runner/work/ratis/ratis/ratis-test/target/test/data/d3464635/MiniRaftClusterWithGrpc801275d3/s0/a3a6cbcd-89a5-4fc7-bd4b-76e74fc0e99e
2024-01-25 07:58:06,489 [s2-groupManagement] INFO  server.RaftServerConfigKeys (ConfUtils.java:logGet(46)) - raft.server.sleep.deviation.threshold = 300ms (default)
2024-01-25 07:58:06,490 [s2-groupManagement] INFO  server.RaftServer$Division (ServerState.java:<init>(113)) - s2@group-76E74FC0E99E: ConfigurationManager, init=-1: peers:[s0|localhost:15012, s1|localhost:15016, s2|localhost:15020]|listeners:[], old=null, confs=<EMPTY_MAP>
2024-01-25 07:58:06,490 [s2-groupManagement] INFO  server.RaftServerConfigKeys (ConfUtils.java:logGet(46)) - raft.server.notification.no-leader.timeout = 60s (default)
2024-01-25 07:58:06,490 [s2-groupManagement] INFO  server.RaftServerConfigKeys (ConfUtils.java:logGet(46)) - raft.server.read.timeout = 10s (default)
2024-01-25 07:58:06,490 [s2-groupManagement] INFO  server.RaftServerConfigKeys (ConfUtils.java:logGet(46)) - raft.server.retrycache.expirytime = 60s (default)
2024-01-25 07:58:06,490 [s2-groupManagement] INFO  server.RaftServerConfigKeys (ConfUtils.java:logGet(46)) - raft.server.retrycache.statistics.expirytime = 100ms (default)
2024-01-25 07:58:06,490 [s2-groupManagement] INFO  server.RaftServerConfigKeys (ConfUtils.java:logGet(46)) - raft.server.read.option = DEFAULT (default)
2024-01-25 07:58:06,490 [s2-groupManagement] INFO  server.RaftServerConfigKeys (ConfUtils.java:logGet(46)) - raft.server.read.read-after-write-consistent.write-index-cache.expiry-time = 60s (default)
2024-01-25 07:58:06,490 [s0-impl-thread1] INFO  storage.RaftStorageDirectory (RaftStorageDirectoryImpl.java:tryLock(228)) - Lock on /home/runner/work/ratis/ratis/ratis-test/target/test/data/d3464635/MiniRaftClusterWithGrpc801275d3/s0/a3a6cbcd-89a5-4fc7-bd4b-76e74fc0e99e/in_use.lock acquired by nodename 21818@fv-az1458-491
2024-01-25 07:58:06,491 [s0-impl-thread1] TRACE util.FileUtils (LogUtils.java:runAndLog(49)) - Successfully ran Files.createDirectories /home/runner/work/ratis/ratis/ratis-test/target/test/data/d3464635/MiniRaftClusterWithGrpc801275d3/s0/a3a6cbcd-89a5-4fc7-bd4b-76e74fc0e99e/current
2024-01-25 07:58:06,491 [s0-impl-thread1] TRACE util.FileUtils (LogUtils.java:runAndLog(49)) - Successfully ran Files.createDirectories /home/runner/work/ratis/ratis/ratis-test/target/test/data/d3464635/MiniRaftClusterWithGrpc801275d3/s0/a3a6cbcd-89a5-4fc7-bd4b-76e74fc0e99e/sm
2024-01-25 07:58:06,491 [s0-impl-thread1] TRACE util.FileUtils (LogUtils.java:supplyAndLog(69)) - Successfully supplied FileChannel.open /home/runner/work/ratis/ratis/ratis-test/target/test/data/d3464635/MiniRaftClusterWithGrpc801275d3/s0/a3a6cbcd-89a5-4fc7-bd4b-76e74fc0e99e/current/raft-meta.tmp with options [CREATE, WRITE]: sun.nio.ch.FileChannelImpl@4f4db201
2024-01-25 07:58:06,492 [s0-impl-thread1] TRACE util.FileUtils (LogUtils.java:runAndLog(49)) - Successfully ran Atomic Files.move /home/runner/work/ratis/ratis/ratis-test/target/test/data/d3464635/MiniRaftClusterWithGrpc801275d3/s0/a3a6cbcd-89a5-4fc7-bd4b-76e74fc0e99e/current/raft-meta.tmp to /home/runner/work/ratis/ratis/ratis-test/target/test/data/d3464635/MiniRaftClusterWithGrpc801275d3/s0/a3a6cbcd-89a5-4fc7-bd4b-76e74fc0e99e/current/raft-meta with options [REPLACE_EXISTING]
2024-01-25 07:58:06,492 [s0-impl-thread1] INFO  storage.RaftStorage (RaftStorageImpl.java:format(99)) - Storage directory /home/runner/work/ratis/ratis/ratis-test/target/test/data/d3464635/MiniRaftClusterWithGrpc801275d3/s0/a3a6cbcd-89a5-4fc7-bd4b-76e74fc0e99e has been successfully formatted.
2024-01-25 07:58:06,492 [s0-impl-thread1] TRACE util.FileUtils (LogUtils.java:supplyAndLog(61)) - Failed to Files.newInputStream /home/runner/work/ratis/ratis/ratis-test/target/test/data/d3464635/MiniRaftClusterWithGrpc801275d3/s0/a3a6cbcd-89a5-4fc7-bd4b-76e74fc0e99e/current/raft-meta.conf with options []
java.nio.file.NoSuchFileException: /home/runner/work/ratis/ratis/ratis-test/target/test/data/d3464635/MiniRaftClusterWithGrpc801275d3/s0/a3a6cbcd-89a5-4fc7-bd4b-76e74fc0e99e/current/raft-meta.conf
	at sun.nio.fs.UnixException.translateToIOException(UnixException.java:86)
	at sun.nio.fs.UnixException.rethrowAsIOException(UnixException.java:102)
	at sun.nio.fs.UnixException.rethrowAsIOException(UnixException.java:107)
	at sun.nio.fs.UnixFileSystemProvider.newByteChannel(UnixFileSystemProvider.java:214)
	at java.nio.file.Files.newByteChannel(Files.java:361)
	at java.nio.file.Files.newByteChannel(Files.java:407)
	at java.nio.file.spi.FileSystemProvider.newInputStream(FileSystemProvider.java:384)
	at java.nio.file.Files.newInputStream(Files.java:152)
	at org.apache.ratis.util.FileUtils.lambda$newInputStream$2(FileUtils.java:73)
	at org.apache.ratis.util.LogUtils.supplyAndLog(LogUtils.java:58)
	at org.apache.ratis.util.FileUtils.newInputStream(FileUtils.java:72)
	at org.apache.ratis.util.FileUtils.newInputStream(FileUtils.java:68)
	at org.apache.ratis.server.storage.RaftStorageImpl.readRaftConfiguration(RaftStorageImpl.java:156)
	at org.apache.ratis.server.impl.ServerState.initialize(ServerState.java:141)
	at org.apache.ratis.server.impl.RaftServerImpl.start(RaftServerImpl.java:342)
	at org.apache.ratis.util.ConcurrentUtils.accept(ConcurrentUtils.java:203)
	at org.apache.ratis.util.ConcurrentUtils.lambda$null$4(ConcurrentUtils.java:182)
	at java.util.concurrent.ThreadPoolExecutor.runWorker(ThreadPoolExecutor.java:1149)
	at java.util.concurrent.ThreadPoolExecutor$Worker.run(ThreadPoolExecutor.java:624)
	at java.lang.Thread.run(Thread.java:750)
2024-01-25 07:58:06,492 [s2-groupManagement] INFO  server.RaftServerConfigKeys (ConfUtils.java:logGet(46)) - raft.server.rpc.request.timeout = 3000ms (default)
2024-01-25 07:58:06,492 [s0-impl-thread1] INFO  impl.SimpleStateMachine4Testing (SimpleStateMachine4Testing.java:initialize(213)) - Initializing SimpleStateMachine4Testing:uninitialized
2024-01-25 07:58:06,492 [s2-groupManagement] INFO  server.RaftServerConfigKeys (ConfUtils.java:logGet(46)) - raft.server.log.appender.install.snapshot.enabled = true (default)
2024-01-25 07:58:06,492 [s0-impl-thread1] INFO  impl.SimpleStateMachine4Testing (SimpleStateMachine4Testing.java:loadSnapshot(296)) - Loading snapshot null
2024-01-25 07:58:06,492 [s2-groupManagement] INFO  server.RaftServerConfigKeys (ConfUtils.java:logGet(46)) - raft.server.threadpool.server.cached = true (default)
2024-01-25 07:58:06,492 [s0-impl-thread1] INFO  server.RaftServerConfigKeys (ConfUtils.java:logGet(46)) - raft.server.log.use.memory = false (default)
2024-01-25 07:58:06,493 [s2-groupManagement] INFO  server.RaftServerConfigKeys (ConfUtils.java:logGet(46)) - raft.server.threadpool.server.size = 0 (default)
2024-01-25 07:58:06,493 [s0-impl-thread1] INFO  server.RaftServerConfigKeys (ConfUtils.java:logGet(46)) - raft.server.log.purge.gap = 1024 (default)
2024-01-25 07:58:06,493 [s2-groupManagement] INFO  server.RaftServerConfigKeys (ConfUtils.java:logGet(46)) - raft.server.threadpool.client.cached = true (default)
2024-01-25 07:58:06,493 [s0-impl-thread1] INFO  server.RaftServerConfigKeys (ConfUtils.java:logGet(46)) - raft.server.log.appender.buffer.byte-limit = 4MB (=4194304) (default)
2024-01-25 07:58:06,493 [s2-groupManagement] INFO  server.RaftServerConfigKeys (ConfUtils.java:logGet(46)) - raft.server.threadpool.client.size = 0 (default)
2024-01-25 07:58:06,493 [s0-impl-thread1] INFO  server.RaftServerConfigKeys (ConfUtils.java:logGet(46)) - raft.server.log.statemachine.data.read.timeout = 1000ms (default)
2024-01-25 07:58:06,493 [s0-impl-thread1] INFO  server.RaftServerConfigKeys (ConfUtils.java:logGet(46)) - raft.server.log.purge.preservation.log.num = 0 (default)
2024-01-25 07:58:06,494 [s0-impl-thread1] INFO  server.RaftServerConfigKeys (ConfUtils.java:logGet(46)) - raft.server.log.segment.size.max = 32MB (=33554432) (default)
2024-01-25 07:58:06,494 [s0-impl-thread1] INFO  server.RaftServerConfigKeys (ConfUtils.java:logGet(46)) - raft.server.log.segment.cache.num.max = 6 (default)
2024-01-25 07:58:06,494 [s0-impl-thread1] INFO  server.RaftServerConfigKeys (ConfUtils.java:logGet(46)) - raft.server.log.segment.cache.size.max = 200MB (=209715200) (default)
2024-01-25 07:58:06,494 [s0-impl-thread1] INFO  server.RaftServerConfigKeys (ConfUtils.java:logGet(46)) - raft.server.log.appender.buffer.byte-limit = 4MB (=4194304) (default)
2024-01-25 07:58:06,494 [s0-impl-thread1] INFO  util.AwaitToRun (AwaitToRun.java:start(81)) - Thread[s0@group-76E74FC0E99E-cacheEviction-AwaitToRun,5,main] started
2024-01-25 07:58:06,494 [s0-impl-thread1] INFO  segmented.SegmentedRaftLogWorker (SegmentedRaftLogWorker.java:<init>(182)) - new s0@group-76E74FC0E99E-SegmentedRaftLogWorker for RaftStorageImpl:Storage Directory /home/runner/work/ratis/ratis/ratis-test/target/test/data/d3464635/MiniRaftClusterWithGrpc801275d3/s0/a3a6cbcd-89a5-4fc7-bd4b-76e74fc0e99e
2024-01-25 07:58:06,495 [s0-impl-thread1] INFO  server.RaftServerConfigKeys (ConfUtils.java:logGet(46)) - raft.server.log.queue.byte-limit = 64MB (=67108864) (default)
2024-01-25 07:58:06,495 [s0-impl-thread1] INFO  server.RaftServerConfigKeys (ConfUtils.java:logGet(46)) - raft.server.log.queue.element-limit = 4096 (default)
2024-01-25 07:58:06,495 [s0-impl-thread1] INFO  server.RaftServerConfigKeys (ConfUtils.java:logGet(46)) - raft.server.log.segment.size.max = 32MB (=33554432) (default)
2024-01-25 07:58:06,495 [s0-impl-thread1] INFO  server.RaftServerConfigKeys (ConfUtils.java:logGet(46)) - raft.server.log.preallocated.size = 4MB (=4194304) (default)
2024-01-25 07:58:06,495 [s0-impl-thread1] INFO  server.RaftServerConfigKeys (ConfUtils.java:logGet(46)) - raft.server.log.force.sync.num = 128 (default)
2024-01-25 07:58:06,495 [s0-impl-thread1] INFO  server.RaftServerConfigKeys (ConfUtils.java:logGet(46)) - raft.server.log.statemachine.data.sync = true (default)
2024-01-25 07:58:06,495 [s0-impl-thread1] INFO  server.RaftServerConfigKeys (ConfUtils.java:logGet(46)) - raft.server.log.statemachine.data.sync.timeout = 10s (default)
2024-01-25 07:58:06,495 [s0-impl-thread1] INFO  server.RaftServerConfigKeys (ConfUtils.java:logGet(46)) - raft.server.log.statemachine.data.sync.timeout.retry = -1 (default)
2024-01-25 07:58:06,496 [s0-impl-thread1] INFO  server.RaftServerConfigKeys (ConfUtils.java:logGet(46)) - raft.server.log.write.buffer.size = 8MB (=8388608) (default)
2024-01-25 07:58:06,498 [s0-impl-thread1] INFO  server.RaftServerConfigKeys (ConfUtils.java:logGet(46)) - raft.server.log.appender.buffer.byte-limit = 4MB (=4194304) (default)
2024-01-25 07:58:06,498 [s0-impl-thread1] INFO  server.RaftServerConfigKeys (ConfUtils.java:logGet(46)) - raft.server.log.unsafe-flush.enabled = false (default)
2024-01-25 07:58:06,498 [s0-impl-thread1] INFO  server.RaftServerConfigKeys (ConfUtils.java:logGet(46)) - raft.server.log.async-flush.enabled = false (default)
2024-01-25 07:58:06,498 [s0-impl-thread1] INFO  server.RaftServerConfigKeys (ConfUtils.java:logGet(46)) - raft.server.log.statemachine.data.caching.enabled = false (default)
2024-01-25 07:58:06,498 [s0-impl-thread1] INFO  segmented.SegmentedRaftLogWorker (SegmentedRaftLogWorker.java:lambda$new$0(134)) - s0@group-76E74FC0E99E-SegmentedRaftLogWorker: flushIndex: setUnconditionally 0 -> -1
2024-01-25 07:58:06,498 [s0-impl-thread1] INFO  segmented.SegmentedRaftLogWorker (SegmentedRaftLogWorker.java:lambda$new$0(134)) - s0@group-76E74FC0E99E-SegmentedRaftLogWorker: safeCacheEvictIndex: setUnconditionally 0 -> -1
2024-01-25 07:58:06,499 [s0-impl-thread1] INFO  server.RaftServer$Division (RaftServerImpl.java:start(346)) - s0@group-76E74FC0E99E: start as a follower, conf=-1: peers:[s0|localhost:15012, s1|localhost:15016, s2|localhost:15020]|listeners:[], old=null
2024-01-25 07:58:06,499 [s0-impl-thread1] INFO  server.RaftServer$Division (RaftServerImpl.java:setRole(333)) - s0@group-76E74FC0E99E: changes role from      null to FOLLOWER at term 0 for startAsFollower
2024-01-25 07:58:06,499 [s0-impl-thread1] INFO  impl.RoleInfo (RoleInfo.java:updateAndGet(140)) - s0: start s0@group-76E74FC0E99E-FollowerState
2024-01-25 07:58:06,499 [s0@group-76E74FC0E99E-FollowerState] INFO  server.RaftServerConfigKeys (ConfUtils.java:logFallback(53)) - raft.server.rpc.first-election.timeout.min = 150ms (fallback to raft.server.rpc.timeout.min)
2024-01-25 07:58:06,499 [s0@group-76E74FC0E99E-FollowerState] INFO  server.RaftServerConfigKeys (ConfUtils.java:logFallback(53)) - raft.server.rpc.first-election.timeout.max = 300ms (fallback to raft.server.rpc.timeout.max)
2024-01-25 07:58:06,499 [s0-impl-thread1] INFO  util.JmxRegister (JmxRegister.java:tryRegister(44)) - Successfully registered JMX Bean with object name Ratis:service=RaftServer,group=group-76E74FC0E99E,id=s0
2024-01-25 07:58:06,499 [s0-impl-thread1] INFO  util.JmxRegister (JmxRegister.java:register(58)) - register mxBean class org.apache.ratis.server.impl.RaftServerJmxAdapter as Ratis:service=RaftServer,group=group-76E74FC0E99E,id=s0
2024-01-25 07:58:06,499 [s0-impl-thread1] INFO  server.RaftServerConfigKeys (ConfUtils.java:logGet(46)) - raft.server.snapshot.trigger-when-stop.enabled = true (default)
2024-01-25 07:58:06,499 [s0-impl-thread1] INFO  server.RaftServerConfigKeys (ConfUtils.java:logGet(46)) - raft.server.snapshot.auto.trigger.enabled = false (default)
2024-01-25 07:58:06,499 [s0-impl-thread1] INFO  server.RaftServerConfigKeys (ConfUtils.java:logGet(46)) - raft.server.snapshot.retention.file.num = -1 (default)
2024-01-25 07:58:06,500 [s0-impl-thread1] INFO  server.RaftServerConfigKeys (ConfUtils.java:logGet(46)) - raft.server.log.purge.upto.snapshot.index = false (default)
2024-01-25 07:58:06,500 [Time-limited test] INFO  server.RaftServer (RaftServerProxy.java:startImpl(407)) - s0: start RPC server
2024-01-25 07:58:06,502 [Time-limited test] INFO  server.GrpcService (GrpcService.java:startImpl(308)) - s0: GrpcService started, listening on 15014
2024-01-25 07:58:06,503 [Time-limited test] INFO  server.GrpcService (GrpcService.java:startImpl(308)) - s0: GrpcService started, listening on 15012
2024-01-25 07:58:06,503 [Time-limited test] INFO  server.GrpcService (GrpcService.java:startImpl(308)) - s0: GrpcService started, listening on 15013
2024-01-25 07:58:06,504 [JvmPauseMonitor3] INFO  util.JvmPauseMonitor (JvmPauseMonitor.java:run(146)) - JvmPauseMonitor-s0: Started
2024-01-25 07:58:06,505 [s1-impl-thread1] INFO  server.RaftServerConfigKeys (ConfUtils.java:logGet(46)) - raft.server.storage.free-space.min = 0MB (=0) (default)
2024-01-25 07:58:06,505 [s1-impl-thread1] INFO  server.RaftServerConfigKeys (ConfUtils.java:logGet(46)) - raft.server.log.corruption.policy = EXCEPTION (default)
2024-01-25 07:58:06,505 [s1-impl-thread1] INFO  server.RaftServerConfigKeys (ConfUtils.java:logGet(46)) - raft.server.storage.dir = [/home/runner/work/ratis/ratis/ratis-test/target/test/data/d3464635/MiniRaftClusterWithGrpc801275d3/s1] (custom)
2024-01-25 07:58:06,505 [s1-impl-thread1] INFO  storage.RaftStorageDirectory (RaftStorageDirectoryImpl.java:analyzeStorage(138)) - The storage directory /home/runner/work/ratis/ratis/ratis-test/target/test/data/d3464635/MiniRaftClusterWithGrpc801275d3/s1/a3a6cbcd-89a5-4fc7-bd4b-76e74fc0e99e does not exist. Creating ...
2024-01-25 07:58:06,505 [s1-impl-thread1] TRACE util.FileUtils (LogUtils.java:runAndLog(49)) - Successfully ran Files.createDirectories /home/runner/work/ratis/ratis/ratis-test/target/test/data/d3464635/MiniRaftClusterWithGrpc801275d3/s1/a3a6cbcd-89a5-4fc7-bd4b-76e74fc0e99e
2024-01-25 07:58:06,506 [s1-impl-thread1] INFO  storage.RaftStorageDirectory (RaftStorageDirectoryImpl.java:tryLock(228)) - Lock on /home/runner/work/ratis/ratis/ratis-test/target/test/data/d3464635/MiniRaftClusterWithGrpc801275d3/s1/a3a6cbcd-89a5-4fc7-bd4b-76e74fc0e99e/in_use.lock acquired by nodename 21818@fv-az1458-491
2024-01-25 07:58:06,506 [s1-impl-thread1] TRACE util.FileUtils (LogUtils.java:runAndLog(49)) - Successfully ran Files.createDirectories /home/runner/work/ratis/ratis/ratis-test/target/test/data/d3464635/MiniRaftClusterWithGrpc801275d3/s1/a3a6cbcd-89a5-4fc7-bd4b-76e74fc0e99e/current
2024-01-25 07:58:06,506 [s1-impl-thread1] TRACE util.FileUtils (LogUtils.java:runAndLog(49)) - Successfully ran Files.createDirectories /home/runner/work/ratis/ratis/ratis-test/target/test/data/d3464635/MiniRaftClusterWithGrpc801275d3/s1/a3a6cbcd-89a5-4fc7-bd4b-76e74fc0e99e/sm
2024-01-25 07:58:06,507 [s1-impl-thread1] TRACE util.FileUtils (LogUtils.java:supplyAndLog(69)) - Successfully supplied FileChannel.open /home/runner/work/ratis/ratis/ratis-test/target/test/data/d3464635/MiniRaftClusterWithGrpc801275d3/s1/a3a6cbcd-89a5-4fc7-bd4b-76e74fc0e99e/current/raft-meta.tmp with options [CREATE, WRITE]: sun.nio.ch.FileChannelImpl@6c93d714
2024-01-25 07:58:06,507 [s1-impl-thread1] TRACE util.FileUtils (LogUtils.java:runAndLog(49)) - Successfully ran Atomic Files.move /home/runner/work/ratis/ratis/ratis-test/target/test/data/d3464635/MiniRaftClusterWithGrpc801275d3/s1/a3a6cbcd-89a5-4fc7-bd4b-76e74fc0e99e/current/raft-meta.tmp to /home/runner/work/ratis/ratis/ratis-test/target/test/data/d3464635/MiniRaftClusterWithGrpc801275d3/s1/a3a6cbcd-89a5-4fc7-bd4b-76e74fc0e99e/current/raft-meta with options [REPLACE_EXISTING]
2024-01-25 07:58:06,507 [s1-impl-thread1] INFO  storage.RaftStorage (RaftStorageImpl.java:format(99)) - Storage directory /home/runner/work/ratis/ratis/ratis-test/target/test/data/d3464635/MiniRaftClusterWithGrpc801275d3/s1/a3a6cbcd-89a5-4fc7-bd4b-76e74fc0e99e has been successfully formatted.
2024-01-25 07:58:06,508 [s1-impl-thread1] TRACE util.FileUtils (LogUtils.java:supplyAndLog(61)) - Failed to Files.newInputStream /home/runner/work/ratis/ratis/ratis-test/target/test/data/d3464635/MiniRaftClusterWithGrpc801275d3/s1/a3a6cbcd-89a5-4fc7-bd4b-76e74fc0e99e/current/raft-meta.conf with options []
java.nio.file.NoSuchFileException: /home/runner/work/ratis/ratis/ratis-test/target/test/data/d3464635/MiniRaftClusterWithGrpc801275d3/s1/a3a6cbcd-89a5-4fc7-bd4b-76e74fc0e99e/current/raft-meta.conf
	at sun.nio.fs.UnixException.translateToIOException(UnixException.java:86)
	at sun.nio.fs.UnixException.rethrowAsIOException(UnixException.java:102)
	at sun.nio.fs.UnixException.rethrowAsIOException(UnixException.java:107)
	at sun.nio.fs.UnixFileSystemProvider.newByteChannel(UnixFileSystemProvider.java:214)
	at java.nio.file.Files.newByteChannel(Files.java:361)
	at java.nio.file.Files.newByteChannel(Files.java:407)
	at java.nio.file.spi.FileSystemProvider.newInputStream(FileSystemProvider.java:384)
	at java.nio.file.Files.newInputStream(Files.java:152)
	at org.apache.ratis.util.FileUtils.lambda$newInputStream$2(FileUtils.java:73)
	at org.apache.ratis.util.LogUtils.supplyAndLog(LogUtils.java:58)
	at org.apache.ratis.util.FileUtils.newInputStream(FileUtils.java:72)
	at org.apache.ratis.util.FileUtils.newInputStream(FileUtils.java:68)
	at org.apache.ratis.server.storage.RaftStorageImpl.readRaftConfiguration(RaftStorageImpl.java:156)
	at org.apache.ratis.server.impl.ServerState.initialize(ServerState.java:141)
	at org.apache.ratis.server.impl.RaftServerImpl.start(RaftServerImpl.java:342)
	at org.apache.ratis.util.ConcurrentUtils.accept(ConcurrentUtils.java:203)
	at org.apache.ratis.util.ConcurrentUtils.lambda$null$4(ConcurrentUtils.java:182)
	at java.util.concurrent.ThreadPoolExecutor.runWorker(ThreadPoolExecutor.java:1149)
	at java.util.concurrent.ThreadPoolExecutor$Worker.run(ThreadPoolExecutor.java:624)
	at java.lang.Thread.run(Thread.java:750)
2024-01-25 07:58:06,508 [s1-impl-thread1] INFO  impl.SimpleStateMachine4Testing (SimpleStateMachine4Testing.java:initialize(213)) - Initializing SimpleStateMachine4Testing:uninitialized
2024-01-25 07:58:06,508 [s1-impl-thread1] INFO  impl.SimpleStateMachine4Testing (SimpleStateMachine4Testing.java:loadSnapshot(296)) - Loading snapshot null
2024-01-25 07:58:06,508 [s1-impl-thread1] INFO  server.RaftServerConfigKeys (ConfUtils.java:logGet(46)) - raft.server.log.use.memory = false (default)
2024-01-25 07:58:06,508 [s1-impl-thread1] INFO  server.RaftServerConfigKeys (ConfUtils.java:logGet(46)) - raft.server.log.purge.gap = 1024 (default)
2024-01-25 07:58:06,509 [s1-impl-thread1] INFO  server.RaftServerConfigKeys (ConfUtils.java:logGet(46)) - raft.server.log.appender.buffer.byte-limit = 4MB (=4194304) (default)
2024-01-25 07:58:06,509 [s1-impl-thread1] INFO  server.RaftServerConfigKeys (ConfUtils.java:logGet(46)) - raft.server.log.statemachine.data.read.timeout = 1000ms (default)
2024-01-25 07:58:06,509 [s1-impl-thread1] INFO  server.RaftServerConfigKeys (ConfUtils.java:logGet(46)) - raft.server.log.purge.preservation.log.num = 0 (default)
2024-01-25 07:58:06,510 [s1-impl-thread1] INFO  server.RaftServerConfigKeys (ConfUtils.java:logGet(46)) - raft.server.log.segment.size.max = 32MB (=33554432) (default)
2024-01-25 07:58:06,510 [s1-impl-thread1] INFO  server.RaftServerConfigKeys (ConfUtils.java:logGet(46)) - raft.server.log.segment.cache.num.max = 6 (default)
2024-01-25 07:58:06,510 [s1-impl-thread1] INFO  server.RaftServerConfigKeys (ConfUtils.java:logGet(46)) - raft.server.log.segment.cache.size.max = 200MB (=209715200) (default)
2024-01-25 07:58:06,510 [s1-impl-thread1] INFO  server.RaftServerConfigKeys (ConfUtils.java:logGet(46)) - raft.server.log.appender.buffer.byte-limit = 4MB (=4194304) (default)
2024-01-25 07:58:06,510 [s1-impl-thread1] INFO  util.AwaitToRun (AwaitToRun.java:start(81)) - Thread[s1@group-76E74FC0E99E-cacheEviction-AwaitToRun,5,main] started
2024-01-25 07:58:06,510 [s1-impl-thread1] INFO  segmented.SegmentedRaftLogWorker (SegmentedRaftLogWorker.java:<init>(182)) - new s1@group-76E74FC0E99E-SegmentedRaftLogWorker for RaftStorageImpl:Storage Directory /home/runner/work/ratis/ratis/ratis-test/target/test/data/d3464635/MiniRaftClusterWithGrpc801275d3/s1/a3a6cbcd-89a5-4fc7-bd4b-76e74fc0e99e
2024-01-25 07:58:06,510 [s1-impl-thread1] INFO  server.RaftServerConfigKeys (ConfUtils.java:logGet(46)) - raft.server.log.queue.byte-limit = 64MB (=67108864) (default)
2024-01-25 07:58:06,510 [s1-impl-thread1] INFO  server.RaftServerConfigKeys (ConfUtils.java:logGet(46)) - raft.server.log.queue.element-limit = 4096 (default)
2024-01-25 07:58:06,511 [s1-impl-thread1] INFO  server.RaftServerConfigKeys (ConfUtils.java:logGet(46)) - raft.server.log.segment.size.max = 32MB (=33554432) (default)
2024-01-25 07:58:06,511 [s1-impl-thread1] INFO  server.RaftServerConfigKeys (ConfUtils.java:logGet(46)) - raft.server.log.preallocated.size = 4MB (=4194304) (default)
2024-01-25 07:58:06,511 [s1-impl-thread1] INFO  server.RaftServerConfigKeys (ConfUtils.java:logGet(46)) - raft.server.log.force.sync.num = 128 (default)
2024-01-25 07:58:06,511 [s1-impl-thread1] INFO  server.RaftServerConfigKeys (ConfUtils.java:logGet(46)) - raft.server.log.statemachine.data.sync = true (default)
2024-01-25 07:58:06,511 [s1-impl-thread1] INFO  server.RaftServerConfigKeys (ConfUtils.java:logGet(46)) - raft.server.log.statemachine.data.sync.timeout = 10s (default)
2024-01-25 07:58:06,511 [s1-impl-thread1] INFO  server.RaftServerConfigKeys (ConfUtils.java:logGet(46)) - raft.server.log.statemachine.data.sync.timeout.retry = -1 (default)
2024-01-25 07:58:06,511 [s1-impl-thread1] INFO  server.RaftServerConfigKeys (ConfUtils.java:logGet(46)) - raft.server.log.write.buffer.size = 8MB (=8388608) (default)
2024-01-25 07:58:06,513 [s1-impl-thread1] INFO  server.RaftServerConfigKeys (ConfUtils.java:logGet(46)) - raft.server.log.appender.buffer.byte-limit = 4MB (=4194304) (default)
2024-01-25 07:58:06,513 [s1-impl-thread1] INFO  server.RaftServerConfigKeys (ConfUtils.java:logGet(46)) - raft.server.log.unsafe-flush.enabled = false (default)
2024-01-25 07:58:06,513 [s1-impl-thread1] INFO  server.RaftServerConfigKeys (ConfUtils.java:logGet(46)) - raft.server.log.async-flush.enabled = false (default)
2024-01-25 07:58:06,514 [s1-impl-thread1] INFO  server.RaftServerConfigKeys (ConfUtils.java:logGet(46)) - raft.server.log.statemachine.data.caching.enabled = false (default)
2024-01-25 07:58:06,514 [s1-impl-thread1] INFO  segmented.SegmentedRaftLogWorker (SegmentedRaftLogWorker.java:lambda$new$0(134)) - s1@group-76E74FC0E99E-SegmentedRaftLogWorker: flushIndex: setUnconditionally 0 -> -1
2024-01-25 07:58:06,514 [s1-impl-thread1] INFO  segmented.SegmentedRaftLogWorker (SegmentedRaftLogWorker.java:lambda$new$0(134)) - s1@group-76E74FC0E99E-SegmentedRaftLogWorker: safeCacheEvictIndex: setUnconditionally 0 -> -1
2024-01-25 07:58:06,514 [s1-impl-thread1] INFO  server.RaftServer$Division (RaftServerImpl.java:start(346)) - s1@group-76E74FC0E99E: start as a follower, conf=-1: peers:[s0|localhost:15012, s1|localhost:15016, s2|localhost:15020]|listeners:[], old=null
2024-01-25 07:58:06,514 [s1-impl-thread1] INFO  server.RaftServer$Division (RaftServerImpl.java:setRole(333)) - s1@group-76E74FC0E99E: changes role from      null to FOLLOWER at term 0 for startAsFollower
2024-01-25 07:58:06,514 [s1-impl-thread1] INFO  impl.RoleInfo (RoleInfo.java:updateAndGet(140)) - s1: start s1@group-76E74FC0E99E-FollowerState
2024-01-25 07:58:06,514 [s1-impl-thread1] INFO  util.JmxRegister (JmxRegister.java:tryRegister(44)) - Successfully registered JMX Bean with object name Ratis:service=RaftServer,group=group-76E74FC0E99E,id=s1
2024-01-25 07:58:06,514 [s1-impl-thread1] INFO  util.JmxRegister (JmxRegister.java:register(58)) - register mxBean class org.apache.ratis.server.impl.RaftServerJmxAdapter as Ratis:service=RaftServer,group=group-76E74FC0E99E,id=s1
2024-01-25 07:58:06,515 [s1-impl-thread1] INFO  server.RaftServerConfigKeys (ConfUtils.java:logGet(46)) - raft.server.snapshot.trigger-when-stop.enabled = true (default)
2024-01-25 07:58:06,515 [s1-impl-thread1] INFO  server.RaftServerConfigKeys (ConfUtils.java:logGet(46)) - raft.server.snapshot.auto.trigger.enabled = false (default)
2024-01-25 07:58:06,515 [s1-impl-thread1] INFO  server.RaftServerConfigKeys (ConfUtils.java:logGet(46)) - raft.server.snapshot.retention.file.num = -1 (default)
2024-01-25 07:58:06,515 [s1@group-76E74FC0E99E-FollowerState] INFO  server.RaftServerConfigKeys (ConfUtils.java:logFallback(53)) - raft.server.rpc.first-election.timeout.min = 150ms (fallback to raft.server.rpc.timeout.min)
2024-01-25 07:58:06,515 [s1-impl-thread1] INFO  server.RaftServerConfigKeys (ConfUtils.java:logGet(46)) - raft.server.log.purge.upto.snapshot.index = false (default)
2024-01-25 07:58:06,515 [s1@group-76E74FC0E99E-FollowerState] INFO  server.RaftServerConfigKeys (ConfUtils.java:logFallback(53)) - raft.server.rpc.first-election.timeout.max = 300ms (fallback to raft.server.rpc.timeout.max)
2024-01-25 07:58:06,515 [Time-limited test] INFO  server.RaftServer (RaftServerProxy.java:startImpl(407)) - s1: start RPC server
2024-01-25 07:58:06,516 [Time-limited test] INFO  server.GrpcService (GrpcService.java:startImpl(308)) - s1: GrpcService started, listening on 15018
2024-01-25 07:58:06,517 [Time-limited test] INFO  server.GrpcService (GrpcService.java:startImpl(308)) - s1: GrpcService started, listening on 15016
2024-01-25 07:58:06,518 [Time-limited test] INFO  server.GrpcService (GrpcService.java:startImpl(308)) - s1: GrpcService started, listening on 15017
2024-01-25 07:58:06,518 [JvmPauseMonitor4] INFO  util.JvmPauseMonitor (JvmPauseMonitor.java:run(146)) - JvmPauseMonitor-s1: Started
2024-01-25 07:58:06,518 [s2-impl-thread1] INFO  server.RaftServerConfigKeys (ConfUtils.java:logGet(46)) - raft.server.storage.free-space.min = 0MB (=0) (default)
2024-01-25 07:58:06,518 [s2-impl-thread1] INFO  server.RaftServerConfigKeys (ConfUtils.java:logGet(46)) - raft.server.log.corruption.policy = EXCEPTION (default)
2024-01-25 07:58:06,518 [s2-impl-thread1] INFO  server.RaftServerConfigKeys (ConfUtils.java:logGet(46)) - raft.server.storage.dir = [/home/runner/work/ratis/ratis/ratis-test/target/test/data/d3464635/MiniRaftClusterWithGrpc801275d3/s2] (custom)
2024-01-25 07:58:06,518 [s2-impl-thread1] INFO  storage.RaftStorageDirectory (RaftStorageDirectoryImpl.java:analyzeStorage(138)) - The storage directory /home/runner/work/ratis/ratis/ratis-test/target/test/data/d3464635/MiniRaftClusterWithGrpc801275d3/s2/a3a6cbcd-89a5-4fc7-bd4b-76e74fc0e99e does not exist. Creating ...
2024-01-25 07:58:06,519 [s2-impl-thread1] TRACE util.FileUtils (LogUtils.java:runAndLog(49)) - Successfully ran Files.createDirectories /home/runner/work/ratis/ratis/ratis-test/target/test/data/d3464635/MiniRaftClusterWithGrpc801275d3/s2/a3a6cbcd-89a5-4fc7-bd4b-76e74fc0e99e
2024-01-25 07:58:06,523 [s2-impl-thread1] INFO  storage.RaftStorageDirectory (RaftStorageDirectoryImpl.java:tryLock(228)) - Lock on /home/runner/work/ratis/ratis/ratis-test/target/test/data/d3464635/MiniRaftClusterWithGrpc801275d3/s2/a3a6cbcd-89a5-4fc7-bd4b-76e74fc0e99e/in_use.lock acquired by nodename 21818@fv-az1458-491
2024-01-25 07:58:06,523 [s2-impl-thread1] TRACE util.FileUtils (LogUtils.java:runAndLog(49)) - Successfully ran Files.createDirectories /home/runner/work/ratis/ratis/ratis-test/target/test/data/d3464635/MiniRaftClusterWithGrpc801275d3/s2/a3a6cbcd-89a5-4fc7-bd4b-76e74fc0e99e/current
2024-01-25 07:58:06,523 [s2-impl-thread1] TRACE util.FileUtils (LogUtils.java:runAndLog(49)) - Successfully ran Files.createDirectories /home/runner/work/ratis/ratis/ratis-test/target/test/data/d3464635/MiniRaftClusterWithGrpc801275d3/s2/a3a6cbcd-89a5-4fc7-bd4b-76e74fc0e99e/sm
2024-01-25 07:58:06,523 [s2-impl-thread1] TRACE util.FileUtils (LogUtils.java:supplyAndLog(69)) - Successfully supplied FileChannel.open /home/runner/work/ratis/ratis/ratis-test/target/test/data/d3464635/MiniRaftClusterWithGrpc801275d3/s2/a3a6cbcd-89a5-4fc7-bd4b-76e74fc0e99e/current/raft-meta.tmp with options [CREATE, WRITE]: sun.nio.ch.FileChannelImpl@577ecf25
2024-01-25 07:58:06,524 [s2-impl-thread1] TRACE util.FileUtils (LogUtils.java:runAndLog(49)) - Successfully ran Atomic Files.move /home/runner/work/ratis/ratis/ratis-test/target/test/data/d3464635/MiniRaftClusterWithGrpc801275d3/s2/a3a6cbcd-89a5-4fc7-bd4b-76e74fc0e99e/current/raft-meta.tmp to /home/runner/work/ratis/ratis/ratis-test/target/test/data/d3464635/MiniRaftClusterWithGrpc801275d3/s2/a3a6cbcd-89a5-4fc7-bd4b-76e74fc0e99e/current/raft-meta with options [REPLACE_EXISTING]
2024-01-25 07:58:06,524 [s2-impl-thread1] INFO  storage.RaftStorage (RaftStorageImpl.java:format(99)) - Storage directory /home/runner/work/ratis/ratis/ratis-test/target/test/data/d3464635/MiniRaftClusterWithGrpc801275d3/s2/a3a6cbcd-89a5-4fc7-bd4b-76e74fc0e99e has been successfully formatted.
2024-01-25 07:58:06,524 [s2-impl-thread1] TRACE util.FileUtils (LogUtils.java:supplyAndLog(61)) - Failed to Files.newInputStream /home/runner/work/ratis/ratis/ratis-test/target/test/data/d3464635/MiniRaftClusterWithGrpc801275d3/s2/a3a6cbcd-89a5-4fc7-bd4b-76e74fc0e99e/current/raft-meta.conf with options []
java.nio.file.NoSuchFileException: /home/runner/work/ratis/ratis/ratis-test/target/test/data/d3464635/MiniRaftClusterWithGrpc801275d3/s2/a3a6cbcd-89a5-4fc7-bd4b-76e74fc0e99e/current/raft-meta.conf
	at sun.nio.fs.UnixException.translateToIOException(UnixException.java:86)
	at sun.nio.fs.UnixException.rethrowAsIOException(UnixException.java:102)
	at sun.nio.fs.UnixException.rethrowAsIOException(UnixException.java:107)
	at sun.nio.fs.UnixFileSystemProvider.newByteChannel(UnixFileSystemProvider.java:214)
	at java.nio.file.Files.newByteChannel(Files.java:361)
	at java.nio.file.Files.newByteChannel(Files.java:407)
	at java.nio.file.spi.FileSystemProvider.newInputStream(FileSystemProvider.java:384)
	at java.nio.file.Files.newInputStream(Files.java:152)
	at org.apache.ratis.util.FileUtils.lambda$newInputStream$2(FileUtils.java:73)
	at org.apache.ratis.util.LogUtils.supplyAndLog(LogUtils.java:58)
	at org.apache.ratis.util.FileUtils.newInputStream(FileUtils.java:72)
	at org.apache.ratis.util.FileUtils.newInputStream(FileUtils.java:68)
	at org.apache.ratis.server.storage.RaftStorageImpl.readRaftConfiguration(RaftStorageImpl.java:156)
	at org.apache.ratis.server.impl.ServerState.initialize(ServerState.java:141)
	at org.apache.ratis.server.impl.RaftServerImpl.start(RaftServerImpl.java:342)
	at org.apache.ratis.util.ConcurrentUtils.accept(ConcurrentUtils.java:203)
	at org.apache.ratis.util.ConcurrentUtils.lambda$null$4(ConcurrentUtils.java:182)
	at java.util.concurrent.ThreadPoolExecutor.runWorker(ThreadPoolExecutor.java:1149)
	at java.util.concurrent.ThreadPoolExecutor$Worker.run(ThreadPoolExecutor.java:624)
	at java.lang.Thread.run(Thread.java:750)
2024-01-25 07:58:06,524 [s2-impl-thread1] INFO  impl.SimpleStateMachine4Testing (SimpleStateMachine4Testing.java:initialize(213)) - Initializing SimpleStateMachine4Testing:uninitialized
2024-01-25 07:58:06,524 [s2-impl-thread1] INFO  impl.SimpleStateMachine4Testing (SimpleStateMachine4Testing.java:loadSnapshot(296)) - Loading snapshot null
2024-01-25 07:58:06,524 [s2-impl-thread1] INFO  server.RaftServerConfigKeys (ConfUtils.java:logGet(46)) - raft.server.log.use.memory = false (default)
2024-01-25 07:58:06,524 [s2-impl-thread1] INFO  server.RaftServerConfigKeys (ConfUtils.java:logGet(46)) - raft.server.log.purge.gap = 1024 (default)
2024-01-25 07:58:06,524 [s2-impl-thread1] INFO  server.RaftServerConfigKeys (ConfUtils.java:logGet(46)) - raft.server.log.appender.buffer.byte-limit = 4MB (=4194304) (default)
2024-01-25 07:58:06,524 [s2-impl-thread1] INFO  server.RaftServerConfigKeys (ConfUtils.java:logGet(46)) - raft.server.log.statemachine.data.read.timeout = 1000ms (default)
2024-01-25 07:58:06,525 [s2-impl-thread1] INFO  server.RaftServerConfigKeys (ConfUtils.java:logGet(46)) - raft.server.log.purge.preservation.log.num = 0 (default)
2024-01-25 07:58:06,525 [s2-impl-thread1] INFO  server.RaftServerConfigKeys (ConfUtils.java:logGet(46)) - raft.server.log.segment.size.max = 32MB (=33554432) (default)
2024-01-25 07:58:06,525 [s2-impl-thread1] INFO  server.RaftServerConfigKeys (ConfUtils.java:logGet(46)) - raft.server.log.segment.cache.num.max = 6 (default)
2024-01-25 07:58:06,525 [s2-impl-thread1] INFO  server.RaftServerConfigKeys (ConfUtils.java:logGet(46)) - raft.server.log.segment.cache.size.max = 200MB (=209715200) (default)
2024-01-25 07:58:06,525 [s2-impl-thread1] INFO  server.RaftServerConfigKeys (ConfUtils.java:logGet(46)) - raft.server.log.appender.buffer.byte-limit = 4MB (=4194304) (default)
2024-01-25 07:58:06,526 [s2-impl-thread1] INFO  util.AwaitToRun (AwaitToRun.java:start(81)) - Thread[s2@group-76E74FC0E99E-cacheEviction-AwaitToRun,5,main] started
2024-01-25 07:58:06,526 [s2-impl-thread1] INFO  segmented.SegmentedRaftLogWorker (SegmentedRaftLogWorker.java:<init>(182)) - new s2@group-76E74FC0E99E-SegmentedRaftLogWorker for RaftStorageImpl:Storage Directory /home/runner/work/ratis/ratis/ratis-test/target/test/data/d3464635/MiniRaftClusterWithGrpc801275d3/s2/a3a6cbcd-89a5-4fc7-bd4b-76e74fc0e99e
2024-01-25 07:58:06,526 [s2-impl-thread1] INFO  server.RaftServerConfigKeys (ConfUtils.java:logGet(46)) - raft.server.log.queue.byte-limit = 64MB (=67108864) (default)
2024-01-25 07:58:06,526 [s2-impl-thread1] INFO  server.RaftServerConfigKeys (ConfUtils.java:logGet(46)) - raft.server.log.queue.element-limit = 4096 (default)
2024-01-25 07:58:06,526 [s2-impl-thread1] INFO  server.RaftServerConfigKeys (ConfUtils.java:logGet(46)) - raft.server.log.segment.size.max = 32MB (=33554432) (default)
2024-01-25 07:58:06,526 [s2-impl-thread1] INFO  server.RaftServerConfigKeys (ConfUtils.java:logGet(46)) - raft.server.log.preallocated.size = 4MB (=4194304) (default)
2024-01-25 07:58:06,526 [s2-impl-thread1] INFO  server.RaftServerConfigKeys (ConfUtils.java:logGet(46)) - raft.server.log.force.sync.num = 128 (default)
2024-01-25 07:58:06,526 [s2-impl-thread1] INFO  server.RaftServerConfigKeys (ConfUtils.java:logGet(46)) - raft.server.log.statemachine.data.sync = true (default)
2024-01-25 07:58:06,526 [s2-impl-thread1] INFO  server.RaftServerConfigKeys (ConfUtils.java:logGet(46)) - raft.server.log.statemachine.data.sync.timeout = 10s (default)
2024-01-25 07:58:06,526 [s2-impl-thread1] INFO  server.RaftServerConfigKeys (ConfUtils.java:logGet(46)) - raft.server.log.statemachine.data.sync.timeout.retry = -1 (default)
2024-01-25 07:58:06,526 [s2-impl-thread1] INFO  server.RaftServerConfigKeys (ConfUtils.java:logGet(46)) - raft.server.log.write.buffer.size = 8MB (=8388608) (default)
2024-01-25 07:58:06,528 [s2-impl-thread1] INFO  server.RaftServerConfigKeys (ConfUtils.java:logGet(46)) - raft.server.log.appender.buffer.byte-limit = 4MB (=4194304) (default)
2024-01-25 07:58:06,528 [s2-impl-thread1] INFO  server.RaftServerConfigKeys (ConfUtils.java:logGet(46)) - raft.server.log.unsafe-flush.enabled = false (default)
2024-01-25 07:58:06,528 [s2-impl-thread1] INFO  server.RaftServerConfigKeys (ConfUtils.java:logGet(46)) - raft.server.log.async-flush.enabled = false (default)
2024-01-25 07:58:06,528 [s2-impl-thread1] INFO  server.RaftServerConfigKeys (ConfUtils.java:logGet(46)) - raft.server.log.statemachine.data.caching.enabled = false (default)
2024-01-25 07:58:06,528 [s2-impl-thread1] INFO  segmented.SegmentedRaftLogWorker (SegmentedRaftLogWorker.java:lambda$new$0(134)) - s2@group-76E74FC0E99E-SegmentedRaftLogWorker: flushIndex: setUnconditionally 0 -> -1
2024-01-25 07:58:06,528 [s2-impl-thread1] INFO  segmented.SegmentedRaftLogWorker (SegmentedRaftLogWorker.java:lambda$new$0(134)) - s2@group-76E74FC0E99E-SegmentedRaftLogWorker: safeCacheEvictIndex: setUnconditionally 0 -> -1
2024-01-25 07:58:06,528 [s2-impl-thread1] INFO  server.RaftServer$Division (RaftServerImpl.java:start(346)) - s2@group-76E74FC0E99E: start as a follower, conf=-1: peers:[s0|localhost:15012, s1|localhost:15016, s2|localhost:15020]|listeners:[], old=null
2024-01-25 07:58:06,528 [s2-impl-thread1] INFO  server.RaftServer$Division (RaftServerImpl.java:setRole(333)) - s2@group-76E74FC0E99E: changes role from      null to FOLLOWER at term 0 for startAsFollower
2024-01-25 07:58:06,528 [s2-impl-thread1] INFO  impl.RoleInfo (RoleInfo.java:updateAndGet(140)) - s2: start s2@group-76E74FC0E99E-FollowerState
2024-01-25 07:58:06,528 [s2@group-76E74FC0E99E-FollowerState] INFO  server.RaftServerConfigKeys (ConfUtils.java:logFallback(53)) - raft.server.rpc.first-election.timeout.min = 150ms (fallback to raft.server.rpc.timeout.min)
2024-01-25 07:58:06,528 [s2-impl-thread1] INFO  util.JmxRegister (JmxRegister.java:tryRegister(44)) - Successfully registered JMX Bean with object name Ratis:service=RaftServer,group=group-76E74FC0E99E,id=s2
2024-01-25 07:58:06,528 [s2-impl-thread1] INFO  util.JmxRegister (JmxRegister.java:register(58)) - register mxBean class org.apache.ratis.server.impl.RaftServerJmxAdapter as Ratis:service=RaftServer,group=group-76E74FC0E99E,id=s2
2024-01-25 07:58:06,528 [s2@group-76E74FC0E99E-FollowerState] INFO  server.RaftServerConfigKeys (ConfUtils.java:logFallback(53)) - raft.server.rpc.first-election.timeout.max = 300ms (fallback to raft.server.rpc.timeout.max)
2024-01-25 07:58:06,528 [s2-impl-thread1] INFO  server.RaftServerConfigKeys (ConfUtils.java:logGet(46)) - raft.server.snapshot.trigger-when-stop.enabled = true (default)
2024-01-25 07:58:06,528 [s2-impl-thread1] INFO  server.RaftServerConfigKeys (ConfUtils.java:logGet(46)) - raft.server.snapshot.auto.trigger.enabled = false (default)
2024-01-25 07:58:06,528 [s2-impl-thread1] INFO  server.RaftServerConfigKeys (ConfUtils.java:logGet(46)) - raft.server.snapshot.retention.file.num = -1 (default)
2024-01-25 07:58:06,528 [s2-impl-thread1] INFO  server.RaftServerConfigKeys (ConfUtils.java:logGet(46)) - raft.server.log.purge.upto.snapshot.index = false (default)
2024-01-25 07:58:06,529 [Time-limited test] INFO  server.RaftServer (RaftServerProxy.java:startImpl(407)) - s2: start RPC server
2024-01-25 07:58:06,530 [Time-limited test] INFO  server.GrpcService (GrpcService.java:startImpl(308)) - s2: GrpcService started, listening on 15022
2024-01-25 07:58:06,531 [Time-limited test] INFO  server.GrpcService (GrpcService.java:startImpl(308)) - s2: GrpcService started, listening on 15020
2024-01-25 07:58:06,531 [Time-limited test] INFO  server.GrpcService (GrpcService.java:startImpl(308)) - s2: GrpcService started, listening on 15021
2024-01-25 07:58:06,531 [JvmPauseMonitor5] INFO  util.JvmPauseMonitor (JvmPauseMonitor.java:run(146)) - JvmPauseMonitor-s2: Started
2024-01-25 07:58:06,532 [Time-limited test] INFO  server.RaftServerConfigKeys (ConfUtils.java:logGet(46)) - raft.server.rpc.timeout.max = 300ms (default)
2024-01-25 07:58:06,532 [Time-limited test] INFO  ratis.RaftTestUtil (RaftTestUtil.java:waitForLeader(101)) - printing ALL groups
  s0:  RUNNING  FOLLOWER s0@group-76E74FC0E99E:t0, leader=null, voted=, raftlog=Memoized:s0@group-76E74FC0E99E-SegmentedRaftLog:OPENED:c-1, conf=-1: peers:[s0|localhost:15012, s1|localhost:15016, s2|localhost:15020]|listeners:[], old=null RUNNING
  s1:  RUNNING  FOLLOWER s1@group-76E74FC0E99E:t0, leader=null, voted=, raftlog=Memoized:s1@group-76E74FC0E99E-SegmentedRaftLog:OPENED:c-1, conf=-1: peers:[s0|localhost:15012, s1|localhost:15016, s2|localhost:15020]|listeners:[], old=null RUNNING
  s2:  RUNNING  FOLLOWER s2@group-76E74FC0E99E:t0, leader=null, voted=, raftlog=Memoized:s2@group-76E74FC0E99E-SegmentedRaftLog:OPENED:c-1, conf=-1: peers:[s0|localhost:15012, s1|localhost:15016, s2|localhost:15020]|listeners:[], old=null RUNNING
2024-01-25 07:58:06,532 [Time-limited test] WARN  ratis.RaftTestUtil (RaftTestUtil.java:lambda$waitForLeader$3(120)) - Attempt #1 failed: java.lang.IllegalStateException: No leader yet : printing ALL groups
  s0:  RUNNING  FOLLOWER s0@group-76E74FC0E99E:t0, leader=null, voted=, raftlog=Memoized:s0@group-76E74FC0E99E-SegmentedRaftLog:OPENED:c-1, conf=-1: peers:[s0|localhost:15012, s1|localhost:15016, s2|localhost:15020]|listeners:[], old=null RUNNING
  s1:  RUNNING  FOLLOWER s1@group-76E74FC0E99E:t0, leader=null, voted=, raftlog=Memoized:s1@group-76E74FC0E99E-SegmentedRaftLog:OPENED:c-1, conf=-1: peers:[s0|localhost:15012, s1|localhost:15016, s2|localhost:15020]|listeners:[], old=null RUNNING
  s2:  RUNNING  FOLLOWER s2@group-76E74FC0E99E:t0, leader=null, voted=, raftlog=Memoized:s2@group-76E74FC0E99E-SegmentedRaftLog:OPENED:c-1, conf=-1: peers:[s0|localhost:15012, s1|localhost:15016, s2|localhost:15020]|listeners:[], old=null RUNNING
2024-01-25 07:58:06,713 [s1@group-76E74FC0E99E-FollowerState] INFO  impl.FollowerState (FollowerState.java:run(143)) - s1@group-76E74FC0E99E-FollowerState: change to CANDIDATE, lastRpcElapsedTime:198884752ns, electionTimeout:198ms
2024-01-25 07:58:06,713 [s1@group-76E74FC0E99E-FollowerState] INFO  impl.RoleInfo (RoleInfo.java:shutdownFollowerState(111)) - s1: shutdown s1@group-76E74FC0E99E-FollowerState
2024-01-25 07:58:06,713 [s1@group-76E74FC0E99E-FollowerState] INFO  server.RaftServer$Division (RaftServerImpl.java:setRole(333)) - s1@group-76E74FC0E99E: changes role from  FOLLOWER to CANDIDATE at term 0 for changeToCandidate
2024-01-25 07:58:06,714 [s1@group-76E74FC0E99E-FollowerState] INFO  server.RaftServerConfigKeys (ConfUtils.java:logGet(46)) - raft.server.leaderelection.pre-vote = true (default)
2024-01-25 07:58:06,714 [s1@group-76E74FC0E99E-FollowerState] INFO  impl.RoleInfo (RoleInfo.java:updateAndGet(140)) - s1: start s1@group-76E74FC0E99E-LeaderElection7
2024-01-25 07:58:06,714 [s1@group-76E74FC0E99E-LeaderElection7] INFO  impl.LeaderElection (LeaderElection.java:askForVotes(321)) - s1@group-76E74FC0E99E-LeaderElection7 PRE_VOTE round 0: submit vote requests at term 0 for -1: peers:[s0|localhost:15012, s1|localhost:15016, s2|localhost:15020]|listeners:[], old=null
2024-01-25 07:58:06,715 [s1@group-76E74FC0E99E-LeaderElection7-1] INFO  server.GrpcServerProtocolClient (GrpcServerProtocolClient.java:<init>(65)) - Build channel for s0|localhost:15012
2024-01-25 07:58:06,715 [s1@group-76E74FC0E99E-LeaderElection7] INFO  server.RaftServerConfigKeys (ConfUtils.java:logFallback(53)) - raft.server.rpc.first-election.timeout.min = 150ms (fallback to raft.server.rpc.timeout.min)
2024-01-25 07:58:06,715 [s1@group-76E74FC0E99E-LeaderElection7] INFO  server.RaftServerConfigKeys (ConfUtils.java:logFallback(53)) - raft.server.rpc.first-election.timeout.max = 300ms (fallback to raft.server.rpc.timeout.max)
2024-01-25 07:58:06,716 [s1@group-76E74FC0E99E-LeaderElection7-2] INFO  server.GrpcServerProtocolClient (GrpcServerProtocolClient.java:<init>(65)) - Build channel for s2|localhost:15020
2024-01-25 07:58:06,725 [grpc-default-executor-0] INFO  server.RaftServer$Division (RaftServerImpl.java:requestVote(1390)) - s0@group-76E74FC0E99E: receive requestVote(PRE_VOTE, s1, group-76E74FC0E99E, 0, (t:0, i:0))
2024-01-25 07:58:06,725 [grpc-default-executor-0] INFO  impl.VoteContext (VoteContext.java:log(49)) - s0@group-76E74FC0E99E-FOLLOWER: accept PRE_VOTE from s1: our priority 0 <= candidate's priority 0
2024-01-25 07:58:06,725 [grpc-default-executor-0] INFO  server.RaftServer$Division (RaftServerImpl.java:requestVote(1423)) - s0@group-76E74FC0E99E replies to PRE_VOTE vote request: s1<-s0#0:OK-t0. Peer's state: s0@group-76E74FC0E99E:t0, leader=null, voted=, raftlog=Memoized:s0@group-76E74FC0E99E-SegmentedRaftLog:OPENED:c-1, conf=-1: peers:[s0|localhost:15012, s1|localhost:15016, s2|localhost:15020]|listeners:[], old=null
2024-01-25 07:58:06,729 [s1@group-76E74FC0E99E-LeaderElection7] INFO  impl.LeaderElection (LeaderElection.java:logAndReturn(89)) - s1@group-76E74FC0E99E-LeaderElection7: PRE_VOTE PASSED received 1 response(s) and 0 exception(s):
2024-01-25 07:58:06,730 [s1@group-76E74FC0E99E-LeaderElection7] INFO  impl.LeaderElection (LeaderElection.java:logAndReturn(93)) -   Response 0: s1<-s0#0:OK-t0
2024-01-25 07:58:06,730 [s1@group-76E74FC0E99E-LeaderElection7] INFO  impl.LeaderElection (LeaderElection.java:askForVotes(323)) - s1@group-76E74FC0E99E-LeaderElection7 PRE_VOTE round 0: result PASSED
2024-01-25 07:58:06,730 [s1@group-76E74FC0E99E-LeaderElection7] TRACE util.FileUtils (LogUtils.java:supplyAndLog(69)) - Successfully supplied FileChannel.open /home/runner/work/ratis/ratis/ratis-test/target/test/data/d3464635/MiniRaftClusterWithGrpc801275d3/s1/a3a6cbcd-89a5-4fc7-bd4b-76e74fc0e99e/current/raft-meta.tmp with options [CREATE, WRITE]: sun.nio.ch.FileChannelImpl@35cb57d5
2024-01-25 07:58:06,730 [grpc-default-executor-0] INFO  server.RaftServer$Division (RaftServerImpl.java:requestVote(1390)) - s2@group-76E74FC0E99E: receive requestVote(PRE_VOTE, s1, group-76E74FC0E99E, 0, (t:0, i:0))
2024-01-25 07:58:06,730 [grpc-default-executor-0] INFO  impl.VoteContext (VoteContext.java:log(49)) - s2@group-76E74FC0E99E-FOLLOWER: accept PRE_VOTE from s1: our priority 0 <= candidate's priority 0
2024-01-25 07:58:06,730 [grpc-default-executor-0] INFO  server.RaftServer$Division (RaftServerImpl.java:requestVote(1423)) - s2@group-76E74FC0E99E replies to PRE_VOTE vote request: s1<-s2#0:OK-t0. Peer's state: s2@group-76E74FC0E99E:t0, leader=null, voted=, raftlog=Memoized:s2@group-76E74FC0E99E-SegmentedRaftLog:OPENED:c-1, conf=-1: peers:[s0|localhost:15012, s1|localhost:15016, s2|localhost:15020]|listeners:[], old=null
2024-01-25 07:58:06,731 [s1@group-76E74FC0E99E-LeaderElection7] TRACE util.FileUtils (LogUtils.java:runAndLog(49)) - Successfully ran Atomic Files.move /home/runner/work/ratis/ratis/ratis-test/target/test/data/d3464635/MiniRaftClusterWithGrpc801275d3/s1/a3a6cbcd-89a5-4fc7-bd4b-76e74fc0e99e/current/raft-meta.tmp to /home/runner/work/ratis/ratis/ratis-test/target/test/data/d3464635/MiniRaftClusterWithGrpc801275d3/s1/a3a6cbcd-89a5-4fc7-bd4b-76e74fc0e99e/current/raft-meta with options [REPLACE_EXISTING]
2024-01-25 07:58:06,731 [s1@group-76E74FC0E99E-LeaderElection7] INFO  impl.LeaderElection (LeaderElection.java:askForVotes(321)) - s1@group-76E74FC0E99E-LeaderElection7 ELECTION round 0: submit vote requests at term 1 for -1: peers:[s0|localhost:15012, s1|localhost:15016, s2|localhost:15020]|listeners:[], old=null
2024-01-25 07:58:06,732 [s1@group-76E74FC0E99E-LeaderElection7] INFO  server.RaftServerConfigKeys (ConfUtils.java:logFallback(53)) - raft.server.rpc.first-election.timeout.min = 150ms (fallback to raft.server.rpc.timeout.min)
2024-01-25 07:58:06,732 [s1@group-76E74FC0E99E-LeaderElection7] INFO  server.RaftServerConfigKeys (ConfUtils.java:logFallback(53)) - raft.server.rpc.first-election.timeout.max = 300ms (fallback to raft.server.rpc.timeout.max)
2024-01-25 07:58:06,733 [grpc-default-executor-0] INFO  server.RaftServer$Division (RaftServerImpl.java:requestVote(1390)) - s0@group-76E74FC0E99E: receive requestVote(ELECTION, s1, group-76E74FC0E99E, 1, (t:0, i:0))
2024-01-25 07:58:06,733 [grpc-default-executor-0] INFO  impl.VoteContext (VoteContext.java:log(49)) - s0@group-76E74FC0E99E-FOLLOWER: accept ELECTION from s1: our priority 0 <= candidate's priority 0
2024-01-25 07:58:06,733 [grpc-default-executor-0] INFO  server.RaftServer$Division (RaftServerImpl.java:setRole(333)) - s0@group-76E74FC0E99E: changes role from  FOLLOWER to FOLLOWER at term 1 for candidate:s1
2024-01-25 07:58:06,733 [grpc-default-executor-0] INFO  impl.RoleInfo (RoleInfo.java:shutdownFollowerState(111)) - s0: shutdown s0@group-76E74FC0E99E-FollowerState
2024-01-25 07:58:06,733 [s0@group-76E74FC0E99E-FollowerState] INFO  impl.FollowerState (FollowerState.java:run(152)) - s0@group-76E74FC0E99E-FollowerState was interrupted
2024-01-25 07:58:06,734 [grpc-default-executor-0] INFO  impl.RoleInfo (RoleInfo.java:updateAndGet(140)) - s0: start s0@group-76E74FC0E99E-FollowerState
2024-01-25 07:58:06,734 [grpc-default-executor-0] INFO  server.RaftServer$Division (RaftServerImpl.java:setFirstElection(505)) - s0@group-76E74FC0E99E: set firstElectionSinceStartup to false for candidate:s1
2024-01-25 07:58:06,734 [grpc-default-executor-0] TRACE util.FileUtils (LogUtils.java:supplyAndLog(69)) - Successfully supplied FileChannel.open /home/runner/work/ratis/ratis/ratis-test/target/test/data/d3464635/MiniRaftClusterWithGrpc801275d3/s0/a3a6cbcd-89a5-4fc7-bd4b-76e74fc0e99e/current/raft-meta.tmp with options [CREATE, WRITE]: sun.nio.ch.FileChannelImpl@1b2347f8
2024-01-25 07:58:06,734 [grpc-default-executor-1] INFO  server.RaftServer$Division (RaftServerImpl.java:requestVote(1390)) - s2@group-76E74FC0E99E: receive requestVote(ELECTION, s1, group-76E74FC0E99E, 1, (t:0, i:0))
2024-01-25 07:58:06,734 [grpc-default-executor-1] INFO  impl.VoteContext (VoteContext.java:log(49)) - s2@group-76E74FC0E99E-FOLLOWER: accept ELECTION from s1: our priority 0 <= candidate's priority 0
2024-01-25 07:58:06,734 [grpc-default-executor-1] INFO  server.RaftServer$Division (RaftServerImpl.java:setRole(333)) - s2@group-76E74FC0E99E: changes role from  FOLLOWER to FOLLOWER at term 1 for candidate:s1
2024-01-25 07:58:06,734 [grpc-default-executor-1] INFO  impl.RoleInfo (RoleInfo.java:shutdownFollowerState(111)) - s2: shutdown s2@group-76E74FC0E99E-FollowerState
2024-01-25 07:58:06,734 [s2@group-76E74FC0E99E-FollowerState] INFO  impl.FollowerState (FollowerState.java:run(152)) - s2@group-76E74FC0E99E-FollowerState was interrupted
2024-01-25 07:58:06,735 [grpc-default-executor-1] INFO  impl.RoleInfo (RoleInfo.java:updateAndGet(140)) - s2: start s2@group-76E74FC0E99E-FollowerState
2024-01-25 07:58:06,735 [grpc-default-executor-1] INFO  server.RaftServer$Division (RaftServerImpl.java:setFirstElection(505)) - s2@group-76E74FC0E99E: set firstElectionSinceStartup to false for candidate:s1
2024-01-25 07:58:06,735 [grpc-default-executor-0] TRACE util.FileUtils (LogUtils.java:runAndLog(49)) - Successfully ran Atomic Files.move /home/runner/work/ratis/ratis/ratis-test/target/test/data/d3464635/MiniRaftClusterWithGrpc801275d3/s0/a3a6cbcd-89a5-4fc7-bd4b-76e74fc0e99e/current/raft-meta.tmp to /home/runner/work/ratis/ratis/ratis-test/target/test/data/d3464635/MiniRaftClusterWithGrpc801275d3/s0/a3a6cbcd-89a5-4fc7-bd4b-76e74fc0e99e/current/raft-meta with options [REPLACE_EXISTING]
2024-01-25 07:58:06,735 [grpc-default-executor-1] TRACE util.FileUtils (LogUtils.java:supplyAndLog(69)) - Successfully supplied FileChannel.open /home/runner/work/ratis/ratis/ratis-test/target/test/data/d3464635/MiniRaftClusterWithGrpc801275d3/s2/a3a6cbcd-89a5-4fc7-bd4b-76e74fc0e99e/current/raft-meta.tmp with options [CREATE, WRITE]: sun.nio.ch.FileChannelImpl@72c1853f
2024-01-25 07:58:06,735 [grpc-default-executor-0] INFO  server.RaftServer$Division (RaftServerImpl.java:requestVote(1423)) - s0@group-76E74FC0E99E replies to ELECTION vote request: s1<-s0#0:OK-t1. Peer's state: s0@group-76E74FC0E99E:t1, leader=null, voted=s1, raftlog=Memoized:s0@group-76E74FC0E99E-SegmentedRaftLog:OPENED:c-1, conf=-1: peers:[s0|localhost:15012, s1|localhost:15016, s2|localhost:15020]|listeners:[], old=null
2024-01-25 07:58:06,736 [grpc-default-executor-1] TRACE util.FileUtils (LogUtils.java:runAndLog(49)) - Successfully ran Atomic Files.move /home/runner/work/ratis/ratis/ratis-test/target/test/data/d3464635/MiniRaftClusterWithGrpc801275d3/s2/a3a6cbcd-89a5-4fc7-bd4b-76e74fc0e99e/current/raft-meta.tmp to /home/runner/work/ratis/ratis/ratis-test/target/test/data/d3464635/MiniRaftClusterWithGrpc801275d3/s2/a3a6cbcd-89a5-4fc7-bd4b-76e74fc0e99e/current/raft-meta with options [REPLACE_EXISTING]
2024-01-25 07:58:06,736 [grpc-default-executor-1] INFO  server.RaftServer$Division (RaftServerImpl.java:requestVote(1423)) - s2@group-76E74FC0E99E replies to ELECTION vote request: s1<-s2#0:OK-t1. Peer's state: s2@group-76E74FC0E99E:t1, leader=null, voted=s1, raftlog=Memoized:s2@group-76E74FC0E99E-SegmentedRaftLog:OPENED:c-1, conf=-1: peers:[s0|localhost:15012, s1|localhost:15016, s2|localhost:15020]|listeners:[], old=null
2024-01-25 07:58:06,737 [s1@group-76E74FC0E99E-LeaderElection7] INFO  impl.LeaderElection (LeaderElection.java:logAndReturn(89)) - s1@group-76E74FC0E99E-LeaderElection7: ELECTION PASSED received 1 response(s) and 0 exception(s):
2024-01-25 07:58:06,737 [s1@group-76E74FC0E99E-LeaderElection7] INFO  impl.LeaderElection (LeaderElection.java:logAndReturn(93)) -   Response 0: s1<-s2#0:OK-t1
2024-01-25 07:58:06,737 [s1@group-76E74FC0E99E-LeaderElection7] INFO  impl.LeaderElection (LeaderElection.java:askForVotes(323)) - s1@group-76E74FC0E99E-LeaderElection7 ELECTION round 0: result PASSED
2024-01-25 07:58:06,737 [s1@group-76E74FC0E99E-LeaderElection7] INFO  impl.RoleInfo (RoleInfo.java:shutdownLeaderElection(131)) - s1: shutdown s1@group-76E74FC0E99E-LeaderElection7
2024-01-25 07:58:06,738 [s1@group-76E74FC0E99E-LeaderElection7] INFO  server.RaftServer$Division (RaftServerImpl.java:setRole(333)) - s1@group-76E74FC0E99E: changes role from CANDIDATE to LEADER at term 1 for changeToLeader
2024-01-25 07:58:06,738 [s1@group-76E74FC0E99E-LeaderElection7] INFO  server.RaftServerConfigKeys (ConfUtils.java:logGet(46)) - raft.server.staging.catchup.gap = 1000 (default)
2024-01-25 07:58:06,738 [s1@group-76E74FC0E99E-LeaderElection7] INFO  server.RaftServerConfigKeys (ConfUtils.java:logGet(46)) - raft.server.write.element-limit = 4096 (default)
2024-01-25 07:58:06,738 [s1@group-76E74FC0E99E-LeaderElection7] INFO  server.RaftServerConfigKeys (ConfUtils.java:logGet(46)) - raft.server.write.byte-limit = 64MB (=67108864) (default)
2024-01-25 07:58:06,738 [s1@group-76E74FC0E99E-LeaderElection7] INFO  server.RaftServerConfigKeys (ConfUtils.java:logGet(46)) - raft.server.watch.timeout = 10s (default)
2024-01-25 07:58:06,738 [s1@group-76E74FC0E99E-LeaderElection7] INFO  server.RaftServerConfigKeys (ConfUtils.java:logGet(46)) - raft.server.watch.timeout.denomination = 1s (default)
2024-01-25 07:58:06,738 [s1@group-76E74FC0E99E-LeaderElection7] INFO  server.RaftServerConfigKeys (ConfUtils.java:logGet(46)) - raft.server.watch.element-limit = 65536 (default)
2024-01-25 07:58:06,739 [s1@group-76E74FC0E99E-LeaderElection7] INFO  server.RaftServerConfigKeys (ConfUtils.java:logGet(46)) - raft.server.read.leader.lease.enabled = false (default)
2024-01-25 07:58:06,739 [s1@group-76E74FC0E99E-LeaderElection7] INFO  server.RaftServerConfigKeys (ConfUtils.java:logGet(46)) - raft.server.read.leader.lease.timeout.ratio = 0.9 (default)
2024-01-25 07:58:06,739 [s1@group-76E74FC0E99E-LeaderElection7] INFO  server.RaftServerConfigKeys (ConfUtils.java:logGet(46)) - raft.server.rpc.timeout.min = 150ms (default)
2024-01-25 07:58:06,739 [s1@group-76E74FC0E99E-LeaderElection7] INFO  server.RaftServerConfigKeys (ConfUtils.java:logGet(46)) - raft.server.write.element-limit = 4096 (default)
2024-01-25 07:58:06,739 [s1@group-76E74FC0E99E-LeaderElection7] INFO  server.RaftServerConfigKeys (ConfUtils.java:logGet(46)) - raft.server.write.follower.gap.ratio.max = -1.0 (default)
2024-01-25 07:58:06,739 [s1@group-76E74FC0E99E-LeaderElection7] INFO  server.RaftServerConfigKeys (ConfUtils.java:logGet(46)) - raft.server.log.appender.snapshot.chunk.size.max = 16MB (=16777216) (default)
2024-01-25 07:58:06,739 [s1@group-76E74FC0E99E-LeaderElection7] INFO  server.RaftServerConfigKeys (ConfUtils.java:logGet(46)) - raft.server.log.appender.buffer.byte-limit = 4MB (=4194304) (default)
2024-01-25 07:58:06,739 [s1@group-76E74FC0E99E-LeaderElection7] INFO  server.RaftServerConfigKeys (ConfUtils.java:logGet(46)) - raft.server.log.appender.buffer.element-limit = 0 (default)
2024-01-25 07:58:06,740 [s1@group-76E74FC0E99E-LeaderElection7] INFO  server.RaftServerConfigKeys (ConfUtils.java:logGet(46)) - raft.server.log.appender.wait-time.min = 1ms (default)
2024-01-25 07:58:06,740 [s1@group-76E74FC0E99E-LeaderElection7] INFO  grpc.GrpcConfigKeys (ConfUtils.java:logGet(46)) - raft.grpc.server.leader.outstanding.appends.max = 8 (default)
2024-01-25 07:58:06,740 [s1@group-76E74FC0E99E-LeaderElection7] INFO  server.RaftServerConfigKeys (ConfUtils.java:logGet(46)) - raft.server.rpc.request.timeout = 3000ms (default)
2024-01-25 07:58:06,740 [s1@group-76E74FC0E99E-LeaderElection7] INFO  grpc.GrpcConfigKeys (ConfUtils.java:logGet(46)) - raft.grpc.server.install_snapshot.request.element-limit = 8 (default)
2024-01-25 07:58:06,740 [s1@group-76E74FC0E99E-LeaderElection7] INFO  grpc.GrpcConfigKeys (ConfUtils.java:logGet(46)) - raft.grpc.server.install_snapshot.request.timeout = 3000ms (default)
2024-01-25 07:58:06,740 [s1@group-76E74FC0E99E-LeaderElection7] INFO  grpc.GrpcConfigKeys (ConfUtils.java:logGet(46)) - raft.grpc.server.log-message.batch.duration = 5s (default)
2024-01-25 07:58:06,740 [s1@group-76E74FC0E99E-LeaderElection7] INFO  server.RaftServerConfigKeys (ConfUtils.java:logGet(46)) - raft.server.log.appender.install.snapshot.enabled = true (default)
2024-01-25 07:58:06,740 [s1@group-76E74FC0E99E-LeaderElection7] INFO  grpc.GrpcConfigKeys (ConfUtils.java:logGet(46)) - raft.grpc.server.heartbeat.channel = true (default)
2024-01-25 07:58:06,741 [s1@group-76E74FC0E99E-LeaderElection7] INFO  server.RaftServerConfigKeys (ConfUtils.java:logGet(46)) - raft.server.log.appender.snapshot.chunk.size.max = 16MB (=16777216) (default)
2024-01-25 07:58:06,741 [s1@group-76E74FC0E99E-LeaderElection7] INFO  server.RaftServerConfigKeys (ConfUtils.java:logGet(46)) - raft.server.log.appender.buffer.byte-limit = 4MB (=4194304) (default)
2024-01-25 07:58:06,741 [s1@group-76E74FC0E99E-LeaderElection7] INFO  server.RaftServerConfigKeys (ConfUtils.java:logGet(46)) - raft.server.log.appender.buffer.element-limit = 0 (default)
2024-01-25 07:58:06,741 [s1@group-76E74FC0E99E-LeaderElection7] INFO  server.RaftServerConfigKeys (ConfUtils.java:logGet(46)) - raft.server.log.appender.wait-time.min = 1ms (default)
2024-01-25 07:58:06,741 [s1@group-76E74FC0E99E-LeaderElection7] INFO  grpc.GrpcConfigKeys (ConfUtils.java:logGet(46)) - raft.grpc.server.leader.outstanding.appends.max = 8 (default)
2024-01-25 07:58:06,741 [s1@group-76E74FC0E99E-LeaderElection7] INFO  server.RaftServerConfigKeys (ConfUtils.java:logGet(46)) - raft.server.rpc.request.timeout = 3000ms (default)
2024-01-25 07:58:06,741 [s1@group-76E74FC0E99E-LeaderElection7] INFO  grpc.GrpcConfigKeys (ConfUtils.java:logGet(46)) - raft.grpc.server.install_snapshot.request.element-limit = 8 (default)
2024-01-25 07:58:06,741 [s1@group-76E74FC0E99E-LeaderElection7] INFO  grpc.GrpcConfigKeys (ConfUtils.java:logGet(46)) - raft.grpc.server.install_snapshot.request.timeout = 3000ms (default)
2024-01-25 07:58:06,741 [s1@group-76E74FC0E99E-LeaderElection7] INFO  grpc.GrpcConfigKeys (ConfUtils.java:logGet(46)) - raft.grpc.server.log-message.batch.duration = 5s (default)
2024-01-25 07:58:06,741 [s1@group-76E74FC0E99E-LeaderElection7] INFO  server.RaftServerConfigKeys (ConfUtils.java:logGet(46)) - raft.server.log.appender.install.snapshot.enabled = true (default)
2024-01-25 07:58:06,741 [s1@group-76E74FC0E99E-LeaderElection7] INFO  grpc.GrpcConfigKeys (ConfUtils.java:logGet(46)) - raft.grpc.server.heartbeat.channel = true (default)
2024-01-25 07:58:06,741 [s1@group-76E74FC0E99E-LeaderElection7] INFO  impl.RoleInfo (RoleInfo.java:updateAndGet(140)) - s1: start s1@group-76E74FC0E99E-LeaderStateImpl
2024-01-25 07:58:06,741 [s1@group-76E74FC0E99E-LeaderElection7] INFO  server.RaftServer$Division (RaftServerImpl.java:setFirstElection(505)) - s1@group-76E74FC0E99E: set firstElectionSinceStartup to false for becomeLeader
2024-01-25 07:58:06,741 [s1@group-76E74FC0E99E-LeaderElection7] INFO  server.RaftServer$Division (ServerState.java:setLeader(269)) - s1@group-76E74FC0E99E: change Leader from null to s1 at term 1 for becomeLeader, leader elected after 256ms
2024-01-25 07:58:06,742 [s1@group-76E74FC0E99E-LeaderElection7] INFO  segmented.SegmentedRaftLogWorker (SegmentedRaftLogWorker.java:startLogSegment(430)) - s1@group-76E74FC0E99E-SegmentedRaftLogWorker: Starting segment from index:0
2024-01-25 07:58:06,742 [s1@group-76E74FC0E99E-LeaderElection7] INFO  server.RaftServer$Division (ServerState.java:setRaftConf(386)) - s1@group-76E74FC0E99E: set configuration 0: peers:[s0|localhost:15012, s1|localhost:15016, s2|localhost:15020]|listeners:[], old=null
2024-01-25 07:58:06,742 [s1@group-76E74FC0E99E-SegmentedRaftLogWorker] INFO  segmented.BufferedWriteChannel (BufferedWriteChannel.java:open(61)) - open log_inprogress_0 at position 0
2024-01-25 07:58:06,751 [s1@group-76E74FC0E99E-SegmentedRaftLogWorker] INFO  segmented.SegmentedRaftLogWorker (SegmentedRaftLogWorker.java:execute(634)) - s1@group-76E74FC0E99E-SegmentedRaftLogWorker: created new log segment /home/runner/work/ratis/ratis/ratis-test/target/test/data/d3464635/MiniRaftClusterWithGrpc801275d3/s1/a3a6cbcd-89a5-4fc7-bd4b-76e74fc0e99e/current/log_inprogress_0
2024-01-25 07:58:06,754 [s2-server-thread1] INFO  server.RaftServer$Division (ServerState.java:setLeader(269)) - s2@group-76E74FC0E99E: change Leader from null to s1 at term 1 for appendEntries, leader elected after 264ms
2024-01-25 07:58:06,756 [s0-server-thread1] INFO  server.RaftServer$Division (ServerState.java:setLeader(269)) - s0@group-76E74FC0E99E: change Leader from null to s1 at term 1 for appendEntries, leader elected after 277ms
2024-01-25 07:58:06,757 [s2-server-thread2] DEBUG server.RaftServer$Division (RaftServerImpl.java:logAppendEntries(1520)) - s2@group-76E74FC0E99E: receive appendEntries(s1, 1, null, -1, false, commits:[s1:c-1, s0:c-1, s2:c-1], cId:1, entries: [(t:1, i:0), CONFIGURATIONENTRY(current:id: "s0"
address: "localhost:15012"
dataStreamAddress: "localhost:15015"
clientAddress: "localhost:15014"
adminAddress: "localhost:15013"
startupRole: FOLLOWER
,id: "s1"
address: "localhost:15016"
dataStreamAddress: "localhost:15019"
clientAddress: "localhost:15018"
adminAddress: "localhost:15017"
startupRole: FOLLOWER
,id: "s2"
address: "localhost:15020"
dataStreamAddress: "localhost:15023"
clientAddress: "localhost:15022"
adminAddress: "localhost:15021"
startupRole: FOLLOWER
, old:)]
2024-01-25 07:58:06,758 [s0-server-thread2] DEBUG server.RaftServer$Division (RaftServerImpl.java:logAppendEntries(1520)) - s0@group-76E74FC0E99E: receive appendEntries(s1, 1, null, -1, false, commits:[s1:c-1, s0:c-1, s2:c-1], cId:1, entries: [(t:1, i:0), CONFIGURATIONENTRY(current:id: "s0"
address: "localhost:15012"
dataStreamAddress: "localhost:15015"
clientAddress: "localhost:15014"
adminAddress: "localhost:15013"
startupRole: FOLLOWER
,id: "s1"
address: "localhost:15016"
dataStreamAddress: "localhost:15019"
clientAddress: "localhost:15018"
adminAddress: "localhost:15017"
startupRole: FOLLOWER
,id: "s2"
address: "localhost:15020"
dataStreamAddress: "localhost:15023"
clientAddress: "localhost:15022"
adminAddress: "localhost:15021"
startupRole: FOLLOWER
, old:)]
2024-01-25 07:58:06,759 [s0-server-thread2] INFO  server.RaftServer$Division (ServerState.java:setRaftConf(386)) - s0@group-76E74FC0E99E: set configuration 0: peers:[s0|localhost:15012, s1|localhost:15016, s2|localhost:15020]|listeners:[], old=null
2024-01-25 07:58:06,759 [s2-server-thread2] INFO  server.RaftServer$Division (ServerState.java:setRaftConf(386)) - s2@group-76E74FC0E99E: set configuration 0: peers:[s0|localhost:15012, s1|localhost:15016, s2|localhost:15020]|listeners:[], old=null
2024-01-25 07:58:06,760 [s0-server-thread2] INFO  segmented.SegmentedRaftLogWorker (SegmentedRaftLogWorker.java:startLogSegment(430)) - s0@group-76E74FC0E99E-SegmentedRaftLogWorker: Starting segment from index:0
2024-01-25 07:58:06,760 [s2-server-thread2] INFO  segmented.SegmentedRaftLogWorker (SegmentedRaftLogWorker.java:startLogSegment(430)) - s2@group-76E74FC0E99E-SegmentedRaftLogWorker: Starting segment from index:0
2024-01-25 07:58:06,760 [s0@group-76E74FC0E99E-SegmentedRaftLogWorker] INFO  segmented.BufferedWriteChannel (BufferedWriteChannel.java:open(61)) - open log_inprogress_0 at position 0
2024-01-25 07:58:06,761 [s2@group-76E74FC0E99E-SegmentedRaftLogWorker] INFO  segmented.BufferedWriteChannel (BufferedWriteChannel.java:open(61)) - open log_inprogress_0 at position 0
2024-01-25 07:58:06,771 [s0@group-76E74FC0E99E-SegmentedRaftLogWorker] INFO  segmented.SegmentedRaftLogWorker (SegmentedRaftLogWorker.java:execute(634)) - s0@group-76E74FC0E99E-SegmentedRaftLogWorker: created new log segment /home/runner/work/ratis/ratis/ratis-test/target/test/data/d3464635/MiniRaftClusterWithGrpc801275d3/s0/a3a6cbcd-89a5-4fc7-bd4b-76e74fc0e99e/current/log_inprogress_0
2024-01-25 07:58:06,771 [s2@group-76E74FC0E99E-SegmentedRaftLogWorker] INFO  segmented.SegmentedRaftLogWorker (SegmentedRaftLogWorker.java:execute(634)) - s2@group-76E74FC0E99E-SegmentedRaftLogWorker: created new log segment /home/runner/work/ratis/ratis/ratis-test/target/test/data/d3464635/MiniRaftClusterWithGrpc801275d3/s2/a3a6cbcd-89a5-4fc7-bd4b-76e74fc0e99e/current/log_inprogress_0
2024-01-25 07:58:06,772 [s0-server-thread2] DEBUG server.RaftServer$Division (RaftServerImpl.java:logAppendEntries(1520)) - s0@group-76E74FC0E99E: succeeded to handle AppendEntries. Reply: s1<-s0#1:OK-t1,SUCCESS,nextIndex=1,followerCommit=-1,matchIndex=0
2024-01-25 07:58:06,772 [s2-server-thread2] DEBUG server.RaftServer$Division (RaftServerImpl.java:logAppendEntries(1520)) - s2@group-76E74FC0E99E: succeeded to handle AppendEntries. Reply: s1<-s2#1:OK-t1,SUCCESS,nextIndex=1,followerCommit=-1,matchIndex=0
2024-01-25 07:58:06,773 [s1@group-76E74FC0E99E-StateMachineUpdater] TRACE util.FileUtils (LogUtils.java:supplyAndLog(69)) - Successfully supplied FileChannel.open /home/runner/work/ratis/ratis/ratis-test/target/test/data/d3464635/MiniRaftClusterWithGrpc801275d3/s1/a3a6cbcd-89a5-4fc7-bd4b-76e74fc0e99e/current/raft-meta.conf.tmp with options [CREATE, WRITE]: sun.nio.ch.FileChannelImpl@2e6b596
2024-01-25 07:58:06,774 [s1@group-76E74FC0E99E-StateMachineUpdater] TRACE util.FileUtils (LogUtils.java:runAndLog(49)) - Successfully ran Atomic Files.move /home/runner/work/ratis/ratis/ratis-test/target/test/data/d3464635/MiniRaftClusterWithGrpc801275d3/s1/a3a6cbcd-89a5-4fc7-bd4b-76e74fc0e99e/current/raft-meta.conf.tmp to /home/runner/work/ratis/ratis/ratis-test/target/test/data/d3464635/MiniRaftClusterWithGrpc801275d3/s1/a3a6cbcd-89a5-4fc7-bd4b-76e74fc0e99e/current/raft-meta.conf with options [REPLACE_EXISTING]
2024-01-25 07:58:06,774 [s1@group-76E74FC0E99E-StateMachineUpdater] INFO  server.RaftServer$Division (LeaderStateImpl.java:isApplied(321)) - leader is ready since appliedIndex == 0 >= startIndex == 0
2024-01-25 07:58:06,849 [s0@group-76E74FC0E99E-StateMachineUpdater] TRACE util.FileUtils (LogUtils.java:supplyAndLog(69)) - Successfully supplied FileChannel.open /home/runner/work/ratis/ratis/ratis-test/target/test/data/d3464635/MiniRaftClusterWithGrpc801275d3/s0/a3a6cbcd-89a5-4fc7-bd4b-76e74fc0e99e/current/raft-meta.conf.tmp with options [CREATE, WRITE]: sun.nio.ch.FileChannelImpl@11526694
2024-01-25 07:58:06,849 [s2@group-76E74FC0E99E-StateMachineUpdater] TRACE util.FileUtils (LogUtils.java:supplyAndLog(69)) - Successfully supplied FileChannel.open /home/runner/work/ratis/ratis/ratis-test/target/test/data/d3464635/MiniRaftClusterWithGrpc801275d3/s2/a3a6cbcd-89a5-4fc7-bd4b-76e74fc0e99e/current/raft-meta.conf.tmp with options [CREATE, WRITE]: sun.nio.ch.FileChannelImpl@30e13333
2024-01-25 07:58:06,851 [s2@group-76E74FC0E99E-StateMachineUpdater] TRACE util.FileUtils (LogUtils.java:runAndLog(49)) - Successfully ran Atomic Files.move /home/runner/work/ratis/ratis/ratis-test/target/test/data/d3464635/MiniRaftClusterWithGrpc801275d3/s2/a3a6cbcd-89a5-4fc7-bd4b-76e74fc0e99e/current/raft-meta.conf.tmp to /home/runner/work/ratis/ratis/ratis-test/target/test/data/d3464635/MiniRaftClusterWithGrpc801275d3/s2/a3a6cbcd-89a5-4fc7-bd4b-76e74fc0e99e/current/raft-meta.conf with options [REPLACE_EXISTING]
2024-01-25 07:58:06,852 [s0@group-76E74FC0E99E-StateMachineUpdater] TRACE util.FileUtils (LogUtils.java:runAndLog(49)) - Successfully ran Atomic Files.move /home/runner/work/ratis/ratis/ratis-test/target/test/data/d3464635/MiniRaftClusterWithGrpc801275d3/s0/a3a6cbcd-89a5-4fc7-bd4b-76e74fc0e99e/current/raft-meta.conf.tmp to /home/runner/work/ratis/ratis/ratis-test/target/test/data/d3464635/MiniRaftClusterWithGrpc801275d3/s0/a3a6cbcd-89a5-4fc7-bd4b-76e74fc0e99e/current/raft-meta.conf with options [REPLACE_EXISTING]
2024-01-25 07:58:06,983 [Time-limited test] INFO  ratis.RaftTestUtil (RaftTestUtil.java:waitForLeader(125)) - printing ALL groups
  s0:  RUNNING  FOLLOWER s0@group-76E74FC0E99E:t1, leader=s1, voted=s1, raftlog=Memoized:s0@group-76E74FC0E99E-SegmentedRaftLog:OPENED:c0, conf=0: peers:[s0|localhost:15012, s1|localhost:15016, s2|localhost:15020]|listeners:[], old=null RUNNING
  s1:  RUNNING    LEADER s1@group-76E74FC0E99E:t1, leader=s1, voted=s1, raftlog=Memoized:s1@group-76E74FC0E99E-SegmentedRaftLog:OPENED:c0, conf=0: peers:[s0|localhost:15012, s1|localhost:15016, s2|localhost:15020]|listeners:[], old=null RUNNING
  s2:  RUNNING  FOLLOWER s2@group-76E74FC0E99E:t1, leader=s1, voted=s1, raftlog=Memoized:s2@group-76E74FC0E99E-SegmentedRaftLog:OPENED:c0, conf=0: peers:[s0|localhost:15012, s1|localhost:15016, s2|localhost:15020]|listeners:[], old=null RUNNING
2024-01-25 07:58:06,983 [Time-limited test] DEBUG client.RaftClient (ConfUtils.java:logGet(46)) - raft.rpc.type = GRPC (default)
2024-01-25 07:58:06,983 [Time-limited test] DEBUG client.GrpcClientRpc (ConfUtils.java:logGet(46)) - raft.grpc.message.size.max = 64MB (=67108864) (default)
2024-01-25 07:58:06,983 [Time-limited test] INFO  grpc.TestWatchRequestWithGrpc (WatchRequestTests.java:runTest(152)) - 1) numMessages=1, printing ALL groups
  s0:  RUNNING  FOLLOWER s0@group-76E74FC0E99E:t1, leader=s1, voted=s1, raftlog=Memoized:s0@group-76E74FC0E99E-SegmentedRaftLog:OPENED:c0, conf=0: peers:[s0|localhost:15012, s1|localhost:15016, s2|localhost:15020]|listeners:[], old=null RUNNING
  s1:  RUNNING    LEADER s1@group-76E74FC0E99E:t1, leader=s1, voted=s1, raftlog=Memoized:s1@group-76E74FC0E99E-SegmentedRaftLog:OPENED:c0, conf=0: peers:[s0|localhost:15012, s1|localhost:15016, s2|localhost:15020]|listeners:[], old=null RUNNING
  s2:  RUNNING  FOLLOWER s2@group-76E74FC0E99E:t1, leader=s1, voted=s1, raftlog=Memoized:s2@group-76E74FC0E99E-SegmentedRaftLog:OPENED:c0, conf=0: peers:[s0|localhost:15012, s1|localhost:15016, s2|localhost:15020]|listeners:[], old=null RUNNING
2024-01-25 07:58:06,984 [Time-limited test] INFO  grpc.TestWatchRequestWithGrpc (WatchRequestTests.java:runTestWatchRequestAsync(229)) - block leader s1
2024-01-25 07:58:06,984 [Time-limited test] INFO  impl.SimpleStateMachine4Testing (SimpleStateMachine4Testing.java:block(135)) - block START_TRANSACTION
2024-01-25 07:58:06,984 [Time-limited test] INFO  grpc.TestWatchRequestWithGrpc (WatchRequestTests.java:runTestWatchRequestAsync(235)) - block follower s2
2024-01-25 07:58:06,984 [Time-limited test] INFO  impl.SimpleStateMachine4Testing (SimpleStateMachine4Testing.java:block(135)) - block FLUSH_STATE_MACHINE_DATA
2024-01-25 07:58:06,984 [Time-limited test] INFO  grpc.TestWatchRequestWithGrpc (WatchRequestTests.java:sendRequests(105)) - SEND_REQUEST 0: message=m0
2024-01-25 07:58:06,984 [Time-limited test] DEBUG client.RaftClient (RaftClientImpl.java:get(158)) - client-5FE4B4CCF4A1: get 109 returns []
2024-01-25 07:58:06,984 [Time-limited test] DEBUG client.RaftClient (RaftClientImpl.java:newRequest(95)) - attempt #1, newRequest RaftClientRequest:client-5FE4B4CCF4A1->s1@group-76E74FC0E99E, cid=109, seq=1*, Watch(0), null
2024-01-25 07:58:06,989 [s1-client-thread1] DEBUG server.RaftServer$Division (RaftServerImpl.java:submitClientRequestAsync(880)) - s1@group-76E74FC0E99E: receive client request(RaftClientRequest:client-5FE4B4CCF4A1->s1@group-76E74FC0E99E, cid=109, seq=1*, Watch(0), Message:<EMPTY>)
2024-01-25 07:58:06,989 [s1-client-thread1] DEBUG server.RaftServer$Division (LeaderStateImpl.java:addWatchRequest(552)) - s1@group-76E74FC0E99E-LeaderStateImpl: addWatchRequest RaftClientRequest:client-5FE4B4CCF4A1->s1@group-76E74FC0E99E, cid=109, seq=1*, Watch(0), Message:<EMPTY>
2024-01-25 07:58:06,990 [grpc-default-executor-3] DEBUG client.RaftClient (RaftClientImpl.java:get(158)) - client-5FE4B4CCF4A1: get 110 returns []
2024-01-25 07:58:06,991 [grpc-default-executor-3] DEBUG client.RaftClient (RaftClientImpl.java:newRequest(95)) - attempt #1, newRequest RaftClientRequest:client-5FE4B4CCF4A1->s1@group-76E74FC0E99E, cid=110, seq=2, RW, m0
2024-01-25 07:58:06,991 [s1-client-thread1] DEBUG server.RaftServer$Division (RaftServerImpl.java:submitClientRequestAsync(880)) - s1@group-76E74FC0E99E: receive client request(RaftClientRequest:client-5FE4B4CCF4A1->s1@group-76E74FC0E99E, cid=110, seq=2, RW, Message:6d30)
2024-01-25 07:58:07,234 [s2@group-796A68A19D2E-SegmentedRaftLogWorker] WARN  segmented.SegmentedRaftLogWorker (SegmentedRaftLogWorker.java:getFromFuture(91)) - Timeout 1/~
org.apache.ratis.protocol.exceptions.TimeoutIOException: Timeout 10s: s2@group-796A68A19D2E-SegmentedRaftLogWorker-flushStateMachineData
	at org.apache.ratis.util.IOUtils.getFromFuture(IOUtils.java:89)
	at org.apache.ratis.server.raftlog.segmented.SegmentedRaftLogWorker$StateMachineDataPolicy.getFromFuture(SegmentedRaftLogWorker.java:88)
	at org.apache.ratis.server.raftlog.segmented.SegmentedRaftLogWorker.flushIfNecessary(SegmentedRaftLogWorker.java:367)
	at org.apache.ratis.server.raftlog.segmented.SegmentedRaftLogWorker.access$1200(SegmentedRaftLogWorker.java:60)
	at org.apache.ratis.server.raftlog.segmented.SegmentedRaftLogWorker$WriteLog.execute(SegmentedRaftLogWorker.java:549)
	at org.apache.ratis.server.raftlog.segmented.SegmentedRaftLogWorker.run(SegmentedRaftLogWorker.java:307)
	at java.util.concurrent.Executors$RunnableAdapter.call(Executors.java:511)
	at java.util.concurrent.FutureTask.run(FutureTask.java:266)
	at java.util.concurrent.ThreadPoolExecutor.runWorker(ThreadPoolExecutor.java:1149)
	at java.util.concurrent.ThreadPoolExecutor$Worker.run(ThreadPoolExecutor.java:624)
	at java.lang.Thread.run(Thread.java:750)
Caused by: java.util.concurrent.TimeoutException
	at java.util.concurrent.CompletableFuture.timedGet(CompletableFuture.java:1784)
	at java.util.concurrent.CompletableFuture.get(CompletableFuture.java:1928)
	at org.apache.ratis.util.IOUtils.getFromFuture(IOUtils.java:80)
	... 10 more
2024-01-25 07:58:07,986 [Time-limited test] INFO  impl.SimpleStateMachine4Testing (SimpleStateMachine4Testing.java:unblock(142)) - unblock START_TRANSACTION
2024-01-25 07:58:07,986 [Time-limited test] INFO  grpc.TestWatchRequestWithGrpc (WatchRequestTests.java:runTestWatchRequestAsync(254)) - unblock leader s1
2024-01-25 07:58:07,986 [s1-client-thread1] DEBUG server.RaftServer$Division (LeaderStateImpl.java:addPendingRequest(533)) - s1@group-76E74FC0E99E-LeaderStateImpl: addPendingRequest at RaftClientRequest:client-5FE4B4CCF4A1->s1@group-76E74FC0E99E, cid=110, seq=2, RW, Message:6d30, entry=(t:1, i:1), STATEMACHINELOGENTRY, 110@client-5FE4B4CCF4A1
2024-01-25 07:58:07,987 [s2-server-thread1] DEBUG server.RaftServer$Division (RaftServerImpl.java:logAppendEntries(1520)) - s2@group-76E74FC0E99E: receive appendEntries(s1, 1, (t:1, i:0), 0, false, commits:[s1:c0, s0:c0, s2:c0], cId:20, entries: [(t:1, i:1), STATEMACHINELOGENTRY, 110@client-5FE4B4CCF4A1]
2024-01-25 07:58:07,987 [s0-server-thread1] DEBUG server.RaftServer$Division (RaftServerImpl.java:logAppendEntries(1520)) - s0@group-76E74FC0E99E: receive appendEntries(s1, 1, (t:1, i:0), 0, false, commits:[s1:c0, s0:c0, s2:c0], cId:19, entries: [(t:1, i:1), STATEMACHINELOGENTRY, 110@client-5FE4B4CCF4A1]
2024-01-25 07:58:07,988 [s0-server-thread1] DEBUG server.RaftServer$Division (RaftServerImpl.java:logAppendEntries(1520)) - s0@group-76E74FC0E99E: succeeded to handle AppendEntries. Reply: s1<-s0#19:OK-t1,SUCCESS,nextIndex=2,followerCommit=0,matchIndex=1
2024-01-25 07:58:07,989 [s1@group-76E74FC0E99E-StateMachineUpdater] INFO  impl.SimpleStateMachine4Testing (SimpleStateMachine4Testing.java:applyTransaction(248)) - applyTransaction for log index 1
2024-01-25 07:58:07,989 [s1@group-76E74FC0E99E-LeaderStateImpl] DEBUG impl.WatchRequests (WatchRequests.java:updateIndex(150)) - s1@group-76E74FC0E99E-WatchRequests: update MAJORITY index from 0 to 1
2024-01-25 07:58:07,989 [s1@group-76E74FC0E99E-StateMachineUpdater] INFO  impl.SimpleStateMachine4Testing (SimpleStateMachine4Testing.java:put(205)) - s1: put 1, m0 -> (t:1, i:1), STATEMACHINELOGENTRY, 110@client-5FE4B4CCF4A1
2024-01-25 07:58:07,990 [grpc-default-executor-3] DEBUG client.RaftClient (RaftClientImpl.java:add(146)) - client-5FE4B4CCF4A1: add replied callId 110
2024-01-25 07:58:07,990 [grpc-default-executor-3] INFO  grpc.TestWatchRequestWithGrpc (WatchRequestTests.java:lambda$sendRequests$0(113)) - SEND_WATCH: message=m0, logIndex=1
2024-01-25 07:58:07,990 [grpc-default-executor-3] DEBUG client.RaftClient (RaftClientImpl.java:get(158)) - client-5FE4B4CCF4A1: get 111 returns [110]
2024-01-25 07:58:07,990 [s2-server-thread1] DEBUG server.RaftServer$Division (RaftServerImpl.java:logAppendEntries(1520)) - s2@group-76E74FC0E99E: receive appendEntries(s1, 1, (t:1, i:1), 1, false, commits:[s1:c1, s0:c0, s2:c0], cId:21, entries: [(t:1, i:2), METADATAENTRY(c:1)]
2024-01-25 07:58:07,990 [grpc-default-executor-3] DEBUG client.RaftClient (RaftClientImpl.java:newRequest(95)) - attempt #1, newRequest RaftClientRequest:client-5FE4B4CCF4A1->s1@group-76E74FC0E99E, cid=111, seq=null, Watch(1), null
2024-01-25 07:58:07,990 [grpc-default-executor-3] DEBUG impl.UnorderedAsync (UnorderedAsync.java:sendRequestWithRetry(80)) - client-5FE4B4CCF4A1: attempt #1 send~ RaftClientRequest:client-5FE4B4CCF4A1->s1@group-76E74FC0E99E, cid=111, seq=null, Watch(1), null
2024-01-25 07:58:07,991 [grpc-default-executor-3] DEBUG client.RaftClient (RaftClientImpl.java:get(158)) - client-5FE4B4CCF4A1: get 112 returns []
2024-01-25 07:58:07,991 [grpc-default-executor-3] DEBUG client.RaftClient (RaftClientImpl.java:newRequest(95)) - attempt #1, newRequest RaftClientRequest:client-5FE4B4CCF4A1->s1@group-76E74FC0E99E, cid=112, seq=null, Watch-ALL(1), null
2024-01-25 07:58:07,991 [grpc-default-executor-3] DEBUG impl.UnorderedAsync (UnorderedAsync.java:sendRequestWithRetry(80)) - client-5FE4B4CCF4A1: attempt #1 send~ RaftClientRequest:client-5FE4B4CCF4A1->s1@group-76E74FC0E99E, cid=112, seq=null, Watch-ALL(1), null
2024-01-25 07:58:07,991 [grpc-default-executor-3] DEBUG client.RaftClient (RaftClientImpl.java:get(158)) - client-5FE4B4CCF4A1: get 113 returns []
2024-01-25 07:58:07,991 [grpc-default-executor-3] DEBUG client.RaftClient (RaftClientImpl.java:newRequest(95)) - attempt #1, newRequest RaftClientRequest:client-5FE4B4CCF4A1->s1@group-76E74FC0E99E, cid=113, seq=null, Watch-MAJORITY_COMMITTED(1), null
2024-01-25 07:58:07,991 [grpc-default-executor-3] DEBUG impl.UnorderedAsync (UnorderedAsync.java:sendRequestWithRetry(80)) - client-5FE4B4CCF4A1: attempt #1 send~ RaftClientRequest:client-5FE4B4CCF4A1->s1@group-76E74FC0E99E, cid=113, seq=null, Watch-MAJORITY_COMMITTED(1), null
2024-01-25 07:58:07,992 [grpc-default-executor-3] DEBUG client.RaftClient (RaftClientImpl.java:get(158)) - client-5FE4B4CCF4A1: get 114 returns []
2024-01-25 07:58:07,992 [grpc-default-executor-3] DEBUG client.RaftClient (RaftClientImpl.java:newRequest(95)) - attempt #1, newRequest RaftClientRequest:client-5FE4B4CCF4A1->s1@group-76E74FC0E99E, cid=114, seq=null, Watch-ALL_COMMITTED(1), null
2024-01-25 07:58:07,992 [grpc-default-executor-3] DEBUG impl.UnorderedAsync (UnorderedAsync.java:sendRequestWithRetry(80)) - client-5FE4B4CCF4A1: attempt #1 send~ RaftClientRequest:client-5FE4B4CCF4A1->s1@group-76E74FC0E99E, cid=114, seq=null, Watch-ALL_COMMITTED(1), null
2024-01-25 07:58:07,992 [Time-limited test] INFO  grpc.TestWatchRequestWithGrpc (WatchRequestTests.java:checkMajority(275)) - checkMajority 0: receive RaftClientReply:client-5FE4B4CCF4A1->s1@group-76E74FC0E99E, cid=110, SUCCESS, logIndex=1, commits[s1:c1, s0:c0, s2:c0]
2024-01-25 07:58:07,992 [s0-server-thread1] DEBUG server.RaftServer$Division (RaftServerImpl.java:logAppendEntries(1520)) - s0@group-76E74FC0E99E: receive appendEntries(s1, 1, (t:1, i:1), 1, false, commits:[s1:c1, s0:c0, s2:c0], cId:20, entries: [(t:1, i:2), METADATAENTRY(c:1)]
2024-01-25 07:58:07,993 [s1-client-thread1] DEBUG server.RaftServer$Division (RaftServerImpl.java:submitClientRequestAsync(880)) - s1@group-76E74FC0E99E: receive client request(RaftClientRequest:client-5FE4B4CCF4A1->s1@group-76E74FC0E99E, cid=111, seq=null, Watch(1), Message:<EMPTY>)
2024-01-25 07:58:07,993 [s0-server-thread1] DEBUG server.RaftServer$Division (RaftServerImpl.java:logAppendEntries(1520)) - s0@group-76E74FC0E99E: succeeded to handle AppendEntries. Reply: s1<-s0#20:OK-t1,SUCCESS,nextIndex=3,followerCommit=1,matchIndex=2
2024-01-25 07:58:07,993 [s1-client-thread1] DEBUG server.RaftServer$Division (LeaderStateImpl.java:addWatchRequest(552)) - s1@group-76E74FC0E99E-LeaderStateImpl: addWatchRequest RaftClientRequest:client-5FE4B4CCF4A1->s1@group-76E74FC0E99E, cid=111, seq=null, Watch(1), Message:<EMPTY>
2024-01-25 07:58:07,993 [grpc-default-executor-4] DEBUG impl.WatchRequests (WatchRequests.java:updateIndex(150)) - s1@group-76E74FC0E99E-WatchRequests: update MAJORITY_COMMITTED index from 0 to 1
2024-01-25 07:58:07,993 [s0@group-76E74FC0E99E-StateMachineUpdater] INFO  impl.SimpleStateMachine4Testing (SimpleStateMachine4Testing.java:applyTransaction(248)) - applyTransaction for log index 1
2024-01-25 07:58:07,994 [s1-client-thread1] DEBUG server.RaftServer$Division (RaftServerImpl.java:submitClientRequestAsync(880)) - s1@group-76E74FC0E99E: receive client request(RaftClientRequest:client-5FE4B4CCF4A1->s1@group-76E74FC0E99E, cid=112, seq=null, Watch-ALL(1), Message:<EMPTY>)
2024-01-25 07:58:07,994 [s0@group-76E74FC0E99E-StateMachineUpdater] INFO  impl.SimpleStateMachine4Testing (SimpleStateMachine4Testing.java:put(205)) - s0: put 1, m0 -> (t:1, i:1), STATEMACHINELOGENTRY, 110@client-5FE4B4CCF4A1
2024-01-25 07:58:07,994 [s1-client-thread1] DEBUG server.RaftServer$Division (LeaderStateImpl.java:addWatchRequest(552)) - s1@group-76E74FC0E99E-LeaderStateImpl: addWatchRequest RaftClientRequest:client-5FE4B4CCF4A1->s1@group-76E74FC0E99E, cid=112, seq=null, Watch-ALL(1), Message:<EMPTY>
2024-01-25 07:58:07,994 [ForkJoinPool.commonPool-worker-0] DEBUG impl.UnorderedAsync (UnorderedAsync.java:lambda$sendRequestWithRetry$4(83)) - client-5FE4B4CCF4A1: attempt #1 receive~ RaftClientReply:client-5FE4B4CCF4A1->s1@group-76E74FC0E99E, cid=111, SUCCESS, logIndex=1, commits[s1:c1, s0:c0, s2:c0]
2024-01-25 07:58:07,994 [s1@group-76E74FC0E99E-LeaderStateImpl] DEBUG impl.WatchRequests (WatchRequests.java:updateIndex(150)) - s1@group-76E74FC0E99E-WatchRequests: update MAJORITY index from 1 to 2
2024-01-25 07:58:07,995 [Time-limited test] INFO  grpc.TestWatchRequestWithGrpc (WatchRequestTests.java:get(214)) - majority-Watch(1) returns RaftClientReply:client-5FE4B4CCF4A1->s1@group-76E74FC0E99E, cid=111, SUCCESS, logIndex=1, commits[s1:c1, s0:c0, s2:c0]
2024-01-25 07:58:07,995 [s1-client-thread1] DEBUG server.RaftServer$Division (RaftServerImpl.java:submitClientRequestAsync(880)) - s1@group-76E74FC0E99E: receive client request(RaftClientRequest:client-5FE4B4CCF4A1->s1@group-76E74FC0E99E, cid=113, seq=null, Watch-MAJORITY_COMMITTED(1), Message:<EMPTY>)
2024-01-25 07:58:07,995 [s1-client-thread1] DEBUG server.RaftServer$Division (LeaderStateImpl.java:addWatchRequest(552)) - s1@group-76E74FC0E99E-LeaderStateImpl: addWatchRequest RaftClientRequest:client-5FE4B4CCF4A1->s1@group-76E74FC0E99E, cid=113, seq=null, Watch-MAJORITY_COMMITTED(1), Message:<EMPTY>
2024-01-25 07:58:07,995 [ForkJoinPool.commonPool-worker-0] DEBUG impl.UnorderedAsync (UnorderedAsync.java:lambda$sendRequestWithRetry$4(83)) - client-5FE4B4CCF4A1: attempt #1 receive~ RaftClientReply:client-5FE4B4CCF4A1->s1@group-76E74FC0E99E, cid=113, SUCCESS, logIndex=1, commits[s1:c2, s0:c1, s2:c0]
2024-01-25 07:58:07,995 [s1-client-thread1] DEBUG server.RaftServer$Division (RaftServerImpl.java:submitClientRequestAsync(880)) - s1@group-76E74FC0E99E: receive client request(RaftClientRequest:client-5FE4B4CCF4A1->s1@group-76E74FC0E99E, cid=114, seq=null, Watch-ALL_COMMITTED(1), Message:<EMPTY>)
2024-01-25 07:58:07,996 [s1-client-thread1] DEBUG server.RaftServer$Division (LeaderStateImpl.java:addWatchRequest(552)) - s1@group-76E74FC0E99E-LeaderStateImpl: addWatchRequest RaftClientRequest:client-5FE4B4CCF4A1->s1@group-76E74FC0E99E, cid=114, seq=null, Watch-ALL_COMMITTED(1), Message:<EMPTY>
2024-01-25 07:58:07,996 [Time-limited test] INFO  grpc.TestWatchRequestWithGrpc (WatchRequestTests.java:get(214)) - majorityCommitted-Watch(1) returns RaftClientReply:client-5FE4B4CCF4A1->s1@group-76E74FC0E99E, cid=113, SUCCESS, logIndex=1, commits[s1:c2, s0:c1, s2:c0]
2024-01-25 07:58:08,071 [grpc-default-executor-4] DEBUG impl.WatchRequests (WatchRequests.java:updateIndex(150)) - s1@group-76E74FC0E99E-WatchRequests: update MAJORITY_COMMITTED index from 1 to 2
2024-01-25 07:58:08,997 [Time-limited test] INFO  grpc.TestWatchRequestWithGrpc (WatchRequestTests.java:runTestWatchRequestAsync(266)) - unblock follower s2
2024-01-25 07:58:08,997 [Time-limited test] INFO  impl.SimpleStateMachine4Testing (SimpleStateMachine4Testing.java:unblock(142)) - unblock FLUSH_STATE_MACHINE_DATA
2024-01-25 07:58:08,997 [Time-limited test] INFO  grpc.TestWatchRequestWithGrpc (WatchRequestTests.java:checkAll(305)) - checkAll 0: logIndex=1
2024-01-25 07:58:08,997 [s2-server-thread1] DEBUG server.RaftServer$Division (RaftServerImpl.java:logAppendEntries(1520)) - s2@group-76E74FC0E99E: succeeded to handle AppendEntries. Reply: s1<-s2#20:OK-t1,SUCCESS,nextIndex=2,followerCommit=0,matchIndex=1
2024-01-25 07:58:08,998 [s2-server-thread1] DEBUG server.RaftServer$Division (RaftServerImpl.java:logAppendEntries(1520)) - s2@group-76E74FC0E99E: succeeded to handle AppendEntries. Reply: s1<-s2#21:OK-t1,SUCCESS,nextIndex=3,followerCommit=1,matchIndex=2
2024-01-25 07:58:08,998 [s1@group-76E74FC0E99E-LeaderStateImpl] DEBUG impl.WatchRequests (WatchRequests.java:updateIndex(150)) - s1@group-76E74FC0E99E-WatchRequests: update ALL index from 0 to 1
2024-01-25 07:58:08,998 [s2@group-76E74FC0E99E-StateMachineUpdater] INFO  impl.SimpleStateMachine4Testing (SimpleStateMachine4Testing.java:applyTransaction(248)) - applyTransaction for log index 1
2024-01-25 07:58:08,998 [s1@group-76E74FC0E99E-LeaderStateImpl] DEBUG impl.WatchRequests (WatchRequests.java:updateIndex(160)) - s1@group-76E74FC0E99E-WatchRequests: complete Watch-ALL(1)@36.239s?NOT_DONE
2024-01-25 07:58:08,998 [s2@group-76E74FC0E99E-StateMachineUpdater] INFO  impl.SimpleStateMachine4Testing (SimpleStateMachine4Testing.java:put(205)) - s2: put 1, m0 -> (t:1, i:1), STATEMACHINELOGENTRY, 110@client-5FE4B4CCF4A1
2024-01-25 07:58:08,998 [grpc-default-executor-4] DEBUG impl.WatchRequests (WatchRequests.java:updateIndex(150)) - s1@group-76E74FC0E99E-WatchRequests: update ALL_COMMITTED index from 0 to 1
2024-01-25 07:58:08,998 [grpc-default-executor-4] DEBUG impl.WatchRequests (WatchRequests.java:updateIndex(160)) - s1@group-76E74FC0E99E-WatchRequests: complete Watch-ALL_COMMITTED(1)@36.239s?NOT_DONE
2024-01-25 07:58:08,998 [s1@group-76E74FC0E99E-LeaderStateImpl] DEBUG impl.WatchRequests (WatchRequests.java:updateIndex(150)) - s1@group-76E74FC0E99E-WatchRequests: update ALL index from 1 to 2
2024-01-25 07:58:08,999 [ForkJoinPool.commonPool-worker-0] DEBUG impl.UnorderedAsync (UnorderedAsync.java:lambda$sendRequestWithRetry$4(83)) - client-5FE4B4CCF4A1: attempt #1 receive~ RaftClientReply:client-5FE4B4CCF4A1->s1@group-76E74FC0E99E, cid=112, SUCCESS, logIndex=1, commits[s1:c2, s0:c2, s2:c1]
2024-01-25 07:58:08,999 [ForkJoinPool.commonPool-worker-3] DEBUG impl.UnorderedAsync (UnorderedAsync.java:lambda$sendRequestWithRetry$4(83)) - client-5FE4B4CCF4A1: attempt #1 receive~ RaftClientReply:client-5FE4B4CCF4A1->s1@group-76E74FC0E99E, cid=114, SUCCESS, logIndex=1, commits[s1:c2, s0:c2, s2:c1]
2024-01-25 07:58:08,999 [Time-limited test] INFO  grpc.TestWatchRequestWithGrpc (WatchRequestTests.java:get(214)) - all-Watch(1) returns RaftClientReply:client-5FE4B4CCF4A1->s1@group-76E74FC0E99E, cid=112, SUCCESS, logIndex=1, commits[s1:c2, s0:c2, s2:c1]
2024-01-25 07:58:08,999 [Time-limited test] INFO  grpc.TestWatchRequestWithGrpc (WatchRequestTests.java:get(214)) - allCommitted-Watch(1) returns RaftClientReply:client-5FE4B4CCF4A1->s1@group-76E74FC0E99E, cid=114, SUCCESS, logIndex=1, commits[s1:c2, s0:c2, s2:c1]
2024-01-25 07:58:08,999 [Time-limited test] INFO  grpc.TestWatchRequestWithGrpc (WatchRequestTests.java:runTest(152)) - 10) numMessages=10, printing ALL groups
  s0:  RUNNING  FOLLOWER s0@group-76E74FC0E99E:t1, leader=s1, voted=s1, raftlog=Memoized:s0@group-76E74FC0E99E-SegmentedRaftLog:OPENED:c2, conf=0: peers:[s0|localhost:15012, s1|localhost:15016, s2|localhost:15020]|listeners:[], old=null RUNNING
  s1:  RUNNING    LEADER s1@group-76E74FC0E99E:t1, leader=s1, voted=s1, raftlog=Memoized:s1@group-76E74FC0E99E-SegmentedRaftLog:OPENED:c2, conf=0: peers:[s0|localhost:15012, s1|localhost:15016, s2|localhost:15020]|listeners:[], old=null RUNNING
  s2:  RUNNING  FOLLOWER s2@group-76E74FC0E99E:t1, leader=s1, voted=s1, raftlog=Memoized:s2@group-76E74FC0E99E-SegmentedRaftLog:OPENED:c1, conf=0: peers:[s0|localhost:15012, s1|localhost:15016, s2|localhost:15020]|listeners:[], old=null RUNNING
2024-01-25 07:58:08,999 [Time-limited test] INFO  grpc.TestWatchRequestWithGrpc (WatchRequestTests.java:runTestWatchRequestAsync(229)) - block leader s1
2024-01-25 07:58:08,999 [Time-limited test] INFO  impl.SimpleStateMachine4Testing (SimpleStateMachine4Testing.java:block(135)) - block START_TRANSACTION
2024-01-25 07:58:08,999 [Time-limited test] INFO  grpc.TestWatchRequestWithGrpc (WatchRequestTests.java:runTestWatchRequestAsync(235)) - block follower s0
2024-01-25 07:58:08,999 [Time-limited test] INFO  impl.SimpleStateMachine4Testing (SimpleStateMachine4Testing.java:block(135)) - block FLUSH_STATE_MACHINE_DATA
2024-01-25 07:58:08,999 [Time-limited test] INFO  grpc.TestWatchRequestWithGrpc (WatchRequestTests.java:sendRequests(105)) - SEND_REQUEST 0: message=m0
2024-01-25 07:58:09,000 [Time-limited test] DEBUG client.RaftClient (RaftClientImpl.java:get(158)) - client-5FE4B4CCF4A1: get 115 returns []
2024-01-25 07:58:09,000 [Time-limited test] DEBUG client.RaftClient (RaftClientImpl.java:newRequest(95)) - attempt #1, newRequest RaftClientRequest:client-5FE4B4CCF4A1->s1@group-76E74FC0E99E, cid=115, seq=3, RW, m0
2024-01-25 07:58:09,000 [Time-limited test] INFO  grpc.TestWatchRequestWithGrpc (WatchRequestTests.java:sendRequests(105)) - SEND_REQUEST 1: message=m1
2024-01-25 07:58:09,000 [Time-limited test] DEBUG client.RaftClient (RaftClientImpl.java:get(158)) - client-5FE4B4CCF4A1: get 116 returns []
2024-01-25 07:58:09,000 [Time-limited test] DEBUG client.RaftClient (RaftClientImpl.java:newRequest(95)) - attempt #1, newRequest RaftClientRequest:client-5FE4B4CCF4A1->s1@group-76E74FC0E99E, cid=116, seq=4, RW, m1
2024-01-25 07:58:09,000 [s1-client-thread1] DEBUG server.RaftServer$Division (RaftServerImpl.java:submitClientRequestAsync(880)) - s1@group-76E74FC0E99E: receive client request(RaftClientRequest:client-5FE4B4CCF4A1->s1@group-76E74FC0E99E, cid=115, seq=3, RW, Message:6d30)
2024-01-25 07:58:09,000 [Time-limited test] INFO  grpc.TestWatchRequestWithGrpc (WatchRequestTests.java:sendRequests(105)) - SEND_REQUEST 2: message=m2
2024-01-25 07:58:09,000 [Time-limited test] DEBUG client.RaftClient (RaftClientImpl.java:get(158)) - client-5FE4B4CCF4A1: get 117 returns []
2024-01-25 07:58:09,000 [Time-limited test] DEBUG client.RaftClient (RaftClientImpl.java:newRequest(95)) - attempt #1, newRequest RaftClientRequest:client-5FE4B4CCF4A1->s1@group-76E74FC0E99E, cid=117, seq=5, RW, m2
2024-01-25 07:58:09,000 [Time-limited test] INFO  grpc.TestWatchRequestWithGrpc (WatchRequestTests.java:sendRequests(105)) - SEND_REQUEST 3: message=m3
2024-01-25 07:58:09,001 [Time-limited test] DEBUG client.RaftClient (RaftClientImpl.java:get(158)) - client-5FE4B4CCF4A1: get 118 returns []
2024-01-25 07:58:09,001 [Time-limited test] DEBUG client.RaftClient (RaftClientImpl.java:newRequest(95)) - attempt #1, newRequest RaftClientRequest:client-5FE4B4CCF4A1->s1@group-76E74FC0E99E, cid=118, seq=6, RW, m3
2024-01-25 07:58:09,001 [Time-limited test] INFO  grpc.TestWatchRequestWithGrpc (WatchRequestTests.java:sendRequests(105)) - SEND_REQUEST 4: message=m4
2024-01-25 07:58:09,001 [Time-limited test] DEBUG client.RaftClient (RaftClientImpl.java:get(158)) - client-5FE4B4CCF4A1: get 119 returns []
2024-01-25 07:58:09,001 [Time-limited test] DEBUG client.RaftClient (RaftClientImpl.java:newRequest(95)) - attempt #1, newRequest RaftClientRequest:client-5FE4B4CCF4A1->s1@group-76E74FC0E99E, cid=119, seq=7, RW, m4
2024-01-25 07:58:09,001 [Time-limited test] INFO  grpc.TestWatchRequestWithGrpc (WatchRequestTests.java:sendRequests(105)) - SEND_REQUEST 5: message=m5
2024-01-25 07:58:09,001 [Time-limited test] DEBUG client.RaftClient (RaftClientImpl.java:get(158)) - client-5FE4B4CCF4A1: get 120 returns []
2024-01-25 07:58:09,001 [Time-limited test] DEBUG client.RaftClient (RaftClientImpl.java:newRequest(95)) - attempt #1, newRequest RaftClientRequest:client-5FE4B4CCF4A1->s1@group-76E74FC0E99E, cid=120, seq=8, RW, m5
2024-01-25 07:58:09,001 [Time-limited test] INFO  grpc.TestWatchRequestWithGrpc (WatchRequestTests.java:sendRequests(105)) - SEND_REQUEST 6: message=m6
2024-01-25 07:58:09,001 [Time-limited test] DEBUG client.RaftClient (RaftClientImpl.java:get(158)) - client-5FE4B4CCF4A1: get 121 returns []
2024-01-25 07:58:09,001 [Time-limited test] DEBUG client.RaftClient (RaftClientImpl.java:newRequest(95)) - attempt #1, newRequest RaftClientRequest:client-5FE4B4CCF4A1->s1@group-76E74FC0E99E, cid=121, seq=9, RW, m6
2024-01-25 07:58:09,001 [Time-limited test] INFO  grpc.TestWatchRequestWithGrpc (WatchRequestTests.java:sendRequests(105)) - SEND_REQUEST 7: message=m7
2024-01-25 07:58:09,002 [Time-limited test] DEBUG client.RaftClient (RaftClientImpl.java:get(158)) - client-5FE4B4CCF4A1: get 122 returns []
2024-01-25 07:58:09,002 [Time-limited test] DEBUG client.RaftClient (RaftClientImpl.java:newRequest(95)) - attempt #1, newRequest RaftClientRequest:client-5FE4B4CCF4A1->s1@group-76E74FC0E99E, cid=122, seq=10, RW, m7
2024-01-25 07:58:09,002 [Time-limited test] INFO  grpc.TestWatchRequestWithGrpc (WatchRequestTests.java:sendRequests(105)) - SEND_REQUEST 8: message=m8
2024-01-25 07:58:09,002 [Time-limited test] DEBUG client.RaftClient (RaftClientImpl.java:get(158)) - client-5FE4B4CCF4A1: get 123 returns []
2024-01-25 07:58:09,002 [Time-limited test] DEBUG client.RaftClient (RaftClientImpl.java:newRequest(95)) - attempt #1, newRequest RaftClientRequest:client-5FE4B4CCF4A1->s1@group-76E74FC0E99E, cid=123, seq=11, RW, m8
2024-01-25 07:58:09,002 [Time-limited test] INFO  grpc.TestWatchRequestWithGrpc (WatchRequestTests.java:sendRequests(105)) - SEND_REQUEST 9: message=m9
2024-01-25 07:58:09,002 [Time-limited test] DEBUG client.RaftClient (RaftClientImpl.java:get(158)) - client-5FE4B4CCF4A1: get 124 returns []
2024-01-25 07:58:09,002 [Time-limited test] DEBUG client.RaftClient (RaftClientImpl.java:newRequest(95)) - attempt #1, newRequest RaftClientRequest:client-5FE4B4CCF4A1->s1@group-76E74FC0E99E, cid=124, seq=12, RW, m9
2024-01-25 07:58:09,075 [grpc-default-executor-3] DEBUG impl.WatchRequests (WatchRequests.java:updateIndex(150)) - s1@group-76E74FC0E99E-WatchRequests: update ALL_COMMITTED index from 1 to 2
2024-01-25 07:58:10,002 [Time-limited test] INFO  impl.SimpleStateMachine4Testing (SimpleStateMachine4Testing.java:unblock(142)) - unblock START_TRANSACTION
2024-01-25 07:58:10,002 [Time-limited test] INFO  grpc.TestWatchRequestWithGrpc (WatchRequestTests.java:runTestWatchRequestAsync(254)) - unblock leader s1
2024-01-25 07:58:10,003 [s1-client-thread1] DEBUG server.RaftServer$Division (LeaderStateImpl.java:addPendingRequest(533)) - s1@group-76E74FC0E99E-LeaderStateImpl: addPendingRequest at RaftClientRequest:client-5FE4B4CCF4A1->s1@group-76E74FC0E99E, cid=115, seq=3, RW, Message:6d30, entry=(t:1, i:3), STATEMACHINELOGENTRY, 115@client-5FE4B4CCF4A1
2024-01-25 07:58:10,003 [s1-client-thread1] DEBUG server.RaftServer$Division (RaftServerImpl.java:submitClientRequestAsync(880)) - s1@group-76E74FC0E99E: receive client request(RaftClientRequest:client-5FE4B4CCF4A1->s1@group-76E74FC0E99E, cid=116, seq=4, RW, Message:6d31)
2024-01-25 07:58:10,004 [s0-server-thread1] DEBUG server.RaftServer$Division (RaftServerImpl.java:logAppendEntries(1520)) - s0@group-76E74FC0E99E: receive appendEntries(s1, 1, (t:1, i:2), 2, false, commits:[s1:c2, s0:c2, s2:c2], cId:48, entries: [(t:1, i:3), STATEMACHINELOGENTRY, 115@client-5FE4B4CCF4A1]
2024-01-25 07:58:10,004 [s2-server-thread2] DEBUG server.RaftServer$Division (RaftServerImpl.java:logAppendEntries(1520)) - s2@group-76E74FC0E99E: receive appendEntries(s1, 1, (t:1, i:2), 2, false, commits:[s1:c2, s0:c2, s2:c2], cId:67, entries: [(t:1, i:3), STATEMACHINELOGENTRY, 115@client-5FE4B4CCF4A1]
2024-01-25 07:58:10,004 [s1-client-thread1] DEBUG server.RaftServer$Division (LeaderStateImpl.java:addPendingRequest(533)) - s1@group-76E74FC0E99E-LeaderStateImpl: addPendingRequest at RaftClientRequest:client-5FE4B4CCF4A1->s1@group-76E74FC0E99E, cid=116, seq=4, RW, Message:6d31, entry=(t:1, i:4), STATEMACHINELOGENTRY, 116@client-5FE4B4CCF4A1
2024-01-25 07:58:10,004 [s1-client-thread1] DEBUG server.RaftServer$Division (RaftServerImpl.java:submitClientRequestAsync(880)) - s1@group-76E74FC0E99E: receive client request(RaftClientRequest:client-5FE4B4CCF4A1->s1@group-76E74FC0E99E, cid=117, seq=5, RW, Message:6d32)
2024-01-25 07:58:10,004 [s2-server-thread2] DEBUG server.RaftServer$Division (RaftServerImpl.java:logAppendEntries(1520)) - s2@group-76E74FC0E99E: succeeded to handle AppendEntries. Reply: s1<-s2#67:OK-t1,SUCCESS,nextIndex=4,followerCommit=2,matchIndex=3
2024-01-25 07:58:10,004 [s1-client-thread1] DEBUG server.RaftServer$Division (LeaderStateImpl.java:addPendingRequest(533)) - s1@group-76E74FC0E99E-LeaderStateImpl: addPendingRequest at RaftClientRequest:client-5FE4B4CCF4A1->s1@group-76E74FC0E99E, cid=117, seq=5, RW, Message:6d32, entry=(t:1, i:5), STATEMACHINELOGENTRY, 117@client-5FE4B4CCF4A1
2024-01-25 07:58:10,005 [s1-client-thread1] DEBUG server.RaftServer$Division (RaftServerImpl.java:submitClientRequestAsync(880)) - s1@group-76E74FC0E99E: receive client request(RaftClientRequest:client-5FE4B4CCF4A1->s1@group-76E74FC0E99E, cid=118, seq=6, RW, Message:6d33)
2024-01-25 07:58:10,005 [s1@group-76E74FC0E99E-StateMachineUpdater] INFO  impl.SimpleStateMachine4Testing (SimpleStateMachine4Testing.java:applyTransaction(248)) - applyTransaction for log index 3
2024-01-25 07:58:10,005 [s1@group-76E74FC0E99E-LeaderStateImpl] DEBUG impl.WatchRequests (WatchRequests.java:updateIndex(150)) - s1@group-76E74FC0E99E-WatchRequests: update MAJORITY index from 2 to 3
2024-01-25 07:58:10,005 [s1@group-76E74FC0E99E-StateMachineUpdater] INFO  impl.SimpleStateMachine4Testing (SimpleStateMachine4Testing.java:put(205)) - s1: put 3, m0 -> (t:1, i:3), STATEMACHINELOGENTRY, 115@client-5FE4B4CCF4A1
2024-01-25 07:58:10,006 [s1-client-thread1] DEBUG server.RaftServer$Division (LeaderStateImpl.java:addPendingRequest(533)) - s1@group-76E74FC0E99E-LeaderStateImpl: addPendingRequest at RaftClientRequest:client-5FE4B4CCF4A1->s1@group-76E74FC0E99E, cid=118, seq=6, RW, Message:6d33, entry=(t:1, i:7), STATEMACHINELOGENTRY, 118@client-5FE4B4CCF4A1
2024-01-25 07:58:10,006 [s0-server-thread1] DEBUG server.RaftServer$Division (RaftServerImpl.java:logAppendEntries(1520)) - s0@group-76E74FC0E99E: receive appendEntries(s1, 1, (t:1, i:3), 2, false, commits:[s1:c2, s0:c2, s2:c2], cId:49, entries: [(t:1, i:4), STATEMACHINELOGENTRY, 116@client-5FE4B4CCF4A1]
2024-01-25 07:58:10,006 [s1-client-thread1] DEBUG server.RaftServer$Division (RaftServerImpl.java:submitClientRequestAsync(880)) - s1@group-76E74FC0E99E: receive client request(RaftClientRequest:client-5FE4B4CCF4A1->s1@group-76E74FC0E99E, cid=119, seq=7, RW, Message:6d34)
2024-01-25 07:58:10,006 [s2-server-thread2] DEBUG server.RaftServer$Division (RaftServerImpl.java:logAppendEntries(1520)) - s2@group-76E74FC0E99E: receive appendEntries(s1, 1, (t:1, i:3), 2, false, commits:[s1:c2, s0:c2, s2:c2], cId:68, entries: [(t:1, i:4), STATEMACHINELOGENTRY, 116@client-5FE4B4CCF4A1]
2024-01-25 07:58:10,006 [s1-client-thread1] DEBUG server.RaftServer$Division (LeaderStateImpl.java:addPendingRequest(533)) - s1@group-76E74FC0E99E-LeaderStateImpl: addPendingRequest at RaftClientRequest:client-5FE4B4CCF4A1->s1@group-76E74FC0E99E, cid=119, seq=7, RW, Message:6d34, entry=(t:1, i:8), STATEMACHINELOGENTRY, 119@client-5FE4B4CCF4A1
2024-01-25 07:58:10,007 [s2-server-thread2] DEBUG server.RaftServer$Division (RaftServerImpl.java:logAppendEntries(1520)) - s2@group-76E74FC0E99E: succeeded to handle AppendEntries. Reply: s1<-s2#68:OK-t1,SUCCESS,nextIndex=5,followerCommit=2,matchIndex=4
2024-01-25 07:58:10,007 [s1-client-thread1] DEBUG server.RaftServer$Division (RaftServerImpl.java:submitClientRequestAsync(880)) - s1@group-76E74FC0E99E: receive client request(RaftClientRequest:client-5FE4B4CCF4A1->s1@group-76E74FC0E99E, cid=120, seq=8, RW, Message:6d35)
2024-01-25 07:58:10,007 [s0-server-thread1] DEBUG server.RaftServer$Division (RaftServerImpl.java:logAppendEntries(1520)) - s0@group-76E74FC0E99E: receive appendEntries(s1, 1, (t:1, i:4), 3, false, commits:[s1:c3, s0:c2, s2:c2], cId:50, entries: [(t:1, i:5), STATEMACHINELOGENTRY, 117@client-5FE4B4CCF4A1, (t:1, i:6), METADATAENTRY(c:3)]
2024-01-25 07:58:10,007 [s1-client-thread1] DEBUG server.RaftServer$Division (LeaderStateImpl.java:addPendingRequest(533)) - s1@group-76E74FC0E99E-LeaderStateImpl: addPendingRequest at RaftClientRequest:client-5FE4B4CCF4A1->s1@group-76E74FC0E99E, cid=120, seq=8, RW, Message:6d35, entry=(t:1, i:9), STATEMACHINELOGENTRY, 120@client-5FE4B4CCF4A1
2024-01-25 07:58:10,007 [s1-client-thread1] DEBUG server.RaftServer$Division (RaftServerImpl.java:submitClientRequestAsync(880)) - s1@group-76E74FC0E99E: receive client request(RaftClientRequest:client-5FE4B4CCF4A1->s1@group-76E74FC0E99E, cid=121, seq=9, RW, Message:6d36)
2024-01-25 07:58:10,007 [s2-server-thread2] DEBUG server.RaftServer$Division (RaftServerImpl.java:logAppendEntries(1520)) - s2@group-76E74FC0E99E: receive appendEntries(s1, 1, (t:1, i:4), 3, false, commits:[s1:c3, s0:c2, s2:c2], cId:69, entries: [(t:1, i:5), STATEMACHINELOGENTRY, 117@client-5FE4B4CCF4A1, (t:1, i:6), METADATAENTRY(c:3), (t:1, i:7), STATEMACHINELOGENTRY, 118@client-5FE4B4CCF4A1]
2024-01-25 07:58:10,007 [s1@group-76E74FC0E99E-LeaderStateImpl] DEBUG impl.WatchRequests (WatchRequests.java:updateIndex(150)) - s1@group-76E74FC0E99E-WatchRequests: update MAJORITY index from 3 to 4
2024-01-25 07:58:10,008 [grpc-default-executor-2] DEBUG client.RaftClient (RaftClientImpl.java:add(146)) - client-5FE4B4CCF4A1: add replied callId 115
2024-01-25 07:58:10,008 [grpc-default-executor-2] INFO  grpc.TestWatchRequestWithGrpc (WatchRequestTests.java:lambda$sendRequests$0(113)) - SEND_WATCH: message=m0, logIndex=3
2024-01-25 07:58:10,008 [grpc-default-executor-2] DEBUG client.RaftClient (RaftClientImpl.java:get(158)) - client-5FE4B4CCF4A1: get 125 returns [115]
2024-01-25 07:58:10,008 [grpc-default-executor-2] DEBUG client.RaftClient (RaftClientImpl.java:newRequest(95)) - attempt #1, newRequest RaftClientRequest:client-5FE4B4CCF4A1->s1@group-76E74FC0E99E, cid=125, seq=null, Watch(3), null
2024-01-25 07:58:10,008 [grpc-default-executor-2] DEBUG impl.UnorderedAsync (UnorderedAsync.java:sendRequestWithRetry(80)) - client-5FE4B4CCF4A1: attempt #1 send~ RaftClientRequest:client-5FE4B4CCF4A1->s1@group-76E74FC0E99E, cid=125, seq=null, Watch(3), null
2024-01-25 07:58:10,008 [s1@group-76E74FC0E99E-StateMachineUpdater] INFO  impl.SimpleStateMachine4Testing (SimpleStateMachine4Testing.java:applyTransaction(248)) - applyTransaction for log index 4
2024-01-25 07:58:10,009 [grpc-default-executor-2] DEBUG client.RaftClient (RaftClientImpl.java:get(158)) - client-5FE4B4CCF4A1: get 126 returns []
2024-01-25 07:58:10,009 [grpc-default-executor-2] DEBUG client.RaftClient (RaftClientImpl.java:newRequest(95)) - attempt #1, newRequest RaftClientRequest:client-5FE4B4CCF4A1->s1@group-76E74FC0E99E, cid=126, seq=null, Watch-ALL(3), null
2024-01-25 07:58:10,009 [grpc-default-executor-2] DEBUG impl.UnorderedAsync (UnorderedAsync.java:sendRequestWithRetry(80)) - client-5FE4B4CCF4A1: attempt #1 send~ RaftClientRequest:client-5FE4B4CCF4A1->s1@group-76E74FC0E99E, cid=126, seq=null, Watch-ALL(3), null
2024-01-25 07:58:10,008 [s0-server-thread1] DEBUG server.RaftServer$Division (RaftServerImpl.java:logAppendEntries(1520)) - s0@group-76E74FC0E99E: receive appendEntries(s1, 1, (t:1, i:6), 3, false, commits:[s1:c3, s0:c2, s2:c2], cId:51, entries: [(t:1, i:7), STATEMACHINELOGENTRY, 118@client-5FE4B4CCF4A1, (t:1, i:8), STATEMACHINELOGENTRY, 119@client-5FE4B4CCF4A1]
2024-01-25 07:58:10,009 [s2@group-76E74FC0E99E-StateMachineUpdater] INFO  impl.SimpleStateMachine4Testing (SimpleStateMachine4Testing.java:applyTransaction(248)) - applyTransaction for log index 3
2024-01-25 07:58:10,009 [s2@group-76E74FC0E99E-StateMachineUpdater] INFO  impl.SimpleStateMachine4Testing (SimpleStateMachine4Testing.java:put(205)) - s2: put 3, m0 -> (t:1, i:3), STATEMACHINELOGENTRY, 115@client-5FE4B4CCF4A1
2024-01-25 07:58:10,009 [s1@group-76E74FC0E99E-StateMachineUpdater] INFO  impl.SimpleStateMachine4Testing (SimpleStateMachine4Testing.java:put(205)) - s1: put 4, m1 -> (t:1, i:4), STATEMACHINELOGENTRY, 116@client-5FE4B4CCF4A1
2024-01-25 07:58:10,009 [s2-server-thread1] DEBUG server.RaftServer$Division (RaftServerImpl.java:logAppendEntries(1520)) - s2@group-76E74FC0E99E: succeeded to handle AppendEntries. Reply: s1<-s2#69:OK-t1,SUCCESS,nextIndex=8,followerCommit=3,matchIndex=7
2024-01-25 07:58:10,009 [s1-client-thread1] DEBUG server.RaftServer$Division (LeaderStateImpl.java:addPendingRequest(533)) - s1@group-76E74FC0E99E-LeaderStateImpl: addPendingRequest at RaftClientRequest:client-5FE4B4CCF4A1->s1@group-76E74FC0E99E, cid=121, seq=9, RW, Message:6d36, entry=(t:1, i:11), STATEMACHINELOGENTRY, 121@client-5FE4B4CCF4A1
2024-01-25 07:58:10,009 [grpc-default-executor-2] DEBUG client.RaftClient (RaftClientImpl.java:get(158)) - client-5FE4B4CCF4A1: get 127 returns []
2024-01-25 07:58:10,010 [grpc-default-executor-2] DEBUG client.RaftClient (RaftClientImpl.java:newRequest(95)) - attempt #1, newRequest RaftClientRequest:client-5FE4B4CCF4A1->s1@group-76E74FC0E99E, cid=127, seq=null, Watch-MAJORITY_COMMITTED(3), null
2024-01-25 07:58:10,010 [grpc-default-executor-2] DEBUG impl.UnorderedAsync (UnorderedAsync.java:sendRequestWithRetry(80)) - client-5FE4B4CCF4A1: attempt #1 send~ RaftClientRequest:client-5FE4B4CCF4A1->s1@group-76E74FC0E99E, cid=127, seq=null, Watch-MAJORITY_COMMITTED(3), null
2024-01-25 07:58:10,010 [grpc-default-executor-2] DEBUG client.RaftClient (RaftClientImpl.java:get(158)) - client-5FE4B4CCF4A1: get 128 returns []
2024-01-25 07:58:10,010 [grpc-default-executor-2] DEBUG client.RaftClient (RaftClientImpl.java:newRequest(95)) - attempt #1, newRequest RaftClientRequest:client-5FE4B4CCF4A1->s1@group-76E74FC0E99E, cid=128, seq=null, Watch-ALL_COMMITTED(3), null
2024-01-25 07:58:10,010 [s1-client-thread1] DEBUG server.RaftServer$Division (RaftServerImpl.java:submitClientRequestAsync(880)) - s1@group-76E74FC0E99E: receive client request(RaftClientRequest:client-5FE4B4CCF4A1->s1@group-76E74FC0E99E, cid=125, seq=null, Watch(3), Message:<EMPTY>)
2024-01-25 07:58:10,010 [grpc-default-executor-1] DEBUG impl.WatchRequests (WatchRequests.java:updateIndex(150)) - s1@group-76E74FC0E99E-WatchRequests: update MAJORITY_COMMITTED index from 2 to 3
2024-01-25 07:58:10,011 [s1-client-thread1] DEBUG server.RaftServer$Division (LeaderStateImpl.java:addWatchRequest(552)) - s1@group-76E74FC0E99E-LeaderStateImpl: addWatchRequest RaftClientRequest:client-5FE4B4CCF4A1->s1@group-76E74FC0E99E, cid=125, seq=null, Watch(3), Message:<EMPTY>
2024-01-25 07:58:10,011 [s1-client-thread2] DEBUG server.RaftServer$Division (RaftServerImpl.java:submitClientRequestAsync(880)) - s1@group-76E74FC0E99E: receive client request(RaftClientRequest:client-5FE4B4CCF4A1->s1@group-76E74FC0E99E, cid=122, seq=10, RW, Message:6d37)
2024-01-25 07:58:10,010 [grpc-default-executor-2] DEBUG impl.UnorderedAsync (UnorderedAsync.java:sendRequestWithRetry(80)) - client-5FE4B4CCF4A1: attempt #1 send~ RaftClientRequest:client-5FE4B4CCF4A1->s1@group-76E74FC0E99E, cid=128, seq=null, Watch-ALL_COMMITTED(3), null
2024-01-25 07:58:10,011 [s1-client-thread2] DEBUG server.RaftServer$Division (LeaderStateImpl.java:addPendingRequest(533)) - s1@group-76E74FC0E99E-LeaderStateImpl: addPendingRequest at RaftClientRequest:client-5FE4B4CCF4A1->s1@group-76E74FC0E99E, cid=122, seq=10, RW, Message:6d37, entry=(t:1, i:12), STATEMACHINELOGENTRY, 122@client-5FE4B4CCF4A1
2024-01-25 07:58:10,011 [Time-limited test] INFO  grpc.TestWatchRequestWithGrpc (WatchRequestTests.java:checkMajority(275)) - checkMajority 0: receive RaftClientReply:client-5FE4B4CCF4A1->s1@group-76E74FC0E99E, cid=115, SUCCESS, logIndex=3, commits[s1:c3, s0:c2, s2:c2]
2024-01-25 07:58:10,011 [s0-server-thread1] DEBUG server.RaftServer$Division (RaftServerImpl.java:logAppendEntries(1520)) - s0@group-76E74FC0E99E: receive appendEntries(s1, 1, (t:1, i:8), 4, false, commits:[s1:c4, s0:c2, s2:c3], cId:52, entries: [(t:1, i:9), STATEMACHINELOGENTRY, 120@client-5FE4B4CCF4A1, (t:1, i:10), METADATAENTRY(c:4), (t:1, i:11), STATEMACHINELOGENTRY, 121@client-5FE4B4CCF4A1]
2024-01-25 07:58:10,012 [s1@group-76E74FC0E99E-LeaderStateImpl] DEBUG impl.WatchRequests (WatchRequests.java:updateIndex(150)) - s1@group-76E74FC0E99E-WatchRequests: update MAJORITY index from 4 to 7
2024-01-25 07:58:10,012 [s1-client-thread1] DEBUG server.RaftServer$Division (RaftServerImpl.java:submitClientRequestAsync(880)) - s1@group-76E74FC0E99E: receive client request(RaftClientRequest:client-5FE4B4CCF4A1->s1@group-76E74FC0E99E, cid=126, seq=null, Watch-ALL(3), Message:<EMPTY>)
2024-01-25 07:58:10,012 [s1-client-thread1] DEBUG server.RaftServer$Division (LeaderStateImpl.java:addWatchRequest(552)) - s1@group-76E74FC0E99E-LeaderStateImpl: addWatchRequest RaftClientRequest:client-5FE4B4CCF4A1->s1@group-76E74FC0E99E, cid=126, seq=null, Watch-ALL(3), Message:<EMPTY>
2024-01-25 07:58:10,012 [s1@group-76E74FC0E99E-StateMachineUpdater] INFO  impl.SimpleStateMachine4Testing (SimpleStateMachine4Testing.java:applyTransaction(248)) - applyTransaction for log index 5
2024-01-25 07:58:10,012 [s1@group-76E74FC0E99E-StateMachineUpdater] INFO  impl.SimpleStateMachine4Testing (SimpleStateMachine4Testing.java:put(205)) - s1: put 5, m2 -> (t:1, i:5), STATEMACHINELOGENTRY, 117@client-5FE4B4CCF4A1
2024-01-25 07:58:10,012 [s1-client-thread1] DEBUG server.RaftServer$Division (RaftServerImpl.java:submitClientRequestAsync(880)) - s1@group-76E74FC0E99E: receive client request(RaftClientRequest:client-5FE4B4CCF4A1->s1@group-76E74FC0E99E, cid=127, seq=null, Watch-MAJORITY_COMMITTED(3), Message:<EMPTY>)
2024-01-25 07:58:10,012 [s1-client-thread1] DEBUG server.RaftServer$Division (LeaderStateImpl.java:addWatchRequest(552)) - s1@group-76E74FC0E99E-LeaderStateImpl: addWatchRequest RaftClientRequest:client-5FE4B4CCF4A1->s1@group-76E74FC0E99E, cid=127, seq=null, Watch-MAJORITY_COMMITTED(3), Message:<EMPTY>
2024-01-25 07:58:10,012 [s1@group-76E74FC0E99E-StateMachineUpdater] INFO  impl.SimpleStateMachine4Testing (SimpleStateMachine4Testing.java:applyTransaction(248)) - applyTransaction for log index 7
2024-01-25 07:58:10,012 [s1@group-76E74FC0E99E-StateMachineUpdater] INFO  impl.SimpleStateMachine4Testing (SimpleStateMachine4Testing.java:put(205)) - s1: put 7, m3 -> (t:1, i:7), STATEMACHINELOGENTRY, 118@client-5FE4B4CCF4A1
2024-01-25 07:58:10,012 [s2-server-thread1] DEBUG server.RaftServer$Division (RaftServerImpl.java:logAppendEntries(1520)) - s2@group-76E74FC0E99E: receive appendEntries(s1, 1, (t:1, i:7), 4, false, commits:[s1:c4, s0:c2, s2:c3], cId:70, entries: [(t:1, i:8), STATEMACHINELOGENTRY, 119@client-5FE4B4CCF4A1, (t:1, i:9), STATEMACHINELOGENTRY, 120@client-5FE4B4CCF4A1, (t:1, i:10), METADATAENTRY(c:4), (t:1, i:11), STATEMACHINELOGENTRY, 121@client-5FE4B4CCF4A1]
2024-01-25 07:58:10,013 [ForkJoinPool.commonPool-worker-3] DEBUG impl.UnorderedAsync (UnorderedAsync.java:lambda$sendRequestWithRetry$4(83)) - client-5FE4B4CCF4A1: attempt #1 receive~ RaftClientReply:client-5FE4B4CCF4A1->s1@group-76E74FC0E99E, cid=125, SUCCESS, logIndex=4, commits[s1:c4, s0:c2, s2:c3]
2024-01-25 07:58:10,013 [s1-client-thread1] DEBUG server.RaftServer$Division (RaftServerImpl.java:submitClientRequestAsync(880)) - s1@group-76E74FC0E99E: receive client request(RaftClientRequest:client-5FE4B4CCF4A1->s1@group-76E74FC0E99E, cid=123, seq=11, RW, Message:6d38)
2024-01-25 07:58:10,013 [s0-server-thread1] DEBUG server.RaftServer$Division (RaftServerImpl.java:logAppendEntries(1520)) - s0@group-76E74FC0E99E: receive appendEntries(s1, 1, (t:1, i:11), 4, false, commits:[s1:c4, s0:c2, s2:c3], cId:53, entries: [(t:1, i:12), STATEMACHINELOGENTRY, 122@client-5FE4B4CCF4A1]
2024-01-25 07:58:10,013 [s2@group-76E74FC0E99E-StateMachineUpdater] INFO  impl.SimpleStateMachine4Testing (SimpleStateMachine4Testing.java:applyTransaction(248)) - applyTransaction for log index 4
2024-01-25 07:58:10,013 [s2-server-thread2] DEBUG server.RaftServer$Division (RaftServerImpl.java:logAppendEntries(1520)) - s2@group-76E74FC0E99E: succeeded to handle AppendEntries. Reply: s1<-s2#70:OK-t1,SUCCESS,nextIndex=12,followerCommit=4,matchIndex=11
2024-01-25 07:58:10,014 [s2@group-76E74FC0E99E-StateMachineUpdater] INFO  impl.SimpleStateMachine4Testing (SimpleStateMachine4Testing.java:put(205)) - s2: put 4, m1 -> (t:1, i:4), STATEMACHINELOGENTRY, 116@client-5FE4B4CCF4A1
2024-01-25 07:58:10,014 [s2-server-thread1] DEBUG server.RaftServer$Division (RaftServerImpl.java:logAppendEntries(1520)) - s2@group-76E74FC0E99E: receive appendEntries(s1, 1, (t:1, i:11), 7, false, commits:[s1:c7, s0:c2, s2:c3], cId:71, entries: [(t:1, i:12), STATEMACHINELOGENTRY, 122@client-5FE4B4CCF4A1, (t:1, i:13), METADATAENTRY(c:7)]
2024-01-25 07:58:10,014 [grpc-default-executor-4] DEBUG impl.WatchRequests (WatchRequests.java:updateIndex(150)) - s1@group-76E74FC0E99E-WatchRequests: update MAJORITY_COMMITTED index from 3 to 4
2024-01-25 07:58:10,014 [Time-limited test] INFO  grpc.TestWatchRequestWithGrpc (WatchRequestTests.java:get(214)) - majority-Watch(3) returns RaftClientReply:client-5FE4B4CCF4A1->s1@group-76E74FC0E99E, cid=125, SUCCESS, logIndex=4, commits[s1:c4, s0:c2, s2:c3]
2024-01-25 07:58:10,014 [s1-client-thread1] DEBUG server.RaftServer$Division (LeaderStateImpl.java:addPendingRequest(533)) - s1@group-76E74FC0E99E-LeaderStateImpl: addPendingRequest at RaftClientRequest:client-5FE4B4CCF4A1->s1@group-76E74FC0E99E, cid=123, seq=11, RW, Message:6d38, entry=(t:1, i:14), STATEMACHINELOGENTRY, 123@client-5FE4B4CCF4A1
2024-01-25 07:58:10,015 [s2-server-thread1] DEBUG server.RaftServer$Division (RaftServerImpl.java:logAppendEntries(1520)) - s2@group-76E74FC0E99E: succeeded to handle AppendEntries. Reply: s1<-s2#71:OK-t1,SUCCESS,nextIndex=14,followerCommit=7,matchIndex=13
2024-01-25 07:58:10,015 [s2@group-76E74FC0E99E-StateMachineUpdater] INFO  impl.SimpleStateMachine4Testing (SimpleStateMachine4Testing.java:applyTransaction(248)) - applyTransaction for log index 5
2024-01-25 07:58:10,014 [s2-server-thread2] DEBUG server.RaftServer$Division (RaftServerImpl.java:logAppendEntries(1520)) - s2@group-76E74FC0E99E: receive appendEntries(s1, 1, (t:1, i:13), 7, false, commits:[s1:c7, s0:c2, s2:c4], cId:72, entries: [(t:1, i:14), STATEMACHINELOGENTRY, 123@client-5FE4B4CCF4A1]
2024-01-25 07:58:10,014 [s0-server-thread1] DEBUG server.RaftServer$Division (RaftServerImpl.java:logAppendEntries(1520)) - s0@group-76E74FC0E99E: receive appendEntries(s1, 1, (t:1, i:12), 7, false, commits:[s1:c7, s0:c2, s2:c4], cId:54, entries: [(t:1, i:13), METADATAENTRY(c:7), (t:1, i:14), STATEMACHINELOGENTRY, 123@client-5FE4B4CCF4A1]
2024-01-25 07:58:10,015 [s1@group-76E74FC0E99E-LeaderStateImpl] DEBUG impl.WatchRequests (WatchRequests.java:updateIndex(150)) - s1@group-76E74FC0E99E-WatchRequests: update MAJORITY index from 7 to 11
2024-01-25 07:58:10,015 [s2@group-76E74FC0E99E-StateMachineUpdater] INFO  impl.SimpleStateMachine4Testing (SimpleStateMachine4Testing.java:put(205)) - s2: put 5, m2 -> (t:1, i:5), STATEMACHINELOGENTRY, 117@client-5FE4B4CCF4A1
2024-01-25 07:58:10,015 [s1@group-76E74FC0E99E-StateMachineUpdater] INFO  impl.SimpleStateMachine4Testing (SimpleStateMachine4Testing.java:applyTransaction(248)) - applyTransaction for log index 8
2024-01-25 07:58:10,015 [s1@group-76E74FC0E99E-StateMachineUpdater] INFO  impl.SimpleStateMachine4Testing (SimpleStateMachine4Testing.java:put(205)) - s1: put 8, m4 -> (t:1, i:8), STATEMACHINELOGENTRY, 119@client-5FE4B4CCF4A1
2024-01-25 07:58:10,015 [s2@group-76E74FC0E99E-StateMachineUpdater] INFO  impl.SimpleStateMachine4Testing (SimpleStateMachine4Testing.java:applyTransaction(248)) - applyTransaction for log index 7
2024-01-25 07:58:10,015 [s2@group-76E74FC0E99E-StateMachineUpdater] INFO  impl.SimpleStateMachine4Testing (SimpleStateMachine4Testing.java:put(205)) - s2: put 7, m3 -> (t:1, i:7), STATEMACHINELOGENTRY, 118@client-5FE4B4CCF4A1
2024-01-25 07:58:10,015 [grpc-default-executor-4] DEBUG impl.WatchRequests (WatchRequests.java:updateIndex(150)) - s1@group-76E74FC0E99E-WatchRequests: update MAJORITY_COMMITTED index from 4 to 7
2024-01-25 07:58:10,015 [s1@group-76E74FC0E99E-StateMachineUpdater] INFO  impl.SimpleStateMachine4Testing (SimpleStateMachine4Testing.java:applyTransaction(248)) - applyTransaction for log index 9
2024-01-25 07:58:10,015 [s1-client-thread2] DEBUG server.RaftServer$Division (RaftServerImpl.java:submitClientRequestAsync(880)) - s1@group-76E74FC0E99E: receive client request(RaftClientRequest:client-5FE4B4CCF4A1->s1@group-76E74FC0E99E, cid=124, seq=12, RW, Message:6d39)
2024-01-25 07:58:10,015 [s1@group-76E74FC0E99E-StateMachineUpdater] INFO  impl.SimpleStateMachine4Testing (SimpleStateMachine4Testing.java:put(205)) - s1: put 9, m5 -> (t:1, i:9), STATEMACHINELOGENTRY, 120@client-5FE4B4CCF4A1
2024-01-25 07:58:10,016 [s1@group-76E74FC0E99E-LeaderStateImpl] DEBUG impl.WatchRequests (WatchRequests.java:updateIndex(150)) - s1@group-76E74FC0E99E-WatchRequests: update MAJORITY index from 11 to 13
2024-01-25 07:58:10,015 [s2-server-thread2] DEBUG server.RaftServer$Division (RaftServerImpl.java:logAppendEntries(1520)) - s2@group-76E74FC0E99E: succeeded to handle AppendEntries. Reply: s1<-s2#72:OK-t1,SUCCESS,nextIndex=15,followerCommit=7,matchIndex=14
2024-01-25 07:58:10,016 [s1@group-76E74FC0E99E-StateMachineUpdater] INFO  impl.SimpleStateMachine4Testing (SimpleStateMachine4Testing.java:applyTransaction(248)) - applyTransaction for log index 11
2024-01-25 07:58:10,016 [s1@group-76E74FC0E99E-StateMachineUpdater] INFO  impl.SimpleStateMachine4Testing (SimpleStateMachine4Testing.java:put(205)) - s1: put 11, m6 -> (t:1, i:11), STATEMACHINELOGENTRY, 121@client-5FE4B4CCF4A1
2024-01-25 07:58:10,016 [s1-client-thread2] DEBUG server.RaftServer$Division (LeaderStateImpl.java:addPendingRequest(533)) - s1@group-76E74FC0E99E-LeaderStateImpl: addPendingRequest at RaftClientRequest:client-5FE4B4CCF4A1->s1@group-76E74FC0E99E, cid=124, seq=12, RW, Message:6d39, entry=(t:1, i:16), STATEMACHINELOGENTRY, 124@client-5FE4B4CCF4A1
2024-01-25 07:58:10,016 [s1@group-76E74FC0E99E-StateMachineUpdater] INFO  impl.SimpleStateMachine4Testing (SimpleStateMachine4Testing.java:applyTransaction(248)) - applyTransaction for log index 12
2024-01-25 07:58:10,016 [s1@group-76E74FC0E99E-StateMachineUpdater] INFO  impl.SimpleStateMachine4Testing (SimpleStateMachine4Testing.java:put(205)) - s1: put 12, m7 -> (t:1, i:12), STATEMACHINELOGENTRY, 122@client-5FE4B4CCF4A1
2024-01-25 07:58:10,016 [s1@group-76E74FC0E99E-LeaderStateImpl] DEBUG impl.WatchRequests (WatchRequests.java:updateIndex(150)) - s1@group-76E74FC0E99E-WatchRequests: update MAJORITY index from 13 to 14
2024-01-25 07:58:10,016 [s1@group-76E74FC0E99E-StateMachineUpdater] INFO  impl.SimpleStateMachine4Testing (SimpleStateMachine4Testing.java:applyTransaction(248)) - applyTransaction for log index 14
2024-01-25 07:58:10,016 [s1@group-76E74FC0E99E-StateMachineUpdater] INFO  impl.SimpleStateMachine4Testing (SimpleStateMachine4Testing.java:put(205)) - s1: put 14, m8 -> (t:1, i:14), STATEMACHINELOGENTRY, 123@client-5FE4B4CCF4A1
2024-01-25 07:58:10,016 [s1-client-thread1] DEBUG server.RaftServer$Division (RaftServerImpl.java:submitClientRequestAsync(880)) - s1@group-76E74FC0E99E: receive client request(RaftClientRequest:client-5FE4B4CCF4A1->s1@group-76E74FC0E99E, cid=128, seq=null, Watch-ALL_COMMITTED(3), Message:<EMPTY>)
2024-01-25 07:58:10,016 [s1-client-thread1] DEBUG server.RaftServer$Division (LeaderStateImpl.java:addWatchRequest(552)) - s1@group-76E74FC0E99E-LeaderStateImpl: addWatchRequest RaftClientRequest:client-5FE4B4CCF4A1->s1@group-76E74FC0E99E, cid=128, seq=null, Watch-ALL_COMMITTED(3), Message:<EMPTY>
2024-01-25 07:58:10,017 [s2-server-thread2] DEBUG server.RaftServer$Division (RaftServerImpl.java:logAppendEntries(1520)) - s2@group-76E74FC0E99E: receive appendEntries(s1, 1, (t:1, i:14), 11, false, commits:[s1:c11, s0:c2, s2:c4], cId:74, entries: [(t:1, i:15), METADATAENTRY(c:11)]
2024-01-25 07:58:10,017 [s0-server-thread1] DEBUG server.RaftServer$Division (RaftServerImpl.java:logAppendEntries(1520)) - s0@group-76E74FC0E99E: receive appendEntries(s1, 1, (t:1, i:14), 11, false, commits:[s1:c11, s0:c2, s2:c4], cId:57, entries: [(t:1, i:15), METADATAENTRY(c:11)]
2024-01-25 07:58:10,017 [grpc-default-executor-4] DEBUG client.RaftClient (RaftClientImpl.java:add(146)) - client-5FE4B4CCF4A1: add replied callId 116
2024-01-25 07:58:10,017 [grpc-default-executor-4] INFO  grpc.TestWatchRequestWithGrpc (WatchRequestTests.java:lambda$sendRequests$0(113)) - SEND_WATCH: message=m1, logIndex=4
2024-01-25 07:58:10,017 [s2@group-76E74FC0E99E-StateMachineUpdater] INFO  impl.SimpleStateMachine4Testing (SimpleStateMachine4Testing.java:applyTransaction(248)) - applyTransaction for log index 8
2024-01-25 07:58:10,017 [grpc-default-executor-4] DEBUG client.RaftClient (RaftClientImpl.java:get(158)) - client-5FE4B4CCF4A1: get 129 returns [116]
2024-01-25 07:58:10,017 [grpc-default-executor-4] DEBUG client.RaftClient (RaftClientImpl.java:newRequest(95)) - attempt #1, newRequest RaftClientRequest:client-5FE4B4CCF4A1->s1@group-76E74FC0E99E, cid=129, seq=null, Watch(4), null
2024-01-25 07:58:10,017 [grpc-default-executor-4] DEBUG impl.UnorderedAsync (UnorderedAsync.java:sendRequestWithRetry(80)) - client-5FE4B4CCF4A1: attempt #1 send~ RaftClientRequest:client-5FE4B4CCF4A1->s1@group-76E74FC0E99E, cid=129, seq=null, Watch(4), null
2024-01-25 07:58:10,018 [grpc-default-executor-4] DEBUG client.RaftClient (RaftClientImpl.java:get(158)) - client-5FE4B4CCF4A1: get 130 returns []
2024-01-25 07:58:10,018 [grpc-default-executor-4] DEBUG client.RaftClient (RaftClientImpl.java:newRequest(95)) - attempt #1, newRequest RaftClientRequest:client-5FE4B4CCF4A1->s1@group-76E74FC0E99E, cid=130, seq=null, Watch-ALL(4), null
2024-01-25 07:58:10,018 [grpc-default-executor-4] DEBUG impl.UnorderedAsync (UnorderedAsync.java:sendRequestWithRetry(80)) - client-5FE4B4CCF4A1: attempt #1 send~ RaftClientRequest:client-5FE4B4CCF4A1->s1@group-76E74FC0E99E, cid=130, seq=null, Watch-ALL(4), null
2024-01-25 07:58:10,018 [grpc-default-executor-4] DEBUG client.RaftClient (RaftClientImpl.java:get(158)) - client-5FE4B4CCF4A1: get 131 returns []
2024-01-25 07:58:10,018 [grpc-default-executor-4] DEBUG client.RaftClient (RaftClientImpl.java:newRequest(95)) - attempt #1, newRequest RaftClientRequest:client-5FE4B4CCF4A1->s1@group-76E74FC0E99E, cid=131, seq=null, Watch-MAJORITY_COMMITTED(4), null
2024-01-25 07:58:10,018 [grpc-default-executor-4] DEBUG impl.UnorderedAsync (UnorderedAsync.java:sendRequestWithRetry(80)) - client-5FE4B4CCF4A1: attempt #1 send~ RaftClientRequest:client-5FE4B4CCF4A1->s1@group-76E74FC0E99E, cid=131, seq=null, Watch-MAJORITY_COMMITTED(4), null
2024-01-25 07:58:10,017 [s2-server-thread2] DEBUG server.RaftServer$Division (RaftServerImpl.java:logAppendEntries(1520)) - s2@group-76E74FC0E99E: succeeded to handle AppendEntries. Reply: s1<-s2#74:OK-t1,SUCCESS,nextIndex=16,followerCommit=11,matchIndex=15
2024-01-25 07:58:10,018 [grpc-default-executor-4] DEBUG client.RaftClient (RaftClientImpl.java:get(158)) - client-5FE4B4CCF4A1: get 132 returns []
2024-01-25 07:58:10,018 [grpc-default-executor-4] DEBUG client.RaftClient (RaftClientImpl.java:newRequest(95)) - attempt #1, newRequest RaftClientRequest:client-5FE4B4CCF4A1->s1@group-76E74FC0E99E, cid=132, seq=null, Watch-ALL_COMMITTED(4), null
2024-01-25 07:58:10,018 [grpc-default-executor-4] DEBUG impl.UnorderedAsync (UnorderedAsync.java:sendRequestWithRetry(80)) - client-5FE4B4CCF4A1: attempt #1 send~ RaftClientRequest:client-5FE4B4CCF4A1->s1@group-76E74FC0E99E, cid=132, seq=null, Watch-ALL_COMMITTED(4), null
2024-01-25 07:58:10,017 [s2@group-76E74FC0E99E-StateMachineUpdater] INFO  impl.SimpleStateMachine4Testing (SimpleStateMachine4Testing.java:put(205)) - s2: put 8, m4 -> (t:1, i:8), STATEMACHINELOGENTRY, 119@client-5FE4B4CCF4A1
2024-01-25 07:58:10,018 [grpc-default-executor-2] DEBUG impl.WatchRequests (WatchRequests.java:updateIndex(150)) - s1@group-76E74FC0E99E-WatchRequests: update MAJORITY_COMMITTED index from 7 to 11
2024-01-25 07:58:10,019 [s2@group-76E74FC0E99E-StateMachineUpdater] INFO  impl.SimpleStateMachine4Testing (SimpleStateMachine4Testing.java:applyTransaction(248)) - applyTransaction for log index 9
2024-01-25 07:58:10,019 [s2@group-76E74FC0E99E-StateMachineUpdater] INFO  impl.SimpleStateMachine4Testing (SimpleStateMachine4Testing.java:put(205)) - s2: put 9, m5 -> (t:1, i:9), STATEMACHINELOGENTRY, 120@client-5FE4B4CCF4A1
2024-01-25 07:58:10,019 [s1@group-76E74FC0E99E-LeaderStateImpl] DEBUG impl.WatchRequests (WatchRequests.java:updateIndex(150)) - s1@group-76E74FC0E99E-WatchRequests: update MAJORITY index from 14 to 15
2024-01-25 07:58:10,019 [s2@group-76E74FC0E99E-StateMachineUpdater] INFO  impl.SimpleStateMachine4Testing (SimpleStateMachine4Testing.java:applyTransaction(248)) - applyTransaction for log index 11
2024-01-25 07:58:10,019 [s2@group-76E74FC0E99E-StateMachineUpdater] INFO  impl.SimpleStateMachine4Testing (SimpleStateMachine4Testing.java:put(205)) - s2: put 11, m6 -> (t:1, i:11), STATEMACHINELOGENTRY, 121@client-5FE4B4CCF4A1
2024-01-25 07:58:10,020 [ForkJoinPool.commonPool-worker-3] DEBUG impl.UnorderedAsync (UnorderedAsync.java:lambda$sendRequestWithRetry$4(83)) - client-5FE4B4CCF4A1: attempt #1 receive~ RaftClientReply:client-5FE4B4CCF4A1->s1@group-76E74FC0E99E, cid=127, SUCCESS, logIndex=3, commits[s1:c7, s0:c2, s2:c3]
2024-01-25 07:58:10,020 [s2-server-thread2] DEBUG server.RaftServer$Division (RaftServerImpl.java:logAppendEntries(1520)) - s2@group-76E74FC0E99E: receive appendEntries(s1, 1, (t:1, i:15), 15, false, commits:[s1:c15, s0:c2, s2:c11], cId:75, entries: [(t:1, i:16), STATEMACHINELOGENTRY, 124@client-5FE4B4CCF4A1, (t:1, i:17), METADATAENTRY(c:14)]
2024-01-25 07:58:10,020 [Time-limited test] INFO  grpc.TestWatchRequestWithGrpc (WatchRequestTests.java:get(214)) - majorityCommitted-Watch(3) returns RaftClientReply:client-5FE4B4CCF4A1->s1@group-76E74FC0E99E, cid=127, SUCCESS, logIndex=3, commits[s1:c7, s0:c2, s2:c3]
2024-01-25 07:58:10,020 [s1-client-thread1] DEBUG server.RaftServer$Division (RaftServerImpl.java:submitClientRequestAsync(880)) - s1@group-76E74FC0E99E: receive client request(RaftClientRequest:client-5FE4B4CCF4A1->s1@group-76E74FC0E99E, cid=129, seq=null, Watch(4), Message:<EMPTY>)
2024-01-25 07:58:10,020 [Time-limited test] INFO  grpc.TestWatchRequestWithGrpc (WatchRequestTests.java:checkMajority(275)) - checkMajority 1: receive RaftClientReply:client-5FE4B4CCF4A1->s1@group-76E74FC0E99E, cid=116, SUCCESS, logIndex=4, commits[s1:c4, s0:c2, s2:c2]
2024-01-25 07:58:10,020 [s1-client-thread1] DEBUG server.RaftServer$Division (LeaderStateImpl.java:addWatchRequest(552)) - s1@group-76E74FC0E99E-LeaderStateImpl: addWatchRequest RaftClientRequest:client-5FE4B4CCF4A1->s1@group-76E74FC0E99E, cid=129, seq=null, Watch(4), Message:<EMPTY>
2024-01-25 07:58:10,020 [grpc-default-executor-3] DEBUG client.RaftClient (RaftClientImpl.java:add(146)) - client-5FE4B4CCF4A1: add replied callId 117
2024-01-25 07:58:10,020 [grpc-default-executor-3] INFO  grpc.TestWatchRequestWithGrpc (WatchRequestTests.java:lambda$sendRequests$0(113)) - SEND_WATCH: message=m2, logIndex=5
2024-01-25 07:58:10,020 [grpc-default-executor-3] DEBUG client.RaftClient (RaftClientImpl.java:get(158)) - client-5FE4B4CCF4A1: get 133 returns [117]
2024-01-25 07:58:10,020 [grpc-default-executor-3] DEBUG client.RaftClient (RaftClientImpl.java:newRequest(95)) - attempt #1, newRequest RaftClientRequest:client-5FE4B4CCF4A1->s1@group-76E74FC0E99E, cid=133, seq=null, Watch(5), null
2024-01-25 07:58:10,020 [grpc-default-executor-3] DEBUG impl.UnorderedAsync (UnorderedAsync.java:sendRequestWithRetry(80)) - client-5FE4B4CCF4A1: attempt #1 send~ RaftClientRequest:client-5FE4B4CCF4A1->s1@group-76E74FC0E99E, cid=133, seq=null, Watch(5), null
2024-01-25 07:58:10,021 [s2-server-thread2] DEBUG server.RaftServer$Division (RaftServerImpl.java:logAppendEntries(1520)) - s2@group-76E74FC0E99E: succeeded to handle AppendEntries. Reply: s1<-s2#75:OK-t1,SUCCESS,nextIndex=18,followerCommit=15,matchIndex=17
2024-01-25 07:58:10,021 [ForkJoinPool.commonPool-worker-3] DEBUG impl.UnorderedAsync (UnorderedAsync.java:lambda$sendRequestWithRetry$4(83)) - client-5FE4B4CCF4A1: attempt #1 receive~ RaftClientReply:client-5FE4B4CCF4A1->s1@group-76E74FC0E99E, cid=129, SUCCESS, logIndex=15, commits[s1:c15, s0:c2, s2:c11]
2024-01-25 07:58:10,021 [Time-limited test] INFO  grpc.TestWatchRequestWithGrpc (WatchRequestTests.java:get(214)) - majority-Watch(4) returns RaftClientReply:client-5FE4B4CCF4A1->s1@group-76E74FC0E99E, cid=129, SUCCESS, logIndex=15, commits[s1:c15, s0:c2, s2:c11]
2024-01-25 07:58:10,021 [grpc-default-executor-1] DEBUG impl.WatchRequests (WatchRequests.java:updateIndex(150)) - s1@group-76E74FC0E99E-WatchRequests: update MAJORITY_COMMITTED index from 11 to 15
2024-01-25 07:58:10,020 [s1-client-thread1] DEBUG server.RaftServer$Division (RaftServerImpl.java:submitClientRequestAsync(880)) - s1@group-76E74FC0E99E: receive client request(RaftClientRequest:client-5FE4B4CCF4A1->s1@group-76E74FC0E99E, cid=130, seq=null, Watch-ALL(4), Message:<EMPTY>)
2024-01-25 07:58:10,021 [s2@group-76E74FC0E99E-StateMachineUpdater] INFO  impl.SimpleStateMachine4Testing (SimpleStateMachine4Testing.java:applyTransaction(248)) - applyTransaction for log index 12
2024-01-25 07:58:10,021 [s1@group-76E74FC0E99E-LeaderStateImpl] DEBUG impl.WatchRequests (WatchRequests.java:updateIndex(150)) - s1@group-76E74FC0E99E-WatchRequests: update MAJORITY index from 15 to 17
2024-01-25 07:58:10,021 [s2@group-76E74FC0E99E-StateMachineUpdater] INFO  impl.SimpleStateMachine4Testing (SimpleStateMachine4Testing.java:put(205)) - s2: put 12, m7 -> (t:1, i:12), STATEMACHINELOGENTRY, 122@client-5FE4B4CCF4A1
2024-01-25 07:58:10,021 [grpc-default-executor-3] DEBUG client.RaftClient (RaftClientImpl.java:get(158)) - client-5FE4B4CCF4A1: get 134 returns []
2024-01-25 07:58:10,021 [s1@group-76E74FC0E99E-StateMachineUpdater] INFO  impl.SimpleStateMachine4Testing (SimpleStateMachine4Testing.java:applyTransaction(248)) - applyTransaction for log index 16
2024-01-25 07:58:10,021 [grpc-default-executor-3] DEBUG client.RaftClient (RaftClientImpl.java:newRequest(95)) - attempt #1, newRequest RaftClientRequest:client-5FE4B4CCF4A1->s1@group-76E74FC0E99E, cid=134, seq=null, Watch-ALL(5), null
2024-01-25 07:58:10,021 [s1-client-thread1] DEBUG server.RaftServer$Division (LeaderStateImpl.java:addWatchRequest(552)) - s1@group-76E74FC0E99E-LeaderStateImpl: addWatchRequest RaftClientRequest:client-5FE4B4CCF4A1->s1@group-76E74FC0E99E, cid=130, seq=null, Watch-ALL(4), Message:<EMPTY>
2024-01-25 07:58:10,021 [s1@group-76E74FC0E99E-StateMachineUpdater] INFO  impl.SimpleStateMachine4Testing (SimpleStateMachine4Testing.java:put(205)) - s1: put 16, m9 -> (t:1, i:16), STATEMACHINELOGENTRY, 124@client-5FE4B4CCF4A1
2024-01-25 07:58:10,021 [s2@group-76E74FC0E99E-StateMachineUpdater] INFO  impl.SimpleStateMachine4Testing (SimpleStateMachine4Testing.java:applyTransaction(248)) - applyTransaction for log index 14
2024-01-25 07:58:10,021 [grpc-default-executor-3] DEBUG impl.UnorderedAsync (UnorderedAsync.java:sendRequestWithRetry(80)) - client-5FE4B4CCF4A1: attempt #1 send~ RaftClientRequest:client-5FE4B4CCF4A1->s1@group-76E74FC0E99E, cid=134, seq=null, Watch-ALL(5), null
2024-01-25 07:58:10,022 [s2@group-76E74FC0E99E-StateMachineUpdater] INFO  impl.SimpleStateMachine4Testing (SimpleStateMachine4Testing.java:put(205)) - s2: put 14, m8 -> (t:1, i:14), STATEMACHINELOGENTRY, 123@client-5FE4B4CCF4A1
2024-01-25 07:58:10,022 [s1-client-thread2] DEBUG server.RaftServer$Division (RaftServerImpl.java:submitClientRequestAsync(880)) - s1@group-76E74FC0E99E: receive client request(RaftClientRequest:client-5FE4B4CCF4A1->s1@group-76E74FC0E99E, cid=131, seq=null, Watch-MAJORITY_COMMITTED(4), Message:<EMPTY>)
2024-01-25 07:58:10,022 [s1-client-thread2] DEBUG server.RaftServer$Division (LeaderStateImpl.java:addWatchRequest(552)) - s1@group-76E74FC0E99E-LeaderStateImpl: addWatchRequest RaftClientRequest:client-5FE4B4CCF4A1->s1@group-76E74FC0E99E, cid=131, seq=null, Watch-MAJORITY_COMMITTED(4), Message:<EMPTY>
2024-01-25 07:58:10,022 [grpc-default-executor-3] DEBUG client.RaftClient (RaftClientImpl.java:get(158)) - client-5FE4B4CCF4A1: get 135 returns []
2024-01-25 07:58:10,022 [s1-client-thread2] DEBUG server.RaftServer$Division (RaftServerImpl.java:submitClientRequestAsync(880)) - s1@group-76E74FC0E99E: receive client request(RaftClientRequest:client-5FE4B4CCF4A1->s1@group-76E74FC0E99E, cid=132, seq=null, Watch-ALL_COMMITTED(4), Message:<EMPTY>)
2024-01-25 07:58:10,022 [grpc-default-executor-3] DEBUG client.RaftClient (RaftClientImpl.java:newRequest(95)) - attempt #1, newRequest RaftClientRequest:client-5FE4B4CCF4A1->s1@group-76E74FC0E99E, cid=135, seq=null, Watch-MAJORITY_COMMITTED(5), null
2024-01-25 07:58:10,022 [s1-client-thread2] DEBUG server.RaftServer$Division (LeaderStateImpl.java:addWatchRequest(552)) - s1@group-76E74FC0E99E-LeaderStateImpl: addWatchRequest RaftClientRequest:client-5FE4B4CCF4A1->s1@group-76E74FC0E99E, cid=132, seq=null, Watch-ALL_COMMITTED(4), Message:<EMPTY>
2024-01-25 07:58:10,022 [grpc-default-executor-3] DEBUG impl.UnorderedAsync (UnorderedAsync.java:sendRequestWithRetry(80)) - client-5FE4B4CCF4A1: attempt #1 send~ RaftClientRequest:client-5FE4B4CCF4A1->s1@group-76E74FC0E99E, cid=135, seq=null, Watch-MAJORITY_COMMITTED(5), null
2024-01-25 07:58:10,022 [grpc-default-executor-3] DEBUG client.RaftClient (RaftClientImpl.java:get(158)) - client-5FE4B4CCF4A1: get 136 returns []
2024-01-25 07:58:10,023 [grpc-default-executor-3] DEBUG client.RaftClient (RaftClientImpl.java:newRequest(95)) - attempt #1, newRequest RaftClientRequest:client-5FE4B4CCF4A1->s1@group-76E74FC0E99E, cid=136, seq=null, Watch-ALL_COMMITTED(5), null
2024-01-25 07:58:10,023 [grpc-default-executor-3] DEBUG impl.UnorderedAsync (UnorderedAsync.java:sendRequestWithRetry(80)) - client-5FE4B4CCF4A1: attempt #1 send~ RaftClientRequest:client-5FE4B4CCF4A1->s1@group-76E74FC0E99E, cid=136, seq=null, Watch-ALL_COMMITTED(5), null
2024-01-25 07:58:10,023 [grpc-default-executor-4] DEBUG client.RaftClient (RaftClientImpl.java:add(146)) - client-5FE4B4CCF4A1: add replied callId 118
2024-01-25 07:58:10,023 [grpc-default-executor-4] INFO  grpc.TestWatchRequestWithGrpc (WatchRequestTests.java:lambda$sendRequests$0(113)) - SEND_WATCH: message=m3, logIndex=7
2024-01-25 07:58:10,023 [grpc-default-executor-4] DEBUG client.RaftClient (RaftClientImpl.java:get(158)) - client-5FE4B4CCF4A1: get 137 returns [118]
2024-01-25 07:58:10,023 [grpc-default-executor-4] DEBUG client.RaftClient (RaftClientImpl.java:newRequest(95)) - attempt #1, newRequest RaftClientRequest:client-5FE4B4CCF4A1->s1@group-76E74FC0E99E, cid=137, seq=null, Watch(7), null
2024-01-25 07:58:10,024 [grpc-default-executor-4] DEBUG impl.UnorderedAsync (UnorderedAsync.java:sendRequestWithRetry(80)) - client-5FE4B4CCF4A1: attempt #1 send~ RaftClientRequest:client-5FE4B4CCF4A1->s1@group-76E74FC0E99E, cid=137, seq=null, Watch(7), null
2024-01-25 07:58:10,024 [grpc-default-executor-4] DEBUG client.RaftClient (RaftClientImpl.java:get(158)) - client-5FE4B4CCF4A1: get 138 returns []
2024-01-25 07:58:10,024 [grpc-default-executor-4] DEBUG client.RaftClient (RaftClientImpl.java:newRequest(95)) - attempt #1, newRequest RaftClientRequest:client-5FE4B4CCF4A1->s1@group-76E74FC0E99E, cid=138, seq=null, Watch-ALL(7), null
2024-01-25 07:58:10,024 [grpc-default-executor-4] DEBUG impl.UnorderedAsync (UnorderedAsync.java:sendRequestWithRetry(80)) - client-5FE4B4CCF4A1: attempt #1 send~ RaftClientRequest:client-5FE4B4CCF4A1->s1@group-76E74FC0E99E, cid=138, seq=null, Watch-ALL(7), null
2024-01-25 07:58:10,024 [grpc-default-executor-4] DEBUG client.RaftClient (RaftClientImpl.java:get(158)) - client-5FE4B4CCF4A1: get 139 returns []
2024-01-25 07:58:10,024 [grpc-default-executor-4] DEBUG client.RaftClient (RaftClientImpl.java:newRequest(95)) - attempt #1, newRequest RaftClientRequest:client-5FE4B4CCF4A1->s1@group-76E74FC0E99E, cid=139, seq=null, Watch-MAJORITY_COMMITTED(7), null
2024-01-25 07:58:10,024 [grpc-default-executor-4] DEBUG impl.UnorderedAsync (UnorderedAsync.java:sendRequestWithRetry(80)) - client-5FE4B4CCF4A1: attempt #1 send~ RaftClientRequest:client-5FE4B4CCF4A1->s1@group-76E74FC0E99E, cid=139, seq=null, Watch-MAJORITY_COMMITTED(7), null
2024-01-25 07:58:10,024 [grpc-default-executor-4] DEBUG client.RaftClient (RaftClientImpl.java:get(158)) - client-5FE4B4CCF4A1: get 140 returns []
2024-01-25 07:58:10,024 [grpc-default-executor-4] DEBUG client.RaftClient (RaftClientImpl.java:newRequest(95)) - attempt #1, newRequest RaftClientRequest:client-5FE4B4CCF4A1->s1@group-76E74FC0E99E, cid=140, seq=null, Watch-ALL_COMMITTED(7), null
2024-01-25 07:58:10,024 [grpc-default-executor-4] DEBUG impl.UnorderedAsync (UnorderedAsync.java:sendRequestWithRetry(80)) - client-5FE4B4CCF4A1: attempt #1 send~ RaftClientRequest:client-5FE4B4CCF4A1->s1@group-76E74FC0E99E, cid=140, seq=null, Watch-ALL_COMMITTED(7), null
2024-01-25 07:58:10,024 [s1-client-thread1] DEBUG server.RaftServer$Division (RaftServerImpl.java:submitClientRequestAsync(880)) - s1@group-76E74FC0E99E: receive client request(RaftClientRequest:client-5FE4B4CCF4A1->s1@group-76E74FC0E99E, cid=133, seq=null, Watch(5), Message:<EMPTY>)
2024-01-25 07:58:10,024 [s1-client-thread1] DEBUG server.RaftServer$Division (LeaderStateImpl.java:addWatchRequest(552)) - s1@group-76E74FC0E99E-LeaderStateImpl: addWatchRequest RaftClientRequest:client-5FE4B4CCF4A1->s1@group-76E74FC0E99E, cid=133, seq=null, Watch(5), Message:<EMPTY>
2024-01-25 07:58:10,025 [grpc-default-executor-3] DEBUG client.RaftClient (RaftClientImpl.java:add(146)) - client-5FE4B4CCF4A1: add replied callId 119
2024-01-25 07:58:10,025 [ForkJoinPool.commonPool-worker-3] DEBUG impl.UnorderedAsync (UnorderedAsync.java:lambda$sendRequestWithRetry$4(83)) - client-5FE4B4CCF4A1: attempt #1 receive~ RaftClientReply:client-5FE4B4CCF4A1->s1@group-76E74FC0E99E, cid=131, SUCCESS, logIndex=15, commits[s1:c17, s0:c2, s2:c15]
2024-01-25 07:58:10,025 [grpc-default-executor-3] INFO  grpc.TestWatchRequestWithGrpc (WatchRequestTests.java:lambda$sendRequests$0(113)) - SEND_WATCH: message=m4, logIndex=8
2024-01-25 07:58:10,025 [Time-limited test] INFO  grpc.TestWatchRequestWithGrpc (WatchRequestTests.java:get(214)) - majorityCommitted-Watch(4) returns RaftClientReply:client-5FE4B4CCF4A1->s1@group-76E74FC0E99E, cid=131, SUCCESS, logIndex=15, commits[s1:c17, s0:c2, s2:c15]
2024-01-25 07:58:10,025 [grpc-default-executor-3] DEBUG client.RaftClient (RaftClientImpl.java:get(158)) - client-5FE4B4CCF4A1: get 141 returns [119]
2024-01-25 07:58:10,025 [Time-limited test] INFO  grpc.TestWatchRequestWithGrpc (WatchRequestTests.java:checkMajority(275)) - checkMajority 2: receive RaftClientReply:client-5FE4B4CCF4A1->s1@group-76E74FC0E99E, cid=117, SUCCESS, logIndex=5, commits[s1:c7, s0:c2, s2:c3]
2024-01-25 07:58:10,025 [grpc-default-executor-3] DEBUG client.RaftClient (RaftClientImpl.java:newRequest(95)) - attempt #1, newRequest RaftClientRequest:client-5FE4B4CCF4A1->s1@group-76E74FC0E99E, cid=141, seq=null, Watch(8), null
2024-01-25 07:58:10,025 [s1-client-thread1] DEBUG server.RaftServer$Division (RaftServerImpl.java:submitClientRequestAsync(880)) - s1@group-76E74FC0E99E: receive client request(RaftClientRequest:client-5FE4B4CCF4A1->s1@group-76E74FC0E99E, cid=134, seq=null, Watch-ALL(5), Message:<EMPTY>)
2024-01-25 07:58:10,025 [grpc-default-executor-3] DEBUG impl.UnorderedAsync (UnorderedAsync.java:sendRequestWithRetry(80)) - client-5FE4B4CCF4A1: attempt #1 send~ RaftClientRequest:client-5FE4B4CCF4A1->s1@group-76E74FC0E99E, cid=141, seq=null, Watch(8), null
2024-01-25 07:58:10,025 [s1-client-thread1] DEBUG server.RaftServer$Division (LeaderStateImpl.java:addWatchRequest(552)) - s1@group-76E74FC0E99E-LeaderStateImpl: addWatchRequest RaftClientRequest:client-5FE4B4CCF4A1->s1@group-76E74FC0E99E, cid=134, seq=null, Watch-ALL(5), Message:<EMPTY>
2024-01-25 07:58:10,026 [grpc-default-executor-3] DEBUG client.RaftClient (RaftClientImpl.java:get(158)) - client-5FE4B4CCF4A1: get 142 returns []
2024-01-25 07:58:10,026 [ForkJoinPool.commonPool-worker-3] DEBUG impl.UnorderedAsync (UnorderedAsync.java:lambda$sendRequestWithRetry$4(83)) - client-5FE4B4CCF4A1: attempt #1 receive~ RaftClientReply:client-5FE4B4CCF4A1->s1@group-76E74FC0E99E, cid=133, SUCCESS, logIndex=17, commits[s1:c17, s0:c2, s2:c15]
2024-01-25 07:58:10,026 [s1-client-thread1] DEBUG server.RaftServer$Division (RaftServerImpl.java:submitClientRequestAsync(880)) - s1@group-76E74FC0E99E: receive client request(RaftClientRequest:client-5FE4B4CCF4A1->s1@group-76E74FC0E99E, cid=135, seq=null, Watch-MAJORITY_COMMITTED(5), Message:<EMPTY>)
2024-01-25 07:58:10,026 [grpc-default-executor-3] DEBUG client.RaftClient (RaftClientImpl.java:newRequest(95)) - attempt #1, newRequest RaftClientRequest:client-5FE4B4CCF4A1->s1@group-76E74FC0E99E, cid=142, seq=null, Watch-ALL(8), null
2024-01-25 07:58:10,026 [s1-client-thread1] DEBUG server.RaftServer$Division (LeaderStateImpl.java:addWatchRequest(552)) - s1@group-76E74FC0E99E-LeaderStateImpl: addWatchRequest RaftClientRequest:client-5FE4B4CCF4A1->s1@group-76E74FC0E99E, cid=135, seq=null, Watch-MAJORITY_COMMITTED(5), Message:<EMPTY>
2024-01-25 07:58:10,026 [grpc-default-executor-3] DEBUG impl.UnorderedAsync (UnorderedAsync.java:sendRequestWithRetry(80)) - client-5FE4B4CCF4A1: attempt #1 send~ RaftClientRequest:client-5FE4B4CCF4A1->s1@group-76E74FC0E99E, cid=142, seq=null, Watch-ALL(8), null
2024-01-25 07:58:10,026 [Time-limited test] INFO  grpc.TestWatchRequestWithGrpc (WatchRequestTests.java:get(214)) - majority-Watch(5) returns RaftClientReply:client-5FE4B4CCF4A1->s1@group-76E74FC0E99E, cid=133, SUCCESS, logIndex=17, commits[s1:c17, s0:c2, s2:c15]
2024-01-25 07:58:10,026 [s1-client-thread1] DEBUG server.RaftServer$Division (RaftServerImpl.java:submitClientRequestAsync(880)) - s1@group-76E74FC0E99E: receive client request(RaftClientRequest:client-5FE4B4CCF4A1->s1@group-76E74FC0E99E, cid=136, seq=null, Watch-ALL_COMMITTED(5), Message:<EMPTY>)
2024-01-25 07:58:10,026 [s1-client-thread1] DEBUG server.RaftServer$Division (LeaderStateImpl.java:addWatchRequest(552)) - s1@group-76E74FC0E99E-LeaderStateImpl: addWatchRequest RaftClientRequest:client-5FE4B4CCF4A1->s1@group-76E74FC0E99E, cid=136, seq=null, Watch-ALL_COMMITTED(5), Message:<EMPTY>
2024-01-25 07:58:10,026 [grpc-default-executor-3] DEBUG client.RaftClient (RaftClientImpl.java:get(158)) - client-5FE4B4CCF4A1: get 143 returns []
2024-01-25 07:58:10,026 [ForkJoinPool.commonPool-worker-3] DEBUG impl.UnorderedAsync (UnorderedAsync.java:lambda$sendRequestWithRetry$4(83)) - client-5FE4B4CCF4A1: attempt #1 receive~ RaftClientReply:client-5FE4B4CCF4A1->s1@group-76E74FC0E99E, cid=135, SUCCESS, logIndex=15, commits[s1:c17, s0:c2, s2:c15]
2024-01-25 07:58:10,026 [s1-client-thread1] DEBUG server.RaftServer$Division (RaftServerImpl.java:submitClientRequestAsync(880)) - s1@group-76E74FC0E99E: receive client request(RaftClientRequest:client-5FE4B4CCF4A1->s1@group-76E74FC0E99E, cid=137, seq=null, Watch(7), Message:<EMPTY>)
2024-01-25 07:58:10,027 [Time-limited test] INFO  grpc.TestWatchRequestWithGrpc (WatchRequestTests.java:get(214)) - majorityCommitted-Watch(5) returns RaftClientReply:client-5FE4B4CCF4A1->s1@group-76E74FC0E99E, cid=135, SUCCESS, logIndex=15, commits[s1:c17, s0:c2, s2:c15]
2024-01-25 07:58:10,026 [grpc-default-executor-3] DEBUG client.RaftClient (RaftClientImpl.java:newRequest(95)) - attempt #1, newRequest RaftClientRequest:client-5FE4B4CCF4A1->s1@group-76E74FC0E99E, cid=143, seq=null, Watch-MAJORITY_COMMITTED(8), null
2024-01-25 07:58:10,027 [Time-limited test] INFO  grpc.TestWatchRequestWithGrpc (WatchRequestTests.java:checkMajority(275)) - checkMajority 3: receive RaftClientReply:client-5FE4B4CCF4A1->s1@group-76E74FC0E99E, cid=118, SUCCESS, logIndex=7, commits[s1:c7, s0:c2, s2:c3]
2024-01-25 07:58:10,027 [grpc-default-executor-3] DEBUG impl.UnorderedAsync (UnorderedAsync.java:sendRequestWithRetry(80)) - client-5FE4B4CCF4A1: attempt #1 send~ RaftClientRequest:client-5FE4B4CCF4A1->s1@group-76E74FC0E99E, cid=143, seq=null, Watch-MAJORITY_COMMITTED(8), null
2024-01-25 07:58:10,027 [s1-client-thread1] DEBUG server.RaftServer$Division (LeaderStateImpl.java:addWatchRequest(552)) - s1@group-76E74FC0E99E-LeaderStateImpl: addWatchRequest RaftClientRequest:client-5FE4B4CCF4A1->s1@group-76E74FC0E99E, cid=137, seq=null, Watch(7), Message:<EMPTY>
2024-01-25 07:58:10,027 [grpc-default-executor-3] DEBUG client.RaftClient (RaftClientImpl.java:get(158)) - client-5FE4B4CCF4A1: get 144 returns []
2024-01-25 07:58:10,027 [grpc-default-executor-3] DEBUG client.RaftClient (RaftClientImpl.java:newRequest(95)) - attempt #1, newRequest RaftClientRequest:client-5FE4B4CCF4A1->s1@group-76E74FC0E99E, cid=144, seq=null, Watch-ALL_COMMITTED(8), null
2024-01-25 07:58:10,027 [s1-client-thread1] DEBUG server.RaftServer$Division (RaftServerImpl.java:submitClientRequestAsync(880)) - s1@group-76E74FC0E99E: receive client request(RaftClientRequest:client-5FE4B4CCF4A1->s1@group-76E74FC0E99E, cid=138, seq=null, Watch-ALL(7), Message:<EMPTY>)
2024-01-25 07:58:10,027 [grpc-default-executor-3] DEBUG impl.UnorderedAsync (UnorderedAsync.java:sendRequestWithRetry(80)) - client-5FE4B4CCF4A1: attempt #1 send~ RaftClientRequest:client-5FE4B4CCF4A1->s1@group-76E74FC0E99E, cid=144, seq=null, Watch-ALL_COMMITTED(8), null
2024-01-25 07:58:10,027 [ForkJoinPool.commonPool-worker-3] DEBUG impl.UnorderedAsync (UnorderedAsync.java:lambda$sendRequestWithRetry$4(83)) - client-5FE4B4CCF4A1: attempt #1 receive~ RaftClientReply:client-5FE4B4CCF4A1->s1@group-76E74FC0E99E, cid=137, SUCCESS, logIndex=17, commits[s1:c17, s0:c2, s2:c15]
2024-01-25 07:58:10,028 [Time-limited test] INFO  grpc.TestWatchRequestWithGrpc (WatchRequestTests.java:get(214)) - majority-Watch(7) returns RaftClientReply:client-5FE4B4CCF4A1->s1@group-76E74FC0E99E, cid=137, SUCCESS, logIndex=17, commits[s1:c17, s0:c2, s2:c15]
2024-01-25 07:58:10,028 [grpc-default-executor-3] DEBUG client.RaftClient (RaftClientImpl.java:add(146)) - client-5FE4B4CCF4A1: add replied callId 120
2024-01-25 07:58:10,028 [grpc-default-executor-3] INFO  grpc.TestWatchRequestWithGrpc (WatchRequestTests.java:lambda$sendRequests$0(113)) - SEND_WATCH: message=m5, logIndex=9
2024-01-25 07:58:10,028 [grpc-default-executor-3] DEBUG client.RaftClient (RaftClientImpl.java:get(158)) - client-5FE4B4CCF4A1: get 145 returns [120]
2024-01-25 07:58:10,028 [grpc-default-executor-3] DEBUG client.RaftClient (RaftClientImpl.java:newRequest(95)) - attempt #1, newRequest RaftClientRequest:client-5FE4B4CCF4A1->s1@group-76E74FC0E99E, cid=145, seq=null, Watch(9), null
2024-01-25 07:58:10,028 [grpc-default-executor-3] DEBUG impl.UnorderedAsync (UnorderedAsync.java:sendRequestWithRetry(80)) - client-5FE4B4CCF4A1: attempt #1 send~ RaftClientRequest:client-5FE4B4CCF4A1->s1@group-76E74FC0E99E, cid=145, seq=null, Watch(9), null
2024-01-25 07:58:10,027 [s1-client-thread1] DEBUG server.RaftServer$Division (LeaderStateImpl.java:addWatchRequest(552)) - s1@group-76E74FC0E99E-LeaderStateImpl: addWatchRequest RaftClientRequest:client-5FE4B4CCF4A1->s1@group-76E74FC0E99E, cid=138, seq=null, Watch-ALL(7), Message:<EMPTY>
2024-01-25 07:58:10,028 [grpc-default-executor-3] DEBUG client.RaftClient (RaftClientImpl.java:get(158)) - client-5FE4B4CCF4A1: get 146 returns []
2024-01-25 07:58:10,028 [grpc-default-executor-3] DEBUG client.RaftClient (RaftClientImpl.java:newRequest(95)) - attempt #1, newRequest RaftClientRequest:client-5FE4B4CCF4A1->s1@group-76E74FC0E99E, cid=146, seq=null, Watch-ALL(9), null
2024-01-25 07:58:10,028 [s1-client-thread1] DEBUG server.RaftServer$Division (RaftServerImpl.java:submitClientRequestAsync(880)) - s1@group-76E74FC0E99E: receive client request(RaftClientRequest:client-5FE4B4CCF4A1->s1@group-76E74FC0E99E, cid=139, seq=null, Watch-MAJORITY_COMMITTED(7), Message:<EMPTY>)
2024-01-25 07:58:10,028 [grpc-default-executor-3] DEBUG impl.UnorderedAsync (UnorderedAsync.java:sendRequestWithRetry(80)) - client-5FE4B4CCF4A1: attempt #1 send~ RaftClientRequest:client-5FE4B4CCF4A1->s1@group-76E74FC0E99E, cid=146, seq=null, Watch-ALL(9), null
2024-01-25 07:58:10,028 [s1-client-thread1] DEBUG server.RaftServer$Division (LeaderStateImpl.java:addWatchRequest(552)) - s1@group-76E74FC0E99E-LeaderStateImpl: addWatchRequest RaftClientRequest:client-5FE4B4CCF4A1->s1@group-76E74FC0E99E, cid=139, seq=null, Watch-MAJORITY_COMMITTED(7), Message:<EMPTY>
2024-01-25 07:58:10,029 [grpc-default-executor-3] DEBUG client.RaftClient (RaftClientImpl.java:get(158)) - client-5FE4B4CCF4A1: get 147 returns []
2024-01-25 07:58:10,029 [grpc-default-executor-3] DEBUG client.RaftClient (RaftClientImpl.java:newRequest(95)) - attempt #1, newRequest RaftClientRequest:client-5FE4B4CCF4A1->s1@group-76E74FC0E99E, cid=147, seq=null, Watch-MAJORITY_COMMITTED(9), null
2024-01-25 07:58:10,029 [s1-client-thread1] DEBUG server.RaftServer$Division (RaftServerImpl.java:submitClientRequestAsync(880)) - s1@group-76E74FC0E99E: receive client request(RaftClientRequest:client-5FE4B4CCF4A1->s1@group-76E74FC0E99E, cid=140, seq=null, Watch-ALL_COMMITTED(7), Message:<EMPTY>)
2024-01-25 07:58:10,029 [s1-client-thread1] DEBUG server.RaftServer$Division (LeaderStateImpl.java:addWatchRequest(552)) - s1@group-76E74FC0E99E-LeaderStateImpl: addWatchRequest RaftClientRequest:client-5FE4B4CCF4A1->s1@group-76E74FC0E99E, cid=140, seq=null, Watch-ALL_COMMITTED(7), Message:<EMPTY>
2024-01-25 07:58:10,029 [ForkJoinPool.commonPool-worker-3] DEBUG impl.UnorderedAsync (UnorderedAsync.java:lambda$sendRequestWithRetry$4(83)) - client-5FE4B4CCF4A1: attempt #1 receive~ RaftClientReply:client-5FE4B4CCF4A1->s1@group-76E74FC0E99E, cid=139, SUCCESS, logIndex=15, commits[s1:c17, s0:c2, s2:c15]
2024-01-25 07:58:10,029 [grpc-default-executor-3] DEBUG impl.UnorderedAsync (UnorderedAsync.java:sendRequestWithRetry(80)) - client-5FE4B4CCF4A1: attempt #1 send~ RaftClientRequest:client-5FE4B4CCF4A1->s1@group-76E74FC0E99E, cid=147, seq=null, Watch-MAJORITY_COMMITTED(9), null
2024-01-25 07:58:10,029 [s1-client-thread1] DEBUG server.RaftServer$Division (RaftServerImpl.java:submitClientRequestAsync(880)) - s1@group-76E74FC0E99E: receive client request(RaftClientRequest:client-5FE4B4CCF4A1->s1@group-76E74FC0E99E, cid=141, seq=null, Watch(8), Message:<EMPTY>)
2024-01-25 07:58:10,029 [Time-limited test] INFO  grpc.TestWatchRequestWithGrpc (WatchRequestTests.java:get(214)) - majorityCommitted-Watch(7) returns RaftClientReply:client-5FE4B4CCF4A1->s1@group-76E74FC0E99E, cid=139, SUCCESS, logIndex=15, commits[s1:c17, s0:c2, s2:c15]
2024-01-25 07:58:10,029 [s1-client-thread1] DEBUG server.RaftServer$Division (LeaderStateImpl.java:addWatchRequest(552)) - s1@group-76E74FC0E99E-LeaderStateImpl: addWatchRequest RaftClientRequest:client-5FE4B4CCF4A1->s1@group-76E74FC0E99E, cid=141, seq=null, Watch(8), Message:<EMPTY>
2024-01-25 07:58:10,029 [Time-limited test] INFO  grpc.TestWatchRequestWithGrpc (WatchRequestTests.java:checkMajority(275)) - checkMajority 4: receive RaftClientReply:client-5FE4B4CCF4A1->s1@group-76E74FC0E99E, cid=119, SUCCESS, logIndex=8, commits[s1:c11, s0:c2, s2:c4]
2024-01-25 07:58:10,029 [grpc-default-executor-3] DEBUG client.RaftClient (RaftClientImpl.java:get(158)) - client-5FE4B4CCF4A1: get 148 returns []
2024-01-25 07:58:10,030 [grpc-default-executor-3] DEBUG client.RaftClient (RaftClientImpl.java:newRequest(95)) - attempt #1, newRequest RaftClientRequest:client-5FE4B4CCF4A1->s1@group-76E74FC0E99E, cid=148, seq=null, Watch-ALL_COMMITTED(9), null
2024-01-25 07:58:10,030 [grpc-default-executor-3] DEBUG impl.UnorderedAsync (UnorderedAsync.java:sendRequestWithRetry(80)) - client-5FE4B4CCF4A1: attempt #1 send~ RaftClientRequest:client-5FE4B4CCF4A1->s1@group-76E74FC0E99E, cid=148, seq=null, Watch-ALL_COMMITTED(9), null
2024-01-25 07:58:10,030 [ForkJoinPool.commonPool-worker-3] DEBUG impl.UnorderedAsync (UnorderedAsync.java:lambda$sendRequestWithRetry$4(83)) - client-5FE4B4CCF4A1: attempt #1 receive~ RaftClientReply:client-5FE4B4CCF4A1->s1@group-76E74FC0E99E, cid=141, SUCCESS, logIndex=17, commits[s1:c17, s0:c2, s2:c15]
2024-01-25 07:58:10,030 [s1-client-thread1] DEBUG server.RaftServer$Division (RaftServerImpl.java:submitClientRequestAsync(880)) - s1@group-76E74FC0E99E: receive client request(RaftClientRequest:client-5FE4B4CCF4A1->s1@group-76E74FC0E99E, cid=142, seq=null, Watch-ALL(8), Message:<EMPTY>)
2024-01-25 07:58:10,030 [Time-limited test] INFO  grpc.TestWatchRequestWithGrpc (WatchRequestTests.java:get(214)) - majority-Watch(8) returns RaftClientReply:client-5FE4B4CCF4A1->s1@group-76E74FC0E99E, cid=141, SUCCESS, logIndex=17, commits[s1:c17, s0:c2, s2:c15]
2024-01-25 07:58:10,030 [s1-client-thread1] DEBUG server.RaftServer$Division (LeaderStateImpl.java:addWatchRequest(552)) - s1@group-76E74FC0E99E-LeaderStateImpl: addWatchRequest RaftClientRequest:client-5FE4B4CCF4A1->s1@group-76E74FC0E99E, cid=142, seq=null, Watch-ALL(8), Message:<EMPTY>
2024-01-25 07:58:10,030 [grpc-default-executor-1] DEBUG client.RaftClient (RaftClientImpl.java:add(146)) - client-5FE4B4CCF4A1: add replied callId 121
2024-01-25 07:58:10,030 [grpc-default-executor-1] INFO  grpc.TestWatchRequestWithGrpc (WatchRequestTests.java:lambda$sendRequests$0(113)) - SEND_WATCH: message=m6, logIndex=11
2024-01-25 07:58:10,030 [s1-client-thread1] DEBUG server.RaftServer$Division (RaftServerImpl.java:submitClientRequestAsync(880)) - s1@group-76E74FC0E99E: receive client request(RaftClientRequest:client-5FE4B4CCF4A1->s1@group-76E74FC0E99E, cid=143, seq=null, Watch-MAJORITY_COMMITTED(8), Message:<EMPTY>)
2024-01-25 07:58:10,031 [grpc-default-executor-1] DEBUG client.RaftClient (RaftClientImpl.java:get(158)) - client-5FE4B4CCF4A1: get 149 returns [121]
2024-01-25 07:58:10,031 [s1-client-thread1] DEBUG server.RaftServer$Division (LeaderStateImpl.java:addWatchRequest(552)) - s1@group-76E74FC0E99E-LeaderStateImpl: addWatchRequest RaftClientRequest:client-5FE4B4CCF4A1->s1@group-76E74FC0E99E, cid=143, seq=null, Watch-MAJORITY_COMMITTED(8), Message:<EMPTY>
2024-01-25 07:58:10,031 [grpc-default-executor-1] DEBUG client.RaftClient (RaftClientImpl.java:newRequest(95)) - attempt #1, newRequest RaftClientRequest:client-5FE4B4CCF4A1->s1@group-76E74FC0E99E, cid=149, seq=null, Watch(11), null
2024-01-25 07:58:10,031 [grpc-default-executor-1] DEBUG impl.UnorderedAsync (UnorderedAsync.java:sendRequestWithRetry(80)) - client-5FE4B4CCF4A1: attempt #1 send~ RaftClientRequest:client-5FE4B4CCF4A1->s1@group-76E74FC0E99E, cid=149, seq=null, Watch(11), null
2024-01-25 07:58:10,031 [s1-client-thread1] DEBUG server.RaftServer$Division (RaftServerImpl.java:submitClientRequestAsync(880)) - s1@group-76E74FC0E99E: receive client request(RaftClientRequest:client-5FE4B4CCF4A1->s1@group-76E74FC0E99E, cid=144, seq=null, Watch-ALL_COMMITTED(8), Message:<EMPTY>)
2024-01-25 07:58:10,031 [grpc-default-executor-1] DEBUG client.RaftClient (RaftClientImpl.java:get(158)) - client-5FE4B4CCF4A1: get 150 returns []
2024-01-25 07:58:10,031 [ForkJoinPool.commonPool-worker-3] DEBUG impl.UnorderedAsync (UnorderedAsync.java:lambda$sendRequestWithRetry$4(83)) - client-5FE4B4CCF4A1: attempt #1 receive~ RaftClientReply:client-5FE4B4CCF4A1->s1@group-76E74FC0E99E, cid=143, SUCCESS, logIndex=15, commits[s1:c17, s0:c2, s2:c15]
2024-01-25 07:58:10,031 [grpc-default-executor-1] DEBUG client.RaftClient (RaftClientImpl.java:newRequest(95)) - attempt #1, newRequest RaftClientRequest:client-5FE4B4CCF4A1->s1@group-76E74FC0E99E, cid=150, seq=null, Watch-ALL(11), null
2024-01-25 07:58:10,031 [grpc-default-executor-1] DEBUG impl.UnorderedAsync (UnorderedAsync.java:sendRequestWithRetry(80)) - client-5FE4B4CCF4A1: attempt #1 send~ RaftClientRequest:client-5FE4B4CCF4A1->s1@group-76E74FC0E99E, cid=150, seq=null, Watch-ALL(11), null
2024-01-25 07:58:10,031 [s1-client-thread1] DEBUG server.RaftServer$Division (LeaderStateImpl.java:addWatchRequest(552)) - s1@group-76E74FC0E99E-LeaderStateImpl: addWatchRequest RaftClientRequest:client-5FE4B4CCF4A1->s1@group-76E74FC0E99E, cid=144, seq=null, Watch-ALL_COMMITTED(8), Message:<EMPTY>
2024-01-25 07:58:10,031 [grpc-default-executor-1] DEBUG client.RaftClient (RaftClientImpl.java:get(158)) - client-5FE4B4CCF4A1: get 151 returns []
2024-01-25 07:58:10,031 [Time-limited test] INFO  grpc.TestWatchRequestWithGrpc (WatchRequestTests.java:get(214)) - majorityCommitted-Watch(8) returns RaftClientReply:client-5FE4B4CCF4A1->s1@group-76E74FC0E99E, cid=143, SUCCESS, logIndex=15, commits[s1:c17, s0:c2, s2:c15]
2024-01-25 07:58:10,032 [grpc-default-executor-1] DEBUG client.RaftClient (RaftClientImpl.java:newRequest(95)) - attempt #1, newRequest RaftClientRequest:client-5FE4B4CCF4A1->s1@group-76E74FC0E99E, cid=151, seq=null, Watch-MAJORITY_COMMITTED(11), null
2024-01-25 07:58:10,032 [grpc-default-executor-1] DEBUG impl.UnorderedAsync (UnorderedAsync.java:sendRequestWithRetry(80)) - client-5FE4B4CCF4A1: attempt #1 send~ RaftClientRequest:client-5FE4B4CCF4A1->s1@group-76E74FC0E99E, cid=151, seq=null, Watch-MAJORITY_COMMITTED(11), null
2024-01-25 07:58:10,032 [Time-limited test] INFO  grpc.TestWatchRequestWithGrpc (WatchRequestTests.java:checkMajority(275)) - checkMajority 5: receive RaftClientReply:client-5FE4B4CCF4A1->s1@group-76E74FC0E99E, cid=120, SUCCESS, logIndex=9, commits[s1:c13, s0:c2, s2:c7]
2024-01-25 07:58:10,032 [grpc-default-executor-1] DEBUG client.RaftClient (RaftClientImpl.java:get(158)) - client-5FE4B4CCF4A1: get 152 returns []
2024-01-25 07:58:10,032 [grpc-default-executor-1] DEBUG client.RaftClient (RaftClientImpl.java:newRequest(95)) - attempt #1, newRequest RaftClientRequest:client-5FE4B4CCF4A1->s1@group-76E74FC0E99E, cid=152, seq=null, Watch-ALL_COMMITTED(11), null
2024-01-25 07:58:10,032 [grpc-default-executor-1] DEBUG impl.UnorderedAsync (UnorderedAsync.java:sendRequestWithRetry(80)) - client-5FE4B4CCF4A1: attempt #1 send~ RaftClientRequest:client-5FE4B4CCF4A1->s1@group-76E74FC0E99E, cid=152, seq=null, Watch-ALL_COMMITTED(11), null
2024-01-25 07:58:10,032 [grpc-default-executor-4] DEBUG client.RaftClient (RaftClientImpl.java:add(146)) - client-5FE4B4CCF4A1: add replied callId 122
2024-01-25 07:58:10,032 [s1-client-thread1] DEBUG server.RaftServer$Division (RaftServerImpl.java:submitClientRequestAsync(880)) - s1@group-76E74FC0E99E: receive client request(RaftClientRequest:client-5FE4B4CCF4A1->s1@group-76E74FC0E99E, cid=145, seq=null, Watch(9), Message:<EMPTY>)
2024-01-25 07:58:10,032 [grpc-default-executor-4] INFO  grpc.TestWatchRequestWithGrpc (WatchRequestTests.java:lambda$sendRequests$0(113)) - SEND_WATCH: message=m7, logIndex=12
2024-01-25 07:58:10,032 [s1-client-thread1] DEBUG server.RaftServer$Division (LeaderStateImpl.java:addWatchRequest(552)) - s1@group-76E74FC0E99E-LeaderStateImpl: addWatchRequest RaftClientRequest:client-5FE4B4CCF4A1->s1@group-76E74FC0E99E, cid=145, seq=null, Watch(9), Message:<EMPTY>
2024-01-25 07:58:10,033 [grpc-default-executor-4] DEBUG client.RaftClient (RaftClientImpl.java:get(158)) - client-5FE4B4CCF4A1: get 153 returns [122]
2024-01-25 07:58:10,033 [grpc-default-executor-4] DEBUG client.RaftClient (RaftClientImpl.java:newRequest(95)) - attempt #1, newRequest RaftClientRequest:client-5FE4B4CCF4A1->s1@group-76E74FC0E99E, cid=153, seq=null, Watch(12), null
2024-01-25 07:58:10,033 [grpc-default-executor-4] DEBUG impl.UnorderedAsync (UnorderedAsync.java:sendRequestWithRetry(80)) - client-5FE4B4CCF4A1: attempt #1 send~ RaftClientRequest:client-5FE4B4CCF4A1->s1@group-76E74FC0E99E, cid=153, seq=null, Watch(12), null
2024-01-25 07:58:10,033 [grpc-default-executor-4] DEBUG client.RaftClient (RaftClientImpl.java:get(158)) - client-5FE4B4CCF4A1: get 154 returns []
2024-01-25 07:58:10,033 [grpc-default-executor-4] DEBUG client.RaftClient (RaftClientImpl.java:newRequest(95)) - attempt #1, newRequest RaftClientRequest:client-5FE4B4CCF4A1->s1@group-76E74FC0E99E, cid=154, seq=null, Watch-ALL(12), null
2024-01-25 07:58:10,033 [grpc-default-executor-4] DEBUG impl.UnorderedAsync (UnorderedAsync.java:sendRequestWithRetry(80)) - client-5FE4B4CCF4A1: attempt #1 send~ RaftClientRequest:client-5FE4B4CCF4A1->s1@group-76E74FC0E99E, cid=154, seq=null, Watch-ALL(12), null
2024-01-25 07:58:10,033 [grpc-default-executor-4] DEBUG client.RaftClient (RaftClientImpl.java:get(158)) - client-5FE4B4CCF4A1: get 155 returns []
2024-01-25 07:58:10,033 [grpc-default-executor-4] DEBUG client.RaftClient (RaftClientImpl.java:newRequest(95)) - attempt #1, newRequest RaftClientRequest:client-5FE4B4CCF4A1->s1@group-76E74FC0E99E, cid=155, seq=null, Watch-MAJORITY_COMMITTED(12), null
2024-01-25 07:58:10,033 [grpc-default-executor-4] DEBUG impl.UnorderedAsync (UnorderedAsync.java:sendRequestWithRetry(80)) - client-5FE4B4CCF4A1: attempt #1 send~ RaftClientRequest:client-5FE4B4CCF4A1->s1@group-76E74FC0E99E, cid=155, seq=null, Watch-MAJORITY_COMMITTED(12), null
2024-01-25 07:58:10,034 [grpc-default-executor-4] DEBUG client.RaftClient (RaftClientImpl.java:get(158)) - client-5FE4B4CCF4A1: get 156 returns []
2024-01-25 07:58:10,034 [grpc-default-executor-4] DEBUG client.RaftClient (RaftClientImpl.java:newRequest(95)) - attempt #1, newRequest RaftClientRequest:client-5FE4B4CCF4A1->s1@group-76E74FC0E99E, cid=156, seq=null, Watch-ALL_COMMITTED(12), null
2024-01-25 07:58:10,034 [grpc-default-executor-4] DEBUG impl.UnorderedAsync (UnorderedAsync.java:sendRequestWithRetry(80)) - client-5FE4B4CCF4A1: attempt #1 send~ RaftClientRequest:client-5FE4B4CCF4A1->s1@group-76E74FC0E99E, cid=156, seq=null, Watch-ALL_COMMITTED(12), null
2024-01-25 07:58:10,034 [s1-client-thread1] DEBUG server.RaftServer$Division (RaftServerImpl.java:submitClientRequestAsync(880)) - s1@group-76E74FC0E99E: receive client request(RaftClientRequest:client-5FE4B4CCF4A1->s1@group-76E74FC0E99E, cid=146, seq=null, Watch-ALL(9), Message:<EMPTY>)
2024-01-25 07:58:10,034 [ForkJoinPool.commonPool-worker-3] DEBUG impl.UnorderedAsync (UnorderedAsync.java:lambda$sendRequestWithRetry$4(83)) - client-5FE4B4CCF4A1: attempt #1 receive~ RaftClientReply:client-5FE4B4CCF4A1->s1@group-76E74FC0E99E, cid=145, SUCCESS, logIndex=17, commits[s1:c17, s0:c2, s2:c15]
2024-01-25 07:58:10,034 [s1-client-thread1] DEBUG server.RaftServer$Division (LeaderStateImpl.java:addWatchRequest(552)) - s1@group-76E74FC0E99E-LeaderStateImpl: addWatchRequest RaftClientRequest:client-5FE4B4CCF4A1->s1@group-76E74FC0E99E, cid=146, seq=null, Watch-ALL(9), Message:<EMPTY>
2024-01-25 07:58:10,034 [Time-limited test] INFO  grpc.TestWatchRequestWithGrpc (WatchRequestTests.java:get(214)) - majority-Watch(9) returns RaftClientReply:client-5FE4B4CCF4A1->s1@group-76E74FC0E99E, cid=145, SUCCESS, logIndex=17, commits[s1:c17, s0:c2, s2:c15]
2024-01-25 07:58:10,034 [s1-client-thread1] DEBUG server.RaftServer$Division (RaftServerImpl.java:submitClientRequestAsync(880)) - s1@group-76E74FC0E99E: receive client request(RaftClientRequest:client-5FE4B4CCF4A1->s1@group-76E74FC0E99E, cid=147, seq=null, Watch-MAJORITY_COMMITTED(9), Message:<EMPTY>)
2024-01-25 07:58:10,034 [s1-client-thread1] DEBUG server.RaftServer$Division (LeaderStateImpl.java:addWatchRequest(552)) - s1@group-76E74FC0E99E-LeaderStateImpl: addWatchRequest RaftClientRequest:client-5FE4B4CCF4A1->s1@group-76E74FC0E99E, cid=147, seq=null, Watch-MAJORITY_COMMITTED(9), Message:<EMPTY>
2024-01-25 07:58:10,034 [grpc-default-executor-3] DEBUG client.RaftClient (RaftClientImpl.java:add(146)) - client-5FE4B4CCF4A1: add replied callId 123
2024-01-25 07:58:10,034 [grpc-default-executor-3] INFO  grpc.TestWatchRequestWithGrpc (WatchRequestTests.java:lambda$sendRequests$0(113)) - SEND_WATCH: message=m8, logIndex=14
2024-01-25 07:58:10,035 [s1-client-thread1] DEBUG server.RaftServer$Division (RaftServerImpl.java:submitClientRequestAsync(880)) - s1@group-76E74FC0E99E: receive client request(RaftClientRequest:client-5FE4B4CCF4A1->s1@group-76E74FC0E99E, cid=148, seq=null, Watch-ALL_COMMITTED(9), Message:<EMPTY>)
2024-01-25 07:58:10,035 [grpc-default-executor-3] DEBUG client.RaftClient (RaftClientImpl.java:get(158)) - client-5FE4B4CCF4A1: get 157 returns [123]
2024-01-25 07:58:10,035 [grpc-default-executor-3] DEBUG client.RaftClient (RaftClientImpl.java:newRequest(95)) - attempt #1, newRequest RaftClientRequest:client-5FE4B4CCF4A1->s1@group-76E74FC0E99E, cid=157, seq=null, Watch(14), null
2024-01-25 07:58:10,035 [s1-client-thread1] DEBUG server.RaftServer$Division (LeaderStateImpl.java:addWatchRequest(552)) - s1@group-76E74FC0E99E-LeaderStateImpl: addWatchRequest RaftClientRequest:client-5FE4B4CCF4A1->s1@group-76E74FC0E99E, cid=148, seq=null, Watch-ALL_COMMITTED(9), Message:<EMPTY>
2024-01-25 07:58:10,035 [grpc-default-executor-3] DEBUG impl.UnorderedAsync (UnorderedAsync.java:sendRequestWithRetry(80)) - client-5FE4B4CCF4A1: attempt #1 send~ RaftClientRequest:client-5FE4B4CCF4A1->s1@group-76E74FC0E99E, cid=157, seq=null, Watch(14), null
2024-01-25 07:58:10,035 [s1-client-thread2] DEBUG server.RaftServer$Division (RaftServerImpl.java:submitClientRequestAsync(880)) - s1@group-76E74FC0E99E: receive client request(RaftClientRequest:client-5FE4B4CCF4A1->s1@group-76E74FC0E99E, cid=149, seq=null, Watch(11), Message:<EMPTY>)
2024-01-25 07:58:10,035 [ForkJoinPool.commonPool-worker-3] DEBUG impl.UnorderedAsync (UnorderedAsync.java:lambda$sendRequestWithRetry$4(83)) - client-5FE4B4CCF4A1: attempt #1 receive~ RaftClientReply:client-5FE4B4CCF4A1->s1@group-76E74FC0E99E, cid=147, SUCCESS, logIndex=15, commits[s1:c17, s0:c2, s2:c15]
2024-01-25 07:58:10,035 [s1-client-thread2] DEBUG server.RaftServer$Division (LeaderStateImpl.java:addWatchRequest(552)) - s1@group-76E74FC0E99E-LeaderStateImpl: addWatchRequest RaftClientRequest:client-5FE4B4CCF4A1->s1@group-76E74FC0E99E, cid=149, seq=null, Watch(11), Message:<EMPTY>
2024-01-25 07:58:10,035 [Time-limited test] INFO  grpc.TestWatchRequestWithGrpc (WatchRequestTests.java:get(214)) - majorityCommitted-Watch(9) returns RaftClientReply:client-5FE4B4CCF4A1->s1@group-76E74FC0E99E, cid=147, SUCCESS, logIndex=15, commits[s1:c17, s0:c2, s2:c15]
2024-01-25 07:58:10,035 [grpc-default-executor-3] DEBUG client.RaftClient (RaftClientImpl.java:get(158)) - client-5FE4B4CCF4A1: get 158 returns []
2024-01-25 07:58:10,035 [grpc-default-executor-3] DEBUG client.RaftClient (RaftClientImpl.java:newRequest(95)) - attempt #1, newRequest RaftClientRequest:client-5FE4B4CCF4A1->s1@group-76E74FC0E99E, cid=158, seq=null, Watch-ALL(14), null
2024-01-25 07:58:10,035 [s1-client-thread2] DEBUG server.RaftServer$Division (RaftServerImpl.java:submitClientRequestAsync(880)) - s1@group-76E74FC0E99E: receive client request(RaftClientRequest:client-5FE4B4CCF4A1->s1@group-76E74FC0E99E, cid=150, seq=null, Watch-ALL(11), Message:<EMPTY>)
2024-01-25 07:58:10,035 [Time-limited test] INFO  grpc.TestWatchRequestWithGrpc (WatchRequestTests.java:checkMajority(275)) - checkMajority 6: receive RaftClientReply:client-5FE4B4CCF4A1->s1@group-76E74FC0E99E, cid=121, SUCCESS, logIndex=11, commits[s1:c13, s0:c2, s2:c7]
2024-01-25 07:58:10,036 [s1-client-thread2] DEBUG server.RaftServer$Division (LeaderStateImpl.java:addWatchRequest(552)) - s1@group-76E74FC0E99E-LeaderStateImpl: addWatchRequest RaftClientRequest:client-5FE4B4CCF4A1->s1@group-76E74FC0E99E, cid=150, seq=null, Watch-ALL(11), Message:<EMPTY>
2024-01-25 07:58:10,036 [ForkJoinPool.commonPool-worker-3] DEBUG impl.UnorderedAsync (UnorderedAsync.java:lambda$sendRequestWithRetry$4(83)) - client-5FE4B4CCF4A1: attempt #1 receive~ RaftClientReply:client-5FE4B4CCF4A1->s1@group-76E74FC0E99E, cid=149, SUCCESS, logIndex=17, commits[s1:c17, s0:c2, s2:c15]
2024-01-25 07:58:10,036 [grpc-default-executor-3] DEBUG impl.UnorderedAsync (UnorderedAsync.java:sendRequestWithRetry(80)) - client-5FE4B4CCF4A1: attempt #1 send~ RaftClientRequest:client-5FE4B4CCF4A1->s1@group-76E74FC0E99E, cid=158, seq=null, Watch-ALL(14), null
2024-01-25 07:58:10,036 [Time-limited test] INFO  grpc.TestWatchRequestWithGrpc (WatchRequestTests.java:get(214)) - majority-Watch(11) returns RaftClientReply:client-5FE4B4CCF4A1->s1@group-76E74FC0E99E, cid=149, SUCCESS, logIndex=17, commits[s1:c17, s0:c2, s2:c15]
2024-01-25 07:58:10,036 [grpc-default-executor-3] DEBUG client.RaftClient (RaftClientImpl.java:get(158)) - client-5FE4B4CCF4A1: get 159 returns []
2024-01-25 07:58:10,036 [s1-client-thread2] DEBUG server.RaftServer$Division (RaftServerImpl.java:submitClientRequestAsync(880)) - s1@group-76E74FC0E99E: receive client request(RaftClientRequest:client-5FE4B4CCF4A1->s1@group-76E74FC0E99E, cid=151, seq=null, Watch-MAJORITY_COMMITTED(11), Message:<EMPTY>)
2024-01-25 07:58:10,036 [s1-client-thread2] DEBUG server.RaftServer$Division (LeaderStateImpl.java:addWatchRequest(552)) - s1@group-76E74FC0E99E-LeaderStateImpl: addWatchRequest RaftClientRequest:client-5FE4B4CCF4A1->s1@group-76E74FC0E99E, cid=151, seq=null, Watch-MAJORITY_COMMITTED(11), Message:<EMPTY>
2024-01-25 07:58:10,036 [grpc-default-executor-3] DEBUG client.RaftClient (RaftClientImpl.java:newRequest(95)) - attempt #1, newRequest RaftClientRequest:client-5FE4B4CCF4A1->s1@group-76E74FC0E99E, cid=159, seq=null, Watch-MAJORITY_COMMITTED(14), null
2024-01-25 07:58:10,036 [grpc-default-executor-3] DEBUG impl.UnorderedAsync (UnorderedAsync.java:sendRequestWithRetry(80)) - client-5FE4B4CCF4A1: attempt #1 send~ RaftClientRequest:client-5FE4B4CCF4A1->s1@group-76E74FC0E99E, cid=159, seq=null, Watch-MAJORITY_COMMITTED(14), null
2024-01-25 07:58:10,036 [s1-client-thread2] DEBUG server.RaftServer$Division (RaftServerImpl.java:submitClientRequestAsync(880)) - s1@group-76E74FC0E99E: receive client request(RaftClientRequest:client-5FE4B4CCF4A1->s1@group-76E74FC0E99E, cid=152, seq=null, Watch-ALL_COMMITTED(11), Message:<EMPTY>)
2024-01-25 07:58:10,037 [s1-client-thread2] DEBUG server.RaftServer$Division (LeaderStateImpl.java:addWatchRequest(552)) - s1@group-76E74FC0E99E-LeaderStateImpl: addWatchRequest RaftClientRequest:client-5FE4B4CCF4A1->s1@group-76E74FC0E99E, cid=152, seq=null, Watch-ALL_COMMITTED(11), Message:<EMPTY>
2024-01-25 07:58:10,037 [grpc-default-executor-3] DEBUG client.RaftClient (RaftClientImpl.java:get(158)) - client-5FE4B4CCF4A1: get 160 returns []
2024-01-25 07:58:10,037 [grpc-default-executor-3] DEBUG client.RaftClient (RaftClientImpl.java:newRequest(95)) - attempt #1, newRequest RaftClientRequest:client-5FE4B4CCF4A1->s1@group-76E74FC0E99E, cid=160, seq=null, Watch-ALL_COMMITTED(14), null
2024-01-25 07:58:10,037 [grpc-default-executor-3] DEBUG impl.UnorderedAsync (UnorderedAsync.java:sendRequestWithRetry(80)) - client-5FE4B4CCF4A1: attempt #1 send~ RaftClientRequest:client-5FE4B4CCF4A1->s1@group-76E74FC0E99E, cid=160, seq=null, Watch-ALL_COMMITTED(14), null
2024-01-25 07:58:10,037 [s1-client-thread2] DEBUG server.RaftServer$Division (RaftServerImpl.java:submitClientRequestAsync(880)) - s1@group-76E74FC0E99E: receive client request(RaftClientRequest:client-5FE4B4CCF4A1->s1@group-76E74FC0E99E, cid=153, seq=null, Watch(12), Message:<EMPTY>)
2024-01-25 07:58:10,037 [s1-client-thread2] DEBUG server.RaftServer$Division (LeaderStateImpl.java:addWatchRequest(552)) - s1@group-76E74FC0E99E-LeaderStateImpl: addWatchRequest RaftClientRequest:client-5FE4B4CCF4A1->s1@group-76E74FC0E99E, cid=153, seq=null, Watch(12), Message:<EMPTY>
2024-01-25 07:58:10,037 [grpc-default-executor-1] DEBUG client.RaftClient (RaftClientImpl.java:add(146)) - client-5FE4B4CCF4A1: add replied callId 124
2024-01-25 07:58:10,037 [s1-client-thread2] DEBUG server.RaftServer$Division (RaftServerImpl.java:submitClientRequestAsync(880)) - s1@group-76E74FC0E99E: receive client request(RaftClientRequest:client-5FE4B4CCF4A1->s1@group-76E74FC0E99E, cid=154, seq=null, Watch-ALL(12), Message:<EMPTY>)
2024-01-25 07:58:10,037 [grpc-default-executor-1] INFO  grpc.TestWatchRequestWithGrpc (WatchRequestTests.java:lambda$sendRequests$0(113)) - SEND_WATCH: message=m9, logIndex=16
2024-01-25 07:58:10,037 [s1-client-thread2] DEBUG server.RaftServer$Division (LeaderStateImpl.java:addWatchRequest(552)) - s1@group-76E74FC0E99E-LeaderStateImpl: addWatchRequest RaftClientRequest:client-5FE4B4CCF4A1->s1@group-76E74FC0E99E, cid=154, seq=null, Watch-ALL(12), Message:<EMPTY>
2024-01-25 07:58:10,037 [ForkJoinPool.commonPool-worker-3] DEBUG impl.UnorderedAsync (UnorderedAsync.java:lambda$sendRequestWithRetry$4(83)) - client-5FE4B4CCF4A1: attempt #1 receive~ RaftClientReply:client-5FE4B4CCF4A1->s1@group-76E74FC0E99E, cid=151, SUCCESS, logIndex=15, commits[s1:c17, s0:c2, s2:c15]
2024-01-25 07:58:10,037 [grpc-default-executor-1] DEBUG client.RaftClient (RaftClientImpl.java:get(158)) - client-5FE4B4CCF4A1: get 161 returns [124]
2024-01-25 07:58:10,037 [Time-limited test] INFO  grpc.TestWatchRequestWithGrpc (WatchRequestTests.java:get(214)) - majorityCommitted-Watch(11) returns RaftClientReply:client-5FE4B4CCF4A1->s1@group-76E74FC0E99E, cid=151, SUCCESS, logIndex=15, commits[s1:c17, s0:c2, s2:c15]
2024-01-25 07:58:10,038 [grpc-default-executor-1] DEBUG client.RaftClient (RaftClientImpl.java:newRequest(95)) - attempt #1, newRequest RaftClientRequest:client-5FE4B4CCF4A1->s1@group-76E74FC0E99E, cid=161, seq=null, Watch(16), null
2024-01-25 07:58:10,038 [s1-client-thread2] DEBUG server.RaftServer$Division (RaftServerImpl.java:submitClientRequestAsync(880)) - s1@group-76E74FC0E99E: receive client request(RaftClientRequest:client-5FE4B4CCF4A1->s1@group-76E74FC0E99E, cid=155, seq=null, Watch-MAJORITY_COMMITTED(12), Message:<EMPTY>)
2024-01-25 07:58:10,038 [grpc-default-executor-1] DEBUG impl.UnorderedAsync (UnorderedAsync.java:sendRequestWithRetry(80)) - client-5FE4B4CCF4A1: attempt #1 send~ RaftClientRequest:client-5FE4B4CCF4A1->s1@group-76E74FC0E99E, cid=161, seq=null, Watch(16), null
2024-01-25 07:58:10,038 [ForkJoinPool.commonPool-worker-3] DEBUG impl.UnorderedAsync (UnorderedAsync.java:lambda$sendRequestWithRetry$4(83)) - client-5FE4B4CCF4A1: attempt #1 receive~ RaftClientReply:client-5FE4B4CCF4A1->s1@group-76E74FC0E99E, cid=153, SUCCESS, logIndex=17, commits[s1:c17, s0:c2, s2:c15]
2024-01-25 07:58:10,038 [Time-limited test] INFO  grpc.TestWatchRequestWithGrpc (WatchRequestTests.java:checkMajority(275)) - checkMajority 7: receive RaftClientReply:client-5FE4B4CCF4A1->s1@group-76E74FC0E99E, cid=122, SUCCESS, logIndex=12, commits[s1:c14, s0:c2, s2:c7]
2024-01-25 07:58:10,038 [grpc-default-executor-1] DEBUG client.RaftClient (RaftClientImpl.java:get(158)) - client-5FE4B4CCF4A1: get 162 returns []
2024-01-25 07:58:10,038 [Time-limited test] INFO  grpc.TestWatchRequestWithGrpc (WatchRequestTests.java:get(214)) - majority-Watch(12) returns RaftClientReply:client-5FE4B4CCF4A1->s1@group-76E74FC0E99E, cid=153, SUCCESS, logIndex=17, commits[s1:c17, s0:c2, s2:c15]
2024-01-25 07:58:10,038 [grpc-default-executor-1] DEBUG client.RaftClient (RaftClientImpl.java:newRequest(95)) - attempt #1, newRequest RaftClientRequest:client-5FE4B4CCF4A1->s1@group-76E74FC0E99E, cid=162, seq=null, Watch-ALL(16), null
2024-01-25 07:58:10,038 [s1-client-thread2] DEBUG server.RaftServer$Division (LeaderStateImpl.java:addWatchRequest(552)) - s1@group-76E74FC0E99E-LeaderStateImpl: addWatchRequest RaftClientRequest:client-5FE4B4CCF4A1->s1@group-76E74FC0E99E, cid=155, seq=null, Watch-MAJORITY_COMMITTED(12), Message:<EMPTY>
2024-01-25 07:58:10,038 [grpc-default-executor-1] DEBUG impl.UnorderedAsync (UnorderedAsync.java:sendRequestWithRetry(80)) - client-5FE4B4CCF4A1: attempt #1 send~ RaftClientRequest:client-5FE4B4CCF4A1->s1@group-76E74FC0E99E, cid=162, seq=null, Watch-ALL(16), null
2024-01-25 07:58:10,039 [grpc-default-executor-1] DEBUG client.RaftClient (RaftClientImpl.java:get(158)) - client-5FE4B4CCF4A1: get 163 returns []
2024-01-25 07:58:10,039 [s1-client-thread2] DEBUG server.RaftServer$Division (RaftServerImpl.java:submitClientRequestAsync(880)) - s1@group-76E74FC0E99E: receive client request(RaftClientRequest:client-5FE4B4CCF4A1->s1@group-76E74FC0E99E, cid=156, seq=null, Watch-ALL_COMMITTED(12), Message:<EMPTY>)
2024-01-25 07:58:10,039 [s1-client-thread2] DEBUG server.RaftServer$Division (LeaderStateImpl.java:addWatchRequest(552)) - s1@group-76E74FC0E99E-LeaderStateImpl: addWatchRequest RaftClientRequest:client-5FE4B4CCF4A1->s1@group-76E74FC0E99E, cid=156, seq=null, Watch-ALL_COMMITTED(12), Message:<EMPTY>
2024-01-25 07:58:10,039 [ForkJoinPool.commonPool-worker-3] DEBUG impl.UnorderedAsync (UnorderedAsync.java:lambda$sendRequestWithRetry$4(83)) - client-5FE4B4CCF4A1: attempt #1 receive~ RaftClientReply:client-5FE4B4CCF4A1->s1@group-76E74FC0E99E, cid=155, SUCCESS, logIndex=15, commits[s1:c17, s0:c2, s2:c15]
2024-01-25 07:58:10,039 [s1-client-thread2] DEBUG server.RaftServer$Division (RaftServerImpl.java:submitClientRequestAsync(880)) - s1@group-76E74FC0E99E: receive client request(RaftClientRequest:client-5FE4B4CCF4A1->s1@group-76E74FC0E99E, cid=157, seq=null, Watch(14), Message:<EMPTY>)
2024-01-25 07:58:10,039 [grpc-default-executor-1] DEBUG client.RaftClient (RaftClientImpl.java:newRequest(95)) - attempt #1, newRequest RaftClientRequest:client-5FE4B4CCF4A1->s1@group-76E74FC0E99E, cid=163, seq=null, Watch-MAJORITY_COMMITTED(16), null
2024-01-25 07:58:10,039 [Time-limited test] INFO  grpc.TestWatchRequestWithGrpc (WatchRequestTests.java:get(214)) - majorityCommitted-Watch(12) returns RaftClientReply:client-5FE4B4CCF4A1->s1@group-76E74FC0E99E, cid=155, SUCCESS, logIndex=15, commits[s1:c17, s0:c2, s2:c15]
2024-01-25 07:58:10,039 [s1-client-thread2] DEBUG server.RaftServer$Division (LeaderStateImpl.java:addWatchRequest(552)) - s1@group-76E74FC0E99E-LeaderStateImpl: addWatchRequest RaftClientRequest:client-5FE4B4CCF4A1->s1@group-76E74FC0E99E, cid=157, seq=null, Watch(14), Message:<EMPTY>
2024-01-25 07:58:10,039 [Time-limited test] INFO  grpc.TestWatchRequestWithGrpc (WatchRequestTests.java:checkMajority(275)) - checkMajority 8: receive RaftClientReply:client-5FE4B4CCF4A1->s1@group-76E74FC0E99E, cid=123, SUCCESS, logIndex=14, commits[s1:c14, s0:c2, s2:c7]
2024-01-25 07:58:10,039 [grpc-default-executor-1] DEBUG impl.UnorderedAsync (UnorderedAsync.java:sendRequestWithRetry(80)) - client-5FE4B4CCF4A1: attempt #1 send~ RaftClientRequest:client-5FE4B4CCF4A1->s1@group-76E74FC0E99E, cid=163, seq=null, Watch-MAJORITY_COMMITTED(16), null
2024-01-25 07:58:10,039 [s1-client-thread2] DEBUG server.RaftServer$Division (RaftServerImpl.java:submitClientRequestAsync(880)) - s1@group-76E74FC0E99E: receive client request(RaftClientRequest:client-5FE4B4CCF4A1->s1@group-76E74FC0E99E, cid=158, seq=null, Watch-ALL(14), Message:<EMPTY>)
2024-01-25 07:58:10,039 [s1-client-thread2] DEBUG server.RaftServer$Division (LeaderStateImpl.java:addWatchRequest(552)) - s1@group-76E74FC0E99E-LeaderStateImpl: addWatchRequest RaftClientRequest:client-5FE4B4CCF4A1->s1@group-76E74FC0E99E, cid=158, seq=null, Watch-ALL(14), Message:<EMPTY>
2024-01-25 07:58:10,040 [ForkJoinPool.commonPool-worker-3] DEBUG impl.UnorderedAsync (UnorderedAsync.java:lambda$sendRequestWithRetry$4(83)) - client-5FE4B4CCF4A1: attempt #1 receive~ RaftClientReply:client-5FE4B4CCF4A1->s1@group-76E74FC0E99E, cid=157, SUCCESS, logIndex=17, commits[s1:c17, s0:c2, s2:c15]
2024-01-25 07:58:10,040 [grpc-default-executor-1] DEBUG client.RaftClient (RaftClientImpl.java:get(158)) - client-5FE4B4CCF4A1: get 164 returns []
2024-01-25 07:58:10,040 [Time-limited test] INFO  grpc.TestWatchRequestWithGrpc (WatchRequestTests.java:get(214)) - majority-Watch(14) returns RaftClientReply:client-5FE4B4CCF4A1->s1@group-76E74FC0E99E, cid=157, SUCCESS, logIndex=17, commits[s1:c17, s0:c2, s2:c15]
2024-01-25 07:58:10,040 [s1-client-thread2] DEBUG server.RaftServer$Division (RaftServerImpl.java:submitClientRequestAsync(880)) - s1@group-76E74FC0E99E: receive client request(RaftClientRequest:client-5FE4B4CCF4A1->s1@group-76E74FC0E99E, cid=159, seq=null, Watch-MAJORITY_COMMITTED(14), Message:<EMPTY>)
2024-01-25 07:58:10,040 [grpc-default-executor-1] DEBUG client.RaftClient (RaftClientImpl.java:newRequest(95)) - attempt #1, newRequest RaftClientRequest:client-5FE4B4CCF4A1->s1@group-76E74FC0E99E, cid=164, seq=null, Watch-ALL_COMMITTED(16), null
2024-01-25 07:58:10,040 [s1-client-thread2] DEBUG server.RaftServer$Division (LeaderStateImpl.java:addWatchRequest(552)) - s1@group-76E74FC0E99E-LeaderStateImpl: addWatchRequest RaftClientRequest:client-5FE4B4CCF4A1->s1@group-76E74FC0E99E, cid=159, seq=null, Watch-MAJORITY_COMMITTED(14), Message:<EMPTY>
2024-01-25 07:58:10,040 [grpc-default-executor-1] DEBUG impl.UnorderedAsync (UnorderedAsync.java:sendRequestWithRetry(80)) - client-5FE4B4CCF4A1: attempt #1 send~ RaftClientRequest:client-5FE4B4CCF4A1->s1@group-76E74FC0E99E, cid=164, seq=null, Watch-ALL_COMMITTED(16), null
2024-01-25 07:58:10,040 [ForkJoinPool.commonPool-worker-3] DEBUG impl.UnorderedAsync (UnorderedAsync.java:lambda$sendRequestWithRetry$4(83)) - client-5FE4B4CCF4A1: attempt #1 receive~ RaftClientReply:client-5FE4B4CCF4A1->s1@group-76E74FC0E99E, cid=159, SUCCESS, logIndex=15, commits[s1:c17, s0:c2, s2:c15]
2024-01-25 07:58:10,040 [s1-client-thread2] DEBUG server.RaftServer$Division (RaftServerImpl.java:submitClientRequestAsync(880)) - s1@group-76E74FC0E99E: receive client request(RaftClientRequest:client-5FE4B4CCF4A1->s1@group-76E74FC0E99E, cid=160, seq=null, Watch-ALL_COMMITTED(14), Message:<EMPTY>)
2024-01-25 07:58:10,041 [s1-client-thread2] DEBUG server.RaftServer$Division (LeaderStateImpl.java:addWatchRequest(552)) - s1@group-76E74FC0E99E-LeaderStateImpl: addWatchRequest RaftClientRequest:client-5FE4B4CCF4A1->s1@group-76E74FC0E99E, cid=160, seq=null, Watch-ALL_COMMITTED(14), Message:<EMPTY>
2024-01-25 07:58:10,041 [Time-limited test] INFO  grpc.TestWatchRequestWithGrpc (WatchRequestTests.java:get(214)) - majorityCommitted-Watch(14) returns RaftClientReply:client-5FE4B4CCF4A1->s1@group-76E74FC0E99E, cid=159, SUCCESS, logIndex=15, commits[s1:c17, s0:c2, s2:c15]
2024-01-25 07:58:10,041 [Time-limited test] INFO  grpc.TestWatchRequestWithGrpc (WatchRequestTests.java:checkMajority(275)) - checkMajority 9: receive RaftClientReply:client-5FE4B4CCF4A1->s1@group-76E74FC0E99E, cid=124, SUCCESS, logIndex=16, commits[s1:c17, s0:c2, s2:c15]
2024-01-25 07:58:10,041 [s1-client-thread2] DEBUG server.RaftServer$Division (RaftServerImpl.java:submitClientRequestAsync(880)) - s1@group-76E74FC0E99E: receive client request(RaftClientRequest:client-5FE4B4CCF4A1->s1@group-76E74FC0E99E, cid=161, seq=null, Watch(16), Message:<EMPTY>)
2024-01-25 07:58:10,041 [s1-client-thread2] DEBUG server.RaftServer$Division (LeaderStateImpl.java:addWatchRequest(552)) - s1@group-76E74FC0E99E-LeaderStateImpl: addWatchRequest RaftClientRequest:client-5FE4B4CCF4A1->s1@group-76E74FC0E99E, cid=161, seq=null, Watch(16), Message:<EMPTY>
2024-01-25 07:58:10,041 [s1-client-thread2] DEBUG server.RaftServer$Division (RaftServerImpl.java:submitClientRequestAsync(880)) - s1@group-76E74FC0E99E: receive client request(RaftClientRequest:client-5FE4B4CCF4A1->s1@group-76E74FC0E99E, cid=162, seq=null, Watch-ALL(16), Message:<EMPTY>)
2024-01-25 07:58:10,041 [s1-client-thread2] DEBUG server.RaftServer$Division (LeaderStateImpl.java:addWatchRequest(552)) - s1@group-76E74FC0E99E-LeaderStateImpl: addWatchRequest RaftClientRequest:client-5FE4B4CCF4A1->s1@group-76E74FC0E99E, cid=162, seq=null, Watch-ALL(16), Message:<EMPTY>
2024-01-25 07:58:10,041 [ForkJoinPool.commonPool-worker-3] DEBUG impl.UnorderedAsync (UnorderedAsync.java:lambda$sendRequestWithRetry$4(83)) - client-5FE4B4CCF4A1: attempt #1 receive~ RaftClientReply:client-5FE4B4CCF4A1->s1@group-76E74FC0E99E, cid=161, SUCCESS, logIndex=17, commits[s1:c17, s0:c2, s2:c15]
2024-01-25 07:58:10,042 [Time-limited test] INFO  grpc.TestWatchRequestWithGrpc (WatchRequestTests.java:get(214)) - majority-Watch(16) returns RaftClientReply:client-5FE4B4CCF4A1->s1@group-76E74FC0E99E, cid=161, SUCCESS, logIndex=17, commits[s1:c17, s0:c2, s2:c15]
2024-01-25 07:58:10,042 [s1-client-thread2] DEBUG server.RaftServer$Division (RaftServerImpl.java:submitClientRequestAsync(880)) - s1@group-76E74FC0E99E: receive client request(RaftClientRequest:client-5FE4B4CCF4A1->s1@group-76E74FC0E99E, cid=163, seq=null, Watch-MAJORITY_COMMITTED(16), Message:<EMPTY>)
2024-01-25 07:58:10,042 [s1-client-thread2] DEBUG server.RaftServer$Division (LeaderStateImpl.java:addWatchRequest(552)) - s1@group-76E74FC0E99E-LeaderStateImpl: addWatchRequest RaftClientRequest:client-5FE4B4CCF4A1->s1@group-76E74FC0E99E, cid=163, seq=null, Watch-MAJORITY_COMMITTED(16), Message:<EMPTY>
2024-01-25 07:58:10,042 [s1-client-thread2] DEBUG server.RaftServer$Division (RaftServerImpl.java:submitClientRequestAsync(880)) - s1@group-76E74FC0E99E: receive client request(RaftClientRequest:client-5FE4B4CCF4A1->s1@group-76E74FC0E99E, cid=164, seq=null, Watch-ALL_COMMITTED(16), Message:<EMPTY>)
2024-01-25 07:58:10,042 [s1-client-thread2] DEBUG server.RaftServer$Division (LeaderStateImpl.java:addWatchRequest(552)) - s1@group-76E74FC0E99E-LeaderStateImpl: addWatchRequest RaftClientRequest:client-5FE4B4CCF4A1->s1@group-76E74FC0E99E, cid=164, seq=null, Watch-ALL_COMMITTED(16), Message:<EMPTY>
2024-01-25 07:58:10,098 [s2@group-76E74FC0E99E-StateMachineUpdater] INFO  impl.SimpleStateMachine4Testing (SimpleStateMachine4Testing.java:applyTransaction(248)) - applyTransaction for log index 16
2024-01-25 07:58:10,098 [grpc-default-executor-1] DEBUG impl.WatchRequests (WatchRequests.java:updateIndex(150)) - s1@group-76E74FC0E99E-WatchRequests: update MAJORITY_COMMITTED index from 15 to 17
2024-01-25 07:58:10,098 [s2@group-76E74FC0E99E-StateMachineUpdater] INFO  impl.SimpleStateMachine4Testing (SimpleStateMachine4Testing.java:put(205)) - s2: put 16, m9 -> (t:1, i:16), STATEMACHINELOGENTRY, 124@client-5FE4B4CCF4A1
2024-01-25 07:58:10,098 [grpc-default-executor-1] DEBUG impl.WatchRequests (WatchRequests.java:updateIndex(160)) - s1@group-76E74FC0E99E-WatchRequests: complete Watch-MAJORITY_COMMITTED(16)@38.239s?NOT_DONE
2024-01-25 07:58:10,098 [ForkJoinPool.commonPool-worker-3] DEBUG impl.UnorderedAsync (UnorderedAsync.java:lambda$sendRequestWithRetry$4(83)) - client-5FE4B4CCF4A1: attempt #1 receive~ RaftClientReply:client-5FE4B4CCF4A1->s1@group-76E74FC0E99E, cid=163, SUCCESS, logIndex=17, commits[s1:c17, s0:c2, s2:c17]
2024-01-25 07:58:10,098 [Time-limited test] INFO  grpc.TestWatchRequestWithGrpc (WatchRequestTests.java:get(214)) - majorityCommitted-Watch(16) returns RaftClientReply:client-5FE4B4CCF4A1->s1@group-76E74FC0E99E, cid=163, SUCCESS, logIndex=17, commits[s1:c17, s0:c2, s2:c17]
2024-01-25 07:58:11,099 [Time-limited test] INFO  grpc.TestWatchRequestWithGrpc (WatchRequestTests.java:runTestWatchRequestAsync(266)) - unblock follower s0
2024-01-25 07:58:11,099 [Time-limited test] INFO  impl.SimpleStateMachine4Testing (SimpleStateMachine4Testing.java:unblock(142)) - unblock FLUSH_STATE_MACHINE_DATA
2024-01-25 07:58:11,099 [Time-limited test] INFO  grpc.TestWatchRequestWithGrpc (WatchRequestTests.java:checkAll(305)) - checkAll 0: logIndex=3
2024-01-25 07:58:11,099 [s0-server-thread2] DEBUG server.RaftServer$Division (RaftServerImpl.java:logAppendEntries(1520)) - s0@group-76E74FC0E99E: succeeded to handle AppendEntries. Reply: s1<-s0#48:OK-t1,SUCCESS,nextIndex=4,followerCommit=2,matchIndex=3
2024-01-25 07:58:11,100 [s1@group-76E74FC0E99E-LeaderStateImpl] DEBUG impl.WatchRequests (WatchRequests.java:updateIndex(150)) - s1@group-76E74FC0E99E-WatchRequests: update ALL index from 2 to 3
2024-01-25 07:58:11,100 [s1@group-76E74FC0E99E-LeaderStateImpl] DEBUG impl.WatchRequests (WatchRequests.java:updateIndex(160)) - s1@group-76E74FC0E99E-WatchRequests: complete Watch-ALL(3)@38.239s?NOT_DONE
2024-01-25 07:58:11,100 [s0-server-thread2] DEBUG server.RaftServer$Division (RaftServerImpl.java:logAppendEntries(1520)) - s0@group-76E74FC0E99E: succeeded to handle AppendEntries. Reply: s1<-s0#49:OK-t1,SUCCESS,nextIndex=5,followerCommit=2,matchIndex=4
2024-01-25 07:58:11,100 [s0-server-thread2] DEBUG server.RaftServer$Division (RaftServerImpl.java:logAppendEntries(1520)) - s0@group-76E74FC0E99E: succeeded to handle AppendEntries. Reply: s1<-s0#52:OK-t1,SUCCESS,nextIndex=12,followerCommit=4,matchIndex=11
2024-01-25 07:58:11,101 [s0-server-thread4] DEBUG server.RaftServer$Division (RaftServerImpl.java:logAppendEntries(1520)) - s0@group-76E74FC0E99E: succeeded to handle AppendEntries. Reply: s1<-s0#53:OK-t1,SUCCESS,nextIndex=13,followerCommit=4,matchIndex=12
2024-01-25 07:58:11,101 [s0-server-thread3] DEBUG server.RaftServer$Division (RaftServerImpl.java:logAppendEntries(1520)) - s0@group-76E74FC0E99E: succeeded to handle AppendEntries. Reply: s1<-s0#51:OK-t1,SUCCESS,nextIndex=9,followerCommit=4,matchIndex=8
2024-01-25 07:58:11,101 [s0-server-thread4] DEBUG server.RaftServer$Division (RaftServerImpl.java:logAppendEntries(1520)) - s0@group-76E74FC0E99E: succeeded to handle AppendEntries. Reply: s1<-s0#57:OK-t1,SUCCESS,nextIndex=16,followerCommit=11,matchIndex=15
2024-01-25 07:58:11,101 [s0-server-thread5] DEBUG server.RaftServer$Division (RaftServerImpl.java:logAppendEntries(1520)) - s0@group-76E74FC0E99E: succeeded to handle AppendEntries. Reply: s1<-s0#54:OK-t1,SUCCESS,nextIndex=15,followerCommit=11,matchIndex=14
2024-01-25 07:58:11,102 [s0-server-thread1] DEBUG server.RaftServer$Division (RaftServerImpl.java:logAppendEntries(1520)) - s0@group-76E74FC0E99E: succeeded to handle AppendEntries. Reply: s1<-s0#50:OK-t1,SUCCESS,nextIndex=7,followerCommit=11,matchIndex=6
2024-01-25 07:58:11,102 [s0@group-76E74FC0E99E-StateMachineUpdater] INFO  impl.SimpleStateMachine4Testing (SimpleStateMachine4Testing.java:applyTransaction(248)) - applyTransaction for log index 3
2024-01-25 07:58:11,102 [s0@group-76E74FC0E99E-StateMachineUpdater] INFO  impl.SimpleStateMachine4Testing (SimpleStateMachine4Testing.java:put(205)) - s0: put 3, m0 -> (t:1, i:3), STATEMACHINELOGENTRY, 115@client-5FE4B4CCF4A1
2024-01-25 07:58:11,102 [s0@group-76E74FC0E99E-StateMachineUpdater] INFO  impl.SimpleStateMachine4Testing (SimpleStateMachine4Testing.java:applyTransaction(248)) - applyTransaction for log index 4
2024-01-25 07:58:11,102 [s0@group-76E74FC0E99E-StateMachineUpdater] INFO  impl.SimpleStateMachine4Testing (SimpleStateMachine4Testing.java:put(205)) - s0: put 4, m1 -> (t:1, i:4), STATEMACHINELOGENTRY, 116@client-5FE4B4CCF4A1
2024-01-25 07:58:11,102 [s0@group-76E74FC0E99E-StateMachineUpdater] INFO  impl.SimpleStateMachine4Testing (SimpleStateMachine4Testing.java:applyTransaction(248)) - applyTransaction for log index 5
2024-01-25 07:58:11,102 [s0@group-76E74FC0E99E-StateMachineUpdater] INFO  impl.SimpleStateMachine4Testing (SimpleStateMachine4Testing.java:put(205)) - s0: put 5, m2 -> (t:1, i:5), STATEMACHINELOGENTRY, 117@client-5FE4B4CCF4A1
2024-01-25 07:58:11,103 [s0@group-76E74FC0E99E-StateMachineUpdater] INFO  impl.SimpleStateMachine4Testing (SimpleStateMachine4Testing.java:applyTransaction(248)) - applyTransaction for log index 7
2024-01-25 07:58:11,103 [s0@group-76E74FC0E99E-StateMachineUpdater] INFO  impl.SimpleStateMachine4Testing (SimpleStateMachine4Testing.java:put(205)) - s0: put 7, m3 -> (t:1, i:7), STATEMACHINELOGENTRY, 118@client-5FE4B4CCF4A1
2024-01-25 07:58:11,103 [s0@group-76E74FC0E99E-StateMachineUpdater] INFO  impl.SimpleStateMachine4Testing (SimpleStateMachine4Testing.java:applyTransaction(248)) - applyTransaction for log index 8
2024-01-25 07:58:11,103 [s0@group-76E74FC0E99E-StateMachineUpdater] INFO  impl.SimpleStateMachine4Testing (SimpleStateMachine4Testing.java:put(205)) - s0: put 8, m4 -> (t:1, i:8), STATEMACHINELOGENTRY, 119@client-5FE4B4CCF4A1
2024-01-25 07:58:11,103 [s0@group-76E74FC0E99E-StateMachineUpdater] INFO  impl.SimpleStateMachine4Testing (SimpleStateMachine4Testing.java:applyTransaction(248)) - applyTransaction for log index 9
2024-01-25 07:58:11,103 [s0@group-76E74FC0E99E-StateMachineUpdater] INFO  impl.SimpleStateMachine4Testing (SimpleStateMachine4Testing.java:put(205)) - s0: put 9, m5 -> (t:1, i:9), STATEMACHINELOGENTRY, 120@client-5FE4B4CCF4A1
2024-01-25 07:58:11,103 [s0@group-76E74FC0E99E-StateMachineUpdater] INFO  impl.SimpleStateMachine4Testing (SimpleStateMachine4Testing.java:applyTransaction(248)) - applyTransaction for log index 11
2024-01-25 07:58:11,103 [s0@group-76E74FC0E99E-StateMachineUpdater] INFO  impl.SimpleStateMachine4Testing (SimpleStateMachine4Testing.java:put(205)) - s0: put 11, m6 -> (t:1, i:11), STATEMACHINELOGENTRY, 121@client-5FE4B4CCF4A1
2024-01-25 07:58:11,104 [ForkJoinPool.commonPool-worker-3] DEBUG impl.UnorderedAsync (UnorderedAsync.java:lambda$sendRequestWithRetry$4(83)) - client-5FE4B4CCF4A1: attempt #1 receive~ RaftClientReply:client-5FE4B4CCF4A1->s1@group-76E74FC0E99E, cid=126, SUCCESS, logIndex=3, commits[s1:c17, s0:c2, s2:c17]
2024-01-25 07:58:11,104 [s0-server-thread1] DEBUG server.RaftServer$Division (RaftServerImpl.java:logAppendEntries(1520)) - s0@group-76E74FC0E99E: receive appendEntries(s1, 1, (t:1, i:15), 17, false, commits:[s1:c17, s0:c2, s2:c17], cId:883, entries: [(t:1, i:16), STATEMACHINELOGENTRY, 124@client-5FE4B4CCF4A1, (t:1, i:17), METADATAENTRY(c:14)]
2024-01-25 07:58:11,104 [grpc-default-executor-3] DEBUG impl.WatchRequests (WatchRequests.java:updateIndex(150)) - s1@group-76E74FC0E99E-WatchRequests: update ALL_COMMITTED index from 2 to 11
2024-01-25 07:58:11,104 [grpc-default-executor-3] DEBUG impl.WatchRequests (WatchRequests.java:updateIndex(160)) - s1@group-76E74FC0E99E-WatchRequests: complete Watch-ALL_COMMITTED(3)@38.239s?NOT_DONE
2024-01-25 07:58:11,104 [grpc-default-executor-3] DEBUG impl.WatchRequests (WatchRequests.java:updateIndex(160)) - s1@group-76E74FC0E99E-WatchRequests: complete Watch-ALL_COMMITTED(4)@38.239s?NOT_DONE
2024-01-25 07:58:11,104 [grpc-default-executor-3] DEBUG impl.WatchRequests (WatchRequests.java:updateIndex(160)) - s1@group-76E74FC0E99E-WatchRequests: complete Watch-ALL_COMMITTED(5)@38.239s?NOT_DONE
2024-01-25 07:58:11,105 [Time-limited test] INFO  grpc.TestWatchRequestWithGrpc (WatchRequestTests.java:get(214)) - all-Watch(3) returns RaftClientReply:client-5FE4B4CCF4A1->s1@group-76E74FC0E99E, cid=126, SUCCESS, logIndex=3, commits[s1:c17, s0:c2, s2:c17]
2024-01-25 07:58:11,105 [ForkJoinPool.commonPool-worker-3] DEBUG impl.UnorderedAsync (UnorderedAsync.java:lambda$sendRequestWithRetry$4(83)) - client-5FE4B4CCF4A1: attempt #1 receive~ RaftClientReply:client-5FE4B4CCF4A1->s1@group-76E74FC0E99E, cid=128, SUCCESS, logIndex=11, commits[s1:c17, s0:c11, s2:c17]
2024-01-25 07:58:11,105 [grpc-default-executor-3] DEBUG impl.WatchRequests (WatchRequests.java:updateIndex(160)) - s1@group-76E74FC0E99E-WatchRequests: complete Watch-ALL_COMMITTED(7)@38.239s?NOT_DONE
2024-01-25 07:58:11,105 [ForkJoinPool.commonPool-worker-3] DEBUG impl.UnorderedAsync (UnorderedAsync.java:lambda$sendRequestWithRetry$4(83)) - client-5FE4B4CCF4A1: attempt #1 receive~ RaftClientReply:client-5FE4B4CCF4A1->s1@group-76E74FC0E99E, cid=132, SUCCESS, logIndex=11, commits[s1:c17, s0:c11, s2:c17]
2024-01-25 07:58:11,105 [grpc-default-executor-3] DEBUG impl.WatchRequests (WatchRequests.java:updateIndex(160)) - s1@group-76E74FC0E99E-WatchRequests: complete Watch-ALL_COMMITTED(8)@38.239s?NOT_DONE
2024-01-25 07:58:11,105 [Time-limited test] INFO  grpc.TestWatchRequestWithGrpc (WatchRequestTests.java:get(214)) - allCommitted-Watch(3) returns RaftClientReply:client-5FE4B4CCF4A1->s1@group-76E74FC0E99E, cid=128, SUCCESS, logIndex=11, commits[s1:c17, s0:c11, s2:c17]
2024-01-25 07:58:11,105 [Time-limited test] INFO  grpc.TestWatchRequestWithGrpc (WatchRequestTests.java:checkAll(305)) - checkAll 1: logIndex=4
2024-01-25 07:58:11,105 [s0-server-thread1] DEBUG server.RaftServer$Division (RaftServerImpl.java:logAppendEntries(1520)) - s0@group-76E74FC0E99E: succeeded to handle AppendEntries. Reply: s1<-s0#883:OK-t1,SUCCESS,nextIndex=18,followerCommit=17,matchIndex=17
2024-01-25 07:58:11,104 [s1@group-76E74FC0E99E-LeaderStateImpl] DEBUG impl.WatchRequests (WatchRequests.java:updateIndex(150)) - s1@group-76E74FC0E99E-WatchRequests: update ALL index from 3 to 4
2024-01-25 07:58:11,105 [s1@group-76E74FC0E99E-LeaderStateImpl] DEBUG impl.WatchRequests (WatchRequests.java:updateIndex(160)) - s1@group-76E74FC0E99E-WatchRequests: complete Watch-ALL(4)@38.239s?NOT_DONE
2024-01-25 07:58:11,106 [ForkJoinPool.commonPool-worker-0] DEBUG impl.UnorderedAsync (UnorderedAsync.java:lambda$sendRequestWithRetry$4(83)) - client-5FE4B4CCF4A1: attempt #1 receive~ RaftClientReply:client-5FE4B4CCF4A1->s1@group-76E74FC0E99E, cid=136, SUCCESS, logIndex=11, commits[s1:c17, s0:c11, s2:c17]
2024-01-25 07:58:11,105 [s0@group-76E74FC0E99E-StateMachineUpdater] INFO  impl.SimpleStateMachine4Testing (SimpleStateMachine4Testing.java:applyTransaction(248)) - applyTransaction for log index 12
2024-01-25 07:58:11,106 [s0@group-76E74FC0E99E-StateMachineUpdater] INFO  impl.SimpleStateMachine4Testing (SimpleStateMachine4Testing.java:put(205)) - s0: put 12, m7 -> (t:1, i:12), STATEMACHINELOGENTRY, 122@client-5FE4B4CCF4A1
2024-01-25 07:58:11,105 [grpc-default-executor-3] DEBUG impl.WatchRequests (WatchRequests.java:updateIndex(160)) - s1@group-76E74FC0E99E-WatchRequests: complete Watch-ALL_COMMITTED(9)@38.239s?NOT_DONE
2024-01-25 07:58:11,106 [grpc-default-executor-3] DEBUG impl.WatchRequests (WatchRequests.java:updateIndex(160)) - s1@group-76E74FC0E99E-WatchRequests: complete Watch-ALL_COMMITTED(11)@38.239s?NOT_DONE
2024-01-25 07:58:11,106 [ForkJoinPool.commonPool-worker-0] DEBUG impl.UnorderedAsync (UnorderedAsync.java:lambda$sendRequestWithRetry$4(83)) - client-5FE4B4CCF4A1: attempt #1 receive~ RaftClientReply:client-5FE4B4CCF4A1->s1@group-76E74FC0E99E, cid=140, SUCCESS, logIndex=11, commits[s1:c17, s0:c11, s2:c17]
2024-01-25 07:58:11,106 [s1@group-76E74FC0E99E-LeaderStateImpl] DEBUG impl.WatchRequests (WatchRequests.java:updateIndex(150)) - s1@group-76E74FC0E99E-WatchRequests: update ALL index from 4 to 6
2024-01-25 07:58:11,106 [s1@group-76E74FC0E99E-LeaderStateImpl] DEBUG impl.WatchRequests (WatchRequests.java:updateIndex(160)) - s1@group-76E74FC0E99E-WatchRequests: complete Watch-ALL(5)@38.239s?NOT_DONE
2024-01-25 07:58:11,106 [s1@group-76E74FC0E99E-LeaderStateImpl] DEBUG impl.WatchRequests (WatchRequests.java:updateIndex(150)) - s1@group-76E74FC0E99E-WatchRequests: update ALL index from 6 to 14
2024-01-25 07:58:11,106 [s1@group-76E74FC0E99E-LeaderStateImpl] DEBUG impl.WatchRequests (WatchRequests.java:updateIndex(160)) - s1@group-76E74FC0E99E-WatchRequests: complete Watch-ALL(7)@38.239s?NOT_DONE
2024-01-25 07:58:11,107 [s1@group-76E74FC0E99E-LeaderStateImpl] DEBUG impl.WatchRequests (WatchRequests.java:updateIndex(160)) - s1@group-76E74FC0E99E-WatchRequests: complete Watch-ALL(8)@38.239s?NOT_DONE
2024-01-25 07:58:11,107 [s1@group-76E74FC0E99E-LeaderStateImpl] DEBUG impl.WatchRequests (WatchRequests.java:updateIndex(160)) - s1@group-76E74FC0E99E-WatchRequests: complete Watch-ALL(9)@38.239s?NOT_DONE
2024-01-25 07:58:11,107 [grpc-default-executor-3] DEBUG impl.WatchRequests (WatchRequests.java:updateIndex(150)) - s1@group-76E74FC0E99E-WatchRequests: update ALL_COMMITTED index from 11 to 17
2024-01-25 07:58:11,106 [s0@group-76E74FC0E99E-StateMachineUpdater] INFO  impl.SimpleStateMachine4Testing (SimpleStateMachine4Testing.java:applyTransaction(248)) - applyTransaction for log index 14
2024-01-25 07:58:11,107 [grpc-default-executor-3] DEBUG impl.WatchRequests (WatchRequests.java:updateIndex(160)) - s1@group-76E74FC0E99E-WatchRequests: complete Watch-ALL_COMMITTED(12)@38.239s?NOT_DONE
2024-01-25 07:58:11,108 [s0@group-76E74FC0E99E-StateMachineUpdater] INFO  impl.SimpleStateMachine4Testing (SimpleStateMachine4Testing.java:put(205)) - s0: put 14, m8 -> (t:1, i:14), STATEMACHINELOGENTRY, 123@client-5FE4B4CCF4A1
2024-01-25 07:58:11,108 [grpc-default-executor-3] DEBUG impl.WatchRequests (WatchRequests.java:updateIndex(160)) - s1@group-76E74FC0E99E-WatchRequests: complete Watch-ALL_COMMITTED(14)@38.239s?NOT_DONE
2024-01-25 07:58:11,108 [s0@group-76E74FC0E99E-StateMachineUpdater] INFO  impl.SimpleStateMachine4Testing (SimpleStateMachine4Testing.java:applyTransaction(248)) - applyTransaction for log index 16
2024-01-25 07:58:11,108 [s0@group-76E74FC0E99E-StateMachineUpdater] INFO  impl.SimpleStateMachine4Testing (SimpleStateMachine4Testing.java:put(205)) - s0: put 16, m9 -> (t:1, i:16), STATEMACHINELOGENTRY, 124@client-5FE4B4CCF4A1
2024-01-25 07:58:11,108 [grpc-default-executor-3] DEBUG impl.WatchRequests (WatchRequests.java:updateIndex(160)) - s1@group-76E74FC0E99E-WatchRequests: complete Watch-ALL_COMMITTED(16)@38.239s?NOT_DONE
2024-01-25 07:58:11,107 [ForkJoinPool.commonPool-worker-3] DEBUG impl.UnorderedAsync (UnorderedAsync.java:lambda$sendRequestWithRetry$4(83)) - client-5FE4B4CCF4A1: attempt #1 receive~ RaftClientReply:client-5FE4B4CCF4A1->s1@group-76E74FC0E99E, cid=130, SUCCESS, logIndex=4, commits[s1:c17, s0:c11, s2:c17]
2024-01-25 07:58:11,107 [ForkJoinPool.commonPool-worker-0] DEBUG impl.UnorderedAsync (UnorderedAsync.java:lambda$sendRequestWithRetry$4(83)) - client-5FE4B4CCF4A1: attempt #1 receive~ RaftClientReply:client-5FE4B4CCF4A1->s1@group-76E74FC0E99E, cid=144, SUCCESS, logIndex=11, commits[s1:c17, s0:c11, s2:c17]
2024-01-25 07:58:11,107 [s1@group-76E74FC0E99E-LeaderStateImpl] DEBUG impl.WatchRequests (WatchRequests.java:updateIndex(160)) - s1@group-76E74FC0E99E-WatchRequests: complete Watch-ALL(11)@38.239s?NOT_DONE
2024-01-25 07:58:11,108 [Time-limited test] INFO  grpc.TestWatchRequestWithGrpc (WatchRequestTests.java:get(214)) - all-Watch(4) returns RaftClientReply:client-5FE4B4CCF4A1->s1@group-76E74FC0E99E, cid=130, SUCCESS, logIndex=4, commits[s1:c17, s0:c11, s2:c17]
2024-01-25 07:58:11,108 [s1@group-76E74FC0E99E-LeaderStateImpl] DEBUG impl.WatchRequests (WatchRequests.java:updateIndex(160)) - s1@group-76E74FC0E99E-WatchRequests: complete Watch-ALL(12)@38.239s?NOT_DONE
2024-01-25 07:58:11,108 [Time-limited test] INFO  grpc.TestWatchRequestWithGrpc (WatchRequestTests.java:get(214)) - allCommitted-Watch(4) returns RaftClientReply:client-5FE4B4CCF4A1->s1@group-76E74FC0E99E, cid=132, SUCCESS, logIndex=11, commits[s1:c17, s0:c11, s2:c17]
2024-01-25 07:58:11,108 [ForkJoinPool.commonPool-worker-3] DEBUG impl.UnorderedAsync (UnorderedAsync.java:lambda$sendRequestWithRetry$4(83)) - client-5FE4B4CCF4A1: attempt #1 receive~ RaftClientReply:client-5FE4B4CCF4A1->s1@group-76E74FC0E99E, cid=148, SUCCESS, logIndex=11, commits[s1:c17, s0:c11, s2:c17]
2024-01-25 07:58:11,108 [Time-limited test] INFO  grpc.TestWatchRequestWithGrpc (WatchRequestTests.java:checkAll(305)) - checkAll 2: logIndex=5
2024-01-25 07:58:11,108 [s1@group-76E74FC0E99E-LeaderStateImpl] DEBUG impl.WatchRequests (WatchRequests.java:updateIndex(160)) - s1@group-76E74FC0E99E-WatchRequests: complete Watch-ALL(14)@38.239s?NOT_DONE
2024-01-25 07:58:11,109 [s1@group-76E74FC0E99E-LeaderStateImpl] DEBUG impl.WatchRequests (WatchRequests.java:updateIndex(150)) - s1@group-76E74FC0E99E-WatchRequests: update ALL index from 14 to 17
2024-01-25 07:58:11,109 [s1@group-76E74FC0E99E-LeaderStateImpl] DEBUG impl.WatchRequests (WatchRequests.java:updateIndex(160)) - s1@group-76E74FC0E99E-WatchRequests: complete Watch-ALL(16)@38.239s?NOT_DONE
2024-01-25 07:58:11,109 [ForkJoinPool.commonPool-worker-0] DEBUG impl.UnorderedAsync (UnorderedAsync.java:lambda$sendRequestWithRetry$4(83)) - client-5FE4B4CCF4A1: attempt #1 receive~ RaftClientReply:client-5FE4B4CCF4A1->s1@group-76E74FC0E99E, cid=152, SUCCESS, logIndex=11, commits[s1:c17, s0:c11, s2:c17]
2024-01-25 07:58:11,109 [ForkJoinPool.commonPool-worker-0] DEBUG impl.UnorderedAsync (UnorderedAsync.java:lambda$sendRequestWithRetry$4(83)) - client-5FE4B4CCF4A1: attempt #1 receive~ RaftClientReply:client-5FE4B4CCF4A1->s1@group-76E74FC0E99E, cid=134, SUCCESS, logIndex=6, commits[s1:c17, s0:c11, s2:c17]
2024-01-25 07:58:11,109 [Time-limited test] INFO  grpc.TestWatchRequestWithGrpc (WatchRequestTests.java:get(214)) - all-Watch(5) returns RaftClientReply:client-5FE4B4CCF4A1->s1@group-76E74FC0E99E, cid=134, SUCCESS, logIndex=6, commits[s1:c17, s0:c11, s2:c17]
2024-01-25 07:58:11,110 [Time-limited test] INFO  grpc.TestWatchRequestWithGrpc (WatchRequestTests.java:get(214)) - allCommitted-Watch(5) returns RaftClientReply:client-5FE4B4CCF4A1->s1@group-76E74FC0E99E, cid=136, SUCCESS, logIndex=11, commits[s1:c17, s0:c11, s2:c17]
2024-01-25 07:58:11,110 [Time-limited test] INFO  grpc.TestWatchRequestWithGrpc (WatchRequestTests.java:checkAll(305)) - checkAll 3: logIndex=7
2024-01-25 07:58:11,109 [ForkJoinPool.commonPool-worker-0] DEBUG impl.UnorderedAsync (UnorderedAsync.java:lambda$sendRequestWithRetry$4(83)) - client-5FE4B4CCF4A1: attempt #1 receive~ RaftClientReply:client-5FE4B4CCF4A1->s1@group-76E74FC0E99E, cid=138, SUCCESS, logIndex=14, commits[s1:c17, s0:c11, s2:c17]
2024-01-25 07:58:11,110 [ForkJoinPool.commonPool-worker-0] DEBUG impl.UnorderedAsync (UnorderedAsync.java:lambda$sendRequestWithRetry$4(83)) - client-5FE4B4CCF4A1: attempt #1 receive~ RaftClientReply:client-5FE4B4CCF4A1->s1@group-76E74FC0E99E, cid=142, SUCCESS, logIndex=14, commits[s1:c17, s0:c17, s2:c17]
2024-01-25 07:58:11,110 [Time-limited test] INFO  grpc.TestWatchRequestWithGrpc (WatchRequestTests.java:get(214)) - all-Watch(7) returns RaftClientReply:client-5FE4B4CCF4A1->s1@group-76E74FC0E99E, cid=138, SUCCESS, logIndex=14, commits[s1:c17, s0:c11, s2:c17]
2024-01-25 07:58:11,110 [ForkJoinPool.commonPool-worker-0] DEBUG impl.UnorderedAsync (UnorderedAsync.java:lambda$sendRequestWithRetry$4(83)) - client-5FE4B4CCF4A1: attempt #1 receive~ RaftClientReply:client-5FE4B4CCF4A1->s1@group-76E74FC0E99E, cid=146, SUCCESS, logIndex=14, commits[s1:c17, s0:c17, s2:c17]
2024-01-25 07:58:11,110 [Time-limited test] INFO  grpc.TestWatchRequestWithGrpc (WatchRequestTests.java:get(214)) - allCommitted-Watch(7) returns RaftClientReply:client-5FE4B4CCF4A1->s1@group-76E74FC0E99E, cid=140, SUCCESS, logIndex=11, commits[s1:c17, s0:c11, s2:c17]
2024-01-25 07:58:11,110 [ForkJoinPool.commonPool-worker-3] DEBUG impl.UnorderedAsync (UnorderedAsync.java:lambda$sendRequestWithRetry$4(83)) - client-5FE4B4CCF4A1: attempt #1 receive~ RaftClientReply:client-5FE4B4CCF4A1->s1@group-76E74FC0E99E, cid=156, SUCCESS, logIndex=17, commits[s1:c17, s0:c17, s2:c17]
2024-01-25 07:58:11,110 [ForkJoinPool.commonPool-worker-0] DEBUG impl.UnorderedAsync (UnorderedAsync.java:lambda$sendRequestWithRetry$4(83)) - client-5FE4B4CCF4A1: attempt #1 receive~ RaftClientReply:client-5FE4B4CCF4A1->s1@group-76E74FC0E99E, cid=160, SUCCESS, logIndex=17, commits[s1:c17, s0:c17, s2:c17]
2024-01-25 07:58:11,110 [Time-limited test] INFO  grpc.TestWatchRequestWithGrpc (WatchRequestTests.java:checkAll(305)) - checkAll 4: logIndex=8
2024-01-25 07:58:11,110 [Time-limited test] INFO  grpc.TestWatchRequestWithGrpc (WatchRequestTests.java:get(214)) - all-Watch(8) returns RaftClientReply:client-5FE4B4CCF4A1->s1@group-76E74FC0E99E, cid=142, SUCCESS, logIndex=14, commits[s1:c17, s0:c17, s2:c17]
2024-01-25 07:58:11,110 [ForkJoinPool.commonPool-worker-0] DEBUG impl.UnorderedAsync (UnorderedAsync.java:lambda$sendRequestWithRetry$4(83)) - client-5FE4B4CCF4A1: attempt #1 receive~ RaftClientReply:client-5FE4B4CCF4A1->s1@group-76E74FC0E99E, cid=164, SUCCESS, logIndex=17, commits[s1:c17, s0:c17, s2:c17]
2024-01-25 07:58:11,111 [ForkJoinPool.commonPool-worker-3] DEBUG impl.UnorderedAsync (UnorderedAsync.java:lambda$sendRequestWithRetry$4(83)) - client-5FE4B4CCF4A1: attempt #1 receive~ RaftClientReply:client-5FE4B4CCF4A1->s1@group-76E74FC0E99E, cid=150, SUCCESS, logIndex=14, commits[s1:c17, s0:c17, s2:c17]
2024-01-25 07:58:11,111 [Time-limited test] INFO  grpc.TestWatchRequestWithGrpc (WatchRequestTests.java:get(214)) - allCommitted-Watch(8) returns RaftClientReply:client-5FE4B4CCF4A1->s1@group-76E74FC0E99E, cid=144, SUCCESS, logIndex=11, commits[s1:c17, s0:c11, s2:c17]
2024-01-25 07:58:11,111 [ForkJoinPool.commonPool-worker-0] DEBUG impl.UnorderedAsync (UnorderedAsync.java:lambda$sendRequestWithRetry$4(83)) - client-5FE4B4CCF4A1: attempt #1 receive~ RaftClientReply:client-5FE4B4CCF4A1->s1@group-76E74FC0E99E, cid=154, SUCCESS, logIndex=14, commits[s1:c17, s0:c17, s2:c17]
2024-01-25 07:58:11,111 [ForkJoinPool.commonPool-worker-3] DEBUG impl.UnorderedAsync (UnorderedAsync.java:lambda$sendRequestWithRetry$4(83)) - client-5FE4B4CCF4A1: attempt #1 receive~ RaftClientReply:client-5FE4B4CCF4A1->s1@group-76E74FC0E99E, cid=158, SUCCESS, logIndex=14, commits[s1:c17, s0:c17, s2:c17]
2024-01-25 07:58:11,111 [Time-limited test] INFO  grpc.TestWatchRequestWithGrpc (WatchRequestTests.java:checkAll(305)) - checkAll 5: logIndex=9
2024-01-25 07:58:11,111 [Time-limited test] INFO  grpc.TestWatchRequestWithGrpc (WatchRequestTests.java:get(214)) - all-Watch(9) returns RaftClientReply:client-5FE4B4CCF4A1->s1@group-76E74FC0E99E, cid=146, SUCCESS, logIndex=14, commits[s1:c17, s0:c17, s2:c17]
2024-01-25 07:58:11,111 [Time-limited test] INFO  grpc.TestWatchRequestWithGrpc (WatchRequestTests.java:get(214)) - allCommitted-Watch(9) returns RaftClientReply:client-5FE4B4CCF4A1->s1@group-76E74FC0E99E, cid=148, SUCCESS, logIndex=11, commits[s1:c17, s0:c11, s2:c17]
2024-01-25 07:58:11,111 [Time-limited test] INFO  grpc.TestWatchRequestWithGrpc (WatchRequestTests.java:checkAll(305)) - checkAll 6: logIndex=11
2024-01-25 07:58:11,111 [Time-limited test] INFO  grpc.TestWatchRequestWithGrpc (WatchRequestTests.java:get(214)) - all-Watch(11) returns RaftClientReply:client-5FE4B4CCF4A1->s1@group-76E74FC0E99E, cid=150, SUCCESS, logIndex=14, commits[s1:c17, s0:c17, s2:c17]
2024-01-25 07:58:11,111 [Time-limited test] INFO  grpc.TestWatchRequestWithGrpc (WatchRequestTests.java:get(214)) - allCommitted-Watch(11) returns RaftClientReply:client-5FE4B4CCF4A1->s1@group-76E74FC0E99E, cid=152, SUCCESS, logIndex=11, commits[s1:c17, s0:c11, s2:c17]
2024-01-25 07:58:11,111 [Time-limited test] INFO  grpc.TestWatchRequestWithGrpc (WatchRequestTests.java:checkAll(305)) - checkAll 7: logIndex=12
2024-01-25 07:58:11,111 [Time-limited test] INFO  grpc.TestWatchRequestWithGrpc (WatchRequestTests.java:get(214)) - all-Watch(12) returns RaftClientReply:client-5FE4B4CCF4A1->s1@group-76E74FC0E99E, cid=154, SUCCESS, logIndex=14, commits[s1:c17, s0:c17, s2:c17]
2024-01-25 07:58:11,111 [Time-limited test] INFO  grpc.TestWatchRequestWithGrpc (WatchRequestTests.java:get(214)) - allCommitted-Watch(12) returns RaftClientReply:client-5FE4B4CCF4A1->s1@group-76E74FC0E99E, cid=156, SUCCESS, logIndex=17, commits[s1:c17, s0:c17, s2:c17]
2024-01-25 07:58:11,111 [Time-limited test] INFO  grpc.TestWatchRequestWithGrpc (WatchRequestTests.java:checkAll(305)) - checkAll 8: logIndex=14
2024-01-25 07:58:11,111 [Time-limited test] INFO  grpc.TestWatchRequestWithGrpc (WatchRequestTests.java:get(214)) - all-Watch(14) returns RaftClientReply:client-5FE4B4CCF4A1->s1@group-76E74FC0E99E, cid=158, SUCCESS, logIndex=14, commits[s1:c17, s0:c17, s2:c17]
2024-01-25 07:58:11,111 [Time-limited test] INFO  grpc.TestWatchRequestWithGrpc (WatchRequestTests.java:get(214)) - allCommitted-Watch(14) returns RaftClientReply:client-5FE4B4CCF4A1->s1@group-76E74FC0E99E, cid=160, SUCCESS, logIndex=17, commits[s1:c17, s0:c17, s2:c17]
2024-01-25 07:58:11,111 [Time-limited test] INFO  grpc.TestWatchRequestWithGrpc (WatchRequestTests.java:checkAll(305)) - checkAll 9: logIndex=16
2024-01-25 07:58:11,112 [ForkJoinPool.commonPool-worker-3] DEBUG impl.UnorderedAsync (UnorderedAsync.java:lambda$sendRequestWithRetry$4(83)) - client-5FE4B4CCF4A1: attempt #1 receive~ RaftClientReply:client-5FE4B4CCF4A1->s1@group-76E74FC0E99E, cid=162, SUCCESS, logIndex=17, commits[s1:c17, s0:c17, s2:c17]
2024-01-25 07:58:11,112 [Time-limited test] INFO  grpc.TestWatchRequestWithGrpc (WatchRequestTests.java:get(214)) - all-Watch(16) returns RaftClientReply:client-5FE4B4CCF4A1->s1@group-76E74FC0E99E, cid=162, SUCCESS, logIndex=17, commits[s1:c17, s0:c17, s2:c17]
2024-01-25 07:58:11,112 [Time-limited test] INFO  grpc.TestWatchRequestWithGrpc (WatchRequestTests.java:get(214)) - allCommitted-Watch(16) returns RaftClientReply:client-5FE4B4CCF4A1->s1@group-76E74FC0E99E, cid=164, SUCCESS, logIndex=17, commits[s1:c17, s0:c17, s2:c17]
2024-01-25 07:58:11,112 [Time-limited test] INFO  grpc.TestWatchRequestWithGrpc (WatchRequestTests.java:runTest(152)) - 20) numMessages=20, printing ALL groups
  s0:  RUNNING  FOLLOWER s0@group-76E74FC0E99E:t1, leader=s1, voted=s1, raftlog=Memoized:s0@group-76E74FC0E99E-SegmentedRaftLog:OPENED:c17, conf=0: peers:[s0|localhost:15012, s1|localhost:15016, s2|localhost:15020]|listeners:[], old=null RUNNING
  s1:  RUNNING    LEADER s1@group-76E74FC0E99E:t1, leader=s1, voted=s1, raftlog=Memoized:s1@group-76E74FC0E99E-SegmentedRaftLog:OPENED:c17, conf=0: peers:[s0|localhost:15012, s1|localhost:15016, s2|localhost:15020]|listeners:[], old=null RUNNING
  s2:  RUNNING  FOLLOWER s2@group-76E74FC0E99E:t1, leader=s1, voted=s1, raftlog=Memoized:s2@group-76E74FC0E99E-SegmentedRaftLog:OPENED:c17, conf=0: peers:[s0|localhost:15012, s1|localhost:15016, s2|localhost:15020]|listeners:[], old=null RUNNING
2024-01-25 07:58:11,112 [Time-limited test] INFO  grpc.TestWatchRequestWithGrpc (WatchRequestTests.java:runTestWatchRequestAsync(229)) - block leader s1
2024-01-25 07:58:11,112 [Time-limited test] INFO  impl.SimpleStateMachine4Testing (SimpleStateMachine4Testing.java:block(135)) - block START_TRANSACTION
2024-01-25 07:58:11,112 [Time-limited test] INFO  grpc.TestWatchRequestWithGrpc (WatchRequestTests.java:runTestWatchRequestAsync(235)) - block follower s0
2024-01-25 07:58:11,112 [Time-limited test] INFO  impl.SimpleStateMachine4Testing (SimpleStateMachine4Testing.java:block(135)) - block FLUSH_STATE_MACHINE_DATA
2024-01-25 07:58:11,112 [Time-limited test] INFO  grpc.TestWatchRequestWithGrpc (WatchRequestTests.java:sendRequests(105)) - SEND_REQUEST 0: message=m0
2024-01-25 07:58:11,112 [Time-limited test] DEBUG client.RaftClient (RaftClientImpl.java:get(158)) - client-5FE4B4CCF4A1: get 165 returns []
2024-01-25 07:58:11,112 [Time-limited test] DEBUG client.RaftClient (RaftClientImpl.java:newRequest(95)) - attempt #1, newRequest RaftClientRequest:client-5FE4B4CCF4A1->s1@group-76E74FC0E99E, cid=165, seq=13, RW, m0
2024-01-25 07:58:11,113 [Time-limited test] INFO  grpc.TestWatchRequestWithGrpc (WatchRequestTests.java:sendRequests(105)) - SEND_REQUEST 1: message=m1
2024-01-25 07:58:11,113 [Time-limited test] DEBUG client.RaftClient (RaftClientImpl.java:get(158)) - client-5FE4B4CCF4A1: get 166 returns []
2024-01-25 07:58:11,113 [Time-limited test] DEBUG client.RaftClient (RaftClientImpl.java:newRequest(95)) - attempt #1, newRequest RaftClientRequest:client-5FE4B4CCF4A1->s1@group-76E74FC0E99E, cid=166, seq=14, RW, m1
2024-01-25 07:58:11,113 [s1-client-thread2] DEBUG server.RaftServer$Division (RaftServerImpl.java:submitClientRequestAsync(880)) - s1@group-76E74FC0E99E: receive client request(RaftClientRequest:client-5FE4B4CCF4A1->s1@group-76E74FC0E99E, cid=165, seq=13, RW, Message:6d30)
2024-01-25 07:58:11,113 [Time-limited test] INFO  grpc.TestWatchRequestWithGrpc (WatchRequestTests.java:sendRequests(105)) - SEND_REQUEST 2: message=m2
2024-01-25 07:58:11,113 [Time-limited test] DEBUG client.RaftClient (RaftClientImpl.java:get(158)) - client-5FE4B4CCF4A1: get 167 returns []
2024-01-25 07:58:11,113 [Time-limited test] DEBUG client.RaftClient (RaftClientImpl.java:newRequest(95)) - attempt #1, newRequest RaftClientRequest:client-5FE4B4CCF4A1->s1@group-76E74FC0E99E, cid=167, seq=15, RW, m2
2024-01-25 07:58:11,113 [Time-limited test] INFO  grpc.TestWatchRequestWithGrpc (WatchRequestTests.java:sendRequests(105)) - SEND_REQUEST 3: message=m3
2024-01-25 07:58:11,113 [Time-limited test] DEBUG client.RaftClient (RaftClientImpl.java:get(158)) - client-5FE4B4CCF4A1: get 168 returns []
2024-01-25 07:58:11,113 [Time-limited test] DEBUG client.RaftClient (RaftClientImpl.java:newRequest(95)) - attempt #1, newRequest RaftClientRequest:client-5FE4B4CCF4A1->s1@group-76E74FC0E99E, cid=168, seq=16, RW, m3
2024-01-25 07:58:11,113 [Time-limited test] INFO  grpc.TestWatchRequestWithGrpc (WatchRequestTests.java:sendRequests(105)) - SEND_REQUEST 4: message=m4
2024-01-25 07:58:11,113 [Time-limited test] DEBUG client.RaftClient (RaftClientImpl.java:get(158)) - client-5FE4B4CCF4A1: get 169 returns []
2024-01-25 07:58:11,114 [Time-limited test] DEBUG client.RaftClient (RaftClientImpl.java:newRequest(95)) - attempt #1, newRequest RaftClientRequest:client-5FE4B4CCF4A1->s1@group-76E74FC0E99E, cid=169, seq=17, RW, m4
2024-01-25 07:58:11,114 [Time-limited test] INFO  grpc.TestWatchRequestWithGrpc (WatchRequestTests.java:sendRequests(105)) - SEND_REQUEST 5: message=m5
2024-01-25 07:58:11,114 [Time-limited test] DEBUG client.RaftClient (RaftClientImpl.java:get(158)) - client-5FE4B4CCF4A1: get 170 returns []
2024-01-25 07:58:11,114 [Time-limited test] DEBUG client.RaftClient (RaftClientImpl.java:newRequest(95)) - attempt #1, newRequest RaftClientRequest:client-5FE4B4CCF4A1->s1@group-76E74FC0E99E, cid=170, seq=18, RW, m5
2024-01-25 07:58:11,114 [Time-limited test] INFO  grpc.TestWatchRequestWithGrpc (WatchRequestTests.java:sendRequests(105)) - SEND_REQUEST 6: message=m6
2024-01-25 07:58:11,114 [Time-limited test] DEBUG client.RaftClient (RaftClientImpl.java:get(158)) - client-5FE4B4CCF4A1: get 171 returns []
2024-01-25 07:58:11,114 [Time-limited test] DEBUG client.RaftClient (RaftClientImpl.java:newRequest(95)) - attempt #1, newRequest RaftClientRequest:client-5FE4B4CCF4A1->s1@group-76E74FC0E99E, cid=171, seq=19, RW, m6
2024-01-25 07:58:11,114 [Time-limited test] INFO  grpc.TestWatchRequestWithGrpc (WatchRequestTests.java:sendRequests(105)) - SEND_REQUEST 7: message=m7
2024-01-25 07:58:11,114 [Time-limited test] DEBUG client.RaftClient (RaftClientImpl.java:get(158)) - client-5FE4B4CCF4A1: get 172 returns []
2024-01-25 07:58:11,114 [Time-limited test] DEBUG client.RaftClient (RaftClientImpl.java:newRequest(95)) - attempt #1, newRequest RaftClientRequest:client-5FE4B4CCF4A1->s1@group-76E74FC0E99E, cid=172, seq=20, RW, m7
2024-01-25 07:58:11,114 [Time-limited test] INFO  grpc.TestWatchRequestWithGrpc (WatchRequestTests.java:sendRequests(105)) - SEND_REQUEST 8: message=m8
2024-01-25 07:58:11,114 [Time-limited test] DEBUG client.RaftClient (RaftClientImpl.java:get(158)) - client-5FE4B4CCF4A1: get 173 returns []
2024-01-25 07:58:11,115 [Time-limited test] DEBUG client.RaftClient (RaftClientImpl.java:newRequest(95)) - attempt #1, newRequest RaftClientRequest:client-5FE4B4CCF4A1->s1@group-76E74FC0E99E, cid=173, seq=21, RW, m8
2024-01-25 07:58:11,115 [Time-limited test] INFO  grpc.TestWatchRequestWithGrpc (WatchRequestTests.java:sendRequests(105)) - SEND_REQUEST 9: message=m9
2024-01-25 07:58:11,115 [Time-limited test] DEBUG client.RaftClient (RaftClientImpl.java:get(158)) - client-5FE4B4CCF4A1: get 174 returns []
2024-01-25 07:58:11,115 [Time-limited test] DEBUG client.RaftClient (RaftClientImpl.java:newRequest(95)) - attempt #1, newRequest RaftClientRequest:client-5FE4B4CCF4A1->s1@group-76E74FC0E99E, cid=174, seq=22, RW, m9
2024-01-25 07:58:11,115 [Time-limited test] INFO  grpc.TestWatchRequestWithGrpc (WatchRequestTests.java:sendRequests(105)) - SEND_REQUEST 10: message=m10
2024-01-25 07:58:11,115 [Time-limited test] DEBUG client.RaftClient (RaftClientImpl.java:get(158)) - client-5FE4B4CCF4A1: get 175 returns []
2024-01-25 07:58:11,115 [Time-limited test] DEBUG client.RaftClient (RaftClientImpl.java:newRequest(95)) - attempt #1, newRequest RaftClientRequest:client-5FE4B4CCF4A1->s1@group-76E74FC0E99E, cid=175, seq=23, RW, m10
2024-01-25 07:58:11,115 [Time-limited test] INFO  grpc.TestWatchRequestWithGrpc (WatchRequestTests.java:sendRequests(105)) - SEND_REQUEST 11: message=m11
2024-01-25 07:58:11,115 [Time-limited test] DEBUG client.RaftClient (RaftClientImpl.java:get(158)) - client-5FE4B4CCF4A1: get 176 returns []
2024-01-25 07:58:11,115 [Time-limited test] DEBUG client.RaftClient (RaftClientImpl.java:newRequest(95)) - attempt #1, newRequest RaftClientRequest:client-5FE4B4CCF4A1->s1@group-76E74FC0E99E, cid=176, seq=24, RW, m11
2024-01-25 07:58:11,115 [Time-limited test] INFO  grpc.TestWatchRequestWithGrpc (WatchRequestTests.java:sendRequests(105)) - SEND_REQUEST 12: message=m12
2024-01-25 07:58:11,115 [Time-limited test] DEBUG client.RaftClient (RaftClientImpl.java:get(158)) - client-5FE4B4CCF4A1: get 177 returns []
2024-01-25 07:58:11,115 [Time-limited test] DEBUG client.RaftClient (RaftClientImpl.java:newRequest(95)) - attempt #1, newRequest RaftClientRequest:client-5FE4B4CCF4A1->s1@group-76E74FC0E99E, cid=177, seq=25, RW, m12
2024-01-25 07:58:11,116 [Time-limited test] INFO  grpc.TestWatchRequestWithGrpc (WatchRequestTests.java:sendRequests(105)) - SEND_REQUEST 13: message=m13
2024-01-25 07:58:11,116 [Time-limited test] DEBUG client.RaftClient (RaftClientImpl.java:get(158)) - client-5FE4B4CCF4A1: get 178 returns []
2024-01-25 07:58:11,116 [Time-limited test] DEBUG client.RaftClient (RaftClientImpl.java:newRequest(95)) - attempt #1, newRequest RaftClientRequest:client-5FE4B4CCF4A1->s1@group-76E74FC0E99E, cid=178, seq=26, RW, m13
2024-01-25 07:58:11,116 [Time-limited test] INFO  grpc.TestWatchRequestWithGrpc (WatchRequestTests.java:sendRequests(105)) - SEND_REQUEST 14: message=m14
2024-01-25 07:58:11,116 [Time-limited test] DEBUG client.RaftClient (RaftClientImpl.java:get(158)) - client-5FE4B4CCF4A1: get 179 returns []
2024-01-25 07:58:11,116 [Time-limited test] DEBUG client.RaftClient (RaftClientImpl.java:newRequest(95)) - attempt #1, newRequest RaftClientRequest:client-5FE4B4CCF4A1->s1@group-76E74FC0E99E, cid=179, seq=27, RW, m14
2024-01-25 07:58:11,116 [Time-limited test] INFO  grpc.TestWatchRequestWithGrpc (WatchRequestTests.java:sendRequests(105)) - SEND_REQUEST 15: message=m15
2024-01-25 07:58:11,116 [Time-limited test] DEBUG client.RaftClient (RaftClientImpl.java:get(158)) - client-5FE4B4CCF4A1: get 180 returns []
2024-01-25 07:58:11,116 [Time-limited test] DEBUG client.RaftClient (RaftClientImpl.java:newRequest(95)) - attempt #1, newRequest RaftClientRequest:client-5FE4B4CCF4A1->s1@group-76E74FC0E99E, cid=180, seq=28, RW, m15
2024-01-25 07:58:11,116 [Time-limited test] INFO  grpc.TestWatchRequestWithGrpc (WatchRequestTests.java:sendRequests(105)) - SEND_REQUEST 16: message=m16
2024-01-25 07:58:11,116 [Time-limited test] DEBUG client.RaftClient (RaftClientImpl.java:get(158)) - client-5FE4B4CCF4A1: get 181 returns []
2024-01-25 07:58:11,117 [Time-limited test] DEBUG client.RaftClient (RaftClientImpl.java:newRequest(95)) - attempt #1, newRequest RaftClientRequest:client-5FE4B4CCF4A1->s1@group-76E74FC0E99E, cid=181, seq=29, RW, m16
2024-01-25 07:58:11,117 [Time-limited test] INFO  grpc.TestWatchRequestWithGrpc (WatchRequestTests.java:sendRequests(105)) - SEND_REQUEST 17: message=m17
2024-01-25 07:58:11,117 [Time-limited test] DEBUG client.RaftClient (RaftClientImpl.java:get(158)) - client-5FE4B4CCF4A1: get 182 returns []
2024-01-25 07:58:11,117 [Time-limited test] DEBUG client.RaftClient (RaftClientImpl.java:newRequest(95)) - attempt #1, newRequest RaftClientRequest:client-5FE4B4CCF4A1->s1@group-76E74FC0E99E, cid=182, seq=30, RW, m17
2024-01-25 07:58:11,117 [Time-limited test] INFO  grpc.TestWatchRequestWithGrpc (WatchRequestTests.java:sendRequests(105)) - SEND_REQUEST 18: message=m18
2024-01-25 07:58:11,117 [Time-limited test] DEBUG client.RaftClient (RaftClientImpl.java:get(158)) - client-5FE4B4CCF4A1: get 183 returns []
2024-01-25 07:58:11,117 [Time-limited test] DEBUG client.RaftClient (RaftClientImpl.java:newRequest(95)) - attempt #1, newRequest RaftClientRequest:client-5FE4B4CCF4A1->s1@group-76E74FC0E99E, cid=183, seq=31, RW, m18
2024-01-25 07:58:11,117 [Time-limited test] INFO  grpc.TestWatchRequestWithGrpc (WatchRequestTests.java:sendRequests(105)) - SEND_REQUEST 19: message=m19
2024-01-25 07:58:11,117 [Time-limited test] DEBUG client.RaftClient (RaftClientImpl.java:get(158)) - client-5FE4B4CCF4A1: get 184 returns []
2024-01-25 07:58:11,117 [Time-limited test] DEBUG client.RaftClient (RaftClientImpl.java:newRequest(95)) - attempt #1, newRequest RaftClientRequest:client-5FE4B4CCF4A1->s1@group-76E74FC0E99E, cid=184, seq=32, RW, m19
2024-01-25 07:58:12,118 [Time-limited test] INFO  impl.SimpleStateMachine4Testing (SimpleStateMachine4Testing.java:unblock(142)) - unblock START_TRANSACTION
2024-01-25 07:58:12,118 [Time-limited test] INFO  grpc.TestWatchRequestWithGrpc (WatchRequestTests.java:runTestWatchRequestAsync(254)) - unblock leader s1
2024-01-25 07:58:12,118 [s1-client-thread2] DEBUG server.RaftServer$Division (LeaderStateImpl.java:addPendingRequest(533)) - s1@group-76E74FC0E99E-LeaderStateImpl: addPendingRequest at RaftClientRequest:client-5FE4B4CCF4A1->s1@group-76E74FC0E99E, cid=165, seq=13, RW, Message:6d30, entry=(t:1, i:18), STATEMACHINELOGENTRY, 165@client-5FE4B4CCF4A1
2024-01-25 07:58:12,119 [s1-client-thread2] DEBUG server.RaftServer$Division (RaftServerImpl.java:submitClientRequestAsync(880)) - s1@group-76E74FC0E99E: receive client request(RaftClientRequest:client-5FE4B4CCF4A1->s1@group-76E74FC0E99E, cid=166, seq=14, RW, Message:6d31)
2024-01-25 07:58:12,119 [s2-server-thread1] DEBUG server.RaftServer$Division (RaftServerImpl.java:logAppendEntries(1520)) - s2@group-76E74FC0E99E: receive appendEntries(s1, 1, (t:1, i:17), 17, false, commits:[s1:c17, s0:c17, s2:c17], cId:104, entries: [(t:1, i:18), STATEMACHINELOGENTRY, 165@client-5FE4B4CCF4A1]
2024-01-25 07:58:12,119 [s0-server-thread5] DEBUG server.RaftServer$Division (RaftServerImpl.java:logAppendEntries(1520)) - s0@group-76E74FC0E99E: receive appendEntries(s1, 1, (t:1, i:17), 17, false, commits:[s1:c17, s0:c17, s2:c17], cId:904, entries: [(t:1, i:18), STATEMACHINELOGENTRY, 165@client-5FE4B4CCF4A1]
2024-01-25 07:58:12,119 [s1-client-thread2] DEBUG server.RaftServer$Division (LeaderStateImpl.java:addPendingRequest(533)) - s1@group-76E74FC0E99E-LeaderStateImpl: addPendingRequest at RaftClientRequest:client-5FE4B4CCF4A1->s1@group-76E74FC0E99E, cid=166, seq=14, RW, Message:6d31, entry=(t:1, i:19), STATEMACHINELOGENTRY, 166@client-5FE4B4CCF4A1
2024-01-25 07:58:12,119 [s1-client-thread2] DEBUG server.RaftServer$Division (RaftServerImpl.java:submitClientRequestAsync(880)) - s1@group-76E74FC0E99E: receive client request(RaftClientRequest:client-5FE4B4CCF4A1->s1@group-76E74FC0E99E, cid=167, seq=15, RW, Message:6d32)
2024-01-25 07:58:12,119 [s2-server-thread1] DEBUG server.RaftServer$Division (RaftServerImpl.java:logAppendEntries(1520)) - s2@group-76E74FC0E99E: succeeded to handle AppendEntries. Reply: s1<-s2#104:OK-t1,SUCCESS,nextIndex=19,followerCommit=17,matchIndex=18
2024-01-25 07:58:12,120 [s1-client-thread2] DEBUG server.RaftServer$Division (LeaderStateImpl.java:addPendingRequest(533)) - s1@group-76E74FC0E99E-LeaderStateImpl: addPendingRequest at RaftClientRequest:client-5FE4B4CCF4A1->s1@group-76E74FC0E99E, cid=167, seq=15, RW, Message:6d32, entry=(t:1, i:20), STATEMACHINELOGENTRY, 167@client-5FE4B4CCF4A1
2024-01-25 07:58:12,120 [s1-client-thread2] DEBUG server.RaftServer$Division (RaftServerImpl.java:submitClientRequestAsync(880)) - s1@group-76E74FC0E99E: receive client request(RaftClientRequest:client-5FE4B4CCF4A1->s1@group-76E74FC0E99E, cid=168, seq=16, RW, Message:6d33)
2024-01-25 07:58:12,120 [s1@group-76E74FC0E99E-StateMachineUpdater] INFO  impl.SimpleStateMachine4Testing (SimpleStateMachine4Testing.java:applyTransaction(248)) - applyTransaction for log index 18
2024-01-25 07:58:12,120 [s1@group-76E74FC0E99E-LeaderStateImpl] DEBUG impl.WatchRequests (WatchRequests.java:updateIndex(150)) - s1@group-76E74FC0E99E-WatchRequests: update MAJORITY index from 17 to 18
2024-01-25 07:58:12,120 [s1@group-76E74FC0E99E-StateMachineUpdater] INFO  impl.SimpleStateMachine4Testing (SimpleStateMachine4Testing.java:put(205)) - s1: put 18, m0 -> (t:1, i:18), STATEMACHINELOGENTRY, 165@client-5FE4B4CCF4A1
2024-01-25 07:58:12,120 [s1-client-thread2] DEBUG server.RaftServer$Division (LeaderStateImpl.java:addPendingRequest(533)) - s1@group-76E74FC0E99E-LeaderStateImpl: addPendingRequest at RaftClientRequest:client-5FE4B4CCF4A1->s1@group-76E74FC0E99E, cid=168, seq=16, RW, Message:6d33, entry=(t:1, i:22), STATEMACHINELOGENTRY, 168@client-5FE4B4CCF4A1
2024-01-25 07:58:12,121 [s2-server-thread1] DEBUG server.RaftServer$Division (RaftServerImpl.java:logAppendEntries(1520)) - s2@group-76E74FC0E99E: receive appendEntries(s1, 1, (t:1, i:18), 17, false, commits:[s1:c17, s0:c17, s2:c17], cId:105, entries: [(t:1, i:19), STATEMACHINELOGENTRY, 166@client-5FE4B4CCF4A1]
2024-01-25 07:58:12,121 [s0-server-thread5] DEBUG server.RaftServer$Division (RaftServerImpl.java:logAppendEntries(1520)) - s0@group-76E74FC0E99E: receive appendEntries(s1, 1, (t:1, i:18), 17, false, commits:[s1:c17, s0:c17, s2:c17], cId:905, entries: [(t:1, i:19), STATEMACHINELOGENTRY, 166@client-5FE4B4CCF4A1]
2024-01-25 07:58:12,121 [s2-server-thread1] DEBUG server.RaftServer$Division (RaftServerImpl.java:logAppendEntries(1520)) - s2@group-76E74FC0E99E: succeeded to handle AppendEntries. Reply: s1<-s2#105:OK-t1,SUCCESS,nextIndex=20,followerCommit=17,matchIndex=19
2024-01-25 07:58:12,122 [s1@group-76E74FC0E99E-LeaderStateImpl] DEBUG impl.WatchRequests (WatchRequests.java:updateIndex(150)) - s1@group-76E74FC0E99E-WatchRequests: update MAJORITY index from 18 to 19
2024-01-25 07:58:12,122 [s1@group-76E74FC0E99E-StateMachineUpdater] INFO  impl.SimpleStateMachine4Testing (SimpleStateMachine4Testing.java:applyTransaction(248)) - applyTransaction for log index 19
2024-01-25 07:58:12,122 [s1@group-76E74FC0E99E-StateMachineUpdater] INFO  impl.SimpleStateMachine4Testing (SimpleStateMachine4Testing.java:put(205)) - s1: put 19, m1 -> (t:1, i:19), STATEMACHINELOGENTRY, 166@client-5FE4B4CCF4A1
2024-01-25 07:58:12,122 [s2-server-thread1] DEBUG server.RaftServer$Division (RaftServerImpl.java:logAppendEntries(1520)) - s2@group-76E74FC0E99E: receive appendEntries(s1, 1, (t:1, i:19), 18, false, commits:[s1:c18, s0:c17, s2:c17], cId:106, entries: [(t:1, i:20), STATEMACHINELOGENTRY, 167@client-5FE4B4CCF4A1, (t:1, i:21), METADATAENTRY(c:18), (t:1, i:22), STATEMACHINELOGENTRY, 168@client-5FE4B4CCF4A1]
2024-01-25 07:58:12,122 [s0-server-thread5] DEBUG server.RaftServer$Division (RaftServerImpl.java:logAppendEntries(1520)) - s0@group-76E74FC0E99E: receive appendEntries(s1, 1, (t:1, i:19), 18, false, commits:[s1:c18, s0:c17, s2:c17], cId:906, entries: [(t:1, i:20), STATEMACHINELOGENTRY, 167@client-5FE4B4CCF4A1, (t:1, i:21), METADATAENTRY(c:18), (t:1, i:22), STATEMACHINELOGENTRY, 168@client-5FE4B4CCF4A1]
2024-01-25 07:58:12,123 [s2-server-thread1] DEBUG server.RaftServer$Division (RaftServerImpl.java:logAppendEntries(1520)) - s2@group-76E74FC0E99E: succeeded to handle AppendEntries. Reply: s1<-s2#106:OK-t1,SUCCESS,nextIndex=23,followerCommit=18,matchIndex=22
2024-01-25 07:58:12,123 [s2@group-76E74FC0E99E-StateMachineUpdater] INFO  impl.SimpleStateMachine4Testing (SimpleStateMachine4Testing.java:applyTransaction(248)) - applyTransaction for log index 18
2024-01-25 07:58:12,123 [s2@group-76E74FC0E99E-StateMachineUpdater] INFO  impl.SimpleStateMachine4Testing (SimpleStateMachine4Testing.java:put(205)) - s2: put 18, m0 -> (t:1, i:18), STATEMACHINELOGENTRY, 165@client-5FE4B4CCF4A1
2024-01-25 07:58:12,123 [s0-server-thread5] DEBUG server.RaftServer$Division (RaftServerImpl.java:logAppendEntries(1520)) - s0@group-76E74FC0E99E: receive appendEntries(s1, 1, (t:1, i:22), 19, false, commits:[s1:c19, s0:c17, s2:c17], cId:907, entries: [(t:1, i:23), METADATAENTRY(c:19)]
2024-01-25 07:58:12,123 [grpc-default-executor-4] DEBUG impl.WatchRequests (WatchRequests.java:updateIndex(150)) - s1@group-76E74FC0E99E-WatchRequests: update MAJORITY_COMMITTED index from 17 to 18
2024-01-25 07:58:12,124 [s1-client-thread2] DEBUG server.RaftServer$Division (RaftServerImpl.java:submitClientRequestAsync(880)) - s1@group-76E74FC0E99E: receive client request(RaftClientRequest:client-5FE4B4CCF4A1->s1@group-76E74FC0E99E, cid=169, seq=17, RW, Message:6d34)
2024-01-25 07:58:12,124 [s1@group-76E74FC0E99E-StateMachineUpdater] INFO  impl.SimpleStateMachine4Testing (SimpleStateMachine4Testing.java:applyTransaction(248)) - applyTransaction for log index 20
2024-01-25 07:58:12,124 [s1@group-76E74FC0E99E-LeaderStateImpl] DEBUG impl.WatchRequests (WatchRequests.java:updateIndex(150)) - s1@group-76E74FC0E99E-WatchRequests: update MAJORITY index from 19 to 22
2024-01-25 07:58:12,124 [s1@group-76E74FC0E99E-StateMachineUpdater] INFO  impl.SimpleStateMachine4Testing (SimpleStateMachine4Testing.java:put(205)) - s1: put 20, m2 -> (t:1, i:20), STATEMACHINELOGENTRY, 167@client-5FE4B4CCF4A1
2024-01-25 07:58:12,124 [s1-client-thread2] DEBUG server.RaftServer$Division (LeaderStateImpl.java:addPendingRequest(533)) - s1@group-76E74FC0E99E-LeaderStateImpl: addPendingRequest at RaftClientRequest:client-5FE4B4CCF4A1->s1@group-76E74FC0E99E, cid=169, seq=17, RW, Message:6d34, entry=(t:1, i:25), STATEMACHINELOGENTRY, 169@client-5FE4B4CCF4A1
2024-01-25 07:58:12,124 [s1@group-76E74FC0E99E-StateMachineUpdater] INFO  impl.SimpleStateMachine4Testing (SimpleStateMachine4Testing.java:applyTransaction(248)) - applyTransaction for log index 22
2024-01-25 07:58:12,124 [s2-server-thread1] DEBUG server.RaftServer$Division (RaftServerImpl.java:logAppendEntries(1520)) - s2@group-76E74FC0E99E: receive appendEntries(s1, 1, (t:1, i:22), 19, false, commits:[s1:c19, s0:c17, s2:c18], cId:107, entries: [(t:1, i:23), METADATAENTRY(c:19)]
2024-01-25 07:58:12,124 [s1@group-76E74FC0E99E-StateMachineUpdater] INFO  impl.SimpleStateMachine4Testing (SimpleStateMachine4Testing.java:put(205)) - s1: put 22, m3 -> (t:1, i:22), STATEMACHINELOGENTRY, 168@client-5FE4B4CCF4A1
2024-01-25 07:58:12,125 [s2-server-thread1] DEBUG server.RaftServer$Division (RaftServerImpl.java:logAppendEntries(1520)) - s2@group-76E74FC0E99E: succeeded to handle AppendEntries. Reply: s1<-s2#107:OK-t1,SUCCESS,nextIndex=24,followerCommit=19,matchIndex=23
2024-01-25 07:58:12,125 [s2@group-76E74FC0E99E-StateMachineUpdater] INFO  impl.SimpleStateMachine4Testing (SimpleStateMachine4Testing.java:applyTransaction(248)) - applyTransaction for log index 19
2024-01-25 07:58:12,125 [grpc-default-executor-1] DEBUG client.RaftClient (RaftClientImpl.java:add(146)) - client-5FE4B4CCF4A1: add replied callId 165
2024-01-25 07:58:12,125 [s1-client-thread2] DEBUG server.RaftServer$Division (RaftServerImpl.java:submitClientRequestAsync(880)) - s1@group-76E74FC0E99E: receive client request(RaftClientRequest:client-5FE4B4CCF4A1->s1@group-76E74FC0E99E, cid=170, seq=18, RW, Message:6d35)
2024-01-25 07:58:12,125 [grpc-default-executor-1] INFO  grpc.TestWatchRequestWithGrpc (WatchRequestTests.java:lambda$sendRequests$0(113)) - SEND_WATCH: message=m0, logIndex=18
2024-01-25 07:58:12,125 [grpc-default-executor-3] DEBUG impl.WatchRequests (WatchRequests.java:updateIndex(150)) - s1@group-76E74FC0E99E-WatchRequests: update MAJORITY_COMMITTED index from 18 to 19
2024-01-25 07:58:12,125 [s1-client-thread2] DEBUG server.RaftServer$Division (LeaderStateImpl.java:addPendingRequest(533)) - s1@group-76E74FC0E99E-LeaderStateImpl: addPendingRequest at RaftClientRequest:client-5FE4B4CCF4A1->s1@group-76E74FC0E99E, cid=170, seq=18, RW, Message:6d35, entry=(t:1, i:26), STATEMACHINELOGENTRY, 170@client-5FE4B4CCF4A1
2024-01-25 07:58:12,125 [s2@group-76E74FC0E99E-StateMachineUpdater] INFO  impl.SimpleStateMachine4Testing (SimpleStateMachine4Testing.java:put(205)) - s2: put 19, m1 -> (t:1, i:19), STATEMACHINELOGENTRY, 166@client-5FE4B4CCF4A1
2024-01-25 07:58:12,125 [s0-server-thread5] DEBUG server.RaftServer$Division (RaftServerImpl.java:logAppendEntries(1520)) - s0@group-76E74FC0E99E: receive appendEntries(s1, 1, (t:1, i:23), 22, false, commits:[s1:c22, s0:c17, s2:c18], cId:909, entries: [(t:1, i:24), METADATAENTRY(c:22)]
2024-01-25 07:58:12,125 [grpc-default-executor-1] DEBUG client.RaftClient (RaftClientImpl.java:get(158)) - client-5FE4B4CCF4A1: get 185 returns [165]
2024-01-25 07:58:12,126 [grpc-default-executor-1] DEBUG client.RaftClient (RaftClientImpl.java:newRequest(95)) - attempt #1, newRequest RaftClientRequest:client-5FE4B4CCF4A1->s1@group-76E74FC0E99E, cid=185, seq=null, Watch(18), null
2024-01-25 07:58:12,126 [s1-client-thread2] DEBUG server.RaftServer$Division (RaftServerImpl.java:submitClientRequestAsync(880)) - s1@group-76E74FC0E99E: receive client request(RaftClientRequest:client-5FE4B4CCF4A1->s1@group-76E74FC0E99E, cid=171, seq=19, RW, Message:6d36)
2024-01-25 07:58:12,126 [s1@group-76E74FC0E99E-LeaderStateImpl] DEBUG impl.WatchRequests (WatchRequests.java:updateIndex(150)) - s1@group-76E74FC0E99E-WatchRequests: update MAJORITY index from 22 to 23
2024-01-25 07:58:12,126 [s2-server-thread1] DEBUG server.RaftServer$Division (RaftServerImpl.java:logAppendEntries(1520)) - s2@group-76E74FC0E99E: receive appendEntries(s1, 1, (t:1, i:23), 22, false, commits:[s1:c22, s0:c17, s2:c18], cId:108, entries: [(t:1, i:24), METADATAENTRY(c:22), (t:1, i:25), STATEMACHINELOGENTRY, 169@client-5FE4B4CCF4A1]
2024-01-25 07:58:12,126 [grpc-default-executor-1] DEBUG impl.UnorderedAsync (UnorderedAsync.java:sendRequestWithRetry(80)) - client-5FE4B4CCF4A1: attempt #1 send~ RaftClientRequest:client-5FE4B4CCF4A1->s1@group-76E74FC0E99E, cid=185, seq=null, Watch(18), null
2024-01-25 07:58:12,126 [s1-client-thread2] DEBUG server.RaftServer$Division (LeaderStateImpl.java:addPendingRequest(533)) - s1@group-76E74FC0E99E-LeaderStateImpl: addPendingRequest at RaftClientRequest:client-5FE4B4CCF4A1->s1@group-76E74FC0E99E, cid=171, seq=19, RW, Message:6d36, entry=(t:1, i:27), STATEMACHINELOGENTRY, 171@client-5FE4B4CCF4A1
2024-01-25 07:58:12,126 [grpc-default-executor-1] DEBUG client.RaftClient (RaftClientImpl.java:get(158)) - client-5FE4B4CCF4A1: get 186 returns []
2024-01-25 07:58:12,127 [grpc-default-executor-1] DEBUG client.RaftClient (RaftClientImpl.java:newRequest(95)) - attempt #1, newRequest RaftClientRequest:client-5FE4B4CCF4A1->s1@group-76E74FC0E99E, cid=186, seq=null, Watch-ALL(18), null
2024-01-25 07:58:12,127 [grpc-default-executor-1] DEBUG impl.UnorderedAsync (UnorderedAsync.java:sendRequestWithRetry(80)) - client-5FE4B4CCF4A1: attempt #1 send~ RaftClientRequest:client-5FE4B4CCF4A1->s1@group-76E74FC0E99E, cid=186, seq=null, Watch-ALL(18), null
2024-01-25 07:58:12,127 [grpc-default-executor-1] DEBUG client.RaftClient (RaftClientImpl.java:get(158)) - client-5FE4B4CCF4A1: get 187 returns []
2024-01-25 07:58:12,127 [grpc-default-executor-1] DEBUG client.RaftClient (RaftClientImpl.java:newRequest(95)) - attempt #1, newRequest RaftClientRequest:client-5FE4B4CCF4A1->s1@group-76E74FC0E99E, cid=187, seq=null, Watch-MAJORITY_COMMITTED(18), null
2024-01-25 07:58:12,127 [s2-server-thread1] DEBUG server.RaftServer$Division (RaftServerImpl.java:logAppendEntries(1520)) - s2@group-76E74FC0E99E: succeeded to handle AppendEntries. Reply: s1<-s2#108:OK-t1,SUCCESS,nextIndex=26,followerCommit=22,matchIndex=25
2024-01-25 07:58:12,127 [s1-client-thread1] DEBUG server.RaftServer$Division (RaftServerImpl.java:submitClientRequestAsync(880)) - s1@group-76E74FC0E99E: receive client request(RaftClientRequest:client-5FE4B4CCF4A1->s1@group-76E74FC0E99E, cid=185, seq=null, Watch(18), Message:<EMPTY>)
2024-01-25 07:58:12,127 [s2@group-76E74FC0E99E-StateMachineUpdater] INFO  impl.SimpleStateMachine4Testing (SimpleStateMachine4Testing.java:applyTransaction(248)) - applyTransaction for log index 20
2024-01-25 07:58:12,127 [s1-client-thread3] DEBUG server.RaftServer$Division (RaftServerImpl.java:submitClientRequestAsync(880)) - s1@group-76E74FC0E99E: receive client request(RaftClientRequest:client-5FE4B4CCF4A1->s1@group-76E74FC0E99E, cid=172, seq=20, RW, Message:6d37)
2024-01-25 07:58:12,127 [s2@group-76E74FC0E99E-StateMachineUpdater] INFO  impl.SimpleStateMachine4Testing (SimpleStateMachine4Testing.java:put(205)) - s2: put 20, m2 -> (t:1, i:20), STATEMACHINELOGENTRY, 167@client-5FE4B4CCF4A1
2024-01-25 07:58:12,127 [grpc-default-executor-1] DEBUG impl.UnorderedAsync (UnorderedAsync.java:sendRequestWithRetry(80)) - client-5FE4B4CCF4A1: attempt #1 send~ RaftClientRequest:client-5FE4B4CCF4A1->s1@group-76E74FC0E99E, cid=187, seq=null, Watch-MAJORITY_COMMITTED(18), null
2024-01-25 07:58:12,127 [s0-server-thread5] DEBUG server.RaftServer$Division (RaftServerImpl.java:logAppendEntries(1520)) - s0@group-76E74FC0E99E: receive appendEntries(s1, 1, (t:1, i:24), 22, false, commits:[s1:c22, s0:c17, s2:c19], cId:910, entries: [(t:1, i:25), STATEMACHINELOGENTRY, 169@client-5FE4B4CCF4A1, (t:1, i:26), STATEMACHINELOGENTRY, 170@client-5FE4B4CCF4A1]
2024-01-25 07:58:12,127 [s2@group-76E74FC0E99E-StateMachineUpdater] INFO  impl.SimpleStateMachine4Testing (SimpleStateMachine4Testing.java:applyTransaction(248)) - applyTransaction for log index 22
2024-01-25 07:58:12,127 [s1-client-thread1] DEBUG server.RaftServer$Division (LeaderStateImpl.java:addWatchRequest(552)) - s1@group-76E74FC0E99E-LeaderStateImpl: addWatchRequest RaftClientRequest:client-5FE4B4CCF4A1->s1@group-76E74FC0E99E, cid=185, seq=null, Watch(18), Message:<EMPTY>
2024-01-25 07:58:12,128 [s2@group-76E74FC0E99E-StateMachineUpdater] INFO  impl.SimpleStateMachine4Testing (SimpleStateMachine4Testing.java:put(205)) - s2: put 22, m3 -> (t:1, i:22), STATEMACHINELOGENTRY, 168@client-5FE4B4CCF4A1
2024-01-25 07:58:12,128 [s1-client-thread3] DEBUG server.RaftServer$Division (LeaderStateImpl.java:addPendingRequest(533)) - s1@group-76E74FC0E99E-LeaderStateImpl: addPendingRequest at RaftClientRequest:client-5FE4B4CCF4A1->s1@group-76E74FC0E99E, cid=172, seq=20, RW, Message:6d37, entry=(t:1, i:28), STATEMACHINELOGENTRY, 172@client-5FE4B4CCF4A1
2024-01-25 07:58:12,128 [s1-client-thread1] DEBUG server.RaftServer$Division (RaftServerImpl.java:submitClientRequestAsync(880)) - s1@group-76E74FC0E99E: receive client request(RaftClientRequest:client-5FE4B4CCF4A1->s1@group-76E74FC0E99E, cid=186, seq=null, Watch-ALL(18), Message:<EMPTY>)
2024-01-25 07:58:12,128 [s1-client-thread1] DEBUG server.RaftServer$Division (LeaderStateImpl.java:addWatchRequest(552)) - s1@group-76E74FC0E99E-LeaderStateImpl: addWatchRequest RaftClientRequest:client-5FE4B4CCF4A1->s1@group-76E74FC0E99E, cid=186, seq=null, Watch-ALL(18), Message:<EMPTY>
2024-01-25 07:58:12,128 [grpc-default-executor-0] DEBUG impl.WatchRequests (WatchRequests.java:updateIndex(150)) - s1@group-76E74FC0E99E-WatchRequests: update MAJORITY_COMMITTED index from 19 to 22
2024-01-25 07:58:12,128 [s1-client-thread1] DEBUG server.RaftServer$Division (RaftServerImpl.java:submitClientRequestAsync(880)) - s1@group-76E74FC0E99E: receive client request(RaftClientRequest:client-5FE4B4CCF4A1->s1@group-76E74FC0E99E, cid=173, seq=21, RW, Message:6d38)
2024-01-25 07:58:12,128 [s0-server-thread5] DEBUG server.RaftServer$Division (RaftServerImpl.java:logAppendEntries(1520)) - s0@group-76E74FC0E99E: receive appendEntries(s1, 1, (t:1, i:26), 23, false, commits:[s1:c23, s0:c17, s2:c19], cId:911, entries: [(t:1, i:27), STATEMACHINELOGENTRY, 171@client-5FE4B4CCF4A1, (t:1, i:28), STATEMACHINELOGENTRY, 172@client-5FE4B4CCF4A1]
2024-01-25 07:58:12,129 [s1-client-thread1] DEBUG server.RaftServer$Division (LeaderStateImpl.java:addPendingRequest(533)) - s1@group-76E74FC0E99E-LeaderStateImpl: addPendingRequest at RaftClientRequest:client-5FE4B4CCF4A1->s1@group-76E74FC0E99E, cid=173, seq=21, RW, Message:6d38, entry=(t:1, i:29), STATEMACHINELOGENTRY, 173@client-5FE4B4CCF4A1
2024-01-25 07:58:12,129 [ForkJoinPool.commonPool-worker-3] DEBUG impl.UnorderedAsync (UnorderedAsync.java:lambda$sendRequestWithRetry$4(83)) - client-5FE4B4CCF4A1: attempt #1 receive~ RaftClientReply:client-5FE4B4CCF4A1->s1@group-76E74FC0E99E, cid=185, SUCCESS, logIndex=23, commits[s1:c23, s0:c17, s2:c19]
2024-01-25 07:58:12,129 [s1@group-76E74FC0E99E-LeaderStateImpl] DEBUG impl.WatchRequests (WatchRequests.java:updateIndex(150)) - s1@group-76E74FC0E99E-WatchRequests: update MAJORITY index from 23 to 25
2024-01-25 07:58:12,129 [s1@group-76E74FC0E99E-StateMachineUpdater] INFO  impl.SimpleStateMachine4Testing (SimpleStateMachine4Testing.java:applyTransaction(248)) - applyTransaction for log index 25
2024-01-25 07:58:12,128 [grpc-default-executor-1] DEBUG client.RaftClient (RaftClientImpl.java:get(158)) - client-5FE4B4CCF4A1: get 188 returns []
2024-01-25 07:58:12,129 [s1@group-76E74FC0E99E-StateMachineUpdater] INFO  impl.SimpleStateMachine4Testing (SimpleStateMachine4Testing.java:put(205)) - s1: put 25, m4 -> (t:1, i:25), STATEMACHINELOGENTRY, 169@client-5FE4B4CCF4A1
2024-01-25 07:58:12,129 [grpc-default-executor-1] DEBUG client.RaftClient (RaftClientImpl.java:newRequest(95)) - attempt #1, newRequest RaftClientRequest:client-5FE4B4CCF4A1->s1@group-76E74FC0E99E, cid=188, seq=null, Watch-ALL_COMMITTED(18), null
2024-01-25 07:58:12,130 [grpc-default-executor-1] DEBUG impl.UnorderedAsync (UnorderedAsync.java:sendRequestWithRetry(80)) - client-5FE4B4CCF4A1: attempt #1 send~ RaftClientRequest:client-5FE4B4CCF4A1->s1@group-76E74FC0E99E, cid=188, seq=null, Watch-ALL_COMMITTED(18), null
2024-01-25 07:58:12,130 [grpc-default-executor-1] DEBUG client.RaftClient (RaftClientImpl.java:add(146)) - client-5FE4B4CCF4A1: add replied callId 166
2024-01-25 07:58:12,130 [grpc-default-executor-1] INFO  grpc.TestWatchRequestWithGrpc (WatchRequestTests.java:lambda$sendRequests$0(113)) - SEND_WATCH: message=m1, logIndex=19
2024-01-25 07:58:12,130 [grpc-default-executor-1] DEBUG client.RaftClient (RaftClientImpl.java:get(158)) - client-5FE4B4CCF4A1: get 189 returns [166]
2024-01-25 07:58:12,130 [grpc-default-executor-1] DEBUG client.RaftClient (RaftClientImpl.java:newRequest(95)) - attempt #1, newRequest RaftClientRequest:client-5FE4B4CCF4A1->s1@group-76E74FC0E99E, cid=189, seq=null, Watch(19), null
2024-01-25 07:58:12,130 [grpc-default-executor-1] DEBUG impl.UnorderedAsync (UnorderedAsync.java:sendRequestWithRetry(80)) - client-5FE4B4CCF4A1: attempt #1 send~ RaftClientRequest:client-5FE4B4CCF4A1->s1@group-76E74FC0E99E, cid=189, seq=null, Watch(19), null
2024-01-25 07:58:12,130 [grpc-default-executor-1] DEBUG client.RaftClient (RaftClientImpl.java:get(158)) - client-5FE4B4CCF4A1: get 190 returns []
2024-01-25 07:58:12,131 [grpc-default-executor-1] DEBUG client.RaftClient (RaftClientImpl.java:newRequest(95)) - attempt #1, newRequest RaftClientRequest:client-5FE4B4CCF4A1->s1@group-76E74FC0E99E, cid=190, seq=null, Watch-ALL(19), null
2024-01-25 07:58:12,131 [grpc-default-executor-1] DEBUG impl.UnorderedAsync (UnorderedAsync.java:sendRequestWithRetry(80)) - client-5FE4B4CCF4A1: attempt #1 send~ RaftClientRequest:client-5FE4B4CCF4A1->s1@group-76E74FC0E99E, cid=190, seq=null, Watch-ALL(19), null
2024-01-25 07:58:12,131 [grpc-default-executor-1] DEBUG client.RaftClient (RaftClientImpl.java:get(158)) - client-5FE4B4CCF4A1: get 191 returns []
2024-01-25 07:58:12,131 [grpc-default-executor-1] DEBUG client.RaftClient (RaftClientImpl.java:newRequest(95)) - attempt #1, newRequest RaftClientRequest:client-5FE4B4CCF4A1->s1@group-76E74FC0E99E, cid=191, seq=null, Watch-MAJORITY_COMMITTED(19), null
2024-01-25 07:58:12,131 [grpc-default-executor-1] DEBUG impl.UnorderedAsync (UnorderedAsync.java:sendRequestWithRetry(80)) - client-5FE4B4CCF4A1: attempt #1 send~ RaftClientRequest:client-5FE4B4CCF4A1->s1@group-76E74FC0E99E, cid=191, seq=null, Watch-MAJORITY_COMMITTED(19), null
2024-01-25 07:58:12,131 [grpc-default-executor-1] DEBUG client.RaftClient (RaftClientImpl.java:get(158)) - client-5FE4B4CCF4A1: get 192 returns []
2024-01-25 07:58:12,131 [grpc-default-executor-1] DEBUG client.RaftClient (RaftClientImpl.java:newRequest(95)) - attempt #1, newRequest RaftClientRequest:client-5FE4B4CCF4A1->s1@group-76E74FC0E99E, cid=192, seq=null, Watch-ALL_COMMITTED(19), null
2024-01-25 07:58:12,132 [s1-client-thread1] DEBUG server.RaftServer$Division (RaftServerImpl.java:submitClientRequestAsync(880)) - s1@group-76E74FC0E99E: receive client request(RaftClientRequest:client-5FE4B4CCF4A1->s1@group-76E74FC0E99E, cid=174, seq=22, RW, Message:6d39)
2024-01-25 07:58:12,132 [s2-server-thread1] DEBUG server.RaftServer$Division (RaftServerImpl.java:logAppendEntries(1520)) - s2@group-76E74FC0E99E: receive appendEntries(s1, 1, (t:1, i:25), 22, false, commits:[s1:c22, s0:c17, s2:c19], cId:109, entries: [(t:1, i:26), STATEMACHINELOGENTRY, 170@client-5FE4B4CCF4A1]
2024-01-25 07:58:12,132 [s0-server-thread5] DEBUG server.RaftServer$Division (RaftServerImpl.java:logAppendEntries(1520)) - s0@group-76E74FC0E99E: receive appendEntries(s1, 1, (t:1, i:28), 23, false, commits:[s1:c23, s0:c17, s2:c22], cId:913, entries: [(t:1, i:29), STATEMACHINELOGENTRY, 173@client-5FE4B4CCF4A1]
2024-01-25 07:58:12,132 [s1-client-thread1] DEBUG server.RaftServer$Division (LeaderStateImpl.java:addPendingRequest(533)) - s1@group-76E74FC0E99E-LeaderStateImpl: addPendingRequest at RaftClientRequest:client-5FE4B4CCF4A1->s1@group-76E74FC0E99E, cid=174, seq=22, RW, Message:6d39, entry=(t:1, i:31), STATEMACHINELOGENTRY, 174@client-5FE4B4CCF4A1
2024-01-25 07:58:12,132 [s2-server-thread2] DEBUG server.RaftServer$Division (RaftServerImpl.java:logAppendEntries(1520)) - s2@group-76E74FC0E99E: succeeded to handle AppendEntries. Reply: s1<-s2#109:OK-t1,SUCCESS,nextIndex=27,followerCommit=22,matchIndex=26
2024-01-25 07:58:12,132 [grpc-default-executor-1] DEBUG impl.UnorderedAsync (UnorderedAsync.java:sendRequestWithRetry(80)) - client-5FE4B4CCF4A1: attempt #1 send~ RaftClientRequest:client-5FE4B4CCF4A1->s1@group-76E74FC0E99E, cid=192, seq=null, Watch-ALL_COMMITTED(19), null
2024-01-25 07:58:12,132 [s1-client-thread1] DEBUG server.RaftServer$Division (RaftServerImpl.java:submitClientRequestAsync(880)) - s1@group-76E74FC0E99E: receive client request(RaftClientRequest:client-5FE4B4CCF4A1->s1@group-76E74FC0E99E, cid=175, seq=23, RW, Message:6d3130)
2024-01-25 07:58:12,132 [s1-client-thread3] DEBUG server.RaftServer$Division (RaftServerImpl.java:submitClientRequestAsync(880)) - s1@group-76E74FC0E99E: receive client request(RaftClientRequest:client-5FE4B4CCF4A1->s1@group-76E74FC0E99E, cid=187, seq=null, Watch-MAJORITY_COMMITTED(18), Message:<EMPTY>)
2024-01-25 07:58:12,133 [s1-client-thread3] DEBUG server.RaftServer$Division (LeaderStateImpl.java:addWatchRequest(552)) - s1@group-76E74FC0E99E-LeaderStateImpl: addWatchRequest RaftClientRequest:client-5FE4B4CCF4A1->s1@group-76E74FC0E99E, cid=187, seq=null, Watch-MAJORITY_COMMITTED(18), Message:<EMPTY>
2024-01-25 07:58:12,133 [s1-client-thread1] DEBUG server.RaftServer$Division (LeaderStateImpl.java:addPendingRequest(533)) - s1@group-76E74FC0E99E-LeaderStateImpl: addPendingRequest at RaftClientRequest:client-5FE4B4CCF4A1->s1@group-76E74FC0E99E, cid=175, seq=23, RW, Message:6d3130, entry=(t:1, i:32), STATEMACHINELOGENTRY, 175@client-5FE4B4CCF4A1
2024-01-25 07:58:12,133 [grpc-default-executor-4] DEBUG client.RaftClient (RaftClientImpl.java:add(146)) - client-5FE4B4CCF4A1: add replied callId 167
2024-01-25 07:58:12,133 [grpc-default-executor-4] INFO  grpc.TestWatchRequestWithGrpc (WatchRequestTests.java:lambda$sendRequests$0(113)) - SEND_WATCH: message=m2, logIndex=20
2024-01-25 07:58:12,133 [ForkJoinPool.commonPool-worker-3] DEBUG impl.UnorderedAsync (UnorderedAsync.java:lambda$sendRequestWithRetry$4(83)) - client-5FE4B4CCF4A1: attempt #1 receive~ RaftClientReply:client-5FE4B4CCF4A1->s1@group-76E74FC0E99E, cid=187, SUCCESS, logIndex=22, commits[s1:c25, s0:c17, s2:c22]
2024-01-25 07:58:12,133 [grpc-default-executor-4] DEBUG client.RaftClient (RaftClientImpl.java:get(158)) - client-5FE4B4CCF4A1: get 193 returns [167]
2024-01-25 07:58:12,133 [grpc-default-executor-4] DEBUG client.RaftClient (RaftClientImpl.java:newRequest(95)) - attempt #1, newRequest RaftClientRequest:client-5FE4B4CCF4A1->s1@group-76E74FC0E99E, cid=193, seq=null, Watch(20), null
2024-01-25 07:58:12,133 [s1-client-thread1] DEBUG server.RaftServer$Division (RaftServerImpl.java:submitClientRequestAsync(880)) - s1@group-76E74FC0E99E: receive client request(RaftClientRequest:client-5FE4B4CCF4A1->s1@group-76E74FC0E99E, cid=188, seq=null, Watch-ALL_COMMITTED(18), Message:<EMPTY>)
2024-01-25 07:58:12,133 [s1-client-thread3] DEBUG server.RaftServer$Division (RaftServerImpl.java:submitClientRequestAsync(880)) - s1@group-76E74FC0E99E: receive client request(RaftClientRequest:client-5FE4B4CCF4A1->s1@group-76E74FC0E99E, cid=176, seq=24, RW, Message:6d3131)
2024-01-25 07:58:12,133 [grpc-default-executor-4] DEBUG impl.UnorderedAsync (UnorderedAsync.java:sendRequestWithRetry(80)) - client-5FE4B4CCF4A1: attempt #1 send~ RaftClientRequest:client-5FE4B4CCF4A1->s1@group-76E74FC0E99E, cid=193, seq=null, Watch(20), null
2024-01-25 07:58:12,134 [grpc-default-executor-4] DEBUG client.RaftClient (RaftClientImpl.java:get(158)) - client-5FE4B4CCF4A1: get 194 returns []
2024-01-25 07:58:12,134 [grpc-default-executor-4] DEBUG client.RaftClient (RaftClientImpl.java:newRequest(95)) - attempt #1, newRequest RaftClientRequest:client-5FE4B4CCF4A1->s1@group-76E74FC0E99E, cid=194, seq=null, Watch-ALL(20), null
2024-01-25 07:58:12,134 [grpc-default-executor-4] DEBUG impl.UnorderedAsync (UnorderedAsync.java:sendRequestWithRetry(80)) - client-5FE4B4CCF4A1: attempt #1 send~ RaftClientRequest:client-5FE4B4CCF4A1->s1@group-76E74FC0E99E, cid=194, seq=null, Watch-ALL(20), null
2024-01-25 07:58:12,133 [s2-server-thread1] DEBUG server.RaftServer$Division (RaftServerImpl.java:logAppendEntries(1520)) - s2@group-76E74FC0E99E: receive appendEntries(s1, 1, (t:1, i:26), 23, false, commits:[s1:c23, s0:c17, s2:c19], cId:110, entries: [(t:1, i:27), STATEMACHINELOGENTRY, 171@client-5FE4B4CCF4A1]
2024-01-25 07:58:12,134 [grpc-default-executor-4] DEBUG client.RaftClient (RaftClientImpl.java:get(158)) - client-5FE4B4CCF4A1: get 195 returns []
2024-01-25 07:58:12,134 [grpc-default-executor-4] DEBUG client.RaftClient (RaftClientImpl.java:newRequest(95)) - attempt #1, newRequest RaftClientRequest:client-5FE4B4CCF4A1->s1@group-76E74FC0E99E, cid=195, seq=null, Watch-MAJORITY_COMMITTED(20), null
2024-01-25 07:58:12,134 [grpc-default-executor-4] DEBUG impl.UnorderedAsync (UnorderedAsync.java:sendRequestWithRetry(80)) - client-5FE4B4CCF4A1: attempt #1 send~ RaftClientRequest:client-5FE4B4CCF4A1->s1@group-76E74FC0E99E, cid=195, seq=null, Watch-MAJORITY_COMMITTED(20), null
2024-01-25 07:58:12,134 [s1-client-thread3] DEBUG server.RaftServer$Division (LeaderStateImpl.java:addPendingRequest(533)) - s1@group-76E74FC0E99E-LeaderStateImpl: addPendingRequest at RaftClientRequest:client-5FE4B4CCF4A1->s1@group-76E74FC0E99E, cid=176, seq=24, RW, Message:6d3131, entry=(t:1, i:33), STATEMACHINELOGENTRY, 176@client-5FE4B4CCF4A1
2024-01-25 07:58:12,133 [s1-client-thread1] DEBUG server.RaftServer$Division (LeaderStateImpl.java:addWatchRequest(552)) - s1@group-76E74FC0E99E-LeaderStateImpl: addWatchRequest RaftClientRequest:client-5FE4B4CCF4A1->s1@group-76E74FC0E99E, cid=188, seq=null, Watch-ALL_COMMITTED(18), Message:<EMPTY>
2024-01-25 07:58:12,135 [s1-client-thread3] DEBUG server.RaftServer$Division (RaftServerImpl.java:submitClientRequestAsync(880)) - s1@group-76E74FC0E99E: receive client request(RaftClientRequest:client-5FE4B4CCF4A1->s1@group-76E74FC0E99E, cid=189, seq=null, Watch(19), Message:<EMPTY>)
2024-01-25 07:58:12,135 [s2-server-thread1] DEBUG server.RaftServer$Division (RaftServerImpl.java:logAppendEntries(1520)) - s2@group-76E74FC0E99E: succeeded to handle AppendEntries. Reply: s1<-s2#110:OK-t1,SUCCESS,nextIndex=28,followerCommit=23,matchIndex=27
2024-01-25 07:58:12,135 [s1-client-thread3] DEBUG server.RaftServer$Division (LeaderStateImpl.java:addWatchRequest(552)) - s1@group-76E74FC0E99E-LeaderStateImpl: addWatchRequest RaftClientRequest:client-5FE4B4CCF4A1->s1@group-76E74FC0E99E, cid=189, seq=null, Watch(19), Message:<EMPTY>
2024-01-25 07:58:12,134 [grpc-default-executor-4] DEBUG client.RaftClient (RaftClientImpl.java:get(158)) - client-5FE4B4CCF4A1: get 196 returns []
2024-01-25 07:58:12,135 [grpc-default-executor-4] DEBUG client.RaftClient (RaftClientImpl.java:newRequest(95)) - attempt #1, newRequest RaftClientRequest:client-5FE4B4CCF4A1->s1@group-76E74FC0E99E, cid=196, seq=null, Watch-ALL_COMMITTED(20), null
2024-01-25 07:58:12,135 [s1-client-thread3] DEBUG server.RaftServer$Division (RaftServerImpl.java:submitClientRequestAsync(880)) - s1@group-76E74FC0E99E: receive client request(RaftClientRequest:client-5FE4B4CCF4A1->s1@group-76E74FC0E99E, cid=190, seq=null, Watch-ALL(19), Message:<EMPTY>)
2024-01-25 07:58:12,135 [s2-server-thread1] DEBUG server.RaftServer$Division (RaftServerImpl.java:logAppendEntries(1520)) - s2@group-76E74FC0E99E: receive appendEntries(s1, 1, (t:1, i:27), 23, false, commits:[s1:c23, s0:c17, s2:c22], cId:111, entries: [(t:1, i:28), STATEMACHINELOGENTRY, 172@client-5FE4B4CCF4A1]
2024-01-25 07:58:12,135 [s1-client-thread3] DEBUG server.RaftServer$Division (LeaderStateImpl.java:addWatchRequest(552)) - s1@group-76E74FC0E99E-LeaderStateImpl: addWatchRequest RaftClientRequest:client-5FE4B4CCF4A1->s1@group-76E74FC0E99E, cid=190, seq=null, Watch-ALL(19), Message:<EMPTY>
2024-01-25 07:58:12,136 [Time-limited test] INFO  grpc.TestWatchRequestWithGrpc (WatchRequestTests.java:checkMajority(275)) - checkMajority 0: receive RaftClientReply:client-5FE4B4CCF4A1->s1@group-76E74FC0E99E, cid=165, SUCCESS, logIndex=18, commits[s1:c18, s0:c17, s2:c17]
2024-01-25 07:58:12,136 [s2-server-thread1] DEBUG server.RaftServer$Division (RaftServerImpl.java:logAppendEntries(1520)) - s2@group-76E74FC0E99E: receive appendEntries(s1, 1, (t:1, i:28), 25, false, commits:[s1:c25, s0:c17, s2:c22], cId:112, entries: [(t:1, i:29), STATEMACHINELOGENTRY, 173@client-5FE4B4CCF4A1, (t:1, i:30), METADATAENTRY(c:25)]
2024-01-25 07:58:12,136 [Time-limited test] INFO  grpc.TestWatchRequestWithGrpc (WatchRequestTests.java:get(214)) - majority-Watch(18) returns RaftClientReply:client-5FE4B4CCF4A1->s1@group-76E74FC0E99E, cid=185, SUCCESS, logIndex=23, commits[s1:c23, s0:c17, s2:c19]
2024-01-25 07:58:12,135 [grpc-default-executor-4] DEBUG impl.UnorderedAsync (UnorderedAsync.java:sendRequestWithRetry(80)) - client-5FE4B4CCF4A1: attempt #1 send~ RaftClientRequest:client-5FE4B4CCF4A1->s1@group-76E74FC0E99E, cid=196, seq=null, Watch-ALL_COMMITTED(20), null
2024-01-25 07:58:12,136 [Time-limited test] INFO  grpc.TestWatchRequestWithGrpc (WatchRequestTests.java:get(214)) - majorityCommitted-Watch(18) returns RaftClientReply:client-5FE4B4CCF4A1->s1@group-76E74FC0E99E, cid=187, SUCCESS, logIndex=22, commits[s1:c25, s0:c17, s2:c22]
2024-01-25 07:58:12,137 [s2-server-thread1] DEBUG server.RaftServer$Division (RaftServerImpl.java:logAppendEntries(1520)) - s2@group-76E74FC0E99E: receive appendEntries(s1, 1, (t:1, i:30), 25, false, commits:[s1:c25, s0:c17, s2:c22], cId:113, entries: [(t:1, i:31), STATEMACHINELOGENTRY, 174@client-5FE4B4CCF4A1]
2024-01-25 07:58:12,137 [s2-server-thread3] DEBUG server.RaftServer$Division (RaftServerImpl.java:logAppendEntries(1520)) - s2@group-76E74FC0E99E: succeeded to handle AppendEntries. Reply: s1<-s2#112:OK-t1,SUCCESS,nextIndex=31,followerCommit=25,matchIndex=30
2024-01-25 07:58:12,136 [s1-client-thread3] DEBUG server.RaftServer$Division (RaftServerImpl.java:submitClientRequestAsync(880)) - s1@group-76E74FC0E99E: receive client request(RaftClientRequest:client-5FE4B4CCF4A1->s1@group-76E74FC0E99E, cid=191, seq=null, Watch-MAJORITY_COMMITTED(19), Message:<EMPTY>)
2024-01-25 07:58:12,136 [s2-server-thread2] DEBUG server.RaftServer$Division (RaftServerImpl.java:logAppendEntries(1520)) - s2@group-76E74FC0E99E: succeeded to handle AppendEntries. Reply: s1<-s2#111:OK-t1,SUCCESS,nextIndex=29,followerCommit=23,matchIndex=28
2024-01-25 07:58:12,137 [s2-server-thread2] DEBUG server.RaftServer$Division (RaftServerImpl.java:logAppendEntries(1520)) - s2@group-76E74FC0E99E: receive appendEntries(s1, 1, (t:1, i:31), 25, false, commits:[s1:c25, s0:c17, s2:c22], cId:114, entries: [(t:1, i:32), STATEMACHINELOGENTRY, 175@client-5FE4B4CCF4A1]
2024-01-25 07:58:12,137 [s2-server-thread1] DEBUG server.RaftServer$Division (RaftServerImpl.java:logAppendEntries(1520)) - s2@group-76E74FC0E99E: succeeded to handle AppendEntries. Reply: s1<-s2#113:OK-t1,SUCCESS,nextIndex=32,followerCommit=25,matchIndex=31
2024-01-25 07:58:12,136 [s1-client-thread1] DEBUG server.RaftServer$Division (RaftServerImpl.java:submitClientRequestAsync(880)) - s1@group-76E74FC0E99E: receive client request(RaftClientRequest:client-5FE4B4CCF4A1->s1@group-76E74FC0E99E, cid=177, seq=25, RW, Message:6d3132)
2024-01-25 07:58:12,136 [ForkJoinPool.commonPool-worker-3] DEBUG impl.UnorderedAsync (UnorderedAsync.java:lambda$sendRequestWithRetry$4(83)) - client-5FE4B4CCF4A1: attempt #1 receive~ RaftClientReply:client-5FE4B4CCF4A1->s1@group-76E74FC0E99E, cid=189, SUCCESS, logIndex=25, commits[s1:c25, s0:c17, s2:c22]
2024-01-25 07:58:12,137 [s1-client-thread3] DEBUG server.RaftServer$Division (LeaderStateImpl.java:addWatchRequest(552)) - s1@group-76E74FC0E99E-LeaderStateImpl: addWatchRequest RaftClientRequest:client-5FE4B4CCF4A1->s1@group-76E74FC0E99E, cid=191, seq=null, Watch-MAJORITY_COMMITTED(19), Message:<EMPTY>
2024-01-25 07:58:12,137 [s2@group-76E74FC0E99E-StateMachineUpdater] INFO  impl.SimpleStateMachine4Testing (SimpleStateMachine4Testing.java:applyTransaction(248)) - applyTransaction for log index 25
2024-01-25 07:58:12,138 [s2@group-76E74FC0E99E-StateMachineUpdater] INFO  impl.SimpleStateMachine4Testing (SimpleStateMachine4Testing.java:put(205)) - s2: put 25, m4 -> (t:1, i:25), STATEMACHINELOGENTRY, 169@client-5FE4B4CCF4A1
2024-01-25 07:58:12,137 [Time-limited test] INFO  grpc.TestWatchRequestWithGrpc (WatchRequestTests.java:checkMajority(275)) - checkMajority 1: receive RaftClientReply:client-5FE4B4CCF4A1->s1@group-76E74FC0E99E, cid=166, SUCCESS, logIndex=19, commits[s1:c19, s0:c17, s2:c17]
2024-01-25 07:58:12,138 [s2-server-thread2] DEBUG server.RaftServer$Division (RaftServerImpl.java:logAppendEntries(1520)) - s2@group-76E74FC0E99E: receive appendEntries(s1, 1, (t:1, i:32), 25, false, commits:[s1:c25, s0:c17, s2:c22], cId:115, entries: [(t:1, i:33), STATEMACHINELOGENTRY, 176@client-5FE4B4CCF4A1]
2024-01-25 07:58:12,137 [grpc-default-executor-0] DEBUG client.RaftClient (RaftClientImpl.java:add(146)) - client-5FE4B4CCF4A1: add replied callId 168
2024-01-25 07:58:12,138 [grpc-default-executor-0] INFO  grpc.TestWatchRequestWithGrpc (WatchRequestTests.java:lambda$sendRequests$0(113)) - SEND_WATCH: message=m3, logIndex=22
2024-01-25 07:58:12,138 [grpc-default-executor-3] DEBUG impl.WatchRequests (WatchRequests.java:updateIndex(150)) - s1@group-76E74FC0E99E-WatchRequests: update MAJORITY_COMMITTED index from 22 to 23
2024-01-25 07:58:12,138 [ForkJoinPool.commonPool-worker-3] DEBUG impl.UnorderedAsync (UnorderedAsync.java:lambda$sendRequestWithRetry$4(83)) - client-5FE4B4CCF4A1: attempt #1 receive~ RaftClientReply:client-5FE4B4CCF4A1->s1@group-76E74FC0E99E, cid=191, SUCCESS, logIndex=22, commits[s1:c25, s0:c17, s2:c22]
2024-01-25 07:58:12,138 [Time-limited test] INFO  grpc.TestWatchRequestWithGrpc (WatchRequestTests.java:get(214)) - majority-Watch(19) returns RaftClientReply:client-5FE4B4CCF4A1->s1@group-76E74FC0E99E, cid=189, SUCCESS, logIndex=25, commits[s1:c25, s0:c17, s2:c22]
2024-01-25 07:58:12,138 [s2-server-thread1] DEBUG server.RaftServer$Division (RaftServerImpl.java:logAppendEntries(1520)) - s2@group-76E74FC0E99E: succeeded to handle AppendEntries. Reply: s1<-s2#114:OK-t1,SUCCESS,nextIndex=33,followerCommit=25,matchIndex=32
2024-01-25 07:58:12,138 [s1-client-thread1] DEBUG server.RaftServer$Division (LeaderStateImpl.java:addPendingRequest(533)) - s1@group-76E74FC0E99E-LeaderStateImpl: addPendingRequest at RaftClientRequest:client-5FE4B4CCF4A1->s1@group-76E74FC0E99E, cid=177, seq=25, RW, Message:6d3132, entry=(t:1, i:34), STATEMACHINELOGENTRY, 177@client-5FE4B4CCF4A1
2024-01-25 07:58:12,138 [s1-client-thread3] DEBUG server.RaftServer$Division (RaftServerImpl.java:submitClientRequestAsync(880)) - s1@group-76E74FC0E99E: receive client request(RaftClientRequest:client-5FE4B4CCF4A1->s1@group-76E74FC0E99E, cid=192, seq=null, Watch-ALL_COMMITTED(19), Message:<EMPTY>)
2024-01-25 07:58:12,139 [s1-client-thread3] DEBUG server.RaftServer$Division (LeaderStateImpl.java:addWatchRequest(552)) - s1@group-76E74FC0E99E-LeaderStateImpl: addWatchRequest RaftClientRequest:client-5FE4B4CCF4A1->s1@group-76E74FC0E99E, cid=192, seq=null, Watch-ALL_COMMITTED(19), Message:<EMPTY>
2024-01-25 07:58:12,139 [s2-server-thread1] DEBUG server.RaftServer$Division (RaftServerImpl.java:logAppendEntries(1520)) - s2@group-76E74FC0E99E: receive appendEntries(s1, 1, (t:1, i:33), 25, false, commits:[s1:c25, s0:c17, s2:c23], cId:116, entries: [(t:1, i:34), STATEMACHINELOGENTRY, 177@client-5FE4B4CCF4A1]
2024-01-25 07:58:12,139 [s2-server-thread2] DEBUG server.RaftServer$Division (RaftServerImpl.java:logAppendEntries(1520)) - s2@group-76E74FC0E99E: succeeded to handle AppendEntries. Reply: s1<-s2#115:OK-t1,SUCCESS,nextIndex=34,followerCommit=25,matchIndex=33
2024-01-25 07:58:12,139 [grpc-default-executor-3] DEBUG impl.WatchRequests (WatchRequests.java:updateIndex(150)) - s1@group-76E74FC0E99E-WatchRequests: update MAJORITY_COMMITTED index from 23 to 25
2024-01-25 07:58:12,140 [s1-client-thread1] DEBUG server.RaftServer$Division (RaftServerImpl.java:submitClientRequestAsync(880)) - s1@group-76E74FC0E99E: receive client request(RaftClientRequest:client-5FE4B4CCF4A1->s1@group-76E74FC0E99E, cid=178, seq=26, RW, Message:6d3133)
2024-01-25 07:58:12,140 [s1@group-76E74FC0E99E-LeaderStateImpl] DEBUG impl.WatchRequests (WatchRequests.java:updateIndex(150)) - s1@group-76E74FC0E99E-WatchRequests: update MAJORITY index from 25 to 28
2024-01-25 07:58:12,140 [s2-server-thread1] DEBUG server.RaftServer$Division (RaftServerImpl.java:logAppendEntries(1520)) - s2@group-76E74FC0E99E: succeeded to handle AppendEntries. Reply: s1<-s2#116:OK-t1,SUCCESS,nextIndex=35,followerCommit=25,matchIndex=34
2024-01-25 07:58:12,140 [s1-client-thread1] DEBUG server.RaftServer$Division (LeaderStateImpl.java:addPendingRequest(533)) - s1@group-76E74FC0E99E-LeaderStateImpl: addPendingRequest at RaftClientRequest:client-5FE4B4CCF4A1->s1@group-76E74FC0E99E, cid=178, seq=26, RW, Message:6d3133, entry=(t:1, i:36), STATEMACHINELOGENTRY, 178@client-5FE4B4CCF4A1
2024-01-25 07:58:12,140 [s1@group-76E74FC0E99E-LeaderStateImpl] DEBUG impl.WatchRequests (WatchRequests.java:updateIndex(150)) - s1@group-76E74FC0E99E-WatchRequests: update MAJORITY index from 28 to 30
2024-01-25 07:58:12,140 [s1-client-thread1] DEBUG server.RaftServer$Division (RaftServerImpl.java:submitClientRequestAsync(880)) - s1@group-76E74FC0E99E: receive client request(RaftClientRequest:client-5FE4B4CCF4A1->s1@group-76E74FC0E99E, cid=179, seq=27, RW, Message:6d3134)
2024-01-25 07:58:12,140 [s1@group-76E74FC0E99E-LeaderStateImpl] DEBUG impl.WatchRequests (WatchRequests.java:updateIndex(150)) - s1@group-76E74FC0E99E-WatchRequests: update MAJORITY index from 30 to 31
2024-01-25 07:58:12,139 [Time-limited test] INFO  grpc.TestWatchRequestWithGrpc (WatchRequestTests.java:get(214)) - majorityCommitted-Watch(19) returns RaftClientReply:client-5FE4B4CCF4A1->s1@group-76E74FC0E99E, cid=191, SUCCESS, logIndex=22, commits[s1:c25, s0:c17, s2:c22]
2024-01-25 07:58:12,138 [grpc-default-executor-0] DEBUG client.RaftClient (RaftClientImpl.java:get(158)) - client-5FE4B4CCF4A1: get 197 returns [168]
2024-01-25 07:58:12,141 [Time-limited test] INFO  grpc.TestWatchRequestWithGrpc (WatchRequestTests.java:checkMajority(275)) - checkMajority 2: receive RaftClientReply:client-5FE4B4CCF4A1->s1@group-76E74FC0E99E, cid=167, SUCCESS, logIndex=20, commits[s1:c22, s0:c17, s2:c18]
2024-01-25 07:58:12,141 [s2-server-thread1] DEBUG server.RaftServer$Division (RaftServerImpl.java:logAppendEntries(1520)) - s2@group-76E74FC0E99E: receive appendEntries(s1, 1, (t:1, i:34), 28, false, commits:[s1:c28, s0:c17, s2:c25], cId:117, entries: [(t:1, i:35), METADATAENTRY(c:28)]
2024-01-25 07:58:12,141 [s1-client-thread1] DEBUG server.RaftServer$Division (LeaderStateImpl.java:addPendingRequest(533)) - s1@group-76E74FC0E99E-LeaderStateImpl: addPendingRequest at RaftClientRequest:client-5FE4B4CCF4A1->s1@group-76E74FC0E99E, cid=179, seq=27, RW, Message:6d3134, entry=(t:1, i:38), STATEMACHINELOGENTRY, 179@client-5FE4B4CCF4A1
2024-01-25 07:58:12,139 [s1-client-thread3] DEBUG server.RaftServer$Division (RaftServerImpl.java:submitClientRequestAsync(880)) - s1@group-76E74FC0E99E: receive client request(RaftClientRequest:client-5FE4B4CCF4A1->s1@group-76E74FC0E99E, cid=193, seq=null, Watch(20), Message:<EMPTY>)
2024-01-25 07:58:12,141 [s1-client-thread3] DEBUG server.RaftServer$Division (LeaderStateImpl.java:addWatchRequest(552)) - s1@group-76E74FC0E99E-LeaderStateImpl: addWatchRequest RaftClientRequest:client-5FE4B4CCF4A1->s1@group-76E74FC0E99E, cid=193, seq=null, Watch(20), Message:<EMPTY>
2024-01-25 07:58:12,139 [s1@group-76E74FC0E99E-StateMachineUpdater] INFO  impl.SimpleStateMachine4Testing (SimpleStateMachine4Testing.java:applyTransaction(248)) - applyTransaction for log index 26
2024-01-25 07:58:12,141 [grpc-default-executor-0] DEBUG client.RaftClient (RaftClientImpl.java:newRequest(95)) - attempt #1, newRequest RaftClientRequest:client-5FE4B4CCF4A1->s1@group-76E74FC0E99E, cid=197, seq=null, Watch(22), null
2024-01-25 07:58:12,141 [s2@group-76E74FC0E99E-StateMachineUpdater] INFO  impl.SimpleStateMachine4Testing (SimpleStateMachine4Testing.java:applyTransaction(248)) - applyTransaction for log index 26
2024-01-25 07:58:12,141 [grpc-default-executor-0] DEBUG impl.UnorderedAsync (UnorderedAsync.java:sendRequestWithRetry(80)) - client-5FE4B4CCF4A1: attempt #1 send~ RaftClientRequest:client-5FE4B4CCF4A1->s1@group-76E74FC0E99E, cid=197, seq=null, Watch(22), null
2024-01-25 07:58:12,142 [s2-server-thread1] DEBUG server.RaftServer$Division (RaftServerImpl.java:logAppendEntries(1520)) - s2@group-76E74FC0E99E: succeeded to handle AppendEntries. Reply: s1<-s2#117:OK-t1,SUCCESS,nextIndex=36,followerCommit=28,matchIndex=35
2024-01-25 07:58:12,142 [grpc-default-executor-0] DEBUG client.RaftClient (RaftClientImpl.java:get(158)) - client-5FE4B4CCF4A1: get 198 returns []
2024-01-25 07:58:12,142 [grpc-default-executor-0] DEBUG client.RaftClient (RaftClientImpl.java:newRequest(95)) - attempt #1, newRequest RaftClientRequest:client-5FE4B4CCF4A1->s1@group-76E74FC0E99E, cid=198, seq=null, Watch-ALL(22), null
2024-01-25 07:58:12,142 [grpc-default-executor-0] DEBUG impl.UnorderedAsync (UnorderedAsync.java:sendRequestWithRetry(80)) - client-5FE4B4CCF4A1: attempt #1 send~ RaftClientRequest:client-5FE4B4CCF4A1->s1@group-76E74FC0E99E, cid=198, seq=null, Watch-ALL(22), null
2024-01-25 07:58:12,142 [grpc-default-executor-0] DEBUG client.RaftClient (RaftClientImpl.java:get(158)) - client-5FE4B4CCF4A1: get 199 returns []
2024-01-25 07:58:12,142 [grpc-default-executor-0] DEBUG client.RaftClient (RaftClientImpl.java:newRequest(95)) - attempt #1, newRequest RaftClientRequest:client-5FE4B4CCF4A1->s1@group-76E74FC0E99E, cid=199, seq=null, Watch-MAJORITY_COMMITTED(22), null
2024-01-25 07:58:12,142 [grpc-default-executor-0] DEBUG impl.UnorderedAsync (UnorderedAsync.java:sendRequestWithRetry(80)) - client-5FE4B4CCF4A1: attempt #1 send~ RaftClientRequest:client-5FE4B4CCF4A1->s1@group-76E74FC0E99E, cid=199, seq=null, Watch-MAJORITY_COMMITTED(22), null
2024-01-25 07:58:12,142 [s2-server-thread1] DEBUG server.RaftServer$Division (RaftServerImpl.java:logAppendEntries(1520)) - s2@group-76E74FC0E99E: receive appendEntries(s1, 1, (t:1, i:35), 31, false, commits:[s1:c31, s0:c17, s2:c25], cId:118, entries: [(t:1, i:36), STATEMACHINELOGENTRY, 178@client-5FE4B4CCF4A1, (t:1, i:37), METADATAENTRY(c:31), (t:1, i:38), STATEMACHINELOGENTRY, 179@client-5FE4B4CCF4A1]
2024-01-25 07:58:12,142 [grpc-default-executor-0] DEBUG client.RaftClient (RaftClientImpl.java:get(158)) - client-5FE4B4CCF4A1: get 200 returns []
2024-01-25 07:58:12,142 [grpc-default-executor-0] DEBUG client.RaftClient (RaftClientImpl.java:newRequest(95)) - attempt #1, newRequest RaftClientRequest:client-5FE4B4CCF4A1->s1@group-76E74FC0E99E, cid=200, seq=null, Watch-ALL_COMMITTED(22), null
2024-01-25 07:58:12,143 [grpc-default-executor-0] DEBUG impl.UnorderedAsync (UnorderedAsync.java:sendRequestWithRetry(80)) - client-5FE4B4CCF4A1: attempt #1 send~ RaftClientRequest:client-5FE4B4CCF4A1->s1@group-76E74FC0E99E, cid=200, seq=null, Watch-ALL_COMMITTED(22), null
2024-01-25 07:58:12,143 [ForkJoinPool.commonPool-worker-3] DEBUG impl.UnorderedAsync (UnorderedAsync.java:lambda$sendRequestWithRetry$4(83)) - client-5FE4B4CCF4A1: attempt #1 receive~ RaftClientReply:client-5FE4B4CCF4A1->s1@group-76E74FC0E99E, cid=193, SUCCESS, logIndex=31, commits[s1:c31, s0:c17, s2:c25]
2024-01-25 07:58:12,141 [s1@group-76E74FC0E99E-StateMachineUpdater] INFO  impl.SimpleStateMachine4Testing (SimpleStateMachine4Testing.java:put(205)) - s1: put 26, m5 -> (t:1, i:26), STATEMACHINELOGENTRY, 170@client-5FE4B4CCF4A1
2024-01-25 07:58:12,143 [Time-limited test] INFO  grpc.TestWatchRequestWithGrpc (WatchRequestTests.java:get(214)) - majority-Watch(20) returns RaftClientReply:client-5FE4B4CCF4A1->s1@group-76E74FC0E99E, cid=193, SUCCESS, logIndex=31, commits[s1:c31, s0:c17, s2:c25]
2024-01-25 07:58:12,143 [s2-server-thread1] DEBUG server.RaftServer$Division (RaftServerImpl.java:logAppendEntries(1520)) - s2@group-76E74FC0E99E: succeeded to handle AppendEntries. Reply: s1<-s2#118:OK-t1,SUCCESS,nextIndex=39,followerCommit=31,matchIndex=38
2024-01-25 07:58:12,142 [s1-client-thread1] DEBUG server.RaftServer$Division (RaftServerImpl.java:submitClientRequestAsync(880)) - s1@group-76E74FC0E99E: receive client request(RaftClientRequest:client-5FE4B4CCF4A1->s1@group-76E74FC0E99E, cid=180, seq=28, RW, Message:6d3135)
2024-01-25 07:58:12,142 [grpc-default-executor-3] DEBUG impl.WatchRequests (WatchRequests.java:updateIndex(150)) - s1@group-76E74FC0E99E-WatchRequests: update MAJORITY_COMMITTED index from 25 to 28
2024-01-25 07:58:12,142 [s1@group-76E74FC0E99E-LeaderStateImpl] DEBUG impl.WatchRequests (WatchRequests.java:updateIndex(150)) - s1@group-76E74FC0E99E-WatchRequests: update MAJORITY index from 31 to 34
2024-01-25 07:58:12,142 [s2@group-76E74FC0E99E-StateMachineUpdater] INFO  impl.SimpleStateMachine4Testing (SimpleStateMachine4Testing.java:put(205)) - s2: put 26, m5 -> (t:1, i:26), STATEMACHINELOGENTRY, 170@client-5FE4B4CCF4A1
2024-01-25 07:58:12,141 [s1-client-thread3] DEBUG server.RaftServer$Division (RaftServerImpl.java:submitClientRequestAsync(880)) - s1@group-76E74FC0E99E: receive client request(RaftClientRequest:client-5FE4B4CCF4A1->s1@group-76E74FC0E99E, cid=194, seq=null, Watch-ALL(20), Message:<EMPTY>)
2024-01-25 07:58:12,143 [grpc-default-executor-0] DEBUG client.RaftClient (RaftClientImpl.java:add(146)) - client-5FE4B4CCF4A1: add replied callId 169
2024-01-25 07:58:12,143 [s1@group-76E74FC0E99E-StateMachineUpdater] INFO  impl.SimpleStateMachine4Testing (SimpleStateMachine4Testing.java:applyTransaction(248)) - applyTransaction for log index 27
2024-01-25 07:58:12,144 [grpc-default-executor-0] INFO  grpc.TestWatchRequestWithGrpc (WatchRequestTests.java:lambda$sendRequests$0(113)) - SEND_WATCH: message=m4, logIndex=25
2024-01-25 07:58:12,144 [s1-client-thread1] DEBUG server.RaftServer$Division (LeaderStateImpl.java:addPendingRequest(533)) - s1@group-76E74FC0E99E-LeaderStateImpl: addPendingRequest at RaftClientRequest:client-5FE4B4CCF4A1->s1@group-76E74FC0E99E, cid=180, seq=28, RW, Message:6d3135, entry=(t:1, i:40), STATEMACHINELOGENTRY, 180@client-5FE4B4CCF4A1
2024-01-25 07:58:12,144 [grpc-default-executor-3] DEBUG impl.WatchRequests (WatchRequests.java:updateIndex(150)) - s1@group-76E74FC0E99E-WatchRequests: update MAJORITY_COMMITTED index from 28 to 31
2024-01-25 07:58:12,144 [s1@group-76E74FC0E99E-LeaderStateImpl] DEBUG impl.WatchRequests (WatchRequests.java:updateIndex(150)) - s1@group-76E74FC0E99E-WatchRequests: update MAJORITY index from 34 to 35
2024-01-25 07:58:12,144 [s2@group-76E74FC0E99E-StateMachineUpdater] INFO  impl.SimpleStateMachine4Testing (SimpleStateMachine4Testing.java:applyTransaction(248)) - applyTransaction for log index 27
2024-01-25 07:58:12,144 [s2@group-76E74FC0E99E-StateMachineUpdater] INFO  impl.SimpleStateMachine4Testing (SimpleStateMachine4Testing.java:put(205)) - s2: put 27, m6 -> (t:1, i:27), STATEMACHINELOGENTRY, 171@client-5FE4B4CCF4A1
2024-01-25 07:58:12,144 [s1@group-76E74FC0E99E-StateMachineUpdater] INFO  impl.SimpleStateMachine4Testing (SimpleStateMachine4Testing.java:put(205)) - s1: put 27, m6 -> (t:1, i:27), STATEMACHINELOGENTRY, 171@client-5FE4B4CCF4A1
2024-01-25 07:58:12,144 [s2@group-76E74FC0E99E-StateMachineUpdater] INFO  impl.SimpleStateMachine4Testing (SimpleStateMachine4Testing.java:applyTransaction(248)) - applyTransaction for log index 28
2024-01-25 07:58:12,145 [s1@group-76E74FC0E99E-StateMachineUpdater] INFO  impl.SimpleStateMachine4Testing (SimpleStateMachine4Testing.java:applyTransaction(248)) - applyTransaction for log index 28
2024-01-25 07:58:12,145 [s1@group-76E74FC0E99E-StateMachineUpdater] INFO  impl.SimpleStateMachine4Testing (SimpleStateMachine4Testing.java:put(205)) - s1: put 28, m7 -> (t:1, i:28), STATEMACHINELOGENTRY, 172@client-5FE4B4CCF4A1
2024-01-25 07:58:12,145 [s1@group-76E74FC0E99E-StateMachineUpdater] INFO  impl.SimpleStateMachine4Testing (SimpleStateMachine4Testing.java:applyTransaction(248)) - applyTransaction for log index 29
2024-01-25 07:58:12,145 [s1@group-76E74FC0E99E-StateMachineUpdater] INFO  impl.SimpleStateMachine4Testing (SimpleStateMachine4Testing.java:put(205)) - s1: put 29, m8 -> (t:1, i:29), STATEMACHINELOGENTRY, 173@client-5FE4B4CCF4A1
2024-01-25 07:58:12,145 [s1@group-76E74FC0E99E-StateMachineUpdater] INFO  impl.SimpleStateMachine4Testing (SimpleStateMachine4Testing.java:applyTransaction(248)) - applyTransaction for log index 31
2024-01-25 07:58:12,145 [s1@group-76E74FC0E99E-StateMachineUpdater] INFO  impl.SimpleStateMachine4Testing (SimpleStateMachine4Testing.java:put(205)) - s1: put 31, m9 -> (t:1, i:31), STATEMACHINELOGENTRY, 174@client-5FE4B4CCF4A1
2024-01-25 07:58:12,145 [s1@group-76E74FC0E99E-StateMachineUpdater] INFO  impl.SimpleStateMachine4Testing (SimpleStateMachine4Testing.java:applyTransaction(248)) - applyTransaction for log index 32
2024-01-25 07:58:12,145 [s1@group-76E74FC0E99E-StateMachineUpdater] INFO  impl.SimpleStateMachine4Testing (SimpleStateMachine4Testing.java:put(205)) - s1: put 32, m10 -> (t:1, i:32), STATEMACHINELOGENTRY, 175@client-5FE4B4CCF4A1
2024-01-25 07:58:12,145 [s1@group-76E74FC0E99E-StateMachineUpdater] INFO  impl.SimpleStateMachine4Testing (SimpleStateMachine4Testing.java:applyTransaction(248)) - applyTransaction for log index 33
2024-01-25 07:58:12,146 [s1@group-76E74FC0E99E-StateMachineUpdater] INFO  impl.SimpleStateMachine4Testing (SimpleStateMachine4Testing.java:put(205)) - s1: put 33, m11 -> (t:1, i:33), STATEMACHINELOGENTRY, 176@client-5FE4B4CCF4A1
2024-01-25 07:58:12,146 [s1@group-76E74FC0E99E-StateMachineUpdater] INFO  impl.SimpleStateMachine4Testing (SimpleStateMachine4Testing.java:applyTransaction(248)) - applyTransaction for log index 34
2024-01-25 07:58:12,146 [s1@group-76E74FC0E99E-StateMachineUpdater] INFO  impl.SimpleStateMachine4Testing (SimpleStateMachine4Testing.java:put(205)) - s1: put 34, m12 -> (t:1, i:34), STATEMACHINELOGENTRY, 177@client-5FE4B4CCF4A1
2024-01-25 07:58:12,146 [s1@group-76E74FC0E99E-StateMachineUpdater] INFO  impl.SimpleStateMachine4Testing (SimpleStateMachine4Testing.java:applyTransaction(248)) - applyTransaction for log index 36
2024-01-25 07:58:12,146 [s1@group-76E74FC0E99E-StateMachineUpdater] INFO  impl.SimpleStateMachine4Testing (SimpleStateMachine4Testing.java:put(205)) - s1: put 36, m13 -> (t:1, i:36), STATEMACHINELOGENTRY, 178@client-5FE4B4CCF4A1
2024-01-25 07:58:12,146 [s1@group-76E74FC0E99E-StateMachineUpdater] INFO  impl.SimpleStateMachine4Testing (SimpleStateMachine4Testing.java:applyTransaction(248)) - applyTransaction for log index 38
2024-01-25 07:58:12,146 [s1@group-76E74FC0E99E-StateMachineUpdater] INFO  impl.SimpleStateMachine4Testing (SimpleStateMachine4Testing.java:put(205)) - s1: put 38, m14 -> (t:1, i:38), STATEMACHINELOGENTRY, 179@client-5FE4B4CCF4A1
2024-01-25 07:58:12,144 [s2-server-thread1] DEBUG server.RaftServer$Division (RaftServerImpl.java:logAppendEntries(1520)) - s2@group-76E74FC0E99E: receive appendEntries(s1, 1, (t:1, i:38), 34, false, commits:[s1:c34, s0:c17, s2:c28], cId:119, entries: [(t:1, i:39), METADATAENTRY(c:34)]
2024-01-25 07:58:12,144 [s1-client-thread3] DEBUG server.RaftServer$Division (LeaderStateImpl.java:addWatchRequest(552)) - s1@group-76E74FC0E99E-LeaderStateImpl: addWatchRequest RaftClientRequest:client-5FE4B4CCF4A1->s1@group-76E74FC0E99E, cid=194, seq=null, Watch-ALL(20), Message:<EMPTY>
2024-01-25 07:58:12,145 [s2@group-76E74FC0E99E-StateMachineUpdater] INFO  impl.SimpleStateMachine4Testing (SimpleStateMachine4Testing.java:put(205)) - s2: put 28, m7 -> (t:1, i:28), STATEMACHINELOGENTRY, 172@client-5FE4B4CCF4A1
2024-01-25 07:58:12,144 [s1@group-76E74FC0E99E-LeaderStateImpl] DEBUG impl.WatchRequests (WatchRequests.java:updateIndex(150)) - s1@group-76E74FC0E99E-WatchRequests: update MAJORITY index from 35 to 38
2024-01-25 07:58:12,144 [grpc-default-executor-0] DEBUG client.RaftClient (RaftClientImpl.java:get(158)) - client-5FE4B4CCF4A1: get 201 returns [169]
2024-01-25 07:58:12,147 [grpc-default-executor-0] DEBUG client.RaftClient (RaftClientImpl.java:newRequest(95)) - attempt #1, newRequest RaftClientRequest:client-5FE4B4CCF4A1->s1@group-76E74FC0E99E, cid=201, seq=null, Watch(25), null
2024-01-25 07:58:12,147 [grpc-default-executor-0] DEBUG impl.UnorderedAsync (UnorderedAsync.java:sendRequestWithRetry(80)) - client-5FE4B4CCF4A1: attempt #1 send~ RaftClientRequest:client-5FE4B4CCF4A1->s1@group-76E74FC0E99E, cid=201, seq=null, Watch(25), null
2024-01-25 07:58:12,147 [s1-client-thread1] DEBUG server.RaftServer$Division (RaftServerImpl.java:submitClientRequestAsync(880)) - s1@group-76E74FC0E99E: receive client request(RaftClientRequest:client-5FE4B4CCF4A1->s1@group-76E74FC0E99E, cid=181, seq=29, RW, Message:6d3136)
2024-01-25 07:58:12,147 [grpc-default-executor-0] DEBUG client.RaftClient (RaftClientImpl.java:get(158)) - client-5FE4B4CCF4A1: get 202 returns []
2024-01-25 07:58:12,147 [grpc-default-executor-0] DEBUG client.RaftClient (RaftClientImpl.java:newRequest(95)) - attempt #1, newRequest RaftClientRequest:client-5FE4B4CCF4A1->s1@group-76E74FC0E99E, cid=202, seq=null, Watch-ALL(25), null
2024-01-25 07:58:12,147 [grpc-default-executor-0] DEBUG impl.UnorderedAsync (UnorderedAsync.java:sendRequestWithRetry(80)) - client-5FE4B4CCF4A1: attempt #1 send~ RaftClientRequest:client-5FE4B4CCF4A1->s1@group-76E74FC0E99E, cid=202, seq=null, Watch-ALL(25), null
2024-01-25 07:58:12,147 [grpc-default-executor-0] DEBUG client.RaftClient (RaftClientImpl.java:get(158)) - client-5FE4B4CCF4A1: get 203 returns []
2024-01-25 07:58:12,147 [grpc-default-executor-0] DEBUG client.RaftClient (RaftClientImpl.java:newRequest(95)) - attempt #1, newRequest RaftClientRequest:client-5FE4B4CCF4A1->s1@group-76E74FC0E99E, cid=203, seq=null, Watch-MAJORITY_COMMITTED(25), null
2024-01-25 07:58:12,147 [grpc-default-executor-0] DEBUG impl.UnorderedAsync (UnorderedAsync.java:sendRequestWithRetry(80)) - client-5FE4B4CCF4A1: attempt #1 send~ RaftClientRequest:client-5FE4B4CCF4A1->s1@group-76E74FC0E99E, cid=203, seq=null, Watch-MAJORITY_COMMITTED(25), null
2024-01-25 07:58:12,148 [grpc-default-executor-0] DEBUG client.RaftClient (RaftClientImpl.java:get(158)) - client-5FE4B4CCF4A1: get 204 returns []
2024-01-25 07:58:12,148 [grpc-default-executor-0] DEBUG client.RaftClient (RaftClientImpl.java:newRequest(95)) - attempt #1, newRequest RaftClientRequest:client-5FE4B4CCF4A1->s1@group-76E74FC0E99E, cid=204, seq=null, Watch-ALL_COMMITTED(25), null
2024-01-25 07:58:12,148 [grpc-default-executor-0] DEBUG impl.UnorderedAsync (UnorderedAsync.java:sendRequestWithRetry(80)) - client-5FE4B4CCF4A1: attempt #1 send~ RaftClientRequest:client-5FE4B4CCF4A1->s1@group-76E74FC0E99E, cid=204, seq=null, Watch-ALL_COMMITTED(25), null
2024-01-25 07:58:12,147 [s2@group-76E74FC0E99E-StateMachineUpdater] INFO  impl.SimpleStateMachine4Testing (SimpleStateMachine4Testing.java:applyTransaction(248)) - applyTransaction for log index 29
2024-01-25 07:58:12,147 [s2-server-thread1] DEBUG server.RaftServer$Division (RaftServerImpl.java:logAppendEntries(1520)) - s2@group-76E74FC0E99E: succeeded to handle AppendEntries. Reply: s1<-s2#119:OK-t1,SUCCESS,nextIndex=40,followerCommit=34,matchIndex=39
2024-01-25 07:58:12,148 [grpc-default-executor-0] DEBUG client.RaftClient (RaftClientImpl.java:add(146)) - client-5FE4B4CCF4A1: add replied callId 170
2024-01-25 07:58:12,148 [grpc-default-executor-0] INFO  grpc.TestWatchRequestWithGrpc (WatchRequestTests.java:lambda$sendRequests$0(113)) - SEND_WATCH: message=m5, logIndex=26
2024-01-25 07:58:12,148 [grpc-default-executor-0] DEBUG client.RaftClient (RaftClientImpl.java:get(158)) - client-5FE4B4CCF4A1: get 205 returns [170]
2024-01-25 07:58:12,148 [grpc-default-executor-0] DEBUG client.RaftClient (RaftClientImpl.java:newRequest(95)) - attempt #1, newRequest RaftClientRequest:client-5FE4B4CCF4A1->s1@group-76E74FC0E99E, cid=205, seq=null, Watch(26), null
2024-01-25 07:58:12,148 [grpc-default-executor-0] DEBUG impl.UnorderedAsync (UnorderedAsync.java:sendRequestWithRetry(80)) - client-5FE4B4CCF4A1: attempt #1 send~ RaftClientRequest:client-5FE4B4CCF4A1->s1@group-76E74FC0E99E, cid=205, seq=null, Watch(26), null
2024-01-25 07:58:12,148 [grpc-default-executor-0] DEBUG client.RaftClient (RaftClientImpl.java:get(158)) - client-5FE4B4CCF4A1: get 206 returns []
2024-01-25 07:58:12,148 [grpc-default-executor-0] DEBUG client.RaftClient (RaftClientImpl.java:newRequest(95)) - attempt #1, newRequest RaftClientRequest:client-5FE4B4CCF4A1->s1@group-76E74FC0E99E, cid=206, seq=null, Watch-ALL(26), null
2024-01-25 07:58:12,149 [grpc-default-executor-0] DEBUG impl.UnorderedAsync (UnorderedAsync.java:sendRequestWithRetry(80)) - client-5FE4B4CCF4A1: attempt #1 send~ RaftClientRequest:client-5FE4B4CCF4A1->s1@group-76E74FC0E99E, cid=206, seq=null, Watch-ALL(26), null
2024-01-25 07:58:12,149 [grpc-default-executor-0] DEBUG client.RaftClient (RaftClientImpl.java:get(158)) - client-5FE4B4CCF4A1: get 207 returns []
2024-01-25 07:58:12,149 [grpc-default-executor-0] DEBUG client.RaftClient (RaftClientImpl.java:newRequest(95)) - attempt #1, newRequest RaftClientRequest:client-5FE4B4CCF4A1->s1@group-76E74FC0E99E, cid=207, seq=null, Watch-MAJORITY_COMMITTED(26), null
2024-01-25 07:58:12,149 [grpc-default-executor-0] DEBUG impl.UnorderedAsync (UnorderedAsync.java:sendRequestWithRetry(80)) - client-5FE4B4CCF4A1: attempt #1 send~ RaftClientRequest:client-5FE4B4CCF4A1->s1@group-76E74FC0E99E, cid=207, seq=null, Watch-MAJORITY_COMMITTED(26), null
2024-01-25 07:58:12,149 [grpc-default-executor-0] DEBUG client.RaftClient (RaftClientImpl.java:get(158)) - client-5FE4B4CCF4A1: get 208 returns []
2024-01-25 07:58:12,149 [grpc-default-executor-0] DEBUG client.RaftClient (RaftClientImpl.java:newRequest(95)) - attempt #1, newRequest RaftClientRequest:client-5FE4B4CCF4A1->s1@group-76E74FC0E99E, cid=208, seq=null, Watch-ALL_COMMITTED(26), null
2024-01-25 07:58:12,149 [grpc-default-executor-0] DEBUG impl.UnorderedAsync (UnorderedAsync.java:sendRequestWithRetry(80)) - client-5FE4B4CCF4A1: attempt #1 send~ RaftClientRequest:client-5FE4B4CCF4A1->s1@group-76E74FC0E99E, cid=208, seq=null, Watch-ALL_COMMITTED(26), null
2024-01-25 07:58:12,148 [s2@group-76E74FC0E99E-StateMachineUpdater] INFO  impl.SimpleStateMachine4Testing (SimpleStateMachine4Testing.java:put(205)) - s2: put 29, m8 -> (t:1, i:29), STATEMACHINELOGENTRY, 173@client-5FE4B4CCF4A1
2024-01-25 07:58:12,150 [s2@group-76E74FC0E99E-StateMachineUpdater] INFO  impl.SimpleStateMachine4Testing (SimpleStateMachine4Testing.java:applyTransaction(248)) - applyTransaction for log index 31
2024-01-25 07:58:12,150 [s2@group-76E74FC0E99E-StateMachineUpdater] INFO  impl.SimpleStateMachine4Testing (SimpleStateMachine4Testing.java:put(205)) - s2: put 31, m9 -> (t:1, i:31), STATEMACHINELOGENTRY, 174@client-5FE4B4CCF4A1
2024-01-25 07:58:12,150 [s2@group-76E74FC0E99E-StateMachineUpdater] INFO  impl.SimpleStateMachine4Testing (SimpleStateMachine4Testing.java:applyTransaction(248)) - applyTransaction for log index 32
2024-01-25 07:58:12,150 [s2@group-76E74FC0E99E-StateMachineUpdater] INFO  impl.SimpleStateMachine4Testing (SimpleStateMachine4Testing.java:put(205)) - s2: put 32, m10 -> (t:1, i:32), STATEMACHINELOGENTRY, 175@client-5FE4B4CCF4A1
2024-01-25 07:58:12,150 [s2@group-76E74FC0E99E-StateMachineUpdater] INFO  impl.SimpleStateMachine4Testing (SimpleStateMachine4Testing.java:applyTransaction(248)) - applyTransaction for log index 33
2024-01-25 07:58:12,150 [s2@group-76E74FC0E99E-StateMachineUpdater] INFO  impl.SimpleStateMachine4Testing (SimpleStateMachine4Testing.java:put(205)) - s2: put 33, m11 -> (t:1, i:33), STATEMACHINELOGENTRY, 176@client-5FE4B4CCF4A1
2024-01-25 07:58:12,150 [s2@group-76E74FC0E99E-StateMachineUpdater] INFO  impl.SimpleStateMachine4Testing (SimpleStateMachine4Testing.java:applyTransaction(248)) - applyTransaction for log index 34
2024-01-25 07:58:12,150 [s2@group-76E74FC0E99E-StateMachineUpdater] INFO  impl.SimpleStateMachine4Testing (SimpleStateMachine4Testing.java:put(205)) - s2: put 34, m12 -> (t:1, i:34), STATEMACHINELOGENTRY, 177@client-5FE4B4CCF4A1
2024-01-25 07:58:12,147 [s2-server-thread2] DEBUG server.RaftServer$Division (RaftServerImpl.java:logAppendEntries(1520)) - s2@group-76E74FC0E99E: receive appendEntries(s1, 1, (t:1, i:39), 34, false, commits:[s1:c34, s0:c17, s2:c31], cId:121, entries: [(t:1, i:40), STATEMACHINELOGENTRY, 180@client-5FE4B4CCF4A1]
2024-01-25 07:58:12,147 [s1-client-thread3] DEBUG server.RaftServer$Division (RaftServerImpl.java:submitClientRequestAsync(880)) - s1@group-76E74FC0E99E: receive client request(RaftClientRequest:client-5FE4B4CCF4A1->s1@group-76E74FC0E99E, cid=195, seq=null, Watch-MAJORITY_COMMITTED(20), Message:<EMPTY>)
2024-01-25 07:58:12,151 [s1-client-thread3] DEBUG server.RaftServer$Division (LeaderStateImpl.java:addWatchRequest(552)) - s1@group-76E74FC0E99E-LeaderStateImpl: addWatchRequest RaftClientRequest:client-5FE4B4CCF4A1->s1@group-76E74FC0E99E, cid=195, seq=null, Watch-MAJORITY_COMMITTED(20), Message:<EMPTY>
2024-01-25 07:58:12,148 [s1-client-thread1] DEBUG server.RaftServer$Division (LeaderStateImpl.java:addPendingRequest(533)) - s1@group-76E74FC0E99E-LeaderStateImpl: addPendingRequest at RaftClientRequest:client-5FE4B4CCF4A1->s1@group-76E74FC0E99E, cid=181, seq=29, RW, Message:6d3136, entry=(t:1, i:42), STATEMACHINELOGENTRY, 181@client-5FE4B4CCF4A1
2024-01-25 07:58:12,148 [grpc-default-executor-4] DEBUG impl.WatchRequests (WatchRequests.java:updateIndex(150)) - s1@group-76E74FC0E99E-WatchRequests: update MAJORITY_COMMITTED index from 31 to 34
2024-01-25 07:58:12,151 [s1-client-thread3] DEBUG server.RaftServer$Division (RaftServerImpl.java:submitClientRequestAsync(880)) - s1@group-76E74FC0E99E: receive client request(RaftClientRequest:client-5FE4B4CCF4A1->s1@group-76E74FC0E99E, cid=196, seq=null, Watch-ALL_COMMITTED(20), Message:<EMPTY>)
2024-01-25 07:58:12,151 [grpc-default-executor-0] DEBUG client.RaftClient (RaftClientImpl.java:add(146)) - client-5FE4B4CCF4A1: add replied callId 171
2024-01-25 07:58:12,151 [grpc-default-executor-0] INFO  grpc.TestWatchRequestWithGrpc (WatchRequestTests.java:lambda$sendRequests$0(113)) - SEND_WATCH: message=m6, logIndex=27
2024-01-25 07:58:12,151 [grpc-default-executor-0] DEBUG client.RaftClient (RaftClientImpl.java:get(158)) - client-5FE4B4CCF4A1: get 209 returns [171]
2024-01-25 07:58:12,151 [s1-client-thread3] DEBUG server.RaftServer$Division (LeaderStateImpl.java:addWatchRequest(552)) - s1@group-76E74FC0E99E-LeaderStateImpl: addWatchRequest RaftClientRequest:client-5FE4B4CCF4A1->s1@group-76E74FC0E99E, cid=196, seq=null, Watch-ALL_COMMITTED(20), Message:<EMPTY>
2024-01-25 07:58:12,152 [s2-server-thread2] DEBUG server.RaftServer$Division (RaftServerImpl.java:logAppendEntries(1520)) - s2@group-76E74FC0E99E: succeeded to handle AppendEntries. Reply: s1<-s2#121:OK-t1,SUCCESS,nextIndex=41,followerCommit=34,matchIndex=40
2024-01-25 07:58:12,152 [s1-client-thread3] DEBUG server.RaftServer$Division (RaftServerImpl.java:submitClientRequestAsync(880)) - s1@group-76E74FC0E99E: receive client request(RaftClientRequest:client-5FE4B4CCF4A1->s1@group-76E74FC0E99E, cid=197, seq=null, Watch(22), Message:<EMPTY>)
2024-01-25 07:58:12,152 [s1-client-thread3] DEBUG server.RaftServer$Division (LeaderStateImpl.java:addWatchRequest(552)) - s1@group-76E74FC0E99E-LeaderStateImpl: addWatchRequest RaftClientRequest:client-5FE4B4CCF4A1->s1@group-76E74FC0E99E, cid=197, seq=null, Watch(22), Message:<EMPTY>
2024-01-25 07:58:12,152 [ForkJoinPool.commonPool-worker-3] DEBUG impl.UnorderedAsync (UnorderedAsync.java:lambda$sendRequestWithRetry$4(83)) - client-5FE4B4CCF4A1: attempt #1 receive~ RaftClientReply:client-5FE4B4CCF4A1->s1@group-76E74FC0E99E, cid=195, SUCCESS, logIndex=31, commits[s1:c38, s0:c17, s2:c34]
2024-01-25 07:58:12,152 [s1-client-thread1] DEBUG server.RaftServer$Division (RaftServerImpl.java:submitClientRequestAsync(880)) - s1@group-76E74FC0E99E: receive client request(RaftClientRequest:client-5FE4B4CCF4A1->s1@group-76E74FC0E99E, cid=182, seq=30, RW, Message:6d3137)
2024-01-25 07:58:12,152 [ForkJoinPool.commonPool-worker-3] DEBUG impl.UnorderedAsync (UnorderedAsync.java:lambda$sendRequestWithRetry$4(83)) - client-5FE4B4CCF4A1: attempt #1 receive~ RaftClientReply:client-5FE4B4CCF4A1->s1@group-76E74FC0E99E, cid=197, SUCCESS, logIndex=38, commits[s1:c39, s0:c17, s2:c34]
2024-01-25 07:58:12,151 [grpc-default-executor-0] DEBUG client.RaftClient (RaftClientImpl.java:newRequest(95)) - attempt #1, newRequest RaftClientRequest:client-5FE4B4CCF4A1->s1@group-76E74FC0E99E, cid=209, seq=null, Watch(27), null
2024-01-25 07:58:12,151 [s1@group-76E74FC0E99E-LeaderStateImpl] DEBUG impl.WatchRequests (WatchRequests.java:updateIndex(150)) - s1@group-76E74FC0E99E-WatchRequests: update MAJORITY index from 38 to 39
2024-01-25 07:58:12,153 [grpc-default-executor-0] DEBUG impl.UnorderedAsync (UnorderedAsync.java:sendRequestWithRetry(80)) - client-5FE4B4CCF4A1: attempt #1 send~ RaftClientRequest:client-5FE4B4CCF4A1->s1@group-76E74FC0E99E, cid=209, seq=null, Watch(27), null
2024-01-25 07:58:12,152 [Time-limited test] INFO  grpc.TestWatchRequestWithGrpc (WatchRequestTests.java:get(214)) - majorityCommitted-Watch(20) returns RaftClientReply:client-5FE4B4CCF4A1->s1@group-76E74FC0E99E, cid=195, SUCCESS, logIndex=31, commits[s1:c38, s0:c17, s2:c34]
2024-01-25 07:58:12,152 [s1-client-thread3] DEBUG server.RaftServer$Division (RaftServerImpl.java:submitClientRequestAsync(880)) - s1@group-76E74FC0E99E: receive client request(RaftClientRequest:client-5FE4B4CCF4A1->s1@group-76E74FC0E99E, cid=198, seq=null, Watch-ALL(22), Message:<EMPTY>)
2024-01-25 07:58:12,153 [s1-client-thread1] DEBUG server.RaftServer$Division (LeaderStateImpl.java:addPendingRequest(533)) - s1@group-76E74FC0E99E-LeaderStateImpl: addPendingRequest at RaftClientRequest:client-5FE4B4CCF4A1->s1@group-76E74FC0E99E, cid=182, seq=30, RW, Message:6d3137, entry=(t:1, i:43), STATEMACHINELOGENTRY, 182@client-5FE4B4CCF4A1
2024-01-25 07:58:12,153 [s2-server-thread2] DEBUG server.RaftServer$Division (RaftServerImpl.java:logAppendEntries(1520)) - s2@group-76E74FC0E99E: receive appendEntries(s1, 1, (t:1, i:40), 38, false, commits:[s1:c38, s0:c17, s2:c31], cId:122, entries: [(t:1, i:41), METADATAENTRY(c:38)]
2024-01-25 07:58:12,153 [s1-client-thread3] DEBUG server.RaftServer$Division (LeaderStateImpl.java:addWatchRequest(552)) - s1@group-76E74FC0E99E-LeaderStateImpl: addWatchRequest RaftClientRequest:client-5FE4B4CCF4A1->s1@group-76E74FC0E99E, cid=198, seq=null, Watch-ALL(22), Message:<EMPTY>
2024-01-25 07:58:12,154 [s2-server-thread1] DEBUG server.RaftServer$Division (RaftServerImpl.java:logAppendEntries(1520)) - s2@group-76E74FC0E99E: succeeded to handle AppendEntries. Reply: s1<-s2#122:OK-t1,SUCCESS,nextIndex=42,followerCommit=38,matchIndex=41
2024-01-25 07:58:12,154 [s2-server-thread2] DEBUG server.RaftServer$Division (RaftServerImpl.java:logAppendEntries(1520)) - s2@group-76E74FC0E99E: receive appendEntries(s1, 1, (t:1, i:41), 38, false, commits:[s1:c38, s0:c17, s2:c34], cId:124, entries: [(t:1, i:42), STATEMACHINELOGENTRY, 181@client-5FE4B4CCF4A1]
2024-01-25 07:58:12,154 [s2@group-76E74FC0E99E-StateMachineUpdater] INFO  impl.SimpleStateMachine4Testing (SimpleStateMachine4Testing.java:applyTransaction(248)) - applyTransaction for log index 36
2024-01-25 07:58:12,154 [s2@group-76E74FC0E99E-StateMachineUpdater] INFO  impl.SimpleStateMachine4Testing (SimpleStateMachine4Testing.java:put(205)) - s2: put 36, m13 -> (t:1, i:36), STATEMACHINELOGENTRY, 178@client-5FE4B4CCF4A1
2024-01-25 07:58:12,154 [s1-client-thread1] DEBUG server.RaftServer$Division (RaftServerImpl.java:submitClientRequestAsync(880)) - s1@group-76E74FC0E99E: receive client request(RaftClientRequest:client-5FE4B4CCF4A1->s1@group-76E74FC0E99E, cid=183, seq=31, RW, Message:6d3138)
2024-01-25 07:58:12,154 [grpc-default-executor-0] DEBUG client.RaftClient (RaftClientImpl.java:get(158)) - client-5FE4B4CCF4A1: get 210 returns []
2024-01-25 07:58:12,154 [grpc-default-executor-0] DEBUG client.RaftClient (RaftClientImpl.java:newRequest(95)) - attempt #1, newRequest RaftClientRequest:client-5FE4B4CCF4A1->s1@group-76E74FC0E99E, cid=210, seq=null, Watch-ALL(27), null
2024-01-25 07:58:12,154 [s2-server-thread1] DEBUG server.RaftServer$Division (RaftServerImpl.java:logAppendEntries(1520)) - s2@group-76E74FC0E99E: receive appendEntries(s1, 1, (t:1, i:42), 39, false, commits:[s1:c39, s0:c17, s2:c34], cId:127, entries: [(t:1, i:43), STATEMACHINELOGENTRY, 182@client-5FE4B4CCF4A1]
2024-01-25 07:58:12,154 [s2@group-76E74FC0E99E-StateMachineUpdater] INFO  impl.SimpleStateMachine4Testing (SimpleStateMachine4Testing.java:applyTransaction(248)) - applyTransaction for log index 38
2024-01-25 07:58:12,154 [s2@group-76E74FC0E99E-StateMachineUpdater] INFO  impl.SimpleStateMachine4Testing (SimpleStateMachine4Testing.java:put(205)) - s2: put 38, m14 -> (t:1, i:38), STATEMACHINELOGENTRY, 179@client-5FE4B4CCF4A1
2024-01-25 07:58:12,154 [s2-server-thread2] DEBUG server.RaftServer$Division (RaftServerImpl.java:logAppendEntries(1520)) - s2@group-76E74FC0E99E: succeeded to handle AppendEntries. Reply: s1<-s2#124:OK-t1,SUCCESS,nextIndex=43,followerCommit=38,matchIndex=42
2024-01-25 07:58:12,154 [Time-limited test] INFO  grpc.TestWatchRequestWithGrpc (WatchRequestTests.java:checkMajority(275)) - checkMajority 3: receive RaftClientReply:client-5FE4B4CCF4A1->s1@group-76E74FC0E99E, cid=168, SUCCESS, logIndex=22, commits[s1:c22, s0:c17, s2:c18]
2024-01-25 07:58:12,155 [s1-client-thread1] DEBUG server.RaftServer$Division (LeaderStateImpl.java:addPendingRequest(533)) - s1@group-76E74FC0E99E-LeaderStateImpl: addPendingRequest at RaftClientRequest:client-5FE4B4CCF4A1->s1@group-76E74FC0E99E, cid=183, seq=31, RW, Message:6d3138, entry=(t:1, i:44), STATEMACHINELOGENTRY, 183@client-5FE4B4CCF4A1
2024-01-25 07:58:12,155 [Time-limited test] INFO  grpc.TestWatchRequestWithGrpc (WatchRequestTests.java:get(214)) - majority-Watch(22) returns RaftClientReply:client-5FE4B4CCF4A1->s1@group-76E74FC0E99E, cid=197, SUCCESS, logIndex=38, commits[s1:c39, s0:c17, s2:c34]
2024-01-25 07:58:12,154 [s1-client-thread3] DEBUG server.RaftServer$Division (RaftServerImpl.java:submitClientRequestAsync(880)) - s1@group-76E74FC0E99E: receive client request(RaftClientRequest:client-5FE4B4CCF4A1->s1@group-76E74FC0E99E, cid=199, seq=null, Watch-MAJORITY_COMMITTED(22), Message:<EMPTY>)
2024-01-25 07:58:12,154 [grpc-default-executor-0] DEBUG impl.UnorderedAsync (UnorderedAsync.java:sendRequestWithRetry(80)) - client-5FE4B4CCF4A1: attempt #1 send~ RaftClientRequest:client-5FE4B4CCF4A1->s1@group-76E74FC0E99E, cid=210, seq=null, Watch-ALL(27), null
2024-01-25 07:58:12,155 [s1-client-thread1] DEBUG server.RaftServer$Division (RaftServerImpl.java:submitClientRequestAsync(880)) - s1@group-76E74FC0E99E: receive client request(RaftClientRequest:client-5FE4B4CCF4A1->s1@group-76E74FC0E99E, cid=184, seq=32, RW, Message:6d3139)
2024-01-25 07:58:12,155 [s1-client-thread3] DEBUG server.RaftServer$Division (LeaderStateImpl.java:addWatchRequest(552)) - s1@group-76E74FC0E99E-LeaderStateImpl: addWatchRequest RaftClientRequest:client-5FE4B4CCF4A1->s1@group-76E74FC0E99E, cid=199, seq=null, Watch-MAJORITY_COMMITTED(22), Message:<EMPTY>
2024-01-25 07:58:12,155 [grpc-default-executor-0] DEBUG client.RaftClient (RaftClientImpl.java:get(158)) - client-5FE4B4CCF4A1: get 211 returns []
2024-01-25 07:58:12,155 [s1-client-thread3] DEBUG server.RaftServer$Division (RaftServerImpl.java:submitClientRequestAsync(880)) - s1@group-76E74FC0E99E: receive client request(RaftClientRequest:client-5FE4B4CCF4A1->s1@group-76E74FC0E99E, cid=200, seq=null, Watch-ALL_COMMITTED(22), Message:<EMPTY>)
2024-01-25 07:58:12,155 [grpc-default-executor-0] DEBUG client.RaftClient (RaftClientImpl.java:newRequest(95)) - attempt #1, newRequest RaftClientRequest:client-5FE4B4CCF4A1->s1@group-76E74FC0E99E, cid=211, seq=null, Watch-MAJORITY_COMMITTED(27), null
2024-01-25 07:58:12,155 [ForkJoinPool.commonPool-worker-3] DEBUG impl.UnorderedAsync (UnorderedAsync.java:lambda$sendRequestWithRetry$4(83)) - client-5FE4B4CCF4A1: attempt #1 receive~ RaftClientReply:client-5FE4B4CCF4A1->s1@group-76E74FC0E99E, cid=199, SUCCESS, logIndex=34, commits[s1:c39, s0:c17, s2:c34]
2024-01-25 07:58:12,155 [s1-client-thread1] DEBUG server.RaftServer$Division (LeaderStateImpl.java:addPendingRequest(533)) - s1@group-76E74FC0E99E-LeaderStateImpl: addPendingRequest at RaftClientRequest:client-5FE4B4CCF4A1->s1@group-76E74FC0E99E, cid=184, seq=32, RW, Message:6d3139, entry=(t:1, i:45), STATEMACHINELOGENTRY, 184@client-5FE4B4CCF4A1
2024-01-25 07:58:12,156 [Time-limited test] INFO  grpc.TestWatchRequestWithGrpc (WatchRequestTests.java:get(214)) - majorityCommitted-Watch(22) returns RaftClientReply:client-5FE4B4CCF4A1->s1@group-76E74FC0E99E, cid=199, SUCCESS, logIndex=34, commits[s1:c39, s0:c17, s2:c34]
2024-01-25 07:58:12,155 [s1-client-thread3] DEBUG server.RaftServer$Division (LeaderStateImpl.java:addWatchRequest(552)) - s1@group-76E74FC0E99E-LeaderStateImpl: addWatchRequest RaftClientRequest:client-5FE4B4CCF4A1->s1@group-76E74FC0E99E, cid=200, seq=null, Watch-ALL_COMMITTED(22), Message:<EMPTY>
2024-01-25 07:58:12,156 [Time-limited test] INFO  grpc.TestWatchRequestWithGrpc (WatchRequestTests.java:checkMajority(275)) - checkMajority 4: receive RaftClientReply:client-5FE4B4CCF4A1->s1@group-76E74FC0E99E, cid=169, SUCCESS, logIndex=25, commits[s1:c25, s0:c17, s2:c22]
2024-01-25 07:58:12,156 [s2-server-thread2] DEBUG server.RaftServer$Division (RaftServerImpl.java:logAppendEntries(1520)) - s2@group-76E74FC0E99E: receive appendEntries(s1, 1, (t:1, i:43), 39, false, commits:[s1:c39, s0:c17, s2:c34], cId:128, entries: [(t:1, i:44), STATEMACHINELOGENTRY, 183@client-5FE4B4CCF4A1]
2024-01-25 07:58:12,155 [grpc-default-executor-0] DEBUG impl.UnorderedAsync (UnorderedAsync.java:sendRequestWithRetry(80)) - client-5FE4B4CCF4A1: attempt #1 send~ RaftClientRequest:client-5FE4B4CCF4A1->s1@group-76E74FC0E99E, cid=211, seq=null, Watch-MAJORITY_COMMITTED(27), null
2024-01-25 07:58:12,156 [grpc-default-executor-0] DEBUG client.RaftClient (RaftClientImpl.java:get(158)) - client-5FE4B4CCF4A1: get 212 returns []
2024-01-25 07:58:12,156 [grpc-default-executor-0] DEBUG client.RaftClient (RaftClientImpl.java:newRequest(95)) - attempt #1, newRequest RaftClientRequest:client-5FE4B4CCF4A1->s1@group-76E74FC0E99E, cid=212, seq=null, Watch-ALL_COMMITTED(27), null
2024-01-25 07:58:12,156 [grpc-default-executor-0] DEBUG impl.UnorderedAsync (UnorderedAsync.java:sendRequestWithRetry(80)) - client-5FE4B4CCF4A1: attempt #1 send~ RaftClientRequest:client-5FE4B4CCF4A1->s1@group-76E74FC0E99E, cid=212, seq=null, Watch-ALL_COMMITTED(27), null
2024-01-25 07:58:12,156 [s1-client-thread3] DEBUG server.RaftServer$Division (RaftServerImpl.java:submitClientRequestAsync(880)) - s1@group-76E74FC0E99E: receive client request(RaftClientRequest:client-5FE4B4CCF4A1->s1@group-76E74FC0E99E, cid=201, seq=null, Watch(25), Message:<EMPTY>)
2024-01-25 07:58:12,156 [grpc-default-executor-0] DEBUG client.RaftClient (RaftClientImpl.java:add(146)) - client-5FE4B4CCF4A1: add replied callId 172
2024-01-25 07:58:12,156 [s1-client-thread3] DEBUG server.RaftServer$Division (LeaderStateImpl.java:addWatchRequest(552)) - s1@group-76E74FC0E99E-LeaderStateImpl: addWatchRequest RaftClientRequest:client-5FE4B4CCF4A1->s1@group-76E74FC0E99E, cid=201, seq=null, Watch(25), Message:<EMPTY>
2024-01-25 07:58:12,156 [grpc-default-executor-0] INFO  grpc.TestWatchRequestWithGrpc (WatchRequestTests.java:lambda$sendRequests$0(113)) - SEND_WATCH: message=m7, logIndex=28
2024-01-25 07:58:12,157 [grpc-default-executor-0] DEBUG client.RaftClient (RaftClientImpl.java:get(158)) - client-5FE4B4CCF4A1: get 213 returns [172]
2024-01-25 07:58:12,157 [s1@group-76E74FC0E99E-StateMachineUpdater] INFO  impl.SimpleStateMachine4Testing (SimpleStateMachine4Testing.java:applyTransaction(248)) - applyTransaction for log index 40
2024-01-25 07:58:12,157 [grpc-default-executor-0] DEBUG client.RaftClient (RaftClientImpl.java:newRequest(95)) - attempt #1, newRequest RaftClientRequest:client-5FE4B4CCF4A1->s1@group-76E74FC0E99E, cid=213, seq=null, Watch(28), null
2024-01-25 07:58:12,157 [s1@group-76E74FC0E99E-StateMachineUpdater] INFO  impl.SimpleStateMachine4Testing (SimpleStateMachine4Testing.java:put(205)) - s1: put 40, m15 -> (t:1, i:40), STATEMACHINELOGENTRY, 180@client-5FE4B4CCF4A1
2024-01-25 07:58:12,157 [s1-client-thread3] DEBUG server.RaftServer$Division (RaftServerImpl.java:submitClientRequestAsync(880)) - s1@group-76E74FC0E99E: receive client request(RaftClientRequest:client-5FE4B4CCF4A1->s1@group-76E74FC0E99E, cid=202, seq=null, Watch-ALL(25), Message:<EMPTY>)
2024-01-25 07:58:12,157 [grpc-default-executor-0] DEBUG impl.UnorderedAsync (UnorderedAsync.java:sendRequestWithRetry(80)) - client-5FE4B4CCF4A1: attempt #1 send~ RaftClientRequest:client-5FE4B4CCF4A1->s1@group-76E74FC0E99E, cid=213, seq=null, Watch(28), null
2024-01-25 07:58:12,157 [s1-client-thread3] DEBUG server.RaftServer$Division (LeaderStateImpl.java:addWatchRequest(552)) - s1@group-76E74FC0E99E-LeaderStateImpl: addWatchRequest RaftClientRequest:client-5FE4B4CCF4A1->s1@group-76E74FC0E99E, cid=202, seq=null, Watch-ALL(25), Message:<EMPTY>
2024-01-25 07:58:12,157 [grpc-default-executor-3] DEBUG impl.WatchRequests (WatchRequests.java:updateIndex(150)) - s1@group-76E74FC0E99E-WatchRequests: update MAJORITY_COMMITTED index from 34 to 38
2024-01-25 07:58:12,157 [grpc-default-executor-0] DEBUG client.RaftClient (RaftClientImpl.java:get(158)) - client-5FE4B4CCF4A1: get 214 returns []
2024-01-25 07:58:12,157 [ForkJoinPool.commonPool-worker-3] DEBUG impl.UnorderedAsync (UnorderedAsync.java:lambda$sendRequestWithRetry$4(83)) - client-5FE4B4CCF4A1: attempt #1 receive~ RaftClientReply:client-5FE4B4CCF4A1->s1@group-76E74FC0E99E, cid=201, SUCCESS, logIndex=39, commits[s1:c39, s0:c17, s2:c34]
2024-01-25 07:58:12,157 [grpc-default-executor-0] DEBUG client.RaftClient (RaftClientImpl.java:newRequest(95)) - attempt #1, newRequest RaftClientRequest:client-5FE4B4CCF4A1->s1@group-76E74FC0E99E, cid=214, seq=null, Watch-ALL(28), null
2024-01-25 07:58:12,157 [grpc-default-executor-3] DEBUG impl.WatchRequests (WatchRequests.java:updateIndex(150)) - s1@group-76E74FC0E99E-WatchRequests: update MAJORITY index from 39 to 40
2024-01-25 07:58:12,158 [s2-server-thread2] DEBUG server.RaftServer$Division (RaftServerImpl.java:logAppendEntries(1520)) - s2@group-76E74FC0E99E: receive appendEntries(s1, 1, (t:1, i:44), 39, false, commits:[s1:c39, s0:c17, s2:c34], cId:129, entries: [(t:1, i:45), STATEMACHINELOGENTRY, 184@client-5FE4B4CCF4A1]
2024-01-25 07:58:12,158 [s1@group-76E74FC0E99E-LeaderStateImpl] DEBUG impl.WatchRequests (WatchRequests.java:updateIndex(150)) - s1@group-76E74FC0E99E-WatchRequests: update MAJORITY index from 40 to 41
2024-01-25 07:58:12,158 [s1@group-76E74FC0E99E-LeaderStateImpl] DEBUG impl.WatchRequests (WatchRequests.java:updateIndex(150)) - s1@group-76E74FC0E99E-WatchRequests: update MAJORITY index from 41 to 42
2024-01-25 07:58:12,158 [s1@group-76E74FC0E99E-StateMachineUpdater] INFO  impl.SimpleStateMachine4Testing (SimpleStateMachine4Testing.java:applyTransaction(248)) - applyTransaction for log index 42
2024-01-25 07:58:12,158 [s1@group-76E74FC0E99E-StateMachineUpdater] INFO  impl.SimpleStateMachine4Testing (SimpleStateMachine4Testing.java:put(205)) - s1: put 42, m16 -> (t:1, i:42), STATEMACHINELOGENTRY, 181@client-5FE4B4CCF4A1
2024-01-25 07:58:12,157 [Time-limited test] INFO  grpc.TestWatchRequestWithGrpc (WatchRequestTests.java:get(214)) - majority-Watch(25) returns RaftClientReply:client-5FE4B4CCF4A1->s1@group-76E74FC0E99E, cid=201, SUCCESS, logIndex=39, commits[s1:c39, s0:c17, s2:c34]
2024-01-25 07:58:12,157 [grpc-default-executor-0] DEBUG impl.UnorderedAsync (UnorderedAsync.java:sendRequestWithRetry(80)) - client-5FE4B4CCF4A1: attempt #1 send~ RaftClientRequest:client-5FE4B4CCF4A1->s1@group-76E74FC0E99E, cid=214, seq=null, Watch-ALL(28), null
2024-01-25 07:58:12,157 [s1-client-thread3] DEBUG server.RaftServer$Division (RaftServerImpl.java:submitClientRequestAsync(880)) - s1@group-76E74FC0E99E: receive client request(RaftClientRequest:client-5FE4B4CCF4A1->s1@group-76E74FC0E99E, cid=203, seq=null, Watch-MAJORITY_COMMITTED(25), Message:<EMPTY>)
2024-01-25 07:58:12,159 [s2-server-thread2] DEBUG server.RaftServer$Division (RaftServerImpl.java:logAppendEntries(1520)) - s2@group-76E74FC0E99E: receive appendEntries(s1, 1, (t:1, i:45), 40, false, commits:[s1:c40, s0:c17, s2:c38], cId:130, entries: [(t:1, i:46), METADATAENTRY(c:40)]
2024-01-25 07:58:12,159 [grpc-default-executor-0] DEBUG client.RaftClient (RaftClientImpl.java:get(158)) - client-5FE4B4CCF4A1: get 215 returns []
2024-01-25 07:58:12,159 [grpc-default-executor-0] DEBUG client.RaftClient (RaftClientImpl.java:newRequest(95)) - attempt #1, newRequest RaftClientRequest:client-5FE4B4CCF4A1->s1@group-76E74FC0E99E, cid=215, seq=null, Watch-MAJORITY_COMMITTED(28), null
2024-01-25 07:58:12,159 [s1-client-thread3] DEBUG server.RaftServer$Division (LeaderStateImpl.java:addWatchRequest(552)) - s1@group-76E74FC0E99E-LeaderStateImpl: addWatchRequest RaftClientRequest:client-5FE4B4CCF4A1->s1@group-76E74FC0E99E, cid=203, seq=null, Watch-MAJORITY_COMMITTED(25), Message:<EMPTY>
2024-01-25 07:58:12,159 [grpc-default-executor-0] DEBUG impl.UnorderedAsync (UnorderedAsync.java:sendRequestWithRetry(80)) - client-5FE4B4CCF4A1: attempt #1 send~ RaftClientRequest:client-5FE4B4CCF4A1->s1@group-76E74FC0E99E, cid=215, seq=null, Watch-MAJORITY_COMMITTED(28), null
2024-01-25 07:58:12,159 [s2-server-thread1] DEBUG server.RaftServer$Division (RaftServerImpl.java:logAppendEntries(1520)) - s2@group-76E74FC0E99E: succeeded to handle AppendEntries. Reply: s1<-s2#127:OK-t1,SUCCESS,nextIndex=44,followerCommit=39,matchIndex=43
2024-01-25 07:58:12,160 [grpc-default-executor-0] DEBUG client.RaftClient (RaftClientImpl.java:get(158)) - client-5FE4B4CCF4A1: get 216 returns []
2024-01-25 07:58:12,160 [grpc-default-executor-0] DEBUG client.RaftClient (RaftClientImpl.java:newRequest(95)) - attempt #1, newRequest RaftClientRequest:client-5FE4B4CCF4A1->s1@group-76E74FC0E99E, cid=216, seq=null, Watch-ALL_COMMITTED(28), null
2024-01-25 07:58:12,160 [grpc-default-executor-0] DEBUG impl.UnorderedAsync (UnorderedAsync.java:sendRequestWithRetry(80)) - client-5FE4B4CCF4A1: attempt #1 send~ RaftClientRequest:client-5FE4B4CCF4A1->s1@group-76E74FC0E99E, cid=216, seq=null, Watch-ALL_COMMITTED(28), null
2024-01-25 07:58:12,159 [s2-server-thread3] DEBUG server.RaftServer$Division (RaftServerImpl.java:logAppendEntries(1520)) - s2@group-76E74FC0E99E: succeeded to handle AppendEntries. Reply: s1<-s2#128:OK-t1,SUCCESS,nextIndex=45,followerCommit=39,matchIndex=44
2024-01-25 07:58:12,160 [ForkJoinPool.commonPool-worker-3] DEBUG impl.UnorderedAsync (UnorderedAsync.java:lambda$sendRequestWithRetry$4(83)) - client-5FE4B4CCF4A1: attempt #1 receive~ RaftClientReply:client-5FE4B4CCF4A1->s1@group-76E74FC0E99E, cid=203, SUCCESS, logIndex=38, commits[s1:c42, s0:c17, s2:c38]
2024-01-25 07:58:12,160 [grpc-default-executor-0] DEBUG client.RaftClient (RaftClientImpl.java:add(146)) - client-5FE4B4CCF4A1: add replied callId 173
2024-01-25 07:58:12,160 [Time-limited test] INFO  grpc.TestWatchRequestWithGrpc (WatchRequestTests.java:get(214)) - majorityCommitted-Watch(25) returns RaftClientReply:client-5FE4B4CCF4A1->s1@group-76E74FC0E99E, cid=203, SUCCESS, logIndex=38, commits[s1:c42, s0:c17, s2:c38]
2024-01-25 07:58:12,159 [s1-client-thread3] DEBUG server.RaftServer$Division (RaftServerImpl.java:submitClientRequestAsync(880)) - s1@group-76E74FC0E99E: receive client request(RaftClientRequest:client-5FE4B4CCF4A1->s1@group-76E74FC0E99E, cid=204, seq=null, Watch-ALL_COMMITTED(25), Message:<EMPTY>)
2024-01-25 07:58:12,160 [Time-limited test] INFO  grpc.TestWatchRequestWithGrpc (WatchRequestTests.java:checkMajority(275)) - checkMajority 5: receive RaftClientReply:client-5FE4B4CCF4A1->s1@group-76E74FC0E99E, cid=170, SUCCESS, logIndex=26, commits[s1:c34, s0:c17, s2:c28]
2024-01-25 07:58:12,160 [grpc-default-executor-0] INFO  grpc.TestWatchRequestWithGrpc (WatchRequestTests.java:lambda$sendRequests$0(113)) - SEND_WATCH: message=m8, logIndex=29
2024-01-25 07:58:12,160 [grpc-default-executor-5] DEBUG impl.WatchRequests (WatchRequests.java:updateIndex(150)) - s1@group-76E74FC0E99E-WatchRequests: update MAJORITY_COMMITTED index from 38 to 39
2024-01-25 07:58:12,161 [grpc-default-executor-0] DEBUG client.RaftClient (RaftClientImpl.java:get(158)) - client-5FE4B4CCF4A1: get 217 returns [173]
2024-01-25 07:58:12,160 [s1-client-thread3] DEBUG server.RaftServer$Division (LeaderStateImpl.java:addWatchRequest(552)) - s1@group-76E74FC0E99E-LeaderStateImpl: addWatchRequest RaftClientRequest:client-5FE4B4CCF4A1->s1@group-76E74FC0E99E, cid=204, seq=null, Watch-ALL_COMMITTED(25), Message:<EMPTY>
2024-01-25 07:58:12,161 [grpc-default-executor-0] DEBUG client.RaftClient (RaftClientImpl.java:newRequest(95)) - attempt #1, newRequest RaftClientRequest:client-5FE4B4CCF4A1->s1@group-76E74FC0E99E, cid=217, seq=null, Watch(29), null
2024-01-25 07:58:12,161 [s1@group-76E74FC0E99E-StateMachineUpdater] INFO  impl.SimpleStateMachine4Testing (SimpleStateMachine4Testing.java:applyTransaction(248)) - applyTransaction for log index 43
2024-01-25 07:58:12,161 [s1@group-76E74FC0E99E-LeaderStateImpl] DEBUG impl.WatchRequests (WatchRequests.java:updateIndex(150)) - s1@group-76E74FC0E99E-WatchRequests: update MAJORITY index from 42 to 43
2024-01-25 07:58:12,162 [s1@group-76E74FC0E99E-LeaderStateImpl] DEBUG impl.WatchRequests (WatchRequests.java:updateIndex(150)) - s1@group-76E74FC0E99E-WatchRequests: update MAJORITY index from 43 to 44
2024-01-25 07:58:12,162 [s1@group-76E74FC0E99E-StateMachineUpdater] INFO  impl.SimpleStateMachine4Testing (SimpleStateMachine4Testing.java:put(205)) - s1: put 43, m17 -> (t:1, i:43), STATEMACHINELOGENTRY, 182@client-5FE4B4CCF4A1
2024-01-25 07:58:12,162 [s1@group-76E74FC0E99E-StateMachineUpdater] INFO  impl.SimpleStateMachine4Testing (SimpleStateMachine4Testing.java:applyTransaction(248)) - applyTransaction for log index 44
2024-01-25 07:58:12,162 [s1@group-76E74FC0E99E-StateMachineUpdater] INFO  impl.SimpleStateMachine4Testing (SimpleStateMachine4Testing.java:put(205)) - s1: put 44, m18 -> (t:1, i:44), STATEMACHINELOGENTRY, 183@client-5FE4B4CCF4A1
2024-01-25 07:58:12,162 [grpc-default-executor-0] DEBUG impl.UnorderedAsync (UnorderedAsync.java:sendRequestWithRetry(80)) - client-5FE4B4CCF4A1: attempt #1 send~ RaftClientRequest:client-5FE4B4CCF4A1->s1@group-76E74FC0E99E, cid=217, seq=null, Watch(29), null
2024-01-25 07:58:12,162 [s1-client-thread3] DEBUG server.RaftServer$Division (RaftServerImpl.java:submitClientRequestAsync(880)) - s1@group-76E74FC0E99E: receive client request(RaftClientRequest:client-5FE4B4CCF4A1->s1@group-76E74FC0E99E, cid=205, seq=null, Watch(26), Message:<EMPTY>)
2024-01-25 07:58:12,163 [s1-client-thread3] DEBUG server.RaftServer$Division (LeaderStateImpl.java:addWatchRequest(552)) - s1@group-76E74FC0E99E-LeaderStateImpl: addWatchRequest RaftClientRequest:client-5FE4B4CCF4A1->s1@group-76E74FC0E99E, cid=205, seq=null, Watch(26), Message:<EMPTY>
2024-01-25 07:58:12,163 [grpc-default-executor-0] DEBUG client.RaftClient (RaftClientImpl.java:get(158)) - client-5FE4B4CCF4A1: get 218 returns []
2024-01-25 07:58:12,163 [ForkJoinPool.commonPool-worker-3] DEBUG impl.UnorderedAsync (UnorderedAsync.java:lambda$sendRequestWithRetry$4(83)) - client-5FE4B4CCF4A1: attempt #1 receive~ RaftClientReply:client-5FE4B4CCF4A1->s1@group-76E74FC0E99E, cid=205, SUCCESS, logIndex=44, commits[s1:c44, s0:c17, s2:c39]
2024-01-25 07:58:12,161 [s2-server-thread3] DEBUG server.RaftServer$Division (RaftServerImpl.java:logAppendEntries(1520)) - s2@group-76E74FC0E99E: receive appendEntries(s1, 1, (t:1, i:46), 42, false, commits:[s1:c42, s0:c17, s2:c38], cId:131, entries: [(t:1, i:47), METADATAENTRY(c:42)]
2024-01-25 07:58:12,163 [Time-limited test] INFO  grpc.TestWatchRequestWithGrpc (WatchRequestTests.java:get(214)) - majority-Watch(26) returns RaftClientReply:client-5FE4B4CCF4A1->s1@group-76E74FC0E99E, cid=205, SUCCESS, logIndex=44, commits[s1:c44, s0:c17, s2:c39]
2024-01-25 07:58:12,163 [grpc-default-executor-0] DEBUG client.RaftClient (RaftClientImpl.java:newRequest(95)) - attempt #1, newRequest RaftClientRequest:client-5FE4B4CCF4A1->s1@group-76E74FC0E99E, cid=218, seq=null, Watch-ALL(29), null
2024-01-25 07:58:12,163 [s1-client-thread3] DEBUG server.RaftServer$Division (RaftServerImpl.java:submitClientRequestAsync(880)) - s1@group-76E74FC0E99E: receive client request(RaftClientRequest:client-5FE4B4CCF4A1->s1@group-76E74FC0E99E, cid=206, seq=null, Watch-ALL(26), Message:<EMPTY>)
2024-01-25 07:58:12,164 [s1-client-thread3] DEBUG server.RaftServer$Division (LeaderStateImpl.java:addWatchRequest(552)) - s1@group-76E74FC0E99E-LeaderStateImpl: addWatchRequest RaftClientRequest:client-5FE4B4CCF4A1->s1@group-76E74FC0E99E, cid=206, seq=null, Watch-ALL(26), Message:<EMPTY>
2024-01-25 07:58:12,164 [grpc-default-executor-0] DEBUG impl.UnorderedAsync (UnorderedAsync.java:sendRequestWithRetry(80)) - client-5FE4B4CCF4A1: attempt #1 send~ RaftClientRequest:client-5FE4B4CCF4A1->s1@group-76E74FC0E99E, cid=218, seq=null, Watch-ALL(29), null
2024-01-25 07:58:12,164 [s1-client-thread3] DEBUG server.RaftServer$Division (RaftServerImpl.java:submitClientRequestAsync(880)) - s1@group-76E74FC0E99E: receive client request(RaftClientRequest:client-5FE4B4CCF4A1->s1@group-76E74FC0E99E, cid=207, seq=null, Watch-MAJORITY_COMMITTED(26), Message:<EMPTY>)
2024-01-25 07:58:12,164 [s1-client-thread3] DEBUG server.RaftServer$Division (LeaderStateImpl.java:addWatchRequest(552)) - s1@group-76E74FC0E99E-LeaderStateImpl: addWatchRequest RaftClientRequest:client-5FE4B4CCF4A1->s1@group-76E74FC0E99E, cid=207, seq=null, Watch-MAJORITY_COMMITTED(26), Message:<EMPTY>
2024-01-25 07:58:12,164 [s1-client-thread3] DEBUG server.RaftServer$Division (RaftServerImpl.java:submitClientRequestAsync(880)) - s1@group-76E74FC0E99E: receive client request(RaftClientRequest:client-5FE4B4CCF4A1->s1@group-76E74FC0E99E, cid=208, seq=null, Watch-ALL_COMMITTED(26), Message:<EMPTY>)
2024-01-25 07:58:12,164 [s1-client-thread3] DEBUG server.RaftServer$Division (LeaderStateImpl.java:addWatchRequest(552)) - s1@group-76E74FC0E99E-LeaderStateImpl: addWatchRequest RaftClientRequest:client-5FE4B4CCF4A1->s1@group-76E74FC0E99E, cid=208, seq=null, Watch-ALL_COMMITTED(26), Message:<EMPTY>
2024-01-25 07:58:12,164 [ForkJoinPool.commonPool-worker-3] DEBUG impl.UnorderedAsync (UnorderedAsync.java:lambda$sendRequestWithRetry$4(83)) - client-5FE4B4CCF4A1: attempt #1 receive~ RaftClientReply:client-5FE4B4CCF4A1->s1@group-76E74FC0E99E, cid=207, SUCCESS, logIndex=39, commits[s1:c44, s0:c17, s2:c39]
2024-01-25 07:58:12,165 [s1-client-thread3] DEBUG server.RaftServer$Division (RaftServerImpl.java:submitClientRequestAsync(880)) - s1@group-76E74FC0E99E: receive client request(RaftClientRequest:client-5FE4B4CCF4A1->s1@group-76E74FC0E99E, cid=209, seq=null, Watch(27), Message:<EMPTY>)
2024-01-25 07:58:12,165 [s1-client-thread3] DEBUG server.RaftServer$Division (LeaderStateImpl.java:addWatchRequest(552)) - s1@group-76E74FC0E99E-LeaderStateImpl: addWatchRequest RaftClientRequest:client-5FE4B4CCF4A1->s1@group-76E74FC0E99E, cid=209, seq=null, Watch(27), Message:<EMPTY>
2024-01-25 07:58:12,165 [s2-server-thread3] DEBUG server.RaftServer$Division (RaftServerImpl.java:logAppendEntries(1520)) - s2@group-76E74FC0E99E: receive appendEntries(s1, 1, (t:1, i:47), 43, false, commits:[s1:c43, s0:c17, s2:c39], cId:134, entries: [(t:1, i:48), METADATAENTRY(c:43)]
2024-01-25 07:58:12,165 [s1-client-thread3] DEBUG server.RaftServer$Division (RaftServerImpl.java:submitClientRequestAsync(880)) - s1@group-76E74FC0E99E: receive client request(RaftClientRequest:client-5FE4B4CCF4A1->s1@group-76E74FC0E99E, cid=210, seq=null, Watch-ALL(27), Message:<EMPTY>)
2024-01-25 07:58:12,165 [s1-client-thread3] DEBUG server.RaftServer$Division (LeaderStateImpl.java:addWatchRequest(552)) - s1@group-76E74FC0E99E-LeaderStateImpl: addWatchRequest RaftClientRequest:client-5FE4B4CCF4A1->s1@group-76E74FC0E99E, cid=210, seq=null, Watch-ALL(27), Message:<EMPTY>
2024-01-25 07:58:12,165 [ForkJoinPool.commonPool-worker-3] DEBUG impl.UnorderedAsync (UnorderedAsync.java:lambda$sendRequestWithRetry$4(83)) - client-5FE4B4CCF4A1: attempt #1 receive~ RaftClientReply:client-5FE4B4CCF4A1->s1@group-76E74FC0E99E, cid=209, SUCCESS, logIndex=44, commits[s1:c44, s0:c17, s2:c39]
2024-01-25 07:58:12,165 [s1-client-thread3] DEBUG server.RaftServer$Division (RaftServerImpl.java:submitClientRequestAsync(880)) - s1@group-76E74FC0E99E: receive client request(RaftClientRequest:client-5FE4B4CCF4A1->s1@group-76E74FC0E99E, cid=211, seq=null, Watch-MAJORITY_COMMITTED(27), Message:<EMPTY>)
2024-01-25 07:58:12,165 [s1-client-thread3] DEBUG server.RaftServer$Division (LeaderStateImpl.java:addWatchRequest(552)) - s1@group-76E74FC0E99E-LeaderStateImpl: addWatchRequest RaftClientRequest:client-5FE4B4CCF4A1->s1@group-76E74FC0E99E, cid=211, seq=null, Watch-MAJORITY_COMMITTED(27), Message:<EMPTY>
2024-01-25 07:58:12,166 [s2-server-thread3] DEBUG server.RaftServer$Division (RaftServerImpl.java:logAppendEntries(1520)) - s2@group-76E74FC0E99E: receive appendEntries(s1, 1, (t:1, i:48), 44, false, commits:[s1:c44, s0:c17, s2:c39], cId:136, entries: [(t:1, i:49), METADATAENTRY(c:44)]
2024-01-25 07:58:12,166 [s1-client-thread3] DEBUG server.RaftServer$Division (RaftServerImpl.java:submitClientRequestAsync(880)) - s1@group-76E74FC0E99E: receive client request(RaftClientRequest:client-5FE4B4CCF4A1->s1@group-76E74FC0E99E, cid=212, seq=null, Watch-ALL_COMMITTED(27), Message:<EMPTY>)
2024-01-25 07:58:12,166 [s1-client-thread3] DEBUG server.RaftServer$Division (LeaderStateImpl.java:addWatchRequest(552)) - s1@group-76E74FC0E99E-LeaderStateImpl: addWatchRequest RaftClientRequest:client-5FE4B4CCF4A1->s1@group-76E74FC0E99E, cid=212, seq=null, Watch-ALL_COMMITTED(27), Message:<EMPTY>
2024-01-25 07:58:12,166 [ForkJoinPool.commonPool-worker-3] DEBUG impl.UnorderedAsync (UnorderedAsync.java:lambda$sendRequestWithRetry$4(83)) - client-5FE4B4CCF4A1: attempt #1 receive~ RaftClientReply:client-5FE4B4CCF4A1->s1@group-76E74FC0E99E, cid=211, SUCCESS, logIndex=39, commits[s1:c44, s0:c17, s2:c39]
2024-01-25 07:58:12,166 [s1-client-thread3] DEBUG server.RaftServer$Division (RaftServerImpl.java:submitClientRequestAsync(880)) - s1@group-76E74FC0E99E: receive client request(RaftClientRequest:client-5FE4B4CCF4A1->s1@group-76E74FC0E99E, cid=213, seq=null, Watch(28), Message:<EMPTY>)
2024-01-25 07:58:12,166 [s1-client-thread3] DEBUG server.RaftServer$Division (LeaderStateImpl.java:addWatchRequest(552)) - s1@group-76E74FC0E99E-LeaderStateImpl: addWatchRequest RaftClientRequest:client-5FE4B4CCF4A1->s1@group-76E74FC0E99E, cid=213, seq=null, Watch(28), Message:<EMPTY>
2024-01-25 07:58:12,166 [s1-client-thread3] DEBUG server.RaftServer$Division (RaftServerImpl.java:submitClientRequestAsync(880)) - s1@group-76E74FC0E99E: receive client request(RaftClientRequest:client-5FE4B4CCF4A1->s1@group-76E74FC0E99E, cid=214, seq=null, Watch-ALL(28), Message:<EMPTY>)
2024-01-25 07:58:12,166 [ForkJoinPool.commonPool-worker-3] DEBUG impl.UnorderedAsync (UnorderedAsync.java:lambda$sendRequestWithRetry$4(83)) - client-5FE4B4CCF4A1: attempt #1 receive~ RaftClientReply:client-5FE4B4CCF4A1->s1@group-76E74FC0E99E, cid=213, SUCCESS, logIndex=44, commits[s1:c44, s0:c17, s2:c39]
2024-01-25 07:58:12,166 [grpc-default-executor-0] DEBUG client.RaftClient (RaftClientImpl.java:get(158)) - client-5FE4B4CCF4A1: get 219 returns []
2024-01-25 07:58:12,167 [grpc-default-executor-0] DEBUG client.RaftClient (RaftClientImpl.java:newRequest(95)) - attempt #1, newRequest RaftClientRequest:client-5FE4B4CCF4A1->s1@group-76E74FC0E99E, cid=219, seq=null, Watch-MAJORITY_COMMITTED(29), null
2024-01-25 07:58:12,167 [grpc-default-executor-0] DEBUG impl.UnorderedAsync (UnorderedAsync.java:sendRequestWithRetry(80)) - client-5FE4B4CCF4A1: attempt #1 send~ RaftClientRequest:client-5FE4B4CCF4A1->s1@group-76E74FC0E99E, cid=219, seq=null, Watch-MAJORITY_COMMITTED(29), null
2024-01-25 07:58:12,166 [Time-limited test] INFO  grpc.TestWatchRequestWithGrpc (WatchRequestTests.java:get(214)) - majorityCommitted-Watch(26) returns RaftClientReply:client-5FE4B4CCF4A1->s1@group-76E74FC0E99E, cid=207, SUCCESS, logIndex=39, commits[s1:c44, s0:c17, s2:c39]
2024-01-25 07:58:12,167 [Time-limited test] INFO  grpc.TestWatchRequestWithGrpc (WatchRequestTests.java:checkMajority(275)) - checkMajority 6: receive RaftClientReply:client-5FE4B4CCF4A1->s1@group-76E74FC0E99E, cid=171, SUCCESS, logIndex=27, commits[s1:c38, s0:c17, s2:c31]
2024-01-25 07:58:12,167 [Time-limited test] INFO  grpc.TestWatchRequestWithGrpc (WatchRequestTests.java:get(214)) - majority-Watch(27) returns RaftClientReply:client-5FE4B4CCF4A1->s1@group-76E74FC0E99E, cid=209, SUCCESS, logIndex=44, commits[s1:c44, s0:c17, s2:c39]
2024-01-25 07:58:12,167 [Time-limited test] INFO  grpc.TestWatchRequestWithGrpc (WatchRequestTests.java:get(214)) - majorityCommitted-Watch(27) returns RaftClientReply:client-5FE4B4CCF4A1->s1@group-76E74FC0E99E, cid=211, SUCCESS, logIndex=39, commits[s1:c44, s0:c17, s2:c39]
2024-01-25 07:58:12,167 [Time-limited test] INFO  grpc.TestWatchRequestWithGrpc (WatchRequestTests.java:checkMajority(275)) - checkMajority 7: receive RaftClientReply:client-5FE4B4CCF4A1->s1@group-76E74FC0E99E, cid=172, SUCCESS, logIndex=28, commits[s1:c38, s0:c17, s2:c31]
2024-01-25 07:58:12,167 [Time-limited test] INFO  grpc.TestWatchRequestWithGrpc (WatchRequestTests.java:get(214)) - majority-Watch(28) returns RaftClientReply:client-5FE4B4CCF4A1->s1@group-76E74FC0E99E, cid=213, SUCCESS, logIndex=44, commits[s1:c44, s0:c17, s2:c39]
2024-01-25 07:58:12,166 [s1-client-thread3] DEBUG server.RaftServer$Division (LeaderStateImpl.java:addWatchRequest(552)) - s1@group-76E74FC0E99E-LeaderStateImpl: addWatchRequest RaftClientRequest:client-5FE4B4CCF4A1->s1@group-76E74FC0E99E, cid=214, seq=null, Watch-ALL(28), Message:<EMPTY>
2024-01-25 07:58:12,168 [s1-client-thread3] DEBUG server.RaftServer$Division (RaftServerImpl.java:submitClientRequestAsync(880)) - s1@group-76E74FC0E99E: receive client request(RaftClientRequest:client-5FE4B4CCF4A1->s1@group-76E74FC0E99E, cid=215, seq=null, Watch-MAJORITY_COMMITTED(28), Message:<EMPTY>)
2024-01-25 07:58:12,168 [s1-client-thread3] DEBUG server.RaftServer$Division (LeaderStateImpl.java:addWatchRequest(552)) - s1@group-76E74FC0E99E-LeaderStateImpl: addWatchRequest RaftClientRequest:client-5FE4B4CCF4A1->s1@group-76E74FC0E99E, cid=215, seq=null, Watch-MAJORITY_COMMITTED(28), Message:<EMPTY>
2024-01-25 07:58:12,168 [s1-client-thread3] DEBUG server.RaftServer$Division (RaftServerImpl.java:submitClientRequestAsync(880)) - s1@group-76E74FC0E99E: receive client request(RaftClientRequest:client-5FE4B4CCF4A1->s1@group-76E74FC0E99E, cid=216, seq=null, Watch-ALL_COMMITTED(28), Message:<EMPTY>)
2024-01-25 07:58:12,168 [s1-client-thread3] DEBUG server.RaftServer$Division (LeaderStateImpl.java:addWatchRequest(552)) - s1@group-76E74FC0E99E-LeaderStateImpl: addWatchRequest RaftClientRequest:client-5FE4B4CCF4A1->s1@group-76E74FC0E99E, cid=216, seq=null, Watch-ALL_COMMITTED(28), Message:<EMPTY>
2024-01-25 07:58:12,168 [s1-client-thread3] DEBUG server.RaftServer$Division (RaftServerImpl.java:submitClientRequestAsync(880)) - s1@group-76E74FC0E99E: receive client request(RaftClientRequest:client-5FE4B4CCF4A1->s1@group-76E74FC0E99E, cid=217, seq=null, Watch(29), Message:<EMPTY>)
2024-01-25 07:58:12,169 [ForkJoinPool.commonPool-worker-3] DEBUG impl.UnorderedAsync (UnorderedAsync.java:lambda$sendRequestWithRetry$4(83)) - client-5FE4B4CCF4A1: attempt #1 receive~ RaftClientReply:client-5FE4B4CCF4A1->s1@group-76E74FC0E99E, cid=215, SUCCESS, logIndex=39, commits[s1:c44, s0:c17, s2:c39]
2024-01-25 07:58:12,169 [s1-client-thread3] DEBUG server.RaftServer$Division (LeaderStateImpl.java:addWatchRequest(552)) - s1@group-76E74FC0E99E-LeaderStateImpl: addWatchRequest RaftClientRequest:client-5FE4B4CCF4A1->s1@group-76E74FC0E99E, cid=217, seq=null, Watch(29), Message:<EMPTY>
2024-01-25 07:58:12,169 [s2-server-thread5] DEBUG server.RaftServer$Division (RaftServerImpl.java:logAppendEntries(1520)) - s2@group-76E74FC0E99E: succeeded to handle AppendEntries. Reply: s1<-s2#136:OK-t1,SUCCESS,nextIndex=50,followerCommit=44,matchIndex=49
2024-01-25 07:58:12,169 [s1-client-thread3] DEBUG server.RaftServer$Division (RaftServerImpl.java:submitClientRequestAsync(880)) - s1@group-76E74FC0E99E: receive client request(RaftClientRequest:client-5FE4B4CCF4A1->s1@group-76E74FC0E99E, cid=218, seq=null, Watch-ALL(29), Message:<EMPTY>)
2024-01-25 07:58:12,169 [ForkJoinPool.commonPool-worker-3] DEBUG impl.UnorderedAsync (UnorderedAsync.java:lambda$sendRequestWithRetry$4(83)) - client-5FE4B4CCF4A1: attempt #1 receive~ RaftClientReply:client-5FE4B4CCF4A1->s1@group-76E74FC0E99E, cid=217, SUCCESS, logIndex=44, commits[s1:c44, s0:c17, s2:c39]
2024-01-25 07:58:12,169 [grpc-default-executor-0] DEBUG client.RaftClient (RaftClientImpl.java:get(158)) - client-5FE4B4CCF4A1: get 220 returns []
2024-01-25 07:58:12,170 [grpc-default-executor-0] DEBUG client.RaftClient (RaftClientImpl.java:newRequest(95)) - attempt #1, newRequest RaftClientRequest:client-5FE4B4CCF4A1->s1@group-76E74FC0E99E, cid=220, seq=null, Watch-ALL_COMMITTED(29), null
2024-01-25 07:58:12,169 [s2-server-thread4] DEBUG server.RaftServer$Division (RaftServerImpl.java:logAppendEntries(1520)) - s2@group-76E74FC0E99E: succeeded to handle AppendEntries. Reply: s1<-s2#129:OK-t1,SUCCESS,nextIndex=46,followerCommit=43,matchIndex=45
2024-01-25 07:58:12,169 [s2-server-thread1] DEBUG server.RaftServer$Division (RaftServerImpl.java:logAppendEntries(1520)) - s2@group-76E74FC0E99E: succeeded to handle AppendEntries. Reply: s1<-s2#131:OK-t1,SUCCESS,nextIndex=48,followerCommit=43,matchIndex=47
2024-01-25 07:58:12,169 [s2-server-thread2] DEBUG server.RaftServer$Division (RaftServerImpl.java:logAppendEntries(1520)) - s2@group-76E74FC0E99E: succeeded to handle AppendEntries. Reply: s1<-s2#134:OK-t1,SUCCESS,nextIndex=49,followerCommit=43,matchIndex=48
2024-01-25 07:58:12,169 [s2@group-76E74FC0E99E-StateMachineUpdater] INFO  impl.SimpleStateMachine4Testing (SimpleStateMachine4Testing.java:applyTransaction(248)) - applyTransaction for log index 40
2024-01-25 07:58:12,170 [s2@group-76E74FC0E99E-StateMachineUpdater] INFO  impl.SimpleStateMachine4Testing (SimpleStateMachine4Testing.java:put(205)) - s2: put 40, m15 -> (t:1, i:40), STATEMACHINELOGENTRY, 180@client-5FE4B4CCF4A1
2024-01-25 07:58:12,170 [s2@group-76E74FC0E99E-StateMachineUpdater] INFO  impl.SimpleStateMachine4Testing (SimpleStateMachine4Testing.java:applyTransaction(248)) - applyTransaction for log index 42
2024-01-25 07:58:12,170 [s2@group-76E74FC0E99E-StateMachineUpdater] INFO  impl.SimpleStateMachine4Testing (SimpleStateMachine4Testing.java:put(205)) - s2: put 42, m16 -> (t:1, i:42), STATEMACHINELOGENTRY, 181@client-5FE4B4CCF4A1
2024-01-25 07:58:12,169 [s2-server-thread3] DEBUG server.RaftServer$Division (RaftServerImpl.java:logAppendEntries(1520)) - s2@group-76E74FC0E99E: succeeded to handle AppendEntries. Reply: s1<-s2#130:OK-t1,SUCCESS,nextIndex=47,followerCommit=40,matchIndex=46
2024-01-25 07:58:12,170 [s2@group-76E74FC0E99E-StateMachineUpdater] INFO  impl.SimpleStateMachine4Testing (SimpleStateMachine4Testing.java:applyTransaction(248)) - applyTransaction for log index 43
2024-01-25 07:58:12,171 [s2@group-76E74FC0E99E-StateMachineUpdater] INFO  impl.SimpleStateMachine4Testing (SimpleStateMachine4Testing.java:put(205)) - s2: put 43, m17 -> (t:1, i:43), STATEMACHINELOGENTRY, 182@client-5FE4B4CCF4A1
2024-01-25 07:58:12,171 [s2@group-76E74FC0E99E-StateMachineUpdater] INFO  impl.SimpleStateMachine4Testing (SimpleStateMachine4Testing.java:applyTransaction(248)) - applyTransaction for log index 44
2024-01-25 07:58:12,171 [s2@group-76E74FC0E99E-StateMachineUpdater] INFO  impl.SimpleStateMachine4Testing (SimpleStateMachine4Testing.java:put(205)) - s2: put 44, m18 -> (t:1, i:44), STATEMACHINELOGENTRY, 183@client-5FE4B4CCF4A1
2024-01-25 07:58:12,170 [grpc-default-executor-3] DEBUG impl.WatchRequests (WatchRequests.java:updateIndex(150)) - s1@group-76E74FC0E99E-WatchRequests: update MAJORITY_COMMITTED index from 39 to 43
2024-01-25 07:58:12,170 [grpc-default-executor-0] DEBUG impl.UnorderedAsync (UnorderedAsync.java:sendRequestWithRetry(80)) - client-5FE4B4CCF4A1: attempt #1 send~ RaftClientRequest:client-5FE4B4CCF4A1->s1@group-76E74FC0E99E, cid=220, seq=null, Watch-ALL_COMMITTED(29), null
2024-01-25 07:58:12,172 [s1@group-76E74FC0E99E-LeaderStateImpl] DEBUG impl.WatchRequests (WatchRequests.java:updateIndex(150)) - s1@group-76E74FC0E99E-WatchRequests: update MAJORITY index from 44 to 45
2024-01-25 07:58:12,169 [Time-limited test] INFO  grpc.TestWatchRequestWithGrpc (WatchRequestTests.java:get(214)) - majorityCommitted-Watch(28) returns RaftClientReply:client-5FE4B4CCF4A1->s1@group-76E74FC0E99E, cid=215, SUCCESS, logIndex=39, commits[s1:c44, s0:c17, s2:c39]
2024-01-25 07:58:12,172 [Time-limited test] INFO  grpc.TestWatchRequestWithGrpc (WatchRequestTests.java:checkMajority(275)) - checkMajority 8: receive RaftClientReply:client-5FE4B4CCF4A1->s1@group-76E74FC0E99E, cid=173, SUCCESS, logIndex=29, commits[s1:c38, s0:c17, s2:c31]
2024-01-25 07:58:12,169 [s1-client-thread3] DEBUG server.RaftServer$Division (LeaderStateImpl.java:addWatchRequest(552)) - s1@group-76E74FC0E99E-LeaderStateImpl: addWatchRequest RaftClientRequest:client-5FE4B4CCF4A1->s1@group-76E74FC0E99E, cid=218, seq=null, Watch-ALL(29), Message:<EMPTY>
2024-01-25 07:58:12,171 [s1@group-76E74FC0E99E-StateMachineUpdater] INFO  impl.SimpleStateMachine4Testing (SimpleStateMachine4Testing.java:applyTransaction(248)) - applyTransaction for log index 45
2024-01-25 07:58:12,172 [s1@group-76E74FC0E99E-StateMachineUpdater] INFO  impl.SimpleStateMachine4Testing (SimpleStateMachine4Testing.java:put(205)) - s1: put 45, m19 -> (t:1, i:45), STATEMACHINELOGENTRY, 184@client-5FE4B4CCF4A1
2024-01-25 07:58:12,172 [s2-server-thread3] DEBUG server.RaftServer$Division (RaftServerImpl.java:logAppendEntries(1520)) - s2@group-76E74FC0E99E: receive appendEntries(s1, 1, (t:1, i:49), 45, false, commits:[s1:c45, s0:c17, s2:c43], cId:138, entries: [(t:1, i:50), METADATAENTRY(c:45)]
2024-01-25 07:58:12,172 [s1@group-76E74FC0E99E-LeaderStateImpl] DEBUG impl.WatchRequests (WatchRequests.java:updateIndex(150)) - s1@group-76E74FC0E99E-WatchRequests: update MAJORITY index from 45 to 46
2024-01-25 07:58:12,173 [s2-server-thread3] DEBUG server.RaftServer$Division (RaftServerImpl.java:logAppendEntries(1520)) - s2@group-76E74FC0E99E: succeeded to handle AppendEntries. Reply: s1<-s2#138:OK-t1,SUCCESS,nextIndex=51,followerCommit=45,matchIndex=50
2024-01-25 07:58:12,173 [s2@group-76E74FC0E99E-StateMachineUpdater] INFO  impl.SimpleStateMachine4Testing (SimpleStateMachine4Testing.java:applyTransaction(248)) - applyTransaction for log index 45
2024-01-25 07:58:12,173 [s2@group-76E74FC0E99E-StateMachineUpdater] INFO  impl.SimpleStateMachine4Testing (SimpleStateMachine4Testing.java:put(205)) - s2: put 45, m19 -> (t:1, i:45), STATEMACHINELOGENTRY, 184@client-5FE4B4CCF4A1
2024-01-25 07:58:12,173 [Time-limited test] INFO  grpc.TestWatchRequestWithGrpc (WatchRequestTests.java:get(214)) - majority-Watch(29) returns RaftClientReply:client-5FE4B4CCF4A1->s1@group-76E74FC0E99E, cid=217, SUCCESS, logIndex=44, commits[s1:c44, s0:c17, s2:c39]
2024-01-25 07:58:12,173 [s1@group-76E74FC0E99E-LeaderStateImpl] DEBUG impl.WatchRequests (WatchRequests.java:updateIndex(150)) - s1@group-76E74FC0E99E-WatchRequests: update MAJORITY index from 46 to 47
2024-01-25 07:58:12,173 [grpc-default-executor-0] DEBUG client.RaftClient (RaftClientImpl.java:add(146)) - client-5FE4B4CCF4A1: add replied callId 174
2024-01-25 07:58:12,173 [grpc-default-executor-0] INFO  grpc.TestWatchRequestWithGrpc (WatchRequestTests.java:lambda$sendRequests$0(113)) - SEND_WATCH: message=m9, logIndex=31
2024-01-25 07:58:12,173 [grpc-default-executor-0] DEBUG client.RaftClient (RaftClientImpl.java:get(158)) - client-5FE4B4CCF4A1: get 221 returns [174]
2024-01-25 07:58:12,173 [grpc-default-executor-0] DEBUG client.RaftClient (RaftClientImpl.java:newRequest(95)) - attempt #1, newRequest RaftClientRequest:client-5FE4B4CCF4A1->s1@group-76E74FC0E99E, cid=221, seq=null, Watch(31), null
2024-01-25 07:58:12,173 [grpc-default-executor-0] DEBUG impl.UnorderedAsync (UnorderedAsync.java:sendRequestWithRetry(80)) - client-5FE4B4CCF4A1: attempt #1 send~ RaftClientRequest:client-5FE4B4CCF4A1->s1@group-76E74FC0E99E, cid=221, seq=null, Watch(31), null
2024-01-25 07:58:12,173 [s1-client-thread3] DEBUG server.RaftServer$Division (RaftServerImpl.java:submitClientRequestAsync(880)) - s1@group-76E74FC0E99E: receive client request(RaftClientRequest:client-5FE4B4CCF4A1->s1@group-76E74FC0E99E, cid=219, seq=null, Watch-MAJORITY_COMMITTED(29), Message:<EMPTY>)
2024-01-25 07:58:12,174 [s1-client-thread3] DEBUG server.RaftServer$Division (LeaderStateImpl.java:addWatchRequest(552)) - s1@group-76E74FC0E99E-LeaderStateImpl: addWatchRequest RaftClientRequest:client-5FE4B4CCF4A1->s1@group-76E74FC0E99E, cid=219, seq=null, Watch-MAJORITY_COMMITTED(29), Message:<EMPTY>
2024-01-25 07:58:12,173 [grpc-default-executor-5] DEBUG impl.WatchRequests (WatchRequests.java:updateIndex(150)) - s1@group-76E74FC0E99E-WatchRequests: update MAJORITY_COMMITTED index from 43 to 44
2024-01-25 07:58:12,174 [s1@group-76E74FC0E99E-LeaderStateImpl] DEBUG impl.WatchRequests (WatchRequests.java:updateIndex(150)) - s1@group-76E74FC0E99E-WatchRequests: update MAJORITY index from 47 to 48
2024-01-25 07:58:12,174 [grpc-default-executor-2] DEBUG impl.WatchRequests (WatchRequests.java:updateIndex(150)) - s1@group-76E74FC0E99E-WatchRequests: update MAJORITY_COMMITTED index from 44 to 45
2024-01-25 07:58:12,174 [ForkJoinPool.commonPool-worker-3] DEBUG impl.UnorderedAsync (UnorderedAsync.java:lambda$sendRequestWithRetry$4(83)) - client-5FE4B4CCF4A1: attempt #1 receive~ RaftClientReply:client-5FE4B4CCF4A1->s1@group-76E74FC0E99E, cid=219, SUCCESS, logIndex=43, commits[s1:c48, s0:c17, s2:c44]
2024-01-25 07:58:12,174 [s1@group-76E74FC0E99E-LeaderStateImpl] DEBUG impl.WatchRequests (WatchRequests.java:updateIndex(150)) - s1@group-76E74FC0E99E-WatchRequests: update MAJORITY index from 48 to 49
2024-01-25 07:58:12,174 [s1-client-thread3] DEBUG server.RaftServer$Division (RaftServerImpl.java:submitClientRequestAsync(880)) - s1@group-76E74FC0E99E: receive client request(RaftClientRequest:client-5FE4B4CCF4A1->s1@group-76E74FC0E99E, cid=220, seq=null, Watch-ALL_COMMITTED(29), Message:<EMPTY>)
2024-01-25 07:58:12,174 [s1-client-thread3] DEBUG server.RaftServer$Division (LeaderStateImpl.java:addWatchRequest(552)) - s1@group-76E74FC0E99E-LeaderStateImpl: addWatchRequest RaftClientRequest:client-5FE4B4CCF4A1->s1@group-76E74FC0E99E, cid=220, seq=null, Watch-ALL_COMMITTED(29), Message:<EMPTY>
2024-01-25 07:58:12,174 [s1@group-76E74FC0E99E-LeaderStateImpl] DEBUG impl.WatchRequests (WatchRequests.java:updateIndex(150)) - s1@group-76E74FC0E99E-WatchRequests: update MAJORITY index from 49 to 50
2024-01-25 07:58:12,175 [s1-client-thread3] DEBUG server.RaftServer$Division (RaftServerImpl.java:submitClientRequestAsync(880)) - s1@group-76E74FC0E99E: receive client request(RaftClientRequest:client-5FE4B4CCF4A1->s1@group-76E74FC0E99E, cid=221, seq=null, Watch(31), Message:<EMPTY>)
2024-01-25 07:58:12,175 [s1-client-thread3] DEBUG server.RaftServer$Division (LeaderStateImpl.java:addWatchRequest(552)) - s1@group-76E74FC0E99E-LeaderStateImpl: addWatchRequest RaftClientRequest:client-5FE4B4CCF4A1->s1@group-76E74FC0E99E, cid=221, seq=null, Watch(31), Message:<EMPTY>
2024-01-25 07:58:12,175 [Time-limited test] INFO  grpc.TestWatchRequestWithGrpc (WatchRequestTests.java:get(214)) - majorityCommitted-Watch(29) returns RaftClientReply:client-5FE4B4CCF4A1->s1@group-76E74FC0E99E, cid=219, SUCCESS, logIndex=43, commits[s1:c48, s0:c17, s2:c44]
2024-01-25 07:58:12,175 [Time-limited test] INFO  grpc.TestWatchRequestWithGrpc (WatchRequestTests.java:checkMajority(275)) - checkMajority 9: receive RaftClientReply:client-5FE4B4CCF4A1->s1@group-76E74FC0E99E, cid=174, SUCCESS, logIndex=31, commits[s1:c38, s0:c17, s2:c31]
2024-01-25 07:58:12,175 [ForkJoinPool.commonPool-worker-3] DEBUG impl.UnorderedAsync (UnorderedAsync.java:lambda$sendRequestWithRetry$4(83)) - client-5FE4B4CCF4A1: attempt #1 receive~ RaftClientReply:client-5FE4B4CCF4A1->s1@group-76E74FC0E99E, cid=221, SUCCESS, logIndex=50, commits[s1:c50, s0:c17, s2:c45]
2024-01-25 07:58:12,175 [grpc-default-executor-0] DEBUG client.RaftClient (RaftClientImpl.java:get(158)) - client-5FE4B4CCF4A1: get 222 returns []
2024-01-25 07:58:12,176 [grpc-default-executor-0] DEBUG client.RaftClient (RaftClientImpl.java:newRequest(95)) - attempt #1, newRequest RaftClientRequest:client-5FE4B4CCF4A1->s1@group-76E74FC0E99E, cid=222, seq=null, Watch-ALL(31), null
2024-01-25 07:58:12,176 [grpc-default-executor-0] DEBUG impl.UnorderedAsync (UnorderedAsync.java:sendRequestWithRetry(80)) - client-5FE4B4CCF4A1: attempt #1 send~ RaftClientRequest:client-5FE4B4CCF4A1->s1@group-76E74FC0E99E, cid=222, seq=null, Watch-ALL(31), null
2024-01-25 07:58:12,176 [grpc-default-executor-0] DEBUG client.RaftClient (RaftClientImpl.java:get(158)) - client-5FE4B4CCF4A1: get 223 returns []
2024-01-25 07:58:12,176 [s1-client-thread3] DEBUG server.RaftServer$Division (RaftServerImpl.java:submitClientRequestAsync(880)) - s1@group-76E74FC0E99E: receive client request(RaftClientRequest:client-5FE4B4CCF4A1->s1@group-76E74FC0E99E, cid=222, seq=null, Watch-ALL(31), Message:<EMPTY>)
2024-01-25 07:58:12,176 [s1-client-thread3] DEBUG server.RaftServer$Division (LeaderStateImpl.java:addWatchRequest(552)) - s1@group-76E74FC0E99E-LeaderStateImpl: addWatchRequest RaftClientRequest:client-5FE4B4CCF4A1->s1@group-76E74FC0E99E, cid=222, seq=null, Watch-ALL(31), Message:<EMPTY>
2024-01-25 07:58:12,176 [grpc-default-executor-0] DEBUG client.RaftClient (RaftClientImpl.java:newRequest(95)) - attempt #1, newRequest RaftClientRequest:client-5FE4B4CCF4A1->s1@group-76E74FC0E99E, cid=223, seq=null, Watch-MAJORITY_COMMITTED(31), null
2024-01-25 07:58:12,177 [grpc-default-executor-0] DEBUG impl.UnorderedAsync (UnorderedAsync.java:sendRequestWithRetry(80)) - client-5FE4B4CCF4A1: attempt #1 send~ RaftClientRequest:client-5FE4B4CCF4A1->s1@group-76E74FC0E99E, cid=223, seq=null, Watch-MAJORITY_COMMITTED(31), null
2024-01-25 07:58:12,177 [grpc-default-executor-0] DEBUG client.RaftClient (RaftClientImpl.java:get(158)) - client-5FE4B4CCF4A1: get 224 returns []
2024-01-25 07:58:12,177 [s1-client-thread3] DEBUG server.RaftServer$Division (RaftServerImpl.java:submitClientRequestAsync(880)) - s1@group-76E74FC0E99E: receive client request(RaftClientRequest:client-5FE4B4CCF4A1->s1@group-76E74FC0E99E, cid=223, seq=null, Watch-MAJORITY_COMMITTED(31), Message:<EMPTY>)
2024-01-25 07:58:12,177 [s1-client-thread3] DEBUG server.RaftServer$Division (LeaderStateImpl.java:addWatchRequest(552)) - s1@group-76E74FC0E99E-LeaderStateImpl: addWatchRequest RaftClientRequest:client-5FE4B4CCF4A1->s1@group-76E74FC0E99E, cid=223, seq=null, Watch-MAJORITY_COMMITTED(31), Message:<EMPTY>
2024-01-25 07:58:12,177 [grpc-default-executor-0] DEBUG client.RaftClient (RaftClientImpl.java:newRequest(95)) - attempt #1, newRequest RaftClientRequest:client-5FE4B4CCF4A1->s1@group-76E74FC0E99E, cid=224, seq=null, Watch-ALL_COMMITTED(31), null
2024-01-25 07:58:12,177 [grpc-default-executor-0] DEBUG impl.UnorderedAsync (UnorderedAsync.java:sendRequestWithRetry(80)) - client-5FE4B4CCF4A1: attempt #1 send~ RaftClientRequest:client-5FE4B4CCF4A1->s1@group-76E74FC0E99E, cid=224, seq=null, Watch-ALL_COMMITTED(31), null
2024-01-25 07:58:12,177 [ForkJoinPool.commonPool-worker-3] DEBUG impl.UnorderedAsync (UnorderedAsync.java:lambda$sendRequestWithRetry$4(83)) - client-5FE4B4CCF4A1: attempt #1 receive~ RaftClientReply:client-5FE4B4CCF4A1->s1@group-76E74FC0E99E, cid=223, SUCCESS, logIndex=45, commits[s1:c50, s0:c17, s2:c45]
2024-01-25 07:58:12,178 [s1-client-thread3] DEBUG server.RaftServer$Division (RaftServerImpl.java:submitClientRequestAsync(880)) - s1@group-76E74FC0E99E: receive client request(RaftClientRequest:client-5FE4B4CCF4A1->s1@group-76E74FC0E99E, cid=224, seq=null, Watch-ALL_COMMITTED(31), Message:<EMPTY>)
2024-01-25 07:58:12,178 [s1-client-thread3] DEBUG server.RaftServer$Division (LeaderStateImpl.java:addWatchRequest(552)) - s1@group-76E74FC0E99E-LeaderStateImpl: addWatchRequest RaftClientRequest:client-5FE4B4CCF4A1->s1@group-76E74FC0E99E, cid=224, seq=null, Watch-ALL_COMMITTED(31), Message:<EMPTY>
2024-01-25 07:58:12,178 [Time-limited test] INFO  grpc.TestWatchRequestWithGrpc (WatchRequestTests.java:get(214)) - majority-Watch(31) returns RaftClientReply:client-5FE4B4CCF4A1->s1@group-76E74FC0E99E, cid=221, SUCCESS, logIndex=50, commits[s1:c50, s0:c17, s2:c45]
2024-01-25 07:58:12,178 [Time-limited test] INFO  grpc.TestWatchRequestWithGrpc (WatchRequestTests.java:get(214)) - majorityCommitted-Watch(31) returns RaftClientReply:client-5FE4B4CCF4A1->s1@group-76E74FC0E99E, cid=223, SUCCESS, logIndex=45, commits[s1:c50, s0:c17, s2:c45]
2024-01-25 07:58:12,178 [grpc-default-executor-0] DEBUG client.RaftClient (RaftClientImpl.java:add(146)) - client-5FE4B4CCF4A1: add replied callId 175
2024-01-25 07:58:12,178 [grpc-default-executor-0] INFO  grpc.TestWatchRequestWithGrpc (WatchRequestTests.java:lambda$sendRequests$0(113)) - SEND_WATCH: message=m10, logIndex=32
2024-01-25 07:58:12,178 [grpc-default-executor-0] DEBUG client.RaftClient (RaftClientImpl.java:get(158)) - client-5FE4B4CCF4A1: get 225 returns [175]
2024-01-25 07:58:12,179 [grpc-default-executor-0] DEBUG client.RaftClient (RaftClientImpl.java:newRequest(95)) - attempt #1, newRequest RaftClientRequest:client-5FE4B4CCF4A1->s1@group-76E74FC0E99E, cid=225, seq=null, Watch(32), null
2024-01-25 07:58:12,179 [grpc-default-executor-0] DEBUG impl.UnorderedAsync (UnorderedAsync.java:sendRequestWithRetry(80)) - client-5FE4B4CCF4A1: attempt #1 send~ RaftClientRequest:client-5FE4B4CCF4A1->s1@group-76E74FC0E99E, cid=225, seq=null, Watch(32), null
2024-01-25 07:58:12,179 [s1-client-thread3] DEBUG server.RaftServer$Division (RaftServerImpl.java:submitClientRequestAsync(880)) - s1@group-76E74FC0E99E: receive client request(RaftClientRequest:client-5FE4B4CCF4A1->s1@group-76E74FC0E99E, cid=225, seq=null, Watch(32), Message:<EMPTY>)
2024-01-25 07:58:12,179 [s1-client-thread3] DEBUG server.RaftServer$Division (LeaderStateImpl.java:addWatchRequest(552)) - s1@group-76E74FC0E99E-LeaderStateImpl: addWatchRequest RaftClientRequest:client-5FE4B4CCF4A1->s1@group-76E74FC0E99E, cid=225, seq=null, Watch(32), Message:<EMPTY>
2024-01-25 07:58:12,179 [grpc-default-executor-0] DEBUG client.RaftClient (RaftClientImpl.java:get(158)) - client-5FE4B4CCF4A1: get 226 returns []
2024-01-25 07:58:12,179 [grpc-default-executor-0] DEBUG client.RaftClient (RaftClientImpl.java:newRequest(95)) - attempt #1, newRequest RaftClientRequest:client-5FE4B4CCF4A1->s1@group-76E74FC0E99E, cid=226, seq=null, Watch-ALL(32), null
2024-01-25 07:58:12,179 [ForkJoinPool.commonPool-worker-3] DEBUG impl.UnorderedAsync (UnorderedAsync.java:lambda$sendRequestWithRetry$4(83)) - client-5FE4B4CCF4A1: attempt #1 receive~ RaftClientReply:client-5FE4B4CCF4A1->s1@group-76E74FC0E99E, cid=225, SUCCESS, logIndex=50, commits[s1:c50, s0:c17, s2:c45]
2024-01-25 07:58:12,179 [grpc-default-executor-0] DEBUG impl.UnorderedAsync (UnorderedAsync.java:sendRequestWithRetry(80)) - client-5FE4B4CCF4A1: attempt #1 send~ RaftClientRequest:client-5FE4B4CCF4A1->s1@group-76E74FC0E99E, cid=226, seq=null, Watch-ALL(32), null
2024-01-25 07:58:12,180 [grpc-default-executor-0] DEBUG client.RaftClient (RaftClientImpl.java:get(158)) - client-5FE4B4CCF4A1: get 227 returns []
2024-01-25 07:58:12,180 [s1-client-thread3] DEBUG server.RaftServer$Division (RaftServerImpl.java:submitClientRequestAsync(880)) - s1@group-76E74FC0E99E: receive client request(RaftClientRequest:client-5FE4B4CCF4A1->s1@group-76E74FC0E99E, cid=226, seq=null, Watch-ALL(32), Message:<EMPTY>)
2024-01-25 07:58:12,180 [s1-client-thread3] DEBUG server.RaftServer$Division (LeaderStateImpl.java:addWatchRequest(552)) - s1@group-76E74FC0E99E-LeaderStateImpl: addWatchRequest RaftClientRequest:client-5FE4B4CCF4A1->s1@group-76E74FC0E99E, cid=226, seq=null, Watch-ALL(32), Message:<EMPTY>
2024-01-25 07:58:12,180 [grpc-default-executor-0] DEBUG client.RaftClient (RaftClientImpl.java:newRequest(95)) - attempt #1, newRequest RaftClientRequest:client-5FE4B4CCF4A1->s1@group-76E74FC0E99E, cid=227, seq=null, Watch-MAJORITY_COMMITTED(32), null
2024-01-25 07:58:12,180 [grpc-default-executor-0] DEBUG impl.UnorderedAsync (UnorderedAsync.java:sendRequestWithRetry(80)) - client-5FE4B4CCF4A1: attempt #1 send~ RaftClientRequest:client-5FE4B4CCF4A1->s1@group-76E74FC0E99E, cid=227, seq=null, Watch-MAJORITY_COMMITTED(32), null
2024-01-25 07:58:12,180 [grpc-default-executor-0] DEBUG client.RaftClient (RaftClientImpl.java:get(158)) - client-5FE4B4CCF4A1: get 228 returns []
2024-01-25 07:58:12,181 [s1-client-thread3] DEBUG server.RaftServer$Division (RaftServerImpl.java:submitClientRequestAsync(880)) - s1@group-76E74FC0E99E: receive client request(RaftClientRequest:client-5FE4B4CCF4A1->s1@group-76E74FC0E99E, cid=227, seq=null, Watch-MAJORITY_COMMITTED(32), Message:<EMPTY>)
2024-01-25 07:58:12,181 [s1-client-thread3] DEBUG server.RaftServer$Division (LeaderStateImpl.java:addWatchRequest(552)) - s1@group-76E74FC0E99E-LeaderStateImpl: addWatchRequest RaftClientRequest:client-5FE4B4CCF4A1->s1@group-76E74FC0E99E, cid=227, seq=null, Watch-MAJORITY_COMMITTED(32), Message:<EMPTY>
2024-01-25 07:58:12,181 [grpc-default-executor-0] DEBUG client.RaftClient (RaftClientImpl.java:newRequest(95)) - attempt #1, newRequest RaftClientRequest:client-5FE4B4CCF4A1->s1@group-76E74FC0E99E, cid=228, seq=null, Watch-ALL_COMMITTED(32), null
2024-01-25 07:58:12,181 [grpc-default-executor-0] DEBUG impl.UnorderedAsync (UnorderedAsync.java:sendRequestWithRetry(80)) - client-5FE4B4CCF4A1: attempt #1 send~ RaftClientRequest:client-5FE4B4CCF4A1->s1@group-76E74FC0E99E, cid=228, seq=null, Watch-ALL_COMMITTED(32), null
2024-01-25 07:58:12,181 [ForkJoinPool.commonPool-worker-3] DEBUG impl.UnorderedAsync (UnorderedAsync.java:lambda$sendRequestWithRetry$4(83)) - client-5FE4B4CCF4A1: attempt #1 receive~ RaftClientReply:client-5FE4B4CCF4A1->s1@group-76E74FC0E99E, cid=227, SUCCESS, logIndex=45, commits[s1:c50, s0:c17, s2:c45]
2024-01-25 07:58:12,181 [s1-client-thread3] DEBUG server.RaftServer$Division (RaftServerImpl.java:submitClientRequestAsync(880)) - s1@group-76E74FC0E99E: receive client request(RaftClientRequest:client-5FE4B4CCF4A1->s1@group-76E74FC0E99E, cid=228, seq=null, Watch-ALL_COMMITTED(32), Message:<EMPTY>)
2024-01-25 07:58:12,182 [s1-client-thread3] DEBUG server.RaftServer$Division (LeaderStateImpl.java:addWatchRequest(552)) - s1@group-76E74FC0E99E-LeaderStateImpl: addWatchRequest RaftClientRequest:client-5FE4B4CCF4A1->s1@group-76E74FC0E99E, cid=228, seq=null, Watch-ALL_COMMITTED(32), Message:<EMPTY>
2024-01-25 07:58:12,182 [Time-limited test] INFO  grpc.TestWatchRequestWithGrpc (WatchRequestTests.java:checkMajority(275)) - checkMajority 10: receive RaftClientReply:client-5FE4B4CCF4A1->s1@group-76E74FC0E99E, cid=175, SUCCESS, logIndex=32, commits[s1:c38, s0:c17, s2:c31]
2024-01-25 07:58:12,182 [Time-limited test] INFO  grpc.TestWatchRequestWithGrpc (WatchRequestTests.java:get(214)) - majority-Watch(32) returns RaftClientReply:client-5FE4B4CCF4A1->s1@group-76E74FC0E99E, cid=225, SUCCESS, logIndex=50, commits[s1:c50, s0:c17, s2:c45]
2024-01-25 07:58:12,182 [Time-limited test] INFO  grpc.TestWatchRequestWithGrpc (WatchRequestTests.java:get(214)) - majorityCommitted-Watch(32) returns RaftClientReply:client-5FE4B4CCF4A1->s1@group-76E74FC0E99E, cid=227, SUCCESS, logIndex=45, commits[s1:c50, s0:c17, s2:c45]
2024-01-25 07:58:12,182 [grpc-default-executor-0] DEBUG client.RaftClient (RaftClientImpl.java:add(146)) - client-5FE4B4CCF4A1: add replied callId 176
2024-01-25 07:58:12,182 [grpc-default-executor-0] INFO  grpc.TestWatchRequestWithGrpc (WatchRequestTests.java:lambda$sendRequests$0(113)) - SEND_WATCH: message=m11, logIndex=33
2024-01-25 07:58:12,182 [grpc-default-executor-0] DEBUG client.RaftClient (RaftClientImpl.java:get(158)) - client-5FE4B4CCF4A1: get 229 returns [176]
2024-01-25 07:58:12,182 [grpc-default-executor-0] DEBUG client.RaftClient (RaftClientImpl.java:newRequest(95)) - attempt #1, newRequest RaftClientRequest:client-5FE4B4CCF4A1->s1@group-76E74FC0E99E, cid=229, seq=null, Watch(33), null
2024-01-25 07:58:12,183 [grpc-default-executor-0] DEBUG impl.UnorderedAsync (UnorderedAsync.java:sendRequestWithRetry(80)) - client-5FE4B4CCF4A1: attempt #1 send~ RaftClientRequest:client-5FE4B4CCF4A1->s1@group-76E74FC0E99E, cid=229, seq=null, Watch(33), null
2024-01-25 07:58:12,183 [s1-client-thread3] DEBUG server.RaftServer$Division (RaftServerImpl.java:submitClientRequestAsync(880)) - s1@group-76E74FC0E99E: receive client request(RaftClientRequest:client-5FE4B4CCF4A1->s1@group-76E74FC0E99E, cid=229, seq=null, Watch(33), Message:<EMPTY>)
2024-01-25 07:58:12,183 [s1-client-thread3] DEBUG server.RaftServer$Division (LeaderStateImpl.java:addWatchRequest(552)) - s1@group-76E74FC0E99E-LeaderStateImpl: addWatchRequest RaftClientRequest:client-5FE4B4CCF4A1->s1@group-76E74FC0E99E, cid=229, seq=null, Watch(33), Message:<EMPTY>
2024-01-25 07:58:12,183 [grpc-default-executor-0] DEBUG client.RaftClient (RaftClientImpl.java:get(158)) - client-5FE4B4CCF4A1: get 230 returns []
2024-01-25 07:58:12,183 [grpc-default-executor-0] DEBUG client.RaftClient (RaftClientImpl.java:newRequest(95)) - attempt #1, newRequest RaftClientRequest:client-5FE4B4CCF4A1->s1@group-76E74FC0E99E, cid=230, seq=null, Watch-ALL(33), null
2024-01-25 07:58:12,183 [ForkJoinPool.commonPool-worker-3] DEBUG impl.UnorderedAsync (UnorderedAsync.java:lambda$sendRequestWithRetry$4(83)) - client-5FE4B4CCF4A1: attempt #1 receive~ RaftClientReply:client-5FE4B4CCF4A1->s1@group-76E74FC0E99E, cid=229, SUCCESS, logIndex=50, commits[s1:c50, s0:c17, s2:c45]
2024-01-25 07:58:12,183 [grpc-default-executor-0] DEBUG impl.UnorderedAsync (UnorderedAsync.java:sendRequestWithRetry(80)) - client-5FE4B4CCF4A1: attempt #1 send~ RaftClientRequest:client-5FE4B4CCF4A1->s1@group-76E74FC0E99E, cid=230, seq=null, Watch-ALL(33), null
2024-01-25 07:58:12,183 [s1-client-thread3] DEBUG server.RaftServer$Division (RaftServerImpl.java:submitClientRequestAsync(880)) - s1@group-76E74FC0E99E: receive client request(RaftClientRequest:client-5FE4B4CCF4A1->s1@group-76E74FC0E99E, cid=230, seq=null, Watch-ALL(33), Message:<EMPTY>)
2024-01-25 07:58:12,183 [s1-client-thread3] DEBUG server.RaftServer$Division (LeaderStateImpl.java:addWatchRequest(552)) - s1@group-76E74FC0E99E-LeaderStateImpl: addWatchRequest RaftClientRequest:client-5FE4B4CCF4A1->s1@group-76E74FC0E99E, cid=230, seq=null, Watch-ALL(33), Message:<EMPTY>
2024-01-25 07:58:12,184 [grpc-default-executor-0] DEBUG client.RaftClient (RaftClientImpl.java:get(158)) - client-5FE4B4CCF4A1: get 231 returns []
2024-01-25 07:58:12,184 [grpc-default-executor-0] DEBUG client.RaftClient (RaftClientImpl.java:newRequest(95)) - attempt #1, newRequest RaftClientRequest:client-5FE4B4CCF4A1->s1@group-76E74FC0E99E, cid=231, seq=null, Watch-MAJORITY_COMMITTED(33), null
2024-01-25 07:58:12,184 [grpc-default-executor-0] DEBUG impl.UnorderedAsync (UnorderedAsync.java:sendRequestWithRetry(80)) - client-5FE4B4CCF4A1: attempt #1 send~ RaftClientRequest:client-5FE4B4CCF4A1->s1@group-76E74FC0E99E, cid=231, seq=null, Watch-MAJORITY_COMMITTED(33), null
2024-01-25 07:58:12,184 [s1-client-thread3] DEBUG server.RaftServer$Division (RaftServerImpl.java:submitClientRequestAsync(880)) - s1@group-76E74FC0E99E: receive client request(RaftClientRequest:client-5FE4B4CCF4A1->s1@group-76E74FC0E99E, cid=231, seq=null, Watch-MAJORITY_COMMITTED(33), Message:<EMPTY>)
2024-01-25 07:58:12,184 [s1-client-thread3] DEBUG server.RaftServer$Division (LeaderStateImpl.java:addWatchRequest(552)) - s1@group-76E74FC0E99E-LeaderStateImpl: addWatchRequest RaftClientRequest:client-5FE4B4CCF4A1->s1@group-76E74FC0E99E, cid=231, seq=null, Watch-MAJORITY_COMMITTED(33), Message:<EMPTY>
2024-01-25 07:58:12,184 [grpc-default-executor-0] DEBUG client.RaftClient (RaftClientImpl.java:get(158)) - client-5FE4B4CCF4A1: get 232 returns []
2024-01-25 07:58:12,185 [ForkJoinPool.commonPool-worker-3] DEBUG impl.UnorderedAsync (UnorderedAsync.java:lambda$sendRequestWithRetry$4(83)) - client-5FE4B4CCF4A1: attempt #1 receive~ RaftClientReply:client-5FE4B4CCF4A1->s1@group-76E74FC0E99E, cid=231, SUCCESS, logIndex=45, commits[s1:c50, s0:c17, s2:c45]
2024-01-25 07:58:12,185 [grpc-default-executor-0] DEBUG client.RaftClient (RaftClientImpl.java:newRequest(95)) - attempt #1, newRequest RaftClientRequest:client-5FE4B4CCF4A1->s1@group-76E74FC0E99E, cid=232, seq=null, Watch-ALL_COMMITTED(33), null
2024-01-25 07:58:12,185 [grpc-default-executor-0] DEBUG impl.UnorderedAsync (UnorderedAsync.java:sendRequestWithRetry(80)) - client-5FE4B4CCF4A1: attempt #1 send~ RaftClientRequest:client-5FE4B4CCF4A1->s1@group-76E74FC0E99E, cid=232, seq=null, Watch-ALL_COMMITTED(33), null
2024-01-25 07:58:12,185 [s1-client-thread3] DEBUG server.RaftServer$Division (RaftServerImpl.java:submitClientRequestAsync(880)) - s1@group-76E74FC0E99E: receive client request(RaftClientRequest:client-5FE4B4CCF4A1->s1@group-76E74FC0E99E, cid=232, seq=null, Watch-ALL_COMMITTED(33), Message:<EMPTY>)
2024-01-25 07:58:12,185 [s1-client-thread3] DEBUG server.RaftServer$Division (LeaderStateImpl.java:addWatchRequest(552)) - s1@group-76E74FC0E99E-LeaderStateImpl: addWatchRequest RaftClientRequest:client-5FE4B4CCF4A1->s1@group-76E74FC0E99E, cid=232, seq=null, Watch-ALL_COMMITTED(33), Message:<EMPTY>
2024-01-25 07:58:12,185 [Time-limited test] INFO  grpc.TestWatchRequestWithGrpc (WatchRequestTests.java:checkMajority(275)) - checkMajority 11: receive RaftClientReply:client-5FE4B4CCF4A1->s1@group-76E74FC0E99E, cid=176, SUCCESS, logIndex=33, commits[s1:c38, s0:c17, s2:c31]
2024-01-25 07:58:12,186 [Time-limited test] INFO  grpc.TestWatchRequestWithGrpc (WatchRequestTests.java:get(214)) - majority-Watch(33) returns RaftClientReply:client-5FE4B4CCF4A1->s1@group-76E74FC0E99E, cid=229, SUCCESS, logIndex=50, commits[s1:c50, s0:c17, s2:c45]
2024-01-25 07:58:12,186 [Time-limited test] INFO  grpc.TestWatchRequestWithGrpc (WatchRequestTests.java:get(214)) - majorityCommitted-Watch(33) returns RaftClientReply:client-5FE4B4CCF4A1->s1@group-76E74FC0E99E, cid=231, SUCCESS, logIndex=45, commits[s1:c50, s0:c17, s2:c45]
2024-01-25 07:58:12,186 [grpc-default-executor-0] DEBUG client.RaftClient (RaftClientImpl.java:add(146)) - client-5FE4B4CCF4A1: add replied callId 177
2024-01-25 07:58:12,186 [grpc-default-executor-0] INFO  grpc.TestWatchRequestWithGrpc (WatchRequestTests.java:lambda$sendRequests$0(113)) - SEND_WATCH: message=m12, logIndex=34
2024-01-25 07:58:12,186 [grpc-default-executor-0] DEBUG client.RaftClient (RaftClientImpl.java:get(158)) - client-5FE4B4CCF4A1: get 233 returns [177]
2024-01-25 07:58:12,186 [grpc-default-executor-0] DEBUG client.RaftClient (RaftClientImpl.java:newRequest(95)) - attempt #1, newRequest RaftClientRequest:client-5FE4B4CCF4A1->s1@group-76E74FC0E99E, cid=233, seq=null, Watch(34), null
2024-01-25 07:58:12,186 [grpc-default-executor-0] DEBUG impl.UnorderedAsync (UnorderedAsync.java:sendRequestWithRetry(80)) - client-5FE4B4CCF4A1: attempt #1 send~ RaftClientRequest:client-5FE4B4CCF4A1->s1@group-76E74FC0E99E, cid=233, seq=null, Watch(34), null
2024-01-25 07:58:12,186 [s1-client-thread3] DEBUG server.RaftServer$Division (RaftServerImpl.java:submitClientRequestAsync(880)) - s1@group-76E74FC0E99E: receive client request(RaftClientRequest:client-5FE4B4CCF4A1->s1@group-76E74FC0E99E, cid=233, seq=null, Watch(34), Message:<EMPTY>)
2024-01-25 07:58:12,186 [s1-client-thread3] DEBUG server.RaftServer$Division (LeaderStateImpl.java:addWatchRequest(552)) - s1@group-76E74FC0E99E-LeaderStateImpl: addWatchRequest RaftClientRequest:client-5FE4B4CCF4A1->s1@group-76E74FC0E99E, cid=233, seq=null, Watch(34), Message:<EMPTY>
2024-01-25 07:58:12,186 [grpc-default-executor-0] DEBUG client.RaftClient (RaftClientImpl.java:get(158)) - client-5FE4B4CCF4A1: get 234 returns []
2024-01-25 07:58:12,187 [grpc-default-executor-0] DEBUG client.RaftClient (RaftClientImpl.java:newRequest(95)) - attempt #1, newRequest RaftClientRequest:client-5FE4B4CCF4A1->s1@group-76E74FC0E99E, cid=234, seq=null, Watch-ALL(34), null
2024-01-25 07:58:12,187 [grpc-default-executor-0] DEBUG impl.UnorderedAsync (UnorderedAsync.java:sendRequestWithRetry(80)) - client-5FE4B4CCF4A1: attempt #1 send~ RaftClientRequest:client-5FE4B4CCF4A1->s1@group-76E74FC0E99E, cid=234, seq=null, Watch-ALL(34), null
2024-01-25 07:58:12,187 [ForkJoinPool.commonPool-worker-3] DEBUG impl.UnorderedAsync (UnorderedAsync.java:lambda$sendRequestWithRetry$4(83)) - client-5FE4B4CCF4A1: attempt #1 receive~ RaftClientReply:client-5FE4B4CCF4A1->s1@group-76E74FC0E99E, cid=233, SUCCESS, logIndex=50, commits[s1:c50, s0:c17, s2:c45]
2024-01-25 07:58:12,187 [s1-client-thread3] DEBUG server.RaftServer$Division (RaftServerImpl.java:submitClientRequestAsync(880)) - s1@group-76E74FC0E99E: receive client request(RaftClientRequest:client-5FE4B4CCF4A1->s1@group-76E74FC0E99E, cid=234, seq=null, Watch-ALL(34), Message:<EMPTY>)
2024-01-25 07:58:12,187 [s1-client-thread3] DEBUG server.RaftServer$Division (LeaderStateImpl.java:addWatchRequest(552)) - s1@group-76E74FC0E99E-LeaderStateImpl: addWatchRequest RaftClientRequest:client-5FE4B4CCF4A1->s1@group-76E74FC0E99E, cid=234, seq=null, Watch-ALL(34), Message:<EMPTY>
2024-01-25 07:58:12,187 [grpc-default-executor-0] DEBUG client.RaftClient (RaftClientImpl.java:get(158)) - client-5FE4B4CCF4A1: get 235 returns []
2024-01-25 07:58:12,187 [grpc-default-executor-0] DEBUG client.RaftClient (RaftClientImpl.java:newRequest(95)) - attempt #1, newRequest RaftClientRequest:client-5FE4B4CCF4A1->s1@group-76E74FC0E99E, cid=235, seq=null, Watch-MAJORITY_COMMITTED(34), null
2024-01-25 07:58:12,187 [grpc-default-executor-0] DEBUG impl.UnorderedAsync (UnorderedAsync.java:sendRequestWithRetry(80)) - client-5FE4B4CCF4A1: attempt #1 send~ RaftClientRequest:client-5FE4B4CCF4A1->s1@group-76E74FC0E99E, cid=235, seq=null, Watch-MAJORITY_COMMITTED(34), null
2024-01-25 07:58:12,187 [grpc-default-executor-0] DEBUG client.RaftClient (RaftClientImpl.java:get(158)) - client-5FE4B4CCF4A1: get 236 returns []
2024-01-25 07:58:12,187 [s1-client-thread3] DEBUG server.RaftServer$Division (RaftServerImpl.java:submitClientRequestAsync(880)) - s1@group-76E74FC0E99E: receive client request(RaftClientRequest:client-5FE4B4CCF4A1->s1@group-76E74FC0E99E, cid=235, seq=null, Watch-MAJORITY_COMMITTED(34), Message:<EMPTY>)
2024-01-25 07:58:12,187 [s1-client-thread3] DEBUG server.RaftServer$Division (LeaderStateImpl.java:addWatchRequest(552)) - s1@group-76E74FC0E99E-LeaderStateImpl: addWatchRequest RaftClientRequest:client-5FE4B4CCF4A1->s1@group-76E74FC0E99E, cid=235, seq=null, Watch-MAJORITY_COMMITTED(34), Message:<EMPTY>
2024-01-25 07:58:12,188 [grpc-default-executor-0] DEBUG client.RaftClient (RaftClientImpl.java:newRequest(95)) - attempt #1, newRequest RaftClientRequest:client-5FE4B4CCF4A1->s1@group-76E74FC0E99E, cid=236, seq=null, Watch-ALL_COMMITTED(34), null
2024-01-25 07:58:12,188 [grpc-default-executor-0] DEBUG impl.UnorderedAsync (UnorderedAsync.java:sendRequestWithRetry(80)) - client-5FE4B4CCF4A1: attempt #1 send~ RaftClientRequest:client-5FE4B4CCF4A1->s1@group-76E74FC0E99E, cid=236, seq=null, Watch-ALL_COMMITTED(34), null
2024-01-25 07:58:12,188 [ForkJoinPool.commonPool-worker-3] DEBUG impl.UnorderedAsync (UnorderedAsync.java:lambda$sendRequestWithRetry$4(83)) - client-5FE4B4CCF4A1: attempt #1 receive~ RaftClientReply:client-5FE4B4CCF4A1->s1@group-76E74FC0E99E, cid=235, SUCCESS, logIndex=45, commits[s1:c50, s0:c17, s2:c45]
2024-01-25 07:58:12,188 [s1-client-thread3] DEBUG server.RaftServer$Division (RaftServerImpl.java:submitClientRequestAsync(880)) - s1@group-76E74FC0E99E: receive client request(RaftClientRequest:client-5FE4B4CCF4A1->s1@group-76E74FC0E99E, cid=236, seq=null, Watch-ALL_COMMITTED(34), Message:<EMPTY>)
2024-01-25 07:58:12,188 [s1-client-thread3] DEBUG server.RaftServer$Division (LeaderStateImpl.java:addWatchRequest(552)) - s1@group-76E74FC0E99E-LeaderStateImpl: addWatchRequest RaftClientRequest:client-5FE4B4CCF4A1->s1@group-76E74FC0E99E, cid=236, seq=null, Watch-ALL_COMMITTED(34), Message:<EMPTY>
2024-01-25 07:58:12,188 [Time-limited test] INFO  grpc.TestWatchRequestWithGrpc (WatchRequestTests.java:checkMajority(275)) - checkMajority 12: receive RaftClientReply:client-5FE4B4CCF4A1->s1@group-76E74FC0E99E, cid=177, SUCCESS, logIndex=34, commits[s1:c38, s0:c17, s2:c31]
2024-01-25 07:58:12,188 [Time-limited test] INFO  grpc.TestWatchRequestWithGrpc (WatchRequestTests.java:get(214)) - majority-Watch(34) returns RaftClientReply:client-5FE4B4CCF4A1->s1@group-76E74FC0E99E, cid=233, SUCCESS, logIndex=50, commits[s1:c50, s0:c17, s2:c45]
2024-01-25 07:58:12,188 [Time-limited test] INFO  grpc.TestWatchRequestWithGrpc (WatchRequestTests.java:get(214)) - majorityCommitted-Watch(34) returns RaftClientReply:client-5FE4B4CCF4A1->s1@group-76E74FC0E99E, cid=235, SUCCESS, logIndex=45, commits[s1:c50, s0:c17, s2:c45]
2024-01-25 07:58:12,189 [grpc-default-executor-0] DEBUG client.RaftClient (RaftClientImpl.java:add(146)) - client-5FE4B4CCF4A1: add replied callId 178
2024-01-25 07:58:12,189 [grpc-default-executor-0] INFO  grpc.TestWatchRequestWithGrpc (WatchRequestTests.java:lambda$sendRequests$0(113)) - SEND_WATCH: message=m13, logIndex=36
2024-01-25 07:58:12,189 [grpc-default-executor-0] DEBUG client.RaftClient (RaftClientImpl.java:get(158)) - client-5FE4B4CCF4A1: get 237 returns [178]
2024-01-25 07:58:12,189 [grpc-default-executor-0] DEBUG client.RaftClient (RaftClientImpl.java:newRequest(95)) - attempt #1, newRequest RaftClientRequest:client-5FE4B4CCF4A1->s1@group-76E74FC0E99E, cid=237, seq=null, Watch(36), null
2024-01-25 07:58:12,189 [grpc-default-executor-0] DEBUG impl.UnorderedAsync (UnorderedAsync.java:sendRequestWithRetry(80)) - client-5FE4B4CCF4A1: attempt #1 send~ RaftClientRequest:client-5FE4B4CCF4A1->s1@group-76E74FC0E99E, cid=237, seq=null, Watch(36), null
2024-01-25 07:58:12,189 [s1-client-thread3] DEBUG server.RaftServer$Division (RaftServerImpl.java:submitClientRequestAsync(880)) - s1@group-76E74FC0E99E: receive client request(RaftClientRequest:client-5FE4B4CCF4A1->s1@group-76E74FC0E99E, cid=237, seq=null, Watch(36), Message:<EMPTY>)
2024-01-25 07:58:12,190 [s1-client-thread3] DEBUG server.RaftServer$Division (LeaderStateImpl.java:addWatchRequest(552)) - s1@group-76E74FC0E99E-LeaderStateImpl: addWatchRequest RaftClientRequest:client-5FE4B4CCF4A1->s1@group-76E74FC0E99E, cid=237, seq=null, Watch(36), Message:<EMPTY>
2024-01-25 07:58:12,190 [grpc-default-executor-0] DEBUG client.RaftClient (RaftClientImpl.java:get(158)) - client-5FE4B4CCF4A1: get 238 returns []
2024-01-25 07:58:12,190 [ForkJoinPool.commonPool-worker-3] DEBUG impl.UnorderedAsync (UnorderedAsync.java:lambda$sendRequestWithRetry$4(83)) - client-5FE4B4CCF4A1: attempt #1 receive~ RaftClientReply:client-5FE4B4CCF4A1->s1@group-76E74FC0E99E, cid=237, SUCCESS, logIndex=50, commits[s1:c50, s0:c17, s2:c45]
2024-01-25 07:58:12,190 [grpc-default-executor-0] DEBUG client.RaftClient (RaftClientImpl.java:newRequest(95)) - attempt #1, newRequest RaftClientRequest:client-5FE4B4CCF4A1->s1@group-76E74FC0E99E, cid=238, seq=null, Watch-ALL(36), null
2024-01-25 07:58:12,190 [grpc-default-executor-0] DEBUG impl.UnorderedAsync (UnorderedAsync.java:sendRequestWithRetry(80)) - client-5FE4B4CCF4A1: attempt #1 send~ RaftClientRequest:client-5FE4B4CCF4A1->s1@group-76E74FC0E99E, cid=238, seq=null, Watch-ALL(36), null
2024-01-25 07:58:12,190 [s1-client-thread3] DEBUG server.RaftServer$Division (RaftServerImpl.java:submitClientRequestAsync(880)) - s1@group-76E74FC0E99E: receive client request(RaftClientRequest:client-5FE4B4CCF4A1->s1@group-76E74FC0E99E, cid=238, seq=null, Watch-ALL(36), Message:<EMPTY>)
2024-01-25 07:58:12,190 [s1-client-thread3] DEBUG server.RaftServer$Division (LeaderStateImpl.java:addWatchRequest(552)) - s1@group-76E74FC0E99E-LeaderStateImpl: addWatchRequest RaftClientRequest:client-5FE4B4CCF4A1->s1@group-76E74FC0E99E, cid=238, seq=null, Watch-ALL(36), Message:<EMPTY>
2024-01-25 07:58:12,191 [grpc-default-executor-0] DEBUG client.RaftClient (RaftClientImpl.java:get(158)) - client-5FE4B4CCF4A1: get 239 returns []
2024-01-25 07:58:12,191 [grpc-default-executor-0] DEBUG client.RaftClient (RaftClientImpl.java:newRequest(95)) - attempt #1, newRequest RaftClientRequest:client-5FE4B4CCF4A1->s1@group-76E74FC0E99E, cid=239, seq=null, Watch-MAJORITY_COMMITTED(36), null
2024-01-25 07:58:12,191 [grpc-default-executor-0] DEBUG impl.UnorderedAsync (UnorderedAsync.java:sendRequestWithRetry(80)) - client-5FE4B4CCF4A1: attempt #1 send~ RaftClientRequest:client-5FE4B4CCF4A1->s1@group-76E74FC0E99E, cid=239, seq=null, Watch-MAJORITY_COMMITTED(36), null
2024-01-25 07:58:12,191 [s1-client-thread3] DEBUG server.RaftServer$Division (RaftServerImpl.java:submitClientRequestAsync(880)) - s1@group-76E74FC0E99E: receive client request(RaftClientRequest:client-5FE4B4CCF4A1->s1@group-76E74FC0E99E, cid=239, seq=null, Watch-MAJORITY_COMMITTED(36), Message:<EMPTY>)
2024-01-25 07:58:12,191 [s1-client-thread3] DEBUG server.RaftServer$Division (LeaderStateImpl.java:addWatchRequest(552)) - s1@group-76E74FC0E99E-LeaderStateImpl: addWatchRequest RaftClientRequest:client-5FE4B4CCF4A1->s1@group-76E74FC0E99E, cid=239, seq=null, Watch-MAJORITY_COMMITTED(36), Message:<EMPTY>
2024-01-25 07:58:12,191 [grpc-default-executor-0] DEBUG client.RaftClient (RaftClientImpl.java:get(158)) - client-5FE4B4CCF4A1: get 240 returns []
2024-01-25 07:58:12,191 [ForkJoinPool.commonPool-worker-3] DEBUG impl.UnorderedAsync (UnorderedAsync.java:lambda$sendRequestWithRetry$4(83)) - client-5FE4B4CCF4A1: attempt #1 receive~ RaftClientReply:client-5FE4B4CCF4A1->s1@group-76E74FC0E99E, cid=239, SUCCESS, logIndex=45, commits[s1:c50, s0:c17, s2:c45]
2024-01-25 07:58:12,191 [grpc-default-executor-0] DEBUG client.RaftClient (RaftClientImpl.java:newRequest(95)) - attempt #1, newRequest RaftClientRequest:client-5FE4B4CCF4A1->s1@group-76E74FC0E99E, cid=240, seq=null, Watch-ALL_COMMITTED(36), null
2024-01-25 07:58:12,192 [grpc-default-executor-0] DEBUG impl.UnorderedAsync (UnorderedAsync.java:sendRequestWithRetry(80)) - client-5FE4B4CCF4A1: attempt #1 send~ RaftClientRequest:client-5FE4B4CCF4A1->s1@group-76E74FC0E99E, cid=240, seq=null, Watch-ALL_COMMITTED(36), null
2024-01-25 07:58:12,192 [s1-client-thread3] DEBUG server.RaftServer$Division (RaftServerImpl.java:submitClientRequestAsync(880)) - s1@group-76E74FC0E99E: receive client request(RaftClientRequest:client-5FE4B4CCF4A1->s1@group-76E74FC0E99E, cid=240, seq=null, Watch-ALL_COMMITTED(36), Message:<EMPTY>)
2024-01-25 07:58:12,192 [s1-client-thread3] DEBUG server.RaftServer$Division (LeaderStateImpl.java:addWatchRequest(552)) - s1@group-76E74FC0E99E-LeaderStateImpl: addWatchRequest RaftClientRequest:client-5FE4B4CCF4A1->s1@group-76E74FC0E99E, cid=240, seq=null, Watch-ALL_COMMITTED(36), Message:<EMPTY>
2024-01-25 07:58:12,192 [Time-limited test] INFO  grpc.TestWatchRequestWithGrpc (WatchRequestTests.java:checkMajority(275)) - checkMajority 13: receive RaftClientReply:client-5FE4B4CCF4A1->s1@group-76E74FC0E99E, cid=178, SUCCESS, logIndex=36, commits[s1:c38, s0:c17, s2:c31]
2024-01-25 07:58:12,192 [Time-limited test] INFO  grpc.TestWatchRequestWithGrpc (WatchRequestTests.java:get(214)) - majority-Watch(36) returns RaftClientReply:client-5FE4B4CCF4A1->s1@group-76E74FC0E99E, cid=237, SUCCESS, logIndex=50, commits[s1:c50, s0:c17, s2:c45]
2024-01-25 07:58:12,192 [Time-limited test] INFO  grpc.TestWatchRequestWithGrpc (WatchRequestTests.java:get(214)) - majorityCommitted-Watch(36) returns RaftClientReply:client-5FE4B4CCF4A1->s1@group-76E74FC0E99E, cid=239, SUCCESS, logIndex=45, commits[s1:c50, s0:c17, s2:c45]
2024-01-25 07:58:12,192 [grpc-default-executor-0] DEBUG client.RaftClient (RaftClientImpl.java:add(146)) - client-5FE4B4CCF4A1: add replied callId 179
2024-01-25 07:58:12,192 [grpc-default-executor-0] INFO  grpc.TestWatchRequestWithGrpc (WatchRequestTests.java:lambda$sendRequests$0(113)) - SEND_WATCH: message=m14, logIndex=38
2024-01-25 07:58:12,192 [grpc-default-executor-0] DEBUG client.RaftClient (RaftClientImpl.java:get(158)) - client-5FE4B4CCF4A1: get 241 returns [179]
2024-01-25 07:58:12,192 [grpc-default-executor-0] DEBUG client.RaftClient (RaftClientImpl.java:newRequest(95)) - attempt #1, newRequest RaftClientRequest:client-5FE4B4CCF4A1->s1@group-76E74FC0E99E, cid=241, seq=null, Watch(38), null
2024-01-25 07:58:12,193 [grpc-default-executor-0] DEBUG impl.UnorderedAsync (UnorderedAsync.java:sendRequestWithRetry(80)) - client-5FE4B4CCF4A1: attempt #1 send~ RaftClientRequest:client-5FE4B4CCF4A1->s1@group-76E74FC0E99E, cid=241, seq=null, Watch(38), null
2024-01-25 07:58:12,193 [s1-client-thread3] DEBUG server.RaftServer$Division (RaftServerImpl.java:submitClientRequestAsync(880)) - s1@group-76E74FC0E99E: receive client request(RaftClientRequest:client-5FE4B4CCF4A1->s1@group-76E74FC0E99E, cid=241, seq=null, Watch(38), Message:<EMPTY>)
2024-01-25 07:58:12,193 [s1-client-thread3] DEBUG server.RaftServer$Division (LeaderStateImpl.java:addWatchRequest(552)) - s1@group-76E74FC0E99E-LeaderStateImpl: addWatchRequest RaftClientRequest:client-5FE4B4CCF4A1->s1@group-76E74FC0E99E, cid=241, seq=null, Watch(38), Message:<EMPTY>
2024-01-25 07:58:12,193 [grpc-default-executor-0] DEBUG client.RaftClient (RaftClientImpl.java:get(158)) - client-5FE4B4CCF4A1: get 242 returns []
2024-01-25 07:58:12,193 [ForkJoinPool.commonPool-worker-3] DEBUG impl.UnorderedAsync (UnorderedAsync.java:lambda$sendRequestWithRetry$4(83)) - client-5FE4B4CCF4A1: attempt #1 receive~ RaftClientReply:client-5FE4B4CCF4A1->s1@group-76E74FC0E99E, cid=241, SUCCESS, logIndex=50, commits[s1:c50, s0:c17, s2:c45]
2024-01-25 07:58:12,193 [grpc-default-executor-0] DEBUG client.RaftClient (RaftClientImpl.java:newRequest(95)) - attempt #1, newRequest RaftClientRequest:client-5FE4B4CCF4A1->s1@group-76E74FC0E99E, cid=242, seq=null, Watch-ALL(38), null
2024-01-25 07:58:12,193 [grpc-default-executor-0] DEBUG impl.UnorderedAsync (UnorderedAsync.java:sendRequestWithRetry(80)) - client-5FE4B4CCF4A1: attempt #1 send~ RaftClientRequest:client-5FE4B4CCF4A1->s1@group-76E74FC0E99E, cid=242, seq=null, Watch-ALL(38), null
2024-01-25 07:58:12,193 [s1-client-thread3] DEBUG server.RaftServer$Division (RaftServerImpl.java:submitClientRequestAsync(880)) - s1@group-76E74FC0E99E: receive client request(RaftClientRequest:client-5FE4B4CCF4A1->s1@group-76E74FC0E99E, cid=242, seq=null, Watch-ALL(38), Message:<EMPTY>)
2024-01-25 07:58:12,193 [s1-client-thread3] DEBUG server.RaftServer$Division (LeaderStateImpl.java:addWatchRequest(552)) - s1@group-76E74FC0E99E-LeaderStateImpl: addWatchRequest RaftClientRequest:client-5FE4B4CCF4A1->s1@group-76E74FC0E99E, cid=242, seq=null, Watch-ALL(38), Message:<EMPTY>
2024-01-25 07:58:12,194 [grpc-default-executor-0] DEBUG client.RaftClient (RaftClientImpl.java:get(158)) - client-5FE4B4CCF4A1: get 243 returns []
2024-01-25 07:58:12,194 [grpc-default-executor-0] DEBUG client.RaftClient (RaftClientImpl.java:newRequest(95)) - attempt #1, newRequest RaftClientRequest:client-5FE4B4CCF4A1->s1@group-76E74FC0E99E, cid=243, seq=null, Watch-MAJORITY_COMMITTED(38), null
2024-01-25 07:58:12,194 [grpc-default-executor-0] DEBUG impl.UnorderedAsync (UnorderedAsync.java:sendRequestWithRetry(80)) - client-5FE4B4CCF4A1: attempt #1 send~ RaftClientRequest:client-5FE4B4CCF4A1->s1@group-76E74FC0E99E, cid=243, seq=null, Watch-MAJORITY_COMMITTED(38), null
2024-01-25 07:58:12,194 [grpc-default-executor-0] DEBUG client.RaftClient (RaftClientImpl.java:get(158)) - client-5FE4B4CCF4A1: get 244 returns []
2024-01-25 07:58:12,194 [s1-client-thread3] DEBUG server.RaftServer$Division (RaftServerImpl.java:submitClientRequestAsync(880)) - s1@group-76E74FC0E99E: receive client request(RaftClientRequest:client-5FE4B4CCF4A1->s1@group-76E74FC0E99E, cid=243, seq=null, Watch-MAJORITY_COMMITTED(38), Message:<EMPTY>)
2024-01-25 07:58:12,194 [s1-client-thread3] DEBUG server.RaftServer$Division (LeaderStateImpl.java:addWatchRequest(552)) - s1@group-76E74FC0E99E-LeaderStateImpl: addWatchRequest RaftClientRequest:client-5FE4B4CCF4A1->s1@group-76E74FC0E99E, cid=243, seq=null, Watch-MAJORITY_COMMITTED(38), Message:<EMPTY>
2024-01-25 07:58:12,194 [grpc-default-executor-0] DEBUG client.RaftClient (RaftClientImpl.java:newRequest(95)) - attempt #1, newRequest RaftClientRequest:client-5FE4B4CCF4A1->s1@group-76E74FC0E99E, cid=244, seq=null, Watch-ALL_COMMITTED(38), null
2024-01-25 07:58:12,194 [grpc-default-executor-0] DEBUG impl.UnorderedAsync (UnorderedAsync.java:sendRequestWithRetry(80)) - client-5FE4B4CCF4A1: attempt #1 send~ RaftClientRequest:client-5FE4B4CCF4A1->s1@group-76E74FC0E99E, cid=244, seq=null, Watch-ALL_COMMITTED(38), null
2024-01-25 07:58:12,194 [ForkJoinPool.commonPool-worker-3] DEBUG impl.UnorderedAsync (UnorderedAsync.java:lambda$sendRequestWithRetry$4(83)) - client-5FE4B4CCF4A1: attempt #1 receive~ RaftClientReply:client-5FE4B4CCF4A1->s1@group-76E74FC0E99E, cid=243, SUCCESS, logIndex=45, commits[s1:c50, s0:c17, s2:c45]
2024-01-25 07:58:12,194 [Time-limited test] INFO  grpc.TestWatchRequestWithGrpc (WatchRequestTests.java:checkMajority(275)) - checkMajority 14: receive RaftClientReply:client-5FE4B4CCF4A1->s1@group-76E74FC0E99E, cid=179, SUCCESS, logIndex=38, commits[s1:c38, s0:c17, s2:c31]
2024-01-25 07:58:12,194 [Time-limited test] INFO  grpc.TestWatchRequestWithGrpc (WatchRequestTests.java:get(214)) - majority-Watch(38) returns RaftClientReply:client-5FE4B4CCF4A1->s1@group-76E74FC0E99E, cid=241, SUCCESS, logIndex=50, commits[s1:c50, s0:c17, s2:c45]
2024-01-25 07:58:12,194 [Time-limited test] INFO  grpc.TestWatchRequestWithGrpc (WatchRequestTests.java:get(214)) - majorityCommitted-Watch(38) returns RaftClientReply:client-5FE4B4CCF4A1->s1@group-76E74FC0E99E, cid=243, SUCCESS, logIndex=45, commits[s1:c50, s0:c17, s2:c45]
2024-01-25 07:58:12,195 [s1-client-thread3] DEBUG server.RaftServer$Division (RaftServerImpl.java:submitClientRequestAsync(880)) - s1@group-76E74FC0E99E: receive client request(RaftClientRequest:client-5FE4B4CCF4A1->s1@group-76E74FC0E99E, cid=244, seq=null, Watch-ALL_COMMITTED(38), Message:<EMPTY>)
2024-01-25 07:58:12,195 [s1-client-thread3] DEBUG server.RaftServer$Division (LeaderStateImpl.java:addWatchRequest(552)) - s1@group-76E74FC0E99E-LeaderStateImpl: addWatchRequest RaftClientRequest:client-5FE4B4CCF4A1->s1@group-76E74FC0E99E, cid=244, seq=null, Watch-ALL_COMMITTED(38), Message:<EMPTY>
2024-01-25 07:58:12,195 [grpc-default-executor-0] DEBUG client.RaftClient (RaftClientImpl.java:add(146)) - client-5FE4B4CCF4A1: add replied callId 180
2024-01-25 07:58:12,195 [grpc-default-executor-0] INFO  grpc.TestWatchRequestWithGrpc (WatchRequestTests.java:lambda$sendRequests$0(113)) - SEND_WATCH: message=m15, logIndex=40
2024-01-25 07:58:12,195 [grpc-default-executor-0] DEBUG client.RaftClient (RaftClientImpl.java:get(158)) - client-5FE4B4CCF4A1: get 245 returns [180]
2024-01-25 07:58:12,195 [grpc-default-executor-0] DEBUG client.RaftClient (RaftClientImpl.java:newRequest(95)) - attempt #1, newRequest RaftClientRequest:client-5FE4B4CCF4A1->s1@group-76E74FC0E99E, cid=245, seq=null, Watch(40), null
2024-01-25 07:58:12,195 [grpc-default-executor-0] DEBUG impl.UnorderedAsync (UnorderedAsync.java:sendRequestWithRetry(80)) - client-5FE4B4CCF4A1: attempt #1 send~ RaftClientRequest:client-5FE4B4CCF4A1->s1@group-76E74FC0E99E, cid=245, seq=null, Watch(40), null
2024-01-25 07:58:12,195 [s1-client-thread3] DEBUG server.RaftServer$Division (RaftServerImpl.java:submitClientRequestAsync(880)) - s1@group-76E74FC0E99E: receive client request(RaftClientRequest:client-5FE4B4CCF4A1->s1@group-76E74FC0E99E, cid=245, seq=null, Watch(40), Message:<EMPTY>)
2024-01-25 07:58:12,195 [s1-client-thread3] DEBUG server.RaftServer$Division (LeaderStateImpl.java:addWatchRequest(552)) - s1@group-76E74FC0E99E-LeaderStateImpl: addWatchRequest RaftClientRequest:client-5FE4B4CCF4A1->s1@group-76E74FC0E99E, cid=245, seq=null, Watch(40), Message:<EMPTY>
2024-01-25 07:58:12,196 [ForkJoinPool.commonPool-worker-3] DEBUG impl.UnorderedAsync (UnorderedAsync.java:lambda$sendRequestWithRetry$4(83)) - client-5FE4B4CCF4A1: attempt #1 receive~ RaftClientReply:client-5FE4B4CCF4A1->s1@group-76E74FC0E99E, cid=245, SUCCESS, logIndex=50, commits[s1:c50, s0:c17, s2:c45]
2024-01-25 07:58:12,196 [grpc-default-executor-0] DEBUG client.RaftClient (RaftClientImpl.java:get(158)) - client-5FE4B4CCF4A1: get 246 returns []
2024-01-25 07:58:12,196 [grpc-default-executor-0] DEBUG client.RaftClient (RaftClientImpl.java:newRequest(95)) - attempt #1, newRequest RaftClientRequest:client-5FE4B4CCF4A1->s1@group-76E74FC0E99E, cid=246, seq=null, Watch-ALL(40), null
2024-01-25 07:58:12,196 [grpc-default-executor-0] DEBUG impl.UnorderedAsync (UnorderedAsync.java:sendRequestWithRetry(80)) - client-5FE4B4CCF4A1: attempt #1 send~ RaftClientRequest:client-5FE4B4CCF4A1->s1@group-76E74FC0E99E, cid=246, seq=null, Watch-ALL(40), null
2024-01-25 07:58:12,197 [grpc-default-executor-0] DEBUG client.RaftClient (RaftClientImpl.java:get(158)) - client-5FE4B4CCF4A1: get 247 returns []
2024-01-25 07:58:12,197 [grpc-default-executor-0] DEBUG client.RaftClient (RaftClientImpl.java:newRequest(95)) - attempt #1, newRequest RaftClientRequest:client-5FE4B4CCF4A1->s1@group-76E74FC0E99E, cid=247, seq=null, Watch-MAJORITY_COMMITTED(40), null
2024-01-25 07:58:12,197 [s1-client-thread3] DEBUG server.RaftServer$Division (RaftServerImpl.java:submitClientRequestAsync(880)) - s1@group-76E74FC0E99E: receive client request(RaftClientRequest:client-5FE4B4CCF4A1->s1@group-76E74FC0E99E, cid=246, seq=null, Watch-ALL(40), Message:<EMPTY>)
2024-01-25 07:58:12,197 [grpc-default-executor-0] DEBUG impl.UnorderedAsync (UnorderedAsync.java:sendRequestWithRetry(80)) - client-5FE4B4CCF4A1: attempt #1 send~ RaftClientRequest:client-5FE4B4CCF4A1->s1@group-76E74FC0E99E, cid=247, seq=null, Watch-MAJORITY_COMMITTED(40), null
2024-01-25 07:58:12,197 [s1-client-thread3] DEBUG server.RaftServer$Division (LeaderStateImpl.java:addWatchRequest(552)) - s1@group-76E74FC0E99E-LeaderStateImpl: addWatchRequest RaftClientRequest:client-5FE4B4CCF4A1->s1@group-76E74FC0E99E, cid=246, seq=null, Watch-ALL(40), Message:<EMPTY>
2024-01-25 07:58:12,197 [grpc-default-executor-0] DEBUG client.RaftClient (RaftClientImpl.java:get(158)) - client-5FE4B4CCF4A1: get 248 returns []
2024-01-25 07:58:12,197 [grpc-default-executor-0] DEBUG client.RaftClient (RaftClientImpl.java:newRequest(95)) - attempt #1, newRequest RaftClientRequest:client-5FE4B4CCF4A1->s1@group-76E74FC0E99E, cid=248, seq=null, Watch-ALL_COMMITTED(40), null
2024-01-25 07:58:12,197 [s1-client-thread3] DEBUG server.RaftServer$Division (RaftServerImpl.java:submitClientRequestAsync(880)) - s1@group-76E74FC0E99E: receive client request(RaftClientRequest:client-5FE4B4CCF4A1->s1@group-76E74FC0E99E, cid=247, seq=null, Watch-MAJORITY_COMMITTED(40), Message:<EMPTY>)
2024-01-25 07:58:12,197 [grpc-default-executor-0] DEBUG impl.UnorderedAsync (UnorderedAsync.java:sendRequestWithRetry(80)) - client-5FE4B4CCF4A1: attempt #1 send~ RaftClientRequest:client-5FE4B4CCF4A1->s1@group-76E74FC0E99E, cid=248, seq=null, Watch-ALL_COMMITTED(40), null
2024-01-25 07:58:12,197 [s1-client-thread3] DEBUG server.RaftServer$Division (LeaderStateImpl.java:addWatchRequest(552)) - s1@group-76E74FC0E99E-LeaderStateImpl: addWatchRequest RaftClientRequest:client-5FE4B4CCF4A1->s1@group-76E74FC0E99E, cid=247, seq=null, Watch-MAJORITY_COMMITTED(40), Message:<EMPTY>
2024-01-25 07:58:12,198 [Time-limited test] INFO  grpc.TestWatchRequestWithGrpc (WatchRequestTests.java:checkMajority(275)) - checkMajority 15: receive RaftClientReply:client-5FE4B4CCF4A1->s1@group-76E74FC0E99E, cid=180, SUCCESS, logIndex=40, commits[s1:c40, s0:c17, s2:c38]
2024-01-25 07:58:12,198 [grpc-default-executor-0] DEBUG client.RaftClient (RaftClientImpl.java:add(146)) - client-5FE4B4CCF4A1: add replied callId 181
2024-01-25 07:58:12,198 [Time-limited test] INFO  grpc.TestWatchRequestWithGrpc (WatchRequestTests.java:get(214)) - majority-Watch(40) returns RaftClientReply:client-5FE4B4CCF4A1->s1@group-76E74FC0E99E, cid=245, SUCCESS, logIndex=50, commits[s1:c50, s0:c17, s2:c45]
2024-01-25 07:58:12,198 [grpc-default-executor-0] INFO  grpc.TestWatchRequestWithGrpc (WatchRequestTests.java:lambda$sendRequests$0(113)) - SEND_WATCH: message=m16, logIndex=42
2024-01-25 07:58:12,198 [ForkJoinPool.commonPool-worker-3] DEBUG impl.UnorderedAsync (UnorderedAsync.java:lambda$sendRequestWithRetry$4(83)) - client-5FE4B4CCF4A1: attempt #1 receive~ RaftClientReply:client-5FE4B4CCF4A1->s1@group-76E74FC0E99E, cid=247, SUCCESS, logIndex=45, commits[s1:c50, s0:c17, s2:c45]
2024-01-25 07:58:12,198 [Time-limited test] INFO  grpc.TestWatchRequestWithGrpc (WatchRequestTests.java:get(214)) - majorityCommitted-Watch(40) returns RaftClientReply:client-5FE4B4CCF4A1->s1@group-76E74FC0E99E, cid=247, SUCCESS, logIndex=45, commits[s1:c50, s0:c17, s2:c45]
2024-01-25 07:58:12,198 [s1-client-thread3] DEBUG server.RaftServer$Division (RaftServerImpl.java:submitClientRequestAsync(880)) - s1@group-76E74FC0E99E: receive client request(RaftClientRequest:client-5FE4B4CCF4A1->s1@group-76E74FC0E99E, cid=248, seq=null, Watch-ALL_COMMITTED(40), Message:<EMPTY>)
2024-01-25 07:58:12,198 [s1-client-thread3] DEBUG server.RaftServer$Division (LeaderStateImpl.java:addWatchRequest(552)) - s1@group-76E74FC0E99E-LeaderStateImpl: addWatchRequest RaftClientRequest:client-5FE4B4CCF4A1->s1@group-76E74FC0E99E, cid=248, seq=null, Watch-ALL_COMMITTED(40), Message:<EMPTY>
2024-01-25 07:58:12,198 [grpc-default-executor-0] DEBUG client.RaftClient (RaftClientImpl.java:get(158)) - client-5FE4B4CCF4A1: get 249 returns [181]
2024-01-25 07:58:12,198 [Time-limited test] INFO  grpc.TestWatchRequestWithGrpc (WatchRequestTests.java:checkMajority(275)) - checkMajority 16: receive RaftClientReply:client-5FE4B4CCF4A1->s1@group-76E74FC0E99E, cid=181, SUCCESS, logIndex=42, commits[s1:c42, s0:c17, s2:c38]
2024-01-25 07:58:12,199 [grpc-default-executor-0] DEBUG client.RaftClient (RaftClientImpl.java:newRequest(95)) - attempt #1, newRequest RaftClientRequest:client-5FE4B4CCF4A1->s1@group-76E74FC0E99E, cid=249, seq=null, Watch(42), null
2024-01-25 07:58:12,199 [grpc-default-executor-0] DEBUG impl.UnorderedAsync (UnorderedAsync.java:sendRequestWithRetry(80)) - client-5FE4B4CCF4A1: attempt #1 send~ RaftClientRequest:client-5FE4B4CCF4A1->s1@group-76E74FC0E99E, cid=249, seq=null, Watch(42), null
2024-01-25 07:58:12,199 [grpc-default-executor-0] DEBUG client.RaftClient (RaftClientImpl.java:get(158)) - client-5FE4B4CCF4A1: get 250 returns []
2024-01-25 07:58:12,199 [grpc-default-executor-0] DEBUG client.RaftClient (RaftClientImpl.java:newRequest(95)) - attempt #1, newRequest RaftClientRequest:client-5FE4B4CCF4A1->s1@group-76E74FC0E99E, cid=250, seq=null, Watch-ALL(42), null
2024-01-25 07:58:12,199 [s1-client-thread3] DEBUG server.RaftServer$Division (RaftServerImpl.java:submitClientRequestAsync(880)) - s1@group-76E74FC0E99E: receive client request(RaftClientRequest:client-5FE4B4CCF4A1->s1@group-76E74FC0E99E, cid=249, seq=null, Watch(42), Message:<EMPTY>)
2024-01-25 07:58:12,199 [grpc-default-executor-0] DEBUG impl.UnorderedAsync (UnorderedAsync.java:sendRequestWithRetry(80)) - client-5FE4B4CCF4A1: attempt #1 send~ RaftClientRequest:client-5FE4B4CCF4A1->s1@group-76E74FC0E99E, cid=250, seq=null, Watch-ALL(42), null
2024-01-25 07:58:12,199 [s1-client-thread3] DEBUG server.RaftServer$Division (LeaderStateImpl.java:addWatchRequest(552)) - s1@group-76E74FC0E99E-LeaderStateImpl: addWatchRequest RaftClientRequest:client-5FE4B4CCF4A1->s1@group-76E74FC0E99E, cid=249, seq=null, Watch(42), Message:<EMPTY>
2024-01-25 07:58:12,199 [grpc-default-executor-0] DEBUG client.RaftClient (RaftClientImpl.java:get(158)) - client-5FE4B4CCF4A1: get 251 returns []
2024-01-25 07:58:12,199 [grpc-default-executor-0] DEBUG client.RaftClient (RaftClientImpl.java:newRequest(95)) - attempt #1, newRequest RaftClientRequest:client-5FE4B4CCF4A1->s1@group-76E74FC0E99E, cid=251, seq=null, Watch-MAJORITY_COMMITTED(42), null
2024-01-25 07:58:12,199 [grpc-default-executor-0] DEBUG impl.UnorderedAsync (UnorderedAsync.java:sendRequestWithRetry(80)) - client-5FE4B4CCF4A1: attempt #1 send~ RaftClientRequest:client-5FE4B4CCF4A1->s1@group-76E74FC0E99E, cid=251, seq=null, Watch-MAJORITY_COMMITTED(42), null
2024-01-25 07:58:12,199 [s1-client-thread3] DEBUG server.RaftServer$Division (RaftServerImpl.java:submitClientRequestAsync(880)) - s1@group-76E74FC0E99E: receive client request(RaftClientRequest:client-5FE4B4CCF4A1->s1@group-76E74FC0E99E, cid=250, seq=null, Watch-ALL(42), Message:<EMPTY>)
2024-01-25 07:58:12,199 [ForkJoinPool.commonPool-worker-3] DEBUG impl.UnorderedAsync (UnorderedAsync.java:lambda$sendRequestWithRetry$4(83)) - client-5FE4B4CCF4A1: attempt #1 receive~ RaftClientReply:client-5FE4B4CCF4A1->s1@group-76E74FC0E99E, cid=249, SUCCESS, logIndex=50, commits[s1:c50, s0:c17, s2:c45]
2024-01-25 07:58:12,200 [s1-client-thread3] DEBUG server.RaftServer$Division (LeaderStateImpl.java:addWatchRequest(552)) - s1@group-76E74FC0E99E-LeaderStateImpl: addWatchRequest RaftClientRequest:client-5FE4B4CCF4A1->s1@group-76E74FC0E99E, cid=250, seq=null, Watch-ALL(42), Message:<EMPTY>
2024-01-25 07:58:12,200 [grpc-default-executor-0] DEBUG client.RaftClient (RaftClientImpl.java:get(158)) - client-5FE4B4CCF4A1: get 252 returns []
2024-01-25 07:58:12,200 [grpc-default-executor-0] DEBUG client.RaftClient (RaftClientImpl.java:newRequest(95)) - attempt #1, newRequest RaftClientRequest:client-5FE4B4CCF4A1->s1@group-76E74FC0E99E, cid=252, seq=null, Watch-ALL_COMMITTED(42), null
2024-01-25 07:58:12,200 [grpc-default-executor-0] DEBUG impl.UnorderedAsync (UnorderedAsync.java:sendRequestWithRetry(80)) - client-5FE4B4CCF4A1: attempt #1 send~ RaftClientRequest:client-5FE4B4CCF4A1->s1@group-76E74FC0E99E, cid=252, seq=null, Watch-ALL_COMMITTED(42), null
2024-01-25 07:58:12,200 [s1-client-thread3] DEBUG server.RaftServer$Division (RaftServerImpl.java:submitClientRequestAsync(880)) - s1@group-76E74FC0E99E: receive client request(RaftClientRequest:client-5FE4B4CCF4A1->s1@group-76E74FC0E99E, cid=251, seq=null, Watch-MAJORITY_COMMITTED(42), Message:<EMPTY>)
2024-01-25 07:58:12,200 [s1-client-thread3] DEBUG server.RaftServer$Division (LeaderStateImpl.java:addWatchRequest(552)) - s1@group-76E74FC0E99E-LeaderStateImpl: addWatchRequest RaftClientRequest:client-5FE4B4CCF4A1->s1@group-76E74FC0E99E, cid=251, seq=null, Watch-MAJORITY_COMMITTED(42), Message:<EMPTY>
2024-01-25 07:58:12,200 [Time-limited test] INFO  grpc.TestWatchRequestWithGrpc (WatchRequestTests.java:get(214)) - majority-Watch(42) returns RaftClientReply:client-5FE4B4CCF4A1->s1@group-76E74FC0E99E, cid=249, SUCCESS, logIndex=50, commits[s1:c50, s0:c17, s2:c45]
2024-01-25 07:58:12,201 [s1-client-thread3] DEBUG server.RaftServer$Division (RaftServerImpl.java:submitClientRequestAsync(880)) - s1@group-76E74FC0E99E: receive client request(RaftClientRequest:client-5FE4B4CCF4A1->s1@group-76E74FC0E99E, cid=252, seq=null, Watch-ALL_COMMITTED(42), Message:<EMPTY>)
2024-01-25 07:58:12,201 [s1-client-thread3] DEBUG server.RaftServer$Division (LeaderStateImpl.java:addWatchRequest(552)) - s1@group-76E74FC0E99E-LeaderStateImpl: addWatchRequest RaftClientRequest:client-5FE4B4CCF4A1->s1@group-76E74FC0E99E, cid=252, seq=null, Watch-ALL_COMMITTED(42), Message:<EMPTY>
2024-01-25 07:58:12,201 [grpc-default-executor-0] DEBUG client.RaftClient (RaftClientImpl.java:add(146)) - client-5FE4B4CCF4A1: add replied callId 182
2024-01-25 07:58:12,201 [grpc-default-executor-0] INFO  grpc.TestWatchRequestWithGrpc (WatchRequestTests.java:lambda$sendRequests$0(113)) - SEND_WATCH: message=m17, logIndex=43
2024-01-25 07:58:12,201 [ForkJoinPool.commonPool-worker-3] DEBUG impl.UnorderedAsync (UnorderedAsync.java:lambda$sendRequestWithRetry$4(83)) - client-5FE4B4CCF4A1: attempt #1 receive~ RaftClientReply:client-5FE4B4CCF4A1->s1@group-76E74FC0E99E, cid=251, SUCCESS, logIndex=45, commits[s1:c50, s0:c17, s2:c45]
2024-01-25 07:58:12,201 [Time-limited test] INFO  grpc.TestWatchRequestWithGrpc (WatchRequestTests.java:get(214)) - majorityCommitted-Watch(42) returns RaftClientReply:client-5FE4B4CCF4A1->s1@group-76E74FC0E99E, cid=251, SUCCESS, logIndex=45, commits[s1:c50, s0:c17, s2:c45]
2024-01-25 07:58:12,201 [Time-limited test] INFO  grpc.TestWatchRequestWithGrpc (WatchRequestTests.java:checkMajority(275)) - checkMajority 17: receive RaftClientReply:client-5FE4B4CCF4A1->s1@group-76E74FC0E99E, cid=182, SUCCESS, logIndex=43, commits[s1:c44, s0:c17, s2:c39]
2024-01-25 07:58:12,201 [grpc-default-executor-0] DEBUG client.RaftClient (RaftClientImpl.java:get(158)) - client-5FE4B4CCF4A1: get 253 returns [182]
2024-01-25 07:58:12,201 [grpc-default-executor-0] DEBUG client.RaftClient (RaftClientImpl.java:newRequest(95)) - attempt #1, newRequest RaftClientRequest:client-5FE4B4CCF4A1->s1@group-76E74FC0E99E, cid=253, seq=null, Watch(43), null
2024-01-25 07:58:12,201 [grpc-default-executor-0] DEBUG impl.UnorderedAsync (UnorderedAsync.java:sendRequestWithRetry(80)) - client-5FE4B4CCF4A1: attempt #1 send~ RaftClientRequest:client-5FE4B4CCF4A1->s1@group-76E74FC0E99E, cid=253, seq=null, Watch(43), null
2024-01-25 07:58:12,202 [grpc-default-executor-0] DEBUG client.RaftClient (RaftClientImpl.java:get(158)) - client-5FE4B4CCF4A1: get 254 returns []
2024-01-25 07:58:12,202 [grpc-default-executor-0] DEBUG client.RaftClient (RaftClientImpl.java:newRequest(95)) - attempt #1, newRequest RaftClientRequest:client-5FE4B4CCF4A1->s1@group-76E74FC0E99E, cid=254, seq=null, Watch-ALL(43), null
2024-01-25 07:58:12,202 [grpc-default-executor-0] DEBUG impl.UnorderedAsync (UnorderedAsync.java:sendRequestWithRetry(80)) - client-5FE4B4CCF4A1: attempt #1 send~ RaftClientRequest:client-5FE4B4CCF4A1->s1@group-76E74FC0E99E, cid=254, seq=null, Watch-ALL(43), null
2024-01-25 07:58:12,202 [s1-client-thread3] DEBUG server.RaftServer$Division (RaftServerImpl.java:submitClientRequestAsync(880)) - s1@group-76E74FC0E99E: receive client request(RaftClientRequest:client-5FE4B4CCF4A1->s1@group-76E74FC0E99E, cid=253, seq=null, Watch(43), Message:<EMPTY>)
2024-01-25 07:58:12,202 [s1-client-thread3] DEBUG server.RaftServer$Division (LeaderStateImpl.java:addWatchRequest(552)) - s1@group-76E74FC0E99E-LeaderStateImpl: addWatchRequest RaftClientRequest:client-5FE4B4CCF4A1->s1@group-76E74FC0E99E, cid=253, seq=null, Watch(43), Message:<EMPTY>
2024-01-25 07:58:12,202 [grpc-default-executor-0] DEBUG client.RaftClient (RaftClientImpl.java:get(158)) - client-5FE4B4CCF4A1: get 255 returns []
2024-01-25 07:58:12,202 [ForkJoinPool.commonPool-worker-3] DEBUG impl.UnorderedAsync (UnorderedAsync.java:lambda$sendRequestWithRetry$4(83)) - client-5FE4B4CCF4A1: attempt #1 receive~ RaftClientReply:client-5FE4B4CCF4A1->s1@group-76E74FC0E99E, cid=253, SUCCESS, logIndex=50, commits[s1:c50, s0:c17, s2:c45]
2024-01-25 07:58:12,202 [s1-client-thread3] DEBUG server.RaftServer$Division (RaftServerImpl.java:submitClientRequestAsync(880)) - s1@group-76E74FC0E99E: receive client request(RaftClientRequest:client-5FE4B4CCF4A1->s1@group-76E74FC0E99E, cid=254, seq=null, Watch-ALL(43), Message:<EMPTY>)
2024-01-25 07:58:12,202 [grpc-default-executor-0] DEBUG client.RaftClient (RaftClientImpl.java:newRequest(95)) - attempt #1, newRequest RaftClientRequest:client-5FE4B4CCF4A1->s1@group-76E74FC0E99E, cid=255, seq=null, Watch-MAJORITY_COMMITTED(43), null
2024-01-25 07:58:12,202 [grpc-default-executor-0] DEBUG impl.UnorderedAsync (UnorderedAsync.java:sendRequestWithRetry(80)) - client-5FE4B4CCF4A1: attempt #1 send~ RaftClientRequest:client-5FE4B4CCF4A1->s1@group-76E74FC0E99E, cid=255, seq=null, Watch-MAJORITY_COMMITTED(43), null
2024-01-25 07:58:12,202 [s1-client-thread3] DEBUG server.RaftServer$Division (LeaderStateImpl.java:addWatchRequest(552)) - s1@group-76E74FC0E99E-LeaderStateImpl: addWatchRequest RaftClientRequest:client-5FE4B4CCF4A1->s1@group-76E74FC0E99E, cid=254, seq=null, Watch-ALL(43), Message:<EMPTY>
2024-01-25 07:58:12,203 [grpc-default-executor-0] DEBUG client.RaftClient (RaftClientImpl.java:get(158)) - client-5FE4B4CCF4A1: get 256 returns []
2024-01-25 07:58:12,203 [s1-client-thread3] DEBUG server.RaftServer$Division (RaftServerImpl.java:submitClientRequestAsync(880)) - s1@group-76E74FC0E99E: receive client request(RaftClientRequest:client-5FE4B4CCF4A1->s1@group-76E74FC0E99E, cid=255, seq=null, Watch-MAJORITY_COMMITTED(43), Message:<EMPTY>)
2024-01-25 07:58:12,203 [grpc-default-executor-0] DEBUG client.RaftClient (RaftClientImpl.java:newRequest(95)) - attempt #1, newRequest RaftClientRequest:client-5FE4B4CCF4A1->s1@group-76E74FC0E99E, cid=256, seq=null, Watch-ALL_COMMITTED(43), null
2024-01-25 07:58:12,203 [s1-client-thread3] DEBUG server.RaftServer$Division (LeaderStateImpl.java:addWatchRequest(552)) - s1@group-76E74FC0E99E-LeaderStateImpl: addWatchRequest RaftClientRequest:client-5FE4B4CCF4A1->s1@group-76E74FC0E99E, cid=255, seq=null, Watch-MAJORITY_COMMITTED(43), Message:<EMPTY>
2024-01-25 07:58:12,203 [grpc-default-executor-0] DEBUG impl.UnorderedAsync (UnorderedAsync.java:sendRequestWithRetry(80)) - client-5FE4B4CCF4A1: attempt #1 send~ RaftClientRequest:client-5FE4B4CCF4A1->s1@group-76E74FC0E99E, cid=256, seq=null, Watch-ALL_COMMITTED(43), null
2024-01-25 07:58:12,203 [ForkJoinPool.commonPool-worker-3] DEBUG impl.UnorderedAsync (UnorderedAsync.java:lambda$sendRequestWithRetry$4(83)) - client-5FE4B4CCF4A1: attempt #1 receive~ RaftClientReply:client-5FE4B4CCF4A1->s1@group-76E74FC0E99E, cid=255, SUCCESS, logIndex=45, commits[s1:c50, s0:c17, s2:c45]
2024-01-25 07:58:12,204 [Time-limited test] INFO  grpc.TestWatchRequestWithGrpc (WatchRequestTests.java:get(214)) - majority-Watch(43) returns RaftClientReply:client-5FE4B4CCF4A1->s1@group-76E74FC0E99E, cid=253, SUCCESS, logIndex=50, commits[s1:c50, s0:c17, s2:c45]
2024-01-25 07:58:12,204 [s1-client-thread3] DEBUG server.RaftServer$Division (RaftServerImpl.java:submitClientRequestAsync(880)) - s1@group-76E74FC0E99E: receive client request(RaftClientRequest:client-5FE4B4CCF4A1->s1@group-76E74FC0E99E, cid=256, seq=null, Watch-ALL_COMMITTED(43), Message:<EMPTY>)
2024-01-25 07:58:12,204 [Time-limited test] INFO  grpc.TestWatchRequestWithGrpc (WatchRequestTests.java:get(214)) - majorityCommitted-Watch(43) returns RaftClientReply:client-5FE4B4CCF4A1->s1@group-76E74FC0E99E, cid=255, SUCCESS, logIndex=45, commits[s1:c50, s0:c17, s2:c45]
2024-01-25 07:58:12,204 [s1-client-thread3] DEBUG server.RaftServer$Division (LeaderStateImpl.java:addWatchRequest(552)) - s1@group-76E74FC0E99E-LeaderStateImpl: addWatchRequest RaftClientRequest:client-5FE4B4CCF4A1->s1@group-76E74FC0E99E, cid=256, seq=null, Watch-ALL_COMMITTED(43), Message:<EMPTY>
2024-01-25 07:58:12,204 [grpc-default-executor-0] DEBUG client.RaftClient (RaftClientImpl.java:add(146)) - client-5FE4B4CCF4A1: add replied callId 183
2024-01-25 07:58:12,204 [grpc-default-executor-0] INFO  grpc.TestWatchRequestWithGrpc (WatchRequestTests.java:lambda$sendRequests$0(113)) - SEND_WATCH: message=m18, logIndex=44
2024-01-25 07:58:12,204 [grpc-default-executor-0] DEBUG client.RaftClient (RaftClientImpl.java:get(158)) - client-5FE4B4CCF4A1: get 257 returns [183]
2024-01-25 07:58:12,204 [grpc-default-executor-0] DEBUG client.RaftClient (RaftClientImpl.java:newRequest(95)) - attempt #1, newRequest RaftClientRequest:client-5FE4B4CCF4A1->s1@group-76E74FC0E99E, cid=257, seq=null, Watch(44), null
2024-01-25 07:58:12,204 [grpc-default-executor-0] DEBUG impl.UnorderedAsync (UnorderedAsync.java:sendRequestWithRetry(80)) - client-5FE4B4CCF4A1: attempt #1 send~ RaftClientRequest:client-5FE4B4CCF4A1->s1@group-76E74FC0E99E, cid=257, seq=null, Watch(44), null
2024-01-25 07:58:12,205 [grpc-default-executor-0] DEBUG client.RaftClient (RaftClientImpl.java:get(158)) - client-5FE4B4CCF4A1: get 258 returns []
2024-01-25 07:58:12,205 [s1-client-thread3] DEBUG server.RaftServer$Division (RaftServerImpl.java:submitClientRequestAsync(880)) - s1@group-76E74FC0E99E: receive client request(RaftClientRequest:client-5FE4B4CCF4A1->s1@group-76E74FC0E99E, cid=257, seq=null, Watch(44), Message:<EMPTY>)
2024-01-25 07:58:12,205 [grpc-default-executor-0] DEBUG client.RaftClient (RaftClientImpl.java:newRequest(95)) - attempt #1, newRequest RaftClientRequest:client-5FE4B4CCF4A1->s1@group-76E74FC0E99E, cid=258, seq=null, Watch-ALL(44), null
2024-01-25 07:58:12,205 [grpc-default-executor-0] DEBUG impl.UnorderedAsync (UnorderedAsync.java:sendRequestWithRetry(80)) - client-5FE4B4CCF4A1: attempt #1 send~ RaftClientRequest:client-5FE4B4CCF4A1->s1@group-76E74FC0E99E, cid=258, seq=null, Watch-ALL(44), null
2024-01-25 07:58:12,205 [s1-client-thread3] DEBUG server.RaftServer$Division (LeaderStateImpl.java:addWatchRequest(552)) - s1@group-76E74FC0E99E-LeaderStateImpl: addWatchRequest RaftClientRequest:client-5FE4B4CCF4A1->s1@group-76E74FC0E99E, cid=257, seq=null, Watch(44), Message:<EMPTY>
2024-01-25 07:58:12,205 [s1-client-thread3] DEBUG server.RaftServer$Division (RaftServerImpl.java:submitClientRequestAsync(880)) - s1@group-76E74FC0E99E: receive client request(RaftClientRequest:client-5FE4B4CCF4A1->s1@group-76E74FC0E99E, cid=258, seq=null, Watch-ALL(44), Message:<EMPTY>)
2024-01-25 07:58:12,205 [grpc-default-executor-0] DEBUG client.RaftClient (RaftClientImpl.java:get(158)) - client-5FE4B4CCF4A1: get 259 returns []
2024-01-25 07:58:12,205 [grpc-default-executor-0] DEBUG client.RaftClient (RaftClientImpl.java:newRequest(95)) - attempt #1, newRequest RaftClientRequest:client-5FE4B4CCF4A1->s1@group-76E74FC0E99E, cid=259, seq=null, Watch-MAJORITY_COMMITTED(44), null
2024-01-25 07:58:12,205 [grpc-default-executor-0] DEBUG impl.UnorderedAsync (UnorderedAsync.java:sendRequestWithRetry(80)) - client-5FE4B4CCF4A1: attempt #1 send~ RaftClientRequest:client-5FE4B4CCF4A1->s1@group-76E74FC0E99E, cid=259, seq=null, Watch-MAJORITY_COMMITTED(44), null
2024-01-25 07:58:12,205 [s1-client-thread3] DEBUG server.RaftServer$Division (LeaderStateImpl.java:addWatchRequest(552)) - s1@group-76E74FC0E99E-LeaderStateImpl: addWatchRequest RaftClientRequest:client-5FE4B4CCF4A1->s1@group-76E74FC0E99E, cid=258, seq=null, Watch-ALL(44), Message:<EMPTY>
2024-01-25 07:58:12,205 [ForkJoinPool.commonPool-worker-3] DEBUG impl.UnorderedAsync (UnorderedAsync.java:lambda$sendRequestWithRetry$4(83)) - client-5FE4B4CCF4A1: attempt #1 receive~ RaftClientReply:client-5FE4B4CCF4A1->s1@group-76E74FC0E99E, cid=257, SUCCESS, logIndex=50, commits[s1:c50, s0:c17, s2:c45]
2024-01-25 07:58:12,206 [grpc-default-executor-0] DEBUG client.RaftClient (RaftClientImpl.java:get(158)) - client-5FE4B4CCF4A1: get 260 returns []
2024-01-25 07:58:12,206 [grpc-default-executor-0] DEBUG client.RaftClient (RaftClientImpl.java:newRequest(95)) - attempt #1, newRequest RaftClientRequest:client-5FE4B4CCF4A1->s1@group-76E74FC0E99E, cid=260, seq=null, Watch-ALL_COMMITTED(44), null
2024-01-25 07:58:12,206 [s1-client-thread3] DEBUG server.RaftServer$Division (RaftServerImpl.java:submitClientRequestAsync(880)) - s1@group-76E74FC0E99E: receive client request(RaftClientRequest:client-5FE4B4CCF4A1->s1@group-76E74FC0E99E, cid=259, seq=null, Watch-MAJORITY_COMMITTED(44), Message:<EMPTY>)
2024-01-25 07:58:12,206 [grpc-default-executor-0] DEBUG impl.UnorderedAsync (UnorderedAsync.java:sendRequestWithRetry(80)) - client-5FE4B4CCF4A1: attempt #1 send~ RaftClientRequest:client-5FE4B4CCF4A1->s1@group-76E74FC0E99E, cid=260, seq=null, Watch-ALL_COMMITTED(44), null
2024-01-25 07:58:12,206 [s1-client-thread3] DEBUG server.RaftServer$Division (LeaderStateImpl.java:addWatchRequest(552)) - s1@group-76E74FC0E99E-LeaderStateImpl: addWatchRequest RaftClientRequest:client-5FE4B4CCF4A1->s1@group-76E74FC0E99E, cid=259, seq=null, Watch-MAJORITY_COMMITTED(44), Message:<EMPTY>
2024-01-25 07:58:12,206 [Time-limited test] INFO  grpc.TestWatchRequestWithGrpc (WatchRequestTests.java:checkMajority(275)) - checkMajority 18: receive RaftClientReply:client-5FE4B4CCF4A1->s1@group-76E74FC0E99E, cid=183, SUCCESS, logIndex=44, commits[s1:c44, s0:c17, s2:c39]
2024-01-25 07:58:12,206 [grpc-default-executor-5] DEBUG client.RaftClient (RaftClientImpl.java:add(146)) - client-5FE4B4CCF4A1: add replied callId 184
2024-01-25 07:58:12,206 [s1-client-thread3] DEBUG server.RaftServer$Division (RaftServerImpl.java:submitClientRequestAsync(880)) - s1@group-76E74FC0E99E: receive client request(RaftClientRequest:client-5FE4B4CCF4A1->s1@group-76E74FC0E99E, cid=260, seq=null, Watch-ALL_COMMITTED(44), Message:<EMPTY>)
2024-01-25 07:58:12,206 [Time-limited test] INFO  grpc.TestWatchRequestWithGrpc (WatchRequestTests.java:get(214)) - majority-Watch(44) returns RaftClientReply:client-5FE4B4CCF4A1->s1@group-76E74FC0E99E, cid=257, SUCCESS, logIndex=50, commits[s1:c50, s0:c17, s2:c45]
2024-01-25 07:58:12,207 [s1-client-thread3] DEBUG server.RaftServer$Division (LeaderStateImpl.java:addWatchRequest(552)) - s1@group-76E74FC0E99E-LeaderStateImpl: addWatchRequest RaftClientRequest:client-5FE4B4CCF4A1->s1@group-76E74FC0E99E, cid=260, seq=null, Watch-ALL_COMMITTED(44), Message:<EMPTY>
2024-01-25 07:58:12,206 [grpc-default-executor-5] INFO  grpc.TestWatchRequestWithGrpc (WatchRequestTests.java:lambda$sendRequests$0(113)) - SEND_WATCH: message=m19, logIndex=45
2024-01-25 07:58:12,207 [ForkJoinPool.commonPool-worker-3] DEBUG impl.UnorderedAsync (UnorderedAsync.java:lambda$sendRequestWithRetry$4(83)) - client-5FE4B4CCF4A1: attempt #1 receive~ RaftClientReply:client-5FE4B4CCF4A1->s1@group-76E74FC0E99E, cid=259, SUCCESS, logIndex=45, commits[s1:c50, s0:c17, s2:c45]
2024-01-25 07:58:12,207 [grpc-default-executor-5] DEBUG client.RaftClient (RaftClientImpl.java:get(158)) - client-5FE4B4CCF4A1: get 261 returns [184]
2024-01-25 07:58:12,207 [Time-limited test] INFO  grpc.TestWatchRequestWithGrpc (WatchRequestTests.java:get(214)) - majorityCommitted-Watch(44) returns RaftClientReply:client-5FE4B4CCF4A1->s1@group-76E74FC0E99E, cid=259, SUCCESS, logIndex=45, commits[s1:c50, s0:c17, s2:c45]
2024-01-25 07:58:12,207 [grpc-default-executor-5] DEBUG client.RaftClient (RaftClientImpl.java:newRequest(95)) - attempt #1, newRequest RaftClientRequest:client-5FE4B4CCF4A1->s1@group-76E74FC0E99E, cid=261, seq=null, Watch(45), null
2024-01-25 07:58:12,207 [Time-limited test] INFO  grpc.TestWatchRequestWithGrpc (WatchRequestTests.java:checkMajority(275)) - checkMajority 19: receive RaftClientReply:client-5FE4B4CCF4A1->s1@group-76E74FC0E99E, cid=184, SUCCESS, logIndex=45, commits[s1:c45, s0:c17, s2:c43]
2024-01-25 07:58:12,207 [grpc-default-executor-5] DEBUG impl.UnorderedAsync (UnorderedAsync.java:sendRequestWithRetry(80)) - client-5FE4B4CCF4A1: attempt #1 send~ RaftClientRequest:client-5FE4B4CCF4A1->s1@group-76E74FC0E99E, cid=261, seq=null, Watch(45), null
2024-01-25 07:58:12,207 [grpc-default-executor-5] DEBUG client.RaftClient (RaftClientImpl.java:get(158)) - client-5FE4B4CCF4A1: get 262 returns []
2024-01-25 07:58:12,207 [grpc-default-executor-5] DEBUG client.RaftClient (RaftClientImpl.java:newRequest(95)) - attempt #1, newRequest RaftClientRequest:client-5FE4B4CCF4A1->s1@group-76E74FC0E99E, cid=262, seq=null, Watch-ALL(45), null
2024-01-25 07:58:12,207 [s1-client-thread3] DEBUG server.RaftServer$Division (RaftServerImpl.java:submitClientRequestAsync(880)) - s1@group-76E74FC0E99E: receive client request(RaftClientRequest:client-5FE4B4CCF4A1->s1@group-76E74FC0E99E, cid=261, seq=null, Watch(45), Message:<EMPTY>)
2024-01-25 07:58:12,207 [grpc-default-executor-5] DEBUG impl.UnorderedAsync (UnorderedAsync.java:sendRequestWithRetry(80)) - client-5FE4B4CCF4A1: attempt #1 send~ RaftClientRequest:client-5FE4B4CCF4A1->s1@group-76E74FC0E99E, cid=262, seq=null, Watch-ALL(45), null
2024-01-25 07:58:12,207 [s1-client-thread3] DEBUG server.RaftServer$Division (LeaderStateImpl.java:addWatchRequest(552)) - s1@group-76E74FC0E99E-LeaderStateImpl: addWatchRequest RaftClientRequest:client-5FE4B4CCF4A1->s1@group-76E74FC0E99E, cid=261, seq=null, Watch(45), Message:<EMPTY>
2024-01-25 07:58:12,208 [grpc-default-executor-5] DEBUG client.RaftClient (RaftClientImpl.java:get(158)) - client-5FE4B4CCF4A1: get 263 returns []
2024-01-25 07:58:12,208 [grpc-default-executor-5] DEBUG client.RaftClient (RaftClientImpl.java:newRequest(95)) - attempt #1, newRequest RaftClientRequest:client-5FE4B4CCF4A1->s1@group-76E74FC0E99E, cid=263, seq=null, Watch-MAJORITY_COMMITTED(45), null
2024-01-25 07:58:12,208 [grpc-default-executor-5] DEBUG impl.UnorderedAsync (UnorderedAsync.java:sendRequestWithRetry(80)) - client-5FE4B4CCF4A1: attempt #1 send~ RaftClientRequest:client-5FE4B4CCF4A1->s1@group-76E74FC0E99E, cid=263, seq=null, Watch-MAJORITY_COMMITTED(45), null
2024-01-25 07:58:12,208 [grpc-default-executor-5] DEBUG client.RaftClient (RaftClientImpl.java:get(158)) - client-5FE4B4CCF4A1: get 264 returns []
2024-01-25 07:58:12,208 [grpc-default-executor-5] DEBUG client.RaftClient (RaftClientImpl.java:newRequest(95)) - attempt #1, newRequest RaftClientRequest:client-5FE4B4CCF4A1->s1@group-76E74FC0E99E, cid=264, seq=null, Watch-ALL_COMMITTED(45), null
2024-01-25 07:58:12,208 [grpc-default-executor-5] DEBUG impl.UnorderedAsync (UnorderedAsync.java:sendRequestWithRetry(80)) - client-5FE4B4CCF4A1: attempt #1 send~ RaftClientRequest:client-5FE4B4CCF4A1->s1@group-76E74FC0E99E, cid=264, seq=null, Watch-ALL_COMMITTED(45), null
2024-01-25 07:58:12,208 [s1-client-thread3] DEBUG server.RaftServer$Division (RaftServerImpl.java:submitClientRequestAsync(880)) - s1@group-76E74FC0E99E: receive client request(RaftClientRequest:client-5FE4B4CCF4A1->s1@group-76E74FC0E99E, cid=262, seq=null, Watch-ALL(45), Message:<EMPTY>)
2024-01-25 07:58:12,208 [s1-client-thread3] DEBUG server.RaftServer$Division (LeaderStateImpl.java:addWatchRequest(552)) - s1@group-76E74FC0E99E-LeaderStateImpl: addWatchRequest RaftClientRequest:client-5FE4B4CCF4A1->s1@group-76E74FC0E99E, cid=262, seq=null, Watch-ALL(45), Message:<EMPTY>
2024-01-25 07:58:12,209 [ForkJoinPool.commonPool-worker-3] DEBUG impl.UnorderedAsync (UnorderedAsync.java:lambda$sendRequestWithRetry$4(83)) - client-5FE4B4CCF4A1: attempt #1 receive~ RaftClientReply:client-5FE4B4CCF4A1->s1@group-76E74FC0E99E, cid=261, SUCCESS, logIndex=50, commits[s1:c50, s0:c17, s2:c45]
2024-01-25 07:58:12,209 [Time-limited test] INFO  grpc.TestWatchRequestWithGrpc (WatchRequestTests.java:get(214)) - majority-Watch(45) returns RaftClientReply:client-5FE4B4CCF4A1->s1@group-76E74FC0E99E, cid=261, SUCCESS, logIndex=50, commits[s1:c50, s0:c17, s2:c45]
2024-01-25 07:58:12,209 [s1-client-thread3] DEBUG server.RaftServer$Division (RaftServerImpl.java:submitClientRequestAsync(880)) - s1@group-76E74FC0E99E: receive client request(RaftClientRequest:client-5FE4B4CCF4A1->s1@group-76E74FC0E99E, cid=263, seq=null, Watch-MAJORITY_COMMITTED(45), Message:<EMPTY>)
2024-01-25 07:58:12,209 [s1-client-thread3] DEBUG server.RaftServer$Division (LeaderStateImpl.java:addWatchRequest(552)) - s1@group-76E74FC0E99E-LeaderStateImpl: addWatchRequest RaftClientRequest:client-5FE4B4CCF4A1->s1@group-76E74FC0E99E, cid=263, seq=null, Watch-MAJORITY_COMMITTED(45), Message:<EMPTY>
2024-01-25 07:58:12,209 [s1-client-thread3] DEBUG server.RaftServer$Division (RaftServerImpl.java:submitClientRequestAsync(880)) - s1@group-76E74FC0E99E: receive client request(RaftClientRequest:client-5FE4B4CCF4A1->s1@group-76E74FC0E99E, cid=264, seq=null, Watch-ALL_COMMITTED(45), Message:<EMPTY>)
2024-01-25 07:58:12,209 [s1-client-thread3] DEBUG server.RaftServer$Division (LeaderStateImpl.java:addWatchRequest(552)) - s1@group-76E74FC0E99E-LeaderStateImpl: addWatchRequest RaftClientRequest:client-5FE4B4CCF4A1->s1@group-76E74FC0E99E, cid=264, seq=null, Watch-ALL_COMMITTED(45), Message:<EMPTY>
2024-01-25 07:58:12,209 [ForkJoinPool.commonPool-worker-3] DEBUG impl.UnorderedAsync (UnorderedAsync.java:lambda$sendRequestWithRetry$4(83)) - client-5FE4B4CCF4A1: attempt #1 receive~ RaftClientReply:client-5FE4B4CCF4A1->s1@group-76E74FC0E99E, cid=263, SUCCESS, logIndex=45, commits[s1:c50, s0:c17, s2:c45]
2024-01-25 07:58:12,209 [Time-limited test] INFO  grpc.TestWatchRequestWithGrpc (WatchRequestTests.java:get(214)) - majorityCommitted-Watch(45) returns RaftClientReply:client-5FE4B4CCF4A1->s1@group-76E74FC0E99E, cid=263, SUCCESS, logIndex=45, commits[s1:c50, s0:c17, s2:c45]
2024-01-25 07:58:12,251 [grpc-default-executor-0] DEBUG impl.WatchRequests (WatchRequests.java:updateIndex(150)) - s1@group-76E74FC0E99E-WatchRequests: update MAJORITY_COMMITTED index from 45 to 50
2024-01-25 07:58:13,210 [Time-limited test] INFO  grpc.TestWatchRequestWithGrpc (WatchRequestTests.java:runTestWatchRequestAsync(266)) - unblock follower s0
2024-01-25 07:58:13,210 [Time-limited test] INFO  impl.SimpleStateMachine4Testing (SimpleStateMachine4Testing.java:unblock(142)) - unblock FLUSH_STATE_MACHINE_DATA
2024-01-25 07:58:13,210 [Time-limited test] INFO  grpc.TestWatchRequestWithGrpc (WatchRequestTests.java:checkAll(305)) - checkAll 0: logIndex=18
2024-01-25 07:58:13,210 [s0-server-thread1] DEBUG server.RaftServer$Division (RaftServerImpl.java:logAppendEntries(1520)) - s0@group-76E74FC0E99E: succeeded to handle AppendEntries. Reply: s1<-s0#904:OK-t1,SUCCESS,nextIndex=19,followerCommit=17,matchIndex=18
2024-01-25 07:58:13,211 [s1@group-76E74FC0E99E-LeaderStateImpl] DEBUG impl.WatchRequests (WatchRequests.java:updateIndex(150)) - s1@group-76E74FC0E99E-WatchRequests: update ALL index from 17 to 18
2024-01-25 07:58:13,211 [s1@group-76E74FC0E99E-LeaderStateImpl] DEBUG impl.WatchRequests (WatchRequests.java:updateIndex(160)) - s1@group-76E74FC0E99E-WatchRequests: complete Watch-ALL(18)@40.239s?NOT_DONE
2024-01-25 07:58:13,211 [s0-server-thread1] DEBUG server.RaftServer$Division (RaftServerImpl.java:logAppendEntries(1520)) - s0@group-76E74FC0E99E: succeeded to handle AppendEntries. Reply: s1<-s0#905:OK-t1,SUCCESS,nextIndex=20,followerCommit=17,matchIndex=19
2024-01-25 07:58:13,211 [s0-server-thread4] DEBUG server.RaftServer$Division (RaftServerImpl.java:logAppendEntries(1520)) - s0@group-76E74FC0E99E: succeeded to handle AppendEntries. Reply: s1<-s0#907:OK-t1,SUCCESS,nextIndex=24,followerCommit=19,matchIndex=23
2024-01-25 07:58:13,211 [s0@group-76E74FC0E99E-StateMachineUpdater] INFO  impl.SimpleStateMachine4Testing (SimpleStateMachine4Testing.java:applyTransaction(248)) - applyTransaction for log index 18
2024-01-25 07:58:13,211 [s0-server-thread3] DEBUG server.RaftServer$Division (RaftServerImpl.java:logAppendEntries(1520)) - s0@group-76E74FC0E99E: succeeded to handle AppendEntries. Reply: s1<-s0#909:OK-t1,SUCCESS,nextIndex=25,followerCommit=22,matchIndex=24
2024-01-25 07:58:13,211 [s0@group-76E74FC0E99E-StateMachineUpdater] INFO  impl.SimpleStateMachine4Testing (SimpleStateMachine4Testing.java:put(205)) - s0: put 18, m0 -> (t:1, i:18), STATEMACHINELOGENTRY, 165@client-5FE4B4CCF4A1
2024-01-25 07:58:13,211 [s0-server-thread5] DEBUG server.RaftServer$Division (RaftServerImpl.java:logAppendEntries(1520)) - s0@group-76E74FC0E99E: succeeded to handle AppendEntries. Reply: s1<-s0#906:OK-t1,SUCCESS,nextIndex=23,followerCommit=19,matchIndex=22
2024-01-25 07:58:13,211 [ForkJoinPool.commonPool-worker-3] DEBUG impl.UnorderedAsync (UnorderedAsync.java:lambda$sendRequestWithRetry$4(83)) - client-5FE4B4CCF4A1: attempt #1 receive~ RaftClientReply:client-5FE4B4CCF4A1->s1@group-76E74FC0E99E, cid=186, SUCCESS, logIndex=18, commits[s1:c50, s0:c17, s2:c50]
2024-01-25 07:58:13,211 [s0-server-thread2] DEBUG server.RaftServer$Division (RaftServerImpl.java:logAppendEntries(1520)) - s0@group-76E74FC0E99E: succeeded to handle AppendEntries. Reply: s1<-s0#910:OK-t1,SUCCESS,nextIndex=27,followerCommit=22,matchIndex=26
2024-01-25 07:58:13,211 [Time-limited test] INFO  grpc.TestWatchRequestWithGrpc (WatchRequestTests.java:get(214)) - all-Watch(18) returns RaftClientReply:client-5FE4B4CCF4A1->s1@group-76E74FC0E99E, cid=186, SUCCESS, logIndex=18, commits[s1:c50, s0:c17, s2:c50]
2024-01-25 07:58:13,212 [s0-server-thread5] DEBUG server.RaftServer$Division (RaftServerImpl.java:logAppendEntries(1520)) - s0@group-76E74FC0E99E: succeeded to handle AppendEntries. Reply: s1<-s0#913:OK-t1,SUCCESS,nextIndex=30,followerCommit=23,matchIndex=29
2024-01-25 07:58:13,212 [s0-server-thread6] DEBUG server.RaftServer$Division (RaftServerImpl.java:logAppendEntries(1520)) - s0@group-76E74FC0E99E: succeeded to handle AppendEntries. Reply: s1<-s0#911:OK-t1,SUCCESS,nextIndex=29,followerCommit=23,matchIndex=28
2024-01-25 07:58:13,212 [s1@group-76E74FC0E99E-LeaderStateImpl] DEBUG impl.WatchRequests (WatchRequests.java:updateIndex(150)) - s1@group-76E74FC0E99E-WatchRequests: update ALL index from 18 to 19
2024-01-25 07:58:13,212 [grpc-default-executor-0] DEBUG impl.WatchRequests (WatchRequests.java:updateIndex(150)) - s1@group-76E74FC0E99E-WatchRequests: update ALL_COMMITTED index from 17 to 19
2024-01-25 07:58:13,212 [grpc-default-executor-0] DEBUG impl.WatchRequests (WatchRequests.java:updateIndex(160)) - s1@group-76E74FC0E99E-WatchRequests: complete Watch-ALL_COMMITTED(18)@40.239s?NOT_DONE
2024-01-25 07:58:13,212 [s1@group-76E74FC0E99E-LeaderStateImpl] DEBUG impl.WatchRequests (WatchRequests.java:updateIndex(160)) - s1@group-76E74FC0E99E-WatchRequests: complete Watch-ALL(19)@40.239s?NOT_DONE
2024-01-25 07:58:13,212 [grpc-default-executor-0] DEBUG impl.WatchRequests (WatchRequests.java:updateIndex(160)) - s1@group-76E74FC0E99E-WatchRequests: complete Watch-ALL_COMMITTED(19)@40.239s?NOT_DONE
2024-01-25 07:58:13,212 [grpc-default-executor-2] DEBUG impl.WatchRequests (WatchRequests.java:updateIndex(150)) - s1@group-76E74FC0E99E-WatchRequests: update ALL_COMMITTED index from 19 to 23
2024-01-25 07:58:13,213 [grpc-default-executor-2] DEBUG impl.WatchRequests (WatchRequests.java:updateIndex(160)) - s1@group-76E74FC0E99E-WatchRequests: complete Watch-ALL_COMMITTED(20)@40.239s?NOT_DONE
2024-01-25 07:58:13,212 [ForkJoinPool.commonPool-worker-3] DEBUG impl.UnorderedAsync (UnorderedAsync.java:lambda$sendRequestWithRetry$4(83)) - client-5FE4B4CCF4A1: attempt #1 receive~ RaftClientReply:client-5FE4B4CCF4A1->s1@group-76E74FC0E99E, cid=188, SUCCESS, logIndex=19, commits[s1:c50, s0:c19, s2:c50]
2024-01-25 07:58:13,213 [grpc-default-executor-2] DEBUG impl.WatchRequests (WatchRequests.java:updateIndex(160)) - s1@group-76E74FC0E99E-WatchRequests: complete Watch-ALL_COMMITTED(22)@40.239s?NOT_DONE
2024-01-25 07:58:13,213 [ForkJoinPool.commonPool-worker-3] DEBUG impl.UnorderedAsync (UnorderedAsync.java:lambda$sendRequestWithRetry$4(83)) - client-5FE4B4CCF4A1: attempt #1 receive~ RaftClientReply:client-5FE4B4CCF4A1->s1@group-76E74FC0E99E, cid=190, SUCCESS, logIndex=19, commits[s1:c50, s0:c19, s2:c50]
2024-01-25 07:58:13,213 [Time-limited test] INFO  grpc.TestWatchRequestWithGrpc (WatchRequestTests.java:get(214)) - allCommitted-Watch(18) returns RaftClientReply:client-5FE4B4CCF4A1->s1@group-76E74FC0E99E, cid=188, SUCCESS, logIndex=19, commits[s1:c50, s0:c19, s2:c50]
2024-01-25 07:58:13,213 [Time-limited test] INFO  grpc.TestWatchRequestWithGrpc (WatchRequestTests.java:checkAll(305)) - checkAll 1: logIndex=19
2024-01-25 07:58:13,213 [Time-limited test] INFO  grpc.TestWatchRequestWithGrpc (WatchRequestTests.java:get(214)) - all-Watch(19) returns RaftClientReply:client-5FE4B4CCF4A1->s1@group-76E74FC0E99E, cid=190, SUCCESS, logIndex=19, commits[s1:c50, s0:c19, s2:c50]
2024-01-25 07:58:13,213 [ForkJoinPool.commonPool-worker-3] DEBUG impl.UnorderedAsync (UnorderedAsync.java:lambda$sendRequestWithRetry$4(83)) - client-5FE4B4CCF4A1: attempt #1 receive~ RaftClientReply:client-5FE4B4CCF4A1->s1@group-76E74FC0E99E, cid=192, SUCCESS, logIndex=19, commits[s1:c50, s0:c23, s2:c50]
2024-01-25 07:58:13,213 [ForkJoinPool.commonPool-worker-3] DEBUG impl.UnorderedAsync (UnorderedAsync.java:lambda$sendRequestWithRetry$4(83)) - client-5FE4B4CCF4A1: attempt #1 receive~ RaftClientReply:client-5FE4B4CCF4A1->s1@group-76E74FC0E99E, cid=196, SUCCESS, logIndex=23, commits[s1:c50, s0:c23, s2:c50]
2024-01-25 07:58:13,213 [ForkJoinPool.commonPool-worker-3] DEBUG impl.UnorderedAsync (UnorderedAsync.java:lambda$sendRequestWithRetry$4(83)) - client-5FE4B4CCF4A1: attempt #1 receive~ RaftClientReply:client-5FE4B4CCF4A1->s1@group-76E74FC0E99E, cid=200, SUCCESS, logIndex=23, commits[s1:c50, s0:c23, s2:c50]
2024-01-25 07:58:13,213 [s1@group-76E74FC0E99E-LeaderStateImpl] DEBUG impl.WatchRequests (WatchRequests.java:updateIndex(150)) - s1@group-76E74FC0E99E-WatchRequests: update ALL index from 19 to 29
2024-01-25 07:58:13,213 [s1@group-76E74FC0E99E-LeaderStateImpl] DEBUG impl.WatchRequests (WatchRequests.java:updateIndex(160)) - s1@group-76E74FC0E99E-WatchRequests: complete Watch-ALL(20)@40.239s?NOT_DONE
2024-01-25 07:58:13,213 [s1@group-76E74FC0E99E-LeaderStateImpl] DEBUG impl.WatchRequests (WatchRequests.java:updateIndex(160)) - s1@group-76E74FC0E99E-WatchRequests: complete Watch-ALL(22)@40.239s?NOT_DONE
2024-01-25 07:58:13,213 [s1@group-76E74FC0E99E-LeaderStateImpl] DEBUG impl.WatchRequests (WatchRequests.java:updateIndex(160)) - s1@group-76E74FC0E99E-WatchRequests: complete Watch-ALL(25)@40.239s?NOT_DONE
2024-01-25 07:58:13,214 [s1@group-76E74FC0E99E-LeaderStateImpl] DEBUG impl.WatchRequests (WatchRequests.java:updateIndex(160)) - s1@group-76E74FC0E99E-WatchRequests: complete Watch-ALL(26)@40.239s?NOT_DONE
2024-01-25 07:58:13,214 [s1@group-76E74FC0E99E-LeaderStateImpl] DEBUG impl.WatchRequests (WatchRequests.java:updateIndex(160)) - s1@group-76E74FC0E99E-WatchRequests: complete Watch-ALL(27)@40.239s?NOT_DONE
2024-01-25 07:58:13,214 [s1@group-76E74FC0E99E-LeaderStateImpl] DEBUG impl.WatchRequests (WatchRequests.java:updateIndex(160)) - s1@group-76E74FC0E99E-WatchRequests: complete Watch-ALL(28)@40.239s?NOT_DONE
2024-01-25 07:58:13,214 [s1@group-76E74FC0E99E-LeaderStateImpl] DEBUG impl.WatchRequests (WatchRequests.java:updateIndex(160)) - s1@group-76E74FC0E99E-WatchRequests: complete Watch-ALL(29)@40.239s?NOT_DONE
2024-01-25 07:58:13,214 [Time-limited test] INFO  grpc.TestWatchRequestWithGrpc (WatchRequestTests.java:get(214)) - allCommitted-Watch(19) returns RaftClientReply:client-5FE4B4CCF4A1->s1@group-76E74FC0E99E, cid=192, SUCCESS, logIndex=19, commits[s1:c50, s0:c23, s2:c50]
2024-01-25 07:58:13,214 [ForkJoinPool.commonPool-worker-1] DEBUG impl.UnorderedAsync (UnorderedAsync.java:lambda$sendRequestWithRetry$4(83)) - client-5FE4B4CCF4A1: attempt #1 receive~ RaftClientReply:client-5FE4B4CCF4A1->s1@group-76E74FC0E99E, cid=194, SUCCESS, logIndex=29, commits[s1:c50, s0:c23, s2:c50]
2024-01-25 07:58:13,214 [ForkJoinPool.commonPool-worker-3] DEBUG impl.UnorderedAsync (UnorderedAsync.java:lambda$sendRequestWithRetry$4(83)) - client-5FE4B4CCF4A1: attempt #1 receive~ RaftClientReply:client-5FE4B4CCF4A1->s1@group-76E74FC0E99E, cid=198, SUCCESS, logIndex=29, commits[s1:c50, s0:c23, s2:c50]
2024-01-25 07:58:13,214 [Time-limited test] INFO  grpc.TestWatchRequestWithGrpc (WatchRequestTests.java:checkAll(305)) - checkAll 2: logIndex=20
2024-01-25 07:58:13,214 [ForkJoinPool.commonPool-worker-3] DEBUG impl.UnorderedAsync (UnorderedAsync.java:lambda$sendRequestWithRetry$4(83)) - client-5FE4B4CCF4A1: attempt #1 receive~ RaftClientReply:client-5FE4B4CCF4A1->s1@group-76E74FC0E99E, cid=206, SUCCESS, logIndex=29, commits[s1:c50, s0:c23, s2:c50]
2024-01-25 07:58:13,214 [Time-limited test] INFO  grpc.TestWatchRequestWithGrpc (WatchRequestTests.java:get(214)) - all-Watch(20) returns RaftClientReply:client-5FE4B4CCF4A1->s1@group-76E74FC0E99E, cid=194, SUCCESS, logIndex=29, commits[s1:c50, s0:c23, s2:c50]
2024-01-25 07:58:13,214 [Time-limited test] INFO  grpc.TestWatchRequestWithGrpc (WatchRequestTests.java:get(214)) - allCommitted-Watch(20) returns RaftClientReply:client-5FE4B4CCF4A1->s1@group-76E74FC0E99E, cid=196, SUCCESS, logIndex=23, commits[s1:c50, s0:c23, s2:c50]
2024-01-25 07:58:13,214 [Time-limited test] INFO  grpc.TestWatchRequestWithGrpc (WatchRequestTests.java:checkAll(305)) - checkAll 3: logIndex=22
2024-01-25 07:58:13,214 [Time-limited test] INFO  grpc.TestWatchRequestWithGrpc (WatchRequestTests.java:get(214)) - all-Watch(22) returns RaftClientReply:client-5FE4B4CCF4A1->s1@group-76E74FC0E99E, cid=198, SUCCESS, logIndex=29, commits[s1:c50, s0:c23, s2:c50]
2024-01-25 07:58:13,214 [Time-limited test] INFO  grpc.TestWatchRequestWithGrpc (WatchRequestTests.java:get(214)) - allCommitted-Watch(22) returns RaftClientReply:client-5FE4B4CCF4A1->s1@group-76E74FC0E99E, cid=200, SUCCESS, logIndex=23, commits[s1:c50, s0:c23, s2:c50]
2024-01-25 07:58:13,214 [ForkJoinPool.commonPool-worker-1] DEBUG impl.UnorderedAsync (UnorderedAsync.java:lambda$sendRequestWithRetry$4(83)) - client-5FE4B4CCF4A1: attempt #1 receive~ RaftClientReply:client-5FE4B4CCF4A1->s1@group-76E74FC0E99E, cid=202, SUCCESS, logIndex=29, commits[s1:c50, s0:c23, s2:c50]
2024-01-25 07:58:13,214 [Time-limited test] INFO  grpc.TestWatchRequestWithGrpc (WatchRequestTests.java:checkAll(305)) - checkAll 4: logIndex=25
2024-01-25 07:58:13,215 [ForkJoinPool.commonPool-worker-3] DEBUG impl.UnorderedAsync (UnorderedAsync.java:lambda$sendRequestWithRetry$4(83)) - client-5FE4B4CCF4A1: attempt #1 receive~ RaftClientReply:client-5FE4B4CCF4A1->s1@group-76E74FC0E99E, cid=210, SUCCESS, logIndex=29, commits[s1:c50, s0:c23, s2:c50]
2024-01-25 07:58:13,215 [Time-limited test] INFO  grpc.TestWatchRequestWithGrpc (WatchRequestTests.java:get(214)) - all-Watch(25) returns RaftClientReply:client-5FE4B4CCF4A1->s1@group-76E74FC0E99E, cid=202, SUCCESS, logIndex=29, commits[s1:c50, s0:c23, s2:c50]
2024-01-25 07:58:13,215 [ForkJoinPool.commonPool-worker-3] DEBUG impl.UnorderedAsync (UnorderedAsync.java:lambda$sendRequestWithRetry$4(83)) - client-5FE4B4CCF4A1: attempt #1 receive~ RaftClientReply:client-5FE4B4CCF4A1->s1@group-76E74FC0E99E, cid=214, SUCCESS, logIndex=29, commits[s1:c50, s0:c23, s2:c50]
2024-01-25 07:58:13,215 [ForkJoinPool.commonPool-worker-3] DEBUG impl.UnorderedAsync (UnorderedAsync.java:lambda$sendRequestWithRetry$4(83)) - client-5FE4B4CCF4A1: attempt #1 receive~ RaftClientReply:client-5FE4B4CCF4A1->s1@group-76E74FC0E99E, cid=218, SUCCESS, logIndex=29, commits[s1:c50, s0:c23, s2:c50]
2024-01-25 07:58:13,217 [s0@group-76E74FC0E99E-StateMachineUpdater] INFO  impl.SimpleStateMachine4Testing (SimpleStateMachine4Testing.java:applyTransaction(248)) - applyTransaction for log index 19
2024-01-25 07:58:13,217 [s0@group-76E74FC0E99E-StateMachineUpdater] INFO  impl.SimpleStateMachine4Testing (SimpleStateMachine4Testing.java:put(205)) - s0: put 19, m1 -> (t:1, i:19), STATEMACHINELOGENTRY, 166@client-5FE4B4CCF4A1
2024-01-25 07:58:13,217 [s0@group-76E74FC0E99E-StateMachineUpdater] INFO  impl.SimpleStateMachine4Testing (SimpleStateMachine4Testing.java:applyTransaction(248)) - applyTransaction for log index 20
2024-01-25 07:58:13,217 [s0@group-76E74FC0E99E-StateMachineUpdater] INFO  impl.SimpleStateMachine4Testing (SimpleStateMachine4Testing.java:put(205)) - s0: put 20, m2 -> (t:1, i:20), STATEMACHINELOGENTRY, 167@client-5FE4B4CCF4A1
2024-01-25 07:58:13,217 [s0@group-76E74FC0E99E-StateMachineUpdater] INFO  impl.SimpleStateMachine4Testing (SimpleStateMachine4Testing.java:applyTransaction(248)) - applyTransaction for log index 22
2024-01-25 07:58:13,218 [s0@group-76E74FC0E99E-StateMachineUpdater] INFO  impl.SimpleStateMachine4Testing (SimpleStateMachine4Testing.java:put(205)) - s0: put 22, m3 -> (t:1, i:22), STATEMACHINELOGENTRY, 168@client-5FE4B4CCF4A1
2024-01-25 07:58:13,219 [s0-server-thread2] DEBUG server.RaftServer$Division (RaftServerImpl.java:logAppendEntries(1520)) - s0@group-76E74FC0E99E: receive appendEntries(s1, 1, (t:1, i:29), 50, false, commits:[s1:c50, s0:c23, s2:c50], cId:1750, entries: [(t:1, i:30), METADATAENTRY(c:25), (t:1, i:31), STATEMACHINELOGENTRY, 174@client-5FE4B4CCF4A1, (t:1, i:32), STATEMACHINELOGENTRY, 175@client-5FE4B4CCF4A1, (t:1, i:33), STATEMACHINELOGENTRY, 176@client-5FE4B4CCF4A1, (t:1, i:34), STATEMACHINELOGENTRY, 177@client-5FE4B4CCF4A1, (t:1, i:35), METADATAENTRY(c:28), (t:1, i:36), STATEMACHINELOGENTRY, 178@client-5FE4B4CCF4A1, (t:1, i:37), METADATAENTRY(c:31), (t:1, i:38), STATEMACHINELOGENTRY, 179@client-5FE4B4CCF4A1, (t:1, i:39), METADATAENTRY(c:34), (t:1, i:40), STATEMACHINELOGENTRY, 180@client-5FE4B4CCF4A1, (t:1, i:41), METADATAENTRY(c:38), (t:1, i:42), STATEMACHINELOGENTRY, 181@client-5FE4B4CCF4A1, (t:1, i:43), STATEMACHINELOGENTRY, 182@client-5FE4B4CCF4A1, (t:1, i:44), STATEMACHINELOGENTRY, 183@client-5FE4B4CCF4A1, (t:1, i:45), STATEMACHINELOGENTRY, 184@client-5FE4B4CCF4A1, (t:1, i:46), METADATAENTRY(c:40), (t:1, i:47), METADATAENTRY(c:42), (t:1, i:48), METADATAENTRY(c:43), (t:1, i:49), METADATAENTRY(c:44), (t:1, i:50), METADATAENTRY(c:45)]
2024-01-25 07:58:13,222 [s0-server-thread2] DEBUG server.RaftServer$Division (RaftServerImpl.java:logAppendEntries(1520)) - s0@group-76E74FC0E99E: succeeded to handle AppendEntries. Reply: s1<-s0#1750:OK-t1,SUCCESS,nextIndex=51,followerCommit=50,matchIndex=50
2024-01-25 07:58:13,222 [s0@group-76E74FC0E99E-StateMachineUpdater] INFO  impl.SimpleStateMachine4Testing (SimpleStateMachine4Testing.java:applyTransaction(248)) - applyTransaction for log index 25
2024-01-25 07:58:13,222 [s0@group-76E74FC0E99E-StateMachineUpdater] INFO  impl.SimpleStateMachine4Testing (SimpleStateMachine4Testing.java:put(205)) - s0: put 25, m4 -> (t:1, i:25), STATEMACHINELOGENTRY, 169@client-5FE4B4CCF4A1
2024-01-25 07:58:13,222 [grpc-default-executor-2] DEBUG impl.WatchRequests (WatchRequests.java:updateIndex(150)) - s1@group-76E74FC0E99E-WatchRequests: update ALL_COMMITTED index from 23 to 50
2024-01-25 07:58:13,222 [grpc-default-executor-2] DEBUG impl.WatchRequests (WatchRequests.java:updateIndex(160)) - s1@group-76E74FC0E99E-WatchRequests: complete Watch-ALL_COMMITTED(25)@40.239s?NOT_DONE
2024-01-25 07:58:13,222 [s0@group-76E74FC0E99E-StateMachineUpdater] INFO  impl.SimpleStateMachine4Testing (SimpleStateMachine4Testing.java:applyTransaction(248)) - applyTransaction for log index 26
2024-01-25 07:58:13,222 [grpc-default-executor-2] DEBUG impl.WatchRequests (WatchRequests.java:updateIndex(160)) - s1@group-76E74FC0E99E-WatchRequests: complete Watch-ALL_COMMITTED(26)@40.239s?NOT_DONE
2024-01-25 07:58:13,222 [s0@group-76E74FC0E99E-StateMachineUpdater] INFO  impl.SimpleStateMachine4Testing (SimpleStateMachine4Testing.java:put(205)) - s0: put 26, m5 -> (t:1, i:26), STATEMACHINELOGENTRY, 170@client-5FE4B4CCF4A1
2024-01-25 07:58:13,223 [grpc-default-executor-2] DEBUG impl.WatchRequests (WatchRequests.java:updateIndex(160)) - s1@group-76E74FC0E99E-WatchRequests: complete Watch-ALL_COMMITTED(27)@40.239s?NOT_DONE
2024-01-25 07:58:13,223 [s0@group-76E74FC0E99E-StateMachineUpdater] INFO  impl.SimpleStateMachine4Testing (SimpleStateMachine4Testing.java:applyTransaction(248)) - applyTransaction for log index 27
2024-01-25 07:58:13,223 [grpc-default-executor-2] DEBUG impl.WatchRequests (WatchRequests.java:updateIndex(160)) - s1@group-76E74FC0E99E-WatchRequests: complete Watch-ALL_COMMITTED(28)@40.239s?NOT_DONE
2024-01-25 07:58:13,223 [s0@group-76E74FC0E99E-StateMachineUpdater] INFO  impl.SimpleStateMachine4Testing (SimpleStateMachine4Testing.java:put(205)) - s0: put 27, m6 -> (t:1, i:27), STATEMACHINELOGENTRY, 171@client-5FE4B4CCF4A1
2024-01-25 07:58:13,223 [grpc-default-executor-2] DEBUG impl.WatchRequests (WatchRequests.java:updateIndex(160)) - s1@group-76E74FC0E99E-WatchRequests: complete Watch-ALL_COMMITTED(29)@40.239s?NOT_DONE
2024-01-25 07:58:13,223 [ForkJoinPool.commonPool-worker-0] DEBUG impl.UnorderedAsync (UnorderedAsync.java:lambda$sendRequestWithRetry$4(83)) - client-5FE4B4CCF4A1: attempt #1 receive~ RaftClientReply:client-5FE4B4CCF4A1->s1@group-76E74FC0E99E, cid=204, SUCCESS, logIndex=50, commits[s1:c50, s0:c50, s2:c50]
2024-01-25 07:58:13,223 [grpc-default-executor-2] DEBUG impl.WatchRequests (WatchRequests.java:updateIndex(160)) - s1@group-76E74FC0E99E-WatchRequests: complete Watch-ALL_COMMITTED(31)@40.239s?NOT_DONE
2024-01-25 07:58:13,223 [Time-limited test] INFO  grpc.TestWatchRequestWithGrpc (WatchRequestTests.java:get(214)) - allCommitted-Watch(25) returns RaftClientReply:client-5FE4B4CCF4A1->s1@group-76E74FC0E99E, cid=204, SUCCESS, logIndex=50, commits[s1:c50, s0:c50, s2:c50]
2024-01-25 07:58:13,223 [grpc-default-executor-2] DEBUG impl.WatchRequests (WatchRequests.java:updateIndex(160)) - s1@group-76E74FC0E99E-WatchRequests: complete Watch-ALL_COMMITTED(32)@40.239s?NOT_DONE
2024-01-25 07:58:13,223 [s0@group-76E74FC0E99E-StateMachineUpdater] INFO  impl.SimpleStateMachine4Testing (SimpleStateMachine4Testing.java:applyTransaction(248)) - applyTransaction for log index 28
2024-01-25 07:58:13,223 [ForkJoinPool.commonPool-worker-0] DEBUG impl.UnorderedAsync (UnorderedAsync.java:lambda$sendRequestWithRetry$4(83)) - client-5FE4B4CCF4A1: attempt #1 receive~ RaftClientReply:client-5FE4B4CCF4A1->s1@group-76E74FC0E99E, cid=208, SUCCESS, logIndex=50, commits[s1:c50, s0:c50, s2:c50]
2024-01-25 07:58:13,223 [s0@group-76E74FC0E99E-StateMachineUpdater] INFO  impl.SimpleStateMachine4Testing (SimpleStateMachine4Testing.java:put(205)) - s0: put 28, m7 -> (t:1, i:28), STATEMACHINELOGENTRY, 172@client-5FE4B4CCF4A1
2024-01-25 07:58:13,223 [grpc-default-executor-2] DEBUG impl.WatchRequests (WatchRequests.java:updateIndex(160)) - s1@group-76E74FC0E99E-WatchRequests: complete Watch-ALL_COMMITTED(33)@40.239s?NOT_DONE
2024-01-25 07:58:13,223 [Time-limited test] INFO  grpc.TestWatchRequestWithGrpc (WatchRequestTests.java:checkAll(305)) - checkAll 5: logIndex=26
2024-01-25 07:58:13,223 [Time-limited test] INFO  grpc.TestWatchRequestWithGrpc (WatchRequestTests.java:get(214)) - all-Watch(26) returns RaftClientReply:client-5FE4B4CCF4A1->s1@group-76E74FC0E99E, cid=206, SUCCESS, logIndex=29, commits[s1:c50, s0:c23, s2:c50]
2024-01-25 07:58:13,223 [grpc-default-executor-2] DEBUG impl.WatchRequests (WatchRequests.java:updateIndex(160)) - s1@group-76E74FC0E99E-WatchRequests: complete Watch-ALL_COMMITTED(34)@40.239s?NOT_DONE
2024-01-25 07:58:13,223 [s0@group-76E74FC0E99E-StateMachineUpdater] INFO  impl.SimpleStateMachine4Testing (SimpleStateMachine4Testing.java:applyTransaction(248)) - applyTransaction for log index 29
2024-01-25 07:58:13,224 [grpc-default-executor-2] DEBUG impl.WatchRequests (WatchRequests.java:updateIndex(160)) - s1@group-76E74FC0E99E-WatchRequests: complete Watch-ALL_COMMITTED(36)@40.239s?NOT_DONE
2024-01-25 07:58:13,223 [ForkJoinPool.commonPool-worker-0] DEBUG impl.UnorderedAsync (UnorderedAsync.java:lambda$sendRequestWithRetry$4(83)) - client-5FE4B4CCF4A1: attempt #1 receive~ RaftClientReply:client-5FE4B4CCF4A1->s1@group-76E74FC0E99E, cid=212, SUCCESS, logIndex=50, commits[s1:c50, s0:c50, s2:c50]
2024-01-25 07:58:13,224 [grpc-default-executor-2] DEBUG impl.WatchRequests (WatchRequests.java:updateIndex(160)) - s1@group-76E74FC0E99E-WatchRequests: complete Watch-ALL_COMMITTED(38)@40.239s?NOT_DONE
2024-01-25 07:58:13,224 [ForkJoinPool.commonPool-worker-3] DEBUG impl.UnorderedAsync (UnorderedAsync.java:lambda$sendRequestWithRetry$4(83)) - client-5FE4B4CCF4A1: attempt #1 receive~ RaftClientReply:client-5FE4B4CCF4A1->s1@group-76E74FC0E99E, cid=216, SUCCESS, logIndex=50, commits[s1:c50, s0:c50, s2:c50]
2024-01-25 07:58:13,224 [grpc-default-executor-2] DEBUG impl.WatchRequests (WatchRequests.java:updateIndex(160)) - s1@group-76E74FC0E99E-WatchRequests: complete Watch-ALL_COMMITTED(40)@40.239s?NOT_DONE
2024-01-25 07:58:13,224 [s0@group-76E74FC0E99E-StateMachineUpdater] INFO  impl.SimpleStateMachine4Testing (SimpleStateMachine4Testing.java:put(205)) - s0: put 29, m8 -> (t:1, i:29), STATEMACHINELOGENTRY, 173@client-5FE4B4CCF4A1
2024-01-25 07:58:13,224 [s0@group-76E74FC0E99E-StateMachineUpdater] INFO  impl.SimpleStateMachine4Testing (SimpleStateMachine4Testing.java:applyTransaction(248)) - applyTransaction for log index 31
2024-01-25 07:58:13,224 [s0@group-76E74FC0E99E-StateMachineUpdater] INFO  impl.SimpleStateMachine4Testing (SimpleStateMachine4Testing.java:put(205)) - s0: put 31, m9 -> (t:1, i:31), STATEMACHINELOGENTRY, 174@client-5FE4B4CCF4A1
2024-01-25 07:58:13,224 [ForkJoinPool.commonPool-worker-1] DEBUG impl.UnorderedAsync (UnorderedAsync.java:lambda$sendRequestWithRetry$4(83)) - client-5FE4B4CCF4A1: attempt #1 receive~ RaftClientReply:client-5FE4B4CCF4A1->s1@group-76E74FC0E99E, cid=228, SUCCESS, logIndex=50, commits[s1:c50, s0:c50, s2:c50]
2024-01-25 07:58:13,224 [s0@group-76E74FC0E99E-StateMachineUpdater] INFO  impl.SimpleStateMachine4Testing (SimpleStateMachine4Testing.java:applyTransaction(248)) - applyTransaction for log index 32
2024-01-25 07:58:13,225 [s0@group-76E74FC0E99E-StateMachineUpdater] INFO  impl.SimpleStateMachine4Testing (SimpleStateMachine4Testing.java:put(205)) - s0: put 32, m10 -> (t:1, i:32), STATEMACHINELOGENTRY, 175@client-5FE4B4CCF4A1
2024-01-25 07:58:13,225 [s0@group-76E74FC0E99E-StateMachineUpdater] INFO  impl.SimpleStateMachine4Testing (SimpleStateMachine4Testing.java:applyTransaction(248)) - applyTransaction for log index 33
2024-01-25 07:58:13,225 [s0@group-76E74FC0E99E-StateMachineUpdater] INFO  impl.SimpleStateMachine4Testing (SimpleStateMachine4Testing.java:put(205)) - s0: put 33, m11 -> (t:1, i:33), STATEMACHINELOGENTRY, 176@client-5FE4B4CCF4A1
2024-01-25 07:58:13,225 [s0@group-76E74FC0E99E-StateMachineUpdater] INFO  impl.SimpleStateMachine4Testing (SimpleStateMachine4Testing.java:applyTransaction(248)) - applyTransaction for log index 34
2024-01-25 07:58:13,225 [s0@group-76E74FC0E99E-StateMachineUpdater] INFO  impl.SimpleStateMachine4Testing (SimpleStateMachine4Testing.java:put(205)) - s0: put 34, m12 -> (t:1, i:34), STATEMACHINELOGENTRY, 177@client-5FE4B4CCF4A1
2024-01-25 07:58:13,225 [s0@group-76E74FC0E99E-StateMachineUpdater] INFO  impl.SimpleStateMachine4Testing (SimpleStateMachine4Testing.java:applyTransaction(248)) - applyTransaction for log index 36
2024-01-25 07:58:13,225 [s0@group-76E74FC0E99E-StateMachineUpdater] INFO  impl.SimpleStateMachine4Testing (SimpleStateMachine4Testing.java:put(205)) - s0: put 36, m13 -> (t:1, i:36), STATEMACHINELOGENTRY, 178@client-5FE4B4CCF4A1
2024-01-25 07:58:13,226 [s0@group-76E74FC0E99E-StateMachineUpdater] INFO  impl.SimpleStateMachine4Testing (SimpleStateMachine4Testing.java:applyTransaction(248)) - applyTransaction for log index 38
2024-01-25 07:58:13,226 [s0@group-76E74FC0E99E-StateMachineUpdater] INFO  impl.SimpleStateMachine4Testing (SimpleStateMachine4Testing.java:put(205)) - s0: put 38, m14 -> (t:1, i:38), STATEMACHINELOGENTRY, 179@client-5FE4B4CCF4A1
2024-01-25 07:58:13,226 [s0@group-76E74FC0E99E-StateMachineUpdater] INFO  impl.SimpleStateMachine4Testing (SimpleStateMachine4Testing.java:applyTransaction(248)) - applyTransaction for log index 40
2024-01-25 07:58:13,226 [s0@group-76E74FC0E99E-StateMachineUpdater] INFO  impl.SimpleStateMachine4Testing (SimpleStateMachine4Testing.java:put(205)) - s0: put 40, m15 -> (t:1, i:40), STATEMACHINELOGENTRY, 180@client-5FE4B4CCF4A1
2024-01-25 07:58:13,226 [s0@group-76E74FC0E99E-StateMachineUpdater] INFO  impl.SimpleStateMachine4Testing (SimpleStateMachine4Testing.java:applyTransaction(248)) - applyTransaction for log index 42
2024-01-25 07:58:13,226 [s0@group-76E74FC0E99E-StateMachineUpdater] INFO  impl.SimpleStateMachine4Testing (SimpleStateMachine4Testing.java:put(205)) - s0: put 42, m16 -> (t:1, i:42), STATEMACHINELOGENTRY, 181@client-5FE4B4CCF4A1
2024-01-25 07:58:13,226 [s0@group-76E74FC0E99E-StateMachineUpdater] INFO  impl.SimpleStateMachine4Testing (SimpleStateMachine4Testing.java:applyTransaction(248)) - applyTransaction for log index 43
2024-01-25 07:58:13,226 [s0@group-76E74FC0E99E-StateMachineUpdater] INFO  impl.SimpleStateMachine4Testing (SimpleStateMachine4Testing.java:put(205)) - s0: put 43, m17 -> (t:1, i:43), STATEMACHINELOGENTRY, 182@client-5FE4B4CCF4A1
2024-01-25 07:58:13,226 [s0@group-76E74FC0E99E-StateMachineUpdater] INFO  impl.SimpleStateMachine4Testing (SimpleStateMachine4Testing.java:applyTransaction(248)) - applyTransaction for log index 44
2024-01-25 07:58:13,227 [s0@group-76E74FC0E99E-StateMachineUpdater] INFO  impl.SimpleStateMachine4Testing (SimpleStateMachine4Testing.java:put(205)) - s0: put 44, m18 -> (t:1, i:44), STATEMACHINELOGENTRY, 183@client-5FE4B4CCF4A1
2024-01-25 07:58:13,227 [s0@group-76E74FC0E99E-StateMachineUpdater] INFO  impl.SimpleStateMachine4Testing (SimpleStateMachine4Testing.java:applyTransaction(248)) - applyTransaction for log index 45
2024-01-25 07:58:13,227 [s0@group-76E74FC0E99E-StateMachineUpdater] INFO  impl.SimpleStateMachine4Testing (SimpleStateMachine4Testing.java:put(205)) - s0: put 45, m19 -> (t:1, i:45), STATEMACHINELOGENTRY, 184@client-5FE4B4CCF4A1
2024-01-25 07:58:13,224 [Time-limited test] INFO  grpc.TestWatchRequestWithGrpc (WatchRequestTests.java:get(214)) - allCommitted-Watch(26) returns RaftClientReply:client-5FE4B4CCF4A1->s1@group-76E74FC0E99E, cid=208, SUCCESS, logIndex=50, commits[s1:c50, s0:c50, s2:c50]
2024-01-25 07:58:13,225 [ForkJoinPool.commonPool-worker-1] DEBUG impl.UnorderedAsync (UnorderedAsync.java:lambda$sendRequestWithRetry$4(83)) - client-5FE4B4CCF4A1: attempt #1 receive~ RaftClientReply:client-5FE4B4CCF4A1->s1@group-76E74FC0E99E, cid=232, SUCCESS, logIndex=50, commits[s1:c50, s0:c50, s2:c50]
2024-01-25 07:58:13,227 [Time-limited test] INFO  grpc.TestWatchRequestWithGrpc (WatchRequestTests.java:checkAll(305)) - checkAll 6: logIndex=27
2024-01-25 07:58:13,227 [ForkJoinPool.commonPool-worker-1] DEBUG impl.UnorderedAsync (UnorderedAsync.java:lambda$sendRequestWithRetry$4(83)) - client-5FE4B4CCF4A1: attempt #1 receive~ RaftClientReply:client-5FE4B4CCF4A1->s1@group-76E74FC0E99E, cid=236, SUCCESS, logIndex=50, commits[s1:c50, s0:c50, s2:c50]
2024-01-25 07:58:13,227 [Time-limited test] INFO  grpc.TestWatchRequestWithGrpc (WatchRequestTests.java:get(214)) - all-Watch(27) returns RaftClientReply:client-5FE4B4CCF4A1->s1@group-76E74FC0E99E, cid=210, SUCCESS, logIndex=29, commits[s1:c50, s0:c23, s2:c50]
2024-01-25 07:58:13,224 [ForkJoinPool.commonPool-worker-3] DEBUG impl.UnorderedAsync (UnorderedAsync.java:lambda$sendRequestWithRetry$4(83)) - client-5FE4B4CCF4A1: attempt #1 receive~ RaftClientReply:client-5FE4B4CCF4A1->s1@group-76E74FC0E99E, cid=224, SUCCESS, logIndex=50, commits[s1:c50, s0:c50, s2:c50]
2024-01-25 07:58:13,224 [grpc-default-executor-2] DEBUG impl.WatchRequests (WatchRequests.java:updateIndex(160)) - s1@group-76E74FC0E99E-WatchRequests: complete Watch-ALL_COMMITTED(42)@40.239s?NOT_DONE
2024-01-25 07:58:13,224 [ForkJoinPool.commonPool-worker-0] DEBUG impl.UnorderedAsync (UnorderedAsync.java:lambda$sendRequestWithRetry$4(83)) - client-5FE4B4CCF4A1: attempt #1 receive~ RaftClientReply:client-5FE4B4CCF4A1->s1@group-76E74FC0E99E, cid=220, SUCCESS, logIndex=50, commits[s1:c50, s0:c50, s2:c50]
2024-01-25 07:58:13,227 [grpc-default-executor-2] DEBUG impl.WatchRequests (WatchRequests.java:updateIndex(160)) - s1@group-76E74FC0E99E-WatchRequests: complete Watch-ALL_COMMITTED(43)@40.239s?NOT_DONE
2024-01-25 07:58:13,227 [ForkJoinPool.commonPool-worker-3] DEBUG impl.UnorderedAsync (UnorderedAsync.java:lambda$sendRequestWithRetry$4(83)) - client-5FE4B4CCF4A1: attempt #1 receive~ RaftClientReply:client-5FE4B4CCF4A1->s1@group-76E74FC0E99E, cid=244, SUCCESS, logIndex=50, commits[s1:c50, s0:c50, s2:c50]
2024-01-25 07:58:13,228 [grpc-default-executor-2] DEBUG impl.WatchRequests (WatchRequests.java:updateIndex(160)) - s1@group-76E74FC0E99E-WatchRequests: complete Watch-ALL_COMMITTED(44)@40.239s?NOT_DONE
2024-01-25 07:58:13,227 [Time-limited test] INFO  grpc.TestWatchRequestWithGrpc (WatchRequestTests.java:get(214)) - allCommitted-Watch(27) returns RaftClientReply:client-5FE4B4CCF4A1->s1@group-76E74FC0E99E, cid=212, SUCCESS, logIndex=50, commits[s1:c50, s0:c50, s2:c50]
2024-01-25 07:58:13,228 [Time-limited test] INFO  grpc.TestWatchRequestWithGrpc (WatchRequestTests.java:checkAll(305)) - checkAll 7: logIndex=28
2024-01-25 07:58:13,227 [ForkJoinPool.commonPool-worker-1] DEBUG impl.UnorderedAsync (UnorderedAsync.java:lambda$sendRequestWithRetry$4(83)) - client-5FE4B4CCF4A1: attempt #1 receive~ RaftClientReply:client-5FE4B4CCF4A1->s1@group-76E74FC0E99E, cid=240, SUCCESS, logIndex=50, commits[s1:c50, s0:c50, s2:c50]
2024-01-25 07:58:13,228 [Time-limited test] INFO  grpc.TestWatchRequestWithGrpc (WatchRequestTests.java:get(214)) - all-Watch(28) returns RaftClientReply:client-5FE4B4CCF4A1->s1@group-76E74FC0E99E, cid=214, SUCCESS, logIndex=29, commits[s1:c50, s0:c23, s2:c50]
2024-01-25 07:58:13,228 [Time-limited test] INFO  grpc.TestWatchRequestWithGrpc (WatchRequestTests.java:get(214)) - allCommitted-Watch(28) returns RaftClientReply:client-5FE4B4CCF4A1->s1@group-76E74FC0E99E, cid=216, SUCCESS, logIndex=50, commits[s1:c50, s0:c50, s2:c50]
2024-01-25 07:58:13,228 [ForkJoinPool.commonPool-worker-3] DEBUG impl.UnorderedAsync (UnorderedAsync.java:lambda$sendRequestWithRetry$4(83)) - client-5FE4B4CCF4A1: attempt #1 receive~ RaftClientReply:client-5FE4B4CCF4A1->s1@group-76E74FC0E99E, cid=256, SUCCESS, logIndex=50, commits[s1:c50, s0:c50, s2:c50]
2024-01-25 07:58:13,228 [grpc-default-executor-2] DEBUG impl.WatchRequests (WatchRequests.java:updateIndex(160)) - s1@group-76E74FC0E99E-WatchRequests: complete Watch-ALL_COMMITTED(45)@40.239s?NOT_DONE
2024-01-25 07:58:13,227 [ForkJoinPool.commonPool-worker-0] DEBUG impl.UnorderedAsync (UnorderedAsync.java:lambda$sendRequestWithRetry$4(83)) - client-5FE4B4CCF4A1: attempt #1 receive~ RaftClientReply:client-5FE4B4CCF4A1->s1@group-76E74FC0E99E, cid=248, SUCCESS, logIndex=50, commits[s1:c50, s0:c50, s2:c50]
2024-01-25 07:58:13,228 [Time-limited test] INFO  grpc.TestWatchRequestWithGrpc (WatchRequestTests.java:checkAll(305)) - checkAll 8: logIndex=29
2024-01-25 07:58:13,228 [ForkJoinPool.commonPool-worker-0] DEBUG impl.UnorderedAsync (UnorderedAsync.java:lambda$sendRequestWithRetry$4(83)) - client-5FE4B4CCF4A1: attempt #1 receive~ RaftClientReply:client-5FE4B4CCF4A1->s1@group-76E74FC0E99E, cid=260, SUCCESS, logIndex=50, commits[s1:c50, s0:c50, s2:c50]
2024-01-25 07:58:13,228 [Time-limited test] INFO  grpc.TestWatchRequestWithGrpc (WatchRequestTests.java:get(214)) - all-Watch(29) returns RaftClientReply:client-5FE4B4CCF4A1->s1@group-76E74FC0E99E, cid=218, SUCCESS, logIndex=29, commits[s1:c50, s0:c23, s2:c50]
2024-01-25 07:58:13,228 [s1@group-76E74FC0E99E-LeaderStateImpl] DEBUG impl.WatchRequests (WatchRequests.java:updateIndex(150)) - s1@group-76E74FC0E99E-WatchRequests: update ALL index from 29 to 50
2024-01-25 07:58:13,228 [ForkJoinPool.commonPool-worker-1] DEBUG impl.UnorderedAsync (UnorderedAsync.java:lambda$sendRequestWithRetry$4(83)) - client-5FE4B4CCF4A1: attempt #1 receive~ RaftClientReply:client-5FE4B4CCF4A1->s1@group-76E74FC0E99E, cid=252, SUCCESS, logIndex=50, commits[s1:c50, s0:c50, s2:c50]
2024-01-25 07:58:13,228 [s1@group-76E74FC0E99E-LeaderStateImpl] DEBUG impl.WatchRequests (WatchRequests.java:updateIndex(160)) - s1@group-76E74FC0E99E-WatchRequests: complete Watch-ALL(31)@40.239s?NOT_DONE
2024-01-25 07:58:13,228 [Time-limited test] INFO  grpc.TestWatchRequestWithGrpc (WatchRequestTests.java:get(214)) - allCommitted-Watch(29) returns RaftClientReply:client-5FE4B4CCF4A1->s1@group-76E74FC0E99E, cid=220, SUCCESS, logIndex=50, commits[s1:c50, s0:c50, s2:c50]
2024-01-25 07:58:13,229 [s1@group-76E74FC0E99E-LeaderStateImpl] DEBUG impl.WatchRequests (WatchRequests.java:updateIndex(160)) - s1@group-76E74FC0E99E-WatchRequests: complete Watch-ALL(32)@40.239s?NOT_DONE
2024-01-25 07:58:13,229 [Time-limited test] INFO  grpc.TestWatchRequestWithGrpc (WatchRequestTests.java:checkAll(305)) - checkAll 9: logIndex=31
2024-01-25 07:58:13,229 [s1@group-76E74FC0E99E-LeaderStateImpl] DEBUG impl.WatchRequests (WatchRequests.java:updateIndex(160)) - s1@group-76E74FC0E99E-WatchRequests: complete Watch-ALL(33)@40.239s?NOT_DONE
2024-01-25 07:58:13,229 [ForkJoinPool.commonPool-worker-3] DEBUG impl.UnorderedAsync (UnorderedAsync.java:lambda$sendRequestWithRetry$4(83)) - client-5FE4B4CCF4A1: attempt #1 receive~ RaftClientReply:client-5FE4B4CCF4A1->s1@group-76E74FC0E99E, cid=264, SUCCESS, logIndex=50, commits[s1:c50, s0:c50, s2:c50]
2024-01-25 07:58:13,229 [s1@group-76E74FC0E99E-LeaderStateImpl] DEBUG impl.WatchRequests (WatchRequests.java:updateIndex(160)) - s1@group-76E74FC0E99E-WatchRequests: complete Watch-ALL(34)@40.239s?NOT_DONE
2024-01-25 07:58:13,229 [s1@group-76E74FC0E99E-LeaderStateImpl] DEBUG impl.WatchRequests (WatchRequests.java:updateIndex(160)) - s1@group-76E74FC0E99E-WatchRequests: complete Watch-ALL(36)@40.239s?NOT_DONE
2024-01-25 07:58:13,229 [ForkJoinPool.commonPool-worker-3] DEBUG impl.UnorderedAsync (UnorderedAsync.java:lambda$sendRequestWithRetry$4(83)) - client-5FE4B4CCF4A1: attempt #1 receive~ RaftClientReply:client-5FE4B4CCF4A1->s1@group-76E74FC0E99E, cid=222, SUCCESS, logIndex=50, commits[s1:c50, s0:c50, s2:c50]
2024-01-25 07:58:13,229 [ForkJoinPool.commonPool-worker-1] DEBUG impl.UnorderedAsync (UnorderedAsync.java:lambda$sendRequestWithRetry$4(83)) - client-5FE4B4CCF4A1: attempt #1 receive~ RaftClientReply:client-5FE4B4CCF4A1->s1@group-76E74FC0E99E, cid=226, SUCCESS, logIndex=50, commits[s1:c50, s0:c50, s2:c50]
2024-01-25 07:58:13,229 [s1@group-76E74FC0E99E-LeaderStateImpl] DEBUG impl.WatchRequests (WatchRequests.java:updateIndex(160)) - s1@group-76E74FC0E99E-WatchRequests: complete Watch-ALL(38)@40.239s?NOT_DONE
2024-01-25 07:58:13,229 [Time-limited test] INFO  grpc.TestWatchRequestWithGrpc (WatchRequestTests.java:get(214)) - all-Watch(31) returns RaftClientReply:client-5FE4B4CCF4A1->s1@group-76E74FC0E99E, cid=222, SUCCESS, logIndex=50, commits[s1:c50, s0:c50, s2:c50]
2024-01-25 07:58:13,229 [s1@group-76E74FC0E99E-LeaderStateImpl] DEBUG impl.WatchRequests (WatchRequests.java:updateIndex(160)) - s1@group-76E74FC0E99E-WatchRequests: complete Watch-ALL(40)@40.239s?NOT_DONE
2024-01-25 07:58:13,229 [s1@group-76E74FC0E99E-LeaderStateImpl] DEBUG impl.WatchRequests (WatchRequests.java:updateIndex(160)) - s1@group-76E74FC0E99E-WatchRequests: complete Watch-ALL(42)@40.239s?NOT_DONE
2024-01-25 07:58:13,229 [s1@group-76E74FC0E99E-LeaderStateImpl] DEBUG impl.WatchRequests (WatchRequests.java:updateIndex(160)) - s1@group-76E74FC0E99E-WatchRequests: complete Watch-ALL(43)@40.239s?NOT_DONE
2024-01-25 07:58:13,230 [s1@group-76E74FC0E99E-LeaderStateImpl] DEBUG impl.WatchRequests (WatchRequests.java:updateIndex(160)) - s1@group-76E74FC0E99E-WatchRequests: complete Watch-ALL(44)@40.239s?NOT_DONE
2024-01-25 07:58:13,230 [s1@group-76E74FC0E99E-LeaderStateImpl] DEBUG impl.WatchRequests (WatchRequests.java:updateIndex(160)) - s1@group-76E74FC0E99E-WatchRequests: complete Watch-ALL(45)@40.239s?NOT_DONE
2024-01-25 07:58:13,230 [ForkJoinPool.commonPool-worker-3] DEBUG impl.UnorderedAsync (UnorderedAsync.java:lambda$sendRequestWithRetry$4(83)) - client-5FE4B4CCF4A1: attempt #1 receive~ RaftClientReply:client-5FE4B4CCF4A1->s1@group-76E74FC0E99E, cid=234, SUCCESS, logIndex=50, commits[s1:c50, s0:c50, s2:c50]
2024-01-25 07:58:13,230 [ForkJoinPool.commonPool-worker-0] DEBUG impl.UnorderedAsync (UnorderedAsync.java:lambda$sendRequestWithRetry$4(83)) - client-5FE4B4CCF4A1: attempt #1 receive~ RaftClientReply:client-5FE4B4CCF4A1->s1@group-76E74FC0E99E, cid=238, SUCCESS, logIndex=50, commits[s1:c50, s0:c50, s2:c50]
2024-01-25 07:58:13,229 [Time-limited test] INFO  grpc.TestWatchRequestWithGrpc (WatchRequestTests.java:get(214)) - allCommitted-Watch(31) returns RaftClientReply:client-5FE4B4CCF4A1->s1@group-76E74FC0E99E, cid=224, SUCCESS, logIndex=50, commits[s1:c50, s0:c50, s2:c50]
2024-01-25 07:58:13,229 [ForkJoinPool.commonPool-worker-1] DEBUG impl.UnorderedAsync (UnorderedAsync.java:lambda$sendRequestWithRetry$4(83)) - client-5FE4B4CCF4A1: attempt #1 receive~ RaftClientReply:client-5FE4B4CCF4A1->s1@group-76E74FC0E99E, cid=230, SUCCESS, logIndex=50, commits[s1:c50, s0:c50, s2:c50]
2024-01-25 07:58:13,230 [Time-limited test] INFO  grpc.TestWatchRequestWithGrpc (WatchRequestTests.java:checkAll(305)) - checkAll 10: logIndex=32
2024-01-25 07:58:13,230 [ForkJoinPool.commonPool-worker-1] DEBUG impl.UnorderedAsync (UnorderedAsync.java:lambda$sendRequestWithRetry$4(83)) - client-5FE4B4CCF4A1: attempt #1 receive~ RaftClientReply:client-5FE4B4CCF4A1->s1@group-76E74FC0E99E, cid=246, SUCCESS, logIndex=50, commits[s1:c50, s0:c50, s2:c50]
2024-01-25 07:58:13,230 [ForkJoinPool.commonPool-worker-0] DEBUG impl.UnorderedAsync (UnorderedAsync.java:lambda$sendRequestWithRetry$4(83)) - client-5FE4B4CCF4A1: attempt #1 receive~ RaftClientReply:client-5FE4B4CCF4A1->s1@group-76E74FC0E99E, cid=242, SUCCESS, logIndex=50, commits[s1:c50, s0:c50, s2:c50]
2024-01-25 07:58:13,230 [Time-limited test] INFO  grpc.TestWatchRequestWithGrpc (WatchRequestTests.java:get(214)) - all-Watch(32) returns RaftClientReply:client-5FE4B4CCF4A1->s1@group-76E74FC0E99E, cid=226, SUCCESS, logIndex=50, commits[s1:c50, s0:c50, s2:c50]
2024-01-25 07:58:13,230 [ForkJoinPool.commonPool-worker-1] DEBUG impl.UnorderedAsync (UnorderedAsync.java:lambda$sendRequestWithRetry$4(83)) - client-5FE4B4CCF4A1: attempt #1 receive~ RaftClientReply:client-5FE4B4CCF4A1->s1@group-76E74FC0E99E, cid=250, SUCCESS, logIndex=50, commits[s1:c50, s0:c50, s2:c50]
2024-01-25 07:58:13,230 [Time-limited test] INFO  grpc.TestWatchRequestWithGrpc (WatchRequestTests.java:get(214)) - allCommitted-Watch(32) returns RaftClientReply:client-5FE4B4CCF4A1->s1@group-76E74FC0E99E, cid=228, SUCCESS, logIndex=50, commits[s1:c50, s0:c50, s2:c50]
2024-01-25 07:58:13,230 [ForkJoinPool.commonPool-worker-1] DEBUG impl.UnorderedAsync (UnorderedAsync.java:lambda$sendRequestWithRetry$4(83)) - client-5FE4B4CCF4A1: attempt #1 receive~ RaftClientReply:client-5FE4B4CCF4A1->s1@group-76E74FC0E99E, cid=254, SUCCESS, logIndex=50, commits[s1:c50, s0:c50, s2:c50]
2024-01-25 07:58:13,230 [Time-limited test] INFO  grpc.TestWatchRequestWithGrpc (WatchRequestTests.java:checkAll(305)) - checkAll 11: logIndex=33
2024-01-25 07:58:13,231 [Time-limited test] INFO  grpc.TestWatchRequestWithGrpc (WatchRequestTests.java:get(214)) - all-Watch(33) returns RaftClientReply:client-5FE4B4CCF4A1->s1@group-76E74FC0E99E, cid=230, SUCCESS, logIndex=50, commits[s1:c50, s0:c50, s2:c50]
2024-01-25 07:58:13,231 [Time-limited test] INFO  grpc.TestWatchRequestWithGrpc (WatchRequestTests.java:get(214)) - allCommitted-Watch(33) returns RaftClientReply:client-5FE4B4CCF4A1->s1@group-76E74FC0E99E, cid=232, SUCCESS, logIndex=50, commits[s1:c50, s0:c50, s2:c50]
2024-01-25 07:58:13,231 [Time-limited test] INFO  grpc.TestWatchRequestWithGrpc (WatchRequestTests.java:checkAll(305)) - checkAll 12: logIndex=34
2024-01-25 07:58:13,231 [Time-limited test] INFO  grpc.TestWatchRequestWithGrpc (WatchRequestTests.java:get(214)) - all-Watch(34) returns RaftClientReply:client-5FE4B4CCF4A1->s1@group-76E74FC0E99E, cid=234, SUCCESS, logIndex=50, commits[s1:c50, s0:c50, s2:c50]
2024-01-25 07:58:13,231 [Time-limited test] INFO  grpc.TestWatchRequestWithGrpc (WatchRequestTests.java:get(214)) - allCommitted-Watch(34) returns RaftClientReply:client-5FE4B4CCF4A1->s1@group-76E74FC0E99E, cid=236, SUCCESS, logIndex=50, commits[s1:c50, s0:c50, s2:c50]
2024-01-25 07:58:13,231 [Time-limited test] INFO  grpc.TestWatchRequestWithGrpc (WatchRequestTests.java:checkAll(305)) - checkAll 13: logIndex=36
2024-01-25 07:58:13,231 [Time-limited test] INFO  grpc.TestWatchRequestWithGrpc (WatchRequestTests.java:get(214)) - all-Watch(36) returns RaftClientReply:client-5FE4B4CCF4A1->s1@group-76E74FC0E99E, cid=238, SUCCESS, logIndex=50, commits[s1:c50, s0:c50, s2:c50]
2024-01-25 07:58:13,231 [Time-limited test] INFO  grpc.TestWatchRequestWithGrpc (WatchRequestTests.java:get(214)) - allCommitted-Watch(36) returns RaftClientReply:client-5FE4B4CCF4A1->s1@group-76E74FC0E99E, cid=240, SUCCESS, logIndex=50, commits[s1:c50, s0:c50, s2:c50]
2024-01-25 07:58:13,231 [Time-limited test] INFO  grpc.TestWatchRequestWithGrpc (WatchRequestTests.java:checkAll(305)) - checkAll 14: logIndex=38
2024-01-25 07:58:13,231 [Time-limited test] INFO  grpc.TestWatchRequestWithGrpc (WatchRequestTests.java:get(214)) - all-Watch(38) returns RaftClientReply:client-5FE4B4CCF4A1->s1@group-76E74FC0E99E, cid=242, SUCCESS, logIndex=50, commits[s1:c50, s0:c50, s2:c50]
2024-01-25 07:58:13,231 [Time-limited test] INFO  grpc.TestWatchRequestWithGrpc (WatchRequestTests.java:get(214)) - allCommitted-Watch(38) returns RaftClientReply:client-5FE4B4CCF4A1->s1@group-76E74FC0E99E, cid=244, SUCCESS, logIndex=50, commits[s1:c50, s0:c50, s2:c50]
2024-01-25 07:58:13,231 [Time-limited test] INFO  grpc.TestWatchRequestWithGrpc (WatchRequestTests.java:checkAll(305)) - checkAll 15: logIndex=40
2024-01-25 07:58:13,231 [Time-limited test] INFO  grpc.TestWatchRequestWithGrpc (WatchRequestTests.java:get(214)) - all-Watch(40) returns RaftClientReply:client-5FE4B4CCF4A1->s1@group-76E74FC0E99E, cid=246, SUCCESS, logIndex=50, commits[s1:c50, s0:c50, s2:c50]
2024-01-25 07:58:13,231 [Time-limited test] INFO  grpc.TestWatchRequestWithGrpc (WatchRequestTests.java:get(214)) - allCommitted-Watch(40) returns RaftClientReply:client-5FE4B4CCF4A1->s1@group-76E74FC0E99E, cid=248, SUCCESS, logIndex=50, commits[s1:c50, s0:c50, s2:c50]
2024-01-25 07:58:13,231 [Time-limited test] INFO  grpc.TestWatchRequestWithGrpc (WatchRequestTests.java:checkAll(305)) - checkAll 16: logIndex=42
2024-01-25 07:58:13,231 [Time-limited test] INFO  grpc.TestWatchRequestWithGrpc (WatchRequestTests.java:get(214)) - all-Watch(42) returns RaftClientReply:client-5FE4B4CCF4A1->s1@group-76E74FC0E99E, cid=250, SUCCESS, logIndex=50, commits[s1:c50, s0:c50, s2:c50]
2024-01-25 07:58:13,231 [Time-limited test] INFO  grpc.TestWatchRequestWithGrpc (WatchRequestTests.java:get(214)) - allCommitted-Watch(42) returns RaftClientReply:client-5FE4B4CCF4A1->s1@group-76E74FC0E99E, cid=252, SUCCESS, logIndex=50, commits[s1:c50, s0:c50, s2:c50]
2024-01-25 07:58:13,231 [Time-limited test] INFO  grpc.TestWatchRequestWithGrpc (WatchRequestTests.java:checkAll(305)) - checkAll 17: logIndex=43
2024-01-25 07:58:13,231 [Time-limited test] INFO  grpc.TestWatchRequestWithGrpc (WatchRequestTests.java:get(214)) - all-Watch(43) returns RaftClientReply:client-5FE4B4CCF4A1->s1@group-76E74FC0E99E, cid=254, SUCCESS, logIndex=50, commits[s1:c50, s0:c50, s2:c50]
2024-01-25 07:58:13,231 [Time-limited test] INFO  grpc.TestWatchRequestWithGrpc (WatchRequestTests.java:get(214)) - allCommitted-Watch(43) returns RaftClientReply:client-5FE4B4CCF4A1->s1@group-76E74FC0E99E, cid=256, SUCCESS, logIndex=50, commits[s1:c50, s0:c50, s2:c50]
2024-01-25 07:58:13,231 [Time-limited test] INFO  grpc.TestWatchRequestWithGrpc (WatchRequestTests.java:checkAll(305)) - checkAll 18: logIndex=44
2024-01-25 07:58:13,231 [ForkJoinPool.commonPool-worker-1] DEBUG impl.UnorderedAsync (UnorderedAsync.java:lambda$sendRequestWithRetry$4(83)) - client-5FE4B4CCF4A1: attempt #1 receive~ RaftClientReply:client-5FE4B4CCF4A1->s1@group-76E74FC0E99E, cid=258, SUCCESS, logIndex=50, commits[s1:c50, s0:c50, s2:c50]
2024-01-25 07:58:13,231 [ForkJoinPool.commonPool-worker-0] DEBUG impl.UnorderedAsync (UnorderedAsync.java:lambda$sendRequestWithRetry$4(83)) - client-5FE4B4CCF4A1: attempt #1 receive~ RaftClientReply:client-5FE4B4CCF4A1->s1@group-76E74FC0E99E, cid=262, SUCCESS, logIndex=50, commits[s1:c50, s0:c50, s2:c50]
2024-01-25 07:58:13,232 [Time-limited test] INFO  grpc.TestWatchRequestWithGrpc (WatchRequestTests.java:get(214)) - all-Watch(44) returns RaftClientReply:client-5FE4B4CCF4A1->s1@group-76E74FC0E99E, cid=258, SUCCESS, logIndex=50, commits[s1:c50, s0:c50, s2:c50]
2024-01-25 07:58:13,232 [Time-limited test] INFO  grpc.TestWatchRequestWithGrpc (WatchRequestTests.java:get(214)) - allCommitted-Watch(44) returns RaftClientReply:client-5FE4B4CCF4A1->s1@group-76E74FC0E99E, cid=260, SUCCESS, logIndex=50, commits[s1:c50, s0:c50, s2:c50]
2024-01-25 07:58:13,232 [Time-limited test] INFO  grpc.TestWatchRequestWithGrpc (WatchRequestTests.java:checkAll(305)) - checkAll 19: logIndex=45
2024-01-25 07:58:13,232 [Time-limited test] INFO  grpc.TestWatchRequestWithGrpc (WatchRequestTests.java:get(214)) - all-Watch(45) returns RaftClientReply:client-5FE4B4CCF4A1->s1@group-76E74FC0E99E, cid=262, SUCCESS, logIndex=50, commits[s1:c50, s0:c50, s2:c50]
2024-01-25 07:58:13,232 [Time-limited test] INFO  grpc.TestWatchRequestWithGrpc (WatchRequestTests.java:get(214)) - allCommitted-Watch(45) returns RaftClientReply:client-5FE4B4CCF4A1->s1@group-76E74FC0E99E, cid=264, SUCCESS, logIndex=50, commits[s1:c50, s0:c50, s2:c50]
2024-01-25 07:58:13,232 [Time-limited test] DEBUG client.RaftClient (RaftClientImpl.java:close(464)) - close client-5FE4B4CCF4A1
2024-01-25 07:58:13,235 [Time-limited test] INFO  impl.MiniRaftCluster (MiniRaftCluster.java:shutdown(832)) - ************************************************************** 
2024-01-25 07:58:13,235 [Time-limited test] INFO  impl.MiniRaftCluster (MiniRaftCluster.java:shutdown(833)) - *** 
2024-01-25 07:58:13,235 [Time-limited test] INFO  impl.MiniRaftCluster (MiniRaftCluster.java:shutdown(834)) - ***     Stopping MiniRaftClusterWithGrpc
2024-01-25 07:58:13,235 [Time-limited test] INFO  impl.MiniRaftCluster (MiniRaftCluster.java:shutdown(835)) - *** 
2024-01-25 07:58:13,235 [Time-limited test] INFO  impl.MiniRaftCluster (MiniRaftCluster.java:shutdown(836)) - ************************************************************** 
2024-01-25 07:58:13,236 [Time-limited test] INFO  impl.MiniRaftCluster (MiniRaftCluster.java:shutdown(837)) - printing ALL groups
  s0:  RUNNING  FOLLOWER s0@group-76E74FC0E99E:t1, leader=s1, voted=s1, raftlog=Memoized:s0@group-76E74FC0E99E-SegmentedRaftLog:OPENED:c50, conf=0: peers:[s0|localhost:15012, s1|localhost:15016, s2|localhost:15020]|listeners:[], old=null RUNNING
  s1:  RUNNING    LEADER s1@group-76E74FC0E99E:t1, leader=s1, voted=s1, raftlog=Memoized:s1@group-76E74FC0E99E-SegmentedRaftLog:OPENED:c50, conf=0: peers:[s0|localhost:15012, s1|localhost:15016, s2|localhost:15020]|listeners:[], old=null RUNNING
  s2:  RUNNING  FOLLOWER s2@group-76E74FC0E99E:t1, leader=s1, voted=s1, raftlog=Memoized:s2@group-76E74FC0E99E-SegmentedRaftLog:OPENED:c50, conf=0: peers:[s0|localhost:15012, s1|localhost:15016, s2|localhost:15020]|listeners:[], old=null RUNNING
2024-01-25 07:58:13,236 [MiniRaftCluster-4] INFO  server.RaftServer (RaftServerProxy.java:lambda$close$9(417)) - s0: close
2024-01-25 07:58:13,236 [MiniRaftCluster-5] INFO  server.RaftServer (RaftServerProxy.java:lambda$close$9(417)) - s1: close
2024-01-25 07:58:13,236 [s0-impl-thread1] INFO  server.RaftServer$Division (RaftServerImpl.java:lambda$close$1(457)) - s0@group-76E74FC0E99E: shutdown
2024-01-25 07:58:13,236 [s0-impl-thread1] INFO  util.JmxRegister (JmxRegister.java:unregister(74)) - Successfully un-registered JMX Bean with object name Ratis:service=RaftServer,group=group-76E74FC0E99E,id=s0
2024-01-25 07:58:13,236 [s0-impl-thread1] INFO  impl.RoleInfo (RoleInfo.java:shutdownFollowerState(111)) - s0: shutdown s0@group-76E74FC0E99E-FollowerState
2024-01-25 07:58:13,236 [MiniRaftCluster-6] INFO  server.RaftServer (RaftServerProxy.java:lambda$close$9(417)) - s2: close
2024-01-25 07:58:13,237 [MiniRaftCluster-4] INFO  server.GrpcService (GrpcService.java:closeImpl(317)) - s0: shutdown server org.apache.ratis.grpc.server.GrpcClientProtocolService now
2024-01-25 07:58:13,237 [MiniRaftCluster-5] INFO  server.GrpcService (GrpcService.java:closeImpl(317)) - s1: shutdown server org.apache.ratis.grpc.server.GrpcClientProtocolService now
2024-01-25 07:58:13,237 [s1-impl-thread1] INFO  server.RaftServer$Division (RaftServerImpl.java:lambda$close$1(457)) - s1@group-76E74FC0E99E: shutdown
2024-01-25 07:58:13,241 [s1-impl-thread1] INFO  util.JmxRegister (JmxRegister.java:unregister(74)) - Successfully un-registered JMX Bean with object name Ratis:service=RaftServer,group=group-76E74FC0E99E,id=s1
2024-01-25 07:58:13,237 [s0@group-76E74FC0E99E-FollowerState] INFO  impl.FollowerState (FollowerState.java:run(152)) - s0@group-76E74FC0E99E-FollowerState was interrupted
2024-01-25 07:58:13,236 [s0-impl-thread1] INFO  impl.StateMachineUpdater (StateMachineUpdater.java:stopAndJoin(157)) - s0@group-76E74FC0E99E-StateMachineUpdater: set stopIndex = 50
2024-01-25 07:58:13,241 [s0-impl-thread1] INFO  server.RaftServer$Division (ServerState.java:close(427)) - s0@group-76E74FC0E99E: applyIndex: 50
2024-01-25 07:58:13,241 [s0@group-76E74FC0E99E-cacheEviction-AwaitToRun] INFO  util.AwaitToRun (AwaitToRun.java:run(49)) - s0@group-76E74FC0E99E-cacheEviction-AwaitToRun-AwaitForSignal is interrupted
2024-01-25 07:58:13,241 [s1-impl-thread1] INFO  impl.RoleInfo (RoleInfo.java:shutdownLeaderState(95)) - s1: shutdown s1@group-76E74FC0E99E-LeaderStateImpl
2024-01-25 07:58:13,241 [s2-impl-thread1] INFO  server.RaftServer$Division (RaftServerImpl.java:lambda$close$1(457)) - s2@group-76E74FC0E99E: shutdown
2024-01-25 07:58:13,242 [s2-impl-thread1] INFO  util.JmxRegister (JmxRegister.java:unregister(74)) - Successfully un-registered JMX Bean with object name Ratis:service=RaftServer,group=group-76E74FC0E99E,id=s2
2024-01-25 07:58:13,242 [s2-impl-thread1] INFO  impl.RoleInfo (RoleInfo.java:shutdownFollowerState(111)) - s2: shutdown s2@group-76E74FC0E99E-FollowerState
2024-01-25 07:58:13,241 [MiniRaftCluster-6] INFO  server.GrpcService (GrpcService.java:closeImpl(317)) - s2: shutdown server org.apache.ratis.grpc.server.GrpcClientProtocolService now
2024-01-25 07:58:13,242 [s2-impl-thread1] INFO  impl.StateMachineUpdater (StateMachineUpdater.java:stopAndJoin(157)) - s2@group-76E74FC0E99E-StateMachineUpdater: set stopIndex = 50
2024-01-25 07:58:13,242 [s2@group-76E74FC0E99E-FollowerState] INFO  impl.FollowerState (FollowerState.java:run(152)) - s2@group-76E74FC0E99E-FollowerState was interrupted
2024-01-25 07:58:13,242 [Thread-181] INFO  server.GrpcServerProtocolClient (GrpcServerProtocolClient.java:close(103)) - s0 Close channels
2024-01-25 07:58:13,242 [Thread-184] INFO  server.GrpcServerProtocolClient (GrpcServerProtocolClient.java:close(103)) - s2 Close channels
2024-01-25 07:58:13,245 [s1@group-76E74FC0E99E->s0-GrpcLogAppender-LogAppenderDaemon] WARN  server.GrpcLogAppender (GrpcLogAppender.java:mayWait(289)) - s1@group-76E74FC0E99E->s0-GrpcLogAppender: Wait interrupted by java.lang.InterruptedException
2024-01-25 07:58:13,248 [s1@group-76E74FC0E99E->s2-GrpcLogAppender-LogAppenderDaemon] WARN  server.GrpcLogAppender (GrpcLogAppender.java:mayWait(289)) - s1@group-76E74FC0E99E->s2-GrpcLogAppender: Wait interrupted by java.lang.InterruptedException
2024-01-25 07:58:13,248 [grpc-default-executor-5] INFO  server.GrpcServerProtocolService (GrpcServerProtocolService.java:onCompleted(186)) - s0: Completed APPEND_ENTRIES, lastRequest: s1->s0#1750-t1,previous=(t:1, i:29),leaderCommit=50,initializing? false,entries: size=21, first=(t:1, i:30), METADATAENTRY(c:25)
2024-01-25 07:58:13,249 [grpc-default-executor-5] INFO  server.GrpcServerProtocolService (GrpcServerProtocolService.java:lambda$onCompleted$7(188)) - s0: Completed APPEND_ENTRIES, lastReply: null
2024-01-25 07:58:13,248 [s1-impl-thread1] INFO  impl.PendingRequests (PendingRequests.java:sendNotLeaderResponses(287)) - s1@group-76E74FC0E99E-PendingRequests: sendNotLeaderResponses
2024-01-25 07:58:13,249 [s2-impl-thread1] INFO  server.RaftServer$Division (ServerState.java:close(427)) - s2@group-76E74FC0E99E: applyIndex: 50
2024-01-25 07:58:13,249 [s2@group-76E74FC0E99E-cacheEviction-AwaitToRun] INFO  util.AwaitToRun (AwaitToRun.java:run(49)) - s2@group-76E74FC0E99E-cacheEviction-AwaitToRun-AwaitForSignal is interrupted
2024-01-25 07:58:13,248 [grpc-default-executor-0] INFO  server.GrpcServerProtocolService (GrpcServerProtocolService.java:onCompleted(186)) - s0: Completed APPEND_ENTRIES, lastRequest: null
2024-01-25 07:58:13,249 [grpc-default-executor-0] INFO  server.GrpcServerProtocolService (GrpcServerProtocolService.java:lambda$onCompleted$7(188)) - s0: Completed APPEND_ENTRIES, lastReply: serverReply {
  requestorId: "s1"
  replyId: "s0"
  raftGroupId {
    id: "\243\246\313\315\211\245O\307\275Kv\347O\300\351\236"
  }
  callId: 1749
  success: true
}
term: 1
nextIndex: 30
followerCommit: 23
matchIndex: 18446744073709551615
isHearbeat: true

2024-01-25 07:58:13,250 [grpc-default-executor-3] INFO  server.GrpcServerProtocolService (GrpcServerProtocolService.java:onCompleted(186)) - s2: Completed APPEND_ENTRIES, lastRequest: s1->s2#138-t1,previous=(t:1, i:49),leaderCommit=45,initializing? false,entries: size=1, first=(t:1, i:50), METADATAENTRY(c:45)
2024-01-25 07:58:13,250 [grpc-default-executor-3] INFO  server.GrpcServerProtocolService (GrpcServerProtocolService.java:lambda$onCompleted$7(188)) - s2: Completed APPEND_ENTRIES, lastReply: null
2024-01-25 07:58:13,250 [grpc-default-executor-0] INFO  server.GrpcLogAppender (GrpcLogAppender.java:onCompleted(546)) - s1@group-76E74FC0E99E->s0-AppendLogResponseHandler: follower responses appendEntries COMPLETED
2024-01-25 07:58:13,249 [s1-impl-thread1] INFO  impl.StateMachineUpdater (StateMachineUpdater.java:stopAndJoin(157)) - s1@group-76E74FC0E99E-StateMachineUpdater: set stopIndex = 50
2024-01-25 07:58:13,250 [s1-impl-thread1] INFO  server.RaftServer$Division (ServerState.java:close(427)) - s1@group-76E74FC0E99E: applyIndex: 50
2024-01-25 07:58:13,250 [s1@group-76E74FC0E99E-cacheEviction-AwaitToRun] INFO  util.AwaitToRun (AwaitToRun.java:run(49)) - s1@group-76E74FC0E99E-cacheEviction-AwaitToRun-AwaitForSignal is interrupted
2024-01-25 07:58:13,251 [grpc-default-executor-3] INFO  server.GrpcLogAppender (GrpcLogAppender.java:onCompleted(546)) - s1@group-76E74FC0E99E->s2-AppendLogResponseHandler: follower responses appendEntries COMPLETED
2024-01-25 07:58:13,251 [grpc-default-executor-4] INFO  server.GrpcLogAppender (GrpcLogAppender.java:onCompleted(546)) - s1@group-76E74FC0E99E->s0-AppendLogResponseHandler: follower responses appendEntries COMPLETED
2024-01-25 07:58:13,252 [MiniRaftCluster-6] INFO  server.GrpcService (GrpcService.java:closeImpl(326)) - s2: shutdown server org.apache.ratis.grpc.server.GrpcClientProtocolService successfully
2024-01-25 07:58:13,252 [MiniRaftCluster-6] INFO  server.GrpcService (GrpcService.java:closeImpl(317)) - s2: shutdown server GrpcServerProtocolService now
2024-01-25 07:58:13,253 [grpc-default-executor-0] WARN  server.GrpcLogAppender (GrpcLogAppender.java:resetClient(226)) - s1@group-76E74FC0E99E->s0-GrpcLogAppender: Failed to getClient for s0
org.apache.ratis.protocol.exceptions.AlreadyClosedException: s1 is already CLOSED
	at org.apache.ratis.util.PeerProxyMap$PeerAndProxy.getProxy(PeerProxyMap.java:66)
	at org.apache.ratis.util.PeerProxyMap.getProxy(PeerProxyMap.java:123)
	at org.apache.ratis.grpc.server.GrpcLogAppender.getClient(GrpcLogAppender.java:196)
	at org.apache.ratis.grpc.server.GrpcLogAppender.resetClient(GrpcLogAppender.java:201)
	at org.apache.ratis.grpc.server.GrpcLogAppender.access$800(GrpcLogAppender.java:62)
	at org.apache.ratis.grpc.server.GrpcLogAppender$AppendLogResponseHandler.onCompleted(GrpcLogAppender.java:547)
	at org.apache.ratis.thirdparty.io.grpc.stub.ClientCalls$StreamObserverToCallListenerAdapter.onClose(ClientCalls.java:479)
	at org.apache.ratis.thirdparty.io.grpc.internal.ClientCallImpl.closeObserver(ClientCallImpl.java:567)
	at org.apache.ratis.thirdparty.io.grpc.internal.ClientCallImpl.access$300(ClientCallImpl.java:71)
	at org.apache.ratis.thirdparty.io.grpc.internal.ClientCallImpl$ClientStreamListenerImpl$1StreamClosed.runInternal(ClientCallImpl.java:735)
	at org.apache.ratis.thirdparty.io.grpc.internal.ClientCallImpl$ClientStreamListenerImpl$1StreamClosed.runInContext(ClientCallImpl.java:716)
	at org.apache.ratis.thirdparty.io.grpc.internal.ContextRunnable.run(ContextRunnable.java:37)
	at org.apache.ratis.thirdparty.io.grpc.internal.SerializingExecutor.run(SerializingExecutor.java:133)
	at java.util.concurrent.ThreadPoolExecutor.runWorker(ThreadPoolExecutor.java:1149)
	at java.util.concurrent.ThreadPoolExecutor$Worker.run(ThreadPoolExecutor.java:624)
	at java.lang.Thread.run(Thread.java:750)
2024-01-25 07:58:13,253 [grpc-default-executor-4] WARN  server.GrpcLogAppender (GrpcLogAppender.java:resetClient(226)) - s1@group-76E74FC0E99E->s0-GrpcLogAppender: Failed to getClient for s0
org.apache.ratis.protocol.exceptions.AlreadyClosedException: s1 is already CLOSED
	at org.apache.ratis.util.PeerProxyMap$PeerAndProxy.getProxy(PeerProxyMap.java:66)
	at org.apache.ratis.util.PeerProxyMap.getProxy(PeerProxyMap.java:123)
	at org.apache.ratis.grpc.server.GrpcLogAppender.getClient(GrpcLogAppender.java:196)
	at org.apache.ratis.grpc.server.GrpcLogAppender.resetClient(GrpcLogAppender.java:201)
	at org.apache.ratis.grpc.server.GrpcLogAppender.access$800(GrpcLogAppender.java:62)
	at org.apache.ratis.grpc.server.GrpcLogAppender$AppendLogResponseHandler.onCompleted(GrpcLogAppender.java:547)
	at org.apache.ratis.thirdparty.io.grpc.stub.ClientCalls$StreamObserverToCallListenerAdapter.onClose(ClientCalls.java:479)
	at org.apache.ratis.thirdparty.io.grpc.internal.DelayedClientCall$DelayedListener$3.run(DelayedClientCall.java:489)
	at org.apache.ratis.thirdparty.io.grpc.internal.DelayedClientCall$DelayedListener.delayOrExecute(DelayedClientCall.java:453)
	at org.apache.ratis.thirdparty.io.grpc.internal.DelayedClientCall$DelayedListener.onClose(DelayedClientCall.java:486)
	at org.apache.ratis.thirdparty.io.grpc.internal.ClientCallImpl.closeObserver(ClientCallImpl.java:567)
	at org.apache.ratis.thirdparty.io.grpc.internal.ClientCallImpl.access$300(ClientCallImpl.java:71)
	at org.apache.ratis.thirdparty.io.grpc.internal.ClientCallImpl$ClientStreamListenerImpl$1StreamClosed.runInternal(ClientCallImpl.java:735)
	at org.apache.ratis.thirdparty.io.grpc.internal.ClientCallImpl$ClientStreamListenerImpl$1StreamClosed.runInContext(ClientCallImpl.java:716)
	at org.apache.ratis.thirdparty.io.grpc.internal.ContextRunnable.run(ContextRunnable.java:37)
	at org.apache.ratis.thirdparty.io.grpc.internal.SerializingExecutor.run(SerializingExecutor.java:133)
	at java.util.concurrent.ThreadPoolExecutor.runWorker(ThreadPoolExecutor.java:1149)
	at java.util.concurrent.ThreadPoolExecutor$Worker.run(ThreadPoolExecutor.java:624)
	at java.lang.Thread.run(Thread.java:750)
2024-01-25 07:58:13,253 [grpc-default-executor-3] WARN  server.GrpcLogAppender (GrpcLogAppender.java:resetClient(226)) - s1@group-76E74FC0E99E->s2-GrpcLogAppender: Failed to getClient for s2
org.apache.ratis.protocol.exceptions.AlreadyClosedException: s1 is already CLOSED
	at org.apache.ratis.util.PeerProxyMap$PeerAndProxy.getProxy(PeerProxyMap.java:66)
	at org.apache.ratis.util.PeerProxyMap.getProxy(PeerProxyMap.java:123)
	at org.apache.ratis.grpc.server.GrpcLogAppender.getClient(GrpcLogAppender.java:196)
	at org.apache.ratis.grpc.server.GrpcLogAppender.resetClient(GrpcLogAppender.java:201)
	at org.apache.ratis.grpc.server.GrpcLogAppender.access$800(GrpcLogAppender.java:62)
	at org.apache.ratis.grpc.server.GrpcLogAppender$AppendLogResponseHandler.onCompleted(GrpcLogAppender.java:547)
	at org.apache.ratis.thirdparty.io.grpc.stub.ClientCalls$StreamObserverToCallListenerAdapter.onClose(ClientCalls.java:479)
	at org.apache.ratis.thirdparty.io.grpc.internal.ClientCallImpl.closeObserver(ClientCallImpl.java:567)
	at org.apache.ratis.thirdparty.io.grpc.internal.ClientCallImpl.access$300(ClientCallImpl.java:71)
	at org.apache.ratis.thirdparty.io.grpc.internal.ClientCallImpl$ClientStreamListenerImpl$1StreamClosed.runInternal(ClientCallImpl.java:735)
	at org.apache.ratis.thirdparty.io.grpc.internal.ClientCallImpl$ClientStreamListenerImpl$1StreamClosed.runInContext(ClientCallImpl.java:716)
	at org.apache.ratis.thirdparty.io.grpc.internal.ContextRunnable.run(ContextRunnable.java:37)
	at org.apache.ratis.thirdparty.io.grpc.internal.SerializingExecutor.run(SerializingExecutor.java:133)
	at java.util.concurrent.ThreadPoolExecutor.runWorker(ThreadPoolExecutor.java:1149)
	at java.util.concurrent.ThreadPoolExecutor$Worker.run(ThreadPoolExecutor.java:624)
	at java.lang.Thread.run(Thread.java:750)
2024-01-25 07:58:13,254 [MiniRaftCluster-4] INFO  server.GrpcService (GrpcService.java:closeImpl(326)) - s0: shutdown server org.apache.ratis.grpc.server.GrpcClientProtocolService successfully
2024-01-25 07:58:13,254 [MiniRaftCluster-4] INFO  server.GrpcService (GrpcService.java:closeImpl(317)) - s0: shutdown server GrpcServerProtocolService now
2024-01-25 07:58:13,254 [MiniRaftCluster-6] INFO  server.GrpcService (GrpcService.java:closeImpl(326)) - s2: shutdown server GrpcServerProtocolService successfully
2024-01-25 07:58:13,254 [MiniRaftCluster-6] INFO  server.GrpcService (GrpcService.java:closeImpl(317)) - s2: shutdown server org.apache.ratis.grpc.server.GrpcAdminProtocolService now
2024-01-25 07:58:13,255 [MiniRaftCluster-4] INFO  server.GrpcService (GrpcService.java:closeImpl(326)) - s0: shutdown server GrpcServerProtocolService successfully
2024-01-25 07:58:13,255 [MiniRaftCluster-6] INFO  server.GrpcService (GrpcService.java:closeImpl(326)) - s2: shutdown server org.apache.ratis.grpc.server.GrpcAdminProtocolService successfully
2024-01-25 07:58:13,255 [MiniRaftCluster-4] INFO  server.GrpcService (GrpcService.java:closeImpl(317)) - s0: shutdown server org.apache.ratis.grpc.server.GrpcAdminProtocolService now
2024-01-25 07:58:13,255 [grpc-default-executor-3] INFO  server.GrpcLogAppender (GrpcLogAppender.java:onError(533)) - s1@group-76E74FC0E99E->s2-GrpcLogAppender is already stopped
2024-01-25 07:58:13,255 [MiniRaftCluster-4] INFO  server.GrpcService (GrpcService.java:closeImpl(326)) - s0: shutdown server org.apache.ratis.grpc.server.GrpcAdminProtocolService successfully
2024-01-25 07:58:13,258 [MiniRaftCluster-5] INFO  server.GrpcService (GrpcService.java:closeImpl(326)) - s1: shutdown server org.apache.ratis.grpc.server.GrpcClientProtocolService successfully
2024-01-25 07:58:13,258 [MiniRaftCluster-5] INFO  server.GrpcService (GrpcService.java:closeImpl(317)) - s1: shutdown server GrpcServerProtocolService now
2024-01-25 07:58:13,259 [s2-server-thread2] ERROR server.RaftServer$Division (RaftServerImpl.java:appendEntriesAsync(1488)) - s2@group-76E74FC0E99E: Failed appendEntriesAsync serverRequest {
  requestorId: "s1"
  replyId: "s2"
  raftGroupId {
    id: "\243\246\313\315\211\245O\307\275Kv\347O\300\351\236"
  }
  callId: 164
}
leaderTerm: 1
previousLog {
  term: 1
  index: 50
}
leaderCommit: 50
commitInfos {
  server {
    id: "s1"
    address: "localhost:15016"
    dataStreamAddress: "localhost:15019"
    clientAddress: "localhost:15018"
    adminAddress: "localhost:15017"
    startupRole: FOLLOWER
  }
  commitIndex: 50
}
commitInfos {
  server {
    id: "s0"
    address: "localhost:15012"
    dataStreamAddress: "localhost:15015"
    clientAddress: "localhost:15014"
    adminAddress: "localhost:15013"
    startupRole: FOLLOWER
  }
  commitIndex: 50
}
commitInfos {
  server {
    id: "s2"
    address: "localhost:15020"
    dataStreamAddress: "localhost:15023"
    clientAddress: "localhost:15022"
    adminAddress: "localhost:15021"
    startupRole: FOLLOWER
  }
  commitIndex: 50
}

org.apache.ratis.protocol.exceptions.ServerNotReadyException: s2@group-76E74FC0E99E is not in [STARTING, RUNNING]: current state is CLOSING
	at org.apache.ratis.server.impl.RaftServerImpl.lambda$assertLifeCycleState$9(RaftServerImpl.java:753)
	at org.apache.ratis.util.LifeCycle.assertCurrentState(LifeCycle.java:260)
	at org.apache.ratis.server.impl.RaftServerImpl.assertLifeCycleState(RaftServerImpl.java:752)
	at org.apache.ratis.server.impl.RaftServerImpl.preAppendEntriesAsync(RaftServerImpl.java:1540)
	at org.apache.ratis.server.impl.RaftServerImpl.appendEntriesAsync(RaftServerImpl.java:1483)
	at org.apache.ratis.server.impl.RaftServerProxy.lambda$null$28(RaftServerProxy.java:654)
	at org.apache.ratis.util.JavaUtils.callAsUnchecked(JavaUtils.java:118)
	at org.apache.ratis.server.impl.RaftServerImpl.lambda$executeSubmitServerRequestAsync$13(RaftServerImpl.java:867)
	at java.util.concurrent.CompletableFuture$AsyncSupply.run(CompletableFuture.java:1604)
	at java.util.concurrent.ThreadPoolExecutor.runWorker(ThreadPoolExecutor.java:1149)
	at java.util.concurrent.ThreadPoolExecutor$Worker.run(ThreadPoolExecutor.java:624)
	at java.lang.Thread.run(Thread.java:750)
2024-01-25 07:58:13,259 [MiniRaftCluster-5] INFO  server.GrpcService (GrpcService.java:closeImpl(326)) - s1: shutdown server GrpcServerProtocolService successfully
2024-01-25 07:58:13,259 [MiniRaftCluster-5] INFO  server.GrpcService (GrpcService.java:closeImpl(317)) - s1: shutdown server org.apache.ratis.grpc.server.GrpcAdminProtocolService now
2024-01-25 07:58:13,259 [grpc-default-executor-2] WARN  server.GrpcServerProtocolService (LogUtils.java:warn(121)) - s2: APPEND_ENTRIES onError, lastRequest: null: org.apache.ratis.thirdparty.io.grpc.StatusRuntimeException: CANCELLED: client cancelled
2024-01-25 07:58:13,260 [MiniRaftCluster-5] INFO  server.GrpcService (GrpcService.java:closeImpl(326)) - s1: shutdown server org.apache.ratis.grpc.server.GrpcAdminProtocolService successfully
2024-01-25 07:58:14,173 [s1-impl-thread1] INFO  segmented.SegmentedRaftLogWorker (SegmentedRaftLogWorker.java:close(245)) - s1@group-76E74FC0E99E-SegmentedRaftLogWorker close()
2024-01-25 07:58:14,174 [s2-impl-thread1] INFO  segmented.SegmentedRaftLogWorker (SegmentedRaftLogWorker.java:close(245)) - s2@group-76E74FC0E99E-SegmentedRaftLogWorker close()
2024-01-25 07:58:14,175 [JvmPauseMonitor5] INFO  util.JvmPauseMonitor (JvmPauseMonitor.java:run(152)) - JvmPauseMonitor-s2: Stopped
2024-01-25 07:58:14,175 [JvmPauseMonitor4] INFO  util.JvmPauseMonitor (JvmPauseMonitor.java:run(152)) - JvmPauseMonitor-s1: Stopped
2024-01-25 07:58:14,223 [s0-impl-thread1] INFO  segmented.SegmentedRaftLogWorker (SegmentedRaftLogWorker.java:close(245)) - s0@group-76E74FC0E99E-SegmentedRaftLogWorker close()
2024-01-25 07:58:14,224 [JvmPauseMonitor3] INFO  util.JvmPauseMonitor (JvmPauseMonitor.java:run(152)) - JvmPauseMonitor-s0: Stopped
2024-01-25 07:58:14,225 [Time-limited test] INFO  impl.MiniRaftCluster (MiniRaftCluster.java:shutdown(856)) - MiniRaftClusterWithGrpc shutdown completed
]]></system-out>
  </testcase>
  <testcase name="testWatchRequestTimeout" classname="org.apache.ratis.grpc.TestWatchRequestWithGrpc" time="5.163">
    <system-out><![CDATA[2024-01-25 07:58:14,226 [main] INFO  util.LogUtils (Slf4jUtils.java:setLogLevel(38)) - Successfully set org.apache.ratis.conf.ConfUtils log level to WARN
2024-01-25 07:58:14,226 [main] INFO  util.LogUtils (Slf4jUtils.java:setLogLevel(38)) - Successfully set org.apache.ratis.util.FileUtils log level to TRACE
2024-01-25 07:58:14,226 [main] INFO  util.LogUtils (Slf4jUtils.java:setLogLevel(38)) - Successfully set org.apache.ratis.server.impl.WatchRequests log level to DEBUG
2024-01-25 07:58:14,227 [main] INFO  util.LogUtils (Slf4jUtils.java:setLogLevel(38)) - Successfully set org.apache.ratis.server.RaftServer$Division log level to DEBUG
2024-01-25 07:58:14,227 [main] INFO  util.LogUtils (Slf4jUtils.java:setLogLevel(38)) - Successfully set org.apache.ratis.grpc.client.GrpcClientRpc log level to TRACE
2024-01-25 07:58:14,227 [main] INFO  util.LogUtils (Slf4jUtils.java:setLogLevel(38)) - Successfully set org.apache.ratis.client.impl.UnorderedAsync log level to TRACE
2024-01-25 07:58:14,227 [main] INFO  util.LogUtils (Slf4jUtils.java:setLogLevel(38)) - Successfully set org.apache.ratis.client.RaftClient log level to TRACE
2024-01-25 07:58:14,228 [Time-limited test] INFO  impl.MiniRaftCluster (MiniRaftCluster.java:runWithNewCluster(134)) - Running runWithNewCluster
2024-01-25 07:58:14,228 [Time-limited test] INFO  impl.MiniRaftCluster (MiniRaftCluster.java:<init>(305)) - new MiniRaftClusterWithGrpc with group-E525AA2370AC:[s0|localhost:15024, s1|localhost:15028, s2|localhost:15032]
2024-01-25 07:58:14,229 [Time-limited test] INFO  impl.MiniRaftCluster (MiniRaftCluster.java:start(338)) - .............................................................. 
2024-01-25 07:58:14,229 [Time-limited test] INFO  impl.MiniRaftCluster (MiniRaftCluster.java:start(339)) - ... 
2024-01-25 07:58:14,229 [Time-limited test] INFO  impl.MiniRaftCluster (MiniRaftCluster.java:start(340)) - ...     Starting MiniRaftClusterWithGrpc
2024-01-25 07:58:14,229 [Time-limited test] INFO  impl.MiniRaftCluster (MiniRaftCluster.java:start(341)) - ... 
2024-01-25 07:58:14,229 [Time-limited test] INFO  impl.MiniRaftCluster (MiniRaftCluster.java:start(342)) - .............................................................. 
2024-01-25 07:58:14,229 [Time-limited test] INFO  impl.MiniRaftCluster (MiniRaftCluster.java:initServers(317)) - servers = {}
2024-01-25 07:58:14,229 [Time-limited test] INFO  impl.MiniRaftCluster (MiniRaftCluster.java:newRaftServer(381)) - newRaftServer: s0, group-E525AA2370AC:[s0|localhost:15024, s1|localhost:15028, s2|localhost:15032], format? true
2024-01-25 07:58:14,229 [Time-limited test] TRACE util.FileUtils (FileUtils.java:deleteFully(305)) - deleteFully target/test/data/d3464635/MiniRaftClusterWithGrpc3dccc484/s0
2024-01-25 07:58:14,229 [Time-limited test] TRACE util.FileUtils (FileUtils.java:deleteFully(318)) - deleteFully: target/test/data/d3464635/MiniRaftClusterWithGrpc3dccc484/s0 does not exist.
2024-01-25 07:58:14,229 [Time-limited test] INFO  impl.MiniRaftCluster (MiniRaftCluster.java:newRaftServer(386)) - Formatted directory target/test/data/d3464635/MiniRaftClusterWithGrpc3dccc484/s0
2024-01-25 07:58:14,230 [Time-limited test] INFO  server.RaftServer (ConfUtils.java:logGet(46)) - raft.rpc.type = GRPC (default)
2024-01-25 07:58:14,230 [Time-limited test] INFO  grpc.GrpcConfigKeys (ConfUtils.java:logFallback(53)) - raft.grpc.admin.host = null (fallback to raft.grpc.server.host)
2024-01-25 07:58:14,230 [Time-limited test] INFO  grpc.GrpcConfigKeys (ConfUtils.java:logGet(46)) - raft.grpc.admin.port = 15025 (custom)
2024-01-25 07:58:14,230 [Time-limited test] INFO  grpc.GrpcConfigKeys (ConfUtils.java:logFallback(53)) - raft.grpc.client.host = null (fallback to raft.grpc.server.host)
2024-01-25 07:58:14,230 [Time-limited test] INFO  grpc.GrpcConfigKeys (ConfUtils.java:logGet(46)) - raft.grpc.client.port = 15026 (custom)
2024-01-25 07:58:14,230 [Time-limited test] INFO  grpc.GrpcConfigKeys (ConfUtils.java:logGet(46)) - raft.grpc.server.host = null (default)
2024-01-25 07:58:14,230 [Time-limited test] INFO  grpc.GrpcConfigKeys (ConfUtils.java:logGet(46)) - raft.grpc.server.port = 15024 (custom)
2024-01-25 07:58:14,230 [Time-limited test] INFO  server.GrpcService (ConfUtils.java:logGet(46)) - raft.grpc.message.size.max = 64MB (=67108864) (default)
2024-01-25 07:58:14,230 [Time-limited test] INFO  server.RaftServerConfigKeys (ConfUtils.java:logGet(46)) - raft.server.log.appender.buffer.byte-limit = 4MB (=4194304) (default)
2024-01-25 07:58:14,230 [Time-limited test] INFO  server.GrpcService (ConfUtils.java:logGet(46)) - raft.grpc.flow.control.window = 1MB (=1048576) (default)
2024-01-25 07:58:14,230 [Time-limited test] INFO  server.RaftServerConfigKeys (ConfUtils.java:logGet(46)) - raft.server.rpc.request.timeout = 3000ms (default)
2024-01-25 07:58:14,230 [Time-limited test] INFO  grpc.GrpcConfigKeys (ConfUtils.java:logGet(46)) - raft.grpc.server.heartbeat.channel = true (default)
2024-01-25 07:58:14,230 [Time-limited test] INFO  grpc.GrpcConfigKeys (ConfUtils.java:logGet(46)) - raft.grpc.server.async.request.thread.pool.cached = true (default)
2024-01-25 07:58:14,231 [Time-limited test] INFO  grpc.GrpcConfigKeys (ConfUtils.java:logGet(46)) - raft.grpc.server.async.request.thread.pool.size = 32 (default)
2024-01-25 07:58:14,232 [Time-limited test] INFO  impl.DataStreamServerImpl (ConfUtils.java:logGet(46)) - raft.datastream.type = DISABLED (default)
2024-01-25 07:58:14,232 [Time-limited test] INFO  server.RaftServerConfigKeys (ConfUtils.java:logGet(46)) - raft.server.sleep.deviation.threshold = 300ms (default)
2024-01-25 07:58:14,232 [Time-limited test] INFO  server.RaftServerConfigKeys (ConfUtils.java:logGet(46)) - raft.server.close.threshold = 60s (default)
2024-01-25 07:58:14,232 [Time-limited test] INFO  server.RaftServerConfigKeys (ConfUtils.java:logGet(46)) - raft.server.leaderelection.leader.step-down.wait-time = 10s (default)
2024-01-25 07:58:14,232 [Time-limited test] INFO  server.RaftServerConfigKeys (ConfUtils.java:logGet(46)) - raft.server.storage.dir = [/home/runner/work/ratis/ratis/ratis-test/target/test/data/d3464635/MiniRaftClusterWithGrpc3dccc484/s0] (custom)
2024-01-25 07:58:14,232 [Time-limited test] INFO  server.RaftServerConfigKeys (ConfUtils.java:logGet(46)) - raft.server.threadpool.proxy.cached = true (default)
2024-01-25 07:58:14,232 [Time-limited test] INFO  server.RaftServerConfigKeys (ConfUtils.java:logGet(46)) - raft.server.threadpool.proxy.size = 0 (default)
2024-01-25 07:58:14,233 [Time-limited test] INFO  server.RaftServer (RaftServerProxy.java:addNew(101)) - s0: addNew group-E525AA2370AC:[s0|localhost:15024, s1|localhost:15028, s2|localhost:15032] returns group-E525AA2370AC:java.util.concurrent.CompletableFuture@43478482[Not completed]
2024-01-25 07:58:14,233 [s0-groupManagement] INFO  server.RaftServerConfigKeys (ConfUtils.java:logGet(46)) - raft.server.log.segment.size.max = 32MB (=33554432) (default)
2024-01-25 07:58:14,233 [Time-limited test] INFO  impl.MiniRaftCluster (MiniRaftCluster.java:newRaftServer(381)) - newRaftServer: s1, group-E525AA2370AC:[s0|localhost:15024, s1|localhost:15028, s2|localhost:15032], format? true
2024-01-25 07:58:14,233 [Time-limited test] TRACE util.FileUtils (FileUtils.java:deleteFully(305)) - deleteFully target/test/data/d3464635/MiniRaftClusterWithGrpc3dccc484/s1
2024-01-25 07:58:14,233 [s0-groupManagement] INFO  server.RaftServerConfigKeys (ConfUtils.java:logGet(46)) - raft.server.log.preallocated.size = 4MB (=4194304) (default)
2024-01-25 07:58:14,233 [Time-limited test] TRACE util.FileUtils (FileUtils.java:deleteFully(318)) - deleteFully: target/test/data/d3464635/MiniRaftClusterWithGrpc3dccc484/s1 does not exist.
2024-01-25 07:58:14,233 [s0-groupManagement] INFO  server.RaftServerConfigKeys (ConfUtils.java:logGet(46)) - raft.server.log.write.buffer.size = 8MB (=8388608) (default)
2024-01-25 07:58:14,233 [Time-limited test] INFO  impl.MiniRaftCluster (MiniRaftCluster.java:newRaftServer(386)) - Formatted directory target/test/data/d3464635/MiniRaftClusterWithGrpc3dccc484/s1
2024-01-25 07:58:14,233 [s0-groupManagement] INFO  server.RaftServer$Division (RaftServerImpl.java:<init>(211)) - s0: new RaftServerImpl for group-E525AA2370AC:[s0|localhost:15024, s1|localhost:15028, s2|localhost:15032] with SimpleStateMachine4Testing:uninitialized
2024-01-25 07:58:14,233 [s0-groupManagement] INFO  server.RaftServerConfigKeys (ConfUtils.java:logGet(46)) - raft.server.rpc.timeout.min = 150ms (default)
2024-01-25 07:58:14,233 [s0-groupManagement] INFO  server.RaftServerConfigKeys (ConfUtils.java:logGet(46)) - raft.server.rpc.timeout.max = 300ms (default)
2024-01-25 07:58:14,233 [Time-limited test] INFO  server.RaftServer (ConfUtils.java:logGet(46)) - raft.rpc.type = GRPC (default)
2024-01-25 07:58:14,233 [s0-groupManagement] INFO  server.RaftServerConfigKeys (ConfUtils.java:logGet(46)) - raft.server.rpc.sleep.time = 25ms (default)
2024-01-25 07:58:14,234 [Time-limited test] INFO  grpc.GrpcConfigKeys (ConfUtils.java:logFallback(53)) - raft.grpc.admin.host = null (fallback to raft.grpc.server.host)
2024-01-25 07:58:14,234 [s0-groupManagement] INFO  server.RaftServerConfigKeys (ConfUtils.java:logGet(46)) - raft.server.rpc.slowness.timeout = 60s (default)
2024-01-25 07:58:14,234 [Time-limited test] INFO  grpc.GrpcConfigKeys (ConfUtils.java:logGet(46)) - raft.grpc.admin.port = 15029 (custom)
2024-01-25 07:58:14,234 [s0-groupManagement] INFO  server.RaftServerConfigKeys (ConfUtils.java:logGet(46)) - raft.server.leaderelection.leader.step-down.wait-time = 10s (default)
2024-01-25 07:58:14,234 [Time-limited test] INFO  grpc.GrpcConfigKeys (ConfUtils.java:logFallback(53)) - raft.grpc.client.host = null (fallback to raft.grpc.server.host)
2024-01-25 07:58:14,234 [s0-groupManagement] INFO  server.RaftServerConfigKeys (ConfUtils.java:logGet(46)) - raft.server.leaderelection.member.majority-add = false (default)
2024-01-25 07:58:14,234 [Time-limited test] INFO  grpc.GrpcConfigKeys (ConfUtils.java:logGet(46)) - raft.grpc.client.port = 15030 (custom)
2024-01-25 07:58:14,234 [s0-groupManagement] INFO  server.RaftServerConfigKeys (ConfUtils.java:logGet(46)) - raft.server.sleep.deviation.threshold = 300ms (default)
2024-01-25 07:58:14,234 [Time-limited test] INFO  grpc.GrpcConfigKeys (ConfUtils.java:logGet(46)) - raft.grpc.server.host = null (default)
2024-01-25 07:58:14,234 [s0-groupManagement] INFO  server.RaftServer$Division (ServerState.java:<init>(113)) - s0@group-E525AA2370AC: ConfigurationManager, init=-1: peers:[s0|localhost:15024, s1|localhost:15028, s2|localhost:15032]|listeners:[], old=null, confs=<EMPTY_MAP>
2024-01-25 07:58:14,234 [Time-limited test] INFO  grpc.GrpcConfigKeys (ConfUtils.java:logGet(46)) - raft.grpc.server.port = 15028 (custom)
2024-01-25 07:58:14,234 [s0-groupManagement] INFO  server.RaftServerConfigKeys (ConfUtils.java:logGet(46)) - raft.server.notification.no-leader.timeout = 60s (default)
2024-01-25 07:58:14,234 [Time-limited test] INFO  server.GrpcService (ConfUtils.java:logGet(46)) - raft.grpc.message.size.max = 64MB (=67108864) (default)
2024-01-25 07:58:14,234 [s0-groupManagement] INFO  server.RaftServerConfigKeys (ConfUtils.java:logGet(46)) - raft.server.read.timeout = 10s (default)
2024-01-25 07:58:14,234 [Time-limited test] INFO  server.RaftServerConfigKeys (ConfUtils.java:logGet(46)) - raft.server.log.appender.buffer.byte-limit = 4MB (=4194304) (default)
2024-01-25 07:58:14,235 [s0-groupManagement] INFO  server.RaftServerConfigKeys (ConfUtils.java:logGet(46)) - raft.server.retrycache.expirytime = 60s (default)
2024-01-25 07:58:14,235 [Time-limited test] INFO  server.GrpcService (ConfUtils.java:logGet(46)) - raft.grpc.flow.control.window = 1MB (=1048576) (default)
2024-01-25 07:58:14,235 [s0-groupManagement] INFO  server.RaftServerConfigKeys (ConfUtils.java:logGet(46)) - raft.server.retrycache.statistics.expirytime = 100ms (default)
2024-01-25 07:58:14,235 [Time-limited test] INFO  server.RaftServerConfigKeys (ConfUtils.java:logGet(46)) - raft.server.rpc.request.timeout = 3000ms (default)
2024-01-25 07:58:14,235 [Time-limited test] INFO  grpc.GrpcConfigKeys (ConfUtils.java:logGet(46)) - raft.grpc.server.heartbeat.channel = true (default)
2024-01-25 07:58:14,235 [s0-groupManagement] INFO  server.RaftServerConfigKeys (ConfUtils.java:logGet(46)) - raft.server.read.option = DEFAULT (default)
2024-01-25 07:58:14,235 [Time-limited test] INFO  grpc.GrpcConfigKeys (ConfUtils.java:logGet(46)) - raft.grpc.server.async.request.thread.pool.cached = true (default)
2024-01-25 07:58:14,235 [s0-groupManagement] INFO  server.RaftServerConfigKeys (ConfUtils.java:logGet(46)) - raft.server.read.read-after-write-consistent.write-index-cache.expiry-time = 60s (default)
2024-01-25 07:58:14,235 [Time-limited test] INFO  grpc.GrpcConfigKeys (ConfUtils.java:logGet(46)) - raft.grpc.server.async.request.thread.pool.size = 32 (default)
2024-01-25 07:58:14,237 [Time-limited test] INFO  impl.DataStreamServerImpl (ConfUtils.java:logGet(46)) - raft.datastream.type = DISABLED (default)
2024-01-25 07:58:14,237 [s0-groupManagement] INFO  server.RaftServerConfigKeys (ConfUtils.java:logGet(46)) - raft.server.rpc.request.timeout = 3000ms (default)
2024-01-25 07:58:14,237 [Time-limited test] INFO  server.RaftServerConfigKeys (ConfUtils.java:logGet(46)) - raft.server.sleep.deviation.threshold = 300ms (default)
2024-01-25 07:58:14,237 [s0-groupManagement] INFO  server.RaftServerConfigKeys (ConfUtils.java:logGet(46)) - raft.server.log.appender.install.snapshot.enabled = true (default)
2024-01-25 07:58:14,237 [Time-limited test] INFO  server.RaftServerConfigKeys (ConfUtils.java:logGet(46)) - raft.server.close.threshold = 60s (default)
2024-01-25 07:58:14,237 [s0-groupManagement] INFO  server.RaftServerConfigKeys (ConfUtils.java:logGet(46)) - raft.server.threadpool.server.cached = true (default)
2024-01-25 07:58:14,237 [Time-limited test] INFO  server.RaftServerConfigKeys (ConfUtils.java:logGet(46)) - raft.server.leaderelection.leader.step-down.wait-time = 10s (default)
2024-01-25 07:58:14,237 [s0-groupManagement] INFO  server.RaftServerConfigKeys (ConfUtils.java:logGet(46)) - raft.server.threadpool.server.size = 0 (default)
2024-01-25 07:58:14,237 [s0-groupManagement] INFO  server.RaftServerConfigKeys (ConfUtils.java:logGet(46)) - raft.server.threadpool.client.cached = true (default)
2024-01-25 07:58:14,237 [Time-limited test] INFO  server.RaftServerConfigKeys (ConfUtils.java:logGet(46)) - raft.server.storage.dir = [/home/runner/work/ratis/ratis/ratis-test/target/test/data/d3464635/MiniRaftClusterWithGrpc3dccc484/s1] (custom)
2024-01-25 07:58:14,237 [s0-groupManagement] INFO  server.RaftServerConfigKeys (ConfUtils.java:logGet(46)) - raft.server.threadpool.client.size = 0 (default)
2024-01-25 07:58:14,237 [Time-limited test] INFO  server.RaftServerConfigKeys (ConfUtils.java:logGet(46)) - raft.server.threadpool.proxy.cached = true (default)
2024-01-25 07:58:14,238 [Time-limited test] INFO  server.RaftServerConfigKeys (ConfUtils.java:logGet(46)) - raft.server.threadpool.proxy.size = 0 (default)
2024-01-25 07:58:14,238 [Time-limited test] INFO  server.RaftServer (RaftServerProxy.java:addNew(101)) - s1: addNew group-E525AA2370AC:[s0|localhost:15024, s1|localhost:15028, s2|localhost:15032] returns group-E525AA2370AC:java.util.concurrent.CompletableFuture@5208a0a3[Not completed]
2024-01-25 07:58:14,238 [Time-limited test] INFO  impl.MiniRaftCluster (MiniRaftCluster.java:newRaftServer(381)) - newRaftServer: s2, group-E525AA2370AC:[s0|localhost:15024, s1|localhost:15028, s2|localhost:15032], format? true
2024-01-25 07:58:14,238 [Time-limited test] TRACE util.FileUtils (FileUtils.java:deleteFully(305)) - deleteFully target/test/data/d3464635/MiniRaftClusterWithGrpc3dccc484/s2
2024-01-25 07:58:14,238 [Time-limited test] TRACE util.FileUtils (FileUtils.java:deleteFully(318)) - deleteFully: target/test/data/d3464635/MiniRaftClusterWithGrpc3dccc484/s2 does not exist.
2024-01-25 07:58:14,238 [Time-limited test] INFO  impl.MiniRaftCluster (MiniRaftCluster.java:newRaftServer(386)) - Formatted directory target/test/data/d3464635/MiniRaftClusterWithGrpc3dccc484/s2
2024-01-25 07:58:14,238 [s1-groupManagement] INFO  server.RaftServerConfigKeys (ConfUtils.java:logGet(46)) - raft.server.log.segment.size.max = 32MB (=33554432) (default)
2024-01-25 07:58:14,238 [s1-groupManagement] INFO  server.RaftServerConfigKeys (ConfUtils.java:logGet(46)) - raft.server.log.preallocated.size = 4MB (=4194304) (default)
2024-01-25 07:58:14,239 [s1-groupManagement] INFO  server.RaftServerConfigKeys (ConfUtils.java:logGet(46)) - raft.server.log.write.buffer.size = 8MB (=8388608) (default)
2024-01-25 07:58:14,239 [Time-limited test] INFO  server.RaftServer (ConfUtils.java:logGet(46)) - raft.rpc.type = GRPC (default)
2024-01-25 07:58:14,239 [s1-groupManagement] INFO  server.RaftServer$Division (RaftServerImpl.java:<init>(211)) - s1: new RaftServerImpl for group-E525AA2370AC:[s0|localhost:15024, s1|localhost:15028, s2|localhost:15032] with SimpleStateMachine4Testing:uninitialized
2024-01-25 07:58:14,239 [Time-limited test] INFO  grpc.GrpcConfigKeys (ConfUtils.java:logFallback(53)) - raft.grpc.admin.host = null (fallback to raft.grpc.server.host)
2024-01-25 07:58:14,239 [s1-groupManagement] INFO  server.RaftServerConfigKeys (ConfUtils.java:logGet(46)) - raft.server.rpc.timeout.min = 150ms (default)
2024-01-25 07:58:14,239 [Time-limited test] INFO  grpc.GrpcConfigKeys (ConfUtils.java:logGet(46)) - raft.grpc.admin.port = 15033 (custom)
2024-01-25 07:58:14,239 [s1-groupManagement] INFO  server.RaftServerConfigKeys (ConfUtils.java:logGet(46)) - raft.server.rpc.timeout.max = 300ms (default)
2024-01-25 07:58:14,239 [Time-limited test] INFO  grpc.GrpcConfigKeys (ConfUtils.java:logFallback(53)) - raft.grpc.client.host = null (fallback to raft.grpc.server.host)
2024-01-25 07:58:14,239 [s1-groupManagement] INFO  server.RaftServerConfigKeys (ConfUtils.java:logGet(46)) - raft.server.rpc.sleep.time = 25ms (default)
2024-01-25 07:58:14,239 [Time-limited test] INFO  grpc.GrpcConfigKeys (ConfUtils.java:logGet(46)) - raft.grpc.client.port = 15034 (custom)
2024-01-25 07:58:14,239 [s1-groupManagement] INFO  server.RaftServerConfigKeys (ConfUtils.java:logGet(46)) - raft.server.rpc.slowness.timeout = 60s (default)
2024-01-25 07:58:14,239 [Time-limited test] INFO  grpc.GrpcConfigKeys (ConfUtils.java:logGet(46)) - raft.grpc.server.host = null (default)
2024-01-25 07:58:14,239 [s1-groupManagement] INFO  server.RaftServerConfigKeys (ConfUtils.java:logGet(46)) - raft.server.leaderelection.leader.step-down.wait-time = 10s (default)
2024-01-25 07:58:14,239 [Time-limited test] INFO  grpc.GrpcConfigKeys (ConfUtils.java:logGet(46)) - raft.grpc.server.port = 15032 (custom)
2024-01-25 07:58:14,239 [s1-groupManagement] INFO  server.RaftServerConfigKeys (ConfUtils.java:logGet(46)) - raft.server.leaderelection.member.majority-add = false (default)
2024-01-25 07:58:14,239 [Time-limited test] INFO  server.GrpcService (ConfUtils.java:logGet(46)) - raft.grpc.message.size.max = 64MB (=67108864) (default)
2024-01-25 07:58:14,239 [s1-groupManagement] INFO  server.RaftServerConfigKeys (ConfUtils.java:logGet(46)) - raft.server.sleep.deviation.threshold = 300ms (default)
2024-01-25 07:58:14,240 [Time-limited test] INFO  server.RaftServerConfigKeys (ConfUtils.java:logGet(46)) - raft.server.log.appender.buffer.byte-limit = 4MB (=4194304) (default)
2024-01-25 07:58:14,240 [s1-groupManagement] INFO  server.RaftServer$Division (ServerState.java:<init>(113)) - s1@group-E525AA2370AC: ConfigurationManager, init=-1: peers:[s0|localhost:15024, s1|localhost:15028, s2|localhost:15032]|listeners:[], old=null, confs=<EMPTY_MAP>
2024-01-25 07:58:14,240 [Time-limited test] INFO  server.GrpcService (ConfUtils.java:logGet(46)) - raft.grpc.flow.control.window = 1MB (=1048576) (default)
2024-01-25 07:58:14,240 [s1-groupManagement] INFO  server.RaftServerConfigKeys (ConfUtils.java:logGet(46)) - raft.server.notification.no-leader.timeout = 60s (default)
2024-01-25 07:58:14,240 [Time-limited test] INFO  server.RaftServerConfigKeys (ConfUtils.java:logGet(46)) - raft.server.rpc.request.timeout = 3000ms (default)
2024-01-25 07:58:14,240 [s1-groupManagement] INFO  server.RaftServerConfigKeys (ConfUtils.java:logGet(46)) - raft.server.read.timeout = 10s (default)
2024-01-25 07:58:14,240 [Time-limited test] INFO  grpc.GrpcConfigKeys (ConfUtils.java:logGet(46)) - raft.grpc.server.heartbeat.channel = true (default)
2024-01-25 07:58:14,240 [s1-groupManagement] INFO  server.RaftServerConfigKeys (ConfUtils.java:logGet(46)) - raft.server.retrycache.expirytime = 60s (default)
2024-01-25 07:58:14,240 [Time-limited test] INFO  grpc.GrpcConfigKeys (ConfUtils.java:logGet(46)) - raft.grpc.server.async.request.thread.pool.cached = true (default)
2024-01-25 07:58:14,240 [s1-groupManagement] INFO  server.RaftServerConfigKeys (ConfUtils.java:logGet(46)) - raft.server.retrycache.statistics.expirytime = 100ms (default)
2024-01-25 07:58:14,240 [Time-limited test] INFO  grpc.GrpcConfigKeys (ConfUtils.java:logGet(46)) - raft.grpc.server.async.request.thread.pool.size = 32 (default)
2024-01-25 07:58:14,240 [s1-groupManagement] INFO  server.RaftServerConfigKeys (ConfUtils.java:logGet(46)) - raft.server.read.option = DEFAULT (default)
2024-01-25 07:58:14,240 [s1-groupManagement] INFO  server.RaftServerConfigKeys (ConfUtils.java:logGet(46)) - raft.server.read.read-after-write-consistent.write-index-cache.expiry-time = 60s (default)
2024-01-25 07:58:14,242 [s1-groupManagement] INFO  server.RaftServerConfigKeys (ConfUtils.java:logGet(46)) - raft.server.rpc.request.timeout = 3000ms (default)
2024-01-25 07:58:14,242 [s1-groupManagement] INFO  server.RaftServerConfigKeys (ConfUtils.java:logGet(46)) - raft.server.log.appender.install.snapshot.enabled = true (default)
2024-01-25 07:58:14,242 [Time-limited test] INFO  impl.DataStreamServerImpl (ConfUtils.java:logGet(46)) - raft.datastream.type = DISABLED (default)
2024-01-25 07:58:14,242 [s1-groupManagement] INFO  server.RaftServerConfigKeys (ConfUtils.java:logGet(46)) - raft.server.threadpool.server.cached = true (default)
2024-01-25 07:58:14,242 [Time-limited test] INFO  server.RaftServerConfigKeys (ConfUtils.java:logGet(46)) - raft.server.sleep.deviation.threshold = 300ms (default)
2024-01-25 07:58:14,242 [s1-groupManagement] INFO  server.RaftServerConfigKeys (ConfUtils.java:logGet(46)) - raft.server.threadpool.server.size = 0 (default)
2024-01-25 07:58:14,242 [Time-limited test] INFO  server.RaftServerConfigKeys (ConfUtils.java:logGet(46)) - raft.server.close.threshold = 60s (default)
2024-01-25 07:58:14,242 [s1-groupManagement] INFO  server.RaftServerConfigKeys (ConfUtils.java:logGet(46)) - raft.server.threadpool.client.cached = true (default)
2024-01-25 07:58:14,242 [Time-limited test] INFO  server.RaftServerConfigKeys (ConfUtils.java:logGet(46)) - raft.server.leaderelection.leader.step-down.wait-time = 10s (default)
2024-01-25 07:58:14,242 [s1-groupManagement] INFO  server.RaftServerConfigKeys (ConfUtils.java:logGet(46)) - raft.server.threadpool.client.size = 0 (default)
2024-01-25 07:58:14,242 [Time-limited test] INFO  server.RaftServerConfigKeys (ConfUtils.java:logGet(46)) - raft.server.storage.dir = [/home/runner/work/ratis/ratis/ratis-test/target/test/data/d3464635/MiniRaftClusterWithGrpc3dccc484/s2] (custom)
2024-01-25 07:58:14,242 [Time-limited test] INFO  server.RaftServerConfigKeys (ConfUtils.java:logGet(46)) - raft.server.threadpool.proxy.cached = true (default)
2024-01-25 07:58:14,242 [Time-limited test] INFO  server.RaftServerConfigKeys (ConfUtils.java:logGet(46)) - raft.server.threadpool.proxy.size = 0 (default)
2024-01-25 07:58:14,243 [Time-limited test] INFO  server.RaftServer (RaftServerProxy.java:addNew(101)) - s2: addNew group-E525AA2370AC:[s0|localhost:15024, s1|localhost:15028, s2|localhost:15032] returns group-E525AA2370AC:java.util.concurrent.CompletableFuture@169e77b2[Not completed]
2024-01-25 07:58:14,243 [s2-groupManagement] INFO  server.RaftServerConfigKeys (ConfUtils.java:logGet(46)) - raft.server.log.segment.size.max = 32MB (=33554432) (default)
2024-01-25 07:58:14,243 [s0-impl-thread1] INFO  server.RaftServerConfigKeys (ConfUtils.java:logGet(46)) - raft.server.storage.free-space.min = 0MB (=0) (default)
2024-01-25 07:58:14,243 [s2-groupManagement] INFO  server.RaftServerConfigKeys (ConfUtils.java:logGet(46)) - raft.server.log.preallocated.size = 4MB (=4194304) (default)
2024-01-25 07:58:14,243 [s0-impl-thread1] INFO  server.RaftServerConfigKeys (ConfUtils.java:logGet(46)) - raft.server.log.corruption.policy = EXCEPTION (default)
2024-01-25 07:58:14,243 [s2-groupManagement] INFO  server.RaftServerConfigKeys (ConfUtils.java:logGet(46)) - raft.server.log.write.buffer.size = 8MB (=8388608) (default)
2024-01-25 07:58:14,243 [s0-impl-thread1] INFO  server.RaftServerConfigKeys (ConfUtils.java:logGet(46)) - raft.server.storage.dir = [/home/runner/work/ratis/ratis/ratis-test/target/test/data/d3464635/MiniRaftClusterWithGrpc3dccc484/s0] (custom)
2024-01-25 07:58:14,243 [s2-groupManagement] INFO  server.RaftServer$Division (RaftServerImpl.java:<init>(211)) - s2: new RaftServerImpl for group-E525AA2370AC:[s0|localhost:15024, s1|localhost:15028, s2|localhost:15032] with SimpleStateMachine4Testing:uninitialized
2024-01-25 07:58:14,243 [s2-groupManagement] INFO  server.RaftServerConfigKeys (ConfUtils.java:logGet(46)) - raft.server.rpc.timeout.min = 150ms (default)
2024-01-25 07:58:14,243 [s2-groupManagement] INFO  server.RaftServerConfigKeys (ConfUtils.java:logGet(46)) - raft.server.rpc.timeout.max = 300ms (default)
2024-01-25 07:58:14,243 [s0-impl-thread1] INFO  storage.RaftStorageDirectory (RaftStorageDirectoryImpl.java:analyzeStorage(138)) - The storage directory /home/runner/work/ratis/ratis/ratis-test/target/test/data/d3464635/MiniRaftClusterWithGrpc3dccc484/s0/e12cb6ba-f64b-45a9-b005-e525aa2370ac does not exist. Creating ...
2024-01-25 07:58:14,243 [s2-groupManagement] INFO  server.RaftServerConfigKeys (ConfUtils.java:logGet(46)) - raft.server.rpc.sleep.time = 25ms (default)
2024-01-25 07:58:14,244 [s2-groupManagement] INFO  server.RaftServerConfigKeys (ConfUtils.java:logGet(46)) - raft.server.rpc.slowness.timeout = 60s (default)
2024-01-25 07:58:14,244 [s2-groupManagement] INFO  server.RaftServerConfigKeys (ConfUtils.java:logGet(46)) - raft.server.leaderelection.leader.step-down.wait-time = 10s (default)
2024-01-25 07:58:14,244 [s2-groupManagement] INFO  server.RaftServerConfigKeys (ConfUtils.java:logGet(46)) - raft.server.leaderelection.member.majority-add = false (default)
2024-01-25 07:58:14,244 [s2-groupManagement] INFO  server.RaftServerConfigKeys (ConfUtils.java:logGet(46)) - raft.server.sleep.deviation.threshold = 300ms (default)
2024-01-25 07:58:14,244 [s2-groupManagement] INFO  server.RaftServer$Division (ServerState.java:<init>(113)) - s2@group-E525AA2370AC: ConfigurationManager, init=-1: peers:[s0|localhost:15024, s1|localhost:15028, s2|localhost:15032]|listeners:[], old=null, confs=<EMPTY_MAP>
2024-01-25 07:58:14,244 [s0-impl-thread1] TRACE util.FileUtils (LogUtils.java:runAndLog(49)) - Successfully ran Files.createDirectories /home/runner/work/ratis/ratis/ratis-test/target/test/data/d3464635/MiniRaftClusterWithGrpc3dccc484/s0/e12cb6ba-f64b-45a9-b005-e525aa2370ac
2024-01-25 07:58:14,244 [s2-groupManagement] INFO  server.RaftServerConfigKeys (ConfUtils.java:logGet(46)) - raft.server.notification.no-leader.timeout = 60s (default)
2024-01-25 07:58:14,244 [s2-groupManagement] INFO  server.RaftServerConfigKeys (ConfUtils.java:logGet(46)) - raft.server.read.timeout = 10s (default)
2024-01-25 07:58:14,244 [s2-groupManagement] INFO  server.RaftServerConfigKeys (ConfUtils.java:logGet(46)) - raft.server.retrycache.expirytime = 60s (default)
2024-01-25 07:58:14,244 [s2-groupManagement] INFO  server.RaftServerConfigKeys (ConfUtils.java:logGet(46)) - raft.server.retrycache.statistics.expirytime = 100ms (default)
2024-01-25 07:58:14,244 [s2-groupManagement] INFO  server.RaftServerConfigKeys (ConfUtils.java:logGet(46)) - raft.server.read.option = DEFAULT (default)
2024-01-25 07:58:14,244 [s2-groupManagement] INFO  server.RaftServerConfigKeys (ConfUtils.java:logGet(46)) - raft.server.read.read-after-write-consistent.write-index-cache.expiry-time = 60s (default)
2024-01-25 07:58:14,245 [s0-impl-thread1] INFO  storage.RaftStorageDirectory (RaftStorageDirectoryImpl.java:tryLock(228)) - Lock on /home/runner/work/ratis/ratis/ratis-test/target/test/data/d3464635/MiniRaftClusterWithGrpc3dccc484/s0/e12cb6ba-f64b-45a9-b005-e525aa2370ac/in_use.lock acquired by nodename 21818@fv-az1458-491
2024-01-25 07:58:14,245 [s0-impl-thread1] TRACE util.FileUtils (LogUtils.java:runAndLog(49)) - Successfully ran Files.createDirectories /home/runner/work/ratis/ratis/ratis-test/target/test/data/d3464635/MiniRaftClusterWithGrpc3dccc484/s0/e12cb6ba-f64b-45a9-b005-e525aa2370ac/current
2024-01-25 07:58:14,245 [s2-groupManagement] INFO  server.RaftServerConfigKeys (ConfUtils.java:logGet(46)) - raft.server.rpc.request.timeout = 3000ms (default)
2024-01-25 07:58:14,245 [s0-impl-thread1] TRACE util.FileUtils (LogUtils.java:runAndLog(49)) - Successfully ran Files.createDirectories /home/runner/work/ratis/ratis/ratis-test/target/test/data/d3464635/MiniRaftClusterWithGrpc3dccc484/s0/e12cb6ba-f64b-45a9-b005-e525aa2370ac/sm
2024-01-25 07:58:14,245 [s2-groupManagement] INFO  server.RaftServerConfigKeys (ConfUtils.java:logGet(46)) - raft.server.log.appender.install.snapshot.enabled = true (default)
2024-01-25 07:58:14,246 [s2-groupManagement] INFO  server.RaftServerConfigKeys (ConfUtils.java:logGet(46)) - raft.server.threadpool.server.cached = true (default)
2024-01-25 07:58:14,246 [s0-impl-thread1] TRACE util.FileUtils (LogUtils.java:supplyAndLog(69)) - Successfully supplied FileChannel.open /home/runner/work/ratis/ratis/ratis-test/target/test/data/d3464635/MiniRaftClusterWithGrpc3dccc484/s0/e12cb6ba-f64b-45a9-b005-e525aa2370ac/current/raft-meta.tmp with options [CREATE, WRITE]: sun.nio.ch.FileChannelImpl@38a7459
2024-01-25 07:58:14,246 [s2-groupManagement] INFO  server.RaftServerConfigKeys (ConfUtils.java:logGet(46)) - raft.server.threadpool.server.size = 0 (default)
2024-01-25 07:58:14,246 [s2-groupManagement] INFO  server.RaftServerConfigKeys (ConfUtils.java:logGet(46)) - raft.server.threadpool.client.cached = true (default)
2024-01-25 07:58:14,246 [s2-groupManagement] INFO  server.RaftServerConfigKeys (ConfUtils.java:logGet(46)) - raft.server.threadpool.client.size = 0 (default)
2024-01-25 07:58:14,247 [s0-impl-thread1] TRACE util.FileUtils (LogUtils.java:runAndLog(49)) - Successfully ran Atomic Files.move /home/runner/work/ratis/ratis/ratis-test/target/test/data/d3464635/MiniRaftClusterWithGrpc3dccc484/s0/e12cb6ba-f64b-45a9-b005-e525aa2370ac/current/raft-meta.tmp to /home/runner/work/ratis/ratis/ratis-test/target/test/data/d3464635/MiniRaftClusterWithGrpc3dccc484/s0/e12cb6ba-f64b-45a9-b005-e525aa2370ac/current/raft-meta with options [REPLACE_EXISTING]
2024-01-25 07:58:14,247 [s0-impl-thread1] INFO  storage.RaftStorage (RaftStorageImpl.java:format(99)) - Storage directory /home/runner/work/ratis/ratis/ratis-test/target/test/data/d3464635/MiniRaftClusterWithGrpc3dccc484/s0/e12cb6ba-f64b-45a9-b005-e525aa2370ac has been successfully formatted.
2024-01-25 07:58:14,247 [s0-impl-thread1] TRACE util.FileUtils (LogUtils.java:supplyAndLog(61)) - Failed to Files.newInputStream /home/runner/work/ratis/ratis/ratis-test/target/test/data/d3464635/MiniRaftClusterWithGrpc3dccc484/s0/e12cb6ba-f64b-45a9-b005-e525aa2370ac/current/raft-meta.conf with options []
java.nio.file.NoSuchFileException: /home/runner/work/ratis/ratis/ratis-test/target/test/data/d3464635/MiniRaftClusterWithGrpc3dccc484/s0/e12cb6ba-f64b-45a9-b005-e525aa2370ac/current/raft-meta.conf
	at sun.nio.fs.UnixException.translateToIOException(UnixException.java:86)
	at sun.nio.fs.UnixException.rethrowAsIOException(UnixException.java:102)
	at sun.nio.fs.UnixException.rethrowAsIOException(UnixException.java:107)
	at sun.nio.fs.UnixFileSystemProvider.newByteChannel(UnixFileSystemProvider.java:214)
	at java.nio.file.Files.newByteChannel(Files.java:361)
	at java.nio.file.Files.newByteChannel(Files.java:407)
	at java.nio.file.spi.FileSystemProvider.newInputStream(FileSystemProvider.java:384)
	at java.nio.file.Files.newInputStream(Files.java:152)
	at org.apache.ratis.util.FileUtils.lambda$newInputStream$2(FileUtils.java:73)
	at org.apache.ratis.util.LogUtils.supplyAndLog(LogUtils.java:58)
	at org.apache.ratis.util.FileUtils.newInputStream(FileUtils.java:72)
	at org.apache.ratis.util.FileUtils.newInputStream(FileUtils.java:68)
	at org.apache.ratis.server.storage.RaftStorageImpl.readRaftConfiguration(RaftStorageImpl.java:156)
	at org.apache.ratis.server.impl.ServerState.initialize(ServerState.java:141)
	at org.apache.ratis.server.impl.RaftServerImpl.start(RaftServerImpl.java:342)
	at org.apache.ratis.util.ConcurrentUtils.accept(ConcurrentUtils.java:203)
	at org.apache.ratis.util.ConcurrentUtils.lambda$null$4(ConcurrentUtils.java:182)
	at java.util.concurrent.ThreadPoolExecutor.runWorker(ThreadPoolExecutor.java:1149)
	at java.util.concurrent.ThreadPoolExecutor$Worker.run(ThreadPoolExecutor.java:624)
	at java.lang.Thread.run(Thread.java:750)
2024-01-25 07:58:14,247 [s0-impl-thread1] INFO  impl.SimpleStateMachine4Testing (SimpleStateMachine4Testing.java:initialize(213)) - Initializing SimpleStateMachine4Testing:uninitialized
2024-01-25 07:58:14,247 [s0-impl-thread1] INFO  impl.SimpleStateMachine4Testing (SimpleStateMachine4Testing.java:loadSnapshot(296)) - Loading snapshot null
2024-01-25 07:58:14,247 [s0-impl-thread1] INFO  server.RaftServerConfigKeys (ConfUtils.java:logGet(46)) - raft.server.log.use.memory = false (default)
2024-01-25 07:58:14,247 [s0-impl-thread1] INFO  server.RaftServerConfigKeys (ConfUtils.java:logGet(46)) - raft.server.log.purge.gap = 1024 (default)
2024-01-25 07:58:14,247 [s0-impl-thread1] INFO  server.RaftServerConfigKeys (ConfUtils.java:logGet(46)) - raft.server.log.appender.buffer.byte-limit = 4MB (=4194304) (default)
2024-01-25 07:58:14,247 [s0-impl-thread1] INFO  server.RaftServerConfigKeys (ConfUtils.java:logGet(46)) - raft.server.log.statemachine.data.read.timeout = 1000ms (default)
2024-01-25 07:58:14,247 [s0-impl-thread1] INFO  server.RaftServerConfigKeys (ConfUtils.java:logGet(46)) - raft.server.log.purge.preservation.log.num = 0 (default)
2024-01-25 07:58:14,248 [s0-impl-thread1] INFO  server.RaftServerConfigKeys (ConfUtils.java:logGet(46)) - raft.server.log.segment.size.max = 32MB (=33554432) (default)
2024-01-25 07:58:14,248 [s0-impl-thread1] INFO  server.RaftServerConfigKeys (ConfUtils.java:logGet(46)) - raft.server.log.segment.cache.num.max = 6 (default)
2024-01-25 07:58:14,248 [s0-impl-thread1] INFO  server.RaftServerConfigKeys (ConfUtils.java:logGet(46)) - raft.server.log.segment.cache.size.max = 200MB (=209715200) (default)
2024-01-25 07:58:14,248 [s0-impl-thread1] INFO  server.RaftServerConfigKeys (ConfUtils.java:logGet(46)) - raft.server.log.appender.buffer.byte-limit = 4MB (=4194304) (default)
2024-01-25 07:58:14,248 [s0-impl-thread1] INFO  util.AwaitToRun (AwaitToRun.java:start(81)) - Thread[s0@group-E525AA2370AC-cacheEviction-AwaitToRun,5,main] started
2024-01-25 07:58:14,248 [s0-impl-thread1] INFO  segmented.SegmentedRaftLogWorker (SegmentedRaftLogWorker.java:<init>(182)) - new s0@group-E525AA2370AC-SegmentedRaftLogWorker for RaftStorageImpl:Storage Directory /home/runner/work/ratis/ratis/ratis-test/target/test/data/d3464635/MiniRaftClusterWithGrpc3dccc484/s0/e12cb6ba-f64b-45a9-b005-e525aa2370ac
2024-01-25 07:58:14,248 [s0-impl-thread1] INFO  server.RaftServerConfigKeys (ConfUtils.java:logGet(46)) - raft.server.log.queue.byte-limit = 64MB (=67108864) (default)
2024-01-25 07:58:14,248 [s0-impl-thread1] INFO  server.RaftServerConfigKeys (ConfUtils.java:logGet(46)) - raft.server.log.queue.element-limit = 4096 (default)
2024-01-25 07:58:14,248 [s0-impl-thread1] INFO  server.RaftServerConfigKeys (ConfUtils.java:logGet(46)) - raft.server.log.segment.size.max = 32MB (=33554432) (default)
2024-01-25 07:58:14,248 [s0-impl-thread1] INFO  server.RaftServerConfigKeys (ConfUtils.java:logGet(46)) - raft.server.log.preallocated.size = 4MB (=4194304) (default)
2024-01-25 07:58:14,248 [s0-impl-thread1] INFO  server.RaftServerConfigKeys (ConfUtils.java:logGet(46)) - raft.server.log.force.sync.num = 128 (default)
2024-01-25 07:58:14,248 [s0-impl-thread1] INFO  server.RaftServerConfigKeys (ConfUtils.java:logGet(46)) - raft.server.log.statemachine.data.sync = true (default)
2024-01-25 07:58:14,248 [s0-impl-thread1] INFO  server.RaftServerConfigKeys (ConfUtils.java:logGet(46)) - raft.server.log.statemachine.data.sync.timeout = 10s (default)
2024-01-25 07:58:14,248 [s0-impl-thread1] INFO  server.RaftServerConfigKeys (ConfUtils.java:logGet(46)) - raft.server.log.statemachine.data.sync.timeout.retry = -1 (default)
2024-01-25 07:58:14,248 [s0-impl-thread1] INFO  server.RaftServerConfigKeys (ConfUtils.java:logGet(46)) - raft.server.log.write.buffer.size = 8MB (=8388608) (default)
2024-01-25 07:58:14,251 [s0-impl-thread1] INFO  server.RaftServerConfigKeys (ConfUtils.java:logGet(46)) - raft.server.log.appender.buffer.byte-limit = 4MB (=4194304) (default)
2024-01-25 07:58:14,251 [s0-impl-thread1] INFO  server.RaftServerConfigKeys (ConfUtils.java:logGet(46)) - raft.server.log.unsafe-flush.enabled = false (default)
2024-01-25 07:58:14,251 [s0-impl-thread1] INFO  server.RaftServerConfigKeys (ConfUtils.java:logGet(46)) - raft.server.log.async-flush.enabled = false (default)
2024-01-25 07:58:14,251 [s0-impl-thread1] INFO  server.RaftServerConfigKeys (ConfUtils.java:logGet(46)) - raft.server.log.statemachine.data.caching.enabled = false (default)
2024-01-25 07:58:14,251 [s0-impl-thread1] INFO  segmented.SegmentedRaftLogWorker (SegmentedRaftLogWorker.java:lambda$new$0(134)) - s0@group-E525AA2370AC-SegmentedRaftLogWorker: flushIndex: setUnconditionally 0 -> -1
2024-01-25 07:58:14,251 [s0-impl-thread1] INFO  segmented.SegmentedRaftLogWorker (SegmentedRaftLogWorker.java:lambda$new$0(134)) - s0@group-E525AA2370AC-SegmentedRaftLogWorker: safeCacheEvictIndex: setUnconditionally 0 -> -1
2024-01-25 07:58:14,251 [s0-impl-thread1] INFO  server.RaftServer$Division (RaftServerImpl.java:start(346)) - s0@group-E525AA2370AC: start as a follower, conf=-1: peers:[s0|localhost:15024, s1|localhost:15028, s2|localhost:15032]|listeners:[], old=null
2024-01-25 07:58:14,251 [s0-impl-thread1] INFO  server.RaftServer$Division (RaftServerImpl.java:setRole(333)) - s0@group-E525AA2370AC: changes role from      null to FOLLOWER at term 0 for startAsFollower
2024-01-25 07:58:14,251 [s0-impl-thread1] INFO  impl.RoleInfo (RoleInfo.java:updateAndGet(140)) - s0: start s0@group-E525AA2370AC-FollowerState
2024-01-25 07:58:14,252 [s0-impl-thread1] INFO  util.JmxRegister (JmxRegister.java:tryRegister(44)) - Successfully registered JMX Bean with object name Ratis:service=RaftServer,group=group-E525AA2370AC,id=s0
2024-01-25 07:58:14,252 [s0-impl-thread1] INFO  util.JmxRegister (JmxRegister.java:register(58)) - register mxBean class org.apache.ratis.server.impl.RaftServerJmxAdapter as Ratis:service=RaftServer,group=group-E525AA2370AC,id=s0
2024-01-25 07:58:14,252 [s0-impl-thread1] INFO  server.RaftServerConfigKeys (ConfUtils.java:logGet(46)) - raft.server.snapshot.trigger-when-stop.enabled = true (default)
2024-01-25 07:58:14,252 [s0-impl-thread1] INFO  server.RaftServerConfigKeys (ConfUtils.java:logGet(46)) - raft.server.snapshot.auto.trigger.enabled = false (default)
2024-01-25 07:58:14,252 [s0-impl-thread1] INFO  server.RaftServerConfigKeys (ConfUtils.java:logGet(46)) - raft.server.snapshot.retention.file.num = -1 (default)
2024-01-25 07:58:14,252 [s0-impl-thread1] INFO  server.RaftServerConfigKeys (ConfUtils.java:logGet(46)) - raft.server.log.purge.upto.snapshot.index = false (default)
2024-01-25 07:58:14,252 [s0@group-E525AA2370AC-FollowerState] INFO  server.RaftServerConfigKeys (ConfUtils.java:logFallback(53)) - raft.server.rpc.first-election.timeout.min = 150ms (fallback to raft.server.rpc.timeout.min)
2024-01-25 07:58:14,252 [s0@group-E525AA2370AC-FollowerState] INFO  server.RaftServerConfigKeys (ConfUtils.java:logFallback(53)) - raft.server.rpc.first-election.timeout.max = 300ms (fallback to raft.server.rpc.timeout.max)
2024-01-25 07:58:14,254 [Time-limited test] INFO  server.RaftServer (RaftServerProxy.java:startImpl(407)) - s0: start RPC server
2024-01-25 07:58:14,255 [Time-limited test] INFO  server.GrpcService (GrpcService.java:startImpl(308)) - s0: GrpcService started, listening on 15026
2024-01-25 07:58:14,256 [Time-limited test] INFO  server.GrpcService (GrpcService.java:startImpl(308)) - s0: GrpcService started, listening on 15024
2024-01-25 07:58:14,256 [Time-limited test] INFO  server.GrpcService (GrpcService.java:startImpl(308)) - s0: GrpcService started, listening on 15025
2024-01-25 07:58:14,257 [JvmPauseMonitor6] INFO  util.JvmPauseMonitor (JvmPauseMonitor.java:run(146)) - JvmPauseMonitor-s0: Started
2024-01-25 07:58:14,257 [s1-impl-thread1] INFO  server.RaftServerConfigKeys (ConfUtils.java:logGet(46)) - raft.server.storage.free-space.min = 0MB (=0) (default)
2024-01-25 07:58:14,257 [s1-impl-thread1] INFO  server.RaftServerConfigKeys (ConfUtils.java:logGet(46)) - raft.server.log.corruption.policy = EXCEPTION (default)
2024-01-25 07:58:14,257 [s1-impl-thread1] INFO  server.RaftServerConfigKeys (ConfUtils.java:logGet(46)) - raft.server.storage.dir = [/home/runner/work/ratis/ratis/ratis-test/target/test/data/d3464635/MiniRaftClusterWithGrpc3dccc484/s1] (custom)
2024-01-25 07:58:14,257 [s1-impl-thread1] INFO  storage.RaftStorageDirectory (RaftStorageDirectoryImpl.java:analyzeStorage(138)) - The storage directory /home/runner/work/ratis/ratis/ratis-test/target/test/data/d3464635/MiniRaftClusterWithGrpc3dccc484/s1/e12cb6ba-f64b-45a9-b005-e525aa2370ac does not exist. Creating ...
2024-01-25 07:58:14,257 [s1-impl-thread1] TRACE util.FileUtils (LogUtils.java:runAndLog(49)) - Successfully ran Files.createDirectories /home/runner/work/ratis/ratis/ratis-test/target/test/data/d3464635/MiniRaftClusterWithGrpc3dccc484/s1/e12cb6ba-f64b-45a9-b005-e525aa2370ac
2024-01-25 07:58:14,258 [s1-impl-thread1] INFO  storage.RaftStorageDirectory (RaftStorageDirectoryImpl.java:tryLock(228)) - Lock on /home/runner/work/ratis/ratis/ratis-test/target/test/data/d3464635/MiniRaftClusterWithGrpc3dccc484/s1/e12cb6ba-f64b-45a9-b005-e525aa2370ac/in_use.lock acquired by nodename 21818@fv-az1458-491
2024-01-25 07:58:14,258 [s1-impl-thread1] TRACE util.FileUtils (LogUtils.java:runAndLog(49)) - Successfully ran Files.createDirectories /home/runner/work/ratis/ratis/ratis-test/target/test/data/d3464635/MiniRaftClusterWithGrpc3dccc484/s1/e12cb6ba-f64b-45a9-b005-e525aa2370ac/current
2024-01-25 07:58:14,258 [s1-impl-thread1] TRACE util.FileUtils (LogUtils.java:runAndLog(49)) - Successfully ran Files.createDirectories /home/runner/work/ratis/ratis/ratis-test/target/test/data/d3464635/MiniRaftClusterWithGrpc3dccc484/s1/e12cb6ba-f64b-45a9-b005-e525aa2370ac/sm
2024-01-25 07:58:14,258 [s1-impl-thread1] TRACE util.FileUtils (LogUtils.java:supplyAndLog(69)) - Successfully supplied FileChannel.open /home/runner/work/ratis/ratis/ratis-test/target/test/data/d3464635/MiniRaftClusterWithGrpc3dccc484/s1/e12cb6ba-f64b-45a9-b005-e525aa2370ac/current/raft-meta.tmp with options [CREATE, WRITE]: sun.nio.ch.FileChannelImpl@2e7100a0
2024-01-25 07:58:14,259 [s1-impl-thread1] TRACE util.FileUtils (LogUtils.java:runAndLog(49)) - Successfully ran Atomic Files.move /home/runner/work/ratis/ratis/ratis-test/target/test/data/d3464635/MiniRaftClusterWithGrpc3dccc484/s1/e12cb6ba-f64b-45a9-b005-e525aa2370ac/current/raft-meta.tmp to /home/runner/work/ratis/ratis/ratis-test/target/test/data/d3464635/MiniRaftClusterWithGrpc3dccc484/s1/e12cb6ba-f64b-45a9-b005-e525aa2370ac/current/raft-meta with options [REPLACE_EXISTING]
2024-01-25 07:58:14,259 [s1-impl-thread1] INFO  storage.RaftStorage (RaftStorageImpl.java:format(99)) - Storage directory /home/runner/work/ratis/ratis/ratis-test/target/test/data/d3464635/MiniRaftClusterWithGrpc3dccc484/s1/e12cb6ba-f64b-45a9-b005-e525aa2370ac has been successfully formatted.
2024-01-25 07:58:14,259 [s1-impl-thread1] TRACE util.FileUtils (LogUtils.java:supplyAndLog(61)) - Failed to Files.newInputStream /home/runner/work/ratis/ratis/ratis-test/target/test/data/d3464635/MiniRaftClusterWithGrpc3dccc484/s1/e12cb6ba-f64b-45a9-b005-e525aa2370ac/current/raft-meta.conf with options []
java.nio.file.NoSuchFileException: /home/runner/work/ratis/ratis/ratis-test/target/test/data/d3464635/MiniRaftClusterWithGrpc3dccc484/s1/e12cb6ba-f64b-45a9-b005-e525aa2370ac/current/raft-meta.conf
	at sun.nio.fs.UnixException.translateToIOException(UnixException.java:86)
	at sun.nio.fs.UnixException.rethrowAsIOException(UnixException.java:102)
	at sun.nio.fs.UnixException.rethrowAsIOException(UnixException.java:107)
	at sun.nio.fs.UnixFileSystemProvider.newByteChannel(UnixFileSystemProvider.java:214)
	at java.nio.file.Files.newByteChannel(Files.java:361)
	at java.nio.file.Files.newByteChannel(Files.java:407)
	at java.nio.file.spi.FileSystemProvider.newInputStream(FileSystemProvider.java:384)
	at java.nio.file.Files.newInputStream(Files.java:152)
	at org.apache.ratis.util.FileUtils.lambda$newInputStream$2(FileUtils.java:73)
	at org.apache.ratis.util.LogUtils.supplyAndLog(LogUtils.java:58)
	at org.apache.ratis.util.FileUtils.newInputStream(FileUtils.java:72)
	at org.apache.ratis.util.FileUtils.newInputStream(FileUtils.java:68)
	at org.apache.ratis.server.storage.RaftStorageImpl.readRaftConfiguration(RaftStorageImpl.java:156)
	at org.apache.ratis.server.impl.ServerState.initialize(ServerState.java:141)
	at org.apache.ratis.server.impl.RaftServerImpl.start(RaftServerImpl.java:342)
	at org.apache.ratis.util.ConcurrentUtils.accept(ConcurrentUtils.java:203)
	at org.apache.ratis.util.ConcurrentUtils.lambda$null$4(ConcurrentUtils.java:182)
	at java.util.concurrent.ThreadPoolExecutor.runWorker(ThreadPoolExecutor.java:1149)
	at java.util.concurrent.ThreadPoolExecutor$Worker.run(ThreadPoolExecutor.java:624)
	at java.lang.Thread.run(Thread.java:750)
2024-01-25 07:58:14,259 [s1-impl-thread1] INFO  impl.SimpleStateMachine4Testing (SimpleStateMachine4Testing.java:initialize(213)) - Initializing SimpleStateMachine4Testing:uninitialized
2024-01-25 07:58:14,259 [s1-impl-thread1] INFO  impl.SimpleStateMachine4Testing (SimpleStateMachine4Testing.java:loadSnapshot(296)) - Loading snapshot null
2024-01-25 07:58:14,259 [s1-impl-thread1] INFO  server.RaftServerConfigKeys (ConfUtils.java:logGet(46)) - raft.server.log.use.memory = false (default)
2024-01-25 07:58:14,259 [s1-impl-thread1] INFO  server.RaftServerConfigKeys (ConfUtils.java:logGet(46)) - raft.server.log.purge.gap = 1024 (default)
2024-01-25 07:58:14,260 [s1-impl-thread1] INFO  server.RaftServerConfigKeys (ConfUtils.java:logGet(46)) - raft.server.log.appender.buffer.byte-limit = 4MB (=4194304) (default)
2024-01-25 07:58:14,260 [s1-impl-thread1] INFO  server.RaftServerConfigKeys (ConfUtils.java:logGet(46)) - raft.server.log.statemachine.data.read.timeout = 1000ms (default)
2024-01-25 07:58:14,260 [s1-impl-thread1] INFO  server.RaftServerConfigKeys (ConfUtils.java:logGet(46)) - raft.server.log.purge.preservation.log.num = 0 (default)
2024-01-25 07:58:14,260 [s1-impl-thread1] INFO  server.RaftServerConfigKeys (ConfUtils.java:logGet(46)) - raft.server.log.segment.size.max = 32MB (=33554432) (default)
2024-01-25 07:58:14,260 [s1-impl-thread1] INFO  server.RaftServerConfigKeys (ConfUtils.java:logGet(46)) - raft.server.log.segment.cache.num.max = 6 (default)
2024-01-25 07:58:14,260 [s1-impl-thread1] INFO  server.RaftServerConfigKeys (ConfUtils.java:logGet(46)) - raft.server.log.segment.cache.size.max = 200MB (=209715200) (default)
2024-01-25 07:58:14,261 [s1-impl-thread1] INFO  server.RaftServerConfigKeys (ConfUtils.java:logGet(46)) - raft.server.log.appender.buffer.byte-limit = 4MB (=4194304) (default)
2024-01-25 07:58:14,261 [s1-impl-thread1] INFO  util.AwaitToRun (AwaitToRun.java:start(81)) - Thread[s1@group-E525AA2370AC-cacheEviction-AwaitToRun,5,main] started
2024-01-25 07:58:14,261 [s1-impl-thread1] INFO  segmented.SegmentedRaftLogWorker (SegmentedRaftLogWorker.java:<init>(182)) - new s1@group-E525AA2370AC-SegmentedRaftLogWorker for RaftStorageImpl:Storage Directory /home/runner/work/ratis/ratis/ratis-test/target/test/data/d3464635/MiniRaftClusterWithGrpc3dccc484/s1/e12cb6ba-f64b-45a9-b005-e525aa2370ac
2024-01-25 07:58:14,261 [s1-impl-thread1] INFO  server.RaftServerConfigKeys (ConfUtils.java:logGet(46)) - raft.server.log.queue.byte-limit = 64MB (=67108864) (default)
2024-01-25 07:58:14,262 [s1-impl-thread1] INFO  server.RaftServerConfigKeys (ConfUtils.java:logGet(46)) - raft.server.log.queue.element-limit = 4096 (default)
2024-01-25 07:58:14,262 [s1-impl-thread1] INFO  server.RaftServerConfigKeys (ConfUtils.java:logGet(46)) - raft.server.log.segment.size.max = 32MB (=33554432) (default)
2024-01-25 07:58:14,262 [s1-impl-thread1] INFO  server.RaftServerConfigKeys (ConfUtils.java:logGet(46)) - raft.server.log.preallocated.size = 4MB (=4194304) (default)
2024-01-25 07:58:14,262 [s1-impl-thread1] INFO  server.RaftServerConfigKeys (ConfUtils.java:logGet(46)) - raft.server.log.force.sync.num = 128 (default)
2024-01-25 07:58:14,262 [s1-impl-thread1] INFO  server.RaftServerConfigKeys (ConfUtils.java:logGet(46)) - raft.server.log.statemachine.data.sync = true (default)
2024-01-25 07:58:14,262 [s1-impl-thread1] INFO  server.RaftServerConfigKeys (ConfUtils.java:logGet(46)) - raft.server.log.statemachine.data.sync.timeout = 10s (default)
2024-01-25 07:58:14,262 [s1-impl-thread1] INFO  server.RaftServerConfigKeys (ConfUtils.java:logGet(46)) - raft.server.log.statemachine.data.sync.timeout.retry = -1 (default)
2024-01-25 07:58:14,262 [s1-impl-thread1] INFO  server.RaftServerConfigKeys (ConfUtils.java:logGet(46)) - raft.server.log.write.buffer.size = 8MB (=8388608) (default)
2024-01-25 07:58:14,264 [s1-impl-thread1] INFO  server.RaftServerConfigKeys (ConfUtils.java:logGet(46)) - raft.server.log.appender.buffer.byte-limit = 4MB (=4194304) (default)
2024-01-25 07:58:14,264 [s1-impl-thread1] INFO  server.RaftServerConfigKeys (ConfUtils.java:logGet(46)) - raft.server.log.unsafe-flush.enabled = false (default)
2024-01-25 07:58:14,264 [s1-impl-thread1] INFO  server.RaftServerConfigKeys (ConfUtils.java:logGet(46)) - raft.server.log.async-flush.enabled = false (default)
2024-01-25 07:58:14,264 [s1-impl-thread1] INFO  server.RaftServerConfigKeys (ConfUtils.java:logGet(46)) - raft.server.log.statemachine.data.caching.enabled = false (default)
2024-01-25 07:58:14,264 [s1-impl-thread1] INFO  segmented.SegmentedRaftLogWorker (SegmentedRaftLogWorker.java:lambda$new$0(134)) - s1@group-E525AA2370AC-SegmentedRaftLogWorker: flushIndex: setUnconditionally 0 -> -1
2024-01-25 07:58:14,264 [s1-impl-thread1] INFO  segmented.SegmentedRaftLogWorker (SegmentedRaftLogWorker.java:lambda$new$0(134)) - s1@group-E525AA2370AC-SegmentedRaftLogWorker: safeCacheEvictIndex: setUnconditionally 0 -> -1
2024-01-25 07:58:14,265 [s1-impl-thread1] INFO  server.RaftServer$Division (RaftServerImpl.java:start(346)) - s1@group-E525AA2370AC: start as a follower, conf=-1: peers:[s0|localhost:15024, s1|localhost:15028, s2|localhost:15032]|listeners:[], old=null
2024-01-25 07:58:14,265 [s1-impl-thread1] INFO  server.RaftServer$Division (RaftServerImpl.java:setRole(333)) - s1@group-E525AA2370AC: changes role from      null to FOLLOWER at term 0 for startAsFollower
2024-01-25 07:58:14,265 [s1-impl-thread1] INFO  impl.RoleInfo (RoleInfo.java:updateAndGet(140)) - s1: start s1@group-E525AA2370AC-FollowerState
2024-01-25 07:58:14,265 [s1@group-E525AA2370AC-FollowerState] INFO  server.RaftServerConfigKeys (ConfUtils.java:logFallback(53)) - raft.server.rpc.first-election.timeout.min = 150ms (fallback to raft.server.rpc.timeout.min)
2024-01-25 07:58:14,265 [s1-impl-thread1] INFO  util.JmxRegister (JmxRegister.java:tryRegister(44)) - Successfully registered JMX Bean with object name Ratis:service=RaftServer,group=group-E525AA2370AC,id=s1
2024-01-25 07:58:14,265 [s1@group-E525AA2370AC-FollowerState] INFO  server.RaftServerConfigKeys (ConfUtils.java:logFallback(53)) - raft.server.rpc.first-election.timeout.max = 300ms (fallback to raft.server.rpc.timeout.max)
2024-01-25 07:58:14,265 [s1-impl-thread1] INFO  util.JmxRegister (JmxRegister.java:register(58)) - register mxBean class org.apache.ratis.server.impl.RaftServerJmxAdapter as Ratis:service=RaftServer,group=group-E525AA2370AC,id=s1
2024-01-25 07:58:14,265 [s1-impl-thread1] INFO  server.RaftServerConfigKeys (ConfUtils.java:logGet(46)) - raft.server.snapshot.trigger-when-stop.enabled = true (default)
2024-01-25 07:58:14,266 [s1-impl-thread1] INFO  server.RaftServerConfigKeys (ConfUtils.java:logGet(46)) - raft.server.snapshot.auto.trigger.enabled = false (default)
2024-01-25 07:58:14,266 [s1-impl-thread1] INFO  server.RaftServerConfigKeys (ConfUtils.java:logGet(46)) - raft.server.snapshot.retention.file.num = -1 (default)
2024-01-25 07:58:14,266 [s1-impl-thread1] INFO  server.RaftServerConfigKeys (ConfUtils.java:logGet(46)) - raft.server.log.purge.upto.snapshot.index = false (default)
2024-01-25 07:58:14,266 [Time-limited test] INFO  server.RaftServer (RaftServerProxy.java:startImpl(407)) - s1: start RPC server
2024-01-25 07:58:14,267 [Time-limited test] INFO  server.GrpcService (GrpcService.java:startImpl(308)) - s1: GrpcService started, listening on 15030
2024-01-25 07:58:14,268 [Time-limited test] INFO  server.GrpcService (GrpcService.java:startImpl(308)) - s1: GrpcService started, listening on 15028
2024-01-25 07:58:14,268 [Time-limited test] INFO  server.GrpcService (GrpcService.java:startImpl(308)) - s1: GrpcService started, listening on 15029
2024-01-25 07:58:14,269 [JvmPauseMonitor7] INFO  util.JvmPauseMonitor (JvmPauseMonitor.java:run(146)) - JvmPauseMonitor-s1: Started
2024-01-25 07:58:14,269 [s2-impl-thread1] INFO  server.RaftServerConfigKeys (ConfUtils.java:logGet(46)) - raft.server.storage.free-space.min = 0MB (=0) (default)
2024-01-25 07:58:14,269 [s2-impl-thread1] INFO  server.RaftServerConfigKeys (ConfUtils.java:logGet(46)) - raft.server.log.corruption.policy = EXCEPTION (default)
2024-01-25 07:58:14,269 [s2-impl-thread1] INFO  server.RaftServerConfigKeys (ConfUtils.java:logGet(46)) - raft.server.storage.dir = [/home/runner/work/ratis/ratis/ratis-test/target/test/data/d3464635/MiniRaftClusterWithGrpc3dccc484/s2] (custom)
2024-01-25 07:58:14,269 [s2-impl-thread1] INFO  storage.RaftStorageDirectory (RaftStorageDirectoryImpl.java:analyzeStorage(138)) - The storage directory /home/runner/work/ratis/ratis/ratis-test/target/test/data/d3464635/MiniRaftClusterWithGrpc3dccc484/s2/e12cb6ba-f64b-45a9-b005-e525aa2370ac does not exist. Creating ...
2024-01-25 07:58:14,269 [s2-impl-thread1] TRACE util.FileUtils (LogUtils.java:runAndLog(49)) - Successfully ran Files.createDirectories /home/runner/work/ratis/ratis/ratis-test/target/test/data/d3464635/MiniRaftClusterWithGrpc3dccc484/s2/e12cb6ba-f64b-45a9-b005-e525aa2370ac
2024-01-25 07:58:14,270 [s2-impl-thread1] INFO  storage.RaftStorageDirectory (RaftStorageDirectoryImpl.java:tryLock(228)) - Lock on /home/runner/work/ratis/ratis/ratis-test/target/test/data/d3464635/MiniRaftClusterWithGrpc3dccc484/s2/e12cb6ba-f64b-45a9-b005-e525aa2370ac/in_use.lock acquired by nodename 21818@fv-az1458-491
2024-01-25 07:58:14,270 [s2-impl-thread1] TRACE util.FileUtils (LogUtils.java:runAndLog(49)) - Successfully ran Files.createDirectories /home/runner/work/ratis/ratis/ratis-test/target/test/data/d3464635/MiniRaftClusterWithGrpc3dccc484/s2/e12cb6ba-f64b-45a9-b005-e525aa2370ac/current
2024-01-25 07:58:14,270 [s2-impl-thread1] TRACE util.FileUtils (LogUtils.java:runAndLog(49)) - Successfully ran Files.createDirectories /home/runner/work/ratis/ratis/ratis-test/target/test/data/d3464635/MiniRaftClusterWithGrpc3dccc484/s2/e12cb6ba-f64b-45a9-b005-e525aa2370ac/sm
2024-01-25 07:58:14,270 [s2-impl-thread1] TRACE util.FileUtils (LogUtils.java:supplyAndLog(69)) - Successfully supplied FileChannel.open /home/runner/work/ratis/ratis/ratis-test/target/test/data/d3464635/MiniRaftClusterWithGrpc3dccc484/s2/e12cb6ba-f64b-45a9-b005-e525aa2370ac/current/raft-meta.tmp with options [CREATE, WRITE]: sun.nio.ch.FileChannelImpl@37b13d9
2024-01-25 07:58:14,271 [s2-impl-thread1] TRACE util.FileUtils (LogUtils.java:runAndLog(49)) - Successfully ran Atomic Files.move /home/runner/work/ratis/ratis/ratis-test/target/test/data/d3464635/MiniRaftClusterWithGrpc3dccc484/s2/e12cb6ba-f64b-45a9-b005-e525aa2370ac/current/raft-meta.tmp to /home/runner/work/ratis/ratis/ratis-test/target/test/data/d3464635/MiniRaftClusterWithGrpc3dccc484/s2/e12cb6ba-f64b-45a9-b005-e525aa2370ac/current/raft-meta with options [REPLACE_EXISTING]
2024-01-25 07:58:14,271 [s2-impl-thread1] INFO  storage.RaftStorage (RaftStorageImpl.java:format(99)) - Storage directory /home/runner/work/ratis/ratis/ratis-test/target/test/data/d3464635/MiniRaftClusterWithGrpc3dccc484/s2/e12cb6ba-f64b-45a9-b005-e525aa2370ac has been successfully formatted.
2024-01-25 07:58:14,271 [s2-impl-thread1] TRACE util.FileUtils (LogUtils.java:supplyAndLog(61)) - Failed to Files.newInputStream /home/runner/work/ratis/ratis/ratis-test/target/test/data/d3464635/MiniRaftClusterWithGrpc3dccc484/s2/e12cb6ba-f64b-45a9-b005-e525aa2370ac/current/raft-meta.conf with options []
java.nio.file.NoSuchFileException: /home/runner/work/ratis/ratis/ratis-test/target/test/data/d3464635/MiniRaftClusterWithGrpc3dccc484/s2/e12cb6ba-f64b-45a9-b005-e525aa2370ac/current/raft-meta.conf
	at sun.nio.fs.UnixException.translateToIOException(UnixException.java:86)
	at sun.nio.fs.UnixException.rethrowAsIOException(UnixException.java:102)
	at sun.nio.fs.UnixException.rethrowAsIOException(UnixException.java:107)
	at sun.nio.fs.UnixFileSystemProvider.newByteChannel(UnixFileSystemProvider.java:214)
	at java.nio.file.Files.newByteChannel(Files.java:361)
	at java.nio.file.Files.newByteChannel(Files.java:407)
	at java.nio.file.spi.FileSystemProvider.newInputStream(FileSystemProvider.java:384)
	at java.nio.file.Files.newInputStream(Files.java:152)
	at org.apache.ratis.util.FileUtils.lambda$newInputStream$2(FileUtils.java:73)
	at org.apache.ratis.util.LogUtils.supplyAndLog(LogUtils.java:58)
	at org.apache.ratis.util.FileUtils.newInputStream(FileUtils.java:72)
	at org.apache.ratis.util.FileUtils.newInputStream(FileUtils.java:68)
	at org.apache.ratis.server.storage.RaftStorageImpl.readRaftConfiguration(RaftStorageImpl.java:156)
	at org.apache.ratis.server.impl.ServerState.initialize(ServerState.java:141)
	at org.apache.ratis.server.impl.RaftServerImpl.start(RaftServerImpl.java:342)
	at org.apache.ratis.util.ConcurrentUtils.accept(ConcurrentUtils.java:203)
	at org.apache.ratis.util.ConcurrentUtils.lambda$null$4(ConcurrentUtils.java:182)
	at java.util.concurrent.ThreadPoolExecutor.runWorker(ThreadPoolExecutor.java:1149)
	at java.util.concurrent.ThreadPoolExecutor$Worker.run(ThreadPoolExecutor.java:624)
	at java.lang.Thread.run(Thread.java:750)
2024-01-25 07:58:14,271 [s2-impl-thread1] INFO  impl.SimpleStateMachine4Testing (SimpleStateMachine4Testing.java:initialize(213)) - Initializing SimpleStateMachine4Testing:uninitialized
2024-01-25 07:58:14,272 [s2-impl-thread1] INFO  impl.SimpleStateMachine4Testing (SimpleStateMachine4Testing.java:loadSnapshot(296)) - Loading snapshot null
2024-01-25 07:58:14,272 [s2-impl-thread1] INFO  server.RaftServerConfigKeys (ConfUtils.java:logGet(46)) - raft.server.log.use.memory = false (default)
2024-01-25 07:58:14,272 [s2-impl-thread1] INFO  server.RaftServerConfigKeys (ConfUtils.java:logGet(46)) - raft.server.log.purge.gap = 1024 (default)
2024-01-25 07:58:14,272 [s2-impl-thread1] INFO  server.RaftServerConfigKeys (ConfUtils.java:logGet(46)) - raft.server.log.appender.buffer.byte-limit = 4MB (=4194304) (default)
2024-01-25 07:58:14,272 [s2-impl-thread1] INFO  server.RaftServerConfigKeys (ConfUtils.java:logGet(46)) - raft.server.log.statemachine.data.read.timeout = 1000ms (default)
2024-01-25 07:58:14,272 [s2-impl-thread1] INFO  server.RaftServerConfigKeys (ConfUtils.java:logGet(46)) - raft.server.log.purge.preservation.log.num = 0 (default)
2024-01-25 07:58:14,272 [s2-impl-thread1] INFO  server.RaftServerConfigKeys (ConfUtils.java:logGet(46)) - raft.server.log.segment.size.max = 32MB (=33554432) (default)
2024-01-25 07:58:14,272 [s2-impl-thread1] INFO  server.RaftServerConfigKeys (ConfUtils.java:logGet(46)) - raft.server.log.segment.cache.num.max = 6 (default)
2024-01-25 07:58:14,273 [s2-impl-thread1] INFO  server.RaftServerConfigKeys (ConfUtils.java:logGet(46)) - raft.server.log.segment.cache.size.max = 200MB (=209715200) (default)
2024-01-25 07:58:14,273 [s2-impl-thread1] INFO  server.RaftServerConfigKeys (ConfUtils.java:logGet(46)) - raft.server.log.appender.buffer.byte-limit = 4MB (=4194304) (default)
2024-01-25 07:58:14,273 [s2-impl-thread1] INFO  util.AwaitToRun (AwaitToRun.java:start(81)) - Thread[s2@group-E525AA2370AC-cacheEviction-AwaitToRun,5,main] started
2024-01-25 07:58:14,273 [s2-impl-thread1] INFO  segmented.SegmentedRaftLogWorker (SegmentedRaftLogWorker.java:<init>(182)) - new s2@group-E525AA2370AC-SegmentedRaftLogWorker for RaftStorageImpl:Storage Directory /home/runner/work/ratis/ratis/ratis-test/target/test/data/d3464635/MiniRaftClusterWithGrpc3dccc484/s2/e12cb6ba-f64b-45a9-b005-e525aa2370ac
2024-01-25 07:58:14,273 [s2-impl-thread1] INFO  server.RaftServerConfigKeys (ConfUtils.java:logGet(46)) - raft.server.log.queue.byte-limit = 64MB (=67108864) (default)
2024-01-25 07:58:14,273 [s2-impl-thread1] INFO  server.RaftServerConfigKeys (ConfUtils.java:logGet(46)) - raft.server.log.queue.element-limit = 4096 (default)
2024-01-25 07:58:14,273 [s2-impl-thread1] INFO  server.RaftServerConfigKeys (ConfUtils.java:logGet(46)) - raft.server.log.segment.size.max = 32MB (=33554432) (default)
2024-01-25 07:58:14,273 [s2-impl-thread1] INFO  server.RaftServerConfigKeys (ConfUtils.java:logGet(46)) - raft.server.log.preallocated.size = 4MB (=4194304) (default)
2024-01-25 07:58:14,273 [s2-impl-thread1] INFO  server.RaftServerConfigKeys (ConfUtils.java:logGet(46)) - raft.server.log.force.sync.num = 128 (default)
2024-01-25 07:58:14,273 [s2-impl-thread1] INFO  server.RaftServerConfigKeys (ConfUtils.java:logGet(46)) - raft.server.log.statemachine.data.sync = true (default)
2024-01-25 07:58:14,273 [s2-impl-thread1] INFO  server.RaftServerConfigKeys (ConfUtils.java:logGet(46)) - raft.server.log.statemachine.data.sync.timeout = 10s (default)
2024-01-25 07:58:14,273 [s2-impl-thread1] INFO  server.RaftServerConfigKeys (ConfUtils.java:logGet(46)) - raft.server.log.statemachine.data.sync.timeout.retry = -1 (default)
2024-01-25 07:58:14,273 [s2-impl-thread1] INFO  server.RaftServerConfigKeys (ConfUtils.java:logGet(46)) - raft.server.log.write.buffer.size = 8MB (=8388608) (default)
2024-01-25 07:58:14,275 [s2-impl-thread1] INFO  server.RaftServerConfigKeys (ConfUtils.java:logGet(46)) - raft.server.log.appender.buffer.byte-limit = 4MB (=4194304) (default)
2024-01-25 07:58:14,275 [s2-impl-thread1] INFO  server.RaftServerConfigKeys (ConfUtils.java:logGet(46)) - raft.server.log.unsafe-flush.enabled = false (default)
2024-01-25 07:58:14,276 [s2-impl-thread1] INFO  server.RaftServerConfigKeys (ConfUtils.java:logGet(46)) - raft.server.log.async-flush.enabled = false (default)
2024-01-25 07:58:14,276 [s2-impl-thread1] INFO  server.RaftServerConfigKeys (ConfUtils.java:logGet(46)) - raft.server.log.statemachine.data.caching.enabled = false (default)
2024-01-25 07:58:14,276 [s2-impl-thread1] INFO  segmented.SegmentedRaftLogWorker (SegmentedRaftLogWorker.java:lambda$new$0(134)) - s2@group-E525AA2370AC-SegmentedRaftLogWorker: flushIndex: setUnconditionally 0 -> -1
2024-01-25 07:58:14,276 [s2-impl-thread1] INFO  segmented.SegmentedRaftLogWorker (SegmentedRaftLogWorker.java:lambda$new$0(134)) - s2@group-E525AA2370AC-SegmentedRaftLogWorker: safeCacheEvictIndex: setUnconditionally 0 -> -1
2024-01-25 07:58:14,276 [s2-impl-thread1] INFO  server.RaftServer$Division (RaftServerImpl.java:start(346)) - s2@group-E525AA2370AC: start as a follower, conf=-1: peers:[s0|localhost:15024, s1|localhost:15028, s2|localhost:15032]|listeners:[], old=null
2024-01-25 07:58:14,276 [s2-impl-thread1] INFO  server.RaftServer$Division (RaftServerImpl.java:setRole(333)) - s2@group-E525AA2370AC: changes role from      null to FOLLOWER at term 0 for startAsFollower
2024-01-25 07:58:14,276 [s2-impl-thread1] INFO  impl.RoleInfo (RoleInfo.java:updateAndGet(140)) - s2: start s2@group-E525AA2370AC-FollowerState
2024-01-25 07:58:14,276 [s2@group-E525AA2370AC-FollowerState] INFO  server.RaftServerConfigKeys (ConfUtils.java:logFallback(53)) - raft.server.rpc.first-election.timeout.min = 150ms (fallback to raft.server.rpc.timeout.min)
2024-01-25 07:58:14,276 [s2-impl-thread1] INFO  util.JmxRegister (JmxRegister.java:tryRegister(44)) - Successfully registered JMX Bean with object name Ratis:service=RaftServer,group=group-E525AA2370AC,id=s2
2024-01-25 07:58:14,276 [s2-impl-thread1] INFO  util.JmxRegister (JmxRegister.java:register(58)) - register mxBean class org.apache.ratis.server.impl.RaftServerJmxAdapter as Ratis:service=RaftServer,group=group-E525AA2370AC,id=s2
2024-01-25 07:58:14,276 [s2@group-E525AA2370AC-FollowerState] INFO  server.RaftServerConfigKeys (ConfUtils.java:logFallback(53)) - raft.server.rpc.first-election.timeout.max = 300ms (fallback to raft.server.rpc.timeout.max)
2024-01-25 07:58:14,276 [s2-impl-thread1] INFO  server.RaftServerConfigKeys (ConfUtils.java:logGet(46)) - raft.server.snapshot.trigger-when-stop.enabled = true (default)
2024-01-25 07:58:14,277 [s2-impl-thread1] INFO  server.RaftServerConfigKeys (ConfUtils.java:logGet(46)) - raft.server.snapshot.auto.trigger.enabled = false (default)
2024-01-25 07:58:14,277 [s2-impl-thread1] INFO  server.RaftServerConfigKeys (ConfUtils.java:logGet(46)) - raft.server.snapshot.retention.file.num = -1 (default)
2024-01-25 07:58:14,277 [s2-impl-thread1] INFO  server.RaftServerConfigKeys (ConfUtils.java:logGet(46)) - raft.server.log.purge.upto.snapshot.index = false (default)
2024-01-25 07:58:14,277 [Time-limited test] INFO  server.RaftServer (RaftServerProxy.java:startImpl(407)) - s2: start RPC server
2024-01-25 07:58:14,278 [Time-limited test] INFO  server.GrpcService (GrpcService.java:startImpl(308)) - s2: GrpcService started, listening on 15034
2024-01-25 07:58:14,278 [Time-limited test] INFO  server.GrpcService (GrpcService.java:startImpl(308)) - s2: GrpcService started, listening on 15032
2024-01-25 07:58:14,279 [Time-limited test] INFO  server.GrpcService (GrpcService.java:startImpl(308)) - s2: GrpcService started, listening on 15033
2024-01-25 07:58:14,279 [JvmPauseMonitor8] INFO  util.JvmPauseMonitor (JvmPauseMonitor.java:run(146)) - JvmPauseMonitor-s2: Started
2024-01-25 07:58:14,280 [Time-limited test] INFO  server.RaftServerConfigKeys (ConfUtils.java:logGet(46)) - raft.server.rpc.timeout.max = 300ms (default)
2024-01-25 07:58:14,280 [Time-limited test] INFO  ratis.RaftTestUtil (RaftTestUtil.java:waitForLeader(101)) - printing ALL groups
  s0:  RUNNING  FOLLOWER s0@group-E525AA2370AC:t0, leader=null, voted=, raftlog=Memoized:s0@group-E525AA2370AC-SegmentedRaftLog:OPENED:c-1, conf=-1: peers:[s0|localhost:15024, s1|localhost:15028, s2|localhost:15032]|listeners:[], old=null RUNNING
  s1:  RUNNING  FOLLOWER s1@group-E525AA2370AC:t0, leader=null, voted=, raftlog=Memoized:s1@group-E525AA2370AC-SegmentedRaftLog:OPENED:c-1, conf=-1: peers:[s0|localhost:15024, s1|localhost:15028, s2|localhost:15032]|listeners:[], old=null RUNNING
  s2:  RUNNING  FOLLOWER s2@group-E525AA2370AC:t0, leader=null, voted=, raftlog=Memoized:s2@group-E525AA2370AC-SegmentedRaftLog:OPENED:c-1, conf=-1: peers:[s0|localhost:15024, s1|localhost:15028, s2|localhost:15032]|listeners:[], old=null RUNNING
2024-01-25 07:58:14,280 [Time-limited test] WARN  ratis.RaftTestUtil (RaftTestUtil.java:lambda$waitForLeader$3(120)) - Attempt #1 failed: java.lang.IllegalStateException: No leader yet : printing ALL groups
  s0:  RUNNING  FOLLOWER s0@group-E525AA2370AC:t0, leader=null, voted=, raftlog=Memoized:s0@group-E525AA2370AC-SegmentedRaftLog:OPENED:c-1, conf=-1: peers:[s0|localhost:15024, s1|localhost:15028, s2|localhost:15032]|listeners:[], old=null RUNNING
  s1:  RUNNING  FOLLOWER s1@group-E525AA2370AC:t0, leader=null, voted=, raftlog=Memoized:s1@group-E525AA2370AC-SegmentedRaftLog:OPENED:c-1, conf=-1: peers:[s0|localhost:15024, s1|localhost:15028, s2|localhost:15032]|listeners:[], old=null RUNNING
  s2:  RUNNING  FOLLOWER s2@group-E525AA2370AC:t0, leader=null, voted=, raftlog=Memoized:s2@group-E525AA2370AC-SegmentedRaftLog:OPENED:c-1, conf=-1: peers:[s0|localhost:15024, s1|localhost:15028, s2|localhost:15032]|listeners:[], old=null RUNNING
2024-01-25 07:58:14,409 [s0@group-E525AA2370AC-FollowerState] INFO  impl.FollowerState (FollowerState.java:run(143)) - s0@group-E525AA2370AC-FollowerState: change to CANDIDATE, lastRpcElapsedTime:157163913ns, electionTimeout:156ms
2024-01-25 07:58:14,409 [s0@group-E525AA2370AC-FollowerState] INFO  impl.RoleInfo (RoleInfo.java:shutdownFollowerState(111)) - s0: shutdown s0@group-E525AA2370AC-FollowerState
2024-01-25 07:58:14,409 [s0@group-E525AA2370AC-FollowerState] INFO  server.RaftServer$Division (RaftServerImpl.java:setRole(333)) - s0@group-E525AA2370AC: changes role from  FOLLOWER to CANDIDATE at term 0 for changeToCandidate
2024-01-25 07:58:14,409 [s0@group-E525AA2370AC-FollowerState] INFO  server.RaftServerConfigKeys (ConfUtils.java:logGet(46)) - raft.server.leaderelection.pre-vote = true (default)
2024-01-25 07:58:14,409 [s0@group-E525AA2370AC-FollowerState] INFO  impl.RoleInfo (RoleInfo.java:updateAndGet(140)) - s0: start s0@group-E525AA2370AC-LeaderElection8
2024-01-25 07:58:14,409 [s0@group-E525AA2370AC-LeaderElection8] INFO  impl.LeaderElection (LeaderElection.java:askForVotes(321)) - s0@group-E525AA2370AC-LeaderElection8 PRE_VOTE round 0: submit vote requests at term 0 for -1: peers:[s0|localhost:15024, s1|localhost:15028, s2|localhost:15032]|listeners:[], old=null
2024-01-25 07:58:14,410 [s0@group-E525AA2370AC-LeaderElection8] INFO  server.RaftServerConfigKeys (ConfUtils.java:logFallback(53)) - raft.server.rpc.first-election.timeout.min = 150ms (fallback to raft.server.rpc.timeout.min)
2024-01-25 07:58:14,410 [s0@group-E525AA2370AC-LeaderElection8] INFO  server.RaftServerConfigKeys (ConfUtils.java:logFallback(53)) - raft.server.rpc.first-election.timeout.max = 300ms (fallback to raft.server.rpc.timeout.max)
2024-01-25 07:58:14,410 [s0@group-E525AA2370AC-LeaderElection8-1] INFO  server.GrpcServerProtocolClient (GrpcServerProtocolClient.java:<init>(65)) - Build channel for s1|localhost:15028
2024-01-25 07:58:14,410 [s0@group-E525AA2370AC-LeaderElection8-2] INFO  server.GrpcServerProtocolClient (GrpcServerProtocolClient.java:<init>(65)) - Build channel for s2|localhost:15032
2024-01-25 07:58:14,415 [grpc-default-executor-3] INFO  server.RaftServer$Division (RaftServerImpl.java:requestVote(1390)) - s2@group-E525AA2370AC: receive requestVote(PRE_VOTE, s0, group-E525AA2370AC, 0, (t:0, i:0))
2024-01-25 07:58:14,415 [grpc-default-executor-3] INFO  impl.VoteContext (VoteContext.java:log(49)) - s2@group-E525AA2370AC-FOLLOWER: accept PRE_VOTE from s0: our priority 0 <= candidate's priority 0
2024-01-25 07:58:14,415 [grpc-default-executor-3] INFO  server.RaftServer$Division (RaftServerImpl.java:requestVote(1423)) - s2@group-E525AA2370AC replies to PRE_VOTE vote request: s0<-s2#0:OK-t0. Peer's state: s2@group-E525AA2370AC:t0, leader=null, voted=, raftlog=Memoized:s2@group-E525AA2370AC-SegmentedRaftLog:OPENED:c-1, conf=-1: peers:[s0|localhost:15024, s1|localhost:15028, s2|localhost:15032]|listeners:[], old=null
2024-01-25 07:58:14,417 [grpc-default-executor-2] INFO  server.RaftServer$Division (RaftServerImpl.java:requestVote(1390)) - s1@group-E525AA2370AC: receive requestVote(PRE_VOTE, s0, group-E525AA2370AC, 0, (t:0, i:0))
2024-01-25 07:58:14,417 [grpc-default-executor-2] INFO  impl.VoteContext (VoteContext.java:log(49)) - s1@group-E525AA2370AC-FOLLOWER: accept PRE_VOTE from s0: our priority 0 <= candidate's priority 0
2024-01-25 07:58:14,417 [grpc-default-executor-2] INFO  server.RaftServer$Division (RaftServerImpl.java:requestVote(1423)) - s1@group-E525AA2370AC replies to PRE_VOTE vote request: s0<-s1#0:OK-t0. Peer's state: s1@group-E525AA2370AC:t0, leader=null, voted=, raftlog=Memoized:s1@group-E525AA2370AC-SegmentedRaftLog:OPENED:c-1, conf=-1: peers:[s0|localhost:15024, s1|localhost:15028, s2|localhost:15032]|listeners:[], old=null
2024-01-25 07:58:14,418 [s0@group-E525AA2370AC-LeaderElection8] INFO  impl.LeaderElection (LeaderElection.java:logAndReturn(89)) - s0@group-E525AA2370AC-LeaderElection8: PRE_VOTE PASSED received 1 response(s) and 0 exception(s):
2024-01-25 07:58:14,418 [s0@group-E525AA2370AC-LeaderElection8] INFO  impl.LeaderElection (LeaderElection.java:logAndReturn(93)) -   Response 0: s0<-s1#0:OK-t0
2024-01-25 07:58:14,418 [s0@group-E525AA2370AC-LeaderElection8] INFO  impl.LeaderElection (LeaderElection.java:askForVotes(323)) - s0@group-E525AA2370AC-LeaderElection8 PRE_VOTE round 0: result PASSED
2024-01-25 07:58:14,418 [s0@group-E525AA2370AC-LeaderElection8] TRACE util.FileUtils (LogUtils.java:supplyAndLog(69)) - Successfully supplied FileChannel.open /home/runner/work/ratis/ratis/ratis-test/target/test/data/d3464635/MiniRaftClusterWithGrpc3dccc484/s0/e12cb6ba-f64b-45a9-b005-e525aa2370ac/current/raft-meta.tmp with options [CREATE, WRITE]: sun.nio.ch.FileChannelImpl@1e7a61f7
2024-01-25 07:58:14,419 [s0@group-E525AA2370AC-LeaderElection8] TRACE util.FileUtils (LogUtils.java:runAndLog(49)) - Successfully ran Atomic Files.move /home/runner/work/ratis/ratis/ratis-test/target/test/data/d3464635/MiniRaftClusterWithGrpc3dccc484/s0/e12cb6ba-f64b-45a9-b005-e525aa2370ac/current/raft-meta.tmp to /home/runner/work/ratis/ratis/ratis-test/target/test/data/d3464635/MiniRaftClusterWithGrpc3dccc484/s0/e12cb6ba-f64b-45a9-b005-e525aa2370ac/current/raft-meta with options [REPLACE_EXISTING]
2024-01-25 07:58:14,419 [s0@group-E525AA2370AC-LeaderElection8] INFO  impl.LeaderElection (LeaderElection.java:askForVotes(321)) - s0@group-E525AA2370AC-LeaderElection8 ELECTION round 0: submit vote requests at term 1 for -1: peers:[s0|localhost:15024, s1|localhost:15028, s2|localhost:15032]|listeners:[], old=null
2024-01-25 07:58:14,420 [s0@group-E525AA2370AC-LeaderElection8] INFO  server.RaftServerConfigKeys (ConfUtils.java:logFallback(53)) - raft.server.rpc.first-election.timeout.min = 150ms (fallback to raft.server.rpc.timeout.min)
2024-01-25 07:58:14,420 [s0@group-E525AA2370AC-LeaderElection8] INFO  server.RaftServerConfigKeys (ConfUtils.java:logFallback(53)) - raft.server.rpc.first-election.timeout.max = 300ms (fallback to raft.server.rpc.timeout.max)
2024-01-25 07:58:14,420 [grpc-default-executor-2] INFO  server.RaftServer$Division (RaftServerImpl.java:requestVote(1390)) - s1@group-E525AA2370AC: receive requestVote(ELECTION, s0, group-E525AA2370AC, 1, (t:0, i:0))
2024-01-25 07:58:14,421 [grpc-default-executor-2] INFO  impl.VoteContext (VoteContext.java:log(49)) - s1@group-E525AA2370AC-FOLLOWER: accept ELECTION from s0: our priority 0 <= candidate's priority 0
2024-01-25 07:58:14,421 [grpc-default-executor-2] INFO  server.RaftServer$Division (RaftServerImpl.java:setRole(333)) - s1@group-E525AA2370AC: changes role from  FOLLOWER to FOLLOWER at term 1 for candidate:s0
2024-01-25 07:58:14,421 [grpc-default-executor-3] INFO  server.RaftServer$Division (RaftServerImpl.java:requestVote(1390)) - s2@group-E525AA2370AC: receive requestVote(ELECTION, s0, group-E525AA2370AC, 1, (t:0, i:0))
2024-01-25 07:58:14,421 [grpc-default-executor-2] INFO  impl.RoleInfo (RoleInfo.java:shutdownFollowerState(111)) - s1: shutdown s1@group-E525AA2370AC-FollowerState
2024-01-25 07:58:14,421 [grpc-default-executor-3] INFO  impl.VoteContext (VoteContext.java:log(49)) - s2@group-E525AA2370AC-FOLLOWER: accept ELECTION from s0: our priority 0 <= candidate's priority 0
2024-01-25 07:58:14,421 [s1@group-E525AA2370AC-FollowerState] INFO  impl.FollowerState (FollowerState.java:run(152)) - s1@group-E525AA2370AC-FollowerState was interrupted
2024-01-25 07:58:14,421 [grpc-default-executor-3] INFO  server.RaftServer$Division (RaftServerImpl.java:setRole(333)) - s2@group-E525AA2370AC: changes role from  FOLLOWER to FOLLOWER at term 1 for candidate:s0
2024-01-25 07:58:14,421 [grpc-default-executor-2] INFO  impl.RoleInfo (RoleInfo.java:updateAndGet(140)) - s1: start s1@group-E525AA2370AC-FollowerState
2024-01-25 07:58:14,421 [grpc-default-executor-3] INFO  impl.RoleInfo (RoleInfo.java:shutdownFollowerState(111)) - s2: shutdown s2@group-E525AA2370AC-FollowerState
2024-01-25 07:58:14,421 [grpc-default-executor-2] INFO  server.RaftServer$Division (RaftServerImpl.java:setFirstElection(505)) - s1@group-E525AA2370AC: set firstElectionSinceStartup to false for candidate:s0
2024-01-25 07:58:14,421 [s2@group-E525AA2370AC-FollowerState] INFO  impl.FollowerState (FollowerState.java:run(152)) - s2@group-E525AA2370AC-FollowerState was interrupted
2024-01-25 07:58:14,421 [grpc-default-executor-2] TRACE util.FileUtils (LogUtils.java:supplyAndLog(69)) - Successfully supplied FileChannel.open /home/runner/work/ratis/ratis/ratis-test/target/test/data/d3464635/MiniRaftClusterWithGrpc3dccc484/s1/e12cb6ba-f64b-45a9-b005-e525aa2370ac/current/raft-meta.tmp with options [CREATE, WRITE]: sun.nio.ch.FileChannelImpl@55d51974
2024-01-25 07:58:14,422 [grpc-default-executor-3] INFO  impl.RoleInfo (RoleInfo.java:updateAndGet(140)) - s2: start s2@group-E525AA2370AC-FollowerState
2024-01-25 07:58:14,422 [grpc-default-executor-3] INFO  server.RaftServer$Division (RaftServerImpl.java:setFirstElection(505)) - s2@group-E525AA2370AC: set firstElectionSinceStartup to false for candidate:s0
2024-01-25 07:58:14,422 [grpc-default-executor-3] TRACE util.FileUtils (LogUtils.java:supplyAndLog(69)) - Successfully supplied FileChannel.open /home/runner/work/ratis/ratis/ratis-test/target/test/data/d3464635/MiniRaftClusterWithGrpc3dccc484/s2/e12cb6ba-f64b-45a9-b005-e525aa2370ac/current/raft-meta.tmp with options [CREATE, WRITE]: sun.nio.ch.FileChannelImpl@435d79d0
2024-01-25 07:58:14,422 [grpc-default-executor-2] TRACE util.FileUtils (LogUtils.java:runAndLog(49)) - Successfully ran Atomic Files.move /home/runner/work/ratis/ratis/ratis-test/target/test/data/d3464635/MiniRaftClusterWithGrpc3dccc484/s1/e12cb6ba-f64b-45a9-b005-e525aa2370ac/current/raft-meta.tmp to /home/runner/work/ratis/ratis/ratis-test/target/test/data/d3464635/MiniRaftClusterWithGrpc3dccc484/s1/e12cb6ba-f64b-45a9-b005-e525aa2370ac/current/raft-meta with options [REPLACE_EXISTING]
2024-01-25 07:58:14,422 [grpc-default-executor-2] INFO  server.RaftServer$Division (RaftServerImpl.java:requestVote(1423)) - s1@group-E525AA2370AC replies to ELECTION vote request: s0<-s1#0:OK-t1. Peer's state: s1@group-E525AA2370AC:t1, leader=null, voted=s0, raftlog=Memoized:s1@group-E525AA2370AC-SegmentedRaftLog:OPENED:c-1, conf=-1: peers:[s0|localhost:15024, s1|localhost:15028, s2|localhost:15032]|listeners:[], old=null
2024-01-25 07:58:14,423 [grpc-default-executor-3] TRACE util.FileUtils (LogUtils.java:runAndLog(49)) - Successfully ran Atomic Files.move /home/runner/work/ratis/ratis/ratis-test/target/test/data/d3464635/MiniRaftClusterWithGrpc3dccc484/s2/e12cb6ba-f64b-45a9-b005-e525aa2370ac/current/raft-meta.tmp to /home/runner/work/ratis/ratis/ratis-test/target/test/data/d3464635/MiniRaftClusterWithGrpc3dccc484/s2/e12cb6ba-f64b-45a9-b005-e525aa2370ac/current/raft-meta with options [REPLACE_EXISTING]
2024-01-25 07:58:14,423 [grpc-default-executor-3] INFO  server.RaftServer$Division (RaftServerImpl.java:requestVote(1423)) - s2@group-E525AA2370AC replies to ELECTION vote request: s0<-s2#0:OK-t1. Peer's state: s2@group-E525AA2370AC:t1, leader=null, voted=s0, raftlog=Memoized:s2@group-E525AA2370AC-SegmentedRaftLog:OPENED:c-1, conf=-1: peers:[s0|localhost:15024, s1|localhost:15028, s2|localhost:15032]|listeners:[], old=null
2024-01-25 07:58:14,424 [s0@group-E525AA2370AC-LeaderElection8] INFO  impl.LeaderElection (LeaderElection.java:logAndReturn(89)) - s0@group-E525AA2370AC-LeaderElection8: ELECTION PASSED received 1 response(s) and 0 exception(s):
2024-01-25 07:58:14,424 [s0@group-E525AA2370AC-LeaderElection8] INFO  impl.LeaderElection (LeaderElection.java:logAndReturn(93)) -   Response 0: s0<-s1#0:OK-t1
2024-01-25 07:58:14,424 [s0@group-E525AA2370AC-LeaderElection8] INFO  impl.LeaderElection (LeaderElection.java:askForVotes(323)) - s0@group-E525AA2370AC-LeaderElection8 ELECTION round 0: result PASSED
2024-01-25 07:58:14,424 [s0@group-E525AA2370AC-LeaderElection8] INFO  impl.RoleInfo (RoleInfo.java:shutdownLeaderElection(131)) - s0: shutdown s0@group-E525AA2370AC-LeaderElection8
2024-01-25 07:58:14,424 [s0@group-E525AA2370AC-LeaderElection8] INFO  server.RaftServer$Division (RaftServerImpl.java:setRole(333)) - s0@group-E525AA2370AC: changes role from CANDIDATE to LEADER at term 1 for changeToLeader
2024-01-25 07:58:14,424 [s0@group-E525AA2370AC-LeaderElection8] INFO  server.RaftServerConfigKeys (ConfUtils.java:logGet(46)) - raft.server.staging.catchup.gap = 1000 (default)
2024-01-25 07:58:14,424 [s0@group-E525AA2370AC-LeaderElection8] INFO  server.RaftServerConfigKeys (ConfUtils.java:logGet(46)) - raft.server.write.element-limit = 4096 (default)
2024-01-25 07:58:14,424 [s0@group-E525AA2370AC-LeaderElection8] INFO  server.RaftServerConfigKeys (ConfUtils.java:logGet(46)) - raft.server.write.byte-limit = 64MB (=67108864) (default)
2024-01-25 07:58:14,424 [s0@group-E525AA2370AC-LeaderElection8] INFO  server.RaftServerConfigKeys (ConfUtils.java:logGet(46)) - raft.server.watch.timeout = 500ms (custom)
2024-01-25 07:58:14,424 [s0@group-E525AA2370AC-LeaderElection8] INFO  server.RaftServerConfigKeys (ConfUtils.java:logGet(46)) - raft.server.watch.timeout.denomination = 100ms (custom)
2024-01-25 07:58:14,424 [s0@group-E525AA2370AC-LeaderElection8] INFO  server.RaftServerConfigKeys (ConfUtils.java:logGet(46)) - raft.server.watch.element-limit = 65536 (default)
2024-01-25 07:58:14,425 [s0@group-E525AA2370AC-LeaderElection8] INFO  server.RaftServerConfigKeys (ConfUtils.java:logGet(46)) - raft.server.read.leader.lease.enabled = false (default)
2024-01-25 07:58:14,425 [s0@group-E525AA2370AC-LeaderElection8] INFO  server.RaftServerConfigKeys (ConfUtils.java:logGet(46)) - raft.server.read.leader.lease.timeout.ratio = 0.9 (default)
2024-01-25 07:58:14,425 [s0@group-E525AA2370AC-LeaderElection8] INFO  server.RaftServerConfigKeys (ConfUtils.java:logGet(46)) - raft.server.rpc.timeout.min = 150ms (default)
2024-01-25 07:58:14,425 [s0@group-E525AA2370AC-LeaderElection8] INFO  server.RaftServerConfigKeys (ConfUtils.java:logGet(46)) - raft.server.write.element-limit = 4096 (default)
2024-01-25 07:58:14,425 [s0@group-E525AA2370AC-LeaderElection8] INFO  server.RaftServerConfigKeys (ConfUtils.java:logGet(46)) - raft.server.write.follower.gap.ratio.max = -1.0 (default)
2024-01-25 07:58:14,425 [s0@group-E525AA2370AC-LeaderElection8] INFO  server.RaftServerConfigKeys (ConfUtils.java:logGet(46)) - raft.server.log.appender.snapshot.chunk.size.max = 16MB (=16777216) (default)
2024-01-25 07:58:14,425 [s0@group-E525AA2370AC-LeaderElection8] INFO  server.RaftServerConfigKeys (ConfUtils.java:logGet(46)) - raft.server.log.appender.buffer.byte-limit = 4MB (=4194304) (default)
2024-01-25 07:58:14,426 [s0@group-E525AA2370AC-LeaderElection8] INFO  server.RaftServerConfigKeys (ConfUtils.java:logGet(46)) - raft.server.log.appender.buffer.element-limit = 0 (default)
2024-01-25 07:58:14,426 [s0@group-E525AA2370AC-LeaderElection8] INFO  server.RaftServerConfigKeys (ConfUtils.java:logGet(46)) - raft.server.log.appender.wait-time.min = 1ms (default)
2024-01-25 07:58:14,426 [s0@group-E525AA2370AC-LeaderElection8] INFO  grpc.GrpcConfigKeys (ConfUtils.java:logGet(46)) - raft.grpc.server.leader.outstanding.appends.max = 8 (default)
2024-01-25 07:58:14,426 [s0@group-E525AA2370AC-LeaderElection8] INFO  server.RaftServerConfigKeys (ConfUtils.java:logGet(46)) - raft.server.rpc.request.timeout = 3000ms (default)
2024-01-25 07:58:14,426 [s0@group-E525AA2370AC-LeaderElection8] INFO  grpc.GrpcConfigKeys (ConfUtils.java:logGet(46)) - raft.grpc.server.install_snapshot.request.element-limit = 8 (default)
2024-01-25 07:58:14,426 [s0@group-E525AA2370AC-LeaderElection8] INFO  grpc.GrpcConfigKeys (ConfUtils.java:logGet(46)) - raft.grpc.server.install_snapshot.request.timeout = 3000ms (default)
2024-01-25 07:58:14,426 [s0@group-E525AA2370AC-LeaderElection8] INFO  grpc.GrpcConfigKeys (ConfUtils.java:logGet(46)) - raft.grpc.server.log-message.batch.duration = 5s (default)
2024-01-25 07:58:14,426 [s0@group-E525AA2370AC-LeaderElection8] INFO  server.RaftServerConfigKeys (ConfUtils.java:logGet(46)) - raft.server.log.appender.install.snapshot.enabled = true (default)
2024-01-25 07:58:14,426 [s0@group-E525AA2370AC-LeaderElection8] INFO  grpc.GrpcConfigKeys (ConfUtils.java:logGet(46)) - raft.grpc.server.heartbeat.channel = true (default)
2024-01-25 07:58:14,426 [s0@group-E525AA2370AC-LeaderElection8] INFO  server.RaftServerConfigKeys (ConfUtils.java:logGet(46)) - raft.server.log.appender.snapshot.chunk.size.max = 16MB (=16777216) (default)
2024-01-25 07:58:14,426 [s0@group-E525AA2370AC-LeaderElection8] INFO  server.RaftServerConfigKeys (ConfUtils.java:logGet(46)) - raft.server.log.appender.buffer.byte-limit = 4MB (=4194304) (default)
2024-01-25 07:58:14,426 [s0@group-E525AA2370AC-LeaderElection8] INFO  server.RaftServerConfigKeys (ConfUtils.java:logGet(46)) - raft.server.log.appender.buffer.element-limit = 0 (default)
2024-01-25 07:58:14,426 [s0@group-E525AA2370AC-LeaderElection8] INFO  server.RaftServerConfigKeys (ConfUtils.java:logGet(46)) - raft.server.log.appender.wait-time.min = 1ms (default)
2024-01-25 07:58:14,426 [s0@group-E525AA2370AC-LeaderElection8] INFO  grpc.GrpcConfigKeys (ConfUtils.java:logGet(46)) - raft.grpc.server.leader.outstanding.appends.max = 8 (default)
2024-01-25 07:58:14,426 [s0@group-E525AA2370AC-LeaderElection8] INFO  server.RaftServerConfigKeys (ConfUtils.java:logGet(46)) - raft.server.rpc.request.timeout = 3000ms (default)
2024-01-25 07:58:14,426 [s0@group-E525AA2370AC-LeaderElection8] INFO  grpc.GrpcConfigKeys (ConfUtils.java:logGet(46)) - raft.grpc.server.install_snapshot.request.element-limit = 8 (default)
2024-01-25 07:58:14,426 [s0@group-E525AA2370AC-LeaderElection8] INFO  grpc.GrpcConfigKeys (ConfUtils.java:logGet(46)) - raft.grpc.server.install_snapshot.request.timeout = 3000ms (default)
2024-01-25 07:58:14,426 [s0@group-E525AA2370AC-LeaderElection8] INFO  grpc.GrpcConfigKeys (ConfUtils.java:logGet(46)) - raft.grpc.server.log-message.batch.duration = 5s (default)
2024-01-25 07:58:14,427 [s0@group-E525AA2370AC-LeaderElection8] INFO  server.RaftServerConfigKeys (ConfUtils.java:logGet(46)) - raft.server.log.appender.install.snapshot.enabled = true (default)
2024-01-25 07:58:14,427 [s0@group-E525AA2370AC-LeaderElection8] INFO  grpc.GrpcConfigKeys (ConfUtils.java:logGet(46)) - raft.grpc.server.heartbeat.channel = true (default)
2024-01-25 07:58:14,427 [s0@group-E525AA2370AC-LeaderElection8] INFO  impl.RoleInfo (RoleInfo.java:updateAndGet(140)) - s0: start s0@group-E525AA2370AC-LeaderStateImpl
2024-01-25 07:58:14,427 [s0@group-E525AA2370AC-LeaderElection8] INFO  server.RaftServer$Division (RaftServerImpl.java:setFirstElection(505)) - s0@group-E525AA2370AC: set firstElectionSinceStartup to false for becomeLeader
2024-01-25 07:58:14,427 [s0@group-E525AA2370AC-LeaderElection8] INFO  server.RaftServer$Division (ServerState.java:setLeader(269)) - s0@group-E525AA2370AC: change Leader from null to s0 at term 1 for becomeLeader, leader elected after 192ms
2024-01-25 07:58:14,427 [s0@group-E525AA2370AC-LeaderElection8] INFO  segmented.SegmentedRaftLogWorker (SegmentedRaftLogWorker.java:startLogSegment(430)) - s0@group-E525AA2370AC-SegmentedRaftLogWorker: Starting segment from index:0
2024-01-25 07:58:14,427 [s0@group-E525AA2370AC-LeaderElection8] INFO  server.RaftServer$Division (ServerState.java:setRaftConf(386)) - s0@group-E525AA2370AC: set configuration 0: peers:[s0|localhost:15024, s1|localhost:15028, s2|localhost:15032]|listeners:[], old=null
2024-01-25 07:58:14,427 [s0@group-E525AA2370AC-SegmentedRaftLogWorker] INFO  segmented.BufferedWriteChannel (BufferedWriteChannel.java:open(61)) - open log_inprogress_0 at position 0
2024-01-25 07:58:14,432 [s2-server-thread1] INFO  server.RaftServer$Division (ServerState.java:setLeader(269)) - s2@group-E525AA2370AC: change Leader from null to s0 at term 1 for appendEntries, leader elected after 188ms
2024-01-25 07:58:14,435 [s2-server-thread2] DEBUG server.RaftServer$Division (RaftServerImpl.java:logAppendEntries(1520)) - s2@group-E525AA2370AC: receive appendEntries(s0, 1, null, -1, false, commits:[s0:c-1, s1:c-1, s2:c-1], cId:1, entries: [(t:1, i:0), CONFIGURATIONENTRY(current:id: "s0"
address: "localhost:15024"
dataStreamAddress: "localhost:15027"
clientAddress: "localhost:15026"
adminAddress: "localhost:15025"
startupRole: FOLLOWER
,id: "s1"
address: "localhost:15028"
dataStreamAddress: "localhost:15031"
clientAddress: "localhost:15030"
adminAddress: "localhost:15029"
startupRole: FOLLOWER
,id: "s2"
address: "localhost:15032"
dataStreamAddress: "localhost:15035"
clientAddress: "localhost:15034"
adminAddress: "localhost:15033"
startupRole: FOLLOWER
, old:)]
2024-01-25 07:58:14,435 [s1-server-thread1] INFO  server.RaftServer$Division (ServerState.java:setLeader(269)) - s1@group-E525AA2370AC: change Leader from null to s0 at term 1 for appendEntries, leader elected after 195ms
2024-01-25 07:58:14,435 [s0@group-E525AA2370AC-SegmentedRaftLogWorker] INFO  segmented.SegmentedRaftLogWorker (SegmentedRaftLogWorker.java:execute(634)) - s0@group-E525AA2370AC-SegmentedRaftLogWorker: created new log segment /home/runner/work/ratis/ratis/ratis-test/target/test/data/d3464635/MiniRaftClusterWithGrpc3dccc484/s0/e12cb6ba-f64b-45a9-b005-e525aa2370ac/current/log_inprogress_0
2024-01-25 07:58:14,435 [s2-server-thread2] INFO  server.RaftServer$Division (ServerState.java:setRaftConf(386)) - s2@group-E525AA2370AC: set configuration 0: peers:[s0|localhost:15024, s1|localhost:15028, s2|localhost:15032]|listeners:[], old=null
2024-01-25 07:58:14,436 [s2-server-thread2] INFO  segmented.SegmentedRaftLogWorker (SegmentedRaftLogWorker.java:startLogSegment(430)) - s2@group-E525AA2370AC-SegmentedRaftLogWorker: Starting segment from index:0
2024-01-25 07:58:14,436 [s2@group-E525AA2370AC-SegmentedRaftLogWorker] INFO  segmented.BufferedWriteChannel (BufferedWriteChannel.java:open(61)) - open log_inprogress_0 at position 0
2024-01-25 07:58:14,439 [s1-server-thread2] DEBUG server.RaftServer$Division (RaftServerImpl.java:logAppendEntries(1520)) - s1@group-E525AA2370AC: receive appendEntries(s0, 1, null, -1, false, commits:[s0:c-1, s1:c-1, s2:c-1], cId:1, entries: [(t:1, i:0), CONFIGURATIONENTRY(current:id: "s0"
address: "localhost:15024"
dataStreamAddress: "localhost:15027"
clientAddress: "localhost:15026"
adminAddress: "localhost:15025"
startupRole: FOLLOWER
,id: "s1"
address: "localhost:15028"
dataStreamAddress: "localhost:15031"
clientAddress: "localhost:15030"
adminAddress: "localhost:15029"
startupRole: FOLLOWER
,id: "s2"
address: "localhost:15032"
dataStreamAddress: "localhost:15035"
clientAddress: "localhost:15034"
adminAddress: "localhost:15033"
startupRole: FOLLOWER
, old:)]
2024-01-25 07:58:14,439 [s1-server-thread2] INFO  server.RaftServer$Division (ServerState.java:setRaftConf(386)) - s1@group-E525AA2370AC: set configuration 0: peers:[s0|localhost:15024, s1|localhost:15028, s2|localhost:15032]|listeners:[], old=null
2024-01-25 07:58:14,439 [s1-server-thread2] INFO  segmented.SegmentedRaftLogWorker (SegmentedRaftLogWorker.java:startLogSegment(430)) - s1@group-E525AA2370AC-SegmentedRaftLogWorker: Starting segment from index:0
2024-01-25 07:58:14,440 [s1@group-E525AA2370AC-SegmentedRaftLogWorker] INFO  segmented.BufferedWriteChannel (BufferedWriteChannel.java:open(61)) - open log_inprogress_0 at position 0
2024-01-25 07:58:14,442 [s2@group-E525AA2370AC-SegmentedRaftLogWorker] INFO  segmented.SegmentedRaftLogWorker (SegmentedRaftLogWorker.java:execute(634)) - s2@group-E525AA2370AC-SegmentedRaftLogWorker: created new log segment /home/runner/work/ratis/ratis/ratis-test/target/test/data/d3464635/MiniRaftClusterWithGrpc3dccc484/s2/e12cb6ba-f64b-45a9-b005-e525aa2370ac/current/log_inprogress_0
2024-01-25 07:58:14,443 [s2-server-thread2] DEBUG server.RaftServer$Division (RaftServerImpl.java:logAppendEntries(1520)) - s2@group-E525AA2370AC: succeeded to handle AppendEntries. Reply: s0<-s2#1:OK-t1,SUCCESS,nextIndex=1,followerCommit=-1,matchIndex=0
2024-01-25 07:58:14,444 [s0@group-E525AA2370AC-StateMachineUpdater] TRACE util.FileUtils (LogUtils.java:supplyAndLog(69)) - Successfully supplied FileChannel.open /home/runner/work/ratis/ratis/ratis-test/target/test/data/d3464635/MiniRaftClusterWithGrpc3dccc484/s0/e12cb6ba-f64b-45a9-b005-e525aa2370ac/current/raft-meta.conf.tmp with options [CREATE, WRITE]: sun.nio.ch.FileChannelImpl@458c354
2024-01-25 07:58:14,447 [s1@group-E525AA2370AC-SegmentedRaftLogWorker] INFO  segmented.SegmentedRaftLogWorker (SegmentedRaftLogWorker.java:execute(634)) - s1@group-E525AA2370AC-SegmentedRaftLogWorker: created new log segment /home/runner/work/ratis/ratis/ratis-test/target/test/data/d3464635/MiniRaftClusterWithGrpc3dccc484/s1/e12cb6ba-f64b-45a9-b005-e525aa2370ac/current/log_inprogress_0
2024-01-25 07:58:14,447 [s0@group-E525AA2370AC-StateMachineUpdater] TRACE util.FileUtils (LogUtils.java:runAndLog(49)) - Successfully ran Atomic Files.move /home/runner/work/ratis/ratis/ratis-test/target/test/data/d3464635/MiniRaftClusterWithGrpc3dccc484/s0/e12cb6ba-f64b-45a9-b005-e525aa2370ac/current/raft-meta.conf.tmp to /home/runner/work/ratis/ratis/ratis-test/target/test/data/d3464635/MiniRaftClusterWithGrpc3dccc484/s0/e12cb6ba-f64b-45a9-b005-e525aa2370ac/current/raft-meta.conf with options [REPLACE_EXISTING]
2024-01-25 07:58:14,447 [s0@group-E525AA2370AC-StateMachineUpdater] INFO  server.RaftServer$Division (LeaderStateImpl.java:isApplied(321)) - leader is ready since appliedIndex == 0 >= startIndex == 0
2024-01-25 07:58:14,448 [s1-server-thread2] DEBUG server.RaftServer$Division (RaftServerImpl.java:logAppendEntries(1520)) - s1@group-E525AA2370AC: succeeded to handle AppendEntries. Reply: s0<-s1#1:OK-t1,SUCCESS,nextIndex=1,followerCommit=-1,matchIndex=0
2024-01-25 07:58:14,520 [s2@group-E525AA2370AC-StateMachineUpdater] TRACE util.FileUtils (LogUtils.java:supplyAndLog(69)) - Successfully supplied FileChannel.open /home/runner/work/ratis/ratis/ratis-test/target/test/data/d3464635/MiniRaftClusterWithGrpc3dccc484/s2/e12cb6ba-f64b-45a9-b005-e525aa2370ac/current/raft-meta.conf.tmp with options [CREATE, WRITE]: sun.nio.ch.FileChannelImpl@12248832
2024-01-25 07:58:14,521 [s2@group-E525AA2370AC-StateMachineUpdater] TRACE util.FileUtils (LogUtils.java:runAndLog(49)) - Successfully ran Atomic Files.move /home/runner/work/ratis/ratis/ratis-test/target/test/data/d3464635/MiniRaftClusterWithGrpc3dccc484/s2/e12cb6ba-f64b-45a9-b005-e525aa2370ac/current/raft-meta.conf.tmp to /home/runner/work/ratis/ratis/ratis-test/target/test/data/d3464635/MiniRaftClusterWithGrpc3dccc484/s2/e12cb6ba-f64b-45a9-b005-e525aa2370ac/current/raft-meta.conf with options [REPLACE_EXISTING]
2024-01-25 07:58:14,524 [s1@group-E525AA2370AC-StateMachineUpdater] TRACE util.FileUtils (LogUtils.java:supplyAndLog(69)) - Successfully supplied FileChannel.open /home/runner/work/ratis/ratis/ratis-test/target/test/data/d3464635/MiniRaftClusterWithGrpc3dccc484/s1/e12cb6ba-f64b-45a9-b005-e525aa2370ac/current/raft-meta.conf.tmp with options [CREATE, WRITE]: sun.nio.ch.FileChannelImpl@4abb43f6
2024-01-25 07:58:14,525 [s1@group-E525AA2370AC-StateMachineUpdater] TRACE util.FileUtils (LogUtils.java:runAndLog(49)) - Successfully ran Atomic Files.move /home/runner/work/ratis/ratis/ratis-test/target/test/data/d3464635/MiniRaftClusterWithGrpc3dccc484/s1/e12cb6ba-f64b-45a9-b005-e525aa2370ac/current/raft-meta.conf.tmp to /home/runner/work/ratis/ratis/ratis-test/target/test/data/d3464635/MiniRaftClusterWithGrpc3dccc484/s1/e12cb6ba-f64b-45a9-b005-e525aa2370ac/current/raft-meta.conf with options [REPLACE_EXISTING]
2024-01-25 07:58:14,731 [Time-limited test] INFO  ratis.RaftTestUtil (RaftTestUtil.java:waitForLeader(125)) - printing ALL groups
  s0:  RUNNING    LEADER s0@group-E525AA2370AC:t1, leader=s0, voted=s0, raftlog=Memoized:s0@group-E525AA2370AC-SegmentedRaftLog:OPENED:c0, conf=0: peers:[s0|localhost:15024, s1|localhost:15028, s2|localhost:15032]|listeners:[], old=null RUNNING
  s1:  RUNNING  FOLLOWER s1@group-E525AA2370AC:t1, leader=s0, voted=s0, raftlog=Memoized:s1@group-E525AA2370AC-SegmentedRaftLog:OPENED:c0, conf=0: peers:[s0|localhost:15024, s1|localhost:15028, s2|localhost:15032]|listeners:[], old=null RUNNING
  s2:  RUNNING  FOLLOWER s2@group-E525AA2370AC:t1, leader=s0, voted=s0, raftlog=Memoized:s2@group-E525AA2370AC-SegmentedRaftLog:OPENED:c0, conf=0: peers:[s0|localhost:15024, s1|localhost:15028, s2|localhost:15032]|listeners:[], old=null RUNNING
2024-01-25 07:58:14,731 [Time-limited test] DEBUG client.RaftClient (ConfUtils.java:logGet(46)) - raft.rpc.type = GRPC (default)
2024-01-25 07:58:14,731 [Time-limited test] DEBUG client.GrpcClientRpc (ConfUtils.java:logGet(46)) - raft.grpc.message.size.max = 64MB (=67108864) (default)
2024-01-25 07:58:14,731 [Time-limited test] INFO  grpc.TestWatchRequestWithGrpc (WatchRequestTests.java:runTest(152)) - 1) numMessages=1, printing ALL groups
  s0:  RUNNING    LEADER s0@group-E525AA2370AC:t1, leader=s0, voted=s0, raftlog=Memoized:s0@group-E525AA2370AC-SegmentedRaftLog:OPENED:c0, conf=0: peers:[s0|localhost:15024, s1|localhost:15028, s2|localhost:15032]|listeners:[], old=null RUNNING
  s1:  RUNNING  FOLLOWER s1@group-E525AA2370AC:t1, leader=s0, voted=s0, raftlog=Memoized:s1@group-E525AA2370AC-SegmentedRaftLog:OPENED:c0, conf=0: peers:[s0|localhost:15024, s1|localhost:15028, s2|localhost:15032]|listeners:[], old=null RUNNING
  s2:  RUNNING  FOLLOWER s2@group-E525AA2370AC:t1, leader=s0, voted=s0, raftlog=Memoized:s2@group-E525AA2370AC-SegmentedRaftLog:OPENED:c0, conf=0: peers:[s0|localhost:15024, s1|localhost:15028, s2|localhost:15032]|listeners:[], old=null RUNNING
2024-01-25 07:58:14,732 [Time-limited test] INFO  server.RaftServerConfigKeys (ConfUtils.java:logGet(46)) - raft.server.watch.timeout = 500ms (custom)
2024-01-25 07:58:14,732 [Time-limited test] INFO  server.RaftServerConfigKeys (ConfUtils.java:logGet(46)) - raft.server.watch.timeout.denomination = 100ms (custom)
2024-01-25 07:58:14,732 [Time-limited test] INFO  grpc.TestWatchRequestWithGrpc (WatchRequestTests.java:runTestWatchRequestTimeout(399)) - block leader s0
2024-01-25 07:58:14,732 [Time-limited test] INFO  impl.SimpleStateMachine4Testing (SimpleStateMachine4Testing.java:block(135)) - block START_TRANSACTION
2024-01-25 07:58:14,732 [Time-limited test] INFO  grpc.TestWatchRequestWithGrpc (WatchRequestTests.java:runTestWatchRequestTimeout(405)) - block follower s1
2024-01-25 07:58:14,732 [Time-limited test] INFO  impl.SimpleStateMachine4Testing (SimpleStateMachine4Testing.java:block(135)) - block FLUSH_STATE_MACHINE_DATA
2024-01-25 07:58:14,732 [Time-limited test] INFO  grpc.TestWatchRequestWithGrpc (WatchRequestTests.java:sendRequests(105)) - SEND_REQUEST 0: message=m0
2024-01-25 07:58:14,732 [Time-limited test] DEBUG client.RaftClient (RaftClientImpl.java:get(158)) - client-44EF9202E0DA: get 265 returns []
2024-01-25 07:58:14,732 [Time-limited test] DEBUG client.RaftClient (RaftClientImpl.java:newRequest(95)) - attempt #1, newRequest RaftClientRequest:client-44EF9202E0DA->s0@group-E525AA2370AC, cid=265, seq=1*, Watch(0), null
2024-01-25 07:58:14,737 [s0-client-thread1] DEBUG server.RaftServer$Division (RaftServerImpl.java:submitClientRequestAsync(880)) - s0@group-E525AA2370AC: receive client request(RaftClientRequest:client-44EF9202E0DA->s0@group-E525AA2370AC, cid=265, seq=1*, Watch(0), Message:<EMPTY>)
2024-01-25 07:58:14,737 [s0-client-thread1] DEBUG server.RaftServer$Division (LeaderStateImpl.java:addWatchRequest(552)) - s0@group-E525AA2370AC-LeaderStateImpl: addWatchRequest RaftClientRequest:client-44EF9202E0DA->s0@group-E525AA2370AC, cid=265, seq=1*, Watch(0), Message:<EMPTY>
2024-01-25 07:58:14,738 [grpc-default-executor-4] DEBUG client.RaftClient (RaftClientImpl.java:get(158)) - client-44EF9202E0DA: get 266 returns []
2024-01-25 07:58:14,738 [grpc-default-executor-4] DEBUG client.RaftClient (RaftClientImpl.java:newRequest(95)) - attempt #1, newRequest RaftClientRequest:client-44EF9202E0DA->s0@group-E525AA2370AC, cid=266, seq=2, RW, m0
2024-01-25 07:58:14,739 [s0-client-thread1] DEBUG server.RaftServer$Division (RaftServerImpl.java:submitClientRequestAsync(880)) - s0@group-E525AA2370AC: receive client request(RaftClientRequest:client-44EF9202E0DA->s0@group-E525AA2370AC, cid=266, seq=2, RW, Message:6d30)
2024-01-25 07:58:15,334 [Time-limited test] INFO  impl.SimpleStateMachine4Testing (SimpleStateMachine4Testing.java:unblock(142)) - unblock START_TRANSACTION
2024-01-25 07:58:15,334 [Time-limited test] INFO  grpc.TestWatchRequestWithGrpc (WatchRequestTests.java:runTestWatchRequestTimeout(424)) - unblock leader s0
2024-01-25 07:58:15,335 [s0-client-thread1] DEBUG server.RaftServer$Division (LeaderStateImpl.java:addPendingRequest(533)) - s0@group-E525AA2370AC-LeaderStateImpl: addPendingRequest at RaftClientRequest:client-44EF9202E0DA->s0@group-E525AA2370AC, cid=266, seq=2, RW, Message:6d30, entry=(t:1, i:1), STATEMACHINELOGENTRY, 266@client-44EF9202E0DA
2024-01-25 07:58:15,335 [s2-server-thread1] DEBUG server.RaftServer$Division (RaftServerImpl.java:logAppendEntries(1520)) - s2@group-E525AA2370AC: receive appendEntries(s0, 1, (t:1, i:0), 0, false, commits:[s0:c0, s1:c0, s2:c0], cId:15, entries: [(t:1, i:1), STATEMACHINELOGENTRY, 266@client-44EF9202E0DA]
2024-01-25 07:58:15,335 [s1-server-thread1] DEBUG server.RaftServer$Division (RaftServerImpl.java:logAppendEntries(1520)) - s1@group-E525AA2370AC: receive appendEntries(s0, 1, (t:1, i:0), 0, false, commits:[s0:c0, s1:c0, s2:c0], cId:16, entries: [(t:1, i:1), STATEMACHINELOGENTRY, 266@client-44EF9202E0DA]
2024-01-25 07:58:15,336 [s2-server-thread1] DEBUG server.RaftServer$Division (RaftServerImpl.java:logAppendEntries(1520)) - s2@group-E525AA2370AC: succeeded to handle AppendEntries. Reply: s0<-s2#15:OK-t1,SUCCESS,nextIndex=2,followerCommit=0,matchIndex=1
2024-01-25 07:58:15,336 [s0@group-E525AA2370AC-StateMachineUpdater] INFO  impl.SimpleStateMachine4Testing (SimpleStateMachine4Testing.java:applyTransaction(248)) - applyTransaction for log index 1
2024-01-25 07:58:15,336 [s0@group-E525AA2370AC-StateMachineUpdater] INFO  impl.SimpleStateMachine4Testing (SimpleStateMachine4Testing.java:put(205)) - s0: put 1, m0 -> (t:1, i:1), STATEMACHINELOGENTRY, 266@client-44EF9202E0DA
2024-01-25 07:58:15,336 [s0@group-E525AA2370AC-LeaderStateImpl] DEBUG impl.WatchRequests (WatchRequests.java:updateIndex(150)) - s0@group-E525AA2370AC-WatchRequests: update MAJORITY index from 0 to 1
2024-01-25 07:58:15,337 [s2-server-thread1] DEBUG server.RaftServer$Division (RaftServerImpl.java:logAppendEntries(1520)) - s2@group-E525AA2370AC: receive appendEntries(s0, 1, (t:1, i:1), 1, false, commits:[s0:c1, s1:c0, s2:c0], cId:16, entries: [(t:1, i:2), METADATAENTRY(c:1)]
2024-01-25 07:58:15,337 [grpc-default-executor-4] DEBUG client.RaftClient (RaftClientImpl.java:add(146)) - client-44EF9202E0DA: add replied callId 266
2024-01-25 07:58:15,337 [grpc-default-executor-4] INFO  grpc.TestWatchRequestWithGrpc (WatchRequestTests.java:lambda$sendRequests$0(113)) - SEND_WATCH: message=m0, logIndex=1
2024-01-25 07:58:15,337 [s2-server-thread1] DEBUG server.RaftServer$Division (RaftServerImpl.java:logAppendEntries(1520)) - s2@group-E525AA2370AC: succeeded to handle AppendEntries. Reply: s0<-s2#16:OK-t1,SUCCESS,nextIndex=3,followerCommit=1,matchIndex=2
2024-01-25 07:58:15,337 [s2@group-E525AA2370AC-StateMachineUpdater] INFO  impl.SimpleStateMachine4Testing (SimpleStateMachine4Testing.java:applyTransaction(248)) - applyTransaction for log index 1
2024-01-25 07:58:15,337 [s2@group-E525AA2370AC-StateMachineUpdater] INFO  impl.SimpleStateMachine4Testing (SimpleStateMachine4Testing.java:put(205)) - s2: put 1, m0 -> (t:1, i:1), STATEMACHINELOGENTRY, 266@client-44EF9202E0DA
2024-01-25 07:58:15,337 [grpc-default-executor-4] DEBUG client.RaftClient (RaftClientImpl.java:get(158)) - client-44EF9202E0DA: get 267 returns [266]
2024-01-25 07:58:15,338 [grpc-default-executor-4] DEBUG client.RaftClient (RaftClientImpl.java:newRequest(95)) - attempt #1, newRequest RaftClientRequest:client-44EF9202E0DA->s0@group-E525AA2370AC, cid=267, seq=null, Watch(1), null
2024-01-25 07:58:15,338 [grpc-default-executor-4] DEBUG impl.UnorderedAsync (UnorderedAsync.java:sendRequestWithRetry(80)) - client-44EF9202E0DA: attempt #1 send~ RaftClientRequest:client-44EF9202E0DA->s0@group-E525AA2370AC, cid=267, seq=null, Watch(1), null
2024-01-25 07:58:15,338 [grpc-default-executor-2] DEBUG impl.WatchRequests (WatchRequests.java:updateIndex(150)) - s0@group-E525AA2370AC-WatchRequests: update MAJORITY_COMMITTED index from 0 to 1
2024-01-25 07:58:15,338 [s1-server-thread1] DEBUG server.RaftServer$Division (RaftServerImpl.java:logAppendEntries(1520)) - s1@group-E525AA2370AC: receive appendEntries(s0, 1, (t:1, i:1), 1, false, commits:[s0:c1, s1:c0, s2:c0], cId:17, entries: [(t:1, i:2), METADATAENTRY(c:1)]
2024-01-25 07:58:15,338 [s0@group-E525AA2370AC-LeaderStateImpl] DEBUG impl.WatchRequests (WatchRequests.java:updateIndex(150)) - s0@group-E525AA2370AC-WatchRequests: update MAJORITY index from 1 to 2
2024-01-25 07:58:15,338 [grpc-default-executor-4] DEBUG client.RaftClient (RaftClientImpl.java:get(158)) - client-44EF9202E0DA: get 268 returns []
2024-01-25 07:58:15,339 [grpc-default-executor-4] DEBUG client.RaftClient (RaftClientImpl.java:newRequest(95)) - attempt #1, newRequest RaftClientRequest:client-44EF9202E0DA->s0@group-E525AA2370AC, cid=268, seq=null, Watch-ALL(1), null
2024-01-25 07:58:15,339 [grpc-default-executor-4] DEBUG impl.UnorderedAsync (UnorderedAsync.java:sendRequestWithRetry(80)) - client-44EF9202E0DA: attempt #1 send~ RaftClientRequest:client-44EF9202E0DA->s0@group-E525AA2370AC, cid=268, seq=null, Watch-ALL(1), null
2024-01-25 07:58:15,339 [grpc-default-executor-4] DEBUG client.RaftClient (RaftClientImpl.java:get(158)) - client-44EF9202E0DA: get 269 returns []
2024-01-25 07:58:15,339 [grpc-default-executor-4] DEBUG client.RaftClient (RaftClientImpl.java:newRequest(95)) - attempt #1, newRequest RaftClientRequest:client-44EF9202E0DA->s0@group-E525AA2370AC, cid=269, seq=null, Watch-MAJORITY_COMMITTED(1), null
2024-01-25 07:58:15,339 [grpc-default-executor-4] DEBUG impl.UnorderedAsync (UnorderedAsync.java:sendRequestWithRetry(80)) - client-44EF9202E0DA: attempt #1 send~ RaftClientRequest:client-44EF9202E0DA->s0@group-E525AA2370AC, cid=269, seq=null, Watch-MAJORITY_COMMITTED(1), null
2024-01-25 07:58:15,339 [grpc-default-executor-4] DEBUG client.RaftClient (RaftClientImpl.java:get(158)) - client-44EF9202E0DA: get 270 returns []
2024-01-25 07:58:15,339 [s0-client-thread1] DEBUG server.RaftServer$Division (RaftServerImpl.java:submitClientRequestAsync(880)) - s0@group-E525AA2370AC: receive client request(RaftClientRequest:client-44EF9202E0DA->s0@group-E525AA2370AC, cid=267, seq=null, Watch(1), Message:<EMPTY>)
2024-01-25 07:58:15,339 [grpc-default-executor-4] DEBUG client.RaftClient (RaftClientImpl.java:newRequest(95)) - attempt #1, newRequest RaftClientRequest:client-44EF9202E0DA->s0@group-E525AA2370AC, cid=270, seq=null, Watch-ALL_COMMITTED(1), null
2024-01-25 07:58:15,339 [s0-client-thread1] DEBUG server.RaftServer$Division (LeaderStateImpl.java:addWatchRequest(552)) - s0@group-E525AA2370AC-LeaderStateImpl: addWatchRequest RaftClientRequest:client-44EF9202E0DA->s0@group-E525AA2370AC, cid=267, seq=null, Watch(1), Message:<EMPTY>
2024-01-25 07:58:15,339 [grpc-default-executor-4] DEBUG impl.UnorderedAsync (UnorderedAsync.java:sendRequestWithRetry(80)) - client-44EF9202E0DA: attempt #1 send~ RaftClientRequest:client-44EF9202E0DA->s0@group-E525AA2370AC, cid=270, seq=null, Watch-ALL_COMMITTED(1), null
2024-01-25 07:58:15,340 [s0-client-thread1] DEBUG server.RaftServer$Division (RaftServerImpl.java:submitClientRequestAsync(880)) - s0@group-E525AA2370AC: receive client request(RaftClientRequest:client-44EF9202E0DA->s0@group-E525AA2370AC, cid=268, seq=null, Watch-ALL(1), Message:<EMPTY>)
2024-01-25 07:58:15,340 [s0-client-thread1] DEBUG server.RaftServer$Division (LeaderStateImpl.java:addWatchRequest(552)) - s0@group-E525AA2370AC-LeaderStateImpl: addWatchRequest RaftClientRequest:client-44EF9202E0DA->s0@group-E525AA2370AC, cid=268, seq=null, Watch-ALL(1), Message:<EMPTY>
2024-01-25 07:58:15,340 [Time-limited test] INFO  grpc.TestWatchRequestWithGrpc (WatchRequestTests.java:checkMajority(275)) - checkMajority 0: receive RaftClientReply:client-44EF9202E0DA->s0@group-E525AA2370AC, cid=266, SUCCESS, logIndex=1, commits[s0:c1, s1:c0, s2:c0]
2024-01-25 07:58:15,340 [s0-client-thread1] DEBUG server.RaftServer$Division (RaftServerImpl.java:submitClientRequestAsync(880)) - s0@group-E525AA2370AC: receive client request(RaftClientRequest:client-44EF9202E0DA->s0@group-E525AA2370AC, cid=269, seq=null, Watch-MAJORITY_COMMITTED(1), Message:<EMPTY>)
2024-01-25 07:58:15,340 [s0-client-thread1] DEBUG server.RaftServer$Division (LeaderStateImpl.java:addWatchRequest(552)) - s0@group-E525AA2370AC-LeaderStateImpl: addWatchRequest RaftClientRequest:client-44EF9202E0DA->s0@group-E525AA2370AC, cid=269, seq=null, Watch-MAJORITY_COMMITTED(1), Message:<EMPTY>
2024-01-25 07:58:15,341 [s0-client-thread1] DEBUG server.RaftServer$Division (RaftServerImpl.java:submitClientRequestAsync(880)) - s0@group-E525AA2370AC: receive client request(RaftClientRequest:client-44EF9202E0DA->s0@group-E525AA2370AC, cid=270, seq=null, Watch-ALL_COMMITTED(1), Message:<EMPTY>)
2024-01-25 07:58:15,341 [s0-client-thread1] DEBUG server.RaftServer$Division (LeaderStateImpl.java:addWatchRequest(552)) - s0@group-E525AA2370AC-LeaderStateImpl: addWatchRequest RaftClientRequest:client-44EF9202E0DA->s0@group-E525AA2370AC, cid=270, seq=null, Watch-ALL_COMMITTED(1), Message:<EMPTY>
2024-01-25 07:58:15,341 [ForkJoinPool.commonPool-worker-1] DEBUG impl.UnorderedAsync (UnorderedAsync.java:lambda$sendRequestWithRetry$4(83)) - client-44EF9202E0DA: attempt #1 receive~ RaftClientReply:client-44EF9202E0DA->s0@group-E525AA2370AC, cid=267, SUCCESS, logIndex=2, commits[s0:c2, s1:c0, s2:c1]
2024-01-25 07:58:15,341 [ForkJoinPool.commonPool-worker-3] DEBUG impl.UnorderedAsync (UnorderedAsync.java:lambda$sendRequestWithRetry$4(83)) - client-44EF9202E0DA: attempt #1 receive~ RaftClientReply:client-44EF9202E0DA->s0@group-E525AA2370AC, cid=269, SUCCESS, logIndex=1, commits[s0:c2, s1:c0, s2:c1]
2024-01-25 07:58:15,341 [Time-limited test] INFO  grpc.TestWatchRequestWithGrpc (WatchRequestTests.java:get(214)) - majority-Watch(1) returns RaftClientReply:client-44EF9202E0DA->s0@group-E525AA2370AC, cid=267, SUCCESS, logIndex=2, commits[s0:c2, s1:c0, s2:c1]
2024-01-25 07:58:15,341 [Time-limited test] INFO  grpc.TestWatchRequestWithGrpc (WatchRequestTests.java:get(214)) - majorityCommitted-Watch(1) returns RaftClientReply:client-44EF9202E0DA->s0@group-E525AA2370AC, cid=269, SUCCESS, logIndex=1, commits[s0:c2, s1:c0, s2:c1]
2024-01-25 07:58:15,341 [Time-limited test] INFO  grpc.TestWatchRequestWithGrpc (WatchRequestTests.java:checkTimeout(533)) - checkTimeout 0: receive RaftClientReply:client-44EF9202E0DA->s0@group-E525AA2370AC, cid=266, SUCCESS, logIndex=1, commits[s0:c1, s1:c0, s2:c0]
2024-01-25 07:58:15,415 [grpc-default-executor-0] DEBUG impl.WatchRequests (WatchRequests.java:updateIndex(150)) - s0@group-E525AA2370AC-WatchRequests: update MAJORITY_COMMITTED index from 1 to 2
2024-01-25 07:58:15,876 [timer3] DEBUG impl.WatchRequests (WatchRequests.java:handleTimeout(131)) - s0@group-E525AA2370AC-WatchRequests: timeout Watch-ALL_COMMITTED(1)@43.39s?java.util.concurrent.CompletionException: org.apache.ratis.protocol.exceptions.NotReplicatedException: Request with call Id 270 and log index 1 is not yet replicated to ALL_COMMITTED, RaftClientRequest:client-44EF9202E0DA->s0@group-E525AA2370AC, cid=270, seq=null, Watch-ALL_COMMITTED(1), Message:<EMPTY>
2024-01-25 07:58:15,876 [null-request--thread1] INFO  server.GrpcClientProtocolService (GrpcClientProtocolService.java:lambda$processClientRequest$0(323)) - Failed RaftClientRequest:client-44EF9202E0DA->s0@group-E525AA2370AC, cid=268, seq=null, Watch-ALL(1), Message:<EMPTY>, reply=RaftClientReply:client-44EF9202E0DA->s0@group-E525AA2370AC, cid=268, FAILED org.apache.ratis.protocol.exceptions.NotReplicatedException: Request with call Id 268 and log index 1 is not yet replicated to ALL, logIndex=1, commits[s0:c2, s1:c0, s2:c2]
2024-01-25 07:58:15,876 [timer2] DEBUG impl.WatchRequests (WatchRequests.java:handleTimeout(131)) - s0@group-E525AA2370AC-WatchRequests: timeout Watch-ALL(1)@43.39s?java.util.concurrent.CompletionException: org.apache.ratis.protocol.exceptions.NotReplicatedException: Request with call Id 268 and log index 1 is not yet replicated to ALL, RaftClientRequest:client-44EF9202E0DA->s0@group-E525AA2370AC, cid=268, seq=null, Watch-ALL(1), Message:<EMPTY>
2024-01-25 07:58:15,876 [null-request--thread1] INFO  server.GrpcClientProtocolService (GrpcClientProtocolService.java:lambda$processClientRequest$0(323)) - Failed RaftClientRequest:client-44EF9202E0DA->s0@group-E525AA2370AC, cid=270, seq=null, Watch-ALL_COMMITTED(1), Message:<EMPTY>, reply=RaftClientReply:client-44EF9202E0DA->s0@group-E525AA2370AC, cid=270, FAILED org.apache.ratis.protocol.exceptions.NotReplicatedException: Request with call Id 270 and log index 1 is not yet replicated to ALL_COMMITTED, logIndex=1, commits[s0:c2, s1:c0, s2:c2]
2024-01-25 07:58:15,877 [ForkJoinPool.commonPool-worker-3] DEBUG impl.UnorderedAsync (UnorderedAsync.java:lambda$sendRequestWithRetry$4(83)) - client-44EF9202E0DA: attempt #1 receive~ RaftClientReply:client-44EF9202E0DA->s0@group-E525AA2370AC, cid=268, FAILED org.apache.ratis.protocol.exceptions.NotReplicatedException: Request with call Id 268 and log index 1 is not yet replicated to ALL, logIndex=1, commits[s0:c2, s1:c0, s2:c2]
2024-01-25 07:58:15,877 [ForkJoinPool.commonPool-worker-1] DEBUG impl.UnorderedAsync (UnorderedAsync.java:lambda$sendRequestWithRetry$4(83)) - client-44EF9202E0DA: attempt #1 receive~ RaftClientReply:client-44EF9202E0DA->s0@group-E525AA2370AC, cid=270, FAILED org.apache.ratis.protocol.exceptions.NotReplicatedException: Request with call Id 270 and log index 1 is not yet replicated to ALL_COMMITTED, logIndex=1, commits[s0:c2, s1:c0, s2:c2]
2024-01-25 07:58:15,877 [Time-limited test] ERROR grpc.TestWatchRequestWithGrpc (WatchRequestTests.java:get(211)) - Failed to get all(1)
2024-01-25 07:58:15,877 [Time-limited test] ERROR grpc.TestWatchRequestWithGrpc (WatchRequestTests.java:get(211)) - Failed to get allCommitted(1)
2024-01-25 07:58:15,877 [Time-limited test] INFO  impl.SimpleStateMachine4Testing (SimpleStateMachine4Testing.java:unblock(142)) - unblock FLUSH_STATE_MACHINE_DATA
2024-01-25 07:58:15,877 [Time-limited test] INFO  grpc.TestWatchRequestWithGrpc (WatchRequestTests.java:runTestWatchRequestTimeout(430)) - unblock follower s1
2024-01-25 07:58:15,878 [Time-limited test] INFO  grpc.TestWatchRequestWithGrpc (WatchRequestTests.java:runTest(152)) - 10) numMessages=10, printing ALL groups
  s0:  RUNNING    LEADER s0@group-E525AA2370AC:t1, leader=s0, voted=s0, raftlog=Memoized:s0@group-E525AA2370AC-SegmentedRaftLog:OPENED:c2, conf=0: peers:[s0|localhost:15024, s1|localhost:15028, s2|localhost:15032]|listeners:[], old=null RUNNING
  s1:  RUNNING  FOLLOWER s1@group-E525AA2370AC:t1, leader=s0, voted=s0, raftlog=Memoized:s1@group-E525AA2370AC-SegmentedRaftLog:OPENED:c0, conf=0: peers:[s0|localhost:15024, s1|localhost:15028, s2|localhost:15032]|listeners:[], old=null RUNNING
  s2:  RUNNING  FOLLOWER s2@group-E525AA2370AC:t1, leader=s0, voted=s0, raftlog=Memoized:s2@group-E525AA2370AC-SegmentedRaftLog:OPENED:c2, conf=0: peers:[s0|localhost:15024, s1|localhost:15028, s2|localhost:15032]|listeners:[], old=null RUNNING
2024-01-25 07:58:15,878 [Time-limited test] INFO  server.RaftServerConfigKeys (ConfUtils.java:logGet(46)) - raft.server.watch.timeout = 500ms (custom)
2024-01-25 07:58:15,878 [s1-server-thread2] DEBUG server.RaftServer$Division (RaftServerImpl.java:logAppendEntries(1520)) - s1@group-E525AA2370AC: succeeded to handle AppendEntries. Reply: s0<-s1#16:OK-t1,SUCCESS,nextIndex=2,followerCommit=0,matchIndex=1
2024-01-25 07:58:15,878 [Time-limited test] INFO  server.RaftServerConfigKeys (ConfUtils.java:logGet(46)) - raft.server.watch.timeout.denomination = 100ms (custom)
2024-01-25 07:58:15,878 [Time-limited test] INFO  grpc.TestWatchRequestWithGrpc (WatchRequestTests.java:runTestWatchRequestTimeout(399)) - block leader s0
2024-01-25 07:58:15,878 [s1-server-thread2] DEBUG server.RaftServer$Division (RaftServerImpl.java:logAppendEntries(1520)) - s1@group-E525AA2370AC: succeeded to handle AppendEntries. Reply: s0<-s1#17:OK-t1,SUCCESS,nextIndex=3,followerCommit=1,matchIndex=2
2024-01-25 07:58:15,878 [Time-limited test] INFO  impl.SimpleStateMachine4Testing (SimpleStateMachine4Testing.java:block(135)) - block START_TRANSACTION
2024-01-25 07:58:15,878 [s0@group-E525AA2370AC-LeaderStateImpl] DEBUG impl.WatchRequests (WatchRequests.java:updateIndex(150)) - s0@group-E525AA2370AC-WatchRequests: update ALL index from 0 to 1
2024-01-25 07:58:15,878 [Time-limited test] INFO  grpc.TestWatchRequestWithGrpc (WatchRequestTests.java:runTestWatchRequestTimeout(405)) - block follower s1
2024-01-25 07:58:15,878 [Time-limited test] INFO  impl.SimpleStateMachine4Testing (SimpleStateMachine4Testing.java:block(135)) - block FLUSH_STATE_MACHINE_DATA
2024-01-25 07:58:15,878 [s1@group-E525AA2370AC-StateMachineUpdater] INFO  impl.SimpleStateMachine4Testing (SimpleStateMachine4Testing.java:applyTransaction(248)) - applyTransaction for log index 1
2024-01-25 07:58:15,878 [grpc-default-executor-0] DEBUG impl.WatchRequests (WatchRequests.java:updateIndex(150)) - s0@group-E525AA2370AC-WatchRequests: update ALL_COMMITTED index from 0 to 1
2024-01-25 07:58:15,878 [s1@group-E525AA2370AC-StateMachineUpdater] INFO  impl.SimpleStateMachine4Testing (SimpleStateMachine4Testing.java:put(205)) - s1: put 1, m0 -> (t:1, i:1), STATEMACHINELOGENTRY, 266@client-44EF9202E0DA
2024-01-25 07:58:15,878 [s0@group-E525AA2370AC-LeaderStateImpl] DEBUG impl.WatchRequests (WatchRequests.java:updateIndex(150)) - s0@group-E525AA2370AC-WatchRequests: update ALL index from 1 to 2
2024-01-25 07:58:15,878 [Time-limited test] INFO  grpc.TestWatchRequestWithGrpc (WatchRequestTests.java:sendRequests(105)) - SEND_REQUEST 0: message=m0
2024-01-25 07:58:15,879 [Time-limited test] DEBUG client.RaftClient (RaftClientImpl.java:get(158)) - client-44EF9202E0DA: get 271 returns []
2024-01-25 07:58:15,879 [Time-limited test] DEBUG client.RaftClient (RaftClientImpl.java:newRequest(95)) - attempt #1, newRequest RaftClientRequest:client-44EF9202E0DA->s0@group-E525AA2370AC, cid=271, seq=3, RW, m0
2024-01-25 07:58:15,879 [Time-limited test] INFO  grpc.TestWatchRequestWithGrpc (WatchRequestTests.java:sendRequests(105)) - SEND_REQUEST 1: message=m1
2024-01-25 07:58:15,879 [Time-limited test] DEBUG client.RaftClient (RaftClientImpl.java:get(158)) - client-44EF9202E0DA: get 272 returns []
2024-01-25 07:58:15,879 [Time-limited test] DEBUG client.RaftClient (RaftClientImpl.java:newRequest(95)) - attempt #1, newRequest RaftClientRequest:client-44EF9202E0DA->s0@group-E525AA2370AC, cid=272, seq=4, RW, m1
2024-01-25 07:58:15,880 [Time-limited test] INFO  grpc.TestWatchRequestWithGrpc (WatchRequestTests.java:sendRequests(105)) - SEND_REQUEST 2: message=m2
2024-01-25 07:58:15,880 [Time-limited test] DEBUG client.RaftClient (RaftClientImpl.java:get(158)) - client-44EF9202E0DA: get 273 returns []
2024-01-25 07:58:15,880 [Time-limited test] DEBUG client.RaftClient (RaftClientImpl.java:newRequest(95)) - attempt #1, newRequest RaftClientRequest:client-44EF9202E0DA->s0@group-E525AA2370AC, cid=273, seq=5, RW, m2
2024-01-25 07:58:15,880 [Time-limited test] INFO  grpc.TestWatchRequestWithGrpc (WatchRequestTests.java:sendRequests(105)) - SEND_REQUEST 3: message=m3
2024-01-25 07:58:15,880 [Time-limited test] DEBUG client.RaftClient (RaftClientImpl.java:get(158)) - client-44EF9202E0DA: get 274 returns []
2024-01-25 07:58:15,880 [Time-limited test] DEBUG client.RaftClient (RaftClientImpl.java:newRequest(95)) - attempt #1, newRequest RaftClientRequest:client-44EF9202E0DA->s0@group-E525AA2370AC, cid=274, seq=6, RW, m3
2024-01-25 07:58:15,880 [s0-client-thread1] DEBUG server.RaftServer$Division (RaftServerImpl.java:submitClientRequestAsync(880)) - s0@group-E525AA2370AC: receive client request(RaftClientRequest:client-44EF9202E0DA->s0@group-E525AA2370AC, cid=271, seq=3, RW, Message:6d30)
2024-01-25 07:58:15,880 [Time-limited test] INFO  grpc.TestWatchRequestWithGrpc (WatchRequestTests.java:sendRequests(105)) - SEND_REQUEST 4: message=m4
2024-01-25 07:58:15,880 [Time-limited test] DEBUG client.RaftClient (RaftClientImpl.java:get(158)) - client-44EF9202E0DA: get 275 returns []
2024-01-25 07:58:15,880 [Time-limited test] DEBUG client.RaftClient (RaftClientImpl.java:newRequest(95)) - attempt #1, newRequest RaftClientRequest:client-44EF9202E0DA->s0@group-E525AA2370AC, cid=275, seq=7, RW, m4
2024-01-25 07:58:15,880 [Time-limited test] INFO  grpc.TestWatchRequestWithGrpc (WatchRequestTests.java:sendRequests(105)) - SEND_REQUEST 5: message=m5
2024-01-25 07:58:15,880 [Time-limited test] DEBUG client.RaftClient (RaftClientImpl.java:get(158)) - client-44EF9202E0DA: get 276 returns []
2024-01-25 07:58:15,881 [Time-limited test] DEBUG client.RaftClient (RaftClientImpl.java:newRequest(95)) - attempt #1, newRequest RaftClientRequest:client-44EF9202E0DA->s0@group-E525AA2370AC, cid=276, seq=8, RW, m5
2024-01-25 07:58:15,881 [Time-limited test] INFO  grpc.TestWatchRequestWithGrpc (WatchRequestTests.java:sendRequests(105)) - SEND_REQUEST 6: message=m6
2024-01-25 07:58:15,881 [Time-limited test] DEBUG client.RaftClient (RaftClientImpl.java:get(158)) - client-44EF9202E0DA: get 277 returns []
2024-01-25 07:58:15,881 [Time-limited test] DEBUG client.RaftClient (RaftClientImpl.java:newRequest(95)) - attempt #1, newRequest RaftClientRequest:client-44EF9202E0DA->s0@group-E525AA2370AC, cid=277, seq=9, RW, m6
2024-01-25 07:58:15,881 [Time-limited test] INFO  grpc.TestWatchRequestWithGrpc (WatchRequestTests.java:sendRequests(105)) - SEND_REQUEST 7: message=m7
2024-01-25 07:58:15,881 [Time-limited test] DEBUG client.RaftClient (RaftClientImpl.java:get(158)) - client-44EF9202E0DA: get 278 returns []
2024-01-25 07:58:15,881 [Time-limited test] DEBUG client.RaftClient (RaftClientImpl.java:newRequest(95)) - attempt #1, newRequest RaftClientRequest:client-44EF9202E0DA->s0@group-E525AA2370AC, cid=278, seq=10, RW, m7
2024-01-25 07:58:15,881 [Time-limited test] INFO  grpc.TestWatchRequestWithGrpc (WatchRequestTests.java:sendRequests(105)) - SEND_REQUEST 8: message=m8
2024-01-25 07:58:15,881 [Time-limited test] DEBUG client.RaftClient (RaftClientImpl.java:get(158)) - client-44EF9202E0DA: get 279 returns []
2024-01-25 07:58:15,881 [Time-limited test] DEBUG client.RaftClient (RaftClientImpl.java:newRequest(95)) - attempt #1, newRequest RaftClientRequest:client-44EF9202E0DA->s0@group-E525AA2370AC, cid=279, seq=11, RW, m8
2024-01-25 07:58:15,882 [Time-limited test] INFO  grpc.TestWatchRequestWithGrpc (WatchRequestTests.java:sendRequests(105)) - SEND_REQUEST 9: message=m9
2024-01-25 07:58:15,882 [Time-limited test] DEBUG client.RaftClient (RaftClientImpl.java:get(158)) - client-44EF9202E0DA: get 280 returns []
2024-01-25 07:58:15,882 [Time-limited test] DEBUG client.RaftClient (RaftClientImpl.java:newRequest(95)) - attempt #1, newRequest RaftClientRequest:client-44EF9202E0DA->s0@group-E525AA2370AC, cid=280, seq=12, RW, m9
2024-01-25 07:58:15,955 [grpc-default-executor-2] DEBUG impl.WatchRequests (WatchRequests.java:updateIndex(150)) - s0@group-E525AA2370AC-WatchRequests: update ALL_COMMITTED index from 1 to 2
2024-01-25 07:58:16,241 [timer0] WARN  server.GrpcLogAppender (GrpcLogAppender.java:timeoutAppendRequest(437)) - s1@group-76E74FC0E99E->s2-GrpcLogAppender: Timed out HEARTBEAT appendEntries, errorCount=1, request=AppendEntriesRequest:cid=164,entriesCount=0
2024-01-25 07:58:16,482 [Time-limited test] INFO  impl.SimpleStateMachine4Testing (SimpleStateMachine4Testing.java:unblock(142)) - unblock START_TRANSACTION
2024-01-25 07:58:16,482 [Time-limited test] INFO  grpc.TestWatchRequestWithGrpc (WatchRequestTests.java:runTestWatchRequestTimeout(424)) - unblock leader s0
2024-01-25 07:58:16,483 [s0-client-thread1] DEBUG server.RaftServer$Division (LeaderStateImpl.java:addPendingRequest(533)) - s0@group-E525AA2370AC-LeaderStateImpl: addPendingRequest at RaftClientRequest:client-44EF9202E0DA->s0@group-E525AA2370AC, cid=271, seq=3, RW, Message:6d30, entry=(t:1, i:3), STATEMACHINELOGENTRY, 271@client-44EF9202E0DA
2024-01-25 07:58:16,483 [s0-client-thread1] DEBUG server.RaftServer$Division (RaftServerImpl.java:submitClientRequestAsync(880)) - s0@group-E525AA2370AC: receive client request(RaftClientRequest:client-44EF9202E0DA->s0@group-E525AA2370AC, cid=272, seq=4, RW, Message:6d31)
2024-01-25 07:58:16,483 [s2-server-thread2] DEBUG server.RaftServer$Division (RaftServerImpl.java:logAppendEntries(1520)) - s2@group-E525AA2370AC: receive appendEntries(s0, 1, (t:1, i:2), 2, false, commits:[s0:c2, s1:c2, s2:c2], cId:34, entries: [(t:1, i:3), STATEMACHINELOGENTRY, 271@client-44EF9202E0DA]
2024-01-25 07:58:16,483 [s1-server-thread1] DEBUG server.RaftServer$Division (RaftServerImpl.java:logAppendEntries(1520)) - s1@group-E525AA2370AC: receive appendEntries(s0, 1, (t:1, i:2), 2, false, commits:[s0:c2, s1:c2, s2:c2], cId:43, entries: [(t:1, i:3), STATEMACHINELOGENTRY, 271@client-44EF9202E0DA]
2024-01-25 07:58:16,483 [s0-client-thread1] DEBUG server.RaftServer$Division (LeaderStateImpl.java:addPendingRequest(533)) - s0@group-E525AA2370AC-LeaderStateImpl: addPendingRequest at RaftClientRequest:client-44EF9202E0DA->s0@group-E525AA2370AC, cid=272, seq=4, RW, Message:6d31, entry=(t:1, i:4), STATEMACHINELOGENTRY, 272@client-44EF9202E0DA
2024-01-25 07:58:16,483 [s2-server-thread1] DEBUG server.RaftServer$Division (RaftServerImpl.java:logAppendEntries(1520)) - s2@group-E525AA2370AC: succeeded to handle AppendEntries. Reply: s0<-s2#34:OK-t1,SUCCESS,nextIndex=4,followerCommit=2,matchIndex=3
2024-01-25 07:58:16,484 [s0-client-thread1] DEBUG server.RaftServer$Division (RaftServerImpl.java:submitClientRequestAsync(880)) - s0@group-E525AA2370AC: receive client request(RaftClientRequest:client-44EF9202E0DA->s0@group-E525AA2370AC, cid=273, seq=5, RW, Message:6d32)
2024-01-25 07:58:16,484 [s0-client-thread1] DEBUG server.RaftServer$Division (LeaderStateImpl.java:addPendingRequest(533)) - s0@group-E525AA2370AC-LeaderStateImpl: addPendingRequest at RaftClientRequest:client-44EF9202E0DA->s0@group-E525AA2370AC, cid=273, seq=5, RW, Message:6d32, entry=(t:1, i:5), STATEMACHINELOGENTRY, 273@client-44EF9202E0DA
2024-01-25 07:58:16,484 [s0@group-E525AA2370AC-StateMachineUpdater] INFO  impl.SimpleStateMachine4Testing (SimpleStateMachine4Testing.java:applyTransaction(248)) - applyTransaction for log index 3
2024-01-25 07:58:16,484 [s0-client-thread1] DEBUG server.RaftServer$Division (RaftServerImpl.java:submitClientRequestAsync(880)) - s0@group-E525AA2370AC: receive client request(RaftClientRequest:client-44EF9202E0DA->s0@group-E525AA2370AC, cid=274, seq=6, RW, Message:6d33)
2024-01-25 07:58:16,484 [s0@group-E525AA2370AC-LeaderStateImpl] DEBUG impl.WatchRequests (WatchRequests.java:updateIndex(150)) - s0@group-E525AA2370AC-WatchRequests: update MAJORITY index from 2 to 3
2024-01-25 07:58:16,484 [s0@group-E525AA2370AC-StateMachineUpdater] INFO  impl.SimpleStateMachine4Testing (SimpleStateMachine4Testing.java:put(205)) - s0: put 3, m0 -> (t:1, i:3), STATEMACHINELOGENTRY, 271@client-44EF9202E0DA
2024-01-25 07:58:16,484 [s0-client-thread1] DEBUG server.RaftServer$Division (LeaderStateImpl.java:addPendingRequest(533)) - s0@group-E525AA2370AC-LeaderStateImpl: addPendingRequest at RaftClientRequest:client-44EF9202E0DA->s0@group-E525AA2370AC, cid=274, seq=6, RW, Message:6d33, entry=(t:1, i:7), STATEMACHINELOGENTRY, 274@client-44EF9202E0DA
2024-01-25 07:58:16,485 [s0-client-thread1] DEBUG server.RaftServer$Division (RaftServerImpl.java:submitClientRequestAsync(880)) - s0@group-E525AA2370AC: receive client request(RaftClientRequest:client-44EF9202E0DA->s0@group-E525AA2370AC, cid=275, seq=7, RW, Message:6d34)
2024-01-25 07:58:16,485 [grpc-default-executor-2] DEBUG client.RaftClient (RaftClientImpl.java:add(146)) - client-44EF9202E0DA: add replied callId 271
2024-01-25 07:58:16,485 [grpc-default-executor-2] INFO  grpc.TestWatchRequestWithGrpc (WatchRequestTests.java:lambda$sendRequests$0(113)) - SEND_WATCH: message=m0, logIndex=3
2024-01-25 07:58:16,485 [s0-client-thread1] DEBUG server.RaftServer$Division (LeaderStateImpl.java:addPendingRequest(533)) - s0@group-E525AA2370AC-LeaderStateImpl: addPendingRequest at RaftClientRequest:client-44EF9202E0DA->s0@group-E525AA2370AC, cid=275, seq=7, RW, Message:6d34, entry=(t:1, i:8), STATEMACHINELOGENTRY, 275@client-44EF9202E0DA
2024-01-25 07:58:16,485 [grpc-default-executor-2] DEBUG client.RaftClient (RaftClientImpl.java:get(158)) - client-44EF9202E0DA: get 281 returns [271]
2024-01-25 07:58:16,485 [grpc-default-executor-2] DEBUG client.RaftClient (RaftClientImpl.java:newRequest(95)) - attempt #1, newRequest RaftClientRequest:client-44EF9202E0DA->s0@group-E525AA2370AC, cid=281, seq=null, Watch(3), null
2024-01-25 07:58:16,485 [grpc-default-executor-2] DEBUG impl.UnorderedAsync (UnorderedAsync.java:sendRequestWithRetry(80)) - client-44EF9202E0DA: attempt #1 send~ RaftClientRequest:client-44EF9202E0DA->s0@group-E525AA2370AC, cid=281, seq=null, Watch(3), null
2024-01-25 07:58:16,485 [s0-client-thread1] DEBUG server.RaftServer$Division (RaftServerImpl.java:submitClientRequestAsync(880)) - s0@group-E525AA2370AC: receive client request(RaftClientRequest:client-44EF9202E0DA->s0@group-E525AA2370AC, cid=276, seq=8, RW, Message:6d35)
2024-01-25 07:58:16,486 [s1-server-thread1] DEBUG server.RaftServer$Division (RaftServerImpl.java:logAppendEntries(1520)) - s1@group-E525AA2370AC: receive appendEntries(s0, 1, (t:1, i:3), 2, false, commits:[s0:c2, s1:c2, s2:c2], cId:44, entries: [(t:1, i:4), STATEMACHINELOGENTRY, 272@client-44EF9202E0DA]
2024-01-25 07:58:16,486 [s0-client-thread1] DEBUG server.RaftServer$Division (LeaderStateImpl.java:addPendingRequest(533)) - s0@group-E525AA2370AC-LeaderStateImpl: addPendingRequest at RaftClientRequest:client-44EF9202E0DA->s0@group-E525AA2370AC, cid=276, seq=8, RW, Message:6d35, entry=(t:1, i:9), STATEMACHINELOGENTRY, 276@client-44EF9202E0DA
2024-01-25 07:58:16,486 [s0-client-thread1] DEBUG server.RaftServer$Division (RaftServerImpl.java:submitClientRequestAsync(880)) - s0@group-E525AA2370AC: receive client request(RaftClientRequest:client-44EF9202E0DA->s0@group-E525AA2370AC, cid=277, seq=9, RW, Message:6d36)
2024-01-25 07:58:16,487 [grpc-default-executor-2] DEBUG client.RaftClient (RaftClientImpl.java:get(158)) - client-44EF9202E0DA: get 282 returns []
2024-01-25 07:58:16,487 [grpc-default-executor-2] DEBUG client.RaftClient (RaftClientImpl.java:newRequest(95)) - attempt #1, newRequest RaftClientRequest:client-44EF9202E0DA->s0@group-E525AA2370AC, cid=282, seq=null, Watch-ALL(3), null
2024-01-25 07:58:16,487 [grpc-default-executor-2] DEBUG impl.UnorderedAsync (UnorderedAsync.java:sendRequestWithRetry(80)) - client-44EF9202E0DA: attempt #1 send~ RaftClientRequest:client-44EF9202E0DA->s0@group-E525AA2370AC, cid=282, seq=null, Watch-ALL(3), null
2024-01-25 07:58:16,487 [grpc-default-executor-2] DEBUG client.RaftClient (RaftClientImpl.java:get(158)) - client-44EF9202E0DA: get 283 returns []
2024-01-25 07:58:16,487 [grpc-default-executor-2] DEBUG client.RaftClient (RaftClientImpl.java:newRequest(95)) - attempt #1, newRequest RaftClientRequest:client-44EF9202E0DA->s0@group-E525AA2370AC, cid=283, seq=null, Watch-MAJORITY_COMMITTED(3), null
2024-01-25 07:58:16,487 [grpc-default-executor-2] DEBUG impl.UnorderedAsync (UnorderedAsync.java:sendRequestWithRetry(80)) - client-44EF9202E0DA: attempt #1 send~ RaftClientRequest:client-44EF9202E0DA->s0@group-E525AA2370AC, cid=283, seq=null, Watch-MAJORITY_COMMITTED(3), null
2024-01-25 07:58:16,487 [grpc-default-executor-2] DEBUG client.RaftClient (RaftClientImpl.java:get(158)) - client-44EF9202E0DA: get 284 returns []
2024-01-25 07:58:16,487 [grpc-default-executor-2] DEBUG client.RaftClient (RaftClientImpl.java:newRequest(95)) - attempt #1, newRequest RaftClientRequest:client-44EF9202E0DA->s0@group-E525AA2370AC, cid=284, seq=null, Watch-ALL_COMMITTED(3), null
2024-01-25 07:58:16,487 [grpc-default-executor-2] DEBUG impl.UnorderedAsync (UnorderedAsync.java:sendRequestWithRetry(80)) - client-44EF9202E0DA: attempt #1 send~ RaftClientRequest:client-44EF9202E0DA->s0@group-E525AA2370AC, cid=284, seq=null, Watch-ALL_COMMITTED(3), null
2024-01-25 07:58:16,488 [Time-limited test] INFO  grpc.TestWatchRequestWithGrpc (WatchRequestTests.java:checkMajority(275)) - checkMajority 0: receive RaftClientReply:client-44EF9202E0DA->s0@group-E525AA2370AC, cid=271, SUCCESS, logIndex=3, commits[s0:c3, s1:c2, s2:c2]
2024-01-25 07:58:16,487 [s0-client-thread1] DEBUG server.RaftServer$Division (LeaderStateImpl.java:addPendingRequest(533)) - s0@group-E525AA2370AC-LeaderStateImpl: addPendingRequest at RaftClientRequest:client-44EF9202E0DA->s0@group-E525AA2370AC, cid=277, seq=9, RW, Message:6d36, entry=(t:1, i:10), STATEMACHINELOGENTRY, 277@client-44EF9202E0DA
2024-01-25 07:58:16,488 [s2-server-thread1] DEBUG server.RaftServer$Division (RaftServerImpl.java:logAppendEntries(1520)) - s2@group-E525AA2370AC: receive appendEntries(s0, 1, (t:1, i:3), 2, false, commits:[s0:c2, s1:c2, s2:c2], cId:35, entries: [(t:1, i:4), STATEMACHINELOGENTRY, 272@client-44EF9202E0DA]
2024-01-25 07:58:16,488 [s0-client-thread1] DEBUG server.RaftServer$Division (RaftServerImpl.java:submitClientRequestAsync(880)) - s0@group-E525AA2370AC: receive client request(RaftClientRequest:client-44EF9202E0DA->s0@group-E525AA2370AC, cid=278, seq=10, RW, Message:6d37)
2024-01-25 07:58:16,488 [s0-client-thread2] DEBUG server.RaftServer$Division (RaftServerImpl.java:submitClientRequestAsync(880)) - s0@group-E525AA2370AC: receive client request(RaftClientRequest:client-44EF9202E0DA->s0@group-E525AA2370AC, cid=281, seq=null, Watch(3), Message:<EMPTY>)
2024-01-25 07:58:16,488 [s0-client-thread2] DEBUG server.RaftServer$Division (LeaderStateImpl.java:addWatchRequest(552)) - s0@group-E525AA2370AC-LeaderStateImpl: addWatchRequest RaftClientRequest:client-44EF9202E0DA->s0@group-E525AA2370AC, cid=281, seq=null, Watch(3), Message:<EMPTY>
2024-01-25 07:58:16,488 [s2-server-thread1] DEBUG server.RaftServer$Division (RaftServerImpl.java:logAppendEntries(1520)) - s2@group-E525AA2370AC: succeeded to handle AppendEntries. Reply: s0<-s2#35:OK-t1,SUCCESS,nextIndex=5,followerCommit=2,matchIndex=4
2024-01-25 07:58:16,488 [s0-client-thread1] DEBUG server.RaftServer$Division (LeaderStateImpl.java:addPendingRequest(533)) - s0@group-E525AA2370AC-LeaderStateImpl: addPendingRequest at RaftClientRequest:client-44EF9202E0DA->s0@group-E525AA2370AC, cid=278, seq=10, RW, Message:6d37, entry=(t:1, i:11), STATEMACHINELOGENTRY, 278@client-44EF9202E0DA
2024-01-25 07:58:16,489 [s0-client-thread1] DEBUG server.RaftServer$Division (RaftServerImpl.java:submitClientRequestAsync(880)) - s0@group-E525AA2370AC: receive client request(RaftClientRequest:client-44EF9202E0DA->s0@group-E525AA2370AC, cid=282, seq=null, Watch-ALL(3), Message:<EMPTY>)
2024-01-25 07:58:16,489 [s0@group-E525AA2370AC-LeaderStateImpl] DEBUG impl.WatchRequests (WatchRequests.java:updateIndex(150)) - s0@group-E525AA2370AC-WatchRequests: update MAJORITY index from 3 to 4
2024-01-25 07:58:16,489 [s1-server-thread2] DEBUG server.RaftServer$Division (RaftServerImpl.java:logAppendEntries(1520)) - s1@group-E525AA2370AC: receive appendEntries(s0, 1, (t:1, i:4), 3, false, commits:[s0:c3, s1:c2, s2:c2], cId:46, entries: [(t:1, i:5), STATEMACHINELOGENTRY, 273@client-44EF9202E0DA, (t:1, i:6), METADATAENTRY(c:3), (t:1, i:7), STATEMACHINELOGENTRY, 274@client-44EF9202E0DA, (t:1, i:8), STATEMACHINELOGENTRY, 275@client-44EF9202E0DA, (t:1, i:9), STATEMACHINELOGENTRY, 276@client-44EF9202E0DA, (t:1, i:10), STATEMACHINELOGENTRY, 277@client-44EF9202E0DA]
2024-01-25 07:58:16,489 [s0@group-E525AA2370AC-StateMachineUpdater] INFO  impl.SimpleStateMachine4Testing (SimpleStateMachine4Testing.java:applyTransaction(248)) - applyTransaction for log index 4
2024-01-25 07:58:16,489 [s0@group-E525AA2370AC-StateMachineUpdater] INFO  impl.SimpleStateMachine4Testing (SimpleStateMachine4Testing.java:put(205)) - s0: put 4, m1 -> (t:1, i:4), STATEMACHINELOGENTRY, 272@client-44EF9202E0DA
2024-01-25 07:58:16,489 [s0-client-thread1] DEBUG server.RaftServer$Division (LeaderStateImpl.java:addWatchRequest(552)) - s0@group-E525AA2370AC-LeaderStateImpl: addWatchRequest RaftClientRequest:client-44EF9202E0DA->s0@group-E525AA2370AC, cid=282, seq=null, Watch-ALL(3), Message:<EMPTY>
2024-01-25 07:58:16,490 [ForkJoinPool.commonPool-worker-1] DEBUG impl.UnorderedAsync (UnorderedAsync.java:lambda$sendRequestWithRetry$4(83)) - client-44EF9202E0DA: attempt #1 receive~ RaftClientReply:client-44EF9202E0DA->s0@group-E525AA2370AC, cid=281, SUCCESS, logIndex=3, commits[s0:c3, s1:c2, s2:c2]
2024-01-25 07:58:16,490 [grpc-default-executor-3] DEBUG client.RaftClient (RaftClientImpl.java:add(146)) - client-44EF9202E0DA: add replied callId 272
2024-01-25 07:58:16,490 [grpc-default-executor-3] INFO  grpc.TestWatchRequestWithGrpc (WatchRequestTests.java:lambda$sendRequests$0(113)) - SEND_WATCH: message=m1, logIndex=4
2024-01-25 07:58:16,490 [s0-client-thread2] DEBUG server.RaftServer$Division (RaftServerImpl.java:submitClientRequestAsync(880)) - s0@group-E525AA2370AC: receive client request(RaftClientRequest:client-44EF9202E0DA->s0@group-E525AA2370AC, cid=283, seq=null, Watch-MAJORITY_COMMITTED(3), Message:<EMPTY>)
2024-01-25 07:58:16,490 [s0-client-thread1] DEBUG server.RaftServer$Division (RaftServerImpl.java:submitClientRequestAsync(880)) - s0@group-E525AA2370AC: receive client request(RaftClientRequest:client-44EF9202E0DA->s0@group-E525AA2370AC, cid=279, seq=11, RW, Message:6d38)
2024-01-25 07:58:16,490 [s0-client-thread2] DEBUG server.RaftServer$Division (LeaderStateImpl.java:addWatchRequest(552)) - s0@group-E525AA2370AC-LeaderStateImpl: addWatchRequest RaftClientRequest:client-44EF9202E0DA->s0@group-E525AA2370AC, cid=283, seq=null, Watch-MAJORITY_COMMITTED(3), Message:<EMPTY>
2024-01-25 07:58:16,490 [grpc-default-executor-3] DEBUG client.RaftClient (RaftClientImpl.java:get(158)) - client-44EF9202E0DA: get 285 returns [272]
2024-01-25 07:58:16,490 [s1-server-thread2] DEBUG server.RaftServer$Division (RaftServerImpl.java:logAppendEntries(1520)) - s1@group-E525AA2370AC: receive appendEntries(s0, 1, (t:1, i:10), 4, false, commits:[s0:c4, s1:c2, s2:c2], cId:47, entries: [(t:1, i:11), STATEMACHINELOGENTRY, 278@client-44EF9202E0DA, (t:1, i:12), METADATAENTRY(c:4)]
2024-01-25 07:58:16,490 [grpc-default-executor-3] DEBUG client.RaftClient (RaftClientImpl.java:newRequest(95)) - attempt #1, newRequest RaftClientRequest:client-44EF9202E0DA->s0@group-E525AA2370AC, cid=285, seq=null, Watch(4), null
2024-01-25 07:58:16,490 [grpc-default-executor-3] DEBUG impl.UnorderedAsync (UnorderedAsync.java:sendRequestWithRetry(80)) - client-44EF9202E0DA: attempt #1 send~ RaftClientRequest:client-44EF9202E0DA->s0@group-E525AA2370AC, cid=285, seq=null, Watch(4), null
2024-01-25 07:58:16,491 [s0-client-thread1] DEBUG server.RaftServer$Division (LeaderStateImpl.java:addPendingRequest(533)) - s0@group-E525AA2370AC-LeaderStateImpl: addPendingRequest at RaftClientRequest:client-44EF9202E0DA->s0@group-E525AA2370AC, cid=279, seq=11, RW, Message:6d38, entry=(t:1, i:13), STATEMACHINELOGENTRY, 279@client-44EF9202E0DA
2024-01-25 07:58:16,491 [grpc-default-executor-3] DEBUG client.RaftClient (RaftClientImpl.java:get(158)) - client-44EF9202E0DA: get 286 returns []
2024-01-25 07:58:16,491 [grpc-default-executor-3] DEBUG client.RaftClient (RaftClientImpl.java:newRequest(95)) - attempt #1, newRequest RaftClientRequest:client-44EF9202E0DA->s0@group-E525AA2370AC, cid=286, seq=null, Watch-ALL(4), null
2024-01-25 07:58:16,491 [s0-client-thread1] DEBUG server.RaftServer$Division (RaftServerImpl.java:submitClientRequestAsync(880)) - s0@group-E525AA2370AC: receive client request(RaftClientRequest:client-44EF9202E0DA->s0@group-E525AA2370AC, cid=284, seq=null, Watch-ALL_COMMITTED(3), Message:<EMPTY>)
2024-01-25 07:58:16,491 [grpc-default-executor-3] DEBUG impl.UnorderedAsync (UnorderedAsync.java:sendRequestWithRetry(80)) - client-44EF9202E0DA: attempt #1 send~ RaftClientRequest:client-44EF9202E0DA->s0@group-E525AA2370AC, cid=286, seq=null, Watch-ALL(4), null
2024-01-25 07:58:16,491 [Time-limited test] INFO  grpc.TestWatchRequestWithGrpc (WatchRequestTests.java:get(214)) - majority-Watch(3) returns RaftClientReply:client-44EF9202E0DA->s0@group-E525AA2370AC, cid=281, SUCCESS, logIndex=3, commits[s0:c3, s1:c2, s2:c2]
2024-01-25 07:58:16,491 [s0-client-thread1] DEBUG server.RaftServer$Division (LeaderStateImpl.java:addWatchRequest(552)) - s0@group-E525AA2370AC-LeaderStateImpl: addWatchRequest RaftClientRequest:client-44EF9202E0DA->s0@group-E525AA2370AC, cid=284, seq=null, Watch-ALL_COMMITTED(3), Message:<EMPTY>
2024-01-25 07:58:16,491 [s0-client-thread2] DEBUG server.RaftServer$Division (RaftServerImpl.java:submitClientRequestAsync(880)) - s0@group-E525AA2370AC: receive client request(RaftClientRequest:client-44EF9202E0DA->s0@group-E525AA2370AC, cid=280, seq=12, RW, Message:6d39)
2024-01-25 07:58:16,491 [s1-server-thread2] DEBUG server.RaftServer$Division (RaftServerImpl.java:logAppendEntries(1520)) - s1@group-E525AA2370AC: receive appendEntries(s0, 1, (t:1, i:12), 4, false, commits:[s0:c4, s1:c2, s2:c2], cId:48, entries: [(t:1, i:13), STATEMACHINELOGENTRY, 279@client-44EF9202E0DA]
2024-01-25 07:58:16,491 [s0-client-thread1] DEBUG server.RaftServer$Division (RaftServerImpl.java:submitClientRequestAsync(880)) - s0@group-E525AA2370AC: receive client request(RaftClientRequest:client-44EF9202E0DA->s0@group-E525AA2370AC, cid=285, seq=null, Watch(4), Message:<EMPTY>)
2024-01-25 07:58:16,491 [s0-client-thread1] DEBUG server.RaftServer$Division (LeaderStateImpl.java:addWatchRequest(552)) - s0@group-E525AA2370AC-LeaderStateImpl: addWatchRequest RaftClientRequest:client-44EF9202E0DA->s0@group-E525AA2370AC, cid=285, seq=null, Watch(4), Message:<EMPTY>
2024-01-25 07:58:16,491 [s2-server-thread2] DEBUG server.RaftServer$Division (RaftServerImpl.java:logAppendEntries(1520)) - s2@group-E525AA2370AC: receive appendEntries(s0, 1, (t:1, i:4), 3, false, commits:[s0:c3, s1:c2, s2:c2], cId:36, entries: [(t:1, i:5), STATEMACHINELOGENTRY, 273@client-44EF9202E0DA, (t:1, i:6), METADATAENTRY(c:3), (t:1, i:7), STATEMACHINELOGENTRY, 274@client-44EF9202E0DA, (t:1, i:8), STATEMACHINELOGENTRY, 275@client-44EF9202E0DA]
2024-01-25 07:58:16,491 [grpc-default-executor-3] DEBUG client.RaftClient (RaftClientImpl.java:get(158)) - client-44EF9202E0DA: get 287 returns []
2024-01-25 07:58:16,492 [grpc-default-executor-3] DEBUG client.RaftClient (RaftClientImpl.java:newRequest(95)) - attempt #1, newRequest RaftClientRequest:client-44EF9202E0DA->s0@group-E525AA2370AC, cid=287, seq=null, Watch-MAJORITY_COMMITTED(4), null
2024-01-25 07:58:16,492 [s0-client-thread2] DEBUG server.RaftServer$Division (LeaderStateImpl.java:addPendingRequest(533)) - s0@group-E525AA2370AC-LeaderStateImpl: addPendingRequest at RaftClientRequest:client-44EF9202E0DA->s0@group-E525AA2370AC, cid=280, seq=12, RW, Message:6d39, entry=(t:1, i:14), STATEMACHINELOGENTRY, 280@client-44EF9202E0DA
2024-01-25 07:58:16,492 [grpc-default-executor-3] DEBUG impl.UnorderedAsync (UnorderedAsync.java:sendRequestWithRetry(80)) - client-44EF9202E0DA: attempt #1 send~ RaftClientRequest:client-44EF9202E0DA->s0@group-E525AA2370AC, cid=287, seq=null, Watch-MAJORITY_COMMITTED(4), null
2024-01-25 07:58:16,492 [ForkJoinPool.commonPool-worker-1] DEBUG impl.UnorderedAsync (UnorderedAsync.java:lambda$sendRequestWithRetry$4(83)) - client-44EF9202E0DA: attempt #1 receive~ RaftClientReply:client-44EF9202E0DA->s0@group-E525AA2370AC, cid=285, SUCCESS, logIndex=4, commits[s0:c4, s1:c2, s2:c2]
2024-01-25 07:58:16,492 [grpc-default-executor-3] DEBUG client.RaftClient (RaftClientImpl.java:get(158)) - client-44EF9202E0DA: get 288 returns []
2024-01-25 07:58:16,492 [s0-client-thread1] DEBUG server.RaftServer$Division (RaftServerImpl.java:submitClientRequestAsync(880)) - s0@group-E525AA2370AC: receive client request(RaftClientRequest:client-44EF9202E0DA->s0@group-E525AA2370AC, cid=286, seq=null, Watch-ALL(4), Message:<EMPTY>)
2024-01-25 07:58:16,492 [grpc-default-executor-3] DEBUG client.RaftClient (RaftClientImpl.java:newRequest(95)) - attempt #1, newRequest RaftClientRequest:client-44EF9202E0DA->s0@group-E525AA2370AC, cid=288, seq=null, Watch-ALL_COMMITTED(4), null
2024-01-25 07:58:16,492 [s0-client-thread1] DEBUG server.RaftServer$Division (LeaderStateImpl.java:addWatchRequest(552)) - s0@group-E525AA2370AC-LeaderStateImpl: addWatchRequest RaftClientRequest:client-44EF9202E0DA->s0@group-E525AA2370AC, cid=286, seq=null, Watch-ALL(4), Message:<EMPTY>
2024-01-25 07:58:16,492 [grpc-default-executor-3] DEBUG impl.UnorderedAsync (UnorderedAsync.java:sendRequestWithRetry(80)) - client-44EF9202E0DA: attempt #1 send~ RaftClientRequest:client-44EF9202E0DA->s0@group-E525AA2370AC, cid=288, seq=null, Watch-ALL_COMMITTED(4), null
2024-01-25 07:58:16,493 [s1-server-thread2] DEBUG server.RaftServer$Division (RaftServerImpl.java:logAppendEntries(1520)) - s1@group-E525AA2370AC: receive appendEntries(s0, 1, (t:1, i:13), 4, false, commits:[s0:c4, s1:c2, s2:c2], cId:49, entries: [(t:1, i:14), STATEMACHINELOGENTRY, 280@client-44EF9202E0DA]
2024-01-25 07:58:16,493 [s2-server-thread1] DEBUG server.RaftServer$Division (RaftServerImpl.java:logAppendEntries(1520)) - s2@group-E525AA2370AC: succeeded to handle AppendEntries. Reply: s0<-s2#36:OK-t1,SUCCESS,nextIndex=9,followerCommit=3,matchIndex=8
2024-01-25 07:58:16,493 [s0-client-thread1] DEBUG server.RaftServer$Division (RaftServerImpl.java:submitClientRequestAsync(880)) - s0@group-E525AA2370AC: receive client request(RaftClientRequest:client-44EF9202E0DA->s0@group-E525AA2370AC, cid=287, seq=null, Watch-MAJORITY_COMMITTED(4), Message:<EMPTY>)
2024-01-25 07:58:16,493 [s2@group-E525AA2370AC-StateMachineUpdater] INFO  impl.SimpleStateMachine4Testing (SimpleStateMachine4Testing.java:applyTransaction(248)) - applyTransaction for log index 3
2024-01-25 07:58:16,493 [s0-client-thread1] DEBUG server.RaftServer$Division (LeaderStateImpl.java:addWatchRequest(552)) - s0@group-E525AA2370AC-LeaderStateImpl: addWatchRequest RaftClientRequest:client-44EF9202E0DA->s0@group-E525AA2370AC, cid=287, seq=null, Watch-MAJORITY_COMMITTED(4), Message:<EMPTY>
2024-01-25 07:58:16,493 [grpc-default-executor-3] DEBUG impl.WatchRequests (WatchRequests.java:updateIndex(150)) - s0@group-E525AA2370AC-WatchRequests: update MAJORITY_COMMITTED index from 2 to 3
2024-01-25 07:58:16,493 [s2@group-E525AA2370AC-StateMachineUpdater] INFO  impl.SimpleStateMachine4Testing (SimpleStateMachine4Testing.java:put(205)) - s2: put 3, m0 -> (t:1, i:3), STATEMACHINELOGENTRY, 271@client-44EF9202E0DA
2024-01-25 07:58:16,493 [grpc-default-executor-3] DEBUG impl.WatchRequests (WatchRequests.java:updateIndex(160)) - s0@group-E525AA2370AC-WatchRequests: complete Watch-MAJORITY_COMMITTED(3)@44.239s?NOT_DONE
2024-01-25 07:58:16,494 [s0@group-E525AA2370AC-LeaderStateImpl] DEBUG impl.WatchRequests (WatchRequests.java:updateIndex(150)) - s0@group-E525AA2370AC-WatchRequests: update MAJORITY index from 4 to 8
2024-01-25 07:58:16,494 [s0@group-E525AA2370AC-StateMachineUpdater] INFO  impl.SimpleStateMachine4Testing (SimpleStateMachine4Testing.java:applyTransaction(248)) - applyTransaction for log index 5
2024-01-25 07:58:16,494 [s0@group-E525AA2370AC-StateMachineUpdater] INFO  impl.SimpleStateMachine4Testing (SimpleStateMachine4Testing.java:put(205)) - s0: put 5, m2 -> (t:1, i:5), STATEMACHINELOGENTRY, 273@client-44EF9202E0DA
2024-01-25 07:58:16,494 [s1-server-thread2] DEBUG server.RaftServer$Division (RaftServerImpl.java:logAppendEntries(1520)) - s1@group-E525AA2370AC: receive appendEntries(s0, 1, (t:1, i:14), 8, false, commits:[s0:c8, s1:c2, s2:c3], cId:51, entries: [(t:1, i:15), METADATAENTRY(c:8)]
2024-01-25 07:58:16,494 [s0@group-E525AA2370AC-StateMachineUpdater] INFO  impl.SimpleStateMachine4Testing (SimpleStateMachine4Testing.java:applyTransaction(248)) - applyTransaction for log index 7
2024-01-25 07:58:16,494 [s0@group-E525AA2370AC-StateMachineUpdater] INFO  impl.SimpleStateMachine4Testing (SimpleStateMachine4Testing.java:put(205)) - s0: put 7, m3 -> (t:1, i:7), STATEMACHINELOGENTRY, 274@client-44EF9202E0DA
2024-01-25 07:58:16,494 [s0@group-E525AA2370AC-StateMachineUpdater] INFO  impl.SimpleStateMachine4Testing (SimpleStateMachine4Testing.java:applyTransaction(248)) - applyTransaction for log index 8
2024-01-25 07:58:16,494 [s0@group-E525AA2370AC-StateMachineUpdater] INFO  impl.SimpleStateMachine4Testing (SimpleStateMachine4Testing.java:put(205)) - s0: put 8, m4 -> (t:1, i:8), STATEMACHINELOGENTRY, 275@client-44EF9202E0DA
2024-01-25 07:58:16,495 [s0-client-thread1] DEBUG server.RaftServer$Division (RaftServerImpl.java:submitClientRequestAsync(880)) - s0@group-E525AA2370AC: receive client request(RaftClientRequest:client-44EF9202E0DA->s0@group-E525AA2370AC, cid=288, seq=null, Watch-ALL_COMMITTED(4), Message:<EMPTY>)
2024-01-25 07:58:16,495 [ForkJoinPool.commonPool-worker-1] DEBUG impl.UnorderedAsync (UnorderedAsync.java:lambda$sendRequestWithRetry$4(83)) - client-44EF9202E0DA: attempt #1 receive~ RaftClientReply:client-44EF9202E0DA->s0@group-E525AA2370AC, cid=283, SUCCESS, logIndex=3, commits[s0:c4, s1:c2, s2:c3]
2024-01-25 07:58:16,495 [grpc-default-executor-1] DEBUG client.RaftClient (RaftClientImpl.java:add(146)) - client-44EF9202E0DA: add replied callId 273
2024-01-25 07:58:16,495 [Time-limited test] INFO  grpc.TestWatchRequestWithGrpc (WatchRequestTests.java:get(214)) - majorityCommitted-Watch(3) returns RaftClientReply:client-44EF9202E0DA->s0@group-E525AA2370AC, cid=283, SUCCESS, logIndex=3, commits[s0:c4, s1:c2, s2:c3]
2024-01-25 07:58:16,495 [grpc-default-executor-1] INFO  grpc.TestWatchRequestWithGrpc (WatchRequestTests.java:lambda$sendRequests$0(113)) - SEND_WATCH: message=m2, logIndex=5
2024-01-25 07:58:16,495 [s0-client-thread1] DEBUG server.RaftServer$Division (LeaderStateImpl.java:addWatchRequest(552)) - s0@group-E525AA2370AC-LeaderStateImpl: addWatchRequest RaftClientRequest:client-44EF9202E0DA->s0@group-E525AA2370AC, cid=288, seq=null, Watch-ALL_COMMITTED(4), Message:<EMPTY>
2024-01-25 07:58:16,495 [s2-server-thread2] DEBUG server.RaftServer$Division (RaftServerImpl.java:logAppendEntries(1520)) - s2@group-E525AA2370AC: receive appendEntries(s0, 1, (t:1, i:8), 3, false, commits:[s0:c3, s1:c2, s2:c2], cId:37, entries: [(t:1, i:9), STATEMACHINELOGENTRY, 276@client-44EF9202E0DA, (t:1, i:10), STATEMACHINELOGENTRY, 277@client-44EF9202E0DA]
2024-01-25 07:58:16,495 [grpc-default-executor-1] DEBUG client.RaftClient (RaftClientImpl.java:get(158)) - client-44EF9202E0DA: get 289 returns [273]
2024-01-25 07:58:16,495 [Time-limited test] INFO  grpc.TestWatchRequestWithGrpc (WatchRequestTests.java:checkMajority(275)) - checkMajority 1: receive RaftClientReply:client-44EF9202E0DA->s0@group-E525AA2370AC, cid=272, SUCCESS, logIndex=4, commits[s0:c4, s1:c2, s2:c2]
2024-01-25 07:58:16,495 [grpc-default-executor-1] DEBUG client.RaftClient (RaftClientImpl.java:newRequest(95)) - attempt #1, newRequest RaftClientRequest:client-44EF9202E0DA->s0@group-E525AA2370AC, cid=289, seq=null, Watch(5), null
2024-01-25 07:58:16,496 [Time-limited test] INFO  grpc.TestWatchRequestWithGrpc (WatchRequestTests.java:get(214)) - majority-Watch(4) returns RaftClientReply:client-44EF9202E0DA->s0@group-E525AA2370AC, cid=285, SUCCESS, logIndex=4, commits[s0:c4, s1:c2, s2:c2]
2024-01-25 07:58:16,496 [grpc-default-executor-1] DEBUG impl.UnorderedAsync (UnorderedAsync.java:sendRequestWithRetry(80)) - client-44EF9202E0DA: attempt #1 send~ RaftClientRequest:client-44EF9202E0DA->s0@group-E525AA2370AC, cid=289, seq=null, Watch(5), null
2024-01-25 07:58:16,496 [grpc-default-executor-1] DEBUG client.RaftClient (RaftClientImpl.java:get(158)) - client-44EF9202E0DA: get 290 returns []
2024-01-25 07:58:16,496 [grpc-default-executor-1] DEBUG client.RaftClient (RaftClientImpl.java:newRequest(95)) - attempt #1, newRequest RaftClientRequest:client-44EF9202E0DA->s0@group-E525AA2370AC, cid=290, seq=null, Watch-ALL(5), null
2024-01-25 07:58:16,496 [grpc-default-executor-1] DEBUG impl.UnorderedAsync (UnorderedAsync.java:sendRequestWithRetry(80)) - client-44EF9202E0DA: attempt #1 send~ RaftClientRequest:client-44EF9202E0DA->s0@group-E525AA2370AC, cid=290, seq=null, Watch-ALL(5), null
2024-01-25 07:58:16,496 [grpc-default-executor-1] DEBUG client.RaftClient (RaftClientImpl.java:get(158)) - client-44EF9202E0DA: get 291 returns []
2024-01-25 07:58:16,496 [s2-server-thread1] DEBUG server.RaftServer$Division (RaftServerImpl.java:logAppendEntries(1520)) - s2@group-E525AA2370AC: succeeded to handle AppendEntries. Reply: s0<-s2#37:OK-t1,SUCCESS,nextIndex=11,followerCommit=3,matchIndex=10
2024-01-25 07:58:16,496 [grpc-default-executor-1] DEBUG client.RaftClient (RaftClientImpl.java:newRequest(95)) - attempt #1, newRequest RaftClientRequest:client-44EF9202E0DA->s0@group-E525AA2370AC, cid=291, seq=null, Watch-MAJORITY_COMMITTED(5), null
2024-01-25 07:58:16,496 [grpc-default-executor-1] DEBUG impl.UnorderedAsync (UnorderedAsync.java:sendRequestWithRetry(80)) - client-44EF9202E0DA: attempt #1 send~ RaftClientRequest:client-44EF9202E0DA->s0@group-E525AA2370AC, cid=291, seq=null, Watch-MAJORITY_COMMITTED(5), null
2024-01-25 07:58:16,497 [grpc-default-executor-1] DEBUG client.RaftClient (RaftClientImpl.java:get(158)) - client-44EF9202E0DA: get 292 returns []
2024-01-25 07:58:16,497 [grpc-default-executor-1] DEBUG client.RaftClient (RaftClientImpl.java:newRequest(95)) - attempt #1, newRequest RaftClientRequest:client-44EF9202E0DA->s0@group-E525AA2370AC, cid=292, seq=null, Watch-ALL_COMMITTED(5), null
2024-01-25 07:58:16,497 [grpc-default-executor-1] DEBUG impl.UnorderedAsync (UnorderedAsync.java:sendRequestWithRetry(80)) - client-44EF9202E0DA: attempt #1 send~ RaftClientRequest:client-44EF9202E0DA->s0@group-E525AA2370AC, cid=292, seq=null, Watch-ALL_COMMITTED(5), null
2024-01-25 07:58:16,497 [s0@group-E525AA2370AC-StateMachineUpdater] INFO  impl.SimpleStateMachine4Testing (SimpleStateMachine4Testing.java:applyTransaction(248)) - applyTransaction for log index 9
2024-01-25 07:58:16,497 [s0@group-E525AA2370AC-StateMachineUpdater] INFO  impl.SimpleStateMachine4Testing (SimpleStateMachine4Testing.java:put(205)) - s0: put 9, m5 -> (t:1, i:9), STATEMACHINELOGENTRY, 276@client-44EF9202E0DA
2024-01-25 07:58:16,497 [s0@group-E525AA2370AC-LeaderStateImpl] DEBUG impl.WatchRequests (WatchRequests.java:updateIndex(150)) - s0@group-E525AA2370AC-WatchRequests: update MAJORITY index from 8 to 10
2024-01-25 07:58:16,497 [s0@group-E525AA2370AC-StateMachineUpdater] INFO  impl.SimpleStateMachine4Testing (SimpleStateMachine4Testing.java:applyTransaction(248)) - applyTransaction for log index 10
2024-01-25 07:58:16,497 [s0@group-E525AA2370AC-StateMachineUpdater] INFO  impl.SimpleStateMachine4Testing (SimpleStateMachine4Testing.java:put(205)) - s0: put 10, m6 -> (t:1, i:10), STATEMACHINELOGENTRY, 277@client-44EF9202E0DA
2024-01-25 07:58:16,498 [grpc-default-executor-1] DEBUG client.RaftClient (RaftClientImpl.java:add(146)) - client-44EF9202E0DA: add replied callId 274
2024-01-25 07:58:16,498 [grpc-default-executor-1] INFO  grpc.TestWatchRequestWithGrpc (WatchRequestTests.java:lambda$sendRequests$0(113)) - SEND_WATCH: message=m3, logIndex=7
2024-01-25 07:58:16,498 [grpc-default-executor-1] DEBUG client.RaftClient (RaftClientImpl.java:get(158)) - client-44EF9202E0DA: get 293 returns [274]
2024-01-25 07:58:16,498 [grpc-default-executor-1] DEBUG client.RaftClient (RaftClientImpl.java:newRequest(95)) - attempt #1, newRequest RaftClientRequest:client-44EF9202E0DA->s0@group-E525AA2370AC, cid=293, seq=null, Watch(7), null
2024-01-25 07:58:16,498 [grpc-default-executor-1] DEBUG impl.UnorderedAsync (UnorderedAsync.java:sendRequestWithRetry(80)) - client-44EF9202E0DA: attempt #1 send~ RaftClientRequest:client-44EF9202E0DA->s0@group-E525AA2370AC, cid=293, seq=null, Watch(7), null
2024-01-25 07:58:16,498 [grpc-default-executor-1] DEBUG client.RaftClient (RaftClientImpl.java:get(158)) - client-44EF9202E0DA: get 294 returns []
2024-01-25 07:58:16,498 [grpc-default-executor-1] DEBUG client.RaftClient (RaftClientImpl.java:newRequest(95)) - attempt #1, newRequest RaftClientRequest:client-44EF9202E0DA->s0@group-E525AA2370AC, cid=294, seq=null, Watch-ALL(7), null
2024-01-25 07:58:16,498 [grpc-default-executor-1] DEBUG impl.UnorderedAsync (UnorderedAsync.java:sendRequestWithRetry(80)) - client-44EF9202E0DA: attempt #1 send~ RaftClientRequest:client-44EF9202E0DA->s0@group-E525AA2370AC, cid=294, seq=null, Watch-ALL(7), null
2024-01-25 07:58:16,498 [grpc-default-executor-1] DEBUG client.RaftClient (RaftClientImpl.java:get(158)) - client-44EF9202E0DA: get 295 returns []
2024-01-25 07:58:16,498 [grpc-default-executor-1] DEBUG client.RaftClient (RaftClientImpl.java:newRequest(95)) - attempt #1, newRequest RaftClientRequest:client-44EF9202E0DA->s0@group-E525AA2370AC, cid=295, seq=null, Watch-MAJORITY_COMMITTED(7), null
2024-01-25 07:58:16,498 [grpc-default-executor-1] DEBUG impl.UnorderedAsync (UnorderedAsync.java:sendRequestWithRetry(80)) - client-44EF9202E0DA: attempt #1 send~ RaftClientRequest:client-44EF9202E0DA->s0@group-E525AA2370AC, cid=295, seq=null, Watch-MAJORITY_COMMITTED(7), null
2024-01-25 07:58:16,499 [grpc-default-executor-1] DEBUG client.RaftClient (RaftClientImpl.java:get(158)) - client-44EF9202E0DA: get 296 returns []
2024-01-25 07:58:16,499 [grpc-default-executor-1] DEBUG client.RaftClient (RaftClientImpl.java:newRequest(95)) - attempt #1, newRequest RaftClientRequest:client-44EF9202E0DA->s0@group-E525AA2370AC, cid=296, seq=null, Watch-ALL_COMMITTED(7), null
2024-01-25 07:58:16,499 [grpc-default-executor-1] DEBUG impl.UnorderedAsync (UnorderedAsync.java:sendRequestWithRetry(80)) - client-44EF9202E0DA: attempt #1 send~ RaftClientRequest:client-44EF9202E0DA->s0@group-E525AA2370AC, cid=296, seq=null, Watch-ALL_COMMITTED(7), null
2024-01-25 07:58:16,496 [s2-server-thread2] DEBUG server.RaftServer$Division (RaftServerImpl.java:logAppendEntries(1520)) - s2@group-E525AA2370AC: receive appendEntries(s0, 1, (t:1, i:10), 3, false, commits:[s0:c3, s1:c2, s2:c2], cId:39, entries: [(t:1, i:11), STATEMACHINELOGENTRY, 278@client-44EF9202E0DA]
2024-01-25 07:58:16,499 [grpc-default-executor-1] DEBUG client.RaftClient (RaftClientImpl.java:add(146)) - client-44EF9202E0DA: add replied callId 275
2024-01-25 07:58:16,497 [s0-client-thread1] DEBUG server.RaftServer$Division (RaftServerImpl.java:submitClientRequestAsync(880)) - s0@group-E525AA2370AC: receive client request(RaftClientRequest:client-44EF9202E0DA->s0@group-E525AA2370AC, cid=289, seq=null, Watch(5), Message:<EMPTY>)
2024-01-25 07:58:16,499 [grpc-default-executor-1] INFO  grpc.TestWatchRequestWithGrpc (WatchRequestTests.java:lambda$sendRequests$0(113)) - SEND_WATCH: message=m4, logIndex=8
2024-01-25 07:58:16,499 [s0-client-thread1] DEBUG server.RaftServer$Division (LeaderStateImpl.java:addWatchRequest(552)) - s0@group-E525AA2370AC-LeaderStateImpl: addWatchRequest RaftClientRequest:client-44EF9202E0DA->s0@group-E525AA2370AC, cid=289, seq=null, Watch(5), Message:<EMPTY>
2024-01-25 07:58:16,499 [grpc-default-executor-1] DEBUG client.RaftClient (RaftClientImpl.java:get(158)) - client-44EF9202E0DA: get 297 returns [275]
2024-01-25 07:58:16,500 [grpc-default-executor-1] DEBUG client.RaftClient (RaftClientImpl.java:newRequest(95)) - attempt #1, newRequest RaftClientRequest:client-44EF9202E0DA->s0@group-E525AA2370AC, cid=297, seq=null, Watch(8), null
2024-01-25 07:58:16,500 [s2-server-thread2] DEBUG server.RaftServer$Division (RaftServerImpl.java:logAppendEntries(1520)) - s2@group-E525AA2370AC: succeeded to handle AppendEntries. Reply: s0<-s2#39:OK-t1,SUCCESS,nextIndex=12,followerCommit=3,matchIndex=11
2024-01-25 07:58:16,500 [grpc-default-executor-1] DEBUG impl.UnorderedAsync (UnorderedAsync.java:sendRequestWithRetry(80)) - client-44EF9202E0DA: attempt #1 send~ RaftClientRequest:client-44EF9202E0DA->s0@group-E525AA2370AC, cid=297, seq=null, Watch(8), null
2024-01-25 07:58:16,500 [s1-server-thread2] DEBUG server.RaftServer$Division (RaftServerImpl.java:logAppendEntries(1520)) - s1@group-E525AA2370AC: receive appendEntries(s0, 1, (t:1, i:15), 10, false, commits:[s0:c10, s1:c2, s2:c3], cId:52, entries: [(t:1, i:16), METADATAENTRY(c:10)]
2024-01-25 07:58:16,500 [grpc-default-executor-1] DEBUG client.RaftClient (RaftClientImpl.java:get(158)) - client-44EF9202E0DA: get 298 returns []
2024-01-25 07:58:16,500 [grpc-default-executor-1] DEBUG client.RaftClient (RaftClientImpl.java:newRequest(95)) - attempt #1, newRequest RaftClientRequest:client-44EF9202E0DA->s0@group-E525AA2370AC, cid=298, seq=null, Watch-ALL(8), null
2024-01-25 07:58:16,500 [grpc-default-executor-1] DEBUG impl.UnorderedAsync (UnorderedAsync.java:sendRequestWithRetry(80)) - client-44EF9202E0DA: attempt #1 send~ RaftClientRequest:client-44EF9202E0DA->s0@group-E525AA2370AC, cid=298, seq=null, Watch-ALL(8), null
2024-01-25 07:58:16,500 [s0@group-E525AA2370AC-StateMachineUpdater] INFO  impl.SimpleStateMachine4Testing (SimpleStateMachine4Testing.java:applyTransaction(248)) - applyTransaction for log index 11
2024-01-25 07:58:16,500 [grpc-default-executor-1] DEBUG client.RaftClient (RaftClientImpl.java:get(158)) - client-44EF9202E0DA: get 299 returns []
2024-01-25 07:58:16,500 [grpc-default-executor-1] DEBUG client.RaftClient (RaftClientImpl.java:newRequest(95)) - attempt #1, newRequest RaftClientRequest:client-44EF9202E0DA->s0@group-E525AA2370AC, cid=299, seq=null, Watch-MAJORITY_COMMITTED(8), null
2024-01-25 07:58:16,500 [grpc-default-executor-1] DEBUG impl.UnorderedAsync (UnorderedAsync.java:sendRequestWithRetry(80)) - client-44EF9202E0DA: attempt #1 send~ RaftClientRequest:client-44EF9202E0DA->s0@group-E525AA2370AC, cid=299, seq=null, Watch-MAJORITY_COMMITTED(8), null
2024-01-25 07:58:16,501 [ForkJoinPool.commonPool-worker-1] DEBUG impl.UnorderedAsync (UnorderedAsync.java:lambda$sendRequestWithRetry$4(83)) - client-44EF9202E0DA: attempt #1 receive~ RaftClientReply:client-44EF9202E0DA->s0@group-E525AA2370AC, cid=289, SUCCESS, logIndex=10, commits[s0:c10, s1:c2, s2:c3]
2024-01-25 07:58:16,501 [grpc-default-executor-1] DEBUG client.RaftClient (RaftClientImpl.java:get(158)) - client-44EF9202E0DA: get 300 returns []
2024-01-25 07:58:16,501 [grpc-default-executor-1] DEBUG client.RaftClient (RaftClientImpl.java:newRequest(95)) - attempt #1, newRequest RaftClientRequest:client-44EF9202E0DA->s0@group-E525AA2370AC, cid=300, seq=null, Watch-ALL_COMMITTED(8), null
2024-01-25 07:58:16,501 [grpc-default-executor-1] DEBUG impl.UnorderedAsync (UnorderedAsync.java:sendRequestWithRetry(80)) - client-44EF9202E0DA: attempt #1 send~ RaftClientRequest:client-44EF9202E0DA->s0@group-E525AA2370AC, cid=300, seq=null, Watch-ALL_COMMITTED(8), null
2024-01-25 07:58:16,500 [s0-client-thread1] DEBUG server.RaftServer$Division (RaftServerImpl.java:submitClientRequestAsync(880)) - s0@group-E525AA2370AC: receive client request(RaftClientRequest:client-44EF9202E0DA->s0@group-E525AA2370AC, cid=290, seq=null, Watch-ALL(5), Message:<EMPTY>)
2024-01-25 07:58:16,501 [grpc-default-executor-1] DEBUG client.RaftClient (RaftClientImpl.java:add(146)) - client-44EF9202E0DA: add replied callId 276
2024-01-25 07:58:16,501 [s0-client-thread1] DEBUG server.RaftServer$Division (LeaderStateImpl.java:addWatchRequest(552)) - s0@group-E525AA2370AC-LeaderStateImpl: addWatchRequest RaftClientRequest:client-44EF9202E0DA->s0@group-E525AA2370AC, cid=290, seq=null, Watch-ALL(5), Message:<EMPTY>
2024-01-25 07:58:16,501 [grpc-default-executor-1] INFO  grpc.TestWatchRequestWithGrpc (WatchRequestTests.java:lambda$sendRequests$0(113)) - SEND_WATCH: message=m5, logIndex=9
2024-01-25 07:58:16,500 [s0@group-E525AA2370AC-LeaderStateImpl] DEBUG impl.WatchRequests (WatchRequests.java:updateIndex(150)) - s0@group-E525AA2370AC-WatchRequests: update MAJORITY index from 10 to 11
2024-01-25 07:58:16,501 [s0-client-thread1] DEBUG server.RaftServer$Division (RaftServerImpl.java:submitClientRequestAsync(880)) - s0@group-E525AA2370AC: receive client request(RaftClientRequest:client-44EF9202E0DA->s0@group-E525AA2370AC, cid=291, seq=null, Watch-MAJORITY_COMMITTED(5), Message:<EMPTY>)
2024-01-25 07:58:16,501 [grpc-default-executor-1] DEBUG client.RaftClient (RaftClientImpl.java:get(158)) - client-44EF9202E0DA: get 301 returns [276]
2024-01-25 07:58:16,500 [s0@group-E525AA2370AC-StateMachineUpdater] INFO  impl.SimpleStateMachine4Testing (SimpleStateMachine4Testing.java:put(205)) - s0: put 11, m7 -> (t:1, i:11), STATEMACHINELOGENTRY, 278@client-44EF9202E0DA
2024-01-25 07:58:16,500 [s2-server-thread2] DEBUG server.RaftServer$Division (RaftServerImpl.java:logAppendEntries(1520)) - s2@group-E525AA2370AC: receive appendEntries(s0, 1, (t:1, i:11), 4, false, commits:[s0:c4, s1:c2, s2:c2], cId:41, entries: [(t:1, i:12), METADATAENTRY(c:4)]
2024-01-25 07:58:16,502 [grpc-default-executor-1] DEBUG client.RaftClient (RaftClientImpl.java:newRequest(95)) - attempt #1, newRequest RaftClientRequest:client-44EF9202E0DA->s0@group-E525AA2370AC, cid=301, seq=null, Watch(9), null
2024-01-25 07:58:16,502 [s0-client-thread1] DEBUG server.RaftServer$Division (LeaderStateImpl.java:addWatchRequest(552)) - s0@group-E525AA2370AC-LeaderStateImpl: addWatchRequest RaftClientRequest:client-44EF9202E0DA->s0@group-E525AA2370AC, cid=291, seq=null, Watch-MAJORITY_COMMITTED(5), Message:<EMPTY>
2024-01-25 07:58:16,502 [s2-server-thread1] DEBUG server.RaftServer$Division (RaftServerImpl.java:logAppendEntries(1520)) - s2@group-E525AA2370AC: succeeded to handle AppendEntries. Reply: s0<-s2#41:OK-t1,SUCCESS,nextIndex=13,followerCommit=4,matchIndex=12
2024-01-25 07:58:16,502 [s2-server-thread2] DEBUG server.RaftServer$Division (RaftServerImpl.java:logAppendEntries(1520)) - s2@group-E525AA2370AC: receive appendEntries(s0, 1, (t:1, i:12), 4, false, commits:[s0:c4, s1:c2, s2:c2], cId:42, entries: [(t:1, i:13), STATEMACHINELOGENTRY, 279@client-44EF9202E0DA]
2024-01-25 07:58:16,502 [s2@group-E525AA2370AC-StateMachineUpdater] INFO  impl.SimpleStateMachine4Testing (SimpleStateMachine4Testing.java:applyTransaction(248)) - applyTransaction for log index 4
2024-01-25 07:58:16,502 [s2@group-E525AA2370AC-StateMachineUpdater] INFO  impl.SimpleStateMachine4Testing (SimpleStateMachine4Testing.java:put(205)) - s2: put 4, m1 -> (t:1, i:4), STATEMACHINELOGENTRY, 272@client-44EF9202E0DA
2024-01-25 07:58:16,502 [grpc-default-executor-5] DEBUG impl.WatchRequests (WatchRequests.java:updateIndex(150)) - s0@group-E525AA2370AC-WatchRequests: update MAJORITY_COMMITTED index from 3 to 4
2024-01-25 07:58:16,502 [grpc-default-executor-5] DEBUG impl.WatchRequests (WatchRequests.java:updateIndex(160)) - s0@group-E525AA2370AC-WatchRequests: complete Watch-MAJORITY_COMMITTED(4)@44.239s?NOT_DONE
2024-01-25 07:58:16,502 [grpc-default-executor-1] DEBUG impl.UnorderedAsync (UnorderedAsync.java:sendRequestWithRetry(80)) - client-44EF9202E0DA: attempt #1 send~ RaftClientRequest:client-44EF9202E0DA->s0@group-E525AA2370AC, cid=301, seq=null, Watch(9), null
2024-01-25 07:58:16,503 [s0@group-E525AA2370AC-LeaderStateImpl] DEBUG impl.WatchRequests (WatchRequests.java:updateIndex(150)) - s0@group-E525AA2370AC-WatchRequests: update MAJORITY index from 11 to 12
2024-01-25 07:58:16,503 [s0-client-thread1] DEBUG server.RaftServer$Division (RaftServerImpl.java:submitClientRequestAsync(880)) - s0@group-E525AA2370AC: receive client request(RaftClientRequest:client-44EF9202E0DA->s0@group-E525AA2370AC, cid=292, seq=null, Watch-ALL_COMMITTED(5), Message:<EMPTY>)
2024-01-25 07:58:16,503 [s0-client-thread1] DEBUG server.RaftServer$Division (LeaderStateImpl.java:addWatchRequest(552)) - s0@group-E525AA2370AC-LeaderStateImpl: addWatchRequest RaftClientRequest:client-44EF9202E0DA->s0@group-E525AA2370AC, cid=292, seq=null, Watch-ALL_COMMITTED(5), Message:<EMPTY>
2024-01-25 07:58:16,503 [ForkJoinPool.commonPool-worker-1] DEBUG impl.UnorderedAsync (UnorderedAsync.java:lambda$sendRequestWithRetry$4(83)) - client-44EF9202E0DA: attempt #1 receive~ RaftClientReply:client-44EF9202E0DA->s0@group-E525AA2370AC, cid=287, SUCCESS, logIndex=4, commits[s0:c11, s1:c2, s2:c4]
2024-01-25 07:58:16,503 [grpc-default-executor-1] DEBUG client.RaftClient (RaftClientImpl.java:get(158)) - client-44EF9202E0DA: get 302 returns []
2024-01-25 07:58:16,503 [s0-client-thread1] DEBUG server.RaftServer$Division (RaftServerImpl.java:submitClientRequestAsync(880)) - s0@group-E525AA2370AC: receive client request(RaftClientRequest:client-44EF9202E0DA->s0@group-E525AA2370AC, cid=293, seq=null, Watch(7), Message:<EMPTY>)
2024-01-25 07:58:16,503 [s2-server-thread1] DEBUG server.RaftServer$Division (RaftServerImpl.java:logAppendEntries(1520)) - s2@group-E525AA2370AC: succeeded to handle AppendEntries. Reply: s0<-s2#42:OK-t1,SUCCESS,nextIndex=14,followerCommit=4,matchIndex=13
2024-01-25 07:58:16,503 [grpc-default-executor-1] DEBUG client.RaftClient (RaftClientImpl.java:newRequest(95)) - attempt #1, newRequest RaftClientRequest:client-44EF9202E0DA->s0@group-E525AA2370AC, cid=302, seq=null, Watch-ALL(9), null
2024-01-25 07:58:16,503 [grpc-default-executor-1] DEBUG impl.UnorderedAsync (UnorderedAsync.java:sendRequestWithRetry(80)) - client-44EF9202E0DA: attempt #1 send~ RaftClientRequest:client-44EF9202E0DA->s0@group-E525AA2370AC, cid=302, seq=null, Watch-ALL(9), null
2024-01-25 07:58:16,503 [Time-limited test] INFO  grpc.TestWatchRequestWithGrpc (WatchRequestTests.java:get(214)) - majorityCommitted-Watch(4) returns RaftClientReply:client-44EF9202E0DA->s0@group-E525AA2370AC, cid=287, SUCCESS, logIndex=4, commits[s0:c11, s1:c2, s2:c4]
2024-01-25 07:58:16,503 [grpc-default-executor-1] DEBUG client.RaftClient (RaftClientImpl.java:get(158)) - client-44EF9202E0DA: get 303 returns []
2024-01-25 07:58:16,504 [Time-limited test] INFO  grpc.TestWatchRequestWithGrpc (WatchRequestTests.java:checkMajority(275)) - checkMajority 2: receive RaftClientReply:client-44EF9202E0DA->s0@group-E525AA2370AC, cid=273, SUCCESS, logIndex=5, commits[s0:c8, s1:c2, s2:c3]
2024-01-25 07:58:16,504 [s0@group-E525AA2370AC-LeaderStateImpl] DEBUG impl.WatchRequests (WatchRequests.java:updateIndex(150)) - s0@group-E525AA2370AC-WatchRequests: update MAJORITY index from 12 to 13
2024-01-25 07:58:16,504 [s0@group-E525AA2370AC-StateMachineUpdater] INFO  impl.SimpleStateMachine4Testing (SimpleStateMachine4Testing.java:applyTransaction(248)) - applyTransaction for log index 13
2024-01-25 07:58:16,504 [grpc-default-executor-1] DEBUG client.RaftClient (RaftClientImpl.java:newRequest(95)) - attempt #1, newRequest RaftClientRequest:client-44EF9202E0DA->s0@group-E525AA2370AC, cid=303, seq=null, Watch-MAJORITY_COMMITTED(9), null
2024-01-25 07:58:16,504 [grpc-default-executor-1] DEBUG impl.UnorderedAsync (UnorderedAsync.java:sendRequestWithRetry(80)) - client-44EF9202E0DA: attempt #1 send~ RaftClientRequest:client-44EF9202E0DA->s0@group-E525AA2370AC, cid=303, seq=null, Watch-MAJORITY_COMMITTED(9), null
2024-01-25 07:58:16,503 [s2-server-thread1] DEBUG server.RaftServer$Division (RaftServerImpl.java:logAppendEntries(1520)) - s2@group-E525AA2370AC: receive appendEntries(s0, 1, (t:1, i:13), 4, false, commits:[s0:c4, s1:c2, s2:c2], cId:43, entries: [(t:1, i:14), STATEMACHINELOGENTRY, 280@client-44EF9202E0DA]
2024-01-25 07:58:16,503 [s0-client-thread1] DEBUG server.RaftServer$Division (LeaderStateImpl.java:addWatchRequest(552)) - s0@group-E525AA2370AC-LeaderStateImpl: addWatchRequest RaftClientRequest:client-44EF9202E0DA->s0@group-E525AA2370AC, cid=293, seq=null, Watch(7), Message:<EMPTY>
2024-01-25 07:58:16,504 [grpc-default-executor-1] DEBUG client.RaftClient (RaftClientImpl.java:get(158)) - client-44EF9202E0DA: get 304 returns []
2024-01-25 07:58:16,504 [s0@group-E525AA2370AC-StateMachineUpdater] INFO  impl.SimpleStateMachine4Testing (SimpleStateMachine4Testing.java:put(205)) - s0: put 13, m8 -> (t:1, i:13), STATEMACHINELOGENTRY, 279@client-44EF9202E0DA
2024-01-25 07:58:16,504 [Time-limited test] INFO  grpc.TestWatchRequestWithGrpc (WatchRequestTests.java:get(214)) - majority-Watch(5) returns RaftClientReply:client-44EF9202E0DA->s0@group-E525AA2370AC, cid=289, SUCCESS, logIndex=10, commits[s0:c10, s1:c2, s2:c3]
2024-01-25 07:58:16,504 [s2-server-thread1] DEBUG server.RaftServer$Division (RaftServerImpl.java:logAppendEntries(1520)) - s2@group-E525AA2370AC: succeeded to handle AppendEntries. Reply: s0<-s2#43:OK-t1,SUCCESS,nextIndex=15,followerCommit=4,matchIndex=14
2024-01-25 07:58:16,504 [grpc-default-executor-1] DEBUG client.RaftClient (RaftClientImpl.java:newRequest(95)) - attempt #1, newRequest RaftClientRequest:client-44EF9202E0DA->s0@group-E525AA2370AC, cid=304, seq=null, Watch-ALL_COMMITTED(9), null
2024-01-25 07:58:16,505 [s0-client-thread1] DEBUG server.RaftServer$Division (RaftServerImpl.java:submitClientRequestAsync(880)) - s0@group-E525AA2370AC: receive client request(RaftClientRequest:client-44EF9202E0DA->s0@group-E525AA2370AC, cid=294, seq=null, Watch-ALL(7), Message:<EMPTY>)
2024-01-25 07:58:16,505 [grpc-default-executor-1] DEBUG impl.UnorderedAsync (UnorderedAsync.java:sendRequestWithRetry(80)) - client-44EF9202E0DA: attempt #1 send~ RaftClientRequest:client-44EF9202E0DA->s0@group-E525AA2370AC, cid=304, seq=null, Watch-ALL_COMMITTED(9), null
2024-01-25 07:58:16,505 [s2-server-thread1] DEBUG server.RaftServer$Division (RaftServerImpl.java:logAppendEntries(1520)) - s2@group-E525AA2370AC: receive appendEntries(s0, 1, (t:1, i:14), 8, false, commits:[s0:c8, s1:c2, s2:c3], cId:44, entries: [(t:1, i:15), METADATAENTRY(c:8)]
2024-01-25 07:58:16,505 [ForkJoinPool.commonPool-worker-1] DEBUG impl.UnorderedAsync (UnorderedAsync.java:lambda$sendRequestWithRetry$4(83)) - client-44EF9202E0DA: attempt #1 receive~ RaftClientReply:client-44EF9202E0DA->s0@group-E525AA2370AC, cid=293, SUCCESS, logIndex=13, commits[s0:c13, s1:c2, s2:c4]
2024-01-25 07:58:16,505 [s0@group-E525AA2370AC-LeaderStateImpl] DEBUG impl.WatchRequests (WatchRequests.java:updateIndex(150)) - s0@group-E525AA2370AC-WatchRequests: update MAJORITY index from 13 to 14
2024-01-25 07:58:16,505 [s0@group-E525AA2370AC-StateMachineUpdater] INFO  impl.SimpleStateMachine4Testing (SimpleStateMachine4Testing.java:applyTransaction(248)) - applyTransaction for log index 14
2024-01-25 07:58:16,505 [s0@group-E525AA2370AC-StateMachineUpdater] INFO  impl.SimpleStateMachine4Testing (SimpleStateMachine4Testing.java:put(205)) - s0: put 14, m9 -> (t:1, i:14), STATEMACHINELOGENTRY, 280@client-44EF9202E0DA
2024-01-25 07:58:16,505 [s0-client-thread1] DEBUG server.RaftServer$Division (LeaderStateImpl.java:addWatchRequest(552)) - s0@group-E525AA2370AC-LeaderStateImpl: addWatchRequest RaftClientRequest:client-44EF9202E0DA->s0@group-E525AA2370AC, cid=294, seq=null, Watch-ALL(7), Message:<EMPTY>
2024-01-25 07:58:16,506 [s2-server-thread1] DEBUG server.RaftServer$Division (RaftServerImpl.java:logAppendEntries(1520)) - s2@group-E525AA2370AC: receive appendEntries(s0, 1, (t:1, i:15), 10, false, commits:[s0:c10, s1:c2, s2:c3], cId:45, entries: [(t:1, i:16), METADATAENTRY(c:10)]
2024-01-25 07:58:16,506 [s2-server-thread1] DEBUG server.RaftServer$Division (RaftServerImpl.java:logAppendEntries(1520)) - s2@group-E525AA2370AC: receive appendEntries(s0, 1, (t:1, i:16), 11, false, commits:[s0:c11, s1:c2, s2:c3], cId:46, entries: [(t:1, i:17), METADATAENTRY(c:11)]
2024-01-25 07:58:16,506 [s0-client-thread1] DEBUG server.RaftServer$Division (RaftServerImpl.java:submitClientRequestAsync(880)) - s0@group-E525AA2370AC: receive client request(RaftClientRequest:client-44EF9202E0DA->s0@group-E525AA2370AC, cid=295, seq=null, Watch-MAJORITY_COMMITTED(7), Message:<EMPTY>)
2024-01-25 07:58:16,506 [grpc-default-executor-1] DEBUG client.RaftClient (RaftClientImpl.java:add(146)) - client-44EF9202E0DA: add replied callId 277
2024-01-25 07:58:16,506 [s2-server-thread1] DEBUG server.RaftServer$Division (RaftServerImpl.java:logAppendEntries(1520)) - s2@group-E525AA2370AC: succeeded to handle AppendEntries. Reply: s0<-s2#44:OK-t1,SUCCESS,nextIndex=16,followerCommit=8,matchIndex=15
2024-01-25 07:58:16,507 [grpc-default-executor-1] INFO  grpc.TestWatchRequestWithGrpc (WatchRequestTests.java:lambda$sendRequests$0(113)) - SEND_WATCH: message=m6, logIndex=10
2024-01-25 07:58:16,507 [grpc-default-executor-1] DEBUG client.RaftClient (RaftClientImpl.java:get(158)) - client-44EF9202E0DA: get 305 returns [277]
2024-01-25 07:58:16,507 [grpc-default-executor-1] DEBUG client.RaftClient (RaftClientImpl.java:newRequest(95)) - attempt #1, newRequest RaftClientRequest:client-44EF9202E0DA->s0@group-E525AA2370AC, cid=305, seq=null, Watch(10), null
2024-01-25 07:58:16,506 [s0-client-thread1] DEBUG server.RaftServer$Division (LeaderStateImpl.java:addWatchRequest(552)) - s0@group-E525AA2370AC-LeaderStateImpl: addWatchRequest RaftClientRequest:client-44EF9202E0DA->s0@group-E525AA2370AC, cid=295, seq=null, Watch-MAJORITY_COMMITTED(7), Message:<EMPTY>
2024-01-25 07:58:16,507 [s2-server-thread2] DEBUG server.RaftServer$Division (RaftServerImpl.java:logAppendEntries(1520)) - s2@group-E525AA2370AC: succeeded to handle AppendEntries. Reply: s0<-s2#45:OK-t1,SUCCESS,nextIndex=17,followerCommit=11,matchIndex=16
2024-01-25 07:58:16,507 [grpc-default-executor-1] DEBUG impl.UnorderedAsync (UnorderedAsync.java:sendRequestWithRetry(80)) - client-44EF9202E0DA: attempt #1 send~ RaftClientRequest:client-44EF9202E0DA->s0@group-E525AA2370AC, cid=305, seq=null, Watch(10), null
2024-01-25 07:58:16,507 [s2-server-thread3] DEBUG server.RaftServer$Division (RaftServerImpl.java:logAppendEntries(1520)) - s2@group-E525AA2370AC: receive appendEntries(s0, 1, (t:1, i:17), 13, false, commits:[s0:c13, s1:c2, s2:c4], cId:50, entries: [(t:1, i:18), METADATAENTRY(c:13)]
2024-01-25 07:58:16,507 [grpc-default-executor-1] DEBUG client.RaftClient (RaftClientImpl.java:get(158)) - client-44EF9202E0DA: get 306 returns []
2024-01-25 07:58:16,507 [s2-server-thread1] DEBUG server.RaftServer$Division (RaftServerImpl.java:logAppendEntries(1520)) - s2@group-E525AA2370AC: succeeded to handle AppendEntries. Reply: s0<-s2#46:OK-t1,SUCCESS,nextIndex=18,followerCommit=11,matchIndex=17
2024-01-25 07:58:16,507 [grpc-default-executor-5] DEBUG impl.WatchRequests (WatchRequests.java:updateIndex(150)) - s0@group-E525AA2370AC-WatchRequests: update MAJORITY_COMMITTED index from 4 to 8
2024-01-25 07:58:16,506 [s2@group-E525AA2370AC-StateMachineUpdater] INFO  impl.SimpleStateMachine4Testing (SimpleStateMachine4Testing.java:applyTransaction(248)) - applyTransaction for log index 5
2024-01-25 07:58:16,507 [grpc-default-executor-5] DEBUG impl.WatchRequests (WatchRequests.java:updateIndex(160)) - s0@group-E525AA2370AC-WatchRequests: complete Watch-MAJORITY_COMMITTED(5)@44.239s?NOT_DONE
2024-01-25 07:58:16,508 [s2@group-E525AA2370AC-StateMachineUpdater] INFO  impl.SimpleStateMachine4Testing (SimpleStateMachine4Testing.java:put(205)) - s2: put 5, m2 -> (t:1, i:5), STATEMACHINELOGENTRY, 273@client-44EF9202E0DA
2024-01-25 07:58:16,507 [grpc-default-executor-1] DEBUG client.RaftClient (RaftClientImpl.java:newRequest(95)) - attempt #1, newRequest RaftClientRequest:client-44EF9202E0DA->s0@group-E525AA2370AC, cid=306, seq=null, Watch-ALL(10), null
2024-01-25 07:58:16,508 [s2@group-E525AA2370AC-StateMachineUpdater] INFO  impl.SimpleStateMachine4Testing (SimpleStateMachine4Testing.java:applyTransaction(248)) - applyTransaction for log index 7
2024-01-25 07:58:16,508 [grpc-default-executor-1] DEBUG impl.UnorderedAsync (UnorderedAsync.java:sendRequestWithRetry(80)) - client-44EF9202E0DA: attempt #1 send~ RaftClientRequest:client-44EF9202E0DA->s0@group-E525AA2370AC, cid=306, seq=null, Watch-ALL(10), null
2024-01-25 07:58:16,508 [grpc-default-executor-1] DEBUG client.RaftClient (RaftClientImpl.java:get(158)) - client-44EF9202E0DA: get 307 returns []
2024-01-25 07:58:16,508 [s2@group-E525AA2370AC-StateMachineUpdater] INFO  impl.SimpleStateMachine4Testing (SimpleStateMachine4Testing.java:put(205)) - s2: put 7, m3 -> (t:1, i:7), STATEMACHINELOGENTRY, 274@client-44EF9202E0DA
2024-01-25 07:58:16,508 [s2@group-E525AA2370AC-StateMachineUpdater] INFO  impl.SimpleStateMachine4Testing (SimpleStateMachine4Testing.java:applyTransaction(248)) - applyTransaction for log index 8
2024-01-25 07:58:16,508 [s2@group-E525AA2370AC-StateMachineUpdater] INFO  impl.SimpleStateMachine4Testing (SimpleStateMachine4Testing.java:put(205)) - s2: put 8, m4 -> (t:1, i:8), STATEMACHINELOGENTRY, 275@client-44EF9202E0DA
2024-01-25 07:58:16,508 [s2@group-E525AA2370AC-StateMachineUpdater] INFO  impl.SimpleStateMachine4Testing (SimpleStateMachine4Testing.java:applyTransaction(248)) - applyTransaction for log index 9
2024-01-25 07:58:16,509 [s2@group-E525AA2370AC-StateMachineUpdater] INFO  impl.SimpleStateMachine4Testing (SimpleStateMachine4Testing.java:put(205)) - s2: put 9, m5 -> (t:1, i:9), STATEMACHINELOGENTRY, 276@client-44EF9202E0DA
2024-01-25 07:58:16,509 [s2@group-E525AA2370AC-StateMachineUpdater] INFO  impl.SimpleStateMachine4Testing (SimpleStateMachine4Testing.java:applyTransaction(248)) - applyTransaction for log index 10
2024-01-25 07:58:16,509 [s2@group-E525AA2370AC-StateMachineUpdater] INFO  impl.SimpleStateMachine4Testing (SimpleStateMachine4Testing.java:put(205)) - s2: put 10, m6 -> (t:1, i:10), STATEMACHINELOGENTRY, 277@client-44EF9202E0DA
2024-01-25 07:58:16,509 [s2@group-E525AA2370AC-StateMachineUpdater] INFO  impl.SimpleStateMachine4Testing (SimpleStateMachine4Testing.java:applyTransaction(248)) - applyTransaction for log index 11
2024-01-25 07:58:16,508 [grpc-default-executor-1] DEBUG client.RaftClient (RaftClientImpl.java:newRequest(95)) - attempt #1, newRequest RaftClientRequest:client-44EF9202E0DA->s0@group-E525AA2370AC, cid=307, seq=null, Watch-MAJORITY_COMMITTED(10), null
2024-01-25 07:58:16,508 [s0@group-E525AA2370AC-LeaderStateImpl] DEBUG impl.WatchRequests (WatchRequests.java:updateIndex(150)) - s0@group-E525AA2370AC-WatchRequests: update MAJORITY index from 14 to 15
2024-01-25 07:58:16,509 [s2@group-E525AA2370AC-StateMachineUpdater] INFO  impl.SimpleStateMachine4Testing (SimpleStateMachine4Testing.java:put(205)) - s2: put 11, m7 -> (t:1, i:11), STATEMACHINELOGENTRY, 278@client-44EF9202E0DA
2024-01-25 07:58:16,509 [grpc-default-executor-1] DEBUG impl.UnorderedAsync (UnorderedAsync.java:sendRequestWithRetry(80)) - client-44EF9202E0DA: attempt #1 send~ RaftClientRequest:client-44EF9202E0DA->s0@group-E525AA2370AC, cid=307, seq=null, Watch-MAJORITY_COMMITTED(10), null
2024-01-25 07:58:16,509 [grpc-default-executor-1] DEBUG client.RaftClient (RaftClientImpl.java:get(158)) - client-44EF9202E0DA: get 308 returns []
2024-01-25 07:58:16,509 [grpc-default-executor-1] DEBUG client.RaftClient (RaftClientImpl.java:newRequest(95)) - attempt #1, newRequest RaftClientRequest:client-44EF9202E0DA->s0@group-E525AA2370AC, cid=308, seq=null, Watch-ALL_COMMITTED(10), null
2024-01-25 07:58:16,510 [grpc-default-executor-1] DEBUG impl.UnorderedAsync (UnorderedAsync.java:sendRequestWithRetry(80)) - client-44EF9202E0DA: attempt #1 send~ RaftClientRequest:client-44EF9202E0DA->s0@group-E525AA2370AC, cid=308, seq=null, Watch-ALL_COMMITTED(10), null
2024-01-25 07:58:16,511 [ForkJoinPool.commonPool-worker-1] DEBUG impl.UnorderedAsync (UnorderedAsync.java:lambda$sendRequestWithRetry$4(83)) - client-44EF9202E0DA: attempt #1 receive~ RaftClientReply:client-44EF9202E0DA->s0@group-E525AA2370AC, cid=291, SUCCESS, logIndex=8, commits[s0:c14, s1:c2, s2:c8]
2024-01-25 07:58:16,511 [grpc-default-executor-1] DEBUG client.RaftClient (RaftClientImpl.java:add(146)) - client-44EF9202E0DA: add replied callId 278
2024-01-25 07:58:16,511 [Time-limited test] INFO  grpc.TestWatchRequestWithGrpc (WatchRequestTests.java:get(214)) - majorityCommitted-Watch(5) returns RaftClientReply:client-44EF9202E0DA->s0@group-E525AA2370AC, cid=291, SUCCESS, logIndex=8, commits[s0:c14, s1:c2, s2:c8]
2024-01-25 07:58:16,511 [s2@group-E525AA2370AC-StateMachineUpdater] INFO  impl.SimpleStateMachine4Testing (SimpleStateMachine4Testing.java:applyTransaction(248)) - applyTransaction for log index 13
2024-01-25 07:58:16,511 [grpc-default-executor-1] INFO  grpc.TestWatchRequestWithGrpc (WatchRequestTests.java:lambda$sendRequests$0(113)) - SEND_WATCH: message=m7, logIndex=11
2024-01-25 07:58:16,511 [grpc-default-executor-4] DEBUG impl.WatchRequests (WatchRequests.java:updateIndex(150)) - s0@group-E525AA2370AC-WatchRequests: update MAJORITY_COMMITTED index from 8 to 11
2024-01-25 07:58:16,511 [ForkJoinPool.commonPool-worker-1] DEBUG impl.UnorderedAsync (UnorderedAsync.java:lambda$sendRequestWithRetry$4(83)) - client-44EF9202E0DA: attempt #1 receive~ RaftClientReply:client-44EF9202E0DA->s0@group-E525AA2370AC, cid=295, SUCCESS, logIndex=8, commits[s0:c14, s1:c2, s2:c8]
2024-01-25 07:58:16,511 [grpc-default-executor-1] DEBUG client.RaftClient (RaftClientImpl.java:get(158)) - client-44EF9202E0DA: get 309 returns [278]
2024-01-25 07:58:16,511 [s0-client-thread1] DEBUG server.RaftServer$Division (RaftServerImpl.java:submitClientRequestAsync(880)) - s0@group-E525AA2370AC: receive client request(RaftClientRequest:client-44EF9202E0DA->s0@group-E525AA2370AC, cid=296, seq=null, Watch-ALL_COMMITTED(7), Message:<EMPTY>)
2024-01-25 07:58:16,511 [s2@group-E525AA2370AC-StateMachineUpdater] INFO  impl.SimpleStateMachine4Testing (SimpleStateMachine4Testing.java:put(205)) - s2: put 13, m8 -> (t:1, i:13), STATEMACHINELOGENTRY, 279@client-44EF9202E0DA
2024-01-25 07:58:16,511 [s0-client-thread1] DEBUG server.RaftServer$Division (LeaderStateImpl.java:addWatchRequest(552)) - s0@group-E525AA2370AC-LeaderStateImpl: addWatchRequest RaftClientRequest:client-44EF9202E0DA->s0@group-E525AA2370AC, cid=296, seq=null, Watch-ALL_COMMITTED(7), Message:<EMPTY>
2024-01-25 07:58:16,511 [grpc-default-executor-1] DEBUG client.RaftClient (RaftClientImpl.java:newRequest(95)) - attempt #1, newRequest RaftClientRequest:client-44EF9202E0DA->s0@group-E525AA2370AC, cid=309, seq=null, Watch(11), null
2024-01-25 07:58:16,511 [s0@group-E525AA2370AC-LeaderStateImpl] DEBUG impl.WatchRequests (WatchRequests.java:updateIndex(150)) - s0@group-E525AA2370AC-WatchRequests: update MAJORITY index from 15 to 16
2024-01-25 07:58:16,512 [grpc-default-executor-1] DEBUG impl.UnorderedAsync (UnorderedAsync.java:sendRequestWithRetry(80)) - client-44EF9202E0DA: attempt #1 send~ RaftClientRequest:client-44EF9202E0DA->s0@group-E525AA2370AC, cid=309, seq=null, Watch(11), null
2024-01-25 07:58:16,512 [s0@group-E525AA2370AC-LeaderStateImpl] DEBUG impl.WatchRequests (WatchRequests.java:updateIndex(150)) - s0@group-E525AA2370AC-WatchRequests: update MAJORITY index from 16 to 17
2024-01-25 07:58:16,512 [grpc-default-executor-1] DEBUG client.RaftClient (RaftClientImpl.java:get(158)) - client-44EF9202E0DA: get 310 returns []
2024-01-25 07:58:16,512 [grpc-default-executor-1] DEBUG client.RaftClient (RaftClientImpl.java:newRequest(95)) - attempt #1, newRequest RaftClientRequest:client-44EF9202E0DA->s0@group-E525AA2370AC, cid=310, seq=null, Watch-ALL(11), null
2024-01-25 07:58:16,512 [grpc-default-executor-1] DEBUG impl.UnorderedAsync (UnorderedAsync.java:sendRequestWithRetry(80)) - client-44EF9202E0DA: attempt #1 send~ RaftClientRequest:client-44EF9202E0DA->s0@group-E525AA2370AC, cid=310, seq=null, Watch-ALL(11), null
2024-01-25 07:58:16,512 [grpc-default-executor-1] DEBUG client.RaftClient (RaftClientImpl.java:get(158)) - client-44EF9202E0DA: get 311 returns []
2024-01-25 07:58:16,512 [grpc-default-executor-1] DEBUG client.RaftClient (RaftClientImpl.java:newRequest(95)) - attempt #1, newRequest RaftClientRequest:client-44EF9202E0DA->s0@group-E525AA2370AC, cid=311, seq=null, Watch-MAJORITY_COMMITTED(11), null
2024-01-25 07:58:16,512 [grpc-default-executor-1] DEBUG impl.UnorderedAsync (UnorderedAsync.java:sendRequestWithRetry(80)) - client-44EF9202E0DA: attempt #1 send~ RaftClientRequest:client-44EF9202E0DA->s0@group-E525AA2370AC, cid=311, seq=null, Watch-MAJORITY_COMMITTED(11), null
2024-01-25 07:58:16,512 [grpc-default-executor-1] DEBUG client.RaftClient (RaftClientImpl.java:get(158)) - client-44EF9202E0DA: get 312 returns []
2024-01-25 07:58:16,512 [s2-server-thread1] DEBUG server.RaftServer$Division (RaftServerImpl.java:logAppendEntries(1520)) - s2@group-E525AA2370AC: succeeded to handle AppendEntries. Reply: s0<-s2#50:OK-t1,SUCCESS,nextIndex=19,followerCommit=13,matchIndex=18
2024-01-25 07:58:16,512 [s0-client-thread1] DEBUG server.RaftServer$Division (RaftServerImpl.java:submitClientRequestAsync(880)) - s0@group-E525AA2370AC: receive client request(RaftClientRequest:client-44EF9202E0DA->s0@group-E525AA2370AC, cid=297, seq=null, Watch(8), Message:<EMPTY>)
2024-01-25 07:58:16,512 [s2-server-thread2] DEBUG server.RaftServer$Division (RaftServerImpl.java:logAppendEntries(1520)) - s2@group-E525AA2370AC: receive appendEntries(s0, 1, (t:1, i:18), 14, false, commits:[s0:c14, s1:c2, s2:c4], cId:52, entries: [(t:1, i:19), METADATAENTRY(c:14)]
2024-01-25 07:58:16,515 [s0-client-thread1] DEBUG server.RaftServer$Division (LeaderStateImpl.java:addWatchRequest(552)) - s0@group-E525AA2370AC-LeaderStateImpl: addWatchRequest RaftClientRequest:client-44EF9202E0DA->s0@group-E525AA2370AC, cid=297, seq=null, Watch(8), Message:<EMPTY>
2024-01-25 07:58:16,512 [Time-limited test] INFO  grpc.TestWatchRequestWithGrpc (WatchRequestTests.java:checkMajority(275)) - checkMajority 3: receive RaftClientReply:client-44EF9202E0DA->s0@group-E525AA2370AC, cid=274, SUCCESS, logIndex=7, commits[s0:c8, s1:c2, s2:c3]
2024-01-25 07:58:16,512 [grpc-default-executor-1] DEBUG client.RaftClient (RaftClientImpl.java:newRequest(95)) - attempt #1, newRequest RaftClientRequest:client-44EF9202E0DA->s0@group-E525AA2370AC, cid=312, seq=null, Watch-ALL_COMMITTED(11), null
2024-01-25 07:58:16,515 [grpc-default-executor-1] DEBUG impl.UnorderedAsync (UnorderedAsync.java:sendRequestWithRetry(80)) - client-44EF9202E0DA: attempt #1 send~ RaftClientRequest:client-44EF9202E0DA->s0@group-E525AA2370AC, cid=312, seq=null, Watch-ALL_COMMITTED(11), null
2024-01-25 07:58:16,515 [Time-limited test] INFO  grpc.TestWatchRequestWithGrpc (WatchRequestTests.java:get(214)) - majority-Watch(7) returns RaftClientReply:client-44EF9202E0DA->s0@group-E525AA2370AC, cid=293, SUCCESS, logIndex=13, commits[s0:c13, s1:c2, s2:c4]
2024-01-25 07:58:16,515 [Time-limited test] INFO  grpc.TestWatchRequestWithGrpc (WatchRequestTests.java:get(214)) - majorityCommitted-Watch(7) returns RaftClientReply:client-44EF9202E0DA->s0@group-E525AA2370AC, cid=295, SUCCESS, logIndex=8, commits[s0:c14, s1:c2, s2:c8]
2024-01-25 07:58:16,515 [s0-client-thread1] DEBUG server.RaftServer$Division (RaftServerImpl.java:submitClientRequestAsync(880)) - s0@group-E525AA2370AC: receive client request(RaftClientRequest:client-44EF9202E0DA->s0@group-E525AA2370AC, cid=298, seq=null, Watch-ALL(8), Message:<EMPTY>)
2024-01-25 07:58:16,515 [grpc-default-executor-4] DEBUG impl.WatchRequests (WatchRequests.java:updateIndex(150)) - s0@group-E525AA2370AC-WatchRequests: update MAJORITY_COMMITTED index from 11 to 13
2024-01-25 07:58:16,515 [s2-server-thread2] DEBUG server.RaftServer$Division (RaftServerImpl.java:logAppendEntries(1520)) - s2@group-E525AA2370AC: succeeded to handle AppendEntries. Reply: s0<-s2#52:OK-t1,SUCCESS,nextIndex=20,followerCommit=14,matchIndex=19
2024-01-25 07:58:16,516 [s0@group-E525AA2370AC-LeaderStateImpl] DEBUG impl.WatchRequests (WatchRequests.java:updateIndex(150)) - s0@group-E525AA2370AC-WatchRequests: update MAJORITY index from 17 to 18
2024-01-25 07:58:16,515 [s0-client-thread1] DEBUG server.RaftServer$Division (LeaderStateImpl.java:addWatchRequest(552)) - s0@group-E525AA2370AC-LeaderStateImpl: addWatchRequest RaftClientRequest:client-44EF9202E0DA->s0@group-E525AA2370AC, cid=298, seq=null, Watch-ALL(8), Message:<EMPTY>
2024-01-25 07:58:16,515 [Time-limited test] INFO  grpc.TestWatchRequestWithGrpc (WatchRequestTests.java:checkMajority(275)) - checkMajority 4: receive RaftClientReply:client-44EF9202E0DA->s0@group-E525AA2370AC, cid=275, SUCCESS, logIndex=8, commits[s0:c8, s1:c2, s2:c3]
2024-01-25 07:58:16,516 [grpc-default-executor-1] DEBUG client.RaftClient (RaftClientImpl.java:add(146)) - client-44EF9202E0DA: add replied callId 279
2024-01-25 07:58:16,515 [s2@group-E525AA2370AC-StateMachineUpdater] INFO  impl.SimpleStateMachine4Testing (SimpleStateMachine4Testing.java:applyTransaction(248)) - applyTransaction for log index 14
2024-01-25 07:58:16,516 [grpc-default-executor-1] INFO  grpc.TestWatchRequestWithGrpc (WatchRequestTests.java:lambda$sendRequests$0(113)) - SEND_WATCH: message=m8, logIndex=13
2024-01-25 07:58:16,516 [grpc-default-executor-1] DEBUG client.RaftClient (RaftClientImpl.java:get(158)) - client-44EF9202E0DA: get 313 returns [279]
2024-01-25 07:58:16,516 [grpc-default-executor-1] DEBUG client.RaftClient (RaftClientImpl.java:newRequest(95)) - attempt #1, newRequest RaftClientRequest:client-44EF9202E0DA->s0@group-E525AA2370AC, cid=313, seq=null, Watch(13), null
2024-01-25 07:58:16,516 [s0-client-thread1] DEBUG server.RaftServer$Division (RaftServerImpl.java:submitClientRequestAsync(880)) - s0@group-E525AA2370AC: receive client request(RaftClientRequest:client-44EF9202E0DA->s0@group-E525AA2370AC, cid=299, seq=null, Watch-MAJORITY_COMMITTED(8), Message:<EMPTY>)
2024-01-25 07:58:16,516 [s2@group-E525AA2370AC-StateMachineUpdater] INFO  impl.SimpleStateMachine4Testing (SimpleStateMachine4Testing.java:put(205)) - s2: put 14, m9 -> (t:1, i:14), STATEMACHINELOGENTRY, 280@client-44EF9202E0DA
2024-01-25 07:58:16,516 [s0-client-thread1] DEBUG server.RaftServer$Division (LeaderStateImpl.java:addWatchRequest(552)) - s0@group-E525AA2370AC-LeaderStateImpl: addWatchRequest RaftClientRequest:client-44EF9202E0DA->s0@group-E525AA2370AC, cid=299, seq=null, Watch-MAJORITY_COMMITTED(8), Message:<EMPTY>
2024-01-25 07:58:16,516 [grpc-default-executor-1] DEBUG impl.UnorderedAsync (UnorderedAsync.java:sendRequestWithRetry(80)) - client-44EF9202E0DA: attempt #1 send~ RaftClientRequest:client-44EF9202E0DA->s0@group-E525AA2370AC, cid=313, seq=null, Watch(13), null
2024-01-25 07:58:16,516 [ForkJoinPool.commonPool-worker-1] DEBUG impl.UnorderedAsync (UnorderedAsync.java:lambda$sendRequestWithRetry$4(83)) - client-44EF9202E0DA: attempt #1 receive~ RaftClientReply:client-44EF9202E0DA->s0@group-E525AA2370AC, cid=297, SUCCESS, logIndex=17, commits[s0:c17, s1:c2, s2:c11]
2024-01-25 07:58:16,516 [grpc-default-executor-5] DEBUG impl.WatchRequests (WatchRequests.java:updateIndex(150)) - s0@group-E525AA2370AC-WatchRequests: update MAJORITY_COMMITTED index from 13 to 14
2024-01-25 07:58:16,517 [grpc-default-executor-1] DEBUG client.RaftClient (RaftClientImpl.java:get(158)) - client-44EF9202E0DA: get 314 returns []
2024-01-25 07:58:16,517 [grpc-default-executor-1] DEBUG client.RaftClient (RaftClientImpl.java:newRequest(95)) - attempt #1, newRequest RaftClientRequest:client-44EF9202E0DA->s0@group-E525AA2370AC, cid=314, seq=null, Watch-ALL(13), null
2024-01-25 07:58:16,517 [s0-client-thread1] DEBUG server.RaftServer$Division (RaftServerImpl.java:submitClientRequestAsync(880)) - s0@group-E525AA2370AC: receive client request(RaftClientRequest:client-44EF9202E0DA->s0@group-E525AA2370AC, cid=300, seq=null, Watch-ALL_COMMITTED(8), Message:<EMPTY>)
2024-01-25 07:58:16,517 [s0@group-E525AA2370AC-LeaderStateImpl] DEBUG impl.WatchRequests (WatchRequests.java:updateIndex(150)) - s0@group-E525AA2370AC-WatchRequests: update MAJORITY index from 18 to 19
2024-01-25 07:58:16,517 [s0-client-thread1] DEBUG server.RaftServer$Division (LeaderStateImpl.java:addWatchRequest(552)) - s0@group-E525AA2370AC-LeaderStateImpl: addWatchRequest RaftClientRequest:client-44EF9202E0DA->s0@group-E525AA2370AC, cid=300, seq=null, Watch-ALL_COMMITTED(8), Message:<EMPTY>
2024-01-25 07:58:16,517 [grpc-default-executor-1] DEBUG impl.UnorderedAsync (UnorderedAsync.java:sendRequestWithRetry(80)) - client-44EF9202E0DA: attempt #1 send~ RaftClientRequest:client-44EF9202E0DA->s0@group-E525AA2370AC, cid=314, seq=null, Watch-ALL(13), null
2024-01-25 07:58:16,517 [grpc-default-executor-1] DEBUG client.RaftClient (RaftClientImpl.java:get(158)) - client-44EF9202E0DA: get 315 returns []
2024-01-25 07:58:16,517 [ForkJoinPool.commonPool-worker-1] DEBUG impl.UnorderedAsync (UnorderedAsync.java:lambda$sendRequestWithRetry$4(83)) - client-44EF9202E0DA: attempt #1 receive~ RaftClientReply:client-44EF9202E0DA->s0@group-E525AA2370AC, cid=299, SUCCESS, logIndex=13, commits[s0:c18, s1:c2, s2:c14]
2024-01-25 07:58:16,517 [grpc-default-executor-1] DEBUG client.RaftClient (RaftClientImpl.java:newRequest(95)) - attempt #1, newRequest RaftClientRequest:client-44EF9202E0DA->s0@group-E525AA2370AC, cid=315, seq=null, Watch-MAJORITY_COMMITTED(13), null
2024-01-25 07:58:16,517 [grpc-default-executor-1] DEBUG impl.UnorderedAsync (UnorderedAsync.java:sendRequestWithRetry(80)) - client-44EF9202E0DA: attempt #1 send~ RaftClientRequest:client-44EF9202E0DA->s0@group-E525AA2370AC, cid=315, seq=null, Watch-MAJORITY_COMMITTED(13), null
2024-01-25 07:58:16,517 [s0-client-thread1] DEBUG server.RaftServer$Division (RaftServerImpl.java:submitClientRequestAsync(880)) - s0@group-E525AA2370AC: receive client request(RaftClientRequest:client-44EF9202E0DA->s0@group-E525AA2370AC, cid=301, seq=null, Watch(9), Message:<EMPTY>)
2024-01-25 07:58:16,517 [grpc-default-executor-1] DEBUG client.RaftClient (RaftClientImpl.java:get(158)) - client-44EF9202E0DA: get 316 returns []
2024-01-25 07:58:16,518 [grpc-default-executor-1] DEBUG client.RaftClient (RaftClientImpl.java:newRequest(95)) - attempt #1, newRequest RaftClientRequest:client-44EF9202E0DA->s0@group-E525AA2370AC, cid=316, seq=null, Watch-ALL_COMMITTED(13), null
2024-01-25 07:58:16,517 [s0-client-thread1] DEBUG server.RaftServer$Division (LeaderStateImpl.java:addWatchRequest(552)) - s0@group-E525AA2370AC-LeaderStateImpl: addWatchRequest RaftClientRequest:client-44EF9202E0DA->s0@group-E525AA2370AC, cid=301, seq=null, Watch(9), Message:<EMPTY>
2024-01-25 07:58:16,518 [Time-limited test] INFO  grpc.TestWatchRequestWithGrpc (WatchRequestTests.java:get(214)) - majority-Watch(8) returns RaftClientReply:client-44EF9202E0DA->s0@group-E525AA2370AC, cid=297, SUCCESS, logIndex=17, commits[s0:c17, s1:c2, s2:c11]
2024-01-25 07:58:16,518 [grpc-default-executor-1] DEBUG impl.UnorderedAsync (UnorderedAsync.java:sendRequestWithRetry(80)) - client-44EF9202E0DA: attempt #1 send~ RaftClientRequest:client-44EF9202E0DA->s0@group-E525AA2370AC, cid=316, seq=null, Watch-ALL_COMMITTED(13), null
2024-01-25 07:58:16,518 [ForkJoinPool.commonPool-worker-1] DEBUG impl.UnorderedAsync (UnorderedAsync.java:lambda$sendRequestWithRetry$4(83)) - client-44EF9202E0DA: attempt #1 receive~ RaftClientReply:client-44EF9202E0DA->s0@group-E525AA2370AC, cid=301, SUCCESS, logIndex=19, commits[s0:c19, s1:c2, s2:c14]
2024-01-25 07:58:16,518 [s0-client-thread1] DEBUG server.RaftServer$Division (RaftServerImpl.java:submitClientRequestAsync(880)) - s0@group-E525AA2370AC: receive client request(RaftClientRequest:client-44EF9202E0DA->s0@group-E525AA2370AC, cid=302, seq=null, Watch-ALL(9), Message:<EMPTY>)
2024-01-25 07:58:16,518 [Time-limited test] INFO  grpc.TestWatchRequestWithGrpc (WatchRequestTests.java:get(214)) - majorityCommitted-Watch(8) returns RaftClientReply:client-44EF9202E0DA->s0@group-E525AA2370AC, cid=299, SUCCESS, logIndex=13, commits[s0:c18, s1:c2, s2:c14]
2024-01-25 07:58:16,518 [s0-client-thread1] DEBUG server.RaftServer$Division (LeaderStateImpl.java:addWatchRequest(552)) - s0@group-E525AA2370AC-LeaderStateImpl: addWatchRequest RaftClientRequest:client-44EF9202E0DA->s0@group-E525AA2370AC, cid=302, seq=null, Watch-ALL(9), Message:<EMPTY>
2024-01-25 07:58:16,518 [Time-limited test] INFO  grpc.TestWatchRequestWithGrpc (WatchRequestTests.java:checkMajority(275)) - checkMajority 5: receive RaftClientReply:client-44EF9202E0DA->s0@group-E525AA2370AC, cid=276, SUCCESS, logIndex=9, commits[s0:c10, s1:c2, s2:c3]
2024-01-25 07:58:16,518 [grpc-default-executor-1] DEBUG client.RaftClient (RaftClientImpl.java:add(146)) - client-44EF9202E0DA: add replied callId 280
2024-01-25 07:58:16,518 [Time-limited test] INFO  grpc.TestWatchRequestWithGrpc (WatchRequestTests.java:get(214)) - majority-Watch(9) returns RaftClientReply:client-44EF9202E0DA->s0@group-E525AA2370AC, cid=301, SUCCESS, logIndex=19, commits[s0:c19, s1:c2, s2:c14]
2024-01-25 07:58:16,519 [s0-client-thread1] DEBUG server.RaftServer$Division (RaftServerImpl.java:submitClientRequestAsync(880)) - s0@group-E525AA2370AC: receive client request(RaftClientRequest:client-44EF9202E0DA->s0@group-E525AA2370AC, cid=303, seq=null, Watch-MAJORITY_COMMITTED(9), Message:<EMPTY>)
2024-01-25 07:58:16,518 [grpc-default-executor-1] INFO  grpc.TestWatchRequestWithGrpc (WatchRequestTests.java:lambda$sendRequests$0(113)) - SEND_WATCH: message=m9, logIndex=14
2024-01-25 07:58:16,519 [s0-client-thread1] DEBUG server.RaftServer$Division (LeaderStateImpl.java:addWatchRequest(552)) - s0@group-E525AA2370AC-LeaderStateImpl: addWatchRequest RaftClientRequest:client-44EF9202E0DA->s0@group-E525AA2370AC, cid=303, seq=null, Watch-MAJORITY_COMMITTED(9), Message:<EMPTY>
2024-01-25 07:58:16,519 [grpc-default-executor-1] DEBUG client.RaftClient (RaftClientImpl.java:get(158)) - client-44EF9202E0DA: get 317 returns [280]
2024-01-25 07:58:16,519 [grpc-default-executor-1] DEBUG client.RaftClient (RaftClientImpl.java:newRequest(95)) - attempt #1, newRequest RaftClientRequest:client-44EF9202E0DA->s0@group-E525AA2370AC, cid=317, seq=null, Watch(14), null
2024-01-25 07:58:16,519 [grpc-default-executor-1] DEBUG impl.UnorderedAsync (UnorderedAsync.java:sendRequestWithRetry(80)) - client-44EF9202E0DA: attempt #1 send~ RaftClientRequest:client-44EF9202E0DA->s0@group-E525AA2370AC, cid=317, seq=null, Watch(14), null
2024-01-25 07:58:16,519 [ForkJoinPool.commonPool-worker-1] DEBUG impl.UnorderedAsync (UnorderedAsync.java:lambda$sendRequestWithRetry$4(83)) - client-44EF9202E0DA: attempt #1 receive~ RaftClientReply:client-44EF9202E0DA->s0@group-E525AA2370AC, cid=303, SUCCESS, logIndex=14, commits[s0:c19, s1:c2, s2:c14]
2024-01-25 07:58:16,519 [grpc-default-executor-1] DEBUG client.RaftClient (RaftClientImpl.java:get(158)) - client-44EF9202E0DA: get 318 returns []
2024-01-25 07:58:16,519 [Time-limited test] INFO  grpc.TestWatchRequestWithGrpc (WatchRequestTests.java:get(214)) - majorityCommitted-Watch(9) returns RaftClientReply:client-44EF9202E0DA->s0@group-E525AA2370AC, cid=303, SUCCESS, logIndex=14, commits[s0:c19, s1:c2, s2:c14]
2024-01-25 07:58:16,519 [s0-client-thread1] DEBUG server.RaftServer$Division (RaftServerImpl.java:submitClientRequestAsync(880)) - s0@group-E525AA2370AC: receive client request(RaftClientRequest:client-44EF9202E0DA->s0@group-E525AA2370AC, cid=304, seq=null, Watch-ALL_COMMITTED(9), Message:<EMPTY>)
2024-01-25 07:58:16,519 [Time-limited test] INFO  grpc.TestWatchRequestWithGrpc (WatchRequestTests.java:checkMajority(275)) - checkMajority 6: receive RaftClientReply:client-44EF9202E0DA->s0@group-E525AA2370AC, cid=277, SUCCESS, logIndex=10, commits[s0:c10, s1:c2, s2:c3]
2024-01-25 07:58:16,519 [grpc-default-executor-1] DEBUG client.RaftClient (RaftClientImpl.java:newRequest(95)) - attempt #1, newRequest RaftClientRequest:client-44EF9202E0DA->s0@group-E525AA2370AC, cid=318, seq=null, Watch-ALL(14), null
2024-01-25 07:58:16,519 [grpc-default-executor-1] DEBUG impl.UnorderedAsync (UnorderedAsync.java:sendRequestWithRetry(80)) - client-44EF9202E0DA: attempt #1 send~ RaftClientRequest:client-44EF9202E0DA->s0@group-E525AA2370AC, cid=318, seq=null, Watch-ALL(14), null
2024-01-25 07:58:16,519 [s0-client-thread1] DEBUG server.RaftServer$Division (LeaderStateImpl.java:addWatchRequest(552)) - s0@group-E525AA2370AC-LeaderStateImpl: addWatchRequest RaftClientRequest:client-44EF9202E0DA->s0@group-E525AA2370AC, cid=304, seq=null, Watch-ALL_COMMITTED(9), Message:<EMPTY>
2024-01-25 07:58:16,520 [grpc-default-executor-1] DEBUG client.RaftClient (RaftClientImpl.java:get(158)) - client-44EF9202E0DA: get 319 returns []
2024-01-25 07:58:16,520 [grpc-default-executor-1] DEBUG client.RaftClient (RaftClientImpl.java:newRequest(95)) - attempt #1, newRequest RaftClientRequest:client-44EF9202E0DA->s0@group-E525AA2370AC, cid=319, seq=null, Watch-MAJORITY_COMMITTED(14), null
2024-01-25 07:58:16,520 [grpc-default-executor-1] DEBUG impl.UnorderedAsync (UnorderedAsync.java:sendRequestWithRetry(80)) - client-44EF9202E0DA: attempt #1 send~ RaftClientRequest:client-44EF9202E0DA->s0@group-E525AA2370AC, cid=319, seq=null, Watch-MAJORITY_COMMITTED(14), null
2024-01-25 07:58:16,520 [grpc-default-executor-1] DEBUG client.RaftClient (RaftClientImpl.java:get(158)) - client-44EF9202E0DA: get 320 returns []
2024-01-25 07:58:16,520 [grpc-default-executor-1] DEBUG client.RaftClient (RaftClientImpl.java:newRequest(95)) - attempt #1, newRequest RaftClientRequest:client-44EF9202E0DA->s0@group-E525AA2370AC, cid=320, seq=null, Watch-ALL_COMMITTED(14), null
2024-01-25 07:58:16,520 [grpc-default-executor-1] DEBUG impl.UnorderedAsync (UnorderedAsync.java:sendRequestWithRetry(80)) - client-44EF9202E0DA: attempt #1 send~ RaftClientRequest:client-44EF9202E0DA->s0@group-E525AA2370AC, cid=320, seq=null, Watch-ALL_COMMITTED(14), null
2024-01-25 07:58:16,520 [s0-client-thread1] DEBUG server.RaftServer$Division (RaftServerImpl.java:submitClientRequestAsync(880)) - s0@group-E525AA2370AC: receive client request(RaftClientRequest:client-44EF9202E0DA->s0@group-E525AA2370AC, cid=305, seq=null, Watch(10), Message:<EMPTY>)
2024-01-25 07:58:16,520 [s0-client-thread1] DEBUG server.RaftServer$Division (LeaderStateImpl.java:addWatchRequest(552)) - s0@group-E525AA2370AC-LeaderStateImpl: addWatchRequest RaftClientRequest:client-44EF9202E0DA->s0@group-E525AA2370AC, cid=305, seq=null, Watch(10), Message:<EMPTY>
2024-01-25 07:58:16,521 [s0-client-thread1] DEBUG server.RaftServer$Division (RaftServerImpl.java:submitClientRequestAsync(880)) - s0@group-E525AA2370AC: receive client request(RaftClientRequest:client-44EF9202E0DA->s0@group-E525AA2370AC, cid=306, seq=null, Watch-ALL(10), Message:<EMPTY>)
2024-01-25 07:58:16,521 [s0-client-thread1] DEBUG server.RaftServer$Division (LeaderStateImpl.java:addWatchRequest(552)) - s0@group-E525AA2370AC-LeaderStateImpl: addWatchRequest RaftClientRequest:client-44EF9202E0DA->s0@group-E525AA2370AC, cid=306, seq=null, Watch-ALL(10), Message:<EMPTY>
2024-01-25 07:58:16,521 [ForkJoinPool.commonPool-worker-1] DEBUG impl.UnorderedAsync (UnorderedAsync.java:lambda$sendRequestWithRetry$4(83)) - client-44EF9202E0DA: attempt #1 receive~ RaftClientReply:client-44EF9202E0DA->s0@group-E525AA2370AC, cid=305, SUCCESS, logIndex=19, commits[s0:c19, s1:c2, s2:c14]
2024-01-25 07:58:16,521 [Time-limited test] INFO  grpc.TestWatchRequestWithGrpc (WatchRequestTests.java:get(214)) - majority-Watch(10) returns RaftClientReply:client-44EF9202E0DA->s0@group-E525AA2370AC, cid=305, SUCCESS, logIndex=19, commits[s0:c19, s1:c2, s2:c14]
2024-01-25 07:58:16,521 [s0-client-thread1] DEBUG server.RaftServer$Division (RaftServerImpl.java:submitClientRequestAsync(880)) - s0@group-E525AA2370AC: receive client request(RaftClientRequest:client-44EF9202E0DA->s0@group-E525AA2370AC, cid=307, seq=null, Watch-MAJORITY_COMMITTED(10), Message:<EMPTY>)
2024-01-25 07:58:16,521 [s0-client-thread1] DEBUG server.RaftServer$Division (LeaderStateImpl.java:addWatchRequest(552)) - s0@group-E525AA2370AC-LeaderStateImpl: addWatchRequest RaftClientRequest:client-44EF9202E0DA->s0@group-E525AA2370AC, cid=307, seq=null, Watch-MAJORITY_COMMITTED(10), Message:<EMPTY>
2024-01-25 07:58:16,521 [s0-client-thread1] DEBUG server.RaftServer$Division (RaftServerImpl.java:submitClientRequestAsync(880)) - s0@group-E525AA2370AC: receive client request(RaftClientRequest:client-44EF9202E0DA->s0@group-E525AA2370AC, cid=308, seq=null, Watch-ALL_COMMITTED(10), Message:<EMPTY>)
2024-01-25 07:58:16,521 [s0-client-thread1] DEBUG server.RaftServer$Division (LeaderStateImpl.java:addWatchRequest(552)) - s0@group-E525AA2370AC-LeaderStateImpl: addWatchRequest RaftClientRequest:client-44EF9202E0DA->s0@group-E525AA2370AC, cid=308, seq=null, Watch-ALL_COMMITTED(10), Message:<EMPTY>
2024-01-25 07:58:16,521 [ForkJoinPool.commonPool-worker-1] DEBUG impl.UnorderedAsync (UnorderedAsync.java:lambda$sendRequestWithRetry$4(83)) - client-44EF9202E0DA: attempt #1 receive~ RaftClientReply:client-44EF9202E0DA->s0@group-E525AA2370AC, cid=307, SUCCESS, logIndex=14, commits[s0:c19, s1:c2, s2:c14]
2024-01-25 07:58:16,521 [s0-client-thread1] DEBUG server.RaftServer$Division (RaftServerImpl.java:submitClientRequestAsync(880)) - s0@group-E525AA2370AC: receive client request(RaftClientRequest:client-44EF9202E0DA->s0@group-E525AA2370AC, cid=309, seq=null, Watch(11), Message:<EMPTY>)
2024-01-25 07:58:16,521 [Time-limited test] INFO  grpc.TestWatchRequestWithGrpc (WatchRequestTests.java:get(214)) - majorityCommitted-Watch(10) returns RaftClientReply:client-44EF9202E0DA->s0@group-E525AA2370AC, cid=307, SUCCESS, logIndex=14, commits[s0:c19, s1:c2, s2:c14]
2024-01-25 07:58:16,521 [s0-client-thread1] DEBUG server.RaftServer$Division (LeaderStateImpl.java:addWatchRequest(552)) - s0@group-E525AA2370AC-LeaderStateImpl: addWatchRequest RaftClientRequest:client-44EF9202E0DA->s0@group-E525AA2370AC, cid=309, seq=null, Watch(11), Message:<EMPTY>
2024-01-25 07:58:16,521 [Time-limited test] INFO  grpc.TestWatchRequestWithGrpc (WatchRequestTests.java:checkMajority(275)) - checkMajority 7: receive RaftClientReply:client-44EF9202E0DA->s0@group-E525AA2370AC, cid=278, SUCCESS, logIndex=11, commits[s0:c11, s1:c2, s2:c3]
2024-01-25 07:58:16,522 [s0-client-thread1] DEBUG server.RaftServer$Division (RaftServerImpl.java:submitClientRequestAsync(880)) - s0@group-E525AA2370AC: receive client request(RaftClientRequest:client-44EF9202E0DA->s0@group-E525AA2370AC, cid=310, seq=null, Watch-ALL(11), Message:<EMPTY>)
2024-01-25 07:58:16,522 [s0-client-thread1] DEBUG server.RaftServer$Division (LeaderStateImpl.java:addWatchRequest(552)) - s0@group-E525AA2370AC-LeaderStateImpl: addWatchRequest RaftClientRequest:client-44EF9202E0DA->s0@group-E525AA2370AC, cid=310, seq=null, Watch-ALL(11), Message:<EMPTY>
2024-01-25 07:58:16,522 [ForkJoinPool.commonPool-worker-1] DEBUG impl.UnorderedAsync (UnorderedAsync.java:lambda$sendRequestWithRetry$4(83)) - client-44EF9202E0DA: attempt #1 receive~ RaftClientReply:client-44EF9202E0DA->s0@group-E525AA2370AC, cid=309, SUCCESS, logIndex=19, commits[s0:c19, s1:c2, s2:c14]
2024-01-25 07:58:16,522 [Time-limited test] INFO  grpc.TestWatchRequestWithGrpc (WatchRequestTests.java:get(214)) - majority-Watch(11) returns RaftClientReply:client-44EF9202E0DA->s0@group-E525AA2370AC, cid=309, SUCCESS, logIndex=19, commits[s0:c19, s1:c2, s2:c14]
2024-01-25 07:58:16,522 [s0-client-thread1] DEBUG server.RaftServer$Division (RaftServerImpl.java:submitClientRequestAsync(880)) - s0@group-E525AA2370AC: receive client request(RaftClientRequest:client-44EF9202E0DA->s0@group-E525AA2370AC, cid=311, seq=null, Watch-MAJORITY_COMMITTED(11), Message:<EMPTY>)
2024-01-25 07:58:16,522 [s0-client-thread1] DEBUG server.RaftServer$Division (LeaderStateImpl.java:addWatchRequest(552)) - s0@group-E525AA2370AC-LeaderStateImpl: addWatchRequest RaftClientRequest:client-44EF9202E0DA->s0@group-E525AA2370AC, cid=311, seq=null, Watch-MAJORITY_COMMITTED(11), Message:<EMPTY>
2024-01-25 07:58:16,522 [s0-client-thread1] DEBUG server.RaftServer$Division (RaftServerImpl.java:submitClientRequestAsync(880)) - s0@group-E525AA2370AC: receive client request(RaftClientRequest:client-44EF9202E0DA->s0@group-E525AA2370AC, cid=312, seq=null, Watch-ALL_COMMITTED(11), Message:<EMPTY>)
2024-01-25 07:58:16,522 [s0-client-thread1] DEBUG server.RaftServer$Division (LeaderStateImpl.java:addWatchRequest(552)) - s0@group-E525AA2370AC-LeaderStateImpl: addWatchRequest RaftClientRequest:client-44EF9202E0DA->s0@group-E525AA2370AC, cid=312, seq=null, Watch-ALL_COMMITTED(11), Message:<EMPTY>
2024-01-25 07:58:16,522 [ForkJoinPool.commonPool-worker-1] DEBUG impl.UnorderedAsync (UnorderedAsync.java:lambda$sendRequestWithRetry$4(83)) - client-44EF9202E0DA: attempt #1 receive~ RaftClientReply:client-44EF9202E0DA->s0@group-E525AA2370AC, cid=311, SUCCESS, logIndex=14, commits[s0:c19, s1:c2, s2:c14]
2024-01-25 07:58:16,522 [Time-limited test] INFO  grpc.TestWatchRequestWithGrpc (WatchRequestTests.java:get(214)) - majorityCommitted-Watch(11) returns RaftClientReply:client-44EF9202E0DA->s0@group-E525AA2370AC, cid=311, SUCCESS, logIndex=14, commits[s0:c19, s1:c2, s2:c14]
2024-01-25 07:58:16,522 [s0-client-thread1] DEBUG server.RaftServer$Division (RaftServerImpl.java:submitClientRequestAsync(880)) - s0@group-E525AA2370AC: receive client request(RaftClientRequest:client-44EF9202E0DA->s0@group-E525AA2370AC, cid=313, seq=null, Watch(13), Message:<EMPTY>)
2024-01-25 07:58:16,522 [Time-limited test] INFO  grpc.TestWatchRequestWithGrpc (WatchRequestTests.java:checkMajority(275)) - checkMajority 8: receive RaftClientReply:client-44EF9202E0DA->s0@group-E525AA2370AC, cid=279, SUCCESS, logIndex=13, commits[s0:c13, s1:c2, s2:c4]
2024-01-25 07:58:16,522 [s0-client-thread1] DEBUG server.RaftServer$Division (LeaderStateImpl.java:addWatchRequest(552)) - s0@group-E525AA2370AC-LeaderStateImpl: addWatchRequest RaftClientRequest:client-44EF9202E0DA->s0@group-E525AA2370AC, cid=313, seq=null, Watch(13), Message:<EMPTY>
2024-01-25 07:58:16,523 [ForkJoinPool.commonPool-worker-1] DEBUG impl.UnorderedAsync (UnorderedAsync.java:lambda$sendRequestWithRetry$4(83)) - client-44EF9202E0DA: attempt #1 receive~ RaftClientReply:client-44EF9202E0DA->s0@group-E525AA2370AC, cid=313, SUCCESS, logIndex=19, commits[s0:c19, s1:c2, s2:c14]
2024-01-25 07:58:16,523 [s0-client-thread1] DEBUG server.RaftServer$Division (RaftServerImpl.java:submitClientRequestAsync(880)) - s0@group-E525AA2370AC: receive client request(RaftClientRequest:client-44EF9202E0DA->s0@group-E525AA2370AC, cid=314, seq=null, Watch-ALL(13), Message:<EMPTY>)
2024-01-25 07:58:16,523 [Time-limited test] INFO  grpc.TestWatchRequestWithGrpc (WatchRequestTests.java:get(214)) - majority-Watch(13) returns RaftClientReply:client-44EF9202E0DA->s0@group-E525AA2370AC, cid=313, SUCCESS, logIndex=19, commits[s0:c19, s1:c2, s2:c14]
2024-01-25 07:58:16,523 [s0-client-thread1] DEBUG server.RaftServer$Division (LeaderStateImpl.java:addWatchRequest(552)) - s0@group-E525AA2370AC-LeaderStateImpl: addWatchRequest RaftClientRequest:client-44EF9202E0DA->s0@group-E525AA2370AC, cid=314, seq=null, Watch-ALL(13), Message:<EMPTY>
2024-01-25 07:58:16,523 [s0-client-thread1] DEBUG server.RaftServer$Division (RaftServerImpl.java:submitClientRequestAsync(880)) - s0@group-E525AA2370AC: receive client request(RaftClientRequest:client-44EF9202E0DA->s0@group-E525AA2370AC, cid=315, seq=null, Watch-MAJORITY_COMMITTED(13), Message:<EMPTY>)
2024-01-25 07:58:16,523 [s0-client-thread1] DEBUG server.RaftServer$Division (LeaderStateImpl.java:addWatchRequest(552)) - s0@group-E525AA2370AC-LeaderStateImpl: addWatchRequest RaftClientRequest:client-44EF9202E0DA->s0@group-E525AA2370AC, cid=315, seq=null, Watch-MAJORITY_COMMITTED(13), Message:<EMPTY>
2024-01-25 07:58:16,523 [s0-client-thread1] DEBUG server.RaftServer$Division (RaftServerImpl.java:submitClientRequestAsync(880)) - s0@group-E525AA2370AC: receive client request(RaftClientRequest:client-44EF9202E0DA->s0@group-E525AA2370AC, cid=316, seq=null, Watch-ALL_COMMITTED(13), Message:<EMPTY>)
2024-01-25 07:58:16,523 [ForkJoinPool.commonPool-worker-1] DEBUG impl.UnorderedAsync (UnorderedAsync.java:lambda$sendRequestWithRetry$4(83)) - client-44EF9202E0DA: attempt #1 receive~ RaftClientReply:client-44EF9202E0DA->s0@group-E525AA2370AC, cid=315, SUCCESS, logIndex=14, commits[s0:c19, s1:c2, s2:c14]
2024-01-25 07:58:16,523 [s0-client-thread1] DEBUG server.RaftServer$Division (LeaderStateImpl.java:addWatchRequest(552)) - s0@group-E525AA2370AC-LeaderStateImpl: addWatchRequest RaftClientRequest:client-44EF9202E0DA->s0@group-E525AA2370AC, cid=316, seq=null, Watch-ALL_COMMITTED(13), Message:<EMPTY>
2024-01-25 07:58:16,524 [Time-limited test] INFO  grpc.TestWatchRequestWithGrpc (WatchRequestTests.java:get(214)) - majorityCommitted-Watch(13) returns RaftClientReply:client-44EF9202E0DA->s0@group-E525AA2370AC, cid=315, SUCCESS, logIndex=14, commits[s0:c19, s1:c2, s2:c14]
2024-01-25 07:58:16,524 [Time-limited test] INFO  grpc.TestWatchRequestWithGrpc (WatchRequestTests.java:checkMajority(275)) - checkMajority 9: receive RaftClientReply:client-44EF9202E0DA->s0@group-E525AA2370AC, cid=280, SUCCESS, logIndex=14, commits[s0:c14, s1:c2, s2:c4]
2024-01-25 07:58:16,524 [s0-client-thread1] DEBUG server.RaftServer$Division (RaftServerImpl.java:submitClientRequestAsync(880)) - s0@group-E525AA2370AC: receive client request(RaftClientRequest:client-44EF9202E0DA->s0@group-E525AA2370AC, cid=317, seq=null, Watch(14), Message:<EMPTY>)
2024-01-25 07:58:16,524 [s0-client-thread1] DEBUG server.RaftServer$Division (LeaderStateImpl.java:addWatchRequest(552)) - s0@group-E525AA2370AC-LeaderStateImpl: addWatchRequest RaftClientRequest:client-44EF9202E0DA->s0@group-E525AA2370AC, cid=317, seq=null, Watch(14), Message:<EMPTY>
2024-01-25 07:58:16,524 [s0-client-thread1] DEBUG server.RaftServer$Division (RaftServerImpl.java:submitClientRequestAsync(880)) - s0@group-E525AA2370AC: receive client request(RaftClientRequest:client-44EF9202E0DA->s0@group-E525AA2370AC, cid=318, seq=null, Watch-ALL(14), Message:<EMPTY>)
2024-01-25 07:58:16,524 [ForkJoinPool.commonPool-worker-1] DEBUG impl.UnorderedAsync (UnorderedAsync.java:lambda$sendRequestWithRetry$4(83)) - client-44EF9202E0DA: attempt #1 receive~ RaftClientReply:client-44EF9202E0DA->s0@group-E525AA2370AC, cid=317, SUCCESS, logIndex=19, commits[s0:c19, s1:c2, s2:c14]
2024-01-25 07:58:16,524 [s0-client-thread1] DEBUG server.RaftServer$Division (LeaderStateImpl.java:addWatchRequest(552)) - s0@group-E525AA2370AC-LeaderStateImpl: addWatchRequest RaftClientRequest:client-44EF9202E0DA->s0@group-E525AA2370AC, cid=318, seq=null, Watch-ALL(14), Message:<EMPTY>
2024-01-25 07:58:16,524 [Time-limited test] INFO  grpc.TestWatchRequestWithGrpc (WatchRequestTests.java:get(214)) - majority-Watch(14) returns RaftClientReply:client-44EF9202E0DA->s0@group-E525AA2370AC, cid=317, SUCCESS, logIndex=19, commits[s0:c19, s1:c2, s2:c14]
2024-01-25 07:58:16,524 [s0-client-thread1] DEBUG server.RaftServer$Division (RaftServerImpl.java:submitClientRequestAsync(880)) - s0@group-E525AA2370AC: receive client request(RaftClientRequest:client-44EF9202E0DA->s0@group-E525AA2370AC, cid=319, seq=null, Watch-MAJORITY_COMMITTED(14), Message:<EMPTY>)
2024-01-25 07:58:16,524 [s0-client-thread1] DEBUG server.RaftServer$Division (LeaderStateImpl.java:addWatchRequest(552)) - s0@group-E525AA2370AC-LeaderStateImpl: addWatchRequest RaftClientRequest:client-44EF9202E0DA->s0@group-E525AA2370AC, cid=319, seq=null, Watch-MAJORITY_COMMITTED(14), Message:<EMPTY>
2024-01-25 07:58:16,524 [s0-client-thread1] DEBUG server.RaftServer$Division (RaftServerImpl.java:submitClientRequestAsync(880)) - s0@group-E525AA2370AC: receive client request(RaftClientRequest:client-44EF9202E0DA->s0@group-E525AA2370AC, cid=320, seq=null, Watch-ALL_COMMITTED(14), Message:<EMPTY>)
2024-01-25 07:58:16,525 [s0-client-thread1] DEBUG server.RaftServer$Division (LeaderStateImpl.java:addWatchRequest(552)) - s0@group-E525AA2370AC-LeaderStateImpl: addWatchRequest RaftClientRequest:client-44EF9202E0DA->s0@group-E525AA2370AC, cid=320, seq=null, Watch-ALL_COMMITTED(14), Message:<EMPTY>
2024-01-25 07:58:16,525 [ForkJoinPool.commonPool-worker-1] DEBUG impl.UnorderedAsync (UnorderedAsync.java:lambda$sendRequestWithRetry$4(83)) - client-44EF9202E0DA: attempt #1 receive~ RaftClientReply:client-44EF9202E0DA->s0@group-E525AA2370AC, cid=319, SUCCESS, logIndex=14, commits[s0:c19, s1:c2, s2:c14]
2024-01-25 07:58:16,525 [Time-limited test] INFO  grpc.TestWatchRequestWithGrpc (WatchRequestTests.java:get(214)) - majorityCommitted-Watch(14) returns RaftClientReply:client-44EF9202E0DA->s0@group-E525AA2370AC, cid=319, SUCCESS, logIndex=14, commits[s0:c19, s1:c2, s2:c14]
2024-01-25 07:58:16,525 [Time-limited test] INFO  grpc.TestWatchRequestWithGrpc (WatchRequestTests.java:checkTimeout(533)) - checkTimeout 0: receive RaftClientReply:client-44EF9202E0DA->s0@group-E525AA2370AC, cid=271, SUCCESS, logIndex=3, commits[s0:c3, s1:c2, s2:c2]
2024-01-25 07:58:16,593 [grpc-default-executor-2] DEBUG impl.WatchRequests (WatchRequests.java:updateIndex(150)) - s0@group-E525AA2370AC-WatchRequests: update MAJORITY_COMMITTED index from 14 to 19
2024-01-25 07:58:17,076 [timer1] DEBUG impl.WatchRequests (WatchRequests.java:handleTimeout(131)) - s0@group-E525AA2370AC-WatchRequests: timeout Watch-ALL(11)@44.239s?java.util.concurrent.CompletionException: org.apache.ratis.protocol.exceptions.NotReplicatedException: Request with call Id 310 and log index 11 is not yet replicated to ALL, RaftClientRequest:client-44EF9202E0DA->s0@group-E525AA2370AC, cid=310, seq=null, Watch-ALL(11), Message:<EMPTY>
2024-01-25 07:58:17,076 [null-request--thread1] INFO  server.GrpcClientProtocolService (GrpcClientProtocolService.java:lambda$processClientRequest$0(323)) - Failed RaftClientRequest:client-44EF9202E0DA->s0@group-E525AA2370AC, cid=310, seq=null, Watch-ALL(11), Message:<EMPTY>, reply=RaftClientReply:client-44EF9202E0DA->s0@group-E525AA2370AC, cid=310, FAILED org.apache.ratis.protocol.exceptions.NotReplicatedException: Request with call Id 310 and log index 11 is not yet replicated to ALL, logIndex=11, commits[s0:c19, s1:c2, s2:c19]
2024-01-25 07:58:17,076 [timer3] DEBUG impl.WatchRequests (WatchRequests.java:handleTimeout(131)) - s0@group-E525AA2370AC-WatchRequests: timeout Watch-ALL_COMMITTED(5)@44.239s?java.util.concurrent.CompletionException: org.apache.ratis.protocol.exceptions.NotReplicatedException: Request with call Id 292 and log index 5 is not yet replicated to ALL_COMMITTED, RaftClientRequest:client-44EF9202E0DA->s0@group-E525AA2370AC, cid=292, seq=null, Watch-ALL_COMMITTED(5), Message:<EMPTY>
2024-01-25 07:58:17,076 [timer3] DEBUG impl.WatchRequests (WatchRequests.java:handleTimeout(131)) - s0@group-E525AA2370AC-WatchRequests: timeout Watch-ALL(7)@44.239s?java.util.concurrent.CompletionException: org.apache.ratis.protocol.exceptions.NotReplicatedException: Request with call Id 294 and log index 7 is not yet replicated to ALL, RaftClientRequest:client-44EF9202E0DA->s0@group-E525AA2370AC, cid=294, seq=null, Watch-ALL(7), Message:<EMPTY>
2024-01-25 07:58:17,076 [null-request--thread1] INFO  server.GrpcClientProtocolService (GrpcClientProtocolService.java:lambda$processClientRequest$0(323)) - Failed RaftClientRequest:client-44EF9202E0DA->s0@group-E525AA2370AC, cid=292, seq=null, Watch-ALL_COMMITTED(5), Message:<EMPTY>, reply=RaftClientReply:client-44EF9202E0DA->s0@group-E525AA2370AC, cid=292, FAILED org.apache.ratis.protocol.exceptions.NotReplicatedException: Request with call Id 292 and log index 5 is not yet replicated to ALL_COMMITTED, logIndex=5, commits[s0:c19, s1:c2, s2:c19]
2024-01-25 07:58:17,076 [timer3] DEBUG impl.WatchRequests (WatchRequests.java:handleTimeout(131)) - s0@group-E525AA2370AC-WatchRequests: timeout Watch-ALL_COMMITTED(9)@44.239s?java.util.concurrent.CompletionException: org.apache.ratis.protocol.exceptions.NotReplicatedException: Request with call Id 304 and log index 9 is not yet replicated to ALL_COMMITTED, RaftClientRequest:client-44EF9202E0DA->s0@group-E525AA2370AC, cid=304, seq=null, Watch-ALL_COMMITTED(9), Message:<EMPTY>
2024-01-25 07:58:17,077 [null-request--thread1] INFO  server.GrpcClientProtocolService (GrpcClientProtocolService.java:lambda$processClientRequest$0(323)) - Failed RaftClientRequest:client-44EF9202E0DA->s0@group-E525AA2370AC, cid=294, seq=null, Watch-ALL(7), Message:<EMPTY>, reply=RaftClientReply:client-44EF9202E0DA->s0@group-E525AA2370AC, cid=294, FAILED org.apache.ratis.protocol.exceptions.NotReplicatedException: Request with call Id 294 and log index 7 is not yet replicated to ALL, logIndex=7, commits[s0:c19, s1:c2, s2:c19]
2024-01-25 07:58:17,077 [timer7] DEBUG impl.WatchRequests (WatchRequests.java:handleTimeout(131)) - s0@group-E525AA2370AC-WatchRequests: timeout Watch-ALL(4)@44.239s?java.util.concurrent.CompletionException: org.apache.ratis.protocol.exceptions.NotReplicatedException: Request with call Id 286 and log index 4 is not yet replicated to ALL, RaftClientRequest:client-44EF9202E0DA->s0@group-E525AA2370AC, cid=286, seq=null, Watch-ALL(4), Message:<EMPTY>
2024-01-25 07:58:17,076 [timer4] DEBUG impl.WatchRequests (WatchRequests.java:handleTimeout(131)) - s0@group-E525AA2370AC-WatchRequests: timeout Watch-ALL_COMMITTED(3)@44.239s?java.util.concurrent.CompletionException: org.apache.ratis.protocol.exceptions.NotReplicatedException: Request with call Id 284 and log index 3 is not yet replicated to ALL_COMMITTED, RaftClientRequest:client-44EF9202E0DA->s0@group-E525AA2370AC, cid=284, seq=null, Watch-ALL_COMMITTED(3), Message:<EMPTY>
2024-01-25 07:58:17,077 [timer7] DEBUG impl.WatchRequests (WatchRequests.java:handleTimeout(131)) - s0@group-E525AA2370AC-WatchRequests: timeout Watch-ALL(5)@44.239s?java.util.concurrent.CompletionException: org.apache.ratis.protocol.exceptions.NotReplicatedException: Request with call Id 290 and log index 5 is not yet replicated to ALL, RaftClientRequest:client-44EF9202E0DA->s0@group-E525AA2370AC, cid=290, seq=null, Watch-ALL(5), Message:<EMPTY>
2024-01-25 07:58:17,077 [timer4] DEBUG impl.WatchRequests (WatchRequests.java:handleTimeout(131)) - s0@group-E525AA2370AC-WatchRequests: timeout Watch-ALL(13)@44.239s?java.util.concurrent.CompletionException: org.apache.ratis.protocol.exceptions.NotReplicatedException: Request with call Id 314 and log index 13 is not yet replicated to ALL, RaftClientRequest:client-44EF9202E0DA->s0@group-E525AA2370AC, cid=314, seq=null, Watch-ALL(13), Message:<EMPTY>
2024-01-25 07:58:17,077 [timer0] DEBUG impl.WatchRequests (WatchRequests.java:handleTimeout(131)) - s0@group-E525AA2370AC-WatchRequests: timeout Watch-ALL(8)@44.239s?java.util.concurrent.CompletionException: org.apache.ratis.protocol.exceptions.NotReplicatedException: Request with call Id 298 and log index 8 is not yet replicated to ALL, RaftClientRequest:client-44EF9202E0DA->s0@group-E525AA2370AC, cid=298, seq=null, Watch-ALL(8), Message:<EMPTY>
2024-01-25 07:58:17,077 [ForkJoinPool.commonPool-worker-1] DEBUG impl.UnorderedAsync (UnorderedAsync.java:lambda$sendRequestWithRetry$4(83)) - client-44EF9202E0DA: attempt #1 receive~ RaftClientReply:client-44EF9202E0DA->s0@group-E525AA2370AC, cid=310, FAILED org.apache.ratis.protocol.exceptions.NotReplicatedException: Request with call Id 310 and log index 11 is not yet replicated to ALL, logIndex=11, commits[s0:c19, s1:c2, s2:c19]
2024-01-25 07:58:17,077 [timer0] DEBUG impl.WatchRequests (WatchRequests.java:handleTimeout(131)) - s0@group-E525AA2370AC-WatchRequests: timeout Watch-ALL_COMMITTED(14)@44.239s?java.util.concurrent.CompletionException: org.apache.ratis.protocol.exceptions.NotReplicatedException: Request with call Id 320 and log index 14 is not yet replicated to ALL_COMMITTED, RaftClientRequest:client-44EF9202E0DA->s0@group-E525AA2370AC, cid=320, seq=null, Watch-ALL_COMMITTED(14), Message:<EMPTY>
2024-01-25 07:58:17,077 [timer6] DEBUG impl.WatchRequests (WatchRequests.java:handleTimeout(131)) - s0@group-E525AA2370AC-WatchRequests: timeout Watch-ALL_COMMITTED(4)@44.239s?java.util.concurrent.CompletionException: org.apache.ratis.protocol.exceptions.NotReplicatedException: Request with call Id 288 and log index 4 is not yet replicated to ALL_COMMITTED, RaftClientRequest:client-44EF9202E0DA->s0@group-E525AA2370AC, cid=288, seq=null, Watch-ALL_COMMITTED(4), Message:<EMPTY>
2024-01-25 07:58:17,077 [timer6] DEBUG impl.WatchRequests (WatchRequests.java:handleTimeout(131)) - s0@group-E525AA2370AC-WatchRequests: timeout Watch-ALL(10)@44.239s?java.util.concurrent.CompletionException: org.apache.ratis.protocol.exceptions.NotReplicatedException: Request with call Id 306 and log index 10 is not yet replicated to ALL, RaftClientRequest:client-44EF9202E0DA->s0@group-E525AA2370AC, cid=306, seq=null, Watch-ALL(10), Message:<EMPTY>
2024-01-25 07:58:17,077 [timer6] DEBUG impl.WatchRequests (WatchRequests.java:handleTimeout(131)) - s0@group-E525AA2370AC-WatchRequests: timeout Watch-ALL(14)@44.239s?java.util.concurrent.CompletionException: org.apache.ratis.protocol.exceptions.NotReplicatedException: Request with call Id 318 and log index 14 is not yet replicated to ALL, RaftClientRequest:client-44EF9202E0DA->s0@group-E525AA2370AC, cid=318, seq=null, Watch-ALL(14), Message:<EMPTY>
2024-01-25 07:58:17,076 [timer2] DEBUG impl.WatchRequests (WatchRequests.java:handleTimeout(131)) - s0@group-E525AA2370AC-WatchRequests: timeout Watch-ALL_COMMITTED(7)@44.239s?java.util.concurrent.CompletionException: org.apache.ratis.protocol.exceptions.NotReplicatedException: Request with call Id 296 and log index 7 is not yet replicated to ALL_COMMITTED, RaftClientRequest:client-44EF9202E0DA->s0@group-E525AA2370AC, cid=296, seq=null, Watch-ALL_COMMITTED(7), Message:<EMPTY>
2024-01-25 07:58:17,077 [timer2] DEBUG impl.WatchRequests (WatchRequests.java:handleTimeout(131)) - s0@group-E525AA2370AC-WatchRequests: timeout Watch-ALL_COMMITTED(8)@44.239s?java.util.concurrent.CompletionException: org.apache.ratis.protocol.exceptions.NotReplicatedException: Request with call Id 300 and log index 8 is not yet replicated to ALL_COMMITTED, RaftClientRequest:client-44EF9202E0DA->s0@group-E525AA2370AC, cid=300, seq=null, Watch-ALL_COMMITTED(8), Message:<EMPTY>
2024-01-25 07:58:17,078 [ForkJoinPool.commonPool-worker-3] DEBUG impl.UnorderedAsync (UnorderedAsync.java:lambda$sendRequestWithRetry$4(83)) - client-44EF9202E0DA: attempt #1 receive~ RaftClientReply:client-44EF9202E0DA->s0@group-E525AA2370AC, cid=294, FAILED org.apache.ratis.protocol.exceptions.NotReplicatedException: Request with call Id 294 and log index 7 is not yet replicated to ALL, logIndex=7, commits[s0:c19, s1:c2, s2:c19]
2024-01-25 07:58:17,077 [timer5] DEBUG impl.WatchRequests (WatchRequests.java:handleTimeout(131)) - s0@group-E525AA2370AC-WatchRequests: timeout Watch-ALL(3)@44.239s?java.util.concurrent.CompletionException: org.apache.ratis.protocol.exceptions.NotReplicatedException: Request with call Id 282 and log index 3 is not yet replicated to ALL, RaftClientRequest:client-44EF9202E0DA->s0@group-E525AA2370AC, cid=282, seq=null, Watch-ALL(3), Message:<EMPTY>
2024-01-25 07:58:17,077 [timer7] DEBUG impl.WatchRequests (WatchRequests.java:handleTimeout(131)) - s0@group-E525AA2370AC-WatchRequests: timeout Watch-ALL(9)@44.239s?java.util.concurrent.CompletionException: org.apache.ratis.protocol.exceptions.NotReplicatedException: Request with call Id 302 and log index 9 is not yet replicated to ALL, RaftClientRequest:client-44EF9202E0DA->s0@group-E525AA2370AC, cid=302, seq=null, Watch-ALL(9), Message:<EMPTY>
2024-01-25 07:58:17,077 [null-request--thread1] INFO  server.GrpcClientProtocolService (GrpcClientProtocolService.java:lambda$processClientRequest$0(323)) - Failed RaftClientRequest:client-44EF9202E0DA->s0@group-E525AA2370AC, cid=284, seq=null, Watch-ALL_COMMITTED(3), Message:<EMPTY>, reply=RaftClientReply:client-44EF9202E0DA->s0@group-E525AA2370AC, cid=284, FAILED org.apache.ratis.protocol.exceptions.NotReplicatedException: Request with call Id 284 and log index 3 is not yet replicated to ALL_COMMITTED, logIndex=3, commits[s0:c19, s1:c2, s2:c19]
2024-01-25 07:58:17,078 [timer7] DEBUG impl.WatchRequests (WatchRequests.java:handleTimeout(131)) - s0@group-E525AA2370AC-WatchRequests: timeout Watch-ALL_COMMITTED(10)@44.239s?java.util.concurrent.CompletionException: org.apache.ratis.protocol.exceptions.NotReplicatedException: Request with call Id 308 and log index 10 is not yet replicated to ALL_COMMITTED, RaftClientRequest:client-44EF9202E0DA->s0@group-E525AA2370AC, cid=308, seq=null, Watch-ALL_COMMITTED(10), Message:<EMPTY>
2024-01-25 07:58:17,078 [timer5] DEBUG impl.WatchRequests (WatchRequests.java:handleTimeout(131)) - s0@group-E525AA2370AC-WatchRequests: timeout Watch-ALL_COMMITTED(13)@44.239s?java.util.concurrent.CompletionException: org.apache.ratis.protocol.exceptions.NotReplicatedException: Request with call Id 316 and log index 13 is not yet replicated to ALL_COMMITTED, RaftClientRequest:client-44EF9202E0DA->s0@group-E525AA2370AC, cid=316, seq=null, Watch-ALL_COMMITTED(13), Message:<EMPTY>
2024-01-25 07:58:17,078 [null-request--thread1] INFO  server.GrpcClientProtocolService (GrpcClientProtocolService.java:lambda$processClientRequest$0(323)) - Failed RaftClientRequest:client-44EF9202E0DA->s0@group-E525AA2370AC, cid=296, seq=null, Watch-ALL_COMMITTED(7), Message:<EMPTY>, reply=RaftClientReply:client-44EF9202E0DA->s0@group-E525AA2370AC, cid=296, FAILED org.apache.ratis.protocol.exceptions.NotReplicatedException: Request with call Id 296 and log index 7 is not yet replicated to ALL_COMMITTED, logIndex=7, commits[s0:c19, s1:c2, s2:c19]
2024-01-25 07:58:17,078 [timer2] DEBUG impl.WatchRequests (WatchRequests.java:handleTimeout(131)) - s0@group-E525AA2370AC-WatchRequests: timeout Watch-ALL_COMMITTED(11)@44.239s?java.util.concurrent.CompletionException: org.apache.ratis.protocol.exceptions.NotReplicatedException: Request with call Id 312 and log index 11 is not yet replicated to ALL_COMMITTED, RaftClientRequest:client-44EF9202E0DA->s0@group-E525AA2370AC, cid=312, seq=null, Watch-ALL_COMMITTED(11), Message:<EMPTY>
2024-01-25 07:58:17,077 [ForkJoinPool.commonPool-worker-1] DEBUG impl.UnorderedAsync (UnorderedAsync.java:lambda$sendRequestWithRetry$4(83)) - client-44EF9202E0DA: attempt #1 receive~ RaftClientReply:client-44EF9202E0DA->s0@group-E525AA2370AC, cid=292, FAILED org.apache.ratis.protocol.exceptions.NotReplicatedException: Request with call Id 292 and log index 5 is not yet replicated to ALL_COMMITTED, logIndex=5, commits[s0:c19, s1:c2, s2:c19]
2024-01-25 07:58:17,078 [null-request--thread1] INFO  server.GrpcClientProtocolService (GrpcClientProtocolService.java:lambda$processClientRequest$0(323)) - Failed RaftClientRequest:client-44EF9202E0DA->s0@group-E525AA2370AC, cid=304, seq=null, Watch-ALL_COMMITTED(9), Message:<EMPTY>, reply=RaftClientReply:client-44EF9202E0DA->s0@group-E525AA2370AC, cid=304, FAILED org.apache.ratis.protocol.exceptions.NotReplicatedException: Request with call Id 304 and log index 9 is not yet replicated to ALL_COMMITTED, logIndex=9, commits[s0:c19, s1:c2, s2:c19]
2024-01-25 07:58:17,079 [ForkJoinPool.commonPool-worker-1] DEBUG impl.UnorderedAsync (UnorderedAsync.java:lambda$sendRequestWithRetry$4(83)) - client-44EF9202E0DA: attempt #1 receive~ RaftClientReply:client-44EF9202E0DA->s0@group-E525AA2370AC, cid=284, FAILED org.apache.ratis.protocol.exceptions.NotReplicatedException: Request with call Id 284 and log index 3 is not yet replicated to ALL_COMMITTED, logIndex=3, commits[s0:c19, s1:c2, s2:c19]
2024-01-25 07:58:17,079 [null-request--thread1] INFO  server.GrpcClientProtocolService (GrpcClientProtocolService.java:lambda$processClientRequest$0(323)) - Failed RaftClientRequest:client-44EF9202E0DA->s0@group-E525AA2370AC, cid=286, seq=null, Watch-ALL(4), Message:<EMPTY>, reply=RaftClientReply:client-44EF9202E0DA->s0@group-E525AA2370AC, cid=286, FAILED org.apache.ratis.protocol.exceptions.NotReplicatedException: Request with call Id 286 and log index 4 is not yet replicated to ALL, logIndex=4, commits[s0:c19, s1:c2, s2:c19]
2024-01-25 07:58:17,079 [ForkJoinPool.commonPool-worker-1] DEBUG impl.UnorderedAsync (UnorderedAsync.java:lambda$sendRequestWithRetry$4(83)) - client-44EF9202E0DA: attempt #1 receive~ RaftClientReply:client-44EF9202E0DA->s0@group-E525AA2370AC, cid=296, FAILED org.apache.ratis.protocol.exceptions.NotReplicatedException: Request with call Id 296 and log index 7 is not yet replicated to ALL_COMMITTED, logIndex=7, commits[s0:c19, s1:c2, s2:c19]
2024-01-25 07:58:17,079 [null-request--thread1] INFO  server.GrpcClientProtocolService (GrpcClientProtocolService.java:lambda$processClientRequest$0(323)) - Failed RaftClientRequest:client-44EF9202E0DA->s0@group-E525AA2370AC, cid=290, seq=null, Watch-ALL(5), Message:<EMPTY>, reply=RaftClientReply:client-44EF9202E0DA->s0@group-E525AA2370AC, cid=290, FAILED org.apache.ratis.protocol.exceptions.NotReplicatedException: Request with call Id 290 and log index 5 is not yet replicated to ALL, logIndex=5, commits[s0:c19, s1:c2, s2:c19]
2024-01-25 07:58:17,079 [ForkJoinPool.commonPool-worker-1] DEBUG impl.UnorderedAsync (UnorderedAsync.java:lambda$sendRequestWithRetry$4(83)) - client-44EF9202E0DA: attempt #1 receive~ RaftClientReply:client-44EF9202E0DA->s0@group-E525AA2370AC, cid=304, FAILED org.apache.ratis.protocol.exceptions.NotReplicatedException: Request with call Id 304 and log index 9 is not yet replicated to ALL_COMMITTED, logIndex=9, commits[s0:c19, s1:c2, s2:c19]
2024-01-25 07:58:17,079 [null-request--thread1] INFO  server.GrpcClientProtocolService (GrpcClientProtocolService.java:lambda$processClientRequest$0(323)) - Failed RaftClientRequest:client-44EF9202E0DA->s0@group-E525AA2370AC, cid=314, seq=null, Watch-ALL(13), Message:<EMPTY>, reply=RaftClientReply:client-44EF9202E0DA->s0@group-E525AA2370AC, cid=314, FAILED org.apache.ratis.protocol.exceptions.NotReplicatedException: Request with call Id 314 and log index 13 is not yet replicated to ALL, logIndex=13, commits[s0:c19, s1:c2, s2:c19]
2024-01-25 07:58:17,079 [null-request--thread1] INFO  server.GrpcClientProtocolService (GrpcClientProtocolService.java:lambda$processClientRequest$0(323)) - Failed RaftClientRequest:client-44EF9202E0DA->s0@group-E525AA2370AC, cid=298, seq=null, Watch-ALL(8), Message:<EMPTY>, reply=RaftClientReply:client-44EF9202E0DA->s0@group-E525AA2370AC, cid=298, FAILED org.apache.ratis.protocol.exceptions.NotReplicatedException: Request with call Id 298 and log index 8 is not yet replicated to ALL, logIndex=8, commits[s0:c19, s1:c2, s2:c19]
2024-01-25 07:58:17,079 [null-request--thread1] INFO  server.GrpcClientProtocolService (GrpcClientProtocolService.java:lambda$processClientRequest$0(323)) - Failed RaftClientRequest:client-44EF9202E0DA->s0@group-E525AA2370AC, cid=302, seq=null, Watch-ALL(9), Message:<EMPTY>, reply=RaftClientReply:client-44EF9202E0DA->s0@group-E525AA2370AC, cid=302, FAILED org.apache.ratis.protocol.exceptions.NotReplicatedException: Request with call Id 302 and log index 9 is not yet replicated to ALL, logIndex=9, commits[s0:c19, s1:c2, s2:c19]
2024-01-25 07:58:17,079 [null-request--thread1] INFO  server.GrpcClientProtocolService (GrpcClientProtocolService.java:lambda$processClientRequest$0(323)) - Failed RaftClientRequest:client-44EF9202E0DA->s0@group-E525AA2370AC, cid=282, seq=null, Watch-ALL(3), Message:<EMPTY>, reply=RaftClientReply:client-44EF9202E0DA->s0@group-E525AA2370AC, cid=282, FAILED org.apache.ratis.protocol.exceptions.NotReplicatedException: Request with call Id 282 and log index 3 is not yet replicated to ALL, logIndex=3, commits[s0:c19, s1:c2, s2:c19]
2024-01-25 07:58:17,080 [null-request--thread1] INFO  server.GrpcClientProtocolService (GrpcClientProtocolService.java:lambda$processClientRequest$0(323)) - Failed RaftClientRequest:client-44EF9202E0DA->s0@group-E525AA2370AC, cid=320, seq=null, Watch-ALL_COMMITTED(14), Message:<EMPTY>, reply=RaftClientReply:client-44EF9202E0DA->s0@group-E525AA2370AC, cid=320, FAILED org.apache.ratis.protocol.exceptions.NotReplicatedException: Request with call Id 320 and log index 14 is not yet replicated to ALL_COMMITTED, logIndex=14, commits[s0:c19, s1:c2, s2:c19]
2024-01-25 07:58:17,080 [ForkJoinPool.commonPool-worker-1] DEBUG impl.UnorderedAsync (UnorderedAsync.java:lambda$sendRequestWithRetry$4(83)) - client-44EF9202E0DA: attempt #1 receive~ RaftClientReply:client-44EF9202E0DA->s0@group-E525AA2370AC, cid=286, FAILED org.apache.ratis.protocol.exceptions.NotReplicatedException: Request with call Id 286 and log index 4 is not yet replicated to ALL, logIndex=4, commits[s0:c19, s1:c2, s2:c19]
2024-01-25 07:58:17,080 [null-request--thread1] INFO  server.GrpcClientProtocolService (GrpcClientProtocolService.java:lambda$processClientRequest$0(323)) - Failed RaftClientRequest:client-44EF9202E0DA->s0@group-E525AA2370AC, cid=288, seq=null, Watch-ALL_COMMITTED(4), Message:<EMPTY>, reply=RaftClientReply:client-44EF9202E0DA->s0@group-E525AA2370AC, cid=288, FAILED org.apache.ratis.protocol.exceptions.NotReplicatedException: Request with call Id 288 and log index 4 is not yet replicated to ALL_COMMITTED, logIndex=4, commits[s0:c19, s1:c2, s2:c19]
2024-01-25 07:58:17,080 [ForkJoinPool.commonPool-worker-1] DEBUG impl.UnorderedAsync (UnorderedAsync.java:lambda$sendRequestWithRetry$4(83)) - client-44EF9202E0DA: attempt #1 receive~ RaftClientReply:client-44EF9202E0DA->s0@group-E525AA2370AC, cid=290, FAILED org.apache.ratis.protocol.exceptions.NotReplicatedException: Request with call Id 290 and log index 5 is not yet replicated to ALL, logIndex=5, commits[s0:c19, s1:c2, s2:c19]
2024-01-25 07:58:17,080 [null-request--thread1] INFO  server.GrpcClientProtocolService (GrpcClientProtocolService.java:lambda$processClientRequest$0(323)) - Failed RaftClientRequest:client-44EF9202E0DA->s0@group-E525AA2370AC, cid=306, seq=null, Watch-ALL(10), Message:<EMPTY>, reply=RaftClientReply:client-44EF9202E0DA->s0@group-E525AA2370AC, cid=306, FAILED org.apache.ratis.protocol.exceptions.NotReplicatedException: Request with call Id 306 and log index 10 is not yet replicated to ALL, logIndex=10, commits[s0:c19, s1:c2, s2:c19]
2024-01-25 07:58:17,080 [null-request--thread1] INFO  server.GrpcClientProtocolService (GrpcClientProtocolService.java:lambda$processClientRequest$0(323)) - Failed RaftClientRequest:client-44EF9202E0DA->s0@group-E525AA2370AC, cid=318, seq=null, Watch-ALL(14), Message:<EMPTY>, reply=RaftClientReply:client-44EF9202E0DA->s0@group-E525AA2370AC, cid=318, FAILED org.apache.ratis.protocol.exceptions.NotReplicatedException: Request with call Id 318 and log index 14 is not yet replicated to ALL, logIndex=14, commits[s0:c19, s1:c2, s2:c19]
2024-01-25 07:58:17,080 [ForkJoinPool.commonPool-worker-3] DEBUG impl.UnorderedAsync (UnorderedAsync.java:lambda$sendRequestWithRetry$4(83)) - client-44EF9202E0DA: attempt #1 receive~ RaftClientReply:client-44EF9202E0DA->s0@group-E525AA2370AC, cid=314, FAILED org.apache.ratis.protocol.exceptions.NotReplicatedException: Request with call Id 314 and log index 13 is not yet replicated to ALL, logIndex=13, commits[s0:c19, s1:c2, s2:c19]
2024-01-25 07:58:17,080 [ForkJoinPool.commonPool-worker-3] DEBUG impl.UnorderedAsync (UnorderedAsync.java:lambda$sendRequestWithRetry$4(83)) - client-44EF9202E0DA: attempt #1 receive~ RaftClientReply:client-44EF9202E0DA->s0@group-E525AA2370AC, cid=298, FAILED org.apache.ratis.protocol.exceptions.NotReplicatedException: Request with call Id 298 and log index 8 is not yet replicated to ALL, logIndex=8, commits[s0:c19, s1:c2, s2:c19]
2024-01-25 07:58:17,080 [null-request--thread1] INFO  server.GrpcClientProtocolService (GrpcClientProtocolService.java:lambda$processClientRequest$0(323)) - Failed RaftClientRequest:client-44EF9202E0DA->s0@group-E525AA2370AC, cid=300, seq=null, Watch-ALL_COMMITTED(8), Message:<EMPTY>, reply=RaftClientReply:client-44EF9202E0DA->s0@group-E525AA2370AC, cid=300, FAILED org.apache.ratis.protocol.exceptions.NotReplicatedException: Request with call Id 300 and log index 8 is not yet replicated to ALL_COMMITTED, logIndex=8, commits[s0:c19, s1:c2, s2:c19]
2024-01-25 07:58:17,080 [ForkJoinPool.commonPool-worker-3] DEBUG impl.UnorderedAsync (UnorderedAsync.java:lambda$sendRequestWithRetry$4(83)) - client-44EF9202E0DA: attempt #1 receive~ RaftClientReply:client-44EF9202E0DA->s0@group-E525AA2370AC, cid=302, FAILED org.apache.ratis.protocol.exceptions.NotReplicatedException: Request with call Id 302 and log index 9 is not yet replicated to ALL, logIndex=9, commits[s0:c19, s1:c2, s2:c19]
2024-01-25 07:58:17,080 [null-request--thread1] INFO  server.GrpcClientProtocolService (GrpcClientProtocolService.java:lambda$processClientRequest$0(323)) - Failed RaftClientRequest:client-44EF9202E0DA->s0@group-E525AA2370AC, cid=312, seq=null, Watch-ALL_COMMITTED(11), Message:<EMPTY>, reply=RaftClientReply:client-44EF9202E0DA->s0@group-E525AA2370AC, cid=312, FAILED org.apache.ratis.protocol.exceptions.NotReplicatedException: Request with call Id 312 and log index 11 is not yet replicated to ALL_COMMITTED, logIndex=11, commits[s0:c19, s1:c2, s2:c19]
2024-01-25 07:58:17,080 [ForkJoinPool.commonPool-worker-3] DEBUG impl.UnorderedAsync (UnorderedAsync.java:lambda$sendRequestWithRetry$4(83)) - client-44EF9202E0DA: attempt #1 receive~ RaftClientReply:client-44EF9202E0DA->s0@group-E525AA2370AC, cid=282, FAILED org.apache.ratis.protocol.exceptions.NotReplicatedException: Request with call Id 282 and log index 3 is not yet replicated to ALL, logIndex=3, commits[s0:c19, s1:c2, s2:c19]
2024-01-25 07:58:17,080 [Time-limited test] ERROR grpc.TestWatchRequestWithGrpc (WatchRequestTests.java:get(211)) - Failed to get all(3)
2024-01-25 07:58:17,081 [null-request--thread1] INFO  server.GrpcClientProtocolService (GrpcClientProtocolService.java:lambda$processClientRequest$0(323)) - Failed RaftClientRequest:client-44EF9202E0DA->s0@group-E525AA2370AC, cid=316, seq=null, Watch-ALL_COMMITTED(13), Message:<EMPTY>, reply=RaftClientReply:client-44EF9202E0DA->s0@group-E525AA2370AC, cid=316, FAILED org.apache.ratis.protocol.exceptions.NotReplicatedException: Request with call Id 316 and log index 13 is not yet replicated to ALL_COMMITTED, logIndex=13, commits[s0:c19, s1:c2, s2:c19]
2024-01-25 07:58:17,081 [Time-limited test] ERROR grpc.TestWatchRequestWithGrpc (WatchRequestTests.java:get(211)) - Failed to get allCommitted(3)
2024-01-25 07:58:17,081 [null-request--thread1] INFO  server.GrpcClientProtocolService (GrpcClientProtocolService.java:lambda$processClientRequest$0(323)) - Failed RaftClientRequest:client-44EF9202E0DA->s0@group-E525AA2370AC, cid=308, seq=null, Watch-ALL_COMMITTED(10), Message:<EMPTY>, reply=RaftClientReply:client-44EF9202E0DA->s0@group-E525AA2370AC, cid=308, FAILED org.apache.ratis.protocol.exceptions.NotReplicatedException: Request with call Id 308 and log index 10 is not yet replicated to ALL_COMMITTED, logIndex=10, commits[s0:c19, s1:c2, s2:c19]
2024-01-25 07:58:17,081 [ForkJoinPool.commonPool-worker-3] DEBUG impl.UnorderedAsync (UnorderedAsync.java:lambda$sendRequestWithRetry$4(83)) - client-44EF9202E0DA: attempt #1 receive~ RaftClientReply:client-44EF9202E0DA->s0@group-E525AA2370AC, cid=320, FAILED org.apache.ratis.protocol.exceptions.NotReplicatedException: Request with call Id 320 and log index 14 is not yet replicated to ALL_COMMITTED, logIndex=14, commits[s0:c19, s1:c2, s2:c19]
2024-01-25 07:58:17,081 [Time-limited test] INFO  grpc.TestWatchRequestWithGrpc (WatchRequestTests.java:checkTimeout(533)) - checkTimeout 1: receive RaftClientReply:client-44EF9202E0DA->s0@group-E525AA2370AC, cid=272, SUCCESS, logIndex=4, commits[s0:c4, s1:c2, s2:c2]
2024-01-25 07:58:17,081 [Time-limited test] ERROR grpc.TestWatchRequestWithGrpc (WatchRequestTests.java:get(211)) - Failed to get all(4)
2024-01-25 07:58:17,081 [ForkJoinPool.commonPool-worker-3] DEBUG impl.UnorderedAsync (UnorderedAsync.java:lambda$sendRequestWithRetry$4(83)) - client-44EF9202E0DA: attempt #1 receive~ RaftClientReply:client-44EF9202E0DA->s0@group-E525AA2370AC, cid=288, FAILED org.apache.ratis.protocol.exceptions.NotReplicatedException: Request with call Id 288 and log index 4 is not yet replicated to ALL_COMMITTED, logIndex=4, commits[s0:c19, s1:c2, s2:c19]
2024-01-25 07:58:17,081 [Time-limited test] ERROR grpc.TestWatchRequestWithGrpc (WatchRequestTests.java:get(211)) - Failed to get allCommitted(4)
2024-01-25 07:58:17,081 [Time-limited test] INFO  grpc.TestWatchRequestWithGrpc (WatchRequestTests.java:checkTimeout(533)) - checkTimeout 2: receive RaftClientReply:client-44EF9202E0DA->s0@group-E525AA2370AC, cid=273, SUCCESS, logIndex=5, commits[s0:c8, s1:c2, s2:c3]
2024-01-25 07:58:17,081 [ForkJoinPool.commonPool-worker-3] DEBUG impl.UnorderedAsync (UnorderedAsync.java:lambda$sendRequestWithRetry$4(83)) - client-44EF9202E0DA: attempt #1 receive~ RaftClientReply:client-44EF9202E0DA->s0@group-E525AA2370AC, cid=306, FAILED org.apache.ratis.protocol.exceptions.NotReplicatedException: Request with call Id 306 and log index 10 is not yet replicated to ALL, logIndex=10, commits[s0:c19, s1:c2, s2:c19]
2024-01-25 07:58:17,081 [Time-limited test] ERROR grpc.TestWatchRequestWithGrpc (WatchRequestTests.java:get(211)) - Failed to get all(5)
2024-01-25 07:58:17,081 [ForkJoinPool.commonPool-worker-3] DEBUG impl.UnorderedAsync (UnorderedAsync.java:lambda$sendRequestWithRetry$4(83)) - client-44EF9202E0DA: attempt #1 receive~ RaftClientReply:client-44EF9202E0DA->s0@group-E525AA2370AC, cid=318, FAILED org.apache.ratis.protocol.exceptions.NotReplicatedException: Request with call Id 318 and log index 14 is not yet replicated to ALL, logIndex=14, commits[s0:c19, s1:c2, s2:c19]
2024-01-25 07:58:17,081 [Time-limited test] ERROR grpc.TestWatchRequestWithGrpc (WatchRequestTests.java:get(211)) - Failed to get allCommitted(5)
2024-01-25 07:58:17,082 [Time-limited test] INFO  grpc.TestWatchRequestWithGrpc (WatchRequestTests.java:checkTimeout(533)) - checkTimeout 3: receive RaftClientReply:client-44EF9202E0DA->s0@group-E525AA2370AC, cid=274, SUCCESS, logIndex=7, commits[s0:c8, s1:c2, s2:c3]
2024-01-25 07:58:17,082 [Time-limited test] ERROR grpc.TestWatchRequestWithGrpc (WatchRequestTests.java:get(211)) - Failed to get all(7)
2024-01-25 07:58:17,082 [ForkJoinPool.commonPool-worker-3] DEBUG impl.UnorderedAsync (UnorderedAsync.java:lambda$sendRequestWithRetry$4(83)) - client-44EF9202E0DA: attempt #1 receive~ RaftClientReply:client-44EF9202E0DA->s0@group-E525AA2370AC, cid=300, FAILED org.apache.ratis.protocol.exceptions.NotReplicatedException: Request with call Id 300 and log index 8 is not yet replicated to ALL_COMMITTED, logIndex=8, commits[s0:c19, s1:c2, s2:c19]
2024-01-25 07:58:17,082 [Time-limited test] ERROR grpc.TestWatchRequestWithGrpc (WatchRequestTests.java:get(211)) - Failed to get allCommitted(7)
2024-01-25 07:58:17,082 [ForkJoinPool.commonPool-worker-3] DEBUG impl.UnorderedAsync (UnorderedAsync.java:lambda$sendRequestWithRetry$4(83)) - client-44EF9202E0DA: attempt #1 receive~ RaftClientReply:client-44EF9202E0DA->s0@group-E525AA2370AC, cid=312, FAILED org.apache.ratis.protocol.exceptions.NotReplicatedException: Request with call Id 312 and log index 11 is not yet replicated to ALL_COMMITTED, logIndex=11, commits[s0:c19, s1:c2, s2:c19]
2024-01-25 07:58:17,082 [Time-limited test] INFO  grpc.TestWatchRequestWithGrpc (WatchRequestTests.java:checkTimeout(533)) - checkTimeout 4: receive RaftClientReply:client-44EF9202E0DA->s0@group-E525AA2370AC, cid=275, SUCCESS, logIndex=8, commits[s0:c8, s1:c2, s2:c3]
2024-01-25 07:58:17,082 [Time-limited test] ERROR grpc.TestWatchRequestWithGrpc (WatchRequestTests.java:get(211)) - Failed to get all(8)
2024-01-25 07:58:17,082 [Time-limited test] ERROR grpc.TestWatchRequestWithGrpc (WatchRequestTests.java:get(211)) - Failed to get allCommitted(8)
2024-01-25 07:58:17,082 [Time-limited test] INFO  grpc.TestWatchRequestWithGrpc (WatchRequestTests.java:checkTimeout(533)) - checkTimeout 5: receive RaftClientReply:client-44EF9202E0DA->s0@group-E525AA2370AC, cid=276, SUCCESS, logIndex=9, commits[s0:c10, s1:c2, s2:c3]
2024-01-25 07:58:17,082 [ForkJoinPool.commonPool-worker-3] DEBUG impl.UnorderedAsync (UnorderedAsync.java:lambda$sendRequestWithRetry$4(83)) - client-44EF9202E0DA: attempt #1 receive~ RaftClientReply:client-44EF9202E0DA->s0@group-E525AA2370AC, cid=316, FAILED org.apache.ratis.protocol.exceptions.NotReplicatedException: Request with call Id 316 and log index 13 is not yet replicated to ALL_COMMITTED, logIndex=13, commits[s0:c19, s1:c2, s2:c19]
2024-01-25 07:58:17,082 [ForkJoinPool.commonPool-worker-1] DEBUG impl.UnorderedAsync (UnorderedAsync.java:lambda$sendRequestWithRetry$4(83)) - client-44EF9202E0DA: attempt #1 receive~ RaftClientReply:client-44EF9202E0DA->s0@group-E525AA2370AC, cid=308, FAILED org.apache.ratis.protocol.exceptions.NotReplicatedException: Request with call Id 308 and log index 10 is not yet replicated to ALL_COMMITTED, logIndex=10, commits[s0:c19, s1:c2, s2:c19]
2024-01-25 07:58:17,082 [Time-limited test] ERROR grpc.TestWatchRequestWithGrpc (WatchRequestTests.java:get(211)) - Failed to get all(9)
2024-01-25 07:58:17,082 [Time-limited test] ERROR grpc.TestWatchRequestWithGrpc (WatchRequestTests.java:get(211)) - Failed to get allCommitted(9)
2024-01-25 07:58:17,082 [Time-limited test] INFO  grpc.TestWatchRequestWithGrpc (WatchRequestTests.java:checkTimeout(533)) - checkTimeout 6: receive RaftClientReply:client-44EF9202E0DA->s0@group-E525AA2370AC, cid=277, SUCCESS, logIndex=10, commits[s0:c10, s1:c2, s2:c3]
2024-01-25 07:58:17,082 [Time-limited test] ERROR grpc.TestWatchRequestWithGrpc (WatchRequestTests.java:get(211)) - Failed to get all(10)
2024-01-25 07:58:17,082 [Time-limited test] ERROR grpc.TestWatchRequestWithGrpc (WatchRequestTests.java:get(211)) - Failed to get allCommitted(10)
2024-01-25 07:58:17,082 [Time-limited test] INFO  grpc.TestWatchRequestWithGrpc (WatchRequestTests.java:checkTimeout(533)) - checkTimeout 7: receive RaftClientReply:client-44EF9202E0DA->s0@group-E525AA2370AC, cid=278, SUCCESS, logIndex=11, commits[s0:c11, s1:c2, s2:c3]
2024-01-25 07:58:17,082 [Time-limited test] ERROR grpc.TestWatchRequestWithGrpc (WatchRequestTests.java:get(211)) - Failed to get all(11)
2024-01-25 07:58:17,083 [Time-limited test] ERROR grpc.TestWatchRequestWithGrpc (WatchRequestTests.java:get(211)) - Failed to get allCommitted(11)
2024-01-25 07:58:17,083 [Time-limited test] INFO  grpc.TestWatchRequestWithGrpc (WatchRequestTests.java:checkTimeout(533)) - checkTimeout 8: receive RaftClientReply:client-44EF9202E0DA->s0@group-E525AA2370AC, cid=279, SUCCESS, logIndex=13, commits[s0:c13, s1:c2, s2:c4]
2024-01-25 07:58:17,083 [Time-limited test] ERROR grpc.TestWatchRequestWithGrpc (WatchRequestTests.java:get(211)) - Failed to get all(13)
2024-01-25 07:58:17,083 [Time-limited test] ERROR grpc.TestWatchRequestWithGrpc (WatchRequestTests.java:get(211)) - Failed to get allCommitted(13)
2024-01-25 07:58:17,083 [Time-limited test] INFO  grpc.TestWatchRequestWithGrpc (WatchRequestTests.java:checkTimeout(533)) - checkTimeout 9: receive RaftClientReply:client-44EF9202E0DA->s0@group-E525AA2370AC, cid=280, SUCCESS, logIndex=14, commits[s0:c14, s1:c2, s2:c4]
2024-01-25 07:58:17,083 [Time-limited test] ERROR grpc.TestWatchRequestWithGrpc (WatchRequestTests.java:get(211)) - Failed to get all(14)
2024-01-25 07:58:17,083 [Time-limited test] ERROR grpc.TestWatchRequestWithGrpc (WatchRequestTests.java:get(211)) - Failed to get allCommitted(14)
2024-01-25 07:58:17,083 [Time-limited test] INFO  impl.SimpleStateMachine4Testing (SimpleStateMachine4Testing.java:unblock(142)) - unblock FLUSH_STATE_MACHINE_DATA
2024-01-25 07:58:17,083 [Time-limited test] INFO  grpc.TestWatchRequestWithGrpc (WatchRequestTests.java:runTestWatchRequestTimeout(430)) - unblock follower s1
2024-01-25 07:58:17,083 [Time-limited test] INFO  grpc.TestWatchRequestWithGrpc (WatchRequestTests.java:runTest(152)) - 20) numMessages=20, printing ALL groups
  s0:  RUNNING    LEADER s0@group-E525AA2370AC:t1, leader=s0, voted=s0, raftlog=Memoized:s0@group-E525AA2370AC-SegmentedRaftLog:OPENED:c19, conf=0: peers:[s0|localhost:15024, s1|localhost:15028, s2|localhost:15032]|listeners:[], old=null RUNNING
  s1:  RUNNING  FOLLOWER s1@group-E525AA2370AC:t1, leader=s0, voted=s0, raftlog=Memoized:s1@group-E525AA2370AC-SegmentedRaftLog:OPENED:c2, conf=0: peers:[s0|localhost:15024, s1|localhost:15028, s2|localhost:15032]|listeners:[], old=null RUNNING
  s2:  RUNNING  FOLLOWER s2@group-E525AA2370AC:t1, leader=s0, voted=s0, raftlog=Memoized:s2@group-E525AA2370AC-SegmentedRaftLog:OPENED:c19, conf=0: peers:[s0|localhost:15024, s1|localhost:15028, s2|localhost:15032]|listeners:[], old=null RUNNING
2024-01-25 07:58:17,083 [Time-limited test] INFO  server.RaftServerConfigKeys (ConfUtils.java:logGet(46)) - raft.server.watch.timeout = 500ms (custom)
2024-01-25 07:58:17,083 [Time-limited test] INFO  server.RaftServerConfigKeys (ConfUtils.java:logGet(46)) - raft.server.watch.timeout.denomination = 100ms (custom)
2024-01-25 07:58:17,083 [s1-server-thread1] DEBUG server.RaftServer$Division (RaftServerImpl.java:logAppendEntries(1520)) - s1@group-E525AA2370AC: succeeded to handle AppendEntries. Reply: s0<-s1#43:OK-t1,SUCCESS,nextIndex=4,followerCommit=2,matchIndex=3
2024-01-25 07:58:17,083 [Time-limited test] INFO  grpc.TestWatchRequestWithGrpc (WatchRequestTests.java:runTestWatchRequestTimeout(399)) - block leader s0
2024-01-25 07:58:17,083 [Time-limited test] INFO  impl.SimpleStateMachine4Testing (SimpleStateMachine4Testing.java:block(135)) - block START_TRANSACTION
2024-01-25 07:58:17,084 [Time-limited test] INFO  grpc.TestWatchRequestWithGrpc (WatchRequestTests.java:runTestWatchRequestTimeout(405)) - block follower s2
2024-01-25 07:58:17,084 [Time-limited test] INFO  impl.SimpleStateMachine4Testing (SimpleStateMachine4Testing.java:block(135)) - block FLUSH_STATE_MACHINE_DATA
2024-01-25 07:58:17,084 [Time-limited test] INFO  grpc.TestWatchRequestWithGrpc (WatchRequestTests.java:sendRequests(105)) - SEND_REQUEST 0: message=m0
2024-01-25 07:58:17,084 [s1-server-thread1] DEBUG server.RaftServer$Division (RaftServerImpl.java:logAppendEntries(1520)) - s1@group-E525AA2370AC: succeeded to handle AppendEntries. Reply: s0<-s1#46:OK-t1,SUCCESS,nextIndex=11,followerCommit=3,matchIndex=10
2024-01-25 07:58:17,084 [Time-limited test] DEBUG client.RaftClient (RaftClientImpl.java:get(158)) - client-44EF9202E0DA: get 321 returns []
2024-01-25 07:58:17,084 [s0@group-E525AA2370AC-LeaderStateImpl] DEBUG impl.WatchRequests (WatchRequests.java:updateIndex(150)) - s0@group-E525AA2370AC-WatchRequests: update ALL index from 2 to 3
2024-01-25 07:58:17,084 [s1-server-thread1] DEBUG server.RaftServer$Division (RaftServerImpl.java:logAppendEntries(1520)) - s1@group-E525AA2370AC: succeeded to handle AppendEntries. Reply: s0<-s1#48:OK-t1,SUCCESS,nextIndex=14,followerCommit=4,matchIndex=13
2024-01-25 07:58:17,085 [s1-server-thread4] DEBUG server.RaftServer$Division (RaftServerImpl.java:logAppendEntries(1520)) - s1@group-E525AA2370AC: succeeded to handle AppendEntries. Reply: s0<-s1#49:OK-t1,SUCCESS,nextIndex=15,followerCommit=4,matchIndex=14
2024-01-25 07:58:17,084 [Time-limited test] DEBUG client.RaftClient (RaftClientImpl.java:newRequest(95)) - attempt #1, newRequest RaftClientRequest:client-44EF9202E0DA->s0@group-E525AA2370AC, cid=321, seq=13, RW, m0
2024-01-25 07:58:17,084 [s1-server-thread3] DEBUG server.RaftServer$Division (RaftServerImpl.java:logAppendEntries(1520)) - s1@group-E525AA2370AC: succeeded to handle AppendEntries. Reply: s0<-s1#47:OK-t1,SUCCESS,nextIndex=13,followerCommit=4,matchIndex=12
2024-01-25 07:58:17,084 [s1@group-E525AA2370AC-StateMachineUpdater] INFO  impl.SimpleStateMachine4Testing (SimpleStateMachine4Testing.java:applyTransaction(248)) - applyTransaction for log index 3
2024-01-25 07:58:17,085 [Time-limited test] INFO  grpc.TestWatchRequestWithGrpc (WatchRequestTests.java:sendRequests(105)) - SEND_REQUEST 1: message=m1
2024-01-25 07:58:17,084 [s1-server-thread2] DEBUG server.RaftServer$Division (RaftServerImpl.java:logAppendEntries(1520)) - s1@group-E525AA2370AC: succeeded to handle AppendEntries. Reply: s0<-s1#44:OK-t1,SUCCESS,nextIndex=5,followerCommit=3,matchIndex=4
2024-01-25 07:58:17,085 [Time-limited test] DEBUG client.RaftClient (RaftClientImpl.java:get(158)) - client-44EF9202E0DA: get 322 returns []
2024-01-25 07:58:17,085 [Time-limited test] DEBUG client.RaftClient (RaftClientImpl.java:newRequest(95)) - attempt #1, newRequest RaftClientRequest:client-44EF9202E0DA->s0@group-E525AA2370AC, cid=322, seq=14, RW, m1
2024-01-25 07:58:17,085 [s1@group-E525AA2370AC-StateMachineUpdater] INFO  impl.SimpleStateMachine4Testing (SimpleStateMachine4Testing.java:put(205)) - s1: put 3, m0 -> (t:1, i:3), STATEMACHINELOGENTRY, 271@client-44EF9202E0DA
2024-01-25 07:58:17,085 [Time-limited test] INFO  grpc.TestWatchRequestWithGrpc (WatchRequestTests.java:sendRequests(105)) - SEND_REQUEST 2: message=m2
2024-01-25 07:58:17,085 [Time-limited test] DEBUG client.RaftClient (RaftClientImpl.java:get(158)) - client-44EF9202E0DA: get 323 returns []
2024-01-25 07:58:17,085 [Time-limited test] DEBUG client.RaftClient (RaftClientImpl.java:newRequest(95)) - attempt #1, newRequest RaftClientRequest:client-44EF9202E0DA->s0@group-E525AA2370AC, cid=323, seq=15, RW, m2
2024-01-25 07:58:17,086 [s1@group-E525AA2370AC-StateMachineUpdater] INFO  impl.SimpleStateMachine4Testing (SimpleStateMachine4Testing.java:applyTransaction(248)) - applyTransaction for log index 4
2024-01-25 07:58:17,086 [Time-limited test] INFO  grpc.TestWatchRequestWithGrpc (WatchRequestTests.java:sendRequests(105)) - SEND_REQUEST 3: message=m3
2024-01-25 07:58:17,086 [s1@group-E525AA2370AC-StateMachineUpdater] INFO  impl.SimpleStateMachine4Testing (SimpleStateMachine4Testing.java:put(205)) - s1: put 4, m1 -> (t:1, i:4), STATEMACHINELOGENTRY, 272@client-44EF9202E0DA
2024-01-25 07:58:17,086 [Time-limited test] DEBUG client.RaftClient (RaftClientImpl.java:get(158)) - client-44EF9202E0DA: get 324 returns []
2024-01-25 07:58:17,086 [Time-limited test] DEBUG client.RaftClient (RaftClientImpl.java:newRequest(95)) - attempt #1, newRequest RaftClientRequest:client-44EF9202E0DA->s0@group-E525AA2370AC, cid=324, seq=16, RW, m3
2024-01-25 07:58:17,086 [Time-limited test] INFO  grpc.TestWatchRequestWithGrpc (WatchRequestTests.java:sendRequests(105)) - SEND_REQUEST 4: message=m4
2024-01-25 07:58:17,086 [Time-limited test] DEBUG client.RaftClient (RaftClientImpl.java:get(158)) - client-44EF9202E0DA: get 325 returns []
2024-01-25 07:58:17,085 [s1-server-thread6] DEBUG server.RaftServer$Division (RaftServerImpl.java:logAppendEntries(1520)) - s1@group-E525AA2370AC: succeeded to handle AppendEntries. Reply: s0<-s1#52:OK-t1,SUCCESS,nextIndex=17,followerCommit=10,matchIndex=16
2024-01-25 07:58:17,085 [s1-server-thread5] DEBUG server.RaftServer$Division (RaftServerImpl.java:logAppendEntries(1520)) - s1@group-E525AA2370AC: succeeded to handle AppendEntries. Reply: s0<-s1#51:OK-t1,SUCCESS,nextIndex=16,followerCommit=8,matchIndex=15
2024-01-25 07:58:17,086 [Time-limited test] DEBUG client.RaftClient (RaftClientImpl.java:newRequest(95)) - attempt #1, newRequest RaftClientRequest:client-44EF9202E0DA->s0@group-E525AA2370AC, cid=325, seq=17, RW, m4
2024-01-25 07:58:17,086 [s1@group-E525AA2370AC-StateMachineUpdater] INFO  impl.SimpleStateMachine4Testing (SimpleStateMachine4Testing.java:applyTransaction(248)) - applyTransaction for log index 5
2024-01-25 07:58:17,085 [s0-client-thread1] DEBUG server.RaftServer$Division (RaftServerImpl.java:submitClientRequestAsync(880)) - s0@group-E525AA2370AC: receive client request(RaftClientRequest:client-44EF9202E0DA->s0@group-E525AA2370AC, cid=321, seq=13, RW, Message:6d30)
2024-01-25 07:58:17,086 [s1@group-E525AA2370AC-StateMachineUpdater] INFO  impl.SimpleStateMachine4Testing (SimpleStateMachine4Testing.java:put(205)) - s1: put 5, m2 -> (t:1, i:5), STATEMACHINELOGENTRY, 273@client-44EF9202E0DA
2024-01-25 07:58:17,086 [s1-server-thread3] DEBUG server.RaftServer$Division (RaftServerImpl.java:logAppendEntries(1520)) - s1@group-E525AA2370AC: receive appendEntries(s0, 1, (t:1, i:16), 19, false, commits:[s0:c19, s1:c2, s2:c19], cId:501, entries: [(t:1, i:17), METADATAENTRY(c:11), (t:1, i:18), METADATAENTRY(c:13), (t:1, i:19), METADATAENTRY(c:14)]
2024-01-25 07:58:17,086 [Time-limited test] INFO  grpc.TestWatchRequestWithGrpc (WatchRequestTests.java:sendRequests(105)) - SEND_REQUEST 5: message=m5
2024-01-25 07:58:17,087 [Time-limited test] DEBUG client.RaftClient (RaftClientImpl.java:get(158)) - client-44EF9202E0DA: get 326 returns []
2024-01-25 07:58:17,087 [Time-limited test] DEBUG client.RaftClient (RaftClientImpl.java:newRequest(95)) - attempt #1, newRequest RaftClientRequest:client-44EF9202E0DA->s0@group-E525AA2370AC, cid=326, seq=18, RW, m5
2024-01-25 07:58:17,087 [s1@group-E525AA2370AC-StateMachineUpdater] INFO  impl.SimpleStateMachine4Testing (SimpleStateMachine4Testing.java:applyTransaction(248)) - applyTransaction for log index 7
2024-01-25 07:58:17,087 [s1@group-E525AA2370AC-StateMachineUpdater] INFO  impl.SimpleStateMachine4Testing (SimpleStateMachine4Testing.java:put(205)) - s1: put 7, m3 -> (t:1, i:7), STATEMACHINELOGENTRY, 274@client-44EF9202E0DA
2024-01-25 07:58:17,087 [s1@group-E525AA2370AC-StateMachineUpdater] INFO  impl.SimpleStateMachine4Testing (SimpleStateMachine4Testing.java:applyTransaction(248)) - applyTransaction for log index 8
2024-01-25 07:58:17,087 [s1@group-E525AA2370AC-StateMachineUpdater] INFO  impl.SimpleStateMachine4Testing (SimpleStateMachine4Testing.java:put(205)) - s1: put 8, m4 -> (t:1, i:8), STATEMACHINELOGENTRY, 275@client-44EF9202E0DA
2024-01-25 07:58:17,087 [grpc-default-executor-1] DEBUG impl.WatchRequests (WatchRequests.java:updateIndex(150)) - s0@group-E525AA2370AC-WatchRequests: update ALL_COMMITTED index from 2 to 3
2024-01-25 07:58:17,087 [s1@group-E525AA2370AC-StateMachineUpdater] INFO  impl.SimpleStateMachine4Testing (SimpleStateMachine4Testing.java:applyTransaction(248)) - applyTransaction for log index 9
2024-01-25 07:58:17,087 [s0@group-E525AA2370AC-LeaderStateImpl] DEBUG impl.WatchRequests (WatchRequests.java:updateIndex(150)) - s0@group-E525AA2370AC-WatchRequests: update ALL index from 3 to 4
2024-01-25 07:58:17,087 [s1@group-E525AA2370AC-StateMachineUpdater] INFO  impl.SimpleStateMachine4Testing (SimpleStateMachine4Testing.java:put(205)) - s1: put 9, m5 -> (t:1, i:9), STATEMACHINELOGENTRY, 276@client-44EF9202E0DA
2024-01-25 07:58:17,087 [s0@group-E525AA2370AC-LeaderStateImpl] DEBUG impl.WatchRequests (WatchRequests.java:updateIndex(150)) - s0@group-E525AA2370AC-WatchRequests: update ALL index from 4 to 10
2024-01-25 07:58:17,087 [s1@group-E525AA2370AC-StateMachineUpdater] INFO  impl.SimpleStateMachine4Testing (SimpleStateMachine4Testing.java:applyTransaction(248)) - applyTransaction for log index 10
2024-01-25 07:58:17,088 [grpc-default-executor-1] DEBUG impl.WatchRequests (WatchRequests.java:updateIndex(150)) - s0@group-E525AA2370AC-WatchRequests: update ALL_COMMITTED index from 3 to 4
2024-01-25 07:58:17,088 [s1@group-E525AA2370AC-StateMachineUpdater] INFO  impl.SimpleStateMachine4Testing (SimpleStateMachine4Testing.java:put(205)) - s1: put 10, m6 -> (t:1, i:10), STATEMACHINELOGENTRY, 277@client-44EF9202E0DA
2024-01-25 07:58:17,088 [grpc-default-executor-2] DEBUG impl.WatchRequests (WatchRequests.java:updateIndex(150)) - s0@group-E525AA2370AC-WatchRequests: update ALL_COMMITTED index from 4 to 10
2024-01-25 07:58:17,088 [s0@group-E525AA2370AC-LeaderStateImpl] DEBUG impl.WatchRequests (WatchRequests.java:updateIndex(150)) - s0@group-E525AA2370AC-WatchRequests: update ALL index from 10 to 13
2024-01-25 07:58:17,088 [s0@group-E525AA2370AC-LeaderStateImpl] DEBUG impl.WatchRequests (WatchRequests.java:updateIndex(150)) - s0@group-E525AA2370AC-WatchRequests: update ALL index from 13 to 14
2024-01-25 07:58:17,088 [s0@group-E525AA2370AC-LeaderStateImpl] DEBUG impl.WatchRequests (WatchRequests.java:updateIndex(150)) - s0@group-E525AA2370AC-WatchRequests: update ALL index from 14 to 15
2024-01-25 07:58:17,088 [s0@group-E525AA2370AC-LeaderStateImpl] DEBUG impl.WatchRequests (WatchRequests.java:updateIndex(150)) - s0@group-E525AA2370AC-WatchRequests: update ALL index from 15 to 16
2024-01-25 07:58:17,088 [Time-limited test] INFO  grpc.TestWatchRequestWithGrpc (WatchRequestTests.java:sendRequests(105)) - SEND_REQUEST 6: message=m6
2024-01-25 07:58:17,089 [Time-limited test] DEBUG client.RaftClient (RaftClientImpl.java:get(158)) - client-44EF9202E0DA: get 327 returns []
2024-01-25 07:58:17,089 [Time-limited test] DEBUG client.RaftClient (RaftClientImpl.java:newRequest(95)) - attempt #1, newRequest RaftClientRequest:client-44EF9202E0DA->s0@group-E525AA2370AC, cid=327, seq=19, RW, m6
2024-01-25 07:58:17,089 [s1-server-thread4] DEBUG server.RaftServer$Division (RaftServerImpl.java:logAppendEntries(1520)) - s1@group-E525AA2370AC: succeeded to handle AppendEntries. Reply: s0<-s1#501:OK-t1,SUCCESS,nextIndex=20,followerCommit=19,matchIndex=19
2024-01-25 07:58:17,089 [Time-limited test] INFO  grpc.TestWatchRequestWithGrpc (WatchRequestTests.java:sendRequests(105)) - SEND_REQUEST 7: message=m7
2024-01-25 07:58:17,089 [Time-limited test] DEBUG client.RaftClient (RaftClientImpl.java:get(158)) - client-44EF9202E0DA: get 328 returns []
2024-01-25 07:58:17,089 [grpc-default-executor-1] DEBUG impl.WatchRequests (WatchRequests.java:updateIndex(150)) - s0@group-E525AA2370AC-WatchRequests: update ALL_COMMITTED index from 10 to 19
2024-01-25 07:58:17,089 [s1@group-E525AA2370AC-StateMachineUpdater] INFO  impl.SimpleStateMachine4Testing (SimpleStateMachine4Testing.java:applyTransaction(248)) - applyTransaction for log index 11
2024-01-25 07:58:17,089 [s1@group-E525AA2370AC-StateMachineUpdater] INFO  impl.SimpleStateMachine4Testing (SimpleStateMachine4Testing.java:put(205)) - s1: put 11, m7 -> (t:1, i:11), STATEMACHINELOGENTRY, 278@client-44EF9202E0DA
2024-01-25 07:58:17,089 [s1@group-E525AA2370AC-StateMachineUpdater] INFO  impl.SimpleStateMachine4Testing (SimpleStateMachine4Testing.java:applyTransaction(248)) - applyTransaction for log index 13
2024-01-25 07:58:17,089 [s1@group-E525AA2370AC-StateMachineUpdater] INFO  impl.SimpleStateMachine4Testing (SimpleStateMachine4Testing.java:put(205)) - s1: put 13, m8 -> (t:1, i:13), STATEMACHINELOGENTRY, 279@client-44EF9202E0DA
2024-01-25 07:58:17,090 [s1@group-E525AA2370AC-StateMachineUpdater] INFO  impl.SimpleStateMachine4Testing (SimpleStateMachine4Testing.java:applyTransaction(248)) - applyTransaction for log index 14
2024-01-25 07:58:17,090 [s1@group-E525AA2370AC-StateMachineUpdater] INFO  impl.SimpleStateMachine4Testing (SimpleStateMachine4Testing.java:put(205)) - s1: put 14, m9 -> (t:1, i:14), STATEMACHINELOGENTRY, 280@client-44EF9202E0DA
2024-01-25 07:58:17,090 [s0@group-E525AA2370AC-LeaderStateImpl] DEBUG impl.WatchRequests (WatchRequests.java:updateIndex(150)) - s0@group-E525AA2370AC-WatchRequests: update ALL index from 16 to 19
2024-01-25 07:58:17,089 [Time-limited test] DEBUG client.RaftClient (RaftClientImpl.java:newRequest(95)) - attempt #1, newRequest RaftClientRequest:client-44EF9202E0DA->s0@group-E525AA2370AC, cid=328, seq=20, RW, m7
2024-01-25 07:58:17,090 [Time-limited test] INFO  grpc.TestWatchRequestWithGrpc (WatchRequestTests.java:sendRequests(105)) - SEND_REQUEST 8: message=m8
2024-01-25 07:58:17,090 [Time-limited test] DEBUG client.RaftClient (RaftClientImpl.java:get(158)) - client-44EF9202E0DA: get 329 returns []
2024-01-25 07:58:17,090 [Time-limited test] DEBUG client.RaftClient (RaftClientImpl.java:newRequest(95)) - attempt #1, newRequest RaftClientRequest:client-44EF9202E0DA->s0@group-E525AA2370AC, cid=329, seq=21, RW, m8
2024-01-25 07:58:17,090 [Time-limited test] INFO  grpc.TestWatchRequestWithGrpc (WatchRequestTests.java:sendRequests(105)) - SEND_REQUEST 9: message=m9
2024-01-25 07:58:17,090 [Time-limited test] DEBUG client.RaftClient (RaftClientImpl.java:get(158)) - client-44EF9202E0DA: get 330 returns []
2024-01-25 07:58:17,091 [Time-limited test] DEBUG client.RaftClient (RaftClientImpl.java:newRequest(95)) - attempt #1, newRequest RaftClientRequest:client-44EF9202E0DA->s0@group-E525AA2370AC, cid=330, seq=22, RW, m9
2024-01-25 07:58:17,091 [Time-limited test] INFO  grpc.TestWatchRequestWithGrpc (WatchRequestTests.java:sendRequests(105)) - SEND_REQUEST 10: message=m10
2024-01-25 07:58:17,091 [Time-limited test] DEBUG client.RaftClient (RaftClientImpl.java:get(158)) - client-44EF9202E0DA: get 331 returns []
2024-01-25 07:58:17,091 [Time-limited test] DEBUG client.RaftClient (RaftClientImpl.java:newRequest(95)) - attempt #1, newRequest RaftClientRequest:client-44EF9202E0DA->s0@group-E525AA2370AC, cid=331, seq=23, RW, m10
2024-01-25 07:58:17,091 [Time-limited test] INFO  grpc.TestWatchRequestWithGrpc (WatchRequestTests.java:sendRequests(105)) - SEND_REQUEST 11: message=m11
2024-01-25 07:58:17,091 [Time-limited test] DEBUG client.RaftClient (RaftClientImpl.java:get(158)) - client-44EF9202E0DA: get 332 returns []
2024-01-25 07:58:17,091 [Time-limited test] DEBUG client.RaftClient (RaftClientImpl.java:newRequest(95)) - attempt #1, newRequest RaftClientRequest:client-44EF9202E0DA->s0@group-E525AA2370AC, cid=332, seq=24, RW, m11
2024-01-25 07:58:17,091 [Time-limited test] INFO  grpc.TestWatchRequestWithGrpc (WatchRequestTests.java:sendRequests(105)) - SEND_REQUEST 12: message=m12
2024-01-25 07:58:17,091 [Time-limited test] DEBUG client.RaftClient (RaftClientImpl.java:get(158)) - client-44EF9202E0DA: get 333 returns []
2024-01-25 07:58:17,091 [Time-limited test] DEBUG client.RaftClient (RaftClientImpl.java:newRequest(95)) - attempt #1, newRequest RaftClientRequest:client-44EF9202E0DA->s0@group-E525AA2370AC, cid=333, seq=25, RW, m12
2024-01-25 07:58:17,091 [Time-limited test] INFO  grpc.TestWatchRequestWithGrpc (WatchRequestTests.java:sendRequests(105)) - SEND_REQUEST 13: message=m13
2024-01-25 07:58:17,091 [Time-limited test] DEBUG client.RaftClient (RaftClientImpl.java:get(158)) - client-44EF9202E0DA: get 334 returns []
2024-01-25 07:58:17,091 [Time-limited test] DEBUG client.RaftClient (RaftClientImpl.java:newRequest(95)) - attempt #1, newRequest RaftClientRequest:client-44EF9202E0DA->s0@group-E525AA2370AC, cid=334, seq=26, RW, m13
2024-01-25 07:58:17,092 [Time-limited test] INFO  grpc.TestWatchRequestWithGrpc (WatchRequestTests.java:sendRequests(105)) - SEND_REQUEST 14: message=m14
2024-01-25 07:58:17,092 [Time-limited test] DEBUG client.RaftClient (RaftClientImpl.java:get(158)) - client-44EF9202E0DA: get 335 returns []
2024-01-25 07:58:17,092 [Time-limited test] DEBUG client.RaftClient (RaftClientImpl.java:newRequest(95)) - attempt #1, newRequest RaftClientRequest:client-44EF9202E0DA->s0@group-E525AA2370AC, cid=335, seq=27, RW, m14
2024-01-25 07:58:17,092 [Time-limited test] INFO  grpc.TestWatchRequestWithGrpc (WatchRequestTests.java:sendRequests(105)) - SEND_REQUEST 15: message=m15
2024-01-25 07:58:17,092 [Time-limited test] DEBUG client.RaftClient (RaftClientImpl.java:get(158)) - client-44EF9202E0DA: get 336 returns []
2024-01-25 07:58:17,092 [Time-limited test] DEBUG client.RaftClient (RaftClientImpl.java:newRequest(95)) - attempt #1, newRequest RaftClientRequest:client-44EF9202E0DA->s0@group-E525AA2370AC, cid=336, seq=28, RW, m15
2024-01-25 07:58:17,092 [Time-limited test] INFO  grpc.TestWatchRequestWithGrpc (WatchRequestTests.java:sendRequests(105)) - SEND_REQUEST 16: message=m16
2024-01-25 07:58:17,092 [Time-limited test] DEBUG client.RaftClient (RaftClientImpl.java:get(158)) - client-44EF9202E0DA: get 337 returns []
2024-01-25 07:58:17,092 [Time-limited test] DEBUG client.RaftClient (RaftClientImpl.java:newRequest(95)) - attempt #1, newRequest RaftClientRequest:client-44EF9202E0DA->s0@group-E525AA2370AC, cid=337, seq=29, RW, m16
2024-01-25 07:58:17,092 [Time-limited test] INFO  grpc.TestWatchRequestWithGrpc (WatchRequestTests.java:sendRequests(105)) - SEND_REQUEST 17: message=m17
2024-01-25 07:58:17,093 [Time-limited test] DEBUG client.RaftClient (RaftClientImpl.java:get(158)) - client-44EF9202E0DA: get 338 returns []
2024-01-25 07:58:17,093 [Time-limited test] DEBUG client.RaftClient (RaftClientImpl.java:newRequest(95)) - attempt #1, newRequest RaftClientRequest:client-44EF9202E0DA->s0@group-E525AA2370AC, cid=338, seq=30, RW, m17
2024-01-25 07:58:17,093 [Time-limited test] INFO  grpc.TestWatchRequestWithGrpc (WatchRequestTests.java:sendRequests(105)) - SEND_REQUEST 18: message=m18
2024-01-25 07:58:17,093 [Time-limited test] DEBUG client.RaftClient (RaftClientImpl.java:get(158)) - client-44EF9202E0DA: get 339 returns []
2024-01-25 07:58:17,093 [Time-limited test] DEBUG client.RaftClient (RaftClientImpl.java:newRequest(95)) - attempt #1, newRequest RaftClientRequest:client-44EF9202E0DA->s0@group-E525AA2370AC, cid=339, seq=31, RW, m18
2024-01-25 07:58:17,093 [Time-limited test] INFO  grpc.TestWatchRequestWithGrpc (WatchRequestTests.java:sendRequests(105)) - SEND_REQUEST 19: message=m19
2024-01-25 07:58:17,093 [Time-limited test] DEBUG client.RaftClient (RaftClientImpl.java:get(158)) - client-44EF9202E0DA: get 340 returns []
2024-01-25 07:58:17,093 [Time-limited test] DEBUG client.RaftClient (RaftClientImpl.java:newRequest(95)) - attempt #1, newRequest RaftClientRequest:client-44EF9202E0DA->s0@group-E525AA2370AC, cid=340, seq=32, RW, m19
2024-01-25 07:58:17,234 [s2@group-796A68A19D2E-SegmentedRaftLogWorker] WARN  segmented.SegmentedRaftLogWorker (SegmentedRaftLogWorker.java:getFromFuture(91)) - Timeout 2/~
org.apache.ratis.protocol.exceptions.TimeoutIOException: Timeout 10s: s2@group-796A68A19D2E-SegmentedRaftLogWorker-flushStateMachineData
	at org.apache.ratis.util.IOUtils.getFromFuture(IOUtils.java:89)
	at org.apache.ratis.server.raftlog.segmented.SegmentedRaftLogWorker$StateMachineDataPolicy.getFromFuture(SegmentedRaftLogWorker.java:88)
	at org.apache.ratis.server.raftlog.segmented.SegmentedRaftLogWorker.flushIfNecessary(SegmentedRaftLogWorker.java:367)
	at org.apache.ratis.server.raftlog.segmented.SegmentedRaftLogWorker.access$1200(SegmentedRaftLogWorker.java:60)
	at org.apache.ratis.server.raftlog.segmented.SegmentedRaftLogWorker$WriteLog.execute(SegmentedRaftLogWorker.java:549)
	at org.apache.ratis.server.raftlog.segmented.SegmentedRaftLogWorker.run(SegmentedRaftLogWorker.java:307)
	at java.util.concurrent.Executors$RunnableAdapter.call(Executors.java:511)
	at java.util.concurrent.FutureTask.run(FutureTask.java:266)
	at java.util.concurrent.ThreadPoolExecutor.runWorker(ThreadPoolExecutor.java:1149)
	at java.util.concurrent.ThreadPoolExecutor$Worker.run(ThreadPoolExecutor.java:624)
	at java.lang.Thread.run(Thread.java:750)
Caused by: java.util.concurrent.TimeoutException
	at java.util.concurrent.CompletableFuture.timedGet(CompletableFuture.java:1784)
	at java.util.concurrent.CompletableFuture.get(CompletableFuture.java:1928)
	at org.apache.ratis.util.IOUtils.getFromFuture(IOUtils.java:80)
	... 10 more
2024-01-25 07:58:17,694 [Time-limited test] INFO  impl.SimpleStateMachine4Testing (SimpleStateMachine4Testing.java:unblock(142)) - unblock START_TRANSACTION
2024-01-25 07:58:17,694 [Time-limited test] INFO  grpc.TestWatchRequestWithGrpc (WatchRequestTests.java:runTestWatchRequestTimeout(424)) - unblock leader s0
2024-01-25 07:58:17,694 [s0-client-thread1] DEBUG server.RaftServer$Division (LeaderStateImpl.java:addPendingRequest(533)) - s0@group-E525AA2370AC-LeaderStateImpl: addPendingRequest at RaftClientRequest:client-44EF9202E0DA->s0@group-E525AA2370AC, cid=321, seq=13, RW, Message:6d30, entry=(t:1, i:20), STATEMACHINELOGENTRY, 321@client-44EF9202E0DA
2024-01-25 07:58:17,695 [s0-client-thread1] DEBUG server.RaftServer$Division (RaftServerImpl.java:submitClientRequestAsync(880)) - s0@group-E525AA2370AC: receive client request(RaftClientRequest:client-44EF9202E0DA->s0@group-E525AA2370AC, cid=322, seq=14, RW, Message:6d31)
2024-01-25 07:58:17,695 [s1-server-thread3] DEBUG server.RaftServer$Division (RaftServerImpl.java:logAppendEntries(1520)) - s1@group-E525AA2370AC: receive appendEntries(s0, 1, (t:1, i:19), 19, false, commits:[s0:c19, s1:c19, s2:c19], cId:515, entries: [(t:1, i:20), STATEMACHINELOGENTRY, 321@client-44EF9202E0DA]
2024-01-25 07:58:17,695 [s2-server-thread1] DEBUG server.RaftServer$Division (RaftServerImpl.java:logAppendEntries(1520)) - s2@group-E525AA2370AC: receive appendEntries(s0, 1, (t:1, i:19), 19, false, commits:[s0:c19, s1:c19, s2:c19], cId:79, entries: [(t:1, i:20), STATEMACHINELOGENTRY, 321@client-44EF9202E0DA]
2024-01-25 07:58:17,695 [s0-client-thread1] DEBUG server.RaftServer$Division (LeaderStateImpl.java:addPendingRequest(533)) - s0@group-E525AA2370AC-LeaderStateImpl: addPendingRequest at RaftClientRequest:client-44EF9202E0DA->s0@group-E525AA2370AC, cid=322, seq=14, RW, Message:6d31, entry=(t:1, i:21), STATEMACHINELOGENTRY, 322@client-44EF9202E0DA
2024-01-25 07:58:17,696 [s0-client-thread1] DEBUG server.RaftServer$Division (RaftServerImpl.java:submitClientRequestAsync(880)) - s0@group-E525AA2370AC: receive client request(RaftClientRequest:client-44EF9202E0DA->s0@group-E525AA2370AC, cid=323, seq=15, RW, Message:6d32)
2024-01-25 07:58:17,696 [s1-server-thread3] DEBUG server.RaftServer$Division (RaftServerImpl.java:logAppendEntries(1520)) - s1@group-E525AA2370AC: succeeded to handle AppendEntries. Reply: s0<-s1#515:OK-t1,SUCCESS,nextIndex=21,followerCommit=19,matchIndex=20
2024-01-25 07:58:17,696 [s0-client-thread1] DEBUG server.RaftServer$Division (LeaderStateImpl.java:addPendingRequest(533)) - s0@group-E525AA2370AC-LeaderStateImpl: addPendingRequest at RaftClientRequest:client-44EF9202E0DA->s0@group-E525AA2370AC, cid=323, seq=15, RW, Message:6d32, entry=(t:1, i:22), STATEMACHINELOGENTRY, 323@client-44EF9202E0DA
2024-01-25 07:58:17,696 [s0@group-E525AA2370AC-LeaderStateImpl] DEBUG impl.WatchRequests (WatchRequests.java:updateIndex(150)) - s0@group-E525AA2370AC-WatchRequests: update MAJORITY index from 19 to 20
2024-01-25 07:58:17,696 [s0-client-thread1] DEBUG server.RaftServer$Division (RaftServerImpl.java:submitClientRequestAsync(880)) - s0@group-E525AA2370AC: receive client request(RaftClientRequest:client-44EF9202E0DA->s0@group-E525AA2370AC, cid=324, seq=16, RW, Message:6d33)
2024-01-25 07:58:17,696 [s0@group-E525AA2370AC-StateMachineUpdater] INFO  impl.SimpleStateMachine4Testing (SimpleStateMachine4Testing.java:applyTransaction(248)) - applyTransaction for log index 20
2024-01-25 07:58:17,696 [s0@group-E525AA2370AC-StateMachineUpdater] INFO  impl.SimpleStateMachine4Testing (SimpleStateMachine4Testing.java:put(205)) - s0: put 20, m0 -> (t:1, i:20), STATEMACHINELOGENTRY, 321@client-44EF9202E0DA
2024-01-25 07:58:17,696 [s0-client-thread1] DEBUG server.RaftServer$Division (LeaderStateImpl.java:addPendingRequest(533)) - s0@group-E525AA2370AC-LeaderStateImpl: addPendingRequest at RaftClientRequest:client-44EF9202E0DA->s0@group-E525AA2370AC, cid=324, seq=16, RW, Message:6d33, entry=(t:1, i:24), STATEMACHINELOGENTRY, 324@client-44EF9202E0DA
2024-01-25 07:58:17,697 [s0-client-thread1] DEBUG server.RaftServer$Division (RaftServerImpl.java:submitClientRequestAsync(880)) - s0@group-E525AA2370AC: receive client request(RaftClientRequest:client-44EF9202E0DA->s0@group-E525AA2370AC, cid=325, seq=17, RW, Message:6d34)
2024-01-25 07:58:17,697 [s1-server-thread3] DEBUG server.RaftServer$Division (RaftServerImpl.java:logAppendEntries(1520)) - s1@group-E525AA2370AC: receive appendEntries(s0, 1, (t:1, i:20), 19, false, commits:[s0:c19, s1:c19, s2:c19], cId:516, entries: [(t:1, i:21), STATEMACHINELOGENTRY, 322@client-44EF9202E0DA]
2024-01-25 07:58:17,697 [grpc-default-executor-2] DEBUG client.RaftClient (RaftClientImpl.java:add(146)) - client-44EF9202E0DA: add replied callId 321
2024-01-25 07:58:17,697 [s1-server-thread3] DEBUG server.RaftServer$Division (RaftServerImpl.java:logAppendEntries(1520)) - s1@group-E525AA2370AC: succeeded to handle AppendEntries. Reply: s0<-s1#516:OK-t1,SUCCESS,nextIndex=22,followerCommit=19,matchIndex=21
2024-01-25 07:58:17,697 [grpc-default-executor-2] INFO  grpc.TestWatchRequestWithGrpc (WatchRequestTests.java:lambda$sendRequests$0(113)) - SEND_WATCH: message=m0, logIndex=20
2024-01-25 07:58:17,697 [s2-server-thread1] DEBUG server.RaftServer$Division (RaftServerImpl.java:logAppendEntries(1520)) - s2@group-E525AA2370AC: receive appendEntries(s0, 1, (t:1, i:20), 19, false, commits:[s0:c19, s1:c19, s2:c19], cId:80, entries: [(t:1, i:21), STATEMACHINELOGENTRY, 322@client-44EF9202E0DA]
2024-01-25 07:58:17,698 [grpc-default-executor-2] DEBUG client.RaftClient (RaftClientImpl.java:get(158)) - client-44EF9202E0DA: get 341 returns [321]
2024-01-25 07:58:17,698 [grpc-default-executor-2] DEBUG client.RaftClient (RaftClientImpl.java:newRequest(95)) - attempt #1, newRequest RaftClientRequest:client-44EF9202E0DA->s0@group-E525AA2370AC, cid=341, seq=null, Watch(20), null
2024-01-25 07:58:17,698 [grpc-default-executor-2] DEBUG impl.UnorderedAsync (UnorderedAsync.java:sendRequestWithRetry(80)) - client-44EF9202E0DA: attempt #1 send~ RaftClientRequest:client-44EF9202E0DA->s0@group-E525AA2370AC, cid=341, seq=null, Watch(20), null
2024-01-25 07:58:17,698 [grpc-default-executor-2] DEBUG client.RaftClient (RaftClientImpl.java:get(158)) - client-44EF9202E0DA: get 342 returns []
2024-01-25 07:58:17,698 [grpc-default-executor-2] DEBUG client.RaftClient (RaftClientImpl.java:newRequest(95)) - attempt #1, newRequest RaftClientRequest:client-44EF9202E0DA->s0@group-E525AA2370AC, cid=342, seq=null, Watch-ALL(20), null
2024-01-25 07:58:17,698 [s0-client-thread2] DEBUG server.RaftServer$Division (RaftServerImpl.java:submitClientRequestAsync(880)) - s0@group-E525AA2370AC: receive client request(RaftClientRequest:client-44EF9202E0DA->s0@group-E525AA2370AC, cid=341, seq=null, Watch(20), Message:<EMPTY>)
2024-01-25 07:58:17,698 [s1-server-thread3] DEBUG server.RaftServer$Division (RaftServerImpl.java:logAppendEntries(1520)) - s1@group-E525AA2370AC: receive appendEntries(s0, 1, (t:1, i:21), 20, false, commits:[s0:c20, s1:c19, s2:c19], cId:517, entries: [(t:1, i:22), STATEMACHINELOGENTRY, 323@client-44EF9202E0DA, (t:1, i:23), METADATAENTRY(c:20), (t:1, i:24), STATEMACHINELOGENTRY, 324@client-44EF9202E0DA, (t:1, i:25), STATEMACHINELOGENTRY, 325@client-44EF9202E0DA]
2024-01-25 07:58:17,697 [s0-client-thread1] DEBUG server.RaftServer$Division (LeaderStateImpl.java:addPendingRequest(533)) - s0@group-E525AA2370AC-LeaderStateImpl: addPendingRequest at RaftClientRequest:client-44EF9202E0DA->s0@group-E525AA2370AC, cid=325, seq=17, RW, Message:6d34, entry=(t:1, i:25), STATEMACHINELOGENTRY, 325@client-44EF9202E0DA
2024-01-25 07:58:17,698 [s0-client-thread2] DEBUG server.RaftServer$Division (LeaderStateImpl.java:addWatchRequest(552)) - s0@group-E525AA2370AC-LeaderStateImpl: addWatchRequest RaftClientRequest:client-44EF9202E0DA->s0@group-E525AA2370AC, cid=341, seq=null, Watch(20), Message:<EMPTY>
2024-01-25 07:58:17,698 [grpc-default-executor-2] DEBUG impl.UnorderedAsync (UnorderedAsync.java:sendRequestWithRetry(80)) - client-44EF9202E0DA: attempt #1 send~ RaftClientRequest:client-44EF9202E0DA->s0@group-E525AA2370AC, cid=342, seq=null, Watch-ALL(20), null
2024-01-25 07:58:17,699 [s0-client-thread2] DEBUG server.RaftServer$Division (RaftServerImpl.java:submitClientRequestAsync(880)) - s0@group-E525AA2370AC: receive client request(RaftClientRequest:client-44EF9202E0DA->s0@group-E525AA2370AC, cid=326, seq=18, RW, Message:6d35)
2024-01-25 07:58:17,699 [s0@group-E525AA2370AC-StateMachineUpdater] INFO  impl.SimpleStateMachine4Testing (SimpleStateMachine4Testing.java:applyTransaction(248)) - applyTransaction for log index 21
2024-01-25 07:58:17,699 [grpc-default-executor-2] DEBUG client.RaftClient (RaftClientImpl.java:get(158)) - client-44EF9202E0DA: get 343 returns []
2024-01-25 07:58:17,699 [grpc-default-executor-2] DEBUG client.RaftClient (RaftClientImpl.java:newRequest(95)) - attempt #1, newRequest RaftClientRequest:client-44EF9202E0DA->s0@group-E525AA2370AC, cid=343, seq=null, Watch-MAJORITY_COMMITTED(20), null
2024-01-25 07:58:17,699 [s2-server-thread1] DEBUG server.RaftServer$Division (RaftServerImpl.java:logAppendEntries(1520)) - s2@group-E525AA2370AC: receive appendEntries(s0, 1, (t:1, i:21), 20, false, commits:[s0:c20, s1:c19, s2:c19], cId:81, entries: [(t:1, i:22), STATEMACHINELOGENTRY, 323@client-44EF9202E0DA, (t:1, i:23), METADATAENTRY(c:20), (t:1, i:24), STATEMACHINELOGENTRY, 324@client-44EF9202E0DA, (t:1, i:25), STATEMACHINELOGENTRY, 325@client-44EF9202E0DA]
2024-01-25 07:58:17,699 [s0-client-thread1] DEBUG server.RaftServer$Division (RaftServerImpl.java:submitClientRequestAsync(880)) - s0@group-E525AA2370AC: receive client request(RaftClientRequest:client-44EF9202E0DA->s0@group-E525AA2370AC, cid=342, seq=null, Watch-ALL(20), Message:<EMPTY>)
2024-01-25 07:58:17,699 [s0@group-E525AA2370AC-LeaderStateImpl] DEBUG impl.WatchRequests (WatchRequests.java:updateIndex(150)) - s0@group-E525AA2370AC-WatchRequests: update MAJORITY index from 20 to 21
2024-01-25 07:58:17,699 [s0-client-thread1] DEBUG server.RaftServer$Division (LeaderStateImpl.java:addWatchRequest(552)) - s0@group-E525AA2370AC-LeaderStateImpl: addWatchRequest RaftClientRequest:client-44EF9202E0DA->s0@group-E525AA2370AC, cid=342, seq=null, Watch-ALL(20), Message:<EMPTY>
2024-01-25 07:58:17,699 [grpc-default-executor-2] DEBUG impl.UnorderedAsync (UnorderedAsync.java:sendRequestWithRetry(80)) - client-44EF9202E0DA: attempt #1 send~ RaftClientRequest:client-44EF9202E0DA->s0@group-E525AA2370AC, cid=343, seq=null, Watch-MAJORITY_COMMITTED(20), null
2024-01-25 07:58:17,699 [s0-client-thread2] DEBUG server.RaftServer$Division (LeaderStateImpl.java:addPendingRequest(533)) - s0@group-E525AA2370AC-LeaderStateImpl: addPendingRequest at RaftClientRequest:client-44EF9202E0DA->s0@group-E525AA2370AC, cid=326, seq=18, RW, Message:6d35, entry=(t:1, i:27), STATEMACHINELOGENTRY, 326@client-44EF9202E0DA
2024-01-25 07:58:17,699 [s0@group-E525AA2370AC-StateMachineUpdater] INFO  impl.SimpleStateMachine4Testing (SimpleStateMachine4Testing.java:put(205)) - s0: put 21, m1 -> (t:1, i:21), STATEMACHINELOGENTRY, 322@client-44EF9202E0DA
2024-01-25 07:58:17,700 [ForkJoinPool.commonPool-worker-1] DEBUG impl.UnorderedAsync (UnorderedAsync.java:lambda$sendRequestWithRetry$4(83)) - client-44EF9202E0DA: attempt #1 receive~ RaftClientReply:client-44EF9202E0DA->s0@group-E525AA2370AC, cid=341, SUCCESS, logIndex=20, commits[s0:c20, s1:c19, s2:c19]
2024-01-25 07:58:17,700 [s0-client-thread2] DEBUG server.RaftServer$Division (RaftServerImpl.java:submitClientRequestAsync(880)) - s0@group-E525AA2370AC: receive client request(RaftClientRequest:client-44EF9202E0DA->s0@group-E525AA2370AC, cid=327, seq=19, RW, Message:6d36)
2024-01-25 07:58:17,700 [s0-client-thread1] DEBUG server.RaftServer$Division (RaftServerImpl.java:submitClientRequestAsync(880)) - s0@group-E525AA2370AC: receive client request(RaftClientRequest:client-44EF9202E0DA->s0@group-E525AA2370AC, cid=343, seq=null, Watch-MAJORITY_COMMITTED(20), Message:<EMPTY>)
2024-01-25 07:58:17,700 [s0-client-thread1] DEBUG server.RaftServer$Division (LeaderStateImpl.java:addWatchRequest(552)) - s0@group-E525AA2370AC-LeaderStateImpl: addWatchRequest RaftClientRequest:client-44EF9202E0DA->s0@group-E525AA2370AC, cid=343, seq=null, Watch-MAJORITY_COMMITTED(20), Message:<EMPTY>
2024-01-25 07:58:17,699 [grpc-default-executor-2] DEBUG client.RaftClient (RaftClientImpl.java:get(158)) - client-44EF9202E0DA: get 344 returns []
2024-01-25 07:58:17,700 [s0-client-thread2] DEBUG server.RaftServer$Division (LeaderStateImpl.java:addPendingRequest(533)) - s0@group-E525AA2370AC-LeaderStateImpl: addPendingRequest at RaftClientRequest:client-44EF9202E0DA->s0@group-E525AA2370AC, cid=327, seq=19, RW, Message:6d36, entry=(t:1, i:28), STATEMACHINELOGENTRY, 327@client-44EF9202E0DA
2024-01-25 07:58:17,700 [s0-client-thread2] DEBUG server.RaftServer$Division (RaftServerImpl.java:submitClientRequestAsync(880)) - s0@group-E525AA2370AC: receive client request(RaftClientRequest:client-44EF9202E0DA->s0@group-E525AA2370AC, cid=328, seq=20, RW, Message:6d37)
2024-01-25 07:58:17,701 [s0-client-thread2] DEBUG server.RaftServer$Division (LeaderStateImpl.java:addPendingRequest(533)) - s0@group-E525AA2370AC-LeaderStateImpl: addPendingRequest at RaftClientRequest:client-44EF9202E0DA->s0@group-E525AA2370AC, cid=328, seq=20, RW, Message:6d37, entry=(t:1, i:29), STATEMACHINELOGENTRY, 328@client-44EF9202E0DA
2024-01-25 07:58:17,701 [s1-server-thread3] DEBUG server.RaftServer$Division (RaftServerImpl.java:logAppendEntries(1520)) - s1@group-E525AA2370AC: receive appendEntries(s0, 1, (t:1, i:25), 21, false, commits:[s0:c21, s1:c19, s2:c19], cId:519, entries: [(t:1, i:26), METADATAENTRY(c:21)]
2024-01-25 07:58:17,701 [s0-client-thread2] DEBUG server.RaftServer$Division (RaftServerImpl.java:submitClientRequestAsync(880)) - s0@group-E525AA2370AC: receive client request(RaftClientRequest:client-44EF9202E0DA->s0@group-E525AA2370AC, cid=329, seq=21, RW, Message:6d38)
2024-01-25 07:58:17,701 [s0-client-thread2] DEBUG server.RaftServer$Division (LeaderStateImpl.java:addPendingRequest(533)) - s0@group-E525AA2370AC-LeaderStateImpl: addPendingRequest at RaftClientRequest:client-44EF9202E0DA->s0@group-E525AA2370AC, cid=329, seq=21, RW, Message:6d38, entry=(t:1, i:30), STATEMACHINELOGENTRY, 329@client-44EF9202E0DA
2024-01-25 07:58:17,701 [s1@group-E525AA2370AC-StateMachineUpdater] INFO  impl.SimpleStateMachine4Testing (SimpleStateMachine4Testing.java:applyTransaction(248)) - applyTransaction for log index 20
2024-01-25 07:58:17,701 [s0-client-thread2] DEBUG server.RaftServer$Division (RaftServerImpl.java:submitClientRequestAsync(880)) - s0@group-E525AA2370AC: receive client request(RaftClientRequest:client-44EF9202E0DA->s0@group-E525AA2370AC, cid=330, seq=22, RW, Message:6d39)
2024-01-25 07:58:17,700 [grpc-default-executor-2] DEBUG client.RaftClient (RaftClientImpl.java:newRequest(95)) - attempt #1, newRequest RaftClientRequest:client-44EF9202E0DA->s0@group-E525AA2370AC, cid=344, seq=null, Watch-ALL_COMMITTED(20), null
2024-01-25 07:58:17,702 [grpc-default-executor-2] DEBUG impl.UnorderedAsync (UnorderedAsync.java:sendRequestWithRetry(80)) - client-44EF9202E0DA: attempt #1 send~ RaftClientRequest:client-44EF9202E0DA->s0@group-E525AA2370AC, cid=344, seq=null, Watch-ALL_COMMITTED(20), null
2024-01-25 07:58:17,702 [s0-client-thread2] DEBUG server.RaftServer$Division (LeaderStateImpl.java:addPendingRequest(533)) - s0@group-E525AA2370AC-LeaderStateImpl: addPendingRequest at RaftClientRequest:client-44EF9202E0DA->s0@group-E525AA2370AC, cid=330, seq=22, RW, Message:6d39, entry=(t:1, i:31), STATEMACHINELOGENTRY, 330@client-44EF9202E0DA
2024-01-25 07:58:17,702 [s1-server-thread4] DEBUG server.RaftServer$Division (RaftServerImpl.java:logAppendEntries(1520)) - s1@group-E525AA2370AC: succeeded to handle AppendEntries. Reply: s0<-s1#517:OK-t1,SUCCESS,nextIndex=26,followerCommit=21,matchIndex=25
2024-01-25 07:58:17,702 [grpc-default-executor-2] DEBUG client.RaftClient (RaftClientImpl.java:add(146)) - client-44EF9202E0DA: add replied callId 322
2024-01-25 07:58:17,702 [s1-server-thread3] DEBUG server.RaftServer$Division (RaftServerImpl.java:logAppendEntries(1520)) - s1@group-E525AA2370AC: succeeded to handle AppendEntries. Reply: s0<-s1#519:OK-t1,SUCCESS,nextIndex=27,followerCommit=21,matchIndex=26
2024-01-25 07:58:17,702 [grpc-default-executor-2] INFO  grpc.TestWatchRequestWithGrpc (WatchRequestTests.java:lambda$sendRequests$0(113)) - SEND_WATCH: message=m1, logIndex=21
2024-01-25 07:58:17,701 [s1@group-E525AA2370AC-StateMachineUpdater] INFO  impl.SimpleStateMachine4Testing (SimpleStateMachine4Testing.java:put(205)) - s1: put 20, m0 -> (t:1, i:20), STATEMACHINELOGENTRY, 321@client-44EF9202E0DA
2024-01-25 07:58:17,702 [Time-limited test] INFO  grpc.TestWatchRequestWithGrpc (WatchRequestTests.java:checkMajority(275)) - checkMajority 0: receive RaftClientReply:client-44EF9202E0DA->s0@group-E525AA2370AC, cid=321, SUCCESS, logIndex=20, commits[s0:c20, s1:c19, s2:c19]
2024-01-25 07:58:17,702 [s0-client-thread1] DEBUG server.RaftServer$Division (RaftServerImpl.java:submitClientRequestAsync(880)) - s0@group-E525AA2370AC: receive client request(RaftClientRequest:client-44EF9202E0DA->s0@group-E525AA2370AC, cid=344, seq=null, Watch-ALL_COMMITTED(20), Message:<EMPTY>)
2024-01-25 07:58:17,702 [Time-limited test] INFO  grpc.TestWatchRequestWithGrpc (WatchRequestTests.java:get(214)) - majority-Watch(20) returns RaftClientReply:client-44EF9202E0DA->s0@group-E525AA2370AC, cid=341, SUCCESS, logIndex=20, commits[s0:c20, s1:c19, s2:c19]
2024-01-25 07:58:17,701 [s2-server-thread1] DEBUG server.RaftServer$Division (RaftServerImpl.java:logAppendEntries(1520)) - s2@group-E525AA2370AC: receive appendEntries(s0, 1, (t:1, i:25), 21, false, commits:[s0:c21, s1:c19, s2:c19], cId:82, entries: [(t:1, i:26), METADATAENTRY(c:21)]
2024-01-25 07:58:17,702 [s1@group-E525AA2370AC-StateMachineUpdater] INFO  impl.SimpleStateMachine4Testing (SimpleStateMachine4Testing.java:applyTransaction(248)) - applyTransaction for log index 21
2024-01-25 07:58:17,702 [s0-client-thread1] DEBUG server.RaftServer$Division (LeaderStateImpl.java:addWatchRequest(552)) - s0@group-E525AA2370AC-LeaderStateImpl: addWatchRequest RaftClientRequest:client-44EF9202E0DA->s0@group-E525AA2370AC, cid=344, seq=null, Watch-ALL_COMMITTED(20), Message:<EMPTY>
2024-01-25 07:58:17,702 [s0-client-thread2] DEBUG server.RaftServer$Division (RaftServerImpl.java:submitClientRequestAsync(880)) - s0@group-E525AA2370AC: receive client request(RaftClientRequest:client-44EF9202E0DA->s0@group-E525AA2370AC, cid=331, seq=23, RW, Message:6d3130)
2024-01-25 07:58:17,702 [grpc-default-executor-2] DEBUG client.RaftClient (RaftClientImpl.java:get(158)) - client-44EF9202E0DA: get 345 returns [322]
2024-01-25 07:58:17,702 [s1-server-thread6] DEBUG server.RaftServer$Division (RaftServerImpl.java:logAppendEntries(1520)) - s1@group-E525AA2370AC: receive appendEntries(s0, 1, (t:1, i:26), 21, false, commits:[s0:c21, s1:c19, s2:c19], cId:521, entries: [(t:1, i:27), STATEMACHINELOGENTRY, 326@client-44EF9202E0DA]
2024-01-25 07:58:17,703 [grpc-default-executor-0] DEBUG impl.WatchRequests (WatchRequests.java:updateIndex(150)) - s0@group-E525AA2370AC-WatchRequests: update MAJORITY_COMMITTED index from 19 to 21
2024-01-25 07:58:17,703 [s0-client-thread2] DEBUG server.RaftServer$Division (LeaderStateImpl.java:addPendingRequest(533)) - s0@group-E525AA2370AC-LeaderStateImpl: addPendingRequest at RaftClientRequest:client-44EF9202E0DA->s0@group-E525AA2370AC, cid=331, seq=23, RW, Message:6d3130, entry=(t:1, i:32), STATEMACHINELOGENTRY, 331@client-44EF9202E0DA
2024-01-25 07:58:17,703 [grpc-default-executor-0] DEBUG impl.WatchRequests (WatchRequests.java:updateIndex(160)) - s0@group-E525AA2370AC-WatchRequests: complete Watch-MAJORITY_COMMITTED(20)@45.439s?NOT_DONE
2024-01-25 07:58:17,703 [s0@group-E525AA2370AC-LeaderStateImpl] DEBUG impl.WatchRequests (WatchRequests.java:updateIndex(150)) - s0@group-E525AA2370AC-WatchRequests: update MAJORITY index from 21 to 25
2024-01-25 07:58:17,703 [s0@group-E525AA2370AC-StateMachineUpdater] INFO  impl.SimpleStateMachine4Testing (SimpleStateMachine4Testing.java:applyTransaction(248)) - applyTransaction for log index 22
2024-01-25 07:58:17,703 [s0-client-thread2] DEBUG server.RaftServer$Division (RaftServerImpl.java:submitClientRequestAsync(880)) - s0@group-E525AA2370AC: receive client request(RaftClientRequest:client-44EF9202E0DA->s0@group-E525AA2370AC, cid=332, seq=24, RW, Message:6d3131)
2024-01-25 07:58:17,704 [s0@group-E525AA2370AC-StateMachineUpdater] INFO  impl.SimpleStateMachine4Testing (SimpleStateMachine4Testing.java:put(205)) - s0: put 22, m2 -> (t:1, i:22), STATEMACHINELOGENTRY, 323@client-44EF9202E0DA
2024-01-25 07:58:17,703 [grpc-default-executor-2] DEBUG client.RaftClient (RaftClientImpl.java:newRequest(95)) - attempt #1, newRequest RaftClientRequest:client-44EF9202E0DA->s0@group-E525AA2370AC, cid=345, seq=null, Watch(21), null
2024-01-25 07:58:17,703 [s2-server-thread1] DEBUG server.RaftServer$Division (RaftServerImpl.java:logAppendEntries(1520)) - s2@group-E525AA2370AC: receive appendEntries(s0, 1, (t:1, i:26), 21, false, commits:[s0:c21, s1:c19, s2:c19], cId:83, entries: [(t:1, i:27), STATEMACHINELOGENTRY, 326@client-44EF9202E0DA, (t:1, i:28), STATEMACHINELOGENTRY, 327@client-44EF9202E0DA, (t:1, i:29), STATEMACHINELOGENTRY, 328@client-44EF9202E0DA]
2024-01-25 07:58:17,704 [ForkJoinPool.commonPool-worker-1] DEBUG impl.UnorderedAsync (UnorderedAsync.java:lambda$sendRequestWithRetry$4(83)) - client-44EF9202E0DA: attempt #1 receive~ RaftClientReply:client-44EF9202E0DA->s0@group-E525AA2370AC, cid=343, SUCCESS, logIndex=21, commits[s0:c21, s1:c21, s2:c19]
2024-01-25 07:58:17,704 [s0@group-E525AA2370AC-StateMachineUpdater] INFO  impl.SimpleStateMachine4Testing (SimpleStateMachine4Testing.java:applyTransaction(248)) - applyTransaction for log index 24
2024-01-25 07:58:17,704 [s0@group-E525AA2370AC-StateMachineUpdater] INFO  impl.SimpleStateMachine4Testing (SimpleStateMachine4Testing.java:put(205)) - s0: put 24, m3 -> (t:1, i:24), STATEMACHINELOGENTRY, 324@client-44EF9202E0DA
2024-01-25 07:58:17,704 [s0@group-E525AA2370AC-StateMachineUpdater] INFO  impl.SimpleStateMachine4Testing (SimpleStateMachine4Testing.java:applyTransaction(248)) - applyTransaction for log index 25
2024-01-25 07:58:17,704 [s0@group-E525AA2370AC-StateMachineUpdater] INFO  impl.SimpleStateMachine4Testing (SimpleStateMachine4Testing.java:put(205)) - s0: put 25, m4 -> (t:1, i:25), STATEMACHINELOGENTRY, 325@client-44EF9202E0DA
2024-01-25 07:58:17,703 [s1@group-E525AA2370AC-StateMachineUpdater] INFO  impl.SimpleStateMachine4Testing (SimpleStateMachine4Testing.java:put(205)) - s1: put 21, m1 -> (t:1, i:21), STATEMACHINELOGENTRY, 322@client-44EF9202E0DA
2024-01-25 07:58:17,704 [Time-limited test] INFO  grpc.TestWatchRequestWithGrpc (WatchRequestTests.java:get(214)) - majorityCommitted-Watch(20) returns RaftClientReply:client-44EF9202E0DA->s0@group-E525AA2370AC, cid=343, SUCCESS, logIndex=21, commits[s0:c21, s1:c21, s2:c19]
2024-01-25 07:58:17,704 [s2-server-thread1] DEBUG server.RaftServer$Division (RaftServerImpl.java:logAppendEntries(1520)) - s2@group-E525AA2370AC: receive appendEntries(s0, 1, (t:1, i:29), 21, false, commits:[s0:c21, s1:c19, s2:c19], cId:84, entries: [(t:1, i:30), STATEMACHINELOGENTRY, 329@client-44EF9202E0DA, (t:1, i:31), STATEMACHINELOGENTRY, 330@client-44EF9202E0DA]
2024-01-25 07:58:17,704 [grpc-default-executor-2] DEBUG impl.UnorderedAsync (UnorderedAsync.java:sendRequestWithRetry(80)) - client-44EF9202E0DA: attempt #1 send~ RaftClientRequest:client-44EF9202E0DA->s0@group-E525AA2370AC, cid=345, seq=null, Watch(21), null
2024-01-25 07:58:17,705 [grpc-default-executor-2] DEBUG client.RaftClient (RaftClientImpl.java:get(158)) - client-44EF9202E0DA: get 346 returns []
2024-01-25 07:58:17,705 [grpc-default-executor-2] DEBUG client.RaftClient (RaftClientImpl.java:newRequest(95)) - attempt #1, newRequest RaftClientRequest:client-44EF9202E0DA->s0@group-E525AA2370AC, cid=346, seq=null, Watch-ALL(21), null
2024-01-25 07:58:17,705 [grpc-default-executor-2] DEBUG impl.UnorderedAsync (UnorderedAsync.java:sendRequestWithRetry(80)) - client-44EF9202E0DA: attempt #1 send~ RaftClientRequest:client-44EF9202E0DA->s0@group-E525AA2370AC, cid=346, seq=null, Watch-ALL(21), null
2024-01-25 07:58:17,705 [grpc-default-executor-2] DEBUG client.RaftClient (RaftClientImpl.java:get(158)) - client-44EF9202E0DA: get 347 returns []
2024-01-25 07:58:17,705 [s2-server-thread1] DEBUG server.RaftServer$Division (RaftServerImpl.java:logAppendEntries(1520)) - s2@group-E525AA2370AC: receive appendEntries(s0, 1, (t:1, i:31), 25, false, commits:[s0:c25, s1:c21, s2:c19], cId:85, entries: [(t:1, i:32), STATEMACHINELOGENTRY, 331@client-44EF9202E0DA, (t:1, i:33), METADATAENTRY(c:25)]
2024-01-25 07:58:17,705 [grpc-default-executor-2] DEBUG client.RaftClient (RaftClientImpl.java:newRequest(95)) - attempt #1, newRequest RaftClientRequest:client-44EF9202E0DA->s0@group-E525AA2370AC, cid=347, seq=null, Watch-MAJORITY_COMMITTED(21), null
2024-01-25 07:58:17,705 [grpc-default-executor-2] DEBUG impl.UnorderedAsync (UnorderedAsync.java:sendRequestWithRetry(80)) - client-44EF9202E0DA: attempt #1 send~ RaftClientRequest:client-44EF9202E0DA->s0@group-E525AA2370AC, cid=347, seq=null, Watch-MAJORITY_COMMITTED(21), null
2024-01-25 07:58:17,705 [grpc-default-executor-2] DEBUG client.RaftClient (RaftClientImpl.java:get(158)) - client-44EF9202E0DA: get 348 returns []
2024-01-25 07:58:17,704 [s0-client-thread2] DEBUG server.RaftServer$Division (LeaderStateImpl.java:addPendingRequest(533)) - s0@group-E525AA2370AC-LeaderStateImpl: addPendingRequest at RaftClientRequest:client-44EF9202E0DA->s0@group-E525AA2370AC, cid=332, seq=24, RW, Message:6d3131, entry=(t:1, i:34), STATEMACHINELOGENTRY, 332@client-44EF9202E0DA
2024-01-25 07:58:17,706 [s0-client-thread2] DEBUG server.RaftServer$Division (RaftServerImpl.java:submitClientRequestAsync(880)) - s0@group-E525AA2370AC: receive client request(RaftClientRequest:client-44EF9202E0DA->s0@group-E525AA2370AC, cid=345, seq=null, Watch(21), Message:<EMPTY>)
2024-01-25 07:58:17,706 [s0-client-thread1] DEBUG server.RaftServer$Division (RaftServerImpl.java:submitClientRequestAsync(880)) - s0@group-E525AA2370AC: receive client request(RaftClientRequest:client-44EF9202E0DA->s0@group-E525AA2370AC, cid=333, seq=25, RW, Message:6d3132)
2024-01-25 07:58:17,706 [s0-client-thread2] DEBUG server.RaftServer$Division (LeaderStateImpl.java:addWatchRequest(552)) - s0@group-E525AA2370AC-LeaderStateImpl: addWatchRequest RaftClientRequest:client-44EF9202E0DA->s0@group-E525AA2370AC, cid=345, seq=null, Watch(21), Message:<EMPTY>
2024-01-25 07:58:17,706 [s0-client-thread1] DEBUG server.RaftServer$Division (LeaderStateImpl.java:addPendingRequest(533)) - s0@group-E525AA2370AC-LeaderStateImpl: addPendingRequest at RaftClientRequest:client-44EF9202E0DA->s0@group-E525AA2370AC, cid=333, seq=25, RW, Message:6d3132, entry=(t:1, i:35), STATEMACHINELOGENTRY, 333@client-44EF9202E0DA
2024-01-25 07:58:17,706 [s0-client-thread2] DEBUG server.RaftServer$Division (RaftServerImpl.java:submitClientRequestAsync(880)) - s0@group-E525AA2370AC: receive client request(RaftClientRequest:client-44EF9202E0DA->s0@group-E525AA2370AC, cid=346, seq=null, Watch-ALL(21), Message:<EMPTY>)
2024-01-25 07:58:17,706 [s0-client-thread2] DEBUG server.RaftServer$Division (LeaderStateImpl.java:addWatchRequest(552)) - s0@group-E525AA2370AC-LeaderStateImpl: addWatchRequest RaftClientRequest:client-44EF9202E0DA->s0@group-E525AA2370AC, cid=346, seq=null, Watch-ALL(21), Message:<EMPTY>
2024-01-25 07:58:17,706 [Time-limited test] INFO  grpc.TestWatchRequestWithGrpc (WatchRequestTests.java:checkMajority(275)) - checkMajority 1: receive RaftClientReply:client-44EF9202E0DA->s0@group-E525AA2370AC, cid=322, SUCCESS, logIndex=21, commits[s0:c21, s1:c19, s2:c19]
2024-01-25 07:58:17,707 [s0-client-thread2] DEBUG server.RaftServer$Division (RaftServerImpl.java:submitClientRequestAsync(880)) - s0@group-E525AA2370AC: receive client request(RaftClientRequest:client-44EF9202E0DA->s0@group-E525AA2370AC, cid=334, seq=26, RW, Message:6d3133)
2024-01-25 07:58:17,707 [s0@group-E525AA2370AC-LeaderStateImpl] DEBUG impl.WatchRequests (WatchRequests.java:updateIndex(150)) - s0@group-E525AA2370AC-WatchRequests: update MAJORITY index from 25 to 26
2024-01-25 07:58:17,703 [s1-server-thread6] DEBUG server.RaftServer$Division (RaftServerImpl.java:logAppendEntries(1520)) - s1@group-E525AA2370AC: succeeded to handle AppendEntries. Reply: s0<-s1#521:OK-t1,SUCCESS,nextIndex=28,followerCommit=21,matchIndex=27
2024-01-25 07:58:17,707 [s2-server-thread1] DEBUG server.RaftServer$Division (RaftServerImpl.java:logAppendEntries(1520)) - s2@group-E525AA2370AC: receive appendEntries(s0, 1, (t:1, i:33), 25, false, commits:[s0:c25, s1:c21, s2:c19], cId:86, entries: [(t:1, i:34), STATEMACHINELOGENTRY, 332@client-44EF9202E0DA]
2024-01-25 07:58:17,707 [s0-client-thread1] DEBUG server.RaftServer$Division (RaftServerImpl.java:submitClientRequestAsync(880)) - s0@group-E525AA2370AC: receive client request(RaftClientRequest:client-44EF9202E0DA->s0@group-E525AA2370AC, cid=347, seq=null, Watch-MAJORITY_COMMITTED(21), Message:<EMPTY>)
2024-01-25 07:58:17,707 [ForkJoinPool.commonPool-worker-1] DEBUG impl.UnorderedAsync (UnorderedAsync.java:lambda$sendRequestWithRetry$4(83)) - client-44EF9202E0DA: attempt #1 receive~ RaftClientReply:client-44EF9202E0DA->s0@group-E525AA2370AC, cid=345, SUCCESS, logIndex=25, commits[s0:c25, s1:c21, s2:c19]
2024-01-25 07:58:17,707 [s0-client-thread1] DEBUG server.RaftServer$Division (LeaderStateImpl.java:addWatchRequest(552)) - s0@group-E525AA2370AC-LeaderStateImpl: addWatchRequest RaftClientRequest:client-44EF9202E0DA->s0@group-E525AA2370AC, cid=347, seq=null, Watch-MAJORITY_COMMITTED(21), Message:<EMPTY>
2024-01-25 07:58:17,705 [grpc-default-executor-2] DEBUG client.RaftClient (RaftClientImpl.java:newRequest(95)) - attempt #1, newRequest RaftClientRequest:client-44EF9202E0DA->s0@group-E525AA2370AC, cid=348, seq=null, Watch-ALL_COMMITTED(21), null
2024-01-25 07:58:17,708 [s0@group-E525AA2370AC-LeaderStateImpl] DEBUG impl.WatchRequests (WatchRequests.java:updateIndex(150)) - s0@group-E525AA2370AC-WatchRequests: update MAJORITY index from 26 to 27
2024-01-25 07:58:17,708 [grpc-default-executor-2] DEBUG impl.UnorderedAsync (UnorderedAsync.java:sendRequestWithRetry(80)) - client-44EF9202E0DA: attempt #1 send~ RaftClientRequest:client-44EF9202E0DA->s0@group-E525AA2370AC, cid=348, seq=null, Watch-ALL_COMMITTED(21), null
2024-01-25 07:58:17,708 [s0@group-E525AA2370AC-StateMachineUpdater] INFO  impl.SimpleStateMachine4Testing (SimpleStateMachine4Testing.java:applyTransaction(248)) - applyTransaction for log index 27
2024-01-25 07:58:17,708 [s0@group-E525AA2370AC-StateMachineUpdater] INFO  impl.SimpleStateMachine4Testing (SimpleStateMachine4Testing.java:put(205)) - s0: put 27, m5 -> (t:1, i:27), STATEMACHINELOGENTRY, 326@client-44EF9202E0DA
2024-01-25 07:58:17,708 [s0-client-thread2] DEBUG server.RaftServer$Division (LeaderStateImpl.java:addPendingRequest(533)) - s0@group-E525AA2370AC-LeaderStateImpl: addPendingRequest at RaftClientRequest:client-44EF9202E0DA->s0@group-E525AA2370AC, cid=334, seq=26, RW, Message:6d3133, entry=(t:1, i:37), STATEMACHINELOGENTRY, 334@client-44EF9202E0DA
2024-01-25 07:58:17,708 [ForkJoinPool.commonPool-worker-1] DEBUG impl.UnorderedAsync (UnorderedAsync.java:lambda$sendRequestWithRetry$4(83)) - client-44EF9202E0DA: attempt #1 receive~ RaftClientReply:client-44EF9202E0DA->s0@group-E525AA2370AC, cid=347, SUCCESS, logIndex=21, commits[s0:c27, s1:c21, s2:c19]
2024-01-25 07:58:17,708 [s0-client-thread1] DEBUG server.RaftServer$Division (RaftServerImpl.java:submitClientRequestAsync(880)) - s0@group-E525AA2370AC: receive client request(RaftClientRequest:client-44EF9202E0DA->s0@group-E525AA2370AC, cid=348, seq=null, Watch-ALL_COMMITTED(21), Message:<EMPTY>)
2024-01-25 07:58:17,708 [s0-client-thread2] DEBUG server.RaftServer$Division (RaftServerImpl.java:submitClientRequestAsync(880)) - s0@group-E525AA2370AC: receive client request(RaftClientRequest:client-44EF9202E0DA->s0@group-E525AA2370AC, cid=335, seq=27, RW, Message:6d3134)
2024-01-25 07:58:17,708 [grpc-default-executor-5] DEBUG client.RaftClient (RaftClientImpl.java:add(146)) - client-44EF9202E0DA: add replied callId 323
2024-01-25 07:58:17,707 [s1-server-thread4] DEBUG server.RaftServer$Division (RaftServerImpl.java:logAppendEntries(1520)) - s1@group-E525AA2370AC: receive appendEntries(s0, 1, (t:1, i:27), 21, false, commits:[s0:c21, s1:c19, s2:c19], cId:522, entries: [(t:1, i:28), STATEMACHINELOGENTRY, 327@client-44EF9202E0DA, (t:1, i:29), STATEMACHINELOGENTRY, 328@client-44EF9202E0DA, (t:1, i:30), STATEMACHINELOGENTRY, 329@client-44EF9202E0DA]
2024-01-25 07:58:17,709 [grpc-default-executor-5] INFO  grpc.TestWatchRequestWithGrpc (WatchRequestTests.java:lambda$sendRequests$0(113)) - SEND_WATCH: message=m2, logIndex=22
2024-01-25 07:58:17,709 [s0-client-thread2] DEBUG server.RaftServer$Division (LeaderStateImpl.java:addPendingRequest(533)) - s0@group-E525AA2370AC-LeaderStateImpl: addPendingRequest at RaftClientRequest:client-44EF9202E0DA->s0@group-E525AA2370AC, cid=335, seq=27, RW, Message:6d3134, entry=(t:1, i:38), STATEMACHINELOGENTRY, 335@client-44EF9202E0DA
2024-01-25 07:58:17,708 [s0-client-thread1] DEBUG server.RaftServer$Division (LeaderStateImpl.java:addWatchRequest(552)) - s0@group-E525AA2370AC-LeaderStateImpl: addWatchRequest RaftClientRequest:client-44EF9202E0DA->s0@group-E525AA2370AC, cid=348, seq=null, Watch-ALL_COMMITTED(21), Message:<EMPTY>
2024-01-25 07:58:17,709 [grpc-default-executor-5] DEBUG client.RaftClient (RaftClientImpl.java:get(158)) - client-44EF9202E0DA: get 349 returns [323]
2024-01-25 07:58:17,709 [grpc-default-executor-5] DEBUG client.RaftClient (RaftClientImpl.java:newRequest(95)) - attempt #1, newRequest RaftClientRequest:client-44EF9202E0DA->s0@group-E525AA2370AC, cid=349, seq=null, Watch(22), null
2024-01-25 07:58:17,709 [grpc-default-executor-5] DEBUG impl.UnorderedAsync (UnorderedAsync.java:sendRequestWithRetry(80)) - client-44EF9202E0DA: attempt #1 send~ RaftClientRequest:client-44EF9202E0DA->s0@group-E525AA2370AC, cid=349, seq=null, Watch(22), null
2024-01-25 07:58:17,709 [grpc-default-executor-5] DEBUG client.RaftClient (RaftClientImpl.java:get(158)) - client-44EF9202E0DA: get 350 returns []
2024-01-25 07:58:17,709 [grpc-default-executor-5] DEBUG client.RaftClient (RaftClientImpl.java:newRequest(95)) - attempt #1, newRequest RaftClientRequest:client-44EF9202E0DA->s0@group-E525AA2370AC, cid=350, seq=null, Watch-ALL(22), null
2024-01-25 07:58:17,709 [grpc-default-executor-5] DEBUG impl.UnorderedAsync (UnorderedAsync.java:sendRequestWithRetry(80)) - client-44EF9202E0DA: attempt #1 send~ RaftClientRequest:client-44EF9202E0DA->s0@group-E525AA2370AC, cid=350, seq=null, Watch-ALL(22), null
2024-01-25 07:58:17,710 [grpc-default-executor-5] DEBUG client.RaftClient (RaftClientImpl.java:get(158)) - client-44EF9202E0DA: get 351 returns []
2024-01-25 07:58:17,710 [grpc-default-executor-5] DEBUG client.RaftClient (RaftClientImpl.java:newRequest(95)) - attempt #1, newRequest RaftClientRequest:client-44EF9202E0DA->s0@group-E525AA2370AC, cid=351, seq=null, Watch-MAJORITY_COMMITTED(22), null
2024-01-25 07:58:17,710 [grpc-default-executor-5] DEBUG impl.UnorderedAsync (UnorderedAsync.java:sendRequestWithRetry(80)) - client-44EF9202E0DA: attempt #1 send~ RaftClientRequest:client-44EF9202E0DA->s0@group-E525AA2370AC, cid=351, seq=null, Watch-MAJORITY_COMMITTED(22), null
2024-01-25 07:58:17,710 [grpc-default-executor-5] DEBUG client.RaftClient (RaftClientImpl.java:get(158)) - client-44EF9202E0DA: get 352 returns []
2024-01-25 07:58:17,710 [grpc-default-executor-5] DEBUG client.RaftClient (RaftClientImpl.java:newRequest(95)) - attempt #1, newRequest RaftClientRequest:client-44EF9202E0DA->s0@group-E525AA2370AC, cid=352, seq=null, Watch-ALL_COMMITTED(22), null
2024-01-25 07:58:17,710 [grpc-default-executor-5] DEBUG impl.UnorderedAsync (UnorderedAsync.java:sendRequestWithRetry(80)) - client-44EF9202E0DA: attempt #1 send~ RaftClientRequest:client-44EF9202E0DA->s0@group-E525AA2370AC, cid=352, seq=null, Watch-ALL_COMMITTED(22), null
2024-01-25 07:58:17,709 [s1-server-thread4] DEBUG server.RaftServer$Division (RaftServerImpl.java:logAppendEntries(1520)) - s1@group-E525AA2370AC: succeeded to handle AppendEntries. Reply: s0<-s1#522:OK-t1,SUCCESS,nextIndex=31,followerCommit=21,matchIndex=30
2024-01-25 07:58:17,710 [s1-server-thread6] DEBUG server.RaftServer$Division (RaftServerImpl.java:logAppendEntries(1520)) - s1@group-E525AA2370AC: receive appendEntries(s0, 1, (t:1, i:30), 21, false, commits:[s0:c21, s1:c21, s2:c19], cId:523, entries: [(t:1, i:31), STATEMACHINELOGENTRY, 330@client-44EF9202E0DA, (t:1, i:32), STATEMACHINELOGENTRY, 331@client-44EF9202E0DA]
2024-01-25 07:58:17,710 [s0-client-thread2] DEBUG server.RaftServer$Division (RaftServerImpl.java:submitClientRequestAsync(880)) - s0@group-E525AA2370AC: receive client request(RaftClientRequest:client-44EF9202E0DA->s0@group-E525AA2370AC, cid=349, seq=null, Watch(22), Message:<EMPTY>)
2024-01-25 07:58:17,710 [s0-client-thread2] DEBUG server.RaftServer$Division (LeaderStateImpl.java:addWatchRequest(552)) - s0@group-E525AA2370AC-LeaderStateImpl: addWatchRequest RaftClientRequest:client-44EF9202E0DA->s0@group-E525AA2370AC, cid=349, seq=null, Watch(22), Message:<EMPTY>
2024-01-25 07:58:17,711 [Time-limited test] INFO  grpc.TestWatchRequestWithGrpc (WatchRequestTests.java:get(214)) - majority-Watch(21) returns RaftClientReply:client-44EF9202E0DA->s0@group-E525AA2370AC, cid=345, SUCCESS, logIndex=25, commits[s0:c25, s1:c21, s2:c19]
2024-01-25 07:58:17,711 [Time-limited test] INFO  grpc.TestWatchRequestWithGrpc (WatchRequestTests.java:get(214)) - majorityCommitted-Watch(21) returns RaftClientReply:client-44EF9202E0DA->s0@group-E525AA2370AC, cid=347, SUCCESS, logIndex=21, commits[s0:c27, s1:c21, s2:c19]
2024-01-25 07:58:17,710 [grpc-default-executor-2] DEBUG client.RaftClient (RaftClientImpl.java:add(146)) - client-44EF9202E0DA: add replied callId 324
2024-01-25 07:58:17,711 [Time-limited test] INFO  grpc.TestWatchRequestWithGrpc (WatchRequestTests.java:checkMajority(275)) - checkMajority 2: receive RaftClientReply:client-44EF9202E0DA->s0@group-E525AA2370AC, cid=323, SUCCESS, logIndex=22, commits[s0:c25, s1:c21, s2:c19]
2024-01-25 07:58:17,711 [grpc-default-executor-2] INFO  grpc.TestWatchRequestWithGrpc (WatchRequestTests.java:lambda$sendRequests$0(113)) - SEND_WATCH: message=m3, logIndex=24
2024-01-25 07:58:17,711 [grpc-default-executor-2] DEBUG client.RaftClient (RaftClientImpl.java:get(158)) - client-44EF9202E0DA: get 353 returns [324]
2024-01-25 07:58:17,711 [grpc-default-executor-2] DEBUG client.RaftClient (RaftClientImpl.java:newRequest(95)) - attempt #1, newRequest RaftClientRequest:client-44EF9202E0DA->s0@group-E525AA2370AC, cid=353, seq=null, Watch(24), null
2024-01-25 07:58:17,711 [s1-server-thread4] DEBUG server.RaftServer$Division (RaftServerImpl.java:logAppendEntries(1520)) - s1@group-E525AA2370AC: receive appendEntries(s0, 1, (t:1, i:32), 25, false, commits:[s0:c25, s1:c21, s2:c19], cId:524, entries: [(t:1, i:33), METADATAENTRY(c:25), (t:1, i:34), STATEMACHINELOGENTRY, 332@client-44EF9202E0DA]
2024-01-25 07:58:17,712 [s0@group-E525AA2370AC-StateMachineUpdater] INFO  impl.SimpleStateMachine4Testing (SimpleStateMachine4Testing.java:applyTransaction(248)) - applyTransaction for log index 28
2024-01-25 07:58:17,711 [s1-server-thread6] DEBUG server.RaftServer$Division (RaftServerImpl.java:logAppendEntries(1520)) - s1@group-E525AA2370AC: succeeded to handle AppendEntries. Reply: s0<-s1#523:OK-t1,SUCCESS,nextIndex=33,followerCommit=21,matchIndex=32
2024-01-25 07:58:17,711 [s0-client-thread2] DEBUG server.RaftServer$Division (RaftServerImpl.java:submitClientRequestAsync(880)) - s0@group-E525AA2370AC: receive client request(RaftClientRequest:client-44EF9202E0DA->s0@group-E525AA2370AC, cid=350, seq=null, Watch-ALL(22), Message:<EMPTY>)
2024-01-25 07:58:17,711 [ForkJoinPool.commonPool-worker-1] DEBUG impl.UnorderedAsync (UnorderedAsync.java:lambda$sendRequestWithRetry$4(83)) - client-44EF9202E0DA: attempt #1 receive~ RaftClientReply:client-44EF9202E0DA->s0@group-E525AA2370AC, cid=349, SUCCESS, logIndex=27, commits[s0:c27, s1:c21, s2:c19]
2024-01-25 07:58:17,712 [s0@group-E525AA2370AC-StateMachineUpdater] INFO  impl.SimpleStateMachine4Testing (SimpleStateMachine4Testing.java:put(205)) - s0: put 28, m6 -> (t:1, i:28), STATEMACHINELOGENTRY, 327@client-44EF9202E0DA
2024-01-25 07:58:17,712 [s0@group-E525AA2370AC-StateMachineUpdater] INFO  impl.SimpleStateMachine4Testing (SimpleStateMachine4Testing.java:applyTransaction(248)) - applyTransaction for log index 29
2024-01-25 07:58:17,712 [s0@group-E525AA2370AC-StateMachineUpdater] INFO  impl.SimpleStateMachine4Testing (SimpleStateMachine4Testing.java:put(205)) - s0: put 29, m7 -> (t:1, i:29), STATEMACHINELOGENTRY, 328@client-44EF9202E0DA
2024-01-25 07:58:17,712 [s0-client-thread2] DEBUG server.RaftServer$Division (LeaderStateImpl.java:addWatchRequest(552)) - s0@group-E525AA2370AC-LeaderStateImpl: addWatchRequest RaftClientRequest:client-44EF9202E0DA->s0@group-E525AA2370AC, cid=350, seq=null, Watch-ALL(22), Message:<EMPTY>
2024-01-25 07:58:17,712 [s0-client-thread3] DEBUG server.RaftServer$Division (RaftServerImpl.java:submitClientRequestAsync(880)) - s0@group-E525AA2370AC: receive client request(RaftClientRequest:client-44EF9202E0DA->s0@group-E525AA2370AC, cid=336, seq=28, RW, Message:6d3135)
2024-01-25 07:58:17,712 [Time-limited test] INFO  grpc.TestWatchRequestWithGrpc (WatchRequestTests.java:get(214)) - majority-Watch(22) returns RaftClientReply:client-44EF9202E0DA->s0@group-E525AA2370AC, cid=349, SUCCESS, logIndex=27, commits[s0:c27, s1:c21, s2:c19]
2024-01-25 07:58:17,712 [s0-client-thread2] DEBUG server.RaftServer$Division (RaftServerImpl.java:submitClientRequestAsync(880)) - s0@group-E525AA2370AC: receive client request(RaftClientRequest:client-44EF9202E0DA->s0@group-E525AA2370AC, cid=351, seq=null, Watch-MAJORITY_COMMITTED(22), Message:<EMPTY>)
2024-01-25 07:58:17,713 [s0-client-thread2] DEBUG server.RaftServer$Division (LeaderStateImpl.java:addWatchRequest(552)) - s0@group-E525AA2370AC-LeaderStateImpl: addWatchRequest RaftClientRequest:client-44EF9202E0DA->s0@group-E525AA2370AC, cid=351, seq=null, Watch-MAJORITY_COMMITTED(22), Message:<EMPTY>
2024-01-25 07:58:17,711 [s0@group-E525AA2370AC-LeaderStateImpl] DEBUG impl.WatchRequests (WatchRequests.java:updateIndex(150)) - s0@group-E525AA2370AC-WatchRequests: update MAJORITY index from 27 to 30
2024-01-25 07:58:17,711 [grpc-default-executor-2] DEBUG impl.UnorderedAsync (UnorderedAsync.java:sendRequestWithRetry(80)) - client-44EF9202E0DA: attempt #1 send~ RaftClientRequest:client-44EF9202E0DA->s0@group-E525AA2370AC, cid=353, seq=null, Watch(24), null
2024-01-25 07:58:17,713 [s0@group-E525AA2370AC-LeaderStateImpl] DEBUG impl.WatchRequests (WatchRequests.java:updateIndex(150)) - s0@group-E525AA2370AC-WatchRequests: update MAJORITY index from 30 to 32
2024-01-25 07:58:17,713 [grpc-default-executor-2] DEBUG client.RaftClient (RaftClientImpl.java:get(158)) - client-44EF9202E0DA: get 354 returns []
2024-01-25 07:58:17,714 [grpc-default-executor-2] DEBUG client.RaftClient (RaftClientImpl.java:newRequest(95)) - attempt #1, newRequest RaftClientRequest:client-44EF9202E0DA->s0@group-E525AA2370AC, cid=354, seq=null, Watch-ALL(24), null
2024-01-25 07:58:17,714 [grpc-default-executor-2] DEBUG impl.UnorderedAsync (UnorderedAsync.java:sendRequestWithRetry(80)) - client-44EF9202E0DA: attempt #1 send~ RaftClientRequest:client-44EF9202E0DA->s0@group-E525AA2370AC, cid=354, seq=null, Watch-ALL(24), null
2024-01-25 07:58:17,714 [s0-client-thread2] DEBUG server.RaftServer$Division (RaftServerImpl.java:submitClientRequestAsync(880)) - s0@group-E525AA2370AC: receive client request(RaftClientRequest:client-44EF9202E0DA->s0@group-E525AA2370AC, cid=352, seq=null, Watch-ALL_COMMITTED(22), Message:<EMPTY>)
2024-01-25 07:58:17,714 [s0-client-thread2] DEBUG server.RaftServer$Division (LeaderStateImpl.java:addWatchRequest(552)) - s0@group-E525AA2370AC-LeaderStateImpl: addWatchRequest RaftClientRequest:client-44EF9202E0DA->s0@group-E525AA2370AC, cid=352, seq=null, Watch-ALL_COMMITTED(22), Message:<EMPTY>
2024-01-25 07:58:17,713 [s1-server-thread6] DEBUG server.RaftServer$Division (RaftServerImpl.java:logAppendEntries(1520)) - s1@group-E525AA2370AC: receive appendEntries(s0, 1, (t:1, i:34), 25, false, commits:[s0:c25, s1:c21, s2:c19], cId:526, entries: [(t:1, i:35), STATEMACHINELOGENTRY, 333@client-44EF9202E0DA]
2024-01-25 07:58:17,713 [s1@group-E525AA2370AC-StateMachineUpdater] INFO  impl.SimpleStateMachine4Testing (SimpleStateMachine4Testing.java:applyTransaction(248)) - applyTransaction for log index 22
2024-01-25 07:58:17,714 [s1@group-E525AA2370AC-StateMachineUpdater] INFO  impl.SimpleStateMachine4Testing (SimpleStateMachine4Testing.java:put(205)) - s1: put 22, m2 -> (t:1, i:22), STATEMACHINELOGENTRY, 323@client-44EF9202E0DA
2024-01-25 07:58:17,714 [s0-client-thread2] DEBUG server.RaftServer$Division (RaftServerImpl.java:submitClientRequestAsync(880)) - s0@group-E525AA2370AC: receive client request(RaftClientRequest:client-44EF9202E0DA->s0@group-E525AA2370AC, cid=353, seq=null, Watch(24), Message:<EMPTY>)
2024-01-25 07:58:17,714 [s0-client-thread2] DEBUG server.RaftServer$Division (LeaderStateImpl.java:addWatchRequest(552)) - s0@group-E525AA2370AC-LeaderStateImpl: addWatchRequest RaftClientRequest:client-44EF9202E0DA->s0@group-E525AA2370AC, cid=353, seq=null, Watch(24), Message:<EMPTY>
2024-01-25 07:58:17,715 [s1@group-E525AA2370AC-StateMachineUpdater] INFO  impl.SimpleStateMachine4Testing (SimpleStateMachine4Testing.java:applyTransaction(248)) - applyTransaction for log index 24
2024-01-25 07:58:17,715 [s1@group-E525AA2370AC-StateMachineUpdater] INFO  impl.SimpleStateMachine4Testing (SimpleStateMachine4Testing.java:put(205)) - s1: put 24, m3 -> (t:1, i:24), STATEMACHINELOGENTRY, 324@client-44EF9202E0DA
2024-01-25 07:58:17,715 [s0-client-thread1] DEBUG server.RaftServer$Division (RaftServerImpl.java:submitClientRequestAsync(880)) - s0@group-E525AA2370AC: receive client request(RaftClientRequest:client-44EF9202E0DA->s0@group-E525AA2370AC, cid=354, seq=null, Watch-ALL(24), Message:<EMPTY>)
2024-01-25 07:58:17,715 [s0-client-thread1] DEBUG server.RaftServer$Division (LeaderStateImpl.java:addWatchRequest(552)) - s0@group-E525AA2370AC-LeaderStateImpl: addWatchRequest RaftClientRequest:client-44EF9202E0DA->s0@group-E525AA2370AC, cid=354, seq=null, Watch-ALL(24), Message:<EMPTY>
2024-01-25 07:58:17,715 [s1@group-E525AA2370AC-StateMachineUpdater] INFO  impl.SimpleStateMachine4Testing (SimpleStateMachine4Testing.java:applyTransaction(248)) - applyTransaction for log index 25
2024-01-25 07:58:17,715 [s1@group-E525AA2370AC-StateMachineUpdater] INFO  impl.SimpleStateMachine4Testing (SimpleStateMachine4Testing.java:put(205)) - s1: put 25, m4 -> (t:1, i:25), STATEMACHINELOGENTRY, 325@client-44EF9202E0DA
2024-01-25 07:58:17,713 [s1-server-thread4] DEBUG server.RaftServer$Division (RaftServerImpl.java:logAppendEntries(1520)) - s1@group-E525AA2370AC: succeeded to handle AppendEntries. Reply: s0<-s1#524:OK-t1,SUCCESS,nextIndex=35,followerCommit=25,matchIndex=34
2024-01-25 07:58:17,712 [s0@group-E525AA2370AC-StateMachineUpdater] INFO  impl.SimpleStateMachine4Testing (SimpleStateMachine4Testing.java:applyTransaction(248)) - applyTransaction for log index 30
2024-01-25 07:58:17,715 [s0@group-E525AA2370AC-StateMachineUpdater] INFO  impl.SimpleStateMachine4Testing (SimpleStateMachine4Testing.java:put(205)) - s0: put 30, m8 -> (t:1, i:30), STATEMACHINELOGENTRY, 329@client-44EF9202E0DA
2024-01-25 07:58:17,714 [grpc-default-executor-2] DEBUG client.RaftClient (RaftClientImpl.java:get(158)) - client-44EF9202E0DA: get 355 returns []
2024-01-25 07:58:17,715 [s0@group-E525AA2370AC-StateMachineUpdater] INFO  impl.SimpleStateMachine4Testing (SimpleStateMachine4Testing.java:applyTransaction(248)) - applyTransaction for log index 31
2024-01-25 07:58:17,715 [grpc-default-executor-2] DEBUG client.RaftClient (RaftClientImpl.java:newRequest(95)) - attempt #1, newRequest RaftClientRequest:client-44EF9202E0DA->s0@group-E525AA2370AC, cid=355, seq=null, Watch-MAJORITY_COMMITTED(24), null
2024-01-25 07:58:17,715 [grpc-default-executor-2] DEBUG impl.UnorderedAsync (UnorderedAsync.java:sendRequestWithRetry(80)) - client-44EF9202E0DA: attempt #1 send~ RaftClientRequest:client-44EF9202E0DA->s0@group-E525AA2370AC, cid=355, seq=null, Watch-MAJORITY_COMMITTED(24), null
2024-01-25 07:58:17,716 [grpc-default-executor-2] DEBUG client.RaftClient (RaftClientImpl.java:get(158)) - client-44EF9202E0DA: get 356 returns []
2024-01-25 07:58:17,716 [grpc-default-executor-2] DEBUG client.RaftClient (RaftClientImpl.java:newRequest(95)) - attempt #1, newRequest RaftClientRequest:client-44EF9202E0DA->s0@group-E525AA2370AC, cid=356, seq=null, Watch-ALL_COMMITTED(24), null
2024-01-25 07:58:17,716 [grpc-default-executor-2] DEBUG impl.UnorderedAsync (UnorderedAsync.java:sendRequestWithRetry(80)) - client-44EF9202E0DA: attempt #1 send~ RaftClientRequest:client-44EF9202E0DA->s0@group-E525AA2370AC, cid=356, seq=null, Watch-ALL_COMMITTED(24), null
2024-01-25 07:58:17,716 [s1-server-thread4] DEBUG server.RaftServer$Division (RaftServerImpl.java:logAppendEntries(1520)) - s1@group-E525AA2370AC: succeeded to handle AppendEntries. Reply: s0<-s1#526:OK-t1,SUCCESS,nextIndex=36,followerCommit=25,matchIndex=35
2024-01-25 07:58:17,716 [grpc-default-executor-2] DEBUG client.RaftClient (RaftClientImpl.java:add(146)) - client-44EF9202E0DA: add replied callId 325
2024-01-25 07:58:17,716 [grpc-default-executor-2] INFO  grpc.TestWatchRequestWithGrpc (WatchRequestTests.java:lambda$sendRequests$0(113)) - SEND_WATCH: message=m4, logIndex=25
2024-01-25 07:58:17,716 [grpc-default-executor-2] DEBUG client.RaftClient (RaftClientImpl.java:get(158)) - client-44EF9202E0DA: get 357 returns [325]
2024-01-25 07:58:17,716 [grpc-default-executor-2] DEBUG client.RaftClient (RaftClientImpl.java:newRequest(95)) - attempt #1, newRequest RaftClientRequest:client-44EF9202E0DA->s0@group-E525AA2370AC, cid=357, seq=null, Watch(25), null
2024-01-25 07:58:17,716 [grpc-default-executor-2] DEBUG impl.UnorderedAsync (UnorderedAsync.java:sendRequestWithRetry(80)) - client-44EF9202E0DA: attempt #1 send~ RaftClientRequest:client-44EF9202E0DA->s0@group-E525AA2370AC, cid=357, seq=null, Watch(25), null
2024-01-25 07:58:17,716 [grpc-default-executor-2] DEBUG client.RaftClient (RaftClientImpl.java:get(158)) - client-44EF9202E0DA: get 358 returns []
2024-01-25 07:58:17,716 [grpc-default-executor-2] DEBUG client.RaftClient (RaftClientImpl.java:newRequest(95)) - attempt #1, newRequest RaftClientRequest:client-44EF9202E0DA->s0@group-E525AA2370AC, cid=358, seq=null, Watch-ALL(25), null
2024-01-25 07:58:17,716 [grpc-default-executor-2] DEBUG impl.UnorderedAsync (UnorderedAsync.java:sendRequestWithRetry(80)) - client-44EF9202E0DA: attempt #1 send~ RaftClientRequest:client-44EF9202E0DA->s0@group-E525AA2370AC, cid=358, seq=null, Watch-ALL(25), null
2024-01-25 07:58:17,717 [grpc-default-executor-2] DEBUG client.RaftClient (RaftClientImpl.java:get(158)) - client-44EF9202E0DA: get 359 returns []
2024-01-25 07:58:17,717 [grpc-default-executor-2] DEBUG client.RaftClient (RaftClientImpl.java:newRequest(95)) - attempt #1, newRequest RaftClientRequest:client-44EF9202E0DA->s0@group-E525AA2370AC, cid=359, seq=null, Watch-MAJORITY_COMMITTED(25), null
2024-01-25 07:58:17,717 [grpc-default-executor-2] DEBUG impl.UnorderedAsync (UnorderedAsync.java:sendRequestWithRetry(80)) - client-44EF9202E0DA: attempt #1 send~ RaftClientRequest:client-44EF9202E0DA->s0@group-E525AA2370AC, cid=359, seq=null, Watch-MAJORITY_COMMITTED(25), null
2024-01-25 07:58:17,717 [grpc-default-executor-2] DEBUG client.RaftClient (RaftClientImpl.java:get(158)) - client-44EF9202E0DA: get 360 returns []
2024-01-25 07:58:17,717 [grpc-default-executor-2] DEBUG client.RaftClient (RaftClientImpl.java:newRequest(95)) - attempt #1, newRequest RaftClientRequest:client-44EF9202E0DA->s0@group-E525AA2370AC, cid=360, seq=null, Watch-ALL_COMMITTED(25), null
2024-01-25 07:58:17,717 [grpc-default-executor-2] DEBUG impl.UnorderedAsync (UnorderedAsync.java:sendRequestWithRetry(80)) - client-44EF9202E0DA: attempt #1 send~ RaftClientRequest:client-44EF9202E0DA->s0@group-E525AA2370AC, cid=360, seq=null, Watch-ALL_COMMITTED(25), null
2024-01-25 07:58:17,717 [grpc-default-executor-3] DEBUG client.RaftClient (RaftClientImpl.java:add(146)) - client-44EF9202E0DA: add replied callId 326
2024-01-25 07:58:17,717 [grpc-default-executor-3] INFO  grpc.TestWatchRequestWithGrpc (WatchRequestTests.java:lambda$sendRequests$0(113)) - SEND_WATCH: message=m5, logIndex=27
2024-01-25 07:58:17,717 [grpc-default-executor-3] DEBUG client.RaftClient (RaftClientImpl.java:get(158)) - client-44EF9202E0DA: get 361 returns [326]
2024-01-25 07:58:17,717 [grpc-default-executor-3] DEBUG client.RaftClient (RaftClientImpl.java:newRequest(95)) - attempt #1, newRequest RaftClientRequest:client-44EF9202E0DA->s0@group-E525AA2370AC, cid=361, seq=null, Watch(27), null
2024-01-25 07:58:17,717 [grpc-default-executor-3] DEBUG impl.UnorderedAsync (UnorderedAsync.java:sendRequestWithRetry(80)) - client-44EF9202E0DA: attempt #1 send~ RaftClientRequest:client-44EF9202E0DA->s0@group-E525AA2370AC, cid=361, seq=null, Watch(27), null
2024-01-25 07:58:17,718 [grpc-default-executor-3] DEBUG client.RaftClient (RaftClientImpl.java:get(158)) - client-44EF9202E0DA: get 362 returns []
2024-01-25 07:58:17,718 [grpc-default-executor-3] DEBUG client.RaftClient (RaftClientImpl.java:newRequest(95)) - attempt #1, newRequest RaftClientRequest:client-44EF9202E0DA->s0@group-E525AA2370AC, cid=362, seq=null, Watch-ALL(27), null
2024-01-25 07:58:17,718 [grpc-default-executor-3] DEBUG impl.UnorderedAsync (UnorderedAsync.java:sendRequestWithRetry(80)) - client-44EF9202E0DA: attempt #1 send~ RaftClientRequest:client-44EF9202E0DA->s0@group-E525AA2370AC, cid=362, seq=null, Watch-ALL(27), null
2024-01-25 07:58:17,718 [grpc-default-executor-3] DEBUG client.RaftClient (RaftClientImpl.java:get(158)) - client-44EF9202E0DA: get 363 returns []
2024-01-25 07:58:17,718 [grpc-default-executor-3] DEBUG client.RaftClient (RaftClientImpl.java:newRequest(95)) - attempt #1, newRequest RaftClientRequest:client-44EF9202E0DA->s0@group-E525AA2370AC, cid=363, seq=null, Watch-MAJORITY_COMMITTED(27), null
2024-01-25 07:58:17,714 [s0-client-thread3] DEBUG server.RaftServer$Division (LeaderStateImpl.java:addPendingRequest(533)) - s0@group-E525AA2370AC-LeaderStateImpl: addPendingRequest at RaftClientRequest:client-44EF9202E0DA->s0@group-E525AA2370AC, cid=336, seq=28, RW, Message:6d3135, entry=(t:1, i:41), STATEMACHINELOGENTRY, 336@client-44EF9202E0DA
2024-01-25 07:58:17,718 [grpc-default-executor-3] DEBUG impl.UnorderedAsync (UnorderedAsync.java:sendRequestWithRetry(80)) - client-44EF9202E0DA: attempt #1 send~ RaftClientRequest:client-44EF9202E0DA->s0@group-E525AA2370AC, cid=363, seq=null, Watch-MAJORITY_COMMITTED(27), null
2024-01-25 07:58:17,718 [grpc-default-executor-3] DEBUG client.RaftClient (RaftClientImpl.java:get(158)) - client-44EF9202E0DA: get 364 returns []
2024-01-25 07:58:17,718 [grpc-default-executor-3] DEBUG client.RaftClient (RaftClientImpl.java:newRequest(95)) - attempt #1, newRequest RaftClientRequest:client-44EF9202E0DA->s0@group-E525AA2370AC, cid=364, seq=null, Watch-ALL_COMMITTED(27), null
2024-01-25 07:58:17,718 [grpc-default-executor-3] DEBUG impl.UnorderedAsync (UnorderedAsync.java:sendRequestWithRetry(80)) - client-44EF9202E0DA: attempt #1 send~ RaftClientRequest:client-44EF9202E0DA->s0@group-E525AA2370AC, cid=364, seq=null, Watch-ALL_COMMITTED(27), null
2024-01-25 07:58:17,719 [s0-client-thread3] DEBUG server.RaftServer$Division (RaftServerImpl.java:submitClientRequestAsync(880)) - s0@group-E525AA2370AC: receive client request(RaftClientRequest:client-44EF9202E0DA->s0@group-E525AA2370AC, cid=337, seq=29, RW, Message:6d3136)
2024-01-25 07:58:17,717 [grpc-default-executor-5] DEBUG impl.WatchRequests (WatchRequests.java:updateIndex(150)) - s0@group-E525AA2370AC-WatchRequests: update MAJORITY_COMMITTED index from 21 to 25
2024-01-25 07:58:17,719 [grpc-default-executor-5] DEBUG impl.WatchRequests (WatchRequests.java:updateIndex(160)) - s0@group-E525AA2370AC-WatchRequests: complete Watch-MAJORITY_COMMITTED(22)@45.439s?NOT_DONE
2024-01-25 07:58:17,719 [s0-client-thread3] DEBUG server.RaftServer$Division (LeaderStateImpl.java:addPendingRequest(533)) - s0@group-E525AA2370AC-LeaderStateImpl: addPendingRequest at RaftClientRequest:client-44EF9202E0DA->s0@group-E525AA2370AC, cid=337, seq=29, RW, Message:6d3136, entry=(t:1, i:42), STATEMACHINELOGENTRY, 337@client-44EF9202E0DA
2024-01-25 07:58:17,717 [s1-server-thread4] DEBUG server.RaftServer$Division (RaftServerImpl.java:logAppendEntries(1520)) - s1@group-E525AA2370AC: receive appendEntries(s0, 1, (t:1, i:35), 27, false, commits:[s0:c27, s1:c21, s2:c19], cId:527, entries: [(t:1, i:36), METADATAENTRY(c:27)]
2024-01-25 07:58:17,720 [s0@group-E525AA2370AC-LeaderStateImpl] DEBUG impl.WatchRequests (WatchRequests.java:updateIndex(150)) - s0@group-E525AA2370AC-WatchRequests: update MAJORITY index from 32 to 34
2024-01-25 07:58:17,720 [s0-client-thread3] DEBUG server.RaftServer$Division (RaftServerImpl.java:submitClientRequestAsync(880)) - s0@group-E525AA2370AC: receive client request(RaftClientRequest:client-44EF9202E0DA->s0@group-E525AA2370AC, cid=338, seq=30, RW, Message:6d3137)
2024-01-25 07:58:17,720 [s0@group-E525AA2370AC-LeaderStateImpl] DEBUG impl.WatchRequests (WatchRequests.java:updateIndex(150)) - s0@group-E525AA2370AC-WatchRequests: update MAJORITY index from 34 to 35
2024-01-25 07:58:17,716 [s0-client-thread2] DEBUG server.RaftServer$Division (RaftServerImpl.java:submitClientRequestAsync(880)) - s0@group-E525AA2370AC: receive client request(RaftClientRequest:client-44EF9202E0DA->s0@group-E525AA2370AC, cid=355, seq=null, Watch-MAJORITY_COMMITTED(24), Message:<EMPTY>)
2024-01-25 07:58:17,715 [s0@group-E525AA2370AC-StateMachineUpdater] INFO  impl.SimpleStateMachine4Testing (SimpleStateMachine4Testing.java:put(205)) - s0: put 31, m9 -> (t:1, i:31), STATEMACHINELOGENTRY, 330@client-44EF9202E0DA
2024-01-25 07:58:17,720 [s0-client-thread3] DEBUG server.RaftServer$Division (LeaderStateImpl.java:addPendingRequest(533)) - s0@group-E525AA2370AC-LeaderStateImpl: addPendingRequest at RaftClientRequest:client-44EF9202E0DA->s0@group-E525AA2370AC, cid=338, seq=30, RW, Message:6d3137, entry=(t:1, i:45), STATEMACHINELOGENTRY, 338@client-44EF9202E0DA
2024-01-25 07:58:17,720 [s0@group-E525AA2370AC-StateMachineUpdater] INFO  impl.SimpleStateMachine4Testing (SimpleStateMachine4Testing.java:applyTransaction(248)) - applyTransaction for log index 32
2024-01-25 07:58:17,721 [s0@group-E525AA2370AC-StateMachineUpdater] INFO  impl.SimpleStateMachine4Testing (SimpleStateMachine4Testing.java:put(205)) - s0: put 32, m10 -> (t:1, i:32), STATEMACHINELOGENTRY, 331@client-44EF9202E0DA
2024-01-25 07:58:17,720 [ForkJoinPool.commonPool-worker-3] DEBUG impl.UnorderedAsync (UnorderedAsync.java:lambda$sendRequestWithRetry$4(83)) - client-44EF9202E0DA: attempt #1 receive~ RaftClientReply:client-44EF9202E0DA->s0@group-E525AA2370AC, cid=351, SUCCESS, logIndex=25, commits[s0:c32, s1:c25, s2:c19]
2024-01-25 07:58:17,721 [s0@group-E525AA2370AC-StateMachineUpdater] INFO  impl.SimpleStateMachine4Testing (SimpleStateMachine4Testing.java:applyTransaction(248)) - applyTransaction for log index 34
2024-01-25 07:58:17,721 [s0-client-thread2] DEBUG server.RaftServer$Division (LeaderStateImpl.java:addWatchRequest(552)) - s0@group-E525AA2370AC-LeaderStateImpl: addWatchRequest RaftClientRequest:client-44EF9202E0DA->s0@group-E525AA2370AC, cid=355, seq=null, Watch-MAJORITY_COMMITTED(24), Message:<EMPTY>
2024-01-25 07:58:17,721 [Time-limited test] INFO  grpc.TestWatchRequestWithGrpc (WatchRequestTests.java:get(214)) - majorityCommitted-Watch(22) returns RaftClientReply:client-44EF9202E0DA->s0@group-E525AA2370AC, cid=351, SUCCESS, logIndex=25, commits[s0:c32, s1:c25, s2:c19]
2024-01-25 07:58:17,721 [Time-limited test] INFO  grpc.TestWatchRequestWithGrpc (WatchRequestTests.java:checkMajority(275)) - checkMajority 3: receive RaftClientReply:client-44EF9202E0DA->s0@group-E525AA2370AC, cid=324, SUCCESS, logIndex=24, commits[s0:c25, s1:c21, s2:c19]
2024-01-25 07:58:17,719 [grpc-default-executor-3] DEBUG client.RaftClient (RaftClientImpl.java:add(146)) - client-44EF9202E0DA: add replied callId 327
2024-01-25 07:58:17,721 [ForkJoinPool.commonPool-worker-3] DEBUG impl.UnorderedAsync (UnorderedAsync.java:lambda$sendRequestWithRetry$4(83)) - client-44EF9202E0DA: attempt #1 receive~ RaftClientReply:client-44EF9202E0DA->s0@group-E525AA2370AC, cid=355, SUCCESS, logIndex=25, commits[s0:c35, s1:c25, s2:c19]
2024-01-25 07:58:17,721 [grpc-default-executor-3] INFO  grpc.TestWatchRequestWithGrpc (WatchRequestTests.java:lambda$sendRequests$0(113)) - SEND_WATCH: message=m6, logIndex=28
2024-01-25 07:58:17,722 [grpc-default-executor-3] DEBUG client.RaftClient (RaftClientImpl.java:get(158)) - client-44EF9202E0DA: get 365 returns [327]
2024-01-25 07:58:17,722 [grpc-default-executor-3] DEBUG client.RaftClient (RaftClientImpl.java:newRequest(95)) - attempt #1, newRequest RaftClientRequest:client-44EF9202E0DA->s0@group-E525AA2370AC, cid=365, seq=null, Watch(28), null
2024-01-25 07:58:17,722 [s1-server-thread6] DEBUG server.RaftServer$Division (RaftServerImpl.java:logAppendEntries(1520)) - s1@group-E525AA2370AC: receive appendEntries(s0, 1, (t:1, i:36), 27, false, commits:[s0:c27, s1:c21, s2:c19], cId:528, entries: [(t:1, i:37), STATEMACHINELOGENTRY, 334@client-44EF9202E0DA, (t:1, i:38), STATEMACHINELOGENTRY, 335@client-44EF9202E0DA]
2024-01-25 07:58:17,719 [ForkJoinPool.commonPool-worker-1] DEBUG impl.UnorderedAsync (UnorderedAsync.java:lambda$sendRequestWithRetry$4(83)) - client-44EF9202E0DA: attempt #1 receive~ RaftClientReply:client-44EF9202E0DA->s0@group-E525AA2370AC, cid=353, SUCCESS, logIndex=32, commits[s0:c32, s1:c21, s2:c19]
2024-01-25 07:58:17,722 [grpc-default-executor-3] DEBUG impl.UnorderedAsync (UnorderedAsync.java:sendRequestWithRetry(80)) - client-44EF9202E0DA: attempt #1 send~ RaftClientRequest:client-44EF9202E0DA->s0@group-E525AA2370AC, cid=365, seq=null, Watch(28), null
2024-01-25 07:58:17,722 [grpc-default-executor-3] DEBUG client.RaftClient (RaftClientImpl.java:get(158)) - client-44EF9202E0DA: get 366 returns []
2024-01-25 07:58:17,722 [grpc-default-executor-3] DEBUG client.RaftClient (RaftClientImpl.java:newRequest(95)) - attempt #1, newRequest RaftClientRequest:client-44EF9202E0DA->s0@group-E525AA2370AC, cid=366, seq=null, Watch-ALL(28), null
2024-01-25 07:58:17,722 [grpc-default-executor-3] DEBUG impl.UnorderedAsync (UnorderedAsync.java:sendRequestWithRetry(80)) - client-44EF9202E0DA: attempt #1 send~ RaftClientRequest:client-44EF9202E0DA->s0@group-E525AA2370AC, cid=366, seq=null, Watch-ALL(28), null
2024-01-25 07:58:17,722 [s1-server-thread6] DEBUG server.RaftServer$Division (RaftServerImpl.java:logAppendEntries(1520)) - s1@group-E525AA2370AC: receive appendEntries(s0, 1, (t:1, i:38), 30, false, commits:[s0:c30, s1:c21, s2:c19], cId:530, entries: [(t:1, i:39), METADATAENTRY(c:30)]
2024-01-25 07:58:17,722 [grpc-default-executor-3] DEBUG client.RaftClient (RaftClientImpl.java:get(158)) - client-44EF9202E0DA: get 367 returns []
2024-01-25 07:58:17,722 [grpc-default-executor-3] DEBUG client.RaftClient (RaftClientImpl.java:newRequest(95)) - attempt #1, newRequest RaftClientRequest:client-44EF9202E0DA->s0@group-E525AA2370AC, cid=367, seq=null, Watch-MAJORITY_COMMITTED(28), null
2024-01-25 07:58:17,723 [grpc-default-executor-3] DEBUG impl.UnorderedAsync (UnorderedAsync.java:sendRequestWithRetry(80)) - client-44EF9202E0DA: attempt #1 send~ RaftClientRequest:client-44EF9202E0DA->s0@group-E525AA2370AC, cid=367, seq=null, Watch-MAJORITY_COMMITTED(28), null
2024-01-25 07:58:17,723 [s0-client-thread2] DEBUG server.RaftServer$Division (RaftServerImpl.java:submitClientRequestAsync(880)) - s0@group-E525AA2370AC: receive client request(RaftClientRequest:client-44EF9202E0DA->s0@group-E525AA2370AC, cid=356, seq=null, Watch-ALL_COMMITTED(24), Message:<EMPTY>)
2024-01-25 07:58:17,723 [s1-server-thread5] DEBUG server.RaftServer$Division (RaftServerImpl.java:logAppendEntries(1520)) - s1@group-E525AA2370AC: succeeded to handle AppendEntries. Reply: s0<-s1#530:OK-t1,SUCCESS,nextIndex=40,followerCommit=30,matchIndex=39
2024-01-25 07:58:17,723 [Time-limited test] INFO  grpc.TestWatchRequestWithGrpc (WatchRequestTests.java:get(214)) - majority-Watch(24) returns RaftClientReply:client-44EF9202E0DA->s0@group-E525AA2370AC, cid=353, SUCCESS, logIndex=32, commits[s0:c32, s1:c21, s2:c19]
2024-01-25 07:58:17,721 [s1-server-thread4] DEBUG server.RaftServer$Division (RaftServerImpl.java:logAppendEntries(1520)) - s1@group-E525AA2370AC: succeeded to handle AppendEntries. Reply: s0<-s1#527:OK-t1,SUCCESS,nextIndex=37,followerCommit=27,matchIndex=36
2024-01-25 07:58:17,721 [s0-client-thread3] DEBUG server.RaftServer$Division (RaftServerImpl.java:submitClientRequestAsync(880)) - s0@group-E525AA2370AC: receive client request(RaftClientRequest:client-44EF9202E0DA->s0@group-E525AA2370AC, cid=339, seq=31, RW, Message:6d3138)
2024-01-25 07:58:17,721 [s1@group-E525AA2370AC-StateMachineUpdater] INFO  impl.SimpleStateMachine4Testing (SimpleStateMachine4Testing.java:applyTransaction(248)) - applyTransaction for log index 27
2024-01-25 07:58:17,723 [s1@group-E525AA2370AC-StateMachineUpdater] INFO  impl.SimpleStateMachine4Testing (SimpleStateMachine4Testing.java:put(205)) - s1: put 27, m5 -> (t:1, i:27), STATEMACHINELOGENTRY, 326@client-44EF9202E0DA
2024-01-25 07:58:17,723 [s0-client-thread3] DEBUG server.RaftServer$Division (LeaderStateImpl.java:addPendingRequest(533)) - s0@group-E525AA2370AC-LeaderStateImpl: addPendingRequest at RaftClientRequest:client-44EF9202E0DA->s0@group-E525AA2370AC, cid=339, seq=31, RW, Message:6d3138, entry=(t:1, i:46), STATEMACHINELOGENTRY, 339@client-44EF9202E0DA
2024-01-25 07:58:17,721 [s0@group-E525AA2370AC-StateMachineUpdater] INFO  impl.SimpleStateMachine4Testing (SimpleStateMachine4Testing.java:put(205)) - s0: put 34, m11 -> (t:1, i:34), STATEMACHINELOGENTRY, 332@client-44EF9202E0DA
2024-01-25 07:58:17,723 [s0@group-E525AA2370AC-StateMachineUpdater] INFO  impl.SimpleStateMachine4Testing (SimpleStateMachine4Testing.java:applyTransaction(248)) - applyTransaction for log index 35
2024-01-25 07:58:17,724 [s0@group-E525AA2370AC-StateMachineUpdater] INFO  impl.SimpleStateMachine4Testing (SimpleStateMachine4Testing.java:put(205)) - s0: put 35, m12 -> (t:1, i:35), STATEMACHINELOGENTRY, 333@client-44EF9202E0DA
2024-01-25 07:58:17,724 [grpc-default-executor-4] DEBUG impl.WatchRequests (WatchRequests.java:updateIndex(150)) - s0@group-E525AA2370AC-WatchRequests: update MAJORITY_COMMITTED index from 25 to 27
2024-01-25 07:58:17,723 [s1@group-E525AA2370AC-StateMachineUpdater] INFO  impl.SimpleStateMachine4Testing (SimpleStateMachine4Testing.java:applyTransaction(248)) - applyTransaction for log index 28
2024-01-25 07:58:17,724 [s1@group-E525AA2370AC-StateMachineUpdater] INFO  impl.SimpleStateMachine4Testing (SimpleStateMachine4Testing.java:put(205)) - s1: put 28, m6 -> (t:1, i:28), STATEMACHINELOGENTRY, 327@client-44EF9202E0DA
2024-01-25 07:58:17,723 [Time-limited test] INFO  grpc.TestWatchRequestWithGrpc (WatchRequestTests.java:get(214)) - majorityCommitted-Watch(24) returns RaftClientReply:client-44EF9202E0DA->s0@group-E525AA2370AC, cid=355, SUCCESS, logIndex=25, commits[s0:c35, s1:c25, s2:c19]
2024-01-25 07:58:17,724 [Time-limited test] INFO  grpc.TestWatchRequestWithGrpc (WatchRequestTests.java:checkMajority(275)) - checkMajority 4: receive RaftClientReply:client-44EF9202E0DA->s0@group-E525AA2370AC, cid=325, SUCCESS, logIndex=25, commits[s0:c25, s1:c21, s2:c19]
2024-01-25 07:58:17,723 [s0-client-thread2] DEBUG server.RaftServer$Division (LeaderStateImpl.java:addWatchRequest(552)) - s0@group-E525AA2370AC-LeaderStateImpl: addWatchRequest RaftClientRequest:client-44EF9202E0DA->s0@group-E525AA2370AC, cid=356, seq=null, Watch-ALL_COMMITTED(24), Message:<EMPTY>
2024-01-25 07:58:17,724 [s0@group-E525AA2370AC-LeaderStateImpl] DEBUG impl.WatchRequests (WatchRequests.java:updateIndex(150)) - s0@group-E525AA2370AC-WatchRequests: update MAJORITY index from 35 to 36
2024-01-25 07:58:17,723 [grpc-default-executor-3] DEBUG client.RaftClient (RaftClientImpl.java:get(158)) - client-44EF9202E0DA: get 368 returns []
2024-01-25 07:58:17,724 [grpc-default-executor-3] DEBUG client.RaftClient (RaftClientImpl.java:newRequest(95)) - attempt #1, newRequest RaftClientRequest:client-44EF9202E0DA->s0@group-E525AA2370AC, cid=368, seq=null, Watch-ALL_COMMITTED(28), null
2024-01-25 07:58:17,724 [grpc-default-executor-3] DEBUG impl.UnorderedAsync (UnorderedAsync.java:sendRequestWithRetry(80)) - client-44EF9202E0DA: attempt #1 send~ RaftClientRequest:client-44EF9202E0DA->s0@group-E525AA2370AC, cid=368, seq=null, Watch-ALL_COMMITTED(28), null
2024-01-25 07:58:17,723 [s1-server-thread6] DEBUG server.RaftServer$Division (RaftServerImpl.java:logAppendEntries(1520)) - s1@group-E525AA2370AC: receive appendEntries(s0, 1, (t:1, i:39), 32, false, commits:[s0:c32, s1:c21, s2:c19], cId:533, entries: [(t:1, i:40), METADATAENTRY(c:32)]
2024-01-25 07:58:17,722 [s1-server-thread3] DEBUG server.RaftServer$Division (RaftServerImpl.java:logAppendEntries(1520)) - s1@group-E525AA2370AC: succeeded to handle AppendEntries. Reply: s0<-s1#528:OK-t1,SUCCESS,nextIndex=39,followerCommit=27,matchIndex=38
2024-01-25 07:58:17,725 [grpc-default-executor-3] DEBUG client.RaftClient (RaftClientImpl.java:add(146)) - client-44EF9202E0DA: add replied callId 328
2024-01-25 07:58:17,724 [grpc-default-executor-5] DEBUG impl.WatchRequests (WatchRequests.java:updateIndex(150)) - s0@group-E525AA2370AC-WatchRequests: update MAJORITY_COMMITTED index from 27 to 30
2024-01-25 07:58:17,724 [s0-client-thread2] DEBUG server.RaftServer$Division (RaftServerImpl.java:submitClientRequestAsync(880)) - s0@group-E525AA2370AC: receive client request(RaftClientRequest:client-44EF9202E0DA->s0@group-E525AA2370AC, cid=357, seq=null, Watch(25), Message:<EMPTY>)
2024-01-25 07:58:17,725 [s1-server-thread6] DEBUG server.RaftServer$Division (RaftServerImpl.java:logAppendEntries(1520)) - s1@group-E525AA2370AC: succeeded to handle AppendEntries. Reply: s0<-s1#533:OK-t1,SUCCESS,nextIndex=41,followerCommit=32,matchIndex=40
2024-01-25 07:58:17,725 [s1-server-thread3] DEBUG server.RaftServer$Division (RaftServerImpl.java:logAppendEntries(1520)) - s1@group-E525AA2370AC: receive appendEntries(s0, 1, (t:1, i:40), 32, false, commits:[s0:c32, s1:c25, s2:c19], cId:534, entries: [(t:1, i:41), STATEMACHINELOGENTRY, 336@client-44EF9202E0DA]
2024-01-25 07:58:17,724 [s0-client-thread3] DEBUG server.RaftServer$Division (RaftServerImpl.java:submitClientRequestAsync(880)) - s0@group-E525AA2370AC: receive client request(RaftClientRequest:client-44EF9202E0DA->s0@group-E525AA2370AC, cid=340, seq=32, RW, Message:6d3139)
2024-01-25 07:58:17,724 [s1@group-E525AA2370AC-StateMachineUpdater] INFO  impl.SimpleStateMachine4Testing (SimpleStateMachine4Testing.java:applyTransaction(248)) - applyTransaction for log index 29
2024-01-25 07:58:17,725 [s1@group-E525AA2370AC-StateMachineUpdater] INFO  impl.SimpleStateMachine4Testing (SimpleStateMachine4Testing.java:put(205)) - s1: put 29, m7 -> (t:1, i:29), STATEMACHINELOGENTRY, 328@client-44EF9202E0DA
2024-01-25 07:58:17,725 [grpc-default-executor-5] DEBUG impl.WatchRequests (WatchRequests.java:updateIndex(150)) - s0@group-E525AA2370AC-WatchRequests: update MAJORITY_COMMITTED index from 30 to 32
2024-01-25 07:58:17,725 [s1@group-E525AA2370AC-StateMachineUpdater] INFO  impl.SimpleStateMachine4Testing (SimpleStateMachine4Testing.java:applyTransaction(248)) - applyTransaction for log index 30
2024-01-25 07:58:17,726 [s1@group-E525AA2370AC-StateMachineUpdater] INFO  impl.SimpleStateMachine4Testing (SimpleStateMachine4Testing.java:put(205)) - s1: put 30, m8 -> (t:1, i:30), STATEMACHINELOGENTRY, 329@client-44EF9202E0DA
2024-01-25 07:58:17,726 [s0@group-E525AA2370AC-LeaderStateImpl] DEBUG impl.WatchRequests (WatchRequests.java:updateIndex(150)) - s0@group-E525AA2370AC-WatchRequests: update MAJORITY index from 36 to 40
2024-01-25 07:58:17,726 [s1@group-E525AA2370AC-StateMachineUpdater] INFO  impl.SimpleStateMachine4Testing (SimpleStateMachine4Testing.java:applyTransaction(248)) - applyTransaction for log index 31
2024-01-25 07:58:17,726 [s1@group-E525AA2370AC-StateMachineUpdater] INFO  impl.SimpleStateMachine4Testing (SimpleStateMachine4Testing.java:put(205)) - s1: put 31, m9 -> (t:1, i:31), STATEMACHINELOGENTRY, 330@client-44EF9202E0DA
2024-01-25 07:58:17,726 [s1-server-thread3] DEBUG server.RaftServer$Division (RaftServerImpl.java:logAppendEntries(1520)) - s1@group-E525AA2370AC: receive appendEntries(s0, 1, (t:1, i:41), 32, false, commits:[s0:c32, s1:c25, s2:c19], cId:535, entries: [(t:1, i:42), STATEMACHINELOGENTRY, 337@client-44EF9202E0DA]
2024-01-25 07:58:17,725 [s0-client-thread2] DEBUG server.RaftServer$Division (LeaderStateImpl.java:addWatchRequest(552)) - s0@group-E525AA2370AC-LeaderStateImpl: addWatchRequest RaftClientRequest:client-44EF9202E0DA->s0@group-E525AA2370AC, cid=357, seq=null, Watch(25), Message:<EMPTY>
2024-01-25 07:58:17,725 [grpc-default-executor-3] INFO  grpc.TestWatchRequestWithGrpc (WatchRequestTests.java:lambda$sendRequests$0(113)) - SEND_WATCH: message=m7, logIndex=29
2024-01-25 07:58:17,726 [s1@group-E525AA2370AC-StateMachineUpdater] INFO  impl.SimpleStateMachine4Testing (SimpleStateMachine4Testing.java:applyTransaction(248)) - applyTransaction for log index 32
2024-01-25 07:58:17,726 [s1@group-E525AA2370AC-StateMachineUpdater] INFO  impl.SimpleStateMachine4Testing (SimpleStateMachine4Testing.java:put(205)) - s1: put 32, m10 -> (t:1, i:32), STATEMACHINELOGENTRY, 331@client-44EF9202E0DA
2024-01-25 07:58:17,726 [s0-client-thread1] DEBUG server.RaftServer$Division (RaftServerImpl.java:submitClientRequestAsync(880)) - s0@group-E525AA2370AC: receive client request(RaftClientRequest:client-44EF9202E0DA->s0@group-E525AA2370AC, cid=358, seq=null, Watch-ALL(25), Message:<EMPTY>)
2024-01-25 07:58:17,726 [s0-client-thread1] DEBUG server.RaftServer$Division (LeaderStateImpl.java:addWatchRequest(552)) - s0@group-E525AA2370AC-LeaderStateImpl: addWatchRequest RaftClientRequest:client-44EF9202E0DA->s0@group-E525AA2370AC, cid=358, seq=null, Watch-ALL(25), Message:<EMPTY>
2024-01-25 07:58:17,727 [s0-client-thread2] DEBUG server.RaftServer$Division (RaftServerImpl.java:submitClientRequestAsync(880)) - s0@group-E525AA2370AC: receive client request(RaftClientRequest:client-44EF9202E0DA->s0@group-E525AA2370AC, cid=359, seq=null, Watch-MAJORITY_COMMITTED(25), Message:<EMPTY>)
2024-01-25 07:58:17,727 [s0-client-thread2] DEBUG server.RaftServer$Division (LeaderStateImpl.java:addWatchRequest(552)) - s0@group-E525AA2370AC-LeaderStateImpl: addWatchRequest RaftClientRequest:client-44EF9202E0DA->s0@group-E525AA2370AC, cid=359, seq=null, Watch-MAJORITY_COMMITTED(25), Message:<EMPTY>
2024-01-25 07:58:17,727 [s0-client-thread1] DEBUG server.RaftServer$Division (RaftServerImpl.java:submitClientRequestAsync(880)) - s0@group-E525AA2370AC: receive client request(RaftClientRequest:client-44EF9202E0DA->s0@group-E525AA2370AC, cid=360, seq=null, Watch-ALL_COMMITTED(25), Message:<EMPTY>)
2024-01-25 07:58:17,727 [s0-client-thread1] DEBUG server.RaftServer$Division (LeaderStateImpl.java:addWatchRequest(552)) - s0@group-E525AA2370AC-LeaderStateImpl: addWatchRequest RaftClientRequest:client-44EF9202E0DA->s0@group-E525AA2370AC, cid=360, seq=null, Watch-ALL_COMMITTED(25), Message:<EMPTY>
2024-01-25 07:58:17,726 [s0-client-thread3] DEBUG server.RaftServer$Division (LeaderStateImpl.java:addPendingRequest(533)) - s0@group-E525AA2370AC-LeaderStateImpl: addPendingRequest at RaftClientRequest:client-44EF9202E0DA->s0@group-E525AA2370AC, cid=340, seq=32, RW, Message:6d3139, entry=(t:1, i:47), STATEMACHINELOGENTRY, 340@client-44EF9202E0DA
2024-01-25 07:58:17,727 [ForkJoinPool.commonPool-worker-3] DEBUG impl.UnorderedAsync (UnorderedAsync.java:lambda$sendRequestWithRetry$4(83)) - client-44EF9202E0DA: attempt #1 receive~ RaftClientReply:client-44EF9202E0DA->s0@group-E525AA2370AC, cid=359, SUCCESS, logIndex=32, commits[s0:c40, s1:c32, s2:c19]
2024-01-25 07:58:17,726 [s1-server-thread6] DEBUG server.RaftServer$Division (RaftServerImpl.java:logAppendEntries(1520)) - s1@group-E525AA2370AC: succeeded to handle AppendEntries. Reply: s0<-s1#534:OK-t1,SUCCESS,nextIndex=42,followerCommit=32,matchIndex=41
2024-01-25 07:58:17,726 [s0@group-E525AA2370AC-StateMachineUpdater] INFO  impl.SimpleStateMachine4Testing (SimpleStateMachine4Testing.java:applyTransaction(248)) - applyTransaction for log index 37
2024-01-25 07:58:17,726 [s1-server-thread5] DEBUG server.RaftServer$Division (RaftServerImpl.java:logAppendEntries(1520)) - s1@group-E525AA2370AC: succeeded to handle AppendEntries. Reply: s0<-s1#535:OK-t1,SUCCESS,nextIndex=43,followerCommit=32,matchIndex=42
2024-01-25 07:58:17,726 [ForkJoinPool.commonPool-worker-1] DEBUG impl.UnorderedAsync (UnorderedAsync.java:lambda$sendRequestWithRetry$4(83)) - client-44EF9202E0DA: attempt #1 receive~ RaftClientReply:client-44EF9202E0DA->s0@group-E525AA2370AC, cid=357, SUCCESS, logIndex=40, commits[s0:c40, s1:c32, s2:c19]
2024-01-25 07:58:17,726 [grpc-default-executor-3] DEBUG client.RaftClient (RaftClientImpl.java:get(158)) - client-44EF9202E0DA: get 369 returns [328]
2024-01-25 07:58:17,726 [s1-server-thread3] DEBUG server.RaftServer$Division (RaftServerImpl.java:logAppendEntries(1520)) - s1@group-E525AA2370AC: receive appendEntries(s0, 1, (t:1, i:42), 34, false, commits:[s0:c34, s1:c25, s2:c19], cId:537, entries: [(t:1, i:43), METADATAENTRY(c:34)]
2024-01-25 07:58:17,728 [s0@group-E525AA2370AC-LeaderStateImpl] DEBUG impl.WatchRequests (WatchRequests.java:updateIndex(150)) - s0@group-E525AA2370AC-WatchRequests: update MAJORITY index from 40 to 41
2024-01-25 07:58:17,728 [s1-server-thread3] DEBUG server.RaftServer$Division (RaftServerImpl.java:logAppendEntries(1520)) - s1@group-E525AA2370AC: succeeded to handle AppendEntries. Reply: s0<-s1#537:OK-t1,SUCCESS,nextIndex=44,followerCommit=34,matchIndex=43
2024-01-25 07:58:17,728 [s1-server-thread5] DEBUG server.RaftServer$Division (RaftServerImpl.java:logAppendEntries(1520)) - s1@group-E525AA2370AC: receive appendEntries(s0, 1, (t:1, i:43), 35, false, commits:[s0:c35, s1:c25, s2:c19], cId:538, entries: [(t:1, i:44), METADATAENTRY(c:35), (t:1, i:45), STATEMACHINELOGENTRY, 338@client-44EF9202E0DA]
2024-01-25 07:58:17,728 [s0@group-E525AA2370AC-LeaderStateImpl] DEBUG impl.WatchRequests (WatchRequests.java:updateIndex(150)) - s0@group-E525AA2370AC-WatchRequests: update MAJORITY index from 41 to 42
2024-01-25 07:58:17,728 [Time-limited test] INFO  grpc.TestWatchRequestWithGrpc (WatchRequestTests.java:get(214)) - majority-Watch(25) returns RaftClientReply:client-44EF9202E0DA->s0@group-E525AA2370AC, cid=357, SUCCESS, logIndex=40, commits[s0:c40, s1:c32, s2:c19]
2024-01-25 07:58:17,728 [grpc-default-executor-3] DEBUG client.RaftClient (RaftClientImpl.java:newRequest(95)) - attempt #1, newRequest RaftClientRequest:client-44EF9202E0DA->s0@group-E525AA2370AC, cid=369, seq=null, Watch(29), null
2024-01-25 07:58:17,729 [grpc-default-executor-3] DEBUG impl.UnorderedAsync (UnorderedAsync.java:sendRequestWithRetry(80)) - client-44EF9202E0DA: attempt #1 send~ RaftClientRequest:client-44EF9202E0DA->s0@group-E525AA2370AC, cid=369, seq=null, Watch(29), null
2024-01-25 07:58:17,728 [s0-client-thread4] DEBUG server.RaftServer$Division (RaftServerImpl.java:submitClientRequestAsync(880)) - s0@group-E525AA2370AC: receive client request(RaftClientRequest:client-44EF9202E0DA->s0@group-E525AA2370AC, cid=361, seq=null, Watch(27), Message:<EMPTY>)
2024-01-25 07:58:17,727 [s0@group-E525AA2370AC-StateMachineUpdater] INFO  impl.SimpleStateMachine4Testing (SimpleStateMachine4Testing.java:put(205)) - s0: put 37, m13 -> (t:1, i:37), STATEMACHINELOGENTRY, 334@client-44EF9202E0DA
2024-01-25 07:58:17,729 [Time-limited test] INFO  grpc.TestWatchRequestWithGrpc (WatchRequestTests.java:get(214)) - majorityCommitted-Watch(25) returns RaftClientReply:client-44EF9202E0DA->s0@group-E525AA2370AC, cid=359, SUCCESS, logIndex=32, commits[s0:c40, s1:c32, s2:c19]
2024-01-25 07:58:17,729 [grpc-default-executor-3] DEBUG client.RaftClient (RaftClientImpl.java:get(158)) - client-44EF9202E0DA: get 370 returns []
2024-01-25 07:58:17,728 [s1@group-E525AA2370AC-StateMachineUpdater] INFO  impl.SimpleStateMachine4Testing (SimpleStateMachine4Testing.java:applyTransaction(248)) - applyTransaction for log index 34
2024-01-25 07:58:17,729 [s1@group-E525AA2370AC-StateMachineUpdater] INFO  impl.SimpleStateMachine4Testing (SimpleStateMachine4Testing.java:put(205)) - s1: put 34, m11 -> (t:1, i:34), STATEMACHINELOGENTRY, 332@client-44EF9202E0DA
2024-01-25 07:58:17,729 [s1@group-E525AA2370AC-StateMachineUpdater] INFO  impl.SimpleStateMachine4Testing (SimpleStateMachine4Testing.java:applyTransaction(248)) - applyTransaction for log index 35
2024-01-25 07:58:17,729 [s1@group-E525AA2370AC-StateMachineUpdater] INFO  impl.SimpleStateMachine4Testing (SimpleStateMachine4Testing.java:put(205)) - s1: put 35, m12 -> (t:1, i:35), STATEMACHINELOGENTRY, 333@client-44EF9202E0DA
2024-01-25 07:58:17,730 [grpc-default-executor-3] DEBUG client.RaftClient (RaftClientImpl.java:newRequest(95)) - attempt #1, newRequest RaftClientRequest:client-44EF9202E0DA->s0@group-E525AA2370AC, cid=370, seq=null, Watch-ALL(29), null
2024-01-25 07:58:17,730 [grpc-default-executor-3] DEBUG impl.UnorderedAsync (UnorderedAsync.java:sendRequestWithRetry(80)) - client-44EF9202E0DA: attempt #1 send~ RaftClientRequest:client-44EF9202E0DA->s0@group-E525AA2370AC, cid=370, seq=null, Watch-ALL(29), null
2024-01-25 07:58:17,730 [grpc-default-executor-3] DEBUG client.RaftClient (RaftClientImpl.java:get(158)) - client-44EF9202E0DA: get 371 returns []
2024-01-25 07:58:17,730 [grpc-default-executor-3] DEBUG client.RaftClient (RaftClientImpl.java:newRequest(95)) - attempt #1, newRequest RaftClientRequest:client-44EF9202E0DA->s0@group-E525AA2370AC, cid=371, seq=null, Watch-MAJORITY_COMMITTED(29), null
2024-01-25 07:58:17,730 [grpc-default-executor-3] DEBUG impl.UnorderedAsync (UnorderedAsync.java:sendRequestWithRetry(80)) - client-44EF9202E0DA: attempt #1 send~ RaftClientRequest:client-44EF9202E0DA->s0@group-E525AA2370AC, cid=371, seq=null, Watch-MAJORITY_COMMITTED(29), null
2024-01-25 07:58:17,730 [grpc-default-executor-3] DEBUG client.RaftClient (RaftClientImpl.java:get(158)) - client-44EF9202E0DA: get 372 returns []
2024-01-25 07:58:17,730 [grpc-default-executor-3] DEBUG client.RaftClient (RaftClientImpl.java:newRequest(95)) - attempt #1, newRequest RaftClientRequest:client-44EF9202E0DA->s0@group-E525AA2370AC, cid=372, seq=null, Watch-ALL_COMMITTED(29), null
2024-01-25 07:58:17,730 [grpc-default-executor-3] DEBUG impl.UnorderedAsync (UnorderedAsync.java:sendRequestWithRetry(80)) - client-44EF9202E0DA: attempt #1 send~ RaftClientRequest:client-44EF9202E0DA->s0@group-E525AA2370AC, cid=372, seq=null, Watch-ALL_COMMITTED(29), null
2024-01-25 07:58:17,729 [Time-limited test] INFO  grpc.TestWatchRequestWithGrpc (WatchRequestTests.java:checkMajority(275)) - checkMajority 5: receive RaftClientReply:client-44EF9202E0DA->s0@group-E525AA2370AC, cid=326, SUCCESS, logIndex=27, commits[s0:c27, s1:c21, s2:c19]
2024-01-25 07:58:17,729 [s1-server-thread5] DEBUG server.RaftServer$Division (RaftServerImpl.java:logAppendEntries(1520)) - s1@group-E525AA2370AC: succeeded to handle AppendEntries. Reply: s0<-s1#538:OK-t1,SUCCESS,nextIndex=46,followerCommit=35,matchIndex=45
2024-01-25 07:58:17,729 [s0@group-E525AA2370AC-StateMachineUpdater] INFO  impl.SimpleStateMachine4Testing (SimpleStateMachine4Testing.java:applyTransaction(248)) - applyTransaction for log index 38
2024-01-25 07:58:17,729 [s0-client-thread4] DEBUG server.RaftServer$Division (LeaderStateImpl.java:addWatchRequest(552)) - s0@group-E525AA2370AC-LeaderStateImpl: addWatchRequest RaftClientRequest:client-44EF9202E0DA->s0@group-E525AA2370AC, cid=361, seq=null, Watch(27), Message:<EMPTY>
2024-01-25 07:58:17,731 [s0@group-E525AA2370AC-StateMachineUpdater] INFO  impl.SimpleStateMachine4Testing (SimpleStateMachine4Testing.java:put(205)) - s0: put 38, m14 -> (t:1, i:38), STATEMACHINELOGENTRY, 335@client-44EF9202E0DA
2024-01-25 07:58:17,731 [s0@group-E525AA2370AC-StateMachineUpdater] INFO  impl.SimpleStateMachine4Testing (SimpleStateMachine4Testing.java:applyTransaction(248)) - applyTransaction for log index 41
2024-01-25 07:58:17,731 [ForkJoinPool.commonPool-worker-1] DEBUG impl.UnorderedAsync (UnorderedAsync.java:lambda$sendRequestWithRetry$4(83)) - client-44EF9202E0DA: attempt #1 receive~ RaftClientReply:client-44EF9202E0DA->s0@group-E525AA2370AC, cid=361, SUCCESS, logIndex=42, commits[s0:c42, s1:c32, s2:c19]
2024-01-25 07:58:17,731 [grpc-default-executor-3] DEBUG client.RaftClient (RaftClientImpl.java:add(146)) - client-44EF9202E0DA: add replied callId 329
2024-01-25 07:58:17,731 [Time-limited test] INFO  grpc.TestWatchRequestWithGrpc (WatchRequestTests.java:get(214)) - majority-Watch(27) returns RaftClientReply:client-44EF9202E0DA->s0@group-E525AA2370AC, cid=361, SUCCESS, logIndex=42, commits[s0:c42, s1:c32, s2:c19]
2024-01-25 07:58:17,732 [grpc-default-executor-2] DEBUG impl.WatchRequests (WatchRequests.java:updateIndex(150)) - s0@group-E525AA2370AC-WatchRequests: update MAJORITY_COMMITTED index from 32 to 34
2024-01-25 07:58:17,732 [grpc-default-executor-2] DEBUG impl.WatchRequests (WatchRequests.java:updateIndex(150)) - s0@group-E525AA2370AC-WatchRequests: update MAJORITY_COMMITTED index from 34 to 35
2024-01-25 07:58:17,732 [s0@group-E525AA2370AC-LeaderStateImpl] DEBUG impl.WatchRequests (WatchRequests.java:updateIndex(150)) - s0@group-E525AA2370AC-WatchRequests: update MAJORITY index from 42 to 43
2024-01-25 07:58:17,732 [s0@group-E525AA2370AC-LeaderStateImpl] DEBUG impl.WatchRequests (WatchRequests.java:updateIndex(150)) - s0@group-E525AA2370AC-WatchRequests: update MAJORITY index from 43 to 45
2024-01-25 07:58:17,731 [s0@group-E525AA2370AC-StateMachineUpdater] INFO  impl.SimpleStateMachine4Testing (SimpleStateMachine4Testing.java:put(205)) - s0: put 41, m15 -> (t:1, i:41), STATEMACHINELOGENTRY, 336@client-44EF9202E0DA
2024-01-25 07:58:17,731 [s0-client-thread3] DEBUG server.RaftServer$Division (RaftServerImpl.java:submitClientRequestAsync(880)) - s0@group-E525AA2370AC: receive client request(RaftClientRequest:client-44EF9202E0DA->s0@group-E525AA2370AC, cid=362, seq=null, Watch-ALL(27), Message:<EMPTY>)
2024-01-25 07:58:17,732 [s1-server-thread5] DEBUG server.RaftServer$Division (RaftServerImpl.java:logAppendEntries(1520)) - s1@group-E525AA2370AC: receive appendEntries(s0, 1, (t:1, i:45), 35, false, commits:[s0:c35, s1:c27, s2:c19], cId:540, entries: [(t:1, i:46), STATEMACHINELOGENTRY, 339@client-44EF9202E0DA]
2024-01-25 07:58:17,731 [grpc-default-executor-3] INFO  grpc.TestWatchRequestWithGrpc (WatchRequestTests.java:lambda$sendRequests$0(113)) - SEND_WATCH: message=m8, logIndex=30
2024-01-25 07:58:17,733 [s0-client-thread3] DEBUG server.RaftServer$Division (LeaderStateImpl.java:addWatchRequest(552)) - s0@group-E525AA2370AC-LeaderStateImpl: addWatchRequest RaftClientRequest:client-44EF9202E0DA->s0@group-E525AA2370AC, cid=362, seq=null, Watch-ALL(27), Message:<EMPTY>
2024-01-25 07:58:17,733 [s0@group-E525AA2370AC-StateMachineUpdater] INFO  impl.SimpleStateMachine4Testing (SimpleStateMachine4Testing.java:applyTransaction(248)) - applyTransaction for log index 42
2024-01-25 07:58:17,733 [s0@group-E525AA2370AC-StateMachineUpdater] INFO  impl.SimpleStateMachine4Testing (SimpleStateMachine4Testing.java:put(205)) - s0: put 42, m16 -> (t:1, i:42), STATEMACHINELOGENTRY, 337@client-44EF9202E0DA
2024-01-25 07:58:17,733 [s1-server-thread3] DEBUG server.RaftServer$Division (RaftServerImpl.java:logAppendEntries(1520)) - s1@group-E525AA2370AC: succeeded to handle AppendEntries. Reply: s0<-s1#540:OK-t1,SUCCESS,nextIndex=47,followerCommit=35,matchIndex=46
2024-01-25 07:58:17,733 [s0@group-E525AA2370AC-StateMachineUpdater] INFO  impl.SimpleStateMachine4Testing (SimpleStateMachine4Testing.java:applyTransaction(248)) - applyTransaction for log index 45
2024-01-25 07:58:17,733 [s0@group-E525AA2370AC-StateMachineUpdater] INFO  impl.SimpleStateMachine4Testing (SimpleStateMachine4Testing.java:put(205)) - s0: put 45, m17 -> (t:1, i:45), STATEMACHINELOGENTRY, 338@client-44EF9202E0DA
2024-01-25 07:58:17,733 [s0@group-E525AA2370AC-StateMachineUpdater] INFO  impl.SimpleStateMachine4Testing (SimpleStateMachine4Testing.java:applyTransaction(248)) - applyTransaction for log index 46
2024-01-25 07:58:17,733 [s0@group-E525AA2370AC-StateMachineUpdater] INFO  impl.SimpleStateMachine4Testing (SimpleStateMachine4Testing.java:put(205)) - s0: put 46, m18 -> (t:1, i:46), STATEMACHINELOGENTRY, 339@client-44EF9202E0DA
2024-01-25 07:58:17,733 [grpc-default-executor-3] DEBUG client.RaftClient (RaftClientImpl.java:get(158)) - client-44EF9202E0DA: get 373 returns [329]
2024-01-25 07:58:17,733 [s0@group-E525AA2370AC-LeaderStateImpl] DEBUG impl.WatchRequests (WatchRequests.java:updateIndex(150)) - s0@group-E525AA2370AC-WatchRequests: update MAJORITY index from 45 to 46
2024-01-25 07:58:17,733 [s1-server-thread5] DEBUG server.RaftServer$Division (RaftServerImpl.java:logAppendEntries(1520)) - s1@group-E525AA2370AC: receive appendEntries(s0, 1, (t:1, i:46), 40, false, commits:[s0:c40, s1:c32, s2:c19], cId:543, entries: [(t:1, i:47), STATEMACHINELOGENTRY, 340@client-44EF9202E0DA]
2024-01-25 07:58:17,734 [s0-client-thread4] DEBUG server.RaftServer$Division (RaftServerImpl.java:submitClientRequestAsync(880)) - s0@group-E525AA2370AC: receive client request(RaftClientRequest:client-44EF9202E0DA->s0@group-E525AA2370AC, cid=363, seq=null, Watch-MAJORITY_COMMITTED(27), Message:<EMPTY>)
2024-01-25 07:58:17,734 [s0-client-thread4] DEBUG server.RaftServer$Division (LeaderStateImpl.java:addWatchRequest(552)) - s0@group-E525AA2370AC-LeaderStateImpl: addWatchRequest RaftClientRequest:client-44EF9202E0DA->s0@group-E525AA2370AC, cid=363, seq=null, Watch-MAJORITY_COMMITTED(27), Message:<EMPTY>
2024-01-25 07:58:17,734 [s0-client-thread4] DEBUG server.RaftServer$Division (RaftServerImpl.java:submitClientRequestAsync(880)) - s0@group-E525AA2370AC: receive client request(RaftClientRequest:client-44EF9202E0DA->s0@group-E525AA2370AC, cid=364, seq=null, Watch-ALL_COMMITTED(27), Message:<EMPTY>)
2024-01-25 07:58:17,734 [s0-client-thread4] DEBUG server.RaftServer$Division (LeaderStateImpl.java:addWatchRequest(552)) - s0@group-E525AA2370AC-LeaderStateImpl: addWatchRequest RaftClientRequest:client-44EF9202E0DA->s0@group-E525AA2370AC, cid=364, seq=null, Watch-ALL_COMMITTED(27), Message:<EMPTY>
2024-01-25 07:58:17,735 [s1-server-thread3] DEBUG server.RaftServer$Division (RaftServerImpl.java:logAppendEntries(1520)) - s1@group-E525AA2370AC: succeeded to handle AppendEntries. Reply: s0<-s1#543:OK-t1,SUCCESS,nextIndex=48,followerCommit=40,matchIndex=47
2024-01-25 07:58:17,735 [s1@group-E525AA2370AC-StateMachineUpdater] INFO  impl.SimpleStateMachine4Testing (SimpleStateMachine4Testing.java:applyTransaction(248)) - applyTransaction for log index 37
2024-01-25 07:58:17,735 [grpc-default-executor-2] DEBUG impl.WatchRequests (WatchRequests.java:updateIndex(150)) - s0@group-E525AA2370AC-WatchRequests: update MAJORITY_COMMITTED index from 35 to 40
2024-01-25 07:58:17,735 [s0-client-thread4] DEBUG server.RaftServer$Division (RaftServerImpl.java:submitClientRequestAsync(880)) - s0@group-E525AA2370AC: receive client request(RaftClientRequest:client-44EF9202E0DA->s0@group-E525AA2370AC, cid=365, seq=null, Watch(28), Message:<EMPTY>)
2024-01-25 07:58:17,735 [s0-client-thread4] DEBUG server.RaftServer$Division (LeaderStateImpl.java:addWatchRequest(552)) - s0@group-E525AA2370AC-LeaderStateImpl: addWatchRequest RaftClientRequest:client-44EF9202E0DA->s0@group-E525AA2370AC, cid=365, seq=null, Watch(28), Message:<EMPTY>
2024-01-25 07:58:17,735 [s0@group-E525AA2370AC-LeaderStateImpl] DEBUG impl.WatchRequests (WatchRequests.java:updateIndex(150)) - s0@group-E525AA2370AC-WatchRequests: update MAJORITY index from 46 to 47
2024-01-25 07:58:17,735 [ForkJoinPool.commonPool-worker-1] DEBUG impl.UnorderedAsync (UnorderedAsync.java:lambda$sendRequestWithRetry$4(83)) - client-44EF9202E0DA: attempt #1 receive~ RaftClientReply:client-44EF9202E0DA->s0@group-E525AA2370AC, cid=363, SUCCESS, logIndex=35, commits[s0:c46, s1:c35, s2:c19]
2024-01-25 07:58:17,735 [Time-limited test] INFO  grpc.TestWatchRequestWithGrpc (WatchRequestTests.java:get(214)) - majorityCommitted-Watch(27) returns RaftClientReply:client-44EF9202E0DA->s0@group-E525AA2370AC, cid=363, SUCCESS, logIndex=35, commits[s0:c46, s1:c35, s2:c19]
2024-01-25 07:58:17,735 [ForkJoinPool.commonPool-worker-1] DEBUG impl.UnorderedAsync (UnorderedAsync.java:lambda$sendRequestWithRetry$4(83)) - client-44EF9202E0DA: attempt #1 receive~ RaftClientReply:client-44EF9202E0DA->s0@group-E525AA2370AC, cid=365, SUCCESS, logIndex=46, commits[s0:c47, s1:c40, s2:c19]
2024-01-25 07:58:17,735 [Time-limited test] INFO  grpc.TestWatchRequestWithGrpc (WatchRequestTests.java:checkMajority(275)) - checkMajority 6: receive RaftClientReply:client-44EF9202E0DA->s0@group-E525AA2370AC, cid=327, SUCCESS, logIndex=28, commits[s0:c30, s1:c21, s2:c19]
2024-01-25 07:58:17,735 [Time-limited test] INFO  grpc.TestWatchRequestWithGrpc (WatchRequestTests.java:get(214)) - majority-Watch(28) returns RaftClientReply:client-44EF9202E0DA->s0@group-E525AA2370AC, cid=365, SUCCESS, logIndex=46, commits[s0:c47, s1:c40, s2:c19]
2024-01-25 07:58:17,736 [s0-client-thread4] DEBUG server.RaftServer$Division (RaftServerImpl.java:submitClientRequestAsync(880)) - s0@group-E525AA2370AC: receive client request(RaftClientRequest:client-44EF9202E0DA->s0@group-E525AA2370AC, cid=366, seq=null, Watch-ALL(28), Message:<EMPTY>)
2024-01-25 07:58:17,736 [s0-client-thread4] DEBUG server.RaftServer$Division (LeaderStateImpl.java:addWatchRequest(552)) - s0@group-E525AA2370AC-LeaderStateImpl: addWatchRequest RaftClientRequest:client-44EF9202E0DA->s0@group-E525AA2370AC, cid=366, seq=null, Watch-ALL(28), Message:<EMPTY>
2024-01-25 07:58:17,735 [s1-server-thread5] DEBUG server.RaftServer$Division (RaftServerImpl.java:logAppendEntries(1520)) - s1@group-E525AA2370AC: receive appendEntries(s0, 1, (t:1, i:47), 41, false, commits:[s0:c41, s1:c32, s2:c19], cId:546, entries: [(t:1, i:48), METADATAENTRY(c:41)]
2024-01-25 07:58:17,735 [s1@group-E525AA2370AC-StateMachineUpdater] INFO  impl.SimpleStateMachine4Testing (SimpleStateMachine4Testing.java:put(205)) - s1: put 37, m13 -> (t:1, i:37), STATEMACHINELOGENTRY, 334@client-44EF9202E0DA
2024-01-25 07:58:17,736 [s0-client-thread4] DEBUG server.RaftServer$Division (RaftServerImpl.java:submitClientRequestAsync(880)) - s0@group-E525AA2370AC: receive client request(RaftClientRequest:client-44EF9202E0DA->s0@group-E525AA2370AC, cid=367, seq=null, Watch-MAJORITY_COMMITTED(28), Message:<EMPTY>)
2024-01-25 07:58:17,736 [s0-client-thread4] DEBUG server.RaftServer$Division (LeaderStateImpl.java:addWatchRequest(552)) - s0@group-E525AA2370AC-LeaderStateImpl: addWatchRequest RaftClientRequest:client-44EF9202E0DA->s0@group-E525AA2370AC, cid=367, seq=null, Watch-MAJORITY_COMMITTED(28), Message:<EMPTY>
2024-01-25 07:58:17,736 [ForkJoinPool.commonPool-worker-1] DEBUG impl.UnorderedAsync (UnorderedAsync.java:lambda$sendRequestWithRetry$4(83)) - client-44EF9202E0DA: attempt #1 receive~ RaftClientReply:client-44EF9202E0DA->s0@group-E525AA2370AC, cid=367, SUCCESS, logIndex=40, commits[s0:c47, s1:c40, s2:c19]
2024-01-25 07:58:17,736 [Time-limited test] INFO  grpc.TestWatchRequestWithGrpc (WatchRequestTests.java:get(214)) - majorityCommitted-Watch(28) returns RaftClientReply:client-44EF9202E0DA->s0@group-E525AA2370AC, cid=367, SUCCESS, logIndex=40, commits[s0:c47, s1:c40, s2:c19]
2024-01-25 07:58:17,736 [s1-server-thread3] DEBUG server.RaftServer$Division (RaftServerImpl.java:logAppendEntries(1520)) - s1@group-E525AA2370AC: receive appendEntries(s0, 1, (t:1, i:48), 42, false, commits:[s0:c42, s1:c32, s2:c19], cId:547, entries: [(t:1, i:49), METADATAENTRY(c:42)]
2024-01-25 07:58:17,737 [s1-server-thread3] DEBUG server.RaftServer$Division (RaftServerImpl.java:logAppendEntries(1520)) - s1@group-E525AA2370AC: receive appendEntries(s0, 1, (t:1, i:49), 45, false, commits:[s0:c45, s1:c35, s2:c19], cId:549, entries: [(t:1, i:50), METADATAENTRY(c:45)]
2024-01-25 07:58:17,737 [s1-server-thread3] DEBUG server.RaftServer$Division (RaftServerImpl.java:logAppendEntries(1520)) - s1@group-E525AA2370AC: succeeded to handle AppendEntries. Reply: s0<-s1#547:OK-t1,SUCCESS,nextIndex=50,followerCommit=42,matchIndex=49
2024-01-25 07:58:17,737 [s1-server-thread3] DEBUG server.RaftServer$Division (RaftServerImpl.java:logAppendEntries(1520)) - s1@group-E525AA2370AC: receive appendEntries(s0, 1, (t:1, i:50), 46, false, commits:[s0:c46, s1:c35, s2:c19], cId:550, entries: [(t:1, i:51), METADATAENTRY(c:46)]
2024-01-25 07:58:17,738 [s1-server-thread5] DEBUG server.RaftServer$Division (RaftServerImpl.java:logAppendEntries(1520)) - s1@group-E525AA2370AC: succeeded to handle AppendEntries. Reply: s0<-s1#546:OK-t1,SUCCESS,nextIndex=49,followerCommit=42,matchIndex=48
2024-01-25 07:58:17,738 [grpc-default-executor-5] DEBUG impl.WatchRequests (WatchRequests.java:updateIndex(150)) - s0@group-E525AA2370AC-WatchRequests: update MAJORITY_COMMITTED index from 40 to 42
2024-01-25 07:58:17,738 [s0@group-E525AA2370AC-LeaderStateImpl] DEBUG impl.WatchRequests (WatchRequests.java:updateIndex(150)) - s0@group-E525AA2370AC-WatchRequests: update MAJORITY index from 47 to 48
2024-01-25 07:58:17,738 [s0@group-E525AA2370AC-LeaderStateImpl] DEBUG impl.WatchRequests (WatchRequests.java:updateIndex(150)) - s0@group-E525AA2370AC-WatchRequests: update MAJORITY index from 48 to 49
2024-01-25 07:58:17,736 [grpc-default-executor-3] DEBUG client.RaftClient (RaftClientImpl.java:newRequest(95)) - attempt #1, newRequest RaftClientRequest:client-44EF9202E0DA->s0@group-E525AA2370AC, cid=373, seq=null, Watch(30), null
2024-01-25 07:58:17,736 [s0@group-E525AA2370AC-StateMachineUpdater] INFO  impl.SimpleStateMachine4Testing (SimpleStateMachine4Testing.java:applyTransaction(248)) - applyTransaction for log index 47
2024-01-25 07:58:17,739 [s0@group-E525AA2370AC-StateMachineUpdater] INFO  impl.SimpleStateMachine4Testing (SimpleStateMachine4Testing.java:put(205)) - s0: put 47, m19 -> (t:1, i:47), STATEMACHINELOGENTRY, 340@client-44EF9202E0DA
2024-01-25 07:58:17,739 [grpc-default-executor-3] DEBUG impl.UnorderedAsync (UnorderedAsync.java:sendRequestWithRetry(80)) - client-44EF9202E0DA: attempt #1 send~ RaftClientRequest:client-44EF9202E0DA->s0@group-E525AA2370AC, cid=373, seq=null, Watch(30), null
2024-01-25 07:58:17,738 [s1-server-thread6] DEBUG server.RaftServer$Division (RaftServerImpl.java:logAppendEntries(1520)) - s1@group-E525AA2370AC: receive appendEntries(s0, 1, (t:1, i:51), 47, false, commits:[s0:c47, s1:c40, s2:c19], cId:553, entries: [(t:1, i:52), METADATAENTRY(c:47)]
2024-01-25 07:58:17,738 [s1-server-thread5] DEBUG server.RaftServer$Division (RaftServerImpl.java:logAppendEntries(1520)) - s1@group-E525AA2370AC: succeeded to handle AppendEntries. Reply: s0<-s1#550:OK-t1,SUCCESS,nextIndex=52,followerCommit=46,matchIndex=51
2024-01-25 07:58:17,738 [s1-server-thread3] DEBUG server.RaftServer$Division (RaftServerImpl.java:logAppendEntries(1520)) - s1@group-E525AA2370AC: succeeded to handle AppendEntries. Reply: s0<-s1#549:OK-t1,SUCCESS,nextIndex=51,followerCommit=45,matchIndex=50
2024-01-25 07:58:17,737 [s0-client-thread4] DEBUG server.RaftServer$Division (RaftServerImpl.java:submitClientRequestAsync(880)) - s0@group-E525AA2370AC: receive client request(RaftClientRequest:client-44EF9202E0DA->s0@group-E525AA2370AC, cid=368, seq=null, Watch-ALL_COMMITTED(28), Message:<EMPTY>)
2024-01-25 07:58:17,737 [Time-limited test] INFO  grpc.TestWatchRequestWithGrpc (WatchRequestTests.java:checkMajority(275)) - checkMajority 7: receive RaftClientReply:client-44EF9202E0DA->s0@group-E525AA2370AC, cid=328, SUCCESS, logIndex=29, commits[s0:c30, s1:c21, s2:c19]
2024-01-25 07:58:17,739 [grpc-default-executor-0] DEBUG impl.WatchRequests (WatchRequests.java:updateIndex(150)) - s0@group-E525AA2370AC-WatchRequests: update MAJORITY_COMMITTED index from 42 to 45
2024-01-25 07:58:17,736 [s1@group-E525AA2370AC-StateMachineUpdater] INFO  impl.SimpleStateMachine4Testing (SimpleStateMachine4Testing.java:applyTransaction(248)) - applyTransaction for log index 38
2024-01-25 07:58:17,739 [s0-client-thread4] DEBUG server.RaftServer$Division (LeaderStateImpl.java:addWatchRequest(552)) - s0@group-E525AA2370AC-LeaderStateImpl: addWatchRequest RaftClientRequest:client-44EF9202E0DA->s0@group-E525AA2370AC, cid=368, seq=null, Watch-ALL_COMMITTED(28), Message:<EMPTY>
2024-01-25 07:58:17,740 [s1@group-E525AA2370AC-StateMachineUpdater] INFO  impl.SimpleStateMachine4Testing (SimpleStateMachine4Testing.java:put(205)) - s1: put 38, m14 -> (t:1, i:38), STATEMACHINELOGENTRY, 335@client-44EF9202E0DA
2024-01-25 07:58:17,740 [grpc-default-executor-0] DEBUG impl.WatchRequests (WatchRequests.java:updateIndex(150)) - s0@group-E525AA2370AC-WatchRequests: update MAJORITY_COMMITTED index from 45 to 46
2024-01-25 07:58:17,740 [s0@group-E525AA2370AC-LeaderStateImpl] DEBUG impl.WatchRequests (WatchRequests.java:updateIndex(150)) - s0@group-E525AA2370AC-WatchRequests: update MAJORITY index from 49 to 50
2024-01-25 07:58:17,740 [s0-client-thread4] DEBUG server.RaftServer$Division (RaftServerImpl.java:submitClientRequestAsync(880)) - s0@group-E525AA2370AC: receive client request(RaftClientRequest:client-44EF9202E0DA->s0@group-E525AA2370AC, cid=369, seq=null, Watch(29), Message:<EMPTY>)
2024-01-25 07:58:17,740 [s0-client-thread4] DEBUG server.RaftServer$Division (LeaderStateImpl.java:addWatchRequest(552)) - s0@group-E525AA2370AC-LeaderStateImpl: addWatchRequest RaftClientRequest:client-44EF9202E0DA->s0@group-E525AA2370AC, cid=369, seq=null, Watch(29), Message:<EMPTY>
2024-01-25 07:58:17,741 [s0@group-E525AA2370AC-LeaderStateImpl] DEBUG impl.WatchRequests (WatchRequests.java:updateIndex(150)) - s0@group-E525AA2370AC-WatchRequests: update MAJORITY index from 50 to 51
2024-01-25 07:58:17,741 [s0-client-thread4] DEBUG server.RaftServer$Division (RaftServerImpl.java:submitClientRequestAsync(880)) - s0@group-E525AA2370AC: receive client request(RaftClientRequest:client-44EF9202E0DA->s0@group-E525AA2370AC, cid=370, seq=null, Watch-ALL(29), Message:<EMPTY>)
2024-01-25 07:58:17,741 [s0-client-thread4] DEBUG server.RaftServer$Division (LeaderStateImpl.java:addWatchRequest(552)) - s0@group-E525AA2370AC-LeaderStateImpl: addWatchRequest RaftClientRequest:client-44EF9202E0DA->s0@group-E525AA2370AC, cid=370, seq=null, Watch-ALL(29), Message:<EMPTY>
2024-01-25 07:58:17,740 [s1-server-thread3] DEBUG server.RaftServer$Division (RaftServerImpl.java:logAppendEntries(1520)) - s1@group-E525AA2370AC: succeeded to handle AppendEntries. Reply: s0<-s1#553:OK-t1,SUCCESS,nextIndex=53,followerCommit=47,matchIndex=52
2024-01-25 07:58:17,741 [ForkJoinPool.commonPool-worker-1] DEBUG impl.UnorderedAsync (UnorderedAsync.java:lambda$sendRequestWithRetry$4(83)) - client-44EF9202E0DA: attempt #1 receive~ RaftClientReply:client-44EF9202E0DA->s0@group-E525AA2370AC, cid=369, SUCCESS, logIndex=50, commits[s0:c50, s1:c46, s2:c19]
2024-01-25 07:58:17,741 [Time-limited test] INFO  grpc.TestWatchRequestWithGrpc (WatchRequestTests.java:get(214)) - majority-Watch(29) returns RaftClientReply:client-44EF9202E0DA->s0@group-E525AA2370AC, cid=369, SUCCESS, logIndex=50, commits[s0:c50, s1:c46, s2:c19]
2024-01-25 07:58:17,740 [s1@group-E525AA2370AC-StateMachineUpdater] INFO  impl.SimpleStateMachine4Testing (SimpleStateMachine4Testing.java:applyTransaction(248)) - applyTransaction for log index 41
2024-01-25 07:58:17,741 [s0-client-thread4] DEBUG server.RaftServer$Division (RaftServerImpl.java:submitClientRequestAsync(880)) - s0@group-E525AA2370AC: receive client request(RaftClientRequest:client-44EF9202E0DA->s0@group-E525AA2370AC, cid=371, seq=null, Watch-MAJORITY_COMMITTED(29), Message:<EMPTY>)
2024-01-25 07:58:17,741 [grpc-default-executor-4] DEBUG impl.WatchRequests (WatchRequests.java:updateIndex(150)) - s0@group-E525AA2370AC-WatchRequests: update MAJORITY_COMMITTED index from 46 to 47
2024-01-25 07:58:17,741 [s0-client-thread4] DEBUG server.RaftServer$Division (LeaderStateImpl.java:addWatchRequest(552)) - s0@group-E525AA2370AC-LeaderStateImpl: addWatchRequest RaftClientRequest:client-44EF9202E0DA->s0@group-E525AA2370AC, cid=371, seq=null, Watch-MAJORITY_COMMITTED(29), Message:<EMPTY>
2024-01-25 07:58:17,741 [s1@group-E525AA2370AC-StateMachineUpdater] INFO  impl.SimpleStateMachine4Testing (SimpleStateMachine4Testing.java:put(205)) - s1: put 41, m15 -> (t:1, i:41), STATEMACHINELOGENTRY, 336@client-44EF9202E0DA
2024-01-25 07:58:17,741 [s0-client-thread4] DEBUG server.RaftServer$Division (RaftServerImpl.java:submitClientRequestAsync(880)) - s0@group-E525AA2370AC: receive client request(RaftClientRequest:client-44EF9202E0DA->s0@group-E525AA2370AC, cid=372, seq=null, Watch-ALL_COMMITTED(29), Message:<EMPTY>)
2024-01-25 07:58:17,742 [s0-client-thread4] DEBUG server.RaftServer$Division (LeaderStateImpl.java:addWatchRequest(552)) - s0@group-E525AA2370AC-LeaderStateImpl: addWatchRequest RaftClientRequest:client-44EF9202E0DA->s0@group-E525AA2370AC, cid=372, seq=null, Watch-ALL_COMMITTED(29), Message:<EMPTY>
2024-01-25 07:58:17,742 [s1@group-E525AA2370AC-StateMachineUpdater] INFO  impl.SimpleStateMachine4Testing (SimpleStateMachine4Testing.java:applyTransaction(248)) - applyTransaction for log index 42
2024-01-25 07:58:17,742 [s1@group-E525AA2370AC-StateMachineUpdater] INFO  impl.SimpleStateMachine4Testing (SimpleStateMachine4Testing.java:put(205)) - s1: put 42, m16 -> (t:1, i:42), STATEMACHINELOGENTRY, 337@client-44EF9202E0DA
2024-01-25 07:58:17,742 [s0-client-thread4] DEBUG server.RaftServer$Division (RaftServerImpl.java:submitClientRequestAsync(880)) - s0@group-E525AA2370AC: receive client request(RaftClientRequest:client-44EF9202E0DA->s0@group-E525AA2370AC, cid=373, seq=null, Watch(30), Message:<EMPTY>)
2024-01-25 07:58:17,742 [s0-client-thread4] DEBUG server.RaftServer$Division (LeaderStateImpl.java:addWatchRequest(552)) - s0@group-E525AA2370AC-LeaderStateImpl: addWatchRequest RaftClientRequest:client-44EF9202E0DA->s0@group-E525AA2370AC, cid=373, seq=null, Watch(30), Message:<EMPTY>
2024-01-25 07:58:17,742 [ForkJoinPool.commonPool-worker-1] DEBUG impl.UnorderedAsync (UnorderedAsync.java:lambda$sendRequestWithRetry$4(83)) - client-44EF9202E0DA: attempt #1 receive~ RaftClientReply:client-44EF9202E0DA->s0@group-E525AA2370AC, cid=371, SUCCESS, logIndex=47, commits[s0:c51, s1:c47, s2:c19]
2024-01-25 07:58:17,742 [Time-limited test] INFO  grpc.TestWatchRequestWithGrpc (WatchRequestTests.java:get(214)) - majorityCommitted-Watch(29) returns RaftClientReply:client-44EF9202E0DA->s0@group-E525AA2370AC, cid=371, SUCCESS, logIndex=47, commits[s0:c51, s1:c47, s2:c19]
2024-01-25 07:58:17,742 [Time-limited test] INFO  grpc.TestWatchRequestWithGrpc (WatchRequestTests.java:checkMajority(275)) - checkMajority 8: receive RaftClientReply:client-44EF9202E0DA->s0@group-E525AA2370AC, cid=329, SUCCESS, logIndex=30, commits[s0:c32, s1:c21, s2:c19]
2024-01-25 07:58:17,742 [s1@group-E525AA2370AC-StateMachineUpdater] INFO  impl.SimpleStateMachine4Testing (SimpleStateMachine4Testing.java:applyTransaction(248)) - applyTransaction for log index 45
2024-01-25 07:58:17,742 [s1@group-E525AA2370AC-StateMachineUpdater] INFO  impl.SimpleStateMachine4Testing (SimpleStateMachine4Testing.java:put(205)) - s1: put 45, m17 -> (t:1, i:45), STATEMACHINELOGENTRY, 338@client-44EF9202E0DA
2024-01-25 07:58:17,742 [s1@group-E525AA2370AC-StateMachineUpdater] INFO  impl.SimpleStateMachine4Testing (SimpleStateMachine4Testing.java:applyTransaction(248)) - applyTransaction for log index 46
2024-01-25 07:58:17,742 [s1@group-E525AA2370AC-StateMachineUpdater] INFO  impl.SimpleStateMachine4Testing (SimpleStateMachine4Testing.java:put(205)) - s1: put 46, m18 -> (t:1, i:46), STATEMACHINELOGENTRY, 339@client-44EF9202E0DA
2024-01-25 07:58:17,743 [s1@group-E525AA2370AC-StateMachineUpdater] INFO  impl.SimpleStateMachine4Testing (SimpleStateMachine4Testing.java:applyTransaction(248)) - applyTransaction for log index 47
2024-01-25 07:58:17,743 [grpc-default-executor-3] DEBUG client.RaftClient (RaftClientImpl.java:get(158)) - client-44EF9202E0DA: get 374 returns []
2024-01-25 07:58:17,743 [grpc-default-executor-3] DEBUG client.RaftClient (RaftClientImpl.java:newRequest(95)) - attempt #1, newRequest RaftClientRequest:client-44EF9202E0DA->s0@group-E525AA2370AC, cid=374, seq=null, Watch-ALL(30), null
2024-01-25 07:58:17,742 [s0@group-E525AA2370AC-LeaderStateImpl] DEBUG impl.WatchRequests (WatchRequests.java:updateIndex(150)) - s0@group-E525AA2370AC-WatchRequests: update MAJORITY index from 51 to 52
2024-01-25 07:58:17,743 [grpc-default-executor-3] DEBUG impl.UnorderedAsync (UnorderedAsync.java:sendRequestWithRetry(80)) - client-44EF9202E0DA: attempt #1 send~ RaftClientRequest:client-44EF9202E0DA->s0@group-E525AA2370AC, cid=374, seq=null, Watch-ALL(30), null
2024-01-25 07:58:17,743 [ForkJoinPool.commonPool-worker-1] DEBUG impl.UnorderedAsync (UnorderedAsync.java:lambda$sendRequestWithRetry$4(83)) - client-44EF9202E0DA: attempt #1 receive~ RaftClientReply:client-44EF9202E0DA->s0@group-E525AA2370AC, cid=373, SUCCESS, logIndex=51, commits[s0:c51, s1:c47, s2:c19]
2024-01-25 07:58:17,743 [s1@group-E525AA2370AC-StateMachineUpdater] INFO  impl.SimpleStateMachine4Testing (SimpleStateMachine4Testing.java:put(205)) - s1: put 47, m19 -> (t:1, i:47), STATEMACHINELOGENTRY, 340@client-44EF9202E0DA
2024-01-25 07:58:17,743 [grpc-default-executor-3] DEBUG client.RaftClient (RaftClientImpl.java:get(158)) - client-44EF9202E0DA: get 375 returns []
2024-01-25 07:58:17,744 [s0-client-thread4] DEBUG server.RaftServer$Division (RaftServerImpl.java:submitClientRequestAsync(880)) - s0@group-E525AA2370AC: receive client request(RaftClientRequest:client-44EF9202E0DA->s0@group-E525AA2370AC, cid=374, seq=null, Watch-ALL(30), Message:<EMPTY>)
2024-01-25 07:58:17,744 [grpc-default-executor-3] DEBUG client.RaftClient (RaftClientImpl.java:newRequest(95)) - attempt #1, newRequest RaftClientRequest:client-44EF9202E0DA->s0@group-E525AA2370AC, cid=375, seq=null, Watch-MAJORITY_COMMITTED(30), null
2024-01-25 07:58:17,744 [s0-client-thread4] DEBUG server.RaftServer$Division (LeaderStateImpl.java:addWatchRequest(552)) - s0@group-E525AA2370AC-LeaderStateImpl: addWatchRequest RaftClientRequest:client-44EF9202E0DA->s0@group-E525AA2370AC, cid=374, seq=null, Watch-ALL(30), Message:<EMPTY>
2024-01-25 07:58:17,744 [grpc-default-executor-3] DEBUG impl.UnorderedAsync (UnorderedAsync.java:sendRequestWithRetry(80)) - client-44EF9202E0DA: attempt #1 send~ RaftClientRequest:client-44EF9202E0DA->s0@group-E525AA2370AC, cid=375, seq=null, Watch-MAJORITY_COMMITTED(30), null
2024-01-25 07:58:17,744 [grpc-default-executor-3] DEBUG client.RaftClient (RaftClientImpl.java:get(158)) - client-44EF9202E0DA: get 376 returns []
2024-01-25 07:58:17,744 [grpc-default-executor-3] DEBUG client.RaftClient (RaftClientImpl.java:newRequest(95)) - attempt #1, newRequest RaftClientRequest:client-44EF9202E0DA->s0@group-E525AA2370AC, cid=376, seq=null, Watch-ALL_COMMITTED(30), null
2024-01-25 07:58:17,744 [s0-client-thread4] DEBUG server.RaftServer$Division (RaftServerImpl.java:submitClientRequestAsync(880)) - s0@group-E525AA2370AC: receive client request(RaftClientRequest:client-44EF9202E0DA->s0@group-E525AA2370AC, cid=375, seq=null, Watch-MAJORITY_COMMITTED(30), Message:<EMPTY>)
2024-01-25 07:58:17,744 [grpc-default-executor-3] DEBUG impl.UnorderedAsync (UnorderedAsync.java:sendRequestWithRetry(80)) - client-44EF9202E0DA: attempt #1 send~ RaftClientRequest:client-44EF9202E0DA->s0@group-E525AA2370AC, cid=376, seq=null, Watch-ALL_COMMITTED(30), null
2024-01-25 07:58:17,744 [s0-client-thread4] DEBUG server.RaftServer$Division (LeaderStateImpl.java:addWatchRequest(552)) - s0@group-E525AA2370AC-LeaderStateImpl: addWatchRequest RaftClientRequest:client-44EF9202E0DA->s0@group-E525AA2370AC, cid=375, seq=null, Watch-MAJORITY_COMMITTED(30), Message:<EMPTY>
2024-01-25 07:58:17,745 [Time-limited test] INFO  grpc.TestWatchRequestWithGrpc (WatchRequestTests.java:get(214)) - majority-Watch(30) returns RaftClientReply:client-44EF9202E0DA->s0@group-E525AA2370AC, cid=373, SUCCESS, logIndex=51, commits[s0:c51, s1:c47, s2:c19]
2024-01-25 07:58:17,745 [grpc-default-executor-3] DEBUG client.RaftClient (RaftClientImpl.java:add(146)) - client-44EF9202E0DA: add replied callId 330
2024-01-25 07:58:17,745 [grpc-default-executor-3] INFO  grpc.TestWatchRequestWithGrpc (WatchRequestTests.java:lambda$sendRequests$0(113)) - SEND_WATCH: message=m9, logIndex=31
2024-01-25 07:58:17,745 [s0-client-thread4] DEBUG server.RaftServer$Division (RaftServerImpl.java:submitClientRequestAsync(880)) - s0@group-E525AA2370AC: receive client request(RaftClientRequest:client-44EF9202E0DA->s0@group-E525AA2370AC, cid=376, seq=null, Watch-ALL_COMMITTED(30), Message:<EMPTY>)
2024-01-25 07:58:17,745 [ForkJoinPool.commonPool-worker-1] DEBUG impl.UnorderedAsync (UnorderedAsync.java:lambda$sendRequestWithRetry$4(83)) - client-44EF9202E0DA: attempt #1 receive~ RaftClientReply:client-44EF9202E0DA->s0@group-E525AA2370AC, cid=375, SUCCESS, logIndex=47, commits[s0:c52, s1:c47, s2:c19]
2024-01-25 07:58:17,745 [s0-client-thread4] DEBUG server.RaftServer$Division (LeaderStateImpl.java:addWatchRequest(552)) - s0@group-E525AA2370AC-LeaderStateImpl: addWatchRequest RaftClientRequest:client-44EF9202E0DA->s0@group-E525AA2370AC, cid=376, seq=null, Watch-ALL_COMMITTED(30), Message:<EMPTY>
2024-01-25 07:58:17,745 [grpc-default-executor-3] DEBUG client.RaftClient (RaftClientImpl.java:get(158)) - client-44EF9202E0DA: get 377 returns [330]
2024-01-25 07:58:17,745 [Time-limited test] INFO  grpc.TestWatchRequestWithGrpc (WatchRequestTests.java:get(214)) - majorityCommitted-Watch(30) returns RaftClientReply:client-44EF9202E0DA->s0@group-E525AA2370AC, cid=375, SUCCESS, logIndex=47, commits[s0:c52, s1:c47, s2:c19]
2024-01-25 07:58:17,745 [grpc-default-executor-3] DEBUG client.RaftClient (RaftClientImpl.java:newRequest(95)) - attempt #1, newRequest RaftClientRequest:client-44EF9202E0DA->s0@group-E525AA2370AC, cid=377, seq=null, Watch(31), null
2024-01-25 07:58:17,745 [Time-limited test] INFO  grpc.TestWatchRequestWithGrpc (WatchRequestTests.java:checkMajority(275)) - checkMajority 9: receive RaftClientReply:client-44EF9202E0DA->s0@group-E525AA2370AC, cid=330, SUCCESS, logIndex=31, commits[s0:c35, s1:c25, s2:c19]
2024-01-25 07:58:17,745 [grpc-default-executor-3] DEBUG impl.UnorderedAsync (UnorderedAsync.java:sendRequestWithRetry(80)) - client-44EF9202E0DA: attempt #1 send~ RaftClientRequest:client-44EF9202E0DA->s0@group-E525AA2370AC, cid=377, seq=null, Watch(31), null
2024-01-25 07:58:17,746 [grpc-default-executor-3] DEBUG client.RaftClient (RaftClientImpl.java:get(158)) - client-44EF9202E0DA: get 378 returns []
2024-01-25 07:58:17,746 [grpc-default-executor-3] DEBUG client.RaftClient (RaftClientImpl.java:newRequest(95)) - attempt #1, newRequest RaftClientRequest:client-44EF9202E0DA->s0@group-E525AA2370AC, cid=378, seq=null, Watch-ALL(31), null
2024-01-25 07:58:17,746 [s0-client-thread4] DEBUG server.RaftServer$Division (RaftServerImpl.java:submitClientRequestAsync(880)) - s0@group-E525AA2370AC: receive client request(RaftClientRequest:client-44EF9202E0DA->s0@group-E525AA2370AC, cid=377, seq=null, Watch(31), Message:<EMPTY>)
2024-01-25 07:58:17,746 [grpc-default-executor-3] DEBUG impl.UnorderedAsync (UnorderedAsync.java:sendRequestWithRetry(80)) - client-44EF9202E0DA: attempt #1 send~ RaftClientRequest:client-44EF9202E0DA->s0@group-E525AA2370AC, cid=378, seq=null, Watch-ALL(31), null
2024-01-25 07:58:17,746 [s0-client-thread4] DEBUG server.RaftServer$Division (LeaderStateImpl.java:addWatchRequest(552)) - s0@group-E525AA2370AC-LeaderStateImpl: addWatchRequest RaftClientRequest:client-44EF9202E0DA->s0@group-E525AA2370AC, cid=377, seq=null, Watch(31), Message:<EMPTY>
2024-01-25 07:58:17,746 [grpc-default-executor-3] DEBUG client.RaftClient (RaftClientImpl.java:get(158)) - client-44EF9202E0DA: get 379 returns []
2024-01-25 07:58:17,746 [grpc-default-executor-3] DEBUG client.RaftClient (RaftClientImpl.java:newRequest(95)) - attempt #1, newRequest RaftClientRequest:client-44EF9202E0DA->s0@group-E525AA2370AC, cid=379, seq=null, Watch-MAJORITY_COMMITTED(31), null
2024-01-25 07:58:17,746 [ForkJoinPool.commonPool-worker-1] DEBUG impl.UnorderedAsync (UnorderedAsync.java:lambda$sendRequestWithRetry$4(83)) - client-44EF9202E0DA: attempt #1 receive~ RaftClientReply:client-44EF9202E0DA->s0@group-E525AA2370AC, cid=377, SUCCESS, logIndex=52, commits[s0:c52, s1:c47, s2:c19]
2024-01-25 07:58:17,746 [s0-client-thread4] DEBUG server.RaftServer$Division (RaftServerImpl.java:submitClientRequestAsync(880)) - s0@group-E525AA2370AC: receive client request(RaftClientRequest:client-44EF9202E0DA->s0@group-E525AA2370AC, cid=378, seq=null, Watch-ALL(31), Message:<EMPTY>)
2024-01-25 07:58:17,746 [grpc-default-executor-3] DEBUG impl.UnorderedAsync (UnorderedAsync.java:sendRequestWithRetry(80)) - client-44EF9202E0DA: attempt #1 send~ RaftClientRequest:client-44EF9202E0DA->s0@group-E525AA2370AC, cid=379, seq=null, Watch-MAJORITY_COMMITTED(31), null
2024-01-25 07:58:17,746 [s0-client-thread4] DEBUG server.RaftServer$Division (LeaderStateImpl.java:addWatchRequest(552)) - s0@group-E525AA2370AC-LeaderStateImpl: addWatchRequest RaftClientRequest:client-44EF9202E0DA->s0@group-E525AA2370AC, cid=378, seq=null, Watch-ALL(31), Message:<EMPTY>
2024-01-25 07:58:17,746 [grpc-default-executor-3] DEBUG client.RaftClient (RaftClientImpl.java:get(158)) - client-44EF9202E0DA: get 380 returns []
2024-01-25 07:58:17,747 [grpc-default-executor-3] DEBUG client.RaftClient (RaftClientImpl.java:newRequest(95)) - attempt #1, newRequest RaftClientRequest:client-44EF9202E0DA->s0@group-E525AA2370AC, cid=380, seq=null, Watch-ALL_COMMITTED(31), null
2024-01-25 07:58:17,747 [s0-client-thread4] DEBUG server.RaftServer$Division (RaftServerImpl.java:submitClientRequestAsync(880)) - s0@group-E525AA2370AC: receive client request(RaftClientRequest:client-44EF9202E0DA->s0@group-E525AA2370AC, cid=379, seq=null, Watch-MAJORITY_COMMITTED(31), Message:<EMPTY>)
2024-01-25 07:58:17,747 [grpc-default-executor-3] DEBUG impl.UnorderedAsync (UnorderedAsync.java:sendRequestWithRetry(80)) - client-44EF9202E0DA: attempt #1 send~ RaftClientRequest:client-44EF9202E0DA->s0@group-E525AA2370AC, cid=380, seq=null, Watch-ALL_COMMITTED(31), null
2024-01-25 07:58:17,747 [s0-client-thread4] DEBUG server.RaftServer$Division (LeaderStateImpl.java:addWatchRequest(552)) - s0@group-E525AA2370AC-LeaderStateImpl: addWatchRequest RaftClientRequest:client-44EF9202E0DA->s0@group-E525AA2370AC, cid=379, seq=null, Watch-MAJORITY_COMMITTED(31), Message:<EMPTY>
2024-01-25 07:58:17,747 [Time-limited test] INFO  grpc.TestWatchRequestWithGrpc (WatchRequestTests.java:get(214)) - majority-Watch(31) returns RaftClientReply:client-44EF9202E0DA->s0@group-E525AA2370AC, cid=377, SUCCESS, logIndex=52, commits[s0:c52, s1:c47, s2:c19]
2024-01-25 07:58:17,747 [s0-client-thread4] DEBUG server.RaftServer$Division (RaftServerImpl.java:submitClientRequestAsync(880)) - s0@group-E525AA2370AC: receive client request(RaftClientRequest:client-44EF9202E0DA->s0@group-E525AA2370AC, cid=380, seq=null, Watch-ALL_COMMITTED(31), Message:<EMPTY>)
2024-01-25 07:58:17,747 [s0-client-thread4] DEBUG server.RaftServer$Division (LeaderStateImpl.java:addWatchRequest(552)) - s0@group-E525AA2370AC-LeaderStateImpl: addWatchRequest RaftClientRequest:client-44EF9202E0DA->s0@group-E525AA2370AC, cid=380, seq=null, Watch-ALL_COMMITTED(31), Message:<EMPTY>
2024-01-25 07:58:17,747 [grpc-default-executor-3] DEBUG client.RaftClient (RaftClientImpl.java:add(146)) - client-44EF9202E0DA: add replied callId 331
2024-01-25 07:58:17,747 [ForkJoinPool.commonPool-worker-1] DEBUG impl.UnorderedAsync (UnorderedAsync.java:lambda$sendRequestWithRetry$4(83)) - client-44EF9202E0DA: attempt #1 receive~ RaftClientReply:client-44EF9202E0DA->s0@group-E525AA2370AC, cid=379, SUCCESS, logIndex=47, commits[s0:c52, s1:c47, s2:c19]
2024-01-25 07:58:17,748 [grpc-default-executor-3] INFO  grpc.TestWatchRequestWithGrpc (WatchRequestTests.java:lambda$sendRequests$0(113)) - SEND_WATCH: message=m10, logIndex=32
2024-01-25 07:58:17,748 [Time-limited test] INFO  grpc.TestWatchRequestWithGrpc (WatchRequestTests.java:get(214)) - majorityCommitted-Watch(31) returns RaftClientReply:client-44EF9202E0DA->s0@group-E525AA2370AC, cid=379, SUCCESS, logIndex=47, commits[s0:c52, s1:c47, s2:c19]
2024-01-25 07:58:17,748 [grpc-default-executor-3] DEBUG client.RaftClient (RaftClientImpl.java:get(158)) - client-44EF9202E0DA: get 381 returns [331]
2024-01-25 07:58:17,748 [Time-limited test] INFO  grpc.TestWatchRequestWithGrpc (WatchRequestTests.java:checkMajority(275)) - checkMajority 10: receive RaftClientReply:client-44EF9202E0DA->s0@group-E525AA2370AC, cid=331, SUCCESS, logIndex=32, commits[s0:c35, s1:c25, s2:c19]
2024-01-25 07:58:17,748 [grpc-default-executor-3] DEBUG client.RaftClient (RaftClientImpl.java:newRequest(95)) - attempt #1, newRequest RaftClientRequest:client-44EF9202E0DA->s0@group-E525AA2370AC, cid=381, seq=null, Watch(32), null
2024-01-25 07:58:17,748 [grpc-default-executor-3] DEBUG impl.UnorderedAsync (UnorderedAsync.java:sendRequestWithRetry(80)) - client-44EF9202E0DA: attempt #1 send~ RaftClientRequest:client-44EF9202E0DA->s0@group-E525AA2370AC, cid=381, seq=null, Watch(32), null
2024-01-25 07:58:17,748 [grpc-default-executor-3] DEBUG client.RaftClient (RaftClientImpl.java:get(158)) - client-44EF9202E0DA: get 382 returns []
2024-01-25 07:58:17,748 [grpc-default-executor-3] DEBUG client.RaftClient (RaftClientImpl.java:newRequest(95)) - attempt #1, newRequest RaftClientRequest:client-44EF9202E0DA->s0@group-E525AA2370AC, cid=382, seq=null, Watch-ALL(32), null
2024-01-25 07:58:17,748 [s0-client-thread4] DEBUG server.RaftServer$Division (RaftServerImpl.java:submitClientRequestAsync(880)) - s0@group-E525AA2370AC: receive client request(RaftClientRequest:client-44EF9202E0DA->s0@group-E525AA2370AC, cid=381, seq=null, Watch(32), Message:<EMPTY>)
2024-01-25 07:58:17,748 [s0-client-thread4] DEBUG server.RaftServer$Division (LeaderStateImpl.java:addWatchRequest(552)) - s0@group-E525AA2370AC-LeaderStateImpl: addWatchRequest RaftClientRequest:client-44EF9202E0DA->s0@group-E525AA2370AC, cid=381, seq=null, Watch(32), Message:<EMPTY>
2024-01-25 07:58:17,748 [grpc-default-executor-3] DEBUG impl.UnorderedAsync (UnorderedAsync.java:sendRequestWithRetry(80)) - client-44EF9202E0DA: attempt #1 send~ RaftClientRequest:client-44EF9202E0DA->s0@group-E525AA2370AC, cid=382, seq=null, Watch-ALL(32), null
2024-01-25 07:58:17,749 [grpc-default-executor-3] DEBUG client.RaftClient (RaftClientImpl.java:get(158)) - client-44EF9202E0DA: get 383 returns []
2024-01-25 07:58:17,749 [grpc-default-executor-3] DEBUG client.RaftClient (RaftClientImpl.java:newRequest(95)) - attempt #1, newRequest RaftClientRequest:client-44EF9202E0DA->s0@group-E525AA2370AC, cid=383, seq=null, Watch-MAJORITY_COMMITTED(32), null
2024-01-25 07:58:17,749 [s0-client-thread4] DEBUG server.RaftServer$Division (RaftServerImpl.java:submitClientRequestAsync(880)) - s0@group-E525AA2370AC: receive client request(RaftClientRequest:client-44EF9202E0DA->s0@group-E525AA2370AC, cid=382, seq=null, Watch-ALL(32), Message:<EMPTY>)
2024-01-25 07:58:17,749 [s0-client-thread4] DEBUG server.RaftServer$Division (LeaderStateImpl.java:addWatchRequest(552)) - s0@group-E525AA2370AC-LeaderStateImpl: addWatchRequest RaftClientRequest:client-44EF9202E0DA->s0@group-E525AA2370AC, cid=382, seq=null, Watch-ALL(32), Message:<EMPTY>
2024-01-25 07:58:17,749 [ForkJoinPool.commonPool-worker-1] DEBUG impl.UnorderedAsync (UnorderedAsync.java:lambda$sendRequestWithRetry$4(83)) - client-44EF9202E0DA: attempt #1 receive~ RaftClientReply:client-44EF9202E0DA->s0@group-E525AA2370AC, cid=381, SUCCESS, logIndex=52, commits[s0:c52, s1:c47, s2:c19]
2024-01-25 07:58:17,749 [grpc-default-executor-3] DEBUG impl.UnorderedAsync (UnorderedAsync.java:sendRequestWithRetry(80)) - client-44EF9202E0DA: attempt #1 send~ RaftClientRequest:client-44EF9202E0DA->s0@group-E525AA2370AC, cid=383, seq=null, Watch-MAJORITY_COMMITTED(32), null
2024-01-25 07:58:17,749 [grpc-default-executor-3] DEBUG client.RaftClient (RaftClientImpl.java:get(158)) - client-44EF9202E0DA: get 384 returns []
2024-01-25 07:58:17,749 [grpc-default-executor-3] DEBUG client.RaftClient (RaftClientImpl.java:newRequest(95)) - attempt #1, newRequest RaftClientRequest:client-44EF9202E0DA->s0@group-E525AA2370AC, cid=384, seq=null, Watch-ALL_COMMITTED(32), null
2024-01-25 07:58:17,749 [grpc-default-executor-3] DEBUG impl.UnorderedAsync (UnorderedAsync.java:sendRequestWithRetry(80)) - client-44EF9202E0DA: attempt #1 send~ RaftClientRequest:client-44EF9202E0DA->s0@group-E525AA2370AC, cid=384, seq=null, Watch-ALL_COMMITTED(32), null
2024-01-25 07:58:17,749 [s0-client-thread4] DEBUG server.RaftServer$Division (RaftServerImpl.java:submitClientRequestAsync(880)) - s0@group-E525AA2370AC: receive client request(RaftClientRequest:client-44EF9202E0DA->s0@group-E525AA2370AC, cid=383, seq=null, Watch-MAJORITY_COMMITTED(32), Message:<EMPTY>)
2024-01-25 07:58:17,749 [Time-limited test] INFO  grpc.TestWatchRequestWithGrpc (WatchRequestTests.java:get(214)) - majority-Watch(32) returns RaftClientReply:client-44EF9202E0DA->s0@group-E525AA2370AC, cid=381, SUCCESS, logIndex=52, commits[s0:c52, s1:c47, s2:c19]
2024-01-25 07:58:17,749 [grpc-default-executor-3] DEBUG client.RaftClient (RaftClientImpl.java:add(146)) - client-44EF9202E0DA: add replied callId 332
2024-01-25 07:58:17,750 [grpc-default-executor-3] INFO  grpc.TestWatchRequestWithGrpc (WatchRequestTests.java:lambda$sendRequests$0(113)) - SEND_WATCH: message=m11, logIndex=34
2024-01-25 07:58:17,750 [grpc-default-executor-3] DEBUG client.RaftClient (RaftClientImpl.java:get(158)) - client-44EF9202E0DA: get 385 returns [332]
2024-01-25 07:58:17,750 [grpc-default-executor-3] DEBUG client.RaftClient (RaftClientImpl.java:newRequest(95)) - attempt #1, newRequest RaftClientRequest:client-44EF9202E0DA->s0@group-E525AA2370AC, cid=385, seq=null, Watch(34), null
2024-01-25 07:58:17,750 [s0-client-thread4] DEBUG server.RaftServer$Division (LeaderStateImpl.java:addWatchRequest(552)) - s0@group-E525AA2370AC-LeaderStateImpl: addWatchRequest RaftClientRequest:client-44EF9202E0DA->s0@group-E525AA2370AC, cid=383, seq=null, Watch-MAJORITY_COMMITTED(32), Message:<EMPTY>
2024-01-25 07:58:17,750 [grpc-default-executor-3] DEBUG impl.UnorderedAsync (UnorderedAsync.java:sendRequestWithRetry(80)) - client-44EF9202E0DA: attempt #1 send~ RaftClientRequest:client-44EF9202E0DA->s0@group-E525AA2370AC, cid=385, seq=null, Watch(34), null
2024-01-25 07:58:17,750 [grpc-default-executor-3] DEBUG client.RaftClient (RaftClientImpl.java:get(158)) - client-44EF9202E0DA: get 386 returns []
2024-01-25 07:58:17,750 [grpc-default-executor-3] DEBUG client.RaftClient (RaftClientImpl.java:newRequest(95)) - attempt #1, newRequest RaftClientRequest:client-44EF9202E0DA->s0@group-E525AA2370AC, cid=386, seq=null, Watch-ALL(34), null
2024-01-25 07:58:17,750 [s0-client-thread4] DEBUG server.RaftServer$Division (RaftServerImpl.java:submitClientRequestAsync(880)) - s0@group-E525AA2370AC: receive client request(RaftClientRequest:client-44EF9202E0DA->s0@group-E525AA2370AC, cid=384, seq=null, Watch-ALL_COMMITTED(32), Message:<EMPTY>)
2024-01-25 07:58:17,750 [ForkJoinPool.commonPool-worker-1] DEBUG impl.UnorderedAsync (UnorderedAsync.java:lambda$sendRequestWithRetry$4(83)) - client-44EF9202E0DA: attempt #1 receive~ RaftClientReply:client-44EF9202E0DA->s0@group-E525AA2370AC, cid=383, SUCCESS, logIndex=47, commits[s0:c52, s1:c47, s2:c19]
2024-01-25 07:58:17,750 [s0-client-thread4] DEBUG server.RaftServer$Division (LeaderStateImpl.java:addWatchRequest(552)) - s0@group-E525AA2370AC-LeaderStateImpl: addWatchRequest RaftClientRequest:client-44EF9202E0DA->s0@group-E525AA2370AC, cid=384, seq=null, Watch-ALL_COMMITTED(32), Message:<EMPTY>
2024-01-25 07:58:17,750 [grpc-default-executor-3] DEBUG impl.UnorderedAsync (UnorderedAsync.java:sendRequestWithRetry(80)) - client-44EF9202E0DA: attempt #1 send~ RaftClientRequest:client-44EF9202E0DA->s0@group-E525AA2370AC, cid=386, seq=null, Watch-ALL(34), null
2024-01-25 07:58:17,750 [Time-limited test] INFO  grpc.TestWatchRequestWithGrpc (WatchRequestTests.java:get(214)) - majorityCommitted-Watch(32) returns RaftClientReply:client-44EF9202E0DA->s0@group-E525AA2370AC, cid=383, SUCCESS, logIndex=47, commits[s0:c52, s1:c47, s2:c19]
2024-01-25 07:58:17,751 [grpc-default-executor-3] DEBUG client.RaftClient (RaftClientImpl.java:get(158)) - client-44EF9202E0DA: get 387 returns []
2024-01-25 07:58:17,751 [grpc-default-executor-3] DEBUG client.RaftClient (RaftClientImpl.java:newRequest(95)) - attempt #1, newRequest RaftClientRequest:client-44EF9202E0DA->s0@group-E525AA2370AC, cid=387, seq=null, Watch-MAJORITY_COMMITTED(34), null
2024-01-25 07:58:17,751 [s0-client-thread4] DEBUG server.RaftServer$Division (RaftServerImpl.java:submitClientRequestAsync(880)) - s0@group-E525AA2370AC: receive client request(RaftClientRequest:client-44EF9202E0DA->s0@group-E525AA2370AC, cid=385, seq=null, Watch(34), Message:<EMPTY>)
2024-01-25 07:58:17,751 [Time-limited test] INFO  grpc.TestWatchRequestWithGrpc (WatchRequestTests.java:checkMajority(275)) - checkMajority 11: receive RaftClientReply:client-44EF9202E0DA->s0@group-E525AA2370AC, cid=332, SUCCESS, logIndex=34, commits[s0:c35, s1:c25, s2:c19]
2024-01-25 07:58:17,751 [s0-client-thread4] DEBUG server.RaftServer$Division (LeaderStateImpl.java:addWatchRequest(552)) - s0@group-E525AA2370AC-LeaderStateImpl: addWatchRequest RaftClientRequest:client-44EF9202E0DA->s0@group-E525AA2370AC, cid=385, seq=null, Watch(34), Message:<EMPTY>
2024-01-25 07:58:17,751 [grpc-default-executor-3] DEBUG impl.UnorderedAsync (UnorderedAsync.java:sendRequestWithRetry(80)) - client-44EF9202E0DA: attempt #1 send~ RaftClientRequest:client-44EF9202E0DA->s0@group-E525AA2370AC, cid=387, seq=null, Watch-MAJORITY_COMMITTED(34), null
2024-01-25 07:58:17,751 [grpc-default-executor-3] DEBUG client.RaftClient (RaftClientImpl.java:get(158)) - client-44EF9202E0DA: get 388 returns []
2024-01-25 07:58:17,751 [grpc-default-executor-3] DEBUG client.RaftClient (RaftClientImpl.java:newRequest(95)) - attempt #1, newRequest RaftClientRequest:client-44EF9202E0DA->s0@group-E525AA2370AC, cid=388, seq=null, Watch-ALL_COMMITTED(34), null
2024-01-25 07:58:17,751 [grpc-default-executor-3] DEBUG impl.UnorderedAsync (UnorderedAsync.java:sendRequestWithRetry(80)) - client-44EF9202E0DA: attempt #1 send~ RaftClientRequest:client-44EF9202E0DA->s0@group-E525AA2370AC, cid=388, seq=null, Watch-ALL_COMMITTED(34), null
2024-01-25 07:58:17,751 [ForkJoinPool.commonPool-worker-1] DEBUG impl.UnorderedAsync (UnorderedAsync.java:lambda$sendRequestWithRetry$4(83)) - client-44EF9202E0DA: attempt #1 receive~ RaftClientReply:client-44EF9202E0DA->s0@group-E525AA2370AC, cid=385, SUCCESS, logIndex=52, commits[s0:c52, s1:c47, s2:c19]
2024-01-25 07:58:17,751 [s0-client-thread4] DEBUG server.RaftServer$Division (RaftServerImpl.java:submitClientRequestAsync(880)) - s0@group-E525AA2370AC: receive client request(RaftClientRequest:client-44EF9202E0DA->s0@group-E525AA2370AC, cid=386, seq=null, Watch-ALL(34), Message:<EMPTY>)
2024-01-25 07:58:17,751 [s0-client-thread4] DEBUG server.RaftServer$Division (LeaderStateImpl.java:addWatchRequest(552)) - s0@group-E525AA2370AC-LeaderStateImpl: addWatchRequest RaftClientRequest:client-44EF9202E0DA->s0@group-E525AA2370AC, cid=386, seq=null, Watch-ALL(34), Message:<EMPTY>
2024-01-25 07:58:17,752 [Time-limited test] INFO  grpc.TestWatchRequestWithGrpc (WatchRequestTests.java:get(214)) - majority-Watch(34) returns RaftClientReply:client-44EF9202E0DA->s0@group-E525AA2370AC, cid=385, SUCCESS, logIndex=52, commits[s0:c52, s1:c47, s2:c19]
2024-01-25 07:58:17,752 [grpc-default-executor-3] DEBUG client.RaftClient (RaftClientImpl.java:add(146)) - client-44EF9202E0DA: add replied callId 333
2024-01-25 07:58:17,752 [s0-client-thread4] DEBUG server.RaftServer$Division (RaftServerImpl.java:submitClientRequestAsync(880)) - s0@group-E525AA2370AC: receive client request(RaftClientRequest:client-44EF9202E0DA->s0@group-E525AA2370AC, cid=387, seq=null, Watch-MAJORITY_COMMITTED(34), Message:<EMPTY>)
2024-01-25 07:58:17,752 [grpc-default-executor-3] INFO  grpc.TestWatchRequestWithGrpc (WatchRequestTests.java:lambda$sendRequests$0(113)) - SEND_WATCH: message=m12, logIndex=35
2024-01-25 07:58:17,752 [s0-client-thread4] DEBUG server.RaftServer$Division (LeaderStateImpl.java:addWatchRequest(552)) - s0@group-E525AA2370AC-LeaderStateImpl: addWatchRequest RaftClientRequest:client-44EF9202E0DA->s0@group-E525AA2370AC, cid=387, seq=null, Watch-MAJORITY_COMMITTED(34), Message:<EMPTY>
2024-01-25 07:58:17,752 [grpc-default-executor-3] DEBUG client.RaftClient (RaftClientImpl.java:get(158)) - client-44EF9202E0DA: get 389 returns [333]
2024-01-25 07:58:17,752 [grpc-default-executor-3] DEBUG client.RaftClient (RaftClientImpl.java:newRequest(95)) - attempt #1, newRequest RaftClientRequest:client-44EF9202E0DA->s0@group-E525AA2370AC, cid=389, seq=null, Watch(35), null
2024-01-25 07:58:17,752 [grpc-default-executor-3] DEBUG impl.UnorderedAsync (UnorderedAsync.java:sendRequestWithRetry(80)) - client-44EF9202E0DA: attempt #1 send~ RaftClientRequest:client-44EF9202E0DA->s0@group-E525AA2370AC, cid=389, seq=null, Watch(35), null
2024-01-25 07:58:17,752 [grpc-default-executor-3] DEBUG client.RaftClient (RaftClientImpl.java:get(158)) - client-44EF9202E0DA: get 390 returns []
2024-01-25 07:58:17,752 [s0-client-thread4] DEBUG server.RaftServer$Division (RaftServerImpl.java:submitClientRequestAsync(880)) - s0@group-E525AA2370AC: receive client request(RaftClientRequest:client-44EF9202E0DA->s0@group-E525AA2370AC, cid=388, seq=null, Watch-ALL_COMMITTED(34), Message:<EMPTY>)
2024-01-25 07:58:17,752 [ForkJoinPool.commonPool-worker-1] DEBUG impl.UnorderedAsync (UnorderedAsync.java:lambda$sendRequestWithRetry$4(83)) - client-44EF9202E0DA: attempt #1 receive~ RaftClientReply:client-44EF9202E0DA->s0@group-E525AA2370AC, cid=387, SUCCESS, logIndex=47, commits[s0:c52, s1:c47, s2:c19]
2024-01-25 07:58:17,752 [grpc-default-executor-3] DEBUG client.RaftClient (RaftClientImpl.java:newRequest(95)) - attempt #1, newRequest RaftClientRequest:client-44EF9202E0DA->s0@group-E525AA2370AC, cid=390, seq=null, Watch-ALL(35), null
2024-01-25 07:58:17,760 [s0-client-thread4] DEBUG server.RaftServer$Division (LeaderStateImpl.java:addWatchRequest(552)) - s0@group-E525AA2370AC-LeaderStateImpl: addWatchRequest RaftClientRequest:client-44EF9202E0DA->s0@group-E525AA2370AC, cid=388, seq=null, Watch-ALL_COMMITTED(34), Message:<EMPTY>
2024-01-25 07:58:17,760 [Time-limited test] INFO  grpc.TestWatchRequestWithGrpc (WatchRequestTests.java:get(214)) - majorityCommitted-Watch(34) returns RaftClientReply:client-44EF9202E0DA->s0@group-E525AA2370AC, cid=387, SUCCESS, logIndex=47, commits[s0:c52, s1:c47, s2:c19]
2024-01-25 07:58:17,760 [grpc-default-executor-3] DEBUG impl.UnorderedAsync (UnorderedAsync.java:sendRequestWithRetry(80)) - client-44EF9202E0DA: attempt #1 send~ RaftClientRequest:client-44EF9202E0DA->s0@group-E525AA2370AC, cid=390, seq=null, Watch-ALL(35), null
2024-01-25 07:58:17,760 [Time-limited test] INFO  grpc.TestWatchRequestWithGrpc (WatchRequestTests.java:checkMajority(275)) - checkMajority 12: receive RaftClientReply:client-44EF9202E0DA->s0@group-E525AA2370AC, cid=333, SUCCESS, logIndex=35, commits[s0:c35, s1:c27, s2:c19]
2024-01-25 07:58:17,760 [s0-client-thread4] DEBUG server.RaftServer$Division (RaftServerImpl.java:submitClientRequestAsync(880)) - s0@group-E525AA2370AC: receive client request(RaftClientRequest:client-44EF9202E0DA->s0@group-E525AA2370AC, cid=389, seq=null, Watch(35), Message:<EMPTY>)
2024-01-25 07:58:17,760 [grpc-default-executor-3] DEBUG client.RaftClient (RaftClientImpl.java:get(158)) - client-44EF9202E0DA: get 391 returns []
2024-01-25 07:58:17,760 [grpc-default-executor-3] DEBUG client.RaftClient (RaftClientImpl.java:newRequest(95)) - attempt #1, newRequest RaftClientRequest:client-44EF9202E0DA->s0@group-E525AA2370AC, cid=391, seq=null, Watch-MAJORITY_COMMITTED(35), null
2024-01-25 07:58:17,761 [s0-client-thread4] DEBUG server.RaftServer$Division (LeaderStateImpl.java:addWatchRequest(552)) - s0@group-E525AA2370AC-LeaderStateImpl: addWatchRequest RaftClientRequest:client-44EF9202E0DA->s0@group-E525AA2370AC, cid=389, seq=null, Watch(35), Message:<EMPTY>
2024-01-25 07:58:17,761 [s0-client-thread3] DEBUG server.RaftServer$Division (RaftServerImpl.java:submitClientRequestAsync(880)) - s0@group-E525AA2370AC: receive client request(RaftClientRequest:client-44EF9202E0DA->s0@group-E525AA2370AC, cid=390, seq=null, Watch-ALL(35), Message:<EMPTY>)
2024-01-25 07:58:17,761 [ForkJoinPool.commonPool-worker-1] DEBUG impl.UnorderedAsync (UnorderedAsync.java:lambda$sendRequestWithRetry$4(83)) - client-44EF9202E0DA: attempt #1 receive~ RaftClientReply:client-44EF9202E0DA->s0@group-E525AA2370AC, cid=389, SUCCESS, logIndex=52, commits[s0:c52, s1:c47, s2:c19]
2024-01-25 07:58:17,761 [grpc-default-executor-3] DEBUG impl.UnorderedAsync (UnorderedAsync.java:sendRequestWithRetry(80)) - client-44EF9202E0DA: attempt #1 send~ RaftClientRequest:client-44EF9202E0DA->s0@group-E525AA2370AC, cid=391, seq=null, Watch-MAJORITY_COMMITTED(35), null
2024-01-25 07:58:17,761 [s0-client-thread3] DEBUG server.RaftServer$Division (LeaderStateImpl.java:addWatchRequest(552)) - s0@group-E525AA2370AC-LeaderStateImpl: addWatchRequest RaftClientRequest:client-44EF9202E0DA->s0@group-E525AA2370AC, cid=390, seq=null, Watch-ALL(35), Message:<EMPTY>
2024-01-25 07:58:17,761 [grpc-default-executor-3] DEBUG client.RaftClient (RaftClientImpl.java:get(158)) - client-44EF9202E0DA: get 392 returns []
2024-01-25 07:58:17,761 [grpc-default-executor-3] DEBUG client.RaftClient (RaftClientImpl.java:newRequest(95)) - attempt #1, newRequest RaftClientRequest:client-44EF9202E0DA->s0@group-E525AA2370AC, cid=392, seq=null, Watch-ALL_COMMITTED(35), null
2024-01-25 07:58:17,761 [s0-client-thread3] DEBUG server.RaftServer$Division (RaftServerImpl.java:submitClientRequestAsync(880)) - s0@group-E525AA2370AC: receive client request(RaftClientRequest:client-44EF9202E0DA->s0@group-E525AA2370AC, cid=391, seq=null, Watch-MAJORITY_COMMITTED(35), Message:<EMPTY>)
2024-01-25 07:58:17,762 [s0-client-thread3] DEBUG server.RaftServer$Division (LeaderStateImpl.java:addWatchRequest(552)) - s0@group-E525AA2370AC-LeaderStateImpl: addWatchRequest RaftClientRequest:client-44EF9202E0DA->s0@group-E525AA2370AC, cid=391, seq=null, Watch-MAJORITY_COMMITTED(35), Message:<EMPTY>
2024-01-25 07:58:17,761 [grpc-default-executor-3] DEBUG impl.UnorderedAsync (UnorderedAsync.java:sendRequestWithRetry(80)) - client-44EF9202E0DA: attempt #1 send~ RaftClientRequest:client-44EF9202E0DA->s0@group-E525AA2370AC, cid=392, seq=null, Watch-ALL_COMMITTED(35), null
2024-01-25 07:58:17,762 [ForkJoinPool.commonPool-worker-1] DEBUG impl.UnorderedAsync (UnorderedAsync.java:lambda$sendRequestWithRetry$4(83)) - client-44EF9202E0DA: attempt #1 receive~ RaftClientReply:client-44EF9202E0DA->s0@group-E525AA2370AC, cid=391, SUCCESS, logIndex=47, commits[s0:c52, s1:c47, s2:c19]
2024-01-25 07:58:17,762 [s0-client-thread3] DEBUG server.RaftServer$Division (RaftServerImpl.java:submitClientRequestAsync(880)) - s0@group-E525AA2370AC: receive client request(RaftClientRequest:client-44EF9202E0DA->s0@group-E525AA2370AC, cid=392, seq=null, Watch-ALL_COMMITTED(35), Message:<EMPTY>)
2024-01-25 07:58:17,762 [s0-client-thread3] DEBUG server.RaftServer$Division (LeaderStateImpl.java:addWatchRequest(552)) - s0@group-E525AA2370AC-LeaderStateImpl: addWatchRequest RaftClientRequest:client-44EF9202E0DA->s0@group-E525AA2370AC, cid=392, seq=null, Watch-ALL_COMMITTED(35), Message:<EMPTY>
2024-01-25 07:58:17,762 [Time-limited test] INFO  grpc.TestWatchRequestWithGrpc (WatchRequestTests.java:get(214)) - majority-Watch(35) returns RaftClientReply:client-44EF9202E0DA->s0@group-E525AA2370AC, cid=389, SUCCESS, logIndex=52, commits[s0:c52, s1:c47, s2:c19]
2024-01-25 07:58:17,762 [Time-limited test] INFO  grpc.TestWatchRequestWithGrpc (WatchRequestTests.java:get(214)) - majorityCommitted-Watch(35) returns RaftClientReply:client-44EF9202E0DA->s0@group-E525AA2370AC, cid=391, SUCCESS, logIndex=47, commits[s0:c52, s1:c47, s2:c19]
2024-01-25 07:58:17,763 [grpc-default-executor-3] DEBUG client.RaftClient (RaftClientImpl.java:add(146)) - client-44EF9202E0DA: add replied callId 334
2024-01-25 07:58:17,763 [grpc-default-executor-3] INFO  grpc.TestWatchRequestWithGrpc (WatchRequestTests.java:lambda$sendRequests$0(113)) - SEND_WATCH: message=m13, logIndex=37
2024-01-25 07:58:17,763 [grpc-default-executor-3] DEBUG client.RaftClient (RaftClientImpl.java:get(158)) - client-44EF9202E0DA: get 393 returns [334]
2024-01-25 07:58:17,763 [grpc-default-executor-3] DEBUG client.RaftClient (RaftClientImpl.java:newRequest(95)) - attempt #1, newRequest RaftClientRequest:client-44EF9202E0DA->s0@group-E525AA2370AC, cid=393, seq=null, Watch(37), null
2024-01-25 07:58:17,763 [grpc-default-executor-3] DEBUG impl.UnorderedAsync (UnorderedAsync.java:sendRequestWithRetry(80)) - client-44EF9202E0DA: attempt #1 send~ RaftClientRequest:client-44EF9202E0DA->s0@group-E525AA2370AC, cid=393, seq=null, Watch(37), null
2024-01-25 07:58:17,763 [s0-client-thread3] DEBUG server.RaftServer$Division (RaftServerImpl.java:submitClientRequestAsync(880)) - s0@group-E525AA2370AC: receive client request(RaftClientRequest:client-44EF9202E0DA->s0@group-E525AA2370AC, cid=393, seq=null, Watch(37), Message:<EMPTY>)
2024-01-25 07:58:17,763 [s0-client-thread3] DEBUG server.RaftServer$Division (LeaderStateImpl.java:addWatchRequest(552)) - s0@group-E525AA2370AC-LeaderStateImpl: addWatchRequest RaftClientRequest:client-44EF9202E0DA->s0@group-E525AA2370AC, cid=393, seq=null, Watch(37), Message:<EMPTY>
2024-01-25 07:58:17,764 [grpc-default-executor-3] DEBUG client.RaftClient (RaftClientImpl.java:get(158)) - client-44EF9202E0DA: get 394 returns []
2024-01-25 07:58:17,764 [ForkJoinPool.commonPool-worker-1] DEBUG impl.UnorderedAsync (UnorderedAsync.java:lambda$sendRequestWithRetry$4(83)) - client-44EF9202E0DA: attempt #1 receive~ RaftClientReply:client-44EF9202E0DA->s0@group-E525AA2370AC, cid=393, SUCCESS, logIndex=52, commits[s0:c52, s1:c47, s2:c19]
2024-01-25 07:58:17,764 [grpc-default-executor-3] DEBUG client.RaftClient (RaftClientImpl.java:newRequest(95)) - attempt #1, newRequest RaftClientRequest:client-44EF9202E0DA->s0@group-E525AA2370AC, cid=394, seq=null, Watch-ALL(37), null
2024-01-25 07:58:17,764 [grpc-default-executor-3] DEBUG impl.UnorderedAsync (UnorderedAsync.java:sendRequestWithRetry(80)) - client-44EF9202E0DA: attempt #1 send~ RaftClientRequest:client-44EF9202E0DA->s0@group-E525AA2370AC, cid=394, seq=null, Watch-ALL(37), null
2024-01-25 07:58:17,765 [grpc-default-executor-3] DEBUG client.RaftClient (RaftClientImpl.java:get(158)) - client-44EF9202E0DA: get 395 returns []
2024-01-25 07:58:17,765 [grpc-default-executor-3] DEBUG client.RaftClient (RaftClientImpl.java:newRequest(95)) - attempt #1, newRequest RaftClientRequest:client-44EF9202E0DA->s0@group-E525AA2370AC, cid=395, seq=null, Watch-MAJORITY_COMMITTED(37), null
2024-01-25 07:58:17,765 [s0-client-thread3] DEBUG server.RaftServer$Division (RaftServerImpl.java:submitClientRequestAsync(880)) - s0@group-E525AA2370AC: receive client request(RaftClientRequest:client-44EF9202E0DA->s0@group-E525AA2370AC, cid=394, seq=null, Watch-ALL(37), Message:<EMPTY>)
2024-01-25 07:58:17,765 [s0-client-thread3] DEBUG server.RaftServer$Division (LeaderStateImpl.java:addWatchRequest(552)) - s0@group-E525AA2370AC-LeaderStateImpl: addWatchRequest RaftClientRequest:client-44EF9202E0DA->s0@group-E525AA2370AC, cid=394, seq=null, Watch-ALL(37), Message:<EMPTY>
2024-01-25 07:58:17,765 [grpc-default-executor-3] DEBUG impl.UnorderedAsync (UnorderedAsync.java:sendRequestWithRetry(80)) - client-44EF9202E0DA: attempt #1 send~ RaftClientRequest:client-44EF9202E0DA->s0@group-E525AA2370AC, cid=395, seq=null, Watch-MAJORITY_COMMITTED(37), null
2024-01-25 07:58:17,765 [grpc-default-executor-3] DEBUG client.RaftClient (RaftClientImpl.java:get(158)) - client-44EF9202E0DA: get 396 returns []
2024-01-25 07:58:17,766 [s0-client-thread3] DEBUG server.RaftServer$Division (RaftServerImpl.java:submitClientRequestAsync(880)) - s0@group-E525AA2370AC: receive client request(RaftClientRequest:client-44EF9202E0DA->s0@group-E525AA2370AC, cid=395, seq=null, Watch-MAJORITY_COMMITTED(37), Message:<EMPTY>)
2024-01-25 07:58:17,766 [grpc-default-executor-3] DEBUG client.RaftClient (RaftClientImpl.java:newRequest(95)) - attempt #1, newRequest RaftClientRequest:client-44EF9202E0DA->s0@group-E525AA2370AC, cid=396, seq=null, Watch-ALL_COMMITTED(37), null
2024-01-25 07:58:17,766 [s0-client-thread3] DEBUG server.RaftServer$Division (LeaderStateImpl.java:addWatchRequest(552)) - s0@group-E525AA2370AC-LeaderStateImpl: addWatchRequest RaftClientRequest:client-44EF9202E0DA->s0@group-E525AA2370AC, cid=395, seq=null, Watch-MAJORITY_COMMITTED(37), Message:<EMPTY>
2024-01-25 07:58:17,766 [grpc-default-executor-3] DEBUG impl.UnorderedAsync (UnorderedAsync.java:sendRequestWithRetry(80)) - client-44EF9202E0DA: attempt #1 send~ RaftClientRequest:client-44EF9202E0DA->s0@group-E525AA2370AC, cid=396, seq=null, Watch-ALL_COMMITTED(37), null
2024-01-25 07:58:17,766 [ForkJoinPool.commonPool-worker-1] DEBUG impl.UnorderedAsync (UnorderedAsync.java:lambda$sendRequestWithRetry$4(83)) - client-44EF9202E0DA: attempt #1 receive~ RaftClientReply:client-44EF9202E0DA->s0@group-E525AA2370AC, cid=395, SUCCESS, logIndex=47, commits[s0:c52, s1:c47, s2:c19]
2024-01-25 07:58:17,766 [s0-client-thread3] DEBUG server.RaftServer$Division (RaftServerImpl.java:submitClientRequestAsync(880)) - s0@group-E525AA2370AC: receive client request(RaftClientRequest:client-44EF9202E0DA->s0@group-E525AA2370AC, cid=396, seq=null, Watch-ALL_COMMITTED(37), Message:<EMPTY>)
2024-01-25 07:58:17,766 [s0-client-thread3] DEBUG server.RaftServer$Division (LeaderStateImpl.java:addWatchRequest(552)) - s0@group-E525AA2370AC-LeaderStateImpl: addWatchRequest RaftClientRequest:client-44EF9202E0DA->s0@group-E525AA2370AC, cid=396, seq=null, Watch-ALL_COMMITTED(37), Message:<EMPTY>
2024-01-25 07:58:17,766 [Time-limited test] INFO  grpc.TestWatchRequestWithGrpc (WatchRequestTests.java:checkMajority(275)) - checkMajority 13: receive RaftClientReply:client-44EF9202E0DA->s0@group-E525AA2370AC, cid=334, SUCCESS, logIndex=37, commits[s0:c42, s1:c32, s2:c19]
2024-01-25 07:58:17,766 [Time-limited test] INFO  grpc.TestWatchRequestWithGrpc (WatchRequestTests.java:get(214)) - majority-Watch(37) returns RaftClientReply:client-44EF9202E0DA->s0@group-E525AA2370AC, cid=393, SUCCESS, logIndex=52, commits[s0:c52, s1:c47, s2:c19]
2024-01-25 07:58:17,766 [Time-limited test] INFO  grpc.TestWatchRequestWithGrpc (WatchRequestTests.java:get(214)) - majorityCommitted-Watch(37) returns RaftClientReply:client-44EF9202E0DA->s0@group-E525AA2370AC, cid=395, SUCCESS, logIndex=47, commits[s0:c52, s1:c47, s2:c19]
2024-01-25 07:58:17,767 [grpc-default-executor-3] DEBUG client.RaftClient (RaftClientImpl.java:add(146)) - client-44EF9202E0DA: add replied callId 335
2024-01-25 07:58:17,767 [grpc-default-executor-3] INFO  grpc.TestWatchRequestWithGrpc (WatchRequestTests.java:lambda$sendRequests$0(113)) - SEND_WATCH: message=m14, logIndex=38
2024-01-25 07:58:17,767 [grpc-default-executor-3] DEBUG client.RaftClient (RaftClientImpl.java:get(158)) - client-44EF9202E0DA: get 397 returns [335]
2024-01-25 07:58:17,767 [grpc-default-executor-3] DEBUG client.RaftClient (RaftClientImpl.java:newRequest(95)) - attempt #1, newRequest RaftClientRequest:client-44EF9202E0DA->s0@group-E525AA2370AC, cid=397, seq=null, Watch(38), null
2024-01-25 07:58:17,767 [grpc-default-executor-3] DEBUG impl.UnorderedAsync (UnorderedAsync.java:sendRequestWithRetry(80)) - client-44EF9202E0DA: attempt #1 send~ RaftClientRequest:client-44EF9202E0DA->s0@group-E525AA2370AC, cid=397, seq=null, Watch(38), null
2024-01-25 07:58:17,767 [grpc-default-executor-3] DEBUG client.RaftClient (RaftClientImpl.java:get(158)) - client-44EF9202E0DA: get 398 returns []
2024-01-25 07:58:17,767 [s0-client-thread3] DEBUG server.RaftServer$Division (RaftServerImpl.java:submitClientRequestAsync(880)) - s0@group-E525AA2370AC: receive client request(RaftClientRequest:client-44EF9202E0DA->s0@group-E525AA2370AC, cid=397, seq=null, Watch(38), Message:<EMPTY>)
2024-01-25 07:58:17,767 [grpc-default-executor-3] DEBUG client.RaftClient (RaftClientImpl.java:newRequest(95)) - attempt #1, newRequest RaftClientRequest:client-44EF9202E0DA->s0@group-E525AA2370AC, cid=398, seq=null, Watch-ALL(38), null
2024-01-25 07:58:17,768 [s0-client-thread3] DEBUG server.RaftServer$Division (LeaderStateImpl.java:addWatchRequest(552)) - s0@group-E525AA2370AC-LeaderStateImpl: addWatchRequest RaftClientRequest:client-44EF9202E0DA->s0@group-E525AA2370AC, cid=397, seq=null, Watch(38), Message:<EMPTY>
2024-01-25 07:58:17,768 [grpc-default-executor-3] DEBUG impl.UnorderedAsync (UnorderedAsync.java:sendRequestWithRetry(80)) - client-44EF9202E0DA: attempt #1 send~ RaftClientRequest:client-44EF9202E0DA->s0@group-E525AA2370AC, cid=398, seq=null, Watch-ALL(38), null
2024-01-25 07:58:17,768 [ForkJoinPool.commonPool-worker-1] DEBUG impl.UnorderedAsync (UnorderedAsync.java:lambda$sendRequestWithRetry$4(83)) - client-44EF9202E0DA: attempt #1 receive~ RaftClientReply:client-44EF9202E0DA->s0@group-E525AA2370AC, cid=397, SUCCESS, logIndex=52, commits[s0:c52, s1:c47, s2:c19]
2024-01-25 07:58:17,768 [grpc-default-executor-3] DEBUG client.RaftClient (RaftClientImpl.java:get(158)) - client-44EF9202E0DA: get 399 returns []
2024-01-25 07:58:17,768 [s0-client-thread3] DEBUG server.RaftServer$Division (RaftServerImpl.java:submitClientRequestAsync(880)) - s0@group-E525AA2370AC: receive client request(RaftClientRequest:client-44EF9202E0DA->s0@group-E525AA2370AC, cid=398, seq=null, Watch-ALL(38), Message:<EMPTY>)
2024-01-25 07:58:17,768 [grpc-default-executor-3] DEBUG client.RaftClient (RaftClientImpl.java:newRequest(95)) - attempt #1, newRequest RaftClientRequest:client-44EF9202E0DA->s0@group-E525AA2370AC, cid=399, seq=null, Watch-MAJORITY_COMMITTED(38), null
2024-01-25 07:58:17,768 [grpc-default-executor-3] DEBUG impl.UnorderedAsync (UnorderedAsync.java:sendRequestWithRetry(80)) - client-44EF9202E0DA: attempt #1 send~ RaftClientRequest:client-44EF9202E0DA->s0@group-E525AA2370AC, cid=399, seq=null, Watch-MAJORITY_COMMITTED(38), null
2024-01-25 07:58:17,768 [s0-client-thread3] DEBUG server.RaftServer$Division (LeaderStateImpl.java:addWatchRequest(552)) - s0@group-E525AA2370AC-LeaderStateImpl: addWatchRequest RaftClientRequest:client-44EF9202E0DA->s0@group-E525AA2370AC, cid=398, seq=null, Watch-ALL(38), Message:<EMPTY>
2024-01-25 07:58:17,768 [grpc-default-executor-3] DEBUG client.RaftClient (RaftClientImpl.java:get(158)) - client-44EF9202E0DA: get 400 returns []
2024-01-25 07:58:17,769 [grpc-default-executor-3] DEBUG client.RaftClient (RaftClientImpl.java:newRequest(95)) - attempt #1, newRequest RaftClientRequest:client-44EF9202E0DA->s0@group-E525AA2370AC, cid=400, seq=null, Watch-ALL_COMMITTED(38), null
2024-01-25 07:58:17,769 [grpc-default-executor-3] DEBUG impl.UnorderedAsync (UnorderedAsync.java:sendRequestWithRetry(80)) - client-44EF9202E0DA: attempt #1 send~ RaftClientRequest:client-44EF9202E0DA->s0@group-E525AA2370AC, cid=400, seq=null, Watch-ALL_COMMITTED(38), null
2024-01-25 07:58:17,769 [s0-client-thread3] DEBUG server.RaftServer$Division (RaftServerImpl.java:submitClientRequestAsync(880)) - s0@group-E525AA2370AC: receive client request(RaftClientRequest:client-44EF9202E0DA->s0@group-E525AA2370AC, cid=399, seq=null, Watch-MAJORITY_COMMITTED(38), Message:<EMPTY>)
2024-01-25 07:58:17,769 [s0-client-thread3] DEBUG server.RaftServer$Division (LeaderStateImpl.java:addWatchRequest(552)) - s0@group-E525AA2370AC-LeaderStateImpl: addWatchRequest RaftClientRequest:client-44EF9202E0DA->s0@group-E525AA2370AC, cid=399, seq=null, Watch-MAJORITY_COMMITTED(38), Message:<EMPTY>
2024-01-25 07:58:17,769 [Time-limited test] INFO  grpc.TestWatchRequestWithGrpc (WatchRequestTests.java:checkMajority(275)) - checkMajority 14: receive RaftClientReply:client-44EF9202E0DA->s0@group-E525AA2370AC, cid=335, SUCCESS, logIndex=38, commits[s0:c42, s1:c32, s2:c19]
2024-01-25 07:58:17,769 [Time-limited test] INFO  grpc.TestWatchRequestWithGrpc (WatchRequestTests.java:get(214)) - majority-Watch(38) returns RaftClientReply:client-44EF9202E0DA->s0@group-E525AA2370AC, cid=397, SUCCESS, logIndex=52, commits[s0:c52, s1:c47, s2:c19]
2024-01-25 07:58:17,769 [s0-client-thread3] DEBUG server.RaftServer$Division (RaftServerImpl.java:submitClientRequestAsync(880)) - s0@group-E525AA2370AC: receive client request(RaftClientRequest:client-44EF9202E0DA->s0@group-E525AA2370AC, cid=400, seq=null, Watch-ALL_COMMITTED(38), Message:<EMPTY>)
2024-01-25 07:58:17,769 [ForkJoinPool.commonPool-worker-1] DEBUG impl.UnorderedAsync (UnorderedAsync.java:lambda$sendRequestWithRetry$4(83)) - client-44EF9202E0DA: attempt #1 receive~ RaftClientReply:client-44EF9202E0DA->s0@group-E525AA2370AC, cid=399, SUCCESS, logIndex=47, commits[s0:c52, s1:c47, s2:c19]
2024-01-25 07:58:17,769 [s0-client-thread3] DEBUG server.RaftServer$Division (LeaderStateImpl.java:addWatchRequest(552)) - s0@group-E525AA2370AC-LeaderStateImpl: addWatchRequest RaftClientRequest:client-44EF9202E0DA->s0@group-E525AA2370AC, cid=400, seq=null, Watch-ALL_COMMITTED(38), Message:<EMPTY>
2024-01-25 07:58:17,769 [Time-limited test] INFO  grpc.TestWatchRequestWithGrpc (WatchRequestTests.java:get(214)) - majorityCommitted-Watch(38) returns RaftClientReply:client-44EF9202E0DA->s0@group-E525AA2370AC, cid=399, SUCCESS, logIndex=47, commits[s0:c52, s1:c47, s2:c19]
2024-01-25 07:58:17,770 [grpc-default-executor-3] DEBUG client.RaftClient (RaftClientImpl.java:add(146)) - client-44EF9202E0DA: add replied callId 336
2024-01-25 07:58:17,771 [grpc-default-executor-3] INFO  grpc.TestWatchRequestWithGrpc (WatchRequestTests.java:lambda$sendRequests$0(113)) - SEND_WATCH: message=m15, logIndex=41
2024-01-25 07:58:17,771 [grpc-default-executor-3] DEBUG client.RaftClient (RaftClientImpl.java:get(158)) - client-44EF9202E0DA: get 401 returns [336]
2024-01-25 07:58:17,771 [grpc-default-executor-3] DEBUG client.RaftClient (RaftClientImpl.java:newRequest(95)) - attempt #1, newRequest RaftClientRequest:client-44EF9202E0DA->s0@group-E525AA2370AC, cid=401, seq=null, Watch(41), null
2024-01-25 07:58:17,771 [grpc-default-executor-3] DEBUG impl.UnorderedAsync (UnorderedAsync.java:sendRequestWithRetry(80)) - client-44EF9202E0DA: attempt #1 send~ RaftClientRequest:client-44EF9202E0DA->s0@group-E525AA2370AC, cid=401, seq=null, Watch(41), null
2024-01-25 07:58:17,771 [grpc-default-executor-3] DEBUG client.RaftClient (RaftClientImpl.java:get(158)) - client-44EF9202E0DA: get 402 returns []
2024-01-25 07:58:17,771 [grpc-default-executor-3] DEBUG client.RaftClient (RaftClientImpl.java:newRequest(95)) - attempt #1, newRequest RaftClientRequest:client-44EF9202E0DA->s0@group-E525AA2370AC, cid=402, seq=null, Watch-ALL(41), null
2024-01-25 07:58:17,771 [s0-client-thread3] DEBUG server.RaftServer$Division (RaftServerImpl.java:submitClientRequestAsync(880)) - s0@group-E525AA2370AC: receive client request(RaftClientRequest:client-44EF9202E0DA->s0@group-E525AA2370AC, cid=401, seq=null, Watch(41), Message:<EMPTY>)
2024-01-25 07:58:17,771 [grpc-default-executor-3] DEBUG impl.UnorderedAsync (UnorderedAsync.java:sendRequestWithRetry(80)) - client-44EF9202E0DA: attempt #1 send~ RaftClientRequest:client-44EF9202E0DA->s0@group-E525AA2370AC, cid=402, seq=null, Watch-ALL(41), null
2024-01-25 07:58:17,771 [s0-client-thread3] DEBUG server.RaftServer$Division (LeaderStateImpl.java:addWatchRequest(552)) - s0@group-E525AA2370AC-LeaderStateImpl: addWatchRequest RaftClientRequest:client-44EF9202E0DA->s0@group-E525AA2370AC, cid=401, seq=null, Watch(41), Message:<EMPTY>
2024-01-25 07:58:17,771 [grpc-default-executor-3] DEBUG client.RaftClient (RaftClientImpl.java:get(158)) - client-44EF9202E0DA: get 403 returns []
2024-01-25 07:58:17,772 [grpc-default-executor-3] DEBUG client.RaftClient (RaftClientImpl.java:newRequest(95)) - attempt #1, newRequest RaftClientRequest:client-44EF9202E0DA->s0@group-E525AA2370AC, cid=403, seq=null, Watch-MAJORITY_COMMITTED(41), null
2024-01-25 07:58:17,772 [grpc-default-executor-3] DEBUG impl.UnorderedAsync (UnorderedAsync.java:sendRequestWithRetry(80)) - client-44EF9202E0DA: attempt #1 send~ RaftClientRequest:client-44EF9202E0DA->s0@group-E525AA2370AC, cid=403, seq=null, Watch-MAJORITY_COMMITTED(41), null
2024-01-25 07:58:17,772 [s0-client-thread3] DEBUG server.RaftServer$Division (RaftServerImpl.java:submitClientRequestAsync(880)) - s0@group-E525AA2370AC: receive client request(RaftClientRequest:client-44EF9202E0DA->s0@group-E525AA2370AC, cid=402, seq=null, Watch-ALL(41), Message:<EMPTY>)
2024-01-25 07:58:17,772 [grpc-default-executor-3] DEBUG client.RaftClient (RaftClientImpl.java:get(158)) - client-44EF9202E0DA: get 404 returns []
2024-01-25 07:58:17,772 [ForkJoinPool.commonPool-worker-1] DEBUG impl.UnorderedAsync (UnorderedAsync.java:lambda$sendRequestWithRetry$4(83)) - client-44EF9202E0DA: attempt #1 receive~ RaftClientReply:client-44EF9202E0DA->s0@group-E525AA2370AC, cid=401, SUCCESS, logIndex=52, commits[s0:c52, s1:c47, s2:c19]
2024-01-25 07:58:17,772 [s0-client-thread3] DEBUG server.RaftServer$Division (LeaderStateImpl.java:addWatchRequest(552)) - s0@group-E525AA2370AC-LeaderStateImpl: addWatchRequest RaftClientRequest:client-44EF9202E0DA->s0@group-E525AA2370AC, cid=402, seq=null, Watch-ALL(41), Message:<EMPTY>
2024-01-25 07:58:17,772 [grpc-default-executor-3] DEBUG client.RaftClient (RaftClientImpl.java:newRequest(95)) - attempt #1, newRequest RaftClientRequest:client-44EF9202E0DA->s0@group-E525AA2370AC, cid=404, seq=null, Watch-ALL_COMMITTED(41), null
2024-01-25 07:58:17,772 [s0-client-thread3] DEBUG server.RaftServer$Division (RaftServerImpl.java:submitClientRequestAsync(880)) - s0@group-E525AA2370AC: receive client request(RaftClientRequest:client-44EF9202E0DA->s0@group-E525AA2370AC, cid=403, seq=null, Watch-MAJORITY_COMMITTED(41), Message:<EMPTY>)
2024-01-25 07:58:17,773 [s0-client-thread3] DEBUG server.RaftServer$Division (LeaderStateImpl.java:addWatchRequest(552)) - s0@group-E525AA2370AC-LeaderStateImpl: addWatchRequest RaftClientRequest:client-44EF9202E0DA->s0@group-E525AA2370AC, cid=403, seq=null, Watch-MAJORITY_COMMITTED(41), Message:<EMPTY>
2024-01-25 07:58:17,773 [grpc-default-executor-3] DEBUG impl.UnorderedAsync (UnorderedAsync.java:sendRequestWithRetry(80)) - client-44EF9202E0DA: attempt #1 send~ RaftClientRequest:client-44EF9202E0DA->s0@group-E525AA2370AC, cid=404, seq=null, Watch-ALL_COMMITTED(41), null
2024-01-25 07:58:17,773 [ForkJoinPool.commonPool-worker-1] DEBUG impl.UnorderedAsync (UnorderedAsync.java:lambda$sendRequestWithRetry$4(83)) - client-44EF9202E0DA: attempt #1 receive~ RaftClientReply:client-44EF9202E0DA->s0@group-E525AA2370AC, cid=403, SUCCESS, logIndex=47, commits[s0:c52, s1:c47, s2:c19]
2024-01-25 07:58:17,773 [Time-limited test] INFO  grpc.TestWatchRequestWithGrpc (WatchRequestTests.java:checkMajority(275)) - checkMajority 15: receive RaftClientReply:client-44EF9202E0DA->s0@group-E525AA2370AC, cid=336, SUCCESS, logIndex=41, commits[s0:c45, s1:c35, s2:c19]
2024-01-25 07:58:17,773 [Time-limited test] INFO  grpc.TestWatchRequestWithGrpc (WatchRequestTests.java:get(214)) - majority-Watch(41) returns RaftClientReply:client-44EF9202E0DA->s0@group-E525AA2370AC, cid=401, SUCCESS, logIndex=52, commits[s0:c52, s1:c47, s2:c19]
2024-01-25 07:58:17,774 [Time-limited test] INFO  grpc.TestWatchRequestWithGrpc (WatchRequestTests.java:get(214)) - majorityCommitted-Watch(41) returns RaftClientReply:client-44EF9202E0DA->s0@group-E525AA2370AC, cid=403, SUCCESS, logIndex=47, commits[s0:c52, s1:c47, s2:c19]
2024-01-25 07:58:17,774 [s0-client-thread3] DEBUG server.RaftServer$Division (RaftServerImpl.java:submitClientRequestAsync(880)) - s0@group-E525AA2370AC: receive client request(RaftClientRequest:client-44EF9202E0DA->s0@group-E525AA2370AC, cid=404, seq=null, Watch-ALL_COMMITTED(41), Message:<EMPTY>)
2024-01-25 07:58:17,774 [s0-client-thread3] DEBUG server.RaftServer$Division (LeaderStateImpl.java:addWatchRequest(552)) - s0@group-E525AA2370AC-LeaderStateImpl: addWatchRequest RaftClientRequest:client-44EF9202E0DA->s0@group-E525AA2370AC, cid=404, seq=null, Watch-ALL_COMMITTED(41), Message:<EMPTY>
2024-01-25 07:58:17,774 [grpc-default-executor-3] DEBUG client.RaftClient (RaftClientImpl.java:add(146)) - client-44EF9202E0DA: add replied callId 337
2024-01-25 07:58:17,774 [grpc-default-executor-3] INFO  grpc.TestWatchRequestWithGrpc (WatchRequestTests.java:lambda$sendRequests$0(113)) - SEND_WATCH: message=m16, logIndex=42
2024-01-25 07:58:17,774 [grpc-default-executor-3] DEBUG client.RaftClient (RaftClientImpl.java:get(158)) - client-44EF9202E0DA: get 405 returns [337]
2024-01-25 07:58:17,774 [grpc-default-executor-3] DEBUG client.RaftClient (RaftClientImpl.java:newRequest(95)) - attempt #1, newRequest RaftClientRequest:client-44EF9202E0DA->s0@group-E525AA2370AC, cid=405, seq=null, Watch(42), null
2024-01-25 07:58:17,774 [grpc-default-executor-3] DEBUG impl.UnorderedAsync (UnorderedAsync.java:sendRequestWithRetry(80)) - client-44EF9202E0DA: attempt #1 send~ RaftClientRequest:client-44EF9202E0DA->s0@group-E525AA2370AC, cid=405, seq=null, Watch(42), null
2024-01-25 07:58:17,775 [grpc-default-executor-3] DEBUG client.RaftClient (RaftClientImpl.java:get(158)) - client-44EF9202E0DA: get 406 returns []
2024-01-25 07:58:17,775 [grpc-default-executor-3] DEBUG client.RaftClient (RaftClientImpl.java:newRequest(95)) - attempt #1, newRequest RaftClientRequest:client-44EF9202E0DA->s0@group-E525AA2370AC, cid=406, seq=null, Watch-ALL(42), null
2024-01-25 07:58:17,775 [s0-client-thread3] DEBUG server.RaftServer$Division (RaftServerImpl.java:submitClientRequestAsync(880)) - s0@group-E525AA2370AC: receive client request(RaftClientRequest:client-44EF9202E0DA->s0@group-E525AA2370AC, cid=405, seq=null, Watch(42), Message:<EMPTY>)
2024-01-25 07:58:17,775 [s0-client-thread3] DEBUG server.RaftServer$Division (LeaderStateImpl.java:addWatchRequest(552)) - s0@group-E525AA2370AC-LeaderStateImpl: addWatchRequest RaftClientRequest:client-44EF9202E0DA->s0@group-E525AA2370AC, cid=405, seq=null, Watch(42), Message:<EMPTY>
2024-01-25 07:58:17,775 [grpc-default-executor-3] DEBUG impl.UnorderedAsync (UnorderedAsync.java:sendRequestWithRetry(80)) - client-44EF9202E0DA: attempt #1 send~ RaftClientRequest:client-44EF9202E0DA->s0@group-E525AA2370AC, cid=406, seq=null, Watch-ALL(42), null
2024-01-25 07:58:17,775 [ForkJoinPool.commonPool-worker-1] DEBUG impl.UnorderedAsync (UnorderedAsync.java:lambda$sendRequestWithRetry$4(83)) - client-44EF9202E0DA: attempt #1 receive~ RaftClientReply:client-44EF9202E0DA->s0@group-E525AA2370AC, cid=405, SUCCESS, logIndex=52, commits[s0:c52, s1:c47, s2:c19]
2024-01-25 07:58:17,775 [grpc-default-executor-3] DEBUG client.RaftClient (RaftClientImpl.java:get(158)) - client-44EF9202E0DA: get 407 returns []
2024-01-25 07:58:17,775 [grpc-default-executor-3] DEBUG client.RaftClient (RaftClientImpl.java:newRequest(95)) - attempt #1, newRequest RaftClientRequest:client-44EF9202E0DA->s0@group-E525AA2370AC, cid=407, seq=null, Watch-MAJORITY_COMMITTED(42), null
2024-01-25 07:58:17,775 [s0-client-thread3] DEBUG server.RaftServer$Division (RaftServerImpl.java:submitClientRequestAsync(880)) - s0@group-E525AA2370AC: receive client request(RaftClientRequest:client-44EF9202E0DA->s0@group-E525AA2370AC, cid=406, seq=null, Watch-ALL(42), Message:<EMPTY>)
2024-01-25 07:58:17,775 [s0-client-thread3] DEBUG server.RaftServer$Division (LeaderStateImpl.java:addWatchRequest(552)) - s0@group-E525AA2370AC-LeaderStateImpl: addWatchRequest RaftClientRequest:client-44EF9202E0DA->s0@group-E525AA2370AC, cid=406, seq=null, Watch-ALL(42), Message:<EMPTY>
2024-01-25 07:58:17,775 [grpc-default-executor-3] DEBUG impl.UnorderedAsync (UnorderedAsync.java:sendRequestWithRetry(80)) - client-44EF9202E0DA: attempt #1 send~ RaftClientRequest:client-44EF9202E0DA->s0@group-E525AA2370AC, cid=407, seq=null, Watch-MAJORITY_COMMITTED(42), null
2024-01-25 07:58:17,776 [grpc-default-executor-3] DEBUG client.RaftClient (RaftClientImpl.java:get(158)) - client-44EF9202E0DA: get 408 returns []
2024-01-25 07:58:17,776 [s0-client-thread3] DEBUG server.RaftServer$Division (RaftServerImpl.java:submitClientRequestAsync(880)) - s0@group-E525AA2370AC: receive client request(RaftClientRequest:client-44EF9202E0DA->s0@group-E525AA2370AC, cid=407, seq=null, Watch-MAJORITY_COMMITTED(42), Message:<EMPTY>)
2024-01-25 07:58:17,776 [s0-client-thread3] DEBUG server.RaftServer$Division (LeaderStateImpl.java:addWatchRequest(552)) - s0@group-E525AA2370AC-LeaderStateImpl: addWatchRequest RaftClientRequest:client-44EF9202E0DA->s0@group-E525AA2370AC, cid=407, seq=null, Watch-MAJORITY_COMMITTED(42), Message:<EMPTY>
2024-01-25 07:58:17,776 [grpc-default-executor-3] DEBUG client.RaftClient (RaftClientImpl.java:newRequest(95)) - attempt #1, newRequest RaftClientRequest:client-44EF9202E0DA->s0@group-E525AA2370AC, cid=408, seq=null, Watch-ALL_COMMITTED(42), null
2024-01-25 07:58:17,776 [ForkJoinPool.commonPool-worker-1] DEBUG impl.UnorderedAsync (UnorderedAsync.java:lambda$sendRequestWithRetry$4(83)) - client-44EF9202E0DA: attempt #1 receive~ RaftClientReply:client-44EF9202E0DA->s0@group-E525AA2370AC, cid=407, SUCCESS, logIndex=47, commits[s0:c52, s1:c47, s2:c19]
2024-01-25 07:58:17,776 [grpc-default-executor-3] DEBUG impl.UnorderedAsync (UnorderedAsync.java:sendRequestWithRetry(80)) - client-44EF9202E0DA: attempt #1 send~ RaftClientRequest:client-44EF9202E0DA->s0@group-E525AA2370AC, cid=408, seq=null, Watch-ALL_COMMITTED(42), null
2024-01-25 07:58:17,776 [Time-limited test] INFO  grpc.TestWatchRequestWithGrpc (WatchRequestTests.java:checkMajority(275)) - checkMajority 16: receive RaftClientReply:client-44EF9202E0DA->s0@group-E525AA2370AC, cid=337, SUCCESS, logIndex=42, commits[s0:c45, s1:c35, s2:c19]
2024-01-25 07:58:17,776 [Time-limited test] INFO  grpc.TestWatchRequestWithGrpc (WatchRequestTests.java:get(214)) - majority-Watch(42) returns RaftClientReply:client-44EF9202E0DA->s0@group-E525AA2370AC, cid=405, SUCCESS, logIndex=52, commits[s0:c52, s1:c47, s2:c19]
2024-01-25 07:58:17,777 [Time-limited test] INFO  grpc.TestWatchRequestWithGrpc (WatchRequestTests.java:get(214)) - majorityCommitted-Watch(42) returns RaftClientReply:client-44EF9202E0DA->s0@group-E525AA2370AC, cid=407, SUCCESS, logIndex=47, commits[s0:c52, s1:c47, s2:c19]
2024-01-25 07:58:17,777 [s0-client-thread3] DEBUG server.RaftServer$Division (RaftServerImpl.java:submitClientRequestAsync(880)) - s0@group-E525AA2370AC: receive client request(RaftClientRequest:client-44EF9202E0DA->s0@group-E525AA2370AC, cid=408, seq=null, Watch-ALL_COMMITTED(42), Message:<EMPTY>)
2024-01-25 07:58:17,777 [s0-client-thread3] DEBUG server.RaftServer$Division (LeaderStateImpl.java:addWatchRequest(552)) - s0@group-E525AA2370AC-LeaderStateImpl: addWatchRequest RaftClientRequest:client-44EF9202E0DA->s0@group-E525AA2370AC, cid=408, seq=null, Watch-ALL_COMMITTED(42), Message:<EMPTY>
2024-01-25 07:58:17,777 [grpc-default-executor-3] DEBUG client.RaftClient (RaftClientImpl.java:add(146)) - client-44EF9202E0DA: add replied callId 338
2024-01-25 07:58:17,777 [grpc-default-executor-3] INFO  grpc.TestWatchRequestWithGrpc (WatchRequestTests.java:lambda$sendRequests$0(113)) - SEND_WATCH: message=m17, logIndex=45
2024-01-25 07:58:17,777 [grpc-default-executor-3] DEBUG client.RaftClient (RaftClientImpl.java:get(158)) - client-44EF9202E0DA: get 409 returns [338]
2024-01-25 07:58:17,777 [grpc-default-executor-3] DEBUG client.RaftClient (RaftClientImpl.java:newRequest(95)) - attempt #1, newRequest RaftClientRequest:client-44EF9202E0DA->s0@group-E525AA2370AC, cid=409, seq=null, Watch(45), null
2024-01-25 07:58:17,777 [grpc-default-executor-3] DEBUG impl.UnorderedAsync (UnorderedAsync.java:sendRequestWithRetry(80)) - client-44EF9202E0DA: attempt #1 send~ RaftClientRequest:client-44EF9202E0DA->s0@group-E525AA2370AC, cid=409, seq=null, Watch(45), null
2024-01-25 07:58:17,777 [grpc-default-executor-3] DEBUG client.RaftClient (RaftClientImpl.java:get(158)) - client-44EF9202E0DA: get 410 returns []
2024-01-25 07:58:17,778 [s0-client-thread3] DEBUG server.RaftServer$Division (RaftServerImpl.java:submitClientRequestAsync(880)) - s0@group-E525AA2370AC: receive client request(RaftClientRequest:client-44EF9202E0DA->s0@group-E525AA2370AC, cid=409, seq=null, Watch(45), Message:<EMPTY>)
2024-01-25 07:58:17,778 [s0-client-thread3] DEBUG server.RaftServer$Division (LeaderStateImpl.java:addWatchRequest(552)) - s0@group-E525AA2370AC-LeaderStateImpl: addWatchRequest RaftClientRequest:client-44EF9202E0DA->s0@group-E525AA2370AC, cid=409, seq=null, Watch(45), Message:<EMPTY>
2024-01-25 07:58:17,778 [grpc-default-executor-3] DEBUG client.RaftClient (RaftClientImpl.java:newRequest(95)) - attempt #1, newRequest RaftClientRequest:client-44EF9202E0DA->s0@group-E525AA2370AC, cid=410, seq=null, Watch-ALL(45), null
2024-01-25 07:58:17,778 [ForkJoinPool.commonPool-worker-1] DEBUG impl.UnorderedAsync (UnorderedAsync.java:lambda$sendRequestWithRetry$4(83)) - client-44EF9202E0DA: attempt #1 receive~ RaftClientReply:client-44EF9202E0DA->s0@group-E525AA2370AC, cid=409, SUCCESS, logIndex=52, commits[s0:c52, s1:c47, s2:c19]
2024-01-25 07:58:17,778 [grpc-default-executor-3] DEBUG impl.UnorderedAsync (UnorderedAsync.java:sendRequestWithRetry(80)) - client-44EF9202E0DA: attempt #1 send~ RaftClientRequest:client-44EF9202E0DA->s0@group-E525AA2370AC, cid=410, seq=null, Watch-ALL(45), null
2024-01-25 07:58:17,778 [grpc-default-executor-3] DEBUG client.RaftClient (RaftClientImpl.java:get(158)) - client-44EF9202E0DA: get 411 returns []
2024-01-25 07:58:17,778 [s0-client-thread3] DEBUG server.RaftServer$Division (RaftServerImpl.java:submitClientRequestAsync(880)) - s0@group-E525AA2370AC: receive client request(RaftClientRequest:client-44EF9202E0DA->s0@group-E525AA2370AC, cid=410, seq=null, Watch-ALL(45), Message:<EMPTY>)
2024-01-25 07:58:17,778 [s0-client-thread3] DEBUG server.RaftServer$Division (LeaderStateImpl.java:addWatchRequest(552)) - s0@group-E525AA2370AC-LeaderStateImpl: addWatchRequest RaftClientRequest:client-44EF9202E0DA->s0@group-E525AA2370AC, cid=410, seq=null, Watch-ALL(45), Message:<EMPTY>
2024-01-25 07:58:17,779 [grpc-default-executor-3] DEBUG client.RaftClient (RaftClientImpl.java:newRequest(95)) - attempt #1, newRequest RaftClientRequest:client-44EF9202E0DA->s0@group-E525AA2370AC, cid=411, seq=null, Watch-MAJORITY_COMMITTED(45), null
2024-01-25 07:58:17,779 [grpc-default-executor-3] DEBUG impl.UnorderedAsync (UnorderedAsync.java:sendRequestWithRetry(80)) - client-44EF9202E0DA: attempt #1 send~ RaftClientRequest:client-44EF9202E0DA->s0@group-E525AA2370AC, cid=411, seq=null, Watch-MAJORITY_COMMITTED(45), null
2024-01-25 07:58:17,779 [grpc-default-executor-3] DEBUG client.RaftClient (RaftClientImpl.java:get(158)) - client-44EF9202E0DA: get 412 returns []
2024-01-25 07:58:17,779 [s0-client-thread3] DEBUG server.RaftServer$Division (RaftServerImpl.java:submitClientRequestAsync(880)) - s0@group-E525AA2370AC: receive client request(RaftClientRequest:client-44EF9202E0DA->s0@group-E525AA2370AC, cid=411, seq=null, Watch-MAJORITY_COMMITTED(45), Message:<EMPTY>)
2024-01-25 07:58:17,779 [s0-client-thread3] DEBUG server.RaftServer$Division (LeaderStateImpl.java:addWatchRequest(552)) - s0@group-E525AA2370AC-LeaderStateImpl: addWatchRequest RaftClientRequest:client-44EF9202E0DA->s0@group-E525AA2370AC, cid=411, seq=null, Watch-MAJORITY_COMMITTED(45), Message:<EMPTY>
2024-01-25 07:58:17,779 [grpc-default-executor-3] DEBUG client.RaftClient (RaftClientImpl.java:newRequest(95)) - attempt #1, newRequest RaftClientRequest:client-44EF9202E0DA->s0@group-E525AA2370AC, cid=412, seq=null, Watch-ALL_COMMITTED(45), null
2024-01-25 07:58:17,779 [ForkJoinPool.commonPool-worker-1] DEBUG impl.UnorderedAsync (UnorderedAsync.java:lambda$sendRequestWithRetry$4(83)) - client-44EF9202E0DA: attempt #1 receive~ RaftClientReply:client-44EF9202E0DA->s0@group-E525AA2370AC, cid=411, SUCCESS, logIndex=47, commits[s0:c52, s1:c47, s2:c19]
2024-01-25 07:58:17,779 [grpc-default-executor-3] DEBUG impl.UnorderedAsync (UnorderedAsync.java:sendRequestWithRetry(80)) - client-44EF9202E0DA: attempt #1 send~ RaftClientRequest:client-44EF9202E0DA->s0@group-E525AA2370AC, cid=412, seq=null, Watch-ALL_COMMITTED(45), null
2024-01-25 07:58:17,784 [Time-limited test] INFO  grpc.TestWatchRequestWithGrpc (WatchRequestTests.java:checkMajority(275)) - checkMajority 17: receive RaftClientReply:client-44EF9202E0DA->s0@group-E525AA2370AC, cid=338, SUCCESS, logIndex=45, commits[s0:c45, s1:c35, s2:c19]
2024-01-25 07:58:17,784 [Time-limited test] INFO  grpc.TestWatchRequestWithGrpc (WatchRequestTests.java:get(214)) - majority-Watch(45) returns RaftClientReply:client-44EF9202E0DA->s0@group-E525AA2370AC, cid=409, SUCCESS, logIndex=52, commits[s0:c52, s1:c47, s2:c19]
2024-01-25 07:58:17,784 [Time-limited test] INFO  grpc.TestWatchRequestWithGrpc (WatchRequestTests.java:get(214)) - majorityCommitted-Watch(45) returns RaftClientReply:client-44EF9202E0DA->s0@group-E525AA2370AC, cid=411, SUCCESS, logIndex=47, commits[s0:c52, s1:c47, s2:c19]
2024-01-25 07:58:17,784 [s0-client-thread3] DEBUG server.RaftServer$Division (RaftServerImpl.java:submitClientRequestAsync(880)) - s0@group-E525AA2370AC: receive client request(RaftClientRequest:client-44EF9202E0DA->s0@group-E525AA2370AC, cid=412, seq=null, Watch-ALL_COMMITTED(45), Message:<EMPTY>)
2024-01-25 07:58:17,784 [s0-client-thread3] DEBUG server.RaftServer$Division (LeaderStateImpl.java:addWatchRequest(552)) - s0@group-E525AA2370AC-LeaderStateImpl: addWatchRequest RaftClientRequest:client-44EF9202E0DA->s0@group-E525AA2370AC, cid=412, seq=null, Watch-ALL_COMMITTED(45), Message:<EMPTY>
2024-01-25 07:58:17,785 [grpc-default-executor-3] DEBUG client.RaftClient (RaftClientImpl.java:add(146)) - client-44EF9202E0DA: add replied callId 339
2024-01-25 07:58:17,785 [grpc-default-executor-3] INFO  grpc.TestWatchRequestWithGrpc (WatchRequestTests.java:lambda$sendRequests$0(113)) - SEND_WATCH: message=m18, logIndex=46
2024-01-25 07:58:17,785 [grpc-default-executor-3] DEBUG client.RaftClient (RaftClientImpl.java:get(158)) - client-44EF9202E0DA: get 413 returns [339]
2024-01-25 07:58:17,785 [grpc-default-executor-3] DEBUG client.RaftClient (RaftClientImpl.java:newRequest(95)) - attempt #1, newRequest RaftClientRequest:client-44EF9202E0DA->s0@group-E525AA2370AC, cid=413, seq=null, Watch(46), null
2024-01-25 07:58:17,785 [grpc-default-executor-3] DEBUG impl.UnorderedAsync (UnorderedAsync.java:sendRequestWithRetry(80)) - client-44EF9202E0DA: attempt #1 send~ RaftClientRequest:client-44EF9202E0DA->s0@group-E525AA2370AC, cid=413, seq=null, Watch(46), null
2024-01-25 07:58:17,785 [grpc-default-executor-3] DEBUG client.RaftClient (RaftClientImpl.java:get(158)) - client-44EF9202E0DA: get 414 returns []
2024-01-25 07:58:17,785 [grpc-default-executor-3] DEBUG client.RaftClient (RaftClientImpl.java:newRequest(95)) - attempt #1, newRequest RaftClientRequest:client-44EF9202E0DA->s0@group-E525AA2370AC, cid=414, seq=null, Watch-ALL(46), null
2024-01-25 07:58:17,785 [grpc-default-executor-3] DEBUG impl.UnorderedAsync (UnorderedAsync.java:sendRequestWithRetry(80)) - client-44EF9202E0DA: attempt #1 send~ RaftClientRequest:client-44EF9202E0DA->s0@group-E525AA2370AC, cid=414, seq=null, Watch-ALL(46), null
2024-01-25 07:58:17,785 [s0-client-thread3] DEBUG server.RaftServer$Division (RaftServerImpl.java:submitClientRequestAsync(880)) - s0@group-E525AA2370AC: receive client request(RaftClientRequest:client-44EF9202E0DA->s0@group-E525AA2370AC, cid=413, seq=null, Watch(46), Message:<EMPTY>)
2024-01-25 07:58:17,785 [s0-client-thread3] DEBUG server.RaftServer$Division (LeaderStateImpl.java:addWatchRequest(552)) - s0@group-E525AA2370AC-LeaderStateImpl: addWatchRequest RaftClientRequest:client-44EF9202E0DA->s0@group-E525AA2370AC, cid=413, seq=null, Watch(46), Message:<EMPTY>
2024-01-25 07:58:17,785 [grpc-default-executor-3] DEBUG client.RaftClient (RaftClientImpl.java:get(158)) - client-44EF9202E0DA: get 415 returns []
2024-01-25 07:58:17,786 [ForkJoinPool.commonPool-worker-1] DEBUG impl.UnorderedAsync (UnorderedAsync.java:lambda$sendRequestWithRetry$4(83)) - client-44EF9202E0DA: attempt #1 receive~ RaftClientReply:client-44EF9202E0DA->s0@group-E525AA2370AC, cid=413, SUCCESS, logIndex=52, commits[s0:c52, s1:c47, s2:c19]
2024-01-25 07:58:17,786 [s0-client-thread3] DEBUG server.RaftServer$Division (RaftServerImpl.java:submitClientRequestAsync(880)) - s0@group-E525AA2370AC: receive client request(RaftClientRequest:client-44EF9202E0DA->s0@group-E525AA2370AC, cid=414, seq=null, Watch-ALL(46), Message:<EMPTY>)
2024-01-25 07:58:17,786 [grpc-default-executor-3] DEBUG client.RaftClient (RaftClientImpl.java:newRequest(95)) - attempt #1, newRequest RaftClientRequest:client-44EF9202E0DA->s0@group-E525AA2370AC, cid=415, seq=null, Watch-MAJORITY_COMMITTED(46), null
2024-01-25 07:58:17,786 [s0-client-thread3] DEBUG server.RaftServer$Division (LeaderStateImpl.java:addWatchRequest(552)) - s0@group-E525AA2370AC-LeaderStateImpl: addWatchRequest RaftClientRequest:client-44EF9202E0DA->s0@group-E525AA2370AC, cid=414, seq=null, Watch-ALL(46), Message:<EMPTY>
2024-01-25 07:58:17,786 [grpc-default-executor-3] DEBUG impl.UnorderedAsync (UnorderedAsync.java:sendRequestWithRetry(80)) - client-44EF9202E0DA: attempt #1 send~ RaftClientRequest:client-44EF9202E0DA->s0@group-E525AA2370AC, cid=415, seq=null, Watch-MAJORITY_COMMITTED(46), null
2024-01-25 07:58:17,786 [grpc-default-executor-3] DEBUG client.RaftClient (RaftClientImpl.java:get(158)) - client-44EF9202E0DA: get 416 returns []
2024-01-25 07:58:17,786 [grpc-default-executor-3] DEBUG client.RaftClient (RaftClientImpl.java:newRequest(95)) - attempt #1, newRequest RaftClientRequest:client-44EF9202E0DA->s0@group-E525AA2370AC, cid=416, seq=null, Watch-ALL_COMMITTED(46), null
2024-01-25 07:58:17,786 [s0-client-thread3] DEBUG server.RaftServer$Division (RaftServerImpl.java:submitClientRequestAsync(880)) - s0@group-E525AA2370AC: receive client request(RaftClientRequest:client-44EF9202E0DA->s0@group-E525AA2370AC, cid=415, seq=null, Watch-MAJORITY_COMMITTED(46), Message:<EMPTY>)
2024-01-25 07:58:17,786 [grpc-default-executor-3] DEBUG impl.UnorderedAsync (UnorderedAsync.java:sendRequestWithRetry(80)) - client-44EF9202E0DA: attempt #1 send~ RaftClientRequest:client-44EF9202E0DA->s0@group-E525AA2370AC, cid=416, seq=null, Watch-ALL_COMMITTED(46), null
2024-01-25 07:58:17,786 [s0-client-thread3] DEBUG server.RaftServer$Division (LeaderStateImpl.java:addWatchRequest(552)) - s0@group-E525AA2370AC-LeaderStateImpl: addWatchRequest RaftClientRequest:client-44EF9202E0DA->s0@group-E525AA2370AC, cid=415, seq=null, Watch-MAJORITY_COMMITTED(46), Message:<EMPTY>
2024-01-25 07:58:17,787 [grpc-default-executor-3] DEBUG client.RaftClient (RaftClientImpl.java:add(146)) - client-44EF9202E0DA: add replied callId 340
2024-01-25 07:58:17,787 [ForkJoinPool.commonPool-worker-1] DEBUG impl.UnorderedAsync (UnorderedAsync.java:lambda$sendRequestWithRetry$4(83)) - client-44EF9202E0DA: attempt #1 receive~ RaftClientReply:client-44EF9202E0DA->s0@group-E525AA2370AC, cid=415, SUCCESS, logIndex=47, commits[s0:c52, s1:c47, s2:c19]
2024-01-25 07:58:17,787 [Time-limited test] INFO  grpc.TestWatchRequestWithGrpc (WatchRequestTests.java:checkMajority(275)) - checkMajority 18: receive RaftClientReply:client-44EF9202E0DA->s0@group-E525AA2370AC, cid=339, SUCCESS, logIndex=46, commits[s0:c46, s1:c35, s2:c19]
2024-01-25 07:58:17,787 [grpc-default-executor-3] INFO  grpc.TestWatchRequestWithGrpc (WatchRequestTests.java:lambda$sendRequests$0(113)) - SEND_WATCH: message=m19, logIndex=47
2024-01-25 07:58:17,787 [s0-client-thread3] DEBUG server.RaftServer$Division (RaftServerImpl.java:submitClientRequestAsync(880)) - s0@group-E525AA2370AC: receive client request(RaftClientRequest:client-44EF9202E0DA->s0@group-E525AA2370AC, cid=416, seq=null, Watch-ALL_COMMITTED(46), Message:<EMPTY>)
2024-01-25 07:58:17,787 [grpc-default-executor-3] DEBUG client.RaftClient (RaftClientImpl.java:get(158)) - client-44EF9202E0DA: get 417 returns [340]
2024-01-25 07:58:17,787 [Time-limited test] INFO  grpc.TestWatchRequestWithGrpc (WatchRequestTests.java:get(214)) - majority-Watch(46) returns RaftClientReply:client-44EF9202E0DA->s0@group-E525AA2370AC, cid=413, SUCCESS, logIndex=52, commits[s0:c52, s1:c47, s2:c19]
2024-01-25 07:58:17,787 [grpc-default-executor-3] DEBUG client.RaftClient (RaftClientImpl.java:newRequest(95)) - attempt #1, newRequest RaftClientRequest:client-44EF9202E0DA->s0@group-E525AA2370AC, cid=417, seq=null, Watch(47), null
2024-01-25 07:58:17,787 [s0-client-thread3] DEBUG server.RaftServer$Division (LeaderStateImpl.java:addWatchRequest(552)) - s0@group-E525AA2370AC-LeaderStateImpl: addWatchRequest RaftClientRequest:client-44EF9202E0DA->s0@group-E525AA2370AC, cid=416, seq=null, Watch-ALL_COMMITTED(46), Message:<EMPTY>
2024-01-25 07:58:17,787 [grpc-default-executor-3] DEBUG impl.UnorderedAsync (UnorderedAsync.java:sendRequestWithRetry(80)) - client-44EF9202E0DA: attempt #1 send~ RaftClientRequest:client-44EF9202E0DA->s0@group-E525AA2370AC, cid=417, seq=null, Watch(47), null
2024-01-25 07:58:17,787 [Time-limited test] INFO  grpc.TestWatchRequestWithGrpc (WatchRequestTests.java:get(214)) - majorityCommitted-Watch(46) returns RaftClientReply:client-44EF9202E0DA->s0@group-E525AA2370AC, cid=415, SUCCESS, logIndex=47, commits[s0:c52, s1:c47, s2:c19]
2024-01-25 07:58:17,787 [grpc-default-executor-3] DEBUG client.RaftClient (RaftClientImpl.java:get(158)) - client-44EF9202E0DA: get 418 returns []
2024-01-25 07:58:17,787 [s0-client-thread3] DEBUG server.RaftServer$Division (RaftServerImpl.java:submitClientRequestAsync(880)) - s0@group-E525AA2370AC: receive client request(RaftClientRequest:client-44EF9202E0DA->s0@group-E525AA2370AC, cid=417, seq=null, Watch(47), Message:<EMPTY>)
2024-01-25 07:58:17,787 [Time-limited test] INFO  grpc.TestWatchRequestWithGrpc (WatchRequestTests.java:checkMajority(275)) - checkMajority 19: receive RaftClientReply:client-44EF9202E0DA->s0@group-E525AA2370AC, cid=340, SUCCESS, logIndex=47, commits[s0:c49, s1:c42, s2:c19]
2024-01-25 07:58:17,788 [s0-client-thread3] DEBUG server.RaftServer$Division (LeaderStateImpl.java:addWatchRequest(552)) - s0@group-E525AA2370AC-LeaderStateImpl: addWatchRequest RaftClientRequest:client-44EF9202E0DA->s0@group-E525AA2370AC, cid=417, seq=null, Watch(47), Message:<EMPTY>
2024-01-25 07:58:17,788 [grpc-default-executor-3] DEBUG client.RaftClient (RaftClientImpl.java:newRequest(95)) - attempt #1, newRequest RaftClientRequest:client-44EF9202E0DA->s0@group-E525AA2370AC, cid=418, seq=null, Watch-ALL(47), null
2024-01-25 07:58:17,788 [grpc-default-executor-3] DEBUG impl.UnorderedAsync (UnorderedAsync.java:sendRequestWithRetry(80)) - client-44EF9202E0DA: attempt #1 send~ RaftClientRequest:client-44EF9202E0DA->s0@group-E525AA2370AC, cid=418, seq=null, Watch-ALL(47), null
2024-01-25 07:58:17,788 [ForkJoinPool.commonPool-worker-1] DEBUG impl.UnorderedAsync (UnorderedAsync.java:lambda$sendRequestWithRetry$4(83)) - client-44EF9202E0DA: attempt #1 receive~ RaftClientReply:client-44EF9202E0DA->s0@group-E525AA2370AC, cid=417, SUCCESS, logIndex=52, commits[s0:c52, s1:c47, s2:c19]
2024-01-25 07:58:17,788 [grpc-default-executor-3] DEBUG client.RaftClient (RaftClientImpl.java:get(158)) - client-44EF9202E0DA: get 419 returns []
2024-01-25 07:58:17,788 [s0-client-thread3] DEBUG server.RaftServer$Division (RaftServerImpl.java:submitClientRequestAsync(880)) - s0@group-E525AA2370AC: receive client request(RaftClientRequest:client-44EF9202E0DA->s0@group-E525AA2370AC, cid=418, seq=null, Watch-ALL(47), Message:<EMPTY>)
2024-01-25 07:58:17,788 [s0-client-thread3] DEBUG server.RaftServer$Division (LeaderStateImpl.java:addWatchRequest(552)) - s0@group-E525AA2370AC-LeaderStateImpl: addWatchRequest RaftClientRequest:client-44EF9202E0DA->s0@group-E525AA2370AC, cid=418, seq=null, Watch-ALL(47), Message:<EMPTY>
2024-01-25 07:58:17,788 [grpc-default-executor-3] DEBUG client.RaftClient (RaftClientImpl.java:newRequest(95)) - attempt #1, newRequest RaftClientRequest:client-44EF9202E0DA->s0@group-E525AA2370AC, cid=419, seq=null, Watch-MAJORITY_COMMITTED(47), null
2024-01-25 07:58:17,788 [grpc-default-executor-3] DEBUG impl.UnorderedAsync (UnorderedAsync.java:sendRequestWithRetry(80)) - client-44EF9202E0DA: attempt #1 send~ RaftClientRequest:client-44EF9202E0DA->s0@group-E525AA2370AC, cid=419, seq=null, Watch-MAJORITY_COMMITTED(47), null
2024-01-25 07:58:17,788 [grpc-default-executor-3] DEBUG client.RaftClient (RaftClientImpl.java:get(158)) - client-44EF9202E0DA: get 420 returns []
2024-01-25 07:58:17,789 [grpc-default-executor-3] DEBUG client.RaftClient (RaftClientImpl.java:newRequest(95)) - attempt #1, newRequest RaftClientRequest:client-44EF9202E0DA->s0@group-E525AA2370AC, cid=420, seq=null, Watch-ALL_COMMITTED(47), null
2024-01-25 07:58:17,789 [grpc-default-executor-3] DEBUG impl.UnorderedAsync (UnorderedAsync.java:sendRequestWithRetry(80)) - client-44EF9202E0DA: attempt #1 send~ RaftClientRequest:client-44EF9202E0DA->s0@group-E525AA2370AC, cid=420, seq=null, Watch-ALL_COMMITTED(47), null
2024-01-25 07:58:17,789 [s0-client-thread3] DEBUG server.RaftServer$Division (RaftServerImpl.java:submitClientRequestAsync(880)) - s0@group-E525AA2370AC: receive client request(RaftClientRequest:client-44EF9202E0DA->s0@group-E525AA2370AC, cid=419, seq=null, Watch-MAJORITY_COMMITTED(47), Message:<EMPTY>)
2024-01-25 07:58:17,789 [s0-client-thread3] DEBUG server.RaftServer$Division (LeaderStateImpl.java:addWatchRequest(552)) - s0@group-E525AA2370AC-LeaderStateImpl: addWatchRequest RaftClientRequest:client-44EF9202E0DA->s0@group-E525AA2370AC, cid=419, seq=null, Watch-MAJORITY_COMMITTED(47), Message:<EMPTY>
2024-01-25 07:58:17,789 [Time-limited test] INFO  grpc.TestWatchRequestWithGrpc (WatchRequestTests.java:get(214)) - majority-Watch(47) returns RaftClientReply:client-44EF9202E0DA->s0@group-E525AA2370AC, cid=417, SUCCESS, logIndex=52, commits[s0:c52, s1:c47, s2:c19]
2024-01-25 07:58:17,789 [s0-client-thread3] DEBUG server.RaftServer$Division (RaftServerImpl.java:submitClientRequestAsync(880)) - s0@group-E525AA2370AC: receive client request(RaftClientRequest:client-44EF9202E0DA->s0@group-E525AA2370AC, cid=420, seq=null, Watch-ALL_COMMITTED(47), Message:<EMPTY>)
2024-01-25 07:58:17,789 [s0-client-thread3] DEBUG server.RaftServer$Division (LeaderStateImpl.java:addWatchRequest(552)) - s0@group-E525AA2370AC-LeaderStateImpl: addWatchRequest RaftClientRequest:client-44EF9202E0DA->s0@group-E525AA2370AC, cid=420, seq=null, Watch-ALL_COMMITTED(47), Message:<EMPTY>
2024-01-25 07:58:17,789 [ForkJoinPool.commonPool-worker-1] DEBUG impl.UnorderedAsync (UnorderedAsync.java:lambda$sendRequestWithRetry$4(83)) - client-44EF9202E0DA: attempt #1 receive~ RaftClientReply:client-44EF9202E0DA->s0@group-E525AA2370AC, cid=419, SUCCESS, logIndex=47, commits[s0:c52, s1:c47, s2:c19]
2024-01-25 07:58:17,789 [Time-limited test] INFO  grpc.TestWatchRequestWithGrpc (WatchRequestTests.java:get(214)) - majorityCommitted-Watch(47) returns RaftClientReply:client-44EF9202E0DA->s0@group-E525AA2370AC, cid=419, SUCCESS, logIndex=47, commits[s0:c52, s1:c47, s2:c19]
2024-01-25 07:58:17,789 [Time-limited test] INFO  grpc.TestWatchRequestWithGrpc (WatchRequestTests.java:checkTimeout(533)) - checkTimeout 0: receive RaftClientReply:client-44EF9202E0DA->s0@group-E525AA2370AC, cid=321, SUCCESS, logIndex=20, commits[s0:c20, s1:c19, s2:c19]
2024-01-25 07:58:17,818 [grpc-default-executor-3] DEBUG impl.WatchRequests (WatchRequests.java:updateIndex(150)) - s0@group-E525AA2370AC-WatchRequests: update MAJORITY_COMMITTED index from 47 to 52
2024-01-25 07:58:18,276 [timer1] DEBUG impl.WatchRequests (WatchRequests.java:handleTimeout(131)) - s0@group-E525AA2370AC-WatchRequests: timeout Watch-ALL(38)@45.439s?java.util.concurrent.CompletionException: org.apache.ratis.protocol.exceptions.NotReplicatedException: Request with call Id 398 and log index 38 is not yet replicated to ALL, RaftClientRequest:client-44EF9202E0DA->s0@group-E525AA2370AC, cid=398, seq=null, Watch-ALL(38), Message:<EMPTY>
2024-01-25 07:58:18,276 [timer3] DEBUG impl.WatchRequests (WatchRequests.java:handleTimeout(131)) - s0@group-E525AA2370AC-WatchRequests: timeout Watch-ALL_COMMITTED(37)@45.439s?java.util.concurrent.CompletionException: org.apache.ratis.protocol.exceptions.NotReplicatedException: Request with call Id 396 and log index 37 is not yet replicated to ALL_COMMITTED, RaftClientRequest:client-44EF9202E0DA->s0@group-E525AA2370AC, cid=396, seq=null, Watch-ALL_COMMITTED(37), Message:<EMPTY>
2024-01-25 07:58:18,276 [timer5] DEBUG impl.WatchRequests (WatchRequests.java:handleTimeout(131)) - s0@group-E525AA2370AC-WatchRequests: timeout Watch-ALL_COMMITTED(21)@45.439s?java.util.concurrent.CompletionException: org.apache.ratis.protocol.exceptions.NotReplicatedException: Request with call Id 348 and log index 21 is not yet replicated to ALL_COMMITTED, RaftClientRequest:client-44EF9202E0DA->s0@group-E525AA2370AC, cid=348, seq=null, Watch-ALL_COMMITTED(21), Message:<EMPTY>
2024-01-25 07:58:18,276 [timer3] DEBUG impl.WatchRequests (WatchRequests.java:handleTimeout(131)) - s0@group-E525AA2370AC-WatchRequests: timeout Watch-ALL_COMMITTED(38)@45.439s?java.util.concurrent.CompletionException: org.apache.ratis.protocol.exceptions.NotReplicatedException: Request with call Id 400 and log index 38 is not yet replicated to ALL_COMMITTED, RaftClientRequest:client-44EF9202E0DA->s0@group-E525AA2370AC, cid=400, seq=null, Watch-ALL_COMMITTED(38), Message:<EMPTY>
2024-01-25 07:58:18,276 [null-request--thread1] INFO  server.GrpcClientProtocolService (GrpcClientProtocolService.java:lambda$processClientRequest$0(323)) - Failed RaftClientRequest:client-44EF9202E0DA->s0@group-E525AA2370AC, cid=398, seq=null, Watch-ALL(38), Message:<EMPTY>, reply=RaftClientReply:client-44EF9202E0DA->s0@group-E525AA2370AC, cid=398, FAILED org.apache.ratis.protocol.exceptions.NotReplicatedException: Request with call Id 398 and log index 38 is not yet replicated to ALL, logIndex=38, commits[s0:c52, s1:c52, s2:c19]
2024-01-25 07:58:18,276 [timer6] DEBUG impl.WatchRequests (WatchRequests.java:handleTimeout(131)) - s0@group-E525AA2370AC-WatchRequests: timeout Watch-ALL_COMMITTED(22)@45.439s?java.util.concurrent.CompletionException: org.apache.ratis.protocol.exceptions.NotReplicatedException: Request with call Id 352 and log index 22 is not yet replicated to ALL_COMMITTED, RaftClientRequest:client-44EF9202E0DA->s0@group-E525AA2370AC, cid=352, seq=null, Watch-ALL_COMMITTED(22), Message:<EMPTY>
2024-01-25 07:58:18,276 [timer6] DEBUG impl.WatchRequests (WatchRequests.java:handleTimeout(131)) - s0@group-E525AA2370AC-WatchRequests: timeout Watch-ALL_COMMITTED(25)@45.439s?java.util.concurrent.CompletionException: org.apache.ratis.protocol.exceptions.NotReplicatedException: Request with call Id 360 and log index 25 is not yet replicated to ALL_COMMITTED, RaftClientRequest:client-44EF9202E0DA->s0@group-E525AA2370AC, cid=360, seq=null, Watch-ALL_COMMITTED(25), Message:<EMPTY>
2024-01-25 07:58:18,276 [timer5] DEBUG impl.WatchRequests (WatchRequests.java:handleTimeout(131)) - s0@group-E525AA2370AC-WatchRequests: timeout Watch-ALL_COMMITTED(27)@45.439s?java.util.concurrent.CompletionException: org.apache.ratis.protocol.exceptions.NotReplicatedException: Request with call Id 364 and log index 27 is not yet replicated to ALL_COMMITTED, RaftClientRequest:client-44EF9202E0DA->s0@group-E525AA2370AC, cid=364, seq=null, Watch-ALL_COMMITTED(27), Message:<EMPTY>
2024-01-25 07:58:18,276 [null-request--thread1] INFO  server.GrpcClientProtocolService (GrpcClientProtocolService.java:lambda$processClientRequest$0(323)) - Failed RaftClientRequest:client-44EF9202E0DA->s0@group-E525AA2370AC, cid=348, seq=null, Watch-ALL_COMMITTED(21), Message:<EMPTY>, reply=RaftClientReply:client-44EF9202E0DA->s0@group-E525AA2370AC, cid=348, FAILED org.apache.ratis.protocol.exceptions.NotReplicatedException: Request with call Id 348 and log index 21 is not yet replicated to ALL_COMMITTED, logIndex=21, commits[s0:c52, s1:c52, s2:c19]
2024-01-25 07:58:18,276 [timer1] DEBUG impl.WatchRequests (WatchRequests.java:handleTimeout(131)) - s0@group-E525AA2370AC-WatchRequests: timeout Watch-ALL(41)@45.439s?java.util.concurrent.CompletionException: org.apache.ratis.protocol.exceptions.NotReplicatedException: Request with call Id 402 and log index 41 is not yet replicated to ALL, RaftClientRequest:client-44EF9202E0DA->s0@group-E525AA2370AC, cid=402, seq=null, Watch-ALL(41), Message:<EMPTY>
2024-01-25 07:58:18,276 [timer4] DEBUG impl.WatchRequests (WatchRequests.java:handleTimeout(131)) - s0@group-E525AA2370AC-WatchRequests: timeout Watch-ALL(25)@45.439s?java.util.concurrent.CompletionException: org.apache.ratis.protocol.exceptions.NotReplicatedException: Request with call Id 358 and log index 25 is not yet replicated to ALL, RaftClientRequest:client-44EF9202E0DA->s0@group-E525AA2370AC, cid=358, seq=null, Watch-ALL(25), Message:<EMPTY>
2024-01-25 07:58:18,277 [timer1] DEBUG impl.WatchRequests (WatchRequests.java:handleTimeout(131)) - s0@group-E525AA2370AC-WatchRequests: timeout Watch-ALL(30)@45.439s?java.util.concurrent.CompletionException: org.apache.ratis.protocol.exceptions.NotReplicatedException: Request with call Id 374 and log index 30 is not yet replicated to ALL, RaftClientRequest:client-44EF9202E0DA->s0@group-E525AA2370AC, cid=374, seq=null, Watch-ALL(30), Message:<EMPTY>
2024-01-25 07:58:18,277 [timer7] DEBUG impl.WatchRequests (WatchRequests.java:handleTimeout(131)) - s0@group-E525AA2370AC-WatchRequests: timeout Watch-ALL(20)@45.439s?java.util.concurrent.CompletionException: org.apache.ratis.protocol.exceptions.NotReplicatedException: Request with call Id 342 and log index 20 is not yet replicated to ALL, RaftClientRequest:client-44EF9202E0DA->s0@group-E525AA2370AC, cid=342, seq=null, Watch-ALL(20), Message:<EMPTY>
2024-01-25 07:58:18,277 [timer7] DEBUG impl.WatchRequests (WatchRequests.java:handleTimeout(131)) - s0@group-E525AA2370AC-WatchRequests: timeout Watch-ALL_COMMITTED(20)@45.439s?java.util.concurrent.CompletionException: org.apache.ratis.protocol.exceptions.NotReplicatedException: Request with call Id 344 and log index 20 is not yet replicated to ALL_COMMITTED, RaftClientRequest:client-44EF9202E0DA->s0@group-E525AA2370AC, cid=344, seq=null, Watch-ALL_COMMITTED(20), Message:<EMPTY>
2024-01-25 07:58:18,277 [ForkJoinPool.commonPool-worker-1] DEBUG impl.UnorderedAsync (UnorderedAsync.java:lambda$sendRequestWithRetry$4(83)) - client-44EF9202E0DA: attempt #1 receive~ RaftClientReply:client-44EF9202E0DA->s0@group-E525AA2370AC, cid=398, FAILED org.apache.ratis.protocol.exceptions.NotReplicatedException: Request with call Id 398 and log index 38 is not yet replicated to ALL, logIndex=38, commits[s0:c52, s1:c52, s2:c19]
2024-01-25 07:58:18,277 [timer0] DEBUG impl.WatchRequests (WatchRequests.java:handleTimeout(131)) - s0@group-E525AA2370AC-WatchRequests: timeout Watch-ALL(21)@45.439s?java.util.concurrent.CompletionException: org.apache.ratis.protocol.exceptions.NotReplicatedException: Request with call Id 346 and log index 21 is not yet replicated to ALL, RaftClientRequest:client-44EF9202E0DA->s0@group-E525AA2370AC, cid=346, seq=null, Watch-ALL(21), Message:<EMPTY>
2024-01-25 07:58:18,277 [timer0] DEBUG impl.WatchRequests (WatchRequests.java:handleTimeout(131)) - s0@group-E525AA2370AC-WatchRequests: timeout Watch-ALL_COMMITTED(24)@45.439s?java.util.concurrent.CompletionException: org.apache.ratis.protocol.exceptions.NotReplicatedException: Request with call Id 356 and log index 24 is not yet replicated to ALL_COMMITTED, RaftClientRequest:client-44EF9202E0DA->s0@group-E525AA2370AC, cid=356, seq=null, Watch-ALL_COMMITTED(24), Message:<EMPTY>
2024-01-25 07:58:18,277 [timer0] DEBUG impl.WatchRequests (WatchRequests.java:handleTimeout(131)) - s0@group-E525AA2370AC-WatchRequests: timeout Watch-ALL(42)@45.439s?java.util.concurrent.CompletionException: org.apache.ratis.protocol.exceptions.NotReplicatedException: Request with call Id 406 and log index 42 is not yet replicated to ALL, RaftClientRequest:client-44EF9202E0DA->s0@group-E525AA2370AC, cid=406, seq=null, Watch-ALL(42), Message:<EMPTY>
2024-01-25 07:58:18,277 [null-request--thread1] INFO  server.GrpcClientProtocolService (GrpcClientProtocolService.java:lambda$processClientRequest$0(323)) - Failed RaftClientRequest:client-44EF9202E0DA->s0@group-E525AA2370AC, cid=396, seq=null, Watch-ALL_COMMITTED(37), Message:<EMPTY>, reply=RaftClientReply:client-44EF9202E0DA->s0@group-E525AA2370AC, cid=396, FAILED org.apache.ratis.protocol.exceptions.NotReplicatedException: Request with call Id 396 and log index 37 is not yet replicated to ALL_COMMITTED, logIndex=37, commits[s0:c52, s1:c52, s2:c19]
2024-01-25 07:58:18,276 [timer5] DEBUG impl.WatchRequests (WatchRequests.java:handleTimeout(131)) - s0@group-E525AA2370AC-WatchRequests: timeout Watch-ALL_COMMITTED(29)@45.439s?java.util.concurrent.CompletionException: org.apache.ratis.protocol.exceptions.NotReplicatedException: Request with call Id 372 and log index 29 is not yet replicated to ALL_COMMITTED, RaftClientRequest:client-44EF9202E0DA->s0@group-E525AA2370AC, cid=372, seq=null, Watch-ALL_COMMITTED(29), Message:<EMPTY>
2024-01-25 07:58:18,276 [timer2] DEBUG impl.WatchRequests (WatchRequests.java:handleTimeout(131)) - s0@group-E525AA2370AC-WatchRequests: timeout Watch-ALL(27)@45.439s?java.util.concurrent.CompletionException: org.apache.ratis.protocol.exceptions.NotReplicatedException: Request with call Id 362 and log index 27 is not yet replicated to ALL, RaftClientRequest:client-44EF9202E0DA->s0@group-E525AA2370AC, cid=362, seq=null, Watch-ALL(27), Message:<EMPTY>
2024-01-25 07:58:18,277 [null-request--thread1] INFO  server.GrpcClientProtocolService (GrpcClientProtocolService.java:lambda$processClientRequest$0(323)) - Failed RaftClientRequest:client-44EF9202E0DA->s0@group-E525AA2370AC, cid=358, seq=null, Watch-ALL(25), Message:<EMPTY>, reply=RaftClientReply:client-44EF9202E0DA->s0@group-E525AA2370AC, cid=358, FAILED org.apache.ratis.protocol.exceptions.NotReplicatedException: Request with call Id 358 and log index 25 is not yet replicated to ALL, logIndex=25, commits[s0:c52, s1:c52, s2:c19]
2024-01-25 07:58:18,277 [null-request--thread1] INFO  server.GrpcClientProtocolService (GrpcClientProtocolService.java:lambda$processClientRequest$0(323)) - Failed RaftClientRequest:client-44EF9202E0DA->s0@group-E525AA2370AC, cid=402, seq=null, Watch-ALL(41), Message:<EMPTY>, reply=RaftClientReply:client-44EF9202E0DA->s0@group-E525AA2370AC, cid=402, FAILED org.apache.ratis.protocol.exceptions.NotReplicatedException: Request with call Id 402 and log index 41 is not yet replicated to ALL, logIndex=41, commits[s0:c52, s1:c52, s2:c19]
2024-01-25 07:58:18,277 [timer2] DEBUG impl.WatchRequests (WatchRequests.java:handleTimeout(131)) - s0@group-E525AA2370AC-WatchRequests: timeout Watch-ALL_COMMITTED(28)@45.439s?java.util.concurrent.CompletionException: org.apache.ratis.protocol.exceptions.NotReplicatedException: Request with call Id 368 and log index 28 is not yet replicated to ALL_COMMITTED, RaftClientRequest:client-44EF9202E0DA->s0@group-E525AA2370AC, cid=368, seq=null, Watch-ALL_COMMITTED(28), Message:<EMPTY>
2024-01-25 07:58:18,278 [null-request--thread1] INFO  server.GrpcClientProtocolService (GrpcClientProtocolService.java:lambda$processClientRequest$0(323)) - Failed RaftClientRequest:client-44EF9202E0DA->s0@group-E525AA2370AC, cid=400, seq=null, Watch-ALL_COMMITTED(38), Message:<EMPTY>, reply=RaftClientReply:client-44EF9202E0DA->s0@group-E525AA2370AC, cid=400, FAILED org.apache.ratis.protocol.exceptions.NotReplicatedException: Request with call Id 400 and log index 38 is not yet replicated to ALL_COMMITTED, logIndex=38, commits[s0:c52, s1:c52, s2:c19]
2024-01-25 07:58:18,278 [null-request--thread1] INFO  server.GrpcClientProtocolService (GrpcClientProtocolService.java:lambda$processClientRequest$0(323)) - Failed RaftClientRequest:client-44EF9202E0DA->s0@group-E525AA2370AC, cid=364, seq=null, Watch-ALL_COMMITTED(27), Message:<EMPTY>, reply=RaftClientReply:client-44EF9202E0DA->s0@group-E525AA2370AC, cid=364, FAILED org.apache.ratis.protocol.exceptions.NotReplicatedException: Request with call Id 364 and log index 27 is not yet replicated to ALL_COMMITTED, logIndex=27, commits[s0:c52, s1:c52, s2:c19]
2024-01-25 07:58:18,278 [null-request--thread1] INFO  server.GrpcClientProtocolService (GrpcClientProtocolService.java:lambda$processClientRequest$0(323)) - Failed RaftClientRequest:client-44EF9202E0DA->s0@group-E525AA2370AC, cid=352, seq=null, Watch-ALL_COMMITTED(22), Message:<EMPTY>, reply=RaftClientReply:client-44EF9202E0DA->s0@group-E525AA2370AC, cid=352, FAILED org.apache.ratis.protocol.exceptions.NotReplicatedException: Request with call Id 352 and log index 22 is not yet replicated to ALL_COMMITTED, logIndex=22, commits[s0:c52, s1:c52, s2:c19]
2024-01-25 07:58:18,278 [null-request--thread1] INFO  server.GrpcClientProtocolService (GrpcClientProtocolService.java:lambda$processClientRequest$0(323)) - Failed RaftClientRequest:client-44EF9202E0DA->s0@group-E525AA2370AC, cid=362, seq=null, Watch-ALL(27), Message:<EMPTY>, reply=RaftClientReply:client-44EF9202E0DA->s0@group-E525AA2370AC, cid=362, FAILED org.apache.ratis.protocol.exceptions.NotReplicatedException: Request with call Id 362 and log index 27 is not yet replicated to ALL, logIndex=27, commits[s0:c52, s1:c52, s2:c19]
2024-01-25 07:58:18,278 [null-request--thread1] INFO  server.GrpcClientProtocolService (GrpcClientProtocolService.java:lambda$processClientRequest$0(323)) - Failed RaftClientRequest:client-44EF9202E0DA->s0@group-E525AA2370AC, cid=360, seq=null, Watch-ALL_COMMITTED(25), Message:<EMPTY>, reply=RaftClientReply:client-44EF9202E0DA->s0@group-E525AA2370AC, cid=360, FAILED org.apache.ratis.protocol.exceptions.NotReplicatedException: Request with call Id 360 and log index 25 is not yet replicated to ALL_COMMITTED, logIndex=25, commits[s0:c52, s1:c52, s2:c19]
2024-01-25 07:58:18,278 [null-request--thread1] INFO  server.GrpcClientProtocolService (GrpcClientProtocolService.java:lambda$processClientRequest$0(323)) - Failed RaftClientRequest:client-44EF9202E0DA->s0@group-E525AA2370AC, cid=372, seq=null, Watch-ALL_COMMITTED(29), Message:<EMPTY>, reply=RaftClientReply:client-44EF9202E0DA->s0@group-E525AA2370AC, cid=372, FAILED org.apache.ratis.protocol.exceptions.NotReplicatedException: Request with call Id 372 and log index 29 is not yet replicated to ALL_COMMITTED, logIndex=29, commits[s0:c52, s1:c52, s2:c19]
2024-01-25 07:58:18,278 [null-request--thread1] INFO  server.GrpcClientProtocolService (GrpcClientProtocolService.java:lambda$processClientRequest$0(323)) - Failed RaftClientRequest:client-44EF9202E0DA->s0@group-E525AA2370AC, cid=374, seq=null, Watch-ALL(30), Message:<EMPTY>, reply=RaftClientReply:client-44EF9202E0DA->s0@group-E525AA2370AC, cid=374, FAILED org.apache.ratis.protocol.exceptions.NotReplicatedException: Request with call Id 374 and log index 30 is not yet replicated to ALL, logIndex=30, commits[s0:c52, s1:c52, s2:c19]
2024-01-25 07:58:18,278 [null-request--thread1] INFO  server.GrpcClientProtocolService (GrpcClientProtocolService.java:lambda$processClientRequest$0(323)) - Failed RaftClientRequest:client-44EF9202E0DA->s0@group-E525AA2370AC, cid=370, seq=null, Watch-ALL(29), Message:<EMPTY>, reply=RaftClientReply:client-44EF9202E0DA->s0@group-E525AA2370AC, cid=370, FAILED org.apache.ratis.protocol.exceptions.NotReplicatedException: Request with call Id 370 and log index 29 is not yet replicated to ALL, logIndex=29, commits[s0:c52, s1:c52, s2:c19]
2024-01-25 07:58:18,278 [null-request--thread1] INFO  server.GrpcClientProtocolService (GrpcClientProtocolService.java:lambda$processClientRequest$0(323)) - Failed RaftClientRequest:client-44EF9202E0DA->s0@group-E525AA2370AC, cid=342, seq=null, Watch-ALL(20), Message:<EMPTY>, reply=RaftClientReply:client-44EF9202E0DA->s0@group-E525AA2370AC, cid=342, FAILED org.apache.ratis.protocol.exceptions.NotReplicatedException: Request with call Id 342 and log index 20 is not yet replicated to ALL, logIndex=20, commits[s0:c52, s1:c52, s2:c19]
2024-01-25 07:58:18,279 [null-request--thread1] INFO  server.GrpcClientProtocolService (GrpcClientProtocolService.java:lambda$processClientRequest$0(323)) - Failed RaftClientRequest:client-44EF9202E0DA->s0@group-E525AA2370AC, cid=382, seq=null, Watch-ALL(32), Message:<EMPTY>, reply=RaftClientReply:client-44EF9202E0DA->s0@group-E525AA2370AC, cid=382, FAILED org.apache.ratis.protocol.exceptions.NotReplicatedException: Request with call Id 382 and log index 32 is not yet replicated to ALL, logIndex=32, commits[s0:c52, s1:c52, s2:c19]
2024-01-25 07:58:18,279 [null-request--thread1] INFO  server.GrpcClientProtocolService (GrpcClientProtocolService.java:lambda$processClientRequest$0(323)) - Failed RaftClientRequest:client-44EF9202E0DA->s0@group-E525AA2370AC, cid=344, seq=null, Watch-ALL_COMMITTED(20), Message:<EMPTY>, reply=RaftClientReply:client-44EF9202E0DA->s0@group-E525AA2370AC, cid=344, FAILED org.apache.ratis.protocol.exceptions.NotReplicatedException: Request with call Id 344 and log index 20 is not yet replicated to ALL_COMMITTED, logIndex=20, commits[s0:c52, s1:c52, s2:c19]
2024-01-25 07:58:18,279 [null-request--thread1] INFO  server.GrpcClientProtocolService (GrpcClientProtocolService.java:lambda$processClientRequest$0(323)) - Failed RaftClientRequest:client-44EF9202E0DA->s0@group-E525AA2370AC, cid=350, seq=null, Watch-ALL(22), Message:<EMPTY>, reply=RaftClientReply:client-44EF9202E0DA->s0@group-E525AA2370AC, cid=350, FAILED org.apache.ratis.protocol.exceptions.NotReplicatedException: Request with call Id 350 and log index 22 is not yet replicated to ALL, logIndex=22, commits[s0:c52, s1:c52, s2:c19]
2024-01-25 07:58:18,279 [null-request--thread1] INFO  server.GrpcClientProtocolService (GrpcClientProtocolService.java:lambda$processClientRequest$0(323)) - Failed RaftClientRequest:client-44EF9202E0DA->s0@group-E525AA2370AC, cid=346, seq=null, Watch-ALL(21), Message:<EMPTY>, reply=RaftClientReply:client-44EF9202E0DA->s0@group-E525AA2370AC, cid=346, FAILED org.apache.ratis.protocol.exceptions.NotReplicatedException: Request with call Id 346 and log index 21 is not yet replicated to ALL, logIndex=21, commits[s0:c52, s1:c52, s2:c19]
2024-01-25 07:58:18,279 [null-request--thread1] INFO  server.GrpcClientProtocolService (GrpcClientProtocolService.java:lambda$processClientRequest$0(323)) - Failed RaftClientRequest:client-44EF9202E0DA->s0@group-E525AA2370AC, cid=356, seq=null, Watch-ALL_COMMITTED(24), Message:<EMPTY>, reply=RaftClientReply:client-44EF9202E0DA->s0@group-E525AA2370AC, cid=356, FAILED org.apache.ratis.protocol.exceptions.NotReplicatedException: Request with call Id 356 and log index 24 is not yet replicated to ALL_COMMITTED, logIndex=24, commits[s0:c52, s1:c52, s2:c19]
2024-01-25 07:58:18,279 [null-request--thread1] INFO  server.GrpcClientProtocolService (GrpcClientProtocolService.java:lambda$processClientRequest$0(323)) - Failed RaftClientRequest:client-44EF9202E0DA->s0@group-E525AA2370AC, cid=406, seq=null, Watch-ALL(42), Message:<EMPTY>, reply=RaftClientReply:client-44EF9202E0DA->s0@group-E525AA2370AC, cid=406, FAILED org.apache.ratis.protocol.exceptions.NotReplicatedException: Request with call Id 406 and log index 42 is not yet replicated to ALL, logIndex=42, commits[s0:c52, s1:c52, s2:c19]
2024-01-25 07:58:18,279 [null-request--thread1] INFO  server.GrpcClientProtocolService (GrpcClientProtocolService.java:lambda$processClientRequest$0(323)) - Failed RaftClientRequest:client-44EF9202E0DA->s0@group-E525AA2370AC, cid=376, seq=null, Watch-ALL_COMMITTED(30), Message:<EMPTY>, reply=RaftClientReply:client-44EF9202E0DA->s0@group-E525AA2370AC, cid=376, FAILED org.apache.ratis.protocol.exceptions.NotReplicatedException: Request with call Id 376 and log index 30 is not yet replicated to ALL_COMMITTED, logIndex=30, commits[s0:c52, s1:c52, s2:c19]
2024-01-25 07:58:18,279 [null-request--thread1] INFO  server.GrpcClientProtocolService (GrpcClientProtocolService.java:lambda$processClientRequest$0(323)) - Failed RaftClientRequest:client-44EF9202E0DA->s0@group-E525AA2370AC, cid=368, seq=null, Watch-ALL_COMMITTED(28), Message:<EMPTY>, reply=RaftClientReply:client-44EF9202E0DA->s0@group-E525AA2370AC, cid=368, FAILED org.apache.ratis.protocol.exceptions.NotReplicatedException: Request with call Id 368 and log index 28 is not yet replicated to ALL_COMMITTED, logIndex=28, commits[s0:c52, s1:c52, s2:c19]
2024-01-25 07:58:18,280 [null-request--thread1] INFO  server.GrpcClientProtocolService (GrpcClientProtocolService.java:lambda$processClientRequest$0(323)) - Failed RaftClientRequest:client-44EF9202E0DA->s0@group-E525AA2370AC, cid=378, seq=null, Watch-ALL(31), Message:<EMPTY>, reply=RaftClientReply:client-44EF9202E0DA->s0@group-E525AA2370AC, cid=378, FAILED org.apache.ratis.protocol.exceptions.NotReplicatedException: Request with call Id 378 and log index 31 is not yet replicated to ALL, logIndex=31, commits[s0:c52, s1:c52, s2:c19]
2024-01-25 07:58:18,280 [ForkJoinPool.commonPool-worker-3] DEBUG impl.UnorderedAsync (UnorderedAsync.java:lambda$sendRequestWithRetry$4(83)) - client-44EF9202E0DA: attempt #1 receive~ RaftClientReply:client-44EF9202E0DA->s0@group-E525AA2370AC, cid=396, FAILED org.apache.ratis.protocol.exceptions.NotReplicatedException: Request with call Id 396 and log index 37 is not yet replicated to ALL_COMMITTED, logIndex=37, commits[s0:c52, s1:c52, s2:c19]
2024-01-25 07:58:18,280 [ForkJoinPool.commonPool-worker-3] DEBUG impl.UnorderedAsync (UnorderedAsync.java:lambda$sendRequestWithRetry$4(83)) - client-44EF9202E0DA: attempt #1 receive~ RaftClientReply:client-44EF9202E0DA->s0@group-E525AA2370AC, cid=358, FAILED org.apache.ratis.protocol.exceptions.NotReplicatedException: Request with call Id 358 and log index 25 is not yet replicated to ALL, logIndex=25, commits[s0:c52, s1:c52, s2:c19]
2024-01-25 07:58:18,277 [timer7] DEBUG impl.WatchRequests (WatchRequests.java:handleTimeout(131)) - s0@group-E525AA2370AC-WatchRequests: timeout Watch-ALL(22)@45.439s?java.util.concurrent.CompletionException: org.apache.ratis.protocol.exceptions.NotReplicatedException: Request with call Id 350 and log index 22 is not yet replicated to ALL, RaftClientRequest:client-44EF9202E0DA->s0@group-E525AA2370AC, cid=350, seq=null, Watch-ALL(22), Message:<EMPTY>
2024-01-25 07:58:18,277 [timer1] DEBUG impl.WatchRequests (WatchRequests.java:handleTimeout(131)) - s0@group-E525AA2370AC-WatchRequests: timeout Watch-ALL(32)@45.439s?java.util.concurrent.CompletionException: org.apache.ratis.protocol.exceptions.NotReplicatedException: Request with call Id 382 and log index 32 is not yet replicated to ALL, RaftClientRequest:client-44EF9202E0DA->s0@group-E525AA2370AC, cid=382, seq=null, Watch-ALL(32), Message:<EMPTY>
2024-01-25 07:58:18,277 [timer4] DEBUG impl.WatchRequests (WatchRequests.java:handleTimeout(131)) - s0@group-E525AA2370AC-WatchRequests: timeout Watch-ALL(29)@45.439s?java.util.concurrent.CompletionException: org.apache.ratis.protocol.exceptions.NotReplicatedException: Request with call Id 370 and log index 29 is not yet replicated to ALL, RaftClientRequest:client-44EF9202E0DA->s0@group-E525AA2370AC, cid=370, seq=null, Watch-ALL(29), Message:<EMPTY>
2024-01-25 07:58:18,280 [ForkJoinPool.commonPool-worker-3] DEBUG impl.UnorderedAsync (UnorderedAsync.java:lambda$sendRequestWithRetry$4(83)) - client-44EF9202E0DA: attempt #1 receive~ RaftClientReply:client-44EF9202E0DA->s0@group-E525AA2370AC, cid=402, FAILED org.apache.ratis.protocol.exceptions.NotReplicatedException: Request with call Id 402 and log index 41 is not yet replicated to ALL, logIndex=41, commits[s0:c52, s1:c52, s2:c19]
2024-01-25 07:58:18,280 [timer1] DEBUG impl.WatchRequests (WatchRequests.java:handleTimeout(131)) - s0@group-E525AA2370AC-WatchRequests: timeout Watch-ALL(34)@45.439s?java.util.concurrent.CompletionException: org.apache.ratis.protocol.exceptions.NotReplicatedException: Request with call Id 386 and log index 34 is not yet replicated to ALL, RaftClientRequest:client-44EF9202E0DA->s0@group-E525AA2370AC, cid=386, seq=null, Watch-ALL(34), Message:<EMPTY>
2024-01-25 07:58:18,280 [timer7] DEBUG impl.WatchRequests (WatchRequests.java:handleTimeout(131)) - s0@group-E525AA2370AC-WatchRequests: timeout Watch-ALL(24)@45.439s?java.util.concurrent.CompletionException: org.apache.ratis.protocol.exceptions.NotReplicatedException: Request with call Id 354 and log index 24 is not yet replicated to ALL, RaftClientRequest:client-44EF9202E0DA->s0@group-E525AA2370AC, cid=354, seq=null, Watch-ALL(24), Message:<EMPTY>
2024-01-25 07:58:18,280 [ForkJoinPool.commonPool-worker-3] DEBUG impl.UnorderedAsync (UnorderedAsync.java:lambda$sendRequestWithRetry$4(83)) - client-44EF9202E0DA: attempt #1 receive~ RaftClientReply:client-44EF9202E0DA->s0@group-E525AA2370AC, cid=400, FAILED org.apache.ratis.protocol.exceptions.NotReplicatedException: Request with call Id 400 and log index 38 is not yet replicated to ALL_COMMITTED, logIndex=38, commits[s0:c52, s1:c52, s2:c19]
2024-01-25 07:58:18,280 [timer7] DEBUG impl.WatchRequests (WatchRequests.java:handleTimeout(131)) - s0@group-E525AA2370AC-WatchRequests: timeout Watch-ALL(28)@45.439s?java.util.concurrent.CompletionException: org.apache.ratis.protocol.exceptions.NotReplicatedException: Request with call Id 366 and log index 28 is not yet replicated to ALL, RaftClientRequest:client-44EF9202E0DA->s0@group-E525AA2370AC, cid=366, seq=null, Watch-ALL(28), Message:<EMPTY>
2024-01-25 07:58:18,280 [timer7] DEBUG impl.WatchRequests (WatchRequests.java:handleTimeout(131)) - s0@group-E525AA2370AC-WatchRequests: timeout Watch-ALL(35)@45.439s?java.util.concurrent.CompletionException: org.apache.ratis.protocol.exceptions.NotReplicatedException: Request with call Id 390 and log index 35 is not yet replicated to ALL, RaftClientRequest:client-44EF9202E0DA->s0@group-E525AA2370AC, cid=390, seq=null, Watch-ALL(35), Message:<EMPTY>
2024-01-25 07:58:18,280 [timer7] DEBUG impl.WatchRequests (WatchRequests.java:handleTimeout(131)) - s0@group-E525AA2370AC-WatchRequests: timeout Watch-ALL(37)@45.439s?java.util.concurrent.CompletionException: org.apache.ratis.protocol.exceptions.NotReplicatedException: Request with call Id 394 and log index 37 is not yet replicated to ALL, RaftClientRequest:client-44EF9202E0DA->s0@group-E525AA2370AC, cid=394, seq=null, Watch-ALL(37), Message:<EMPTY>
2024-01-25 07:58:18,279 [ForkJoinPool.commonPool-worker-1] DEBUG impl.UnorderedAsync (UnorderedAsync.java:lambda$sendRequestWithRetry$4(83)) - client-44EF9202E0DA: attempt #1 receive~ RaftClientReply:client-44EF9202E0DA->s0@group-E525AA2370AC, cid=348, FAILED org.apache.ratis.protocol.exceptions.NotReplicatedException: Request with call Id 348 and log index 21 is not yet replicated to ALL_COMMITTED, logIndex=21, commits[s0:c52, s1:c52, s2:c19]
2024-01-25 07:58:18,278 [timer2] DEBUG impl.WatchRequests (WatchRequests.java:handleTimeout(131)) - s0@group-E525AA2370AC-WatchRequests: timeout Watch-ALL(31)@45.439s?java.util.concurrent.CompletionException: org.apache.ratis.protocol.exceptions.NotReplicatedException: Request with call Id 378 and log index 31 is not yet replicated to ALL, RaftClientRequest:client-44EF9202E0DA->s0@group-E525AA2370AC, cid=378, seq=null, Watch-ALL(31), Message:<EMPTY>
2024-01-25 07:58:18,277 [timer5] DEBUG impl.WatchRequests (WatchRequests.java:handleTimeout(131)) - s0@group-E525AA2370AC-WatchRequests: timeout Watch-ALL_COMMITTED(30)@45.439s?java.util.concurrent.CompletionException: org.apache.ratis.protocol.exceptions.NotReplicatedException: Request with call Id 376 and log index 30 is not yet replicated to ALL_COMMITTED, RaftClientRequest:client-44EF9202E0DA->s0@group-E525AA2370AC, cid=376, seq=null, Watch-ALL_COMMITTED(30), Message:<EMPTY>
2024-01-25 07:58:18,280 [null-request--thread1] INFO  server.GrpcClientProtocolService (GrpcClientProtocolService.java:lambda$processClientRequest$0(323)) - Failed RaftClientRequest:client-44EF9202E0DA->s0@group-E525AA2370AC, cid=354, seq=null, Watch-ALL(24), Message:<EMPTY>, reply=RaftClientReply:client-44EF9202E0DA->s0@group-E525AA2370AC, cid=354, FAILED org.apache.ratis.protocol.exceptions.NotReplicatedException: Request with call Id 354 and log index 24 is not yet replicated to ALL, logIndex=24, commits[s0:c52, s1:c52, s2:c19]
2024-01-25 07:58:18,281 [timer5] DEBUG impl.WatchRequests (WatchRequests.java:handleTimeout(131)) - s0@group-E525AA2370AC-WatchRequests: timeout Watch-ALL_COMMITTED(31)@45.439s?java.util.concurrent.CompletionException: org.apache.ratis.protocol.exceptions.NotReplicatedException: Request with call Id 380 and log index 31 is not yet replicated to ALL_COMMITTED, RaftClientRequest:client-44EF9202E0DA->s0@group-E525AA2370AC, cid=380, seq=null, Watch-ALL_COMMITTED(31), Message:<EMPTY>
2024-01-25 07:58:18,280 [timer4] DEBUG impl.WatchRequests (WatchRequests.java:handleTimeout(131)) - s0@group-E525AA2370AC-WatchRequests: timeout Watch-ALL_COMMITTED(34)@45.439s?java.util.concurrent.CompletionException: org.apache.ratis.protocol.exceptions.NotReplicatedException: Request with call Id 388 and log index 34 is not yet replicated to ALL_COMMITTED, RaftClientRequest:client-44EF9202E0DA->s0@group-E525AA2370AC, cid=388, seq=null, Watch-ALL_COMMITTED(34), Message:<EMPTY>
2024-01-25 07:58:18,281 [timer5] DEBUG impl.WatchRequests (WatchRequests.java:handleTimeout(131)) - s0@group-E525AA2370AC-WatchRequests: timeout Watch-ALL_COMMITTED(32)@45.439s?java.util.concurrent.CompletionException: org.apache.ratis.protocol.exceptions.NotReplicatedException: Request with call Id 384 and log index 32 is not yet replicated to ALL_COMMITTED, RaftClientRequest:client-44EF9202E0DA->s0@group-E525AA2370AC, cid=384, seq=null, Watch-ALL_COMMITTED(32), Message:<EMPTY>
2024-01-25 07:58:18,281 [timer4] DEBUG impl.WatchRequests (WatchRequests.java:handleTimeout(131)) - s0@group-E525AA2370AC-WatchRequests: timeout Watch-ALL_COMMITTED(41)@45.439s?java.util.concurrent.CompletionException: org.apache.ratis.protocol.exceptions.NotReplicatedException: Request with call Id 404 and log index 41 is not yet replicated to ALL_COMMITTED, RaftClientRequest:client-44EF9202E0DA->s0@group-E525AA2370AC, cid=404, seq=null, Watch-ALL_COMMITTED(41), Message:<EMPTY>
2024-01-25 07:58:18,281 [timer2] DEBUG impl.WatchRequests (WatchRequests.java:handleTimeout(131)) - s0@group-E525AA2370AC-WatchRequests: timeout Watch-ALL_COMMITTED(35)@45.439s?java.util.concurrent.CompletionException: org.apache.ratis.protocol.exceptions.NotReplicatedException: Request with call Id 392 and log index 35 is not yet replicated to ALL_COMMITTED, RaftClientRequest:client-44EF9202E0DA->s0@group-E525AA2370AC, cid=392, seq=null, Watch-ALL_COMMITTED(35), Message:<EMPTY>
2024-01-25 07:58:18,281 [ForkJoinPool.commonPool-worker-1] DEBUG impl.UnorderedAsync (UnorderedAsync.java:lambda$sendRequestWithRetry$4(83)) - client-44EF9202E0DA: attempt #1 receive~ RaftClientReply:client-44EF9202E0DA->s0@group-E525AA2370AC, cid=364, FAILED org.apache.ratis.protocol.exceptions.NotReplicatedException: Request with call Id 364 and log index 27 is not yet replicated to ALL_COMMITTED, logIndex=27, commits[s0:c52, s1:c52, s2:c19]
2024-01-25 07:58:18,281 [ForkJoinPool.commonPool-worker-3] DEBUG impl.UnorderedAsync (UnorderedAsync.java:lambda$sendRequestWithRetry$4(83)) - client-44EF9202E0DA: attempt #1 receive~ RaftClientReply:client-44EF9202E0DA->s0@group-E525AA2370AC, cid=352, FAILED org.apache.ratis.protocol.exceptions.NotReplicatedException: Request with call Id 352 and log index 22 is not yet replicated to ALL_COMMITTED, logIndex=22, commits[s0:c52, s1:c52, s2:c19]
2024-01-25 07:58:18,281 [null-request--thread1] INFO  server.GrpcClientProtocolService (GrpcClientProtocolService.java:lambda$processClientRequest$0(323)) - Failed RaftClientRequest:client-44EF9202E0DA->s0@group-E525AA2370AC, cid=386, seq=null, Watch-ALL(34), Message:<EMPTY>, reply=RaftClientReply:client-44EF9202E0DA->s0@group-E525AA2370AC, cid=386, FAILED org.apache.ratis.protocol.exceptions.NotReplicatedException: Request with call Id 386 and log index 34 is not yet replicated to ALL, logIndex=34, commits[s0:c52, s1:c52, s2:c19]
2024-01-25 07:58:18,281 [ForkJoinPool.commonPool-worker-3] DEBUG impl.UnorderedAsync (UnorderedAsync.java:lambda$sendRequestWithRetry$4(83)) - client-44EF9202E0DA: attempt #1 receive~ RaftClientReply:client-44EF9202E0DA->s0@group-E525AA2370AC, cid=362, FAILED org.apache.ratis.protocol.exceptions.NotReplicatedException: Request with call Id 362 and log index 27 is not yet replicated to ALL, logIndex=27, commits[s0:c52, s1:c52, s2:c19]
2024-01-25 07:58:18,281 [null-request--thread1] INFO  server.GrpcClientProtocolService (GrpcClientProtocolService.java:lambda$processClientRequest$0(323)) - Failed RaftClientRequest:client-44EF9202E0DA->s0@group-E525AA2370AC, cid=388, seq=null, Watch-ALL_COMMITTED(34), Message:<EMPTY>, reply=RaftClientReply:client-44EF9202E0DA->s0@group-E525AA2370AC, cid=388, FAILED org.apache.ratis.protocol.exceptions.NotReplicatedException: Request with call Id 388 and log index 34 is not yet replicated to ALL_COMMITTED, logIndex=34, commits[s0:c52, s1:c52, s2:c19]
2024-01-25 07:58:18,281 [ForkJoinPool.commonPool-worker-3] DEBUG impl.UnorderedAsync (UnorderedAsync.java:lambda$sendRequestWithRetry$4(83)) - client-44EF9202E0DA: attempt #1 receive~ RaftClientReply:client-44EF9202E0DA->s0@group-E525AA2370AC, cid=360, FAILED org.apache.ratis.protocol.exceptions.NotReplicatedException: Request with call Id 360 and log index 25 is not yet replicated to ALL_COMMITTED, logIndex=25, commits[s0:c52, s1:c52, s2:c19]
2024-01-25 07:58:18,281 [null-request--thread1] INFO  server.GrpcClientProtocolService (GrpcClientProtocolService.java:lambda$processClientRequest$0(323)) - Failed RaftClientRequest:client-44EF9202E0DA->s0@group-E525AA2370AC, cid=366, seq=null, Watch-ALL(28), Message:<EMPTY>, reply=RaftClientReply:client-44EF9202E0DA->s0@group-E525AA2370AC, cid=366, FAILED org.apache.ratis.protocol.exceptions.NotReplicatedException: Request with call Id 366 and log index 28 is not yet replicated to ALL, logIndex=28, commits[s0:c52, s1:c52, s2:c19]
2024-01-25 07:58:18,281 [null-request--thread1] INFO  server.GrpcClientProtocolService (GrpcClientProtocolService.java:lambda$processClientRequest$0(323)) - Failed RaftClientRequest:client-44EF9202E0DA->s0@group-E525AA2370AC, cid=390, seq=null, Watch-ALL(35), Message:<EMPTY>, reply=RaftClientReply:client-44EF9202E0DA->s0@group-E525AA2370AC, cid=390, FAILED org.apache.ratis.protocol.exceptions.NotReplicatedException: Request with call Id 390 and log index 35 is not yet replicated to ALL, logIndex=35, commits[s0:c52, s1:c52, s2:c19]
2024-01-25 07:58:18,282 [ForkJoinPool.commonPool-worker-3] DEBUG impl.UnorderedAsync (UnorderedAsync.java:lambda$sendRequestWithRetry$4(83)) - client-44EF9202E0DA: attempt #1 receive~ RaftClientReply:client-44EF9202E0DA->s0@group-E525AA2370AC, cid=372, FAILED org.apache.ratis.protocol.exceptions.NotReplicatedException: Request with call Id 372 and log index 29 is not yet replicated to ALL_COMMITTED, logIndex=29, commits[s0:c52, s1:c52, s2:c19]
2024-01-25 07:58:18,282 [null-request--thread1] INFO  server.GrpcClientProtocolService (GrpcClientProtocolService.java:lambda$processClientRequest$0(323)) - Failed RaftClientRequest:client-44EF9202E0DA->s0@group-E525AA2370AC, cid=394, seq=null, Watch-ALL(37), Message:<EMPTY>, reply=RaftClientReply:client-44EF9202E0DA->s0@group-E525AA2370AC, cid=394, FAILED org.apache.ratis.protocol.exceptions.NotReplicatedException: Request with call Id 394 and log index 37 is not yet replicated to ALL, logIndex=37, commits[s0:c52, s1:c52, s2:c19]
2024-01-25 07:58:18,282 [null-request--thread1] INFO  server.GrpcClientProtocolService (GrpcClientProtocolService.java:lambda$processClientRequest$0(323)) - Failed RaftClientRequest:client-44EF9202E0DA->s0@group-E525AA2370AC, cid=392, seq=null, Watch-ALL_COMMITTED(35), Message:<EMPTY>, reply=RaftClientReply:client-44EF9202E0DA->s0@group-E525AA2370AC, cid=392, FAILED org.apache.ratis.protocol.exceptions.NotReplicatedException: Request with call Id 392 and log index 35 is not yet replicated to ALL_COMMITTED, logIndex=35, commits[s0:c52, s1:c52, s2:c19]
2024-01-25 07:58:18,282 [ForkJoinPool.commonPool-worker-3] DEBUG impl.UnorderedAsync (UnorderedAsync.java:lambda$sendRequestWithRetry$4(83)) - client-44EF9202E0DA: attempt #1 receive~ RaftClientReply:client-44EF9202E0DA->s0@group-E525AA2370AC, cid=374, FAILED org.apache.ratis.protocol.exceptions.NotReplicatedException: Request with call Id 374 and log index 30 is not yet replicated to ALL, logIndex=30, commits[s0:c52, s1:c52, s2:c19]
2024-01-25 07:58:18,282 [null-request--thread1] INFO  server.GrpcClientProtocolService (GrpcClientProtocolService.java:lambda$processClientRequest$0(323)) - Failed RaftClientRequest:client-44EF9202E0DA->s0@group-E525AA2370AC, cid=380, seq=null, Watch-ALL_COMMITTED(31), Message:<EMPTY>, reply=RaftClientReply:client-44EF9202E0DA->s0@group-E525AA2370AC, cid=380, FAILED org.apache.ratis.protocol.exceptions.NotReplicatedException: Request with call Id 380 and log index 31 is not yet replicated to ALL_COMMITTED, logIndex=31, commits[s0:c52, s1:c52, s2:c19]
2024-01-25 07:58:18,282 [null-request--thread1] INFO  server.GrpcClientProtocolService (GrpcClientProtocolService.java:lambda$processClientRequest$0(323)) - Failed RaftClientRequest:client-44EF9202E0DA->s0@group-E525AA2370AC, cid=384, seq=null, Watch-ALL_COMMITTED(32), Message:<EMPTY>, reply=RaftClientReply:client-44EF9202E0DA->s0@group-E525AA2370AC, cid=384, FAILED org.apache.ratis.protocol.exceptions.NotReplicatedException: Request with call Id 384 and log index 32 is not yet replicated to ALL_COMMITTED, logIndex=32, commits[s0:c52, s1:c52, s2:c19]
2024-01-25 07:58:18,282 [ForkJoinPool.commonPool-worker-3] DEBUG impl.UnorderedAsync (UnorderedAsync.java:lambda$sendRequestWithRetry$4(83)) - client-44EF9202E0DA: attempt #1 receive~ RaftClientReply:client-44EF9202E0DA->s0@group-E525AA2370AC, cid=370, FAILED org.apache.ratis.protocol.exceptions.NotReplicatedException: Request with call Id 370 and log index 29 is not yet replicated to ALL, logIndex=29, commits[s0:c52, s1:c52, s2:c19]
2024-01-25 07:58:18,282 [null-request--thread1] INFO  server.GrpcClientProtocolService (GrpcClientProtocolService.java:lambda$processClientRequest$0(323)) - Failed RaftClientRequest:client-44EF9202E0DA->s0@group-E525AA2370AC, cid=404, seq=null, Watch-ALL_COMMITTED(41), Message:<EMPTY>, reply=RaftClientReply:client-44EF9202E0DA->s0@group-E525AA2370AC, cid=404, FAILED org.apache.ratis.protocol.exceptions.NotReplicatedException: Request with call Id 404 and log index 41 is not yet replicated to ALL_COMMITTED, logIndex=41, commits[s0:c52, s1:c52, s2:c19]
2024-01-25 07:58:18,282 [ForkJoinPool.commonPool-worker-3] DEBUG impl.UnorderedAsync (UnorderedAsync.java:lambda$sendRequestWithRetry$4(83)) - client-44EF9202E0DA: attempt #1 receive~ RaftClientReply:client-44EF9202E0DA->s0@group-E525AA2370AC, cid=342, FAILED org.apache.ratis.protocol.exceptions.NotReplicatedException: Request with call Id 342 and log index 20 is not yet replicated to ALL, logIndex=20, commits[s0:c52, s1:c52, s2:c19]
2024-01-25 07:58:18,282 [Time-limited test] ERROR grpc.TestWatchRequestWithGrpc (WatchRequestTests.java:get(211)) - Failed to get all(20)
2024-01-25 07:58:18,282 [ForkJoinPool.commonPool-worker-3] DEBUG impl.UnorderedAsync (UnorderedAsync.java:lambda$sendRequestWithRetry$4(83)) - client-44EF9202E0DA: attempt #1 receive~ RaftClientReply:client-44EF9202E0DA->s0@group-E525AA2370AC, cid=382, FAILED org.apache.ratis.protocol.exceptions.NotReplicatedException: Request with call Id 382 and log index 32 is not yet replicated to ALL, logIndex=32, commits[s0:c52, s1:c52, s2:c19]
2024-01-25 07:58:18,283 [ForkJoinPool.commonPool-worker-3] DEBUG impl.UnorderedAsync (UnorderedAsync.java:lambda$sendRequestWithRetry$4(83)) - client-44EF9202E0DA: attempt #1 receive~ RaftClientReply:client-44EF9202E0DA->s0@group-E525AA2370AC, cid=344, FAILED org.apache.ratis.protocol.exceptions.NotReplicatedException: Request with call Id 344 and log index 20 is not yet replicated to ALL_COMMITTED, logIndex=20, commits[s0:c52, s1:c52, s2:c19]
2024-01-25 07:58:18,283 [ForkJoinPool.commonPool-worker-1] DEBUG impl.UnorderedAsync (UnorderedAsync.java:lambda$sendRequestWithRetry$4(83)) - client-44EF9202E0DA: attempt #1 receive~ RaftClientReply:client-44EF9202E0DA->s0@group-E525AA2370AC, cid=350, FAILED org.apache.ratis.protocol.exceptions.NotReplicatedException: Request with call Id 350 and log index 22 is not yet replicated to ALL, logIndex=22, commits[s0:c52, s1:c52, s2:c19]
2024-01-25 07:58:18,283 [Time-limited test] ERROR grpc.TestWatchRequestWithGrpc (WatchRequestTests.java:get(211)) - Failed to get allCommitted(20)
2024-01-25 07:58:18,283 [Time-limited test] INFO  grpc.TestWatchRequestWithGrpc (WatchRequestTests.java:checkTimeout(533)) - checkTimeout 1: receive RaftClientReply:client-44EF9202E0DA->s0@group-E525AA2370AC, cid=322, SUCCESS, logIndex=21, commits[s0:c21, s1:c19, s2:c19]
2024-01-25 07:58:18,283 [ForkJoinPool.commonPool-worker-1] DEBUG impl.UnorderedAsync (UnorderedAsync.java:lambda$sendRequestWithRetry$4(83)) - client-44EF9202E0DA: attempt #1 receive~ RaftClientReply:client-44EF9202E0DA->s0@group-E525AA2370AC, cid=346, FAILED org.apache.ratis.protocol.exceptions.NotReplicatedException: Request with call Id 346 and log index 21 is not yet replicated to ALL, logIndex=21, commits[s0:c52, s1:c52, s2:c19]
2024-01-25 07:58:18,283 [Time-limited test] ERROR grpc.TestWatchRequestWithGrpc (WatchRequestTests.java:get(211)) - Failed to get all(21)
2024-01-25 07:58:18,283 [Time-limited test] ERROR grpc.TestWatchRequestWithGrpc (WatchRequestTests.java:get(211)) - Failed to get allCommitted(21)
2024-01-25 07:58:18,283 [Time-limited test] INFO  grpc.TestWatchRequestWithGrpc (WatchRequestTests.java:checkTimeout(533)) - checkTimeout 2: receive RaftClientReply:client-44EF9202E0DA->s0@group-E525AA2370AC, cid=323, SUCCESS, logIndex=22, commits[s0:c25, s1:c21, s2:c19]
2024-01-25 07:58:18,283 [Time-limited test] ERROR grpc.TestWatchRequestWithGrpc (WatchRequestTests.java:get(211)) - Failed to get all(22)
2024-01-25 07:58:18,283 [Time-limited test] ERROR grpc.TestWatchRequestWithGrpc (WatchRequestTests.java:get(211)) - Failed to get allCommitted(22)
2024-01-25 07:58:18,283 [Time-limited test] INFO  grpc.TestWatchRequestWithGrpc (WatchRequestTests.java:checkTimeout(533)) - checkTimeout 3: receive RaftClientReply:client-44EF9202E0DA->s0@group-E525AA2370AC, cid=324, SUCCESS, logIndex=24, commits[s0:c25, s1:c21, s2:c19]
2024-01-25 07:58:18,284 [ForkJoinPool.commonPool-worker-1] DEBUG impl.UnorderedAsync (UnorderedAsync.java:lambda$sendRequestWithRetry$4(83)) - client-44EF9202E0DA: attempt #1 receive~ RaftClientReply:client-44EF9202E0DA->s0@group-E525AA2370AC, cid=356, FAILED org.apache.ratis.protocol.exceptions.NotReplicatedException: Request with call Id 356 and log index 24 is not yet replicated to ALL_COMMITTED, logIndex=24, commits[s0:c52, s1:c52, s2:c19]
2024-01-25 07:58:18,284 [ForkJoinPool.commonPool-worker-1] DEBUG impl.UnorderedAsync (UnorderedAsync.java:lambda$sendRequestWithRetry$4(83)) - client-44EF9202E0DA: attempt #1 receive~ RaftClientReply:client-44EF9202E0DA->s0@group-E525AA2370AC, cid=406, FAILED org.apache.ratis.protocol.exceptions.NotReplicatedException: Request with call Id 406 and log index 42 is not yet replicated to ALL, logIndex=42, commits[s0:c52, s1:c52, s2:c19]
2024-01-25 07:58:18,284 [ForkJoinPool.commonPool-worker-1] DEBUG impl.UnorderedAsync (UnorderedAsync.java:lambda$sendRequestWithRetry$4(83)) - client-44EF9202E0DA: attempt #1 receive~ RaftClientReply:client-44EF9202E0DA->s0@group-E525AA2370AC, cid=376, FAILED org.apache.ratis.protocol.exceptions.NotReplicatedException: Request with call Id 376 and log index 30 is not yet replicated to ALL_COMMITTED, logIndex=30, commits[s0:c52, s1:c52, s2:c19]
2024-01-25 07:58:18,284 [ForkJoinPool.commonPool-worker-1] DEBUG impl.UnorderedAsync (UnorderedAsync.java:lambda$sendRequestWithRetry$4(83)) - client-44EF9202E0DA: attempt #1 receive~ RaftClientReply:client-44EF9202E0DA->s0@group-E525AA2370AC, cid=368, FAILED org.apache.ratis.protocol.exceptions.NotReplicatedException: Request with call Id 368 and log index 28 is not yet replicated to ALL_COMMITTED, logIndex=28, commits[s0:c52, s1:c52, s2:c19]
2024-01-25 07:58:18,284 [ForkJoinPool.commonPool-worker-1] DEBUG impl.UnorderedAsync (UnorderedAsync.java:lambda$sendRequestWithRetry$4(83)) - client-44EF9202E0DA: attempt #1 receive~ RaftClientReply:client-44EF9202E0DA->s0@group-E525AA2370AC, cid=378, FAILED org.apache.ratis.protocol.exceptions.NotReplicatedException: Request with call Id 378 and log index 31 is not yet replicated to ALL, logIndex=31, commits[s0:c52, s1:c52, s2:c19]
2024-01-25 07:58:18,284 [ForkJoinPool.commonPool-worker-1] DEBUG impl.UnorderedAsync (UnorderedAsync.java:lambda$sendRequestWithRetry$4(83)) - client-44EF9202E0DA: attempt #1 receive~ RaftClientReply:client-44EF9202E0DA->s0@group-E525AA2370AC, cid=354, FAILED org.apache.ratis.protocol.exceptions.NotReplicatedException: Request with call Id 354 and log index 24 is not yet replicated to ALL, logIndex=24, commits[s0:c52, s1:c52, s2:c19]
2024-01-25 07:58:18,284 [ForkJoinPool.commonPool-worker-1] DEBUG impl.UnorderedAsync (UnorderedAsync.java:lambda$sendRequestWithRetry$4(83)) - client-44EF9202E0DA: attempt #1 receive~ RaftClientReply:client-44EF9202E0DA->s0@group-E525AA2370AC, cid=386, FAILED org.apache.ratis.protocol.exceptions.NotReplicatedException: Request with call Id 386 and log index 34 is not yet replicated to ALL, logIndex=34, commits[s0:c52, s1:c52, s2:c19]
2024-01-25 07:58:18,284 [Time-limited test] ERROR grpc.TestWatchRequestWithGrpc (WatchRequestTests.java:get(211)) - Failed to get all(24)
2024-01-25 07:58:18,284 [Time-limited test] ERROR grpc.TestWatchRequestWithGrpc (WatchRequestTests.java:get(211)) - Failed to get allCommitted(24)
2024-01-25 07:58:18,284 [Time-limited test] INFO  grpc.TestWatchRequestWithGrpc (WatchRequestTests.java:checkTimeout(533)) - checkTimeout 4: receive RaftClientReply:client-44EF9202E0DA->s0@group-E525AA2370AC, cid=325, SUCCESS, logIndex=25, commits[s0:c25, s1:c21, s2:c19]
2024-01-25 07:58:18,284 [Time-limited test] ERROR grpc.TestWatchRequestWithGrpc (WatchRequestTests.java:get(211)) - Failed to get all(25)
2024-01-25 07:58:18,284 [Time-limited test] ERROR grpc.TestWatchRequestWithGrpc (WatchRequestTests.java:get(211)) - Failed to get allCommitted(25)
2024-01-25 07:58:18,285 [Time-limited test] INFO  grpc.TestWatchRequestWithGrpc (WatchRequestTests.java:checkTimeout(533)) - checkTimeout 5: receive RaftClientReply:client-44EF9202E0DA->s0@group-E525AA2370AC, cid=326, SUCCESS, logIndex=27, commits[s0:c27, s1:c21, s2:c19]
2024-01-25 07:58:18,285 [Time-limited test] ERROR grpc.TestWatchRequestWithGrpc (WatchRequestTests.java:get(211)) - Failed to get all(27)
2024-01-25 07:58:18,285 [Time-limited test] ERROR grpc.TestWatchRequestWithGrpc (WatchRequestTests.java:get(211)) - Failed to get allCommitted(27)
2024-01-25 07:58:18,285 [Time-limited test] INFO  grpc.TestWatchRequestWithGrpc (WatchRequestTests.java:checkTimeout(533)) - checkTimeout 6: receive RaftClientReply:client-44EF9202E0DA->s0@group-E525AA2370AC, cid=327, SUCCESS, logIndex=28, commits[s0:c30, s1:c21, s2:c19]
2024-01-25 07:58:18,285 [ForkJoinPool.commonPool-worker-3] DEBUG impl.UnorderedAsync (UnorderedAsync.java:lambda$sendRequestWithRetry$4(83)) - client-44EF9202E0DA: attempt #1 receive~ RaftClientReply:client-44EF9202E0DA->s0@group-E525AA2370AC, cid=388, FAILED org.apache.ratis.protocol.exceptions.NotReplicatedException: Request with call Id 388 and log index 34 is not yet replicated to ALL_COMMITTED, logIndex=34, commits[s0:c52, s1:c52, s2:c19]
2024-01-25 07:58:18,285 [ForkJoinPool.commonPool-worker-1] DEBUG impl.UnorderedAsync (UnorderedAsync.java:lambda$sendRequestWithRetry$4(83)) - client-44EF9202E0DA: attempt #1 receive~ RaftClientReply:client-44EF9202E0DA->s0@group-E525AA2370AC, cid=366, FAILED org.apache.ratis.protocol.exceptions.NotReplicatedException: Request with call Id 366 and log index 28 is not yet replicated to ALL, logIndex=28, commits[s0:c52, s1:c52, s2:c19]
2024-01-25 07:58:18,285 [Time-limited test] ERROR grpc.TestWatchRequestWithGrpc (WatchRequestTests.java:get(211)) - Failed to get all(28)
2024-01-25 07:58:18,285 [ForkJoinPool.commonPool-worker-1] DEBUG impl.UnorderedAsync (UnorderedAsync.java:lambda$sendRequestWithRetry$4(83)) - client-44EF9202E0DA: attempt #1 receive~ RaftClientReply:client-44EF9202E0DA->s0@group-E525AA2370AC, cid=390, FAILED org.apache.ratis.protocol.exceptions.NotReplicatedException: Request with call Id 390 and log index 35 is not yet replicated to ALL, logIndex=35, commits[s0:c52, s1:c52, s2:c19]
2024-01-25 07:58:18,285 [Time-limited test] ERROR grpc.TestWatchRequestWithGrpc (WatchRequestTests.java:get(211)) - Failed to get allCommitted(28)
2024-01-25 07:58:18,285 [Time-limited test] INFO  grpc.TestWatchRequestWithGrpc (WatchRequestTests.java:checkTimeout(533)) - checkTimeout 7: receive RaftClientReply:client-44EF9202E0DA->s0@group-E525AA2370AC, cid=328, SUCCESS, logIndex=29, commits[s0:c30, s1:c21, s2:c19]
2024-01-25 07:58:18,285 [ForkJoinPool.commonPool-worker-1] DEBUG impl.UnorderedAsync (UnorderedAsync.java:lambda$sendRequestWithRetry$4(83)) - client-44EF9202E0DA: attempt #1 receive~ RaftClientReply:client-44EF9202E0DA->s0@group-E525AA2370AC, cid=394, FAILED org.apache.ratis.protocol.exceptions.NotReplicatedException: Request with call Id 394 and log index 37 is not yet replicated to ALL, logIndex=37, commits[s0:c52, s1:c52, s2:c19]
2024-01-25 07:58:18,285 [ForkJoinPool.commonPool-worker-3] DEBUG impl.UnorderedAsync (UnorderedAsync.java:lambda$sendRequestWithRetry$4(83)) - client-44EF9202E0DA: attempt #1 receive~ RaftClientReply:client-44EF9202E0DA->s0@group-E525AA2370AC, cid=392, FAILED org.apache.ratis.protocol.exceptions.NotReplicatedException: Request with call Id 392 and log index 35 is not yet replicated to ALL_COMMITTED, logIndex=35, commits[s0:c52, s1:c52, s2:c19]
2024-01-25 07:58:18,286 [ForkJoinPool.commonPool-worker-3] DEBUG impl.UnorderedAsync (UnorderedAsync.java:lambda$sendRequestWithRetry$4(83)) - client-44EF9202E0DA: attempt #1 receive~ RaftClientReply:client-44EF9202E0DA->s0@group-E525AA2370AC, cid=380, FAILED org.apache.ratis.protocol.exceptions.NotReplicatedException: Request with call Id 380 and log index 31 is not yet replicated to ALL_COMMITTED, logIndex=31, commits[s0:c52, s1:c52, s2:c19]
2024-01-25 07:58:18,286 [ForkJoinPool.commonPool-worker-3] DEBUG impl.UnorderedAsync (UnorderedAsync.java:lambda$sendRequestWithRetry$4(83)) - client-44EF9202E0DA: attempt #1 receive~ RaftClientReply:client-44EF9202E0DA->s0@group-E525AA2370AC, cid=384, FAILED org.apache.ratis.protocol.exceptions.NotReplicatedException: Request with call Id 384 and log index 32 is not yet replicated to ALL_COMMITTED, logIndex=32, commits[s0:c52, s1:c52, s2:c19]
2024-01-25 07:58:18,286 [ForkJoinPool.commonPool-worker-3] DEBUG impl.UnorderedAsync (UnorderedAsync.java:lambda$sendRequestWithRetry$4(83)) - client-44EF9202E0DA: attempt #1 receive~ RaftClientReply:client-44EF9202E0DA->s0@group-E525AA2370AC, cid=404, FAILED org.apache.ratis.protocol.exceptions.NotReplicatedException: Request with call Id 404 and log index 41 is not yet replicated to ALL_COMMITTED, logIndex=41, commits[s0:c52, s1:c52, s2:c19]
2024-01-25 07:58:18,285 [Time-limited test] ERROR grpc.TestWatchRequestWithGrpc (WatchRequestTests.java:get(211)) - Failed to get all(29)
2024-01-25 07:58:18,286 [Time-limited test] ERROR grpc.TestWatchRequestWithGrpc (WatchRequestTests.java:get(211)) - Failed to get allCommitted(29)
2024-01-25 07:58:18,286 [Time-limited test] INFO  grpc.TestWatchRequestWithGrpc (WatchRequestTests.java:checkTimeout(533)) - checkTimeout 8: receive RaftClientReply:client-44EF9202E0DA->s0@group-E525AA2370AC, cid=329, SUCCESS, logIndex=30, commits[s0:c32, s1:c21, s2:c19]
2024-01-25 07:58:18,286 [Time-limited test] ERROR grpc.TestWatchRequestWithGrpc (WatchRequestTests.java:get(211)) - Failed to get all(30)
2024-01-25 07:58:18,286 [Time-limited test] ERROR grpc.TestWatchRequestWithGrpc (WatchRequestTests.java:get(211)) - Failed to get allCommitted(30)
2024-01-25 07:58:18,286 [Time-limited test] INFO  grpc.TestWatchRequestWithGrpc (WatchRequestTests.java:checkTimeout(533)) - checkTimeout 9: receive RaftClientReply:client-44EF9202E0DA->s0@group-E525AA2370AC, cid=330, SUCCESS, logIndex=31, commits[s0:c35, s1:c25, s2:c19]
2024-01-25 07:58:18,286 [Time-limited test] ERROR grpc.TestWatchRequestWithGrpc (WatchRequestTests.java:get(211)) - Failed to get all(31)
2024-01-25 07:58:18,286 [Time-limited test] ERROR grpc.TestWatchRequestWithGrpc (WatchRequestTests.java:get(211)) - Failed to get allCommitted(31)
2024-01-25 07:58:18,286 [Time-limited test] INFO  grpc.TestWatchRequestWithGrpc (WatchRequestTests.java:checkTimeout(533)) - checkTimeout 10: receive RaftClientReply:client-44EF9202E0DA->s0@group-E525AA2370AC, cid=331, SUCCESS, logIndex=32, commits[s0:c35, s1:c25, s2:c19]
2024-01-25 07:58:18,286 [Time-limited test] ERROR grpc.TestWatchRequestWithGrpc (WatchRequestTests.java:get(211)) - Failed to get all(32)
2024-01-25 07:58:18,286 [Time-limited test] ERROR grpc.TestWatchRequestWithGrpc (WatchRequestTests.java:get(211)) - Failed to get allCommitted(32)
2024-01-25 07:58:18,286 [Time-limited test] INFO  grpc.TestWatchRequestWithGrpc (WatchRequestTests.java:checkTimeout(533)) - checkTimeout 11: receive RaftClientReply:client-44EF9202E0DA->s0@group-E525AA2370AC, cid=332, SUCCESS, logIndex=34, commits[s0:c35, s1:c25, s2:c19]
2024-01-25 07:58:18,287 [Time-limited test] ERROR grpc.TestWatchRequestWithGrpc (WatchRequestTests.java:get(211)) - Failed to get all(34)
2024-01-25 07:58:18,287 [Time-limited test] ERROR grpc.TestWatchRequestWithGrpc (WatchRequestTests.java:get(211)) - Failed to get allCommitted(34)
2024-01-25 07:58:18,287 [Time-limited test] INFO  grpc.TestWatchRequestWithGrpc (WatchRequestTests.java:checkTimeout(533)) - checkTimeout 12: receive RaftClientReply:client-44EF9202E0DA->s0@group-E525AA2370AC, cid=333, SUCCESS, logIndex=35, commits[s0:c35, s1:c27, s2:c19]
2024-01-25 07:58:18,287 [Time-limited test] ERROR grpc.TestWatchRequestWithGrpc (WatchRequestTests.java:get(211)) - Failed to get all(35)
2024-01-25 07:58:18,287 [Time-limited test] ERROR grpc.TestWatchRequestWithGrpc (WatchRequestTests.java:get(211)) - Failed to get allCommitted(35)
2024-01-25 07:58:18,287 [Time-limited test] INFO  grpc.TestWatchRequestWithGrpc (WatchRequestTests.java:checkTimeout(533)) - checkTimeout 13: receive RaftClientReply:client-44EF9202E0DA->s0@group-E525AA2370AC, cid=334, SUCCESS, logIndex=37, commits[s0:c42, s1:c32, s2:c19]
2024-01-25 07:58:18,287 [Time-limited test] ERROR grpc.TestWatchRequestWithGrpc (WatchRequestTests.java:get(211)) - Failed to get all(37)
2024-01-25 07:58:18,287 [Time-limited test] ERROR grpc.TestWatchRequestWithGrpc (WatchRequestTests.java:get(211)) - Failed to get allCommitted(37)
2024-01-25 07:58:18,287 [Time-limited test] INFO  grpc.TestWatchRequestWithGrpc (WatchRequestTests.java:checkTimeout(533)) - checkTimeout 14: receive RaftClientReply:client-44EF9202E0DA->s0@group-E525AA2370AC, cid=335, SUCCESS, logIndex=38, commits[s0:c42, s1:c32, s2:c19]
2024-01-25 07:58:18,287 [Time-limited test] ERROR grpc.TestWatchRequestWithGrpc (WatchRequestTests.java:get(211)) - Failed to get all(38)
2024-01-25 07:58:18,287 [Time-limited test] ERROR grpc.TestWatchRequestWithGrpc (WatchRequestTests.java:get(211)) - Failed to get allCommitted(38)
2024-01-25 07:58:18,287 [Time-limited test] INFO  grpc.TestWatchRequestWithGrpc (WatchRequestTests.java:checkTimeout(533)) - checkTimeout 15: receive RaftClientReply:client-44EF9202E0DA->s0@group-E525AA2370AC, cid=336, SUCCESS, logIndex=41, commits[s0:c45, s1:c35, s2:c19]
2024-01-25 07:58:18,287 [Time-limited test] ERROR grpc.TestWatchRequestWithGrpc (WatchRequestTests.java:get(211)) - Failed to get all(41)
2024-01-25 07:58:18,287 [Time-limited test] ERROR grpc.TestWatchRequestWithGrpc (WatchRequestTests.java:get(211)) - Failed to get allCommitted(41)
2024-01-25 07:58:18,287 [Time-limited test] INFO  grpc.TestWatchRequestWithGrpc (WatchRequestTests.java:checkTimeout(533)) - checkTimeout 16: receive RaftClientReply:client-44EF9202E0DA->s0@group-E525AA2370AC, cid=337, SUCCESS, logIndex=42, commits[s0:c45, s1:c35, s2:c19]
2024-01-25 07:58:18,287 [Time-limited test] ERROR grpc.TestWatchRequestWithGrpc (WatchRequestTests.java:get(211)) - Failed to get all(42)
2024-01-25 07:58:18,376 [timer7] DEBUG impl.WatchRequests (WatchRequests.java:handleTimeout(131)) - s0@group-E525AA2370AC-WatchRequests: timeout Watch-ALL_COMMITTED(45)@45.539s?java.util.concurrent.CompletionException: org.apache.ratis.protocol.exceptions.NotReplicatedException: Request with call Id 412 and log index 45 is not yet replicated to ALL_COMMITTED, RaftClientRequest:client-44EF9202E0DA->s0@group-E525AA2370AC, cid=412, seq=null, Watch-ALL_COMMITTED(45), Message:<EMPTY>
2024-01-25 07:58:18,376 [null-request--thread1] INFO  server.GrpcClientProtocolService (GrpcClientProtocolService.java:lambda$processClientRequest$0(323)) - Failed RaftClientRequest:client-44EF9202E0DA->s0@group-E525AA2370AC, cid=412, seq=null, Watch-ALL_COMMITTED(45), Message:<EMPTY>, reply=RaftClientReply:client-44EF9202E0DA->s0@group-E525AA2370AC, cid=412, FAILED org.apache.ratis.protocol.exceptions.NotReplicatedException: Request with call Id 412 and log index 45 is not yet replicated to ALL_COMMITTED, logIndex=45, commits[s0:c52, s1:c52, s2:c19]
2024-01-25 07:58:18,376 [timer7] DEBUG impl.WatchRequests (WatchRequests.java:handleTimeout(131)) - s0@group-E525AA2370AC-WatchRequests: timeout Watch-ALL_COMMITTED(47)@45.539s?java.util.concurrent.CompletionException: org.apache.ratis.protocol.exceptions.NotReplicatedException: Request with call Id 420 and log index 47 is not yet replicated to ALL_COMMITTED, RaftClientRequest:client-44EF9202E0DA->s0@group-E525AA2370AC, cid=420, seq=null, Watch-ALL_COMMITTED(47), Message:<EMPTY>
2024-01-25 07:58:18,376 [timer4] DEBUG impl.WatchRequests (WatchRequests.java:handleTimeout(131)) - s0@group-E525AA2370AC-WatchRequests: timeout Watch-ALL_COMMITTED(42)@45.539s?java.util.concurrent.CompletionException: org.apache.ratis.protocol.exceptions.NotReplicatedException: Request with call Id 408 and log index 42 is not yet replicated to ALL_COMMITTED, RaftClientRequest:client-44EF9202E0DA->s0@group-E525AA2370AC, cid=408, seq=null, Watch-ALL_COMMITTED(42), Message:<EMPTY>
2024-01-25 07:58:18,376 [timer4] DEBUG impl.WatchRequests (WatchRequests.java:handleTimeout(131)) - s0@group-E525AA2370AC-WatchRequests: timeout Watch-ALL(46)@45.539s?java.util.concurrent.CompletionException: org.apache.ratis.protocol.exceptions.NotReplicatedException: Request with call Id 414 and log index 46 is not yet replicated to ALL, RaftClientRequest:client-44EF9202E0DA->s0@group-E525AA2370AC, cid=414, seq=null, Watch-ALL(46), Message:<EMPTY>
2024-01-25 07:58:18,376 [timer4] DEBUG impl.WatchRequests (WatchRequests.java:handleTimeout(131)) - s0@group-E525AA2370AC-WatchRequests: timeout Watch-ALL(47)@45.539s?java.util.concurrent.CompletionException: org.apache.ratis.protocol.exceptions.NotReplicatedException: Request with call Id 418 and log index 47 is not yet replicated to ALL, RaftClientRequest:client-44EF9202E0DA->s0@group-E525AA2370AC, cid=418, seq=null, Watch-ALL(47), Message:<EMPTY>
2024-01-25 07:58:18,376 [timer1] DEBUG impl.WatchRequests (WatchRequests.java:handleTimeout(131)) - s0@group-E525AA2370AC-WatchRequests: timeout Watch-ALL(45)@45.539s?java.util.concurrent.CompletionException: org.apache.ratis.protocol.exceptions.NotReplicatedException: Request with call Id 410 and log index 45 is not yet replicated to ALL, RaftClientRequest:client-44EF9202E0DA->s0@group-E525AA2370AC, cid=410, seq=null, Watch-ALL(45), Message:<EMPTY>
2024-01-25 07:58:18,376 [null-request--thread1] INFO  server.GrpcClientProtocolService (GrpcClientProtocolService.java:lambda$processClientRequest$0(323)) - Failed RaftClientRequest:client-44EF9202E0DA->s0@group-E525AA2370AC, cid=420, seq=null, Watch-ALL_COMMITTED(47), Message:<EMPTY>, reply=RaftClientReply:client-44EF9202E0DA->s0@group-E525AA2370AC, cid=420, FAILED org.apache.ratis.protocol.exceptions.NotReplicatedException: Request with call Id 420 and log index 47 is not yet replicated to ALL_COMMITTED, logIndex=47, commits[s0:c52, s1:c52, s2:c19]
2024-01-25 07:58:18,376 [timer0] DEBUG impl.WatchRequests (WatchRequests.java:handleTimeout(131)) - s0@group-E525AA2370AC-WatchRequests: timeout Watch-ALL_COMMITTED(46)@45.539s?java.util.concurrent.CompletionException: org.apache.ratis.protocol.exceptions.NotReplicatedException: Request with call Id 416 and log index 46 is not yet replicated to ALL_COMMITTED, RaftClientRequest:client-44EF9202E0DA->s0@group-E525AA2370AC, cid=416, seq=null, Watch-ALL_COMMITTED(46), Message:<EMPTY>
2024-01-25 07:58:18,376 [null-request--thread1] INFO  server.GrpcClientProtocolService (GrpcClientProtocolService.java:lambda$processClientRequest$0(323)) - Failed RaftClientRequest:client-44EF9202E0DA->s0@group-E525AA2370AC, cid=408, seq=null, Watch-ALL_COMMITTED(42), Message:<EMPTY>, reply=RaftClientReply:client-44EF9202E0DA->s0@group-E525AA2370AC, cid=408, FAILED org.apache.ratis.protocol.exceptions.NotReplicatedException: Request with call Id 408 and log index 42 is not yet replicated to ALL_COMMITTED, logIndex=42, commits[s0:c52, s1:c52, s2:c19]
2024-01-25 07:58:18,377 [ForkJoinPool.commonPool-worker-3] DEBUG impl.UnorderedAsync (UnorderedAsync.java:lambda$sendRequestWithRetry$4(83)) - client-44EF9202E0DA: attempt #1 receive~ RaftClientReply:client-44EF9202E0DA->s0@group-E525AA2370AC, cid=412, FAILED org.apache.ratis.protocol.exceptions.NotReplicatedException: Request with call Id 412 and log index 45 is not yet replicated to ALL_COMMITTED, logIndex=45, commits[s0:c52, s1:c52, s2:c19]
2024-01-25 07:58:18,377 [null-request--thread1] INFO  server.GrpcClientProtocolService (GrpcClientProtocolService.java:lambda$processClientRequest$0(323)) - Failed RaftClientRequest:client-44EF9202E0DA->s0@group-E525AA2370AC, cid=414, seq=null, Watch-ALL(46), Message:<EMPTY>, reply=RaftClientReply:client-44EF9202E0DA->s0@group-E525AA2370AC, cid=414, FAILED org.apache.ratis.protocol.exceptions.NotReplicatedException: Request with call Id 414 and log index 46 is not yet replicated to ALL, logIndex=46, commits[s0:c52, s1:c52, s2:c19]
2024-01-25 07:58:18,377 [null-request--thread1] INFO  server.GrpcClientProtocolService (GrpcClientProtocolService.java:lambda$processClientRequest$0(323)) - Failed RaftClientRequest:client-44EF9202E0DA->s0@group-E525AA2370AC, cid=418, seq=null, Watch-ALL(47), Message:<EMPTY>, reply=RaftClientReply:client-44EF9202E0DA->s0@group-E525AA2370AC, cid=418, FAILED org.apache.ratis.protocol.exceptions.NotReplicatedException: Request with call Id 418 and log index 47 is not yet replicated to ALL, logIndex=47, commits[s0:c52, s1:c52, s2:c19]
2024-01-25 07:58:18,377 [ForkJoinPool.commonPool-worker-3] DEBUG impl.UnorderedAsync (UnorderedAsync.java:lambda$sendRequestWithRetry$4(83)) - client-44EF9202E0DA: attempt #1 receive~ RaftClientReply:client-44EF9202E0DA->s0@group-E525AA2370AC, cid=420, FAILED org.apache.ratis.protocol.exceptions.NotReplicatedException: Request with call Id 420 and log index 47 is not yet replicated to ALL_COMMITTED, logIndex=47, commits[s0:c52, s1:c52, s2:c19]
2024-01-25 07:58:18,377 [null-request--thread1] INFO  server.GrpcClientProtocolService (GrpcClientProtocolService.java:lambda$processClientRequest$0(323)) - Failed RaftClientRequest:client-44EF9202E0DA->s0@group-E525AA2370AC, cid=410, seq=null, Watch-ALL(45), Message:<EMPTY>, reply=RaftClientReply:client-44EF9202E0DA->s0@group-E525AA2370AC, cid=410, FAILED org.apache.ratis.protocol.exceptions.NotReplicatedException: Request with call Id 410 and log index 45 is not yet replicated to ALL, logIndex=45, commits[s0:c52, s1:c52, s2:c19]
2024-01-25 07:58:18,377 [null-request--thread1] INFO  server.GrpcClientProtocolService (GrpcClientProtocolService.java:lambda$processClientRequest$0(323)) - Failed RaftClientRequest:client-44EF9202E0DA->s0@group-E525AA2370AC, cid=416, seq=null, Watch-ALL_COMMITTED(46), Message:<EMPTY>, reply=RaftClientReply:client-44EF9202E0DA->s0@group-E525AA2370AC, cid=416, FAILED org.apache.ratis.protocol.exceptions.NotReplicatedException: Request with call Id 416 and log index 46 is not yet replicated to ALL_COMMITTED, logIndex=46, commits[s0:c52, s1:c52, s2:c19]
2024-01-25 07:58:18,377 [ForkJoinPool.commonPool-worker-3] DEBUG impl.UnorderedAsync (UnorderedAsync.java:lambda$sendRequestWithRetry$4(83)) - client-44EF9202E0DA: attempt #1 receive~ RaftClientReply:client-44EF9202E0DA->s0@group-E525AA2370AC, cid=408, FAILED org.apache.ratis.protocol.exceptions.NotReplicatedException: Request with call Id 408 and log index 42 is not yet replicated to ALL_COMMITTED, logIndex=42, commits[s0:c52, s1:c52, s2:c19]
2024-01-25 07:58:18,377 [Time-limited test] ERROR grpc.TestWatchRequestWithGrpc (WatchRequestTests.java:get(211)) - Failed to get allCommitted(42)
2024-01-25 07:58:18,377 [Time-limited test] INFO  grpc.TestWatchRequestWithGrpc (WatchRequestTests.java:checkTimeout(533)) - checkTimeout 17: receive RaftClientReply:client-44EF9202E0DA->s0@group-E525AA2370AC, cid=338, SUCCESS, logIndex=45, commits[s0:c45, s1:c35, s2:c19]
2024-01-25 07:58:18,377 [ForkJoinPool.commonPool-worker-3] DEBUG impl.UnorderedAsync (UnorderedAsync.java:lambda$sendRequestWithRetry$4(83)) - client-44EF9202E0DA: attempt #1 receive~ RaftClientReply:client-44EF9202E0DA->s0@group-E525AA2370AC, cid=414, FAILED org.apache.ratis.protocol.exceptions.NotReplicatedException: Request with call Id 414 and log index 46 is not yet replicated to ALL, logIndex=46, commits[s0:c52, s1:c52, s2:c19]
2024-01-25 07:58:18,378 [ForkJoinPool.commonPool-worker-1] DEBUG impl.UnorderedAsync (UnorderedAsync.java:lambda$sendRequestWithRetry$4(83)) - client-44EF9202E0DA: attempt #1 receive~ RaftClientReply:client-44EF9202E0DA->s0@group-E525AA2370AC, cid=410, FAILED org.apache.ratis.protocol.exceptions.NotReplicatedException: Request with call Id 410 and log index 45 is not yet replicated to ALL, logIndex=45, commits[s0:c52, s1:c52, s2:c19]
2024-01-25 07:58:18,378 [Time-limited test] ERROR grpc.TestWatchRequestWithGrpc (WatchRequestTests.java:get(211)) - Failed to get all(45)
2024-01-25 07:58:18,378 [Time-limited test] ERROR grpc.TestWatchRequestWithGrpc (WatchRequestTests.java:get(211)) - Failed to get allCommitted(45)
2024-01-25 07:58:18,378 [Time-limited test] INFO  grpc.TestWatchRequestWithGrpc (WatchRequestTests.java:checkTimeout(533)) - checkTimeout 18: receive RaftClientReply:client-44EF9202E0DA->s0@group-E525AA2370AC, cid=339, SUCCESS, logIndex=46, commits[s0:c46, s1:c35, s2:c19]
2024-01-25 07:58:18,378 [Time-limited test] ERROR grpc.TestWatchRequestWithGrpc (WatchRequestTests.java:get(211)) - Failed to get all(46)
2024-01-25 07:58:18,378 [ForkJoinPool.commonPool-worker-1] DEBUG impl.UnorderedAsync (UnorderedAsync.java:lambda$sendRequestWithRetry$4(83)) - client-44EF9202E0DA: attempt #1 receive~ RaftClientReply:client-44EF9202E0DA->s0@group-E525AA2370AC, cid=416, FAILED org.apache.ratis.protocol.exceptions.NotReplicatedException: Request with call Id 416 and log index 46 is not yet replicated to ALL_COMMITTED, logIndex=46, commits[s0:c52, s1:c52, s2:c19]
2024-01-25 07:58:18,378 [Time-limited test] ERROR grpc.TestWatchRequestWithGrpc (WatchRequestTests.java:get(211)) - Failed to get allCommitted(46)
2024-01-25 07:58:18,378 [Time-limited test] INFO  grpc.TestWatchRequestWithGrpc (WatchRequestTests.java:checkTimeout(533)) - checkTimeout 19: receive RaftClientReply:client-44EF9202E0DA->s0@group-E525AA2370AC, cid=340, SUCCESS, logIndex=47, commits[s0:c49, s1:c42, s2:c19]
2024-01-25 07:58:18,380 [ForkJoinPool.commonPool-worker-3] DEBUG impl.UnorderedAsync (UnorderedAsync.java:lambda$sendRequestWithRetry$4(83)) - client-44EF9202E0DA: attempt #1 receive~ RaftClientReply:client-44EF9202E0DA->s0@group-E525AA2370AC, cid=418, FAILED org.apache.ratis.protocol.exceptions.NotReplicatedException: Request with call Id 418 and log index 47 is not yet replicated to ALL, logIndex=47, commits[s0:c52, s1:c52, s2:c19]
2024-01-25 07:58:18,380 [Time-limited test] ERROR grpc.TestWatchRequestWithGrpc (WatchRequestTests.java:get(211)) - Failed to get all(47)
2024-01-25 07:58:18,380 [Time-limited test] ERROR grpc.TestWatchRequestWithGrpc (WatchRequestTests.java:get(211)) - Failed to get allCommitted(47)
2024-01-25 07:58:18,380 [Time-limited test] INFO  impl.SimpleStateMachine4Testing (SimpleStateMachine4Testing.java:unblock(142)) - unblock FLUSH_STATE_MACHINE_DATA
2024-01-25 07:58:18,380 [Time-limited test] INFO  grpc.TestWatchRequestWithGrpc (WatchRequestTests.java:runTestWatchRequestTimeout(430)) - unblock follower s2
2024-01-25 07:58:18,380 [Time-limited test] DEBUG client.RaftClient (RaftClientImpl.java:close(464)) - close client-44EF9202E0DA
2024-01-25 07:58:18,381 [s2-server-thread1] DEBUG server.RaftServer$Division (RaftServerImpl.java:logAppendEntries(1520)) - s2@group-E525AA2370AC: succeeded to handle AppendEntries. Reply: s0<-s2#79:OK-t1,SUCCESS,nextIndex=21,followerCommit=19,matchIndex=20
2024-01-25 07:58:18,382 [s0@group-E525AA2370AC-LeaderStateImpl] DEBUG impl.WatchRequests (WatchRequests.java:updateIndex(150)) - s0@group-E525AA2370AC-WatchRequests: update ALL index from 19 to 20
2024-01-25 07:58:18,382 [s2-server-thread1] DEBUG server.RaftServer$Division (RaftServerImpl.java:logAppendEntries(1520)) - s2@group-E525AA2370AC: succeeded to handle AppendEntries. Reply: s0<-s2#80:OK-t1,SUCCESS,nextIndex=22,followerCommit=19,matchIndex=21
2024-01-25 07:58:18,382 [s2-server-thread3] DEBUG server.RaftServer$Division (RaftServerImpl.java:logAppendEntries(1520)) - s2@group-E525AA2370AC: succeeded to handle AppendEntries. Reply: s0<-s2#82:OK-t1,SUCCESS,nextIndex=27,followerCommit=21,matchIndex=26
2024-01-25 07:58:18,382 [s2-server-thread2] DEBUG server.RaftServer$Division (RaftServerImpl.java:logAppendEntries(1520)) - s2@group-E525AA2370AC: succeeded to handle AppendEntries. Reply: s0<-s2#81:OK-t1,SUCCESS,nextIndex=26,followerCommit=21,matchIndex=25
2024-01-25 07:58:18,382 [s2@group-E525AA2370AC-StateMachineUpdater] INFO  impl.SimpleStateMachine4Testing (SimpleStateMachine4Testing.java:applyTransaction(248)) - applyTransaction for log index 20
2024-01-25 07:58:18,382 [s2-server-thread2] DEBUG server.RaftServer$Division (RaftServerImpl.java:logAppendEntries(1520)) - s2@group-E525AA2370AC: succeeded to handle AppendEntries. Reply: s0<-s2#84:OK-t1,SUCCESS,nextIndex=32,followerCommit=21,matchIndex=31
2024-01-25 07:58:18,382 [s2-server-thread3] DEBUG server.RaftServer$Division (RaftServerImpl.java:logAppendEntries(1520)) - s2@group-E525AA2370AC: succeeded to handle AppendEntries. Reply: s0<-s2#85:OK-t1,SUCCESS,nextIndex=34,followerCommit=25,matchIndex=33
2024-01-25 07:58:18,382 [s2@group-E525AA2370AC-StateMachineUpdater] INFO  impl.SimpleStateMachine4Testing (SimpleStateMachine4Testing.java:put(205)) - s2: put 20, m0 -> (t:1, i:20), STATEMACHINELOGENTRY, 321@client-44EF9202E0DA
2024-01-25 07:58:18,382 [s2-server-thread4] DEBUG server.RaftServer$Division (RaftServerImpl.java:logAppendEntries(1520)) - s2@group-E525AA2370AC: succeeded to handle AppendEntries. Reply: s0<-s2#83:OK-t1,SUCCESS,nextIndex=30,followerCommit=25,matchIndex=29
2024-01-25 07:58:18,383 [s2@group-E525AA2370AC-StateMachineUpdater] INFO  impl.SimpleStateMachine4Testing (SimpleStateMachine4Testing.java:applyTransaction(248)) - applyTransaction for log index 21
2024-01-25 07:58:18,383 [s2@group-E525AA2370AC-StateMachineUpdater] INFO  impl.SimpleStateMachine4Testing (SimpleStateMachine4Testing.java:put(205)) - s2: put 21, m1 -> (t:1, i:21), STATEMACHINELOGENTRY, 322@client-44EF9202E0DA
2024-01-25 07:58:18,383 [s2@group-E525AA2370AC-StateMachineUpdater] INFO  impl.SimpleStateMachine4Testing (SimpleStateMachine4Testing.java:applyTransaction(248)) - applyTransaction for log index 22
2024-01-25 07:58:18,383 [s2@group-E525AA2370AC-StateMachineUpdater] INFO  impl.SimpleStateMachine4Testing (SimpleStateMachine4Testing.java:put(205)) - s2: put 22, m2 -> (t:1, i:22), STATEMACHINELOGENTRY, 323@client-44EF9202E0DA
2024-01-25 07:58:18,383 [s2-server-thread4] DEBUG server.RaftServer$Division (RaftServerImpl.java:logAppendEntries(1520)) - s2@group-E525AA2370AC: receive appendEntries(s0, 1, (t:1, i:34), 52, false, commits:[s0:c52, s1:c52, s2:c19], cId:585, entries: [(t:1, i:35), STATEMACHINELOGENTRY, 333@client-44EF9202E0DA, (t:1, i:36), METADATAENTRY(c:27), (t:1, i:37), STATEMACHINELOGENTRY, 334@client-44EF9202E0DA, (t:1, i:38), STATEMACHINELOGENTRY, 335@client-44EF9202E0DA, (t:1, i:39), METADATAENTRY(c:30), (t:1, i:40), METADATAENTRY(c:32), (t:1, i:41), STATEMACHINELOGENTRY, 336@client-44EF9202E0DA, (t:1, i:42), STATEMACHINELOGENTRY, 337@client-44EF9202E0DA, (t:1, i:43), METADATAENTRY(c:34), (t:1, i:44), METADATAENTRY(c:35), (t:1, i:45), STATEMACHINELOGENTRY, 338@client-44EF9202E0DA, (t:1, i:46), STATEMACHINELOGENTRY, 339@client-44EF9202E0DA, (t:1, i:47), STATEMACHINELOGENTRY, 340@client-44EF9202E0DA, (t:1, i:48), METADATAENTRY(c:41), (t:1, i:49), METADATAENTRY(c:42), (t:1, i:50), METADATAENTRY(c:45), (t:1, i:51), METADATAENTRY(c:46), (t:1, i:52), METADATAENTRY(c:47)]
2024-01-25 07:58:18,383 [s2@group-E525AA2370AC-StateMachineUpdater] INFO  impl.SimpleStateMachine4Testing (SimpleStateMachine4Testing.java:applyTransaction(248)) - applyTransaction for log index 24
2024-01-25 07:58:18,383 [s0@group-E525AA2370AC-LeaderStateImpl] DEBUG impl.WatchRequests (WatchRequests.java:updateIndex(150)) - s0@group-E525AA2370AC-WatchRequests: update ALL index from 20 to 21
2024-01-25 07:58:18,383 [s2@group-E525AA2370AC-StateMachineUpdater] INFO  impl.SimpleStateMachine4Testing (SimpleStateMachine4Testing.java:put(205)) - s2: put 24, m3 -> (t:1, i:24), STATEMACHINELOGENTRY, 324@client-44EF9202E0DA
2024-01-25 07:58:18,383 [grpc-default-executor-4] DEBUG impl.WatchRequests (WatchRequests.java:updateIndex(150)) - s0@group-E525AA2370AC-WatchRequests: update ALL_COMMITTED index from 19 to 21
2024-01-25 07:58:18,383 [s0@group-E525AA2370AC-LeaderStateImpl] DEBUG impl.WatchRequests (WatchRequests.java:updateIndex(150)) - s0@group-E525AA2370AC-WatchRequests: update ALL index from 21 to 25
2024-01-25 07:58:18,384 [grpc-default-executor-4] DEBUG impl.WatchRequests (WatchRequests.java:updateIndex(150)) - s0@group-E525AA2370AC-WatchRequests: update ALL_COMMITTED index from 21 to 25
2024-01-25 07:58:18,384 [s0@group-E525AA2370AC-LeaderStateImpl] DEBUG impl.WatchRequests (WatchRequests.java:updateIndex(150)) - s0@group-E525AA2370AC-WatchRequests: update ALL index from 25 to 26
2024-01-25 07:58:18,385 [s0@group-E525AA2370AC-LeaderStateImpl] DEBUG impl.WatchRequests (WatchRequests.java:updateIndex(150)) - s0@group-E525AA2370AC-WatchRequests: update ALL index from 26 to 33
2024-01-25 07:58:18,385 [s2-server-thread1] DEBUG server.RaftServer$Division (RaftServerImpl.java:logAppendEntries(1520)) - s2@group-E525AA2370AC: succeeded to handle AppendEntries. Reply: s0<-s2#86:OK-t1,SUCCESS,nextIndex=35,followerCommit=25,matchIndex=34
2024-01-25 07:58:18,385 [s2@group-E525AA2370AC-StateMachineUpdater] INFO  impl.SimpleStateMachine4Testing (SimpleStateMachine4Testing.java:applyTransaction(248)) - applyTransaction for log index 25
2024-01-25 07:58:18,385 [s2@group-E525AA2370AC-StateMachineUpdater] INFO  impl.SimpleStateMachine4Testing (SimpleStateMachine4Testing.java:put(205)) - s2: put 25, m4 -> (t:1, i:25), STATEMACHINELOGENTRY, 325@client-44EF9202E0DA
2024-01-25 07:58:18,385 [s0@group-E525AA2370AC-LeaderStateImpl] DEBUG impl.WatchRequests (WatchRequests.java:updateIndex(150)) - s0@group-E525AA2370AC-WatchRequests: update ALL index from 33 to 34
2024-01-25 07:58:18,385 [s2@group-E525AA2370AC-StateMachineUpdater] INFO  impl.SimpleStateMachine4Testing (SimpleStateMachine4Testing.java:applyTransaction(248)) - applyTransaction for log index 27
2024-01-25 07:58:18,386 [s2@group-E525AA2370AC-StateMachineUpdater] INFO  impl.SimpleStateMachine4Testing (SimpleStateMachine4Testing.java:put(205)) - s2: put 27, m5 -> (t:1, i:27), STATEMACHINELOGENTRY, 326@client-44EF9202E0DA
2024-01-25 07:58:18,386 [s2@group-E525AA2370AC-StateMachineUpdater] INFO  impl.SimpleStateMachine4Testing (SimpleStateMachine4Testing.java:applyTransaction(248)) - applyTransaction for log index 28
2024-01-25 07:58:18,386 [s2@group-E525AA2370AC-StateMachineUpdater] INFO  impl.SimpleStateMachine4Testing (SimpleStateMachine4Testing.java:put(205)) - s2: put 28, m6 -> (t:1, i:28), STATEMACHINELOGENTRY, 327@client-44EF9202E0DA
2024-01-25 07:58:18,386 [Time-limited test] INFO  impl.MiniRaftCluster (MiniRaftCluster.java:shutdown(832)) - ************************************************************** 
2024-01-25 07:58:18,386 [Time-limited test] INFO  impl.MiniRaftCluster (MiniRaftCluster.java:shutdown(833)) - *** 
2024-01-25 07:58:18,386 [Time-limited test] INFO  impl.MiniRaftCluster (MiniRaftCluster.java:shutdown(834)) - ***     Stopping MiniRaftClusterWithGrpc
2024-01-25 07:58:18,386 [Time-limited test] INFO  impl.MiniRaftCluster (MiniRaftCluster.java:shutdown(835)) - *** 
2024-01-25 07:58:18,386 [Time-limited test] INFO  impl.MiniRaftCluster (MiniRaftCluster.java:shutdown(836)) - ************************************************************** 
2024-01-25 07:58:18,386 [s2@group-E525AA2370AC-StateMachineUpdater] INFO  impl.SimpleStateMachine4Testing (SimpleStateMachine4Testing.java:applyTransaction(248)) - applyTransaction for log index 29
2024-01-25 07:58:18,386 [s2@group-E525AA2370AC-StateMachineUpdater] INFO  impl.SimpleStateMachine4Testing (SimpleStateMachine4Testing.java:put(205)) - s2: put 29, m7 -> (t:1, i:29), STATEMACHINELOGENTRY, 328@client-44EF9202E0DA
2024-01-25 07:58:18,386 [Time-limited test] INFO  impl.MiniRaftCluster (MiniRaftCluster.java:shutdown(837)) - printing ALL groups
  s0:  RUNNING    LEADER s0@group-E525AA2370AC:t1, leader=s0, voted=s0, raftlog=Memoized:s0@group-E525AA2370AC-SegmentedRaftLog:OPENED:c52, conf=0: peers:[s0|localhost:15024, s1|localhost:15028, s2|localhost:15032]|listeners:[], old=null RUNNING
  s1:  RUNNING  FOLLOWER s1@group-E525AA2370AC:t1, leader=s0, voted=s0, raftlog=Memoized:s1@group-E525AA2370AC-SegmentedRaftLog:OPENED:c52, conf=0: peers:[s0|localhost:15024, s1|localhost:15028, s2|localhost:15032]|listeners:[], old=null RUNNING
  s2:  RUNNING  FOLLOWER s2@group-E525AA2370AC:t1, leader=s0, voted=s0, raftlog=Memoized:s2@group-E525AA2370AC-SegmentedRaftLog:OPENED:c52, conf=0: peers:[s0|localhost:15024, s1|localhost:15028, s2|localhost:15032]|listeners:[], old=null RUNNING
2024-01-25 07:58:18,386 [s2@group-E525AA2370AC-StateMachineUpdater] INFO  impl.SimpleStateMachine4Testing (SimpleStateMachine4Testing.java:applyTransaction(248)) - applyTransaction for log index 30
2024-01-25 07:58:18,387 [s2@group-E525AA2370AC-StateMachineUpdater] INFO  impl.SimpleStateMachine4Testing (SimpleStateMachine4Testing.java:put(205)) - s2: put 30, m8 -> (t:1, i:30), STATEMACHINELOGENTRY, 329@client-44EF9202E0DA
2024-01-25 07:58:18,387 [s2@group-E525AA2370AC-StateMachineUpdater] INFO  impl.SimpleStateMachine4Testing (SimpleStateMachine4Testing.java:applyTransaction(248)) - applyTransaction for log index 31
2024-01-25 07:58:18,387 [MiniRaftCluster-7] INFO  server.RaftServer (RaftServerProxy.java:lambda$close$9(417)) - s0: close
2024-01-25 07:58:18,387 [s2@group-E525AA2370AC-StateMachineUpdater] INFO  impl.SimpleStateMachine4Testing (SimpleStateMachine4Testing.java:put(205)) - s2: put 31, m9 -> (t:1, i:31), STATEMACHINELOGENTRY, 330@client-44EF9202E0DA
2024-01-25 07:58:18,387 [MiniRaftCluster-8] INFO  server.RaftServer (RaftServerProxy.java:lambda$close$9(417)) - s1: close
2024-01-25 07:58:18,387 [s2@group-E525AA2370AC-StateMachineUpdater] INFO  impl.SimpleStateMachine4Testing (SimpleStateMachine4Testing.java:applyTransaction(248)) - applyTransaction for log index 32
2024-01-25 07:58:18,387 [s2@group-E525AA2370AC-StateMachineUpdater] INFO  impl.SimpleStateMachine4Testing (SimpleStateMachine4Testing.java:put(205)) - s2: put 32, m10 -> (t:1, i:32), STATEMACHINELOGENTRY, 331@client-44EF9202E0DA
2024-01-25 07:58:18,387 [s2@group-E525AA2370AC-StateMachineUpdater] INFO  impl.SimpleStateMachine4Testing (SimpleStateMachine4Testing.java:applyTransaction(248)) - applyTransaction for log index 34
2024-01-25 07:58:18,387 [s2@group-E525AA2370AC-StateMachineUpdater] INFO  impl.SimpleStateMachine4Testing (SimpleStateMachine4Testing.java:put(205)) - s2: put 34, m11 -> (t:1, i:34), STATEMACHINELOGENTRY, 332@client-44EF9202E0DA
2024-01-25 07:58:18,387 [s2@group-E525AA2370AC-StateMachineUpdater] INFO  impl.SimpleStateMachine4Testing (SimpleStateMachine4Testing.java:applyTransaction(248)) - applyTransaction for log index 35
2024-01-25 07:58:18,387 [s2@group-E525AA2370AC-StateMachineUpdater] INFO  impl.SimpleStateMachine4Testing (SimpleStateMachine4Testing.java:put(205)) - s2: put 35, m12 -> (t:1, i:35), STATEMACHINELOGENTRY, 333@client-44EF9202E0DA
2024-01-25 07:58:18,387 [s2@group-E525AA2370AC-StateMachineUpdater] INFO  impl.SimpleStateMachine4Testing (SimpleStateMachine4Testing.java:applyTransaction(248)) - applyTransaction for log index 37
2024-01-25 07:58:18,387 [s2@group-E525AA2370AC-StateMachineUpdater] INFO  impl.SimpleStateMachine4Testing (SimpleStateMachine4Testing.java:put(205)) - s2: put 37, m13 -> (t:1, i:37), STATEMACHINELOGENTRY, 334@client-44EF9202E0DA
2024-01-25 07:58:18,388 [s2@group-E525AA2370AC-StateMachineUpdater] INFO  impl.SimpleStateMachine4Testing (SimpleStateMachine4Testing.java:applyTransaction(248)) - applyTransaction for log index 38
2024-01-25 07:58:18,388 [s2@group-E525AA2370AC-StateMachineUpdater] INFO  impl.SimpleStateMachine4Testing (SimpleStateMachine4Testing.java:put(205)) - s2: put 38, m14 -> (t:1, i:38), STATEMACHINELOGENTRY, 335@client-44EF9202E0DA
2024-01-25 07:58:18,388 [s2@group-E525AA2370AC-StateMachineUpdater] INFO  impl.SimpleStateMachine4Testing (SimpleStateMachine4Testing.java:applyTransaction(248)) - applyTransaction for log index 41
2024-01-25 07:58:18,388 [s2@group-E525AA2370AC-StateMachineUpdater] INFO  impl.SimpleStateMachine4Testing (SimpleStateMachine4Testing.java:put(205)) - s2: put 41, m15 -> (t:1, i:41), STATEMACHINELOGENTRY, 336@client-44EF9202E0DA
2024-01-25 07:58:18,388 [s2@group-E525AA2370AC-StateMachineUpdater] INFO  impl.SimpleStateMachine4Testing (SimpleStateMachine4Testing.java:applyTransaction(248)) - applyTransaction for log index 42
2024-01-25 07:58:18,388 [s2@group-E525AA2370AC-StateMachineUpdater] INFO  impl.SimpleStateMachine4Testing (SimpleStateMachine4Testing.java:put(205)) - s2: put 42, m16 -> (t:1, i:42), STATEMACHINELOGENTRY, 337@client-44EF9202E0DA
2024-01-25 07:58:18,388 [s2@group-E525AA2370AC-StateMachineUpdater] INFO  impl.SimpleStateMachine4Testing (SimpleStateMachine4Testing.java:applyTransaction(248)) - applyTransaction for log index 45
2024-01-25 07:58:18,388 [s2@group-E525AA2370AC-StateMachineUpdater] INFO  impl.SimpleStateMachine4Testing (SimpleStateMachine4Testing.java:put(205)) - s2: put 45, m17 -> (t:1, i:45), STATEMACHINELOGENTRY, 338@client-44EF9202E0DA
2024-01-25 07:58:18,388 [s2@group-E525AA2370AC-StateMachineUpdater] INFO  impl.SimpleStateMachine4Testing (SimpleStateMachine4Testing.java:applyTransaction(248)) - applyTransaction for log index 46
2024-01-25 07:58:18,388 [s2@group-E525AA2370AC-StateMachineUpdater] INFO  impl.SimpleStateMachine4Testing (SimpleStateMachine4Testing.java:put(205)) - s2: put 46, m18 -> (t:1, i:46), STATEMACHINELOGENTRY, 339@client-44EF9202E0DA
2024-01-25 07:58:18,388 [s2@group-E525AA2370AC-StateMachineUpdater] INFO  impl.SimpleStateMachine4Testing (SimpleStateMachine4Testing.java:applyTransaction(248)) - applyTransaction for log index 47
2024-01-25 07:58:18,388 [s2@group-E525AA2370AC-StateMachineUpdater] INFO  impl.SimpleStateMachine4Testing (SimpleStateMachine4Testing.java:put(205)) - s2: put 47, m19 -> (t:1, i:47), STATEMACHINELOGENTRY, 340@client-44EF9202E0DA
2024-01-25 07:58:18,388 [MiniRaftCluster-9] INFO  server.RaftServer (RaftServerProxy.java:lambda$close$9(417)) - s2: close
2024-01-25 07:58:18,389 [s2-server-thread4] DEBUG server.RaftServer$Division (RaftServerImpl.java:logAppendEntries(1520)) - s2@group-E525AA2370AC: succeeded to handle AppendEntries. Reply: s0<-s2#585:OK-t1,SUCCESS,nextIndex=53,followerCommit=52,matchIndex=52
2024-01-25 07:58:18,389 [MiniRaftCluster-8] INFO  server.GrpcService (GrpcService.java:closeImpl(317)) - s1: shutdown server org.apache.ratis.grpc.server.GrpcClientProtocolService now
2024-01-25 07:58:18,389 [s0-impl-thread1] INFO  server.RaftServer$Division (RaftServerImpl.java:lambda$close$1(457)) - s0@group-E525AA2370AC: shutdown
2024-01-25 07:58:18,389 [s1-impl-thread1] INFO  server.RaftServer$Division (RaftServerImpl.java:lambda$close$1(457)) - s1@group-E525AA2370AC: shutdown
2024-01-25 07:58:18,389 [s0-impl-thread1] INFO  util.JmxRegister (JmxRegister.java:unregister(74)) - Successfully un-registered JMX Bean with object name Ratis:service=RaftServer,group=group-E525AA2370AC,id=s0
2024-01-25 07:58:18,389 [s2-impl-thread1] INFO  server.RaftServer$Division (RaftServerImpl.java:lambda$close$1(457)) - s2@group-E525AA2370AC: shutdown
2024-01-25 07:58:18,389 [grpc-default-executor-3] DEBUG impl.WatchRequests (WatchRequests.java:updateIndex(150)) - s0@group-E525AA2370AC-WatchRequests: update ALL_COMMITTED index from 25 to 52
2024-01-25 07:58:18,389 [MiniRaftCluster-7] INFO  server.GrpcService (GrpcService.java:closeImpl(317)) - s0: shutdown server org.apache.ratis.grpc.server.GrpcClientProtocolService now
2024-01-25 07:58:18,389 [s1-impl-thread1] INFO  util.JmxRegister (JmxRegister.java:unregister(74)) - Successfully un-registered JMX Bean with object name Ratis:service=RaftServer,group=group-E525AA2370AC,id=s1
2024-01-25 07:58:18,390 [s1-impl-thread1] INFO  impl.RoleInfo (RoleInfo.java:shutdownFollowerState(111)) - s1: shutdown s1@group-E525AA2370AC-FollowerState
2024-01-25 07:58:18,389 [MiniRaftCluster-9] INFO  server.GrpcService (GrpcService.java:closeImpl(317)) - s2: shutdown server org.apache.ratis.grpc.server.GrpcClientProtocolService now
2024-01-25 07:58:18,389 [s2-impl-thread1] INFO  util.JmxRegister (JmxRegister.java:unregister(74)) - Successfully un-registered JMX Bean with object name Ratis:service=RaftServer,group=group-E525AA2370AC,id=s2
2024-01-25 07:58:18,393 [s2-impl-thread1] INFO  impl.RoleInfo (RoleInfo.java:shutdownFollowerState(111)) - s2: shutdown s2@group-E525AA2370AC-FollowerState
2024-01-25 07:58:18,389 [s0-impl-thread1] INFO  impl.RoleInfo (RoleInfo.java:shutdownLeaderState(95)) - s0: shutdown s0@group-E525AA2370AC-LeaderStateImpl
2024-01-25 07:58:18,395 [s2@group-E525AA2370AC-FollowerState] INFO  impl.FollowerState (FollowerState.java:run(152)) - s2@group-E525AA2370AC-FollowerState was interrupted
2024-01-25 07:58:18,395 [s2-impl-thread1] INFO  impl.StateMachineUpdater (StateMachineUpdater.java:stopAndJoin(157)) - s2@group-E525AA2370AC-StateMachineUpdater: set stopIndex = 52
2024-01-25 07:58:18,393 [Thread-249] INFO  server.GrpcServerProtocolClient (GrpcServerProtocolClient.java:close(103)) - s2 Close channels
2024-01-25 07:58:18,393 [s1@group-E525AA2370AC-FollowerState] INFO  impl.FollowerState (FollowerState.java:run(152)) - s1@group-E525AA2370AC-FollowerState was interrupted
2024-01-25 07:58:18,393 [Thread-248] INFO  server.GrpcServerProtocolClient (GrpcServerProtocolClient.java:close(103)) - s1 Close channels
2024-01-25 07:58:18,390 [s1-impl-thread1] INFO  impl.StateMachineUpdater (StateMachineUpdater.java:stopAndJoin(157)) - s1@group-E525AA2370AC-StateMachineUpdater: set stopIndex = 52
2024-01-25 07:58:18,396 [s2-impl-thread1] INFO  server.RaftServer$Division (ServerState.java:close(427)) - s2@group-E525AA2370AC: applyIndex: 52
2024-01-25 07:58:18,396 [MiniRaftCluster-8] INFO  server.GrpcService (GrpcService.java:closeImpl(326)) - s1: shutdown server org.apache.ratis.grpc.server.GrpcClientProtocolService successfully
2024-01-25 07:58:18,397 [s2@group-E525AA2370AC-cacheEviction-AwaitToRun] INFO  util.AwaitToRun (AwaitToRun.java:run(49)) - s2@group-E525AA2370AC-cacheEviction-AwaitToRun-AwaitForSignal is interrupted
2024-01-25 07:58:18,397 [s0-impl-thread1] INFO  impl.PendingRequests (PendingRequests.java:sendNotLeaderResponses(287)) - s0@group-E525AA2370AC-PendingRequests: sendNotLeaderResponses
2024-01-25 07:58:18,397 [MiniRaftCluster-9] INFO  server.GrpcService (GrpcService.java:closeImpl(326)) - s2: shutdown server org.apache.ratis.grpc.server.GrpcClientProtocolService successfully
2024-01-25 07:58:18,398 [MiniRaftCluster-9] INFO  server.GrpcService (GrpcService.java:closeImpl(317)) - s2: shutdown server GrpcServerProtocolService now
2024-01-25 07:58:18,397 [s1-impl-thread1] INFO  server.RaftServer$Division (ServerState.java:close(427)) - s1@group-E525AA2370AC: applyIndex: 52
2024-01-25 07:58:18,397 [s0@group-E525AA2370AC->s1-GrpcLogAppender-LogAppenderDaemon] WARN  server.GrpcLogAppender (GrpcLogAppender.java:mayWait(289)) - s0@group-E525AA2370AC->s1-GrpcLogAppender: Wait interrupted by java.lang.InterruptedException
2024-01-25 07:58:18,397 [s0@group-E525AA2370AC->s2-GrpcLogAppender-LogAppenderDaemon] WARN  server.GrpcLogAppender (GrpcLogAppender.java:mayWait(289)) - s0@group-E525AA2370AC->s2-GrpcLogAppender: Wait interrupted by java.lang.InterruptedException
2024-01-25 07:58:18,397 [MiniRaftCluster-8] INFO  server.GrpcService (GrpcService.java:closeImpl(317)) - s1: shutdown server GrpcServerProtocolService now
2024-01-25 07:58:18,398 [s0-impl-thread1] INFO  impl.StateMachineUpdater (StateMachineUpdater.java:stopAndJoin(157)) - s0@group-E525AA2370AC-StateMachineUpdater: set stopIndex = 52
2024-01-25 07:58:18,398 [s1@group-E525AA2370AC-cacheEviction-AwaitToRun] INFO  util.AwaitToRun (AwaitToRun.java:run(49)) - s1@group-E525AA2370AC-cacheEviction-AwaitToRun-AwaitForSignal is interrupted
2024-01-25 07:58:18,399 [grpc-default-executor-5] INFO  server.GrpcLogAppender (GrpcLogAppender.java:onError(533)) - s0@group-E525AA2370AC->s2-GrpcLogAppender is already stopped
2024-01-25 07:58:18,399 [grpc-default-executor-5] INFO  server.GrpcServerProtocolService (GrpcServerProtocolService.java:onCompleted(186)) - s2: Completed APPEND_ENTRIES, lastRequest: null
2024-01-25 07:58:18,399 [grpc-default-executor-4] INFO  server.GrpcServerProtocolService (GrpcServerProtocolService.java:onCompleted(186)) - s1: Completed APPEND_ENTRIES, lastRequest: null
2024-01-25 07:58:18,400 [grpc-default-executor-5] INFO  server.GrpcServerProtocolService (GrpcServerProtocolService.java:lambda$onCompleted$7(188)) - s2: Completed APPEND_ENTRIES, lastReply: serverReply {
  requestorId: "s0"
  replyId: "s2"
  raftGroupId {
    id: "\341,\266\272\366KE\251\260\005\345%\252#p\254"
  }
  callId: 584
  success: true
}
term: 1
nextIndex: 35
followerCommit: 19
matchIndex: 18446744073709551615
isHearbeat: true

2024-01-25 07:58:18,401 [grpc-default-executor-2] WARN  server.GrpcServerProtocolService (LogUtils.java:warn(121)) - s2: APPEND_ENTRIES onError, lastRequest: s0->s2#585-t1,previous=(t:1, i:34),leaderCommit=52,initializing? false,entries: size=18, first=(t:1, i:35), STATEMACHINELOGENTRY, 333@client-44EF9202E0DA: org.apache.ratis.thirdparty.io.grpc.StatusRuntimeException: CANCELLED: client cancelled
2024-01-25 07:58:18,401 [s0-impl-thread1] INFO  server.RaftServer$Division (ServerState.java:close(427)) - s0@group-E525AA2370AC: applyIndex: 52
2024-01-25 07:58:18,401 [MiniRaftCluster-9] INFO  server.GrpcService (GrpcService.java:closeImpl(326)) - s2: shutdown server GrpcServerProtocolService successfully
2024-01-25 07:58:18,401 [MiniRaftCluster-9] INFO  server.GrpcService (GrpcService.java:closeImpl(317)) - s2: shutdown server org.apache.ratis.grpc.server.GrpcAdminProtocolService now
2024-01-25 07:58:18,402 [MiniRaftCluster-9] INFO  server.GrpcService (GrpcService.java:closeImpl(326)) - s2: shutdown server org.apache.ratis.grpc.server.GrpcAdminProtocolService successfully
2024-01-25 07:58:18,402 [s0@group-E525AA2370AC-cacheEviction-AwaitToRun] INFO  util.AwaitToRun (AwaitToRun.java:run(49)) - s0@group-E525AA2370AC-cacheEviction-AwaitToRun-AwaitForSignal is interrupted
2024-01-25 07:58:18,402 [grpc-default-executor-4] INFO  server.GrpcServerProtocolService (GrpcServerProtocolService.java:lambda$onCompleted$7(188)) - s1: Completed APPEND_ENTRIES, lastReply: serverReply {
  requestorId: "s0"
  replyId: "s1"
  raftGroupId {
    id: "\341,\266\272\366KE\251\260\005\345%\252#p\254"
  }
  callId: 572
  success: true
}
term: 1
nextIndex: 53
followerCommit: 52
matchIndex: 18446744073709551615
isHearbeat: true

2024-01-25 07:58:18,402 [MiniRaftCluster-8] INFO  server.GrpcService (GrpcService.java:closeImpl(326)) - s1: shutdown server GrpcServerProtocolService successfully
2024-01-25 07:58:18,402 [MiniRaftCluster-8] INFO  server.GrpcService (GrpcService.java:closeImpl(317)) - s1: shutdown server org.apache.ratis.grpc.server.GrpcAdminProtocolService now
2024-01-25 07:58:18,403 [grpc-default-executor-3] INFO  server.GrpcServerProtocolService (GrpcServerProtocolService.java:onCompleted(186)) - s1: Completed APPEND_ENTRIES, lastRequest: s0->s1#553-t1,previous=(t:1, i:51),leaderCommit=47,initializing? false,entries: size=1, first=(t:1, i:52), METADATAENTRY(c:47)
2024-01-25 07:58:18,403 [grpc-default-executor-3] INFO  server.GrpcServerProtocolService (GrpcServerProtocolService.java:lambda$onCompleted$7(188)) - s1: Completed APPEND_ENTRIES, lastReply: null
2024-01-25 07:58:18,403 [MiniRaftCluster-8] INFO  server.GrpcService (GrpcService.java:closeImpl(326)) - s1: shutdown server org.apache.ratis.grpc.server.GrpcAdminProtocolService successfully
2024-01-25 07:58:18,403 [grpc-default-executor-0] INFO  server.GrpcLogAppender (GrpcLogAppender.java:onError(533)) - s0@group-E525AA2370AC->s2-GrpcLogAppender is already stopped
2024-01-25 07:58:18,404 [grpc-default-executor-3] INFO  server.GrpcLogAppender (GrpcLogAppender.java:onError(533)) - s0@group-E525AA2370AC->s1-GrpcLogAppender is already stopped
2024-01-25 07:58:18,404 [grpc-default-executor-3] INFO  server.GrpcLogAppender (GrpcLogAppender.java:onError(533)) - s0@group-E525AA2370AC->s1-GrpcLogAppender is already stopped
2024-01-25 07:58:18,404 [MiniRaftCluster-7] INFO  server.GrpcService (GrpcService.java:closeImpl(326)) - s0: shutdown server org.apache.ratis.grpc.server.GrpcClientProtocolService successfully
2024-01-25 07:58:18,405 [MiniRaftCluster-7] INFO  server.GrpcService (GrpcService.java:closeImpl(317)) - s0: shutdown server GrpcServerProtocolService now
2024-01-25 07:58:18,405 [MiniRaftCluster-7] INFO  server.GrpcService (GrpcService.java:closeImpl(326)) - s0: shutdown server GrpcServerProtocolService successfully
2024-01-25 07:58:18,405 [MiniRaftCluster-7] INFO  server.GrpcService (GrpcService.java:closeImpl(317)) - s0: shutdown server org.apache.ratis.grpc.server.GrpcAdminProtocolService now
2024-01-25 07:58:18,405 [MiniRaftCluster-7] INFO  server.GrpcService (GrpcService.java:closeImpl(326)) - s0: shutdown server org.apache.ratis.grpc.server.GrpcAdminProtocolService successfully
2024-01-25 07:58:18,736 [s0-impl-thread1] INFO  segmented.SegmentedRaftLogWorker (SegmentedRaftLogWorker.java:close(245)) - s0@group-E525AA2370AC-SegmentedRaftLogWorker close()
2024-01-25 07:58:18,737 [JvmPauseMonitor6] INFO  util.JvmPauseMonitor (JvmPauseMonitor.java:run(152)) - JvmPauseMonitor-s0: Stopped
2024-01-25 07:58:18,740 [s1-impl-thread1] INFO  segmented.SegmentedRaftLogWorker (SegmentedRaftLogWorker.java:close(245)) - s1@group-E525AA2370AC-SegmentedRaftLogWorker close()
2024-01-25 07:58:18,741 [JvmPauseMonitor7] INFO  util.JvmPauseMonitor (JvmPauseMonitor.java:run(152)) - JvmPauseMonitor-s1: Stopped
2024-01-25 07:58:19,387 [s2-impl-thread1] INFO  segmented.SegmentedRaftLogWorker (SegmentedRaftLogWorker.java:close(245)) - s2@group-E525AA2370AC-SegmentedRaftLogWorker close()
2024-01-25 07:58:19,387 [JvmPauseMonitor8] INFO  util.JvmPauseMonitor (JvmPauseMonitor.java:run(152)) - JvmPauseMonitor-s2: Stopped
2024-01-25 07:58:19,387 [Time-limited test] INFO  impl.MiniRaftCluster (MiniRaftCluster.java:shutdown(856)) - MiniRaftClusterWithGrpc shutdown completed
]]></system-out>
  </testcase>
  <testcase name="testWatchMetrics" classname="org.apache.ratis.grpc.TestWatchRequestWithGrpc" time="4.256">
    <system-out><![CDATA[2024-01-25 07:58:19,389 [main] INFO  util.LogUtils (Slf4jUtils.java:setLogLevel(38)) - Successfully set org.apache.ratis.conf.ConfUtils log level to WARN
2024-01-25 07:58:19,389 [main] INFO  util.LogUtils (Slf4jUtils.java:setLogLevel(38)) - Successfully set org.apache.ratis.util.FileUtils log level to TRACE
2024-01-25 07:58:19,389 [main] INFO  util.LogUtils (Slf4jUtils.java:setLogLevel(38)) - Successfully set org.apache.ratis.server.impl.WatchRequests log level to DEBUG
2024-01-25 07:58:19,389 [main] INFO  util.LogUtils (Slf4jUtils.java:setLogLevel(38)) - Successfully set org.apache.ratis.server.RaftServer$Division log level to DEBUG
2024-01-25 07:58:19,389 [main] INFO  util.LogUtils (Slf4jUtils.java:setLogLevel(38)) - Successfully set org.apache.ratis.grpc.client.GrpcClientRpc log level to TRACE
2024-01-25 07:58:19,389 [main] INFO  util.LogUtils (Slf4jUtils.java:setLogLevel(38)) - Successfully set org.apache.ratis.client.impl.UnorderedAsync log level to TRACE
2024-01-25 07:58:19,389 [main] INFO  util.LogUtils (Slf4jUtils.java:setLogLevel(38)) - Successfully set org.apache.ratis.client.RaftClient log level to TRACE
2024-01-25 07:58:19,390 [Time-limited test] INFO  impl.MiniRaftCluster (MiniRaftCluster.java:runWithNewCluster(134)) - Running runWithNewCluster
2024-01-25 07:58:19,390 [Time-limited test] INFO  impl.MiniRaftCluster (MiniRaftCluster.java:<init>(305)) - new MiniRaftClusterWithGrpc with group-3A17A8738BAC:[s0|localhost:15036, s1|localhost:15040, s2|localhost:15044]
2024-01-25 07:58:19,391 [Time-limited test] INFO  impl.MiniRaftCluster (MiniRaftCluster.java:start(338)) - .............................................................. 
2024-01-25 07:58:19,391 [Time-limited test] INFO  impl.MiniRaftCluster (MiniRaftCluster.java:start(339)) - ... 
2024-01-25 07:58:19,391 [Time-limited test] INFO  impl.MiniRaftCluster (MiniRaftCluster.java:start(340)) - ...     Starting MiniRaftClusterWithGrpc
2024-01-25 07:58:19,391 [Time-limited test] INFO  impl.MiniRaftCluster (MiniRaftCluster.java:start(341)) - ... 
2024-01-25 07:58:19,391 [Time-limited test] INFO  impl.MiniRaftCluster (MiniRaftCluster.java:start(342)) - .............................................................. 
2024-01-25 07:58:19,391 [Time-limited test] INFO  impl.MiniRaftCluster (MiniRaftCluster.java:initServers(317)) - servers = {}
2024-01-25 07:58:19,391 [Time-limited test] INFO  impl.MiniRaftCluster (MiniRaftCluster.java:newRaftServer(381)) - newRaftServer: s0, group-3A17A8738BAC:[s0|localhost:15036, s1|localhost:15040, s2|localhost:15044], format? true
2024-01-25 07:58:19,391 [Time-limited test] TRACE util.FileUtils (FileUtils.java:deleteFully(305)) - deleteFully target/test/data/d3464635/MiniRaftClusterWithGrpcd31523a3/s0
2024-01-25 07:58:19,391 [Time-limited test] TRACE util.FileUtils (FileUtils.java:deleteFully(318)) - deleteFully: target/test/data/d3464635/MiniRaftClusterWithGrpcd31523a3/s0 does not exist.
2024-01-25 07:58:19,391 [Time-limited test] INFO  impl.MiniRaftCluster (MiniRaftCluster.java:newRaftServer(386)) - Formatted directory target/test/data/d3464635/MiniRaftClusterWithGrpcd31523a3/s0
2024-01-25 07:58:19,392 [Time-limited test] INFO  server.RaftServer (ConfUtils.java:logGet(46)) - raft.rpc.type = GRPC (default)
2024-01-25 07:58:19,392 [Time-limited test] INFO  grpc.GrpcConfigKeys (ConfUtils.java:logFallback(53)) - raft.grpc.admin.host = null (fallback to raft.grpc.server.host)
2024-01-25 07:58:19,392 [Time-limited test] INFO  grpc.GrpcConfigKeys (ConfUtils.java:logGet(46)) - raft.grpc.admin.port = 15037 (custom)
2024-01-25 07:58:19,392 [Time-limited test] INFO  grpc.GrpcConfigKeys (ConfUtils.java:logFallback(53)) - raft.grpc.client.host = null (fallback to raft.grpc.server.host)
2024-01-25 07:58:19,392 [Time-limited test] INFO  grpc.GrpcConfigKeys (ConfUtils.java:logGet(46)) - raft.grpc.client.port = 15038 (custom)
2024-01-25 07:58:19,392 [Time-limited test] INFO  grpc.GrpcConfigKeys (ConfUtils.java:logGet(46)) - raft.grpc.server.host = null (default)
2024-01-25 07:58:19,392 [Time-limited test] INFO  grpc.GrpcConfigKeys (ConfUtils.java:logGet(46)) - raft.grpc.server.port = 15036 (custom)
2024-01-25 07:58:19,392 [Time-limited test] INFO  server.GrpcService (ConfUtils.java:logGet(46)) - raft.grpc.message.size.max = 64MB (=67108864) (default)
2024-01-25 07:58:19,393 [Time-limited test] INFO  server.RaftServerConfigKeys (ConfUtils.java:logGet(46)) - raft.server.log.appender.buffer.byte-limit = 4MB (=4194304) (default)
2024-01-25 07:58:19,393 [Time-limited test] INFO  server.GrpcService (ConfUtils.java:logGet(46)) - raft.grpc.flow.control.window = 1MB (=1048576) (default)
2024-01-25 07:58:19,393 [Time-limited test] INFO  server.RaftServerConfigKeys (ConfUtils.java:logGet(46)) - raft.server.rpc.request.timeout = 3000ms (default)
2024-01-25 07:58:19,393 [Time-limited test] INFO  grpc.GrpcConfigKeys (ConfUtils.java:logGet(46)) - raft.grpc.server.heartbeat.channel = true (default)
2024-01-25 07:58:19,393 [Time-limited test] INFO  grpc.GrpcConfigKeys (ConfUtils.java:logGet(46)) - raft.grpc.server.async.request.thread.pool.cached = true (default)
2024-01-25 07:58:19,393 [Time-limited test] INFO  grpc.GrpcConfigKeys (ConfUtils.java:logGet(46)) - raft.grpc.server.async.request.thread.pool.size = 32 (default)
2024-01-25 07:58:19,395 [Time-limited test] INFO  impl.DataStreamServerImpl (ConfUtils.java:logGet(46)) - raft.datastream.type = DISABLED (default)
2024-01-25 07:58:19,395 [Time-limited test] INFO  server.RaftServerConfigKeys (ConfUtils.java:logGet(46)) - raft.server.sleep.deviation.threshold = 300ms (default)
2024-01-25 07:58:19,395 [Time-limited test] INFO  server.RaftServerConfigKeys (ConfUtils.java:logGet(46)) - raft.server.close.threshold = 60s (default)
2024-01-25 07:58:19,395 [Time-limited test] INFO  server.RaftServerConfigKeys (ConfUtils.java:logGet(46)) - raft.server.leaderelection.leader.step-down.wait-time = 10s (default)
2024-01-25 07:58:19,395 [Time-limited test] INFO  server.RaftServerConfigKeys (ConfUtils.java:logGet(46)) - raft.server.storage.dir = [/home/runner/work/ratis/ratis/ratis-test/target/test/data/d3464635/MiniRaftClusterWithGrpcd31523a3/s0] (custom)
2024-01-25 07:58:19,395 [Time-limited test] INFO  server.RaftServerConfigKeys (ConfUtils.java:logGet(46)) - raft.server.threadpool.proxy.cached = true (default)
2024-01-25 07:58:19,395 [Time-limited test] INFO  server.RaftServerConfigKeys (ConfUtils.java:logGet(46)) - raft.server.threadpool.proxy.size = 0 (default)
2024-01-25 07:58:19,396 [Time-limited test] INFO  server.RaftServer (RaftServerProxy.java:addNew(101)) - s0: addNew group-3A17A8738BAC:[s0|localhost:15036, s1|localhost:15040, s2|localhost:15044] returns group-3A17A8738BAC:java.util.concurrent.CompletableFuture@3eb9604b[Not completed]
2024-01-25 07:58:19,396 [s0-groupManagement] INFO  server.RaftServerConfigKeys (ConfUtils.java:logGet(46)) - raft.server.log.segment.size.max = 32MB (=33554432) (default)
2024-01-25 07:58:19,396 [Time-limited test] INFO  impl.MiniRaftCluster (MiniRaftCluster.java:newRaftServer(381)) - newRaftServer: s1, group-3A17A8738BAC:[s0|localhost:15036, s1|localhost:15040, s2|localhost:15044], format? true
2024-01-25 07:58:19,396 [Time-limited test] TRACE util.FileUtils (FileUtils.java:deleteFully(305)) - deleteFully target/test/data/d3464635/MiniRaftClusterWithGrpcd31523a3/s1
2024-01-25 07:58:19,396 [s0-groupManagement] INFO  server.RaftServerConfigKeys (ConfUtils.java:logGet(46)) - raft.server.log.preallocated.size = 4MB (=4194304) (default)
2024-01-25 07:58:19,396 [Time-limited test] TRACE util.FileUtils (FileUtils.java:deleteFully(318)) - deleteFully: target/test/data/d3464635/MiniRaftClusterWithGrpcd31523a3/s1 does not exist.
2024-01-25 07:58:19,396 [s0-groupManagement] INFO  server.RaftServerConfigKeys (ConfUtils.java:logGet(46)) - raft.server.log.write.buffer.size = 8MB (=8388608) (default)
2024-01-25 07:58:19,396 [Time-limited test] INFO  impl.MiniRaftCluster (MiniRaftCluster.java:newRaftServer(386)) - Formatted directory target/test/data/d3464635/MiniRaftClusterWithGrpcd31523a3/s1
2024-01-25 07:58:19,396 [s0-groupManagement] INFO  server.RaftServer$Division (RaftServerImpl.java:<init>(211)) - s0: new RaftServerImpl for group-3A17A8738BAC:[s0|localhost:15036, s1|localhost:15040, s2|localhost:15044] with SimpleStateMachine4Testing:uninitialized
2024-01-25 07:58:19,397 [s0-groupManagement] INFO  server.RaftServerConfigKeys (ConfUtils.java:logGet(46)) - raft.server.rpc.timeout.min = 150ms (default)
2024-01-25 07:58:19,397 [s0-groupManagement] INFO  server.RaftServerConfigKeys (ConfUtils.java:logGet(46)) - raft.server.rpc.timeout.max = 300ms (default)
2024-01-25 07:58:19,397 [Time-limited test] INFO  server.RaftServer (ConfUtils.java:logGet(46)) - raft.rpc.type = GRPC (default)
2024-01-25 07:58:19,397 [s0-groupManagement] INFO  server.RaftServerConfigKeys (ConfUtils.java:logGet(46)) - raft.server.rpc.sleep.time = 25ms (default)
2024-01-25 07:58:19,397 [Time-limited test] INFO  grpc.GrpcConfigKeys (ConfUtils.java:logFallback(53)) - raft.grpc.admin.host = null (fallback to raft.grpc.server.host)
2024-01-25 07:58:19,397 [s0-groupManagement] INFO  server.RaftServerConfigKeys (ConfUtils.java:logGet(46)) - raft.server.rpc.slowness.timeout = 60s (default)
2024-01-25 07:58:19,397 [Time-limited test] INFO  grpc.GrpcConfigKeys (ConfUtils.java:logGet(46)) - raft.grpc.admin.port = 15041 (custom)
2024-01-25 07:58:19,397 [s0-groupManagement] INFO  server.RaftServerConfigKeys (ConfUtils.java:logGet(46)) - raft.server.leaderelection.leader.step-down.wait-time = 10s (default)
2024-01-25 07:58:19,397 [Time-limited test] INFO  grpc.GrpcConfigKeys (ConfUtils.java:logFallback(53)) - raft.grpc.client.host = null (fallback to raft.grpc.server.host)
2024-01-25 07:58:19,397 [s0-groupManagement] INFO  server.RaftServerConfigKeys (ConfUtils.java:logGet(46)) - raft.server.leaderelection.member.majority-add = false (default)
2024-01-25 07:58:19,397 [Time-limited test] INFO  grpc.GrpcConfigKeys (ConfUtils.java:logGet(46)) - raft.grpc.client.port = 15042 (custom)
2024-01-25 07:58:19,397 [s0-groupManagement] INFO  server.RaftServerConfigKeys (ConfUtils.java:logGet(46)) - raft.server.sleep.deviation.threshold = 300ms (default)
2024-01-25 07:58:19,397 [Time-limited test] INFO  grpc.GrpcConfigKeys (ConfUtils.java:logGet(46)) - raft.grpc.server.host = null (default)
2024-01-25 07:58:19,397 [s0-groupManagement] INFO  server.RaftServer$Division (ServerState.java:<init>(113)) - s0@group-3A17A8738BAC: ConfigurationManager, init=-1: peers:[s0|localhost:15036, s1|localhost:15040, s2|localhost:15044]|listeners:[], old=null, confs=<EMPTY_MAP>
2024-01-25 07:58:19,397 [Time-limited test] INFO  grpc.GrpcConfigKeys (ConfUtils.java:logGet(46)) - raft.grpc.server.port = 15040 (custom)
2024-01-25 07:58:19,397 [s0-groupManagement] INFO  server.RaftServerConfigKeys (ConfUtils.java:logGet(46)) - raft.server.notification.no-leader.timeout = 60s (default)
2024-01-25 07:58:19,397 [Time-limited test] INFO  server.GrpcService (ConfUtils.java:logGet(46)) - raft.grpc.message.size.max = 64MB (=67108864) (default)
2024-01-25 07:58:19,397 [s0-groupManagement] INFO  server.RaftServerConfigKeys (ConfUtils.java:logGet(46)) - raft.server.read.timeout = 10s (default)
2024-01-25 07:58:19,398 [Time-limited test] INFO  server.RaftServerConfigKeys (ConfUtils.java:logGet(46)) - raft.server.log.appender.buffer.byte-limit = 4MB (=4194304) (default)
2024-01-25 07:58:19,398 [s0-groupManagement] INFO  server.RaftServerConfigKeys (ConfUtils.java:logGet(46)) - raft.server.retrycache.expirytime = 60s (default)
2024-01-25 07:58:19,398 [Time-limited test] INFO  server.GrpcService (ConfUtils.java:logGet(46)) - raft.grpc.flow.control.window = 1MB (=1048576) (default)
2024-01-25 07:58:19,398 [s0-groupManagement] INFO  server.RaftServerConfigKeys (ConfUtils.java:logGet(46)) - raft.server.retrycache.statistics.expirytime = 100ms (default)
2024-01-25 07:58:19,398 [Time-limited test] INFO  server.RaftServerConfigKeys (ConfUtils.java:logGet(46)) - raft.server.rpc.request.timeout = 3000ms (default)
2024-01-25 07:58:19,398 [Time-limited test] INFO  grpc.GrpcConfigKeys (ConfUtils.java:logGet(46)) - raft.grpc.server.heartbeat.channel = true (default)
2024-01-25 07:58:19,398 [s0-groupManagement] INFO  server.RaftServerConfigKeys (ConfUtils.java:logGet(46)) - raft.server.read.option = DEFAULT (default)
2024-01-25 07:58:19,398 [Time-limited test] INFO  grpc.GrpcConfigKeys (ConfUtils.java:logGet(46)) - raft.grpc.server.async.request.thread.pool.cached = true (default)
2024-01-25 07:58:19,398 [s0-groupManagement] INFO  server.RaftServerConfigKeys (ConfUtils.java:logGet(46)) - raft.server.read.read-after-write-consistent.write-index-cache.expiry-time = 60s (default)
2024-01-25 07:58:19,398 [Time-limited test] INFO  grpc.GrpcConfigKeys (ConfUtils.java:logGet(46)) - raft.grpc.server.async.request.thread.pool.size = 32 (default)
2024-01-25 07:58:19,399 [s0-groupManagement] INFO  server.RaftServerConfigKeys (ConfUtils.java:logGet(46)) - raft.server.rpc.request.timeout = 3000ms (default)
2024-01-25 07:58:19,399 [s0-groupManagement] INFO  server.RaftServerConfigKeys (ConfUtils.java:logGet(46)) - raft.server.log.appender.install.snapshot.enabled = true (default)
2024-01-25 07:58:19,399 [s0-groupManagement] INFO  server.RaftServerConfigKeys (ConfUtils.java:logGet(46)) - raft.server.threadpool.server.cached = true (default)
2024-01-25 07:58:19,399 [s0-groupManagement] INFO  server.RaftServerConfigKeys (ConfUtils.java:logGet(46)) - raft.server.threadpool.server.size = 0 (default)
2024-01-25 07:58:19,400 [s0-groupManagement] INFO  server.RaftServerConfigKeys (ConfUtils.java:logGet(46)) - raft.server.threadpool.client.cached = true (default)
2024-01-25 07:58:19,400 [s0-groupManagement] INFO  server.RaftServerConfigKeys (ConfUtils.java:logGet(46)) - raft.server.threadpool.client.size = 0 (default)
2024-01-25 07:58:19,400 [Time-limited test] INFO  impl.DataStreamServerImpl (ConfUtils.java:logGet(46)) - raft.datastream.type = DISABLED (default)
2024-01-25 07:58:19,400 [Time-limited test] INFO  server.RaftServerConfigKeys (ConfUtils.java:logGet(46)) - raft.server.sleep.deviation.threshold = 300ms (default)
2024-01-25 07:58:19,400 [Time-limited test] INFO  server.RaftServerConfigKeys (ConfUtils.java:logGet(46)) - raft.server.close.threshold = 60s (default)
2024-01-25 07:58:19,400 [Time-limited test] INFO  server.RaftServerConfigKeys (ConfUtils.java:logGet(46)) - raft.server.leaderelection.leader.step-down.wait-time = 10s (default)
2024-01-25 07:58:19,400 [Time-limited test] INFO  server.RaftServerConfigKeys (ConfUtils.java:logGet(46)) - raft.server.storage.dir = [/home/runner/work/ratis/ratis/ratis-test/target/test/data/d3464635/MiniRaftClusterWithGrpcd31523a3/s1] (custom)
2024-01-25 07:58:19,400 [Time-limited test] INFO  server.RaftServerConfigKeys (ConfUtils.java:logGet(46)) - raft.server.threadpool.proxy.cached = true (default)
2024-01-25 07:58:19,400 [Time-limited test] INFO  server.RaftServerConfigKeys (ConfUtils.java:logGet(46)) - raft.server.threadpool.proxy.size = 0 (default)
2024-01-25 07:58:19,401 [Time-limited test] INFO  server.RaftServer (RaftServerProxy.java:addNew(101)) - s1: addNew group-3A17A8738BAC:[s0|localhost:15036, s1|localhost:15040, s2|localhost:15044] returns group-3A17A8738BAC:java.util.concurrent.CompletableFuture@262b3d42[Not completed]
2024-01-25 07:58:19,401 [s1-groupManagement] INFO  server.RaftServerConfigKeys (ConfUtils.java:logGet(46)) - raft.server.log.segment.size.max = 32MB (=33554432) (default)
2024-01-25 07:58:19,401 [Time-limited test] INFO  impl.MiniRaftCluster (MiniRaftCluster.java:newRaftServer(381)) - newRaftServer: s2, group-3A17A8738BAC:[s0|localhost:15036, s1|localhost:15040, s2|localhost:15044], format? true
2024-01-25 07:58:19,401 [Time-limited test] TRACE util.FileUtils (FileUtils.java:deleteFully(305)) - deleteFully target/test/data/d3464635/MiniRaftClusterWithGrpcd31523a3/s2
2024-01-25 07:58:19,401 [s1-groupManagement] INFO  server.RaftServerConfigKeys (ConfUtils.java:logGet(46)) - raft.server.log.preallocated.size = 4MB (=4194304) (default)
2024-01-25 07:58:19,401 [Time-limited test] TRACE util.FileUtils (FileUtils.java:deleteFully(318)) - deleteFully: target/test/data/d3464635/MiniRaftClusterWithGrpcd31523a3/s2 does not exist.
2024-01-25 07:58:19,401 [Time-limited test] INFO  impl.MiniRaftCluster (MiniRaftCluster.java:newRaftServer(386)) - Formatted directory target/test/data/d3464635/MiniRaftClusterWithGrpcd31523a3/s2
2024-01-25 07:58:19,401 [s1-groupManagement] INFO  server.RaftServerConfigKeys (ConfUtils.java:logGet(46)) - raft.server.log.write.buffer.size = 8MB (=8388608) (default)
2024-01-25 07:58:19,401 [s1-groupManagement] INFO  server.RaftServer$Division (RaftServerImpl.java:<init>(211)) - s1: new RaftServerImpl for group-3A17A8738BAC:[s0|localhost:15036, s1|localhost:15040, s2|localhost:15044] with SimpleStateMachine4Testing:uninitialized
2024-01-25 07:58:19,401 [Time-limited test] INFO  server.RaftServer (ConfUtils.java:logGet(46)) - raft.rpc.type = GRPC (default)
2024-01-25 07:58:19,401 [s1-groupManagement] INFO  server.RaftServerConfigKeys (ConfUtils.java:logGet(46)) - raft.server.rpc.timeout.min = 150ms (default)
2024-01-25 07:58:19,401 [Time-limited test] INFO  grpc.GrpcConfigKeys (ConfUtils.java:logFallback(53)) - raft.grpc.admin.host = null (fallback to raft.grpc.server.host)
2024-01-25 07:58:19,402 [s1-groupManagement] INFO  server.RaftServerConfigKeys (ConfUtils.java:logGet(46)) - raft.server.rpc.timeout.max = 300ms (default)
2024-01-25 07:58:19,402 [Time-limited test] INFO  grpc.GrpcConfigKeys (ConfUtils.java:logGet(46)) - raft.grpc.admin.port = 15045 (custom)
2024-01-25 07:58:19,402 [s1-groupManagement] INFO  server.RaftServerConfigKeys (ConfUtils.java:logGet(46)) - raft.server.rpc.sleep.time = 25ms (default)
2024-01-25 07:58:19,402 [Time-limited test] INFO  grpc.GrpcConfigKeys (ConfUtils.java:logFallback(53)) - raft.grpc.client.host = null (fallback to raft.grpc.server.host)
2024-01-25 07:58:19,402 [s1-groupManagement] INFO  server.RaftServerConfigKeys (ConfUtils.java:logGet(46)) - raft.server.rpc.slowness.timeout = 60s (default)
2024-01-25 07:58:19,402 [Time-limited test] INFO  grpc.GrpcConfigKeys (ConfUtils.java:logGet(46)) - raft.grpc.client.port = 15046 (custom)
2024-01-25 07:58:19,402 [s1-groupManagement] INFO  server.RaftServerConfigKeys (ConfUtils.java:logGet(46)) - raft.server.leaderelection.leader.step-down.wait-time = 10s (default)
2024-01-25 07:58:19,402 [Time-limited test] INFO  grpc.GrpcConfigKeys (ConfUtils.java:logGet(46)) - raft.grpc.server.host = null (default)
2024-01-25 07:58:19,402 [s1-groupManagement] INFO  server.RaftServerConfigKeys (ConfUtils.java:logGet(46)) - raft.server.leaderelection.member.majority-add = false (default)
2024-01-25 07:58:19,402 [Time-limited test] INFO  grpc.GrpcConfigKeys (ConfUtils.java:logGet(46)) - raft.grpc.server.port = 15044 (custom)
2024-01-25 07:58:19,402 [s1-groupManagement] INFO  server.RaftServerConfigKeys (ConfUtils.java:logGet(46)) - raft.server.sleep.deviation.threshold = 300ms (default)
2024-01-25 07:58:19,402 [Time-limited test] INFO  server.GrpcService (ConfUtils.java:logGet(46)) - raft.grpc.message.size.max = 64MB (=67108864) (default)
2024-01-25 07:58:19,402 [s1-groupManagement] INFO  server.RaftServer$Division (ServerState.java:<init>(113)) - s1@group-3A17A8738BAC: ConfigurationManager, init=-1: peers:[s0|localhost:15036, s1|localhost:15040, s2|localhost:15044]|listeners:[], old=null, confs=<EMPTY_MAP>
2024-01-25 07:58:19,402 [Time-limited test] INFO  server.RaftServerConfigKeys (ConfUtils.java:logGet(46)) - raft.server.log.appender.buffer.byte-limit = 4MB (=4194304) (default)
2024-01-25 07:58:19,402 [s1-groupManagement] INFO  server.RaftServerConfigKeys (ConfUtils.java:logGet(46)) - raft.server.notification.no-leader.timeout = 60s (default)
2024-01-25 07:58:19,402 [Time-limited test] INFO  server.GrpcService (ConfUtils.java:logGet(46)) - raft.grpc.flow.control.window = 1MB (=1048576) (default)
2024-01-25 07:58:19,402 [s1-groupManagement] INFO  server.RaftServerConfigKeys (ConfUtils.java:logGet(46)) - raft.server.read.timeout = 10s (default)
2024-01-25 07:58:19,403 [Time-limited test] INFO  server.RaftServerConfigKeys (ConfUtils.java:logGet(46)) - raft.server.rpc.request.timeout = 3000ms (default)
2024-01-25 07:58:19,403 [s1-groupManagement] INFO  server.RaftServerConfigKeys (ConfUtils.java:logGet(46)) - raft.server.retrycache.expirytime = 60s (default)
2024-01-25 07:58:19,403 [Time-limited test] INFO  grpc.GrpcConfigKeys (ConfUtils.java:logGet(46)) - raft.grpc.server.heartbeat.channel = true (default)
2024-01-25 07:58:19,403 [s1-groupManagement] INFO  server.RaftServerConfigKeys (ConfUtils.java:logGet(46)) - raft.server.retrycache.statistics.expirytime = 100ms (default)
2024-01-25 07:58:19,403 [Time-limited test] INFO  grpc.GrpcConfigKeys (ConfUtils.java:logGet(46)) - raft.grpc.server.async.request.thread.pool.cached = true (default)
2024-01-25 07:58:19,403 [s1-groupManagement] INFO  server.RaftServerConfigKeys (ConfUtils.java:logGet(46)) - raft.server.read.option = DEFAULT (default)
2024-01-25 07:58:19,403 [Time-limited test] INFO  grpc.GrpcConfigKeys (ConfUtils.java:logGet(46)) - raft.grpc.server.async.request.thread.pool.size = 32 (default)
2024-01-25 07:58:19,403 [s1-groupManagement] INFO  server.RaftServerConfigKeys (ConfUtils.java:logGet(46)) - raft.server.read.read-after-write-consistent.write-index-cache.expiry-time = 60s (default)
2024-01-25 07:58:19,404 [s1-groupManagement] INFO  server.RaftServerConfigKeys (ConfUtils.java:logGet(46)) - raft.server.rpc.request.timeout = 3000ms (default)
2024-01-25 07:58:19,404 [s1-groupManagement] INFO  server.RaftServerConfigKeys (ConfUtils.java:logGet(46)) - raft.server.log.appender.install.snapshot.enabled = true (default)
2024-01-25 07:58:19,404 [s1-groupManagement] INFO  server.RaftServerConfigKeys (ConfUtils.java:logGet(46)) - raft.server.threadpool.server.cached = true (default)
2024-01-25 07:58:19,404 [s1-groupManagement] INFO  server.RaftServerConfigKeys (ConfUtils.java:logGet(46)) - raft.server.threadpool.server.size = 0 (default)
2024-01-25 07:58:19,404 [s1-groupManagement] INFO  server.RaftServerConfigKeys (ConfUtils.java:logGet(46)) - raft.server.threadpool.client.cached = true (default)
2024-01-25 07:58:19,404 [s1-groupManagement] INFO  server.RaftServerConfigKeys (ConfUtils.java:logGet(46)) - raft.server.threadpool.client.size = 0 (default)
2024-01-25 07:58:19,404 [Time-limited test] INFO  impl.DataStreamServerImpl (ConfUtils.java:logGet(46)) - raft.datastream.type = DISABLED (default)
2024-01-25 07:58:19,405 [Time-limited test] INFO  server.RaftServerConfigKeys (ConfUtils.java:logGet(46)) - raft.server.sleep.deviation.threshold = 300ms (default)
2024-01-25 07:58:19,405 [Time-limited test] INFO  server.RaftServerConfigKeys (ConfUtils.java:logGet(46)) - raft.server.close.threshold = 60s (default)
2024-01-25 07:58:19,405 [Time-limited test] INFO  server.RaftServerConfigKeys (ConfUtils.java:logGet(46)) - raft.server.leaderelection.leader.step-down.wait-time = 10s (default)
2024-01-25 07:58:19,405 [Time-limited test] INFO  server.RaftServerConfigKeys (ConfUtils.java:logGet(46)) - raft.server.storage.dir = [/home/runner/work/ratis/ratis/ratis-test/target/test/data/d3464635/MiniRaftClusterWithGrpcd31523a3/s2] (custom)
2024-01-25 07:58:19,405 [Time-limited test] INFO  server.RaftServerConfigKeys (ConfUtils.java:logGet(46)) - raft.server.threadpool.proxy.cached = true (default)
2024-01-25 07:58:19,405 [Time-limited test] INFO  server.RaftServerConfigKeys (ConfUtils.java:logGet(46)) - raft.server.threadpool.proxy.size = 0 (default)
2024-01-25 07:58:19,406 [Time-limited test] INFO  server.RaftServer (RaftServerProxy.java:addNew(101)) - s2: addNew group-3A17A8738BAC:[s0|localhost:15036, s1|localhost:15040, s2|localhost:15044] returns group-3A17A8738BAC:java.util.concurrent.CompletableFuture@5ddb9014[Not completed]
2024-01-25 07:58:19,406 [s2-groupManagement] INFO  server.RaftServerConfigKeys (ConfUtils.java:logGet(46)) - raft.server.log.segment.size.max = 32MB (=33554432) (default)
2024-01-25 07:58:19,406 [s2-groupManagement] INFO  server.RaftServerConfigKeys (ConfUtils.java:logGet(46)) - raft.server.log.preallocated.size = 4MB (=4194304) (default)
2024-01-25 07:58:19,406 [s0-impl-thread1] INFO  server.RaftServerConfigKeys (ConfUtils.java:logGet(46)) - raft.server.storage.free-space.min = 0MB (=0) (default)
2024-01-25 07:58:19,406 [s0-impl-thread1] INFO  server.RaftServerConfigKeys (ConfUtils.java:logGet(46)) - raft.server.log.corruption.policy = EXCEPTION (default)
2024-01-25 07:58:19,406 [s0-impl-thread1] INFO  server.RaftServerConfigKeys (ConfUtils.java:logGet(46)) - raft.server.storage.dir = [/home/runner/work/ratis/ratis/ratis-test/target/test/data/d3464635/MiniRaftClusterWithGrpcd31523a3/s0] (custom)
2024-01-25 07:58:19,406 [s0-impl-thread1] INFO  storage.RaftStorageDirectory (RaftStorageDirectoryImpl.java:analyzeStorage(138)) - The storage directory /home/runner/work/ratis/ratis/ratis-test/target/test/data/d3464635/MiniRaftClusterWithGrpcd31523a3/s0/f2de60e9-d498-410e-9a0d-3a17a8738bac does not exist. Creating ...
2024-01-25 07:58:19,407 [s0-impl-thread1] TRACE util.FileUtils (LogUtils.java:runAndLog(49)) - Successfully ran Files.createDirectories /home/runner/work/ratis/ratis/ratis-test/target/test/data/d3464635/MiniRaftClusterWithGrpcd31523a3/s0/f2de60e9-d498-410e-9a0d-3a17a8738bac
2024-01-25 07:58:19,407 [s2-groupManagement] INFO  server.RaftServerConfigKeys (ConfUtils.java:logGet(46)) - raft.server.log.write.buffer.size = 8MB (=8388608) (default)
2024-01-25 07:58:19,407 [s2-groupManagement] INFO  server.RaftServer$Division (RaftServerImpl.java:<init>(211)) - s2: new RaftServerImpl for group-3A17A8738BAC:[s0|localhost:15036, s1|localhost:15040, s2|localhost:15044] with SimpleStateMachine4Testing:uninitialized
2024-01-25 07:58:19,407 [s2-groupManagement] INFO  server.RaftServerConfigKeys (ConfUtils.java:logGet(46)) - raft.server.rpc.timeout.min = 150ms (default)
2024-01-25 07:58:19,407 [s2-groupManagement] INFO  server.RaftServerConfigKeys (ConfUtils.java:logGet(46)) - raft.server.rpc.timeout.max = 300ms (default)
2024-01-25 07:58:19,407 [s2-groupManagement] INFO  server.RaftServerConfigKeys (ConfUtils.java:logGet(46)) - raft.server.rpc.sleep.time = 25ms (default)
2024-01-25 07:58:19,407 [s2-groupManagement] INFO  server.RaftServerConfigKeys (ConfUtils.java:logGet(46)) - raft.server.rpc.slowness.timeout = 60s (default)
2024-01-25 07:58:19,407 [s2-groupManagement] INFO  server.RaftServerConfigKeys (ConfUtils.java:logGet(46)) - raft.server.leaderelection.leader.step-down.wait-time = 10s (default)
2024-01-25 07:58:19,407 [s2-groupManagement] INFO  server.RaftServerConfigKeys (ConfUtils.java:logGet(46)) - raft.server.leaderelection.member.majority-add = false (default)
2024-01-25 07:58:19,407 [s2-groupManagement] INFO  server.RaftServerConfigKeys (ConfUtils.java:logGet(46)) - raft.server.sleep.deviation.threshold = 300ms (default)
2024-01-25 07:58:19,407 [s2-groupManagement] INFO  server.RaftServer$Division (ServerState.java:<init>(113)) - s2@group-3A17A8738BAC: ConfigurationManager, init=-1: peers:[s0|localhost:15036, s1|localhost:15040, s2|localhost:15044]|listeners:[], old=null, confs=<EMPTY_MAP>
2024-01-25 07:58:19,407 [s2-groupManagement] INFO  server.RaftServerConfigKeys (ConfUtils.java:logGet(46)) - raft.server.notification.no-leader.timeout = 60s (default)
2024-01-25 07:58:19,407 [s2-groupManagement] INFO  server.RaftServerConfigKeys (ConfUtils.java:logGet(46)) - raft.server.read.timeout = 10s (default)
2024-01-25 07:58:19,407 [s2-groupManagement] INFO  server.RaftServerConfigKeys (ConfUtils.java:logGet(46)) - raft.server.retrycache.expirytime = 60s (default)
2024-01-25 07:58:19,407 [s0-impl-thread1] INFO  storage.RaftStorageDirectory (RaftStorageDirectoryImpl.java:tryLock(228)) - Lock on /home/runner/work/ratis/ratis/ratis-test/target/test/data/d3464635/MiniRaftClusterWithGrpcd31523a3/s0/f2de60e9-d498-410e-9a0d-3a17a8738bac/in_use.lock acquired by nodename 21818@fv-az1458-491
2024-01-25 07:58:19,408 [s2-groupManagement] INFO  server.RaftServerConfigKeys (ConfUtils.java:logGet(46)) - raft.server.retrycache.statistics.expirytime = 100ms (default)
2024-01-25 07:58:19,408 [s0-impl-thread1] TRACE util.FileUtils (LogUtils.java:runAndLog(49)) - Successfully ran Files.createDirectories /home/runner/work/ratis/ratis/ratis-test/target/test/data/d3464635/MiniRaftClusterWithGrpcd31523a3/s0/f2de60e9-d498-410e-9a0d-3a17a8738bac/current
2024-01-25 07:58:19,408 [s2-groupManagement] INFO  server.RaftServerConfigKeys (ConfUtils.java:logGet(46)) - raft.server.read.option = DEFAULT (default)
2024-01-25 07:58:19,408 [s0-impl-thread1] TRACE util.FileUtils (LogUtils.java:runAndLog(49)) - Successfully ran Files.createDirectories /home/runner/work/ratis/ratis/ratis-test/target/test/data/d3464635/MiniRaftClusterWithGrpcd31523a3/s0/f2de60e9-d498-410e-9a0d-3a17a8738bac/sm
2024-01-25 07:58:19,408 [s2-groupManagement] INFO  server.RaftServerConfigKeys (ConfUtils.java:logGet(46)) - raft.server.read.read-after-write-consistent.write-index-cache.expiry-time = 60s (default)
2024-01-25 07:58:19,408 [s0-impl-thread1] TRACE util.FileUtils (LogUtils.java:supplyAndLog(69)) - Successfully supplied FileChannel.open /home/runner/work/ratis/ratis/ratis-test/target/test/data/d3464635/MiniRaftClusterWithGrpcd31523a3/s0/f2de60e9-d498-410e-9a0d-3a17a8738bac/current/raft-meta.tmp with options [CREATE, WRITE]: sun.nio.ch.FileChannelImpl@77e993cb
2024-01-25 07:58:19,409 [s0-impl-thread1] TRACE util.FileUtils (LogUtils.java:runAndLog(49)) - Successfully ran Atomic Files.move /home/runner/work/ratis/ratis/ratis-test/target/test/data/d3464635/MiniRaftClusterWithGrpcd31523a3/s0/f2de60e9-d498-410e-9a0d-3a17a8738bac/current/raft-meta.tmp to /home/runner/work/ratis/ratis/ratis-test/target/test/data/d3464635/MiniRaftClusterWithGrpcd31523a3/s0/f2de60e9-d498-410e-9a0d-3a17a8738bac/current/raft-meta with options [REPLACE_EXISTING]
2024-01-25 07:58:19,409 [s0-impl-thread1] INFO  storage.RaftStorage (RaftStorageImpl.java:format(99)) - Storage directory /home/runner/work/ratis/ratis/ratis-test/target/test/data/d3464635/MiniRaftClusterWithGrpcd31523a3/s0/f2de60e9-d498-410e-9a0d-3a17a8738bac has been successfully formatted.
2024-01-25 07:58:19,409 [s2-groupManagement] INFO  server.RaftServerConfigKeys (ConfUtils.java:logGet(46)) - raft.server.rpc.request.timeout = 3000ms (default)
2024-01-25 07:58:19,409 [s2-groupManagement] INFO  server.RaftServerConfigKeys (ConfUtils.java:logGet(46)) - raft.server.log.appender.install.snapshot.enabled = true (default)
2024-01-25 07:58:19,409 [s0-impl-thread1] TRACE util.FileUtils (LogUtils.java:supplyAndLog(61)) - Failed to Files.newInputStream /home/runner/work/ratis/ratis/ratis-test/target/test/data/d3464635/MiniRaftClusterWithGrpcd31523a3/s0/f2de60e9-d498-410e-9a0d-3a17a8738bac/current/raft-meta.conf with options []
java.nio.file.NoSuchFileException: /home/runner/work/ratis/ratis/ratis-test/target/test/data/d3464635/MiniRaftClusterWithGrpcd31523a3/s0/f2de60e9-d498-410e-9a0d-3a17a8738bac/current/raft-meta.conf
	at sun.nio.fs.UnixException.translateToIOException(UnixException.java:86)
	at sun.nio.fs.UnixException.rethrowAsIOException(UnixException.java:102)
	at sun.nio.fs.UnixException.rethrowAsIOException(UnixException.java:107)
	at sun.nio.fs.UnixFileSystemProvider.newByteChannel(UnixFileSystemProvider.java:214)
	at java.nio.file.Files.newByteChannel(Files.java:361)
	at java.nio.file.Files.newByteChannel(Files.java:407)
	at java.nio.file.spi.FileSystemProvider.newInputStream(FileSystemProvider.java:384)
	at java.nio.file.Files.newInputStream(Files.java:152)
	at org.apache.ratis.util.FileUtils.lambda$newInputStream$2(FileUtils.java:73)
	at org.apache.ratis.util.LogUtils.supplyAndLog(LogUtils.java:58)
	at org.apache.ratis.util.FileUtils.newInputStream(FileUtils.java:72)
	at org.apache.ratis.util.FileUtils.newInputStream(FileUtils.java:68)
	at org.apache.ratis.server.storage.RaftStorageImpl.readRaftConfiguration(RaftStorageImpl.java:156)
	at org.apache.ratis.server.impl.ServerState.initialize(ServerState.java:141)
	at org.apache.ratis.server.impl.RaftServerImpl.start(RaftServerImpl.java:342)
	at org.apache.ratis.util.ConcurrentUtils.accept(ConcurrentUtils.java:203)
	at org.apache.ratis.util.ConcurrentUtils.lambda$null$4(ConcurrentUtils.java:182)
	at java.util.concurrent.ThreadPoolExecutor.runWorker(ThreadPoolExecutor.java:1149)
	at java.util.concurrent.ThreadPoolExecutor$Worker.run(ThreadPoolExecutor.java:624)
	at java.lang.Thread.run(Thread.java:750)
2024-01-25 07:58:19,409 [s0-impl-thread1] INFO  impl.SimpleStateMachine4Testing (SimpleStateMachine4Testing.java:initialize(213)) - Initializing SimpleStateMachine4Testing:uninitialized
2024-01-25 07:58:19,409 [s2-groupManagement] INFO  server.RaftServerConfigKeys (ConfUtils.java:logGet(46)) - raft.server.threadpool.server.cached = true (default)
2024-01-25 07:58:19,409 [s0-impl-thread1] INFO  impl.SimpleStateMachine4Testing (SimpleStateMachine4Testing.java:loadSnapshot(296)) - Loading snapshot null
2024-01-25 07:58:19,409 [s2-groupManagement] INFO  server.RaftServerConfigKeys (ConfUtils.java:logGet(46)) - raft.server.threadpool.server.size = 0 (default)
2024-01-25 07:58:19,409 [s0-impl-thread1] INFO  server.RaftServerConfigKeys (ConfUtils.java:logGet(46)) - raft.server.log.use.memory = false (default)
2024-01-25 07:58:19,409 [s2-groupManagement] INFO  server.RaftServerConfigKeys (ConfUtils.java:logGet(46)) - raft.server.threadpool.client.cached = true (default)
2024-01-25 07:58:19,409 [s2-groupManagement] INFO  server.RaftServerConfigKeys (ConfUtils.java:logGet(46)) - raft.server.threadpool.client.size = 0 (default)
2024-01-25 07:58:19,409 [s0-impl-thread1] INFO  server.RaftServerConfigKeys (ConfUtils.java:logGet(46)) - raft.server.log.purge.gap = 1024 (default)
2024-01-25 07:58:19,410 [s0-impl-thread1] INFO  server.RaftServerConfigKeys (ConfUtils.java:logGet(46)) - raft.server.log.appender.buffer.byte-limit = 4MB (=4194304) (default)
2024-01-25 07:58:19,410 [s0-impl-thread1] INFO  server.RaftServerConfigKeys (ConfUtils.java:logGet(46)) - raft.server.log.statemachine.data.read.timeout = 1000ms (default)
2024-01-25 07:58:19,410 [s0-impl-thread1] INFO  server.RaftServerConfigKeys (ConfUtils.java:logGet(46)) - raft.server.log.purge.preservation.log.num = 0 (default)
2024-01-25 07:58:19,410 [s0-impl-thread1] INFO  server.RaftServerConfigKeys (ConfUtils.java:logGet(46)) - raft.server.log.segment.size.max = 32MB (=33554432) (default)
2024-01-25 07:58:19,410 [s0-impl-thread1] INFO  server.RaftServerConfigKeys (ConfUtils.java:logGet(46)) - raft.server.log.segment.cache.num.max = 6 (default)
2024-01-25 07:58:19,410 [s0-impl-thread1] INFO  server.RaftServerConfigKeys (ConfUtils.java:logGet(46)) - raft.server.log.segment.cache.size.max = 200MB (=209715200) (default)
2024-01-25 07:58:19,410 [s0-impl-thread1] INFO  server.RaftServerConfigKeys (ConfUtils.java:logGet(46)) - raft.server.log.appender.buffer.byte-limit = 4MB (=4194304) (default)
2024-01-25 07:58:19,410 [s0-impl-thread1] INFO  util.AwaitToRun (AwaitToRun.java:start(81)) - Thread[s0@group-3A17A8738BAC-cacheEviction-AwaitToRun,5,main] started
2024-01-25 07:58:19,411 [s0-impl-thread1] INFO  segmented.SegmentedRaftLogWorker (SegmentedRaftLogWorker.java:<init>(182)) - new s0@group-3A17A8738BAC-SegmentedRaftLogWorker for RaftStorageImpl:Storage Directory /home/runner/work/ratis/ratis/ratis-test/target/test/data/d3464635/MiniRaftClusterWithGrpcd31523a3/s0/f2de60e9-d498-410e-9a0d-3a17a8738bac
2024-01-25 07:58:19,411 [s0-impl-thread1] INFO  server.RaftServerConfigKeys (ConfUtils.java:logGet(46)) - raft.server.log.queue.byte-limit = 64MB (=67108864) (default)
2024-01-25 07:58:19,411 [s0-impl-thread1] INFO  server.RaftServerConfigKeys (ConfUtils.java:logGet(46)) - raft.server.log.queue.element-limit = 4096 (default)
2024-01-25 07:58:19,411 [s0-impl-thread1] INFO  server.RaftServerConfigKeys (ConfUtils.java:logGet(46)) - raft.server.log.segment.size.max = 32MB (=33554432) (default)
2024-01-25 07:58:19,411 [s0-impl-thread1] INFO  server.RaftServerConfigKeys (ConfUtils.java:logGet(46)) - raft.server.log.preallocated.size = 4MB (=4194304) (default)
2024-01-25 07:58:19,411 [s0-impl-thread1] INFO  server.RaftServerConfigKeys (ConfUtils.java:logGet(46)) - raft.server.log.force.sync.num = 128 (default)
2024-01-25 07:58:19,411 [s0-impl-thread1] INFO  server.RaftServerConfigKeys (ConfUtils.java:logGet(46)) - raft.server.log.statemachine.data.sync = true (default)
2024-01-25 07:58:19,411 [s0-impl-thread1] INFO  server.RaftServerConfigKeys (ConfUtils.java:logGet(46)) - raft.server.log.statemachine.data.sync.timeout = 10s (default)
2024-01-25 07:58:19,411 [s0-impl-thread1] INFO  server.RaftServerConfigKeys (ConfUtils.java:logGet(46)) - raft.server.log.statemachine.data.sync.timeout.retry = -1 (default)
2024-01-25 07:58:19,411 [s0-impl-thread1] INFO  server.RaftServerConfigKeys (ConfUtils.java:logGet(46)) - raft.server.log.write.buffer.size = 8MB (=8388608) (default)
2024-01-25 07:58:19,413 [s0-impl-thread1] INFO  server.RaftServerConfigKeys (ConfUtils.java:logGet(46)) - raft.server.log.appender.buffer.byte-limit = 4MB (=4194304) (default)
2024-01-25 07:58:19,413 [s0-impl-thread1] INFO  server.RaftServerConfigKeys (ConfUtils.java:logGet(46)) - raft.server.log.unsafe-flush.enabled = false (default)
2024-01-25 07:58:19,413 [s0-impl-thread1] INFO  server.RaftServerConfigKeys (ConfUtils.java:logGet(46)) - raft.server.log.async-flush.enabled = false (default)
2024-01-25 07:58:19,413 [s0-impl-thread1] INFO  server.RaftServerConfigKeys (ConfUtils.java:logGet(46)) - raft.server.log.statemachine.data.caching.enabled = false (default)
2024-01-25 07:58:19,413 [s0-impl-thread1] INFO  segmented.SegmentedRaftLogWorker (SegmentedRaftLogWorker.java:lambda$new$0(134)) - s0@group-3A17A8738BAC-SegmentedRaftLogWorker: flushIndex: setUnconditionally 0 -> -1
2024-01-25 07:58:19,413 [s0-impl-thread1] INFO  segmented.SegmentedRaftLogWorker (SegmentedRaftLogWorker.java:lambda$new$0(134)) - s0@group-3A17A8738BAC-SegmentedRaftLogWorker: safeCacheEvictIndex: setUnconditionally 0 -> -1
2024-01-25 07:58:19,414 [s0-impl-thread1] INFO  server.RaftServer$Division (RaftServerImpl.java:start(346)) - s0@group-3A17A8738BAC: start as a follower, conf=-1: peers:[s0|localhost:15036, s1|localhost:15040, s2|localhost:15044]|listeners:[], old=null
2024-01-25 07:58:19,414 [s0-impl-thread1] INFO  server.RaftServer$Division (RaftServerImpl.java:setRole(333)) - s0@group-3A17A8738BAC: changes role from      null to FOLLOWER at term 0 for startAsFollower
2024-01-25 07:58:19,414 [s0-impl-thread1] INFO  impl.RoleInfo (RoleInfo.java:updateAndGet(140)) - s0: start s0@group-3A17A8738BAC-FollowerState
2024-01-25 07:58:19,414 [s0@group-3A17A8738BAC-FollowerState] INFO  server.RaftServerConfigKeys (ConfUtils.java:logFallback(53)) - raft.server.rpc.first-election.timeout.min = 150ms (fallback to raft.server.rpc.timeout.min)
2024-01-25 07:58:19,414 [s0-impl-thread1] INFO  util.JmxRegister (JmxRegister.java:tryRegister(44)) - Successfully registered JMX Bean with object name Ratis:service=RaftServer,group=group-3A17A8738BAC,id=s0
2024-01-25 07:58:19,414 [s0-impl-thread1] INFO  util.JmxRegister (JmxRegister.java:register(58)) - register mxBean class org.apache.ratis.server.impl.RaftServerJmxAdapter as Ratis:service=RaftServer,group=group-3A17A8738BAC,id=s0
2024-01-25 07:58:19,414 [s0@group-3A17A8738BAC-FollowerState] INFO  server.RaftServerConfigKeys (ConfUtils.java:logFallback(53)) - raft.server.rpc.first-election.timeout.max = 300ms (fallback to raft.server.rpc.timeout.max)
2024-01-25 07:58:19,414 [s0-impl-thread1] INFO  server.RaftServerConfigKeys (ConfUtils.java:logGet(46)) - raft.server.snapshot.trigger-when-stop.enabled = true (default)
2024-01-25 07:58:19,414 [s0-impl-thread1] INFO  server.RaftServerConfigKeys (ConfUtils.java:logGet(46)) - raft.server.snapshot.auto.trigger.enabled = false (default)
2024-01-25 07:58:19,414 [s0-impl-thread1] INFO  server.RaftServerConfigKeys (ConfUtils.java:logGet(46)) - raft.server.snapshot.retention.file.num = -1 (default)
2024-01-25 07:58:19,414 [s0-impl-thread1] INFO  server.RaftServerConfigKeys (ConfUtils.java:logGet(46)) - raft.server.log.purge.upto.snapshot.index = false (default)
2024-01-25 07:58:19,415 [Time-limited test] INFO  server.RaftServer (RaftServerProxy.java:startImpl(407)) - s0: start RPC server
2024-01-25 07:58:19,416 [Time-limited test] INFO  server.GrpcService (GrpcService.java:startImpl(308)) - s0: GrpcService started, listening on 15038
2024-01-25 07:58:19,417 [Time-limited test] INFO  server.GrpcService (GrpcService.java:startImpl(308)) - s0: GrpcService started, listening on 15036
2024-01-25 07:58:19,418 [Time-limited test] INFO  server.GrpcService (GrpcService.java:startImpl(308)) - s0: GrpcService started, listening on 15037
2024-01-25 07:58:19,418 [s1-impl-thread1] INFO  server.RaftServerConfigKeys (ConfUtils.java:logGet(46)) - raft.server.storage.free-space.min = 0MB (=0) (default)
2024-01-25 07:58:19,418 [s1-impl-thread1] INFO  server.RaftServerConfigKeys (ConfUtils.java:logGet(46)) - raft.server.log.corruption.policy = EXCEPTION (default)
2024-01-25 07:58:19,418 [s1-impl-thread1] INFO  server.RaftServerConfigKeys (ConfUtils.java:logGet(46)) - raft.server.storage.dir = [/home/runner/work/ratis/ratis/ratis-test/target/test/data/d3464635/MiniRaftClusterWithGrpcd31523a3/s1] (custom)
2024-01-25 07:58:19,418 [s1-impl-thread1] INFO  storage.RaftStorageDirectory (RaftStorageDirectoryImpl.java:analyzeStorage(138)) - The storage directory /home/runner/work/ratis/ratis/ratis-test/target/test/data/d3464635/MiniRaftClusterWithGrpcd31523a3/s1/f2de60e9-d498-410e-9a0d-3a17a8738bac does not exist. Creating ...
2024-01-25 07:58:19,418 [s1-impl-thread1] TRACE util.FileUtils (LogUtils.java:runAndLog(49)) - Successfully ran Files.createDirectories /home/runner/work/ratis/ratis/ratis-test/target/test/data/d3464635/MiniRaftClusterWithGrpcd31523a3/s1/f2de60e9-d498-410e-9a0d-3a17a8738bac
2024-01-25 07:58:19,418 [JvmPauseMonitor9] INFO  util.JvmPauseMonitor (JvmPauseMonitor.java:run(146)) - JvmPauseMonitor-s0: Started
2024-01-25 07:58:19,419 [s1-impl-thread1] INFO  storage.RaftStorageDirectory (RaftStorageDirectoryImpl.java:tryLock(228)) - Lock on /home/runner/work/ratis/ratis/ratis-test/target/test/data/d3464635/MiniRaftClusterWithGrpcd31523a3/s1/f2de60e9-d498-410e-9a0d-3a17a8738bac/in_use.lock acquired by nodename 21818@fv-az1458-491
2024-01-25 07:58:19,419 [s1-impl-thread1] TRACE util.FileUtils (LogUtils.java:runAndLog(49)) - Successfully ran Files.createDirectories /home/runner/work/ratis/ratis/ratis-test/target/test/data/d3464635/MiniRaftClusterWithGrpcd31523a3/s1/f2de60e9-d498-410e-9a0d-3a17a8738bac/current
2024-01-25 07:58:19,419 [s1-impl-thread1] TRACE util.FileUtils (LogUtils.java:runAndLog(49)) - Successfully ran Files.createDirectories /home/runner/work/ratis/ratis/ratis-test/target/test/data/d3464635/MiniRaftClusterWithGrpcd31523a3/s1/f2de60e9-d498-410e-9a0d-3a17a8738bac/sm
2024-01-25 07:58:19,419 [s1-impl-thread1] TRACE util.FileUtils (LogUtils.java:supplyAndLog(69)) - Successfully supplied FileChannel.open /home/runner/work/ratis/ratis/ratis-test/target/test/data/d3464635/MiniRaftClusterWithGrpcd31523a3/s1/f2de60e9-d498-410e-9a0d-3a17a8738bac/current/raft-meta.tmp with options [CREATE, WRITE]: sun.nio.ch.FileChannelImpl@4a42c59a
2024-01-25 07:58:19,421 [s1-impl-thread1] TRACE util.FileUtils (LogUtils.java:runAndLog(49)) - Successfully ran Atomic Files.move /home/runner/work/ratis/ratis/ratis-test/target/test/data/d3464635/MiniRaftClusterWithGrpcd31523a3/s1/f2de60e9-d498-410e-9a0d-3a17a8738bac/current/raft-meta.tmp to /home/runner/work/ratis/ratis/ratis-test/target/test/data/d3464635/MiniRaftClusterWithGrpcd31523a3/s1/f2de60e9-d498-410e-9a0d-3a17a8738bac/current/raft-meta with options [REPLACE_EXISTING]
2024-01-25 07:58:19,421 [s1-impl-thread1] INFO  storage.RaftStorage (RaftStorageImpl.java:format(99)) - Storage directory /home/runner/work/ratis/ratis/ratis-test/target/test/data/d3464635/MiniRaftClusterWithGrpcd31523a3/s1/f2de60e9-d498-410e-9a0d-3a17a8738bac has been successfully formatted.
2024-01-25 07:58:19,421 [s1-impl-thread1] TRACE util.FileUtils (LogUtils.java:supplyAndLog(61)) - Failed to Files.newInputStream /home/runner/work/ratis/ratis/ratis-test/target/test/data/d3464635/MiniRaftClusterWithGrpcd31523a3/s1/f2de60e9-d498-410e-9a0d-3a17a8738bac/current/raft-meta.conf with options []
java.nio.file.NoSuchFileException: /home/runner/work/ratis/ratis/ratis-test/target/test/data/d3464635/MiniRaftClusterWithGrpcd31523a3/s1/f2de60e9-d498-410e-9a0d-3a17a8738bac/current/raft-meta.conf
	at sun.nio.fs.UnixException.translateToIOException(UnixException.java:86)
	at sun.nio.fs.UnixException.rethrowAsIOException(UnixException.java:102)
	at sun.nio.fs.UnixException.rethrowAsIOException(UnixException.java:107)
	at sun.nio.fs.UnixFileSystemProvider.newByteChannel(UnixFileSystemProvider.java:214)
	at java.nio.file.Files.newByteChannel(Files.java:361)
	at java.nio.file.Files.newByteChannel(Files.java:407)
	at java.nio.file.spi.FileSystemProvider.newInputStream(FileSystemProvider.java:384)
	at java.nio.file.Files.newInputStream(Files.java:152)
	at org.apache.ratis.util.FileUtils.lambda$newInputStream$2(FileUtils.java:73)
	at org.apache.ratis.util.LogUtils.supplyAndLog(LogUtils.java:58)
	at org.apache.ratis.util.FileUtils.newInputStream(FileUtils.java:72)
	at org.apache.ratis.util.FileUtils.newInputStream(FileUtils.java:68)
	at org.apache.ratis.server.storage.RaftStorageImpl.readRaftConfiguration(RaftStorageImpl.java:156)
	at org.apache.ratis.server.impl.ServerState.initialize(ServerState.java:141)
	at org.apache.ratis.server.impl.RaftServerImpl.start(RaftServerImpl.java:342)
	at org.apache.ratis.util.ConcurrentUtils.accept(ConcurrentUtils.java:203)
	at org.apache.ratis.util.ConcurrentUtils.lambda$null$4(ConcurrentUtils.java:182)
	at java.util.concurrent.ThreadPoolExecutor.runWorker(ThreadPoolExecutor.java:1149)
	at java.util.concurrent.ThreadPoolExecutor$Worker.run(ThreadPoolExecutor.java:624)
	at java.lang.Thread.run(Thread.java:750)
2024-01-25 07:58:19,421 [s1-impl-thread1] INFO  impl.SimpleStateMachine4Testing (SimpleStateMachine4Testing.java:initialize(213)) - Initializing SimpleStateMachine4Testing:uninitialized
2024-01-25 07:58:19,421 [s1-impl-thread1] INFO  impl.SimpleStateMachine4Testing (SimpleStateMachine4Testing.java:loadSnapshot(296)) - Loading snapshot null
2024-01-25 07:58:19,422 [s1-impl-thread1] INFO  server.RaftServerConfigKeys (ConfUtils.java:logGet(46)) - raft.server.log.use.memory = false (default)
2024-01-25 07:58:19,422 [s1-impl-thread1] INFO  server.RaftServerConfigKeys (ConfUtils.java:logGet(46)) - raft.server.log.purge.gap = 1024 (default)
2024-01-25 07:58:19,422 [s1-impl-thread1] INFO  server.RaftServerConfigKeys (ConfUtils.java:logGet(46)) - raft.server.log.appender.buffer.byte-limit = 4MB (=4194304) (default)
2024-01-25 07:58:19,422 [s1-impl-thread1] INFO  server.RaftServerConfigKeys (ConfUtils.java:logGet(46)) - raft.server.log.statemachine.data.read.timeout = 1000ms (default)
2024-01-25 07:58:19,422 [s1-impl-thread1] INFO  server.RaftServerConfigKeys (ConfUtils.java:logGet(46)) - raft.server.log.purge.preservation.log.num = 0 (default)
2024-01-25 07:58:19,422 [s1-impl-thread1] INFO  server.RaftServerConfigKeys (ConfUtils.java:logGet(46)) - raft.server.log.segment.size.max = 32MB (=33554432) (default)
2024-01-25 07:58:19,422 [s1-impl-thread1] INFO  server.RaftServerConfigKeys (ConfUtils.java:logGet(46)) - raft.server.log.segment.cache.num.max = 6 (default)
2024-01-25 07:58:19,422 [s1-impl-thread1] INFO  server.RaftServerConfigKeys (ConfUtils.java:logGet(46)) - raft.server.log.segment.cache.size.max = 200MB (=209715200) (default)
2024-01-25 07:58:19,422 [s1-impl-thread1] INFO  server.RaftServerConfigKeys (ConfUtils.java:logGet(46)) - raft.server.log.appender.buffer.byte-limit = 4MB (=4194304) (default)
2024-01-25 07:58:19,422 [s1-impl-thread1] INFO  util.AwaitToRun (AwaitToRun.java:start(81)) - Thread[s1@group-3A17A8738BAC-cacheEviction-AwaitToRun,5,main] started
2024-01-25 07:58:19,422 [s1-impl-thread1] INFO  segmented.SegmentedRaftLogWorker (SegmentedRaftLogWorker.java:<init>(182)) - new s1@group-3A17A8738BAC-SegmentedRaftLogWorker for RaftStorageImpl:Storage Directory /home/runner/work/ratis/ratis/ratis-test/target/test/data/d3464635/MiniRaftClusterWithGrpcd31523a3/s1/f2de60e9-d498-410e-9a0d-3a17a8738bac
2024-01-25 07:58:19,422 [s1-impl-thread1] INFO  server.RaftServerConfigKeys (ConfUtils.java:logGet(46)) - raft.server.log.queue.byte-limit = 64MB (=67108864) (default)
2024-01-25 07:58:19,422 [s1-impl-thread1] INFO  server.RaftServerConfigKeys (ConfUtils.java:logGet(46)) - raft.server.log.queue.element-limit = 4096 (default)
2024-01-25 07:58:19,422 [s1-impl-thread1] INFO  server.RaftServerConfigKeys (ConfUtils.java:logGet(46)) - raft.server.log.segment.size.max = 32MB (=33554432) (default)
2024-01-25 07:58:19,423 [s1-impl-thread1] INFO  server.RaftServerConfigKeys (ConfUtils.java:logGet(46)) - raft.server.log.preallocated.size = 4MB (=4194304) (default)
2024-01-25 07:58:19,423 [s1-impl-thread1] INFO  server.RaftServerConfigKeys (ConfUtils.java:logGet(46)) - raft.server.log.force.sync.num = 128 (default)
2024-01-25 07:58:19,423 [s1-impl-thread1] INFO  server.RaftServerConfigKeys (ConfUtils.java:logGet(46)) - raft.server.log.statemachine.data.sync = true (default)
2024-01-25 07:58:19,423 [s1-impl-thread1] INFO  server.RaftServerConfigKeys (ConfUtils.java:logGet(46)) - raft.server.log.statemachine.data.sync.timeout = 10s (default)
2024-01-25 07:58:19,423 [s1-impl-thread1] INFO  server.RaftServerConfigKeys (ConfUtils.java:logGet(46)) - raft.server.log.statemachine.data.sync.timeout.retry = -1 (default)
2024-01-25 07:58:19,423 [s1-impl-thread1] INFO  server.RaftServerConfigKeys (ConfUtils.java:logGet(46)) - raft.server.log.write.buffer.size = 8MB (=8388608) (default)
2024-01-25 07:58:19,424 [s1-impl-thread1] INFO  server.RaftServerConfigKeys (ConfUtils.java:logGet(46)) - raft.server.log.appender.buffer.byte-limit = 4MB (=4194304) (default)
2024-01-25 07:58:19,424 [s1-impl-thread1] INFO  server.RaftServerConfigKeys (ConfUtils.java:logGet(46)) - raft.server.log.unsafe-flush.enabled = false (default)
2024-01-25 07:58:19,424 [s1-impl-thread1] INFO  server.RaftServerConfigKeys (ConfUtils.java:logGet(46)) - raft.server.log.async-flush.enabled = false (default)
2024-01-25 07:58:19,424 [s1-impl-thread1] INFO  server.RaftServerConfigKeys (ConfUtils.java:logGet(46)) - raft.server.log.statemachine.data.caching.enabled = false (default)
2024-01-25 07:58:19,424 [s1-impl-thread1] INFO  segmented.SegmentedRaftLogWorker (SegmentedRaftLogWorker.java:lambda$new$0(134)) - s1@group-3A17A8738BAC-SegmentedRaftLogWorker: flushIndex: setUnconditionally 0 -> -1
2024-01-25 07:58:19,424 [s1-impl-thread1] INFO  segmented.SegmentedRaftLogWorker (SegmentedRaftLogWorker.java:lambda$new$0(134)) - s1@group-3A17A8738BAC-SegmentedRaftLogWorker: safeCacheEvictIndex: setUnconditionally 0 -> -1
2024-01-25 07:58:19,425 [s1-impl-thread1] INFO  server.RaftServer$Division (RaftServerImpl.java:start(346)) - s1@group-3A17A8738BAC: start as a follower, conf=-1: peers:[s0|localhost:15036, s1|localhost:15040, s2|localhost:15044]|listeners:[], old=null
2024-01-25 07:58:19,425 [s1-impl-thread1] INFO  server.RaftServer$Division (RaftServerImpl.java:setRole(333)) - s1@group-3A17A8738BAC: changes role from      null to FOLLOWER at term 0 for startAsFollower
2024-01-25 07:58:19,425 [s1-impl-thread1] INFO  impl.RoleInfo (RoleInfo.java:updateAndGet(140)) - s1: start s1@group-3A17A8738BAC-FollowerState
2024-01-25 07:58:19,425 [s1@group-3A17A8738BAC-FollowerState] INFO  server.RaftServerConfigKeys (ConfUtils.java:logFallback(53)) - raft.server.rpc.first-election.timeout.min = 150ms (fallback to raft.server.rpc.timeout.min)
2024-01-25 07:58:19,425 [s1@group-3A17A8738BAC-FollowerState] INFO  server.RaftServerConfigKeys (ConfUtils.java:logFallback(53)) - raft.server.rpc.first-election.timeout.max = 300ms (fallback to raft.server.rpc.timeout.max)
2024-01-25 07:58:19,425 [s1-impl-thread1] INFO  util.JmxRegister (JmxRegister.java:tryRegister(44)) - Successfully registered JMX Bean with object name Ratis:service=RaftServer,group=group-3A17A8738BAC,id=s1
2024-01-25 07:58:19,425 [s1-impl-thread1] INFO  util.JmxRegister (JmxRegister.java:register(58)) - register mxBean class org.apache.ratis.server.impl.RaftServerJmxAdapter as Ratis:service=RaftServer,group=group-3A17A8738BAC,id=s1
2024-01-25 07:58:19,425 [s1-impl-thread1] INFO  server.RaftServerConfigKeys (ConfUtils.java:logGet(46)) - raft.server.snapshot.trigger-when-stop.enabled = true (default)
2024-01-25 07:58:19,425 [s1-impl-thread1] INFO  server.RaftServerConfigKeys (ConfUtils.java:logGet(46)) - raft.server.snapshot.auto.trigger.enabled = false (default)
2024-01-25 07:58:19,425 [s1-impl-thread1] INFO  server.RaftServerConfigKeys (ConfUtils.java:logGet(46)) - raft.server.snapshot.retention.file.num = -1 (default)
2024-01-25 07:58:19,425 [s1-impl-thread1] INFO  server.RaftServerConfigKeys (ConfUtils.java:logGet(46)) - raft.server.log.purge.upto.snapshot.index = false (default)
2024-01-25 07:58:19,425 [Time-limited test] INFO  server.RaftServer (RaftServerProxy.java:startImpl(407)) - s1: start RPC server
2024-01-25 07:58:19,426 [Time-limited test] INFO  server.GrpcService (GrpcService.java:startImpl(308)) - s1: GrpcService started, listening on 15042
2024-01-25 07:58:19,426 [Time-limited test] INFO  server.GrpcService (GrpcService.java:startImpl(308)) - s1: GrpcService started, listening on 15040
2024-01-25 07:58:19,427 [Time-limited test] INFO  server.GrpcService (GrpcService.java:startImpl(308)) - s1: GrpcService started, listening on 15041
2024-01-25 07:58:19,427 [JvmPauseMonitor10] INFO  util.JvmPauseMonitor (JvmPauseMonitor.java:run(146)) - JvmPauseMonitor-s1: Started
2024-01-25 07:58:19,427 [s2-impl-thread1] INFO  server.RaftServerConfigKeys (ConfUtils.java:logGet(46)) - raft.server.storage.free-space.min = 0MB (=0) (default)
2024-01-25 07:58:19,427 [s2-impl-thread1] INFO  server.RaftServerConfigKeys (ConfUtils.java:logGet(46)) - raft.server.log.corruption.policy = EXCEPTION (default)
2024-01-25 07:58:19,427 [s2-impl-thread1] INFO  server.RaftServerConfigKeys (ConfUtils.java:logGet(46)) - raft.server.storage.dir = [/home/runner/work/ratis/ratis/ratis-test/target/test/data/d3464635/MiniRaftClusterWithGrpcd31523a3/s2] (custom)
2024-01-25 07:58:19,427 [s2-impl-thread1] INFO  storage.RaftStorageDirectory (RaftStorageDirectoryImpl.java:analyzeStorage(138)) - The storage directory /home/runner/work/ratis/ratis/ratis-test/target/test/data/d3464635/MiniRaftClusterWithGrpcd31523a3/s2/f2de60e9-d498-410e-9a0d-3a17a8738bac does not exist. Creating ...
2024-01-25 07:58:19,427 [s2-impl-thread1] TRACE util.FileUtils (LogUtils.java:runAndLog(49)) - Successfully ran Files.createDirectories /home/runner/work/ratis/ratis/ratis-test/target/test/data/d3464635/MiniRaftClusterWithGrpcd31523a3/s2/f2de60e9-d498-410e-9a0d-3a17a8738bac
2024-01-25 07:58:19,428 [s2-impl-thread1] INFO  storage.RaftStorageDirectory (RaftStorageDirectoryImpl.java:tryLock(228)) - Lock on /home/runner/work/ratis/ratis/ratis-test/target/test/data/d3464635/MiniRaftClusterWithGrpcd31523a3/s2/f2de60e9-d498-410e-9a0d-3a17a8738bac/in_use.lock acquired by nodename 21818@fv-az1458-491
2024-01-25 07:58:19,428 [s2-impl-thread1] TRACE util.FileUtils (LogUtils.java:runAndLog(49)) - Successfully ran Files.createDirectories /home/runner/work/ratis/ratis/ratis-test/target/test/data/d3464635/MiniRaftClusterWithGrpcd31523a3/s2/f2de60e9-d498-410e-9a0d-3a17a8738bac/current
2024-01-25 07:58:19,428 [s2-impl-thread1] TRACE util.FileUtils (LogUtils.java:runAndLog(49)) - Successfully ran Files.createDirectories /home/runner/work/ratis/ratis/ratis-test/target/test/data/d3464635/MiniRaftClusterWithGrpcd31523a3/s2/f2de60e9-d498-410e-9a0d-3a17a8738bac/sm
2024-01-25 07:58:19,428 [s2-impl-thread1] TRACE util.FileUtils (LogUtils.java:supplyAndLog(69)) - Successfully supplied FileChannel.open /home/runner/work/ratis/ratis/ratis-test/target/test/data/d3464635/MiniRaftClusterWithGrpcd31523a3/s2/f2de60e9-d498-410e-9a0d-3a17a8738bac/current/raft-meta.tmp with options [CREATE, WRITE]: sun.nio.ch.FileChannelImpl@5d75a31
2024-01-25 07:58:19,429 [s2-impl-thread1] TRACE util.FileUtils (LogUtils.java:runAndLog(49)) - Successfully ran Atomic Files.move /home/runner/work/ratis/ratis/ratis-test/target/test/data/d3464635/MiniRaftClusterWithGrpcd31523a3/s2/f2de60e9-d498-410e-9a0d-3a17a8738bac/current/raft-meta.tmp to /home/runner/work/ratis/ratis/ratis-test/target/test/data/d3464635/MiniRaftClusterWithGrpcd31523a3/s2/f2de60e9-d498-410e-9a0d-3a17a8738bac/current/raft-meta with options [REPLACE_EXISTING]
2024-01-25 07:58:19,429 [s2-impl-thread1] INFO  storage.RaftStorage (RaftStorageImpl.java:format(99)) - Storage directory /home/runner/work/ratis/ratis/ratis-test/target/test/data/d3464635/MiniRaftClusterWithGrpcd31523a3/s2/f2de60e9-d498-410e-9a0d-3a17a8738bac has been successfully formatted.
2024-01-25 07:58:19,429 [s2-impl-thread1] TRACE util.FileUtils (LogUtils.java:supplyAndLog(61)) - Failed to Files.newInputStream /home/runner/work/ratis/ratis/ratis-test/target/test/data/d3464635/MiniRaftClusterWithGrpcd31523a3/s2/f2de60e9-d498-410e-9a0d-3a17a8738bac/current/raft-meta.conf with options []
java.nio.file.NoSuchFileException: /home/runner/work/ratis/ratis/ratis-test/target/test/data/d3464635/MiniRaftClusterWithGrpcd31523a3/s2/f2de60e9-d498-410e-9a0d-3a17a8738bac/current/raft-meta.conf
	at sun.nio.fs.UnixException.translateToIOException(UnixException.java:86)
	at sun.nio.fs.UnixException.rethrowAsIOException(UnixException.java:102)
	at sun.nio.fs.UnixException.rethrowAsIOException(UnixException.java:107)
	at sun.nio.fs.UnixFileSystemProvider.newByteChannel(UnixFileSystemProvider.java:214)
	at java.nio.file.Files.newByteChannel(Files.java:361)
	at java.nio.file.Files.newByteChannel(Files.java:407)
	at java.nio.file.spi.FileSystemProvider.newInputStream(FileSystemProvider.java:384)
	at java.nio.file.Files.newInputStream(Files.java:152)
	at org.apache.ratis.util.FileUtils.lambda$newInputStream$2(FileUtils.java:73)
	at org.apache.ratis.util.LogUtils.supplyAndLog(LogUtils.java:58)
	at org.apache.ratis.util.FileUtils.newInputStream(FileUtils.java:72)
	at org.apache.ratis.util.FileUtils.newInputStream(FileUtils.java:68)
	at org.apache.ratis.server.storage.RaftStorageImpl.readRaftConfiguration(RaftStorageImpl.java:156)
	at org.apache.ratis.server.impl.ServerState.initialize(ServerState.java:141)
	at org.apache.ratis.server.impl.RaftServerImpl.start(RaftServerImpl.java:342)
	at org.apache.ratis.util.ConcurrentUtils.accept(ConcurrentUtils.java:203)
	at org.apache.ratis.util.ConcurrentUtils.lambda$null$4(ConcurrentUtils.java:182)
	at java.util.concurrent.ThreadPoolExecutor.runWorker(ThreadPoolExecutor.java:1149)
	at java.util.concurrent.ThreadPoolExecutor$Worker.run(ThreadPoolExecutor.java:624)
	at java.lang.Thread.run(Thread.java:750)
2024-01-25 07:58:19,429 [s2-impl-thread1] INFO  impl.SimpleStateMachine4Testing (SimpleStateMachine4Testing.java:initialize(213)) - Initializing SimpleStateMachine4Testing:uninitialized
2024-01-25 07:58:19,429 [s2-impl-thread1] INFO  impl.SimpleStateMachine4Testing (SimpleStateMachine4Testing.java:loadSnapshot(296)) - Loading snapshot null
2024-01-25 07:58:19,429 [s2-impl-thread1] INFO  server.RaftServerConfigKeys (ConfUtils.java:logGet(46)) - raft.server.log.use.memory = false (default)
2024-01-25 07:58:19,430 [s2-impl-thread1] INFO  server.RaftServerConfigKeys (ConfUtils.java:logGet(46)) - raft.server.log.purge.gap = 1024 (default)
2024-01-25 07:58:19,430 [s2-impl-thread1] INFO  server.RaftServerConfigKeys (ConfUtils.java:logGet(46)) - raft.server.log.appender.buffer.byte-limit = 4MB (=4194304) (default)
2024-01-25 07:58:19,430 [s2-impl-thread1] INFO  server.RaftServerConfigKeys (ConfUtils.java:logGet(46)) - raft.server.log.statemachine.data.read.timeout = 1000ms (default)
2024-01-25 07:58:19,430 [s2-impl-thread1] INFO  server.RaftServerConfigKeys (ConfUtils.java:logGet(46)) - raft.server.log.purge.preservation.log.num = 0 (default)
2024-01-25 07:58:19,430 [s2-impl-thread1] INFO  server.RaftServerConfigKeys (ConfUtils.java:logGet(46)) - raft.server.log.segment.size.max = 32MB (=33554432) (default)
2024-01-25 07:58:19,430 [s2-impl-thread1] INFO  server.RaftServerConfigKeys (ConfUtils.java:logGet(46)) - raft.server.log.segment.cache.num.max = 6 (default)
2024-01-25 07:58:19,430 [s2-impl-thread1] INFO  server.RaftServerConfigKeys (ConfUtils.java:logGet(46)) - raft.server.log.segment.cache.size.max = 200MB (=209715200) (default)
2024-01-25 07:58:19,430 [s2-impl-thread1] INFO  server.RaftServerConfigKeys (ConfUtils.java:logGet(46)) - raft.server.log.appender.buffer.byte-limit = 4MB (=4194304) (default)
2024-01-25 07:58:19,430 [s2-impl-thread1] INFO  util.AwaitToRun (AwaitToRun.java:start(81)) - Thread[s2@group-3A17A8738BAC-cacheEviction-AwaitToRun,5,main] started
2024-01-25 07:58:19,430 [s2-impl-thread1] INFO  segmented.SegmentedRaftLogWorker (SegmentedRaftLogWorker.java:<init>(182)) - new s2@group-3A17A8738BAC-SegmentedRaftLogWorker for RaftStorageImpl:Storage Directory /home/runner/work/ratis/ratis/ratis-test/target/test/data/d3464635/MiniRaftClusterWithGrpcd31523a3/s2/f2de60e9-d498-410e-9a0d-3a17a8738bac
2024-01-25 07:58:19,430 [s2-impl-thread1] INFO  server.RaftServerConfigKeys (ConfUtils.java:logGet(46)) - raft.server.log.queue.byte-limit = 64MB (=67108864) (default)
2024-01-25 07:58:19,430 [s2-impl-thread1] INFO  server.RaftServerConfigKeys (ConfUtils.java:logGet(46)) - raft.server.log.queue.element-limit = 4096 (default)
2024-01-25 07:58:19,431 [s2-impl-thread1] INFO  server.RaftServerConfigKeys (ConfUtils.java:logGet(46)) - raft.server.log.segment.size.max = 32MB (=33554432) (default)
2024-01-25 07:58:19,431 [s2-impl-thread1] INFO  server.RaftServerConfigKeys (ConfUtils.java:logGet(46)) - raft.server.log.preallocated.size = 4MB (=4194304) (default)
2024-01-25 07:58:19,431 [s2-impl-thread1] INFO  server.RaftServerConfigKeys (ConfUtils.java:logGet(46)) - raft.server.log.force.sync.num = 128 (default)
2024-01-25 07:58:19,431 [s2-impl-thread1] INFO  server.RaftServerConfigKeys (ConfUtils.java:logGet(46)) - raft.server.log.statemachine.data.sync = true (default)
2024-01-25 07:58:19,431 [s2-impl-thread1] INFO  server.RaftServerConfigKeys (ConfUtils.java:logGet(46)) - raft.server.log.statemachine.data.sync.timeout = 10s (default)
2024-01-25 07:58:19,431 [s2-impl-thread1] INFO  server.RaftServerConfigKeys (ConfUtils.java:logGet(46)) - raft.server.log.statemachine.data.sync.timeout.retry = -1 (default)
2024-01-25 07:58:19,431 [s2-impl-thread1] INFO  server.RaftServerConfigKeys (ConfUtils.java:logGet(46)) - raft.server.log.write.buffer.size = 8MB (=8388608) (default)
2024-01-25 07:58:19,432 [s2-impl-thread1] INFO  server.RaftServerConfigKeys (ConfUtils.java:logGet(46)) - raft.server.log.appender.buffer.byte-limit = 4MB (=4194304) (default)
2024-01-25 07:58:19,432 [s2-impl-thread1] INFO  server.RaftServerConfigKeys (ConfUtils.java:logGet(46)) - raft.server.log.unsafe-flush.enabled = false (default)
2024-01-25 07:58:19,432 [s2-impl-thread1] INFO  server.RaftServerConfigKeys (ConfUtils.java:logGet(46)) - raft.server.log.async-flush.enabled = false (default)
2024-01-25 07:58:19,432 [s2-impl-thread1] INFO  server.RaftServerConfigKeys (ConfUtils.java:logGet(46)) - raft.server.log.statemachine.data.caching.enabled = false (default)
2024-01-25 07:58:19,432 [s2-impl-thread1] INFO  segmented.SegmentedRaftLogWorker (SegmentedRaftLogWorker.java:lambda$new$0(134)) - s2@group-3A17A8738BAC-SegmentedRaftLogWorker: flushIndex: setUnconditionally 0 -> -1
2024-01-25 07:58:19,432 [s2-impl-thread1] INFO  segmented.SegmentedRaftLogWorker (SegmentedRaftLogWorker.java:lambda$new$0(134)) - s2@group-3A17A8738BAC-SegmentedRaftLogWorker: safeCacheEvictIndex: setUnconditionally 0 -> -1
2024-01-25 07:58:19,433 [s2-impl-thread1] INFO  server.RaftServer$Division (RaftServerImpl.java:start(346)) - s2@group-3A17A8738BAC: start as a follower, conf=-1: peers:[s0|localhost:15036, s1|localhost:15040, s2|localhost:15044]|listeners:[], old=null
2024-01-25 07:58:19,433 [s2-impl-thread1] INFO  server.RaftServer$Division (RaftServerImpl.java:setRole(333)) - s2@group-3A17A8738BAC: changes role from      null to FOLLOWER at term 0 for startAsFollower
2024-01-25 07:58:19,433 [s2-impl-thread1] INFO  impl.RoleInfo (RoleInfo.java:updateAndGet(140)) - s2: start s2@group-3A17A8738BAC-FollowerState
2024-01-25 07:58:19,433 [s2@group-3A17A8738BAC-FollowerState] INFO  server.RaftServerConfigKeys (ConfUtils.java:logFallback(53)) - raft.server.rpc.first-election.timeout.min = 150ms (fallback to raft.server.rpc.timeout.min)
2024-01-25 07:58:19,433 [s2@group-3A17A8738BAC-FollowerState] INFO  server.RaftServerConfigKeys (ConfUtils.java:logFallback(53)) - raft.server.rpc.first-election.timeout.max = 300ms (fallback to raft.server.rpc.timeout.max)
2024-01-25 07:58:19,433 [s2-impl-thread1] INFO  util.JmxRegister (JmxRegister.java:tryRegister(44)) - Successfully registered JMX Bean with object name Ratis:service=RaftServer,group=group-3A17A8738BAC,id=s2
2024-01-25 07:58:19,433 [s2-impl-thread1] INFO  util.JmxRegister (JmxRegister.java:register(58)) - register mxBean class org.apache.ratis.server.impl.RaftServerJmxAdapter as Ratis:service=RaftServer,group=group-3A17A8738BAC,id=s2
2024-01-25 07:58:19,433 [s2-impl-thread1] INFO  server.RaftServerConfigKeys (ConfUtils.java:logGet(46)) - raft.server.snapshot.trigger-when-stop.enabled = true (default)
2024-01-25 07:58:19,433 [s2-impl-thread1] INFO  server.RaftServerConfigKeys (ConfUtils.java:logGet(46)) - raft.server.snapshot.auto.trigger.enabled = false (default)
2024-01-25 07:58:19,433 [s2-impl-thread1] INFO  server.RaftServerConfigKeys (ConfUtils.java:logGet(46)) - raft.server.snapshot.retention.file.num = -1 (default)
2024-01-25 07:58:19,433 [s2-impl-thread1] INFO  server.RaftServerConfigKeys (ConfUtils.java:logGet(46)) - raft.server.log.purge.upto.snapshot.index = false (default)
2024-01-25 07:58:19,433 [Time-limited test] INFO  server.RaftServer (RaftServerProxy.java:startImpl(407)) - s2: start RPC server
2024-01-25 07:58:19,434 [Time-limited test] INFO  server.GrpcService (GrpcService.java:startImpl(308)) - s2: GrpcService started, listening on 15046
2024-01-25 07:58:19,434 [Time-limited test] INFO  server.GrpcService (GrpcService.java:startImpl(308)) - s2: GrpcService started, listening on 15044
2024-01-25 07:58:19,434 [Time-limited test] INFO  server.GrpcService (GrpcService.java:startImpl(308)) - s2: GrpcService started, listening on 15045
2024-01-25 07:58:19,435 [JvmPauseMonitor11] INFO  util.JvmPauseMonitor (JvmPauseMonitor.java:run(146)) - JvmPauseMonitor-s2: Started
2024-01-25 07:58:19,435 [Time-limited test] INFO  server.RaftServerConfigKeys (ConfUtils.java:logGet(46)) - raft.server.rpc.timeout.max = 300ms (default)
2024-01-25 07:58:19,435 [Time-limited test] INFO  ratis.RaftTestUtil (RaftTestUtil.java:waitForLeader(101)) - printing ALL groups
  s0:  RUNNING  FOLLOWER s0@group-3A17A8738BAC:t0, leader=null, voted=, raftlog=Memoized:s0@group-3A17A8738BAC-SegmentedRaftLog:OPENED:c-1, conf=-1: peers:[s0|localhost:15036, s1|localhost:15040, s2|localhost:15044]|listeners:[], old=null RUNNING
  s1:  RUNNING  FOLLOWER s1@group-3A17A8738BAC:t0, leader=null, voted=, raftlog=Memoized:s1@group-3A17A8738BAC-SegmentedRaftLog:OPENED:c-1, conf=-1: peers:[s0|localhost:15036, s1|localhost:15040, s2|localhost:15044]|listeners:[], old=null RUNNING
  s2:  RUNNING  FOLLOWER s2@group-3A17A8738BAC:t0, leader=null, voted=, raftlog=Memoized:s2@group-3A17A8738BAC-SegmentedRaftLog:OPENED:c-1, conf=-1: peers:[s0|localhost:15036, s1|localhost:15040, s2|localhost:15044]|listeners:[], old=null RUNNING
2024-01-25 07:58:19,435 [Time-limited test] WARN  ratis.RaftTestUtil (RaftTestUtil.java:lambda$waitForLeader$3(120)) - Attempt #1 failed: java.lang.IllegalStateException: No leader yet : printing ALL groups
  s0:  RUNNING  FOLLOWER s0@group-3A17A8738BAC:t0, leader=null, voted=, raftlog=Memoized:s0@group-3A17A8738BAC-SegmentedRaftLog:OPENED:c-1, conf=-1: peers:[s0|localhost:15036, s1|localhost:15040, s2|localhost:15044]|listeners:[], old=null RUNNING
  s1:  RUNNING  FOLLOWER s1@group-3A17A8738BAC:t0, leader=null, voted=, raftlog=Memoized:s1@group-3A17A8738BAC-SegmentedRaftLog:OPENED:c-1, conf=-1: peers:[s0|localhost:15036, s1|localhost:15040, s2|localhost:15044]|listeners:[], old=null RUNNING
  s2:  RUNNING  FOLLOWER s2@group-3A17A8738BAC:t0, leader=null, voted=, raftlog=Memoized:s2@group-3A17A8738BAC-SegmentedRaftLog:OPENED:c-1, conf=-1: peers:[s0|localhost:15036, s1|localhost:15040, s2|localhost:15044]|listeners:[], old=null RUNNING
2024-01-25 07:58:19,583 [s0@group-3A17A8738BAC-FollowerState] INFO  impl.FollowerState (FollowerState.java:run(143)) - s0@group-3A17A8738BAC-FollowerState: change to CANDIDATE, lastRpcElapsedTime:169500381ns, electionTimeout:169ms
2024-01-25 07:58:19,583 [s0@group-3A17A8738BAC-FollowerState] INFO  impl.RoleInfo (RoleInfo.java:shutdownFollowerState(111)) - s0: shutdown s0@group-3A17A8738BAC-FollowerState
2024-01-25 07:58:19,583 [s0@group-3A17A8738BAC-FollowerState] INFO  server.RaftServer$Division (RaftServerImpl.java:setRole(333)) - s0@group-3A17A8738BAC: changes role from  FOLLOWER to CANDIDATE at term 0 for changeToCandidate
2024-01-25 07:58:19,584 [s0@group-3A17A8738BAC-FollowerState] INFO  server.RaftServerConfigKeys (ConfUtils.java:logGet(46)) - raft.server.leaderelection.pre-vote = true (default)
2024-01-25 07:58:19,584 [s0@group-3A17A8738BAC-FollowerState] INFO  impl.RoleInfo (RoleInfo.java:updateAndGet(140)) - s0: start s0@group-3A17A8738BAC-LeaderElection9
2024-01-25 07:58:19,584 [s0@group-3A17A8738BAC-LeaderElection9] INFO  impl.LeaderElection (LeaderElection.java:askForVotes(321)) - s0@group-3A17A8738BAC-LeaderElection9 PRE_VOTE round 0: submit vote requests at term 0 for -1: peers:[s0|localhost:15036, s1|localhost:15040, s2|localhost:15044]|listeners:[], old=null
2024-01-25 07:58:19,585 [s0@group-3A17A8738BAC-LeaderElection9-1] INFO  server.GrpcServerProtocolClient (GrpcServerProtocolClient.java:<init>(65)) - Build channel for s1|localhost:15040
2024-01-25 07:58:19,585 [s0@group-3A17A8738BAC-LeaderElection9-2] INFO  server.GrpcServerProtocolClient (GrpcServerProtocolClient.java:<init>(65)) - Build channel for s2|localhost:15044
2024-01-25 07:58:19,585 [s0@group-3A17A8738BAC-LeaderElection9] INFO  server.RaftServerConfigKeys (ConfUtils.java:logFallback(53)) - raft.server.rpc.first-election.timeout.min = 150ms (fallback to raft.server.rpc.timeout.min)
2024-01-25 07:58:19,585 [s0@group-3A17A8738BAC-LeaderElection9] INFO  server.RaftServerConfigKeys (ConfUtils.java:logFallback(53)) - raft.server.rpc.first-election.timeout.max = 300ms (fallback to raft.server.rpc.timeout.max)
2024-01-25 07:58:19,588 [s2@group-3A17A8738BAC-FollowerState] INFO  impl.FollowerState (FollowerState.java:run(143)) - s2@group-3A17A8738BAC-FollowerState: change to CANDIDATE, lastRpcElapsedTime:155314712ns, electionTimeout:155ms
2024-01-25 07:58:19,588 [s2@group-3A17A8738BAC-FollowerState] INFO  impl.RoleInfo (RoleInfo.java:shutdownFollowerState(111)) - s2: shutdown s2@group-3A17A8738BAC-FollowerState
2024-01-25 07:58:19,588 [s2@group-3A17A8738BAC-FollowerState] INFO  server.RaftServer$Division (RaftServerImpl.java:setRole(333)) - s2@group-3A17A8738BAC: changes role from  FOLLOWER to CANDIDATE at term 0 for changeToCandidate
2024-01-25 07:58:19,588 [s2@group-3A17A8738BAC-FollowerState] INFO  server.RaftServerConfigKeys (ConfUtils.java:logGet(46)) - raft.server.leaderelection.pre-vote = true (default)
2024-01-25 07:58:19,588 [s2@group-3A17A8738BAC-FollowerState] INFO  impl.RoleInfo (RoleInfo.java:updateAndGet(140)) - s2: start s2@group-3A17A8738BAC-LeaderElection10
2024-01-25 07:58:19,591 [s2@group-3A17A8738BAC-LeaderElection10] INFO  impl.LeaderElection (LeaderElection.java:askForVotes(321)) - s2@group-3A17A8738BAC-LeaderElection10 PRE_VOTE round 0: submit vote requests at term 0 for -1: peers:[s0|localhost:15036, s1|localhost:15040, s2|localhost:15044]|listeners:[], old=null
2024-01-25 07:58:19,592 [s2@group-3A17A8738BAC-LeaderElection10-1] INFO  server.GrpcServerProtocolClient (GrpcServerProtocolClient.java:<init>(65)) - Build channel for s0|localhost:15036
2024-01-25 07:58:19,592 [s2@group-3A17A8738BAC-LeaderElection10] INFO  server.RaftServerConfigKeys (ConfUtils.java:logFallback(53)) - raft.server.rpc.first-election.timeout.min = 150ms (fallback to raft.server.rpc.timeout.min)
2024-01-25 07:58:19,592 [s2@group-3A17A8738BAC-LeaderElection10] INFO  server.RaftServerConfigKeys (ConfUtils.java:logFallback(53)) - raft.server.rpc.first-election.timeout.max = 300ms (fallback to raft.server.rpc.timeout.max)
2024-01-25 07:58:19,592 [s2@group-3A17A8738BAC-LeaderElection10-2] INFO  server.GrpcServerProtocolClient (GrpcServerProtocolClient.java:<init>(65)) - Build channel for s1|localhost:15040
2024-01-25 07:58:19,592 [grpc-default-executor-0] INFO  server.RaftServer$Division (RaftServerImpl.java:requestVote(1390)) - s1@group-3A17A8738BAC: receive requestVote(PRE_VOTE, s0, group-3A17A8738BAC, 0, (t:0, i:0))
2024-01-25 07:58:19,592 [grpc-default-executor-1] INFO  server.RaftServer$Division (RaftServerImpl.java:requestVote(1390)) - s2@group-3A17A8738BAC: receive requestVote(PRE_VOTE, s0, group-3A17A8738BAC, 0, (t:0, i:0))
2024-01-25 07:58:19,592 [grpc-default-executor-0] INFO  impl.VoteContext (VoteContext.java:log(49)) - s1@group-3A17A8738BAC-FOLLOWER: accept PRE_VOTE from s0: our priority 0 <= candidate's priority 0
2024-01-25 07:58:19,592 [grpc-default-executor-1] INFO  impl.VoteContext (VoteContext.java:log(49)) - s2@group-3A17A8738BAC-CANDIDATE: accept PRE_VOTE from s0: our priority 0 <= candidate's priority 0
2024-01-25 07:58:19,592 [grpc-default-executor-0] INFO  server.RaftServer$Division (RaftServerImpl.java:requestVote(1423)) - s1@group-3A17A8738BAC replies to PRE_VOTE vote request: s0<-s1#0:OK-t0. Peer's state: s1@group-3A17A8738BAC:t0, leader=null, voted=, raftlog=Memoized:s1@group-3A17A8738BAC-SegmentedRaftLog:OPENED:c-1, conf=-1: peers:[s0|localhost:15036, s1|localhost:15040, s2|localhost:15044]|listeners:[], old=null
2024-01-25 07:58:19,593 [grpc-default-executor-1] INFO  server.RaftServer$Division (RaftServerImpl.java:requestVote(1423)) - s2@group-3A17A8738BAC replies to PRE_VOTE vote request: s0<-s2#0:OK-t0. Peer's state: s2@group-3A17A8738BAC:t0, leader=null, voted=, raftlog=Memoized:s2@group-3A17A8738BAC-SegmentedRaftLog:OPENED:c-1, conf=-1: peers:[s0|localhost:15036, s1|localhost:15040, s2|localhost:15044]|listeners:[], old=null
2024-01-25 07:58:19,595 [grpc-default-executor-0] INFO  server.RaftServer$Division (RaftServerImpl.java:requestVote(1390)) - s0@group-3A17A8738BAC: receive requestVote(PRE_VOTE, s2, group-3A17A8738BAC, 0, (t:0, i:0))
2024-01-25 07:58:19,595 [grpc-default-executor-0] INFO  impl.VoteContext (VoteContext.java:log(49)) - s0@group-3A17A8738BAC-CANDIDATE: accept PRE_VOTE from s2: our priority 0 <= candidate's priority 0
2024-01-25 07:58:19,595 [grpc-default-executor-0] INFO  server.RaftServer$Division (RaftServerImpl.java:requestVote(1423)) - s0@group-3A17A8738BAC replies to PRE_VOTE vote request: s2<-s0#0:OK-t0. Peer's state: s0@group-3A17A8738BAC:t0, leader=null, voted=, raftlog=Memoized:s0@group-3A17A8738BAC-SegmentedRaftLog:OPENED:c-1, conf=-1: peers:[s0|localhost:15036, s1|localhost:15040, s2|localhost:15044]|listeners:[], old=null
2024-01-25 07:58:19,597 [s0@group-3A17A8738BAC-LeaderElection9] INFO  impl.LeaderElection (LeaderElection.java:logAndReturn(89)) - s0@group-3A17A8738BAC-LeaderElection9: PRE_VOTE PASSED received 1 response(s) and 0 exception(s):
2024-01-25 07:58:19,597 [s2@group-3A17A8738BAC-LeaderElection10] INFO  impl.LeaderElection (LeaderElection.java:logAndReturn(89)) - s2@group-3A17A8738BAC-LeaderElection10: PRE_VOTE PASSED received 1 response(s) and 0 exception(s):
2024-01-25 07:58:19,597 [s0@group-3A17A8738BAC-LeaderElection9] INFO  impl.LeaderElection (LeaderElection.java:logAndReturn(93)) -   Response 0: s0<-s1#0:OK-t0
2024-01-25 07:58:19,597 [s2@group-3A17A8738BAC-LeaderElection10] INFO  impl.LeaderElection (LeaderElection.java:logAndReturn(93)) -   Response 0: s2<-s0#0:OK-t0
2024-01-25 07:58:19,597 [s0@group-3A17A8738BAC-LeaderElection9] INFO  impl.LeaderElection (LeaderElection.java:askForVotes(323)) - s0@group-3A17A8738BAC-LeaderElection9 PRE_VOTE round 0: result PASSED
2024-01-25 07:58:19,597 [s2@group-3A17A8738BAC-LeaderElection10] INFO  impl.LeaderElection (LeaderElection.java:askForVotes(323)) - s2@group-3A17A8738BAC-LeaderElection10 PRE_VOTE round 0: result PASSED
2024-01-25 07:58:19,597 [s0@group-3A17A8738BAC-LeaderElection9] TRACE util.FileUtils (LogUtils.java:supplyAndLog(69)) - Successfully supplied FileChannel.open /home/runner/work/ratis/ratis/ratis-test/target/test/data/d3464635/MiniRaftClusterWithGrpcd31523a3/s0/f2de60e9-d498-410e-9a0d-3a17a8738bac/current/raft-meta.tmp with options [CREATE, WRITE]: sun.nio.ch.FileChannelImpl@34a30a22
2024-01-25 07:58:19,597 [s2@group-3A17A8738BAC-LeaderElection10] TRACE util.FileUtils (LogUtils.java:supplyAndLog(69)) - Successfully supplied FileChannel.open /home/runner/work/ratis/ratis/ratis-test/target/test/data/d3464635/MiniRaftClusterWithGrpcd31523a3/s2/f2de60e9-d498-410e-9a0d-3a17a8738bac/current/raft-meta.tmp with options [CREATE, WRITE]: sun.nio.ch.FileChannelImpl@563d88ae
2024-01-25 07:58:19,598 [s0@group-3A17A8738BAC-LeaderElection9] TRACE util.FileUtils (LogUtils.java:runAndLog(49)) - Successfully ran Atomic Files.move /home/runner/work/ratis/ratis/ratis-test/target/test/data/d3464635/MiniRaftClusterWithGrpcd31523a3/s0/f2de60e9-d498-410e-9a0d-3a17a8738bac/current/raft-meta.tmp to /home/runner/work/ratis/ratis/ratis-test/target/test/data/d3464635/MiniRaftClusterWithGrpcd31523a3/s0/f2de60e9-d498-410e-9a0d-3a17a8738bac/current/raft-meta with options [REPLACE_EXISTING]
2024-01-25 07:58:19,598 [s2@group-3A17A8738BAC-LeaderElection10] TRACE util.FileUtils (LogUtils.java:runAndLog(49)) - Successfully ran Atomic Files.move /home/runner/work/ratis/ratis/ratis-test/target/test/data/d3464635/MiniRaftClusterWithGrpcd31523a3/s2/f2de60e9-d498-410e-9a0d-3a17a8738bac/current/raft-meta.tmp to /home/runner/work/ratis/ratis/ratis-test/target/test/data/d3464635/MiniRaftClusterWithGrpcd31523a3/s2/f2de60e9-d498-410e-9a0d-3a17a8738bac/current/raft-meta with options [REPLACE_EXISTING]
2024-01-25 07:58:19,598 [s0@group-3A17A8738BAC-LeaderElection9] INFO  impl.LeaderElection (LeaderElection.java:askForVotes(321)) - s0@group-3A17A8738BAC-LeaderElection9 ELECTION round 0: submit vote requests at term 1 for -1: peers:[s0|localhost:15036, s1|localhost:15040, s2|localhost:15044]|listeners:[], old=null
2024-01-25 07:58:19,598 [s2@group-3A17A8738BAC-LeaderElection10] INFO  impl.LeaderElection (LeaderElection.java:askForVotes(321)) - s2@group-3A17A8738BAC-LeaderElection10 ELECTION round 0: submit vote requests at term 1 for -1: peers:[s0|localhost:15036, s1|localhost:15040, s2|localhost:15044]|listeners:[], old=null
2024-01-25 07:58:19,599 [s0@group-3A17A8738BAC-LeaderElection9] INFO  server.RaftServerConfigKeys (ConfUtils.java:logFallback(53)) - raft.server.rpc.first-election.timeout.min = 150ms (fallback to raft.server.rpc.timeout.min)
2024-01-25 07:58:19,599 [s0@group-3A17A8738BAC-LeaderElection9] INFO  server.RaftServerConfigKeys (ConfUtils.java:logFallback(53)) - raft.server.rpc.first-election.timeout.max = 300ms (fallback to raft.server.rpc.timeout.max)
2024-01-25 07:58:19,600 [grpc-default-executor-0] INFO  server.RaftServer$Division (RaftServerImpl.java:requestVote(1390)) - s1@group-3A17A8738BAC: receive requestVote(ELECTION, s0, group-3A17A8738BAC, 1, (t:0, i:0))
2024-01-25 07:58:19,600 [grpc-default-executor-0] INFO  impl.VoteContext (VoteContext.java:log(49)) - s1@group-3A17A8738BAC-FOLLOWER: accept ELECTION from s0: our priority 0 <= candidate's priority 0
2024-01-25 07:58:19,600 [grpc-default-executor-0] INFO  server.RaftServer$Division (RaftServerImpl.java:setRole(333)) - s1@group-3A17A8738BAC: changes role from  FOLLOWER to FOLLOWER at term 1 for candidate:s0
2024-01-25 07:58:19,600 [grpc-default-executor-0] INFO  impl.RoleInfo (RoleInfo.java:shutdownFollowerState(111)) - s1: shutdown s1@group-3A17A8738BAC-FollowerState
2024-01-25 07:58:19,601 [grpc-default-executor-1] INFO  server.RaftServer$Division (RaftServerImpl.java:requestVote(1390)) - s0@group-3A17A8738BAC: receive requestVote(ELECTION, s2, group-3A17A8738BAC, 1, (t:0, i:0))
2024-01-25 07:58:19,601 [grpc-default-executor-1] INFO  impl.VoteContext (VoteContext.java:log(49)) - s0@group-3A17A8738BAC-CANDIDATE: reject ELECTION from s2: already has voted for s0 at current term 1
2024-01-25 07:58:19,601 [grpc-default-executor-1] INFO  server.RaftServer$Division (RaftServerImpl.java:requestVote(1423)) - s0@group-3A17A8738BAC replies to ELECTION vote request: s2<-s0#0:FAIL-t1. Peer's state: s0@group-3A17A8738BAC:t1, leader=null, voted=s0, raftlog=Memoized:s0@group-3A17A8738BAC-SegmentedRaftLog:OPENED:c-1, conf=-1: peers:[s0|localhost:15036, s1|localhost:15040, s2|localhost:15044]|listeners:[], old=null
2024-01-25 07:58:19,602 [s2@group-3A17A8738BAC-LeaderElection10] INFO  server.RaftServerConfigKeys (ConfUtils.java:logFallback(53)) - raft.server.rpc.first-election.timeout.min = 150ms (fallback to raft.server.rpc.timeout.min)
2024-01-25 07:58:19,602 [s2@group-3A17A8738BAC-LeaderElection10] INFO  server.RaftServerConfigKeys (ConfUtils.java:logFallback(53)) - raft.server.rpc.first-election.timeout.max = 300ms (fallback to raft.server.rpc.timeout.max)
2024-01-25 07:58:19,603 [s1@group-3A17A8738BAC-FollowerState] INFO  impl.FollowerState (FollowerState.java:run(152)) - s1@group-3A17A8738BAC-FollowerState was interrupted
2024-01-25 07:58:19,604 [grpc-default-executor-0] INFO  impl.RoleInfo (RoleInfo.java:updateAndGet(140)) - s1: start s1@group-3A17A8738BAC-FollowerState
2024-01-25 07:58:19,605 [grpc-default-executor-1] INFO  server.RaftServer$Division (RaftServerImpl.java:requestVote(1390)) - s2@group-3A17A8738BAC: receive requestVote(ELECTION, s0, group-3A17A8738BAC, 1, (t:0, i:0))
2024-01-25 07:58:19,605 [grpc-default-executor-1] INFO  impl.VoteContext (VoteContext.java:log(49)) - s2@group-3A17A8738BAC-CANDIDATE: reject ELECTION from s0: already has voted for s2 at current term 1
2024-01-25 07:58:19,605 [grpc-default-executor-1] INFO  server.RaftServer$Division (RaftServerImpl.java:requestVote(1423)) - s2@group-3A17A8738BAC replies to ELECTION vote request: s0<-s2#0:FAIL-t1. Peer's state: s2@group-3A17A8738BAC:t1, leader=null, voted=s2, raftlog=Memoized:s2@group-3A17A8738BAC-SegmentedRaftLog:OPENED:c-1, conf=-1: peers:[s0|localhost:15036, s1|localhost:15040, s2|localhost:15044]|listeners:[], old=null
2024-01-25 07:58:19,605 [grpc-default-executor-0] INFO  server.RaftServer$Division (RaftServerImpl.java:setFirstElection(505)) - s1@group-3A17A8738BAC: set firstElectionSinceStartup to false for candidate:s0
2024-01-25 07:58:19,606 [grpc-default-executor-0] TRACE util.FileUtils (LogUtils.java:supplyAndLog(69)) - Successfully supplied FileChannel.open /home/runner/work/ratis/ratis/ratis-test/target/test/data/d3464635/MiniRaftClusterWithGrpcd31523a3/s1/f2de60e9-d498-410e-9a0d-3a17a8738bac/current/raft-meta.tmp with options [CREATE, WRITE]: sun.nio.ch.FileChannelImpl@72ab6e87
2024-01-25 07:58:19,607 [grpc-default-executor-0] TRACE util.FileUtils (LogUtils.java:runAndLog(49)) - Successfully ran Atomic Files.move /home/runner/work/ratis/ratis/ratis-test/target/test/data/d3464635/MiniRaftClusterWithGrpcd31523a3/s1/f2de60e9-d498-410e-9a0d-3a17a8738bac/current/raft-meta.tmp to /home/runner/work/ratis/ratis/ratis-test/target/test/data/d3464635/MiniRaftClusterWithGrpcd31523a3/s1/f2de60e9-d498-410e-9a0d-3a17a8738bac/current/raft-meta with options [REPLACE_EXISTING]
2024-01-25 07:58:19,607 [grpc-default-executor-0] INFO  server.RaftServer$Division (RaftServerImpl.java:requestVote(1423)) - s1@group-3A17A8738BAC replies to ELECTION vote request: s0<-s1#0:OK-t1. Peer's state: s1@group-3A17A8738BAC:t1, leader=null, voted=s0, raftlog=Memoized:s1@group-3A17A8738BAC-SegmentedRaftLog:OPENED:c-1, conf=-1: peers:[s0|localhost:15036, s1|localhost:15040, s2|localhost:15044]|listeners:[], old=null
2024-01-25 07:58:19,607 [s0@group-3A17A8738BAC-LeaderElection9] INFO  impl.LeaderElection (LeaderElection.java:logAndReturn(89)) - s0@group-3A17A8738BAC-LeaderElection9: ELECTION PASSED received 2 response(s) and 0 exception(s):
2024-01-25 07:58:19,607 [s0@group-3A17A8738BAC-LeaderElection9] INFO  impl.LeaderElection (LeaderElection.java:logAndReturn(93)) -   Response 0: s0<-s1#0:OK-t1
2024-01-25 07:58:19,608 [s0@group-3A17A8738BAC-LeaderElection9] INFO  impl.LeaderElection (LeaderElection.java:logAndReturn(93)) -   Response 1: s0<-s2#0:FAIL-t1
2024-01-25 07:58:19,608 [grpc-default-executor-0] INFO  server.RaftServer$Division (RaftServerImpl.java:requestVote(1390)) - s1@group-3A17A8738BAC: receive requestVote(ELECTION, s2, group-3A17A8738BAC, 1, (t:0, i:0))
2024-01-25 07:58:19,608 [s0@group-3A17A8738BAC-LeaderElection9] INFO  impl.LeaderElection (LeaderElection.java:askForVotes(323)) - s0@group-3A17A8738BAC-LeaderElection9 ELECTION round 0: result PASSED
2024-01-25 07:58:19,608 [grpc-default-executor-0] INFO  impl.VoteContext (VoteContext.java:log(49)) - s1@group-3A17A8738BAC-FOLLOWER: reject ELECTION from s2: already has voted for s0 at current term 1
2024-01-25 07:58:19,608 [s0@group-3A17A8738BAC-LeaderElection9] INFO  impl.RoleInfo (RoleInfo.java:shutdownLeaderElection(131)) - s0: shutdown s0@group-3A17A8738BAC-LeaderElection9
2024-01-25 07:58:19,608 [grpc-default-executor-0] INFO  server.RaftServer$Division (RaftServerImpl.java:requestVote(1423)) - s1@group-3A17A8738BAC replies to ELECTION vote request: s2<-s1#0:FAIL-t1. Peer's state: s1@group-3A17A8738BAC:t1, leader=null, voted=s0, raftlog=Memoized:s1@group-3A17A8738BAC-SegmentedRaftLog:OPENED:c-1, conf=-1: peers:[s0|localhost:15036, s1|localhost:15040, s2|localhost:15044]|listeners:[], old=null
2024-01-25 07:58:19,608 [s0@group-3A17A8738BAC-LeaderElection9] INFO  server.RaftServer$Division (RaftServerImpl.java:setRole(333)) - s0@group-3A17A8738BAC: changes role from CANDIDATE to LEADER at term 1 for changeToLeader
2024-01-25 07:58:19,608 [s0@group-3A17A8738BAC-LeaderElection9] INFO  server.RaftServerConfigKeys (ConfUtils.java:logGet(46)) - raft.server.staging.catchup.gap = 1000 (default)
2024-01-25 07:58:19,608 [grpc-default-executor-1] INFO  server.RaftServer$Division (RaftServerImpl.java:requestVote(1390)) - s1@group-3A17A8738BAC: receive requestVote(PRE_VOTE, s2, group-3A17A8738BAC, 0, (t:0, i:0))
2024-01-25 07:58:19,608 [s0@group-3A17A8738BAC-LeaderElection9] INFO  server.RaftServerConfigKeys (ConfUtils.java:logGet(46)) - raft.server.write.element-limit = 4096 (default)
2024-01-25 07:58:19,608 [s0@group-3A17A8738BAC-LeaderElection9] INFO  server.RaftServerConfigKeys (ConfUtils.java:logGet(46)) - raft.server.write.byte-limit = 64MB (=67108864) (default)
2024-01-25 07:58:19,608 [s0@group-3A17A8738BAC-LeaderElection9] INFO  server.RaftServerConfigKeys (ConfUtils.java:logGet(46)) - raft.server.watch.timeout = 2s (custom)
2024-01-25 07:58:19,608 [s0@group-3A17A8738BAC-LeaderElection9] INFO  server.RaftServerConfigKeys (ConfUtils.java:logGet(46)) - raft.server.watch.timeout.denomination = 1s (default)
2024-01-25 07:58:19,608 [s0@group-3A17A8738BAC-LeaderElection9] INFO  server.RaftServerConfigKeys (ConfUtils.java:logGet(46)) - raft.server.watch.element-limit = 10 (custom)
2024-01-25 07:58:19,608 [s0@group-3A17A8738BAC-LeaderElection9] INFO  server.RaftServerConfigKeys (ConfUtils.java:logGet(46)) - raft.server.read.leader.lease.enabled = false (default)
2024-01-25 07:58:19,609 [s0@group-3A17A8738BAC-LeaderElection9] INFO  server.RaftServerConfigKeys (ConfUtils.java:logGet(46)) - raft.server.read.leader.lease.timeout.ratio = 0.9 (default)
2024-01-25 07:58:19,609 [grpc-default-executor-1] INFO  impl.VoteContext (VoteContext.java:log(49)) - s1@group-3A17A8738BAC-FOLLOWER: accept PRE_VOTE from s2: our priority 0 <= candidate's priority 0
2024-01-25 07:58:19,609 [s0@group-3A17A8738BAC-LeaderElection9] INFO  server.RaftServerConfigKeys (ConfUtils.java:logGet(46)) - raft.server.rpc.timeout.min = 150ms (default)
2024-01-25 07:58:19,609 [grpc-default-executor-1] INFO  server.RaftServer$Division (RaftServerImpl.java:requestVote(1423)) - s1@group-3A17A8738BAC replies to PRE_VOTE vote request: s2<-s1#0:OK-t1. Peer's state: s1@group-3A17A8738BAC:t1, leader=null, voted=s0, raftlog=Memoized:s1@group-3A17A8738BAC-SegmentedRaftLog:OPENED:c-1, conf=-1: peers:[s0|localhost:15036, s1|localhost:15040, s2|localhost:15044]|listeners:[], old=null
2024-01-25 07:58:19,609 [s0@group-3A17A8738BAC-LeaderElection9] INFO  server.RaftServerConfigKeys (ConfUtils.java:logGet(46)) - raft.server.write.element-limit = 4096 (default)
2024-01-25 07:58:19,609 [s0@group-3A17A8738BAC-LeaderElection9] INFO  server.RaftServerConfigKeys (ConfUtils.java:logGet(46)) - raft.server.write.follower.gap.ratio.max = -1.0 (default)
2024-01-25 07:58:19,609 [s0@group-3A17A8738BAC-LeaderElection9] INFO  server.RaftServerConfigKeys (ConfUtils.java:logGet(46)) - raft.server.log.appender.snapshot.chunk.size.max = 16MB (=16777216) (default)
2024-01-25 07:58:19,609 [s0@group-3A17A8738BAC-LeaderElection9] INFO  server.RaftServerConfigKeys (ConfUtils.java:logGet(46)) - raft.server.log.appender.buffer.byte-limit = 4MB (=4194304) (default)
2024-01-25 07:58:19,610 [s0@group-3A17A8738BAC-LeaderElection9] INFO  server.RaftServerConfigKeys (ConfUtils.java:logGet(46)) - raft.server.log.appender.buffer.element-limit = 0 (default)
2024-01-25 07:58:19,610 [s0@group-3A17A8738BAC-LeaderElection9] INFO  server.RaftServerConfigKeys (ConfUtils.java:logGet(46)) - raft.server.log.appender.wait-time.min = 1ms (default)
2024-01-25 07:58:19,610 [s0@group-3A17A8738BAC-LeaderElection9] INFO  grpc.GrpcConfigKeys (ConfUtils.java:logGet(46)) - raft.grpc.server.leader.outstanding.appends.max = 8 (default)
2024-01-25 07:58:19,610 [s0@group-3A17A8738BAC-LeaderElection9] INFO  server.RaftServerConfigKeys (ConfUtils.java:logGet(46)) - raft.server.rpc.request.timeout = 3000ms (default)
2024-01-25 07:58:19,610 [s0@group-3A17A8738BAC-LeaderElection9] INFO  grpc.GrpcConfigKeys (ConfUtils.java:logGet(46)) - raft.grpc.server.install_snapshot.request.element-limit = 8 (default)
2024-01-25 07:58:19,610 [s0@group-3A17A8738BAC-LeaderElection9] INFO  grpc.GrpcConfigKeys (ConfUtils.java:logGet(46)) - raft.grpc.server.install_snapshot.request.timeout = 3000ms (default)
2024-01-25 07:58:19,610 [s0@group-3A17A8738BAC-LeaderElection9] INFO  grpc.GrpcConfigKeys (ConfUtils.java:logGet(46)) - raft.grpc.server.log-message.batch.duration = 5s (default)
2024-01-25 07:58:19,610 [s0@group-3A17A8738BAC-LeaderElection9] INFO  server.RaftServerConfigKeys (ConfUtils.java:logGet(46)) - raft.server.log.appender.install.snapshot.enabled = true (default)
2024-01-25 07:58:19,610 [s0@group-3A17A8738BAC-LeaderElection9] INFO  grpc.GrpcConfigKeys (ConfUtils.java:logGet(46)) - raft.grpc.server.heartbeat.channel = true (default)
2024-01-25 07:58:19,610 [s0@group-3A17A8738BAC-LeaderElection9] INFO  server.RaftServerConfigKeys (ConfUtils.java:logGet(46)) - raft.server.log.appender.snapshot.chunk.size.max = 16MB (=16777216) (default)
2024-01-25 07:58:19,610 [s0@group-3A17A8738BAC-LeaderElection9] INFO  server.RaftServerConfigKeys (ConfUtils.java:logGet(46)) - raft.server.log.appender.buffer.byte-limit = 4MB (=4194304) (default)
2024-01-25 07:58:19,610 [s0@group-3A17A8738BAC-LeaderElection9] INFO  server.RaftServerConfigKeys (ConfUtils.java:logGet(46)) - raft.server.log.appender.buffer.element-limit = 0 (default)
2024-01-25 07:58:19,610 [s0@group-3A17A8738BAC-LeaderElection9] INFO  server.RaftServerConfigKeys (ConfUtils.java:logGet(46)) - raft.server.log.appender.wait-time.min = 1ms (default)
2024-01-25 07:58:19,610 [s0@group-3A17A8738BAC-LeaderElection9] INFO  grpc.GrpcConfigKeys (ConfUtils.java:logGet(46)) - raft.grpc.server.leader.outstanding.appends.max = 8 (default)
2024-01-25 07:58:19,610 [s0@group-3A17A8738BAC-LeaderElection9] INFO  server.RaftServerConfigKeys (ConfUtils.java:logGet(46)) - raft.server.rpc.request.timeout = 3000ms (default)
2024-01-25 07:58:19,610 [s0@group-3A17A8738BAC-LeaderElection9] INFO  grpc.GrpcConfigKeys (ConfUtils.java:logGet(46)) - raft.grpc.server.install_snapshot.request.element-limit = 8 (default)
2024-01-25 07:58:19,610 [s0@group-3A17A8738BAC-LeaderElection9] INFO  grpc.GrpcConfigKeys (ConfUtils.java:logGet(46)) - raft.grpc.server.install_snapshot.request.timeout = 3000ms (default)
2024-01-25 07:58:19,611 [s0@group-3A17A8738BAC-LeaderElection9] INFO  grpc.GrpcConfigKeys (ConfUtils.java:logGet(46)) - raft.grpc.server.log-message.batch.duration = 5s (default)
2024-01-25 07:58:19,611 [s0@group-3A17A8738BAC-LeaderElection9] INFO  server.RaftServerConfigKeys (ConfUtils.java:logGet(46)) - raft.server.log.appender.install.snapshot.enabled = true (default)
2024-01-25 07:58:19,611 [s0@group-3A17A8738BAC-LeaderElection9] INFO  grpc.GrpcConfigKeys (ConfUtils.java:logGet(46)) - raft.grpc.server.heartbeat.channel = true (default)
2024-01-25 07:58:19,611 [s0@group-3A17A8738BAC-LeaderElection9] INFO  impl.RoleInfo (RoleInfo.java:updateAndGet(140)) - s0: start s0@group-3A17A8738BAC-LeaderStateImpl
2024-01-25 07:58:19,611 [s0@group-3A17A8738BAC-LeaderElection9] INFO  server.RaftServer$Division (RaftServerImpl.java:setFirstElection(505)) - s0@group-3A17A8738BAC: set firstElectionSinceStartup to false for becomeLeader
2024-01-25 07:58:19,611 [s0@group-3A17A8738BAC-LeaderElection9] INFO  server.RaftServer$Division (ServerState.java:setLeader(269)) - s0@group-3A17A8738BAC: change Leader from null to s0 at term 1 for becomeLeader, leader elected after 213ms
2024-01-25 07:58:19,611 [s0@group-3A17A8738BAC-LeaderElection9] INFO  segmented.SegmentedRaftLogWorker (SegmentedRaftLogWorker.java:startLogSegment(430)) - s0@group-3A17A8738BAC-SegmentedRaftLogWorker: Starting segment from index:0
2024-01-25 07:58:19,611 [s0@group-3A17A8738BAC-LeaderElection9] INFO  server.RaftServer$Division (ServerState.java:setRaftConf(386)) - s0@group-3A17A8738BAC: set configuration 0: peers:[s0|localhost:15036, s1|localhost:15040, s2|localhost:15044]|listeners:[], old=null
2024-01-25 07:58:19,611 [s0@group-3A17A8738BAC-SegmentedRaftLogWorker] INFO  segmented.BufferedWriteChannel (BufferedWriteChannel.java:open(61)) - open log_inprogress_0 at position 0
2024-01-25 07:58:19,611 [s2@group-3A17A8738BAC-LeaderElection10] INFO  impl.LeaderElection (LeaderElection.java:logAndReturn(89)) - s2@group-3A17A8738BAC-LeaderElection10: ELECTION REJECTED received 2 response(s) and 0 exception(s):
2024-01-25 07:58:19,611 [s2@group-3A17A8738BAC-LeaderElection10] INFO  impl.LeaderElection (LeaderElection.java:logAndReturn(93)) -   Response 0: s2<-s0#0:FAIL-t1
2024-01-25 07:58:19,611 [s2@group-3A17A8738BAC-LeaderElection10] INFO  impl.LeaderElection (LeaderElection.java:logAndReturn(93)) -   Response 1: s2<-s1#0:FAIL-t1
2024-01-25 07:58:19,613 [s2@group-3A17A8738BAC-LeaderElection10] INFO  impl.LeaderElection (LeaderElection.java:askForVotes(323)) - s2@group-3A17A8738BAC-LeaderElection10 ELECTION round 0: result REJECTED
2024-01-25 07:58:19,613 [s2@group-3A17A8738BAC-LeaderElection10] INFO  server.RaftServer$Division (RaftServerImpl.java:setRole(333)) - s2@group-3A17A8738BAC: changes role from CANDIDATE to FOLLOWER at term 1 for REJECTED
2024-01-25 07:58:19,613 [s2@group-3A17A8738BAC-LeaderElection10] INFO  impl.RoleInfo (RoleInfo.java:shutdownLeaderElection(131)) - s2: shutdown s2@group-3A17A8738BAC-LeaderElection10
2024-01-25 07:58:19,615 [s2@group-3A17A8738BAC-LeaderElection10] INFO  impl.RoleInfo (RoleInfo.java:updateAndGet(140)) - s2: start s2@group-3A17A8738BAC-FollowerState
2024-01-25 07:58:19,615 [s2@group-3A17A8738BAC-LeaderElection10] INFO  server.RaftServer$Division (RaftServerImpl.java:setFirstElection(505)) - s2@group-3A17A8738BAC: set firstElectionSinceStartup to false for REJECTED
2024-01-25 07:58:19,618 [s1-server-thread1] INFO  server.RaftServer$Division (ServerState.java:setLeader(269)) - s1@group-3A17A8738BAC: change Leader from null to s0 at term 1 for appendEntries, leader elected after 215ms
2024-01-25 07:58:19,618 [s0@group-3A17A8738BAC-SegmentedRaftLogWorker] INFO  segmented.SegmentedRaftLogWorker (SegmentedRaftLogWorker.java:execute(634)) - s0@group-3A17A8738BAC-SegmentedRaftLogWorker: created new log segment /home/runner/work/ratis/ratis/ratis-test/target/test/data/d3464635/MiniRaftClusterWithGrpcd31523a3/s0/f2de60e9-d498-410e-9a0d-3a17a8738bac/current/log_inprogress_0
2024-01-25 07:58:19,619 [s2-server-thread1] INFO  server.RaftServer$Division (ServerState.java:setLeader(269)) - s2@group-3A17A8738BAC: change Leader from null to s0 at term 1 for appendEntries, leader elected after 211ms
2024-01-25 07:58:19,624 [s1-server-thread2] DEBUG server.RaftServer$Division (RaftServerImpl.java:logAppendEntries(1520)) - s1@group-3A17A8738BAC: receive appendEntries(s0, 1, null, -1, false, commits:[s0:c-1, s1:c-1, s2:c-1], cId:1, entries: [(t:1, i:0), CONFIGURATIONENTRY(current:id: "s0"
address: "localhost:15036"
dataStreamAddress: "localhost:15039"
clientAddress: "localhost:15038"
adminAddress: "localhost:15037"
startupRole: FOLLOWER
,id: "s1"
address: "localhost:15040"
dataStreamAddress: "localhost:15043"
clientAddress: "localhost:15042"
adminAddress: "localhost:15041"
startupRole: FOLLOWER
,id: "s2"
address: "localhost:15044"
dataStreamAddress: "localhost:15047"
clientAddress: "localhost:15046"
adminAddress: "localhost:15045"
startupRole: FOLLOWER
, old:)]
2024-01-25 07:58:19,624 [s1-server-thread2] INFO  server.RaftServer$Division (ServerState.java:setRaftConf(386)) - s1@group-3A17A8738BAC: set configuration 0: peers:[s0|localhost:15036, s1|localhost:15040, s2|localhost:15044]|listeners:[], old=null
2024-01-25 07:58:19,624 [s1-server-thread2] INFO  segmented.SegmentedRaftLogWorker (SegmentedRaftLogWorker.java:startLogSegment(430)) - s1@group-3A17A8738BAC-SegmentedRaftLogWorker: Starting segment from index:0
2024-01-25 07:58:19,625 [s1@group-3A17A8738BAC-SegmentedRaftLogWorker] INFO  segmented.BufferedWriteChannel (BufferedWriteChannel.java:open(61)) - open log_inprogress_0 at position 0
2024-01-25 07:58:19,625 [s2-server-thread1] DEBUG server.RaftServer$Division (RaftServerImpl.java:logAppendEntries(1520)) - s2@group-3A17A8738BAC: receive appendEntries(s0, 1, null, -1, false, commits:[s0:c-1, s1:c-1, s2:c-1], cId:1, entries: [(t:1, i:0), CONFIGURATIONENTRY(current:id: "s0"
address: "localhost:15036"
dataStreamAddress: "localhost:15039"
clientAddress: "localhost:15038"
adminAddress: "localhost:15037"
startupRole: FOLLOWER
,id: "s1"
address: "localhost:15040"
dataStreamAddress: "localhost:15043"
clientAddress: "localhost:15042"
adminAddress: "localhost:15041"
startupRole: FOLLOWER
,id: "s2"
address: "localhost:15044"
dataStreamAddress: "localhost:15047"
clientAddress: "localhost:15046"
adminAddress: "localhost:15045"
startupRole: FOLLOWER
, old:)]
2024-01-25 07:58:19,625 [s2-server-thread1] INFO  server.RaftServer$Division (ServerState.java:setRaftConf(386)) - s2@group-3A17A8738BAC: set configuration 0: peers:[s0|localhost:15036, s1|localhost:15040, s2|localhost:15044]|listeners:[], old=null
2024-01-25 07:58:19,625 [s2-server-thread1] INFO  segmented.SegmentedRaftLogWorker (SegmentedRaftLogWorker.java:startLogSegment(430)) - s2@group-3A17A8738BAC-SegmentedRaftLogWorker: Starting segment from index:0
2024-01-25 07:58:19,626 [s2@group-3A17A8738BAC-SegmentedRaftLogWorker] INFO  segmented.BufferedWriteChannel (BufferedWriteChannel.java:open(61)) - open log_inprogress_0 at position 0
2024-01-25 07:58:19,636 [s1@group-3A17A8738BAC-SegmentedRaftLogWorker] INFO  segmented.SegmentedRaftLogWorker (SegmentedRaftLogWorker.java:execute(634)) - s1@group-3A17A8738BAC-SegmentedRaftLogWorker: created new log segment /home/runner/work/ratis/ratis/ratis-test/target/test/data/d3464635/MiniRaftClusterWithGrpcd31523a3/s1/f2de60e9-d498-410e-9a0d-3a17a8738bac/current/log_inprogress_0
2024-01-25 07:58:19,636 [s2@group-3A17A8738BAC-SegmentedRaftLogWorker] INFO  segmented.SegmentedRaftLogWorker (SegmentedRaftLogWorker.java:execute(634)) - s2@group-3A17A8738BAC-SegmentedRaftLogWorker: created new log segment /home/runner/work/ratis/ratis/ratis-test/target/test/data/d3464635/MiniRaftClusterWithGrpcd31523a3/s2/f2de60e9-d498-410e-9a0d-3a17a8738bac/current/log_inprogress_0
2024-01-25 07:58:19,636 [s1-server-thread2] DEBUG server.RaftServer$Division (RaftServerImpl.java:logAppendEntries(1520)) - s1@group-3A17A8738BAC: succeeded to handle AppendEntries. Reply: s0<-s1#1:OK-t1,SUCCESS,nextIndex=1,followerCommit=-1,matchIndex=0
2024-01-25 07:58:19,637 [s2-server-thread1] DEBUG server.RaftServer$Division (RaftServerImpl.java:logAppendEntries(1520)) - s2@group-3A17A8738BAC: succeeded to handle AppendEntries. Reply: s0<-s2#1:OK-t1,SUCCESS,nextIndex=1,followerCommit=-1,matchIndex=0
2024-01-25 07:58:19,637 [s0@group-3A17A8738BAC-StateMachineUpdater] TRACE util.FileUtils (LogUtils.java:supplyAndLog(69)) - Successfully supplied FileChannel.open /home/runner/work/ratis/ratis/ratis-test/target/test/data/d3464635/MiniRaftClusterWithGrpcd31523a3/s0/f2de60e9-d498-410e-9a0d-3a17a8738bac/current/raft-meta.conf.tmp with options [CREATE, WRITE]: sun.nio.ch.FileChannelImpl@7f9a358f
2024-01-25 07:58:19,639 [s0@group-3A17A8738BAC-StateMachineUpdater] TRACE util.FileUtils (LogUtils.java:runAndLog(49)) - Successfully ran Atomic Files.move /home/runner/work/ratis/ratis/ratis-test/target/test/data/d3464635/MiniRaftClusterWithGrpcd31523a3/s0/f2de60e9-d498-410e-9a0d-3a17a8738bac/current/raft-meta.conf.tmp to /home/runner/work/ratis/ratis/ratis-test/target/test/data/d3464635/MiniRaftClusterWithGrpcd31523a3/s0/f2de60e9-d498-410e-9a0d-3a17a8738bac/current/raft-meta.conf with options [REPLACE_EXISTING]
2024-01-25 07:58:19,639 [s0@group-3A17A8738BAC-StateMachineUpdater] INFO  server.RaftServer$Division (LeaderStateImpl.java:isApplied(321)) - leader is ready since appliedIndex == 0 >= startIndex == 0
2024-01-25 07:58:19,713 [s1@group-3A17A8738BAC-StateMachineUpdater] TRACE util.FileUtils (LogUtils.java:supplyAndLog(69)) - Successfully supplied FileChannel.open /home/runner/work/ratis/ratis/ratis-test/target/test/data/d3464635/MiniRaftClusterWithGrpcd31523a3/s1/f2de60e9-d498-410e-9a0d-3a17a8738bac/current/raft-meta.conf.tmp with options [CREATE, WRITE]: sun.nio.ch.FileChannelImpl@57e95129
2024-01-25 07:58:19,714 [s2@group-3A17A8738BAC-StateMachineUpdater] TRACE util.FileUtils (LogUtils.java:supplyAndLog(69)) - Successfully supplied FileChannel.open /home/runner/work/ratis/ratis/ratis-test/target/test/data/d3464635/MiniRaftClusterWithGrpcd31523a3/s2/f2de60e9-d498-410e-9a0d-3a17a8738bac/current/raft-meta.conf.tmp with options [CREATE, WRITE]: sun.nio.ch.FileChannelImpl@6a3abdcc
2024-01-25 07:58:19,715 [s1@group-3A17A8738BAC-StateMachineUpdater] TRACE util.FileUtils (LogUtils.java:runAndLog(49)) - Successfully ran Atomic Files.move /home/runner/work/ratis/ratis/ratis-test/target/test/data/d3464635/MiniRaftClusterWithGrpcd31523a3/s1/f2de60e9-d498-410e-9a0d-3a17a8738bac/current/raft-meta.conf.tmp to /home/runner/work/ratis/ratis/ratis-test/target/test/data/d3464635/MiniRaftClusterWithGrpcd31523a3/s1/f2de60e9-d498-410e-9a0d-3a17a8738bac/current/raft-meta.conf with options [REPLACE_EXISTING]
2024-01-25 07:58:19,715 [s2@group-3A17A8738BAC-StateMachineUpdater] TRACE util.FileUtils (LogUtils.java:runAndLog(49)) - Successfully ran Atomic Files.move /home/runner/work/ratis/ratis/ratis-test/target/test/data/d3464635/MiniRaftClusterWithGrpcd31523a3/s2/f2de60e9-d498-410e-9a0d-3a17a8738bac/current/raft-meta.conf.tmp to /home/runner/work/ratis/ratis/ratis-test/target/test/data/d3464635/MiniRaftClusterWithGrpcd31523a3/s2/f2de60e9-d498-410e-9a0d-3a17a8738bac/current/raft-meta.conf with options [REPLACE_EXISTING]
2024-01-25 07:58:19,886 [Time-limited test] INFO  ratis.RaftTestUtil (RaftTestUtil.java:waitForLeader(125)) - printing ALL groups
  s0:  RUNNING    LEADER s0@group-3A17A8738BAC:t1, leader=s0, voted=s0, raftlog=Memoized:s0@group-3A17A8738BAC-SegmentedRaftLog:OPENED:c0, conf=0: peers:[s0|localhost:15036, s1|localhost:15040, s2|localhost:15044]|listeners:[], old=null RUNNING
  s1:  RUNNING  FOLLOWER s1@group-3A17A8738BAC:t1, leader=s0, voted=s0, raftlog=Memoized:s1@group-3A17A8738BAC-SegmentedRaftLog:OPENED:c0, conf=0: peers:[s0|localhost:15036, s1|localhost:15040, s2|localhost:15044]|listeners:[], old=null RUNNING
  s2:  RUNNING  FOLLOWER s2@group-3A17A8738BAC:t1, leader=s0, voted=s2, raftlog=Memoized:s2@group-3A17A8738BAC-SegmentedRaftLog:OPENED:c0, conf=0: peers:[s0|localhost:15036, s1|localhost:15040, s2|localhost:15044]|listeners:[], old=null RUNNING
2024-01-25 07:58:19,886 [Time-limited test] DEBUG client.RaftClient (ConfUtils.java:logGet(46)) - raft.rpc.type = GRPC (default)
2024-01-25 07:58:19,886 [Time-limited test] DEBUG client.GrpcClientRpc (ConfUtils.java:logGet(46)) - raft.grpc.message.size.max = 64MB (=67108864) (default)
2024-01-25 07:58:19,886 [Time-limited test] INFO  grpc.TestWatchRequestWithGrpc (WatchRequestTests.java:runSingleTest(165)) - 1) numMessages=1, printing ALL groups
  s0:  RUNNING    LEADER s0@group-3A17A8738BAC:t1, leader=s0, voted=s0, raftlog=Memoized:s0@group-3A17A8738BAC-SegmentedRaftLog:OPENED:c0, conf=0: peers:[s0|localhost:15036, s1|localhost:15040, s2|localhost:15044]|listeners:[], old=null RUNNING
  s1:  RUNNING  FOLLOWER s1@group-3A17A8738BAC:t1, leader=s0, voted=s0, raftlog=Memoized:s1@group-3A17A8738BAC-SegmentedRaftLog:OPENED:c0, conf=0: peers:[s0|localhost:15036, s1|localhost:15040, s2|localhost:15044]|listeners:[], old=null RUNNING
  s2:  RUNNING  FOLLOWER s2@group-3A17A8738BAC:t1, leader=s0, voted=s2, raftlog=Memoized:s2@group-3A17A8738BAC-SegmentedRaftLog:OPENED:c0, conf=0: peers:[s0|localhost:15036, s1|localhost:15040, s2|localhost:15044]|listeners:[], old=null RUNNING
2024-01-25 07:58:19,887 [Time-limited test] DEBUG client.RaftClient (ConfUtils.java:logGet(46)) - raft.rpc.type = GRPC (default)
2024-01-25 07:58:19,887 [Time-limited test] DEBUG client.GrpcClientRpc (ConfUtils.java:logGet(46)) - raft.grpc.message.size.max = 64MB (=67108864) (default)
2024-01-25 07:58:19,887 [Time-limited test] DEBUG client.RaftClient (RaftClientImpl.java:get(158)) - client-AECC056FD2A9: get 421 returns []
2024-01-25 07:58:19,887 [Time-limited test] DEBUG client.RaftClient (RaftClientImpl.java:newRequest(95)) - attempt #1, newRequest RaftClientRequest:client-AECC056FD2A9->s0@group-3A17A8738BAC, cid=421, seq=null, Watch(10001), null
2024-01-25 07:58:19,887 [Time-limited test] DEBUG impl.UnorderedAsync (UnorderedAsync.java:sendRequestWithRetry(80)) - client-AECC056FD2A9: attempt #1 send~ RaftClientRequest:client-AECC056FD2A9->s0@group-3A17A8738BAC, cid=421, seq=null, Watch(10001), null
2024-01-25 07:58:19,889 [Time-limited test] DEBUG client.RaftClient (ConfUtils.java:logGet(46)) - raft.rpc.type = GRPC (default)
2024-01-25 07:58:19,889 [Time-limited test] DEBUG client.GrpcClientRpc (ConfUtils.java:logGet(46)) - raft.grpc.message.size.max = 64MB (=67108864) (default)
2024-01-25 07:58:19,889 [Time-limited test] DEBUG client.RaftClient (RaftClientImpl.java:get(158)) - client-0DB4069F9442: get 422 returns []
2024-01-25 07:58:19,889 [Time-limited test] DEBUG client.RaftClient (RaftClientImpl.java:newRequest(95)) - attempt #1, newRequest RaftClientRequest:client-0DB4069F9442->s0@group-3A17A8738BAC, cid=422, seq=null, Watch(10002), null
2024-01-25 07:58:19,889 [Time-limited test] DEBUG impl.UnorderedAsync (UnorderedAsync.java:sendRequestWithRetry(80)) - client-0DB4069F9442: attempt #1 send~ RaftClientRequest:client-0DB4069F9442->s0@group-3A17A8738BAC, cid=422, seq=null, Watch(10002), null
2024-01-25 07:58:19,890 [Time-limited test] DEBUG client.RaftClient (ConfUtils.java:logGet(46)) - raft.rpc.type = GRPC (default)
2024-01-25 07:58:19,891 [Time-limited test] DEBUG client.GrpcClientRpc (ConfUtils.java:logGet(46)) - raft.grpc.message.size.max = 64MB (=67108864) (default)
2024-01-25 07:58:19,891 [Time-limited test] DEBUG client.RaftClient (RaftClientImpl.java:get(158)) - client-2B31504D28F3: get 423 returns []
2024-01-25 07:58:19,891 [Time-limited test] DEBUG client.RaftClient (RaftClientImpl.java:newRequest(95)) - attempt #1, newRequest RaftClientRequest:client-2B31504D28F3->s0@group-3A17A8738BAC, cid=423, seq=null, Watch(10003), null
2024-01-25 07:58:19,891 [Time-limited test] DEBUG impl.UnorderedAsync (UnorderedAsync.java:sendRequestWithRetry(80)) - client-2B31504D28F3: attempt #1 send~ RaftClientRequest:client-2B31504D28F3->s0@group-3A17A8738BAC, cid=423, seq=null, Watch(10003), null
2024-01-25 07:58:19,892 [s0-client-thread1] DEBUG server.RaftServer$Division (RaftServerImpl.java:submitClientRequestAsync(880)) - s0@group-3A17A8738BAC: receive client request(RaftClientRequest:client-AECC056FD2A9->s0@group-3A17A8738BAC, cid=421, seq=null, Watch(10001), Message:<EMPTY>)
2024-01-25 07:58:19,892 [s0-client-thread1] DEBUG server.RaftServer$Division (LeaderStateImpl.java:addWatchRequest(552)) - s0@group-3A17A8738BAC-LeaderStateImpl: addWatchRequest RaftClientRequest:client-AECC056FD2A9->s0@group-3A17A8738BAC, cid=421, seq=null, Watch(10001), Message:<EMPTY>
2024-01-25 07:58:19,893 [Time-limited test] DEBUG client.RaftClient (ConfUtils.java:logGet(46)) - raft.rpc.type = GRPC (default)
2024-01-25 07:58:19,893 [Time-limited test] DEBUG client.GrpcClientRpc (ConfUtils.java:logGet(46)) - raft.grpc.message.size.max = 64MB (=67108864) (default)
2024-01-25 07:58:19,893 [Time-limited test] DEBUG client.RaftClient (RaftClientImpl.java:get(158)) - client-89A133C6B721: get 424 returns []
2024-01-25 07:58:19,893 [Time-limited test] DEBUG client.RaftClient (RaftClientImpl.java:newRequest(95)) - attempt #1, newRequest RaftClientRequest:client-89A133C6B721->s0@group-3A17A8738BAC, cid=424, seq=null, Watch(10004), null
2024-01-25 07:58:19,893 [Time-limited test] DEBUG impl.UnorderedAsync (UnorderedAsync.java:sendRequestWithRetry(80)) - client-89A133C6B721: attempt #1 send~ RaftClientRequest:client-89A133C6B721->s0@group-3A17A8738BAC, cid=424, seq=null, Watch(10004), null
2024-01-25 07:58:19,893 [s0-client-thread1] DEBUG server.RaftServer$Division (RaftServerImpl.java:submitClientRequestAsync(880)) - s0@group-3A17A8738BAC: receive client request(RaftClientRequest:client-0DB4069F9442->s0@group-3A17A8738BAC, cid=422, seq=null, Watch(10002), Message:<EMPTY>)
2024-01-25 07:58:19,893 [s0-client-thread1] DEBUG server.RaftServer$Division (LeaderStateImpl.java:addWatchRequest(552)) - s0@group-3A17A8738BAC-LeaderStateImpl: addWatchRequest RaftClientRequest:client-0DB4069F9442->s0@group-3A17A8738BAC, cid=422, seq=null, Watch(10002), Message:<EMPTY>
2024-01-25 07:58:19,894 [Time-limited test] DEBUG client.RaftClient (ConfUtils.java:logGet(46)) - raft.rpc.type = GRPC (default)
2024-01-25 07:58:19,895 [Time-limited test] DEBUG client.GrpcClientRpc (ConfUtils.java:logGet(46)) - raft.grpc.message.size.max = 64MB (=67108864) (default)
2024-01-25 07:58:19,895 [Time-limited test] DEBUG client.RaftClient (RaftClientImpl.java:get(158)) - client-E1B229BAFB2A: get 425 returns []
2024-01-25 07:58:19,895 [Time-limited test] DEBUG client.RaftClient (RaftClientImpl.java:newRequest(95)) - attempt #1, newRequest RaftClientRequest:client-E1B229BAFB2A->s0@group-3A17A8738BAC, cid=425, seq=null, Watch(10005), null
2024-01-25 07:58:19,895 [Time-limited test] DEBUG impl.UnorderedAsync (UnorderedAsync.java:sendRequestWithRetry(80)) - client-E1B229BAFB2A: attempt #1 send~ RaftClientRequest:client-E1B229BAFB2A->s0@group-3A17A8738BAC, cid=425, seq=null, Watch(10005), null
2024-01-25 07:58:19,897 [s0-client-thread1] DEBUG server.RaftServer$Division (RaftServerImpl.java:submitClientRequestAsync(880)) - s0@group-3A17A8738BAC: receive client request(RaftClientRequest:client-2B31504D28F3->s0@group-3A17A8738BAC, cid=423, seq=null, Watch(10003), Message:<EMPTY>)
2024-01-25 07:58:19,897 [s0-client-thread1] DEBUG server.RaftServer$Division (LeaderStateImpl.java:addWatchRequest(552)) - s0@group-3A17A8738BAC-LeaderStateImpl: addWatchRequest RaftClientRequest:client-2B31504D28F3->s0@group-3A17A8738BAC, cid=423, seq=null, Watch(10003), Message:<EMPTY>
2024-01-25 07:58:19,897 [s0-client-thread2] DEBUG server.RaftServer$Division (RaftServerImpl.java:submitClientRequestAsync(880)) - s0@group-3A17A8738BAC: receive client request(RaftClientRequest:client-89A133C6B721->s0@group-3A17A8738BAC, cid=424, seq=null, Watch(10004), Message:<EMPTY>)
2024-01-25 07:58:19,897 [s0-client-thread2] DEBUG server.RaftServer$Division (LeaderStateImpl.java:addWatchRequest(552)) - s0@group-3A17A8738BAC-LeaderStateImpl: addWatchRequest RaftClientRequest:client-89A133C6B721->s0@group-3A17A8738BAC, cid=424, seq=null, Watch(10004), Message:<EMPTY>
2024-01-25 07:58:19,898 [Time-limited test] DEBUG client.RaftClient (ConfUtils.java:logGet(46)) - raft.rpc.type = GRPC (default)
2024-01-25 07:58:19,898 [Time-limited test] DEBUG client.GrpcClientRpc (ConfUtils.java:logGet(46)) - raft.grpc.message.size.max = 64MB (=67108864) (default)
2024-01-25 07:58:19,898 [Time-limited test] DEBUG client.RaftClient (RaftClientImpl.java:get(158)) - client-7C1EB0D0407A: get 426 returns []
2024-01-25 07:58:19,898 [Time-limited test] DEBUG client.RaftClient (RaftClientImpl.java:newRequest(95)) - attempt #1, newRequest RaftClientRequest:client-7C1EB0D0407A->s0@group-3A17A8738BAC, cid=426, seq=null, Watch(10006), null
2024-01-25 07:58:19,898 [Time-limited test] DEBUG impl.UnorderedAsync (UnorderedAsync.java:sendRequestWithRetry(80)) - client-7C1EB0D0407A: attempt #1 send~ RaftClientRequest:client-7C1EB0D0407A->s0@group-3A17A8738BAC, cid=426, seq=null, Watch(10006), null
2024-01-25 07:58:19,899 [s0-client-thread2] DEBUG server.RaftServer$Division (RaftServerImpl.java:submitClientRequestAsync(880)) - s0@group-3A17A8738BAC: receive client request(RaftClientRequest:client-E1B229BAFB2A->s0@group-3A17A8738BAC, cid=425, seq=null, Watch(10005), Message:<EMPTY>)
2024-01-25 07:58:19,899 [s0-client-thread2] DEBUG server.RaftServer$Division (LeaderStateImpl.java:addWatchRequest(552)) - s0@group-3A17A8738BAC-LeaderStateImpl: addWatchRequest RaftClientRequest:client-E1B229BAFB2A->s0@group-3A17A8738BAC, cid=425, seq=null, Watch(10005), Message:<EMPTY>
2024-01-25 07:58:19,900 [Time-limited test] DEBUG client.RaftClient (ConfUtils.java:logGet(46)) - raft.rpc.type = GRPC (default)
2024-01-25 07:58:19,900 [Time-limited test] DEBUG client.GrpcClientRpc (ConfUtils.java:logGet(46)) - raft.grpc.message.size.max = 64MB (=67108864) (default)
2024-01-25 07:58:19,900 [Time-limited test] DEBUG client.RaftClient (RaftClientImpl.java:get(158)) - client-9F404F755400: get 427 returns []
2024-01-25 07:58:19,900 [Time-limited test] DEBUG client.RaftClient (RaftClientImpl.java:newRequest(95)) - attempt #1, newRequest RaftClientRequest:client-9F404F755400->s0@group-3A17A8738BAC, cid=427, seq=null, Watch(10007), null
2024-01-25 07:58:19,900 [Time-limited test] DEBUG impl.UnorderedAsync (UnorderedAsync.java:sendRequestWithRetry(80)) - client-9F404F755400: attempt #1 send~ RaftClientRequest:client-9F404F755400->s0@group-3A17A8738BAC, cid=427, seq=null, Watch(10007), null
2024-01-25 07:58:19,902 [s0-client-thread2] DEBUG server.RaftServer$Division (RaftServerImpl.java:submitClientRequestAsync(880)) - s0@group-3A17A8738BAC: receive client request(RaftClientRequest:client-7C1EB0D0407A->s0@group-3A17A8738BAC, cid=426, seq=null, Watch(10006), Message:<EMPTY>)
2024-01-25 07:58:19,902 [s0-client-thread2] DEBUG server.RaftServer$Division (LeaderStateImpl.java:addWatchRequest(552)) - s0@group-3A17A8738BAC-LeaderStateImpl: addWatchRequest RaftClientRequest:client-7C1EB0D0407A->s0@group-3A17A8738BAC, cid=426, seq=null, Watch(10006), Message:<EMPTY>
2024-01-25 07:58:19,902 [Time-limited test] DEBUG client.RaftClient (ConfUtils.java:logGet(46)) - raft.rpc.type = GRPC (default)
2024-01-25 07:58:19,902 [Time-limited test] DEBUG client.GrpcClientRpc (ConfUtils.java:logGet(46)) - raft.grpc.message.size.max = 64MB (=67108864) (default)
2024-01-25 07:58:19,902 [Time-limited test] DEBUG client.RaftClient (RaftClientImpl.java:get(158)) - client-F6CE29712D76: get 428 returns []
2024-01-25 07:58:19,902 [Time-limited test] DEBUG client.RaftClient (RaftClientImpl.java:newRequest(95)) - attempt #1, newRequest RaftClientRequest:client-F6CE29712D76->s0@group-3A17A8738BAC, cid=428, seq=null, Watch(10008), null
2024-01-25 07:58:19,902 [Time-limited test] DEBUG impl.UnorderedAsync (UnorderedAsync.java:sendRequestWithRetry(80)) - client-F6CE29712D76: attempt #1 send~ RaftClientRequest:client-F6CE29712D76->s0@group-3A17A8738BAC, cid=428, seq=null, Watch(10008), null
2024-01-25 07:58:19,903 [s0-client-thread2] DEBUG server.RaftServer$Division (RaftServerImpl.java:submitClientRequestAsync(880)) - s0@group-3A17A8738BAC: receive client request(RaftClientRequest:client-9F404F755400->s0@group-3A17A8738BAC, cid=427, seq=null, Watch(10007), Message:<EMPTY>)
2024-01-25 07:58:19,903 [s0-client-thread2] DEBUG server.RaftServer$Division (LeaderStateImpl.java:addWatchRequest(552)) - s0@group-3A17A8738BAC-LeaderStateImpl: addWatchRequest RaftClientRequest:client-9F404F755400->s0@group-3A17A8738BAC, cid=427, seq=null, Watch(10007), Message:<EMPTY>
2024-01-25 07:58:19,904 [Time-limited test] DEBUG client.RaftClient (ConfUtils.java:logGet(46)) - raft.rpc.type = GRPC (default)
2024-01-25 07:58:19,904 [Time-limited test] DEBUG client.GrpcClientRpc (ConfUtils.java:logGet(46)) - raft.grpc.message.size.max = 64MB (=67108864) (default)
2024-01-25 07:58:19,904 [Time-limited test] DEBUG client.RaftClient (RaftClientImpl.java:get(158)) - client-8AA16BE67295: get 429 returns []
2024-01-25 07:58:19,904 [Time-limited test] DEBUG client.RaftClient (RaftClientImpl.java:newRequest(95)) - attempt #1, newRequest RaftClientRequest:client-8AA16BE67295->s0@group-3A17A8738BAC, cid=429, seq=null, Watch(10009), null
2024-01-25 07:58:19,904 [Time-limited test] DEBUG impl.UnorderedAsync (UnorderedAsync.java:sendRequestWithRetry(80)) - client-8AA16BE67295: attempt #1 send~ RaftClientRequest:client-8AA16BE67295->s0@group-3A17A8738BAC, cid=429, seq=null, Watch(10009), null
2024-01-25 07:58:19,906 [s0-client-thread2] DEBUG server.RaftServer$Division (RaftServerImpl.java:submitClientRequestAsync(880)) - s0@group-3A17A8738BAC: receive client request(RaftClientRequest:client-F6CE29712D76->s0@group-3A17A8738BAC, cid=428, seq=null, Watch(10008), Message:<EMPTY>)
2024-01-25 07:58:19,906 [s0-client-thread2] DEBUG server.RaftServer$Division (LeaderStateImpl.java:addWatchRequest(552)) - s0@group-3A17A8738BAC-LeaderStateImpl: addWatchRequest RaftClientRequest:client-F6CE29712D76->s0@group-3A17A8738BAC, cid=428, seq=null, Watch(10008), Message:<EMPTY>
2024-01-25 07:58:19,906 [Time-limited test] DEBUG client.RaftClient (ConfUtils.java:logGet(46)) - raft.rpc.type = GRPC (default)
2024-01-25 07:58:19,907 [s0-client-thread2] DEBUG server.RaftServer$Division (RaftServerImpl.java:submitClientRequestAsync(880)) - s0@group-3A17A8738BAC: receive client request(RaftClientRequest:client-8AA16BE67295->s0@group-3A17A8738BAC, cid=429, seq=null, Watch(10009), Message:<EMPTY>)
2024-01-25 07:58:19,908 [Time-limited test] DEBUG client.GrpcClientRpc (ConfUtils.java:logGet(46)) - raft.grpc.message.size.max = 64MB (=67108864) (default)
2024-01-25 07:58:19,908 [s0-client-thread2] DEBUG server.RaftServer$Division (LeaderStateImpl.java:addWatchRequest(552)) - s0@group-3A17A8738BAC-LeaderStateImpl: addWatchRequest RaftClientRequest:client-8AA16BE67295->s0@group-3A17A8738BAC, cid=429, seq=null, Watch(10009), Message:<EMPTY>
2024-01-25 07:58:19,908 [Time-limited test] DEBUG client.RaftClient (RaftClientImpl.java:get(158)) - client-27A002C1B2D8: get 430 returns []
2024-01-25 07:58:19,908 [Time-limited test] DEBUG client.RaftClient (RaftClientImpl.java:newRequest(95)) - attempt #1, newRequest RaftClientRequest:client-27A002C1B2D8->s0@group-3A17A8738BAC, cid=430, seq=null, Watch(10010), null
2024-01-25 07:58:19,908 [Time-limited test] DEBUG impl.UnorderedAsync (UnorderedAsync.java:sendRequestWithRetry(80)) - client-27A002C1B2D8: attempt #1 send~ RaftClientRequest:client-27A002C1B2D8->s0@group-3A17A8738BAC, cid=430, seq=null, Watch(10010), null
2024-01-25 07:58:19,909 [Time-limited test] DEBUG client.RaftClient (ConfUtils.java:logGet(46)) - raft.rpc.type = GRPC (default)
2024-01-25 07:58:19,909 [Time-limited test] DEBUG client.GrpcClientRpc (ConfUtils.java:logGet(46)) - raft.grpc.message.size.max = 64MB (=67108864) (default)
2024-01-25 07:58:19,910 [Time-limited test] DEBUG client.RaftClient (RaftClientImpl.java:get(158)) - client-D576E811BB68: get 431 returns []
2024-01-25 07:58:19,910 [Time-limited test] DEBUG client.RaftClient (RaftClientImpl.java:newRequest(95)) - attempt #1, newRequest RaftClientRequest:client-D576E811BB68->s0@group-3A17A8738BAC, cid=431, seq=null, Watch(10011), null
2024-01-25 07:58:19,910 [Time-limited test] DEBUG impl.UnorderedAsync (UnorderedAsync.java:sendRequestWithRetry(80)) - client-D576E811BB68: attempt #1 send~ RaftClientRequest:client-D576E811BB68->s0@group-3A17A8738BAC, cid=431, seq=null, Watch(10011), null
2024-01-25 07:58:19,911 [s0-client-thread2] DEBUG server.RaftServer$Division (RaftServerImpl.java:submitClientRequestAsync(880)) - s0@group-3A17A8738BAC: receive client request(RaftClientRequest:client-27A002C1B2D8->s0@group-3A17A8738BAC, cid=430, seq=null, Watch(10010), Message:<EMPTY>)
2024-01-25 07:58:19,911 [s0-client-thread2] DEBUG server.RaftServer$Division (LeaderStateImpl.java:addWatchRequest(552)) - s0@group-3A17A8738BAC-LeaderStateImpl: addWatchRequest RaftClientRequest:client-27A002C1B2D8->s0@group-3A17A8738BAC, cid=430, seq=null, Watch(10010), Message:<EMPTY>
2024-01-25 07:58:19,913 [s0-client-thread2] DEBUG server.RaftServer$Division (RaftServerImpl.java:submitClientRequestAsync(880)) - s0@group-3A17A8738BAC: receive client request(RaftClientRequest:client-D576E811BB68->s0@group-3A17A8738BAC, cid=431, seq=null, Watch(10011), Message:<EMPTY>)
2024-01-25 07:58:19,913 [s0-client-thread2] DEBUG server.RaftServer$Division (LeaderStateImpl.java:addWatchRequest(552)) - s0@group-3A17A8738BAC-LeaderStateImpl: addWatchRequest RaftClientRequest:client-D576E811BB68->s0@group-3A17A8738BAC, cid=431, seq=null, Watch(10011), Message:<EMPTY>
2024-01-25 07:58:19,924 [ForkJoinPool.commonPool-worker-3] DEBUG impl.UnorderedAsync (UnorderedAsync.java:lambda$sendRequestWithRetry$4(83)) - client-D576E811BB68: attempt #1 receive~ null
2024-01-25 07:58:22,576 [timer7] DEBUG impl.WatchRequests (WatchRequests.java:handleTimeout(131)) - s0@group-3A17A8738BAC-WatchRequests: timeout Watch(10001)@48.239s?java.util.concurrent.CompletionException: org.apache.ratis.protocol.exceptions.NotReplicatedException: Request with call Id 421 and log index 10001 is not yet replicated to MAJORITY, RaftClientRequest:client-AECC056FD2A9->s0@group-3A17A8738BAC, cid=421, seq=null, Watch(10001), Message:<EMPTY>
2024-01-25 07:58:22,576 [timer1] DEBUG impl.WatchRequests (WatchRequests.java:handleTimeout(131)) - s0@group-3A17A8738BAC-WatchRequests: timeout Watch(10009)@48.239s?java.util.concurrent.CompletionException: org.apache.ratis.protocol.exceptions.NotReplicatedException: Request with call Id 429 and log index 10009 is not yet replicated to MAJORITY, RaftClientRequest:client-8AA16BE67295->s0@group-3A17A8738BAC, cid=429, seq=null, Watch(10009), Message:<EMPTY>
2024-01-25 07:58:22,576 [timer0] DEBUG impl.WatchRequests (WatchRequests.java:handleTimeout(131)) - s0@group-3A17A8738BAC-WatchRequests: timeout Watch(10008)@48.239s?java.util.concurrent.CompletionException: org.apache.ratis.protocol.exceptions.NotReplicatedException: Request with call Id 428 and log index 10008 is not yet replicated to MAJORITY, RaftClientRequest:client-F6CE29712D76->s0@group-3A17A8738BAC, cid=428, seq=null, Watch(10008), Message:<EMPTY>
2024-01-25 07:58:22,576 [timer7] DEBUG impl.WatchRequests (WatchRequests.java:handleTimeout(131)) - s0@group-3A17A8738BAC-WatchRequests: timeout Watch(10005)@48.239s?java.util.concurrent.CompletionException: org.apache.ratis.protocol.exceptions.NotReplicatedException: Request with call Id 425 and log index 10005 is not yet replicated to MAJORITY, RaftClientRequest:client-E1B229BAFB2A->s0@group-3A17A8738BAC, cid=425, seq=null, Watch(10005), Message:<EMPTY>
2024-01-25 07:58:22,576 [timer0] DEBUG impl.WatchRequests (WatchRequests.java:handleTimeout(131)) - s0@group-3A17A8738BAC-WatchRequests: timeout Watch(10002)@48.239s?java.util.concurrent.CompletionException: org.apache.ratis.protocol.exceptions.NotReplicatedException: Request with call Id 422 and log index 10002 is not yet replicated to MAJORITY, RaftClientRequest:client-0DB4069F9442->s0@group-3A17A8738BAC, cid=422, seq=null, Watch(10002), Message:<EMPTY>
2024-01-25 07:58:22,576 [timer7] DEBUG impl.WatchRequests (WatchRequests.java:handleTimeout(131)) - s0@group-3A17A8738BAC-WatchRequests: timeout Watch(10006)@48.239s?java.util.concurrent.CompletionException: org.apache.ratis.protocol.exceptions.NotReplicatedException: Request with call Id 426 and log index 10006 is not yet replicated to MAJORITY, RaftClientRequest:client-7C1EB0D0407A->s0@group-3A17A8738BAC, cid=426, seq=null, Watch(10006), Message:<EMPTY>
2024-01-25 07:58:22,576 [timer5] DEBUG impl.WatchRequests (WatchRequests.java:handleTimeout(131)) - s0@group-3A17A8738BAC-WatchRequests: timeout Watch(10003)@48.239s?java.util.concurrent.CompletionException: org.apache.ratis.protocol.exceptions.NotReplicatedException: Request with call Id 423 and log index 10003 is not yet replicated to MAJORITY, RaftClientRequest:client-2B31504D28F3->s0@group-3A17A8738BAC, cid=423, seq=null, Watch(10003), Message:<EMPTY>
2024-01-25 07:58:22,576 [timer7] DEBUG impl.WatchRequests (WatchRequests.java:handleTimeout(131)) - s0@group-3A17A8738BAC-WatchRequests: timeout Watch(10010)@48.239s?java.util.concurrent.CompletionException: org.apache.ratis.protocol.exceptions.NotReplicatedException: Request with call Id 430 and log index 10010 is not yet replicated to MAJORITY, RaftClientRequest:client-27A002C1B2D8->s0@group-3A17A8738BAC, cid=430, seq=null, Watch(10010), Message:<EMPTY>
2024-01-25 07:58:22,576 [timer1] DEBUG impl.WatchRequests (WatchRequests.java:handleTimeout(131)) - s0@group-3A17A8738BAC-WatchRequests: timeout Watch(10007)@48.239s?java.util.concurrent.CompletionException: org.apache.ratis.protocol.exceptions.NotReplicatedException: Request with call Id 427 and log index 10007 is not yet replicated to MAJORITY, RaftClientRequest:client-9F404F755400->s0@group-3A17A8738BAC, cid=427, seq=null, Watch(10007), Message:<EMPTY>
2024-01-25 07:58:22,576 [null-request--thread1] INFO  server.GrpcClientProtocolService (GrpcClientProtocolService.java:lambda$processClientRequest$0(323)) - Failed RaftClientRequest:client-8AA16BE67295->s0@group-3A17A8738BAC, cid=429, seq=null, Watch(10009), Message:<EMPTY>, reply=RaftClientReply:client-8AA16BE67295->s0@group-3A17A8738BAC, cid=429, FAILED org.apache.ratis.protocol.exceptions.NotReplicatedException: Request with call Id 429 and log index 10009 is not yet replicated to MAJORITY, logIndex=10009, commits[s0:c0, s1:c0, s2:c0]
2024-01-25 07:58:22,577 [timer6] DEBUG impl.WatchRequests (WatchRequests.java:handleTimeout(131)) - s0@group-3A17A8738BAC-WatchRequests: timeout Watch(10004)@48.239s?java.util.concurrent.CompletionException: org.apache.ratis.protocol.exceptions.NotReplicatedException: Request with call Id 424 and log index 10004 is not yet replicated to MAJORITY, RaftClientRequest:client-89A133C6B721->s0@group-3A17A8738BAC, cid=424, seq=null, Watch(10004), Message:<EMPTY>
2024-01-25 07:58:22,577 [null-request--thread1] INFO  server.GrpcClientProtocolService (GrpcClientProtocolService.java:lambda$processClientRequest$0(323)) - Failed RaftClientRequest:client-AECC056FD2A9->s0@group-3A17A8738BAC, cid=421, seq=null, Watch(10001), Message:<EMPTY>, reply=RaftClientReply:client-AECC056FD2A9->s0@group-3A17A8738BAC, cid=421, FAILED org.apache.ratis.protocol.exceptions.NotReplicatedException: Request with call Id 421 and log index 10001 is not yet replicated to MAJORITY, logIndex=10001, commits[s0:c0, s1:c0, s2:c0]
2024-01-25 07:58:22,577 [null-request--thread1] INFO  server.GrpcClientProtocolService (GrpcClientProtocolService.java:lambda$processClientRequest$0(323)) - Failed RaftClientRequest:client-F6CE29712D76->s0@group-3A17A8738BAC, cid=428, seq=null, Watch(10008), Message:<EMPTY>, reply=RaftClientReply:client-F6CE29712D76->s0@group-3A17A8738BAC, cid=428, FAILED org.apache.ratis.protocol.exceptions.NotReplicatedException: Request with call Id 428 and log index 10008 is not yet replicated to MAJORITY, logIndex=10008, commits[s0:c0, s1:c0, s2:c0]
2024-01-25 07:58:22,578 [null-request--thread1] INFO  server.GrpcClientProtocolService (GrpcClientProtocolService.java:lambda$processClientRequest$0(323)) - Failed RaftClientRequest:client-E1B229BAFB2A->s0@group-3A17A8738BAC, cid=425, seq=null, Watch(10005), Message:<EMPTY>, reply=RaftClientReply:client-E1B229BAFB2A->s0@group-3A17A8738BAC, cid=425, FAILED org.apache.ratis.protocol.exceptions.NotReplicatedException: Request with call Id 425 and log index 10005 is not yet replicated to MAJORITY, logIndex=10005, commits[s0:c0, s1:c0, s2:c0]
2024-01-25 07:58:22,578 [null-request--thread1] INFO  server.GrpcClientProtocolService (GrpcClientProtocolService.java:lambda$processClientRequest$0(323)) - Failed RaftClientRequest:client-9F404F755400->s0@group-3A17A8738BAC, cid=427, seq=null, Watch(10007), Message:<EMPTY>, reply=RaftClientReply:client-9F404F755400->s0@group-3A17A8738BAC, cid=427, FAILED org.apache.ratis.protocol.exceptions.NotReplicatedException: Request with call Id 427 and log index 10007 is not yet replicated to MAJORITY, logIndex=10007, commits[s0:c0, s1:c0, s2:c0]
2024-01-25 07:58:22,578 [ForkJoinPool.commonPool-worker-1] DEBUG impl.UnorderedAsync (UnorderedAsync.java:lambda$sendRequestWithRetry$4(83)) - client-AECC056FD2A9: attempt #1 receive~ RaftClientReply:client-AECC056FD2A9->s0@group-3A17A8738BAC, cid=421, FAILED org.apache.ratis.protocol.exceptions.NotReplicatedException: Request with call Id 421 and log index 10001 is not yet replicated to MAJORITY, logIndex=10001, commits[s0:c0, s1:c0, s2:c0]
2024-01-25 07:58:22,578 [ForkJoinPool.commonPool-worker-2] DEBUG impl.UnorderedAsync (UnorderedAsync.java:lambda$sendRequestWithRetry$4(83)) - client-8AA16BE67295: attempt #1 receive~ RaftClientReply:client-8AA16BE67295->s0@group-3A17A8738BAC, cid=429, FAILED org.apache.ratis.protocol.exceptions.NotReplicatedException: Request with call Id 429 and log index 10009 is not yet replicated to MAJORITY, logIndex=10009, commits[s0:c0, s1:c0, s2:c0]
2024-01-25 07:58:22,578 [ForkJoinPool.commonPool-worker-2] DEBUG impl.UnorderedAsync (UnorderedAsync.java:lambda$sendRequestWithRetry$4(83)) - client-F6CE29712D76: attempt #1 receive~ RaftClientReply:client-F6CE29712D76->s0@group-3A17A8738BAC, cid=428, FAILED org.apache.ratis.protocol.exceptions.NotReplicatedException: Request with call Id 428 and log index 10008 is not yet replicated to MAJORITY, logIndex=10008, commits[s0:c0, s1:c0, s2:c0]
2024-01-25 07:58:22,579 [ForkJoinPool.commonPool-worker-2] DEBUG impl.UnorderedAsync (UnorderedAsync.java:lambda$sendRequestWithRetry$4(83)) - client-E1B229BAFB2A: attempt #1 receive~ RaftClientReply:client-E1B229BAFB2A->s0@group-3A17A8738BAC, cid=425, FAILED org.apache.ratis.protocol.exceptions.NotReplicatedException: Request with call Id 425 and log index 10005 is not yet replicated to MAJORITY, logIndex=10005, commits[s0:c0, s1:c0, s2:c0]
2024-01-25 07:58:22,579 [null-request--thread1] INFO  server.GrpcClientProtocolService (GrpcClientProtocolService.java:lambda$processClientRequest$0(323)) - Failed RaftClientRequest:client-0DB4069F9442->s0@group-3A17A8738BAC, cid=422, seq=null, Watch(10002), Message:<EMPTY>, reply=RaftClientReply:client-0DB4069F9442->s0@group-3A17A8738BAC, cid=422, FAILED org.apache.ratis.protocol.exceptions.NotReplicatedException: Request with call Id 422 and log index 10002 is not yet replicated to MAJORITY, logIndex=10002, commits[s0:c0, s1:c0, s2:c0]
2024-01-25 07:58:22,579 [ForkJoinPool.commonPool-worker-2] DEBUG impl.UnorderedAsync (UnorderedAsync.java:lambda$sendRequestWithRetry$4(83)) - client-9F404F755400: attempt #1 receive~ RaftClientReply:client-9F404F755400->s0@group-3A17A8738BAC, cid=427, FAILED org.apache.ratis.protocol.exceptions.NotReplicatedException: Request with call Id 427 and log index 10007 is not yet replicated to MAJORITY, logIndex=10007, commits[s0:c0, s1:c0, s2:c0]
2024-01-25 07:58:22,579 [null-request--thread1] INFO  server.GrpcClientProtocolService (GrpcClientProtocolService.java:lambda$processClientRequest$0(323)) - Failed RaftClientRequest:client-7C1EB0D0407A->s0@group-3A17A8738BAC, cid=426, seq=null, Watch(10006), Message:<EMPTY>, reply=RaftClientReply:client-7C1EB0D0407A->s0@group-3A17A8738BAC, cid=426, FAILED org.apache.ratis.protocol.exceptions.NotReplicatedException: Request with call Id 426 and log index 10006 is not yet replicated to MAJORITY, logIndex=10006, commits[s0:c0, s1:c0, s2:c0]
2024-01-25 07:58:22,580 [ForkJoinPool.commonPool-worker-2] DEBUG impl.UnorderedAsync (UnorderedAsync.java:lambda$sendRequestWithRetry$4(83)) - client-0DB4069F9442: attempt #1 receive~ RaftClientReply:client-0DB4069F9442->s0@group-3A17A8738BAC, cid=422, FAILED org.apache.ratis.protocol.exceptions.NotReplicatedException: Request with call Id 422 and log index 10002 is not yet replicated to MAJORITY, logIndex=10002, commits[s0:c0, s1:c0, s2:c0]
2024-01-25 07:58:22,580 [null-request--thread1] INFO  server.GrpcClientProtocolService (GrpcClientProtocolService.java:lambda$processClientRequest$0(323)) - Failed RaftClientRequest:client-2B31504D28F3->s0@group-3A17A8738BAC, cid=423, seq=null, Watch(10003), Message:<EMPTY>, reply=RaftClientReply:client-2B31504D28F3->s0@group-3A17A8738BAC, cid=423, FAILED org.apache.ratis.protocol.exceptions.NotReplicatedException: Request with call Id 423 and log index 10003 is not yet replicated to MAJORITY, logIndex=10003, commits[s0:c0, s1:c0, s2:c0]
2024-01-25 07:58:22,580 [null-request--thread1] INFO  server.GrpcClientProtocolService (GrpcClientProtocolService.java:lambda$processClientRequest$0(323)) - Failed RaftClientRequest:client-27A002C1B2D8->s0@group-3A17A8738BAC, cid=430, seq=null, Watch(10010), Message:<EMPTY>, reply=RaftClientReply:client-27A002C1B2D8->s0@group-3A17A8738BAC, cid=430, FAILED org.apache.ratis.protocol.exceptions.NotReplicatedException: Request with call Id 430 and log index 10010 is not yet replicated to MAJORITY, logIndex=10010, commits[s0:c0, s1:c0, s2:c0]
2024-01-25 07:58:22,580 [ForkJoinPool.commonPool-worker-2] DEBUG impl.UnorderedAsync (UnorderedAsync.java:lambda$sendRequestWithRetry$4(83)) - client-7C1EB0D0407A: attempt #1 receive~ RaftClientReply:client-7C1EB0D0407A->s0@group-3A17A8738BAC, cid=426, FAILED org.apache.ratis.protocol.exceptions.NotReplicatedException: Request with call Id 426 and log index 10006 is not yet replicated to MAJORITY, logIndex=10006, commits[s0:c0, s1:c0, s2:c0]
2024-01-25 07:58:22,581 [ForkJoinPool.commonPool-worker-2] DEBUG impl.UnorderedAsync (UnorderedAsync.java:lambda$sendRequestWithRetry$4(83)) - client-2B31504D28F3: attempt #1 receive~ RaftClientReply:client-2B31504D28F3->s0@group-3A17A8738BAC, cid=423, FAILED org.apache.ratis.protocol.exceptions.NotReplicatedException: Request with call Id 423 and log index 10003 is not yet replicated to MAJORITY, logIndex=10003, commits[s0:c0, s1:c0, s2:c0]
2024-01-25 07:58:22,581 [null-request--thread1] INFO  server.GrpcClientProtocolService (GrpcClientProtocolService.java:lambda$processClientRequest$0(323)) - Failed RaftClientRequest:client-89A133C6B721->s0@group-3A17A8738BAC, cid=424, seq=null, Watch(10004), Message:<EMPTY>, reply=RaftClientReply:client-89A133C6B721->s0@group-3A17A8738BAC, cid=424, FAILED org.apache.ratis.protocol.exceptions.NotReplicatedException: Request with call Id 424 and log index 10004 is not yet replicated to MAJORITY, logIndex=10004, commits[s0:c0, s1:c0, s2:c0]
2024-01-25 07:58:22,581 [ForkJoinPool.commonPool-worker-2] DEBUG impl.UnorderedAsync (UnorderedAsync.java:lambda$sendRequestWithRetry$4(83)) - client-27A002C1B2D8: attempt #1 receive~ RaftClientReply:client-27A002C1B2D8->s0@group-3A17A8738BAC, cid=430, FAILED org.apache.ratis.protocol.exceptions.NotReplicatedException: Request with call Id 430 and log index 10010 is not yet replicated to MAJORITY, logIndex=10010, commits[s0:c0, s1:c0, s2:c0]
2024-01-25 07:58:22,582 [ForkJoinPool.commonPool-worker-2] DEBUG impl.UnorderedAsync (UnorderedAsync.java:lambda$sendRequestWithRetry$4(83)) - client-89A133C6B721: attempt #1 receive~ RaftClientReply:client-89A133C6B721->s0@group-3A17A8738BAC, cid=424, FAILED org.apache.ratis.protocol.exceptions.NotReplicatedException: Request with call Id 424 and log index 10004 is not yet replicated to MAJORITY, logIndex=10004, commits[s0:c0, s1:c0, s2:c0]
2024-01-25 07:58:22,614 [Time-limited test] DEBUG client.RaftClient (RaftClientImpl.java:close(464)) - close client-AECC056FD2A9
2024-01-25 07:58:22,616 [Time-limited test] DEBUG client.RaftClient (RaftClientImpl.java:close(464)) - close client-0DB4069F9442
2024-01-25 07:58:22,622 [Time-limited test] DEBUG client.RaftClient (RaftClientImpl.java:close(464)) - close client-2B31504D28F3
2024-01-25 07:58:22,626 [Time-limited test] DEBUG client.RaftClient (RaftClientImpl.java:close(464)) - close client-89A133C6B721
2024-01-25 07:58:22,627 [Time-limited test] DEBUG client.RaftClient (RaftClientImpl.java:close(464)) - close client-E1B229BAFB2A
2024-01-25 07:58:22,630 [Time-limited test] DEBUG client.RaftClient (RaftClientImpl.java:close(464)) - close client-7C1EB0D0407A
2024-01-25 07:58:22,634 [Time-limited test] DEBUG client.RaftClient (RaftClientImpl.java:close(464)) - close client-9F404F755400
2024-01-25 07:58:22,641 [Time-limited test] DEBUG client.RaftClient (RaftClientImpl.java:close(464)) - close client-F6CE29712D76
2024-01-25 07:58:22,643 [Time-limited test] DEBUG client.RaftClient (RaftClientImpl.java:close(464)) - close client-8AA16BE67295
2024-01-25 07:58:22,644 [Time-limited test] DEBUG client.RaftClient (RaftClientImpl.java:close(464)) - close client-27A002C1B2D8
2024-01-25 07:58:22,646 [Time-limited test] DEBUG client.RaftClient (RaftClientImpl.java:close(464)) - close client-D576E811BB68
2024-01-25 07:58:22,646 [Time-limited test] DEBUG client.RaftClient (RaftClientImpl.java:close(464)) - close client-73B9C012AC56
2024-01-25 07:58:22,647 [Time-limited test] INFO  impl.MiniRaftCluster (MiniRaftCluster.java:shutdown(832)) - ************************************************************** 
2024-01-25 07:58:22,647 [Time-limited test] INFO  impl.MiniRaftCluster (MiniRaftCluster.java:shutdown(833)) - *** 
2024-01-25 07:58:22,647 [Time-limited test] INFO  impl.MiniRaftCluster (MiniRaftCluster.java:shutdown(834)) - ***     Stopping MiniRaftClusterWithGrpc
2024-01-25 07:58:22,647 [Time-limited test] INFO  impl.MiniRaftCluster (MiniRaftCluster.java:shutdown(835)) - *** 
2024-01-25 07:58:22,647 [Time-limited test] INFO  impl.MiniRaftCluster (MiniRaftCluster.java:shutdown(836)) - ************************************************************** 
2024-01-25 07:58:22,647 [Time-limited test] INFO  impl.MiniRaftCluster (MiniRaftCluster.java:shutdown(837)) - printing ALL groups
  s0:  RUNNING    LEADER s0@group-3A17A8738BAC:t1, leader=s0, voted=s0, raftlog=Memoized:s0@group-3A17A8738BAC-SegmentedRaftLog:OPENED:c0, conf=0: peers:[s0|localhost:15036, s1|localhost:15040, s2|localhost:15044]|listeners:[], old=null RUNNING
  s1:  RUNNING  FOLLOWER s1@group-3A17A8738BAC:t1, leader=s0, voted=s0, raftlog=Memoized:s1@group-3A17A8738BAC-SegmentedRaftLog:OPENED:c0, conf=0: peers:[s0|localhost:15036, s1|localhost:15040, s2|localhost:15044]|listeners:[], old=null RUNNING
  s2:  RUNNING  FOLLOWER s2@group-3A17A8738BAC:t1, leader=s0, voted=s2, raftlog=Memoized:s2@group-3A17A8738BAC-SegmentedRaftLog:OPENED:c0, conf=0: peers:[s0|localhost:15036, s1|localhost:15040, s2|localhost:15044]|listeners:[], old=null RUNNING
2024-01-25 07:58:22,647 [MiniRaftCluster-10] INFO  server.RaftServer (RaftServerProxy.java:lambda$close$9(417)) - s0: close
2024-01-25 07:58:22,647 [MiniRaftCluster-11] INFO  server.RaftServer (RaftServerProxy.java:lambda$close$9(417)) - s1: close
2024-01-25 07:58:22,649 [s0-impl-thread1] INFO  server.RaftServer$Division (RaftServerImpl.java:lambda$close$1(457)) - s0@group-3A17A8738BAC: shutdown
2024-01-25 07:58:22,649 [s1-impl-thread1] INFO  server.RaftServer$Division (RaftServerImpl.java:lambda$close$1(457)) - s1@group-3A17A8738BAC: shutdown
2024-01-25 07:58:22,649 [s0-impl-thread1] INFO  util.JmxRegister (JmxRegister.java:unregister(74)) - Successfully un-registered JMX Bean with object name Ratis:service=RaftServer,group=group-3A17A8738BAC,id=s0
2024-01-25 07:58:22,649 [MiniRaftCluster-11] INFO  server.GrpcService (GrpcService.java:closeImpl(317)) - s1: shutdown server org.apache.ratis.grpc.server.GrpcClientProtocolService now
2024-01-25 07:58:22,649 [MiniRaftCluster-12] INFO  server.RaftServer (RaftServerProxy.java:lambda$close$9(417)) - s2: close
2024-01-25 07:58:22,649 [MiniRaftCluster-10] INFO  server.GrpcService (GrpcService.java:closeImpl(317)) - s0: shutdown server org.apache.ratis.grpc.server.GrpcClientProtocolService now
2024-01-25 07:58:22,649 [s2-impl-thread1] INFO  server.RaftServer$Division (RaftServerImpl.java:lambda$close$1(457)) - s2@group-3A17A8738BAC: shutdown
2024-01-25 07:58:22,649 [MiniRaftCluster-12] INFO  server.GrpcService (GrpcService.java:closeImpl(317)) - s2: shutdown server org.apache.ratis.grpc.server.GrpcClientProtocolService now
2024-01-25 07:58:22,649 [s0-impl-thread1] INFO  impl.RoleInfo (RoleInfo.java:shutdownLeaderState(95)) - s0: shutdown s0@group-3A17A8738BAC-LeaderStateImpl
2024-01-25 07:58:22,649 [s1-impl-thread1] INFO  util.JmxRegister (JmxRegister.java:unregister(74)) - Successfully un-registered JMX Bean with object name Ratis:service=RaftServer,group=group-3A17A8738BAC,id=s1
2024-01-25 07:58:22,650 [s1-impl-thread1] INFO  impl.RoleInfo (RoleInfo.java:shutdownFollowerState(111)) - s1: shutdown s1@group-3A17A8738BAC-FollowerState
2024-01-25 07:58:22,649 [s2-impl-thread1] INFO  util.JmxRegister (JmxRegister.java:unregister(74)) - Successfully un-registered JMX Bean with object name Ratis:service=RaftServer,group=group-3A17A8738BAC,id=s2
2024-01-25 07:58:22,650 [s1@group-3A17A8738BAC-FollowerState] INFO  impl.FollowerState (FollowerState.java:run(152)) - s1@group-3A17A8738BAC-FollowerState was interrupted
2024-01-25 07:58:22,650 [s2-impl-thread1] INFO  impl.RoleInfo (RoleInfo.java:shutdownFollowerState(111)) - s2: shutdown s2@group-3A17A8738BAC-FollowerState
2024-01-25 07:58:22,653 [s2-impl-thread1] INFO  impl.StateMachineUpdater (StateMachineUpdater.java:stopAndJoin(157)) - s2@group-3A17A8738BAC-StateMachineUpdater: set stopIndex = 0
2024-01-25 07:58:22,650 [s1-impl-thread1] INFO  impl.StateMachineUpdater (StateMachineUpdater.java:stopAndJoin(157)) - s1@group-3A17A8738BAC-StateMachineUpdater: set stopIndex = 0
2024-01-25 07:58:22,653 [s2@group-3A17A8738BAC-FollowerState] INFO  impl.FollowerState (FollowerState.java:run(152)) - s2@group-3A17A8738BAC-FollowerState was interrupted
2024-01-25 07:58:22,653 [s2-impl-thread1] INFO  server.RaftServer$Division (ServerState.java:close(427)) - s2@group-3A17A8738BAC: applyIndex: 0
2024-01-25 07:58:22,653 [s1-impl-thread1] INFO  server.RaftServer$Division (ServerState.java:close(427)) - s1@group-3A17A8738BAC: applyIndex: 0
2024-01-25 07:58:22,654 [s2@group-3A17A8738BAC-cacheEviction-AwaitToRun] INFO  util.AwaitToRun (AwaitToRun.java:run(49)) - s2@group-3A17A8738BAC-cacheEviction-AwaitToRun-AwaitForSignal is interrupted
2024-01-25 07:58:22,654 [s1@group-3A17A8738BAC-cacheEviction-AwaitToRun] INFO  util.AwaitToRun (AwaitToRun.java:run(49)) - s1@group-3A17A8738BAC-cacheEviction-AwaitToRun-AwaitForSignal is interrupted
2024-01-25 07:58:22,653 [MiniRaftCluster-11] INFO  server.GrpcService (GrpcService.java:closeImpl(326)) - s1: shutdown server org.apache.ratis.grpc.server.GrpcClientProtocolService successfully
2024-01-25 07:58:22,654 [MiniRaftCluster-11] INFO  server.GrpcService (GrpcService.java:closeImpl(317)) - s1: shutdown server GrpcServerProtocolService now
2024-01-25 07:58:22,653 [s0-impl-thread1] INFO  impl.PendingRequests (PendingRequests.java:sendNotLeaderResponses(287)) - s0@group-3A17A8738BAC-PendingRequests: sendNotLeaderResponses
2024-01-25 07:58:22,653 [s0@group-3A17A8738BAC->s2-GrpcLogAppender-LogAppenderDaemon] WARN  server.GrpcLogAppender (GrpcLogAppender.java:mayWait(289)) - s0@group-3A17A8738BAC->s2-GrpcLogAppender: Wait interrupted by java.lang.InterruptedException
2024-01-25 07:58:22,655 [grpc-default-executor-3] WARN  server.GrpcServerProtocolService (LogUtils.java:warn(121)) - s1: APPEND_ENTRIES onError, lastRequest: null: org.apache.ratis.thirdparty.io.grpc.StatusRuntimeException: CANCELLED: client cancelled
2024-01-25 07:58:22,655 [grpc-default-executor-3] INFO  server.GrpcLogAppender (GrpcLogAppender.java:onError(533)) - s0@group-3A17A8738BAC->s1-GrpcLogAppender is already stopped
2024-01-25 07:58:22,655 [MiniRaftCluster-11] INFO  server.GrpcService (GrpcService.java:closeImpl(326)) - s1: shutdown server GrpcServerProtocolService successfully
2024-01-25 07:58:22,655 [MiniRaftCluster-11] INFO  server.GrpcService (GrpcService.java:closeImpl(317)) - s1: shutdown server org.apache.ratis.grpc.server.GrpcAdminProtocolService now
2024-01-25 07:58:22,653 [s0@group-3A17A8738BAC->s1-GrpcLogAppender-LogAppenderDaemon] WARN  server.GrpcLogAppender (GrpcLogAppender.java:mayWait(289)) - s0@group-3A17A8738BAC->s1-GrpcLogAppender: Wait interrupted by java.lang.InterruptedException
2024-01-25 07:58:22,655 [MiniRaftCluster-11] INFO  server.GrpcService (GrpcService.java:closeImpl(326)) - s1: shutdown server org.apache.ratis.grpc.server.GrpcAdminProtocolService successfully
2024-01-25 07:58:22,656 [s0-impl-thread1] INFO  impl.StateMachineUpdater (StateMachineUpdater.java:stopAndJoin(157)) - s0@group-3A17A8738BAC-StateMachineUpdater: set stopIndex = 0
2024-01-25 07:58:22,656 [s0-impl-thread1] INFO  server.RaftServer$Division (ServerState.java:close(427)) - s0@group-3A17A8738BAC: applyIndex: 0
2024-01-25 07:58:22,656 [grpc-default-executor-2] INFO  server.GrpcServerProtocolService (GrpcServerProtocolService.java:onCompleted(186)) - s2: Completed APPEND_ENTRIES, lastRequest: s0->s2#1-t1,previous=(t:0, i:0),leaderCommit=-1,initializing? false,entries: size=1, first=(t:1, i:0), CONFIGURATIONENTRY(current:id: "s0"
address: "localhost:15036"
dataStreamAddress: "localhost:15039"
clientAddress: "localhost:15038"
adminAddress: "localhost:15037"
startupRole: FOLLOWER
,id: "s1"
address: "localhost:15040"
dataStreamAddress: "localhost:15043"
clientAddress: "localhost:15042"
adminAddress: "localhost:15041"
startupRole: FOLLOWER
,id: "s2"
address: "localhost:15044"
dataStreamAddress: "localhost:15047"
clientAddress: "localhost:15046"
adminAddress: "localhost:15045"
startupRole: FOLLOWER
, old:)
2024-01-25 07:58:22,656 [grpc-default-executor-2] INFO  server.GrpcServerProtocolService (GrpcServerProtocolService.java:lambda$onCompleted$7(188)) - s2: Completed APPEND_ENTRIES, lastReply: null
2024-01-25 07:58:22,656 [grpc-default-executor-1] WARN  server.GrpcServerProtocolService (LogUtils.java:warn(121)) - s1: APPEND_ENTRIES onError, lastRequest: s0->s1#1-t1,previous=(t:0, i:0),leaderCommit=-1,initializing? false,entries: size=1, first=(t:1, i:0), CONFIGURATIONENTRY(current:id: "s0"
address: "localhost:15036"
dataStreamAddress: "localhost:15039"
clientAddress: "localhost:15038"
adminAddress: "localhost:15037"
startupRole: FOLLOWER
,id: "s1"
address: "localhost:15040"
dataStreamAddress: "localhost:15043"
clientAddress: "localhost:15042"
adminAddress: "localhost:15041"
startupRole: FOLLOWER
,id: "s2"
address: "localhost:15044"
dataStreamAddress: "localhost:15047"
clientAddress: "localhost:15046"
adminAddress: "localhost:15045"
startupRole: FOLLOWER
, old:): org.apache.ratis.thirdparty.io.grpc.StatusRuntimeException: CANCELLED: client cancelled
2024-01-25 07:58:22,656 [s0@group-3A17A8738BAC-cacheEviction-AwaitToRun] INFO  util.AwaitToRun (AwaitToRun.java:run(49)) - s0@group-3A17A8738BAC-cacheEviction-AwaitToRun-AwaitForSignal is interrupted
2024-01-25 07:58:22,656 [grpc-default-executor-3] INFO  server.GrpcServerProtocolService (GrpcServerProtocolService.java:onCompleted(186)) - s2: Completed APPEND_ENTRIES, lastRequest: null
2024-01-25 07:58:22,656 [grpc-default-executor-2] INFO  server.GrpcLogAppender (GrpcLogAppender.java:onCompleted(546)) - s0@group-3A17A8738BAC->s2-AppendLogResponseHandler: follower responses appendEntries COMPLETED
2024-01-25 07:58:22,657 [grpc-default-executor-3] INFO  server.GrpcServerProtocolService (GrpcServerProtocolService.java:lambda$onCompleted$7(188)) - s2: Completed APPEND_ENTRIES, lastReply: serverReply {
  requestorId: "s0"
  replyId: "s2"
  raftGroupId {
    id: "\362\336`\351\324\230A\016\232\r:\027\250s\213\254"
  }
  callId: 43
  success: true
}
term: 1
nextIndex: 1
matchIndex: 18446744073709551615
isHearbeat: true

2024-01-25 07:58:22,657 [grpc-default-executor-3] INFO  server.GrpcLogAppender (GrpcLogAppender.java:onCompleted(546)) - s0@group-3A17A8738BAC->s2-AppendLogResponseHandler: follower responses appendEntries COMPLETED
2024-01-25 07:58:22,660 [Thread-344] INFO  server.GrpcServerProtocolClient (GrpcServerProtocolClient.java:close(103)) - s0 Close channels
2024-01-25 07:58:22,660 [Thread-346] INFO  server.GrpcServerProtocolClient (GrpcServerProtocolClient.java:close(103)) - s1 Close channels
2024-01-25 07:58:22,660 [grpc-default-executor-0] INFO  server.GrpcLogAppender (GrpcLogAppender.java:onError(533)) - s0@group-3A17A8738BAC->s1-GrpcLogAppender is already stopped
2024-01-25 07:58:22,660 [Thread-349] INFO  server.GrpcServerProtocolClient (GrpcServerProtocolClient.java:close(103)) - s2 Close channels
2024-01-25 07:58:22,660 [Thread-347] INFO  server.GrpcServerProtocolClient (GrpcServerProtocolClient.java:close(103)) - s1 Close channels
2024-01-25 07:58:22,660 [MiniRaftCluster-12] INFO  server.GrpcService (GrpcService.java:closeImpl(326)) - s2: shutdown server org.apache.ratis.grpc.server.GrpcClientProtocolService successfully
2024-01-25 07:58:22,660 [MiniRaftCluster-12] INFO  server.GrpcService (GrpcService.java:closeImpl(317)) - s2: shutdown server GrpcServerProtocolService now
2024-01-25 07:58:22,661 [MiniRaftCluster-12] INFO  server.GrpcService (GrpcService.java:closeImpl(326)) - s2: shutdown server GrpcServerProtocolService successfully
2024-01-25 07:58:22,661 [MiniRaftCluster-12] INFO  server.GrpcService (GrpcService.java:closeImpl(317)) - s2: shutdown server org.apache.ratis.grpc.server.GrpcAdminProtocolService now
2024-01-25 07:58:22,661 [MiniRaftCluster-10] INFO  server.GrpcService (GrpcService.java:closeImpl(326)) - s0: shutdown server org.apache.ratis.grpc.server.GrpcClientProtocolService successfully
2024-01-25 07:58:22,661 [MiniRaftCluster-10] INFO  server.GrpcService (GrpcService.java:closeImpl(317)) - s0: shutdown server GrpcServerProtocolService now
2024-01-25 07:58:22,661 [MiniRaftCluster-12] INFO  server.GrpcService (GrpcService.java:closeImpl(326)) - s2: shutdown server org.apache.ratis.grpc.server.GrpcAdminProtocolService successfully
2024-01-25 07:58:22,662 [MiniRaftCluster-10] INFO  server.GrpcService (GrpcService.java:closeImpl(326)) - s0: shutdown server GrpcServerProtocolService successfully
2024-01-25 07:58:22,662 [MiniRaftCluster-10] INFO  server.GrpcService (GrpcService.java:closeImpl(317)) - s0: shutdown server org.apache.ratis.grpc.server.GrpcAdminProtocolService now
2024-01-25 07:58:22,662 [MiniRaftCluster-10] INFO  server.GrpcService (GrpcService.java:closeImpl(326)) - s0: shutdown server org.apache.ratis.grpc.server.GrpcAdminProtocolService successfully
2024-01-25 07:58:23,620 [s0-impl-thread1] INFO  segmented.SegmentedRaftLogWorker (SegmentedRaftLogWorker.java:close(245)) - s0@group-3A17A8738BAC-SegmentedRaftLogWorker close()
2024-01-25 07:58:23,621 [JvmPauseMonitor9] INFO  util.JvmPauseMonitor (JvmPauseMonitor.java:run(152)) - JvmPauseMonitor-s0: Stopped
2024-01-25 07:58:23,641 [s2-impl-thread1] INFO  segmented.SegmentedRaftLogWorker (SegmentedRaftLogWorker.java:close(245)) - s2@group-3A17A8738BAC-SegmentedRaftLogWorker close()
2024-01-25 07:58:23,641 [s1-impl-thread1] INFO  segmented.SegmentedRaftLogWorker (SegmentedRaftLogWorker.java:close(245)) - s1@group-3A17A8738BAC-SegmentedRaftLogWorker close()
2024-01-25 07:58:23,643 [JvmPauseMonitor11] INFO  util.JvmPauseMonitor (JvmPauseMonitor.java:run(152)) - JvmPauseMonitor-s2: Stopped
2024-01-25 07:58:23,643 [JvmPauseMonitor10] INFO  util.JvmPauseMonitor (JvmPauseMonitor.java:run(152)) - JvmPauseMonitor-s1: Stopped
2024-01-25 07:58:23,643 [Time-limited test] INFO  impl.MiniRaftCluster (MiniRaftCluster.java:shutdown(856)) - MiniRaftClusterWithGrpc shutdown completed
]]></system-out>
  </testcase>
  <testcase name="testWatchRequestClientTimeout" classname="org.apache.ratis.grpc.TestWatchRequestWithGrpc" time="4.517">
    <system-out><![CDATA[2024-01-25 07:58:23,644 [main] INFO  util.LogUtils (Slf4jUtils.java:setLogLevel(38)) - Successfully set org.apache.ratis.conf.ConfUtils log level to WARN
2024-01-25 07:58:23,644 [main] INFO  util.LogUtils (Slf4jUtils.java:setLogLevel(38)) - Successfully set org.apache.ratis.util.FileUtils log level to TRACE
2024-01-25 07:58:23,644 [main] INFO  util.LogUtils (Slf4jUtils.java:setLogLevel(38)) - Successfully set org.apache.ratis.server.impl.WatchRequests log level to DEBUG
2024-01-25 07:58:23,644 [main] INFO  util.LogUtils (Slf4jUtils.java:setLogLevel(38)) - Successfully set org.apache.ratis.server.RaftServer$Division log level to DEBUG
2024-01-25 07:58:23,644 [main] INFO  util.LogUtils (Slf4jUtils.java:setLogLevel(38)) - Successfully set org.apache.ratis.grpc.client.GrpcClientRpc log level to TRACE
2024-01-25 07:58:23,644 [main] INFO  util.LogUtils (Slf4jUtils.java:setLogLevel(38)) - Successfully set org.apache.ratis.client.impl.UnorderedAsync log level to TRACE
2024-01-25 07:58:23,644 [main] INFO  util.LogUtils (Slf4jUtils.java:setLogLevel(38)) - Successfully set org.apache.ratis.client.RaftClient log level to TRACE
2024-01-25 07:58:23,645 [Time-limited test] INFO  impl.MiniRaftCluster (MiniRaftCluster.java:runWithNewCluster(134)) - Running runWithNewCluster
2024-01-25 07:58:23,646 [Time-limited test] INFO  impl.MiniRaftCluster (MiniRaftCluster.java:<init>(305)) - new MiniRaftClusterWithGrpc with group-DFFE479CE522:[s0|localhost:15048, s1|localhost:15052, s2|localhost:15056]
2024-01-25 07:58:23,646 [Time-limited test] INFO  impl.MiniRaftCluster (MiniRaftCluster.java:start(338)) - .............................................................. 
2024-01-25 07:58:23,646 [Time-limited test] INFO  impl.MiniRaftCluster (MiniRaftCluster.java:start(339)) - ... 
2024-01-25 07:58:23,646 [Time-limited test] INFO  impl.MiniRaftCluster (MiniRaftCluster.java:start(340)) - ...     Starting MiniRaftClusterWithGrpc
2024-01-25 07:58:23,646 [Time-limited test] INFO  impl.MiniRaftCluster (MiniRaftCluster.java:start(341)) - ... 
2024-01-25 07:58:23,646 [Time-limited test] INFO  impl.MiniRaftCluster (MiniRaftCluster.java:start(342)) - .............................................................. 
2024-01-25 07:58:23,646 [Time-limited test] INFO  impl.MiniRaftCluster (MiniRaftCluster.java:initServers(317)) - servers = {}
2024-01-25 07:58:23,646 [Time-limited test] INFO  impl.MiniRaftCluster (MiniRaftCluster.java:newRaftServer(381)) - newRaftServer: s0, group-DFFE479CE522:[s0|localhost:15048, s1|localhost:15052, s2|localhost:15056], format? true
2024-01-25 07:58:23,646 [Time-limited test] TRACE util.FileUtils (FileUtils.java:deleteFully(305)) - deleteFully target/test/data/d3464635/MiniRaftClusterWithGrpcff9b90ac/s0
2024-01-25 07:58:23,646 [Time-limited test] TRACE util.FileUtils (FileUtils.java:deleteFully(318)) - deleteFully: target/test/data/d3464635/MiniRaftClusterWithGrpcff9b90ac/s0 does not exist.
2024-01-25 07:58:23,646 [Time-limited test] INFO  impl.MiniRaftCluster (MiniRaftCluster.java:newRaftServer(386)) - Formatted directory target/test/data/d3464635/MiniRaftClusterWithGrpcff9b90ac/s0
2024-01-25 07:58:23,647 [Time-limited test] INFO  server.RaftServer (ConfUtils.java:logGet(46)) - raft.rpc.type = GRPC (default)
2024-01-25 07:58:23,647 [Time-limited test] INFO  grpc.GrpcConfigKeys (ConfUtils.java:logFallback(53)) - raft.grpc.admin.host = null (fallback to raft.grpc.server.host)
2024-01-25 07:58:23,647 [Time-limited test] INFO  grpc.GrpcConfigKeys (ConfUtils.java:logGet(46)) - raft.grpc.admin.port = 15049 (custom)
2024-01-25 07:58:23,647 [Time-limited test] INFO  grpc.GrpcConfigKeys (ConfUtils.java:logFallback(53)) - raft.grpc.client.host = null (fallback to raft.grpc.server.host)
2024-01-25 07:58:23,647 [Time-limited test] INFO  grpc.GrpcConfigKeys (ConfUtils.java:logGet(46)) - raft.grpc.client.port = 15050 (custom)
2024-01-25 07:58:23,647 [Time-limited test] INFO  grpc.GrpcConfigKeys (ConfUtils.java:logGet(46)) - raft.grpc.server.host = null (default)
2024-01-25 07:58:23,647 [Time-limited test] INFO  grpc.GrpcConfigKeys (ConfUtils.java:logGet(46)) - raft.grpc.server.port = 15048 (custom)
2024-01-25 07:58:23,647 [Time-limited test] INFO  server.GrpcService (ConfUtils.java:logGet(46)) - raft.grpc.message.size.max = 64MB (=67108864) (default)
2024-01-25 07:58:23,647 [Time-limited test] INFO  server.RaftServerConfigKeys (ConfUtils.java:logGet(46)) - raft.server.log.appender.buffer.byte-limit = 4MB (=4194304) (default)
2024-01-25 07:58:23,647 [Time-limited test] INFO  server.GrpcService (ConfUtils.java:logGet(46)) - raft.grpc.flow.control.window = 1MB (=1048576) (default)
2024-01-25 07:58:23,647 [Time-limited test] INFO  server.RaftServerConfigKeys (ConfUtils.java:logGet(46)) - raft.server.rpc.request.timeout = 3000ms (default)
2024-01-25 07:58:23,647 [Time-limited test] INFO  grpc.GrpcConfigKeys (ConfUtils.java:logGet(46)) - raft.grpc.server.heartbeat.channel = true (default)
2024-01-25 07:58:23,647 [Time-limited test] INFO  grpc.GrpcConfigKeys (ConfUtils.java:logGet(46)) - raft.grpc.server.async.request.thread.pool.cached = true (default)
2024-01-25 07:58:23,647 [Time-limited test] INFO  grpc.GrpcConfigKeys (ConfUtils.java:logGet(46)) - raft.grpc.server.async.request.thread.pool.size = 32 (default)
2024-01-25 07:58:23,649 [Time-limited test] INFO  impl.DataStreamServerImpl (ConfUtils.java:logGet(46)) - raft.datastream.type = DISABLED (default)
2024-01-25 07:58:23,649 [Time-limited test] INFO  server.RaftServerConfigKeys (ConfUtils.java:logGet(46)) - raft.server.sleep.deviation.threshold = 300ms (default)
2024-01-25 07:58:23,649 [Time-limited test] INFO  server.RaftServerConfigKeys (ConfUtils.java:logGet(46)) - raft.server.close.threshold = 60s (default)
2024-01-25 07:58:23,649 [Time-limited test] INFO  server.RaftServerConfigKeys (ConfUtils.java:logGet(46)) - raft.server.leaderelection.leader.step-down.wait-time = 10s (default)
2024-01-25 07:58:23,649 [Time-limited test] INFO  server.RaftServerConfigKeys (ConfUtils.java:logGet(46)) - raft.server.storage.dir = [/home/runner/work/ratis/ratis/ratis-test/target/test/data/d3464635/MiniRaftClusterWithGrpcff9b90ac/s0] (custom)
2024-01-25 07:58:23,650 [Time-limited test] INFO  server.RaftServerConfigKeys (ConfUtils.java:logGet(46)) - raft.server.threadpool.proxy.cached = true (default)
2024-01-25 07:58:23,650 [Time-limited test] INFO  server.RaftServerConfigKeys (ConfUtils.java:logGet(46)) - raft.server.threadpool.proxy.size = 0 (default)
2024-01-25 07:58:23,651 [Time-limited test] INFO  server.RaftServer (RaftServerProxy.java:addNew(101)) - s0: addNew group-DFFE479CE522:[s0|localhost:15048, s1|localhost:15052, s2|localhost:15056] returns group-DFFE479CE522:java.util.concurrent.CompletableFuture@1f308d9f[Not completed]
2024-01-25 07:58:23,651 [s0-groupManagement] INFO  server.RaftServerConfigKeys (ConfUtils.java:logGet(46)) - raft.server.log.segment.size.max = 32MB (=33554432) (default)
2024-01-25 07:58:23,651 [Time-limited test] INFO  impl.MiniRaftCluster (MiniRaftCluster.java:newRaftServer(381)) - newRaftServer: s1, group-DFFE479CE522:[s0|localhost:15048, s1|localhost:15052, s2|localhost:15056], format? true
2024-01-25 07:58:23,651 [Time-limited test] TRACE util.FileUtils (FileUtils.java:deleteFully(305)) - deleteFully target/test/data/d3464635/MiniRaftClusterWithGrpcff9b90ac/s1
2024-01-25 07:58:23,651 [s0-groupManagement] INFO  server.RaftServerConfigKeys (ConfUtils.java:logGet(46)) - raft.server.log.preallocated.size = 4MB (=4194304) (default)
2024-01-25 07:58:23,651 [s0-groupManagement] INFO  server.RaftServerConfigKeys (ConfUtils.java:logGet(46)) - raft.server.log.write.buffer.size = 8MB (=8388608) (default)
2024-01-25 07:58:23,651 [Time-limited test] TRACE util.FileUtils (FileUtils.java:deleteFully(318)) - deleteFully: target/test/data/d3464635/MiniRaftClusterWithGrpcff9b90ac/s1 does not exist.
2024-01-25 07:58:23,651 [s0-groupManagement] INFO  server.RaftServer$Division (RaftServerImpl.java:<init>(211)) - s0: new RaftServerImpl for group-DFFE479CE522:[s0|localhost:15048, s1|localhost:15052, s2|localhost:15056] with SimpleStateMachine4Testing:uninitialized
2024-01-25 07:58:23,651 [Time-limited test] INFO  impl.MiniRaftCluster (MiniRaftCluster.java:newRaftServer(386)) - Formatted directory target/test/data/d3464635/MiniRaftClusterWithGrpcff9b90ac/s1
2024-01-25 07:58:23,651 [s0-groupManagement] INFO  server.RaftServerConfigKeys (ConfUtils.java:logGet(46)) - raft.server.rpc.timeout.min = 150ms (default)
2024-01-25 07:58:23,651 [s0-groupManagement] INFO  server.RaftServerConfigKeys (ConfUtils.java:logGet(46)) - raft.server.rpc.timeout.max = 300ms (default)
2024-01-25 07:58:23,651 [s0-groupManagement] INFO  server.RaftServerConfigKeys (ConfUtils.java:logGet(46)) - raft.server.rpc.sleep.time = 25ms (default)
2024-01-25 07:58:23,651 [s0-groupManagement] INFO  server.RaftServerConfigKeys (ConfUtils.java:logGet(46)) - raft.server.rpc.slowness.timeout = 60s (default)
2024-01-25 07:58:23,651 [s0-groupManagement] INFO  server.RaftServerConfigKeys (ConfUtils.java:logGet(46)) - raft.server.leaderelection.leader.step-down.wait-time = 10s (default)
2024-01-25 07:58:23,651 [s0-groupManagement] INFO  server.RaftServerConfigKeys (ConfUtils.java:logGet(46)) - raft.server.leaderelection.member.majority-add = false (default)
2024-01-25 07:58:23,651 [s0-groupManagement] INFO  server.RaftServerConfigKeys (ConfUtils.java:logGet(46)) - raft.server.sleep.deviation.threshold = 300ms (default)
2024-01-25 07:58:23,651 [Time-limited test] INFO  server.RaftServer (ConfUtils.java:logGet(46)) - raft.rpc.type = GRPC (default)
2024-01-25 07:58:23,652 [s0-groupManagement] INFO  server.RaftServer$Division (ServerState.java:<init>(113)) - s0@group-DFFE479CE522: ConfigurationManager, init=-1: peers:[s0|localhost:15048, s1|localhost:15052, s2|localhost:15056]|listeners:[], old=null, confs=<EMPTY_MAP>
2024-01-25 07:58:23,652 [Time-limited test] INFO  grpc.GrpcConfigKeys (ConfUtils.java:logFallback(53)) - raft.grpc.admin.host = null (fallback to raft.grpc.server.host)
2024-01-25 07:58:23,652 [s0-groupManagement] INFO  server.RaftServerConfigKeys (ConfUtils.java:logGet(46)) - raft.server.notification.no-leader.timeout = 60s (default)
2024-01-25 07:58:23,652 [Time-limited test] INFO  grpc.GrpcConfigKeys (ConfUtils.java:logGet(46)) - raft.grpc.admin.port = 15053 (custom)
2024-01-25 07:58:23,652 [s0-groupManagement] INFO  server.RaftServerConfigKeys (ConfUtils.java:logGet(46)) - raft.server.read.timeout = 10s (default)
2024-01-25 07:58:23,652 [Time-limited test] INFO  grpc.GrpcConfigKeys (ConfUtils.java:logFallback(53)) - raft.grpc.client.host = null (fallback to raft.grpc.server.host)
2024-01-25 07:58:23,652 [s0-groupManagement] INFO  server.RaftServerConfigKeys (ConfUtils.java:logGet(46)) - raft.server.retrycache.expirytime = 60s (default)
2024-01-25 07:58:23,652 [Time-limited test] INFO  grpc.GrpcConfigKeys (ConfUtils.java:logGet(46)) - raft.grpc.client.port = 15054 (custom)
2024-01-25 07:58:23,652 [s0-groupManagement] INFO  server.RaftServerConfigKeys (ConfUtils.java:logGet(46)) - raft.server.retrycache.statistics.expirytime = 100ms (default)
2024-01-25 07:58:23,652 [Time-limited test] INFO  grpc.GrpcConfigKeys (ConfUtils.java:logGet(46)) - raft.grpc.server.host = null (default)
2024-01-25 07:58:23,652 [s0-groupManagement] INFO  server.RaftServerConfigKeys (ConfUtils.java:logGet(46)) - raft.server.read.option = DEFAULT (default)
2024-01-25 07:58:23,652 [Time-limited test] INFO  grpc.GrpcConfigKeys (ConfUtils.java:logGet(46)) - raft.grpc.server.port = 15052 (custom)
2024-01-25 07:58:23,652 [s0-groupManagement] INFO  server.RaftServerConfigKeys (ConfUtils.java:logGet(46)) - raft.server.read.read-after-write-consistent.write-index-cache.expiry-time = 60s (default)
2024-01-25 07:58:23,652 [Time-limited test] INFO  server.GrpcService (ConfUtils.java:logGet(46)) - raft.grpc.message.size.max = 64MB (=67108864) (default)
2024-01-25 07:58:23,652 [Time-limited test] INFO  server.RaftServerConfigKeys (ConfUtils.java:logGet(46)) - raft.server.log.appender.buffer.byte-limit = 4MB (=4194304) (default)
2024-01-25 07:58:23,652 [Time-limited test] INFO  server.GrpcService (ConfUtils.java:logGet(46)) - raft.grpc.flow.control.window = 1MB (=1048576) (default)
2024-01-25 07:58:23,653 [Time-limited test] INFO  server.RaftServerConfigKeys (ConfUtils.java:logGet(46)) - raft.server.rpc.request.timeout = 3000ms (default)
2024-01-25 07:58:23,653 [Time-limited test] INFO  grpc.GrpcConfigKeys (ConfUtils.java:logGet(46)) - raft.grpc.server.heartbeat.channel = true (default)
2024-01-25 07:58:23,653 [Time-limited test] INFO  grpc.GrpcConfigKeys (ConfUtils.java:logGet(46)) - raft.grpc.server.async.request.thread.pool.cached = true (default)
2024-01-25 07:58:23,653 [Time-limited test] INFO  grpc.GrpcConfigKeys (ConfUtils.java:logGet(46)) - raft.grpc.server.async.request.thread.pool.size = 32 (default)
2024-01-25 07:58:23,653 [s0-groupManagement] INFO  server.RaftServerConfigKeys (ConfUtils.java:logGet(46)) - raft.server.rpc.request.timeout = 3000ms (default)
2024-01-25 07:58:23,653 [s0-groupManagement] INFO  server.RaftServerConfigKeys (ConfUtils.java:logGet(46)) - raft.server.log.appender.install.snapshot.enabled = true (default)
2024-01-25 07:58:23,653 [s0-groupManagement] INFO  server.RaftServerConfigKeys (ConfUtils.java:logGet(46)) - raft.server.threadpool.server.cached = true (default)
2024-01-25 07:58:23,653 [s0-groupManagement] INFO  server.RaftServerConfigKeys (ConfUtils.java:logGet(46)) - raft.server.threadpool.server.size = 0 (default)
2024-01-25 07:58:23,653 [s0-groupManagement] INFO  server.RaftServerConfigKeys (ConfUtils.java:logGet(46)) - raft.server.threadpool.client.cached = true (default)
2024-01-25 07:58:23,653 [s0-groupManagement] INFO  server.RaftServerConfigKeys (ConfUtils.java:logGet(46)) - raft.server.threadpool.client.size = 0 (default)
2024-01-25 07:58:23,654 [Time-limited test] INFO  impl.DataStreamServerImpl (ConfUtils.java:logGet(46)) - raft.datastream.type = DISABLED (default)
2024-01-25 07:58:23,654 [Time-limited test] INFO  server.RaftServerConfigKeys (ConfUtils.java:logGet(46)) - raft.server.sleep.deviation.threshold = 300ms (default)
2024-01-25 07:58:23,654 [Time-limited test] INFO  server.RaftServerConfigKeys (ConfUtils.java:logGet(46)) - raft.server.close.threshold = 60s (default)
2024-01-25 07:58:23,654 [Time-limited test] INFO  server.RaftServerConfigKeys (ConfUtils.java:logGet(46)) - raft.server.leaderelection.leader.step-down.wait-time = 10s (default)
2024-01-25 07:58:23,654 [Time-limited test] INFO  server.RaftServerConfigKeys (ConfUtils.java:logGet(46)) - raft.server.storage.dir = [/home/runner/work/ratis/ratis/ratis-test/target/test/data/d3464635/MiniRaftClusterWithGrpcff9b90ac/s1] (custom)
2024-01-25 07:58:23,654 [Time-limited test] INFO  server.RaftServerConfigKeys (ConfUtils.java:logGet(46)) - raft.server.threadpool.proxy.cached = true (default)
2024-01-25 07:58:23,655 [Time-limited test] INFO  server.RaftServerConfigKeys (ConfUtils.java:logGet(46)) - raft.server.threadpool.proxy.size = 0 (default)
2024-01-25 07:58:23,655 [Time-limited test] INFO  server.RaftServer (RaftServerProxy.java:addNew(101)) - s1: addNew group-DFFE479CE522:[s0|localhost:15048, s1|localhost:15052, s2|localhost:15056] returns group-DFFE479CE522:java.util.concurrent.CompletableFuture@6fcf0843[Not completed]
2024-01-25 07:58:23,655 [s1-groupManagement] INFO  server.RaftServerConfigKeys (ConfUtils.java:logGet(46)) - raft.server.log.segment.size.max = 32MB (=33554432) (default)
2024-01-25 07:58:23,655 [Time-limited test] INFO  impl.MiniRaftCluster (MiniRaftCluster.java:newRaftServer(381)) - newRaftServer: s2, group-DFFE479CE522:[s0|localhost:15048, s1|localhost:15052, s2|localhost:15056], format? true
2024-01-25 07:58:23,655 [Time-limited test] TRACE util.FileUtils (FileUtils.java:deleteFully(305)) - deleteFully target/test/data/d3464635/MiniRaftClusterWithGrpcff9b90ac/s2
2024-01-25 07:58:23,655 [s1-groupManagement] INFO  server.RaftServerConfigKeys (ConfUtils.java:logGet(46)) - raft.server.log.preallocated.size = 4MB (=4194304) (default)
2024-01-25 07:58:23,655 [Time-limited test] TRACE util.FileUtils (FileUtils.java:deleteFully(318)) - deleteFully: target/test/data/d3464635/MiniRaftClusterWithGrpcff9b90ac/s2 does not exist.
2024-01-25 07:58:23,655 [Time-limited test] INFO  impl.MiniRaftCluster (MiniRaftCluster.java:newRaftServer(386)) - Formatted directory target/test/data/d3464635/MiniRaftClusterWithGrpcff9b90ac/s2
2024-01-25 07:58:23,655 [s1-groupManagement] INFO  server.RaftServerConfigKeys (ConfUtils.java:logGet(46)) - raft.server.log.write.buffer.size = 8MB (=8388608) (default)
2024-01-25 07:58:23,655 [s1-groupManagement] INFO  server.RaftServer$Division (RaftServerImpl.java:<init>(211)) - s1: new RaftServerImpl for group-DFFE479CE522:[s0|localhost:15048, s1|localhost:15052, s2|localhost:15056] with SimpleStateMachine4Testing:uninitialized
2024-01-25 07:58:23,655 [s1-groupManagement] INFO  server.RaftServerConfigKeys (ConfUtils.java:logGet(46)) - raft.server.rpc.timeout.min = 150ms (default)
2024-01-25 07:58:23,655 [s1-groupManagement] INFO  server.RaftServerConfigKeys (ConfUtils.java:logGet(46)) - raft.server.rpc.timeout.max = 300ms (default)
2024-01-25 07:58:23,655 [Time-limited test] INFO  server.RaftServer (ConfUtils.java:logGet(46)) - raft.rpc.type = GRPC (default)
2024-01-25 07:58:23,655 [s1-groupManagement] INFO  server.RaftServerConfigKeys (ConfUtils.java:logGet(46)) - raft.server.rpc.sleep.time = 25ms (default)
2024-01-25 07:58:23,656 [Time-limited test] INFO  grpc.GrpcConfigKeys (ConfUtils.java:logFallback(53)) - raft.grpc.admin.host = null (fallback to raft.grpc.server.host)
2024-01-25 07:58:23,656 [s1-groupManagement] INFO  server.RaftServerConfigKeys (ConfUtils.java:logGet(46)) - raft.server.rpc.slowness.timeout = 60s (default)
2024-01-25 07:58:23,656 [Time-limited test] INFO  grpc.GrpcConfigKeys (ConfUtils.java:logGet(46)) - raft.grpc.admin.port = 15057 (custom)
2024-01-25 07:58:23,656 [s1-groupManagement] INFO  server.RaftServerConfigKeys (ConfUtils.java:logGet(46)) - raft.server.leaderelection.leader.step-down.wait-time = 10s (default)
2024-01-25 07:58:23,656 [Time-limited test] INFO  grpc.GrpcConfigKeys (ConfUtils.java:logFallback(53)) - raft.grpc.client.host = null (fallback to raft.grpc.server.host)
2024-01-25 07:58:23,656 [s1-groupManagement] INFO  server.RaftServerConfigKeys (ConfUtils.java:logGet(46)) - raft.server.leaderelection.member.majority-add = false (default)
2024-01-25 07:58:23,656 [Time-limited test] INFO  grpc.GrpcConfigKeys (ConfUtils.java:logGet(46)) - raft.grpc.client.port = 15058 (custom)
2024-01-25 07:58:23,656 [s1-groupManagement] INFO  server.RaftServerConfigKeys (ConfUtils.java:logGet(46)) - raft.server.sleep.deviation.threshold = 300ms (default)
2024-01-25 07:58:23,656 [Time-limited test] INFO  grpc.GrpcConfigKeys (ConfUtils.java:logGet(46)) - raft.grpc.server.host = null (default)
2024-01-25 07:58:23,656 [s1-groupManagement] INFO  server.RaftServer$Division (ServerState.java:<init>(113)) - s1@group-DFFE479CE522: ConfigurationManager, init=-1: peers:[s0|localhost:15048, s1|localhost:15052, s2|localhost:15056]|listeners:[], old=null, confs=<EMPTY_MAP>
2024-01-25 07:58:23,656 [Time-limited test] INFO  grpc.GrpcConfigKeys (ConfUtils.java:logGet(46)) - raft.grpc.server.port = 15056 (custom)
2024-01-25 07:58:23,656 [s1-groupManagement] INFO  server.RaftServerConfigKeys (ConfUtils.java:logGet(46)) - raft.server.notification.no-leader.timeout = 60s (default)
2024-01-25 07:58:23,657 [Time-limited test] INFO  server.GrpcService (ConfUtils.java:logGet(46)) - raft.grpc.message.size.max = 64MB (=67108864) (default)
2024-01-25 07:58:23,657 [s1-groupManagement] INFO  server.RaftServerConfigKeys (ConfUtils.java:logGet(46)) - raft.server.read.timeout = 10s (default)
2024-01-25 07:58:23,657 [Time-limited test] INFO  server.RaftServerConfigKeys (ConfUtils.java:logGet(46)) - raft.server.log.appender.buffer.byte-limit = 4MB (=4194304) (default)
2024-01-25 07:58:23,657 [s1-groupManagement] INFO  server.RaftServerConfigKeys (ConfUtils.java:logGet(46)) - raft.server.retrycache.expirytime = 60s (default)
2024-01-25 07:58:23,657 [Time-limited test] INFO  server.GrpcService (ConfUtils.java:logGet(46)) - raft.grpc.flow.control.window = 1MB (=1048576) (default)
2024-01-25 07:58:23,657 [s1-groupManagement] INFO  server.RaftServerConfigKeys (ConfUtils.java:logGet(46)) - raft.server.retrycache.statistics.expirytime = 100ms (default)
2024-01-25 07:58:23,657 [Time-limited test] INFO  server.RaftServerConfigKeys (ConfUtils.java:logGet(46)) - raft.server.rpc.request.timeout = 3000ms (default)
2024-01-25 07:58:23,657 [s1-groupManagement] INFO  server.RaftServerConfigKeys (ConfUtils.java:logGet(46)) - raft.server.read.option = DEFAULT (default)
2024-01-25 07:58:23,657 [Time-limited test] INFO  grpc.GrpcConfigKeys (ConfUtils.java:logGet(46)) - raft.grpc.server.heartbeat.channel = true (default)
2024-01-25 07:58:23,657 [s1-groupManagement] INFO  server.RaftServerConfigKeys (ConfUtils.java:logGet(46)) - raft.server.read.read-after-write-consistent.write-index-cache.expiry-time = 60s (default)
2024-01-25 07:58:23,657 [Time-limited test] INFO  grpc.GrpcConfigKeys (ConfUtils.java:logGet(46)) - raft.grpc.server.async.request.thread.pool.cached = true (default)
2024-01-25 07:58:23,657 [Time-limited test] INFO  grpc.GrpcConfigKeys (ConfUtils.java:logGet(46)) - raft.grpc.server.async.request.thread.pool.size = 32 (default)
2024-01-25 07:58:23,658 [s1-groupManagement] INFO  server.RaftServerConfigKeys (ConfUtils.java:logGet(46)) - raft.server.rpc.request.timeout = 3000ms (default)
2024-01-25 07:58:23,658 [s1-groupManagement] INFO  server.RaftServerConfigKeys (ConfUtils.java:logGet(46)) - raft.server.log.appender.install.snapshot.enabled = true (default)
2024-01-25 07:58:23,658 [s1-groupManagement] INFO  server.RaftServerConfigKeys (ConfUtils.java:logGet(46)) - raft.server.threadpool.server.cached = true (default)
2024-01-25 07:58:23,658 [s1-groupManagement] INFO  server.RaftServerConfigKeys (ConfUtils.java:logGet(46)) - raft.server.threadpool.server.size = 0 (default)
2024-01-25 07:58:23,658 [s1-groupManagement] INFO  server.RaftServerConfigKeys (ConfUtils.java:logGet(46)) - raft.server.threadpool.client.cached = true (default)
2024-01-25 07:58:23,658 [s1-groupManagement] INFO  server.RaftServerConfigKeys (ConfUtils.java:logGet(46)) - raft.server.threadpool.client.size = 0 (default)
2024-01-25 07:58:23,659 [Time-limited test] INFO  impl.DataStreamServerImpl (ConfUtils.java:logGet(46)) - raft.datastream.type = DISABLED (default)
2024-01-25 07:58:23,659 [Time-limited test] INFO  server.RaftServerConfigKeys (ConfUtils.java:logGet(46)) - raft.server.sleep.deviation.threshold = 300ms (default)
2024-01-25 07:58:23,659 [Time-limited test] INFO  server.RaftServerConfigKeys (ConfUtils.java:logGet(46)) - raft.server.close.threshold = 60s (default)
2024-01-25 07:58:23,659 [Time-limited test] INFO  server.RaftServerConfigKeys (ConfUtils.java:logGet(46)) - raft.server.leaderelection.leader.step-down.wait-time = 10s (default)
2024-01-25 07:58:23,659 [Time-limited test] INFO  server.RaftServerConfigKeys (ConfUtils.java:logGet(46)) - raft.server.storage.dir = [/home/runner/work/ratis/ratis/ratis-test/target/test/data/d3464635/MiniRaftClusterWithGrpcff9b90ac/s2] (custom)
2024-01-25 07:58:23,659 [Time-limited test] INFO  server.RaftServerConfigKeys (ConfUtils.java:logGet(46)) - raft.server.threadpool.proxy.cached = true (default)
2024-01-25 07:58:23,659 [Time-limited test] INFO  server.RaftServerConfigKeys (ConfUtils.java:logGet(46)) - raft.server.threadpool.proxy.size = 0 (default)
2024-01-25 07:58:23,659 [Time-limited test] INFO  server.RaftServer (RaftServerProxy.java:addNew(101)) - s2: addNew group-DFFE479CE522:[s0|localhost:15048, s1|localhost:15052, s2|localhost:15056] returns group-DFFE479CE522:java.util.concurrent.CompletableFuture@7c1b91fd[Not completed]
2024-01-25 07:58:23,659 [s2-groupManagement] INFO  server.RaftServerConfigKeys (ConfUtils.java:logGet(46)) - raft.server.log.segment.size.max = 32MB (=33554432) (default)
2024-01-25 07:58:23,659 [s2-groupManagement] INFO  server.RaftServerConfigKeys (ConfUtils.java:logGet(46)) - raft.server.log.preallocated.size = 4MB (=4194304) (default)
2024-01-25 07:58:23,659 [s0-impl-thread1] INFO  server.RaftServerConfigKeys (ConfUtils.java:logGet(46)) - raft.server.storage.free-space.min = 0MB (=0) (default)
2024-01-25 07:58:23,659 [s2-groupManagement] INFO  server.RaftServerConfigKeys (ConfUtils.java:logGet(46)) - raft.server.log.write.buffer.size = 8MB (=8388608) (default)
2024-01-25 07:58:23,660 [s0-impl-thread1] INFO  server.RaftServerConfigKeys (ConfUtils.java:logGet(46)) - raft.server.log.corruption.policy = EXCEPTION (default)
2024-01-25 07:58:23,660 [s2-groupManagement] INFO  server.RaftServer$Division (RaftServerImpl.java:<init>(211)) - s2: new RaftServerImpl for group-DFFE479CE522:[s0|localhost:15048, s1|localhost:15052, s2|localhost:15056] with SimpleStateMachine4Testing:uninitialized
2024-01-25 07:58:23,660 [s2-groupManagement] INFO  server.RaftServerConfigKeys (ConfUtils.java:logGet(46)) - raft.server.rpc.timeout.min = 150ms (default)
2024-01-25 07:58:23,660 [s0-impl-thread1] INFO  server.RaftServerConfigKeys (ConfUtils.java:logGet(46)) - raft.server.storage.dir = [/home/runner/work/ratis/ratis/ratis-test/target/test/data/d3464635/MiniRaftClusterWithGrpcff9b90ac/s0] (custom)
2024-01-25 07:58:23,660 [s2-groupManagement] INFO  server.RaftServerConfigKeys (ConfUtils.java:logGet(46)) - raft.server.rpc.timeout.max = 300ms (default)
2024-01-25 07:58:23,660 [s2-groupManagement] INFO  server.RaftServerConfigKeys (ConfUtils.java:logGet(46)) - raft.server.rpc.sleep.time = 25ms (default)
2024-01-25 07:58:23,660 [s2-groupManagement] INFO  server.RaftServerConfigKeys (ConfUtils.java:logGet(46)) - raft.server.rpc.slowness.timeout = 60s (default)
2024-01-25 07:58:23,660 [s2-groupManagement] INFO  server.RaftServerConfigKeys (ConfUtils.java:logGet(46)) - raft.server.leaderelection.leader.step-down.wait-time = 10s (default)
2024-01-25 07:58:23,660 [s2-groupManagement] INFO  server.RaftServerConfigKeys (ConfUtils.java:logGet(46)) - raft.server.leaderelection.member.majority-add = false (default)
2024-01-25 07:58:23,660 [s0-impl-thread1] INFO  storage.RaftStorageDirectory (RaftStorageDirectoryImpl.java:analyzeStorage(138)) - The storage directory /home/runner/work/ratis/ratis/ratis-test/target/test/data/d3464635/MiniRaftClusterWithGrpcff9b90ac/s0/732e4e51-e21d-442c-be8c-dffe479ce522 does not exist. Creating ...
2024-01-25 07:58:23,660 [s2-groupManagement] INFO  server.RaftServerConfigKeys (ConfUtils.java:logGet(46)) - raft.server.sleep.deviation.threshold = 300ms (default)
2024-01-25 07:58:23,660 [s2-groupManagement] INFO  server.RaftServer$Division (ServerState.java:<init>(113)) - s2@group-DFFE479CE522: ConfigurationManager, init=-1: peers:[s0|localhost:15048, s1|localhost:15052, s2|localhost:15056]|listeners:[], old=null, confs=<EMPTY_MAP>
2024-01-25 07:58:23,660 [s2-groupManagement] INFO  server.RaftServerConfigKeys (ConfUtils.java:logGet(46)) - raft.server.notification.no-leader.timeout = 60s (default)
2024-01-25 07:58:23,660 [s2-groupManagement] INFO  server.RaftServerConfigKeys (ConfUtils.java:logGet(46)) - raft.server.read.timeout = 10s (default)
2024-01-25 07:58:23,660 [s2-groupManagement] INFO  server.RaftServerConfigKeys (ConfUtils.java:logGet(46)) - raft.server.retrycache.expirytime = 60s (default)
2024-01-25 07:58:23,660 [s2-groupManagement] INFO  server.RaftServerConfigKeys (ConfUtils.java:logGet(46)) - raft.server.retrycache.statistics.expirytime = 100ms (default)
2024-01-25 07:58:23,660 [s2-groupManagement] INFO  server.RaftServerConfigKeys (ConfUtils.java:logGet(46)) - raft.server.read.option = DEFAULT (default)
2024-01-25 07:58:23,660 [s2-groupManagement] INFO  server.RaftServerConfigKeys (ConfUtils.java:logGet(46)) - raft.server.read.read-after-write-consistent.write-index-cache.expiry-time = 60s (default)
2024-01-25 07:58:23,660 [s0-impl-thread1] TRACE util.FileUtils (LogUtils.java:runAndLog(49)) - Successfully ran Files.createDirectories /home/runner/work/ratis/ratis/ratis-test/target/test/data/d3464635/MiniRaftClusterWithGrpcff9b90ac/s0/732e4e51-e21d-442c-be8c-dffe479ce522
2024-01-25 07:58:23,661 [s2-groupManagement] INFO  server.RaftServerConfigKeys (ConfUtils.java:logGet(46)) - raft.server.rpc.request.timeout = 3000ms (default)
2024-01-25 07:58:23,661 [s2-groupManagement] INFO  server.RaftServerConfigKeys (ConfUtils.java:logGet(46)) - raft.server.log.appender.install.snapshot.enabled = true (default)
2024-01-25 07:58:23,661 [s2-groupManagement] INFO  server.RaftServerConfigKeys (ConfUtils.java:logGet(46)) - raft.server.threadpool.server.cached = true (default)
2024-01-25 07:58:23,661 [s2-groupManagement] INFO  server.RaftServerConfigKeys (ConfUtils.java:logGet(46)) - raft.server.threadpool.server.size = 0 (default)
2024-01-25 07:58:23,661 [s2-groupManagement] INFO  server.RaftServerConfigKeys (ConfUtils.java:logGet(46)) - raft.server.threadpool.client.cached = true (default)
2024-01-25 07:58:23,661 [s2-groupManagement] INFO  server.RaftServerConfigKeys (ConfUtils.java:logGet(46)) - raft.server.threadpool.client.size = 0 (default)
2024-01-25 07:58:23,663 [s0-impl-thread1] INFO  storage.RaftStorageDirectory (RaftStorageDirectoryImpl.java:tryLock(228)) - Lock on /home/runner/work/ratis/ratis/ratis-test/target/test/data/d3464635/MiniRaftClusterWithGrpcff9b90ac/s0/732e4e51-e21d-442c-be8c-dffe479ce522/in_use.lock acquired by nodename 21818@fv-az1458-491
2024-01-25 07:58:23,663 [s0-impl-thread1] TRACE util.FileUtils (LogUtils.java:runAndLog(49)) - Successfully ran Files.createDirectories /home/runner/work/ratis/ratis/ratis-test/target/test/data/d3464635/MiniRaftClusterWithGrpcff9b90ac/s0/732e4e51-e21d-442c-be8c-dffe479ce522/current
2024-01-25 07:58:23,664 [s0-impl-thread1] TRACE util.FileUtils (LogUtils.java:runAndLog(49)) - Successfully ran Files.createDirectories /home/runner/work/ratis/ratis/ratis-test/target/test/data/d3464635/MiniRaftClusterWithGrpcff9b90ac/s0/732e4e51-e21d-442c-be8c-dffe479ce522/sm
2024-01-25 07:58:23,664 [s0-impl-thread1] TRACE util.FileUtils (LogUtils.java:supplyAndLog(69)) - Successfully supplied FileChannel.open /home/runner/work/ratis/ratis/ratis-test/target/test/data/d3464635/MiniRaftClusterWithGrpcff9b90ac/s0/732e4e51-e21d-442c-be8c-dffe479ce522/current/raft-meta.tmp with options [CREATE, WRITE]: sun.nio.ch.FileChannelImpl@3054a038
2024-01-25 07:58:23,665 [s0-impl-thread1] TRACE util.FileUtils (LogUtils.java:runAndLog(49)) - Successfully ran Atomic Files.move /home/runner/work/ratis/ratis/ratis-test/target/test/data/d3464635/MiniRaftClusterWithGrpcff9b90ac/s0/732e4e51-e21d-442c-be8c-dffe479ce522/current/raft-meta.tmp to /home/runner/work/ratis/ratis/ratis-test/target/test/data/d3464635/MiniRaftClusterWithGrpcff9b90ac/s0/732e4e51-e21d-442c-be8c-dffe479ce522/current/raft-meta with options [REPLACE_EXISTING]
2024-01-25 07:58:23,665 [s0-impl-thread1] INFO  storage.RaftStorage (RaftStorageImpl.java:format(99)) - Storage directory /home/runner/work/ratis/ratis/ratis-test/target/test/data/d3464635/MiniRaftClusterWithGrpcff9b90ac/s0/732e4e51-e21d-442c-be8c-dffe479ce522 has been successfully formatted.
2024-01-25 07:58:23,665 [s0-impl-thread1] TRACE util.FileUtils (LogUtils.java:supplyAndLog(61)) - Failed to Files.newInputStream /home/runner/work/ratis/ratis/ratis-test/target/test/data/d3464635/MiniRaftClusterWithGrpcff9b90ac/s0/732e4e51-e21d-442c-be8c-dffe479ce522/current/raft-meta.conf with options []
java.nio.file.NoSuchFileException: /home/runner/work/ratis/ratis/ratis-test/target/test/data/d3464635/MiniRaftClusterWithGrpcff9b90ac/s0/732e4e51-e21d-442c-be8c-dffe479ce522/current/raft-meta.conf
	at sun.nio.fs.UnixException.translateToIOException(UnixException.java:86)
	at sun.nio.fs.UnixException.rethrowAsIOException(UnixException.java:102)
	at sun.nio.fs.UnixException.rethrowAsIOException(UnixException.java:107)
	at sun.nio.fs.UnixFileSystemProvider.newByteChannel(UnixFileSystemProvider.java:214)
	at java.nio.file.Files.newByteChannel(Files.java:361)
	at java.nio.file.Files.newByteChannel(Files.java:407)
	at java.nio.file.spi.FileSystemProvider.newInputStream(FileSystemProvider.java:384)
	at java.nio.file.Files.newInputStream(Files.java:152)
	at org.apache.ratis.util.FileUtils.lambda$newInputStream$2(FileUtils.java:73)
	at org.apache.ratis.util.LogUtils.supplyAndLog(LogUtils.java:58)
	at org.apache.ratis.util.FileUtils.newInputStream(FileUtils.java:72)
	at org.apache.ratis.util.FileUtils.newInputStream(FileUtils.java:68)
	at org.apache.ratis.server.storage.RaftStorageImpl.readRaftConfiguration(RaftStorageImpl.java:156)
	at org.apache.ratis.server.impl.ServerState.initialize(ServerState.java:141)
	at org.apache.ratis.server.impl.RaftServerImpl.start(RaftServerImpl.java:342)
	at org.apache.ratis.util.ConcurrentUtils.accept(ConcurrentUtils.java:203)
	at org.apache.ratis.util.ConcurrentUtils.lambda$null$4(ConcurrentUtils.java:182)
	at java.util.concurrent.ThreadPoolExecutor.runWorker(ThreadPoolExecutor.java:1149)
	at java.util.concurrent.ThreadPoolExecutor$Worker.run(ThreadPoolExecutor.java:624)
	at java.lang.Thread.run(Thread.java:750)
2024-01-25 07:58:23,665 [s0-impl-thread1] INFO  impl.SimpleStateMachine4Testing (SimpleStateMachine4Testing.java:initialize(213)) - Initializing SimpleStateMachine4Testing:uninitialized
2024-01-25 07:58:23,665 [s0-impl-thread1] INFO  impl.SimpleStateMachine4Testing (SimpleStateMachine4Testing.java:loadSnapshot(296)) - Loading snapshot null
2024-01-25 07:58:23,665 [s0-impl-thread1] INFO  server.RaftServerConfigKeys (ConfUtils.java:logGet(46)) - raft.server.log.use.memory = false (default)
2024-01-25 07:58:23,665 [s0-impl-thread1] INFO  server.RaftServerConfigKeys (ConfUtils.java:logGet(46)) - raft.server.log.purge.gap = 1024 (default)
2024-01-25 07:58:23,665 [s0-impl-thread1] INFO  server.RaftServerConfigKeys (ConfUtils.java:logGet(46)) - raft.server.log.appender.buffer.byte-limit = 4MB (=4194304) (default)
2024-01-25 07:58:23,665 [s0-impl-thread1] INFO  server.RaftServerConfigKeys (ConfUtils.java:logGet(46)) - raft.server.log.statemachine.data.read.timeout = 1000ms (default)
2024-01-25 07:58:23,665 [s0-impl-thread1] INFO  server.RaftServerConfigKeys (ConfUtils.java:logGet(46)) - raft.server.log.purge.preservation.log.num = 0 (default)
2024-01-25 07:58:23,666 [s0-impl-thread1] INFO  server.RaftServerConfigKeys (ConfUtils.java:logGet(46)) - raft.server.log.segment.size.max = 32MB (=33554432) (default)
2024-01-25 07:58:23,666 [s0-impl-thread1] INFO  server.RaftServerConfigKeys (ConfUtils.java:logGet(46)) - raft.server.log.segment.cache.num.max = 6 (default)
2024-01-25 07:58:23,666 [s0-impl-thread1] INFO  server.RaftServerConfigKeys (ConfUtils.java:logGet(46)) - raft.server.log.segment.cache.size.max = 200MB (=209715200) (default)
2024-01-25 07:58:23,666 [s0-impl-thread1] INFO  server.RaftServerConfigKeys (ConfUtils.java:logGet(46)) - raft.server.log.appender.buffer.byte-limit = 4MB (=4194304) (default)
2024-01-25 07:58:23,666 [s0-impl-thread1] INFO  util.AwaitToRun (AwaitToRun.java:start(81)) - Thread[s0@group-DFFE479CE522-cacheEviction-AwaitToRun,5,main] started
2024-01-25 07:58:23,666 [s0-impl-thread1] INFO  segmented.SegmentedRaftLogWorker (SegmentedRaftLogWorker.java:<init>(182)) - new s0@group-DFFE479CE522-SegmentedRaftLogWorker for RaftStorageImpl:Storage Directory /home/runner/work/ratis/ratis/ratis-test/target/test/data/d3464635/MiniRaftClusterWithGrpcff9b90ac/s0/732e4e51-e21d-442c-be8c-dffe479ce522
2024-01-25 07:58:23,666 [s0-impl-thread1] INFO  server.RaftServerConfigKeys (ConfUtils.java:logGet(46)) - raft.server.log.queue.byte-limit = 64MB (=67108864) (default)
2024-01-25 07:58:23,666 [s0-impl-thread1] INFO  server.RaftServerConfigKeys (ConfUtils.java:logGet(46)) - raft.server.log.queue.element-limit = 4096 (default)
2024-01-25 07:58:23,666 [s0-impl-thread1] INFO  server.RaftServerConfigKeys (ConfUtils.java:logGet(46)) - raft.server.log.segment.size.max = 32MB (=33554432) (default)
2024-01-25 07:58:23,666 [s0-impl-thread1] INFO  server.RaftServerConfigKeys (ConfUtils.java:logGet(46)) - raft.server.log.preallocated.size = 4MB (=4194304) (default)
2024-01-25 07:58:23,666 [s0-impl-thread1] INFO  server.RaftServerConfigKeys (ConfUtils.java:logGet(46)) - raft.server.log.force.sync.num = 128 (default)
2024-01-25 07:58:23,667 [s0-impl-thread1] INFO  server.RaftServerConfigKeys (ConfUtils.java:logGet(46)) - raft.server.log.statemachine.data.sync = true (default)
2024-01-25 07:58:23,667 [s0-impl-thread1] INFO  server.RaftServerConfigKeys (ConfUtils.java:logGet(46)) - raft.server.log.statemachine.data.sync.timeout = 10s (default)
2024-01-25 07:58:23,667 [s0-impl-thread1] INFO  server.RaftServerConfigKeys (ConfUtils.java:logGet(46)) - raft.server.log.statemachine.data.sync.timeout.retry = -1 (default)
2024-01-25 07:58:23,667 [s0-impl-thread1] INFO  server.RaftServerConfigKeys (ConfUtils.java:logGet(46)) - raft.server.log.write.buffer.size = 8MB (=8388608) (default)
2024-01-25 07:58:23,669 [s0-impl-thread1] INFO  server.RaftServerConfigKeys (ConfUtils.java:logGet(46)) - raft.server.log.appender.buffer.byte-limit = 4MB (=4194304) (default)
2024-01-25 07:58:23,669 [s0-impl-thread1] INFO  server.RaftServerConfigKeys (ConfUtils.java:logGet(46)) - raft.server.log.unsafe-flush.enabled = false (default)
2024-01-25 07:58:23,669 [s0-impl-thread1] INFO  server.RaftServerConfigKeys (ConfUtils.java:logGet(46)) - raft.server.log.async-flush.enabled = false (default)
2024-01-25 07:58:23,669 [s0-impl-thread1] INFO  server.RaftServerConfigKeys (ConfUtils.java:logGet(46)) - raft.server.log.statemachine.data.caching.enabled = false (default)
2024-01-25 07:58:23,669 [s0-impl-thread1] INFO  segmented.SegmentedRaftLogWorker (SegmentedRaftLogWorker.java:lambda$new$0(134)) - s0@group-DFFE479CE522-SegmentedRaftLogWorker: flushIndex: setUnconditionally 0 -> -1
2024-01-25 07:58:23,669 [s0-impl-thread1] INFO  segmented.SegmentedRaftLogWorker (SegmentedRaftLogWorker.java:lambda$new$0(134)) - s0@group-DFFE479CE522-SegmentedRaftLogWorker: safeCacheEvictIndex: setUnconditionally 0 -> -1
2024-01-25 07:58:23,669 [s0-impl-thread1] INFO  server.RaftServer$Division (RaftServerImpl.java:start(346)) - s0@group-DFFE479CE522: start as a follower, conf=-1: peers:[s0|localhost:15048, s1|localhost:15052, s2|localhost:15056]|listeners:[], old=null
2024-01-25 07:58:23,669 [s0-impl-thread1] INFO  server.RaftServer$Division (RaftServerImpl.java:setRole(333)) - s0@group-DFFE479CE522: changes role from      null to FOLLOWER at term 0 for startAsFollower
2024-01-25 07:58:23,669 [s0-impl-thread1] INFO  impl.RoleInfo (RoleInfo.java:updateAndGet(140)) - s0: start s0@group-DFFE479CE522-FollowerState
2024-01-25 07:58:23,670 [s0@group-DFFE479CE522-FollowerState] INFO  server.RaftServerConfigKeys (ConfUtils.java:logFallback(53)) - raft.server.rpc.first-election.timeout.min = 150ms (fallback to raft.server.rpc.timeout.min)
2024-01-25 07:58:23,670 [s0@group-DFFE479CE522-FollowerState] INFO  server.RaftServerConfigKeys (ConfUtils.java:logFallback(53)) - raft.server.rpc.first-election.timeout.max = 300ms (fallback to raft.server.rpc.timeout.max)
2024-01-25 07:58:23,670 [s0-impl-thread1] INFO  util.JmxRegister (JmxRegister.java:tryRegister(44)) - Successfully registered JMX Bean with object name Ratis:service=RaftServer,group=group-DFFE479CE522,id=s0
2024-01-25 07:58:23,670 [s0-impl-thread1] INFO  util.JmxRegister (JmxRegister.java:register(58)) - register mxBean class org.apache.ratis.server.impl.RaftServerJmxAdapter as Ratis:service=RaftServer,group=group-DFFE479CE522,id=s0
2024-01-25 07:58:23,670 [s0-impl-thread1] INFO  server.RaftServerConfigKeys (ConfUtils.java:logGet(46)) - raft.server.snapshot.trigger-when-stop.enabled = true (default)
2024-01-25 07:58:23,670 [s0-impl-thread1] INFO  server.RaftServerConfigKeys (ConfUtils.java:logGet(46)) - raft.server.snapshot.auto.trigger.enabled = false (default)
2024-01-25 07:58:23,670 [s0-impl-thread1] INFO  server.RaftServerConfigKeys (ConfUtils.java:logGet(46)) - raft.server.snapshot.retention.file.num = -1 (default)
2024-01-25 07:58:23,670 [s0-impl-thread1] INFO  server.RaftServerConfigKeys (ConfUtils.java:logGet(46)) - raft.server.log.purge.upto.snapshot.index = false (default)
2024-01-25 07:58:23,670 [Time-limited test] INFO  server.RaftServer (RaftServerProxy.java:startImpl(407)) - s0: start RPC server
2024-01-25 07:58:23,671 [Time-limited test] INFO  server.GrpcService (GrpcService.java:startImpl(308)) - s0: GrpcService started, listening on 15050
2024-01-25 07:58:23,671 [Time-limited test] INFO  server.GrpcService (GrpcService.java:startImpl(308)) - s0: GrpcService started, listening on 15048
2024-01-25 07:58:23,672 [Time-limited test] INFO  server.GrpcService (GrpcService.java:startImpl(308)) - s0: GrpcService started, listening on 15049
2024-01-25 07:58:23,672 [JvmPauseMonitor12] INFO  util.JvmPauseMonitor (JvmPauseMonitor.java:run(146)) - JvmPauseMonitor-s0: Started
2024-01-25 07:58:23,672 [s1-impl-thread1] INFO  server.RaftServerConfigKeys (ConfUtils.java:logGet(46)) - raft.server.storage.free-space.min = 0MB (=0) (default)
2024-01-25 07:58:23,672 [s1-impl-thread1] INFO  server.RaftServerConfigKeys (ConfUtils.java:logGet(46)) - raft.server.log.corruption.policy = EXCEPTION (default)
2024-01-25 07:58:23,672 [s1-impl-thread1] INFO  server.RaftServerConfigKeys (ConfUtils.java:logGet(46)) - raft.server.storage.dir = [/home/runner/work/ratis/ratis/ratis-test/target/test/data/d3464635/MiniRaftClusterWithGrpcff9b90ac/s1] (custom)
2024-01-25 07:58:23,673 [s1-impl-thread1] INFO  storage.RaftStorageDirectory (RaftStorageDirectoryImpl.java:analyzeStorage(138)) - The storage directory /home/runner/work/ratis/ratis/ratis-test/target/test/data/d3464635/MiniRaftClusterWithGrpcff9b90ac/s1/732e4e51-e21d-442c-be8c-dffe479ce522 does not exist. Creating ...
2024-01-25 07:58:23,673 [s1-impl-thread1] TRACE util.FileUtils (LogUtils.java:runAndLog(49)) - Successfully ran Files.createDirectories /home/runner/work/ratis/ratis/ratis-test/target/test/data/d3464635/MiniRaftClusterWithGrpcff9b90ac/s1/732e4e51-e21d-442c-be8c-dffe479ce522
2024-01-25 07:58:23,674 [s1-impl-thread1] INFO  storage.RaftStorageDirectory (RaftStorageDirectoryImpl.java:tryLock(228)) - Lock on /home/runner/work/ratis/ratis/ratis-test/target/test/data/d3464635/MiniRaftClusterWithGrpcff9b90ac/s1/732e4e51-e21d-442c-be8c-dffe479ce522/in_use.lock acquired by nodename 21818@fv-az1458-491
2024-01-25 07:58:23,674 [s1-impl-thread1] TRACE util.FileUtils (LogUtils.java:runAndLog(49)) - Successfully ran Files.createDirectories /home/runner/work/ratis/ratis/ratis-test/target/test/data/d3464635/MiniRaftClusterWithGrpcff9b90ac/s1/732e4e51-e21d-442c-be8c-dffe479ce522/current
2024-01-25 07:58:23,674 [s1-impl-thread1] TRACE util.FileUtils (LogUtils.java:runAndLog(49)) - Successfully ran Files.createDirectories /home/runner/work/ratis/ratis/ratis-test/target/test/data/d3464635/MiniRaftClusterWithGrpcff9b90ac/s1/732e4e51-e21d-442c-be8c-dffe479ce522/sm
2024-01-25 07:58:23,674 [s1-impl-thread1] TRACE util.FileUtils (LogUtils.java:supplyAndLog(69)) - Successfully supplied FileChannel.open /home/runner/work/ratis/ratis/ratis-test/target/test/data/d3464635/MiniRaftClusterWithGrpcff9b90ac/s1/732e4e51-e21d-442c-be8c-dffe479ce522/current/raft-meta.tmp with options [CREATE, WRITE]: sun.nio.ch.FileChannelImpl@ab90754
2024-01-25 07:58:23,675 [s1-impl-thread1] TRACE util.FileUtils (LogUtils.java:runAndLog(49)) - Successfully ran Atomic Files.move /home/runner/work/ratis/ratis/ratis-test/target/test/data/d3464635/MiniRaftClusterWithGrpcff9b90ac/s1/732e4e51-e21d-442c-be8c-dffe479ce522/current/raft-meta.tmp to /home/runner/work/ratis/ratis/ratis-test/target/test/data/d3464635/MiniRaftClusterWithGrpcff9b90ac/s1/732e4e51-e21d-442c-be8c-dffe479ce522/current/raft-meta with options [REPLACE_EXISTING]
2024-01-25 07:58:23,675 [s1-impl-thread1] INFO  storage.RaftStorage (RaftStorageImpl.java:format(99)) - Storage directory /home/runner/work/ratis/ratis/ratis-test/target/test/data/d3464635/MiniRaftClusterWithGrpcff9b90ac/s1/732e4e51-e21d-442c-be8c-dffe479ce522 has been successfully formatted.
2024-01-25 07:58:23,675 [s1-impl-thread1] TRACE util.FileUtils (LogUtils.java:supplyAndLog(61)) - Failed to Files.newInputStream /home/runner/work/ratis/ratis/ratis-test/target/test/data/d3464635/MiniRaftClusterWithGrpcff9b90ac/s1/732e4e51-e21d-442c-be8c-dffe479ce522/current/raft-meta.conf with options []
java.nio.file.NoSuchFileException: /home/runner/work/ratis/ratis/ratis-test/target/test/data/d3464635/MiniRaftClusterWithGrpcff9b90ac/s1/732e4e51-e21d-442c-be8c-dffe479ce522/current/raft-meta.conf
	at sun.nio.fs.UnixException.translateToIOException(UnixException.java:86)
	at sun.nio.fs.UnixException.rethrowAsIOException(UnixException.java:102)
	at sun.nio.fs.UnixException.rethrowAsIOException(UnixException.java:107)
	at sun.nio.fs.UnixFileSystemProvider.newByteChannel(UnixFileSystemProvider.java:214)
	at java.nio.file.Files.newByteChannel(Files.java:361)
	at java.nio.file.Files.newByteChannel(Files.java:407)
	at java.nio.file.spi.FileSystemProvider.newInputStream(FileSystemProvider.java:384)
	at java.nio.file.Files.newInputStream(Files.java:152)
	at org.apache.ratis.util.FileUtils.lambda$newInputStream$2(FileUtils.java:73)
	at org.apache.ratis.util.LogUtils.supplyAndLog(LogUtils.java:58)
	at org.apache.ratis.util.FileUtils.newInputStream(FileUtils.java:72)
	at org.apache.ratis.util.FileUtils.newInputStream(FileUtils.java:68)
	at org.apache.ratis.server.storage.RaftStorageImpl.readRaftConfiguration(RaftStorageImpl.java:156)
	at org.apache.ratis.server.impl.ServerState.initialize(ServerState.java:141)
	at org.apache.ratis.server.impl.RaftServerImpl.start(RaftServerImpl.java:342)
	at org.apache.ratis.util.ConcurrentUtils.accept(ConcurrentUtils.java:203)
	at org.apache.ratis.util.ConcurrentUtils.lambda$null$4(ConcurrentUtils.java:182)
	at java.util.concurrent.ThreadPoolExecutor.runWorker(ThreadPoolExecutor.java:1149)
	at java.util.concurrent.ThreadPoolExecutor$Worker.run(ThreadPoolExecutor.java:624)
	at java.lang.Thread.run(Thread.java:750)
2024-01-25 07:58:23,676 [s1-impl-thread1] INFO  impl.SimpleStateMachine4Testing (SimpleStateMachine4Testing.java:initialize(213)) - Initializing SimpleStateMachine4Testing:uninitialized
2024-01-25 07:58:23,676 [s1-impl-thread1] INFO  impl.SimpleStateMachine4Testing (SimpleStateMachine4Testing.java:loadSnapshot(296)) - Loading snapshot null
2024-01-25 07:58:23,676 [s1-impl-thread1] INFO  server.RaftServerConfigKeys (ConfUtils.java:logGet(46)) - raft.server.log.use.memory = false (default)
2024-01-25 07:58:23,676 [s1-impl-thread1] INFO  server.RaftServerConfigKeys (ConfUtils.java:logGet(46)) - raft.server.log.purge.gap = 1024 (default)
2024-01-25 07:58:23,676 [s1-impl-thread1] INFO  server.RaftServerConfigKeys (ConfUtils.java:logGet(46)) - raft.server.log.appender.buffer.byte-limit = 4MB (=4194304) (default)
2024-01-25 07:58:23,676 [s1-impl-thread1] INFO  server.RaftServerConfigKeys (ConfUtils.java:logGet(46)) - raft.server.log.statemachine.data.read.timeout = 1000ms (default)
2024-01-25 07:58:23,676 [s1-impl-thread1] INFO  server.RaftServerConfigKeys (ConfUtils.java:logGet(46)) - raft.server.log.purge.preservation.log.num = 0 (default)
2024-01-25 07:58:23,676 [s1-impl-thread1] INFO  server.RaftServerConfigKeys (ConfUtils.java:logGet(46)) - raft.server.log.segment.size.max = 32MB (=33554432) (default)
2024-01-25 07:58:23,676 [s1-impl-thread1] INFO  server.RaftServerConfigKeys (ConfUtils.java:logGet(46)) - raft.server.log.segment.cache.num.max = 6 (default)
2024-01-25 07:58:23,676 [s1-impl-thread1] INFO  server.RaftServerConfigKeys (ConfUtils.java:logGet(46)) - raft.server.log.segment.cache.size.max = 200MB (=209715200) (default)
2024-01-25 07:58:23,676 [s1-impl-thread1] INFO  server.RaftServerConfigKeys (ConfUtils.java:logGet(46)) - raft.server.log.appender.buffer.byte-limit = 4MB (=4194304) (default)
2024-01-25 07:58:23,677 [s1-impl-thread1] INFO  util.AwaitToRun (AwaitToRun.java:start(81)) - Thread[s1@group-DFFE479CE522-cacheEviction-AwaitToRun,5,main] started
2024-01-25 07:58:23,677 [s1-impl-thread1] INFO  segmented.SegmentedRaftLogWorker (SegmentedRaftLogWorker.java:<init>(182)) - new s1@group-DFFE479CE522-SegmentedRaftLogWorker for RaftStorageImpl:Storage Directory /home/runner/work/ratis/ratis/ratis-test/target/test/data/d3464635/MiniRaftClusterWithGrpcff9b90ac/s1/732e4e51-e21d-442c-be8c-dffe479ce522
2024-01-25 07:58:23,677 [s1-impl-thread1] INFO  server.RaftServerConfigKeys (ConfUtils.java:logGet(46)) - raft.server.log.queue.byte-limit = 64MB (=67108864) (default)
2024-01-25 07:58:23,677 [s1-impl-thread1] INFO  server.RaftServerConfigKeys (ConfUtils.java:logGet(46)) - raft.server.log.queue.element-limit = 4096 (default)
2024-01-25 07:58:23,677 [s1-impl-thread1] INFO  server.RaftServerConfigKeys (ConfUtils.java:logGet(46)) - raft.server.log.segment.size.max = 32MB (=33554432) (default)
2024-01-25 07:58:23,677 [s1-impl-thread1] INFO  server.RaftServerConfigKeys (ConfUtils.java:logGet(46)) - raft.server.log.preallocated.size = 4MB (=4194304) (default)
2024-01-25 07:58:23,677 [s1-impl-thread1] INFO  server.RaftServerConfigKeys (ConfUtils.java:logGet(46)) - raft.server.log.force.sync.num = 128 (default)
2024-01-25 07:58:23,677 [s1-impl-thread1] INFO  server.RaftServerConfigKeys (ConfUtils.java:logGet(46)) - raft.server.log.statemachine.data.sync = true (default)
2024-01-25 07:58:23,677 [s1-impl-thread1] INFO  server.RaftServerConfigKeys (ConfUtils.java:logGet(46)) - raft.server.log.statemachine.data.sync.timeout = 10s (default)
2024-01-25 07:58:23,677 [s1-impl-thread1] INFO  server.RaftServerConfigKeys (ConfUtils.java:logGet(46)) - raft.server.log.statemachine.data.sync.timeout.retry = -1 (default)
2024-01-25 07:58:23,677 [s1-impl-thread1] INFO  server.RaftServerConfigKeys (ConfUtils.java:logGet(46)) - raft.server.log.write.buffer.size = 8MB (=8388608) (default)
2024-01-25 07:58:23,678 [s1-impl-thread1] INFO  server.RaftServerConfigKeys (ConfUtils.java:logGet(46)) - raft.server.log.appender.buffer.byte-limit = 4MB (=4194304) (default)
2024-01-25 07:58:23,678 [s1-impl-thread1] INFO  server.RaftServerConfigKeys (ConfUtils.java:logGet(46)) - raft.server.log.unsafe-flush.enabled = false (default)
2024-01-25 07:58:23,678 [s1-impl-thread1] INFO  server.RaftServerConfigKeys (ConfUtils.java:logGet(46)) - raft.server.log.async-flush.enabled = false (default)
2024-01-25 07:58:23,679 [s1-impl-thread1] INFO  server.RaftServerConfigKeys (ConfUtils.java:logGet(46)) - raft.server.log.statemachine.data.caching.enabled = false (default)
2024-01-25 07:58:23,679 [s1-impl-thread1] INFO  segmented.SegmentedRaftLogWorker (SegmentedRaftLogWorker.java:lambda$new$0(134)) - s1@group-DFFE479CE522-SegmentedRaftLogWorker: flushIndex: setUnconditionally 0 -> -1
2024-01-25 07:58:23,679 [s1-impl-thread1] INFO  segmented.SegmentedRaftLogWorker (SegmentedRaftLogWorker.java:lambda$new$0(134)) - s1@group-DFFE479CE522-SegmentedRaftLogWorker: safeCacheEvictIndex: setUnconditionally 0 -> -1
2024-01-25 07:58:23,679 [s1-impl-thread1] INFO  server.RaftServer$Division (RaftServerImpl.java:start(346)) - s1@group-DFFE479CE522: start as a follower, conf=-1: peers:[s0|localhost:15048, s1|localhost:15052, s2|localhost:15056]|listeners:[], old=null
2024-01-25 07:58:23,679 [s1-impl-thread1] INFO  server.RaftServer$Division (RaftServerImpl.java:setRole(333)) - s1@group-DFFE479CE522: changes role from      null to FOLLOWER at term 0 for startAsFollower
2024-01-25 07:58:23,679 [s1-impl-thread1] INFO  impl.RoleInfo (RoleInfo.java:updateAndGet(140)) - s1: start s1@group-DFFE479CE522-FollowerState
2024-01-25 07:58:23,679 [s1@group-DFFE479CE522-FollowerState] INFO  server.RaftServerConfigKeys (ConfUtils.java:logFallback(53)) - raft.server.rpc.first-election.timeout.min = 150ms (fallback to raft.server.rpc.timeout.min)
2024-01-25 07:58:23,679 [s1-impl-thread1] INFO  util.JmxRegister (JmxRegister.java:tryRegister(44)) - Successfully registered JMX Bean with object name Ratis:service=RaftServer,group=group-DFFE479CE522,id=s1
2024-01-25 07:58:23,679 [s1-impl-thread1] INFO  util.JmxRegister (JmxRegister.java:register(58)) - register mxBean class org.apache.ratis.server.impl.RaftServerJmxAdapter as Ratis:service=RaftServer,group=group-DFFE479CE522,id=s1
2024-01-25 07:58:23,679 [s1@group-DFFE479CE522-FollowerState] INFO  server.RaftServerConfigKeys (ConfUtils.java:logFallback(53)) - raft.server.rpc.first-election.timeout.max = 300ms (fallback to raft.server.rpc.timeout.max)
2024-01-25 07:58:23,679 [s1-impl-thread1] INFO  server.RaftServerConfigKeys (ConfUtils.java:logGet(46)) - raft.server.snapshot.trigger-when-stop.enabled = true (default)
2024-01-25 07:58:23,679 [s1-impl-thread1] INFO  server.RaftServerConfigKeys (ConfUtils.java:logGet(46)) - raft.server.snapshot.auto.trigger.enabled = false (default)
2024-01-25 07:58:23,680 [s1-impl-thread1] INFO  server.RaftServerConfigKeys (ConfUtils.java:logGet(46)) - raft.server.snapshot.retention.file.num = -1 (default)
2024-01-25 07:58:23,680 [s1-impl-thread1] INFO  server.RaftServerConfigKeys (ConfUtils.java:logGet(46)) - raft.server.log.purge.upto.snapshot.index = false (default)
2024-01-25 07:58:23,680 [Time-limited test] INFO  server.RaftServer (RaftServerProxy.java:startImpl(407)) - s1: start RPC server
2024-01-25 07:58:23,681 [Time-limited test] INFO  server.GrpcService (GrpcService.java:startImpl(308)) - s1: GrpcService started, listening on 15054
2024-01-25 07:58:23,681 [Time-limited test] INFO  server.GrpcService (GrpcService.java:startImpl(308)) - s1: GrpcService started, listening on 15052
2024-01-25 07:58:23,681 [Time-limited test] INFO  server.GrpcService (GrpcService.java:startImpl(308)) - s1: GrpcService started, listening on 15053
2024-01-25 07:58:23,682 [JvmPauseMonitor13] INFO  util.JvmPauseMonitor (JvmPauseMonitor.java:run(146)) - JvmPauseMonitor-s1: Started
2024-01-25 07:58:23,682 [s2-impl-thread1] INFO  server.RaftServerConfigKeys (ConfUtils.java:logGet(46)) - raft.server.storage.free-space.min = 0MB (=0) (default)
2024-01-25 07:58:23,682 [s2-impl-thread1] INFO  server.RaftServerConfigKeys (ConfUtils.java:logGet(46)) - raft.server.log.corruption.policy = EXCEPTION (default)
2024-01-25 07:58:23,682 [s2-impl-thread1] INFO  server.RaftServerConfigKeys (ConfUtils.java:logGet(46)) - raft.server.storage.dir = [/home/runner/work/ratis/ratis/ratis-test/target/test/data/d3464635/MiniRaftClusterWithGrpcff9b90ac/s2] (custom)
2024-01-25 07:58:23,682 [s2-impl-thread1] INFO  storage.RaftStorageDirectory (RaftStorageDirectoryImpl.java:analyzeStorage(138)) - The storage directory /home/runner/work/ratis/ratis/ratis-test/target/test/data/d3464635/MiniRaftClusterWithGrpcff9b90ac/s2/732e4e51-e21d-442c-be8c-dffe479ce522 does not exist. Creating ...
2024-01-25 07:58:23,682 [s2-impl-thread1] TRACE util.FileUtils (LogUtils.java:runAndLog(49)) - Successfully ran Files.createDirectories /home/runner/work/ratis/ratis/ratis-test/target/test/data/d3464635/MiniRaftClusterWithGrpcff9b90ac/s2/732e4e51-e21d-442c-be8c-dffe479ce522
2024-01-25 07:58:23,685 [s2-impl-thread1] INFO  storage.RaftStorageDirectory (RaftStorageDirectoryImpl.java:tryLock(228)) - Lock on /home/runner/work/ratis/ratis/ratis-test/target/test/data/d3464635/MiniRaftClusterWithGrpcff9b90ac/s2/732e4e51-e21d-442c-be8c-dffe479ce522/in_use.lock acquired by nodename 21818@fv-az1458-491
2024-01-25 07:58:23,685 [s2-impl-thread1] TRACE util.FileUtils (LogUtils.java:runAndLog(49)) - Successfully ran Files.createDirectories /home/runner/work/ratis/ratis/ratis-test/target/test/data/d3464635/MiniRaftClusterWithGrpcff9b90ac/s2/732e4e51-e21d-442c-be8c-dffe479ce522/current
2024-01-25 07:58:23,685 [s2-impl-thread1] TRACE util.FileUtils (LogUtils.java:runAndLog(49)) - Successfully ran Files.createDirectories /home/runner/work/ratis/ratis/ratis-test/target/test/data/d3464635/MiniRaftClusterWithGrpcff9b90ac/s2/732e4e51-e21d-442c-be8c-dffe479ce522/sm
2024-01-25 07:58:23,685 [s2-impl-thread1] TRACE util.FileUtils (LogUtils.java:supplyAndLog(69)) - Successfully supplied FileChannel.open /home/runner/work/ratis/ratis/ratis-test/target/test/data/d3464635/MiniRaftClusterWithGrpcff9b90ac/s2/732e4e51-e21d-442c-be8c-dffe479ce522/current/raft-meta.tmp with options [CREATE, WRITE]: sun.nio.ch.FileChannelImpl@1b718475
2024-01-25 07:58:23,686 [s2-impl-thread1] TRACE util.FileUtils (LogUtils.java:runAndLog(49)) - Successfully ran Atomic Files.move /home/runner/work/ratis/ratis/ratis-test/target/test/data/d3464635/MiniRaftClusterWithGrpcff9b90ac/s2/732e4e51-e21d-442c-be8c-dffe479ce522/current/raft-meta.tmp to /home/runner/work/ratis/ratis/ratis-test/target/test/data/d3464635/MiniRaftClusterWithGrpcff9b90ac/s2/732e4e51-e21d-442c-be8c-dffe479ce522/current/raft-meta with options [REPLACE_EXISTING]
2024-01-25 07:58:23,686 [s2-impl-thread1] INFO  storage.RaftStorage (RaftStorageImpl.java:format(99)) - Storage directory /home/runner/work/ratis/ratis/ratis-test/target/test/data/d3464635/MiniRaftClusterWithGrpcff9b90ac/s2/732e4e51-e21d-442c-be8c-dffe479ce522 has been successfully formatted.
2024-01-25 07:58:23,687 [s2-impl-thread1] TRACE util.FileUtils (LogUtils.java:supplyAndLog(61)) - Failed to Files.newInputStream /home/runner/work/ratis/ratis/ratis-test/target/test/data/d3464635/MiniRaftClusterWithGrpcff9b90ac/s2/732e4e51-e21d-442c-be8c-dffe479ce522/current/raft-meta.conf with options []
java.nio.file.NoSuchFileException: /home/runner/work/ratis/ratis/ratis-test/target/test/data/d3464635/MiniRaftClusterWithGrpcff9b90ac/s2/732e4e51-e21d-442c-be8c-dffe479ce522/current/raft-meta.conf
	at sun.nio.fs.UnixException.translateToIOException(UnixException.java:86)
	at sun.nio.fs.UnixException.rethrowAsIOException(UnixException.java:102)
	at sun.nio.fs.UnixException.rethrowAsIOException(UnixException.java:107)
	at sun.nio.fs.UnixFileSystemProvider.newByteChannel(UnixFileSystemProvider.java:214)
	at java.nio.file.Files.newByteChannel(Files.java:361)
	at java.nio.file.Files.newByteChannel(Files.java:407)
	at java.nio.file.spi.FileSystemProvider.newInputStream(FileSystemProvider.java:384)
	at java.nio.file.Files.newInputStream(Files.java:152)
	at org.apache.ratis.util.FileUtils.lambda$newInputStream$2(FileUtils.java:73)
	at org.apache.ratis.util.LogUtils.supplyAndLog(LogUtils.java:58)
	at org.apache.ratis.util.FileUtils.newInputStream(FileUtils.java:72)
	at org.apache.ratis.util.FileUtils.newInputStream(FileUtils.java:68)
	at org.apache.ratis.server.storage.RaftStorageImpl.readRaftConfiguration(RaftStorageImpl.java:156)
	at org.apache.ratis.server.impl.ServerState.initialize(ServerState.java:141)
	at org.apache.ratis.server.impl.RaftServerImpl.start(RaftServerImpl.java:342)
	at org.apache.ratis.util.ConcurrentUtils.accept(ConcurrentUtils.java:203)
	at org.apache.ratis.util.ConcurrentUtils.lambda$null$4(ConcurrentUtils.java:182)
	at java.util.concurrent.ThreadPoolExecutor.runWorker(ThreadPoolExecutor.java:1149)
	at java.util.concurrent.ThreadPoolExecutor$Worker.run(ThreadPoolExecutor.java:624)
	at java.lang.Thread.run(Thread.java:750)
2024-01-25 07:58:23,687 [s2-impl-thread1] INFO  impl.SimpleStateMachine4Testing (SimpleStateMachine4Testing.java:initialize(213)) - Initializing SimpleStateMachine4Testing:uninitialized
2024-01-25 07:58:23,687 [s2-impl-thread1] INFO  impl.SimpleStateMachine4Testing (SimpleStateMachine4Testing.java:loadSnapshot(296)) - Loading snapshot null
2024-01-25 07:58:23,687 [s2-impl-thread1] INFO  server.RaftServerConfigKeys (ConfUtils.java:logGet(46)) - raft.server.log.use.memory = false (default)
2024-01-25 07:58:23,687 [s2-impl-thread1] INFO  server.RaftServerConfigKeys (ConfUtils.java:logGet(46)) - raft.server.log.purge.gap = 1024 (default)
2024-01-25 07:58:23,687 [s2-impl-thread1] INFO  server.RaftServerConfigKeys (ConfUtils.java:logGet(46)) - raft.server.log.appender.buffer.byte-limit = 4MB (=4194304) (default)
2024-01-25 07:58:23,687 [s2-impl-thread1] INFO  server.RaftServerConfigKeys (ConfUtils.java:logGet(46)) - raft.server.log.statemachine.data.read.timeout = 1000ms (default)
2024-01-25 07:58:23,687 [s2-impl-thread1] INFO  server.RaftServerConfigKeys (ConfUtils.java:logGet(46)) - raft.server.log.purge.preservation.log.num = 0 (default)
2024-01-25 07:58:23,687 [s2-impl-thread1] INFO  server.RaftServerConfigKeys (ConfUtils.java:logGet(46)) - raft.server.log.segment.size.max = 32MB (=33554432) (default)
2024-01-25 07:58:23,687 [s2-impl-thread1] INFO  server.RaftServerConfigKeys (ConfUtils.java:logGet(46)) - raft.server.log.segment.cache.num.max = 6 (default)
2024-01-25 07:58:23,687 [s2-impl-thread1] INFO  server.RaftServerConfigKeys (ConfUtils.java:logGet(46)) - raft.server.log.segment.cache.size.max = 200MB (=209715200) (default)
2024-01-25 07:58:23,687 [s2-impl-thread1] INFO  server.RaftServerConfigKeys (ConfUtils.java:logGet(46)) - raft.server.log.appender.buffer.byte-limit = 4MB (=4194304) (default)
2024-01-25 07:58:23,687 [s2-impl-thread1] INFO  util.AwaitToRun (AwaitToRun.java:start(81)) - Thread[s2@group-DFFE479CE522-cacheEviction-AwaitToRun,5,main] started
2024-01-25 07:58:23,688 [s2-impl-thread1] INFO  segmented.SegmentedRaftLogWorker (SegmentedRaftLogWorker.java:<init>(182)) - new s2@group-DFFE479CE522-SegmentedRaftLogWorker for RaftStorageImpl:Storage Directory /home/runner/work/ratis/ratis/ratis-test/target/test/data/d3464635/MiniRaftClusterWithGrpcff9b90ac/s2/732e4e51-e21d-442c-be8c-dffe479ce522
2024-01-25 07:58:23,688 [s2-impl-thread1] INFO  server.RaftServerConfigKeys (ConfUtils.java:logGet(46)) - raft.server.log.queue.byte-limit = 64MB (=67108864) (default)
2024-01-25 07:58:23,688 [s2-impl-thread1] INFO  server.RaftServerConfigKeys (ConfUtils.java:logGet(46)) - raft.server.log.queue.element-limit = 4096 (default)
2024-01-25 07:58:23,688 [s2-impl-thread1] INFO  server.RaftServerConfigKeys (ConfUtils.java:logGet(46)) - raft.server.log.segment.size.max = 32MB (=33554432) (default)
2024-01-25 07:58:23,688 [s2-impl-thread1] INFO  server.RaftServerConfigKeys (ConfUtils.java:logGet(46)) - raft.server.log.preallocated.size = 4MB (=4194304) (default)
2024-01-25 07:58:23,688 [s2-impl-thread1] INFO  server.RaftServerConfigKeys (ConfUtils.java:logGet(46)) - raft.server.log.force.sync.num = 128 (default)
2024-01-25 07:58:23,688 [s2-impl-thread1] INFO  server.RaftServerConfigKeys (ConfUtils.java:logGet(46)) - raft.server.log.statemachine.data.sync = true (default)
2024-01-25 07:58:23,688 [s2-impl-thread1] INFO  server.RaftServerConfigKeys (ConfUtils.java:logGet(46)) - raft.server.log.statemachine.data.sync.timeout = 10s (default)
2024-01-25 07:58:23,688 [s2-impl-thread1] INFO  server.RaftServerConfigKeys (ConfUtils.java:logGet(46)) - raft.server.log.statemachine.data.sync.timeout.retry = -1 (default)
2024-01-25 07:58:23,688 [s2-impl-thread1] INFO  server.RaftServerConfigKeys (ConfUtils.java:logGet(46)) - raft.server.log.write.buffer.size = 8MB (=8388608) (default)
2024-01-25 07:58:23,689 [s2-impl-thread1] INFO  server.RaftServerConfigKeys (ConfUtils.java:logGet(46)) - raft.server.log.appender.buffer.byte-limit = 4MB (=4194304) (default)
2024-01-25 07:58:23,689 [s2-impl-thread1] INFO  server.RaftServerConfigKeys (ConfUtils.java:logGet(46)) - raft.server.log.unsafe-flush.enabled = false (default)
2024-01-25 07:58:23,689 [s2-impl-thread1] INFO  server.RaftServerConfigKeys (ConfUtils.java:logGet(46)) - raft.server.log.async-flush.enabled = false (default)
2024-01-25 07:58:23,689 [s2-impl-thread1] INFO  server.RaftServerConfigKeys (ConfUtils.java:logGet(46)) - raft.server.log.statemachine.data.caching.enabled = false (default)
2024-01-25 07:58:23,689 [s2-impl-thread1] INFO  segmented.SegmentedRaftLogWorker (SegmentedRaftLogWorker.java:lambda$new$0(134)) - s2@group-DFFE479CE522-SegmentedRaftLogWorker: flushIndex: setUnconditionally 0 -> -1
2024-01-25 07:58:23,689 [s2-impl-thread1] INFO  segmented.SegmentedRaftLogWorker (SegmentedRaftLogWorker.java:lambda$new$0(134)) - s2@group-DFFE479CE522-SegmentedRaftLogWorker: safeCacheEvictIndex: setUnconditionally 0 -> -1
2024-01-25 07:58:23,690 [s2-impl-thread1] INFO  server.RaftServer$Division (RaftServerImpl.java:start(346)) - s2@group-DFFE479CE522: start as a follower, conf=-1: peers:[s0|localhost:15048, s1|localhost:15052, s2|localhost:15056]|listeners:[], old=null
2024-01-25 07:58:23,690 [s2-impl-thread1] INFO  server.RaftServer$Division (RaftServerImpl.java:setRole(333)) - s2@group-DFFE479CE522: changes role from      null to FOLLOWER at term 0 for startAsFollower
2024-01-25 07:58:23,690 [s2-impl-thread1] INFO  impl.RoleInfo (RoleInfo.java:updateAndGet(140)) - s2: start s2@group-DFFE479CE522-FollowerState
2024-01-25 07:58:23,690 [s2@group-DFFE479CE522-FollowerState] INFO  server.RaftServerConfigKeys (ConfUtils.java:logFallback(53)) - raft.server.rpc.first-election.timeout.min = 150ms (fallback to raft.server.rpc.timeout.min)
2024-01-25 07:58:23,690 [s2@group-DFFE479CE522-FollowerState] INFO  server.RaftServerConfigKeys (ConfUtils.java:logFallback(53)) - raft.server.rpc.first-election.timeout.max = 300ms (fallback to raft.server.rpc.timeout.max)
2024-01-25 07:58:23,690 [s2-impl-thread1] INFO  util.JmxRegister (JmxRegister.java:tryRegister(44)) - Successfully registered JMX Bean with object name Ratis:service=RaftServer,group=group-DFFE479CE522,id=s2
2024-01-25 07:58:23,690 [s2-impl-thread1] INFO  util.JmxRegister (JmxRegister.java:register(58)) - register mxBean class org.apache.ratis.server.impl.RaftServerJmxAdapter as Ratis:service=RaftServer,group=group-DFFE479CE522,id=s2
2024-01-25 07:58:23,690 [s2-impl-thread1] INFO  server.RaftServerConfigKeys (ConfUtils.java:logGet(46)) - raft.server.snapshot.trigger-when-stop.enabled = true (default)
2024-01-25 07:58:23,690 [s2-impl-thread1] INFO  server.RaftServerConfigKeys (ConfUtils.java:logGet(46)) - raft.server.snapshot.auto.trigger.enabled = false (default)
2024-01-25 07:58:23,690 [s2-impl-thread1] INFO  server.RaftServerConfigKeys (ConfUtils.java:logGet(46)) - raft.server.snapshot.retention.file.num = -1 (default)
2024-01-25 07:58:23,690 [s2-impl-thread1] INFO  server.RaftServerConfigKeys (ConfUtils.java:logGet(46)) - raft.server.log.purge.upto.snapshot.index = false (default)
2024-01-25 07:58:23,690 [Time-limited test] INFO  server.RaftServer (RaftServerProxy.java:startImpl(407)) - s2: start RPC server
2024-01-25 07:58:23,691 [Time-limited test] INFO  server.GrpcService (GrpcService.java:startImpl(308)) - s2: GrpcService started, listening on 15058
2024-01-25 07:58:23,691 [Time-limited test] INFO  server.GrpcService (GrpcService.java:startImpl(308)) - s2: GrpcService started, listening on 15056
2024-01-25 07:58:23,692 [Time-limited test] INFO  server.GrpcService (GrpcService.java:startImpl(308)) - s2: GrpcService started, listening on 15057
2024-01-25 07:58:23,692 [JvmPauseMonitor14] INFO  util.JvmPauseMonitor (JvmPauseMonitor.java:run(146)) - JvmPauseMonitor-s2: Started
2024-01-25 07:58:23,692 [Time-limited test] INFO  server.RaftServerConfigKeys (ConfUtils.java:logGet(46)) - raft.server.rpc.timeout.max = 300ms (default)
2024-01-25 07:58:23,692 [Time-limited test] INFO  ratis.RaftTestUtil (RaftTestUtil.java:waitForLeader(101)) - printing ALL groups
  s0:  RUNNING  FOLLOWER s0@group-DFFE479CE522:t0, leader=null, voted=, raftlog=Memoized:s0@group-DFFE479CE522-SegmentedRaftLog:OPENED:c-1, conf=-1: peers:[s0|localhost:15048, s1|localhost:15052, s2|localhost:15056]|listeners:[], old=null RUNNING
  s1:  RUNNING  FOLLOWER s1@group-DFFE479CE522:t0, leader=null, voted=, raftlog=Memoized:s1@group-DFFE479CE522-SegmentedRaftLog:OPENED:c-1, conf=-1: peers:[s0|localhost:15048, s1|localhost:15052, s2|localhost:15056]|listeners:[], old=null RUNNING
  s2:  RUNNING  FOLLOWER s2@group-DFFE479CE522:t0, leader=null, voted=, raftlog=Memoized:s2@group-DFFE479CE522-SegmentedRaftLog:OPENED:c-1, conf=-1: peers:[s0|localhost:15048, s1|localhost:15052, s2|localhost:15056]|listeners:[], old=null RUNNING
2024-01-25 07:58:23,692 [Time-limited test] WARN  ratis.RaftTestUtil (RaftTestUtil.java:lambda$waitForLeader$3(120)) - Attempt #1 failed: java.lang.IllegalStateException: No leader yet : printing ALL groups
  s0:  RUNNING  FOLLOWER s0@group-DFFE479CE522:t0, leader=null, voted=, raftlog=Memoized:s0@group-DFFE479CE522-SegmentedRaftLog:OPENED:c-1, conf=-1: peers:[s0|localhost:15048, s1|localhost:15052, s2|localhost:15056]|listeners:[], old=null RUNNING
  s1:  RUNNING  FOLLOWER s1@group-DFFE479CE522:t0, leader=null, voted=, raftlog=Memoized:s1@group-DFFE479CE522-SegmentedRaftLog:OPENED:c-1, conf=-1: peers:[s0|localhost:15048, s1|localhost:15052, s2|localhost:15056]|listeners:[], old=null RUNNING
  s2:  RUNNING  FOLLOWER s2@group-DFFE479CE522:t0, leader=null, voted=, raftlog=Memoized:s2@group-DFFE479CE522-SegmentedRaftLog:OPENED:c-1, conf=-1: peers:[s0|localhost:15048, s1|localhost:15052, s2|localhost:15056]|listeners:[], old=null RUNNING
2024-01-25 07:58:23,842 [s1@group-DFFE479CE522-FollowerState] INFO  impl.FollowerState (FollowerState.java:run(143)) - s1@group-DFFE479CE522-FollowerState: change to CANDIDATE, lastRpcElapsedTime:162509695ns, electionTimeout:162ms
2024-01-25 07:58:23,842 [s1@group-DFFE479CE522-FollowerState] INFO  impl.RoleInfo (RoleInfo.java:shutdownFollowerState(111)) - s1: shutdown s1@group-DFFE479CE522-FollowerState
2024-01-25 07:58:23,842 [s1@group-DFFE479CE522-FollowerState] INFO  server.RaftServer$Division (RaftServerImpl.java:setRole(333)) - s1@group-DFFE479CE522: changes role from  FOLLOWER to CANDIDATE at term 0 for changeToCandidate
2024-01-25 07:58:23,842 [s1@group-DFFE479CE522-FollowerState] INFO  server.RaftServerConfigKeys (ConfUtils.java:logGet(46)) - raft.server.leaderelection.pre-vote = true (default)
2024-01-25 07:58:23,842 [s1@group-DFFE479CE522-FollowerState] INFO  impl.RoleInfo (RoleInfo.java:updateAndGet(140)) - s1: start s1@group-DFFE479CE522-LeaderElection11
2024-01-25 07:58:23,843 [s1@group-DFFE479CE522-LeaderElection11] INFO  impl.LeaderElection (LeaderElection.java:askForVotes(321)) - s1@group-DFFE479CE522-LeaderElection11 PRE_VOTE round 0: submit vote requests at term 0 for -1: peers:[s0|localhost:15048, s1|localhost:15052, s2|localhost:15056]|listeners:[], old=null
2024-01-25 07:58:23,843 [s1@group-DFFE479CE522-LeaderElection11-1] INFO  server.GrpcServerProtocolClient (GrpcServerProtocolClient.java:<init>(65)) - Build channel for s0|localhost:15048
2024-01-25 07:58:23,843 [s1@group-DFFE479CE522-LeaderElection11] INFO  server.RaftServerConfigKeys (ConfUtils.java:logFallback(53)) - raft.server.rpc.first-election.timeout.min = 150ms (fallback to raft.server.rpc.timeout.min)
2024-01-25 07:58:23,843 [s1@group-DFFE479CE522-LeaderElection11-2] INFO  server.GrpcServerProtocolClient (GrpcServerProtocolClient.java:<init>(65)) - Build channel for s2|localhost:15056
2024-01-25 07:58:23,843 [s1@group-DFFE479CE522-LeaderElection11] INFO  server.RaftServerConfigKeys (ConfUtils.java:logFallback(53)) - raft.server.rpc.first-election.timeout.max = 300ms (fallback to raft.server.rpc.timeout.max)
2024-01-25 07:58:23,848 [grpc-default-executor-1] INFO  server.RaftServer$Division (RaftServerImpl.java:requestVote(1390)) - s2@group-DFFE479CE522: receive requestVote(PRE_VOTE, s1, group-DFFE479CE522, 0, (t:0, i:0))
2024-01-25 07:58:23,848 [grpc-default-executor-0] INFO  server.RaftServer$Division (RaftServerImpl.java:requestVote(1390)) - s0@group-DFFE479CE522: receive requestVote(PRE_VOTE, s1, group-DFFE479CE522, 0, (t:0, i:0))
2024-01-25 07:58:23,848 [grpc-default-executor-1] INFO  impl.VoteContext (VoteContext.java:log(49)) - s2@group-DFFE479CE522-FOLLOWER: accept PRE_VOTE from s1: our priority 0 <= candidate's priority 0
2024-01-25 07:58:23,849 [grpc-default-executor-0] INFO  impl.VoteContext (VoteContext.java:log(49)) - s0@group-DFFE479CE522-FOLLOWER: accept PRE_VOTE from s1: our priority 0 <= candidate's priority 0
2024-01-25 07:58:23,849 [grpc-default-executor-1] INFO  server.RaftServer$Division (RaftServerImpl.java:requestVote(1423)) - s2@group-DFFE479CE522 replies to PRE_VOTE vote request: s1<-s2#0:OK-t0. Peer's state: s2@group-DFFE479CE522:t0, leader=null, voted=, raftlog=Memoized:s2@group-DFFE479CE522-SegmentedRaftLog:OPENED:c-1, conf=-1: peers:[s0|localhost:15048, s1|localhost:15052, s2|localhost:15056]|listeners:[], old=null
2024-01-25 07:58:23,849 [grpc-default-executor-0] INFO  server.RaftServer$Division (RaftServerImpl.java:requestVote(1423)) - s0@group-DFFE479CE522 replies to PRE_VOTE vote request: s1<-s0#0:OK-t0. Peer's state: s0@group-DFFE479CE522:t0, leader=null, voted=, raftlog=Memoized:s0@group-DFFE479CE522-SegmentedRaftLog:OPENED:c-1, conf=-1: peers:[s0|localhost:15048, s1|localhost:15052, s2|localhost:15056]|listeners:[], old=null
2024-01-25 07:58:23,849 [s1@group-DFFE479CE522-LeaderElection11] INFO  impl.LeaderElection (LeaderElection.java:logAndReturn(89)) - s1@group-DFFE479CE522-LeaderElection11: PRE_VOTE PASSED received 1 response(s) and 0 exception(s):
2024-01-25 07:58:23,849 [s1@group-DFFE479CE522-LeaderElection11] INFO  impl.LeaderElection (LeaderElection.java:logAndReturn(93)) -   Response 0: s1<-s0#0:OK-t0
2024-01-25 07:58:23,849 [s1@group-DFFE479CE522-LeaderElection11] INFO  impl.LeaderElection (LeaderElection.java:askForVotes(323)) - s1@group-DFFE479CE522-LeaderElection11 PRE_VOTE round 0: result PASSED
2024-01-25 07:58:23,850 [s1@group-DFFE479CE522-LeaderElection11] TRACE util.FileUtils (LogUtils.java:supplyAndLog(69)) - Successfully supplied FileChannel.open /home/runner/work/ratis/ratis/ratis-test/target/test/data/d3464635/MiniRaftClusterWithGrpcff9b90ac/s1/732e4e51-e21d-442c-be8c-dffe479ce522/current/raft-meta.tmp with options [CREATE, WRITE]: sun.nio.ch.FileChannelImpl@76bb7a89
2024-01-25 07:58:23,851 [s1@group-DFFE479CE522-LeaderElection11] TRACE util.FileUtils (LogUtils.java:runAndLog(49)) - Successfully ran Atomic Files.move /home/runner/work/ratis/ratis/ratis-test/target/test/data/d3464635/MiniRaftClusterWithGrpcff9b90ac/s1/732e4e51-e21d-442c-be8c-dffe479ce522/current/raft-meta.tmp to /home/runner/work/ratis/ratis/ratis-test/target/test/data/d3464635/MiniRaftClusterWithGrpcff9b90ac/s1/732e4e51-e21d-442c-be8c-dffe479ce522/current/raft-meta with options [REPLACE_EXISTING]
2024-01-25 07:58:23,851 [s1@group-DFFE479CE522-LeaderElection11] INFO  impl.LeaderElection (LeaderElection.java:askForVotes(321)) - s1@group-DFFE479CE522-LeaderElection11 ELECTION round 0: submit vote requests at term 1 for -1: peers:[s0|localhost:15048, s1|localhost:15052, s2|localhost:15056]|listeners:[], old=null
2024-01-25 07:58:23,851 [s1@group-DFFE479CE522-LeaderElection11] INFO  server.RaftServerConfigKeys (ConfUtils.java:logFallback(53)) - raft.server.rpc.first-election.timeout.min = 150ms (fallback to raft.server.rpc.timeout.min)
2024-01-25 07:58:23,851 [s1@group-DFFE479CE522-LeaderElection11] INFO  server.RaftServerConfigKeys (ConfUtils.java:logFallback(53)) - raft.server.rpc.first-election.timeout.max = 300ms (fallback to raft.server.rpc.timeout.max)
2024-01-25 07:58:23,852 [grpc-default-executor-0] INFO  server.RaftServer$Division (RaftServerImpl.java:requestVote(1390)) - s0@group-DFFE479CE522: receive requestVote(ELECTION, s1, group-DFFE479CE522, 1, (t:0, i:0))
2024-01-25 07:58:23,852 [grpc-default-executor-1] INFO  server.RaftServer$Division (RaftServerImpl.java:requestVote(1390)) - s2@group-DFFE479CE522: receive requestVote(ELECTION, s1, group-DFFE479CE522, 1, (t:0, i:0))
2024-01-25 07:58:23,852 [grpc-default-executor-0] INFO  impl.VoteContext (VoteContext.java:log(49)) - s0@group-DFFE479CE522-FOLLOWER: accept ELECTION from s1: our priority 0 <= candidate's priority 0
2024-01-25 07:58:23,852 [grpc-default-executor-1] INFO  impl.VoteContext (VoteContext.java:log(49)) - s2@group-DFFE479CE522-FOLLOWER: accept ELECTION from s1: our priority 0 <= candidate's priority 0
2024-01-25 07:58:23,852 [grpc-default-executor-0] INFO  server.RaftServer$Division (RaftServerImpl.java:setRole(333)) - s0@group-DFFE479CE522: changes role from  FOLLOWER to FOLLOWER at term 1 for candidate:s1
2024-01-25 07:58:23,852 [grpc-default-executor-0] INFO  impl.RoleInfo (RoleInfo.java:shutdownFollowerState(111)) - s0: shutdown s0@group-DFFE479CE522-FollowerState
2024-01-25 07:58:23,852 [grpc-default-executor-1] INFO  server.RaftServer$Division (RaftServerImpl.java:setRole(333)) - s2@group-DFFE479CE522: changes role from  FOLLOWER to FOLLOWER at term 1 for candidate:s1
2024-01-25 07:58:23,852 [grpc-default-executor-0] INFO  impl.RoleInfo (RoleInfo.java:updateAndGet(140)) - s0: start s0@group-DFFE479CE522-FollowerState
2024-01-25 07:58:23,853 [s0@group-DFFE479CE522-FollowerState] INFO  impl.FollowerState (FollowerState.java:run(152)) - s0@group-DFFE479CE522-FollowerState was interrupted
2024-01-25 07:58:23,852 [grpc-default-executor-1] INFO  impl.RoleInfo (RoleInfo.java:shutdownFollowerState(111)) - s2: shutdown s2@group-DFFE479CE522-FollowerState
2024-01-25 07:58:23,853 [grpc-default-executor-0] INFO  server.RaftServer$Division (RaftServerImpl.java:setFirstElection(505)) - s0@group-DFFE479CE522: set firstElectionSinceStartup to false for candidate:s1
2024-01-25 07:58:23,853 [s2@group-DFFE479CE522-FollowerState] INFO  impl.FollowerState (FollowerState.java:run(152)) - s2@group-DFFE479CE522-FollowerState was interrupted
2024-01-25 07:58:23,853 [grpc-default-executor-1] INFO  impl.RoleInfo (RoleInfo.java:updateAndGet(140)) - s2: start s2@group-DFFE479CE522-FollowerState
2024-01-25 07:58:23,853 [grpc-default-executor-0] TRACE util.FileUtils (LogUtils.java:supplyAndLog(69)) - Successfully supplied FileChannel.open /home/runner/work/ratis/ratis/ratis-test/target/test/data/d3464635/MiniRaftClusterWithGrpcff9b90ac/s0/732e4e51-e21d-442c-be8c-dffe479ce522/current/raft-meta.tmp with options [CREATE, WRITE]: sun.nio.ch.FileChannelImpl@1c77e1c0
2024-01-25 07:58:23,853 [grpc-default-executor-1] INFO  server.RaftServer$Division (RaftServerImpl.java:setFirstElection(505)) - s2@group-DFFE479CE522: set firstElectionSinceStartup to false for candidate:s1
2024-01-25 07:58:23,853 [grpc-default-executor-1] TRACE util.FileUtils (LogUtils.java:supplyAndLog(69)) - Successfully supplied FileChannel.open /home/runner/work/ratis/ratis/ratis-test/target/test/data/d3464635/MiniRaftClusterWithGrpcff9b90ac/s2/732e4e51-e21d-442c-be8c-dffe479ce522/current/raft-meta.tmp with options [CREATE, WRITE]: sun.nio.ch.FileChannelImpl@5dca2d3f
2024-01-25 07:58:23,854 [grpc-default-executor-1] TRACE util.FileUtils (LogUtils.java:runAndLog(49)) - Successfully ran Atomic Files.move /home/runner/work/ratis/ratis/ratis-test/target/test/data/d3464635/MiniRaftClusterWithGrpcff9b90ac/s2/732e4e51-e21d-442c-be8c-dffe479ce522/current/raft-meta.tmp to /home/runner/work/ratis/ratis/ratis-test/target/test/data/d3464635/MiniRaftClusterWithGrpcff9b90ac/s2/732e4e51-e21d-442c-be8c-dffe479ce522/current/raft-meta with options [REPLACE_EXISTING]
2024-01-25 07:58:23,854 [grpc-default-executor-0] TRACE util.FileUtils (LogUtils.java:runAndLog(49)) - Successfully ran Atomic Files.move /home/runner/work/ratis/ratis/ratis-test/target/test/data/d3464635/MiniRaftClusterWithGrpcff9b90ac/s0/732e4e51-e21d-442c-be8c-dffe479ce522/current/raft-meta.tmp to /home/runner/work/ratis/ratis/ratis-test/target/test/data/d3464635/MiniRaftClusterWithGrpcff9b90ac/s0/732e4e51-e21d-442c-be8c-dffe479ce522/current/raft-meta with options [REPLACE_EXISTING]
2024-01-25 07:58:23,854 [grpc-default-executor-1] INFO  server.RaftServer$Division (RaftServerImpl.java:requestVote(1423)) - s2@group-DFFE479CE522 replies to ELECTION vote request: s1<-s2#0:OK-t1. Peer's state: s2@group-DFFE479CE522:t1, leader=null, voted=s1, raftlog=Memoized:s2@group-DFFE479CE522-SegmentedRaftLog:OPENED:c-1, conf=-1: peers:[s0|localhost:15048, s1|localhost:15052, s2|localhost:15056]|listeners:[], old=null
2024-01-25 07:58:23,854 [grpc-default-executor-0] INFO  server.RaftServer$Division (RaftServerImpl.java:requestVote(1423)) - s0@group-DFFE479CE522 replies to ELECTION vote request: s1<-s0#0:OK-t1. Peer's state: s0@group-DFFE479CE522:t1, leader=null, voted=s1, raftlog=Memoized:s0@group-DFFE479CE522-SegmentedRaftLog:OPENED:c-1, conf=-1: peers:[s0|localhost:15048, s1|localhost:15052, s2|localhost:15056]|listeners:[], old=null
2024-01-25 07:58:23,855 [s1@group-DFFE479CE522-LeaderElection11] INFO  impl.LeaderElection (LeaderElection.java:logAndReturn(89)) - s1@group-DFFE479CE522-LeaderElection11: ELECTION PASSED received 1 response(s) and 0 exception(s):
2024-01-25 07:58:23,855 [s1@group-DFFE479CE522-LeaderElection11] INFO  impl.LeaderElection (LeaderElection.java:logAndReturn(93)) -   Response 0: s1<-s0#0:OK-t1
2024-01-25 07:58:23,855 [s1@group-DFFE479CE522-LeaderElection11] INFO  impl.LeaderElection (LeaderElection.java:askForVotes(323)) - s1@group-DFFE479CE522-LeaderElection11 ELECTION round 0: result PASSED
2024-01-25 07:58:23,855 [s1@group-DFFE479CE522-LeaderElection11] INFO  impl.RoleInfo (RoleInfo.java:shutdownLeaderElection(131)) - s1: shutdown s1@group-DFFE479CE522-LeaderElection11
2024-01-25 07:58:23,855 [s1@group-DFFE479CE522-LeaderElection11] INFO  server.RaftServer$Division (RaftServerImpl.java:setRole(333)) - s1@group-DFFE479CE522: changes role from CANDIDATE to LEADER at term 1 for changeToLeader
2024-01-25 07:58:23,855 [s1@group-DFFE479CE522-LeaderElection11] INFO  server.RaftServerConfigKeys (ConfUtils.java:logGet(46)) - raft.server.staging.catchup.gap = 1000 (default)
2024-01-25 07:58:23,855 [s1@group-DFFE479CE522-LeaderElection11] INFO  server.RaftServerConfigKeys (ConfUtils.java:logGet(46)) - raft.server.write.element-limit = 4096 (default)
2024-01-25 07:58:23,855 [s1@group-DFFE479CE522-LeaderElection11] INFO  server.RaftServerConfigKeys (ConfUtils.java:logGet(46)) - raft.server.write.byte-limit = 64MB (=67108864) (default)
2024-01-25 07:58:23,855 [s1@group-DFFE479CE522-LeaderElection11] INFO  server.RaftServerConfigKeys (ConfUtils.java:logGet(46)) - raft.server.watch.timeout = 100s (custom)
2024-01-25 07:58:23,856 [s1@group-DFFE479CE522-LeaderElection11] INFO  server.RaftServerConfigKeys (ConfUtils.java:logGet(46)) - raft.server.watch.timeout.denomination = 1s (default)
2024-01-25 07:58:23,856 [s1@group-DFFE479CE522-LeaderElection11] INFO  server.RaftServerConfigKeys (ConfUtils.java:logGet(46)) - raft.server.watch.element-limit = 65536 (default)
2024-01-25 07:58:23,856 [s1@group-DFFE479CE522-LeaderElection11] INFO  server.RaftServerConfigKeys (ConfUtils.java:logGet(46)) - raft.server.read.leader.lease.enabled = false (default)
2024-01-25 07:58:23,856 [s1@group-DFFE479CE522-LeaderElection11] INFO  server.RaftServerConfigKeys (ConfUtils.java:logGet(46)) - raft.server.read.leader.lease.timeout.ratio = 0.9 (default)
2024-01-25 07:58:23,856 [s1@group-DFFE479CE522-LeaderElection11] INFO  server.RaftServerConfigKeys (ConfUtils.java:logGet(46)) - raft.server.rpc.timeout.min = 150ms (default)
2024-01-25 07:58:23,856 [s1@group-DFFE479CE522-LeaderElection11] INFO  server.RaftServerConfigKeys (ConfUtils.java:logGet(46)) - raft.server.write.element-limit = 4096 (default)
2024-01-25 07:58:23,856 [s1@group-DFFE479CE522-LeaderElection11] INFO  server.RaftServerConfigKeys (ConfUtils.java:logGet(46)) - raft.server.write.follower.gap.ratio.max = -1.0 (default)
2024-01-25 07:58:23,856 [s1@group-DFFE479CE522-LeaderElection11] INFO  server.RaftServerConfigKeys (ConfUtils.java:logGet(46)) - raft.server.log.appender.snapshot.chunk.size.max = 16MB (=16777216) (default)
2024-01-25 07:58:23,856 [s1@group-DFFE479CE522-LeaderElection11] INFO  server.RaftServerConfigKeys (ConfUtils.java:logGet(46)) - raft.server.log.appender.buffer.byte-limit = 4MB (=4194304) (default)
2024-01-25 07:58:23,856 [s1@group-DFFE479CE522-LeaderElection11] INFO  server.RaftServerConfigKeys (ConfUtils.java:logGet(46)) - raft.server.log.appender.buffer.element-limit = 0 (default)
2024-01-25 07:58:23,856 [s1@group-DFFE479CE522-LeaderElection11] INFO  server.RaftServerConfigKeys (ConfUtils.java:logGet(46)) - raft.server.log.appender.wait-time.min = 1ms (default)
2024-01-25 07:58:23,857 [s1@group-DFFE479CE522-LeaderElection11] INFO  grpc.GrpcConfigKeys (ConfUtils.java:logGet(46)) - raft.grpc.server.leader.outstanding.appends.max = 8 (default)
2024-01-25 07:58:23,857 [s1@group-DFFE479CE522-LeaderElection11] INFO  server.RaftServerConfigKeys (ConfUtils.java:logGet(46)) - raft.server.rpc.request.timeout = 3000ms (default)
2024-01-25 07:58:23,857 [s1@group-DFFE479CE522-LeaderElection11] INFO  grpc.GrpcConfigKeys (ConfUtils.java:logGet(46)) - raft.grpc.server.install_snapshot.request.element-limit = 8 (default)
2024-01-25 07:58:23,857 [s1@group-DFFE479CE522-LeaderElection11] INFO  grpc.GrpcConfigKeys (ConfUtils.java:logGet(46)) - raft.grpc.server.install_snapshot.request.timeout = 3000ms (default)
2024-01-25 07:58:23,857 [s1@group-DFFE479CE522-LeaderElection11] INFO  grpc.GrpcConfigKeys (ConfUtils.java:logGet(46)) - raft.grpc.server.log-message.batch.duration = 5s (default)
2024-01-25 07:58:23,857 [s1@group-DFFE479CE522-LeaderElection11] INFO  server.RaftServerConfigKeys (ConfUtils.java:logGet(46)) - raft.server.log.appender.install.snapshot.enabled = true (default)
2024-01-25 07:58:23,857 [s1@group-DFFE479CE522-LeaderElection11] INFO  grpc.GrpcConfigKeys (ConfUtils.java:logGet(46)) - raft.grpc.server.heartbeat.channel = true (default)
2024-01-25 07:58:23,857 [s1@group-DFFE479CE522-LeaderElection11] INFO  server.RaftServerConfigKeys (ConfUtils.java:logGet(46)) - raft.server.log.appender.snapshot.chunk.size.max = 16MB (=16777216) (default)
2024-01-25 07:58:23,857 [s1@group-DFFE479CE522-LeaderElection11] INFO  server.RaftServerConfigKeys (ConfUtils.java:logGet(46)) - raft.server.log.appender.buffer.byte-limit = 4MB (=4194304) (default)
2024-01-25 07:58:23,857 [s1@group-DFFE479CE522-LeaderElection11] INFO  server.RaftServerConfigKeys (ConfUtils.java:logGet(46)) - raft.server.log.appender.buffer.element-limit = 0 (default)
2024-01-25 07:58:23,857 [s1@group-DFFE479CE522-LeaderElection11] INFO  server.RaftServerConfigKeys (ConfUtils.java:logGet(46)) - raft.server.log.appender.wait-time.min = 1ms (default)
2024-01-25 07:58:23,857 [s1@group-DFFE479CE522-LeaderElection11] INFO  grpc.GrpcConfigKeys (ConfUtils.java:logGet(46)) - raft.grpc.server.leader.outstanding.appends.max = 8 (default)
2024-01-25 07:58:23,857 [s1@group-DFFE479CE522-LeaderElection11] INFO  server.RaftServerConfigKeys (ConfUtils.java:logGet(46)) - raft.server.rpc.request.timeout = 3000ms (default)
2024-01-25 07:58:23,857 [s1@group-DFFE479CE522-LeaderElection11] INFO  grpc.GrpcConfigKeys (ConfUtils.java:logGet(46)) - raft.grpc.server.install_snapshot.request.element-limit = 8 (default)
2024-01-25 07:58:23,857 [s1@group-DFFE479CE522-LeaderElection11] INFO  grpc.GrpcConfigKeys (ConfUtils.java:logGet(46)) - raft.grpc.server.install_snapshot.request.timeout = 3000ms (default)
2024-01-25 07:58:23,857 [s1@group-DFFE479CE522-LeaderElection11] INFO  grpc.GrpcConfigKeys (ConfUtils.java:logGet(46)) - raft.grpc.server.log-message.batch.duration = 5s (default)
2024-01-25 07:58:23,857 [s1@group-DFFE479CE522-LeaderElection11] INFO  server.RaftServerConfigKeys (ConfUtils.java:logGet(46)) - raft.server.log.appender.install.snapshot.enabled = true (default)
2024-01-25 07:58:23,857 [s1@group-DFFE479CE522-LeaderElection11] INFO  grpc.GrpcConfigKeys (ConfUtils.java:logGet(46)) - raft.grpc.server.heartbeat.channel = true (default)
2024-01-25 07:58:23,858 [s1@group-DFFE479CE522-LeaderElection11] INFO  impl.RoleInfo (RoleInfo.java:updateAndGet(140)) - s1: start s1@group-DFFE479CE522-LeaderStateImpl
2024-01-25 07:58:23,858 [s1@group-DFFE479CE522-LeaderElection11] INFO  server.RaftServer$Division (RaftServerImpl.java:setFirstElection(505)) - s1@group-DFFE479CE522: set firstElectionSinceStartup to false for becomeLeader
2024-01-25 07:58:23,858 [s1@group-DFFE479CE522-LeaderElection11] INFO  server.RaftServer$Division (ServerState.java:setLeader(269)) - s1@group-DFFE479CE522: change Leader from null to s1 at term 1 for becomeLeader, leader elected after 201ms
2024-01-25 07:58:23,858 [s1@group-DFFE479CE522-LeaderElection11] INFO  segmented.SegmentedRaftLogWorker (SegmentedRaftLogWorker.java:startLogSegment(430)) - s1@group-DFFE479CE522-SegmentedRaftLogWorker: Starting segment from index:0
2024-01-25 07:58:23,858 [s1@group-DFFE479CE522-LeaderElection11] INFO  server.RaftServer$Division (ServerState.java:setRaftConf(386)) - s1@group-DFFE479CE522: set configuration 0: peers:[s0|localhost:15048, s1|localhost:15052, s2|localhost:15056]|listeners:[], old=null
2024-01-25 07:58:23,858 [s1@group-DFFE479CE522-SegmentedRaftLogWorker] INFO  segmented.BufferedWriteChannel (BufferedWriteChannel.java:open(61)) - open log_inprogress_0 at position 0
2024-01-25 07:58:23,866 [s1@group-DFFE479CE522-SegmentedRaftLogWorker] INFO  segmented.SegmentedRaftLogWorker (SegmentedRaftLogWorker.java:execute(634)) - s1@group-DFFE479CE522-SegmentedRaftLogWorker: created new log segment /home/runner/work/ratis/ratis/ratis-test/target/test/data/d3464635/MiniRaftClusterWithGrpcff9b90ac/s1/732e4e51-e21d-442c-be8c-dffe479ce522/current/log_inprogress_0
2024-01-25 07:58:23,866 [s0-server-thread1] INFO  server.RaftServer$Division (ServerState.java:setLeader(269)) - s0@group-DFFE479CE522: change Leader from null to s1 at term 1 for appendEntries, leader elected after 214ms
2024-01-25 07:58:23,870 [s2-server-thread1] INFO  server.RaftServer$Division (ServerState.java:setLeader(269)) - s2@group-DFFE479CE522: change Leader from null to s1 at term 1 for appendEntries, leader elected after 210ms
2024-01-25 07:58:23,873 [s0-server-thread2] DEBUG server.RaftServer$Division (RaftServerImpl.java:logAppendEntries(1520)) - s0@group-DFFE479CE522: receive appendEntries(s1, 1, null, -1, false, commits:[s1:c-1, s0:c-1, s2:c-1], cId:1, entries: [(t:1, i:0), CONFIGURATIONENTRY(current:id: "s0"
address: "localhost:15048"
dataStreamAddress: "localhost:15051"
clientAddress: "localhost:15050"
adminAddress: "localhost:15049"
startupRole: FOLLOWER
,id: "s1"
address: "localhost:15052"
dataStreamAddress: "localhost:15055"
clientAddress: "localhost:15054"
adminAddress: "localhost:15053"
startupRole: FOLLOWER
,id: "s2"
address: "localhost:15056"
dataStreamAddress: "localhost:15059"
clientAddress: "localhost:15058"
adminAddress: "localhost:15057"
startupRole: FOLLOWER
, old:)]
2024-01-25 07:58:23,877 [s0-server-thread2] INFO  server.RaftServer$Division (ServerState.java:setRaftConf(386)) - s0@group-DFFE479CE522: set configuration 0: peers:[s0|localhost:15048, s1|localhost:15052, s2|localhost:15056]|listeners:[], old=null
2024-01-25 07:58:23,877 [s0-server-thread2] INFO  segmented.SegmentedRaftLogWorker (SegmentedRaftLogWorker.java:startLogSegment(430)) - s0@group-DFFE479CE522-SegmentedRaftLogWorker: Starting segment from index:0
2024-01-25 07:58:23,877 [s0@group-DFFE479CE522-SegmentedRaftLogWorker] INFO  segmented.BufferedWriteChannel (BufferedWriteChannel.java:open(61)) - open log_inprogress_0 at position 0
2024-01-25 07:58:23,877 [s2-server-thread1] DEBUG server.RaftServer$Division (RaftServerImpl.java:logAppendEntries(1520)) - s2@group-DFFE479CE522: receive appendEntries(s1, 1, null, -1, false, commits:[s1:c-1, s0:c-1, s2:c-1], cId:1, entries: [(t:1, i:0), CONFIGURATIONENTRY(current:id: "s0"
address: "localhost:15048"
dataStreamAddress: "localhost:15051"
clientAddress: "localhost:15050"
adminAddress: "localhost:15049"
startupRole: FOLLOWER
,id: "s1"
address: "localhost:15052"
dataStreamAddress: "localhost:15055"
clientAddress: "localhost:15054"
adminAddress: "localhost:15053"
startupRole: FOLLOWER
,id: "s2"
address: "localhost:15056"
dataStreamAddress: "localhost:15059"
clientAddress: "localhost:15058"
adminAddress: "localhost:15057"
startupRole: FOLLOWER
, old:)]
2024-01-25 07:58:23,880 [s2-server-thread1] INFO  server.RaftServer$Division (ServerState.java:setRaftConf(386)) - s2@group-DFFE479CE522: set configuration 0: peers:[s0|localhost:15048, s1|localhost:15052, s2|localhost:15056]|listeners:[], old=null
2024-01-25 07:58:23,880 [s2-server-thread1] INFO  segmented.SegmentedRaftLogWorker (SegmentedRaftLogWorker.java:startLogSegment(430)) - s2@group-DFFE479CE522-SegmentedRaftLogWorker: Starting segment from index:0
2024-01-25 07:58:23,881 [s2@group-DFFE479CE522-SegmentedRaftLogWorker] INFO  segmented.BufferedWriteChannel (BufferedWriteChannel.java:open(61)) - open log_inprogress_0 at position 0
2024-01-25 07:58:23,890 [s0@group-DFFE479CE522-SegmentedRaftLogWorker] INFO  segmented.SegmentedRaftLogWorker (SegmentedRaftLogWorker.java:execute(634)) - s0@group-DFFE479CE522-SegmentedRaftLogWorker: created new log segment /home/runner/work/ratis/ratis/ratis-test/target/test/data/d3464635/MiniRaftClusterWithGrpcff9b90ac/s0/732e4e51-e21d-442c-be8c-dffe479ce522/current/log_inprogress_0
2024-01-25 07:58:23,890 [s2@group-DFFE479CE522-SegmentedRaftLogWorker] INFO  segmented.SegmentedRaftLogWorker (SegmentedRaftLogWorker.java:execute(634)) - s2@group-DFFE479CE522-SegmentedRaftLogWorker: created new log segment /home/runner/work/ratis/ratis/ratis-test/target/test/data/d3464635/MiniRaftClusterWithGrpcff9b90ac/s2/732e4e51-e21d-442c-be8c-dffe479ce522/current/log_inprogress_0
2024-01-25 07:58:23,890 [s0-server-thread2] DEBUG server.RaftServer$Division (RaftServerImpl.java:logAppendEntries(1520)) - s0@group-DFFE479CE522: succeeded to handle AppendEntries. Reply: s1<-s0#1:OK-t1,SUCCESS,nextIndex=1,followerCommit=-1,matchIndex=0
2024-01-25 07:58:23,891 [s2-server-thread1] DEBUG server.RaftServer$Division (RaftServerImpl.java:logAppendEntries(1520)) - s2@group-DFFE479CE522: succeeded to handle AppendEntries. Reply: s1<-s2#1:OK-t1,SUCCESS,nextIndex=1,followerCommit=-1,matchIndex=0
2024-01-25 07:58:23,891 [s1@group-DFFE479CE522-StateMachineUpdater] TRACE util.FileUtils (LogUtils.java:supplyAndLog(69)) - Successfully supplied FileChannel.open /home/runner/work/ratis/ratis/ratis-test/target/test/data/d3464635/MiniRaftClusterWithGrpcff9b90ac/s1/732e4e51-e21d-442c-be8c-dffe479ce522/current/raft-meta.conf.tmp with options [CREATE, WRITE]: sun.nio.ch.FileChannelImpl@23b4c338
2024-01-25 07:58:23,892 [s1@group-DFFE479CE522-StateMachineUpdater] TRACE util.FileUtils (LogUtils.java:runAndLog(49)) - Successfully ran Atomic Files.move /home/runner/work/ratis/ratis/ratis-test/target/test/data/d3464635/MiniRaftClusterWithGrpcff9b90ac/s1/732e4e51-e21d-442c-be8c-dffe479ce522/current/raft-meta.conf.tmp to /home/runner/work/ratis/ratis/ratis-test/target/test/data/d3464635/MiniRaftClusterWithGrpcff9b90ac/s1/732e4e51-e21d-442c-be8c-dffe479ce522/current/raft-meta.conf with options [REPLACE_EXISTING]
2024-01-25 07:58:23,892 [s1@group-DFFE479CE522-StateMachineUpdater] INFO  server.RaftServer$Division (LeaderStateImpl.java:isApplied(321)) - leader is ready since appliedIndex == 0 >= startIndex == 0
2024-01-25 07:58:23,967 [s0@group-DFFE479CE522-StateMachineUpdater] TRACE util.FileUtils (LogUtils.java:supplyAndLog(69)) - Successfully supplied FileChannel.open /home/runner/work/ratis/ratis/ratis-test/target/test/data/d3464635/MiniRaftClusterWithGrpcff9b90ac/s0/732e4e51-e21d-442c-be8c-dffe479ce522/current/raft-meta.conf.tmp with options [CREATE, WRITE]: sun.nio.ch.FileChannelImpl@42c37ab3
2024-01-25 07:58:23,968 [s2@group-DFFE479CE522-StateMachineUpdater] TRACE util.FileUtils (LogUtils.java:supplyAndLog(69)) - Successfully supplied FileChannel.open /home/runner/work/ratis/ratis/ratis-test/target/test/data/d3464635/MiniRaftClusterWithGrpcff9b90ac/s2/732e4e51-e21d-442c-be8c-dffe479ce522/current/raft-meta.conf.tmp with options [CREATE, WRITE]: sun.nio.ch.FileChannelImpl@3bbfdaeb
2024-01-25 07:58:23,969 [s0@group-DFFE479CE522-StateMachineUpdater] TRACE util.FileUtils (LogUtils.java:runAndLog(49)) - Successfully ran Atomic Files.move /home/runner/work/ratis/ratis/ratis-test/target/test/data/d3464635/MiniRaftClusterWithGrpcff9b90ac/s0/732e4e51-e21d-442c-be8c-dffe479ce522/current/raft-meta.conf.tmp to /home/runner/work/ratis/ratis/ratis-test/target/test/data/d3464635/MiniRaftClusterWithGrpcff9b90ac/s0/732e4e51-e21d-442c-be8c-dffe479ce522/current/raft-meta.conf with options [REPLACE_EXISTING]
2024-01-25 07:58:23,969 [s2@group-DFFE479CE522-StateMachineUpdater] TRACE util.FileUtils (LogUtils.java:runAndLog(49)) - Successfully ran Atomic Files.move /home/runner/work/ratis/ratis/ratis-test/target/test/data/d3464635/MiniRaftClusterWithGrpcff9b90ac/s2/732e4e51-e21d-442c-be8c-dffe479ce522/current/raft-meta.conf.tmp to /home/runner/work/ratis/ratis/ratis-test/target/test/data/d3464635/MiniRaftClusterWithGrpcff9b90ac/s2/732e4e51-e21d-442c-be8c-dffe479ce522/current/raft-meta.conf with options [REPLACE_EXISTING]
2024-01-25 07:58:24,143 [Time-limited test] INFO  ratis.RaftTestUtil (RaftTestUtil.java:waitForLeader(125)) - printing ALL groups
  s0:  RUNNING  FOLLOWER s0@group-DFFE479CE522:t1, leader=s1, voted=s1, raftlog=Memoized:s0@group-DFFE479CE522-SegmentedRaftLog:OPENED:c0, conf=0: peers:[s0|localhost:15048, s1|localhost:15052, s2|localhost:15056]|listeners:[], old=null RUNNING
  s1:  RUNNING    LEADER s1@group-DFFE479CE522:t1, leader=s1, voted=s1, raftlog=Memoized:s1@group-DFFE479CE522-SegmentedRaftLog:OPENED:c0, conf=0: peers:[s0|localhost:15048, s1|localhost:15052, s2|localhost:15056]|listeners:[], old=null RUNNING
  s2:  RUNNING  FOLLOWER s2@group-DFFE479CE522:t1, leader=s1, voted=s1, raftlog=Memoized:s2@group-DFFE479CE522-SegmentedRaftLog:OPENED:c0, conf=0: peers:[s0|localhost:15048, s1|localhost:15052, s2|localhost:15056]|listeners:[], old=null RUNNING
2024-01-25 07:58:24,143 [Time-limited test] DEBUG client.RaftClient (ConfUtils.java:logGet(46)) - raft.rpc.type = GRPC (default)
2024-01-25 07:58:24,143 [Time-limited test] DEBUG client.GrpcClientRpc (ConfUtils.java:logGet(46)) - raft.grpc.message.size.max = 64MB (=67108864) (default)
2024-01-25 07:58:24,143 [Time-limited test] INFO  grpc.TestWatchRequestWithGrpc (WatchRequestTests.java:runSingleTest(165)) - 1) numMessages=1, printing ALL groups
  s0:  RUNNING  FOLLOWER s0@group-DFFE479CE522:t1, leader=s1, voted=s1, raftlog=Memoized:s0@group-DFFE479CE522-SegmentedRaftLog:OPENED:c0, conf=0: peers:[s0|localhost:15048, s1|localhost:15052, s2|localhost:15056]|listeners:[], old=null RUNNING
  s1:  RUNNING    LEADER s1@group-DFFE479CE522:t1, leader=s1, voted=s1, raftlog=Memoized:s1@group-DFFE479CE522-SegmentedRaftLog:OPENED:c0, conf=0: peers:[s0|localhost:15048, s1|localhost:15052, s2|localhost:15056]|listeners:[], old=null RUNNING
  s2:  RUNNING  FOLLOWER s2@group-DFFE479CE522:t1, leader=s1, voted=s1, raftlog=Memoized:s2@group-DFFE479CE522-SegmentedRaftLog:OPENED:c0, conf=0: peers:[s0|localhost:15048, s1|localhost:15052, s2|localhost:15056]|listeners:[], old=null RUNNING
2024-01-25 07:58:24,144 [Time-limited test] INFO  server.RaftServerConfigKeys (ConfUtils.java:logGet(46)) - raft.server.rpc.timeout.max = 300ms (default)
2024-01-25 07:58:24,144 [Time-limited test] INFO  ratis.RaftTestUtil (RaftTestUtil.java:waitForLeader(101)) - printing ALL groups
  s0:  RUNNING  FOLLOWER s0@group-DFFE479CE522:t1, leader=s1, voted=s1, raftlog=Memoized:s0@group-DFFE479CE522-SegmentedRaftLog:OPENED:c0, conf=0: peers:[s0|localhost:15048, s1|localhost:15052, s2|localhost:15056]|listeners:[], old=null RUNNING
  s1:  RUNNING    LEADER s1@group-DFFE479CE522:t1, leader=s1, voted=s1, raftlog=Memoized:s1@group-DFFE479CE522-SegmentedRaftLog:OPENED:c0, conf=0: peers:[s0|localhost:15048, s1|localhost:15052, s2|localhost:15056]|listeners:[], old=null RUNNING
  s2:  RUNNING  FOLLOWER s2@group-DFFE479CE522:t1, leader=s1, voted=s1, raftlog=Memoized:s2@group-DFFE479CE522-SegmentedRaftLog:OPENED:c0, conf=0: peers:[s0|localhost:15048, s1|localhost:15052, s2|localhost:15056]|listeners:[], old=null RUNNING
2024-01-25 07:58:24,144 [Time-limited test] INFO  ratis.RaftTestUtil (RaftTestUtil.java:waitForLeader(125)) - printing ALL groups
  s0:  RUNNING  FOLLOWER s0@group-DFFE479CE522:t1, leader=s1, voted=s1, raftlog=Memoized:s0@group-DFFE479CE522-SegmentedRaftLog:OPENED:c0, conf=0: peers:[s0|localhost:15048, s1|localhost:15052, s2|localhost:15056]|listeners:[], old=null RUNNING
  s1:  RUNNING    LEADER s1@group-DFFE479CE522:t1, leader=s1, voted=s1, raftlog=Memoized:s1@group-DFFE479CE522-SegmentedRaftLog:OPENED:c0, conf=0: peers:[s0|localhost:15048, s1|localhost:15052, s2|localhost:15056]|listeners:[], old=null RUNNING
  s2:  RUNNING  FOLLOWER s2@group-DFFE479CE522:t1, leader=s1, voted=s1, raftlog=Memoized:s2@group-DFFE479CE522-SegmentedRaftLog:OPENED:c0, conf=0: peers:[s0|localhost:15048, s1|localhost:15052, s2|localhost:15056]|listeners:[], old=null RUNNING
2024-01-25 07:58:24,144 [Time-limited test] DEBUG client.RaftClient (ConfUtils.java:logGet(46)) - raft.rpc.type = GRPC (default)
2024-01-25 07:58:24,144 [Time-limited test] DEBUG client.GrpcClientRpc (ConfUtils.java:logGet(46)) - raft.grpc.message.size.max = 64MB (=67108864) (default)
2024-01-25 07:58:24,144 [Time-limited test] DEBUG client.RaftClient (RaftClientImpl.java:get(158)) - client-DBF97E935A44: get 432 returns []
2024-01-25 07:58:24,144 [Time-limited test] DEBUG client.RaftClient (RaftClientImpl.java:newRequest(95)) - attempt #1, newRequest RaftClientRequest:client-DBF97E935A44->s1@group-DFFE479CE522, cid=432, seq=1*, Watch(0), null
2024-01-25 07:58:24,148 [s1-client-thread1] DEBUG server.RaftServer$Division (RaftServerImpl.java:submitClientRequestAsync(880)) - s1@group-DFFE479CE522: receive client request(RaftClientRequest:client-DBF97E935A44->s1@group-DFFE479CE522, cid=432, seq=1*, Watch(0), Message:<EMPTY>)
2024-01-25 07:58:24,149 [s1-client-thread1] DEBUG server.RaftServer$Division (LeaderStateImpl.java:addWatchRequest(552)) - s1@group-DFFE479CE522-LeaderStateImpl: addWatchRequest RaftClientRequest:client-DBF97E935A44->s1@group-DFFE479CE522, cid=432, seq=1*, Watch(0), Message:<EMPTY>
2024-01-25 07:58:24,150 [grpc-default-executor-6] DEBUG client.RaftClient (RaftClientImpl.java:get(158)) - client-DBF97E935A44: get 433 returns []
2024-01-25 07:58:24,150 [grpc-default-executor-6] DEBUG client.RaftClient (RaftClientImpl.java:newRequest(95)) - attempt #1, newRequest RaftClientRequest:client-DBF97E935A44->s1@group-DFFE479CE522, cid=433, seq=2, RW, message
2024-01-25 07:58:24,151 [s1-client-thread1] DEBUG server.RaftServer$Division (RaftServerImpl.java:submitClientRequestAsync(880)) - s1@group-DFFE479CE522: receive client request(RaftClientRequest:client-DBF97E935A44->s1@group-DFFE479CE522, cid=433, seq=2, RW, Message:6d657373616765)
2024-01-25 07:58:24,151 [s1-client-thread1] DEBUG server.RaftServer$Division (LeaderStateImpl.java:addPendingRequest(533)) - s1@group-DFFE479CE522-LeaderStateImpl: addPendingRequest at RaftClientRequest:client-DBF97E935A44->s1@group-DFFE479CE522, cid=433, seq=2, RW, Message:6d657373616765, entry=(t:1, i:1), STATEMACHINELOGENTRY, 433@client-DBF97E935A44
2024-01-25 07:58:24,151 [s0-server-thread1] DEBUG server.RaftServer$Division (RaftServerImpl.java:logAppendEntries(1520)) - s0@group-DFFE479CE522: receive appendEntries(s1, 1, (t:1, i:0), 0, false, commits:[s1:c0, s0:c0, s2:c0], cId:6, entries: [(t:1, i:1), STATEMACHINELOGENTRY, 433@client-DBF97E935A44]
2024-01-25 07:58:24,152 [s2-server-thread2] DEBUG server.RaftServer$Division (RaftServerImpl.java:logAppendEntries(1520)) - s2@group-DFFE479CE522: receive appendEntries(s1, 1, (t:1, i:0), 0, false, commits:[s1:c0, s0:c0, s2:c0], cId:7, entries: [(t:1, i:1), STATEMACHINELOGENTRY, 433@client-DBF97E935A44]
2024-01-25 07:58:24,152 [s0-server-thread1] DEBUG server.RaftServer$Division (RaftServerImpl.java:logAppendEntries(1520)) - s0@group-DFFE479CE522: succeeded to handle AppendEntries. Reply: s1<-s0#6:OK-t1,SUCCESS,nextIndex=2,followerCommit=0,matchIndex=1
2024-01-25 07:58:24,152 [s2-server-thread2] DEBUG server.RaftServer$Division (RaftServerImpl.java:logAppendEntries(1520)) - s2@group-DFFE479CE522: succeeded to handle AppendEntries. Reply: s1<-s2#7:OK-t1,SUCCESS,nextIndex=2,followerCommit=0,matchIndex=1
2024-01-25 07:58:24,152 [s1@group-DFFE479CE522-StateMachineUpdater] INFO  impl.SimpleStateMachine4Testing (SimpleStateMachine4Testing.java:applyTransaction(248)) - applyTransaction for log index 1
2024-01-25 07:58:24,152 [s1@group-DFFE479CE522-LeaderStateImpl] DEBUG impl.WatchRequests (WatchRequests.java:updateIndex(150)) - s1@group-DFFE479CE522-WatchRequests: update MAJORITY index from 0 to 1
2024-01-25 07:58:24,152 [s1@group-DFFE479CE522-StateMachineUpdater] INFO  impl.SimpleStateMachine4Testing (SimpleStateMachine4Testing.java:put(205)) - s1: put 1, message -> (t:1, i:1), STATEMACHINELOGENTRY, 433@client-DBF97E935A44
2024-01-25 07:58:24,152 [s1@group-DFFE479CE522-LeaderStateImpl] DEBUG impl.WatchRequests (WatchRequests.java:updateIndex(150)) - s1@group-DFFE479CE522-WatchRequests: update ALL index from 0 to 1
2024-01-25 07:58:24,153 [s0-server-thread1] DEBUG server.RaftServer$Division (RaftServerImpl.java:logAppendEntries(1520)) - s0@group-DFFE479CE522: receive appendEntries(s1, 1, (t:1, i:1), 1, false, commits:[s1:c1, s0:c0, s2:c0], cId:7, entries: [(t:1, i:2), METADATAENTRY(c:1)]
2024-01-25 07:58:24,153 [s2-server-thread2] DEBUG server.RaftServer$Division (RaftServerImpl.java:logAppendEntries(1520)) - s2@group-DFFE479CE522: receive appendEntries(s1, 1, (t:1, i:1), 1, false, commits:[s1:c1, s0:c0, s2:c0], cId:8, entries: [(t:1, i:2), METADATAENTRY(c:1)]
2024-01-25 07:58:24,153 [grpc-default-executor-6] DEBUG client.RaftClient (RaftClientImpl.java:add(146)) - client-DBF97E935A44: add replied callId 433
2024-01-25 07:58:24,153 [s0-server-thread1] DEBUG server.RaftServer$Division (RaftServerImpl.java:logAppendEntries(1520)) - s0@group-DFFE479CE522: succeeded to handle AppendEntries. Reply: s1<-s0#7:OK-t1,SUCCESS,nextIndex=3,followerCommit=1,matchIndex=2
2024-01-25 07:58:24,153 [s0@group-DFFE479CE522-StateMachineUpdater] INFO  impl.SimpleStateMachine4Testing (SimpleStateMachine4Testing.java:applyTransaction(248)) - applyTransaction for log index 1
2024-01-25 07:58:24,153 [s0@group-DFFE479CE522-StateMachineUpdater] INFO  impl.SimpleStateMachine4Testing (SimpleStateMachine4Testing.java:put(205)) - s0: put 1, message -> (t:1, i:1), STATEMACHINELOGENTRY, 433@client-DBF97E935A44
2024-01-25 07:58:24,154 [Time-limited test] DEBUG client.RaftClient (RaftClientImpl.java:get(158)) - client-DBF97E935A44: get 434 returns [433]
2024-01-25 07:58:24,154 [grpc-default-executor-7] DEBUG impl.WatchRequests (WatchRequests.java:updateIndex(150)) - s1@group-DFFE479CE522-WatchRequests: update MAJORITY_COMMITTED index from 0 to 1
2024-01-25 07:58:24,154 [s2-server-thread2] DEBUG server.RaftServer$Division (RaftServerImpl.java:logAppendEntries(1520)) - s2@group-DFFE479CE522: succeeded to handle AppendEntries. Reply: s1<-s2#8:OK-t1,SUCCESS,nextIndex=3,followerCommit=1,matchIndex=2
2024-01-25 07:58:24,154 [s1@group-DFFE479CE522-LeaderStateImpl] DEBUG impl.WatchRequests (WatchRequests.java:updateIndex(150)) - s1@group-DFFE479CE522-WatchRequests: update MAJORITY index from 1 to 2
2024-01-25 07:58:24,154 [s2@group-DFFE479CE522-StateMachineUpdater] INFO  impl.SimpleStateMachine4Testing (SimpleStateMachine4Testing.java:applyTransaction(248)) - applyTransaction for log index 1
2024-01-25 07:58:24,154 [s2@group-DFFE479CE522-StateMachineUpdater] INFO  impl.SimpleStateMachine4Testing (SimpleStateMachine4Testing.java:put(205)) - s2: put 1, message -> (t:1, i:1), STATEMACHINELOGENTRY, 433@client-DBF97E935A44
2024-01-25 07:58:24,154 [grpc-default-executor-7] DEBUG impl.WatchRequests (WatchRequests.java:updateIndex(150)) - s1@group-DFFE479CE522-WatchRequests: update ALL_COMMITTED index from 0 to 1
2024-01-25 07:58:24,154 [Time-limited test] DEBUG client.RaftClient (RaftClientImpl.java:newRequest(95)) - attempt #1, newRequest RaftClientRequest:client-DBF97E935A44->s1@group-DFFE479CE522, cid=434, seq=null, Watch-MAJORITY_COMMITTED(1), null
2024-01-25 07:58:24,155 [Time-limited test] DEBUG impl.UnorderedAsync (UnorderedAsync.java:sendRequestWithRetry(80)) - client-DBF97E935A44: attempt #1 send~ RaftClientRequest:client-DBF97E935A44->s1@group-DFFE479CE522, cid=434, seq=null, Watch-MAJORITY_COMMITTED(1), null
2024-01-25 07:58:24,155 [s1@group-DFFE479CE522-LeaderStateImpl] DEBUG impl.WatchRequests (WatchRequests.java:updateIndex(150)) - s1@group-DFFE479CE522-WatchRequests: update ALL index from 1 to 2
2024-01-25 07:58:24,155 [Time-limited test] DEBUG client.RaftClient (RaftClientImpl.java:get(158)) - client-DBF97E935A44: get 435 returns []
2024-01-25 07:58:24,155 [Time-limited test] DEBUG client.RaftClient (RaftClientImpl.java:newRequest(95)) - attempt #1, newRequest RaftClientRequest:client-DBF97E935A44->s1@group-DFFE479CE522, cid=435, seq=null, Watch(1000), null
2024-01-25 07:58:24,155 [Time-limited test] DEBUG impl.UnorderedAsync (UnorderedAsync.java:sendRequestWithRetry(80)) - client-DBF97E935A44: attempt #1 send~ RaftClientRequest:client-DBF97E935A44->s1@group-DFFE479CE522, cid=435, seq=null, Watch(1000), null
2024-01-25 07:58:24,155 [Time-limited test] DEBUG client.RaftClient (RaftClientImpl.java:close(464)) - close client-DBF97E935A44
2024-01-25 07:58:24,156 [s1-client-thread1] DEBUG server.RaftServer$Division (RaftServerImpl.java:submitClientRequestAsync(880)) - s1@group-DFFE479CE522: receive client request(RaftClientRequest:client-DBF97E935A44->s1@group-DFFE479CE522, cid=434, seq=null, Watch-MAJORITY_COMMITTED(1), Message:<EMPTY>)
2024-01-25 07:58:24,156 [s1-client-thread1] DEBUG server.RaftServer$Division (LeaderStateImpl.java:addWatchRequest(552)) - s1@group-DFFE479CE522-LeaderStateImpl: addWatchRequest RaftClientRequest:client-DBF97E935A44->s1@group-DFFE479CE522, cid=434, seq=null, Watch-MAJORITY_COMMITTED(1), Message:<EMPTY>
2024-01-25 07:58:24,156 [ForkJoinPool.commonPool-worker-2] DEBUG impl.UnorderedAsync (UnorderedAsync.java:lambda$sendRequestWithRetry$4(83)) - client-DBF97E935A44: attempt #1 receive~ null
2024-01-25 07:58:24,156 [s1-client-thread1] DEBUG server.RaftServer$Division (RaftServerImpl.java:submitClientRequestAsync(880)) - s1@group-DFFE479CE522: receive client request(RaftClientRequest:client-DBF97E935A44->s1@group-DFFE479CE522, cid=435, seq=null, Watch(1000), Message:<EMPTY>)
2024-01-25 07:58:24,156 [ForkJoinPool.commonPool-worker-2] DEBUG impl.UnorderedAsync (UnorderedAsync.java:lambda$sendRequestWithRetry$4(83)) - client-DBF97E935A44: attempt #1 receive~ null
2024-01-25 07:58:24,156 [s1-client-thread1] DEBUG server.RaftServer$Division (LeaderStateImpl.java:addWatchRequest(552)) - s1@group-DFFE479CE522-LeaderStateImpl: addWatchRequest RaftClientRequest:client-DBF97E935A44->s1@group-DFFE479CE522, cid=435, seq=null, Watch(1000), Message:<EMPTY>
2024-01-25 07:58:24,230 [grpc-default-executor-1] DEBUG impl.WatchRequests (WatchRequests.java:updateIndex(150)) - s1@group-DFFE479CE522-WatchRequests: update MAJORITY_COMMITTED index from 1 to 2
2024-01-25 07:58:24,231 [grpc-default-executor-1] DEBUG impl.WatchRequests (WatchRequests.java:updateIndex(150)) - s1@group-DFFE479CE522-WatchRequests: update ALL_COMMITTED index from 1 to 2
2024-01-25 07:58:27,156 [Thread-392] WARN  grpc.GrpcUtil (GrpcUtil.java:shutdownManagedChannel(237)) - Timed out gracefully shutting down connection: ManagedChannelOrphanWrapper{delegate=ManagedChannelImpl{logId=528, target=localhost:15054}}. 
2024-01-25 07:58:27,158 [Time-limited test] ERROR grpc.TestWatchRequestWithGrpc (WatchRequestTests.java:runTestWatchRequestClientTimeout(464)) - error occurred
java.util.concurrent.ExecutionException: org.apache.ratis.protocol.exceptions.AlreadyClosedException: org.apache.ratis.client.impl.RaftClientImpl@6eae1dbd is closed
	at java.util.concurrent.CompletableFuture.reportGet(CompletableFuture.java:357)
	at java.util.concurrent.CompletableFuture.get(CompletableFuture.java:1908)
	at org.apache.ratis.WatchRequestTests.runTestWatchRequestClientTimeout(WatchRequestTests.java:461)
	at org.apache.ratis.WatchRequestTests.runSingleTest(WatchRequestTests.java:166)
	at org.apache.ratis.WatchRequestTests.lambda$testWatchRequestClientTimeout$9(WatchRequestTests.java:442)
	at org.apache.ratis.server.impl.MiniRaftCluster$Factory$Get.runWithNewCluster(MiniRaftCluster.java:140)
	at org.apache.ratis.server.impl.MiniRaftCluster$Factory$Get.runWithNewCluster(MiniRaftCluster.java:120)
	at org.apache.ratis.WatchRequestTests.testWatchRequestClientTimeout(WatchRequestTests.java:441)
	at sun.reflect.NativeMethodAccessorImpl.invoke0(Native Method)
	at sun.reflect.NativeMethodAccessorImpl.invoke(NativeMethodAccessorImpl.java:62)
	at sun.reflect.DelegatingMethodAccessorImpl.invoke(DelegatingMethodAccessorImpl.java:43)
	at java.lang.reflect.Method.invoke(Method.java:498)
	at org.junit.runners.model.FrameworkMethod$1.runReflectiveCall(FrameworkMethod.java:59)
	at org.junit.internal.runners.model.ReflectiveCallable.run(ReflectiveCallable.java:12)
	at org.junit.runners.model.FrameworkMethod.invokeExplosively(FrameworkMethod.java:56)
	at org.junit.internal.runners.statements.InvokeMethod.evaluate(InvokeMethod.java:17)
	at org.junit.internal.runners.statements.RunBefores.evaluate(RunBefores.java:26)
	at org.junit.internal.runners.statements.RunAfters.evaluate(RunAfters.java:27)
	at org.junit.internal.runners.statements.FailOnTimeout$CallableStatement.call(FailOnTimeout.java:299)
	at org.junit.internal.runners.statements.FailOnTimeout$CallableStatement.call(FailOnTimeout.java:293)
	at java.util.concurrent.FutureTask.run(FutureTask.java:266)
	at java.lang.Thread.run(Thread.java:750)
Caused by: org.apache.ratis.protocol.exceptions.AlreadyClosedException: org.apache.ratis.client.impl.RaftClientImpl@6eae1dbd is closed
	at org.apache.ratis.client.impl.UnorderedAsync.lambda$sendRequestWithRetry$4(UnorderedAsync.java:94)
	at java.util.concurrent.CompletableFuture.uniWhenComplete(CompletableFuture.java:774)
	at java.util.concurrent.CompletableFuture$UniWhenComplete.tryFire(CompletableFuture.java:750)
	at java.util.concurrent.CompletableFuture$Completion.exec(CompletableFuture.java:457)
	at java.util.concurrent.ForkJoinTask.doExec(ForkJoinTask.java:289)
	at java.util.concurrent.ForkJoinPool$WorkQueue.runTask(ForkJoinPool.java:1056)
	at java.util.concurrent.ForkJoinPool.runWorker(ForkJoinPool.java:1692)
	at java.util.concurrent.ForkJoinWorkerThread.run(ForkJoinWorkerThread.java:175)
2024-01-25 07:58:27,158 [Time-limited test] DEBUG client.RaftClient (RaftClientImpl.java:close(464)) - close client-E6F56DBF92E4
2024-01-25 07:58:27,158 [Time-limited test] INFO  impl.MiniRaftCluster (MiniRaftCluster.java:shutdown(832)) - ************************************************************** 
2024-01-25 07:58:27,158 [Time-limited test] INFO  impl.MiniRaftCluster (MiniRaftCluster.java:shutdown(833)) - *** 
2024-01-25 07:58:27,158 [Time-limited test] INFO  impl.MiniRaftCluster (MiniRaftCluster.java:shutdown(834)) - ***     Stopping MiniRaftClusterWithGrpc
2024-01-25 07:58:27,158 [Time-limited test] INFO  impl.MiniRaftCluster (MiniRaftCluster.java:shutdown(835)) - *** 
2024-01-25 07:58:27,158 [Time-limited test] INFO  impl.MiniRaftCluster (MiniRaftCluster.java:shutdown(836)) - ************************************************************** 
2024-01-25 07:58:27,158 [Time-limited test] INFO  impl.MiniRaftCluster (MiniRaftCluster.java:shutdown(837)) - printing ALL groups
  s0:  RUNNING  FOLLOWER s0@group-DFFE479CE522:t1, leader=s1, voted=s1, raftlog=Memoized:s0@group-DFFE479CE522-SegmentedRaftLog:OPENED:c2, conf=0: peers:[s0|localhost:15048, s1|localhost:15052, s2|localhost:15056]|listeners:[], old=null RUNNING
  s1:  RUNNING    LEADER s1@group-DFFE479CE522:t1, leader=s1, voted=s1, raftlog=Memoized:s1@group-DFFE479CE522-SegmentedRaftLog:OPENED:c2, conf=0: peers:[s0|localhost:15048, s1|localhost:15052, s2|localhost:15056]|listeners:[], old=null RUNNING
  s2:  RUNNING  FOLLOWER s2@group-DFFE479CE522:t1, leader=s1, voted=s1, raftlog=Memoized:s2@group-DFFE479CE522-SegmentedRaftLog:OPENED:c2, conf=0: peers:[s0|localhost:15048, s1|localhost:15052, s2|localhost:15056]|listeners:[], old=null RUNNING
2024-01-25 07:58:27,159 [MiniRaftCluster-13] INFO  server.RaftServer (RaftServerProxy.java:lambda$close$9(417)) - s0: close
2024-01-25 07:58:27,159 [MiniRaftCluster-14] INFO  server.RaftServer (RaftServerProxy.java:lambda$close$9(417)) - s1: close
2024-01-25 07:58:27,159 [s0-impl-thread1] INFO  server.RaftServer$Division (RaftServerImpl.java:lambda$close$1(457)) - s0@group-DFFE479CE522: shutdown
2024-01-25 07:58:27,159 [MiniRaftCluster-14] INFO  server.GrpcService (GrpcService.java:closeImpl(317)) - s1: shutdown server org.apache.ratis.grpc.server.GrpcClientProtocolService now
2024-01-25 07:58:27,159 [s0-impl-thread1] INFO  util.JmxRegister (JmxRegister.java:unregister(74)) - Successfully un-registered JMX Bean with object name Ratis:service=RaftServer,group=group-DFFE479CE522,id=s0
2024-01-25 07:58:27,159 [s0-impl-thread1] INFO  impl.RoleInfo (RoleInfo.java:shutdownFollowerState(111)) - s0: shutdown s0@group-DFFE479CE522-FollowerState
2024-01-25 07:58:27,159 [MiniRaftCluster-15] INFO  server.RaftServer (RaftServerProxy.java:lambda$close$9(417)) - s2: close
2024-01-25 07:58:27,159 [s1-impl-thread1] INFO  server.RaftServer$Division (RaftServerImpl.java:lambda$close$1(457)) - s1@group-DFFE479CE522: shutdown
2024-01-25 07:58:27,160 [s1-impl-thread1] INFO  util.JmxRegister (JmxRegister.java:unregister(74)) - Successfully un-registered JMX Bean with object name Ratis:service=RaftServer,group=group-DFFE479CE522,id=s1
2024-01-25 07:58:27,160 [Thread-400] INFO  server.GrpcServerProtocolClient (GrpcServerProtocolClient.java:close(103)) - s0 Close channels
2024-01-25 07:58:27,159 [MiniRaftCluster-13] INFO  server.GrpcService (GrpcService.java:closeImpl(317)) - s0: shutdown server org.apache.ratis.grpc.server.GrpcClientProtocolService now
2024-01-25 07:58:27,160 [Thread-402] INFO  server.GrpcServerProtocolClient (GrpcServerProtocolClient.java:close(103)) - s2 Close channels
2024-01-25 07:58:27,160 [s2-impl-thread1] INFO  server.RaftServer$Division (RaftServerImpl.java:lambda$close$1(457)) - s2@group-DFFE479CE522: shutdown
2024-01-25 07:58:27,160 [s2-impl-thread1] INFO  util.JmxRegister (JmxRegister.java:unregister(74)) - Successfully un-registered JMX Bean with object name Ratis:service=RaftServer,group=group-DFFE479CE522,id=s2
2024-01-25 07:58:27,160 [s2-impl-thread1] INFO  impl.RoleInfo (RoleInfo.java:shutdownFollowerState(111)) - s2: shutdown s2@group-DFFE479CE522-FollowerState
2024-01-25 07:58:27,160 [MiniRaftCluster-15] INFO  server.GrpcService (GrpcService.java:closeImpl(317)) - s2: shutdown server org.apache.ratis.grpc.server.GrpcClientProtocolService now
2024-01-25 07:58:27,160 [s1-impl-thread1] INFO  impl.RoleInfo (RoleInfo.java:shutdownLeaderState(95)) - s1: shutdown s1@group-DFFE479CE522-LeaderStateImpl
2024-01-25 07:58:27,160 [s0@group-DFFE479CE522-FollowerState] INFO  impl.FollowerState (FollowerState.java:run(152)) - s0@group-DFFE479CE522-FollowerState was interrupted
2024-01-25 07:58:27,160 [s0-impl-thread1] INFO  impl.StateMachineUpdater (StateMachineUpdater.java:stopAndJoin(157)) - s0@group-DFFE479CE522-StateMachineUpdater: set stopIndex = 2
2024-01-25 07:58:27,161 [s0-impl-thread1] INFO  server.RaftServer$Division (ServerState.java:close(427)) - s0@group-DFFE479CE522: applyIndex: 2
2024-01-25 07:58:27,162 [s1@group-DFFE479CE522->s0-GrpcLogAppender-LogAppenderDaemon] WARN  server.GrpcLogAppender (GrpcLogAppender.java:mayWait(289)) - s1@group-DFFE479CE522->s0-GrpcLogAppender: Wait interrupted by java.lang.InterruptedException
2024-01-25 07:58:27,162 [s2-impl-thread1] INFO  impl.StateMachineUpdater (StateMachineUpdater.java:stopAndJoin(157)) - s2@group-DFFE479CE522-StateMachineUpdater: set stopIndex = 2
2024-01-25 07:58:27,162 [s2@group-DFFE479CE522-FollowerState] INFO  impl.FollowerState (FollowerState.java:run(152)) - s2@group-DFFE479CE522-FollowerState was interrupted
2024-01-25 07:58:27,162 [s0@group-DFFE479CE522-cacheEviction-AwaitToRun] INFO  util.AwaitToRun (AwaitToRun.java:run(49)) - s0@group-DFFE479CE522-cacheEviction-AwaitToRun-AwaitForSignal is interrupted
2024-01-25 07:58:27,162 [s1-impl-thread1] INFO  impl.PendingRequests (PendingRequests.java:sendNotLeaderResponses(287)) - s1@group-DFFE479CE522-PendingRequests: sendNotLeaderResponses
2024-01-25 07:58:27,165 [s1@group-DFFE479CE522->s2-GrpcLogAppender-LogAppenderDaemon] WARN  server.GrpcLogAppender (GrpcLogAppender.java:mayWait(289)) - s1@group-DFFE479CE522->s2-GrpcLogAppender: Wait interrupted by java.lang.InterruptedException
2024-01-25 07:58:27,165 [grpc-default-executor-1] INFO  server.GrpcServerProtocolService (GrpcServerProtocolService.java:onCompleted(186)) - s0: Completed APPEND_ENTRIES, lastRequest: null
2024-01-25 07:58:27,165 [null-request--thread1] INFO  server.GrpcClientProtocolService (GrpcClientProtocolService.java:lambda$processClientRequest$0(323)) - Failed RaftClientRequest:client-DBF97E935A44->s1@group-DFFE479CE522, cid=435, seq=null, Watch(1000), Message:<EMPTY>, reply=RaftClientReply:client-DBF97E935A44->s1@group-DFFE479CE522, cid=435, FAILED org.apache.ratis.protocol.exceptions.NotLeaderException: Server s1@group-DFFE479CE522 is not the leader, logIndex=0, commits[s1:c2]
2024-01-25 07:58:27,165 [grpc-default-executor-6] INFO  server.GrpcServerProtocolService (GrpcServerProtocolService.java:onCompleted(186)) - s2: Completed APPEND_ENTRIES, lastRequest: s1->s2#8-t1,previous=(t:1, i:1),leaderCommit=1,initializing? false,entries: size=1, first=(t:1, i:2), METADATAENTRY(c:1)
2024-01-25 07:58:27,166 [grpc-default-executor-6] INFO  server.GrpcServerProtocolService (GrpcServerProtocolService.java:lambda$onCompleted$7(188)) - s2: Completed APPEND_ENTRIES, lastReply: null
2024-01-25 07:58:27,166 [grpc-default-executor-1] INFO  server.GrpcServerProtocolService (GrpcServerProtocolService.java:lambda$onCompleted$7(188)) - s0: Completed APPEND_ENTRIES, lastReply: serverReply {
  requestorId: "s1"
  replyId: "s0"
  raftGroupId {
    id: "s.NQ\342\035D,\276\214\337\376G\234\345\""
  }
  callId: 48
  success: true
}
term: 1
nextIndex: 3
followerCommit: 2
matchIndex: 18446744073709551615
isHearbeat: true

2024-01-25 07:58:27,165 [grpc-default-executor-0] INFO  server.GrpcServerProtocolService (GrpcServerProtocolService.java:onCompleted(186)) - s2: Completed APPEND_ENTRIES, lastRequest: null
2024-01-25 07:58:27,166 [grpc-default-executor-0] INFO  server.GrpcServerProtocolService (GrpcServerProtocolService.java:lambda$onCompleted$7(188)) - s2: Completed APPEND_ENTRIES, lastReply: serverReply {
  requestorId: "s1"
  replyId: "s2"
  raftGroupId {
    id: "s.NQ\342\035D,\276\214\337\376G\234\345\""
  }
  callId: 50
  success: true
}
term: 1
nextIndex: 3
followerCommit: 2
matchIndex: 18446744073709551615
isHearbeat: true

2024-01-25 07:58:27,166 [grpc-default-executor-0] INFO  server.GrpcLogAppender (GrpcLogAppender.java:onCompleted(546)) - s1@group-DFFE479CE522->s2-AppendLogResponseHandler: follower responses appendEntries COMPLETED
2024-01-25 07:58:27,167 [grpc-default-executor-0] WARN  server.GrpcLogAppender (GrpcLogAppender.java:resetClient(226)) - s1@group-DFFE479CE522->s2-GrpcLogAppender: Failed to getClient for s2
org.apache.ratis.protocol.exceptions.AlreadyClosedException: s1 is already CLOSED
	at org.apache.ratis.util.PeerProxyMap$PeerAndProxy.getProxy(PeerProxyMap.java:66)
	at org.apache.ratis.util.PeerProxyMap.getProxy(PeerProxyMap.java:123)
	at org.apache.ratis.grpc.server.GrpcLogAppender.getClient(GrpcLogAppender.java:196)
	at org.apache.ratis.grpc.server.GrpcLogAppender.resetClient(GrpcLogAppender.java:201)
	at org.apache.ratis.grpc.server.GrpcLogAppender.access$800(GrpcLogAppender.java:62)
	at org.apache.ratis.grpc.server.GrpcLogAppender$AppendLogResponseHandler.onCompleted(GrpcLogAppender.java:547)
	at org.apache.ratis.thirdparty.io.grpc.stub.ClientCalls$StreamObserverToCallListenerAdapter.onClose(ClientCalls.java:479)
	at org.apache.ratis.thirdparty.io.grpc.internal.ClientCallImpl.closeObserver(ClientCallImpl.java:567)
	at org.apache.ratis.thirdparty.io.grpc.internal.ClientCallImpl.access$300(ClientCallImpl.java:71)
	at org.apache.ratis.thirdparty.io.grpc.internal.ClientCallImpl$ClientStreamListenerImpl$1StreamClosed.runInternal(ClientCallImpl.java:735)
	at org.apache.ratis.thirdparty.io.grpc.internal.ClientCallImpl$ClientStreamListenerImpl$1StreamClosed.runInContext(ClientCallImpl.java:716)
	at org.apache.ratis.thirdparty.io.grpc.internal.ContextRunnable.run(ContextRunnable.java:37)
	at org.apache.ratis.thirdparty.io.grpc.internal.SerializingExecutor.run(SerializingExecutor.java:133)
	at java.util.concurrent.ThreadPoolExecutor.runWorker(ThreadPoolExecutor.java:1149)
	at java.util.concurrent.ThreadPoolExecutor$Worker.run(ThreadPoolExecutor.java:624)
	at java.lang.Thread.run(Thread.java:750)
2024-01-25 07:58:27,165 [s1-impl-thread1] INFO  impl.StateMachineUpdater (StateMachineUpdater.java:stopAndJoin(157)) - s1@group-DFFE479CE522-StateMachineUpdater: set stopIndex = 2
2024-01-25 07:58:27,167 [s1-impl-thread1] INFO  server.RaftServer$Division (ServerState.java:close(427)) - s1@group-DFFE479CE522: applyIndex: 2
2024-01-25 07:58:27,167 [s1@group-DFFE479CE522-cacheEviction-AwaitToRun] INFO  util.AwaitToRun (AwaitToRun.java:run(49)) - s1@group-DFFE479CE522-cacheEviction-AwaitToRun-AwaitForSignal is interrupted
2024-01-25 07:58:27,167 [s2-impl-thread1] INFO  server.RaftServer$Division (ServerState.java:close(427)) - s2@group-DFFE479CE522: applyIndex: 2
2024-01-25 07:58:27,167 [MiniRaftCluster-13] INFO  server.GrpcService (GrpcService.java:closeImpl(326)) - s0: shutdown server org.apache.ratis.grpc.server.GrpcClientProtocolService successfully
2024-01-25 07:58:27,167 [MiniRaftCluster-13] INFO  server.GrpcService (GrpcService.java:closeImpl(317)) - s0: shutdown server GrpcServerProtocolService now
2024-01-25 07:58:27,167 [s2@group-DFFE479CE522-cacheEviction-AwaitToRun] INFO  util.AwaitToRun (AwaitToRun.java:run(49)) - s2@group-DFFE479CE522-cacheEviction-AwaitToRun-AwaitForSignal is interrupted
2024-01-25 07:58:27,167 [grpc-default-executor-7] INFO  server.GrpcServerProtocolService (GrpcServerProtocolService.java:onCompleted(186)) - s0: Completed APPEND_ENTRIES, lastRequest: s1->s0#7-t1,previous=(t:1, i:1),leaderCommit=1,initializing? false,entries: size=1, first=(t:1, i:2), METADATAENTRY(c:1)
2024-01-25 07:58:27,168 [grpc-default-executor-7] INFO  server.GrpcServerProtocolService (GrpcServerProtocolService.java:lambda$onCompleted$7(188)) - s0: Completed APPEND_ENTRIES, lastReply: null
2024-01-25 07:58:27,167 [MiniRaftCluster-15] INFO  server.GrpcService (GrpcService.java:closeImpl(326)) - s2: shutdown server org.apache.ratis.grpc.server.GrpcClientProtocolService successfully
2024-01-25 07:58:27,167 [grpc-default-executor-3] INFO  server.GrpcLogAppender (GrpcLogAppender.java:onCompleted(546)) - s1@group-DFFE479CE522->s2-AppendLogResponseHandler: follower responses appendEntries COMPLETED
2024-01-25 07:58:27,168 [grpc-default-executor-3] WARN  server.GrpcLogAppender (GrpcLogAppender.java:resetClient(226)) - s1@group-DFFE479CE522->s2-GrpcLogAppender: Failed to getClient for s2
org.apache.ratis.protocol.exceptions.AlreadyClosedException: s1 is already CLOSED
	at org.apache.ratis.util.PeerProxyMap$PeerAndProxy.getProxy(PeerProxyMap.java:66)
	at org.apache.ratis.util.PeerProxyMap.getProxy(PeerProxyMap.java:123)
	at org.apache.ratis.grpc.server.GrpcLogAppender.getClient(GrpcLogAppender.java:196)
	at org.apache.ratis.grpc.server.GrpcLogAppender.resetClient(GrpcLogAppender.java:201)
	at org.apache.ratis.grpc.server.GrpcLogAppender.access$800(GrpcLogAppender.java:62)
	at org.apache.ratis.grpc.server.GrpcLogAppender$AppendLogResponseHandler.onCompleted(GrpcLogAppender.java:547)
	at org.apache.ratis.thirdparty.io.grpc.stub.ClientCalls$StreamObserverToCallListenerAdapter.onClose(ClientCalls.java:479)
	at org.apache.ratis.thirdparty.io.grpc.internal.DelayedClientCall$DelayedListener$3.run(DelayedClientCall.java:489)
	at org.apache.ratis.thirdparty.io.grpc.internal.DelayedClientCall$DelayedListener.delayOrExecute(DelayedClientCall.java:453)
	at org.apache.ratis.thirdparty.io.grpc.internal.DelayedClientCall$DelayedListener.onClose(DelayedClientCall.java:486)
	at org.apache.ratis.thirdparty.io.grpc.internal.ClientCallImpl.closeObserver(ClientCallImpl.java:567)
	at org.apache.ratis.thirdparty.io.grpc.internal.ClientCallImpl.access$300(ClientCallImpl.java:71)
	at org.apache.ratis.thirdparty.io.grpc.internal.ClientCallImpl$ClientStreamListenerImpl$1StreamClosed.runInternal(ClientCallImpl.java:735)
	at org.apache.ratis.thirdparty.io.grpc.internal.ClientCallImpl$ClientStreamListenerImpl$1StreamClosed.runInContext(ClientCallImpl.java:716)
	at org.apache.ratis.thirdparty.io.grpc.internal.ContextRunnable.run(ContextRunnable.java:37)
	at org.apache.ratis.thirdparty.io.grpc.internal.SerializingExecutor.run(SerializingExecutor.java:133)
	at java.util.concurrent.ThreadPoolExecutor.runWorker(ThreadPoolExecutor.java:1149)
	at java.util.concurrent.ThreadPoolExecutor$Worker.run(ThreadPoolExecutor.java:624)
	at java.lang.Thread.run(Thread.java:750)
2024-01-25 07:58:27,168 [MiniRaftCluster-14] INFO  server.GrpcService (GrpcService.java:closeImpl(326)) - s1: shutdown server org.apache.ratis.grpc.server.GrpcClientProtocolService successfully
2024-01-25 07:58:27,168 [grpc-default-executor-7] INFO  server.GrpcLogAppender (GrpcLogAppender.java:onError(533)) - s1@group-DFFE479CE522->s0-GrpcLogAppender is already stopped
2024-01-25 07:58:27,168 [MiniRaftCluster-15] INFO  server.GrpcService (GrpcService.java:closeImpl(317)) - s2: shutdown server GrpcServerProtocolService now
2024-01-25 07:58:27,167 [grpc-default-executor-6] INFO  server.GrpcLogAppender (GrpcLogAppender.java:onCompleted(546)) - s1@group-DFFE479CE522->s0-AppendLogResponseHandler: follower responses appendEntries COMPLETED
2024-01-25 07:58:27,168 [MiniRaftCluster-14] INFO  server.GrpcService (GrpcService.java:closeImpl(317)) - s1: shutdown server GrpcServerProtocolService now
2024-01-25 07:58:27,168 [MiniRaftCluster-13] INFO  server.GrpcService (GrpcService.java:closeImpl(326)) - s0: shutdown server GrpcServerProtocolService successfully
2024-01-25 07:58:27,168 [MiniRaftCluster-13] INFO  server.GrpcService (GrpcService.java:closeImpl(317)) - s0: shutdown server org.apache.ratis.grpc.server.GrpcAdminProtocolService now
2024-01-25 07:58:27,168 [MiniRaftCluster-14] INFO  server.GrpcService (GrpcService.java:closeImpl(326)) - s1: shutdown server GrpcServerProtocolService successfully
2024-01-25 07:58:27,168 [MiniRaftCluster-14] INFO  server.GrpcService (GrpcService.java:closeImpl(317)) - s1: shutdown server org.apache.ratis.grpc.server.GrpcAdminProtocolService now
2024-01-25 07:58:27,168 [MiniRaftCluster-15] INFO  server.GrpcService (GrpcService.java:closeImpl(326)) - s2: shutdown server GrpcServerProtocolService successfully
2024-01-25 07:58:27,168 [grpc-default-executor-6] WARN  server.GrpcLogAppender (GrpcLogAppender.java:resetClient(226)) - s1@group-DFFE479CE522->s0-GrpcLogAppender: Failed to getClient for s0
org.apache.ratis.protocol.exceptions.AlreadyClosedException: s1 is already CLOSED
	at org.apache.ratis.util.PeerProxyMap$PeerAndProxy.getProxy(PeerProxyMap.java:66)
	at org.apache.ratis.util.PeerProxyMap.getProxy(PeerProxyMap.java:123)
	at org.apache.ratis.grpc.server.GrpcLogAppender.getClient(GrpcLogAppender.java:196)
	at org.apache.ratis.grpc.server.GrpcLogAppender.resetClient(GrpcLogAppender.java:201)
	at org.apache.ratis.grpc.server.GrpcLogAppender.access$800(GrpcLogAppender.java:62)
	at org.apache.ratis.grpc.server.GrpcLogAppender$AppendLogResponseHandler.onCompleted(GrpcLogAppender.java:547)
	at org.apache.ratis.thirdparty.io.grpc.stub.ClientCalls$StreamObserverToCallListenerAdapter.onClose(ClientCalls.java:479)
	at org.apache.ratis.thirdparty.io.grpc.internal.DelayedClientCall$DelayedListener$3.run(DelayedClientCall.java:489)
	at org.apache.ratis.thirdparty.io.grpc.internal.DelayedClientCall$DelayedListener.delayOrExecute(DelayedClientCall.java:453)
	at org.apache.ratis.thirdparty.io.grpc.internal.DelayedClientCall$DelayedListener.onClose(DelayedClientCall.java:486)
	at org.apache.ratis.thirdparty.io.grpc.internal.ClientCallImpl.closeObserver(ClientCallImpl.java:567)
	at org.apache.ratis.thirdparty.io.grpc.internal.ClientCallImpl.access$300(ClientCallImpl.java:71)
	at org.apache.ratis.thirdparty.io.grpc.internal.ClientCallImpl$ClientStreamListenerImpl$1StreamClosed.runInternal(ClientCallImpl.java:735)
	at org.apache.ratis.thirdparty.io.grpc.internal.ClientCallImpl$ClientStreamListenerImpl$1StreamClosed.runInContext(ClientCallImpl.java:716)
	at org.apache.ratis.thirdparty.io.grpc.internal.ContextRunnable.run(ContextRunnable.java:37)
	at org.apache.ratis.thirdparty.io.grpc.internal.SerializingExecutor.run(SerializingExecutor.java:133)
	at java.util.concurrent.ThreadPoolExecutor.runWorker(ThreadPoolExecutor.java:1149)
	at java.util.concurrent.ThreadPoolExecutor$Worker.run(ThreadPoolExecutor.java:624)
	at java.lang.Thread.run(Thread.java:750)
2024-01-25 07:58:27,169 [MiniRaftCluster-14] INFO  server.GrpcService (GrpcService.java:closeImpl(326)) - s1: shutdown server org.apache.ratis.grpc.server.GrpcAdminProtocolService successfully
2024-01-25 07:58:27,168 [MiniRaftCluster-15] INFO  server.GrpcService (GrpcService.java:closeImpl(317)) - s2: shutdown server org.apache.ratis.grpc.server.GrpcAdminProtocolService now
2024-01-25 07:58:27,168 [MiniRaftCluster-13] INFO  server.GrpcService (GrpcService.java:closeImpl(326)) - s0: shutdown server org.apache.ratis.grpc.server.GrpcAdminProtocolService successfully
2024-01-25 07:58:27,169 [MiniRaftCluster-15] INFO  server.GrpcService (GrpcService.java:closeImpl(326)) - s2: shutdown server org.apache.ratis.grpc.server.GrpcAdminProtocolService successfully
2024-01-25 07:58:27,234 [s2@group-796A68A19D2E-SegmentedRaftLogWorker] WARN  segmented.SegmentedRaftLogWorker (SegmentedRaftLogWorker.java:getFromFuture(91)) - Timeout 3/~
org.apache.ratis.protocol.exceptions.TimeoutIOException: Timeout 10s: s2@group-796A68A19D2E-SegmentedRaftLogWorker-flushStateMachineData
	at org.apache.ratis.util.IOUtils.getFromFuture(IOUtils.java:89)
	at org.apache.ratis.server.raftlog.segmented.SegmentedRaftLogWorker$StateMachineDataPolicy.getFromFuture(SegmentedRaftLogWorker.java:88)
	at org.apache.ratis.server.raftlog.segmented.SegmentedRaftLogWorker.flushIfNecessary(SegmentedRaftLogWorker.java:367)
	at org.apache.ratis.server.raftlog.segmented.SegmentedRaftLogWorker.access$1200(SegmentedRaftLogWorker.java:60)
	at org.apache.ratis.server.raftlog.segmented.SegmentedRaftLogWorker$WriteLog.execute(SegmentedRaftLogWorker.java:549)
	at org.apache.ratis.server.raftlog.segmented.SegmentedRaftLogWorker.run(SegmentedRaftLogWorker.java:307)
	at java.util.concurrent.Executors$RunnableAdapter.call(Executors.java:511)
	at java.util.concurrent.FutureTask.run(FutureTask.java:266)
	at java.util.concurrent.ThreadPoolExecutor.runWorker(ThreadPoolExecutor.java:1149)
	at java.util.concurrent.ThreadPoolExecutor$Worker.run(ThreadPoolExecutor.java:624)
	at java.lang.Thread.run(Thread.java:750)
Caused by: java.util.concurrent.TimeoutException
	at java.util.concurrent.CompletableFuture.timedGet(CompletableFuture.java:1784)
	at java.util.concurrent.CompletableFuture.get(CompletableFuture.java:1928)
	at org.apache.ratis.util.IOUtils.getFromFuture(IOUtils.java:80)
	... 10 more
2024-01-25 07:58:28,154 [s1-impl-thread1] INFO  segmented.SegmentedRaftLogWorker (SegmentedRaftLogWorker.java:close(245)) - s1@group-DFFE479CE522-SegmentedRaftLogWorker close()
2024-01-25 07:58:28,154 [s0-impl-thread1] INFO  segmented.SegmentedRaftLogWorker (SegmentedRaftLogWorker.java:close(245)) - s0@group-DFFE479CE522-SegmentedRaftLogWorker close()
2024-01-25 07:58:28,155 [s2-impl-thread1] INFO  segmented.SegmentedRaftLogWorker (SegmentedRaftLogWorker.java:close(245)) - s2@group-DFFE479CE522-SegmentedRaftLogWorker close()
2024-01-25 07:58:28,157 [JvmPauseMonitor13] INFO  util.JvmPauseMonitor (JvmPauseMonitor.java:run(152)) - JvmPauseMonitor-s1: Stopped
2024-01-25 07:58:28,160 [JvmPauseMonitor12] INFO  util.JvmPauseMonitor (JvmPauseMonitor.java:run(152)) - JvmPauseMonitor-s0: Stopped
2024-01-25 07:58:28,161 [JvmPauseMonitor14] INFO  util.JvmPauseMonitor (JvmPauseMonitor.java:run(152)) - JvmPauseMonitor-s2: Stopped
2024-01-25 07:58:28,161 [Time-limited test] INFO  impl.MiniRaftCluster (MiniRaftCluster.java:shutdown(856)) - MiniRaftClusterWithGrpc shutdown completed
]]></system-out>
  </testcase>
</testsuite>