<?xml version="1.0" encoding="UTF-8"?>
<testsuite xmlns:xsi="http://www.w3.org/2001/XMLSchema-instance" xsi:noNamespaceSchemaLocation="https://maven.apache.org/surefire/maven-surefire-plugin/xsd/surefire-test-report-3.0.xsd" version="3.0" name="org.apache.ratis.datastream.TestNettyDataStreamStarTopologyWithGrpcCluster" time="179.068" tests="4" errors="0" skipped="0" failures="1">
  <properties>
    <property name="awt.toolkit" value="sun.awt.X11.XToolkit"/>
    <property name="java.specification.version" value="11"/>
    <property name="sun.cpu.isalist" value=""/>
    <property name="sun.jnu.encoding" value="UTF-8"/>
    <property name="java.class.path" value="/home/runner/work/ratis/ratis/ratis-test/target/test-classes:/home/runner/work/ratis/ratis/ratis-test/target/classes:/home/runner/work/ratis/ratis/ratis-common/target/classes:/home/runner/.m2/repository/org/apache/ratis/ratis-thirdparty-misc/1.0.4/ratis-thirdparty-misc-1.0.4.jar:/home/runner/work/ratis/ratis/ratis-proto/target/ratis-proto-3.0.0-SNAPSHOT.jar:/home/runner/work/ratis/ratis/ratis-common/target/test-classes:/home/runner/work/ratis/ratis/ratis-client/target/classes:/home/runner/work/ratis/ratis/ratis-server/target/classes:/home/runner/work/ratis/ratis/ratis-server-api/target/classes:/home/runner/work/ratis/ratis/ratis-metrics-api/target/classes:/home/runner/work/ratis/ratis/ratis-server/target/test-classes:/home/runner/work/ratis/ratis/ratis-metrics-default/target/classes:/home/runner/work/ratis/ratis/ratis-netty/target/classes:/home/runner/work/ratis/ratis/ratis-netty/target/test-classes:/home/runner/work/ratis/ratis/ratis-grpc/target/classes:/home/runner/work/ratis/ratis/ratis-grpc/target/test-classes:/home/runner/work/ratis/ratis/ratis-shell/target/classes:/home/runner/.m2/repository/commons-cli/commons-cli/1.5.0/commons-cli-1.5.0.jar:/home/runner/.m2/repository/org/reflections/reflections/0.10.2/reflections-0.10.2.jar:/home/runner/.m2/repository/org/javassist/javassist/3.28.0-GA/javassist-3.28.0-GA.jar:/home/runner/.m2/repository/com/google/code/findbugs/jsr305/3.0.2/jsr305-3.0.2.jar:/home/runner/.m2/repository/org/bouncycastle/bcprov-jdk15on/1.70/bcprov-jdk15on-1.70.jar:/home/runner/.m2/repository/org/bouncycastle/bcpkix-jdk15on/1.70/bcpkix-jdk15on-1.70.jar:/home/runner/.m2/repository/org/bouncycastle/bcutil-jdk15on/1.70/bcutil-jdk15on-1.70.jar:/home/runner/.m2/repository/org/slf4j/slf4j-api/2.0.7/slf4j-api-2.0.7.jar:/home/runner/.m2/repository/org/slf4j/slf4j-reload4j/2.0.7/slf4j-reload4j-2.0.7.jar:/home/runner/.m2/repository/ch/qos/reload4j/reload4j/1.2.22/reload4j-1.2.22.jar:/home/runner/.m2/repository/junit/junit/4.13.2/junit-4.13.2.jar:/home/runner/.m2/repository/org/hamcrest/hamcrest-core/1.3/hamcrest-core-1.3.jar:/home/runner/.m2/repository/org/mockito/mockito-core/4.3.1/mockito-core-4.3.1.jar:/home/runner/.m2/repository/net/bytebuddy/byte-buddy/1.12.7/byte-buddy-1.12.7.jar:/home/runner/.m2/repository/net/bytebuddy/byte-buddy-agent/1.12.7/byte-buddy-agent-1.12.7.jar:/home/runner/.m2/repository/org/objenesis/objenesis/3.2/objenesis-3.2.jar:"/>
    <property name="java.vm.vendor" value="Eclipse Adoptium"/>
    <property name="sun.arch.data.model" value="64"/>
    <property name="java.vendor.url" value="https://adoptium.net/"/>
    <property name="user.timezone" value=""/>
    <property name="java.vm.specification.version" value="11"/>
    <property name="os.name" value="Linux"/>
    <property name="sun.java.launcher" value="SUN_STANDARD"/>
    <property name="sun.boot.library.path" value="/usr/lib/jvm/temurin-11-jdk-amd64/lib"/>
    <property name="sun.java.command" value="/home/runner/work/ratis/ratis/ratis-test/target/surefire/surefirebooter-20230328145911011_310.jar /home/runner/work/ratis/ratis/ratis-test/target/surefire 2023-03-28T14-58-21_428-jvmRun1 surefire-20230328145911011_308tmp surefire_36-20230328145911011_309tmp"/>
    <property name="jdk.debug" value="release"/>
    <property name="surefire.test.class.path" value="/home/runner/work/ratis/ratis/ratis-test/target/test-classes:/home/runner/work/ratis/ratis/ratis-test/target/classes:/home/runner/work/ratis/ratis/ratis-common/target/classes:/home/runner/.m2/repository/org/apache/ratis/ratis-thirdparty-misc/1.0.4/ratis-thirdparty-misc-1.0.4.jar:/home/runner/work/ratis/ratis/ratis-proto/target/ratis-proto-3.0.0-SNAPSHOT.jar:/home/runner/work/ratis/ratis/ratis-common/target/test-classes:/home/runner/work/ratis/ratis/ratis-client/target/classes:/home/runner/work/ratis/ratis/ratis-server/target/classes:/home/runner/work/ratis/ratis/ratis-server-api/target/classes:/home/runner/work/ratis/ratis/ratis-metrics-api/target/classes:/home/runner/work/ratis/ratis/ratis-server/target/test-classes:/home/runner/work/ratis/ratis/ratis-metrics-default/target/classes:/home/runner/work/ratis/ratis/ratis-netty/target/classes:/home/runner/work/ratis/ratis/ratis-netty/target/test-classes:/home/runner/work/ratis/ratis/ratis-grpc/target/classes:/home/runner/work/ratis/ratis/ratis-grpc/target/test-classes:/home/runner/work/ratis/ratis/ratis-shell/target/classes:/home/runner/.m2/repository/commons-cli/commons-cli/1.5.0/commons-cli-1.5.0.jar:/home/runner/.m2/repository/org/reflections/reflections/0.10.2/reflections-0.10.2.jar:/home/runner/.m2/repository/org/javassist/javassist/3.28.0-GA/javassist-3.28.0-GA.jar:/home/runner/.m2/repository/com/google/code/findbugs/jsr305/3.0.2/jsr305-3.0.2.jar:/home/runner/.m2/repository/org/bouncycastle/bcprov-jdk15on/1.70/bcprov-jdk15on-1.70.jar:/home/runner/.m2/repository/org/bouncycastle/bcpkix-jdk15on/1.70/bcpkix-jdk15on-1.70.jar:/home/runner/.m2/repository/org/bouncycastle/bcutil-jdk15on/1.70/bcutil-jdk15on-1.70.jar:/home/runner/.m2/repository/org/slf4j/slf4j-api/2.0.7/slf4j-api-2.0.7.jar:/home/runner/.m2/repository/org/slf4j/slf4j-reload4j/2.0.7/slf4j-reload4j-2.0.7.jar:/home/runner/.m2/repository/ch/qos/reload4j/reload4j/1.2.22/reload4j-1.2.22.jar:/home/runner/.m2/repository/junit/junit/4.13.2/junit-4.13.2.jar:/home/runner/.m2/repository/org/hamcrest/hamcrest-core/1.3/hamcrest-core-1.3.jar:/home/runner/.m2/repository/org/mockito/mockito-core/4.3.1/mockito-core-4.3.1.jar:/home/runner/.m2/repository/net/bytebuddy/byte-buddy/1.12.7/byte-buddy-1.12.7.jar:/home/runner/.m2/repository/net/bytebuddy/byte-buddy-agent/1.12.7/byte-buddy-agent-1.12.7.jar:/home/runner/.m2/repository/org/objenesis/objenesis/3.2/objenesis-3.2.jar:"/>
    <property name="sun.cpu.endian" value="little"/>
    <property name="user.home" value="/home/runner"/>
    <property name="user.language" value="en"/>
    <property name="java.specification.vendor" value="Oracle Corporation"/>
    <property name="java.version.date" value="2023-01-17"/>
    <property name="java.home" value="/usr/lib/jvm/temurin-11-jdk-amd64"/>
    <property name="file.separator" value="/"/>
    <property name="basedir" value="/home/runner/work/ratis/ratis/ratis-test"/>
    <property name="java.vm.compressedOopsMode" value="32-bit"/>
    <property name="line.separator" value="&#10;"/>
    <property name="java.specification.name" value="Java Platform API Specification"/>
    <property name="java.vm.specification.vendor" value="Oracle Corporation"/>
    <property name="java.awt.graphicsenv" value="sun.awt.X11GraphicsEnvironment"/>
    <property name="surefire.real.class.path" value="/home/runner/work/ratis/ratis/ratis-test/target/surefire/surefirebooter-20230328145911011_310.jar"/>
    <property name="sun.management.compiler" value="HotSpot 64-Bit Tiered Compilers"/>
    <property name="java.runtime.version" value="11.0.18+10"/>
    <property name="user.name" value="runner"/>
    <property name="java.net.preferIPv4Stack" value="true"/>
    <property name="path.separator" value=":"/>
    <property name="os.version" value="5.15.0-1034-azure"/>
    <property name="java.runtime.name" value="OpenJDK Runtime Environment"/>
    <property name="file.encoding" value="UTF-8"/>
    <property name="java.vm.name" value="OpenJDK 64-Bit Server VM"/>
    <property name="java.vendor.version" value="Temurin-11.0.18+10"/>
    <property name="localRepository" value="/home/runner/.m2/repository"/>
    <property name="java.vendor.url.bug" value="https://github.com/adoptium/adoptium-support/issues"/>
    <property name="java.io.tmpdir" value="/tmp"/>
    <property name="java.version" value="11.0.18"/>
    <property name="user.dir" value="/home/runner/work/ratis/ratis/ratis-test"/>
    <property name="os.arch" value="amd64"/>
    <property name="ratis.tmp.dir" value="/home/runner/work/ratis/ratis/ratis-test/target/tmp"/>
    <property name="java.vm.specification.name" value="Java Virtual Machine Specification"/>
    <property name="java.awt.printerjob" value="sun.print.PSPrinterJob"/>
    <property name="ratis.log.dir" value="/home/runner/work/ratis/ratis/ratis-test/target/log"/>
    <property name="sun.os.patch.level" value="unknown"/>
    <property name="java.library.path" value="/usr/java/packages/lib:/usr/lib64:/lib64:/lib:/usr/lib"/>
    <property name="java.vm.info" value="mixed mode"/>
    <property name="java.vendor" value="Eclipse Adoptium"/>
    <property name="java.vm.version" value="11.0.18+10"/>
    <property name="sun.io.unicode.encoding" value="UnicodeLittle"/>
    <property name="java.class.version" value="55.0"/>
  </properties>
  <testcase name="testMultipleStreamsSingleServer" classname="org.apache.ratis.datastream.TestNettyDataStreamStarTopologyWithGrpcCluster" time="17.79">
    <system-out><![CDATA[2023-03-28 15:11:32,247 [main] INFO  util.LogUtils (Slf4jUtils.java:setLogLevel(38)) - Successfully set org.apache.ratis.conf.ConfUtils log level to WARN
2023-03-28 15:11:32,249 [main] INFO  util.LogUtils (Slf4jUtils.java:setLogLevel(38)) - Successfully set org.apache.ratis.util.FileUtils log level to TRACE
2023-03-28 15:11:32,287 [Time-limited test] INFO  impl.MiniRaftCluster (MiniRaftCluster.java:runWithNewCluster(135)) - Running runWithNewCluster
2023-03-28 15:11:32,368 [Time-limited test] INFO  impl.MiniRaftCluster (MiniRaftCluster.java:<init>(306)) - new MiniRaftClusterWithRpcTypeGrpcAndDataStreamTypeNetty with group-A0AE61B3344E:[s0|rpc:localhost:42109|admin:localhost:39743|client:localhost:36063|dataStream:localhost:34979|priority:0|startupRole:FOLLOWER]
2023-03-28 15:11:32,369 [Time-limited test] INFO  impl.MiniRaftCluster (MiniRaftCluster.java:start(339)) - .............................................................. 
2023-03-28 15:11:32,370 [Time-limited test] INFO  impl.MiniRaftCluster (MiniRaftCluster.java:start(340)) - ... 
2023-03-28 15:11:32,370 [Time-limited test] INFO  impl.MiniRaftCluster (MiniRaftCluster.java:start(341)) - ...     Starting MiniRaftClusterWithRpcTypeGrpcAndDataStreamTypeNetty
2023-03-28 15:11:32,372 [Time-limited test] INFO  impl.MiniRaftCluster (MiniRaftCluster.java:start(342)) - ... 
2023-03-28 15:11:32,372 [Time-limited test] INFO  impl.MiniRaftCluster (MiniRaftCluster.java:start(343)) - .............................................................. 
2023-03-28 15:11:32,372 [Time-limited test] INFO  impl.MiniRaftCluster (MiniRaftCluster.java:initServers(318)) - servers = {}
2023-03-28 15:11:32,380 [Time-limited test] INFO  impl.MiniRaftCluster (MiniRaftCluster.java:newRaftServer(382)) - newRaftServer: s0, group-A0AE61B3344E:[s0|rpc:localhost:42109|admin:localhost:39743|client:localhost:36063|dataStream:localhost:34979|priority:0|startupRole:FOLLOWER], format? true
2023-03-28 15:11:32,383 [Time-limited test] TRACE util.FileUtils (FileUtils.java:deleteFully(201)) - deleteFully target/test/data/2b0b63e9/MiniRaftClusterWithRpcTypeGrpcAndDataStreamTypeNetty27b745af/s0
2023-03-28 15:11:32,383 [Time-limited test] TRACE util.FileUtils (FileUtils.java:deleteFully(217)) - deleteFully: target/test/data/2b0b63e9/MiniRaftClusterWithRpcTypeGrpcAndDataStreamTypeNetty27b745af/s0 does not exist.
2023-03-28 15:11:32,384 [Time-limited test] INFO  impl.MiniRaftCluster (MiniRaftCluster.java:newRaftServer(387)) - Formatted directory target/test/data/2b0b63e9/MiniRaftClusterWithRpcTypeGrpcAndDataStreamTypeNetty27b745af/s0
2023-03-28 15:11:32,424 [Time-limited test] INFO  server.RaftServer (ConfUtils.java:logGet(46)) - raft.rpc.type = GRPC (default)
2023-03-28 15:11:32,493 [Time-limited test] INFO  grpc.GrpcConfigKeys (ConfUtils.java:logFallback(53)) - raft.grpc.admin.host = null (fallback to raft.grpc.server.host)
2023-03-28 15:11:32,495 [Time-limited test] INFO  grpc.GrpcConfigKeys (ConfUtils.java:logGet(46)) - raft.grpc.admin.port = 39743 (custom)
2023-03-28 15:11:32,496 [Time-limited test] INFO  grpc.GrpcConfigKeys (ConfUtils.java:logFallback(53)) - raft.grpc.client.host = null (fallback to raft.grpc.server.host)
2023-03-28 15:11:32,497 [Time-limited test] INFO  grpc.GrpcConfigKeys (ConfUtils.java:logGet(46)) - raft.grpc.client.port = 36063 (custom)
2023-03-28 15:11:32,497 [Time-limited test] INFO  grpc.GrpcConfigKeys (ConfUtils.java:logGet(46)) - raft.grpc.server.host = null (default)
2023-03-28 15:11:32,497 [Time-limited test] INFO  grpc.GrpcConfigKeys (ConfUtils.java:logGet(46)) - raft.grpc.server.port = 42109 (custom)
2023-03-28 15:11:32,498 [Time-limited test] INFO  server.GrpcService (ConfUtils.java:logGet(46)) - raft.grpc.message.size.max = 64MB (=67108864) (default)
2023-03-28 15:11:32,500 [Time-limited test] INFO  server.RaftServerConfigKeys (ConfUtils.java:logGet(46)) - raft.server.log.appender.buffer.byte-limit = 4MB (=4194304) (default)
2023-03-28 15:11:32,501 [Time-limited test] INFO  server.GrpcService (ConfUtils.java:logGet(46)) - raft.grpc.flow.control.window = 1MB (=1048576) (default)
2023-03-28 15:11:32,501 [Time-limited test] INFO  server.RaftServerConfigKeys (ConfUtils.java:logGet(46)) - raft.server.rpc.request.timeout = 3000ms (default)
2023-03-28 15:11:32,517 [Time-limited test] INFO  grpc.GrpcConfigKeys (ConfUtils.java:logGet(46)) - raft.grpc.server.heartbeat.channel = true (default)
2023-03-28 15:11:32,521 [Time-limited test] INFO  grpc.GrpcConfigKeys (ConfUtils.java:logGet(46)) - raft.grpc.server.async.request.thread.pool.cached = true (default)
2023-03-28 15:11:32,521 [Time-limited test] INFO  grpc.GrpcConfigKeys (ConfUtils.java:logGet(46)) - raft.grpc.server.async.request.thread.pool.size = 32 (default)
2023-03-28 15:11:32,707 [Time-limited test] INFO  impl.DataStreamServerImpl (ConfUtils.java:logGet(46)) - raft.datastream.type = NETTY (custom)
2023-03-28 15:11:32,716 [Time-limited test] INFO  metrics.MetricRegistries (MetricRegistriesLoader.java:load(64)) - Loaded MetricRegistries class org.apache.ratis.metrics.impl.MetricRegistriesImpl
2023-03-28 15:11:32,823 [Time-limited test] INFO  server.RaftServerConfigKeys (ConfUtils.java:logGet(46)) - raft.server.data-stream.async.request.thread.pool.cached = false (default)
2023-03-28 15:11:32,823 [Time-limited test] INFO  server.RaftServerConfigKeys (ConfUtils.java:logGet(46)) - raft.server.data-stream.async.request.thread.pool.size = 32 (default)
2023-03-28 15:11:32,825 [Time-limited test] INFO  server.RaftServerConfigKeys (ConfUtils.java:logGet(46)) - raft.server.data-stream.async.write.thread.pool.size = 16 (default)
2023-03-28 15:11:32,826 [Time-limited test] INFO  server.RaftServerConfigKeys (ConfUtils.java:logGet(46)) - raft.server.data-stream.client.pool.size = 10 (default)
2023-03-28 15:11:32,828 [Time-limited test] INFO  netty.NettyConfigKeys$DataStream (ConfUtils.java:logGet(46)) - raft.netty.dataStream.server.use-epoll = false (default)
2023-03-28 15:11:32,829 [Time-limited test] INFO  netty.NettyConfigKeys$DataStream (ConfUtils.java:logGet(46)) - raft.netty.dataStream.server.boss-group.size = 0 (default)
2023-03-28 15:11:32,834 [Time-limited test] INFO  netty.NettyConfigKeys$DataStream (ConfUtils.java:logGet(46)) - raft.netty.dataStream.server.worker-group.size = 0 (default)
2023-03-28 15:11:32,848 [Time-limited test] INFO  netty.NettyConfigKeys$DataStream (ConfUtils.java:logGet(46)) - raft.netty.dataStream.server.tls.conf = null (default)
2023-03-28 15:11:32,850 [Time-limited test] INFO  netty.NettyConfigKeys$DataStream (ConfUtils.java:logGet(46)) - raft.netty.dataStream.host = null (default)
2023-03-28 15:11:32,851 [Time-limited test] INFO  netty.NettyConfigKeys$DataStream (ConfUtils.java:logGet(46)) - raft.netty.dataStream.port = 34979 (custom)
2023-03-28 15:11:32,887 [Time-limited test] INFO  server.RaftServerConfigKeys (ConfUtils.java:logGet(46)) - raft.server.threadpool.proxy.cached = true (default)
2023-03-28 15:11:32,888 [Time-limited test] INFO  server.RaftServerConfigKeys (ConfUtils.java:logGet(46)) - raft.server.threadpool.proxy.size = 0 (default)
2023-03-28 15:11:32,888 [Time-limited test] INFO  server.RaftServerConfigKeys (ConfUtils.java:logGet(46)) - raft.server.rpc.slowness.timeout = 60s (default)
2023-03-28 15:11:32,889 [Time-limited test] INFO  server.RaftServerConfigKeys (ConfUtils.java:logGet(46)) - raft.server.leaderelection.leader.step-down.wait-time = 10s (default)
2023-03-28 15:11:32,891 [Time-limited test] INFO  server.RaftServerConfigKeys (ConfUtils.java:logGet(46)) - raft.server.storage.dir = [/home/runner/work/ratis/ratis/ratis-test/target/test/data/2b0b63e9/MiniRaftClusterWithRpcTypeGrpcAndDataStreamTypeNetty27b745af/s0] (custom)
2023-03-28 15:11:32,907 [Time-limited test] INFO  server.RaftServer (RaftServerProxy.java:addNew(99)) - s0: addNew group-A0AE61B3344E:[s0|rpc:localhost:42109|admin:localhost:39743|client:localhost:36063|dataStream:localhost:34979|priority:0|startupRole:FOLLOWER] returns group-A0AE61B3344E:java.util.concurrent.CompletableFuture@36f69826[Not completed]
2023-03-28 15:11:32,922 [s0-NettyServerStreamRpc-bossGroup--thread1] INFO  logging.LoggingHandler (AbstractInternalLogger.java:log(148)) - [id: 0x9f62966e] REGISTERED
2023-03-28 15:11:32,923 [s0-NettyServerStreamRpc-bossGroup--thread1] INFO  logging.LoggingHandler (AbstractInternalLogger.java:log(148)) - [id: 0x9f62966e] BIND: 0.0.0.0/0.0.0.0:34979
2023-03-28 15:11:32,927 [s0-NettyServerStreamRpc-bossGroup--thread1] INFO  logging.LoggingHandler (AbstractInternalLogger.java:log(148)) - [id: 0x9f62966e, L:0.0.0.0/0.0.0.0:34979] ACTIVE
2023-03-28 15:11:32,934 [s0-groupManagement] INFO  server.RaftServer$Division (RaftServerImpl.java:<init>(198)) - s0: new RaftServerImpl for group-A0AE61B3344E:[s0|rpc:localhost:42109|admin:localhost:39743|client:localhost:36063|dataStream:localhost:34979|priority:0|startupRole:FOLLOWER] with MultiDataStreamStateMachine:uninitialized
2023-03-28 15:11:32,935 [s0-groupManagement] INFO  server.RaftServerConfigKeys (ConfUtils.java:logGet(46)) - raft.server.rpc.timeout.min = 150ms (default)
2023-03-28 15:11:32,935 [s0-groupManagement] INFO  server.RaftServerConfigKeys (ConfUtils.java:logGet(46)) - raft.server.rpc.timeout.max = 300ms (default)
2023-03-28 15:11:32,935 [s0-groupManagement] INFO  server.RaftServerConfigKeys (ConfUtils.java:logGet(46)) - raft.server.rpc.sleep.time = 25ms (default)
2023-03-28 15:11:32,936 [s0-groupManagement] INFO  server.RaftServerConfigKeys (ConfUtils.java:logGet(46)) - raft.server.rpc.slowness.timeout = 60s (default)
2023-03-28 15:11:32,936 [s0-groupManagement] INFO  server.RaftServerConfigKeys (ConfUtils.java:logGet(46)) - raft.server.leaderelection.leader.step-down.wait-time = 10s (default)
2023-03-28 15:11:32,936 [s0-groupManagement] INFO  server.RaftServerConfigKeys (ConfUtils.java:logGet(46)) - raft.server.sleep.deviation.threshold = 300ms (default)
2023-03-28 15:11:32,943 [s0-groupManagement] INFO  server.RaftServer$Division (ServerState.java:<init>(113)) - s0@group-A0AE61B3344E: ConfigurationManager, init=-1: peers:[s0|rpc:localhost:42109|admin:localhost:39743|client:localhost:36063|dataStream:localhost:34979|priority:0|startupRole:FOLLOWER]|listeners:[], old=null, confs=<EMPTY_MAP>
2023-03-28 15:11:32,952 [s0-groupManagement] INFO  server.RaftServerConfigKeys (ConfUtils.java:logGet(46)) - raft.server.notification.no-leader.timeout = 60s (default)
2023-03-28 15:11:32,955 [s0-groupManagement] INFO  server.RaftServerConfigKeys (ConfUtils.java:logGet(46)) - raft.server.read.timeout = 10s (default)
2023-03-28 15:11:32,959 [s0-groupManagement] INFO  server.RaftServerConfigKeys (ConfUtils.java:logGet(46)) - raft.server.retrycache.expirytime = 60s (default)
2023-03-28 15:11:32,960 [s0-groupManagement] INFO  server.RaftServerConfigKeys (ConfUtils.java:logGet(46)) - raft.server.retrycache.statistics.expirytime = 100μs (default)
2023-03-28 15:11:32,979 [s0-groupManagement] INFO  server.RaftServerConfigKeys (ConfUtils.java:logGet(46)) - raft.server.read.option = DEFAULT (default)
2023-03-28 15:11:33,016 [s0-groupManagement] INFO  server.RaftServerConfigKeys (ConfUtils.java:logGet(46)) - raft.server.rpc.request.timeout = 3000ms (default)
2023-03-28 15:11:33,018 [s0-groupManagement] INFO  server.RaftServerConfigKeys (ConfUtils.java:logGet(46)) - raft.server.log.appender.install.snapshot.enabled = true (default)
2023-03-28 15:11:33,019 [s0-groupManagement] INFO  server.RaftServerConfigKeys (ConfUtils.java:logGet(46)) - raft.server.threadpool.server.cached = true (default)
2023-03-28 15:11:33,020 [s0-groupManagement] INFO  server.RaftServerConfigKeys (ConfUtils.java:logGet(46)) - raft.server.threadpool.server.size = 0 (default)
2023-03-28 15:11:33,021 [s0-groupManagement] INFO  server.RaftServerConfigKeys (ConfUtils.java:logGet(46)) - raft.server.threadpool.client.cached = true (default)
2023-03-28 15:11:33,021 [s0-groupManagement] INFO  server.RaftServerConfigKeys (ConfUtils.java:logGet(46)) - raft.server.threadpool.client.size = 0 (default)
2023-03-28 15:11:33,024 [s0-impl-thread1] INFO  server.RaftServerConfigKeys (ConfUtils.java:logGet(46)) - raft.server.storage.free-space.min = 0MB (=0) (default)
2023-03-28 15:11:33,025 [s0-impl-thread1] INFO  server.RaftServerConfigKeys (ConfUtils.java:logGet(46)) - raft.server.log.corruption.policy = EXCEPTION (default)
2023-03-28 15:11:33,025 [s0-impl-thread1] INFO  server.RaftServerConfigKeys (ConfUtils.java:logGet(46)) - raft.server.storage.dir = [/home/runner/work/ratis/ratis/ratis-test/target/test/data/2b0b63e9/MiniRaftClusterWithRpcTypeGrpcAndDataStreamTypeNetty27b745af/s0] (custom)
2023-03-28 15:11:33,033 [s0-impl-thread1] INFO  storage.RaftStorageDirectory (RaftStorageDirectoryImpl.java:analyzeStorage(138)) - The storage directory /home/runner/work/ratis/ratis/ratis-test/target/test/data/2b0b63e9/MiniRaftClusterWithRpcTypeGrpcAndDataStreamTypeNetty27b745af/s0/2c2a7965-a082-43ac-a67d-a0ae61b3344e does not exist. Creating ...
2023-03-28 15:11:33,035 [s0-impl-thread1] TRACE util.FileUtils (LogUtils.java:runAndLog(49)) - Successfully ran Files.createDirectories /home/runner/work/ratis/ratis/ratis-test/target/test/data/2b0b63e9/MiniRaftClusterWithRpcTypeGrpcAndDataStreamTypeNetty27b745af/s0/2c2a7965-a082-43ac-a67d-a0ae61b3344e
2023-03-28 15:11:33,044 [s0-impl-thread1] INFO  storage.RaftStorageDirectory (RaftStorageDirectoryImpl.java:tryLock(232)) - Lock on /home/runner/work/ratis/ratis/ratis-test/target/test/data/2b0b63e9/MiniRaftClusterWithRpcTypeGrpcAndDataStreamTypeNetty27b745af/s0/2c2a7965-a082-43ac-a67d-a0ae61b3344e/in_use.lock acquired by nodename 13506@fv-az451-9
2023-03-28 15:11:33,044 [s0-impl-thread1] TRACE util.FileUtils (LogUtils.java:runAndLog(49)) - Successfully ran Files.createDirectories /home/runner/work/ratis/ratis/ratis-test/target/test/data/2b0b63e9/MiniRaftClusterWithRpcTypeGrpcAndDataStreamTypeNetty27b745af/s0/2c2a7965-a082-43ac-a67d-a0ae61b3344e/current
2023-03-28 15:11:33,045 [s0-impl-thread1] TRACE util.FileUtils (LogUtils.java:runAndLog(49)) - Successfully ran Files.createDirectories /home/runner/work/ratis/ratis/ratis-test/target/test/data/2b0b63e9/MiniRaftClusterWithRpcTypeGrpcAndDataStreamTypeNetty27b745af/s0/2c2a7965-a082-43ac-a67d-a0ae61b3344e/sm
2023-03-28 15:11:33,059 [s0-impl-thread1] INFO  storage.RaftStorage (RaftStorageImpl.java:format(96)) - Storage directory /home/runner/work/ratis/ratis/ratis-test/target/test/data/2b0b63e9/MiniRaftClusterWithRpcTypeGrpcAndDataStreamTypeNetty27b745af/s0/2c2a7965-a082-43ac-a67d-a0ae61b3344e has been successfully formatted.
2023-03-28 15:11:33,061 [s0-impl-thread1] INFO  server.RaftServerConfigKeys (ConfUtils.java:logGet(46)) - raft.server.log.use.memory = false (default)
2023-03-28 15:11:33,069 [s0-impl-thread1] INFO  server.RaftServerConfigKeys (ConfUtils.java:logGet(46)) - raft.server.log.purge.gap = 1024 (default)
2023-03-28 15:11:33,069 [s0-impl-thread1] INFO  server.RaftServerConfigKeys (ConfUtils.java:logGet(46)) - raft.server.log.appender.buffer.byte-limit = 4MB (=4194304) (default)
2023-03-28 15:11:33,071 [s0-impl-thread1] INFO  server.RaftServerConfigKeys (ConfUtils.java:logGet(46)) - raft.server.log.statemachine.data.read.timeout = 1000ms (default)
2023-03-28 15:11:33,072 [s0-impl-thread1] INFO  server.RaftServerConfigKeys (ConfUtils.java:logGet(46)) - raft.server.log.purge.preservation.log.num = 0 (default)
2023-03-28 15:11:33,075 [s0-impl-thread1] INFO  server.RaftServerConfigKeys (ConfUtils.java:logGet(46)) - raft.server.log.segment.size.max = 8MB (=8388608) (default)
2023-03-28 15:11:33,079 [s0-impl-thread1] INFO  server.RaftServerConfigKeys (ConfUtils.java:logGet(46)) - raft.server.log.segment.cache.num.max = 6 (default)
2023-03-28 15:11:33,080 [s0-impl-thread1] INFO  server.RaftServerConfigKeys (ConfUtils.java:logGet(46)) - raft.server.log.segment.cache.size.max = 200MB (=209715200) (default)
2023-03-28 15:11:33,080 [s0-impl-thread1] INFO  server.RaftServerConfigKeys (ConfUtils.java:logGet(46)) - raft.server.log.appender.buffer.byte-limit = 4MB (=4194304) (default)
2023-03-28 15:11:33,083 [s0-impl-thread1] INFO  segmented.SegmentedRaftLogWorker (SegmentedRaftLogWorker.java:<init>(183)) - new s0@group-A0AE61B3344E-SegmentedRaftLogWorker for RaftStorageImpl:Storage Directory /home/runner/work/ratis/ratis/ratis-test/target/test/data/2b0b63e9/MiniRaftClusterWithRpcTypeGrpcAndDataStreamTypeNetty27b745af/s0/2c2a7965-a082-43ac-a67d-a0ae61b3344e
2023-03-28 15:11:33,083 [s0-impl-thread1] INFO  server.RaftServerConfigKeys (ConfUtils.java:logGet(46)) - raft.server.log.queue.byte-limit = 64MB (=67108864) (default)
2023-03-28 15:11:33,084 [s0-impl-thread1] INFO  server.RaftServerConfigKeys (ConfUtils.java:logGet(46)) - raft.server.log.queue.element-limit = 4096 (default)
2023-03-28 15:11:33,085 [s0-impl-thread1] INFO  server.RaftServerConfigKeys (ConfUtils.java:logGet(46)) - raft.server.log.segment.size.max = 8MB (=8388608) (default)
2023-03-28 15:11:33,086 [s0-impl-thread1] INFO  server.RaftServerConfigKeys (ConfUtils.java:logGet(46)) - raft.server.log.preallocated.size = 4MB (=4194304) (default)
2023-03-28 15:11:33,086 [s0-impl-thread1] INFO  server.RaftServerConfigKeys (ConfUtils.java:logGet(46)) - raft.server.log.force.sync.num = 128 (default)
2023-03-28 15:11:33,087 [s0-impl-thread1] INFO  server.RaftServerConfigKeys (ConfUtils.java:logGet(46)) - raft.server.log.statemachine.data.sync = true (default)
2023-03-28 15:11:33,087 [s0-impl-thread1] INFO  server.RaftServerConfigKeys (ConfUtils.java:logGet(46)) - raft.server.log.statemachine.data.sync.timeout = 10s (default)
2023-03-28 15:11:33,087 [s0-impl-thread1] INFO  server.RaftServerConfigKeys (ConfUtils.java:logGet(46)) - raft.server.log.statemachine.data.sync.timeout.retry = -1 (default)
2023-03-28 15:11:33,089 [s0-impl-thread1] INFO  server.RaftServerConfigKeys (ConfUtils.java:logGet(46)) - raft.server.log.write.buffer.size = 64KB (=65536) (default)
2023-03-28 15:11:33,089 [s0-impl-thread1] INFO  server.RaftServerConfigKeys (ConfUtils.java:logGet(46)) - raft.server.log.appender.buffer.byte-limit = 4MB (=4194304) (default)
2023-03-28 15:11:33,092 [s0-impl-thread1] INFO  server.RaftServerConfigKeys (ConfUtils.java:logGet(46)) - raft.server.log.unsafe-flush.enabled = false (default)
2023-03-28 15:11:33,092 [s0-impl-thread1] INFO  server.RaftServerConfigKeys (ConfUtils.java:logGet(46)) - raft.server.log.async-flush.enabled = false (default)
2023-03-28 15:11:33,093 [s0-impl-thread1] INFO  server.RaftServerConfigKeys (ConfUtils.java:logGet(46)) - raft.server.log.statemachine.data.caching.enabled = false (default)
2023-03-28 15:11:33,099 [s0-impl-thread1] INFO  segmented.SegmentedRaftLogWorker (SegmentedRaftLogWorker.java:lambda$new$0(134)) - s0@group-A0AE61B3344E-SegmentedRaftLogWorker: flushIndex: setUnconditionally 0 -> -1
2023-03-28 15:11:33,099 [s0-impl-thread1] INFO  segmented.SegmentedRaftLogWorker (SegmentedRaftLogWorker.java:lambda$new$0(134)) - s0@group-A0AE61B3344E-SegmentedRaftLogWorker: safeCacheEvictIndex: setUnconditionally 0 -> -1
2023-03-28 15:11:33,101 [s0-impl-thread1] INFO  server.RaftServer$Division (RaftServerImpl.java:start(342)) - s0@group-A0AE61B3344E: start as a follower, conf=-1: peers:[s0|rpc:localhost:42109|admin:localhost:39743|client:localhost:36063|dataStream:localhost:34979|priority:0|startupRole:FOLLOWER]|listeners:[], old=null
2023-03-28 15:11:33,104 [s0-impl-thread1] INFO  server.RaftServer$Division (RaftServerImpl.java:setRole(329)) - s0@group-A0AE61B3344E: changes role from      null to FOLLOWER at term 0 for startAsFollower
2023-03-28 15:11:33,105 [s0-impl-thread1] INFO  impl.RoleInfo (RoleInfo.java:updateAndGet(139)) - s0: start s0@group-A0AE61B3344E-FollowerState
2023-03-28 15:11:33,112 [s0-impl-thread1] INFO  util.JmxRegister (JmxRegister.java:tryRegister(44)) - Successfully registered JMX Bean with object name Ratis:service=RaftServer,group=group-A0AE61B3344E,id=s0
2023-03-28 15:11:33,114 [s0-impl-thread1] INFO  server.RaftServerConfigKeys (ConfUtils.java:logGet(46)) - raft.server.snapshot.auto.trigger.enabled = false (default)
2023-03-28 15:11:33,115 [s0-impl-thread1] INFO  server.RaftServerConfigKeys (ConfUtils.java:logGet(46)) - raft.server.snapshot.retention.file.num = -1 (default)
2023-03-28 15:11:33,116 [s0-impl-thread1] INFO  server.RaftServerConfigKeys (ConfUtils.java:logGet(46)) - raft.server.log.purge.upto.snapshot.index = false (default)
2023-03-28 15:11:33,117 [s0@group-A0AE61B3344E-FollowerState] INFO  server.RaftServerConfigKeys (ConfUtils.java:logFallback(53)) - raft.server.rpc.first-election.timeout.min = 150ms (fallback to raft.server.rpc.timeout.min)
2023-03-28 15:11:33,117 [s0@group-A0AE61B3344E-FollowerState] INFO  server.RaftServerConfigKeys (ConfUtils.java:logFallback(53)) - raft.server.rpc.first-election.timeout.max = 300ms (fallback to raft.server.rpc.timeout.max)
2023-03-28 15:11:33,119 [Time-limited test] INFO  server.RaftServer (RaftServerProxy.java:startImpl(401)) - s0: start RPC server
2023-03-28 15:11:33,138 [Time-limited test] INFO  server.GrpcService (GrpcService.java:startImpl(302)) - s0: GrpcService started, listening on 36063
2023-03-28 15:11:33,140 [Time-limited test] INFO  server.GrpcService (GrpcService.java:startImpl(302)) - s0: GrpcService started, listening on 42109
2023-03-28 15:11:33,141 [Time-limited test] INFO  server.GrpcService (GrpcService.java:startImpl(302)) - s0: GrpcService started, listening on 39743
2023-03-28 15:11:33,151 [JvmPauseMonitor0] INFO  util.JvmPauseMonitor (JvmPauseMonitor.java:run(103)) - JvmPauseMonitor-s0: Started
2023-03-28 15:11:33,156 [Time-limited test] INFO  server.RaftServerConfigKeys (ConfUtils.java:logGet(46)) - raft.server.rpc.timeout.max = 300ms (default)
2023-03-28 15:11:33,158 [Time-limited test] INFO  ratis.RaftTestUtil (RaftTestUtil.java:waitForLeader(100)) - printing ALL groups
  s0:  RUNNING  FOLLOWER s0@group-A0AE61B3344E:t0, leader=null, voted=, raftlog=Memoized:s0@group-A0AE61B3344E-SegmentedRaftLog:OPENED:c-1, conf=-1: peers:[s0|rpc:localhost:42109|admin:localhost:39743|client:localhost:36063|dataStream:localhost:34979|priority:0|startupRole:FOLLOWER]|listeners:[], old=null RUNNING
2023-03-28 15:11:33,161 [Time-limited test] WARN  ratis.RaftTestUtil (JavaUtils.java:attempt(217)) - FAILED "waitForLeader-null-(expectLeader? true)", attempt #1/100: java.lang.IllegalStateException: No leader yet : printing ALL groups
  s0:  RUNNING  FOLLOWER s0@group-A0AE61B3344E:t0, leader=null, voted=, raftlog=Memoized:s0@group-A0AE61B3344E-SegmentedRaftLog:OPENED:c-1, conf=-1: peers:[s0|rpc:localhost:42109|admin:localhost:39743|client:localhost:36063|dataStream:localhost:34979|priority:0|startupRole:FOLLOWER]|listeners:[], old=null RUNNING, sleep 450ms and then retry.
java.lang.IllegalStateException: No leader yet : printing ALL groups
  s0:  RUNNING  FOLLOWER s0@group-A0AE61B3344E:t0, leader=null, voted=, raftlog=Memoized:s0@group-A0AE61B3344E-SegmentedRaftLog:OPENED:c-1, conf=-1: peers:[s0|rpc:localhost:42109|admin:localhost:39743|client:localhost:36063|dataStream:localhost:34979|priority:0|startupRole:FOLLOWER]|listeners:[], old=null RUNNING
	at org.apache.ratis.server.impl.MiniRaftCluster.newIllegalStateExceptionForNoLeaders(MiniRaftCluster.java:581)
	at org.apache.ratis.RaftTestUtil.lambda$waitForLeader$1(RaftTestUtil.java:104)
	at org.apache.ratis.server.impl.MiniRaftCluster.getLeader(MiniRaftCluster.java:615)
	at org.apache.ratis.server.impl.MiniRaftCluster.getLeader(MiniRaftCluster.java:608)
	at org.apache.ratis.RaftTestUtil.lambda$waitForLeader$3(RaftTestUtil.java:112)
	at org.apache.ratis.util.JavaUtils.attempt(JavaUtils.java:211)
	at org.apache.ratis.util.JavaUtils.attemptRepeatedly(JavaUtils.java:197)
	at org.apache.ratis.RaftTestUtil.waitForLeader(RaftTestUtil.java:111)
	at org.apache.ratis.RaftTestUtil.waitForLeader(RaftTestUtil.java:92)
	at org.apache.ratis.RaftTestUtil.waitForLeader(RaftTestUtil.java:87)
	at org.apache.ratis.datastream.DataStreamAsyncClusterTests.runTestDataStream(DataStreamAsyncClusterTests.java:90)
	at org.apache.ratis.datastream.DataStreamAsyncClusterTests.runTestDataStream(DataStreamAsyncClusterTests.java:86)
	at org.apache.ratis.server.impl.MiniRaftCluster$Factory$Get.runWithNewCluster(MiniRaftCluster.java:141)
	at org.apache.ratis.server.impl.MiniRaftCluster$Factory$Get.runWithNewCluster(MiniRaftCluster.java:121)
	at org.apache.ratis.datastream.DataStreamAsyncClusterTests.testMultipleStreamsSingleServer(DataStreamAsyncClusterTests.java:58)
	at java.base/jdk.internal.reflect.NativeMethodAccessorImpl.invoke0(Native Method)
	at java.base/jdk.internal.reflect.NativeMethodAccessorImpl.invoke(NativeMethodAccessorImpl.java:62)
	at java.base/jdk.internal.reflect.DelegatingMethodAccessorImpl.invoke(DelegatingMethodAccessorImpl.java:43)
	at java.base/java.lang.reflect.Method.invoke(Method.java:566)
	at org.junit.runners.model.FrameworkMethod$1.runReflectiveCall(FrameworkMethod.java:59)
	at org.junit.internal.runners.model.ReflectiveCallable.run(ReflectiveCallable.java:12)
	at org.junit.runners.model.FrameworkMethod.invokeExplosively(FrameworkMethod.java:56)
	at org.junit.internal.runners.statements.InvokeMethod.evaluate(InvokeMethod.java:17)
	at org.junit.internal.runners.statements.RunBefores.evaluate(RunBefores.java:26)
	at org.junit.internal.runners.statements.RunAfters.evaluate(RunAfters.java:27)
	at org.junit.internal.runners.statements.FailOnTimeout$CallableStatement.call(FailOnTimeout.java:299)
	at org.junit.internal.runners.statements.FailOnTimeout$CallableStatement.call(FailOnTimeout.java:293)
	at java.base/java.util.concurrent.FutureTask.run(FutureTask.java:264)
	at java.base/java.lang.Thread.run(Thread.java:829)
2023-03-28 15:11:33,358 [s0@group-A0AE61B3344E-FollowerState] INFO  impl.FollowerState (FollowerState.java:run(143)) - s0@group-A0AE61B3344E-FollowerState: change to CANDIDATE, lastRpcElapsedTime:253408941ns, electionTimeout:240ms
2023-03-28 15:11:33,359 [s0@group-A0AE61B3344E-FollowerState] INFO  impl.RoleInfo (RoleInfo.java:shutdownFollowerState(110)) - s0: shutdown s0@group-A0AE61B3344E-FollowerState
2023-03-28 15:11:33,359 [s0@group-A0AE61B3344E-FollowerState] INFO  server.RaftServer$Division (RaftServerImpl.java:setRole(329)) - s0@group-A0AE61B3344E: changes role from  FOLLOWER to CANDIDATE at term 0 for changeToCandidate
2023-03-28 15:11:33,362 [s0@group-A0AE61B3344E-FollowerState] INFO  server.RaftServerConfigKeys (ConfUtils.java:logGet(46)) - raft.server.leaderelection.pre-vote = true (default)
2023-03-28 15:11:33,362 [s0@group-A0AE61B3344E-FollowerState] INFO  impl.RoleInfo (RoleInfo.java:updateAndGet(139)) - s0: start s0@group-A0AE61B3344E-LeaderElection1
2023-03-28 15:11:33,369 [s0@group-A0AE61B3344E-LeaderElection1] INFO  impl.LeaderElection (LeaderElection.java:askForVotes(320)) - s0@group-A0AE61B3344E-LeaderElection1 PRE_VOTE round 0: submit vote requests at term 0 for -1: peers:[s0|rpc:localhost:42109|admin:localhost:39743|client:localhost:36063|dataStream:localhost:34979|priority:0|startupRole:FOLLOWER]|listeners:[], old=null
2023-03-28 15:11:33,370 [s0@group-A0AE61B3344E-LeaderElection1] INFO  impl.LeaderElection (LeaderElection.java:askForVotes(322)) - s0@group-A0AE61B3344E-LeaderElection1 PRE_VOTE round 0: result PASSED (term=0)
2023-03-28 15:11:33,372 [s0@group-A0AE61B3344E-LeaderElection1] INFO  impl.LeaderElection (LeaderElection.java:askForVotes(320)) - s0@group-A0AE61B3344E-LeaderElection1 ELECTION round 0: submit vote requests at term 1 for -1: peers:[s0|rpc:localhost:42109|admin:localhost:39743|client:localhost:36063|dataStream:localhost:34979|priority:0|startupRole:FOLLOWER]|listeners:[], old=null
2023-03-28 15:11:33,372 [s0@group-A0AE61B3344E-LeaderElection1] INFO  impl.LeaderElection (LeaderElection.java:askForVotes(322)) - s0@group-A0AE61B3344E-LeaderElection1 ELECTION round 0: result PASSED (term=1)
2023-03-28 15:11:33,372 [s0@group-A0AE61B3344E-LeaderElection1] INFO  impl.RoleInfo (RoleInfo.java:shutdownLeaderElection(130)) - s0: shutdown s0@group-A0AE61B3344E-LeaderElection1
2023-03-28 15:11:33,373 [s0@group-A0AE61B3344E-LeaderElection1] INFO  server.RaftServer$Division (RaftServerImpl.java:setRole(329)) - s0@group-A0AE61B3344E: changes role from CANDIDATE to LEADER at term 1 for changeToLeader
2023-03-28 15:11:33,373 [s0@group-A0AE61B3344E-LeaderElection1] INFO  server.RaftServer$Division (ServerState.java:setLeader(260)) - s0@group-A0AE61B3344E: change Leader from null to s0 at term 1 for becomeLeader, leader elected after 421ms
2023-03-28 15:11:33,379 [s0@group-A0AE61B3344E-LeaderElection1] INFO  server.RaftServerConfigKeys (ConfUtils.java:logGet(46)) - raft.server.staging.catchup.gap = 1000 (default)
2023-03-28 15:11:33,383 [s0@group-A0AE61B3344E-LeaderElection1] INFO  server.RaftServerConfigKeys (ConfUtils.java:logGet(46)) - raft.server.write.element-limit = 4096 (default)
2023-03-28 15:11:33,384 [s0@group-A0AE61B3344E-LeaderElection1] INFO  server.RaftServerConfigKeys (ConfUtils.java:logGet(46)) - raft.server.write.byte-limit = 64MB (=67108864) (default)
2023-03-28 15:11:33,387 [s0@group-A0AE61B3344E-LeaderElection1] INFO  server.RaftServerConfigKeys (ConfUtils.java:logGet(46)) - raft.server.watch.timeout = 10s (default)
2023-03-28 15:11:33,387 [s0@group-A0AE61B3344E-LeaderElection1] INFO  server.RaftServerConfigKeys (ConfUtils.java:logGet(46)) - raft.server.watch.timeout.denomination = 1s (default)
2023-03-28 15:11:33,388 [s0@group-A0AE61B3344E-LeaderElection1] INFO  server.RaftServerConfigKeys (ConfUtils.java:logGet(46)) - raft.server.watch.element-limit = 65536 (default)
2023-03-28 15:11:33,393 [s0@group-A0AE61B3344E-LeaderElection1] INFO  server.RaftServerConfigKeys (ConfUtils.java:logGet(46)) - raft.server.write.element-limit = 4096 (default)
2023-03-28 15:11:33,395 [s0@group-A0AE61B3344E-LeaderElection1] INFO  server.RaftServerConfigKeys (ConfUtils.java:logGet(46)) - raft.server.write.follower.gap.ratio.max = -1.0 (default)
2023-03-28 15:11:33,396 [s0@group-A0AE61B3344E-LeaderElection1] INFO  impl.RoleInfo (RoleInfo.java:updateAndGet(139)) - s0: start s0@group-A0AE61B3344E-LeaderStateImpl
2023-03-28 15:11:33,415 [s0@group-A0AE61B3344E-LeaderElection1] INFO  segmented.SegmentedRaftLogWorker (SegmentedRaftLogWorker.java:startLogSegment(426)) - s0@group-A0AE61B3344E-SegmentedRaftLogWorker: Starting segment from index:0
2023-03-28 15:11:33,440 [s0@group-A0AE61B3344E-LeaderElection1] INFO  server.RaftServer$Division (ServerState.java:setRaftConf(377)) - s0@group-A0AE61B3344E: set configuration 0: peers:[s0|rpc:localhost:42109|admin:localhost:39743|client:localhost:36063|dataStream:localhost:34979|priority:0|startupRole:FOLLOWER]|listeners:[], old=null
2023-03-28 15:11:33,486 [s0@group-A0AE61B3344E-SegmentedRaftLogWorker] INFO  segmented.SegmentedRaftLogWorker (SegmentedRaftLogWorker.java:execute(630)) - s0@group-A0AE61B3344E-SegmentedRaftLogWorker: created new log segment /home/runner/work/ratis/ratis/ratis-test/target/test/data/2b0b63e9/MiniRaftClusterWithRpcTypeGrpcAndDataStreamTypeNetty27b745af/s0/2c2a7965-a082-43ac-a67d-a0ae61b3344e/current/log_inprogress_0
2023-03-28 15:11:33,614 [Time-limited test] INFO  ratis.RaftTestUtil (RaftTestUtil.java:waitForLeader(119)) - printing ALL groups
  s0:  RUNNING    LEADER s0@group-A0AE61B3344E:t1, leader=s0, voted=s0, raftlog=Memoized:s0@group-A0AE61B3344E-SegmentedRaftLog:OPENED:c0, conf=0: peers:[s0|rpc:localhost:42109|admin:localhost:39743|client:localhost:36063|dataStream:localhost:34979|priority:0|startupRole:FOLLOWER]|listeners:[], old=null RUNNING
2023-03-28 15:11:33,624 [pool-2-thread-3] INFO  server.RaftServerConfigKeys (ConfUtils.java:logGet(46)) - raft.server.rpc.timeout.max = 300ms (default)
2023-03-28 15:11:33,625 [pool-2-thread-4] INFO  server.RaftServerConfigKeys (ConfUtils.java:logGet(46)) - raft.server.rpc.timeout.max = 300ms (default)
2023-03-28 15:11:33,626 [pool-2-thread-6] INFO  server.RaftServerConfigKeys (ConfUtils.java:logGet(46)) - raft.server.rpc.timeout.max = 300ms (default)
2023-03-28 15:11:33,627 [pool-2-thread-7] INFO  server.RaftServerConfigKeys (ConfUtils.java:logGet(46)) - raft.server.rpc.timeout.max = 300ms (default)
2023-03-28 15:11:33,629 [pool-2-thread-8] INFO  server.RaftServerConfigKeys (ConfUtils.java:logGet(46)) - raft.server.rpc.timeout.max = 300ms (default)
2023-03-28 15:11:33,629 [pool-2-thread-9] INFO  server.RaftServerConfigKeys (ConfUtils.java:logGet(46)) - raft.server.rpc.timeout.max = 300ms (default)
2023-03-28 15:11:33,630 [pool-2-thread-5] INFO  server.RaftServerConfigKeys (ConfUtils.java:logGet(46)) - raft.server.rpc.timeout.max = 300ms (default)
2023-03-28 15:11:33,629 [pool-2-thread-3] INFO  ratis.RaftTestUtil (RaftTestUtil.java:waitForLeader(100)) - printing ALL groups
  s0:  RUNNING    LEADER s0@group-A0AE61B3344E:t1, leader=s0, voted=s0, raftlog=Memoized:s0@group-A0AE61B3344E-SegmentedRaftLog:OPENED:c0, conf=0: peers:[s0|rpc:localhost:42109|admin:localhost:39743|client:localhost:36063|dataStream:localhost:34979|priority:0|startupRole:FOLLOWER]|listeners:[], old=null RUNNING
2023-03-28 15:11:33,629 [pool-2-thread-4] INFO  ratis.RaftTestUtil (RaftTestUtil.java:waitForLeader(100)) - printing ALL groups
  s0:  RUNNING    LEADER s0@group-A0AE61B3344E:t1, leader=s0, voted=s0, raftlog=Memoized:s0@group-A0AE61B3344E-SegmentedRaftLog:OPENED:c0, conf=0: peers:[s0|rpc:localhost:42109|admin:localhost:39743|client:localhost:36063|dataStream:localhost:34979|priority:0|startupRole:FOLLOWER]|listeners:[], old=null RUNNING
2023-03-28 15:11:33,631 [pool-2-thread-7] INFO  ratis.RaftTestUtil (RaftTestUtil.java:waitForLeader(100)) - printing ALL groups
  s0:  RUNNING    LEADER s0@group-A0AE61B3344E:t1, leader=s0, voted=s0, raftlog=Memoized:s0@group-A0AE61B3344E-SegmentedRaftLog:OPENED:c0, conf=0: peers:[s0|rpc:localhost:42109|admin:localhost:39743|client:localhost:36063|dataStream:localhost:34979|priority:0|startupRole:FOLLOWER]|listeners:[], old=null RUNNING
2023-03-28 15:11:33,631 [pool-2-thread-7] INFO  ratis.RaftTestUtil (RaftTestUtil.java:waitForLeader(119)) - printing ALL groups
  s0:  RUNNING    LEADER s0@group-A0AE61B3344E:t1, leader=s0, voted=s0, raftlog=Memoized:s0@group-A0AE61B3344E-SegmentedRaftLog:OPENED:c0, conf=0: peers:[s0|rpc:localhost:42109|admin:localhost:39743|client:localhost:36063|dataStream:localhost:34979|priority:0|startupRole:FOLLOWER]|listeners:[], old=null RUNNING
2023-03-28 15:11:33,632 [pool-2-thread-4] INFO  ratis.RaftTestUtil (RaftTestUtil.java:waitForLeader(119)) - printing ALL groups
  s0:  RUNNING    LEADER s0@group-A0AE61B3344E:t1, leader=s0, voted=s0, raftlog=Memoized:s0@group-A0AE61B3344E-SegmentedRaftLog:OPENED:c0, conf=0: peers:[s0|rpc:localhost:42109|admin:localhost:39743|client:localhost:36063|dataStream:localhost:34979|priority:0|startupRole:FOLLOWER]|listeners:[], old=null RUNNING
2023-03-28 15:11:33,629 [pool-2-thread-6] INFO  ratis.RaftTestUtil (RaftTestUtil.java:waitForLeader(100)) - printing ALL groups
  s0:  RUNNING    LEADER s0@group-A0AE61B3344E:t1, leader=s0, voted=s0, raftlog=Memoized:s0@group-A0AE61B3344E-SegmentedRaftLog:OPENED:c0, conf=0: peers:[s0|rpc:localhost:42109|admin:localhost:39743|client:localhost:36063|dataStream:localhost:34979|priority:0|startupRole:FOLLOWER]|listeners:[], old=null RUNNING
2023-03-28 15:11:33,632 [pool-2-thread-3] INFO  ratis.RaftTestUtil (RaftTestUtil.java:waitForLeader(119)) - printing ALL groups
  s0:  RUNNING    LEADER s0@group-A0AE61B3344E:t1, leader=s0, voted=s0, raftlog=Memoized:s0@group-A0AE61B3344E-SegmentedRaftLog:OPENED:c0, conf=0: peers:[s0|rpc:localhost:42109|admin:localhost:39743|client:localhost:36063|dataStream:localhost:34979|priority:0|startupRole:FOLLOWER]|listeners:[], old=null RUNNING
2023-03-28 15:11:33,633 [pool-2-thread-5] INFO  ratis.RaftTestUtil (RaftTestUtil.java:waitForLeader(100)) - printing ALL groups
  s0:  RUNNING    LEADER s0@group-A0AE61B3344E:t1, leader=s0, voted=s0, raftlog=Memoized:s0@group-A0AE61B3344E-SegmentedRaftLog:OPENED:c0, conf=0: peers:[s0|rpc:localhost:42109|admin:localhost:39743|client:localhost:36063|dataStream:localhost:34979|priority:0|startupRole:FOLLOWER]|listeners:[], old=null RUNNING
2023-03-28 15:11:33,633 [pool-2-thread-5] INFO  ratis.RaftTestUtil (RaftTestUtil.java:waitForLeader(119)) - printing ALL groups
  s0:  RUNNING    LEADER s0@group-A0AE61B3344E:t1, leader=s0, voted=s0, raftlog=Memoized:s0@group-A0AE61B3344E-SegmentedRaftLog:OPENED:c0, conf=0: peers:[s0|rpc:localhost:42109|admin:localhost:39743|client:localhost:36063|dataStream:localhost:34979|priority:0|startupRole:FOLLOWER]|listeners:[], old=null RUNNING
2023-03-28 15:11:33,633 [pool-2-thread-8] INFO  ratis.RaftTestUtil (RaftTestUtil.java:waitForLeader(100)) - printing ALL groups
  s0:  RUNNING    LEADER s0@group-A0AE61B3344E:t1, leader=s0, voted=s0, raftlog=Memoized:s0@group-A0AE61B3344E-SegmentedRaftLog:OPENED:c0, conf=0: peers:[s0|rpc:localhost:42109|admin:localhost:39743|client:localhost:36063|dataStream:localhost:34979|priority:0|startupRole:FOLLOWER]|listeners:[], old=null RUNNING
2023-03-28 15:11:33,633 [pool-2-thread-8] INFO  ratis.RaftTestUtil (RaftTestUtil.java:waitForLeader(119)) - printing ALL groups
  s0:  RUNNING    LEADER s0@group-A0AE61B3344E:t1, leader=s0, voted=s0, raftlog=Memoized:s0@group-A0AE61B3344E-SegmentedRaftLog:OPENED:c0, conf=0: peers:[s0|rpc:localhost:42109|admin:localhost:39743|client:localhost:36063|dataStream:localhost:34979|priority:0|startupRole:FOLLOWER]|listeners:[], old=null RUNNING
2023-03-28 15:11:33,634 [pool-2-thread-6] INFO  ratis.RaftTestUtil (RaftTestUtil.java:waitForLeader(119)) - printing ALL groups
  s0:  RUNNING    LEADER s0@group-A0AE61B3344E:t1, leader=s0, voted=s0, raftlog=Memoized:s0@group-A0AE61B3344E-SegmentedRaftLog:OPENED:c0, conf=0: peers:[s0|rpc:localhost:42109|admin:localhost:39743|client:localhost:36063|dataStream:localhost:34979|priority:0|startupRole:FOLLOWER]|listeners:[], old=null RUNNING
2023-03-28 15:11:33,634 [pool-2-thread-9] INFO  ratis.RaftTestUtil (RaftTestUtil.java:waitForLeader(100)) - printing ALL groups
  s0:  RUNNING    LEADER s0@group-A0AE61B3344E:t1, leader=s0, voted=s0, raftlog=Memoized:s0@group-A0AE61B3344E-SegmentedRaftLog:OPENED:c0, conf=0: peers:[s0|rpc:localhost:42109|admin:localhost:39743|client:localhost:36063|dataStream:localhost:34979|priority:0|startupRole:FOLLOWER]|listeners:[], old=null RUNNING
2023-03-28 15:11:33,634 [pool-2-thread-9] INFO  ratis.RaftTestUtil (RaftTestUtil.java:waitForLeader(119)) - printing ALL groups
  s0:  RUNNING    LEADER s0@group-A0AE61B3344E:t1, leader=s0, voted=s0, raftlog=Memoized:s0@group-A0AE61B3344E-SegmentedRaftLog:OPENED:c0, conf=0: peers:[s0|rpc:localhost:42109|admin:localhost:39743|client:localhost:36063|dataStream:localhost:34979|priority:0|startupRole:FOLLOWER]|listeners:[], old=null RUNNING
2023-03-28 15:11:33,656 [pool-2-thread-3] INFO  client.DataStreamClient (ConfUtils.java:logGet(46)) - raft.datastream.type = NETTY (custom)
2023-03-28 15:11:33,658 [pool-2-thread-8] INFO  client.DataStreamClient (ConfUtils.java:logGet(46)) - raft.datastream.type = NETTY (custom)
2023-03-28 15:11:33,658 [pool-2-thread-6] INFO  client.DataStreamClient (ConfUtils.java:logGet(46)) - raft.datastream.type = NETTY (custom)
2023-03-28 15:11:33,658 [pool-2-thread-4] INFO  client.DataStreamClient (ConfUtils.java:logGet(46)) - raft.datastream.type = NETTY (custom)
2023-03-28 15:11:33,658 [pool-2-thread-7] INFO  client.DataStreamClient (ConfUtils.java:logGet(46)) - raft.datastream.type = NETTY (custom)
2023-03-28 15:11:33,658 [pool-2-thread-9] INFO  client.DataStreamClient (ConfUtils.java:logGet(46)) - raft.datastream.type = NETTY (custom)
2023-03-28 15:11:33,660 [pool-2-thread-9] INFO  netty.NettyConfigKeys$DataStream (ConfUtils.java:logGet(46)) - raft.netty.dataStream.client.tls.conf = null (default)
2023-03-28 15:11:33,660 [pool-2-thread-9] INFO  netty.NettyConfigKeys$DataStream (ConfUtils.java:logGet(46)) - raft.netty.dataStream.client.reply.queue.grace-period = 1s (default)
2023-03-28 15:11:33,658 [pool-2-thread-5] INFO  client.DataStreamClient (ConfUtils.java:logGet(46)) - raft.datastream.type = NETTY (custom)
2023-03-28 15:11:33,664 [pool-2-thread-9] INFO  netty.NettyConfigKeys$DataStream (ConfUtils.java:logGet(46)) - raft.netty.dataStream.client.worker-group.share = false (default)
2023-03-28 15:11:33,664 [pool-2-thread-8] INFO  netty.NettyConfigKeys$DataStream (ConfUtils.java:logGet(46)) - raft.netty.dataStream.client.tls.conf = null (default)
2023-03-28 15:11:33,664 [pool-2-thread-8] INFO  netty.NettyConfigKeys$DataStream (ConfUtils.java:logGet(46)) - raft.netty.dataStream.client.reply.queue.grace-period = 1s (default)
2023-03-28 15:11:33,664 [pool-2-thread-8] INFO  netty.NettyConfigKeys$DataStream (ConfUtils.java:logGet(46)) - raft.netty.dataStream.client.worker-group.share = false (default)
2023-03-28 15:11:33,665 [pool-2-thread-8] INFO  netty.NettyConfigKeys$DataStream (ConfUtils.java:logGet(46)) - raft.netty.dataStream.client.worker-group.size = 4 (default)
2023-03-28 15:11:33,665 [pool-2-thread-7] INFO  netty.NettyConfigKeys$DataStream (ConfUtils.java:logGet(46)) - raft.netty.dataStream.client.tls.conf = null (default)
2023-03-28 15:11:33,665 [pool-2-thread-7] INFO  netty.NettyConfigKeys$DataStream (ConfUtils.java:logGet(46)) - raft.netty.dataStream.client.reply.queue.grace-period = 1s (default)
2023-03-28 15:11:33,666 [pool-2-thread-7] INFO  netty.NettyConfigKeys$DataStream (ConfUtils.java:logGet(46)) - raft.netty.dataStream.client.worker-group.share = false (default)
2023-03-28 15:11:33,666 [pool-2-thread-7] INFO  netty.NettyConfigKeys$DataStream (ConfUtils.java:logGet(46)) - raft.netty.dataStream.client.worker-group.size = 4 (default)
2023-03-28 15:11:33,664 [pool-2-thread-5] INFO  netty.NettyConfigKeys$DataStream (ConfUtils.java:logGet(46)) - raft.netty.dataStream.client.tls.conf = null (default)
2023-03-28 15:11:33,666 [pool-2-thread-5] INFO  netty.NettyConfigKeys$DataStream (ConfUtils.java:logGet(46)) - raft.netty.dataStream.client.reply.queue.grace-period = 1s (default)
2023-03-28 15:11:33,666 [pool-2-thread-5] INFO  netty.NettyConfigKeys$DataStream (ConfUtils.java:logGet(46)) - raft.netty.dataStream.client.worker-group.share = false (default)
2023-03-28 15:11:33,666 [pool-2-thread-5] INFO  netty.NettyConfigKeys$DataStream (ConfUtils.java:logGet(46)) - raft.netty.dataStream.client.worker-group.size = 4 (default)
2023-03-28 15:11:33,659 [pool-2-thread-3] INFO  netty.NettyConfigKeys$DataStream (ConfUtils.java:logGet(46)) - raft.netty.dataStream.client.tls.conf = null (default)
2023-03-28 15:11:33,668 [pool-2-thread-3] INFO  netty.NettyConfigKeys$DataStream (ConfUtils.java:logGet(46)) - raft.netty.dataStream.client.reply.queue.grace-period = 1s (default)
2023-03-28 15:11:33,668 [pool-2-thread-3] INFO  netty.NettyConfigKeys$DataStream (ConfUtils.java:logGet(46)) - raft.netty.dataStream.client.worker-group.share = false (default)
2023-03-28 15:11:33,668 [pool-2-thread-3] INFO  netty.NettyConfigKeys$DataStream (ConfUtils.java:logGet(46)) - raft.netty.dataStream.client.worker-group.size = 4 (default)
2023-03-28 15:11:33,671 [pool-2-thread-9] INFO  netty.NettyConfigKeys$DataStream (ConfUtils.java:logGet(46)) - raft.netty.dataStream.client.worker-group.size = 4 (default)
2023-03-28 15:11:33,673 [pool-2-thread-4] INFO  netty.NettyConfigKeys$DataStream (ConfUtils.java:logGet(46)) - raft.netty.dataStream.client.tls.conf = null (default)
2023-03-28 15:11:33,673 [pool-2-thread-4] INFO  netty.NettyConfigKeys$DataStream (ConfUtils.java:logGet(46)) - raft.netty.dataStream.client.reply.queue.grace-period = 1s (default)
2023-03-28 15:11:33,673 [pool-2-thread-4] INFO  netty.NettyConfigKeys$DataStream (ConfUtils.java:logGet(46)) - raft.netty.dataStream.client.worker-group.share = false (default)
2023-03-28 15:11:33,673 [pool-2-thread-6] INFO  netty.NettyConfigKeys$DataStream (ConfUtils.java:logGet(46)) - raft.netty.dataStream.client.tls.conf = null (default)
2023-03-28 15:11:33,674 [pool-2-thread-6] INFO  netty.NettyConfigKeys$DataStream (ConfUtils.java:logGet(46)) - raft.netty.dataStream.client.reply.queue.grace-period = 1s (default)
2023-03-28 15:11:33,674 [pool-2-thread-4] INFO  netty.NettyConfigKeys$DataStream (ConfUtils.java:logGet(46)) - raft.netty.dataStream.client.worker-group.size = 4 (default)
2023-03-28 15:11:33,674 [pool-2-thread-6] INFO  netty.NettyConfigKeys$DataStream (ConfUtils.java:logGet(46)) - raft.netty.dataStream.client.worker-group.share = false (default)
2023-03-28 15:11:33,675 [pool-2-thread-6] INFO  netty.NettyConfigKeys$DataStream (ConfUtils.java:logGet(46)) - raft.netty.dataStream.client.worker-group.size = 4 (default)
2023-03-28 15:11:33,750 [s0-NettyServerStreamRpc-bossGroup--thread1] INFO  logging.LoggingHandler (AbstractInternalLogger.java:log(148)) - [id: 0x9f62966e, L:0.0.0.0/0.0.0.0:34979] READ: [id: 0x51222290, L:/127.0.0.1:34979 - R:/127.0.0.1:59328]
2023-03-28 15:11:33,760 [s0-NettyServerStreamRpc-bossGroup--thread1] INFO  logging.LoggingHandler (AbstractInternalLogger.java:log(148)) - [id: 0x9f62966e, L:0.0.0.0/0.0.0.0:34979] READ COMPLETE
2023-03-28 15:11:33,760 [s0-NettyServerStreamRpc-bossGroup--thread1] INFO  logging.LoggingHandler (AbstractInternalLogger.java:log(148)) - [id: 0x9f62966e, L:0.0.0.0/0.0.0.0:34979] READ: [id: 0x97f6dd0e, L:/127.0.0.1:34979 - R:/127.0.0.1:59334]
2023-03-28 15:11:33,762 [s0-NettyServerStreamRpc-bossGroup--thread1] INFO  logging.LoggingHandler (AbstractInternalLogger.java:log(148)) - [id: 0x9f62966e, L:0.0.0.0/0.0.0.0:34979] READ COMPLETE
2023-03-28 15:11:33,763 [s0-NettyServerStreamRpc-bossGroup--thread1] INFO  logging.LoggingHandler (AbstractInternalLogger.java:log(148)) - [id: 0x9f62966e, L:0.0.0.0/0.0.0.0:34979] READ: [id: 0x263eb3ff, L:/127.0.0.1:34979 - R:/127.0.0.1:59342]
2023-03-28 15:11:33,763 [s0-NettyServerStreamRpc-bossGroup--thread1] INFO  logging.LoggingHandler (AbstractInternalLogger.java:log(148)) - [id: 0x9f62966e, L:0.0.0.0/0.0.0.0:34979] READ COMPLETE
2023-03-28 15:11:33,768 [s0-NettyServerStreamRpc-bossGroup--thread1] INFO  logging.LoggingHandler (AbstractInternalLogger.java:log(148)) - [id: 0x9f62966e, L:0.0.0.0/0.0.0.0:34979] READ: [id: 0x0d2f40df, L:/127.0.0.1:34979 - R:/127.0.0.1:59358]
2023-03-28 15:11:33,771 [s0-NettyServerStreamRpc-bossGroup--thread1] INFO  logging.LoggingHandler (AbstractInternalLogger.java:log(148)) - [id: 0x9f62966e, L:0.0.0.0/0.0.0.0:34979] READ COMPLETE
2023-03-28 15:11:33,773 [s0-NettyServerStreamRpc-bossGroup--thread1] INFO  logging.LoggingHandler (AbstractInternalLogger.java:log(148)) - [id: 0x9f62966e, L:0.0.0.0/0.0.0.0:34979] READ: [id: 0xb4fb3c35, L:/127.0.0.1:34979 - R:/127.0.0.1:59370]
2023-03-28 15:11:33,773 [s0-NettyServerStreamRpc-bossGroup--thread1] INFO  logging.LoggingHandler (AbstractInternalLogger.java:log(148)) - [id: 0x9f62966e, L:0.0.0.0/0.0.0.0:34979] READ COMPLETE
2023-03-28 15:11:33,789 [s0-NettyServerStreamRpc-bossGroup--thread1] INFO  logging.LoggingHandler (AbstractInternalLogger.java:log(148)) - [id: 0x9f62966e, L:0.0.0.0/0.0.0.0:34979] READ: [id: 0xa24c44d0, L:/127.0.0.1:34979 - R:/127.0.0.1:59380]
2023-03-28 15:11:33,789 [s0-NettyServerStreamRpc-bossGroup--thread1] INFO  logging.LoggingHandler (AbstractInternalLogger.java:log(148)) - [id: 0x9f62966e, L:0.0.0.0/0.0.0.0:34979] READ COMPLETE
2023-03-28 15:11:33,813 [pool-2-thread-10] INFO  datastream.DataStreamTestUtils (DataStreamTestUtils.java:writeAndCloseAndAssertReplies(311)) - start Stream1
2023-03-28 15:11:33,827 [s0-NettyServerStreamRpc-bossGroup--thread1] INFO  logging.LoggingHandler (AbstractInternalLogger.java:log(148)) - [id: 0x9f62966e, L:0.0.0.0/0.0.0.0:34979] READ: [id: 0xc2351e70, L:/127.0.0.1:34979 - R:/127.0.0.1:59396]
2023-03-28 15:11:33,828 [s0-NettyServerStreamRpc-bossGroup--thread1] INFO  logging.LoggingHandler (AbstractInternalLogger.java:log(148)) - [id: 0x9f62966e, L:0.0.0.0/0.0.0.0:34979] READ COMPLETE
2023-03-28 15:11:33,822 [pool-2-thread-12] INFO  datastream.DataStreamTestUtils (DataStreamTestUtils.java:writeAndCloseAndAssertReplies(311)) - start Stream7
2023-03-28 15:11:33,825 [pool-2-thread-13] INFO  datastream.DataStreamTestUtils (DataStreamTestUtils.java:writeAndCloseAndAssertReplies(311)) - start Stream8
2023-03-28 15:11:33,826 [pool-2-thread-14] INFO  datastream.DataStreamTestUtils (DataStreamTestUtils.java:writeAndCloseAndAssertReplies(311)) - start Stream9
2023-03-28 15:11:33,827 [pool-2-thread-15] INFO  datastream.DataStreamTestUtils (DataStreamTestUtils.java:writeAndCloseAndAssertReplies(311)) - start Stream10
2023-03-28 15:11:33,853 [pool-2-thread-16] INFO  datastream.DataStreamTestUtils (DataStreamTestUtils.java:writeAndCloseAndAssertReplies(311)) - start Stream3
2023-03-28 15:11:33,937 [pool-2-thread-11] INFO  datastream.DataStreamTestUtils (DataStreamTestUtils.java:writeAndCloseAndAssertReplies(311)) - start Stream5
2023-03-28 15:11:34,342 [pool-2-thread-16] INFO  datastream.DataStreamTestUtils (DataStreamTestUtils.java:writeAndCloseAndAssertReplies(320)) - Stream3: bytesWritten=738444
2023-03-28 15:11:34,374 [pool-2-thread-13] INFO  datastream.DataStreamTestUtils (DataStreamTestUtils.java:writeAndCloseAndAssertReplies(320)) - Stream8: bytesWritten=787686
2023-03-28 15:11:34,409 [pool-2-thread-10] INFO  datastream.DataStreamTestUtils (DataStreamTestUtils.java:writeAndCloseAndAssertReplies(320)) - Stream1: bytesWritten=738625
2023-03-28 15:11:34,422 [pool-2-thread-12] INFO  datastream.DataStreamTestUtils (DataStreamTestUtils.java:writeAndCloseAndAssertReplies(320)) - Stream7: bytesWritten=782298
2023-03-28 15:11:34,746 [pool-2-thread-14] INFO  datastream.DataStreamTestUtils (DataStreamTestUtils.java:writeAndCloseAndAssertReplies(320)) - Stream9: bytesWritten=788042
2023-03-28 15:11:35,252 [pool-2-thread-15] INFO  datastream.DataStreamTestUtils (DataStreamTestUtils.java:writeAndCloseAndAssertReplies(320)) - Stream10: bytesWritten=669312
2023-03-28 15:11:35,331 [s0-client-thread1] INFO  statemachine.StateMachine (DataStreamTestUtils.java:link(157)) - link SingleDataStream: writeRequest=RaftClientRequest:client-AA37E6F9A903->s0@group-A0AE61B3344E, cid=3, seq=0, DataStream, Message:<EMPTY>, logEntry=null
2023-03-28 15:11:35,348 [pool-2-thread-16] INFO  datastream.DataStreamTestUtils (DataStreamTestUtils.java:writeAndCloseAndAssertReplies(311)) - start Stream0
2023-03-28 15:11:35,368 [s0-client-thread1] INFO  statemachine.StateMachine (DataStreamTestUtils.java:link(157)) - link SingleDataStream: writeRequest=RaftClientRequest:client-8F38754795A5->s0@group-A0AE61B3344E, cid=8, seq=0, DataStream, Message:<EMPTY>, logEntry=null
2023-03-28 15:11:35,371 [pool-2-thread-13] INFO  datastream.DataStreamTestUtils (DataStreamTestUtils.java:writeAndCloseAndAssertReplies(311)) - start Stream13
2023-03-28 15:11:35,375 [s0-client-thread2] INFO  statemachine.StateMachine (DataStreamTestUtils.java:link(157)) - link SingleDataStream: writeRequest=RaftClientRequest:client-8F38754795A5->s0@group-A0AE61B3344E, cid=1, seq=0, DataStream, Message:<EMPTY>, logEntry=null
2023-03-28 15:11:35,380 [pool-2-thread-16] INFO  datastream.DataStreamTestUtils (DataStreamTestUtils.java:writeAndCloseAndAssertReplies(320)) - Stream0: bytesWritten=743022
2023-03-28 15:11:35,382 [pool-2-thread-13] INFO  datastream.DataStreamTestUtils (DataStreamTestUtils.java:writeAndCloseAndAssertReplies(320)) - Stream13: bytesWritten=748307
2023-03-28 15:11:35,383 [s0-client-thread2] INFO  statemachine.StateMachine (DataStreamTestUtils.java:link(157)) - link SingleDataStream: writeRequest=RaftClientRequest:client-8F38754795A5->s0@group-A0AE61B3344E, cid=7, seq=0, DataStream, Message:<EMPTY>, logEntry=null
2023-03-28 15:11:35,386 [pool-2-thread-10] INFO  datastream.DataStreamTestUtils (DataStreamTestUtils.java:writeAndCloseAndAssertReplies(311)) - start Stream14
2023-03-28 15:11:35,386 [s0-client-thread2] INFO  statemachine.StateMachine (DataStreamTestUtils.java:link(157)) - link SingleDataStream: writeRequest=RaftClientRequest:client-8F38754795A5->s0@group-A0AE61B3344E, cid=9, seq=0, DataStream, Message:<EMPTY>, logEntry=null
2023-03-28 15:11:35,387 [pool-2-thread-12] INFO  datastream.DataStreamTestUtils (DataStreamTestUtils.java:writeAndCloseAndAssertReplies(311)) - start Stream15
2023-03-28 15:11:35,393 [pool-2-thread-14] INFO  datastream.DataStreamTestUtils (DataStreamTestUtils.java:writeAndCloseAndAssertReplies(311)) - start Stream16
2023-03-28 15:11:35,424 [s0-client-thread2] INFO  statemachine.StateMachine (DataStreamTestUtils.java:link(157)) - link SingleDataStream: writeRequest=RaftClientRequest:client-8F38754795A5->s0@group-A0AE61B3344E, cid=10, seq=0, DataStream, Message:<EMPTY>, logEntry=null
2023-03-28 15:11:35,429 [pool-2-thread-15] INFO  datastream.DataStreamTestUtils (DataStreamTestUtils.java:writeAndCloseAndAssertReplies(311)) - start Stream17
2023-03-28 15:11:35,438 [s0-client-thread2] INFO  statemachine.StateMachine (DataStreamTestUtils.java:link(157)) - link SingleDataStream: writeRequest=RaftClientRequest:client-8BC03103DDC2->s0@group-A0AE61B3344E, cid=0, seq=0, DataStream, Message:<EMPTY>, logEntry=null
2023-03-28 15:11:35,440 [s0-client-thread2] INFO  statemachine.StateMachine (DataStreamTestUtils.java:link(157)) - link SingleDataStream: writeRequest=RaftClientRequest:client-8BC03103DDC2->s0@group-A0AE61B3344E, cid=13, seq=0, DataStream, Message:<EMPTY>, logEntry=null
2023-03-28 15:11:35,443 [pool-2-thread-16] INFO  datastream.DataStreamTestUtils (DataStreamTestUtils.java:writeAndCloseAndAssertReplies(311)) - start Stream4
2023-03-28 15:11:35,444 [pool-2-thread-13] INFO  datastream.DataStreamTestUtils (DataStreamTestUtils.java:writeAndCloseAndAssertReplies(311)) - start Stream19
2023-03-28 15:11:35,447 [pool-2-thread-12] INFO  datastream.DataStreamTestUtils (DataStreamTestUtils.java:writeAndCloseAndAssertReplies(320)) - Stream15: bytesWritten=724064
2023-03-28 15:11:35,447 [pool-2-thread-10] INFO  datastream.DataStreamTestUtils (DataStreamTestUtils.java:writeAndCloseAndAssertReplies(320)) - Stream14: bytesWritten=700594
2023-03-28 15:11:35,464 [pool-2-thread-15] INFO  datastream.DataStreamTestUtils (DataStreamTestUtils.java:writeAndCloseAndAssertReplies(320)) - Stream17: bytesWritten=711647
2023-03-28 15:11:35,470 [s0-client-thread2] INFO  statemachine.StateMachine (DataStreamTestUtils.java:link(157)) - link SingleDataStream: writeRequest=RaftClientRequest:client-8BC03103DDC2->s0@group-A0AE61B3344E, cid=15, seq=0, DataStream, Message:<EMPTY>, logEntry=null
2023-03-28 15:11:35,474 [pool-2-thread-12] INFO  datastream.DataStreamTestUtils (DataStreamTestUtils.java:writeAndCloseAndAssertReplies(311)) - start Stream20
2023-03-28 15:11:35,478 [pool-2-thread-14] INFO  datastream.DataStreamTestUtils (DataStreamTestUtils.java:writeAndCloseAndAssertReplies(320)) - Stream16: bytesWritten=705511
2023-03-28 15:11:35,478 [s0-client-thread2] INFO  statemachine.StateMachine (DataStreamTestUtils.java:link(157)) - link SingleDataStream: writeRequest=RaftClientRequest:client-8BC03103DDC2->s0@group-A0AE61B3344E, cid=14, seq=0, DataStream, Message:<EMPTY>, logEntry=null
2023-03-28 15:11:35,480 [s0-client-thread2] INFO  statemachine.StateMachine (DataStreamTestUtils.java:link(157)) - link SingleDataStream: writeRequest=RaftClientRequest:client-8BC03103DDC2->s0@group-A0AE61B3344E, cid=17, seq=0, DataStream, Message:<EMPTY>, logEntry=null
2023-03-28 15:11:35,483 [pool-2-thread-10] INFO  datastream.DataStreamTestUtils (DataStreamTestUtils.java:writeAndCloseAndAssertReplies(311)) - start Stream21
2023-03-28 15:11:35,488 [pool-2-thread-15] INFO  datastream.DataStreamTestUtils (DataStreamTestUtils.java:writeAndCloseAndAssertReplies(311)) - start Stream22
2023-03-28 15:11:35,492 [s0-client-thread2] INFO  statemachine.StateMachine (DataStreamTestUtils.java:link(157)) - link SingleDataStream: writeRequest=RaftClientRequest:client-8BC03103DDC2->s0@group-A0AE61B3344E, cid=16, seq=0, DataStream, Message:<EMPTY>, logEntry=null
2023-03-28 15:11:35,497 [pool-2-thread-14] INFO  datastream.DataStreamTestUtils (DataStreamTestUtils.java:writeAndCloseAndAssertReplies(311)) - start Stream23
2023-03-28 15:11:35,500 [pool-2-thread-13] INFO  datastream.DataStreamTestUtils (DataStreamTestUtils.java:writeAndCloseAndAssertReplies(320)) - Stream19: bytesWritten=765152
2023-03-28 15:11:35,504 [pool-2-thread-16] INFO  datastream.DataStreamTestUtils (DataStreamTestUtils.java:writeAndCloseAndAssertReplies(320)) - Stream4: bytesWritten=792613
2023-03-28 15:11:35,514 [pool-2-thread-12] INFO  datastream.DataStreamTestUtils (DataStreamTestUtils.java:writeAndCloseAndAssertReplies(320)) - Stream20: bytesWritten=725550
2023-03-28 15:11:35,533 [s0-client-thread2] INFO  statemachine.StateMachine (DataStreamTestUtils.java:link(157)) - link SingleDataStream: writeRequest=RaftClientRequest:client-79352F8ABDCE->s0@group-A0AE61B3344E, cid=19, seq=0, DataStream, Message:<EMPTY>, logEntry=null
2023-03-28 15:11:35,540 [pool-2-thread-13] INFO  datastream.DataStreamTestUtils (DataStreamTestUtils.java:writeAndCloseAndAssertReplies(311)) - start Stream24
2023-03-28 15:11:35,546 [s0-client-thread2] INFO  statemachine.StateMachine (DataStreamTestUtils.java:link(157)) - link SingleDataStream: writeRequest=RaftClientRequest:client-79352F8ABDCE->s0@group-A0AE61B3344E, cid=4, seq=0, DataStream, Message:<EMPTY>, logEntry=null
2023-03-28 15:11:35,549 [pool-2-thread-16] INFO  datastream.DataStreamTestUtils (DataStreamTestUtils.java:writeAndCloseAndAssertReplies(311)) - start Stream25
2023-03-28 15:11:35,554 [pool-2-thread-15] INFO  datastream.DataStreamTestUtils (DataStreamTestUtils.java:writeAndCloseAndAssertReplies(320)) - Stream22: bytesWritten=799259
2023-03-28 15:11:35,554 [pool-2-thread-10] INFO  datastream.DataStreamTestUtils (DataStreamTestUtils.java:writeAndCloseAndAssertReplies(320)) - Stream21: bytesWritten=674373
2023-03-28 15:11:35,555 [pool-2-thread-14] INFO  datastream.DataStreamTestUtils (DataStreamTestUtils.java:writeAndCloseAndAssertReplies(320)) - Stream23: bytesWritten=813455
2023-03-28 15:11:35,556 [s0-client-thread2] INFO  statemachine.StateMachine (DataStreamTestUtils.java:link(157)) - link SingleDataStream: writeRequest=RaftClientRequest:client-79352F8ABDCE->s0@group-A0AE61B3344E, cid=20, seq=0, DataStream, Message:<EMPTY>, logEntry=null
2023-03-28 15:11:35,560 [pool-2-thread-12] INFO  datastream.DataStreamTestUtils (DataStreamTestUtils.java:writeAndCloseAndAssertReplies(311)) - start Stream6
2023-03-28 15:11:35,591 [pool-2-thread-16] INFO  datastream.DataStreamTestUtils (DataStreamTestUtils.java:writeAndCloseAndAssertReplies(320)) - Stream25: bytesWritten=776743
2023-03-28 15:11:35,599 [s0-client-thread2] INFO  statemachine.StateMachine (DataStreamTestUtils.java:link(157)) - link SingleDataStream: writeRequest=RaftClientRequest:client-79352F8ABDCE->s0@group-A0AE61B3344E, cid=22, seq=0, DataStream, Message:<EMPTY>, logEntry=null
2023-03-28 15:11:35,603 [pool-2-thread-15] INFO  datastream.DataStreamTestUtils (DataStreamTestUtils.java:writeAndCloseAndAssertReplies(311)) - start Stream18
2023-03-28 15:11:35,612 [s0-client-thread2] INFO  statemachine.StateMachine (DataStreamTestUtils.java:link(157)) - link SingleDataStream: writeRequest=RaftClientRequest:client-79352F8ABDCE->s0@group-A0AE61B3344E, cid=21, seq=0, DataStream, Message:<EMPTY>, logEntry=null
2023-03-28 15:11:35,615 [pool-2-thread-15] INFO  datastream.DataStreamTestUtils (DataStreamTestUtils.java:writeAndCloseAndAssertReplies(320)) - Stream18: bytesWritten=732718
2023-03-28 15:11:35,616 [s0-client-thread2] INFO  statemachine.StateMachine (DataStreamTestUtils.java:link(157)) - link SingleDataStream: writeRequest=RaftClientRequest:client-79352F8ABDCE->s0@group-A0AE61B3344E, cid=23, seq=0, DataStream, Message:<EMPTY>, logEntry=null
2023-03-28 15:11:35,620 [s0-client-thread2] INFO  statemachine.StateMachine (DataStreamTestUtils.java:link(157)) - link SingleDataStream: writeRequest=RaftClientRequest:client-8BC03103DDC2->s0@group-A0AE61B3344E, cid=18, seq=0, DataStream, Message:<EMPTY>, logEntry=null
2023-03-28 15:11:35,622 [pool-2-thread-15] INFO  datastream.DataStreamTestUtils (DataStreamTestUtils.java:writeAndCloseAndAssertReplies(311)) - start Stream27
2023-03-28 15:11:35,641 [pool-2-thread-13] INFO  datastream.DataStreamTestUtils (DataStreamTestUtils.java:writeAndCloseAndAssertReplies(320)) - Stream24: bytesWritten=733534
2023-03-28 15:11:35,643 [pool-2-thread-10] INFO  datastream.DataStreamTestUtils (DataStreamTestUtils.java:writeAndCloseAndAssertReplies(311)) - start Stream28
2023-03-28 15:11:35,673 [pool-2-thread-14] INFO  datastream.DataStreamTestUtils (DataStreamTestUtils.java:writeAndCloseAndAssertReplies(311)) - start Stream29
2023-03-28 15:11:35,677 [s0-client-thread2] INFO  statemachine.StateMachine (DataStreamTestUtils.java:link(157)) - link SingleDataStream: writeRequest=RaftClientRequest:client-79352F8ABDCE->s0@group-A0AE61B3344E, cid=25, seq=0, DataStream, Message:<EMPTY>, logEntry=null
2023-03-28 15:11:35,698 [pool-2-thread-16] INFO  datastream.DataStreamTestUtils (DataStreamTestUtils.java:writeAndCloseAndAssertReplies(311)) - start Stream30
2023-03-28 15:11:35,705 [pool-2-thread-10] INFO  datastream.DataStreamTestUtils (DataStreamTestUtils.java:writeAndCloseAndAssertReplies(320)) - Stream28: bytesWritten=757274
2023-03-28 15:11:35,710 [s0-client-thread2] INFO  statemachine.StateMachine (DataStreamTestUtils.java:link(157)) - link SingleDataStream: writeRequest=RaftClientRequest:client-79352F8ABDCE->s0@group-A0AE61B3344E, cid=24, seq=0, DataStream, Message:<EMPTY>, logEntry=null
2023-03-28 15:11:35,715 [pool-2-thread-13] INFO  datastream.DataStreamTestUtils (DataStreamTestUtils.java:writeAndCloseAndAssertReplies(311)) - start Stream31
2023-03-28 15:11:35,716 [s0-client-thread2] INFO  statemachine.StateMachine (DataStreamTestUtils.java:link(157)) - link SingleDataStream: writeRequest=RaftClientRequest:client-8BC03103DDC2->s0@group-A0AE61B3344E, cid=28, seq=0, DataStream, Message:<EMPTY>, logEntry=null
2023-03-28 15:11:35,723 [pool-2-thread-10] INFO  datastream.DataStreamTestUtils (DataStreamTestUtils.java:writeAndCloseAndAssertReplies(311)) - start Stream32
2023-03-28 15:11:35,731 [pool-2-thread-16] INFO  datastream.DataStreamTestUtils (DataStreamTestUtils.java:writeAndCloseAndAssertReplies(320)) - Stream30: bytesWritten=813993
2023-03-28 15:11:35,734 [pool-2-thread-10] INFO  datastream.DataStreamTestUtils (DataStreamTestUtils.java:writeAndCloseAndAssertReplies(320)) - Stream32: bytesWritten=795257
2023-03-28 15:11:35,735 [s0-client-thread2] INFO  statemachine.StateMachine (DataStreamTestUtils.java:link(157)) - link SingleDataStream: writeRequest=RaftClientRequest:client-8BC03103DDC2->s0@group-A0AE61B3344E, cid=30, seq=0, DataStream, Message:<EMPTY>, logEntry=null
2023-03-28 15:11:35,752 [s0-client-thread2] INFO  statemachine.StateMachine (DataStreamTestUtils.java:link(157)) - link SingleDataStream: writeRequest=RaftClientRequest:client-8BC03103DDC2->s0@group-A0AE61B3344E, cid=32, seq=0, DataStream, Message:<EMPTY>, logEntry=null
2023-03-28 15:11:35,755 [pool-2-thread-16] INFO  datastream.DataStreamTestUtils (DataStreamTestUtils.java:writeAndCloseAndAssertReplies(311)) - start Stream33
2023-03-28 15:11:35,791 [pool-2-thread-10] INFO  datastream.DataStreamTestUtils (DataStreamTestUtils.java:writeAndCloseAndAssertReplies(311)) - start Stream34
2023-03-28 15:11:35,964 [pool-2-thread-7] INFO  datastream.DataStreamTestUtils (DataStreamTestUtils.java:writeAndCloseAndAssertReplies(311)) - start Stream35
2023-03-28 15:11:36,539 [pool-2-thread-11] INFO  datastream.DataStreamTestUtils (DataStreamTestUtils.java:writeAndCloseAndAssertReplies(320)) - Stream5: bytesWritten=3761692
2023-03-28 15:11:36,575 [s0-client-thread2] INFO  statemachine.StateMachine (DataStreamTestUtils.java:link(157)) - link SingleDataStream: writeRequest=RaftClientRequest:client-0ECC2D780942->s0@group-A0AE61B3344E, cid=5, seq=0, DataStream, Message:<EMPTY>, logEntry=null
2023-03-28 15:11:36,577 [pool-2-thread-11] INFO  datastream.DataStreamTestUtils (DataStreamTestUtils.java:writeAndCloseAndAssertReplies(311)) - start Stream36
2023-03-28 15:11:38,528 [pool-2-thread-12] INFO  datastream.DataStreamTestUtils (DataStreamTestUtils.java:writeAndCloseAndAssertReplies(320)) - Stream6: bytesWritten=3742279
2023-03-28 15:11:39,578 [pool-2-thread-13] INFO  datastream.DataStreamTestUtils (DataStreamTestUtils.java:writeAndCloseAndAssertReplies(320)) - Stream31: bytesWritten=3763323
2023-03-28 15:11:39,680 [pool-2-thread-14] INFO  datastream.DataStreamTestUtils (DataStreamTestUtils.java:writeAndCloseAndAssertReplies(320)) - Stream29: bytesWritten=3764563
2023-03-28 15:11:39,712 [pool-2-thread-10] INFO  datastream.DataStreamTestUtils (DataStreamTestUtils.java:writeAndCloseAndAssertReplies(320)) - Stream34: bytesWritten=3750025
2023-03-28 15:11:39,718 [pool-2-thread-16] INFO  datastream.DataStreamTestUtils (DataStreamTestUtils.java:writeAndCloseAndAssertReplies(320)) - Stream33: bytesWritten=3739739
2023-03-28 15:11:39,856 [pool-2-thread-15] INFO  datastream.DataStreamTestUtils (DataStreamTestUtils.java:writeAndCloseAndAssertReplies(320)) - Stream27: bytesWritten=3767923
2023-03-28 15:11:39,896 [pool-2-thread-7] INFO  datastream.DataStreamTestUtils (DataStreamTestUtils.java:writeAndCloseAndAssertReplies(320)) - Stream35: bytesWritten=3756586
2023-03-28 15:11:40,027 [pool-2-thread-11] INFO  datastream.DataStreamTestUtils (DataStreamTestUtils.java:writeAndCloseAndAssertReplies(320)) - Stream36: bytesWritten=3749123
2023-03-28 15:11:40,042 [s0-client-thread2] INFO  statemachine.StateMachine (DataStreamTestUtils.java:link(157)) - link SingleDataStream: writeRequest=RaftClientRequest:client-98733CBEB2A6->s0@group-A0AE61B3344E, cid=6, seq=0, DataStream, Message:<EMPTY>, logEntry=null
2023-03-28 15:11:40,044 [s0-client-thread2] INFO  statemachine.StateMachine (DataStreamTestUtils.java:link(157)) - link SingleDataStream: writeRequest=RaftClientRequest:client-98733CBEB2A6->s0@group-A0AE61B3344E, cid=31, seq=0, DataStream, Message:<EMPTY>, logEntry=null
2023-03-28 15:11:40,047 [pool-2-thread-12] INFO  datastream.DataStreamTestUtils (DataStreamTestUtils.java:writeAndCloseAndAssertReplies(311)) - start Stream11
2023-03-28 15:11:40,053 [pool-2-thread-13] INFO  datastream.DataStreamTestUtils (DataStreamTestUtils.java:writeAndCloseAndAssertReplies(311)) - start Stream37
2023-03-28 15:11:40,060 [s0-client-thread2] INFO  statemachine.StateMachine (DataStreamTestUtils.java:link(157)) - link SingleDataStream: writeRequest=RaftClientRequest:client-98733CBEB2A6->s0@group-A0AE61B3344E, cid=29, seq=0, DataStream, Message:<EMPTY>, logEntry=null
2023-03-28 15:11:40,062 [s0-client-thread2] INFO  statemachine.StateMachine (DataStreamTestUtils.java:link(157)) - link SingleDataStream: writeRequest=RaftClientRequest:client-98733CBEB2A6->s0@group-A0AE61B3344E, cid=34, seq=0, DataStream, Message:<EMPTY>, logEntry=null
2023-03-28 15:11:40,064 [pool-2-thread-14] INFO  datastream.DataStreamTestUtils (DataStreamTestUtils.java:writeAndCloseAndAssertReplies(311)) - start Stream38
2023-03-28 15:11:40,065 [s0-client-thread2] INFO  statemachine.StateMachine (DataStreamTestUtils.java:link(157)) - link SingleDataStream: writeRequest=RaftClientRequest:client-98733CBEB2A6->s0@group-A0AE61B3344E, cid=33, seq=0, DataStream, Message:<EMPTY>, logEntry=null
2023-03-28 15:11:40,066 [pool-2-thread-12] INFO  datastream.DataStreamTestUtils (DataStreamTestUtils.java:writeAndCloseAndAssertReplies(320)) - Stream11: bytesWritten=850158
2023-03-28 15:11:40,068 [s0-client-thread2] INFO  statemachine.StateMachine (DataStreamTestUtils.java:link(157)) - link SingleDataStream: writeRequest=RaftClientRequest:client-98733CBEB2A6->s0@group-A0AE61B3344E, cid=27, seq=0, DataStream, Message:<EMPTY>, logEntry=null
2023-03-28 15:11:40,073 [s0-client-thread1] INFO  statemachine.StateMachine (DataStreamTestUtils.java:link(157)) - link SingleDataStream: writeRequest=RaftClientRequest:client-8F38754795A5->s0@group-A0AE61B3344E, cid=11, seq=0, DataStream, Message:<EMPTY>, logEntry=null
2023-03-28 15:11:40,079 [pool-2-thread-10] INFO  datastream.DataStreamTestUtils (DataStreamTestUtils.java:writeAndCloseAndAssertReplies(311)) - start Stream39
2023-03-28 15:11:40,079 [pool-2-thread-16] INFO  datastream.DataStreamTestUtils (DataStreamTestUtils.java:writeAndCloseAndAssertReplies(311)) - start Stream40
2023-03-28 15:11:40,081 [pool-2-thread-12] INFO  datastream.DataStreamTestUtils (DataStreamTestUtils.java:writeAndCloseAndAssertReplies(311)) - start Stream41
2023-03-28 15:11:40,083 [pool-2-thread-15] INFO  datastream.DataStreamTestUtils (DataStreamTestUtils.java:writeAndCloseAndAssertReplies(311)) - start Stream42
2023-03-28 15:11:40,084 [s0-client-thread2] INFO  statemachine.StateMachine (DataStreamTestUtils.java:link(157)) - link SingleDataStream: writeRequest=RaftClientRequest:client-98733CBEB2A6->s0@group-A0AE61B3344E, cid=35, seq=0, DataStream, Message:<EMPTY>, logEntry=null
2023-03-28 15:11:40,089 [s0-client-thread1] INFO  statemachine.StateMachine (DataStreamTestUtils.java:link(157)) - link SingleDataStream: writeRequest=RaftClientRequest:client-98733CBEB2A6->s0@group-A0AE61B3344E, cid=36, seq=0, DataStream, Message:<EMPTY>, logEntry=null
2023-03-28 15:11:40,090 [pool-2-thread-7] INFO  datastream.DataStreamTestUtils (DataStreamTestUtils.java:writeAndCloseAndAssertReplies(311)) - start Stream43
2023-03-28 15:11:40,095 [pool-2-thread-11] INFO  datastream.DataStreamTestUtils (DataStreamTestUtils.java:writeAndCloseAndAssertReplies(311)) - start Stream44
2023-03-28 15:11:40,095 [pool-2-thread-10] INFO  datastream.DataStreamTestUtils (DataStreamTestUtils.java:writeAndCloseAndAssertReplies(320)) - Stream39: bytesWritten=760498
2023-03-28 15:11:40,108 [s0-client-thread2] INFO  statemachine.StateMachine (DataStreamTestUtils.java:link(157)) - link SingleDataStream: writeRequest=RaftClientRequest:client-8F38754795A5->s0@group-A0AE61B3344E, cid=39, seq=0, DataStream, Message:<EMPTY>, logEntry=null
2023-03-28 15:11:40,136 [pool-2-thread-7] INFO  datastream.DataStreamTestUtils (DataStreamTestUtils.java:writeAndCloseAndAssertReplies(320)) - Stream43: bytesWritten=738012
2023-03-28 15:11:40,137 [pool-2-thread-10] INFO  datastream.DataStreamTestUtils (DataStreamTestUtils.java:writeAndCloseAndAssertReplies(311)) - start Stream45
2023-03-28 15:11:40,156 [s0-client-thread2] INFO  statemachine.StateMachine (DataStreamTestUtils.java:link(157)) - link SingleDataStream: writeRequest=RaftClientRequest:client-8F38754795A5->s0@group-A0AE61B3344E, cid=43, seq=0, DataStream, Message:<EMPTY>, logEntry=null
2023-03-28 15:11:40,160 [pool-2-thread-7] INFO  datastream.DataStreamTestUtils (DataStreamTestUtils.java:writeAndCloseAndAssertReplies(311)) - start Stream46
2023-03-28 15:11:40,165 [pool-2-thread-10] INFO  datastream.DataStreamTestUtils (DataStreamTestUtils.java:writeAndCloseAndAssertReplies(320)) - Stream45: bytesWritten=767178
2023-03-28 15:11:40,173 [s0-client-thread2] INFO  statemachine.StateMachine (DataStreamTestUtils.java:link(157)) - link SingleDataStream: writeRequest=RaftClientRequest:client-8F38754795A5->s0@group-A0AE61B3344E, cid=45, seq=0, DataStream, Message:<EMPTY>, logEntry=null
2023-03-28 15:11:40,174 [pool-2-thread-12] INFO  datastream.DataStreamTestUtils (DataStreamTestUtils.java:writeAndCloseAndAssertReplies(320)) - Stream41: bytesWritten=748280
2023-03-28 15:11:40,181 [pool-2-thread-10] INFO  datastream.DataStreamTestUtils (DataStreamTestUtils.java:writeAndCloseAndAssertReplies(311)) - start Stream47
2023-03-28 15:11:40,187 [s0-client-thread2] INFO  statemachine.StateMachine (DataStreamTestUtils.java:link(157)) - link SingleDataStream: writeRequest=RaftClientRequest:client-8F38754795A5->s0@group-A0AE61B3344E, cid=41, seq=0, DataStream, Message:<EMPTY>, logEntry=null
2023-03-28 15:11:40,189 [pool-2-thread-12] INFO  datastream.DataStreamTestUtils (DataStreamTestUtils.java:writeAndCloseAndAssertReplies(311)) - start Stream48
2023-03-28 15:11:40,347 [pool-2-thread-8] INFO  datastream.DataStreamTestUtils (DataStreamTestUtils.java:writeAndCloseAndAssertReplies(311)) - start Stream49
2023-03-28 15:11:42,622 [pool-2-thread-11] INFO  datastream.DataStreamTestUtils (DataStreamTestUtils.java:writeAndCloseAndAssertReplies(320)) - Stream44: bytesWritten=3760542
2023-03-28 15:11:42,732 [pool-2-thread-14] INFO  datastream.DataStreamTestUtils (DataStreamTestUtils.java:writeAndCloseAndAssertReplies(320)) - Stream38: bytesWritten=3734659
2023-03-28 15:11:42,877 [pool-2-thread-13] INFO  datastream.DataStreamTestUtils (DataStreamTestUtils.java:writeAndCloseAndAssertReplies(320)) - Stream37: bytesWritten=3744697
2023-03-28 15:11:42,992 [pool-2-thread-12] INFO  datastream.DataStreamTestUtils (DataStreamTestUtils.java:writeAndCloseAndAssertReplies(320)) - Stream48: bytesWritten=3738209
2023-03-28 15:11:43,010 [pool-2-thread-15] INFO  datastream.DataStreamTestUtils (DataStreamTestUtils.java:writeAndCloseAndAssertReplies(320)) - Stream42: bytesWritten=3737759
2023-03-28 15:11:43,075 [pool-2-thread-7] INFO  datastream.DataStreamTestUtils (DataStreamTestUtils.java:writeAndCloseAndAssertReplies(320)) - Stream46: bytesWritten=3751040
2023-03-28 15:11:43,076 [pool-2-thread-16] INFO  datastream.DataStreamTestUtils (DataStreamTestUtils.java:writeAndCloseAndAssertReplies(320)) - Stream40: bytesWritten=3755539
2023-03-28 15:11:43,134 [pool-2-thread-10] INFO  datastream.DataStreamTestUtils (DataStreamTestUtils.java:writeAndCloseAndAssertReplies(320)) - Stream47: bytesWritten=3755175
2023-03-28 15:11:43,155 [Timer-0] INFO  impl.MiniRaftCluster (MiniRaftCluster.java:lambda$start$6(349)) - TIMED-PRINT: printing ALL groups
  s0:  RUNNING    LEADER s0@group-A0AE61B3344E:t1, leader=s0, voted=s0, raftlog=Memoized:s0@group-A0AE61B3344E-SegmentedRaftLog:OPENED:c75, conf=0: peers:[s0|rpc:localhost:42109|admin:localhost:39743|client:localhost:36063|dataStream:localhost:34979|priority:0|startupRole:FOLLOWER]|listeners:[], old=null RUNNING
2023-03-28 15:11:43,180 [pool-2-thread-8] INFO  datastream.DataStreamTestUtils (DataStreamTestUtils.java:writeAndCloseAndAssertReplies(320)) - Stream49: bytesWritten=3733533
2023-03-28 15:11:43,183 [s0-client-thread2] INFO  statemachine.StateMachine (DataStreamTestUtils.java:link(157)) - link SingleDataStream: writeRequest=RaftClientRequest:client-98733CBEB2A6->s0@group-A0AE61B3344E, cid=44, seq=0, DataStream, Message:<EMPTY>, logEntry=null
2023-03-28 15:11:43,185 [s0-client-thread2] INFO  statemachine.StateMachine (DataStreamTestUtils.java:link(157)) - link SingleDataStream: writeRequest=RaftClientRequest:client-98733CBEB2A6->s0@group-A0AE61B3344E, cid=38, seq=0, DataStream, Message:<EMPTY>, logEntry=null
2023-03-28 15:11:43,188 [pool-2-thread-11] INFO  datastream.DataStreamTestUtils (DataStreamTestUtils.java:writeAndCloseAndAssertReplies(311)) - start Stream50
2023-03-28 15:11:43,192 [pool-2-thread-14] INFO  datastream.DataStreamTestUtils (DataStreamTestUtils.java:writeAndCloseAndAssertReplies(311)) - start Stream51
2023-03-28 15:11:43,194 [s0-client-thread2] INFO  statemachine.StateMachine (DataStreamTestUtils.java:link(157)) - link SingleDataStream: writeRequest=RaftClientRequest:client-98733CBEB2A6->s0@group-A0AE61B3344E, cid=37, seq=0, DataStream, Message:<EMPTY>, logEntry=null
2023-03-28 15:11:43,195 [s0-client-thread2] INFO  statemachine.StateMachine (DataStreamTestUtils.java:link(157)) - link SingleDataStream: writeRequest=RaftClientRequest:client-98733CBEB2A6->s0@group-A0AE61B3344E, cid=48, seq=0, DataStream, Message:<EMPTY>, logEntry=null
2023-03-28 15:11:43,196 [s0-client-thread1] INFO  statemachine.StateMachine (DataStreamTestUtils.java:link(157)) - link SingleDataStream: writeRequest=RaftClientRequest:client-98733CBEB2A6->s0@group-A0AE61B3344E, cid=42, seq=0, DataStream, Message:<EMPTY>, logEntry=null
2023-03-28 15:11:43,198 [s0-client-thread1] INFO  statemachine.StateMachine (DataStreamTestUtils.java:link(157)) - link SingleDataStream: writeRequest=RaftClientRequest:client-98733CBEB2A6->s0@group-A0AE61B3344E, cid=46, seq=0, DataStream, Message:<EMPTY>, logEntry=null
2023-03-28 15:11:43,198 [pool-2-thread-13] INFO  datastream.DataStreamTestUtils (DataStreamTestUtils.java:writeAndCloseAndAssertReplies(311)) - start Stream52
2023-03-28 15:11:43,199 [s0-client-thread1] INFO  statemachine.StateMachine (DataStreamTestUtils.java:link(157)) - link SingleDataStream: writeRequest=RaftClientRequest:client-98733CBEB2A6->s0@group-A0AE61B3344E, cid=40, seq=0, DataStream, Message:<EMPTY>, logEntry=null
2023-03-28 15:11:43,199 [s0-client-thread1] INFO  statemachine.StateMachine (DataStreamTestUtils.java:link(157)) - link SingleDataStream: writeRequest=RaftClientRequest:client-98733CBEB2A6->s0@group-A0AE61B3344E, cid=47, seq=0, DataStream, Message:<EMPTY>, logEntry=null
2023-03-28 15:11:43,200 [pool-2-thread-12] INFO  datastream.DataStreamTestUtils (DataStreamTestUtils.java:writeAndCloseAndAssertReplies(311)) - start Stream26
2023-03-28 15:11:43,206 [pool-2-thread-7] INFO  datastream.DataStreamTestUtils (DataStreamTestUtils.java:writeAndCloseAndAssertReplies(311)) - start Stream53
2023-03-28 15:11:43,206 [pool-2-thread-15] INFO  datastream.DataStreamTestUtils (DataStreamTestUtils.java:writeAndCloseAndAssertReplies(311)) - start Stream2
2023-03-28 15:11:43,207 [pool-2-thread-16] INFO  datastream.DataStreamTestUtils (DataStreamTestUtils.java:writeAndCloseAndAssertReplies(311)) - start Stream54
2023-03-28 15:11:43,207 [pool-2-thread-10] INFO  datastream.DataStreamTestUtils (DataStreamTestUtils.java:writeAndCloseAndAssertReplies(311)) - start Stream55
2023-03-28 15:11:43,231 [pool-2-thread-12] INFO  datastream.DataStreamTestUtils (DataStreamTestUtils.java:writeAndCloseAndAssertReplies(320)) - Stream26: bytesWritten=738844
2023-03-28 15:11:43,231 [pool-2-thread-7] INFO  datastream.DataStreamTestUtils (DataStreamTestUtils.java:writeAndCloseAndAssertReplies(320)) - Stream53: bytesWritten=709976
2023-03-28 15:11:43,232 [pool-2-thread-16] INFO  datastream.DataStreamTestUtils (DataStreamTestUtils.java:writeAndCloseAndAssertReplies(320)) - Stream54: bytesWritten=684169
2023-03-28 15:11:43,239 [s0-client-thread2] INFO  statemachine.StateMachine (DataStreamTestUtils.java:link(157)) - link SingleDataStream: writeRequest=RaftClientRequest:client-79352F8ABDCE->s0@group-A0AE61B3344E, cid=26, seq=0, DataStream, Message:<EMPTY>, logEntry=null
2023-03-28 15:11:43,239 [pool-2-thread-15] INFO  datastream.DataStreamTestUtils (DataStreamTestUtils.java:writeAndCloseAndAssertReplies(320)) - Stream2: bytesWritten=709422
2023-03-28 15:11:43,241 [s0-client-thread1] INFO  statemachine.StateMachine (DataStreamTestUtils.java:link(157)) - link SingleDataStream: writeRequest=RaftClientRequest:client-79352F8ABDCE->s0@group-A0AE61B3344E, cid=53, seq=0, DataStream, Message:<EMPTY>, logEntry=null
2023-03-28 15:11:43,243 [pool-2-thread-12] INFO  datastream.DataStreamTestUtils (DataStreamTestUtils.java:writeAndCloseAndAssertReplies(311)) - start Stream56
2023-03-28 15:11:43,248 [pool-2-thread-7] INFO  datastream.DataStreamTestUtils (DataStreamTestUtils.java:writeAndCloseAndAssertReplies(311)) - start Stream57
2023-03-28 15:11:43,256 [pool-2-thread-10] INFO  datastream.DataStreamTestUtils (DataStreamTestUtils.java:writeAndCloseAndAssertReplies(320)) - Stream55: bytesWritten=783395
2023-03-28 15:11:43,259 [pool-2-thread-12] INFO  datastream.DataStreamTestUtils (DataStreamTestUtils.java:writeAndCloseAndAssertReplies(320)) - Stream56: bytesWritten=797761
2023-03-28 15:11:43,264 [pool-2-thread-7] INFO  datastream.DataStreamTestUtils (DataStreamTestUtils.java:writeAndCloseAndAssertReplies(320)) - Stream57: bytesWritten=732292
2023-03-28 15:11:43,281 [s0-client-thread2] INFO  statemachine.StateMachine (DataStreamTestUtils.java:link(157)) - link SingleDataStream: writeRequest=RaftClientRequest:client-45C5998F0670->s0@group-A0AE61B3344E, cid=54, seq=0, DataStream, Message:<EMPTY>, logEntry=null
2023-03-28 15:11:43,283 [s0-client-thread2] INFO  statemachine.StateMachine (DataStreamTestUtils.java:link(157)) - link SingleDataStream: writeRequest=RaftClientRequest:client-45C5998F0670->s0@group-A0AE61B3344E, cid=2, seq=0, DataStream, Message:<EMPTY>, logEntry=null
2023-03-28 15:11:43,285 [pool-2-thread-16] INFO  datastream.DataStreamTestUtils (DataStreamTestUtils.java:writeAndCloseAndAssertReplies(311)) - start Stream58
2023-03-28 15:11:43,287 [pool-2-thread-15] INFO  datastream.DataStreamTestUtils (DataStreamTestUtils.java:writeAndCloseAndAssertReplies(311)) - start Stream59
2023-03-28 15:11:43,289 [s0-client-thread2] INFO  statemachine.StateMachine (DataStreamTestUtils.java:link(157)) - link SingleDataStream: writeRequest=RaftClientRequest:client-45C5998F0670->s0@group-A0AE61B3344E, cid=55, seq=0, DataStream, Message:<EMPTY>, logEntry=null
2023-03-28 15:11:43,290 [s0-client-thread1] INFO  statemachine.StateMachine (DataStreamTestUtils.java:link(157)) - link SingleDataStream: writeRequest=RaftClientRequest:client-45C5998F0670->s0@group-A0AE61B3344E, cid=56, seq=0, DataStream, Message:<EMPTY>, logEntry=null
2023-03-28 15:11:43,293 [s0-client-thread1] INFO  statemachine.StateMachine (DataStreamTestUtils.java:link(157)) - link SingleDataStream: writeRequest=RaftClientRequest:client-45C5998F0670->s0@group-A0AE61B3344E, cid=57, seq=0, DataStream, Message:<EMPTY>, logEntry=null
2023-03-28 15:11:43,295 [pool-2-thread-10] INFO  datastream.DataStreamTestUtils (DataStreamTestUtils.java:writeAndCloseAndAssertReplies(311)) - start Stream60
2023-03-28 15:11:43,295 [pool-2-thread-12] INFO  datastream.DataStreamTestUtils (DataStreamTestUtils.java:writeAndCloseAndAssertReplies(311)) - start Stream61
2023-03-28 15:11:43,300 [pool-2-thread-7] INFO  datastream.DataStreamTestUtils (DataStreamTestUtils.java:writeAndCloseAndAssertReplies(311)) - start Stream62
2023-03-28 15:11:43,309 [s0-client-thread2] INFO  statemachine.StateMachine (DataStreamTestUtils.java:link(157)) - link SingleDataStream: writeRequest=RaftClientRequest:client-98733CBEB2A6->s0@group-A0AE61B3344E, cid=49, seq=0, DataStream, Message:<EMPTY>, logEntry=null
2023-03-28 15:11:43,314 [pool-2-thread-8] INFO  datastream.DataStreamTestUtils (DataStreamTestUtils.java:writeAndCloseAndAssertReplies(311)) - start Stream12
2023-03-28 15:11:43,329 [pool-2-thread-15] INFO  datastream.DataStreamTestUtils (DataStreamTestUtils.java:writeAndCloseAndAssertReplies(320)) - Stream59: bytesWritten=714090
2023-03-28 15:11:43,331 [pool-2-thread-12] INFO  datastream.DataStreamTestUtils (DataStreamTestUtils.java:writeAndCloseAndAssertReplies(320)) - Stream61: bytesWritten=770498
2023-03-28 15:11:43,333 [pool-2-thread-10] INFO  datastream.DataStreamTestUtils (DataStreamTestUtils.java:writeAndCloseAndAssertReplies(320)) - Stream60: bytesWritten=740636
2023-03-28 15:11:43,334 [pool-2-thread-16] INFO  datastream.DataStreamTestUtils (DataStreamTestUtils.java:writeAndCloseAndAssertReplies(320)) - Stream58: bytesWritten=647187
2023-03-28 15:11:43,342 [pool-2-thread-7] INFO  datastream.DataStreamTestUtils (DataStreamTestUtils.java:writeAndCloseAndAssertReplies(320)) - Stream62: bytesWritten=692712
2023-03-28 15:11:43,378 [pool-2-thread-4] INFO  datastream.DataStreamTestUtils (DataStreamTestUtils.java:writeAndCloseAndAssertReplies(311)) - start Stream63
2023-03-28 15:11:43,382 [pool-2-thread-8] INFO  datastream.DataStreamTestUtils (DataStreamTestUtils.java:writeAndCloseAndAssertReplies(320)) - Stream12: bytesWritten=770917
2023-03-28 15:11:43,472 [s0-client-thread2] INFO  statemachine.StateMachine (DataStreamTestUtils.java:link(157)) - link SingleDataStream: writeRequest=RaftClientRequest:client-45C5998F0670->s0@group-A0AE61B3344E, cid=59, seq=0, DataStream, Message:<EMPTY>, logEntry=null
2023-03-28 15:11:43,486 [s0-client-thread2] INFO  statemachine.StateMachine (DataStreamTestUtils.java:link(157)) - link SingleDataStream: writeRequest=RaftClientRequest:client-45C5998F0670->s0@group-A0AE61B3344E, cid=61, seq=0, DataStream, Message:<EMPTY>, logEntry=null
2023-03-28 15:11:43,488 [pool-2-thread-15] INFO  datastream.DataStreamTestUtils (DataStreamTestUtils.java:writeAndCloseAndAssertReplies(311)) - start Stream64
2023-03-28 15:11:43,489 [s0-client-thread2] INFO  statemachine.StateMachine (DataStreamTestUtils.java:link(157)) - link SingleDataStream: writeRequest=RaftClientRequest:client-45C5998F0670->s0@group-A0AE61B3344E, cid=60, seq=0, DataStream, Message:<EMPTY>, logEntry=null
2023-03-28 15:11:43,489 [s0-client-thread1] INFO  statemachine.StateMachine (DataStreamTestUtils.java:link(157)) - link SingleDataStream: writeRequest=RaftClientRequest:client-45C5998F0670->s0@group-A0AE61B3344E, cid=58, seq=0, DataStream, Message:<EMPTY>, logEntry=null
2023-03-28 15:11:43,490 [s0-client-thread1] INFO  statemachine.StateMachine (DataStreamTestUtils.java:link(157)) - link SingleDataStream: writeRequest=RaftClientRequest:client-45C5998F0670->s0@group-A0AE61B3344E, cid=62, seq=0, DataStream, Message:<EMPTY>, logEntry=null
2023-03-28 15:11:43,493 [pool-2-thread-12] INFO  datastream.DataStreamTestUtils (DataStreamTestUtils.java:writeAndCloseAndAssertReplies(311)) - start Stream65
2023-03-28 15:11:43,499 [pool-2-thread-10] INFO  datastream.DataStreamTestUtils (DataStreamTestUtils.java:writeAndCloseAndAssertReplies(311)) - start Stream66
2023-03-28 15:11:43,503 [pool-2-thread-16] INFO  datastream.DataStreamTestUtils (DataStreamTestUtils.java:writeAndCloseAndAssertReplies(311)) - start Stream67
2023-03-28 15:11:43,503 [pool-2-thread-7] INFO  datastream.DataStreamTestUtils (DataStreamTestUtils.java:writeAndCloseAndAssertReplies(311)) - start Stream68
2023-03-28 15:11:43,531 [pool-2-thread-6] INFO  datastream.DataStreamTestUtils (DataStreamTestUtils.java:writeAndCloseAndAssertReplies(311)) - start Stream69
2023-03-28 15:11:43,574 [pool-2-thread-4] INFO  datastream.DataStreamTestUtils (DataStreamTestUtils.java:writeAndCloseAndAssertReplies(320)) - Stream63: bytesWritten=808590
2023-03-28 15:11:43,583 [s0-client-thread2] INFO  statemachine.StateMachine (DataStreamTestUtils.java:link(157)) - link SingleDataStream: writeRequest=RaftClientRequest:client-AA37E6F9A903->s0@group-A0AE61B3344E, cid=12, seq=0, DataStream, Message:<EMPTY>, logEntry=null
2023-03-28 15:11:43,587 [pool-2-thread-8] INFO  datastream.DataStreamTestUtils (DataStreamTestUtils.java:writeAndCloseAndAssertReplies(311)) - start Stream70
2023-03-28 15:11:43,656 [pool-2-thread-15] INFO  datastream.DataStreamTestUtils (DataStreamTestUtils.java:writeAndCloseAndAssertReplies(320)) - Stream64: bytesWritten=821093
2023-03-28 15:11:43,712 [pool-2-thread-12] INFO  datastream.DataStreamTestUtils (DataStreamTestUtils.java:writeAndCloseAndAssertReplies(320)) - Stream65: bytesWritten=769964
2023-03-28 15:11:43,740 [pool-2-thread-10] INFO  datastream.DataStreamTestUtils (DataStreamTestUtils.java:writeAndCloseAndAssertReplies(320)) - Stream66: bytesWritten=698706
2023-03-28 15:11:43,760 [pool-2-thread-6] INFO  datastream.DataStreamTestUtils (DataStreamTestUtils.java:writeAndCloseAndAssertReplies(320)) - Stream69: bytesWritten=733210
2023-03-28 15:11:43,761 [s0-client-thread2] INFO  statemachine.StateMachine (DataStreamTestUtils.java:link(157)) - link SingleDataStream: writeRequest=RaftClientRequest:client-AA37E6F9A903->s0@group-A0AE61B3344E, cid=63, seq=0, DataStream, Message:<EMPTY>, logEntry=null
2023-03-28 15:11:43,762 [pool-2-thread-7] INFO  datastream.DataStreamTestUtils (DataStreamTestUtils.java:writeAndCloseAndAssertReplies(320)) - Stream68: bytesWritten=818659
2023-03-28 15:11:43,764 [pool-2-thread-4] INFO  datastream.DataStreamTestUtils (DataStreamTestUtils.java:writeAndCloseAndAssertReplies(311)) - start Stream71
2023-03-28 15:11:43,778 [pool-2-thread-16] INFO  datastream.DataStreamTestUtils (DataStreamTestUtils.java:writeAndCloseAndAssertReplies(320)) - Stream67: bytesWritten=741912
2023-03-28 15:11:43,801 [pool-2-thread-8] INFO  datastream.DataStreamTestUtils (DataStreamTestUtils.java:writeAndCloseAndAssertReplies(320)) - Stream70: bytesWritten=771577
2023-03-28 15:11:43,814 [s0-client-thread2] INFO  statemachine.StateMachine (DataStreamTestUtils.java:link(157)) - link SingleDataStream: writeRequest=RaftClientRequest:client-AA37E6F9A903->s0@group-A0AE61B3344E, cid=64, seq=0, DataStream, Message:<EMPTY>, logEntry=null
2023-03-28 15:11:43,817 [pool-2-thread-15] INFO  datastream.DataStreamTestUtils (DataStreamTestUtils.java:writeAndCloseAndAssertReplies(311)) - start Stream72
2023-03-28 15:11:43,885 [s0-client-thread2] INFO  statemachine.StateMachine (DataStreamTestUtils.java:link(157)) - link SingleDataStream: writeRequest=RaftClientRequest:client-AA37E6F9A903->s0@group-A0AE61B3344E, cid=65, seq=0, DataStream, Message:<EMPTY>, logEntry=null
2023-03-28 15:11:43,889 [pool-2-thread-12] INFO  datastream.DataStreamTestUtils (DataStreamTestUtils.java:writeAndCloseAndAssertReplies(311)) - start Stream73
2023-03-28 15:11:43,964 [s0-client-thread2] INFO  statemachine.StateMachine (DataStreamTestUtils.java:link(157)) - link SingleDataStream: writeRequest=RaftClientRequest:client-AA37E6F9A903->s0@group-A0AE61B3344E, cid=66, seq=0, DataStream, Message:<EMPTY>, logEntry=null
2023-03-28 15:11:43,970 [pool-2-thread-10] INFO  datastream.DataStreamTestUtils (DataStreamTestUtils.java:writeAndCloseAndAssertReplies(311)) - start Stream74
2023-03-28 15:11:43,997 [s0-client-thread2] INFO  statemachine.StateMachine (DataStreamTestUtils.java:link(157)) - link SingleDataStream: writeRequest=RaftClientRequest:client-AA37E6F9A903->s0@group-A0AE61B3344E, cid=69, seq=0, DataStream, Message:<EMPTY>, logEntry=null
2023-03-28 15:11:43,999 [pool-2-thread-6] INFO  datastream.DataStreamTestUtils (DataStreamTestUtils.java:writeAndCloseAndAssertReplies(311)) - start Stream75
2023-03-28 15:11:44,009 [s0-client-thread2] INFO  statemachine.StateMachine (DataStreamTestUtils.java:link(157)) - link SingleDataStream: writeRequest=RaftClientRequest:client-AA37E6F9A903->s0@group-A0AE61B3344E, cid=68, seq=0, DataStream, Message:<EMPTY>, logEntry=null
2023-03-28 15:11:44,011 [pool-2-thread-7] INFO  datastream.DataStreamTestUtils (DataStreamTestUtils.java:writeAndCloseAndAssertReplies(311)) - start Stream76
2023-03-28 15:11:44,051 [s0-client-thread2] INFO  statemachine.StateMachine (DataStreamTestUtils.java:link(157)) - link SingleDataStream: writeRequest=RaftClientRequest:client-AA37E6F9A903->s0@group-A0AE61B3344E, cid=67, seq=0, DataStream, Message:<EMPTY>, logEntry=null
2023-03-28 15:11:44,055 [pool-2-thread-16] INFO  datastream.DataStreamTestUtils (DataStreamTestUtils.java:writeAndCloseAndAssertReplies(311)) - start Stream77
2023-03-28 15:11:44,056 [s0-client-thread2] INFO  statemachine.StateMachine (DataStreamTestUtils.java:link(157)) - link SingleDataStream: writeRequest=RaftClientRequest:client-AA37E6F9A903->s0@group-A0AE61B3344E, cid=70, seq=0, DataStream, Message:<EMPTY>, logEntry=null
2023-03-28 15:11:44,061 [pool-2-thread-8] INFO  datastream.DataStreamTestUtils (DataStreamTestUtils.java:writeAndCloseAndAssertReplies(311)) - start Stream78
2023-03-28 15:11:44,146 [pool-2-thread-3] INFO  datastream.DataStreamTestUtils (DataStreamTestUtils.java:writeAndCloseAndAssertReplies(311)) - start Stream79
2023-03-28 15:11:44,148 [pool-2-thread-1] INFO  datastream.DataStreamTestUtils (DataStreamTestUtils.java:writeAndCloseAndAssertReplies(311)) - start Stream80
2023-03-28 15:11:44,603 [pool-2-thread-14] INFO  datastream.DataStreamTestUtils (DataStreamTestUtils.java:writeAndCloseAndAssertReplies(320)) - Stream51: bytesWritten=3733679
2023-03-28 15:11:44,771 [pool-2-thread-11] INFO  datastream.DataStreamTestUtils (DataStreamTestUtils.java:writeAndCloseAndAssertReplies(320)) - Stream50: bytesWritten=3770882
2023-03-28 15:11:44,774 [s0-client-thread2] INFO  statemachine.StateMachine (DataStreamTestUtils.java:link(157)) - link SingleDataStream: writeRequest=RaftClientRequest:client-98733CBEB2A6->s0@group-A0AE61B3344E, cid=51, seq=0, DataStream, Message:<EMPTY>, logEntry=null
2023-03-28 15:11:44,775 [pool-2-thread-4] INFO  datastream.DataStreamTestUtils (DataStreamTestUtils.java:writeAndCloseAndAssertReplies(320)) - Stream71: bytesWritten=3761485
2023-03-28 15:11:44,777 [pool-2-thread-14] INFO  datastream.DataStreamTestUtils (DataStreamTestUtils.java:writeAndCloseAndAssertReplies(311)) - start Stream81
2023-03-28 15:11:44,788 [pool-2-thread-13] INFO  datastream.DataStreamTestUtils (DataStreamTestUtils.java:writeAndCloseAndAssertReplies(320)) - Stream52: bytesWritten=3758934
2023-03-28 15:11:44,790 [s0-client-thread2] INFO  statemachine.StateMachine (DataStreamTestUtils.java:link(157)) - link SingleDataStream: writeRequest=RaftClientRequest:client-98733CBEB2A6->s0@group-A0AE61B3344E, cid=50, seq=0, DataStream, Message:<EMPTY>, logEntry=null
2023-03-28 15:11:44,793 [pool-2-thread-11] INFO  datastream.DataStreamTestUtils (DataStreamTestUtils.java:writeAndCloseAndAssertReplies(311)) - start Stream82
2023-03-28 15:11:44,801 [s0-client-thread2] INFO  statemachine.StateMachine (DataStreamTestUtils.java:link(157)) - link SingleDataStream: writeRequest=RaftClientRequest:client-98733CBEB2A6->s0@group-A0AE61B3344E, cid=52, seq=0, DataStream, Message:<EMPTY>, logEntry=null
2023-03-28 15:11:44,803 [pool-2-thread-13] INFO  datastream.DataStreamTestUtils (DataStreamTestUtils.java:writeAndCloseAndAssertReplies(311)) - start Stream83
2023-03-28 15:11:44,830 [pool-2-thread-9] INFO  datastream.DataStreamTestUtils (DataStreamTestUtils.java:writeAndCloseAndAssertReplies(311)) - start Stream84
2023-03-28 15:11:45,316 [pool-2-thread-15] INFO  datastream.DataStreamTestUtils (DataStreamTestUtils.java:writeAndCloseAndAssertReplies(320)) - Stream72: bytesWritten=3750941
2023-03-28 15:11:46,457 [pool-2-thread-10] INFO  datastream.DataStreamTestUtils (DataStreamTestUtils.java:writeAndCloseAndAssertReplies(320)) - Stream74: bytesWritten=3746994
2023-03-28 15:11:46,585 [pool-2-thread-6] INFO  datastream.DataStreamTestUtils (DataStreamTestUtils.java:writeAndCloseAndAssertReplies(320)) - Stream75: bytesWritten=3743267
2023-03-28 15:11:46,587 [pool-2-thread-12] INFO  datastream.DataStreamTestUtils (DataStreamTestUtils.java:writeAndCloseAndAssertReplies(320)) - Stream73: bytesWritten=3738511
2023-03-28 15:11:46,697 [pool-2-thread-7] INFO  datastream.DataStreamTestUtils (DataStreamTestUtils.java:writeAndCloseAndAssertReplies(320)) - Stream76: bytesWritten=3764379
2023-03-28 15:11:46,829 [pool-2-thread-3] INFO  datastream.DataStreamTestUtils (DataStreamTestUtils.java:writeAndCloseAndAssertReplies(320)) - Stream79: bytesWritten=3762202
2023-03-28 15:11:46,849 [pool-2-thread-8] INFO  datastream.DataStreamTestUtils (DataStreamTestUtils.java:writeAndCloseAndAssertReplies(320)) - Stream78: bytesWritten=3750865
2023-03-28 15:11:46,865 [pool-2-thread-16] INFO  datastream.DataStreamTestUtils (DataStreamTestUtils.java:writeAndCloseAndAssertReplies(320)) - Stream77: bytesWritten=3740448
2023-03-28 15:11:46,896 [pool-2-thread-1] INFO  datastream.DataStreamTestUtils (DataStreamTestUtils.java:writeAndCloseAndAssertReplies(320)) - Stream80: bytesWritten=3762273
2023-03-28 15:11:46,900 [s0-client-thread2] INFO  statemachine.StateMachine (DataStreamTestUtils.java:link(157)) - link SingleDataStream: writeRequest=RaftClientRequest:client-0ECC2D780942->s0@group-A0AE61B3344E, cid=71, seq=0, DataStream, Message:<EMPTY>, logEntry=null
2023-03-28 15:11:46,903 [pool-2-thread-4] INFO  datastream.DataStreamTestUtils (DataStreamTestUtils.java:writeAndCloseAndAssertReplies(311)) - start Stream85
2023-03-28 15:11:47,732 [pool-2-thread-14] INFO  datastream.DataStreamTestUtils (DataStreamTestUtils.java:writeAndCloseAndAssertReplies(320)) - Stream81: bytesWritten=3754526
2023-03-28 15:11:47,784 [pool-2-thread-11] INFO  datastream.DataStreamTestUtils (DataStreamTestUtils.java:writeAndCloseAndAssertReplies(320)) - Stream82: bytesWritten=3759788
2023-03-28 15:11:47,789 [s0-client-thread2] INFO  statemachine.StateMachine (DataStreamTestUtils.java:link(157)) - link SingleDataStream: writeRequest=RaftClientRequest:client-0ECC2D780942->s0@group-A0AE61B3344E, cid=72, seq=0, DataStream, Message:<EMPTY>, logEntry=null
2023-03-28 15:11:47,791 [s0-client-thread2] INFO  statemachine.StateMachine (DataStreamTestUtils.java:link(157)) - link SingleDataStream: writeRequest=RaftClientRequest:client-0ECC2D780942->s0@group-A0AE61B3344E, cid=74, seq=0, DataStream, Message:<EMPTY>, logEntry=null
2023-03-28 15:11:47,794 [s0-client-thread2] INFO  statemachine.StateMachine (DataStreamTestUtils.java:link(157)) - link SingleDataStream: writeRequest=RaftClientRequest:client-0ECC2D780942->s0@group-A0AE61B3344E, cid=75, seq=0, DataStream, Message:<EMPTY>, logEntry=null
2023-03-28 15:11:47,794 [pool-2-thread-15] INFO  datastream.DataStreamTestUtils (DataStreamTestUtils.java:writeAndCloseAndAssertReplies(311)) - start Stream86
2023-03-28 15:11:47,797 [pool-2-thread-10] INFO  datastream.DataStreamTestUtils (DataStreamTestUtils.java:writeAndCloseAndAssertReplies(311)) - start Stream87
2023-03-28 15:11:47,799 [s0-client-thread2] INFO  statemachine.StateMachine (DataStreamTestUtils.java:link(157)) - link SingleDataStream: writeRequest=RaftClientRequest:client-0ECC2D780942->s0@group-A0AE61B3344E, cid=73, seq=0, DataStream, Message:<EMPTY>, logEntry=null
2023-03-28 15:11:47,800 [pool-2-thread-6] INFO  datastream.DataStreamTestUtils (DataStreamTestUtils.java:writeAndCloseAndAssertReplies(311)) - start Stream88
2023-03-28 15:11:47,807 [s0-client-thread2] INFO  statemachine.StateMachine (DataStreamTestUtils.java:link(157)) - link SingleDataStream: writeRequest=RaftClientRequest:client-0ECC2D780942->s0@group-A0AE61B3344E, cid=76, seq=0, DataStream, Message:<EMPTY>, logEntry=null
2023-03-28 15:11:47,808 [s0-client-thread1] INFO  statemachine.StateMachine (DataStreamTestUtils.java:link(157)) - link SingleDataStream: writeRequest=RaftClientRequest:client-0ECC2D780942->s0@group-A0AE61B3344E, cid=79, seq=0, DataStream, Message:<EMPTY>, logEntry=null
2023-03-28 15:11:47,809 [pool-2-thread-12] INFO  datastream.DataStreamTestUtils (DataStreamTestUtils.java:writeAndCloseAndAssertReplies(311)) - start Stream89
2023-03-28 15:11:47,817 [s0-client-thread1] INFO  statemachine.StateMachine (DataStreamTestUtils.java:link(157)) - link SingleDataStream: writeRequest=RaftClientRequest:client-0ECC2D780942->s0@group-A0AE61B3344E, cid=78, seq=0, DataStream, Message:<EMPTY>, logEntry=null
2023-03-28 15:11:47,820 [s0-client-thread1] INFO  statemachine.StateMachine (DataStreamTestUtils.java:link(157)) - link SingleDataStream: writeRequest=RaftClientRequest:client-0ECC2D780942->s0@group-A0AE61B3344E, cid=77, seq=0, DataStream, Message:<EMPTY>, logEntry=null
2023-03-28 15:11:47,823 [s0-client-thread1] INFO  statemachine.StateMachine (DataStreamTestUtils.java:link(157)) - link SingleDataStream: writeRequest=RaftClientRequest:client-0ECC2D780942->s0@group-A0AE61B3344E, cid=80, seq=0, DataStream, Message:<EMPTY>, logEntry=null
2023-03-28 15:11:47,862 [pool-2-thread-13] INFO  datastream.DataStreamTestUtils (DataStreamTestUtils.java:writeAndCloseAndAssertReplies(320)) - Stream83: bytesWritten=3750084
2023-03-28 15:11:47,863 [pool-2-thread-9] INFO  datastream.DataStreamTestUtils (DataStreamTestUtils.java:writeAndCloseAndAssertReplies(320)) - Stream84: bytesWritten=3755689
2023-03-28 15:11:48,098 [pool-2-thread-4] INFO  datastream.DataStreamTestUtils (DataStreamTestUtils.java:writeAndCloseAndAssertReplies(320)) - Stream85: bytesWritten=3764278
2023-03-28 15:11:48,100 [s0-client-thread2] INFO  statemachine.StateMachine (DataStreamTestUtils.java:link(157)) - link SingleDataStream: writeRequest=RaftClientRequest:client-0ECC2D780942->s0@group-A0AE61B3344E, cid=81, seq=0, DataStream, Message:<EMPTY>, logEntry=null
2023-03-28 15:11:48,104 [s0-client-thread2] INFO  statemachine.StateMachine (DataStreamTestUtils.java:link(157)) - link SingleDataStream: writeRequest=RaftClientRequest:client-0ECC2D780942->s0@group-A0AE61B3344E, cid=82, seq=0, DataStream, Message:<EMPTY>, logEntry=null
2023-03-28 15:11:48,239 [s0-client-thread2] INFO  statemachine.StateMachine (DataStreamTestUtils.java:link(157)) - link SingleDataStream: writeRequest=RaftClientRequest:client-0ECC2D780942->s0@group-A0AE61B3344E, cid=84, seq=0, DataStream, Message:<EMPTY>, logEntry=null
2023-03-28 15:11:48,244 [s0-client-thread2] INFO  statemachine.StateMachine (DataStreamTestUtils.java:link(157)) - link SingleDataStream: writeRequest=RaftClientRequest:client-0ECC2D780942->s0@group-A0AE61B3344E, cid=83, seq=0, DataStream, Message:<EMPTY>, logEntry=null
2023-03-28 15:11:48,671 [pool-2-thread-10] INFO  datastream.DataStreamTestUtils (DataStreamTestUtils.java:writeAndCloseAndAssertReplies(320)) - Stream87: bytesWritten=3742168
2023-03-28 15:11:48,725 [pool-2-thread-6] INFO  datastream.DataStreamTestUtils (DataStreamTestUtils.java:writeAndCloseAndAssertReplies(320)) - Stream88: bytesWritten=3751300
2023-03-28 15:11:48,837 [pool-2-thread-12] INFO  datastream.DataStreamTestUtils (DataStreamTestUtils.java:writeAndCloseAndAssertReplies(320)) - Stream89: bytesWritten=3743945
2023-03-28 15:11:48,844 [s0-client-thread2] INFO  statemachine.StateMachine (DataStreamTestUtils.java:link(157)) - link SingleDataStream: writeRequest=RaftClientRequest:client-0ECC2D780942->s0@group-A0AE61B3344E, cid=85, seq=0, DataStream, Message:<EMPTY>, logEntry=null
2023-03-28 15:11:48,857 [s0-client-thread2] INFO  statemachine.StateMachine (DataStreamTestUtils.java:link(157)) - link SingleDataStream: writeRequest=RaftClientRequest:client-0ECC2D780942->s0@group-A0AE61B3344E, cid=87, seq=0, DataStream, Message:<EMPTY>, logEntry=null
2023-03-28 15:11:48,857 [pool-2-thread-15] INFO  datastream.DataStreamTestUtils (DataStreamTestUtils.java:writeAndCloseAndAssertReplies(320)) - Stream86: bytesWritten=3759280
2023-03-28 15:11:48,860 [s0-client-thread2] INFO  statemachine.StateMachine (DataStreamTestUtils.java:link(157)) - link SingleDataStream: writeRequest=RaftClientRequest:client-0ECC2D780942->s0@group-A0AE61B3344E, cid=88, seq=0, DataStream, Message:<EMPTY>, logEntry=null
2023-03-28 15:11:48,864 [s0-client-thread2] INFO  statemachine.StateMachine (DataStreamTestUtils.java:link(157)) - link SingleDataStream: writeRequest=RaftClientRequest:client-0ECC2D780942->s0@group-A0AE61B3344E, cid=89, seq=0, DataStream, Message:<EMPTY>, logEntry=null
2023-03-28 15:11:48,869 [s0-client-thread2] INFO  statemachine.StateMachine (DataStreamTestUtils.java:link(157)) - link SingleDataStream: writeRequest=RaftClientRequest:client-0ECC2D780942->s0@group-A0AE61B3344E, cid=86, seq=0, DataStream, Message:<EMPTY>, logEntry=null
2023-03-28 15:11:48,928 [Time-limited test] INFO  impl.MiniRaftCluster (MiniRaftCluster.java:shutdown(831)) - ************************************************************** 
2023-03-28 15:11:48,932 [Time-limited test] INFO  impl.MiniRaftCluster (MiniRaftCluster.java:shutdown(832)) - *** 
2023-03-28 15:11:48,932 [Time-limited test] INFO  impl.MiniRaftCluster (MiniRaftCluster.java:shutdown(833)) - ***     Stopping MiniRaftClusterWithRpcTypeGrpcAndDataStreamTypeNetty
2023-03-28 15:11:48,932 [Time-limited test] INFO  impl.MiniRaftCluster (MiniRaftCluster.java:shutdown(834)) - *** 
2023-03-28 15:11:48,932 [Time-limited test] INFO  impl.MiniRaftCluster (MiniRaftCluster.java:shutdown(835)) - ************************************************************** 
2023-03-28 15:11:48,932 [Time-limited test] INFO  impl.MiniRaftCluster (MiniRaftCluster.java:shutdown(836)) - printing ALL groups
  s0:  RUNNING    LEADER s0@group-A0AE61B3344E:t1, leader=s0, voted=s0, raftlog=Memoized:s0@group-A0AE61B3344E-SegmentedRaftLog:OPENED:c172, conf=0: peers:[s0|rpc:localhost:42109|admin:localhost:39743|client:localhost:36063|dataStream:localhost:34979|priority:0|startupRole:FOLLOWER]|listeners:[], old=null RUNNING
2023-03-28 15:11:48,935 [MiniRaftCluster-1] INFO  server.RaftServer (RaftServerProxy.java:lambda$close$7(417)) - s0: close
2023-03-28 15:11:48,936 [s0-impl-thread1] INFO  server.RaftServer$Division (RaftServerImpl.java:lambda$close$4(466)) - s0@group-A0AE61B3344E: shutdown
2023-03-28 15:11:48,936 [s0-impl-thread1] INFO  util.JmxRegister (JmxRegister.java:unregister(73)) - Successfully un-registered JMX Bean with object name Ratis:service=RaftServer,group=group-A0AE61B3344E,id=s0
2023-03-28 15:11:48,936 [s0-impl-thread1] INFO  impl.RoleInfo (RoleInfo.java:shutdownLeaderState(93)) - s0: shutdown s0@group-A0AE61B3344E-LeaderStateImpl
2023-03-28 15:11:48,936 [s0-impl-thread1] INFO  impl.PendingRequests (PendingRequests.java:sendNotLeaderResponses(289)) - s0@group-A0AE61B3344E-PendingRequests: sendNotLeaderResponses
2023-03-28 15:11:48,941 [s0-impl-thread1] INFO  impl.StateMachineUpdater (StateMachineUpdater.java:stopAndJoin(154)) - s0@group-A0AE61B3344E-StateMachineUpdater: set stopIndex = 172
2023-03-28 15:11:48,941 [s0-impl-thread1] INFO  server.RaftServer$Division (ServerState.java:close(413)) - s0@group-A0AE61B3344E: applyIndex: 172
2023-03-28 15:11:48,945 [MiniRaftCluster-1] INFO  server.GrpcService (GrpcService.java:closeImpl(311)) - s0: shutdown server org.apache.ratis.grpc.server.GrpcClientProtocolService now
2023-03-28 15:11:48,948 [MiniRaftCluster-1] INFO  server.GrpcService (GrpcService.java:closeImpl(320)) - s0: shutdown server org.apache.ratis.grpc.server.GrpcClientProtocolService successfully
2023-03-28 15:11:48,949 [MiniRaftCluster-1] INFO  server.GrpcService (GrpcService.java:closeImpl(311)) - s0: shutdown server GrpcServerProtocolService now
2023-03-28 15:11:48,956 [MiniRaftCluster-1] INFO  server.GrpcService (GrpcService.java:closeImpl(320)) - s0: shutdown server GrpcServerProtocolService successfully
2023-03-28 15:11:48,956 [MiniRaftCluster-1] INFO  server.GrpcService (GrpcService.java:closeImpl(311)) - s0: shutdown server org.apache.ratis.grpc.server.GrpcAdminProtocolService now
2023-03-28 15:11:48,957 [MiniRaftCluster-1] INFO  server.GrpcService (GrpcService.java:closeImpl(320)) - s0: shutdown server org.apache.ratis.grpc.server.GrpcAdminProtocolService successfully
2023-03-28 15:11:48,958 [s0-NettyServerStreamRpc-bossGroup--thread1] INFO  logging.LoggingHandler (AbstractInternalLogger.java:log(148)) - [id: 0x9f62966e, L:0.0.0.0/0.0.0.0:34979] CLOSE
2023-03-28 15:11:48,958 [s0-NettyServerStreamRpc-bossGroup--thread1] INFO  logging.LoggingHandler (AbstractInternalLogger.java:log(148)) - [id: 0x9f62966e, L:0.0.0.0/0.0.0.0:34979] INACTIVE
2023-03-28 15:11:48,958 [s0-NettyServerStreamRpc-bossGroup--thread1] INFO  logging.LoggingHandler (AbstractInternalLogger.java:log(148)) - [id: 0x9f62966e, L:0.0.0.0/0.0.0.0:34979] UNREGISTERED
2023-03-28 15:11:49,872 [s0-impl-thread1] INFO  segmented.SegmentedRaftLogWorker (SegmentedRaftLogWorker.java:close(242)) - s0@group-A0AE61B3344E-SegmentedRaftLogWorker close()
2023-03-28 15:11:49,874 [JvmPauseMonitor0] INFO  util.JvmPauseMonitor (JvmPauseMonitor.java:run(109)) - JvmPauseMonitor-s0: Stopped
2023-03-28 15:11:49,876 [Time-limited test] INFO  impl.MiniRaftCluster (MiniRaftCluster.java:shutdown(855)) - MiniRaftClusterWithRpcTypeGrpcAndDataStreamTypeNetty shutdown completed
]]></system-out>
  </testcase>
  <testcase name="testMultipleStreamsMultipleServers" classname="org.apache.ratis.datastream.TestNettyDataStreamStarTopologyWithGrpcCluster" time="84.277">
    <system-out><![CDATA[2023-03-28 15:11:49,878 [main] INFO  util.LogUtils (Slf4jUtils.java:setLogLevel(38)) - Successfully set org.apache.ratis.conf.ConfUtils log level to WARN
2023-03-28 15:11:49,878 [main] INFO  util.LogUtils (Slf4jUtils.java:setLogLevel(38)) - Successfully set org.apache.ratis.util.FileUtils log level to TRACE
2023-03-28 15:11:49,882 [Time-limited test] INFO  server.RaftServerConfigKeys (ConfUtils.java:logGet(46)) - raft.server.rpc.timeout.min = 150ms (default)
2023-03-28 15:11:49,882 [Time-limited test] INFO  server.RaftServerConfigKeys (ConfUtils.java:logGet(46)) - raft.server.rpc.timeout.max = 300ms (default)
2023-03-28 15:11:49,883 [Time-limited test] INFO  impl.MiniRaftCluster (MiniRaftCluster.java:runWithNewCluster(135)) - Running runWithNewCluster
2023-03-28 15:11:49,884 [Time-limited test] INFO  impl.MiniRaftCluster (MiniRaftCluster.java:<init>(306)) - new MiniRaftClusterWithRpcTypeGrpcAndDataStreamTypeNetty with group-3E7FBBA51394:[s0|rpc:localhost:34691|admin:localhost:42501|client:localhost:42695|dataStream:localhost:41129|priority:0|startupRole:FOLLOWER, s1|rpc:localhost:45465|admin:localhost:46709|client:localhost:37549|dataStream:localhost:44863|priority:0|startupRole:FOLLOWER, s2|rpc:localhost:41369|admin:localhost:42041|client:localhost:44529|dataStream:localhost:43715|priority:0|startupRole:FOLLOWER]
2023-03-28 15:11:49,884 [Time-limited test] INFO  impl.MiniRaftCluster (MiniRaftCluster.java:start(339)) - .............................................................. 
2023-03-28 15:11:49,884 [Time-limited test] INFO  impl.MiniRaftCluster (MiniRaftCluster.java:start(340)) - ... 
2023-03-28 15:11:49,884 [Time-limited test] INFO  impl.MiniRaftCluster (MiniRaftCluster.java:start(341)) - ...     Starting MiniRaftClusterWithRpcTypeGrpcAndDataStreamTypeNetty
2023-03-28 15:11:49,884 [Time-limited test] INFO  impl.MiniRaftCluster (MiniRaftCluster.java:start(342)) - ... 
2023-03-28 15:11:49,884 [Time-limited test] INFO  impl.MiniRaftCluster (MiniRaftCluster.java:start(343)) - .............................................................. 
2023-03-28 15:11:49,884 [Time-limited test] INFO  impl.MiniRaftCluster (MiniRaftCluster.java:initServers(318)) - servers = {}
2023-03-28 15:11:49,884 [Time-limited test] INFO  impl.MiniRaftCluster (MiniRaftCluster.java:newRaftServer(382)) - newRaftServer: s0, group-3E7FBBA51394:[s0|rpc:localhost:34691|admin:localhost:42501|client:localhost:42695|dataStream:localhost:41129|priority:0|startupRole:FOLLOWER, s1|rpc:localhost:45465|admin:localhost:46709|client:localhost:37549|dataStream:localhost:44863|priority:0|startupRole:FOLLOWER, s2|rpc:localhost:41369|admin:localhost:42041|client:localhost:44529|dataStream:localhost:43715|priority:0|startupRole:FOLLOWER], format? true
2023-03-28 15:11:49,884 [Time-limited test] TRACE util.FileUtils (FileUtils.java:deleteFully(201)) - deleteFully target/test/data/2b0b63e9/MiniRaftClusterWithRpcTypeGrpcAndDataStreamTypeNetty4d3674f5/s0
2023-03-28 15:11:49,884 [Time-limited test] TRACE util.FileUtils (FileUtils.java:deleteFully(217)) - deleteFully: target/test/data/2b0b63e9/MiniRaftClusterWithRpcTypeGrpcAndDataStreamTypeNetty4d3674f5/s0 does not exist.
2023-03-28 15:11:49,884 [Time-limited test] INFO  impl.MiniRaftCluster (MiniRaftCluster.java:newRaftServer(387)) - Formatted directory target/test/data/2b0b63e9/MiniRaftClusterWithRpcTypeGrpcAndDataStreamTypeNetty4d3674f5/s0
2023-03-28 15:11:49,885 [Time-limited test] INFO  server.RaftServer (ConfUtils.java:logGet(46)) - raft.rpc.type = GRPC (default)
2023-03-28 15:11:49,886 [Time-limited test] INFO  grpc.GrpcConfigKeys (ConfUtils.java:logFallback(53)) - raft.grpc.admin.host = null (fallback to raft.grpc.server.host)
2023-03-28 15:11:49,887 [Time-limited test] INFO  grpc.GrpcConfigKeys (ConfUtils.java:logGet(46)) - raft.grpc.admin.port = 42501 (custom)
2023-03-28 15:11:49,887 [Time-limited test] INFO  grpc.GrpcConfigKeys (ConfUtils.java:logFallback(53)) - raft.grpc.client.host = null (fallback to raft.grpc.server.host)
2023-03-28 15:11:49,887 [Time-limited test] INFO  grpc.GrpcConfigKeys (ConfUtils.java:logGet(46)) - raft.grpc.client.port = 42695 (custom)
2023-03-28 15:11:49,887 [Time-limited test] INFO  grpc.GrpcConfigKeys (ConfUtils.java:logGet(46)) - raft.grpc.server.host = null (default)
2023-03-28 15:11:49,888 [Time-limited test] INFO  grpc.GrpcConfigKeys (ConfUtils.java:logGet(46)) - raft.grpc.server.port = 34691 (custom)
2023-03-28 15:11:49,888 [Time-limited test] INFO  server.GrpcService (ConfUtils.java:logGet(46)) - raft.grpc.message.size.max = 64MB (=67108864) (default)
2023-03-28 15:11:49,888 [Time-limited test] INFO  server.RaftServerConfigKeys (ConfUtils.java:logGet(46)) - raft.server.log.appender.buffer.byte-limit = 4MB (=4194304) (default)
2023-03-28 15:11:49,888 [Time-limited test] INFO  server.GrpcService (ConfUtils.java:logGet(46)) - raft.grpc.flow.control.window = 1MB (=1048576) (default)
2023-03-28 15:11:49,888 [Time-limited test] INFO  server.RaftServerConfigKeys (ConfUtils.java:logGet(46)) - raft.server.rpc.request.timeout = 3000ms (default)
2023-03-28 15:11:49,888 [Time-limited test] INFO  grpc.GrpcConfigKeys (ConfUtils.java:logGet(46)) - raft.grpc.server.heartbeat.channel = true (default)
2023-03-28 15:11:49,888 [Time-limited test] INFO  grpc.GrpcConfigKeys (ConfUtils.java:logGet(46)) - raft.grpc.server.async.request.thread.pool.cached = true (default)
2023-03-28 15:11:49,888 [Time-limited test] INFO  grpc.GrpcConfigKeys (ConfUtils.java:logGet(46)) - raft.grpc.server.async.request.thread.pool.size = 32 (default)
2023-03-28 15:11:49,890 [Time-limited test] INFO  impl.DataStreamServerImpl (ConfUtils.java:logGet(46)) - raft.datastream.type = NETTY (custom)
2023-03-28 15:11:49,891 [Time-limited test] INFO  server.RaftServerConfigKeys (ConfUtils.java:logGet(46)) - raft.server.data-stream.async.request.thread.pool.cached = false (default)
2023-03-28 15:11:49,891 [Time-limited test] INFO  server.RaftServerConfigKeys (ConfUtils.java:logGet(46)) - raft.server.data-stream.async.request.thread.pool.size = 32 (default)
2023-03-28 15:11:49,891 [Time-limited test] INFO  server.RaftServerConfigKeys (ConfUtils.java:logGet(46)) - raft.server.data-stream.async.write.thread.pool.size = 16 (default)
2023-03-28 15:11:49,891 [Time-limited test] INFO  server.RaftServerConfigKeys (ConfUtils.java:logGet(46)) - raft.server.data-stream.client.pool.size = 10 (default)
2023-03-28 15:11:49,891 [Time-limited test] INFO  netty.NettyConfigKeys$DataStream (ConfUtils.java:logGet(46)) - raft.netty.dataStream.server.use-epoll = false (default)
2023-03-28 15:11:49,892 [Time-limited test] INFO  netty.NettyConfigKeys$DataStream (ConfUtils.java:logGet(46)) - raft.netty.dataStream.server.boss-group.size = 0 (default)
2023-03-28 15:11:49,893 [Time-limited test] INFO  netty.NettyConfigKeys$DataStream (ConfUtils.java:logGet(46)) - raft.netty.dataStream.server.worker-group.size = 0 (default)
2023-03-28 15:11:49,894 [Time-limited test] INFO  netty.NettyConfigKeys$DataStream (ConfUtils.java:logGet(46)) - raft.netty.dataStream.server.tls.conf = null (default)
2023-03-28 15:11:49,895 [Time-limited test] INFO  netty.NettyConfigKeys$DataStream (ConfUtils.java:logGet(46)) - raft.netty.dataStream.host = null (default)
2023-03-28 15:11:49,896 [Time-limited test] INFO  netty.NettyConfigKeys$DataStream (ConfUtils.java:logGet(46)) - raft.netty.dataStream.port = 41129 (custom)
2023-03-28 15:11:49,897 [Time-limited test] INFO  server.RaftServerConfigKeys (ConfUtils.java:logGet(46)) - raft.server.threadpool.proxy.cached = true (default)
2023-03-28 15:11:49,897 [Time-limited test] INFO  server.RaftServerConfigKeys (ConfUtils.java:logGet(46)) - raft.server.threadpool.proxy.size = 0 (default)
2023-03-28 15:11:49,897 [Time-limited test] INFO  server.RaftServerConfigKeys (ConfUtils.java:logGet(46)) - raft.server.rpc.slowness.timeout = 60s (default)
2023-03-28 15:11:49,897 [Time-limited test] INFO  server.RaftServerConfigKeys (ConfUtils.java:logGet(46)) - raft.server.leaderelection.leader.step-down.wait-time = 10s (default)
2023-03-28 15:11:49,898 [Time-limited test] INFO  server.RaftServerConfigKeys (ConfUtils.java:logGet(46)) - raft.server.storage.dir = [/home/runner/work/ratis/ratis/ratis-test/target/test/data/2b0b63e9/MiniRaftClusterWithRpcTypeGrpcAndDataStreamTypeNetty4d3674f5/s0] (custom)
2023-03-28 15:11:49,898 [s0-NettyServerStreamRpc-bossGroup--thread1] INFO  logging.LoggingHandler (AbstractInternalLogger.java:log(148)) - [id: 0x37254b26] REGISTERED
2023-03-28 15:11:49,899 [s0-NettyServerStreamRpc-bossGroup--thread1] INFO  logging.LoggingHandler (AbstractInternalLogger.java:log(148)) - [id: 0x37254b26] BIND: 0.0.0.0/0.0.0.0:41129
2023-03-28 15:11:49,899 [s0-NettyServerStreamRpc-bossGroup--thread1] INFO  logging.LoggingHandler (AbstractInternalLogger.java:log(148)) - [id: 0x37254b26, L:/0.0.0.0:41129] ACTIVE
2023-03-28 15:11:49,900 [Time-limited test] INFO  server.RaftServer (RaftServerProxy.java:addNew(99)) - s0: addNew group-3E7FBBA51394:[s0|rpc:localhost:34691|admin:localhost:42501|client:localhost:42695|dataStream:localhost:41129|priority:0|startupRole:FOLLOWER, s1|rpc:localhost:45465|admin:localhost:46709|client:localhost:37549|dataStream:localhost:44863|priority:0|startupRole:FOLLOWER, s2|rpc:localhost:41369|admin:localhost:42041|client:localhost:44529|dataStream:localhost:43715|priority:0|startupRole:FOLLOWER] returns group-3E7FBBA51394:java.util.concurrent.CompletableFuture@6efcde77[Not completed]
2023-03-28 15:11:49,901 [Time-limited test] INFO  impl.MiniRaftCluster (MiniRaftCluster.java:newRaftServer(382)) - newRaftServer: s1, group-3E7FBBA51394:[s0|rpc:localhost:34691|admin:localhost:42501|client:localhost:42695|dataStream:localhost:41129|priority:0|startupRole:FOLLOWER, s1|rpc:localhost:45465|admin:localhost:46709|client:localhost:37549|dataStream:localhost:44863|priority:0|startupRole:FOLLOWER, s2|rpc:localhost:41369|admin:localhost:42041|client:localhost:44529|dataStream:localhost:43715|priority:0|startupRole:FOLLOWER], format? true
2023-03-28 15:11:49,901 [Time-limited test] TRACE util.FileUtils (FileUtils.java:deleteFully(201)) - deleteFully target/test/data/2b0b63e9/MiniRaftClusterWithRpcTypeGrpcAndDataStreamTypeNetty4d3674f5/s1
2023-03-28 15:11:49,901 [Time-limited test] TRACE util.FileUtils (FileUtils.java:deleteFully(217)) - deleteFully: target/test/data/2b0b63e9/MiniRaftClusterWithRpcTypeGrpcAndDataStreamTypeNetty4d3674f5/s1 does not exist.
2023-03-28 15:11:49,901 [Time-limited test] INFO  impl.MiniRaftCluster (MiniRaftCluster.java:newRaftServer(387)) - Formatted directory target/test/data/2b0b63e9/MiniRaftClusterWithRpcTypeGrpcAndDataStreamTypeNetty4d3674f5/s1
2023-03-28 15:11:49,901 [Time-limited test] INFO  server.RaftServer (ConfUtils.java:logGet(46)) - raft.rpc.type = GRPC (default)
2023-03-28 15:11:49,901 [Time-limited test] INFO  grpc.GrpcConfigKeys (ConfUtils.java:logFallback(53)) - raft.grpc.admin.host = null (fallback to raft.grpc.server.host)
2023-03-28 15:11:49,902 [Time-limited test] INFO  grpc.GrpcConfigKeys (ConfUtils.java:logGet(46)) - raft.grpc.admin.port = 46709 (custom)
2023-03-28 15:11:49,902 [Time-limited test] INFO  grpc.GrpcConfigKeys (ConfUtils.java:logFallback(53)) - raft.grpc.client.host = null (fallback to raft.grpc.server.host)
2023-03-28 15:11:49,902 [Time-limited test] INFO  grpc.GrpcConfigKeys (ConfUtils.java:logGet(46)) - raft.grpc.client.port = 37549 (custom)
2023-03-28 15:11:49,902 [Time-limited test] INFO  grpc.GrpcConfigKeys (ConfUtils.java:logGet(46)) - raft.grpc.server.host = null (default)
2023-03-28 15:11:49,902 [Time-limited test] INFO  grpc.GrpcConfigKeys (ConfUtils.java:logGet(46)) - raft.grpc.server.port = 45465 (custom)
2023-03-28 15:11:49,902 [Time-limited test] INFO  server.GrpcService (ConfUtils.java:logGet(46)) - raft.grpc.message.size.max = 64MB (=67108864) (default)
2023-03-28 15:11:49,902 [Time-limited test] INFO  server.RaftServerConfigKeys (ConfUtils.java:logGet(46)) - raft.server.log.appender.buffer.byte-limit = 4MB (=4194304) (default)
2023-03-28 15:11:49,902 [Time-limited test] INFO  server.GrpcService (ConfUtils.java:logGet(46)) - raft.grpc.flow.control.window = 1MB (=1048576) (default)
2023-03-28 15:11:49,902 [Time-limited test] INFO  server.RaftServerConfigKeys (ConfUtils.java:logGet(46)) - raft.server.rpc.request.timeout = 3000ms (default)
2023-03-28 15:11:49,902 [Time-limited test] INFO  grpc.GrpcConfigKeys (ConfUtils.java:logGet(46)) - raft.grpc.server.heartbeat.channel = true (default)
2023-03-28 15:11:49,902 [Time-limited test] INFO  grpc.GrpcConfigKeys (ConfUtils.java:logGet(46)) - raft.grpc.server.async.request.thread.pool.cached = true (default)
2023-03-28 15:11:49,902 [Time-limited test] INFO  grpc.GrpcConfigKeys (ConfUtils.java:logGet(46)) - raft.grpc.server.async.request.thread.pool.size = 32 (default)
2023-03-28 15:11:49,904 [Time-limited test] INFO  impl.DataStreamServerImpl (ConfUtils.java:logGet(46)) - raft.datastream.type = NETTY (custom)
2023-03-28 15:11:49,904 [Time-limited test] INFO  server.RaftServerConfigKeys (ConfUtils.java:logGet(46)) - raft.server.data-stream.async.request.thread.pool.cached = false (default)
2023-03-28 15:11:49,904 [Time-limited test] INFO  server.RaftServerConfigKeys (ConfUtils.java:logGet(46)) - raft.server.data-stream.async.request.thread.pool.size = 32 (default)
2023-03-28 15:11:49,904 [Time-limited test] INFO  server.RaftServerConfigKeys (ConfUtils.java:logGet(46)) - raft.server.data-stream.async.write.thread.pool.size = 16 (default)
2023-03-28 15:11:49,904 [Time-limited test] INFO  server.RaftServerConfigKeys (ConfUtils.java:logGet(46)) - raft.server.data-stream.client.pool.size = 10 (default)
2023-03-28 15:11:49,904 [Time-limited test] INFO  netty.NettyConfigKeys$DataStream (ConfUtils.java:logGet(46)) - raft.netty.dataStream.server.use-epoll = false (default)
2023-03-28 15:11:49,904 [Time-limited test] INFO  netty.NettyConfigKeys$DataStream (ConfUtils.java:logGet(46)) - raft.netty.dataStream.server.boss-group.size = 0 (default)
2023-03-28 15:11:49,905 [Time-limited test] INFO  netty.NettyConfigKeys$DataStream (ConfUtils.java:logGet(46)) - raft.netty.dataStream.server.worker-group.size = 0 (default)
2023-03-28 15:11:49,905 [Time-limited test] INFO  netty.NettyConfigKeys$DataStream (ConfUtils.java:logGet(46)) - raft.netty.dataStream.server.tls.conf = null (default)
2023-03-28 15:11:49,905 [Time-limited test] INFO  netty.NettyConfigKeys$DataStream (ConfUtils.java:logGet(46)) - raft.netty.dataStream.host = null (default)
2023-03-28 15:11:49,905 [Time-limited test] INFO  netty.NettyConfigKeys$DataStream (ConfUtils.java:logGet(46)) - raft.netty.dataStream.port = 44863 (custom)
2023-03-28 15:11:49,908 [Time-limited test] INFO  server.RaftServerConfigKeys (ConfUtils.java:logGet(46)) - raft.server.threadpool.proxy.cached = true (default)
2023-03-28 15:11:49,908 [Time-limited test] INFO  server.RaftServerConfigKeys (ConfUtils.java:logGet(46)) - raft.server.threadpool.proxy.size = 0 (default)
2023-03-28 15:11:49,908 [Time-limited test] INFO  server.RaftServerConfigKeys (ConfUtils.java:logGet(46)) - raft.server.rpc.slowness.timeout = 60s (default)
2023-03-28 15:11:49,908 [Time-limited test] INFO  server.RaftServerConfigKeys (ConfUtils.java:logGet(46)) - raft.server.leaderelection.leader.step-down.wait-time = 10s (default)
2023-03-28 15:11:49,909 [Time-limited test] INFO  server.RaftServerConfigKeys (ConfUtils.java:logGet(46)) - raft.server.storage.dir = [/home/runner/work/ratis/ratis/ratis-test/target/test/data/2b0b63e9/MiniRaftClusterWithRpcTypeGrpcAndDataStreamTypeNetty4d3674f5/s1] (custom)
2023-03-28 15:11:49,909 [s0-groupManagement] INFO  server.RaftServer$Division (RaftServerImpl.java:<init>(198)) - s0: new RaftServerImpl for group-3E7FBBA51394:[s0|rpc:localhost:34691|admin:localhost:42501|client:localhost:42695|dataStream:localhost:41129|priority:0|startupRole:FOLLOWER, s1|rpc:localhost:45465|admin:localhost:46709|client:localhost:37549|dataStream:localhost:44863|priority:0|startupRole:FOLLOWER, s2|rpc:localhost:41369|admin:localhost:42041|client:localhost:44529|dataStream:localhost:43715|priority:0|startupRole:FOLLOWER] with MultiDataStreamStateMachine:uninitialized
2023-03-28 15:11:49,916 [s1-NettyServerStreamRpc-bossGroup--thread1] INFO  logging.LoggingHandler (AbstractInternalLogger.java:log(148)) - [id: 0xbd3c3114] REGISTERED
2023-03-28 15:11:49,916 [s0-groupManagement] INFO  server.RaftServerConfigKeys (ConfUtils.java:logGet(46)) - raft.server.rpc.timeout.min = 2s (custom)
2023-03-28 15:11:49,916 [s1-NettyServerStreamRpc-bossGroup--thread1] INFO  logging.LoggingHandler (AbstractInternalLogger.java:log(148)) - [id: 0xbd3c3114] BIND: 0.0.0.0/0.0.0.0:44863
2023-03-28 15:11:49,916 [s0-groupManagement] INFO  server.RaftServerConfigKeys (ConfUtils.java:logGet(46)) - raft.server.rpc.timeout.max = 3s (custom)
2023-03-28 15:11:49,917 [s1-NettyServerStreamRpc-bossGroup--thread1] INFO  logging.LoggingHandler (AbstractInternalLogger.java:log(148)) - [id: 0xbd3c3114, L:/0.0.0.0:44863] ACTIVE
2023-03-28 15:11:49,917 [s0-groupManagement] INFO  server.RaftServerConfigKeys (ConfUtils.java:logGet(46)) - raft.server.rpc.sleep.time = 25ms (default)
2023-03-28 15:11:49,917 [s0-groupManagement] INFO  server.RaftServerConfigKeys (ConfUtils.java:logGet(46)) - raft.server.rpc.slowness.timeout = 60s (default)
2023-03-28 15:11:49,917 [s0-groupManagement] INFO  server.RaftServerConfigKeys (ConfUtils.java:logGet(46)) - raft.server.leaderelection.leader.step-down.wait-time = 10s (default)
2023-03-28 15:11:49,917 [s0-groupManagement] INFO  server.RaftServerConfigKeys (ConfUtils.java:logGet(46)) - raft.server.sleep.deviation.threshold = 300ms (default)
2023-03-28 15:11:49,918 [s0-groupManagement] INFO  server.RaftServer$Division (ServerState.java:<init>(113)) - s0@group-3E7FBBA51394: ConfigurationManager, init=-1: peers:[s0|rpc:localhost:34691|admin:localhost:42501|client:localhost:42695|dataStream:localhost:41129|priority:0|startupRole:FOLLOWER, s1|rpc:localhost:45465|admin:localhost:46709|client:localhost:37549|dataStream:localhost:44863|priority:0|startupRole:FOLLOWER, s2|rpc:localhost:41369|admin:localhost:42041|client:localhost:44529|dataStream:localhost:43715|priority:0|startupRole:FOLLOWER]|listeners:[], old=null, confs=<EMPTY_MAP>
2023-03-28 15:11:49,919 [s0-groupManagement] INFO  server.RaftServerConfigKeys (ConfUtils.java:logGet(46)) - raft.server.notification.no-leader.timeout = 60s (default)
2023-03-28 15:11:49,919 [s0-groupManagement] INFO  server.RaftServerConfigKeys (ConfUtils.java:logGet(46)) - raft.server.read.timeout = 10s (default)
2023-03-28 15:11:49,919 [s0-groupManagement] INFO  server.RaftServerConfigKeys (ConfUtils.java:logGet(46)) - raft.server.retrycache.expirytime = 60s (default)
2023-03-28 15:11:49,919 [s0-groupManagement] INFO  server.RaftServerConfigKeys (ConfUtils.java:logGet(46)) - raft.server.retrycache.statistics.expirytime = 100μs (default)
2023-03-28 15:11:49,920 [s0-groupManagement] INFO  server.RaftServerConfigKeys (ConfUtils.java:logGet(46)) - raft.server.read.option = DEFAULT (default)
2023-03-28 15:11:49,924 [Time-limited test] INFO  server.RaftServer (RaftServerProxy.java:addNew(99)) - s1: addNew group-3E7FBBA51394:[s0|rpc:localhost:34691|admin:localhost:42501|client:localhost:42695|dataStream:localhost:41129|priority:0|startupRole:FOLLOWER, s1|rpc:localhost:45465|admin:localhost:46709|client:localhost:37549|dataStream:localhost:44863|priority:0|startupRole:FOLLOWER, s2|rpc:localhost:41369|admin:localhost:42041|client:localhost:44529|dataStream:localhost:43715|priority:0|startupRole:FOLLOWER] returns group-3E7FBBA51394:java.util.concurrent.CompletableFuture@62ca755f[Not completed]
2023-03-28 15:11:49,925 [s1-groupManagement] INFO  server.RaftServer$Division (RaftServerImpl.java:<init>(198)) - s1: new RaftServerImpl for group-3E7FBBA51394:[s0|rpc:localhost:34691|admin:localhost:42501|client:localhost:42695|dataStream:localhost:41129|priority:0|startupRole:FOLLOWER, s1|rpc:localhost:45465|admin:localhost:46709|client:localhost:37549|dataStream:localhost:44863|priority:0|startupRole:FOLLOWER, s2|rpc:localhost:41369|admin:localhost:42041|client:localhost:44529|dataStream:localhost:43715|priority:0|startupRole:FOLLOWER] with MultiDataStreamStateMachine:uninitialized
2023-03-28 15:11:49,925 [Time-limited test] INFO  impl.MiniRaftCluster (MiniRaftCluster.java:newRaftServer(382)) - newRaftServer: s2, group-3E7FBBA51394:[s0|rpc:localhost:34691|admin:localhost:42501|client:localhost:42695|dataStream:localhost:41129|priority:0|startupRole:FOLLOWER, s1|rpc:localhost:45465|admin:localhost:46709|client:localhost:37549|dataStream:localhost:44863|priority:0|startupRole:FOLLOWER, s2|rpc:localhost:41369|admin:localhost:42041|client:localhost:44529|dataStream:localhost:43715|priority:0|startupRole:FOLLOWER], format? true
2023-03-28 15:11:49,926 [Time-limited test] TRACE util.FileUtils (FileUtils.java:deleteFully(201)) - deleteFully target/test/data/2b0b63e9/MiniRaftClusterWithRpcTypeGrpcAndDataStreamTypeNetty4d3674f5/s2
2023-03-28 15:11:49,926 [Time-limited test] TRACE util.FileUtils (FileUtils.java:deleteFully(217)) - deleteFully: target/test/data/2b0b63e9/MiniRaftClusterWithRpcTypeGrpcAndDataStreamTypeNetty4d3674f5/s2 does not exist.
2023-03-28 15:11:49,926 [Time-limited test] INFO  impl.MiniRaftCluster (MiniRaftCluster.java:newRaftServer(387)) - Formatted directory target/test/data/2b0b63e9/MiniRaftClusterWithRpcTypeGrpcAndDataStreamTypeNetty4d3674f5/s2
2023-03-28 15:11:49,926 [Time-limited test] INFO  server.RaftServer (ConfUtils.java:logGet(46)) - raft.rpc.type = GRPC (default)
2023-03-28 15:11:49,927 [Time-limited test] INFO  grpc.GrpcConfigKeys (ConfUtils.java:logFallback(53)) - raft.grpc.admin.host = null (fallback to raft.grpc.server.host)
2023-03-28 15:11:49,927 [Time-limited test] INFO  grpc.GrpcConfigKeys (ConfUtils.java:logGet(46)) - raft.grpc.admin.port = 42041 (custom)
2023-03-28 15:11:49,927 [Time-limited test] INFO  grpc.GrpcConfigKeys (ConfUtils.java:logFallback(53)) - raft.grpc.client.host = null (fallback to raft.grpc.server.host)
2023-03-28 15:11:49,927 [Time-limited test] INFO  grpc.GrpcConfigKeys (ConfUtils.java:logGet(46)) - raft.grpc.client.port = 44529 (custom)
2023-03-28 15:11:49,927 [Time-limited test] INFO  grpc.GrpcConfigKeys (ConfUtils.java:logGet(46)) - raft.grpc.server.host = null (default)
2023-03-28 15:11:49,927 [Time-limited test] INFO  grpc.GrpcConfigKeys (ConfUtils.java:logGet(46)) - raft.grpc.server.port = 41369 (custom)
2023-03-28 15:11:49,927 [Time-limited test] INFO  server.GrpcService (ConfUtils.java:logGet(46)) - raft.grpc.message.size.max = 64MB (=67108864) (default)
2023-03-28 15:11:49,927 [Time-limited test] INFO  server.RaftServerConfigKeys (ConfUtils.java:logGet(46)) - raft.server.log.appender.buffer.byte-limit = 4MB (=4194304) (default)
2023-03-28 15:11:49,927 [Time-limited test] INFO  server.GrpcService (ConfUtils.java:logGet(46)) - raft.grpc.flow.control.window = 1MB (=1048576) (default)
2023-03-28 15:11:49,927 [Time-limited test] INFO  server.RaftServerConfigKeys (ConfUtils.java:logGet(46)) - raft.server.rpc.request.timeout = 3000ms (default)
2023-03-28 15:11:49,928 [s1-groupManagement] INFO  server.RaftServerConfigKeys (ConfUtils.java:logGet(46)) - raft.server.rpc.timeout.min = 2s (custom)
2023-03-28 15:11:49,932 [s1-groupManagement] INFO  server.RaftServerConfigKeys (ConfUtils.java:logGet(46)) - raft.server.rpc.timeout.max = 3s (custom)
2023-03-28 15:11:49,932 [s1-groupManagement] INFO  server.RaftServerConfigKeys (ConfUtils.java:logGet(46)) - raft.server.rpc.sleep.time = 25ms (default)
2023-03-28 15:11:49,932 [s1-groupManagement] INFO  server.RaftServerConfigKeys (ConfUtils.java:logGet(46)) - raft.server.rpc.slowness.timeout = 60s (default)
2023-03-28 15:11:49,932 [s1-groupManagement] INFO  server.RaftServerConfigKeys (ConfUtils.java:logGet(46)) - raft.server.leaderelection.leader.step-down.wait-time = 10s (default)
2023-03-28 15:11:49,932 [s1-groupManagement] INFO  server.RaftServerConfigKeys (ConfUtils.java:logGet(46)) - raft.server.sleep.deviation.threshold = 300ms (default)
2023-03-28 15:11:49,932 [s1-groupManagement] INFO  server.RaftServer$Division (ServerState.java:<init>(113)) - s1@group-3E7FBBA51394: ConfigurationManager, init=-1: peers:[s0|rpc:localhost:34691|admin:localhost:42501|client:localhost:42695|dataStream:localhost:41129|priority:0|startupRole:FOLLOWER, s1|rpc:localhost:45465|admin:localhost:46709|client:localhost:37549|dataStream:localhost:44863|priority:0|startupRole:FOLLOWER, s2|rpc:localhost:41369|admin:localhost:42041|client:localhost:44529|dataStream:localhost:43715|priority:0|startupRole:FOLLOWER]|listeners:[], old=null, confs=<EMPTY_MAP>
2023-03-28 15:11:49,932 [s1-groupManagement] INFO  server.RaftServerConfigKeys (ConfUtils.java:logGet(46)) - raft.server.notification.no-leader.timeout = 60s (default)
2023-03-28 15:11:49,932 [s1-groupManagement] INFO  server.RaftServerConfigKeys (ConfUtils.java:logGet(46)) - raft.server.read.timeout = 10s (default)
2023-03-28 15:11:49,932 [s1-groupManagement] INFO  server.RaftServerConfigKeys (ConfUtils.java:logGet(46)) - raft.server.retrycache.expirytime = 60s (default)
2023-03-28 15:11:49,933 [s1-groupManagement] INFO  server.RaftServerConfigKeys (ConfUtils.java:logGet(46)) - raft.server.retrycache.statistics.expirytime = 100μs (default)
2023-03-28 15:11:49,933 [s1-groupManagement] INFO  server.RaftServerConfigKeys (ConfUtils.java:logGet(46)) - raft.server.read.option = DEFAULT (default)
2023-03-28 15:11:49,935 [s1-groupManagement] INFO  server.RaftServerConfigKeys (ConfUtils.java:logGet(46)) - raft.server.rpc.request.timeout = 3000ms (default)
2023-03-28 15:11:49,935 [s1-groupManagement] INFO  server.RaftServerConfigKeys (ConfUtils.java:logGet(46)) - raft.server.log.appender.install.snapshot.enabled = true (default)
2023-03-28 15:11:49,935 [s1-groupManagement] INFO  server.RaftServerConfigKeys (ConfUtils.java:logGet(46)) - raft.server.threadpool.server.cached = true (default)
2023-03-28 15:11:49,935 [s1-groupManagement] INFO  server.RaftServerConfigKeys (ConfUtils.java:logGet(46)) - raft.server.threadpool.server.size = 0 (default)
2023-03-28 15:11:49,935 [s1-groupManagement] INFO  server.RaftServerConfigKeys (ConfUtils.java:logGet(46)) - raft.server.threadpool.client.cached = true (default)
2023-03-28 15:11:49,935 [s1-groupManagement] INFO  server.RaftServerConfigKeys (ConfUtils.java:logGet(46)) - raft.server.threadpool.client.size = 0 (default)
2023-03-28 15:11:49,936 [s0-groupManagement] INFO  server.RaftServerConfigKeys (ConfUtils.java:logGet(46)) - raft.server.rpc.request.timeout = 3000ms (default)
2023-03-28 15:11:49,941 [s0-groupManagement] INFO  server.RaftServerConfigKeys (ConfUtils.java:logGet(46)) - raft.server.log.appender.install.snapshot.enabled = true (default)
2023-03-28 15:11:49,941 [s0-groupManagement] INFO  server.RaftServerConfigKeys (ConfUtils.java:logGet(46)) - raft.server.threadpool.server.cached = true (default)
2023-03-28 15:11:49,941 [s0-groupManagement] INFO  server.RaftServerConfigKeys (ConfUtils.java:logGet(46)) - raft.server.threadpool.server.size = 0 (default)
2023-03-28 15:11:49,941 [s0-groupManagement] INFO  server.RaftServerConfigKeys (ConfUtils.java:logGet(46)) - raft.server.threadpool.client.cached = true (default)
2023-03-28 15:11:49,941 [s0-groupManagement] INFO  server.RaftServerConfigKeys (ConfUtils.java:logGet(46)) - raft.server.threadpool.client.size = 0 (default)
2023-03-28 15:11:49,931 [Time-limited test] INFO  grpc.GrpcConfigKeys (ConfUtils.java:logGet(46)) - raft.grpc.server.heartbeat.channel = true (default)
2023-03-28 15:11:49,942 [Time-limited test] INFO  grpc.GrpcConfigKeys (ConfUtils.java:logGet(46)) - raft.grpc.server.async.request.thread.pool.cached = true (default)
2023-03-28 15:11:49,942 [Time-limited test] INFO  grpc.GrpcConfigKeys (ConfUtils.java:logGet(46)) - raft.grpc.server.async.request.thread.pool.size = 32 (default)
2023-03-28 15:11:49,943 [Time-limited test] INFO  impl.DataStreamServerImpl (ConfUtils.java:logGet(46)) - raft.datastream.type = NETTY (custom)
2023-03-28 15:11:49,943 [Time-limited test] INFO  server.RaftServerConfigKeys (ConfUtils.java:logGet(46)) - raft.server.data-stream.async.request.thread.pool.cached = false (default)
2023-03-28 15:11:49,943 [Time-limited test] INFO  server.RaftServerConfigKeys (ConfUtils.java:logGet(46)) - raft.server.data-stream.async.request.thread.pool.size = 32 (default)
2023-03-28 15:11:49,943 [Time-limited test] INFO  server.RaftServerConfigKeys (ConfUtils.java:logGet(46)) - raft.server.data-stream.async.write.thread.pool.size = 16 (default)
2023-03-28 15:11:49,944 [Time-limited test] INFO  server.RaftServerConfigKeys (ConfUtils.java:logGet(46)) - raft.server.data-stream.client.pool.size = 10 (default)
2023-03-28 15:11:49,944 [Time-limited test] INFO  netty.NettyConfigKeys$DataStream (ConfUtils.java:logGet(46)) - raft.netty.dataStream.server.use-epoll = false (default)
2023-03-28 15:11:49,944 [Time-limited test] INFO  netty.NettyConfigKeys$DataStream (ConfUtils.java:logGet(46)) - raft.netty.dataStream.server.boss-group.size = 0 (default)
2023-03-28 15:11:50,059 [Time-limited test] INFO  netty.NettyConfigKeys$DataStream (ConfUtils.java:logGet(46)) - raft.netty.dataStream.server.worker-group.size = 0 (default)
2023-03-28 15:11:50,060 [Time-limited test] INFO  netty.NettyConfigKeys$DataStream (ConfUtils.java:logGet(46)) - raft.netty.dataStream.server.tls.conf = null (default)
2023-03-28 15:11:50,060 [Time-limited test] INFO  netty.NettyConfigKeys$DataStream (ConfUtils.java:logGet(46)) - raft.netty.dataStream.host = null (default)
2023-03-28 15:11:50,060 [Time-limited test] INFO  netty.NettyConfigKeys$DataStream (ConfUtils.java:logGet(46)) - raft.netty.dataStream.port = 43715 (custom)
2023-03-28 15:11:50,070 [Time-limited test] INFO  server.RaftServerConfigKeys (ConfUtils.java:logGet(46)) - raft.server.threadpool.proxy.cached = true (default)
2023-03-28 15:11:50,071 [Time-limited test] INFO  server.RaftServerConfigKeys (ConfUtils.java:logGet(46)) - raft.server.threadpool.proxy.size = 0 (default)
2023-03-28 15:11:50,071 [s2-NettyServerStreamRpc-bossGroup--thread1] INFO  logging.LoggingHandler (AbstractInternalLogger.java:log(148)) - [id: 0xe7b313f8] REGISTERED
2023-03-28 15:11:50,071 [Time-limited test] INFO  server.RaftServerConfigKeys (ConfUtils.java:logGet(46)) - raft.server.rpc.slowness.timeout = 60s (default)
2023-03-28 15:11:50,071 [s2-NettyServerStreamRpc-bossGroup--thread1] INFO  logging.LoggingHandler (AbstractInternalLogger.java:log(148)) - [id: 0xe7b313f8] BIND: 0.0.0.0/0.0.0.0:43715
2023-03-28 15:11:50,071 [Time-limited test] INFO  server.RaftServerConfigKeys (ConfUtils.java:logGet(46)) - raft.server.leaderelection.leader.step-down.wait-time = 10s (default)
2023-03-28 15:11:50,071 [s2-NettyServerStreamRpc-bossGroup--thread1] INFO  logging.LoggingHandler (AbstractInternalLogger.java:log(148)) - [id: 0xe7b313f8, L:/0.0.0.0:43715] ACTIVE
2023-03-28 15:11:50,072 [Time-limited test] INFO  server.RaftServerConfigKeys (ConfUtils.java:logGet(46)) - raft.server.storage.dir = [/home/runner/work/ratis/ratis/ratis-test/target/test/data/2b0b63e9/MiniRaftClusterWithRpcTypeGrpcAndDataStreamTypeNetty4d3674f5/s2] (custom)
2023-03-28 15:11:50,073 [Time-limited test] INFO  server.RaftServer (RaftServerProxy.java:addNew(99)) - s2: addNew group-3E7FBBA51394:[s0|rpc:localhost:34691|admin:localhost:42501|client:localhost:42695|dataStream:localhost:41129|priority:0|startupRole:FOLLOWER, s1|rpc:localhost:45465|admin:localhost:46709|client:localhost:37549|dataStream:localhost:44863|priority:0|startupRole:FOLLOWER, s2|rpc:localhost:41369|admin:localhost:42041|client:localhost:44529|dataStream:localhost:43715|priority:0|startupRole:FOLLOWER] returns group-3E7FBBA51394:java.util.concurrent.CompletableFuture@5ccda75f[Not completed]
2023-03-28 15:11:50,073 [s2-groupManagement] INFO  server.RaftServer$Division (RaftServerImpl.java:<init>(198)) - s2: new RaftServerImpl for group-3E7FBBA51394:[s0|rpc:localhost:34691|admin:localhost:42501|client:localhost:42695|dataStream:localhost:41129|priority:0|startupRole:FOLLOWER, s1|rpc:localhost:45465|admin:localhost:46709|client:localhost:37549|dataStream:localhost:44863|priority:0|startupRole:FOLLOWER, s2|rpc:localhost:41369|admin:localhost:42041|client:localhost:44529|dataStream:localhost:43715|priority:0|startupRole:FOLLOWER] with MultiDataStreamStateMachine:uninitialized
2023-03-28 15:11:50,074 [s2-groupManagement] INFO  server.RaftServerConfigKeys (ConfUtils.java:logGet(46)) - raft.server.rpc.timeout.min = 2s (custom)
2023-03-28 15:11:50,074 [s0-impl-thread1] INFO  server.RaftServerConfigKeys (ConfUtils.java:logGet(46)) - raft.server.storage.free-space.min = 0MB (=0) (default)
2023-03-28 15:11:50,074 [s2-groupManagement] INFO  server.RaftServerConfigKeys (ConfUtils.java:logGet(46)) - raft.server.rpc.timeout.max = 3s (custom)
2023-03-28 15:11:50,074 [s0-impl-thread1] INFO  server.RaftServerConfigKeys (ConfUtils.java:logGet(46)) - raft.server.log.corruption.policy = EXCEPTION (default)
2023-03-28 15:11:50,074 [s2-groupManagement] INFO  server.RaftServerConfigKeys (ConfUtils.java:logGet(46)) - raft.server.rpc.sleep.time = 25ms (default)
2023-03-28 15:11:50,074 [s2-groupManagement] INFO  server.RaftServerConfigKeys (ConfUtils.java:logGet(46)) - raft.server.rpc.slowness.timeout = 60s (default)
2023-03-28 15:11:50,074 [s0-impl-thread1] INFO  server.RaftServerConfigKeys (ConfUtils.java:logGet(46)) - raft.server.storage.dir = [/home/runner/work/ratis/ratis/ratis-test/target/test/data/2b0b63e9/MiniRaftClusterWithRpcTypeGrpcAndDataStreamTypeNetty4d3674f5/s0] (custom)
2023-03-28 15:11:50,074 [s2-groupManagement] INFO  server.RaftServerConfigKeys (ConfUtils.java:logGet(46)) - raft.server.leaderelection.leader.step-down.wait-time = 10s (default)
2023-03-28 15:11:50,074 [s2-groupManagement] INFO  server.RaftServerConfigKeys (ConfUtils.java:logGet(46)) - raft.server.sleep.deviation.threshold = 300ms (default)
2023-03-28 15:11:50,074 [s2-groupManagement] INFO  server.RaftServer$Division (ServerState.java:<init>(113)) - s2@group-3E7FBBA51394: ConfigurationManager, init=-1: peers:[s0|rpc:localhost:34691|admin:localhost:42501|client:localhost:42695|dataStream:localhost:41129|priority:0|startupRole:FOLLOWER, s1|rpc:localhost:45465|admin:localhost:46709|client:localhost:37549|dataStream:localhost:44863|priority:0|startupRole:FOLLOWER, s2|rpc:localhost:41369|admin:localhost:42041|client:localhost:44529|dataStream:localhost:43715|priority:0|startupRole:FOLLOWER]|listeners:[], old=null, confs=<EMPTY_MAP>
2023-03-28 15:11:50,074 [s0-impl-thread1] INFO  storage.RaftStorageDirectory (RaftStorageDirectoryImpl.java:analyzeStorage(138)) - The storage directory /home/runner/work/ratis/ratis/ratis-test/target/test/data/2b0b63e9/MiniRaftClusterWithRpcTypeGrpcAndDataStreamTypeNetty4d3674f5/s0/e3ae207c-eb38-434a-9ebb-3e7fbba51394 does not exist. Creating ...
2023-03-28 15:11:50,075 [s2-groupManagement] INFO  server.RaftServerConfigKeys (ConfUtils.java:logGet(46)) - raft.server.notification.no-leader.timeout = 60s (default)
2023-03-28 15:11:50,075 [s2-groupManagement] INFO  server.RaftServerConfigKeys (ConfUtils.java:logGet(46)) - raft.server.read.timeout = 10s (default)
2023-03-28 15:11:50,075 [s2-groupManagement] INFO  server.RaftServerConfigKeys (ConfUtils.java:logGet(46)) - raft.server.retrycache.expirytime = 60s (default)
2023-03-28 15:11:50,075 [s2-groupManagement] INFO  server.RaftServerConfigKeys (ConfUtils.java:logGet(46)) - raft.server.retrycache.statistics.expirytime = 100μs (default)
2023-03-28 15:11:50,075 [s2-groupManagement] INFO  server.RaftServerConfigKeys (ConfUtils.java:logGet(46)) - raft.server.read.option = DEFAULT (default)
2023-03-28 15:11:50,077 [s0-impl-thread1] TRACE util.FileUtils (LogUtils.java:runAndLog(49)) - Successfully ran Files.createDirectories /home/runner/work/ratis/ratis/ratis-test/target/test/data/2b0b63e9/MiniRaftClusterWithRpcTypeGrpcAndDataStreamTypeNetty4d3674f5/s0/e3ae207c-eb38-434a-9ebb-3e7fbba51394
2023-03-28 15:11:50,077 [s2-groupManagement] INFO  server.RaftServerConfigKeys (ConfUtils.java:logGet(46)) - raft.server.rpc.request.timeout = 3000ms (default)
2023-03-28 15:11:50,077 [s2-groupManagement] INFO  server.RaftServerConfigKeys (ConfUtils.java:logGet(46)) - raft.server.log.appender.install.snapshot.enabled = true (default)
2023-03-28 15:11:50,077 [s2-groupManagement] INFO  server.RaftServerConfigKeys (ConfUtils.java:logGet(46)) - raft.server.threadpool.server.cached = true (default)
2023-03-28 15:11:50,077 [s2-groupManagement] INFO  server.RaftServerConfigKeys (ConfUtils.java:logGet(46)) - raft.server.threadpool.server.size = 0 (default)
2023-03-28 15:11:50,077 [s2-groupManagement] INFO  server.RaftServerConfigKeys (ConfUtils.java:logGet(46)) - raft.server.threadpool.client.cached = true (default)
2023-03-28 15:11:50,077 [s2-groupManagement] INFO  server.RaftServerConfigKeys (ConfUtils.java:logGet(46)) - raft.server.threadpool.client.size = 0 (default)
2023-03-28 15:11:50,078 [s0-impl-thread1] INFO  storage.RaftStorageDirectory (RaftStorageDirectoryImpl.java:tryLock(232)) - Lock on /home/runner/work/ratis/ratis/ratis-test/target/test/data/2b0b63e9/MiniRaftClusterWithRpcTypeGrpcAndDataStreamTypeNetty4d3674f5/s0/e3ae207c-eb38-434a-9ebb-3e7fbba51394/in_use.lock acquired by nodename 13506@fv-az451-9
2023-03-28 15:11:50,078 [s0-impl-thread1] TRACE util.FileUtils (LogUtils.java:runAndLog(49)) - Successfully ran Files.createDirectories /home/runner/work/ratis/ratis/ratis-test/target/test/data/2b0b63e9/MiniRaftClusterWithRpcTypeGrpcAndDataStreamTypeNetty4d3674f5/s0/e3ae207c-eb38-434a-9ebb-3e7fbba51394/current
2023-03-28 15:11:50,079 [s0-impl-thread1] TRACE util.FileUtils (LogUtils.java:runAndLog(49)) - Successfully ran Files.createDirectories /home/runner/work/ratis/ratis/ratis-test/target/test/data/2b0b63e9/MiniRaftClusterWithRpcTypeGrpcAndDataStreamTypeNetty4d3674f5/s0/e3ae207c-eb38-434a-9ebb-3e7fbba51394/sm
2023-03-28 15:11:50,081 [s0-impl-thread1] INFO  storage.RaftStorage (RaftStorageImpl.java:format(96)) - Storage directory /home/runner/work/ratis/ratis/ratis-test/target/test/data/2b0b63e9/MiniRaftClusterWithRpcTypeGrpcAndDataStreamTypeNetty4d3674f5/s0/e3ae207c-eb38-434a-9ebb-3e7fbba51394 has been successfully formatted.
2023-03-28 15:11:50,081 [s0-impl-thread1] INFO  server.RaftServerConfigKeys (ConfUtils.java:logGet(46)) - raft.server.log.use.memory = false (default)
2023-03-28 15:11:50,081 [s0-impl-thread1] INFO  server.RaftServerConfigKeys (ConfUtils.java:logGet(46)) - raft.server.log.purge.gap = 1024 (default)
2023-03-28 15:11:50,081 [s0-impl-thread1] INFO  server.RaftServerConfigKeys (ConfUtils.java:logGet(46)) - raft.server.log.appender.buffer.byte-limit = 4MB (=4194304) (default)
2023-03-28 15:11:50,081 [s0-impl-thread1] INFO  server.RaftServerConfigKeys (ConfUtils.java:logGet(46)) - raft.server.log.statemachine.data.read.timeout = 1000ms (default)
2023-03-28 15:11:50,081 [s0-impl-thread1] INFO  server.RaftServerConfigKeys (ConfUtils.java:logGet(46)) - raft.server.log.purge.preservation.log.num = 0 (default)
2023-03-28 15:11:50,082 [s0-impl-thread1] INFO  server.RaftServerConfigKeys (ConfUtils.java:logGet(46)) - raft.server.log.segment.size.max = 8MB (=8388608) (default)
2023-03-28 15:11:50,083 [s0-impl-thread1] INFO  server.RaftServerConfigKeys (ConfUtils.java:logGet(46)) - raft.server.log.segment.cache.num.max = 6 (default)
2023-03-28 15:11:50,083 [s0-impl-thread1] INFO  server.RaftServerConfigKeys (ConfUtils.java:logGet(46)) - raft.server.log.segment.cache.size.max = 200MB (=209715200) (default)
2023-03-28 15:11:50,083 [s0-impl-thread1] INFO  server.RaftServerConfigKeys (ConfUtils.java:logGet(46)) - raft.server.log.appender.buffer.byte-limit = 4MB (=4194304) (default)
2023-03-28 15:11:50,083 [s0-impl-thread1] INFO  segmented.SegmentedRaftLogWorker (SegmentedRaftLogWorker.java:<init>(183)) - new s0@group-3E7FBBA51394-SegmentedRaftLogWorker for RaftStorageImpl:Storage Directory /home/runner/work/ratis/ratis/ratis-test/target/test/data/2b0b63e9/MiniRaftClusterWithRpcTypeGrpcAndDataStreamTypeNetty4d3674f5/s0/e3ae207c-eb38-434a-9ebb-3e7fbba51394
2023-03-28 15:11:50,083 [s0-impl-thread1] INFO  server.RaftServerConfigKeys (ConfUtils.java:logGet(46)) - raft.server.log.queue.byte-limit = 64MB (=67108864) (default)
2023-03-28 15:11:50,083 [s0-impl-thread1] INFO  server.RaftServerConfigKeys (ConfUtils.java:logGet(46)) - raft.server.log.queue.element-limit = 4096 (default)
2023-03-28 15:11:50,083 [s0-impl-thread1] INFO  server.RaftServerConfigKeys (ConfUtils.java:logGet(46)) - raft.server.log.segment.size.max = 8MB (=8388608) (default)
2023-03-28 15:11:50,083 [s0-impl-thread1] INFO  server.RaftServerConfigKeys (ConfUtils.java:logGet(46)) - raft.server.log.preallocated.size = 4MB (=4194304) (default)
2023-03-28 15:11:50,083 [s0-impl-thread1] INFO  server.RaftServerConfigKeys (ConfUtils.java:logGet(46)) - raft.server.log.force.sync.num = 128 (default)
2023-03-28 15:11:50,083 [s0-impl-thread1] INFO  server.RaftServerConfigKeys (ConfUtils.java:logGet(46)) - raft.server.log.statemachine.data.sync = true (default)
2023-03-28 15:11:50,083 [s0-impl-thread1] INFO  server.RaftServerConfigKeys (ConfUtils.java:logGet(46)) - raft.server.log.statemachine.data.sync.timeout = 10s (default)
2023-03-28 15:11:50,083 [s0-impl-thread1] INFO  server.RaftServerConfigKeys (ConfUtils.java:logGet(46)) - raft.server.log.statemachine.data.sync.timeout.retry = -1 (default)
2023-03-28 15:11:50,084 [s0-impl-thread1] INFO  server.RaftServerConfigKeys (ConfUtils.java:logGet(46)) - raft.server.log.write.buffer.size = 64KB (=65536) (default)
2023-03-28 15:11:50,084 [s0-impl-thread1] INFO  server.RaftServerConfigKeys (ConfUtils.java:logGet(46)) - raft.server.log.appender.buffer.byte-limit = 4MB (=4194304) (default)
2023-03-28 15:11:50,085 [s0-impl-thread1] INFO  server.RaftServerConfigKeys (ConfUtils.java:logGet(46)) - raft.server.log.unsafe-flush.enabled = false (default)
2023-03-28 15:11:50,085 [s0-impl-thread1] INFO  server.RaftServerConfigKeys (ConfUtils.java:logGet(46)) - raft.server.log.async-flush.enabled = false (default)
2023-03-28 15:11:50,085 [s0-impl-thread1] INFO  server.RaftServerConfigKeys (ConfUtils.java:logGet(46)) - raft.server.log.statemachine.data.caching.enabled = false (default)
2023-03-28 15:11:50,085 [s0-impl-thread1] INFO  segmented.SegmentedRaftLogWorker (SegmentedRaftLogWorker.java:lambda$new$0(134)) - s0@group-3E7FBBA51394-SegmentedRaftLogWorker: flushIndex: setUnconditionally 0 -> -1
2023-03-28 15:11:50,085 [s0-impl-thread1] INFO  segmented.SegmentedRaftLogWorker (SegmentedRaftLogWorker.java:lambda$new$0(134)) - s0@group-3E7FBBA51394-SegmentedRaftLogWorker: safeCacheEvictIndex: setUnconditionally 0 -> -1
2023-03-28 15:11:50,090 [s0-impl-thread1] INFO  server.RaftServer$Division (RaftServerImpl.java:start(342)) - s0@group-3E7FBBA51394: start as a follower, conf=-1: peers:[s0|rpc:localhost:34691|admin:localhost:42501|client:localhost:42695|dataStream:localhost:41129|priority:0|startupRole:FOLLOWER, s1|rpc:localhost:45465|admin:localhost:46709|client:localhost:37549|dataStream:localhost:44863|priority:0|startupRole:FOLLOWER, s2|rpc:localhost:41369|admin:localhost:42041|client:localhost:44529|dataStream:localhost:43715|priority:0|startupRole:FOLLOWER]|listeners:[], old=null
2023-03-28 15:11:50,090 [s0-impl-thread1] INFO  server.RaftServer$Division (RaftServerImpl.java:setRole(329)) - s0@group-3E7FBBA51394: changes role from      null to FOLLOWER at term 0 for startAsFollower
2023-03-28 15:11:50,090 [s0-impl-thread1] INFO  impl.RoleInfo (RoleInfo.java:updateAndGet(139)) - s0: start s0@group-3E7FBBA51394-FollowerState
2023-03-28 15:11:50,091 [s0-impl-thread1] INFO  util.JmxRegister (JmxRegister.java:tryRegister(44)) - Successfully registered JMX Bean with object name Ratis:service=RaftServer,group=group-3E7FBBA51394,id=s0
2023-03-28 15:11:50,096 [s0-impl-thread1] INFO  server.RaftServerConfigKeys (ConfUtils.java:logGet(46)) - raft.server.snapshot.auto.trigger.enabled = false (default)
2023-03-28 15:11:50,096 [s0-impl-thread1] INFO  server.RaftServerConfigKeys (ConfUtils.java:logGet(46)) - raft.server.snapshot.retention.file.num = -1 (default)
2023-03-28 15:11:50,096 [s0-impl-thread1] INFO  server.RaftServerConfigKeys (ConfUtils.java:logGet(46)) - raft.server.log.purge.upto.snapshot.index = false (default)
2023-03-28 15:11:50,096 [Time-limited test] INFO  server.RaftServer (RaftServerProxy.java:startImpl(401)) - s0: start RPC server
2023-03-28 15:11:50,101 [s0@group-3E7FBBA51394-FollowerState] INFO  server.RaftServerConfigKeys (ConfUtils.java:logFallback(53)) - raft.server.rpc.first-election.timeout.min = 2s (fallback to raft.server.rpc.timeout.min)
2023-03-28 15:11:50,101 [s0@group-3E7FBBA51394-FollowerState] INFO  server.RaftServerConfigKeys (ConfUtils.java:logFallback(53)) - raft.server.rpc.first-election.timeout.max = 3s (fallback to raft.server.rpc.timeout.max)
2023-03-28 15:11:50,103 [Time-limited test] INFO  server.GrpcService (GrpcService.java:startImpl(302)) - s0: GrpcService started, listening on 42695
2023-03-28 15:11:50,104 [Time-limited test] INFO  server.GrpcService (GrpcService.java:startImpl(302)) - s0: GrpcService started, listening on 34691
2023-03-28 15:11:50,106 [Time-limited test] INFO  server.GrpcService (GrpcService.java:startImpl(302)) - s0: GrpcService started, listening on 42501
2023-03-28 15:11:50,108 [s1-impl-thread1] INFO  server.RaftServerConfigKeys (ConfUtils.java:logGet(46)) - raft.server.storage.free-space.min = 0MB (=0) (default)
2023-03-28 15:11:50,108 [s1-impl-thread1] INFO  server.RaftServerConfigKeys (ConfUtils.java:logGet(46)) - raft.server.log.corruption.policy = EXCEPTION (default)
2023-03-28 15:11:50,108 [s1-impl-thread1] INFO  server.RaftServerConfigKeys (ConfUtils.java:logGet(46)) - raft.server.storage.dir = [/home/runner/work/ratis/ratis/ratis-test/target/test/data/2b0b63e9/MiniRaftClusterWithRpcTypeGrpcAndDataStreamTypeNetty4d3674f5/s1] (custom)
2023-03-28 15:11:50,108 [s1-impl-thread1] INFO  storage.RaftStorageDirectory (RaftStorageDirectoryImpl.java:analyzeStorage(138)) - The storage directory /home/runner/work/ratis/ratis/ratis-test/target/test/data/2b0b63e9/MiniRaftClusterWithRpcTypeGrpcAndDataStreamTypeNetty4d3674f5/s1/e3ae207c-eb38-434a-9ebb-3e7fbba51394 does not exist. Creating ...
2023-03-28 15:11:50,110 [s1-impl-thread1] TRACE util.FileUtils (LogUtils.java:runAndLog(49)) - Successfully ran Files.createDirectories /home/runner/work/ratis/ratis/ratis-test/target/test/data/2b0b63e9/MiniRaftClusterWithRpcTypeGrpcAndDataStreamTypeNetty4d3674f5/s1/e3ae207c-eb38-434a-9ebb-3e7fbba51394
2023-03-28 15:11:50,110 [JvmPauseMonitor1] INFO  util.JvmPauseMonitor (JvmPauseMonitor.java:run(103)) - JvmPauseMonitor-s0: Started
2023-03-28 15:11:50,111 [s1-impl-thread1] INFO  storage.RaftStorageDirectory (RaftStorageDirectoryImpl.java:tryLock(232)) - Lock on /home/runner/work/ratis/ratis/ratis-test/target/test/data/2b0b63e9/MiniRaftClusterWithRpcTypeGrpcAndDataStreamTypeNetty4d3674f5/s1/e3ae207c-eb38-434a-9ebb-3e7fbba51394/in_use.lock acquired by nodename 13506@fv-az451-9
2023-03-28 15:11:50,111 [s1-impl-thread1] TRACE util.FileUtils (LogUtils.java:runAndLog(49)) - Successfully ran Files.createDirectories /home/runner/work/ratis/ratis/ratis-test/target/test/data/2b0b63e9/MiniRaftClusterWithRpcTypeGrpcAndDataStreamTypeNetty4d3674f5/s1/e3ae207c-eb38-434a-9ebb-3e7fbba51394/current
2023-03-28 15:11:50,112 [s1-impl-thread1] TRACE util.FileUtils (LogUtils.java:runAndLog(49)) - Successfully ran Files.createDirectories /home/runner/work/ratis/ratis/ratis-test/target/test/data/2b0b63e9/MiniRaftClusterWithRpcTypeGrpcAndDataStreamTypeNetty4d3674f5/s1/e3ae207c-eb38-434a-9ebb-3e7fbba51394/sm
2023-03-28 15:11:50,113 [s1-impl-thread1] INFO  storage.RaftStorage (RaftStorageImpl.java:format(96)) - Storage directory /home/runner/work/ratis/ratis/ratis-test/target/test/data/2b0b63e9/MiniRaftClusterWithRpcTypeGrpcAndDataStreamTypeNetty4d3674f5/s1/e3ae207c-eb38-434a-9ebb-3e7fbba51394 has been successfully formatted.
2023-03-28 15:11:50,113 [s1-impl-thread1] INFO  server.RaftServerConfigKeys (ConfUtils.java:logGet(46)) - raft.server.log.use.memory = false (default)
2023-03-28 15:11:50,113 [s1-impl-thread1] INFO  server.RaftServerConfigKeys (ConfUtils.java:logGet(46)) - raft.server.log.purge.gap = 1024 (default)
2023-03-28 15:11:50,113 [s1-impl-thread1] INFO  server.RaftServerConfigKeys (ConfUtils.java:logGet(46)) - raft.server.log.appender.buffer.byte-limit = 4MB (=4194304) (default)
2023-03-28 15:11:50,114 [s1-impl-thread1] INFO  server.RaftServerConfigKeys (ConfUtils.java:logGet(46)) - raft.server.log.statemachine.data.read.timeout = 1000ms (default)
2023-03-28 15:11:50,114 [s1-impl-thread1] INFO  server.RaftServerConfigKeys (ConfUtils.java:logGet(46)) - raft.server.log.purge.preservation.log.num = 0 (default)
2023-03-28 15:11:50,115 [s1-impl-thread1] INFO  server.RaftServerConfigKeys (ConfUtils.java:logGet(46)) - raft.server.log.segment.size.max = 8MB (=8388608) (default)
2023-03-28 15:11:50,115 [s1-impl-thread1] INFO  server.RaftServerConfigKeys (ConfUtils.java:logGet(46)) - raft.server.log.segment.cache.num.max = 6 (default)
2023-03-28 15:11:50,115 [s1-impl-thread1] INFO  server.RaftServerConfigKeys (ConfUtils.java:logGet(46)) - raft.server.log.segment.cache.size.max = 200MB (=209715200) (default)
2023-03-28 15:11:50,115 [s1-impl-thread1] INFO  server.RaftServerConfigKeys (ConfUtils.java:logGet(46)) - raft.server.log.appender.buffer.byte-limit = 4MB (=4194304) (default)
2023-03-28 15:11:50,115 [s1-impl-thread1] INFO  segmented.SegmentedRaftLogWorker (SegmentedRaftLogWorker.java:<init>(183)) - new s1@group-3E7FBBA51394-SegmentedRaftLogWorker for RaftStorageImpl:Storage Directory /home/runner/work/ratis/ratis/ratis-test/target/test/data/2b0b63e9/MiniRaftClusterWithRpcTypeGrpcAndDataStreamTypeNetty4d3674f5/s1/e3ae207c-eb38-434a-9ebb-3e7fbba51394
2023-03-28 15:11:50,116 [s1-impl-thread1] INFO  server.RaftServerConfigKeys (ConfUtils.java:logGet(46)) - raft.server.log.queue.byte-limit = 64MB (=67108864) (default)
2023-03-28 15:11:50,116 [s1-impl-thread1] INFO  server.RaftServerConfigKeys (ConfUtils.java:logGet(46)) - raft.server.log.queue.element-limit = 4096 (default)
2023-03-28 15:11:50,116 [s1-impl-thread1] INFO  server.RaftServerConfigKeys (ConfUtils.java:logGet(46)) - raft.server.log.segment.size.max = 8MB (=8388608) (default)
2023-03-28 15:11:50,116 [s1-impl-thread1] INFO  server.RaftServerConfigKeys (ConfUtils.java:logGet(46)) - raft.server.log.preallocated.size = 4MB (=4194304) (default)
2023-03-28 15:11:50,119 [s1-impl-thread1] INFO  server.RaftServerConfigKeys (ConfUtils.java:logGet(46)) - raft.server.log.force.sync.num = 128 (default)
2023-03-28 15:11:50,119 [s1-impl-thread1] INFO  server.RaftServerConfigKeys (ConfUtils.java:logGet(46)) - raft.server.log.statemachine.data.sync = true (default)
2023-03-28 15:11:50,119 [s1-impl-thread1] INFO  server.RaftServerConfigKeys (ConfUtils.java:logGet(46)) - raft.server.log.statemachine.data.sync.timeout = 10s (default)
2023-03-28 15:11:50,119 [s1-impl-thread1] INFO  server.RaftServerConfigKeys (ConfUtils.java:logGet(46)) - raft.server.log.statemachine.data.sync.timeout.retry = -1 (default)
2023-03-28 15:11:50,119 [s1-impl-thread1] INFO  server.RaftServerConfigKeys (ConfUtils.java:logGet(46)) - raft.server.log.write.buffer.size = 64KB (=65536) (default)
2023-03-28 15:11:50,119 [s1-impl-thread1] INFO  server.RaftServerConfigKeys (ConfUtils.java:logGet(46)) - raft.server.log.appender.buffer.byte-limit = 4MB (=4194304) (default)
2023-03-28 15:11:50,120 [s1-impl-thread1] INFO  server.RaftServerConfigKeys (ConfUtils.java:logGet(46)) - raft.server.log.unsafe-flush.enabled = false (default)
2023-03-28 15:11:50,120 [s1-impl-thread1] INFO  server.RaftServerConfigKeys (ConfUtils.java:logGet(46)) - raft.server.log.async-flush.enabled = false (default)
2023-03-28 15:11:50,120 [s1-impl-thread1] INFO  server.RaftServerConfigKeys (ConfUtils.java:logGet(46)) - raft.server.log.statemachine.data.caching.enabled = false (default)
2023-03-28 15:11:50,120 [s1-impl-thread1] INFO  segmented.SegmentedRaftLogWorker (SegmentedRaftLogWorker.java:lambda$new$0(134)) - s1@group-3E7FBBA51394-SegmentedRaftLogWorker: flushIndex: setUnconditionally 0 -> -1
2023-03-28 15:11:50,121 [s1-impl-thread1] INFO  segmented.SegmentedRaftLogWorker (SegmentedRaftLogWorker.java:lambda$new$0(134)) - s1@group-3E7FBBA51394-SegmentedRaftLogWorker: safeCacheEvictIndex: setUnconditionally 0 -> -1
2023-03-28 15:11:50,132 [s1-impl-thread1] INFO  server.RaftServer$Division (RaftServerImpl.java:start(342)) - s1@group-3E7FBBA51394: start as a follower, conf=-1: peers:[s0|rpc:localhost:34691|admin:localhost:42501|client:localhost:42695|dataStream:localhost:41129|priority:0|startupRole:FOLLOWER, s1|rpc:localhost:45465|admin:localhost:46709|client:localhost:37549|dataStream:localhost:44863|priority:0|startupRole:FOLLOWER, s2|rpc:localhost:41369|admin:localhost:42041|client:localhost:44529|dataStream:localhost:43715|priority:0|startupRole:FOLLOWER]|listeners:[], old=null
2023-03-28 15:11:50,132 [s1-impl-thread1] INFO  server.RaftServer$Division (RaftServerImpl.java:setRole(329)) - s1@group-3E7FBBA51394: changes role from      null to FOLLOWER at term 0 for startAsFollower
2023-03-28 15:11:50,132 [s1-impl-thread1] INFO  impl.RoleInfo (RoleInfo.java:updateAndGet(139)) - s1: start s1@group-3E7FBBA51394-FollowerState
2023-03-28 15:11:50,132 [s1-impl-thread1] INFO  util.JmxRegister (JmxRegister.java:tryRegister(44)) - Successfully registered JMX Bean with object name Ratis:service=RaftServer,group=group-3E7FBBA51394,id=s1
2023-03-28 15:11:50,132 [s1-impl-thread1] INFO  server.RaftServerConfigKeys (ConfUtils.java:logGet(46)) - raft.server.snapshot.auto.trigger.enabled = false (default)
2023-03-28 15:11:50,133 [s1-impl-thread1] INFO  server.RaftServerConfigKeys (ConfUtils.java:logGet(46)) - raft.server.snapshot.retention.file.num = -1 (default)
2023-03-28 15:11:50,133 [s1-impl-thread1] INFO  server.RaftServerConfigKeys (ConfUtils.java:logGet(46)) - raft.server.log.purge.upto.snapshot.index = false (default)
2023-03-28 15:11:50,134 [s1@group-3E7FBBA51394-FollowerState] INFO  server.RaftServerConfigKeys (ConfUtils.java:logFallback(53)) - raft.server.rpc.first-election.timeout.min = 2s (fallback to raft.server.rpc.timeout.min)
2023-03-28 15:11:50,136 [Time-limited test] INFO  server.RaftServer (RaftServerProxy.java:startImpl(401)) - s1: start RPC server
2023-03-28 15:11:50,136 [s1@group-3E7FBBA51394-FollowerState] INFO  server.RaftServerConfigKeys (ConfUtils.java:logFallback(53)) - raft.server.rpc.first-election.timeout.max = 3s (fallback to raft.server.rpc.timeout.max)
2023-03-28 15:11:50,138 [Time-limited test] INFO  server.GrpcService (GrpcService.java:startImpl(302)) - s1: GrpcService started, listening on 37549
2023-03-28 15:11:50,139 [Time-limited test] INFO  server.GrpcService (GrpcService.java:startImpl(302)) - s1: GrpcService started, listening on 45465
2023-03-28 15:11:50,141 [Time-limited test] INFO  server.GrpcService (GrpcService.java:startImpl(302)) - s1: GrpcService started, listening on 46709
2023-03-28 15:11:50,144 [JvmPauseMonitor2] INFO  util.JvmPauseMonitor (JvmPauseMonitor.java:run(103)) - JvmPauseMonitor-s1: Started
2023-03-28 15:11:50,144 [s2-impl-thread1] INFO  server.RaftServerConfigKeys (ConfUtils.java:logGet(46)) - raft.server.storage.free-space.min = 0MB (=0) (default)
2023-03-28 15:11:50,144 [s2-impl-thread1] INFO  server.RaftServerConfigKeys (ConfUtils.java:logGet(46)) - raft.server.log.corruption.policy = EXCEPTION (default)
2023-03-28 15:11:50,144 [s2-impl-thread1] INFO  server.RaftServerConfigKeys (ConfUtils.java:logGet(46)) - raft.server.storage.dir = [/home/runner/work/ratis/ratis/ratis-test/target/test/data/2b0b63e9/MiniRaftClusterWithRpcTypeGrpcAndDataStreamTypeNetty4d3674f5/s2] (custom)
2023-03-28 15:11:50,145 [s2-impl-thread1] INFO  storage.RaftStorageDirectory (RaftStorageDirectoryImpl.java:analyzeStorage(138)) - The storage directory /home/runner/work/ratis/ratis/ratis-test/target/test/data/2b0b63e9/MiniRaftClusterWithRpcTypeGrpcAndDataStreamTypeNetty4d3674f5/s2/e3ae207c-eb38-434a-9ebb-3e7fbba51394 does not exist. Creating ...
2023-03-28 15:11:50,145 [s2-impl-thread1] TRACE util.FileUtils (LogUtils.java:runAndLog(49)) - Successfully ran Files.createDirectories /home/runner/work/ratis/ratis/ratis-test/target/test/data/2b0b63e9/MiniRaftClusterWithRpcTypeGrpcAndDataStreamTypeNetty4d3674f5/s2/e3ae207c-eb38-434a-9ebb-3e7fbba51394
2023-03-28 15:11:50,146 [s2-impl-thread1] INFO  storage.RaftStorageDirectory (RaftStorageDirectoryImpl.java:tryLock(232)) - Lock on /home/runner/work/ratis/ratis/ratis-test/target/test/data/2b0b63e9/MiniRaftClusterWithRpcTypeGrpcAndDataStreamTypeNetty4d3674f5/s2/e3ae207c-eb38-434a-9ebb-3e7fbba51394/in_use.lock acquired by nodename 13506@fv-az451-9
2023-03-28 15:11:50,146 [s2-impl-thread1] TRACE util.FileUtils (LogUtils.java:runAndLog(49)) - Successfully ran Files.createDirectories /home/runner/work/ratis/ratis/ratis-test/target/test/data/2b0b63e9/MiniRaftClusterWithRpcTypeGrpcAndDataStreamTypeNetty4d3674f5/s2/e3ae207c-eb38-434a-9ebb-3e7fbba51394/current
2023-03-28 15:11:50,146 [s2-impl-thread1] TRACE util.FileUtils (LogUtils.java:runAndLog(49)) - Successfully ran Files.createDirectories /home/runner/work/ratis/ratis/ratis-test/target/test/data/2b0b63e9/MiniRaftClusterWithRpcTypeGrpcAndDataStreamTypeNetty4d3674f5/s2/e3ae207c-eb38-434a-9ebb-3e7fbba51394/sm
2023-03-28 15:11:50,147 [s2-impl-thread1] INFO  storage.RaftStorage (RaftStorageImpl.java:format(96)) - Storage directory /home/runner/work/ratis/ratis/ratis-test/target/test/data/2b0b63e9/MiniRaftClusterWithRpcTypeGrpcAndDataStreamTypeNetty4d3674f5/s2/e3ae207c-eb38-434a-9ebb-3e7fbba51394 has been successfully formatted.
2023-03-28 15:11:50,148 [s2-impl-thread1] INFO  server.RaftServerConfigKeys (ConfUtils.java:logGet(46)) - raft.server.log.use.memory = false (default)
2023-03-28 15:11:50,148 [s2-impl-thread1] INFO  server.RaftServerConfigKeys (ConfUtils.java:logGet(46)) - raft.server.log.purge.gap = 1024 (default)
2023-03-28 15:11:50,148 [s2-impl-thread1] INFO  server.RaftServerConfigKeys (ConfUtils.java:logGet(46)) - raft.server.log.appender.buffer.byte-limit = 4MB (=4194304) (default)
2023-03-28 15:11:50,148 [s2-impl-thread1] INFO  server.RaftServerConfigKeys (ConfUtils.java:logGet(46)) - raft.server.log.statemachine.data.read.timeout = 1000ms (default)
2023-03-28 15:11:50,148 [s2-impl-thread1] INFO  server.RaftServerConfigKeys (ConfUtils.java:logGet(46)) - raft.server.log.purge.preservation.log.num = 0 (default)
2023-03-28 15:11:50,149 [s2-impl-thread1] INFO  server.RaftServerConfigKeys (ConfUtils.java:logGet(46)) - raft.server.log.segment.size.max = 8MB (=8388608) (default)
2023-03-28 15:11:50,149 [s2-impl-thread1] INFO  server.RaftServerConfigKeys (ConfUtils.java:logGet(46)) - raft.server.log.segment.cache.num.max = 6 (default)
2023-03-28 15:11:50,149 [s2-impl-thread1] INFO  server.RaftServerConfigKeys (ConfUtils.java:logGet(46)) - raft.server.log.segment.cache.size.max = 200MB (=209715200) (default)
2023-03-28 15:11:50,149 [s2-impl-thread1] INFO  server.RaftServerConfigKeys (ConfUtils.java:logGet(46)) - raft.server.log.appender.buffer.byte-limit = 4MB (=4194304) (default)
2023-03-28 15:11:50,149 [s2-impl-thread1] INFO  segmented.SegmentedRaftLogWorker (SegmentedRaftLogWorker.java:<init>(183)) - new s2@group-3E7FBBA51394-SegmentedRaftLogWorker for RaftStorageImpl:Storage Directory /home/runner/work/ratis/ratis/ratis-test/target/test/data/2b0b63e9/MiniRaftClusterWithRpcTypeGrpcAndDataStreamTypeNetty4d3674f5/s2/e3ae207c-eb38-434a-9ebb-3e7fbba51394
2023-03-28 15:11:50,149 [s2-impl-thread1] INFO  server.RaftServerConfigKeys (ConfUtils.java:logGet(46)) - raft.server.log.queue.byte-limit = 64MB (=67108864) (default)
2023-03-28 15:11:50,149 [s2-impl-thread1] INFO  server.RaftServerConfigKeys (ConfUtils.java:logGet(46)) - raft.server.log.queue.element-limit = 4096 (default)
2023-03-28 15:11:50,149 [s2-impl-thread1] INFO  server.RaftServerConfigKeys (ConfUtils.java:logGet(46)) - raft.server.log.segment.size.max = 8MB (=8388608) (default)
2023-03-28 15:11:50,149 [s2-impl-thread1] INFO  server.RaftServerConfigKeys (ConfUtils.java:logGet(46)) - raft.server.log.preallocated.size = 4MB (=4194304) (default)
2023-03-28 15:11:50,149 [s2-impl-thread1] INFO  server.RaftServerConfigKeys (ConfUtils.java:logGet(46)) - raft.server.log.force.sync.num = 128 (default)
2023-03-28 15:11:50,149 [s2-impl-thread1] INFO  server.RaftServerConfigKeys (ConfUtils.java:logGet(46)) - raft.server.log.statemachine.data.sync = true (default)
2023-03-28 15:11:50,149 [s2-impl-thread1] INFO  server.RaftServerConfigKeys (ConfUtils.java:logGet(46)) - raft.server.log.statemachine.data.sync.timeout = 10s (default)
2023-03-28 15:11:50,149 [s2-impl-thread1] INFO  server.RaftServerConfigKeys (ConfUtils.java:logGet(46)) - raft.server.log.statemachine.data.sync.timeout.retry = -1 (default)
2023-03-28 15:11:50,150 [s2-impl-thread1] INFO  server.RaftServerConfigKeys (ConfUtils.java:logGet(46)) - raft.server.log.write.buffer.size = 64KB (=65536) (default)
2023-03-28 15:11:50,150 [s2-impl-thread1] INFO  server.RaftServerConfigKeys (ConfUtils.java:logGet(46)) - raft.server.log.appender.buffer.byte-limit = 4MB (=4194304) (default)
2023-03-28 15:11:50,150 [s2-impl-thread1] INFO  server.RaftServerConfigKeys (ConfUtils.java:logGet(46)) - raft.server.log.unsafe-flush.enabled = false (default)
2023-03-28 15:11:50,151 [s2-impl-thread1] INFO  server.RaftServerConfigKeys (ConfUtils.java:logGet(46)) - raft.server.log.async-flush.enabled = false (default)
2023-03-28 15:11:50,151 [s2-impl-thread1] INFO  server.RaftServerConfigKeys (ConfUtils.java:logGet(46)) - raft.server.log.statemachine.data.caching.enabled = false (default)
2023-03-28 15:11:50,151 [s2-impl-thread1] INFO  segmented.SegmentedRaftLogWorker (SegmentedRaftLogWorker.java:lambda$new$0(134)) - s2@group-3E7FBBA51394-SegmentedRaftLogWorker: flushIndex: setUnconditionally 0 -> -1
2023-03-28 15:11:50,151 [s2-impl-thread1] INFO  segmented.SegmentedRaftLogWorker (SegmentedRaftLogWorker.java:lambda$new$0(134)) - s2@group-3E7FBBA51394-SegmentedRaftLogWorker: safeCacheEvictIndex: setUnconditionally 0 -> -1
2023-03-28 15:11:50,151 [s2-impl-thread1] INFO  server.RaftServer$Division (RaftServerImpl.java:start(342)) - s2@group-3E7FBBA51394: start as a follower, conf=-1: peers:[s0|rpc:localhost:34691|admin:localhost:42501|client:localhost:42695|dataStream:localhost:41129|priority:0|startupRole:FOLLOWER, s1|rpc:localhost:45465|admin:localhost:46709|client:localhost:37549|dataStream:localhost:44863|priority:0|startupRole:FOLLOWER, s2|rpc:localhost:41369|admin:localhost:42041|client:localhost:44529|dataStream:localhost:43715|priority:0|startupRole:FOLLOWER]|listeners:[], old=null
2023-03-28 15:11:50,151 [s2-impl-thread1] INFO  server.RaftServer$Division (RaftServerImpl.java:setRole(329)) - s2@group-3E7FBBA51394: changes role from      null to FOLLOWER at term 0 for startAsFollower
2023-03-28 15:11:50,151 [s2-impl-thread1] INFO  impl.RoleInfo (RoleInfo.java:updateAndGet(139)) - s2: start s2@group-3E7FBBA51394-FollowerState
2023-03-28 15:11:50,152 [s2-impl-thread1] INFO  util.JmxRegister (JmxRegister.java:tryRegister(44)) - Successfully registered JMX Bean with object name Ratis:service=RaftServer,group=group-3E7FBBA51394,id=s2
2023-03-28 15:11:50,152 [s2-impl-thread1] INFO  server.RaftServerConfigKeys (ConfUtils.java:logGet(46)) - raft.server.snapshot.auto.trigger.enabled = false (default)
2023-03-28 15:11:50,152 [s2-impl-thread1] INFO  server.RaftServerConfigKeys (ConfUtils.java:logGet(46)) - raft.server.snapshot.retention.file.num = -1 (default)
2023-03-28 15:11:50,152 [s2-impl-thread1] INFO  server.RaftServerConfigKeys (ConfUtils.java:logGet(46)) - raft.server.log.purge.upto.snapshot.index = false (default)
2023-03-28 15:11:50,152 [s2@group-3E7FBBA51394-FollowerState] INFO  server.RaftServerConfigKeys (ConfUtils.java:logFallback(53)) - raft.server.rpc.first-election.timeout.min = 2s (fallback to raft.server.rpc.timeout.min)
2023-03-28 15:11:50,155 [Time-limited test] INFO  server.RaftServer (RaftServerProxy.java:startImpl(401)) - s2: start RPC server
2023-03-28 15:11:50,157 [s2@group-3E7FBBA51394-FollowerState] INFO  server.RaftServerConfigKeys (ConfUtils.java:logFallback(53)) - raft.server.rpc.first-election.timeout.max = 3s (fallback to raft.server.rpc.timeout.max)
2023-03-28 15:11:50,157 [Time-limited test] INFO  server.GrpcService (GrpcService.java:startImpl(302)) - s2: GrpcService started, listening on 44529
2023-03-28 15:11:50,159 [Time-limited test] INFO  server.GrpcService (GrpcService.java:startImpl(302)) - s2: GrpcService started, listening on 41369
2023-03-28 15:11:50,160 [Time-limited test] INFO  server.GrpcService (GrpcService.java:startImpl(302)) - s2: GrpcService started, listening on 42041
2023-03-28 15:11:50,164 [Time-limited test] INFO  server.RaftServerConfigKeys (ConfUtils.java:logGet(46)) - raft.server.rpc.timeout.max = 3s (custom)
2023-03-28 15:11:50,164 [Time-limited test] INFO  ratis.RaftTestUtil (RaftTestUtil.java:waitForLeader(100)) - printing ALL groups
  s0:  RUNNING  FOLLOWER s0@group-3E7FBBA51394:t0, leader=null, voted=, raftlog=Memoized:s0@group-3E7FBBA51394-SegmentedRaftLog:OPENED:c-1, conf=-1: peers:[s0|rpc:localhost:34691|admin:localhost:42501|client:localhost:42695|dataStream:localhost:41129|priority:0|startupRole:FOLLOWER, s1|rpc:localhost:45465|admin:localhost:46709|client:localhost:37549|dataStream:localhost:44863|priority:0|startupRole:FOLLOWER, s2|rpc:localhost:41369|admin:localhost:42041|client:localhost:44529|dataStream:localhost:43715|priority:0|startupRole:FOLLOWER]|listeners:[], old=null RUNNING
  s1:  RUNNING  FOLLOWER s1@group-3E7FBBA51394:t0, leader=null, voted=, raftlog=Memoized:s1@group-3E7FBBA51394-SegmentedRaftLog:OPENED:c-1, conf=-1: peers:[s0|rpc:localhost:34691|admin:localhost:42501|client:localhost:42695|dataStream:localhost:41129|priority:0|startupRole:FOLLOWER, s1|rpc:localhost:45465|admin:localhost:46709|client:localhost:37549|dataStream:localhost:44863|priority:0|startupRole:FOLLOWER, s2|rpc:localhost:41369|admin:localhost:42041|client:localhost:44529|dataStream:localhost:43715|priority:0|startupRole:FOLLOWER]|listeners:[], old=null RUNNING
  s2:  RUNNING  FOLLOWER s2@group-3E7FBBA51394:t0, leader=null, voted=, raftlog=Memoized:s2@group-3E7FBBA51394-SegmentedRaftLog:OPENED:c-1, conf=-1: peers:[s0|rpc:localhost:34691|admin:localhost:42501|client:localhost:42695|dataStream:localhost:41129|priority:0|startupRole:FOLLOWER, s1|rpc:localhost:45465|admin:localhost:46709|client:localhost:37549|dataStream:localhost:44863|priority:0|startupRole:FOLLOWER, s2|rpc:localhost:41369|admin:localhost:42041|client:localhost:44529|dataStream:localhost:43715|priority:0|startupRole:FOLLOWER]|listeners:[], old=null RUNNING
2023-03-28 15:11:50,165 [Time-limited test] WARN  ratis.RaftTestUtil (JavaUtils.java:attempt(217)) - FAILED "waitForLeader-null-(expectLeader? true)", attempt #1/100: java.lang.IllegalStateException: No leader yet : printing ALL groups
  s0:  RUNNING  FOLLOWER s0@group-3E7FBBA51394:t0, leader=null, voted=, raftlog=Memoized:s0@group-3E7FBBA51394-SegmentedRaftLog:OPENED:c-1, conf=-1: peers:[s0|rpc:localhost:34691|admin:localhost:42501|client:localhost:42695|dataStream:localhost:41129|priority:0|startupRole:FOLLOWER, s1|rpc:localhost:45465|admin:localhost:46709|client:localhost:37549|dataStream:localhost:44863|priority:0|startupRole:FOLLOWER, s2|rpc:localhost:41369|admin:localhost:42041|client:localhost:44529|dataStream:localhost:43715|priority:0|startupRole:FOLLOWER]|listeners:[], old=null RUNNING
  s1:  RUNNING  FOLLOWER s1@group-3E7FBBA51394:t0, leader=null, voted=, raftlog=Memoized:s1@group-3E7FBBA51394-SegmentedRaftLog:OPENED:c-1, conf=-1: peers:[s0|rpc:localhost:34691|admin:localhost:42501|client:localhost:42695|dataStream:localhost:41129|priority:0|startupRole:FOLLOWER, s1|rpc:localhost:45465|admin:localhost:46709|client:localhost:37549|dataStream:localhost:44863|priority:0|startupRole:FOLLOWER, s2|rpc:localhost:41369|admin:localhost:42041|client:localhost:44529|dataStream:localhost:43715|priority:0|startupRole:FOLLOWER]|listeners:[], old=null RUNNING
  s2:  RUNNING  FOLLOWER s2@group-3E7FBBA51394:t0, leader=null, voted=, raftlog=Memoized:s2@group-3E7FBBA51394-SegmentedRaftLog:OPENED:c-1, conf=-1: peers:[s0|rpc:localhost:34691|admin:localhost:42501|client:localhost:42695|dataStream:localhost:41129|priority:0|startupRole:FOLLOWER, s1|rpc:localhost:45465|admin:localhost:46709|client:localhost:37549|dataStream:localhost:44863|priority:0|startupRole:FOLLOWER, s2|rpc:localhost:41369|admin:localhost:42041|client:localhost:44529|dataStream:localhost:43715|priority:0|startupRole:FOLLOWER]|listeners:[], old=null RUNNING, sleep 4s and then retry.
java.lang.IllegalStateException: No leader yet : printing ALL groups
  s0:  RUNNING  FOLLOWER s0@group-3E7FBBA51394:t0, leader=null, voted=, raftlog=Memoized:s0@group-3E7FBBA51394-SegmentedRaftLog:OPENED:c-1, conf=-1: peers:[s0|rpc:localhost:34691|admin:localhost:42501|client:localhost:42695|dataStream:localhost:41129|priority:0|startupRole:FOLLOWER, s1|rpc:localhost:45465|admin:localhost:46709|client:localhost:37549|dataStream:localhost:44863|priority:0|startupRole:FOLLOWER, s2|rpc:localhost:41369|admin:localhost:42041|client:localhost:44529|dataStream:localhost:43715|priority:0|startupRole:FOLLOWER]|listeners:[], old=null RUNNING
  s1:  RUNNING  FOLLOWER s1@group-3E7FBBA51394:t0, leader=null, voted=, raftlog=Memoized:s1@group-3E7FBBA51394-SegmentedRaftLog:OPENED:c-1, conf=-1: peers:[s0|rpc:localhost:34691|admin:localhost:42501|client:localhost:42695|dataStream:localhost:41129|priority:0|startupRole:FOLLOWER, s1|rpc:localhost:45465|admin:localhost:46709|client:localhost:37549|dataStream:localhost:44863|priority:0|startupRole:FOLLOWER, s2|rpc:localhost:41369|admin:localhost:42041|client:localhost:44529|dataStream:localhost:43715|priority:0|startupRole:FOLLOWER]|listeners:[], old=null RUNNING
  s2:  RUNNING  FOLLOWER s2@group-3E7FBBA51394:t0, leader=null, voted=, raftlog=Memoized:s2@group-3E7FBBA51394-SegmentedRaftLog:OPENED:c-1, conf=-1: peers:[s0|rpc:localhost:34691|admin:localhost:42501|client:localhost:42695|dataStream:localhost:41129|priority:0|startupRole:FOLLOWER, s1|rpc:localhost:45465|admin:localhost:46709|client:localhost:37549|dataStream:localhost:44863|priority:0|startupRole:FOLLOWER, s2|rpc:localhost:41369|admin:localhost:42041|client:localhost:44529|dataStream:localhost:43715|priority:0|startupRole:FOLLOWER]|listeners:[], old=null RUNNING
	at org.apache.ratis.server.impl.MiniRaftCluster.newIllegalStateExceptionForNoLeaders(MiniRaftCluster.java:581)
	at org.apache.ratis.RaftTestUtil.lambda$waitForLeader$1(RaftTestUtil.java:104)
	at org.apache.ratis.server.impl.MiniRaftCluster.getLeader(MiniRaftCluster.java:615)
	at org.apache.ratis.server.impl.MiniRaftCluster.getLeader(MiniRaftCluster.java:608)
	at org.apache.ratis.RaftTestUtil.lambda$waitForLeader$3(RaftTestUtil.java:112)
	at org.apache.ratis.util.JavaUtils.attempt(JavaUtils.java:211)
	at org.apache.ratis.util.JavaUtils.attemptRepeatedly(JavaUtils.java:197)
	at org.apache.ratis.RaftTestUtil.waitForLeader(RaftTestUtil.java:111)
	at org.apache.ratis.RaftTestUtil.waitForLeader(RaftTestUtil.java:92)
	at org.apache.ratis.RaftTestUtil.waitForLeader(RaftTestUtil.java:87)
	at org.apache.ratis.datastream.DataStreamAsyncClusterTests.runTestDataStream(DataStreamAsyncClusterTests.java:90)
	at org.apache.ratis.datastream.DataStreamAsyncClusterTests.runTestDataStream(DataStreamAsyncClusterTests.java:86)
	at org.apache.ratis.server.impl.MiniRaftCluster$Factory$Get.runWithNewCluster(MiniRaftCluster.java:141)
	at org.apache.ratis.server.impl.MiniRaftCluster$Factory$Get.runWithNewCluster(MiniRaftCluster.java:121)
	at org.apache.ratis.datastream.DataStreamAsyncClusterTests.testMultipleStreamsMultipleServers(DataStreamAsyncClusterTests.java:69)
	at java.base/jdk.internal.reflect.NativeMethodAccessorImpl.invoke0(Native Method)
	at java.base/jdk.internal.reflect.NativeMethodAccessorImpl.invoke(NativeMethodAccessorImpl.java:62)
	at java.base/jdk.internal.reflect.DelegatingMethodAccessorImpl.invoke(DelegatingMethodAccessorImpl.java:43)
	at java.base/java.lang.reflect.Method.invoke(Method.java:566)
	at org.junit.runners.model.FrameworkMethod$1.runReflectiveCall(FrameworkMethod.java:59)
	at org.junit.internal.runners.model.ReflectiveCallable.run(ReflectiveCallable.java:12)
	at org.junit.runners.model.FrameworkMethod.invokeExplosively(FrameworkMethod.java:56)
	at org.junit.internal.runners.statements.InvokeMethod.evaluate(InvokeMethod.java:17)
	at org.junit.internal.runners.statements.RunBefores.evaluate(RunBefores.java:26)
	at org.junit.internal.runners.statements.RunAfters.evaluate(RunAfters.java:27)
	at org.junit.internal.runners.statements.FailOnTimeout$CallableStatement.call(FailOnTimeout.java:299)
	at org.junit.internal.runners.statements.FailOnTimeout$CallableStatement.call(FailOnTimeout.java:293)
	at java.base/java.util.concurrent.FutureTask.run(FutureTask.java:264)
	at java.base/java.lang.Thread.run(Thread.java:829)
2023-03-28 15:11:50,167 [JvmPauseMonitor3] INFO  util.JvmPauseMonitor (JvmPauseMonitor.java:run(103)) - JvmPauseMonitor-s2: Started
2023-03-28 15:11:52,320 [s1@group-3E7FBBA51394-FollowerState] INFO  impl.FollowerState (FollowerState.java:run(143)) - s1@group-3E7FBBA51394-FollowerState: change to CANDIDATE, lastRpcElapsedTime:2188489445ns, electionTimeout:2183ms
2023-03-28 15:11:52,321 [s1@group-3E7FBBA51394-FollowerState] INFO  impl.RoleInfo (RoleInfo.java:shutdownFollowerState(110)) - s1: shutdown s1@group-3E7FBBA51394-FollowerState
2023-03-28 15:11:52,321 [s1@group-3E7FBBA51394-FollowerState] INFO  server.RaftServer$Division (RaftServerImpl.java:setRole(329)) - s1@group-3E7FBBA51394: changes role from  FOLLOWER to CANDIDATE at term 0 for changeToCandidate
2023-03-28 15:11:52,322 [s1@group-3E7FBBA51394-FollowerState] INFO  server.RaftServerConfigKeys (ConfUtils.java:logGet(46)) - raft.server.leaderelection.pre-vote = true (default)
2023-03-28 15:11:52,322 [s1@group-3E7FBBA51394-FollowerState] INFO  impl.RoleInfo (RoleInfo.java:updateAndGet(139)) - s1: start s1@group-3E7FBBA51394-LeaderElection2
2023-03-28 15:11:52,323 [s1@group-3E7FBBA51394-LeaderElection2] INFO  impl.LeaderElection (LeaderElection.java:askForVotes(320)) - s1@group-3E7FBBA51394-LeaderElection2 PRE_VOTE round 0: submit vote requests at term 0 for -1: peers:[s0|rpc:localhost:34691|admin:localhost:42501|client:localhost:42695|dataStream:localhost:41129|priority:0|startupRole:FOLLOWER, s1|rpc:localhost:45465|admin:localhost:46709|client:localhost:37549|dataStream:localhost:44863|priority:0|startupRole:FOLLOWER, s2|rpc:localhost:41369|admin:localhost:42041|client:localhost:44529|dataStream:localhost:43715|priority:0|startupRole:FOLLOWER]|listeners:[], old=null
2023-03-28 15:11:52,328 [s1@group-3E7FBBA51394-LeaderElection2] INFO  server.RaftServerConfigKeys (ConfUtils.java:logFallback(53)) - raft.server.rpc.first-election.timeout.min = 2s (fallback to raft.server.rpc.timeout.min)
2023-03-28 15:11:52,328 [s1@group-3E7FBBA51394-LeaderElection2] INFO  server.RaftServerConfigKeys (ConfUtils.java:logFallback(53)) - raft.server.rpc.first-election.timeout.max = 3s (fallback to raft.server.rpc.timeout.max)
2023-03-28 15:11:52,328 [s1@group-3E7FBBA51394-LeaderElection2-1] INFO  server.GrpcServerProtocolClient (GrpcServerProtocolClient.java:<init>(65)) - Build channel for s0
2023-03-28 15:11:52,329 [s1@group-3E7FBBA51394-LeaderElection2-2] INFO  server.GrpcServerProtocolClient (GrpcServerProtocolClient.java:<init>(65)) - Build channel for s2
2023-03-28 15:11:52,357 [grpc-default-executor-0] INFO  server.RaftServer$Division (RaftServerImpl.java:requestVote(1300)) - s2@group-3E7FBBA51394: receive requestVote(PRE_VOTE, s1, group-3E7FBBA51394, 0, (t:0, i:0))
2023-03-28 15:11:52,359 [grpc-default-executor-1] INFO  server.RaftServer$Division (RaftServerImpl.java:requestVote(1300)) - s0@group-3E7FBBA51394: receive requestVote(PRE_VOTE, s1, group-3E7FBBA51394, 0, (t:0, i:0))
2023-03-28 15:11:52,359 [grpc-default-executor-0] INFO  impl.VoteContext (VoteContext.java:log(49)) - s2@group-3E7FBBA51394-FOLLOWER: accept PRE_VOTE from s1: our priority 0 <= candidate's priority 0
2023-03-28 15:11:52,362 [grpc-default-executor-0] INFO  server.RaftServer$Division (RaftServerImpl.java:requestVote(1333)) - s2@group-3E7FBBA51394 replies to PRE_VOTE vote request: s1<-s2#0:OK-t0. Peer's state: s2@group-3E7FBBA51394:t0, leader=null, voted=, raftlog=Memoized:s2@group-3E7FBBA51394-SegmentedRaftLog:OPENED:c-1, conf=-1: peers:[s0|rpc:localhost:34691|admin:localhost:42501|client:localhost:42695|dataStream:localhost:41129|priority:0|startupRole:FOLLOWER, s1|rpc:localhost:45465|admin:localhost:46709|client:localhost:37549|dataStream:localhost:44863|priority:0|startupRole:FOLLOWER, s2|rpc:localhost:41369|admin:localhost:42041|client:localhost:44529|dataStream:localhost:43715|priority:0|startupRole:FOLLOWER]|listeners:[], old=null
2023-03-28 15:11:52,363 [grpc-default-executor-1] INFO  impl.VoteContext (VoteContext.java:log(49)) - s0@group-3E7FBBA51394-FOLLOWER: accept PRE_VOTE from s1: our priority 0 <= candidate's priority 0
2023-03-28 15:11:52,363 [grpc-default-executor-1] INFO  server.RaftServer$Division (RaftServerImpl.java:requestVote(1333)) - s0@group-3E7FBBA51394 replies to PRE_VOTE vote request: s1<-s0#0:OK-t0. Peer's state: s0@group-3E7FBBA51394:t0, leader=null, voted=, raftlog=Memoized:s0@group-3E7FBBA51394-SegmentedRaftLog:OPENED:c-1, conf=-1: peers:[s0|rpc:localhost:34691|admin:localhost:42501|client:localhost:42695|dataStream:localhost:41129|priority:0|startupRole:FOLLOWER, s1|rpc:localhost:45465|admin:localhost:46709|client:localhost:37549|dataStream:localhost:44863|priority:0|startupRole:FOLLOWER, s2|rpc:localhost:41369|admin:localhost:42041|client:localhost:44529|dataStream:localhost:43715|priority:0|startupRole:FOLLOWER]|listeners:[], old=null
2023-03-28 15:11:52,366 [s1@group-3E7FBBA51394-LeaderElection2] INFO  impl.LeaderElection (LeaderElection.java:logAndReturn(89)) - s1@group-3E7FBBA51394-LeaderElection2: PRE_VOTE PASSED received 1 response(s) and 0 exception(s):
2023-03-28 15:11:52,367 [s1@group-3E7FBBA51394-LeaderElection2] INFO  impl.LeaderElection (LeaderElection.java:logAndReturn(93)) -   Response 0: s1<-s2#0:OK-t0
2023-03-28 15:11:52,367 [s1@group-3E7FBBA51394-LeaderElection2] INFO  impl.LeaderElection (LeaderElection.java:askForVotes(322)) - s1@group-3E7FBBA51394-LeaderElection2 PRE_VOTE round 0: result PASSED
2023-03-28 15:11:52,370 [s1@group-3E7FBBA51394-LeaderElection2] INFO  impl.LeaderElection (LeaderElection.java:askForVotes(320)) - s1@group-3E7FBBA51394-LeaderElection2 ELECTION round 0: submit vote requests at term 1 for -1: peers:[s0|rpc:localhost:34691|admin:localhost:42501|client:localhost:42695|dataStream:localhost:41129|priority:0|startupRole:FOLLOWER, s1|rpc:localhost:45465|admin:localhost:46709|client:localhost:37549|dataStream:localhost:44863|priority:0|startupRole:FOLLOWER, s2|rpc:localhost:41369|admin:localhost:42041|client:localhost:44529|dataStream:localhost:43715|priority:0|startupRole:FOLLOWER]|listeners:[], old=null
2023-03-28 15:11:52,371 [s1@group-3E7FBBA51394-LeaderElection2] INFO  server.RaftServerConfigKeys (ConfUtils.java:logFallback(53)) - raft.server.rpc.first-election.timeout.min = 2s (fallback to raft.server.rpc.timeout.min)
2023-03-28 15:11:52,371 [s1@group-3E7FBBA51394-LeaderElection2] INFO  server.RaftServerConfigKeys (ConfUtils.java:logFallback(53)) - raft.server.rpc.first-election.timeout.max = 3s (fallback to raft.server.rpc.timeout.max)
2023-03-28 15:11:52,376 [grpc-default-executor-1] INFO  server.RaftServer$Division (RaftServerImpl.java:requestVote(1300)) - s0@group-3E7FBBA51394: receive requestVote(ELECTION, s1, group-3E7FBBA51394, 1, (t:0, i:0))
2023-03-28 15:11:52,377 [grpc-default-executor-1] INFO  impl.VoteContext (VoteContext.java:log(49)) - s0@group-3E7FBBA51394-FOLLOWER: accept ELECTION from s1: our priority 0 <= candidate's priority 0
2023-03-28 15:11:52,377 [grpc-default-executor-1] INFO  server.RaftServer$Division (RaftServerImpl.java:setRole(329)) - s0@group-3E7FBBA51394: changes role from  FOLLOWER to FOLLOWER at term 1 for candidate:s1
2023-03-28 15:11:52,377 [grpc-default-executor-1] INFO  impl.RoleInfo (RoleInfo.java:shutdownFollowerState(110)) - s0: shutdown s0@group-3E7FBBA51394-FollowerState
2023-03-28 15:11:52,376 [grpc-default-executor-0] INFO  server.RaftServer$Division (RaftServerImpl.java:requestVote(1300)) - s2@group-3E7FBBA51394: receive requestVote(ELECTION, s1, group-3E7FBBA51394, 1, (t:0, i:0))
2023-03-28 15:11:52,377 [grpc-default-executor-0] INFO  impl.VoteContext (VoteContext.java:log(49)) - s2@group-3E7FBBA51394-FOLLOWER: accept ELECTION from s1: our priority 0 <= candidate's priority 0
2023-03-28 15:11:52,378 [grpc-default-executor-0] INFO  server.RaftServer$Division (RaftServerImpl.java:setRole(329)) - s2@group-3E7FBBA51394: changes role from  FOLLOWER to FOLLOWER at term 1 for candidate:s1
2023-03-28 15:11:52,378 [grpc-default-executor-0] INFO  impl.RoleInfo (RoleInfo.java:shutdownFollowerState(110)) - s2: shutdown s2@group-3E7FBBA51394-FollowerState
2023-03-28 15:11:52,378 [grpc-default-executor-1] INFO  impl.RoleInfo (RoleInfo.java:updateAndGet(139)) - s0: start s0@group-3E7FBBA51394-FollowerState
2023-03-28 15:11:52,378 [grpc-default-executor-0] INFO  impl.RoleInfo (RoleInfo.java:updateAndGet(139)) - s2: start s2@group-3E7FBBA51394-FollowerState
2023-03-28 15:11:52,378 [s0@group-3E7FBBA51394-FollowerState] INFO  impl.FollowerState (FollowerState.java:run(152)) - s0@group-3E7FBBA51394-FollowerState was interrupted
2023-03-28 15:11:52,378 [s2@group-3E7FBBA51394-FollowerState] INFO  impl.FollowerState (FollowerState.java:run(152)) - s2@group-3E7FBBA51394-FollowerState was interrupted
2023-03-28 15:11:52,388 [grpc-default-executor-1] INFO  server.RaftServer$Division (RaftServerImpl.java:requestVote(1333)) - s0@group-3E7FBBA51394 replies to ELECTION vote request: s1<-s0#0:OK-t1. Peer's state: s0@group-3E7FBBA51394:t1, leader=null, voted=s1, raftlog=Memoized:s0@group-3E7FBBA51394-SegmentedRaftLog:OPENED:c-1, conf=-1: peers:[s0|rpc:localhost:34691|admin:localhost:42501|client:localhost:42695|dataStream:localhost:41129|priority:0|startupRole:FOLLOWER, s1|rpc:localhost:45465|admin:localhost:46709|client:localhost:37549|dataStream:localhost:44863|priority:0|startupRole:FOLLOWER, s2|rpc:localhost:41369|admin:localhost:42041|client:localhost:44529|dataStream:localhost:43715|priority:0|startupRole:FOLLOWER]|listeners:[], old=null
2023-03-28 15:11:52,388 [grpc-default-executor-0] INFO  server.RaftServer$Division (RaftServerImpl.java:requestVote(1333)) - s2@group-3E7FBBA51394 replies to ELECTION vote request: s1<-s2#0:OK-t1. Peer's state: s2@group-3E7FBBA51394:t1, leader=null, voted=s1, raftlog=Memoized:s2@group-3E7FBBA51394-SegmentedRaftLog:OPENED:c-1, conf=-1: peers:[s0|rpc:localhost:34691|admin:localhost:42501|client:localhost:42695|dataStream:localhost:41129|priority:0|startupRole:FOLLOWER, s1|rpc:localhost:45465|admin:localhost:46709|client:localhost:37549|dataStream:localhost:44863|priority:0|startupRole:FOLLOWER, s2|rpc:localhost:41369|admin:localhost:42041|client:localhost:44529|dataStream:localhost:43715|priority:0|startupRole:FOLLOWER]|listeners:[], old=null
2023-03-28 15:11:52,389 [s1@group-3E7FBBA51394-LeaderElection2] INFO  impl.LeaderElection (LeaderElection.java:logAndReturn(89)) - s1@group-3E7FBBA51394-LeaderElection2: ELECTION PASSED received 1 response(s) and 0 exception(s):
2023-03-28 15:11:52,395 [s1@group-3E7FBBA51394-LeaderElection2] INFO  impl.LeaderElection (LeaderElection.java:logAndReturn(93)) -   Response 0: s1<-s0#0:OK-t1
2023-03-28 15:11:52,395 [s1@group-3E7FBBA51394-LeaderElection2] INFO  impl.LeaderElection (LeaderElection.java:askForVotes(322)) - s1@group-3E7FBBA51394-LeaderElection2 ELECTION round 0: result PASSED
2023-03-28 15:11:52,395 [s1@group-3E7FBBA51394-LeaderElection2] INFO  impl.RoleInfo (RoleInfo.java:shutdownLeaderElection(130)) - s1: shutdown s1@group-3E7FBBA51394-LeaderElection2
2023-03-28 15:11:52,396 [s1@group-3E7FBBA51394-LeaderElection2] INFO  server.RaftServer$Division (RaftServerImpl.java:setRole(329)) - s1@group-3E7FBBA51394: changes role from CANDIDATE to LEADER at term 1 for changeToLeader
2023-03-28 15:11:52,396 [s1@group-3E7FBBA51394-LeaderElection2] INFO  server.RaftServer$Division (ServerState.java:setLeader(260)) - s1@group-3E7FBBA51394: change Leader from null to s1 at term 1 for becomeLeader, leader elected after 2463ms
2023-03-28 15:11:52,396 [s1@group-3E7FBBA51394-LeaderElection2] INFO  server.RaftServerConfigKeys (ConfUtils.java:logGet(46)) - raft.server.staging.catchup.gap = 1000 (default)
2023-03-28 15:11:52,396 [s1@group-3E7FBBA51394-LeaderElection2] INFO  server.RaftServerConfigKeys (ConfUtils.java:logGet(46)) - raft.server.write.element-limit = 4096 (default)
2023-03-28 15:11:52,396 [s1@group-3E7FBBA51394-LeaderElection2] INFO  server.RaftServerConfigKeys (ConfUtils.java:logGet(46)) - raft.server.write.byte-limit = 64MB (=67108864) (default)
2023-03-28 15:11:52,397 [s1@group-3E7FBBA51394-LeaderElection2] INFO  server.RaftServerConfigKeys (ConfUtils.java:logGet(46)) - raft.server.watch.timeout = 10s (default)
2023-03-28 15:11:52,397 [s1@group-3E7FBBA51394-LeaderElection2] INFO  server.RaftServerConfigKeys (ConfUtils.java:logGet(46)) - raft.server.watch.timeout.denomination = 1s (default)
2023-03-28 15:11:52,397 [s1@group-3E7FBBA51394-LeaderElection2] INFO  server.RaftServerConfigKeys (ConfUtils.java:logGet(46)) - raft.server.watch.element-limit = 65536 (default)
2023-03-28 15:11:52,397 [s1@group-3E7FBBA51394-LeaderElection2] INFO  server.RaftServerConfigKeys (ConfUtils.java:logGet(46)) - raft.server.write.element-limit = 4096 (default)
2023-03-28 15:11:52,397 [s1@group-3E7FBBA51394-LeaderElection2] INFO  server.RaftServerConfigKeys (ConfUtils.java:logGet(46)) - raft.server.write.follower.gap.ratio.max = -1.0 (default)
2023-03-28 15:11:52,406 [s1@group-3E7FBBA51394-LeaderElection2] INFO  server.RaftServerConfigKeys (ConfUtils.java:logGet(46)) - raft.server.log.appender.snapshot.chunk.size.max = 16MB (=16777216) (default)
2023-03-28 15:11:52,406 [s1@group-3E7FBBA51394-LeaderElection2] INFO  server.RaftServerConfigKeys (ConfUtils.java:logGet(46)) - raft.server.log.appender.buffer.byte-limit = 4MB (=4194304) (default)
2023-03-28 15:11:52,407 [s1@group-3E7FBBA51394-LeaderElection2] INFO  server.RaftServerConfigKeys (ConfUtils.java:logGet(46)) - raft.server.log.appender.buffer.element-limit = 0 (default)
2023-03-28 15:11:52,408 [s1@group-3E7FBBA51394-LeaderElection2] INFO  server.RaftServerConfigKeys (ConfUtils.java:logGet(46)) - raft.server.log.appender.wait-time.min = 10ms (default)
2023-03-28 15:11:52,409 [s1@group-3E7FBBA51394-LeaderElection2] INFO  grpc.GrpcConfigKeys (ConfUtils.java:logGet(46)) - raft.grpc.server.leader.outstanding.appends.max = 128 (default)
2023-03-28 15:11:52,409 [s1@group-3E7FBBA51394-LeaderElection2] INFO  server.RaftServerConfigKeys (ConfUtils.java:logGet(46)) - raft.server.rpc.request.timeout = 3000ms (default)
2023-03-28 15:11:52,410 [s1@group-3E7FBBA51394-LeaderElection2] INFO  grpc.GrpcConfigKeys (ConfUtils.java:logGet(46)) - raft.grpc.server.install_snapshot.request.element-limit = 8 (default)
2023-03-28 15:11:52,410 [s1@group-3E7FBBA51394-LeaderElection2] INFO  grpc.GrpcConfigKeys (ConfUtils.java:logGet(46)) - raft.grpc.server.install_snapshot.request.timeout = 3000ms (default)
2023-03-28 15:11:52,410 [s1@group-3E7FBBA51394-LeaderElection2] INFO  server.RaftServerConfigKeys (ConfUtils.java:logGet(46)) - raft.server.log.appender.install.snapshot.enabled = true (default)
2023-03-28 15:11:52,410 [s1@group-3E7FBBA51394-LeaderElection2] INFO  grpc.GrpcConfigKeys (ConfUtils.java:logGet(46)) - raft.grpc.server.heartbeat.channel = true (default)
2023-03-28 15:11:52,412 [s1@group-3E7FBBA51394-LeaderElection2] INFO  server.RaftServerConfigKeys (ConfUtils.java:logGet(46)) - raft.server.log.appender.snapshot.chunk.size.max = 16MB (=16777216) (default)
2023-03-28 15:11:52,412 [s1@group-3E7FBBA51394-LeaderElection2] INFO  server.RaftServerConfigKeys (ConfUtils.java:logGet(46)) - raft.server.log.appender.buffer.byte-limit = 4MB (=4194304) (default)
2023-03-28 15:11:52,412 [s1@group-3E7FBBA51394-LeaderElection2] INFO  server.RaftServerConfigKeys (ConfUtils.java:logGet(46)) - raft.server.log.appender.buffer.element-limit = 0 (default)
2023-03-28 15:11:52,412 [s1@group-3E7FBBA51394-LeaderElection2] INFO  server.RaftServerConfigKeys (ConfUtils.java:logGet(46)) - raft.server.log.appender.wait-time.min = 10ms (default)
2023-03-28 15:11:52,412 [s1@group-3E7FBBA51394-LeaderElection2] INFO  grpc.GrpcConfigKeys (ConfUtils.java:logGet(46)) - raft.grpc.server.leader.outstanding.appends.max = 128 (default)
2023-03-28 15:11:52,412 [s1@group-3E7FBBA51394-LeaderElection2] INFO  server.RaftServerConfigKeys (ConfUtils.java:logGet(46)) - raft.server.rpc.request.timeout = 3000ms (default)
2023-03-28 15:11:52,412 [s1@group-3E7FBBA51394-LeaderElection2] INFO  grpc.GrpcConfigKeys (ConfUtils.java:logGet(46)) - raft.grpc.server.install_snapshot.request.element-limit = 8 (default)
2023-03-28 15:11:52,412 [s1@group-3E7FBBA51394-LeaderElection2] INFO  grpc.GrpcConfigKeys (ConfUtils.java:logGet(46)) - raft.grpc.server.install_snapshot.request.timeout = 3000ms (default)
2023-03-28 15:11:52,412 [s1@group-3E7FBBA51394-LeaderElection2] INFO  server.RaftServerConfigKeys (ConfUtils.java:logGet(46)) - raft.server.log.appender.install.snapshot.enabled = true (default)
2023-03-28 15:11:52,412 [s1@group-3E7FBBA51394-LeaderElection2] INFO  grpc.GrpcConfigKeys (ConfUtils.java:logGet(46)) - raft.grpc.server.heartbeat.channel = true (default)
2023-03-28 15:11:52,413 [s1@group-3E7FBBA51394-LeaderElection2] INFO  impl.RoleInfo (RoleInfo.java:updateAndGet(139)) - s1: start s1@group-3E7FBBA51394-LeaderStateImpl
2023-03-28 15:11:52,413 [s1@group-3E7FBBA51394-LeaderElection2] INFO  segmented.SegmentedRaftLogWorker (SegmentedRaftLogWorker.java:startLogSegment(426)) - s1@group-3E7FBBA51394-SegmentedRaftLogWorker: Starting segment from index:0
2023-03-28 15:11:52,429 [s1@group-3E7FBBA51394-LeaderElection2] INFO  server.RaftServer$Division (ServerState.java:setRaftConf(377)) - s1@group-3E7FBBA51394: set configuration 0: peers:[s0|rpc:localhost:34691|admin:localhost:42501|client:localhost:42695|dataStream:localhost:41129|priority:0|startupRole:FOLLOWER, s1|rpc:localhost:45465|admin:localhost:46709|client:localhost:37549|dataStream:localhost:44863|priority:0|startupRole:FOLLOWER, s2|rpc:localhost:41369|admin:localhost:42041|client:localhost:44529|dataStream:localhost:43715|priority:0|startupRole:FOLLOWER]|listeners:[], old=null
2023-03-28 15:11:52,430 [s1@group-3E7FBBA51394-SegmentedRaftLogWorker] INFO  segmented.SegmentedRaftLogWorker (SegmentedRaftLogWorker.java:execute(630)) - s1@group-3E7FBBA51394-SegmentedRaftLogWorker: created new log segment /home/runner/work/ratis/ratis/ratis-test/target/test/data/2b0b63e9/MiniRaftClusterWithRpcTypeGrpcAndDataStreamTypeNetty4d3674f5/s1/e3ae207c-eb38-434a-9ebb-3e7fbba51394/current/log_inprogress_0
2023-03-28 15:11:52,460 [s2-server-thread1] INFO  server.RaftServer$Division (ServerState.java:setLeader(260)) - s2@group-3E7FBBA51394: change Leader from null to s1 at term 1 for appendEntries, leader elected after 2385ms
2023-03-28 15:11:52,466 [s0-server-thread2] INFO  server.RaftServer$Division (ServerState.java:setLeader(260)) - s0@group-3E7FBBA51394: change Leader from null to s1 at term 1 for appendEntries, leader elected after 2548ms
2023-03-28 15:11:52,473 [s0-server-thread2] INFO  server.RaftServer$Division (ServerState.java:setRaftConf(377)) - s0@group-3E7FBBA51394: set configuration 0: peers:[s0|rpc:localhost:34691|admin:localhost:42501|client:localhost:42695|dataStream:localhost:41129|priority:0|startupRole:FOLLOWER, s1|rpc:localhost:45465|admin:localhost:46709|client:localhost:37549|dataStream:localhost:44863|priority:0|startupRole:FOLLOWER, s2|rpc:localhost:41369|admin:localhost:42041|client:localhost:44529|dataStream:localhost:43715|priority:0|startupRole:FOLLOWER]|listeners:[], old=null
2023-03-28 15:11:52,473 [s0-server-thread2] INFO  segmented.SegmentedRaftLogWorker (SegmentedRaftLogWorker.java:startLogSegment(426)) - s0@group-3E7FBBA51394-SegmentedRaftLogWorker: Starting segment from index:0
2023-03-28 15:11:52,477 [s2-server-thread2] INFO  server.RaftServer$Division (ServerState.java:setRaftConf(377)) - s2@group-3E7FBBA51394: set configuration 0: peers:[s0|rpc:localhost:34691|admin:localhost:42501|client:localhost:42695|dataStream:localhost:41129|priority:0|startupRole:FOLLOWER, s1|rpc:localhost:45465|admin:localhost:46709|client:localhost:37549|dataStream:localhost:44863|priority:0|startupRole:FOLLOWER, s2|rpc:localhost:41369|admin:localhost:42041|client:localhost:44529|dataStream:localhost:43715|priority:0|startupRole:FOLLOWER]|listeners:[], old=null
2023-03-28 15:11:52,479 [s2-server-thread2] INFO  segmented.SegmentedRaftLogWorker (SegmentedRaftLogWorker.java:startLogSegment(426)) - s2@group-3E7FBBA51394-SegmentedRaftLogWorker: Starting segment from index:0
2023-03-28 15:11:52,495 [s0@group-3E7FBBA51394-SegmentedRaftLogWorker] INFO  segmented.SegmentedRaftLogWorker (SegmentedRaftLogWorker.java:execute(630)) - s0@group-3E7FBBA51394-SegmentedRaftLogWorker: created new log segment /home/runner/work/ratis/ratis/ratis-test/target/test/data/2b0b63e9/MiniRaftClusterWithRpcTypeGrpcAndDataStreamTypeNetty4d3674f5/s0/e3ae207c-eb38-434a-9ebb-3e7fbba51394/current/log_inprogress_0
2023-03-28 15:11:52,508 [s2@group-3E7FBBA51394-SegmentedRaftLogWorker] INFO  segmented.SegmentedRaftLogWorker (SegmentedRaftLogWorker.java:execute(630)) - s2@group-3E7FBBA51394-SegmentedRaftLogWorker: created new log segment /home/runner/work/ratis/ratis/ratis-test/target/test/data/2b0b63e9/MiniRaftClusterWithRpcTypeGrpcAndDataStreamTypeNetty4d3674f5/s2/e3ae207c-eb38-434a-9ebb-3e7fbba51394/current/log_inprogress_0
2023-03-28 15:11:54,166 [Time-limited test] INFO  ratis.RaftTestUtil (RaftTestUtil.java:waitForLeader(119)) - printing ALL groups
  s0:  RUNNING  FOLLOWER s0@group-3E7FBBA51394:t1, leader=s1, voted=s1, raftlog=Memoized:s0@group-3E7FBBA51394-SegmentedRaftLog:OPENED:c0, conf=0: peers:[s0|rpc:localhost:34691|admin:localhost:42501|client:localhost:42695|dataStream:localhost:41129|priority:0|startupRole:FOLLOWER, s1|rpc:localhost:45465|admin:localhost:46709|client:localhost:37549|dataStream:localhost:44863|priority:0|startupRole:FOLLOWER, s2|rpc:localhost:41369|admin:localhost:42041|client:localhost:44529|dataStream:localhost:43715|priority:0|startupRole:FOLLOWER]|listeners:[], old=null RUNNING
  s1:  RUNNING    LEADER s1@group-3E7FBBA51394:t1, leader=s1, voted=s1, raftlog=Memoized:s1@group-3E7FBBA51394-SegmentedRaftLog:OPENED:c0, conf=0: peers:[s0|rpc:localhost:34691|admin:localhost:42501|client:localhost:42695|dataStream:localhost:41129|priority:0|startupRole:FOLLOWER, s1|rpc:localhost:45465|admin:localhost:46709|client:localhost:37549|dataStream:localhost:44863|priority:0|startupRole:FOLLOWER, s2|rpc:localhost:41369|admin:localhost:42041|client:localhost:44529|dataStream:localhost:43715|priority:0|startupRole:FOLLOWER]|listeners:[], old=null RUNNING
  s2:  RUNNING  FOLLOWER s2@group-3E7FBBA51394:t1, leader=s1, voted=s1, raftlog=Memoized:s2@group-3E7FBBA51394-SegmentedRaftLog:OPENED:c0, conf=0: peers:[s0|rpc:localhost:34691|admin:localhost:42501|client:localhost:42695|dataStream:localhost:41129|priority:0|startupRole:FOLLOWER, s1|rpc:localhost:45465|admin:localhost:46709|client:localhost:37549|dataStream:localhost:44863|priority:0|startupRole:FOLLOWER, s2|rpc:localhost:41369|admin:localhost:42041|client:localhost:44529|dataStream:localhost:43715|priority:0|startupRole:FOLLOWER]|listeners:[], old=null RUNNING
2023-03-28 15:11:54,184 [pool-5-thread-3] INFO  server.RaftServerConfigKeys (ConfUtils.java:logGet(46)) - raft.server.rpc.timeout.max = 3s (custom)
2023-03-28 15:11:54,192 [pool-5-thread-5] INFO  server.RaftServerConfigKeys (ConfUtils.java:logGet(46)) - raft.server.rpc.timeout.max = 3s (custom)
2023-03-28 15:11:54,216 [pool-5-thread-9] INFO  server.RaftServerConfigKeys (ConfUtils.java:logGet(46)) - raft.server.rpc.timeout.max = 3s (custom)
2023-03-28 15:11:54,209 [pool-5-thread-8] INFO  server.RaftServerConfigKeys (ConfUtils.java:logGet(46)) - raft.server.rpc.timeout.max = 3s (custom)
2023-03-28 15:11:54,228 [pool-5-thread-8] INFO  ratis.RaftTestUtil (RaftTestUtil.java:waitForLeader(100)) - printing ALL groups
  s0:  RUNNING  FOLLOWER s0@group-3E7FBBA51394:t1, leader=s1, voted=s1, raftlog=Memoized:s0@group-3E7FBBA51394-SegmentedRaftLog:OPENED:c0, conf=0: peers:[s0|rpc:localhost:34691|admin:localhost:42501|client:localhost:42695|dataStream:localhost:41129|priority:0|startupRole:FOLLOWER, s1|rpc:localhost:45465|admin:localhost:46709|client:localhost:37549|dataStream:localhost:44863|priority:0|startupRole:FOLLOWER, s2|rpc:localhost:41369|admin:localhost:42041|client:localhost:44529|dataStream:localhost:43715|priority:0|startupRole:FOLLOWER]|listeners:[], old=null RUNNING
  s1:  RUNNING    LEADER s1@group-3E7FBBA51394:t1, leader=s1, voted=s1, raftlog=Memoized:s1@group-3E7FBBA51394-SegmentedRaftLog:OPENED:c0, conf=0: peers:[s0|rpc:localhost:34691|admin:localhost:42501|client:localhost:42695|dataStream:localhost:41129|priority:0|startupRole:FOLLOWER, s1|rpc:localhost:45465|admin:localhost:46709|client:localhost:37549|dataStream:localhost:44863|priority:0|startupRole:FOLLOWER, s2|rpc:localhost:41369|admin:localhost:42041|client:localhost:44529|dataStream:localhost:43715|priority:0|startupRole:FOLLOWER]|listeners:[], old=null RUNNING
  s2:  RUNNING  FOLLOWER s2@group-3E7FBBA51394:t1, leader=s1, voted=s1, raftlog=Memoized:s2@group-3E7FBBA51394-SegmentedRaftLog:OPENED:c0, conf=0: peers:[s0|rpc:localhost:34691|admin:localhost:42501|client:localhost:42695|dataStream:localhost:41129|priority:0|startupRole:FOLLOWER, s1|rpc:localhost:45465|admin:localhost:46709|client:localhost:37549|dataStream:localhost:44863|priority:0|startupRole:FOLLOWER, s2|rpc:localhost:41369|admin:localhost:42041|client:localhost:44529|dataStream:localhost:43715|priority:0|startupRole:FOLLOWER]|listeners:[], old=null RUNNING
2023-03-28 15:11:54,228 [pool-5-thread-8] INFO  ratis.RaftTestUtil (RaftTestUtil.java:waitForLeader(119)) - printing ALL groups
  s0:  RUNNING  FOLLOWER s0@group-3E7FBBA51394:t1, leader=s1, voted=s1, raftlog=Memoized:s0@group-3E7FBBA51394-SegmentedRaftLog:OPENED:c0, conf=0: peers:[s0|rpc:localhost:34691|admin:localhost:42501|client:localhost:42695|dataStream:localhost:41129|priority:0|startupRole:FOLLOWER, s1|rpc:localhost:45465|admin:localhost:46709|client:localhost:37549|dataStream:localhost:44863|priority:0|startupRole:FOLLOWER, s2|rpc:localhost:41369|admin:localhost:42041|client:localhost:44529|dataStream:localhost:43715|priority:0|startupRole:FOLLOWER]|listeners:[], old=null RUNNING
  s1:  RUNNING    LEADER s1@group-3E7FBBA51394:t1, leader=s1, voted=s1, raftlog=Memoized:s1@group-3E7FBBA51394-SegmentedRaftLog:OPENED:c0, conf=0: peers:[s0|rpc:localhost:34691|admin:localhost:42501|client:localhost:42695|dataStream:localhost:41129|priority:0|startupRole:FOLLOWER, s1|rpc:localhost:45465|admin:localhost:46709|client:localhost:37549|dataStream:localhost:44863|priority:0|startupRole:FOLLOWER, s2|rpc:localhost:41369|admin:localhost:42041|client:localhost:44529|dataStream:localhost:43715|priority:0|startupRole:FOLLOWER]|listeners:[], old=null RUNNING
  s2:  RUNNING  FOLLOWER s2@group-3E7FBBA51394:t1, leader=s1, voted=s1, raftlog=Memoized:s2@group-3E7FBBA51394-SegmentedRaftLog:OPENED:c0, conf=0: peers:[s0|rpc:localhost:34691|admin:localhost:42501|client:localhost:42695|dataStream:localhost:41129|priority:0|startupRole:FOLLOWER, s1|rpc:localhost:45465|admin:localhost:46709|client:localhost:37549|dataStream:localhost:44863|priority:0|startupRole:FOLLOWER, s2|rpc:localhost:41369|admin:localhost:42041|client:localhost:44529|dataStream:localhost:43715|priority:0|startupRole:FOLLOWER]|listeners:[], old=null RUNNING
2023-03-28 15:11:54,228 [pool-5-thread-8] INFO  client.DataStreamClient (ConfUtils.java:logGet(46)) - raft.datastream.type = NETTY (custom)
2023-03-28 15:11:54,228 [pool-5-thread-8] INFO  netty.NettyConfigKeys$DataStream (ConfUtils.java:logGet(46)) - raft.netty.dataStream.client.tls.conf = null (default)
2023-03-28 15:11:54,228 [pool-5-thread-8] INFO  netty.NettyConfigKeys$DataStream (ConfUtils.java:logGet(46)) - raft.netty.dataStream.client.reply.queue.grace-period = 1s (default)
2023-03-28 15:11:54,229 [pool-5-thread-8] INFO  netty.NettyConfigKeys$DataStream (ConfUtils.java:logGet(46)) - raft.netty.dataStream.client.worker-group.share = false (default)
2023-03-28 15:11:54,229 [pool-5-thread-8] INFO  netty.NettyConfigKeys$DataStream (ConfUtils.java:logGet(46)) - raft.netty.dataStream.client.worker-group.size = 4 (default)
2023-03-28 15:11:54,208 [pool-5-thread-7] INFO  server.RaftServerConfigKeys (ConfUtils.java:logGet(46)) - raft.server.rpc.timeout.max = 3s (custom)
2023-03-28 15:11:54,200 [pool-5-thread-6] INFO  server.RaftServerConfigKeys (ConfUtils.java:logGet(46)) - raft.server.rpc.timeout.max = 3s (custom)
2023-03-28 15:11:54,220 [pool-5-thread-9] INFO  ratis.RaftTestUtil (RaftTestUtil.java:waitForLeader(100)) - printing ALL groups
  s0:  RUNNING  FOLLOWER s0@group-3E7FBBA51394:t1, leader=s1, voted=s1, raftlog=Memoized:s0@group-3E7FBBA51394-SegmentedRaftLog:OPENED:c0, conf=0: peers:[s0|rpc:localhost:34691|admin:localhost:42501|client:localhost:42695|dataStream:localhost:41129|priority:0|startupRole:FOLLOWER, s1|rpc:localhost:45465|admin:localhost:46709|client:localhost:37549|dataStream:localhost:44863|priority:0|startupRole:FOLLOWER, s2|rpc:localhost:41369|admin:localhost:42041|client:localhost:44529|dataStream:localhost:43715|priority:0|startupRole:FOLLOWER]|listeners:[], old=null RUNNING
  s1:  RUNNING    LEADER s1@group-3E7FBBA51394:t1, leader=s1, voted=s1, raftlog=Memoized:s1@group-3E7FBBA51394-SegmentedRaftLog:OPENED:c0, conf=0: peers:[s0|rpc:localhost:34691|admin:localhost:42501|client:localhost:42695|dataStream:localhost:41129|priority:0|startupRole:FOLLOWER, s1|rpc:localhost:45465|admin:localhost:46709|client:localhost:37549|dataStream:localhost:44863|priority:0|startupRole:FOLLOWER, s2|rpc:localhost:41369|admin:localhost:42041|client:localhost:44529|dataStream:localhost:43715|priority:0|startupRole:FOLLOWER]|listeners:[], old=null RUNNING
  s2:  RUNNING  FOLLOWER s2@group-3E7FBBA51394:t1, leader=s1, voted=s1, raftlog=Memoized:s2@group-3E7FBBA51394-SegmentedRaftLog:OPENED:c0, conf=0: peers:[s0|rpc:localhost:34691|admin:localhost:42501|client:localhost:42695|dataStream:localhost:41129|priority:0|startupRole:FOLLOWER, s1|rpc:localhost:45465|admin:localhost:46709|client:localhost:37549|dataStream:localhost:44863|priority:0|startupRole:FOLLOWER, s2|rpc:localhost:41369|admin:localhost:42041|client:localhost:44529|dataStream:localhost:43715|priority:0|startupRole:FOLLOWER]|listeners:[], old=null RUNNING
2023-03-28 15:11:54,244 [pool-5-thread-7] INFO  ratis.RaftTestUtil (RaftTestUtil.java:waitForLeader(100)) - printing ALL groups
  s0:  RUNNING  FOLLOWER s0@group-3E7FBBA51394:t1, leader=s1, voted=s1, raftlog=Memoized:s0@group-3E7FBBA51394-SegmentedRaftLog:OPENED:c0, conf=0: peers:[s0|rpc:localhost:34691|admin:localhost:42501|client:localhost:42695|dataStream:localhost:41129|priority:0|startupRole:FOLLOWER, s1|rpc:localhost:45465|admin:localhost:46709|client:localhost:37549|dataStream:localhost:44863|priority:0|startupRole:FOLLOWER, s2|rpc:localhost:41369|admin:localhost:42041|client:localhost:44529|dataStream:localhost:43715|priority:0|startupRole:FOLLOWER]|listeners:[], old=null RUNNING
  s1:  RUNNING    LEADER s1@group-3E7FBBA51394:t1, leader=s1, voted=s1, raftlog=Memoized:s1@group-3E7FBBA51394-SegmentedRaftLog:OPENED:c0, conf=0: peers:[s0|rpc:localhost:34691|admin:localhost:42501|client:localhost:42695|dataStream:localhost:41129|priority:0|startupRole:FOLLOWER, s1|rpc:localhost:45465|admin:localhost:46709|client:localhost:37549|dataStream:localhost:44863|priority:0|startupRole:FOLLOWER, s2|rpc:localhost:41369|admin:localhost:42041|client:localhost:44529|dataStream:localhost:43715|priority:0|startupRole:FOLLOWER]|listeners:[], old=null RUNNING
  s2:  RUNNING  FOLLOWER s2@group-3E7FBBA51394:t1, leader=s1, voted=s1, raftlog=Memoized:s2@group-3E7FBBA51394-SegmentedRaftLog:OPENED:c0, conf=0: peers:[s0|rpc:localhost:34691|admin:localhost:42501|client:localhost:42695|dataStream:localhost:41129|priority:0|startupRole:FOLLOWER, s1|rpc:localhost:45465|admin:localhost:46709|client:localhost:37549|dataStream:localhost:44863|priority:0|startupRole:FOLLOWER, s2|rpc:localhost:41369|admin:localhost:42041|client:localhost:44529|dataStream:localhost:43715|priority:0|startupRole:FOLLOWER]|listeners:[], old=null RUNNING
2023-03-28 15:11:54,244 [pool-5-thread-9] INFO  ratis.RaftTestUtil (RaftTestUtil.java:waitForLeader(119)) - printing ALL groups
  s0:  RUNNING  FOLLOWER s0@group-3E7FBBA51394:t1, leader=s1, voted=s1, raftlog=Memoized:s0@group-3E7FBBA51394-SegmentedRaftLog:OPENED:c0, conf=0: peers:[s0|rpc:localhost:34691|admin:localhost:42501|client:localhost:42695|dataStream:localhost:41129|priority:0|startupRole:FOLLOWER, s1|rpc:localhost:45465|admin:localhost:46709|client:localhost:37549|dataStream:localhost:44863|priority:0|startupRole:FOLLOWER, s2|rpc:localhost:41369|admin:localhost:42041|client:localhost:44529|dataStream:localhost:43715|priority:0|startupRole:FOLLOWER]|listeners:[], old=null RUNNING
  s1:  RUNNING    LEADER s1@group-3E7FBBA51394:t1, leader=s1, voted=s1, raftlog=Memoized:s1@group-3E7FBBA51394-SegmentedRaftLog:OPENED:c0, conf=0: peers:[s0|rpc:localhost:34691|admin:localhost:42501|client:localhost:42695|dataStream:localhost:41129|priority:0|startupRole:FOLLOWER, s1|rpc:localhost:45465|admin:localhost:46709|client:localhost:37549|dataStream:localhost:44863|priority:0|startupRole:FOLLOWER, s2|rpc:localhost:41369|admin:localhost:42041|client:localhost:44529|dataStream:localhost:43715|priority:0|startupRole:FOLLOWER]|listeners:[], old=null RUNNING
  s2:  RUNNING  FOLLOWER s2@group-3E7FBBA51394:t1, leader=s1, voted=s1, raftlog=Memoized:s2@group-3E7FBBA51394-SegmentedRaftLog:OPENED:c0, conf=0: peers:[s0|rpc:localhost:34691|admin:localhost:42501|client:localhost:42695|dataStream:localhost:41129|priority:0|startupRole:FOLLOWER, s1|rpc:localhost:45465|admin:localhost:46709|client:localhost:37549|dataStream:localhost:44863|priority:0|startupRole:FOLLOWER, s2|rpc:localhost:41369|admin:localhost:42041|client:localhost:44529|dataStream:localhost:43715|priority:0|startupRole:FOLLOWER]|listeners:[], old=null RUNNING
2023-03-28 15:11:54,220 [pool-5-thread-3] INFO  ratis.RaftTestUtil (RaftTestUtil.java:waitForLeader(100)) - printing ALL groups
  s0:  RUNNING  FOLLOWER s0@group-3E7FBBA51394:t1, leader=s1, voted=s1, raftlog=Memoized:s0@group-3E7FBBA51394-SegmentedRaftLog:OPENED:c0, conf=0: peers:[s0|rpc:localhost:34691|admin:localhost:42501|client:localhost:42695|dataStream:localhost:41129|priority:0|startupRole:FOLLOWER, s1|rpc:localhost:45465|admin:localhost:46709|client:localhost:37549|dataStream:localhost:44863|priority:0|startupRole:FOLLOWER, s2|rpc:localhost:41369|admin:localhost:42041|client:localhost:44529|dataStream:localhost:43715|priority:0|startupRole:FOLLOWER]|listeners:[], old=null RUNNING
  s1:  RUNNING    LEADER s1@group-3E7FBBA51394:t1, leader=s1, voted=s1, raftlog=Memoized:s1@group-3E7FBBA51394-SegmentedRaftLog:OPENED:c0, conf=0: peers:[s0|rpc:localhost:34691|admin:localhost:42501|client:localhost:42695|dataStream:localhost:41129|priority:0|startupRole:FOLLOWER, s1|rpc:localhost:45465|admin:localhost:46709|client:localhost:37549|dataStream:localhost:44863|priority:0|startupRole:FOLLOWER, s2|rpc:localhost:41369|admin:localhost:42041|client:localhost:44529|dataStream:localhost:43715|priority:0|startupRole:FOLLOWER]|listeners:[], old=null RUNNING
  s2:  RUNNING  FOLLOWER s2@group-3E7FBBA51394:t1, leader=s1, voted=s1, raftlog=Memoized:s2@group-3E7FBBA51394-SegmentedRaftLog:OPENED:c0, conf=0: peers:[s0|rpc:localhost:34691|admin:localhost:42501|client:localhost:42695|dataStream:localhost:41129|priority:0|startupRole:FOLLOWER, s1|rpc:localhost:45465|admin:localhost:46709|client:localhost:37549|dataStream:localhost:44863|priority:0|startupRole:FOLLOWER, s2|rpc:localhost:41369|admin:localhost:42041|client:localhost:44529|dataStream:localhost:43715|priority:0|startupRole:FOLLOWER]|listeners:[], old=null RUNNING
2023-03-28 15:11:54,220 [pool-5-thread-5] INFO  ratis.RaftTestUtil (RaftTestUtil.java:waitForLeader(100)) - printing ALL groups
  s0:  RUNNING  FOLLOWER s0@group-3E7FBBA51394:t1, leader=s1, voted=s1, raftlog=Memoized:s0@group-3E7FBBA51394-SegmentedRaftLog:OPENED:c0, conf=0: peers:[s0|rpc:localhost:34691|admin:localhost:42501|client:localhost:42695|dataStream:localhost:41129|priority:0|startupRole:FOLLOWER, s1|rpc:localhost:45465|admin:localhost:46709|client:localhost:37549|dataStream:localhost:44863|priority:0|startupRole:FOLLOWER, s2|rpc:localhost:41369|admin:localhost:42041|client:localhost:44529|dataStream:localhost:43715|priority:0|startupRole:FOLLOWER]|listeners:[], old=null RUNNING
  s1:  RUNNING    LEADER s1@group-3E7FBBA51394:t1, leader=s1, voted=s1, raftlog=Memoized:s1@group-3E7FBBA51394-SegmentedRaftLog:OPENED:c0, conf=0: peers:[s0|rpc:localhost:34691|admin:localhost:42501|client:localhost:42695|dataStream:localhost:41129|priority:0|startupRole:FOLLOWER, s1|rpc:localhost:45465|admin:localhost:46709|client:localhost:37549|dataStream:localhost:44863|priority:0|startupRole:FOLLOWER, s2|rpc:localhost:41369|admin:localhost:42041|client:localhost:44529|dataStream:localhost:43715|priority:0|startupRole:FOLLOWER]|listeners:[], old=null RUNNING
  s2:  RUNNING  FOLLOWER s2@group-3E7FBBA51394:t1, leader=s1, voted=s1, raftlog=Memoized:s2@group-3E7FBBA51394-SegmentedRaftLog:OPENED:c0, conf=0: peers:[s0|rpc:localhost:34691|admin:localhost:42501|client:localhost:42695|dataStream:localhost:41129|priority:0|startupRole:FOLLOWER, s1|rpc:localhost:45465|admin:localhost:46709|client:localhost:37549|dataStream:localhost:44863|priority:0|startupRole:FOLLOWER, s2|rpc:localhost:41369|admin:localhost:42041|client:localhost:44529|dataStream:localhost:43715|priority:0|startupRole:FOLLOWER]|listeners:[], old=null RUNNING
2023-03-28 15:11:54,247 [pool-5-thread-5] INFO  ratis.RaftTestUtil (RaftTestUtil.java:waitForLeader(119)) - printing ALL groups
  s0:  RUNNING  FOLLOWER s0@group-3E7FBBA51394:t1, leader=s1, voted=s1, raftlog=Memoized:s0@group-3E7FBBA51394-SegmentedRaftLog:OPENED:c0, conf=0: peers:[s0|rpc:localhost:34691|admin:localhost:42501|client:localhost:42695|dataStream:localhost:41129|priority:0|startupRole:FOLLOWER, s1|rpc:localhost:45465|admin:localhost:46709|client:localhost:37549|dataStream:localhost:44863|priority:0|startupRole:FOLLOWER, s2|rpc:localhost:41369|admin:localhost:42041|client:localhost:44529|dataStream:localhost:43715|priority:0|startupRole:FOLLOWER]|listeners:[], old=null RUNNING
  s1:  RUNNING    LEADER s1@group-3E7FBBA51394:t1, leader=s1, voted=s1, raftlog=Memoized:s1@group-3E7FBBA51394-SegmentedRaftLog:OPENED:c0, conf=0: peers:[s0|rpc:localhost:34691|admin:localhost:42501|client:localhost:42695|dataStream:localhost:41129|priority:0|startupRole:FOLLOWER, s1|rpc:localhost:45465|admin:localhost:46709|client:localhost:37549|dataStream:localhost:44863|priority:0|startupRole:FOLLOWER, s2|rpc:localhost:41369|admin:localhost:42041|client:localhost:44529|dataStream:localhost:43715|priority:0|startupRole:FOLLOWER]|listeners:[], old=null RUNNING
  s2:  RUNNING  FOLLOWER s2@group-3E7FBBA51394:t1, leader=s1, voted=s1, raftlog=Memoized:s2@group-3E7FBBA51394-SegmentedRaftLog:OPENED:c0, conf=0: peers:[s0|rpc:localhost:34691|admin:localhost:42501|client:localhost:42695|dataStream:localhost:41129|priority:0|startupRole:FOLLOWER, s1|rpc:localhost:45465|admin:localhost:46709|client:localhost:37549|dataStream:localhost:44863|priority:0|startupRole:FOLLOWER, s2|rpc:localhost:41369|admin:localhost:42041|client:localhost:44529|dataStream:localhost:43715|priority:0|startupRole:FOLLOWER]|listeners:[], old=null RUNNING
2023-03-28 15:11:54,220 [pool-5-thread-4] INFO  server.RaftServerConfigKeys (ConfUtils.java:logGet(46)) - raft.server.rpc.timeout.max = 3s (custom)
2023-03-28 15:11:54,264 [pool-5-thread-4] INFO  ratis.RaftTestUtil (RaftTestUtil.java:waitForLeader(100)) - printing ALL groups
  s0:  RUNNING  FOLLOWER s0@group-3E7FBBA51394:t1, leader=s1, voted=s1, raftlog=Memoized:s0@group-3E7FBBA51394-SegmentedRaftLog:OPENED:c0, conf=0: peers:[s0|rpc:localhost:34691|admin:localhost:42501|client:localhost:42695|dataStream:localhost:41129|priority:0|startupRole:FOLLOWER, s1|rpc:localhost:45465|admin:localhost:46709|client:localhost:37549|dataStream:localhost:44863|priority:0|startupRole:FOLLOWER, s2|rpc:localhost:41369|admin:localhost:42041|client:localhost:44529|dataStream:localhost:43715|priority:0|startupRole:FOLLOWER]|listeners:[], old=null RUNNING
  s1:  RUNNING    LEADER s1@group-3E7FBBA51394:t1, leader=s1, voted=s1, raftlog=Memoized:s1@group-3E7FBBA51394-SegmentedRaftLog:OPENED:c0, conf=0: peers:[s0|rpc:localhost:34691|admin:localhost:42501|client:localhost:42695|dataStream:localhost:41129|priority:0|startupRole:FOLLOWER, s1|rpc:localhost:45465|admin:localhost:46709|client:localhost:37549|dataStream:localhost:44863|priority:0|startupRole:FOLLOWER, s2|rpc:localhost:41369|admin:localhost:42041|client:localhost:44529|dataStream:localhost:43715|priority:0|startupRole:FOLLOWER]|listeners:[], old=null RUNNING
  s2:  RUNNING  FOLLOWER s2@group-3E7FBBA51394:t1, leader=s1, voted=s1, raftlog=Memoized:s2@group-3E7FBBA51394-SegmentedRaftLog:OPENED:c0, conf=0: peers:[s0|rpc:localhost:34691|admin:localhost:42501|client:localhost:42695|dataStream:localhost:41129|priority:0|startupRole:FOLLOWER, s1|rpc:localhost:45465|admin:localhost:46709|client:localhost:37549|dataStream:localhost:44863|priority:0|startupRole:FOLLOWER, s2|rpc:localhost:41369|admin:localhost:42041|client:localhost:44529|dataStream:localhost:43715|priority:0|startupRole:FOLLOWER]|listeners:[], old=null RUNNING
2023-03-28 15:11:54,264 [pool-5-thread-4] INFO  ratis.RaftTestUtil (RaftTestUtil.java:waitForLeader(119)) - printing ALL groups
  s0:  RUNNING  FOLLOWER s0@group-3E7FBBA51394:t1, leader=s1, voted=s1, raftlog=Memoized:s0@group-3E7FBBA51394-SegmentedRaftLog:OPENED:c0, conf=0: peers:[s0|rpc:localhost:34691|admin:localhost:42501|client:localhost:42695|dataStream:localhost:41129|priority:0|startupRole:FOLLOWER, s1|rpc:localhost:45465|admin:localhost:46709|client:localhost:37549|dataStream:localhost:44863|priority:0|startupRole:FOLLOWER, s2|rpc:localhost:41369|admin:localhost:42041|client:localhost:44529|dataStream:localhost:43715|priority:0|startupRole:FOLLOWER]|listeners:[], old=null RUNNING
  s1:  RUNNING    LEADER s1@group-3E7FBBA51394:t1, leader=s1, voted=s1, raftlog=Memoized:s1@group-3E7FBBA51394-SegmentedRaftLog:OPENED:c0, conf=0: peers:[s0|rpc:localhost:34691|admin:localhost:42501|client:localhost:42695|dataStream:localhost:41129|priority:0|startupRole:FOLLOWER, s1|rpc:localhost:45465|admin:localhost:46709|client:localhost:37549|dataStream:localhost:44863|priority:0|startupRole:FOLLOWER, s2|rpc:localhost:41369|admin:localhost:42041|client:localhost:44529|dataStream:localhost:43715|priority:0|startupRole:FOLLOWER]|listeners:[], old=null RUNNING
  s2:  RUNNING  FOLLOWER s2@group-3E7FBBA51394:t1, leader=s1, voted=s1, raftlog=Memoized:s2@group-3E7FBBA51394-SegmentedRaftLog:OPENED:c0, conf=0: peers:[s0|rpc:localhost:34691|admin:localhost:42501|client:localhost:42695|dataStream:localhost:41129|priority:0|startupRole:FOLLOWER, s1|rpc:localhost:45465|admin:localhost:46709|client:localhost:37549|dataStream:localhost:44863|priority:0|startupRole:FOLLOWER, s2|rpc:localhost:41369|admin:localhost:42041|client:localhost:44529|dataStream:localhost:43715|priority:0|startupRole:FOLLOWER]|listeners:[], old=null RUNNING
2023-03-28 15:11:54,265 [pool-5-thread-4] INFO  client.DataStreamClient (ConfUtils.java:logGet(46)) - raft.datastream.type = NETTY (custom)
2023-03-28 15:11:54,265 [pool-5-thread-4] INFO  netty.NettyConfigKeys$DataStream (ConfUtils.java:logGet(46)) - raft.netty.dataStream.client.tls.conf = null (default)
2023-03-28 15:11:54,265 [pool-5-thread-4] INFO  netty.NettyConfigKeys$DataStream (ConfUtils.java:logGet(46)) - raft.netty.dataStream.client.reply.queue.grace-period = 1s (default)
2023-03-28 15:11:54,265 [pool-5-thread-4] INFO  netty.NettyConfigKeys$DataStream (ConfUtils.java:logGet(46)) - raft.netty.dataStream.client.worker-group.share = false (default)
2023-03-28 15:11:54,265 [pool-5-thread-4] INFO  netty.NettyConfigKeys$DataStream (ConfUtils.java:logGet(46)) - raft.netty.dataStream.client.worker-group.size = 4 (default)
2023-03-28 15:11:54,251 [s0-NettyServerStreamRpc-bossGroup--thread1] INFO  logging.LoggingHandler (AbstractInternalLogger.java:log(148)) - [id: 0x37254b26, L:/0.0.0.0:41129] READ: [id: 0x8c60db11, L:/127.0.0.1:41129 - R:/127.0.0.1:54650]
2023-03-28 15:11:54,250 [pool-5-thread-9] INFO  client.DataStreamClient (ConfUtils.java:logGet(46)) - raft.datastream.type = NETTY (custom)
2023-03-28 15:11:54,250 [pool-5-thread-5] INFO  client.DataStreamClient (ConfUtils.java:logGet(46)) - raft.datastream.type = NETTY (custom)
2023-03-28 15:11:54,280 [pool-5-thread-9] INFO  netty.NettyConfigKeys$DataStream (ConfUtils.java:logGet(46)) - raft.netty.dataStream.client.tls.conf = null (default)
2023-03-28 15:11:54,280 [pool-5-thread-5] INFO  netty.NettyConfigKeys$DataStream (ConfUtils.java:logGet(46)) - raft.netty.dataStream.client.tls.conf = null (default)
2023-03-28 15:11:54,280 [pool-5-thread-9] INFO  netty.NettyConfigKeys$DataStream (ConfUtils.java:logGet(46)) - raft.netty.dataStream.client.reply.queue.grace-period = 1s (default)
2023-03-28 15:11:54,280 [pool-5-thread-5] INFO  netty.NettyConfigKeys$DataStream (ConfUtils.java:logGet(46)) - raft.netty.dataStream.client.reply.queue.grace-period = 1s (default)
2023-03-28 15:11:54,281 [pool-5-thread-9] INFO  netty.NettyConfigKeys$DataStream (ConfUtils.java:logGet(46)) - raft.netty.dataStream.client.worker-group.share = false (default)
2023-03-28 15:11:54,281 [pool-5-thread-5] INFO  netty.NettyConfigKeys$DataStream (ConfUtils.java:logGet(46)) - raft.netty.dataStream.client.worker-group.share = false (default)
2023-03-28 15:11:54,281 [pool-5-thread-9] INFO  netty.NettyConfigKeys$DataStream (ConfUtils.java:logGet(46)) - raft.netty.dataStream.client.worker-group.size = 4 (default)
2023-03-28 15:11:54,247 [pool-5-thread-3] INFO  ratis.RaftTestUtil (RaftTestUtil.java:waitForLeader(119)) - printing ALL groups
  s0:  RUNNING  FOLLOWER s0@group-3E7FBBA51394:t1, leader=s1, voted=s1, raftlog=Memoized:s0@group-3E7FBBA51394-SegmentedRaftLog:OPENED:c0, conf=0: peers:[s0|rpc:localhost:34691|admin:localhost:42501|client:localhost:42695|dataStream:localhost:41129|priority:0|startupRole:FOLLOWER, s1|rpc:localhost:45465|admin:localhost:46709|client:localhost:37549|dataStream:localhost:44863|priority:0|startupRole:FOLLOWER, s2|rpc:localhost:41369|admin:localhost:42041|client:localhost:44529|dataStream:localhost:43715|priority:0|startupRole:FOLLOWER]|listeners:[], old=null RUNNING
  s1:  RUNNING    LEADER s1@group-3E7FBBA51394:t1, leader=s1, voted=s1, raftlog=Memoized:s1@group-3E7FBBA51394-SegmentedRaftLog:OPENED:c0, conf=0: peers:[s0|rpc:localhost:34691|admin:localhost:42501|client:localhost:42695|dataStream:localhost:41129|priority:0|startupRole:FOLLOWER, s1|rpc:localhost:45465|admin:localhost:46709|client:localhost:37549|dataStream:localhost:44863|priority:0|startupRole:FOLLOWER, s2|rpc:localhost:41369|admin:localhost:42041|client:localhost:44529|dataStream:localhost:43715|priority:0|startupRole:FOLLOWER]|listeners:[], old=null RUNNING
  s2:  RUNNING  FOLLOWER s2@group-3E7FBBA51394:t1, leader=s1, voted=s1, raftlog=Memoized:s2@group-3E7FBBA51394-SegmentedRaftLog:OPENED:c0, conf=0: peers:[s0|rpc:localhost:34691|admin:localhost:42501|client:localhost:42695|dataStream:localhost:41129|priority:0|startupRole:FOLLOWER, s1|rpc:localhost:45465|admin:localhost:46709|client:localhost:37549|dataStream:localhost:44863|priority:0|startupRole:FOLLOWER, s2|rpc:localhost:41369|admin:localhost:42041|client:localhost:44529|dataStream:localhost:43715|priority:0|startupRole:FOLLOWER]|listeners:[], old=null RUNNING
2023-03-28 15:11:54,282 [pool-5-thread-3] INFO  client.DataStreamClient (ConfUtils.java:logGet(46)) - raft.datastream.type = NETTY (custom)
2023-03-28 15:11:54,282 [pool-5-thread-3] INFO  netty.NettyConfigKeys$DataStream (ConfUtils.java:logGet(46)) - raft.netty.dataStream.client.tls.conf = null (default)
2023-03-28 15:11:54,282 [pool-5-thread-3] INFO  netty.NettyConfigKeys$DataStream (ConfUtils.java:logGet(46)) - raft.netty.dataStream.client.reply.queue.grace-period = 1s (default)
2023-03-28 15:11:54,282 [pool-5-thread-3] INFO  netty.NettyConfigKeys$DataStream (ConfUtils.java:logGet(46)) - raft.netty.dataStream.client.worker-group.share = false (default)
2023-03-28 15:11:54,282 [pool-5-thread-3] INFO  netty.NettyConfigKeys$DataStream (ConfUtils.java:logGet(46)) - raft.netty.dataStream.client.worker-group.size = 4 (default)
2023-03-28 15:11:54,245 [pool-5-thread-7] INFO  ratis.RaftTestUtil (RaftTestUtil.java:waitForLeader(119)) - printing ALL groups
  s0:  RUNNING  FOLLOWER s0@group-3E7FBBA51394:t1, leader=s1, voted=s1, raftlog=Memoized:s0@group-3E7FBBA51394-SegmentedRaftLog:OPENED:c0, conf=0: peers:[s0|rpc:localhost:34691|admin:localhost:42501|client:localhost:42695|dataStream:localhost:41129|priority:0|startupRole:FOLLOWER, s1|rpc:localhost:45465|admin:localhost:46709|client:localhost:37549|dataStream:localhost:44863|priority:0|startupRole:FOLLOWER, s2|rpc:localhost:41369|admin:localhost:42041|client:localhost:44529|dataStream:localhost:43715|priority:0|startupRole:FOLLOWER]|listeners:[], old=null RUNNING
  s1:  RUNNING    LEADER s1@group-3E7FBBA51394:t1, leader=s1, voted=s1, raftlog=Memoized:s1@group-3E7FBBA51394-SegmentedRaftLog:OPENED:c0, conf=0: peers:[s0|rpc:localhost:34691|admin:localhost:42501|client:localhost:42695|dataStream:localhost:41129|priority:0|startupRole:FOLLOWER, s1|rpc:localhost:45465|admin:localhost:46709|client:localhost:37549|dataStream:localhost:44863|priority:0|startupRole:FOLLOWER, s2|rpc:localhost:41369|admin:localhost:42041|client:localhost:44529|dataStream:localhost:43715|priority:0|startupRole:FOLLOWER]|listeners:[], old=null RUNNING
  s2:  RUNNING  FOLLOWER s2@group-3E7FBBA51394:t1, leader=s1, voted=s1, raftlog=Memoized:s2@group-3E7FBBA51394-SegmentedRaftLog:OPENED:c0, conf=0: peers:[s0|rpc:localhost:34691|admin:localhost:42501|client:localhost:42695|dataStream:localhost:41129|priority:0|startupRole:FOLLOWER, s1|rpc:localhost:45465|admin:localhost:46709|client:localhost:37549|dataStream:localhost:44863|priority:0|startupRole:FOLLOWER, s2|rpc:localhost:41369|admin:localhost:42041|client:localhost:44529|dataStream:localhost:43715|priority:0|startupRole:FOLLOWER]|listeners:[], old=null RUNNING
2023-03-28 15:11:54,297 [pool-5-thread-7] INFO  client.DataStreamClient (ConfUtils.java:logGet(46)) - raft.datastream.type = NETTY (custom)
2023-03-28 15:11:54,297 [pool-5-thread-7] INFO  netty.NettyConfigKeys$DataStream (ConfUtils.java:logGet(46)) - raft.netty.dataStream.client.tls.conf = null (default)
2023-03-28 15:11:54,297 [pool-5-thread-7] INFO  netty.NettyConfigKeys$DataStream (ConfUtils.java:logGet(46)) - raft.netty.dataStream.client.reply.queue.grace-period = 1s (default)
2023-03-28 15:11:54,297 [pool-5-thread-7] INFO  netty.NettyConfigKeys$DataStream (ConfUtils.java:logGet(46)) - raft.netty.dataStream.client.worker-group.share = false (default)
2023-03-28 15:11:54,297 [pool-5-thread-7] INFO  netty.NettyConfigKeys$DataStream (ConfUtils.java:logGet(46)) - raft.netty.dataStream.client.worker-group.size = 4 (default)
2023-03-28 15:11:54,297 [s2-NettyServerStreamRpc-bossGroup--thread1] INFO  logging.LoggingHandler (AbstractInternalLogger.java:log(148)) - [id: 0xe7b313f8, L:/0.0.0.0:43715] READ: [id: 0xd5d872c8, L:/127.0.0.1:43715 - R:/127.0.0.1:51552]
2023-03-28 15:11:54,245 [pool-5-thread-6] INFO  ratis.RaftTestUtil (RaftTestUtil.java:waitForLeader(100)) - printing ALL groups
  s0:  RUNNING  FOLLOWER s0@group-3E7FBBA51394:t1, leader=s1, voted=s1, raftlog=Memoized:s0@group-3E7FBBA51394-SegmentedRaftLog:OPENED:c0, conf=0: peers:[s0|rpc:localhost:34691|admin:localhost:42501|client:localhost:42695|dataStream:localhost:41129|priority:0|startupRole:FOLLOWER, s1|rpc:localhost:45465|admin:localhost:46709|client:localhost:37549|dataStream:localhost:44863|priority:0|startupRole:FOLLOWER, s2|rpc:localhost:41369|admin:localhost:42041|client:localhost:44529|dataStream:localhost:43715|priority:0|startupRole:FOLLOWER]|listeners:[], old=null RUNNING
  s1:  RUNNING    LEADER s1@group-3E7FBBA51394:t1, leader=s1, voted=s1, raftlog=Memoized:s1@group-3E7FBBA51394-SegmentedRaftLog:OPENED:c0, conf=0: peers:[s0|rpc:localhost:34691|admin:localhost:42501|client:localhost:42695|dataStream:localhost:41129|priority:0|startupRole:FOLLOWER, s1|rpc:localhost:45465|admin:localhost:46709|client:localhost:37549|dataStream:localhost:44863|priority:0|startupRole:FOLLOWER, s2|rpc:localhost:41369|admin:localhost:42041|client:localhost:44529|dataStream:localhost:43715|priority:0|startupRole:FOLLOWER]|listeners:[], old=null RUNNING
  s2:  RUNNING  FOLLOWER s2@group-3E7FBBA51394:t1, leader=s1, voted=s1, raftlog=Memoized:s2@group-3E7FBBA51394-SegmentedRaftLog:OPENED:c0, conf=0: peers:[s0|rpc:localhost:34691|admin:localhost:42501|client:localhost:42695|dataStream:localhost:41129|priority:0|startupRole:FOLLOWER, s1|rpc:localhost:45465|admin:localhost:46709|client:localhost:37549|dataStream:localhost:44863|priority:0|startupRole:FOLLOWER, s2|rpc:localhost:41369|admin:localhost:42041|client:localhost:44529|dataStream:localhost:43715|priority:0|startupRole:FOLLOWER]|listeners:[], old=null RUNNING
2023-03-28 15:11:54,304 [pool-5-thread-6] INFO  ratis.RaftTestUtil (RaftTestUtil.java:waitForLeader(119)) - printing ALL groups
  s0:  RUNNING  FOLLOWER s0@group-3E7FBBA51394:t1, leader=s1, voted=s1, raftlog=Memoized:s0@group-3E7FBBA51394-SegmentedRaftLog:OPENED:c0, conf=0: peers:[s0|rpc:localhost:34691|admin:localhost:42501|client:localhost:42695|dataStream:localhost:41129|priority:0|startupRole:FOLLOWER, s1|rpc:localhost:45465|admin:localhost:46709|client:localhost:37549|dataStream:localhost:44863|priority:0|startupRole:FOLLOWER, s2|rpc:localhost:41369|admin:localhost:42041|client:localhost:44529|dataStream:localhost:43715|priority:0|startupRole:FOLLOWER]|listeners:[], old=null RUNNING
  s1:  RUNNING    LEADER s1@group-3E7FBBA51394:t1, leader=s1, voted=s1, raftlog=Memoized:s1@group-3E7FBBA51394-SegmentedRaftLog:OPENED:c0, conf=0: peers:[s0|rpc:localhost:34691|admin:localhost:42501|client:localhost:42695|dataStream:localhost:41129|priority:0|startupRole:FOLLOWER, s1|rpc:localhost:45465|admin:localhost:46709|client:localhost:37549|dataStream:localhost:44863|priority:0|startupRole:FOLLOWER, s2|rpc:localhost:41369|admin:localhost:42041|client:localhost:44529|dataStream:localhost:43715|priority:0|startupRole:FOLLOWER]|listeners:[], old=null RUNNING
  s2:  RUNNING  FOLLOWER s2@group-3E7FBBA51394:t1, leader=s1, voted=s1, raftlog=Memoized:s2@group-3E7FBBA51394-SegmentedRaftLog:OPENED:c0, conf=0: peers:[s0|rpc:localhost:34691|admin:localhost:42501|client:localhost:42695|dataStream:localhost:41129|priority:0|startupRole:FOLLOWER, s1|rpc:localhost:45465|admin:localhost:46709|client:localhost:37549|dataStream:localhost:44863|priority:0|startupRole:FOLLOWER, s2|rpc:localhost:41369|admin:localhost:42041|client:localhost:44529|dataStream:localhost:43715|priority:0|startupRole:FOLLOWER]|listeners:[], old=null RUNNING
2023-03-28 15:11:54,304 [s1-NettyServerStreamRpc-bossGroup--thread1] INFO  logging.LoggingHandler (AbstractInternalLogger.java:log(148)) - [id: 0xbd3c3114, L:/0.0.0.0:44863] READ: [id: 0x27dd411e, L:/127.0.0.1:44863 - R:/127.0.0.1:58648]
2023-03-28 15:11:54,287 [pool-5-thread-10] INFO  datastream.DataStreamTestUtils (DataStreamTestUtils.java:writeAndCloseAndAssertReplies(311)) - start Stream188
2023-03-28 15:11:54,328 [s1-NettyServerStreamRpc-bossGroup--thread1] INFO  logging.LoggingHandler (AbstractInternalLogger.java:log(148)) - [id: 0xbd3c3114, L:/0.0.0.0:44863] READ COMPLETE
2023-03-28 15:11:54,328 [s1-NettyServerStreamRpc-bossGroup--thread1] INFO  logging.LoggingHandler (AbstractInternalLogger.java:log(148)) - [id: 0xbd3c3114, L:/0.0.0.0:44863] READ: [id: 0x7ec9a79e, L:/127.0.0.1:44863 - R:/127.0.0.1:58650]
2023-03-28 15:11:54,330 [s1-NettyServerStreamRpc-workerGroup--thread1] INFO  client.DataStreamClient (ConfUtils.java:logGet(46)) - raft.datastream.type = NETTY (custom)
2023-03-28 15:11:54,330 [s1-NettyServerStreamRpc-workerGroup--thread1] INFO  netty.NettyConfigKeys$DataStream (ConfUtils.java:logGet(46)) - raft.netty.dataStream.client.tls.conf = null (default)
2023-03-28 15:11:54,330 [s1-NettyServerStreamRpc-workerGroup--thread1] INFO  netty.NettyConfigKeys$DataStream (ConfUtils.java:logGet(46)) - raft.netty.dataStream.client.reply.queue.grace-period = 1s (default)
2023-03-28 15:11:54,331 [s1-NettyServerStreamRpc-workerGroup--thread1] INFO  netty.NettyConfigKeys$DataStream (ConfUtils.java:logGet(46)) - raft.netty.dataStream.client.worker-group.share = false (default)
2023-03-28 15:11:54,331 [s1-NettyServerStreamRpc-workerGroup--thread1] INFO  netty.NettyConfigKeys$DataStream (ConfUtils.java:logGet(46)) - raft.netty.dataStream.client.worker-group.size = 4 (default)
2023-03-28 15:11:54,333 [s1-NettyServerStreamRpc-bossGroup--thread1] INFO  logging.LoggingHandler (AbstractInternalLogger.java:log(148)) - [id: 0xbd3c3114, L:/0.0.0.0:44863] READ COMPLETE
2023-03-28 15:11:54,286 [s0-NettyServerStreamRpc-workerGroup--thread1] INFO  client.DataStreamClient (ConfUtils.java:logGet(46)) - raft.datastream.type = NETTY (custom)
2023-03-28 15:11:54,334 [s0-NettyServerStreamRpc-workerGroup--thread1] INFO  netty.NettyConfigKeys$DataStream (ConfUtils.java:logGet(46)) - raft.netty.dataStream.client.tls.conf = null (default)
2023-03-28 15:11:54,334 [s0-NettyServerStreamRpc-workerGroup--thread1] INFO  netty.NettyConfigKeys$DataStream (ConfUtils.java:logGet(46)) - raft.netty.dataStream.client.reply.queue.grace-period = 1s (default)
2023-03-28 15:11:54,334 [s0-NettyServerStreamRpc-workerGroup--thread1] INFO  netty.NettyConfigKeys$DataStream (ConfUtils.java:logGet(46)) - raft.netty.dataStream.client.worker-group.share = false (default)
2023-03-28 15:11:54,334 [s0-NettyServerStreamRpc-workerGroup--thread1] INFO  netty.NettyConfigKeys$DataStream (ConfUtils.java:logGet(46)) - raft.netty.dataStream.client.worker-group.size = 4 (default)
2023-03-28 15:11:54,285 [s0-NettyServerStreamRpc-bossGroup--thread1] INFO  logging.LoggingHandler (AbstractInternalLogger.java:log(148)) - [id: 0x37254b26, L:/0.0.0.0:41129] READ COMPLETE
2023-03-28 15:11:54,285 [pool-5-thread-16] INFO  datastream.DataStreamTestUtils (DataStreamTestUtils.java:writeAndCloseAndAssertReplies(311)) - start Stream194
2023-03-28 15:11:54,285 [pool-5-thread-15] INFO  datastream.DataStreamTestUtils (DataStreamTestUtils.java:writeAndCloseAndAssertReplies(311)) - start Stream193
2023-03-28 15:11:54,284 [pool-5-thread-14] INFO  datastream.DataStreamTestUtils (DataStreamTestUtils.java:writeAndCloseAndAssertReplies(311)) - start Stream192
2023-03-28 15:11:54,284 [pool-5-thread-13] INFO  datastream.DataStreamTestUtils (DataStreamTestUtils.java:writeAndCloseAndAssertReplies(311)) - start Stream191
2023-03-28 15:11:54,284 [pool-5-thread-12] INFO  datastream.DataStreamTestUtils (DataStreamTestUtils.java:writeAndCloseAndAssertReplies(311)) - start Stream190
2023-03-28 15:11:54,283 [pool-5-thread-11] INFO  datastream.DataStreamTestUtils (DataStreamTestUtils.java:writeAndCloseAndAssertReplies(311)) - start Stream189
2023-03-28 15:11:54,281 [pool-5-thread-5] INFO  netty.NettyConfigKeys$DataStream (ConfUtils.java:logGet(46)) - raft.netty.dataStream.client.worker-group.size = 4 (default)
2023-03-28 15:11:54,327 [s2-NettyServerStreamRpc-bossGroup--thread1] INFO  logging.LoggingHandler (AbstractInternalLogger.java:log(148)) - [id: 0xe7b313f8, L:/0.0.0.0:43715] READ COMPLETE
2023-03-28 15:11:54,348 [s2-NettyServerStreamRpc-bossGroup--thread1] INFO  logging.LoggingHandler (AbstractInternalLogger.java:log(148)) - [id: 0xe7b313f8, L:/0.0.0.0:43715] READ: [id: 0x194b8038, L:/127.0.0.1:43715 - R:/127.0.0.1:51556]
2023-03-28 15:11:54,305 [pool-5-thread-6] INFO  client.DataStreamClient (ConfUtils.java:logGet(46)) - raft.datastream.type = NETTY (custom)
2023-03-28 15:11:54,349 [pool-5-thread-6] INFO  netty.NettyConfigKeys$DataStream (ConfUtils.java:logGet(46)) - raft.netty.dataStream.client.tls.conf = null (default)
2023-03-28 15:11:54,349 [pool-5-thread-6] INFO  netty.NettyConfigKeys$DataStream (ConfUtils.java:logGet(46)) - raft.netty.dataStream.client.reply.queue.grace-period = 1s (default)
2023-03-28 15:11:54,349 [pool-5-thread-6] INFO  netty.NettyConfigKeys$DataStream (ConfUtils.java:logGet(46)) - raft.netty.dataStream.client.worker-group.share = false (default)
2023-03-28 15:11:54,349 [pool-5-thread-6] INFO  netty.NettyConfigKeys$DataStream (ConfUtils.java:logGet(46)) - raft.netty.dataStream.client.worker-group.size = 4 (default)
2023-03-28 15:11:54,360 [s0-NettyServerStreamRpc-workerGroup--thread1] INFO  client.DataStreamClient (ConfUtils.java:logGet(46)) - raft.datastream.type = NETTY (custom)
2023-03-28 15:11:54,360 [s0-NettyServerStreamRpc-workerGroup--thread1] INFO  netty.NettyConfigKeys$DataStream (ConfUtils.java:logGet(46)) - raft.netty.dataStream.client.tls.conf = null (default)
2023-03-28 15:11:54,360 [s0-NettyServerStreamRpc-workerGroup--thread1] INFO  netty.NettyConfigKeys$DataStream (ConfUtils.java:logGet(46)) - raft.netty.dataStream.client.reply.queue.grace-period = 1s (default)
2023-03-28 15:11:54,360 [s0-NettyServerStreamRpc-workerGroup--thread1] INFO  netty.NettyConfigKeys$DataStream (ConfUtils.java:logGet(46)) - raft.netty.dataStream.client.worker-group.share = false (default)
2023-03-28 15:11:54,360 [s0-NettyServerStreamRpc-workerGroup--thread1] INFO  netty.NettyConfigKeys$DataStream (ConfUtils.java:logGet(46)) - raft.netty.dataStream.client.worker-group.size = 4 (default)
2023-03-28 15:11:54,364 [s1-NettyServerStreamRpc-bossGroup--thread1] INFO  logging.LoggingHandler (AbstractInternalLogger.java:log(148)) - [id: 0xbd3c3114, L:/0.0.0.0:44863] READ: [id: 0xaed8dcc3, L:/127.0.0.1:44863 - R:/127.0.0.1:58652]
2023-03-28 15:11:54,372 [s1-NettyServerStreamRpc-bossGroup--thread1] INFO  logging.LoggingHandler (AbstractInternalLogger.java:log(148)) - [id: 0xbd3c3114, L:/0.0.0.0:44863] READ COMPLETE
2023-03-28 15:11:54,390 [s0-NettyServerStreamRpc-bossGroup--thread1] INFO  logging.LoggingHandler (AbstractInternalLogger.java:log(148)) - [id: 0x37254b26, L:/0.0.0.0:41129] READ: [id: 0x2776b753, L:/127.0.0.1:41129 - R:/127.0.0.1:54664]
2023-03-28 15:11:54,408 [s2-NettyServerStreamRpc-bossGroup--thread1] INFO  logging.LoggingHandler (AbstractInternalLogger.java:log(148)) - [id: 0xe7b313f8, L:/0.0.0.0:43715] READ COMPLETE
2023-03-28 15:11:54,408 [s2-NettyServerStreamRpc-bossGroup--thread1] INFO  logging.LoggingHandler (AbstractInternalLogger.java:log(148)) - [id: 0xe7b313f8, L:/0.0.0.0:43715] READ: [id: 0xee99d1c0, L:/127.0.0.1:43715 - R:/127.0.0.1:51560]
2023-03-28 15:11:54,408 [s2-NettyServerStreamRpc-bossGroup--thread1] INFO  logging.LoggingHandler (AbstractInternalLogger.java:log(148)) - [id: 0xe7b313f8, L:/0.0.0.0:43715] READ COMPLETE
2023-03-28 15:11:54,411 [s1-NettyServerStreamRpc-bossGroup--thread1] INFO  logging.LoggingHandler (AbstractInternalLogger.java:log(148)) - [id: 0xbd3c3114, L:/0.0.0.0:44863] READ: [id: 0x72e52ae3, L:/127.0.0.1:44863 - R:/127.0.0.1:58660]
2023-03-28 15:11:54,413 [s1-NettyServerStreamRpc-workerGroup--thread1] INFO  client.DataStreamClient (ConfUtils.java:logGet(46)) - raft.datastream.type = NETTY (custom)
2023-03-28 15:11:54,413 [s1-NettyServerStreamRpc-workerGroup--thread1] INFO  netty.NettyConfigKeys$DataStream (ConfUtils.java:logGet(46)) - raft.netty.dataStream.client.tls.conf = null (default)
2023-03-28 15:11:54,413 [s1-NettyServerStreamRpc-workerGroup--thread1] INFO  netty.NettyConfigKeys$DataStream (ConfUtils.java:logGet(46)) - raft.netty.dataStream.client.reply.queue.grace-period = 1s (default)
2023-03-28 15:11:54,413 [s1-NettyServerStreamRpc-workerGroup--thread1] INFO  netty.NettyConfigKeys$DataStream (ConfUtils.java:logGet(46)) - raft.netty.dataStream.client.worker-group.share = false (default)
2023-03-28 15:11:54,413 [s2-NettyServerStreamRpc-workerGroup--thread1] INFO  client.DataStreamClient (ConfUtils.java:logGet(46)) - raft.datastream.type = NETTY (custom)
2023-03-28 15:11:54,414 [s2-NettyServerStreamRpc-workerGroup--thread1] INFO  netty.NettyConfigKeys$DataStream (ConfUtils.java:logGet(46)) - raft.netty.dataStream.client.tls.conf = null (default)
2023-03-28 15:11:54,414 [s2-NettyServerStreamRpc-workerGroup--thread1] INFO  netty.NettyConfigKeys$DataStream (ConfUtils.java:logGet(46)) - raft.netty.dataStream.client.reply.queue.grace-period = 1s (default)
2023-03-28 15:11:54,414 [s2-NettyServerStreamRpc-workerGroup--thread1] INFO  netty.NettyConfigKeys$DataStream (ConfUtils.java:logGet(46)) - raft.netty.dataStream.client.worker-group.share = false (default)
2023-03-28 15:11:54,414 [s2-NettyServerStreamRpc-workerGroup--thread1] INFO  netty.NettyConfigKeys$DataStream (ConfUtils.java:logGet(46)) - raft.netty.dataStream.client.worker-group.size = 4 (default)
2023-03-28 15:11:54,413 [s1-NettyServerStreamRpc-workerGroup--thread1] INFO  netty.NettyConfigKeys$DataStream (ConfUtils.java:logGet(46)) - raft.netty.dataStream.client.worker-group.size = 4 (default)
2023-03-28 15:11:54,418 [s2-NettyServerStreamRpc-workerGroup--thread2] INFO  client.DataStreamClient (ConfUtils.java:logGet(46)) - raft.datastream.type = NETTY (custom)
2023-03-28 15:11:54,418 [s2-NettyServerStreamRpc-workerGroup--thread2] INFO  netty.NettyConfigKeys$DataStream (ConfUtils.java:logGet(46)) - raft.netty.dataStream.client.tls.conf = null (default)
2023-03-28 15:11:54,418 [s2-NettyServerStreamRpc-workerGroup--thread2] INFO  netty.NettyConfigKeys$DataStream (ConfUtils.java:logGet(46)) - raft.netty.dataStream.client.reply.queue.grace-period = 1s (default)
2023-03-28 15:11:54,418 [s2-NettyServerStreamRpc-workerGroup--thread2] INFO  netty.NettyConfigKeys$DataStream (ConfUtils.java:logGet(46)) - raft.netty.dataStream.client.worker-group.share = false (default)
2023-03-28 15:11:54,418 [s2-NettyServerStreamRpc-workerGroup--thread2] INFO  netty.NettyConfigKeys$DataStream (ConfUtils.java:logGet(46)) - raft.netty.dataStream.client.worker-group.size = 4 (default)
2023-03-28 15:11:54,424 [s2-NettyServerStreamRpc-workerGroup--thread2] INFO  client.DataStreamClient (ConfUtils.java:logGet(46)) - raft.datastream.type = NETTY (custom)
2023-03-28 15:11:54,425 [s2-NettyServerStreamRpc-workerGroup--thread2] INFO  netty.NettyConfigKeys$DataStream (ConfUtils.java:logGet(46)) - raft.netty.dataStream.client.tls.conf = null (default)
2023-03-28 15:11:54,425 [s2-NettyServerStreamRpc-workerGroup--thread2] INFO  netty.NettyConfigKeys$DataStream (ConfUtils.java:logGet(46)) - raft.netty.dataStream.client.reply.queue.grace-period = 1s (default)
2023-03-28 15:11:54,425 [s2-NettyServerStreamRpc-workerGroup--thread2] INFO  netty.NettyConfigKeys$DataStream (ConfUtils.java:logGet(46)) - raft.netty.dataStream.client.worker-group.share = false (default)
2023-03-28 15:11:54,425 [s2-NettyServerStreamRpc-workerGroup--thread2] INFO  netty.NettyConfigKeys$DataStream (ConfUtils.java:logGet(46)) - raft.netty.dataStream.client.worker-group.size = 4 (default)
2023-03-28 15:11:54,432 [s2-NettyServerStreamRpc-workerGroup--thread1] INFO  client.DataStreamClient (ConfUtils.java:logGet(46)) - raft.datastream.type = NETTY (custom)
2023-03-28 15:11:54,433 [s2-NettyServerStreamRpc-workerGroup--thread1] INFO  netty.NettyConfigKeys$DataStream (ConfUtils.java:logGet(46)) - raft.netty.dataStream.client.tls.conf = null (default)
2023-03-28 15:11:54,433 [s2-NettyServerStreamRpc-workerGroup--thread1] INFO  netty.NettyConfigKeys$DataStream (ConfUtils.java:logGet(46)) - raft.netty.dataStream.client.reply.queue.grace-period = 1s (default)
2023-03-28 15:11:54,433 [s2-NettyServerStreamRpc-workerGroup--thread1] INFO  netty.NettyConfigKeys$DataStream (ConfUtils.java:logGet(46)) - raft.netty.dataStream.client.worker-group.share = false (default)
2023-03-28 15:11:54,433 [s2-NettyServerStreamRpc-workerGroup--thread1] INFO  netty.NettyConfigKeys$DataStream (ConfUtils.java:logGet(46)) - raft.netty.dataStream.client.worker-group.size = 4 (default)
2023-03-28 15:11:54,433 [s1-NettyServerStreamRpc-bossGroup--thread1] INFO  logging.LoggingHandler (AbstractInternalLogger.java:log(148)) - [id: 0xbd3c3114, L:/0.0.0.0:44863] READ COMPLETE
2023-03-28 15:11:54,436 [s1-NettyServerStreamRpc-workerGroup--thread4] INFO  client.DataStreamClient (ConfUtils.java:logGet(46)) - raft.datastream.type = NETTY (custom)
2023-03-28 15:11:54,436 [s1-NettyServerStreamRpc-workerGroup--thread4] INFO  netty.NettyConfigKeys$DataStream (ConfUtils.java:logGet(46)) - raft.netty.dataStream.client.tls.conf = null (default)
2023-03-28 15:11:54,436 [s1-NettyServerStreamRpc-workerGroup--thread4] INFO  netty.NettyConfigKeys$DataStream (ConfUtils.java:logGet(46)) - raft.netty.dataStream.client.reply.queue.grace-period = 1s (default)
2023-03-28 15:11:54,436 [s1-NettyServerStreamRpc-workerGroup--thread4] INFO  netty.NettyConfigKeys$DataStream (ConfUtils.java:logGet(46)) - raft.netty.dataStream.client.worker-group.share = false (default)
2023-03-28 15:11:54,437 [s1-NettyServerStreamRpc-workerGroup--thread4] INFO  netty.NettyConfigKeys$DataStream (ConfUtils.java:logGet(46)) - raft.netty.dataStream.client.worker-group.size = 4 (default)
2023-03-28 15:11:54,440 [s0-NettyServerStreamRpc-workerGroup--thread1] INFO  client.DataStreamClient (ConfUtils.java:logGet(46)) - raft.datastream.type = NETTY (custom)
2023-03-28 15:11:54,440 [s0-NettyServerStreamRpc-workerGroup--thread1] INFO  netty.NettyConfigKeys$DataStream (ConfUtils.java:logGet(46)) - raft.netty.dataStream.client.tls.conf = null (default)
2023-03-28 15:11:54,440 [s0-NettyServerStreamRpc-workerGroup--thread1] INFO  netty.NettyConfigKeys$DataStream (ConfUtils.java:logGet(46)) - raft.netty.dataStream.client.reply.queue.grace-period = 1s (default)
2023-03-28 15:11:54,440 [s0-NettyServerStreamRpc-workerGroup--thread1] INFO  netty.NettyConfigKeys$DataStream (ConfUtils.java:logGet(46)) - raft.netty.dataStream.client.worker-group.share = false (default)
2023-03-28 15:11:54,440 [s0-NettyServerStreamRpc-workerGroup--thread1] INFO  netty.NettyConfigKeys$DataStream (ConfUtils.java:logGet(46)) - raft.netty.dataStream.client.worker-group.size = 4 (default)
2023-03-28 15:11:54,444 [s1-NettyServerStreamRpc-workerGroup--thread4] INFO  client.DataStreamClient (ConfUtils.java:logGet(46)) - raft.datastream.type = NETTY (custom)
2023-03-28 15:11:54,444 [s1-NettyServerStreamRpc-workerGroup--thread4] INFO  netty.NettyConfigKeys$DataStream (ConfUtils.java:logGet(46)) - raft.netty.dataStream.client.tls.conf = null (default)
2023-03-28 15:11:54,444 [s1-NettyServerStreamRpc-workerGroup--thread4] INFO  netty.NettyConfigKeys$DataStream (ConfUtils.java:logGet(46)) - raft.netty.dataStream.client.reply.queue.grace-period = 1s (default)
2023-03-28 15:11:54,444 [s1-NettyServerStreamRpc-workerGroup--thread4] INFO  netty.NettyConfigKeys$DataStream (ConfUtils.java:logGet(46)) - raft.netty.dataStream.client.worker-group.share = false (default)
2023-03-28 15:11:54,444 [s1-NettyServerStreamRpc-workerGroup--thread4] INFO  netty.NettyConfigKeys$DataStream (ConfUtils.java:logGet(46)) - raft.netty.dataStream.client.worker-group.size = 4 (default)
2023-03-28 15:11:54,448 [s1-NettyServerStreamRpc-bossGroup--thread1] INFO  logging.LoggingHandler (AbstractInternalLogger.java:log(148)) - [id: 0xbd3c3114, L:/0.0.0.0:44863] READ: [id: 0x28f62828, L:/127.0.0.1:44863 - R:/127.0.0.1:58676]
2023-03-28 15:11:54,448 [s1-NettyServerStreamRpc-bossGroup--thread1] INFO  logging.LoggingHandler (AbstractInternalLogger.java:log(148)) - [id: 0xbd3c3114, L:/0.0.0.0:44863] READ COMPLETE
2023-03-28 15:11:54,449 [s0-NettyServerStreamRpc-workerGroup--thread1] INFO  client.DataStreamClient (ConfUtils.java:logGet(46)) - raft.datastream.type = NETTY (custom)
2023-03-28 15:11:54,449 [s0-NettyServerStreamRpc-workerGroup--thread1] INFO  netty.NettyConfigKeys$DataStream (ConfUtils.java:logGet(46)) - raft.netty.dataStream.client.tls.conf = null (default)
2023-03-28 15:11:54,449 [s0-NettyServerStreamRpc-workerGroup--thread1] INFO  netty.NettyConfigKeys$DataStream (ConfUtils.java:logGet(46)) - raft.netty.dataStream.client.reply.queue.grace-period = 1s (default)
2023-03-28 15:11:54,449 [s0-NettyServerStreamRpc-workerGroup--thread1] INFO  netty.NettyConfigKeys$DataStream (ConfUtils.java:logGet(46)) - raft.netty.dataStream.client.worker-group.share = false (default)
2023-03-28 15:11:54,449 [s0-NettyServerStreamRpc-workerGroup--thread1] INFO  netty.NettyConfigKeys$DataStream (ConfUtils.java:logGet(46)) - raft.netty.dataStream.client.worker-group.size = 4 (default)
2023-03-28 15:11:54,460 [s0-NettyServerStreamRpc-bossGroup--thread1] INFO  logging.LoggingHandler (AbstractInternalLogger.java:log(148)) - [id: 0x37254b26, L:/0.0.0.0:41129] READ COMPLETE
2023-03-28 15:11:54,460 [s0-NettyServerStreamRpc-bossGroup--thread1] INFO  logging.LoggingHandler (AbstractInternalLogger.java:log(148)) - [id: 0x37254b26, L:/0.0.0.0:41129] READ: [id: 0xc3bcbd59, L:/127.0.0.1:41129 - R:/127.0.0.1:54670]
2023-03-28 15:11:54,461 [s0-NettyServerStreamRpc-workerGroup--thread2] INFO  client.DataStreamClient (ConfUtils.java:logGet(46)) - raft.datastream.type = NETTY (custom)
2023-03-28 15:11:54,462 [s0-NettyServerStreamRpc-workerGroup--thread2] INFO  netty.NettyConfigKeys$DataStream (ConfUtils.java:logGet(46)) - raft.netty.dataStream.client.tls.conf = null (default)
2023-03-28 15:11:54,462 [s0-NettyServerStreamRpc-workerGroup--thread2] INFO  netty.NettyConfigKeys$DataStream (ConfUtils.java:logGet(46)) - raft.netty.dataStream.client.reply.queue.grace-period = 1s (default)
2023-03-28 15:11:54,462 [s0-NettyServerStreamRpc-workerGroup--thread2] INFO  netty.NettyConfigKeys$DataStream (ConfUtils.java:logGet(46)) - raft.netty.dataStream.client.worker-group.share = false (default)
2023-03-28 15:11:54,463 [s0-NettyServerStreamRpc-workerGroup--thread2] INFO  netty.NettyConfigKeys$DataStream (ConfUtils.java:logGet(46)) - raft.netty.dataStream.client.worker-group.size = 4 (default)
2023-03-28 15:11:54,468 [s0-NettyServerStreamRpc-bossGroup--thread1] INFO  logging.LoggingHandler (AbstractInternalLogger.java:log(148)) - [id: 0x37254b26, L:/0.0.0.0:41129] READ: [id: 0x1d8de84c, L:/127.0.0.1:41129 - R:/127.0.0.1:54686]
2023-03-28 15:11:54,475 [s0-NettyServerStreamRpc-bossGroup--thread1] INFO  logging.LoggingHandler (AbstractInternalLogger.java:log(148)) - [id: 0x37254b26, L:/0.0.0.0:41129] READ: [id: 0x27e6c96f, L:/127.0.0.1:41129 - R:/127.0.0.1:54690]
2023-03-28 15:11:54,475 [s0-NettyServerStreamRpc-bossGroup--thread1] INFO  logging.LoggingHandler (AbstractInternalLogger.java:log(148)) - [id: 0x37254b26, L:/0.0.0.0:41129] READ: [id: 0xa4f11ccb, L:/127.0.0.1:41129 - R:/127.0.0.1:54698]
2023-03-28 15:11:54,476 [s0-NettyServerStreamRpc-bossGroup--thread1] INFO  logging.LoggingHandler (AbstractInternalLogger.java:log(148)) - [id: 0x37254b26, L:/0.0.0.0:41129] READ COMPLETE
2023-03-28 15:11:54,501 [s1-NettyServerStreamRpc-bossGroup--thread1] INFO  logging.LoggingHandler (AbstractInternalLogger.java:log(148)) - [id: 0xbd3c3114, L:/0.0.0.0:44863] READ: [id: 0x8200c360, L:/127.0.0.1:44863 - R:/127.0.0.1:58688]
2023-03-28 15:11:54,501 [s1-NettyServerStreamRpc-bossGroup--thread1] INFO  logging.LoggingHandler (AbstractInternalLogger.java:log(148)) - [id: 0xbd3c3114, L:/0.0.0.0:44863] READ COMPLETE
2023-03-28 15:11:54,502 [s0-NettyServerStreamRpc-workerGroup--thread2] INFO  client.DataStreamClient (ConfUtils.java:logGet(46)) - raft.datastream.type = NETTY (custom)
2023-03-28 15:11:54,502 [s0-NettyServerStreamRpc-workerGroup--thread2] INFO  netty.NettyConfigKeys$DataStream (ConfUtils.java:logGet(46)) - raft.netty.dataStream.client.tls.conf = null (default)
2023-03-28 15:11:54,502 [s0-NettyServerStreamRpc-workerGroup--thread2] INFO  netty.NettyConfigKeys$DataStream (ConfUtils.java:logGet(46)) - raft.netty.dataStream.client.reply.queue.grace-period = 1s (default)
2023-03-28 15:11:54,502 [s0-NettyServerStreamRpc-workerGroup--thread2] INFO  netty.NettyConfigKeys$DataStream (ConfUtils.java:logGet(46)) - raft.netty.dataStream.client.worker-group.share = false (default)
2023-03-28 15:11:54,502 [s0-NettyServerStreamRpc-workerGroup--thread2] INFO  netty.NettyConfigKeys$DataStream (ConfUtils.java:logGet(46)) - raft.netty.dataStream.client.worker-group.size = 4 (default)
2023-03-28 15:11:54,503 [s2-NettyServerStreamRpc-bossGroup--thread1] INFO  logging.LoggingHandler (AbstractInternalLogger.java:log(148)) - [id: 0xe7b313f8, L:/0.0.0.0:43715] READ: [id: 0x225cfb58, L:/127.0.0.1:43715 - R:/127.0.0.1:51568]
2023-03-28 15:11:54,506 [s1-NettyServerStreamRpc-bossGroup--thread1] INFO  logging.LoggingHandler (AbstractInternalLogger.java:log(148)) - [id: 0xbd3c3114, L:/0.0.0.0:44863] READ: [id: 0x3a039c42, L:/127.0.0.1:44863 - R:/127.0.0.1:58702]
2023-03-28 15:11:54,506 [s1-NettyServerStreamRpc-bossGroup--thread1] INFO  logging.LoggingHandler (AbstractInternalLogger.java:log(148)) - [id: 0xbd3c3114, L:/0.0.0.0:44863] READ COMPLETE
2023-03-28 15:11:54,511 [s1-NettyServerStreamRpc-bossGroup--thread1] INFO  logging.LoggingHandler (AbstractInternalLogger.java:log(148)) - [id: 0xbd3c3114, L:/0.0.0.0:44863] READ: [id: 0x77b99c5c, L:/127.0.0.1:44863 - R:/127.0.0.1:58708]
2023-03-28 15:11:54,511 [s1-NettyServerStreamRpc-bossGroup--thread1] INFO  logging.LoggingHandler (AbstractInternalLogger.java:log(148)) - [id: 0xbd3c3114, L:/0.0.0.0:44863] READ COMPLETE
2023-03-28 15:11:54,512 [s2-NettyServerStreamRpc-workerGroup--thread1] INFO  client.DataStreamClient (ConfUtils.java:logGet(46)) - raft.datastream.type = NETTY (custom)
2023-03-28 15:11:54,512 [s2-NettyServerStreamRpc-workerGroup--thread1] INFO  netty.NettyConfigKeys$DataStream (ConfUtils.java:logGet(46)) - raft.netty.dataStream.client.tls.conf = null (default)
2023-03-28 15:11:54,512 [s2-NettyServerStreamRpc-workerGroup--thread1] INFO  netty.NettyConfigKeys$DataStream (ConfUtils.java:logGet(46)) - raft.netty.dataStream.client.reply.queue.grace-period = 1s (default)
2023-03-28 15:11:54,512 [s2-NettyServerStreamRpc-workerGroup--thread1] INFO  netty.NettyConfigKeys$DataStream (ConfUtils.java:logGet(46)) - raft.netty.dataStream.client.worker-group.share = false (default)
2023-03-28 15:11:54,512 [s2-NettyServerStreamRpc-workerGroup--thread1] INFO  netty.NettyConfigKeys$DataStream (ConfUtils.java:logGet(46)) - raft.netty.dataStream.client.worker-group.size = 4 (default)
2023-03-28 15:11:54,519 [s0-NettyServerStreamRpc-bossGroup--thread1] INFO  logging.LoggingHandler (AbstractInternalLogger.java:log(148)) - [id: 0x37254b26, L:/0.0.0.0:41129] READ: [id: 0xdebfe49d, L:/127.0.0.1:41129 - R:/127.0.0.1:54714]
2023-03-28 15:11:54,519 [s0-NettyServerStreamRpc-bossGroup--thread1] INFO  logging.LoggingHandler (AbstractInternalLogger.java:log(148)) - [id: 0x37254b26, L:/0.0.0.0:41129] READ COMPLETE
2023-03-28 15:11:54,520 [s2-NettyServerStreamRpc-workerGroup--thread1] INFO  client.DataStreamClient (ConfUtils.java:logGet(46)) - raft.datastream.type = NETTY (custom)
2023-03-28 15:11:54,520 [s2-NettyServerStreamRpc-workerGroup--thread1] INFO  netty.NettyConfigKeys$DataStream (ConfUtils.java:logGet(46)) - raft.netty.dataStream.client.tls.conf = null (default)
2023-03-28 15:11:54,520 [s2-NettyServerStreamRpc-workerGroup--thread1] INFO  netty.NettyConfigKeys$DataStream (ConfUtils.java:logGet(46)) - raft.netty.dataStream.client.reply.queue.grace-period = 1s (default)
2023-03-28 15:11:54,520 [s2-NettyServerStreamRpc-workerGroup--thread1] INFO  netty.NettyConfigKeys$DataStream (ConfUtils.java:logGet(46)) - raft.netty.dataStream.client.worker-group.share = false (default)
2023-03-28 15:11:54,520 [s2-NettyServerStreamRpc-workerGroup--thread1] INFO  netty.NettyConfigKeys$DataStream (ConfUtils.java:logGet(46)) - raft.netty.dataStream.client.worker-group.size = 4 (default)
2023-03-28 15:11:54,521 [s1-NettyServerStreamRpc-workerGroup--thread4] INFO  client.DataStreamClient (ConfUtils.java:logGet(46)) - raft.datastream.type = NETTY (custom)
2023-03-28 15:11:54,521 [s1-NettyServerStreamRpc-workerGroup--thread4] INFO  netty.NettyConfigKeys$DataStream (ConfUtils.java:logGet(46)) - raft.netty.dataStream.client.tls.conf = null (default)
2023-03-28 15:11:54,521 [s1-NettyServerStreamRpc-workerGroup--thread4] INFO  netty.NettyConfigKeys$DataStream (ConfUtils.java:logGet(46)) - raft.netty.dataStream.client.reply.queue.grace-period = 1s (default)
2023-03-28 15:11:54,522 [s1-NettyServerStreamRpc-workerGroup--thread4] INFO  netty.NettyConfigKeys$DataStream (ConfUtils.java:logGet(46)) - raft.netty.dataStream.client.worker-group.share = false (default)
2023-03-28 15:11:54,522 [s1-NettyServerStreamRpc-workerGroup--thread4] INFO  netty.NettyConfigKeys$DataStream (ConfUtils.java:logGet(46)) - raft.netty.dataStream.client.worker-group.size = 4 (default)
2023-03-28 15:11:54,524 [s1-NettyServerStreamRpc-workerGroup--thread1] INFO  client.DataStreamClient (ConfUtils.java:logGet(46)) - raft.datastream.type = NETTY (custom)
2023-03-28 15:11:54,524 [s1-NettyServerStreamRpc-workerGroup--thread1] INFO  netty.NettyConfigKeys$DataStream (ConfUtils.java:logGet(46)) - raft.netty.dataStream.client.tls.conf = null (default)
2023-03-28 15:11:54,524 [s1-NettyServerStreamRpc-workerGroup--thread1] INFO  netty.NettyConfigKeys$DataStream (ConfUtils.java:logGet(46)) - raft.netty.dataStream.client.reply.queue.grace-period = 1s (default)
2023-03-28 15:11:54,524 [s0-NettyServerStreamRpc-workerGroup--thread1] INFO  client.DataStreamClient (ConfUtils.java:logGet(46)) - raft.datastream.type = NETTY (custom)
2023-03-28 15:11:54,524 [s1-NettyServerStreamRpc-workerGroup--thread1] INFO  netty.NettyConfigKeys$DataStream (ConfUtils.java:logGet(46)) - raft.netty.dataStream.client.worker-group.share = false (default)
2023-03-28 15:11:54,524 [s0-NettyServerStreamRpc-workerGroup--thread1] INFO  netty.NettyConfigKeys$DataStream (ConfUtils.java:logGet(46)) - raft.netty.dataStream.client.tls.conf = null (default)
2023-03-28 15:11:54,525 [s1-NettyServerStreamRpc-workerGroup--thread1] INFO  netty.NettyConfigKeys$DataStream (ConfUtils.java:logGet(46)) - raft.netty.dataStream.client.worker-group.size = 4 (default)
2023-03-28 15:11:54,525 [s0-NettyServerStreamRpc-workerGroup--thread1] INFO  netty.NettyConfigKeys$DataStream (ConfUtils.java:logGet(46)) - raft.netty.dataStream.client.reply.queue.grace-period = 1s (default)
2023-03-28 15:11:54,525 [s0-NettyServerStreamRpc-workerGroup--thread1] INFO  netty.NettyConfigKeys$DataStream (ConfUtils.java:logGet(46)) - raft.netty.dataStream.client.worker-group.share = false (default)
2023-03-28 15:11:54,525 [s0-NettyServerStreamRpc-workerGroup--thread1] INFO  netty.NettyConfigKeys$DataStream (ConfUtils.java:logGet(46)) - raft.netty.dataStream.client.worker-group.size = 4 (default)
2023-03-28 15:11:54,526 [s0-NettyServerStreamRpc-bossGroup--thread1] INFO  logging.LoggingHandler (AbstractInternalLogger.java:log(148)) - [id: 0x37254b26, L:/0.0.0.0:41129] READ: [id: 0x6eb5dfcd, L:/127.0.0.1:41129 - R:/127.0.0.1:54728]
2023-03-28 15:11:54,526 [s0-NettyServerStreamRpc-workerGroup--thread1] INFO  client.DataStreamClient (ConfUtils.java:logGet(46)) - raft.datastream.type = NETTY (custom)
2023-03-28 15:11:54,526 [s1-NettyServerStreamRpc-bossGroup--thread1] INFO  logging.LoggingHandler (AbstractInternalLogger.java:log(148)) - [id: 0xbd3c3114, L:/0.0.0.0:44863] READ: [id: 0xf474f764, L:/127.0.0.1:44863 - R:/127.0.0.1:58720]
2023-03-28 15:11:54,526 [s0-NettyServerStreamRpc-workerGroup--thread1] INFO  netty.NettyConfigKeys$DataStream (ConfUtils.java:logGet(46)) - raft.netty.dataStream.client.tls.conf = null (default)
2023-03-28 15:11:54,527 [s1-NettyServerStreamRpc-bossGroup--thread1] INFO  logging.LoggingHandler (AbstractInternalLogger.java:log(148)) - [id: 0xbd3c3114, L:/0.0.0.0:44863] READ COMPLETE
2023-03-28 15:11:54,527 [s0-NettyServerStreamRpc-workerGroup--thread1] INFO  netty.NettyConfigKeys$DataStream (ConfUtils.java:logGet(46)) - raft.netty.dataStream.client.reply.queue.grace-period = 1s (default)
2023-03-28 15:11:54,527 [s0-NettyServerStreamRpc-workerGroup--thread1] INFO  netty.NettyConfigKeys$DataStream (ConfUtils.java:logGet(46)) - raft.netty.dataStream.client.worker-group.share = false (default)
2023-03-28 15:11:54,527 [s1-NettyServerStreamRpc-workerGroup--thread1] INFO  client.DataStreamClient (ConfUtils.java:logGet(46)) - raft.datastream.type = NETTY (custom)
2023-03-28 15:11:54,527 [s1-NettyServerStreamRpc-workerGroup--thread1] INFO  netty.NettyConfigKeys$DataStream (ConfUtils.java:logGet(46)) - raft.netty.dataStream.client.tls.conf = null (default)
2023-03-28 15:11:54,527 [s1-NettyServerStreamRpc-workerGroup--thread1] INFO  netty.NettyConfigKeys$DataStream (ConfUtils.java:logGet(46)) - raft.netty.dataStream.client.reply.queue.grace-period = 1s (default)
2023-03-28 15:11:54,527 [s1-NettyServerStreamRpc-workerGroup--thread1] INFO  netty.NettyConfigKeys$DataStream (ConfUtils.java:logGet(46)) - raft.netty.dataStream.client.worker-group.share = false (default)
2023-03-28 15:11:54,527 [s1-NettyServerStreamRpc-workerGroup--thread1] INFO  netty.NettyConfigKeys$DataStream (ConfUtils.java:logGet(46)) - raft.netty.dataStream.client.worker-group.size = 4 (default)
2023-03-28 15:11:54,527 [s0-NettyServerStreamRpc-workerGroup--thread1] INFO  netty.NettyConfigKeys$DataStream (ConfUtils.java:logGet(46)) - raft.netty.dataStream.client.worker-group.size = 4 (default)
2023-03-28 15:11:54,527 [s2-NettyServerStreamRpc-bossGroup--thread1] INFO  logging.LoggingHandler (AbstractInternalLogger.java:log(148)) - [id: 0xe7b313f8, L:/0.0.0.0:43715] READ COMPLETE
2023-03-28 15:11:54,545 [s1-NettyServerStreamRpc-bossGroup--thread1] INFO  logging.LoggingHandler (AbstractInternalLogger.java:log(148)) - [id: 0xbd3c3114, L:/0.0.0.0:44863] READ: [id: 0x6374c5cd, L:/127.0.0.1:44863 - R:/127.0.0.1:58724]
2023-03-28 15:11:54,545 [s1-NettyServerStreamRpc-bossGroup--thread1] INFO  logging.LoggingHandler (AbstractInternalLogger.java:log(148)) - [id: 0xbd3c3114, L:/0.0.0.0:44863] READ COMPLETE
2023-03-28 15:11:54,547 [s2-NettyServerStreamRpc-workerGroup--thread2] INFO  client.DataStreamClient (ConfUtils.java:logGet(46)) - raft.datastream.type = NETTY (custom)
2023-03-28 15:11:54,547 [s2-NettyServerStreamRpc-workerGroup--thread2] INFO  netty.NettyConfigKeys$DataStream (ConfUtils.java:logGet(46)) - raft.netty.dataStream.client.tls.conf = null (default)
2023-03-28 15:11:54,547 [s2-NettyServerStreamRpc-workerGroup--thread2] INFO  netty.NettyConfigKeys$DataStream (ConfUtils.java:logGet(46)) - raft.netty.dataStream.client.reply.queue.grace-period = 1s (default)
2023-03-28 15:11:54,547 [s2-NettyServerStreamRpc-workerGroup--thread2] INFO  netty.NettyConfigKeys$DataStream (ConfUtils.java:logGet(46)) - raft.netty.dataStream.client.worker-group.share = false (default)
2023-03-28 15:11:54,548 [s2-NettyServerStreamRpc-workerGroup--thread2] INFO  netty.NettyConfigKeys$DataStream (ConfUtils.java:logGet(46)) - raft.netty.dataStream.client.worker-group.size = 4 (default)
2023-03-28 15:11:54,556 [s0-NettyServerStreamRpc-workerGroup--thread2] INFO  client.DataStreamClient (ConfUtils.java:logGet(46)) - raft.datastream.type = NETTY (custom)
2023-03-28 15:11:54,556 [s1-NettyServerStreamRpc-workerGroup--thread4] INFO  client.DataStreamClient (ConfUtils.java:logGet(46)) - raft.datastream.type = NETTY (custom)
2023-03-28 15:11:54,556 [s1-NettyServerStreamRpc-workerGroup--thread4] INFO  netty.NettyConfigKeys$DataStream (ConfUtils.java:logGet(46)) - raft.netty.dataStream.client.tls.conf = null (default)
2023-03-28 15:11:54,556 [s1-NettyServerStreamRpc-workerGroup--thread4] INFO  netty.NettyConfigKeys$DataStream (ConfUtils.java:logGet(46)) - raft.netty.dataStream.client.reply.queue.grace-period = 1s (default)
2023-03-28 15:11:54,556 [s1-NettyServerStreamRpc-workerGroup--thread4] INFO  netty.NettyConfigKeys$DataStream (ConfUtils.java:logGet(46)) - raft.netty.dataStream.client.worker-group.share = false (default)
2023-03-28 15:11:54,556 [s1-NettyServerStreamRpc-workerGroup--thread4] INFO  netty.NettyConfigKeys$DataStream (ConfUtils.java:logGet(46)) - raft.netty.dataStream.client.worker-group.size = 4 (default)
2023-03-28 15:11:54,557 [s0-NettyServerStreamRpc-bossGroup--thread1] INFO  logging.LoggingHandler (AbstractInternalLogger.java:log(148)) - [id: 0x37254b26, L:/0.0.0.0:41129] READ COMPLETE
2023-03-28 15:11:54,557 [s0-NettyServerStreamRpc-bossGroup--thread1] INFO  logging.LoggingHandler (AbstractInternalLogger.java:log(148)) - [id: 0x37254b26, L:/0.0.0.0:41129] READ: [id: 0xfa7c1304, L:/127.0.0.1:41129 - R:/127.0.0.1:54730]
2023-03-28 15:11:54,557 [s0-NettyServerStreamRpc-bossGroup--thread1] INFO  logging.LoggingHandler (AbstractInternalLogger.java:log(148)) - [id: 0x37254b26, L:/0.0.0.0:41129] READ COMPLETE
2023-03-28 15:11:54,558 [s2-NettyServerStreamRpc-bossGroup--thread1] INFO  logging.LoggingHandler (AbstractInternalLogger.java:log(148)) - [id: 0xe7b313f8, L:/0.0.0.0:43715] READ: [id: 0x23a3c421, L:/127.0.0.1:43715 - R:/127.0.0.1:51582]
2023-03-28 15:11:54,558 [s2-NettyServerStreamRpc-bossGroup--thread1] INFO  logging.LoggingHandler (AbstractInternalLogger.java:log(148)) - [id: 0xe7b313f8, L:/0.0.0.0:43715] READ: [id: 0x6539e37a, L:/127.0.0.1:43715 - R:/127.0.0.1:51586]
2023-03-28 15:11:54,558 [s2-NettyServerStreamRpc-bossGroup--thread1] INFO  logging.LoggingHandler (AbstractInternalLogger.java:log(148)) - [id: 0xe7b313f8, L:/0.0.0.0:43715] READ: [id: 0xc27d5400, L:/127.0.0.1:43715 - R:/127.0.0.1:51598]
2023-03-28 15:11:54,558 [s2-NettyServerStreamRpc-bossGroup--thread1] INFO  logging.LoggingHandler (AbstractInternalLogger.java:log(148)) - [id: 0xe7b313f8, L:/0.0.0.0:43715] READ COMPLETE
2023-03-28 15:11:54,559 [s2-NettyServerStreamRpc-workerGroup--thread1] INFO  client.DataStreamClient (ConfUtils.java:logGet(46)) - raft.datastream.type = NETTY (custom)
2023-03-28 15:11:54,559 [s2-NettyServerStreamRpc-workerGroup--thread1] INFO  netty.NettyConfigKeys$DataStream (ConfUtils.java:logGet(46)) - raft.netty.dataStream.client.tls.conf = null (default)
2023-03-28 15:11:54,559 [s2-NettyServerStreamRpc-workerGroup--thread1] INFO  netty.NettyConfigKeys$DataStream (ConfUtils.java:logGet(46)) - raft.netty.dataStream.client.reply.queue.grace-period = 1s (default)
2023-03-28 15:11:54,559 [s2-NettyServerStreamRpc-workerGroup--thread1] INFO  netty.NettyConfigKeys$DataStream (ConfUtils.java:logGet(46)) - raft.netty.dataStream.client.worker-group.share = false (default)
2023-03-28 15:11:54,560 [s2-NettyServerStreamRpc-workerGroup--thread1] INFO  netty.NettyConfigKeys$DataStream (ConfUtils.java:logGet(46)) - raft.netty.dataStream.client.worker-group.size = 4 (default)
2023-03-28 15:11:54,556 [s0-NettyServerStreamRpc-workerGroup--thread2] INFO  netty.NettyConfigKeys$DataStream (ConfUtils.java:logGet(46)) - raft.netty.dataStream.client.tls.conf = null (default)
2023-03-28 15:11:54,564 [s0-NettyServerStreamRpc-workerGroup--thread2] INFO  netty.NettyConfigKeys$DataStream (ConfUtils.java:logGet(46)) - raft.netty.dataStream.client.reply.queue.grace-period = 1s (default)
2023-03-28 15:11:54,564 [s0-NettyServerStreamRpc-workerGroup--thread2] INFO  netty.NettyConfigKeys$DataStream (ConfUtils.java:logGet(46)) - raft.netty.dataStream.client.worker-group.share = false (default)
2023-03-28 15:11:54,564 [s0-NettyServerStreamRpc-workerGroup--thread2] INFO  netty.NettyConfigKeys$DataStream (ConfUtils.java:logGet(46)) - raft.netty.dataStream.client.worker-group.size = 4 (default)
2023-03-28 15:11:54,612 [s1-NettyServerStreamRpc-bossGroup--thread1] INFO  logging.LoggingHandler (AbstractInternalLogger.java:log(148)) - [id: 0xbd3c3114, L:/0.0.0.0:44863] READ: [id: 0xa17ddeb4, L:/127.0.0.1:44863 - R:/127.0.0.1:58740]
2023-03-28 15:11:54,612 [s1-NettyServerStreamRpc-bossGroup--thread1] INFO  logging.LoggingHandler (AbstractInternalLogger.java:log(148)) - [id: 0xbd3c3114, L:/0.0.0.0:44863] READ COMPLETE
2023-03-28 15:11:54,613 [s0-NettyServerStreamRpc-workerGroup--thread2] INFO  client.DataStreamClient (ConfUtils.java:logGet(46)) - raft.datastream.type = NETTY (custom)
2023-03-28 15:11:54,613 [s0-NettyServerStreamRpc-workerGroup--thread2] INFO  netty.NettyConfigKeys$DataStream (ConfUtils.java:logGet(46)) - raft.netty.dataStream.client.tls.conf = null (default)
2023-03-28 15:11:54,613 [s0-NettyServerStreamRpc-workerGroup--thread2] INFO  netty.NettyConfigKeys$DataStream (ConfUtils.java:logGet(46)) - raft.netty.dataStream.client.reply.queue.grace-period = 1s (default)
2023-03-28 15:11:54,613 [s0-NettyServerStreamRpc-workerGroup--thread2] INFO  netty.NettyConfigKeys$DataStream (ConfUtils.java:logGet(46)) - raft.netty.dataStream.client.worker-group.share = false (default)
2023-03-28 15:11:54,613 [s0-NettyServerStreamRpc-workerGroup--thread2] INFO  netty.NettyConfigKeys$DataStream (ConfUtils.java:logGet(46)) - raft.netty.dataStream.client.worker-group.size = 4 (default)
2023-03-28 15:11:54,617 [s0-NettyServerStreamRpc-bossGroup--thread1] INFO  logging.LoggingHandler (AbstractInternalLogger.java:log(148)) - [id: 0x37254b26, L:/0.0.0.0:41129] READ: [id: 0xcd727214, L:/127.0.0.1:41129 - R:/127.0.0.1:54744]
2023-03-28 15:11:54,617 [s0-NettyServerStreamRpc-bossGroup--thread1] INFO  logging.LoggingHandler (AbstractInternalLogger.java:log(148)) - [id: 0x37254b26, L:/0.0.0.0:41129] READ COMPLETE
2023-03-28 15:11:54,619 [s2-NettyServerStreamRpc-workerGroup--thread1] INFO  client.DataStreamClient (ConfUtils.java:logGet(46)) - raft.datastream.type = NETTY (custom)
2023-03-28 15:11:54,619 [s2-NettyServerStreamRpc-workerGroup--thread1] INFO  netty.NettyConfigKeys$DataStream (ConfUtils.java:logGet(46)) - raft.netty.dataStream.client.tls.conf = null (default)
2023-03-28 15:11:54,619 [s2-NettyServerStreamRpc-workerGroup--thread1] INFO  netty.NettyConfigKeys$DataStream (ConfUtils.java:logGet(46)) - raft.netty.dataStream.client.reply.queue.grace-period = 1s (default)
2023-03-28 15:11:54,619 [s2-NettyServerStreamRpc-workerGroup--thread1] INFO  netty.NettyConfigKeys$DataStream (ConfUtils.java:logGet(46)) - raft.netty.dataStream.client.worker-group.share = false (default)
2023-03-28 15:11:54,619 [s2-NettyServerStreamRpc-workerGroup--thread1] INFO  netty.NettyConfigKeys$DataStream (ConfUtils.java:logGet(46)) - raft.netty.dataStream.client.worker-group.size = 4 (default)
2023-03-28 15:11:54,624 [s2-NettyServerStreamRpc-bossGroup--thread1] INFO  logging.LoggingHandler (AbstractInternalLogger.java:log(148)) - [id: 0xe7b313f8, L:/0.0.0.0:43715] READ: [id: 0xec34fb59, L:/127.0.0.1:43715 - R:/127.0.0.1:51604]
2023-03-28 15:11:54,624 [s2-NettyServerStreamRpc-bossGroup--thread1] INFO  logging.LoggingHandler (AbstractInternalLogger.java:log(148)) - [id: 0xe7b313f8, L:/0.0.0.0:43715] READ COMPLETE
2023-03-28 15:11:54,648 [s2-NettyServerStreamRpc-bossGroup--thread1] INFO  logging.LoggingHandler (AbstractInternalLogger.java:log(148)) - [id: 0xe7b313f8, L:/0.0.0.0:43715] READ: [id: 0x257fdeca, L:/127.0.0.1:43715 - R:/127.0.0.1:51614]
2023-03-28 15:11:54,648 [s2-NettyServerStreamRpc-bossGroup--thread1] INFO  logging.LoggingHandler (AbstractInternalLogger.java:log(148)) - [id: 0xe7b313f8, L:/0.0.0.0:43715] READ COMPLETE
2023-03-28 15:11:54,657 [s2-NettyServerStreamRpc-bossGroup--thread1] INFO  logging.LoggingHandler (AbstractInternalLogger.java:log(148)) - [id: 0xe7b313f8, L:/0.0.0.0:43715] READ: [id: 0xa953936f, L:/127.0.0.1:43715 - R:/127.0.0.1:51622]
2023-03-28 15:11:54,657 [s2-NettyServerStreamRpc-bossGroup--thread1] INFO  logging.LoggingHandler (AbstractInternalLogger.java:log(148)) - [id: 0xe7b313f8, L:/0.0.0.0:43715] READ COMPLETE
2023-03-28 15:11:54,659 [s1-NettyServerStreamRpc-workerGroup--thread2] INFO  client.DataStreamClient (ConfUtils.java:logGet(46)) - raft.datastream.type = NETTY (custom)
2023-03-28 15:11:54,659 [s1-NettyServerStreamRpc-workerGroup--thread2] INFO  netty.NettyConfigKeys$DataStream (ConfUtils.java:logGet(46)) - raft.netty.dataStream.client.tls.conf = null (default)
2023-03-28 15:11:54,659 [s1-NettyServerStreamRpc-workerGroup--thread2] INFO  netty.NettyConfigKeys$DataStream (ConfUtils.java:logGet(46)) - raft.netty.dataStream.client.reply.queue.grace-period = 1s (default)
2023-03-28 15:11:54,659 [s1-NettyServerStreamRpc-workerGroup--thread2] INFO  netty.NettyConfigKeys$DataStream (ConfUtils.java:logGet(46)) - raft.netty.dataStream.client.worker-group.share = false (default)
2023-03-28 15:11:54,659 [s1-NettyServerStreamRpc-workerGroup--thread2] INFO  netty.NettyConfigKeys$DataStream (ConfUtils.java:logGet(46)) - raft.netty.dataStream.client.worker-group.size = 4 (default)
2023-03-28 15:11:54,667 [s2-NettyServerStreamRpc-workerGroup--thread2] INFO  client.DataStreamClient (ConfUtils.java:logGet(46)) - raft.datastream.type = NETTY (custom)
2023-03-28 15:11:54,667 [s2-NettyServerStreamRpc-workerGroup--thread2] INFO  netty.NettyConfigKeys$DataStream (ConfUtils.java:logGet(46)) - raft.netty.dataStream.client.tls.conf = null (default)
2023-03-28 15:11:54,667 [s2-NettyServerStreamRpc-workerGroup--thread2] INFO  netty.NettyConfigKeys$DataStream (ConfUtils.java:logGet(46)) - raft.netty.dataStream.client.reply.queue.grace-period = 1s (default)
2023-03-28 15:11:54,668 [s2-NettyServerStreamRpc-workerGroup--thread2] INFO  netty.NettyConfigKeys$DataStream (ConfUtils.java:logGet(46)) - raft.netty.dataStream.client.worker-group.share = false (default)
2023-03-28 15:11:54,668 [s2-NettyServerStreamRpc-workerGroup--thread2] INFO  netty.NettyConfigKeys$DataStream (ConfUtils.java:logGet(46)) - raft.netty.dataStream.client.worker-group.size = 4 (default)
2023-03-28 15:11:54,670 [s0-NettyServerStreamRpc-bossGroup--thread1] INFO  logging.LoggingHandler (AbstractInternalLogger.java:log(148)) - [id: 0x37254b26, L:/0.0.0.0:41129] READ: [id: 0x4ac69fe8, L:/127.0.0.1:41129 - R:/127.0.0.1:54750]
2023-03-28 15:11:54,670 [s0-NettyServerStreamRpc-bossGroup--thread1] INFO  logging.LoggingHandler (AbstractInternalLogger.java:log(148)) - [id: 0x37254b26, L:/0.0.0.0:41129] READ COMPLETE
2023-03-28 15:11:54,688 [s0-NettyServerStreamRpc-bossGroup--thread1] INFO  logging.LoggingHandler (AbstractInternalLogger.java:log(148)) - [id: 0x37254b26, L:/0.0.0.0:41129] READ: [id: 0x341d3abd, L:/127.0.0.1:41129 - R:/127.0.0.1:54758]
2023-03-28 15:11:54,688 [s0-NettyServerStreamRpc-bossGroup--thread1] INFO  logging.LoggingHandler (AbstractInternalLogger.java:log(148)) - [id: 0x37254b26, L:/0.0.0.0:41129] READ COMPLETE
2023-03-28 15:11:54,689 [s1-NettyServerStreamRpc-workerGroup--thread2] INFO  client.DataStreamClient (ConfUtils.java:logGet(46)) - raft.datastream.type = NETTY (custom)
2023-03-28 15:11:54,689 [s1-NettyServerStreamRpc-workerGroup--thread2] INFO  netty.NettyConfigKeys$DataStream (ConfUtils.java:logGet(46)) - raft.netty.dataStream.client.tls.conf = null (default)
2023-03-28 15:11:54,689 [s1-NettyServerStreamRpc-workerGroup--thread2] INFO  netty.NettyConfigKeys$DataStream (ConfUtils.java:logGet(46)) - raft.netty.dataStream.client.reply.queue.grace-period = 1s (default)
2023-03-28 15:11:54,690 [s1-NettyServerStreamRpc-workerGroup--thread2] INFO  netty.NettyConfigKeys$DataStream (ConfUtils.java:logGet(46)) - raft.netty.dataStream.client.worker-group.share = false (default)
2023-03-28 15:11:54,690 [s1-NettyServerStreamRpc-workerGroup--thread2] INFO  netty.NettyConfigKeys$DataStream (ConfUtils.java:logGet(46)) - raft.netty.dataStream.client.worker-group.size = 4 (default)
2023-03-28 15:11:54,700 [s1-NettyServerStreamRpc-workerGroup--thread4] INFO  client.DataStreamClient (ConfUtils.java:logGet(46)) - raft.datastream.type = NETTY (custom)
2023-03-28 15:11:54,700 [s1-NettyServerStreamRpc-workerGroup--thread4] INFO  netty.NettyConfigKeys$DataStream (ConfUtils.java:logGet(46)) - raft.netty.dataStream.client.tls.conf = null (default)
2023-03-28 15:11:54,700 [s1-NettyServerStreamRpc-workerGroup--thread4] INFO  netty.NettyConfigKeys$DataStream (ConfUtils.java:logGet(46)) - raft.netty.dataStream.client.reply.queue.grace-period = 1s (default)
2023-03-28 15:11:54,700 [s1-NettyServerStreamRpc-workerGroup--thread4] INFO  netty.NettyConfigKeys$DataStream (ConfUtils.java:logGet(46)) - raft.netty.dataStream.client.worker-group.share = false (default)
2023-03-28 15:11:54,700 [s1-NettyServerStreamRpc-workerGroup--thread4] INFO  netty.NettyConfigKeys$DataStream (ConfUtils.java:logGet(46)) - raft.netty.dataStream.client.worker-group.size = 4 (default)
2023-03-28 15:11:54,712 [s1-NettyServerStreamRpc-bossGroup--thread1] INFO  logging.LoggingHandler (AbstractInternalLogger.java:log(148)) - [id: 0xbd3c3114, L:/0.0.0.0:44863] READ: [id: 0x4db3d729, L:/127.0.0.1:44863 - R:/127.0.0.1:58746]
2023-03-28 15:11:54,712 [s1-NettyServerStreamRpc-bossGroup--thread1] INFO  logging.LoggingHandler (AbstractInternalLogger.java:log(148)) - [id: 0xbd3c3114, L:/0.0.0.0:44863] READ COMPLETE
2023-03-28 15:11:54,715 [s2-NettyServerStreamRpc-bossGroup--thread1] INFO  logging.LoggingHandler (AbstractInternalLogger.java:log(148)) - [id: 0xe7b313f8, L:/0.0.0.0:43715] READ: [id: 0xa70fb5e8, L:/127.0.0.1:43715 - R:/127.0.0.1:51638]
2023-03-28 15:11:54,715 [s2-NettyServerStreamRpc-bossGroup--thread1] INFO  logging.LoggingHandler (AbstractInternalLogger.java:log(148)) - [id: 0xe7b313f8, L:/0.0.0.0:43715] READ COMPLETE
2023-03-28 15:11:54,716 [s2-NettyServerStreamRpc-workerGroup--thread1] INFO  client.DataStreamClient (ConfUtils.java:logGet(46)) - raft.datastream.type = NETTY (custom)
2023-03-28 15:11:54,717 [s2-NettyServerStreamRpc-workerGroup--thread1] INFO  netty.NettyConfigKeys$DataStream (ConfUtils.java:logGet(46)) - raft.netty.dataStream.client.tls.conf = null (default)
2023-03-28 15:11:54,717 [s2-NettyServerStreamRpc-workerGroup--thread1] INFO  netty.NettyConfigKeys$DataStream (ConfUtils.java:logGet(46)) - raft.netty.dataStream.client.reply.queue.grace-period = 1s (default)
2023-03-28 15:11:54,717 [s2-NettyServerStreamRpc-workerGroup--thread1] INFO  netty.NettyConfigKeys$DataStream (ConfUtils.java:logGet(46)) - raft.netty.dataStream.client.worker-group.share = false (default)
2023-03-28 15:11:54,717 [s2-NettyServerStreamRpc-workerGroup--thread1] INFO  netty.NettyConfigKeys$DataStream (ConfUtils.java:logGet(46)) - raft.netty.dataStream.client.worker-group.size = 4 (default)
2023-03-28 15:11:54,726 [s0-NettyServerStreamRpc-bossGroup--thread1] INFO  logging.LoggingHandler (AbstractInternalLogger.java:log(148)) - [id: 0x37254b26, L:/0.0.0.0:41129] READ: [id: 0x8d7815fd, L:/127.0.0.1:41129 - R:/127.0.0.1:54760]
2023-03-28 15:11:54,727 [s1-NettyServerStreamRpc-workerGroup--thread4] INFO  client.DataStreamClient (ConfUtils.java:logGet(46)) - raft.datastream.type = NETTY (custom)
2023-03-28 15:11:54,727 [s0-NettyServerStreamRpc-bossGroup--thread1] INFO  logging.LoggingHandler (AbstractInternalLogger.java:log(148)) - [id: 0x37254b26, L:/0.0.0.0:41129] READ COMPLETE
2023-03-28 15:11:54,727 [s1-NettyServerStreamRpc-workerGroup--thread4] INFO  netty.NettyConfigKeys$DataStream (ConfUtils.java:logGet(46)) - raft.netty.dataStream.client.tls.conf = null (default)
2023-03-28 15:11:54,727 [s1-NettyServerStreamRpc-workerGroup--thread4] INFO  netty.NettyConfigKeys$DataStream (ConfUtils.java:logGet(46)) - raft.netty.dataStream.client.reply.queue.grace-period = 1s (default)
2023-03-28 15:11:54,727 [s1-NettyServerStreamRpc-workerGroup--thread4] INFO  netty.NettyConfigKeys$DataStream (ConfUtils.java:logGet(46)) - raft.netty.dataStream.client.worker-group.share = false (default)
2023-03-28 15:11:54,727 [s1-NettyServerStreamRpc-workerGroup--thread4] INFO  netty.NettyConfigKeys$DataStream (ConfUtils.java:logGet(46)) - raft.netty.dataStream.client.worker-group.size = 4 (default)
2023-03-28 15:11:54,752 [s2-NettyServerStreamRpc-bossGroup--thread1] INFO  logging.LoggingHandler (AbstractInternalLogger.java:log(148)) - [id: 0xe7b313f8, L:/0.0.0.0:43715] READ: [id: 0x1b7a04c2, L:/127.0.0.1:43715 - R:/127.0.0.1:51654]
2023-03-28 15:11:54,753 [s2-NettyServerStreamRpc-bossGroup--thread1] INFO  logging.LoggingHandler (AbstractInternalLogger.java:log(148)) - [id: 0xe7b313f8, L:/0.0.0.0:43715] READ COMPLETE
2023-03-28 15:11:54,764 [s1-NettyServerStreamRpc-bossGroup--thread1] INFO  logging.LoggingHandler (AbstractInternalLogger.java:log(148)) - [id: 0xbd3c3114, L:/0.0.0.0:44863] READ: [id: 0x5e24f621, L:/127.0.0.1:44863 - R:/127.0.0.1:58762]
2023-03-28 15:11:54,764 [s1-NettyServerStreamRpc-bossGroup--thread1] INFO  logging.LoggingHandler (AbstractInternalLogger.java:log(148)) - [id: 0xbd3c3114, L:/0.0.0.0:44863] READ COMPLETE
2023-03-28 15:11:54,819 [s0-NettyServerStreamRpc-workerGroup--thread2] INFO  client.DataStreamClient (ConfUtils.java:logGet(46)) - raft.datastream.type = NETTY (custom)
2023-03-28 15:11:54,819 [s0-NettyServerStreamRpc-workerGroup--thread2] INFO  netty.NettyConfigKeys$DataStream (ConfUtils.java:logGet(46)) - raft.netty.dataStream.client.tls.conf = null (default)
2023-03-28 15:11:54,819 [s0-NettyServerStreamRpc-workerGroup--thread2] INFO  netty.NettyConfigKeys$DataStream (ConfUtils.java:logGet(46)) - raft.netty.dataStream.client.reply.queue.grace-period = 1s (default)
2023-03-28 15:11:54,819 [s0-NettyServerStreamRpc-workerGroup--thread2] INFO  netty.NettyConfigKeys$DataStream (ConfUtils.java:logGet(46)) - raft.netty.dataStream.client.worker-group.share = false (default)
2023-03-28 15:11:54,819 [s0-NettyServerStreamRpc-workerGroup--thread2] INFO  netty.NettyConfigKeys$DataStream (ConfUtils.java:logGet(46)) - raft.netty.dataStream.client.worker-group.size = 4 (default)
2023-03-28 15:11:54,827 [s1-NettyServerStreamRpc-workerGroup--thread2] INFO  client.DataStreamClient (ConfUtils.java:logGet(46)) - raft.datastream.type = NETTY (custom)
2023-03-28 15:11:54,827 [s1-NettyServerStreamRpc-workerGroup--thread2] INFO  netty.NettyConfigKeys$DataStream (ConfUtils.java:logGet(46)) - raft.netty.dataStream.client.tls.conf = null (default)
2023-03-28 15:11:54,827 [s1-NettyServerStreamRpc-workerGroup--thread2] INFO  netty.NettyConfigKeys$DataStream (ConfUtils.java:logGet(46)) - raft.netty.dataStream.client.reply.queue.grace-period = 1s (default)
2023-03-28 15:11:54,828 [s1-NettyServerStreamRpc-workerGroup--thread2] INFO  netty.NettyConfigKeys$DataStream (ConfUtils.java:logGet(46)) - raft.netty.dataStream.client.worker-group.share = false (default)
2023-03-28 15:11:54,828 [s1-NettyServerStreamRpc-workerGroup--thread2] INFO  netty.NettyConfigKeys$DataStream (ConfUtils.java:logGet(46)) - raft.netty.dataStream.client.worker-group.size = 4 (default)
2023-03-28 15:11:54,840 [s1-NettyServerStreamRpc-workerGroup--thread4] INFO  client.DataStreamClient (ConfUtils.java:logGet(46)) - raft.datastream.type = NETTY (custom)
2023-03-28 15:11:54,840 [s1-NettyServerStreamRpc-workerGroup--thread4] INFO  netty.NettyConfigKeys$DataStream (ConfUtils.java:logGet(46)) - raft.netty.dataStream.client.tls.conf = null (default)
2023-03-28 15:11:54,840 [s1-NettyServerStreamRpc-workerGroup--thread4] INFO  netty.NettyConfigKeys$DataStream (ConfUtils.java:logGet(46)) - raft.netty.dataStream.client.reply.queue.grace-period = 1s (default)
2023-03-28 15:11:54,840 [s1-NettyServerStreamRpc-workerGroup--thread4] INFO  netty.NettyConfigKeys$DataStream (ConfUtils.java:logGet(46)) - raft.netty.dataStream.client.worker-group.share = false (default)
2023-03-28 15:11:54,840 [s1-NettyServerStreamRpc-workerGroup--thread4] INFO  netty.NettyConfigKeys$DataStream (ConfUtils.java:logGet(46)) - raft.netty.dataStream.client.worker-group.size = 4 (default)
2023-03-28 15:11:54,856 [s0-NettyServerStreamRpc-bossGroup--thread1] INFO  logging.LoggingHandler (AbstractInternalLogger.java:log(148)) - [id: 0x37254b26, L:/0.0.0.0:41129] READ: [id: 0x8b46d46e, L:/127.0.0.1:41129 - R:/127.0.0.1:54766]
2023-03-28 15:11:54,856 [s0-NettyServerStreamRpc-bossGroup--thread1] INFO  logging.LoggingHandler (AbstractInternalLogger.java:log(148)) - [id: 0x37254b26, L:/0.0.0.0:41129] READ COMPLETE
2023-03-28 15:11:54,857 [s1-NettyServerStreamRpc-workerGroup--thread4] INFO  client.DataStreamClient (ConfUtils.java:logGet(46)) - raft.datastream.type = NETTY (custom)
2023-03-28 15:11:54,857 [s1-NettyServerStreamRpc-workerGroup--thread4] INFO  netty.NettyConfigKeys$DataStream (ConfUtils.java:logGet(46)) - raft.netty.dataStream.client.tls.conf = null (default)
2023-03-28 15:11:54,857 [s1-NettyServerStreamRpc-workerGroup--thread4] INFO  netty.NettyConfigKeys$DataStream (ConfUtils.java:logGet(46)) - raft.netty.dataStream.client.reply.queue.grace-period = 1s (default)
2023-03-28 15:11:54,857 [s1-NettyServerStreamRpc-workerGroup--thread4] INFO  netty.NettyConfigKeys$DataStream (ConfUtils.java:logGet(46)) - raft.netty.dataStream.client.worker-group.share = false (default)
2023-03-28 15:11:54,857 [s1-NettyServerStreamRpc-workerGroup--thread4] INFO  netty.NettyConfigKeys$DataStream (ConfUtils.java:logGet(46)) - raft.netty.dataStream.client.worker-group.size = 4 (default)
2023-03-28 15:11:54,864 [s2-NettyServerStreamRpc-bossGroup--thread1] INFO  logging.LoggingHandler (AbstractInternalLogger.java:log(148)) - [id: 0xe7b313f8, L:/0.0.0.0:43715] READ: [id: 0x89500cf7, L:/127.0.0.1:43715 - R:/127.0.0.1:51664]
2023-03-28 15:11:54,864 [s2-NettyServerStreamRpc-bossGroup--thread1] INFO  logging.LoggingHandler (AbstractInternalLogger.java:log(148)) - [id: 0xe7b313f8, L:/0.0.0.0:43715] READ COMPLETE
2023-03-28 15:11:54,864 [s1-NettyServerStreamRpc-bossGroup--thread1] INFO  logging.LoggingHandler (AbstractInternalLogger.java:log(148)) - [id: 0xbd3c3114, L:/0.0.0.0:44863] READ: [id: 0x3577e450, L:/127.0.0.1:44863 - R:/127.0.0.1:58766]
2023-03-28 15:11:54,864 [s1-NettyServerStreamRpc-bossGroup--thread1] INFO  logging.LoggingHandler (AbstractInternalLogger.java:log(148)) - [id: 0xbd3c3114, L:/0.0.0.0:44863] READ COMPLETE
2023-03-28 15:11:54,865 [s0-NettyServerStreamRpc-workerGroup--thread2] INFO  client.DataStreamClient (ConfUtils.java:logGet(46)) - raft.datastream.type = NETTY (custom)
2023-03-28 15:11:54,865 [s0-NettyServerStreamRpc-workerGroup--thread2] INFO  netty.NettyConfigKeys$DataStream (ConfUtils.java:logGet(46)) - raft.netty.dataStream.client.tls.conf = null (default)
2023-03-28 15:11:54,865 [s0-NettyServerStreamRpc-workerGroup--thread2] INFO  netty.NettyConfigKeys$DataStream (ConfUtils.java:logGet(46)) - raft.netty.dataStream.client.reply.queue.grace-period = 1s (default)
2023-03-28 15:11:54,865 [s0-NettyServerStreamRpc-workerGroup--thread2] INFO  netty.NettyConfigKeys$DataStream (ConfUtils.java:logGet(46)) - raft.netty.dataStream.client.worker-group.share = false (default)
2023-03-28 15:11:54,865 [s0-NettyServerStreamRpc-workerGroup--thread2] INFO  netty.NettyConfigKeys$DataStream (ConfUtils.java:logGet(46)) - raft.netty.dataStream.client.worker-group.size = 4 (default)
2023-03-28 15:11:54,866 [s2-NettyServerStreamRpc-workerGroup--thread1] INFO  client.DataStreamClient (ConfUtils.java:logGet(46)) - raft.datastream.type = NETTY (custom)
2023-03-28 15:11:54,866 [s2-NettyServerStreamRpc-workerGroup--thread1] INFO  netty.NettyConfigKeys$DataStream (ConfUtils.java:logGet(46)) - raft.netty.dataStream.client.tls.conf = null (default)
2023-03-28 15:11:54,866 [s2-NettyServerStreamRpc-workerGroup--thread1] INFO  netty.NettyConfigKeys$DataStream (ConfUtils.java:logGet(46)) - raft.netty.dataStream.client.reply.queue.grace-period = 1s (default)
2023-03-28 15:11:54,866 [s2-NettyServerStreamRpc-workerGroup--thread1] INFO  netty.NettyConfigKeys$DataStream (ConfUtils.java:logGet(46)) - raft.netty.dataStream.client.worker-group.share = false (default)
2023-03-28 15:11:54,866 [s2-NettyServerStreamRpc-workerGroup--thread1] INFO  netty.NettyConfigKeys$DataStream (ConfUtils.java:logGet(46)) - raft.netty.dataStream.client.worker-group.size = 4 (default)
2023-03-28 15:11:54,867 [s0-NettyServerStreamRpc-bossGroup--thread1] INFO  logging.LoggingHandler (AbstractInternalLogger.java:log(148)) - [id: 0x37254b26, L:/0.0.0.0:41129] READ: [id: 0xbb0a8b74, L:/127.0.0.1:41129 - R:/127.0.0.1:54770]
2023-03-28 15:11:54,867 [s0-NettyServerStreamRpc-bossGroup--thread1] INFO  logging.LoggingHandler (AbstractInternalLogger.java:log(148)) - [id: 0x37254b26, L:/0.0.0.0:41129] READ COMPLETE
2023-03-28 15:11:54,885 [s1-NettyServerStreamRpc-bossGroup--thread1] INFO  logging.LoggingHandler (AbstractInternalLogger.java:log(148)) - [id: 0xbd3c3114, L:/0.0.0.0:44863] READ: [id: 0xad40e5aa, L:/127.0.0.1:44863 - R:/127.0.0.1:58778]
2023-03-28 15:11:54,885 [s1-NettyServerStreamRpc-bossGroup--thread1] INFO  logging.LoggingHandler (AbstractInternalLogger.java:log(148)) - [id: 0xbd3c3114, L:/0.0.0.0:44863] READ COMPLETE
2023-03-28 15:11:54,908 [s0-NettyServerStreamRpc-bossGroup--thread1] INFO  logging.LoggingHandler (AbstractInternalLogger.java:log(148)) - [id: 0x37254b26, L:/0.0.0.0:41129] READ: [id: 0x0164f057, L:/127.0.0.1:41129 - R:/127.0.0.1:54778]
2023-03-28 15:11:54,908 [s0-NettyServerStreamRpc-bossGroup--thread1] INFO  logging.LoggingHandler (AbstractInternalLogger.java:log(148)) - [id: 0x37254b26, L:/0.0.0.0:41129] READ COMPLETE
2023-03-28 15:11:54,909 [s1-NettyServerStreamRpc-workerGroup--thread2] INFO  client.DataStreamClient (ConfUtils.java:logGet(46)) - raft.datastream.type = NETTY (custom)
2023-03-28 15:11:54,909 [s1-NettyServerStreamRpc-workerGroup--thread2] INFO  netty.NettyConfigKeys$DataStream (ConfUtils.java:logGet(46)) - raft.netty.dataStream.client.tls.conf = null (default)
2023-03-28 15:11:54,909 [s1-NettyServerStreamRpc-workerGroup--thread2] INFO  netty.NettyConfigKeys$DataStream (ConfUtils.java:logGet(46)) - raft.netty.dataStream.client.reply.queue.grace-period = 1s (default)
2023-03-28 15:11:54,909 [s1-NettyServerStreamRpc-workerGroup--thread2] INFO  netty.NettyConfigKeys$DataStream (ConfUtils.java:logGet(46)) - raft.netty.dataStream.client.worker-group.share = false (default)
2023-03-28 15:11:54,909 [s1-NettyServerStreamRpc-workerGroup--thread2] INFO  netty.NettyConfigKeys$DataStream (ConfUtils.java:logGet(46)) - raft.netty.dataStream.client.worker-group.size = 4 (default)
2023-03-28 15:11:54,930 [s2-NettyServerStreamRpc-workerGroup--thread2] INFO  client.DataStreamClient (ConfUtils.java:logGet(46)) - raft.datastream.type = NETTY (custom)
2023-03-28 15:11:54,930 [s2-NettyServerStreamRpc-workerGroup--thread2] INFO  netty.NettyConfigKeys$DataStream (ConfUtils.java:logGet(46)) - raft.netty.dataStream.client.tls.conf = null (default)
2023-03-28 15:11:54,930 [s2-NettyServerStreamRpc-workerGroup--thread2] INFO  netty.NettyConfigKeys$DataStream (ConfUtils.java:logGet(46)) - raft.netty.dataStream.client.reply.queue.grace-period = 1s (default)
2023-03-28 15:11:54,931 [s2-NettyServerStreamRpc-workerGroup--thread2] INFO  netty.NettyConfigKeys$DataStream (ConfUtils.java:logGet(46)) - raft.netty.dataStream.client.worker-group.share = false (default)
2023-03-28 15:11:54,939 [s1-NettyServerStreamRpc-workerGroup--thread4] INFO  client.DataStreamClient (ConfUtils.java:logGet(46)) - raft.datastream.type = NETTY (custom)
2023-03-28 15:11:54,940 [s1-NettyServerStreamRpc-workerGroup--thread4] INFO  netty.NettyConfigKeys$DataStream (ConfUtils.java:logGet(46)) - raft.netty.dataStream.client.tls.conf = null (default)
2023-03-28 15:11:54,940 [s1-NettyServerStreamRpc-workerGroup--thread4] INFO  netty.NettyConfigKeys$DataStream (ConfUtils.java:logGet(46)) - raft.netty.dataStream.client.reply.queue.grace-period = 1s (default)
2023-03-28 15:11:54,941 [s1-NettyServerStreamRpc-workerGroup--thread4] INFO  netty.NettyConfigKeys$DataStream (ConfUtils.java:logGet(46)) - raft.netty.dataStream.client.worker-group.share = false (default)
2023-03-28 15:11:54,941 [s1-NettyServerStreamRpc-workerGroup--thread4] INFO  netty.NettyConfigKeys$DataStream (ConfUtils.java:logGet(46)) - raft.netty.dataStream.client.worker-group.size = 4 (default)
2023-03-28 15:11:54,940 [s2-NettyServerStreamRpc-bossGroup--thread1] INFO  logging.LoggingHandler (AbstractInternalLogger.java:log(148)) - [id: 0xe7b313f8, L:/0.0.0.0:43715] READ: [id: 0xebba0f14, L:/127.0.0.1:43715 - R:/127.0.0.1:51678]
2023-03-28 15:11:54,941 [s2-NettyServerStreamRpc-bossGroup--thread1] INFO  logging.LoggingHandler (AbstractInternalLogger.java:log(148)) - [id: 0xe7b313f8, L:/0.0.0.0:43715] READ: [id: 0x9bde4a04, L:/127.0.0.1:43715 - R:/127.0.0.1:51680]
2023-03-28 15:11:54,941 [s2-NettyServerStreamRpc-bossGroup--thread1] INFO  logging.LoggingHandler (AbstractInternalLogger.java:log(148)) - [id: 0xe7b313f8, L:/0.0.0.0:43715] READ COMPLETE
2023-03-28 15:11:54,942 [s2-NettyServerStreamRpc-workerGroup--thread2] INFO  netty.NettyConfigKeys$DataStream (ConfUtils.java:logGet(46)) - raft.netty.dataStream.client.worker-group.size = 4 (default)
2023-03-28 15:11:54,946 [s2-NettyServerStreamRpc-bossGroup--thread1] INFO  logging.LoggingHandler (AbstractInternalLogger.java:log(148)) - [id: 0xe7b313f8, L:/0.0.0.0:43715] READ: [id: 0x2369d014, L:/127.0.0.1:43715 - R:/127.0.0.1:51688]
2023-03-28 15:11:54,946 [s2-NettyServerStreamRpc-bossGroup--thread1] INFO  logging.LoggingHandler (AbstractInternalLogger.java:log(148)) - [id: 0xe7b313f8, L:/0.0.0.0:43715] READ COMPLETE
2023-03-28 15:11:54,976 [s0-NettyServerStreamRpc-workerGroup--thread1] INFO  client.DataStreamClient (ConfUtils.java:logGet(46)) - raft.datastream.type = NETTY (custom)
2023-03-28 15:11:54,977 [s0-NettyServerStreamRpc-workerGroup--thread1] INFO  netty.NettyConfigKeys$DataStream (ConfUtils.java:logGet(46)) - raft.netty.dataStream.client.tls.conf = null (default)
2023-03-28 15:11:54,977 [s0-NettyServerStreamRpc-workerGroup--thread1] INFO  netty.NettyConfigKeys$DataStream (ConfUtils.java:logGet(46)) - raft.netty.dataStream.client.reply.queue.grace-period = 1s (default)
2023-03-28 15:11:54,977 [s0-NettyServerStreamRpc-workerGroup--thread1] INFO  netty.NettyConfigKeys$DataStream (ConfUtils.java:logGet(46)) - raft.netty.dataStream.client.worker-group.share = false (default)
2023-03-28 15:11:54,977 [s0-NettyServerStreamRpc-workerGroup--thread1] INFO  netty.NettyConfigKeys$DataStream (ConfUtils.java:logGet(46)) - raft.netty.dataStream.client.worker-group.size = 4 (default)
2023-03-28 15:11:54,979 [s0-NettyServerStreamRpc-bossGroup--thread1] INFO  logging.LoggingHandler (AbstractInternalLogger.java:log(148)) - [id: 0x37254b26, L:/0.0.0.0:41129] READ: [id: 0x7ee2b458, L:/127.0.0.1:41129 - R:/127.0.0.1:54784]
2023-03-28 15:11:54,979 [s0-NettyServerStreamRpc-bossGroup--thread1] INFO  logging.LoggingHandler (AbstractInternalLogger.java:log(148)) - [id: 0x37254b26, L:/0.0.0.0:41129] READ COMPLETE
2023-03-28 15:11:54,979 [s2-NettyServerStreamRpc-workerGroup--thread2] INFO  client.DataStreamClient (ConfUtils.java:logGet(46)) - raft.datastream.type = NETTY (custom)
2023-03-28 15:11:54,979 [s2-NettyServerStreamRpc-workerGroup--thread2] INFO  netty.NettyConfigKeys$DataStream (ConfUtils.java:logGet(46)) - raft.netty.dataStream.client.tls.conf = null (default)
2023-03-28 15:11:54,979 [s2-NettyServerStreamRpc-workerGroup--thread2] INFO  netty.NettyConfigKeys$DataStream (ConfUtils.java:logGet(46)) - raft.netty.dataStream.client.reply.queue.grace-period = 1s (default)
2023-03-28 15:11:54,979 [s2-NettyServerStreamRpc-workerGroup--thread2] INFO  netty.NettyConfigKeys$DataStream (ConfUtils.java:logGet(46)) - raft.netty.dataStream.client.worker-group.share = false (default)
2023-03-28 15:11:54,980 [s2-NettyServerStreamRpc-workerGroup--thread2] INFO  netty.NettyConfigKeys$DataStream (ConfUtils.java:logGet(46)) - raft.netty.dataStream.client.worker-group.size = 4 (default)
2023-03-28 15:11:54,981 [s0-NettyServerStreamRpc-bossGroup--thread1] INFO  logging.LoggingHandler (AbstractInternalLogger.java:log(148)) - [id: 0x37254b26, L:/0.0.0.0:41129] READ: [id: 0x5e7147de, L:/127.0.0.1:41129 - R:/127.0.0.1:54786]
2023-03-28 15:11:54,981 [s0-NettyServerStreamRpc-bossGroup--thread1] INFO  logging.LoggingHandler (AbstractInternalLogger.java:log(148)) - [id: 0x37254b26, L:/0.0.0.0:41129] READ COMPLETE
2023-03-28 15:11:54,981 [s1-NettyServerStreamRpc-workerGroup--thread4] INFO  client.DataStreamClient (ConfUtils.java:logGet(46)) - raft.datastream.type = NETTY (custom)
2023-03-28 15:11:54,981 [s1-NettyServerStreamRpc-workerGroup--thread4] INFO  netty.NettyConfigKeys$DataStream (ConfUtils.java:logGet(46)) - raft.netty.dataStream.client.tls.conf = null (default)
2023-03-28 15:11:54,982 [s1-NettyServerStreamRpc-workerGroup--thread4] INFO  netty.NettyConfigKeys$DataStream (ConfUtils.java:logGet(46)) - raft.netty.dataStream.client.reply.queue.grace-period = 1s (default)
2023-03-28 15:11:54,982 [s1-NettyServerStreamRpc-workerGroup--thread4] INFO  netty.NettyConfigKeys$DataStream (ConfUtils.java:logGet(46)) - raft.netty.dataStream.client.worker-group.share = false (default)
2023-03-28 15:11:54,982 [s1-NettyServerStreamRpc-workerGroup--thread4] INFO  netty.NettyConfigKeys$DataStream (ConfUtils.java:logGet(46)) - raft.netty.dataStream.client.worker-group.size = 4 (default)
2023-03-28 15:11:54,993 [s1-NettyServerStreamRpc-bossGroup--thread1] INFO  logging.LoggingHandler (AbstractInternalLogger.java:log(148)) - [id: 0xbd3c3114, L:/0.0.0.0:44863] READ: [id: 0xfe4fd8db, L:/127.0.0.1:44863 - R:/127.0.0.1:58784]
2023-03-28 15:11:54,993 [s1-NettyServerStreamRpc-bossGroup--thread1] INFO  logging.LoggingHandler (AbstractInternalLogger.java:log(148)) - [id: 0xbd3c3114, L:/0.0.0.0:44863] READ COMPLETE
2023-03-28 15:11:55,000 [s1-NettyServerStreamRpc-bossGroup--thread1] INFO  logging.LoggingHandler (AbstractInternalLogger.java:log(148)) - [id: 0xbd3c3114, L:/0.0.0.0:44863] READ: [id: 0x996156cc, L:/127.0.0.1:44863 - R:/127.0.0.1:58794]
2023-03-28 15:11:55,000 [s1-NettyServerStreamRpc-bossGroup--thread1] INFO  logging.LoggingHandler (AbstractInternalLogger.java:log(148)) - [id: 0xbd3c3114, L:/0.0.0.0:44863] READ COMPLETE
2023-03-28 15:11:55,000 [s0-NettyServerStreamRpc-workerGroup--thread1] INFO  client.DataStreamClient (ConfUtils.java:logGet(46)) - raft.datastream.type = NETTY (custom)
2023-03-28 15:11:55,001 [s0-NettyServerStreamRpc-workerGroup--thread1] INFO  netty.NettyConfigKeys$DataStream (ConfUtils.java:logGet(46)) - raft.netty.dataStream.client.tls.conf = null (default)
2023-03-28 15:11:55,001 [s0-NettyServerStreamRpc-workerGroup--thread1] INFO  netty.NettyConfigKeys$DataStream (ConfUtils.java:logGet(46)) - raft.netty.dataStream.client.reply.queue.grace-period = 1s (default)
2023-03-28 15:11:55,001 [s0-NettyServerStreamRpc-workerGroup--thread1] INFO  netty.NettyConfigKeys$DataStream (ConfUtils.java:logGet(46)) - raft.netty.dataStream.client.worker-group.share = false (default)
2023-03-28 15:11:55,001 [s0-NettyServerStreamRpc-workerGroup--thread1] INFO  netty.NettyConfigKeys$DataStream (ConfUtils.java:logGet(46)) - raft.netty.dataStream.client.worker-group.size = 4 (default)
2023-03-28 15:11:55,006 [s2-NettyServerStreamRpc-bossGroup--thread1] INFO  logging.LoggingHandler (AbstractInternalLogger.java:log(148)) - [id: 0xe7b313f8, L:/0.0.0.0:43715] READ: [id: 0x3bc2b9ee, L:/127.0.0.1:43715 - R:/127.0.0.1:51694]
2023-03-28 15:11:55,006 [s2-NettyServerStreamRpc-bossGroup--thread1] INFO  logging.LoggingHandler (AbstractInternalLogger.java:log(148)) - [id: 0xe7b313f8, L:/0.0.0.0:43715] READ COMPLETE
2023-03-28 15:11:55,006 [s0-NettyServerStreamRpc-workerGroup--thread1] INFO  client.DataStreamClient (ConfUtils.java:logGet(46)) - raft.datastream.type = NETTY (custom)
2023-03-28 15:11:55,006 [s0-NettyServerStreamRpc-workerGroup--thread1] INFO  netty.NettyConfigKeys$DataStream (ConfUtils.java:logGet(46)) - raft.netty.dataStream.client.tls.conf = null (default)
2023-03-28 15:11:55,006 [s0-NettyServerStreamRpc-workerGroup--thread1] INFO  netty.NettyConfigKeys$DataStream (ConfUtils.java:logGet(46)) - raft.netty.dataStream.client.reply.queue.grace-period = 1s (default)
2023-03-28 15:11:55,006 [s0-NettyServerStreamRpc-workerGroup--thread1] INFO  netty.NettyConfigKeys$DataStream (ConfUtils.java:logGet(46)) - raft.netty.dataStream.client.worker-group.share = false (default)
2023-03-28 15:11:55,006 [s0-NettyServerStreamRpc-workerGroup--thread1] INFO  netty.NettyConfigKeys$DataStream (ConfUtils.java:logGet(46)) - raft.netty.dataStream.client.worker-group.size = 4 (default)
2023-03-28 15:11:55,012 [s2-NettyServerStreamRpc-workerGroup--thread2] INFO  client.DataStreamClient (ConfUtils.java:logGet(46)) - raft.datastream.type = NETTY (custom)
2023-03-28 15:11:55,012 [s2-NettyServerStreamRpc-workerGroup--thread2] INFO  netty.NettyConfigKeys$DataStream (ConfUtils.java:logGet(46)) - raft.netty.dataStream.client.tls.conf = null (default)
2023-03-28 15:11:55,012 [s2-NettyServerStreamRpc-workerGroup--thread2] INFO  netty.NettyConfigKeys$DataStream (ConfUtils.java:logGet(46)) - raft.netty.dataStream.client.reply.queue.grace-period = 1s (default)
2023-03-28 15:11:55,013 [s2-NettyServerStreamRpc-workerGroup--thread2] INFO  netty.NettyConfigKeys$DataStream (ConfUtils.java:logGet(46)) - raft.netty.dataStream.client.worker-group.share = false (default)
2023-03-28 15:11:55,013 [s2-NettyServerStreamRpc-workerGroup--thread2] INFO  netty.NettyConfigKeys$DataStream (ConfUtils.java:logGet(46)) - raft.netty.dataStream.client.worker-group.size = 4 (default)
2023-03-28 15:11:55,053 [s2-NettyServerStreamRpc-workerGroup--thread2] INFO  client.DataStreamClient (ConfUtils.java:logGet(46)) - raft.datastream.type = NETTY (custom)
2023-03-28 15:11:55,053 [s0-NettyServerStreamRpc-bossGroup--thread1] INFO  logging.LoggingHandler (AbstractInternalLogger.java:log(148)) - [id: 0x37254b26, L:/0.0.0.0:41129] READ: [id: 0x2f679712, L:/127.0.0.1:41129 - R:/127.0.0.1:54798]
2023-03-28 15:11:55,053 [s2-NettyServerStreamRpc-workerGroup--thread2] INFO  netty.NettyConfigKeys$DataStream (ConfUtils.java:logGet(46)) - raft.netty.dataStream.client.tls.conf = null (default)
2023-03-28 15:11:55,053 [s0-NettyServerStreamRpc-bossGroup--thread1] INFO  logging.LoggingHandler (AbstractInternalLogger.java:log(148)) - [id: 0x37254b26, L:/0.0.0.0:41129] READ COMPLETE
2023-03-28 15:11:55,053 [s2-NettyServerStreamRpc-workerGroup--thread2] INFO  netty.NettyConfigKeys$DataStream (ConfUtils.java:logGet(46)) - raft.netty.dataStream.client.reply.queue.grace-period = 1s (default)
2023-03-28 15:11:55,053 [s2-NettyServerStreamRpc-workerGroup--thread2] INFO  netty.NettyConfigKeys$DataStream (ConfUtils.java:logGet(46)) - raft.netty.dataStream.client.worker-group.share = false (default)
2023-03-28 15:11:55,054 [s2-NettyServerStreamRpc-workerGroup--thread2] INFO  netty.NettyConfigKeys$DataStream (ConfUtils.java:logGet(46)) - raft.netty.dataStream.client.worker-group.size = 4 (default)
2023-03-28 15:11:55,064 [s1-NettyServerStreamRpc-bossGroup--thread1] INFO  logging.LoggingHandler (AbstractInternalLogger.java:log(148)) - [id: 0xbd3c3114, L:/0.0.0.0:44863] READ: [id: 0x6808f550, L:/127.0.0.1:44863 - R:/127.0.0.1:58800]
2023-03-28 15:11:55,065 [s1-NettyServerStreamRpc-bossGroup--thread1] INFO  logging.LoggingHandler (AbstractInternalLogger.java:log(148)) - [id: 0xbd3c3114, L:/0.0.0.0:44863] READ COMPLETE
2023-03-28 15:11:55,065 [s0-NettyServerStreamRpc-workerGroup--thread1] INFO  client.DataStreamClient (ConfUtils.java:logGet(46)) - raft.datastream.type = NETTY (custom)
2023-03-28 15:11:55,065 [s0-NettyServerStreamRpc-workerGroup--thread1] INFO  netty.NettyConfigKeys$DataStream (ConfUtils.java:logGet(46)) - raft.netty.dataStream.client.tls.conf = null (default)
2023-03-28 15:11:55,065 [s0-NettyServerStreamRpc-workerGroup--thread1] INFO  netty.NettyConfigKeys$DataStream (ConfUtils.java:logGet(46)) - raft.netty.dataStream.client.reply.queue.grace-period = 1s (default)
2023-03-28 15:11:55,065 [s0-NettyServerStreamRpc-workerGroup--thread1] INFO  netty.NettyConfigKeys$DataStream (ConfUtils.java:logGet(46)) - raft.netty.dataStream.client.worker-group.share = false (default)
2023-03-28 15:11:55,065 [s0-NettyServerStreamRpc-workerGroup--thread1] INFO  netty.NettyConfigKeys$DataStream (ConfUtils.java:logGet(46)) - raft.netty.dataStream.client.worker-group.size = 4 (default)
2023-03-28 15:11:55,073 [s2-NettyServerStreamRpc-bossGroup--thread1] INFO  logging.LoggingHandler (AbstractInternalLogger.java:log(148)) - [id: 0xe7b313f8, L:/0.0.0.0:43715] READ: [id: 0x19820417, L:/127.0.0.1:43715 - R:/127.0.0.1:51702]
2023-03-28 15:11:55,073 [s2-NettyServerStreamRpc-bossGroup--thread1] INFO  logging.LoggingHandler (AbstractInternalLogger.java:log(148)) - [id: 0xe7b313f8, L:/0.0.0.0:43715] READ COMPLETE
2023-03-28 15:11:55,073 [s1-NettyServerStreamRpc-workerGroup--thread4] INFO  client.DataStreamClient (ConfUtils.java:logGet(46)) - raft.datastream.type = NETTY (custom)
2023-03-28 15:11:55,073 [s1-NettyServerStreamRpc-workerGroup--thread4] INFO  netty.NettyConfigKeys$DataStream (ConfUtils.java:logGet(46)) - raft.netty.dataStream.client.tls.conf = null (default)
2023-03-28 15:11:55,073 [s1-NettyServerStreamRpc-workerGroup--thread4] INFO  netty.NettyConfigKeys$DataStream (ConfUtils.java:logGet(46)) - raft.netty.dataStream.client.reply.queue.grace-period = 1s (default)
2023-03-28 15:11:55,073 [s1-NettyServerStreamRpc-workerGroup--thread4] INFO  netty.NettyConfigKeys$DataStream (ConfUtils.java:logGet(46)) - raft.netty.dataStream.client.worker-group.share = false (default)
2023-03-28 15:11:55,073 [s1-NettyServerStreamRpc-workerGroup--thread4] INFO  netty.NettyConfigKeys$DataStream (ConfUtils.java:logGet(46)) - raft.netty.dataStream.client.worker-group.size = 4 (default)
2023-03-28 15:11:55,093 [s2-NettyServerStreamRpc-bossGroup--thread1] INFO  logging.LoggingHandler (AbstractInternalLogger.java:log(148)) - [id: 0xe7b313f8, L:/0.0.0.0:43715] READ: [id: 0x6289d244, L:/127.0.0.1:43715 - R:/127.0.0.1:51718]
2023-03-28 15:11:55,093 [s2-NettyServerStreamRpc-bossGroup--thread1] INFO  logging.LoggingHandler (AbstractInternalLogger.java:log(148)) - [id: 0xe7b313f8, L:/0.0.0.0:43715] READ COMPLETE
2023-03-28 15:11:55,105 [s0-NettyServerStreamRpc-bossGroup--thread1] INFO  logging.LoggingHandler (AbstractInternalLogger.java:log(148)) - [id: 0x37254b26, L:/0.0.0.0:41129] READ: [id: 0xe26c982b, L:/127.0.0.1:41129 - R:/127.0.0.1:54812]
2023-03-28 15:11:55,105 [s0-NettyServerStreamRpc-bossGroup--thread1] INFO  logging.LoggingHandler (AbstractInternalLogger.java:log(148)) - [id: 0x37254b26, L:/0.0.0.0:41129] READ COMPLETE
2023-03-28 15:11:55,105 [s1-NettyServerStreamRpc-workerGroup--thread4] INFO  client.DataStreamClient (ConfUtils.java:logGet(46)) - raft.datastream.type = NETTY (custom)
2023-03-28 15:11:55,105 [s1-NettyServerStreamRpc-workerGroup--thread4] INFO  netty.NettyConfigKeys$DataStream (ConfUtils.java:logGet(46)) - raft.netty.dataStream.client.tls.conf = null (default)
2023-03-28 15:11:55,105 [s1-NettyServerStreamRpc-workerGroup--thread4] INFO  netty.NettyConfigKeys$DataStream (ConfUtils.java:logGet(46)) - raft.netty.dataStream.client.reply.queue.grace-period = 1s (default)
2023-03-28 15:11:55,105 [s1-NettyServerStreamRpc-workerGroup--thread4] INFO  netty.NettyConfigKeys$DataStream (ConfUtils.java:logGet(46)) - raft.netty.dataStream.client.worker-group.share = false (default)
2023-03-28 15:11:55,105 [s1-NettyServerStreamRpc-workerGroup--thread4] INFO  netty.NettyConfigKeys$DataStream (ConfUtils.java:logGet(46)) - raft.netty.dataStream.client.worker-group.size = 4 (default)
2023-03-28 15:11:55,114 [s1-NettyServerStreamRpc-bossGroup--thread1] INFO  logging.LoggingHandler (AbstractInternalLogger.java:log(148)) - [id: 0xbd3c3114, L:/0.0.0.0:44863] READ: [id: 0xc226119f, L:/127.0.0.1:44863 - R:/127.0.0.1:58808]
2023-03-28 15:11:55,115 [s1-NettyServerStreamRpc-bossGroup--thread1] INFO  logging.LoggingHandler (AbstractInternalLogger.java:log(148)) - [id: 0xbd3c3114, L:/0.0.0.0:44863] READ COMPLETE
2023-03-28 15:11:55,115 [s2-NettyServerStreamRpc-workerGroup--thread2] INFO  client.DataStreamClient (ConfUtils.java:logGet(46)) - raft.datastream.type = NETTY (custom)
2023-03-28 15:11:55,115 [s2-NettyServerStreamRpc-workerGroup--thread2] INFO  netty.NettyConfigKeys$DataStream (ConfUtils.java:logGet(46)) - raft.netty.dataStream.client.tls.conf = null (default)
2023-03-28 15:11:55,115 [s2-NettyServerStreamRpc-workerGroup--thread2] INFO  netty.NettyConfigKeys$DataStream (ConfUtils.java:logGet(46)) - raft.netty.dataStream.client.reply.queue.grace-period = 1s (default)
2023-03-28 15:11:55,115 [s2-NettyServerStreamRpc-workerGroup--thread2] INFO  netty.NettyConfigKeys$DataStream (ConfUtils.java:logGet(46)) - raft.netty.dataStream.client.worker-group.share = false (default)
2023-03-28 15:11:55,116 [s2-NettyServerStreamRpc-workerGroup--thread2] INFO  netty.NettyConfigKeys$DataStream (ConfUtils.java:logGet(46)) - raft.netty.dataStream.client.worker-group.size = 4 (default)
2023-03-28 15:11:55,127 [s0-NettyServerStreamRpc-workerGroup--thread2] INFO  client.DataStreamClient (ConfUtils.java:logGet(46)) - raft.datastream.type = NETTY (custom)
2023-03-28 15:11:55,127 [s0-NettyServerStreamRpc-workerGroup--thread2] INFO  netty.NettyConfigKeys$DataStream (ConfUtils.java:logGet(46)) - raft.netty.dataStream.client.tls.conf = null (default)
2023-03-28 15:11:55,127 [s0-NettyServerStreamRpc-workerGroup--thread2] INFO  netty.NettyConfigKeys$DataStream (ConfUtils.java:logGet(46)) - raft.netty.dataStream.client.reply.queue.grace-period = 1s (default)
2023-03-28 15:11:55,127 [s0-NettyServerStreamRpc-workerGroup--thread2] INFO  netty.NettyConfigKeys$DataStream (ConfUtils.java:logGet(46)) - raft.netty.dataStream.client.worker-group.share = false (default)
2023-03-28 15:11:55,127 [s0-NettyServerStreamRpc-workerGroup--thread2] INFO  netty.NettyConfigKeys$DataStream (ConfUtils.java:logGet(46)) - raft.netty.dataStream.client.worker-group.size = 4 (default)
2023-03-28 15:11:55,133 [s0-NettyServerStreamRpc-bossGroup--thread1] INFO  logging.LoggingHandler (AbstractInternalLogger.java:log(148)) - [id: 0x37254b26, L:/0.0.0.0:41129] READ: [id: 0xbf70883d, L:/127.0.0.1:41129 - R:/127.0.0.1:54824]
2023-03-28 15:11:55,133 [s0-NettyServerStreamRpc-bossGroup--thread1] INFO  logging.LoggingHandler (AbstractInternalLogger.java:log(148)) - [id: 0x37254b26, L:/0.0.0.0:41129] READ COMPLETE
2023-03-28 15:11:55,136 [s2-NettyServerStreamRpc-bossGroup--thread1] INFO  logging.LoggingHandler (AbstractInternalLogger.java:log(148)) - [id: 0xe7b313f8, L:/0.0.0.0:43715] READ: [id: 0x841617f4, L:/127.0.0.1:43715 - R:/127.0.0.1:51726]
2023-03-28 15:11:55,136 [s2-NettyServerStreamRpc-bossGroup--thread1] INFO  logging.LoggingHandler (AbstractInternalLogger.java:log(148)) - [id: 0xe7b313f8, L:/0.0.0.0:43715] READ COMPLETE
2023-03-28 15:11:55,137 [s1-NettyServerStreamRpc-bossGroup--thread1] INFO  logging.LoggingHandler (AbstractInternalLogger.java:log(148)) - [id: 0xbd3c3114, L:/0.0.0.0:44863] READ: [id: 0xbec29e30, L:/127.0.0.1:44863 - R:/127.0.0.1:58822]
2023-03-28 15:11:55,137 [s1-NettyServerStreamRpc-bossGroup--thread1] INFO  logging.LoggingHandler (AbstractInternalLogger.java:log(148)) - [id: 0xbd3c3114, L:/0.0.0.0:44863] READ COMPLETE
2023-03-28 15:11:55,138 [s2-NettyServerStreamRpc-workerGroup--thread2] INFO  client.DataStreamClient (ConfUtils.java:logGet(46)) - raft.datastream.type = NETTY (custom)
2023-03-28 15:11:55,139 [s2-NettyServerStreamRpc-workerGroup--thread2] INFO  netty.NettyConfigKeys$DataStream (ConfUtils.java:logGet(46)) - raft.netty.dataStream.client.tls.conf = null (default)
2023-03-28 15:11:55,139 [s2-NettyServerStreamRpc-workerGroup--thread2] INFO  netty.NettyConfigKeys$DataStream (ConfUtils.java:logGet(46)) - raft.netty.dataStream.client.reply.queue.grace-period = 1s (default)
2023-03-28 15:11:55,139 [s2-NettyServerStreamRpc-workerGroup--thread2] INFO  netty.NettyConfigKeys$DataStream (ConfUtils.java:logGet(46)) - raft.netty.dataStream.client.worker-group.share = false (default)
2023-03-28 15:11:55,139 [s2-NettyServerStreamRpc-workerGroup--thread2] INFO  netty.NettyConfigKeys$DataStream (ConfUtils.java:logGet(46)) - raft.netty.dataStream.client.worker-group.size = 4 (default)
2023-03-28 15:11:55,140 [s0-NettyServerStreamRpc-workerGroup--thread2] INFO  client.DataStreamClient (ConfUtils.java:logGet(46)) - raft.datastream.type = NETTY (custom)
2023-03-28 15:11:55,140 [s0-NettyServerStreamRpc-workerGroup--thread2] INFO  netty.NettyConfigKeys$DataStream (ConfUtils.java:logGet(46)) - raft.netty.dataStream.client.tls.conf = null (default)
2023-03-28 15:11:55,140 [s0-NettyServerStreamRpc-workerGroup--thread2] INFO  netty.NettyConfigKeys$DataStream (ConfUtils.java:logGet(46)) - raft.netty.dataStream.client.reply.queue.grace-period = 1s (default)
2023-03-28 15:11:55,140 [s0-NettyServerStreamRpc-workerGroup--thread2] INFO  netty.NettyConfigKeys$DataStream (ConfUtils.java:logGet(46)) - raft.netty.dataStream.client.worker-group.share = false (default)
2023-03-28 15:11:55,140 [s0-NettyServerStreamRpc-workerGroup--thread2] INFO  netty.NettyConfigKeys$DataStream (ConfUtils.java:logGet(46)) - raft.netty.dataStream.client.worker-group.size = 4 (default)
2023-03-28 15:11:55,216 [s0-NettyServerStreamRpc-workerGroup--thread2] INFO  client.DataStreamClient (ConfUtils.java:logGet(46)) - raft.datastream.type = NETTY (custom)
2023-03-28 15:11:55,217 [s0-NettyServerStreamRpc-workerGroup--thread2] INFO  netty.NettyConfigKeys$DataStream (ConfUtils.java:logGet(46)) - raft.netty.dataStream.client.tls.conf = null (default)
2023-03-28 15:11:55,217 [s0-NettyServerStreamRpc-workerGroup--thread2] INFO  netty.NettyConfigKeys$DataStream (ConfUtils.java:logGet(46)) - raft.netty.dataStream.client.reply.queue.grace-period = 1s (default)
2023-03-28 15:11:55,217 [s0-NettyServerStreamRpc-workerGroup--thread2] INFO  netty.NettyConfigKeys$DataStream (ConfUtils.java:logGet(46)) - raft.netty.dataStream.client.worker-group.share = false (default)
2023-03-28 15:11:55,217 [s0-NettyServerStreamRpc-workerGroup--thread2] INFO  netty.NettyConfigKeys$DataStream (ConfUtils.java:logGet(46)) - raft.netty.dataStream.client.worker-group.size = 4 (default)
2023-03-28 15:11:55,219 [s2-NettyServerStreamRpc-workerGroup--thread2] INFO  client.DataStreamClient (ConfUtils.java:logGet(46)) - raft.datastream.type = NETTY (custom)
2023-03-28 15:11:55,220 [s2-NettyServerStreamRpc-workerGroup--thread2] INFO  netty.NettyConfigKeys$DataStream (ConfUtils.java:logGet(46)) - raft.netty.dataStream.client.tls.conf = null (default)
2023-03-28 15:11:55,220 [s2-NettyServerStreamRpc-workerGroup--thread2] INFO  netty.NettyConfigKeys$DataStream (ConfUtils.java:logGet(46)) - raft.netty.dataStream.client.reply.queue.grace-period = 1s (default)
2023-03-28 15:11:55,220 [s2-NettyServerStreamRpc-workerGroup--thread2] INFO  netty.NettyConfigKeys$DataStream (ConfUtils.java:logGet(46)) - raft.netty.dataStream.client.worker-group.share = false (default)
2023-03-28 15:11:55,220 [s2-NettyServerStreamRpc-workerGroup--thread2] INFO  netty.NettyConfigKeys$DataStream (ConfUtils.java:logGet(46)) - raft.netty.dataStream.client.worker-group.size = 4 (default)
2023-03-28 15:11:55,234 [s2-NettyServerStreamRpc-bossGroup--thread1] INFO  logging.LoggingHandler (AbstractInternalLogger.java:log(148)) - [id: 0xe7b313f8, L:/0.0.0.0:43715] READ: [id: 0xe1a7c478, L:/127.0.0.1:43715 - R:/127.0.0.1:51742]
2023-03-28 15:11:55,234 [s2-NettyServerStreamRpc-bossGroup--thread1] INFO  logging.LoggingHandler (AbstractInternalLogger.java:log(148)) - [id: 0xe7b313f8, L:/0.0.0.0:43715] READ COMPLETE
2023-03-28 15:11:55,234 [s1-NettyServerStreamRpc-bossGroup--thread1] INFO  logging.LoggingHandler (AbstractInternalLogger.java:log(148)) - [id: 0xbd3c3114, L:/0.0.0.0:44863] READ: [id: 0x95f5aea8, L:/127.0.0.1:44863 - R:/127.0.0.1:58834]
2023-03-28 15:11:55,234 [s1-NettyServerStreamRpc-bossGroup--thread1] INFO  logging.LoggingHandler (AbstractInternalLogger.java:log(148)) - [id: 0xbd3c3114, L:/0.0.0.0:44863] READ COMPLETE
2023-03-28 15:11:55,297 [s1-NettyServerStreamRpc-bossGroup--thread1] INFO  logging.LoggingHandler (AbstractInternalLogger.java:log(148)) - [id: 0xbd3c3114, L:/0.0.0.0:44863] READ: [id: 0xf39c5128, L:/127.0.0.1:44863 - R:/127.0.0.1:58842]
2023-03-28 15:11:55,297 [s1-NettyServerStreamRpc-bossGroup--thread1] INFO  logging.LoggingHandler (AbstractInternalLogger.java:log(148)) - [id: 0xbd3c3114, L:/0.0.0.0:44863] READ COMPLETE
2023-03-28 15:11:55,300 [s0-NettyServerStreamRpc-workerGroup--thread2] INFO  client.DataStreamClient (ConfUtils.java:logGet(46)) - raft.datastream.type = NETTY (custom)
2023-03-28 15:11:55,300 [s0-NettyServerStreamRpc-workerGroup--thread2] INFO  netty.NettyConfigKeys$DataStream (ConfUtils.java:logGet(46)) - raft.netty.dataStream.client.tls.conf = null (default)
2023-03-28 15:11:55,300 [s0-NettyServerStreamRpc-workerGroup--thread2] INFO  netty.NettyConfigKeys$DataStream (ConfUtils.java:logGet(46)) - raft.netty.dataStream.client.reply.queue.grace-period = 1s (default)
2023-03-28 15:11:55,300 [s0-NettyServerStreamRpc-workerGroup--thread2] INFO  netty.NettyConfigKeys$DataStream (ConfUtils.java:logGet(46)) - raft.netty.dataStream.client.worker-group.share = false (default)
2023-03-28 15:11:55,300 [s0-NettyServerStreamRpc-workerGroup--thread2] INFO  netty.NettyConfigKeys$DataStream (ConfUtils.java:logGet(46)) - raft.netty.dataStream.client.worker-group.size = 4 (default)
2023-03-28 15:11:55,305 [s0-NettyServerStreamRpc-bossGroup--thread1] INFO  logging.LoggingHandler (AbstractInternalLogger.java:log(148)) - [id: 0x37254b26, L:/0.0.0.0:41129] READ: [id: 0x5682c544, L:/127.0.0.1:41129 - R:/127.0.0.1:54826]
2023-03-28 15:11:55,305 [s0-NettyServerStreamRpc-bossGroup--thread1] INFO  logging.LoggingHandler (AbstractInternalLogger.java:log(148)) - [id: 0x37254b26, L:/0.0.0.0:41129] READ COMPLETE
2023-03-28 15:11:55,308 [s2-NettyServerStreamRpc-workerGroup--thread2] INFO  client.DataStreamClient (ConfUtils.java:logGet(46)) - raft.datastream.type = NETTY (custom)
2023-03-28 15:11:55,308 [s2-NettyServerStreamRpc-workerGroup--thread2] INFO  netty.NettyConfigKeys$DataStream (ConfUtils.java:logGet(46)) - raft.netty.dataStream.client.tls.conf = null (default)
2023-03-28 15:11:55,309 [s2-NettyServerStreamRpc-workerGroup--thread2] INFO  netty.NettyConfigKeys$DataStream (ConfUtils.java:logGet(46)) - raft.netty.dataStream.client.reply.queue.grace-period = 1s (default)
2023-03-28 15:11:55,309 [s2-NettyServerStreamRpc-workerGroup--thread2] INFO  netty.NettyConfigKeys$DataStream (ConfUtils.java:logGet(46)) - raft.netty.dataStream.client.worker-group.share = false (default)
2023-03-28 15:11:55,309 [s2-NettyServerStreamRpc-workerGroup--thread2] INFO  netty.NettyConfigKeys$DataStream (ConfUtils.java:logGet(46)) - raft.netty.dataStream.client.worker-group.size = 4 (default)
2023-03-28 15:11:55,316 [s2-NettyServerStreamRpc-bossGroup--thread1] INFO  logging.LoggingHandler (AbstractInternalLogger.java:log(148)) - [id: 0xe7b313f8, L:/0.0.0.0:43715] READ: [id: 0x80bde03a, L:/127.0.0.1:43715 - R:/127.0.0.1:51756]
2023-03-28 15:11:55,316 [s2-NettyServerStreamRpc-bossGroup--thread1] INFO  logging.LoggingHandler (AbstractInternalLogger.java:log(148)) - [id: 0xe7b313f8, L:/0.0.0.0:43715] READ COMPLETE
2023-03-28 15:11:55,357 [s1-NettyServerStreamRpc-bossGroup--thread1] INFO  logging.LoggingHandler (AbstractInternalLogger.java:log(148)) - [id: 0xbd3c3114, L:/0.0.0.0:44863] READ: [id: 0x51127f5d, L:/127.0.0.1:44863 - R:/127.0.0.1:58850]
2023-03-28 15:11:55,357 [s1-NettyServerStreamRpc-bossGroup--thread1] INFO  logging.LoggingHandler (AbstractInternalLogger.java:log(148)) - [id: 0xbd3c3114, L:/0.0.0.0:44863] READ COMPLETE
2023-03-28 15:11:55,442 [pool-5-thread-15] INFO  datastream.DataStreamTestUtils (DataStreamTestUtils.java:writeAndCloseAndAssertReplies(320)) - Stream193: bytesWritten=760130
2023-03-28 15:11:55,461 [pool-5-thread-13] INFO  datastream.DataStreamTestUtils (DataStreamTestUtils.java:writeAndCloseAndAssertReplies(320)) - Stream191: bytesWritten=695654
2023-03-28 15:11:55,461 [pool-5-thread-12] INFO  datastream.DataStreamTestUtils (DataStreamTestUtils.java:writeAndCloseAndAssertReplies(320)) - Stream190: bytesWritten=732863
2023-03-28 15:11:55,461 [pool-5-thread-11] INFO  datastream.DataStreamTestUtils (DataStreamTestUtils.java:writeAndCloseAndAssertReplies(320)) - Stream189: bytesWritten=808749
2023-03-28 15:11:55,461 [pool-5-thread-10] INFO  datastream.DataStreamTestUtils (DataStreamTestUtils.java:writeAndCloseAndAssertReplies(320)) - Stream188: bytesWritten=666044
2023-03-28 15:11:55,500 [pool-5-thread-14] INFO  datastream.DataStreamTestUtils (DataStreamTestUtils.java:writeAndCloseAndAssertReplies(320)) - Stream192: bytesWritten=755187
2023-03-28 15:11:55,509 [pool-5-thread-16] INFO  datastream.DataStreamTestUtils (DataStreamTestUtils.java:writeAndCloseAndAssertReplies(320)) - Stream194: bytesWritten=817602
2023-03-28 15:11:55,573 [s1-client-thread1] INFO  statemachine.StateMachine (DataStreamTestUtils.java:link(157)) - link SingleDataStream: writeRequest=RaftClientRequest:client-E9E02CA69814->s0@group-3E7FBBA51394, cid=193, seq=0, DataStream, Message:<EMPTY>, logEntry=null
2023-03-28 15:11:55,579 [s1-client-thread1] INFO  statemachine.StateMachine (DataStreamTestUtils.java:link(157)) - link SingleDataStream: writeRequest=RaftClientRequest:client-E9E02CA69814->s0@group-3E7FBBA51394, cid=191, seq=0, DataStream, Message:<EMPTY>, logEntry=null
2023-03-28 15:11:55,581 [s1-client-thread1] INFO  statemachine.StateMachine (DataStreamTestUtils.java:link(157)) - link SingleDataStream: writeRequest=RaftClientRequest:client-E9E02CA69814->s0@group-3E7FBBA51394, cid=190, seq=0, DataStream, Message:<EMPTY>, logEntry=null
2023-03-28 15:11:55,582 [s2-server-thread3] INFO  statemachine.StateMachine (DataStreamTestUtils.java:link(157)) - link SingleDataStream: writeRequest=RaftClientRequest:client-E9E02CA69814->s0@group-3E7FBBA51394, cid=193, seq=0, DataStream, Message:<EMPTY>, logEntry=null
2023-03-28 15:11:55,582 [s2-server-thread3] INFO  statemachine.StateMachine (DataStreamTestUtils.java:link(157)) - link SingleDataStream: writeRequest=RaftClientRequest:client-E9E02CA69814->s0@group-3E7FBBA51394, cid=191, seq=0, DataStream, Message:<EMPTY>, logEntry=null
2023-03-28 15:11:55,583 [s0-server-thread3] INFO  statemachine.StateMachine (DataStreamTestUtils.java:link(157)) - link SingleDataStream: writeRequest=RaftClientRequest:client-E9E02CA69814->s0@group-3E7FBBA51394, cid=193, seq=0, DataStream, Message:<EMPTY>, logEntry=null
2023-03-28 15:11:55,583 [s0-server-thread3] INFO  statemachine.StateMachine (DataStreamTestUtils.java:link(157)) - link SingleDataStream: writeRequest=RaftClientRequest:client-E9E02CA69814->s0@group-3E7FBBA51394, cid=191, seq=0, DataStream, Message:<EMPTY>, logEntry=null
2023-03-28 15:11:55,585 [s1-client-thread1] INFO  statemachine.StateMachine (DataStreamTestUtils.java:link(157)) - link SingleDataStream: writeRequest=RaftClientRequest:client-E9E02CA69814->s0@group-3E7FBBA51394, cid=189, seq=0, DataStream, Message:<EMPTY>, logEntry=null
2023-03-28 15:11:55,586 [s1-client-thread1] INFO  statemachine.StateMachine (DataStreamTestUtils.java:link(157)) - link SingleDataStream: writeRequest=RaftClientRequest:client-E9E02CA69814->s0@group-3E7FBBA51394, cid=188, seq=0, DataStream, Message:<EMPTY>, logEntry=null
2023-03-28 15:11:55,587 [s1-client-thread1] INFO  statemachine.StateMachine (DataStreamTestUtils.java:link(157)) - link SingleDataStream: writeRequest=RaftClientRequest:client-E9E02CA69814->s0@group-3E7FBBA51394, cid=192, seq=0, DataStream, Message:<EMPTY>, logEntry=null
2023-03-28 15:11:55,591 [s1-client-thread2] INFO  statemachine.StateMachine (DataStreamTestUtils.java:link(157)) - link SingleDataStream: writeRequest=RaftClientRequest:client-E9E02CA69814->s0@group-3E7FBBA51394, cid=194, seq=0, DataStream, Message:<EMPTY>, logEntry=null
2023-03-28 15:11:55,592 [s2-server-thread3] INFO  statemachine.StateMachine (DataStreamTestUtils.java:link(157)) - link SingleDataStream: writeRequest=RaftClientRequest:client-E9E02CA69814->s0@group-3E7FBBA51394, cid=190, seq=0, DataStream, Message:<EMPTY>, logEntry=null
2023-03-28 15:11:55,592 [s0-server-thread3] INFO  statemachine.StateMachine (DataStreamTestUtils.java:link(157)) - link SingleDataStream: writeRequest=RaftClientRequest:client-E9E02CA69814->s0@group-3E7FBBA51394, cid=190, seq=0, DataStream, Message:<EMPTY>, logEntry=null
2023-03-28 15:11:55,592 [s0-server-thread3] INFO  statemachine.StateMachine (DataStreamTestUtils.java:link(157)) - link SingleDataStream: writeRequest=RaftClientRequest:client-E9E02CA69814->s0@group-3E7FBBA51394, cid=189, seq=0, DataStream, Message:<EMPTY>, logEntry=null
2023-03-28 15:11:55,595 [pool-5-thread-15] INFO  datastream.DataStreamTestUtils (DataStreamTestUtils.java:writeAndCloseAndAssertReplies(311)) - start Stream195
2023-03-28 15:11:55,602 [pool-5-thread-13] INFO  datastream.DataStreamTestUtils (DataStreamTestUtils.java:writeAndCloseAndAssertReplies(311)) - start Stream199
2023-03-28 15:11:55,603 [s2-server-thread3] INFO  statemachine.StateMachine (DataStreamTestUtils.java:link(157)) - link SingleDataStream: writeRequest=RaftClientRequest:client-E9E02CA69814->s0@group-3E7FBBA51394, cid=189, seq=0, DataStream, Message:<EMPTY>, logEntry=null
2023-03-28 15:11:55,604 [s2-server-thread3] INFO  statemachine.StateMachine (DataStreamTestUtils.java:link(157)) - link SingleDataStream: writeRequest=RaftClientRequest:client-E9E02CA69814->s0@group-3E7FBBA51394, cid=188, seq=0, DataStream, Message:<EMPTY>, logEntry=null
2023-03-28 15:11:55,604 [s2-server-thread3] INFO  statemachine.StateMachine (DataStreamTestUtils.java:link(157)) - link SingleDataStream: writeRequest=RaftClientRequest:client-E9E02CA69814->s0@group-3E7FBBA51394, cid=192, seq=0, DataStream, Message:<EMPTY>, logEntry=null
2023-03-28 15:11:55,604 [s2-server-thread3] INFO  statemachine.StateMachine (DataStreamTestUtils.java:link(157)) - link SingleDataStream: writeRequest=RaftClientRequest:client-E9E02CA69814->s0@group-3E7FBBA51394, cid=194, seq=0, DataStream, Message:<EMPTY>, logEntry=null
2023-03-28 15:11:55,616 [pool-5-thread-12] INFO  datastream.DataStreamTestUtils (DataStreamTestUtils.java:writeAndCloseAndAssertReplies(311)) - start Stream200
2023-03-28 15:11:55,637 [pool-5-thread-11] INFO  datastream.DataStreamTestUtils (DataStreamTestUtils.java:writeAndCloseAndAssertReplies(311)) - start Stream196
2023-03-28 15:11:55,644 [s0-server-thread3] INFO  statemachine.StateMachine (DataStreamTestUtils.java:link(157)) - link SingleDataStream: writeRequest=RaftClientRequest:client-E9E02CA69814->s0@group-3E7FBBA51394, cid=188, seq=0, DataStream, Message:<EMPTY>, logEntry=null
2023-03-28 15:11:55,644 [s0-server-thread3] INFO  statemachine.StateMachine (DataStreamTestUtils.java:link(157)) - link SingleDataStream: writeRequest=RaftClientRequest:client-E9E02CA69814->s0@group-3E7FBBA51394, cid=192, seq=0, DataStream, Message:<EMPTY>, logEntry=null
2023-03-28 15:11:55,645 [s0-server-thread3] INFO  statemachine.StateMachine (DataStreamTestUtils.java:link(157)) - link SingleDataStream: writeRequest=RaftClientRequest:client-E9E02CA69814->s0@group-3E7FBBA51394, cid=194, seq=0, DataStream, Message:<EMPTY>, logEntry=null
2023-03-28 15:11:55,646 [pool-5-thread-13] INFO  datastream.DataStreamTestUtils (DataStreamTestUtils.java:writeAndCloseAndAssertReplies(320)) - Stream199: bytesWritten=761356
2023-03-28 15:11:55,656 [pool-5-thread-15] INFO  datastream.DataStreamTestUtils (DataStreamTestUtils.java:writeAndCloseAndAssertReplies(320)) - Stream195: bytesWritten=740585
2023-03-28 15:11:55,663 [pool-5-thread-10] INFO  datastream.DataStreamTestUtils (DataStreamTestUtils.java:writeAndCloseAndAssertReplies(311)) - start Stream201
2023-03-28 15:11:55,684 [pool-5-thread-12] INFO  datastream.DataStreamTestUtils (DataStreamTestUtils.java:writeAndCloseAndAssertReplies(320)) - Stream200: bytesWritten=722130
2023-03-28 15:11:55,685 [pool-5-thread-14] INFO  datastream.DataStreamTestUtils (DataStreamTestUtils.java:writeAndCloseAndAssertReplies(311)) - start Stream202
2023-03-28 15:11:55,689 [pool-5-thread-16] INFO  datastream.DataStreamTestUtils (DataStreamTestUtils.java:writeAndCloseAndAssertReplies(311)) - start Stream203
2023-03-28 15:11:55,719 [s1-client-thread2] INFO  statemachine.StateMachine (DataStreamTestUtils.java:link(157)) - link SingleDataStream: writeRequest=RaftClientRequest:client-E9E02CA69814->s0@group-3E7FBBA51394, cid=199, seq=0, DataStream, Message:<EMPTY>, logEntry=null
2023-03-28 15:11:55,732 [s1-client-thread1] INFO  statemachine.StateMachine (DataStreamTestUtils.java:link(157)) - link SingleDataStream: writeRequest=RaftClientRequest:client-E9E02CA69814->s0@group-3E7FBBA51394, cid=195, seq=0, DataStream, Message:<EMPTY>, logEntry=null
2023-03-28 15:11:55,735 [s1-client-thread1] INFO  statemachine.StateMachine (DataStreamTestUtils.java:link(157)) - link SingleDataStream: writeRequest=RaftClientRequest:client-E9E02CA69814->s0@group-3E7FBBA51394, cid=200, seq=0, DataStream, Message:<EMPTY>, logEntry=null
2023-03-28 15:11:55,737 [s0-server-thread3] INFO  statemachine.StateMachine (DataStreamTestUtils.java:link(157)) - link SingleDataStream: writeRequest=RaftClientRequest:client-E9E02CA69814->s0@group-3E7FBBA51394, cid=199, seq=0, DataStream, Message:<EMPTY>, logEntry=null
2023-03-28 15:11:55,737 [s0-server-thread3] INFO  statemachine.StateMachine (DataStreamTestUtils.java:link(157)) - link SingleDataStream: writeRequest=RaftClientRequest:client-E9E02CA69814->s0@group-3E7FBBA51394, cid=195, seq=0, DataStream, Message:<EMPTY>, logEntry=null
2023-03-28 15:11:55,738 [s2-server-thread3] INFO  statemachine.StateMachine (DataStreamTestUtils.java:link(157)) - link SingleDataStream: writeRequest=RaftClientRequest:client-E9E02CA69814->s0@group-3E7FBBA51394, cid=199, seq=0, DataStream, Message:<EMPTY>, logEntry=null
2023-03-28 15:11:55,738 [s2-server-thread3] INFO  statemachine.StateMachine (DataStreamTestUtils.java:link(157)) - link SingleDataStream: writeRequest=RaftClientRequest:client-E9E02CA69814->s0@group-3E7FBBA51394, cid=195, seq=0, DataStream, Message:<EMPTY>, logEntry=null
2023-03-28 15:11:55,738 [s2-server-thread3] INFO  statemachine.StateMachine (DataStreamTestUtils.java:link(157)) - link SingleDataStream: writeRequest=RaftClientRequest:client-E9E02CA69814->s0@group-3E7FBBA51394, cid=200, seq=0, DataStream, Message:<EMPTY>, logEntry=null
2023-03-28 15:11:55,741 [pool-5-thread-13] INFO  datastream.DataStreamTestUtils (DataStreamTestUtils.java:writeAndCloseAndAssertReplies(311)) - start Stream204
2023-03-28 15:11:55,745 [pool-5-thread-12] INFO  datastream.DataStreamTestUtils (DataStreamTestUtils.java:writeAndCloseAndAssertReplies(311)) - start Stream205
2023-03-28 15:11:55,745 [pool-5-thread-15] INFO  datastream.DataStreamTestUtils (DataStreamTestUtils.java:writeAndCloseAndAssertReplies(311)) - start Stream206
2023-03-28 15:11:55,757 [s0-server-thread3] INFO  statemachine.StateMachine (DataStreamTestUtils.java:link(157)) - link SingleDataStream: writeRequest=RaftClientRequest:client-E9E02CA69814->s0@group-3E7FBBA51394, cid=200, seq=0, DataStream, Message:<EMPTY>, logEntry=null
2023-03-28 15:11:55,903 [pool-5-thread-8] INFO  datastream.DataStreamTestUtils (DataStreamTestUtils.java:writeAndCloseAndAssertReplies(311)) - start Stream207
2023-03-28 15:12:00,165 [Timer-1] INFO  impl.MiniRaftCluster (MiniRaftCluster.java:lambda$start$6(349)) - TIMED-PRINT: printing ALL groups
  s0:  RUNNING  FOLLOWER s0@group-3E7FBBA51394:t1, leader=s1, voted=s1, raftlog=Memoized:s0@group-3E7FBBA51394-SegmentedRaftLog:OPENED:c16, conf=0: peers:[s0|rpc:localhost:34691|admin:localhost:42501|client:localhost:42695|dataStream:localhost:41129|priority:0|startupRole:FOLLOWER, s1|rpc:localhost:45465|admin:localhost:46709|client:localhost:37549|dataStream:localhost:44863|priority:0|startupRole:FOLLOWER, s2|rpc:localhost:41369|admin:localhost:42041|client:localhost:44529|dataStream:localhost:43715|priority:0|startupRole:FOLLOWER]|listeners:[], old=null RUNNING
  s1:  RUNNING    LEADER s1@group-3E7FBBA51394:t1, leader=s1, voted=s1, raftlog=Memoized:s1@group-3E7FBBA51394-SegmentedRaftLog:OPENED:c16, conf=0: peers:[s0|rpc:localhost:34691|admin:localhost:42501|client:localhost:42695|dataStream:localhost:41129|priority:0|startupRole:FOLLOWER, s1|rpc:localhost:45465|admin:localhost:46709|client:localhost:37549|dataStream:localhost:44863|priority:0|startupRole:FOLLOWER, s2|rpc:localhost:41369|admin:localhost:42041|client:localhost:44529|dataStream:localhost:43715|priority:0|startupRole:FOLLOWER]|listeners:[], old=null RUNNING
  s2:  RUNNING  FOLLOWER s2@group-3E7FBBA51394:t1, leader=s1, voted=s1, raftlog=Memoized:s2@group-3E7FBBA51394-SegmentedRaftLog:OPENED:c16, conf=0: peers:[s0|rpc:localhost:34691|admin:localhost:42501|client:localhost:42695|dataStream:localhost:41129|priority:0|startupRole:FOLLOWER, s1|rpc:localhost:45465|admin:localhost:46709|client:localhost:37549|dataStream:localhost:44863|priority:0|startupRole:FOLLOWER, s2|rpc:localhost:41369|admin:localhost:42041|client:localhost:44529|dataStream:localhost:43715|priority:0|startupRole:FOLLOWER]|listeners:[], old=null RUNNING
2023-03-28 15:12:10,164 [Timer-1] INFO  impl.MiniRaftCluster (MiniRaftCluster.java:lambda$start$6(349)) - TIMED-PRINT: printing ALL groups
  s0:  RUNNING  FOLLOWER s0@group-3E7FBBA51394:t1, leader=s1, voted=s1, raftlog=Memoized:s0@group-3E7FBBA51394-SegmentedRaftLog:OPENED:c16, conf=0: peers:[s0|rpc:localhost:34691|admin:localhost:42501|client:localhost:42695|dataStream:localhost:41129|priority:0|startupRole:FOLLOWER, s1|rpc:localhost:45465|admin:localhost:46709|client:localhost:37549|dataStream:localhost:44863|priority:0|startupRole:FOLLOWER, s2|rpc:localhost:41369|admin:localhost:42041|client:localhost:44529|dataStream:localhost:43715|priority:0|startupRole:FOLLOWER]|listeners:[], old=null RUNNING
  s1:  RUNNING    LEADER s1@group-3E7FBBA51394:t1, leader=s1, voted=s1, raftlog=Memoized:s1@group-3E7FBBA51394-SegmentedRaftLog:OPENED:c16, conf=0: peers:[s0|rpc:localhost:34691|admin:localhost:42501|client:localhost:42695|dataStream:localhost:41129|priority:0|startupRole:FOLLOWER, s1|rpc:localhost:45465|admin:localhost:46709|client:localhost:37549|dataStream:localhost:44863|priority:0|startupRole:FOLLOWER, s2|rpc:localhost:41369|admin:localhost:42041|client:localhost:44529|dataStream:localhost:43715|priority:0|startupRole:FOLLOWER]|listeners:[], old=null RUNNING
  s2:  RUNNING  FOLLOWER s2@group-3E7FBBA51394:t1, leader=s1, voted=s1, raftlog=Memoized:s2@group-3E7FBBA51394-SegmentedRaftLog:OPENED:c16, conf=0: peers:[s0|rpc:localhost:34691|admin:localhost:42501|client:localhost:42695|dataStream:localhost:41129|priority:0|startupRole:FOLLOWER, s1|rpc:localhost:45465|admin:localhost:46709|client:localhost:37549|dataStream:localhost:44863|priority:0|startupRole:FOLLOWER, s2|rpc:localhost:41369|admin:localhost:42041|client:localhost:44529|dataStream:localhost:43715|priority:0|startupRole:FOLLOWER]|listeners:[], old=null RUNNING
2023-03-28 15:12:10,237 [pool-5-thread-14] INFO  datastream.DataStreamTestUtils (DataStreamTestUtils.java:writeAndCloseAndAssertReplies(320)) - Stream202: bytesWritten=3746297
2023-03-28 15:12:11,264 [pool-5-thread-11] INFO  datastream.DataStreamTestUtils (DataStreamTestUtils.java:writeAndCloseAndAssertReplies(320)) - Stream196: bytesWritten=3751132
2023-03-28 15:12:11,307 [pool-5-thread-12] INFO  datastream.DataStreamTestUtils (DataStreamTestUtils.java:writeAndCloseAndAssertReplies(320)) - Stream205: bytesWritten=3746985
2023-03-28 15:12:11,307 [pool-5-thread-10] INFO  datastream.DataStreamTestUtils (DataStreamTestUtils.java:writeAndCloseAndAssertReplies(320)) - Stream201: bytesWritten=3741625
2023-03-28 15:12:11,857 [s1-client-thread1] INFO  statemachine.StateMachine (DataStreamTestUtils.java:link(157)) - link SingleDataStream: writeRequest=RaftClientRequest:client-457B6DF8B910->s2@group-3E7FBBA51394, cid=202, seq=0, DataStream, Message:<EMPTY>, logEntry=null
2023-03-28 15:12:11,858 [s1-client-thread1] INFO  statemachine.StateMachine (DataStreamTestUtils.java:link(157)) - link SingleDataStream: writeRequest=RaftClientRequest:client-457B6DF8B910->s2@group-3E7FBBA51394, cid=201, seq=0, DataStream, Message:<EMPTY>, logEntry=null
2023-03-28 15:12:11,858 [s1-client-thread1] INFO  statemachine.StateMachine (DataStreamTestUtils.java:link(157)) - link SingleDataStream: writeRequest=RaftClientRequest:client-457B6DF8B910->s2@group-3E7FBBA51394, cid=205, seq=0, DataStream, Message:<EMPTY>, logEntry=null
2023-03-28 15:12:11,859 [s1-client-thread1] INFO  statemachine.StateMachine (DataStreamTestUtils.java:link(157)) - link SingleDataStream: writeRequest=RaftClientRequest:client-457B6DF8B910->s2@group-3E7FBBA51394, cid=196, seq=0, DataStream, Message:<EMPTY>, logEntry=null
2023-03-28 15:12:11,862 [s0-server-thread2] INFO  statemachine.StateMachine (DataStreamTestUtils.java:link(157)) - link SingleDataStream: writeRequest=RaftClientRequest:client-457B6DF8B910->s2@group-3E7FBBA51394, cid=202, seq=0, DataStream, Message:<EMPTY>, logEntry=null
2023-03-28 15:12:11,862 [s0-server-thread2] INFO  statemachine.StateMachine (DataStreamTestUtils.java:link(157)) - link SingleDataStream: writeRequest=RaftClientRequest:client-457B6DF8B910->s2@group-3E7FBBA51394, cid=201, seq=0, DataStream, Message:<EMPTY>, logEntry=null
2023-03-28 15:12:11,863 [s0-server-thread2] INFO  statemachine.StateMachine (DataStreamTestUtils.java:link(157)) - link SingleDataStream: writeRequest=RaftClientRequest:client-457B6DF8B910->s2@group-3E7FBBA51394, cid=205, seq=0, DataStream, Message:<EMPTY>, logEntry=null
2023-03-28 15:12:11,863 [s0-server-thread2] INFO  statemachine.StateMachine (DataStreamTestUtils.java:link(157)) - link SingleDataStream: writeRequest=RaftClientRequest:client-457B6DF8B910->s2@group-3E7FBBA51394, cid=196, seq=0, DataStream, Message:<EMPTY>, logEntry=null
2023-03-28 15:12:11,863 [s2-server-thread1] INFO  statemachine.StateMachine (DataStreamTestUtils.java:link(157)) - link SingleDataStream: writeRequest=RaftClientRequest:client-457B6DF8B910->s2@group-3E7FBBA51394, cid=202, seq=0, DataStream, Message:<EMPTY>, logEntry=null
2023-03-28 15:12:11,864 [s2-server-thread1] INFO  statemachine.StateMachine (DataStreamTestUtils.java:link(157)) - link SingleDataStream: writeRequest=RaftClientRequest:client-457B6DF8B910->s2@group-3E7FBBA51394, cid=201, seq=0, DataStream, Message:<EMPTY>, logEntry=null
2023-03-28 15:12:11,864 [s2-server-thread1] INFO  statemachine.StateMachine (DataStreamTestUtils.java:link(157)) - link SingleDataStream: writeRequest=RaftClientRequest:client-457B6DF8B910->s2@group-3E7FBBA51394, cid=205, seq=0, DataStream, Message:<EMPTY>, logEntry=null
2023-03-28 15:12:11,864 [s2-server-thread1] INFO  statemachine.StateMachine (DataStreamTestUtils.java:link(157)) - link SingleDataStream: writeRequest=RaftClientRequest:client-457B6DF8B910->s2@group-3E7FBBA51394, cid=196, seq=0, DataStream, Message:<EMPTY>, logEntry=null
2023-03-28 15:12:11,866 [pool-5-thread-14] INFO  datastream.DataStreamTestUtils (DataStreamTestUtils.java:writeAndCloseAndAssertReplies(311)) - start Stream208
2023-03-28 15:12:11,871 [pool-5-thread-10] INFO  datastream.DataStreamTestUtils (DataStreamTestUtils.java:writeAndCloseAndAssertReplies(311)) - start Stream209
2023-03-28 15:12:11,872 [pool-5-thread-11] INFO  datastream.DataStreamTestUtils (DataStreamTestUtils.java:writeAndCloseAndAssertReplies(311)) - start Stream210
2023-03-28 15:12:11,875 [pool-5-thread-12] INFO  datastream.DataStreamTestUtils (DataStreamTestUtils.java:writeAndCloseAndAssertReplies(311)) - start Stream211
2023-03-28 15:12:11,906 [pool-5-thread-13] INFO  datastream.DataStreamTestUtils (DataStreamTestUtils.java:writeAndCloseAndAssertReplies(320)) - Stream204: bytesWritten=3754250
2023-03-28 15:12:12,251 [pool-5-thread-15] INFO  datastream.DataStreamTestUtils (DataStreamTestUtils.java:writeAndCloseAndAssertReplies(320)) - Stream206: bytesWritten=3752829
2023-03-28 15:12:12,734 [pool-5-thread-16] INFO  datastream.DataStreamTestUtils (DataStreamTestUtils.java:writeAndCloseAndAssertReplies(320)) - Stream203: bytesWritten=3759526
2023-03-28 15:12:12,737 [s1-client-thread1] INFO  statemachine.StateMachine (DataStreamTestUtils.java:link(157)) - link SingleDataStream: writeRequest=RaftClientRequest:client-457B6DF8B910->s2@group-3E7FBBA51394, cid=204, seq=0, DataStream, Message:<EMPTY>, logEntry=null
2023-03-28 15:12:12,740 [s0-server-thread2] INFO  statemachine.StateMachine (DataStreamTestUtils.java:link(157)) - link SingleDataStream: writeRequest=RaftClientRequest:client-457B6DF8B910->s2@group-3E7FBBA51394, cid=204, seq=0, DataStream, Message:<EMPTY>, logEntry=null
2023-03-28 15:12:12,743 [pool-5-thread-13] INFO  datastream.DataStreamTestUtils (DataStreamTestUtils.java:writeAndCloseAndAssertReplies(311)) - start Stream212
2023-03-28 15:12:12,746 [s2-server-thread1] INFO  statemachine.StateMachine (DataStreamTestUtils.java:link(157)) - link SingleDataStream: writeRequest=RaftClientRequest:client-457B6DF8B910->s2@group-3E7FBBA51394, cid=204, seq=0, DataStream, Message:<EMPTY>, logEntry=null
2023-03-28 15:12:13,824 [pool-5-thread-8] INFO  datastream.DataStreamTestUtils (DataStreamTestUtils.java:writeAndCloseAndAssertReplies(320)) - Stream207: bytesWritten=3762535
2023-03-28 15:12:15,479 [s1-client-thread1] INFO  statemachine.StateMachine (DataStreamTestUtils.java:link(157)) - link SingleDataStream: writeRequest=RaftClientRequest:client-457B6DF8B910->s2@group-3E7FBBA51394, cid=206, seq=0, DataStream, Message:<EMPTY>, logEntry=null
2023-03-28 15:12:15,482 [s0-server-thread2] INFO  statemachine.StateMachine (DataStreamTestUtils.java:link(157)) - link SingleDataStream: writeRequest=RaftClientRequest:client-457B6DF8B910->s2@group-3E7FBBA51394, cid=206, seq=0, DataStream, Message:<EMPTY>, logEntry=null
2023-03-28 15:12:15,485 [pool-5-thread-15] INFO  datastream.DataStreamTestUtils (DataStreamTestUtils.java:writeAndCloseAndAssertReplies(311)) - start Stream213
2023-03-28 15:12:15,489 [s2-server-thread1] INFO  statemachine.StateMachine (DataStreamTestUtils.java:link(157)) - link SingleDataStream: writeRequest=RaftClientRequest:client-457B6DF8B910->s2@group-3E7FBBA51394, cid=206, seq=0, DataStream, Message:<EMPTY>, logEntry=null
2023-03-28 15:12:19,541 [s1-client-thread1] INFO  statemachine.StateMachine (DataStreamTestUtils.java:link(157)) - link SingleDataStream: writeRequest=RaftClientRequest:client-457B6DF8B910->s2@group-3E7FBBA51394, cid=203, seq=0, DataStream, Message:<EMPTY>, logEntry=null
2023-03-28 15:12:19,548 [s2-server-thread3] INFO  statemachine.StateMachine (DataStreamTestUtils.java:link(157)) - link SingleDataStream: writeRequest=RaftClientRequest:client-457B6DF8B910->s2@group-3E7FBBA51394, cid=203, seq=0, DataStream, Message:<EMPTY>, logEntry=null
2023-03-28 15:12:19,551 [pool-5-thread-16] INFO  datastream.DataStreamTestUtils (DataStreamTestUtils.java:writeAndCloseAndAssertReplies(311)) - start Stream214
2023-03-28 15:12:19,564 [s0-server-thread3] INFO  statemachine.StateMachine (DataStreamTestUtils.java:link(157)) - link SingleDataStream: writeRequest=RaftClientRequest:client-457B6DF8B910->s2@group-3E7FBBA51394, cid=203, seq=0, DataStream, Message:<EMPTY>, logEntry=null
2023-03-28 15:12:19,585 [pool-5-thread-11] INFO  datastream.DataStreamTestUtils (DataStreamTestUtils.java:writeAndCloseAndAssertReplies(320)) - Stream210: bytesWritten=3763787
2023-03-28 15:12:20,189 [Timer-1] INFO  impl.MiniRaftCluster (MiniRaftCluster.java:lambda$start$6(349)) - TIMED-PRINT: printing ALL groups
  s0:  RUNNING  FOLLOWER s0@group-3E7FBBA51394:t1, leader=s1, voted=s1, raftlog=Memoized:s0@group-3E7FBBA51394-SegmentedRaftLog:OPENED:c26, conf=0: peers:[s0|rpc:localhost:34691|admin:localhost:42501|client:localhost:42695|dataStream:localhost:41129|priority:0|startupRole:FOLLOWER, s1|rpc:localhost:45465|admin:localhost:46709|client:localhost:37549|dataStream:localhost:44863|priority:0|startupRole:FOLLOWER, s2|rpc:localhost:41369|admin:localhost:42041|client:localhost:44529|dataStream:localhost:43715|priority:0|startupRole:FOLLOWER]|listeners:[], old=null RUNNING
  s1:  RUNNING    LEADER s1@group-3E7FBBA51394:t1, leader=s1, voted=s1, raftlog=Memoized:s1@group-3E7FBBA51394-SegmentedRaftLog:OPENED:c27, conf=0: peers:[s0|rpc:localhost:34691|admin:localhost:42501|client:localhost:42695|dataStream:localhost:41129|priority:0|startupRole:FOLLOWER, s1|rpc:localhost:45465|admin:localhost:46709|client:localhost:37549|dataStream:localhost:44863|priority:0|startupRole:FOLLOWER, s2|rpc:localhost:41369|admin:localhost:42041|client:localhost:44529|dataStream:localhost:43715|priority:0|startupRole:FOLLOWER]|listeners:[], old=null RUNNING
  s2:  RUNNING  FOLLOWER s2@group-3E7FBBA51394:t1, leader=s1, voted=s1, raftlog=Memoized:s2@group-3E7FBBA51394-SegmentedRaftLog:OPENED:c26, conf=0: peers:[s0|rpc:localhost:34691|admin:localhost:42501|client:localhost:42695|dataStream:localhost:41129|priority:0|startupRole:FOLLOWER, s1|rpc:localhost:45465|admin:localhost:46709|client:localhost:37549|dataStream:localhost:44863|priority:0|startupRole:FOLLOWER, s2|rpc:localhost:41369|admin:localhost:42041|client:localhost:44529|dataStream:localhost:43715|priority:0|startupRole:FOLLOWER]|listeners:[], old=null RUNNING
2023-03-28 15:12:20,205 [s1-client-thread1] INFO  statemachine.StateMachine (DataStreamTestUtils.java:link(157)) - link SingleDataStream: writeRequest=RaftClientRequest:client-457B6DF8B910->s2@group-3E7FBBA51394, cid=207, seq=0, DataStream, Message:<EMPTY>, logEntry=null
2023-03-28 15:12:20,208 [s0-server-thread3] INFO  statemachine.StateMachine (DataStreamTestUtils.java:link(157)) - link SingleDataStream: writeRequest=RaftClientRequest:client-457B6DF8B910->s2@group-3E7FBBA51394, cid=207, seq=0, DataStream, Message:<EMPTY>, logEntry=null
2023-03-28 15:12:20,221 [s2-server-thread3] INFO  statemachine.StateMachine (DataStreamTestUtils.java:link(157)) - link SingleDataStream: writeRequest=RaftClientRequest:client-457B6DF8B910->s2@group-3E7FBBA51394, cid=207, seq=0, DataStream, Message:<EMPTY>, logEntry=null
2023-03-28 15:12:20,270 [pool-5-thread-8] INFO  datastream.DataStreamTestUtils (DataStreamTestUtils.java:writeAndCloseAndAssertReplies(311)) - start Stream215
2023-03-28 15:12:20,318 [pool-5-thread-10] INFO  datastream.DataStreamTestUtils (DataStreamTestUtils.java:writeAndCloseAndAssertReplies(320)) - Stream209: bytesWritten=3729612
2023-03-28 15:12:20,860 [pool-5-thread-14] INFO  datastream.DataStreamTestUtils (DataStreamTestUtils.java:writeAndCloseAndAssertReplies(320)) - Stream208: bytesWritten=3737958
2023-03-28 15:12:20,980 [s1-client-thread1] INFO  statemachine.StateMachine (DataStreamTestUtils.java:link(157)) - link SingleDataStream: writeRequest=RaftClientRequest:client-457B6DF8B910->s2@group-3E7FBBA51394, cid=210, seq=0, DataStream, Message:<EMPTY>, logEntry=null
2023-03-28 15:12:20,982 [s0-server-thread3] INFO  statemachine.StateMachine (DataStreamTestUtils.java:link(157)) - link SingleDataStream: writeRequest=RaftClientRequest:client-457B6DF8B910->s2@group-3E7FBBA51394, cid=210, seq=0, DataStream, Message:<EMPTY>, logEntry=null
2023-03-28 15:12:20,984 [s2-server-thread3] INFO  statemachine.StateMachine (DataStreamTestUtils.java:link(157)) - link SingleDataStream: writeRequest=RaftClientRequest:client-457B6DF8B910->s2@group-3E7FBBA51394, cid=210, seq=0, DataStream, Message:<EMPTY>, logEntry=null
2023-03-28 15:12:20,986 [pool-5-thread-11] INFO  datastream.DataStreamTestUtils (DataStreamTestUtils.java:writeAndCloseAndAssertReplies(311)) - start Stream216
2023-03-28 15:12:22,759 [s1-client-thread1] INFO  statemachine.StateMachine (DataStreamTestUtils.java:link(157)) - link SingleDataStream: writeRequest=RaftClientRequest:client-457B6DF8B910->s2@group-3E7FBBA51394, cid=209, seq=0, DataStream, Message:<EMPTY>, logEntry=null
2023-03-28 15:12:22,763 [s2-server-thread1] INFO  statemachine.StateMachine (DataStreamTestUtils.java:link(157)) - link SingleDataStream: writeRequest=RaftClientRequest:client-457B6DF8B910->s2@group-3E7FBBA51394, cid=209, seq=0, DataStream, Message:<EMPTY>, logEntry=null
2023-03-28 15:12:22,767 [pool-5-thread-10] INFO  datastream.DataStreamTestUtils (DataStreamTestUtils.java:writeAndCloseAndAssertReplies(311)) - start Stream217
2023-03-28 15:12:22,768 [s0-server-thread2] INFO  statemachine.StateMachine (DataStreamTestUtils.java:link(157)) - link SingleDataStream: writeRequest=RaftClientRequest:client-457B6DF8B910->s2@group-3E7FBBA51394, cid=209, seq=0, DataStream, Message:<EMPTY>, logEntry=null
2023-03-28 15:12:23,906 [pool-5-thread-12] INFO  datastream.DataStreamTestUtils (DataStreamTestUtils.java:writeAndCloseAndAssertReplies(320)) - Stream211: bytesWritten=3746812
2023-03-28 15:12:23,978 [s1-client-thread1] INFO  statemachine.StateMachine (DataStreamTestUtils.java:link(157)) - link SingleDataStream: writeRequest=RaftClientRequest:client-457B6DF8B910->s2@group-3E7FBBA51394, cid=208, seq=0, DataStream, Message:<EMPTY>, logEntry=null
2023-03-28 15:12:23,981 [s0-server-thread3] INFO  statemachine.StateMachine (DataStreamTestUtils.java:link(157)) - link SingleDataStream: writeRequest=RaftClientRequest:client-457B6DF8B910->s2@group-3E7FBBA51394, cid=208, seq=0, DataStream, Message:<EMPTY>, logEntry=null
2023-03-28 15:12:23,981 [s2-server-thread3] INFO  statemachine.StateMachine (DataStreamTestUtils.java:link(157)) - link SingleDataStream: writeRequest=RaftClientRequest:client-457B6DF8B910->s2@group-3E7FBBA51394, cid=208, seq=0, DataStream, Message:<EMPTY>, logEntry=null
2023-03-28 15:12:23,984 [pool-5-thread-14] INFO  datastream.DataStreamTestUtils (DataStreamTestUtils.java:writeAndCloseAndAssertReplies(311)) - start Stream218
2023-03-28 15:12:27,226 [s1-client-thread1] INFO  statemachine.StateMachine (DataStreamTestUtils.java:link(157)) - link SingleDataStream: writeRequest=RaftClientRequest:client-457B6DF8B910->s2@group-3E7FBBA51394, cid=211, seq=0, DataStream, Message:<EMPTY>, logEntry=null
2023-03-28 15:12:27,243 [s2-server-thread1] INFO  statemachine.StateMachine (DataStreamTestUtils.java:link(157)) - link SingleDataStream: writeRequest=RaftClientRequest:client-457B6DF8B910->s2@group-3E7FBBA51394, cid=211, seq=0, DataStream, Message:<EMPTY>, logEntry=null
2023-03-28 15:12:27,248 [pool-5-thread-12] INFO  datastream.DataStreamTestUtils (DataStreamTestUtils.java:writeAndCloseAndAssertReplies(311)) - start Stream219
2023-03-28 15:12:27,259 [s0-server-thread2] INFO  statemachine.StateMachine (DataStreamTestUtils.java:link(157)) - link SingleDataStream: writeRequest=RaftClientRequest:client-457B6DF8B910->s2@group-3E7FBBA51394, cid=211, seq=0, DataStream, Message:<EMPTY>, logEntry=null
2023-03-28 15:12:29,623 [pool-5-thread-13] INFO  datastream.DataStreamTestUtils (DataStreamTestUtils.java:writeAndCloseAndAssertReplies(320)) - Stream212: bytesWritten=3748700
2023-03-28 15:12:30,188 [Timer-1] INFO  impl.MiniRaftCluster (MiniRaftCluster.java:lambda$start$6(349)) - TIMED-PRINT: printing ALL groups
  s0:  RUNNING  FOLLOWER s0@group-3E7FBBA51394:t1, leader=s1, voted=s1, raftlog=Memoized:s0@group-3E7FBBA51394-SegmentedRaftLog:OPENED:c37, conf=0: peers:[s0|rpc:localhost:34691|admin:localhost:42501|client:localhost:42695|dataStream:localhost:41129|priority:0|startupRole:FOLLOWER, s1|rpc:localhost:45465|admin:localhost:46709|client:localhost:37549|dataStream:localhost:44863|priority:0|startupRole:FOLLOWER, s2|rpc:localhost:41369|admin:localhost:42041|client:localhost:44529|dataStream:localhost:43715|priority:0|startupRole:FOLLOWER]|listeners:[], old=null RUNNING
  s1:  RUNNING    LEADER s1@group-3E7FBBA51394:t1, leader=s1, voted=s1, raftlog=Memoized:s1@group-3E7FBBA51394-SegmentedRaftLog:OPENED:c37, conf=0: peers:[s0|rpc:localhost:34691|admin:localhost:42501|client:localhost:42695|dataStream:localhost:41129|priority:0|startupRole:FOLLOWER, s1|rpc:localhost:45465|admin:localhost:46709|client:localhost:37549|dataStream:localhost:44863|priority:0|startupRole:FOLLOWER, s2|rpc:localhost:41369|admin:localhost:42041|client:localhost:44529|dataStream:localhost:43715|priority:0|startupRole:FOLLOWER]|listeners:[], old=null RUNNING
  s2:  RUNNING  FOLLOWER s2@group-3E7FBBA51394:t1, leader=s1, voted=s1, raftlog=Memoized:s2@group-3E7FBBA51394-SegmentedRaftLog:OPENED:c37, conf=0: peers:[s0|rpc:localhost:34691|admin:localhost:42501|client:localhost:42695|dataStream:localhost:41129|priority:0|startupRole:FOLLOWER, s1|rpc:localhost:45465|admin:localhost:46709|client:localhost:37549|dataStream:localhost:44863|priority:0|startupRole:FOLLOWER, s2|rpc:localhost:41369|admin:localhost:42041|client:localhost:44529|dataStream:localhost:43715|priority:0|startupRole:FOLLOWER]|listeners:[], old=null RUNNING
2023-03-28 15:12:30,648 [pool-5-thread-15] INFO  datastream.DataStreamTestUtils (DataStreamTestUtils.java:writeAndCloseAndAssertReplies(320)) - Stream213: bytesWritten=3738591
2023-03-28 15:12:31,145 [s1-client-thread1] INFO  statemachine.StateMachine (DataStreamTestUtils.java:link(157)) - link SingleDataStream: writeRequest=RaftClientRequest:client-457B6DF8B910->s2@group-3E7FBBA51394, cid=212, seq=0, DataStream, Message:<EMPTY>, logEntry=null
2023-03-28 15:12:31,155 [s0-server-thread3] INFO  statemachine.StateMachine (DataStreamTestUtils.java:link(157)) - link SingleDataStream: writeRequest=RaftClientRequest:client-457B6DF8B910->s2@group-3E7FBBA51394, cid=212, seq=0, DataStream, Message:<EMPTY>, logEntry=null
2023-03-28 15:12:31,155 [s2-server-thread3] INFO  statemachine.StateMachine (DataStreamTestUtils.java:link(157)) - link SingleDataStream: writeRequest=RaftClientRequest:client-457B6DF8B910->s2@group-3E7FBBA51394, cid=212, seq=0, DataStream, Message:<EMPTY>, logEntry=null
2023-03-28 15:12:31,158 [pool-5-thread-13] INFO  datastream.DataStreamTestUtils (DataStreamTestUtils.java:writeAndCloseAndAssertReplies(311)) - start Stream197
2023-03-28 15:12:31,203 [pool-5-thread-16] INFO  datastream.DataStreamTestUtils (DataStreamTestUtils.java:writeAndCloseAndAssertReplies(320)) - Stream214: bytesWritten=3737651
2023-03-28 15:12:31,484 [s1-client-thread1] INFO  statemachine.StateMachine (DataStreamTestUtils.java:link(157)) - link SingleDataStream: writeRequest=RaftClientRequest:client-457B6DF8B910->s2@group-3E7FBBA51394, cid=213, seq=0, DataStream, Message:<EMPTY>, logEntry=null
2023-03-28 15:12:31,486 [s1-client-thread1] INFO  statemachine.StateMachine (DataStreamTestUtils.java:link(157)) - link SingleDataStream: writeRequest=RaftClientRequest:client-457B6DF8B910->s2@group-3E7FBBA51394, cid=214, seq=0, DataStream, Message:<EMPTY>, logEntry=null
2023-03-28 15:12:31,489 [s2-server-thread3] INFO  statemachine.StateMachine (DataStreamTestUtils.java:link(157)) - link SingleDataStream: writeRequest=RaftClientRequest:client-457B6DF8B910->s2@group-3E7FBBA51394, cid=213, seq=0, DataStream, Message:<EMPTY>, logEntry=null
2023-03-28 15:12:31,489 [s2-server-thread3] INFO  statemachine.StateMachine (DataStreamTestUtils.java:link(157)) - link SingleDataStream: writeRequest=RaftClientRequest:client-457B6DF8B910->s2@group-3E7FBBA51394, cid=214, seq=0, DataStream, Message:<EMPTY>, logEntry=null
2023-03-28 15:12:31,492 [pool-5-thread-15] INFO  datastream.DataStreamTestUtils (DataStreamTestUtils.java:writeAndCloseAndAssertReplies(311)) - start Stream220
2023-03-28 15:12:31,493 [pool-5-thread-16] INFO  datastream.DataStreamTestUtils (DataStreamTestUtils.java:writeAndCloseAndAssertReplies(311)) - start Stream221
2023-03-28 15:12:31,508 [s0-server-thread3] INFO  statemachine.StateMachine (DataStreamTestUtils.java:link(157)) - link SingleDataStream: writeRequest=RaftClientRequest:client-457B6DF8B910->s2@group-3E7FBBA51394, cid=213, seq=0, DataStream, Message:<EMPTY>, logEntry=null
2023-03-28 15:12:31,508 [s0-server-thread3] INFO  statemachine.StateMachine (DataStreamTestUtils.java:link(157)) - link SingleDataStream: writeRequest=RaftClientRequest:client-457B6DF8B910->s2@group-3E7FBBA51394, cid=214, seq=0, DataStream, Message:<EMPTY>, logEntry=null
2023-03-28 15:12:31,551 [pool-5-thread-16] INFO  datastream.DataStreamTestUtils (DataStreamTestUtils.java:writeAndCloseAndAssertReplies(320)) - Stream221: bytesWritten=772928
2023-03-28 15:12:31,643 [s1-client-thread1] INFO  statemachine.StateMachine (DataStreamTestUtils.java:link(157)) - link SingleDataStream: writeRequest=RaftClientRequest:client-FFCE9001B258->s1@group-3E7FBBA51394, cid=221, seq=0, DataStream, Message:<EMPTY>, logEntry=null
2023-03-28 15:12:31,645 [s2-server-thread3] INFO  statemachine.StateMachine (DataStreamTestUtils.java:link(157)) - link SingleDataStream: writeRequest=RaftClientRequest:client-FFCE9001B258->s1@group-3E7FBBA51394, cid=221, seq=0, DataStream, Message:<EMPTY>, logEntry=null
2023-03-28 15:12:31,647 [pool-5-thread-16] INFO  datastream.DataStreamTestUtils (DataStreamTestUtils.java:writeAndCloseAndAssertReplies(311)) - start Stream222
2023-03-28 15:12:31,661 [s0-server-thread3] INFO  statemachine.StateMachine (DataStreamTestUtils.java:link(157)) - link SingleDataStream: writeRequest=RaftClientRequest:client-FFCE9001B258->s1@group-3E7FBBA51394, cid=221, seq=0, DataStream, Message:<EMPTY>, logEntry=null
2023-03-28 15:12:31,668 [pool-5-thread-13] INFO  datastream.DataStreamTestUtils (DataStreamTestUtils.java:writeAndCloseAndAssertReplies(320)) - Stream197: bytesWritten=668421
2023-03-28 15:12:31,752 [pool-5-thread-15] INFO  datastream.DataStreamTestUtils (DataStreamTestUtils.java:writeAndCloseAndAssertReplies(320)) - Stream220: bytesWritten=808139
2023-03-28 15:12:31,772 [s1-client-thread1] INFO  statemachine.StateMachine (DataStreamTestUtils.java:link(157)) - link SingleDataStream: writeRequest=RaftClientRequest:client-FFCE9001B258->s1@group-3E7FBBA51394, cid=220, seq=0, DataStream, Message:<EMPTY>, logEntry=null
2023-03-28 15:12:31,784 [s1-client-thread1] INFO  statemachine.StateMachine (DataStreamTestUtils.java:link(157)) - link SingleDataStream: writeRequest=RaftClientRequest:client-FFCE9001B258->s1@group-3E7FBBA51394, cid=197, seq=0, DataStream, Message:<EMPTY>, logEntry=null
2023-03-28 15:12:31,786 [s2-server-thread3] INFO  statemachine.StateMachine (DataStreamTestUtils.java:link(157)) - link SingleDataStream: writeRequest=RaftClientRequest:client-FFCE9001B258->s1@group-3E7FBBA51394, cid=220, seq=0, DataStream, Message:<EMPTY>, logEntry=null
2023-03-28 15:12:31,786 [s2-server-thread3] INFO  statemachine.StateMachine (DataStreamTestUtils.java:link(157)) - link SingleDataStream: writeRequest=RaftClientRequest:client-FFCE9001B258->s1@group-3E7FBBA51394, cid=197, seq=0, DataStream, Message:<EMPTY>, logEntry=null
2023-03-28 15:12:31,787 [s0-server-thread3] INFO  statemachine.StateMachine (DataStreamTestUtils.java:link(157)) - link SingleDataStream: writeRequest=RaftClientRequest:client-FFCE9001B258->s1@group-3E7FBBA51394, cid=220, seq=0, DataStream, Message:<EMPTY>, logEntry=null
2023-03-28 15:12:31,787 [s0-server-thread3] INFO  statemachine.StateMachine (DataStreamTestUtils.java:link(157)) - link SingleDataStream: writeRequest=RaftClientRequest:client-FFCE9001B258->s1@group-3E7FBBA51394, cid=197, seq=0, DataStream, Message:<EMPTY>, logEntry=null
2023-03-28 15:12:31,789 [pool-5-thread-15] INFO  datastream.DataStreamTestUtils (DataStreamTestUtils.java:writeAndCloseAndAssertReplies(311)) - start Stream223
2023-03-28 15:12:31,794 [pool-5-thread-13] INFO  datastream.DataStreamTestUtils (DataStreamTestUtils.java:writeAndCloseAndAssertReplies(311)) - start Stream224
2023-03-28 15:12:31,817 [pool-5-thread-16] INFO  datastream.DataStreamTestUtils (DataStreamTestUtils.java:writeAndCloseAndAssertReplies(320)) - Stream222: bytesWritten=728114
2023-03-28 15:12:31,833 [s1-client-thread1] INFO  statemachine.StateMachine (DataStreamTestUtils.java:link(157)) - link SingleDataStream: writeRequest=RaftClientRequest:client-FFCE9001B258->s1@group-3E7FBBA51394, cid=222, seq=0, DataStream, Message:<EMPTY>, logEntry=null
2023-03-28 15:12:31,834 [s0-server-thread3] INFO  statemachine.StateMachine (DataStreamTestUtils.java:link(157)) - link SingleDataStream: writeRequest=RaftClientRequest:client-FFCE9001B258->s1@group-3E7FBBA51394, cid=222, seq=0, DataStream, Message:<EMPTY>, logEntry=null
2023-03-28 15:12:31,835 [s2-server-thread3] INFO  statemachine.StateMachine (DataStreamTestUtils.java:link(157)) - link SingleDataStream: writeRequest=RaftClientRequest:client-FFCE9001B258->s1@group-3E7FBBA51394, cid=222, seq=0, DataStream, Message:<EMPTY>, logEntry=null
2023-03-28 15:12:31,838 [pool-5-thread-16] INFO  datastream.DataStreamTestUtils (DataStreamTestUtils.java:writeAndCloseAndAssertReplies(311)) - start Stream225
2023-03-28 15:12:31,874 [pool-5-thread-16] INFO  datastream.DataStreamTestUtils (DataStreamTestUtils.java:writeAndCloseAndAssertReplies(320)) - Stream225: bytesWritten=776406
2023-03-28 15:12:31,876 [pool-5-thread-13] INFO  datastream.DataStreamTestUtils (DataStreamTestUtils.java:writeAndCloseAndAssertReplies(320)) - Stream224: bytesWritten=701808
2023-03-28 15:12:31,878 [s1-client-thread1] INFO  statemachine.StateMachine (DataStreamTestUtils.java:link(157)) - link SingleDataStream: writeRequest=RaftClientRequest:client-FFCE9001B258->s1@group-3E7FBBA51394, cid=225, seq=0, DataStream, Message:<EMPTY>, logEntry=null
2023-03-28 15:12:31,880 [s1-client-thread1] INFO  statemachine.StateMachine (DataStreamTestUtils.java:link(157)) - link SingleDataStream: writeRequest=RaftClientRequest:client-FFCE9001B258->s1@group-3E7FBBA51394, cid=224, seq=0, DataStream, Message:<EMPTY>, logEntry=null
2023-03-28 15:12:31,893 [s2-server-thread3] INFO  statemachine.StateMachine (DataStreamTestUtils.java:link(157)) - link SingleDataStream: writeRequest=RaftClientRequest:client-FFCE9001B258->s1@group-3E7FBBA51394, cid=225, seq=0, DataStream, Message:<EMPTY>, logEntry=null
2023-03-28 15:12:31,894 [s2-server-thread3] INFO  statemachine.StateMachine (DataStreamTestUtils.java:link(157)) - link SingleDataStream: writeRequest=RaftClientRequest:client-FFCE9001B258->s1@group-3E7FBBA51394, cid=224, seq=0, DataStream, Message:<EMPTY>, logEntry=null
2023-03-28 15:12:31,894 [s0-server-thread3] INFO  statemachine.StateMachine (DataStreamTestUtils.java:link(157)) - link SingleDataStream: writeRequest=RaftClientRequest:client-FFCE9001B258->s1@group-3E7FBBA51394, cid=225, seq=0, DataStream, Message:<EMPTY>, logEntry=null
2023-03-28 15:12:31,895 [s0-server-thread3] INFO  statemachine.StateMachine (DataStreamTestUtils.java:link(157)) - link SingleDataStream: writeRequest=RaftClientRequest:client-FFCE9001B258->s1@group-3E7FBBA51394, cid=224, seq=0, DataStream, Message:<EMPTY>, logEntry=null
2023-03-28 15:12:31,899 [pool-5-thread-16] INFO  datastream.DataStreamTestUtils (DataStreamTestUtils.java:writeAndCloseAndAssertReplies(311)) - start Stream226
2023-03-28 15:12:31,902 [pool-5-thread-13] INFO  datastream.DataStreamTestUtils (DataStreamTestUtils.java:writeAndCloseAndAssertReplies(311)) - start Stream227
2023-03-28 15:12:31,919 [pool-5-thread-16] INFO  datastream.DataStreamTestUtils (DataStreamTestUtils.java:writeAndCloseAndAssertReplies(320)) - Stream226: bytesWritten=676629
2023-03-28 15:12:31,943 [s1-client-thread1] INFO  statemachine.StateMachine (DataStreamTestUtils.java:link(157)) - link SingleDataStream: writeRequest=RaftClientRequest:client-FFCE9001B258->s1@group-3E7FBBA51394, cid=226, seq=0, DataStream, Message:<EMPTY>, logEntry=null
2023-03-28 15:12:31,946 [s2-server-thread1] INFO  statemachine.StateMachine (DataStreamTestUtils.java:link(157)) - link SingleDataStream: writeRequest=RaftClientRequest:client-FFCE9001B258->s1@group-3E7FBBA51394, cid=226, seq=0, DataStream, Message:<EMPTY>, logEntry=null
2023-03-28 15:12:31,949 [pool-5-thread-16] INFO  datastream.DataStreamTestUtils (DataStreamTestUtils.java:writeAndCloseAndAssertReplies(311)) - start Stream228
2023-03-28 15:12:31,960 [s0-server-thread3] INFO  statemachine.StateMachine (DataStreamTestUtils.java:link(157)) - link SingleDataStream: writeRequest=RaftClientRequest:client-FFCE9001B258->s1@group-3E7FBBA51394, cid=226, seq=0, DataStream, Message:<EMPTY>, logEntry=null
2023-03-28 15:12:31,980 [pool-5-thread-16] INFO  datastream.DataStreamTestUtils (DataStreamTestUtils.java:writeAndCloseAndAssertReplies(320)) - Stream228: bytesWritten=777158
2023-03-28 15:12:31,983 [pool-5-thread-15] INFO  datastream.DataStreamTestUtils (DataStreamTestUtils.java:writeAndCloseAndAssertReplies(320)) - Stream223: bytesWritten=686682
2023-03-28 15:12:31,989 [s1-client-thread1] INFO  statemachine.StateMachine (DataStreamTestUtils.java:link(157)) - link SingleDataStream: writeRequest=RaftClientRequest:client-FFCE9001B258->s1@group-3E7FBBA51394, cid=228, seq=0, DataStream, Message:<EMPTY>, logEntry=null
2023-03-28 15:12:31,991 [s2-server-thread1] INFO  statemachine.StateMachine (DataStreamTestUtils.java:link(157)) - link SingleDataStream: writeRequest=RaftClientRequest:client-FFCE9001B258->s1@group-3E7FBBA51394, cid=228, seq=0, DataStream, Message:<EMPTY>, logEntry=null
2023-03-28 15:12:31,994 [pool-5-thread-16] INFO  datastream.DataStreamTestUtils (DataStreamTestUtils.java:writeAndCloseAndAssertReplies(311)) - start Stream198
2023-03-28 15:12:31,997 [s0-server-thread3] INFO  statemachine.StateMachine (DataStreamTestUtils.java:link(157)) - link SingleDataStream: writeRequest=RaftClientRequest:client-FFCE9001B258->s1@group-3E7FBBA51394, cid=228, seq=0, DataStream, Message:<EMPTY>, logEntry=null
2023-03-28 15:12:32,017 [s1-client-thread1] INFO  statemachine.StateMachine (DataStreamTestUtils.java:link(157)) - link SingleDataStream: writeRequest=RaftClientRequest:client-FFCE9001B258->s1@group-3E7FBBA51394, cid=223, seq=0, DataStream, Message:<EMPTY>, logEntry=null
2023-03-28 15:12:32,019 [s0-server-thread3] INFO  statemachine.StateMachine (DataStreamTestUtils.java:link(157)) - link SingleDataStream: writeRequest=RaftClientRequest:client-FFCE9001B258->s1@group-3E7FBBA51394, cid=223, seq=0, DataStream, Message:<EMPTY>, logEntry=null
2023-03-28 15:12:32,024 [pool-5-thread-15] INFO  datastream.DataStreamTestUtils (DataStreamTestUtils.java:writeAndCloseAndAssertReplies(311)) - start Stream229
2023-03-28 15:12:32,029 [s2-server-thread1] INFO  statemachine.StateMachine (DataStreamTestUtils.java:link(157)) - link SingleDataStream: writeRequest=RaftClientRequest:client-FFCE9001B258->s1@group-3E7FBBA51394, cid=223, seq=0, DataStream, Message:<EMPTY>, logEntry=null
2023-03-28 15:12:32,056 [pool-5-thread-15] INFO  datastream.DataStreamTestUtils (DataStreamTestUtils.java:writeAndCloseAndAssertReplies(320)) - Stream229: bytesWritten=848202
2023-03-28 15:12:32,130 [pool-5-thread-13] INFO  datastream.DataStreamTestUtils (DataStreamTestUtils.java:writeAndCloseAndAssertReplies(320)) - Stream227: bytesWritten=812771
2023-03-28 15:12:32,145 [pool-5-thread-16] INFO  datastream.DataStreamTestUtils (DataStreamTestUtils.java:writeAndCloseAndAssertReplies(320)) - Stream198: bytesWritten=718471
2023-03-28 15:12:32,212 [s1-client-thread1] INFO  statemachine.StateMachine (DataStreamTestUtils.java:link(157)) - link SingleDataStream: writeRequest=RaftClientRequest:client-FFCE9001B258->s1@group-3E7FBBA51394, cid=227, seq=0, DataStream, Message:<EMPTY>, logEntry=null
2023-03-28 15:12:32,213 [s1-client-thread2] INFO  statemachine.StateMachine (DataStreamTestUtils.java:link(157)) - link SingleDataStream: writeRequest=RaftClientRequest:client-0330656F9BB9->s1@group-3E7FBBA51394, cid=229, seq=0, DataStream, Message:<EMPTY>, logEntry=null
2023-03-28 15:12:32,214 [s2-server-thread1] INFO  statemachine.StateMachine (DataStreamTestUtils.java:link(157)) - link SingleDataStream: writeRequest=RaftClientRequest:client-FFCE9001B258->s1@group-3E7FBBA51394, cid=227, seq=0, DataStream, Message:<EMPTY>, logEntry=null
2023-03-28 15:12:32,215 [s1-client-thread2] INFO  statemachine.StateMachine (DataStreamTestUtils.java:link(157)) - link SingleDataStream: writeRequest=RaftClientRequest:client-0330656F9BB9->s1@group-3E7FBBA51394, cid=198, seq=0, DataStream, Message:<EMPTY>, logEntry=null
2023-03-28 15:12:32,217 [s0-server-thread3] INFO  statemachine.StateMachine (DataStreamTestUtils.java:link(157)) - link SingleDataStream: writeRequest=RaftClientRequest:client-FFCE9001B258->s1@group-3E7FBBA51394, cid=227, seq=0, DataStream, Message:<EMPTY>, logEntry=null
2023-03-28 15:12:32,217 [s0-server-thread3] INFO  statemachine.StateMachine (DataStreamTestUtils.java:link(157)) - link SingleDataStream: writeRequest=RaftClientRequest:client-0330656F9BB9->s1@group-3E7FBBA51394, cid=229, seq=0, DataStream, Message:<EMPTY>, logEntry=null
2023-03-28 15:12:32,218 [pool-5-thread-13] INFO  datastream.DataStreamTestUtils (DataStreamTestUtils.java:writeAndCloseAndAssertReplies(311)) - start Stream230
2023-03-28 15:12:32,225 [s2-server-thread1] INFO  statemachine.StateMachine (DataStreamTestUtils.java:link(157)) - link SingleDataStream: writeRequest=RaftClientRequest:client-0330656F9BB9->s1@group-3E7FBBA51394, cid=229, seq=0, DataStream, Message:<EMPTY>, logEntry=null
2023-03-28 15:12:32,226 [s2-server-thread1] INFO  statemachine.StateMachine (DataStreamTestUtils.java:link(157)) - link SingleDataStream: writeRequest=RaftClientRequest:client-0330656F9BB9->s1@group-3E7FBBA51394, cid=198, seq=0, DataStream, Message:<EMPTY>, logEntry=null
2023-03-28 15:12:32,231 [pool-5-thread-15] INFO  datastream.DataStreamTestUtils (DataStreamTestUtils.java:writeAndCloseAndAssertReplies(311)) - start Stream231
2023-03-28 15:12:32,233 [s0-server-thread3] INFO  statemachine.StateMachine (DataStreamTestUtils.java:link(157)) - link SingleDataStream: writeRequest=RaftClientRequest:client-0330656F9BB9->s1@group-3E7FBBA51394, cid=198, seq=0, DataStream, Message:<EMPTY>, logEntry=null
2023-03-28 15:12:32,244 [pool-5-thread-16] INFO  datastream.DataStreamTestUtils (DataStreamTestUtils.java:writeAndCloseAndAssertReplies(311)) - start Stream232
2023-03-28 15:12:32,261 [pool-5-thread-13] INFO  datastream.DataStreamTestUtils (DataStreamTestUtils.java:writeAndCloseAndAssertReplies(320)) - Stream230: bytesWritten=739296
2023-03-28 15:12:32,267 [pool-5-thread-16] INFO  datastream.DataStreamTestUtils (DataStreamTestUtils.java:writeAndCloseAndAssertReplies(320)) - Stream232: bytesWritten=839328
2023-03-28 15:12:32,277 [s1-client-thread2] INFO  statemachine.StateMachine (DataStreamTestUtils.java:link(157)) - link SingleDataStream: writeRequest=RaftClientRequest:client-0330656F9BB9->s1@group-3E7FBBA51394, cid=230, seq=0, DataStream, Message:<EMPTY>, logEntry=null
2023-03-28 15:12:32,279 [s1-client-thread2] INFO  statemachine.StateMachine (DataStreamTestUtils.java:link(157)) - link SingleDataStream: writeRequest=RaftClientRequest:client-0330656F9BB9->s1@group-3E7FBBA51394, cid=232, seq=0, DataStream, Message:<EMPTY>, logEntry=null
2023-03-28 15:12:32,281 [pool-5-thread-15] INFO  datastream.DataStreamTestUtils (DataStreamTestUtils.java:writeAndCloseAndAssertReplies(320)) - Stream231: bytesWritten=718130
2023-03-28 15:12:32,282 [s0-server-thread3] INFO  statemachine.StateMachine (DataStreamTestUtils.java:link(157)) - link SingleDataStream: writeRequest=RaftClientRequest:client-0330656F9BB9->s1@group-3E7FBBA51394, cid=230, seq=0, DataStream, Message:<EMPTY>, logEntry=null
2023-03-28 15:12:32,282 [s0-server-thread3] INFO  statemachine.StateMachine (DataStreamTestUtils.java:link(157)) - link SingleDataStream: writeRequest=RaftClientRequest:client-0330656F9BB9->s1@group-3E7FBBA51394, cid=232, seq=0, DataStream, Message:<EMPTY>, logEntry=null
2023-03-28 15:12:32,285 [pool-5-thread-16] INFO  datastream.DataStreamTestUtils (DataStreamTestUtils.java:writeAndCloseAndAssertReplies(311)) - start Stream233
2023-03-28 15:12:32,286 [s1-client-thread2] INFO  statemachine.StateMachine (DataStreamTestUtils.java:link(157)) - link SingleDataStream: writeRequest=RaftClientRequest:client-0330656F9BB9->s1@group-3E7FBBA51394, cid=231, seq=0, DataStream, Message:<EMPTY>, logEntry=null
2023-03-28 15:12:32,286 [s2-server-thread1] INFO  statemachine.StateMachine (DataStreamTestUtils.java:link(157)) - link SingleDataStream: writeRequest=RaftClientRequest:client-0330656F9BB9->s1@group-3E7FBBA51394, cid=230, seq=0, DataStream, Message:<EMPTY>, logEntry=null
2023-03-28 15:12:32,287 [s2-server-thread1] INFO  statemachine.StateMachine (DataStreamTestUtils.java:link(157)) - link SingleDataStream: writeRequest=RaftClientRequest:client-0330656F9BB9->s1@group-3E7FBBA51394, cid=232, seq=0, DataStream, Message:<EMPTY>, logEntry=null
2023-03-28 15:12:32,291 [pool-5-thread-13] INFO  datastream.DataStreamTestUtils (DataStreamTestUtils.java:writeAndCloseAndAssertReplies(311)) - start Stream234
2023-03-28 15:12:32,330 [s0-server-thread3] INFO  statemachine.StateMachine (DataStreamTestUtils.java:link(157)) - link SingleDataStream: writeRequest=RaftClientRequest:client-0330656F9BB9->s1@group-3E7FBBA51394, cid=231, seq=0, DataStream, Message:<EMPTY>, logEntry=null
2023-03-28 15:12:32,333 [s2-server-thread1] INFO  statemachine.StateMachine (DataStreamTestUtils.java:link(157)) - link SingleDataStream: writeRequest=RaftClientRequest:client-0330656F9BB9->s1@group-3E7FBBA51394, cid=231, seq=0, DataStream, Message:<EMPTY>, logEntry=null
2023-03-28 15:12:32,334 [pool-5-thread-15] INFO  datastream.DataStreamTestUtils (DataStreamTestUtils.java:writeAndCloseAndAssertReplies(311)) - start Stream235
2023-03-28 15:12:32,353 [pool-5-thread-15] INFO  datastream.DataStreamTestUtils (DataStreamTestUtils.java:writeAndCloseAndAssertReplies(320)) - Stream235: bytesWritten=774095
2023-03-28 15:12:32,360 [s1-client-thread2] INFO  statemachine.StateMachine (DataStreamTestUtils.java:link(157)) - link SingleDataStream: writeRequest=RaftClientRequest:client-0330656F9BB9->s1@group-3E7FBBA51394, cid=235, seq=0, DataStream, Message:<EMPTY>, logEntry=null
2023-03-28 15:12:32,363 [s0-server-thread3] INFO  statemachine.StateMachine (DataStreamTestUtils.java:link(157)) - link SingleDataStream: writeRequest=RaftClientRequest:client-0330656F9BB9->s1@group-3E7FBBA51394, cid=235, seq=0, DataStream, Message:<EMPTY>, logEntry=null
2023-03-28 15:12:32,368 [pool-5-thread-15] INFO  datastream.DataStreamTestUtils (DataStreamTestUtils.java:writeAndCloseAndAssertReplies(311)) - start Stream236
2023-03-28 15:12:32,378 [s2-server-thread1] INFO  statemachine.StateMachine (DataStreamTestUtils.java:link(157)) - link SingleDataStream: writeRequest=RaftClientRequest:client-0330656F9BB9->s1@group-3E7FBBA51394, cid=235, seq=0, DataStream, Message:<EMPTY>, logEntry=null
2023-03-28 15:12:32,401 [pool-5-thread-16] INFO  datastream.DataStreamTestUtils (DataStreamTestUtils.java:writeAndCloseAndAssertReplies(320)) - Stream233: bytesWritten=728708
2023-03-28 15:12:32,411 [s1-client-thread2] INFO  statemachine.StateMachine (DataStreamTestUtils.java:link(157)) - link SingleDataStream: writeRequest=RaftClientRequest:client-0330656F9BB9->s1@group-3E7FBBA51394, cid=233, seq=0, DataStream, Message:<EMPTY>, logEntry=null
2023-03-28 15:12:32,414 [s0-server-thread3] INFO  statemachine.StateMachine (DataStreamTestUtils.java:link(157)) - link SingleDataStream: writeRequest=RaftClientRequest:client-0330656F9BB9->s1@group-3E7FBBA51394, cid=233, seq=0, DataStream, Message:<EMPTY>, logEntry=null
2023-03-28 15:12:32,415 [s2-server-thread1] INFO  statemachine.StateMachine (DataStreamTestUtils.java:link(157)) - link SingleDataStream: writeRequest=RaftClientRequest:client-0330656F9BB9->s1@group-3E7FBBA51394, cid=233, seq=0, DataStream, Message:<EMPTY>, logEntry=null
2023-03-28 15:12:32,417 [pool-5-thread-16] INFO  datastream.DataStreamTestUtils (DataStreamTestUtils.java:writeAndCloseAndAssertReplies(311)) - start Stream237
2023-03-28 15:12:32,419 [pool-5-thread-13] INFO  datastream.DataStreamTestUtils (DataStreamTestUtils.java:writeAndCloseAndAssertReplies(320)) - Stream234: bytesWritten=834046
2023-03-28 15:12:32,431 [pool-5-thread-3] INFO  datastream.DataStreamTestUtils (DataStreamTestUtils.java:writeAndCloseAndAssertReplies(311)) - start Stream238
2023-03-28 15:12:32,514 [pool-5-thread-15] INFO  datastream.DataStreamTestUtils (DataStreamTestUtils.java:writeAndCloseAndAssertReplies(320)) - Stream236: bytesWritten=737745
2023-03-28 15:12:32,525 [s1-client-thread2] INFO  statemachine.StateMachine (DataStreamTestUtils.java:link(157)) - link SingleDataStream: writeRequest=RaftClientRequest:client-0330656F9BB9->s1@group-3E7FBBA51394, cid=234, seq=0, DataStream, Message:<EMPTY>, logEntry=null
2023-03-28 15:12:32,552 [pool-5-thread-16] INFO  datastream.DataStreamTestUtils (DataStreamTestUtils.java:writeAndCloseAndAssertReplies(320)) - Stream237: bytesWritten=751685
2023-03-28 15:12:32,554 [s1-client-thread2] INFO  statemachine.StateMachine (DataStreamTestUtils.java:link(157)) - link SingleDataStream: writeRequest=RaftClientRequest:client-0330656F9BB9->s1@group-3E7FBBA51394, cid=237, seq=0, DataStream, Message:<EMPTY>, logEntry=null
2023-03-28 15:12:32,578 [s2-server-thread1] INFO  statemachine.StateMachine (DataStreamTestUtils.java:link(157)) - link SingleDataStream: writeRequest=RaftClientRequest:client-0330656F9BB9->s1@group-3E7FBBA51394, cid=234, seq=0, DataStream, Message:<EMPTY>, logEntry=null
2023-03-28 15:12:32,578 [s2-server-thread1] INFO  statemachine.StateMachine (DataStreamTestUtils.java:link(157)) - link SingleDataStream: writeRequest=RaftClientRequest:client-0330656F9BB9->s1@group-3E7FBBA51394, cid=237, seq=0, DataStream, Message:<EMPTY>, logEntry=null
2023-03-28 15:12:32,582 [pool-5-thread-13] INFO  datastream.DataStreamTestUtils (DataStreamTestUtils.java:writeAndCloseAndAssertReplies(311)) - start Stream240
2023-03-28 15:12:32,582 [pool-5-thread-16] INFO  datastream.DataStreamTestUtils (DataStreamTestUtils.java:writeAndCloseAndAssertReplies(311)) - start Stream241
2023-03-28 15:12:32,583 [s0-server-thread3] INFO  statemachine.StateMachine (DataStreamTestUtils.java:link(157)) - link SingleDataStream: writeRequest=RaftClientRequest:client-0330656F9BB9->s1@group-3E7FBBA51394, cid=234, seq=0, DataStream, Message:<EMPTY>, logEntry=null
2023-03-28 15:12:32,583 [s0-server-thread3] INFO  statemachine.StateMachine (DataStreamTestUtils.java:link(157)) - link SingleDataStream: writeRequest=RaftClientRequest:client-0330656F9BB9->s1@group-3E7FBBA51394, cid=237, seq=0, DataStream, Message:<EMPTY>, logEntry=null
2023-03-28 15:12:32,589 [s1-client-thread2] INFO  statemachine.StateMachine (DataStreamTestUtils.java:link(157)) - link SingleDataStream: writeRequest=RaftClientRequest:client-0330656F9BB9->s1@group-3E7FBBA51394, cid=236, seq=0, DataStream, Message:<EMPTY>, logEntry=null
2023-03-28 15:12:32,595 [s0-server-thread3] INFO  statemachine.StateMachine (DataStreamTestUtils.java:link(157)) - link SingleDataStream: writeRequest=RaftClientRequest:client-0330656F9BB9->s1@group-3E7FBBA51394, cid=236, seq=0, DataStream, Message:<EMPTY>, logEntry=null
2023-03-28 15:12:32,597 [pool-5-thread-15] INFO  datastream.DataStreamTestUtils (DataStreamTestUtils.java:writeAndCloseAndAssertReplies(311)) - start Stream242
2023-03-28 15:12:32,604 [s2-server-thread1] INFO  statemachine.StateMachine (DataStreamTestUtils.java:link(157)) - link SingleDataStream: writeRequest=RaftClientRequest:client-0330656F9BB9->s1@group-3E7FBBA51394, cid=236, seq=0, DataStream, Message:<EMPTY>, logEntry=null
2023-03-28 15:12:32,651 [pool-5-thread-13] INFO  datastream.DataStreamTestUtils (DataStreamTestUtils.java:writeAndCloseAndAssertReplies(320)) - Stream240: bytesWritten=635148
2023-03-28 15:12:32,683 [pool-5-thread-15] INFO  datastream.DataStreamTestUtils (DataStreamTestUtils.java:writeAndCloseAndAssertReplies(320)) - Stream242: bytesWritten=835078
2023-03-28 15:12:32,684 [pool-5-thread-16] INFO  datastream.DataStreamTestUtils (DataStreamTestUtils.java:writeAndCloseAndAssertReplies(320)) - Stream241: bytesWritten=787637
2023-03-28 15:12:32,732 [pool-5-thread-8] INFO  datastream.DataStreamTestUtils (DataStreamTestUtils.java:writeAndCloseAndAssertReplies(320)) - Stream215: bytesWritten=3740209
2023-03-28 15:12:32,794 [s1-client-thread2] INFO  statemachine.StateMachine (DataStreamTestUtils.java:link(157)) - link SingleDataStream: writeRequest=RaftClientRequest:client-457B6DF8B910->s2@group-3E7FBBA51394, cid=215, seq=0, DataStream, Message:<EMPTY>, logEntry=null
2023-03-28 15:12:32,864 [pool-5-thread-7] INFO  datastream.DataStreamTestUtils (DataStreamTestUtils.java:writeAndCloseAndAssertReplies(311)) - start Stream243
2023-03-28 15:12:32,892 [s2-server-thread1] INFO  statemachine.StateMachine (DataStreamTestUtils.java:link(157)) - link SingleDataStream: writeRequest=RaftClientRequest:client-457B6DF8B910->s2@group-3E7FBBA51394, cid=215, seq=0, DataStream, Message:<EMPTY>, logEntry=null
2023-03-28 15:12:32,893 [s0-server-thread3] INFO  statemachine.StateMachine (DataStreamTestUtils.java:link(157)) - link SingleDataStream: writeRequest=RaftClientRequest:client-457B6DF8B910->s2@group-3E7FBBA51394, cid=215, seq=0, DataStream, Message:<EMPTY>, logEntry=null
2023-03-28 15:12:32,987 [pool-5-thread-7] INFO  datastream.DataStreamTestUtils (DataStreamTestUtils.java:writeAndCloseAndAssertReplies(320)) - Stream243: bytesWritten=763258
2023-03-28 15:12:33,010 [pool-5-thread-8] INFO  datastream.DataStreamTestUtils (DataStreamTestUtils.java:writeAndCloseAndAssertReplies(311)) - start Stream244
2023-03-28 15:12:33,056 [pool-5-thread-8] INFO  datastream.DataStreamTestUtils (DataStreamTestUtils.java:writeAndCloseAndAssertReplies(320)) - Stream244: bytesWritten=785082
2023-03-28 15:12:33,191 [s1-client-thread2] INFO  statemachine.StateMachine (DataStreamTestUtils.java:link(157)) - link SingleDataStream: writeRequest=RaftClientRequest:client-72A0727C8B05->s0@group-3E7FBBA51394, cid=240, seq=0, DataStream, Message:<EMPTY>, logEntry=null
2023-03-28 15:12:33,192 [s1-client-thread2] INFO  statemachine.StateMachine (DataStreamTestUtils.java:link(157)) - link SingleDataStream: writeRequest=RaftClientRequest:client-72A0727C8B05->s0@group-3E7FBBA51394, cid=242, seq=0, DataStream, Message:<EMPTY>, logEntry=null
2023-03-28 15:12:33,192 [s0-server-thread3] INFO  statemachine.StateMachine (DataStreamTestUtils.java:link(157)) - link SingleDataStream: writeRequest=RaftClientRequest:client-72A0727C8B05->s0@group-3E7FBBA51394, cid=240, seq=0, DataStream, Message:<EMPTY>, logEntry=null
2023-03-28 15:12:33,193 [s1-client-thread2] INFO  statemachine.StateMachine (DataStreamTestUtils.java:link(157)) - link SingleDataStream: writeRequest=RaftClientRequest:client-72A0727C8B05->s0@group-3E7FBBA51394, cid=241, seq=0, DataStream, Message:<EMPTY>, logEntry=null
2023-03-28 15:12:33,199 [pool-5-thread-13] INFO  datastream.DataStreamTestUtils (DataStreamTestUtils.java:writeAndCloseAndAssertReplies(311)) - start Stream245
2023-03-28 15:12:33,199 [s1-client-thread2] INFO  statemachine.StateMachine (DataStreamTestUtils.java:link(157)) - link SingleDataStream: writeRequest=RaftClientRequest:client-72A0727C8B05->s0@group-3E7FBBA51394, cid=243, seq=0, DataStream, Message:<EMPTY>, logEntry=null
2023-03-28 15:12:33,200 [s1-client-thread2] INFO  statemachine.StateMachine (DataStreamTestUtils.java:link(157)) - link SingleDataStream: writeRequest=RaftClientRequest:client-72A0727C8B05->s0@group-3E7FBBA51394, cid=244, seq=0, DataStream, Message:<EMPTY>, logEntry=null
2023-03-28 15:12:33,204 [s2-server-thread1] INFO  statemachine.StateMachine (DataStreamTestUtils.java:link(157)) - link SingleDataStream: writeRequest=RaftClientRequest:client-72A0727C8B05->s0@group-3E7FBBA51394, cid=240, seq=0, DataStream, Message:<EMPTY>, logEntry=null
2023-03-28 15:12:33,204 [s2-server-thread1] INFO  statemachine.StateMachine (DataStreamTestUtils.java:link(157)) - link SingleDataStream: writeRequest=RaftClientRequest:client-72A0727C8B05->s0@group-3E7FBBA51394, cid=242, seq=0, DataStream, Message:<EMPTY>, logEntry=null
2023-03-28 15:12:33,204 [s2-server-thread1] INFO  statemachine.StateMachine (DataStreamTestUtils.java:link(157)) - link SingleDataStream: writeRequest=RaftClientRequest:client-72A0727C8B05->s0@group-3E7FBBA51394, cid=241, seq=0, DataStream, Message:<EMPTY>, logEntry=null
2023-03-28 15:12:33,205 [s2-server-thread1] INFO  statemachine.StateMachine (DataStreamTestUtils.java:link(157)) - link SingleDataStream: writeRequest=RaftClientRequest:client-72A0727C8B05->s0@group-3E7FBBA51394, cid=243, seq=0, DataStream, Message:<EMPTY>, logEntry=null
2023-03-28 15:12:33,205 [s2-server-thread1] INFO  statemachine.StateMachine (DataStreamTestUtils.java:link(157)) - link SingleDataStream: writeRequest=RaftClientRequest:client-72A0727C8B05->s0@group-3E7FBBA51394, cid=244, seq=0, DataStream, Message:<EMPTY>, logEntry=null
2023-03-28 15:12:33,214 [pool-5-thread-15] INFO  datastream.DataStreamTestUtils (DataStreamTestUtils.java:writeAndCloseAndAssertReplies(311)) - start Stream246
2023-03-28 15:12:33,215 [pool-5-thread-16] INFO  datastream.DataStreamTestUtils (DataStreamTestUtils.java:writeAndCloseAndAssertReplies(311)) - start Stream247
2023-03-28 15:12:33,217 [s0-server-thread3] INFO  statemachine.StateMachine (DataStreamTestUtils.java:link(157)) - link SingleDataStream: writeRequest=RaftClientRequest:client-72A0727C8B05->s0@group-3E7FBBA51394, cid=242, seq=0, DataStream, Message:<EMPTY>, logEntry=null
2023-03-28 15:12:33,217 [s0-server-thread3] INFO  statemachine.StateMachine (DataStreamTestUtils.java:link(157)) - link SingleDataStream: writeRequest=RaftClientRequest:client-72A0727C8B05->s0@group-3E7FBBA51394, cid=241, seq=0, DataStream, Message:<EMPTY>, logEntry=null
2023-03-28 15:12:33,217 [s0-server-thread3] INFO  statemachine.StateMachine (DataStreamTestUtils.java:link(157)) - link SingleDataStream: writeRequest=RaftClientRequest:client-72A0727C8B05->s0@group-3E7FBBA51394, cid=243, seq=0, DataStream, Message:<EMPTY>, logEntry=null
2023-03-28 15:12:33,217 [s0-server-thread3] INFO  statemachine.StateMachine (DataStreamTestUtils.java:link(157)) - link SingleDataStream: writeRequest=RaftClientRequest:client-72A0727C8B05->s0@group-3E7FBBA51394, cid=244, seq=0, DataStream, Message:<EMPTY>, logEntry=null
2023-03-28 15:12:33,220 [pool-5-thread-7] INFO  datastream.DataStreamTestUtils (DataStreamTestUtils.java:writeAndCloseAndAssertReplies(311)) - start Stream248
2023-03-28 15:12:33,231 [pool-5-thread-8] INFO  datastream.DataStreamTestUtils (DataStreamTestUtils.java:writeAndCloseAndAssertReplies(311)) - start Stream249
2023-03-28 15:12:33,294 [pool-5-thread-7] INFO  datastream.DataStreamTestUtils (DataStreamTestUtils.java:writeAndCloseAndAssertReplies(320)) - Stream248: bytesWritten=779705
2023-03-28 15:12:33,297 [s1-client-thread2] INFO  statemachine.StateMachine (DataStreamTestUtils.java:link(157)) - link SingleDataStream: writeRequest=RaftClientRequest:client-72A0727C8B05->s0@group-3E7FBBA51394, cid=248, seq=0, DataStream, Message:<EMPTY>, logEntry=null
2023-03-28 15:12:33,300 [s2-server-thread1] INFO  statemachine.StateMachine (DataStreamTestUtils.java:link(157)) - link SingleDataStream: writeRequest=RaftClientRequest:client-72A0727C8B05->s0@group-3E7FBBA51394, cid=248, seq=0, DataStream, Message:<EMPTY>, logEntry=null
2023-03-28 15:12:33,303 [pool-5-thread-7] INFO  datastream.DataStreamTestUtils (DataStreamTestUtils.java:writeAndCloseAndAssertReplies(311)) - start Stream250
2023-03-28 15:12:33,307 [s0-server-thread3] INFO  statemachine.StateMachine (DataStreamTestUtils.java:link(157)) - link SingleDataStream: writeRequest=RaftClientRequest:client-72A0727C8B05->s0@group-3E7FBBA51394, cid=248, seq=0, DataStream, Message:<EMPTY>, logEntry=null
2023-03-28 15:12:33,309 [pool-5-thread-13] INFO  datastream.DataStreamTestUtils (DataStreamTestUtils.java:writeAndCloseAndAssertReplies(320)) - Stream245: bytesWritten=751584
2023-03-28 15:12:33,317 [s1-client-thread2] INFO  statemachine.StateMachine (DataStreamTestUtils.java:link(157)) - link SingleDataStream: writeRequest=RaftClientRequest:client-72A0727C8B05->s0@group-3E7FBBA51394, cid=245, seq=0, DataStream, Message:<EMPTY>, logEntry=null
2023-03-28 15:12:33,326 [s2-server-thread1] INFO  statemachine.StateMachine (DataStreamTestUtils.java:link(157)) - link SingleDataStream: writeRequest=RaftClientRequest:client-72A0727C8B05->s0@group-3E7FBBA51394, cid=245, seq=0, DataStream, Message:<EMPTY>, logEntry=null
2023-03-28 15:12:33,328 [pool-5-thread-13] INFO  datastream.DataStreamTestUtils (DataStreamTestUtils.java:writeAndCloseAndAssertReplies(311)) - start Stream251
2023-03-28 15:12:33,340 [s0-server-thread3] INFO  statemachine.StateMachine (DataStreamTestUtils.java:link(157)) - link SingleDataStream: writeRequest=RaftClientRequest:client-72A0727C8B05->s0@group-3E7FBBA51394, cid=245, seq=0, DataStream, Message:<EMPTY>, logEntry=null
2023-03-28 15:12:33,343 [pool-5-thread-16] INFO  datastream.DataStreamTestUtils (DataStreamTestUtils.java:writeAndCloseAndAssertReplies(320)) - Stream247: bytesWritten=758182
2023-03-28 15:12:33,345 [pool-5-thread-8] INFO  datastream.DataStreamTestUtils (DataStreamTestUtils.java:writeAndCloseAndAssertReplies(320)) - Stream249: bytesWritten=734152
2023-03-28 15:12:33,349 [s1-client-thread2] INFO  statemachine.StateMachine (DataStreamTestUtils.java:link(157)) - link SingleDataStream: writeRequest=RaftClientRequest:client-72A0727C8B05->s0@group-3E7FBBA51394, cid=247, seq=0, DataStream, Message:<EMPTY>, logEntry=null
2023-03-28 15:12:33,350 [s1-client-thread2] INFO  statemachine.StateMachine (DataStreamTestUtils.java:link(157)) - link SingleDataStream: writeRequest=RaftClientRequest:client-72A0727C8B05->s0@group-3E7FBBA51394, cid=249, seq=0, DataStream, Message:<EMPTY>, logEntry=null
2023-03-28 15:12:33,354 [s2-server-thread1] INFO  statemachine.StateMachine (DataStreamTestUtils.java:link(157)) - link SingleDataStream: writeRequest=RaftClientRequest:client-72A0727C8B05->s0@group-3E7FBBA51394, cid=247, seq=0, DataStream, Message:<EMPTY>, logEntry=null
2023-03-28 15:12:33,356 [pool-5-thread-16] INFO  datastream.DataStreamTestUtils (DataStreamTestUtils.java:writeAndCloseAndAssertReplies(311)) - start Stream252
2023-03-28 15:12:33,364 [s2-server-thread1] INFO  statemachine.StateMachine (DataStreamTestUtils.java:link(157)) - link SingleDataStream: writeRequest=RaftClientRequest:client-72A0727C8B05->s0@group-3E7FBBA51394, cid=249, seq=0, DataStream, Message:<EMPTY>, logEntry=null
2023-03-28 15:12:33,367 [pool-5-thread-8] INFO  datastream.DataStreamTestUtils (DataStreamTestUtils.java:writeAndCloseAndAssertReplies(311)) - start Stream253
2023-03-28 15:12:33,367 [s0-server-thread3] INFO  statemachine.StateMachine (DataStreamTestUtils.java:link(157)) - link SingleDataStream: writeRequest=RaftClientRequest:client-72A0727C8B05->s0@group-3E7FBBA51394, cid=247, seq=0, DataStream, Message:<EMPTY>, logEntry=null
2023-03-28 15:12:33,367 [s0-server-thread3] INFO  statemachine.StateMachine (DataStreamTestUtils.java:link(157)) - link SingleDataStream: writeRequest=RaftClientRequest:client-72A0727C8B05->s0@group-3E7FBBA51394, cid=249, seq=0, DataStream, Message:<EMPTY>, logEntry=null
2023-03-28 15:12:33,427 [pool-5-thread-13] INFO  datastream.DataStreamTestUtils (DataStreamTestUtils.java:writeAndCloseAndAssertReplies(320)) - Stream251: bytesWritten=844798
2023-03-28 15:12:33,441 [pool-5-thread-15] INFO  datastream.DataStreamTestUtils (DataStreamTestUtils.java:writeAndCloseAndAssertReplies(320)) - Stream246: bytesWritten=801138
2023-03-28 15:12:33,450 [pool-5-thread-16] INFO  datastream.DataStreamTestUtils (DataStreamTestUtils.java:writeAndCloseAndAssertReplies(320)) - Stream252: bytesWritten=730689
2023-03-28 15:12:33,450 [pool-5-thread-7] INFO  datastream.DataStreamTestUtils (DataStreamTestUtils.java:writeAndCloseAndAssertReplies(320)) - Stream250: bytesWritten=749199
2023-03-28 15:12:33,461 [pool-5-thread-8] INFO  datastream.DataStreamTestUtils (DataStreamTestUtils.java:writeAndCloseAndAssertReplies(320)) - Stream253: bytesWritten=748989
2023-03-28 15:12:33,463 [s1-client-thread2] INFO  statemachine.StateMachine (DataStreamTestUtils.java:link(157)) - link SingleDataStream: writeRequest=RaftClientRequest:client-72A0727C8B05->s0@group-3E7FBBA51394, cid=246, seq=0, DataStream, Message:<EMPTY>, logEntry=null
2023-03-28 15:12:33,465 [s2-server-thread1] INFO  statemachine.StateMachine (DataStreamTestUtils.java:link(157)) - link SingleDataStream: writeRequest=RaftClientRequest:client-72A0727C8B05->s0@group-3E7FBBA51394, cid=246, seq=0, DataStream, Message:<EMPTY>, logEntry=null
2023-03-28 15:12:33,540 [s0-server-thread3] INFO  statemachine.StateMachine (DataStreamTestUtils.java:link(157)) - link SingleDataStream: writeRequest=RaftClientRequest:client-72A0727C8B05->s0@group-3E7FBBA51394, cid=246, seq=0, DataStream, Message:<EMPTY>, logEntry=null
2023-03-28 15:12:33,540 [pool-5-thread-15] INFO  datastream.DataStreamTestUtils (DataStreamTestUtils.java:writeAndCloseAndAssertReplies(311)) - start Stream254
2023-03-28 15:12:33,717 [pool-5-thread-6] INFO  datastream.DataStreamTestUtils (DataStreamTestUtils.java:writeAndCloseAndAssertReplies(311)) - start Stream255
2023-03-28 15:12:33,786 [pool-5-thread-6] INFO  datastream.DataStreamTestUtils (DataStreamTestUtils.java:writeAndCloseAndAssertReplies(320)) - Stream255: bytesWritten=777218
2023-03-28 15:12:33,902 [s1-client-thread2] INFO  statemachine.StateMachine (DataStreamTestUtils.java:link(157)) - link SingleDataStream: writeRequest=RaftClientRequest:client-9BA9E3420B61->s1@group-3E7FBBA51394, cid=251, seq=0, DataStream, Message:<EMPTY>, logEntry=null
2023-03-28 15:12:33,907 [s1-client-thread2] INFO  statemachine.StateMachine (DataStreamTestUtils.java:link(157)) - link SingleDataStream: writeRequest=RaftClientRequest:client-9BA9E3420B61->s1@group-3E7FBBA51394, cid=252, seq=0, DataStream, Message:<EMPTY>, logEntry=null
2023-03-28 15:12:33,909 [s1-client-thread2] INFO  statemachine.StateMachine (DataStreamTestUtils.java:link(157)) - link SingleDataStream: writeRequest=RaftClientRequest:client-9BA9E3420B61->s1@group-3E7FBBA51394, cid=250, seq=0, DataStream, Message:<EMPTY>, logEntry=null
2023-03-28 15:12:33,910 [s1-client-thread2] INFO  statemachine.StateMachine (DataStreamTestUtils.java:link(157)) - link SingleDataStream: writeRequest=RaftClientRequest:client-9BA9E3420B61->s1@group-3E7FBBA51394, cid=253, seq=0, DataStream, Message:<EMPTY>, logEntry=null
2023-03-28 15:12:33,912 [s0-server-thread3] INFO  statemachine.StateMachine (DataStreamTestUtils.java:link(157)) - link SingleDataStream: writeRequest=RaftClientRequest:client-9BA9E3420B61->s1@group-3E7FBBA51394, cid=251, seq=0, DataStream, Message:<EMPTY>, logEntry=null
2023-03-28 15:12:33,913 [s0-server-thread3] INFO  statemachine.StateMachine (DataStreamTestUtils.java:link(157)) - link SingleDataStream: writeRequest=RaftClientRequest:client-9BA9E3420B61->s1@group-3E7FBBA51394, cid=252, seq=0, DataStream, Message:<EMPTY>, logEntry=null
2023-03-28 15:12:33,915 [s2-server-thread1] INFO  statemachine.StateMachine (DataStreamTestUtils.java:link(157)) - link SingleDataStream: writeRequest=RaftClientRequest:client-9BA9E3420B61->s1@group-3E7FBBA51394, cid=251, seq=0, DataStream, Message:<EMPTY>, logEntry=null
2023-03-28 15:12:33,915 [s2-server-thread1] INFO  statemachine.StateMachine (DataStreamTestUtils.java:link(157)) - link SingleDataStream: writeRequest=RaftClientRequest:client-9BA9E3420B61->s1@group-3E7FBBA51394, cid=252, seq=0, DataStream, Message:<EMPTY>, logEntry=null
2023-03-28 15:12:33,916 [s2-server-thread1] INFO  statemachine.StateMachine (DataStreamTestUtils.java:link(157)) - link SingleDataStream: writeRequest=RaftClientRequest:client-9BA9E3420B61->s1@group-3E7FBBA51394, cid=250, seq=0, DataStream, Message:<EMPTY>, logEntry=null
2023-03-28 15:12:33,916 [s2-server-thread1] INFO  statemachine.StateMachine (DataStreamTestUtils.java:link(157)) - link SingleDataStream: writeRequest=RaftClientRequest:client-9BA9E3420B61->s1@group-3E7FBBA51394, cid=253, seq=0, DataStream, Message:<EMPTY>, logEntry=null
2023-03-28 15:12:33,924 [s0-server-thread3] INFO  statemachine.StateMachine (DataStreamTestUtils.java:link(157)) - link SingleDataStream: writeRequest=RaftClientRequest:client-9BA9E3420B61->s1@group-3E7FBBA51394, cid=250, seq=0, DataStream, Message:<EMPTY>, logEntry=null
2023-03-28 15:12:33,924 [s0-server-thread3] INFO  statemachine.StateMachine (DataStreamTestUtils.java:link(157)) - link SingleDataStream: writeRequest=RaftClientRequest:client-9BA9E3420B61->s1@group-3E7FBBA51394, cid=253, seq=0, DataStream, Message:<EMPTY>, logEntry=null
2023-03-28 15:12:33,935 [pool-5-thread-15] INFO  datastream.DataStreamTestUtils (DataStreamTestUtils.java:writeAndCloseAndAssertReplies(320)) - Stream254: bytesWritten=774442
2023-03-28 15:12:33,935 [pool-5-thread-13] INFO  datastream.DataStreamTestUtils (DataStreamTestUtils.java:writeAndCloseAndAssertReplies(311)) - start Stream256
2023-03-28 15:12:33,940 [pool-5-thread-16] INFO  datastream.DataStreamTestUtils (DataStreamTestUtils.java:writeAndCloseAndAssertReplies(311)) - start Stream257
2023-03-28 15:12:33,944 [s1-client-thread2] INFO  statemachine.StateMachine (DataStreamTestUtils.java:link(157)) - link SingleDataStream: writeRequest=RaftClientRequest:client-9BA9E3420B61->s1@group-3E7FBBA51394, cid=255, seq=0, DataStream, Message:<EMPTY>, logEntry=null
2023-03-28 15:12:33,945 [pool-5-thread-7] INFO  datastream.DataStreamTestUtils (DataStreamTestUtils.java:writeAndCloseAndAssertReplies(311)) - start Stream258
2023-03-28 15:12:33,945 [pool-5-thread-8] INFO  datastream.DataStreamTestUtils (DataStreamTestUtils.java:writeAndCloseAndAssertReplies(311)) - start Stream259
2023-03-28 15:12:33,979 [s1-client-thread2] INFO  statemachine.StateMachine (DataStreamTestUtils.java:link(157)) - link SingleDataStream: writeRequest=RaftClientRequest:client-9BA9E3420B61->s1@group-3E7FBBA51394, cid=254, seq=0, DataStream, Message:<EMPTY>, logEntry=null
2023-03-28 15:12:33,999 [s0-server-thread3] INFO  statemachine.StateMachine (DataStreamTestUtils.java:link(157)) - link SingleDataStream: writeRequest=RaftClientRequest:client-9BA9E3420B61->s1@group-3E7FBBA51394, cid=255, seq=0, DataStream, Message:<EMPTY>, logEntry=null
2023-03-28 15:12:33,999 [s0-server-thread3] INFO  statemachine.StateMachine (DataStreamTestUtils.java:link(157)) - link SingleDataStream: writeRequest=RaftClientRequest:client-9BA9E3420B61->s1@group-3E7FBBA51394, cid=254, seq=0, DataStream, Message:<EMPTY>, logEntry=null
2023-03-28 15:12:33,999 [s2-server-thread1] INFO  statemachine.StateMachine (DataStreamTestUtils.java:link(157)) - link SingleDataStream: writeRequest=RaftClientRequest:client-9BA9E3420B61->s1@group-3E7FBBA51394, cid=255, seq=0, DataStream, Message:<EMPTY>, logEntry=null
2023-03-28 15:12:34,000 [s2-server-thread1] INFO  statemachine.StateMachine (DataStreamTestUtils.java:link(157)) - link SingleDataStream: writeRequest=RaftClientRequest:client-9BA9E3420B61->s1@group-3E7FBBA51394, cid=254, seq=0, DataStream, Message:<EMPTY>, logEntry=null
2023-03-28 15:12:34,002 [pool-5-thread-6] INFO  datastream.DataStreamTestUtils (DataStreamTestUtils.java:writeAndCloseAndAssertReplies(311)) - start Stream239
2023-03-28 15:12:34,017 [pool-5-thread-15] INFO  datastream.DataStreamTestUtils (DataStreamTestUtils.java:writeAndCloseAndAssertReplies(311)) - start Stream260
2023-03-28 15:12:34,030 [pool-5-thread-16] INFO  datastream.DataStreamTestUtils (DataStreamTestUtils.java:writeAndCloseAndAssertReplies(320)) - Stream257: bytesWritten=700083
2023-03-28 15:12:34,031 [pool-5-thread-7] INFO  datastream.DataStreamTestUtils (DataStreamTestUtils.java:writeAndCloseAndAssertReplies(320)) - Stream258: bytesWritten=738993
2023-03-28 15:12:34,031 [pool-5-thread-13] INFO  datastream.DataStreamTestUtils (DataStreamTestUtils.java:writeAndCloseAndAssertReplies(320)) - Stream256: bytesWritten=750172
2023-03-28 15:12:34,036 [s1-client-thread2] INFO  statemachine.StateMachine (DataStreamTestUtils.java:link(157)) - link SingleDataStream: writeRequest=RaftClientRequest:client-9BA9E3420B61->s1@group-3E7FBBA51394, cid=258, seq=0, DataStream, Message:<EMPTY>, logEntry=null
2023-03-28 15:12:34,038 [s1-client-thread2] INFO  statemachine.StateMachine (DataStreamTestUtils.java:link(157)) - link SingleDataStream: writeRequest=RaftClientRequest:client-9BA9E3420B61->s1@group-3E7FBBA51394, cid=257, seq=0, DataStream, Message:<EMPTY>, logEntry=null
2023-03-28 15:12:34,044 [s1-client-thread2] INFO  statemachine.StateMachine (DataStreamTestUtils.java:link(157)) - link SingleDataStream: writeRequest=RaftClientRequest:client-9BA9E3420B61->s1@group-3E7FBBA51394, cid=256, seq=0, DataStream, Message:<EMPTY>, logEntry=null
2023-03-28 15:12:34,063 [pool-5-thread-8] INFO  datastream.DataStreamTestUtils (DataStreamTestUtils.java:writeAndCloseAndAssertReplies(320)) - Stream259: bytesWritten=784357
2023-03-28 15:12:34,075 [s1-client-thread2] INFO  statemachine.StateMachine (DataStreamTestUtils.java:link(157)) - link SingleDataStream: writeRequest=RaftClientRequest:client-9BA9E3420B61->s1@group-3E7FBBA51394, cid=259, seq=0, DataStream, Message:<EMPTY>, logEntry=null
2023-03-28 15:12:34,087 [s0-server-thread3] INFO  statemachine.StateMachine (DataStreamTestUtils.java:link(157)) - link SingleDataStream: writeRequest=RaftClientRequest:client-9BA9E3420B61->s1@group-3E7FBBA51394, cid=258, seq=0, DataStream, Message:<EMPTY>, logEntry=null
2023-03-28 15:12:34,087 [s0-server-thread3] INFO  statemachine.StateMachine (DataStreamTestUtils.java:link(157)) - link SingleDataStream: writeRequest=RaftClientRequest:client-9BA9E3420B61->s1@group-3E7FBBA51394, cid=257, seq=0, DataStream, Message:<EMPTY>, logEntry=null
2023-03-28 15:12:34,087 [s0-server-thread3] INFO  statemachine.StateMachine (DataStreamTestUtils.java:link(157)) - link SingleDataStream: writeRequest=RaftClientRequest:client-9BA9E3420B61->s1@group-3E7FBBA51394, cid=256, seq=0, DataStream, Message:<EMPTY>, logEntry=null
2023-03-28 15:12:34,087 [s0-server-thread3] INFO  statemachine.StateMachine (DataStreamTestUtils.java:link(157)) - link SingleDataStream: writeRequest=RaftClientRequest:client-9BA9E3420B61->s1@group-3E7FBBA51394, cid=259, seq=0, DataStream, Message:<EMPTY>, logEntry=null
2023-03-28 15:12:34,092 [pool-5-thread-16] INFO  datastream.DataStreamTestUtils (DataStreamTestUtils.java:writeAndCloseAndAssertReplies(311)) - start Stream261
2023-03-28 15:12:34,095 [pool-5-thread-13] INFO  datastream.DataStreamTestUtils (DataStreamTestUtils.java:writeAndCloseAndAssertReplies(311)) - start Stream262
2023-03-28 15:12:34,098 [pool-5-thread-7] INFO  datastream.DataStreamTestUtils (DataStreamTestUtils.java:writeAndCloseAndAssertReplies(311)) - start Stream263
2023-03-28 15:12:34,101 [pool-5-thread-8] INFO  datastream.DataStreamTestUtils (DataStreamTestUtils.java:writeAndCloseAndAssertReplies(311)) - start Stream264
2023-03-28 15:12:34,130 [s2-server-thread1] INFO  statemachine.StateMachine (DataStreamTestUtils.java:link(157)) - link SingleDataStream: writeRequest=RaftClientRequest:client-9BA9E3420B61->s1@group-3E7FBBA51394, cid=258, seq=0, DataStream, Message:<EMPTY>, logEntry=null
2023-03-28 15:12:34,130 [s2-server-thread1] INFO  statemachine.StateMachine (DataStreamTestUtils.java:link(157)) - link SingleDataStream: writeRequest=RaftClientRequest:client-9BA9E3420B61->s1@group-3E7FBBA51394, cid=257, seq=0, DataStream, Message:<EMPTY>, logEntry=null
2023-03-28 15:12:34,130 [s2-server-thread1] INFO  statemachine.StateMachine (DataStreamTestUtils.java:link(157)) - link SingleDataStream: writeRequest=RaftClientRequest:client-9BA9E3420B61->s1@group-3E7FBBA51394, cid=256, seq=0, DataStream, Message:<EMPTY>, logEntry=null
2023-03-28 15:12:34,130 [s2-server-thread1] INFO  statemachine.StateMachine (DataStreamTestUtils.java:link(157)) - link SingleDataStream: writeRequest=RaftClientRequest:client-9BA9E3420B61->s1@group-3E7FBBA51394, cid=259, seq=0, DataStream, Message:<EMPTY>, logEntry=null
2023-03-28 15:12:34,382 [pool-5-thread-5] INFO  datastream.DataStreamTestUtils (DataStreamTestUtils.java:writeAndCloseAndAssertReplies(311)) - start Stream265
2023-03-28 15:12:34,383 [pool-5-thread-1] INFO  datastream.DataStreamTestUtils (DataStreamTestUtils.java:writeAndCloseAndAssertReplies(311)) - start Stream266
2023-03-28 15:12:36,597 [pool-5-thread-11] INFO  datastream.DataStreamTestUtils (DataStreamTestUtils.java:writeAndCloseAndAssertReplies(320)) - Stream216: bytesWritten=3733411
2023-03-28 15:12:36,611 [s1-client-thread2] INFO  statemachine.StateMachine (DataStreamTestUtils.java:link(157)) - link SingleDataStream: writeRequest=RaftClientRequest:client-457B6DF8B910->s2@group-3E7FBBA51394, cid=216, seq=0, DataStream, Message:<EMPTY>, logEntry=null
2023-03-28 15:12:36,619 [s2-server-thread1] INFO  statemachine.StateMachine (DataStreamTestUtils.java:link(157)) - link SingleDataStream: writeRequest=RaftClientRequest:client-457B6DF8B910->s2@group-3E7FBBA51394, cid=216, seq=0, DataStream, Message:<EMPTY>, logEntry=null
2023-03-28 15:12:36,622 [pool-5-thread-11] INFO  datastream.DataStreamTestUtils (DataStreamTestUtils.java:writeAndCloseAndAssertReplies(311)) - start Stream267
2023-03-28 15:12:36,626 [s0-server-thread3] INFO  statemachine.StateMachine (DataStreamTestUtils.java:link(157)) - link SingleDataStream: writeRequest=RaftClientRequest:client-457B6DF8B910->s2@group-3E7FBBA51394, cid=216, seq=0, DataStream, Message:<EMPTY>, logEntry=null
2023-03-28 15:12:38,906 [pool-5-thread-10] INFO  datastream.DataStreamTestUtils (DataStreamTestUtils.java:writeAndCloseAndAssertReplies(320)) - Stream217: bytesWritten=3749724
2023-03-28 15:12:38,916 [s1-client-thread2] INFO  statemachine.StateMachine (DataStreamTestUtils.java:link(157)) - link SingleDataStream: writeRequest=RaftClientRequest:client-457B6DF8B910->s2@group-3E7FBBA51394, cid=217, seq=0, DataStream, Message:<EMPTY>, logEntry=null
2023-03-28 15:12:38,921 [s0-server-thread3] INFO  statemachine.StateMachine (DataStreamTestUtils.java:link(157)) - link SingleDataStream: writeRequest=RaftClientRequest:client-457B6DF8B910->s2@group-3E7FBBA51394, cid=217, seq=0, DataStream, Message:<EMPTY>, logEntry=null
2023-03-28 15:12:38,928 [pool-5-thread-10] INFO  datastream.DataStreamTestUtils (DataStreamTestUtils.java:writeAndCloseAndAssertReplies(311)) - start Stream268
2023-03-28 15:12:39,005 [s2-server-thread1] INFO  statemachine.StateMachine (DataStreamTestUtils.java:link(157)) - link SingleDataStream: writeRequest=RaftClientRequest:client-457B6DF8B910->s2@group-3E7FBBA51394, cid=217, seq=0, DataStream, Message:<EMPTY>, logEntry=null
2023-03-28 15:12:40,208 [Timer-1] INFO  impl.MiniRaftCluster (MiniRaftCluster.java:lambda$start$6(349)) - TIMED-PRINT: printing ALL groups
  s0:  RUNNING  FOLLOWER s0@group-3E7FBBA51394:t1, leader=s1, voted=s1, raftlog=Memoized:s0@group-3E7FBBA51394-SegmentedRaftLog:OPENED:c113, conf=0: peers:[s0|rpc:localhost:34691|admin:localhost:42501|client:localhost:42695|dataStream:localhost:41129|priority:0|startupRole:FOLLOWER, s1|rpc:localhost:45465|admin:localhost:46709|client:localhost:37549|dataStream:localhost:44863|priority:0|startupRole:FOLLOWER, s2|rpc:localhost:41369|admin:localhost:42041|client:localhost:44529|dataStream:localhost:43715|priority:0|startupRole:FOLLOWER]|listeners:[], old=null RUNNING
  s1:  RUNNING    LEADER s1@group-3E7FBBA51394:t1, leader=s1, voted=s1, raftlog=Memoized:s1@group-3E7FBBA51394-SegmentedRaftLog:OPENED:c113, conf=0: peers:[s0|rpc:localhost:34691|admin:localhost:42501|client:localhost:42695|dataStream:localhost:41129|priority:0|startupRole:FOLLOWER, s1|rpc:localhost:45465|admin:localhost:46709|client:localhost:37549|dataStream:localhost:44863|priority:0|startupRole:FOLLOWER, s2|rpc:localhost:41369|admin:localhost:42041|client:localhost:44529|dataStream:localhost:43715|priority:0|startupRole:FOLLOWER]|listeners:[], old=null RUNNING
  s2:  RUNNING  FOLLOWER s2@group-3E7FBBA51394:t1, leader=s1, voted=s1, raftlog=Memoized:s2@group-3E7FBBA51394-SegmentedRaftLog:OPENED:c113, conf=0: peers:[s0|rpc:localhost:34691|admin:localhost:42501|client:localhost:42695|dataStream:localhost:41129|priority:0|startupRole:FOLLOWER, s1|rpc:localhost:45465|admin:localhost:46709|client:localhost:37549|dataStream:localhost:44863|priority:0|startupRole:FOLLOWER, s2|rpc:localhost:41369|admin:localhost:42041|client:localhost:44529|dataStream:localhost:43715|priority:0|startupRole:FOLLOWER]|listeners:[], old=null RUNNING
2023-03-28 15:12:41,821 [pool-5-thread-14] INFO  datastream.DataStreamTestUtils (DataStreamTestUtils.java:writeAndCloseAndAssertReplies(320)) - Stream218: bytesWritten=3752344
2023-03-28 15:12:41,835 [s1-client-thread2] INFO  statemachine.StateMachine (DataStreamTestUtils.java:link(157)) - link SingleDataStream: writeRequest=RaftClientRequest:client-457B6DF8B910->s2@group-3E7FBBA51394, cid=218, seq=0, DataStream, Message:<EMPTY>, logEntry=null
2023-03-28 15:12:41,841 [s0-server-thread3] INFO  statemachine.StateMachine (DataStreamTestUtils.java:link(157)) - link SingleDataStream: writeRequest=RaftClientRequest:client-457B6DF8B910->s2@group-3E7FBBA51394, cid=218, seq=0, DataStream, Message:<EMPTY>, logEntry=null
2023-03-28 15:12:41,842 [s2-server-thread1] INFO  statemachine.StateMachine (DataStreamTestUtils.java:link(157)) - link SingleDataStream: writeRequest=RaftClientRequest:client-457B6DF8B910->s2@group-3E7FBBA51394, cid=218, seq=0, DataStream, Message:<EMPTY>, logEntry=null
2023-03-28 15:12:41,844 [pool-5-thread-14] INFO  datastream.DataStreamTestUtils (DataStreamTestUtils.java:writeAndCloseAndAssertReplies(311)) - start Stream269
2023-03-28 15:12:48,657 [pool-5-thread-12] INFO  datastream.DataStreamTestUtils (DataStreamTestUtils.java:writeAndCloseAndAssertReplies(320)) - Stream219: bytesWritten=3751367
2023-03-28 15:12:48,705 [s1-client-thread2] INFO  statemachine.StateMachine (DataStreamTestUtils.java:link(157)) - link SingleDataStream: writeRequest=RaftClientRequest:client-457B6DF8B910->s2@group-3E7FBBA51394, cid=219, seq=0, DataStream, Message:<EMPTY>, logEntry=null
2023-03-28 15:12:48,707 [s0-server-thread3] INFO  statemachine.StateMachine (DataStreamTestUtils.java:link(157)) - link SingleDataStream: writeRequest=RaftClientRequest:client-457B6DF8B910->s2@group-3E7FBBA51394, cid=219, seq=0, DataStream, Message:<EMPTY>, logEntry=null
2023-03-28 15:12:48,710 [s2-server-thread1] INFO  statemachine.StateMachine (DataStreamTestUtils.java:link(157)) - link SingleDataStream: writeRequest=RaftClientRequest:client-457B6DF8B910->s2@group-3E7FBBA51394, cid=219, seq=0, DataStream, Message:<EMPTY>, logEntry=null
2023-03-28 15:12:48,711 [pool-5-thread-12] INFO  datastream.DataStreamTestUtils (DataStreamTestUtils.java:writeAndCloseAndAssertReplies(311)) - start Stream270
2023-03-28 15:12:48,855 [pool-5-thread-4] INFO  datastream.DataStreamTestUtils (DataStreamTestUtils.java:writeAndCloseAndAssertReplies(311)) - start Stream271
2023-03-28 15:12:50,207 [Timer-1] INFO  impl.MiniRaftCluster (MiniRaftCluster.java:lambda$start$6(349)) - TIMED-PRINT: printing ALL groups
  s0:  RUNNING  FOLLOWER s0@group-3E7FBBA51394:t1, leader=s1, voted=s1, raftlog=Memoized:s0@group-3E7FBBA51394-SegmentedRaftLog:OPENED:c117, conf=0: peers:[s0|rpc:localhost:34691|admin:localhost:42501|client:localhost:42695|dataStream:localhost:41129|priority:0|startupRole:FOLLOWER, s1|rpc:localhost:45465|admin:localhost:46709|client:localhost:37549|dataStream:localhost:44863|priority:0|startupRole:FOLLOWER, s2|rpc:localhost:41369|admin:localhost:42041|client:localhost:44529|dataStream:localhost:43715|priority:0|startupRole:FOLLOWER]|listeners:[], old=null RUNNING
  s1:  RUNNING    LEADER s1@group-3E7FBBA51394:t1, leader=s1, voted=s1, raftlog=Memoized:s1@group-3E7FBBA51394-SegmentedRaftLog:OPENED:c117, conf=0: peers:[s0|rpc:localhost:34691|admin:localhost:42501|client:localhost:42695|dataStream:localhost:41129|priority:0|startupRole:FOLLOWER, s1|rpc:localhost:45465|admin:localhost:46709|client:localhost:37549|dataStream:localhost:44863|priority:0|startupRole:FOLLOWER, s2|rpc:localhost:41369|admin:localhost:42041|client:localhost:44529|dataStream:localhost:43715|priority:0|startupRole:FOLLOWER]|listeners:[], old=null RUNNING
  s2:  RUNNING  FOLLOWER s2@group-3E7FBBA51394:t1, leader=s1, voted=s1, raftlog=Memoized:s2@group-3E7FBBA51394-SegmentedRaftLog:OPENED:c117, conf=0: peers:[s0|rpc:localhost:34691|admin:localhost:42501|client:localhost:42695|dataStream:localhost:41129|priority:0|startupRole:FOLLOWER, s1|rpc:localhost:45465|admin:localhost:46709|client:localhost:37549|dataStream:localhost:44863|priority:0|startupRole:FOLLOWER, s2|rpc:localhost:41369|admin:localhost:42041|client:localhost:44529|dataStream:localhost:43715|priority:0|startupRole:FOLLOWER]|listeners:[], old=null RUNNING
2023-03-28 15:12:52,580 [pool-5-thread-15] INFO  datastream.DataStreamTestUtils (DataStreamTestUtils.java:writeAndCloseAndAssertReplies(320)) - Stream260: bytesWritten=3745650
2023-03-28 15:12:52,866 [pool-5-thread-3] INFO  datastream.DataStreamTestUtils (DataStreamTestUtils.java:writeAndCloseAndAssertReplies(320)) - Stream238: bytesWritten=3739416
2023-03-28 15:12:52,964 [pool-5-thread-8] INFO  datastream.DataStreamTestUtils (DataStreamTestUtils.java:writeAndCloseAndAssertReplies(320)) - Stream264: bytesWritten=3752493
2023-03-28 15:12:53,510 [pool-5-thread-1] INFO  datastream.DataStreamTestUtils (DataStreamTestUtils.java:writeAndCloseAndAssertReplies(320)) - Stream266: bytesWritten=3755248
2023-03-28 15:12:53,971 [pool-5-thread-6] INFO  datastream.DataStreamTestUtils (DataStreamTestUtils.java:writeAndCloseAndAssertReplies(320)) - Stream239: bytesWritten=3746720
2023-03-28 15:12:54,822 [pool-5-thread-13] INFO  datastream.DataStreamTestUtils (DataStreamTestUtils.java:writeAndCloseAndAssertReplies(320)) - Stream262: bytesWritten=3740767
2023-03-28 15:12:54,928 [pool-5-thread-16] INFO  datastream.DataStreamTestUtils (DataStreamTestUtils.java:writeAndCloseAndAssertReplies(320)) - Stream261: bytesWritten=3752382
2023-03-28 15:12:55,040 [pool-5-thread-7] INFO  datastream.DataStreamTestUtils (DataStreamTestUtils.java:writeAndCloseAndAssertReplies(320)) - Stream263: bytesWritten=3745592
2023-03-28 15:12:56,165 [pool-5-thread-5] INFO  datastream.DataStreamTestUtils (DataStreamTestUtils.java:writeAndCloseAndAssertReplies(320)) - Stream265: bytesWritten=3743832
2023-03-28 15:12:59,380 [s1-client-thread2] INFO  statemachine.StateMachine (DataStreamTestUtils.java:link(157)) - link SingleDataStream: writeRequest=RaftClientRequest:client-B16F836A5406->s2@group-3E7FBBA51394, cid=238, seq=0, DataStream, Message:<EMPTY>, logEntry=null
2023-03-28 15:12:59,387 [s1-client-thread1] INFO  statemachine.StateMachine (DataStreamTestUtils.java:link(157)) - link SingleDataStream: writeRequest=RaftClientRequest:client-B16F836A5406->s2@group-3E7FBBA51394, cid=260, seq=0, DataStream, Message:<EMPTY>, logEntry=null
2023-03-28 15:12:59,389 [s1-client-thread1] INFO  statemachine.StateMachine (DataStreamTestUtils.java:link(157)) - link SingleDataStream: writeRequest=RaftClientRequest:client-B16F836A5406->s2@group-3E7FBBA51394, cid=266, seq=0, DataStream, Message:<EMPTY>, logEntry=null
2023-03-28 15:12:59,390 [s1-client-thread1] INFO  statemachine.StateMachine (DataStreamTestUtils.java:link(157)) - link SingleDataStream: writeRequest=RaftClientRequest:client-B16F836A5406->s2@group-3E7FBBA51394, cid=265, seq=0, DataStream, Message:<EMPTY>, logEntry=null
2023-03-28 15:12:59,391 [s1-client-thread1] INFO  statemachine.StateMachine (DataStreamTestUtils.java:link(157)) - link SingleDataStream: writeRequest=RaftClientRequest:client-B16F836A5406->s2@group-3E7FBBA51394, cid=264, seq=0, DataStream, Message:<EMPTY>, logEntry=null
2023-03-28 15:12:59,392 [s1-client-thread1] INFO  statemachine.StateMachine (DataStreamTestUtils.java:link(157)) - link SingleDataStream: writeRequest=RaftClientRequest:client-B16F836A5406->s2@group-3E7FBBA51394, cid=262, seq=0, DataStream, Message:<EMPTY>, logEntry=null
2023-03-28 15:12:59,392 [s1-client-thread2] INFO  statemachine.StateMachine (DataStreamTestUtils.java:link(157)) - link SingleDataStream: writeRequest=RaftClientRequest:client-B16F836A5406->s2@group-3E7FBBA51394, cid=263, seq=0, DataStream, Message:<EMPTY>, logEntry=null
2023-03-28 15:12:59,394 [s1-client-thread2] INFO  statemachine.StateMachine (DataStreamTestUtils.java:link(157)) - link SingleDataStream: writeRequest=RaftClientRequest:client-B16F836A5406->s2@group-3E7FBBA51394, cid=239, seq=0, DataStream, Message:<EMPTY>, logEntry=null
2023-03-28 15:12:59,395 [s0-server-thread3] INFO  statemachine.StateMachine (DataStreamTestUtils.java:link(157)) - link SingleDataStream: writeRequest=RaftClientRequest:client-B16F836A5406->s2@group-3E7FBBA51394, cid=238, seq=0, DataStream, Message:<EMPTY>, logEntry=null
2023-03-28 15:12:59,395 [s0-server-thread3] INFO  statemachine.StateMachine (DataStreamTestUtils.java:link(157)) - link SingleDataStream: writeRequest=RaftClientRequest:client-B16F836A5406->s2@group-3E7FBBA51394, cid=260, seq=0, DataStream, Message:<EMPTY>, logEntry=null
2023-03-28 15:12:59,395 [s0-server-thread3] INFO  statemachine.StateMachine (DataStreamTestUtils.java:link(157)) - link SingleDataStream: writeRequest=RaftClientRequest:client-B16F836A5406->s2@group-3E7FBBA51394, cid=266, seq=0, DataStream, Message:<EMPTY>, logEntry=null
2023-03-28 15:12:59,395 [s0-server-thread3] INFO  statemachine.StateMachine (DataStreamTestUtils.java:link(157)) - link SingleDataStream: writeRequest=RaftClientRequest:client-B16F836A5406->s2@group-3E7FBBA51394, cid=265, seq=0, DataStream, Message:<EMPTY>, logEntry=null
2023-03-28 15:12:59,395 [s0-server-thread3] INFO  statemachine.StateMachine (DataStreamTestUtils.java:link(157)) - link SingleDataStream: writeRequest=RaftClientRequest:client-B16F836A5406->s2@group-3E7FBBA51394, cid=264, seq=0, DataStream, Message:<EMPTY>, logEntry=null
2023-03-28 15:12:59,395 [s0-server-thread3] INFO  statemachine.StateMachine (DataStreamTestUtils.java:link(157)) - link SingleDataStream: writeRequest=RaftClientRequest:client-B16F836A5406->s2@group-3E7FBBA51394, cid=262, seq=0, DataStream, Message:<EMPTY>, logEntry=null
2023-03-28 15:12:59,396 [s2-server-thread1] INFO  statemachine.StateMachine (DataStreamTestUtils.java:link(157)) - link SingleDataStream: writeRequest=RaftClientRequest:client-B16F836A5406->s2@group-3E7FBBA51394, cid=238, seq=0, DataStream, Message:<EMPTY>, logEntry=null
2023-03-28 15:12:59,396 [s2-server-thread1] INFO  statemachine.StateMachine (DataStreamTestUtils.java:link(157)) - link SingleDataStream: writeRequest=RaftClientRequest:client-B16F836A5406->s2@group-3E7FBBA51394, cid=260, seq=0, DataStream, Message:<EMPTY>, logEntry=null
2023-03-28 15:12:59,396 [s2-server-thread1] INFO  statemachine.StateMachine (DataStreamTestUtils.java:link(157)) - link SingleDataStream: writeRequest=RaftClientRequest:client-B16F836A5406->s2@group-3E7FBBA51394, cid=266, seq=0, DataStream, Message:<EMPTY>, logEntry=null
2023-03-28 15:12:59,396 [s2-server-thread1] INFO  statemachine.StateMachine (DataStreamTestUtils.java:link(157)) - link SingleDataStream: writeRequest=RaftClientRequest:client-B16F836A5406->s2@group-3E7FBBA51394, cid=265, seq=0, DataStream, Message:<EMPTY>, logEntry=null
2023-03-28 15:12:59,396 [s2-server-thread1] INFO  statemachine.StateMachine (DataStreamTestUtils.java:link(157)) - link SingleDataStream: writeRequest=RaftClientRequest:client-B16F836A5406->s2@group-3E7FBBA51394, cid=264, seq=0, DataStream, Message:<EMPTY>, logEntry=null
2023-03-28 15:12:59,396 [s2-server-thread1] INFO  statemachine.StateMachine (DataStreamTestUtils.java:link(157)) - link SingleDataStream: writeRequest=RaftClientRequest:client-B16F836A5406->s2@group-3E7FBBA51394, cid=262, seq=0, DataStream, Message:<EMPTY>, logEntry=null
2023-03-28 15:12:59,396 [s2-server-thread1] INFO  statemachine.StateMachine (DataStreamTestUtils.java:link(157)) - link SingleDataStream: writeRequest=RaftClientRequest:client-B16F836A5406->s2@group-3E7FBBA51394, cid=263, seq=0, DataStream, Message:<EMPTY>, logEntry=null
2023-03-28 15:12:59,401 [s1-client-thread2] INFO  statemachine.StateMachine (DataStreamTestUtils.java:link(157)) - link SingleDataStream: writeRequest=RaftClientRequest:client-B16F836A5406->s2@group-3E7FBBA51394, cid=261, seq=0, DataStream, Message:<EMPTY>, logEntry=null
2023-03-28 15:12:59,403 [pool-5-thread-3] INFO  datastream.DataStreamTestUtils (DataStreamTestUtils.java:writeAndCloseAndAssertReplies(311)) - start Stream272
2023-03-28 15:12:59,408 [pool-5-thread-15] INFO  datastream.DataStreamTestUtils (DataStreamTestUtils.java:writeAndCloseAndAssertReplies(311)) - start Stream273
2023-03-28 15:12:59,409 [pool-5-thread-1] INFO  datastream.DataStreamTestUtils (DataStreamTestUtils.java:writeAndCloseAndAssertReplies(311)) - start Stream274
2023-03-28 15:12:59,411 [pool-5-thread-5] INFO  datastream.DataStreamTestUtils (DataStreamTestUtils.java:writeAndCloseAndAssertReplies(311)) - start Stream275
2023-03-28 15:12:59,412 [pool-5-thread-8] INFO  datastream.DataStreamTestUtils (DataStreamTestUtils.java:writeAndCloseAndAssertReplies(311)) - start Stream276
2023-03-28 15:12:59,417 [pool-5-thread-13] INFO  datastream.DataStreamTestUtils (DataStreamTestUtils.java:writeAndCloseAndAssertReplies(311)) - start Stream277
2023-03-28 15:12:59,426 [s0-server-thread3] INFO  statemachine.StateMachine (DataStreamTestUtils.java:link(157)) - link SingleDataStream: writeRequest=RaftClientRequest:client-B16F836A5406->s2@group-3E7FBBA51394, cid=263, seq=0, DataStream, Message:<EMPTY>, logEntry=null
2023-03-28 15:12:59,426 [s0-server-thread3] INFO  statemachine.StateMachine (DataStreamTestUtils.java:link(157)) - link SingleDataStream: writeRequest=RaftClientRequest:client-B16F836A5406->s2@group-3E7FBBA51394, cid=239, seq=0, DataStream, Message:<EMPTY>, logEntry=null
2023-03-28 15:12:59,428 [s2-server-thread1] INFO  statemachine.StateMachine (DataStreamTestUtils.java:link(157)) - link SingleDataStream: writeRequest=RaftClientRequest:client-B16F836A5406->s2@group-3E7FBBA51394, cid=239, seq=0, DataStream, Message:<EMPTY>, logEntry=null
2023-03-28 15:12:59,438 [s0-server-thread3] INFO  statemachine.StateMachine (DataStreamTestUtils.java:link(157)) - link SingleDataStream: writeRequest=RaftClientRequest:client-B16F836A5406->s2@group-3E7FBBA51394, cid=261, seq=0, DataStream, Message:<EMPTY>, logEntry=null
2023-03-28 15:12:59,455 [s2-server-thread1] INFO  statemachine.StateMachine (DataStreamTestUtils.java:link(157)) - link SingleDataStream: writeRequest=RaftClientRequest:client-B16F836A5406->s2@group-3E7FBBA51394, cid=261, seq=0, DataStream, Message:<EMPTY>, logEntry=null
2023-03-28 15:12:59,951 [pool-5-thread-11] INFO  datastream.DataStreamTestUtils (DataStreamTestUtils.java:writeAndCloseAndAssertReplies(320)) - Stream267: bytesWritten=3732642
2023-03-28 15:13:00,208 [Timer-1] INFO  impl.MiniRaftCluster (MiniRaftCluster.java:lambda$start$6(349)) - TIMED-PRINT: printing ALL groups
  s0:  RUNNING  FOLLOWER s0@group-3E7FBBA51394:t1, leader=s1, voted=s1, raftlog=Memoized:s0@group-3E7FBBA51394-SegmentedRaftLog:OPENED:c127, conf=0: peers:[s0|rpc:localhost:34691|admin:localhost:42501|client:localhost:42695|dataStream:localhost:41129|priority:0|startupRole:FOLLOWER, s1|rpc:localhost:45465|admin:localhost:46709|client:localhost:37549|dataStream:localhost:44863|priority:0|startupRole:FOLLOWER, s2|rpc:localhost:41369|admin:localhost:42041|client:localhost:44529|dataStream:localhost:43715|priority:0|startupRole:FOLLOWER]|listeners:[], old=null RUNNING
  s1:  RUNNING    LEADER s1@group-3E7FBBA51394:t1, leader=s1, voted=s1, raftlog=Memoized:s1@group-3E7FBBA51394-SegmentedRaftLog:OPENED:c128, conf=0: peers:[s0|rpc:localhost:34691|admin:localhost:42501|client:localhost:42695|dataStream:localhost:41129|priority:0|startupRole:FOLLOWER, s1|rpc:localhost:45465|admin:localhost:46709|client:localhost:37549|dataStream:localhost:44863|priority:0|startupRole:FOLLOWER, s2|rpc:localhost:41369|admin:localhost:42041|client:localhost:44529|dataStream:localhost:43715|priority:0|startupRole:FOLLOWER]|listeners:[], old=null RUNNING
  s2:  RUNNING  FOLLOWER s2@group-3E7FBBA51394:t1, leader=s1, voted=s1, raftlog=Memoized:s2@group-3E7FBBA51394-SegmentedRaftLog:OPENED:c128, conf=0: peers:[s0|rpc:localhost:34691|admin:localhost:42501|client:localhost:42695|dataStream:localhost:41129|priority:0|startupRole:FOLLOWER, s1|rpc:localhost:45465|admin:localhost:46709|client:localhost:37549|dataStream:localhost:44863|priority:0|startupRole:FOLLOWER, s2|rpc:localhost:41369|admin:localhost:42041|client:localhost:44529|dataStream:localhost:43715|priority:0|startupRole:FOLLOWER]|listeners:[], old=null RUNNING
2023-03-28 15:13:01,810 [pool-5-thread-10] INFO  datastream.DataStreamTestUtils (DataStreamTestUtils.java:writeAndCloseAndAssertReplies(320)) - Stream268: bytesWritten=3747381
2023-03-28 15:13:03,100 [pool-5-thread-14] INFO  datastream.DataStreamTestUtils (DataStreamTestUtils.java:writeAndCloseAndAssertReplies(320)) - Stream269: bytesWritten=3744929
2023-03-28 15:13:06,833 [s1-client-thread2] INFO  statemachine.StateMachine (DataStreamTestUtils.java:link(157)) - link SingleDataStream: writeRequest=RaftClientRequest:client-B16F836A5406->s2@group-3E7FBBA51394, cid=267, seq=0, DataStream, Message:<EMPTY>, logEntry=null
2023-03-28 15:13:06,835 [s2-server-thread3] INFO  statemachine.StateMachine (DataStreamTestUtils.java:link(157)) - link SingleDataStream: writeRequest=RaftClientRequest:client-B16F836A5406->s2@group-3E7FBBA51394, cid=267, seq=0, DataStream, Message:<EMPTY>, logEntry=null
2023-03-28 15:13:06,835 [s0-server-thread2] INFO  statemachine.StateMachine (DataStreamTestUtils.java:link(157)) - link SingleDataStream: writeRequest=RaftClientRequest:client-B16F836A5406->s2@group-3E7FBBA51394, cid=267, seq=0, DataStream, Message:<EMPTY>, logEntry=null
2023-03-28 15:13:06,894 [pool-5-thread-12] INFO  datastream.DataStreamTestUtils (DataStreamTestUtils.java:writeAndCloseAndAssertReplies(320)) - Stream270: bytesWritten=3739067
2023-03-28 15:13:08,090 [pool-5-thread-4] INFO  datastream.DataStreamTestUtils (DataStreamTestUtils.java:writeAndCloseAndAssertReplies(320)) - Stream271: bytesWritten=3758947
2023-03-28 15:13:10,207 [Timer-1] INFO  impl.MiniRaftCluster (MiniRaftCluster.java:lambda$start$6(349)) - TIMED-PRINT: printing ALL groups
  s0:  RUNNING  FOLLOWER s0@group-3E7FBBA51394:t1, leader=s1, voted=s1, raftlog=Memoized:s0@group-3E7FBBA51394-SegmentedRaftLog:OPENED:c130, conf=0: peers:[s0|rpc:localhost:34691|admin:localhost:42501|client:localhost:42695|dataStream:localhost:41129|priority:0|startupRole:FOLLOWER, s1|rpc:localhost:45465|admin:localhost:46709|client:localhost:37549|dataStream:localhost:44863|priority:0|startupRole:FOLLOWER, s2|rpc:localhost:41369|admin:localhost:42041|client:localhost:44529|dataStream:localhost:43715|priority:0|startupRole:FOLLOWER]|listeners:[], old=null RUNNING
  s1:  RUNNING    LEADER s1@group-3E7FBBA51394:t1, leader=s1, voted=s1, raftlog=Memoized:s1@group-3E7FBBA51394-SegmentedRaftLog:OPENED:c130, conf=0: peers:[s0|rpc:localhost:34691|admin:localhost:42501|client:localhost:42695|dataStream:localhost:41129|priority:0|startupRole:FOLLOWER, s1|rpc:localhost:45465|admin:localhost:46709|client:localhost:37549|dataStream:localhost:44863|priority:0|startupRole:FOLLOWER, s2|rpc:localhost:41369|admin:localhost:42041|client:localhost:44529|dataStream:localhost:43715|priority:0|startupRole:FOLLOWER]|listeners:[], old=null RUNNING
  s2:  RUNNING  FOLLOWER s2@group-3E7FBBA51394:t1, leader=s1, voted=s1, raftlog=Memoized:s2@group-3E7FBBA51394-SegmentedRaftLog:OPENED:c130, conf=0: peers:[s0|rpc:localhost:34691|admin:localhost:42501|client:localhost:42695|dataStream:localhost:41129|priority:0|startupRole:FOLLOWER, s1|rpc:localhost:45465|admin:localhost:46709|client:localhost:37549|dataStream:localhost:44863|priority:0|startupRole:FOLLOWER, s2|rpc:localhost:41369|admin:localhost:42041|client:localhost:44529|dataStream:localhost:43715|priority:0|startupRole:FOLLOWER]|listeners:[], old=null RUNNING
2023-03-28 15:13:10,887 [s1-client-thread2] INFO  statemachine.StateMachine (DataStreamTestUtils.java:link(157)) - link SingleDataStream: writeRequest=RaftClientRequest:client-B16F836A5406->s2@group-3E7FBBA51394, cid=268, seq=0, DataStream, Message:<EMPTY>, logEntry=null
2023-03-28 15:13:10,888 [s0-server-thread2] INFO  statemachine.StateMachine (DataStreamTestUtils.java:link(157)) - link SingleDataStream: writeRequest=RaftClientRequest:client-B16F836A5406->s2@group-3E7FBBA51394, cid=268, seq=0, DataStream, Message:<EMPTY>, logEntry=null
2023-03-28 15:13:10,891 [s2-server-thread3] INFO  statemachine.StateMachine (DataStreamTestUtils.java:link(157)) - link SingleDataStream: writeRequest=RaftClientRequest:client-B16F836A5406->s2@group-3E7FBBA51394, cid=268, seq=0, DataStream, Message:<EMPTY>, logEntry=null
2023-03-28 15:13:10,889 [s1-client-thread2] INFO  statemachine.StateMachine (DataStreamTestUtils.java:link(157)) - link SingleDataStream: writeRequest=RaftClientRequest:client-B16F836A5406->s2@group-3E7FBBA51394, cid=269, seq=0, DataStream, Message:<EMPTY>, logEntry=null
2023-03-28 15:13:10,902 [s2-server-thread3] INFO  statemachine.StateMachine (DataStreamTestUtils.java:link(157)) - link SingleDataStream: writeRequest=RaftClientRequest:client-B16F836A5406->s2@group-3E7FBBA51394, cid=269, seq=0, DataStream, Message:<EMPTY>, logEntry=null
2023-03-28 15:13:10,902 [s1-client-thread2] INFO  statemachine.StateMachine (DataStreamTestUtils.java:link(157)) - link SingleDataStream: writeRequest=RaftClientRequest:client-B16F836A5406->s2@group-3E7FBBA51394, cid=270, seq=0, DataStream, Message:<EMPTY>, logEntry=null
2023-03-28 15:13:10,907 [s0-server-thread2] INFO  statemachine.StateMachine (DataStreamTestUtils.java:link(157)) - link SingleDataStream: writeRequest=RaftClientRequest:client-B16F836A5406->s2@group-3E7FBBA51394, cid=269, seq=0, DataStream, Message:<EMPTY>, logEntry=null
2023-03-28 15:13:10,913 [s1-client-thread2] INFO  statemachine.StateMachine (DataStreamTestUtils.java:link(157)) - link SingleDataStream: writeRequest=RaftClientRequest:client-B16F836A5406->s2@group-3E7FBBA51394, cid=271, seq=0, DataStream, Message:<EMPTY>, logEntry=null
2023-03-28 15:13:10,917 [s2-server-thread3] INFO  statemachine.StateMachine (DataStreamTestUtils.java:link(157)) - link SingleDataStream: writeRequest=RaftClientRequest:client-B16F836A5406->s2@group-3E7FBBA51394, cid=270, seq=0, DataStream, Message:<EMPTY>, logEntry=null
2023-03-28 15:13:10,920 [s0-server-thread2] INFO  statemachine.StateMachine (DataStreamTestUtils.java:link(157)) - link SingleDataStream: writeRequest=RaftClientRequest:client-B16F836A5406->s2@group-3E7FBBA51394, cid=270, seq=0, DataStream, Message:<EMPTY>, logEntry=null
2023-03-28 15:13:10,920 [s0-server-thread2] INFO  statemachine.StateMachine (DataStreamTestUtils.java:link(157)) - link SingleDataStream: writeRequest=RaftClientRequest:client-B16F836A5406->s2@group-3E7FBBA51394, cid=271, seq=0, DataStream, Message:<EMPTY>, logEntry=null
2023-03-28 15:13:10,928 [s2-server-thread3] INFO  statemachine.StateMachine (DataStreamTestUtils.java:link(157)) - link SingleDataStream: writeRequest=RaftClientRequest:client-B16F836A5406->s2@group-3E7FBBA51394, cid=271, seq=0, DataStream, Message:<EMPTY>, logEntry=null
2023-03-28 15:13:11,138 [pool-5-thread-15] INFO  datastream.DataStreamTestUtils (DataStreamTestUtils.java:writeAndCloseAndAssertReplies(320)) - Stream273: bytesWritten=3743376
2023-03-28 15:13:11,308 [s1-client-thread2] INFO  statemachine.StateMachine (DataStreamTestUtils.java:link(157)) - link SingleDataStream: writeRequest=RaftClientRequest:client-B16F836A5406->s2@group-3E7FBBA51394, cid=273, seq=0, DataStream, Message:<EMPTY>, logEntry=null
2023-03-28 15:13:11,311 [s2-server-thread3] INFO  statemachine.StateMachine (DataStreamTestUtils.java:link(157)) - link SingleDataStream: writeRequest=RaftClientRequest:client-B16F836A5406->s2@group-3E7FBBA51394, cid=273, seq=0, DataStream, Message:<EMPTY>, logEntry=null
2023-03-28 15:13:11,314 [s0-server-thread2] INFO  statemachine.StateMachine (DataStreamTestUtils.java:link(157)) - link SingleDataStream: writeRequest=RaftClientRequest:client-B16F836A5406->s2@group-3E7FBBA51394, cid=273, seq=0, DataStream, Message:<EMPTY>, logEntry=null
2023-03-28 15:13:12,304 [pool-5-thread-8] INFO  datastream.DataStreamTestUtils (DataStreamTestUtils.java:writeAndCloseAndAssertReplies(320)) - Stream276: bytesWritten=3745669
2023-03-28 15:13:12,315 [s1-client-thread2] INFO  statemachine.StateMachine (DataStreamTestUtils.java:link(157)) - link SingleDataStream: writeRequest=RaftClientRequest:client-B16F836A5406->s2@group-3E7FBBA51394, cid=276, seq=0, DataStream, Message:<EMPTY>, logEntry=null
2023-03-28 15:13:12,319 [s2-server-thread3] INFO  statemachine.StateMachine (DataStreamTestUtils.java:link(157)) - link SingleDataStream: writeRequest=RaftClientRequest:client-B16F836A5406->s2@group-3E7FBBA51394, cid=276, seq=0, DataStream, Message:<EMPTY>, logEntry=null
2023-03-28 15:13:12,327 [s0-server-thread2] INFO  statemachine.StateMachine (DataStreamTestUtils.java:link(157)) - link SingleDataStream: writeRequest=RaftClientRequest:client-B16F836A5406->s2@group-3E7FBBA51394, cid=276, seq=0, DataStream, Message:<EMPTY>, logEntry=null
2023-03-28 15:13:12,510 [pool-5-thread-1] INFO  datastream.DataStreamTestUtils (DataStreamTestUtils.java:writeAndCloseAndAssertReplies(320)) - Stream274: bytesWritten=3735235
2023-03-28 15:13:12,519 [s1-client-thread2] INFO  statemachine.StateMachine (DataStreamTestUtils.java:link(157)) - link SingleDataStream: writeRequest=RaftClientRequest:client-B16F836A5406->s2@group-3E7FBBA51394, cid=274, seq=0, DataStream, Message:<EMPTY>, logEntry=null
2023-03-28 15:13:12,521 [s2-server-thread3] INFO  statemachine.StateMachine (DataStreamTestUtils.java:link(157)) - link SingleDataStream: writeRequest=RaftClientRequest:client-B16F836A5406->s2@group-3E7FBBA51394, cid=274, seq=0, DataStream, Message:<EMPTY>, logEntry=null
2023-03-28 15:13:12,528 [s0-server-thread2] INFO  statemachine.StateMachine (DataStreamTestUtils.java:link(157)) - link SingleDataStream: writeRequest=RaftClientRequest:client-B16F836A5406->s2@group-3E7FBBA51394, cid=274, seq=0, DataStream, Message:<EMPTY>, logEntry=null
2023-03-28 15:13:12,923 [pool-5-thread-5] INFO  datastream.DataStreamTestUtils (DataStreamTestUtils.java:writeAndCloseAndAssertReplies(320)) - Stream275: bytesWritten=3761726
2023-03-28 15:13:12,926 [s1-client-thread2] INFO  statemachine.StateMachine (DataStreamTestUtils.java:link(157)) - link SingleDataStream: writeRequest=RaftClientRequest:client-B16F836A5406->s2@group-3E7FBBA51394, cid=275, seq=0, DataStream, Message:<EMPTY>, logEntry=null
2023-03-28 15:13:12,932 [s2-server-thread3] INFO  statemachine.StateMachine (DataStreamTestUtils.java:link(157)) - link SingleDataStream: writeRequest=RaftClientRequest:client-B16F836A5406->s2@group-3E7FBBA51394, cid=275, seq=0, DataStream, Message:<EMPTY>, logEntry=null
2023-03-28 15:13:12,935 [s0-server-thread2] INFO  statemachine.StateMachine (DataStreamTestUtils.java:link(157)) - link SingleDataStream: writeRequest=RaftClientRequest:client-B16F836A5406->s2@group-3E7FBBA51394, cid=275, seq=0, DataStream, Message:<EMPTY>, logEntry=null
2023-03-28 15:13:13,005 [pool-5-thread-3] INFO  datastream.DataStreamTestUtils (DataStreamTestUtils.java:writeAndCloseAndAssertReplies(320)) - Stream272: bytesWritten=3752585
2023-03-28 15:13:13,011 [s1-client-thread2] INFO  statemachine.StateMachine (DataStreamTestUtils.java:link(157)) - link SingleDataStream: writeRequest=RaftClientRequest:client-B16F836A5406->s2@group-3E7FBBA51394, cid=272, seq=0, DataStream, Message:<EMPTY>, logEntry=null
2023-03-28 15:13:13,013 [s0-server-thread2] INFO  statemachine.StateMachine (DataStreamTestUtils.java:link(157)) - link SingleDataStream: writeRequest=RaftClientRequest:client-B16F836A5406->s2@group-3E7FBBA51394, cid=272, seq=0, DataStream, Message:<EMPTY>, logEntry=null
2023-03-28 15:13:13,014 [s2-server-thread3] INFO  statemachine.StateMachine (DataStreamTestUtils.java:link(157)) - link SingleDataStream: writeRequest=RaftClientRequest:client-B16F836A5406->s2@group-3E7FBBA51394, cid=272, seq=0, DataStream, Message:<EMPTY>, logEntry=null
2023-03-28 15:13:13,125 [pool-5-thread-13] INFO  datastream.DataStreamTestUtils (DataStreamTestUtils.java:writeAndCloseAndAssertReplies(320)) - Stream277: bytesWritten=3752159
2023-03-28 15:13:13,127 [s1-client-thread2] INFO  statemachine.StateMachine (DataStreamTestUtils.java:link(157)) - link SingleDataStream: writeRequest=RaftClientRequest:client-B16F836A5406->s2@group-3E7FBBA51394, cid=277, seq=0, DataStream, Message:<EMPTY>, logEntry=null
2023-03-28 15:13:13,128 [s0-server-thread2] INFO  statemachine.StateMachine (DataStreamTestUtils.java:link(157)) - link SingleDataStream: writeRequest=RaftClientRequest:client-B16F836A5406->s2@group-3E7FBBA51394, cid=277, seq=0, DataStream, Message:<EMPTY>, logEntry=null
2023-03-28 15:13:13,131 [s2-server-thread3] INFO  statemachine.StateMachine (DataStreamTestUtils.java:link(157)) - link SingleDataStream: writeRequest=RaftClientRequest:client-B16F836A5406->s2@group-3E7FBBA51394, cid=277, seq=0, DataStream, Message:<EMPTY>, logEntry=null
2023-03-28 15:13:13,216 [null-request--thread1] INFO  server.GrpcClientProtocolService (GrpcClientProtocolService.java:lambda$processClientRequest$0(284)) - Failed RaftClientRequest:client-29E0F57AD5C6->s0@group-3E7FBBA51394, cid=375, seq=0, Watch-ALL(148), Message:<EMPTY>, reply=RaftClientReply:client-29E0F57AD5C6->s0@group-3E7FBBA51394, cid=375, FAILED org.apache.ratis.protocol.exceptions.NotLeaderException: Server s0@group-3E7FBBA51394 is not the leader s1|rpc:localhost:45465|admin:localhost:46709|client:localhost:37549|dataStream:localhost:44863|priority:0|startupRole:FOLLOWER, logIndex=0, commits[s0:c148, s1:c148, s2:c146]
2023-03-28 15:13:13,311 [Time-limited test] INFO  impl.MiniRaftCluster (MiniRaftCluster.java:shutdown(831)) - ************************************************************** 
2023-03-28 15:13:13,330 [Time-limited test] INFO  impl.MiniRaftCluster (MiniRaftCluster.java:shutdown(832)) - *** 
2023-03-28 15:13:13,330 [Time-limited test] INFO  impl.MiniRaftCluster (MiniRaftCluster.java:shutdown(833)) - ***     Stopping MiniRaftClusterWithRpcTypeGrpcAndDataStreamTypeNetty
2023-03-28 15:13:13,330 [Time-limited test] INFO  impl.MiniRaftCluster (MiniRaftCluster.java:shutdown(834)) - *** 
2023-03-28 15:13:13,330 [Time-limited test] INFO  impl.MiniRaftCluster (MiniRaftCluster.java:shutdown(835)) - ************************************************************** 
2023-03-28 15:13:13,330 [Time-limited test] INFO  impl.MiniRaftCluster (MiniRaftCluster.java:shutdown(836)) - printing ALL groups
  s0:  RUNNING  FOLLOWER s0@group-3E7FBBA51394:t1, leader=s1, voted=s1, raftlog=Memoized:s0@group-3E7FBBA51394-SegmentedRaftLog:OPENED:c148, conf=0: peers:[s0|rpc:localhost:34691|admin:localhost:42501|client:localhost:42695|dataStream:localhost:41129|priority:0|startupRole:FOLLOWER, s1|rpc:localhost:45465|admin:localhost:46709|client:localhost:37549|dataStream:localhost:44863|priority:0|startupRole:FOLLOWER, s2|rpc:localhost:41369|admin:localhost:42041|client:localhost:44529|dataStream:localhost:43715|priority:0|startupRole:FOLLOWER]|listeners:[], old=null RUNNING
  s1:  RUNNING    LEADER s1@group-3E7FBBA51394:t1, leader=s1, voted=s1, raftlog=Memoized:s1@group-3E7FBBA51394-SegmentedRaftLog:OPENED:c149, conf=0: peers:[s0|rpc:localhost:34691|admin:localhost:42501|client:localhost:42695|dataStream:localhost:41129|priority:0|startupRole:FOLLOWER, s1|rpc:localhost:45465|admin:localhost:46709|client:localhost:37549|dataStream:localhost:44863|priority:0|startupRole:FOLLOWER, s2|rpc:localhost:41369|admin:localhost:42041|client:localhost:44529|dataStream:localhost:43715|priority:0|startupRole:FOLLOWER]|listeners:[], old=null RUNNING
  s2:  RUNNING  FOLLOWER s2@group-3E7FBBA51394:t1, leader=s1, voted=s1, raftlog=Memoized:s2@group-3E7FBBA51394-SegmentedRaftLog:OPENED:c148, conf=0: peers:[s0|rpc:localhost:34691|admin:localhost:42501|client:localhost:42695|dataStream:localhost:41129|priority:0|startupRole:FOLLOWER, s1|rpc:localhost:45465|admin:localhost:46709|client:localhost:37549|dataStream:localhost:44863|priority:0|startupRole:FOLLOWER, s2|rpc:localhost:41369|admin:localhost:42041|client:localhost:44529|dataStream:localhost:43715|priority:0|startupRole:FOLLOWER]|listeners:[], old=null RUNNING
2023-03-28 15:13:13,338 [MiniRaftCluster-2] INFO  server.RaftServer (RaftServerProxy.java:lambda$close$7(417)) - s0: close
2023-03-28 15:13:13,356 [MiniRaftCluster-2] INFO  server.GrpcService (GrpcService.java:closeImpl(311)) - s0: shutdown server org.apache.ratis.grpc.server.GrpcClientProtocolService now
2023-03-28 15:13:13,356 [s0-impl-thread2] INFO  server.RaftServer$Division (RaftServerImpl.java:lambda$close$4(466)) - s0@group-3E7FBBA51394: shutdown
2023-03-28 15:13:13,383 [MiniRaftCluster-2] INFO  server.GrpcService (GrpcService.java:closeImpl(320)) - s0: shutdown server org.apache.ratis.grpc.server.GrpcClientProtocolService successfully
2023-03-28 15:13:13,384 [s0-impl-thread2] INFO  util.JmxRegister (JmxRegister.java:unregister(73)) - Successfully un-registered JMX Bean with object name Ratis:service=RaftServer,group=group-3E7FBBA51394,id=s0
2023-03-28 15:13:13,384 [MiniRaftCluster-2] INFO  server.GrpcService (GrpcService.java:closeImpl(311)) - s0: shutdown server GrpcServerProtocolService now
2023-03-28 15:13:13,384 [s0-impl-thread2] INFO  impl.RoleInfo (RoleInfo.java:shutdownFollowerState(110)) - s0: shutdown s0@group-3E7FBBA51394-FollowerState
2023-03-28 15:13:13,368 [MiniRaftCluster-3] INFO  server.RaftServer (RaftServerProxy.java:lambda$close$7(417)) - s1: close
2023-03-28 15:13:13,384 [s0@group-3E7FBBA51394-FollowerState] INFO  impl.FollowerState (FollowerState.java:run(152)) - s0@group-3E7FBBA51394-FollowerState was interrupted
2023-03-28 15:13:13,388 [MiniRaftCluster-3] INFO  server.GrpcService (GrpcService.java:closeImpl(311)) - s1: shutdown server org.apache.ratis.grpc.server.GrpcClientProtocolService now
2023-03-28 15:13:13,388 [s1-impl-thread2] INFO  server.RaftServer$Division (RaftServerImpl.java:lambda$close$4(466)) - s1@group-3E7FBBA51394: shutdown
2023-03-28 15:13:13,388 [s1-impl-thread2] INFO  util.JmxRegister (JmxRegister.java:unregister(73)) - Successfully un-registered JMX Bean with object name Ratis:service=RaftServer,group=group-3E7FBBA51394,id=s1
2023-03-28 15:13:13,388 [s1-impl-thread2] INFO  impl.RoleInfo (RoleInfo.java:shutdownLeaderState(93)) - s1: shutdown s1@group-3E7FBBA51394-LeaderStateImpl
2023-03-28 15:13:13,390 [grpc-default-executor-4] INFO  server.GrpcServerProtocolService (GrpcServerProtocolService.java:onCompleted(145)) - s2: Completed APPEND_ENTRIES, lastRequest: s1->s2#987256-t1,previous=(t:1, i:148),leaderCommit=148,initializing? true,entries: size=1, first=(t:1, i:149), METADATAENTRY(c:148)
2023-03-28 15:13:13,384 [s0-impl-thread2] INFO  impl.StateMachineUpdater (StateMachineUpdater.java:stopAndJoin(154)) - s0@group-3E7FBBA51394-StateMachineUpdater: set stopIndex = 148
2023-03-28 15:13:13,396 [s0-impl-thread2] INFO  server.RaftServer$Division (ServerState.java:close(413)) - s0@group-3E7FBBA51394: applyIndex: 148
2023-03-28 15:13:13,398 [grpc-default-executor-2] WARN  server.GrpcServerProtocolService (LogUtils.java:warn(122)) - s0: APPEND_ENTRIES onError, lastRequest: s1->s0#865239-t1,previous=(t:1, i:148),leaderCommit=148,initializing? true,entries: size=1, first=(t:1, i:149), METADATAENTRY(c:148): org.apache.ratis.thirdparty.io.grpc.StatusRuntimeException: CANCELLED: client cancelled
2023-03-28 15:13:13,399 [grpc-default-executor-1] WARN  server.GrpcServerProtocolService (LogUtils.java:warn(122)) - s0: APPEND_ENTRIES onError, lastRequest: null: org.apache.ratis.thirdparty.io.grpc.StatusRuntimeException: CANCELLED: client cancelled
2023-03-28 15:13:13,390 [grpc-default-executor-0] INFO  server.GrpcServerProtocolService (GrpcServerProtocolService.java:onCompleted(145)) - s2: Completed APPEND_ENTRIES, lastRequest: null
2023-03-28 15:13:13,388 [s1-impl-thread2] INFO  impl.PendingRequests (PendingRequests.java:sendNotLeaderResponses(289)) - s1@group-3E7FBBA51394-PendingRequests: sendNotLeaderResponses
2023-03-28 15:13:13,407 [grpc-default-executor-6] INFO  server.GrpcLogAppender (GrpcLogAppender.java:onError(411)) - s1@group-3E7FBBA51394->s0-GrpcLogAppender is already stopped
2023-03-28 15:13:13,408 [Thread-440] INFO  server.GrpcServerProtocolClient (GrpcServerProtocolClient.java:close(103)) - s0 Close channels
2023-03-28 15:13:13,415 [grpc-default-executor-1] INFO  server.GrpcLogAppender (GrpcLogAppender.java:onError(411)) - s1@group-3E7FBBA51394->s0-GrpcLogAppender is already stopped
2023-03-28 15:13:13,420 [Thread-444] INFO  server.GrpcServerProtocolClient (GrpcServerProtocolClient.java:close(103)) - s2 Close channels
2023-03-28 15:13:13,420 [MiniRaftCluster-4] INFO  server.RaftServer (RaftServerProxy.java:lambda$close$7(417)) - s2: close
2023-03-28 15:13:13,409 [grpc-default-executor-0] INFO  server.GrpcLogAppender (GrpcLogAppender.java:onCompleted(422)) - s1@group-3E7FBBA51394->s2-AppendLogResponseHandler: follower responses appendEntries COMPLETED
2023-03-28 15:13:13,422 [s1-impl-thread2] INFO  impl.StateMachineUpdater (StateMachineUpdater.java:stopAndJoin(154)) - s1@group-3E7FBBA51394-StateMachineUpdater: set stopIndex = 149
2023-03-28 15:13:13,427 [MiniRaftCluster-4] INFO  server.GrpcService (GrpcService.java:closeImpl(311)) - s2: shutdown server org.apache.ratis.grpc.server.GrpcClientProtocolService now
2023-03-28 15:13:13,427 [grpc-default-executor-2] INFO  server.GrpcLogAppender (GrpcLogAppender.java:onCompleted(422)) - s1@group-3E7FBBA51394->s2-AppendLogResponseHandler: follower responses appendEntries COMPLETED
2023-03-28 15:13:13,427 [s2-impl-thread2] INFO  server.RaftServer$Division (RaftServerImpl.java:lambda$close$4(466)) - s2@group-3E7FBBA51394: shutdown
2023-03-28 15:13:13,429 [MiniRaftCluster-2] INFO  server.GrpcService (GrpcService.java:closeImpl(320)) - s0: shutdown server GrpcServerProtocolService successfully
2023-03-28 15:13:13,433 [MiniRaftCluster-2] INFO  server.GrpcService (GrpcService.java:closeImpl(311)) - s0: shutdown server org.apache.ratis.grpc.server.GrpcAdminProtocolService now
2023-03-28 15:13:13,428 [s1-impl-thread2] INFO  server.RaftServer$Division (ServerState.java:close(413)) - s1@group-3E7FBBA51394: applyIndex: 149
2023-03-28 15:13:13,428 [MiniRaftCluster-3] INFO  server.GrpcService (GrpcService.java:closeImpl(320)) - s1: shutdown server org.apache.ratis.grpc.server.GrpcClientProtocolService successfully
2023-03-28 15:13:13,433 [MiniRaftCluster-3] INFO  server.GrpcService (GrpcService.java:closeImpl(311)) - s1: shutdown server GrpcServerProtocolService now
2023-03-28 15:13:13,428 [grpc-default-executor-2] WARN  server.GrpcLogAppender (GrpcLogAppender.java:resetClient(133)) - s1@group-3E7FBBA51394->s2-GrpcLogAppender: Failed to getClient for s2
org.apache.ratis.protocol.exceptions.AlreadyClosedException: s1 is already CLOSED
	at org.apache.ratis.util.PeerProxyMap$PeerAndProxy.getProxy(PeerProxyMap.java:61)
	at org.apache.ratis.util.PeerProxyMap.getProxy(PeerProxyMap.java:115)
	at org.apache.ratis.grpc.server.GrpcLogAppender.getClient(GrpcLogAppender.java:111)
	at org.apache.ratis.grpc.server.GrpcLogAppender.resetClient(GrpcLogAppender.java:116)
	at org.apache.ratis.grpc.server.GrpcLogAppender.access$500(GrpcLogAppender.java:55)
	at org.apache.ratis.grpc.server.GrpcLogAppender$AppendLogResponseHandler.onCompleted(GrpcLogAppender.java:423)
	at org.apache.ratis.thirdparty.io.grpc.stub.ClientCalls$StreamObserverToCallListenerAdapter.onClose(ClientCalls.java:485)
	at org.apache.ratis.thirdparty.io.grpc.internal.ClientCallImpl.closeObserver(ClientCallImpl.java:563)
	at org.apache.ratis.thirdparty.io.grpc.internal.ClientCallImpl.access$300(ClientCallImpl.java:70)
	at org.apache.ratis.thirdparty.io.grpc.internal.ClientCallImpl$ClientStreamListenerImpl$1StreamClosed.runInternal(ClientCallImpl.java:744)
	at org.apache.ratis.thirdparty.io.grpc.internal.ClientCallImpl$ClientStreamListenerImpl$1StreamClosed.runInContext(ClientCallImpl.java:723)
	at org.apache.ratis.thirdparty.io.grpc.internal.ContextRunnable.run(ContextRunnable.java:37)
	at org.apache.ratis.thirdparty.io.grpc.internal.SerializingExecutor.run(SerializingExecutor.java:133)
	at java.base/java.util.concurrent.ThreadPoolExecutor.runWorker(ThreadPoolExecutor.java:1128)
	at java.base/java.util.concurrent.ThreadPoolExecutor$Worker.run(ThreadPoolExecutor.java:628)
	at java.base/java.lang.Thread.run(Thread.java:829)
2023-03-28 15:13:13,428 [grpc-default-executor-0] WARN  server.GrpcLogAppender (GrpcLogAppender.java:resetClient(133)) - s1@group-3E7FBBA51394->s2-GrpcLogAppender: Failed to getClient for s2
org.apache.ratis.protocol.exceptions.AlreadyClosedException: s1 is already CLOSED
	at org.apache.ratis.util.PeerProxyMap$PeerAndProxy.getProxy(PeerProxyMap.java:61)
	at org.apache.ratis.util.PeerProxyMap.getProxy(PeerProxyMap.java:115)
	at org.apache.ratis.grpc.server.GrpcLogAppender.getClient(GrpcLogAppender.java:111)
	at org.apache.ratis.grpc.server.GrpcLogAppender.resetClient(GrpcLogAppender.java:116)
	at org.apache.ratis.grpc.server.GrpcLogAppender.access$500(GrpcLogAppender.java:55)
	at org.apache.ratis.grpc.server.GrpcLogAppender$AppendLogResponseHandler.onCompleted(GrpcLogAppender.java:423)
	at org.apache.ratis.thirdparty.io.grpc.stub.ClientCalls$StreamObserverToCallListenerAdapter.onClose(ClientCalls.java:485)
	at org.apache.ratis.thirdparty.io.grpc.internal.ClientCallImpl.closeObserver(ClientCallImpl.java:563)
	at org.apache.ratis.thirdparty.io.grpc.internal.ClientCallImpl.access$300(ClientCallImpl.java:70)
	at org.apache.ratis.thirdparty.io.grpc.internal.ClientCallImpl$ClientStreamListenerImpl$1StreamClosed.runInternal(ClientCallImpl.java:744)
	at org.apache.ratis.thirdparty.io.grpc.internal.ClientCallImpl$ClientStreamListenerImpl$1StreamClosed.runInContext(ClientCallImpl.java:723)
	at org.apache.ratis.thirdparty.io.grpc.internal.ContextRunnable.run(ContextRunnable.java:37)
	at org.apache.ratis.thirdparty.io.grpc.internal.SerializingExecutor.run(SerializingExecutor.java:133)
	at java.base/java.util.concurrent.ThreadPoolExecutor.runWorker(ThreadPoolExecutor.java:1128)
	at java.base/java.util.concurrent.ThreadPoolExecutor$Worker.run(ThreadPoolExecutor.java:628)
	at java.base/java.lang.Thread.run(Thread.java:829)
2023-03-28 15:13:13,434 [s2-impl-thread2] INFO  util.JmxRegister (JmxRegister.java:unregister(73)) - Successfully un-registered JMX Bean with object name Ratis:service=RaftServer,group=group-3E7FBBA51394,id=s2
2023-03-28 15:13:13,434 [s2-impl-thread2] INFO  impl.RoleInfo (RoleInfo.java:shutdownFollowerState(110)) - s2: shutdown s2@group-3E7FBBA51394-FollowerState
2023-03-28 15:13:13,434 [s2-impl-thread2] INFO  impl.StateMachineUpdater (StateMachineUpdater.java:stopAndJoin(154)) - s2@group-3E7FBBA51394-StateMachineUpdater: set stopIndex = 148
2023-03-28 15:13:13,434 [s2@group-3E7FBBA51394-FollowerState] INFO  impl.FollowerState (FollowerState.java:run(152)) - s2@group-3E7FBBA51394-FollowerState was interrupted
2023-03-28 15:13:13,440 [s2-impl-thread2] INFO  server.RaftServer$Division (ServerState.java:close(413)) - s2@group-3E7FBBA51394: applyIndex: 148
2023-03-28 15:13:13,440 [MiniRaftCluster-2] INFO  server.GrpcService (GrpcService.java:closeImpl(320)) - s0: shutdown server org.apache.ratis.grpc.server.GrpcAdminProtocolService successfully
2023-03-28 15:13:13,458 [MiniRaftCluster-4] INFO  server.GrpcService (GrpcService.java:closeImpl(320)) - s2: shutdown server org.apache.ratis.grpc.server.GrpcClientProtocolService successfully
2023-03-28 15:13:13,459 [MiniRaftCluster-4] INFO  server.GrpcService (GrpcService.java:closeImpl(311)) - s2: shutdown server GrpcServerProtocolService now
2023-03-28 15:13:13,464 [s0-NettyServerStreamRpc-bossGroup--thread1] INFO  logging.LoggingHandler (AbstractInternalLogger.java:log(148)) - [id: 0x37254b26, L:/0.0.0.0:41129] CLOSE
2023-03-28 15:13:13,464 [s0-NettyServerStreamRpc-bossGroup--thread1] INFO  logging.LoggingHandler (AbstractInternalLogger.java:log(148)) - [id: 0x37254b26, L:0.0.0.0/0.0.0.0:41129] INACTIVE
2023-03-28 15:13:13,464 [s0-NettyServerStreamRpc-bossGroup--thread1] INFO  logging.LoggingHandler (AbstractInternalLogger.java:log(148)) - [id: 0x37254b26, L:0.0.0.0/0.0.0.0:41129] UNREGISTERED
2023-03-28 15:13:13,476 [MiniRaftCluster-3] INFO  server.GrpcService (GrpcService.java:closeImpl(320)) - s1: shutdown server GrpcServerProtocolService successfully
2023-03-28 15:13:13,476 [MiniRaftCluster-3] INFO  server.GrpcService (GrpcService.java:closeImpl(311)) - s1: shutdown server org.apache.ratis.grpc.server.GrpcAdminProtocolService now
2023-03-28 15:13:13,477 [MiniRaftCluster-4] INFO  server.GrpcService (GrpcService.java:closeImpl(320)) - s2: shutdown server GrpcServerProtocolService successfully
2023-03-28 15:13:13,477 [MiniRaftCluster-4] INFO  server.GrpcService (GrpcService.java:closeImpl(311)) - s2: shutdown server org.apache.ratis.grpc.server.GrpcAdminProtocolService now
2023-03-28 15:13:13,484 [NettyClientStreamRpc-workerGroup--thread1] WARN  client.NettyClientStreamRpc (NettyClientStreamRpc.java:scheduleReconnect(206)) - Connection-localhost/127.0.0.1:41129: channel is inactive; schedule reconnecting to localhost/127.0.0.1:41129 in 100ms
2023-03-28 15:13:13,487 [MiniRaftCluster-4] INFO  server.GrpcService (GrpcService.java:closeImpl(320)) - s2: shutdown server org.apache.ratis.grpc.server.GrpcAdminProtocolService successfully
2023-03-28 15:13:13,488 [s2-NettyServerStreamRpc-bossGroup--thread1] INFO  logging.LoggingHandler (AbstractInternalLogger.java:log(148)) - [id: 0xe7b313f8, L:/0.0.0.0:43715] CLOSE
2023-03-28 15:13:13,488 [s2-NettyServerStreamRpc-bossGroup--thread1] INFO  logging.LoggingHandler (AbstractInternalLogger.java:log(148)) - [id: 0xe7b313f8, L:0.0.0.0/0.0.0.0:43715] INACTIVE
2023-03-28 15:13:13,488 [s2-NettyServerStreamRpc-bossGroup--thread1] INFO  logging.LoggingHandler (AbstractInternalLogger.java:log(148)) - [id: 0xe7b313f8, L:0.0.0.0/0.0.0.0:43715] UNREGISTERED
2023-03-28 15:13:13,491 [MiniRaftCluster-3] INFO  server.GrpcService (GrpcService.java:closeImpl(320)) - s1: shutdown server org.apache.ratis.grpc.server.GrpcAdminProtocolService successfully
2023-03-28 15:13:13,492 [s1-NettyServerStreamRpc-bossGroup--thread1] INFO  logging.LoggingHandler (AbstractInternalLogger.java:log(148)) - [id: 0xbd3c3114, L:/0.0.0.0:44863] CLOSE
2023-03-28 15:13:13,492 [s1-NettyServerStreamRpc-bossGroup--thread1] INFO  logging.LoggingHandler (AbstractInternalLogger.java:log(148)) - [id: 0xbd3c3114, L:0.0.0.0/0.0.0.0:44863] INACTIVE
2023-03-28 15:13:13,492 [s1-NettyServerStreamRpc-bossGroup--thread1] INFO  logging.LoggingHandler (AbstractInternalLogger.java:log(148)) - [id: 0xbd3c3114, L:0.0.0.0/0.0.0.0:44863] UNREGISTERED
2023-03-28 15:13:13,485 [NettyClientStreamRpc-workerGroup--thread1] WARN  client.NettyClientStreamRpc (NettyClientStreamRpc.java:scheduleReconnect(206)) - Connection-localhost/127.0.0.1:41129: channel is inactive; schedule reconnecting to localhost/127.0.0.1:41129 in 100ms
2023-03-28 15:13:13,485 [NettyClientStreamRpc-workerGroup--thread1] WARN  client.NettyClientStreamRpc (NettyClientStreamRpc.java:scheduleReconnect(206)) - Connection-localhost/127.0.0.1:41129: channel is inactive; schedule reconnecting to localhost/127.0.0.1:41129 in 100ms
2023-03-28 15:13:13,485 [NettyClientStreamRpc-workerGroup--thread1] WARN  client.NettyClientStreamRpc (NettyClientStreamRpc.java:scheduleReconnect(206)) - Connection-localhost/127.0.0.1:41129: channel is inactive; schedule reconnecting to localhost/127.0.0.1:41129 in 100ms
2023-03-28 15:13:13,485 [NettyClientStreamRpc-workerGroup--thread1] WARN  client.NettyClientStreamRpc (NettyClientStreamRpc.java:scheduleReconnect(206)) - Connection-localhost/127.0.0.1:41129: channel is inactive; schedule reconnecting to localhost/127.0.0.1:41129 in 100ms
2023-03-28 15:13:13,485 [NettyClientStreamRpc-workerGroup--thread1] WARN  client.NettyClientStreamRpc (NettyClientStreamRpc.java:scheduleReconnect(206)) - Connection-localhost/127.0.0.1:41129: channel is inactive; schedule reconnecting to localhost/127.0.0.1:41129 in 100ms
2023-03-28 15:13:13,485 [NettyClientStreamRpc-workerGroup--thread1] WARN  client.NettyClientStreamRpc (NettyClientStreamRpc.java:scheduleReconnect(206)) - Connection-localhost/127.0.0.1:41129: channel is inactive; schedule reconnecting to localhost/127.0.0.1:41129 in 100ms
2023-03-28 15:13:13,485 [NettyClientStreamRpc-workerGroup--thread1] WARN  client.NettyClientStreamRpc (NettyClientStreamRpc.java:scheduleReconnect(206)) - Connection-localhost/127.0.0.1:41129: channel is inactive; schedule reconnecting to localhost/127.0.0.1:41129 in 100ms
2023-03-28 15:13:13,485 [NettyClientStreamRpc-workerGroup--thread1] WARN  client.NettyClientStreamRpc (NettyClientStreamRpc.java:scheduleReconnect(206)) - Connection-localhost/127.0.0.1:41129: channel is inactive; schedule reconnecting to localhost/127.0.0.1:41129 in 100ms
2023-03-28 15:13:13,485 [NettyClientStreamRpc-workerGroup--thread1] WARN  client.NettyClientStreamRpc (NettyClientStreamRpc.java:scheduleReconnect(206)) - Connection-localhost/127.0.0.1:41129: channel is inactive; schedule reconnecting to localhost/127.0.0.1:41129 in 100ms
2023-03-28 15:13:13,486 [NettyClientStreamRpc-workerGroup--thread1] WARN  client.NettyClientStreamRpc (NettyClientStreamRpc.java:scheduleReconnect(206)) - Connection-localhost/127.0.0.1:41129: channel is inactive; schedule reconnecting to localhost/127.0.0.1:41129 in 100ms
2023-03-28 15:13:13,485 [NettyClientStreamRpc-workerGroup--thread1] WARN  client.NettyClientStreamRpc (NettyClientStreamRpc.java:scheduleReconnect(206)) - Connection-localhost/127.0.0.1:41129: channel is inactive; schedule reconnecting to localhost/127.0.0.1:41129 in 100ms
2023-03-28 15:13:13,486 [NettyClientStreamRpc-workerGroup--thread1] WARN  client.NettyClientStreamRpc (NettyClientStreamRpc.java:scheduleReconnect(206)) - Connection-localhost/127.0.0.1:41129: channel is inactive; schedule reconnecting to localhost/127.0.0.1:41129 in 100ms
2023-03-28 15:13:13,485 [NettyClientStreamRpc-workerGroup--thread1] WARN  client.NettyClientStreamRpc (NettyClientStreamRpc.java:scheduleReconnect(206)) - Connection-localhost/127.0.0.1:41129: channel is inactive; schedule reconnecting to localhost/127.0.0.1:41129 in 100ms
2023-03-28 15:13:13,486 [NettyClientStreamRpc-workerGroup--thread1] WARN  client.NettyClientStreamRpc (NettyClientStreamRpc.java:scheduleReconnect(206)) - Connection-localhost/127.0.0.1:41129: channel is inactive; schedule reconnecting to localhost/127.0.0.1:41129 in 100ms
2023-03-28 15:13:13,486 [NettyClientStreamRpc-workerGroup--thread1] WARN  client.NettyClientStreamRpc (NettyClientStreamRpc.java:scheduleReconnect(206)) - Connection-localhost/127.0.0.1:41129: channel is inactive; schedule reconnecting to localhost/127.0.0.1:41129 in 100ms
2023-03-28 15:13:13,486 [NettyClientStreamRpc-workerGroup--thread1] WARN  client.NettyClientStreamRpc (NettyClientStreamRpc.java:scheduleReconnect(206)) - Connection-localhost/127.0.0.1:41129: channel is inactive; schedule reconnecting to localhost/127.0.0.1:41129 in 100ms
2023-03-28 15:13:13,486 [NettyClientStreamRpc-workerGroup--thread1] WARN  client.NettyClientStreamRpc (NettyClientStreamRpc.java:scheduleReconnect(206)) - Connection-localhost/127.0.0.1:41129: channel is inactive; schedule reconnecting to localhost/127.0.0.1:41129 in 100ms
2023-03-28 15:13:13,487 [NettyClientStreamRpc-workerGroup--thread1] WARN  client.NettyClientStreamRpc (NettyClientStreamRpc.java:scheduleReconnect(206)) - Connection-localhost/127.0.0.1:41129: channel is inactive; schedule reconnecting to localhost/127.0.0.1:41129 in 100ms
2023-03-28 15:13:13,488 [NettyClientStreamRpc-workerGroup--thread1] WARN  client.NettyClientStreamRpc (NettyClientStreamRpc.java:scheduleReconnect(206)) - Connection-localhost/127.0.0.1:41129: channel is inactive; schedule reconnecting to localhost/127.0.0.1:41129 in 100ms
2023-03-28 15:13:13,494 [NettyClientStreamRpc-workerGroup--thread1] WARN  client.NettyClientStreamRpc (NettyClientStreamRpc.java:scheduleReconnect(206)) - Connection-localhost/127.0.0.1:43715: channel is inactive; schedule reconnecting to localhost/127.0.0.1:43715 in 100ms
2023-03-28 15:13:13,494 [NettyClientStreamRpc-workerGroup--thread1] WARN  client.NettyClientStreamRpc (NettyClientStreamRpc.java:scheduleReconnect(206)) - Connection-localhost/127.0.0.1:43715: channel is inactive; schedule reconnecting to localhost/127.0.0.1:43715 in 100ms
2023-03-28 15:13:13,494 [NettyClientStreamRpc-workerGroup--thread1] WARN  client.NettyClientStreamRpc (NettyClientStreamRpc.java:scheduleReconnect(206)) - Connection-localhost/127.0.0.1:43715: channel is inactive; schedule reconnecting to localhost/127.0.0.1:43715 in 100ms
2023-03-28 15:13:13,494 [NettyClientStreamRpc-workerGroup--thread1] WARN  client.NettyClientStreamRpc (NettyClientStreamRpc.java:scheduleReconnect(206)) - Connection-localhost/127.0.0.1:43715: channel is inactive; schedule reconnecting to localhost/127.0.0.1:43715 in 100ms
2023-03-28 15:13:13,494 [NettyClientStreamRpc-workerGroup--thread1] WARN  client.NettyClientStreamRpc (NettyClientStreamRpc.java:scheduleReconnect(206)) - Connection-localhost/127.0.0.1:43715: channel is inactive; schedule reconnecting to localhost/127.0.0.1:43715 in 100ms
2023-03-28 15:13:13,494 [NettyClientStreamRpc-workerGroup--thread1] WARN  client.NettyClientStreamRpc (NettyClientStreamRpc.java:scheduleReconnect(206)) - Connection-localhost/127.0.0.1:43715: channel is inactive; schedule reconnecting to localhost/127.0.0.1:43715 in 100ms
2023-03-28 15:13:13,494 [NettyClientStreamRpc-workerGroup--thread1] WARN  client.NettyClientStreamRpc (NettyClientStreamRpc.java:scheduleReconnect(206)) - Connection-localhost/127.0.0.1:43715: channel is inactive; schedule reconnecting to localhost/127.0.0.1:43715 in 100ms
2023-03-28 15:13:13,494 [NettyClientStreamRpc-workerGroup--thread1] WARN  client.NettyClientStreamRpc (NettyClientStreamRpc.java:scheduleReconnect(206)) - Connection-localhost/127.0.0.1:43715: channel is inactive; schedule reconnecting to localhost/127.0.0.1:43715 in 100ms
2023-03-28 15:13:13,494 [NettyClientStreamRpc-workerGroup--thread1] WARN  client.NettyClientStreamRpc (NettyClientStreamRpc.java:scheduleReconnect(206)) - Connection-localhost/127.0.0.1:43715: channel is inactive; schedule reconnecting to localhost/127.0.0.1:43715 in 100ms
2023-03-28 15:13:13,494 [NettyClientStreamRpc-workerGroup--thread1] WARN  client.NettyClientStreamRpc (NettyClientStreamRpc.java:scheduleReconnect(206)) - Connection-localhost/127.0.0.1:43715: channel is inactive; schedule reconnecting to localhost/127.0.0.1:43715 in 100ms
2023-03-28 15:13:13,494 [NettyClientStreamRpc-workerGroup--thread1] WARN  client.NettyClientStreamRpc (NettyClientStreamRpc.java:scheduleReconnect(206)) - Connection-localhost/127.0.0.1:43715: channel is inactive; schedule reconnecting to localhost/127.0.0.1:43715 in 100ms
2023-03-28 15:13:13,494 [NettyClientStreamRpc-workerGroup--thread1] WARN  client.NettyClientStreamRpc (NettyClientStreamRpc.java:scheduleReconnect(206)) - Connection-localhost/127.0.0.1:43715: channel is inactive; schedule reconnecting to localhost/127.0.0.1:43715 in 100ms
2023-03-28 15:13:13,494 [NettyClientStreamRpc-workerGroup--thread1] WARN  client.NettyClientStreamRpc (NettyClientStreamRpc.java:scheduleReconnect(206)) - Connection-localhost/127.0.0.1:43715: channel is inactive; schedule reconnecting to localhost/127.0.0.1:43715 in 100ms
2023-03-28 15:13:13,495 [NettyClientStreamRpc-workerGroup--thread1] WARN  client.NettyClientStreamRpc (NettyClientStreamRpc.java:scheduleReconnect(206)) - Connection-localhost/127.0.0.1:43715: channel is inactive; schedule reconnecting to localhost/127.0.0.1:43715 in 100ms
2023-03-28 15:13:13,495 [NettyClientStreamRpc-workerGroup--thread1] WARN  client.NettyClientStreamRpc (NettyClientStreamRpc.java:scheduleReconnect(206)) - Connection-localhost/127.0.0.1:43715: channel is inactive; schedule reconnecting to localhost/127.0.0.1:43715 in 100ms
2023-03-28 15:13:13,495 [NettyClientStreamRpc-workerGroup--thread1] WARN  client.NettyClientStreamRpc (NettyClientStreamRpc.java:scheduleReconnect(206)) - Connection-localhost/127.0.0.1:43715: channel is inactive; schedule reconnecting to localhost/127.0.0.1:43715 in 100ms
2023-03-28 15:13:13,495 [NettyClientStreamRpc-workerGroup--thread1] WARN  client.NettyClientStreamRpc (NettyClientStreamRpc.java:scheduleReconnect(206)) - Connection-localhost/127.0.0.1:43715: channel is inactive; schedule reconnecting to localhost/127.0.0.1:43715 in 100ms
2023-03-28 15:13:13,496 [NettyClientStreamRpc-workerGroup--thread1] WARN  client.NettyClientStreamRpc (NettyClientStreamRpc.java:scheduleReconnect(206)) - Connection-localhost/127.0.0.1:43715: channel is inactive; schedule reconnecting to localhost/127.0.0.1:43715 in 100ms
2023-03-28 15:13:13,496 [NettyClientStreamRpc-workerGroup--thread1] WARN  client.NettyClientStreamRpc (NettyClientStreamRpc.java:scheduleReconnect(206)) - Connection-localhost/127.0.0.1:43715: channel is inactive; schedule reconnecting to localhost/127.0.0.1:43715 in 100ms
2023-03-28 15:13:13,496 [NettyClientStreamRpc-workerGroup--thread1] WARN  client.NettyClientStreamRpc (NettyClientStreamRpc.java:scheduleReconnect(206)) - Connection-localhost/127.0.0.1:43715: channel is inactive; schedule reconnecting to localhost/127.0.0.1:43715 in 100ms
2023-03-28 15:13:13,520 [NettyClientStreamRpc-workerGroup--thread1] WARN  client.NettyClientStreamRpc (NettyClientStreamRpc.java:scheduleReconnect(206)) - Connection-localhost/127.0.0.1:44863: channel is inactive; schedule reconnecting to localhost/127.0.0.1:44863 in 100ms
2023-03-28 15:13:13,520 [NettyClientStreamRpc-workerGroup--thread1] WARN  client.NettyClientStreamRpc (NettyClientStreamRpc.java:scheduleReconnect(206)) - Connection-localhost/127.0.0.1:44863: channel is inactive; schedule reconnecting to localhost/127.0.0.1:44863 in 100ms
2023-03-28 15:13:13,520 [NettyClientStreamRpc-workerGroup--thread1] WARN  client.NettyClientStreamRpc (NettyClientStreamRpc.java:scheduleReconnect(206)) - Connection-localhost/127.0.0.1:44863: channel is inactive; schedule reconnecting to localhost/127.0.0.1:44863 in 100ms
2023-03-28 15:13:13,520 [NettyClientStreamRpc-workerGroup--thread1] WARN  client.NettyClientStreamRpc (NettyClientStreamRpc.java:scheduleReconnect(206)) - Connection-localhost/127.0.0.1:44863: channel is inactive; schedule reconnecting to localhost/127.0.0.1:44863 in 100ms
2023-03-28 15:13:13,521 [NettyClientStreamRpc-workerGroup--thread1] WARN  client.NettyClientStreamRpc (NettyClientStreamRpc.java:scheduleReconnect(206)) - Connection-localhost/127.0.0.1:44863: channel is inactive; schedule reconnecting to localhost/127.0.0.1:44863 in 100ms
2023-03-28 15:13:13,521 [NettyClientStreamRpc-workerGroup--thread1] WARN  client.NettyClientStreamRpc (NettyClientStreamRpc.java:scheduleReconnect(206)) - Connection-localhost/127.0.0.1:44863: channel is inactive; schedule reconnecting to localhost/127.0.0.1:44863 in 100ms
2023-03-28 15:13:13,521 [NettyClientStreamRpc-workerGroup--thread1] WARN  client.NettyClientStreamRpc (NettyClientStreamRpc.java:scheduleReconnect(206)) - Connection-localhost/127.0.0.1:44863: channel is inactive; schedule reconnecting to localhost/127.0.0.1:44863 in 100ms
2023-03-28 15:13:13,521 [NettyClientStreamRpc-workerGroup--thread1] WARN  client.NettyClientStreamRpc (NettyClientStreamRpc.java:scheduleReconnect(206)) - Connection-localhost/127.0.0.1:44863: channel is inactive; schedule reconnecting to localhost/127.0.0.1:44863 in 100ms
2023-03-28 15:13:13,521 [NettyClientStreamRpc-workerGroup--thread1] WARN  client.NettyClientStreamRpc (NettyClientStreamRpc.java:scheduleReconnect(206)) - Connection-localhost/127.0.0.1:44863: channel is inactive; schedule reconnecting to localhost/127.0.0.1:44863 in 100ms
2023-03-28 15:13:13,521 [NettyClientStreamRpc-workerGroup--thread1] WARN  client.NettyClientStreamRpc (NettyClientStreamRpc.java:scheduleReconnect(206)) - Connection-localhost/127.0.0.1:44863: channel is inactive; schedule reconnecting to localhost/127.0.0.1:44863 in 100ms
2023-03-28 15:13:13,521 [NettyClientStreamRpc-workerGroup--thread1] WARN  client.NettyClientStreamRpc (NettyClientStreamRpc.java:scheduleReconnect(206)) - Connection-localhost/127.0.0.1:44863: channel is inactive; schedule reconnecting to localhost/127.0.0.1:44863 in 100ms
2023-03-28 15:13:13,522 [NettyClientStreamRpc-workerGroup--thread1] WARN  client.NettyClientStreamRpc (NettyClientStreamRpc.java:scheduleReconnect(206)) - Connection-localhost/127.0.0.1:44863: channel is inactive; schedule reconnecting to localhost/127.0.0.1:44863 in 100ms
2023-03-28 15:13:13,522 [NettyClientStreamRpc-workerGroup--thread1] WARN  client.NettyClientStreamRpc (NettyClientStreamRpc.java:scheduleReconnect(206)) - Connection-localhost/127.0.0.1:44863: channel is inactive; schedule reconnecting to localhost/127.0.0.1:44863 in 100ms
2023-03-28 15:13:13,522 [NettyClientStreamRpc-workerGroup--thread1] WARN  client.NettyClientStreamRpc (NettyClientStreamRpc.java:scheduleReconnect(206)) - Connection-localhost/127.0.0.1:44863: channel is inactive; schedule reconnecting to localhost/127.0.0.1:44863 in 100ms
2023-03-28 15:13:13,522 [NettyClientStreamRpc-workerGroup--thread1] WARN  client.NettyClientStreamRpc (NettyClientStreamRpc.java:scheduleReconnect(206)) - Connection-localhost/127.0.0.1:44863: channel is inactive; schedule reconnecting to localhost/127.0.0.1:44863 in 100ms
2023-03-28 15:13:13,522 [NettyClientStreamRpc-workerGroup--thread1] WARN  client.NettyClientStreamRpc (NettyClientStreamRpc.java:scheduleReconnect(206)) - Connection-localhost/127.0.0.1:44863: channel is inactive; schedule reconnecting to localhost/127.0.0.1:44863 in 100ms
2023-03-28 15:13:13,522 [NettyClientStreamRpc-workerGroup--thread1] WARN  client.NettyClientStreamRpc (NettyClientStreamRpc.java:scheduleReconnect(206)) - Connection-localhost/127.0.0.1:44863: channel is inactive; schedule reconnecting to localhost/127.0.0.1:44863 in 100ms
2023-03-28 15:13:13,522 [NettyClientStreamRpc-workerGroup--thread1] WARN  client.NettyClientStreamRpc (NettyClientStreamRpc.java:scheduleReconnect(206)) - Connection-localhost/127.0.0.1:44863: channel is inactive; schedule reconnecting to localhost/127.0.0.1:44863 in 100ms
2023-03-28 15:13:13,527 [Thread-499] WARN  util.PeerProxyMap (PeerProxyMap.java:closeProxy(179)) - s2-NettyServerStreamRpc: Failed to close proxy for peer s0|rpc:localhost:34691|admin:localhost:42501|client:localhost:42695|dataStream:localhost:41129|priority:0|startupRole:FOLLOWER, proxy class: class org.apache.ratis.client.impl.DataStreamClientImpl
org.apache.ratis.thirdparty.io.netty.channel.AbstractChannel$AnnotatedConnectException: Connection refused: localhost/127.0.0.1:41129
Caused by: java.net.ConnectException: Connection refused
	at java.base/sun.nio.ch.SocketChannelImpl.checkConnect(Native Method)
	at java.base/sun.nio.ch.SocketChannelImpl.finishConnect(SocketChannelImpl.java:777)
	at org.apache.ratis.thirdparty.io.netty.channel.socket.nio.NioSocketChannel.doFinishConnect(NioSocketChannel.java:337)
	at org.apache.ratis.thirdparty.io.netty.channel.nio.AbstractNioChannel$AbstractNioUnsafe.finishConnect(AbstractNioChannel.java:334)
	at org.apache.ratis.thirdparty.io.netty.channel.nio.NioEventLoop.processSelectedKey(NioEventLoop.java:776)
	at org.apache.ratis.thirdparty.io.netty.channel.nio.NioEventLoop.processSelectedKeysOptimized(NioEventLoop.java:724)
	at org.apache.ratis.thirdparty.io.netty.channel.nio.NioEventLoop.processSelectedKeys(NioEventLoop.java:650)
	at org.apache.ratis.thirdparty.io.netty.channel.nio.NioEventLoop.run(NioEventLoop.java:562)
	at org.apache.ratis.thirdparty.io.netty.util.concurrent.SingleThreadEventExecutor$4.run(SingleThreadEventExecutor.java:997)
	at org.apache.ratis.thirdparty.io.netty.util.internal.ThreadExecutorMap$2.run(ThreadExecutorMap.java:74)
	at java.base/java.lang.Thread.run(Thread.java:829)
2023-03-28 15:13:13,527 [NettyClientStreamRpc-workerGroup--thread3] WARN  client.NettyClientStreamRpc (NettyClientStreamRpc.java:scheduleReconnect(206)) - Connection-localhost/127.0.0.1:41129: org.apache.ratis.netty.client.NettyClientStreamRpc$Connection$1@1a2b1d55 failed; schedule reconnecting to localhost/127.0.0.1:41129 in 100ms
2023-03-28 15:13:13,565 [NettyClientStreamRpc-workerGroup--thread3] WARN  client.NettyClientStreamRpc (NettyClientStreamRpc.java:scheduleReconnect(208)) - 
org.apache.ratis.thirdparty.io.netty.channel.AbstractChannel$AnnotatedConnectException: Connection refused: localhost/127.0.0.1:41129
Caused by: java.net.ConnectException: Connection refused
	at java.base/sun.nio.ch.SocketChannelImpl.checkConnect(Native Method)
	at java.base/sun.nio.ch.SocketChannelImpl.finishConnect(SocketChannelImpl.java:777)
	at org.apache.ratis.thirdparty.io.netty.channel.socket.nio.NioSocketChannel.doFinishConnect(NioSocketChannel.java:337)
	at org.apache.ratis.thirdparty.io.netty.channel.nio.AbstractNioChannel$AbstractNioUnsafe.finishConnect(AbstractNioChannel.java:334)
	at org.apache.ratis.thirdparty.io.netty.channel.nio.NioEventLoop.processSelectedKey(NioEventLoop.java:776)
	at org.apache.ratis.thirdparty.io.netty.channel.nio.NioEventLoop.processSelectedKeysOptimized(NioEventLoop.java:724)
	at org.apache.ratis.thirdparty.io.netty.channel.nio.NioEventLoop.processSelectedKeys(NioEventLoop.java:650)
	at org.apache.ratis.thirdparty.io.netty.channel.nio.NioEventLoop.run(NioEventLoop.java:562)
	at org.apache.ratis.thirdparty.io.netty.util.concurrent.SingleThreadEventExecutor$4.run(SingleThreadEventExecutor.java:997)
	at org.apache.ratis.thirdparty.io.netty.util.internal.ThreadExecutorMap$2.run(ThreadExecutorMap.java:74)
	at java.base/java.lang.Thread.run(Thread.java:829)
2023-03-28 15:13:13,569 [NettyClientStreamRpc-workerGroup--thread3] WARN  client.NettyClientStreamRpc (NettyClientStreamRpc.java:scheduleReconnect(206)) - Connection-localhost/127.0.0.1:43715: org.apache.ratis.netty.client.NettyClientStreamRpc$Connection$1@182d32f7 failed; schedule reconnecting to localhost/127.0.0.1:43715 in 100ms
2023-03-28 15:13:13,569 [NettyClientStreamRpc-workerGroup--thread3] WARN  client.NettyClientStreamRpc (NettyClientStreamRpc.java:scheduleReconnect(208)) - 
org.apache.ratis.thirdparty.io.netty.channel.AbstractChannel$AnnotatedConnectException: Connection refused: localhost/127.0.0.1:43715
Caused by: java.net.ConnectException: Connection refused
	at java.base/sun.nio.ch.SocketChannelImpl.checkConnect(Native Method)
	at java.base/sun.nio.ch.SocketChannelImpl.finishConnect(SocketChannelImpl.java:777)
	at org.apache.ratis.thirdparty.io.netty.channel.socket.nio.NioSocketChannel.doFinishConnect(NioSocketChannel.java:337)
	at org.apache.ratis.thirdparty.io.netty.channel.nio.AbstractNioChannel$AbstractNioUnsafe.finishConnect(AbstractNioChannel.java:334)
	at org.apache.ratis.thirdparty.io.netty.channel.nio.NioEventLoop.processSelectedKey(NioEventLoop.java:776)
	at org.apache.ratis.thirdparty.io.netty.channel.nio.NioEventLoop.processSelectedKeysOptimized(NioEventLoop.java:724)
	at org.apache.ratis.thirdparty.io.netty.channel.nio.NioEventLoop.processSelectedKeys(NioEventLoop.java:650)
	at org.apache.ratis.thirdparty.io.netty.channel.nio.NioEventLoop.run(NioEventLoop.java:562)
	at org.apache.ratis.thirdparty.io.netty.util.concurrent.SingleThreadEventExecutor$4.run(SingleThreadEventExecutor.java:997)
	at org.apache.ratis.thirdparty.io.netty.util.internal.ThreadExecutorMap$2.run(ThreadExecutorMap.java:74)
	at java.base/java.lang.Thread.run(Thread.java:829)
2023-03-28 15:13:13,570 [NettyClientStreamRpc-workerGroup--thread3] WARN  client.NettyClientStreamRpc (NettyClientStreamRpc.java:scheduleReconnect(206)) - Connection-localhost/127.0.0.1:44863: org.apache.ratis.netty.client.NettyClientStreamRpc$Connection$1@4aa68230 failed; schedule reconnecting to localhost/127.0.0.1:44863 in 100ms
2023-03-28 15:13:13,570 [NettyClientStreamRpc-workerGroup--thread3] WARN  client.NettyClientStreamRpc (NettyClientStreamRpc.java:scheduleReconnect(208)) - 
org.apache.ratis.thirdparty.io.netty.channel.AbstractChannel$AnnotatedConnectException: Connection refused: localhost/127.0.0.1:44863
Caused by: java.net.ConnectException: Connection refused
	at java.base/sun.nio.ch.SocketChannelImpl.checkConnect(Native Method)
	at java.base/sun.nio.ch.SocketChannelImpl.finishConnect(SocketChannelImpl.java:777)
	at org.apache.ratis.thirdparty.io.netty.channel.socket.nio.NioSocketChannel.doFinishConnect(NioSocketChannel.java:337)
	at org.apache.ratis.thirdparty.io.netty.channel.nio.AbstractNioChannel$AbstractNioUnsafe.finishConnect(AbstractNioChannel.java:334)
	at org.apache.ratis.thirdparty.io.netty.channel.nio.NioEventLoop.processSelectedKey(NioEventLoop.java:776)
	at org.apache.ratis.thirdparty.io.netty.channel.nio.NioEventLoop.processSelectedKeysOptimized(NioEventLoop.java:724)
	at org.apache.ratis.thirdparty.io.netty.channel.nio.NioEventLoop.processSelectedKeys(NioEventLoop.java:650)
	at org.apache.ratis.thirdparty.io.netty.channel.nio.NioEventLoop.run(NioEventLoop.java:562)
	at org.apache.ratis.thirdparty.io.netty.util.concurrent.SingleThreadEventExecutor$4.run(SingleThreadEventExecutor.java:997)
	at org.apache.ratis.thirdparty.io.netty.util.internal.ThreadExecutorMap$2.run(ThreadExecutorMap.java:74)
	at java.base/java.lang.Thread.run(Thread.java:829)
2023-03-28 15:13:13,615 [NettyClientStreamRpc-workerGroup--thread3] WARN  client.NettyClientStreamRpc (NettyClientStreamRpc.java:scheduleReconnect(206)) - Connection-localhost/127.0.0.1:41129: org.apache.ratis.netty.client.NettyClientStreamRpc$Connection$1@4a1f81d5 failed; schedule reconnecting to localhost/127.0.0.1:41129 in 100ms
2023-03-28 15:13:13,616 [NettyClientStreamRpc-workerGroup--thread3] WARN  client.NettyClientStreamRpc (NettyClientStreamRpc.java:scheduleReconnect(208)) - 
org.apache.ratis.thirdparty.io.netty.channel.AbstractChannel$AnnotatedConnectException: Connection refused: localhost/127.0.0.1:41129
Caused by: java.net.ConnectException: Connection refused
	at java.base/sun.nio.ch.SocketChannelImpl.checkConnect(Native Method)
	at java.base/sun.nio.ch.SocketChannelImpl.finishConnect(SocketChannelImpl.java:777)
	at org.apache.ratis.thirdparty.io.netty.channel.socket.nio.NioSocketChannel.doFinishConnect(NioSocketChannel.java:337)
	at org.apache.ratis.thirdparty.io.netty.channel.nio.AbstractNioChannel$AbstractNioUnsafe.finishConnect(AbstractNioChannel.java:334)
	at org.apache.ratis.thirdparty.io.netty.channel.nio.NioEventLoop.processSelectedKey(NioEventLoop.java:776)
	at org.apache.ratis.thirdparty.io.netty.channel.nio.NioEventLoop.processSelectedKeysOptimized(NioEventLoop.java:724)
	at org.apache.ratis.thirdparty.io.netty.channel.nio.NioEventLoop.processSelectedKeys(NioEventLoop.java:650)
	at org.apache.ratis.thirdparty.io.netty.channel.nio.NioEventLoop.run(NioEventLoop.java:562)
	at org.apache.ratis.thirdparty.io.netty.util.concurrent.SingleThreadEventExecutor$4.run(SingleThreadEventExecutor.java:997)
	at org.apache.ratis.thirdparty.io.netty.util.internal.ThreadExecutorMap$2.run(ThreadExecutorMap.java:74)
	at java.base/java.lang.Thread.run(Thread.java:829)
2023-03-28 15:13:13,618 [NettyClientStreamRpc-workerGroup--thread3] WARN  client.NettyClientStreamRpc (NettyClientStreamRpc.java:scheduleReconnect(206)) - Connection-localhost/127.0.0.1:41129: org.apache.ratis.netty.client.NettyClientStreamRpc$Connection$1@df0c246 failed; schedule reconnecting to localhost/127.0.0.1:41129 in 100ms
2023-03-28 15:13:13,618 [NettyClientStreamRpc-workerGroup--thread3] WARN  client.NettyClientStreamRpc (NettyClientStreamRpc.java:scheduleReconnect(208)) - 
org.apache.ratis.thirdparty.io.netty.channel.AbstractChannel$AnnotatedConnectException: Connection refused: localhost/127.0.0.1:41129
Caused by: java.net.ConnectException: Connection refused
	at java.base/sun.nio.ch.SocketChannelImpl.checkConnect(Native Method)
	at java.base/sun.nio.ch.SocketChannelImpl.finishConnect(SocketChannelImpl.java:777)
	at org.apache.ratis.thirdparty.io.netty.channel.socket.nio.NioSocketChannel.doFinishConnect(NioSocketChannel.java:337)
	at org.apache.ratis.thirdparty.io.netty.channel.nio.AbstractNioChannel$AbstractNioUnsafe.finishConnect(AbstractNioChannel.java:334)
	at org.apache.ratis.thirdparty.io.netty.channel.nio.NioEventLoop.processSelectedKey(NioEventLoop.java:776)
	at org.apache.ratis.thirdparty.io.netty.channel.nio.NioEventLoop.processSelectedKeysOptimized(NioEventLoop.java:724)
	at org.apache.ratis.thirdparty.io.netty.channel.nio.NioEventLoop.processSelectedKeys(NioEventLoop.java:650)
	at org.apache.ratis.thirdparty.io.netty.channel.nio.NioEventLoop.run(NioEventLoop.java:562)
	at org.apache.ratis.thirdparty.io.netty.util.concurrent.SingleThreadEventExecutor$4.run(SingleThreadEventExecutor.java:997)
	at org.apache.ratis.thirdparty.io.netty.util.internal.ThreadExecutorMap$2.run(ThreadExecutorMap.java:74)
	at java.base/java.lang.Thread.run(Thread.java:829)
2023-03-28 15:13:13,569 [Thread-493] WARN  util.PeerProxyMap (PeerProxyMap.java:closeProxy(179)) - s0-NettyServerStreamRpc: Failed to close proxy for peer s2|rpc:localhost:41369|admin:localhost:42041|client:localhost:44529|dataStream:localhost:43715|priority:0|startupRole:FOLLOWER, proxy class: class org.apache.ratis.client.impl.DataStreamClientImpl
org.apache.ratis.thirdparty.io.netty.channel.AbstractChannel$AnnotatedConnectException: Connection refused: localhost/127.0.0.1:43715
Caused by: java.net.ConnectException: Connection refused
	at java.base/sun.nio.ch.SocketChannelImpl.checkConnect(Native Method)
	at java.base/sun.nio.ch.SocketChannelImpl.finishConnect(SocketChannelImpl.java:777)
	at org.apache.ratis.thirdparty.io.netty.channel.socket.nio.NioSocketChannel.doFinishConnect(NioSocketChannel.java:337)
	at org.apache.ratis.thirdparty.io.netty.channel.nio.AbstractNioChannel$AbstractNioUnsafe.finishConnect(AbstractNioChannel.java:334)
	at org.apache.ratis.thirdparty.io.netty.channel.nio.NioEventLoop.processSelectedKey(NioEventLoop.java:776)
	at org.apache.ratis.thirdparty.io.netty.channel.nio.NioEventLoop.processSelectedKeysOptimized(NioEventLoop.java:724)
	at org.apache.ratis.thirdparty.io.netty.channel.nio.NioEventLoop.processSelectedKeys(NioEventLoop.java:650)
	at org.apache.ratis.thirdparty.io.netty.channel.nio.NioEventLoop.run(NioEventLoop.java:562)
	at org.apache.ratis.thirdparty.io.netty.util.concurrent.SingleThreadEventExecutor$4.run(SingleThreadEventExecutor.java:997)
	at org.apache.ratis.thirdparty.io.netty.util.internal.ThreadExecutorMap$2.run(ThreadExecutorMap.java:74)
	at java.base/java.lang.Thread.run(Thread.java:829)
2023-03-28 15:13:13,570 [Thread-500] WARN  util.PeerProxyMap (PeerProxyMap.java:closeProxy(179)) - s2-NettyServerStreamRpc: Failed to close proxy for peer s1|rpc:localhost:45465|admin:localhost:46709|client:localhost:37549|dataStream:localhost:44863|priority:0|startupRole:FOLLOWER, proxy class: class org.apache.ratis.client.impl.DataStreamClientImpl
org.apache.ratis.thirdparty.io.netty.channel.AbstractChannel$AnnotatedConnectException: Connection refused: localhost/127.0.0.1:44863
Caused by: java.net.ConnectException: Connection refused
	at java.base/sun.nio.ch.SocketChannelImpl.checkConnect(Native Method)
	at java.base/sun.nio.ch.SocketChannelImpl.finishConnect(SocketChannelImpl.java:777)
	at org.apache.ratis.thirdparty.io.netty.channel.socket.nio.NioSocketChannel.doFinishConnect(NioSocketChannel.java:337)
	at org.apache.ratis.thirdparty.io.netty.channel.nio.AbstractNioChannel$AbstractNioUnsafe.finishConnect(AbstractNioChannel.java:334)
	at org.apache.ratis.thirdparty.io.netty.channel.nio.NioEventLoop.processSelectedKey(NioEventLoop.java:776)
	at org.apache.ratis.thirdparty.io.netty.channel.nio.NioEventLoop.processSelectedKeysOptimized(NioEventLoop.java:724)
	at org.apache.ratis.thirdparty.io.netty.channel.nio.NioEventLoop.processSelectedKeys(NioEventLoop.java:650)
	at org.apache.ratis.thirdparty.io.netty.channel.nio.NioEventLoop.run(NioEventLoop.java:562)
	at org.apache.ratis.thirdparty.io.netty.util.concurrent.SingleThreadEventExecutor$4.run(SingleThreadEventExecutor.java:997)
	at org.apache.ratis.thirdparty.io.netty.util.internal.ThreadExecutorMap$2.run(ThreadExecutorMap.java:74)
	at java.base/java.lang.Thread.run(Thread.java:829)
2023-03-28 15:13:13,615 [Thread-537] WARN  util.PeerProxyMap (PeerProxyMap.java:closeProxy(179)) - s1-NettyServerStreamRpc: Failed to close proxy for peer s0|rpc:localhost:34691|admin:localhost:42501|client:localhost:42695|dataStream:localhost:41129|priority:0|startupRole:FOLLOWER, proxy class: class org.apache.ratis.client.impl.DataStreamClientImpl
org.apache.ratis.thirdparty.io.netty.channel.AbstractChannel$AnnotatedConnectException: Connection refused: localhost/127.0.0.1:41129
Caused by: java.net.ConnectException: Connection refused
	at java.base/sun.nio.ch.SocketChannelImpl.checkConnect(Native Method)
	at java.base/sun.nio.ch.SocketChannelImpl.finishConnect(SocketChannelImpl.java:777)
	at org.apache.ratis.thirdparty.io.netty.channel.socket.nio.NioSocketChannel.doFinishConnect(NioSocketChannel.java:337)
	at org.apache.ratis.thirdparty.io.netty.channel.nio.AbstractNioChannel$AbstractNioUnsafe.finishConnect(AbstractNioChannel.java:334)
	at org.apache.ratis.thirdparty.io.netty.channel.nio.NioEventLoop.processSelectedKey(NioEventLoop.java:776)
	at org.apache.ratis.thirdparty.io.netty.channel.nio.NioEventLoop.processSelectedKeysOptimized(NioEventLoop.java:724)
	at org.apache.ratis.thirdparty.io.netty.channel.nio.NioEventLoop.processSelectedKeys(NioEventLoop.java:650)
	at org.apache.ratis.thirdparty.io.netty.channel.nio.NioEventLoop.run(NioEventLoop.java:562)
	at org.apache.ratis.thirdparty.io.netty.util.concurrent.SingleThreadEventExecutor$4.run(SingleThreadEventExecutor.java:997)
	at org.apache.ratis.thirdparty.io.netty.util.internal.ThreadExecutorMap$2.run(ThreadExecutorMap.java:74)
	at java.base/java.lang.Thread.run(Thread.java:829)
2023-03-28 15:13:13,646 [NettyClientStreamRpc-workerGroup--thread3] WARN  client.NettyClientStreamRpc (NettyClientStreamRpc.java:scheduleReconnect(206)) - Connection-localhost/127.0.0.1:41129: org.apache.ratis.netty.client.NettyClientStreamRpc$Connection$1@6f138d04 failed; schedule reconnecting to localhost/127.0.0.1:41129 in 100ms
2023-03-28 15:13:13,647 [NettyClientStreamRpc-workerGroup--thread3] WARN  client.NettyClientStreamRpc (NettyClientStreamRpc.java:scheduleReconnect(208)) - 
org.apache.ratis.thirdparty.io.netty.channel.AbstractChannel$AnnotatedConnectException: Connection refused: localhost/127.0.0.1:41129
Caused by: java.net.ConnectException: Connection refused
	at java.base/sun.nio.ch.SocketChannelImpl.checkConnect(Native Method)
	at java.base/sun.nio.ch.SocketChannelImpl.finishConnect(SocketChannelImpl.java:777)
	at org.apache.ratis.thirdparty.io.netty.channel.socket.nio.NioSocketChannel.doFinishConnect(NioSocketChannel.java:337)
	at org.apache.ratis.thirdparty.io.netty.channel.nio.AbstractNioChannel$AbstractNioUnsafe.finishConnect(AbstractNioChannel.java:334)
	at org.apache.ratis.thirdparty.io.netty.channel.nio.NioEventLoop.processSelectedKey(NioEventLoop.java:776)
	at org.apache.ratis.thirdparty.io.netty.channel.nio.NioEventLoop.processSelectedKeysOptimized(NioEventLoop.java:724)
	at org.apache.ratis.thirdparty.io.netty.channel.nio.NioEventLoop.processSelectedKeys(NioEventLoop.java:650)
	at org.apache.ratis.thirdparty.io.netty.channel.nio.NioEventLoop.run(NioEventLoop.java:562)
	at org.apache.ratis.thirdparty.io.netty.util.concurrent.SingleThreadEventExecutor$4.run(SingleThreadEventExecutor.java:997)
	at org.apache.ratis.thirdparty.io.netty.util.internal.ThreadExecutorMap$2.run(ThreadExecutorMap.java:74)
	at java.base/java.lang.Thread.run(Thread.java:829)
2023-03-28 15:13:13,650 [NettyClientStreamRpc-workerGroup--thread3] WARN  client.NettyClientStreamRpc (NettyClientStreamRpc.java:scheduleReconnect(206)) - Connection-localhost/127.0.0.1:44863: org.apache.ratis.netty.client.NettyClientStreamRpc$Connection$1@3504b085 failed; schedule reconnecting to localhost/127.0.0.1:44863 in 100ms
2023-03-28 15:13:13,650 [NettyClientStreamRpc-workerGroup--thread3] WARN  client.NettyClientStreamRpc (NettyClientStreamRpc.java:scheduleReconnect(208)) - 
org.apache.ratis.thirdparty.io.netty.channel.AbstractChannel$AnnotatedConnectException: Connection refused: localhost/127.0.0.1:44863
Caused by: java.net.ConnectException: Connection refused
	at java.base/sun.nio.ch.SocketChannelImpl.checkConnect(Native Method)
	at java.base/sun.nio.ch.SocketChannelImpl.finishConnect(SocketChannelImpl.java:777)
	at org.apache.ratis.thirdparty.io.netty.channel.socket.nio.NioSocketChannel.doFinishConnect(NioSocketChannel.java:337)
	at org.apache.ratis.thirdparty.io.netty.channel.nio.AbstractNioChannel$AbstractNioUnsafe.finishConnect(AbstractNioChannel.java:334)
	at org.apache.ratis.thirdparty.io.netty.channel.nio.NioEventLoop.processSelectedKey(NioEventLoop.java:776)
	at org.apache.ratis.thirdparty.io.netty.channel.nio.NioEventLoop.processSelectedKeysOptimized(NioEventLoop.java:724)
	at org.apache.ratis.thirdparty.io.netty.channel.nio.NioEventLoop.processSelectedKeys(NioEventLoop.java:650)
	at org.apache.ratis.thirdparty.io.netty.channel.nio.NioEventLoop.run(NioEventLoop.java:562)
	at org.apache.ratis.thirdparty.io.netty.util.concurrent.SingleThreadEventExecutor$4.run(SingleThreadEventExecutor.java:997)
	at org.apache.ratis.thirdparty.io.netty.util.internal.ThreadExecutorMap$2.run(ThreadExecutorMap.java:74)
	at java.base/java.lang.Thread.run(Thread.java:829)
2023-03-28 15:13:13,655 [NettyClientStreamRpc-workerGroup--thread3] WARN  client.NettyClientStreamRpc (NettyClientStreamRpc.java:scheduleReconnect(206)) - Connection-localhost/127.0.0.1:44863: org.apache.ratis.netty.client.NettyClientStreamRpc$Connection$1@773964c2 failed; schedule reconnecting to localhost/127.0.0.1:44863 in 100ms
2023-03-28 15:13:13,655 [NettyClientStreamRpc-workerGroup--thread3] WARN  client.NettyClientStreamRpc (NettyClientStreamRpc.java:scheduleReconnect(208)) - 
org.apache.ratis.thirdparty.io.netty.channel.AbstractChannel$AnnotatedConnectException: Connection refused: localhost/127.0.0.1:44863
Caused by: java.net.ConnectException: Connection refused
	at java.base/sun.nio.ch.SocketChannelImpl.checkConnect(Native Method)
	at java.base/sun.nio.ch.SocketChannelImpl.finishConnect(SocketChannelImpl.java:777)
	at org.apache.ratis.thirdparty.io.netty.channel.socket.nio.NioSocketChannel.doFinishConnect(NioSocketChannel.java:337)
	at org.apache.ratis.thirdparty.io.netty.channel.nio.AbstractNioChannel$AbstractNioUnsafe.finishConnect(AbstractNioChannel.java:334)
	at org.apache.ratis.thirdparty.io.netty.channel.nio.NioEventLoop.processSelectedKey(NioEventLoop.java:776)
	at org.apache.ratis.thirdparty.io.netty.channel.nio.NioEventLoop.processSelectedKeysOptimized(NioEventLoop.java:724)
	at org.apache.ratis.thirdparty.io.netty.channel.nio.NioEventLoop.processSelectedKeys(NioEventLoop.java:650)
	at org.apache.ratis.thirdparty.io.netty.channel.nio.NioEventLoop.run(NioEventLoop.java:562)
	at org.apache.ratis.thirdparty.io.netty.util.concurrent.SingleThreadEventExecutor$4.run(SingleThreadEventExecutor.java:997)
	at org.apache.ratis.thirdparty.io.netty.util.internal.ThreadExecutorMap$2.run(ThreadExecutorMap.java:74)
	at java.base/java.lang.Thread.run(Thread.java:829)
2023-03-28 15:13:13,658 [NettyClientStreamRpc-workerGroup--thread3] WARN  client.NettyClientStreamRpc (NettyClientStreamRpc.java:scheduleReconnect(206)) - Connection-localhost/127.0.0.1:44863: org.apache.ratis.netty.client.NettyClientStreamRpc$Connection$1@248acfd4 failed; schedule reconnecting to localhost/127.0.0.1:44863 in 100ms
2023-03-28 15:13:13,658 [NettyClientStreamRpc-workerGroup--thread3] WARN  client.NettyClientStreamRpc (NettyClientStreamRpc.java:scheduleReconnect(208)) - 
org.apache.ratis.thirdparty.io.netty.channel.AbstractChannel$AnnotatedConnectException: Connection refused: localhost/127.0.0.1:44863
Caused by: java.net.ConnectException: Connection refused
	at java.base/sun.nio.ch.SocketChannelImpl.checkConnect(Native Method)
	at java.base/sun.nio.ch.SocketChannelImpl.finishConnect(SocketChannelImpl.java:777)
	at org.apache.ratis.thirdparty.io.netty.channel.socket.nio.NioSocketChannel.doFinishConnect(NioSocketChannel.java:337)
	at org.apache.ratis.thirdparty.io.netty.channel.nio.AbstractNioChannel$AbstractNioUnsafe.finishConnect(AbstractNioChannel.java:334)
	at org.apache.ratis.thirdparty.io.netty.channel.nio.NioEventLoop.processSelectedKey(NioEventLoop.java:776)
	at org.apache.ratis.thirdparty.io.netty.channel.nio.NioEventLoop.processSelectedKeysOptimized(NioEventLoop.java:724)
	at org.apache.ratis.thirdparty.io.netty.channel.nio.NioEventLoop.processSelectedKeys(NioEventLoop.java:650)
	at org.apache.ratis.thirdparty.io.netty.channel.nio.NioEventLoop.run(NioEventLoop.java:562)
	at org.apache.ratis.thirdparty.io.netty.util.concurrent.SingleThreadEventExecutor$4.run(SingleThreadEventExecutor.java:997)
	at org.apache.ratis.thirdparty.io.netty.util.internal.ThreadExecutorMap$2.run(ThreadExecutorMap.java:74)
	at java.base/java.lang.Thread.run(Thread.java:829)
2023-03-28 15:13:13,661 [NettyClientStreamRpc-workerGroup--thread3] WARN  client.NettyClientStreamRpc (NettyClientStreamRpc.java:scheduleReconnect(206)) - Connection-localhost/127.0.0.1:44863: org.apache.ratis.netty.client.NettyClientStreamRpc$Connection$1@752a77cc failed; schedule reconnecting to localhost/127.0.0.1:44863 in 100ms
2023-03-28 15:13:13,661 [NettyClientStreamRpc-workerGroup--thread3] WARN  client.NettyClientStreamRpc (NettyClientStreamRpc.java:scheduleReconnect(208)) - 
org.apache.ratis.thirdparty.io.netty.channel.AbstractChannel$AnnotatedConnectException: Connection refused: localhost/127.0.0.1:44863
Caused by: java.net.ConnectException: Connection refused
	at java.base/sun.nio.ch.SocketChannelImpl.checkConnect(Native Method)
	at java.base/sun.nio.ch.SocketChannelImpl.finishConnect(SocketChannelImpl.java:777)
	at org.apache.ratis.thirdparty.io.netty.channel.socket.nio.NioSocketChannel.doFinishConnect(NioSocketChannel.java:337)
	at org.apache.ratis.thirdparty.io.netty.channel.nio.AbstractNioChannel$AbstractNioUnsafe.finishConnect(AbstractNioChannel.java:334)
	at org.apache.ratis.thirdparty.io.netty.channel.nio.NioEventLoop.processSelectedKey(NioEventLoop.java:776)
	at org.apache.ratis.thirdparty.io.netty.channel.nio.NioEventLoop.processSelectedKeysOptimized(NioEventLoop.java:724)
	at org.apache.ratis.thirdparty.io.netty.channel.nio.NioEventLoop.processSelectedKeys(NioEventLoop.java:650)
	at org.apache.ratis.thirdparty.io.netty.channel.nio.NioEventLoop.run(NioEventLoop.java:562)
	at org.apache.ratis.thirdparty.io.netty.util.concurrent.SingleThreadEventExecutor$4.run(SingleThreadEventExecutor.java:997)
	at org.apache.ratis.thirdparty.io.netty.util.internal.ThreadExecutorMap$2.run(ThreadExecutorMap.java:74)
	at java.base/java.lang.Thread.run(Thread.java:829)
2023-03-28 15:13:13,664 [NettyClientStreamRpc-workerGroup--thread3] WARN  client.NettyClientStreamRpc (NettyClientStreamRpc.java:scheduleReconnect(206)) - Connection-localhost/127.0.0.1:44863: org.apache.ratis.netty.client.NettyClientStreamRpc$Connection$1@62d1224d failed; schedule reconnecting to localhost/127.0.0.1:44863 in 100ms
2023-03-28 15:13:13,666 [NettyClientStreamRpc-workerGroup--thread3] WARN  client.NettyClientStreamRpc (NettyClientStreamRpc.java:scheduleReconnect(208)) - 
org.apache.ratis.thirdparty.io.netty.channel.AbstractChannel$AnnotatedConnectException: Connection refused: localhost/127.0.0.1:44863
Caused by: java.net.ConnectException: Connection refused
	at java.base/sun.nio.ch.SocketChannelImpl.checkConnect(Native Method)
	at java.base/sun.nio.ch.SocketChannelImpl.finishConnect(SocketChannelImpl.java:777)
	at org.apache.ratis.thirdparty.io.netty.channel.socket.nio.NioSocketChannel.doFinishConnect(NioSocketChannel.java:337)
	at org.apache.ratis.thirdparty.io.netty.channel.nio.AbstractNioChannel$AbstractNioUnsafe.finishConnect(AbstractNioChannel.java:334)
	at org.apache.ratis.thirdparty.io.netty.channel.nio.NioEventLoop.processSelectedKey(NioEventLoop.java:776)
	at org.apache.ratis.thirdparty.io.netty.channel.nio.NioEventLoop.processSelectedKeysOptimized(NioEventLoop.java:724)
	at org.apache.ratis.thirdparty.io.netty.channel.nio.NioEventLoop.processSelectedKeys(NioEventLoop.java:650)
	at org.apache.ratis.thirdparty.io.netty.channel.nio.NioEventLoop.run(NioEventLoop.java:562)
	at org.apache.ratis.thirdparty.io.netty.util.concurrent.SingleThreadEventExecutor$4.run(SingleThreadEventExecutor.java:997)
	at org.apache.ratis.thirdparty.io.netty.util.internal.ThreadExecutorMap$2.run(ThreadExecutorMap.java:74)
	at java.base/java.lang.Thread.run(Thread.java:829)
2023-03-28 15:13:13,667 [NettyClientStreamRpc-workerGroup--thread3] WARN  client.NettyClientStreamRpc (NettyClientStreamRpc.java:scheduleReconnect(206)) - Connection-localhost/127.0.0.1:44863: org.apache.ratis.netty.client.NettyClientStreamRpc$Connection$1@63b3d438 failed; schedule reconnecting to localhost/127.0.0.1:44863 in 100ms
2023-03-28 15:13:13,667 [NettyClientStreamRpc-workerGroup--thread3] WARN  client.NettyClientStreamRpc (NettyClientStreamRpc.java:scheduleReconnect(208)) - 
org.apache.ratis.thirdparty.io.netty.channel.AbstractChannel$AnnotatedConnectException: Connection refused: localhost/127.0.0.1:44863
Caused by: java.net.ConnectException: Connection refused
	at java.base/sun.nio.ch.SocketChannelImpl.checkConnect(Native Method)
	at java.base/sun.nio.ch.SocketChannelImpl.finishConnect(SocketChannelImpl.java:777)
	at org.apache.ratis.thirdparty.io.netty.channel.socket.nio.NioSocketChannel.doFinishConnect(NioSocketChannel.java:337)
	at org.apache.ratis.thirdparty.io.netty.channel.nio.AbstractNioChannel$AbstractNioUnsafe.finishConnect(AbstractNioChannel.java:334)
	at org.apache.ratis.thirdparty.io.netty.channel.nio.NioEventLoop.processSelectedKey(NioEventLoop.java:776)
	at org.apache.ratis.thirdparty.io.netty.channel.nio.NioEventLoop.processSelectedKeysOptimized(NioEventLoop.java:724)
	at org.apache.ratis.thirdparty.io.netty.channel.nio.NioEventLoop.processSelectedKeys(NioEventLoop.java:650)
	at org.apache.ratis.thirdparty.io.netty.channel.nio.NioEventLoop.run(NioEventLoop.java:562)
	at org.apache.ratis.thirdparty.io.netty.util.concurrent.SingleThreadEventExecutor$4.run(SingleThreadEventExecutor.java:997)
	at org.apache.ratis.thirdparty.io.netty.util.internal.ThreadExecutorMap$2.run(ThreadExecutorMap.java:74)
	at java.base/java.lang.Thread.run(Thread.java:829)
2023-03-28 15:13:13,673 [NettyClientStreamRpc-workerGroup--thread3] WARN  client.NettyClientStreamRpc (NettyClientStreamRpc.java:scheduleReconnect(206)) - Connection-localhost/127.0.0.1:44863: org.apache.ratis.netty.client.NettyClientStreamRpc$Connection$1@5ad542ca failed; schedule reconnecting to localhost/127.0.0.1:44863 in 100ms
2023-03-28 15:13:13,673 [NettyClientStreamRpc-workerGroup--thread3] WARN  client.NettyClientStreamRpc (NettyClientStreamRpc.java:scheduleReconnect(208)) - 
org.apache.ratis.thirdparty.io.netty.channel.AbstractChannel$AnnotatedConnectException: Connection refused: localhost/127.0.0.1:44863
Caused by: java.net.ConnectException: Connection refused
	at java.base/sun.nio.ch.SocketChannelImpl.checkConnect(Native Method)
	at java.base/sun.nio.ch.SocketChannelImpl.finishConnect(SocketChannelImpl.java:777)
	at org.apache.ratis.thirdparty.io.netty.channel.socket.nio.NioSocketChannel.doFinishConnect(NioSocketChannel.java:337)
	at org.apache.ratis.thirdparty.io.netty.channel.nio.AbstractNioChannel$AbstractNioUnsafe.finishConnect(AbstractNioChannel.java:334)
	at org.apache.ratis.thirdparty.io.netty.channel.nio.NioEventLoop.processSelectedKey(NioEventLoop.java:776)
	at org.apache.ratis.thirdparty.io.netty.channel.nio.NioEventLoop.processSelectedKeysOptimized(NioEventLoop.java:724)
	at org.apache.ratis.thirdparty.io.netty.channel.nio.NioEventLoop.processSelectedKeys(NioEventLoop.java:650)
	at org.apache.ratis.thirdparty.io.netty.channel.nio.NioEventLoop.run(NioEventLoop.java:562)
	at org.apache.ratis.thirdparty.io.netty.util.concurrent.SingleThreadEventExecutor$4.run(SingleThreadEventExecutor.java:997)
	at org.apache.ratis.thirdparty.io.netty.util.internal.ThreadExecutorMap$2.run(ThreadExecutorMap.java:74)
	at java.base/java.lang.Thread.run(Thread.java:829)
2023-03-28 15:13:13,675 [NettyClientStreamRpc-workerGroup--thread3] WARN  client.NettyClientStreamRpc (NettyClientStreamRpc.java:scheduleReconnect(206)) - Connection-localhost/127.0.0.1:44863: org.apache.ratis.netty.client.NettyClientStreamRpc$Connection$1@4e33beb3 failed; schedule reconnecting to localhost/127.0.0.1:44863 in 100ms
2023-03-28 15:13:13,676 [NettyClientStreamRpc-workerGroup--thread3] WARN  client.NettyClientStreamRpc (NettyClientStreamRpc.java:scheduleReconnect(208)) - 
org.apache.ratis.thirdparty.io.netty.channel.AbstractChannel$AnnotatedConnectException: Connection refused: localhost/127.0.0.1:44863
Caused by: java.net.ConnectException: Connection refused
	at java.base/sun.nio.ch.SocketChannelImpl.checkConnect(Native Method)
	at java.base/sun.nio.ch.SocketChannelImpl.finishConnect(SocketChannelImpl.java:777)
	at org.apache.ratis.thirdparty.io.netty.channel.socket.nio.NioSocketChannel.doFinishConnect(NioSocketChannel.java:337)
	at org.apache.ratis.thirdparty.io.netty.channel.nio.AbstractNioChannel$AbstractNioUnsafe.finishConnect(AbstractNioChannel.java:334)
	at org.apache.ratis.thirdparty.io.netty.channel.nio.NioEventLoop.processSelectedKey(NioEventLoop.java:776)
	at org.apache.ratis.thirdparty.io.netty.channel.nio.NioEventLoop.processSelectedKeysOptimized(NioEventLoop.java:724)
	at org.apache.ratis.thirdparty.io.netty.channel.nio.NioEventLoop.processSelectedKeys(NioEventLoop.java:650)
	at org.apache.ratis.thirdparty.io.netty.channel.nio.NioEventLoop.run(NioEventLoop.java:562)
	at org.apache.ratis.thirdparty.io.netty.util.concurrent.SingleThreadEventExecutor$4.run(SingleThreadEventExecutor.java:997)
	at org.apache.ratis.thirdparty.io.netty.util.internal.ThreadExecutorMap$2.run(ThreadExecutorMap.java:74)
	at java.base/java.lang.Thread.run(Thread.java:829)
2023-03-28 15:13:13,676 [NettyClientStreamRpc-workerGroup--thread3] WARN  client.NettyClientStreamRpc (NettyClientStreamRpc.java:scheduleReconnect(206)) - Connection-localhost/127.0.0.1:44863: org.apache.ratis.netty.client.NettyClientStreamRpc$Connection$1@702711b2 failed; schedule reconnecting to localhost/127.0.0.1:44863 in 100ms
2023-03-28 15:13:13,677 [NettyClientStreamRpc-workerGroup--thread3] WARN  client.NettyClientStreamRpc (NettyClientStreamRpc.java:scheduleReconnect(208)) - 
org.apache.ratis.thirdparty.io.netty.channel.AbstractChannel$AnnotatedConnectException: Connection refused: localhost/127.0.0.1:44863
Caused by: java.net.ConnectException: Connection refused
	at java.base/sun.nio.ch.SocketChannelImpl.checkConnect(Native Method)
	at java.base/sun.nio.ch.SocketChannelImpl.finishConnect(SocketChannelImpl.java:777)
	at org.apache.ratis.thirdparty.io.netty.channel.socket.nio.NioSocketChannel.doFinishConnect(NioSocketChannel.java:337)
	at org.apache.ratis.thirdparty.io.netty.channel.nio.AbstractNioChannel$AbstractNioUnsafe.finishConnect(AbstractNioChannel.java:334)
	at org.apache.ratis.thirdparty.io.netty.channel.nio.NioEventLoop.processSelectedKey(NioEventLoop.java:776)
	at org.apache.ratis.thirdparty.io.netty.channel.nio.NioEventLoop.processSelectedKeysOptimized(NioEventLoop.java:724)
	at org.apache.ratis.thirdparty.io.netty.channel.nio.NioEventLoop.processSelectedKeys(NioEventLoop.java:650)
	at org.apache.ratis.thirdparty.io.netty.channel.nio.NioEventLoop.run(NioEventLoop.java:562)
	at org.apache.ratis.thirdparty.io.netty.util.concurrent.SingleThreadEventExecutor$4.run(SingleThreadEventExecutor.java:997)
	at org.apache.ratis.thirdparty.io.netty.util.internal.ThreadExecutorMap$2.run(ThreadExecutorMap.java:74)
	at java.base/java.lang.Thread.run(Thread.java:829)
2023-03-28 15:13:13,680 [NettyClientStreamRpc-workerGroup--thread3] WARN  client.NettyClientStreamRpc (NettyClientStreamRpc.java:scheduleReconnect(206)) - Connection-localhost/127.0.0.1:44863: org.apache.ratis.netty.client.NettyClientStreamRpc$Connection$1@4ebb58c7 failed; schedule reconnecting to localhost/127.0.0.1:44863 in 100ms
2023-03-28 15:13:13,680 [NettyClientStreamRpc-workerGroup--thread3] WARN  client.NettyClientStreamRpc (NettyClientStreamRpc.java:scheduleReconnect(208)) - 
org.apache.ratis.thirdparty.io.netty.channel.AbstractChannel$AnnotatedConnectException: Connection refused: localhost/127.0.0.1:44863
Caused by: java.net.ConnectException: Connection refused
	at java.base/sun.nio.ch.SocketChannelImpl.checkConnect(Native Method)
	at java.base/sun.nio.ch.SocketChannelImpl.finishConnect(SocketChannelImpl.java:777)
	at org.apache.ratis.thirdparty.io.netty.channel.socket.nio.NioSocketChannel.doFinishConnect(NioSocketChannel.java:337)
	at org.apache.ratis.thirdparty.io.netty.channel.nio.AbstractNioChannel$AbstractNioUnsafe.finishConnect(AbstractNioChannel.java:334)
	at org.apache.ratis.thirdparty.io.netty.channel.nio.NioEventLoop.processSelectedKey(NioEventLoop.java:776)
	at org.apache.ratis.thirdparty.io.netty.channel.nio.NioEventLoop.processSelectedKeysOptimized(NioEventLoop.java:724)
	at org.apache.ratis.thirdparty.io.netty.channel.nio.NioEventLoop.processSelectedKeys(NioEventLoop.java:650)
	at org.apache.ratis.thirdparty.io.netty.channel.nio.NioEventLoop.run(NioEventLoop.java:562)
	at org.apache.ratis.thirdparty.io.netty.util.concurrent.SingleThreadEventExecutor$4.run(SingleThreadEventExecutor.java:997)
	at org.apache.ratis.thirdparty.io.netty.util.internal.ThreadExecutorMap$2.run(ThreadExecutorMap.java:74)
	at java.base/java.lang.Thread.run(Thread.java:829)
2023-03-28 15:13:13,684 [NettyClientStreamRpc-workerGroup--thread3] WARN  client.NettyClientStreamRpc (NettyClientStreamRpc.java:scheduleReconnect(206)) - Connection-localhost/127.0.0.1:44863: org.apache.ratis.netty.client.NettyClientStreamRpc$Connection$1@2f5adfd3 failed; schedule reconnecting to localhost/127.0.0.1:44863 in 100ms
2023-03-28 15:13:13,684 [NettyClientStreamRpc-workerGroup--thread3] WARN  client.NettyClientStreamRpc (NettyClientStreamRpc.java:scheduleReconnect(208)) - 
org.apache.ratis.thirdparty.io.netty.channel.AbstractChannel$AnnotatedConnectException: Connection refused: localhost/127.0.0.1:44863
Caused by: java.net.ConnectException: Connection refused
	at java.base/sun.nio.ch.SocketChannelImpl.checkConnect(Native Method)
	at java.base/sun.nio.ch.SocketChannelImpl.finishConnect(SocketChannelImpl.java:777)
	at org.apache.ratis.thirdparty.io.netty.channel.socket.nio.NioSocketChannel.doFinishConnect(NioSocketChannel.java:337)
	at org.apache.ratis.thirdparty.io.netty.channel.nio.AbstractNioChannel$AbstractNioUnsafe.finishConnect(AbstractNioChannel.java:334)
	at org.apache.ratis.thirdparty.io.netty.channel.nio.NioEventLoop.processSelectedKey(NioEventLoop.java:776)
	at org.apache.ratis.thirdparty.io.netty.channel.nio.NioEventLoop.processSelectedKeysOptimized(NioEventLoop.java:724)
	at org.apache.ratis.thirdparty.io.netty.channel.nio.NioEventLoop.processSelectedKeys(NioEventLoop.java:650)
	at org.apache.ratis.thirdparty.io.netty.channel.nio.NioEventLoop.run(NioEventLoop.java:562)
	at org.apache.ratis.thirdparty.io.netty.util.concurrent.SingleThreadEventExecutor$4.run(SingleThreadEventExecutor.java:997)
	at org.apache.ratis.thirdparty.io.netty.util.internal.ThreadExecutorMap$2.run(ThreadExecutorMap.java:74)
	at java.base/java.lang.Thread.run(Thread.java:829)
2023-03-28 15:13:13,688 [NettyClientStreamRpc-workerGroup--thread3] WARN  client.NettyClientStreamRpc (NettyClientStreamRpc.java:scheduleReconnect(206)) - Connection-localhost/127.0.0.1:44863: org.apache.ratis.netty.client.NettyClientStreamRpc$Connection$1@49aceb36 failed; schedule reconnecting to localhost/127.0.0.1:44863 in 100ms
2023-03-28 15:13:13,688 [NettyClientStreamRpc-workerGroup--thread3] WARN  client.NettyClientStreamRpc (NettyClientStreamRpc.java:scheduleReconnect(208)) - 
org.apache.ratis.thirdparty.io.netty.channel.AbstractChannel$AnnotatedConnectException: Connection refused: localhost/127.0.0.1:44863
Caused by: java.net.ConnectException: Connection refused
	at java.base/sun.nio.ch.SocketChannelImpl.checkConnect(Native Method)
	at java.base/sun.nio.ch.SocketChannelImpl.finishConnect(SocketChannelImpl.java:777)
	at org.apache.ratis.thirdparty.io.netty.channel.socket.nio.NioSocketChannel.doFinishConnect(NioSocketChannel.java:337)
	at org.apache.ratis.thirdparty.io.netty.channel.nio.AbstractNioChannel$AbstractNioUnsafe.finishConnect(AbstractNioChannel.java:334)
	at org.apache.ratis.thirdparty.io.netty.channel.nio.NioEventLoop.processSelectedKey(NioEventLoop.java:776)
	at org.apache.ratis.thirdparty.io.netty.channel.nio.NioEventLoop.processSelectedKeysOptimized(NioEventLoop.java:724)
	at org.apache.ratis.thirdparty.io.netty.channel.nio.NioEventLoop.processSelectedKeys(NioEventLoop.java:650)
	at org.apache.ratis.thirdparty.io.netty.channel.nio.NioEventLoop.run(NioEventLoop.java:562)
	at org.apache.ratis.thirdparty.io.netty.util.concurrent.SingleThreadEventExecutor$4.run(SingleThreadEventExecutor.java:997)
	at org.apache.ratis.thirdparty.io.netty.util.internal.ThreadExecutorMap$2.run(ThreadExecutorMap.java:74)
	at java.base/java.lang.Thread.run(Thread.java:829)
2023-03-28 15:13:13,690 [NettyClientStreamRpc-workerGroup--thread3] WARN  client.NettyClientStreamRpc (NettyClientStreamRpc.java:scheduleReconnect(206)) - Connection-localhost/127.0.0.1:44863: org.apache.ratis.netty.client.NettyClientStreamRpc$Connection$1@694d3aaf failed; schedule reconnecting to localhost/127.0.0.1:44863 in 100ms
2023-03-28 15:13:13,690 [NettyClientStreamRpc-workerGroup--thread3] WARN  client.NettyClientStreamRpc (NettyClientStreamRpc.java:scheduleReconnect(208)) - 
org.apache.ratis.thirdparty.io.netty.channel.AbstractChannel$AnnotatedConnectException: Connection refused: localhost/127.0.0.1:44863
Caused by: java.net.ConnectException: Connection refused
	at java.base/sun.nio.ch.SocketChannelImpl.checkConnect(Native Method)
	at java.base/sun.nio.ch.SocketChannelImpl.finishConnect(SocketChannelImpl.java:777)
	at org.apache.ratis.thirdparty.io.netty.channel.socket.nio.NioSocketChannel.doFinishConnect(NioSocketChannel.java:337)
	at org.apache.ratis.thirdparty.io.netty.channel.nio.AbstractNioChannel$AbstractNioUnsafe.finishConnect(AbstractNioChannel.java:334)
	at org.apache.ratis.thirdparty.io.netty.channel.nio.NioEventLoop.processSelectedKey(NioEventLoop.java:776)
	at org.apache.ratis.thirdparty.io.netty.channel.nio.NioEventLoop.processSelectedKeysOptimized(NioEventLoop.java:724)
	at org.apache.ratis.thirdparty.io.netty.channel.nio.NioEventLoop.processSelectedKeys(NioEventLoop.java:650)
	at org.apache.ratis.thirdparty.io.netty.channel.nio.NioEventLoop.run(NioEventLoop.java:562)
	at org.apache.ratis.thirdparty.io.netty.util.concurrent.SingleThreadEventExecutor$4.run(SingleThreadEventExecutor.java:997)
	at org.apache.ratis.thirdparty.io.netty.util.internal.ThreadExecutorMap$2.run(ThreadExecutorMap.java:74)
	at java.base/java.lang.Thread.run(Thread.java:829)
2023-03-28 15:13:13,694 [NettyClientStreamRpc-workerGroup--thread3] WARN  client.NettyClientStreamRpc (NettyClientStreamRpc.java:scheduleReconnect(206)) - Connection-localhost/127.0.0.1:44863: org.apache.ratis.netty.client.NettyClientStreamRpc$Connection$1@3e1718d5 failed; schedule reconnecting to localhost/127.0.0.1:44863 in 100ms
2023-03-28 15:13:13,694 [NettyClientStreamRpc-workerGroup--thread3] WARN  client.NettyClientStreamRpc (NettyClientStreamRpc.java:scheduleReconnect(208)) - 
org.apache.ratis.thirdparty.io.netty.channel.AbstractChannel$AnnotatedConnectException: Connection refused: localhost/127.0.0.1:44863
Caused by: java.net.ConnectException: Connection refused
	at java.base/sun.nio.ch.SocketChannelImpl.checkConnect(Native Method)
	at java.base/sun.nio.ch.SocketChannelImpl.finishConnect(SocketChannelImpl.java:777)
	at org.apache.ratis.thirdparty.io.netty.channel.socket.nio.NioSocketChannel.doFinishConnect(NioSocketChannel.java:337)
	at org.apache.ratis.thirdparty.io.netty.channel.nio.AbstractNioChannel$AbstractNioUnsafe.finishConnect(AbstractNioChannel.java:334)
	at org.apache.ratis.thirdparty.io.netty.channel.nio.NioEventLoop.processSelectedKey(NioEventLoop.java:776)
	at org.apache.ratis.thirdparty.io.netty.channel.nio.NioEventLoop.processSelectedKeysOptimized(NioEventLoop.java:724)
	at org.apache.ratis.thirdparty.io.netty.channel.nio.NioEventLoop.processSelectedKeys(NioEventLoop.java:650)
	at org.apache.ratis.thirdparty.io.netty.channel.nio.NioEventLoop.run(NioEventLoop.java:562)
	at org.apache.ratis.thirdparty.io.netty.util.concurrent.SingleThreadEventExecutor$4.run(SingleThreadEventExecutor.java:997)
	at org.apache.ratis.thirdparty.io.netty.util.internal.ThreadExecutorMap$2.run(ThreadExecutorMap.java:74)
	at java.base/java.lang.Thread.run(Thread.java:829)
2023-03-28 15:13:13,764 [Thread-625] WARN  util.PeerProxyMap (PeerProxyMap.java:closeProxy(179)) - s2-NettyServerStreamRpc: Failed to close proxy for peer s1|rpc:localhost:45465|admin:localhost:46709|client:localhost:37549|dataStream:localhost:44863|priority:0|startupRole:FOLLOWER, proxy class: class org.apache.ratis.client.impl.DataStreamClientImpl
org.apache.ratis.thirdparty.io.netty.channel.AbstractChannel$AnnotatedConnectException: Connection refused: localhost/127.0.0.1:44863
Caused by: java.net.ConnectException: Connection refused
	at java.base/sun.nio.ch.SocketChannelImpl.checkConnect(Native Method)
	at java.base/sun.nio.ch.SocketChannelImpl.finishConnect(SocketChannelImpl.java:777)
	at org.apache.ratis.thirdparty.io.netty.channel.socket.nio.NioSocketChannel.doFinishConnect(NioSocketChannel.java:337)
	at org.apache.ratis.thirdparty.io.netty.channel.nio.AbstractNioChannel$AbstractNioUnsafe.finishConnect(AbstractNioChannel.java:334)
	at org.apache.ratis.thirdparty.io.netty.channel.nio.NioEventLoop.processSelectedKey(NioEventLoop.java:776)
	at org.apache.ratis.thirdparty.io.netty.channel.nio.NioEventLoop.processSelectedKeysOptimized(NioEventLoop.java:724)
	at org.apache.ratis.thirdparty.io.netty.channel.nio.NioEventLoop.processSelectedKeys(NioEventLoop.java:650)
	at org.apache.ratis.thirdparty.io.netty.channel.nio.NioEventLoop.run(NioEventLoop.java:562)
	at org.apache.ratis.thirdparty.io.netty.util.concurrent.SingleThreadEventExecutor$4.run(SingleThreadEventExecutor.java:997)
	at org.apache.ratis.thirdparty.io.netty.util.internal.ThreadExecutorMap$2.run(ThreadExecutorMap.java:74)
	at java.base/java.lang.Thread.run(Thread.java:829)
2023-03-28 15:13:13,764 [Thread-610] WARN  util.PeerProxyMap (PeerProxyMap.java:closeProxy(179)) - s2-NettyServerStreamRpc: Failed to close proxy for peer s0|rpc:localhost:34691|admin:localhost:42501|client:localhost:42695|dataStream:localhost:41129|priority:0|startupRole:FOLLOWER, proxy class: class org.apache.ratis.client.impl.DataStreamClientImpl
org.apache.ratis.thirdparty.io.netty.channel.AbstractChannel$AnnotatedConnectException: Connection refused: localhost/127.0.0.1:41129
Caused by: java.net.ConnectException: Connection refused
	at java.base/sun.nio.ch.SocketChannelImpl.checkConnect(Native Method)
	at java.base/sun.nio.ch.SocketChannelImpl.finishConnect(SocketChannelImpl.java:777)
	at org.apache.ratis.thirdparty.io.netty.channel.socket.nio.NioSocketChannel.doFinishConnect(NioSocketChannel.java:337)
	at org.apache.ratis.thirdparty.io.netty.channel.nio.AbstractNioChannel$AbstractNioUnsafe.finishConnect(AbstractNioChannel.java:334)
	at org.apache.ratis.thirdparty.io.netty.channel.nio.NioEventLoop.processSelectedKey(NioEventLoop.java:776)
	at org.apache.ratis.thirdparty.io.netty.channel.nio.NioEventLoop.processSelectedKeysOptimized(NioEventLoop.java:724)
	at org.apache.ratis.thirdparty.io.netty.channel.nio.NioEventLoop.processSelectedKeys(NioEventLoop.java:650)
	at org.apache.ratis.thirdparty.io.netty.channel.nio.NioEventLoop.run(NioEventLoop.java:562)
	at org.apache.ratis.thirdparty.io.netty.util.concurrent.SingleThreadEventExecutor$4.run(SingleThreadEventExecutor.java:997)
	at org.apache.ratis.thirdparty.io.netty.util.internal.ThreadExecutorMap$2.run(ThreadExecutorMap.java:74)
	at java.base/java.lang.Thread.run(Thread.java:829)
2023-03-28 15:13:13,754 [NettyClientStreamRpc-workerGroup--thread3] WARN  client.NettyClientStreamRpc (NettyClientStreamRpc.java:scheduleReconnect(206)) - Connection-localhost/127.0.0.1:41129: org.apache.ratis.netty.client.NettyClientStreamRpc$Connection$1@3147de18 failed; schedule reconnecting to localhost/127.0.0.1:41129 in 100ms
2023-03-28 15:13:13,779 [NettyClientStreamRpc-workerGroup--thread3] WARN  client.NettyClientStreamRpc (NettyClientStreamRpc.java:scheduleReconnect(208)) - 
org.apache.ratis.thirdparty.io.netty.channel.AbstractChannel$AnnotatedConnectException: Connection refused: localhost/127.0.0.1:41129
Caused by: java.net.ConnectException: Connection refused
	at java.base/sun.nio.ch.SocketChannelImpl.checkConnect(Native Method)
	at java.base/sun.nio.ch.SocketChannelImpl.finishConnect(SocketChannelImpl.java:777)
	at org.apache.ratis.thirdparty.io.netty.channel.socket.nio.NioSocketChannel.doFinishConnect(NioSocketChannel.java:337)
	at org.apache.ratis.thirdparty.io.netty.channel.nio.AbstractNioChannel$AbstractNioUnsafe.finishConnect(AbstractNioChannel.java:334)
	at org.apache.ratis.thirdparty.io.netty.channel.nio.NioEventLoop.processSelectedKey(NioEventLoop.java:776)
	at org.apache.ratis.thirdparty.io.netty.channel.nio.NioEventLoop.processSelectedKeysOptimized(NioEventLoop.java:724)
	at org.apache.ratis.thirdparty.io.netty.channel.nio.NioEventLoop.processSelectedKeys(NioEventLoop.java:650)
	at org.apache.ratis.thirdparty.io.netty.channel.nio.NioEventLoop.run(NioEventLoop.java:562)
	at org.apache.ratis.thirdparty.io.netty.util.concurrent.SingleThreadEventExecutor$4.run(SingleThreadEventExecutor.java:997)
	at org.apache.ratis.thirdparty.io.netty.util.internal.ThreadExecutorMap$2.run(ThreadExecutorMap.java:74)
	at java.base/java.lang.Thread.run(Thread.java:829)
2023-03-28 15:13:13,753 [NettyClientStreamRpc-workerGroup--thread3] WARN  client.NettyClientStreamRpc (NettyClientStreamRpc.java:scheduleReconnect(206)) - Connection-localhost/127.0.0.1:41129: org.apache.ratis.netty.client.NettyClientStreamRpc$Connection$1@1ac28722 failed; schedule reconnecting to localhost/127.0.0.1:41129 in 100ms
2023-03-28 15:13:13,780 [NettyClientStreamRpc-workerGroup--thread3] WARN  client.NettyClientStreamRpc (NettyClientStreamRpc.java:scheduleReconnect(208)) - 
org.apache.ratis.thirdparty.io.netty.channel.AbstractChannel$AnnotatedConnectException: Connection refused: localhost/127.0.0.1:41129
Caused by: java.net.ConnectException: Connection refused
	at java.base/sun.nio.ch.SocketChannelImpl.checkConnect(Native Method)
	at java.base/sun.nio.ch.SocketChannelImpl.finishConnect(SocketChannelImpl.java:777)
	at org.apache.ratis.thirdparty.io.netty.channel.socket.nio.NioSocketChannel.doFinishConnect(NioSocketChannel.java:337)
	at org.apache.ratis.thirdparty.io.netty.channel.nio.AbstractNioChannel$AbstractNioUnsafe.finishConnect(AbstractNioChannel.java:334)
	at org.apache.ratis.thirdparty.io.netty.channel.nio.NioEventLoop.processSelectedKey(NioEventLoop.java:776)
	at org.apache.ratis.thirdparty.io.netty.channel.nio.NioEventLoop.processSelectedKeysOptimized(NioEventLoop.java:724)
	at org.apache.ratis.thirdparty.io.netty.channel.nio.NioEventLoop.processSelectedKeys(NioEventLoop.java:650)
	at org.apache.ratis.thirdparty.io.netty.channel.nio.NioEventLoop.run(NioEventLoop.java:562)
	at org.apache.ratis.thirdparty.io.netty.util.concurrent.SingleThreadEventExecutor$4.run(SingleThreadEventExecutor.java:997)
	at org.apache.ratis.thirdparty.io.netty.util.internal.ThreadExecutorMap$2.run(ThreadExecutorMap.java:74)
	at java.base/java.lang.Thread.run(Thread.java:829)
2023-03-28 15:13:13,753 [NettyClientStreamRpc-workerGroup--thread3] WARN  client.NettyClientStreamRpc (NettyClientStreamRpc.java:scheduleReconnect(206)) - Connection-localhost/127.0.0.1:41129: org.apache.ratis.netty.client.NettyClientStreamRpc$Connection$1@1496228 failed; schedule reconnecting to localhost/127.0.0.1:41129 in 100ms
2023-03-28 15:13:13,780 [NettyClientStreamRpc-workerGroup--thread3] WARN  client.NettyClientStreamRpc (NettyClientStreamRpc.java:scheduleReconnect(208)) - 
org.apache.ratis.thirdparty.io.netty.channel.AbstractChannel$AnnotatedConnectException: Connection refused: localhost/127.0.0.1:41129
Caused by: java.net.ConnectException: Connection refused
	at java.base/sun.nio.ch.SocketChannelImpl.checkConnect(Native Method)
	at java.base/sun.nio.ch.SocketChannelImpl.finishConnect(SocketChannelImpl.java:777)
	at org.apache.ratis.thirdparty.io.netty.channel.socket.nio.NioSocketChannel.doFinishConnect(NioSocketChannel.java:337)
	at org.apache.ratis.thirdparty.io.netty.channel.nio.AbstractNioChannel$AbstractNioUnsafe.finishConnect(AbstractNioChannel.java:334)
	at org.apache.ratis.thirdparty.io.netty.channel.nio.NioEventLoop.processSelectedKey(NioEventLoop.java:776)
	at org.apache.ratis.thirdparty.io.netty.channel.nio.NioEventLoop.processSelectedKeysOptimized(NioEventLoop.java:724)
	at org.apache.ratis.thirdparty.io.netty.channel.nio.NioEventLoop.processSelectedKeys(NioEventLoop.java:650)
	at org.apache.ratis.thirdparty.io.netty.channel.nio.NioEventLoop.run(NioEventLoop.java:562)
	at org.apache.ratis.thirdparty.io.netty.util.concurrent.SingleThreadEventExecutor$4.run(SingleThreadEventExecutor.java:997)
	at org.apache.ratis.thirdparty.io.netty.util.internal.ThreadExecutorMap$2.run(ThreadExecutorMap.java:74)
	at java.base/java.lang.Thread.run(Thread.java:829)
2023-03-28 15:13:13,752 [NettyClientStreamRpc-workerGroup--thread3] WARN  client.NettyClientStreamRpc (NettyClientStreamRpc.java:scheduleReconnect(206)) - Connection-localhost/127.0.0.1:41129: org.apache.ratis.netty.client.NettyClientStreamRpc$Connection$1@19cd13d2 failed; schedule reconnecting to localhost/127.0.0.1:41129 in 100ms
2023-03-28 15:13:13,780 [NettyClientStreamRpc-workerGroup--thread3] WARN  client.NettyClientStreamRpc (NettyClientStreamRpc.java:scheduleReconnect(208)) - 
org.apache.ratis.thirdparty.io.netty.channel.AbstractChannel$AnnotatedConnectException: Connection refused: localhost/127.0.0.1:41129
Caused by: java.net.ConnectException: Connection refused
	at java.base/sun.nio.ch.SocketChannelImpl.checkConnect(Native Method)
	at java.base/sun.nio.ch.SocketChannelImpl.finishConnect(SocketChannelImpl.java:777)
	at org.apache.ratis.thirdparty.io.netty.channel.socket.nio.NioSocketChannel.doFinishConnect(NioSocketChannel.java:337)
	at org.apache.ratis.thirdparty.io.netty.channel.nio.AbstractNioChannel$AbstractNioUnsafe.finishConnect(AbstractNioChannel.java:334)
	at org.apache.ratis.thirdparty.io.netty.channel.nio.NioEventLoop.processSelectedKey(NioEventLoop.java:776)
	at org.apache.ratis.thirdparty.io.netty.channel.nio.NioEventLoop.processSelectedKeysOptimized(NioEventLoop.java:724)
	at org.apache.ratis.thirdparty.io.netty.channel.nio.NioEventLoop.processSelectedKeys(NioEventLoop.java:650)
	at org.apache.ratis.thirdparty.io.netty.channel.nio.NioEventLoop.run(NioEventLoop.java:562)
	at org.apache.ratis.thirdparty.io.netty.util.concurrent.SingleThreadEventExecutor$4.run(SingleThreadEventExecutor.java:997)
	at org.apache.ratis.thirdparty.io.netty.util.internal.ThreadExecutorMap$2.run(ThreadExecutorMap.java:74)
	at java.base/java.lang.Thread.run(Thread.java:829)
2023-03-28 15:13:13,751 [NettyClientStreamRpc-workerGroup--thread3] WARN  client.NettyClientStreamRpc (NettyClientStreamRpc.java:scheduleReconnect(206)) - Connection-localhost/127.0.0.1:41129: org.apache.ratis.netty.client.NettyClientStreamRpc$Connection$1@59c0cb50 failed; schedule reconnecting to localhost/127.0.0.1:41129 in 100ms
2023-03-28 15:13:13,780 [NettyClientStreamRpc-workerGroup--thread3] WARN  client.NettyClientStreamRpc (NettyClientStreamRpc.java:scheduleReconnect(208)) - 
org.apache.ratis.thirdparty.io.netty.channel.AbstractChannel$AnnotatedConnectException: Connection refused: localhost/127.0.0.1:41129
Caused by: java.net.ConnectException: Connection refused
	at java.base/sun.nio.ch.SocketChannelImpl.checkConnect(Native Method)
	at java.base/sun.nio.ch.SocketChannelImpl.finishConnect(SocketChannelImpl.java:777)
	at org.apache.ratis.thirdparty.io.netty.channel.socket.nio.NioSocketChannel.doFinishConnect(NioSocketChannel.java:337)
	at org.apache.ratis.thirdparty.io.netty.channel.nio.AbstractNioChannel$AbstractNioUnsafe.finishConnect(AbstractNioChannel.java:334)
	at org.apache.ratis.thirdparty.io.netty.channel.nio.NioEventLoop.processSelectedKey(NioEventLoop.java:776)
	at org.apache.ratis.thirdparty.io.netty.channel.nio.NioEventLoop.processSelectedKeysOptimized(NioEventLoop.java:724)
	at org.apache.ratis.thirdparty.io.netty.channel.nio.NioEventLoop.processSelectedKeys(NioEventLoop.java:650)
	at org.apache.ratis.thirdparty.io.netty.channel.nio.NioEventLoop.run(NioEventLoop.java:562)
	at org.apache.ratis.thirdparty.io.netty.util.concurrent.SingleThreadEventExecutor$4.run(SingleThreadEventExecutor.java:997)
	at org.apache.ratis.thirdparty.io.netty.util.internal.ThreadExecutorMap$2.run(ThreadExecutorMap.java:74)
	at java.base/java.lang.Thread.run(Thread.java:829)
2023-03-28 15:13:13,750 [NettyClientStreamRpc-workerGroup--thread3] WARN  client.NettyClientStreamRpc (NettyClientStreamRpc.java:scheduleReconnect(206)) - Connection-localhost/127.0.0.1:41129: org.apache.ratis.netty.client.NettyClientStreamRpc$Connection$1@1921c3a3 failed; schedule reconnecting to localhost/127.0.0.1:41129 in 100ms
2023-03-28 15:13:13,781 [NettyClientStreamRpc-workerGroup--thread3] WARN  client.NettyClientStreamRpc (NettyClientStreamRpc.java:scheduleReconnect(208)) - 
org.apache.ratis.thirdparty.io.netty.channel.AbstractChannel$AnnotatedConnectException: Connection refused: localhost/127.0.0.1:41129
Caused by: java.net.ConnectException: Connection refused
	at java.base/sun.nio.ch.SocketChannelImpl.checkConnect(Native Method)
	at java.base/sun.nio.ch.SocketChannelImpl.finishConnect(SocketChannelImpl.java:777)
	at org.apache.ratis.thirdparty.io.netty.channel.socket.nio.NioSocketChannel.doFinishConnect(NioSocketChannel.java:337)
	at org.apache.ratis.thirdparty.io.netty.channel.nio.AbstractNioChannel$AbstractNioUnsafe.finishConnect(AbstractNioChannel.java:334)
	at org.apache.ratis.thirdparty.io.netty.channel.nio.NioEventLoop.processSelectedKey(NioEventLoop.java:776)
	at org.apache.ratis.thirdparty.io.netty.channel.nio.NioEventLoop.processSelectedKeysOptimized(NioEventLoop.java:724)
	at org.apache.ratis.thirdparty.io.netty.channel.nio.NioEventLoop.processSelectedKeys(NioEventLoop.java:650)
	at org.apache.ratis.thirdparty.io.netty.channel.nio.NioEventLoop.run(NioEventLoop.java:562)
	at org.apache.ratis.thirdparty.io.netty.util.concurrent.SingleThreadEventExecutor$4.run(SingleThreadEventExecutor.java:997)
	at org.apache.ratis.thirdparty.io.netty.util.internal.ThreadExecutorMap$2.run(ThreadExecutorMap.java:74)
	at java.base/java.lang.Thread.run(Thread.java:829)
2023-03-28 15:13:13,749 [NettyClientStreamRpc-workerGroup--thread3] WARN  client.NettyClientStreamRpc (NettyClientStreamRpc.java:scheduleReconnect(206)) - Connection-localhost/127.0.0.1:41129: org.apache.ratis.netty.client.NettyClientStreamRpc$Connection$1@52dc71da failed; schedule reconnecting to localhost/127.0.0.1:41129 in 100ms
2023-03-28 15:13:13,781 [NettyClientStreamRpc-workerGroup--thread3] WARN  client.NettyClientStreamRpc (NettyClientStreamRpc.java:scheduleReconnect(208)) - 
org.apache.ratis.thirdparty.io.netty.channel.AbstractChannel$AnnotatedConnectException: Connection refused: localhost/127.0.0.1:41129
Caused by: java.net.ConnectException: Connection refused
	at java.base/sun.nio.ch.SocketChannelImpl.checkConnect(Native Method)
	at java.base/sun.nio.ch.SocketChannelImpl.finishConnect(SocketChannelImpl.java:777)
	at org.apache.ratis.thirdparty.io.netty.channel.socket.nio.NioSocketChannel.doFinishConnect(NioSocketChannel.java:337)
	at org.apache.ratis.thirdparty.io.netty.channel.nio.AbstractNioChannel$AbstractNioUnsafe.finishConnect(AbstractNioChannel.java:334)
	at org.apache.ratis.thirdparty.io.netty.channel.nio.NioEventLoop.processSelectedKey(NioEventLoop.java:776)
	at org.apache.ratis.thirdparty.io.netty.channel.nio.NioEventLoop.processSelectedKeysOptimized(NioEventLoop.java:724)
	at org.apache.ratis.thirdparty.io.netty.channel.nio.NioEventLoop.processSelectedKeys(NioEventLoop.java:650)
	at org.apache.ratis.thirdparty.io.netty.channel.nio.NioEventLoop.run(NioEventLoop.java:562)
	at org.apache.ratis.thirdparty.io.netty.util.concurrent.SingleThreadEventExecutor$4.run(SingleThreadEventExecutor.java:997)
	at org.apache.ratis.thirdparty.io.netty.util.internal.ThreadExecutorMap$2.run(ThreadExecutorMap.java:74)
	at java.base/java.lang.Thread.run(Thread.java:829)
2023-03-28 15:13:13,749 [NettyClientStreamRpc-workerGroup--thread3] WARN  client.NettyClientStreamRpc (NettyClientStreamRpc.java:scheduleReconnect(206)) - Connection-localhost/127.0.0.1:41129: org.apache.ratis.netty.client.NettyClientStreamRpc$Connection$1@641ffa2a failed; schedule reconnecting to localhost/127.0.0.1:41129 in 100ms
2023-03-28 15:13:13,781 [NettyClientStreamRpc-workerGroup--thread3] WARN  client.NettyClientStreamRpc (NettyClientStreamRpc.java:scheduleReconnect(208)) - 
org.apache.ratis.thirdparty.io.netty.channel.AbstractChannel$AnnotatedConnectException: Connection refused: localhost/127.0.0.1:41129
Caused by: java.net.ConnectException: Connection refused
	at java.base/sun.nio.ch.SocketChannelImpl.checkConnect(Native Method)
	at java.base/sun.nio.ch.SocketChannelImpl.finishConnect(SocketChannelImpl.java:777)
	at org.apache.ratis.thirdparty.io.netty.channel.socket.nio.NioSocketChannel.doFinishConnect(NioSocketChannel.java:337)
	at org.apache.ratis.thirdparty.io.netty.channel.nio.AbstractNioChannel$AbstractNioUnsafe.finishConnect(AbstractNioChannel.java:334)
	at org.apache.ratis.thirdparty.io.netty.channel.nio.NioEventLoop.processSelectedKey(NioEventLoop.java:776)
	at org.apache.ratis.thirdparty.io.netty.channel.nio.NioEventLoop.processSelectedKeysOptimized(NioEventLoop.java:724)
	at org.apache.ratis.thirdparty.io.netty.channel.nio.NioEventLoop.processSelectedKeys(NioEventLoop.java:650)
	at org.apache.ratis.thirdparty.io.netty.channel.nio.NioEventLoop.run(NioEventLoop.java:562)
	at org.apache.ratis.thirdparty.io.netty.util.concurrent.SingleThreadEventExecutor$4.run(SingleThreadEventExecutor.java:997)
	at org.apache.ratis.thirdparty.io.netty.util.internal.ThreadExecutorMap$2.run(ThreadExecutorMap.java:74)
	at java.base/java.lang.Thread.run(Thread.java:829)
2023-03-28 15:13:13,748 [NettyClientStreamRpc-workerGroup--thread3] WARN  client.NettyClientStreamRpc (NettyClientStreamRpc.java:scheduleReconnect(206)) - Connection-localhost/127.0.0.1:41129: org.apache.ratis.netty.client.NettyClientStreamRpc$Connection$1@fafe6c1 failed; schedule reconnecting to localhost/127.0.0.1:41129 in 100ms
2023-03-28 15:13:13,781 [NettyClientStreamRpc-workerGroup--thread3] WARN  client.NettyClientStreamRpc (NettyClientStreamRpc.java:scheduleReconnect(208)) - 
org.apache.ratis.thirdparty.io.netty.channel.AbstractChannel$AnnotatedConnectException: Connection refused: localhost/127.0.0.1:41129
Caused by: java.net.ConnectException: Connection refused
	at java.base/sun.nio.ch.SocketChannelImpl.checkConnect(Native Method)
	at java.base/sun.nio.ch.SocketChannelImpl.finishConnect(SocketChannelImpl.java:777)
	at org.apache.ratis.thirdparty.io.netty.channel.socket.nio.NioSocketChannel.doFinishConnect(NioSocketChannel.java:337)
	at org.apache.ratis.thirdparty.io.netty.channel.nio.AbstractNioChannel$AbstractNioUnsafe.finishConnect(AbstractNioChannel.java:334)
	at org.apache.ratis.thirdparty.io.netty.channel.nio.NioEventLoop.processSelectedKey(NioEventLoop.java:776)
	at org.apache.ratis.thirdparty.io.netty.channel.nio.NioEventLoop.processSelectedKeysOptimized(NioEventLoop.java:724)
	at org.apache.ratis.thirdparty.io.netty.channel.nio.NioEventLoop.processSelectedKeys(NioEventLoop.java:650)
	at org.apache.ratis.thirdparty.io.netty.channel.nio.NioEventLoop.run(NioEventLoop.java:562)
	at org.apache.ratis.thirdparty.io.netty.util.concurrent.SingleThreadEventExecutor$4.run(SingleThreadEventExecutor.java:997)
	at org.apache.ratis.thirdparty.io.netty.util.internal.ThreadExecutorMap$2.run(ThreadExecutorMap.java:74)
	at java.base/java.lang.Thread.run(Thread.java:829)
2023-03-28 15:13:13,748 [NettyClientStreamRpc-workerGroup--thread3] WARN  client.NettyClientStreamRpc (NettyClientStreamRpc.java:scheduleReconnect(206)) - Connection-localhost/127.0.0.1:41129: org.apache.ratis.netty.client.NettyClientStreamRpc$Connection$1@8a50d39 failed; schedule reconnecting to localhost/127.0.0.1:41129 in 100ms
2023-03-28 15:13:13,781 [NettyClientStreamRpc-workerGroup--thread3] WARN  client.NettyClientStreamRpc (NettyClientStreamRpc.java:scheduleReconnect(208)) - 
org.apache.ratis.thirdparty.io.netty.channel.AbstractChannel$AnnotatedConnectException: Connection refused: localhost/127.0.0.1:41129
Caused by: java.net.ConnectException: Connection refused
	at java.base/sun.nio.ch.SocketChannelImpl.checkConnect(Native Method)
	at java.base/sun.nio.ch.SocketChannelImpl.finishConnect(SocketChannelImpl.java:777)
	at org.apache.ratis.thirdparty.io.netty.channel.socket.nio.NioSocketChannel.doFinishConnect(NioSocketChannel.java:337)
	at org.apache.ratis.thirdparty.io.netty.channel.nio.AbstractNioChannel$AbstractNioUnsafe.finishConnect(AbstractNioChannel.java:334)
	at org.apache.ratis.thirdparty.io.netty.channel.nio.NioEventLoop.processSelectedKey(NioEventLoop.java:776)
	at org.apache.ratis.thirdparty.io.netty.channel.nio.NioEventLoop.processSelectedKeysOptimized(NioEventLoop.java:724)
	at org.apache.ratis.thirdparty.io.netty.channel.nio.NioEventLoop.processSelectedKeys(NioEventLoop.java:650)
	at org.apache.ratis.thirdparty.io.netty.channel.nio.NioEventLoop.run(NioEventLoop.java:562)
	at org.apache.ratis.thirdparty.io.netty.util.concurrent.SingleThreadEventExecutor$4.run(SingleThreadEventExecutor.java:997)
	at org.apache.ratis.thirdparty.io.netty.util.internal.ThreadExecutorMap$2.run(ThreadExecutorMap.java:74)
	at java.base/java.lang.Thread.run(Thread.java:829)
2023-03-28 15:13:13,746 [NettyClientStreamRpc-workerGroup--thread3] WARN  client.NettyClientStreamRpc (NettyClientStreamRpc.java:scheduleReconnect(206)) - Connection-localhost/127.0.0.1:41129: org.apache.ratis.netty.client.NettyClientStreamRpc$Connection$1@46b1f543 failed; schedule reconnecting to localhost/127.0.0.1:41129 in 100ms
2023-03-28 15:13:13,781 [NettyClientStreamRpc-workerGroup--thread3] WARN  client.NettyClientStreamRpc (NettyClientStreamRpc.java:scheduleReconnect(208)) - 
org.apache.ratis.thirdparty.io.netty.channel.AbstractChannel$AnnotatedConnectException: Connection refused: localhost/127.0.0.1:41129
Caused by: java.net.ConnectException: Connection refused
	at java.base/sun.nio.ch.SocketChannelImpl.checkConnect(Native Method)
	at java.base/sun.nio.ch.SocketChannelImpl.finishConnect(SocketChannelImpl.java:777)
	at org.apache.ratis.thirdparty.io.netty.channel.socket.nio.NioSocketChannel.doFinishConnect(NioSocketChannel.java:337)
	at org.apache.ratis.thirdparty.io.netty.channel.nio.AbstractNioChannel$AbstractNioUnsafe.finishConnect(AbstractNioChannel.java:334)
	at org.apache.ratis.thirdparty.io.netty.channel.nio.NioEventLoop.processSelectedKey(NioEventLoop.java:776)
	at org.apache.ratis.thirdparty.io.netty.channel.nio.NioEventLoop.processSelectedKeysOptimized(NioEventLoop.java:724)
	at org.apache.ratis.thirdparty.io.netty.channel.nio.NioEventLoop.processSelectedKeys(NioEventLoop.java:650)
	at org.apache.ratis.thirdparty.io.netty.channel.nio.NioEventLoop.run(NioEventLoop.java:562)
	at org.apache.ratis.thirdparty.io.netty.util.concurrent.SingleThreadEventExecutor$4.run(SingleThreadEventExecutor.java:997)
	at org.apache.ratis.thirdparty.io.netty.util.internal.ThreadExecutorMap$2.run(ThreadExecutorMap.java:74)
	at java.base/java.lang.Thread.run(Thread.java:829)
2023-03-28 15:13:13,746 [NettyClientStreamRpc-workerGroup--thread3] WARN  client.NettyClientStreamRpc (NettyClientStreamRpc.java:scheduleReconnect(206)) - Connection-localhost/127.0.0.1:41129: org.apache.ratis.netty.client.NettyClientStreamRpc$Connection$1@2a539446 failed; schedule reconnecting to localhost/127.0.0.1:41129 in 100ms
2023-03-28 15:13:13,782 [NettyClientStreamRpc-workerGroup--thread3] WARN  client.NettyClientStreamRpc (NettyClientStreamRpc.java:scheduleReconnect(208)) - 
org.apache.ratis.thirdparty.io.netty.channel.AbstractChannel$AnnotatedConnectException: Connection refused: localhost/127.0.0.1:41129
Caused by: java.net.ConnectException: Connection refused
	at java.base/sun.nio.ch.SocketChannelImpl.checkConnect(Native Method)
	at java.base/sun.nio.ch.SocketChannelImpl.finishConnect(SocketChannelImpl.java:777)
	at org.apache.ratis.thirdparty.io.netty.channel.socket.nio.NioSocketChannel.doFinishConnect(NioSocketChannel.java:337)
	at org.apache.ratis.thirdparty.io.netty.channel.nio.AbstractNioChannel$AbstractNioUnsafe.finishConnect(AbstractNioChannel.java:334)
	at org.apache.ratis.thirdparty.io.netty.channel.nio.NioEventLoop.processSelectedKey(NioEventLoop.java:776)
	at org.apache.ratis.thirdparty.io.netty.channel.nio.NioEventLoop.processSelectedKeysOptimized(NioEventLoop.java:724)
	at org.apache.ratis.thirdparty.io.netty.channel.nio.NioEventLoop.processSelectedKeys(NioEventLoop.java:650)
	at org.apache.ratis.thirdparty.io.netty.channel.nio.NioEventLoop.run(NioEventLoop.java:562)
	at org.apache.ratis.thirdparty.io.netty.util.concurrent.SingleThreadEventExecutor$4.run(SingleThreadEventExecutor.java:997)
	at org.apache.ratis.thirdparty.io.netty.util.internal.ThreadExecutorMap$2.run(ThreadExecutorMap.java:74)
	at java.base/java.lang.Thread.run(Thread.java:829)
2023-03-28 15:13:13,745 [NettyClientStreamRpc-workerGroup--thread3] WARN  client.NettyClientStreamRpc (NettyClientStreamRpc.java:scheduleReconnect(206)) - Connection-localhost/127.0.0.1:41129: org.apache.ratis.netty.client.NettyClientStreamRpc$Connection$1@60dd1ed failed; schedule reconnecting to localhost/127.0.0.1:41129 in 100ms
2023-03-28 15:13:13,782 [NettyClientStreamRpc-workerGroup--thread3] WARN  client.NettyClientStreamRpc (NettyClientStreamRpc.java:scheduleReconnect(208)) - 
org.apache.ratis.thirdparty.io.netty.channel.AbstractChannel$AnnotatedConnectException: Connection refused: localhost/127.0.0.1:41129
Caused by: java.net.ConnectException: Connection refused
	at java.base/sun.nio.ch.SocketChannelImpl.checkConnect(Native Method)
	at java.base/sun.nio.ch.SocketChannelImpl.finishConnect(SocketChannelImpl.java:777)
	at org.apache.ratis.thirdparty.io.netty.channel.socket.nio.NioSocketChannel.doFinishConnect(NioSocketChannel.java:337)
	at org.apache.ratis.thirdparty.io.netty.channel.nio.AbstractNioChannel$AbstractNioUnsafe.finishConnect(AbstractNioChannel.java:334)
	at org.apache.ratis.thirdparty.io.netty.channel.nio.NioEventLoop.processSelectedKey(NioEventLoop.java:776)
	at org.apache.ratis.thirdparty.io.netty.channel.nio.NioEventLoop.processSelectedKeysOptimized(NioEventLoop.java:724)
	at org.apache.ratis.thirdparty.io.netty.channel.nio.NioEventLoop.processSelectedKeys(NioEventLoop.java:650)
	at org.apache.ratis.thirdparty.io.netty.channel.nio.NioEventLoop.run(NioEventLoop.java:562)
	at org.apache.ratis.thirdparty.io.netty.util.concurrent.SingleThreadEventExecutor$4.run(SingleThreadEventExecutor.java:997)
	at org.apache.ratis.thirdparty.io.netty.util.internal.ThreadExecutorMap$2.run(ThreadExecutorMap.java:74)
	at java.base/java.lang.Thread.run(Thread.java:829)
2023-03-28 15:13:13,745 [NettyClientStreamRpc-workerGroup--thread3] WARN  client.NettyClientStreamRpc (NettyClientStreamRpc.java:scheduleReconnect(206)) - Connection-localhost/127.0.0.1:41129: org.apache.ratis.netty.client.NettyClientStreamRpc$Connection$1@51f33ff8 failed; schedule reconnecting to localhost/127.0.0.1:41129 in 100ms
2023-03-28 15:13:13,782 [NettyClientStreamRpc-workerGroup--thread3] WARN  client.NettyClientStreamRpc (NettyClientStreamRpc.java:scheduleReconnect(208)) - 
org.apache.ratis.thirdparty.io.netty.channel.AbstractChannel$AnnotatedConnectException: Connection refused: localhost/127.0.0.1:41129
Caused by: java.net.ConnectException: Connection refused
	at java.base/sun.nio.ch.SocketChannelImpl.checkConnect(Native Method)
	at java.base/sun.nio.ch.SocketChannelImpl.finishConnect(SocketChannelImpl.java:777)
	at org.apache.ratis.thirdparty.io.netty.channel.socket.nio.NioSocketChannel.doFinishConnect(NioSocketChannel.java:337)
	at org.apache.ratis.thirdparty.io.netty.channel.nio.AbstractNioChannel$AbstractNioUnsafe.finishConnect(AbstractNioChannel.java:334)
	at org.apache.ratis.thirdparty.io.netty.channel.nio.NioEventLoop.processSelectedKey(NioEventLoop.java:776)
	at org.apache.ratis.thirdparty.io.netty.channel.nio.NioEventLoop.processSelectedKeysOptimized(NioEventLoop.java:724)
	at org.apache.ratis.thirdparty.io.netty.channel.nio.NioEventLoop.processSelectedKeys(NioEventLoop.java:650)
	at org.apache.ratis.thirdparty.io.netty.channel.nio.NioEventLoop.run(NioEventLoop.java:562)
	at org.apache.ratis.thirdparty.io.netty.util.concurrent.SingleThreadEventExecutor$4.run(SingleThreadEventExecutor.java:997)
	at org.apache.ratis.thirdparty.io.netty.util.internal.ThreadExecutorMap$2.run(ThreadExecutorMap.java:74)
	at java.base/java.lang.Thread.run(Thread.java:829)
2023-03-28 15:13:13,744 [NettyClientStreamRpc-workerGroup--thread3] WARN  client.NettyClientStreamRpc (NettyClientStreamRpc.java:scheduleReconnect(206)) - Connection-localhost/127.0.0.1:41129: org.apache.ratis.netty.client.NettyClientStreamRpc$Connection$1@23171bf3 failed; schedule reconnecting to localhost/127.0.0.1:41129 in 100ms
2023-03-28 15:13:13,782 [NettyClientStreamRpc-workerGroup--thread3] WARN  client.NettyClientStreamRpc (NettyClientStreamRpc.java:scheduleReconnect(208)) - 
org.apache.ratis.thirdparty.io.netty.channel.AbstractChannel$AnnotatedConnectException: Connection refused: localhost/127.0.0.1:41129
Caused by: java.net.ConnectException: Connection refused
	at java.base/sun.nio.ch.SocketChannelImpl.checkConnect(Native Method)
	at java.base/sun.nio.ch.SocketChannelImpl.finishConnect(SocketChannelImpl.java:777)
	at org.apache.ratis.thirdparty.io.netty.channel.socket.nio.NioSocketChannel.doFinishConnect(NioSocketChannel.java:337)
	at org.apache.ratis.thirdparty.io.netty.channel.nio.AbstractNioChannel$AbstractNioUnsafe.finishConnect(AbstractNioChannel.java:334)
	at org.apache.ratis.thirdparty.io.netty.channel.nio.NioEventLoop.processSelectedKey(NioEventLoop.java:776)
	at org.apache.ratis.thirdparty.io.netty.channel.nio.NioEventLoop.processSelectedKeysOptimized(NioEventLoop.java:724)
	at org.apache.ratis.thirdparty.io.netty.channel.nio.NioEventLoop.processSelectedKeys(NioEventLoop.java:650)
	at org.apache.ratis.thirdparty.io.netty.channel.nio.NioEventLoop.run(NioEventLoop.java:562)
	at org.apache.ratis.thirdparty.io.netty.util.concurrent.SingleThreadEventExecutor$4.run(SingleThreadEventExecutor.java:997)
	at org.apache.ratis.thirdparty.io.netty.util.internal.ThreadExecutorMap$2.run(ThreadExecutorMap.java:74)
	at java.base/java.lang.Thread.run(Thread.java:829)
2023-03-28 15:13:13,744 [NettyClientStreamRpc-workerGroup--thread3] WARN  client.NettyClientStreamRpc (NettyClientStreamRpc.java:scheduleReconnect(206)) - Connection-localhost/127.0.0.1:43715: org.apache.ratis.netty.client.NettyClientStreamRpc$Connection$1@6860f1a3 failed; schedule reconnecting to localhost/127.0.0.1:43715 in 100ms
2023-03-28 15:13:13,782 [NettyClientStreamRpc-workerGroup--thread3] WARN  client.NettyClientStreamRpc (NettyClientStreamRpc.java:scheduleReconnect(208)) - 
org.apache.ratis.thirdparty.io.netty.channel.AbstractChannel$AnnotatedConnectException: Connection refused: localhost/127.0.0.1:43715
Caused by: java.net.ConnectException: Connection refused
	at java.base/sun.nio.ch.SocketChannelImpl.checkConnect(Native Method)
	at java.base/sun.nio.ch.SocketChannelImpl.finishConnect(SocketChannelImpl.java:777)
	at org.apache.ratis.thirdparty.io.netty.channel.socket.nio.NioSocketChannel.doFinishConnect(NioSocketChannel.java:337)
	at org.apache.ratis.thirdparty.io.netty.channel.nio.AbstractNioChannel$AbstractNioUnsafe.finishConnect(AbstractNioChannel.java:334)
	at org.apache.ratis.thirdparty.io.netty.channel.nio.NioEventLoop.processSelectedKey(NioEventLoop.java:776)
	at org.apache.ratis.thirdparty.io.netty.channel.nio.NioEventLoop.processSelectedKeysOptimized(NioEventLoop.java:724)
	at org.apache.ratis.thirdparty.io.netty.channel.nio.NioEventLoop.processSelectedKeys(NioEventLoop.java:650)
	at org.apache.ratis.thirdparty.io.netty.channel.nio.NioEventLoop.run(NioEventLoop.java:562)
	at org.apache.ratis.thirdparty.io.netty.util.concurrent.SingleThreadEventExecutor$4.run(SingleThreadEventExecutor.java:997)
	at org.apache.ratis.thirdparty.io.netty.util.internal.ThreadExecutorMap$2.run(ThreadExecutorMap.java:74)
	at java.base/java.lang.Thread.run(Thread.java:829)
2023-03-28 15:13:13,741 [NettyClientStreamRpc-workerGroup--thread3] WARN  client.NettyClientStreamRpc (NettyClientStreamRpc.java:scheduleReconnect(206)) - Connection-localhost/127.0.0.1:43715: org.apache.ratis.netty.client.NettyClientStreamRpc$Connection$1@4406fe02 failed; schedule reconnecting to localhost/127.0.0.1:43715 in 100ms
2023-03-28 15:13:13,782 [NettyClientStreamRpc-workerGroup--thread3] WARN  client.NettyClientStreamRpc (NettyClientStreamRpc.java:scheduleReconnect(208)) - 
org.apache.ratis.thirdparty.io.netty.channel.AbstractChannel$AnnotatedConnectException: Connection refused: localhost/127.0.0.1:43715
Caused by: java.net.ConnectException: Connection refused
	at java.base/sun.nio.ch.SocketChannelImpl.checkConnect(Native Method)
	at java.base/sun.nio.ch.SocketChannelImpl.finishConnect(SocketChannelImpl.java:777)
	at org.apache.ratis.thirdparty.io.netty.channel.socket.nio.NioSocketChannel.doFinishConnect(NioSocketChannel.java:337)
	at org.apache.ratis.thirdparty.io.netty.channel.nio.AbstractNioChannel$AbstractNioUnsafe.finishConnect(AbstractNioChannel.java:334)
	at org.apache.ratis.thirdparty.io.netty.channel.nio.NioEventLoop.processSelectedKey(NioEventLoop.java:776)
	at org.apache.ratis.thirdparty.io.netty.channel.nio.NioEventLoop.processSelectedKeysOptimized(NioEventLoop.java:724)
	at org.apache.ratis.thirdparty.io.netty.channel.nio.NioEventLoop.processSelectedKeys(NioEventLoop.java:650)
	at org.apache.ratis.thirdparty.io.netty.channel.nio.NioEventLoop.run(NioEventLoop.java:562)
	at org.apache.ratis.thirdparty.io.netty.util.concurrent.SingleThreadEventExecutor$4.run(SingleThreadEventExecutor.java:997)
	at org.apache.ratis.thirdparty.io.netty.util.internal.ThreadExecutorMap$2.run(ThreadExecutorMap.java:74)
	at java.base/java.lang.Thread.run(Thread.java:829)
2023-03-28 15:13:13,739 [NettyClientStreamRpc-workerGroup--thread3] WARN  client.NettyClientStreamRpc (NettyClientStreamRpc.java:scheduleReconnect(206)) - Connection-localhost/127.0.0.1:43715: org.apache.ratis.netty.client.NettyClientStreamRpc$Connection$1@44465ff9 failed; schedule reconnecting to localhost/127.0.0.1:43715 in 100ms
2023-03-28 15:13:13,783 [NettyClientStreamRpc-workerGroup--thread3] WARN  client.NettyClientStreamRpc (NettyClientStreamRpc.java:scheduleReconnect(208)) - 
org.apache.ratis.thirdparty.io.netty.channel.AbstractChannel$AnnotatedConnectException: Connection refused: localhost/127.0.0.1:43715
Caused by: java.net.ConnectException: Connection refused
	at java.base/sun.nio.ch.SocketChannelImpl.checkConnect(Native Method)
	at java.base/sun.nio.ch.SocketChannelImpl.finishConnect(SocketChannelImpl.java:777)
	at org.apache.ratis.thirdparty.io.netty.channel.socket.nio.NioSocketChannel.doFinishConnect(NioSocketChannel.java:337)
	at org.apache.ratis.thirdparty.io.netty.channel.nio.AbstractNioChannel$AbstractNioUnsafe.finishConnect(AbstractNioChannel.java:334)
	at org.apache.ratis.thirdparty.io.netty.channel.nio.NioEventLoop.processSelectedKey(NioEventLoop.java:776)
	at org.apache.ratis.thirdparty.io.netty.channel.nio.NioEventLoop.processSelectedKeysOptimized(NioEventLoop.java:724)
	at org.apache.ratis.thirdparty.io.netty.channel.nio.NioEventLoop.processSelectedKeys(NioEventLoop.java:650)
	at org.apache.ratis.thirdparty.io.netty.channel.nio.NioEventLoop.run(NioEventLoop.java:562)
	at org.apache.ratis.thirdparty.io.netty.util.concurrent.SingleThreadEventExecutor$4.run(SingleThreadEventExecutor.java:997)
	at org.apache.ratis.thirdparty.io.netty.util.internal.ThreadExecutorMap$2.run(ThreadExecutorMap.java:74)
	at java.base/java.lang.Thread.run(Thread.java:829)
2023-03-28 15:13:13,735 [NettyClientStreamRpc-workerGroup--thread3] WARN  client.NettyClientStreamRpc (NettyClientStreamRpc.java:scheduleReconnect(206)) - Connection-localhost/127.0.0.1:43715: org.apache.ratis.netty.client.NettyClientStreamRpc$Connection$1@1acc461f failed; schedule reconnecting to localhost/127.0.0.1:43715 in 100ms
2023-03-28 15:13:13,783 [NettyClientStreamRpc-workerGroup--thread3] WARN  client.NettyClientStreamRpc (NettyClientStreamRpc.java:scheduleReconnect(208)) - 
org.apache.ratis.thirdparty.io.netty.channel.AbstractChannel$AnnotatedConnectException: Connection refused: localhost/127.0.0.1:43715
Caused by: java.net.ConnectException: Connection refused
	at java.base/sun.nio.ch.SocketChannelImpl.checkConnect(Native Method)
	at java.base/sun.nio.ch.SocketChannelImpl.finishConnect(SocketChannelImpl.java:777)
	at org.apache.ratis.thirdparty.io.netty.channel.socket.nio.NioSocketChannel.doFinishConnect(NioSocketChannel.java:337)
	at org.apache.ratis.thirdparty.io.netty.channel.nio.AbstractNioChannel$AbstractNioUnsafe.finishConnect(AbstractNioChannel.java:334)
	at org.apache.ratis.thirdparty.io.netty.channel.nio.NioEventLoop.processSelectedKey(NioEventLoop.java:776)
	at org.apache.ratis.thirdparty.io.netty.channel.nio.NioEventLoop.processSelectedKeysOptimized(NioEventLoop.java:724)
	at org.apache.ratis.thirdparty.io.netty.channel.nio.NioEventLoop.processSelectedKeys(NioEventLoop.java:650)
	at org.apache.ratis.thirdparty.io.netty.channel.nio.NioEventLoop.run(NioEventLoop.java:562)
	at org.apache.ratis.thirdparty.io.netty.util.concurrent.SingleThreadEventExecutor$4.run(SingleThreadEventExecutor.java:997)
	at org.apache.ratis.thirdparty.io.netty.util.internal.ThreadExecutorMap$2.run(ThreadExecutorMap.java:74)
	at java.base/java.lang.Thread.run(Thread.java:829)
2023-03-28 15:13:13,732 [NettyClientStreamRpc-workerGroup--thread3] WARN  client.NettyClientStreamRpc (NettyClientStreamRpc.java:scheduleReconnect(206)) - Connection-localhost/127.0.0.1:43715: org.apache.ratis.netty.client.NettyClientStreamRpc$Connection$1@5052e48e failed; schedule reconnecting to localhost/127.0.0.1:43715 in 100ms
2023-03-28 15:13:13,783 [NettyClientStreamRpc-workerGroup--thread3] WARN  client.NettyClientStreamRpc (NettyClientStreamRpc.java:scheduleReconnect(208)) - 
org.apache.ratis.thirdparty.io.netty.channel.AbstractChannel$AnnotatedConnectException: Connection refused: localhost/127.0.0.1:43715
Caused by: java.net.ConnectException: Connection refused
	at java.base/sun.nio.ch.SocketChannelImpl.checkConnect(Native Method)
	at java.base/sun.nio.ch.SocketChannelImpl.finishConnect(SocketChannelImpl.java:777)
	at org.apache.ratis.thirdparty.io.netty.channel.socket.nio.NioSocketChannel.doFinishConnect(NioSocketChannel.java:337)
	at org.apache.ratis.thirdparty.io.netty.channel.nio.AbstractNioChannel$AbstractNioUnsafe.finishConnect(AbstractNioChannel.java:334)
	at org.apache.ratis.thirdparty.io.netty.channel.nio.NioEventLoop.processSelectedKey(NioEventLoop.java:776)
	at org.apache.ratis.thirdparty.io.netty.channel.nio.NioEventLoop.processSelectedKeysOptimized(NioEventLoop.java:724)
	at org.apache.ratis.thirdparty.io.netty.channel.nio.NioEventLoop.processSelectedKeys(NioEventLoop.java:650)
	at org.apache.ratis.thirdparty.io.netty.channel.nio.NioEventLoop.run(NioEventLoop.java:562)
	at org.apache.ratis.thirdparty.io.netty.util.concurrent.SingleThreadEventExecutor$4.run(SingleThreadEventExecutor.java:997)
	at org.apache.ratis.thirdparty.io.netty.util.internal.ThreadExecutorMap$2.run(ThreadExecutorMap.java:74)
	at java.base/java.lang.Thread.run(Thread.java:829)
2023-03-28 15:13:13,730 [NettyClientStreamRpc-workerGroup--thread3] WARN  client.NettyClientStreamRpc (NettyClientStreamRpc.java:scheduleReconnect(206)) - Connection-localhost/127.0.0.1:43715: org.apache.ratis.netty.client.NettyClientStreamRpc$Connection$1@1931dda1 failed; schedule reconnecting to localhost/127.0.0.1:43715 in 100ms
2023-03-28 15:13:13,783 [NettyClientStreamRpc-workerGroup--thread3] WARN  client.NettyClientStreamRpc (NettyClientStreamRpc.java:scheduleReconnect(208)) - 
org.apache.ratis.thirdparty.io.netty.channel.AbstractChannel$AnnotatedConnectException: Connection refused: localhost/127.0.0.1:43715
Caused by: java.net.ConnectException: Connection refused
	at java.base/sun.nio.ch.SocketChannelImpl.checkConnect(Native Method)
	at java.base/sun.nio.ch.SocketChannelImpl.finishConnect(SocketChannelImpl.java:777)
	at org.apache.ratis.thirdparty.io.netty.channel.socket.nio.NioSocketChannel.doFinishConnect(NioSocketChannel.java:337)
	at org.apache.ratis.thirdparty.io.netty.channel.nio.AbstractNioChannel$AbstractNioUnsafe.finishConnect(AbstractNioChannel.java:334)
	at org.apache.ratis.thirdparty.io.netty.channel.nio.NioEventLoop.processSelectedKey(NioEventLoop.java:776)
	at org.apache.ratis.thirdparty.io.netty.channel.nio.NioEventLoop.processSelectedKeysOptimized(NioEventLoop.java:724)
	at org.apache.ratis.thirdparty.io.netty.channel.nio.NioEventLoop.processSelectedKeys(NioEventLoop.java:650)
	at org.apache.ratis.thirdparty.io.netty.channel.nio.NioEventLoop.run(NioEventLoop.java:562)
	at org.apache.ratis.thirdparty.io.netty.util.concurrent.SingleThreadEventExecutor$4.run(SingleThreadEventExecutor.java:997)
	at org.apache.ratis.thirdparty.io.netty.util.internal.ThreadExecutorMap$2.run(ThreadExecutorMap.java:74)
	at java.base/java.lang.Thread.run(Thread.java:829)
2023-03-28 15:13:13,728 [NettyClientStreamRpc-workerGroup--thread3] WARN  client.NettyClientStreamRpc (NettyClientStreamRpc.java:scheduleReconnect(206)) - Connection-localhost/127.0.0.1:43715: org.apache.ratis.netty.client.NettyClientStreamRpc$Connection$1@2e0d706d failed; schedule reconnecting to localhost/127.0.0.1:43715 in 100ms
2023-03-28 15:13:13,784 [NettyClientStreamRpc-workerGroup--thread3] WARN  client.NettyClientStreamRpc (NettyClientStreamRpc.java:scheduleReconnect(208)) - 
org.apache.ratis.thirdparty.io.netty.channel.AbstractChannel$AnnotatedConnectException: Connection refused: localhost/127.0.0.1:43715
Caused by: java.net.ConnectException: Connection refused
	at java.base/sun.nio.ch.SocketChannelImpl.checkConnect(Native Method)
	at java.base/sun.nio.ch.SocketChannelImpl.finishConnect(SocketChannelImpl.java:777)
	at org.apache.ratis.thirdparty.io.netty.channel.socket.nio.NioSocketChannel.doFinishConnect(NioSocketChannel.java:337)
	at org.apache.ratis.thirdparty.io.netty.channel.nio.AbstractNioChannel$AbstractNioUnsafe.finishConnect(AbstractNioChannel.java:334)
	at org.apache.ratis.thirdparty.io.netty.channel.nio.NioEventLoop.processSelectedKey(NioEventLoop.java:776)
	at org.apache.ratis.thirdparty.io.netty.channel.nio.NioEventLoop.processSelectedKeysOptimized(NioEventLoop.java:724)
	at org.apache.ratis.thirdparty.io.netty.channel.nio.NioEventLoop.processSelectedKeys(NioEventLoop.java:650)
	at org.apache.ratis.thirdparty.io.netty.channel.nio.NioEventLoop.run(NioEventLoop.java:562)
	at org.apache.ratis.thirdparty.io.netty.util.concurrent.SingleThreadEventExecutor$4.run(SingleThreadEventExecutor.java:997)
	at org.apache.ratis.thirdparty.io.netty.util.internal.ThreadExecutorMap$2.run(ThreadExecutorMap.java:74)
	at java.base/java.lang.Thread.run(Thread.java:829)
2023-03-28 15:13:13,723 [NettyClientStreamRpc-workerGroup--thread3] WARN  client.NettyClientStreamRpc (NettyClientStreamRpc.java:scheduleReconnect(206)) - Connection-localhost/127.0.0.1:43715: org.apache.ratis.netty.client.NettyClientStreamRpc$Connection$1@4923c101 failed; schedule reconnecting to localhost/127.0.0.1:43715 in 100ms
2023-03-28 15:13:13,784 [NettyClientStreamRpc-workerGroup--thread3] WARN  client.NettyClientStreamRpc (NettyClientStreamRpc.java:scheduleReconnect(208)) - 
org.apache.ratis.thirdparty.io.netty.channel.AbstractChannel$AnnotatedConnectException: Connection refused: localhost/127.0.0.1:43715
Caused by: java.net.ConnectException: Connection refused
	at java.base/sun.nio.ch.SocketChannelImpl.checkConnect(Native Method)
	at java.base/sun.nio.ch.SocketChannelImpl.finishConnect(SocketChannelImpl.java:777)
	at org.apache.ratis.thirdparty.io.netty.channel.socket.nio.NioSocketChannel.doFinishConnect(NioSocketChannel.java:337)
	at org.apache.ratis.thirdparty.io.netty.channel.nio.AbstractNioChannel$AbstractNioUnsafe.finishConnect(AbstractNioChannel.java:334)
	at org.apache.ratis.thirdparty.io.netty.channel.nio.NioEventLoop.processSelectedKey(NioEventLoop.java:776)
	at org.apache.ratis.thirdparty.io.netty.channel.nio.NioEventLoop.processSelectedKeysOptimized(NioEventLoop.java:724)
	at org.apache.ratis.thirdparty.io.netty.channel.nio.NioEventLoop.processSelectedKeys(NioEventLoop.java:650)
	at org.apache.ratis.thirdparty.io.netty.channel.nio.NioEventLoop.run(NioEventLoop.java:562)
	at org.apache.ratis.thirdparty.io.netty.util.concurrent.SingleThreadEventExecutor$4.run(SingleThreadEventExecutor.java:997)
	at org.apache.ratis.thirdparty.io.netty.util.internal.ThreadExecutorMap$2.run(ThreadExecutorMap.java:74)
	at java.base/java.lang.Thread.run(Thread.java:829)
2023-03-28 15:13:13,719 [NettyClientStreamRpc-workerGroup--thread3] WARN  client.NettyClientStreamRpc (NettyClientStreamRpc.java:scheduleReconnect(206)) - Connection-localhost/127.0.0.1:43715: org.apache.ratis.netty.client.NettyClientStreamRpc$Connection$1@7c86e5f7 failed; schedule reconnecting to localhost/127.0.0.1:43715 in 100ms
2023-03-28 15:13:13,784 [NettyClientStreamRpc-workerGroup--thread3] WARN  client.NettyClientStreamRpc (NettyClientStreamRpc.java:scheduleReconnect(208)) - 
org.apache.ratis.thirdparty.io.netty.channel.AbstractChannel$AnnotatedConnectException: Connection refused: localhost/127.0.0.1:43715
Caused by: java.net.ConnectException: Connection refused
	at java.base/sun.nio.ch.SocketChannelImpl.checkConnect(Native Method)
	at java.base/sun.nio.ch.SocketChannelImpl.finishConnect(SocketChannelImpl.java:777)
	at org.apache.ratis.thirdparty.io.netty.channel.socket.nio.NioSocketChannel.doFinishConnect(NioSocketChannel.java:337)
	at org.apache.ratis.thirdparty.io.netty.channel.nio.AbstractNioChannel$AbstractNioUnsafe.finishConnect(AbstractNioChannel.java:334)
	at org.apache.ratis.thirdparty.io.netty.channel.nio.NioEventLoop.processSelectedKey(NioEventLoop.java:776)
	at org.apache.ratis.thirdparty.io.netty.channel.nio.NioEventLoop.processSelectedKeysOptimized(NioEventLoop.java:724)
	at org.apache.ratis.thirdparty.io.netty.channel.nio.NioEventLoop.processSelectedKeys(NioEventLoop.java:650)
	at org.apache.ratis.thirdparty.io.netty.channel.nio.NioEventLoop.run(NioEventLoop.java:562)
	at org.apache.ratis.thirdparty.io.netty.util.concurrent.SingleThreadEventExecutor$4.run(SingleThreadEventExecutor.java:997)
	at org.apache.ratis.thirdparty.io.netty.util.internal.ThreadExecutorMap$2.run(ThreadExecutorMap.java:74)
	at java.base/java.lang.Thread.run(Thread.java:829)
2023-03-28 15:13:13,719 [NettyClientStreamRpc-workerGroup--thread3] WARN  client.NettyClientStreamRpc (NettyClientStreamRpc.java:scheduleReconnect(206)) - Connection-localhost/127.0.0.1:43715: org.apache.ratis.netty.client.NettyClientStreamRpc$Connection$1@21cf6be failed; schedule reconnecting to localhost/127.0.0.1:43715 in 100ms
2023-03-28 15:13:13,784 [NettyClientStreamRpc-workerGroup--thread3] WARN  client.NettyClientStreamRpc (NettyClientStreamRpc.java:scheduleReconnect(208)) - 
org.apache.ratis.thirdparty.io.netty.channel.AbstractChannel$AnnotatedConnectException: Connection refused: localhost/127.0.0.1:43715
Caused by: java.net.ConnectException: Connection refused
	at java.base/sun.nio.ch.SocketChannelImpl.checkConnect(Native Method)
	at java.base/sun.nio.ch.SocketChannelImpl.finishConnect(SocketChannelImpl.java:777)
	at org.apache.ratis.thirdparty.io.netty.channel.socket.nio.NioSocketChannel.doFinishConnect(NioSocketChannel.java:337)
	at org.apache.ratis.thirdparty.io.netty.channel.nio.AbstractNioChannel$AbstractNioUnsafe.finishConnect(AbstractNioChannel.java:334)
	at org.apache.ratis.thirdparty.io.netty.channel.nio.NioEventLoop.processSelectedKey(NioEventLoop.java:776)
	at org.apache.ratis.thirdparty.io.netty.channel.nio.NioEventLoop.processSelectedKeysOptimized(NioEventLoop.java:724)
	at org.apache.ratis.thirdparty.io.netty.channel.nio.NioEventLoop.processSelectedKeys(NioEventLoop.java:650)
	at org.apache.ratis.thirdparty.io.netty.channel.nio.NioEventLoop.run(NioEventLoop.java:562)
	at org.apache.ratis.thirdparty.io.netty.util.concurrent.SingleThreadEventExecutor$4.run(SingleThreadEventExecutor.java:997)
	at org.apache.ratis.thirdparty.io.netty.util.internal.ThreadExecutorMap$2.run(ThreadExecutorMap.java:74)
	at java.base/java.lang.Thread.run(Thread.java:829)
2023-03-28 15:13:13,718 [NettyClientStreamRpc-workerGroup--thread3] WARN  client.NettyClientStreamRpc (NettyClientStreamRpc.java:scheduleReconnect(206)) - Connection-localhost/127.0.0.1:43715: org.apache.ratis.netty.client.NettyClientStreamRpc$Connection$1@3549d778 failed; schedule reconnecting to localhost/127.0.0.1:43715 in 100ms
2023-03-28 15:13:13,784 [NettyClientStreamRpc-workerGroup--thread3] WARN  client.NettyClientStreamRpc (NettyClientStreamRpc.java:scheduleReconnect(208)) - 
org.apache.ratis.thirdparty.io.netty.channel.AbstractChannel$AnnotatedConnectException: Connection refused: localhost/127.0.0.1:43715
Caused by: java.net.ConnectException: Connection refused
	at java.base/sun.nio.ch.SocketChannelImpl.checkConnect(Native Method)
	at java.base/sun.nio.ch.SocketChannelImpl.finishConnect(SocketChannelImpl.java:777)
	at org.apache.ratis.thirdparty.io.netty.channel.socket.nio.NioSocketChannel.doFinishConnect(NioSocketChannel.java:337)
	at org.apache.ratis.thirdparty.io.netty.channel.nio.AbstractNioChannel$AbstractNioUnsafe.finishConnect(AbstractNioChannel.java:334)
	at org.apache.ratis.thirdparty.io.netty.channel.nio.NioEventLoop.processSelectedKey(NioEventLoop.java:776)
	at org.apache.ratis.thirdparty.io.netty.channel.nio.NioEventLoop.processSelectedKeysOptimized(NioEventLoop.java:724)
	at org.apache.ratis.thirdparty.io.netty.channel.nio.NioEventLoop.processSelectedKeys(NioEventLoop.java:650)
	at org.apache.ratis.thirdparty.io.netty.channel.nio.NioEventLoop.run(NioEventLoop.java:562)
	at org.apache.ratis.thirdparty.io.netty.util.concurrent.SingleThreadEventExecutor$4.run(SingleThreadEventExecutor.java:997)
	at org.apache.ratis.thirdparty.io.netty.util.internal.ThreadExecutorMap$2.run(ThreadExecutorMap.java:74)
	at java.base/java.lang.Thread.run(Thread.java:829)
2023-03-28 15:13:13,715 [NettyClientStreamRpc-workerGroup--thread3] WARN  client.NettyClientStreamRpc (NettyClientStreamRpc.java:scheduleReconnect(206)) - Connection-localhost/127.0.0.1:43715: org.apache.ratis.netty.client.NettyClientStreamRpc$Connection$1@223a1912 failed; schedule reconnecting to localhost/127.0.0.1:43715 in 100ms
2023-03-28 15:13:13,785 [NettyClientStreamRpc-workerGroup--thread3] WARN  client.NettyClientStreamRpc (NettyClientStreamRpc.java:scheduleReconnect(208)) - 
org.apache.ratis.thirdparty.io.netty.channel.AbstractChannel$AnnotatedConnectException: Connection refused: localhost/127.0.0.1:43715
Caused by: java.net.ConnectException: Connection refused
	at java.base/sun.nio.ch.SocketChannelImpl.checkConnect(Native Method)
	at java.base/sun.nio.ch.SocketChannelImpl.finishConnect(SocketChannelImpl.java:777)
	at org.apache.ratis.thirdparty.io.netty.channel.socket.nio.NioSocketChannel.doFinishConnect(NioSocketChannel.java:337)
	at org.apache.ratis.thirdparty.io.netty.channel.nio.AbstractNioChannel$AbstractNioUnsafe.finishConnect(AbstractNioChannel.java:334)
	at org.apache.ratis.thirdparty.io.netty.channel.nio.NioEventLoop.processSelectedKey(NioEventLoop.java:776)
	at org.apache.ratis.thirdparty.io.netty.channel.nio.NioEventLoop.processSelectedKeysOptimized(NioEventLoop.java:724)
	at org.apache.ratis.thirdparty.io.netty.channel.nio.NioEventLoop.processSelectedKeys(NioEventLoop.java:650)
	at org.apache.ratis.thirdparty.io.netty.channel.nio.NioEventLoop.run(NioEventLoop.java:562)
	at org.apache.ratis.thirdparty.io.netty.util.concurrent.SingleThreadEventExecutor$4.run(SingleThreadEventExecutor.java:997)
	at org.apache.ratis.thirdparty.io.netty.util.internal.ThreadExecutorMap$2.run(ThreadExecutorMap.java:74)
	at java.base/java.lang.Thread.run(Thread.java:829)
2023-03-28 15:13:13,713 [NettyClientStreamRpc-workerGroup--thread3] WARN  client.NettyClientStreamRpc (NettyClientStreamRpc.java:scheduleReconnect(206)) - Connection-localhost/127.0.0.1:43715: org.apache.ratis.netty.client.NettyClientStreamRpc$Connection$1@693dc0d7 failed; schedule reconnecting to localhost/127.0.0.1:43715 in 100ms
2023-03-28 15:13:13,785 [NettyClientStreamRpc-workerGroup--thread3] WARN  client.NettyClientStreamRpc (NettyClientStreamRpc.java:scheduleReconnect(208)) - 
org.apache.ratis.thirdparty.io.netty.channel.AbstractChannel$AnnotatedConnectException: Connection refused: localhost/127.0.0.1:43715
Caused by: java.net.ConnectException: Connection refused
	at java.base/sun.nio.ch.SocketChannelImpl.checkConnect(Native Method)
	at java.base/sun.nio.ch.SocketChannelImpl.finishConnect(SocketChannelImpl.java:777)
	at org.apache.ratis.thirdparty.io.netty.channel.socket.nio.NioSocketChannel.doFinishConnect(NioSocketChannel.java:337)
	at org.apache.ratis.thirdparty.io.netty.channel.nio.AbstractNioChannel$AbstractNioUnsafe.finishConnect(AbstractNioChannel.java:334)
	at org.apache.ratis.thirdparty.io.netty.channel.nio.NioEventLoop.processSelectedKey(NioEventLoop.java:776)
	at org.apache.ratis.thirdparty.io.netty.channel.nio.NioEventLoop.processSelectedKeysOptimized(NioEventLoop.java:724)
	at org.apache.ratis.thirdparty.io.netty.channel.nio.NioEventLoop.processSelectedKeys(NioEventLoop.java:650)
	at org.apache.ratis.thirdparty.io.netty.channel.nio.NioEventLoop.run(NioEventLoop.java:562)
	at org.apache.ratis.thirdparty.io.netty.util.concurrent.SingleThreadEventExecutor$4.run(SingleThreadEventExecutor.java:997)
	at org.apache.ratis.thirdparty.io.netty.util.internal.ThreadExecutorMap$2.run(ThreadExecutorMap.java:74)
	at java.base/java.lang.Thread.run(Thread.java:829)
2023-03-28 15:13:13,708 [NettyClientStreamRpc-workerGroup--thread3] WARN  client.NettyClientStreamRpc (NettyClientStreamRpc.java:scheduleReconnect(206)) - Connection-localhost/127.0.0.1:43715: org.apache.ratis.netty.client.NettyClientStreamRpc$Connection$1@e3b1505 failed; schedule reconnecting to localhost/127.0.0.1:43715 in 100ms
2023-03-28 15:13:13,785 [NettyClientStreamRpc-workerGroup--thread3] WARN  client.NettyClientStreamRpc (NettyClientStreamRpc.java:scheduleReconnect(208)) - 
org.apache.ratis.thirdparty.io.netty.channel.AbstractChannel$AnnotatedConnectException: Connection refused: localhost/127.0.0.1:43715
Caused by: java.net.ConnectException: Connection refused
	at java.base/sun.nio.ch.SocketChannelImpl.checkConnect(Native Method)
	at java.base/sun.nio.ch.SocketChannelImpl.finishConnect(SocketChannelImpl.java:777)
	at org.apache.ratis.thirdparty.io.netty.channel.socket.nio.NioSocketChannel.doFinishConnect(NioSocketChannel.java:337)
	at org.apache.ratis.thirdparty.io.netty.channel.nio.AbstractNioChannel$AbstractNioUnsafe.finishConnect(AbstractNioChannel.java:334)
	at org.apache.ratis.thirdparty.io.netty.channel.nio.NioEventLoop.processSelectedKey(NioEventLoop.java:776)
	at org.apache.ratis.thirdparty.io.netty.channel.nio.NioEventLoop.processSelectedKeysOptimized(NioEventLoop.java:724)
	at org.apache.ratis.thirdparty.io.netty.channel.nio.NioEventLoop.processSelectedKeys(NioEventLoop.java:650)
	at org.apache.ratis.thirdparty.io.netty.channel.nio.NioEventLoop.run(NioEventLoop.java:562)
	at org.apache.ratis.thirdparty.io.netty.util.concurrent.SingleThreadEventExecutor$4.run(SingleThreadEventExecutor.java:997)
	at org.apache.ratis.thirdparty.io.netty.util.internal.ThreadExecutorMap$2.run(ThreadExecutorMap.java:74)
	at java.base/java.lang.Thread.run(Thread.java:829)
2023-03-28 15:13:13,708 [NettyClientStreamRpc-workerGroup--thread3] WARN  client.NettyClientStreamRpc (NettyClientStreamRpc.java:scheduleReconnect(206)) - Connection-localhost/127.0.0.1:43715: org.apache.ratis.netty.client.NettyClientStreamRpc$Connection$1@3019e59f failed; schedule reconnecting to localhost/127.0.0.1:43715 in 100ms
2023-03-28 15:13:13,785 [NettyClientStreamRpc-workerGroup--thread3] WARN  client.NettyClientStreamRpc (NettyClientStreamRpc.java:scheduleReconnect(208)) - 
org.apache.ratis.thirdparty.io.netty.channel.AbstractChannel$AnnotatedConnectException: Connection refused: localhost/127.0.0.1:43715
Caused by: java.net.ConnectException: Connection refused
	at java.base/sun.nio.ch.SocketChannelImpl.checkConnect(Native Method)
	at java.base/sun.nio.ch.SocketChannelImpl.finishConnect(SocketChannelImpl.java:777)
	at org.apache.ratis.thirdparty.io.netty.channel.socket.nio.NioSocketChannel.doFinishConnect(NioSocketChannel.java:337)
	at org.apache.ratis.thirdparty.io.netty.channel.nio.AbstractNioChannel$AbstractNioUnsafe.finishConnect(AbstractNioChannel.java:334)
	at org.apache.ratis.thirdparty.io.netty.channel.nio.NioEventLoop.processSelectedKey(NioEventLoop.java:776)
	at org.apache.ratis.thirdparty.io.netty.channel.nio.NioEventLoop.processSelectedKeysOptimized(NioEventLoop.java:724)
	at org.apache.ratis.thirdparty.io.netty.channel.nio.NioEventLoop.processSelectedKeys(NioEventLoop.java:650)
	at org.apache.ratis.thirdparty.io.netty.channel.nio.NioEventLoop.run(NioEventLoop.java:562)
	at org.apache.ratis.thirdparty.io.netty.util.concurrent.SingleThreadEventExecutor$4.run(SingleThreadEventExecutor.java:997)
	at org.apache.ratis.thirdparty.io.netty.util.internal.ThreadExecutorMap$2.run(ThreadExecutorMap.java:74)
	at java.base/java.lang.Thread.run(Thread.java:829)
2023-03-28 15:13:13,703 [NettyClientStreamRpc-workerGroup--thread3] WARN  client.NettyClientStreamRpc (NettyClientStreamRpc.java:scheduleReconnect(206)) - Connection-localhost/127.0.0.1:43715: org.apache.ratis.netty.client.NettyClientStreamRpc$Connection$1@15c78ac1 failed; schedule reconnecting to localhost/127.0.0.1:43715 in 100ms
2023-03-28 15:13:13,785 [NettyClientStreamRpc-workerGroup--thread3] WARN  client.NettyClientStreamRpc (NettyClientStreamRpc.java:scheduleReconnect(208)) - 
org.apache.ratis.thirdparty.io.netty.channel.AbstractChannel$AnnotatedConnectException: Connection refused: localhost/127.0.0.1:43715
Caused by: java.net.ConnectException: Connection refused
	at java.base/sun.nio.ch.SocketChannelImpl.checkConnect(Native Method)
	at java.base/sun.nio.ch.SocketChannelImpl.finishConnect(SocketChannelImpl.java:777)
	at org.apache.ratis.thirdparty.io.netty.channel.socket.nio.NioSocketChannel.doFinishConnect(NioSocketChannel.java:337)
	at org.apache.ratis.thirdparty.io.netty.channel.nio.AbstractNioChannel$AbstractNioUnsafe.finishConnect(AbstractNioChannel.java:334)
	at org.apache.ratis.thirdparty.io.netty.channel.nio.NioEventLoop.processSelectedKey(NioEventLoop.java:776)
	at org.apache.ratis.thirdparty.io.netty.channel.nio.NioEventLoop.processSelectedKeysOptimized(NioEventLoop.java:724)
	at org.apache.ratis.thirdparty.io.netty.channel.nio.NioEventLoop.processSelectedKeys(NioEventLoop.java:650)
	at org.apache.ratis.thirdparty.io.netty.channel.nio.NioEventLoop.run(NioEventLoop.java:562)
	at org.apache.ratis.thirdparty.io.netty.util.concurrent.SingleThreadEventExecutor$4.run(SingleThreadEventExecutor.java:997)
	at org.apache.ratis.thirdparty.io.netty.util.internal.ThreadExecutorMap$2.run(ThreadExecutorMap.java:74)
	at java.base/java.lang.Thread.run(Thread.java:829)
2023-03-28 15:13:13,703 [NettyClientStreamRpc-workerGroup--thread3] WARN  client.NettyClientStreamRpc (NettyClientStreamRpc.java:scheduleReconnect(206)) - Connection-localhost/127.0.0.1:43715: org.apache.ratis.netty.client.NettyClientStreamRpc$Connection$1@187f1a30 failed; schedule reconnecting to localhost/127.0.0.1:43715 in 100ms
2023-03-28 15:13:13,785 [NettyClientStreamRpc-workerGroup--thread3] WARN  client.NettyClientStreamRpc (NettyClientStreamRpc.java:scheduleReconnect(208)) - 
org.apache.ratis.thirdparty.io.netty.channel.AbstractChannel$AnnotatedConnectException: Connection refused: localhost/127.0.0.1:43715
Caused by: java.net.ConnectException: Connection refused
	at java.base/sun.nio.ch.SocketChannelImpl.checkConnect(Native Method)
	at java.base/sun.nio.ch.SocketChannelImpl.finishConnect(SocketChannelImpl.java:777)
	at org.apache.ratis.thirdparty.io.netty.channel.socket.nio.NioSocketChannel.doFinishConnect(NioSocketChannel.java:337)
	at org.apache.ratis.thirdparty.io.netty.channel.nio.AbstractNioChannel$AbstractNioUnsafe.finishConnect(AbstractNioChannel.java:334)
	at org.apache.ratis.thirdparty.io.netty.channel.nio.NioEventLoop.processSelectedKey(NioEventLoop.java:776)
	at org.apache.ratis.thirdparty.io.netty.channel.nio.NioEventLoop.processSelectedKeysOptimized(NioEventLoop.java:724)
	at org.apache.ratis.thirdparty.io.netty.channel.nio.NioEventLoop.processSelectedKeys(NioEventLoop.java:650)
	at org.apache.ratis.thirdparty.io.netty.channel.nio.NioEventLoop.run(NioEventLoop.java:562)
	at org.apache.ratis.thirdparty.io.netty.util.concurrent.SingleThreadEventExecutor$4.run(SingleThreadEventExecutor.java:997)
	at org.apache.ratis.thirdparty.io.netty.util.internal.ThreadExecutorMap$2.run(ThreadExecutorMap.java:74)
	at java.base/java.lang.Thread.run(Thread.java:829)
2023-03-28 15:13:13,703 [Thread-552] WARN  util.PeerProxyMap (PeerProxyMap.java:closeProxy(179)) - s1-NettyServerStreamRpc: Failed to close proxy for peer s2|rpc:localhost:41369|admin:localhost:42041|client:localhost:44529|dataStream:localhost:43715|priority:0|startupRole:FOLLOWER, proxy class: class org.apache.ratis.client.impl.DataStreamClientImpl
org.apache.ratis.thirdparty.io.netty.channel.AbstractChannel$AnnotatedConnectException: Connection refused: localhost/127.0.0.1:43715
Caused by: java.net.ConnectException: Connection refused
	at java.base/sun.nio.ch.SocketChannelImpl.checkConnect(Native Method)
	at java.base/sun.nio.ch.SocketChannelImpl.finishConnect(SocketChannelImpl.java:777)
	at org.apache.ratis.thirdparty.io.netty.channel.socket.nio.NioSocketChannel.doFinishConnect(NioSocketChannel.java:337)
	at org.apache.ratis.thirdparty.io.netty.channel.nio.AbstractNioChannel$AbstractNioUnsafe.finishConnect(AbstractNioChannel.java:334)
	at org.apache.ratis.thirdparty.io.netty.channel.nio.NioEventLoop.processSelectedKey(NioEventLoop.java:776)
	at org.apache.ratis.thirdparty.io.netty.channel.nio.NioEventLoop.processSelectedKeysOptimized(NioEventLoop.java:724)
	at org.apache.ratis.thirdparty.io.netty.channel.nio.NioEventLoop.processSelectedKeys(NioEventLoop.java:650)
	at org.apache.ratis.thirdparty.io.netty.channel.nio.NioEventLoop.run(NioEventLoop.java:562)
	at org.apache.ratis.thirdparty.io.netty.util.concurrent.SingleThreadEventExecutor$4.run(SingleThreadEventExecutor.java:997)
	at org.apache.ratis.thirdparty.io.netty.util.internal.ThreadExecutorMap$2.run(ThreadExecutorMap.java:74)
	at java.base/java.lang.Thread.run(Thread.java:829)
2023-03-28 15:13:13,702 [NettyClientStreamRpc-workerGroup--thread3] WARN  client.NettyClientStreamRpc (NettyClientStreamRpc.java:scheduleReconnect(206)) - Connection-localhost/127.0.0.1:44863: org.apache.ratis.netty.client.NettyClientStreamRpc$Connection$1@af0b17f failed; schedule reconnecting to localhost/127.0.0.1:44863 in 100ms
2023-03-28 15:13:13,786 [NettyClientStreamRpc-workerGroup--thread3] WARN  client.NettyClientStreamRpc (NettyClientStreamRpc.java:scheduleReconnect(208)) - 
org.apache.ratis.thirdparty.io.netty.channel.AbstractChannel$AnnotatedConnectException: Connection refused: localhost/127.0.0.1:44863
Caused by: java.net.ConnectException: Connection refused
	at java.base/sun.nio.ch.SocketChannelImpl.checkConnect(Native Method)
	at java.base/sun.nio.ch.SocketChannelImpl.finishConnect(SocketChannelImpl.java:777)
	at org.apache.ratis.thirdparty.io.netty.channel.socket.nio.NioSocketChannel.doFinishConnect(NioSocketChannel.java:337)
	at org.apache.ratis.thirdparty.io.netty.channel.nio.AbstractNioChannel$AbstractNioUnsafe.finishConnect(AbstractNioChannel.java:334)
	at org.apache.ratis.thirdparty.io.netty.channel.nio.NioEventLoop.processSelectedKey(NioEventLoop.java:776)
	at org.apache.ratis.thirdparty.io.netty.channel.nio.NioEventLoop.processSelectedKeysOptimized(NioEventLoop.java:724)
	at org.apache.ratis.thirdparty.io.netty.channel.nio.NioEventLoop.processSelectedKeys(NioEventLoop.java:650)
	at org.apache.ratis.thirdparty.io.netty.channel.nio.NioEventLoop.run(NioEventLoop.java:562)
	at org.apache.ratis.thirdparty.io.netty.util.concurrent.SingleThreadEventExecutor$4.run(SingleThreadEventExecutor.java:997)
	at org.apache.ratis.thirdparty.io.netty.util.internal.ThreadExecutorMap$2.run(ThreadExecutorMap.java:74)
	at java.base/java.lang.Thread.run(Thread.java:829)
2023-03-28 15:13:13,702 [NettyClientStreamRpc-workerGroup--thread3] WARN  client.NettyClientStreamRpc (NettyClientStreamRpc.java:scheduleReconnect(206)) - Connection-localhost/127.0.0.1:43715: org.apache.ratis.netty.client.NettyClientStreamRpc$Connection$1@2031a4f3 failed; schedule reconnecting to localhost/127.0.0.1:43715 in 100ms
2023-03-28 15:13:13,786 [NettyClientStreamRpc-workerGroup--thread3] WARN  client.NettyClientStreamRpc (NettyClientStreamRpc.java:scheduleReconnect(208)) - 
org.apache.ratis.thirdparty.io.netty.channel.AbstractChannel$AnnotatedConnectException: Connection refused: localhost/127.0.0.1:43715
Caused by: java.net.ConnectException: Connection refused
	at java.base/sun.nio.ch.SocketChannelImpl.checkConnect(Native Method)
	at java.base/sun.nio.ch.SocketChannelImpl.finishConnect(SocketChannelImpl.java:777)
	at org.apache.ratis.thirdparty.io.netty.channel.socket.nio.NioSocketChannel.doFinishConnect(NioSocketChannel.java:337)
	at org.apache.ratis.thirdparty.io.netty.channel.nio.AbstractNioChannel$AbstractNioUnsafe.finishConnect(AbstractNioChannel.java:334)
	at org.apache.ratis.thirdparty.io.netty.channel.nio.NioEventLoop.processSelectedKey(NioEventLoop.java:776)
	at org.apache.ratis.thirdparty.io.netty.channel.nio.NioEventLoop.processSelectedKeysOptimized(NioEventLoop.java:724)
	at org.apache.ratis.thirdparty.io.netty.channel.nio.NioEventLoop.processSelectedKeys(NioEventLoop.java:650)
	at org.apache.ratis.thirdparty.io.netty.channel.nio.NioEventLoop.run(NioEventLoop.java:562)
	at org.apache.ratis.thirdparty.io.netty.util.concurrent.SingleThreadEventExecutor$4.run(SingleThreadEventExecutor.java:997)
	at org.apache.ratis.thirdparty.io.netty.util.internal.ThreadExecutorMap$2.run(ThreadExecutorMap.java:74)
	at java.base/java.lang.Thread.run(Thread.java:829)
2023-03-28 15:13:13,700 [NettyClientStreamRpc-workerGroup--thread3] WARN  client.NettyClientStreamRpc (NettyClientStreamRpc.java:scheduleReconnect(206)) - Connection-localhost/127.0.0.1:44863: org.apache.ratis.netty.client.NettyClientStreamRpc$Connection$1@4e4c7029 failed; schedule reconnecting to localhost/127.0.0.1:44863 in 100ms
2023-03-28 15:13:13,787 [NettyClientStreamRpc-workerGroup--thread3] WARN  client.NettyClientStreamRpc (NettyClientStreamRpc.java:scheduleReconnect(208)) - 
org.apache.ratis.thirdparty.io.netty.channel.AbstractChannel$AnnotatedConnectException: Connection refused: localhost/127.0.0.1:44863
Caused by: java.net.ConnectException: Connection refused
	at java.base/sun.nio.ch.SocketChannelImpl.checkConnect(Native Method)
	at java.base/sun.nio.ch.SocketChannelImpl.finishConnect(SocketChannelImpl.java:777)
	at org.apache.ratis.thirdparty.io.netty.channel.socket.nio.NioSocketChannel.doFinishConnect(NioSocketChannel.java:337)
	at org.apache.ratis.thirdparty.io.netty.channel.nio.AbstractNioChannel$AbstractNioUnsafe.finishConnect(AbstractNioChannel.java:334)
	at org.apache.ratis.thirdparty.io.netty.channel.nio.NioEventLoop.processSelectedKey(NioEventLoop.java:776)
	at org.apache.ratis.thirdparty.io.netty.channel.nio.NioEventLoop.processSelectedKeysOptimized(NioEventLoop.java:724)
	at org.apache.ratis.thirdparty.io.netty.channel.nio.NioEventLoop.processSelectedKeys(NioEventLoop.java:650)
	at org.apache.ratis.thirdparty.io.netty.channel.nio.NioEventLoop.run(NioEventLoop.java:562)
	at org.apache.ratis.thirdparty.io.netty.util.concurrent.SingleThreadEventExecutor$4.run(SingleThreadEventExecutor.java:997)
	at org.apache.ratis.thirdparty.io.netty.util.internal.ThreadExecutorMap$2.run(ThreadExecutorMap.java:74)
	at java.base/java.lang.Thread.run(Thread.java:829)
2023-03-28 15:13:13,696 [NettyClientStreamRpc-workerGroup--thread3] WARN  client.NettyClientStreamRpc (NettyClientStreamRpc.java:scheduleReconnect(206)) - Connection-localhost/127.0.0.1:44863: org.apache.ratis.netty.client.NettyClientStreamRpc$Connection$1@5f628c4c failed; schedule reconnecting to localhost/127.0.0.1:44863 in 100ms
2023-03-28 15:13:13,787 [NettyClientStreamRpc-workerGroup--thread3] WARN  client.NettyClientStreamRpc (NettyClientStreamRpc.java:scheduleReconnect(208)) - 
org.apache.ratis.thirdparty.io.netty.channel.AbstractChannel$AnnotatedConnectException: Connection refused: localhost/127.0.0.1:44863
Caused by: java.net.ConnectException: Connection refused
	at java.base/sun.nio.ch.SocketChannelImpl.checkConnect(Native Method)
	at java.base/sun.nio.ch.SocketChannelImpl.finishConnect(SocketChannelImpl.java:777)
	at org.apache.ratis.thirdparty.io.netty.channel.socket.nio.NioSocketChannel.doFinishConnect(NioSocketChannel.java:337)
	at org.apache.ratis.thirdparty.io.netty.channel.nio.AbstractNioChannel$AbstractNioUnsafe.finishConnect(AbstractNioChannel.java:334)
	at org.apache.ratis.thirdparty.io.netty.channel.nio.NioEventLoop.processSelectedKey(NioEventLoop.java:776)
	at org.apache.ratis.thirdparty.io.netty.channel.nio.NioEventLoop.processSelectedKeysOptimized(NioEventLoop.java:724)
	at org.apache.ratis.thirdparty.io.netty.channel.nio.NioEventLoop.processSelectedKeys(NioEventLoop.java:650)
	at org.apache.ratis.thirdparty.io.netty.channel.nio.NioEventLoop.run(NioEventLoop.java:562)
	at org.apache.ratis.thirdparty.io.netty.util.concurrent.SingleThreadEventExecutor$4.run(SingleThreadEventExecutor.java:997)
	at org.apache.ratis.thirdparty.io.netty.util.internal.ThreadExecutorMap$2.run(ThreadExecutorMap.java:74)
	at java.base/java.lang.Thread.run(Thread.java:829)
2023-03-28 15:13:13,783 [Thread-629] WARN  util.PeerProxyMap (PeerProxyMap.java:closeProxy(179)) - s2-NettyServerStreamRpc: Failed to close proxy for peer s1|rpc:localhost:45465|admin:localhost:46709|client:localhost:37549|dataStream:localhost:44863|priority:0|startupRole:FOLLOWER, proxy class: class org.apache.ratis.client.impl.DataStreamClientImpl
org.apache.ratis.thirdparty.io.netty.channel.AbstractChannel$AnnotatedConnectException: Connection refused: localhost/127.0.0.1:44863
Caused by: java.net.ConnectException: Connection refused
	at java.base/sun.nio.ch.SocketChannelImpl.checkConnect(Native Method)
	at java.base/sun.nio.ch.SocketChannelImpl.finishConnect(SocketChannelImpl.java:777)
	at org.apache.ratis.thirdparty.io.netty.channel.socket.nio.NioSocketChannel.doFinishConnect(NioSocketChannel.java:337)
	at org.apache.ratis.thirdparty.io.netty.channel.nio.AbstractNioChannel$AbstractNioUnsafe.finishConnect(AbstractNioChannel.java:334)
	at org.apache.ratis.thirdparty.io.netty.channel.nio.NioEventLoop.processSelectedKey(NioEventLoop.java:776)
	at org.apache.ratis.thirdparty.io.netty.channel.nio.NioEventLoop.processSelectedKeysOptimized(NioEventLoop.java:724)
	at org.apache.ratis.thirdparty.io.netty.channel.nio.NioEventLoop.processSelectedKeys(NioEventLoop.java:650)
	at org.apache.ratis.thirdparty.io.netty.channel.nio.NioEventLoop.run(NioEventLoop.java:562)
	at org.apache.ratis.thirdparty.io.netty.util.concurrent.SingleThreadEventExecutor$4.run(SingleThreadEventExecutor.java:997)
	at org.apache.ratis.thirdparty.io.netty.util.internal.ThreadExecutorMap$2.run(ThreadExecutorMap.java:74)
	at java.base/java.lang.Thread.run(Thread.java:829)
2023-03-28 15:13:13,779 [Thread-628] WARN  util.PeerProxyMap (PeerProxyMap.java:closeProxy(179)) - s2-NettyServerStreamRpc: Failed to close proxy for peer s0|rpc:localhost:34691|admin:localhost:42501|client:localhost:42695|dataStream:localhost:41129|priority:0|startupRole:FOLLOWER, proxy class: class org.apache.ratis.client.impl.DataStreamClientImpl
org.apache.ratis.thirdparty.io.netty.channel.AbstractChannel$AnnotatedConnectException: Connection refused: localhost/127.0.0.1:41129
Caused by: java.net.ConnectException: Connection refused
	at java.base/sun.nio.ch.SocketChannelImpl.checkConnect(Native Method)
	at java.base/sun.nio.ch.SocketChannelImpl.finishConnect(SocketChannelImpl.java:777)
	at org.apache.ratis.thirdparty.io.netty.channel.socket.nio.NioSocketChannel.doFinishConnect(NioSocketChannel.java:337)
	at org.apache.ratis.thirdparty.io.netty.channel.nio.AbstractNioChannel$AbstractNioUnsafe.finishConnect(AbstractNioChannel.java:334)
	at org.apache.ratis.thirdparty.io.netty.channel.nio.NioEventLoop.processSelectedKey(NioEventLoop.java:776)
	at org.apache.ratis.thirdparty.io.netty.channel.nio.NioEventLoop.processSelectedKeysOptimized(NioEventLoop.java:724)
	at org.apache.ratis.thirdparty.io.netty.channel.nio.NioEventLoop.processSelectedKeys(NioEventLoop.java:650)
	at org.apache.ratis.thirdparty.io.netty.channel.nio.NioEventLoop.run(NioEventLoop.java:562)
	at org.apache.ratis.thirdparty.io.netty.util.concurrent.SingleThreadEventExecutor$4.run(SingleThreadEventExecutor.java:997)
	at org.apache.ratis.thirdparty.io.netty.util.internal.ThreadExecutorMap$2.run(ThreadExecutorMap.java:74)
	at java.base/java.lang.Thread.run(Thread.java:829)
2023-03-28 15:13:13,775 [NettyClientStreamRpc-workerGroup--thread3] WARN  client.NettyClientStreamRpc (NettyClientStreamRpc.java:scheduleReconnect(206)) - Connection-localhost/127.0.0.1:41129: org.apache.ratis.netty.client.NettyClientStreamRpc$Connection$1@81e293d failed; schedule reconnecting to localhost/127.0.0.1:41129 in 100ms
2023-03-28 15:13:13,788 [NettyClientStreamRpc-workerGroup--thread3] WARN  client.NettyClientStreamRpc (NettyClientStreamRpc.java:scheduleReconnect(208)) - 
org.apache.ratis.thirdparty.io.netty.channel.AbstractChannel$AnnotatedConnectException: Connection refused: localhost/127.0.0.1:41129
Caused by: java.net.ConnectException: Connection refused
	at java.base/sun.nio.ch.SocketChannelImpl.checkConnect(Native Method)
	at java.base/sun.nio.ch.SocketChannelImpl.finishConnect(SocketChannelImpl.java:777)
	at org.apache.ratis.thirdparty.io.netty.channel.socket.nio.NioSocketChannel.doFinishConnect(NioSocketChannel.java:337)
	at org.apache.ratis.thirdparty.io.netty.channel.nio.AbstractNioChannel$AbstractNioUnsafe.finishConnect(AbstractNioChannel.java:334)
	at org.apache.ratis.thirdparty.io.netty.channel.nio.NioEventLoop.processSelectedKey(NioEventLoop.java:776)
	at org.apache.ratis.thirdparty.io.netty.channel.nio.NioEventLoop.processSelectedKeysOptimized(NioEventLoop.java:724)
	at org.apache.ratis.thirdparty.io.netty.channel.nio.NioEventLoop.processSelectedKeys(NioEventLoop.java:650)
	at org.apache.ratis.thirdparty.io.netty.channel.nio.NioEventLoop.run(NioEventLoop.java:562)
	at org.apache.ratis.thirdparty.io.netty.util.concurrent.SingleThreadEventExecutor$4.run(SingleThreadEventExecutor.java:997)
	at org.apache.ratis.thirdparty.io.netty.util.internal.ThreadExecutorMap$2.run(ThreadExecutorMap.java:74)
	at java.base/java.lang.Thread.run(Thread.java:829)
2023-03-28 15:13:13,788 [Thread-667] WARN  util.PeerProxyMap (PeerProxyMap.java:closeProxy(179)) - s2-NettyServerStreamRpc: Failed to close proxy for peer s0|rpc:localhost:34691|admin:localhost:42501|client:localhost:42695|dataStream:localhost:41129|priority:0|startupRole:FOLLOWER, proxy class: class org.apache.ratis.client.impl.DataStreamClientImpl
org.apache.ratis.thirdparty.io.netty.channel.AbstractChannel$AnnotatedConnectException: Connection refused: localhost/127.0.0.1:41129
Caused by: java.net.ConnectException: Connection refused
	at java.base/sun.nio.ch.SocketChannelImpl.checkConnect(Native Method)
	at java.base/sun.nio.ch.SocketChannelImpl.finishConnect(SocketChannelImpl.java:777)
	at org.apache.ratis.thirdparty.io.netty.channel.socket.nio.NioSocketChannel.doFinishConnect(NioSocketChannel.java:337)
	at org.apache.ratis.thirdparty.io.netty.channel.nio.AbstractNioChannel$AbstractNioUnsafe.finishConnect(AbstractNioChannel.java:334)
	at org.apache.ratis.thirdparty.io.netty.channel.nio.NioEventLoop.processSelectedKey(NioEventLoop.java:776)
	at org.apache.ratis.thirdparty.io.netty.channel.nio.NioEventLoop.processSelectedKeysOptimized(NioEventLoop.java:724)
	at org.apache.ratis.thirdparty.io.netty.channel.nio.NioEventLoop.processSelectedKeys(NioEventLoop.java:650)
	at org.apache.ratis.thirdparty.io.netty.channel.nio.NioEventLoop.run(NioEventLoop.java:562)
	at org.apache.ratis.thirdparty.io.netty.util.concurrent.SingleThreadEventExecutor$4.run(SingleThreadEventExecutor.java:997)
	at org.apache.ratis.thirdparty.io.netty.util.internal.ThreadExecutorMap$2.run(ThreadExecutorMap.java:74)
	at java.base/java.lang.Thread.run(Thread.java:829)
2023-03-28 15:13:13,792 [Thread-609] WARN  util.PeerProxyMap (PeerProxyMap.java:closeProxy(179)) - s0-NettyServerStreamRpc: Failed to close proxy for peer s1|rpc:localhost:45465|admin:localhost:46709|client:localhost:37549|dataStream:localhost:44863|priority:0|startupRole:FOLLOWER, proxy class: class org.apache.ratis.client.impl.DataStreamClientImpl
org.apache.ratis.thirdparty.io.netty.channel.AbstractChannel$AnnotatedConnectException: Connection refused: localhost/127.0.0.1:44863
Caused by: java.net.ConnectException: Connection refused
	at java.base/sun.nio.ch.SocketChannelImpl.checkConnect(Native Method)
	at java.base/sun.nio.ch.SocketChannelImpl.finishConnect(SocketChannelImpl.java:777)
	at org.apache.ratis.thirdparty.io.netty.channel.socket.nio.NioSocketChannel.doFinishConnect(NioSocketChannel.java:337)
	at org.apache.ratis.thirdparty.io.netty.channel.nio.AbstractNioChannel$AbstractNioUnsafe.finishConnect(AbstractNioChannel.java:334)
	at org.apache.ratis.thirdparty.io.netty.channel.nio.NioEventLoop.processSelectedKey(NioEventLoop.java:776)
	at org.apache.ratis.thirdparty.io.netty.channel.nio.NioEventLoop.processSelectedKeysOptimized(NioEventLoop.java:724)
	at org.apache.ratis.thirdparty.io.netty.channel.nio.NioEventLoop.processSelectedKeys(NioEventLoop.java:650)
	at org.apache.ratis.thirdparty.io.netty.channel.nio.NioEventLoop.run(NioEventLoop.java:562)
	at org.apache.ratis.thirdparty.io.netty.util.concurrent.SingleThreadEventExecutor$4.run(SingleThreadEventExecutor.java:997)
	at org.apache.ratis.thirdparty.io.netty.util.internal.ThreadExecutorMap$2.run(ThreadExecutorMap.java:74)
	at java.base/java.lang.Thread.run(Thread.java:829)
2023-03-28 15:13:13,792 [Thread-626] WARN  util.PeerProxyMap (PeerProxyMap.java:closeProxy(179)) - s0-NettyServerStreamRpc: Failed to close proxy for peer s2|rpc:localhost:41369|admin:localhost:42041|client:localhost:44529|dataStream:localhost:43715|priority:0|startupRole:FOLLOWER, proxy class: class org.apache.ratis.client.impl.DataStreamClientImpl
org.apache.ratis.thirdparty.io.netty.channel.AbstractChannel$AnnotatedConnectException: Connection refused: localhost/127.0.0.1:43715
Caused by: java.net.ConnectException: Connection refused
	at java.base/sun.nio.ch.SocketChannelImpl.checkConnect(Native Method)
	at java.base/sun.nio.ch.SocketChannelImpl.finishConnect(SocketChannelImpl.java:777)
	at org.apache.ratis.thirdparty.io.netty.channel.socket.nio.NioSocketChannel.doFinishConnect(NioSocketChannel.java:337)
	at org.apache.ratis.thirdparty.io.netty.channel.nio.AbstractNioChannel$AbstractNioUnsafe.finishConnect(AbstractNioChannel.java:334)
	at org.apache.ratis.thirdparty.io.netty.channel.nio.NioEventLoop.processSelectedKey(NioEventLoop.java:776)
	at org.apache.ratis.thirdparty.io.netty.channel.nio.NioEventLoop.processSelectedKeysOptimized(NioEventLoop.java:724)
	at org.apache.ratis.thirdparty.io.netty.channel.nio.NioEventLoop.processSelectedKeys(NioEventLoop.java:650)
	at org.apache.ratis.thirdparty.io.netty.channel.nio.NioEventLoop.run(NioEventLoop.java:562)
	at org.apache.ratis.thirdparty.io.netty.util.concurrent.SingleThreadEventExecutor$4.run(SingleThreadEventExecutor.java:997)
	at org.apache.ratis.thirdparty.io.netty.util.internal.ThreadExecutorMap$2.run(ThreadExecutorMap.java:74)
	at java.base/java.lang.Thread.run(Thread.java:829)
2023-03-28 15:13:13,792 [Thread-669] WARN  util.PeerProxyMap (PeerProxyMap.java:closeProxy(179)) - s2-NettyServerStreamRpc: Failed to close proxy for peer s1|rpc:localhost:45465|admin:localhost:46709|client:localhost:37549|dataStream:localhost:44863|priority:0|startupRole:FOLLOWER, proxy class: class org.apache.ratis.client.impl.DataStreamClientImpl
org.apache.ratis.thirdparty.io.netty.channel.AbstractChannel$AnnotatedConnectException: Connection refused: localhost/127.0.0.1:44863
Caused by: java.net.ConnectException: Connection refused
	at java.base/sun.nio.ch.SocketChannelImpl.checkConnect(Native Method)
	at java.base/sun.nio.ch.SocketChannelImpl.finishConnect(SocketChannelImpl.java:777)
	at org.apache.ratis.thirdparty.io.netty.channel.socket.nio.NioSocketChannel.doFinishConnect(NioSocketChannel.java:337)
	at org.apache.ratis.thirdparty.io.netty.channel.nio.AbstractNioChannel$AbstractNioUnsafe.finishConnect(AbstractNioChannel.java:334)
	at org.apache.ratis.thirdparty.io.netty.channel.nio.NioEventLoop.processSelectedKey(NioEventLoop.java:776)
	at org.apache.ratis.thirdparty.io.netty.channel.nio.NioEventLoop.processSelectedKeysOptimized(NioEventLoop.java:724)
	at org.apache.ratis.thirdparty.io.netty.channel.nio.NioEventLoop.processSelectedKeys(NioEventLoop.java:650)
	at org.apache.ratis.thirdparty.io.netty.channel.nio.NioEventLoop.run(NioEventLoop.java:562)
	at org.apache.ratis.thirdparty.io.netty.util.concurrent.SingleThreadEventExecutor$4.run(SingleThreadEventExecutor.java:997)
	at org.apache.ratis.thirdparty.io.netty.util.internal.ThreadExecutorMap$2.run(ThreadExecutorMap.java:74)
	at java.base/java.lang.Thread.run(Thread.java:829)
2023-03-28 15:13:13,796 [Thread-670] WARN  util.PeerProxyMap (PeerProxyMap.java:closeProxy(179)) - s0-NettyServerStreamRpc: Failed to close proxy for peer s1|rpc:localhost:45465|admin:localhost:46709|client:localhost:37549|dataStream:localhost:44863|priority:0|startupRole:FOLLOWER, proxy class: class org.apache.ratis.client.impl.DataStreamClientImpl
org.apache.ratis.thirdparty.io.netty.channel.AbstractChannel$AnnotatedConnectException: Connection refused: localhost/127.0.0.1:44863
Caused by: java.net.ConnectException: Connection refused
	at java.base/sun.nio.ch.SocketChannelImpl.checkConnect(Native Method)
	at java.base/sun.nio.ch.SocketChannelImpl.finishConnect(SocketChannelImpl.java:777)
	at org.apache.ratis.thirdparty.io.netty.channel.socket.nio.NioSocketChannel.doFinishConnect(NioSocketChannel.java:337)
	at org.apache.ratis.thirdparty.io.netty.channel.nio.AbstractNioChannel$AbstractNioUnsafe.finishConnect(AbstractNioChannel.java:334)
	at org.apache.ratis.thirdparty.io.netty.channel.nio.NioEventLoop.processSelectedKey(NioEventLoop.java:776)
	at org.apache.ratis.thirdparty.io.netty.channel.nio.NioEventLoop.processSelectedKeysOptimized(NioEventLoop.java:724)
	at org.apache.ratis.thirdparty.io.netty.channel.nio.NioEventLoop.processSelectedKeys(NioEventLoop.java:650)
	at org.apache.ratis.thirdparty.io.netty.channel.nio.NioEventLoop.run(NioEventLoop.java:562)
	at org.apache.ratis.thirdparty.io.netty.util.concurrent.SingleThreadEventExecutor$4.run(SingleThreadEventExecutor.java:997)
	at org.apache.ratis.thirdparty.io.netty.util.internal.ThreadExecutorMap$2.run(ThreadExecutorMap.java:74)
	at java.base/java.lang.Thread.run(Thread.java:829)
2023-03-28 15:13:13,799 [Thread-672] WARN  util.PeerProxyMap (PeerProxyMap.java:closeProxy(179)) - s0-NettyServerStreamRpc: Failed to close proxy for peer s2|rpc:localhost:41369|admin:localhost:42041|client:localhost:44529|dataStream:localhost:43715|priority:0|startupRole:FOLLOWER, proxy class: class org.apache.ratis.client.impl.DataStreamClientImpl
org.apache.ratis.thirdparty.io.netty.channel.AbstractChannel$AnnotatedConnectException: Connection refused: localhost/127.0.0.1:43715
Caused by: java.net.ConnectException: Connection refused
	at java.base/sun.nio.ch.SocketChannelImpl.checkConnect(Native Method)
	at java.base/sun.nio.ch.SocketChannelImpl.finishConnect(SocketChannelImpl.java:777)
	at org.apache.ratis.thirdparty.io.netty.channel.socket.nio.NioSocketChannel.doFinishConnect(NioSocketChannel.java:337)
	at org.apache.ratis.thirdparty.io.netty.channel.nio.AbstractNioChannel$AbstractNioUnsafe.finishConnect(AbstractNioChannel.java:334)
	at org.apache.ratis.thirdparty.io.netty.channel.nio.NioEventLoop.processSelectedKey(NioEventLoop.java:776)
	at org.apache.ratis.thirdparty.io.netty.channel.nio.NioEventLoop.processSelectedKeysOptimized(NioEventLoop.java:724)
	at org.apache.ratis.thirdparty.io.netty.channel.nio.NioEventLoop.processSelectedKeys(NioEventLoop.java:650)
	at org.apache.ratis.thirdparty.io.netty.channel.nio.NioEventLoop.run(NioEventLoop.java:562)
	at org.apache.ratis.thirdparty.io.netty.util.concurrent.SingleThreadEventExecutor$4.run(SingleThreadEventExecutor.java:997)
	at org.apache.ratis.thirdparty.io.netty.util.internal.ThreadExecutorMap$2.run(ThreadExecutorMap.java:74)
	at java.base/java.lang.Thread.run(Thread.java:829)
2023-03-28 15:13:13,815 [Thread-663] WARN  util.PeerProxyMap (PeerProxyMap.java:closeProxy(179)) - s1-NettyServerStreamRpc: Failed to close proxy for peer s0|rpc:localhost:34691|admin:localhost:42501|client:localhost:42695|dataStream:localhost:41129|priority:0|startupRole:FOLLOWER, proxy class: class org.apache.ratis.client.impl.DataStreamClientImpl
org.apache.ratis.thirdparty.io.netty.channel.AbstractChannel$AnnotatedConnectException: Connection refused: localhost/127.0.0.1:41129
Caused by: java.net.ConnectException: Connection refused
	at java.base/sun.nio.ch.SocketChannelImpl.checkConnect(Native Method)
	at java.base/sun.nio.ch.SocketChannelImpl.finishConnect(SocketChannelImpl.java:777)
	at org.apache.ratis.thirdparty.io.netty.channel.socket.nio.NioSocketChannel.doFinishConnect(NioSocketChannel.java:337)
	at org.apache.ratis.thirdparty.io.netty.channel.nio.AbstractNioChannel$AbstractNioUnsafe.finishConnect(AbstractNioChannel.java:334)
	at org.apache.ratis.thirdparty.io.netty.channel.nio.NioEventLoop.processSelectedKey(NioEventLoop.java:776)
	at org.apache.ratis.thirdparty.io.netty.channel.nio.NioEventLoop.processSelectedKeysOptimized(NioEventLoop.java:724)
	at org.apache.ratis.thirdparty.io.netty.channel.nio.NioEventLoop.processSelectedKeys(NioEventLoop.java:650)
	at org.apache.ratis.thirdparty.io.netty.channel.nio.NioEventLoop.run(NioEventLoop.java:562)
	at org.apache.ratis.thirdparty.io.netty.util.concurrent.SingleThreadEventExecutor$4.run(SingleThreadEventExecutor.java:997)
	at org.apache.ratis.thirdparty.io.netty.util.internal.ThreadExecutorMap$2.run(ThreadExecutorMap.java:74)
	at java.base/java.lang.Thread.run(Thread.java:829)
2023-03-28 15:13:13,863 [Thread-674] WARN  util.PeerProxyMap (PeerProxyMap.java:closeProxy(179)) - s1-NettyServerStreamRpc: Failed to close proxy for peer s2|rpc:localhost:41369|admin:localhost:42041|client:localhost:44529|dataStream:localhost:43715|priority:0|startupRole:FOLLOWER, proxy class: class org.apache.ratis.client.impl.DataStreamClientImpl
org.apache.ratis.thirdparty.io.netty.channel.AbstractChannel$AnnotatedConnectException: Connection refused: localhost/127.0.0.1:43715
Caused by: java.net.ConnectException: Connection refused
	at java.base/sun.nio.ch.SocketChannelImpl.checkConnect(Native Method)
	at java.base/sun.nio.ch.SocketChannelImpl.finishConnect(SocketChannelImpl.java:777)
	at org.apache.ratis.thirdparty.io.netty.channel.socket.nio.NioSocketChannel.doFinishConnect(NioSocketChannel.java:337)
	at org.apache.ratis.thirdparty.io.netty.channel.nio.AbstractNioChannel$AbstractNioUnsafe.finishConnect(AbstractNioChannel.java:334)
	at org.apache.ratis.thirdparty.io.netty.channel.nio.NioEventLoop.processSelectedKey(NioEventLoop.java:776)
	at org.apache.ratis.thirdparty.io.netty.channel.nio.NioEventLoop.processSelectedKeysOptimized(NioEventLoop.java:724)
	at org.apache.ratis.thirdparty.io.netty.channel.nio.NioEventLoop.processSelectedKeys(NioEventLoop.java:650)
	at org.apache.ratis.thirdparty.io.netty.channel.nio.NioEventLoop.run(NioEventLoop.java:562)
	at org.apache.ratis.thirdparty.io.netty.util.concurrent.SingleThreadEventExecutor$4.run(SingleThreadEventExecutor.java:997)
	at org.apache.ratis.thirdparty.io.netty.util.internal.ThreadExecutorMap$2.run(ThreadExecutorMap.java:74)
	at java.base/java.lang.Thread.run(Thread.java:829)
2023-03-28 15:13:13,866 [Thread-673] WARN  util.PeerProxyMap (PeerProxyMap.java:closeProxy(179)) - s0-NettyServerStreamRpc: Failed to close proxy for peer s1|rpc:localhost:45465|admin:localhost:46709|client:localhost:37549|dataStream:localhost:44863|priority:0|startupRole:FOLLOWER, proxy class: class org.apache.ratis.client.impl.DataStreamClientImpl
org.apache.ratis.thirdparty.io.netty.channel.AbstractChannel$AnnotatedConnectException: Connection refused: localhost/127.0.0.1:44863
Caused by: java.net.ConnectException: Connection refused
	at java.base/sun.nio.ch.SocketChannelImpl.checkConnect(Native Method)
	at java.base/sun.nio.ch.SocketChannelImpl.finishConnect(SocketChannelImpl.java:777)
	at org.apache.ratis.thirdparty.io.netty.channel.socket.nio.NioSocketChannel.doFinishConnect(NioSocketChannel.java:337)
	at org.apache.ratis.thirdparty.io.netty.channel.nio.AbstractNioChannel$AbstractNioUnsafe.finishConnect(AbstractNioChannel.java:334)
	at org.apache.ratis.thirdparty.io.netty.channel.nio.NioEventLoop.processSelectedKey(NioEventLoop.java:776)
	at org.apache.ratis.thirdparty.io.netty.channel.nio.NioEventLoop.processSelectedKeysOptimized(NioEventLoop.java:724)
	at org.apache.ratis.thirdparty.io.netty.channel.nio.NioEventLoop.processSelectedKeys(NioEventLoop.java:650)
	at org.apache.ratis.thirdparty.io.netty.channel.nio.NioEventLoop.run(NioEventLoop.java:562)
	at org.apache.ratis.thirdparty.io.netty.util.concurrent.SingleThreadEventExecutor$4.run(SingleThreadEventExecutor.java:997)
	at org.apache.ratis.thirdparty.io.netty.util.internal.ThreadExecutorMap$2.run(ThreadExecutorMap.java:74)
	at java.base/java.lang.Thread.run(Thread.java:829)
2023-03-28 15:13:13,869 [Thread-676] WARN  util.PeerProxyMap (PeerProxyMap.java:closeProxy(179)) - s0-NettyServerStreamRpc: Failed to close proxy for peer s2|rpc:localhost:41369|admin:localhost:42041|client:localhost:44529|dataStream:localhost:43715|priority:0|startupRole:FOLLOWER, proxy class: class org.apache.ratis.client.impl.DataStreamClientImpl
org.apache.ratis.thirdparty.io.netty.channel.AbstractChannel$AnnotatedConnectException: Connection refused: localhost/127.0.0.1:43715
Caused by: java.net.ConnectException: Connection refused
	at java.base/sun.nio.ch.SocketChannelImpl.checkConnect(Native Method)
	at java.base/sun.nio.ch.SocketChannelImpl.finishConnect(SocketChannelImpl.java:777)
	at org.apache.ratis.thirdparty.io.netty.channel.socket.nio.NioSocketChannel.doFinishConnect(NioSocketChannel.java:337)
	at org.apache.ratis.thirdparty.io.netty.channel.nio.AbstractNioChannel$AbstractNioUnsafe.finishConnect(AbstractNioChannel.java:334)
	at org.apache.ratis.thirdparty.io.netty.channel.nio.NioEventLoop.processSelectedKey(NioEventLoop.java:776)
	at org.apache.ratis.thirdparty.io.netty.channel.nio.NioEventLoop.processSelectedKeysOptimized(NioEventLoop.java:724)
	at org.apache.ratis.thirdparty.io.netty.channel.nio.NioEventLoop.processSelectedKeys(NioEventLoop.java:650)
	at org.apache.ratis.thirdparty.io.netty.channel.nio.NioEventLoop.run(NioEventLoop.java:562)
	at org.apache.ratis.thirdparty.io.netty.util.concurrent.SingleThreadEventExecutor$4.run(SingleThreadEventExecutor.java:997)
	at org.apache.ratis.thirdparty.io.netty.util.internal.ThreadExecutorMap$2.run(ThreadExecutorMap.java:74)
	at java.base/java.lang.Thread.run(Thread.java:829)
2023-03-28 15:13:13,874 [Thread-671] WARN  util.PeerProxyMap (PeerProxyMap.java:closeProxy(179)) - s2-NettyServerStreamRpc: Failed to close proxy for peer s0|rpc:localhost:34691|admin:localhost:42501|client:localhost:42695|dataStream:localhost:41129|priority:0|startupRole:FOLLOWER, proxy class: class org.apache.ratis.client.impl.DataStreamClientImpl
org.apache.ratis.thirdparty.io.netty.channel.AbstractChannel$AnnotatedConnectException: Connection refused: localhost/127.0.0.1:41129
Caused by: java.net.ConnectException: Connection refused
	at java.base/sun.nio.ch.SocketChannelImpl.checkConnect(Native Method)
	at java.base/sun.nio.ch.SocketChannelImpl.finishConnect(SocketChannelImpl.java:777)
	at org.apache.ratis.thirdparty.io.netty.channel.socket.nio.NioSocketChannel.doFinishConnect(NioSocketChannel.java:337)
	at org.apache.ratis.thirdparty.io.netty.channel.nio.AbstractNioChannel$AbstractNioUnsafe.finishConnect(AbstractNioChannel.java:334)
	at org.apache.ratis.thirdparty.io.netty.channel.nio.NioEventLoop.processSelectedKey(NioEventLoop.java:776)
	at org.apache.ratis.thirdparty.io.netty.channel.nio.NioEventLoop.processSelectedKeysOptimized(NioEventLoop.java:724)
	at org.apache.ratis.thirdparty.io.netty.channel.nio.NioEventLoop.processSelectedKeys(NioEventLoop.java:650)
	at org.apache.ratis.thirdparty.io.netty.channel.nio.NioEventLoop.run(NioEventLoop.java:562)
	at org.apache.ratis.thirdparty.io.netty.util.concurrent.SingleThreadEventExecutor$4.run(SingleThreadEventExecutor.java:997)
	at org.apache.ratis.thirdparty.io.netty.util.internal.ThreadExecutorMap$2.run(ThreadExecutorMap.java:74)
	at java.base/java.lang.Thread.run(Thread.java:829)
2023-03-28 15:13:13,876 [Thread-678] WARN  util.PeerProxyMap (PeerProxyMap.java:closeProxy(179)) - s2-NettyServerStreamRpc: Failed to close proxy for peer s1|rpc:localhost:45465|admin:localhost:46709|client:localhost:37549|dataStream:localhost:44863|priority:0|startupRole:FOLLOWER, proxy class: class org.apache.ratis.client.impl.DataStreamClientImpl
org.apache.ratis.thirdparty.io.netty.channel.AbstractChannel$AnnotatedConnectException: Connection refused: localhost/127.0.0.1:44863
Caused by: java.net.ConnectException: Connection refused
	at java.base/sun.nio.ch.SocketChannelImpl.checkConnect(Native Method)
	at java.base/sun.nio.ch.SocketChannelImpl.finishConnect(SocketChannelImpl.java:777)
	at org.apache.ratis.thirdparty.io.netty.channel.socket.nio.NioSocketChannel.doFinishConnect(NioSocketChannel.java:337)
	at org.apache.ratis.thirdparty.io.netty.channel.nio.AbstractNioChannel$AbstractNioUnsafe.finishConnect(AbstractNioChannel.java:334)
	at org.apache.ratis.thirdparty.io.netty.channel.nio.NioEventLoop.processSelectedKey(NioEventLoop.java:776)
	at org.apache.ratis.thirdparty.io.netty.channel.nio.NioEventLoop.processSelectedKeysOptimized(NioEventLoop.java:724)
	at org.apache.ratis.thirdparty.io.netty.channel.nio.NioEventLoop.processSelectedKeys(NioEventLoop.java:650)
	at org.apache.ratis.thirdparty.io.netty.channel.nio.NioEventLoop.run(NioEventLoop.java:562)
	at org.apache.ratis.thirdparty.io.netty.util.concurrent.SingleThreadEventExecutor$4.run(SingleThreadEventExecutor.java:997)
	at org.apache.ratis.thirdparty.io.netty.util.internal.ThreadExecutorMap$2.run(ThreadExecutorMap.java:74)
	at java.base/java.lang.Thread.run(Thread.java:829)
2023-03-28 15:13:13,879 [Thread-677] WARN  util.PeerProxyMap (PeerProxyMap.java:closeProxy(179)) - s0-NettyServerStreamRpc: Failed to close proxy for peer s1|rpc:localhost:45465|admin:localhost:46709|client:localhost:37549|dataStream:localhost:44863|priority:0|startupRole:FOLLOWER, proxy class: class org.apache.ratis.client.impl.DataStreamClientImpl
org.apache.ratis.thirdparty.io.netty.channel.AbstractChannel$AnnotatedConnectException: Connection refused: localhost/127.0.0.1:44863
Caused by: java.net.ConnectException: Connection refused
	at java.base/sun.nio.ch.SocketChannelImpl.checkConnect(Native Method)
	at java.base/sun.nio.ch.SocketChannelImpl.finishConnect(SocketChannelImpl.java:777)
	at org.apache.ratis.thirdparty.io.netty.channel.socket.nio.NioSocketChannel.doFinishConnect(NioSocketChannel.java:337)
	at org.apache.ratis.thirdparty.io.netty.channel.nio.AbstractNioChannel$AbstractNioUnsafe.finishConnect(AbstractNioChannel.java:334)
	at org.apache.ratis.thirdparty.io.netty.channel.nio.NioEventLoop.processSelectedKey(NioEventLoop.java:776)
	at org.apache.ratis.thirdparty.io.netty.channel.nio.NioEventLoop.processSelectedKeysOptimized(NioEventLoop.java:724)
	at org.apache.ratis.thirdparty.io.netty.channel.nio.NioEventLoop.processSelectedKeys(NioEventLoop.java:650)
	at org.apache.ratis.thirdparty.io.netty.channel.nio.NioEventLoop.run(NioEventLoop.java:562)
	at org.apache.ratis.thirdparty.io.netty.util.concurrent.SingleThreadEventExecutor$4.run(SingleThreadEventExecutor.java:997)
	at org.apache.ratis.thirdparty.io.netty.util.internal.ThreadExecutorMap$2.run(ThreadExecutorMap.java:74)
	at java.base/java.lang.Thread.run(Thread.java:829)
2023-03-28 15:13:13,883 [Thread-680] WARN  util.PeerProxyMap (PeerProxyMap.java:closeProxy(179)) - s0-NettyServerStreamRpc: Failed to close proxy for peer s2|rpc:localhost:41369|admin:localhost:42041|client:localhost:44529|dataStream:localhost:43715|priority:0|startupRole:FOLLOWER, proxy class: class org.apache.ratis.client.impl.DataStreamClientImpl
org.apache.ratis.thirdparty.io.netty.channel.AbstractChannel$AnnotatedConnectException: Connection refused: localhost/127.0.0.1:43715
Caused by: java.net.ConnectException: Connection refused
	at java.base/sun.nio.ch.SocketChannelImpl.checkConnect(Native Method)
	at java.base/sun.nio.ch.SocketChannelImpl.finishConnect(SocketChannelImpl.java:777)
	at org.apache.ratis.thirdparty.io.netty.channel.socket.nio.NioSocketChannel.doFinishConnect(NioSocketChannel.java:337)
	at org.apache.ratis.thirdparty.io.netty.channel.nio.AbstractNioChannel$AbstractNioUnsafe.finishConnect(AbstractNioChannel.java:334)
	at org.apache.ratis.thirdparty.io.netty.channel.nio.NioEventLoop.processSelectedKey(NioEventLoop.java:776)
	at org.apache.ratis.thirdparty.io.netty.channel.nio.NioEventLoop.processSelectedKeysOptimized(NioEventLoop.java:724)
	at org.apache.ratis.thirdparty.io.netty.channel.nio.NioEventLoop.processSelectedKeys(NioEventLoop.java:650)
	at org.apache.ratis.thirdparty.io.netty.channel.nio.NioEventLoop.run(NioEventLoop.java:562)
	at org.apache.ratis.thirdparty.io.netty.util.concurrent.SingleThreadEventExecutor$4.run(SingleThreadEventExecutor.java:997)
	at org.apache.ratis.thirdparty.io.netty.util.internal.ThreadExecutorMap$2.run(ThreadExecutorMap.java:74)
	at java.base/java.lang.Thread.run(Thread.java:829)
2023-03-28 15:13:13,883 [Thread-675] WARN  util.PeerProxyMap (PeerProxyMap.java:closeProxy(179)) - s1-NettyServerStreamRpc: Failed to close proxy for peer s0|rpc:localhost:34691|admin:localhost:42501|client:localhost:42695|dataStream:localhost:41129|priority:0|startupRole:FOLLOWER, proxy class: class org.apache.ratis.client.impl.DataStreamClientImpl
org.apache.ratis.thirdparty.io.netty.channel.AbstractChannel$AnnotatedConnectException: Connection refused: localhost/127.0.0.1:41129
Caused by: java.net.ConnectException: Connection refused
	at java.base/sun.nio.ch.SocketChannelImpl.checkConnect(Native Method)
	at java.base/sun.nio.ch.SocketChannelImpl.finishConnect(SocketChannelImpl.java:777)
	at org.apache.ratis.thirdparty.io.netty.channel.socket.nio.NioSocketChannel.doFinishConnect(NioSocketChannel.java:337)
	at org.apache.ratis.thirdparty.io.netty.channel.nio.AbstractNioChannel$AbstractNioUnsafe.finishConnect(AbstractNioChannel.java:334)
	at org.apache.ratis.thirdparty.io.netty.channel.nio.NioEventLoop.processSelectedKey(NioEventLoop.java:776)
	at org.apache.ratis.thirdparty.io.netty.channel.nio.NioEventLoop.processSelectedKeysOptimized(NioEventLoop.java:724)
	at org.apache.ratis.thirdparty.io.netty.channel.nio.NioEventLoop.processSelectedKeys(NioEventLoop.java:650)
	at org.apache.ratis.thirdparty.io.netty.channel.nio.NioEventLoop.run(NioEventLoop.java:562)
	at org.apache.ratis.thirdparty.io.netty.util.concurrent.SingleThreadEventExecutor$4.run(SingleThreadEventExecutor.java:997)
	at org.apache.ratis.thirdparty.io.netty.util.internal.ThreadExecutorMap$2.run(ThreadExecutorMap.java:74)
	at java.base/java.lang.Thread.run(Thread.java:829)
2023-03-28 15:13:13,894 [Thread-682] WARN  util.PeerProxyMap (PeerProxyMap.java:closeProxy(179)) - s0-NettyServerStreamRpc: Failed to close proxy for peer s1|rpc:localhost:45465|admin:localhost:46709|client:localhost:37549|dataStream:localhost:44863|priority:0|startupRole:FOLLOWER, proxy class: class org.apache.ratis.client.impl.DataStreamClientImpl
org.apache.ratis.thirdparty.io.netty.channel.AbstractChannel$AnnotatedConnectException: Connection refused: localhost/127.0.0.1:44863
Caused by: java.net.ConnectException: Connection refused
	at java.base/sun.nio.ch.SocketChannelImpl.checkConnect(Native Method)
	at java.base/sun.nio.ch.SocketChannelImpl.finishConnect(SocketChannelImpl.java:777)
	at org.apache.ratis.thirdparty.io.netty.channel.socket.nio.NioSocketChannel.doFinishConnect(NioSocketChannel.java:337)
	at org.apache.ratis.thirdparty.io.netty.channel.nio.AbstractNioChannel$AbstractNioUnsafe.finishConnect(AbstractNioChannel.java:334)
	at org.apache.ratis.thirdparty.io.netty.channel.nio.NioEventLoop.processSelectedKey(NioEventLoop.java:776)
	at org.apache.ratis.thirdparty.io.netty.channel.nio.NioEventLoop.processSelectedKeysOptimized(NioEventLoop.java:724)
	at org.apache.ratis.thirdparty.io.netty.channel.nio.NioEventLoop.processSelectedKeys(NioEventLoop.java:650)
	at org.apache.ratis.thirdparty.io.netty.channel.nio.NioEventLoop.run(NioEventLoop.java:562)
	at org.apache.ratis.thirdparty.io.netty.util.concurrent.SingleThreadEventExecutor$4.run(SingleThreadEventExecutor.java:997)
	at org.apache.ratis.thirdparty.io.netty.util.internal.ThreadExecutorMap$2.run(ThreadExecutorMap.java:74)
	at java.base/java.lang.Thread.run(Thread.java:829)
2023-03-28 15:13:13,894 [Thread-683] WARN  util.PeerProxyMap (PeerProxyMap.java:closeProxy(179)) - s0-NettyServerStreamRpc: Failed to close proxy for peer s2|rpc:localhost:41369|admin:localhost:42041|client:localhost:44529|dataStream:localhost:43715|priority:0|startupRole:FOLLOWER, proxy class: class org.apache.ratis.client.impl.DataStreamClientImpl
org.apache.ratis.thirdparty.io.netty.channel.AbstractChannel$AnnotatedConnectException: Connection refused: localhost/127.0.0.1:43715
Caused by: java.net.ConnectException: Connection refused
	at java.base/sun.nio.ch.SocketChannelImpl.checkConnect(Native Method)
	at java.base/sun.nio.ch.SocketChannelImpl.finishConnect(SocketChannelImpl.java:777)
	at org.apache.ratis.thirdparty.io.netty.channel.socket.nio.NioSocketChannel.doFinishConnect(NioSocketChannel.java:337)
	at org.apache.ratis.thirdparty.io.netty.channel.nio.AbstractNioChannel$AbstractNioUnsafe.finishConnect(AbstractNioChannel.java:334)
	at org.apache.ratis.thirdparty.io.netty.channel.nio.NioEventLoop.processSelectedKey(NioEventLoop.java:776)
	at org.apache.ratis.thirdparty.io.netty.channel.nio.NioEventLoop.processSelectedKeysOptimized(NioEventLoop.java:724)
	at org.apache.ratis.thirdparty.io.netty.channel.nio.NioEventLoop.processSelectedKeys(NioEventLoop.java:650)
	at org.apache.ratis.thirdparty.io.netty.channel.nio.NioEventLoop.run(NioEventLoop.java:562)
	at org.apache.ratis.thirdparty.io.netty.util.concurrent.SingleThreadEventExecutor$4.run(SingleThreadEventExecutor.java:997)
	at org.apache.ratis.thirdparty.io.netty.util.internal.ThreadExecutorMap$2.run(ThreadExecutorMap.java:74)
	at java.base/java.lang.Thread.run(Thread.java:829)
2023-03-28 15:13:13,897 [Thread-679] WARN  util.PeerProxyMap (PeerProxyMap.java:closeProxy(179)) - s2-NettyServerStreamRpc: Failed to close proxy for peer s0|rpc:localhost:34691|admin:localhost:42501|client:localhost:42695|dataStream:localhost:41129|priority:0|startupRole:FOLLOWER, proxy class: class org.apache.ratis.client.impl.DataStreamClientImpl
org.apache.ratis.thirdparty.io.netty.channel.AbstractChannel$AnnotatedConnectException: Connection refused: localhost/127.0.0.1:41129
Caused by: java.net.ConnectException: Connection refused
	at java.base/sun.nio.ch.SocketChannelImpl.checkConnect(Native Method)
	at java.base/sun.nio.ch.SocketChannelImpl.finishConnect(SocketChannelImpl.java:777)
	at org.apache.ratis.thirdparty.io.netty.channel.socket.nio.NioSocketChannel.doFinishConnect(NioSocketChannel.java:337)
	at org.apache.ratis.thirdparty.io.netty.channel.nio.AbstractNioChannel$AbstractNioUnsafe.finishConnect(AbstractNioChannel.java:334)
	at org.apache.ratis.thirdparty.io.netty.channel.nio.NioEventLoop.processSelectedKey(NioEventLoop.java:776)
	at org.apache.ratis.thirdparty.io.netty.channel.nio.NioEventLoop.processSelectedKeysOptimized(NioEventLoop.java:724)
	at org.apache.ratis.thirdparty.io.netty.channel.nio.NioEventLoop.processSelectedKeys(NioEventLoop.java:650)
	at org.apache.ratis.thirdparty.io.netty.channel.nio.NioEventLoop.run(NioEventLoop.java:562)
	at org.apache.ratis.thirdparty.io.netty.util.concurrent.SingleThreadEventExecutor$4.run(SingleThreadEventExecutor.java:997)
	at org.apache.ratis.thirdparty.io.netty.util.internal.ThreadExecutorMap$2.run(ThreadExecutorMap.java:74)
	at java.base/java.lang.Thread.run(Thread.java:829)
2023-03-28 15:13:13,900 [Thread-685] WARN  util.PeerProxyMap (PeerProxyMap.java:closeProxy(179)) - s2-NettyServerStreamRpc: Failed to close proxy for peer s1|rpc:localhost:45465|admin:localhost:46709|client:localhost:37549|dataStream:localhost:44863|priority:0|startupRole:FOLLOWER, proxy class: class org.apache.ratis.client.impl.DataStreamClientImpl
org.apache.ratis.thirdparty.io.netty.channel.AbstractChannel$AnnotatedConnectException: Connection refused: localhost/127.0.0.1:44863
Caused by: java.net.ConnectException: Connection refused
	at java.base/sun.nio.ch.SocketChannelImpl.checkConnect(Native Method)
	at java.base/sun.nio.ch.SocketChannelImpl.finishConnect(SocketChannelImpl.java:777)
	at org.apache.ratis.thirdparty.io.netty.channel.socket.nio.NioSocketChannel.doFinishConnect(NioSocketChannel.java:337)
	at org.apache.ratis.thirdparty.io.netty.channel.nio.AbstractNioChannel$AbstractNioUnsafe.finishConnect(AbstractNioChannel.java:334)
	at org.apache.ratis.thirdparty.io.netty.channel.nio.NioEventLoop.processSelectedKey(NioEventLoop.java:776)
	at org.apache.ratis.thirdparty.io.netty.channel.nio.NioEventLoop.processSelectedKeysOptimized(NioEventLoop.java:724)
	at org.apache.ratis.thirdparty.io.netty.channel.nio.NioEventLoop.processSelectedKeys(NioEventLoop.java:650)
	at org.apache.ratis.thirdparty.io.netty.channel.nio.NioEventLoop.run(NioEventLoop.java:562)
	at org.apache.ratis.thirdparty.io.netty.util.concurrent.SingleThreadEventExecutor$4.run(SingleThreadEventExecutor.java:997)
	at org.apache.ratis.thirdparty.io.netty.util.internal.ThreadExecutorMap$2.run(ThreadExecutorMap.java:74)
	at java.base/java.lang.Thread.run(Thread.java:829)
2023-03-28 15:13:13,904 [Thread-684] WARN  util.PeerProxyMap (PeerProxyMap.java:closeProxy(179)) - s0-NettyServerStreamRpc: Failed to close proxy for peer s1|rpc:localhost:45465|admin:localhost:46709|client:localhost:37549|dataStream:localhost:44863|priority:0|startupRole:FOLLOWER, proxy class: class org.apache.ratis.client.impl.DataStreamClientImpl
org.apache.ratis.thirdparty.io.netty.channel.AbstractChannel$AnnotatedConnectException: Connection refused: localhost/127.0.0.1:44863
Caused by: java.net.ConnectException: Connection refused
	at java.base/sun.nio.ch.SocketChannelImpl.checkConnect(Native Method)
	at java.base/sun.nio.ch.SocketChannelImpl.finishConnect(SocketChannelImpl.java:777)
	at org.apache.ratis.thirdparty.io.netty.channel.socket.nio.NioSocketChannel.doFinishConnect(NioSocketChannel.java:337)
	at org.apache.ratis.thirdparty.io.netty.channel.nio.AbstractNioChannel$AbstractNioUnsafe.finishConnect(AbstractNioChannel.java:334)
	at org.apache.ratis.thirdparty.io.netty.channel.nio.NioEventLoop.processSelectedKey(NioEventLoop.java:776)
	at org.apache.ratis.thirdparty.io.netty.channel.nio.NioEventLoop.processSelectedKeysOptimized(NioEventLoop.java:724)
	at org.apache.ratis.thirdparty.io.netty.channel.nio.NioEventLoop.processSelectedKeys(NioEventLoop.java:650)
	at org.apache.ratis.thirdparty.io.netty.channel.nio.NioEventLoop.run(NioEventLoop.java:562)
	at org.apache.ratis.thirdparty.io.netty.util.concurrent.SingleThreadEventExecutor$4.run(SingleThreadEventExecutor.java:997)
	at org.apache.ratis.thirdparty.io.netty.util.internal.ThreadExecutorMap$2.run(ThreadExecutorMap.java:74)
	at java.base/java.lang.Thread.run(Thread.java:829)
2023-03-28 15:13:13,907 [Thread-681] WARN  util.PeerProxyMap (PeerProxyMap.java:closeProxy(179)) - s1-NettyServerStreamRpc: Failed to close proxy for peer s2|rpc:localhost:41369|admin:localhost:42041|client:localhost:44529|dataStream:localhost:43715|priority:0|startupRole:FOLLOWER, proxy class: class org.apache.ratis.client.impl.DataStreamClientImpl
org.apache.ratis.thirdparty.io.netty.channel.AbstractChannel$AnnotatedConnectException: Connection refused: localhost/127.0.0.1:43715
Caused by: java.net.ConnectException: Connection refused
	at java.base/sun.nio.ch.SocketChannelImpl.checkConnect(Native Method)
	at java.base/sun.nio.ch.SocketChannelImpl.finishConnect(SocketChannelImpl.java:777)
	at org.apache.ratis.thirdparty.io.netty.channel.socket.nio.NioSocketChannel.doFinishConnect(NioSocketChannel.java:337)
	at org.apache.ratis.thirdparty.io.netty.channel.nio.AbstractNioChannel$AbstractNioUnsafe.finishConnect(AbstractNioChannel.java:334)
	at org.apache.ratis.thirdparty.io.netty.channel.nio.NioEventLoop.processSelectedKey(NioEventLoop.java:776)
	at org.apache.ratis.thirdparty.io.netty.channel.nio.NioEventLoop.processSelectedKeysOptimized(NioEventLoop.java:724)
	at org.apache.ratis.thirdparty.io.netty.channel.nio.NioEventLoop.processSelectedKeys(NioEventLoop.java:650)
	at org.apache.ratis.thirdparty.io.netty.channel.nio.NioEventLoop.run(NioEventLoop.java:562)
	at org.apache.ratis.thirdparty.io.netty.util.concurrent.SingleThreadEventExecutor$4.run(SingleThreadEventExecutor.java:997)
	at org.apache.ratis.thirdparty.io.netty.util.internal.ThreadExecutorMap$2.run(ThreadExecutorMap.java:74)
	at java.base/java.lang.Thread.run(Thread.java:829)
2023-03-28 15:13:13,912 [Thread-686] WARN  util.PeerProxyMap (PeerProxyMap.java:closeProxy(179)) - s2-NettyServerStreamRpc: Failed to close proxy for peer s0|rpc:localhost:34691|admin:localhost:42501|client:localhost:42695|dataStream:localhost:41129|priority:0|startupRole:FOLLOWER, proxy class: class org.apache.ratis.client.impl.DataStreamClientImpl
org.apache.ratis.thirdparty.io.netty.channel.AbstractChannel$AnnotatedConnectException: Connection refused: localhost/127.0.0.1:41129
Caused by: java.net.ConnectException: Connection refused
	at java.base/sun.nio.ch.SocketChannelImpl.checkConnect(Native Method)
	at java.base/sun.nio.ch.SocketChannelImpl.finishConnect(SocketChannelImpl.java:777)
	at org.apache.ratis.thirdparty.io.netty.channel.socket.nio.NioSocketChannel.doFinishConnect(NioSocketChannel.java:337)
	at org.apache.ratis.thirdparty.io.netty.channel.nio.AbstractNioChannel$AbstractNioUnsafe.finishConnect(AbstractNioChannel.java:334)
	at org.apache.ratis.thirdparty.io.netty.channel.nio.NioEventLoop.processSelectedKey(NioEventLoop.java:776)
	at org.apache.ratis.thirdparty.io.netty.channel.nio.NioEventLoop.processSelectedKeysOptimized(NioEventLoop.java:724)
	at org.apache.ratis.thirdparty.io.netty.channel.nio.NioEventLoop.processSelectedKeys(NioEventLoop.java:650)
	at org.apache.ratis.thirdparty.io.netty.channel.nio.NioEventLoop.run(NioEventLoop.java:562)
	at org.apache.ratis.thirdparty.io.netty.util.concurrent.SingleThreadEventExecutor$4.run(SingleThreadEventExecutor.java:997)
	at org.apache.ratis.thirdparty.io.netty.util.internal.ThreadExecutorMap$2.run(ThreadExecutorMap.java:74)
	at java.base/java.lang.Thread.run(Thread.java:829)
2023-03-28 15:13:13,916 [Thread-689] WARN  util.PeerProxyMap (PeerProxyMap.java:closeProxy(179)) - s2-NettyServerStreamRpc: Failed to close proxy for peer s1|rpc:localhost:45465|admin:localhost:46709|client:localhost:37549|dataStream:localhost:44863|priority:0|startupRole:FOLLOWER, proxy class: class org.apache.ratis.client.impl.DataStreamClientImpl
org.apache.ratis.thirdparty.io.netty.channel.AbstractChannel$AnnotatedConnectException: Connection refused: localhost/127.0.0.1:44863
Caused by: java.net.ConnectException: Connection refused
	at java.base/sun.nio.ch.SocketChannelImpl.checkConnect(Native Method)
	at java.base/sun.nio.ch.SocketChannelImpl.finishConnect(SocketChannelImpl.java:777)
	at org.apache.ratis.thirdparty.io.netty.channel.socket.nio.NioSocketChannel.doFinishConnect(NioSocketChannel.java:337)
	at org.apache.ratis.thirdparty.io.netty.channel.nio.AbstractNioChannel$AbstractNioUnsafe.finishConnect(AbstractNioChannel.java:334)
	at org.apache.ratis.thirdparty.io.netty.channel.nio.NioEventLoop.processSelectedKey(NioEventLoop.java:776)
	at org.apache.ratis.thirdparty.io.netty.channel.nio.NioEventLoop.processSelectedKeysOptimized(NioEventLoop.java:724)
	at org.apache.ratis.thirdparty.io.netty.channel.nio.NioEventLoop.processSelectedKeys(NioEventLoop.java:650)
	at org.apache.ratis.thirdparty.io.netty.channel.nio.NioEventLoop.run(NioEventLoop.java:562)
	at org.apache.ratis.thirdparty.io.netty.util.concurrent.SingleThreadEventExecutor$4.run(SingleThreadEventExecutor.java:997)
	at org.apache.ratis.thirdparty.io.netty.util.internal.ThreadExecutorMap$2.run(ThreadExecutorMap.java:74)
	at java.base/java.lang.Thread.run(Thread.java:829)
2023-03-28 15:13:13,919 [Thread-688] WARN  util.PeerProxyMap (PeerProxyMap.java:closeProxy(179)) - s1-NettyServerStreamRpc: Failed to close proxy for peer s0|rpc:localhost:34691|admin:localhost:42501|client:localhost:42695|dataStream:localhost:41129|priority:0|startupRole:FOLLOWER, proxy class: class org.apache.ratis.client.impl.DataStreamClientImpl
org.apache.ratis.thirdparty.io.netty.channel.AbstractChannel$AnnotatedConnectException: Connection refused: localhost/127.0.0.1:41129
Caused by: java.net.ConnectException: Connection refused
	at java.base/sun.nio.ch.SocketChannelImpl.checkConnect(Native Method)
	at java.base/sun.nio.ch.SocketChannelImpl.finishConnect(SocketChannelImpl.java:777)
	at org.apache.ratis.thirdparty.io.netty.channel.socket.nio.NioSocketChannel.doFinishConnect(NioSocketChannel.java:337)
	at org.apache.ratis.thirdparty.io.netty.channel.nio.AbstractNioChannel$AbstractNioUnsafe.finishConnect(AbstractNioChannel.java:334)
	at org.apache.ratis.thirdparty.io.netty.channel.nio.NioEventLoop.processSelectedKey(NioEventLoop.java:776)
	at org.apache.ratis.thirdparty.io.netty.channel.nio.NioEventLoop.processSelectedKeysOptimized(NioEventLoop.java:724)
	at org.apache.ratis.thirdparty.io.netty.channel.nio.NioEventLoop.processSelectedKeys(NioEventLoop.java:650)
	at org.apache.ratis.thirdparty.io.netty.channel.nio.NioEventLoop.run(NioEventLoop.java:562)
	at org.apache.ratis.thirdparty.io.netty.util.concurrent.SingleThreadEventExecutor$4.run(SingleThreadEventExecutor.java:997)
	at org.apache.ratis.thirdparty.io.netty.util.internal.ThreadExecutorMap$2.run(ThreadExecutorMap.java:74)
	at java.base/java.lang.Thread.run(Thread.java:829)
2023-03-28 15:13:13,928 [Thread-687] WARN  util.PeerProxyMap (PeerProxyMap.java:closeProxy(179)) - s0-NettyServerStreamRpc: Failed to close proxy for peer s2|rpc:localhost:41369|admin:localhost:42041|client:localhost:44529|dataStream:localhost:43715|priority:0|startupRole:FOLLOWER, proxy class: class org.apache.ratis.client.impl.DataStreamClientImpl
org.apache.ratis.thirdparty.io.netty.channel.AbstractChannel$AnnotatedConnectException: Connection refused: localhost/127.0.0.1:43715
Caused by: java.net.ConnectException: Connection refused
	at java.base/sun.nio.ch.SocketChannelImpl.checkConnect(Native Method)
	at java.base/sun.nio.ch.SocketChannelImpl.finishConnect(SocketChannelImpl.java:777)
	at org.apache.ratis.thirdparty.io.netty.channel.socket.nio.NioSocketChannel.doFinishConnect(NioSocketChannel.java:337)
	at org.apache.ratis.thirdparty.io.netty.channel.nio.AbstractNioChannel$AbstractNioUnsafe.finishConnect(AbstractNioChannel.java:334)
	at org.apache.ratis.thirdparty.io.netty.channel.nio.NioEventLoop.processSelectedKey(NioEventLoop.java:776)
	at org.apache.ratis.thirdparty.io.netty.channel.nio.NioEventLoop.processSelectedKeysOptimized(NioEventLoop.java:724)
	at org.apache.ratis.thirdparty.io.netty.channel.nio.NioEventLoop.processSelectedKeys(NioEventLoop.java:650)
	at org.apache.ratis.thirdparty.io.netty.channel.nio.NioEventLoop.run(NioEventLoop.java:562)
	at org.apache.ratis.thirdparty.io.netty.util.concurrent.SingleThreadEventExecutor$4.run(SingleThreadEventExecutor.java:997)
	at org.apache.ratis.thirdparty.io.netty.util.internal.ThreadExecutorMap$2.run(ThreadExecutorMap.java:74)
	at java.base/java.lang.Thread.run(Thread.java:829)
2023-03-28 15:13:13,928 [Thread-691] WARN  util.PeerProxyMap (PeerProxyMap.java:closeProxy(179)) - s1-NettyServerStreamRpc: Failed to close proxy for peer s2|rpc:localhost:41369|admin:localhost:42041|client:localhost:44529|dataStream:localhost:43715|priority:0|startupRole:FOLLOWER, proxy class: class org.apache.ratis.client.impl.DataStreamClientImpl
org.apache.ratis.thirdparty.io.netty.channel.AbstractChannel$AnnotatedConnectException: Connection refused: localhost/127.0.0.1:43715
Caused by: java.net.ConnectException: Connection refused
	at java.base/sun.nio.ch.SocketChannelImpl.checkConnect(Native Method)
	at java.base/sun.nio.ch.SocketChannelImpl.finishConnect(SocketChannelImpl.java:777)
	at org.apache.ratis.thirdparty.io.netty.channel.socket.nio.NioSocketChannel.doFinishConnect(NioSocketChannel.java:337)
	at org.apache.ratis.thirdparty.io.netty.channel.nio.AbstractNioChannel$AbstractNioUnsafe.finishConnect(AbstractNioChannel.java:334)
	at org.apache.ratis.thirdparty.io.netty.channel.nio.NioEventLoop.processSelectedKey(NioEventLoop.java:776)
	at org.apache.ratis.thirdparty.io.netty.channel.nio.NioEventLoop.processSelectedKeysOptimized(NioEventLoop.java:724)
	at org.apache.ratis.thirdparty.io.netty.channel.nio.NioEventLoop.processSelectedKeys(NioEventLoop.java:650)
	at org.apache.ratis.thirdparty.io.netty.channel.nio.NioEventLoop.run(NioEventLoop.java:562)
	at org.apache.ratis.thirdparty.io.netty.util.concurrent.SingleThreadEventExecutor$4.run(SingleThreadEventExecutor.java:997)
	at org.apache.ratis.thirdparty.io.netty.util.internal.ThreadExecutorMap$2.run(ThreadExecutorMap.java:74)
	at java.base/java.lang.Thread.run(Thread.java:829)
2023-03-28 15:13:13,931 [Thread-692] WARN  util.PeerProxyMap (PeerProxyMap.java:closeProxy(179)) - s0-NettyServerStreamRpc: Failed to close proxy for peer s1|rpc:localhost:45465|admin:localhost:46709|client:localhost:37549|dataStream:localhost:44863|priority:0|startupRole:FOLLOWER, proxy class: class org.apache.ratis.client.impl.DataStreamClientImpl
org.apache.ratis.thirdparty.io.netty.channel.AbstractChannel$AnnotatedConnectException: Connection refused: localhost/127.0.0.1:44863
Caused by: java.net.ConnectException: Connection refused
	at java.base/sun.nio.ch.SocketChannelImpl.checkConnect(Native Method)
	at java.base/sun.nio.ch.SocketChannelImpl.finishConnect(SocketChannelImpl.java:777)
	at org.apache.ratis.thirdparty.io.netty.channel.socket.nio.NioSocketChannel.doFinishConnect(NioSocketChannel.java:337)
	at org.apache.ratis.thirdparty.io.netty.channel.nio.AbstractNioChannel$AbstractNioUnsafe.finishConnect(AbstractNioChannel.java:334)
	at org.apache.ratis.thirdparty.io.netty.channel.nio.NioEventLoop.processSelectedKey(NioEventLoop.java:776)
	at org.apache.ratis.thirdparty.io.netty.channel.nio.NioEventLoop.processSelectedKeysOptimized(NioEventLoop.java:724)
	at org.apache.ratis.thirdparty.io.netty.channel.nio.NioEventLoop.processSelectedKeys(NioEventLoop.java:650)
	at org.apache.ratis.thirdparty.io.netty.channel.nio.NioEventLoop.run(NioEventLoop.java:562)
	at org.apache.ratis.thirdparty.io.netty.util.concurrent.SingleThreadEventExecutor$4.run(SingleThreadEventExecutor.java:997)
	at org.apache.ratis.thirdparty.io.netty.util.internal.ThreadExecutorMap$2.run(ThreadExecutorMap.java:74)
	at java.base/java.lang.Thread.run(Thread.java:829)
2023-03-28 15:13:13,934 [Thread-694] WARN  util.PeerProxyMap (PeerProxyMap.java:closeProxy(179)) - s0-NettyServerStreamRpc: Failed to close proxy for peer s2|rpc:localhost:41369|admin:localhost:42041|client:localhost:44529|dataStream:localhost:43715|priority:0|startupRole:FOLLOWER, proxy class: class org.apache.ratis.client.impl.DataStreamClientImpl
org.apache.ratis.thirdparty.io.netty.channel.AbstractChannel$AnnotatedConnectException: Connection refused: localhost/127.0.0.1:43715
Caused by: java.net.ConnectException: Connection refused
	at java.base/sun.nio.ch.SocketChannelImpl.checkConnect(Native Method)
	at java.base/sun.nio.ch.SocketChannelImpl.finishConnect(SocketChannelImpl.java:777)
	at org.apache.ratis.thirdparty.io.netty.channel.socket.nio.NioSocketChannel.doFinishConnect(NioSocketChannel.java:337)
	at org.apache.ratis.thirdparty.io.netty.channel.nio.AbstractNioChannel$AbstractNioUnsafe.finishConnect(AbstractNioChannel.java:334)
	at org.apache.ratis.thirdparty.io.netty.channel.nio.NioEventLoop.processSelectedKey(NioEventLoop.java:776)
	at org.apache.ratis.thirdparty.io.netty.channel.nio.NioEventLoop.processSelectedKeysOptimized(NioEventLoop.java:724)
	at org.apache.ratis.thirdparty.io.netty.channel.nio.NioEventLoop.processSelectedKeys(NioEventLoop.java:650)
	at org.apache.ratis.thirdparty.io.netty.channel.nio.NioEventLoop.run(NioEventLoop.java:562)
	at org.apache.ratis.thirdparty.io.netty.util.concurrent.SingleThreadEventExecutor$4.run(SingleThreadEventExecutor.java:997)
	at org.apache.ratis.thirdparty.io.netty.util.internal.ThreadExecutorMap$2.run(ThreadExecutorMap.java:74)
	at java.base/java.lang.Thread.run(Thread.java:829)
2023-03-28 15:13:13,938 [Thread-693] WARN  util.PeerProxyMap (PeerProxyMap.java:closeProxy(179)) - s1-NettyServerStreamRpc: Failed to close proxy for peer s0|rpc:localhost:34691|admin:localhost:42501|client:localhost:42695|dataStream:localhost:41129|priority:0|startupRole:FOLLOWER, proxy class: class org.apache.ratis.client.impl.DataStreamClientImpl
org.apache.ratis.thirdparty.io.netty.channel.AbstractChannel$AnnotatedConnectException: Connection refused: localhost/127.0.0.1:41129
Caused by: java.net.ConnectException: Connection refused
	at java.base/sun.nio.ch.SocketChannelImpl.checkConnect(Native Method)
	at java.base/sun.nio.ch.SocketChannelImpl.finishConnect(SocketChannelImpl.java:777)
	at org.apache.ratis.thirdparty.io.netty.channel.socket.nio.NioSocketChannel.doFinishConnect(NioSocketChannel.java:337)
	at org.apache.ratis.thirdparty.io.netty.channel.nio.AbstractNioChannel$AbstractNioUnsafe.finishConnect(AbstractNioChannel.java:334)
	at org.apache.ratis.thirdparty.io.netty.channel.nio.NioEventLoop.processSelectedKey(NioEventLoop.java:776)
	at org.apache.ratis.thirdparty.io.netty.channel.nio.NioEventLoop.processSelectedKeysOptimized(NioEventLoop.java:724)
	at org.apache.ratis.thirdparty.io.netty.channel.nio.NioEventLoop.processSelectedKeys(NioEventLoop.java:650)
	at org.apache.ratis.thirdparty.io.netty.channel.nio.NioEventLoop.run(NioEventLoop.java:562)
	at org.apache.ratis.thirdparty.io.netty.util.concurrent.SingleThreadEventExecutor$4.run(SingleThreadEventExecutor.java:997)
	at org.apache.ratis.thirdparty.io.netty.util.internal.ThreadExecutorMap$2.run(ThreadExecutorMap.java:74)
	at java.base/java.lang.Thread.run(Thread.java:829)
2023-03-28 15:13:13,942 [Thread-690] WARN  util.PeerProxyMap (PeerProxyMap.java:closeProxy(179)) - s2-NettyServerStreamRpc: Failed to close proxy for peer s0|rpc:localhost:34691|admin:localhost:42501|client:localhost:42695|dataStream:localhost:41129|priority:0|startupRole:FOLLOWER, proxy class: class org.apache.ratis.client.impl.DataStreamClientImpl
org.apache.ratis.thirdparty.io.netty.channel.AbstractChannel$AnnotatedConnectException: Connection refused: localhost/127.0.0.1:41129
Caused by: java.net.ConnectException: Connection refused
	at java.base/sun.nio.ch.SocketChannelImpl.checkConnect(Native Method)
	at java.base/sun.nio.ch.SocketChannelImpl.finishConnect(SocketChannelImpl.java:777)
	at org.apache.ratis.thirdparty.io.netty.channel.socket.nio.NioSocketChannel.doFinishConnect(NioSocketChannel.java:337)
	at org.apache.ratis.thirdparty.io.netty.channel.nio.AbstractNioChannel$AbstractNioUnsafe.finishConnect(AbstractNioChannel.java:334)
	at org.apache.ratis.thirdparty.io.netty.channel.nio.NioEventLoop.processSelectedKey(NioEventLoop.java:776)
	at org.apache.ratis.thirdparty.io.netty.channel.nio.NioEventLoop.processSelectedKeysOptimized(NioEventLoop.java:724)
	at org.apache.ratis.thirdparty.io.netty.channel.nio.NioEventLoop.processSelectedKeys(NioEventLoop.java:650)
	at org.apache.ratis.thirdparty.io.netty.channel.nio.NioEventLoop.run(NioEventLoop.java:562)
	at org.apache.ratis.thirdparty.io.netty.util.concurrent.SingleThreadEventExecutor$4.run(SingleThreadEventExecutor.java:997)
	at org.apache.ratis.thirdparty.io.netty.util.internal.ThreadExecutorMap$2.run(ThreadExecutorMap.java:74)
	at java.base/java.lang.Thread.run(Thread.java:829)
2023-03-28 15:13:13,944 [Thread-697] WARN  util.PeerProxyMap (PeerProxyMap.java:closeProxy(179)) - s2-NettyServerStreamRpc: Failed to close proxy for peer s1|rpc:localhost:45465|admin:localhost:46709|client:localhost:37549|dataStream:localhost:44863|priority:0|startupRole:FOLLOWER, proxy class: class org.apache.ratis.client.impl.DataStreamClientImpl
org.apache.ratis.thirdparty.io.netty.channel.AbstractChannel$AnnotatedConnectException: Connection refused: localhost/127.0.0.1:44863
Caused by: java.net.ConnectException: Connection refused
	at java.base/sun.nio.ch.SocketChannelImpl.checkConnect(Native Method)
	at java.base/sun.nio.ch.SocketChannelImpl.finishConnect(SocketChannelImpl.java:777)
	at org.apache.ratis.thirdparty.io.netty.channel.socket.nio.NioSocketChannel.doFinishConnect(NioSocketChannel.java:337)
	at org.apache.ratis.thirdparty.io.netty.channel.nio.AbstractNioChannel$AbstractNioUnsafe.finishConnect(AbstractNioChannel.java:334)
	at org.apache.ratis.thirdparty.io.netty.channel.nio.NioEventLoop.processSelectedKey(NioEventLoop.java:776)
	at org.apache.ratis.thirdparty.io.netty.channel.nio.NioEventLoop.processSelectedKeysOptimized(NioEventLoop.java:724)
	at org.apache.ratis.thirdparty.io.netty.channel.nio.NioEventLoop.processSelectedKeys(NioEventLoop.java:650)
	at org.apache.ratis.thirdparty.io.netty.channel.nio.NioEventLoop.run(NioEventLoop.java:562)
	at org.apache.ratis.thirdparty.io.netty.util.concurrent.SingleThreadEventExecutor$4.run(SingleThreadEventExecutor.java:997)
	at org.apache.ratis.thirdparty.io.netty.util.internal.ThreadExecutorMap$2.run(ThreadExecutorMap.java:74)
	at java.base/java.lang.Thread.run(Thread.java:829)
2023-03-28 15:13:13,948 [Thread-696] WARN  util.PeerProxyMap (PeerProxyMap.java:closeProxy(179)) - s1-NettyServerStreamRpc: Failed to close proxy for peer s2|rpc:localhost:41369|admin:localhost:42041|client:localhost:44529|dataStream:localhost:43715|priority:0|startupRole:FOLLOWER, proxy class: class org.apache.ratis.client.impl.DataStreamClientImpl
org.apache.ratis.thirdparty.io.netty.channel.AbstractChannel$AnnotatedConnectException: Connection refused: localhost/127.0.0.1:43715
Caused by: java.net.ConnectException: Connection refused
	at java.base/sun.nio.ch.SocketChannelImpl.checkConnect(Native Method)
	at java.base/sun.nio.ch.SocketChannelImpl.finishConnect(SocketChannelImpl.java:777)
	at org.apache.ratis.thirdparty.io.netty.channel.socket.nio.NioSocketChannel.doFinishConnect(NioSocketChannel.java:337)
	at org.apache.ratis.thirdparty.io.netty.channel.nio.AbstractNioChannel$AbstractNioUnsafe.finishConnect(AbstractNioChannel.java:334)
	at org.apache.ratis.thirdparty.io.netty.channel.nio.NioEventLoop.processSelectedKey(NioEventLoop.java:776)
	at org.apache.ratis.thirdparty.io.netty.channel.nio.NioEventLoop.processSelectedKeysOptimized(NioEventLoop.java:724)
	at org.apache.ratis.thirdparty.io.netty.channel.nio.NioEventLoop.processSelectedKeys(NioEventLoop.java:650)
	at org.apache.ratis.thirdparty.io.netty.channel.nio.NioEventLoop.run(NioEventLoop.java:562)
	at org.apache.ratis.thirdparty.io.netty.util.concurrent.SingleThreadEventExecutor$4.run(SingleThreadEventExecutor.java:997)
	at org.apache.ratis.thirdparty.io.netty.util.internal.ThreadExecutorMap$2.run(ThreadExecutorMap.java:74)
	at java.base/java.lang.Thread.run(Thread.java:829)
2023-03-28 15:13:13,952 [Thread-695] WARN  util.PeerProxyMap (PeerProxyMap.java:closeProxy(179)) - s0-NettyServerStreamRpc: Failed to close proxy for peer s1|rpc:localhost:45465|admin:localhost:46709|client:localhost:37549|dataStream:localhost:44863|priority:0|startupRole:FOLLOWER, proxy class: class org.apache.ratis.client.impl.DataStreamClientImpl
org.apache.ratis.thirdparty.io.netty.channel.AbstractChannel$AnnotatedConnectException: Connection refused: localhost/127.0.0.1:44863
Caused by: java.net.ConnectException: Connection refused
	at java.base/sun.nio.ch.SocketChannelImpl.checkConnect(Native Method)
	at java.base/sun.nio.ch.SocketChannelImpl.finishConnect(SocketChannelImpl.java:777)
	at org.apache.ratis.thirdparty.io.netty.channel.socket.nio.NioSocketChannel.doFinishConnect(NioSocketChannel.java:337)
	at org.apache.ratis.thirdparty.io.netty.channel.nio.AbstractNioChannel$AbstractNioUnsafe.finishConnect(AbstractNioChannel.java:334)
	at org.apache.ratis.thirdparty.io.netty.channel.nio.NioEventLoop.processSelectedKey(NioEventLoop.java:776)
	at org.apache.ratis.thirdparty.io.netty.channel.nio.NioEventLoop.processSelectedKeysOptimized(NioEventLoop.java:724)
	at org.apache.ratis.thirdparty.io.netty.channel.nio.NioEventLoop.processSelectedKeys(NioEventLoop.java:650)
	at org.apache.ratis.thirdparty.io.netty.channel.nio.NioEventLoop.run(NioEventLoop.java:562)
	at org.apache.ratis.thirdparty.io.netty.util.concurrent.SingleThreadEventExecutor$4.run(SingleThreadEventExecutor.java:997)
	at org.apache.ratis.thirdparty.io.netty.util.internal.ThreadExecutorMap$2.run(ThreadExecutorMap.java:74)
	at java.base/java.lang.Thread.run(Thread.java:829)
2023-03-28 15:13:13,954 [Thread-700] WARN  util.PeerProxyMap (PeerProxyMap.java:closeProxy(179)) - s0-NettyServerStreamRpc: Failed to close proxy for peer s2|rpc:localhost:41369|admin:localhost:42041|client:localhost:44529|dataStream:localhost:43715|priority:0|startupRole:FOLLOWER, proxy class: class org.apache.ratis.client.impl.DataStreamClientImpl
org.apache.ratis.thirdparty.io.netty.channel.AbstractChannel$AnnotatedConnectException: Connection refused: localhost/127.0.0.1:43715
Caused by: java.net.ConnectException: Connection refused
	at java.base/sun.nio.ch.SocketChannelImpl.checkConnect(Native Method)
	at java.base/sun.nio.ch.SocketChannelImpl.finishConnect(SocketChannelImpl.java:777)
	at org.apache.ratis.thirdparty.io.netty.channel.socket.nio.NioSocketChannel.doFinishConnect(NioSocketChannel.java:337)
	at org.apache.ratis.thirdparty.io.netty.channel.nio.AbstractNioChannel$AbstractNioUnsafe.finishConnect(AbstractNioChannel.java:334)
	at org.apache.ratis.thirdparty.io.netty.channel.nio.NioEventLoop.processSelectedKey(NioEventLoop.java:776)
	at org.apache.ratis.thirdparty.io.netty.channel.nio.NioEventLoop.processSelectedKeysOptimized(NioEventLoop.java:724)
	at org.apache.ratis.thirdparty.io.netty.channel.nio.NioEventLoop.processSelectedKeys(NioEventLoop.java:650)
	at org.apache.ratis.thirdparty.io.netty.channel.nio.NioEventLoop.run(NioEventLoop.java:562)
	at org.apache.ratis.thirdparty.io.netty.util.concurrent.SingleThreadEventExecutor$4.run(SingleThreadEventExecutor.java:997)
	at org.apache.ratis.thirdparty.io.netty.util.internal.ThreadExecutorMap$2.run(ThreadExecutorMap.java:74)
	at java.base/java.lang.Thread.run(Thread.java:829)
2023-03-28 15:13:13,955 [Thread-699] WARN  util.PeerProxyMap (PeerProxyMap.java:closeProxy(179)) - s1-NettyServerStreamRpc: Failed to close proxy for peer s0|rpc:localhost:34691|admin:localhost:42501|client:localhost:42695|dataStream:localhost:41129|priority:0|startupRole:FOLLOWER, proxy class: class org.apache.ratis.client.impl.DataStreamClientImpl
org.apache.ratis.thirdparty.io.netty.channel.AbstractChannel$AnnotatedConnectException: Connection refused: localhost/127.0.0.1:41129
Caused by: java.net.ConnectException: Connection refused
	at java.base/sun.nio.ch.SocketChannelImpl.checkConnect(Native Method)
	at java.base/sun.nio.ch.SocketChannelImpl.finishConnect(SocketChannelImpl.java:777)
	at org.apache.ratis.thirdparty.io.netty.channel.socket.nio.NioSocketChannel.doFinishConnect(NioSocketChannel.java:337)
	at org.apache.ratis.thirdparty.io.netty.channel.nio.AbstractNioChannel$AbstractNioUnsafe.finishConnect(AbstractNioChannel.java:334)
	at org.apache.ratis.thirdparty.io.netty.channel.nio.NioEventLoop.processSelectedKey(NioEventLoop.java:776)
	at org.apache.ratis.thirdparty.io.netty.channel.nio.NioEventLoop.processSelectedKeysOptimized(NioEventLoop.java:724)
	at org.apache.ratis.thirdparty.io.netty.channel.nio.NioEventLoop.processSelectedKeys(NioEventLoop.java:650)
	at org.apache.ratis.thirdparty.io.netty.channel.nio.NioEventLoop.run(NioEventLoop.java:562)
	at org.apache.ratis.thirdparty.io.netty.util.concurrent.SingleThreadEventExecutor$4.run(SingleThreadEventExecutor.java:997)
	at org.apache.ratis.thirdparty.io.netty.util.internal.ThreadExecutorMap$2.run(ThreadExecutorMap.java:74)
	at java.base/java.lang.Thread.run(Thread.java:829)
2023-03-28 15:13:13,955 [Thread-701] WARN  util.PeerProxyMap (PeerProxyMap.java:closeProxy(179)) - s1-NettyServerStreamRpc: Failed to close proxy for peer s2|rpc:localhost:41369|admin:localhost:42041|client:localhost:44529|dataStream:localhost:43715|priority:0|startupRole:FOLLOWER, proxy class: class org.apache.ratis.client.impl.DataStreamClientImpl
org.apache.ratis.thirdparty.io.netty.channel.AbstractChannel$AnnotatedConnectException: Connection refused: localhost/127.0.0.1:43715
Caused by: java.net.ConnectException: Connection refused
	at java.base/sun.nio.ch.SocketChannelImpl.checkConnect(Native Method)
	at java.base/sun.nio.ch.SocketChannelImpl.finishConnect(SocketChannelImpl.java:777)
	at org.apache.ratis.thirdparty.io.netty.channel.socket.nio.NioSocketChannel.doFinishConnect(NioSocketChannel.java:337)
	at org.apache.ratis.thirdparty.io.netty.channel.nio.AbstractNioChannel$AbstractNioUnsafe.finishConnect(AbstractNioChannel.java:334)
	at org.apache.ratis.thirdparty.io.netty.channel.nio.NioEventLoop.processSelectedKey(NioEventLoop.java:776)
	at org.apache.ratis.thirdparty.io.netty.channel.nio.NioEventLoop.processSelectedKeysOptimized(NioEventLoop.java:724)
	at org.apache.ratis.thirdparty.io.netty.channel.nio.NioEventLoop.processSelectedKeys(NioEventLoop.java:650)
	at org.apache.ratis.thirdparty.io.netty.channel.nio.NioEventLoop.run(NioEventLoop.java:562)
	at org.apache.ratis.thirdparty.io.netty.util.concurrent.SingleThreadEventExecutor$4.run(SingleThreadEventExecutor.java:997)
	at org.apache.ratis.thirdparty.io.netty.util.internal.ThreadExecutorMap$2.run(ThreadExecutorMap.java:74)
	at java.base/java.lang.Thread.run(Thread.java:829)
2023-03-28 15:13:13,959 [Thread-698] WARN  util.PeerProxyMap (PeerProxyMap.java:closeProxy(179)) - s2-NettyServerStreamRpc: Failed to close proxy for peer s0|rpc:localhost:34691|admin:localhost:42501|client:localhost:42695|dataStream:localhost:41129|priority:0|startupRole:FOLLOWER, proxy class: class org.apache.ratis.client.impl.DataStreamClientImpl
org.apache.ratis.thirdparty.io.netty.channel.AbstractChannel$AnnotatedConnectException: Connection refused: localhost/127.0.0.1:41129
Caused by: java.net.ConnectException: Connection refused
	at java.base/sun.nio.ch.SocketChannelImpl.checkConnect(Native Method)
	at java.base/sun.nio.ch.SocketChannelImpl.finishConnect(SocketChannelImpl.java:777)
	at org.apache.ratis.thirdparty.io.netty.channel.socket.nio.NioSocketChannel.doFinishConnect(NioSocketChannel.java:337)
	at org.apache.ratis.thirdparty.io.netty.channel.nio.AbstractNioChannel$AbstractNioUnsafe.finishConnect(AbstractNioChannel.java:334)
	at org.apache.ratis.thirdparty.io.netty.channel.nio.NioEventLoop.processSelectedKey(NioEventLoop.java:776)
	at org.apache.ratis.thirdparty.io.netty.channel.nio.NioEventLoop.processSelectedKeysOptimized(NioEventLoop.java:724)
	at org.apache.ratis.thirdparty.io.netty.channel.nio.NioEventLoop.processSelectedKeys(NioEventLoop.java:650)
	at org.apache.ratis.thirdparty.io.netty.channel.nio.NioEventLoop.run(NioEventLoop.java:562)
	at org.apache.ratis.thirdparty.io.netty.util.concurrent.SingleThreadEventExecutor$4.run(SingleThreadEventExecutor.java:997)
	at org.apache.ratis.thirdparty.io.netty.util.internal.ThreadExecutorMap$2.run(ThreadExecutorMap.java:74)
	at java.base/java.lang.Thread.run(Thread.java:829)
2023-03-28 15:13:13,960 [Thread-703] WARN  util.PeerProxyMap (PeerProxyMap.java:closeProxy(179)) - s2-NettyServerStreamRpc: Failed to close proxy for peer s1|rpc:localhost:45465|admin:localhost:46709|client:localhost:37549|dataStream:localhost:44863|priority:0|startupRole:FOLLOWER, proxy class: class org.apache.ratis.client.impl.DataStreamClientImpl
org.apache.ratis.thirdparty.io.netty.channel.AbstractChannel$AnnotatedConnectException: Connection refused: localhost/127.0.0.1:44863
Caused by: java.net.ConnectException: Connection refused
	at java.base/sun.nio.ch.SocketChannelImpl.checkConnect(Native Method)
	at java.base/sun.nio.ch.SocketChannelImpl.finishConnect(SocketChannelImpl.java:777)
	at org.apache.ratis.thirdparty.io.netty.channel.socket.nio.NioSocketChannel.doFinishConnect(NioSocketChannel.java:337)
	at org.apache.ratis.thirdparty.io.netty.channel.nio.AbstractNioChannel$AbstractNioUnsafe.finishConnect(AbstractNioChannel.java:334)
	at org.apache.ratis.thirdparty.io.netty.channel.nio.NioEventLoop.processSelectedKey(NioEventLoop.java:776)
	at org.apache.ratis.thirdparty.io.netty.channel.nio.NioEventLoop.processSelectedKeysOptimized(NioEventLoop.java:724)
	at org.apache.ratis.thirdparty.io.netty.channel.nio.NioEventLoop.processSelectedKeys(NioEventLoop.java:650)
	at org.apache.ratis.thirdparty.io.netty.channel.nio.NioEventLoop.run(NioEventLoop.java:562)
	at org.apache.ratis.thirdparty.io.netty.util.concurrent.SingleThreadEventExecutor$4.run(SingleThreadEventExecutor.java:997)
	at org.apache.ratis.thirdparty.io.netty.util.internal.ThreadExecutorMap$2.run(ThreadExecutorMap.java:74)
	at java.base/java.lang.Thread.run(Thread.java:829)
2023-03-28 15:13:13,961 [Thread-702] WARN  util.PeerProxyMap (PeerProxyMap.java:closeProxy(179)) - s1-NettyServerStreamRpc: Failed to close proxy for peer s0|rpc:localhost:34691|admin:localhost:42501|client:localhost:42695|dataStream:localhost:41129|priority:0|startupRole:FOLLOWER, proxy class: class org.apache.ratis.client.impl.DataStreamClientImpl
org.apache.ratis.thirdparty.io.netty.channel.AbstractChannel$AnnotatedConnectException: Connection refused: localhost/127.0.0.1:41129
Caused by: java.net.ConnectException: Connection refused
	at java.base/sun.nio.ch.SocketChannelImpl.checkConnect(Native Method)
	at java.base/sun.nio.ch.SocketChannelImpl.finishConnect(SocketChannelImpl.java:777)
	at org.apache.ratis.thirdparty.io.netty.channel.socket.nio.NioSocketChannel.doFinishConnect(NioSocketChannel.java:337)
	at org.apache.ratis.thirdparty.io.netty.channel.nio.AbstractNioChannel$AbstractNioUnsafe.finishConnect(AbstractNioChannel.java:334)
	at org.apache.ratis.thirdparty.io.netty.channel.nio.NioEventLoop.processSelectedKey(NioEventLoop.java:776)
	at org.apache.ratis.thirdparty.io.netty.channel.nio.NioEventLoop.processSelectedKeysOptimized(NioEventLoop.java:724)
	at org.apache.ratis.thirdparty.io.netty.channel.nio.NioEventLoop.processSelectedKeys(NioEventLoop.java:650)
	at org.apache.ratis.thirdparty.io.netty.channel.nio.NioEventLoop.run(NioEventLoop.java:562)
	at org.apache.ratis.thirdparty.io.netty.util.concurrent.SingleThreadEventExecutor$4.run(SingleThreadEventExecutor.java:997)
	at org.apache.ratis.thirdparty.io.netty.util.internal.ThreadExecutorMap$2.run(ThreadExecutorMap.java:74)
	at java.base/java.lang.Thread.run(Thread.java:829)
2023-03-28 15:13:13,962 [Thread-705] WARN  util.PeerProxyMap (PeerProxyMap.java:closeProxy(179)) - s1-NettyServerStreamRpc: Failed to close proxy for peer s2|rpc:localhost:41369|admin:localhost:42041|client:localhost:44529|dataStream:localhost:43715|priority:0|startupRole:FOLLOWER, proxy class: class org.apache.ratis.client.impl.DataStreamClientImpl
org.apache.ratis.thirdparty.io.netty.channel.AbstractChannel$AnnotatedConnectException: Connection refused: localhost/127.0.0.1:43715
Caused by: java.net.ConnectException: Connection refused
	at java.base/sun.nio.ch.SocketChannelImpl.checkConnect(Native Method)
	at java.base/sun.nio.ch.SocketChannelImpl.finishConnect(SocketChannelImpl.java:777)
	at org.apache.ratis.thirdparty.io.netty.channel.socket.nio.NioSocketChannel.doFinishConnect(NioSocketChannel.java:337)
	at org.apache.ratis.thirdparty.io.netty.channel.nio.AbstractNioChannel$AbstractNioUnsafe.finishConnect(AbstractNioChannel.java:334)
	at org.apache.ratis.thirdparty.io.netty.channel.nio.NioEventLoop.processSelectedKey(NioEventLoop.java:776)
	at org.apache.ratis.thirdparty.io.netty.channel.nio.NioEventLoop.processSelectedKeysOptimized(NioEventLoop.java:724)
	at org.apache.ratis.thirdparty.io.netty.channel.nio.NioEventLoop.processSelectedKeys(NioEventLoop.java:650)
	at org.apache.ratis.thirdparty.io.netty.channel.nio.NioEventLoop.run(NioEventLoop.java:562)
	at org.apache.ratis.thirdparty.io.netty.util.concurrent.SingleThreadEventExecutor$4.run(SingleThreadEventExecutor.java:997)
	at org.apache.ratis.thirdparty.io.netty.util.internal.ThreadExecutorMap$2.run(ThreadExecutorMap.java:74)
	at java.base/java.lang.Thread.run(Thread.java:829)
2023-03-28 15:13:13,962 [Thread-707] WARN  util.PeerProxyMap (PeerProxyMap.java:closeProxy(179)) - s2-NettyServerStreamRpc: Failed to close proxy for peer s1|rpc:localhost:45465|admin:localhost:46709|client:localhost:37549|dataStream:localhost:44863|priority:0|startupRole:FOLLOWER, proxy class: class org.apache.ratis.client.impl.DataStreamClientImpl
org.apache.ratis.thirdparty.io.netty.channel.AbstractChannel$AnnotatedConnectException: Connection refused: localhost/127.0.0.1:44863
Caused by: java.net.ConnectException: Connection refused
	at java.base/sun.nio.ch.SocketChannelImpl.checkConnect(Native Method)
	at java.base/sun.nio.ch.SocketChannelImpl.finishConnect(SocketChannelImpl.java:777)
	at org.apache.ratis.thirdparty.io.netty.channel.socket.nio.NioSocketChannel.doFinishConnect(NioSocketChannel.java:337)
	at org.apache.ratis.thirdparty.io.netty.channel.nio.AbstractNioChannel$AbstractNioUnsafe.finishConnect(AbstractNioChannel.java:334)
	at org.apache.ratis.thirdparty.io.netty.channel.nio.NioEventLoop.processSelectedKey(NioEventLoop.java:776)
	at org.apache.ratis.thirdparty.io.netty.channel.nio.NioEventLoop.processSelectedKeysOptimized(NioEventLoop.java:724)
	at org.apache.ratis.thirdparty.io.netty.channel.nio.NioEventLoop.processSelectedKeys(NioEventLoop.java:650)
	at org.apache.ratis.thirdparty.io.netty.channel.nio.NioEventLoop.run(NioEventLoop.java:562)
	at org.apache.ratis.thirdparty.io.netty.util.concurrent.SingleThreadEventExecutor$4.run(SingleThreadEventExecutor.java:997)
	at org.apache.ratis.thirdparty.io.netty.util.internal.ThreadExecutorMap$2.run(ThreadExecutorMap.java:74)
	at java.base/java.lang.Thread.run(Thread.java:829)
2023-03-28 15:13:13,963 [Thread-704] WARN  util.PeerProxyMap (PeerProxyMap.java:closeProxy(179)) - s2-NettyServerStreamRpc: Failed to close proxy for peer s0|rpc:localhost:34691|admin:localhost:42501|client:localhost:42695|dataStream:localhost:41129|priority:0|startupRole:FOLLOWER, proxy class: class org.apache.ratis.client.impl.DataStreamClientImpl
org.apache.ratis.thirdparty.io.netty.channel.AbstractChannel$AnnotatedConnectException: Connection refused: localhost/127.0.0.1:41129
Caused by: java.net.ConnectException: Connection refused
	at java.base/sun.nio.ch.SocketChannelImpl.checkConnect(Native Method)
	at java.base/sun.nio.ch.SocketChannelImpl.finishConnect(SocketChannelImpl.java:777)
	at org.apache.ratis.thirdparty.io.netty.channel.socket.nio.NioSocketChannel.doFinishConnect(NioSocketChannel.java:337)
	at org.apache.ratis.thirdparty.io.netty.channel.nio.AbstractNioChannel$AbstractNioUnsafe.finishConnect(AbstractNioChannel.java:334)
	at org.apache.ratis.thirdparty.io.netty.channel.nio.NioEventLoop.processSelectedKey(NioEventLoop.java:776)
	at org.apache.ratis.thirdparty.io.netty.channel.nio.NioEventLoop.processSelectedKeysOptimized(NioEventLoop.java:724)
	at org.apache.ratis.thirdparty.io.netty.channel.nio.NioEventLoop.processSelectedKeys(NioEventLoop.java:650)
	at org.apache.ratis.thirdparty.io.netty.channel.nio.NioEventLoop.run(NioEventLoop.java:562)
	at org.apache.ratis.thirdparty.io.netty.util.concurrent.SingleThreadEventExecutor$4.run(SingleThreadEventExecutor.java:997)
	at org.apache.ratis.thirdparty.io.netty.util.internal.ThreadExecutorMap$2.run(ThreadExecutorMap.java:74)
	at java.base/java.lang.Thread.run(Thread.java:829)
2023-03-28 15:13:13,964 [Thread-706] WARN  util.PeerProxyMap (PeerProxyMap.java:closeProxy(179)) - s1-NettyServerStreamRpc: Failed to close proxy for peer s0|rpc:localhost:34691|admin:localhost:42501|client:localhost:42695|dataStream:localhost:41129|priority:0|startupRole:FOLLOWER, proxy class: class org.apache.ratis.client.impl.DataStreamClientImpl
org.apache.ratis.thirdparty.io.netty.channel.AbstractChannel$AnnotatedConnectException: Connection refused: localhost/127.0.0.1:41129
Caused by: java.net.ConnectException: Connection refused
	at java.base/sun.nio.ch.SocketChannelImpl.checkConnect(Native Method)
	at java.base/sun.nio.ch.SocketChannelImpl.finishConnect(SocketChannelImpl.java:777)
	at org.apache.ratis.thirdparty.io.netty.channel.socket.nio.NioSocketChannel.doFinishConnect(NioSocketChannel.java:337)
	at org.apache.ratis.thirdparty.io.netty.channel.nio.AbstractNioChannel$AbstractNioUnsafe.finishConnect(AbstractNioChannel.java:334)
	at org.apache.ratis.thirdparty.io.netty.channel.nio.NioEventLoop.processSelectedKey(NioEventLoop.java:776)
	at org.apache.ratis.thirdparty.io.netty.channel.nio.NioEventLoop.processSelectedKeysOptimized(NioEventLoop.java:724)
	at org.apache.ratis.thirdparty.io.netty.channel.nio.NioEventLoop.processSelectedKeys(NioEventLoop.java:650)
	at org.apache.ratis.thirdparty.io.netty.channel.nio.NioEventLoop.run(NioEventLoop.java:562)
	at org.apache.ratis.thirdparty.io.netty.util.concurrent.SingleThreadEventExecutor$4.run(SingleThreadEventExecutor.java:997)
	at org.apache.ratis.thirdparty.io.netty.util.internal.ThreadExecutorMap$2.run(ThreadExecutorMap.java:74)
	at java.base/java.lang.Thread.run(Thread.java:829)
2023-03-28 15:13:13,967 [Thread-708] WARN  util.PeerProxyMap (PeerProxyMap.java:closeProxy(179)) - s1-NettyServerStreamRpc: Failed to close proxy for peer s2|rpc:localhost:41369|admin:localhost:42041|client:localhost:44529|dataStream:localhost:43715|priority:0|startupRole:FOLLOWER, proxy class: class org.apache.ratis.client.impl.DataStreamClientImpl
org.apache.ratis.thirdparty.io.netty.channel.AbstractChannel$AnnotatedConnectException: Connection refused: localhost/127.0.0.1:43715
Caused by: java.net.ConnectException: Connection refused
	at java.base/sun.nio.ch.SocketChannelImpl.checkConnect(Native Method)
	at java.base/sun.nio.ch.SocketChannelImpl.finishConnect(SocketChannelImpl.java:777)
	at org.apache.ratis.thirdparty.io.netty.channel.socket.nio.NioSocketChannel.doFinishConnect(NioSocketChannel.java:337)
	at org.apache.ratis.thirdparty.io.netty.channel.nio.AbstractNioChannel$AbstractNioUnsafe.finishConnect(AbstractNioChannel.java:334)
	at org.apache.ratis.thirdparty.io.netty.channel.nio.NioEventLoop.processSelectedKey(NioEventLoop.java:776)
	at org.apache.ratis.thirdparty.io.netty.channel.nio.NioEventLoop.processSelectedKeysOptimized(NioEventLoop.java:724)
	at org.apache.ratis.thirdparty.io.netty.channel.nio.NioEventLoop.processSelectedKeys(NioEventLoop.java:650)
	at org.apache.ratis.thirdparty.io.netty.channel.nio.NioEventLoop.run(NioEventLoop.java:562)
	at org.apache.ratis.thirdparty.io.netty.util.concurrent.SingleThreadEventExecutor$4.run(SingleThreadEventExecutor.java:997)
	at org.apache.ratis.thirdparty.io.netty.util.internal.ThreadExecutorMap$2.run(ThreadExecutorMap.java:74)
	at java.base/java.lang.Thread.run(Thread.java:829)
2023-03-28 15:13:13,975 [Thread-709] WARN  util.PeerProxyMap (PeerProxyMap.java:closeProxy(179)) - s1-NettyServerStreamRpc: Failed to close proxy for peer s0|rpc:localhost:34691|admin:localhost:42501|client:localhost:42695|dataStream:localhost:41129|priority:0|startupRole:FOLLOWER, proxy class: class org.apache.ratis.client.impl.DataStreamClientImpl
org.apache.ratis.thirdparty.io.netty.channel.AbstractChannel$AnnotatedConnectException: Connection refused: localhost/127.0.0.1:41129
Caused by: java.net.ConnectException: Connection refused
	at java.base/sun.nio.ch.SocketChannelImpl.checkConnect(Native Method)
	at java.base/sun.nio.ch.SocketChannelImpl.finishConnect(SocketChannelImpl.java:777)
	at org.apache.ratis.thirdparty.io.netty.channel.socket.nio.NioSocketChannel.doFinishConnect(NioSocketChannel.java:337)
	at org.apache.ratis.thirdparty.io.netty.channel.nio.AbstractNioChannel$AbstractNioUnsafe.finishConnect(AbstractNioChannel.java:334)
	at org.apache.ratis.thirdparty.io.netty.channel.nio.NioEventLoop.processSelectedKey(NioEventLoop.java:776)
	at org.apache.ratis.thirdparty.io.netty.channel.nio.NioEventLoop.processSelectedKeysOptimized(NioEventLoop.java:724)
	at org.apache.ratis.thirdparty.io.netty.channel.nio.NioEventLoop.processSelectedKeys(NioEventLoop.java:650)
	at org.apache.ratis.thirdparty.io.netty.channel.nio.NioEventLoop.run(NioEventLoop.java:562)
	at org.apache.ratis.thirdparty.io.netty.util.concurrent.SingleThreadEventExecutor$4.run(SingleThreadEventExecutor.java:997)
	at org.apache.ratis.thirdparty.io.netty.util.internal.ThreadExecutorMap$2.run(ThreadExecutorMap.java:74)
	at java.base/java.lang.Thread.run(Thread.java:829)
2023-03-28 15:13:13,980 [Thread-710] WARN  util.PeerProxyMap (PeerProxyMap.java:closeProxy(179)) - s1-NettyServerStreamRpc: Failed to close proxy for peer s2|rpc:localhost:41369|admin:localhost:42041|client:localhost:44529|dataStream:localhost:43715|priority:0|startupRole:FOLLOWER, proxy class: class org.apache.ratis.client.impl.DataStreamClientImpl
org.apache.ratis.thirdparty.io.netty.channel.AbstractChannel$AnnotatedConnectException: Connection refused: localhost/127.0.0.1:43715
Caused by: java.net.ConnectException: Connection refused
	at java.base/sun.nio.ch.SocketChannelImpl.checkConnect(Native Method)
	at java.base/sun.nio.ch.SocketChannelImpl.finishConnect(SocketChannelImpl.java:777)
	at org.apache.ratis.thirdparty.io.netty.channel.socket.nio.NioSocketChannel.doFinishConnect(NioSocketChannel.java:337)
	at org.apache.ratis.thirdparty.io.netty.channel.nio.AbstractNioChannel$AbstractNioUnsafe.finishConnect(AbstractNioChannel.java:334)
	at org.apache.ratis.thirdparty.io.netty.channel.nio.NioEventLoop.processSelectedKey(NioEventLoop.java:776)
	at org.apache.ratis.thirdparty.io.netty.channel.nio.NioEventLoop.processSelectedKeysOptimized(NioEventLoop.java:724)
	at org.apache.ratis.thirdparty.io.netty.channel.nio.NioEventLoop.processSelectedKeys(NioEventLoop.java:650)
	at org.apache.ratis.thirdparty.io.netty.channel.nio.NioEventLoop.run(NioEventLoop.java:562)
	at org.apache.ratis.thirdparty.io.netty.util.concurrent.SingleThreadEventExecutor$4.run(SingleThreadEventExecutor.java:997)
	at org.apache.ratis.thirdparty.io.netty.util.internal.ThreadExecutorMap$2.run(ThreadExecutorMap.java:74)
	at java.base/java.lang.Thread.run(Thread.java:829)
2023-03-28 15:13:13,981 [Thread-711] WARN  util.PeerProxyMap (PeerProxyMap.java:closeProxy(179)) - s1-NettyServerStreamRpc: Failed to close proxy for peer s0|rpc:localhost:34691|admin:localhost:42501|client:localhost:42695|dataStream:localhost:41129|priority:0|startupRole:FOLLOWER, proxy class: class org.apache.ratis.client.impl.DataStreamClientImpl
org.apache.ratis.thirdparty.io.netty.channel.AbstractChannel$AnnotatedConnectException: Connection refused: localhost/127.0.0.1:41129
Caused by: java.net.ConnectException: Connection refused
	at java.base/sun.nio.ch.SocketChannelImpl.checkConnect(Native Method)
	at java.base/sun.nio.ch.SocketChannelImpl.finishConnect(SocketChannelImpl.java:777)
	at org.apache.ratis.thirdparty.io.netty.channel.socket.nio.NioSocketChannel.doFinishConnect(NioSocketChannel.java:337)
	at org.apache.ratis.thirdparty.io.netty.channel.nio.AbstractNioChannel$AbstractNioUnsafe.finishConnect(AbstractNioChannel.java:334)
	at org.apache.ratis.thirdparty.io.netty.channel.nio.NioEventLoop.processSelectedKey(NioEventLoop.java:776)
	at org.apache.ratis.thirdparty.io.netty.channel.nio.NioEventLoop.processSelectedKeysOptimized(NioEventLoop.java:724)
	at org.apache.ratis.thirdparty.io.netty.channel.nio.NioEventLoop.processSelectedKeys(NioEventLoop.java:650)
	at org.apache.ratis.thirdparty.io.netty.channel.nio.NioEventLoop.run(NioEventLoop.java:562)
	at org.apache.ratis.thirdparty.io.netty.util.concurrent.SingleThreadEventExecutor$4.run(SingleThreadEventExecutor.java:997)
	at org.apache.ratis.thirdparty.io.netty.util.internal.ThreadExecutorMap$2.run(ThreadExecutorMap.java:74)
	at java.base/java.lang.Thread.run(Thread.java:829)
2023-03-28 15:13:13,982 [Thread-712] WARN  util.PeerProxyMap (PeerProxyMap.java:closeProxy(179)) - s1-NettyServerStreamRpc: Failed to close proxy for peer s2|rpc:localhost:41369|admin:localhost:42041|client:localhost:44529|dataStream:localhost:43715|priority:0|startupRole:FOLLOWER, proxy class: class org.apache.ratis.client.impl.DataStreamClientImpl
org.apache.ratis.thirdparty.io.netty.channel.AbstractChannel$AnnotatedConnectException: Connection refused: localhost/127.0.0.1:43715
Caused by: java.net.ConnectException: Connection refused
	at java.base/sun.nio.ch.SocketChannelImpl.checkConnect(Native Method)
	at java.base/sun.nio.ch.SocketChannelImpl.finishConnect(SocketChannelImpl.java:777)
	at org.apache.ratis.thirdparty.io.netty.channel.socket.nio.NioSocketChannel.doFinishConnect(NioSocketChannel.java:337)
	at org.apache.ratis.thirdparty.io.netty.channel.nio.AbstractNioChannel$AbstractNioUnsafe.finishConnect(AbstractNioChannel.java:334)
	at org.apache.ratis.thirdparty.io.netty.channel.nio.NioEventLoop.processSelectedKey(NioEventLoop.java:776)
	at org.apache.ratis.thirdparty.io.netty.channel.nio.NioEventLoop.processSelectedKeysOptimized(NioEventLoop.java:724)
	at org.apache.ratis.thirdparty.io.netty.channel.nio.NioEventLoop.processSelectedKeys(NioEventLoop.java:650)
	at org.apache.ratis.thirdparty.io.netty.channel.nio.NioEventLoop.run(NioEventLoop.java:562)
	at org.apache.ratis.thirdparty.io.netty.util.concurrent.SingleThreadEventExecutor$4.run(SingleThreadEventExecutor.java:997)
	at org.apache.ratis.thirdparty.io.netty.util.internal.ThreadExecutorMap$2.run(ThreadExecutorMap.java:74)
	at java.base/java.lang.Thread.run(Thread.java:829)
2023-03-28 15:13:14,132 [s1-impl-thread2] INFO  segmented.SegmentedRaftLogWorker (SegmentedRaftLogWorker.java:close(242)) - s1@group-3E7FBBA51394-SegmentedRaftLogWorker close()
2023-03-28 15:13:14,136 [JvmPauseMonitor2] INFO  util.JvmPauseMonitor (JvmPauseMonitor.java:run(109)) - JvmPauseMonitor-s1: Stopped
2023-03-28 15:13:14,141 [s0-impl-thread2] INFO  segmented.SegmentedRaftLogWorker (SegmentedRaftLogWorker.java:close(242)) - s0@group-3E7FBBA51394-SegmentedRaftLogWorker close()
2023-03-28 15:13:14,144 [JvmPauseMonitor1] INFO  util.JvmPauseMonitor (JvmPauseMonitor.java:run(109)) - JvmPauseMonitor-s0: Stopped
2023-03-28 15:13:14,152 [s2-impl-thread2] INFO  segmented.SegmentedRaftLogWorker (SegmentedRaftLogWorker.java:close(242)) - s2@group-3E7FBBA51394-SegmentedRaftLogWorker close()
2023-03-28 15:13:14,154 [JvmPauseMonitor3] INFO  util.JvmPauseMonitor (JvmPauseMonitor.java:run(109)) - JvmPauseMonitor-s2: Stopped
2023-03-28 15:13:14,155 [Time-limited test] INFO  impl.MiniRaftCluster (MiniRaftCluster.java:shutdown(855)) - MiniRaftClusterWithRpcTypeGrpcAndDataStreamTypeNetty shutdown completed
]]></system-out>
  </testcase>
  <testcase name="testMultipleStreamsMultipleServersStepDownLeader" classname="org.apache.ratis.datastream.TestNettyDataStreamStarTopologyWithGrpcCluster" time="70.176">
    <failure message="expected:&lt;term: 3&#10;index: 63&#10;stateMachineLogEntry {&#10;  type: DATASTREAM&#10;  clientId: &quot;i\b\262\343l\265B,\217\001?n\025e\024\357&quot;&#10;  callId: 419&#10;}&#10;&gt; but was:&lt;term: 4&#10;index: 65&#10;stateMachineLogEntry {&#10;  type: DATASTREAM&#10;  clientId: &quot;i\b\262\343l\265B,\217\001?n\025e\024\357&quot;&#10;  callId: 419&#10;}&#10;&gt;" type="java.lang.AssertionError"><![CDATA[java.lang.AssertionError: 
expected:<term: 3
index: 63
stateMachineLogEntry {
  type: DATASTREAM
  clientId: "i\b\262\343l\265B,\217\001?n\025e\024\357"
  callId: 419
}
> but was:<term: 4
index: 65
stateMachineLogEntry {
  type: DATASTREAM
  clientId: "i\b\262\343l\265B,\217\001?n\025e\024\357"
  callId: 419
}
>
	at org.junit.Assert.fail(Assert.java:89)
	at org.junit.Assert.failNotEquals(Assert.java:835)
	at org.junit.Assert.assertEquals(Assert.java:120)
	at org.junit.Assert.assertEquals(Assert.java:146)
	at org.apache.ratis.datastream.DataStreamTestUtils.assertLogEntry(DataStreamTestUtils.java:409)
	at org.apache.ratis.datastream.DataStreamAsyncClusterTests.runTestDataStream(DataStreamAsyncClusterTests.java:123)
	at org.apache.ratis.datastream.DataStreamAsyncClusterTests.runTestDataStreamStepDownLeader(DataStreamAsyncClusterTests.java:82)
	at org.apache.ratis.server.impl.MiniRaftCluster$Factory$Get.runWithNewCluster(MiniRaftCluster.java:141)
	at org.apache.ratis.server.impl.MiniRaftCluster$Factory$Get.runWithNewCluster(MiniRaftCluster.java:121)
	at org.apache.ratis.datastream.DataStreamAsyncClusterTests.testMultipleStreamsMultipleServersStepDownLeader(DataStreamAsyncClusterTests.java:78)
	at java.base/jdk.internal.reflect.NativeMethodAccessorImpl.invoke0(Native Method)
	at java.base/jdk.internal.reflect.NativeMethodAccessorImpl.invoke(NativeMethodAccessorImpl.java:62)
	at java.base/jdk.internal.reflect.DelegatingMethodAccessorImpl.invoke(DelegatingMethodAccessorImpl.java:43)
	at java.base/java.lang.reflect.Method.invoke(Method.java:566)
	at org.junit.runners.model.FrameworkMethod$1.runReflectiveCall(FrameworkMethod.java:59)
	at org.junit.internal.runners.model.ReflectiveCallable.run(ReflectiveCallable.java:12)
	at org.junit.runners.model.FrameworkMethod.invokeExplosively(FrameworkMethod.java:56)
	at org.junit.internal.runners.statements.InvokeMethod.evaluate(InvokeMethod.java:17)
	at org.junit.internal.runners.statements.RunBefores.evaluate(RunBefores.java:26)
	at org.junit.internal.runners.statements.RunAfters.evaluate(RunAfters.java:27)
	at org.junit.internal.runners.statements.FailOnTimeout$CallableStatement.call(FailOnTimeout.java:299)
	at org.junit.internal.runners.statements.FailOnTimeout$CallableStatement.call(FailOnTimeout.java:293)
	at java.base/java.util.concurrent.FutureTask.run(FutureTask.java:264)
	at java.base/java.lang.Thread.run(Thread.java:829)
]]></failure>
    <system-out><![CDATA[2023-03-28 15:13:14,155 [main] INFO  util.LogUtils (Slf4jUtils.java:setLogLevel(38)) - Successfully set org.apache.ratis.conf.ConfUtils log level to WARN
2023-03-28 15:13:14,156 [main] INFO  util.LogUtils (Slf4jUtils.java:setLogLevel(38)) - Successfully set org.apache.ratis.util.FileUtils log level to TRACE
2023-03-28 15:13:14,165 [Time-limited test] INFO  impl.MiniRaftCluster (MiniRaftCluster.java:runWithNewCluster(135)) - Running runWithNewCluster
2023-03-28 15:13:14,166 [Time-limited test] INFO  impl.MiniRaftCluster (MiniRaftCluster.java:<init>(306)) - new MiniRaftClusterWithRpcTypeGrpcAndDataStreamTypeNetty with group-4AD7D8BDF6E4:[s0|rpc:localhost:39189|admin:localhost:46309|client:localhost:42931|dataStream:localhost:35501|priority:0|startupRole:FOLLOWER, s1|rpc:localhost:42161|admin:localhost:45919|client:localhost:41703|dataStream:localhost:35503|priority:0|startupRole:FOLLOWER, s2|rpc:localhost:39003|admin:localhost:43283|client:localhost:38251|dataStream:localhost:44179|priority:0|startupRole:FOLLOWER]
2023-03-28 15:13:14,167 [Time-limited test] INFO  impl.MiniRaftCluster (MiniRaftCluster.java:start(339)) - .............................................................. 
2023-03-28 15:13:14,174 [Time-limited test] INFO  impl.MiniRaftCluster (MiniRaftCluster.java:start(340)) - ... 
2023-03-28 15:13:14,174 [Time-limited test] INFO  impl.MiniRaftCluster (MiniRaftCluster.java:start(341)) - ...     Starting MiniRaftClusterWithRpcTypeGrpcAndDataStreamTypeNetty
2023-03-28 15:13:14,174 [Time-limited test] INFO  impl.MiniRaftCluster (MiniRaftCluster.java:start(342)) - ... 
2023-03-28 15:13:14,174 [Time-limited test] INFO  impl.MiniRaftCluster (MiniRaftCluster.java:start(343)) - .............................................................. 
2023-03-28 15:13:14,175 [Time-limited test] INFO  impl.MiniRaftCluster (MiniRaftCluster.java:initServers(318)) - servers = {}
2023-03-28 15:13:14,175 [Time-limited test] INFO  impl.MiniRaftCluster (MiniRaftCluster.java:newRaftServer(382)) - newRaftServer: s0, group-4AD7D8BDF6E4:[s0|rpc:localhost:39189|admin:localhost:46309|client:localhost:42931|dataStream:localhost:35501|priority:0|startupRole:FOLLOWER, s1|rpc:localhost:42161|admin:localhost:45919|client:localhost:41703|dataStream:localhost:35503|priority:0|startupRole:FOLLOWER, s2|rpc:localhost:39003|admin:localhost:43283|client:localhost:38251|dataStream:localhost:44179|priority:0|startupRole:FOLLOWER], format? true
2023-03-28 15:13:14,175 [Time-limited test] TRACE util.FileUtils (FileUtils.java:deleteFully(201)) - deleteFully target/test/data/2b0b63e9/MiniRaftClusterWithRpcTypeGrpcAndDataStreamTypeNetty8bd798c8/s0
2023-03-28 15:13:14,175 [Time-limited test] TRACE util.FileUtils (FileUtils.java:deleteFully(217)) - deleteFully: target/test/data/2b0b63e9/MiniRaftClusterWithRpcTypeGrpcAndDataStreamTypeNetty8bd798c8/s0 does not exist.
2023-03-28 15:13:14,175 [Time-limited test] INFO  impl.MiniRaftCluster (MiniRaftCluster.java:newRaftServer(387)) - Formatted directory target/test/data/2b0b63e9/MiniRaftClusterWithRpcTypeGrpcAndDataStreamTypeNetty8bd798c8/s0
2023-03-28 15:13:14,177 [Time-limited test] INFO  server.RaftServer (ConfUtils.java:logGet(46)) - raft.rpc.type = GRPC (default)
2023-03-28 15:13:14,178 [Time-limited test] INFO  grpc.GrpcConfigKeys (ConfUtils.java:logFallback(53)) - raft.grpc.admin.host = null (fallback to raft.grpc.server.host)
2023-03-28 15:13:14,178 [Time-limited test] INFO  grpc.GrpcConfigKeys (ConfUtils.java:logGet(46)) - raft.grpc.admin.port = 46309 (custom)
2023-03-28 15:13:14,178 [Time-limited test] INFO  grpc.GrpcConfigKeys (ConfUtils.java:logFallback(53)) - raft.grpc.client.host = null (fallback to raft.grpc.server.host)
2023-03-28 15:13:14,178 [Time-limited test] INFO  grpc.GrpcConfigKeys (ConfUtils.java:logGet(46)) - raft.grpc.client.port = 42931 (custom)
2023-03-28 15:13:14,178 [Time-limited test] INFO  grpc.GrpcConfigKeys (ConfUtils.java:logGet(46)) - raft.grpc.server.host = null (default)
2023-03-28 15:13:14,178 [Time-limited test] INFO  grpc.GrpcConfigKeys (ConfUtils.java:logGet(46)) - raft.grpc.server.port = 39189 (custom)
2023-03-28 15:13:14,178 [Time-limited test] INFO  server.GrpcService (ConfUtils.java:logGet(46)) - raft.grpc.message.size.max = 64MB (=67108864) (default)
2023-03-28 15:13:14,178 [Time-limited test] INFO  server.RaftServerConfigKeys (ConfUtils.java:logGet(46)) - raft.server.log.appender.buffer.byte-limit = 4MB (=4194304) (default)
2023-03-28 15:13:14,179 [Time-limited test] INFO  server.GrpcService (ConfUtils.java:logGet(46)) - raft.grpc.flow.control.window = 1MB (=1048576) (default)
2023-03-28 15:13:14,179 [Time-limited test] INFO  server.RaftServerConfigKeys (ConfUtils.java:logGet(46)) - raft.server.rpc.request.timeout = 3000ms (default)
2023-03-28 15:13:14,179 [Time-limited test] INFO  grpc.GrpcConfigKeys (ConfUtils.java:logGet(46)) - raft.grpc.server.heartbeat.channel = true (default)
2023-03-28 15:13:14,179 [Time-limited test] INFO  grpc.GrpcConfigKeys (ConfUtils.java:logGet(46)) - raft.grpc.server.async.request.thread.pool.cached = true (default)
2023-03-28 15:13:14,179 [Time-limited test] INFO  grpc.GrpcConfigKeys (ConfUtils.java:logGet(46)) - raft.grpc.server.async.request.thread.pool.size = 32 (default)
2023-03-28 15:13:14,182 [Time-limited test] INFO  impl.DataStreamServerImpl (ConfUtils.java:logGet(46)) - raft.datastream.type = NETTY (custom)
2023-03-28 15:13:14,182 [Time-limited test] INFO  server.RaftServerConfigKeys (ConfUtils.java:logGet(46)) - raft.server.data-stream.async.request.thread.pool.cached = false (default)
2023-03-28 15:13:14,184 [Time-limited test] INFO  server.RaftServerConfigKeys (ConfUtils.java:logGet(46)) - raft.server.data-stream.async.request.thread.pool.size = 32 (default)
2023-03-28 15:13:14,184 [Time-limited test] INFO  server.RaftServerConfigKeys (ConfUtils.java:logGet(46)) - raft.server.data-stream.async.write.thread.pool.size = 16 (default)
2023-03-28 15:13:14,184 [Time-limited test] INFO  server.RaftServerConfigKeys (ConfUtils.java:logGet(46)) - raft.server.data-stream.client.pool.size = 10 (default)
2023-03-28 15:13:14,184 [Time-limited test] INFO  netty.NettyConfigKeys$DataStream (ConfUtils.java:logGet(46)) - raft.netty.dataStream.server.use-epoll = false (default)
2023-03-28 15:13:14,184 [Time-limited test] INFO  netty.NettyConfigKeys$DataStream (ConfUtils.java:logGet(46)) - raft.netty.dataStream.server.boss-group.size = 0 (default)
2023-03-28 15:13:14,184 [Time-limited test] INFO  netty.NettyConfigKeys$DataStream (ConfUtils.java:logGet(46)) - raft.netty.dataStream.server.worker-group.size = 0 (default)
2023-03-28 15:13:14,186 [Time-limited test] INFO  netty.NettyConfigKeys$DataStream (ConfUtils.java:logGet(46)) - raft.netty.dataStream.server.tls.conf = null (default)
2023-03-28 15:13:14,186 [Time-limited test] INFO  netty.NettyConfigKeys$DataStream (ConfUtils.java:logGet(46)) - raft.netty.dataStream.host = null (default)
2023-03-28 15:13:14,186 [Time-limited test] INFO  netty.NettyConfigKeys$DataStream (ConfUtils.java:logGet(46)) - raft.netty.dataStream.port = 35501 (custom)
2023-03-28 15:13:14,191 [Time-limited test] INFO  server.RaftServerConfigKeys (ConfUtils.java:logGet(46)) - raft.server.threadpool.proxy.cached = true (default)
2023-03-28 15:13:14,191 [Time-limited test] INFO  server.RaftServerConfigKeys (ConfUtils.java:logGet(46)) - raft.server.threadpool.proxy.size = 0 (default)
2023-03-28 15:13:14,191 [s0-NettyServerStreamRpc-bossGroup--thread1] INFO  logging.LoggingHandler (AbstractInternalLogger.java:log(148)) - [id: 0x4c883ab2] REGISTERED
2023-03-28 15:13:14,191 [Time-limited test] INFO  server.RaftServerConfigKeys (ConfUtils.java:logGet(46)) - raft.server.rpc.slowness.timeout = 60s (default)
2023-03-28 15:13:14,192 [s0-NettyServerStreamRpc-bossGroup--thread1] INFO  logging.LoggingHandler (AbstractInternalLogger.java:log(148)) - [id: 0x4c883ab2] BIND: 0.0.0.0/0.0.0.0:35501
2023-03-28 15:13:14,193 [Time-limited test] INFO  server.RaftServerConfigKeys (ConfUtils.java:logGet(46)) - raft.server.leaderelection.leader.step-down.wait-time = 10s (default)
2023-03-28 15:13:14,193 [Time-limited test] INFO  server.RaftServerConfigKeys (ConfUtils.java:logGet(46)) - raft.server.storage.dir = [/home/runner/work/ratis/ratis/ratis-test/target/test/data/2b0b63e9/MiniRaftClusterWithRpcTypeGrpcAndDataStreamTypeNetty8bd798c8/s0] (custom)
2023-03-28 15:13:14,193 [s0-NettyServerStreamRpc-bossGroup--thread1] INFO  logging.LoggingHandler (AbstractInternalLogger.java:log(148)) - [id: 0x4c883ab2, L:/0.0.0.0:35501] ACTIVE
2023-03-28 15:13:14,204 [Time-limited test] INFO  server.RaftServer (RaftServerProxy.java:addNew(99)) - s0: addNew group-4AD7D8BDF6E4:[s0|rpc:localhost:39189|admin:localhost:46309|client:localhost:42931|dataStream:localhost:35501|priority:0|startupRole:FOLLOWER, s1|rpc:localhost:42161|admin:localhost:45919|client:localhost:41703|dataStream:localhost:35503|priority:0|startupRole:FOLLOWER, s2|rpc:localhost:39003|admin:localhost:43283|client:localhost:38251|dataStream:localhost:44179|priority:0|startupRole:FOLLOWER] returns group-4AD7D8BDF6E4:java.util.concurrent.CompletableFuture@5e36c34e[Not completed]
2023-03-28 15:13:14,204 [s0-groupManagement] INFO  server.RaftServer$Division (RaftServerImpl.java:<init>(198)) - s0: new RaftServerImpl for group-4AD7D8BDF6E4:[s0|rpc:localhost:39189|admin:localhost:46309|client:localhost:42931|dataStream:localhost:35501|priority:0|startupRole:FOLLOWER, s1|rpc:localhost:42161|admin:localhost:45919|client:localhost:41703|dataStream:localhost:35503|priority:0|startupRole:FOLLOWER, s2|rpc:localhost:39003|admin:localhost:43283|client:localhost:38251|dataStream:localhost:44179|priority:0|startupRole:FOLLOWER] with MultiDataStreamStateMachine:uninitialized
2023-03-28 15:13:14,205 [s0-groupManagement] INFO  server.RaftServerConfigKeys (ConfUtils.java:logGet(46)) - raft.server.rpc.timeout.min = 150ms (default)
2023-03-28 15:13:14,205 [Time-limited test] INFO  impl.MiniRaftCluster (MiniRaftCluster.java:newRaftServer(382)) - newRaftServer: s1, group-4AD7D8BDF6E4:[s0|rpc:localhost:39189|admin:localhost:46309|client:localhost:42931|dataStream:localhost:35501|priority:0|startupRole:FOLLOWER, s1|rpc:localhost:42161|admin:localhost:45919|client:localhost:41703|dataStream:localhost:35503|priority:0|startupRole:FOLLOWER, s2|rpc:localhost:39003|admin:localhost:43283|client:localhost:38251|dataStream:localhost:44179|priority:0|startupRole:FOLLOWER], format? true
2023-03-28 15:13:14,208 [Time-limited test] TRACE util.FileUtils (FileUtils.java:deleteFully(201)) - deleteFully target/test/data/2b0b63e9/MiniRaftClusterWithRpcTypeGrpcAndDataStreamTypeNetty8bd798c8/s1
2023-03-28 15:13:14,208 [Time-limited test] TRACE util.FileUtils (FileUtils.java:deleteFully(217)) - deleteFully: target/test/data/2b0b63e9/MiniRaftClusterWithRpcTypeGrpcAndDataStreamTypeNetty8bd798c8/s1 does not exist.
2023-03-28 15:13:14,208 [Time-limited test] INFO  impl.MiniRaftCluster (MiniRaftCluster.java:newRaftServer(387)) - Formatted directory target/test/data/2b0b63e9/MiniRaftClusterWithRpcTypeGrpcAndDataStreamTypeNetty8bd798c8/s1
2023-03-28 15:13:14,209 [Time-limited test] INFO  server.RaftServer (ConfUtils.java:logGet(46)) - raft.rpc.type = GRPC (default)
2023-03-28 15:13:14,209 [Time-limited test] INFO  grpc.GrpcConfigKeys (ConfUtils.java:logFallback(53)) - raft.grpc.admin.host = null (fallback to raft.grpc.server.host)
2023-03-28 15:13:14,209 [Time-limited test] INFO  grpc.GrpcConfigKeys (ConfUtils.java:logGet(46)) - raft.grpc.admin.port = 45919 (custom)
2023-03-28 15:13:14,209 [Time-limited test] INFO  grpc.GrpcConfigKeys (ConfUtils.java:logFallback(53)) - raft.grpc.client.host = null (fallback to raft.grpc.server.host)
2023-03-28 15:13:14,209 [Time-limited test] INFO  grpc.GrpcConfigKeys (ConfUtils.java:logGet(46)) - raft.grpc.client.port = 41703 (custom)
2023-03-28 15:13:14,209 [Time-limited test] INFO  grpc.GrpcConfigKeys (ConfUtils.java:logGet(46)) - raft.grpc.server.host = null (default)
2023-03-28 15:13:14,209 [Time-limited test] INFO  grpc.GrpcConfigKeys (ConfUtils.java:logGet(46)) - raft.grpc.server.port = 42161 (custom)
2023-03-28 15:13:14,209 [Time-limited test] INFO  server.GrpcService (ConfUtils.java:logGet(46)) - raft.grpc.message.size.max = 64MB (=67108864) (default)
2023-03-28 15:13:14,209 [Time-limited test] INFO  server.RaftServerConfigKeys (ConfUtils.java:logGet(46)) - raft.server.log.appender.buffer.byte-limit = 4MB (=4194304) (default)
2023-03-28 15:13:14,209 [Time-limited test] INFO  server.GrpcService (ConfUtils.java:logGet(46)) - raft.grpc.flow.control.window = 1MB (=1048576) (default)
2023-03-28 15:13:14,209 [Time-limited test] INFO  server.RaftServerConfigKeys (ConfUtils.java:logGet(46)) - raft.server.rpc.request.timeout = 3000ms (default)
2023-03-28 15:13:14,209 [Time-limited test] INFO  grpc.GrpcConfigKeys (ConfUtils.java:logGet(46)) - raft.grpc.server.heartbeat.channel = true (default)
2023-03-28 15:13:14,209 [Time-limited test] INFO  grpc.GrpcConfigKeys (ConfUtils.java:logGet(46)) - raft.grpc.server.async.request.thread.pool.cached = true (default)
2023-03-28 15:13:14,209 [Time-limited test] INFO  grpc.GrpcConfigKeys (ConfUtils.java:logGet(46)) - raft.grpc.server.async.request.thread.pool.size = 32 (default)
2023-03-28 15:13:14,210 [Time-limited test] INFO  impl.DataStreamServerImpl (ConfUtils.java:logGet(46)) - raft.datastream.type = NETTY (custom)
2023-03-28 15:13:14,211 [Time-limited test] INFO  server.RaftServerConfigKeys (ConfUtils.java:logGet(46)) - raft.server.data-stream.async.request.thread.pool.cached = false (default)
2023-03-28 15:13:14,211 [Time-limited test] INFO  server.RaftServerConfigKeys (ConfUtils.java:logGet(46)) - raft.server.data-stream.async.request.thread.pool.size = 32 (default)
2023-03-28 15:13:14,211 [Time-limited test] INFO  server.RaftServerConfigKeys (ConfUtils.java:logGet(46)) - raft.server.data-stream.async.write.thread.pool.size = 16 (default)
2023-03-28 15:13:14,211 [Time-limited test] INFO  server.RaftServerConfigKeys (ConfUtils.java:logGet(46)) - raft.server.data-stream.client.pool.size = 10 (default)
2023-03-28 15:13:14,211 [Time-limited test] INFO  netty.NettyConfigKeys$DataStream (ConfUtils.java:logGet(46)) - raft.netty.dataStream.server.use-epoll = false (default)
2023-03-28 15:13:14,211 [Time-limited test] INFO  netty.NettyConfigKeys$DataStream (ConfUtils.java:logGet(46)) - raft.netty.dataStream.server.boss-group.size = 0 (default)
2023-03-28 15:13:14,211 [Time-limited test] INFO  netty.NettyConfigKeys$DataStream (ConfUtils.java:logGet(46)) - raft.netty.dataStream.server.worker-group.size = 0 (default)
2023-03-28 15:13:14,211 [Time-limited test] INFO  netty.NettyConfigKeys$DataStream (ConfUtils.java:logGet(46)) - raft.netty.dataStream.server.tls.conf = null (default)
2023-03-28 15:13:14,212 [Time-limited test] INFO  netty.NettyConfigKeys$DataStream (ConfUtils.java:logGet(46)) - raft.netty.dataStream.host = null (default)
2023-03-28 15:13:14,212 [Time-limited test] INFO  netty.NettyConfigKeys$DataStream (ConfUtils.java:logGet(46)) - raft.netty.dataStream.port = 35503 (custom)
2023-03-28 15:13:14,205 [s0-groupManagement] INFO  server.RaftServerConfigKeys (ConfUtils.java:logGet(46)) - raft.server.rpc.timeout.max = 300ms (default)
2023-03-28 15:13:14,216 [s0-groupManagement] INFO  server.RaftServerConfigKeys (ConfUtils.java:logGet(46)) - raft.server.rpc.sleep.time = 25ms (default)
2023-03-28 15:13:14,216 [s0-groupManagement] INFO  server.RaftServerConfigKeys (ConfUtils.java:logGet(46)) - raft.server.rpc.slowness.timeout = 60s (default)
2023-03-28 15:13:14,216 [s0-groupManagement] INFO  server.RaftServerConfigKeys (ConfUtils.java:logGet(46)) - raft.server.leaderelection.leader.step-down.wait-time = 10s (default)
2023-03-28 15:13:14,216 [s0-groupManagement] INFO  server.RaftServerConfigKeys (ConfUtils.java:logGet(46)) - raft.server.sleep.deviation.threshold = 300ms (default)
2023-03-28 15:13:14,216 [s0-groupManagement] INFO  server.RaftServer$Division (ServerState.java:<init>(113)) - s0@group-4AD7D8BDF6E4: ConfigurationManager, init=-1: peers:[s0|rpc:localhost:39189|admin:localhost:46309|client:localhost:42931|dataStream:localhost:35501|priority:0|startupRole:FOLLOWER, s1|rpc:localhost:42161|admin:localhost:45919|client:localhost:41703|dataStream:localhost:35503|priority:0|startupRole:FOLLOWER, s2|rpc:localhost:39003|admin:localhost:43283|client:localhost:38251|dataStream:localhost:44179|priority:0|startupRole:FOLLOWER]|listeners:[], old=null, confs=<EMPTY_MAP>
2023-03-28 15:13:14,216 [s0-groupManagement] INFO  server.RaftServerConfigKeys (ConfUtils.java:logGet(46)) - raft.server.notification.no-leader.timeout = 60s (default)
2023-03-28 15:13:14,216 [s0-groupManagement] INFO  server.RaftServerConfigKeys (ConfUtils.java:logGet(46)) - raft.server.read.timeout = 10s (default)
2023-03-28 15:13:14,216 [s0-groupManagement] INFO  server.RaftServerConfigKeys (ConfUtils.java:logGet(46)) - raft.server.retrycache.expirytime = 60s (default)
2023-03-28 15:13:14,216 [s0-groupManagement] INFO  server.RaftServerConfigKeys (ConfUtils.java:logGet(46)) - raft.server.retrycache.statistics.expirytime = 100μs (default)
2023-03-28 15:13:14,217 [s0-groupManagement] INFO  server.RaftServerConfigKeys (ConfUtils.java:logGet(46)) - raft.server.read.option = DEFAULT (default)
2023-03-28 15:13:14,218 [s0-groupManagement] INFO  server.RaftServerConfigKeys (ConfUtils.java:logGet(46)) - raft.server.rpc.request.timeout = 3000ms (default)
2023-03-28 15:13:14,218 [s0-groupManagement] INFO  server.RaftServerConfigKeys (ConfUtils.java:logGet(46)) - raft.server.log.appender.install.snapshot.enabled = true (default)
2023-03-28 15:13:14,218 [s0-groupManagement] INFO  server.RaftServerConfigKeys (ConfUtils.java:logGet(46)) - raft.server.threadpool.server.cached = true (default)
2023-03-28 15:13:14,218 [s0-groupManagement] INFO  server.RaftServerConfigKeys (ConfUtils.java:logGet(46)) - raft.server.threadpool.server.size = 0 (default)
2023-03-28 15:13:14,218 [s0-groupManagement] INFO  server.RaftServerConfigKeys (ConfUtils.java:logGet(46)) - raft.server.threadpool.client.cached = true (default)
2023-03-28 15:13:14,218 [s0-groupManagement] INFO  server.RaftServerConfigKeys (ConfUtils.java:logGet(46)) - raft.server.threadpool.client.size = 0 (default)
2023-03-28 15:13:14,212 [s1-NettyServerStreamRpc-bossGroup--thread1] INFO  logging.LoggingHandler (AbstractInternalLogger.java:log(148)) - [id: 0x967ba9f1] REGISTERED
2023-03-28 15:13:14,212 [Time-limited test] INFO  server.RaftServerConfigKeys (ConfUtils.java:logGet(46)) - raft.server.threadpool.proxy.cached = true (default)
2023-03-28 15:13:14,221 [Time-limited test] INFO  server.RaftServerConfigKeys (ConfUtils.java:logGet(46)) - raft.server.threadpool.proxy.size = 0 (default)
2023-03-28 15:13:14,221 [Time-limited test] INFO  server.RaftServerConfigKeys (ConfUtils.java:logGet(46)) - raft.server.rpc.slowness.timeout = 60s (default)
2023-03-28 15:13:14,221 [Time-limited test] INFO  server.RaftServerConfigKeys (ConfUtils.java:logGet(46)) - raft.server.leaderelection.leader.step-down.wait-time = 10s (default)
2023-03-28 15:13:14,221 [Time-limited test] INFO  server.RaftServerConfigKeys (ConfUtils.java:logGet(46)) - raft.server.storage.dir = [/home/runner/work/ratis/ratis/ratis-test/target/test/data/2b0b63e9/MiniRaftClusterWithRpcTypeGrpcAndDataStreamTypeNetty8bd798c8/s1] (custom)
2023-03-28 15:13:14,221 [s1-NettyServerStreamRpc-bossGroup--thread1] INFO  logging.LoggingHandler (AbstractInternalLogger.java:log(148)) - [id: 0x967ba9f1] BIND: 0.0.0.0/0.0.0.0:35503
2023-03-28 15:13:14,222 [s1-NettyServerStreamRpc-bossGroup--thread1] INFO  logging.LoggingHandler (AbstractInternalLogger.java:log(148)) - [id: 0x967ba9f1, L:/0.0.0.0:35503] ACTIVE
2023-03-28 15:13:14,224 [Time-limited test] INFO  server.RaftServer (RaftServerProxy.java:addNew(99)) - s1: addNew group-4AD7D8BDF6E4:[s0|rpc:localhost:39189|admin:localhost:46309|client:localhost:42931|dataStream:localhost:35501|priority:0|startupRole:FOLLOWER, s1|rpc:localhost:42161|admin:localhost:45919|client:localhost:41703|dataStream:localhost:35503|priority:0|startupRole:FOLLOWER, s2|rpc:localhost:39003|admin:localhost:43283|client:localhost:38251|dataStream:localhost:44179|priority:0|startupRole:FOLLOWER] returns group-4AD7D8BDF6E4:java.util.concurrent.CompletableFuture@65bcdee1[Not completed]
2023-03-28 15:13:14,224 [Time-limited test] INFO  impl.MiniRaftCluster (MiniRaftCluster.java:newRaftServer(382)) - newRaftServer: s2, group-4AD7D8BDF6E4:[s0|rpc:localhost:39189|admin:localhost:46309|client:localhost:42931|dataStream:localhost:35501|priority:0|startupRole:FOLLOWER, s1|rpc:localhost:42161|admin:localhost:45919|client:localhost:41703|dataStream:localhost:35503|priority:0|startupRole:FOLLOWER, s2|rpc:localhost:39003|admin:localhost:43283|client:localhost:38251|dataStream:localhost:44179|priority:0|startupRole:FOLLOWER], format? true
2023-03-28 15:13:14,224 [Time-limited test] TRACE util.FileUtils (FileUtils.java:deleteFully(201)) - deleteFully target/test/data/2b0b63e9/MiniRaftClusterWithRpcTypeGrpcAndDataStreamTypeNetty8bd798c8/s2
2023-03-28 15:13:14,224 [Time-limited test] TRACE util.FileUtils (FileUtils.java:deleteFully(217)) - deleteFully: target/test/data/2b0b63e9/MiniRaftClusterWithRpcTypeGrpcAndDataStreamTypeNetty8bd798c8/s2 does not exist.
2023-03-28 15:13:14,224 [Time-limited test] INFO  impl.MiniRaftCluster (MiniRaftCluster.java:newRaftServer(387)) - Formatted directory target/test/data/2b0b63e9/MiniRaftClusterWithRpcTypeGrpcAndDataStreamTypeNetty8bd798c8/s2
2023-03-28 15:13:14,225 [Time-limited test] INFO  server.RaftServer (ConfUtils.java:logGet(46)) - raft.rpc.type = GRPC (default)
2023-03-28 15:13:14,225 [Time-limited test] INFO  grpc.GrpcConfigKeys (ConfUtils.java:logFallback(53)) - raft.grpc.admin.host = null (fallback to raft.grpc.server.host)
2023-03-28 15:13:14,225 [Time-limited test] INFO  grpc.GrpcConfigKeys (ConfUtils.java:logGet(46)) - raft.grpc.admin.port = 43283 (custom)
2023-03-28 15:13:14,225 [Time-limited test] INFO  grpc.GrpcConfigKeys (ConfUtils.java:logFallback(53)) - raft.grpc.client.host = null (fallback to raft.grpc.server.host)
2023-03-28 15:13:14,225 [Time-limited test] INFO  grpc.GrpcConfigKeys (ConfUtils.java:logGet(46)) - raft.grpc.client.port = 38251 (custom)
2023-03-28 15:13:14,225 [Time-limited test] INFO  grpc.GrpcConfigKeys (ConfUtils.java:logGet(46)) - raft.grpc.server.host = null (default)
2023-03-28 15:13:14,225 [Time-limited test] INFO  grpc.GrpcConfigKeys (ConfUtils.java:logGet(46)) - raft.grpc.server.port = 39003 (custom)
2023-03-28 15:13:14,225 [Time-limited test] INFO  server.GrpcService (ConfUtils.java:logGet(46)) - raft.grpc.message.size.max = 64MB (=67108864) (default)
2023-03-28 15:13:14,225 [Time-limited test] INFO  server.RaftServerConfigKeys (ConfUtils.java:logGet(46)) - raft.server.log.appender.buffer.byte-limit = 4MB (=4194304) (default)
2023-03-28 15:13:14,225 [Time-limited test] INFO  server.GrpcService (ConfUtils.java:logGet(46)) - raft.grpc.flow.control.window = 1MB (=1048576) (default)
2023-03-28 15:13:14,225 [Time-limited test] INFO  server.RaftServerConfigKeys (ConfUtils.java:logGet(46)) - raft.server.rpc.request.timeout = 3000ms (default)
2023-03-28 15:13:14,225 [Time-limited test] INFO  grpc.GrpcConfigKeys (ConfUtils.java:logGet(46)) - raft.grpc.server.heartbeat.channel = true (default)
2023-03-28 15:13:14,225 [Time-limited test] INFO  grpc.GrpcConfigKeys (ConfUtils.java:logGet(46)) - raft.grpc.server.async.request.thread.pool.cached = true (default)
2023-03-28 15:13:14,225 [Time-limited test] INFO  grpc.GrpcConfigKeys (ConfUtils.java:logGet(46)) - raft.grpc.server.async.request.thread.pool.size = 32 (default)
2023-03-28 15:13:14,227 [Time-limited test] INFO  impl.DataStreamServerImpl (ConfUtils.java:logGet(46)) - raft.datastream.type = NETTY (custom)
2023-03-28 15:13:14,227 [Time-limited test] INFO  server.RaftServerConfigKeys (ConfUtils.java:logGet(46)) - raft.server.data-stream.async.request.thread.pool.cached = false (default)
2023-03-28 15:13:14,227 [Time-limited test] INFO  server.RaftServerConfigKeys (ConfUtils.java:logGet(46)) - raft.server.data-stream.async.request.thread.pool.size = 32 (default)
2023-03-28 15:13:14,230 [Time-limited test] INFO  server.RaftServerConfigKeys (ConfUtils.java:logGet(46)) - raft.server.data-stream.async.write.thread.pool.size = 16 (default)
2023-03-28 15:13:14,230 [Time-limited test] INFO  server.RaftServerConfigKeys (ConfUtils.java:logGet(46)) - raft.server.data-stream.client.pool.size = 10 (default)
2023-03-28 15:13:14,230 [Time-limited test] INFO  netty.NettyConfigKeys$DataStream (ConfUtils.java:logGet(46)) - raft.netty.dataStream.server.use-epoll = false (default)
2023-03-28 15:13:14,230 [Time-limited test] INFO  netty.NettyConfigKeys$DataStream (ConfUtils.java:logGet(46)) - raft.netty.dataStream.server.boss-group.size = 0 (default)
2023-03-28 15:13:14,230 [Time-limited test] INFO  netty.NettyConfigKeys$DataStream (ConfUtils.java:logGet(46)) - raft.netty.dataStream.server.worker-group.size = 0 (default)
2023-03-28 15:13:14,231 [Time-limited test] INFO  netty.NettyConfigKeys$DataStream (ConfUtils.java:logGet(46)) - raft.netty.dataStream.server.tls.conf = null (default)
2023-03-28 15:13:14,231 [Time-limited test] INFO  netty.NettyConfigKeys$DataStream (ConfUtils.java:logGet(46)) - raft.netty.dataStream.host = null (default)
2023-03-28 15:13:14,231 [Time-limited test] INFO  netty.NettyConfigKeys$DataStream (ConfUtils.java:logGet(46)) - raft.netty.dataStream.port = 44179 (custom)
2023-03-28 15:13:14,232 [s1-groupManagement] INFO  server.RaftServer$Division (RaftServerImpl.java:<init>(198)) - s1: new RaftServerImpl for group-4AD7D8BDF6E4:[s0|rpc:localhost:39189|admin:localhost:46309|client:localhost:42931|dataStream:localhost:35501|priority:0|startupRole:FOLLOWER, s1|rpc:localhost:42161|admin:localhost:45919|client:localhost:41703|dataStream:localhost:35503|priority:0|startupRole:FOLLOWER, s2|rpc:localhost:39003|admin:localhost:43283|client:localhost:38251|dataStream:localhost:44179|priority:0|startupRole:FOLLOWER] with MultiDataStreamStateMachine:uninitialized
2023-03-28 15:13:14,239 [s1-groupManagement] INFO  server.RaftServerConfigKeys (ConfUtils.java:logGet(46)) - raft.server.rpc.timeout.min = 150ms (default)
2023-03-28 15:13:14,239 [s1-groupManagement] INFO  server.RaftServerConfigKeys (ConfUtils.java:logGet(46)) - raft.server.rpc.timeout.max = 300ms (default)
2023-03-28 15:13:14,239 [s1-groupManagement] INFO  server.RaftServerConfigKeys (ConfUtils.java:logGet(46)) - raft.server.rpc.sleep.time = 25ms (default)
2023-03-28 15:13:14,239 [s1-groupManagement] INFO  server.RaftServerConfigKeys (ConfUtils.java:logGet(46)) - raft.server.rpc.slowness.timeout = 60s (default)
2023-03-28 15:13:14,239 [s1-groupManagement] INFO  server.RaftServerConfigKeys (ConfUtils.java:logGet(46)) - raft.server.leaderelection.leader.step-down.wait-time = 10s (default)
2023-03-28 15:13:14,239 [s1-groupManagement] INFO  server.RaftServerConfigKeys (ConfUtils.java:logGet(46)) - raft.server.sleep.deviation.threshold = 300ms (default)
2023-03-28 15:13:14,239 [s1-groupManagement] INFO  server.RaftServer$Division (ServerState.java:<init>(113)) - s1@group-4AD7D8BDF6E4: ConfigurationManager, init=-1: peers:[s0|rpc:localhost:39189|admin:localhost:46309|client:localhost:42931|dataStream:localhost:35501|priority:0|startupRole:FOLLOWER, s1|rpc:localhost:42161|admin:localhost:45919|client:localhost:41703|dataStream:localhost:35503|priority:0|startupRole:FOLLOWER, s2|rpc:localhost:39003|admin:localhost:43283|client:localhost:38251|dataStream:localhost:44179|priority:0|startupRole:FOLLOWER]|listeners:[], old=null, confs=<EMPTY_MAP>
2023-03-28 15:13:14,239 [s1-groupManagement] INFO  server.RaftServerConfigKeys (ConfUtils.java:logGet(46)) - raft.server.notification.no-leader.timeout = 60s (default)
2023-03-28 15:13:14,239 [s1-groupManagement] INFO  server.RaftServerConfigKeys (ConfUtils.java:logGet(46)) - raft.server.read.timeout = 10s (default)
2023-03-28 15:13:14,239 [s1-groupManagement] INFO  server.RaftServerConfigKeys (ConfUtils.java:logGet(46)) - raft.server.retrycache.expirytime = 60s (default)
2023-03-28 15:13:14,239 [s1-groupManagement] INFO  server.RaftServerConfigKeys (ConfUtils.java:logGet(46)) - raft.server.retrycache.statistics.expirytime = 100μs (default)
2023-03-28 15:13:14,239 [s1-groupManagement] INFO  server.RaftServerConfigKeys (ConfUtils.java:logGet(46)) - raft.server.read.option = DEFAULT (default)
2023-03-28 15:13:14,238 [Time-limited test] INFO  server.RaftServerConfigKeys (ConfUtils.java:logGet(46)) - raft.server.threadpool.proxy.cached = true (default)
2023-03-28 15:13:14,241 [Time-limited test] INFO  server.RaftServerConfigKeys (ConfUtils.java:logGet(46)) - raft.server.threadpool.proxy.size = 0 (default)
2023-03-28 15:13:14,241 [Time-limited test] INFO  server.RaftServerConfigKeys (ConfUtils.java:logGet(46)) - raft.server.rpc.slowness.timeout = 60s (default)
2023-03-28 15:13:14,241 [Time-limited test] INFO  server.RaftServerConfigKeys (ConfUtils.java:logGet(46)) - raft.server.leaderelection.leader.step-down.wait-time = 10s (default)
2023-03-28 15:13:14,241 [Time-limited test] INFO  server.RaftServerConfigKeys (ConfUtils.java:logGet(46)) - raft.server.storage.dir = [/home/runner/work/ratis/ratis/ratis-test/target/test/data/2b0b63e9/MiniRaftClusterWithRpcTypeGrpcAndDataStreamTypeNetty8bd798c8/s2] (custom)
2023-03-28 15:13:14,242 [s1-groupManagement] INFO  server.RaftServerConfigKeys (ConfUtils.java:logGet(46)) - raft.server.rpc.request.timeout = 3000ms (default)
2023-03-28 15:13:14,242 [s1-groupManagement] INFO  server.RaftServerConfigKeys (ConfUtils.java:logGet(46)) - raft.server.log.appender.install.snapshot.enabled = true (default)
2023-03-28 15:13:14,242 [s1-groupManagement] INFO  server.RaftServerConfigKeys (ConfUtils.java:logGet(46)) - raft.server.threadpool.server.cached = true (default)
2023-03-28 15:13:14,242 [s1-groupManagement] INFO  server.RaftServerConfigKeys (ConfUtils.java:logGet(46)) - raft.server.threadpool.server.size = 0 (default)
2023-03-28 15:13:14,242 [s1-groupManagement] INFO  server.RaftServerConfigKeys (ConfUtils.java:logGet(46)) - raft.server.threadpool.client.cached = true (default)
2023-03-28 15:13:14,242 [s1-groupManagement] INFO  server.RaftServerConfigKeys (ConfUtils.java:logGet(46)) - raft.server.threadpool.client.size = 0 (default)
2023-03-28 15:13:14,243 [Time-limited test] INFO  server.RaftServer (RaftServerProxy.java:addNew(99)) - s2: addNew group-4AD7D8BDF6E4:[s0|rpc:localhost:39189|admin:localhost:46309|client:localhost:42931|dataStream:localhost:35501|priority:0|startupRole:FOLLOWER, s1|rpc:localhost:42161|admin:localhost:45919|client:localhost:41703|dataStream:localhost:35503|priority:0|startupRole:FOLLOWER, s2|rpc:localhost:39003|admin:localhost:43283|client:localhost:38251|dataStream:localhost:44179|priority:0|startupRole:FOLLOWER] returns group-4AD7D8BDF6E4:java.util.concurrent.CompletableFuture@4573a2a2[Not completed]
2023-03-28 15:13:14,240 [s2-NettyServerStreamRpc-bossGroup--thread1] INFO  logging.LoggingHandler (AbstractInternalLogger.java:log(148)) - [id: 0x2b4b07cb] REGISTERED
2023-03-28 15:13:14,243 [s2-NettyServerStreamRpc-bossGroup--thread1] INFO  logging.LoggingHandler (AbstractInternalLogger.java:log(148)) - [id: 0x2b4b07cb] BIND: 0.0.0.0/0.0.0.0:44179
2023-03-28 15:13:14,244 [s2-NettyServerStreamRpc-bossGroup--thread1] INFO  logging.LoggingHandler (AbstractInternalLogger.java:log(148)) - [id: 0x2b4b07cb, L:0.0.0.0/0.0.0.0:44179] ACTIVE
2023-03-28 15:13:14,244 [s0-impl-thread1] INFO  server.RaftServerConfigKeys (ConfUtils.java:logGet(46)) - raft.server.storage.free-space.min = 0MB (=0) (default)
2023-03-28 15:13:14,245 [s0-impl-thread1] INFO  server.RaftServerConfigKeys (ConfUtils.java:logGet(46)) - raft.server.log.corruption.policy = EXCEPTION (default)
2023-03-28 15:13:14,245 [s0-impl-thread1] INFO  server.RaftServerConfigKeys (ConfUtils.java:logGet(46)) - raft.server.storage.dir = [/home/runner/work/ratis/ratis/ratis-test/target/test/data/2b0b63e9/MiniRaftClusterWithRpcTypeGrpcAndDataStreamTypeNetty8bd798c8/s0] (custom)
2023-03-28 15:13:14,245 [s0-impl-thread1] INFO  storage.RaftStorageDirectory (RaftStorageDirectoryImpl.java:analyzeStorage(138)) - The storage directory /home/runner/work/ratis/ratis/ratis-test/target/test/data/2b0b63e9/MiniRaftClusterWithRpcTypeGrpcAndDataStreamTypeNetty8bd798c8/s0/b2440a32-6ec4-4a03-8d45-4ad7d8bdf6e4 does not exist. Creating ...
2023-03-28 15:13:14,245 [s0-impl-thread1] TRACE util.FileUtils (LogUtils.java:runAndLog(49)) - Successfully ran Files.createDirectories /home/runner/work/ratis/ratis/ratis-test/target/test/data/2b0b63e9/MiniRaftClusterWithRpcTypeGrpcAndDataStreamTypeNetty8bd798c8/s0/b2440a32-6ec4-4a03-8d45-4ad7d8bdf6e4
2023-03-28 15:13:14,244 [s2-groupManagement] INFO  server.RaftServer$Division (RaftServerImpl.java:<init>(198)) - s2: new RaftServerImpl for group-4AD7D8BDF6E4:[s0|rpc:localhost:39189|admin:localhost:46309|client:localhost:42931|dataStream:localhost:35501|priority:0|startupRole:FOLLOWER, s1|rpc:localhost:42161|admin:localhost:45919|client:localhost:41703|dataStream:localhost:35503|priority:0|startupRole:FOLLOWER, s2|rpc:localhost:39003|admin:localhost:43283|client:localhost:38251|dataStream:localhost:44179|priority:0|startupRole:FOLLOWER] with MultiDataStreamStateMachine:uninitialized
2023-03-28 15:13:14,246 [s2-groupManagement] INFO  server.RaftServerConfigKeys (ConfUtils.java:logGet(46)) - raft.server.rpc.timeout.min = 150ms (default)
2023-03-28 15:13:14,246 [s2-groupManagement] INFO  server.RaftServerConfigKeys (ConfUtils.java:logGet(46)) - raft.server.rpc.timeout.max = 300ms (default)
2023-03-28 15:13:14,246 [s2-groupManagement] INFO  server.RaftServerConfigKeys (ConfUtils.java:logGet(46)) - raft.server.rpc.sleep.time = 25ms (default)
2023-03-28 15:13:14,246 [s2-groupManagement] INFO  server.RaftServerConfigKeys (ConfUtils.java:logGet(46)) - raft.server.rpc.slowness.timeout = 60s (default)
2023-03-28 15:13:14,246 [s2-groupManagement] INFO  server.RaftServerConfigKeys (ConfUtils.java:logGet(46)) - raft.server.leaderelection.leader.step-down.wait-time = 10s (default)
2023-03-28 15:13:14,246 [s2-groupManagement] INFO  server.RaftServerConfigKeys (ConfUtils.java:logGet(46)) - raft.server.sleep.deviation.threshold = 300ms (default)
2023-03-28 15:13:14,246 [s2-groupManagement] INFO  server.RaftServer$Division (ServerState.java:<init>(113)) - s2@group-4AD7D8BDF6E4: ConfigurationManager, init=-1: peers:[s0|rpc:localhost:39189|admin:localhost:46309|client:localhost:42931|dataStream:localhost:35501|priority:0|startupRole:FOLLOWER, s1|rpc:localhost:42161|admin:localhost:45919|client:localhost:41703|dataStream:localhost:35503|priority:0|startupRole:FOLLOWER, s2|rpc:localhost:39003|admin:localhost:43283|client:localhost:38251|dataStream:localhost:44179|priority:0|startupRole:FOLLOWER]|listeners:[], old=null, confs=<EMPTY_MAP>
2023-03-28 15:13:14,246 [s2-groupManagement] INFO  server.RaftServerConfigKeys (ConfUtils.java:logGet(46)) - raft.server.notification.no-leader.timeout = 60s (default)
2023-03-28 15:13:14,247 [s2-groupManagement] INFO  server.RaftServerConfigKeys (ConfUtils.java:logGet(46)) - raft.server.read.timeout = 10s (default)
2023-03-28 15:13:14,247 [s2-groupManagement] INFO  server.RaftServerConfigKeys (ConfUtils.java:logGet(46)) - raft.server.retrycache.expirytime = 60s (default)
2023-03-28 15:13:14,247 [s2-groupManagement] INFO  server.RaftServerConfigKeys (ConfUtils.java:logGet(46)) - raft.server.retrycache.statistics.expirytime = 100μs (default)
2023-03-28 15:13:14,247 [s2-groupManagement] INFO  server.RaftServerConfigKeys (ConfUtils.java:logGet(46)) - raft.server.read.option = DEFAULT (default)
2023-03-28 15:13:14,248 [s0-impl-thread1] INFO  storage.RaftStorageDirectory (RaftStorageDirectoryImpl.java:tryLock(232)) - Lock on /home/runner/work/ratis/ratis/ratis-test/target/test/data/2b0b63e9/MiniRaftClusterWithRpcTypeGrpcAndDataStreamTypeNetty8bd798c8/s0/b2440a32-6ec4-4a03-8d45-4ad7d8bdf6e4/in_use.lock acquired by nodename 13506@fv-az451-9
2023-03-28 15:13:14,252 [s0-impl-thread1] TRACE util.FileUtils (LogUtils.java:runAndLog(49)) - Successfully ran Files.createDirectories /home/runner/work/ratis/ratis/ratis-test/target/test/data/2b0b63e9/MiniRaftClusterWithRpcTypeGrpcAndDataStreamTypeNetty8bd798c8/s0/b2440a32-6ec4-4a03-8d45-4ad7d8bdf6e4/current
2023-03-28 15:13:14,252 [s0-impl-thread1] TRACE util.FileUtils (LogUtils.java:runAndLog(49)) - Successfully ran Files.createDirectories /home/runner/work/ratis/ratis/ratis-test/target/test/data/2b0b63e9/MiniRaftClusterWithRpcTypeGrpcAndDataStreamTypeNetty8bd798c8/s0/b2440a32-6ec4-4a03-8d45-4ad7d8bdf6e4/sm
2023-03-28 15:13:14,254 [s0-impl-thread1] INFO  storage.RaftStorage (RaftStorageImpl.java:format(96)) - Storage directory /home/runner/work/ratis/ratis/ratis-test/target/test/data/2b0b63e9/MiniRaftClusterWithRpcTypeGrpcAndDataStreamTypeNetty8bd798c8/s0/b2440a32-6ec4-4a03-8d45-4ad7d8bdf6e4 has been successfully formatted.
2023-03-28 15:13:14,254 [s0-impl-thread1] INFO  server.RaftServerConfigKeys (ConfUtils.java:logGet(46)) - raft.server.log.use.memory = false (default)
2023-03-28 15:13:14,254 [s0-impl-thread1] INFO  server.RaftServerConfigKeys (ConfUtils.java:logGet(46)) - raft.server.log.purge.gap = 1024 (default)
2023-03-28 15:13:14,254 [s0-impl-thread1] INFO  server.RaftServerConfigKeys (ConfUtils.java:logGet(46)) - raft.server.log.appender.buffer.byte-limit = 4MB (=4194304) (default)
2023-03-28 15:13:14,254 [s0-impl-thread1] INFO  server.RaftServerConfigKeys (ConfUtils.java:logGet(46)) - raft.server.log.statemachine.data.read.timeout = 1000ms (default)
2023-03-28 15:13:14,254 [s0-impl-thread1] INFO  server.RaftServerConfigKeys (ConfUtils.java:logGet(46)) - raft.server.log.purge.preservation.log.num = 0 (default)
2023-03-28 15:13:14,255 [s0-impl-thread1] INFO  server.RaftServerConfigKeys (ConfUtils.java:logGet(46)) - raft.server.log.segment.size.max = 8MB (=8388608) (default)
2023-03-28 15:13:14,255 [s0-impl-thread1] INFO  server.RaftServerConfigKeys (ConfUtils.java:logGet(46)) - raft.server.log.segment.cache.num.max = 6 (default)
2023-03-28 15:13:14,255 [s0-impl-thread1] INFO  server.RaftServerConfigKeys (ConfUtils.java:logGet(46)) - raft.server.log.segment.cache.size.max = 200MB (=209715200) (default)
2023-03-28 15:13:14,255 [s0-impl-thread1] INFO  server.RaftServerConfigKeys (ConfUtils.java:logGet(46)) - raft.server.log.appender.buffer.byte-limit = 4MB (=4194304) (default)
2023-03-28 15:13:14,255 [s2-groupManagement] INFO  server.RaftServerConfigKeys (ConfUtils.java:logGet(46)) - raft.server.rpc.request.timeout = 3000ms (default)
2023-03-28 15:13:14,255 [s2-groupManagement] INFO  server.RaftServerConfigKeys (ConfUtils.java:logGet(46)) - raft.server.log.appender.install.snapshot.enabled = true (default)
2023-03-28 15:13:14,255 [s2-groupManagement] INFO  server.RaftServerConfigKeys (ConfUtils.java:logGet(46)) - raft.server.threadpool.server.cached = true (default)
2023-03-28 15:13:14,255 [s2-groupManagement] INFO  server.RaftServerConfigKeys (ConfUtils.java:logGet(46)) - raft.server.threadpool.server.size = 0 (default)
2023-03-28 15:13:14,255 [s2-groupManagement] INFO  server.RaftServerConfigKeys (ConfUtils.java:logGet(46)) - raft.server.threadpool.client.cached = true (default)
2023-03-28 15:13:14,255 [s2-groupManagement] INFO  server.RaftServerConfigKeys (ConfUtils.java:logGet(46)) - raft.server.threadpool.client.size = 0 (default)
2023-03-28 15:13:14,255 [s0-impl-thread1] INFO  segmented.SegmentedRaftLogWorker (SegmentedRaftLogWorker.java:<init>(183)) - new s0@group-4AD7D8BDF6E4-SegmentedRaftLogWorker for RaftStorageImpl:Storage Directory /home/runner/work/ratis/ratis/ratis-test/target/test/data/2b0b63e9/MiniRaftClusterWithRpcTypeGrpcAndDataStreamTypeNetty8bd798c8/s0/b2440a32-6ec4-4a03-8d45-4ad7d8bdf6e4
2023-03-28 15:13:14,257 [s0-impl-thread1] INFO  server.RaftServerConfigKeys (ConfUtils.java:logGet(46)) - raft.server.log.queue.byte-limit = 64MB (=67108864) (default)
2023-03-28 15:13:14,257 [s0-impl-thread1] INFO  server.RaftServerConfigKeys (ConfUtils.java:logGet(46)) - raft.server.log.queue.element-limit = 4096 (default)
2023-03-28 15:13:14,257 [s0-impl-thread1] INFO  server.RaftServerConfigKeys (ConfUtils.java:logGet(46)) - raft.server.log.segment.size.max = 8MB (=8388608) (default)
2023-03-28 15:13:14,257 [s0-impl-thread1] INFO  server.RaftServerConfigKeys (ConfUtils.java:logGet(46)) - raft.server.log.preallocated.size = 4MB (=4194304) (default)
2023-03-28 15:13:14,257 [s0-impl-thread1] INFO  server.RaftServerConfigKeys (ConfUtils.java:logGet(46)) - raft.server.log.force.sync.num = 128 (default)
2023-03-28 15:13:14,257 [s0-impl-thread1] INFO  server.RaftServerConfigKeys (ConfUtils.java:logGet(46)) - raft.server.log.statemachine.data.sync = true (default)
2023-03-28 15:13:14,257 [s0-impl-thread1] INFO  server.RaftServerConfigKeys (ConfUtils.java:logGet(46)) - raft.server.log.statemachine.data.sync.timeout = 10s (default)
2023-03-28 15:13:14,257 [s0-impl-thread1] INFO  server.RaftServerConfigKeys (ConfUtils.java:logGet(46)) - raft.server.log.statemachine.data.sync.timeout.retry = -1 (default)
2023-03-28 15:13:14,258 [s0-impl-thread1] INFO  server.RaftServerConfigKeys (ConfUtils.java:logGet(46)) - raft.server.log.write.buffer.size = 64KB (=65536) (default)
2023-03-28 15:13:14,258 [s0-impl-thread1] INFO  server.RaftServerConfigKeys (ConfUtils.java:logGet(46)) - raft.server.log.appender.buffer.byte-limit = 4MB (=4194304) (default)
2023-03-28 15:13:14,259 [s0-impl-thread1] INFO  server.RaftServerConfigKeys (ConfUtils.java:logGet(46)) - raft.server.log.unsafe-flush.enabled = false (default)
2023-03-28 15:13:14,259 [s0-impl-thread1] INFO  server.RaftServerConfigKeys (ConfUtils.java:logGet(46)) - raft.server.log.async-flush.enabled = false (default)
2023-03-28 15:13:14,259 [s0-impl-thread1] INFO  server.RaftServerConfigKeys (ConfUtils.java:logGet(46)) - raft.server.log.statemachine.data.caching.enabled = false (default)
2023-03-28 15:13:14,259 [s0-impl-thread1] INFO  segmented.SegmentedRaftLogWorker (SegmentedRaftLogWorker.java:lambda$new$0(134)) - s0@group-4AD7D8BDF6E4-SegmentedRaftLogWorker: flushIndex: setUnconditionally 0 -> -1
2023-03-28 15:13:14,259 [s0-impl-thread1] INFO  segmented.SegmentedRaftLogWorker (SegmentedRaftLogWorker.java:lambda$new$0(134)) - s0@group-4AD7D8BDF6E4-SegmentedRaftLogWorker: safeCacheEvictIndex: setUnconditionally 0 -> -1
2023-03-28 15:13:14,260 [s0-impl-thread1] INFO  server.RaftServer$Division (RaftServerImpl.java:start(342)) - s0@group-4AD7D8BDF6E4: start as a follower, conf=-1: peers:[s0|rpc:localhost:39189|admin:localhost:46309|client:localhost:42931|dataStream:localhost:35501|priority:0|startupRole:FOLLOWER, s1|rpc:localhost:42161|admin:localhost:45919|client:localhost:41703|dataStream:localhost:35503|priority:0|startupRole:FOLLOWER, s2|rpc:localhost:39003|admin:localhost:43283|client:localhost:38251|dataStream:localhost:44179|priority:0|startupRole:FOLLOWER]|listeners:[], old=null
2023-03-28 15:13:14,260 [s0-impl-thread1] INFO  server.RaftServer$Division (RaftServerImpl.java:setRole(329)) - s0@group-4AD7D8BDF6E4: changes role from      null to FOLLOWER at term 0 for startAsFollower
2023-03-28 15:13:14,260 [s0-impl-thread1] INFO  impl.RoleInfo (RoleInfo.java:updateAndGet(139)) - s0: start s0@group-4AD7D8BDF6E4-FollowerState
2023-03-28 15:13:14,261 [s0-impl-thread1] INFO  util.JmxRegister (JmxRegister.java:tryRegister(44)) - Successfully registered JMX Bean with object name Ratis:service=RaftServer,group=group-4AD7D8BDF6E4,id=s0
2023-03-28 15:13:14,261 [s0-impl-thread1] INFO  server.RaftServerConfigKeys (ConfUtils.java:logGet(46)) - raft.server.snapshot.auto.trigger.enabled = false (default)
2023-03-28 15:13:14,261 [s0-impl-thread1] INFO  server.RaftServerConfigKeys (ConfUtils.java:logGet(46)) - raft.server.snapshot.retention.file.num = -1 (default)
2023-03-28 15:13:14,261 [s0-impl-thread1] INFO  server.RaftServerConfigKeys (ConfUtils.java:logGet(46)) - raft.server.log.purge.upto.snapshot.index = false (default)
2023-03-28 15:13:14,261 [s0@group-4AD7D8BDF6E4-FollowerState] INFO  server.RaftServerConfigKeys (ConfUtils.java:logFallback(53)) - raft.server.rpc.first-election.timeout.min = 150ms (fallback to raft.server.rpc.timeout.min)
2023-03-28 15:13:14,261 [Time-limited test] INFO  server.RaftServer (RaftServerProxy.java:startImpl(401)) - s0: start RPC server
2023-03-28 15:13:14,263 [s0@group-4AD7D8BDF6E4-FollowerState] INFO  server.RaftServerConfigKeys (ConfUtils.java:logFallback(53)) - raft.server.rpc.first-election.timeout.max = 300ms (fallback to raft.server.rpc.timeout.max)
2023-03-28 15:13:14,265 [Time-limited test] INFO  server.GrpcService (GrpcService.java:startImpl(302)) - s0: GrpcService started, listening on 42931
2023-03-28 15:13:14,267 [Time-limited test] INFO  server.GrpcService (GrpcService.java:startImpl(302)) - s0: GrpcService started, listening on 39189
2023-03-28 15:13:14,271 [Time-limited test] INFO  server.GrpcService (GrpcService.java:startImpl(302)) - s0: GrpcService started, listening on 46309
2023-03-28 15:13:14,271 [s1-impl-thread1] INFO  server.RaftServerConfigKeys (ConfUtils.java:logGet(46)) - raft.server.storage.free-space.min = 0MB (=0) (default)
2023-03-28 15:13:14,271 [s1-impl-thread1] INFO  server.RaftServerConfigKeys (ConfUtils.java:logGet(46)) - raft.server.log.corruption.policy = EXCEPTION (default)
2023-03-28 15:13:14,271 [s1-impl-thread1] INFO  server.RaftServerConfigKeys (ConfUtils.java:logGet(46)) - raft.server.storage.dir = [/home/runner/work/ratis/ratis/ratis-test/target/test/data/2b0b63e9/MiniRaftClusterWithRpcTypeGrpcAndDataStreamTypeNetty8bd798c8/s1] (custom)
2023-03-28 15:13:14,271 [s1-impl-thread1] INFO  storage.RaftStorageDirectory (RaftStorageDirectoryImpl.java:analyzeStorage(138)) - The storage directory /home/runner/work/ratis/ratis/ratis-test/target/test/data/2b0b63e9/MiniRaftClusterWithRpcTypeGrpcAndDataStreamTypeNetty8bd798c8/s1/b2440a32-6ec4-4a03-8d45-4ad7d8bdf6e4 does not exist. Creating ...
2023-03-28 15:13:14,272 [s1-impl-thread1] TRACE util.FileUtils (LogUtils.java:runAndLog(49)) - Successfully ran Files.createDirectories /home/runner/work/ratis/ratis/ratis-test/target/test/data/2b0b63e9/MiniRaftClusterWithRpcTypeGrpcAndDataStreamTypeNetty8bd798c8/s1/b2440a32-6ec4-4a03-8d45-4ad7d8bdf6e4
2023-03-28 15:13:14,272 [JvmPauseMonitor4] INFO  util.JvmPauseMonitor (JvmPauseMonitor.java:run(103)) - JvmPauseMonitor-s0: Started
2023-03-28 15:13:14,273 [s1-impl-thread1] INFO  storage.RaftStorageDirectory (RaftStorageDirectoryImpl.java:tryLock(232)) - Lock on /home/runner/work/ratis/ratis/ratis-test/target/test/data/2b0b63e9/MiniRaftClusterWithRpcTypeGrpcAndDataStreamTypeNetty8bd798c8/s1/b2440a32-6ec4-4a03-8d45-4ad7d8bdf6e4/in_use.lock acquired by nodename 13506@fv-az451-9
2023-03-28 15:13:14,274 [s1-impl-thread1] TRACE util.FileUtils (LogUtils.java:runAndLog(49)) - Successfully ran Files.createDirectories /home/runner/work/ratis/ratis/ratis-test/target/test/data/2b0b63e9/MiniRaftClusterWithRpcTypeGrpcAndDataStreamTypeNetty8bd798c8/s1/b2440a32-6ec4-4a03-8d45-4ad7d8bdf6e4/current
2023-03-28 15:13:14,274 [s1-impl-thread1] TRACE util.FileUtils (LogUtils.java:runAndLog(49)) - Successfully ran Files.createDirectories /home/runner/work/ratis/ratis/ratis-test/target/test/data/2b0b63e9/MiniRaftClusterWithRpcTypeGrpcAndDataStreamTypeNetty8bd798c8/s1/b2440a32-6ec4-4a03-8d45-4ad7d8bdf6e4/sm
2023-03-28 15:13:14,276 [s1-impl-thread1] INFO  storage.RaftStorage (RaftStorageImpl.java:format(96)) - Storage directory /home/runner/work/ratis/ratis/ratis-test/target/test/data/2b0b63e9/MiniRaftClusterWithRpcTypeGrpcAndDataStreamTypeNetty8bd798c8/s1/b2440a32-6ec4-4a03-8d45-4ad7d8bdf6e4 has been successfully formatted.
2023-03-28 15:13:14,276 [s1-impl-thread1] INFO  server.RaftServerConfigKeys (ConfUtils.java:logGet(46)) - raft.server.log.use.memory = false (default)
2023-03-28 15:13:14,276 [s1-impl-thread1] INFO  server.RaftServerConfigKeys (ConfUtils.java:logGet(46)) - raft.server.log.purge.gap = 1024 (default)
2023-03-28 15:13:14,276 [s1-impl-thread1] INFO  server.RaftServerConfigKeys (ConfUtils.java:logGet(46)) - raft.server.log.appender.buffer.byte-limit = 4MB (=4194304) (default)
2023-03-28 15:13:14,276 [s1-impl-thread1] INFO  server.RaftServerConfigKeys (ConfUtils.java:logGet(46)) - raft.server.log.statemachine.data.read.timeout = 1000ms (default)
2023-03-28 15:13:14,276 [s1-impl-thread1] INFO  server.RaftServerConfigKeys (ConfUtils.java:logGet(46)) - raft.server.log.purge.preservation.log.num = 0 (default)
2023-03-28 15:13:14,277 [s1-impl-thread1] INFO  server.RaftServerConfigKeys (ConfUtils.java:logGet(46)) - raft.server.log.segment.size.max = 8MB (=8388608) (default)
2023-03-28 15:13:14,277 [s1-impl-thread1] INFO  server.RaftServerConfigKeys (ConfUtils.java:logGet(46)) - raft.server.log.segment.cache.num.max = 6 (default)
2023-03-28 15:13:14,278 [s1-impl-thread1] INFO  server.RaftServerConfigKeys (ConfUtils.java:logGet(46)) - raft.server.log.segment.cache.size.max = 200MB (=209715200) (default)
2023-03-28 15:13:14,278 [s1-impl-thread1] INFO  server.RaftServerConfigKeys (ConfUtils.java:logGet(46)) - raft.server.log.appender.buffer.byte-limit = 4MB (=4194304) (default)
2023-03-28 15:13:14,284 [s1-impl-thread1] INFO  segmented.SegmentedRaftLogWorker (SegmentedRaftLogWorker.java:<init>(183)) - new s1@group-4AD7D8BDF6E4-SegmentedRaftLogWorker for RaftStorageImpl:Storage Directory /home/runner/work/ratis/ratis/ratis-test/target/test/data/2b0b63e9/MiniRaftClusterWithRpcTypeGrpcAndDataStreamTypeNetty8bd798c8/s1/b2440a32-6ec4-4a03-8d45-4ad7d8bdf6e4
2023-03-28 15:13:14,284 [s1-impl-thread1] INFO  server.RaftServerConfigKeys (ConfUtils.java:logGet(46)) - raft.server.log.queue.byte-limit = 64MB (=67108864) (default)
2023-03-28 15:13:14,284 [s1-impl-thread1] INFO  server.RaftServerConfigKeys (ConfUtils.java:logGet(46)) - raft.server.log.queue.element-limit = 4096 (default)
2023-03-28 15:13:14,284 [s1-impl-thread1] INFO  server.RaftServerConfigKeys (ConfUtils.java:logGet(46)) - raft.server.log.segment.size.max = 8MB (=8388608) (default)
2023-03-28 15:13:14,284 [s1-impl-thread1] INFO  server.RaftServerConfigKeys (ConfUtils.java:logGet(46)) - raft.server.log.preallocated.size = 4MB (=4194304) (default)
2023-03-28 15:13:14,284 [s1-impl-thread1] INFO  server.RaftServerConfigKeys (ConfUtils.java:logGet(46)) - raft.server.log.force.sync.num = 128 (default)
2023-03-28 15:13:14,284 [s1-impl-thread1] INFO  server.RaftServerConfigKeys (ConfUtils.java:logGet(46)) - raft.server.log.statemachine.data.sync = true (default)
2023-03-28 15:13:14,284 [s1-impl-thread1] INFO  server.RaftServerConfigKeys (ConfUtils.java:logGet(46)) - raft.server.log.statemachine.data.sync.timeout = 10s (default)
2023-03-28 15:13:14,284 [s1-impl-thread1] INFO  server.RaftServerConfigKeys (ConfUtils.java:logGet(46)) - raft.server.log.statemachine.data.sync.timeout.retry = -1 (default)
2023-03-28 15:13:14,284 [s1-impl-thread1] INFO  server.RaftServerConfigKeys (ConfUtils.java:logGet(46)) - raft.server.log.write.buffer.size = 64KB (=65536) (default)
2023-03-28 15:13:14,284 [s1-impl-thread1] INFO  server.RaftServerConfigKeys (ConfUtils.java:logGet(46)) - raft.server.log.appender.buffer.byte-limit = 4MB (=4194304) (default)
2023-03-28 15:13:14,285 [s1-impl-thread1] INFO  server.RaftServerConfigKeys (ConfUtils.java:logGet(46)) - raft.server.log.unsafe-flush.enabled = false (default)
2023-03-28 15:13:14,285 [s1-impl-thread1] INFO  server.RaftServerConfigKeys (ConfUtils.java:logGet(46)) - raft.server.log.async-flush.enabled = false (default)
2023-03-28 15:13:14,285 [s1-impl-thread1] INFO  server.RaftServerConfigKeys (ConfUtils.java:logGet(46)) - raft.server.log.statemachine.data.caching.enabled = false (default)
2023-03-28 15:13:14,285 [s1-impl-thread1] INFO  segmented.SegmentedRaftLogWorker (SegmentedRaftLogWorker.java:lambda$new$0(134)) - s1@group-4AD7D8BDF6E4-SegmentedRaftLogWorker: flushIndex: setUnconditionally 0 -> -1
2023-03-28 15:13:14,285 [s1-impl-thread1] INFO  segmented.SegmentedRaftLogWorker (SegmentedRaftLogWorker.java:lambda$new$0(134)) - s1@group-4AD7D8BDF6E4-SegmentedRaftLogWorker: safeCacheEvictIndex: setUnconditionally 0 -> -1
2023-03-28 15:13:14,288 [s1-impl-thread1] INFO  server.RaftServer$Division (RaftServerImpl.java:start(342)) - s1@group-4AD7D8BDF6E4: start as a follower, conf=-1: peers:[s0|rpc:localhost:39189|admin:localhost:46309|client:localhost:42931|dataStream:localhost:35501|priority:0|startupRole:FOLLOWER, s1|rpc:localhost:42161|admin:localhost:45919|client:localhost:41703|dataStream:localhost:35503|priority:0|startupRole:FOLLOWER, s2|rpc:localhost:39003|admin:localhost:43283|client:localhost:38251|dataStream:localhost:44179|priority:0|startupRole:FOLLOWER]|listeners:[], old=null
2023-03-28 15:13:14,288 [s1-impl-thread1] INFO  server.RaftServer$Division (RaftServerImpl.java:setRole(329)) - s1@group-4AD7D8BDF6E4: changes role from      null to FOLLOWER at term 0 for startAsFollower
2023-03-28 15:13:14,288 [s1-impl-thread1] INFO  impl.RoleInfo (RoleInfo.java:updateAndGet(139)) - s1: start s1@group-4AD7D8BDF6E4-FollowerState
2023-03-28 15:13:14,288 [s1-impl-thread1] INFO  util.JmxRegister (JmxRegister.java:tryRegister(44)) - Successfully registered JMX Bean with object name Ratis:service=RaftServer,group=group-4AD7D8BDF6E4,id=s1
2023-03-28 15:13:14,288 [s1-impl-thread1] INFO  server.RaftServerConfigKeys (ConfUtils.java:logGet(46)) - raft.server.snapshot.auto.trigger.enabled = false (default)
2023-03-28 15:13:14,288 [s1-impl-thread1] INFO  server.RaftServerConfigKeys (ConfUtils.java:logGet(46)) - raft.server.snapshot.retention.file.num = -1 (default)
2023-03-28 15:13:14,288 [s1-impl-thread1] INFO  server.RaftServerConfigKeys (ConfUtils.java:logGet(46)) - raft.server.log.purge.upto.snapshot.index = false (default)
2023-03-28 15:13:14,289 [s1@group-4AD7D8BDF6E4-FollowerState] INFO  server.RaftServerConfigKeys (ConfUtils.java:logFallback(53)) - raft.server.rpc.first-election.timeout.min = 150ms (fallback to raft.server.rpc.timeout.min)
2023-03-28 15:13:14,292 [Time-limited test] INFO  server.RaftServer (RaftServerProxy.java:startImpl(401)) - s1: start RPC server
2023-03-28 15:13:14,297 [s1@group-4AD7D8BDF6E4-FollowerState] INFO  server.RaftServerConfigKeys (ConfUtils.java:logFallback(53)) - raft.server.rpc.first-election.timeout.max = 300ms (fallback to raft.server.rpc.timeout.max)
2023-03-28 15:13:14,300 [Time-limited test] INFO  server.GrpcService (GrpcService.java:startImpl(302)) - s1: GrpcService started, listening on 41703
2023-03-28 15:13:14,302 [Time-limited test] INFO  server.GrpcService (GrpcService.java:startImpl(302)) - s1: GrpcService started, listening on 42161
2023-03-28 15:13:14,304 [Time-limited test] INFO  server.GrpcService (GrpcService.java:startImpl(302)) - s1: GrpcService started, listening on 45919
2023-03-28 15:13:14,304 [s2-impl-thread1] INFO  server.RaftServerConfigKeys (ConfUtils.java:logGet(46)) - raft.server.storage.free-space.min = 0MB (=0) (default)
2023-03-28 15:13:14,304 [s2-impl-thread1] INFO  server.RaftServerConfigKeys (ConfUtils.java:logGet(46)) - raft.server.log.corruption.policy = EXCEPTION (default)
2023-03-28 15:13:14,304 [s2-impl-thread1] INFO  server.RaftServerConfigKeys (ConfUtils.java:logGet(46)) - raft.server.storage.dir = [/home/runner/work/ratis/ratis/ratis-test/target/test/data/2b0b63e9/MiniRaftClusterWithRpcTypeGrpcAndDataStreamTypeNetty8bd798c8/s2] (custom)
2023-03-28 15:13:14,305 [s2-impl-thread1] INFO  storage.RaftStorageDirectory (RaftStorageDirectoryImpl.java:analyzeStorage(138)) - The storage directory /home/runner/work/ratis/ratis/ratis-test/target/test/data/2b0b63e9/MiniRaftClusterWithRpcTypeGrpcAndDataStreamTypeNetty8bd798c8/s2/b2440a32-6ec4-4a03-8d45-4ad7d8bdf6e4 does not exist. Creating ...
2023-03-28 15:13:14,305 [JvmPauseMonitor5] INFO  util.JvmPauseMonitor (JvmPauseMonitor.java:run(103)) - JvmPauseMonitor-s1: Started
2023-03-28 15:13:14,305 [s2-impl-thread1] TRACE util.FileUtils (LogUtils.java:runAndLog(49)) - Successfully ran Files.createDirectories /home/runner/work/ratis/ratis/ratis-test/target/test/data/2b0b63e9/MiniRaftClusterWithRpcTypeGrpcAndDataStreamTypeNetty8bd798c8/s2/b2440a32-6ec4-4a03-8d45-4ad7d8bdf6e4
2023-03-28 15:13:14,307 [s2-impl-thread1] INFO  storage.RaftStorageDirectory (RaftStorageDirectoryImpl.java:tryLock(232)) - Lock on /home/runner/work/ratis/ratis/ratis-test/target/test/data/2b0b63e9/MiniRaftClusterWithRpcTypeGrpcAndDataStreamTypeNetty8bd798c8/s2/b2440a32-6ec4-4a03-8d45-4ad7d8bdf6e4/in_use.lock acquired by nodename 13506@fv-az451-9
2023-03-28 15:13:14,307 [s2-impl-thread1] TRACE util.FileUtils (LogUtils.java:runAndLog(49)) - Successfully ran Files.createDirectories /home/runner/work/ratis/ratis/ratis-test/target/test/data/2b0b63e9/MiniRaftClusterWithRpcTypeGrpcAndDataStreamTypeNetty8bd798c8/s2/b2440a32-6ec4-4a03-8d45-4ad7d8bdf6e4/current
2023-03-28 15:13:14,307 [s2-impl-thread1] TRACE util.FileUtils (LogUtils.java:runAndLog(49)) - Successfully ran Files.createDirectories /home/runner/work/ratis/ratis/ratis-test/target/test/data/2b0b63e9/MiniRaftClusterWithRpcTypeGrpcAndDataStreamTypeNetty8bd798c8/s2/b2440a32-6ec4-4a03-8d45-4ad7d8bdf6e4/sm
2023-03-28 15:13:14,309 [s2-impl-thread1] INFO  storage.RaftStorage (RaftStorageImpl.java:format(96)) - Storage directory /home/runner/work/ratis/ratis/ratis-test/target/test/data/2b0b63e9/MiniRaftClusterWithRpcTypeGrpcAndDataStreamTypeNetty8bd798c8/s2/b2440a32-6ec4-4a03-8d45-4ad7d8bdf6e4 has been successfully formatted.
2023-03-28 15:13:14,309 [s2-impl-thread1] INFO  server.RaftServerConfigKeys (ConfUtils.java:logGet(46)) - raft.server.log.use.memory = false (default)
2023-03-28 15:13:14,309 [s2-impl-thread1] INFO  server.RaftServerConfigKeys (ConfUtils.java:logGet(46)) - raft.server.log.purge.gap = 1024 (default)
2023-03-28 15:13:14,309 [s2-impl-thread1] INFO  server.RaftServerConfigKeys (ConfUtils.java:logGet(46)) - raft.server.log.appender.buffer.byte-limit = 4MB (=4194304) (default)
2023-03-28 15:13:14,309 [s2-impl-thread1] INFO  server.RaftServerConfigKeys (ConfUtils.java:logGet(46)) - raft.server.log.statemachine.data.read.timeout = 1000ms (default)
2023-03-28 15:13:14,309 [s2-impl-thread1] INFO  server.RaftServerConfigKeys (ConfUtils.java:logGet(46)) - raft.server.log.purge.preservation.log.num = 0 (default)
2023-03-28 15:13:14,310 [s2-impl-thread1] INFO  server.RaftServerConfigKeys (ConfUtils.java:logGet(46)) - raft.server.log.segment.size.max = 8MB (=8388608) (default)
2023-03-28 15:13:14,310 [s2-impl-thread1] INFO  server.RaftServerConfigKeys (ConfUtils.java:logGet(46)) - raft.server.log.segment.cache.num.max = 6 (default)
2023-03-28 15:13:14,310 [s2-impl-thread1] INFO  server.RaftServerConfigKeys (ConfUtils.java:logGet(46)) - raft.server.log.segment.cache.size.max = 200MB (=209715200) (default)
2023-03-28 15:13:14,310 [s2-impl-thread1] INFO  server.RaftServerConfigKeys (ConfUtils.java:logGet(46)) - raft.server.log.appender.buffer.byte-limit = 4MB (=4194304) (default)
2023-03-28 15:13:14,310 [s2-impl-thread1] INFO  segmented.SegmentedRaftLogWorker (SegmentedRaftLogWorker.java:<init>(183)) - new s2@group-4AD7D8BDF6E4-SegmentedRaftLogWorker for RaftStorageImpl:Storage Directory /home/runner/work/ratis/ratis/ratis-test/target/test/data/2b0b63e9/MiniRaftClusterWithRpcTypeGrpcAndDataStreamTypeNetty8bd798c8/s2/b2440a32-6ec4-4a03-8d45-4ad7d8bdf6e4
2023-03-28 15:13:14,310 [s2-impl-thread1] INFO  server.RaftServerConfigKeys (ConfUtils.java:logGet(46)) - raft.server.log.queue.byte-limit = 64MB (=67108864) (default)
2023-03-28 15:13:14,310 [s2-impl-thread1] INFO  server.RaftServerConfigKeys (ConfUtils.java:logGet(46)) - raft.server.log.queue.element-limit = 4096 (default)
2023-03-28 15:13:14,310 [s2-impl-thread1] INFO  server.RaftServerConfigKeys (ConfUtils.java:logGet(46)) - raft.server.log.segment.size.max = 8MB (=8388608) (default)
2023-03-28 15:13:14,310 [s2-impl-thread1] INFO  server.RaftServerConfigKeys (ConfUtils.java:logGet(46)) - raft.server.log.preallocated.size = 4MB (=4194304) (default)
2023-03-28 15:13:14,310 [s2-impl-thread1] INFO  server.RaftServerConfigKeys (ConfUtils.java:logGet(46)) - raft.server.log.force.sync.num = 128 (default)
2023-03-28 15:13:14,310 [s2-impl-thread1] INFO  server.RaftServerConfigKeys (ConfUtils.java:logGet(46)) - raft.server.log.statemachine.data.sync = true (default)
2023-03-28 15:13:14,310 [s2-impl-thread1] INFO  server.RaftServerConfigKeys (ConfUtils.java:logGet(46)) - raft.server.log.statemachine.data.sync.timeout = 10s (default)
2023-03-28 15:13:14,311 [s2-impl-thread1] INFO  server.RaftServerConfigKeys (ConfUtils.java:logGet(46)) - raft.server.log.statemachine.data.sync.timeout.retry = -1 (default)
2023-03-28 15:13:14,311 [s2-impl-thread1] INFO  server.RaftServerConfigKeys (ConfUtils.java:logGet(46)) - raft.server.log.write.buffer.size = 64KB (=65536) (default)
2023-03-28 15:13:14,311 [s2-impl-thread1] INFO  server.RaftServerConfigKeys (ConfUtils.java:logGet(46)) - raft.server.log.appender.buffer.byte-limit = 4MB (=4194304) (default)
2023-03-28 15:13:14,312 [s2-impl-thread1] INFO  server.RaftServerConfigKeys (ConfUtils.java:logGet(46)) - raft.server.log.unsafe-flush.enabled = false (default)
2023-03-28 15:13:14,312 [s2-impl-thread1] INFO  server.RaftServerConfigKeys (ConfUtils.java:logGet(46)) - raft.server.log.async-flush.enabled = false (default)
2023-03-28 15:13:14,312 [s2-impl-thread1] INFO  server.RaftServerConfigKeys (ConfUtils.java:logGet(46)) - raft.server.log.statemachine.data.caching.enabled = false (default)
2023-03-28 15:13:14,312 [s2-impl-thread1] INFO  segmented.SegmentedRaftLogWorker (SegmentedRaftLogWorker.java:lambda$new$0(134)) - s2@group-4AD7D8BDF6E4-SegmentedRaftLogWorker: flushIndex: setUnconditionally 0 -> -1
2023-03-28 15:13:14,312 [s2-impl-thread1] INFO  segmented.SegmentedRaftLogWorker (SegmentedRaftLogWorker.java:lambda$new$0(134)) - s2@group-4AD7D8BDF6E4-SegmentedRaftLogWorker: safeCacheEvictIndex: setUnconditionally 0 -> -1
2023-03-28 15:13:14,312 [s2-impl-thread1] INFO  server.RaftServer$Division (RaftServerImpl.java:start(342)) - s2@group-4AD7D8BDF6E4: start as a follower, conf=-1: peers:[s0|rpc:localhost:39189|admin:localhost:46309|client:localhost:42931|dataStream:localhost:35501|priority:0|startupRole:FOLLOWER, s1|rpc:localhost:42161|admin:localhost:45919|client:localhost:41703|dataStream:localhost:35503|priority:0|startupRole:FOLLOWER, s2|rpc:localhost:39003|admin:localhost:43283|client:localhost:38251|dataStream:localhost:44179|priority:0|startupRole:FOLLOWER]|listeners:[], old=null
2023-03-28 15:13:14,312 [s2-impl-thread1] INFO  server.RaftServer$Division (RaftServerImpl.java:setRole(329)) - s2@group-4AD7D8BDF6E4: changes role from      null to FOLLOWER at term 0 for startAsFollower
2023-03-28 15:13:14,312 [s2-impl-thread1] INFO  impl.RoleInfo (RoleInfo.java:updateAndGet(139)) - s2: start s2@group-4AD7D8BDF6E4-FollowerState
2023-03-28 15:13:14,313 [s2-impl-thread1] INFO  util.JmxRegister (JmxRegister.java:tryRegister(44)) - Successfully registered JMX Bean with object name Ratis:service=RaftServer,group=group-4AD7D8BDF6E4,id=s2
2023-03-28 15:13:14,313 [s2-impl-thread1] INFO  server.RaftServerConfigKeys (ConfUtils.java:logGet(46)) - raft.server.snapshot.auto.trigger.enabled = false (default)
2023-03-28 15:13:14,313 [s2-impl-thread1] INFO  server.RaftServerConfigKeys (ConfUtils.java:logGet(46)) - raft.server.snapshot.retention.file.num = -1 (default)
2023-03-28 15:13:14,313 [s2-impl-thread1] INFO  server.RaftServerConfigKeys (ConfUtils.java:logGet(46)) - raft.server.log.purge.upto.snapshot.index = false (default)
2023-03-28 15:13:14,313 [s2@group-4AD7D8BDF6E4-FollowerState] INFO  server.RaftServerConfigKeys (ConfUtils.java:logFallback(53)) - raft.server.rpc.first-election.timeout.min = 150ms (fallback to raft.server.rpc.timeout.min)
2023-03-28 15:13:14,317 [s2@group-4AD7D8BDF6E4-FollowerState] INFO  server.RaftServerConfigKeys (ConfUtils.java:logFallback(53)) - raft.server.rpc.first-election.timeout.max = 300ms (fallback to raft.server.rpc.timeout.max)
2023-03-28 15:13:14,314 [Time-limited test] INFO  server.RaftServer (RaftServerProxy.java:startImpl(401)) - s2: start RPC server
2023-03-28 15:13:14,319 [Time-limited test] INFO  server.GrpcService (GrpcService.java:startImpl(302)) - s2: GrpcService started, listening on 38251
2023-03-28 15:13:14,331 [Time-limited test] INFO  server.GrpcService (GrpcService.java:startImpl(302)) - s2: GrpcService started, listening on 39003
2023-03-28 15:13:14,340 [Time-limited test] INFO  server.GrpcService (GrpcService.java:startImpl(302)) - s2: GrpcService started, listening on 43283
2023-03-28 15:13:14,348 [JvmPauseMonitor6] INFO  util.JvmPauseMonitor (JvmPauseMonitor.java:run(103)) - JvmPauseMonitor-s2: Started
2023-03-28 15:13:14,356 [Time-limited test] INFO  server.RaftServerConfigKeys (ConfUtils.java:logGet(46)) - raft.server.rpc.timeout.max = 300ms (default)
2023-03-28 15:13:14,356 [Time-limited test] INFO  ratis.RaftTestUtil (RaftTestUtil.java:waitForLeader(100)) - printing ALL groups
  s0:  RUNNING  FOLLOWER s0@group-4AD7D8BDF6E4:t0, leader=null, voted=, raftlog=Memoized:s0@group-4AD7D8BDF6E4-SegmentedRaftLog:OPENED:c-1, conf=-1: peers:[s0|rpc:localhost:39189|admin:localhost:46309|client:localhost:42931|dataStream:localhost:35501|priority:0|startupRole:FOLLOWER, s1|rpc:localhost:42161|admin:localhost:45919|client:localhost:41703|dataStream:localhost:35503|priority:0|startupRole:FOLLOWER, s2|rpc:localhost:39003|admin:localhost:43283|client:localhost:38251|dataStream:localhost:44179|priority:0|startupRole:FOLLOWER]|listeners:[], old=null RUNNING
  s1:  RUNNING  FOLLOWER s1@group-4AD7D8BDF6E4:t0, leader=null, voted=, raftlog=Memoized:s1@group-4AD7D8BDF6E4-SegmentedRaftLog:OPENED:c-1, conf=-1: peers:[s0|rpc:localhost:39189|admin:localhost:46309|client:localhost:42931|dataStream:localhost:35501|priority:0|startupRole:FOLLOWER, s1|rpc:localhost:42161|admin:localhost:45919|client:localhost:41703|dataStream:localhost:35503|priority:0|startupRole:FOLLOWER, s2|rpc:localhost:39003|admin:localhost:43283|client:localhost:38251|dataStream:localhost:44179|priority:0|startupRole:FOLLOWER]|listeners:[], old=null RUNNING
  s2:  RUNNING  FOLLOWER s2@group-4AD7D8BDF6E4:t0, leader=null, voted=, raftlog=Memoized:s2@group-4AD7D8BDF6E4-SegmentedRaftLog:OPENED:c-1, conf=-1: peers:[s0|rpc:localhost:39189|admin:localhost:46309|client:localhost:42931|dataStream:localhost:35501|priority:0|startupRole:FOLLOWER, s1|rpc:localhost:42161|admin:localhost:45919|client:localhost:41703|dataStream:localhost:35503|priority:0|startupRole:FOLLOWER, s2|rpc:localhost:39003|admin:localhost:43283|client:localhost:38251|dataStream:localhost:44179|priority:0|startupRole:FOLLOWER]|listeners:[], old=null RUNNING
2023-03-28 15:13:14,356 [Time-limited test] WARN  ratis.RaftTestUtil (JavaUtils.java:attempt(217)) - FAILED "waitForLeader-null-(expectLeader? true)", attempt #1/100: java.lang.IllegalStateException: No leader yet : printing ALL groups
  s0:  RUNNING  FOLLOWER s0@group-4AD7D8BDF6E4:t0, leader=null, voted=, raftlog=Memoized:s0@group-4AD7D8BDF6E4-SegmentedRaftLog:OPENED:c-1, conf=-1: peers:[s0|rpc:localhost:39189|admin:localhost:46309|client:localhost:42931|dataStream:localhost:35501|priority:0|startupRole:FOLLOWER, s1|rpc:localhost:42161|admin:localhost:45919|client:localhost:41703|dataStream:localhost:35503|priority:0|startupRole:FOLLOWER, s2|rpc:localhost:39003|admin:localhost:43283|client:localhost:38251|dataStream:localhost:44179|priority:0|startupRole:FOLLOWER]|listeners:[], old=null RUNNING
  s1:  RUNNING  FOLLOWER s1@group-4AD7D8BDF6E4:t0, leader=null, voted=, raftlog=Memoized:s1@group-4AD7D8BDF6E4-SegmentedRaftLog:OPENED:c-1, conf=-1: peers:[s0|rpc:localhost:39189|admin:localhost:46309|client:localhost:42931|dataStream:localhost:35501|priority:0|startupRole:FOLLOWER, s1|rpc:localhost:42161|admin:localhost:45919|client:localhost:41703|dataStream:localhost:35503|priority:0|startupRole:FOLLOWER, s2|rpc:localhost:39003|admin:localhost:43283|client:localhost:38251|dataStream:localhost:44179|priority:0|startupRole:FOLLOWER]|listeners:[], old=null RUNNING
  s2:  RUNNING  FOLLOWER s2@group-4AD7D8BDF6E4:t0, leader=null, voted=, raftlog=Memoized:s2@group-4AD7D8BDF6E4-SegmentedRaftLog:OPENED:c-1, conf=-1: peers:[s0|rpc:localhost:39189|admin:localhost:46309|client:localhost:42931|dataStream:localhost:35501|priority:0|startupRole:FOLLOWER, s1|rpc:localhost:42161|admin:localhost:45919|client:localhost:41703|dataStream:localhost:35503|priority:0|startupRole:FOLLOWER, s2|rpc:localhost:39003|admin:localhost:43283|client:localhost:38251|dataStream:localhost:44179|priority:0|startupRole:FOLLOWER]|listeners:[], old=null RUNNING, sleep 450ms and then retry.
java.lang.IllegalStateException: No leader yet : printing ALL groups
  s0:  RUNNING  FOLLOWER s0@group-4AD7D8BDF6E4:t0, leader=null, voted=, raftlog=Memoized:s0@group-4AD7D8BDF6E4-SegmentedRaftLog:OPENED:c-1, conf=-1: peers:[s0|rpc:localhost:39189|admin:localhost:46309|client:localhost:42931|dataStream:localhost:35501|priority:0|startupRole:FOLLOWER, s1|rpc:localhost:42161|admin:localhost:45919|client:localhost:41703|dataStream:localhost:35503|priority:0|startupRole:FOLLOWER, s2|rpc:localhost:39003|admin:localhost:43283|client:localhost:38251|dataStream:localhost:44179|priority:0|startupRole:FOLLOWER]|listeners:[], old=null RUNNING
  s1:  RUNNING  FOLLOWER s1@group-4AD7D8BDF6E4:t0, leader=null, voted=, raftlog=Memoized:s1@group-4AD7D8BDF6E4-SegmentedRaftLog:OPENED:c-1, conf=-1: peers:[s0|rpc:localhost:39189|admin:localhost:46309|client:localhost:42931|dataStream:localhost:35501|priority:0|startupRole:FOLLOWER, s1|rpc:localhost:42161|admin:localhost:45919|client:localhost:41703|dataStream:localhost:35503|priority:0|startupRole:FOLLOWER, s2|rpc:localhost:39003|admin:localhost:43283|client:localhost:38251|dataStream:localhost:44179|priority:0|startupRole:FOLLOWER]|listeners:[], old=null RUNNING
  s2:  RUNNING  FOLLOWER s2@group-4AD7D8BDF6E4:t0, leader=null, voted=, raftlog=Memoized:s2@group-4AD7D8BDF6E4-SegmentedRaftLog:OPENED:c-1, conf=-1: peers:[s0|rpc:localhost:39189|admin:localhost:46309|client:localhost:42931|dataStream:localhost:35501|priority:0|startupRole:FOLLOWER, s1|rpc:localhost:42161|admin:localhost:45919|client:localhost:41703|dataStream:localhost:35503|priority:0|startupRole:FOLLOWER, s2|rpc:localhost:39003|admin:localhost:43283|client:localhost:38251|dataStream:localhost:44179|priority:0|startupRole:FOLLOWER]|listeners:[], old=null RUNNING
	at org.apache.ratis.server.impl.MiniRaftCluster.newIllegalStateExceptionForNoLeaders(MiniRaftCluster.java:581)
	at org.apache.ratis.RaftTestUtil.lambda$waitForLeader$1(RaftTestUtil.java:104)
	at org.apache.ratis.server.impl.MiniRaftCluster.getLeader(MiniRaftCluster.java:615)
	at org.apache.ratis.server.impl.MiniRaftCluster.getLeader(MiniRaftCluster.java:608)
	at org.apache.ratis.RaftTestUtil.lambda$waitForLeader$3(RaftTestUtil.java:112)
	at org.apache.ratis.util.JavaUtils.attempt(JavaUtils.java:211)
	at org.apache.ratis.util.JavaUtils.attemptRepeatedly(JavaUtils.java:197)
	at org.apache.ratis.RaftTestUtil.waitForLeader(RaftTestUtil.java:111)
	at org.apache.ratis.RaftTestUtil.waitForLeader(RaftTestUtil.java:92)
	at org.apache.ratis.RaftTestUtil.waitForLeader(RaftTestUtil.java:87)
	at org.apache.ratis.datastream.DataStreamAsyncClusterTests.runTestDataStream(DataStreamAsyncClusterTests.java:90)
	at org.apache.ratis.datastream.DataStreamAsyncClusterTests.runTestDataStreamStepDownLeader(DataStreamAsyncClusterTests.java:82)
	at org.apache.ratis.server.impl.MiniRaftCluster$Factory$Get.runWithNewCluster(MiniRaftCluster.java:141)
	at org.apache.ratis.server.impl.MiniRaftCluster$Factory$Get.runWithNewCluster(MiniRaftCluster.java:121)
	at org.apache.ratis.datastream.DataStreamAsyncClusterTests.testMultipleStreamsMultipleServersStepDownLeader(DataStreamAsyncClusterTests.java:78)
	at java.base/jdk.internal.reflect.NativeMethodAccessorImpl.invoke0(Native Method)
	at java.base/jdk.internal.reflect.NativeMethodAccessorImpl.invoke(NativeMethodAccessorImpl.java:62)
	at java.base/jdk.internal.reflect.DelegatingMethodAccessorImpl.invoke(DelegatingMethodAccessorImpl.java:43)
	at java.base/java.lang.reflect.Method.invoke(Method.java:566)
	at org.junit.runners.model.FrameworkMethod$1.runReflectiveCall(FrameworkMethod.java:59)
	at org.junit.internal.runners.model.ReflectiveCallable.run(ReflectiveCallable.java:12)
	at org.junit.runners.model.FrameworkMethod.invokeExplosively(FrameworkMethod.java:56)
	at org.junit.internal.runners.statements.InvokeMethod.evaluate(InvokeMethod.java:17)
	at org.junit.internal.runners.statements.RunBefores.evaluate(RunBefores.java:26)
	at org.junit.internal.runners.statements.RunAfters.evaluate(RunAfters.java:27)
	at org.junit.internal.runners.statements.FailOnTimeout$CallableStatement.call(FailOnTimeout.java:299)
	at org.junit.internal.runners.statements.FailOnTimeout$CallableStatement.call(FailOnTimeout.java:293)
	at java.base/java.util.concurrent.FutureTask.run(FutureTask.java:264)
	at java.base/java.lang.Thread.run(Thread.java:829)
2023-03-28 15:13:14,521 [s0@group-4AD7D8BDF6E4-FollowerState] INFO  impl.FollowerState (FollowerState.java:run(143)) - s0@group-4AD7D8BDF6E4-FollowerState: change to CANDIDATE, lastRpcElapsedTime:260798588ns, electionTimeout:258ms
2023-03-28 15:13:14,526 [s0@group-4AD7D8BDF6E4-FollowerState] INFO  impl.RoleInfo (RoleInfo.java:shutdownFollowerState(110)) - s0: shutdown s0@group-4AD7D8BDF6E4-FollowerState
2023-03-28 15:13:14,526 [s0@group-4AD7D8BDF6E4-FollowerState] INFO  server.RaftServer$Division (RaftServerImpl.java:setRole(329)) - s0@group-4AD7D8BDF6E4: changes role from  FOLLOWER to CANDIDATE at term 0 for changeToCandidate
2023-03-28 15:13:14,528 [s0@group-4AD7D8BDF6E4-FollowerState] INFO  server.RaftServerConfigKeys (ConfUtils.java:logGet(46)) - raft.server.leaderelection.pre-vote = true (default)
2023-03-28 15:13:14,528 [s0@group-4AD7D8BDF6E4-FollowerState] INFO  impl.RoleInfo (RoleInfo.java:updateAndGet(139)) - s0: start s0@group-4AD7D8BDF6E4-LeaderElection3
2023-03-28 15:13:14,529 [s0@group-4AD7D8BDF6E4-LeaderElection3] INFO  impl.LeaderElection (LeaderElection.java:askForVotes(320)) - s0@group-4AD7D8BDF6E4-LeaderElection3 PRE_VOTE round 0: submit vote requests at term 0 for -1: peers:[s0|rpc:localhost:39189|admin:localhost:46309|client:localhost:42931|dataStream:localhost:35501|priority:0|startupRole:FOLLOWER, s1|rpc:localhost:42161|admin:localhost:45919|client:localhost:41703|dataStream:localhost:35503|priority:0|startupRole:FOLLOWER, s2|rpc:localhost:39003|admin:localhost:43283|client:localhost:38251|dataStream:localhost:44179|priority:0|startupRole:FOLLOWER]|listeners:[], old=null
2023-03-28 15:13:14,530 [s0@group-4AD7D8BDF6E4-LeaderElection3-1] INFO  server.GrpcServerProtocolClient (GrpcServerProtocolClient.java:<init>(65)) - Build channel for s1
2023-03-28 15:13:14,535 [s0@group-4AD7D8BDF6E4-LeaderElection3] INFO  server.RaftServerConfigKeys (ConfUtils.java:logFallback(53)) - raft.server.rpc.first-election.timeout.min = 150ms (fallback to raft.server.rpc.timeout.min)
2023-03-28 15:13:14,540 [s0@group-4AD7D8BDF6E4-LeaderElection3] INFO  server.RaftServerConfigKeys (ConfUtils.java:logFallback(53)) - raft.server.rpc.first-election.timeout.max = 300ms (fallback to raft.server.rpc.timeout.max)
2023-03-28 15:13:14,540 [grpc-default-executor-0] INFO  server.RaftServer$Division (RaftServerImpl.java:requestVote(1300)) - s1@group-4AD7D8BDF6E4: receive requestVote(PRE_VOTE, s0, group-4AD7D8BDF6E4, 0, (t:0, i:0))
2023-03-28 15:13:14,541 [grpc-default-executor-0] INFO  impl.VoteContext (VoteContext.java:log(49)) - s1@group-4AD7D8BDF6E4-FOLLOWER: accept PRE_VOTE from s0: our priority 0 <= candidate's priority 0
2023-03-28 15:13:14,541 [grpc-default-executor-0] INFO  server.RaftServer$Division (RaftServerImpl.java:requestVote(1333)) - s1@group-4AD7D8BDF6E4 replies to PRE_VOTE vote request: s0<-s1#0:OK-t0. Peer's state: s1@group-4AD7D8BDF6E4:t0, leader=null, voted=, raftlog=Memoized:s1@group-4AD7D8BDF6E4-SegmentedRaftLog:OPENED:c-1, conf=-1: peers:[s0|rpc:localhost:39189|admin:localhost:46309|client:localhost:42931|dataStream:localhost:35501|priority:0|startupRole:FOLLOWER, s1|rpc:localhost:42161|admin:localhost:45919|client:localhost:41703|dataStream:localhost:35503|priority:0|startupRole:FOLLOWER, s2|rpc:localhost:39003|admin:localhost:43283|client:localhost:38251|dataStream:localhost:44179|priority:0|startupRole:FOLLOWER]|listeners:[], old=null
2023-03-28 15:13:14,544 [s0@group-4AD7D8BDF6E4-LeaderElection3] INFO  impl.LeaderElection (LeaderElection.java:logAndReturn(89)) - s0@group-4AD7D8BDF6E4-LeaderElection3: PRE_VOTE PASSED received 1 response(s) and 0 exception(s):
2023-03-28 15:13:14,544 [s0@group-4AD7D8BDF6E4-LeaderElection3] INFO  impl.LeaderElection (LeaderElection.java:logAndReturn(93)) -   Response 0: s0<-s1#0:OK-t0
2023-03-28 15:13:14,544 [s0@group-4AD7D8BDF6E4-LeaderElection3] INFO  impl.LeaderElection (LeaderElection.java:askForVotes(322)) - s0@group-4AD7D8BDF6E4-LeaderElection3 PRE_VOTE round 0: result PASSED
2023-03-28 15:13:14,548 [s0@group-4AD7D8BDF6E4-LeaderElection3] INFO  impl.LeaderElection (LeaderElection.java:askForVotes(320)) - s0@group-4AD7D8BDF6E4-LeaderElection3 ELECTION round 0: submit vote requests at term 1 for -1: peers:[s0|rpc:localhost:39189|admin:localhost:46309|client:localhost:42931|dataStream:localhost:35501|priority:0|startupRole:FOLLOWER, s1|rpc:localhost:42161|admin:localhost:45919|client:localhost:41703|dataStream:localhost:35503|priority:0|startupRole:FOLLOWER, s2|rpc:localhost:39003|admin:localhost:43283|client:localhost:38251|dataStream:localhost:44179|priority:0|startupRole:FOLLOWER]|listeners:[], old=null
2023-03-28 15:13:14,555 [s0@group-4AD7D8BDF6E4-LeaderElection3-2] INFO  server.GrpcServerProtocolClient (GrpcServerProtocolClient.java:<init>(65)) - Build channel for s2
2023-03-28 15:13:14,558 [s1@group-4AD7D8BDF6E4-FollowerState] INFO  server.RaftServerConfigKeys (ConfUtils.java:logFallback(53)) - raft.server.rpc.first-election.timeout.min = 150ms (fallback to raft.server.rpc.timeout.min)
2023-03-28 15:13:14,563 [s1@group-4AD7D8BDF6E4-FollowerState] INFO  server.RaftServerConfigKeys (ConfUtils.java:logFallback(53)) - raft.server.rpc.first-election.timeout.max = 300ms (fallback to raft.server.rpc.timeout.max)
2023-03-28 15:13:14,555 [s0@group-4AD7D8BDF6E4-LeaderElection3] INFO  server.RaftServerConfigKeys (ConfUtils.java:logFallback(53)) - raft.server.rpc.first-election.timeout.min = 150ms (fallback to raft.server.rpc.timeout.min)
2023-03-28 15:13:14,563 [s0@group-4AD7D8BDF6E4-LeaderElection3] INFO  server.RaftServerConfigKeys (ConfUtils.java:logFallback(53)) - raft.server.rpc.first-election.timeout.max = 300ms (fallback to raft.server.rpc.timeout.max)
2023-03-28 15:13:14,561 [grpc-default-executor-0] INFO  server.RaftServer$Division (RaftServerImpl.java:requestVote(1300)) - s1@group-4AD7D8BDF6E4: receive requestVote(ELECTION, s0, group-4AD7D8BDF6E4, 1, (t:0, i:0))
2023-03-28 15:13:14,563 [grpc-default-executor-0] INFO  impl.VoteContext (VoteContext.java:log(49)) - s1@group-4AD7D8BDF6E4-FOLLOWER: accept ELECTION from s0: our priority 0 <= candidate's priority 0
2023-03-28 15:13:14,563 [grpc-default-executor-0] INFO  server.RaftServer$Division (RaftServerImpl.java:setRole(329)) - s1@group-4AD7D8BDF6E4: changes role from  FOLLOWER to FOLLOWER at term 1 for candidate:s0
2023-03-28 15:13:14,563 [grpc-default-executor-0] INFO  impl.RoleInfo (RoleInfo.java:shutdownFollowerState(110)) - s1: shutdown s1@group-4AD7D8BDF6E4-FollowerState
2023-03-28 15:13:14,563 [s1@group-4AD7D8BDF6E4-FollowerState] INFO  impl.FollowerState (FollowerState.java:run(152)) - s1@group-4AD7D8BDF6E4-FollowerState was interrupted
2023-03-28 15:13:14,573 [grpc-default-executor-0] INFO  impl.RoleInfo (RoleInfo.java:updateAndGet(139)) - s1: start s1@group-4AD7D8BDF6E4-FollowerState
2023-03-28 15:13:14,573 [grpc-default-executor-2] INFO  server.RaftServer$Division (RaftServerImpl.java:requestVote(1300)) - s2@group-4AD7D8BDF6E4: receive requestVote(PRE_VOTE, s0, group-4AD7D8BDF6E4, 0, (t:0, i:0))
2023-03-28 15:13:14,574 [grpc-default-executor-2] INFO  impl.VoteContext (VoteContext.java:log(49)) - s2@group-4AD7D8BDF6E4-FOLLOWER: accept PRE_VOTE from s0: our priority 0 <= candidate's priority 0
2023-03-28 15:13:14,574 [grpc-default-executor-2] INFO  server.RaftServer$Division (RaftServerImpl.java:requestVote(1333)) - s2@group-4AD7D8BDF6E4 replies to PRE_VOTE vote request: s0<-s2#0:OK-t0. Peer's state: s2@group-4AD7D8BDF6E4:t0, leader=null, voted=, raftlog=Memoized:s2@group-4AD7D8BDF6E4-SegmentedRaftLog:OPENED:c-1, conf=-1: peers:[s0|rpc:localhost:39189|admin:localhost:46309|client:localhost:42931|dataStream:localhost:35501|priority:0|startupRole:FOLLOWER, s1|rpc:localhost:42161|admin:localhost:45919|client:localhost:41703|dataStream:localhost:35503|priority:0|startupRole:FOLLOWER, s2|rpc:localhost:39003|admin:localhost:43283|client:localhost:38251|dataStream:localhost:44179|priority:0|startupRole:FOLLOWER]|listeners:[], old=null
2023-03-28 15:13:14,574 [grpc-default-executor-1] INFO  server.RaftServer$Division (RaftServerImpl.java:requestVote(1300)) - s2@group-4AD7D8BDF6E4: receive requestVote(ELECTION, s0, group-4AD7D8BDF6E4, 1, (t:0, i:0))
2023-03-28 15:13:14,576 [grpc-default-executor-1] INFO  impl.VoteContext (VoteContext.java:log(49)) - s2@group-4AD7D8BDF6E4-FOLLOWER: accept ELECTION from s0: our priority 0 <= candidate's priority 0
2023-03-28 15:13:14,576 [grpc-default-executor-1] INFO  server.RaftServer$Division (RaftServerImpl.java:setRole(329)) - s2@group-4AD7D8BDF6E4: changes role from  FOLLOWER to FOLLOWER at term 1 for candidate:s0
2023-03-28 15:13:14,576 [grpc-default-executor-1] INFO  impl.RoleInfo (RoleInfo.java:shutdownFollowerState(110)) - s2: shutdown s2@group-4AD7D8BDF6E4-FollowerState
2023-03-28 15:13:14,576 [s2@group-4AD7D8BDF6E4-FollowerState] INFO  impl.FollowerState (FollowerState.java:run(152)) - s2@group-4AD7D8BDF6E4-FollowerState was interrupted
2023-03-28 15:13:14,577 [grpc-default-executor-1] INFO  impl.RoleInfo (RoleInfo.java:updateAndGet(139)) - s2: start s2@group-4AD7D8BDF6E4-FollowerState
2023-03-28 15:13:14,580 [grpc-default-executor-0] INFO  server.RaftServer$Division (RaftServerImpl.java:requestVote(1333)) - s1@group-4AD7D8BDF6E4 replies to ELECTION vote request: s0<-s1#0:OK-t1. Peer's state: s1@group-4AD7D8BDF6E4:t1, leader=null, voted=s0, raftlog=Memoized:s1@group-4AD7D8BDF6E4-SegmentedRaftLog:OPENED:c-1, conf=-1: peers:[s0|rpc:localhost:39189|admin:localhost:46309|client:localhost:42931|dataStream:localhost:35501|priority:0|startupRole:FOLLOWER, s1|rpc:localhost:42161|admin:localhost:45919|client:localhost:41703|dataStream:localhost:35503|priority:0|startupRole:FOLLOWER, s2|rpc:localhost:39003|admin:localhost:43283|client:localhost:38251|dataStream:localhost:44179|priority:0|startupRole:FOLLOWER]|listeners:[], old=null
2023-03-28 15:13:14,581 [s0@group-4AD7D8BDF6E4-LeaderElection3] INFO  impl.LeaderElection (LeaderElection.java:logAndReturn(89)) - s0@group-4AD7D8BDF6E4-LeaderElection3: ELECTION PASSED received 1 response(s) and 0 exception(s):
2023-03-28 15:13:14,581 [s0@group-4AD7D8BDF6E4-LeaderElection3] INFO  impl.LeaderElection (LeaderElection.java:logAndReturn(93)) -   Response 0: s0<-s1#0:OK-t1
2023-03-28 15:13:14,581 [s0@group-4AD7D8BDF6E4-LeaderElection3] INFO  impl.LeaderElection (LeaderElection.java:askForVotes(322)) - s0@group-4AD7D8BDF6E4-LeaderElection3 ELECTION round 0: result PASSED
2023-03-28 15:13:14,581 [s0@group-4AD7D8BDF6E4-LeaderElection3] INFO  impl.RoleInfo (RoleInfo.java:shutdownLeaderElection(130)) - s0: shutdown s0@group-4AD7D8BDF6E4-LeaderElection3
2023-03-28 15:13:14,582 [s0@group-4AD7D8BDF6E4-LeaderElection3] INFO  server.RaftServer$Division (RaftServerImpl.java:setRole(329)) - s0@group-4AD7D8BDF6E4: changes role from CANDIDATE to LEADER at term 1 for changeToLeader
2023-03-28 15:13:14,582 [s0@group-4AD7D8BDF6E4-LeaderElection3] INFO  server.RaftServer$Division (ServerState.java:setLeader(260)) - s0@group-4AD7D8BDF6E4: change Leader from null to s0 at term 1 for becomeLeader, leader elected after 365ms
2023-03-28 15:13:14,582 [s0@group-4AD7D8BDF6E4-LeaderElection3] INFO  server.RaftServerConfigKeys (ConfUtils.java:logGet(46)) - raft.server.staging.catchup.gap = 1000 (default)
2023-03-28 15:13:14,582 [s0@group-4AD7D8BDF6E4-LeaderElection3] INFO  server.RaftServerConfigKeys (ConfUtils.java:logGet(46)) - raft.server.write.element-limit = 4096 (default)
2023-03-28 15:13:14,582 [s0@group-4AD7D8BDF6E4-LeaderElection3] INFO  server.RaftServerConfigKeys (ConfUtils.java:logGet(46)) - raft.server.write.byte-limit = 64MB (=67108864) (default)
2023-03-28 15:13:14,583 [s0@group-4AD7D8BDF6E4-LeaderElection3] INFO  server.RaftServerConfigKeys (ConfUtils.java:logGet(46)) - raft.server.watch.timeout = 10s (default)
2023-03-28 15:13:14,583 [s0@group-4AD7D8BDF6E4-LeaderElection3] INFO  server.RaftServerConfigKeys (ConfUtils.java:logGet(46)) - raft.server.watch.timeout.denomination = 1s (default)
2023-03-28 15:13:14,583 [s0@group-4AD7D8BDF6E4-LeaderElection3] INFO  server.RaftServerConfigKeys (ConfUtils.java:logGet(46)) - raft.server.watch.element-limit = 65536 (default)
2023-03-28 15:13:14,583 [s0@group-4AD7D8BDF6E4-LeaderElection3] INFO  server.RaftServerConfigKeys (ConfUtils.java:logGet(46)) - raft.server.write.element-limit = 4096 (default)
2023-03-28 15:13:14,583 [s0@group-4AD7D8BDF6E4-LeaderElection3] INFO  server.RaftServerConfigKeys (ConfUtils.java:logGet(46)) - raft.server.write.follower.gap.ratio.max = -1.0 (default)
2023-03-28 15:13:14,583 [s0@group-4AD7D8BDF6E4-LeaderElection3] INFO  server.RaftServerConfigKeys (ConfUtils.java:logGet(46)) - raft.server.log.appender.snapshot.chunk.size.max = 16MB (=16777216) (default)
2023-03-28 15:13:14,583 [s0@group-4AD7D8BDF6E4-LeaderElection3] INFO  server.RaftServerConfigKeys (ConfUtils.java:logGet(46)) - raft.server.log.appender.buffer.byte-limit = 4MB (=4194304) (default)
2023-03-28 15:13:14,583 [s0@group-4AD7D8BDF6E4-LeaderElection3] INFO  server.RaftServerConfigKeys (ConfUtils.java:logGet(46)) - raft.server.log.appender.buffer.element-limit = 0 (default)
2023-03-28 15:13:14,583 [s0@group-4AD7D8BDF6E4-LeaderElection3] INFO  server.RaftServerConfigKeys (ConfUtils.java:logGet(46)) - raft.server.log.appender.wait-time.min = 10ms (default)
2023-03-28 15:13:14,583 [s0@group-4AD7D8BDF6E4-LeaderElection3] INFO  grpc.GrpcConfigKeys (ConfUtils.java:logGet(46)) - raft.grpc.server.leader.outstanding.appends.max = 128 (default)
2023-03-28 15:13:14,584 [s0@group-4AD7D8BDF6E4-LeaderElection3] INFO  server.RaftServerConfigKeys (ConfUtils.java:logGet(46)) - raft.server.rpc.request.timeout = 3000ms (default)
2023-03-28 15:13:14,584 [s0@group-4AD7D8BDF6E4-LeaderElection3] INFO  grpc.GrpcConfigKeys (ConfUtils.java:logGet(46)) - raft.grpc.server.install_snapshot.request.element-limit = 8 (default)
2023-03-28 15:13:14,584 [s0@group-4AD7D8BDF6E4-LeaderElection3] INFO  grpc.GrpcConfigKeys (ConfUtils.java:logGet(46)) - raft.grpc.server.install_snapshot.request.timeout = 3000ms (default)
2023-03-28 15:13:14,584 [s0@group-4AD7D8BDF6E4-LeaderElection3] INFO  server.RaftServerConfigKeys (ConfUtils.java:logGet(46)) - raft.server.log.appender.install.snapshot.enabled = true (default)
2023-03-28 15:13:14,584 [s0@group-4AD7D8BDF6E4-LeaderElection3] INFO  grpc.GrpcConfigKeys (ConfUtils.java:logGet(46)) - raft.grpc.server.heartbeat.channel = true (default)
2023-03-28 15:13:14,584 [s0@group-4AD7D8BDF6E4-LeaderElection3] INFO  server.RaftServerConfigKeys (ConfUtils.java:logGet(46)) - raft.server.log.appender.snapshot.chunk.size.max = 16MB (=16777216) (default)
2023-03-28 15:13:14,584 [s0@group-4AD7D8BDF6E4-LeaderElection3] INFO  server.RaftServerConfigKeys (ConfUtils.java:logGet(46)) - raft.server.log.appender.buffer.byte-limit = 4MB (=4194304) (default)
2023-03-28 15:13:14,584 [s0@group-4AD7D8BDF6E4-LeaderElection3] INFO  server.RaftServerConfigKeys (ConfUtils.java:logGet(46)) - raft.server.log.appender.buffer.element-limit = 0 (default)
2023-03-28 15:13:14,584 [s0@group-4AD7D8BDF6E4-LeaderElection3] INFO  server.RaftServerConfigKeys (ConfUtils.java:logGet(46)) - raft.server.log.appender.wait-time.min = 10ms (default)
2023-03-28 15:13:14,584 [s0@group-4AD7D8BDF6E4-LeaderElection3] INFO  grpc.GrpcConfigKeys (ConfUtils.java:logGet(46)) - raft.grpc.server.leader.outstanding.appends.max = 128 (default)
2023-03-28 15:13:14,584 [s0@group-4AD7D8BDF6E4-LeaderElection3] INFO  server.RaftServerConfigKeys (ConfUtils.java:logGet(46)) - raft.server.rpc.request.timeout = 3000ms (default)
2023-03-28 15:13:14,585 [s0@group-4AD7D8BDF6E4-LeaderElection3] INFO  grpc.GrpcConfigKeys (ConfUtils.java:logGet(46)) - raft.grpc.server.install_snapshot.request.element-limit = 8 (default)
2023-03-28 15:13:14,585 [s0@group-4AD7D8BDF6E4-LeaderElection3] INFO  grpc.GrpcConfigKeys (ConfUtils.java:logGet(46)) - raft.grpc.server.install_snapshot.request.timeout = 3000ms (default)
2023-03-28 15:13:14,585 [s0@group-4AD7D8BDF6E4-LeaderElection3] INFO  server.RaftServerConfigKeys (ConfUtils.java:logGet(46)) - raft.server.log.appender.install.snapshot.enabled = true (default)
2023-03-28 15:13:14,585 [s0@group-4AD7D8BDF6E4-LeaderElection3] INFO  grpc.GrpcConfigKeys (ConfUtils.java:logGet(46)) - raft.grpc.server.heartbeat.channel = true (default)
2023-03-28 15:13:14,585 [s0@group-4AD7D8BDF6E4-LeaderElection3] INFO  impl.RoleInfo (RoleInfo.java:updateAndGet(139)) - s0: start s0@group-4AD7D8BDF6E4-LeaderStateImpl
2023-03-28 15:13:14,585 [s0@group-4AD7D8BDF6E4-LeaderElection3] INFO  segmented.SegmentedRaftLogWorker (SegmentedRaftLogWorker.java:startLogSegment(426)) - s0@group-4AD7D8BDF6E4-SegmentedRaftLogWorker: Starting segment from index:0
2023-03-28 15:13:14,595 [grpc-default-executor-1] INFO  server.RaftServer$Division (RaftServerImpl.java:requestVote(1333)) - s2@group-4AD7D8BDF6E4 replies to ELECTION vote request: s0<-s2#0:OK-t1. Peer's state: s2@group-4AD7D8BDF6E4:t1, leader=null, voted=s0, raftlog=Memoized:s2@group-4AD7D8BDF6E4-SegmentedRaftLog:OPENED:c-1, conf=-1: peers:[s0|rpc:localhost:39189|admin:localhost:46309|client:localhost:42931|dataStream:localhost:35501|priority:0|startupRole:FOLLOWER, s1|rpc:localhost:42161|admin:localhost:45919|client:localhost:41703|dataStream:localhost:35503|priority:0|startupRole:FOLLOWER, s2|rpc:localhost:39003|admin:localhost:43283|client:localhost:38251|dataStream:localhost:44179|priority:0|startupRole:FOLLOWER]|listeners:[], old=null
2023-03-28 15:13:14,598 [s0@group-4AD7D8BDF6E4-LeaderElection3] INFO  server.RaftServer$Division (ServerState.java:setRaftConf(377)) - s0@group-4AD7D8BDF6E4: set configuration 0: peers:[s0|rpc:localhost:39189|admin:localhost:46309|client:localhost:42931|dataStream:localhost:35501|priority:0|startupRole:FOLLOWER, s1|rpc:localhost:42161|admin:localhost:45919|client:localhost:41703|dataStream:localhost:35503|priority:0|startupRole:FOLLOWER, s2|rpc:localhost:39003|admin:localhost:43283|client:localhost:38251|dataStream:localhost:44179|priority:0|startupRole:FOLLOWER]|listeners:[], old=null
2023-03-28 15:13:14,596 [s0@group-4AD7D8BDF6E4-SegmentedRaftLogWorker] INFO  segmented.SegmentedRaftLogWorker (SegmentedRaftLogWorker.java:execute(630)) - s0@group-4AD7D8BDF6E4-SegmentedRaftLogWorker: created new log segment /home/runner/work/ratis/ratis/ratis-test/target/test/data/2b0b63e9/MiniRaftClusterWithRpcTypeGrpcAndDataStreamTypeNetty8bd798c8/s0/b2440a32-6ec4-4a03-8d45-4ad7d8bdf6e4/current/log_inprogress_0
2023-03-28 15:13:14,611 [s2-server-thread1] INFO  server.RaftServer$Division (ServerState.java:setLeader(260)) - s2@group-4AD7D8BDF6E4: change Leader from null to s0 at term 1 for appendEntries, leader elected after 365ms
2023-03-28 15:13:14,612 [s1-server-thread1] INFO  server.RaftServer$Division (ServerState.java:setLeader(260)) - s1@group-4AD7D8BDF6E4: change Leader from null to s0 at term 1 for appendEntries, leader elected after 373ms
2023-03-28 15:13:14,619 [s2-server-thread2] INFO  server.RaftServer$Division (ServerState.java:setRaftConf(377)) - s2@group-4AD7D8BDF6E4: set configuration 0: peers:[s0|rpc:localhost:39189|admin:localhost:46309|client:localhost:42931|dataStream:localhost:35501|priority:0|startupRole:FOLLOWER, s1|rpc:localhost:42161|admin:localhost:45919|client:localhost:41703|dataStream:localhost:35503|priority:0|startupRole:FOLLOWER, s2|rpc:localhost:39003|admin:localhost:43283|client:localhost:38251|dataStream:localhost:44179|priority:0|startupRole:FOLLOWER]|listeners:[], old=null
2023-03-28 15:13:14,620 [s2-server-thread2] INFO  segmented.SegmentedRaftLogWorker (SegmentedRaftLogWorker.java:startLogSegment(426)) - s2@group-4AD7D8BDF6E4-SegmentedRaftLogWorker: Starting segment from index:0
2023-03-28 15:13:14,633 [s2@group-4AD7D8BDF6E4-SegmentedRaftLogWorker] INFO  segmented.SegmentedRaftLogWorker (SegmentedRaftLogWorker.java:execute(630)) - s2@group-4AD7D8BDF6E4-SegmentedRaftLogWorker: created new log segment /home/runner/work/ratis/ratis/ratis-test/target/test/data/2b0b63e9/MiniRaftClusterWithRpcTypeGrpcAndDataStreamTypeNetty8bd798c8/s2/b2440a32-6ec4-4a03-8d45-4ad7d8bdf6e4/current/log_inprogress_0
2023-03-28 15:13:14,650 [s1-server-thread3] INFO  server.RaftServer$Division (ServerState.java:setRaftConf(377)) - s1@group-4AD7D8BDF6E4: set configuration 0: peers:[s0|rpc:localhost:39189|admin:localhost:46309|client:localhost:42931|dataStream:localhost:35501|priority:0|startupRole:FOLLOWER, s1|rpc:localhost:42161|admin:localhost:45919|client:localhost:41703|dataStream:localhost:35503|priority:0|startupRole:FOLLOWER, s2|rpc:localhost:39003|admin:localhost:43283|client:localhost:38251|dataStream:localhost:44179|priority:0|startupRole:FOLLOWER]|listeners:[], old=null
2023-03-28 15:13:14,650 [s1-server-thread3] INFO  segmented.SegmentedRaftLogWorker (SegmentedRaftLogWorker.java:startLogSegment(426)) - s1@group-4AD7D8BDF6E4-SegmentedRaftLogWorker: Starting segment from index:0
2023-03-28 15:13:14,664 [s1@group-4AD7D8BDF6E4-SegmentedRaftLogWorker] INFO  segmented.SegmentedRaftLogWorker (SegmentedRaftLogWorker.java:execute(630)) - s1@group-4AD7D8BDF6E4-SegmentedRaftLogWorker: created new log segment /home/runner/work/ratis/ratis/ratis-test/target/test/data/2b0b63e9/MiniRaftClusterWithRpcTypeGrpcAndDataStreamTypeNetty8bd798c8/s1/b2440a32-6ec4-4a03-8d45-4ad7d8bdf6e4/current/log_inprogress_0
2023-03-28 15:13:14,807 [Time-limited test] INFO  ratis.RaftTestUtil (RaftTestUtil.java:waitForLeader(119)) - printing ALL groups
  s0:  RUNNING    LEADER s0@group-4AD7D8BDF6E4:t1, leader=s0, voted=s0, raftlog=Memoized:s0@group-4AD7D8BDF6E4-SegmentedRaftLog:OPENED:c0, conf=0: peers:[s0|rpc:localhost:39189|admin:localhost:46309|client:localhost:42931|dataStream:localhost:35501|priority:0|startupRole:FOLLOWER, s1|rpc:localhost:42161|admin:localhost:45919|client:localhost:41703|dataStream:localhost:35503|priority:0|startupRole:FOLLOWER, s2|rpc:localhost:39003|admin:localhost:43283|client:localhost:38251|dataStream:localhost:44179|priority:0|startupRole:FOLLOWER]|listeners:[], old=null RUNNING
  s1:  RUNNING  FOLLOWER s1@group-4AD7D8BDF6E4:t1, leader=s0, voted=s0, raftlog=Memoized:s1@group-4AD7D8BDF6E4-SegmentedRaftLog:OPENED:c0, conf=0: peers:[s0|rpc:localhost:39189|admin:localhost:46309|client:localhost:42931|dataStream:localhost:35501|priority:0|startupRole:FOLLOWER, s1|rpc:localhost:42161|admin:localhost:45919|client:localhost:41703|dataStream:localhost:35503|priority:0|startupRole:FOLLOWER, s2|rpc:localhost:39003|admin:localhost:43283|client:localhost:38251|dataStream:localhost:44179|priority:0|startupRole:FOLLOWER]|listeners:[], old=null RUNNING
  s2:  RUNNING  FOLLOWER s2@group-4AD7D8BDF6E4:t1, leader=s0, voted=s0, raftlog=Memoized:s2@group-4AD7D8BDF6E4-SegmentedRaftLog:OPENED:c0, conf=0: peers:[s0|rpc:localhost:39189|admin:localhost:46309|client:localhost:42931|dataStream:localhost:35501|priority:0|startupRole:FOLLOWER, s1|rpc:localhost:42161|admin:localhost:45919|client:localhost:41703|dataStream:localhost:35503|priority:0|startupRole:FOLLOWER, s2|rpc:localhost:39003|admin:localhost:43283|client:localhost:38251|dataStream:localhost:44179|priority:0|startupRole:FOLLOWER]|listeners:[], old=null RUNNING
2023-03-28 15:13:14,823 [pool-7-thread-4] INFO  server.RaftServerConfigKeys (ConfUtils.java:logGet(46)) - raft.server.rpc.timeout.max = 300ms (default)
2023-03-28 15:13:14,824 [pool-7-thread-5] INFO  server.RaftServerConfigKeys (ConfUtils.java:logGet(46)) - raft.server.rpc.timeout.max = 300ms (default)
2023-03-28 15:13:14,845 [pool-7-thread-5] INFO  ratis.RaftTestUtil (RaftTestUtil.java:waitForLeader(100)) - printing ALL groups
  s0:  RUNNING    LEADER s0@group-4AD7D8BDF6E4:t1, leader=s0, voted=s0, raftlog=Memoized:s0@group-4AD7D8BDF6E4-SegmentedRaftLog:OPENED:c0, conf=0: peers:[s0|rpc:localhost:39189|admin:localhost:46309|client:localhost:42931|dataStream:localhost:35501|priority:0|startupRole:FOLLOWER, s1|rpc:localhost:42161|admin:localhost:45919|client:localhost:41703|dataStream:localhost:35503|priority:0|startupRole:FOLLOWER, s2|rpc:localhost:39003|admin:localhost:43283|client:localhost:38251|dataStream:localhost:44179|priority:0|startupRole:FOLLOWER]|listeners:[], old=null RUNNING
  s1:  RUNNING  FOLLOWER s1@group-4AD7D8BDF6E4:t1, leader=s0, voted=s0, raftlog=Memoized:s1@group-4AD7D8BDF6E4-SegmentedRaftLog:OPENED:c0, conf=0: peers:[s0|rpc:localhost:39189|admin:localhost:46309|client:localhost:42931|dataStream:localhost:35501|priority:0|startupRole:FOLLOWER, s1|rpc:localhost:42161|admin:localhost:45919|client:localhost:41703|dataStream:localhost:35503|priority:0|startupRole:FOLLOWER, s2|rpc:localhost:39003|admin:localhost:43283|client:localhost:38251|dataStream:localhost:44179|priority:0|startupRole:FOLLOWER]|listeners:[], old=null RUNNING
  s2:  RUNNING  FOLLOWER s2@group-4AD7D8BDF6E4:t1, leader=s0, voted=s0, raftlog=Memoized:s2@group-4AD7D8BDF6E4-SegmentedRaftLog:OPENED:c0, conf=0: peers:[s0|rpc:localhost:39189|admin:localhost:46309|client:localhost:42931|dataStream:localhost:35501|priority:0|startupRole:FOLLOWER, s1|rpc:localhost:42161|admin:localhost:45919|client:localhost:41703|dataStream:localhost:35503|priority:0|startupRole:FOLLOWER, s2|rpc:localhost:39003|admin:localhost:43283|client:localhost:38251|dataStream:localhost:44179|priority:0|startupRole:FOLLOWER]|listeners:[], old=null RUNNING
2023-03-28 15:13:14,845 [pool-7-thread-5] INFO  ratis.RaftTestUtil (RaftTestUtil.java:waitForLeader(119)) - printing ALL groups
  s0:  RUNNING    LEADER s0@group-4AD7D8BDF6E4:t1, leader=s0, voted=s0, raftlog=Memoized:s0@group-4AD7D8BDF6E4-SegmentedRaftLog:OPENED:c0, conf=0: peers:[s0|rpc:localhost:39189|admin:localhost:46309|client:localhost:42931|dataStream:localhost:35501|priority:0|startupRole:FOLLOWER, s1|rpc:localhost:42161|admin:localhost:45919|client:localhost:41703|dataStream:localhost:35503|priority:0|startupRole:FOLLOWER, s2|rpc:localhost:39003|admin:localhost:43283|client:localhost:38251|dataStream:localhost:44179|priority:0|startupRole:FOLLOWER]|listeners:[], old=null RUNNING
  s1:  RUNNING  FOLLOWER s1@group-4AD7D8BDF6E4:t1, leader=s0, voted=s0, raftlog=Memoized:s1@group-4AD7D8BDF6E4-SegmentedRaftLog:OPENED:c0, conf=0: peers:[s0|rpc:localhost:39189|admin:localhost:46309|client:localhost:42931|dataStream:localhost:35501|priority:0|startupRole:FOLLOWER, s1|rpc:localhost:42161|admin:localhost:45919|client:localhost:41703|dataStream:localhost:35503|priority:0|startupRole:FOLLOWER, s2|rpc:localhost:39003|admin:localhost:43283|client:localhost:38251|dataStream:localhost:44179|priority:0|startupRole:FOLLOWER]|listeners:[], old=null RUNNING
  s2:  RUNNING  FOLLOWER s2@group-4AD7D8BDF6E4:t1, leader=s0, voted=s0, raftlog=Memoized:s2@group-4AD7D8BDF6E4-SegmentedRaftLog:OPENED:c0, conf=0: peers:[s0|rpc:localhost:39189|admin:localhost:46309|client:localhost:42931|dataStream:localhost:35501|priority:0|startupRole:FOLLOWER, s1|rpc:localhost:42161|admin:localhost:45919|client:localhost:41703|dataStream:localhost:35503|priority:0|startupRole:FOLLOWER, s2|rpc:localhost:39003|admin:localhost:43283|client:localhost:38251|dataStream:localhost:44179|priority:0|startupRole:FOLLOWER]|listeners:[], old=null RUNNING
2023-03-28 15:13:14,846 [pool-7-thread-5] INFO  client.DataStreamClient (ConfUtils.java:logGet(46)) - raft.datastream.type = NETTY (custom)
2023-03-28 15:13:14,846 [pool-7-thread-5] INFO  netty.NettyConfigKeys$DataStream (ConfUtils.java:logGet(46)) - raft.netty.dataStream.client.tls.conf = null (default)
2023-03-28 15:13:14,846 [pool-7-thread-5] INFO  netty.NettyConfigKeys$DataStream (ConfUtils.java:logGet(46)) - raft.netty.dataStream.client.reply.queue.grace-period = 1s (default)
2023-03-28 15:13:14,846 [pool-7-thread-5] INFO  netty.NettyConfigKeys$DataStream (ConfUtils.java:logGet(46)) - raft.netty.dataStream.client.worker-group.share = false (default)
2023-03-28 15:13:14,846 [pool-7-thread-5] INFO  netty.NettyConfigKeys$DataStream (ConfUtils.java:logGet(46)) - raft.netty.dataStream.client.worker-group.size = 4 (default)
2023-03-28 15:13:14,828 [pool-7-thread-4] INFO  ratis.RaftTestUtil (RaftTestUtil.java:waitForLeader(100)) - printing ALL groups
  s0:  RUNNING    LEADER s0@group-4AD7D8BDF6E4:t1, leader=s0, voted=s0, raftlog=Memoized:s0@group-4AD7D8BDF6E4-SegmentedRaftLog:OPENED:c0, conf=0: peers:[s0|rpc:localhost:39189|admin:localhost:46309|client:localhost:42931|dataStream:localhost:35501|priority:0|startupRole:FOLLOWER, s1|rpc:localhost:42161|admin:localhost:45919|client:localhost:41703|dataStream:localhost:35503|priority:0|startupRole:FOLLOWER, s2|rpc:localhost:39003|admin:localhost:43283|client:localhost:38251|dataStream:localhost:44179|priority:0|startupRole:FOLLOWER]|listeners:[], old=null RUNNING
  s1:  RUNNING  FOLLOWER s1@group-4AD7D8BDF6E4:t1, leader=s0, voted=s0, raftlog=Memoized:s1@group-4AD7D8BDF6E4-SegmentedRaftLog:OPENED:c0, conf=0: peers:[s0|rpc:localhost:39189|admin:localhost:46309|client:localhost:42931|dataStream:localhost:35501|priority:0|startupRole:FOLLOWER, s1|rpc:localhost:42161|admin:localhost:45919|client:localhost:41703|dataStream:localhost:35503|priority:0|startupRole:FOLLOWER, s2|rpc:localhost:39003|admin:localhost:43283|client:localhost:38251|dataStream:localhost:44179|priority:0|startupRole:FOLLOWER]|listeners:[], old=null RUNNING
  s2:  RUNNING  FOLLOWER s2@group-4AD7D8BDF6E4:t1, leader=s0, voted=s0, raftlog=Memoized:s2@group-4AD7D8BDF6E4-SegmentedRaftLog:OPENED:c0, conf=0: peers:[s0|rpc:localhost:39189|admin:localhost:46309|client:localhost:42931|dataStream:localhost:35501|priority:0|startupRole:FOLLOWER, s1|rpc:localhost:42161|admin:localhost:45919|client:localhost:41703|dataStream:localhost:35503|priority:0|startupRole:FOLLOWER, s2|rpc:localhost:39003|admin:localhost:43283|client:localhost:38251|dataStream:localhost:44179|priority:0|startupRole:FOLLOWER]|listeners:[], old=null RUNNING
2023-03-28 15:13:14,856 [pool-7-thread-4] INFO  ratis.RaftTestUtil (RaftTestUtil.java:waitForLeader(119)) - printing ALL groups
  s0:  RUNNING    LEADER s0@group-4AD7D8BDF6E4:t1, leader=s0, voted=s0, raftlog=Memoized:s0@group-4AD7D8BDF6E4-SegmentedRaftLog:OPENED:c0, conf=0: peers:[s0|rpc:localhost:39189|admin:localhost:46309|client:localhost:42931|dataStream:localhost:35501|priority:0|startupRole:FOLLOWER, s1|rpc:localhost:42161|admin:localhost:45919|client:localhost:41703|dataStream:localhost:35503|priority:0|startupRole:FOLLOWER, s2|rpc:localhost:39003|admin:localhost:43283|client:localhost:38251|dataStream:localhost:44179|priority:0|startupRole:FOLLOWER]|listeners:[], old=null RUNNING
  s1:  RUNNING  FOLLOWER s1@group-4AD7D8BDF6E4:t1, leader=s0, voted=s0, raftlog=Memoized:s1@group-4AD7D8BDF6E4-SegmentedRaftLog:OPENED:c0, conf=0: peers:[s0|rpc:localhost:39189|admin:localhost:46309|client:localhost:42931|dataStream:localhost:35501|priority:0|startupRole:FOLLOWER, s1|rpc:localhost:42161|admin:localhost:45919|client:localhost:41703|dataStream:localhost:35503|priority:0|startupRole:FOLLOWER, s2|rpc:localhost:39003|admin:localhost:43283|client:localhost:38251|dataStream:localhost:44179|priority:0|startupRole:FOLLOWER]|listeners:[], old=null RUNNING
  s2:  RUNNING  FOLLOWER s2@group-4AD7D8BDF6E4:t1, leader=s0, voted=s0, raftlog=Memoized:s2@group-4AD7D8BDF6E4-SegmentedRaftLog:OPENED:c0, conf=0: peers:[s0|rpc:localhost:39189|admin:localhost:46309|client:localhost:42931|dataStream:localhost:35501|priority:0|startupRole:FOLLOWER, s1|rpc:localhost:42161|admin:localhost:45919|client:localhost:41703|dataStream:localhost:35503|priority:0|startupRole:FOLLOWER, s2|rpc:localhost:39003|admin:localhost:43283|client:localhost:38251|dataStream:localhost:44179|priority:0|startupRole:FOLLOWER]|listeners:[], old=null RUNNING
2023-03-28 15:13:14,856 [pool-7-thread-4] INFO  client.DataStreamClient (ConfUtils.java:logGet(46)) - raft.datastream.type = NETTY (custom)
2023-03-28 15:13:14,856 [pool-7-thread-4] INFO  netty.NettyConfigKeys$DataStream (ConfUtils.java:logGet(46)) - raft.netty.dataStream.client.tls.conf = null (default)
2023-03-28 15:13:14,856 [pool-7-thread-4] INFO  netty.NettyConfigKeys$DataStream (ConfUtils.java:logGet(46)) - raft.netty.dataStream.client.reply.queue.grace-period = 1s (default)
2023-03-28 15:13:14,856 [pool-7-thread-4] INFO  netty.NettyConfigKeys$DataStream (ConfUtils.java:logGet(46)) - raft.netty.dataStream.client.worker-group.share = false (default)
2023-03-28 15:13:14,856 [pool-7-thread-4] INFO  netty.NettyConfigKeys$DataStream (ConfUtils.java:logGet(46)) - raft.netty.dataStream.client.worker-group.size = 4 (default)
2023-03-28 15:13:14,824 [pool-7-thread-8] INFO  server.RaftServerConfigKeys (ConfUtils.java:logGet(46)) - raft.server.rpc.timeout.max = 300ms (default)
2023-03-28 15:13:14,880 [pool-7-thread-8] INFO  ratis.RaftTestUtil (RaftTestUtil.java:waitForLeader(100)) - printing ALL groups
  s0:  RUNNING    LEADER s0@group-4AD7D8BDF6E4:t1, leader=s0, voted=s0, raftlog=Memoized:s0@group-4AD7D8BDF6E4-SegmentedRaftLog:OPENED:c0, conf=0: peers:[s0|rpc:localhost:39189|admin:localhost:46309|client:localhost:42931|dataStream:localhost:35501|priority:0|startupRole:FOLLOWER, s1|rpc:localhost:42161|admin:localhost:45919|client:localhost:41703|dataStream:localhost:35503|priority:0|startupRole:FOLLOWER, s2|rpc:localhost:39003|admin:localhost:43283|client:localhost:38251|dataStream:localhost:44179|priority:0|startupRole:FOLLOWER]|listeners:[], old=null RUNNING
  s1:  RUNNING  FOLLOWER s1@group-4AD7D8BDF6E4:t1, leader=s0, voted=s0, raftlog=Memoized:s1@group-4AD7D8BDF6E4-SegmentedRaftLog:OPENED:c0, conf=0: peers:[s0|rpc:localhost:39189|admin:localhost:46309|client:localhost:42931|dataStream:localhost:35501|priority:0|startupRole:FOLLOWER, s1|rpc:localhost:42161|admin:localhost:45919|client:localhost:41703|dataStream:localhost:35503|priority:0|startupRole:FOLLOWER, s2|rpc:localhost:39003|admin:localhost:43283|client:localhost:38251|dataStream:localhost:44179|priority:0|startupRole:FOLLOWER]|listeners:[], old=null RUNNING
  s2:  RUNNING  FOLLOWER s2@group-4AD7D8BDF6E4:t1, leader=s0, voted=s0, raftlog=Memoized:s2@group-4AD7D8BDF6E4-SegmentedRaftLog:OPENED:c0, conf=0: peers:[s0|rpc:localhost:39189|admin:localhost:46309|client:localhost:42931|dataStream:localhost:35501|priority:0|startupRole:FOLLOWER, s1|rpc:localhost:42161|admin:localhost:45919|client:localhost:41703|dataStream:localhost:35503|priority:0|startupRole:FOLLOWER, s2|rpc:localhost:39003|admin:localhost:43283|client:localhost:38251|dataStream:localhost:44179|priority:0|startupRole:FOLLOWER]|listeners:[], old=null RUNNING
2023-03-28 15:13:14,880 [pool-7-thread-8] INFO  ratis.RaftTestUtil (RaftTestUtil.java:waitForLeader(119)) - printing ALL groups
  s0:  RUNNING    LEADER s0@group-4AD7D8BDF6E4:t1, leader=s0, voted=s0, raftlog=Memoized:s0@group-4AD7D8BDF6E4-SegmentedRaftLog:OPENED:c0, conf=0: peers:[s0|rpc:localhost:39189|admin:localhost:46309|client:localhost:42931|dataStream:localhost:35501|priority:0|startupRole:FOLLOWER, s1|rpc:localhost:42161|admin:localhost:45919|client:localhost:41703|dataStream:localhost:35503|priority:0|startupRole:FOLLOWER, s2|rpc:localhost:39003|admin:localhost:43283|client:localhost:38251|dataStream:localhost:44179|priority:0|startupRole:FOLLOWER]|listeners:[], old=null RUNNING
  s1:  RUNNING  FOLLOWER s1@group-4AD7D8BDF6E4:t1, leader=s0, voted=s0, raftlog=Memoized:s1@group-4AD7D8BDF6E4-SegmentedRaftLog:OPENED:c0, conf=0: peers:[s0|rpc:localhost:39189|admin:localhost:46309|client:localhost:42931|dataStream:localhost:35501|priority:0|startupRole:FOLLOWER, s1|rpc:localhost:42161|admin:localhost:45919|client:localhost:41703|dataStream:localhost:35503|priority:0|startupRole:FOLLOWER, s2|rpc:localhost:39003|admin:localhost:43283|client:localhost:38251|dataStream:localhost:44179|priority:0|startupRole:FOLLOWER]|listeners:[], old=null RUNNING
  s2:  RUNNING  FOLLOWER s2@group-4AD7D8BDF6E4:t1, leader=s0, voted=s0, raftlog=Memoized:s2@group-4AD7D8BDF6E4-SegmentedRaftLog:OPENED:c0, conf=0: peers:[s0|rpc:localhost:39189|admin:localhost:46309|client:localhost:42931|dataStream:localhost:35501|priority:0|startupRole:FOLLOWER, s1|rpc:localhost:42161|admin:localhost:45919|client:localhost:41703|dataStream:localhost:35503|priority:0|startupRole:FOLLOWER, s2|rpc:localhost:39003|admin:localhost:43283|client:localhost:38251|dataStream:localhost:44179|priority:0|startupRole:FOLLOWER]|listeners:[], old=null RUNNING
2023-03-28 15:13:14,880 [pool-7-thread-8] INFO  client.DataStreamClient (ConfUtils.java:logGet(46)) - raft.datastream.type = NETTY (custom)
2023-03-28 15:13:14,880 [pool-7-thread-8] INFO  netty.NettyConfigKeys$DataStream (ConfUtils.java:logGet(46)) - raft.netty.dataStream.client.tls.conf = null (default)
2023-03-28 15:13:14,880 [pool-7-thread-8] INFO  netty.NettyConfigKeys$DataStream (ConfUtils.java:logGet(46)) - raft.netty.dataStream.client.reply.queue.grace-period = 1s (default)
2023-03-28 15:13:14,881 [pool-7-thread-8] INFO  netty.NettyConfigKeys$DataStream (ConfUtils.java:logGet(46)) - raft.netty.dataStream.client.worker-group.share = false (default)
2023-03-28 15:13:14,881 [pool-7-thread-8] INFO  netty.NettyConfigKeys$DataStream (ConfUtils.java:logGet(46)) - raft.netty.dataStream.client.worker-group.size = 4 (default)
2023-03-28 15:13:14,824 [pool-7-thread-7] INFO  server.RaftServerConfigKeys (ConfUtils.java:logGet(46)) - raft.server.rpc.timeout.max = 300ms (default)
2023-03-28 15:13:14,888 [pool-7-thread-7] INFO  ratis.RaftTestUtil (RaftTestUtil.java:waitForLeader(100)) - printing ALL groups
  s0:  RUNNING    LEADER s0@group-4AD7D8BDF6E4:t1, leader=s0, voted=s0, raftlog=Memoized:s0@group-4AD7D8BDF6E4-SegmentedRaftLog:OPENED:c0, conf=0: peers:[s0|rpc:localhost:39189|admin:localhost:46309|client:localhost:42931|dataStream:localhost:35501|priority:0|startupRole:FOLLOWER, s1|rpc:localhost:42161|admin:localhost:45919|client:localhost:41703|dataStream:localhost:35503|priority:0|startupRole:FOLLOWER, s2|rpc:localhost:39003|admin:localhost:43283|client:localhost:38251|dataStream:localhost:44179|priority:0|startupRole:FOLLOWER]|listeners:[], old=null RUNNING
  s1:  RUNNING  FOLLOWER s1@group-4AD7D8BDF6E4:t1, leader=s0, voted=s0, raftlog=Memoized:s1@group-4AD7D8BDF6E4-SegmentedRaftLog:OPENED:c0, conf=0: peers:[s0|rpc:localhost:39189|admin:localhost:46309|client:localhost:42931|dataStream:localhost:35501|priority:0|startupRole:FOLLOWER, s1|rpc:localhost:42161|admin:localhost:45919|client:localhost:41703|dataStream:localhost:35503|priority:0|startupRole:FOLLOWER, s2|rpc:localhost:39003|admin:localhost:43283|client:localhost:38251|dataStream:localhost:44179|priority:0|startupRole:FOLLOWER]|listeners:[], old=null RUNNING
  s2:  RUNNING  FOLLOWER s2@group-4AD7D8BDF6E4:t1, leader=s0, voted=s0, raftlog=Memoized:s2@group-4AD7D8BDF6E4-SegmentedRaftLog:OPENED:c0, conf=0: peers:[s0|rpc:localhost:39189|admin:localhost:46309|client:localhost:42931|dataStream:localhost:35501|priority:0|startupRole:FOLLOWER, s1|rpc:localhost:42161|admin:localhost:45919|client:localhost:41703|dataStream:localhost:35503|priority:0|startupRole:FOLLOWER, s2|rpc:localhost:39003|admin:localhost:43283|client:localhost:38251|dataStream:localhost:44179|priority:0|startupRole:FOLLOWER]|listeners:[], old=null RUNNING
2023-03-28 15:13:14,889 [pool-7-thread-7] INFO  ratis.RaftTestUtil (RaftTestUtil.java:waitForLeader(119)) - printing ALL groups
  s0:  RUNNING    LEADER s0@group-4AD7D8BDF6E4:t1, leader=s0, voted=s0, raftlog=Memoized:s0@group-4AD7D8BDF6E4-SegmentedRaftLog:OPENED:c0, conf=0: peers:[s0|rpc:localhost:39189|admin:localhost:46309|client:localhost:42931|dataStream:localhost:35501|priority:0|startupRole:FOLLOWER, s1|rpc:localhost:42161|admin:localhost:45919|client:localhost:41703|dataStream:localhost:35503|priority:0|startupRole:FOLLOWER, s2|rpc:localhost:39003|admin:localhost:43283|client:localhost:38251|dataStream:localhost:44179|priority:0|startupRole:FOLLOWER]|listeners:[], old=null RUNNING
  s1:  RUNNING  FOLLOWER s1@group-4AD7D8BDF6E4:t1, leader=s0, voted=s0, raftlog=Memoized:s1@group-4AD7D8BDF6E4-SegmentedRaftLog:OPENED:c0, conf=0: peers:[s0|rpc:localhost:39189|admin:localhost:46309|client:localhost:42931|dataStream:localhost:35501|priority:0|startupRole:FOLLOWER, s1|rpc:localhost:42161|admin:localhost:45919|client:localhost:41703|dataStream:localhost:35503|priority:0|startupRole:FOLLOWER, s2|rpc:localhost:39003|admin:localhost:43283|client:localhost:38251|dataStream:localhost:44179|priority:0|startupRole:FOLLOWER]|listeners:[], old=null RUNNING
  s2:  RUNNING  FOLLOWER s2@group-4AD7D8BDF6E4:t1, leader=s0, voted=s0, raftlog=Memoized:s2@group-4AD7D8BDF6E4-SegmentedRaftLog:OPENED:c0, conf=0: peers:[s0|rpc:localhost:39189|admin:localhost:46309|client:localhost:42931|dataStream:localhost:35501|priority:0|startupRole:FOLLOWER, s1|rpc:localhost:42161|admin:localhost:45919|client:localhost:41703|dataStream:localhost:35503|priority:0|startupRole:FOLLOWER, s2|rpc:localhost:39003|admin:localhost:43283|client:localhost:38251|dataStream:localhost:44179|priority:0|startupRole:FOLLOWER]|listeners:[], old=null RUNNING
2023-03-28 15:13:14,889 [pool-7-thread-7] INFO  client.DataStreamClient (ConfUtils.java:logGet(46)) - raft.datastream.type = NETTY (custom)
2023-03-28 15:13:14,889 [pool-7-thread-7] INFO  netty.NettyConfigKeys$DataStream (ConfUtils.java:logGet(46)) - raft.netty.dataStream.client.tls.conf = null (default)
2023-03-28 15:13:14,889 [pool-7-thread-7] INFO  netty.NettyConfigKeys$DataStream (ConfUtils.java:logGet(46)) - raft.netty.dataStream.client.reply.queue.grace-period = 1s (default)
2023-03-28 15:13:14,889 [pool-7-thread-7] INFO  netty.NettyConfigKeys$DataStream (ConfUtils.java:logGet(46)) - raft.netty.dataStream.client.worker-group.share = false (default)
2023-03-28 15:13:14,889 [pool-7-thread-7] INFO  netty.NettyConfigKeys$DataStream (ConfUtils.java:logGet(46)) - raft.netty.dataStream.client.worker-group.size = 4 (default)
2023-03-28 15:13:14,824 [pool-7-thread-6] INFO  server.RaftServerConfigKeys (ConfUtils.java:logGet(46)) - raft.server.rpc.timeout.max = 300ms (default)
2023-03-28 15:13:14,908 [pool-7-thread-6] INFO  ratis.RaftTestUtil (RaftTestUtil.java:waitForLeader(100)) - printing ALL groups
  s0:  RUNNING    LEADER s0@group-4AD7D8BDF6E4:t1, leader=s0, voted=s0, raftlog=Memoized:s0@group-4AD7D8BDF6E4-SegmentedRaftLog:OPENED:c0, conf=0: peers:[s0|rpc:localhost:39189|admin:localhost:46309|client:localhost:42931|dataStream:localhost:35501|priority:0|startupRole:FOLLOWER, s1|rpc:localhost:42161|admin:localhost:45919|client:localhost:41703|dataStream:localhost:35503|priority:0|startupRole:FOLLOWER, s2|rpc:localhost:39003|admin:localhost:43283|client:localhost:38251|dataStream:localhost:44179|priority:0|startupRole:FOLLOWER]|listeners:[], old=null RUNNING
  s1:  RUNNING  FOLLOWER s1@group-4AD7D8BDF6E4:t1, leader=s0, voted=s0, raftlog=Memoized:s1@group-4AD7D8BDF6E4-SegmentedRaftLog:OPENED:c0, conf=0: peers:[s0|rpc:localhost:39189|admin:localhost:46309|client:localhost:42931|dataStream:localhost:35501|priority:0|startupRole:FOLLOWER, s1|rpc:localhost:42161|admin:localhost:45919|client:localhost:41703|dataStream:localhost:35503|priority:0|startupRole:FOLLOWER, s2|rpc:localhost:39003|admin:localhost:43283|client:localhost:38251|dataStream:localhost:44179|priority:0|startupRole:FOLLOWER]|listeners:[], old=null RUNNING
  s2:  RUNNING  FOLLOWER s2@group-4AD7D8BDF6E4:t1, leader=s0, voted=s0, raftlog=Memoized:s2@group-4AD7D8BDF6E4-SegmentedRaftLog:OPENED:c0, conf=0: peers:[s0|rpc:localhost:39189|admin:localhost:46309|client:localhost:42931|dataStream:localhost:35501|priority:0|startupRole:FOLLOWER, s1|rpc:localhost:42161|admin:localhost:45919|client:localhost:41703|dataStream:localhost:35503|priority:0|startupRole:FOLLOWER, s2|rpc:localhost:39003|admin:localhost:43283|client:localhost:38251|dataStream:localhost:44179|priority:0|startupRole:FOLLOWER]|listeners:[], old=null RUNNING
2023-03-28 15:13:14,908 [pool-7-thread-6] INFO  ratis.RaftTestUtil (RaftTestUtil.java:waitForLeader(119)) - printing ALL groups
  s0:  RUNNING    LEADER s0@group-4AD7D8BDF6E4:t1, leader=s0, voted=s0, raftlog=Memoized:s0@group-4AD7D8BDF6E4-SegmentedRaftLog:OPENED:c0, conf=0: peers:[s0|rpc:localhost:39189|admin:localhost:46309|client:localhost:42931|dataStream:localhost:35501|priority:0|startupRole:FOLLOWER, s1|rpc:localhost:42161|admin:localhost:45919|client:localhost:41703|dataStream:localhost:35503|priority:0|startupRole:FOLLOWER, s2|rpc:localhost:39003|admin:localhost:43283|client:localhost:38251|dataStream:localhost:44179|priority:0|startupRole:FOLLOWER]|listeners:[], old=null RUNNING
  s1:  RUNNING  FOLLOWER s1@group-4AD7D8BDF6E4:t1, leader=s0, voted=s0, raftlog=Memoized:s1@group-4AD7D8BDF6E4-SegmentedRaftLog:OPENED:c0, conf=0: peers:[s0|rpc:localhost:39189|admin:localhost:46309|client:localhost:42931|dataStream:localhost:35501|priority:0|startupRole:FOLLOWER, s1|rpc:localhost:42161|admin:localhost:45919|client:localhost:41703|dataStream:localhost:35503|priority:0|startupRole:FOLLOWER, s2|rpc:localhost:39003|admin:localhost:43283|client:localhost:38251|dataStream:localhost:44179|priority:0|startupRole:FOLLOWER]|listeners:[], old=null RUNNING
  s2:  RUNNING  FOLLOWER s2@group-4AD7D8BDF6E4:t1, leader=s0, voted=s0, raftlog=Memoized:s2@group-4AD7D8BDF6E4-SegmentedRaftLog:OPENED:c0, conf=0: peers:[s0|rpc:localhost:39189|admin:localhost:46309|client:localhost:42931|dataStream:localhost:35501|priority:0|startupRole:FOLLOWER, s1|rpc:localhost:42161|admin:localhost:45919|client:localhost:41703|dataStream:localhost:35503|priority:0|startupRole:FOLLOWER, s2|rpc:localhost:39003|admin:localhost:43283|client:localhost:38251|dataStream:localhost:44179|priority:0|startupRole:FOLLOWER]|listeners:[], old=null RUNNING
2023-03-28 15:13:14,909 [pool-7-thread-6] INFO  client.DataStreamClient (ConfUtils.java:logGet(46)) - raft.datastream.type = NETTY (custom)
2023-03-28 15:13:14,909 [pool-7-thread-6] INFO  netty.NettyConfigKeys$DataStream (ConfUtils.java:logGet(46)) - raft.netty.dataStream.client.tls.conf = null (default)
2023-03-28 15:13:14,909 [pool-7-thread-6] INFO  netty.NettyConfigKeys$DataStream (ConfUtils.java:logGet(46)) - raft.netty.dataStream.client.reply.queue.grace-period = 1s (default)
2023-03-28 15:13:14,909 [pool-7-thread-6] INFO  netty.NettyConfigKeys$DataStream (ConfUtils.java:logGet(46)) - raft.netty.dataStream.client.worker-group.share = false (default)
2023-03-28 15:13:14,909 [pool-7-thread-6] INFO  netty.NettyConfigKeys$DataStream (ConfUtils.java:logGet(46)) - raft.netty.dataStream.client.worker-group.size = 4 (default)
2023-03-28 15:13:14,824 [pool-7-thread-3] INFO  server.RaftServerConfigKeys (ConfUtils.java:logGet(46)) - raft.server.rpc.timeout.max = 300ms (default)
2023-03-28 15:13:14,930 [pool-7-thread-3] INFO  ratis.RaftTestUtil (RaftTestUtil.java:waitForLeader(100)) - printing ALL groups
  s0:  RUNNING    LEADER s0@group-4AD7D8BDF6E4:t1, leader=s0, voted=s0, raftlog=Memoized:s0@group-4AD7D8BDF6E4-SegmentedRaftLog:OPENED:c0, conf=0: peers:[s0|rpc:localhost:39189|admin:localhost:46309|client:localhost:42931|dataStream:localhost:35501|priority:0|startupRole:FOLLOWER, s1|rpc:localhost:42161|admin:localhost:45919|client:localhost:41703|dataStream:localhost:35503|priority:0|startupRole:FOLLOWER, s2|rpc:localhost:39003|admin:localhost:43283|client:localhost:38251|dataStream:localhost:44179|priority:0|startupRole:FOLLOWER]|listeners:[], old=null RUNNING
  s1:  RUNNING  FOLLOWER s1@group-4AD7D8BDF6E4:t1, leader=s0, voted=s0, raftlog=Memoized:s1@group-4AD7D8BDF6E4-SegmentedRaftLog:OPENED:c0, conf=0: peers:[s0|rpc:localhost:39189|admin:localhost:46309|client:localhost:42931|dataStream:localhost:35501|priority:0|startupRole:FOLLOWER, s1|rpc:localhost:42161|admin:localhost:45919|client:localhost:41703|dataStream:localhost:35503|priority:0|startupRole:FOLLOWER, s2|rpc:localhost:39003|admin:localhost:43283|client:localhost:38251|dataStream:localhost:44179|priority:0|startupRole:FOLLOWER]|listeners:[], old=null RUNNING
  s2:  RUNNING  FOLLOWER s2@group-4AD7D8BDF6E4:t1, leader=s0, voted=s0, raftlog=Memoized:s2@group-4AD7D8BDF6E4-SegmentedRaftLog:OPENED:c0, conf=0: peers:[s0|rpc:localhost:39189|admin:localhost:46309|client:localhost:42931|dataStream:localhost:35501|priority:0|startupRole:FOLLOWER, s1|rpc:localhost:42161|admin:localhost:45919|client:localhost:41703|dataStream:localhost:35503|priority:0|startupRole:FOLLOWER, s2|rpc:localhost:39003|admin:localhost:43283|client:localhost:38251|dataStream:localhost:44179|priority:0|startupRole:FOLLOWER]|listeners:[], old=null RUNNING
2023-03-28 15:13:14,930 [pool-7-thread-3] INFO  ratis.RaftTestUtil (RaftTestUtil.java:waitForLeader(119)) - printing ALL groups
  s0:  RUNNING    LEADER s0@group-4AD7D8BDF6E4:t1, leader=s0, voted=s0, raftlog=Memoized:s0@group-4AD7D8BDF6E4-SegmentedRaftLog:OPENED:c0, conf=0: peers:[s0|rpc:localhost:39189|admin:localhost:46309|client:localhost:42931|dataStream:localhost:35501|priority:0|startupRole:FOLLOWER, s1|rpc:localhost:42161|admin:localhost:45919|client:localhost:41703|dataStream:localhost:35503|priority:0|startupRole:FOLLOWER, s2|rpc:localhost:39003|admin:localhost:43283|client:localhost:38251|dataStream:localhost:44179|priority:0|startupRole:FOLLOWER]|listeners:[], old=null RUNNING
  s1:  RUNNING  FOLLOWER s1@group-4AD7D8BDF6E4:t1, leader=s0, voted=s0, raftlog=Memoized:s1@group-4AD7D8BDF6E4-SegmentedRaftLog:OPENED:c0, conf=0: peers:[s0|rpc:localhost:39189|admin:localhost:46309|client:localhost:42931|dataStream:localhost:35501|priority:0|startupRole:FOLLOWER, s1|rpc:localhost:42161|admin:localhost:45919|client:localhost:41703|dataStream:localhost:35503|priority:0|startupRole:FOLLOWER, s2|rpc:localhost:39003|admin:localhost:43283|client:localhost:38251|dataStream:localhost:44179|priority:0|startupRole:FOLLOWER]|listeners:[], old=null RUNNING
  s2:  RUNNING  FOLLOWER s2@group-4AD7D8BDF6E4:t1, leader=s0, voted=s0, raftlog=Memoized:s2@group-4AD7D8BDF6E4-SegmentedRaftLog:OPENED:c0, conf=0: peers:[s0|rpc:localhost:39189|admin:localhost:46309|client:localhost:42931|dataStream:localhost:35501|priority:0|startupRole:FOLLOWER, s1|rpc:localhost:42161|admin:localhost:45919|client:localhost:41703|dataStream:localhost:35503|priority:0|startupRole:FOLLOWER, s2|rpc:localhost:39003|admin:localhost:43283|client:localhost:38251|dataStream:localhost:44179|priority:0|startupRole:FOLLOWER]|listeners:[], old=null RUNNING
2023-03-28 15:13:14,930 [pool-7-thread-3] INFO  client.DataStreamClient (ConfUtils.java:logGet(46)) - raft.datastream.type = NETTY (custom)
2023-03-28 15:13:14,931 [pool-7-thread-3] INFO  netty.NettyConfigKeys$DataStream (ConfUtils.java:logGet(46)) - raft.netty.dataStream.client.tls.conf = null (default)
2023-03-28 15:13:14,931 [pool-7-thread-3] INFO  netty.NettyConfigKeys$DataStream (ConfUtils.java:logGet(46)) - raft.netty.dataStream.client.reply.queue.grace-period = 1s (default)
2023-03-28 15:13:14,931 [pool-7-thread-3] INFO  netty.NettyConfigKeys$DataStream (ConfUtils.java:logGet(46)) - raft.netty.dataStream.client.worker-group.share = false (default)
2023-03-28 15:13:14,931 [pool-7-thread-3] INFO  netty.NettyConfigKeys$DataStream (ConfUtils.java:logGet(46)) - raft.netty.dataStream.client.worker-group.size = 4 (default)
2023-03-28 15:13:14,899 [s1-NettyServerStreamRpc-bossGroup--thread1] INFO  logging.LoggingHandler (AbstractInternalLogger.java:log(148)) - [id: 0x967ba9f1, L:/0.0.0.0:35503] READ: [id: 0x78588b5f, L:/127.0.0.1:35503 - R:/127.0.0.1:48154]
2023-03-28 15:13:14,892 [s0-NettyServerStreamRpc-bossGroup--thread1] INFO  logging.LoggingHandler (AbstractInternalLogger.java:log(148)) - [id: 0x4c883ab2, L:/0.0.0.0:35501] READ: [id: 0x196b113a, L:/127.0.0.1:35501 - R:/127.0.0.1:34536]
2023-03-28 15:13:14,864 [pool-7-thread-16] INFO  datastream.DataStreamTestUtils (DataStreamTestUtils.java:writeAndCloseAndAssertReplies(311)) - start Stream383
2023-03-28 15:13:14,862 [pool-7-thread-15] INFO  datastream.DataStreamTestUtils (DataStreamTestUtils.java:writeAndCloseAndAssertReplies(311)) - start Stream382
2023-03-28 15:13:14,861 [pool-7-thread-14] INFO  datastream.DataStreamTestUtils (DataStreamTestUtils.java:writeAndCloseAndAssertReplies(311)) - start Stream381
2023-03-28 15:13:14,942 [s1-NettyServerStreamRpc-bossGroup--thread1] INFO  logging.LoggingHandler (AbstractInternalLogger.java:log(148)) - [id: 0x967ba9f1, L:/0.0.0.0:35503] READ COMPLETE
2023-03-28 15:13:14,860 [pool-7-thread-13] INFO  datastream.DataStreamTestUtils (DataStreamTestUtils.java:writeAndCloseAndAssertReplies(311)) - start Stream380
2023-03-28 15:13:14,860 [pool-7-thread-12] INFO  datastream.DataStreamTestUtils (DataStreamTestUtils.java:writeAndCloseAndAssertReplies(311)) - start Stream379
2023-03-28 15:13:14,860 [pool-7-thread-11] INFO  datastream.DataStreamTestUtils (DataStreamTestUtils.java:writeAndCloseAndAssertReplies(311)) - start Stream378
2023-03-28 15:13:14,859 [pool-7-thread-10] INFO  datastream.DataStreamTestUtils (DataStreamTestUtils.java:writeAndCloseAndAssertReplies(311)) - start Stream377
2023-03-28 15:13:14,858 [s2-NettyServerStreamRpc-bossGroup--thread1] INFO  logging.LoggingHandler (AbstractInternalLogger.java:log(148)) - [id: 0x2b4b07cb, L:0.0.0.0/0.0.0.0:44179] READ: [id: 0xa3a46485, L:/127.0.0.1:44179 - R:/127.0.0.1:40326]
2023-03-28 15:13:14,848 [pool-7-thread-9] INFO  server.RaftServerConfigKeys (ConfUtils.java:logGet(46)) - raft.server.rpc.timeout.max = 300ms (default)
2023-03-28 15:13:14,956 [pool-7-thread-9] INFO  ratis.RaftTestUtil (RaftTestUtil.java:waitForLeader(100)) - printing ALL groups
  s0:  RUNNING    LEADER s0@group-4AD7D8BDF6E4:t1, leader=s0, voted=s0, raftlog=Memoized:s0@group-4AD7D8BDF6E4-SegmentedRaftLog:OPENED:c0, conf=0: peers:[s0|rpc:localhost:39189|admin:localhost:46309|client:localhost:42931|dataStream:localhost:35501|priority:0|startupRole:FOLLOWER, s1|rpc:localhost:42161|admin:localhost:45919|client:localhost:41703|dataStream:localhost:35503|priority:0|startupRole:FOLLOWER, s2|rpc:localhost:39003|admin:localhost:43283|client:localhost:38251|dataStream:localhost:44179|priority:0|startupRole:FOLLOWER]|listeners:[], old=null RUNNING
  s1:  RUNNING  FOLLOWER s1@group-4AD7D8BDF6E4:t1, leader=s0, voted=s0, raftlog=Memoized:s1@group-4AD7D8BDF6E4-SegmentedRaftLog:OPENED:c0, conf=0: peers:[s0|rpc:localhost:39189|admin:localhost:46309|client:localhost:42931|dataStream:localhost:35501|priority:0|startupRole:FOLLOWER, s1|rpc:localhost:42161|admin:localhost:45919|client:localhost:41703|dataStream:localhost:35503|priority:0|startupRole:FOLLOWER, s2|rpc:localhost:39003|admin:localhost:43283|client:localhost:38251|dataStream:localhost:44179|priority:0|startupRole:FOLLOWER]|listeners:[], old=null RUNNING
  s2:  RUNNING  FOLLOWER s2@group-4AD7D8BDF6E4:t1, leader=s0, voted=s0, raftlog=Memoized:s2@group-4AD7D8BDF6E4-SegmentedRaftLog:OPENED:c0, conf=0: peers:[s0|rpc:localhost:39189|admin:localhost:46309|client:localhost:42931|dataStream:localhost:35501|priority:0|startupRole:FOLLOWER, s1|rpc:localhost:42161|admin:localhost:45919|client:localhost:41703|dataStream:localhost:35503|priority:0|startupRole:FOLLOWER, s2|rpc:localhost:39003|admin:localhost:43283|client:localhost:38251|dataStream:localhost:44179|priority:0|startupRole:FOLLOWER]|listeners:[], old=null RUNNING
2023-03-28 15:13:14,956 [pool-7-thread-9] INFO  ratis.RaftTestUtil (RaftTestUtil.java:waitForLeader(119)) - printing ALL groups
  s0:  RUNNING    LEADER s0@group-4AD7D8BDF6E4:t1, leader=s0, voted=s0, raftlog=Memoized:s0@group-4AD7D8BDF6E4-SegmentedRaftLog:OPENED:c0, conf=0: peers:[s0|rpc:localhost:39189|admin:localhost:46309|client:localhost:42931|dataStream:localhost:35501|priority:0|startupRole:FOLLOWER, s1|rpc:localhost:42161|admin:localhost:45919|client:localhost:41703|dataStream:localhost:35503|priority:0|startupRole:FOLLOWER, s2|rpc:localhost:39003|admin:localhost:43283|client:localhost:38251|dataStream:localhost:44179|priority:0|startupRole:FOLLOWER]|listeners:[], old=null RUNNING
  s1:  RUNNING  FOLLOWER s1@group-4AD7D8BDF6E4:t1, leader=s0, voted=s0, raftlog=Memoized:s1@group-4AD7D8BDF6E4-SegmentedRaftLog:OPENED:c0, conf=0: peers:[s0|rpc:localhost:39189|admin:localhost:46309|client:localhost:42931|dataStream:localhost:35501|priority:0|startupRole:FOLLOWER, s1|rpc:localhost:42161|admin:localhost:45919|client:localhost:41703|dataStream:localhost:35503|priority:0|startupRole:FOLLOWER, s2|rpc:localhost:39003|admin:localhost:43283|client:localhost:38251|dataStream:localhost:44179|priority:0|startupRole:FOLLOWER]|listeners:[], old=null RUNNING
  s2:  RUNNING  FOLLOWER s2@group-4AD7D8BDF6E4:t1, leader=s0, voted=s0, raftlog=Memoized:s2@group-4AD7D8BDF6E4-SegmentedRaftLog:OPENED:c0, conf=0: peers:[s0|rpc:localhost:39189|admin:localhost:46309|client:localhost:42931|dataStream:localhost:35501|priority:0|startupRole:FOLLOWER, s1|rpc:localhost:42161|admin:localhost:45919|client:localhost:41703|dataStream:localhost:35503|priority:0|startupRole:FOLLOWER, s2|rpc:localhost:39003|admin:localhost:43283|client:localhost:38251|dataStream:localhost:44179|priority:0|startupRole:FOLLOWER]|listeners:[], old=null RUNNING
2023-03-28 15:13:14,956 [pool-7-thread-9] INFO  client.DataStreamClient (ConfUtils.java:logGet(46)) - raft.datastream.type = NETTY (custom)
2023-03-28 15:13:14,956 [pool-7-thread-9] INFO  netty.NettyConfigKeys$DataStream (ConfUtils.java:logGet(46)) - raft.netty.dataStream.client.tls.conf = null (default)
2023-03-28 15:13:14,956 [pool-7-thread-9] INFO  netty.NettyConfigKeys$DataStream (ConfUtils.java:logGet(46)) - raft.netty.dataStream.client.reply.queue.grace-period = 1s (default)
2023-03-28 15:13:14,957 [pool-7-thread-9] INFO  netty.NettyConfigKeys$DataStream (ConfUtils.java:logGet(46)) - raft.netty.dataStream.client.worker-group.share = false (default)
2023-03-28 15:13:14,957 [pool-7-thread-9] INFO  netty.NettyConfigKeys$DataStream (ConfUtils.java:logGet(46)) - raft.netty.dataStream.client.worker-group.size = 4 (default)
2023-03-28 15:13:14,985 [s1-NettyServerStreamRpc-workerGroup--thread1] INFO  client.DataStreamClient (ConfUtils.java:logGet(46)) - raft.datastream.type = NETTY (custom)
2023-03-28 15:13:15,005 [s1-NettyServerStreamRpc-workerGroup--thread1] INFO  netty.NettyConfigKeys$DataStream (ConfUtils.java:logGet(46)) - raft.netty.dataStream.client.tls.conf = null (default)
2023-03-28 15:13:15,005 [s1-NettyServerStreamRpc-workerGroup--thread1] INFO  netty.NettyConfigKeys$DataStream (ConfUtils.java:logGet(46)) - raft.netty.dataStream.client.reply.queue.grace-period = 1s (default)
2023-03-28 15:13:15,005 [s1-NettyServerStreamRpc-workerGroup--thread1] INFO  netty.NettyConfigKeys$DataStream (ConfUtils.java:logGet(46)) - raft.netty.dataStream.client.worker-group.share = false (default)
2023-03-28 15:13:15,005 [s1-NettyServerStreamRpc-workerGroup--thread1] INFO  netty.NettyConfigKeys$DataStream (ConfUtils.java:logGet(46)) - raft.netty.dataStream.client.worker-group.size = 4 (default)
2023-03-28 15:13:15,001 [s2-NettyServerStreamRpc-workerGroup--thread1] INFO  client.DataStreamClient (ConfUtils.java:logGet(46)) - raft.datastream.type = NETTY (custom)
2023-03-28 15:13:15,000 [s2-NettyServerStreamRpc-bossGroup--thread1] INFO  logging.LoggingHandler (AbstractInternalLogger.java:log(148)) - [id: 0x2b4b07cb, L:0.0.0.0/0.0.0.0:44179] READ COMPLETE
2023-03-28 15:13:15,005 [s2-NettyServerStreamRpc-workerGroup--thread1] INFO  netty.NettyConfigKeys$DataStream (ConfUtils.java:logGet(46)) - raft.netty.dataStream.client.tls.conf = null (default)
2023-03-28 15:13:15,005 [s2-NettyServerStreamRpc-workerGroup--thread1] INFO  netty.NettyConfigKeys$DataStream (ConfUtils.java:logGet(46)) - raft.netty.dataStream.client.reply.queue.grace-period = 1s (default)
2023-03-28 15:13:15,028 [s0-NettyServerStreamRpc-bossGroup--thread1] INFO  logging.LoggingHandler (AbstractInternalLogger.java:log(148)) - [id: 0x4c883ab2, L:/0.0.0.0:35501] READ COMPLETE
2023-03-28 15:13:15,028 [s0-NettyServerStreamRpc-bossGroup--thread1] INFO  logging.LoggingHandler (AbstractInternalLogger.java:log(148)) - [id: 0x4c883ab2, L:/0.0.0.0:35501] READ: [id: 0x22055f09, L:/127.0.0.1:35501 - R:/127.0.0.1:34548]
2023-03-28 15:13:15,029 [s0-NettyServerStreamRpc-workerGroup--thread1] INFO  client.DataStreamClient (ConfUtils.java:logGet(46)) - raft.datastream.type = NETTY (custom)
2023-03-28 15:13:15,029 [s0-NettyServerStreamRpc-workerGroup--thread1] INFO  netty.NettyConfigKeys$DataStream (ConfUtils.java:logGet(46)) - raft.netty.dataStream.client.tls.conf = null (default)
2023-03-28 15:13:15,029 [s0-NettyServerStreamRpc-workerGroup--thread1] INFO  netty.NettyConfigKeys$DataStream (ConfUtils.java:logGet(46)) - raft.netty.dataStream.client.reply.queue.grace-period = 1s (default)
2023-03-28 15:13:15,033 [s2-NettyServerStreamRpc-bossGroup--thread1] INFO  logging.LoggingHandler (AbstractInternalLogger.java:log(148)) - [id: 0x2b4b07cb, L:0.0.0.0/0.0.0.0:44179] READ: [id: 0xc93cfc89, L:/127.0.0.1:44179 - R:/127.0.0.1:40340]
2023-03-28 15:13:15,038 [s2-NettyServerStreamRpc-bossGroup--thread1] INFO  logging.LoggingHandler (AbstractInternalLogger.java:log(148)) - [id: 0x2b4b07cb, L:0.0.0.0/0.0.0.0:44179] READ COMPLETE
2023-03-28 15:13:15,046 [s2-NettyServerStreamRpc-workerGroup--thread2] INFO  client.DataStreamClient (ConfUtils.java:logGet(46)) - raft.datastream.type = NETTY (custom)
2023-03-28 15:13:15,046 [s2-NettyServerStreamRpc-workerGroup--thread2] INFO  netty.NettyConfigKeys$DataStream (ConfUtils.java:logGet(46)) - raft.netty.dataStream.client.tls.conf = null (default)
2023-03-28 15:13:15,047 [s2-NettyServerStreamRpc-workerGroup--thread2] INFO  netty.NettyConfigKeys$DataStream (ConfUtils.java:logGet(46)) - raft.netty.dataStream.client.reply.queue.grace-period = 1s (default)
2023-03-28 15:13:15,053 [s2-NettyServerStreamRpc-workerGroup--thread2] INFO  netty.NettyConfigKeys$DataStream (ConfUtils.java:logGet(46)) - raft.netty.dataStream.client.worker-group.share = false (default)
2023-03-28 15:13:15,053 [s2-NettyServerStreamRpc-workerGroup--thread2] INFO  netty.NettyConfigKeys$DataStream (ConfUtils.java:logGet(46)) - raft.netty.dataStream.client.worker-group.size = 4 (default)
2023-03-28 15:13:15,064 [s0-NettyServerStreamRpc-workerGroup--thread1] INFO  netty.NettyConfigKeys$DataStream (ConfUtils.java:logGet(46)) - raft.netty.dataStream.client.worker-group.share = false (default)
2023-03-28 15:13:15,064 [s0-NettyServerStreamRpc-workerGroup--thread1] INFO  netty.NettyConfigKeys$DataStream (ConfUtils.java:logGet(46)) - raft.netty.dataStream.client.worker-group.size = 4 (default)
2023-03-28 15:13:15,065 [s2-NettyServerStreamRpc-workerGroup--thread1] INFO  netty.NettyConfigKeys$DataStream (ConfUtils.java:logGet(46)) - raft.netty.dataStream.client.worker-group.share = false (default)
2023-03-28 15:13:15,065 [s2-NettyServerStreamRpc-workerGroup--thread1] INFO  netty.NettyConfigKeys$DataStream (ConfUtils.java:logGet(46)) - raft.netty.dataStream.client.worker-group.size = 4 (default)
2023-03-28 15:13:15,168 [s1-NettyServerStreamRpc-bossGroup--thread1] INFO  logging.LoggingHandler (AbstractInternalLogger.java:log(148)) - [id: 0x967ba9f1, L:/0.0.0.0:35503] READ: [id: 0x1dfa7fe7, L:/127.0.0.1:35503 - R:/127.0.0.1:48162]
2023-03-28 15:13:15,169 [s0-NettyServerStreamRpc-workerGroup--thread1] INFO  client.DataStreamClient (ConfUtils.java:logGet(46)) - raft.datastream.type = NETTY (custom)
2023-03-28 15:13:15,169 [s0-NettyServerStreamRpc-workerGroup--thread1] INFO  netty.NettyConfigKeys$DataStream (ConfUtils.java:logGet(46)) - raft.netty.dataStream.client.tls.conf = null (default)
2023-03-28 15:13:15,169 [s0-NettyServerStreamRpc-workerGroup--thread1] INFO  netty.NettyConfigKeys$DataStream (ConfUtils.java:logGet(46)) - raft.netty.dataStream.client.reply.queue.grace-period = 1s (default)
2023-03-28 15:13:15,169 [s0-NettyServerStreamRpc-workerGroup--thread1] INFO  netty.NettyConfigKeys$DataStream (ConfUtils.java:logGet(46)) - raft.netty.dataStream.client.worker-group.share = false (default)
2023-03-28 15:13:15,169 [s0-NettyServerStreamRpc-workerGroup--thread1] INFO  netty.NettyConfigKeys$DataStream (ConfUtils.java:logGet(46)) - raft.netty.dataStream.client.worker-group.size = 4 (default)
2023-03-28 15:13:15,170 [s2-NettyServerStreamRpc-workerGroup--thread1] INFO  client.DataStreamClient (ConfUtils.java:logGet(46)) - raft.datastream.type = NETTY (custom)
2023-03-28 15:13:15,170 [s2-NettyServerStreamRpc-workerGroup--thread1] INFO  netty.NettyConfigKeys$DataStream (ConfUtils.java:logGet(46)) - raft.netty.dataStream.client.tls.conf = null (default)
2023-03-28 15:13:15,170 [s2-NettyServerStreamRpc-workerGroup--thread1] INFO  netty.NettyConfigKeys$DataStream (ConfUtils.java:logGet(46)) - raft.netty.dataStream.client.reply.queue.grace-period = 1s (default)
2023-03-28 15:13:15,170 [s2-NettyServerStreamRpc-workerGroup--thread1] INFO  netty.NettyConfigKeys$DataStream (ConfUtils.java:logGet(46)) - raft.netty.dataStream.client.worker-group.share = false (default)
2023-03-28 15:13:15,170 [s2-NettyServerStreamRpc-workerGroup--thread1] INFO  netty.NettyConfigKeys$DataStream (ConfUtils.java:logGet(46)) - raft.netty.dataStream.client.worker-group.size = 4 (default)
2023-03-28 15:13:15,170 [s1-NettyServerStreamRpc-workerGroup--thread1] INFO  client.DataStreamClient (ConfUtils.java:logGet(46)) - raft.datastream.type = NETTY (custom)
2023-03-28 15:13:15,175 [s1-NettyServerStreamRpc-bossGroup--thread1] INFO  logging.LoggingHandler (AbstractInternalLogger.java:log(148)) - [id: 0x967ba9f1, L:/0.0.0.0:35503] READ COMPLETE
2023-03-28 15:13:15,176 [s1-NettyServerStreamRpc-workerGroup--thread1] INFO  netty.NettyConfigKeys$DataStream (ConfUtils.java:logGet(46)) - raft.netty.dataStream.client.tls.conf = null (default)
2023-03-28 15:13:15,176 [s1-NettyServerStreamRpc-workerGroup--thread1] INFO  netty.NettyConfigKeys$DataStream (ConfUtils.java:logGet(46)) - raft.netty.dataStream.client.reply.queue.grace-period = 1s (default)
2023-03-28 15:13:15,177 [s1-NettyServerStreamRpc-workerGroup--thread1] INFO  netty.NettyConfigKeys$DataStream (ConfUtils.java:logGet(46)) - raft.netty.dataStream.client.worker-group.share = false (default)
2023-03-28 15:13:15,177 [s1-NettyServerStreamRpc-workerGroup--thread1] INFO  netty.NettyConfigKeys$DataStream (ConfUtils.java:logGet(46)) - raft.netty.dataStream.client.worker-group.size = 4 (default)
2023-03-28 15:13:15,180 [s0-NettyServerStreamRpc-bossGroup--thread1] INFO  logging.LoggingHandler (AbstractInternalLogger.java:log(148)) - [id: 0x4c883ab2, L:/0.0.0.0:35501] READ: [id: 0xae572bc1, L:/127.0.0.1:35501 - R:/127.0.0.1:34564]
2023-03-28 15:13:15,190 [s0-NettyServerStreamRpc-bossGroup--thread1] INFO  logging.LoggingHandler (AbstractInternalLogger.java:log(148)) - [id: 0x4c883ab2, L:/0.0.0.0:35501] READ: [id: 0xe7309c68, L:/127.0.0.1:35501 - R:/127.0.0.1:34576]
2023-03-28 15:13:15,191 [s0-NettyServerStreamRpc-workerGroup--thread3] INFO  client.DataStreamClient (ConfUtils.java:logGet(46)) - raft.datastream.type = NETTY (custom)
2023-03-28 15:13:15,192 [s0-NettyServerStreamRpc-workerGroup--thread3] INFO  netty.NettyConfigKeys$DataStream (ConfUtils.java:logGet(46)) - raft.netty.dataStream.client.tls.conf = null (default)
2023-03-28 15:13:15,192 [s0-NettyServerStreamRpc-workerGroup--thread3] INFO  netty.NettyConfigKeys$DataStream (ConfUtils.java:logGet(46)) - raft.netty.dataStream.client.reply.queue.grace-period = 1s (default)
2023-03-28 15:13:15,192 [s0-NettyServerStreamRpc-workerGroup--thread3] INFO  netty.NettyConfigKeys$DataStream (ConfUtils.java:logGet(46)) - raft.netty.dataStream.client.worker-group.share = false (default)
2023-03-28 15:13:15,193 [s0-NettyServerStreamRpc-workerGroup--thread3] INFO  netty.NettyConfigKeys$DataStream (ConfUtils.java:logGet(46)) - raft.netty.dataStream.client.worker-group.size = 4 (default)
2023-03-28 15:13:15,194 [s0-NettyServerStreamRpc-bossGroup--thread1] INFO  logging.LoggingHandler (AbstractInternalLogger.java:log(148)) - [id: 0x4c883ab2, L:/0.0.0.0:35501] READ COMPLETE
2023-03-28 15:13:15,194 [s0-NettyServerStreamRpc-bossGroup--thread1] INFO  logging.LoggingHandler (AbstractInternalLogger.java:log(148)) - [id: 0x4c883ab2, L:/0.0.0.0:35501] READ: [id: 0xd46a7639, L:/127.0.0.1:35501 - R:/127.0.0.1:34590]
2023-03-28 15:13:15,194 [s0-NettyServerStreamRpc-bossGroup--thread1] INFO  logging.LoggingHandler (AbstractInternalLogger.java:log(148)) - [id: 0x4c883ab2, L:/0.0.0.0:35501] READ: [id: 0xa26cd4f8, L:/127.0.0.1:35501 - R:/127.0.0.1:34596]
2023-03-28 15:13:15,194 [s0-NettyServerStreamRpc-bossGroup--thread1] INFO  logging.LoggingHandler (AbstractInternalLogger.java:log(148)) - [id: 0x4c883ab2, L:/0.0.0.0:35501] READ COMPLETE
2023-03-28 15:13:15,195 [s0-NettyServerStreamRpc-workerGroup--thread2] INFO  client.DataStreamClient (ConfUtils.java:logGet(46)) - raft.datastream.type = NETTY (custom)
2023-03-28 15:13:15,195 [s0-NettyServerStreamRpc-workerGroup--thread2] INFO  netty.NettyConfigKeys$DataStream (ConfUtils.java:logGet(46)) - raft.netty.dataStream.client.tls.conf = null (default)
2023-03-28 15:13:15,195 [s0-NettyServerStreamRpc-workerGroup--thread2] INFO  netty.NettyConfigKeys$DataStream (ConfUtils.java:logGet(46)) - raft.netty.dataStream.client.reply.queue.grace-period = 1s (default)
2023-03-28 15:13:15,195 [s0-NettyServerStreamRpc-workerGroup--thread2] INFO  netty.NettyConfigKeys$DataStream (ConfUtils.java:logGet(46)) - raft.netty.dataStream.client.worker-group.share = false (default)
2023-03-28 15:13:15,195 [s0-NettyServerStreamRpc-workerGroup--thread2] INFO  netty.NettyConfigKeys$DataStream (ConfUtils.java:logGet(46)) - raft.netty.dataStream.client.worker-group.size = 4 (default)
2023-03-28 15:13:15,206 [s0-NettyServerStreamRpc-bossGroup--thread1] INFO  logging.LoggingHandler (AbstractInternalLogger.java:log(148)) - [id: 0x4c883ab2, L:/0.0.0.0:35501] READ: [id: 0xf5bb12d2, L:/127.0.0.1:35501 - R:/127.0.0.1:34602]
2023-03-28 15:13:15,206 [s0-NettyServerStreamRpc-bossGroup--thread1] INFO  logging.LoggingHandler (AbstractInternalLogger.java:log(148)) - [id: 0x4c883ab2, L:/0.0.0.0:35501] READ COMPLETE
2023-03-28 15:13:15,207 [s2-NettyServerStreamRpc-workerGroup--thread2] INFO  client.DataStreamClient (ConfUtils.java:logGet(46)) - raft.datastream.type = NETTY (custom)
2023-03-28 15:13:15,207 [s2-NettyServerStreamRpc-workerGroup--thread2] INFO  netty.NettyConfigKeys$DataStream (ConfUtils.java:logGet(46)) - raft.netty.dataStream.client.tls.conf = null (default)
2023-03-28 15:13:15,207 [s2-NettyServerStreamRpc-workerGroup--thread2] INFO  netty.NettyConfigKeys$DataStream (ConfUtils.java:logGet(46)) - raft.netty.dataStream.client.reply.queue.grace-period = 1s (default)
2023-03-28 15:13:15,207 [s2-NettyServerStreamRpc-workerGroup--thread2] INFO  netty.NettyConfigKeys$DataStream (ConfUtils.java:logGet(46)) - raft.netty.dataStream.client.worker-group.share = false (default)
2023-03-28 15:13:15,207 [s2-NettyServerStreamRpc-workerGroup--thread2] INFO  netty.NettyConfigKeys$DataStream (ConfUtils.java:logGet(46)) - raft.netty.dataStream.client.worker-group.size = 4 (default)
2023-03-28 15:13:15,208 [s2-NettyServerStreamRpc-bossGroup--thread1] INFO  logging.LoggingHandler (AbstractInternalLogger.java:log(148)) - [id: 0x2b4b07cb, L:0.0.0.0/0.0.0.0:44179] READ: [id: 0x74229585, L:/127.0.0.1:44179 - R:/127.0.0.1:40356]
2023-03-28 15:13:15,230 [s1-NettyServerStreamRpc-bossGroup--thread1] INFO  logging.LoggingHandler (AbstractInternalLogger.java:log(148)) - [id: 0x967ba9f1, L:/0.0.0.0:35503] READ: [id: 0x3391e52d, L:/127.0.0.1:35503 - R:/127.0.0.1:48166]
2023-03-28 15:13:15,230 [s0-NettyServerStreamRpc-workerGroup--thread3] INFO  client.DataStreamClient (ConfUtils.java:logGet(46)) - raft.datastream.type = NETTY (custom)
2023-03-28 15:13:15,231 [s0-NettyServerStreamRpc-workerGroup--thread3] INFO  netty.NettyConfigKeys$DataStream (ConfUtils.java:logGet(46)) - raft.netty.dataStream.client.tls.conf = null (default)
2023-03-28 15:13:15,231 [s0-NettyServerStreamRpc-workerGroup--thread3] INFO  netty.NettyConfigKeys$DataStream (ConfUtils.java:logGet(46)) - raft.netty.dataStream.client.reply.queue.grace-period = 1s (default)
2023-03-28 15:13:15,231 [s0-NettyServerStreamRpc-workerGroup--thread3] INFO  netty.NettyConfigKeys$DataStream (ConfUtils.java:logGet(46)) - raft.netty.dataStream.client.worker-group.share = false (default)
2023-03-28 15:13:15,231 [s0-NettyServerStreamRpc-workerGroup--thread3] INFO  netty.NettyConfigKeys$DataStream (ConfUtils.java:logGet(46)) - raft.netty.dataStream.client.worker-group.size = 4 (default)
2023-03-28 15:13:15,243 [s1-NettyServerStreamRpc-workerGroup--thread1] INFO  client.DataStreamClient (ConfUtils.java:logGet(46)) - raft.datastream.type = NETTY (custom)
2023-03-28 15:13:15,244 [s1-NettyServerStreamRpc-workerGroup--thread1] INFO  netty.NettyConfigKeys$DataStream (ConfUtils.java:logGet(46)) - raft.netty.dataStream.client.tls.conf = null (default)
2023-03-28 15:13:15,244 [s1-NettyServerStreamRpc-workerGroup--thread1] INFO  netty.NettyConfigKeys$DataStream (ConfUtils.java:logGet(46)) - raft.netty.dataStream.client.reply.queue.grace-period = 1s (default)
2023-03-28 15:13:15,244 [s1-NettyServerStreamRpc-workerGroup--thread1] INFO  netty.NettyConfigKeys$DataStream (ConfUtils.java:logGet(46)) - raft.netty.dataStream.client.worker-group.share = false (default)
2023-03-28 15:13:15,244 [s1-NettyServerStreamRpc-workerGroup--thread1] INFO  netty.NettyConfigKeys$DataStream (ConfUtils.java:logGet(46)) - raft.netty.dataStream.client.worker-group.size = 4 (default)
2023-03-28 15:13:15,248 [s0-NettyServerStreamRpc-bossGroup--thread1] INFO  logging.LoggingHandler (AbstractInternalLogger.java:log(148)) - [id: 0x4c883ab2, L:/0.0.0.0:35501] READ: [id: 0x9558c8ba, L:/127.0.0.1:35501 - R:/127.0.0.1:34604]
2023-03-28 15:13:15,248 [s0-NettyServerStreamRpc-bossGroup--thread1] INFO  logging.LoggingHandler (AbstractInternalLogger.java:log(148)) - [id: 0x4c883ab2, L:/0.0.0.0:35501] READ COMPLETE
2023-03-28 15:13:15,248 [s1-NettyServerStreamRpc-workerGroup--thread1] INFO  client.DataStreamClient (ConfUtils.java:logGet(46)) - raft.datastream.type = NETTY (custom)
2023-03-28 15:13:15,248 [s1-NettyServerStreamRpc-workerGroup--thread1] INFO  netty.NettyConfigKeys$DataStream (ConfUtils.java:logGet(46)) - raft.netty.dataStream.client.tls.conf = null (default)
2023-03-28 15:13:15,248 [s1-NettyServerStreamRpc-workerGroup--thread1] INFO  netty.NettyConfigKeys$DataStream (ConfUtils.java:logGet(46)) - raft.netty.dataStream.client.reply.queue.grace-period = 1s (default)
2023-03-28 15:13:15,248 [s1-NettyServerStreamRpc-workerGroup--thread1] INFO  netty.NettyConfigKeys$DataStream (ConfUtils.java:logGet(46)) - raft.netty.dataStream.client.worker-group.share = false (default)
2023-03-28 15:13:15,248 [s1-NettyServerStreamRpc-workerGroup--thread1] INFO  netty.NettyConfigKeys$DataStream (ConfUtils.java:logGet(46)) - raft.netty.dataStream.client.worker-group.size = 4 (default)
2023-03-28 15:13:15,252 [s2-NettyServerStreamRpc-bossGroup--thread1] INFO  logging.LoggingHandler (AbstractInternalLogger.java:log(148)) - [id: 0x2b4b07cb, L:0.0.0.0/0.0.0.0:44179] READ COMPLETE
2023-03-28 15:13:15,283 [s2-NettyServerStreamRpc-bossGroup--thread1] INFO  logging.LoggingHandler (AbstractInternalLogger.java:log(148)) - [id: 0x2b4b07cb, L:0.0.0.0/0.0.0.0:44179] READ: [id: 0xbb228c17, L:/127.0.0.1:44179 - R:/127.0.0.1:40368]
2023-03-28 15:13:15,276 [s2-NettyServerStreamRpc-workerGroup--thread1] INFO  client.DataStreamClient (ConfUtils.java:logGet(46)) - raft.datastream.type = NETTY (custom)
2023-03-28 15:13:15,283 [s2-NettyServerStreamRpc-workerGroup--thread1] INFO  netty.NettyConfigKeys$DataStream (ConfUtils.java:logGet(46)) - raft.netty.dataStream.client.tls.conf = null (default)
2023-03-28 15:13:15,283 [s2-NettyServerStreamRpc-workerGroup--thread1] INFO  netty.NettyConfigKeys$DataStream (ConfUtils.java:logGet(46)) - raft.netty.dataStream.client.reply.queue.grace-period = 1s (default)
2023-03-28 15:13:15,283 [s2-NettyServerStreamRpc-workerGroup--thread1] INFO  netty.NettyConfigKeys$DataStream (ConfUtils.java:logGet(46)) - raft.netty.dataStream.client.worker-group.share = false (default)
2023-03-28 15:13:15,283 [s2-NettyServerStreamRpc-workerGroup--thread1] INFO  netty.NettyConfigKeys$DataStream (ConfUtils.java:logGet(46)) - raft.netty.dataStream.client.worker-group.size = 4 (default)
2023-03-28 15:13:15,268 [s0-NettyServerStreamRpc-workerGroup--thread2] INFO  client.DataStreamClient (ConfUtils.java:logGet(46)) - raft.datastream.type = NETTY (custom)
2023-03-28 15:13:15,284 [s0-NettyServerStreamRpc-workerGroup--thread2] INFO  netty.NettyConfigKeys$DataStream (ConfUtils.java:logGet(46)) - raft.netty.dataStream.client.tls.conf = null (default)
2023-03-28 15:13:15,284 [s0-NettyServerStreamRpc-workerGroup--thread2] INFO  netty.NettyConfigKeys$DataStream (ConfUtils.java:logGet(46)) - raft.netty.dataStream.client.reply.queue.grace-period = 1s (default)
2023-03-28 15:13:15,284 [s0-NettyServerStreamRpc-workerGroup--thread2] INFO  netty.NettyConfigKeys$DataStream (ConfUtils.java:logGet(46)) - raft.netty.dataStream.client.worker-group.share = false (default)
2023-03-28 15:13:15,284 [s0-NettyServerStreamRpc-workerGroup--thread2] INFO  netty.NettyConfigKeys$DataStream (ConfUtils.java:logGet(46)) - raft.netty.dataStream.client.worker-group.size = 4 (default)
2023-03-28 15:13:15,287 [s2-NettyServerStreamRpc-bossGroup--thread1] INFO  logging.LoggingHandler (AbstractInternalLogger.java:log(148)) - [id: 0x2b4b07cb, L:0.0.0.0/0.0.0.0:44179] READ COMPLETE
2023-03-28 15:13:15,306 [s2-NettyServerStreamRpc-bossGroup--thread1] INFO  logging.LoggingHandler (AbstractInternalLogger.java:log(148)) - [id: 0x2b4b07cb, L:0.0.0.0/0.0.0.0:44179] READ: [id: 0x4a93550c, L:/127.0.0.1:44179 - R:/127.0.0.1:40384]
2023-03-28 15:13:15,306 [s2-NettyServerStreamRpc-bossGroup--thread1] INFO  logging.LoggingHandler (AbstractInternalLogger.java:log(148)) - [id: 0x2b4b07cb, L:0.0.0.0/0.0.0.0:44179] READ COMPLETE
2023-03-28 15:13:15,318 [s2-NettyServerStreamRpc-workerGroup--thread2] INFO  client.DataStreamClient (ConfUtils.java:logGet(46)) - raft.datastream.type = NETTY (custom)
2023-03-28 15:13:15,318 [s2-NettyServerStreamRpc-workerGroup--thread2] INFO  netty.NettyConfigKeys$DataStream (ConfUtils.java:logGet(46)) - raft.netty.dataStream.client.tls.conf = null (default)
2023-03-28 15:13:15,318 [s2-NettyServerStreamRpc-workerGroup--thread2] INFO  netty.NettyConfigKeys$DataStream (ConfUtils.java:logGet(46)) - raft.netty.dataStream.client.reply.queue.grace-period = 1s (default)
2023-03-28 15:13:15,318 [s2-NettyServerStreamRpc-workerGroup--thread2] INFO  netty.NettyConfigKeys$DataStream (ConfUtils.java:logGet(46)) - raft.netty.dataStream.client.worker-group.share = false (default)
2023-03-28 15:13:15,318 [s2-NettyServerStreamRpc-workerGroup--thread2] INFO  netty.NettyConfigKeys$DataStream (ConfUtils.java:logGet(46)) - raft.netty.dataStream.client.worker-group.size = 4 (default)
2023-03-28 15:13:15,326 [s0-NettyServerStreamRpc-bossGroup--thread1] INFO  logging.LoggingHandler (AbstractInternalLogger.java:log(148)) - [id: 0x4c883ab2, L:/0.0.0.0:35501] READ: [id: 0xcedbc312, L:/127.0.0.1:35501 - R:/127.0.0.1:34614]
2023-03-28 15:13:15,327 [s0-NettyServerStreamRpc-bossGroup--thread1] INFO  logging.LoggingHandler (AbstractInternalLogger.java:log(148)) - [id: 0x4c883ab2, L:/0.0.0.0:35501] READ COMPLETE
2023-03-28 15:13:15,327 [s2-NettyServerStreamRpc-workerGroup--thread2] INFO  client.DataStreamClient (ConfUtils.java:logGet(46)) - raft.datastream.type = NETTY (custom)
2023-03-28 15:13:15,327 [s2-NettyServerStreamRpc-workerGroup--thread2] INFO  netty.NettyConfigKeys$DataStream (ConfUtils.java:logGet(46)) - raft.netty.dataStream.client.tls.conf = null (default)
2023-03-28 15:13:15,327 [s2-NettyServerStreamRpc-workerGroup--thread2] INFO  netty.NettyConfigKeys$DataStream (ConfUtils.java:logGet(46)) - raft.netty.dataStream.client.reply.queue.grace-period = 1s (default)
2023-03-28 15:13:15,327 [s2-NettyServerStreamRpc-workerGroup--thread2] INFO  netty.NettyConfigKeys$DataStream (ConfUtils.java:logGet(46)) - raft.netty.dataStream.client.worker-group.share = false (default)
2023-03-28 15:13:15,327 [s2-NettyServerStreamRpc-workerGroup--thread2] INFO  netty.NettyConfigKeys$DataStream (ConfUtils.java:logGet(46)) - raft.netty.dataStream.client.worker-group.size = 4 (default)
2023-03-28 15:13:15,332 [s0-NettyServerStreamRpc-workerGroup--thread1] INFO  client.DataStreamClient (ConfUtils.java:logGet(46)) - raft.datastream.type = NETTY (custom)
2023-03-28 15:13:15,332 [s0-NettyServerStreamRpc-workerGroup--thread1] INFO  netty.NettyConfigKeys$DataStream (ConfUtils.java:logGet(46)) - raft.netty.dataStream.client.tls.conf = null (default)
2023-03-28 15:13:15,332 [s0-NettyServerStreamRpc-workerGroup--thread1] INFO  netty.NettyConfigKeys$DataStream (ConfUtils.java:logGet(46)) - raft.netty.dataStream.client.reply.queue.grace-period = 1s (default)
2023-03-28 15:13:15,333 [s0-NettyServerStreamRpc-workerGroup--thread1] INFO  netty.NettyConfigKeys$DataStream (ConfUtils.java:logGet(46)) - raft.netty.dataStream.client.worker-group.share = false (default)
2023-03-28 15:13:15,333 [s0-NettyServerStreamRpc-workerGroup--thread1] INFO  netty.NettyConfigKeys$DataStream (ConfUtils.java:logGet(46)) - raft.netty.dataStream.client.worker-group.size = 4 (default)
2023-03-28 15:13:15,336 [s0-NettyServerStreamRpc-workerGroup--thread1] INFO  client.DataStreamClient (ConfUtils.java:logGet(46)) - raft.datastream.type = NETTY (custom)
2023-03-28 15:13:15,336 [s0-NettyServerStreamRpc-workerGroup--thread1] INFO  netty.NettyConfigKeys$DataStream (ConfUtils.java:logGet(46)) - raft.netty.dataStream.client.tls.conf = null (default)
2023-03-28 15:13:15,336 [s0-NettyServerStreamRpc-workerGroup--thread1] INFO  netty.NettyConfigKeys$DataStream (ConfUtils.java:logGet(46)) - raft.netty.dataStream.client.reply.queue.grace-period = 1s (default)
2023-03-28 15:13:15,337 [s0-NettyServerStreamRpc-workerGroup--thread1] INFO  netty.NettyConfigKeys$DataStream (ConfUtils.java:logGet(46)) - raft.netty.dataStream.client.worker-group.share = false (default)
2023-03-28 15:13:15,337 [s0-NettyServerStreamRpc-workerGroup--thread1] INFO  netty.NettyConfigKeys$DataStream (ConfUtils.java:logGet(46)) - raft.netty.dataStream.client.worker-group.size = 4 (default)
2023-03-28 15:13:15,348 [s2-NettyServerStreamRpc-bossGroup--thread1] INFO  logging.LoggingHandler (AbstractInternalLogger.java:log(148)) - [id: 0x2b4b07cb, L:0.0.0.0/0.0.0.0:44179] READ: [id: 0xa0cace5d, L:/127.0.0.1:44179 - R:/127.0.0.1:40392]
2023-03-28 15:13:15,349 [s2-NettyServerStreamRpc-bossGroup--thread1] INFO  logging.LoggingHandler (AbstractInternalLogger.java:log(148)) - [id: 0x2b4b07cb, L:0.0.0.0/0.0.0.0:44179] READ COMPLETE
2023-03-28 15:13:15,349 [s1-NettyServerStreamRpc-bossGroup--thread1] INFO  logging.LoggingHandler (AbstractInternalLogger.java:log(148)) - [id: 0x967ba9f1, L:/0.0.0.0:35503] READ COMPLETE
2023-03-28 15:13:15,349 [s1-NettyServerStreamRpc-bossGroup--thread1] INFO  logging.LoggingHandler (AbstractInternalLogger.java:log(148)) - [id: 0x967ba9f1, L:/0.0.0.0:35503] READ: [id: 0xc3dfe0c2, L:/127.0.0.1:35503 - R:/127.0.0.1:48176]
2023-03-28 15:13:15,352 [s1-NettyServerStreamRpc-bossGroup--thread1] INFO  logging.LoggingHandler (AbstractInternalLogger.java:log(148)) - [id: 0x967ba9f1, L:/0.0.0.0:35503] READ: [id: 0xdbbdc5f4, L:/127.0.0.1:35503 - R:/127.0.0.1:48182]
2023-03-28 15:13:15,352 [s1-NettyServerStreamRpc-bossGroup--thread1] INFO  logging.LoggingHandler (AbstractInternalLogger.java:log(148)) - [id: 0x967ba9f1, L:/0.0.0.0:35503] READ: [id: 0xf766ae3b, L:/127.0.0.1:35503 - R:/127.0.0.1:48196]
2023-03-28 15:13:15,352 [s1-NettyServerStreamRpc-bossGroup--thread1] INFO  logging.LoggingHandler (AbstractInternalLogger.java:log(148)) - [id: 0x967ba9f1, L:/0.0.0.0:35503] READ: [id: 0x080fe890, L:/127.0.0.1:35503 - R:/127.0.0.1:48208]
2023-03-28 15:13:15,352 [s1-NettyServerStreamRpc-bossGroup--thread1] INFO  logging.LoggingHandler (AbstractInternalLogger.java:log(148)) - [id: 0x967ba9f1, L:/0.0.0.0:35503] READ COMPLETE
2023-03-28 15:13:15,359 [s0-NettyServerStreamRpc-workerGroup--thread3] INFO  client.DataStreamClient (ConfUtils.java:logGet(46)) - raft.datastream.type = NETTY (custom)
2023-03-28 15:13:15,359 [s0-NettyServerStreamRpc-workerGroup--thread3] INFO  netty.NettyConfigKeys$DataStream (ConfUtils.java:logGet(46)) - raft.netty.dataStream.client.tls.conf = null (default)
2023-03-28 15:13:15,359 [s0-NettyServerStreamRpc-workerGroup--thread3] INFO  netty.NettyConfigKeys$DataStream (ConfUtils.java:logGet(46)) - raft.netty.dataStream.client.reply.queue.grace-period = 1s (default)
2023-03-28 15:13:15,359 [s0-NettyServerStreamRpc-workerGroup--thread3] INFO  netty.NettyConfigKeys$DataStream (ConfUtils.java:logGet(46)) - raft.netty.dataStream.client.worker-group.share = false (default)
2023-03-28 15:13:15,359 [s0-NettyServerStreamRpc-workerGroup--thread3] INFO  netty.NettyConfigKeys$DataStream (ConfUtils.java:logGet(46)) - raft.netty.dataStream.client.worker-group.size = 4 (default)
2023-03-28 15:13:15,363 [s2-NettyServerStreamRpc-bossGroup--thread1] INFO  logging.LoggingHandler (AbstractInternalLogger.java:log(148)) - [id: 0x2b4b07cb, L:0.0.0.0/0.0.0.0:44179] READ: [id: 0xecbc9388, L:/127.0.0.1:44179 - R:/127.0.0.1:40406]
2023-03-28 15:13:15,363 [s2-NettyServerStreamRpc-bossGroup--thread1] INFO  logging.LoggingHandler (AbstractInternalLogger.java:log(148)) - [id: 0x2b4b07cb, L:0.0.0.0/0.0.0.0:44179] READ COMPLETE
2023-03-28 15:13:15,366 [s1-NettyServerStreamRpc-bossGroup--thread1] INFO  logging.LoggingHandler (AbstractInternalLogger.java:log(148)) - [id: 0x967ba9f1, L:/0.0.0.0:35503] READ: [id: 0xd09b5d74, L:/127.0.0.1:35503 - R:/127.0.0.1:48218]
2023-03-28 15:13:15,366 [s1-NettyServerStreamRpc-bossGroup--thread1] INFO  logging.LoggingHandler (AbstractInternalLogger.java:log(148)) - [id: 0x967ba9f1, L:/0.0.0.0:35503] READ COMPLETE
2023-03-28 15:13:15,367 [s1-NettyServerStreamRpc-workerGroup--thread1] INFO  client.DataStreamClient (ConfUtils.java:logGet(46)) - raft.datastream.type = NETTY (custom)
2023-03-28 15:13:15,368 [s1-NettyServerStreamRpc-workerGroup--thread1] INFO  netty.NettyConfigKeys$DataStream (ConfUtils.java:logGet(46)) - raft.netty.dataStream.client.tls.conf = null (default)
2023-03-28 15:13:15,368 [s1-NettyServerStreamRpc-workerGroup--thread1] INFO  netty.NettyConfigKeys$DataStream (ConfUtils.java:logGet(46)) - raft.netty.dataStream.client.reply.queue.grace-period = 1s (default)
2023-03-28 15:13:15,368 [s1-NettyServerStreamRpc-workerGroup--thread1] INFO  netty.NettyConfigKeys$DataStream (ConfUtils.java:logGet(46)) - raft.netty.dataStream.client.worker-group.share = false (default)
2023-03-28 15:13:15,368 [s1-NettyServerStreamRpc-workerGroup--thread1] INFO  netty.NettyConfigKeys$DataStream (ConfUtils.java:logGet(46)) - raft.netty.dataStream.client.worker-group.size = 4 (default)
2023-03-28 15:13:15,369 [s0-NettyServerStreamRpc-bossGroup--thread1] INFO  logging.LoggingHandler (AbstractInternalLogger.java:log(148)) - [id: 0x4c883ab2, L:/0.0.0.0:35501] READ: [id: 0x7b68f7c5, L:/127.0.0.1:35501 - R:/127.0.0.1:34616]
2023-03-28 15:13:15,369 [s0-NettyServerStreamRpc-bossGroup--thread1] INFO  logging.LoggingHandler (AbstractInternalLogger.java:log(148)) - [id: 0x4c883ab2, L:/0.0.0.0:35501] READ COMPLETE
2023-03-28 15:13:15,370 [s1-NettyServerStreamRpc-workerGroup--thread1] INFO  client.DataStreamClient (ConfUtils.java:logGet(46)) - raft.datastream.type = NETTY (custom)
2023-03-28 15:13:15,370 [s1-NettyServerStreamRpc-workerGroup--thread1] INFO  netty.NettyConfigKeys$DataStream (ConfUtils.java:logGet(46)) - raft.netty.dataStream.client.tls.conf = null (default)
2023-03-28 15:13:15,370 [s1-NettyServerStreamRpc-workerGroup--thread1] INFO  netty.NettyConfigKeys$DataStream (ConfUtils.java:logGet(46)) - raft.netty.dataStream.client.reply.queue.grace-period = 1s (default)
2023-03-28 15:13:15,370 [s1-NettyServerStreamRpc-workerGroup--thread1] INFO  netty.NettyConfigKeys$DataStream (ConfUtils.java:logGet(46)) - raft.netty.dataStream.client.worker-group.share = false (default)
2023-03-28 15:13:15,370 [s1-NettyServerStreamRpc-workerGroup--thread1] INFO  netty.NettyConfigKeys$DataStream (ConfUtils.java:logGet(46)) - raft.netty.dataStream.client.worker-group.size = 4 (default)
2023-03-28 15:13:15,372 [s2-NettyServerStreamRpc-bossGroup--thread1] INFO  logging.LoggingHandler (AbstractInternalLogger.java:log(148)) - [id: 0x2b4b07cb, L:0.0.0.0/0.0.0.0:44179] READ: [id: 0x848dd2b4, L:/127.0.0.1:44179 - R:/127.0.0.1:40414]
2023-03-28 15:13:15,373 [s2-NettyServerStreamRpc-bossGroup--thread1] INFO  logging.LoggingHandler (AbstractInternalLogger.java:log(148)) - [id: 0x2b4b07cb, L:0.0.0.0/0.0.0.0:44179] READ COMPLETE
2023-03-28 15:13:15,374 [s0-NettyServerStreamRpc-bossGroup--thread1] INFO  logging.LoggingHandler (AbstractInternalLogger.java:log(148)) - [id: 0x4c883ab2, L:/0.0.0.0:35501] READ: [id: 0x0fd756bf, L:/127.0.0.1:35501 - R:/127.0.0.1:34618]
2023-03-28 15:13:15,374 [s0-NettyServerStreamRpc-bossGroup--thread1] INFO  logging.LoggingHandler (AbstractInternalLogger.java:log(148)) - [id: 0x4c883ab2, L:/0.0.0.0:35501] READ COMPLETE
2023-03-28 15:13:15,374 [s2-NettyServerStreamRpc-workerGroup--thread1] INFO  client.DataStreamClient (ConfUtils.java:logGet(46)) - raft.datastream.type = NETTY (custom)
2023-03-28 15:13:15,375 [s2-NettyServerStreamRpc-workerGroup--thread1] INFO  netty.NettyConfigKeys$DataStream (ConfUtils.java:logGet(46)) - raft.netty.dataStream.client.tls.conf = null (default)
2023-03-28 15:13:15,375 [s2-NettyServerStreamRpc-workerGroup--thread1] INFO  netty.NettyConfigKeys$DataStream (ConfUtils.java:logGet(46)) - raft.netty.dataStream.client.reply.queue.grace-period = 1s (default)
2023-03-28 15:13:15,375 [s2-NettyServerStreamRpc-workerGroup--thread1] INFO  netty.NettyConfigKeys$DataStream (ConfUtils.java:logGet(46)) - raft.netty.dataStream.client.worker-group.share = false (default)
2023-03-28 15:13:15,375 [s2-NettyServerStreamRpc-workerGroup--thread1] INFO  netty.NettyConfigKeys$DataStream (ConfUtils.java:logGet(46)) - raft.netty.dataStream.client.worker-group.size = 4 (default)
2023-03-28 15:13:15,377 [s1-NettyServerStreamRpc-bossGroup--thread1] INFO  logging.LoggingHandler (AbstractInternalLogger.java:log(148)) - [id: 0x967ba9f1, L:/0.0.0.0:35503] READ: [id: 0x380ebf40, L:/127.0.0.1:35503 - R:/127.0.0.1:48220]
2023-03-28 15:13:15,377 [s1-NettyServerStreamRpc-bossGroup--thread1] INFO  logging.LoggingHandler (AbstractInternalLogger.java:log(148)) - [id: 0x967ba9f1, L:/0.0.0.0:35503] READ COMPLETE
2023-03-28 15:13:15,379 [s0-NettyServerStreamRpc-workerGroup--thread2] INFO  client.DataStreamClient (ConfUtils.java:logGet(46)) - raft.datastream.type = NETTY (custom)
2023-03-28 15:13:15,379 [s0-NettyServerStreamRpc-workerGroup--thread2] INFO  netty.NettyConfigKeys$DataStream (ConfUtils.java:logGet(46)) - raft.netty.dataStream.client.tls.conf = null (default)
2023-03-28 15:13:15,379 [s0-NettyServerStreamRpc-workerGroup--thread2] INFO  netty.NettyConfigKeys$DataStream (ConfUtils.java:logGet(46)) - raft.netty.dataStream.client.reply.queue.grace-period = 1s (default)
2023-03-28 15:13:15,379 [s0-NettyServerStreamRpc-workerGroup--thread2] INFO  netty.NettyConfigKeys$DataStream (ConfUtils.java:logGet(46)) - raft.netty.dataStream.client.worker-group.share = false (default)
2023-03-28 15:13:15,379 [s0-NettyServerStreamRpc-workerGroup--thread2] INFO  netty.NettyConfigKeys$DataStream (ConfUtils.java:logGet(46)) - raft.netty.dataStream.client.worker-group.size = 4 (default)
2023-03-28 15:13:15,381 [s2-NettyServerStreamRpc-bossGroup--thread1] INFO  logging.LoggingHandler (AbstractInternalLogger.java:log(148)) - [id: 0x2b4b07cb, L:0.0.0.0/0.0.0.0:44179] READ: [id: 0x21114f68, L:/127.0.0.1:44179 - R:/127.0.0.1:40422]
2023-03-28 15:13:15,381 [s2-NettyServerStreamRpc-bossGroup--thread1] INFO  logging.LoggingHandler (AbstractInternalLogger.java:log(148)) - [id: 0x2b4b07cb, L:0.0.0.0/0.0.0.0:44179] READ COMPLETE
2023-03-28 15:13:15,381 [s1-NettyServerStreamRpc-bossGroup--thread1] INFO  logging.LoggingHandler (AbstractInternalLogger.java:log(148)) - [id: 0x967ba9f1, L:/0.0.0.0:35503] READ: [id: 0x28ccd9ea, L:/127.0.0.1:35503 - R:/127.0.0.1:48232]
2023-03-28 15:13:15,381 [s1-NettyServerStreamRpc-bossGroup--thread1] INFO  logging.LoggingHandler (AbstractInternalLogger.java:log(148)) - [id: 0x967ba9f1, L:/0.0.0.0:35503] READ COMPLETE
2023-03-28 15:13:15,382 [s0-NettyServerStreamRpc-workerGroup--thread2] INFO  client.DataStreamClient (ConfUtils.java:logGet(46)) - raft.datastream.type = NETTY (custom)
2023-03-28 15:13:15,382 [s0-NettyServerStreamRpc-workerGroup--thread2] INFO  netty.NettyConfigKeys$DataStream (ConfUtils.java:logGet(46)) - raft.netty.dataStream.client.tls.conf = null (default)
2023-03-28 15:13:15,382 [s0-NettyServerStreamRpc-workerGroup--thread2] INFO  netty.NettyConfigKeys$DataStream (ConfUtils.java:logGet(46)) - raft.netty.dataStream.client.reply.queue.grace-period = 1s (default)
2023-03-28 15:13:15,382 [s0-NettyServerStreamRpc-workerGroup--thread2] INFO  netty.NettyConfigKeys$DataStream (ConfUtils.java:logGet(46)) - raft.netty.dataStream.client.worker-group.share = false (default)
2023-03-28 15:13:15,382 [s0-NettyServerStreamRpc-workerGroup--thread2] INFO  netty.NettyConfigKeys$DataStream (ConfUtils.java:logGet(46)) - raft.netty.dataStream.client.worker-group.size = 4 (default)
2023-03-28 15:13:15,382 [s2-NettyServerStreamRpc-workerGroup--thread2] INFO  client.DataStreamClient (ConfUtils.java:logGet(46)) - raft.datastream.type = NETTY (custom)
2023-03-28 15:13:15,382 [s2-NettyServerStreamRpc-workerGroup--thread2] INFO  netty.NettyConfigKeys$DataStream (ConfUtils.java:logGet(46)) - raft.netty.dataStream.client.tls.conf = null (default)
2023-03-28 15:13:15,382 [s2-NettyServerStreamRpc-workerGroup--thread2] INFO  netty.NettyConfigKeys$DataStream (ConfUtils.java:logGet(46)) - raft.netty.dataStream.client.reply.queue.grace-period = 1s (default)
2023-03-28 15:13:15,383 [s2-NettyServerStreamRpc-workerGroup--thread2] INFO  netty.NettyConfigKeys$DataStream (ConfUtils.java:logGet(46)) - raft.netty.dataStream.client.worker-group.share = false (default)
2023-03-28 15:13:15,383 [s2-NettyServerStreamRpc-workerGroup--thread2] INFO  netty.NettyConfigKeys$DataStream (ConfUtils.java:logGet(46)) - raft.netty.dataStream.client.worker-group.size = 4 (default)
2023-03-28 15:13:15,384 [s2-NettyServerStreamRpc-bossGroup--thread1] INFO  logging.LoggingHandler (AbstractInternalLogger.java:log(148)) - [id: 0x2b4b07cb, L:0.0.0.0/0.0.0.0:44179] READ: [id: 0xb3144f36, L:/127.0.0.1:44179 - R:/127.0.0.1:40434]
2023-03-28 15:13:15,384 [s2-NettyServerStreamRpc-bossGroup--thread1] INFO  logging.LoggingHandler (AbstractInternalLogger.java:log(148)) - [id: 0x2b4b07cb, L:0.0.0.0/0.0.0.0:44179] READ COMPLETE
2023-03-28 15:13:15,386 [s1-NettyServerStreamRpc-bossGroup--thread1] INFO  logging.LoggingHandler (AbstractInternalLogger.java:log(148)) - [id: 0x967ba9f1, L:/0.0.0.0:35503] READ: [id: 0x7915b4f9, L:/127.0.0.1:35503 - R:/127.0.0.1:48234]
2023-03-28 15:13:15,386 [s1-NettyServerStreamRpc-bossGroup--thread1] INFO  logging.LoggingHandler (AbstractInternalLogger.java:log(148)) - [id: 0x967ba9f1, L:/0.0.0.0:35503] READ COMPLETE
2023-03-28 15:13:15,386 [s0-NettyServerStreamRpc-workerGroup--thread3] INFO  client.DataStreamClient (ConfUtils.java:logGet(46)) - raft.datastream.type = NETTY (custom)
2023-03-28 15:13:15,386 [s0-NettyServerStreamRpc-workerGroup--thread3] INFO  netty.NettyConfigKeys$DataStream (ConfUtils.java:logGet(46)) - raft.netty.dataStream.client.tls.conf = null (default)
2023-03-28 15:13:15,386 [s0-NettyServerStreamRpc-workerGroup--thread3] INFO  netty.NettyConfigKeys$DataStream (ConfUtils.java:logGet(46)) - raft.netty.dataStream.client.reply.queue.grace-period = 1s (default)
2023-03-28 15:13:15,387 [s0-NettyServerStreamRpc-workerGroup--thread3] INFO  netty.NettyConfigKeys$DataStream (ConfUtils.java:logGet(46)) - raft.netty.dataStream.client.worker-group.share = false (default)
2023-03-28 15:13:15,387 [s0-NettyServerStreamRpc-workerGroup--thread3] INFO  netty.NettyConfigKeys$DataStream (ConfUtils.java:logGet(46)) - raft.netty.dataStream.client.worker-group.size = 4 (default)
2023-03-28 15:13:15,389 [s2-NettyServerStreamRpc-bossGroup--thread1] INFO  logging.LoggingHandler (AbstractInternalLogger.java:log(148)) - [id: 0x2b4b07cb, L:0.0.0.0/0.0.0.0:44179] READ: [id: 0x0d9580b7, L:/127.0.0.1:44179 - R:/127.0.0.1:40442]
2023-03-28 15:13:15,389 [s2-NettyServerStreamRpc-bossGroup--thread1] INFO  logging.LoggingHandler (AbstractInternalLogger.java:log(148)) - [id: 0x2b4b07cb, L:0.0.0.0/0.0.0.0:44179] READ COMPLETE
2023-03-28 15:13:15,390 [s0-NettyServerStreamRpc-workerGroup--thread3] INFO  client.DataStreamClient (ConfUtils.java:logGet(46)) - raft.datastream.type = NETTY (custom)
2023-03-28 15:13:15,390 [s0-NettyServerStreamRpc-workerGroup--thread3] INFO  netty.NettyConfigKeys$DataStream (ConfUtils.java:logGet(46)) - raft.netty.dataStream.client.tls.conf = null (default)
2023-03-28 15:13:15,390 [s0-NettyServerStreamRpc-workerGroup--thread3] INFO  netty.NettyConfigKeys$DataStream (ConfUtils.java:logGet(46)) - raft.netty.dataStream.client.reply.queue.grace-period = 1s (default)
2023-03-28 15:13:15,390 [s0-NettyServerStreamRpc-workerGroup--thread3] INFO  netty.NettyConfigKeys$DataStream (ConfUtils.java:logGet(46)) - raft.netty.dataStream.client.worker-group.share = false (default)
2023-03-28 15:13:15,390 [s0-NettyServerStreamRpc-workerGroup--thread3] INFO  netty.NettyConfigKeys$DataStream (ConfUtils.java:logGet(46)) - raft.netty.dataStream.client.worker-group.size = 4 (default)
2023-03-28 15:13:15,391 [s1-NettyServerStreamRpc-bossGroup--thread1] INFO  logging.LoggingHandler (AbstractInternalLogger.java:log(148)) - [id: 0x967ba9f1, L:/0.0.0.0:35503] READ: [id: 0x3672a16d, L:/127.0.0.1:35503 - R:/127.0.0.1:48236]
2023-03-28 15:13:15,391 [s1-NettyServerStreamRpc-bossGroup--thread1] INFO  logging.LoggingHandler (AbstractInternalLogger.java:log(148)) - [id: 0x967ba9f1, L:/0.0.0.0:35503] READ COMPLETE
2023-03-28 15:13:15,410 [s0-NettyServerStreamRpc-workerGroup--thread3] INFO  client.DataStreamClient (ConfUtils.java:logGet(46)) - raft.datastream.type = NETTY (custom)
2023-03-28 15:13:15,410 [s0-NettyServerStreamRpc-workerGroup--thread3] INFO  netty.NettyConfigKeys$DataStream (ConfUtils.java:logGet(46)) - raft.netty.dataStream.client.tls.conf = null (default)
2023-03-28 15:13:15,410 [s0-NettyServerStreamRpc-workerGroup--thread3] INFO  netty.NettyConfigKeys$DataStream (ConfUtils.java:logGet(46)) - raft.netty.dataStream.client.reply.queue.grace-period = 1s (default)
2023-03-28 15:13:15,410 [s0-NettyServerStreamRpc-workerGroup--thread3] INFO  netty.NettyConfigKeys$DataStream (ConfUtils.java:logGet(46)) - raft.netty.dataStream.client.worker-group.share = false (default)
2023-03-28 15:13:15,410 [s0-NettyServerStreamRpc-workerGroup--thread3] INFO  netty.NettyConfigKeys$DataStream (ConfUtils.java:logGet(46)) - raft.netty.dataStream.client.worker-group.size = 4 (default)
2023-03-28 15:13:15,415 [s0-NettyServerStreamRpc-bossGroup--thread1] INFO  logging.LoggingHandler (AbstractInternalLogger.java:log(148)) - [id: 0x4c883ab2, L:/0.0.0.0:35501] READ: [id: 0x66a2e94b, L:/127.0.0.1:35501 - R:/127.0.0.1:34626]
2023-03-28 15:13:15,415 [s0-NettyServerStreamRpc-bossGroup--thread1] INFO  logging.LoggingHandler (AbstractInternalLogger.java:log(148)) - [id: 0x4c883ab2, L:/0.0.0.0:35501] READ COMPLETE
2023-03-28 15:13:15,415 [s2-NettyServerStreamRpc-workerGroup--thread2] INFO  client.DataStreamClient (ConfUtils.java:logGet(46)) - raft.datastream.type = NETTY (custom)
2023-03-28 15:13:15,415 [s2-NettyServerStreamRpc-workerGroup--thread2] INFO  netty.NettyConfigKeys$DataStream (ConfUtils.java:logGet(46)) - raft.netty.dataStream.client.tls.conf = null (default)
2023-03-28 15:13:15,415 [s2-NettyServerStreamRpc-workerGroup--thread2] INFO  netty.NettyConfigKeys$DataStream (ConfUtils.java:logGet(46)) - raft.netty.dataStream.client.reply.queue.grace-period = 1s (default)
2023-03-28 15:13:15,416 [s2-NettyServerStreamRpc-workerGroup--thread2] INFO  netty.NettyConfigKeys$DataStream (ConfUtils.java:logGet(46)) - raft.netty.dataStream.client.worker-group.share = false (default)
2023-03-28 15:13:15,416 [s2-NettyServerStreamRpc-workerGroup--thread2] INFO  netty.NettyConfigKeys$DataStream (ConfUtils.java:logGet(46)) - raft.netty.dataStream.client.worker-group.size = 4 (default)
2023-03-28 15:13:15,417 [s1-NettyServerStreamRpc-workerGroup--thread1] INFO  client.DataStreamClient (ConfUtils.java:logGet(46)) - raft.datastream.type = NETTY (custom)
2023-03-28 15:13:15,417 [s1-NettyServerStreamRpc-workerGroup--thread1] INFO  netty.NettyConfigKeys$DataStream (ConfUtils.java:logGet(46)) - raft.netty.dataStream.client.tls.conf = null (default)
2023-03-28 15:13:15,417 [s1-NettyServerStreamRpc-workerGroup--thread1] INFO  netty.NettyConfigKeys$DataStream (ConfUtils.java:logGet(46)) - raft.netty.dataStream.client.reply.queue.grace-period = 1s (default)
2023-03-28 15:13:15,417 [s1-NettyServerStreamRpc-workerGroup--thread1] INFO  netty.NettyConfigKeys$DataStream (ConfUtils.java:logGet(46)) - raft.netty.dataStream.client.worker-group.share = false (default)
2023-03-28 15:13:15,417 [s1-NettyServerStreamRpc-workerGroup--thread1] INFO  netty.NettyConfigKeys$DataStream (ConfUtils.java:logGet(46)) - raft.netty.dataStream.client.worker-group.size = 4 (default)
2023-03-28 15:13:15,420 [s0-NettyServerStreamRpc-bossGroup--thread1] INFO  logging.LoggingHandler (AbstractInternalLogger.java:log(148)) - [id: 0x4c883ab2, L:/0.0.0.0:35501] READ: [id: 0xe30bf8ef, L:/127.0.0.1:35501 - R:/127.0.0.1:34634]
2023-03-28 15:13:15,420 [s0-NettyServerStreamRpc-bossGroup--thread1] INFO  logging.LoggingHandler (AbstractInternalLogger.java:log(148)) - [id: 0x4c883ab2, L:/0.0.0.0:35501] READ COMPLETE
2023-03-28 15:13:15,421 [s1-NettyServerStreamRpc-workerGroup--thread1] INFO  client.DataStreamClient (ConfUtils.java:logGet(46)) - raft.datastream.type = NETTY (custom)
2023-03-28 15:13:15,421 [s1-NettyServerStreamRpc-workerGroup--thread1] INFO  netty.NettyConfigKeys$DataStream (ConfUtils.java:logGet(46)) - raft.netty.dataStream.client.tls.conf = null (default)
2023-03-28 15:13:15,421 [s1-NettyServerStreamRpc-workerGroup--thread1] INFO  netty.NettyConfigKeys$DataStream (ConfUtils.java:logGet(46)) - raft.netty.dataStream.client.reply.queue.grace-period = 1s (default)
2023-03-28 15:13:15,421 [s1-NettyServerStreamRpc-workerGroup--thread1] INFO  netty.NettyConfigKeys$DataStream (ConfUtils.java:logGet(46)) - raft.netty.dataStream.client.worker-group.share = false (default)
2023-03-28 15:13:15,421 [s1-NettyServerStreamRpc-workerGroup--thread1] INFO  netty.NettyConfigKeys$DataStream (ConfUtils.java:logGet(46)) - raft.netty.dataStream.client.worker-group.size = 4 (default)
2023-03-28 15:13:15,442 [s2-NettyServerStreamRpc-workerGroup--thread1] INFO  client.DataStreamClient (ConfUtils.java:logGet(46)) - raft.datastream.type = NETTY (custom)
2023-03-28 15:13:15,442 [s2-NettyServerStreamRpc-workerGroup--thread1] INFO  netty.NettyConfigKeys$DataStream (ConfUtils.java:logGet(46)) - raft.netty.dataStream.client.tls.conf = null (default)
2023-03-28 15:13:15,442 [s2-NettyServerStreamRpc-workerGroup--thread1] INFO  netty.NettyConfigKeys$DataStream (ConfUtils.java:logGet(46)) - raft.netty.dataStream.client.reply.queue.grace-period = 1s (default)
2023-03-28 15:13:15,442 [s2-NettyServerStreamRpc-workerGroup--thread1] INFO  netty.NettyConfigKeys$DataStream (ConfUtils.java:logGet(46)) - raft.netty.dataStream.client.worker-group.share = false (default)
2023-03-28 15:13:15,443 [s2-NettyServerStreamRpc-workerGroup--thread1] INFO  netty.NettyConfigKeys$DataStream (ConfUtils.java:logGet(46)) - raft.netty.dataStream.client.worker-group.size = 4 (default)
2023-03-28 15:13:15,446 [s0-NettyServerStreamRpc-bossGroup--thread1] INFO  logging.LoggingHandler (AbstractInternalLogger.java:log(148)) - [id: 0x4c883ab2, L:/0.0.0.0:35501] READ: [id: 0x67da4701, L:/127.0.0.1:35501 - R:/127.0.0.1:34644]
2023-03-28 15:13:15,446 [s0-NettyServerStreamRpc-bossGroup--thread1] INFO  logging.LoggingHandler (AbstractInternalLogger.java:log(148)) - [id: 0x4c883ab2, L:/0.0.0.0:35501] READ COMPLETE
2023-03-28 15:13:15,446 [s2-NettyServerStreamRpc-workerGroup--thread1] INFO  client.DataStreamClient (ConfUtils.java:logGet(46)) - raft.datastream.type = NETTY (custom)
2023-03-28 15:13:15,446 [s2-NettyServerStreamRpc-workerGroup--thread1] INFO  netty.NettyConfigKeys$DataStream (ConfUtils.java:logGet(46)) - raft.netty.dataStream.client.tls.conf = null (default)
2023-03-28 15:13:15,447 [s2-NettyServerStreamRpc-workerGroup--thread1] INFO  netty.NettyConfigKeys$DataStream (ConfUtils.java:logGet(46)) - raft.netty.dataStream.client.reply.queue.grace-period = 1s (default)
2023-03-28 15:13:15,447 [s2-NettyServerStreamRpc-workerGroup--thread1] INFO  netty.NettyConfigKeys$DataStream (ConfUtils.java:logGet(46)) - raft.netty.dataStream.client.worker-group.share = false (default)
2023-03-28 15:13:15,447 [s2-NettyServerStreamRpc-workerGroup--thread1] INFO  netty.NettyConfigKeys$DataStream (ConfUtils.java:logGet(46)) - raft.netty.dataStream.client.worker-group.size = 4 (default)
2023-03-28 15:13:15,469 [s2-NettyServerStreamRpc-bossGroup--thread1] INFO  logging.LoggingHandler (AbstractInternalLogger.java:log(148)) - [id: 0x2b4b07cb, L:0.0.0.0/0.0.0.0:44179] READ: [id: 0xb4c497f3, L:/127.0.0.1:44179 - R:/127.0.0.1:40452]
2023-03-28 15:13:15,470 [s2-NettyServerStreamRpc-bossGroup--thread1] INFO  logging.LoggingHandler (AbstractInternalLogger.java:log(148)) - [id: 0x2b4b07cb, L:0.0.0.0/0.0.0.0:44179] READ COMPLETE
2023-03-28 15:13:15,488 [s1-NettyServerStreamRpc-bossGroup--thread1] INFO  logging.LoggingHandler (AbstractInternalLogger.java:log(148)) - [id: 0x967ba9f1, L:/0.0.0.0:35503] READ: [id: 0x84bb6efe, L:/127.0.0.1:35503 - R:/127.0.0.1:48238]
2023-03-28 15:13:15,488 [s1-NettyServerStreamRpc-bossGroup--thread1] INFO  logging.LoggingHandler (AbstractInternalLogger.java:log(148)) - [id: 0x967ba9f1, L:/0.0.0.0:35503] READ COMPLETE
2023-03-28 15:13:15,494 [s2-NettyServerStreamRpc-bossGroup--thread1] INFO  logging.LoggingHandler (AbstractInternalLogger.java:log(148)) - [id: 0x2b4b07cb, L:0.0.0.0/0.0.0.0:44179] READ: [id: 0x504cc035, L:/127.0.0.1:44179 - R:/127.0.0.1:40460]
2023-03-28 15:13:15,494 [s2-NettyServerStreamRpc-bossGroup--thread1] INFO  logging.LoggingHandler (AbstractInternalLogger.java:log(148)) - [id: 0x2b4b07cb, L:0.0.0.0/0.0.0.0:44179] READ COMPLETE
2023-03-28 15:13:15,607 [s0-NettyServerStreamRpc-workerGroup--thread3] INFO  client.DataStreamClient (ConfUtils.java:logGet(46)) - raft.datastream.type = NETTY (custom)
2023-03-28 15:13:15,607 [s0-NettyServerStreamRpc-workerGroup--thread3] INFO  netty.NettyConfigKeys$DataStream (ConfUtils.java:logGet(46)) - raft.netty.dataStream.client.tls.conf = null (default)
2023-03-28 15:13:15,607 [s0-NettyServerStreamRpc-workerGroup--thread3] INFO  netty.NettyConfigKeys$DataStream (ConfUtils.java:logGet(46)) - raft.netty.dataStream.client.reply.queue.grace-period = 1s (default)
2023-03-28 15:13:15,607 [s0-NettyServerStreamRpc-workerGroup--thread3] INFO  netty.NettyConfigKeys$DataStream (ConfUtils.java:logGet(46)) - raft.netty.dataStream.client.worker-group.share = false (default)
2023-03-28 15:13:15,608 [s0-NettyServerStreamRpc-workerGroup--thread3] INFO  netty.NettyConfigKeys$DataStream (ConfUtils.java:logGet(46)) - raft.netty.dataStream.client.worker-group.size = 4 (default)
2023-03-28 15:13:15,613 [s2-NettyServerStreamRpc-workerGroup--thread2] INFO  client.DataStreamClient (ConfUtils.java:logGet(46)) - raft.datastream.type = NETTY (custom)
2023-03-28 15:13:15,613 [s2-NettyServerStreamRpc-workerGroup--thread2] INFO  netty.NettyConfigKeys$DataStream (ConfUtils.java:logGet(46)) - raft.netty.dataStream.client.tls.conf = null (default)
2023-03-28 15:13:15,613 [s2-NettyServerStreamRpc-workerGroup--thread2] INFO  netty.NettyConfigKeys$DataStream (ConfUtils.java:logGet(46)) - raft.netty.dataStream.client.reply.queue.grace-period = 1s (default)
2023-03-28 15:13:15,613 [s2-NettyServerStreamRpc-workerGroup--thread2] INFO  netty.NettyConfigKeys$DataStream (ConfUtils.java:logGet(46)) - raft.netty.dataStream.client.worker-group.share = false (default)
2023-03-28 15:13:15,613 [s2-NettyServerStreamRpc-workerGroup--thread2] INFO  netty.NettyConfigKeys$DataStream (ConfUtils.java:logGet(46)) - raft.netty.dataStream.client.worker-group.size = 4 (default)
2023-03-28 15:13:15,615 [s1-NettyServerStreamRpc-workerGroup--thread1] INFO  client.DataStreamClient (ConfUtils.java:logGet(46)) - raft.datastream.type = NETTY (custom)
2023-03-28 15:13:15,615 [s1-NettyServerStreamRpc-workerGroup--thread1] INFO  netty.NettyConfigKeys$DataStream (ConfUtils.java:logGet(46)) - raft.netty.dataStream.client.tls.conf = null (default)
2023-03-28 15:13:15,615 [s1-NettyServerStreamRpc-workerGroup--thread1] INFO  netty.NettyConfigKeys$DataStream (ConfUtils.java:logGet(46)) - raft.netty.dataStream.client.reply.queue.grace-period = 1s (default)
2023-03-28 15:13:15,615 [s1-NettyServerStreamRpc-workerGroup--thread1] INFO  netty.NettyConfigKeys$DataStream (ConfUtils.java:logGet(46)) - raft.netty.dataStream.client.worker-group.share = false (default)
2023-03-28 15:13:15,615 [s1-NettyServerStreamRpc-workerGroup--thread1] INFO  netty.NettyConfigKeys$DataStream (ConfUtils.java:logGet(46)) - raft.netty.dataStream.client.worker-group.size = 4 (default)
2023-03-28 15:13:15,617 [s1-NettyServerStreamRpc-bossGroup--thread1] INFO  logging.LoggingHandler (AbstractInternalLogger.java:log(148)) - [id: 0x967ba9f1, L:/0.0.0.0:35503] READ: [id: 0x88675983, L:/127.0.0.1:35503 - R:/127.0.0.1:48252]
2023-03-28 15:13:15,617 [s1-NettyServerStreamRpc-bossGroup--thread1] INFO  logging.LoggingHandler (AbstractInternalLogger.java:log(148)) - [id: 0x967ba9f1, L:/0.0.0.0:35503] READ COMPLETE
2023-03-28 15:13:15,620 [s0-NettyServerStreamRpc-bossGroup--thread1] INFO  logging.LoggingHandler (AbstractInternalLogger.java:log(148)) - [id: 0x4c883ab2, L:/0.0.0.0:35501] READ: [id: 0x9e7c2c32, L:/127.0.0.1:35501 - R:/127.0.0.1:34652]
2023-03-28 15:13:15,620 [s0-NettyServerStreamRpc-bossGroup--thread1] INFO  logging.LoggingHandler (AbstractInternalLogger.java:log(148)) - [id: 0x4c883ab2, L:/0.0.0.0:35501] READ COMPLETE
2023-03-28 15:13:15,621 [s1-NettyServerStreamRpc-workerGroup--thread1] INFO  client.DataStreamClient (ConfUtils.java:logGet(46)) - raft.datastream.type = NETTY (custom)
2023-03-28 15:13:15,621 [s1-NettyServerStreamRpc-workerGroup--thread1] INFO  netty.NettyConfigKeys$DataStream (ConfUtils.java:logGet(46)) - raft.netty.dataStream.client.tls.conf = null (default)
2023-03-28 15:13:15,622 [s1-NettyServerStreamRpc-workerGroup--thread1] INFO  netty.NettyConfigKeys$DataStream (ConfUtils.java:logGet(46)) - raft.netty.dataStream.client.reply.queue.grace-period = 1s (default)
2023-03-28 15:13:15,622 [s1-NettyServerStreamRpc-workerGroup--thread1] INFO  netty.NettyConfigKeys$DataStream (ConfUtils.java:logGet(46)) - raft.netty.dataStream.client.worker-group.share = false (default)
2023-03-28 15:13:15,622 [s1-NettyServerStreamRpc-workerGroup--thread1] INFO  netty.NettyConfigKeys$DataStream (ConfUtils.java:logGet(46)) - raft.netty.dataStream.client.worker-group.size = 4 (default)
2023-03-28 15:13:15,644 [s0-NettyServerStreamRpc-bossGroup--thread1] INFO  logging.LoggingHandler (AbstractInternalLogger.java:log(148)) - [id: 0x4c883ab2, L:/0.0.0.0:35501] READ: [id: 0x83f3d4d4, L:/127.0.0.1:35501 - R:/127.0.0.1:34666]
2023-03-28 15:13:15,644 [s2-NettyServerStreamRpc-workerGroup--thread2] INFO  client.DataStreamClient (ConfUtils.java:logGet(46)) - raft.datastream.type = NETTY (custom)
2023-03-28 15:13:15,644 [s0-NettyServerStreamRpc-bossGroup--thread1] INFO  logging.LoggingHandler (AbstractInternalLogger.java:log(148)) - [id: 0x4c883ab2, L:/0.0.0.0:35501] READ COMPLETE
2023-03-28 15:13:15,644 [s2-NettyServerStreamRpc-workerGroup--thread2] INFO  netty.NettyConfigKeys$DataStream (ConfUtils.java:logGet(46)) - raft.netty.dataStream.client.tls.conf = null (default)
2023-03-28 15:13:15,645 [s2-NettyServerStreamRpc-workerGroup--thread2] INFO  netty.NettyConfigKeys$DataStream (ConfUtils.java:logGet(46)) - raft.netty.dataStream.client.reply.queue.grace-period = 1s (default)
2023-03-28 15:13:15,645 [s2-NettyServerStreamRpc-workerGroup--thread2] INFO  netty.NettyConfigKeys$DataStream (ConfUtils.java:logGet(46)) - raft.netty.dataStream.client.worker-group.share = false (default)
2023-03-28 15:13:15,645 [s2-NettyServerStreamRpc-workerGroup--thread2] INFO  netty.NettyConfigKeys$DataStream (ConfUtils.java:logGet(46)) - raft.netty.dataStream.client.worker-group.size = 4 (default)
2023-03-28 15:13:15,707 [s1-NettyServerStreamRpc-bossGroup--thread1] INFO  logging.LoggingHandler (AbstractInternalLogger.java:log(148)) - [id: 0x967ba9f1, L:/0.0.0.0:35503] READ: [id: 0x17551fd5, L:/127.0.0.1:35503 - R:/127.0.0.1:48262]
2023-03-28 15:13:15,707 [s1-NettyServerStreamRpc-bossGroup--thread1] INFO  logging.LoggingHandler (AbstractInternalLogger.java:log(148)) - [id: 0x967ba9f1, L:/0.0.0.0:35503] READ COMPLETE
2023-03-28 15:13:15,707 [s0-NettyServerStreamRpc-workerGroup--thread4] INFO  client.DataStreamClient (ConfUtils.java:logGet(46)) - raft.datastream.type = NETTY (custom)
2023-03-28 15:13:15,708 [s0-NettyServerStreamRpc-workerGroup--thread4] INFO  netty.NettyConfigKeys$DataStream (ConfUtils.java:logGet(46)) - raft.netty.dataStream.client.tls.conf = null (default)
2023-03-28 15:13:15,708 [s0-NettyServerStreamRpc-workerGroup--thread4] INFO  netty.NettyConfigKeys$DataStream (ConfUtils.java:logGet(46)) - raft.netty.dataStream.client.reply.queue.grace-period = 1s (default)
2023-03-28 15:13:15,709 [s0-NettyServerStreamRpc-workerGroup--thread4] INFO  netty.NettyConfigKeys$DataStream (ConfUtils.java:logGet(46)) - raft.netty.dataStream.client.worker-group.share = false (default)
2023-03-28 15:13:15,709 [s0-NettyServerStreamRpc-workerGroup--thread4] INFO  netty.NettyConfigKeys$DataStream (ConfUtils.java:logGet(46)) - raft.netty.dataStream.client.worker-group.size = 4 (default)
2023-03-28 15:13:15,712 [s2-NettyServerStreamRpc-bossGroup--thread1] INFO  logging.LoggingHandler (AbstractInternalLogger.java:log(148)) - [id: 0x2b4b07cb, L:0.0.0.0/0.0.0.0:44179] READ: [id: 0x3e91e927, L:/127.0.0.1:44179 - R:/127.0.0.1:40474]
2023-03-28 15:13:15,712 [s2-NettyServerStreamRpc-bossGroup--thread1] INFO  logging.LoggingHandler (AbstractInternalLogger.java:log(148)) - [id: 0x2b4b07cb, L:0.0.0.0/0.0.0.0:44179] READ COMPLETE
2023-03-28 15:13:15,713 [s0-NettyServerStreamRpc-workerGroup--thread4] INFO  client.DataStreamClient (ConfUtils.java:logGet(46)) - raft.datastream.type = NETTY (custom)
2023-03-28 15:13:15,713 [s0-NettyServerStreamRpc-workerGroup--thread4] INFO  netty.NettyConfigKeys$DataStream (ConfUtils.java:logGet(46)) - raft.netty.dataStream.client.tls.conf = null (default)
2023-03-28 15:13:15,713 [s0-NettyServerStreamRpc-workerGroup--thread4] INFO  netty.NettyConfigKeys$DataStream (ConfUtils.java:logGet(46)) - raft.netty.dataStream.client.reply.queue.grace-period = 1s (default)
2023-03-28 15:13:15,713 [s0-NettyServerStreamRpc-workerGroup--thread4] INFO  netty.NettyConfigKeys$DataStream (ConfUtils.java:logGet(46)) - raft.netty.dataStream.client.worker-group.share = false (default)
2023-03-28 15:13:15,713 [s0-NettyServerStreamRpc-workerGroup--thread4] INFO  netty.NettyConfigKeys$DataStream (ConfUtils.java:logGet(46)) - raft.netty.dataStream.client.worker-group.size = 4 (default)
2023-03-28 15:13:15,716 [s1-NettyServerStreamRpc-bossGroup--thread1] INFO  logging.LoggingHandler (AbstractInternalLogger.java:log(148)) - [id: 0x967ba9f1, L:/0.0.0.0:35503] READ: [id: 0xd8e04e2b, L:/127.0.0.1:35503 - R:/127.0.0.1:48270]
2023-03-28 15:13:15,716 [s1-NettyServerStreamRpc-bossGroup--thread1] INFO  logging.LoggingHandler (AbstractInternalLogger.java:log(148)) - [id: 0x967ba9f1, L:/0.0.0.0:35503] READ COMPLETE
2023-03-28 15:13:15,723 [s2-NettyServerStreamRpc-workerGroup--thread2] INFO  client.DataStreamClient (ConfUtils.java:logGet(46)) - raft.datastream.type = NETTY (custom)
2023-03-28 15:13:15,724 [s2-NettyServerStreamRpc-workerGroup--thread2] INFO  netty.NettyConfigKeys$DataStream (ConfUtils.java:logGet(46)) - raft.netty.dataStream.client.tls.conf = null (default)
2023-03-28 15:13:15,724 [s2-NettyServerStreamRpc-workerGroup--thread2] INFO  netty.NettyConfigKeys$DataStream (ConfUtils.java:logGet(46)) - raft.netty.dataStream.client.reply.queue.grace-period = 1s (default)
2023-03-28 15:13:15,724 [s2-NettyServerStreamRpc-workerGroup--thread2] INFO  netty.NettyConfigKeys$DataStream (ConfUtils.java:logGet(46)) - raft.netty.dataStream.client.worker-group.share = false (default)
2023-03-28 15:13:15,724 [s2-NettyServerStreamRpc-workerGroup--thread2] INFO  netty.NettyConfigKeys$DataStream (ConfUtils.java:logGet(46)) - raft.netty.dataStream.client.worker-group.size = 4 (default)
2023-03-28 15:13:15,740 [s2-NettyServerStreamRpc-bossGroup--thread1] INFO  logging.LoggingHandler (AbstractInternalLogger.java:log(148)) - [id: 0x2b4b07cb, L:0.0.0.0/0.0.0.0:44179] READ: [id: 0x86f56216, L:/127.0.0.1:44179 - R:/127.0.0.1:40476]
2023-03-28 15:13:15,741 [s2-NettyServerStreamRpc-bossGroup--thread1] INFO  logging.LoggingHandler (AbstractInternalLogger.java:log(148)) - [id: 0x2b4b07cb, L:0.0.0.0/0.0.0.0:44179] READ COMPLETE
2023-03-28 15:13:15,744 [s1-NettyServerStreamRpc-workerGroup--thread1] INFO  client.DataStreamClient (ConfUtils.java:logGet(46)) - raft.datastream.type = NETTY (custom)
2023-03-28 15:13:15,744 [s1-NettyServerStreamRpc-workerGroup--thread1] INFO  netty.NettyConfigKeys$DataStream (ConfUtils.java:logGet(46)) - raft.netty.dataStream.client.tls.conf = null (default)
2023-03-28 15:13:15,744 [s1-NettyServerStreamRpc-workerGroup--thread1] INFO  netty.NettyConfigKeys$DataStream (ConfUtils.java:logGet(46)) - raft.netty.dataStream.client.reply.queue.grace-period = 1s (default)
2023-03-28 15:13:15,744 [s1-NettyServerStreamRpc-workerGroup--thread1] INFO  netty.NettyConfigKeys$DataStream (ConfUtils.java:logGet(46)) - raft.netty.dataStream.client.worker-group.share = false (default)
2023-03-28 15:13:15,744 [s1-NettyServerStreamRpc-workerGroup--thread1] INFO  netty.NettyConfigKeys$DataStream (ConfUtils.java:logGet(46)) - raft.netty.dataStream.client.worker-group.size = 4 (default)
2023-03-28 15:13:15,752 [s2-NettyServerStreamRpc-workerGroup--thread1] INFO  client.DataStreamClient (ConfUtils.java:logGet(46)) - raft.datastream.type = NETTY (custom)
2023-03-28 15:13:15,752 [s2-NettyServerStreamRpc-workerGroup--thread1] INFO  netty.NettyConfigKeys$DataStream (ConfUtils.java:logGet(46)) - raft.netty.dataStream.client.tls.conf = null (default)
2023-03-28 15:13:15,752 [s2-NettyServerStreamRpc-workerGroup--thread1] INFO  netty.NettyConfigKeys$DataStream (ConfUtils.java:logGet(46)) - raft.netty.dataStream.client.reply.queue.grace-period = 1s (default)
2023-03-28 15:13:15,752 [s2-NettyServerStreamRpc-workerGroup--thread1] INFO  netty.NettyConfigKeys$DataStream (ConfUtils.java:logGet(46)) - raft.netty.dataStream.client.worker-group.share = false (default)
2023-03-28 15:13:15,752 [s2-NettyServerStreamRpc-workerGroup--thread1] INFO  netty.NettyConfigKeys$DataStream (ConfUtils.java:logGet(46)) - raft.netty.dataStream.client.worker-group.size = 4 (default)
2023-03-28 15:13:15,756 [s0-NettyServerStreamRpc-bossGroup--thread1] INFO  logging.LoggingHandler (AbstractInternalLogger.java:log(148)) - [id: 0x4c883ab2, L:/0.0.0.0:35501] READ: [id: 0x80a7a79f, L:/127.0.0.1:35501 - R:/127.0.0.1:34682]
2023-03-28 15:13:15,756 [s0-NettyServerStreamRpc-bossGroup--thread1] INFO  logging.LoggingHandler (AbstractInternalLogger.java:log(148)) - [id: 0x4c883ab2, L:/0.0.0.0:35501] READ COMPLETE
2023-03-28 15:13:15,757 [s2-NettyServerStreamRpc-workerGroup--thread1] INFO  client.DataStreamClient (ConfUtils.java:logGet(46)) - raft.datastream.type = NETTY (custom)
2023-03-28 15:13:15,757 [s2-NettyServerStreamRpc-workerGroup--thread1] INFO  netty.NettyConfigKeys$DataStream (ConfUtils.java:logGet(46)) - raft.netty.dataStream.client.tls.conf = null (default)
2023-03-28 15:13:15,757 [s2-NettyServerStreamRpc-workerGroup--thread1] INFO  netty.NettyConfigKeys$DataStream (ConfUtils.java:logGet(46)) - raft.netty.dataStream.client.reply.queue.grace-period = 1s (default)
2023-03-28 15:13:15,757 [s2-NettyServerStreamRpc-workerGroup--thread1] INFO  netty.NettyConfigKeys$DataStream (ConfUtils.java:logGet(46)) - raft.netty.dataStream.client.worker-group.share = false (default)
2023-03-28 15:13:15,757 [s2-NettyServerStreamRpc-workerGroup--thread1] INFO  netty.NettyConfigKeys$DataStream (ConfUtils.java:logGet(46)) - raft.netty.dataStream.client.worker-group.size = 4 (default)
2023-03-28 15:13:15,764 [s0-NettyServerStreamRpc-bossGroup--thread1] INFO  logging.LoggingHandler (AbstractInternalLogger.java:log(148)) - [id: 0x4c883ab2, L:/0.0.0.0:35501] READ: [id: 0x28096c6f, L:/127.0.0.1:35501 - R:/127.0.0.1:34694]
2023-03-28 15:13:15,764 [s0-NettyServerStreamRpc-bossGroup--thread1] INFO  logging.LoggingHandler (AbstractInternalLogger.java:log(148)) - [id: 0x4c883ab2, L:/0.0.0.0:35501] READ COMPLETE
2023-03-28 15:13:15,764 [s1-NettyServerStreamRpc-workerGroup--thread1] INFO  client.DataStreamClient (ConfUtils.java:logGet(46)) - raft.datastream.type = NETTY (custom)
2023-03-28 15:13:15,764 [s1-NettyServerStreamRpc-workerGroup--thread1] INFO  netty.NettyConfigKeys$DataStream (ConfUtils.java:logGet(46)) - raft.netty.dataStream.client.tls.conf = null (default)
2023-03-28 15:13:15,764 [s1-NettyServerStreamRpc-workerGroup--thread1] INFO  netty.NettyConfigKeys$DataStream (ConfUtils.java:logGet(46)) - raft.netty.dataStream.client.reply.queue.grace-period = 1s (default)
2023-03-28 15:13:15,765 [s1-NettyServerStreamRpc-workerGroup--thread1] INFO  netty.NettyConfigKeys$DataStream (ConfUtils.java:logGet(46)) - raft.netty.dataStream.client.worker-group.share = false (default)
2023-03-28 15:13:15,765 [s1-NettyServerStreamRpc-workerGroup--thread1] INFO  netty.NettyConfigKeys$DataStream (ConfUtils.java:logGet(46)) - raft.netty.dataStream.client.worker-group.size = 4 (default)
2023-03-28 15:13:15,772 [s2-NettyServerStreamRpc-workerGroup--thread2] INFO  client.DataStreamClient (ConfUtils.java:logGet(46)) - raft.datastream.type = NETTY (custom)
2023-03-28 15:13:15,772 [s0-NettyServerStreamRpc-bossGroup--thread1] INFO  logging.LoggingHandler (AbstractInternalLogger.java:log(148)) - [id: 0x4c883ab2, L:/0.0.0.0:35501] READ: [id: 0xb01a1e8e, L:/127.0.0.1:35501 - R:/127.0.0.1:34700]
2023-03-28 15:13:15,772 [s0-NettyServerStreamRpc-bossGroup--thread1] INFO  logging.LoggingHandler (AbstractInternalLogger.java:log(148)) - [id: 0x4c883ab2, L:/0.0.0.0:35501] READ COMPLETE
2023-03-28 15:13:15,772 [s2-NettyServerStreamRpc-workerGroup--thread2] INFO  netty.NettyConfigKeys$DataStream (ConfUtils.java:logGet(46)) - raft.netty.dataStream.client.tls.conf = null (default)
2023-03-28 15:13:15,773 [s2-NettyServerStreamRpc-workerGroup--thread2] INFO  netty.NettyConfigKeys$DataStream (ConfUtils.java:logGet(46)) - raft.netty.dataStream.client.reply.queue.grace-period = 1s (default)
2023-03-28 15:13:15,773 [s2-NettyServerStreamRpc-workerGroup--thread2] INFO  netty.NettyConfigKeys$DataStream (ConfUtils.java:logGet(46)) - raft.netty.dataStream.client.worker-group.share = false (default)
2023-03-28 15:13:15,773 [s2-NettyServerStreamRpc-workerGroup--thread2] INFO  netty.NettyConfigKeys$DataStream (ConfUtils.java:logGet(46)) - raft.netty.dataStream.client.worker-group.size = 4 (default)
2023-03-28 15:13:15,788 [s1-NettyServerStreamRpc-bossGroup--thread1] INFO  logging.LoggingHandler (AbstractInternalLogger.java:log(148)) - [id: 0x967ba9f1, L:/0.0.0.0:35503] READ: [id: 0x0d118ec7, L:/127.0.0.1:35503 - R:/127.0.0.1:48282]
2023-03-28 15:13:15,788 [s1-NettyServerStreamRpc-bossGroup--thread1] INFO  logging.LoggingHandler (AbstractInternalLogger.java:log(148)) - [id: 0x967ba9f1, L:/0.0.0.0:35503] READ COMPLETE
2023-03-28 15:13:15,788 [s0-NettyServerStreamRpc-workerGroup--thread4] INFO  client.DataStreamClient (ConfUtils.java:logGet(46)) - raft.datastream.type = NETTY (custom)
2023-03-28 15:13:15,788 [s0-NettyServerStreamRpc-workerGroup--thread4] INFO  netty.NettyConfigKeys$DataStream (ConfUtils.java:logGet(46)) - raft.netty.dataStream.client.tls.conf = null (default)
2023-03-28 15:13:15,789 [s0-NettyServerStreamRpc-workerGroup--thread4] INFO  netty.NettyConfigKeys$DataStream (ConfUtils.java:logGet(46)) - raft.netty.dataStream.client.reply.queue.grace-period = 1s (default)
2023-03-28 15:13:15,789 [s0-NettyServerStreamRpc-workerGroup--thread4] INFO  netty.NettyConfigKeys$DataStream (ConfUtils.java:logGet(46)) - raft.netty.dataStream.client.worker-group.share = false (default)
2023-03-28 15:13:15,789 [s0-NettyServerStreamRpc-workerGroup--thread4] INFO  netty.NettyConfigKeys$DataStream (ConfUtils.java:logGet(46)) - raft.netty.dataStream.client.worker-group.size = 4 (default)
2023-03-28 15:13:15,790 [s2-NettyServerStreamRpc-bossGroup--thread1] INFO  logging.LoggingHandler (AbstractInternalLogger.java:log(148)) - [id: 0x2b4b07cb, L:0.0.0.0/0.0.0.0:44179] READ: [id: 0xe10d8b9d, L:/127.0.0.1:44179 - R:/127.0.0.1:40490]
2023-03-28 15:13:15,790 [s2-NettyServerStreamRpc-bossGroup--thread1] INFO  logging.LoggingHandler (AbstractInternalLogger.java:log(148)) - [id: 0x2b4b07cb, L:0.0.0.0/0.0.0.0:44179] READ COMPLETE
2023-03-28 15:13:15,791 [s1-NettyServerStreamRpc-workerGroup--thread1] INFO  client.DataStreamClient (ConfUtils.java:logGet(46)) - raft.datastream.type = NETTY (custom)
2023-03-28 15:13:15,791 [s1-NettyServerStreamRpc-workerGroup--thread1] INFO  netty.NettyConfigKeys$DataStream (ConfUtils.java:logGet(46)) - raft.netty.dataStream.client.tls.conf = null (default)
2023-03-28 15:13:15,791 [s1-NettyServerStreamRpc-workerGroup--thread1] INFO  netty.NettyConfigKeys$DataStream (ConfUtils.java:logGet(46)) - raft.netty.dataStream.client.reply.queue.grace-period = 1s (default)
2023-03-28 15:13:15,791 [s1-NettyServerStreamRpc-workerGroup--thread1] INFO  netty.NettyConfigKeys$DataStream (ConfUtils.java:logGet(46)) - raft.netty.dataStream.client.worker-group.share = false (default)
2023-03-28 15:13:15,791 [s1-NettyServerStreamRpc-workerGroup--thread1] INFO  netty.NettyConfigKeys$DataStream (ConfUtils.java:logGet(46)) - raft.netty.dataStream.client.worker-group.size = 4 (default)
2023-03-28 15:13:15,808 [s1-NettyServerStreamRpc-bossGroup--thread1] INFO  logging.LoggingHandler (AbstractInternalLogger.java:log(148)) - [id: 0x967ba9f1, L:/0.0.0.0:35503] READ: [id: 0xf4367252, L:/127.0.0.1:35503 - R:/127.0.0.1:48288]
2023-03-28 15:13:15,809 [s1-NettyServerStreamRpc-bossGroup--thread1] INFO  logging.LoggingHandler (AbstractInternalLogger.java:log(148)) - [id: 0x967ba9f1, L:/0.0.0.0:35503] READ COMPLETE
2023-03-28 15:13:15,809 [s2-NettyServerStreamRpc-workerGroup--thread2] INFO  client.DataStreamClient (ConfUtils.java:logGet(46)) - raft.datastream.type = NETTY (custom)
2023-03-28 15:13:15,809 [s2-NettyServerStreamRpc-workerGroup--thread2] INFO  netty.NettyConfigKeys$DataStream (ConfUtils.java:logGet(46)) - raft.netty.dataStream.client.tls.conf = null (default)
2023-03-28 15:13:15,809 [s2-NettyServerStreamRpc-workerGroup--thread2] INFO  netty.NettyConfigKeys$DataStream (ConfUtils.java:logGet(46)) - raft.netty.dataStream.client.reply.queue.grace-period = 1s (default)
2023-03-28 15:13:15,809 [s2-NettyServerStreamRpc-workerGroup--thread2] INFO  netty.NettyConfigKeys$DataStream (ConfUtils.java:logGet(46)) - raft.netty.dataStream.client.worker-group.share = false (default)
2023-03-28 15:13:15,809 [s2-NettyServerStreamRpc-workerGroup--thread2] INFO  netty.NettyConfigKeys$DataStream (ConfUtils.java:logGet(46)) - raft.netty.dataStream.client.worker-group.size = 4 (default)
2023-03-28 15:13:15,814 [s0-NettyServerStreamRpc-workerGroup--thread3] INFO  client.DataStreamClient (ConfUtils.java:logGet(46)) - raft.datastream.type = NETTY (custom)
2023-03-28 15:13:15,815 [s0-NettyServerStreamRpc-workerGroup--thread3] INFO  netty.NettyConfigKeys$DataStream (ConfUtils.java:logGet(46)) - raft.netty.dataStream.client.tls.conf = null (default)
2023-03-28 15:13:15,815 [s0-NettyServerStreamRpc-workerGroup--thread3] INFO  netty.NettyConfigKeys$DataStream (ConfUtils.java:logGet(46)) - raft.netty.dataStream.client.reply.queue.grace-period = 1s (default)
2023-03-28 15:13:15,815 [s0-NettyServerStreamRpc-workerGroup--thread3] INFO  netty.NettyConfigKeys$DataStream (ConfUtils.java:logGet(46)) - raft.netty.dataStream.client.worker-group.share = false (default)
2023-03-28 15:13:15,815 [s0-NettyServerStreamRpc-workerGroup--thread3] INFO  netty.NettyConfigKeys$DataStream (ConfUtils.java:logGet(46)) - raft.netty.dataStream.client.worker-group.size = 4 (default)
2023-03-28 15:13:15,817 [s2-NettyServerStreamRpc-bossGroup--thread1] INFO  logging.LoggingHandler (AbstractInternalLogger.java:log(148)) - [id: 0x2b4b07cb, L:0.0.0.0/0.0.0.0:44179] READ: [id: 0x355dae34, L:/127.0.0.1:44179 - R:/127.0.0.1:40502]
2023-03-28 15:13:15,817 [s2-NettyServerStreamRpc-bossGroup--thread1] INFO  logging.LoggingHandler (AbstractInternalLogger.java:log(148)) - [id: 0x2b4b07cb, L:0.0.0.0/0.0.0.0:44179] READ COMPLETE
2023-03-28 15:13:15,819 [s0-NettyServerStreamRpc-bossGroup--thread1] INFO  logging.LoggingHandler (AbstractInternalLogger.java:log(148)) - [id: 0x4c883ab2, L:/0.0.0.0:35501] READ: [id: 0x30ac2483, L:/127.0.0.1:35501 - R:/127.0.0.1:34712]
2023-03-28 15:13:15,819 [s0-NettyServerStreamRpc-bossGroup--thread1] INFO  logging.LoggingHandler (AbstractInternalLogger.java:log(148)) - [id: 0x4c883ab2, L:/0.0.0.0:35501] READ COMPLETE
2023-03-28 15:13:15,844 [s1-NettyServerStreamRpc-bossGroup--thread1] INFO  logging.LoggingHandler (AbstractInternalLogger.java:log(148)) - [id: 0x967ba9f1, L:/0.0.0.0:35503] READ: [id: 0x1c3383f7, L:/127.0.0.1:35503 - R:/127.0.0.1:48290]
2023-03-28 15:13:15,844 [s1-NettyServerStreamRpc-bossGroup--thread1] INFO  logging.LoggingHandler (AbstractInternalLogger.java:log(148)) - [id: 0x967ba9f1, L:/0.0.0.0:35503] READ COMPLETE
2023-03-28 15:13:15,845 [s0-NettyServerStreamRpc-bossGroup--thread1] INFO  logging.LoggingHandler (AbstractInternalLogger.java:log(148)) - [id: 0x4c883ab2, L:/0.0.0.0:35501] READ: [id: 0x3394c121, L:/127.0.0.1:35501 - R:/127.0.0.1:34718]
2023-03-28 15:13:15,845 [s0-NettyServerStreamRpc-bossGroup--thread1] INFO  logging.LoggingHandler (AbstractInternalLogger.java:log(148)) - [id: 0x4c883ab2, L:/0.0.0.0:35501] READ COMPLETE
2023-03-28 15:13:15,845 [s1-NettyServerStreamRpc-workerGroup--thread1] INFO  client.DataStreamClient (ConfUtils.java:logGet(46)) - raft.datastream.type = NETTY (custom)
2023-03-28 15:13:15,845 [s1-NettyServerStreamRpc-workerGroup--thread1] INFO  netty.NettyConfigKeys$DataStream (ConfUtils.java:logGet(46)) - raft.netty.dataStream.client.tls.conf = null (default)
2023-03-28 15:13:15,845 [s1-NettyServerStreamRpc-workerGroup--thread1] INFO  netty.NettyConfigKeys$DataStream (ConfUtils.java:logGet(46)) - raft.netty.dataStream.client.reply.queue.grace-period = 1s (default)
2023-03-28 15:13:15,845 [s1-NettyServerStreamRpc-workerGroup--thread1] INFO  netty.NettyConfigKeys$DataStream (ConfUtils.java:logGet(46)) - raft.netty.dataStream.client.worker-group.share = false (default)
2023-03-28 15:13:15,846 [s1-NettyServerStreamRpc-workerGroup--thread1] INFO  netty.NettyConfigKeys$DataStream (ConfUtils.java:logGet(46)) - raft.netty.dataStream.client.worker-group.size = 4 (default)
2023-03-28 15:13:15,849 [s2-NettyServerStreamRpc-bossGroup--thread1] INFO  logging.LoggingHandler (AbstractInternalLogger.java:log(148)) - [id: 0x2b4b07cb, L:0.0.0.0/0.0.0.0:44179] READ: [id: 0xd68218da, L:/127.0.0.1:44179 - R:/127.0.0.1:40512]
2023-03-28 15:13:15,849 [s2-NettyServerStreamRpc-bossGroup--thread1] INFO  logging.LoggingHandler (AbstractInternalLogger.java:log(148)) - [id: 0x2b4b07cb, L:0.0.0.0/0.0.0.0:44179] READ COMPLETE
2023-03-28 15:13:15,850 [s1-NettyServerStreamRpc-workerGroup--thread1] INFO  client.DataStreamClient (ConfUtils.java:logGet(46)) - raft.datastream.type = NETTY (custom)
2023-03-28 15:13:15,850 [s1-NettyServerStreamRpc-workerGroup--thread1] INFO  netty.NettyConfigKeys$DataStream (ConfUtils.java:logGet(46)) - raft.netty.dataStream.client.tls.conf = null (default)
2023-03-28 15:13:15,850 [s1-NettyServerStreamRpc-workerGroup--thread1] INFO  netty.NettyConfigKeys$DataStream (ConfUtils.java:logGet(46)) - raft.netty.dataStream.client.reply.queue.grace-period = 1s (default)
2023-03-28 15:13:15,850 [s1-NettyServerStreamRpc-workerGroup--thread1] INFO  netty.NettyConfigKeys$DataStream (ConfUtils.java:logGet(46)) - raft.netty.dataStream.client.worker-group.share = false (default)
2023-03-28 15:13:15,850 [s1-NettyServerStreamRpc-workerGroup--thread1] INFO  netty.NettyConfigKeys$DataStream (ConfUtils.java:logGet(46)) - raft.netty.dataStream.client.worker-group.size = 4 (default)
2023-03-28 15:13:15,850 [s1-NettyServerStreamRpc-bossGroup--thread1] INFO  logging.LoggingHandler (AbstractInternalLogger.java:log(148)) - [id: 0x967ba9f1, L:/0.0.0.0:35503] READ: [id: 0xe79f3b4a, L:/127.0.0.1:35503 - R:/127.0.0.1:48292]
2023-03-28 15:13:15,850 [s1-NettyServerStreamRpc-bossGroup--thread1] INFO  logging.LoggingHandler (AbstractInternalLogger.java:log(148)) - [id: 0x967ba9f1, L:/0.0.0.0:35503] READ COMPLETE
2023-03-28 15:13:15,851 [s2-NettyServerStreamRpc-workerGroup--thread2] INFO  client.DataStreamClient (ConfUtils.java:logGet(46)) - raft.datastream.type = NETTY (custom)
2023-03-28 15:13:15,851 [s2-NettyServerStreamRpc-workerGroup--thread2] INFO  netty.NettyConfigKeys$DataStream (ConfUtils.java:logGet(46)) - raft.netty.dataStream.client.tls.conf = null (default)
2023-03-28 15:13:15,851 [s2-NettyServerStreamRpc-workerGroup--thread2] INFO  netty.NettyConfigKeys$DataStream (ConfUtils.java:logGet(46)) - raft.netty.dataStream.client.reply.queue.grace-period = 1s (default)
2023-03-28 15:13:15,851 [s2-NettyServerStreamRpc-workerGroup--thread2] INFO  netty.NettyConfigKeys$DataStream (ConfUtils.java:logGet(46)) - raft.netty.dataStream.client.worker-group.share = false (default)
2023-03-28 15:13:15,851 [s2-NettyServerStreamRpc-workerGroup--thread2] INFO  netty.NettyConfigKeys$DataStream (ConfUtils.java:logGet(46)) - raft.netty.dataStream.client.worker-group.size = 4 (default)
2023-03-28 15:13:15,852 [s0-NettyServerStreamRpc-workerGroup--thread3] INFO  client.DataStreamClient (ConfUtils.java:logGet(46)) - raft.datastream.type = NETTY (custom)
2023-03-28 15:13:15,852 [s0-NettyServerStreamRpc-workerGroup--thread3] INFO  netty.NettyConfigKeys$DataStream (ConfUtils.java:logGet(46)) - raft.netty.dataStream.client.tls.conf = null (default)
2023-03-28 15:13:15,852 [s0-NettyServerStreamRpc-workerGroup--thread3] INFO  netty.NettyConfigKeys$DataStream (ConfUtils.java:logGet(46)) - raft.netty.dataStream.client.reply.queue.grace-period = 1s (default)
2023-03-28 15:13:15,852 [s0-NettyServerStreamRpc-workerGroup--thread3] INFO  netty.NettyConfigKeys$DataStream (ConfUtils.java:logGet(46)) - raft.netty.dataStream.client.worker-group.share = false (default)
2023-03-28 15:13:15,852 [s0-NettyServerStreamRpc-workerGroup--thread3] INFO  netty.NettyConfigKeys$DataStream (ConfUtils.java:logGet(46)) - raft.netty.dataStream.client.worker-group.size = 4 (default)
2023-03-28 15:13:15,853 [s0-NettyServerStreamRpc-bossGroup--thread1] INFO  logging.LoggingHandler (AbstractInternalLogger.java:log(148)) - [id: 0x4c883ab2, L:/0.0.0.0:35501] READ: [id: 0xedc794f1, L:/127.0.0.1:35501 - R:/127.0.0.1:34720]
2023-03-28 15:13:15,854 [s0-NettyServerStreamRpc-bossGroup--thread1] INFO  logging.LoggingHandler (AbstractInternalLogger.java:log(148)) - [id: 0x4c883ab2, L:/0.0.0.0:35501] READ COMPLETE
2023-03-28 15:13:15,855 [s1-NettyServerStreamRpc-workerGroup--thread1] INFO  client.DataStreamClient (ConfUtils.java:logGet(46)) - raft.datastream.type = NETTY (custom)
2023-03-28 15:13:15,855 [s1-NettyServerStreamRpc-workerGroup--thread1] INFO  netty.NettyConfigKeys$DataStream (ConfUtils.java:logGet(46)) - raft.netty.dataStream.client.tls.conf = null (default)
2023-03-28 15:13:15,855 [s1-NettyServerStreamRpc-workerGroup--thread1] INFO  netty.NettyConfigKeys$DataStream (ConfUtils.java:logGet(46)) - raft.netty.dataStream.client.reply.queue.grace-period = 1s (default)
2023-03-28 15:13:15,855 [s1-NettyServerStreamRpc-workerGroup--thread1] INFO  netty.NettyConfigKeys$DataStream (ConfUtils.java:logGet(46)) - raft.netty.dataStream.client.worker-group.share = false (default)
2023-03-28 15:13:15,855 [s1-NettyServerStreamRpc-workerGroup--thread1] INFO  netty.NettyConfigKeys$DataStream (ConfUtils.java:logGet(46)) - raft.netty.dataStream.client.worker-group.size = 4 (default)
2023-03-28 15:13:15,860 [s2-NettyServerStreamRpc-bossGroup--thread1] INFO  logging.LoggingHandler (AbstractInternalLogger.java:log(148)) - [id: 0x2b4b07cb, L:0.0.0.0/0.0.0.0:44179] READ: [id: 0x32cfae44, L:/127.0.0.1:44179 - R:/127.0.0.1:40522]
2023-03-28 15:13:15,860 [s2-NettyServerStreamRpc-bossGroup--thread1] INFO  logging.LoggingHandler (AbstractInternalLogger.java:log(148)) - [id: 0x2b4b07cb, L:0.0.0.0/0.0.0.0:44179] READ COMPLETE
2023-03-28 15:13:15,885 [s1-NettyServerStreamRpc-bossGroup--thread1] INFO  logging.LoggingHandler (AbstractInternalLogger.java:log(148)) - [id: 0x967ba9f1, L:/0.0.0.0:35503] READ: [id: 0xb5fa98a2, L:/127.0.0.1:35503 - R:/127.0.0.1:48302]
2023-03-28 15:13:15,885 [s1-NettyServerStreamRpc-bossGroup--thread1] INFO  logging.LoggingHandler (AbstractInternalLogger.java:log(148)) - [id: 0x967ba9f1, L:/0.0.0.0:35503] READ COMPLETE
2023-03-28 15:13:15,885 [s2-NettyServerStreamRpc-bossGroup--thread1] INFO  logging.LoggingHandler (AbstractInternalLogger.java:log(148)) - [id: 0x2b4b07cb, L:0.0.0.0/0.0.0.0:44179] READ: [id: 0xc1350bcf, L:/127.0.0.1:44179 - R:/127.0.0.1:40536]
2023-03-28 15:13:15,885 [s2-NettyServerStreamRpc-bossGroup--thread1] INFO  logging.LoggingHandler (AbstractInternalLogger.java:log(148)) - [id: 0x2b4b07cb, L:0.0.0.0/0.0.0.0:44179] READ COMPLETE
2023-03-28 15:13:15,888 [s1-NettyServerStreamRpc-workerGroup--thread1] INFO  client.DataStreamClient (ConfUtils.java:logGet(46)) - raft.datastream.type = NETTY (custom)
2023-03-28 15:13:15,888 [s1-NettyServerStreamRpc-workerGroup--thread1] INFO  netty.NettyConfigKeys$DataStream (ConfUtils.java:logGet(46)) - raft.netty.dataStream.client.tls.conf = null (default)
2023-03-28 15:13:15,888 [s1-NettyServerStreamRpc-workerGroup--thread1] INFO  netty.NettyConfigKeys$DataStream (ConfUtils.java:logGet(46)) - raft.netty.dataStream.client.reply.queue.grace-period = 1s (default)
2023-03-28 15:13:15,888 [s1-NettyServerStreamRpc-workerGroup--thread1] INFO  netty.NettyConfigKeys$DataStream (ConfUtils.java:logGet(46)) - raft.netty.dataStream.client.worker-group.share = false (default)
2023-03-28 15:13:15,888 [s1-NettyServerStreamRpc-workerGroup--thread1] INFO  netty.NettyConfigKeys$DataStream (ConfUtils.java:logGet(46)) - raft.netty.dataStream.client.worker-group.size = 4 (default)
2023-03-28 15:13:15,900 [s0-NettyServerStreamRpc-bossGroup--thread1] INFO  logging.LoggingHandler (AbstractInternalLogger.java:log(148)) - [id: 0x4c883ab2, L:/0.0.0.0:35501] READ: [id: 0x1b8cdaee, L:/127.0.0.1:35501 - R:/127.0.0.1:34728]
2023-03-28 15:13:15,900 [s0-NettyServerStreamRpc-bossGroup--thread1] INFO  logging.LoggingHandler (AbstractInternalLogger.java:log(148)) - [id: 0x4c883ab2, L:/0.0.0.0:35501] READ COMPLETE
2023-03-28 15:13:15,901 [s1-NettyServerStreamRpc-workerGroup--thread1] INFO  client.DataStreamClient (ConfUtils.java:logGet(46)) - raft.datastream.type = NETTY (custom)
2023-03-28 15:13:15,901 [s1-NettyServerStreamRpc-workerGroup--thread1] INFO  netty.NettyConfigKeys$DataStream (ConfUtils.java:logGet(46)) - raft.netty.dataStream.client.tls.conf = null (default)
2023-03-28 15:13:15,901 [s1-NettyServerStreamRpc-workerGroup--thread1] INFO  netty.NettyConfigKeys$DataStream (ConfUtils.java:logGet(46)) - raft.netty.dataStream.client.reply.queue.grace-period = 1s (default)
2023-03-28 15:13:15,901 [s1-NettyServerStreamRpc-workerGroup--thread1] INFO  netty.NettyConfigKeys$DataStream (ConfUtils.java:logGet(46)) - raft.netty.dataStream.client.worker-group.share = false (default)
2023-03-28 15:13:15,901 [s1-NettyServerStreamRpc-workerGroup--thread1] INFO  netty.NettyConfigKeys$DataStream (ConfUtils.java:logGet(46)) - raft.netty.dataStream.client.worker-group.size = 4 (default)
2023-03-28 15:13:15,920 [s2-NettyServerStreamRpc-bossGroup--thread1] INFO  logging.LoggingHandler (AbstractInternalLogger.java:log(148)) - [id: 0x2b4b07cb, L:0.0.0.0/0.0.0.0:44179] READ: [id: 0xdfc9e669, L:/127.0.0.1:44179 - R:/127.0.0.1:40540]
2023-03-28 15:13:15,920 [s2-NettyServerStreamRpc-bossGroup--thread1] INFO  logging.LoggingHandler (AbstractInternalLogger.java:log(148)) - [id: 0x2b4b07cb, L:0.0.0.0/0.0.0.0:44179] READ COMPLETE
2023-03-28 15:13:15,920 [s1-NettyServerStreamRpc-workerGroup--thread1] INFO  client.DataStreamClient (ConfUtils.java:logGet(46)) - raft.datastream.type = NETTY (custom)
2023-03-28 15:13:15,920 [s1-NettyServerStreamRpc-workerGroup--thread1] INFO  netty.NettyConfigKeys$DataStream (ConfUtils.java:logGet(46)) - raft.netty.dataStream.client.tls.conf = null (default)
2023-03-28 15:13:15,920 [s1-NettyServerStreamRpc-workerGroup--thread1] INFO  netty.NettyConfigKeys$DataStream (ConfUtils.java:logGet(46)) - raft.netty.dataStream.client.reply.queue.grace-period = 1s (default)
2023-03-28 15:13:15,921 [s1-NettyServerStreamRpc-workerGroup--thread1] INFO  netty.NettyConfigKeys$DataStream (ConfUtils.java:logGet(46)) - raft.netty.dataStream.client.worker-group.share = false (default)
2023-03-28 15:13:15,921 [s1-NettyServerStreamRpc-workerGroup--thread1] INFO  netty.NettyConfigKeys$DataStream (ConfUtils.java:logGet(46)) - raft.netty.dataStream.client.worker-group.size = 4 (default)
2023-03-28 15:13:15,944 [s0-NettyServerStreamRpc-bossGroup--thread1] INFO  logging.LoggingHandler (AbstractInternalLogger.java:log(148)) - [id: 0x4c883ab2, L:/0.0.0.0:35501] READ: [id: 0x8b6ea00b, L:/127.0.0.1:35501 - R:/127.0.0.1:34738]
2023-03-28 15:13:15,944 [s0-NettyServerStreamRpc-bossGroup--thread1] INFO  logging.LoggingHandler (AbstractInternalLogger.java:log(148)) - [id: 0x4c883ab2, L:/0.0.0.0:35501] READ COMPLETE
2023-03-28 15:13:15,945 [s1-NettyServerStreamRpc-workerGroup--thread1] INFO  client.DataStreamClient (ConfUtils.java:logGet(46)) - raft.datastream.type = NETTY (custom)
2023-03-28 15:13:15,945 [s1-NettyServerStreamRpc-workerGroup--thread1] INFO  netty.NettyConfigKeys$DataStream (ConfUtils.java:logGet(46)) - raft.netty.dataStream.client.tls.conf = null (default)
2023-03-28 15:13:15,945 [s1-NettyServerStreamRpc-workerGroup--thread1] INFO  netty.NettyConfigKeys$DataStream (ConfUtils.java:logGet(46)) - raft.netty.dataStream.client.reply.queue.grace-period = 1s (default)
2023-03-28 15:13:15,945 [s1-NettyServerStreamRpc-workerGroup--thread1] INFO  netty.NettyConfigKeys$DataStream (ConfUtils.java:logGet(46)) - raft.netty.dataStream.client.worker-group.share = false (default)
2023-03-28 15:13:15,945 [s1-NettyServerStreamRpc-workerGroup--thread1] INFO  netty.NettyConfigKeys$DataStream (ConfUtils.java:logGet(46)) - raft.netty.dataStream.client.worker-group.size = 4 (default)
2023-03-28 15:13:16,021 [s2-NettyServerStreamRpc-bossGroup--thread1] INFO  logging.LoggingHandler (AbstractInternalLogger.java:log(148)) - [id: 0x2b4b07cb, L:0.0.0.0/0.0.0.0:44179] READ: [id: 0xf870ca27, L:/127.0.0.1:44179 - R:/127.0.0.1:40544]
2023-03-28 15:13:16,021 [s2-NettyServerStreamRpc-bossGroup--thread1] INFO  logging.LoggingHandler (AbstractInternalLogger.java:log(148)) - [id: 0x2b4b07cb, L:0.0.0.0/0.0.0.0:44179] READ COMPLETE
2023-03-28 15:13:18,473 [s2@group-4AD7D8BDF6E4-FollowerState] WARN  impl.FollowerState (FollowerState.java:run(130)) - Unexpected long sleep: sleep 229ms but took extra 1468827999ns (> threshold = 300ms)
2023-03-28 15:13:18,473 [s1@group-4AD7D8BDF6E4-FollowerState] WARN  impl.FollowerState (FollowerState.java:run(130)) - Unexpected long sleep: sleep 210ms but took extra 1472053750ns (> threshold = 300ms)
2023-03-28 15:13:18,474 [JvmPauseMonitor4] WARN  util.JvmPauseMonitor (JvmPauseMonitor.java:detectPause(124)) - JvmPauseMonitor-s0: Detected pause in JVM or host machine approximately 1.199s with 1.641s GC time.
GC pool 'G1 Young Generation' had collection(s): count=2 time=115ms
GC pool 'G1 Old Generation' had collection(s): count=1 time=1526ms
2023-03-28 15:13:18,476 [s0@group-4AD7D8BDF6E4-LeaderStateImpl] WARN  server.RaftServer$Division (LeaderStateImpl.java:checkLeadership(1074)) - s0@group-4AD7D8BDF6E4-LeaderStateImpl: Lost leadership on term: 1. Election timeout: 300ms. In charge for: 3894ms. Conf: 0: peers:[s0|rpc:localhost:39189|admin:localhost:46309|client:localhost:42931|dataStream:localhost:35501|priority:0|startupRole:FOLLOWER, s1|rpc:localhost:42161|admin:localhost:45919|client:localhost:41703|dataStream:localhost:35503|priority:0|startupRole:FOLLOWER, s2|rpc:localhost:39003|admin:localhost:43283|client:localhost:38251|dataStream:localhost:44179|priority:0|startupRole:FOLLOWER]|listeners:[], old=null
2023-03-28 15:13:18,477 [s0@group-4AD7D8BDF6E4-LeaderStateImpl] WARN  server.RaftServer$Division (LeaderStateImpl.java:lambda$checkLeadership$19(1078)) - Follower s0@group-4AD7D8BDF6E4->s1(c0,m0,n1, attendVote=true, lastRpcSendTime=0, lastRpcResponseTime=1703)
2023-03-28 15:13:18,477 [s0@group-4AD7D8BDF6E4-LeaderStateImpl] WARN  server.RaftServer$Division (LeaderStateImpl.java:lambda$checkLeadership$19(1078)) - Follower s0@group-4AD7D8BDF6E4->s2(c0,m0,n1, attendVote=true, lastRpcSendTime=1563, lastRpcResponseTime=1701)
2023-03-28 15:13:18,477 [s0@group-4AD7D8BDF6E4-LeaderStateImpl] INFO  server.RaftServer$Division (RaftServerImpl.java:setRole(329)) - s0@group-4AD7D8BDF6E4: changes role from    LEADER to FOLLOWER at term 1 for StepDownReason:LOST_MAJORITY_HEARTBEATS
2023-03-28 15:13:18,477 [s0@group-4AD7D8BDF6E4-LeaderStateImpl] INFO  impl.RoleInfo (RoleInfo.java:shutdownLeaderState(93)) - s0: shutdown s0@group-4AD7D8BDF6E4-LeaderStateImpl
2023-03-28 15:13:18,478 [s0@group-4AD7D8BDF6E4-LeaderStateImpl] INFO  impl.PendingRequests (PendingRequests.java:sendNotLeaderResponses(289)) - s0@group-4AD7D8BDF6E4-PendingRequests: sendNotLeaderResponses
2023-03-28 15:13:18,478 [s0@group-4AD7D8BDF6E4-LeaderStateImpl] INFO  server.RaftServer$Division (ServerState.java:setLeader(260)) - s0@group-4AD7D8BDF6E4: change Leader from s0 to null at term 1 for StepDownReason:LOST_MAJORITY_HEARTBEATS
2023-03-28 15:13:18,478 [s0@group-4AD7D8BDF6E4-LeaderStateImpl] INFO  impl.RoleInfo (RoleInfo.java:updateAndGet(139)) - s0: start s0@group-4AD7D8BDF6E4-FollowerState
2023-03-28 15:13:18,480 [s0@group-4AD7D8BDF6E4->s1-GrpcLogAppender-LogAppenderDaemon] WARN  server.GrpcLogAppender (GrpcLogAppender.java:mayWait(195)) - s0@group-4AD7D8BDF6E4->s1-GrpcLogAppender: Wait interrupted by java.lang.InterruptedException
2023-03-28 15:13:18,484 [JvmPauseMonitor6] WARN  util.JvmPauseMonitor (JvmPauseMonitor.java:detectPause(124)) - JvmPauseMonitor-s2: Detected pause in JVM or host machine approximately 1.071s with 1.555s GC time.
GC pool 'G1 Young Generation' had collection(s): count=1 time=29ms
GC pool 'G1 Old Generation' had collection(s): count=1 time=1526ms
2023-03-28 15:13:18,481 [s0@group-4AD7D8BDF6E4->s2-GrpcLogAppender-LogAppenderDaemon] WARN  server.GrpcLogAppender (GrpcLogAppender.java:mayWait(195)) - s0@group-4AD7D8BDF6E4->s2-GrpcLogAppender: Wait interrupted by java.lang.InterruptedException
2023-03-28 15:13:18,481 [JvmPauseMonitor5] WARN  util.JvmPauseMonitor (JvmPauseMonitor.java:detectPause(124)) - JvmPauseMonitor-s1: Detected pause in JVM or host machine approximately 1.167s with 1.641s GC time.
GC pool 'G1 Young Generation' had collection(s): count=2 time=115ms
GC pool 'G1 Old Generation' had collection(s): count=1 time=1526ms
2023-03-28 15:13:18,507 [grpc-default-executor-4] INFO  server.GrpcServerProtocolService (GrpcServerProtocolService.java:onCompleted(145)) - s1: Completed APPEND_ENTRIES, lastRequest: null
2023-03-28 15:13:18,513 [grpc-default-executor-6] INFO  server.GrpcServerProtocolService (GrpcServerProtocolService.java:onCompleted(145)) - s2: Completed APPEND_ENTRIES, lastRequest: null
2023-03-28 15:13:18,513 [grpc-default-executor-0] INFO  server.GrpcLogAppender (GrpcLogAppender.java:onCompleted(422)) - s0@group-4AD7D8BDF6E4->s1-AppendLogResponseHandler: follower responses appendEntries COMPLETED
2023-03-28 15:13:18,515 [grpc-default-executor-0] INFO  leader.FollowerInfo (FollowerInfoImpl.java:lambda$new$0(52)) - s0@group-4AD7D8BDF6E4->s1: decreaseNextIndex nextIndex: updateUnconditionally 1 -> 0
2023-03-28 15:13:18,517 [grpc-default-executor-4] INFO  server.GrpcLogAppender (GrpcLogAppender.java:onCompleted(422)) - s0@group-4AD7D8BDF6E4->s2-AppendLogResponseHandler: follower responses appendEntries COMPLETED
2023-03-28 15:13:18,517 [grpc-default-executor-4] INFO  leader.FollowerInfo (FollowerInfoImpl.java:lambda$new$0(52)) - s0@group-4AD7D8BDF6E4->s2: decreaseNextIndex nextIndex: updateUnconditionally 1 -> 0
2023-03-28 15:13:18,755 [s0@group-4AD7D8BDF6E4-FollowerState] INFO  impl.FollowerState (FollowerState.java:lostMajorityHeartbeatsRecently(108)) - s0@group-4AD7D8BDF6E4-FollowerState: Skipping leader election since it stepped down recently (elapsed = 276ms < waitTime = 10s)
2023-03-28 15:13:18,920 [s1@group-4AD7D8BDF6E4-FollowerState] INFO  impl.FollowerState (FollowerState.java:run(143)) - s1@group-4AD7D8BDF6E4-FollowerState: change to CANDIDATE, lastRpcElapsedTime:438421368ns, electionTimeout:278ms
2023-03-28 15:13:18,920 [s1@group-4AD7D8BDF6E4-FollowerState] INFO  impl.RoleInfo (RoleInfo.java:shutdownFollowerState(110)) - s1: shutdown s1@group-4AD7D8BDF6E4-FollowerState
2023-03-28 15:13:18,920 [s1@group-4AD7D8BDF6E4-FollowerState] INFO  server.RaftServer$Division (RaftServerImpl.java:setRole(329)) - s1@group-4AD7D8BDF6E4: changes role from  FOLLOWER to CANDIDATE at term 1 for changeToCandidate
2023-03-28 15:13:18,920 [s1@group-4AD7D8BDF6E4-FollowerState] INFO  server.RaftServerConfigKeys (ConfUtils.java:logGet(46)) - raft.server.leaderelection.pre-vote = true (default)
2023-03-28 15:13:18,920 [s1@group-4AD7D8BDF6E4-FollowerState] INFO  impl.RoleInfo (RoleInfo.java:updateAndGet(139)) - s1: start s1@group-4AD7D8BDF6E4-LeaderElection4
2023-03-28 15:13:18,952 [s1@group-4AD7D8BDF6E4-LeaderElection4] INFO  server.RaftServer$Division (ServerState.java:setLeader(260)) - s1@group-4AD7D8BDF6E4: change Leader from s0 to null at term 1 for PRE_VOTE
2023-03-28 15:13:18,957 [s1@group-4AD7D8BDF6E4-LeaderElection4] INFO  impl.LeaderElection (LeaderElection.java:askForVotes(320)) - s1@group-4AD7D8BDF6E4-LeaderElection4 PRE_VOTE round 0: submit vote requests at term 1 for 0: peers:[s0|rpc:localhost:39189|admin:localhost:46309|client:localhost:42931|dataStream:localhost:35501|priority:0|startupRole:FOLLOWER, s1|rpc:localhost:42161|admin:localhost:45919|client:localhost:41703|dataStream:localhost:35503|priority:0|startupRole:FOLLOWER, s2|rpc:localhost:39003|admin:localhost:43283|client:localhost:38251|dataStream:localhost:44179|priority:0|startupRole:FOLLOWER]|listeners:[], old=null
2023-03-28 15:13:18,966 [s0@group-4AD7D8BDF6E4-FollowerState] INFO  impl.FollowerState (FollowerState.java:lostMajorityHeartbeatsRecently(108)) - s0@group-4AD7D8BDF6E4-FollowerState: Skipping leader election since it stepped down recently (elapsed = 487ms < waitTime = 10s)
2023-03-28 15:13:18,974 [s1@group-4AD7D8BDF6E4-LeaderElection4-1] INFO  server.GrpcServerProtocolClient (GrpcServerProtocolClient.java:<init>(65)) - Build channel for s0
2023-03-28 15:13:19,056 [s2@group-4AD7D8BDF6E4-FollowerState] INFO  impl.FollowerState (FollowerState.java:run(143)) - s2@group-4AD7D8BDF6E4-FollowerState: change to CANDIDATE, lastRpcElapsedTime:573498912ns, electionTimeout:285ms
2023-03-28 15:13:19,079 [s2@group-4AD7D8BDF6E4-FollowerState] INFO  impl.RoleInfo (RoleInfo.java:shutdownFollowerState(110)) - s2: shutdown s2@group-4AD7D8BDF6E4-FollowerState
2023-03-28 15:13:19,079 [s2@group-4AD7D8BDF6E4-FollowerState] INFO  server.RaftServer$Division (RaftServerImpl.java:setRole(329)) - s2@group-4AD7D8BDF6E4: changes role from  FOLLOWER to CANDIDATE at term 1 for changeToCandidate
2023-03-28 15:13:19,079 [s2@group-4AD7D8BDF6E4-FollowerState] INFO  server.RaftServerConfigKeys (ConfUtils.java:logGet(46)) - raft.server.leaderelection.pre-vote = true (default)
2023-03-28 15:13:19,079 [s2@group-4AD7D8BDF6E4-FollowerState] INFO  impl.RoleInfo (RoleInfo.java:updateAndGet(139)) - s2: start s2@group-4AD7D8BDF6E4-LeaderElection5
2023-03-28 15:13:19,024 [s1@group-4AD7D8BDF6E4-LeaderElection4-2] INFO  server.GrpcServerProtocolClient (GrpcServerProtocolClient.java:<init>(65)) - Build channel for s2
2023-03-28 15:13:19,153 [s2@group-4AD7D8BDF6E4-LeaderElection5] INFO  server.RaftServer$Division (ServerState.java:setLeader(260)) - s2@group-4AD7D8BDF6E4: change Leader from s0 to null at term 1 for PRE_VOTE
2023-03-28 15:13:19,153 [grpc-default-executor-4] INFO  server.RaftServer$Division (RaftServerImpl.java:requestVote(1300)) - s2@group-4AD7D8BDF6E4: receive requestVote(PRE_VOTE, s1, group-4AD7D8BDF6E4, 1, (t:1, i:0))
2023-03-28 15:13:19,153 [grpc-default-executor-0] INFO  server.RaftServer$Division (RaftServerImpl.java:requestVote(1300)) - s0@group-4AD7D8BDF6E4: receive requestVote(PRE_VOTE, s1, group-4AD7D8BDF6E4, 1, (t:1, i:0))
2023-03-28 15:13:19,153 [grpc-default-executor-4] INFO  impl.VoteContext (VoteContext.java:log(49)) - s2@group-4AD7D8BDF6E4-CANDIDATE: accept PRE_VOTE from s1: our priority 0 <= candidate's priority 0
2023-03-28 15:13:19,153 [grpc-default-executor-0] INFO  impl.VoteContext (VoteContext.java:log(49)) - s0@group-4AD7D8BDF6E4-FOLLOWER: accept PRE_VOTE from s1: our priority 0 <= candidate's priority 0
2023-03-28 15:13:19,154 [grpc-default-executor-4] INFO  server.RaftServer$Division (RaftServerImpl.java:requestVote(1333)) - s2@group-4AD7D8BDF6E4 replies to PRE_VOTE vote request: s1<-s2#0:OK-t1. Peer's state: s2@group-4AD7D8BDF6E4:t1, leader=null, voted=s0, raftlog=Memoized:s2@group-4AD7D8BDF6E4-SegmentedRaftLog:OPENED:c0, conf=0: peers:[s0|rpc:localhost:39189|admin:localhost:46309|client:localhost:42931|dataStream:localhost:35501|priority:0|startupRole:FOLLOWER, s1|rpc:localhost:42161|admin:localhost:45919|client:localhost:41703|dataStream:localhost:35503|priority:0|startupRole:FOLLOWER, s2|rpc:localhost:39003|admin:localhost:43283|client:localhost:38251|dataStream:localhost:44179|priority:0|startupRole:FOLLOWER]|listeners:[], old=null
2023-03-28 15:13:19,154 [grpc-default-executor-0] INFO  server.RaftServer$Division (RaftServerImpl.java:requestVote(1333)) - s0@group-4AD7D8BDF6E4 replies to PRE_VOTE vote request: s1<-s0#0:OK-t1. Peer's state: s0@group-4AD7D8BDF6E4:t1, leader=null, voted=s0, raftlog=Memoized:s0@group-4AD7D8BDF6E4-SegmentedRaftLog:OPENED:c0, conf=0: peers:[s0|rpc:localhost:39189|admin:localhost:46309|client:localhost:42931|dataStream:localhost:35501|priority:0|startupRole:FOLLOWER, s1|rpc:localhost:42161|admin:localhost:45919|client:localhost:41703|dataStream:localhost:35503|priority:0|startupRole:FOLLOWER, s2|rpc:localhost:39003|admin:localhost:43283|client:localhost:38251|dataStream:localhost:44179|priority:0|startupRole:FOLLOWER]|listeners:[], old=null
2023-03-28 15:13:19,160 [s1@group-4AD7D8BDF6E4-LeaderElection4] INFO  impl.LeaderElection (LeaderElection.java:logAndReturn(89)) - s1@group-4AD7D8BDF6E4-LeaderElection4: PRE_VOTE PASSED received 1 response(s) and 0 exception(s):
2023-03-28 15:13:19,160 [s1@group-4AD7D8BDF6E4-LeaderElection4] INFO  impl.LeaderElection (LeaderElection.java:logAndReturn(93)) -   Response 0: s1<-s2#0:OK-t1
2023-03-28 15:13:19,160 [s1@group-4AD7D8BDF6E4-LeaderElection4] INFO  impl.LeaderElection (LeaderElection.java:askForVotes(322)) - s1@group-4AD7D8BDF6E4-LeaderElection4 PRE_VOTE round 0: result PASSED
2023-03-28 15:13:19,169 [s1@group-4AD7D8BDF6E4-LeaderElection4] INFO  impl.LeaderElection (LeaderElection.java:askForVotes(320)) - s1@group-4AD7D8BDF6E4-LeaderElection4 ELECTION round 0: submit vote requests at term 2 for 0: peers:[s0|rpc:localhost:39189|admin:localhost:46309|client:localhost:42931|dataStream:localhost:35501|priority:0|startupRole:FOLLOWER, s1|rpc:localhost:42161|admin:localhost:45919|client:localhost:41703|dataStream:localhost:35503|priority:0|startupRole:FOLLOWER, s2|rpc:localhost:39003|admin:localhost:43283|client:localhost:38251|dataStream:localhost:44179|priority:0|startupRole:FOLLOWER]|listeners:[], old=null
2023-03-28 15:13:19,153 [s2@group-4AD7D8BDF6E4-LeaderElection5] INFO  impl.LeaderElection (LeaderElection.java:askForVotes(320)) - s2@group-4AD7D8BDF6E4-LeaderElection5 PRE_VOTE round 0: submit vote requests at term 1 for 0: peers:[s0|rpc:localhost:39189|admin:localhost:46309|client:localhost:42931|dataStream:localhost:35501|priority:0|startupRole:FOLLOWER, s1|rpc:localhost:42161|admin:localhost:45919|client:localhost:41703|dataStream:localhost:35503|priority:0|startupRole:FOLLOWER, s2|rpc:localhost:39003|admin:localhost:43283|client:localhost:38251|dataStream:localhost:44179|priority:0|startupRole:FOLLOWER]|listeners:[], old=null
2023-03-28 15:13:19,278 [grpc-default-executor-4] INFO  server.RaftServer$Division (RaftServerImpl.java:requestVote(1300)) - s0@group-4AD7D8BDF6E4: receive requestVote(ELECTION, s1, group-4AD7D8BDF6E4, 2, (t:1, i:0))
2023-03-28 15:13:19,278 [s2@group-4AD7D8BDF6E4-LeaderElection5-1] INFO  server.GrpcServerProtocolClient (GrpcServerProtocolClient.java:<init>(65)) - Build channel for s0
2023-03-28 15:13:19,278 [grpc-default-executor-4] INFO  impl.VoteContext (VoteContext.java:log(49)) - s0@group-4AD7D8BDF6E4-FOLLOWER: accept ELECTION from s1: our priority 0 <= candidate's priority 0
2023-03-28 15:13:19,278 [grpc-default-executor-4] INFO  server.RaftServer$Division (RaftServerImpl.java:setRole(329)) - s0@group-4AD7D8BDF6E4: changes role from  FOLLOWER to FOLLOWER at term 2 for candidate:s1
2023-03-28 15:13:19,278 [grpc-default-executor-4] INFO  impl.RoleInfo (RoleInfo.java:shutdownFollowerState(110)) - s0: shutdown s0@group-4AD7D8BDF6E4-FollowerState
2023-03-28 15:13:19,278 [grpc-default-executor-4] INFO  impl.RoleInfo (RoleInfo.java:updateAndGet(139)) - s0: start s0@group-4AD7D8BDF6E4-FollowerState
2023-03-28 15:13:19,278 [s0@group-4AD7D8BDF6E4-FollowerState] INFO  impl.FollowerState (FollowerState.java:run(152)) - s0@group-4AD7D8BDF6E4-FollowerState was interrupted
2023-03-28 15:13:19,301 [grpc-default-executor-0] INFO  server.RaftServer$Division (RaftServerImpl.java:requestVote(1300)) - s2@group-4AD7D8BDF6E4: receive requestVote(ELECTION, s1, group-4AD7D8BDF6E4, 2, (t:1, i:0))
2023-03-28 15:13:19,301 [grpc-default-executor-0] INFO  impl.VoteContext (VoteContext.java:log(49)) - s2@group-4AD7D8BDF6E4-CANDIDATE: accept ELECTION from s1: our priority 0 <= candidate's priority 0
2023-03-28 15:13:19,301 [grpc-default-executor-0] INFO  server.RaftServer$Division (RaftServerImpl.java:setRole(329)) - s2@group-4AD7D8BDF6E4: changes role from CANDIDATE to FOLLOWER at term 2 for candidate:s1
2023-03-28 15:13:19,301 [grpc-default-executor-0] INFO  impl.RoleInfo (RoleInfo.java:shutdownLeaderElection(130)) - s2: shutdown s2@group-4AD7D8BDF6E4-LeaderElection5
2023-03-28 15:13:19,301 [grpc-default-executor-0] INFO  impl.RoleInfo (RoleInfo.java:updateAndGet(139)) - s2: start s2@group-4AD7D8BDF6E4-FollowerState
2023-03-28 15:13:19,302 [grpc-default-executor-6] INFO  server.RaftServer$Division (RaftServerImpl.java:requestVote(1300)) - s0@group-4AD7D8BDF6E4: receive requestVote(PRE_VOTE, s2, group-4AD7D8BDF6E4, 1, (t:1, i:0))
2023-03-28 15:13:19,304 [s2@group-4AD7D8BDF6E4-LeaderElection5-2] INFO  server.GrpcServerProtocolClient (GrpcServerProtocolClient.java:<init>(65)) - Build channel for s1
2023-03-28 15:13:19,305 [grpc-default-executor-0] INFO  server.RaftServer$Division (RaftServerImpl.java:requestVote(1333)) - s2@group-4AD7D8BDF6E4 replies to ELECTION vote request: s1<-s2#0:OK-t2. Peer's state: s2@group-4AD7D8BDF6E4:t2, leader=null, voted=s1, raftlog=Memoized:s2@group-4AD7D8BDF6E4-SegmentedRaftLog:OPENED:c0, conf=0: peers:[s0|rpc:localhost:39189|admin:localhost:46309|client:localhost:42931|dataStream:localhost:35501|priority:0|startupRole:FOLLOWER, s1|rpc:localhost:42161|admin:localhost:45919|client:localhost:41703|dataStream:localhost:35503|priority:0|startupRole:FOLLOWER, s2|rpc:localhost:39003|admin:localhost:43283|client:localhost:38251|dataStream:localhost:44179|priority:0|startupRole:FOLLOWER]|listeners:[], old=null
2023-03-28 15:13:19,312 [grpc-default-executor-4] INFO  server.RaftServer$Division (RaftServerImpl.java:requestVote(1333)) - s0@group-4AD7D8BDF6E4 replies to ELECTION vote request: s1<-s0#0:OK-t2. Peer's state: s0@group-4AD7D8BDF6E4:t2, leader=null, voted=s1, raftlog=Memoized:s0@group-4AD7D8BDF6E4-SegmentedRaftLog:OPENED:c0, conf=0: peers:[s0|rpc:localhost:39189|admin:localhost:46309|client:localhost:42931|dataStream:localhost:35501|priority:0|startupRole:FOLLOWER, s1|rpc:localhost:42161|admin:localhost:45919|client:localhost:41703|dataStream:localhost:35503|priority:0|startupRole:FOLLOWER, s2|rpc:localhost:39003|admin:localhost:43283|client:localhost:38251|dataStream:localhost:44179|priority:0|startupRole:FOLLOWER]|listeners:[], old=null
2023-03-28 15:13:19,313 [grpc-default-executor-6] INFO  impl.VoteContext (VoteContext.java:log(49)) - s0@group-4AD7D8BDF6E4-FOLLOWER: accept PRE_VOTE from s2: our priority 0 <= candidate's priority 0
2023-03-28 15:13:19,313 [grpc-default-executor-6] INFO  server.RaftServer$Division (RaftServerImpl.java:requestVote(1333)) - s0@group-4AD7D8BDF6E4 replies to PRE_VOTE vote request: s2<-s0#0:OK-t2. Peer's state: s0@group-4AD7D8BDF6E4:t2, leader=null, voted=s1, raftlog=Memoized:s0@group-4AD7D8BDF6E4-SegmentedRaftLog:OPENED:c0, conf=0: peers:[s0|rpc:localhost:39189|admin:localhost:46309|client:localhost:42931|dataStream:localhost:35501|priority:0|startupRole:FOLLOWER, s1|rpc:localhost:42161|admin:localhost:45919|client:localhost:41703|dataStream:localhost:35503|priority:0|startupRole:FOLLOWER, s2|rpc:localhost:39003|admin:localhost:43283|client:localhost:38251|dataStream:localhost:44179|priority:0|startupRole:FOLLOWER]|listeners:[], old=null
2023-03-28 15:13:19,315 [s2@group-4AD7D8BDF6E4-LeaderElection5] INFO  impl.LeaderElection (LeaderElection.java:logAndReturn(89)) - s2@group-4AD7D8BDF6E4-LeaderElection5: PRE_VOTE DISCOVERED_A_NEW_TERM (term=2) received 1 response(s) and 0 exception(s):
2023-03-28 15:13:19,315 [s2@group-4AD7D8BDF6E4-LeaderElection5] INFO  impl.LeaderElection (LeaderElection.java:logAndReturn(93)) -   Response 0: s2<-s0#0:OK-t2
2023-03-28 15:13:19,315 [s2@group-4AD7D8BDF6E4-LeaderElection5] INFO  impl.LeaderElection (LeaderElection.java:askForVotes(322)) - s2@group-4AD7D8BDF6E4-LeaderElection5 PRE_VOTE round 0: result DISCOVERED_A_NEW_TERM (term=2)
2023-03-28 15:13:19,329 [s1@group-4AD7D8BDF6E4-LeaderElection4] INFO  impl.LeaderElection (LeaderElection.java:logAndReturn(89)) - s1@group-4AD7D8BDF6E4-LeaderElection4: ELECTION PASSED received 1 response(s) and 0 exception(s):
2023-03-28 15:13:19,329 [s1@group-4AD7D8BDF6E4-LeaderElection4] INFO  impl.LeaderElection (LeaderElection.java:logAndReturn(93)) -   Response 0: s1<-s0#0:OK-t2
2023-03-28 15:13:19,329 [s1@group-4AD7D8BDF6E4-LeaderElection4] INFO  impl.LeaderElection (LeaderElection.java:askForVotes(322)) - s1@group-4AD7D8BDF6E4-LeaderElection4 ELECTION round 0: result PASSED
2023-03-28 15:13:19,329 [s1@group-4AD7D8BDF6E4-LeaderElection4] INFO  impl.RoleInfo (RoleInfo.java:shutdownLeaderElection(130)) - s1: shutdown s1@group-4AD7D8BDF6E4-LeaderElection4
2023-03-28 15:13:19,329 [s1@group-4AD7D8BDF6E4-LeaderElection4] INFO  server.RaftServer$Division (RaftServerImpl.java:setRole(329)) - s1@group-4AD7D8BDF6E4: changes role from CANDIDATE to LEADER at term 2 for changeToLeader
2023-03-28 15:13:19,329 [s1@group-4AD7D8BDF6E4-LeaderElection4] INFO  server.RaftServer$Division (ServerState.java:setLeader(260)) - s1@group-4AD7D8BDF6E4: change Leader from null to s1 at term 2 for becomeLeader, leader elected after 376ms
2023-03-28 15:13:19,329 [s1@group-4AD7D8BDF6E4-LeaderElection4] INFO  server.RaftServerConfigKeys (ConfUtils.java:logGet(46)) - raft.server.staging.catchup.gap = 1000 (default)
2023-03-28 15:13:19,329 [s1@group-4AD7D8BDF6E4-LeaderElection4] INFO  server.RaftServerConfigKeys (ConfUtils.java:logGet(46)) - raft.server.write.element-limit = 4096 (default)
2023-03-28 15:13:19,329 [s1@group-4AD7D8BDF6E4-LeaderElection4] INFO  server.RaftServerConfigKeys (ConfUtils.java:logGet(46)) - raft.server.write.byte-limit = 64MB (=67108864) (default)
2023-03-28 15:13:19,330 [s1@group-4AD7D8BDF6E4-LeaderElection4] INFO  server.RaftServerConfigKeys (ConfUtils.java:logGet(46)) - raft.server.watch.timeout = 10s (default)
2023-03-28 15:13:19,330 [s1@group-4AD7D8BDF6E4-LeaderElection4] INFO  server.RaftServerConfigKeys (ConfUtils.java:logGet(46)) - raft.server.watch.timeout.denomination = 1s (default)
2023-03-28 15:13:19,330 [s1@group-4AD7D8BDF6E4-LeaderElection4] INFO  server.RaftServerConfigKeys (ConfUtils.java:logGet(46)) - raft.server.watch.element-limit = 65536 (default)
2023-03-28 15:13:19,330 [s1@group-4AD7D8BDF6E4-LeaderElection4] INFO  server.RaftServerConfigKeys (ConfUtils.java:logGet(46)) - raft.server.write.element-limit = 4096 (default)
2023-03-28 15:13:19,330 [s1@group-4AD7D8BDF6E4-LeaderElection4] INFO  server.RaftServerConfigKeys (ConfUtils.java:logGet(46)) - raft.server.write.follower.gap.ratio.max = -1.0 (default)
2023-03-28 15:13:19,330 [s1@group-4AD7D8BDF6E4-LeaderElection4] INFO  server.RaftServerConfigKeys (ConfUtils.java:logGet(46)) - raft.server.log.appender.snapshot.chunk.size.max = 16MB (=16777216) (default)
2023-03-28 15:13:19,330 [s1@group-4AD7D8BDF6E4-LeaderElection4] INFO  server.RaftServerConfigKeys (ConfUtils.java:logGet(46)) - raft.server.log.appender.buffer.byte-limit = 4MB (=4194304) (default)
2023-03-28 15:13:19,330 [s1@group-4AD7D8BDF6E4-LeaderElection4] INFO  server.RaftServerConfigKeys (ConfUtils.java:logGet(46)) - raft.server.log.appender.buffer.element-limit = 0 (default)
2023-03-28 15:13:19,330 [s1@group-4AD7D8BDF6E4-LeaderElection4] INFO  server.RaftServerConfigKeys (ConfUtils.java:logGet(46)) - raft.server.log.appender.wait-time.min = 10ms (default)
2023-03-28 15:13:19,330 [s1@group-4AD7D8BDF6E4-LeaderElection4] INFO  grpc.GrpcConfigKeys (ConfUtils.java:logGet(46)) - raft.grpc.server.leader.outstanding.appends.max = 128 (default)
2023-03-28 15:13:19,331 [s1@group-4AD7D8BDF6E4-LeaderElection4] INFO  server.RaftServerConfigKeys (ConfUtils.java:logGet(46)) - raft.server.rpc.request.timeout = 3000ms (default)
2023-03-28 15:13:19,331 [s1@group-4AD7D8BDF6E4-LeaderElection4] INFO  grpc.GrpcConfigKeys (ConfUtils.java:logGet(46)) - raft.grpc.server.install_snapshot.request.element-limit = 8 (default)
2023-03-28 15:13:19,331 [s1@group-4AD7D8BDF6E4-LeaderElection4] INFO  grpc.GrpcConfigKeys (ConfUtils.java:logGet(46)) - raft.grpc.server.install_snapshot.request.timeout = 3000ms (default)
2023-03-28 15:13:19,331 [s1@group-4AD7D8BDF6E4-LeaderElection4] INFO  server.RaftServerConfigKeys (ConfUtils.java:logGet(46)) - raft.server.log.appender.install.snapshot.enabled = true (default)
2023-03-28 15:13:19,331 [s1@group-4AD7D8BDF6E4-LeaderElection4] INFO  grpc.GrpcConfigKeys (ConfUtils.java:logGet(46)) - raft.grpc.server.heartbeat.channel = true (default)
2023-03-28 15:13:19,331 [s1@group-4AD7D8BDF6E4-LeaderElection4] INFO  server.RaftServerConfigKeys (ConfUtils.java:logGet(46)) - raft.server.log.appender.snapshot.chunk.size.max = 16MB (=16777216) (default)
2023-03-28 15:13:19,331 [s1@group-4AD7D8BDF6E4-LeaderElection4] INFO  server.RaftServerConfigKeys (ConfUtils.java:logGet(46)) - raft.server.log.appender.buffer.byte-limit = 4MB (=4194304) (default)
2023-03-28 15:13:19,331 [s1@group-4AD7D8BDF6E4-LeaderElection4] INFO  server.RaftServerConfigKeys (ConfUtils.java:logGet(46)) - raft.server.log.appender.buffer.element-limit = 0 (default)
2023-03-28 15:13:19,331 [s1@group-4AD7D8BDF6E4-LeaderElection4] INFO  server.RaftServerConfigKeys (ConfUtils.java:logGet(46)) - raft.server.log.appender.wait-time.min = 10ms (default)
2023-03-28 15:13:19,331 [s1@group-4AD7D8BDF6E4-LeaderElection4] INFO  grpc.GrpcConfigKeys (ConfUtils.java:logGet(46)) - raft.grpc.server.leader.outstanding.appends.max = 128 (default)
2023-03-28 15:13:19,331 [s1@group-4AD7D8BDF6E4-LeaderElection4] INFO  server.RaftServerConfigKeys (ConfUtils.java:logGet(46)) - raft.server.rpc.request.timeout = 3000ms (default)
2023-03-28 15:13:19,331 [s1@group-4AD7D8BDF6E4-LeaderElection4] INFO  grpc.GrpcConfigKeys (ConfUtils.java:logGet(46)) - raft.grpc.server.install_snapshot.request.element-limit = 8 (default)
2023-03-28 15:13:19,331 [s1@group-4AD7D8BDF6E4-LeaderElection4] INFO  grpc.GrpcConfigKeys (ConfUtils.java:logGet(46)) - raft.grpc.server.install_snapshot.request.timeout = 3000ms (default)
2023-03-28 15:13:19,350 [grpc-default-executor-0] INFO  server.RaftServer$Division (RaftServerImpl.java:requestVote(1300)) - s1@group-4AD7D8BDF6E4: receive requestVote(PRE_VOTE, s2, group-4AD7D8BDF6E4, 1, (t:1, i:0))
2023-03-28 15:13:19,352 [s1@group-4AD7D8BDF6E4-LeaderElection4] INFO  server.RaftServerConfigKeys (ConfUtils.java:logGet(46)) - raft.server.log.appender.install.snapshot.enabled = true (default)
2023-03-28 15:13:19,352 [s1@group-4AD7D8BDF6E4-LeaderElection4] INFO  grpc.GrpcConfigKeys (ConfUtils.java:logGet(46)) - raft.grpc.server.heartbeat.channel = true (default)
2023-03-28 15:13:19,355 [s1@group-4AD7D8BDF6E4-LeaderElection4] INFO  impl.RoleInfo (RoleInfo.java:updateAndGet(139)) - s1: start s1@group-4AD7D8BDF6E4-LeaderStateImpl
2023-03-28 15:13:19,367 [s1@group-4AD7D8BDF6E4-LeaderElection4] INFO  segmented.SegmentedRaftLogWorker (SegmentedRaftLogWorker.java:rollLogSegment(431)) - s1@group-4AD7D8BDF6E4-SegmentedRaftLogWorker: Rolling segment log-0_0 to index:0
2023-03-28 15:13:19,375 [s1@group-4AD7D8BDF6E4-SegmentedRaftLogWorker] TRACE util.FileUtils (LogUtils.java:runAndLog(49)) - Successfully ran Atomic Files.move /home/runner/work/ratis/ratis/ratis-test/target/test/data/2b0b63e9/MiniRaftClusterWithRpcTypeGrpcAndDataStreamTypeNetty8bd798c8/s1/b2440a32-6ec4-4a03-8d45-4ad7d8bdf6e4/current/log_inprogress_0 to /home/runner/work/ratis/ratis/ratis-test/target/test/data/2b0b63e9/MiniRaftClusterWithRpcTypeGrpcAndDataStreamTypeNetty8bd798c8/s1/b2440a32-6ec4-4a03-8d45-4ad7d8bdf6e4/current/log_0-0
2023-03-28 15:13:19,375 [s1@group-4AD7D8BDF6E4-SegmentedRaftLogWorker] INFO  segmented.SegmentedRaftLogWorker (SegmentedRaftLogWorker.java:execute(587)) - s1@group-4AD7D8BDF6E4-SegmentedRaftLogWorker: Rolled log segment from /home/runner/work/ratis/ratis/ratis-test/target/test/data/2b0b63e9/MiniRaftClusterWithRpcTypeGrpcAndDataStreamTypeNetty8bd798c8/s1/b2440a32-6ec4-4a03-8d45-4ad7d8bdf6e4/current/log_inprogress_0 to /home/runner/work/ratis/ratis/ratis-test/target/test/data/2b0b63e9/MiniRaftClusterWithRpcTypeGrpcAndDataStreamTypeNetty8bd798c8/s1/b2440a32-6ec4-4a03-8d45-4ad7d8bdf6e4/current/log_0-0
2023-03-28 15:13:19,391 [grpc-default-executor-7] INFO  server.GrpcServerProtocolService (GrpcServerProtocolService.java:onCompleted(145)) - s2: Completed APPEND_ENTRIES, lastRequest: s0->s2#1-t1,previous=(t:0, i:0),leaderCommit=-1,initializing? true,entries: size=1, first=(t:1, i:0), CONFIGURATIONENTRY(current:id: "s0"
address: "localhost:39189"
dataStreamAddress: "localhost:35501"
clientAddress: "localhost:42931"
adminAddress: "localhost:46309"
startupRole: FOLLOWER
,id: "s1"
address: "localhost:42161"
dataStreamAddress: "localhost:35503"
clientAddress: "localhost:41703"
adminAddress: "localhost:45919"
startupRole: FOLLOWER
,id: "s2"
address: "localhost:39003"
dataStreamAddress: "localhost:44179"
clientAddress: "localhost:38251"
adminAddress: "localhost:43283"
startupRole: FOLLOWER
, old:)
2023-03-28 15:13:19,392 [grpc-default-executor-1] INFO  server.GrpcServerProtocolService (GrpcServerProtocolService.java:onCompleted(145)) - s1: Completed APPEND_ENTRIES, lastRequest: s0->s1#1-t1,previous=(t:0, i:0),leaderCommit=-1,initializing? true,entries: size=1, first=(t:1, i:0), CONFIGURATIONENTRY(current:id: "s0"
address: "localhost:39189"
dataStreamAddress: "localhost:35501"
clientAddress: "localhost:42931"
adminAddress: "localhost:46309"
startupRole: FOLLOWER
,id: "s1"
address: "localhost:42161"
dataStreamAddress: "localhost:35503"
clientAddress: "localhost:41703"
adminAddress: "localhost:45919"
startupRole: FOLLOWER
,id: "s2"
address: "localhost:39003"
dataStreamAddress: "localhost:44179"
clientAddress: "localhost:38251"
adminAddress: "localhost:43283"
startupRole: FOLLOWER
, old:)
2023-03-28 15:13:19,398 [grpc-default-executor-4] INFO  server.GrpcLogAppender (GrpcLogAppender.java:onCompleted(422)) - s0@group-4AD7D8BDF6E4->s2-AppendLogResponseHandler: follower responses appendEntries COMPLETED
2023-03-28 15:13:19,398 [grpc-default-executor-4] INFO  server.GrpcLogAppender (GrpcLogAppender.java:onCompleted(422)) - s0@group-4AD7D8BDF6E4->s1-AppendLogResponseHandler: follower responses appendEntries COMPLETED
2023-03-28 15:13:19,408 [s1@group-4AD7D8BDF6E4-SegmentedRaftLogWorker] INFO  segmented.SegmentedRaftLogWorker (SegmentedRaftLogWorker.java:execute(630)) - s1@group-4AD7D8BDF6E4-SegmentedRaftLogWorker: created new log segment /home/runner/work/ratis/ratis/ratis-test/target/test/data/2b0b63e9/MiniRaftClusterWithRpcTypeGrpcAndDataStreamTypeNetty8bd798c8/s1/b2440a32-6ec4-4a03-8d45-4ad7d8bdf6e4/current/log_inprogress_1
2023-03-28 15:13:19,450 [s1@group-4AD7D8BDF6E4-LeaderElection4] INFO  server.RaftServer$Division (ServerState.java:setRaftConf(377)) - s1@group-4AD7D8BDF6E4: set configuration 1: peers:[s0|rpc:localhost:39189|admin:localhost:46309|client:localhost:42931|dataStream:localhost:35501|priority:0|startupRole:FOLLOWER, s1|rpc:localhost:42161|admin:localhost:45919|client:localhost:41703|dataStream:localhost:35503|priority:0|startupRole:FOLLOWER, s2|rpc:localhost:39003|admin:localhost:43283|client:localhost:38251|dataStream:localhost:44179|priority:0|startupRole:FOLLOWER]|listeners:[], old=null
2023-03-28 15:13:19,451 [s0-server-thread1] INFO  server.RaftServer$Division (ServerState.java:setLeader(260)) - s0@group-4AD7D8BDF6E4: change Leader from null to s1 at term 2 for appendEntries, leader elected after 973ms
2023-03-28 15:13:19,453 [s0-server-thread3] INFO  server.RaftServer$Division (ServerState.java:setRaftConf(377)) - s0@group-4AD7D8BDF6E4: set configuration 1: peers:[s0|rpc:localhost:39189|admin:localhost:46309|client:localhost:42931|dataStream:localhost:35501|priority:0|startupRole:FOLLOWER, s1|rpc:localhost:42161|admin:localhost:45919|client:localhost:41703|dataStream:localhost:35503|priority:0|startupRole:FOLLOWER, s2|rpc:localhost:39003|admin:localhost:43283|client:localhost:38251|dataStream:localhost:44179|priority:0|startupRole:FOLLOWER]|listeners:[], old=null
2023-03-28 15:13:19,469 [s2-server-thread1] INFO  server.RaftServer$Division (ServerState.java:setLeader(260)) - s2@group-4AD7D8BDF6E4: change Leader from null to s1 at term 2 for appendEntries, leader elected after 316ms
2023-03-28 15:13:19,458 [grpc-default-executor-0] INFO  impl.VoteContext (VoteContext.java:log(49)) - s1@group-4AD7D8BDF6E4-LEADER: reject PRE_VOTE from s2: this server is the leader and still has leadership
2023-03-28 15:13:19,509 [s2-server-thread1] INFO  server.RaftServer$Division (ServerState.java:setRaftConf(377)) - s2@group-4AD7D8BDF6E4: set configuration 1: peers:[s0|rpc:localhost:39189|admin:localhost:46309|client:localhost:42931|dataStream:localhost:35501|priority:0|startupRole:FOLLOWER, s1|rpc:localhost:42161|admin:localhost:45919|client:localhost:41703|dataStream:localhost:35503|priority:0|startupRole:FOLLOWER, s2|rpc:localhost:39003|admin:localhost:43283|client:localhost:38251|dataStream:localhost:44179|priority:0|startupRole:FOLLOWER]|listeners:[], old=null
2023-03-28 15:13:19,509 [grpc-default-executor-0] INFO  server.RaftServer$Division (RaftServerImpl.java:requestVote(1333)) - s1@group-4AD7D8BDF6E4 replies to PRE_VOTE vote request: s2<-s1#0:FAIL-t2. Peer's state: s1@group-4AD7D8BDF6E4:t2, leader=s1, voted=s1, raftlog=Memoized:s1@group-4AD7D8BDF6E4-SegmentedRaftLog:OPENED:c0, conf=1: peers:[s0|rpc:localhost:39189|admin:localhost:46309|client:localhost:42931|dataStream:localhost:35501|priority:0|startupRole:FOLLOWER, s1|rpc:localhost:42161|admin:localhost:45919|client:localhost:41703|dataStream:localhost:35503|priority:0|startupRole:FOLLOWER, s2|rpc:localhost:39003|admin:localhost:43283|client:localhost:38251|dataStream:localhost:44179|priority:0|startupRole:FOLLOWER]|listeners:[], old=null
2023-03-28 15:13:19,509 [s2-server-thread1] INFO  segmented.SegmentedRaftLogWorker (SegmentedRaftLogWorker.java:rollLogSegment(431)) - s2@group-4AD7D8BDF6E4-SegmentedRaftLogWorker: Rolling segment log-0_0 to index:0
2023-03-28 15:13:19,510 [s0-server-thread3] INFO  segmented.SegmentedRaftLogWorker (SegmentedRaftLogWorker.java:rollLogSegment(431)) - s0@group-4AD7D8BDF6E4-SegmentedRaftLogWorker: Rolling segment log-0_0 to index:0
2023-03-28 15:13:19,510 [s2@group-4AD7D8BDF6E4-SegmentedRaftLogWorker] TRACE util.FileUtils (LogUtils.java:runAndLog(49)) - Successfully ran Atomic Files.move /home/runner/work/ratis/ratis/ratis-test/target/test/data/2b0b63e9/MiniRaftClusterWithRpcTypeGrpcAndDataStreamTypeNetty8bd798c8/s2/b2440a32-6ec4-4a03-8d45-4ad7d8bdf6e4/current/log_inprogress_0 to /home/runner/work/ratis/ratis/ratis-test/target/test/data/2b0b63e9/MiniRaftClusterWithRpcTypeGrpcAndDataStreamTypeNetty8bd798c8/s2/b2440a32-6ec4-4a03-8d45-4ad7d8bdf6e4/current/log_0-0
2023-03-28 15:13:19,510 [s2@group-4AD7D8BDF6E4-SegmentedRaftLogWorker] INFO  segmented.SegmentedRaftLogWorker (SegmentedRaftLogWorker.java:execute(587)) - s2@group-4AD7D8BDF6E4-SegmentedRaftLogWorker: Rolled log segment from /home/runner/work/ratis/ratis/ratis-test/target/test/data/2b0b63e9/MiniRaftClusterWithRpcTypeGrpcAndDataStreamTypeNetty8bd798c8/s2/b2440a32-6ec4-4a03-8d45-4ad7d8bdf6e4/current/log_inprogress_0 to /home/runner/work/ratis/ratis/ratis-test/target/test/data/2b0b63e9/MiniRaftClusterWithRpcTypeGrpcAndDataStreamTypeNetty8bd798c8/s2/b2440a32-6ec4-4a03-8d45-4ad7d8bdf6e4/current/log_0-0
2023-03-28 15:13:19,511 [s0@group-4AD7D8BDF6E4-SegmentedRaftLogWorker] TRACE util.FileUtils (LogUtils.java:runAndLog(49)) - Successfully ran Atomic Files.move /home/runner/work/ratis/ratis/ratis-test/target/test/data/2b0b63e9/MiniRaftClusterWithRpcTypeGrpcAndDataStreamTypeNetty8bd798c8/s0/b2440a32-6ec4-4a03-8d45-4ad7d8bdf6e4/current/log_inprogress_0 to /home/runner/work/ratis/ratis/ratis-test/target/test/data/2b0b63e9/MiniRaftClusterWithRpcTypeGrpcAndDataStreamTypeNetty8bd798c8/s0/b2440a32-6ec4-4a03-8d45-4ad7d8bdf6e4/current/log_0-0
2023-03-28 15:13:19,511 [s0@group-4AD7D8BDF6E4-SegmentedRaftLogWorker] INFO  segmented.SegmentedRaftLogWorker (SegmentedRaftLogWorker.java:execute(587)) - s0@group-4AD7D8BDF6E4-SegmentedRaftLogWorker: Rolled log segment from /home/runner/work/ratis/ratis/ratis-test/target/test/data/2b0b63e9/MiniRaftClusterWithRpcTypeGrpcAndDataStreamTypeNetty8bd798c8/s0/b2440a32-6ec4-4a03-8d45-4ad7d8bdf6e4/current/log_inprogress_0 to /home/runner/work/ratis/ratis/ratis-test/target/test/data/2b0b63e9/MiniRaftClusterWithRpcTypeGrpcAndDataStreamTypeNetty8bd798c8/s0/b2440a32-6ec4-4a03-8d45-4ad7d8bdf6e4/current/log_0-0
2023-03-28 15:13:19,532 [s2@group-4AD7D8BDF6E4-SegmentedRaftLogWorker] INFO  segmented.SegmentedRaftLogWorker (SegmentedRaftLogWorker.java:execute(630)) - s2@group-4AD7D8BDF6E4-SegmentedRaftLogWorker: created new log segment /home/runner/work/ratis/ratis/ratis-test/target/test/data/2b0b63e9/MiniRaftClusterWithRpcTypeGrpcAndDataStreamTypeNetty8bd798c8/s2/b2440a32-6ec4-4a03-8d45-4ad7d8bdf6e4/current/log_inprogress_1
2023-03-28 15:13:19,532 [s0@group-4AD7D8BDF6E4-SegmentedRaftLogWorker] INFO  segmented.SegmentedRaftLogWorker (SegmentedRaftLogWorker.java:execute(630)) - s0@group-4AD7D8BDF6E4-SegmentedRaftLogWorker: created new log segment /home/runner/work/ratis/ratis/ratis-test/target/test/data/2b0b63e9/MiniRaftClusterWithRpcTypeGrpcAndDataStreamTypeNetty8bd798c8/s0/b2440a32-6ec4-4a03-8d45-4ad7d8bdf6e4/current/log_inprogress_1
2023-03-28 15:13:22,127 [JvmPauseMonitor6] WARN  util.JvmPauseMonitor (JvmPauseMonitor.java:detectPause(124)) - JvmPauseMonitor-s2: Detected pause in JVM or host machine approximately 0.101s with 0.110s GC time.
GC pool 'G1 Young Generation' had collection(s): count=1 time=110ms
2023-03-28 15:13:22,128 [JvmPauseMonitor5] WARN  util.JvmPauseMonitor (JvmPauseMonitor.java:detectPause(124)) - JvmPauseMonitor-s1: Detected pause in JVM or host machine approximately 0.101s with 0.110s GC time.
GC pool 'G1 Young Generation' had collection(s): count=1 time=110ms
2023-03-28 15:13:24,355 [Timer-2] INFO  impl.MiniRaftCluster (MiniRaftCluster.java:lambda$start$6(349)) - TIMED-PRINT: printing ALL groups
  s0:  RUNNING  FOLLOWER s0@group-4AD7D8BDF6E4:t2, leader=s1, voted=s1, raftlog=Memoized:s0@group-4AD7D8BDF6E4-SegmentedRaftLog:OPENED:c2, conf=1: peers:[s0|rpc:localhost:39189|admin:localhost:46309|client:localhost:42931|dataStream:localhost:35501|priority:0|startupRole:FOLLOWER, s1|rpc:localhost:42161|admin:localhost:45919|client:localhost:41703|dataStream:localhost:35503|priority:0|startupRole:FOLLOWER, s2|rpc:localhost:39003|admin:localhost:43283|client:localhost:38251|dataStream:localhost:44179|priority:0|startupRole:FOLLOWER]|listeners:[], old=null RUNNING
  s1:  RUNNING    LEADER s1@group-4AD7D8BDF6E4:t2, leader=s1, voted=s1, raftlog=Memoized:s1@group-4AD7D8BDF6E4-SegmentedRaftLog:OPENED:c2, conf=1: peers:[s0|rpc:localhost:39189|admin:localhost:46309|client:localhost:42931|dataStream:localhost:35501|priority:0|startupRole:FOLLOWER, s1|rpc:localhost:42161|admin:localhost:45919|client:localhost:41703|dataStream:localhost:35503|priority:0|startupRole:FOLLOWER, s2|rpc:localhost:39003|admin:localhost:43283|client:localhost:38251|dataStream:localhost:44179|priority:0|startupRole:FOLLOWER]|listeners:[], old=null RUNNING
  s2:  RUNNING  FOLLOWER s2@group-4AD7D8BDF6E4:t2, leader=s1, voted=s1, raftlog=Memoized:s2@group-4AD7D8BDF6E4-SegmentedRaftLog:OPENED:c2, conf=1: peers:[s0|rpc:localhost:39189|admin:localhost:46309|client:localhost:42931|dataStream:localhost:35501|priority:0|startupRole:FOLLOWER, s1|rpc:localhost:42161|admin:localhost:45919|client:localhost:41703|dataStream:localhost:35503|priority:0|startupRole:FOLLOWER, s2|rpc:localhost:39003|admin:localhost:43283|client:localhost:38251|dataStream:localhost:44179|priority:0|startupRole:FOLLOWER]|listeners:[], old=null RUNNING
2023-03-28 15:13:27,575 [pool-7-thread-12] INFO  datastream.DataStreamTestUtils (DataStreamTestUtils.java:writeAndCloseAndAssertReplies(320)) - Stream379: bytesWritten=3747187
2023-03-28 15:13:27,991 [pool-7-thread-10] INFO  datastream.DataStreamTestUtils (DataStreamTestUtils.java:writeAndCloseAndAssertReplies(320)) - Stream377: bytesWritten=3739435
2023-03-28 15:13:28,294 [pool-7-thread-11] INFO  datastream.DataStreamTestUtils (DataStreamTestUtils.java:writeAndCloseAndAssertReplies(320)) - Stream378: bytesWritten=3738372
2023-03-28 15:13:29,096 [s0@group-4AD7D8BDF6E4-FollowerState] INFO  impl.FollowerState (FollowerState.java:run(143)) - s0@group-4AD7D8BDF6E4-FollowerState: change to CANDIDATE, lastRpcElapsedTime:200877687ns, electionTimeout:177ms
2023-03-28 15:13:29,096 [s0@group-4AD7D8BDF6E4-FollowerState] INFO  impl.RoleInfo (RoleInfo.java:shutdownFollowerState(110)) - s0: shutdown s0@group-4AD7D8BDF6E4-FollowerState
2023-03-28 15:13:29,096 [s0@group-4AD7D8BDF6E4-FollowerState] INFO  server.RaftServer$Division (RaftServerImpl.java:setRole(329)) - s0@group-4AD7D8BDF6E4: changes role from  FOLLOWER to CANDIDATE at term 2 for changeToCandidate
2023-03-28 15:13:29,096 [s0@group-4AD7D8BDF6E4-FollowerState] INFO  server.RaftServerConfigKeys (ConfUtils.java:logGet(46)) - raft.server.leaderelection.pre-vote = true (default)
2023-03-28 15:13:29,096 [s0@group-4AD7D8BDF6E4-FollowerState] INFO  impl.RoleInfo (RoleInfo.java:updateAndGet(139)) - s0: start s0@group-4AD7D8BDF6E4-LeaderElection6
2023-03-28 15:13:29,124 [s0-server-thread4] INFO  server.RaftServer$Division (RaftServerImpl.java:setRole(329)) - s0@group-4AD7D8BDF6E4: changes role from CANDIDATE to FOLLOWER at term 2 for appendEntries
2023-03-28 15:13:29,124 [s0-server-thread4] INFO  impl.RoleInfo (RoleInfo.java:shutdownLeaderElection(130)) - s0: shutdown s0@group-4AD7D8BDF6E4-LeaderElection6
2023-03-28 15:13:29,124 [s0-server-thread4] INFO  impl.RoleInfo (RoleInfo.java:updateAndGet(139)) - s0: start s0@group-4AD7D8BDF6E4-FollowerState
2023-03-28 15:13:29,124 [s0@group-4AD7D8BDF6E4-LeaderElection6] INFO  impl.LeaderElection (LeaderElection.java:run(239)) - s0@group-4AD7D8BDF6E4-LeaderElection6: skip running since this is already CLOSING
2023-03-28 15:13:29,259 [s1-client-thread1] INFO  statemachine.StateMachine (DataStreamTestUtils.java:link(157)) - link SingleDataStream: writeRequest=RaftClientRequest:client-BD5EFA922E7C->s2@group-4AD7D8BDF6E4, cid=379, seq=0, DataStream, Message:<EMPTY>, logEntry=null
2023-03-28 15:13:29,286 [s2-server-thread1] INFO  statemachine.StateMachine (DataStreamTestUtils.java:link(157)) - link SingleDataStream: writeRequest=RaftClientRequest:client-BD5EFA922E7C->s2@group-4AD7D8BDF6E4, cid=379, seq=0, DataStream, Message:<EMPTY>, logEntry=null
2023-03-28 15:13:29,289 [pool-7-thread-12] INFO  datastream.DataStreamTestUtils (DataStreamTestUtils.java:writeAndCloseAndAssertReplies(311)) - start Stream384
2023-03-28 15:13:29,296 [s0-server-thread2] INFO  statemachine.StateMachine (DataStreamTestUtils.java:link(157)) - link SingleDataStream: writeRequest=RaftClientRequest:client-BD5EFA922E7C->s2@group-4AD7D8BDF6E4, cid=379, seq=0, DataStream, Message:<EMPTY>, logEntry=null
2023-03-28 15:13:29,536 [pool-7-thread-13] INFO  datastream.DataStreamTestUtils (DataStreamTestUtils.java:writeAndCloseAndAssertReplies(320)) - Stream380: bytesWritten=3730007
2023-03-28 15:13:29,545 [s1-client-thread1] INFO  statemachine.StateMachine (DataStreamTestUtils.java:link(157)) - link SingleDataStream: writeRequest=RaftClientRequest:client-BD5EFA922E7C->s2@group-4AD7D8BDF6E4, cid=378, seq=0, DataStream, Message:<EMPTY>, logEntry=null
2023-03-28 15:13:29,546 [s2-server-thread1] INFO  statemachine.StateMachine (DataStreamTestUtils.java:link(157)) - link SingleDataStream: writeRequest=RaftClientRequest:client-BD5EFA922E7C->s2@group-4AD7D8BDF6E4, cid=378, seq=0, DataStream, Message:<EMPTY>, logEntry=null
2023-03-28 15:13:29,549 [s0-server-thread4] INFO  statemachine.StateMachine (DataStreamTestUtils.java:link(157)) - link SingleDataStream: writeRequest=RaftClientRequest:client-BD5EFA922E7C->s2@group-4AD7D8BDF6E4, cid=378, seq=0, DataStream, Message:<EMPTY>, logEntry=null
2023-03-28 15:13:29,549 [s1-client-thread1] INFO  statemachine.StateMachine (DataStreamTestUtils.java:link(157)) - link SingleDataStream: writeRequest=RaftClientRequest:client-BD5EFA922E7C->s2@group-4AD7D8BDF6E4, cid=377, seq=0, DataStream, Message:<EMPTY>, logEntry=null
2023-03-28 15:13:29,551 [pool-7-thread-11] INFO  datastream.DataStreamTestUtils (DataStreamTestUtils.java:writeAndCloseAndAssertReplies(311)) - start Stream385
2023-03-28 15:13:29,559 [s2-server-thread1] INFO  statemachine.StateMachine (DataStreamTestUtils.java:link(157)) - link SingleDataStream: writeRequest=RaftClientRequest:client-BD5EFA922E7C->s2@group-4AD7D8BDF6E4, cid=377, seq=0, DataStream, Message:<EMPTY>, logEntry=null
2023-03-28 15:13:29,559 [s0-server-thread4] INFO  statemachine.StateMachine (DataStreamTestUtils.java:link(157)) - link SingleDataStream: writeRequest=RaftClientRequest:client-BD5EFA922E7C->s2@group-4AD7D8BDF6E4, cid=377, seq=0, DataStream, Message:<EMPTY>, logEntry=null
2023-03-28 15:13:29,561 [pool-7-thread-10] INFO  datastream.DataStreamTestUtils (DataStreamTestUtils.java:writeAndCloseAndAssertReplies(311)) - start Stream386
2023-03-28 15:13:29,602 [pool-7-thread-14] INFO  datastream.DataStreamTestUtils (DataStreamTestUtils.java:writeAndCloseAndAssertReplies(320)) - Stream381: bytesWritten=3732800
2023-03-28 15:13:29,636 [pool-7-thread-16] INFO  datastream.DataStreamTestUtils (DataStreamTestUtils.java:writeAndCloseAndAssertReplies(320)) - Stream383: bytesWritten=3742734
2023-03-28 15:13:30,166 [pool-7-thread-15] INFO  datastream.DataStreamTestUtils (DataStreamTestUtils.java:writeAndCloseAndAssertReplies(320)) - Stream382: bytesWritten=3746796
2023-03-28 15:13:30,487 [s1-client-thread1] INFO  statemachine.StateMachine (DataStreamTestUtils.java:link(157)) - link SingleDataStream: writeRequest=RaftClientRequest:client-BD5EFA922E7C->s2@group-4AD7D8BDF6E4, cid=380, seq=0, DataStream, Message:<EMPTY>, logEntry=null
2023-03-28 15:13:30,488 [s2-server-thread1] INFO  statemachine.StateMachine (DataStreamTestUtils.java:link(157)) - link SingleDataStream: writeRequest=RaftClientRequest:client-BD5EFA922E7C->s2@group-4AD7D8BDF6E4, cid=380, seq=0, DataStream, Message:<EMPTY>, logEntry=null
2023-03-28 15:13:30,489 [s0-server-thread4] INFO  statemachine.StateMachine (DataStreamTestUtils.java:link(157)) - link SingleDataStream: writeRequest=RaftClientRequest:client-BD5EFA922E7C->s2@group-4AD7D8BDF6E4, cid=380, seq=0, DataStream, Message:<EMPTY>, logEntry=null
2023-03-28 15:13:30,493 [pool-7-thread-13] INFO  datastream.DataStreamTestUtils (DataStreamTestUtils.java:writeAndCloseAndAssertReplies(311)) - start Stream387
2023-03-28 15:13:31,244 [s0@group-4AD7D8BDF6E4-FollowerState] INFO  impl.FollowerState (FollowerState.java:run(143)) - s0@group-4AD7D8BDF6E4-FollowerState: change to CANDIDATE, lastRpcElapsedTime:206671480ns, electionTimeout:190ms
2023-03-28 15:13:31,244 [s0@group-4AD7D8BDF6E4-FollowerState] INFO  impl.RoleInfo (RoleInfo.java:shutdownFollowerState(110)) - s0: shutdown s0@group-4AD7D8BDF6E4-FollowerState
2023-03-28 15:13:31,244 [s0@group-4AD7D8BDF6E4-FollowerState] INFO  server.RaftServer$Division (RaftServerImpl.java:setRole(329)) - s0@group-4AD7D8BDF6E4: changes role from  FOLLOWER to CANDIDATE at term 2 for changeToCandidate
2023-03-28 15:13:31,245 [s0@group-4AD7D8BDF6E4-FollowerState] INFO  server.RaftServerConfigKeys (ConfUtils.java:logGet(46)) - raft.server.leaderelection.pre-vote = true (default)
2023-03-28 15:13:31,245 [s0@group-4AD7D8BDF6E4-FollowerState] INFO  impl.RoleInfo (RoleInfo.java:updateAndGet(139)) - s0: start s0@group-4AD7D8BDF6E4-LeaderElection7
2023-03-28 15:13:31,256 [s2@group-4AD7D8BDF6E4-FollowerState] INFO  impl.FollowerState (FollowerState.java:run(143)) - s2@group-4AD7D8BDF6E4-FollowerState: change to CANDIDATE, lastRpcElapsedTime:215031491ns, electionTimeout:165ms
2023-03-28 15:13:31,256 [s2@group-4AD7D8BDF6E4-FollowerState] INFO  impl.RoleInfo (RoleInfo.java:shutdownFollowerState(110)) - s2: shutdown s2@group-4AD7D8BDF6E4-FollowerState
2023-03-28 15:13:31,257 [s2@group-4AD7D8BDF6E4-FollowerState] INFO  server.RaftServer$Division (RaftServerImpl.java:setRole(329)) - s2@group-4AD7D8BDF6E4: changes role from  FOLLOWER to CANDIDATE at term 2 for changeToCandidate
2023-03-28 15:13:31,257 [s2@group-4AD7D8BDF6E4-FollowerState] INFO  server.RaftServerConfigKeys (ConfUtils.java:logGet(46)) - raft.server.leaderelection.pre-vote = true (default)
2023-03-28 15:13:31,257 [s2@group-4AD7D8BDF6E4-FollowerState] INFO  impl.RoleInfo (RoleInfo.java:updateAndGet(139)) - s2: start s2@group-4AD7D8BDF6E4-LeaderElection8
2023-03-28 15:13:31,258 [s0-server-thread4] INFO  server.RaftServer$Division (RaftServerImpl.java:setRole(329)) - s0@group-4AD7D8BDF6E4: changes role from CANDIDATE to FOLLOWER at term 2 for appendEntries
2023-03-28 15:13:31,258 [s0-server-thread4] INFO  impl.RoleInfo (RoleInfo.java:shutdownLeaderElection(130)) - s0: shutdown s0@group-4AD7D8BDF6E4-LeaderElection7
2023-03-28 15:13:31,258 [s0-server-thread4] INFO  impl.RoleInfo (RoleInfo.java:updateAndGet(139)) - s0: start s0@group-4AD7D8BDF6E4-FollowerState
2023-03-28 15:13:31,258 [s2-server-thread3] INFO  server.RaftServer$Division (RaftServerImpl.java:setRole(329)) - s2@group-4AD7D8BDF6E4: changes role from CANDIDATE to FOLLOWER at term 2 for appendEntries
2023-03-28 15:13:31,259 [s2-server-thread3] INFO  impl.RoleInfo (RoleInfo.java:shutdownLeaderElection(130)) - s2: shutdown s2@group-4AD7D8BDF6E4-LeaderElection8
2023-03-28 15:13:31,259 [s2-server-thread3] INFO  impl.RoleInfo (RoleInfo.java:updateAndGet(139)) - s2: start s2@group-4AD7D8BDF6E4-FollowerState
2023-03-28 15:13:31,268 [s0@group-4AD7D8BDF6E4-LeaderElection7] INFO  impl.LeaderElection (LeaderElection.java:run(239)) - s0@group-4AD7D8BDF6E4-LeaderElection7: skip running since this is already CLOSING
2023-03-28 15:13:31,951 [s1-client-thread1] INFO  statemachine.StateMachine (DataStreamTestUtils.java:link(157)) - link SingleDataStream: writeRequest=RaftClientRequest:client-BD5EFA922E7C->s2@group-4AD7D8BDF6E4, cid=381, seq=0, DataStream, Message:<EMPTY>, logEntry=null
2023-03-28 15:13:31,952 [s0-server-thread2] INFO  statemachine.StateMachine (DataStreamTestUtils.java:link(157)) - link SingleDataStream: writeRequest=RaftClientRequest:client-BD5EFA922E7C->s2@group-4AD7D8BDF6E4, cid=381, seq=0, DataStream, Message:<EMPTY>, logEntry=null
2023-03-28 15:13:31,954 [pool-7-thread-14] INFO  datastream.DataStreamTestUtils (DataStreamTestUtils.java:writeAndCloseAndAssertReplies(311)) - start Stream388
2023-03-28 15:13:31,970 [s2-server-thread3] INFO  statemachine.StateMachine (DataStreamTestUtils.java:link(157)) - link SingleDataStream: writeRequest=RaftClientRequest:client-BD5EFA922E7C->s2@group-4AD7D8BDF6E4, cid=381, seq=0, DataStream, Message:<EMPTY>, logEntry=null
2023-03-28 15:13:32,576 [s1-client-thread1] INFO  statemachine.StateMachine (DataStreamTestUtils.java:link(157)) - link SingleDataStream: writeRequest=RaftClientRequest:client-BD5EFA922E7C->s2@group-4AD7D8BDF6E4, cid=383, seq=0, DataStream, Message:<EMPTY>, logEntry=null
2023-03-28 15:13:32,579 [s2-server-thread1] INFO  statemachine.StateMachine (DataStreamTestUtils.java:link(157)) - link SingleDataStream: writeRequest=RaftClientRequest:client-BD5EFA922E7C->s2@group-4AD7D8BDF6E4, cid=383, seq=0, DataStream, Message:<EMPTY>, logEntry=null
2023-03-28 15:13:32,581 [pool-7-thread-16] INFO  datastream.DataStreamTestUtils (DataStreamTestUtils.java:writeAndCloseAndAssertReplies(311)) - start Stream389
2023-03-28 15:13:32,585 [s0-server-thread4] INFO  statemachine.StateMachine (DataStreamTestUtils.java:link(157)) - link SingleDataStream: writeRequest=RaftClientRequest:client-BD5EFA922E7C->s2@group-4AD7D8BDF6E4, cid=383, seq=0, DataStream, Message:<EMPTY>, logEntry=null
2023-03-28 15:13:33,015 [s1-client-thread1] INFO  statemachine.StateMachine (DataStreamTestUtils.java:link(157)) - link SingleDataStream: writeRequest=RaftClientRequest:client-BD5EFA922E7C->s2@group-4AD7D8BDF6E4, cid=382, seq=0, DataStream, Message:<EMPTY>, logEntry=null
2023-03-28 15:13:33,027 [s2-server-thread3] INFO  statemachine.StateMachine (DataStreamTestUtils.java:link(157)) - link SingleDataStream: writeRequest=RaftClientRequest:client-BD5EFA922E7C->s2@group-4AD7D8BDF6E4, cid=382, seq=0, DataStream, Message:<EMPTY>, logEntry=null
2023-03-28 15:13:33,028 [s0-server-thread2] INFO  statemachine.StateMachine (DataStreamTestUtils.java:link(157)) - link SingleDataStream: writeRequest=RaftClientRequest:client-BD5EFA922E7C->s2@group-4AD7D8BDF6E4, cid=382, seq=0, DataStream, Message:<EMPTY>, logEntry=null
2023-03-28 15:13:33,030 [pool-7-thread-15] INFO  datastream.DataStreamTestUtils (DataStreamTestUtils.java:writeAndCloseAndAssertReplies(311)) - start Stream390
2023-03-28 15:13:33,916 [s0@group-4AD7D8BDF6E4-FollowerState] INFO  impl.FollowerState (FollowerState.java:run(143)) - s0@group-4AD7D8BDF6E4-FollowerState: change to CANDIDATE, lastRpcElapsedTime:174417336ns, electionTimeout:171ms
2023-03-28 15:13:33,916 [s0@group-4AD7D8BDF6E4-FollowerState] INFO  impl.RoleInfo (RoleInfo.java:shutdownFollowerState(110)) - s0: shutdown s0@group-4AD7D8BDF6E4-FollowerState
2023-03-28 15:13:33,916 [s0@group-4AD7D8BDF6E4-FollowerState] INFO  server.RaftServer$Division (RaftServerImpl.java:setRole(329)) - s0@group-4AD7D8BDF6E4: changes role from  FOLLOWER to CANDIDATE at term 2 for changeToCandidate
2023-03-28 15:13:33,917 [s0@group-4AD7D8BDF6E4-FollowerState] INFO  server.RaftServerConfigKeys (ConfUtils.java:logGet(46)) - raft.server.leaderelection.pre-vote = true (default)
2023-03-28 15:13:33,917 [s0@group-4AD7D8BDF6E4-FollowerState] INFO  impl.RoleInfo (RoleInfo.java:updateAndGet(139)) - s0: start s0@group-4AD7D8BDF6E4-LeaderElection9
2023-03-28 15:13:33,922 [s0-server-thread2] INFO  server.RaftServer$Division (RaftServerImpl.java:setRole(329)) - s0@group-4AD7D8BDF6E4: changes role from CANDIDATE to FOLLOWER at term 2 for appendEntries
2023-03-28 15:13:33,922 [s0-server-thread2] INFO  impl.RoleInfo (RoleInfo.java:shutdownLeaderElection(130)) - s0: shutdown s0@group-4AD7D8BDF6E4-LeaderElection9
2023-03-28 15:13:33,922 [s0-server-thread2] INFO  impl.RoleInfo (RoleInfo.java:updateAndGet(139)) - s0: start s0@group-4AD7D8BDF6E4-FollowerState
2023-03-28 15:13:33,939 [s0@group-4AD7D8BDF6E4-LeaderElection9] INFO  impl.LeaderElection (LeaderElection.java:run(239)) - s0@group-4AD7D8BDF6E4-LeaderElection9: skip running since this is already CLOSING
2023-03-28 15:13:34,355 [Timer-2] INFO  impl.MiniRaftCluster (MiniRaftCluster.java:lambda$start$6(349)) - TIMED-PRINT: printing ALL groups
  s0:  RUNNING  FOLLOWER s0@group-4AD7D8BDF6E4:t2, leader=s1, voted=s1, raftlog=Memoized:s0@group-4AD7D8BDF6E4-SegmentedRaftLog:OPENED:c15, conf=1: peers:[s0|rpc:localhost:39189|admin:localhost:46309|client:localhost:42931|dataStream:localhost:35501|priority:0|startupRole:FOLLOWER, s1|rpc:localhost:42161|admin:localhost:45919|client:localhost:41703|dataStream:localhost:35503|priority:0|startupRole:FOLLOWER, s2|rpc:localhost:39003|admin:localhost:43283|client:localhost:38251|dataStream:localhost:44179|priority:0|startupRole:FOLLOWER]|listeners:[], old=null RUNNING
  s1:  RUNNING    LEADER s1@group-4AD7D8BDF6E4:t2, leader=s1, voted=s1, raftlog=Memoized:s1@group-4AD7D8BDF6E4-SegmentedRaftLog:OPENED:c15, conf=1: peers:[s0|rpc:localhost:39189|admin:localhost:46309|client:localhost:42931|dataStream:localhost:35501|priority:0|startupRole:FOLLOWER, s1|rpc:localhost:42161|admin:localhost:45919|client:localhost:41703|dataStream:localhost:35503|priority:0|startupRole:FOLLOWER, s2|rpc:localhost:39003|admin:localhost:43283|client:localhost:38251|dataStream:localhost:44179|priority:0|startupRole:FOLLOWER]|listeners:[], old=null RUNNING
  s2:  RUNNING  FOLLOWER s2@group-4AD7D8BDF6E4:t2, leader=s1, voted=s1, raftlog=Memoized:s2@group-4AD7D8BDF6E4-SegmentedRaftLog:OPENED:c15, conf=1: peers:[s0|rpc:localhost:39189|admin:localhost:46309|client:localhost:42931|dataStream:localhost:35501|priority:0|startupRole:FOLLOWER, s1|rpc:localhost:42161|admin:localhost:45919|client:localhost:41703|dataStream:localhost:35503|priority:0|startupRole:FOLLOWER, s2|rpc:localhost:39003|admin:localhost:43283|client:localhost:38251|dataStream:localhost:44179|priority:0|startupRole:FOLLOWER]|listeners:[], old=null RUNNING
2023-03-28 15:13:36,352 [JvmPauseMonitor6] WARN  util.JvmPauseMonitor (JvmPauseMonitor.java:detectPause(124)) - JvmPauseMonitor-s2: Detected pause in JVM or host machine approximately 0.104s with 0.139s GC time.
GC pool 'G1 Young Generation' had collection(s): count=1 time=139ms
2023-03-28 15:13:36,352 [JvmPauseMonitor5] WARN  util.JvmPauseMonitor (JvmPauseMonitor.java:detectPause(124)) - JvmPauseMonitor-s1: Detected pause in JVM or host machine approximately 0.104s with 0.139s GC time.
GC pool 'G1 Young Generation' had collection(s): count=1 time=139ms
2023-03-28 15:13:36,356 [s2@group-4AD7D8BDF6E4-FollowerState] INFO  impl.FollowerState (FollowerState.java:run(143)) - s2@group-4AD7D8BDF6E4-FollowerState: change to CANDIDATE, lastRpcElapsedTime:204915404ns, electionTimeout:178ms
2023-03-28 15:13:36,356 [s2@group-4AD7D8BDF6E4-FollowerState] INFO  impl.RoleInfo (RoleInfo.java:shutdownFollowerState(110)) - s2: shutdown s2@group-4AD7D8BDF6E4-FollowerState
2023-03-28 15:13:36,356 [s2@group-4AD7D8BDF6E4-FollowerState] INFO  server.RaftServer$Division (RaftServerImpl.java:setRole(329)) - s2@group-4AD7D8BDF6E4: changes role from  FOLLOWER to CANDIDATE at term 2 for changeToCandidate
2023-03-28 15:13:36,356 [s2@group-4AD7D8BDF6E4-FollowerState] INFO  server.RaftServerConfigKeys (ConfUtils.java:logGet(46)) - raft.server.leaderelection.pre-vote = true (default)
2023-03-28 15:13:36,356 [s2@group-4AD7D8BDF6E4-FollowerState] INFO  impl.RoleInfo (RoleInfo.java:updateAndGet(139)) - s2: start s2@group-4AD7D8BDF6E4-LeaderElection10
2023-03-28 15:13:36,432 [s2@group-4AD7D8BDF6E4-LeaderElection10] INFO  server.RaftServer$Division (ServerState.java:setLeader(260)) - s2@group-4AD7D8BDF6E4: change Leader from s1 to null at term 2 for PRE_VOTE
2023-03-28 15:13:36,432 [s2@group-4AD7D8BDF6E4-LeaderElection10] INFO  impl.LeaderElection (LeaderElection.java:askForVotes(320)) - s2@group-4AD7D8BDF6E4-LeaderElection10 PRE_VOTE round 0: submit vote requests at term 2 for 1: peers:[s0|rpc:localhost:39189|admin:localhost:46309|client:localhost:42931|dataStream:localhost:35501|priority:0|startupRole:FOLLOWER, s1|rpc:localhost:42161|admin:localhost:45919|client:localhost:41703|dataStream:localhost:35503|priority:0|startupRole:FOLLOWER, s2|rpc:localhost:39003|admin:localhost:43283|client:localhost:38251|dataStream:localhost:44179|priority:0|startupRole:FOLLOWER]|listeners:[], old=null
2023-03-28 15:13:36,454 [s2-server-thread3] INFO  server.RaftServer$Division (RaftServerImpl.java:setRole(329)) - s2@group-4AD7D8BDF6E4: changes role from CANDIDATE to FOLLOWER at term 2 for appendEntries
2023-03-28 15:13:36,454 [s2-server-thread3] INFO  impl.RoleInfo (RoleInfo.java:shutdownLeaderElection(130)) - s2: shutdown s2@group-4AD7D8BDF6E4-LeaderElection10
2023-03-28 15:13:36,454 [s2-server-thread3] INFO  impl.RoleInfo (RoleInfo.java:updateAndGet(139)) - s2: start s2@group-4AD7D8BDF6E4-FollowerState
2023-03-28 15:13:36,456 [s2-server-thread3] INFO  server.RaftServer$Division (ServerState.java:setLeader(260)) - s2@group-4AD7D8BDF6E4: change Leader from null to s1 at term 2 for appendEntries, leader elected after 24ms
2023-03-28 15:13:36,481 [grpc-default-executor-4] INFO  server.RaftServer$Division (RaftServerImpl.java:requestVote(1300)) - s1@group-4AD7D8BDF6E4: receive requestVote(PRE_VOTE, s2, group-4AD7D8BDF6E4, 2, (t:2, i:15))
2023-03-28 15:13:36,481 [grpc-default-executor-4] INFO  impl.VoteContext (VoteContext.java:log(49)) - s1@group-4AD7D8BDF6E4-LEADER: reject PRE_VOTE from s2: this server is the leader and still has leadership
2023-03-28 15:13:36,481 [grpc-default-executor-4] INFO  server.RaftServer$Division (RaftServerImpl.java:requestVote(1333)) - s1@group-4AD7D8BDF6E4 replies to PRE_VOTE vote request: s2<-s1#0:FAIL-t2. Peer's state: s1@group-4AD7D8BDF6E4:t2, leader=s1, voted=s1, raftlog=Memoized:s1@group-4AD7D8BDF6E4-SegmentedRaftLog:OPENED:c15, conf=1: peers:[s0|rpc:localhost:39189|admin:localhost:46309|client:localhost:42931|dataStream:localhost:35501|priority:0|startupRole:FOLLOWER, s1|rpc:localhost:42161|admin:localhost:45919|client:localhost:41703|dataStream:localhost:35503|priority:0|startupRole:FOLLOWER, s2|rpc:localhost:39003|admin:localhost:43283|client:localhost:38251|dataStream:localhost:44179|priority:0|startupRole:FOLLOWER]|listeners:[], old=null
2023-03-28 15:13:36,482 [s2@group-4AD7D8BDF6E4-LeaderElection10] INFO  impl.LeaderElection (LeaderElection.java:logAndReturn(89)) - s2@group-4AD7D8BDF6E4-LeaderElection10: PRE_VOTE REJECTED received 1 response(s) and 0 exception(s):
2023-03-28 15:13:36,482 [s2@group-4AD7D8BDF6E4-LeaderElection10] INFO  impl.LeaderElection (LeaderElection.java:logAndReturn(93)) -   Response 0: s2<-s1#0:FAIL-t2
2023-03-28 15:13:36,482 [s2@group-4AD7D8BDF6E4-LeaderElection10] INFO  impl.LeaderElection (LeaderElection.java:askForVotes(322)) - s2@group-4AD7D8BDF6E4-LeaderElection10 PRE_VOTE round 0: result REJECTED
2023-03-28 15:13:36,661 [grpc-default-executor-4] INFO  server.RaftServer$Division (RaftServerImpl.java:requestVote(1300)) - s0@group-4AD7D8BDF6E4: receive requestVote(PRE_VOTE, s2, group-4AD7D8BDF6E4, 2, (t:2, i:15))
2023-03-28 15:13:36,661 [grpc-default-executor-4] INFO  impl.VoteContext (VoteContext.java:log(49)) - s0@group-4AD7D8BDF6E4-FOLLOWER: reject PRE_VOTE from s2: this server is a follower and still has a valid leader s1
2023-03-28 15:13:36,661 [grpc-default-executor-4] INFO  server.RaftServer$Division (RaftServerImpl.java:requestVote(1333)) - s0@group-4AD7D8BDF6E4 replies to PRE_VOTE vote request: s2<-s0#0:FAIL-t2. Peer's state: s0@group-4AD7D8BDF6E4:t2, leader=s1, voted=s1, raftlog=Memoized:s0@group-4AD7D8BDF6E4-SegmentedRaftLog:OPENED:c15, conf=1: peers:[s0|rpc:localhost:39189|admin:localhost:46309|client:localhost:42931|dataStream:localhost:35501|priority:0|startupRole:FOLLOWER, s1|rpc:localhost:42161|admin:localhost:45919|client:localhost:41703|dataStream:localhost:35503|priority:0|startupRole:FOLLOWER, s2|rpc:localhost:39003|admin:localhost:43283|client:localhost:38251|dataStream:localhost:44179|priority:0|startupRole:FOLLOWER]|listeners:[], old=null
2023-03-28 15:13:37,688 [pool-7-thread-12] INFO  datastream.DataStreamTestUtils (DataStreamTestUtils.java:writeAndCloseAndAssertReplies(320)) - Stream384: bytesWritten=3767330
2023-03-28 15:13:39,652 [pool-7-thread-11] INFO  datastream.DataStreamTestUtils (DataStreamTestUtils.java:writeAndCloseAndAssertReplies(320)) - Stream385: bytesWritten=3734834
2023-03-28 15:13:40,011 [pool-7-thread-10] INFO  datastream.DataStreamTestUtils (DataStreamTestUtils.java:writeAndCloseAndAssertReplies(320)) - Stream386: bytesWritten=3760632
2023-03-28 15:13:41,132 [s1-client-thread1] INFO  statemachine.StateMachine (DataStreamTestUtils.java:link(157)) - link SingleDataStream: writeRequest=RaftClientRequest:client-BD5EFA922E7C->s2@group-4AD7D8BDF6E4, cid=384, seq=0, DataStream, Message:<EMPTY>, logEntry=null
2023-03-28 15:13:41,134 [s1-client-thread1] INFO  statemachine.StateMachine (DataStreamTestUtils.java:link(157)) - link SingleDataStream: writeRequest=RaftClientRequest:client-BD5EFA922E7C->s2@group-4AD7D8BDF6E4, cid=385, seq=0, DataStream, Message:<EMPTY>, logEntry=null
2023-03-28 15:13:41,136 [s2-server-thread1] INFO  statemachine.StateMachine (DataStreamTestUtils.java:link(157)) - link SingleDataStream: writeRequest=RaftClientRequest:client-BD5EFA922E7C->s2@group-4AD7D8BDF6E4, cid=384, seq=0, DataStream, Message:<EMPTY>, logEntry=null
2023-03-28 15:13:41,146 [s0-server-thread2] INFO  statemachine.StateMachine (DataStreamTestUtils.java:link(157)) - link SingleDataStream: writeRequest=RaftClientRequest:client-BD5EFA922E7C->s2@group-4AD7D8BDF6E4, cid=384, seq=0, DataStream, Message:<EMPTY>, logEntry=null
2023-03-28 15:13:41,146 [s0-server-thread2] INFO  statemachine.StateMachine (DataStreamTestUtils.java:link(157)) - link SingleDataStream: writeRequest=RaftClientRequest:client-BD5EFA922E7C->s2@group-4AD7D8BDF6E4, cid=385, seq=0, DataStream, Message:<EMPTY>, logEntry=null
2023-03-28 15:13:41,150 [pool-7-thread-12] INFO  datastream.DataStreamTestUtils (DataStreamTestUtils.java:writeAndCloseAndAssertReplies(311)) - start Stream391
2023-03-28 15:13:41,152 [pool-7-thread-11] INFO  datastream.DataStreamTestUtils (DataStreamTestUtils.java:writeAndCloseAndAssertReplies(311)) - start Stream392
2023-03-28 15:13:41,193 [s1-client-thread1] INFO  statemachine.StateMachine (DataStreamTestUtils.java:link(157)) - link SingleDataStream: writeRequest=RaftClientRequest:client-BD5EFA922E7C->s2@group-4AD7D8BDF6E4, cid=386, seq=0, DataStream, Message:<EMPTY>, logEntry=null
2023-03-28 15:13:41,194 [s2-server-thread1] INFO  statemachine.StateMachine (DataStreamTestUtils.java:link(157)) - link SingleDataStream: writeRequest=RaftClientRequest:client-BD5EFA922E7C->s2@group-4AD7D8BDF6E4, cid=385, seq=0, DataStream, Message:<EMPTY>, logEntry=null
2023-03-28 15:13:41,194 [s2-server-thread1] INFO  statemachine.StateMachine (DataStreamTestUtils.java:link(157)) - link SingleDataStream: writeRequest=RaftClientRequest:client-BD5EFA922E7C->s2@group-4AD7D8BDF6E4, cid=386, seq=0, DataStream, Message:<EMPTY>, logEntry=null
2023-03-28 15:13:41,195 [s0-server-thread2] INFO  statemachine.StateMachine (DataStreamTestUtils.java:link(157)) - link SingleDataStream: writeRequest=RaftClientRequest:client-BD5EFA922E7C->s2@group-4AD7D8BDF6E4, cid=386, seq=0, DataStream, Message:<EMPTY>, logEntry=null
2023-03-28 15:13:41,198 [pool-7-thread-10] INFO  datastream.DataStreamTestUtils (DataStreamTestUtils.java:writeAndCloseAndAssertReplies(311)) - start Stream393
2023-03-28 15:13:42,626 [pool-7-thread-16] INFO  datastream.DataStreamTestUtils (DataStreamTestUtils.java:writeAndCloseAndAssertReplies(320)) - Stream389: bytesWritten=3750163
2023-03-28 15:13:42,988 [s2@group-4AD7D8BDF6E4-FollowerState] INFO  impl.FollowerState (FollowerState.java:run(143)) - s2@group-4AD7D8BDF6E4-FollowerState: change to CANDIDATE, lastRpcElapsedTime:276756806ns, electionTimeout:232ms
2023-03-28 15:13:42,988 [s2@group-4AD7D8BDF6E4-FollowerState] INFO  impl.RoleInfo (RoleInfo.java:shutdownFollowerState(110)) - s2: shutdown s2@group-4AD7D8BDF6E4-FollowerState
2023-03-28 15:13:42,988 [s2@group-4AD7D8BDF6E4-FollowerState] INFO  server.RaftServer$Division (RaftServerImpl.java:setRole(329)) - s2@group-4AD7D8BDF6E4: changes role from  FOLLOWER to CANDIDATE at term 2 for changeToCandidate
2023-03-28 15:13:42,988 [s2@group-4AD7D8BDF6E4-FollowerState] INFO  server.RaftServerConfigKeys (ConfUtils.java:logGet(46)) - raft.server.leaderelection.pre-vote = true (default)
2023-03-28 15:13:42,988 [s2@group-4AD7D8BDF6E4-FollowerState] INFO  impl.RoleInfo (RoleInfo.java:updateAndGet(139)) - s2: start s2@group-4AD7D8BDF6E4-LeaderElection11
2023-03-28 15:13:43,009 [JvmPauseMonitor6] WARN  util.JvmPauseMonitor (JvmPauseMonitor.java:detectPause(124)) - JvmPauseMonitor-s2: Detected pause in JVM or host machine approximately 0.154s with 0.180s GC time.
GC pool 'G1 Young Generation' had collection(s): count=1 time=180ms
2023-03-28 15:13:43,024 [JvmPauseMonitor5] WARN  util.JvmPauseMonitor (JvmPauseMonitor.java:detectPause(124)) - JvmPauseMonitor-s1: Detected pause in JVM or host machine approximately 0.153s with 0.180s GC time.
GC pool 'G1 Young Generation' had collection(s): count=1 time=180ms
2023-03-28 15:13:43,032 [s2-server-thread3] INFO  server.RaftServer$Division (RaftServerImpl.java:setRole(329)) - s2@group-4AD7D8BDF6E4: changes role from CANDIDATE to FOLLOWER at term 2 for appendEntries
2023-03-28 15:13:43,032 [s2-server-thread3] INFO  impl.RoleInfo (RoleInfo.java:shutdownLeaderElection(130)) - s2: shutdown s2@group-4AD7D8BDF6E4-LeaderElection11
2023-03-28 15:13:43,033 [s2-server-thread3] INFO  impl.RoleInfo (RoleInfo.java:updateAndGet(139)) - s2: start s2@group-4AD7D8BDF6E4-FollowerState
2023-03-28 15:13:43,645 [pool-7-thread-13] INFO  datastream.DataStreamTestUtils (DataStreamTestUtils.java:writeAndCloseAndAssertReplies(320)) - Stream387: bytesWritten=3763090
2023-03-28 15:13:43,734 [pool-7-thread-14] INFO  datastream.DataStreamTestUtils (DataStreamTestUtils.java:writeAndCloseAndAssertReplies(320)) - Stream388: bytesWritten=3735981
2023-03-28 15:13:43,978 [pool-7-thread-15] INFO  datastream.DataStreamTestUtils (DataStreamTestUtils.java:writeAndCloseAndAssertReplies(320)) - Stream390: bytesWritten=3753618
2023-03-28 15:13:44,355 [Timer-2] INFO  impl.MiniRaftCluster (MiniRaftCluster.java:lambda$start$6(349)) - TIMED-PRINT: printing ALL groups
  s0:  RUNNING  FOLLOWER s0@group-4AD7D8BDF6E4:t2, leader=s1, voted=s1, raftlog=Memoized:s0@group-4AD7D8BDF6E4-SegmentedRaftLog:OPENED:c20, conf=1: peers:[s0|rpc:localhost:39189|admin:localhost:46309|client:localhost:42931|dataStream:localhost:35501|priority:0|startupRole:FOLLOWER, s1|rpc:localhost:42161|admin:localhost:45919|client:localhost:41703|dataStream:localhost:35503|priority:0|startupRole:FOLLOWER, s2|rpc:localhost:39003|admin:localhost:43283|client:localhost:38251|dataStream:localhost:44179|priority:0|startupRole:FOLLOWER]|listeners:[], old=null RUNNING
  s1:  RUNNING    LEADER s1@group-4AD7D8BDF6E4:t2, leader=s1, voted=s1, raftlog=Memoized:s1@group-4AD7D8BDF6E4-SegmentedRaftLog:OPENED:c20, conf=1: peers:[s0|rpc:localhost:39189|admin:localhost:46309|client:localhost:42931|dataStream:localhost:35501|priority:0|startupRole:FOLLOWER, s1|rpc:localhost:42161|admin:localhost:45919|client:localhost:41703|dataStream:localhost:35503|priority:0|startupRole:FOLLOWER, s2|rpc:localhost:39003|admin:localhost:43283|client:localhost:38251|dataStream:localhost:44179|priority:0|startupRole:FOLLOWER]|listeners:[], old=null RUNNING
  s2:  RUNNING  FOLLOWER s2@group-4AD7D8BDF6E4:t2, leader=s1, voted=s1, raftlog=Memoized:s2@group-4AD7D8BDF6E4-SegmentedRaftLog:OPENED:c20, conf=1: peers:[s0|rpc:localhost:39189|admin:localhost:46309|client:localhost:42931|dataStream:localhost:35501|priority:0|startupRole:FOLLOWER, s1|rpc:localhost:42161|admin:localhost:45919|client:localhost:41703|dataStream:localhost:35503|priority:0|startupRole:FOLLOWER, s2|rpc:localhost:39003|admin:localhost:43283|client:localhost:38251|dataStream:localhost:44179|priority:0|startupRole:FOLLOWER]|listeners:[], old=null RUNNING
2023-03-28 15:13:44,652 [JvmPauseMonitor6] WARN  util.JvmPauseMonitor (JvmPauseMonitor.java:detectPause(124)) - JvmPauseMonitor-s2: Detected pause in JVM or host machine approximately 0.124s with 0.104s GC time.
GC pool 'G1 Young Generation' had collection(s): count=1 time=104ms
2023-03-28 15:13:44,652 [JvmPauseMonitor5] WARN  util.JvmPauseMonitor (JvmPauseMonitor.java:detectPause(124)) - JvmPauseMonitor-s1: Detected pause in JVM or host machine approximately 0.128s with 0.104s GC time.
GC pool 'G1 Young Generation' had collection(s): count=1 time=104ms
2023-03-28 15:13:46,966 [s1-client-thread1] INFO  statemachine.StateMachine (DataStreamTestUtils.java:link(157)) - link SingleDataStream: writeRequest=RaftClientRequest:client-BD5EFA922E7C->s2@group-4AD7D8BDF6E4, cid=389, seq=0, DataStream, Message:<EMPTY>, logEntry=null
2023-03-28 15:13:46,968 [s1-client-thread1] INFO  statemachine.StateMachine (DataStreamTestUtils.java:link(157)) - link SingleDataStream: writeRequest=RaftClientRequest:client-BD5EFA922E7C->s2@group-4AD7D8BDF6E4, cid=390, seq=0, DataStream, Message:<EMPTY>, logEntry=null
2023-03-28 15:13:46,969 [s1-client-thread1] INFO  statemachine.StateMachine (DataStreamTestUtils.java:link(157)) - link SingleDataStream: writeRequest=RaftClientRequest:client-BD5EFA922E7C->s2@group-4AD7D8BDF6E4, cid=388, seq=0, DataStream, Message:<EMPTY>, logEntry=null
2023-03-28 15:13:46,969 [s2-server-thread3] INFO  statemachine.StateMachine (DataStreamTestUtils.java:link(157)) - link SingleDataStream: writeRequest=RaftClientRequest:client-BD5EFA922E7C->s2@group-4AD7D8BDF6E4, cid=389, seq=0, DataStream, Message:<EMPTY>, logEntry=null
2023-03-28 15:13:46,969 [s2-server-thread3] INFO  statemachine.StateMachine (DataStreamTestUtils.java:link(157)) - link SingleDataStream: writeRequest=RaftClientRequest:client-BD5EFA922E7C->s2@group-4AD7D8BDF6E4, cid=390, seq=0, DataStream, Message:<EMPTY>, logEntry=null
2023-03-28 15:13:46,970 [s1-client-thread1] INFO  statemachine.StateMachine (DataStreamTestUtils.java:link(157)) - link SingleDataStream: writeRequest=RaftClientRequest:client-BD5EFA922E7C->s2@group-4AD7D8BDF6E4, cid=387, seq=0, DataStream, Message:<EMPTY>, logEntry=null
2023-03-28 15:13:46,974 [pool-7-thread-16] INFO  datastream.DataStreamTestUtils (DataStreamTestUtils.java:writeAndCloseAndAssertReplies(311)) - start Stream394
2023-03-28 15:13:46,976 [pool-7-thread-15] INFO  datastream.DataStreamTestUtils (DataStreamTestUtils.java:writeAndCloseAndAssertReplies(311)) - start Stream395
2023-03-28 15:13:46,984 [s0-server-thread2] INFO  statemachine.StateMachine (DataStreamTestUtils.java:link(157)) - link SingleDataStream: writeRequest=RaftClientRequest:client-BD5EFA922E7C->s2@group-4AD7D8BDF6E4, cid=389, seq=0, DataStream, Message:<EMPTY>, logEntry=null
2023-03-28 15:13:46,985 [s0-server-thread2] INFO  statemachine.StateMachine (DataStreamTestUtils.java:link(157)) - link SingleDataStream: writeRequest=RaftClientRequest:client-BD5EFA922E7C->s2@group-4AD7D8BDF6E4, cid=390, seq=0, DataStream, Message:<EMPTY>, logEntry=null
2023-03-28 15:13:46,985 [s0-server-thread2] INFO  statemachine.StateMachine (DataStreamTestUtils.java:link(157)) - link SingleDataStream: writeRequest=RaftClientRequest:client-BD5EFA922E7C->s2@group-4AD7D8BDF6E4, cid=388, seq=0, DataStream, Message:<EMPTY>, logEntry=null
2023-03-28 15:13:46,985 [s0-server-thread2] INFO  statemachine.StateMachine (DataStreamTestUtils.java:link(157)) - link SingleDataStream: writeRequest=RaftClientRequest:client-BD5EFA922E7C->s2@group-4AD7D8BDF6E4, cid=387, seq=0, DataStream, Message:<EMPTY>, logEntry=null
2023-03-28 15:13:46,987 [pool-7-thread-14] INFO  datastream.DataStreamTestUtils (DataStreamTestUtils.java:writeAndCloseAndAssertReplies(311)) - start Stream396
2023-03-28 15:13:46,991 [pool-7-thread-13] INFO  datastream.DataStreamTestUtils (DataStreamTestUtils.java:writeAndCloseAndAssertReplies(311)) - start Stream376
2023-03-28 15:13:47,023 [s2-server-thread3] INFO  statemachine.StateMachine (DataStreamTestUtils.java:link(157)) - link SingleDataStream: writeRequest=RaftClientRequest:client-BD5EFA922E7C->s2@group-4AD7D8BDF6E4, cid=388, seq=0, DataStream, Message:<EMPTY>, logEntry=null
2023-03-28 15:13:47,023 [s2-server-thread3] INFO  statemachine.StateMachine (DataStreamTestUtils.java:link(157)) - link SingleDataStream: writeRequest=RaftClientRequest:client-BD5EFA922E7C->s2@group-4AD7D8BDF6E4, cid=387, seq=0, DataStream, Message:<EMPTY>, logEntry=null
2023-03-28 15:13:47,656 [pool-7-thread-10] INFO  datastream.DataStreamTestUtils (DataStreamTestUtils.java:writeAndCloseAndAssertReplies(320)) - Stream393: bytesWritten=3757098
2023-03-28 15:13:48,315 [pool-7-thread-12] INFO  datastream.DataStreamTestUtils (DataStreamTestUtils.java:writeAndCloseAndAssertReplies(320)) - Stream391: bytesWritten=3746670
2023-03-28 15:13:49,129 [pool-7-thread-11] INFO  datastream.DataStreamTestUtils (DataStreamTestUtils.java:writeAndCloseAndAssertReplies(320)) - Stream392: bytesWritten=3753710
2023-03-28 15:13:51,065 [s1-client-thread1] INFO  statemachine.StateMachine (DataStreamTestUtils.java:link(157)) - link SingleDataStream: writeRequest=RaftClientRequest:client-BD5EFA922E7C->s2@group-4AD7D8BDF6E4, cid=393, seq=0, DataStream, Message:<EMPTY>, logEntry=null
2023-03-28 15:13:51,098 [s1-client-thread1] INFO  statemachine.StateMachine (DataStreamTestUtils.java:link(157)) - link SingleDataStream: writeRequest=RaftClientRequest:client-BD5EFA922E7C->s2@group-4AD7D8BDF6E4, cid=391, seq=0, DataStream, Message:<EMPTY>, logEntry=null
2023-03-28 15:13:51,098 [s1-client-thread1] INFO  statemachine.StateMachine (DataStreamTestUtils.java:link(157)) - link SingleDataStream: writeRequest=RaftClientRequest:client-BD5EFA922E7C->s2@group-4AD7D8BDF6E4, cid=392, seq=0, DataStream, Message:<EMPTY>, logEntry=null
2023-03-28 15:13:51,126 [s0-server-thread2] INFO  statemachine.StateMachine (DataStreamTestUtils.java:link(157)) - link SingleDataStream: writeRequest=RaftClientRequest:client-BD5EFA922E7C->s2@group-4AD7D8BDF6E4, cid=393, seq=0, DataStream, Message:<EMPTY>, logEntry=null
2023-03-28 15:13:51,126 [s0-server-thread2] INFO  statemachine.StateMachine (DataStreamTestUtils.java:link(157)) - link SingleDataStream: writeRequest=RaftClientRequest:client-BD5EFA922E7C->s2@group-4AD7D8BDF6E4, cid=391, seq=0, DataStream, Message:<EMPTY>, logEntry=null
2023-03-28 15:13:51,126 [s0-server-thread2] INFO  statemachine.StateMachine (DataStreamTestUtils.java:link(157)) - link SingleDataStream: writeRequest=RaftClientRequest:client-BD5EFA922E7C->s2@group-4AD7D8BDF6E4, cid=392, seq=0, DataStream, Message:<EMPTY>, logEntry=null
2023-03-28 15:13:51,128 [pool-7-thread-10] INFO  datastream.DataStreamTestUtils (DataStreamTestUtils.java:writeAndCloseAndAssertReplies(311)) - start Stream399
2023-03-28 15:13:51,132 [pool-7-thread-12] INFO  datastream.DataStreamTestUtils (DataStreamTestUtils.java:writeAndCloseAndAssertReplies(311)) - start Stream400
2023-03-28 15:13:51,135 [pool-7-thread-11] INFO  datastream.DataStreamTestUtils (DataStreamTestUtils.java:writeAndCloseAndAssertReplies(311)) - start Stream401
2023-03-28 15:13:51,171 [s2-server-thread1] INFO  statemachine.StateMachine (DataStreamTestUtils.java:link(157)) - link SingleDataStream: writeRequest=RaftClientRequest:client-BD5EFA922E7C->s2@group-4AD7D8BDF6E4, cid=393, seq=0, DataStream, Message:<EMPTY>, logEntry=null
2023-03-28 15:13:51,172 [s2-server-thread1] INFO  statemachine.StateMachine (DataStreamTestUtils.java:link(157)) - link SingleDataStream: writeRequest=RaftClientRequest:client-BD5EFA922E7C->s2@group-4AD7D8BDF6E4, cid=391, seq=0, DataStream, Message:<EMPTY>, logEntry=null
2023-03-28 15:13:51,172 [s2-server-thread1] INFO  statemachine.StateMachine (DataStreamTestUtils.java:link(157)) - link SingleDataStream: writeRequest=RaftClientRequest:client-BD5EFA922E7C->s2@group-4AD7D8BDF6E4, cid=392, seq=0, DataStream, Message:<EMPTY>, logEntry=null
2023-03-28 15:13:54,163 [pool-7-thread-13] INFO  datastream.DataStreamTestUtils (DataStreamTestUtils.java:writeAndCloseAndAssertReplies(320)) - Stream376: bytesWritten=3756979
2023-03-28 15:13:54,355 [Timer-2] INFO  impl.MiniRaftCluster (MiniRaftCluster.java:lambda$start$6(349)) - TIMED-PRINT: printing ALL groups
  s0:  RUNNING  FOLLOWER s0@group-4AD7D8BDF6E4:t2, leader=s1, voted=s1, raftlog=Memoized:s0@group-4AD7D8BDF6E4-SegmentedRaftLog:OPENED:c29, conf=1: peers:[s0|rpc:localhost:39189|admin:localhost:46309|client:localhost:42931|dataStream:localhost:35501|priority:0|startupRole:FOLLOWER, s1|rpc:localhost:42161|admin:localhost:45919|client:localhost:41703|dataStream:localhost:35503|priority:0|startupRole:FOLLOWER, s2|rpc:localhost:39003|admin:localhost:43283|client:localhost:38251|dataStream:localhost:44179|priority:0|startupRole:FOLLOWER]|listeners:[], old=null RUNNING
  s1:  RUNNING    LEADER s1@group-4AD7D8BDF6E4:t2, leader=s1, voted=s1, raftlog=Memoized:s1@group-4AD7D8BDF6E4-SegmentedRaftLog:OPENED:c29, conf=1: peers:[s0|rpc:localhost:39189|admin:localhost:46309|client:localhost:42931|dataStream:localhost:35501|priority:0|startupRole:FOLLOWER, s1|rpc:localhost:42161|admin:localhost:45919|client:localhost:41703|dataStream:localhost:35503|priority:0|startupRole:FOLLOWER, s2|rpc:localhost:39003|admin:localhost:43283|client:localhost:38251|dataStream:localhost:44179|priority:0|startupRole:FOLLOWER]|listeners:[], old=null RUNNING
  s2:  RUNNING  FOLLOWER s2@group-4AD7D8BDF6E4:t2, leader=s1, voted=s1, raftlog=Memoized:s2@group-4AD7D8BDF6E4-SegmentedRaftLog:OPENED:c29, conf=1: peers:[s0|rpc:localhost:39189|admin:localhost:46309|client:localhost:42931|dataStream:localhost:35501|priority:0|startupRole:FOLLOWER, s1|rpc:localhost:42161|admin:localhost:45919|client:localhost:41703|dataStream:localhost:35503|priority:0|startupRole:FOLLOWER, s2|rpc:localhost:39003|admin:localhost:43283|client:localhost:38251|dataStream:localhost:44179|priority:0|startupRole:FOLLOWER]|listeners:[], old=null RUNNING
2023-03-28 15:13:55,312 [pool-7-thread-16] INFO  datastream.DataStreamTestUtils (DataStreamTestUtils.java:writeAndCloseAndAssertReplies(320)) - Stream394: bytesWritten=3742435
2023-03-28 15:13:55,319 [s1-client-thread1] INFO  statemachine.StateMachine (DataStreamTestUtils.java:link(157)) - link SingleDataStream: writeRequest=RaftClientRequest:client-BD5EFA922E7C->s2@group-4AD7D8BDF6E4, cid=394, seq=0, DataStream, Message:<EMPTY>, logEntry=null
2023-03-28 15:13:55,320 [s0-server-thread2] INFO  statemachine.StateMachine (DataStreamTestUtils.java:link(157)) - link SingleDataStream: writeRequest=RaftClientRequest:client-BD5EFA922E7C->s2@group-4AD7D8BDF6E4, cid=394, seq=0, DataStream, Message:<EMPTY>, logEntry=null
2023-03-28 15:13:55,323 [pool-7-thread-16] INFO  datastream.DataStreamTestUtils (DataStreamTestUtils.java:writeAndCloseAndAssertReplies(311)) - start Stream402
2023-03-28 15:13:55,331 [s2-server-thread3] INFO  statemachine.StateMachine (DataStreamTestUtils.java:link(157)) - link SingleDataStream: writeRequest=RaftClientRequest:client-BD5EFA922E7C->s2@group-4AD7D8BDF6E4, cid=394, seq=0, DataStream, Message:<EMPTY>, logEntry=null
2023-03-28 15:13:56,002 [s1-client-thread1] INFO  statemachine.StateMachine (DataStreamTestUtils.java:link(157)) - link SingleDataStream: writeRequest=RaftClientRequest:client-05C2F4631667->s0@group-4AD7D8BDF6E4, cid=376, seq=0, DataStream, Message:<EMPTY>, logEntry=null
2023-03-28 15:13:56,013 [s2-server-thread1] INFO  statemachine.StateMachine (DataStreamTestUtils.java:link(157)) - link SingleDataStream: writeRequest=RaftClientRequest:client-05C2F4631667->s0@group-4AD7D8BDF6E4, cid=376, seq=0, DataStream, Message:<EMPTY>, logEntry=null
2023-03-28 15:13:56,015 [pool-7-thread-13] INFO  datastream.DataStreamTestUtils (DataStreamTestUtils.java:writeAndCloseAndAssertReplies(311)) - start Stream403
2023-03-28 15:13:56,031 [s0-server-thread4] INFO  statemachine.StateMachine (DataStreamTestUtils.java:link(157)) - link SingleDataStream: writeRequest=RaftClientRequest:client-05C2F4631667->s0@group-4AD7D8BDF6E4, cid=376, seq=0, DataStream, Message:<EMPTY>, logEntry=null
2023-03-28 15:13:56,693 [pool-7-thread-15] INFO  datastream.DataStreamTestUtils (DataStreamTestUtils.java:writeAndCloseAndAssertReplies(320)) - Stream395: bytesWritten=3743316
2023-03-28 15:13:56,695 [s1-client-thread1] INFO  statemachine.StateMachine (DataStreamTestUtils.java:link(157)) - link SingleDataStream: writeRequest=RaftClientRequest:client-BD5EFA922E7C->s2@group-4AD7D8BDF6E4, cid=395, seq=0, DataStream, Message:<EMPTY>, logEntry=null
2023-03-28 15:13:56,743 [s0-server-thread2] INFO  statemachine.StateMachine (DataStreamTestUtils.java:link(157)) - link SingleDataStream: writeRequest=RaftClientRequest:client-BD5EFA922E7C->s2@group-4AD7D8BDF6E4, cid=395, seq=0, DataStream, Message:<EMPTY>, logEntry=null
2023-03-28 15:13:56,746 [pool-7-thread-15] INFO  datastream.DataStreamTestUtils (DataStreamTestUtils.java:writeAndCloseAndAssertReplies(311)) - start Stream404
2023-03-28 15:13:56,748 [s2-server-thread1] INFO  statemachine.StateMachine (DataStreamTestUtils.java:link(157)) - link SingleDataStream: writeRequest=RaftClientRequest:client-BD5EFA922E7C->s2@group-4AD7D8BDF6E4, cid=395, seq=0, DataStream, Message:<EMPTY>, logEntry=null
2023-03-28 15:13:56,790 [pool-7-thread-14] INFO  datastream.DataStreamTestUtils (DataStreamTestUtils.java:writeAndCloseAndAssertReplies(320)) - Stream396: bytesWritten=3740890
2023-03-28 15:13:56,796 [s1-client-thread1] INFO  statemachine.StateMachine (DataStreamTestUtils.java:link(157)) - link SingleDataStream: writeRequest=RaftClientRequest:client-BD5EFA922E7C->s2@group-4AD7D8BDF6E4, cid=396, seq=0, DataStream, Message:<EMPTY>, logEntry=null
2023-03-28 15:13:56,797 [s0-server-thread2] INFO  statemachine.StateMachine (DataStreamTestUtils.java:link(157)) - link SingleDataStream: writeRequest=RaftClientRequest:client-BD5EFA922E7C->s2@group-4AD7D8BDF6E4, cid=396, seq=0, DataStream, Message:<EMPTY>, logEntry=null
2023-03-28 15:13:56,800 [pool-7-thread-14] INFO  datastream.DataStreamTestUtils (DataStreamTestUtils.java:writeAndCloseAndAssertReplies(311)) - start Stream405
2023-03-28 15:13:56,806 [s2-server-thread1] INFO  statemachine.StateMachine (DataStreamTestUtils.java:link(157)) - link SingleDataStream: writeRequest=RaftClientRequest:client-BD5EFA922E7C->s2@group-4AD7D8BDF6E4, cid=396, seq=0, DataStream, Message:<EMPTY>, logEntry=null
2023-03-28 15:13:57,056 [pool-7-thread-4] INFO  datastream.DataStreamTestUtils (DataStreamTestUtils.java:writeAndCloseAndAssertReplies(311)) - start Stream406
2023-03-28 15:13:59,971 [pool-7-thread-10] INFO  datastream.DataStreamTestUtils (DataStreamTestUtils.java:writeAndCloseAndAssertReplies(320)) - Stream399: bytesWritten=3741707
2023-03-28 15:14:01,491 [pool-7-thread-12] INFO  datastream.DataStreamTestUtils (DataStreamTestUtils.java:writeAndCloseAndAssertReplies(320)) - Stream400: bytesWritten=3740755
2023-03-28 15:14:01,730 [pool-7-thread-11] INFO  datastream.DataStreamTestUtils (DataStreamTestUtils.java:writeAndCloseAndAssertReplies(320)) - Stream401: bytesWritten=3758217
2023-03-28 15:14:02,511 [pool-7-thread-13] INFO  datastream.DataStreamTestUtils (DataStreamTestUtils.java:writeAndCloseAndAssertReplies(320)) - Stream403: bytesWritten=3738012
2023-03-28 15:14:03,434 [s1-client-thread1] INFO  statemachine.StateMachine (DataStreamTestUtils.java:link(157)) - link SingleDataStream: writeRequest=RaftClientRequest:client-05C2F4631667->s0@group-4AD7D8BDF6E4, cid=399, seq=0, DataStream, Message:<EMPTY>, logEntry=null
2023-03-28 15:14:03,435 [s1-client-thread1] INFO  statemachine.StateMachine (DataStreamTestUtils.java:link(157)) - link SingleDataStream: writeRequest=RaftClientRequest:client-05C2F4631667->s0@group-4AD7D8BDF6E4, cid=400, seq=0, DataStream, Message:<EMPTY>, logEntry=null
2023-03-28 15:14:03,436 [s1-client-thread1] INFO  statemachine.StateMachine (DataStreamTestUtils.java:link(157)) - link SingleDataStream: writeRequest=RaftClientRequest:client-05C2F4631667->s0@group-4AD7D8BDF6E4, cid=401, seq=0, DataStream, Message:<EMPTY>, logEntry=null
2023-03-28 15:14:03,439 [s0-server-thread4] INFO  statemachine.StateMachine (DataStreamTestUtils.java:link(157)) - link SingleDataStream: writeRequest=RaftClientRequest:client-05C2F4631667->s0@group-4AD7D8BDF6E4, cid=399, seq=0, DataStream, Message:<EMPTY>, logEntry=null
2023-03-28 15:14:03,441 [s1-client-thread1] INFO  statemachine.StateMachine (DataStreamTestUtils.java:link(157)) - link SingleDataStream: writeRequest=RaftClientRequest:client-05C2F4631667->s0@group-4AD7D8BDF6E4, cid=403, seq=0, DataStream, Message:<EMPTY>, logEntry=null
2023-03-28 15:14:03,442 [pool-7-thread-10] INFO  datastream.DataStreamTestUtils (DataStreamTestUtils.java:writeAndCloseAndAssertReplies(311)) - start Stream407
2023-03-28 15:14:03,447 [s2-server-thread1] INFO  statemachine.StateMachine (DataStreamTestUtils.java:link(157)) - link SingleDataStream: writeRequest=RaftClientRequest:client-05C2F4631667->s0@group-4AD7D8BDF6E4, cid=399, seq=0, DataStream, Message:<EMPTY>, logEntry=null
2023-03-28 15:14:03,450 [s0-server-thread4] INFO  statemachine.StateMachine (DataStreamTestUtils.java:link(157)) - link SingleDataStream: writeRequest=RaftClientRequest:client-05C2F4631667->s0@group-4AD7D8BDF6E4, cid=400, seq=0, DataStream, Message:<EMPTY>, logEntry=null
2023-03-28 15:14:03,450 [s0-server-thread4] INFO  statemachine.StateMachine (DataStreamTestUtils.java:link(157)) - link SingleDataStream: writeRequest=RaftClientRequest:client-05C2F4631667->s0@group-4AD7D8BDF6E4, cid=401, seq=0, DataStream, Message:<EMPTY>, logEntry=null
2023-03-28 15:14:03,453 [s2-server-thread1] INFO  statemachine.StateMachine (DataStreamTestUtils.java:link(157)) - link SingleDataStream: writeRequest=RaftClientRequest:client-05C2F4631667->s0@group-4AD7D8BDF6E4, cid=400, seq=0, DataStream, Message:<EMPTY>, logEntry=null
2023-03-28 15:14:03,454 [s2-server-thread1] INFO  statemachine.StateMachine (DataStreamTestUtils.java:link(157)) - link SingleDataStream: writeRequest=RaftClientRequest:client-05C2F4631667->s0@group-4AD7D8BDF6E4, cid=401, seq=0, DataStream, Message:<EMPTY>, logEntry=null
2023-03-28 15:14:03,454 [s2-server-thread1] INFO  statemachine.StateMachine (DataStreamTestUtils.java:link(157)) - link SingleDataStream: writeRequest=RaftClientRequest:client-05C2F4631667->s0@group-4AD7D8BDF6E4, cid=403, seq=0, DataStream, Message:<EMPTY>, logEntry=null
2023-03-28 15:14:03,454 [pool-7-thread-12] INFO  datastream.DataStreamTestUtils (DataStreamTestUtils.java:writeAndCloseAndAssertReplies(311)) - start Stream408
2023-03-28 15:14:03,454 [pool-7-thread-11] INFO  datastream.DataStreamTestUtils (DataStreamTestUtils.java:writeAndCloseAndAssertReplies(311)) - start Stream409
2023-03-28 15:14:03,461 [pool-7-thread-13] INFO  datastream.DataStreamTestUtils (DataStreamTestUtils.java:writeAndCloseAndAssertReplies(311)) - start Stream410
2023-03-28 15:14:03,463 [pool-7-thread-16] INFO  datastream.DataStreamTestUtils (DataStreamTestUtils.java:writeAndCloseAndAssertReplies(320)) - Stream402: bytesWritten=3750344
2023-03-28 15:14:03,464 [s0-server-thread4] INFO  statemachine.StateMachine (DataStreamTestUtils.java:link(157)) - link SingleDataStream: writeRequest=RaftClientRequest:client-05C2F4631667->s0@group-4AD7D8BDF6E4, cid=403, seq=0, DataStream, Message:<EMPTY>, logEntry=null
2023-03-28 15:14:05,545 [Timer-2] INFO  impl.MiniRaftCluster (MiniRaftCluster.java:lambda$start$6(349)) - TIMED-PRINT: printing ALL groups
  s0:  RUNNING  FOLLOWER s0@group-4AD7D8BDF6E4:t2, leader=s1, voted=s1, raftlog=Memoized:s0@group-4AD7D8BDF6E4-SegmentedRaftLog:OPENED:c43, conf=1: peers:[s0|rpc:localhost:39189|admin:localhost:46309|client:localhost:42931|dataStream:localhost:35501|priority:0|startupRole:FOLLOWER, s1|rpc:localhost:42161|admin:localhost:45919|client:localhost:41703|dataStream:localhost:35503|priority:0|startupRole:FOLLOWER, s2|rpc:localhost:39003|admin:localhost:43283|client:localhost:38251|dataStream:localhost:44179|priority:0|startupRole:FOLLOWER]|listeners:[], old=null RUNNING
  s1:  RUNNING    LEADER s1@group-4AD7D8BDF6E4:t2, leader=s1, voted=s1, raftlog=Memoized:s1@group-4AD7D8BDF6E4-SegmentedRaftLog:OPENED:c43, conf=1: peers:[s0|rpc:localhost:39189|admin:localhost:46309|client:localhost:42931|dataStream:localhost:35501|priority:0|startupRole:FOLLOWER, s1|rpc:localhost:42161|admin:localhost:45919|client:localhost:41703|dataStream:localhost:35503|priority:0|startupRole:FOLLOWER, s2|rpc:localhost:39003|admin:localhost:43283|client:localhost:38251|dataStream:localhost:44179|priority:0|startupRole:FOLLOWER]|listeners:[], old=null RUNNING
  s2:  RUNNING  FOLLOWER s2@group-4AD7D8BDF6E4:t2, leader=s1, voted=s1, raftlog=Memoized:s2@group-4AD7D8BDF6E4-SegmentedRaftLog:OPENED:c43, conf=1: peers:[s0|rpc:localhost:39189|admin:localhost:46309|client:localhost:42931|dataStream:localhost:35501|priority:0|startupRole:FOLLOWER, s1|rpc:localhost:42161|admin:localhost:45919|client:localhost:41703|dataStream:localhost:35503|priority:0|startupRole:FOLLOWER, s2|rpc:localhost:39003|admin:localhost:43283|client:localhost:38251|dataStream:localhost:44179|priority:0|startupRole:FOLLOWER]|listeners:[], old=null RUNNING
2023-03-28 15:14:05,545 [JvmPauseMonitor6] WARN  util.JvmPauseMonitor (JvmPauseMonitor.java:detectPause(124)) - JvmPauseMonitor-s2: Detected pause in JVM or host machine approximately 1.353s with 1.784s GC time.
GC pool 'G1 Young Generation' had collection(s): count=2 time=209ms
GC pool 'G1 Old Generation' had collection(s): count=1 time=1575ms
2023-03-28 15:14:05,545 [JvmPauseMonitor5] WARN  util.JvmPauseMonitor (JvmPauseMonitor.java:detectPause(124)) - JvmPauseMonitor-s1: Detected pause in JVM or host machine approximately 1.354s with 1.784s GC time.
GC pool 'G1 Young Generation' had collection(s): count=2 time=209ms
GC pool 'G1 Old Generation' had collection(s): count=1 time=1575ms
2023-03-28 15:14:05,546 [s1@group-4AD7D8BDF6E4-LeaderStateImpl] WARN  server.RaftServer$Division (LeaderStateImpl.java:checkLeadership(1074)) - s1@group-4AD7D8BDF6E4-LeaderStateImpl: Lost leadership on term: 2. Election timeout: 300ms. In charge for: 46216ms. Conf: 1: peers:[s0|rpc:localhost:39189|admin:localhost:46309|client:localhost:42931|dataStream:localhost:35501|priority:0|startupRole:FOLLOWER, s1|rpc:localhost:42161|admin:localhost:45919|client:localhost:41703|dataStream:localhost:35503|priority:0|startupRole:FOLLOWER, s2|rpc:localhost:39003|admin:localhost:43283|client:localhost:38251|dataStream:localhost:44179|priority:0|startupRole:FOLLOWER]|listeners:[], old=null
2023-03-28 15:14:05,546 [s1@group-4AD7D8BDF6E4-LeaderStateImpl] WARN  server.RaftServer$Division (LeaderStateImpl.java:lambda$checkLeadership$19(1078)) - Follower s1@group-4AD7D8BDF6E4->s0(c43,m43,n44, attendVote=true, lastRpcSendTime=1820, lastRpcResponseTime=1831)
2023-03-28 15:14:05,546 [s1@group-4AD7D8BDF6E4-LeaderStateImpl] WARN  server.RaftServer$Division (LeaderStateImpl.java:lambda$checkLeadership$19(1078)) - Follower s1@group-4AD7D8BDF6E4->s2(c43,m43,n44, attendVote=true, lastRpcSendTime=1669, lastRpcResponseTime=1839)
2023-03-28 15:14:05,546 [s1@group-4AD7D8BDF6E4-LeaderStateImpl] INFO  server.RaftServer$Division (RaftServerImpl.java:setRole(329)) - s1@group-4AD7D8BDF6E4: changes role from    LEADER to FOLLOWER at term 2 for StepDownReason:LOST_MAJORITY_HEARTBEATS
2023-03-28 15:14:05,546 [s1@group-4AD7D8BDF6E4-LeaderStateImpl] INFO  impl.RoleInfo (RoleInfo.java:shutdownLeaderState(93)) - s1: shutdown s1@group-4AD7D8BDF6E4-LeaderStateImpl
2023-03-28 15:14:05,546 [s1@group-4AD7D8BDF6E4-LeaderStateImpl] INFO  impl.PendingRequests (PendingRequests.java:sendNotLeaderResponses(289)) - s1@group-4AD7D8BDF6E4-PendingRequests: sendNotLeaderResponses
2023-03-28 15:14:05,547 [s1@group-4AD7D8BDF6E4-LeaderStateImpl] INFO  server.RaftServer$Division (ServerState.java:setLeader(260)) - s1@group-4AD7D8BDF6E4: change Leader from s1 to null at term 2 for StepDownReason:LOST_MAJORITY_HEARTBEATS
2023-03-28 15:14:05,547 [s1@group-4AD7D8BDF6E4-LeaderStateImpl] INFO  impl.RoleInfo (RoleInfo.java:updateAndGet(139)) - s1: start s1@group-4AD7D8BDF6E4-FollowerState
2023-03-28 15:14:05,549 [JvmPauseMonitor4] WARN  util.JvmPauseMonitor (JvmPauseMonitor.java:detectPause(124)) - JvmPauseMonitor-s0: Detected pause in JVM or host machine approximately 1.537s with 1.784s GC time.
GC pool 'G1 Young Generation' had collection(s): count=2 time=209ms
GC pool 'G1 Old Generation' had collection(s): count=1 time=1575ms
2023-03-28 15:14:05,551 [grpc-default-executor-2] INFO  server.GrpcServerProtocolService (GrpcServerProtocolService.java:onCompleted(145)) - s0: Completed APPEND_ENTRIES, lastRequest: s1->s0#67801-t2,previous=(t:2, i:42),leaderCommit=42,initializing? true,entries: size=1, first=(t:2, i:43), METADATAENTRY(c:42)
2023-03-28 15:14:05,552 [grpc-default-executor-7] INFO  server.GrpcServerProtocolService (GrpcServerProtocolService.java:onCompleted(145)) - s0: Completed APPEND_ENTRIES, lastRequest: null
2023-03-28 15:14:05,552 [s2@group-4AD7D8BDF6E4-FollowerState] WARN  impl.FollowerState (FollowerState.java:run(130)) - Unexpected long sleep: sleep 201ms but took extra 1634392758ns (> threshold = 300ms)
2023-03-28 15:14:05,552 [s0@group-4AD7D8BDF6E4-FollowerState] WARN  impl.FollowerState (FollowerState.java:run(130)) - Unexpected long sleep: sleep 223ms but took extra 1650773874ns (> threshold = 300ms)
2023-03-28 15:14:05,552 [s1@group-4AD7D8BDF6E4->s2-GrpcLogAppender-LogAppenderDaemon] WARN  server.GrpcLogAppender (GrpcLogAppender.java:mayWait(195)) - s1@group-4AD7D8BDF6E4->s2-GrpcLogAppender: Wait interrupted by java.lang.InterruptedException
2023-03-28 15:14:05,553 [grpc-default-executor-7] INFO  server.GrpcLogAppender (GrpcLogAppender.java:onCompleted(422)) - s1@group-4AD7D8BDF6E4->s0-AppendLogResponseHandler: follower responses appendEntries COMPLETED
2023-03-28 15:14:05,554 [grpc-default-executor-7] INFO  leader.FollowerInfo (FollowerInfoImpl.java:lambda$new$0(52)) - s1@group-4AD7D8BDF6E4->s0: decreaseNextIndex nextIndex: updateUnconditionally 44 -> 43
2023-03-28 15:14:05,554 [grpc-default-executor-2] INFO  server.GrpcLogAppender (GrpcLogAppender.java:onCompleted(422)) - s1@group-4AD7D8BDF6E4->s0-AppendLogResponseHandler: follower responses appendEntries COMPLETED
2023-03-28 15:14:05,554 [grpc-default-executor-2] INFO  leader.FollowerInfo (FollowerInfoImpl.java:lambda$new$0(52)) - s1@group-4AD7D8BDF6E4->s0: decreaseNextIndex nextIndex: updateUnconditionally 43 -> 42
2023-03-28 15:14:05,554 [grpc-default-executor-2] INFO  server.GrpcServerProtocolService (GrpcServerProtocolService.java:onCompleted(145)) - s2: Completed APPEND_ENTRIES, lastRequest: s1->s2#67702-t2,previous=(t:2, i:42),leaderCommit=42,initializing? true,entries: size=1, first=(t:2, i:43), METADATAENTRY(c:42)
2023-03-28 15:14:05,555 [grpc-default-executor-2] INFO  server.GrpcLogAppender (GrpcLogAppender.java:onCompleted(422)) - s1@group-4AD7D8BDF6E4->s2-AppendLogResponseHandler: follower responses appendEntries COMPLETED
2023-03-28 15:14:05,555 [grpc-default-executor-2] INFO  leader.FollowerInfo (FollowerInfoImpl.java:lambda$new$0(52)) - s1@group-4AD7D8BDF6E4->s2: decreaseNextIndex nextIndex: updateUnconditionally 44 -> 43
2023-03-28 15:14:05,570 [grpc-default-executor-0] INFO  server.GrpcServerProtocolService (GrpcServerProtocolService.java:onCompleted(145)) - s2: Completed APPEND_ENTRIES, lastRequest: null
2023-03-28 15:14:05,571 [grpc-default-executor-0] INFO  server.GrpcLogAppender (GrpcLogAppender.java:onCompleted(422)) - s1@group-4AD7D8BDF6E4->s2-AppendLogResponseHandler: follower responses appendEntries COMPLETED
2023-03-28 15:14:05,571 [grpc-default-executor-0] INFO  leader.FollowerInfo (FollowerInfoImpl.java:lambda$new$0(52)) - s1@group-4AD7D8BDF6E4->s2: decreaseNextIndex nextIndex: updateUnconditionally 43 -> 42
2023-03-28 15:14:05,736 [s0@group-4AD7D8BDF6E4-FollowerState] INFO  impl.FollowerState (FollowerState.java:run(143)) - s0@group-4AD7D8BDF6E4-FollowerState: change to CANDIDATE, lastRpcElapsedTime:2022621963ns, electionTimeout:184ms
2023-03-28 15:14:05,736 [s0@group-4AD7D8BDF6E4-FollowerState] INFO  impl.RoleInfo (RoleInfo.java:shutdownFollowerState(110)) - s0: shutdown s0@group-4AD7D8BDF6E4-FollowerState
2023-03-28 15:14:05,737 [s0@group-4AD7D8BDF6E4-FollowerState] INFO  server.RaftServer$Division (RaftServerImpl.java:setRole(329)) - s0@group-4AD7D8BDF6E4: changes role from  FOLLOWER to CANDIDATE at term 2 for changeToCandidate
2023-03-28 15:14:05,737 [s0@group-4AD7D8BDF6E4-FollowerState] INFO  server.RaftServerConfigKeys (ConfUtils.java:logGet(46)) - raft.server.leaderelection.pre-vote = true (default)
2023-03-28 15:14:05,737 [s0@group-4AD7D8BDF6E4-FollowerState] INFO  impl.RoleInfo (RoleInfo.java:updateAndGet(139)) - s0: start s0@group-4AD7D8BDF6E4-LeaderElection12
2023-03-28 15:14:05,757 [s0@group-4AD7D8BDF6E4-LeaderElection12] INFO  server.RaftServer$Division (ServerState.java:setLeader(260)) - s0@group-4AD7D8BDF6E4: change Leader from s1 to null at term 2 for PRE_VOTE
2023-03-28 15:14:05,759 [s0@group-4AD7D8BDF6E4-LeaderElection12] INFO  impl.LeaderElection (LeaderElection.java:askForVotes(320)) - s0@group-4AD7D8BDF6E4-LeaderElection12 PRE_VOTE round 0: submit vote requests at term 2 for 1: peers:[s0|rpc:localhost:39189|admin:localhost:46309|client:localhost:42931|dataStream:localhost:35501|priority:0|startupRole:FOLLOWER, s1|rpc:localhost:42161|admin:localhost:45919|client:localhost:41703|dataStream:localhost:35503|priority:0|startupRole:FOLLOWER, s2|rpc:localhost:39003|admin:localhost:43283|client:localhost:38251|dataStream:localhost:44179|priority:0|startupRole:FOLLOWER]|listeners:[], old=null
2023-03-28 15:14:05,780 [s1@group-4AD7D8BDF6E4-FollowerState] INFO  impl.FollowerState (FollowerState.java:lostMajorityHeartbeatsRecently(108)) - s1@group-4AD7D8BDF6E4-FollowerState: Skipping leader election since it stepped down recently (elapsed = 233ms < waitTime = 10s)
2023-03-28 15:14:05,831 [grpc-default-executor-0] INFO  server.RaftServer$Division (RaftServerImpl.java:requestVote(1300)) - s1@group-4AD7D8BDF6E4: receive requestVote(PRE_VOTE, s0, group-4AD7D8BDF6E4, 2, (t:2, i:43))
2023-03-28 15:14:05,831 [grpc-default-executor-0] INFO  impl.VoteContext (VoteContext.java:log(49)) - s1@group-4AD7D8BDF6E4-FOLLOWER: accept PRE_VOTE from s0: our priority 0 <= candidate's priority 0
2023-03-28 15:14:05,832 [grpc-default-executor-0] INFO  server.RaftServer$Division (RaftServerImpl.java:requestVote(1333)) - s1@group-4AD7D8BDF6E4 replies to PRE_VOTE vote request: s0<-s1#0:OK-t2. Peer's state: s1@group-4AD7D8BDF6E4:t2, leader=null, voted=s1, raftlog=Memoized:s1@group-4AD7D8BDF6E4-SegmentedRaftLog:OPENED:c43, conf=1: peers:[s0|rpc:localhost:39189|admin:localhost:46309|client:localhost:42931|dataStream:localhost:35501|priority:0|startupRole:FOLLOWER, s1|rpc:localhost:42161|admin:localhost:45919|client:localhost:41703|dataStream:localhost:35503|priority:0|startupRole:FOLLOWER, s2|rpc:localhost:39003|admin:localhost:43283|client:localhost:38251|dataStream:localhost:44179|priority:0|startupRole:FOLLOWER]|listeners:[], old=null
2023-03-28 15:14:05,834 [s0@group-4AD7D8BDF6E4-LeaderElection12] INFO  impl.LeaderElection (LeaderElection.java:logAndReturn(89)) - s0@group-4AD7D8BDF6E4-LeaderElection12: PRE_VOTE PASSED received 1 response(s) and 0 exception(s):
2023-03-28 15:14:05,835 [s0@group-4AD7D8BDF6E4-LeaderElection12] INFO  impl.LeaderElection (LeaderElection.java:logAndReturn(93)) -   Response 0: s0<-s1#0:OK-t2
2023-03-28 15:14:05,835 [s0@group-4AD7D8BDF6E4-LeaderElection12] INFO  impl.LeaderElection (LeaderElection.java:askForVotes(322)) - s0@group-4AD7D8BDF6E4-LeaderElection12 PRE_VOTE round 0: result PASSED
2023-03-28 15:14:05,841 [s0@group-4AD7D8BDF6E4-LeaderElection12] INFO  impl.LeaderElection (LeaderElection.java:askForVotes(320)) - s0@group-4AD7D8BDF6E4-LeaderElection12 ELECTION round 0: submit vote requests at term 3 for 1: peers:[s0|rpc:localhost:39189|admin:localhost:46309|client:localhost:42931|dataStream:localhost:35501|priority:0|startupRole:FOLLOWER, s1|rpc:localhost:42161|admin:localhost:45919|client:localhost:41703|dataStream:localhost:35503|priority:0|startupRole:FOLLOWER, s2|rpc:localhost:39003|admin:localhost:43283|client:localhost:38251|dataStream:localhost:44179|priority:0|startupRole:FOLLOWER]|listeners:[], old=null
2023-03-28 15:14:05,927 [grpc-default-executor-0] INFO  server.RaftServer$Division (RaftServerImpl.java:requestVote(1300)) - s2@group-4AD7D8BDF6E4: receive requestVote(PRE_VOTE, s0, group-4AD7D8BDF6E4, 2, (t:2, i:43))
2023-03-28 15:14:05,927 [grpc-default-executor-0] INFO  impl.VoteContext (VoteContext.java:log(49)) - s2@group-4AD7D8BDF6E4-FOLLOWER: accept PRE_VOTE from s0: our priority 0 <= candidate's priority 0
2023-03-28 15:14:05,928 [grpc-default-executor-0] INFO  server.RaftServer$Division (RaftServerImpl.java:requestVote(1333)) - s2@group-4AD7D8BDF6E4 replies to PRE_VOTE vote request: s0<-s2#0:OK-t2. Peer's state: s2@group-4AD7D8BDF6E4:t2, leader=s1, voted=s1, raftlog=Memoized:s2@group-4AD7D8BDF6E4-SegmentedRaftLog:OPENED:c43, conf=1: peers:[s0|rpc:localhost:39189|admin:localhost:46309|client:localhost:42931|dataStream:localhost:35501|priority:0|startupRole:FOLLOWER, s1|rpc:localhost:42161|admin:localhost:45919|client:localhost:41703|dataStream:localhost:35503|priority:0|startupRole:FOLLOWER, s2|rpc:localhost:39003|admin:localhost:43283|client:localhost:38251|dataStream:localhost:44179|priority:0|startupRole:FOLLOWER]|listeners:[], old=null
2023-03-28 15:14:05,940 [grpc-default-executor-0] INFO  server.RaftServer$Division (RaftServerImpl.java:requestVote(1300)) - s1@group-4AD7D8BDF6E4: receive requestVote(ELECTION, s0, group-4AD7D8BDF6E4, 3, (t:2, i:43))
2023-03-28 15:14:05,940 [grpc-default-executor-0] INFO  impl.VoteContext (VoteContext.java:log(49)) - s1@group-4AD7D8BDF6E4-FOLLOWER: accept ELECTION from s0: our priority 0 <= candidate's priority 0
2023-03-28 15:14:05,940 [grpc-default-executor-0] INFO  server.RaftServer$Division (RaftServerImpl.java:setRole(329)) - s1@group-4AD7D8BDF6E4: changes role from  FOLLOWER to FOLLOWER at term 3 for candidate:s0
2023-03-28 15:14:05,940 [grpc-default-executor-0] INFO  impl.RoleInfo (RoleInfo.java:shutdownFollowerState(110)) - s1: shutdown s1@group-4AD7D8BDF6E4-FollowerState
2023-03-28 15:14:05,940 [grpc-default-executor-0] INFO  impl.RoleInfo (RoleInfo.java:updateAndGet(139)) - s1: start s1@group-4AD7D8BDF6E4-FollowerState
2023-03-28 15:14:05,940 [s1@group-4AD7D8BDF6E4-FollowerState] INFO  impl.FollowerState (FollowerState.java:run(152)) - s1@group-4AD7D8BDF6E4-FollowerState was interrupted
2023-03-28 15:14:05,972 [grpc-default-executor-0] INFO  server.RaftServer$Division (RaftServerImpl.java:requestVote(1333)) - s1@group-4AD7D8BDF6E4 replies to ELECTION vote request: s0<-s1#0:OK-t3. Peer's state: s1@group-4AD7D8BDF6E4:t3, leader=null, voted=s0, raftlog=Memoized:s1@group-4AD7D8BDF6E4-SegmentedRaftLog:OPENED:c43, conf=1: peers:[s0|rpc:localhost:39189|admin:localhost:46309|client:localhost:42931|dataStream:localhost:35501|priority:0|startupRole:FOLLOWER, s1|rpc:localhost:42161|admin:localhost:45919|client:localhost:41703|dataStream:localhost:35503|priority:0|startupRole:FOLLOWER, s2|rpc:localhost:39003|admin:localhost:43283|client:localhost:38251|dataStream:localhost:44179|priority:0|startupRole:FOLLOWER]|listeners:[], old=null
2023-03-28 15:14:05,977 [s0@group-4AD7D8BDF6E4-LeaderElection12] INFO  impl.LeaderElection (LeaderElection.java:logAndReturn(89)) - s0@group-4AD7D8BDF6E4-LeaderElection12: ELECTION PASSED received 1 response(s) and 0 exception(s):
2023-03-28 15:14:05,977 [s0@group-4AD7D8BDF6E4-LeaderElection12] INFO  impl.LeaderElection (LeaderElection.java:logAndReturn(93)) -   Response 0: s0<-s1#0:OK-t3
2023-03-28 15:14:05,977 [s0@group-4AD7D8BDF6E4-LeaderElection12] INFO  impl.LeaderElection (LeaderElection.java:askForVotes(322)) - s0@group-4AD7D8BDF6E4-LeaderElection12 ELECTION round 0: result PASSED
2023-03-28 15:14:05,977 [s0@group-4AD7D8BDF6E4-LeaderElection12] INFO  impl.RoleInfo (RoleInfo.java:shutdownLeaderElection(130)) - s0: shutdown s0@group-4AD7D8BDF6E4-LeaderElection12
2023-03-28 15:14:05,977 [s0@group-4AD7D8BDF6E4-LeaderElection12] INFO  server.RaftServer$Division (RaftServerImpl.java:setRole(329)) - s0@group-4AD7D8BDF6E4: changes role from CANDIDATE to LEADER at term 3 for changeToLeader
2023-03-28 15:14:05,977 [s0@group-4AD7D8BDF6E4-LeaderElection12] INFO  server.RaftServer$Division (ServerState.java:setLeader(260)) - s0@group-4AD7D8BDF6E4: change Leader from null to s0 at term 3 for becomeLeader, leader elected after 220ms
2023-03-28 15:14:05,977 [s0@group-4AD7D8BDF6E4-LeaderElection12] INFO  server.RaftServerConfigKeys (ConfUtils.java:logGet(46)) - raft.server.staging.catchup.gap = 1000 (default)
2023-03-28 15:14:05,977 [s0@group-4AD7D8BDF6E4-LeaderElection12] INFO  server.RaftServerConfigKeys (ConfUtils.java:logGet(46)) - raft.server.write.element-limit = 4096 (default)
2023-03-28 15:14:05,978 [s0@group-4AD7D8BDF6E4-LeaderElection12] INFO  server.RaftServerConfigKeys (ConfUtils.java:logGet(46)) - raft.server.write.byte-limit = 64MB (=67108864) (default)
2023-03-28 15:14:05,978 [s0@group-4AD7D8BDF6E4-LeaderElection12] INFO  server.RaftServerConfigKeys (ConfUtils.java:logGet(46)) - raft.server.watch.timeout = 10s (default)
2023-03-28 15:14:05,978 [s0@group-4AD7D8BDF6E4-LeaderElection12] INFO  server.RaftServerConfigKeys (ConfUtils.java:logGet(46)) - raft.server.watch.timeout.denomination = 1s (default)
2023-03-28 15:14:05,978 [s0@group-4AD7D8BDF6E4-LeaderElection12] INFO  server.RaftServerConfigKeys (ConfUtils.java:logGet(46)) - raft.server.watch.element-limit = 65536 (default)
2023-03-28 15:14:05,978 [s0@group-4AD7D8BDF6E4-LeaderElection12] INFO  server.RaftServerConfigKeys (ConfUtils.java:logGet(46)) - raft.server.write.element-limit = 4096 (default)
2023-03-28 15:14:05,978 [s0@group-4AD7D8BDF6E4-LeaderElection12] INFO  server.RaftServerConfigKeys (ConfUtils.java:logGet(46)) - raft.server.write.follower.gap.ratio.max = -1.0 (default)
2023-03-28 15:14:06,068 [s0@group-4AD7D8BDF6E4-LeaderElection12] INFO  server.RaftServerConfigKeys (ConfUtils.java:logGet(46)) - raft.server.log.appender.snapshot.chunk.size.max = 16MB (=16777216) (default)
2023-03-28 15:14:06,069 [s0@group-4AD7D8BDF6E4-LeaderElection12] INFO  server.RaftServerConfigKeys (ConfUtils.java:logGet(46)) - raft.server.log.appender.buffer.byte-limit = 4MB (=4194304) (default)
2023-03-28 15:14:06,069 [s0@group-4AD7D8BDF6E4-LeaderElection12] INFO  server.RaftServerConfigKeys (ConfUtils.java:logGet(46)) - raft.server.log.appender.buffer.element-limit = 0 (default)
2023-03-28 15:14:06,069 [s0@group-4AD7D8BDF6E4-LeaderElection12] INFO  server.RaftServerConfigKeys (ConfUtils.java:logGet(46)) - raft.server.log.appender.wait-time.min = 10ms (default)
2023-03-28 15:14:06,069 [s0@group-4AD7D8BDF6E4-LeaderElection12] INFO  grpc.GrpcConfigKeys (ConfUtils.java:logGet(46)) - raft.grpc.server.leader.outstanding.appends.max = 128 (default)
2023-03-28 15:14:06,069 [s0@group-4AD7D8BDF6E4-LeaderElection12] INFO  server.RaftServerConfigKeys (ConfUtils.java:logGet(46)) - raft.server.rpc.request.timeout = 3000ms (default)
2023-03-28 15:14:06,069 [s0@group-4AD7D8BDF6E4-LeaderElection12] INFO  grpc.GrpcConfigKeys (ConfUtils.java:logGet(46)) - raft.grpc.server.install_snapshot.request.element-limit = 8 (default)
2023-03-28 15:14:06,069 [s0@group-4AD7D8BDF6E4-LeaderElection12] INFO  grpc.GrpcConfigKeys (ConfUtils.java:logGet(46)) - raft.grpc.server.install_snapshot.request.timeout = 3000ms (default)
2023-03-28 15:14:06,069 [s0@group-4AD7D8BDF6E4-LeaderElection12] INFO  server.RaftServerConfigKeys (ConfUtils.java:logGet(46)) - raft.server.log.appender.install.snapshot.enabled = true (default)
2023-03-28 15:14:06,069 [s0@group-4AD7D8BDF6E4-LeaderElection12] INFO  grpc.GrpcConfigKeys (ConfUtils.java:logGet(46)) - raft.grpc.server.heartbeat.channel = true (default)
2023-03-28 15:14:06,070 [s0@group-4AD7D8BDF6E4-LeaderElection12] INFO  server.RaftServerConfigKeys (ConfUtils.java:logGet(46)) - raft.server.log.appender.snapshot.chunk.size.max = 16MB (=16777216) (default)
2023-03-28 15:14:06,070 [s0@group-4AD7D8BDF6E4-LeaderElection12] INFO  server.RaftServerConfigKeys (ConfUtils.java:logGet(46)) - raft.server.log.appender.buffer.byte-limit = 4MB (=4194304) (default)
2023-03-28 15:14:06,070 [s0@group-4AD7D8BDF6E4-LeaderElection12] INFO  server.RaftServerConfigKeys (ConfUtils.java:logGet(46)) - raft.server.log.appender.buffer.element-limit = 0 (default)
2023-03-28 15:14:06,070 [s0@group-4AD7D8BDF6E4-LeaderElection12] INFO  server.RaftServerConfigKeys (ConfUtils.java:logGet(46)) - raft.server.log.appender.wait-time.min = 10ms (default)
2023-03-28 15:14:06,070 [s0@group-4AD7D8BDF6E4-LeaderElection12] INFO  grpc.GrpcConfigKeys (ConfUtils.java:logGet(46)) - raft.grpc.server.leader.outstanding.appends.max = 128 (default)
2023-03-28 15:14:06,070 [s0@group-4AD7D8BDF6E4-LeaderElection12] INFO  server.RaftServerConfigKeys (ConfUtils.java:logGet(46)) - raft.server.rpc.request.timeout = 3000ms (default)
2023-03-28 15:14:06,070 [s0@group-4AD7D8BDF6E4-LeaderElection12] INFO  grpc.GrpcConfigKeys (ConfUtils.java:logGet(46)) - raft.grpc.server.install_snapshot.request.element-limit = 8 (default)
2023-03-28 15:14:06,070 [s0@group-4AD7D8BDF6E4-LeaderElection12] INFO  grpc.GrpcConfigKeys (ConfUtils.java:logGet(46)) - raft.grpc.server.install_snapshot.request.timeout = 3000ms (default)
2023-03-28 15:14:06,070 [s0@group-4AD7D8BDF6E4-LeaderElection12] INFO  server.RaftServerConfigKeys (ConfUtils.java:logGet(46)) - raft.server.log.appender.install.snapshot.enabled = true (default)
2023-03-28 15:14:06,070 [s0@group-4AD7D8BDF6E4-LeaderElection12] INFO  grpc.GrpcConfigKeys (ConfUtils.java:logGet(46)) - raft.grpc.server.heartbeat.channel = true (default)
2023-03-28 15:14:06,070 [s0@group-4AD7D8BDF6E4-LeaderElection12] INFO  impl.RoleInfo (RoleInfo.java:updateAndGet(139)) - s0: start s0@group-4AD7D8BDF6E4-LeaderStateImpl
2023-03-28 15:14:06,070 [s0@group-4AD7D8BDF6E4-LeaderElection12] INFO  segmented.SegmentedRaftLogWorker (SegmentedRaftLogWorker.java:rollLogSegment(431)) - s0@group-4AD7D8BDF6E4-SegmentedRaftLogWorker: Rolling segment log-1_43 to index:43
2023-03-28 15:14:06,071 [grpc-default-executor-2] INFO  server.RaftServer$Division (RaftServerImpl.java:requestVote(1300)) - s2@group-4AD7D8BDF6E4: receive requestVote(ELECTION, s0, group-4AD7D8BDF6E4, 3, (t:2, i:43))
2023-03-28 15:14:06,071 [grpc-default-executor-2] INFO  impl.VoteContext (VoteContext.java:log(49)) - s2@group-4AD7D8BDF6E4-FOLLOWER: accept ELECTION from s0: our priority 0 <= candidate's priority 0
2023-03-28 15:14:06,071 [grpc-default-executor-2] INFO  server.RaftServer$Division (ServerState.java:setLeader(260)) - s2@group-4AD7D8BDF6E4: change Leader from s1 to null at term 3 for updateCurrentTerm
2023-03-28 15:14:06,071 [grpc-default-executor-2] INFO  server.RaftServer$Division (RaftServerImpl.java:setRole(329)) - s2@group-4AD7D8BDF6E4: changes role from  FOLLOWER to FOLLOWER at term 3 for candidate:s0
2023-03-28 15:14:06,071 [grpc-default-executor-2] INFO  impl.RoleInfo (RoleInfo.java:shutdownFollowerState(110)) - s2: shutdown s2@group-4AD7D8BDF6E4-FollowerState
2023-03-28 15:14:06,071 [grpc-default-executor-2] INFO  impl.RoleInfo (RoleInfo.java:updateAndGet(139)) - s2: start s2@group-4AD7D8BDF6E4-FollowerState
2023-03-28 15:14:06,071 [s2@group-4AD7D8BDF6E4-FollowerState] INFO  impl.FollowerState (FollowerState.java:run(152)) - s2@group-4AD7D8BDF6E4-FollowerState was interrupted
2023-03-28 15:14:06,071 [s0@group-4AD7D8BDF6E4-SegmentedRaftLogWorker] TRACE util.FileUtils (LogUtils.java:runAndLog(49)) - Successfully ran Atomic Files.move /home/runner/work/ratis/ratis/ratis-test/target/test/data/2b0b63e9/MiniRaftClusterWithRpcTypeGrpcAndDataStreamTypeNetty8bd798c8/s0/b2440a32-6ec4-4a03-8d45-4ad7d8bdf6e4/current/log_inprogress_1 to /home/runner/work/ratis/ratis/ratis-test/target/test/data/2b0b63e9/MiniRaftClusterWithRpcTypeGrpcAndDataStreamTypeNetty8bd798c8/s0/b2440a32-6ec4-4a03-8d45-4ad7d8bdf6e4/current/log_1-43
2023-03-28 15:14:06,072 [s0@group-4AD7D8BDF6E4-SegmentedRaftLogWorker] INFO  segmented.SegmentedRaftLogWorker (SegmentedRaftLogWorker.java:execute(587)) - s0@group-4AD7D8BDF6E4-SegmentedRaftLogWorker: Rolled log segment from /home/runner/work/ratis/ratis/ratis-test/target/test/data/2b0b63e9/MiniRaftClusterWithRpcTypeGrpcAndDataStreamTypeNetty8bd798c8/s0/b2440a32-6ec4-4a03-8d45-4ad7d8bdf6e4/current/log_inprogress_1 to /home/runner/work/ratis/ratis/ratis-test/target/test/data/2b0b63e9/MiniRaftClusterWithRpcTypeGrpcAndDataStreamTypeNetty8bd798c8/s0/b2440a32-6ec4-4a03-8d45-4ad7d8bdf6e4/current/log_1-43
2023-03-28 15:14:06,103 [s0@group-4AD7D8BDF6E4-SegmentedRaftLogWorker] INFO  segmented.SegmentedRaftLogWorker (SegmentedRaftLogWorker.java:execute(630)) - s0@group-4AD7D8BDF6E4-SegmentedRaftLogWorker: created new log segment /home/runner/work/ratis/ratis/ratis-test/target/test/data/2b0b63e9/MiniRaftClusterWithRpcTypeGrpcAndDataStreamTypeNetty8bd798c8/s0/b2440a32-6ec4-4a03-8d45-4ad7d8bdf6e4/current/log_inprogress_44
2023-03-28 15:14:06,187 [grpc-default-executor-2] INFO  server.RaftServer$Division (RaftServerImpl.java:requestVote(1333)) - s2@group-4AD7D8BDF6E4 replies to ELECTION vote request: s0<-s2#0:OK-t3. Peer's state: s2@group-4AD7D8BDF6E4:t3, leader=null, voted=s0, raftlog=Memoized:s2@group-4AD7D8BDF6E4-SegmentedRaftLog:OPENED:c43, conf=1: peers:[s0|rpc:localhost:39189|admin:localhost:46309|client:localhost:42931|dataStream:localhost:35501|priority:0|startupRole:FOLLOWER, s1|rpc:localhost:42161|admin:localhost:45919|client:localhost:41703|dataStream:localhost:35503|priority:0|startupRole:FOLLOWER, s2|rpc:localhost:39003|admin:localhost:43283|client:localhost:38251|dataStream:localhost:44179|priority:0|startupRole:FOLLOWER]|listeners:[], old=null
2023-03-28 15:14:06,214 [s1@group-4AD7D8BDF6E4-FollowerState] INFO  impl.FollowerState (FollowerState.java:run(143)) - s1@group-4AD7D8BDF6E4-FollowerState: change to CANDIDATE, lastRpcElapsedTime:241376403ns, electionTimeout:230ms
2023-03-28 15:14:06,214 [s1@group-4AD7D8BDF6E4-FollowerState] INFO  impl.RoleInfo (RoleInfo.java:shutdownFollowerState(110)) - s1: shutdown s1@group-4AD7D8BDF6E4-FollowerState
2023-03-28 15:14:06,214 [s1@group-4AD7D8BDF6E4-FollowerState] INFO  server.RaftServer$Division (RaftServerImpl.java:setRole(329)) - s1@group-4AD7D8BDF6E4: changes role from  FOLLOWER to CANDIDATE at term 3 for changeToCandidate
2023-03-28 15:14:06,214 [s1@group-4AD7D8BDF6E4-FollowerState] INFO  server.RaftServerConfigKeys (ConfUtils.java:logGet(46)) - raft.server.leaderelection.pre-vote = true (default)
2023-03-28 15:14:06,214 [s1@group-4AD7D8BDF6E4-FollowerState] INFO  impl.RoleInfo (RoleInfo.java:updateAndGet(139)) - s1: start s1@group-4AD7D8BDF6E4-LeaderElection13
2023-03-28 15:14:06,245 [s0@group-4AD7D8BDF6E4-LeaderElection12] INFO  server.RaftServer$Division (ServerState.java:setRaftConf(377)) - s0@group-4AD7D8BDF6E4: set configuration 44: peers:[s0|rpc:localhost:39189|admin:localhost:46309|client:localhost:42931|dataStream:localhost:35501|priority:0|startupRole:FOLLOWER, s1|rpc:localhost:42161|admin:localhost:45919|client:localhost:41703|dataStream:localhost:35503|priority:0|startupRole:FOLLOWER, s2|rpc:localhost:39003|admin:localhost:43283|client:localhost:38251|dataStream:localhost:44179|priority:0|startupRole:FOLLOWER]|listeners:[], old=null
2023-03-28 15:14:06,256 [s2-server-thread1] INFO  server.RaftServer$Division (ServerState.java:setLeader(260)) - s2@group-4AD7D8BDF6E4: change Leader from null to s0 at term 3 for appendEntries, leader elected after 185ms
2023-03-28 15:14:06,268 [s2-server-thread3] INFO  server.RaftServer$Division (ServerState.java:setRaftConf(377)) - s2@group-4AD7D8BDF6E4: set configuration 44: peers:[s0|rpc:localhost:39189|admin:localhost:46309|client:localhost:42931|dataStream:localhost:35501|priority:0|startupRole:FOLLOWER, s1|rpc:localhost:42161|admin:localhost:45919|client:localhost:41703|dataStream:localhost:35503|priority:0|startupRole:FOLLOWER, s2|rpc:localhost:39003|admin:localhost:43283|client:localhost:38251|dataStream:localhost:44179|priority:0|startupRole:FOLLOWER]|listeners:[], old=null
2023-03-28 15:14:06,268 [s2-server-thread3] INFO  segmented.SegmentedRaftLogWorker (SegmentedRaftLogWorker.java:rollLogSegment(431)) - s2@group-4AD7D8BDF6E4-SegmentedRaftLogWorker: Rolling segment log-1_43 to index:43
2023-03-28 15:14:06,269 [s2@group-4AD7D8BDF6E4-SegmentedRaftLogWorker] TRACE util.FileUtils (LogUtils.java:runAndLog(49)) - Successfully ran Atomic Files.move /home/runner/work/ratis/ratis/ratis-test/target/test/data/2b0b63e9/MiniRaftClusterWithRpcTypeGrpcAndDataStreamTypeNetty8bd798c8/s2/b2440a32-6ec4-4a03-8d45-4ad7d8bdf6e4/current/log_inprogress_1 to /home/runner/work/ratis/ratis/ratis-test/target/test/data/2b0b63e9/MiniRaftClusterWithRpcTypeGrpcAndDataStreamTypeNetty8bd798c8/s2/b2440a32-6ec4-4a03-8d45-4ad7d8bdf6e4/current/log_1-43
2023-03-28 15:14:06,269 [s2@group-4AD7D8BDF6E4-SegmentedRaftLogWorker] INFO  segmented.SegmentedRaftLogWorker (SegmentedRaftLogWorker.java:execute(587)) - s2@group-4AD7D8BDF6E4-SegmentedRaftLogWorker: Rolled log segment from /home/runner/work/ratis/ratis/ratis-test/target/test/data/2b0b63e9/MiniRaftClusterWithRpcTypeGrpcAndDataStreamTypeNetty8bd798c8/s2/b2440a32-6ec4-4a03-8d45-4ad7d8bdf6e4/current/log_inprogress_1 to /home/runner/work/ratis/ratis/ratis-test/target/test/data/2b0b63e9/MiniRaftClusterWithRpcTypeGrpcAndDataStreamTypeNetty8bd798c8/s2/b2440a32-6ec4-4a03-8d45-4ad7d8bdf6e4/current/log_1-43
2023-03-28 15:14:06,284 [s1-server-thread2] INFO  server.RaftServer$Division (RaftServerImpl.java:setRole(329)) - s1@group-4AD7D8BDF6E4: changes role from CANDIDATE to FOLLOWER at term 3 for appendEntries
2023-03-28 15:14:06,284 [s1-server-thread2] INFO  impl.RoleInfo (RoleInfo.java:shutdownLeaderElection(130)) - s1: shutdown s1@group-4AD7D8BDF6E4-LeaderElection13
2023-03-28 15:14:06,284 [s1-server-thread2] INFO  impl.RoleInfo (RoleInfo.java:updateAndGet(139)) - s1: start s1@group-4AD7D8BDF6E4-FollowerState
2023-03-28 15:14:06,284 [s1@group-4AD7D8BDF6E4-LeaderElection13] INFO  impl.LeaderElection (LeaderElection.java:run(239)) - s1@group-4AD7D8BDF6E4-LeaderElection13: skip running since this is already CLOSING
2023-03-28 15:14:06,286 [s2@group-4AD7D8BDF6E4-SegmentedRaftLogWorker] INFO  segmented.SegmentedRaftLogWorker (SegmentedRaftLogWorker.java:execute(630)) - s2@group-4AD7D8BDF6E4-SegmentedRaftLogWorker: created new log segment /home/runner/work/ratis/ratis/ratis-test/target/test/data/2b0b63e9/MiniRaftClusterWithRpcTypeGrpcAndDataStreamTypeNetty8bd798c8/s2/b2440a32-6ec4-4a03-8d45-4ad7d8bdf6e4/current/log_inprogress_44
2023-03-28 15:14:06,310 [s1-server-thread2] INFO  server.RaftServer$Division (ServerState.java:setLeader(260)) - s1@group-4AD7D8BDF6E4: change Leader from null to s0 at term 3 for appendEntries, leader elected after 763ms
2023-03-28 15:14:06,314 [s1-server-thread2] INFO  server.RaftServer$Division (ServerState.java:setRaftConf(377)) - s1@group-4AD7D8BDF6E4: set configuration 44: peers:[s0|rpc:localhost:39189|admin:localhost:46309|client:localhost:42931|dataStream:localhost:35501|priority:0|startupRole:FOLLOWER, s1|rpc:localhost:42161|admin:localhost:45919|client:localhost:41703|dataStream:localhost:35503|priority:0|startupRole:FOLLOWER, s2|rpc:localhost:39003|admin:localhost:43283|client:localhost:38251|dataStream:localhost:44179|priority:0|startupRole:FOLLOWER]|listeners:[], old=null
2023-03-28 15:14:06,314 [s1-server-thread2] INFO  segmented.SegmentedRaftLogWorker (SegmentedRaftLogWorker.java:rollLogSegment(431)) - s1@group-4AD7D8BDF6E4-SegmentedRaftLogWorker: Rolling segment log-1_43 to index:43
2023-03-28 15:14:06,315 [s1@group-4AD7D8BDF6E4-SegmentedRaftLogWorker] TRACE util.FileUtils (LogUtils.java:runAndLog(49)) - Successfully ran Atomic Files.move /home/runner/work/ratis/ratis/ratis-test/target/test/data/2b0b63e9/MiniRaftClusterWithRpcTypeGrpcAndDataStreamTypeNetty8bd798c8/s1/b2440a32-6ec4-4a03-8d45-4ad7d8bdf6e4/current/log_inprogress_1 to /home/runner/work/ratis/ratis/ratis-test/target/test/data/2b0b63e9/MiniRaftClusterWithRpcTypeGrpcAndDataStreamTypeNetty8bd798c8/s1/b2440a32-6ec4-4a03-8d45-4ad7d8bdf6e4/current/log_1-43
2023-03-28 15:14:06,315 [s1@group-4AD7D8BDF6E4-SegmentedRaftLogWorker] INFO  segmented.SegmentedRaftLogWorker (SegmentedRaftLogWorker.java:execute(587)) - s1@group-4AD7D8BDF6E4-SegmentedRaftLogWorker: Rolled log segment from /home/runner/work/ratis/ratis/ratis-test/target/test/data/2b0b63e9/MiniRaftClusterWithRpcTypeGrpcAndDataStreamTypeNetty8bd798c8/s1/b2440a32-6ec4-4a03-8d45-4ad7d8bdf6e4/current/log_inprogress_1 to /home/runner/work/ratis/ratis/ratis-test/target/test/data/2b0b63e9/MiniRaftClusterWithRpcTypeGrpcAndDataStreamTypeNetty8bd798c8/s1/b2440a32-6ec4-4a03-8d45-4ad7d8bdf6e4/current/log_1-43
2023-03-28 15:14:06,332 [s1@group-4AD7D8BDF6E4-SegmentedRaftLogWorker] INFO  segmented.SegmentedRaftLogWorker (SegmentedRaftLogWorker.java:execute(630)) - s1@group-4AD7D8BDF6E4-SegmentedRaftLogWorker: created new log segment /home/runner/work/ratis/ratis/ratis-test/target/test/data/2b0b63e9/MiniRaftClusterWithRpcTypeGrpcAndDataStreamTypeNetty8bd798c8/s1/b2440a32-6ec4-4a03-8d45-4ad7d8bdf6e4/current/log_inprogress_44
2023-03-28 15:14:07,984 [s0-client-thread1] INFO  statemachine.StateMachine (DataStreamTestUtils.java:link(157)) - link SingleDataStream: writeRequest=RaftClientRequest:client-05C2F4631667->s0@group-4AD7D8BDF6E4, cid=402, seq=0, DataStream, Message:<EMPTY>, logEntry=null
2023-03-28 15:14:07,987 [s2-server-thread3] INFO  statemachine.StateMachine (DataStreamTestUtils.java:link(157)) - link SingleDataStream: writeRequest=RaftClientRequest:client-05C2F4631667->s0@group-4AD7D8BDF6E4, cid=402, seq=0, DataStream, Message:<EMPTY>, logEntry=null
2023-03-28 15:14:08,000 [s1-server-thread4] INFO  statemachine.StateMachine (DataStreamTestUtils.java:link(157)) - link SingleDataStream: writeRequest=RaftClientRequest:client-05C2F4631667->s0@group-4AD7D8BDF6E4, cid=402, seq=0, DataStream, Message:<EMPTY>, logEntry=null
2023-03-28 15:14:08,000 [pool-7-thread-16] INFO  datastream.DataStreamTestUtils (DataStreamTestUtils.java:writeAndCloseAndAssertReplies(311)) - start Stream411
2023-03-28 15:14:08,571 [pool-7-thread-14] INFO  datastream.DataStreamTestUtils (DataStreamTestUtils.java:writeAndCloseAndAssertReplies(320)) - Stream405: bytesWritten=3747605
2023-03-28 15:14:08,712 [pool-7-thread-15] INFO  datastream.DataStreamTestUtils (DataStreamTestUtils.java:writeAndCloseAndAssertReplies(320)) - Stream404: bytesWritten=3766721
2023-03-28 15:14:09,630 [pool-7-thread-4] INFO  datastream.DataStreamTestUtils (DataStreamTestUtils.java:writeAndCloseAndAssertReplies(320)) - Stream406: bytesWritten=3762696
2023-03-28 15:14:11,682 [pool-7-thread-13] INFO  datastream.DataStreamTestUtils (DataStreamTestUtils.java:writeAndCloseAndAssertReplies(320)) - Stream410: bytesWritten=3739800
2023-03-28 15:14:11,747 [pool-7-thread-12] INFO  datastream.DataStreamTestUtils (DataStreamTestUtils.java:writeAndCloseAndAssertReplies(320)) - Stream408: bytesWritten=3750092
2023-03-28 15:14:11,800 [pool-7-thread-11] INFO  datastream.DataStreamTestUtils (DataStreamTestUtils.java:writeAndCloseAndAssertReplies(320)) - Stream409: bytesWritten=3751886
2023-03-28 15:14:11,846 [s0-client-thread1] INFO  statemachine.StateMachine (DataStreamTestUtils.java:link(157)) - link SingleDataStream: writeRequest=RaftClientRequest:client-05C2F4631667->s0@group-4AD7D8BDF6E4, cid=405, seq=0, DataStream, Message:<EMPTY>, logEntry=null
2023-03-28 15:14:11,847 [s0-client-thread1] INFO  statemachine.StateMachine (DataStreamTestUtils.java:link(157)) - link SingleDataStream: writeRequest=RaftClientRequest:client-05C2F4631667->s0@group-4AD7D8BDF6E4, cid=404, seq=0, DataStream, Message:<EMPTY>, logEntry=null
2023-03-28 15:14:11,848 [s0-client-thread1] INFO  statemachine.StateMachine (DataStreamTestUtils.java:link(157)) - link SingleDataStream: writeRequest=RaftClientRequest:client-05C2F4631667->s0@group-4AD7D8BDF6E4, cid=406, seq=0, DataStream, Message:<EMPTY>, logEntry=null
2023-03-28 15:14:11,850 [pool-7-thread-10] INFO  datastream.DataStreamTestUtils (DataStreamTestUtils.java:writeAndCloseAndAssertReplies(320)) - Stream407: bytesWritten=3741390
2023-03-28 15:14:11,850 [s1-server-thread4] INFO  statemachine.StateMachine (DataStreamTestUtils.java:link(157)) - link SingleDataStream: writeRequest=RaftClientRequest:client-05C2F4631667->s0@group-4AD7D8BDF6E4, cid=405, seq=0, DataStream, Message:<EMPTY>, logEntry=null
2023-03-28 15:14:11,850 [s1-server-thread4] INFO  statemachine.StateMachine (DataStreamTestUtils.java:link(157)) - link SingleDataStream: writeRequest=RaftClientRequest:client-05C2F4631667->s0@group-4AD7D8BDF6E4, cid=404, seq=0, DataStream, Message:<EMPTY>, logEntry=null
2023-03-28 15:14:11,851 [s1-server-thread4] INFO  statemachine.StateMachine (DataStreamTestUtils.java:link(157)) - link SingleDataStream: writeRequest=RaftClientRequest:client-05C2F4631667->s0@group-4AD7D8BDF6E4, cid=406, seq=0, DataStream, Message:<EMPTY>, logEntry=null
2023-03-28 15:14:11,853 [pool-7-thread-14] INFO  datastream.DataStreamTestUtils (DataStreamTestUtils.java:writeAndCloseAndAssertReplies(311)) - start Stream412
2023-03-28 15:14:11,855 [pool-7-thread-15] INFO  datastream.DataStreamTestUtils (DataStreamTestUtils.java:writeAndCloseAndAssertReplies(311)) - start Stream413
2023-03-28 15:14:11,856 [s2-server-thread1] INFO  statemachine.StateMachine (DataStreamTestUtils.java:link(157)) - link SingleDataStream: writeRequest=RaftClientRequest:client-05C2F4631667->s0@group-4AD7D8BDF6E4, cid=405, seq=0, DataStream, Message:<EMPTY>, logEntry=null
2023-03-28 15:14:11,856 [s2-server-thread1] INFO  statemachine.StateMachine (DataStreamTestUtils.java:link(157)) - link SingleDataStream: writeRequest=RaftClientRequest:client-05C2F4631667->s0@group-4AD7D8BDF6E4, cid=404, seq=0, DataStream, Message:<EMPTY>, logEntry=null
2023-03-28 15:14:11,856 [s2-server-thread1] INFO  statemachine.StateMachine (DataStreamTestUtils.java:link(157)) - link SingleDataStream: writeRequest=RaftClientRequest:client-05C2F4631667->s0@group-4AD7D8BDF6E4, cid=406, seq=0, DataStream, Message:<EMPTY>, logEntry=null
2023-03-28 15:14:11,858 [pool-7-thread-4] INFO  datastream.DataStreamTestUtils (DataStreamTestUtils.java:writeAndCloseAndAssertReplies(311)) - start Stream414
2023-03-28 15:14:11,935 [s0-client-thread1] INFO  statemachine.StateMachine (DataStreamTestUtils.java:link(157)) - link SingleDataStream: writeRequest=RaftClientRequest:client-05C2F4631667->s0@group-4AD7D8BDF6E4, cid=410, seq=0, DataStream, Message:<EMPTY>, logEntry=null
2023-03-28 15:14:11,936 [s2-server-thread1] INFO  statemachine.StateMachine (DataStreamTestUtils.java:link(157)) - link SingleDataStream: writeRequest=RaftClientRequest:client-05C2F4631667->s0@group-4AD7D8BDF6E4, cid=410, seq=0, DataStream, Message:<EMPTY>, logEntry=null
2023-03-28 15:14:11,937 [s1-server-thread4] INFO  statemachine.StateMachine (DataStreamTestUtils.java:link(157)) - link SingleDataStream: writeRequest=RaftClientRequest:client-05C2F4631667->s0@group-4AD7D8BDF6E4, cid=410, seq=0, DataStream, Message:<EMPTY>, logEntry=null
2023-03-28 15:14:11,938 [pool-7-thread-13] INFO  datastream.DataStreamTestUtils (DataStreamTestUtils.java:writeAndCloseAndAssertReplies(311)) - start Stream415
2023-03-28 15:14:12,195 [s0-client-thread1] INFO  statemachine.StateMachine (DataStreamTestUtils.java:link(157)) - link SingleDataStream: writeRequest=RaftClientRequest:client-05C2F4631667->s0@group-4AD7D8BDF6E4, cid=408, seq=0, DataStream, Message:<EMPTY>, logEntry=null
2023-03-28 15:14:12,197 [s0-client-thread1] INFO  statemachine.StateMachine (DataStreamTestUtils.java:link(157)) - link SingleDataStream: writeRequest=RaftClientRequest:client-05C2F4631667->s0@group-4AD7D8BDF6E4, cid=409, seq=0, DataStream, Message:<EMPTY>, logEntry=null
2023-03-28 15:14:12,205 [s1-server-thread4] INFO  statemachine.StateMachine (DataStreamTestUtils.java:link(157)) - link SingleDataStream: writeRequest=RaftClientRequest:client-05C2F4631667->s0@group-4AD7D8BDF6E4, cid=408, seq=0, DataStream, Message:<EMPTY>, logEntry=null
2023-03-28 15:14:12,205 [s1-server-thread4] INFO  statemachine.StateMachine (DataStreamTestUtils.java:link(157)) - link SingleDataStream: writeRequest=RaftClientRequest:client-05C2F4631667->s0@group-4AD7D8BDF6E4, cid=409, seq=0, DataStream, Message:<EMPTY>, logEntry=null
2023-03-28 15:14:12,223 [s2-server-thread1] INFO  statemachine.StateMachine (DataStreamTestUtils.java:link(157)) - link SingleDataStream: writeRequest=RaftClientRequest:client-05C2F4631667->s0@group-4AD7D8BDF6E4, cid=408, seq=0, DataStream, Message:<EMPTY>, logEntry=null
2023-03-28 15:14:12,224 [s2-server-thread1] INFO  statemachine.StateMachine (DataStreamTestUtils.java:link(157)) - link SingleDataStream: writeRequest=RaftClientRequest:client-05C2F4631667->s0@group-4AD7D8BDF6E4, cid=409, seq=0, DataStream, Message:<EMPTY>, logEntry=null
2023-03-28 15:14:12,232 [pool-7-thread-12] INFO  datastream.DataStreamTestUtils (DataStreamTestUtils.java:writeAndCloseAndAssertReplies(311)) - start Stream416
2023-03-28 15:14:12,235 [pool-7-thread-11] INFO  datastream.DataStreamTestUtils (DataStreamTestUtils.java:writeAndCloseAndAssertReplies(311)) - start Stream417
2023-03-28 15:14:12,263 [s0-client-thread1] INFO  statemachine.StateMachine (DataStreamTestUtils.java:link(157)) - link SingleDataStream: writeRequest=RaftClientRequest:client-05C2F4631667->s0@group-4AD7D8BDF6E4, cid=407, seq=0, DataStream, Message:<EMPTY>, logEntry=null
2023-03-28 15:14:12,264 [s2-server-thread1] INFO  statemachine.StateMachine (DataStreamTestUtils.java:link(157)) - link SingleDataStream: writeRequest=RaftClientRequest:client-05C2F4631667->s0@group-4AD7D8BDF6E4, cid=407, seq=0, DataStream, Message:<EMPTY>, logEntry=null
2023-03-28 15:14:12,265 [s1-server-thread4] INFO  statemachine.StateMachine (DataStreamTestUtils.java:link(157)) - link SingleDataStream: writeRequest=RaftClientRequest:client-05C2F4631667->s0@group-4AD7D8BDF6E4, cid=407, seq=0, DataStream, Message:<EMPTY>, logEntry=null
2023-03-28 15:14:12,265 [pool-7-thread-10] INFO  datastream.DataStreamTestUtils (DataStreamTestUtils.java:writeAndCloseAndAssertReplies(311)) - start Stream397
2023-03-28 15:14:12,299 [pool-7-thread-10] INFO  datastream.DataStreamTestUtils (DataStreamTestUtils.java:writeAndCloseAndAssertReplies(320)) - Stream397: bytesWritten=875716
2023-03-28 15:14:12,578 [s0-client-thread1] INFO  statemachine.StateMachine (DataStreamTestUtils.java:link(157)) - link SingleDataStream: writeRequest=RaftClientRequest:client-3F6E156514EF->s1@group-4AD7D8BDF6E4, cid=397, seq=0, DataStream, Message:<EMPTY>, logEntry=null
2023-03-28 15:14:12,598 [s2-server-thread3] INFO  statemachine.StateMachine (DataStreamTestUtils.java:link(157)) - link SingleDataStream: writeRequest=RaftClientRequest:client-3F6E156514EF->s1@group-4AD7D8BDF6E4, cid=397, seq=0, DataStream, Message:<EMPTY>, logEntry=null
2023-03-28 15:14:12,600 [s1-server-thread2] INFO  statemachine.StateMachine (DataStreamTestUtils.java:link(157)) - link SingleDataStream: writeRequest=RaftClientRequest:client-3F6E156514EF->s1@group-4AD7D8BDF6E4, cid=397, seq=0, DataStream, Message:<EMPTY>, logEntry=null
2023-03-28 15:14:12,602 [pool-7-thread-10] INFO  datastream.DataStreamTestUtils (DataStreamTestUtils.java:writeAndCloseAndAssertReplies(311)) - start Stream418
2023-03-28 15:14:12,631 [pool-7-thread-10] INFO  datastream.DataStreamTestUtils (DataStreamTestUtils.java:writeAndCloseAndAssertReplies(320)) - Stream418: bytesWritten=781141
2023-03-28 15:14:12,661 [s0-client-thread1] INFO  statemachine.StateMachine (DataStreamTestUtils.java:link(157)) - link SingleDataStream: writeRequest=RaftClientRequest:client-3F6E156514EF->s1@group-4AD7D8BDF6E4, cid=418, seq=0, DataStream, Message:<EMPTY>, logEntry=null
2023-03-28 15:14:12,663 [s2-server-thread3] INFO  statemachine.StateMachine (DataStreamTestUtils.java:link(157)) - link SingleDataStream: writeRequest=RaftClientRequest:client-3F6E156514EF->s1@group-4AD7D8BDF6E4, cid=418, seq=0, DataStream, Message:<EMPTY>, logEntry=null
2023-03-28 15:14:12,666 [pool-7-thread-10] INFO  datastream.DataStreamTestUtils (DataStreamTestUtils.java:writeAndCloseAndAssertReplies(311)) - start Stream419
2023-03-28 15:14:12,687 [s1-server-thread3] INFO  statemachine.StateMachine (DataStreamTestUtils.java:link(157)) - link SingleDataStream: writeRequest=RaftClientRequest:client-3F6E156514EF->s1@group-4AD7D8BDF6E4, cid=418, seq=0, DataStream, Message:<EMPTY>, logEntry=null
2023-03-28 15:14:12,753 [pool-7-thread-10] INFO  datastream.DataStreamTestUtils (DataStreamTestUtils.java:writeAndCloseAndAssertReplies(320)) - Stream419: bytesWritten=765429
2023-03-28 15:14:12,964 [s1@group-4AD7D8BDF6E4-FollowerState] INFO  impl.FollowerState (FollowerState.java:run(143)) - s1@group-4AD7D8BDF6E4-FollowerState: change to CANDIDATE, lastRpcElapsedTime:264260437ns, electionTimeout:212ms
2023-03-28 15:14:12,964 [s1@group-4AD7D8BDF6E4-FollowerState] INFO  impl.RoleInfo (RoleInfo.java:shutdownFollowerState(110)) - s1: shutdown s1@group-4AD7D8BDF6E4-FollowerState
2023-03-28 15:14:12,964 [s1@group-4AD7D8BDF6E4-FollowerState] INFO  server.RaftServer$Division (RaftServerImpl.java:setRole(329)) - s1@group-4AD7D8BDF6E4: changes role from  FOLLOWER to CANDIDATE at term 3 for changeToCandidate
2023-03-28 15:14:12,964 [s1@group-4AD7D8BDF6E4-FollowerState] INFO  server.RaftServerConfigKeys (ConfUtils.java:logGet(46)) - raft.server.leaderelection.pre-vote = true (default)
2023-03-28 15:14:12,964 [s1@group-4AD7D8BDF6E4-FollowerState] INFO  impl.RoleInfo (RoleInfo.java:updateAndGet(139)) - s1: start s1@group-4AD7D8BDF6E4-LeaderElection14
2023-03-28 15:14:13,029 [s2@group-4AD7D8BDF6E4-FollowerState] INFO  impl.FollowerState (FollowerState.java:run(143)) - s2@group-4AD7D8BDF6E4-FollowerState: change to CANDIDATE, lastRpcElapsedTime:338317296ns, electionTimeout:230ms
2023-03-28 15:14:13,029 [s2@group-4AD7D8BDF6E4-FollowerState] INFO  impl.RoleInfo (RoleInfo.java:shutdownFollowerState(110)) - s2: shutdown s2@group-4AD7D8BDF6E4-FollowerState
2023-03-28 15:14:13,029 [s2@group-4AD7D8BDF6E4-FollowerState] INFO  server.RaftServer$Division (RaftServerImpl.java:setRole(329)) - s2@group-4AD7D8BDF6E4: changes role from  FOLLOWER to CANDIDATE at term 3 for changeToCandidate
2023-03-28 15:14:13,029 [s2@group-4AD7D8BDF6E4-FollowerState] INFO  server.RaftServerConfigKeys (ConfUtils.java:logGet(46)) - raft.server.leaderelection.pre-vote = true (default)
2023-03-28 15:14:13,029 [s2@group-4AD7D8BDF6E4-FollowerState] INFO  impl.RoleInfo (RoleInfo.java:updateAndGet(139)) - s2: start s2@group-4AD7D8BDF6E4-LeaderElection15
2023-03-28 15:14:13,029 [s1@group-4AD7D8BDF6E4-LeaderElection14] INFO  server.RaftServer$Division (ServerState.java:setLeader(260)) - s1@group-4AD7D8BDF6E4: change Leader from s0 to null at term 3 for PRE_VOTE
2023-03-28 15:14:13,029 [s1@group-4AD7D8BDF6E4-LeaderElection14] INFO  impl.LeaderElection (LeaderElection.java:askForVotes(320)) - s1@group-4AD7D8BDF6E4-LeaderElection14 PRE_VOTE round 0: submit vote requests at term 3 for 44: peers:[s0|rpc:localhost:39189|admin:localhost:46309|client:localhost:42931|dataStream:localhost:35501|priority:0|startupRole:FOLLOWER, s1|rpc:localhost:42161|admin:localhost:45919|client:localhost:41703|dataStream:localhost:35503|priority:0|startupRole:FOLLOWER, s2|rpc:localhost:39003|admin:localhost:43283|client:localhost:38251|dataStream:localhost:44179|priority:0|startupRole:FOLLOWER]|listeners:[], old=null
2023-03-28 15:14:13,032 [s0-client-thread1] INFO  statemachine.StateMachine (DataStreamTestUtils.java:link(157)) - link SingleDataStream: writeRequest=RaftClientRequest:client-3F6E156514EF->s1@group-4AD7D8BDF6E4, cid=419, seq=0, DataStream, Message:<EMPTY>, logEntry=null
2023-03-28 15:14:13,033 [s0@group-4AD7D8BDF6E4-LeaderStateImpl] WARN  server.RaftServer$Division (LeaderStateImpl.java:checkLeadership(1074)) - s0@group-4AD7D8BDF6E4-LeaderStateImpl: Lost leadership on term: 3. Election timeout: 300ms. In charge for: 7055ms. Conf: 44: peers:[s0|rpc:localhost:39189|admin:localhost:46309|client:localhost:42931|dataStream:localhost:35501|priority:0|startupRole:FOLLOWER, s1|rpc:localhost:42161|admin:localhost:45919|client:localhost:41703|dataStream:localhost:35503|priority:0|startupRole:FOLLOWER, s2|rpc:localhost:39003|admin:localhost:43283|client:localhost:38251|dataStream:localhost:44179|priority:0|startupRole:FOLLOWER]|listeners:[], old=null
2023-03-28 15:14:13,033 [s0@group-4AD7D8BDF6E4-LeaderStateImpl] WARN  server.RaftServer$Division (LeaderStateImpl.java:lambda$checkLeadership$19(1078)) - Follower s0@group-4AD7D8BDF6E4->s1(c62,m62,n63, attendVote=true, lastRpcSendTime=334, lastRpcResponseTime=304)
2023-03-28 15:14:13,033 [s0@group-4AD7D8BDF6E4-LeaderStateImpl] WARN  server.RaftServer$Division (LeaderStateImpl.java:lambda$checkLeadership$19(1078)) - Follower s0@group-4AD7D8BDF6E4->s2(c61,m62,n63, attendVote=true, lastRpcSendTime=343, lastRpcResponseTime=342)
2023-03-28 15:14:13,033 [s0@group-4AD7D8BDF6E4-LeaderStateImpl] INFO  server.RaftServer$Division (RaftServerImpl.java:setRole(329)) - s0@group-4AD7D8BDF6E4: changes role from    LEADER to FOLLOWER at term 3 for StepDownReason:LOST_MAJORITY_HEARTBEATS
2023-03-28 15:14:13,033 [s0@group-4AD7D8BDF6E4-LeaderStateImpl] INFO  impl.RoleInfo (RoleInfo.java:shutdownLeaderState(93)) - s0: shutdown s0@group-4AD7D8BDF6E4-LeaderStateImpl
2023-03-28 15:14:13,034 [s0@group-4AD7D8BDF6E4-LeaderStateImpl] INFO  impl.PendingRequests (PendingRequests.java:sendNotLeaderResponses(289)) - s0@group-4AD7D8BDF6E4-PendingRequests: sendNotLeaderResponses
2023-03-28 15:14:13,035 [s2@group-4AD7D8BDF6E4-LeaderElection15] INFO  server.RaftServer$Division (ServerState.java:setLeader(260)) - s2@group-4AD7D8BDF6E4: change Leader from s0 to null at term 3 for PRE_VOTE
2023-03-28 15:14:13,035 [s2@group-4AD7D8BDF6E4-LeaderElection15] INFO  impl.LeaderElection (LeaderElection.java:askForVotes(320)) - s2@group-4AD7D8BDF6E4-LeaderElection15 PRE_VOTE round 0: submit vote requests at term 3 for 44: peers:[s0|rpc:localhost:39189|admin:localhost:46309|client:localhost:42931|dataStream:localhost:35501|priority:0|startupRole:FOLLOWER, s1|rpc:localhost:42161|admin:localhost:45919|client:localhost:41703|dataStream:localhost:35503|priority:0|startupRole:FOLLOWER, s2|rpc:localhost:39003|admin:localhost:43283|client:localhost:38251|dataStream:localhost:44179|priority:0|startupRole:FOLLOWER]|listeners:[], old=null
2023-03-28 15:14:13,037 [grpc-default-executor-1] INFO  server.GrpcServerProtocolService (GrpcServerProtocolService.java:onCompleted(145)) - s2: Completed APPEND_ENTRIES, lastRequest: s0->s2#23250-t3,previous=(t:3, i:61),leaderCommit=61,initializing? true,entries: size=1, first=(t:3, i:62), METADATAENTRY(c:61)
2023-03-28 15:14:13,037 [grpc-default-executor-2] INFO  server.GrpcServerProtocolService (GrpcServerProtocolService.java:onCompleted(145)) - s2: Completed APPEND_ENTRIES, lastRequest: null
2023-03-28 15:14:13,038 [grpc-default-executor-7] INFO  server.GrpcServerProtocolService (GrpcServerProtocolService.java:onCompleted(145)) - s1: Completed APPEND_ENTRIES, lastRequest: null
2023-03-28 15:14:13,038 [grpc-default-executor-6] INFO  server.GrpcLogAppender (GrpcLogAppender.java:onCompleted(422)) - s0@group-4AD7D8BDF6E4->s2-AppendLogResponseHandler: follower responses appendEntries COMPLETED
2023-03-28 15:14:13,038 [grpc-default-executor-6] INFO  leader.FollowerInfo (FollowerInfoImpl.java:lambda$new$0(52)) - s0@group-4AD7D8BDF6E4->s2: decreaseNextIndex nextIndex: updateUnconditionally 63 -> 62
2023-03-28 15:14:13,038 [grpc-default-executor-1] INFO  server.GrpcServerProtocolService (GrpcServerProtocolService.java:onCompleted(145)) - s1: Completed APPEND_ENTRIES, lastRequest: s0->s1#24985-t3,previous=(t:3, i:61),leaderCommit=62,initializing? true,entries: size=1, first=(t:3, i:62), METADATAENTRY(c:61)
2023-03-28 15:14:13,039 [grpc-default-executor-7] INFO  server.GrpcLogAppender (GrpcLogAppender.java:onCompleted(422)) - s0@group-4AD7D8BDF6E4->s1-AppendLogResponseHandler: follower responses appendEntries COMPLETED
2023-03-28 15:14:13,039 [grpc-default-executor-7] INFO  leader.FollowerInfo (FollowerInfoImpl.java:lambda$new$0(52)) - s0@group-4AD7D8BDF6E4->s1: decreaseNextIndex nextIndex: updateUnconditionally 63 -> 62
2023-03-28 15:14:13,041 [grpc-default-executor-8] INFO  server.GrpcLogAppender (GrpcLogAppender.java:onCompleted(422)) - s0@group-4AD7D8BDF6E4->s1-AppendLogResponseHandler: follower responses appendEntries COMPLETED
2023-03-28 15:14:13,041 [grpc-default-executor-8] INFO  leader.FollowerInfo (FollowerInfoImpl.java:lambda$new$0(52)) - s0@group-4AD7D8BDF6E4->s1: decreaseNextIndex nextIndex: updateUnconditionally 62 -> 61
2023-03-28 15:14:13,172 [grpc-default-executor-9] INFO  server.GrpcLogAppender (GrpcLogAppender.java:onCompleted(422)) - s0@group-4AD7D8BDF6E4->s2-AppendLogResponseHandler: follower responses appendEntries COMPLETED
2023-03-28 15:14:13,174 [grpc-default-executor-9] INFO  leader.FollowerInfo (FollowerInfoImpl.java:lambda$new$0(52)) - s0@group-4AD7D8BDF6E4->s2: decreaseNextIndex nextIndex: updateUnconditionally 62 -> 61
2023-03-28 15:14:13,211 [grpc-default-executor-0] INFO  server.RaftServer$Division (RaftServerImpl.java:requestVote(1300)) - s0@group-4AD7D8BDF6E4: receive requestVote(PRE_VOTE, s2, group-4AD7D8BDF6E4, 3, (t:3, i:62))
2023-03-28 15:14:13,212 [grpc-default-executor-7] INFO  server.RaftServer$Division (RaftServerImpl.java:requestVote(1300)) - s1@group-4AD7D8BDF6E4: receive requestVote(PRE_VOTE, s2, group-4AD7D8BDF6E4, 3, (t:3, i:62))
2023-03-28 15:14:13,212 [grpc-default-executor-7] INFO  impl.VoteContext (VoteContext.java:log(49)) - s1@group-4AD7D8BDF6E4-CANDIDATE: accept PRE_VOTE from s2: our priority 0 <= candidate's priority 0
2023-03-28 15:14:13,212 [grpc-default-executor-7] INFO  server.RaftServer$Division (RaftServerImpl.java:requestVote(1333)) - s1@group-4AD7D8BDF6E4 replies to PRE_VOTE vote request: s2<-s1#0:OK-t3. Peer's state: s1@group-4AD7D8BDF6E4:t3, leader=null, voted=s0, raftlog=Memoized:s1@group-4AD7D8BDF6E4-SegmentedRaftLog:OPENED:c62, conf=44: peers:[s0|rpc:localhost:39189|admin:localhost:46309|client:localhost:42931|dataStream:localhost:35501|priority:0|startupRole:FOLLOWER, s1|rpc:localhost:42161|admin:localhost:45919|client:localhost:41703|dataStream:localhost:35503|priority:0|startupRole:FOLLOWER, s2|rpc:localhost:39003|admin:localhost:43283|client:localhost:38251|dataStream:localhost:44179|priority:0|startupRole:FOLLOWER]|listeners:[], old=null
2023-03-28 15:14:13,213 [s2@group-4AD7D8BDF6E4-LeaderElection15] INFO  impl.LeaderElection (LeaderElection.java:logAndReturn(89)) - s2@group-4AD7D8BDF6E4-LeaderElection15: PRE_VOTE PASSED received 1 response(s) and 0 exception(s):
2023-03-28 15:14:13,213 [s2@group-4AD7D8BDF6E4-LeaderElection15] INFO  impl.LeaderElection (LeaderElection.java:logAndReturn(93)) -   Response 0: s2<-s1#0:OK-t3
2023-03-28 15:14:13,213 [s2@group-4AD7D8BDF6E4-LeaderElection15] INFO  impl.LeaderElection (LeaderElection.java:askForVotes(322)) - s2@group-4AD7D8BDF6E4-LeaderElection15 PRE_VOTE round 0: result PASSED
2023-03-28 15:14:13,221 [s0@group-4AD7D8BDF6E4-LeaderStateImpl] INFO  server.RaftServer$Division (ServerState.java:setLeader(260)) - s0@group-4AD7D8BDF6E4: change Leader from s0 to null at term 3 for StepDownReason:LOST_MAJORITY_HEARTBEATS
2023-03-28 15:14:13,221 [s0@group-4AD7D8BDF6E4-LeaderStateImpl] INFO  impl.RoleInfo (RoleInfo.java:updateAndGet(139)) - s0: start s0@group-4AD7D8BDF6E4-FollowerState
2023-03-28 15:14:13,224 [s2@group-4AD7D8BDF6E4-LeaderElection15] INFO  impl.LeaderElection (LeaderElection.java:askForVotes(320)) - s2@group-4AD7D8BDF6E4-LeaderElection15 ELECTION round 0: submit vote requests at term 4 for 44: peers:[s0|rpc:localhost:39189|admin:localhost:46309|client:localhost:42931|dataStream:localhost:35501|priority:0|startupRole:FOLLOWER, s1|rpc:localhost:42161|admin:localhost:45919|client:localhost:41703|dataStream:localhost:35503|priority:0|startupRole:FOLLOWER, s2|rpc:localhost:39003|admin:localhost:43283|client:localhost:38251|dataStream:localhost:44179|priority:0|startupRole:FOLLOWER]|listeners:[], old=null
2023-03-28 15:14:13,314 [grpc-default-executor-0] INFO  impl.VoteContext (VoteContext.java:log(49)) - s0@group-4AD7D8BDF6E4-FOLLOWER: reject PRE_VOTE from s2: our last entry (t:3, i:63) > candidate's last entry (t:3, i:62)
2023-03-28 15:14:13,314 [grpc-default-executor-0] INFO  server.RaftServer$Division (RaftServerImpl.java:requestVote(1333)) - s0@group-4AD7D8BDF6E4 replies to PRE_VOTE vote request: s2<-s0#0:FAIL-t3. Peer's state: s0@group-4AD7D8BDF6E4:t3, leader=null, voted=s0, raftlog=Memoized:s0@group-4AD7D8BDF6E4-SegmentedRaftLog:OPENED:c62, conf=44: peers:[s0|rpc:localhost:39189|admin:localhost:46309|client:localhost:42931|dataStream:localhost:35501|priority:0|startupRole:FOLLOWER, s1|rpc:localhost:42161|admin:localhost:45919|client:localhost:41703|dataStream:localhost:35503|priority:0|startupRole:FOLLOWER, s2|rpc:localhost:39003|admin:localhost:43283|client:localhost:38251|dataStream:localhost:44179|priority:0|startupRole:FOLLOWER]|listeners:[], old=null
2023-03-28 15:14:13,349 [grpc-default-executor-7] INFO  server.RaftServer$Division (RaftServerImpl.java:requestVote(1300)) - s2@group-4AD7D8BDF6E4: receive requestVote(PRE_VOTE, s1, group-4AD7D8BDF6E4, 3, (t:3, i:62))
2023-03-28 15:14:13,350 [grpc-default-executor-7] INFO  impl.VoteContext (VoteContext.java:log(49)) - s2@group-4AD7D8BDF6E4-CANDIDATE: accept PRE_VOTE from s1: our priority 0 <= candidate's priority 0
2023-03-28 15:14:13,350 [grpc-default-executor-7] INFO  server.RaftServer$Division (RaftServerImpl.java:requestVote(1333)) - s2@group-4AD7D8BDF6E4 replies to PRE_VOTE vote request: s1<-s2#0:OK-t4. Peer's state: s2@group-4AD7D8BDF6E4:t4, leader=null, voted=s2, raftlog=Memoized:s2@group-4AD7D8BDF6E4-SegmentedRaftLog:OPENED:c61, conf=44: peers:[s0|rpc:localhost:39189|admin:localhost:46309|client:localhost:42931|dataStream:localhost:35501|priority:0|startupRole:FOLLOWER, s1|rpc:localhost:42161|admin:localhost:45919|client:localhost:41703|dataStream:localhost:35503|priority:0|startupRole:FOLLOWER, s2|rpc:localhost:39003|admin:localhost:43283|client:localhost:38251|dataStream:localhost:44179|priority:0|startupRole:FOLLOWER]|listeners:[], old=null
2023-03-28 15:14:13,350 [grpc-default-executor-6] INFO  server.RaftServer$Division (RaftServerImpl.java:requestVote(1300)) - s0@group-4AD7D8BDF6E4: receive requestVote(ELECTION, s2, group-4AD7D8BDF6E4, 4, (t:3, i:62))
2023-03-28 15:14:13,350 [grpc-default-executor-6] INFO  impl.VoteContext (VoteContext.java:log(49)) - s0@group-4AD7D8BDF6E4-FOLLOWER: reject ELECTION from s2: our last entry (t:3, i:63) > candidate's last entry (t:3, i:62)
2023-03-28 15:14:13,350 [grpc-default-executor-6] INFO  server.RaftServer$Division (RaftServerImpl.java:setRole(329)) - s0@group-4AD7D8BDF6E4: changes role from  FOLLOWER to FOLLOWER at term 4 for candidate:s2
2023-03-28 15:14:13,350 [grpc-default-executor-6] INFO  impl.RoleInfo (RoleInfo.java:shutdownFollowerState(110)) - s0: shutdown s0@group-4AD7D8BDF6E4-FollowerState
2023-03-28 15:14:13,350 [grpc-default-executor-6] INFO  impl.RoleInfo (RoleInfo.java:updateAndGet(139)) - s0: start s0@group-4AD7D8BDF6E4-FollowerState
2023-03-28 15:14:13,351 [s0@group-4AD7D8BDF6E4-FollowerState] INFO  impl.FollowerState (FollowerState.java:run(152)) - s0@group-4AD7D8BDF6E4-FollowerState was interrupted
2023-03-28 15:14:13,351 [grpc-default-executor-4] INFO  server.RaftServer$Division (RaftServerImpl.java:requestVote(1300)) - s0@group-4AD7D8BDF6E4: receive requestVote(PRE_VOTE, s1, group-4AD7D8BDF6E4, 3, (t:3, i:62))
2023-03-28 15:14:13,352 [s1@group-4AD7D8BDF6E4-LeaderElection14] INFO  impl.LeaderElection (LeaderElection.java:logAndReturn(89)) - s1@group-4AD7D8BDF6E4-LeaderElection14: PRE_VOTE DISCOVERED_A_NEW_TERM (term=4) received 1 response(s) and 0 exception(s):
2023-03-28 15:14:13,352 [s1@group-4AD7D8BDF6E4-LeaderElection14] INFO  impl.LeaderElection (LeaderElection.java:logAndReturn(93)) -   Response 0: s1<-s2#0:OK-t4
2023-03-28 15:14:13,352 [s1@group-4AD7D8BDF6E4-LeaderElection14] INFO  impl.LeaderElection (LeaderElection.java:askForVotes(322)) - s1@group-4AD7D8BDF6E4-LeaderElection14 PRE_VOTE round 0: result DISCOVERED_A_NEW_TERM (term=4)
2023-03-28 15:14:13,352 [s1@group-4AD7D8BDF6E4-LeaderElection14] INFO  server.RaftServer$Division (RaftServerImpl.java:setRole(329)) - s1@group-4AD7D8BDF6E4: changes role from CANDIDATE to FOLLOWER at term 4 for DISCOVERED_A_NEW_TERM (term=4)
2023-03-28 15:14:13,352 [s1@group-4AD7D8BDF6E4-LeaderElection14] INFO  impl.RoleInfo (RoleInfo.java:shutdownLeaderElection(130)) - s1: shutdown s1@group-4AD7D8BDF6E4-LeaderElection14
2023-03-28 15:14:13,352 [s1@group-4AD7D8BDF6E4-LeaderElection14] INFO  impl.RoleInfo (RoleInfo.java:updateAndGet(139)) - s1: start s1@group-4AD7D8BDF6E4-FollowerState
2023-03-28 15:14:13,353 [grpc-default-executor-6] INFO  server.RaftServer$Division (RaftServerImpl.java:requestVote(1333)) - s0@group-4AD7D8BDF6E4 replies to ELECTION vote request: s2<-s0#0:FAIL-t4. Peer's state: s0@group-4AD7D8BDF6E4:t4, leader=null, voted=null, raftlog=Memoized:s0@group-4AD7D8BDF6E4-SegmentedRaftLog:OPENED:c62, conf=44: peers:[s0|rpc:localhost:39189|admin:localhost:46309|client:localhost:42931|dataStream:localhost:35501|priority:0|startupRole:FOLLOWER, s1|rpc:localhost:42161|admin:localhost:45919|client:localhost:41703|dataStream:localhost:35503|priority:0|startupRole:FOLLOWER, s2|rpc:localhost:39003|admin:localhost:43283|client:localhost:38251|dataStream:localhost:44179|priority:0|startupRole:FOLLOWER]|listeners:[], old=null
2023-03-28 15:14:13,353 [grpc-default-executor-4] INFO  impl.VoteContext (VoteContext.java:log(49)) - s0@group-4AD7D8BDF6E4-FOLLOWER: reject PRE_VOTE from s1: our last entry (t:3, i:63) > candidate's last entry (t:3, i:62)
2023-03-28 15:14:13,353 [grpc-default-executor-4] INFO  server.RaftServer$Division (RaftServerImpl.java:requestVote(1333)) - s0@group-4AD7D8BDF6E4 replies to PRE_VOTE vote request: s1<-s0#0:FAIL-t4. Peer's state: s0@group-4AD7D8BDF6E4:t4, leader=null, voted=null, raftlog=Memoized:s0@group-4AD7D8BDF6E4-SegmentedRaftLog:OPENED:c62, conf=44: peers:[s0|rpc:localhost:39189|admin:localhost:46309|client:localhost:42931|dataStream:localhost:35501|priority:0|startupRole:FOLLOWER, s1|rpc:localhost:42161|admin:localhost:45919|client:localhost:41703|dataStream:localhost:35503|priority:0|startupRole:FOLLOWER, s2|rpc:localhost:39003|admin:localhost:43283|client:localhost:38251|dataStream:localhost:44179|priority:0|startupRole:FOLLOWER]|listeners:[], old=null
2023-03-28 15:14:13,357 [grpc-default-executor-1] INFO  server.RaftServer$Division (RaftServerImpl.java:requestVote(1300)) - s1@group-4AD7D8BDF6E4: receive requestVote(ELECTION, s2, group-4AD7D8BDF6E4, 4, (t:3, i:62))
2023-03-28 15:14:13,357 [grpc-default-executor-1] INFO  impl.VoteContext (VoteContext.java:log(49)) - s1@group-4AD7D8BDF6E4-FOLLOWER: accept ELECTION from s2: our priority 0 <= candidate's priority 0
2023-03-28 15:14:13,357 [grpc-default-executor-1] INFO  server.RaftServer$Division (RaftServerImpl.java:setRole(329)) - s1@group-4AD7D8BDF6E4: changes role from  FOLLOWER to FOLLOWER at term 4 for candidate:s2
2023-03-28 15:14:13,357 [grpc-default-executor-1] INFO  impl.RoleInfo (RoleInfo.java:shutdownFollowerState(110)) - s1: shutdown s1@group-4AD7D8BDF6E4-FollowerState
2023-03-28 15:14:13,357 [grpc-default-executor-1] INFO  impl.RoleInfo (RoleInfo.java:updateAndGet(139)) - s1: start s1@group-4AD7D8BDF6E4-FollowerState
2023-03-28 15:14:13,357 [s1@group-4AD7D8BDF6E4-FollowerState] INFO  impl.FollowerState (FollowerState.java:run(152)) - s1@group-4AD7D8BDF6E4-FollowerState was interrupted
2023-03-28 15:14:13,359 [grpc-default-executor-1] INFO  server.RaftServer$Division (RaftServerImpl.java:requestVote(1333)) - s1@group-4AD7D8BDF6E4 replies to ELECTION vote request: s2<-s1#0:OK-t4. Peer's state: s1@group-4AD7D8BDF6E4:t4, leader=null, voted=s2, raftlog=Memoized:s1@group-4AD7D8BDF6E4-SegmentedRaftLog:OPENED:c62, conf=44: peers:[s0|rpc:localhost:39189|admin:localhost:46309|client:localhost:42931|dataStream:localhost:35501|priority:0|startupRole:FOLLOWER, s1|rpc:localhost:42161|admin:localhost:45919|client:localhost:41703|dataStream:localhost:35503|priority:0|startupRole:FOLLOWER, s2|rpc:localhost:39003|admin:localhost:43283|client:localhost:38251|dataStream:localhost:44179|priority:0|startupRole:FOLLOWER]|listeners:[], old=null
2023-03-28 15:14:13,359 [s2@group-4AD7D8BDF6E4-LeaderElection15] INFO  impl.LeaderElection (LeaderElection.java:logAndReturn(89)) - s2@group-4AD7D8BDF6E4-LeaderElection15: ELECTION PASSED received 1 response(s) and 0 exception(s):
2023-03-28 15:14:13,359 [s2@group-4AD7D8BDF6E4-LeaderElection15] INFO  impl.LeaderElection (LeaderElection.java:logAndReturn(93)) -   Response 0: s2<-s1#0:OK-t4
2023-03-28 15:14:13,359 [s2@group-4AD7D8BDF6E4-LeaderElection15] INFO  impl.LeaderElection (LeaderElection.java:askForVotes(322)) - s2@group-4AD7D8BDF6E4-LeaderElection15 ELECTION round 0: result PASSED
2023-03-28 15:14:13,359 [s2@group-4AD7D8BDF6E4-LeaderElection15] INFO  impl.RoleInfo (RoleInfo.java:shutdownLeaderElection(130)) - s2: shutdown s2@group-4AD7D8BDF6E4-LeaderElection15
2023-03-28 15:14:13,359 [s2@group-4AD7D8BDF6E4-LeaderElection15] INFO  server.RaftServer$Division (RaftServerImpl.java:setRole(329)) - s2@group-4AD7D8BDF6E4: changes role from CANDIDATE to LEADER at term 4 for changeToLeader
2023-03-28 15:14:13,360 [s2@group-4AD7D8BDF6E4-LeaderElection15] INFO  server.RaftServer$Division (ServerState.java:setLeader(260)) - s2@group-4AD7D8BDF6E4: change Leader from null to s2 at term 4 for becomeLeader, leader elected after 324ms
2023-03-28 15:14:13,360 [s2@group-4AD7D8BDF6E4-LeaderElection15] INFO  server.RaftServerConfigKeys (ConfUtils.java:logGet(46)) - raft.server.staging.catchup.gap = 1000 (default)
2023-03-28 15:14:13,360 [s2@group-4AD7D8BDF6E4-LeaderElection15] INFO  server.RaftServerConfigKeys (ConfUtils.java:logGet(46)) - raft.server.write.element-limit = 4096 (default)
2023-03-28 15:14:13,360 [s2@group-4AD7D8BDF6E4-LeaderElection15] INFO  server.RaftServerConfigKeys (ConfUtils.java:logGet(46)) - raft.server.write.byte-limit = 64MB (=67108864) (default)
2023-03-28 15:14:13,360 [s2@group-4AD7D8BDF6E4-LeaderElection15] INFO  server.RaftServerConfigKeys (ConfUtils.java:logGet(46)) - raft.server.watch.timeout = 10s (default)
2023-03-28 15:14:13,360 [s2@group-4AD7D8BDF6E4-LeaderElection15] INFO  server.RaftServerConfigKeys (ConfUtils.java:logGet(46)) - raft.server.watch.timeout.denomination = 1s (default)
2023-03-28 15:14:13,360 [s2@group-4AD7D8BDF6E4-LeaderElection15] INFO  server.RaftServerConfigKeys (ConfUtils.java:logGet(46)) - raft.server.watch.element-limit = 65536 (default)
2023-03-28 15:14:13,360 [s2@group-4AD7D8BDF6E4-LeaderElection15] INFO  server.RaftServerConfigKeys (ConfUtils.java:logGet(46)) - raft.server.write.element-limit = 4096 (default)
2023-03-28 15:14:13,360 [s2@group-4AD7D8BDF6E4-LeaderElection15] INFO  server.RaftServerConfigKeys (ConfUtils.java:logGet(46)) - raft.server.write.follower.gap.ratio.max = -1.0 (default)
2023-03-28 15:14:13,360 [s2@group-4AD7D8BDF6E4-LeaderElection15] INFO  server.RaftServerConfigKeys (ConfUtils.java:logGet(46)) - raft.server.log.appender.snapshot.chunk.size.max = 16MB (=16777216) (default)
2023-03-28 15:14:13,360 [s2@group-4AD7D8BDF6E4-LeaderElection15] INFO  server.RaftServerConfigKeys (ConfUtils.java:logGet(46)) - raft.server.log.appender.buffer.byte-limit = 4MB (=4194304) (default)
2023-03-28 15:14:13,361 [s2@group-4AD7D8BDF6E4-LeaderElection15] INFO  server.RaftServerConfigKeys (ConfUtils.java:logGet(46)) - raft.server.log.appender.buffer.element-limit = 0 (default)
2023-03-28 15:14:13,361 [s2@group-4AD7D8BDF6E4-LeaderElection15] INFO  server.RaftServerConfigKeys (ConfUtils.java:logGet(46)) - raft.server.log.appender.wait-time.min = 10ms (default)
2023-03-28 15:14:13,361 [s2@group-4AD7D8BDF6E4-LeaderElection15] INFO  grpc.GrpcConfigKeys (ConfUtils.java:logGet(46)) - raft.grpc.server.leader.outstanding.appends.max = 128 (default)
2023-03-28 15:14:13,361 [s2@group-4AD7D8BDF6E4-LeaderElection15] INFO  server.RaftServerConfigKeys (ConfUtils.java:logGet(46)) - raft.server.rpc.request.timeout = 3000ms (default)
2023-03-28 15:14:13,361 [s2@group-4AD7D8BDF6E4-LeaderElection15] INFO  grpc.GrpcConfigKeys (ConfUtils.java:logGet(46)) - raft.grpc.server.install_snapshot.request.element-limit = 8 (default)
2023-03-28 15:14:13,361 [s2@group-4AD7D8BDF6E4-LeaderElection15] INFO  grpc.GrpcConfigKeys (ConfUtils.java:logGet(46)) - raft.grpc.server.install_snapshot.request.timeout = 3000ms (default)
2023-03-28 15:14:13,361 [s2@group-4AD7D8BDF6E4-LeaderElection15] INFO  server.RaftServerConfigKeys (ConfUtils.java:logGet(46)) - raft.server.log.appender.install.snapshot.enabled = true (default)
2023-03-28 15:14:13,361 [s2@group-4AD7D8BDF6E4-LeaderElection15] INFO  grpc.GrpcConfigKeys (ConfUtils.java:logGet(46)) - raft.grpc.server.heartbeat.channel = true (default)
2023-03-28 15:14:13,361 [s2@group-4AD7D8BDF6E4-LeaderElection15] INFO  server.RaftServerConfigKeys (ConfUtils.java:logGet(46)) - raft.server.log.appender.snapshot.chunk.size.max = 16MB (=16777216) (default)
2023-03-28 15:14:13,361 [s2@group-4AD7D8BDF6E4-LeaderElection15] INFO  server.RaftServerConfigKeys (ConfUtils.java:logGet(46)) - raft.server.log.appender.buffer.byte-limit = 4MB (=4194304) (default)
2023-03-28 15:14:13,361 [s2@group-4AD7D8BDF6E4-LeaderElection15] INFO  server.RaftServerConfigKeys (ConfUtils.java:logGet(46)) - raft.server.log.appender.buffer.element-limit = 0 (default)
2023-03-28 15:14:13,361 [s2@group-4AD7D8BDF6E4-LeaderElection15] INFO  server.RaftServerConfigKeys (ConfUtils.java:logGet(46)) - raft.server.log.appender.wait-time.min = 10ms (default)
2023-03-28 15:14:13,361 [s2@group-4AD7D8BDF6E4-LeaderElection15] INFO  grpc.GrpcConfigKeys (ConfUtils.java:logGet(46)) - raft.grpc.server.leader.outstanding.appends.max = 128 (default)
2023-03-28 15:14:13,361 [s2@group-4AD7D8BDF6E4-LeaderElection15] INFO  server.RaftServerConfigKeys (ConfUtils.java:logGet(46)) - raft.server.rpc.request.timeout = 3000ms (default)
2023-03-28 15:14:13,361 [s2@group-4AD7D8BDF6E4-LeaderElection15] INFO  grpc.GrpcConfigKeys (ConfUtils.java:logGet(46)) - raft.grpc.server.install_snapshot.request.element-limit = 8 (default)
2023-03-28 15:14:13,361 [s2@group-4AD7D8BDF6E4-LeaderElection15] INFO  grpc.GrpcConfigKeys (ConfUtils.java:logGet(46)) - raft.grpc.server.install_snapshot.request.timeout = 3000ms (default)
2023-03-28 15:14:13,361 [s2@group-4AD7D8BDF6E4-LeaderElection15] INFO  server.RaftServerConfigKeys (ConfUtils.java:logGet(46)) - raft.server.log.appender.install.snapshot.enabled = true (default)
2023-03-28 15:14:13,361 [s2@group-4AD7D8BDF6E4-LeaderElection15] INFO  grpc.GrpcConfigKeys (ConfUtils.java:logGet(46)) - raft.grpc.server.heartbeat.channel = true (default)
2023-03-28 15:14:13,362 [s2@group-4AD7D8BDF6E4-LeaderElection15] INFO  impl.RoleInfo (RoleInfo.java:updateAndGet(139)) - s2: start s2@group-4AD7D8BDF6E4-LeaderStateImpl
2023-03-28 15:14:13,362 [s2@group-4AD7D8BDF6E4-LeaderElection15] INFO  segmented.SegmentedRaftLogWorker (SegmentedRaftLogWorker.java:rollLogSegment(431)) - s2@group-4AD7D8BDF6E4-SegmentedRaftLogWorker: Rolling segment log-44_62 to index:62
2023-03-28 15:14:13,363 [s2@group-4AD7D8BDF6E4-SegmentedRaftLogWorker] TRACE util.FileUtils (LogUtils.java:runAndLog(49)) - Successfully ran Atomic Files.move /home/runner/work/ratis/ratis/ratis-test/target/test/data/2b0b63e9/MiniRaftClusterWithRpcTypeGrpcAndDataStreamTypeNetty8bd798c8/s2/b2440a32-6ec4-4a03-8d45-4ad7d8bdf6e4/current/log_inprogress_44 to /home/runner/work/ratis/ratis/ratis-test/target/test/data/2b0b63e9/MiniRaftClusterWithRpcTypeGrpcAndDataStreamTypeNetty8bd798c8/s2/b2440a32-6ec4-4a03-8d45-4ad7d8bdf6e4/current/log_44-62
2023-03-28 15:14:13,363 [s2@group-4AD7D8BDF6E4-SegmentedRaftLogWorker] INFO  segmented.SegmentedRaftLogWorker (SegmentedRaftLogWorker.java:execute(587)) - s2@group-4AD7D8BDF6E4-SegmentedRaftLogWorker: Rolled log segment from /home/runner/work/ratis/ratis/ratis-test/target/test/data/2b0b63e9/MiniRaftClusterWithRpcTypeGrpcAndDataStreamTypeNetty8bd798c8/s2/b2440a32-6ec4-4a03-8d45-4ad7d8bdf6e4/current/log_inprogress_44 to /home/runner/work/ratis/ratis/ratis-test/target/test/data/2b0b63e9/MiniRaftClusterWithRpcTypeGrpcAndDataStreamTypeNetty8bd798c8/s2/b2440a32-6ec4-4a03-8d45-4ad7d8bdf6e4/current/log_44-62
2023-03-28 15:14:13,449 [s2@group-4AD7D8BDF6E4-SegmentedRaftLogWorker] INFO  segmented.SegmentedRaftLogWorker (SegmentedRaftLogWorker.java:execute(630)) - s2@group-4AD7D8BDF6E4-SegmentedRaftLogWorker: created new log segment /home/runner/work/ratis/ratis/ratis-test/target/test/data/2b0b63e9/MiniRaftClusterWithRpcTypeGrpcAndDataStreamTypeNetty8bd798c8/s2/b2440a32-6ec4-4a03-8d45-4ad7d8bdf6e4/current/log_inprogress_63
2023-03-28 15:14:13,458 [s2@group-4AD7D8BDF6E4-LeaderElection15] INFO  server.RaftServer$Division (ServerState.java:setRaftConf(377)) - s2@group-4AD7D8BDF6E4: set configuration 63: peers:[s0|rpc:localhost:39189|admin:localhost:46309|client:localhost:42931|dataStream:localhost:35501|priority:0|startupRole:FOLLOWER, s1|rpc:localhost:42161|admin:localhost:45919|client:localhost:41703|dataStream:localhost:35503|priority:0|startupRole:FOLLOWER, s2|rpc:localhost:39003|admin:localhost:43283|client:localhost:38251|dataStream:localhost:44179|priority:0|startupRole:FOLLOWER]|listeners:[], old=null
2023-03-28 15:14:13,459 [s0-server-thread2] INFO  server.RaftServer$Division (ServerState.java:setLeader(260)) - s0@group-4AD7D8BDF6E4: change Leader from null to s2 at term 4 for appendEntries, leader elected after 238ms
2023-03-28 15:14:13,469 [s0-server-thread4] INFO  server.RaftServer$Division (ServerState.java:setRaftConf(377)) - s0@group-4AD7D8BDF6E4: set configuration 63: peers:[s0|rpc:localhost:39189|admin:localhost:46309|client:localhost:42931|dataStream:localhost:35501|priority:0|startupRole:FOLLOWER, s1|rpc:localhost:42161|admin:localhost:45919|client:localhost:41703|dataStream:localhost:35503|priority:0|startupRole:FOLLOWER, s2|rpc:localhost:39003|admin:localhost:43283|client:localhost:38251|dataStream:localhost:44179|priority:0|startupRole:FOLLOWER]|listeners:[], old=null
2023-03-28 15:14:13,471 [s0-server-thread4] INFO  segmented.SegmentedRaftLogWorker (SegmentedRaftLogWorker.java:truncate(442)) - s0@group-4AD7D8BDF6E4-SegmentedRaftLogWorker: Truncating segments toTruncate: (44, 63) isOpen? true, length=693, newEndIndex=62
  toDelete: [], start index 63
2023-03-28 15:14:13,471 [s0-server-thread4] INFO  segmented.SegmentedRaftLogWorker (SegmentedRaftLogWorker.java:startLogSegment(426)) - s0@group-4AD7D8BDF6E4-SegmentedRaftLogWorker: Starting segment from index:63
2023-03-28 15:14:13,473 [s0@group-4AD7D8BDF6E4-SegmentedRaftLogWorker] TRACE util.FileUtils (LogUtils.java:runAndLog(49)) - Successfully ran FileOutputStream.getChannel().truncate /home/runner/work/ratis/ratis/ratis-test/target/test/data/2b0b63e9/MiniRaftClusterWithRpcTypeGrpcAndDataStreamTypeNetty8bd798c8/s0/b2440a32-6ec4-4a03-8d45-4ad7d8bdf6e4/current/log_inprogress_44 length: 727 -> 693
2023-03-28 15:14:13,473 [s0@group-4AD7D8BDF6E4-SegmentedRaftLogWorker] TRACE util.FileUtils (LogUtils.java:runAndLog(49)) - Successfully ran Atomic Files.move /home/runner/work/ratis/ratis/ratis-test/target/test/data/2b0b63e9/MiniRaftClusterWithRpcTypeGrpcAndDataStreamTypeNetty8bd798c8/s0/b2440a32-6ec4-4a03-8d45-4ad7d8bdf6e4/current/log_inprogress_44 to /home/runner/work/ratis/ratis/ratis-test/target/test/data/2b0b63e9/MiniRaftClusterWithRpcTypeGrpcAndDataStreamTypeNetty8bd798c8/s0/b2440a32-6ec4-4a03-8d45-4ad7d8bdf6e4/current/log_44-62
2023-03-28 15:14:13,473 [s0@group-4AD7D8BDF6E4-SegmentedRaftLogWorker] INFO  segmented.SegmentedRaftLogWorker (SegmentedRaftLogWorker.java:execute(670)) - s0@group-4AD7D8BDF6E4-SegmentedRaftLogWorker: Truncated log file /home/runner/work/ratis/ratis/ratis-test/target/test/data/2b0b63e9/MiniRaftClusterWithRpcTypeGrpcAndDataStreamTypeNetty8bd798c8/s0/b2440a32-6ec4-4a03-8d45-4ad7d8bdf6e4/current/log_inprogress_44 to length 693 and moved it to /home/runner/work/ratis/ratis/ratis-test/target/test/data/2b0b63e9/MiniRaftClusterWithRpcTypeGrpcAndDataStreamTypeNetty8bd798c8/s0/b2440a32-6ec4-4a03-8d45-4ad7d8bdf6e4/current/log_44-62
2023-03-28 15:14:13,474 [s0@group-4AD7D8BDF6E4-SegmentedRaftLogWorker] INFO  segmented.SegmentedRaftLogWorker (SegmentedRaftLogWorker.java:lambda$new$0(134)) - s0@group-4AD7D8BDF6E4-SegmentedRaftLogWorker: flushIndex: setUnconditionally 63 -> 62
2023-03-28 15:14:13,474 [s0@group-4AD7D8BDF6E4-SegmentedRaftLogWorker] INFO  segmented.SegmentedRaftLogWorker (SegmentedRaftLogWorker.java:lambda$new$0(134)) - s0@group-4AD7D8BDF6E4-SegmentedRaftLogWorker: safeCacheEvictIndex: setUnconditionally 43 -> 62
2023-03-28 15:14:13,489 [s1-server-thread2] INFO  server.RaftServer$Division (ServerState.java:setLeader(260)) - s1@group-4AD7D8BDF6E4: change Leader from null to s2 at term 4 for appendEntries, leader elected after 459ms
2023-03-28 15:14:13,519 [s0@group-4AD7D8BDF6E4-SegmentedRaftLogWorker] INFO  segmented.SegmentedRaftLogWorker (SegmentedRaftLogWorker.java:execute(630)) - s0@group-4AD7D8BDF6E4-SegmentedRaftLogWorker: created new log segment /home/runner/work/ratis/ratis/ratis-test/target/test/data/2b0b63e9/MiniRaftClusterWithRpcTypeGrpcAndDataStreamTypeNetty8bd798c8/s0/b2440a32-6ec4-4a03-8d45-4ad7d8bdf6e4/current/log_inprogress_63
2023-03-28 15:14:13,533 [s1-server-thread3] INFO  server.RaftServer$Division (ServerState.java:setRaftConf(377)) - s1@group-4AD7D8BDF6E4: set configuration 63: peers:[s0|rpc:localhost:39189|admin:localhost:46309|client:localhost:42931|dataStream:localhost:35501|priority:0|startupRole:FOLLOWER, s1|rpc:localhost:42161|admin:localhost:45919|client:localhost:41703|dataStream:localhost:35503|priority:0|startupRole:FOLLOWER, s2|rpc:localhost:39003|admin:localhost:43283|client:localhost:38251|dataStream:localhost:44179|priority:0|startupRole:FOLLOWER]|listeners:[], old=null
2023-03-28 15:14:13,533 [s1-server-thread3] INFO  segmented.SegmentedRaftLogWorker (SegmentedRaftLogWorker.java:rollLogSegment(431)) - s1@group-4AD7D8BDF6E4-SegmentedRaftLogWorker: Rolling segment log-44_62 to index:62
2023-03-28 15:14:13,534 [s1@group-4AD7D8BDF6E4-SegmentedRaftLogWorker] TRACE util.FileUtils (LogUtils.java:runAndLog(49)) - Successfully ran Atomic Files.move /home/runner/work/ratis/ratis/ratis-test/target/test/data/2b0b63e9/MiniRaftClusterWithRpcTypeGrpcAndDataStreamTypeNetty8bd798c8/s1/b2440a32-6ec4-4a03-8d45-4ad7d8bdf6e4/current/log_inprogress_44 to /home/runner/work/ratis/ratis/ratis-test/target/test/data/2b0b63e9/MiniRaftClusterWithRpcTypeGrpcAndDataStreamTypeNetty8bd798c8/s1/b2440a32-6ec4-4a03-8d45-4ad7d8bdf6e4/current/log_44-62
2023-03-28 15:14:13,534 [s1@group-4AD7D8BDF6E4-SegmentedRaftLogWorker] INFO  segmented.SegmentedRaftLogWorker (SegmentedRaftLogWorker.java:execute(587)) - s1@group-4AD7D8BDF6E4-SegmentedRaftLogWorker: Rolled log segment from /home/runner/work/ratis/ratis/ratis-test/target/test/data/2b0b63e9/MiniRaftClusterWithRpcTypeGrpcAndDataStreamTypeNetty8bd798c8/s1/b2440a32-6ec4-4a03-8d45-4ad7d8bdf6e4/current/log_inprogress_44 to /home/runner/work/ratis/ratis/ratis-test/target/test/data/2b0b63e9/MiniRaftClusterWithRpcTypeGrpcAndDataStreamTypeNetty8bd798c8/s1/b2440a32-6ec4-4a03-8d45-4ad7d8bdf6e4/current/log_44-62
2023-03-28 15:14:13,552 [s1@group-4AD7D8BDF6E4-SegmentedRaftLogWorker] INFO  segmented.SegmentedRaftLogWorker (SegmentedRaftLogWorker.java:execute(630)) - s1@group-4AD7D8BDF6E4-SegmentedRaftLogWorker: created new log segment /home/runner/work/ratis/ratis/ratis-test/target/test/data/2b0b63e9/MiniRaftClusterWithRpcTypeGrpcAndDataStreamTypeNetty8bd798c8/s1/b2440a32-6ec4-4a03-8d45-4ad7d8bdf6e4/current/log_inprogress_63
2023-03-28 15:14:13,829 [s2-client-thread1] INFO  statemachine.StateMachine (DataStreamTestUtils.java:link(157)) - link SingleDataStream: writeRequest=RaftClientRequest:client-3F6E156514EF->s1@group-4AD7D8BDF6E4, cid=419, seq=0, DataStream, Message:<EMPTY>, logEntry=null
2023-03-28 15:14:13,833 [s1-server-thread3] INFO  statemachine.StateMachine (DataStreamTestUtils.java:link(157)) - link SingleDataStream: writeRequest=RaftClientRequest:client-3F6E156514EF->s1@group-4AD7D8BDF6E4, cid=419, seq=0, DataStream, Message:<EMPTY>, logEntry=null
2023-03-28 15:14:13,838 [s0-server-thread4] INFO  statemachine.StateMachine (DataStreamTestUtils.java:link(157)) - link null
2023-03-28 15:14:13,848 [grpc-default-executor-2] WARN  server.GrpcServerProtocolService (LogUtils.java:warn(124)) - s0: Failed APPEND_ENTRIES request s2->s0#3407-t4,previous=(t:4, i:64),leaderCommit=64,initializing? true,entries: size=1, first=(t:4, i:65), STATEMACHINELOGENTRY, 419@client-3F6E156514EF
java.util.concurrent.CompletionException: java.io.IOException: java.lang.IllegalStateException: Null stream: entry=term: 4
index: 65
stateMachineLogEntry {
  type: DATASTREAM
  clientId: "i\b\262\343l\265B,\217\001?n\025e\024\357"
  callId: 419
}

	at java.base/java.util.concurrent.CompletableFuture.encodeThrowable(CompletableFuture.java:331)
	at java.base/java.util.concurrent.CompletableFuture.andTree(CompletableFuture.java:1452)
	at java.base/java.util.concurrent.CompletableFuture.allOf(CompletableFuture.java:2337)
	at org.apache.ratis.util.JavaUtils.allOf(JavaUtils.java:278)
	at org.apache.ratis.server.impl.RaftServerImpl.appendEntriesAsync(RaftServerImpl.java:1541)
	at org.apache.ratis.server.impl.RaftServerImpl.appendEntriesAsync(RaftServerImpl.java:1394)
	at org.apache.ratis.server.impl.RaftServerProxy.lambda$appendEntriesAsync$26(RaftServerProxy.java:639)
	at org.apache.ratis.util.JavaUtils.callAsUnchecked(JavaUtils.java:117)
	at org.apache.ratis.server.impl.RaftServerImpl.lambda$executeSubmitServerRequestAsync$11(RaftServerImpl.java:822)
	at java.base/java.util.concurrent.CompletableFuture$AsyncSupply.run(CompletableFuture.java:1700)
	at java.base/java.util.concurrent.ThreadPoolExecutor.runWorker(ThreadPoolExecutor.java:1128)
	at java.base/java.util.concurrent.ThreadPoolExecutor$Worker.run(ThreadPoolExecutor.java:628)
	at java.base/java.lang.Thread.run(Thread.java:829)
Caused by: java.io.IOException: java.lang.IllegalStateException: Null stream: entry=term: 4
index: 65
stateMachineLogEntry {
  type: DATASTREAM
  clientId: "i\b\262\343l\265B,\217\001?n\025e\024\357"
  callId: 419
}

	at org.apache.ratis.util.IOUtils.asIOException(IOUtils.java:56)
	at org.apache.ratis.util.IOUtils.toIOException(IOUtils.java:61)
	at org.apache.ratis.util.IOUtils.getFromFuture(IOUtils.java:85)
	at org.apache.ratis.server.raftlog.segmented.SegmentedRaftLogWorker$StateMachineDataPolicy.getFromFuture(SegmentedRaftLogWorker.java:88)
	at org.apache.ratis.server.raftlog.segmented.SegmentedRaftLogWorker$WriteLog.execute(SegmentedRaftLogWorker.java:535)
	at org.apache.ratis.server.raftlog.segmented.SegmentedRaftLogWorker.run(SegmentedRaftLogWorker.java:303)
	at java.base/java.util.concurrent.Executors$RunnableAdapter.call(Executors.java:515)
	at java.base/java.util.concurrent.FutureTask.run(FutureTask.java:264)
	... 3 more
Caused by: java.lang.IllegalStateException: Null stream: entry=term: 4
index: 65
stateMachineLogEntry {
  type: DATASTREAM
  clientId: "i\b\262\343l\265B,\217\001?n\025e\024\357"
  callId: 419
}

	at org.apache.ratis.datastream.DataStreamTestUtils$MultiDataStreamStateMachine.link(DataStreamTestUtils.java:159)
	at org.apache.ratis.server.raftlog.segmented.SegmentedRaftLogWorker$WriteLog.<init>(SegmentedRaftLogWorker.java:492)
	at org.apache.ratis.server.raftlog.segmented.SegmentedRaftLogWorker.writeLogEntry(SegmentedRaftLogWorker.java:438)
	at org.apache.ratis.server.raftlog.segmented.SegmentedRaftLog.appendEntryImpl(SegmentedRaftLog.java:409)
	at org.apache.ratis.server.raftlog.RaftLogBase.lambda$appendEntry$10(RaftLogBase.java:330)
	at org.apache.ratis.server.raftlog.RaftLogSequentialOps$Runner.runSequentially(RaftLogSequentialOps.java:78)
	at org.apache.ratis.server.raftlog.RaftLogBase.appendEntry(RaftLogBase.java:330)
	at org.apache.ratis.server.raftlog.segmented.SegmentedRaftLog.appendImpl(SegmentedRaftLog.java:457)
	at org.apache.ratis.server.raftlog.RaftLogBase.lambda$append$11(RaftLogBase.java:337)
	at org.apache.ratis.server.raftlog.RaftLogSequentialOps$Runner.runSequentially(RaftLogSequentialOps.java:69)
	at org.apache.ratis.server.raftlog.RaftLogBase.append(RaftLogBase.java:337)
	at org.apache.ratis.server.impl.RaftServerImpl.appendEntriesAsync(RaftServerImpl.java:1530)
	at org.apache.ratis.server.impl.RaftServerImpl.appendEntriesAsync(RaftServerImpl.java:1394)
	at org.apache.ratis.server.impl.RaftServerProxy.lambda$appendEntriesAsync$26(RaftServerProxy.java:639)
	at org.apache.ratis.util.JavaUtils.callAsUnchecked(JavaUtils.java:117)
	at org.apache.ratis.server.impl.RaftServerImpl.lambda$executeSubmitServerRequestAsync$11(RaftServerImpl.java:822)
	at java.base/java.util.concurrent.CompletableFuture$AsyncSupply.run(CompletableFuture.java:1700)
	... 3 more
2023-03-28 15:14:14,049 [pool-7-thread-10] INFO  datastream.DataStreamTestUtils (DataStreamTestUtils.java:writeAndCloseAndAssertReplies(311)) - start Stream420
2023-03-28 15:14:14,229 [grpc-default-executor-6] WARN  server.GrpcLogAppender (LogUtils.java:warn(124)) - s2@group-4AD7D8BDF6E4->s0-AppendLogResponseHandler: Failed appendEntries
java.io.IOException: java.lang.IllegalStateException: Null stream: entry=term: 4
index: 65
stateMachineLogEntry {
  type: DATASTREAM
  clientId: "i\b\262\343l\265B,\217\001?n\025e\024\357"
  callId: 419
}

	at org.apache.ratis.util.IOUtils.asIOException(IOUtils.java:56)
	at org.apache.ratis.util.IOUtils.toIOException(IOUtils.java:61)
	at org.apache.ratis.util.IOUtils.getFromFuture(IOUtils.java:85)
	at org.apache.ratis.server.raftlog.segmented.SegmentedRaftLogWorker$StateMachineDataPolicy.getFromFuture(SegmentedRaftLogWorker.java:88)
	at org.apache.ratis.server.raftlog.segmented.SegmentedRaftLogWorker$WriteLog.execute(SegmentedRaftLogWorker.java:535)
	at org.apache.ratis.server.raftlog.segmented.SegmentedRaftLogWorker.run(SegmentedRaftLogWorker.java:303)
	at java.base/java.util.concurrent.Executors$RunnableAdapter.call(Executors.java:515)
	at java.base/java.util.concurrent.FutureTask.run(FutureTask.java:264)
	at java.base/java.util.concurrent.ThreadPoolExecutor.runWorker(ThreadPoolExecutor.java:1128)
	at java.base/java.util.concurrent.ThreadPoolExecutor$Worker.run(ThreadPoolExecutor.java:628)
	at java.base/java.lang.Thread.run(Thread.java:829)
Caused by: java.lang.IllegalStateException: Null stream: entry=term: 4
index: 65
stateMachineLogEntry {
  type: DATASTREAM
  clientId: "i\b\262\343l\265B,\217\001?n\025e\024\357"
  callId: 419
}

	at org.apache.ratis.datastream.DataStreamTestUtils$MultiDataStreamStateMachine.link(DataStreamTestUtils.java:159)
	at org.apache.ratis.server.raftlog.segmented.SegmentedRaftLogWorker$WriteLog.<init>(SegmentedRaftLogWorker.java:492)
	at org.apache.ratis.server.raftlog.segmented.SegmentedRaftLogWorker.writeLogEntry(SegmentedRaftLogWorker.java:438)
	at org.apache.ratis.server.raftlog.segmented.SegmentedRaftLog.appendEntryImpl(SegmentedRaftLog.java:409)
	at org.apache.ratis.server.raftlog.RaftLogBase.lambda$appendEntry$10(RaftLogBase.java:330)
	at org.apache.ratis.server.raftlog.RaftLogSequentialOps$Runner.runSequentially(RaftLogSequentialOps.java:78)
	at org.apache.ratis.server.raftlog.RaftLogBase.appendEntry(RaftLogBase.java:330)
	at org.apache.ratis.server.raftlog.segmented.SegmentedRaftLog.appendImpl(SegmentedRaftLog.java:457)
	at org.apache.ratis.server.raftlog.RaftLogBase.lambda$append$11(RaftLogBase.java:337)
	at org.apache.ratis.server.raftlog.RaftLogSequentialOps$Runner.runSequentially(RaftLogSequentialOps.java:69)
	at org.apache.ratis.server.raftlog.RaftLogBase.append(RaftLogBase.java:337)
	at org.apache.ratis.server.impl.RaftServerImpl.appendEntriesAsync(RaftServerImpl.java:1530)
	at org.apache.ratis.server.impl.RaftServerImpl.appendEntriesAsync(RaftServerImpl.java:1394)
	at org.apache.ratis.server.impl.RaftServerProxy.lambda$appendEntriesAsync$26(RaftServerProxy.java:639)
	at org.apache.ratis.util.JavaUtils.callAsUnchecked(JavaUtils.java:117)
	at org.apache.ratis.server.impl.RaftServerImpl.lambda$executeSubmitServerRequestAsync$11(RaftServerImpl.java:822)
	at java.base/java.util.concurrent.CompletableFuture$AsyncSupply.run(CompletableFuture.java:1700)
	... 3 more
2023-03-28 15:14:14,229 [grpc-default-executor-6] INFO  leader.FollowerInfo (FollowerInfoImpl.java:lambda$new$0(52)) - s2@group-4AD7D8BDF6E4->s0: decreaseNextIndex nextIndex: updateUnconditionally 67 -> 65
2023-03-28 15:14:14,257 [s0-server-thread4] WARN  server.GrpcServerProtocolService (LogUtils.java:warn(124)) - s0: Failed APPEND_ENTRIES request s2->s0#13065-t4,previous=(t:4, i:64),leaderCommit=66,initializing? true,entries: size=2, first=(t:4, i:65), STATEMACHINELOGENTRY, 419@client-3F6E156514EF
java.util.concurrent.CompletionException: org.apache.ratis.server.raftlog.RaftLogIOException: Log already failed at index 65 for task WriteLog:65: (t:4, i:65), STATEMACHINELOGENTRY, StateMachineLogEntryProto:419@client-3F6E156514EF
	at java.base/java.util.concurrent.CompletableFuture.encodeThrowable(CompletableFuture.java:331)
	at java.base/java.util.concurrent.CompletableFuture.completeThrowable(CompletableFuture.java:346)
	at java.base/java.util.concurrent.CompletableFuture$BiRelay.tryFire(CompletableFuture.java:1423)
	at java.base/java.util.concurrent.CompletableFuture$CoCompletion.tryFire(CompletableFuture.java:1144)
	at java.base/java.util.concurrent.CompletableFuture.postComplete(CompletableFuture.java:506)
	at java.base/java.util.concurrent.CompletableFuture.completeExceptionally(CompletableFuture.java:2088)
	at org.apache.ratis.server.raftlog.segmented.SegmentedRaftLog$Task.failed(SegmentedRaftLog.java:105)
	at org.apache.ratis.server.raftlog.segmented.SegmentedRaftLogWorker$WriteLog.failed(SegmentedRaftLogWorker.java:514)
	at org.apache.ratis.server.raftlog.segmented.SegmentedRaftLogWorker.run(SegmentedRaftLogWorker.java:312)
	at java.base/java.util.concurrent.Executors$RunnableAdapter.call(Executors.java:515)
	at java.base/java.util.concurrent.FutureTask.run(FutureTask.java:264)
	at java.base/java.util.concurrent.ThreadPoolExecutor.runWorker(ThreadPoolExecutor.java:1128)
	at java.base/java.util.concurrent.ThreadPoolExecutor$Worker.run(ThreadPoolExecutor.java:628)
	at java.base/java.lang.Thread.run(Thread.java:829)
Caused by: org.apache.ratis.server.raftlog.RaftLogIOException: Log already failed at index 65 for task WriteLog:65: (t:4, i:65), STATEMACHINELOGENTRY, StateMachineLogEntryProto:419@client-3F6E156514EF
	at org.apache.ratis.server.raftlog.segmented.SegmentedRaftLogWorker.run(SegmentedRaftLogWorker.java:315)
	... 5 more
Caused by: java.io.IOException: java.lang.IllegalStateException: Null stream: entry=term: 4
index: 65
stateMachineLogEntry {
  type: DATASTREAM
  clientId: "i\b\262\343l\265B,\217\001?n\025e\024\357"
  callId: 419
}

	at org.apache.ratis.util.IOUtils.asIOException(IOUtils.java:56)
	at org.apache.ratis.util.IOUtils.toIOException(IOUtils.java:61)
	at org.apache.ratis.util.IOUtils.getFromFuture(IOUtils.java:85)
	at org.apache.ratis.server.raftlog.segmented.SegmentedRaftLogWorker$StateMachineDataPolicy.getFromFuture(SegmentedRaftLogWorker.java:88)
	at org.apache.ratis.server.raftlog.segmented.SegmentedRaftLogWorker$WriteLog.execute(SegmentedRaftLogWorker.java:535)
	at org.apache.ratis.server.raftlog.segmented.SegmentedRaftLogWorker.run(SegmentedRaftLogWorker.java:303)
	... 5 more
Caused by: java.lang.IllegalStateException: Null stream: entry=term: 4
index: 65
stateMachineLogEntry {
  type: DATASTREAM
  clientId: "i\b\262\343l\265B,\217\001?n\025e\024\357"
  callId: 419
}

	at org.apache.ratis.datastream.DataStreamTestUtils$MultiDataStreamStateMachine.link(DataStreamTestUtils.java:159)
	at org.apache.ratis.server.raftlog.segmented.SegmentedRaftLogWorker$WriteLog.<init>(SegmentedRaftLogWorker.java:492)
	at org.apache.ratis.server.raftlog.segmented.SegmentedRaftLogWorker.writeLogEntry(SegmentedRaftLogWorker.java:438)
	at org.apache.ratis.server.raftlog.segmented.SegmentedRaftLog.appendEntryImpl(SegmentedRaftLog.java:409)
	at org.apache.ratis.server.raftlog.RaftLogBase.lambda$appendEntry$10(RaftLogBase.java:330)
	at org.apache.ratis.server.raftlog.RaftLogSequentialOps$Runner.runSequentially(RaftLogSequentialOps.java:78)
	at org.apache.ratis.server.raftlog.RaftLogBase.appendEntry(RaftLogBase.java:330)
	at org.apache.ratis.server.raftlog.segmented.SegmentedRaftLog.appendImpl(SegmentedRaftLog.java:457)
	at org.apache.ratis.server.raftlog.RaftLogBase.lambda$append$11(RaftLogBase.java:337)
	at org.apache.ratis.server.raftlog.RaftLogSequentialOps$Runner.runSequentially(RaftLogSequentialOps.java:69)
	at org.apache.ratis.server.raftlog.RaftLogBase.append(RaftLogBase.java:337)
	at org.apache.ratis.server.impl.RaftServerImpl.appendEntriesAsync(RaftServerImpl.java:1530)
	at org.apache.ratis.server.impl.RaftServerImpl.appendEntriesAsync(RaftServerImpl.java:1394)
	at org.apache.ratis.server.impl.RaftServerProxy.lambda$appendEntriesAsync$26(RaftServerProxy.java:639)
	at org.apache.ratis.util.JavaUtils.callAsUnchecked(JavaUtils.java:117)
	at org.apache.ratis.server.impl.RaftServerImpl.lambda$executeSubmitServerRequestAsync$11(RaftServerImpl.java:822)
	at java.base/java.util.concurrent.CompletableFuture$AsyncSupply.run(CompletableFuture.java:1700)
	... 3 more
2023-03-28 15:14:14,424 [pool-7-thread-16] INFO  datastream.DataStreamTestUtils (DataStreamTestUtils.java:writeAndCloseAndAssertReplies(320)) - Stream411: bytesWritten=3758017
2023-03-28 15:14:14,430 [grpc-default-executor-6] WARN  server.GrpcLogAppender (LogUtils.java:warn(124)) - s2@group-4AD7D8BDF6E4->s0-AppendLogResponseHandler: Failed appendEntries
org.apache.ratis.server.raftlog.RaftLogIOException: Log already failed at index 65 for task WriteLog:65: (t:4, i:65), STATEMACHINELOGENTRY, StateMachineLogEntryProto:419@client-3F6E156514EF
	at org.apache.ratis.server.raftlog.segmented.SegmentedRaftLogWorker.run(SegmentedRaftLogWorker.java:315)
	at java.base/java.util.concurrent.Executors$RunnableAdapter.call(Executors.java:515)
	at java.base/java.util.concurrent.FutureTask.run(FutureTask.java:264)
	at java.base/java.util.concurrent.ThreadPoolExecutor.runWorker(ThreadPoolExecutor.java:1128)
	at java.base/java.util.concurrent.ThreadPoolExecutor$Worker.run(ThreadPoolExecutor.java:628)
	at java.base/java.lang.Thread.run(Thread.java:829)
Caused by: java.io.IOException: java.lang.IllegalStateException: Null stream: entry=term: 4
index: 65
stateMachineLogEntry {
  type: DATASTREAM
  clientId: "i\b\262\343l\265B,\217\001?n\025e\024\357"
  callId: 419
}

	at org.apache.ratis.util.IOUtils.asIOException(IOUtils.java:56)
	at org.apache.ratis.util.IOUtils.toIOException(IOUtils.java:61)
	at org.apache.ratis.util.IOUtils.getFromFuture(IOUtils.java:85)
	at org.apache.ratis.server.raftlog.segmented.SegmentedRaftLogWorker$StateMachineDataPolicy.getFromFuture(SegmentedRaftLogWorker.java:88)
	at org.apache.ratis.server.raftlog.segmented.SegmentedRaftLogWorker$WriteLog.execute(SegmentedRaftLogWorker.java:535)
	at org.apache.ratis.server.raftlog.segmented.SegmentedRaftLogWorker.run(SegmentedRaftLogWorker.java:303)
	... 5 more
Caused by: java.lang.IllegalStateException: Null stream: entry=term: 4
index: 65
stateMachineLogEntry {
  type: DATASTREAM
  clientId: "i\b\262\343l\265B,\217\001?n\025e\024\357"
  callId: 419
}

	at org.apache.ratis.datastream.DataStreamTestUtils$MultiDataStreamStateMachine.link(DataStreamTestUtils.java:159)
	at org.apache.ratis.server.raftlog.segmented.SegmentedRaftLogWorker$WriteLog.<init>(SegmentedRaftLogWorker.java:492)
	at org.apache.ratis.server.raftlog.segmented.SegmentedRaftLogWorker.writeLogEntry(SegmentedRaftLogWorker.java:438)
	at org.apache.ratis.server.raftlog.segmented.SegmentedRaftLog.appendEntryImpl(SegmentedRaftLog.java:409)
	at org.apache.ratis.server.raftlog.RaftLogBase.lambda$appendEntry$10(RaftLogBase.java:330)
	at org.apache.ratis.server.raftlog.RaftLogSequentialOps$Runner.runSequentially(RaftLogSequentialOps.java:78)
	at org.apache.ratis.server.raftlog.RaftLogBase.appendEntry(RaftLogBase.java:330)
	at org.apache.ratis.server.raftlog.segmented.SegmentedRaftLog.appendImpl(SegmentedRaftLog.java:457)
	at org.apache.ratis.server.raftlog.RaftLogBase.lambda$append$11(RaftLogBase.java:337)
	at org.apache.ratis.server.raftlog.RaftLogSequentialOps$Runner.runSequentially(RaftLogSequentialOps.java:69)
	at org.apache.ratis.server.raftlog.RaftLogBase.append(RaftLogBase.java:337)
	at org.apache.ratis.server.impl.RaftServerImpl.appendEntriesAsync(RaftServerImpl.java:1530)
	at org.apache.ratis.server.impl.RaftServerImpl.appendEntriesAsync(RaftServerImpl.java:1394)
	at org.apache.ratis.server.impl.RaftServerProxy.lambda$appendEntriesAsync$26(RaftServerProxy.java:639)
	at org.apache.ratis.util.JavaUtils.callAsUnchecked(JavaUtils.java:117)
	at org.apache.ratis.server.impl.RaftServerImpl.lambda$executeSubmitServerRequestAsync$11(RaftServerImpl.java:822)
	at java.base/java.util.concurrent.CompletableFuture$AsyncSupply.run(CompletableFuture.java:1700)
	... 3 more
2023-03-28 15:14:14,431 [grpc-default-executor-6] INFO  leader.FollowerInfo (FollowerInfoImpl.java:lambda$new$0(52)) - s2@group-4AD7D8BDF6E4->s0: decreaseNextIndex nextIndex: updateUnconditionally 67 -> 65
2023-03-28 15:14:14,532 [pool-7-thread-10] INFO  datastream.DataStreamTestUtils (DataStreamTestUtils.java:writeAndCloseAndAssertReplies(320)) - Stream420: bytesWritten=808764
2023-03-28 15:14:14,596 [s2-client-thread1] INFO  statemachine.StateMachine (DataStreamTestUtils.java:link(157)) - link SingleDataStream: writeRequest=RaftClientRequest:client-3F6E156514EF->s1@group-4AD7D8BDF6E4, cid=420, seq=0, DataStream, Message:<EMPTY>, logEntry=null
2023-03-28 15:14:14,597 [s0-server-thread4] INFO  statemachine.StateMachine (DataStreamTestUtils.java:link(157)) - link SingleDataStream: writeRequest=RaftClientRequest:client-3F6E156514EF->s1@group-4AD7D8BDF6E4, cid=420, seq=0, DataStream, Message:<EMPTY>, logEntry=null
2023-03-28 15:14:14,598 [s0-server-thread4] WARN  server.GrpcServerProtocolService (LogUtils.java:warn(124)) - s0: Failed APPEND_ENTRIES request s2->s0#22888-t4,previous=(t:4, i:66),leaderCommit=66,initializing? true,entries: size=1, first=(t:4, i:67), STATEMACHINELOGENTRY, 420@client-3F6E156514EF
java.util.concurrent.CompletionException: org.apache.ratis.server.raftlog.RaftLogIOException: Log already failed at index 65 for task WriteLog:65: (t:4, i:65), STATEMACHINELOGENTRY, StateMachineLogEntryProto:419@client-3F6E156514EF
	at java.base/java.util.concurrent.CompletableFuture.encodeThrowable(CompletableFuture.java:331)
	at java.base/java.util.concurrent.CompletableFuture.completeThrowable(CompletableFuture.java:346)
	at java.base/java.util.concurrent.CompletableFuture$BiRelay.tryFire(CompletableFuture.java:1423)
	at java.base/java.util.concurrent.CompletableFuture$CoCompletion.tryFire(CompletableFuture.java:1144)
	at java.base/java.util.concurrent.CompletableFuture.postComplete(CompletableFuture.java:506)
	at java.base/java.util.concurrent.CompletableFuture.completeExceptionally(CompletableFuture.java:2088)
	at org.apache.ratis.server.raftlog.segmented.SegmentedRaftLog$Task.failed(SegmentedRaftLog.java:105)
	at org.apache.ratis.server.raftlog.segmented.SegmentedRaftLogWorker$WriteLog.failed(SegmentedRaftLogWorker.java:514)
	at org.apache.ratis.server.raftlog.segmented.SegmentedRaftLogWorker.run(SegmentedRaftLogWorker.java:312)
	at java.base/java.util.concurrent.Executors$RunnableAdapter.call(Executors.java:515)
	at java.base/java.util.concurrent.FutureTask.run(FutureTask.java:264)
	at java.base/java.util.concurrent.ThreadPoolExecutor.runWorker(ThreadPoolExecutor.java:1128)
	at java.base/java.util.concurrent.ThreadPoolExecutor$Worker.run(ThreadPoolExecutor.java:628)
	at java.base/java.lang.Thread.run(Thread.java:829)
Caused by: org.apache.ratis.server.raftlog.RaftLogIOException: Log already failed at index 65 for task WriteLog:65: (t:4, i:65), STATEMACHINELOGENTRY, StateMachineLogEntryProto:419@client-3F6E156514EF
	at org.apache.ratis.server.raftlog.segmented.SegmentedRaftLogWorker.run(SegmentedRaftLogWorker.java:315)
	... 5 more
Caused by: java.io.IOException: java.lang.IllegalStateException: Null stream: entry=term: 4
index: 65
stateMachineLogEntry {
  type: DATASTREAM
  clientId: "i\b\262\343l\265B,\217\001?n\025e\024\357"
  callId: 419
}

	at org.apache.ratis.util.IOUtils.asIOException(IOUtils.java:56)
	at org.apache.ratis.util.IOUtils.toIOException(IOUtils.java:61)
	at org.apache.ratis.util.IOUtils.getFromFuture(IOUtils.java:85)
	at org.apache.ratis.server.raftlog.segmented.SegmentedRaftLogWorker$StateMachineDataPolicy.getFromFuture(SegmentedRaftLogWorker.java:88)
	at org.apache.ratis.server.raftlog.segmented.SegmentedRaftLogWorker$WriteLog.execute(SegmentedRaftLogWorker.java:535)
	at org.apache.ratis.server.raftlog.segmented.SegmentedRaftLogWorker.run(SegmentedRaftLogWorker.java:303)
	... 5 more
Caused by: java.lang.IllegalStateException: Null stream: entry=term: 4
index: 65
stateMachineLogEntry {
  type: DATASTREAM
  clientId: "i\b\262\343l\265B,\217\001?n\025e\024\357"
  callId: 419
}

	at org.apache.ratis.datastream.DataStreamTestUtils$MultiDataStreamStateMachine.link(DataStreamTestUtils.java:159)
	at org.apache.ratis.server.raftlog.segmented.SegmentedRaftLogWorker$WriteLog.<init>(SegmentedRaftLogWorker.java:492)
	at org.apache.ratis.server.raftlog.segmented.SegmentedRaftLogWorker.writeLogEntry(SegmentedRaftLogWorker.java:438)
	at org.apache.ratis.server.raftlog.segmented.SegmentedRaftLog.appendEntryImpl(SegmentedRaftLog.java:409)
	at org.apache.ratis.server.raftlog.RaftLogBase.lambda$appendEntry$10(RaftLogBase.java:330)
	at org.apache.ratis.server.raftlog.RaftLogSequentialOps$Runner.runSequentially(RaftLogSequentialOps.java:78)
	at org.apache.ratis.server.raftlog.RaftLogBase.appendEntry(RaftLogBase.java:330)
	at org.apache.ratis.server.raftlog.segmented.SegmentedRaftLog.appendImpl(SegmentedRaftLog.java:457)
	at org.apache.ratis.server.raftlog.RaftLogBase.lambda$append$11(RaftLogBase.java:337)
	at org.apache.ratis.server.raftlog.RaftLogSequentialOps$Runner.runSequentially(RaftLogSequentialOps.java:69)
	at org.apache.ratis.server.raftlog.RaftLogBase.append(RaftLogBase.java:337)
	at org.apache.ratis.server.impl.RaftServerImpl.appendEntriesAsync(RaftServerImpl.java:1530)
	at org.apache.ratis.server.impl.RaftServerImpl.appendEntriesAsync(RaftServerImpl.java:1394)
	at org.apache.ratis.server.impl.RaftServerProxy.lambda$appendEntriesAsync$26(RaftServerProxy.java:639)
	at org.apache.ratis.util.JavaUtils.callAsUnchecked(JavaUtils.java:117)
	at org.apache.ratis.server.impl.RaftServerImpl.lambda$executeSubmitServerRequestAsync$11(RaftServerImpl.java:822)
	at java.base/java.util.concurrent.CompletableFuture$AsyncSupply.run(CompletableFuture.java:1700)
	... 3 more
2023-03-28 15:14:14,614 [grpc-default-executor-2] WARN  server.GrpcLogAppender (LogUtils.java:warn(124)) - s2@group-4AD7D8BDF6E4->s0-AppendLogResponseHandler: Failed appendEntries
org.apache.ratis.server.raftlog.RaftLogIOException: Log already failed at index 65 for task WriteLog:65: (t:4, i:65), STATEMACHINELOGENTRY, StateMachineLogEntryProto:419@client-3F6E156514EF
	at org.apache.ratis.server.raftlog.segmented.SegmentedRaftLogWorker.run(SegmentedRaftLogWorker.java:315)
	at java.base/java.util.concurrent.Executors$RunnableAdapter.call(Executors.java:515)
	at java.base/java.util.concurrent.FutureTask.run(FutureTask.java:264)
	at java.base/java.util.concurrent.ThreadPoolExecutor.runWorker(ThreadPoolExecutor.java:1128)
	at java.base/java.util.concurrent.ThreadPoolExecutor$Worker.run(ThreadPoolExecutor.java:628)
	at java.base/java.lang.Thread.run(Thread.java:829)
Caused by: java.io.IOException: java.lang.IllegalStateException: Null stream: entry=term: 4
index: 65
stateMachineLogEntry {
  type: DATASTREAM
  clientId: "i\b\262\343l\265B,\217\001?n\025e\024\357"
  callId: 419
}

	at org.apache.ratis.util.IOUtils.asIOException(IOUtils.java:56)
	at org.apache.ratis.util.IOUtils.toIOException(IOUtils.java:61)
	at org.apache.ratis.util.IOUtils.getFromFuture(IOUtils.java:85)
	at org.apache.ratis.server.raftlog.segmented.SegmentedRaftLogWorker$StateMachineDataPolicy.getFromFuture(SegmentedRaftLogWorker.java:88)
	at org.apache.ratis.server.raftlog.segmented.SegmentedRaftLogWorker$WriteLog.execute(SegmentedRaftLogWorker.java:535)
	at org.apache.ratis.server.raftlog.segmented.SegmentedRaftLogWorker.run(SegmentedRaftLogWorker.java:303)
	... 5 more
Caused by: java.lang.IllegalStateException: Null stream: entry=term: 4
index: 65
stateMachineLogEntry {
  type: DATASTREAM
  clientId: "i\b\262\343l\265B,\217\001?n\025e\024\357"
  callId: 419
}

	at org.apache.ratis.datastream.DataStreamTestUtils$MultiDataStreamStateMachine.link(DataStreamTestUtils.java:159)
	at org.apache.ratis.server.raftlog.segmented.SegmentedRaftLogWorker$WriteLog.<init>(SegmentedRaftLogWorker.java:492)
	at org.apache.ratis.server.raftlog.segmented.SegmentedRaftLogWorker.writeLogEntry(SegmentedRaftLogWorker.java:438)
	at org.apache.ratis.server.raftlog.segmented.SegmentedRaftLog.appendEntryImpl(SegmentedRaftLog.java:409)
	at org.apache.ratis.server.raftlog.RaftLogBase.lambda$appendEntry$10(RaftLogBase.java:330)
	at org.apache.ratis.server.raftlog.RaftLogSequentialOps$Runner.runSequentially(RaftLogSequentialOps.java:78)
	at org.apache.ratis.server.raftlog.RaftLogBase.appendEntry(RaftLogBase.java:330)
	at org.apache.ratis.server.raftlog.segmented.SegmentedRaftLog.appendImpl(SegmentedRaftLog.java:457)
	at org.apache.ratis.server.raftlog.RaftLogBase.lambda$append$11(RaftLogBase.java:337)
	at org.apache.ratis.server.raftlog.RaftLogSequentialOps$Runner.runSequentially(RaftLogSequentialOps.java:69)
	at org.apache.ratis.server.raftlog.RaftLogBase.append(RaftLogBase.java:337)
	at org.apache.ratis.server.impl.RaftServerImpl.appendEntriesAsync(RaftServerImpl.java:1530)
	at org.apache.ratis.server.impl.RaftServerImpl.appendEntriesAsync(RaftServerImpl.java:1394)
	at org.apache.ratis.server.impl.RaftServerProxy.lambda$appendEntriesAsync$26(RaftServerProxy.java:639)
	at org.apache.ratis.util.JavaUtils.callAsUnchecked(JavaUtils.java:117)
	at org.apache.ratis.server.impl.RaftServerImpl.lambda$executeSubmitServerRequestAsync$11(RaftServerImpl.java:822)
	at java.base/java.util.concurrent.CompletableFuture$AsyncSupply.run(CompletableFuture.java:1700)
	... 3 more
2023-03-28 15:14:14,614 [grpc-default-executor-2] INFO  leader.FollowerInfo (FollowerInfoImpl.java:lambda$new$0(52)) - s2@group-4AD7D8BDF6E4->s0: decreaseNextIndex nextIndex: updateUnconditionally 68 -> 67
2023-03-28 15:14:14,630 [s1-server-thread2] INFO  statemachine.StateMachine (DataStreamTestUtils.java:link(157)) - link SingleDataStream: writeRequest=RaftClientRequest:client-3F6E156514EF->s1@group-4AD7D8BDF6E4, cid=420, seq=0, DataStream, Message:<EMPTY>, logEntry=null
2023-03-28 15:14:14,642 [s0-server-thread1] WARN  server.GrpcServerProtocolService (LogUtils.java:warn(124)) - s0: Failed APPEND_ENTRIES request s2->s0#22890-t4,previous=(t:4, i:67),leaderCommit=67,initializing? true,entries: size=1, first=(t:4, i:68), METADATAENTRY(c:67)
java.util.concurrent.CompletionException: org.apache.ratis.server.raftlog.RaftLogIOException: Log already failed at index 65 for task WriteLog:65: (t:4, i:65), STATEMACHINELOGENTRY, StateMachineLogEntryProto:419@client-3F6E156514EF
	at java.base/java.util.concurrent.CompletableFuture.encodeThrowable(CompletableFuture.java:331)
	at java.base/java.util.concurrent.CompletableFuture.completeThrowable(CompletableFuture.java:346)
	at java.base/java.util.concurrent.CompletableFuture$BiRelay.tryFire(CompletableFuture.java:1423)
	at java.base/java.util.concurrent.CompletableFuture$CoCompletion.tryFire(CompletableFuture.java:1144)
	at java.base/java.util.concurrent.CompletableFuture.postComplete(CompletableFuture.java:506)
	at java.base/java.util.concurrent.CompletableFuture.completeExceptionally(CompletableFuture.java:2088)
	at org.apache.ratis.server.raftlog.segmented.SegmentedRaftLog$Task.failed(SegmentedRaftLog.java:105)
	at org.apache.ratis.server.raftlog.segmented.SegmentedRaftLogWorker$WriteLog.failed(SegmentedRaftLogWorker.java:514)
	at org.apache.ratis.server.raftlog.segmented.SegmentedRaftLogWorker.run(SegmentedRaftLogWorker.java:312)
	at java.base/java.util.concurrent.Executors$RunnableAdapter.call(Executors.java:515)
	at java.base/java.util.concurrent.FutureTask.run(FutureTask.java:264)
	at java.base/java.util.concurrent.ThreadPoolExecutor.runWorker(ThreadPoolExecutor.java:1128)
	at java.base/java.util.concurrent.ThreadPoolExecutor$Worker.run(ThreadPoolExecutor.java:628)
	at java.base/java.lang.Thread.run(Thread.java:829)
Caused by: org.apache.ratis.server.raftlog.RaftLogIOException: Log already failed at index 65 for task WriteLog:65: (t:4, i:65), STATEMACHINELOGENTRY, StateMachineLogEntryProto:419@client-3F6E156514EF
	at org.apache.ratis.server.raftlog.segmented.SegmentedRaftLogWorker.run(SegmentedRaftLogWorker.java:315)
	... 5 more
Caused by: java.io.IOException: java.lang.IllegalStateException: Null stream: entry=term: 4
index: 65
stateMachineLogEntry {
  type: DATASTREAM
  clientId: "i\b\262\343l\265B,\217\001?n\025e\024\357"
  callId: 419
}

	at org.apache.ratis.util.IOUtils.asIOException(IOUtils.java:56)
	at org.apache.ratis.util.IOUtils.toIOException(IOUtils.java:61)
	at org.apache.ratis.util.IOUtils.getFromFuture(IOUtils.java:85)
	at org.apache.ratis.server.raftlog.segmented.SegmentedRaftLogWorker$StateMachineDataPolicy.getFromFuture(SegmentedRaftLogWorker.java:88)
	at org.apache.ratis.server.raftlog.segmented.SegmentedRaftLogWorker$WriteLog.execute(SegmentedRaftLogWorker.java:535)
	at org.apache.ratis.server.raftlog.segmented.SegmentedRaftLogWorker.run(SegmentedRaftLogWorker.java:303)
	... 5 more
Caused by: java.lang.IllegalStateException: Null stream: entry=term: 4
index: 65
stateMachineLogEntry {
  type: DATASTREAM
  clientId: "i\b\262\343l\265B,\217\001?n\025e\024\357"
  callId: 419
}

	at org.apache.ratis.datastream.DataStreamTestUtils$MultiDataStreamStateMachine.link(DataStreamTestUtils.java:159)
	at org.apache.ratis.server.raftlog.segmented.SegmentedRaftLogWorker$WriteLog.<init>(SegmentedRaftLogWorker.java:492)
	at org.apache.ratis.server.raftlog.segmented.SegmentedRaftLogWorker.writeLogEntry(SegmentedRaftLogWorker.java:438)
	at org.apache.ratis.server.raftlog.segmented.SegmentedRaftLog.appendEntryImpl(SegmentedRaftLog.java:409)
	at org.apache.ratis.server.raftlog.RaftLogBase.lambda$appendEntry$10(RaftLogBase.java:330)
	at org.apache.ratis.server.raftlog.RaftLogSequentialOps$Runner.runSequentially(RaftLogSequentialOps.java:78)
	at org.apache.ratis.server.raftlog.RaftLogBase.appendEntry(RaftLogBase.java:330)
	at org.apache.ratis.server.raftlog.segmented.SegmentedRaftLog.appendImpl(SegmentedRaftLog.java:457)
	at org.apache.ratis.server.raftlog.RaftLogBase.lambda$append$11(RaftLogBase.java:337)
	at org.apache.ratis.server.raftlog.RaftLogSequentialOps$Runner.runSequentially(RaftLogSequentialOps.java:69)
	at org.apache.ratis.server.raftlog.RaftLogBase.append(RaftLogBase.java:337)
	at org.apache.ratis.server.impl.RaftServerImpl.appendEntriesAsync(RaftServerImpl.java:1530)
	at org.apache.ratis.server.impl.RaftServerImpl.appendEntriesAsync(RaftServerImpl.java:1394)
	at org.apache.ratis.server.impl.RaftServerProxy.lambda$appendEntriesAsync$26(RaftServerProxy.java:639)
	at org.apache.ratis.util.JavaUtils.callAsUnchecked(JavaUtils.java:117)
	at org.apache.ratis.server.impl.RaftServerImpl.lambda$executeSubmitServerRequestAsync$11(RaftServerImpl.java:822)
	at java.base/java.util.concurrent.CompletableFuture$AsyncSupply.run(CompletableFuture.java:1700)
	... 3 more
2023-03-28 15:14:14,642 [pool-7-thread-10] INFO  datastream.DataStreamTestUtils (DataStreamTestUtils.java:writeAndCloseAndAssertReplies(311)) - start Stream421
2023-03-28 15:14:14,745 [grpc-default-executor-6] WARN  server.GrpcLogAppender (LogUtils.java:warn(124)) - s2@group-4AD7D8BDF6E4->s0-AppendLogResponseHandler: Failed appendEntries
org.apache.ratis.server.raftlog.RaftLogIOException: Log already failed at index 65 for task WriteLog:65: (t:4, i:65), STATEMACHINELOGENTRY, StateMachineLogEntryProto:419@client-3F6E156514EF
	at org.apache.ratis.server.raftlog.segmented.SegmentedRaftLogWorker.run(SegmentedRaftLogWorker.java:315)
	at java.base/java.util.concurrent.Executors$RunnableAdapter.call(Executors.java:515)
	at java.base/java.util.concurrent.FutureTask.run(FutureTask.java:264)
	at java.base/java.util.concurrent.ThreadPoolExecutor.runWorker(ThreadPoolExecutor.java:1128)
	at java.base/java.util.concurrent.ThreadPoolExecutor$Worker.run(ThreadPoolExecutor.java:628)
	at java.base/java.lang.Thread.run(Thread.java:829)
Caused by: java.io.IOException: java.lang.IllegalStateException: Null stream: entry=term: 4
index: 65
stateMachineLogEntry {
  type: DATASTREAM
  clientId: "i\b\262\343l\265B,\217\001?n\025e\024\357"
  callId: 419
}

	at org.apache.ratis.util.IOUtils.asIOException(IOUtils.java:56)
	at org.apache.ratis.util.IOUtils.toIOException(IOUtils.java:61)
	at org.apache.ratis.util.IOUtils.getFromFuture(IOUtils.java:85)
	at org.apache.ratis.server.raftlog.segmented.SegmentedRaftLogWorker$StateMachineDataPolicy.getFromFuture(SegmentedRaftLogWorker.java:88)
	at org.apache.ratis.server.raftlog.segmented.SegmentedRaftLogWorker$WriteLog.execute(SegmentedRaftLogWorker.java:535)
	at org.apache.ratis.server.raftlog.segmented.SegmentedRaftLogWorker.run(SegmentedRaftLogWorker.java:303)
	... 5 more
Caused by: java.lang.IllegalStateException: Null stream: entry=term: 4
index: 65
stateMachineLogEntry {
  type: DATASTREAM
  clientId: "i\b\262\343l\265B,\217\001?n\025e\024\357"
  callId: 419
}

	at org.apache.ratis.datastream.DataStreamTestUtils$MultiDataStreamStateMachine.link(DataStreamTestUtils.java:159)
	at org.apache.ratis.server.raftlog.segmented.SegmentedRaftLogWorker$WriteLog.<init>(SegmentedRaftLogWorker.java:492)
	at org.apache.ratis.server.raftlog.segmented.SegmentedRaftLogWorker.writeLogEntry(SegmentedRaftLogWorker.java:438)
	at org.apache.ratis.server.raftlog.segmented.SegmentedRaftLog.appendEntryImpl(SegmentedRaftLog.java:409)
	at org.apache.ratis.server.raftlog.RaftLogBase.lambda$appendEntry$10(RaftLogBase.java:330)
	at org.apache.ratis.server.raftlog.RaftLogSequentialOps$Runner.runSequentially(RaftLogSequentialOps.java:78)
	at org.apache.ratis.server.raftlog.RaftLogBase.appendEntry(RaftLogBase.java:330)
	at org.apache.ratis.server.raftlog.segmented.SegmentedRaftLog.appendImpl(SegmentedRaftLog.java:457)
	at org.apache.ratis.server.raftlog.RaftLogBase.lambda$append$11(RaftLogBase.java:337)
	at org.apache.ratis.server.raftlog.RaftLogSequentialOps$Runner.runSequentially(RaftLogSequentialOps.java:69)
	at org.apache.ratis.server.raftlog.RaftLogBase.append(RaftLogBase.java:337)
	at org.apache.ratis.server.impl.RaftServerImpl.appendEntriesAsync(RaftServerImpl.java:1530)
	at org.apache.ratis.server.impl.RaftServerImpl.appendEntriesAsync(RaftServerImpl.java:1394)
	at org.apache.ratis.server.impl.RaftServerProxy.lambda$appendEntriesAsync$26(RaftServerProxy.java:639)
	at org.apache.ratis.util.JavaUtils.callAsUnchecked(JavaUtils.java:117)
	at org.apache.ratis.server.impl.RaftServerImpl.lambda$executeSubmitServerRequestAsync$11(RaftServerImpl.java:822)
	at java.base/java.util.concurrent.CompletableFuture$AsyncSupply.run(CompletableFuture.java:1700)
	... 3 more
2023-03-28 15:14:14,746 [grpc-default-executor-6] INFO  leader.FollowerInfo (FollowerInfoImpl.java:lambda$new$0(52)) - s2@group-4AD7D8BDF6E4->s0: decreaseNextIndex nextIndex: updateUnconditionally 69 -> 68
2023-03-28 15:14:14,762 [pool-7-thread-10] INFO  datastream.DataStreamTestUtils (DataStreamTestUtils.java:writeAndCloseAndAssertReplies(320)) - Stream421: bytesWritten=772506
2023-03-28 15:14:14,788 [s2-client-thread1] INFO  statemachine.StateMachine (DataStreamTestUtils.java:link(157)) - link SingleDataStream: writeRequest=RaftClientRequest:client-3F6E156514EF->s1@group-4AD7D8BDF6E4, cid=421, seq=0, DataStream, Message:<EMPTY>, logEntry=null
2023-03-28 15:14:14,789 [s1-server-thread3] INFO  statemachine.StateMachine (DataStreamTestUtils.java:link(157)) - link SingleDataStream: writeRequest=RaftClientRequest:client-3F6E156514EF->s1@group-4AD7D8BDF6E4, cid=421, seq=0, DataStream, Message:<EMPTY>, logEntry=null
2023-03-28 15:14:14,792 [s0-server-thread2] INFO  statemachine.StateMachine (DataStreamTestUtils.java:link(157)) - link SingleDataStream: writeRequest=RaftClientRequest:client-3F6E156514EF->s1@group-4AD7D8BDF6E4, cid=421, seq=0, DataStream, Message:<EMPTY>, logEntry=null
2023-03-28 15:14:14,792 [s0-server-thread2] WARN  server.GrpcServerProtocolService (LogUtils.java:warn(124)) - s0: Failed APPEND_ENTRIES request s2->s0#30020-t4,previous=(t:4, i:67),leaderCommit=68,initializing? true,entries: size=2, first=(t:4, i:68), METADATAENTRY(c:67)
java.util.concurrent.CompletionException: org.apache.ratis.server.raftlog.RaftLogIOException: Log already failed at index 65 for task WriteLog:65: (t:4, i:65), STATEMACHINELOGENTRY, StateMachineLogEntryProto:419@client-3F6E156514EF
	at java.base/java.util.concurrent.CompletableFuture.encodeThrowable(CompletableFuture.java:331)
	at java.base/java.util.concurrent.CompletableFuture.completeThrowable(CompletableFuture.java:346)
	at java.base/java.util.concurrent.CompletableFuture$BiRelay.tryFire(CompletableFuture.java:1423)
	at java.base/java.util.concurrent.CompletableFuture$CoCompletion.tryFire(CompletableFuture.java:1144)
	at java.base/java.util.concurrent.CompletableFuture.postComplete(CompletableFuture.java:506)
	at java.base/java.util.concurrent.CompletableFuture.completeExceptionally(CompletableFuture.java:2088)
	at org.apache.ratis.server.raftlog.segmented.SegmentedRaftLog$Task.failed(SegmentedRaftLog.java:105)
	at org.apache.ratis.server.raftlog.segmented.SegmentedRaftLogWorker$WriteLog.failed(SegmentedRaftLogWorker.java:514)
	at org.apache.ratis.server.raftlog.segmented.SegmentedRaftLogWorker.run(SegmentedRaftLogWorker.java:312)
	at java.base/java.util.concurrent.Executors$RunnableAdapter.call(Executors.java:515)
	at java.base/java.util.concurrent.FutureTask.run(FutureTask.java:264)
	at java.base/java.util.concurrent.ThreadPoolExecutor.runWorker(ThreadPoolExecutor.java:1128)
	at java.base/java.util.concurrent.ThreadPoolExecutor$Worker.run(ThreadPoolExecutor.java:628)
	at java.base/java.lang.Thread.run(Thread.java:829)
Caused by: org.apache.ratis.server.raftlog.RaftLogIOException: Log already failed at index 65 for task WriteLog:65: (t:4, i:65), STATEMACHINELOGENTRY, StateMachineLogEntryProto:419@client-3F6E156514EF
	at org.apache.ratis.server.raftlog.segmented.SegmentedRaftLogWorker.run(SegmentedRaftLogWorker.java:315)
	... 5 more
Caused by: java.io.IOException: java.lang.IllegalStateException: Null stream: entry=term: 4
index: 65
stateMachineLogEntry {
  type: DATASTREAM
  clientId: "i\b\262\343l\265B,\217\001?n\025e\024\357"
  callId: 419
}

	at org.apache.ratis.util.IOUtils.asIOException(IOUtils.java:56)
	at org.apache.ratis.util.IOUtils.toIOException(IOUtils.java:61)
	at org.apache.ratis.util.IOUtils.getFromFuture(IOUtils.java:85)
	at org.apache.ratis.server.raftlog.segmented.SegmentedRaftLogWorker$StateMachineDataPolicy.getFromFuture(SegmentedRaftLogWorker.java:88)
	at org.apache.ratis.server.raftlog.segmented.SegmentedRaftLogWorker$WriteLog.execute(SegmentedRaftLogWorker.java:535)
	at org.apache.ratis.server.raftlog.segmented.SegmentedRaftLogWorker.run(SegmentedRaftLogWorker.java:303)
	... 5 more
Caused by: java.lang.IllegalStateException: Null stream: entry=term: 4
index: 65
stateMachineLogEntry {
  type: DATASTREAM
  clientId: "i\b\262\343l\265B,\217\001?n\025e\024\357"
  callId: 419
}

	at org.apache.ratis.datastream.DataStreamTestUtils$MultiDataStreamStateMachine.link(DataStreamTestUtils.java:159)
	at org.apache.ratis.server.raftlog.segmented.SegmentedRaftLogWorker$WriteLog.<init>(SegmentedRaftLogWorker.java:492)
	at org.apache.ratis.server.raftlog.segmented.SegmentedRaftLogWorker.writeLogEntry(SegmentedRaftLogWorker.java:438)
	at org.apache.ratis.server.raftlog.segmented.SegmentedRaftLog.appendEntryImpl(SegmentedRaftLog.java:409)
	at org.apache.ratis.server.raftlog.RaftLogBase.lambda$appendEntry$10(RaftLogBase.java:330)
	at org.apache.ratis.server.raftlog.RaftLogSequentialOps$Runner.runSequentially(RaftLogSequentialOps.java:78)
	at org.apache.ratis.server.raftlog.RaftLogBase.appendEntry(RaftLogBase.java:330)
	at org.apache.ratis.server.raftlog.segmented.SegmentedRaftLog.appendImpl(SegmentedRaftLog.java:457)
	at org.apache.ratis.server.raftlog.RaftLogBase.lambda$append$11(RaftLogBase.java:337)
	at org.apache.ratis.server.raftlog.RaftLogSequentialOps$Runner.runSequentially(RaftLogSequentialOps.java:69)
	at org.apache.ratis.server.raftlog.RaftLogBase.append(RaftLogBase.java:337)
	at org.apache.ratis.server.impl.RaftServerImpl.appendEntriesAsync(RaftServerImpl.java:1530)
	at org.apache.ratis.server.impl.RaftServerImpl.appendEntriesAsync(RaftServerImpl.java:1394)
	at org.apache.ratis.server.impl.RaftServerProxy.lambda$appendEntriesAsync$26(RaftServerProxy.java:639)
	at org.apache.ratis.util.JavaUtils.callAsUnchecked(JavaUtils.java:117)
	at org.apache.ratis.server.impl.RaftServerImpl.lambda$executeSubmitServerRequestAsync$11(RaftServerImpl.java:822)
	at java.base/java.util.concurrent.CompletableFuture$AsyncSupply.run(CompletableFuture.java:1700)
	... 3 more
2023-03-28 15:14:14,822 [grpc-default-executor-4] WARN  server.GrpcLogAppender (LogUtils.java:warn(124)) - s2@group-4AD7D8BDF6E4->s0-AppendLogResponseHandler: Failed appendEntries
org.apache.ratis.server.raftlog.RaftLogIOException: Log already failed at index 65 for task WriteLog:65: (t:4, i:65), STATEMACHINELOGENTRY, StateMachineLogEntryProto:419@client-3F6E156514EF
	at org.apache.ratis.server.raftlog.segmented.SegmentedRaftLogWorker.run(SegmentedRaftLogWorker.java:315)
	at java.base/java.util.concurrent.Executors$RunnableAdapter.call(Executors.java:515)
	at java.base/java.util.concurrent.FutureTask.run(FutureTask.java:264)
	at java.base/java.util.concurrent.ThreadPoolExecutor.runWorker(ThreadPoolExecutor.java:1128)
	at java.base/java.util.concurrent.ThreadPoolExecutor$Worker.run(ThreadPoolExecutor.java:628)
	at java.base/java.lang.Thread.run(Thread.java:829)
Caused by: java.io.IOException: java.lang.IllegalStateException: Null stream: entry=term: 4
index: 65
stateMachineLogEntry {
  type: DATASTREAM
  clientId: "i\b\262\343l\265B,\217\001?n\025e\024\357"
  callId: 419
}

	at org.apache.ratis.util.IOUtils.asIOException(IOUtils.java:56)
	at org.apache.ratis.util.IOUtils.toIOException(IOUtils.java:61)
	at org.apache.ratis.util.IOUtils.getFromFuture(IOUtils.java:85)
	at org.apache.ratis.server.raftlog.segmented.SegmentedRaftLogWorker$StateMachineDataPolicy.getFromFuture(SegmentedRaftLogWorker.java:88)
	at org.apache.ratis.server.raftlog.segmented.SegmentedRaftLogWorker$WriteLog.execute(SegmentedRaftLogWorker.java:535)
	at org.apache.ratis.server.raftlog.segmented.SegmentedRaftLogWorker.run(SegmentedRaftLogWorker.java:303)
	... 5 more
Caused by: java.lang.IllegalStateException: Null stream: entry=term: 4
index: 65
stateMachineLogEntry {
  type: DATASTREAM
  clientId: "i\b\262\343l\265B,\217\001?n\025e\024\357"
  callId: 419
}

	at org.apache.ratis.datastream.DataStreamTestUtils$MultiDataStreamStateMachine.link(DataStreamTestUtils.java:159)
	at org.apache.ratis.server.raftlog.segmented.SegmentedRaftLogWorker$WriteLog.<init>(SegmentedRaftLogWorker.java:492)
	at org.apache.ratis.server.raftlog.segmented.SegmentedRaftLogWorker.writeLogEntry(SegmentedRaftLogWorker.java:438)
	at org.apache.ratis.server.raftlog.segmented.SegmentedRaftLog.appendEntryImpl(SegmentedRaftLog.java:409)
	at org.apache.ratis.server.raftlog.RaftLogBase.lambda$appendEntry$10(RaftLogBase.java:330)
	at org.apache.ratis.server.raftlog.RaftLogSequentialOps$Runner.runSequentially(RaftLogSequentialOps.java:78)
	at org.apache.ratis.server.raftlog.RaftLogBase.appendEntry(RaftLogBase.java:330)
	at org.apache.ratis.server.raftlog.segmented.SegmentedRaftLog.appendImpl(SegmentedRaftLog.java:457)
	at org.apache.ratis.server.raftlog.RaftLogBase.lambda$append$11(RaftLogBase.java:337)
	at org.apache.ratis.server.raftlog.RaftLogSequentialOps$Runner.runSequentially(RaftLogSequentialOps.java:69)
	at org.apache.ratis.server.raftlog.RaftLogBase.append(RaftLogBase.java:337)
	at org.apache.ratis.server.impl.RaftServerImpl.appendEntriesAsync(RaftServerImpl.java:1530)
	at org.apache.ratis.server.impl.RaftServerImpl.appendEntriesAsync(RaftServerImpl.java:1394)
	at org.apache.ratis.server.impl.RaftServerProxy.lambda$appendEntriesAsync$26(RaftServerProxy.java:639)
	at org.apache.ratis.util.JavaUtils.callAsUnchecked(JavaUtils.java:117)
	at org.apache.ratis.server.impl.RaftServerImpl.lambda$executeSubmitServerRequestAsync$11(RaftServerImpl.java:822)
	at java.base/java.util.concurrent.CompletableFuture$AsyncSupply.run(CompletableFuture.java:1700)
	... 3 more
2023-03-28 15:14:14,823 [grpc-default-executor-4] INFO  leader.FollowerInfo (FollowerInfoImpl.java:lambda$new$0(52)) - s2@group-4AD7D8BDF6E4->s0: decreaseNextIndex nextIndex: updateUnconditionally 70 -> 68
2023-03-28 15:14:14,839 [pool-7-thread-10] INFO  datastream.DataStreamTestUtils (DataStreamTestUtils.java:writeAndCloseAndAssertReplies(311)) - start Stream422
2023-03-28 15:14:14,847 [grpc-default-executor-4] WARN  server.GrpcServerProtocolService (LogUtils.java:warn(124)) - s0: Failed APPEND_ENTRIES request s2->s0#32441-t4,previous=(t:4, i:67),leaderCommit=69,initializing? true,entries: size=3, first=(t:4, i:68), METADATAENTRY(c:67)
java.util.concurrent.CompletionException: org.apache.ratis.server.raftlog.RaftLogIOException: Log already failed at index 65 for task WriteLog:65: (t:4, i:65), STATEMACHINELOGENTRY, StateMachineLogEntryProto:419@client-3F6E156514EF
	at java.base/java.util.concurrent.CompletableFuture.encodeThrowable(CompletableFuture.java:331)
	at java.base/java.util.concurrent.CompletableFuture.completeThrowable(CompletableFuture.java:346)
	at java.base/java.util.concurrent.CompletableFuture$BiRelay.tryFire(CompletableFuture.java:1423)
	at java.base/java.util.concurrent.CompletableFuture$CoCompletion.tryFire(CompletableFuture.java:1144)
	at java.base/java.util.concurrent.CompletableFuture.postComplete(CompletableFuture.java:506)
	at java.base/java.util.concurrent.CompletableFuture.completeExceptionally(CompletableFuture.java:2088)
	at org.apache.ratis.server.raftlog.segmented.SegmentedRaftLog$Task.failed(SegmentedRaftLog.java:105)
	at org.apache.ratis.server.raftlog.segmented.SegmentedRaftLogWorker$WriteLog.failed(SegmentedRaftLogWorker.java:514)
	at org.apache.ratis.server.raftlog.segmented.SegmentedRaftLogWorker.run(SegmentedRaftLogWorker.java:312)
	at java.base/java.util.concurrent.Executors$RunnableAdapter.call(Executors.java:515)
	at java.base/java.util.concurrent.FutureTask.run(FutureTask.java:264)
	at java.base/java.util.concurrent.ThreadPoolExecutor.runWorker(ThreadPoolExecutor.java:1128)
	at java.base/java.util.concurrent.ThreadPoolExecutor$Worker.run(ThreadPoolExecutor.java:628)
	at java.base/java.lang.Thread.run(Thread.java:829)
Caused by: org.apache.ratis.server.raftlog.RaftLogIOException: Log already failed at index 65 for task WriteLog:65: (t:4, i:65), STATEMACHINELOGENTRY, StateMachineLogEntryProto:419@client-3F6E156514EF
	at org.apache.ratis.server.raftlog.segmented.SegmentedRaftLogWorker.run(SegmentedRaftLogWorker.java:315)
	... 5 more
Caused by: java.io.IOException: java.lang.IllegalStateException: Null stream: entry=term: 4
index: 65
stateMachineLogEntry {
  type: DATASTREAM
  clientId: "i\b\262\343l\265B,\217\001?n\025e\024\357"
  callId: 419
}

	at org.apache.ratis.util.IOUtils.asIOException(IOUtils.java:56)
	at org.apache.ratis.util.IOUtils.toIOException(IOUtils.java:61)
	at org.apache.ratis.util.IOUtils.getFromFuture(IOUtils.java:85)
	at org.apache.ratis.server.raftlog.segmented.SegmentedRaftLogWorker$StateMachineDataPolicy.getFromFuture(SegmentedRaftLogWorker.java:88)
	at org.apache.ratis.server.raftlog.segmented.SegmentedRaftLogWorker$WriteLog.execute(SegmentedRaftLogWorker.java:535)
	at org.apache.ratis.server.raftlog.segmented.SegmentedRaftLogWorker.run(SegmentedRaftLogWorker.java:303)
	... 5 more
Caused by: java.lang.IllegalStateException: Null stream: entry=term: 4
index: 65
stateMachineLogEntry {
  type: DATASTREAM
  clientId: "i\b\262\343l\265B,\217\001?n\025e\024\357"
  callId: 419
}

	at org.apache.ratis.datastream.DataStreamTestUtils$MultiDataStreamStateMachine.link(DataStreamTestUtils.java:159)
	at org.apache.ratis.server.raftlog.segmented.SegmentedRaftLogWorker$WriteLog.<init>(SegmentedRaftLogWorker.java:492)
	at org.apache.ratis.server.raftlog.segmented.SegmentedRaftLogWorker.writeLogEntry(SegmentedRaftLogWorker.java:438)
	at org.apache.ratis.server.raftlog.segmented.SegmentedRaftLog.appendEntryImpl(SegmentedRaftLog.java:409)
	at org.apache.ratis.server.raftlog.RaftLogBase.lambda$appendEntry$10(RaftLogBase.java:330)
	at org.apache.ratis.server.raftlog.RaftLogSequentialOps$Runner.runSequentially(RaftLogSequentialOps.java:78)
	at org.apache.ratis.server.raftlog.RaftLogBase.appendEntry(RaftLogBase.java:330)
	at org.apache.ratis.server.raftlog.segmented.SegmentedRaftLog.appendImpl(SegmentedRaftLog.java:457)
	at org.apache.ratis.server.raftlog.RaftLogBase.lambda$append$11(RaftLogBase.java:337)
	at org.apache.ratis.server.raftlog.RaftLogSequentialOps$Runner.runSequentially(RaftLogSequentialOps.java:69)
	at org.apache.ratis.server.raftlog.RaftLogBase.append(RaftLogBase.java:337)
	at org.apache.ratis.server.impl.RaftServerImpl.appendEntriesAsync(RaftServerImpl.java:1530)
	at org.apache.ratis.server.impl.RaftServerImpl.appendEntriesAsync(RaftServerImpl.java:1394)
	at org.apache.ratis.server.impl.RaftServerProxy.lambda$appendEntriesAsync$26(RaftServerProxy.java:639)
	at org.apache.ratis.util.JavaUtils.callAsUnchecked(JavaUtils.java:117)
	at org.apache.ratis.server.impl.RaftServerImpl.lambda$executeSubmitServerRequestAsync$11(RaftServerImpl.java:822)
	at java.base/java.util.concurrent.CompletableFuture$AsyncSupply.run(CompletableFuture.java:1700)
	... 3 more
2023-03-28 15:14:14,864 [pool-7-thread-10] INFO  datastream.DataStreamTestUtils (DataStreamTestUtils.java:writeAndCloseAndAssertReplies(320)) - Stream422: bytesWritten=714427
2023-03-28 15:14:14,925 [grpc-default-executor-2] WARN  server.GrpcLogAppender (LogUtils.java:warn(124)) - s2@group-4AD7D8BDF6E4->s0-AppendLogResponseHandler: Failed appendEntries
org.apache.ratis.server.raftlog.RaftLogIOException: Log already failed at index 65 for task WriteLog:65: (t:4, i:65), STATEMACHINELOGENTRY, StateMachineLogEntryProto:419@client-3F6E156514EF
	at org.apache.ratis.server.raftlog.segmented.SegmentedRaftLogWorker.run(SegmentedRaftLogWorker.java:315)
	at java.base/java.util.concurrent.Executors$RunnableAdapter.call(Executors.java:515)
	at java.base/java.util.concurrent.FutureTask.run(FutureTask.java:264)
	at java.base/java.util.concurrent.ThreadPoolExecutor.runWorker(ThreadPoolExecutor.java:1128)
	at java.base/java.util.concurrent.ThreadPoolExecutor$Worker.run(ThreadPoolExecutor.java:628)
	at java.base/java.lang.Thread.run(Thread.java:829)
Caused by: java.io.IOException: java.lang.IllegalStateException: Null stream: entry=term: 4
index: 65
stateMachineLogEntry {
  type: DATASTREAM
  clientId: "i\b\262\343l\265B,\217\001?n\025e\024\357"
  callId: 419
}

	at org.apache.ratis.util.IOUtils.asIOException(IOUtils.java:56)
	at org.apache.ratis.util.IOUtils.toIOException(IOUtils.java:61)
	at org.apache.ratis.util.IOUtils.getFromFuture(IOUtils.java:85)
	at org.apache.ratis.server.raftlog.segmented.SegmentedRaftLogWorker$StateMachineDataPolicy.getFromFuture(SegmentedRaftLogWorker.java:88)
	at org.apache.ratis.server.raftlog.segmented.SegmentedRaftLogWorker$WriteLog.execute(SegmentedRaftLogWorker.java:535)
	at org.apache.ratis.server.raftlog.segmented.SegmentedRaftLogWorker.run(SegmentedRaftLogWorker.java:303)
	... 5 more
Caused by: java.lang.IllegalStateException: Null stream: entry=term: 4
index: 65
stateMachineLogEntry {
  type: DATASTREAM
  clientId: "i\b\262\343l\265B,\217\001?n\025e\024\357"
  callId: 419
}

	at org.apache.ratis.datastream.DataStreamTestUtils$MultiDataStreamStateMachine.link(DataStreamTestUtils.java:159)
	at org.apache.ratis.server.raftlog.segmented.SegmentedRaftLogWorker$WriteLog.<init>(SegmentedRaftLogWorker.java:492)
	at org.apache.ratis.server.raftlog.segmented.SegmentedRaftLogWorker.writeLogEntry(SegmentedRaftLogWorker.java:438)
	at org.apache.ratis.server.raftlog.segmented.SegmentedRaftLog.appendEntryImpl(SegmentedRaftLog.java:409)
	at org.apache.ratis.server.raftlog.RaftLogBase.lambda$appendEntry$10(RaftLogBase.java:330)
	at org.apache.ratis.server.raftlog.RaftLogSequentialOps$Runner.runSequentially(RaftLogSequentialOps.java:78)
	at org.apache.ratis.server.raftlog.RaftLogBase.appendEntry(RaftLogBase.java:330)
	at org.apache.ratis.server.raftlog.segmented.SegmentedRaftLog.appendImpl(SegmentedRaftLog.java:457)
	at org.apache.ratis.server.raftlog.RaftLogBase.lambda$append$11(RaftLogBase.java:337)
	at org.apache.ratis.server.raftlog.RaftLogSequentialOps$Runner.runSequentially(RaftLogSequentialOps.java:69)
	at org.apache.ratis.server.raftlog.RaftLogBase.append(RaftLogBase.java:337)
	at org.apache.ratis.server.impl.RaftServerImpl.appendEntriesAsync(RaftServerImpl.java:1530)
	at org.apache.ratis.server.impl.RaftServerImpl.appendEntriesAsync(RaftServerImpl.java:1394)
	at org.apache.ratis.server.impl.RaftServerProxy.lambda$appendEntriesAsync$26(RaftServerProxy.java:639)
	at org.apache.ratis.util.JavaUtils.callAsUnchecked(JavaUtils.java:117)
	at org.apache.ratis.server.impl.RaftServerImpl.lambda$executeSubmitServerRequestAsync$11(RaftServerImpl.java:822)
	at java.base/java.util.concurrent.CompletableFuture$AsyncSupply.run(CompletableFuture.java:1700)
	... 3 more
2023-03-28 15:14:14,926 [grpc-default-executor-2] INFO  leader.FollowerInfo (FollowerInfoImpl.java:lambda$new$0(52)) - s2@group-4AD7D8BDF6E4->s0: decreaseNextIndex nextIndex: updateUnconditionally 71 -> 68
2023-03-28 15:14:14,966 [s2-client-thread1] INFO  statemachine.StateMachine (DataStreamTestUtils.java:link(157)) - link SingleDataStream: writeRequest=RaftClientRequest:client-3F6E156514EF->s1@group-4AD7D8BDF6E4, cid=422, seq=0, DataStream, Message:<EMPTY>, logEntry=null
2023-03-28 15:14:14,967 [s1-server-thread4] INFO  statemachine.StateMachine (DataStreamTestUtils.java:link(157)) - link SingleDataStream: writeRequest=RaftClientRequest:client-3F6E156514EF->s1@group-4AD7D8BDF6E4, cid=422, seq=0, DataStream, Message:<EMPTY>, logEntry=null
2023-03-28 15:14:15,172 [s1@group-4AD7D8BDF6E4-FollowerState] INFO  impl.FollowerState (FollowerState.java:run(143)) - s1@group-4AD7D8BDF6E4-FollowerState: change to CANDIDATE, lastRpcElapsedTime:204626696ns, electionTimeout:179ms
2023-03-28 15:14:15,172 [s1@group-4AD7D8BDF6E4-FollowerState] INFO  impl.RoleInfo (RoleInfo.java:shutdownFollowerState(110)) - s1: shutdown s1@group-4AD7D8BDF6E4-FollowerState
2023-03-28 15:14:15,172 [s1@group-4AD7D8BDF6E4-FollowerState] INFO  server.RaftServer$Division (RaftServerImpl.java:setRole(329)) - s1@group-4AD7D8BDF6E4: changes role from  FOLLOWER to CANDIDATE at term 4 for changeToCandidate
2023-03-28 15:14:15,173 [s1@group-4AD7D8BDF6E4-FollowerState] INFO  server.RaftServerConfigKeys (ConfUtils.java:logGet(46)) - raft.server.leaderelection.pre-vote = true (default)
2023-03-28 15:14:15,173 [s1@group-4AD7D8BDF6E4-FollowerState] INFO  impl.RoleInfo (RoleInfo.java:updateAndGet(139)) - s1: start s1@group-4AD7D8BDF6E4-LeaderElection16
2023-03-28 15:14:15,176 [pool-7-thread-10] INFO  datastream.DataStreamTestUtils (DataStreamTestUtils.java:writeAndCloseAndAssertReplies(311)) - start Stream423
2023-03-28 15:14:15,181 [s1@group-4AD7D8BDF6E4-LeaderElection16] INFO  server.RaftServer$Division (ServerState.java:setLeader(260)) - s1@group-4AD7D8BDF6E4: change Leader from s2 to null at term 4 for PRE_VOTE
2023-03-28 15:14:15,181 [s1@group-4AD7D8BDF6E4-LeaderElection16] INFO  impl.LeaderElection (LeaderElection.java:askForVotes(320)) - s1@group-4AD7D8BDF6E4-LeaderElection16 PRE_VOTE round 0: submit vote requests at term 4 for 63: peers:[s0|rpc:localhost:39189|admin:localhost:46309|client:localhost:42931|dataStream:localhost:35501|priority:0|startupRole:FOLLOWER, s1|rpc:localhost:42161|admin:localhost:45919|client:localhost:41703|dataStream:localhost:35503|priority:0|startupRole:FOLLOWER, s2|rpc:localhost:39003|admin:localhost:43283|client:localhost:38251|dataStream:localhost:44179|priority:0|startupRole:FOLLOWER]|listeners:[], old=null
2023-03-28 15:14:15,184 [JvmPauseMonitor4] WARN  util.JvmPauseMonitor (JvmPauseMonitor.java:detectPause(124)) - JvmPauseMonitor-s0: Detected pause in JVM or host machine approximately 0.129s with 0.191s GC time.
GC pool 'G1 Young Generation' had collection(s): count=1 time=191ms
2023-03-28 15:14:15,184 [JvmPauseMonitor5] WARN  util.JvmPauseMonitor (JvmPauseMonitor.java:detectPause(124)) - JvmPauseMonitor-s1: Detected pause in JVM or host machine approximately 0.135s with 0.191s GC time.
GC pool 'G1 Young Generation' had collection(s): count=1 time=191ms
2023-03-28 15:14:15,184 [JvmPauseMonitor6] WARN  util.JvmPauseMonitor (JvmPauseMonitor.java:detectPause(124)) - JvmPauseMonitor-s2: Detected pause in JVM or host machine approximately 0.136s with 0.191s GC time.
GC pool 'G1 Young Generation' had collection(s): count=1 time=191ms
2023-03-28 15:14:15,194 [s0-server-thread2] INFO  statemachine.StateMachine (DataStreamTestUtils.java:link(157)) - link SingleDataStream: writeRequest=RaftClientRequest:client-3F6E156514EF->s1@group-4AD7D8BDF6E4, cid=422, seq=0, DataStream, Message:<EMPTY>, logEntry=null
2023-03-28 15:14:15,194 [s1-server-thread4] INFO  server.RaftServer$Division (RaftServerImpl.java:setRole(329)) - s1@group-4AD7D8BDF6E4: changes role from CANDIDATE to FOLLOWER at term 4 for appendEntries
2023-03-28 15:14:15,194 [s1-server-thread4] INFO  impl.RoleInfo (RoleInfo.java:shutdownLeaderElection(130)) - s1: shutdown s1@group-4AD7D8BDF6E4-LeaderElection16
2023-03-28 15:14:15,194 [s1-server-thread4] INFO  impl.RoleInfo (RoleInfo.java:updateAndGet(139)) - s1: start s1@group-4AD7D8BDF6E4-FollowerState
2023-03-28 15:14:15,195 [s1-server-thread4] INFO  server.RaftServer$Division (ServerState.java:setLeader(260)) - s1@group-4AD7D8BDF6E4: change Leader from null to s2 at term 4 for appendEntries, leader elected after 13ms
2023-03-28 15:14:15,195 [s0-server-thread2] WARN  server.GrpcServerProtocolService (LogUtils.java:warn(124)) - s0: Failed APPEND_ENTRIES request s2->s0#36459-t4,previous=(t:4, i:67),leaderCommit=71,initializing? true,entries: size=5, first=(t:4, i:68), METADATAENTRY(c:67)
java.util.concurrent.CompletionException: org.apache.ratis.server.raftlog.RaftLogIOException: Log already failed at index 65 for task WriteLog:65: (t:4, i:65), STATEMACHINELOGENTRY, StateMachineLogEntryProto:419@client-3F6E156514EF
	at java.base/java.util.concurrent.CompletableFuture.encodeThrowable(CompletableFuture.java:331)
	at java.base/java.util.concurrent.CompletableFuture.completeThrowable(CompletableFuture.java:346)
	at java.base/java.util.concurrent.CompletableFuture$BiRelay.tryFire(CompletableFuture.java:1423)
	at java.base/java.util.concurrent.CompletableFuture$CoCompletion.tryFire(CompletableFuture.java:1144)
	at java.base/java.util.concurrent.CompletableFuture.postComplete(CompletableFuture.java:506)
	at java.base/java.util.concurrent.CompletableFuture.completeExceptionally(CompletableFuture.java:2088)
	at org.apache.ratis.server.raftlog.segmented.SegmentedRaftLog$Task.failed(SegmentedRaftLog.java:105)
	at org.apache.ratis.server.raftlog.segmented.SegmentedRaftLogWorker$WriteLog.failed(SegmentedRaftLogWorker.java:514)
	at org.apache.ratis.server.raftlog.segmented.SegmentedRaftLogWorker.run(SegmentedRaftLogWorker.java:312)
	at java.base/java.util.concurrent.Executors$RunnableAdapter.call(Executors.java:515)
	at java.base/java.util.concurrent.FutureTask.run(FutureTask.java:264)
	at java.base/java.util.concurrent.ThreadPoolExecutor.runWorker(ThreadPoolExecutor.java:1128)
	at java.base/java.util.concurrent.ThreadPoolExecutor$Worker.run(ThreadPoolExecutor.java:628)
	at java.base/java.lang.Thread.run(Thread.java:829)
Caused by: org.apache.ratis.server.raftlog.RaftLogIOException: Log already failed at index 65 for task WriteLog:65: (t:4, i:65), STATEMACHINELOGENTRY, StateMachineLogEntryProto:419@client-3F6E156514EF
	at org.apache.ratis.server.raftlog.segmented.SegmentedRaftLogWorker.run(SegmentedRaftLogWorker.java:315)
	... 5 more
Caused by: java.io.IOException: java.lang.IllegalStateException: Null stream: entry=term: 4
index: 65
stateMachineLogEntry {
  type: DATASTREAM
  clientId: "i\b\262\343l\265B,\217\001?n\025e\024\357"
  callId: 419
}

	at org.apache.ratis.util.IOUtils.asIOException(IOUtils.java:56)
	at org.apache.ratis.util.IOUtils.toIOException(IOUtils.java:61)
	at org.apache.ratis.util.IOUtils.getFromFuture(IOUtils.java:85)
	at org.apache.ratis.server.raftlog.segmented.SegmentedRaftLogWorker$StateMachineDataPolicy.getFromFuture(SegmentedRaftLogWorker.java:88)
	at org.apache.ratis.server.raftlog.segmented.SegmentedRaftLogWorker$WriteLog.execute(SegmentedRaftLogWorker.java:535)
	at org.apache.ratis.server.raftlog.segmented.SegmentedRaftLogWorker.run(SegmentedRaftLogWorker.java:303)
	... 5 more
Caused by: java.lang.IllegalStateException: Null stream: entry=term: 4
index: 65
stateMachineLogEntry {
  type: DATASTREAM
  clientId: "i\b\262\343l\265B,\217\001?n\025e\024\357"
  callId: 419
}

	at org.apache.ratis.datastream.DataStreamTestUtils$MultiDataStreamStateMachine.link(DataStreamTestUtils.java:159)
	at org.apache.ratis.server.raftlog.segmented.SegmentedRaftLogWorker$WriteLog.<init>(SegmentedRaftLogWorker.java:492)
	at org.apache.ratis.server.raftlog.segmented.SegmentedRaftLogWorker.writeLogEntry(SegmentedRaftLogWorker.java:438)
	at org.apache.ratis.server.raftlog.segmented.SegmentedRaftLog.appendEntryImpl(SegmentedRaftLog.java:409)
	at org.apache.ratis.server.raftlog.RaftLogBase.lambda$appendEntry$10(RaftLogBase.java:330)
	at org.apache.ratis.server.raftlog.RaftLogSequentialOps$Runner.runSequentially(RaftLogSequentialOps.java:78)
	at org.apache.ratis.server.raftlog.RaftLogBase.appendEntry(RaftLogBase.java:330)
	at org.apache.ratis.server.raftlog.segmented.SegmentedRaftLog.appendImpl(SegmentedRaftLog.java:457)
	at org.apache.ratis.server.raftlog.RaftLogBase.lambda$append$11(RaftLogBase.java:337)
	at org.apache.ratis.server.raftlog.RaftLogSequentialOps$Runner.runSequentially(RaftLogSequentialOps.java:69)
	at org.apache.ratis.server.raftlog.RaftLogBase.append(RaftLogBase.java:337)
	at org.apache.ratis.server.impl.RaftServerImpl.appendEntriesAsync(RaftServerImpl.java:1530)
	at org.apache.ratis.server.impl.RaftServerImpl.appendEntriesAsync(RaftServerImpl.java:1394)
	at org.apache.ratis.server.impl.RaftServerProxy.lambda$appendEntriesAsync$26(RaftServerProxy.java:639)
	at org.apache.ratis.util.JavaUtils.callAsUnchecked(JavaUtils.java:117)
	at org.apache.ratis.server.impl.RaftServerImpl.lambda$executeSubmitServerRequestAsync$11(RaftServerImpl.java:822)
	at java.base/java.util.concurrent.CompletableFuture$AsyncSupply.run(CompletableFuture.java:1700)
	... 3 more
2023-03-28 15:14:15,329 [grpc-default-executor-6] INFO  server.RaftServer$Division (RaftServerImpl.java:requestVote(1300)) - s2@group-4AD7D8BDF6E4: receive requestVote(PRE_VOTE, s1, group-4AD7D8BDF6E4, 4, (t:4, i:71))
2023-03-28 15:14:15,332 [grpc-default-executor-6] INFO  impl.VoteContext (VoteContext.java:log(49)) - s2@group-4AD7D8BDF6E4-LEADER: reject PRE_VOTE from s1: this server is the leader and still has leadership
2023-03-28 15:14:15,332 [grpc-default-executor-6] INFO  server.RaftServer$Division (RaftServerImpl.java:requestVote(1333)) - s2@group-4AD7D8BDF6E4 replies to PRE_VOTE vote request: s1<-s2#0:FAIL-t4. Peer's state: s2@group-4AD7D8BDF6E4:t4, leader=s2, voted=s2, raftlog=Memoized:s2@group-4AD7D8BDF6E4-SegmentedRaftLog:OPENED:c72, conf=63: peers:[s0|rpc:localhost:39189|admin:localhost:46309|client:localhost:42931|dataStream:localhost:35501|priority:0|startupRole:FOLLOWER, s1|rpc:localhost:42161|admin:localhost:45919|client:localhost:41703|dataStream:localhost:35503|priority:0|startupRole:FOLLOWER, s2|rpc:localhost:39003|admin:localhost:43283|client:localhost:38251|dataStream:localhost:44179|priority:0|startupRole:FOLLOWER]|listeners:[], old=null
2023-03-28 15:14:15,329 [grpc-default-executor-4] INFO  server.RaftServer$Division (RaftServerImpl.java:requestVote(1300)) - s0@group-4AD7D8BDF6E4: receive requestVote(PRE_VOTE, s1, group-4AD7D8BDF6E4, 4, (t:4, i:71))
2023-03-28 15:14:15,332 [grpc-default-executor-4] INFO  impl.VoteContext (VoteContext.java:log(49)) - s0@group-4AD7D8BDF6E4-FOLLOWER: reject PRE_VOTE from s1: this server is a follower and still has a valid leader s2
2023-03-28 15:14:15,332 [grpc-default-executor-4] INFO  server.RaftServer$Division (RaftServerImpl.java:requestVote(1333)) - s0@group-4AD7D8BDF6E4 replies to PRE_VOTE vote request: s1<-s0#0:FAIL-t4. Peer's state: s0@group-4AD7D8BDF6E4:t4, leader=s2, voted=null, raftlog=Memoized:s0@group-4AD7D8BDF6E4-SegmentedRaftLog:OPENED:c64, conf=63: peers:[s0|rpc:localhost:39189|admin:localhost:46309|client:localhost:42931|dataStream:localhost:35501|priority:0|startupRole:FOLLOWER, s1|rpc:localhost:42161|admin:localhost:45919|client:localhost:41703|dataStream:localhost:35503|priority:0|startupRole:FOLLOWER, s2|rpc:localhost:39003|admin:localhost:43283|client:localhost:38251|dataStream:localhost:44179|priority:0|startupRole:FOLLOWER]|listeners:[], old=null
2023-03-28 15:14:15,219 [pool-7-thread-10] INFO  datastream.DataStreamTestUtils (DataStreamTestUtils.java:writeAndCloseAndAssertReplies(320)) - Stream423: bytesWritten=756030
2023-03-28 15:14:15,333 [grpc-default-executor-6] WARN  server.GrpcLogAppender (LogUtils.java:warn(124)) - s2@group-4AD7D8BDF6E4->s0-AppendLogResponseHandler: Failed appendEntries
org.apache.ratis.server.raftlog.RaftLogIOException: Log already failed at index 65 for task WriteLog:65: (t:4, i:65), STATEMACHINELOGENTRY, StateMachineLogEntryProto:419@client-3F6E156514EF
	at org.apache.ratis.server.raftlog.segmented.SegmentedRaftLogWorker.run(SegmentedRaftLogWorker.java:315)
	at java.base/java.util.concurrent.Executors$RunnableAdapter.call(Executors.java:515)
	at java.base/java.util.concurrent.FutureTask.run(FutureTask.java:264)
	at java.base/java.util.concurrent.ThreadPoolExecutor.runWorker(ThreadPoolExecutor.java:1128)
	at java.base/java.util.concurrent.ThreadPoolExecutor$Worker.run(ThreadPoolExecutor.java:628)
	at java.base/java.lang.Thread.run(Thread.java:829)
Caused by: java.io.IOException: java.lang.IllegalStateException: Null stream: entry=term: 4
index: 65
stateMachineLogEntry {
  type: DATASTREAM
  clientId: "i\b\262\343l\265B,\217\001?n\025e\024\357"
  callId: 419
}

	at org.apache.ratis.util.IOUtils.asIOException(IOUtils.java:56)
	at org.apache.ratis.util.IOUtils.toIOException(IOUtils.java:61)
	at org.apache.ratis.util.IOUtils.getFromFuture(IOUtils.java:85)
	at org.apache.ratis.server.raftlog.segmented.SegmentedRaftLogWorker$StateMachineDataPolicy.getFromFuture(SegmentedRaftLogWorker.java:88)
	at org.apache.ratis.server.raftlog.segmented.SegmentedRaftLogWorker$WriteLog.execute(SegmentedRaftLogWorker.java:535)
	at org.apache.ratis.server.raftlog.segmented.SegmentedRaftLogWorker.run(SegmentedRaftLogWorker.java:303)
	... 5 more
Caused by: java.lang.IllegalStateException: Null stream: entry=term: 4
index: 65
stateMachineLogEntry {
  type: DATASTREAM
  clientId: "i\b\262\343l\265B,\217\001?n\025e\024\357"
  callId: 419
}

	at org.apache.ratis.datastream.DataStreamTestUtils$MultiDataStreamStateMachine.link(DataStreamTestUtils.java:159)
	at org.apache.ratis.server.raftlog.segmented.SegmentedRaftLogWorker$WriteLog.<init>(SegmentedRaftLogWorker.java:492)
	at org.apache.ratis.server.raftlog.segmented.SegmentedRaftLogWorker.writeLogEntry(SegmentedRaftLogWorker.java:438)
	at org.apache.ratis.server.raftlog.segmented.SegmentedRaftLog.appendEntryImpl(SegmentedRaftLog.java:409)
	at org.apache.ratis.server.raftlog.RaftLogBase.lambda$appendEntry$10(RaftLogBase.java:330)
	at org.apache.ratis.server.raftlog.RaftLogSequentialOps$Runner.runSequentially(RaftLogSequentialOps.java:78)
	at org.apache.ratis.server.raftlog.RaftLogBase.appendEntry(RaftLogBase.java:330)
	at org.apache.ratis.server.raftlog.segmented.SegmentedRaftLog.appendImpl(SegmentedRaftLog.java:457)
	at org.apache.ratis.server.raftlog.RaftLogBase.lambda$append$11(RaftLogBase.java:337)
	at org.apache.ratis.server.raftlog.RaftLogSequentialOps$Runner.runSequentially(RaftLogSequentialOps.java:69)
	at org.apache.ratis.server.raftlog.RaftLogBase.append(RaftLogBase.java:337)
	at org.apache.ratis.server.impl.RaftServerImpl.appendEntriesAsync(RaftServerImpl.java:1530)
	at org.apache.ratis.server.impl.RaftServerImpl.appendEntriesAsync(RaftServerImpl.java:1394)
	at org.apache.ratis.server.impl.RaftServerProxy.lambda$appendEntriesAsync$26(RaftServerProxy.java:639)
	at org.apache.ratis.util.JavaUtils.callAsUnchecked(JavaUtils.java:117)
	at org.apache.ratis.server.impl.RaftServerImpl.lambda$executeSubmitServerRequestAsync$11(RaftServerImpl.java:822)
	at java.base/java.util.concurrent.CompletableFuture$AsyncSupply.run(CompletableFuture.java:1700)
	... 3 more
2023-03-28 15:14:15,334 [grpc-default-executor-6] INFO  leader.FollowerInfo (FollowerInfoImpl.java:lambda$new$0(52)) - s2@group-4AD7D8BDF6E4->s0: decreaseNextIndex nextIndex: updateUnconditionally 73 -> 68
2023-03-28 15:14:15,334 [s1@group-4AD7D8BDF6E4-LeaderElection16] INFO  impl.LeaderElection (LeaderElection.java:logAndReturn(89)) - s1@group-4AD7D8BDF6E4-LeaderElection16: PRE_VOTE REJECTED received 1 response(s) and 0 exception(s):
2023-03-28 15:14:15,334 [s1@group-4AD7D8BDF6E4-LeaderElection16] INFO  impl.LeaderElection (LeaderElection.java:logAndReturn(93)) -   Response 0: s1<-s0#0:FAIL-t4
2023-03-28 15:14:15,334 [s1@group-4AD7D8BDF6E4-LeaderElection16] INFO  impl.LeaderElection (LeaderElection.java:askForVotes(322)) - s1@group-4AD7D8BDF6E4-LeaderElection16 PRE_VOTE round 0: result REJECTED
2023-03-28 15:14:15,354 [s2-client-thread1] INFO  statemachine.StateMachine (DataStreamTestUtils.java:link(157)) - link SingleDataStream: writeRequest=RaftClientRequest:client-3F6E156514EF->s1@group-4AD7D8BDF6E4, cid=423, seq=0, DataStream, Message:<EMPTY>, logEntry=null
2023-03-28 15:14:15,361 [s0-server-thread2] INFO  statemachine.StateMachine (DataStreamTestUtils.java:link(157)) - link SingleDataStream: writeRequest=RaftClientRequest:client-3F6E156514EF->s1@group-4AD7D8BDF6E4, cid=423, seq=0, DataStream, Message:<EMPTY>, logEntry=null
2023-03-28 15:14:15,361 [s0-server-thread2] WARN  server.GrpcServerProtocolService (LogUtils.java:warn(124)) - s0: Failed APPEND_ENTRIES request s2->s0#40569-t4,previous=(t:4, i:67),leaderCommit=72,initializing? true,entries: size=6, first=(t:4, i:68), METADATAENTRY(c:67)
java.util.concurrent.CompletionException: org.apache.ratis.server.raftlog.RaftLogIOException: Log already failed at index 65 for task WriteLog:65: (t:4, i:65), STATEMACHINELOGENTRY, StateMachineLogEntryProto:419@client-3F6E156514EF
	at java.base/java.util.concurrent.CompletableFuture.encodeThrowable(CompletableFuture.java:331)
	at java.base/java.util.concurrent.CompletableFuture.completeThrowable(CompletableFuture.java:346)
	at java.base/java.util.concurrent.CompletableFuture$BiRelay.tryFire(CompletableFuture.java:1423)
	at java.base/java.util.concurrent.CompletableFuture$CoCompletion.tryFire(CompletableFuture.java:1144)
	at java.base/java.util.concurrent.CompletableFuture.postComplete(CompletableFuture.java:506)
	at java.base/java.util.concurrent.CompletableFuture.completeExceptionally(CompletableFuture.java:2088)
	at org.apache.ratis.server.raftlog.segmented.SegmentedRaftLog$Task.failed(SegmentedRaftLog.java:105)
	at org.apache.ratis.server.raftlog.segmented.SegmentedRaftLogWorker$WriteLog.failed(SegmentedRaftLogWorker.java:514)
	at org.apache.ratis.server.raftlog.segmented.SegmentedRaftLogWorker.run(SegmentedRaftLogWorker.java:312)
	at java.base/java.util.concurrent.Executors$RunnableAdapter.call(Executors.java:515)
	at java.base/java.util.concurrent.FutureTask.run(FutureTask.java:264)
	at java.base/java.util.concurrent.ThreadPoolExecutor.runWorker(ThreadPoolExecutor.java:1128)
	at java.base/java.util.concurrent.ThreadPoolExecutor$Worker.run(ThreadPoolExecutor.java:628)
	at java.base/java.lang.Thread.run(Thread.java:829)
Caused by: org.apache.ratis.server.raftlog.RaftLogIOException: Log already failed at index 65 for task WriteLog:65: (t:4, i:65), STATEMACHINELOGENTRY, StateMachineLogEntryProto:419@client-3F6E156514EF
	at org.apache.ratis.server.raftlog.segmented.SegmentedRaftLogWorker.run(SegmentedRaftLogWorker.java:315)
	... 5 more
Caused by: java.io.IOException: java.lang.IllegalStateException: Null stream: entry=term: 4
index: 65
stateMachineLogEntry {
  type: DATASTREAM
  clientId: "i\b\262\343l\265B,\217\001?n\025e\024\357"
  callId: 419
}

	at org.apache.ratis.util.IOUtils.asIOException(IOUtils.java:56)
	at org.apache.ratis.util.IOUtils.toIOException(IOUtils.java:61)
	at org.apache.ratis.util.IOUtils.getFromFuture(IOUtils.java:85)
	at org.apache.ratis.server.raftlog.segmented.SegmentedRaftLogWorker$StateMachineDataPolicy.getFromFuture(SegmentedRaftLogWorker.java:88)
	at org.apache.ratis.server.raftlog.segmented.SegmentedRaftLogWorker$WriteLog.execute(SegmentedRaftLogWorker.java:535)
	at org.apache.ratis.server.raftlog.segmented.SegmentedRaftLogWorker.run(SegmentedRaftLogWorker.java:303)
	... 5 more
Caused by: java.lang.IllegalStateException: Null stream: entry=term: 4
index: 65
stateMachineLogEntry {
  type: DATASTREAM
  clientId: "i\b\262\343l\265B,\217\001?n\025e\024\357"
  callId: 419
}

	at org.apache.ratis.datastream.DataStreamTestUtils$MultiDataStreamStateMachine.link(DataStreamTestUtils.java:159)
	at org.apache.ratis.server.raftlog.segmented.SegmentedRaftLogWorker$WriteLog.<init>(SegmentedRaftLogWorker.java:492)
	at org.apache.ratis.server.raftlog.segmented.SegmentedRaftLogWorker.writeLogEntry(SegmentedRaftLogWorker.java:438)
	at org.apache.ratis.server.raftlog.segmented.SegmentedRaftLog.appendEntryImpl(SegmentedRaftLog.java:409)
	at org.apache.ratis.server.raftlog.RaftLogBase.lambda$appendEntry$10(RaftLogBase.java:330)
	at org.apache.ratis.server.raftlog.RaftLogSequentialOps$Runner.runSequentially(RaftLogSequentialOps.java:78)
	at org.apache.ratis.server.raftlog.RaftLogBase.appendEntry(RaftLogBase.java:330)
	at org.apache.ratis.server.raftlog.segmented.SegmentedRaftLog.appendImpl(SegmentedRaftLog.java:457)
	at org.apache.ratis.server.raftlog.RaftLogBase.lambda$append$11(RaftLogBase.java:337)
	at org.apache.ratis.server.raftlog.RaftLogSequentialOps$Runner.runSequentially(RaftLogSequentialOps.java:69)
	at org.apache.ratis.server.raftlog.RaftLogBase.append(RaftLogBase.java:337)
	at org.apache.ratis.server.impl.RaftServerImpl.appendEntriesAsync(RaftServerImpl.java:1530)
	at org.apache.ratis.server.impl.RaftServerImpl.appendEntriesAsync(RaftServerImpl.java:1394)
	at org.apache.ratis.server.impl.RaftServerProxy.lambda$appendEntriesAsync$26(RaftServerProxy.java:639)
	at org.apache.ratis.util.JavaUtils.callAsUnchecked(JavaUtils.java:117)
	at org.apache.ratis.server.impl.RaftServerImpl.lambda$executeSubmitServerRequestAsync$11(RaftServerImpl.java:822)
	at java.base/java.util.concurrent.CompletableFuture$AsyncSupply.run(CompletableFuture.java:1700)
	... 3 more
2023-03-28 15:14:15,369 [s1-server-thread3] INFO  statemachine.StateMachine (DataStreamTestUtils.java:link(157)) - link SingleDataStream: writeRequest=RaftClientRequest:client-3F6E156514EF->s1@group-4AD7D8BDF6E4, cid=423, seq=0, DataStream, Message:<EMPTY>, logEntry=null
2023-03-28 15:14:15,385 [grpc-default-executor-1] WARN  server.GrpcLogAppender (LogUtils.java:warn(124)) - s2@group-4AD7D8BDF6E4->s0-AppendLogResponseHandler: Failed appendEntries
org.apache.ratis.server.raftlog.RaftLogIOException: Log already failed at index 65 for task WriteLog:65: (t:4, i:65), STATEMACHINELOGENTRY, StateMachineLogEntryProto:419@client-3F6E156514EF
	at org.apache.ratis.server.raftlog.segmented.SegmentedRaftLogWorker.run(SegmentedRaftLogWorker.java:315)
	at java.base/java.util.concurrent.Executors$RunnableAdapter.call(Executors.java:515)
	at java.base/java.util.concurrent.FutureTask.run(FutureTask.java:264)
	at java.base/java.util.concurrent.ThreadPoolExecutor.runWorker(ThreadPoolExecutor.java:1128)
	at java.base/java.util.concurrent.ThreadPoolExecutor$Worker.run(ThreadPoolExecutor.java:628)
	at java.base/java.lang.Thread.run(Thread.java:829)
Caused by: java.io.IOException: java.lang.IllegalStateException: Null stream: entry=term: 4
index: 65
stateMachineLogEntry {
  type: DATASTREAM
  clientId: "i\b\262\343l\265B,\217\001?n\025e\024\357"
  callId: 419
}

	at org.apache.ratis.util.IOUtils.asIOException(IOUtils.java:56)
	at org.apache.ratis.util.IOUtils.toIOException(IOUtils.java:61)
	at org.apache.ratis.util.IOUtils.getFromFuture(IOUtils.java:85)
	at org.apache.ratis.server.raftlog.segmented.SegmentedRaftLogWorker$StateMachineDataPolicy.getFromFuture(SegmentedRaftLogWorker.java:88)
	at org.apache.ratis.server.raftlog.segmented.SegmentedRaftLogWorker$WriteLog.execute(SegmentedRaftLogWorker.java:535)
	at org.apache.ratis.server.raftlog.segmented.SegmentedRaftLogWorker.run(SegmentedRaftLogWorker.java:303)
	... 5 more
Caused by: java.lang.IllegalStateException: Null stream: entry=term: 4
index: 65
stateMachineLogEntry {
  type: DATASTREAM
  clientId: "i\b\262\343l\265B,\217\001?n\025e\024\357"
  callId: 419
}

	at org.apache.ratis.datastream.DataStreamTestUtils$MultiDataStreamStateMachine.link(DataStreamTestUtils.java:159)
	at org.apache.ratis.server.raftlog.segmented.SegmentedRaftLogWorker$WriteLog.<init>(SegmentedRaftLogWorker.java:492)
	at org.apache.ratis.server.raftlog.segmented.SegmentedRaftLogWorker.writeLogEntry(SegmentedRaftLogWorker.java:438)
	at org.apache.ratis.server.raftlog.segmented.SegmentedRaftLog.appendEntryImpl(SegmentedRaftLog.java:409)
	at org.apache.ratis.server.raftlog.RaftLogBase.lambda$appendEntry$10(RaftLogBase.java:330)
	at org.apache.ratis.server.raftlog.RaftLogSequentialOps$Runner.runSequentially(RaftLogSequentialOps.java:78)
	at org.apache.ratis.server.raftlog.RaftLogBase.appendEntry(RaftLogBase.java:330)
	at org.apache.ratis.server.raftlog.segmented.SegmentedRaftLog.appendImpl(SegmentedRaftLog.java:457)
	at org.apache.ratis.server.raftlog.RaftLogBase.lambda$append$11(RaftLogBase.java:337)
	at org.apache.ratis.server.raftlog.RaftLogSequentialOps$Runner.runSequentially(RaftLogSequentialOps.java:69)
	at org.apache.ratis.server.raftlog.RaftLogBase.append(RaftLogBase.java:337)
	at org.apache.ratis.server.impl.RaftServerImpl.appendEntriesAsync(RaftServerImpl.java:1530)
	at org.apache.ratis.server.impl.RaftServerImpl.appendEntriesAsync(RaftServerImpl.java:1394)
	at org.apache.ratis.server.impl.RaftServerProxy.lambda$appendEntriesAsync$26(RaftServerProxy.java:639)
	at org.apache.ratis.util.JavaUtils.callAsUnchecked(JavaUtils.java:117)
	at org.apache.ratis.server.impl.RaftServerImpl.lambda$executeSubmitServerRequestAsync$11(RaftServerImpl.java:822)
	at java.base/java.util.concurrent.CompletableFuture$AsyncSupply.run(CompletableFuture.java:1700)
	... 3 more
2023-03-28 15:14:15,385 [grpc-default-executor-1] INFO  leader.FollowerInfo (FollowerInfoImpl.java:lambda$new$0(52)) - s2@group-4AD7D8BDF6E4->s0: decreaseNextIndex nextIndex: updateUnconditionally 74 -> 68
2023-03-28 15:14:15,388 [pool-7-thread-10] INFO  datastream.DataStreamTestUtils (DataStreamTestUtils.java:writeAndCloseAndAssertReplies(311)) - start Stream424
2023-03-28 15:14:15,409 [pool-7-thread-10] INFO  datastream.DataStreamTestUtils (DataStreamTestUtils.java:writeAndCloseAndAssertReplies(320)) - Stream424: bytesWritten=856926
2023-03-28 15:14:15,420 [s2-client-thread1] INFO  statemachine.StateMachine (DataStreamTestUtils.java:link(157)) - link SingleDataStream: writeRequest=RaftClientRequest:client-3F6E156514EF->s1@group-4AD7D8BDF6E4, cid=424, seq=0, DataStream, Message:<EMPTY>, logEntry=null
2023-03-28 15:14:15,427 [s1-server-thread3] INFO  statemachine.StateMachine (DataStreamTestUtils.java:link(157)) - link SingleDataStream: writeRequest=RaftClientRequest:client-3F6E156514EF->s1@group-4AD7D8BDF6E4, cid=424, seq=0, DataStream, Message:<EMPTY>, logEntry=null
2023-03-28 15:14:15,439 [pool-7-thread-10] INFO  datastream.DataStreamTestUtils (DataStreamTestUtils.java:writeAndCloseAndAssertReplies(311)) - start Stream425
2023-03-28 15:14:15,444 [s0-server-thread2] INFO  statemachine.StateMachine (DataStreamTestUtils.java:link(157)) - link SingleDataStream: writeRequest=RaftClientRequest:client-3F6E156514EF->s1@group-4AD7D8BDF6E4, cid=424, seq=0, DataStream, Message:<EMPTY>, logEntry=null
2023-03-28 15:14:15,446 [s0-server-thread2] WARN  server.GrpcServerProtocolService (LogUtils.java:warn(124)) - s0: Failed APPEND_ENTRIES request s2->s0#41446-t4,previous=(t:4, i:73),leaderCommit=74,initializing? true,entries: size=2, first=(t:4, i:74), METADATAENTRY(c:73)
java.util.concurrent.CompletionException: org.apache.ratis.server.raftlog.RaftLogIOException: Log already failed at index 65 for task WriteLog:65: (t:4, i:65), STATEMACHINELOGENTRY, StateMachineLogEntryProto:419@client-3F6E156514EF
	at java.base/java.util.concurrent.CompletableFuture.encodeThrowable(CompletableFuture.java:331)
	at java.base/java.util.concurrent.CompletableFuture.completeThrowable(CompletableFuture.java:346)
	at java.base/java.util.concurrent.CompletableFuture$BiRelay.tryFire(CompletableFuture.java:1423)
	at java.base/java.util.concurrent.CompletableFuture$CoCompletion.tryFire(CompletableFuture.java:1144)
	at java.base/java.util.concurrent.CompletableFuture.postComplete(CompletableFuture.java:506)
	at java.base/java.util.concurrent.CompletableFuture.completeExceptionally(CompletableFuture.java:2088)
	at org.apache.ratis.server.raftlog.segmented.SegmentedRaftLog$Task.failed(SegmentedRaftLog.java:105)
	at org.apache.ratis.server.raftlog.segmented.SegmentedRaftLogWorker$WriteLog.failed(SegmentedRaftLogWorker.java:514)
	at org.apache.ratis.server.raftlog.segmented.SegmentedRaftLogWorker.run(SegmentedRaftLogWorker.java:312)
	at java.base/java.util.concurrent.Executors$RunnableAdapter.call(Executors.java:515)
	at java.base/java.util.concurrent.FutureTask.run(FutureTask.java:264)
	at java.base/java.util.concurrent.ThreadPoolExecutor.runWorker(ThreadPoolExecutor.java:1128)
	at java.base/java.util.concurrent.ThreadPoolExecutor$Worker.run(ThreadPoolExecutor.java:628)
	at java.base/java.lang.Thread.run(Thread.java:829)
Caused by: org.apache.ratis.server.raftlog.RaftLogIOException: Log already failed at index 65 for task WriteLog:65: (t:4, i:65), STATEMACHINELOGENTRY, StateMachineLogEntryProto:419@client-3F6E156514EF
	at org.apache.ratis.server.raftlog.segmented.SegmentedRaftLogWorker.run(SegmentedRaftLogWorker.java:315)
	... 5 more
Caused by: java.io.IOException: java.lang.IllegalStateException: Null stream: entry=term: 4
index: 65
stateMachineLogEntry {
  type: DATASTREAM
  clientId: "i\b\262\343l\265B,\217\001?n\025e\024\357"
  callId: 419
}

	at org.apache.ratis.util.IOUtils.asIOException(IOUtils.java:56)
	at org.apache.ratis.util.IOUtils.toIOException(IOUtils.java:61)
	at org.apache.ratis.util.IOUtils.getFromFuture(IOUtils.java:85)
	at org.apache.ratis.server.raftlog.segmented.SegmentedRaftLogWorker$StateMachineDataPolicy.getFromFuture(SegmentedRaftLogWorker.java:88)
	at org.apache.ratis.server.raftlog.segmented.SegmentedRaftLogWorker$WriteLog.execute(SegmentedRaftLogWorker.java:535)
	at org.apache.ratis.server.raftlog.segmented.SegmentedRaftLogWorker.run(SegmentedRaftLogWorker.java:303)
	... 5 more
Caused by: java.lang.IllegalStateException: Null stream: entry=term: 4
index: 65
stateMachineLogEntry {
  type: DATASTREAM
  clientId: "i\b\262\343l\265B,\217\001?n\025e\024\357"
  callId: 419
}

	at org.apache.ratis.datastream.DataStreamTestUtils$MultiDataStreamStateMachine.link(DataStreamTestUtils.java:159)
	at org.apache.ratis.server.raftlog.segmented.SegmentedRaftLogWorker$WriteLog.<init>(SegmentedRaftLogWorker.java:492)
	at org.apache.ratis.server.raftlog.segmented.SegmentedRaftLogWorker.writeLogEntry(SegmentedRaftLogWorker.java:438)
	at org.apache.ratis.server.raftlog.segmented.SegmentedRaftLog.appendEntryImpl(SegmentedRaftLog.java:409)
	at org.apache.ratis.server.raftlog.RaftLogBase.lambda$appendEntry$10(RaftLogBase.java:330)
	at org.apache.ratis.server.raftlog.RaftLogSequentialOps$Runner.runSequentially(RaftLogSequentialOps.java:78)
	at org.apache.ratis.server.raftlog.RaftLogBase.appendEntry(RaftLogBase.java:330)
	at org.apache.ratis.server.raftlog.segmented.SegmentedRaftLog.appendImpl(SegmentedRaftLog.java:457)
	at org.apache.ratis.server.raftlog.RaftLogBase.lambda$append$11(RaftLogBase.java:337)
	at org.apache.ratis.server.raftlog.RaftLogSequentialOps$Runner.runSequentially(RaftLogSequentialOps.java:69)
	at org.apache.ratis.server.raftlog.RaftLogBase.append(RaftLogBase.java:337)
	at org.apache.ratis.server.impl.RaftServerImpl.appendEntriesAsync(RaftServerImpl.java:1530)
	at org.apache.ratis.server.impl.RaftServerImpl.appendEntriesAsync(RaftServerImpl.java:1394)
	at org.apache.ratis.server.impl.RaftServerProxy.lambda$appendEntriesAsync$26(RaftServerProxy.java:639)
	at org.apache.ratis.util.JavaUtils.callAsUnchecked(JavaUtils.java:117)
	at org.apache.ratis.server.impl.RaftServerImpl.lambda$executeSubmitServerRequestAsync$11(RaftServerImpl.java:822)
	at java.base/java.util.concurrent.CompletableFuture$AsyncSupply.run(CompletableFuture.java:1700)
	... 3 more
2023-03-28 15:14:15,450 [s0-server-thread4] WARN  server.GrpcServerProtocolService (LogUtils.java:warn(124)) - s0: Failed APPEND_ENTRIES request s2->s0#41448-t4,previous=(t:4, i:75),leaderCommit=75,initializing? true,entries: size=1, first=(t:4, i:76), METADATAENTRY(c:75)
java.util.concurrent.CompletionException: org.apache.ratis.server.raftlog.RaftLogIOException: Log already failed at index 65 for task WriteLog:65: (t:4, i:65), STATEMACHINELOGENTRY, StateMachineLogEntryProto:419@client-3F6E156514EF
	at java.base/java.util.concurrent.CompletableFuture.encodeThrowable(CompletableFuture.java:331)
	at java.base/java.util.concurrent.CompletableFuture.completeThrowable(CompletableFuture.java:346)
	at java.base/java.util.concurrent.CompletableFuture$BiRelay.tryFire(CompletableFuture.java:1423)
	at java.base/java.util.concurrent.CompletableFuture$CoCompletion.tryFire(CompletableFuture.java:1144)
	at java.base/java.util.concurrent.CompletableFuture.postComplete(CompletableFuture.java:506)
	at java.base/java.util.concurrent.CompletableFuture.completeExceptionally(CompletableFuture.java:2088)
	at org.apache.ratis.server.raftlog.segmented.SegmentedRaftLog$Task.failed(SegmentedRaftLog.java:105)
	at org.apache.ratis.server.raftlog.segmented.SegmentedRaftLogWorker$WriteLog.failed(SegmentedRaftLogWorker.java:514)
	at org.apache.ratis.server.raftlog.segmented.SegmentedRaftLogWorker.run(SegmentedRaftLogWorker.java:312)
	at java.base/java.util.concurrent.Executors$RunnableAdapter.call(Executors.java:515)
	at java.base/java.util.concurrent.FutureTask.run(FutureTask.java:264)
	at java.base/java.util.concurrent.ThreadPoolExecutor.runWorker(ThreadPoolExecutor.java:1128)
	at java.base/java.util.concurrent.ThreadPoolExecutor$Worker.run(ThreadPoolExecutor.java:628)
	at java.base/java.lang.Thread.run(Thread.java:829)
Caused by: org.apache.ratis.server.raftlog.RaftLogIOException: Log already failed at index 65 for task WriteLog:65: (t:4, i:65), STATEMACHINELOGENTRY, StateMachineLogEntryProto:419@client-3F6E156514EF
	at org.apache.ratis.server.raftlog.segmented.SegmentedRaftLogWorker.run(SegmentedRaftLogWorker.java:315)
	... 5 more
Caused by: java.io.IOException: java.lang.IllegalStateException: Null stream: entry=term: 4
index: 65
stateMachineLogEntry {
  type: DATASTREAM
  clientId: "i\b\262\343l\265B,\217\001?n\025e\024\357"
  callId: 419
}

	at org.apache.ratis.util.IOUtils.asIOException(IOUtils.java:56)
	at org.apache.ratis.util.IOUtils.toIOException(IOUtils.java:61)
	at org.apache.ratis.util.IOUtils.getFromFuture(IOUtils.java:85)
	at org.apache.ratis.server.raftlog.segmented.SegmentedRaftLogWorker$StateMachineDataPolicy.getFromFuture(SegmentedRaftLogWorker.java:88)
	at org.apache.ratis.server.raftlog.segmented.SegmentedRaftLogWorker$WriteLog.execute(SegmentedRaftLogWorker.java:535)
	at org.apache.ratis.server.raftlog.segmented.SegmentedRaftLogWorker.run(SegmentedRaftLogWorker.java:303)
	... 5 more
Caused by: java.lang.IllegalStateException: Null stream: entry=term: 4
index: 65
stateMachineLogEntry {
  type: DATASTREAM
  clientId: "i\b\262\343l\265B,\217\001?n\025e\024\357"
  callId: 419
}

	at org.apache.ratis.datastream.DataStreamTestUtils$MultiDataStreamStateMachine.link(DataStreamTestUtils.java:159)
	at org.apache.ratis.server.raftlog.segmented.SegmentedRaftLogWorker$WriteLog.<init>(SegmentedRaftLogWorker.java:492)
	at org.apache.ratis.server.raftlog.segmented.SegmentedRaftLogWorker.writeLogEntry(SegmentedRaftLogWorker.java:438)
	at org.apache.ratis.server.raftlog.segmented.SegmentedRaftLog.appendEntryImpl(SegmentedRaftLog.java:409)
	at org.apache.ratis.server.raftlog.RaftLogBase.lambda$appendEntry$10(RaftLogBase.java:330)
	at org.apache.ratis.server.raftlog.RaftLogSequentialOps$Runner.runSequentially(RaftLogSequentialOps.java:78)
	at org.apache.ratis.server.raftlog.RaftLogBase.appendEntry(RaftLogBase.java:330)
	at org.apache.ratis.server.raftlog.segmented.SegmentedRaftLog.appendImpl(SegmentedRaftLog.java:457)
	at org.apache.ratis.server.raftlog.RaftLogBase.lambda$append$11(RaftLogBase.java:337)
	at org.apache.ratis.server.raftlog.RaftLogSequentialOps$Runner.runSequentially(RaftLogSequentialOps.java:69)
	at org.apache.ratis.server.raftlog.RaftLogBase.append(RaftLogBase.java:337)
	at org.apache.ratis.server.impl.RaftServerImpl.appendEntriesAsync(RaftServerImpl.java:1530)
	at org.apache.ratis.server.impl.RaftServerImpl.appendEntriesAsync(RaftServerImpl.java:1394)
	at org.apache.ratis.server.impl.RaftServerProxy.lambda$appendEntriesAsync$26(RaftServerProxy.java:639)
	at org.apache.ratis.util.JavaUtils.callAsUnchecked(JavaUtils.java:117)
	at org.apache.ratis.server.impl.RaftServerImpl.lambda$executeSubmitServerRequestAsync$11(RaftServerImpl.java:822)
	at java.base/java.util.concurrent.CompletableFuture$AsyncSupply.run(CompletableFuture.java:1700)
	... 3 more
2023-03-28 15:14:15,467 [grpc-default-executor-1] WARN  server.GrpcLogAppender (LogUtils.java:warn(124)) - s2@group-4AD7D8BDF6E4->s0-AppendLogResponseHandler: Failed appendEntries
org.apache.ratis.server.raftlog.RaftLogIOException: Log already failed at index 65 for task WriteLog:65: (t:4, i:65), STATEMACHINELOGENTRY, StateMachineLogEntryProto:419@client-3F6E156514EF
	at org.apache.ratis.server.raftlog.segmented.SegmentedRaftLogWorker.run(SegmentedRaftLogWorker.java:315)
	at java.base/java.util.concurrent.Executors$RunnableAdapter.call(Executors.java:515)
	at java.base/java.util.concurrent.FutureTask.run(FutureTask.java:264)
	at java.base/java.util.concurrent.ThreadPoolExecutor.runWorker(ThreadPoolExecutor.java:1128)
	at java.base/java.util.concurrent.ThreadPoolExecutor$Worker.run(ThreadPoolExecutor.java:628)
	at java.base/java.lang.Thread.run(Thread.java:829)
Caused by: java.io.IOException: java.lang.IllegalStateException: Null stream: entry=term: 4
index: 65
stateMachineLogEntry {
  type: DATASTREAM
  clientId: "i\b\262\343l\265B,\217\001?n\025e\024\357"
  callId: 419
}

	at org.apache.ratis.util.IOUtils.asIOException(IOUtils.java:56)
	at org.apache.ratis.util.IOUtils.toIOException(IOUtils.java:61)
	at org.apache.ratis.util.IOUtils.getFromFuture(IOUtils.java:85)
	at org.apache.ratis.server.raftlog.segmented.SegmentedRaftLogWorker$StateMachineDataPolicy.getFromFuture(SegmentedRaftLogWorker.java:88)
	at org.apache.ratis.server.raftlog.segmented.SegmentedRaftLogWorker$WriteLog.execute(SegmentedRaftLogWorker.java:535)
	at org.apache.ratis.server.raftlog.segmented.SegmentedRaftLogWorker.run(SegmentedRaftLogWorker.java:303)
	... 5 more
Caused by: java.lang.IllegalStateException: Null stream: entry=term: 4
index: 65
stateMachineLogEntry {
  type: DATASTREAM
  clientId: "i\b\262\343l\265B,\217\001?n\025e\024\357"
  callId: 419
}

	at org.apache.ratis.datastream.DataStreamTestUtils$MultiDataStreamStateMachine.link(DataStreamTestUtils.java:159)
	at org.apache.ratis.server.raftlog.segmented.SegmentedRaftLogWorker$WriteLog.<init>(SegmentedRaftLogWorker.java:492)
	at org.apache.ratis.server.raftlog.segmented.SegmentedRaftLogWorker.writeLogEntry(SegmentedRaftLogWorker.java:438)
	at org.apache.ratis.server.raftlog.segmented.SegmentedRaftLog.appendEntryImpl(SegmentedRaftLog.java:409)
	at org.apache.ratis.server.raftlog.RaftLogBase.lambda$appendEntry$10(RaftLogBase.java:330)
	at org.apache.ratis.server.raftlog.RaftLogSequentialOps$Runner.runSequentially(RaftLogSequentialOps.java:78)
	at org.apache.ratis.server.raftlog.RaftLogBase.appendEntry(RaftLogBase.java:330)
	at org.apache.ratis.server.raftlog.segmented.SegmentedRaftLog.appendImpl(SegmentedRaftLog.java:457)
	at org.apache.ratis.server.raftlog.RaftLogBase.lambda$append$11(RaftLogBase.java:337)
	at org.apache.ratis.server.raftlog.RaftLogSequentialOps$Runner.runSequentially(RaftLogSequentialOps.java:69)
	at org.apache.ratis.server.raftlog.RaftLogBase.append(RaftLogBase.java:337)
	at org.apache.ratis.server.impl.RaftServerImpl.appendEntriesAsync(RaftServerImpl.java:1530)
	at org.apache.ratis.server.impl.RaftServerImpl.appendEntriesAsync(RaftServerImpl.java:1394)
	at org.apache.ratis.server.impl.RaftServerProxy.lambda$appendEntriesAsync$26(RaftServerProxy.java:639)
	at org.apache.ratis.util.JavaUtils.callAsUnchecked(JavaUtils.java:117)
	at org.apache.ratis.server.impl.RaftServerImpl.lambda$executeSubmitServerRequestAsync$11(RaftServerImpl.java:822)
	at java.base/java.util.concurrent.CompletableFuture$AsyncSupply.run(CompletableFuture.java:1700)
	... 3 more
2023-03-28 15:14:15,470 [grpc-default-executor-1] INFO  leader.FollowerInfo (FollowerInfoImpl.java:lambda$new$0(52)) - s2@group-4AD7D8BDF6E4->s0: decreaseNextIndex nextIndex: updateUnconditionally 77 -> 74
2023-03-28 15:14:15,474 [pool-7-thread-10] INFO  datastream.DataStreamTestUtils (DataStreamTestUtils.java:writeAndCloseAndAssertReplies(320)) - Stream425: bytesWritten=717069
2023-03-28 15:14:15,490 [s2-client-thread1] INFO  statemachine.StateMachine (DataStreamTestUtils.java:link(157)) - link SingleDataStream: writeRequest=RaftClientRequest:client-3F6E156514EF->s1@group-4AD7D8BDF6E4, cid=425, seq=0, DataStream, Message:<EMPTY>, logEntry=null
2023-03-28 15:14:15,497 [s1-server-thread3] INFO  statemachine.StateMachine (DataStreamTestUtils.java:link(157)) - link SingleDataStream: writeRequest=RaftClientRequest:client-3F6E156514EF->s1@group-4AD7D8BDF6E4, cid=425, seq=0, DataStream, Message:<EMPTY>, logEntry=null
2023-03-28 15:14:15,508 [pool-7-thread-10] INFO  datastream.DataStreamTestUtils (DataStreamTestUtils.java:writeAndCloseAndAssertReplies(311)) - start Stream426
2023-03-28 15:14:15,525 [pool-7-thread-10] INFO  datastream.DataStreamTestUtils (DataStreamTestUtils.java:writeAndCloseAndAssertReplies(320)) - Stream426: bytesWritten=749847
2023-03-28 15:14:15,526 [s0-server-thread2] INFO  statemachine.StateMachine (DataStreamTestUtils.java:link(157)) - link SingleDataStream: writeRequest=RaftClientRequest:client-3F6E156514EF->s1@group-4AD7D8BDF6E4, cid=425, seq=0, DataStream, Message:<EMPTY>, logEntry=null
2023-03-28 15:14:15,528 [grpc-default-executor-1] WARN  server.GrpcServerProtocolService (LogUtils.java:warn(124)) - s0: Failed APPEND_ENTRIES request s2->s0#43806-t4,previous=(t:4, i:76),leaderCommit=77,initializing? true,entries: size=2, first=(t:4, i:77), STATEMACHINELOGENTRY, 425@client-3F6E156514EF
java.util.concurrent.CompletionException: org.apache.ratis.server.raftlog.RaftLogIOException: Log already failed at index 65 for task WriteLog:65: (t:4, i:65), STATEMACHINELOGENTRY, StateMachineLogEntryProto:419@client-3F6E156514EF
	at java.base/java.util.concurrent.CompletableFuture.encodeThrowable(CompletableFuture.java:331)
	at java.base/java.util.concurrent.CompletableFuture.completeThrowable(CompletableFuture.java:346)
	at java.base/java.util.concurrent.CompletableFuture$BiRelay.tryFire(CompletableFuture.java:1423)
	at java.base/java.util.concurrent.CompletableFuture.postComplete(CompletableFuture.java:506)
	at java.base/java.util.concurrent.CompletableFuture.completeExceptionally(CompletableFuture.java:2088)
	at org.apache.ratis.server.raftlog.segmented.SegmentedRaftLog$Task.failed(SegmentedRaftLog.java:105)
	at org.apache.ratis.server.raftlog.segmented.SegmentedRaftLogWorker$WriteLog.failed(SegmentedRaftLogWorker.java:514)
	at org.apache.ratis.server.raftlog.segmented.SegmentedRaftLogWorker.run(SegmentedRaftLogWorker.java:312)
	at java.base/java.util.concurrent.Executors$RunnableAdapter.call(Executors.java:515)
	at java.base/java.util.concurrent.FutureTask.run(FutureTask.java:264)
	at java.base/java.util.concurrent.ThreadPoolExecutor.runWorker(ThreadPoolExecutor.java:1128)
	at java.base/java.util.concurrent.ThreadPoolExecutor$Worker.run(ThreadPoolExecutor.java:628)
	at java.base/java.lang.Thread.run(Thread.java:829)
Caused by: org.apache.ratis.server.raftlog.RaftLogIOException: Log already failed at index 65 for task WriteLog:65: (t:4, i:65), STATEMACHINELOGENTRY, StateMachineLogEntryProto:419@client-3F6E156514EF
	at org.apache.ratis.server.raftlog.segmented.SegmentedRaftLogWorker.run(SegmentedRaftLogWorker.java:315)
	... 5 more
Caused by: java.io.IOException: java.lang.IllegalStateException: Null stream: entry=term: 4
index: 65
stateMachineLogEntry {
  type: DATASTREAM
  clientId: "i\b\262\343l\265B,\217\001?n\025e\024\357"
  callId: 419
}

	at org.apache.ratis.util.IOUtils.asIOException(IOUtils.java:56)
	at org.apache.ratis.util.IOUtils.toIOException(IOUtils.java:61)
	at org.apache.ratis.util.IOUtils.getFromFuture(IOUtils.java:85)
	at org.apache.ratis.server.raftlog.segmented.SegmentedRaftLogWorker$StateMachineDataPolicy.getFromFuture(SegmentedRaftLogWorker.java:88)
	at org.apache.ratis.server.raftlog.segmented.SegmentedRaftLogWorker$WriteLog.execute(SegmentedRaftLogWorker.java:535)
	at org.apache.ratis.server.raftlog.segmented.SegmentedRaftLogWorker.run(SegmentedRaftLogWorker.java:303)
	... 5 more
Caused by: java.lang.IllegalStateException: Null stream: entry=term: 4
index: 65
stateMachineLogEntry {
  type: DATASTREAM
  clientId: "i\b\262\343l\265B,\217\001?n\025e\024\357"
  callId: 419
}

	at org.apache.ratis.datastream.DataStreamTestUtils$MultiDataStreamStateMachine.link(DataStreamTestUtils.java:159)
	at org.apache.ratis.server.raftlog.segmented.SegmentedRaftLogWorker$WriteLog.<init>(SegmentedRaftLogWorker.java:492)
	at org.apache.ratis.server.raftlog.segmented.SegmentedRaftLogWorker.writeLogEntry(SegmentedRaftLogWorker.java:438)
	at org.apache.ratis.server.raftlog.segmented.SegmentedRaftLog.appendEntryImpl(SegmentedRaftLog.java:409)
	at org.apache.ratis.server.raftlog.RaftLogBase.lambda$appendEntry$10(RaftLogBase.java:330)
	at org.apache.ratis.server.raftlog.RaftLogSequentialOps$Runner.runSequentially(RaftLogSequentialOps.java:78)
	at org.apache.ratis.server.raftlog.RaftLogBase.appendEntry(RaftLogBase.java:330)
	at org.apache.ratis.server.raftlog.segmented.SegmentedRaftLog.appendImpl(SegmentedRaftLog.java:457)
	at org.apache.ratis.server.raftlog.RaftLogBase.lambda$append$11(RaftLogBase.java:337)
	at org.apache.ratis.server.raftlog.RaftLogSequentialOps$Runner.runSequentially(RaftLogSequentialOps.java:69)
	at org.apache.ratis.server.raftlog.RaftLogBase.append(RaftLogBase.java:337)
	at org.apache.ratis.server.impl.RaftServerImpl.appendEntriesAsync(RaftServerImpl.java:1530)
	at org.apache.ratis.server.impl.RaftServerImpl.appendEntriesAsync(RaftServerImpl.java:1394)
	at org.apache.ratis.server.impl.RaftServerProxy.lambda$appendEntriesAsync$26(RaftServerProxy.java:639)
	at org.apache.ratis.util.JavaUtils.callAsUnchecked(JavaUtils.java:117)
	at org.apache.ratis.server.impl.RaftServerImpl.lambda$executeSubmitServerRequestAsync$11(RaftServerImpl.java:822)
	at java.base/java.util.concurrent.CompletableFuture$AsyncSupply.run(CompletableFuture.java:1700)
	... 3 more
2023-03-28 15:14:15,544 [Timer-2] INFO  impl.MiniRaftCluster (MiniRaftCluster.java:lambda$start$6(349)) - TIMED-PRINT: printing ALL groups
  s0:  RUNNING  FOLLOWER s0@group-4AD7D8BDF6E4:t4, leader=s2, voted=null, raftlog=Memoized:s0@group-4AD7D8BDF6E4-SegmentedRaftLog:OPENED:c64, conf=63: peers:[s0|rpc:localhost:39189|admin:localhost:46309|client:localhost:42931|dataStream:localhost:35501|priority:0|startupRole:FOLLOWER, s1|rpc:localhost:42161|admin:localhost:45919|client:localhost:41703|dataStream:localhost:35503|priority:0|startupRole:FOLLOWER, s2|rpc:localhost:39003|admin:localhost:43283|client:localhost:38251|dataStream:localhost:44179|priority:0|startupRole:FOLLOWER]|listeners:[], old=null RUNNING
  s1:  RUNNING  FOLLOWER s1@group-4AD7D8BDF6E4:t4, leader=s2, voted=s2, raftlog=Memoized:s1@group-4AD7D8BDF6E4-SegmentedRaftLog:OPENED:c77, conf=63: peers:[s0|rpc:localhost:39189|admin:localhost:46309|client:localhost:42931|dataStream:localhost:35501|priority:0|startupRole:FOLLOWER, s1|rpc:localhost:42161|admin:localhost:45919|client:localhost:41703|dataStream:localhost:35503|priority:0|startupRole:FOLLOWER, s2|rpc:localhost:39003|admin:localhost:43283|client:localhost:38251|dataStream:localhost:44179|priority:0|startupRole:FOLLOWER]|listeners:[], old=null RUNNING
  s2:  RUNNING    LEADER s2@group-4AD7D8BDF6E4:t4, leader=s2, voted=s2, raftlog=Memoized:s2@group-4AD7D8BDF6E4-SegmentedRaftLog:OPENED:c78, conf=63: peers:[s0|rpc:localhost:39189|admin:localhost:46309|client:localhost:42931|dataStream:localhost:35501|priority:0|startupRole:FOLLOWER, s1|rpc:localhost:42161|admin:localhost:45919|client:localhost:41703|dataStream:localhost:35503|priority:0|startupRole:FOLLOWER, s2|rpc:localhost:39003|admin:localhost:43283|client:localhost:38251|dataStream:localhost:44179|priority:0|startupRole:FOLLOWER]|listeners:[], old=null RUNNING
2023-03-28 15:14:15,539 [s2-client-thread1] INFO  statemachine.StateMachine (DataStreamTestUtils.java:link(157)) - link SingleDataStream: writeRequest=RaftClientRequest:client-3F6E156514EF->s1@group-4AD7D8BDF6E4, cid=426, seq=0, DataStream, Message:<EMPTY>, logEntry=null
2023-03-28 15:14:15,555 [s1-server-thread3] INFO  statemachine.StateMachine (DataStreamTestUtils.java:link(157)) - link SingleDataStream: writeRequest=RaftClientRequest:client-3F6E156514EF->s1@group-4AD7D8BDF6E4, cid=426, seq=0, DataStream, Message:<EMPTY>, logEntry=null
2023-03-28 15:14:15,557 [grpc-default-executor-2] WARN  server.GrpcLogAppender (LogUtils.java:warn(124)) - s2@group-4AD7D8BDF6E4->s0-AppendLogResponseHandler: Failed appendEntries
org.apache.ratis.server.raftlog.RaftLogIOException: Log already failed at index 65 for task WriteLog:65: (t:4, i:65), STATEMACHINELOGENTRY, StateMachineLogEntryProto:419@client-3F6E156514EF
	at org.apache.ratis.server.raftlog.segmented.SegmentedRaftLogWorker.run(SegmentedRaftLogWorker.java:315)
	at java.base/java.util.concurrent.Executors$RunnableAdapter.call(Executors.java:515)
	at java.base/java.util.concurrent.FutureTask.run(FutureTask.java:264)
	at java.base/java.util.concurrent.ThreadPoolExecutor.runWorker(ThreadPoolExecutor.java:1128)
	at java.base/java.util.concurrent.ThreadPoolExecutor$Worker.run(ThreadPoolExecutor.java:628)
	at java.base/java.lang.Thread.run(Thread.java:829)
Caused by: java.io.IOException: java.lang.IllegalStateException: Null stream: entry=term: 4
index: 65
stateMachineLogEntry {
  type: DATASTREAM
  clientId: "i\b\262\343l\265B,\217\001?n\025e\024\357"
  callId: 419
}

	at org.apache.ratis.util.IOUtils.asIOException(IOUtils.java:56)
	at org.apache.ratis.util.IOUtils.toIOException(IOUtils.java:61)
	at org.apache.ratis.util.IOUtils.getFromFuture(IOUtils.java:85)
	at org.apache.ratis.server.raftlog.segmented.SegmentedRaftLogWorker$StateMachineDataPolicy.getFromFuture(SegmentedRaftLogWorker.java:88)
	at org.apache.ratis.server.raftlog.segmented.SegmentedRaftLogWorker$WriteLog.execute(SegmentedRaftLogWorker.java:535)
	at org.apache.ratis.server.raftlog.segmented.SegmentedRaftLogWorker.run(SegmentedRaftLogWorker.java:303)
	... 5 more
Caused by: java.lang.IllegalStateException: Null stream: entry=term: 4
index: 65
stateMachineLogEntry {
  type: DATASTREAM
  clientId: "i\b\262\343l\265B,\217\001?n\025e\024\357"
  callId: 419
}

	at org.apache.ratis.datastream.DataStreamTestUtils$MultiDataStreamStateMachine.link(DataStreamTestUtils.java:159)
	at org.apache.ratis.server.raftlog.segmented.SegmentedRaftLogWorker$WriteLog.<init>(SegmentedRaftLogWorker.java:492)
	at org.apache.ratis.server.raftlog.segmented.SegmentedRaftLogWorker.writeLogEntry(SegmentedRaftLogWorker.java:438)
	at org.apache.ratis.server.raftlog.segmented.SegmentedRaftLog.appendEntryImpl(SegmentedRaftLog.java:409)
	at org.apache.ratis.server.raftlog.RaftLogBase.lambda$appendEntry$10(RaftLogBase.java:330)
	at org.apache.ratis.server.raftlog.RaftLogSequentialOps$Runner.runSequentially(RaftLogSequentialOps.java:78)
	at org.apache.ratis.server.raftlog.RaftLogBase.appendEntry(RaftLogBase.java:330)
	at org.apache.ratis.server.raftlog.segmented.SegmentedRaftLog.appendImpl(SegmentedRaftLog.java:457)
	at org.apache.ratis.server.raftlog.RaftLogBase.lambda$append$11(RaftLogBase.java:337)
	at org.apache.ratis.server.raftlog.RaftLogSequentialOps$Runner.runSequentially(RaftLogSequentialOps.java:69)
	at org.apache.ratis.server.raftlog.RaftLogBase.append(RaftLogBase.java:337)
	at org.apache.ratis.server.impl.RaftServerImpl.appendEntriesAsync(RaftServerImpl.java:1530)
	at org.apache.ratis.server.impl.RaftServerImpl.appendEntriesAsync(RaftServerImpl.java:1394)
	at org.apache.ratis.server.impl.RaftServerProxy.lambda$appendEntriesAsync$26(RaftServerProxy.java:639)
	at org.apache.ratis.util.JavaUtils.callAsUnchecked(JavaUtils.java:117)
	at org.apache.ratis.server.impl.RaftServerImpl.lambda$executeSubmitServerRequestAsync$11(RaftServerImpl.java:822)
	at java.base/java.util.concurrent.CompletableFuture$AsyncSupply.run(CompletableFuture.java:1700)
	... 3 more
2023-03-28 15:14:15,557 [grpc-default-executor-2] INFO  leader.FollowerInfo (FollowerInfoImpl.java:lambda$new$0(52)) - s2@group-4AD7D8BDF6E4->s0: decreaseNextIndex nextIndex: updateUnconditionally 80 -> 77
2023-03-28 15:14:15,561 [pool-7-thread-10] INFO  datastream.DataStreamTestUtils (DataStreamTestUtils.java:writeAndCloseAndAssertReplies(311)) - start Stream398
2023-03-28 15:14:15,564 [s0-server-thread2] INFO  statemachine.StateMachine (DataStreamTestUtils.java:link(157)) - link SingleDataStream: writeRequest=RaftClientRequest:client-3F6E156514EF->s1@group-4AD7D8BDF6E4, cid=426, seq=0, DataStream, Message:<EMPTY>, logEntry=null
2023-03-28 15:14:15,564 [grpc-default-executor-1] WARN  server.GrpcServerProtocolService (LogUtils.java:warn(124)) - s0: Failed APPEND_ENTRIES request s2->s0#45723-t4,previous=(t:4, i:76),leaderCommit=79,initializing? true,entries: size=4, first=(t:4, i:77), STATEMACHINELOGENTRY, 425@client-3F6E156514EF
java.util.concurrent.CompletionException: org.apache.ratis.server.raftlog.RaftLogIOException: Log already failed at index 65 for task WriteLog:65: (t:4, i:65), STATEMACHINELOGENTRY, StateMachineLogEntryProto:419@client-3F6E156514EF
	at java.base/java.util.concurrent.CompletableFuture.encodeThrowable(CompletableFuture.java:331)
	at java.base/java.util.concurrent.CompletableFuture.completeThrowable(CompletableFuture.java:346)
	at java.base/java.util.concurrent.CompletableFuture$BiRelay.tryFire(CompletableFuture.java:1423)
	at java.base/java.util.concurrent.CompletableFuture$CoCompletion.tryFire(CompletableFuture.java:1144)
	at java.base/java.util.concurrent.CompletableFuture.postComplete(CompletableFuture.java:506)
	at java.base/java.util.concurrent.CompletableFuture.completeExceptionally(CompletableFuture.java:2088)
	at org.apache.ratis.server.raftlog.segmented.SegmentedRaftLog$Task.failed(SegmentedRaftLog.java:105)
	at org.apache.ratis.server.raftlog.segmented.SegmentedRaftLogWorker$WriteLog.failed(SegmentedRaftLogWorker.java:514)
	at org.apache.ratis.server.raftlog.segmented.SegmentedRaftLogWorker.run(SegmentedRaftLogWorker.java:312)
	at java.base/java.util.concurrent.Executors$RunnableAdapter.call(Executors.java:515)
	at java.base/java.util.concurrent.FutureTask.run(FutureTask.java:264)
	at java.base/java.util.concurrent.ThreadPoolExecutor.runWorker(ThreadPoolExecutor.java:1128)
	at java.base/java.util.concurrent.ThreadPoolExecutor$Worker.run(ThreadPoolExecutor.java:628)
	at java.base/java.lang.Thread.run(Thread.java:829)
Caused by: org.apache.ratis.server.raftlog.RaftLogIOException: Log already failed at index 65 for task WriteLog:65: (t:4, i:65), STATEMACHINELOGENTRY, StateMachineLogEntryProto:419@client-3F6E156514EF
	at org.apache.ratis.server.raftlog.segmented.SegmentedRaftLogWorker.run(SegmentedRaftLogWorker.java:315)
	... 5 more
Caused by: java.io.IOException: java.lang.IllegalStateException: Null stream: entry=term: 4
index: 65
stateMachineLogEntry {
  type: DATASTREAM
  clientId: "i\b\262\343l\265B,\217\001?n\025e\024\357"
  callId: 419
}

	at org.apache.ratis.util.IOUtils.asIOException(IOUtils.java:56)
	at org.apache.ratis.util.IOUtils.toIOException(IOUtils.java:61)
	at org.apache.ratis.util.IOUtils.getFromFuture(IOUtils.java:85)
	at org.apache.ratis.server.raftlog.segmented.SegmentedRaftLogWorker$StateMachineDataPolicy.getFromFuture(SegmentedRaftLogWorker.java:88)
	at org.apache.ratis.server.raftlog.segmented.SegmentedRaftLogWorker$WriteLog.execute(SegmentedRaftLogWorker.java:535)
	at org.apache.ratis.server.raftlog.segmented.SegmentedRaftLogWorker.run(SegmentedRaftLogWorker.java:303)
	... 5 more
Caused by: java.lang.IllegalStateException: Null stream: entry=term: 4
index: 65
stateMachineLogEntry {
  type: DATASTREAM
  clientId: "i\b\262\343l\265B,\217\001?n\025e\024\357"
  callId: 419
}

	at org.apache.ratis.datastream.DataStreamTestUtils$MultiDataStreamStateMachine.link(DataStreamTestUtils.java:159)
	at org.apache.ratis.server.raftlog.segmented.SegmentedRaftLogWorker$WriteLog.<init>(SegmentedRaftLogWorker.java:492)
	at org.apache.ratis.server.raftlog.segmented.SegmentedRaftLogWorker.writeLogEntry(SegmentedRaftLogWorker.java:438)
	at org.apache.ratis.server.raftlog.segmented.SegmentedRaftLog.appendEntryImpl(SegmentedRaftLog.java:409)
	at org.apache.ratis.server.raftlog.RaftLogBase.lambda$appendEntry$10(RaftLogBase.java:330)
	at org.apache.ratis.server.raftlog.RaftLogSequentialOps$Runner.runSequentially(RaftLogSequentialOps.java:78)
	at org.apache.ratis.server.raftlog.RaftLogBase.appendEntry(RaftLogBase.java:330)
	at org.apache.ratis.server.raftlog.segmented.SegmentedRaftLog.appendImpl(SegmentedRaftLog.java:457)
	at org.apache.ratis.server.raftlog.RaftLogBase.lambda$append$11(RaftLogBase.java:337)
	at org.apache.ratis.server.raftlog.RaftLogSequentialOps$Runner.runSequentially(RaftLogSequentialOps.java:69)
	at org.apache.ratis.server.raftlog.RaftLogBase.append(RaftLogBase.java:337)
	at org.apache.ratis.server.impl.RaftServerImpl.appendEntriesAsync(RaftServerImpl.java:1530)
	at org.apache.ratis.server.impl.RaftServerImpl.appendEntriesAsync(RaftServerImpl.java:1394)
	at org.apache.ratis.server.impl.RaftServerProxy.lambda$appendEntriesAsync$26(RaftServerProxy.java:639)
	at org.apache.ratis.util.JavaUtils.callAsUnchecked(JavaUtils.java:117)
	at org.apache.ratis.server.impl.RaftServerImpl.lambda$executeSubmitServerRequestAsync$11(RaftServerImpl.java:822)
	at java.base/java.util.concurrent.CompletableFuture$AsyncSupply.run(CompletableFuture.java:1700)
	... 3 more
2023-03-28 15:14:15,583 [grpc-default-executor-2] WARN  server.GrpcLogAppender (LogUtils.java:warn(124)) - s2@group-4AD7D8BDF6E4->s0-AppendLogResponseHandler: Failed appendEntries
org.apache.ratis.server.raftlog.RaftLogIOException: Log already failed at index 65 for task WriteLog:65: (t:4, i:65), STATEMACHINELOGENTRY, StateMachineLogEntryProto:419@client-3F6E156514EF
	at org.apache.ratis.server.raftlog.segmented.SegmentedRaftLogWorker.run(SegmentedRaftLogWorker.java:315)
	at java.base/java.util.concurrent.Executors$RunnableAdapter.call(Executors.java:515)
	at java.base/java.util.concurrent.FutureTask.run(FutureTask.java:264)
	at java.base/java.util.concurrent.ThreadPoolExecutor.runWorker(ThreadPoolExecutor.java:1128)
	at java.base/java.util.concurrent.ThreadPoolExecutor$Worker.run(ThreadPoolExecutor.java:628)
	at java.base/java.lang.Thread.run(Thread.java:829)
Caused by: java.io.IOException: java.lang.IllegalStateException: Null stream: entry=term: 4
index: 65
stateMachineLogEntry {
  type: DATASTREAM
  clientId: "i\b\262\343l\265B,\217\001?n\025e\024\357"
  callId: 419
}

	at org.apache.ratis.util.IOUtils.asIOException(IOUtils.java:56)
	at org.apache.ratis.util.IOUtils.toIOException(IOUtils.java:61)
	at org.apache.ratis.util.IOUtils.getFromFuture(IOUtils.java:85)
	at org.apache.ratis.server.raftlog.segmented.SegmentedRaftLogWorker$StateMachineDataPolicy.getFromFuture(SegmentedRaftLogWorker.java:88)
	at org.apache.ratis.server.raftlog.segmented.SegmentedRaftLogWorker$WriteLog.execute(SegmentedRaftLogWorker.java:535)
	at org.apache.ratis.server.raftlog.segmented.SegmentedRaftLogWorker.run(SegmentedRaftLogWorker.java:303)
	... 5 more
Caused by: java.lang.IllegalStateException: Null stream: entry=term: 4
index: 65
stateMachineLogEntry {
  type: DATASTREAM
  clientId: "i\b\262\343l\265B,\217\001?n\025e\024\357"
  callId: 419
}

	at org.apache.ratis.datastream.DataStreamTestUtils$MultiDataStreamStateMachine.link(DataStreamTestUtils.java:159)
	at org.apache.ratis.server.raftlog.segmented.SegmentedRaftLogWorker$WriteLog.<init>(SegmentedRaftLogWorker.java:492)
	at org.apache.ratis.server.raftlog.segmented.SegmentedRaftLogWorker.writeLogEntry(SegmentedRaftLogWorker.java:438)
	at org.apache.ratis.server.raftlog.segmented.SegmentedRaftLog.appendEntryImpl(SegmentedRaftLog.java:409)
	at org.apache.ratis.server.raftlog.RaftLogBase.lambda$appendEntry$10(RaftLogBase.java:330)
	at org.apache.ratis.server.raftlog.RaftLogSequentialOps$Runner.runSequentially(RaftLogSequentialOps.java:78)
	at org.apache.ratis.server.raftlog.RaftLogBase.appendEntry(RaftLogBase.java:330)
	at org.apache.ratis.server.raftlog.segmented.SegmentedRaftLog.appendImpl(SegmentedRaftLog.java:457)
	at org.apache.ratis.server.raftlog.RaftLogBase.lambda$append$11(RaftLogBase.java:337)
	at org.apache.ratis.server.raftlog.RaftLogSequentialOps$Runner.runSequentially(RaftLogSequentialOps.java:69)
	at org.apache.ratis.server.raftlog.RaftLogBase.append(RaftLogBase.java:337)
	at org.apache.ratis.server.impl.RaftServerImpl.appendEntriesAsync(RaftServerImpl.java:1530)
	at org.apache.ratis.server.impl.RaftServerImpl.appendEntriesAsync(RaftServerImpl.java:1394)
	at org.apache.ratis.server.impl.RaftServerProxy.lambda$appendEntriesAsync$26(RaftServerProxy.java:639)
	at org.apache.ratis.util.JavaUtils.callAsUnchecked(JavaUtils.java:117)
	at org.apache.ratis.server.impl.RaftServerImpl.lambda$executeSubmitServerRequestAsync$11(RaftServerImpl.java:822)
	at java.base/java.util.concurrent.CompletableFuture$AsyncSupply.run(CompletableFuture.java:1700)
	... 3 more
2023-03-28 15:14:15,584 [grpc-default-executor-2] INFO  leader.FollowerInfo (FollowerInfoImpl.java:lambda$new$0(52)) - s2@group-4AD7D8BDF6E4->s0: decreaseNextIndex nextIndex: updateUnconditionally 81 -> 77
2023-03-28 15:14:15,613 [pool-7-thread-8] INFO  datastream.DataStreamTestUtils (DataStreamTestUtils.java:writeAndCloseAndAssertReplies(311)) - start Stream427
2023-03-28 15:14:15,635 [pool-7-thread-10] INFO  datastream.DataStreamTestUtils (DataStreamTestUtils.java:writeAndCloseAndAssertReplies(320)) - Stream398: bytesWritten=740058
2023-03-28 15:14:15,639 [pool-7-thread-8] INFO  datastream.DataStreamTestUtils (DataStreamTestUtils.java:writeAndCloseAndAssertReplies(320)) - Stream427: bytesWritten=762282
2023-03-28 15:14:15,964 [s2-client-thread1] INFO  statemachine.StateMachine (DataStreamTestUtils.java:link(157)) - link SingleDataStream: writeRequest=RaftClientRequest:client-6FC75EBD02E2->s0@group-4AD7D8BDF6E4, cid=427, seq=0, DataStream, Message:<EMPTY>, logEntry=null
2023-03-28 15:14:15,982 [s2-client-thread1] INFO  statemachine.StateMachine (DataStreamTestUtils.java:link(157)) - link SingleDataStream: writeRequest=RaftClientRequest:client-6FC75EBD02E2->s0@group-4AD7D8BDF6E4, cid=398, seq=0, DataStream, Message:<EMPTY>, logEntry=null
2023-03-28 15:14:15,985 [s0-server-thread2] INFO  statemachine.StateMachine (DataStreamTestUtils.java:link(157)) - link SingleDataStream: writeRequest=RaftClientRequest:client-6FC75EBD02E2->s0@group-4AD7D8BDF6E4, cid=427, seq=0, DataStream, Message:<EMPTY>, logEntry=null
2023-03-28 15:14:15,985 [s0-server-thread2] INFO  statemachine.StateMachine (DataStreamTestUtils.java:link(157)) - link SingleDataStream: writeRequest=RaftClientRequest:client-6FC75EBD02E2->s0@group-4AD7D8BDF6E4, cid=398, seq=0, DataStream, Message:<EMPTY>, logEntry=null
2023-03-28 15:14:15,985 [grpc-default-executor-2] WARN  server.GrpcServerProtocolService (LogUtils.java:warn(124)) - s0: Failed APPEND_ENTRIES request s2->s0#68588-t4,previous=(t:4, i:80),leaderCommit=80,initializing? true,entries: size=2, first=(t:4, i:81), STATEMACHINELOGENTRY, 427@client-6FC75EBD02E2
java.util.concurrent.CompletionException: org.apache.ratis.server.raftlog.RaftLogIOException: Log already failed at index 65 for task WriteLog:65: (t:4, i:65), STATEMACHINELOGENTRY, StateMachineLogEntryProto:419@client-3F6E156514EF
	at java.base/java.util.concurrent.CompletableFuture.encodeThrowable(CompletableFuture.java:331)
	at java.base/java.util.concurrent.CompletableFuture.completeThrowable(CompletableFuture.java:346)
	at java.base/java.util.concurrent.CompletableFuture$BiRelay.tryFire(CompletableFuture.java:1423)
	at java.base/java.util.concurrent.CompletableFuture$CoCompletion.tryFire(CompletableFuture.java:1144)
	at java.base/java.util.concurrent.CompletableFuture.postComplete(CompletableFuture.java:506)
	at java.base/java.util.concurrent.CompletableFuture.completeExceptionally(CompletableFuture.java:2088)
	at org.apache.ratis.server.raftlog.segmented.SegmentedRaftLog$Task.failed(SegmentedRaftLog.java:105)
	at org.apache.ratis.server.raftlog.segmented.SegmentedRaftLogWorker$WriteLog.failed(SegmentedRaftLogWorker.java:514)
	at org.apache.ratis.server.raftlog.segmented.SegmentedRaftLogWorker.run(SegmentedRaftLogWorker.java:312)
	at java.base/java.util.concurrent.Executors$RunnableAdapter.call(Executors.java:515)
	at java.base/java.util.concurrent.FutureTask.run(FutureTask.java:264)
	at java.base/java.util.concurrent.ThreadPoolExecutor.runWorker(ThreadPoolExecutor.java:1128)
	at java.base/java.util.concurrent.ThreadPoolExecutor$Worker.run(ThreadPoolExecutor.java:628)
	at java.base/java.lang.Thread.run(Thread.java:829)
Caused by: org.apache.ratis.server.raftlog.RaftLogIOException: Log already failed at index 65 for task WriteLog:65: (t:4, i:65), STATEMACHINELOGENTRY, StateMachineLogEntryProto:419@client-3F6E156514EF
	at org.apache.ratis.server.raftlog.segmented.SegmentedRaftLogWorker.run(SegmentedRaftLogWorker.java:315)
	... 5 more
Caused by: java.io.IOException: java.lang.IllegalStateException: Null stream: entry=term: 4
index: 65
stateMachineLogEntry {
  type: DATASTREAM
  clientId: "i\b\262\343l\265B,\217\001?n\025e\024\357"
  callId: 419
}

	at org.apache.ratis.util.IOUtils.asIOException(IOUtils.java:56)
	at org.apache.ratis.util.IOUtils.toIOException(IOUtils.java:61)
	at org.apache.ratis.util.IOUtils.getFromFuture(IOUtils.java:85)
	at org.apache.ratis.server.raftlog.segmented.SegmentedRaftLogWorker$StateMachineDataPolicy.getFromFuture(SegmentedRaftLogWorker.java:88)
	at org.apache.ratis.server.raftlog.segmented.SegmentedRaftLogWorker$WriteLog.execute(SegmentedRaftLogWorker.java:535)
	at org.apache.ratis.server.raftlog.segmented.SegmentedRaftLogWorker.run(SegmentedRaftLogWorker.java:303)
	... 5 more
Caused by: java.lang.IllegalStateException: Null stream: entry=term: 4
index: 65
stateMachineLogEntry {
  type: DATASTREAM
  clientId: "i\b\262\343l\265B,\217\001?n\025e\024\357"
  callId: 419
}

	at org.apache.ratis.datastream.DataStreamTestUtils$MultiDataStreamStateMachine.link(DataStreamTestUtils.java:159)
	at org.apache.ratis.server.raftlog.segmented.SegmentedRaftLogWorker$WriteLog.<init>(SegmentedRaftLogWorker.java:492)
	at org.apache.ratis.server.raftlog.segmented.SegmentedRaftLogWorker.writeLogEntry(SegmentedRaftLogWorker.java:438)
	at org.apache.ratis.server.raftlog.segmented.SegmentedRaftLog.appendEntryImpl(SegmentedRaftLog.java:409)
	at org.apache.ratis.server.raftlog.RaftLogBase.lambda$appendEntry$10(RaftLogBase.java:330)
	at org.apache.ratis.server.raftlog.RaftLogSequentialOps$Runner.runSequentially(RaftLogSequentialOps.java:78)
	at org.apache.ratis.server.raftlog.RaftLogBase.appendEntry(RaftLogBase.java:330)
	at org.apache.ratis.server.raftlog.segmented.SegmentedRaftLog.appendImpl(SegmentedRaftLog.java:457)
	at org.apache.ratis.server.raftlog.RaftLogBase.lambda$append$11(RaftLogBase.java:337)
	at org.apache.ratis.server.raftlog.RaftLogSequentialOps$Runner.runSequentially(RaftLogSequentialOps.java:69)
	at org.apache.ratis.server.raftlog.RaftLogBase.append(RaftLogBase.java:337)
	at org.apache.ratis.server.impl.RaftServerImpl.appendEntriesAsync(RaftServerImpl.java:1530)
	at org.apache.ratis.server.impl.RaftServerImpl.appendEntriesAsync(RaftServerImpl.java:1394)
	at org.apache.ratis.server.impl.RaftServerProxy.lambda$appendEntriesAsync$26(RaftServerProxy.java:639)
	at org.apache.ratis.util.JavaUtils.callAsUnchecked(JavaUtils.java:117)
	at org.apache.ratis.server.impl.RaftServerImpl.lambda$executeSubmitServerRequestAsync$11(RaftServerImpl.java:822)
	at java.base/java.util.concurrent.CompletableFuture$AsyncSupply.run(CompletableFuture.java:1700)
	... 3 more
2023-03-28 15:14:15,994 [s1-server-thread4] INFO  statemachine.StateMachine (DataStreamTestUtils.java:link(157)) - link SingleDataStream: writeRequest=RaftClientRequest:client-6FC75EBD02E2->s0@group-4AD7D8BDF6E4, cid=427, seq=0, DataStream, Message:<EMPTY>, logEntry=null
2023-03-28 15:14:16,005 [s1-server-thread4] INFO  statemachine.StateMachine (DataStreamTestUtils.java:link(157)) - link SingleDataStream: writeRequest=RaftClientRequest:client-6FC75EBD02E2->s0@group-4AD7D8BDF6E4, cid=398, seq=0, DataStream, Message:<EMPTY>, logEntry=null
2023-03-28 15:14:16,008 [grpc-default-executor-4] WARN  server.GrpcLogAppender (LogUtils.java:warn(124)) - s2@group-4AD7D8BDF6E4->s0-AppendLogResponseHandler: Failed appendEntries
org.apache.ratis.server.raftlog.RaftLogIOException: Log already failed at index 65 for task WriteLog:65: (t:4, i:65), STATEMACHINELOGENTRY, StateMachineLogEntryProto:419@client-3F6E156514EF
	at org.apache.ratis.server.raftlog.segmented.SegmentedRaftLogWorker.run(SegmentedRaftLogWorker.java:315)
	at java.base/java.util.concurrent.Executors$RunnableAdapter.call(Executors.java:515)
	at java.base/java.util.concurrent.FutureTask.run(FutureTask.java:264)
	at java.base/java.util.concurrent.ThreadPoolExecutor.runWorker(ThreadPoolExecutor.java:1128)
	at java.base/java.util.concurrent.ThreadPoolExecutor$Worker.run(ThreadPoolExecutor.java:628)
	at java.base/java.lang.Thread.run(Thread.java:829)
Caused by: java.io.IOException: java.lang.IllegalStateException: Null stream: entry=term: 4
index: 65
stateMachineLogEntry {
  type: DATASTREAM
  clientId: "i\b\262\343l\265B,\217\001?n\025e\024\357"
  callId: 419
}

	at org.apache.ratis.util.IOUtils.asIOException(IOUtils.java:56)
	at org.apache.ratis.util.IOUtils.toIOException(IOUtils.java:61)
	at org.apache.ratis.util.IOUtils.getFromFuture(IOUtils.java:85)
	at org.apache.ratis.server.raftlog.segmented.SegmentedRaftLogWorker$StateMachineDataPolicy.getFromFuture(SegmentedRaftLogWorker.java:88)
	at org.apache.ratis.server.raftlog.segmented.SegmentedRaftLogWorker$WriteLog.execute(SegmentedRaftLogWorker.java:535)
	at org.apache.ratis.server.raftlog.segmented.SegmentedRaftLogWorker.run(SegmentedRaftLogWorker.java:303)
	... 5 more
Caused by: java.lang.IllegalStateException: Null stream: entry=term: 4
index: 65
stateMachineLogEntry {
  type: DATASTREAM
  clientId: "i\b\262\343l\265B,\217\001?n\025e\024\357"
  callId: 419
}

	at org.apache.ratis.datastream.DataStreamTestUtils$MultiDataStreamStateMachine.link(DataStreamTestUtils.java:159)
	at org.apache.ratis.server.raftlog.segmented.SegmentedRaftLogWorker$WriteLog.<init>(SegmentedRaftLogWorker.java:492)
	at org.apache.ratis.server.raftlog.segmented.SegmentedRaftLogWorker.writeLogEntry(SegmentedRaftLogWorker.java:438)
	at org.apache.ratis.server.raftlog.segmented.SegmentedRaftLog.appendEntryImpl(SegmentedRaftLog.java:409)
	at org.apache.ratis.server.raftlog.RaftLogBase.lambda$appendEntry$10(RaftLogBase.java:330)
	at org.apache.ratis.server.raftlog.RaftLogSequentialOps$Runner.runSequentially(RaftLogSequentialOps.java:78)
	at org.apache.ratis.server.raftlog.RaftLogBase.appendEntry(RaftLogBase.java:330)
	at org.apache.ratis.server.raftlog.segmented.SegmentedRaftLog.appendImpl(SegmentedRaftLog.java:457)
	at org.apache.ratis.server.raftlog.RaftLogBase.lambda$append$11(RaftLogBase.java:337)
	at org.apache.ratis.server.raftlog.RaftLogSequentialOps$Runner.runSequentially(RaftLogSequentialOps.java:69)
	at org.apache.ratis.server.raftlog.RaftLogBase.append(RaftLogBase.java:337)
	at org.apache.ratis.server.impl.RaftServerImpl.appendEntriesAsync(RaftServerImpl.java:1530)
	at org.apache.ratis.server.impl.RaftServerImpl.appendEntriesAsync(RaftServerImpl.java:1394)
	at org.apache.ratis.server.impl.RaftServerProxy.lambda$appendEntriesAsync$26(RaftServerProxy.java:639)
	at org.apache.ratis.util.JavaUtils.callAsUnchecked(JavaUtils.java:117)
	at org.apache.ratis.server.impl.RaftServerImpl.lambda$executeSubmitServerRequestAsync$11(RaftServerImpl.java:822)
	at java.base/java.util.concurrent.CompletableFuture$AsyncSupply.run(CompletableFuture.java:1700)
	... 3 more
2023-03-28 15:14:16,009 [grpc-default-executor-4] INFO  leader.FollowerInfo (FollowerInfoImpl.java:lambda$new$0(52)) - s2@group-4AD7D8BDF6E4->s0: decreaseNextIndex nextIndex: updateUnconditionally 83 -> 81
2023-03-28 15:14:16,014 [pool-7-thread-8] INFO  datastream.DataStreamTestUtils (DataStreamTestUtils.java:writeAndCloseAndAssertReplies(311)) - start Stream428
2023-03-28 15:14:16,030 [pool-7-thread-10] INFO  datastream.DataStreamTestUtils (DataStreamTestUtils.java:writeAndCloseAndAssertReplies(311)) - start Stream429
2023-03-28 15:14:16,038 [pool-7-thread-8] INFO  datastream.DataStreamTestUtils (DataStreamTestUtils.java:writeAndCloseAndAssertReplies(320)) - Stream428: bytesWritten=743050
2023-03-28 15:14:16,040 [s2-client-thread1] INFO  statemachine.StateMachine (DataStreamTestUtils.java:link(157)) - link SingleDataStream: writeRequest=RaftClientRequest:client-6FC75EBD02E2->s0@group-4AD7D8BDF6E4, cid=428, seq=0, DataStream, Message:<EMPTY>, logEntry=null
2023-03-28 15:14:16,042 [s1-server-thread4] INFO  statemachine.StateMachine (DataStreamTestUtils.java:link(157)) - link SingleDataStream: writeRequest=RaftClientRequest:client-6FC75EBD02E2->s0@group-4AD7D8BDF6E4, cid=428, seq=0, DataStream, Message:<EMPTY>, logEntry=null
2023-03-28 15:14:16,044 [pool-7-thread-8] INFO  datastream.DataStreamTestUtils (DataStreamTestUtils.java:writeAndCloseAndAssertReplies(311)) - start Stream430
2023-03-28 15:14:16,088 [s0-server-thread4] INFO  statemachine.StateMachine (DataStreamTestUtils.java:link(157)) - link SingleDataStream: writeRequest=RaftClientRequest:client-6FC75EBD02E2->s0@group-4AD7D8BDF6E4, cid=428, seq=0, DataStream, Message:<EMPTY>, logEntry=null
2023-03-28 15:14:16,088 [pool-7-thread-10] INFO  datastream.DataStreamTestUtils (DataStreamTestUtils.java:writeAndCloseAndAssertReplies(320)) - Stream429: bytesWritten=721561
2023-03-28 15:14:16,088 [grpc-default-executor-2] WARN  server.GrpcServerProtocolService (LogUtils.java:warn(124)) - s0: Failed APPEND_ENTRIES request s2->s0#69985-t4,previous=(t:4, i:80),leaderCommit=85,initializing? true,entries: size=5, first=(t:4, i:81), STATEMACHINELOGENTRY, 427@client-6FC75EBD02E2
java.util.concurrent.CompletionException: org.apache.ratis.server.raftlog.RaftLogIOException: Log already failed at index 65 for task WriteLog:65: (t:4, i:65), STATEMACHINELOGENTRY, StateMachineLogEntryProto:419@client-3F6E156514EF
	at java.base/java.util.concurrent.CompletableFuture.encodeThrowable(CompletableFuture.java:331)
	at java.base/java.util.concurrent.CompletableFuture.completeThrowable(CompletableFuture.java:346)
	at java.base/java.util.concurrent.CompletableFuture$BiRelay.tryFire(CompletableFuture.java:1423)
	at java.base/java.util.concurrent.CompletableFuture$CoCompletion.tryFire(CompletableFuture.java:1144)
	at java.base/java.util.concurrent.CompletableFuture.postComplete(CompletableFuture.java:506)
	at java.base/java.util.concurrent.CompletableFuture.completeExceptionally(CompletableFuture.java:2088)
	at org.apache.ratis.server.raftlog.segmented.SegmentedRaftLog$Task.failed(SegmentedRaftLog.java:105)
	at org.apache.ratis.server.raftlog.segmented.SegmentedRaftLogWorker$WriteLog.failed(SegmentedRaftLogWorker.java:514)
	at org.apache.ratis.server.raftlog.segmented.SegmentedRaftLogWorker.run(SegmentedRaftLogWorker.java:312)
	at java.base/java.util.concurrent.Executors$RunnableAdapter.call(Executors.java:515)
	at java.base/java.util.concurrent.FutureTask.run(FutureTask.java:264)
	at java.base/java.util.concurrent.ThreadPoolExecutor.runWorker(ThreadPoolExecutor.java:1128)
	at java.base/java.util.concurrent.ThreadPoolExecutor$Worker.run(ThreadPoolExecutor.java:628)
	at java.base/java.lang.Thread.run(Thread.java:829)
Caused by: org.apache.ratis.server.raftlog.RaftLogIOException: Log already failed at index 65 for task WriteLog:65: (t:4, i:65), STATEMACHINELOGENTRY, StateMachineLogEntryProto:419@client-3F6E156514EF
	at org.apache.ratis.server.raftlog.segmented.SegmentedRaftLogWorker.run(SegmentedRaftLogWorker.java:315)
	... 5 more
Caused by: java.io.IOException: java.lang.IllegalStateException: Null stream: entry=term: 4
index: 65
stateMachineLogEntry {
  type: DATASTREAM
  clientId: "i\b\262\343l\265B,\217\001?n\025e\024\357"
  callId: 419
}

	at org.apache.ratis.util.IOUtils.asIOException(IOUtils.java:56)
	at org.apache.ratis.util.IOUtils.toIOException(IOUtils.java:61)
	at org.apache.ratis.util.IOUtils.getFromFuture(IOUtils.java:85)
	at org.apache.ratis.server.raftlog.segmented.SegmentedRaftLogWorker$StateMachineDataPolicy.getFromFuture(SegmentedRaftLogWorker.java:88)
	at org.apache.ratis.server.raftlog.segmented.SegmentedRaftLogWorker$WriteLog.execute(SegmentedRaftLogWorker.java:535)
	at org.apache.ratis.server.raftlog.segmented.SegmentedRaftLogWorker.run(SegmentedRaftLogWorker.java:303)
	... 5 more
Caused by: java.lang.IllegalStateException: Null stream: entry=term: 4
index: 65
stateMachineLogEntry {
  type: DATASTREAM
  clientId: "i\b\262\343l\265B,\217\001?n\025e\024\357"
  callId: 419
}

	at org.apache.ratis.datastream.DataStreamTestUtils$MultiDataStreamStateMachine.link(DataStreamTestUtils.java:159)
	at org.apache.ratis.server.raftlog.segmented.SegmentedRaftLogWorker$WriteLog.<init>(SegmentedRaftLogWorker.java:492)
	at org.apache.ratis.server.raftlog.segmented.SegmentedRaftLogWorker.writeLogEntry(SegmentedRaftLogWorker.java:438)
	at org.apache.ratis.server.raftlog.segmented.SegmentedRaftLog.appendEntryImpl(SegmentedRaftLog.java:409)
	at org.apache.ratis.server.raftlog.RaftLogBase.lambda$appendEntry$10(RaftLogBase.java:330)
	at org.apache.ratis.server.raftlog.RaftLogSequentialOps$Runner.runSequentially(RaftLogSequentialOps.java:78)
	at org.apache.ratis.server.raftlog.RaftLogBase.appendEntry(RaftLogBase.java:330)
	at org.apache.ratis.server.raftlog.segmented.SegmentedRaftLog.appendImpl(SegmentedRaftLog.java:457)
	at org.apache.ratis.server.raftlog.RaftLogBase.lambda$append$11(RaftLogBase.java:337)
	at org.apache.ratis.server.raftlog.RaftLogSequentialOps$Runner.runSequentially(RaftLogSequentialOps.java:69)
	at org.apache.ratis.server.raftlog.RaftLogBase.append(RaftLogBase.java:337)
	at org.apache.ratis.server.impl.RaftServerImpl.appendEntriesAsync(RaftServerImpl.java:1530)
	at org.apache.ratis.server.impl.RaftServerImpl.appendEntriesAsync(RaftServerImpl.java:1394)
	at org.apache.ratis.server.impl.RaftServerProxy.lambda$appendEntriesAsync$26(RaftServerProxy.java:639)
	at org.apache.ratis.util.JavaUtils.callAsUnchecked(JavaUtils.java:117)
	at org.apache.ratis.server.impl.RaftServerImpl.lambda$executeSubmitServerRequestAsync$11(RaftServerImpl.java:822)
	at java.base/java.util.concurrent.CompletableFuture$AsyncSupply.run(CompletableFuture.java:1700)
	... 3 more
2023-03-28 15:14:16,112 [grpc-default-executor-4] WARN  server.GrpcLogAppender (LogUtils.java:warn(124)) - s2@group-4AD7D8BDF6E4->s0-AppendLogResponseHandler: Failed appendEntries
org.apache.ratis.server.raftlog.RaftLogIOException: Log already failed at index 65 for task WriteLog:65: (t:4, i:65), STATEMACHINELOGENTRY, StateMachineLogEntryProto:419@client-3F6E156514EF
	at org.apache.ratis.server.raftlog.segmented.SegmentedRaftLogWorker.run(SegmentedRaftLogWorker.java:315)
	at java.base/java.util.concurrent.Executors$RunnableAdapter.call(Executors.java:515)
	at java.base/java.util.concurrent.FutureTask.run(FutureTask.java:264)
	at java.base/java.util.concurrent.ThreadPoolExecutor.runWorker(ThreadPoolExecutor.java:1128)
	at java.base/java.util.concurrent.ThreadPoolExecutor$Worker.run(ThreadPoolExecutor.java:628)
	at java.base/java.lang.Thread.run(Thread.java:829)
Caused by: java.io.IOException: java.lang.IllegalStateException: Null stream: entry=term: 4
index: 65
stateMachineLogEntry {
  type: DATASTREAM
  clientId: "i\b\262\343l\265B,\217\001?n\025e\024\357"
  callId: 419
}

	at org.apache.ratis.util.IOUtils.asIOException(IOUtils.java:56)
	at org.apache.ratis.util.IOUtils.toIOException(IOUtils.java:61)
	at org.apache.ratis.util.IOUtils.getFromFuture(IOUtils.java:85)
	at org.apache.ratis.server.raftlog.segmented.SegmentedRaftLogWorker$StateMachineDataPolicy.getFromFuture(SegmentedRaftLogWorker.java:88)
	at org.apache.ratis.server.raftlog.segmented.SegmentedRaftLogWorker$WriteLog.execute(SegmentedRaftLogWorker.java:535)
	at org.apache.ratis.server.raftlog.segmented.SegmentedRaftLogWorker.run(SegmentedRaftLogWorker.java:303)
	... 5 more
Caused by: java.lang.IllegalStateException: Null stream: entry=term: 4
index: 65
stateMachineLogEntry {
  type: DATASTREAM
  clientId: "i\b\262\343l\265B,\217\001?n\025e\024\357"
  callId: 419
}

	at org.apache.ratis.datastream.DataStreamTestUtils$MultiDataStreamStateMachine.link(DataStreamTestUtils.java:159)
	at org.apache.ratis.server.raftlog.segmented.SegmentedRaftLogWorker$WriteLog.<init>(SegmentedRaftLogWorker.java:492)
	at org.apache.ratis.server.raftlog.segmented.SegmentedRaftLogWorker.writeLogEntry(SegmentedRaftLogWorker.java:438)
	at org.apache.ratis.server.raftlog.segmented.SegmentedRaftLog.appendEntryImpl(SegmentedRaftLog.java:409)
	at org.apache.ratis.server.raftlog.RaftLogBase.lambda$appendEntry$10(RaftLogBase.java:330)
	at org.apache.ratis.server.raftlog.RaftLogSequentialOps$Runner.runSequentially(RaftLogSequentialOps.java:78)
	at org.apache.ratis.server.raftlog.RaftLogBase.appendEntry(RaftLogBase.java:330)
	at org.apache.ratis.server.raftlog.segmented.SegmentedRaftLog.appendImpl(SegmentedRaftLog.java:457)
	at org.apache.ratis.server.raftlog.RaftLogBase.lambda$append$11(RaftLogBase.java:337)
	at org.apache.ratis.server.raftlog.RaftLogSequentialOps$Runner.runSequentially(RaftLogSequentialOps.java:69)
	at org.apache.ratis.server.raftlog.RaftLogBase.append(RaftLogBase.java:337)
	at org.apache.ratis.server.impl.RaftServerImpl.appendEntriesAsync(RaftServerImpl.java:1530)
	at org.apache.ratis.server.impl.RaftServerImpl.appendEntriesAsync(RaftServerImpl.java:1394)
	at org.apache.ratis.server.impl.RaftServerProxy.lambda$appendEntriesAsync$26(RaftServerProxy.java:639)
	at org.apache.ratis.util.JavaUtils.callAsUnchecked(JavaUtils.java:117)
	at org.apache.ratis.server.impl.RaftServerImpl.lambda$executeSubmitServerRequestAsync$11(RaftServerImpl.java:822)
	at java.base/java.util.concurrent.CompletableFuture$AsyncSupply.run(CompletableFuture.java:1700)
	... 3 more
2023-03-28 15:14:16,112 [grpc-default-executor-4] INFO  leader.FollowerInfo (FollowerInfoImpl.java:lambda$new$0(52)) - s2@group-4AD7D8BDF6E4->s0: decreaseNextIndex nextIndex: updateUnconditionally 86 -> 81
2023-03-28 15:14:16,108 [pool-7-thread-8] INFO  datastream.DataStreamTestUtils (DataStreamTestUtils.java:writeAndCloseAndAssertReplies(320)) - Stream430: bytesWritten=663814
2023-03-28 15:14:16,119 [s2-client-thread1] INFO  statemachine.StateMachine (DataStreamTestUtils.java:link(157)) - link SingleDataStream: writeRequest=RaftClientRequest:client-6FC75EBD02E2->s0@group-4AD7D8BDF6E4, cid=429, seq=0, DataStream, Message:<EMPTY>, logEntry=null
2023-03-28 15:14:16,122 [s2-client-thread1] INFO  statemachine.StateMachine (DataStreamTestUtils.java:link(157)) - link SingleDataStream: writeRequest=RaftClientRequest:client-6FC75EBD02E2->s0@group-4AD7D8BDF6E4, cid=430, seq=0, DataStream, Message:<EMPTY>, logEntry=null
2023-03-28 15:14:16,126 [s1-server-thread4] INFO  statemachine.StateMachine (DataStreamTestUtils.java:link(157)) - link SingleDataStream: writeRequest=RaftClientRequest:client-6FC75EBD02E2->s0@group-4AD7D8BDF6E4, cid=429, seq=0, DataStream, Message:<EMPTY>, logEntry=null
2023-03-28 15:14:16,126 [s1-server-thread4] INFO  statemachine.StateMachine (DataStreamTestUtils.java:link(157)) - link SingleDataStream: writeRequest=RaftClientRequest:client-6FC75EBD02E2->s0@group-4AD7D8BDF6E4, cid=430, seq=0, DataStream, Message:<EMPTY>, logEntry=null
2023-03-28 15:14:16,129 [pool-7-thread-10] INFO  datastream.DataStreamTestUtils (DataStreamTestUtils.java:writeAndCloseAndAssertReplies(311)) - start Stream431
2023-03-28 15:14:16,129 [pool-7-thread-8] INFO  datastream.DataStreamTestUtils (DataStreamTestUtils.java:writeAndCloseAndAssertReplies(311)) - start Stream432
2023-03-28 15:14:16,168 [pool-7-thread-10] INFO  datastream.DataStreamTestUtils (DataStreamTestUtils.java:writeAndCloseAndAssertReplies(320)) - Stream431: bytesWritten=779862
2023-03-28 15:14:16,178 [pool-7-thread-8] INFO  datastream.DataStreamTestUtils (DataStreamTestUtils.java:writeAndCloseAndAssertReplies(320)) - Stream432: bytesWritten=781278
2023-03-28 15:14:16,232 [s0-server-thread2] INFO  statemachine.StateMachine (DataStreamTestUtils.java:link(157)) - link SingleDataStream: writeRequest=RaftClientRequest:client-6FC75EBD02E2->s0@group-4AD7D8BDF6E4, cid=429, seq=0, DataStream, Message:<EMPTY>, logEntry=null
2023-03-28 15:14:16,232 [s0-server-thread2] INFO  statemachine.StateMachine (DataStreamTestUtils.java:link(157)) - link SingleDataStream: writeRequest=RaftClientRequest:client-6FC75EBD02E2->s0@group-4AD7D8BDF6E4, cid=430, seq=0, DataStream, Message:<EMPTY>, logEntry=null
2023-03-28 15:14:16,233 [s2-client-thread1] INFO  statemachine.StateMachine (DataStreamTestUtils.java:link(157)) - link SingleDataStream: writeRequest=RaftClientRequest:client-6FC75EBD02E2->s0@group-4AD7D8BDF6E4, cid=431, seq=0, DataStream, Message:<EMPTY>, logEntry=null
2023-03-28 15:14:16,234 [grpc-default-executor-2] WARN  server.GrpcServerProtocolService (LogUtils.java:warn(124)) - s0: Failed APPEND_ENTRIES request s2->s0#74282-t4,previous=(t:4, i:80),leaderCommit=88,initializing? true,entries: size=8, first=(t:4, i:81), STATEMACHINELOGENTRY, 427@client-6FC75EBD02E2
java.util.concurrent.CompletionException: org.apache.ratis.server.raftlog.RaftLogIOException: Log already failed at index 65 for task WriteLog:65: (t:4, i:65), STATEMACHINELOGENTRY, StateMachineLogEntryProto:419@client-3F6E156514EF
	at java.base/java.util.concurrent.CompletableFuture.encodeThrowable(CompletableFuture.java:331)
	at java.base/java.util.concurrent.CompletableFuture.completeThrowable(CompletableFuture.java:346)
	at java.base/java.util.concurrent.CompletableFuture$BiRelay.tryFire(CompletableFuture.java:1423)
	at java.base/java.util.concurrent.CompletableFuture$CoCompletion.tryFire(CompletableFuture.java:1144)
	at java.base/java.util.concurrent.CompletableFuture.postComplete(CompletableFuture.java:506)
	at java.base/java.util.concurrent.CompletableFuture.completeExceptionally(CompletableFuture.java:2088)
	at org.apache.ratis.server.raftlog.segmented.SegmentedRaftLog$Task.failed(SegmentedRaftLog.java:105)
	at org.apache.ratis.server.raftlog.segmented.SegmentedRaftLogWorker$WriteLog.failed(SegmentedRaftLogWorker.java:514)
	at org.apache.ratis.server.raftlog.segmented.SegmentedRaftLogWorker.run(SegmentedRaftLogWorker.java:312)
	at java.base/java.util.concurrent.Executors$RunnableAdapter.call(Executors.java:515)
	at java.base/java.util.concurrent.FutureTask.run(FutureTask.java:264)
	at java.base/java.util.concurrent.ThreadPoolExecutor.runWorker(ThreadPoolExecutor.java:1128)
	at java.base/java.util.concurrent.ThreadPoolExecutor$Worker.run(ThreadPoolExecutor.java:628)
	at java.base/java.lang.Thread.run(Thread.java:829)
Caused by: org.apache.ratis.server.raftlog.RaftLogIOException: Log already failed at index 65 for task WriteLog:65: (t:4, i:65), STATEMACHINELOGENTRY, StateMachineLogEntryProto:419@client-3F6E156514EF
	at org.apache.ratis.server.raftlog.segmented.SegmentedRaftLogWorker.run(SegmentedRaftLogWorker.java:315)
	... 5 more
Caused by: java.io.IOException: java.lang.IllegalStateException: Null stream: entry=term: 4
index: 65
stateMachineLogEntry {
  type: DATASTREAM
  clientId: "i\b\262\343l\265B,\217\001?n\025e\024\357"
  callId: 419
}

	at org.apache.ratis.util.IOUtils.asIOException(IOUtils.java:56)
	at org.apache.ratis.util.IOUtils.toIOException(IOUtils.java:61)
	at org.apache.ratis.util.IOUtils.getFromFuture(IOUtils.java:85)
	at org.apache.ratis.server.raftlog.segmented.SegmentedRaftLogWorker$StateMachineDataPolicy.getFromFuture(SegmentedRaftLogWorker.java:88)
	at org.apache.ratis.server.raftlog.segmented.SegmentedRaftLogWorker$WriteLog.execute(SegmentedRaftLogWorker.java:535)
	at org.apache.ratis.server.raftlog.segmented.SegmentedRaftLogWorker.run(SegmentedRaftLogWorker.java:303)
	... 5 more
Caused by: java.lang.IllegalStateException: Null stream: entry=term: 4
index: 65
stateMachineLogEntry {
  type: DATASTREAM
  clientId: "i\b\262\343l\265B,\217\001?n\025e\024\357"
  callId: 419
}

	at org.apache.ratis.datastream.DataStreamTestUtils$MultiDataStreamStateMachine.link(DataStreamTestUtils.java:159)
	at org.apache.ratis.server.raftlog.segmented.SegmentedRaftLogWorker$WriteLog.<init>(SegmentedRaftLogWorker.java:492)
	at org.apache.ratis.server.raftlog.segmented.SegmentedRaftLogWorker.writeLogEntry(SegmentedRaftLogWorker.java:438)
	at org.apache.ratis.server.raftlog.segmented.SegmentedRaftLog.appendEntryImpl(SegmentedRaftLog.java:409)
	at org.apache.ratis.server.raftlog.RaftLogBase.lambda$appendEntry$10(RaftLogBase.java:330)
	at org.apache.ratis.server.raftlog.RaftLogSequentialOps$Runner.runSequentially(RaftLogSequentialOps.java:78)
	at org.apache.ratis.server.raftlog.RaftLogBase.appendEntry(RaftLogBase.java:330)
	at org.apache.ratis.server.raftlog.segmented.SegmentedRaftLog.appendImpl(SegmentedRaftLog.java:457)
	at org.apache.ratis.server.raftlog.RaftLogBase.lambda$append$11(RaftLogBase.java:337)
	at org.apache.ratis.server.raftlog.RaftLogSequentialOps$Runner.runSequentially(RaftLogSequentialOps.java:69)
	at org.apache.ratis.server.raftlog.RaftLogBase.append(RaftLogBase.java:337)
	at org.apache.ratis.server.impl.RaftServerImpl.appendEntriesAsync(RaftServerImpl.java:1530)
	at org.apache.ratis.server.impl.RaftServerImpl.appendEntriesAsync(RaftServerImpl.java:1394)
	at org.apache.ratis.server.impl.RaftServerProxy.lambda$appendEntriesAsync$26(RaftServerProxy.java:639)
	at org.apache.ratis.util.JavaUtils.callAsUnchecked(JavaUtils.java:117)
	at org.apache.ratis.server.impl.RaftServerImpl.lambda$executeSubmitServerRequestAsync$11(RaftServerImpl.java:822)
	at java.base/java.util.concurrent.CompletableFuture$AsyncSupply.run(CompletableFuture.java:1700)
	... 3 more
2023-03-28 15:14:16,241 [grpc-default-executor-1] WARN  server.GrpcLogAppender (LogUtils.java:warn(124)) - s2@group-4AD7D8BDF6E4->s0-AppendLogResponseHandler: Failed appendEntries
org.apache.ratis.server.raftlog.RaftLogIOException: Log already failed at index 65 for task WriteLog:65: (t:4, i:65), STATEMACHINELOGENTRY, StateMachineLogEntryProto:419@client-3F6E156514EF
	at org.apache.ratis.server.raftlog.segmented.SegmentedRaftLogWorker.run(SegmentedRaftLogWorker.java:315)
	at java.base/java.util.concurrent.Executors$RunnableAdapter.call(Executors.java:515)
	at java.base/java.util.concurrent.FutureTask.run(FutureTask.java:264)
	at java.base/java.util.concurrent.ThreadPoolExecutor.runWorker(ThreadPoolExecutor.java:1128)
	at java.base/java.util.concurrent.ThreadPoolExecutor$Worker.run(ThreadPoolExecutor.java:628)
	at java.base/java.lang.Thread.run(Thread.java:829)
Caused by: java.io.IOException: java.lang.IllegalStateException: Null stream: entry=term: 4
index: 65
stateMachineLogEntry {
  type: DATASTREAM
  clientId: "i\b\262\343l\265B,\217\001?n\025e\024\357"
  callId: 419
}

	at org.apache.ratis.util.IOUtils.asIOException(IOUtils.java:56)
	at org.apache.ratis.util.IOUtils.toIOException(IOUtils.java:61)
	at org.apache.ratis.util.IOUtils.getFromFuture(IOUtils.java:85)
	at org.apache.ratis.server.raftlog.segmented.SegmentedRaftLogWorker$StateMachineDataPolicy.getFromFuture(SegmentedRaftLogWorker.java:88)
	at org.apache.ratis.server.raftlog.segmented.SegmentedRaftLogWorker$WriteLog.execute(SegmentedRaftLogWorker.java:535)
	at org.apache.ratis.server.raftlog.segmented.SegmentedRaftLogWorker.run(SegmentedRaftLogWorker.java:303)
	... 5 more
Caused by: java.lang.IllegalStateException: Null stream: entry=term: 4
index: 65
stateMachineLogEntry {
  type: DATASTREAM
  clientId: "i\b\262\343l\265B,\217\001?n\025e\024\357"
  callId: 419
}

	at org.apache.ratis.datastream.DataStreamTestUtils$MultiDataStreamStateMachine.link(DataStreamTestUtils.java:159)
	at org.apache.ratis.server.raftlog.segmented.SegmentedRaftLogWorker$WriteLog.<init>(SegmentedRaftLogWorker.java:492)
	at org.apache.ratis.server.raftlog.segmented.SegmentedRaftLogWorker.writeLogEntry(SegmentedRaftLogWorker.java:438)
	at org.apache.ratis.server.raftlog.segmented.SegmentedRaftLog.appendEntryImpl(SegmentedRaftLog.java:409)
	at org.apache.ratis.server.raftlog.RaftLogBase.lambda$appendEntry$10(RaftLogBase.java:330)
	at org.apache.ratis.server.raftlog.RaftLogSequentialOps$Runner.runSequentially(RaftLogSequentialOps.java:78)
	at org.apache.ratis.server.raftlog.RaftLogBase.appendEntry(RaftLogBase.java:330)
	at org.apache.ratis.server.raftlog.segmented.SegmentedRaftLog.appendImpl(SegmentedRaftLog.java:457)
	at org.apache.ratis.server.raftlog.RaftLogBase.lambda$append$11(RaftLogBase.java:337)
	at org.apache.ratis.server.raftlog.RaftLogSequentialOps$Runner.runSequentially(RaftLogSequentialOps.java:69)
	at org.apache.ratis.server.raftlog.RaftLogBase.append(RaftLogBase.java:337)
	at org.apache.ratis.server.impl.RaftServerImpl.appendEntriesAsync(RaftServerImpl.java:1530)
	at org.apache.ratis.server.impl.RaftServerImpl.appendEntriesAsync(RaftServerImpl.java:1394)
	at org.apache.ratis.server.impl.RaftServerProxy.lambda$appendEntriesAsync$26(RaftServerProxy.java:639)
	at org.apache.ratis.util.JavaUtils.callAsUnchecked(JavaUtils.java:117)
	at org.apache.ratis.server.impl.RaftServerImpl.lambda$executeSubmitServerRequestAsync$11(RaftServerImpl.java:822)
	at java.base/java.util.concurrent.CompletableFuture$AsyncSupply.run(CompletableFuture.java:1700)
	... 3 more
2023-03-28 15:14:16,241 [grpc-default-executor-1] INFO  leader.FollowerInfo (FollowerInfoImpl.java:lambda$new$0(52)) - s2@group-4AD7D8BDF6E4->s0: decreaseNextIndex nextIndex: updateUnconditionally 89 -> 81
2023-03-28 15:14:16,234 [s2-client-thread1] INFO  statemachine.StateMachine (DataStreamTestUtils.java:link(157)) - link SingleDataStream: writeRequest=RaftClientRequest:client-6FC75EBD02E2->s0@group-4AD7D8BDF6E4, cid=432, seq=0, DataStream, Message:<EMPTY>, logEntry=null
2023-03-28 15:14:16,251 [s0-server-thread2] INFO  statemachine.StateMachine (DataStreamTestUtils.java:link(157)) - link SingleDataStream: writeRequest=RaftClientRequest:client-6FC75EBD02E2->s0@group-4AD7D8BDF6E4, cid=431, seq=0, DataStream, Message:<EMPTY>, logEntry=null
2023-03-28 15:14:16,251 [s0-server-thread2] INFO  statemachine.StateMachine (DataStreamTestUtils.java:link(157)) - link SingleDataStream: writeRequest=RaftClientRequest:client-6FC75EBD02E2->s0@group-4AD7D8BDF6E4, cid=432, seq=0, DataStream, Message:<EMPTY>, logEntry=null
2023-03-28 15:14:16,251 [grpc-default-executor-2] WARN  server.GrpcServerProtocolService (LogUtils.java:warn(124)) - s0: Failed APPEND_ENTRIES request s2->s0#75183-t4,previous=(t:4, i:80),leaderCommit=88,initializing? true,entries: size=10, first=(t:4, i:81), STATEMACHINELOGENTRY, 427@client-6FC75EBD02E2
java.util.concurrent.CompletionException: org.apache.ratis.server.raftlog.RaftLogIOException: Log already failed at index 65 for task WriteLog:65: (t:4, i:65), STATEMACHINELOGENTRY, StateMachineLogEntryProto:419@client-3F6E156514EF
	at java.base/java.util.concurrent.CompletableFuture.encodeThrowable(CompletableFuture.java:331)
	at java.base/java.util.concurrent.CompletableFuture.completeThrowable(CompletableFuture.java:346)
	at java.base/java.util.concurrent.CompletableFuture$BiRelay.tryFire(CompletableFuture.java:1423)
	at java.base/java.util.concurrent.CompletableFuture.postComplete(CompletableFuture.java:506)
	at java.base/java.util.concurrent.CompletableFuture.completeExceptionally(CompletableFuture.java:2088)
	at org.apache.ratis.server.raftlog.segmented.SegmentedRaftLog$Task.failed(SegmentedRaftLog.java:105)
	at org.apache.ratis.server.raftlog.segmented.SegmentedRaftLogWorker$WriteLog.failed(SegmentedRaftLogWorker.java:514)
	at org.apache.ratis.server.raftlog.segmented.SegmentedRaftLogWorker.run(SegmentedRaftLogWorker.java:312)
	at java.base/java.util.concurrent.Executors$RunnableAdapter.call(Executors.java:515)
	at java.base/java.util.concurrent.FutureTask.run(FutureTask.java:264)
	at java.base/java.util.concurrent.ThreadPoolExecutor.runWorker(ThreadPoolExecutor.java:1128)
	at java.base/java.util.concurrent.ThreadPoolExecutor$Worker.run(ThreadPoolExecutor.java:628)
	at java.base/java.lang.Thread.run(Thread.java:829)
Caused by: org.apache.ratis.server.raftlog.RaftLogIOException: Log already failed at index 65 for task WriteLog:65: (t:4, i:65), STATEMACHINELOGENTRY, StateMachineLogEntryProto:419@client-3F6E156514EF
	at org.apache.ratis.server.raftlog.segmented.SegmentedRaftLogWorker.run(SegmentedRaftLogWorker.java:315)
	... 5 more
Caused by: java.io.IOException: java.lang.IllegalStateException: Null stream: entry=term: 4
index: 65
stateMachineLogEntry {
  type: DATASTREAM
  clientId: "i\b\262\343l\265B,\217\001?n\025e\024\357"
  callId: 419
}

	at org.apache.ratis.util.IOUtils.asIOException(IOUtils.java:56)
	at org.apache.ratis.util.IOUtils.toIOException(IOUtils.java:61)
	at org.apache.ratis.util.IOUtils.getFromFuture(IOUtils.java:85)
	at org.apache.ratis.server.raftlog.segmented.SegmentedRaftLogWorker$StateMachineDataPolicy.getFromFuture(SegmentedRaftLogWorker.java:88)
	at org.apache.ratis.server.raftlog.segmented.SegmentedRaftLogWorker$WriteLog.execute(SegmentedRaftLogWorker.java:535)
	at org.apache.ratis.server.raftlog.segmented.SegmentedRaftLogWorker.run(SegmentedRaftLogWorker.java:303)
	... 5 more
Caused by: java.lang.IllegalStateException: Null stream: entry=term: 4
index: 65
stateMachineLogEntry {
  type: DATASTREAM
  clientId: "i\b\262\343l\265B,\217\001?n\025e\024\357"
  callId: 419
}

	at org.apache.ratis.datastream.DataStreamTestUtils$MultiDataStreamStateMachine.link(DataStreamTestUtils.java:159)
	at org.apache.ratis.server.raftlog.segmented.SegmentedRaftLogWorker$WriteLog.<init>(SegmentedRaftLogWorker.java:492)
	at org.apache.ratis.server.raftlog.segmented.SegmentedRaftLogWorker.writeLogEntry(SegmentedRaftLogWorker.java:438)
	at org.apache.ratis.server.raftlog.segmented.SegmentedRaftLog.appendEntryImpl(SegmentedRaftLog.java:409)
	at org.apache.ratis.server.raftlog.RaftLogBase.lambda$appendEntry$10(RaftLogBase.java:330)
	at org.apache.ratis.server.raftlog.RaftLogSequentialOps$Runner.runSequentially(RaftLogSequentialOps.java:78)
	at org.apache.ratis.server.raftlog.RaftLogBase.appendEntry(RaftLogBase.java:330)
	at org.apache.ratis.server.raftlog.segmented.SegmentedRaftLog.appendImpl(SegmentedRaftLog.java:457)
	at org.apache.ratis.server.raftlog.RaftLogBase.lambda$append$11(RaftLogBase.java:337)
	at org.apache.ratis.server.raftlog.RaftLogSequentialOps$Runner.runSequentially(RaftLogSequentialOps.java:69)
	at org.apache.ratis.server.raftlog.RaftLogBase.append(RaftLogBase.java:337)
	at org.apache.ratis.server.impl.RaftServerImpl.appendEntriesAsync(RaftServerImpl.java:1530)
	at org.apache.ratis.server.impl.RaftServerImpl.appendEntriesAsync(RaftServerImpl.java:1394)
	at org.apache.ratis.server.impl.RaftServerProxy.lambda$appendEntriesAsync$26(RaftServerProxy.java:639)
	at org.apache.ratis.util.JavaUtils.callAsUnchecked(JavaUtils.java:117)
	at org.apache.ratis.server.impl.RaftServerImpl.lambda$executeSubmitServerRequestAsync$11(RaftServerImpl.java:822)
	at java.base/java.util.concurrent.CompletableFuture$AsyncSupply.run(CompletableFuture.java:1700)
	... 3 more
2023-03-28 15:14:16,258 [s1-server-thread3] INFO  statemachine.StateMachine (DataStreamTestUtils.java:link(157)) - link SingleDataStream: writeRequest=RaftClientRequest:client-6FC75EBD02E2->s0@group-4AD7D8BDF6E4, cid=431, seq=0, DataStream, Message:<EMPTY>, logEntry=null
2023-03-28 15:14:16,258 [s1-server-thread3] INFO  statemachine.StateMachine (DataStreamTestUtils.java:link(157)) - link SingleDataStream: writeRequest=RaftClientRequest:client-6FC75EBD02E2->s0@group-4AD7D8BDF6E4, cid=432, seq=0, DataStream, Message:<EMPTY>, logEntry=null
2023-03-28 15:14:16,262 [grpc-default-executor-4] WARN  server.GrpcLogAppender (LogUtils.java:warn(124)) - s2@group-4AD7D8BDF6E4->s0-AppendLogResponseHandler: Failed appendEntries
org.apache.ratis.server.raftlog.RaftLogIOException: Log already failed at index 65 for task WriteLog:65: (t:4, i:65), STATEMACHINELOGENTRY, StateMachineLogEntryProto:419@client-3F6E156514EF
	at org.apache.ratis.server.raftlog.segmented.SegmentedRaftLogWorker.run(SegmentedRaftLogWorker.java:315)
	at java.base/java.util.concurrent.Executors$RunnableAdapter.call(Executors.java:515)
	at java.base/java.util.concurrent.FutureTask.run(FutureTask.java:264)
	at java.base/java.util.concurrent.ThreadPoolExecutor.runWorker(ThreadPoolExecutor.java:1128)
	at java.base/java.util.concurrent.ThreadPoolExecutor$Worker.run(ThreadPoolExecutor.java:628)
	at java.base/java.lang.Thread.run(Thread.java:829)
Caused by: java.io.IOException: java.lang.IllegalStateException: Null stream: entry=term: 4
index: 65
stateMachineLogEntry {
  type: DATASTREAM
  clientId: "i\b\262\343l\265B,\217\001?n\025e\024\357"
  callId: 419
}

	at org.apache.ratis.util.IOUtils.asIOException(IOUtils.java:56)
	at org.apache.ratis.util.IOUtils.toIOException(IOUtils.java:61)
	at org.apache.ratis.util.IOUtils.getFromFuture(IOUtils.java:85)
	at org.apache.ratis.server.raftlog.segmented.SegmentedRaftLogWorker$StateMachineDataPolicy.getFromFuture(SegmentedRaftLogWorker.java:88)
	at org.apache.ratis.server.raftlog.segmented.SegmentedRaftLogWorker$WriteLog.execute(SegmentedRaftLogWorker.java:535)
	at org.apache.ratis.server.raftlog.segmented.SegmentedRaftLogWorker.run(SegmentedRaftLogWorker.java:303)
	... 5 more
Caused by: java.lang.IllegalStateException: Null stream: entry=term: 4
index: 65
stateMachineLogEntry {
  type: DATASTREAM
  clientId: "i\b\262\343l\265B,\217\001?n\025e\024\357"
  callId: 419
}

	at org.apache.ratis.datastream.DataStreamTestUtils$MultiDataStreamStateMachine.link(DataStreamTestUtils.java:159)
	at org.apache.ratis.server.raftlog.segmented.SegmentedRaftLogWorker$WriteLog.<init>(SegmentedRaftLogWorker.java:492)
	at org.apache.ratis.server.raftlog.segmented.SegmentedRaftLogWorker.writeLogEntry(SegmentedRaftLogWorker.java:438)
	at org.apache.ratis.server.raftlog.segmented.SegmentedRaftLog.appendEntryImpl(SegmentedRaftLog.java:409)
	at org.apache.ratis.server.raftlog.RaftLogBase.lambda$appendEntry$10(RaftLogBase.java:330)
	at org.apache.ratis.server.raftlog.RaftLogSequentialOps$Runner.runSequentially(RaftLogSequentialOps.java:78)
	at org.apache.ratis.server.raftlog.RaftLogBase.appendEntry(RaftLogBase.java:330)
	at org.apache.ratis.server.raftlog.segmented.SegmentedRaftLog.appendImpl(SegmentedRaftLog.java:457)
	at org.apache.ratis.server.raftlog.RaftLogBase.lambda$append$11(RaftLogBase.java:337)
	at org.apache.ratis.server.raftlog.RaftLogSequentialOps$Runner.runSequentially(RaftLogSequentialOps.java:69)
	at org.apache.ratis.server.raftlog.RaftLogBase.append(RaftLogBase.java:337)
	at org.apache.ratis.server.impl.RaftServerImpl.appendEntriesAsync(RaftServerImpl.java:1530)
	at org.apache.ratis.server.impl.RaftServerImpl.appendEntriesAsync(RaftServerImpl.java:1394)
	at org.apache.ratis.server.impl.RaftServerProxy.lambda$appendEntriesAsync$26(RaftServerProxy.java:639)
	at org.apache.ratis.util.JavaUtils.callAsUnchecked(JavaUtils.java:117)
	at org.apache.ratis.server.impl.RaftServerImpl.lambda$executeSubmitServerRequestAsync$11(RaftServerImpl.java:822)
	at java.base/java.util.concurrent.CompletableFuture$AsyncSupply.run(CompletableFuture.java:1700)
	... 3 more
2023-03-28 15:14:16,262 [grpc-default-executor-4] INFO  leader.FollowerInfo (FollowerInfoImpl.java:lambda$new$0(52)) - s2@group-4AD7D8BDF6E4->s0: decreaseNextIndex nextIndex: updateUnconditionally 91 -> 81
2023-03-28 15:14:16,263 [pool-7-thread-10] INFO  datastream.DataStreamTestUtils (DataStreamTestUtils.java:writeAndCloseAndAssertReplies(311)) - start Stream433
2023-03-28 15:14:16,272 [pool-7-thread-8] INFO  datastream.DataStreamTestUtils (DataStreamTestUtils.java:writeAndCloseAndAssertReplies(311)) - start Stream434
2023-03-28 15:14:16,282 [grpc-default-executor-4] WARN  server.GrpcServerProtocolService (LogUtils.java:warn(124)) - s0: Failed APPEND_ENTRIES request s2->s0#75184-t4,previous=(t:4, i:80),leaderCommit=90,initializing? true,entries: size=11, first=(t:4, i:81), STATEMACHINELOGENTRY, 427@client-6FC75EBD02E2
java.util.concurrent.CompletionException: org.apache.ratis.server.raftlog.RaftLogIOException: Log already failed at index 65 for task WriteLog:65: (t:4, i:65), STATEMACHINELOGENTRY, StateMachineLogEntryProto:419@client-3F6E156514EF
	at java.base/java.util.concurrent.CompletableFuture.encodeThrowable(CompletableFuture.java:331)
	at java.base/java.util.concurrent.CompletableFuture.completeThrowable(CompletableFuture.java:346)
	at java.base/java.util.concurrent.CompletableFuture$BiRelay.tryFire(CompletableFuture.java:1423)
	at java.base/java.util.concurrent.CompletableFuture$CoCompletion.tryFire(CompletableFuture.java:1144)
	at java.base/java.util.concurrent.CompletableFuture.postComplete(CompletableFuture.java:506)
	at java.base/java.util.concurrent.CompletableFuture.completeExceptionally(CompletableFuture.java:2088)
	at org.apache.ratis.server.raftlog.segmented.SegmentedRaftLog$Task.failed(SegmentedRaftLog.java:105)
	at org.apache.ratis.server.raftlog.segmented.SegmentedRaftLogWorker$WriteLog.failed(SegmentedRaftLogWorker.java:514)
	at org.apache.ratis.server.raftlog.segmented.SegmentedRaftLogWorker.run(SegmentedRaftLogWorker.java:312)
	at java.base/java.util.concurrent.Executors$RunnableAdapter.call(Executors.java:515)
	at java.base/java.util.concurrent.FutureTask.run(FutureTask.java:264)
	at java.base/java.util.concurrent.ThreadPoolExecutor.runWorker(ThreadPoolExecutor.java:1128)
	at java.base/java.util.concurrent.ThreadPoolExecutor$Worker.run(ThreadPoolExecutor.java:628)
	at java.base/java.lang.Thread.run(Thread.java:829)
Caused by: org.apache.ratis.server.raftlog.RaftLogIOException: Log already failed at index 65 for task WriteLog:65: (t:4, i:65), STATEMACHINELOGENTRY, StateMachineLogEntryProto:419@client-3F6E156514EF
	at org.apache.ratis.server.raftlog.segmented.SegmentedRaftLogWorker.run(SegmentedRaftLogWorker.java:315)
	... 5 more
Caused by: java.io.IOException: java.lang.IllegalStateException: Null stream: entry=term: 4
index: 65
stateMachineLogEntry {
  type: DATASTREAM
  clientId: "i\b\262\343l\265B,\217\001?n\025e\024\357"
  callId: 419
}

	at org.apache.ratis.util.IOUtils.asIOException(IOUtils.java:56)
	at org.apache.ratis.util.IOUtils.toIOException(IOUtils.java:61)
	at org.apache.ratis.util.IOUtils.getFromFuture(IOUtils.java:85)
	at org.apache.ratis.server.raftlog.segmented.SegmentedRaftLogWorker$StateMachineDataPolicy.getFromFuture(SegmentedRaftLogWorker.java:88)
	at org.apache.ratis.server.raftlog.segmented.SegmentedRaftLogWorker$WriteLog.execute(SegmentedRaftLogWorker.java:535)
	at org.apache.ratis.server.raftlog.segmented.SegmentedRaftLogWorker.run(SegmentedRaftLogWorker.java:303)
	... 5 more
Caused by: java.lang.IllegalStateException: Null stream: entry=term: 4
index: 65
stateMachineLogEntry {
  type: DATASTREAM
  clientId: "i\b\262\343l\265B,\217\001?n\025e\024\357"
  callId: 419
}

	at org.apache.ratis.datastream.DataStreamTestUtils$MultiDataStreamStateMachine.link(DataStreamTestUtils.java:159)
	at org.apache.ratis.server.raftlog.segmented.SegmentedRaftLogWorker$WriteLog.<init>(SegmentedRaftLogWorker.java:492)
	at org.apache.ratis.server.raftlog.segmented.SegmentedRaftLogWorker.writeLogEntry(SegmentedRaftLogWorker.java:438)
	at org.apache.ratis.server.raftlog.segmented.SegmentedRaftLog.appendEntryImpl(SegmentedRaftLog.java:409)
	at org.apache.ratis.server.raftlog.RaftLogBase.lambda$appendEntry$10(RaftLogBase.java:330)
	at org.apache.ratis.server.raftlog.RaftLogSequentialOps$Runner.runSequentially(RaftLogSequentialOps.java:78)
	at org.apache.ratis.server.raftlog.RaftLogBase.appendEntry(RaftLogBase.java:330)
	at org.apache.ratis.server.raftlog.segmented.SegmentedRaftLog.appendImpl(SegmentedRaftLog.java:457)
	at org.apache.ratis.server.raftlog.RaftLogBase.lambda$append$11(RaftLogBase.java:337)
	at org.apache.ratis.server.raftlog.RaftLogSequentialOps$Runner.runSequentially(RaftLogSequentialOps.java:69)
	at org.apache.ratis.server.raftlog.RaftLogBase.append(RaftLogBase.java:337)
	at org.apache.ratis.server.impl.RaftServerImpl.appendEntriesAsync(RaftServerImpl.java:1530)
	at org.apache.ratis.server.impl.RaftServerImpl.appendEntriesAsync(RaftServerImpl.java:1394)
	at org.apache.ratis.server.impl.RaftServerProxy.lambda$appendEntriesAsync$26(RaftServerProxy.java:639)
	at org.apache.ratis.util.JavaUtils.callAsUnchecked(JavaUtils.java:117)
	at org.apache.ratis.server.impl.RaftServerImpl.lambda$executeSubmitServerRequestAsync$11(RaftServerImpl.java:822)
	at java.base/java.util.concurrent.CompletableFuture$AsyncSupply.run(CompletableFuture.java:1700)
	... 3 more
2023-03-28 15:14:16,313 [grpc-default-executor-4] WARN  server.GrpcLogAppender (LogUtils.java:warn(124)) - s2@group-4AD7D8BDF6E4->s0-AppendLogResponseHandler: Failed appendEntries
org.apache.ratis.server.raftlog.RaftLogIOException: Log already failed at index 65 for task WriteLog:65: (t:4, i:65), STATEMACHINELOGENTRY, StateMachineLogEntryProto:419@client-3F6E156514EF
	at org.apache.ratis.server.raftlog.segmented.SegmentedRaftLogWorker.run(SegmentedRaftLogWorker.java:315)
	at java.base/java.util.concurrent.Executors$RunnableAdapter.call(Executors.java:515)
	at java.base/java.util.concurrent.FutureTask.run(FutureTask.java:264)
	at java.base/java.util.concurrent.ThreadPoolExecutor.runWorker(ThreadPoolExecutor.java:1128)
	at java.base/java.util.concurrent.ThreadPoolExecutor$Worker.run(ThreadPoolExecutor.java:628)
	at java.base/java.lang.Thread.run(Thread.java:829)
Caused by: java.io.IOException: java.lang.IllegalStateException: Null stream: entry=term: 4
index: 65
stateMachineLogEntry {
  type: DATASTREAM
  clientId: "i\b\262\343l\265B,\217\001?n\025e\024\357"
  callId: 419
}

	at org.apache.ratis.util.IOUtils.asIOException(IOUtils.java:56)
	at org.apache.ratis.util.IOUtils.toIOException(IOUtils.java:61)
	at org.apache.ratis.util.IOUtils.getFromFuture(IOUtils.java:85)
	at org.apache.ratis.server.raftlog.segmented.SegmentedRaftLogWorker$StateMachineDataPolicy.getFromFuture(SegmentedRaftLogWorker.java:88)
	at org.apache.ratis.server.raftlog.segmented.SegmentedRaftLogWorker$WriteLog.execute(SegmentedRaftLogWorker.java:535)
	at org.apache.ratis.server.raftlog.segmented.SegmentedRaftLogWorker.run(SegmentedRaftLogWorker.java:303)
	... 5 more
Caused by: java.lang.IllegalStateException: Null stream: entry=term: 4
index: 65
stateMachineLogEntry {
  type: DATASTREAM
  clientId: "i\b\262\343l\265B,\217\001?n\025e\024\357"
  callId: 419
}

	at org.apache.ratis.datastream.DataStreamTestUtils$MultiDataStreamStateMachine.link(DataStreamTestUtils.java:159)
	at org.apache.ratis.server.raftlog.segmented.SegmentedRaftLogWorker$WriteLog.<init>(SegmentedRaftLogWorker.java:492)
	at org.apache.ratis.server.raftlog.segmented.SegmentedRaftLogWorker.writeLogEntry(SegmentedRaftLogWorker.java:438)
	at org.apache.ratis.server.raftlog.segmented.SegmentedRaftLog.appendEntryImpl(SegmentedRaftLog.java:409)
	at org.apache.ratis.server.raftlog.RaftLogBase.lambda$appendEntry$10(RaftLogBase.java:330)
	at org.apache.ratis.server.raftlog.RaftLogSequentialOps$Runner.runSequentially(RaftLogSequentialOps.java:78)
	at org.apache.ratis.server.raftlog.RaftLogBase.appendEntry(RaftLogBase.java:330)
	at org.apache.ratis.server.raftlog.segmented.SegmentedRaftLog.appendImpl(SegmentedRaftLog.java:457)
	at org.apache.ratis.server.raftlog.RaftLogBase.lambda$append$11(RaftLogBase.java:337)
	at org.apache.ratis.server.raftlog.RaftLogSequentialOps$Runner.runSequentially(RaftLogSequentialOps.java:69)
	at org.apache.ratis.server.raftlog.RaftLogBase.append(RaftLogBase.java:337)
	at org.apache.ratis.server.impl.RaftServerImpl.appendEntriesAsync(RaftServerImpl.java:1530)
	at org.apache.ratis.server.impl.RaftServerImpl.appendEntriesAsync(RaftServerImpl.java:1394)
	at org.apache.ratis.server.impl.RaftServerProxy.lambda$appendEntriesAsync$26(RaftServerProxy.java:639)
	at org.apache.ratis.util.JavaUtils.callAsUnchecked(JavaUtils.java:117)
	at org.apache.ratis.server.impl.RaftServerImpl.lambda$executeSubmitServerRequestAsync$11(RaftServerImpl.java:822)
	at java.base/java.util.concurrent.CompletableFuture$AsyncSupply.run(CompletableFuture.java:1700)
	... 3 more
2023-03-28 15:14:16,314 [grpc-default-executor-4] INFO  leader.FollowerInfo (FollowerInfoImpl.java:lambda$new$0(52)) - s2@group-4AD7D8BDF6E4->s0: decreaseNextIndex nextIndex: updateUnconditionally 92 -> 81
2023-03-28 15:14:16,318 [pool-7-thread-10] INFO  datastream.DataStreamTestUtils (DataStreamTestUtils.java:writeAndCloseAndAssertReplies(320)) - Stream433: bytesWritten=764256
2023-03-28 15:14:16,326 [pool-7-thread-8] INFO  datastream.DataStreamTestUtils (DataStreamTestUtils.java:writeAndCloseAndAssertReplies(320)) - Stream434: bytesWritten=723930
2023-03-28 15:14:16,354 [s2-client-thread1] INFO  statemachine.StateMachine (DataStreamTestUtils.java:link(157)) - link SingleDataStream: writeRequest=RaftClientRequest:client-6FC75EBD02E2->s0@group-4AD7D8BDF6E4, cid=433, seq=0, DataStream, Message:<EMPTY>, logEntry=null
2023-03-28 15:14:16,355 [s2-client-thread1] INFO  statemachine.StateMachine (DataStreamTestUtils.java:link(157)) - link SingleDataStream: writeRequest=RaftClientRequest:client-6FC75EBD02E2->s0@group-4AD7D8BDF6E4, cid=434, seq=0, DataStream, Message:<EMPTY>, logEntry=null
2023-03-28 15:14:16,371 [s1-server-thread3] INFO  statemachine.StateMachine (DataStreamTestUtils.java:link(157)) - link SingleDataStream: writeRequest=RaftClientRequest:client-6FC75EBD02E2->s0@group-4AD7D8BDF6E4, cid=433, seq=0, DataStream, Message:<EMPTY>, logEntry=null
2023-03-28 15:14:16,372 [s1-server-thread3] INFO  statemachine.StateMachine (DataStreamTestUtils.java:link(157)) - link SingleDataStream: writeRequest=RaftClientRequest:client-6FC75EBD02E2->s0@group-4AD7D8BDF6E4, cid=434, seq=0, DataStream, Message:<EMPTY>, logEntry=null
2023-03-28 15:14:16,376 [s0-server-thread4] INFO  statemachine.StateMachine (DataStreamTestUtils.java:link(157)) - link SingleDataStream: writeRequest=RaftClientRequest:client-6FC75EBD02E2->s0@group-4AD7D8BDF6E4, cid=433, seq=0, DataStream, Message:<EMPTY>, logEntry=null
2023-03-28 15:14:16,376 [s0-server-thread4] INFO  statemachine.StateMachine (DataStreamTestUtils.java:link(157)) - link SingleDataStream: writeRequest=RaftClientRequest:client-6FC75EBD02E2->s0@group-4AD7D8BDF6E4, cid=434, seq=0, DataStream, Message:<EMPTY>, logEntry=null
2023-03-28 15:14:16,376 [s0-server-thread4] WARN  server.GrpcServerProtocolService (LogUtils.java:warn(124)) - s0: Failed APPEND_ENTRIES request s2->s0#75188-t4,previous=(t:4, i:91),leaderCommit=91,initializing? true,entries: size=2, first=(t:4, i:92), STATEMACHINELOGENTRY, 433@client-6FC75EBD02E2
java.util.concurrent.CompletionException: org.apache.ratis.server.raftlog.RaftLogIOException: Log already failed at index 65 for task WriteLog:65: (t:4, i:65), STATEMACHINELOGENTRY, StateMachineLogEntryProto:419@client-3F6E156514EF
	at java.base/java.util.concurrent.CompletableFuture.encodeThrowable(CompletableFuture.java:331)
	at java.base/java.util.concurrent.CompletableFuture.completeThrowable(CompletableFuture.java:346)
	at java.base/java.util.concurrent.CompletableFuture$BiRelay.tryFire(CompletableFuture.java:1423)
	at java.base/java.util.concurrent.CompletableFuture$CoCompletion.tryFire(CompletableFuture.java:1144)
	at java.base/java.util.concurrent.CompletableFuture.postComplete(CompletableFuture.java:506)
	at java.base/java.util.concurrent.CompletableFuture.completeExceptionally(CompletableFuture.java:2088)
	at org.apache.ratis.server.raftlog.segmented.SegmentedRaftLog$Task.failed(SegmentedRaftLog.java:105)
	at org.apache.ratis.server.raftlog.segmented.SegmentedRaftLogWorker$WriteLog.failed(SegmentedRaftLogWorker.java:514)
	at org.apache.ratis.server.raftlog.segmented.SegmentedRaftLogWorker.run(SegmentedRaftLogWorker.java:312)
	at java.base/java.util.concurrent.Executors$RunnableAdapter.call(Executors.java:515)
	at java.base/java.util.concurrent.FutureTask.run(FutureTask.java:264)
	at java.base/java.util.concurrent.ThreadPoolExecutor.runWorker(ThreadPoolExecutor.java:1128)
	at java.base/java.util.concurrent.ThreadPoolExecutor$Worker.run(ThreadPoolExecutor.java:628)
	at java.base/java.lang.Thread.run(Thread.java:829)
Caused by: org.apache.ratis.server.raftlog.RaftLogIOException: Log already failed at index 65 for task WriteLog:65: (t:4, i:65), STATEMACHINELOGENTRY, StateMachineLogEntryProto:419@client-3F6E156514EF
	at org.apache.ratis.server.raftlog.segmented.SegmentedRaftLogWorker.run(SegmentedRaftLogWorker.java:315)
	... 5 more
Caused by: java.io.IOException: java.lang.IllegalStateException: Null stream: entry=term: 4
index: 65
stateMachineLogEntry {
  type: DATASTREAM
  clientId: "i\b\262\343l\265B,\217\001?n\025e\024\357"
  callId: 419
}

	at org.apache.ratis.util.IOUtils.asIOException(IOUtils.java:56)
	at org.apache.ratis.util.IOUtils.toIOException(IOUtils.java:61)
	at org.apache.ratis.util.IOUtils.getFromFuture(IOUtils.java:85)
	at org.apache.ratis.server.raftlog.segmented.SegmentedRaftLogWorker$StateMachineDataPolicy.getFromFuture(SegmentedRaftLogWorker.java:88)
	at org.apache.ratis.server.raftlog.segmented.SegmentedRaftLogWorker$WriteLog.execute(SegmentedRaftLogWorker.java:535)
	at org.apache.ratis.server.raftlog.segmented.SegmentedRaftLogWorker.run(SegmentedRaftLogWorker.java:303)
	... 5 more
Caused by: java.lang.IllegalStateException: Null stream: entry=term: 4
index: 65
stateMachineLogEntry {
  type: DATASTREAM
  clientId: "i\b\262\343l\265B,\217\001?n\025e\024\357"
  callId: 419
}

	at org.apache.ratis.datastream.DataStreamTestUtils$MultiDataStreamStateMachine.link(DataStreamTestUtils.java:159)
	at org.apache.ratis.server.raftlog.segmented.SegmentedRaftLogWorker$WriteLog.<init>(SegmentedRaftLogWorker.java:492)
	at org.apache.ratis.server.raftlog.segmented.SegmentedRaftLogWorker.writeLogEntry(SegmentedRaftLogWorker.java:438)
	at org.apache.ratis.server.raftlog.segmented.SegmentedRaftLog.appendEntryImpl(SegmentedRaftLog.java:409)
	at org.apache.ratis.server.raftlog.RaftLogBase.lambda$appendEntry$10(RaftLogBase.java:330)
	at org.apache.ratis.server.raftlog.RaftLogSequentialOps$Runner.runSequentially(RaftLogSequentialOps.java:78)
	at org.apache.ratis.server.raftlog.RaftLogBase.appendEntry(RaftLogBase.java:330)
	at org.apache.ratis.server.raftlog.segmented.SegmentedRaftLog.appendImpl(SegmentedRaftLog.java:457)
	at org.apache.ratis.server.raftlog.RaftLogBase.lambda$append$11(RaftLogBase.java:337)
	at org.apache.ratis.server.raftlog.RaftLogSequentialOps$Runner.runSequentially(RaftLogSequentialOps.java:69)
	at org.apache.ratis.server.raftlog.RaftLogBase.append(RaftLogBase.java:337)
	at org.apache.ratis.server.impl.RaftServerImpl.appendEntriesAsync(RaftServerImpl.java:1530)
	at org.apache.ratis.server.impl.RaftServerImpl.appendEntriesAsync(RaftServerImpl.java:1394)
	at org.apache.ratis.server.impl.RaftServerProxy.lambda$appendEntriesAsync$26(RaftServerProxy.java:639)
	at org.apache.ratis.util.JavaUtils.callAsUnchecked(JavaUtils.java:117)
	at org.apache.ratis.server.impl.RaftServerImpl.lambda$executeSubmitServerRequestAsync$11(RaftServerImpl.java:822)
	at java.base/java.util.concurrent.CompletableFuture$AsyncSupply.run(CompletableFuture.java:1700)
	... 3 more
2023-03-28 15:14:16,390 [pool-7-thread-10] INFO  datastream.DataStreamTestUtils (DataStreamTestUtils.java:writeAndCloseAndAssertReplies(311)) - start Stream435
2023-03-28 15:14:16,392 [pool-7-thread-8] INFO  datastream.DataStreamTestUtils (DataStreamTestUtils.java:writeAndCloseAndAssertReplies(311)) - start Stream437
2023-03-28 15:14:16,402 [grpc-default-executor-1] WARN  server.GrpcLogAppender (LogUtils.java:warn(124)) - s2@group-4AD7D8BDF6E4->s0-AppendLogResponseHandler: Failed appendEntries
org.apache.ratis.server.raftlog.RaftLogIOException: Log already failed at index 65 for task WriteLog:65: (t:4, i:65), STATEMACHINELOGENTRY, StateMachineLogEntryProto:419@client-3F6E156514EF
	at org.apache.ratis.server.raftlog.segmented.SegmentedRaftLogWorker.run(SegmentedRaftLogWorker.java:315)
	at java.base/java.util.concurrent.Executors$RunnableAdapter.call(Executors.java:515)
	at java.base/java.util.concurrent.FutureTask.run(FutureTask.java:264)
	at java.base/java.util.concurrent.ThreadPoolExecutor.runWorker(ThreadPoolExecutor.java:1128)
	at java.base/java.util.concurrent.ThreadPoolExecutor$Worker.run(ThreadPoolExecutor.java:628)
	at java.base/java.lang.Thread.run(Thread.java:829)
Caused by: java.io.IOException: java.lang.IllegalStateException: Null stream: entry=term: 4
index: 65
stateMachineLogEntry {
  type: DATASTREAM
  clientId: "i\b\262\343l\265B,\217\001?n\025e\024\357"
  callId: 419
}

	at org.apache.ratis.util.IOUtils.asIOException(IOUtils.java:56)
	at org.apache.ratis.util.IOUtils.toIOException(IOUtils.java:61)
	at org.apache.ratis.util.IOUtils.getFromFuture(IOUtils.java:85)
	at org.apache.ratis.server.raftlog.segmented.SegmentedRaftLogWorker$StateMachineDataPolicy.getFromFuture(SegmentedRaftLogWorker.java:88)
	at org.apache.ratis.server.raftlog.segmented.SegmentedRaftLogWorker$WriteLog.execute(SegmentedRaftLogWorker.java:535)
	at org.apache.ratis.server.raftlog.segmented.SegmentedRaftLogWorker.run(SegmentedRaftLogWorker.java:303)
	... 5 more
Caused by: java.lang.IllegalStateException: Null stream: entry=term: 4
index: 65
stateMachineLogEntry {
  type: DATASTREAM
  clientId: "i\b\262\343l\265B,\217\001?n\025e\024\357"
  callId: 419
}

	at org.apache.ratis.datastream.DataStreamTestUtils$MultiDataStreamStateMachine.link(DataStreamTestUtils.java:159)
	at org.apache.ratis.server.raftlog.segmented.SegmentedRaftLogWorker$WriteLog.<init>(SegmentedRaftLogWorker.java:492)
	at org.apache.ratis.server.raftlog.segmented.SegmentedRaftLogWorker.writeLogEntry(SegmentedRaftLogWorker.java:438)
	at org.apache.ratis.server.raftlog.segmented.SegmentedRaftLog.appendEntryImpl(SegmentedRaftLog.java:409)
	at org.apache.ratis.server.raftlog.RaftLogBase.lambda$appendEntry$10(RaftLogBase.java:330)
	at org.apache.ratis.server.raftlog.RaftLogSequentialOps$Runner.runSequentially(RaftLogSequentialOps.java:78)
	at org.apache.ratis.server.raftlog.RaftLogBase.appendEntry(RaftLogBase.java:330)
	at org.apache.ratis.server.raftlog.segmented.SegmentedRaftLog.appendImpl(SegmentedRaftLog.java:457)
	at org.apache.ratis.server.raftlog.RaftLogBase.lambda$append$11(RaftLogBase.java:337)
	at org.apache.ratis.server.raftlog.RaftLogSequentialOps$Runner.runSequentially(RaftLogSequentialOps.java:69)
	at org.apache.ratis.server.raftlog.RaftLogBase.append(RaftLogBase.java:337)
	at org.apache.ratis.server.impl.RaftServerImpl.appendEntriesAsync(RaftServerImpl.java:1530)
	at org.apache.ratis.server.impl.RaftServerImpl.appendEntriesAsync(RaftServerImpl.java:1394)
	at org.apache.ratis.server.impl.RaftServerProxy.lambda$appendEntriesAsync$26(RaftServerProxy.java:639)
	at org.apache.ratis.util.JavaUtils.callAsUnchecked(JavaUtils.java:117)
	at org.apache.ratis.server.impl.RaftServerImpl.lambda$executeSubmitServerRequestAsync$11(RaftServerImpl.java:822)
	at java.base/java.util.concurrent.CompletableFuture$AsyncSupply.run(CompletableFuture.java:1700)
	... 3 more
2023-03-28 15:14:16,403 [grpc-default-executor-1] INFO  leader.FollowerInfo (FollowerInfoImpl.java:lambda$new$0(52)) - s2@group-4AD7D8BDF6E4->s0: decreaseNextIndex nextIndex: updateUnconditionally 95 -> 92
2023-03-28 15:14:16,432 [pool-7-thread-8] INFO  datastream.DataStreamTestUtils (DataStreamTestUtils.java:writeAndCloseAndAssertReplies(320)) - Stream437: bytesWritten=722550
2023-03-28 15:14:16,439 [pool-7-thread-10] INFO  datastream.DataStreamTestUtils (DataStreamTestUtils.java:writeAndCloseAndAssertReplies(320)) - Stream435: bytesWritten=751507
2023-03-28 15:14:16,463 [grpc-default-executor-9] WARN  server.GrpcServerProtocolService (LogUtils.java:warn(124)) - s0: Failed APPEND_ENTRIES request s2->s0#78695-t4,previous=(t:4, i:91),leaderCommit=94,initializing? true,entries: size=3, first=(t:4, i:92), STATEMACHINELOGENTRY, 433@client-6FC75EBD02E2
java.util.concurrent.CompletionException: org.apache.ratis.server.raftlog.RaftLogIOException: Log already failed at index 65 for task WriteLog:65: (t:4, i:65), STATEMACHINELOGENTRY, StateMachineLogEntryProto:419@client-3F6E156514EF
	at java.base/java.util.concurrent.CompletableFuture.encodeThrowable(CompletableFuture.java:331)
	at java.base/java.util.concurrent.CompletableFuture.completeThrowable(CompletableFuture.java:346)
	at java.base/java.util.concurrent.CompletableFuture$BiRelay.tryFire(CompletableFuture.java:1423)
	at java.base/java.util.concurrent.CompletableFuture$CoCompletion.tryFire(CompletableFuture.java:1144)
	at java.base/java.util.concurrent.CompletableFuture.postComplete(CompletableFuture.java:506)
	at java.base/java.util.concurrent.CompletableFuture.completeExceptionally(CompletableFuture.java:2088)
	at org.apache.ratis.server.raftlog.segmented.SegmentedRaftLog$Task.failed(SegmentedRaftLog.java:105)
	at org.apache.ratis.server.raftlog.segmented.SegmentedRaftLogWorker$WriteLog.failed(SegmentedRaftLogWorker.java:514)
	at org.apache.ratis.server.raftlog.segmented.SegmentedRaftLogWorker.run(SegmentedRaftLogWorker.java:312)
	at java.base/java.util.concurrent.Executors$RunnableAdapter.call(Executors.java:515)
	at java.base/java.util.concurrent.FutureTask.run(FutureTask.java:264)
	at java.base/java.util.concurrent.ThreadPoolExecutor.runWorker(ThreadPoolExecutor.java:1128)
	at java.base/java.util.concurrent.ThreadPoolExecutor$Worker.run(ThreadPoolExecutor.java:628)
	at java.base/java.lang.Thread.run(Thread.java:829)
Caused by: org.apache.ratis.server.raftlog.RaftLogIOException: Log already failed at index 65 for task WriteLog:65: (t:4, i:65), STATEMACHINELOGENTRY, StateMachineLogEntryProto:419@client-3F6E156514EF
	at org.apache.ratis.server.raftlog.segmented.SegmentedRaftLogWorker.run(SegmentedRaftLogWorker.java:315)
	... 5 more
Caused by: java.io.IOException: java.lang.IllegalStateException: Null stream: entry=term: 4
index: 65
stateMachineLogEntry {
  type: DATASTREAM
  clientId: "i\b\262\343l\265B,\217\001?n\025e\024\357"
  callId: 419
}

	at org.apache.ratis.util.IOUtils.asIOException(IOUtils.java:56)
	at org.apache.ratis.util.IOUtils.toIOException(IOUtils.java:61)
	at org.apache.ratis.util.IOUtils.getFromFuture(IOUtils.java:85)
	at org.apache.ratis.server.raftlog.segmented.SegmentedRaftLogWorker$StateMachineDataPolicy.getFromFuture(SegmentedRaftLogWorker.java:88)
	at org.apache.ratis.server.raftlog.segmented.SegmentedRaftLogWorker$WriteLog.execute(SegmentedRaftLogWorker.java:535)
	at org.apache.ratis.server.raftlog.segmented.SegmentedRaftLogWorker.run(SegmentedRaftLogWorker.java:303)
	... 5 more
Caused by: java.lang.IllegalStateException: Null stream: entry=term: 4
index: 65
stateMachineLogEntry {
  type: DATASTREAM
  clientId: "i\b\262\343l\265B,\217\001?n\025e\024\357"
  callId: 419
}

	at org.apache.ratis.datastream.DataStreamTestUtils$MultiDataStreamStateMachine.link(DataStreamTestUtils.java:159)
	at org.apache.ratis.server.raftlog.segmented.SegmentedRaftLogWorker$WriteLog.<init>(SegmentedRaftLogWorker.java:492)
	at org.apache.ratis.server.raftlog.segmented.SegmentedRaftLogWorker.writeLogEntry(SegmentedRaftLogWorker.java:438)
	at org.apache.ratis.server.raftlog.segmented.SegmentedRaftLog.appendEntryImpl(SegmentedRaftLog.java:409)
	at org.apache.ratis.server.raftlog.RaftLogBase.lambda$appendEntry$10(RaftLogBase.java:330)
	at org.apache.ratis.server.raftlog.RaftLogSequentialOps$Runner.runSequentially(RaftLogSequentialOps.java:78)
	at org.apache.ratis.server.raftlog.RaftLogBase.appendEntry(RaftLogBase.java:330)
	at org.apache.ratis.server.raftlog.segmented.SegmentedRaftLog.appendImpl(SegmentedRaftLog.java:457)
	at org.apache.ratis.server.raftlog.RaftLogBase.lambda$append$11(RaftLogBase.java:337)
	at org.apache.ratis.server.raftlog.RaftLogSequentialOps$Runner.runSequentially(RaftLogSequentialOps.java:69)
	at org.apache.ratis.server.raftlog.RaftLogBase.append(RaftLogBase.java:337)
	at org.apache.ratis.server.impl.RaftServerImpl.appendEntriesAsync(RaftServerImpl.java:1530)
	at org.apache.ratis.server.impl.RaftServerImpl.appendEntriesAsync(RaftServerImpl.java:1394)
	at org.apache.ratis.server.impl.RaftServerProxy.lambda$appendEntriesAsync$26(RaftServerProxy.java:639)
	at org.apache.ratis.util.JavaUtils.callAsUnchecked(JavaUtils.java:117)
	at org.apache.ratis.server.impl.RaftServerImpl.lambda$executeSubmitServerRequestAsync$11(RaftServerImpl.java:822)
	at java.base/java.util.concurrent.CompletableFuture$AsyncSupply.run(CompletableFuture.java:1700)
	... 3 more
2023-03-28 15:14:16,464 [s2-client-thread1] INFO  statemachine.StateMachine (DataStreamTestUtils.java:link(157)) - link SingleDataStream: writeRequest=RaftClientRequest:client-6FC75EBD02E2->s0@group-4AD7D8BDF6E4, cid=435, seq=0, DataStream, Message:<EMPTY>, logEntry=null
2023-03-28 15:14:16,486 [grpc-default-executor-9] WARN  server.GrpcLogAppender (LogUtils.java:warn(124)) - s2@group-4AD7D8BDF6E4->s0-AppendLogResponseHandler: Failed appendEntries
org.apache.ratis.server.raftlog.RaftLogIOException: Log already failed at index 65 for task WriteLog:65: (t:4, i:65), STATEMACHINELOGENTRY, StateMachineLogEntryProto:419@client-3F6E156514EF
	at org.apache.ratis.server.raftlog.segmented.SegmentedRaftLogWorker.run(SegmentedRaftLogWorker.java:315)
	at java.base/java.util.concurrent.Executors$RunnableAdapter.call(Executors.java:515)
	at java.base/java.util.concurrent.FutureTask.run(FutureTask.java:264)
	at java.base/java.util.concurrent.ThreadPoolExecutor.runWorker(ThreadPoolExecutor.java:1128)
	at java.base/java.util.concurrent.ThreadPoolExecutor$Worker.run(ThreadPoolExecutor.java:628)
	at java.base/java.lang.Thread.run(Thread.java:829)
Caused by: java.io.IOException: java.lang.IllegalStateException: Null stream: entry=term: 4
index: 65
stateMachineLogEntry {
  type: DATASTREAM
  clientId: "i\b\262\343l\265B,\217\001?n\025e\024\357"
  callId: 419
}

	at org.apache.ratis.util.IOUtils.asIOException(IOUtils.java:56)
	at org.apache.ratis.util.IOUtils.toIOException(IOUtils.java:61)
	at org.apache.ratis.util.IOUtils.getFromFuture(IOUtils.java:85)
	at org.apache.ratis.server.raftlog.segmented.SegmentedRaftLogWorker$StateMachineDataPolicy.getFromFuture(SegmentedRaftLogWorker.java:88)
	at org.apache.ratis.server.raftlog.segmented.SegmentedRaftLogWorker$WriteLog.execute(SegmentedRaftLogWorker.java:535)
	at org.apache.ratis.server.raftlog.segmented.SegmentedRaftLogWorker.run(SegmentedRaftLogWorker.java:303)
	... 5 more
Caused by: java.lang.IllegalStateException: Null stream: entry=term: 4
index: 65
stateMachineLogEntry {
  type: DATASTREAM
  clientId: "i\b\262\343l\265B,\217\001?n\025e\024\357"
  callId: 419
}

	at org.apache.ratis.datastream.DataStreamTestUtils$MultiDataStreamStateMachine.link(DataStreamTestUtils.java:159)
	at org.apache.ratis.server.raftlog.segmented.SegmentedRaftLogWorker$WriteLog.<init>(SegmentedRaftLogWorker.java:492)
	at org.apache.ratis.server.raftlog.segmented.SegmentedRaftLogWorker.writeLogEntry(SegmentedRaftLogWorker.java:438)
	at org.apache.ratis.server.raftlog.segmented.SegmentedRaftLog.appendEntryImpl(SegmentedRaftLog.java:409)
	at org.apache.ratis.server.raftlog.RaftLogBase.lambda$appendEntry$10(RaftLogBase.java:330)
	at org.apache.ratis.server.raftlog.RaftLogSequentialOps$Runner.runSequentially(RaftLogSequentialOps.java:78)
	at org.apache.ratis.server.raftlog.RaftLogBase.appendEntry(RaftLogBase.java:330)
	at org.apache.ratis.server.raftlog.segmented.SegmentedRaftLog.appendImpl(SegmentedRaftLog.java:457)
	at org.apache.ratis.server.raftlog.RaftLogBase.lambda$append$11(RaftLogBase.java:337)
	at org.apache.ratis.server.raftlog.RaftLogSequentialOps$Runner.runSequentially(RaftLogSequentialOps.java:69)
	at org.apache.ratis.server.raftlog.RaftLogBase.append(RaftLogBase.java:337)
	at org.apache.ratis.server.impl.RaftServerImpl.appendEntriesAsync(RaftServerImpl.java:1530)
	at org.apache.ratis.server.impl.RaftServerImpl.appendEntriesAsync(RaftServerImpl.java:1394)
	at org.apache.ratis.server.impl.RaftServerProxy.lambda$appendEntriesAsync$26(RaftServerProxy.java:639)
	at org.apache.ratis.util.JavaUtils.callAsUnchecked(JavaUtils.java:117)
	at org.apache.ratis.server.impl.RaftServerImpl.lambda$executeSubmitServerRequestAsync$11(RaftServerImpl.java:822)
	at java.base/java.util.concurrent.CompletableFuture$AsyncSupply.run(CompletableFuture.java:1700)
	... 3 more
2023-03-28 15:14:16,486 [grpc-default-executor-9] INFO  leader.FollowerInfo (FollowerInfoImpl.java:lambda$new$0(52)) - s2@group-4AD7D8BDF6E4->s0: decreaseNextIndex nextIndex: updateUnconditionally 95 -> 92
2023-03-28 15:14:16,487 [s1-server-thread3] INFO  statemachine.StateMachine (DataStreamTestUtils.java:link(157)) - link SingleDataStream: writeRequest=RaftClientRequest:client-6FC75EBD02E2->s0@group-4AD7D8BDF6E4, cid=435, seq=0, DataStream, Message:<EMPTY>, logEntry=null
2023-03-28 15:14:16,532 [s0-server-thread3] INFO  statemachine.StateMachine (DataStreamTestUtils.java:link(157)) - link SingleDataStream: writeRequest=RaftClientRequest:client-6FC75EBD02E2->s0@group-4AD7D8BDF6E4, cid=435, seq=0, DataStream, Message:<EMPTY>, logEntry=null
2023-03-28 15:14:16,532 [grpc-default-executor-6] WARN  server.GrpcServerProtocolService (LogUtils.java:warn(124)) - s0: Failed APPEND_ENTRIES request s2->s0#78697-t4,previous=(t:4, i:91),leaderCommit=94,initializing? true,entries: size=4, first=(t:4, i:92), STATEMACHINELOGENTRY, 433@client-6FC75EBD02E2
java.util.concurrent.CompletionException: org.apache.ratis.server.raftlog.RaftLogIOException: Log already failed at index 65 for task WriteLog:65: (t:4, i:65), STATEMACHINELOGENTRY, StateMachineLogEntryProto:419@client-3F6E156514EF
	at java.base/java.util.concurrent.CompletableFuture.encodeThrowable(CompletableFuture.java:331)
	at java.base/java.util.concurrent.CompletableFuture.completeThrowable(CompletableFuture.java:346)
	at java.base/java.util.concurrent.CompletableFuture$BiRelay.tryFire(CompletableFuture.java:1423)
	at java.base/java.util.concurrent.CompletableFuture$CoCompletion.tryFire(CompletableFuture.java:1144)
	at java.base/java.util.concurrent.CompletableFuture.postComplete(CompletableFuture.java:506)
	at java.base/java.util.concurrent.CompletableFuture.completeExceptionally(CompletableFuture.java:2088)
	at org.apache.ratis.server.raftlog.segmented.SegmentedRaftLog$Task.failed(SegmentedRaftLog.java:105)
	at org.apache.ratis.server.raftlog.segmented.SegmentedRaftLogWorker$WriteLog.failed(SegmentedRaftLogWorker.java:514)
	at org.apache.ratis.server.raftlog.segmented.SegmentedRaftLogWorker.run(SegmentedRaftLogWorker.java:312)
	at java.base/java.util.concurrent.Executors$RunnableAdapter.call(Executors.java:515)
	at java.base/java.util.concurrent.FutureTask.run(FutureTask.java:264)
	at java.base/java.util.concurrent.ThreadPoolExecutor.runWorker(ThreadPoolExecutor.java:1128)
	at java.base/java.util.concurrent.ThreadPoolExecutor$Worker.run(ThreadPoolExecutor.java:628)
	at java.base/java.lang.Thread.run(Thread.java:829)
Caused by: org.apache.ratis.server.raftlog.RaftLogIOException: Log already failed at index 65 for task WriteLog:65: (t:4, i:65), STATEMACHINELOGENTRY, StateMachineLogEntryProto:419@client-3F6E156514EF
	at org.apache.ratis.server.raftlog.segmented.SegmentedRaftLogWorker.run(SegmentedRaftLogWorker.java:315)
	... 5 more
Caused by: java.io.IOException: java.lang.IllegalStateException: Null stream: entry=term: 4
index: 65
stateMachineLogEntry {
  type: DATASTREAM
  clientId: "i\b\262\343l\265B,\217\001?n\025e\024\357"
  callId: 419
}

	at org.apache.ratis.util.IOUtils.asIOException(IOUtils.java:56)
	at org.apache.ratis.util.IOUtils.toIOException(IOUtils.java:61)
	at org.apache.ratis.util.IOUtils.getFromFuture(IOUtils.java:85)
	at org.apache.ratis.server.raftlog.segmented.SegmentedRaftLogWorker$StateMachineDataPolicy.getFromFuture(SegmentedRaftLogWorker.java:88)
	at org.apache.ratis.server.raftlog.segmented.SegmentedRaftLogWorker$WriteLog.execute(SegmentedRaftLogWorker.java:535)
	at org.apache.ratis.server.raftlog.segmented.SegmentedRaftLogWorker.run(SegmentedRaftLogWorker.java:303)
	... 5 more
Caused by: java.lang.IllegalStateException: Null stream: entry=term: 4
index: 65
stateMachineLogEntry {
  type: DATASTREAM
  clientId: "i\b\262\343l\265B,\217\001?n\025e\024\357"
  callId: 419
}

	at org.apache.ratis.datastream.DataStreamTestUtils$MultiDataStreamStateMachine.link(DataStreamTestUtils.java:159)
	at org.apache.ratis.server.raftlog.segmented.SegmentedRaftLogWorker$WriteLog.<init>(SegmentedRaftLogWorker.java:492)
	at org.apache.ratis.server.raftlog.segmented.SegmentedRaftLogWorker.writeLogEntry(SegmentedRaftLogWorker.java:438)
	at org.apache.ratis.server.raftlog.segmented.SegmentedRaftLog.appendEntryImpl(SegmentedRaftLog.java:409)
	at org.apache.ratis.server.raftlog.RaftLogBase.lambda$appendEntry$10(RaftLogBase.java:330)
	at org.apache.ratis.server.raftlog.RaftLogSequentialOps$Runner.runSequentially(RaftLogSequentialOps.java:78)
	at org.apache.ratis.server.raftlog.RaftLogBase.appendEntry(RaftLogBase.java:330)
	at org.apache.ratis.server.raftlog.segmented.SegmentedRaftLog.appendImpl(SegmentedRaftLog.java:457)
	at org.apache.ratis.server.raftlog.RaftLogBase.lambda$append$11(RaftLogBase.java:337)
	at org.apache.ratis.server.raftlog.RaftLogSequentialOps$Runner.runSequentially(RaftLogSequentialOps.java:69)
	at org.apache.ratis.server.raftlog.RaftLogBase.append(RaftLogBase.java:337)
	at org.apache.ratis.server.impl.RaftServerImpl.appendEntriesAsync(RaftServerImpl.java:1530)
	at org.apache.ratis.server.impl.RaftServerImpl.appendEntriesAsync(RaftServerImpl.java:1394)
	at org.apache.ratis.server.impl.RaftServerProxy.lambda$appendEntriesAsync$26(RaftServerProxy.java:639)
	at org.apache.ratis.util.JavaUtils.callAsUnchecked(JavaUtils.java:117)
	at org.apache.ratis.server.impl.RaftServerImpl.lambda$executeSubmitServerRequestAsync$11(RaftServerImpl.java:822)
	at java.base/java.util.concurrent.CompletableFuture$AsyncSupply.run(CompletableFuture.java:1700)
	... 3 more
2023-03-28 15:14:16,545 [grpc-default-executor-6] WARN  server.GrpcLogAppender (LogUtils.java:warn(124)) - s2@group-4AD7D8BDF6E4->s0-AppendLogResponseHandler: Failed appendEntries
org.apache.ratis.server.raftlog.RaftLogIOException: Log already failed at index 65 for task WriteLog:65: (t:4, i:65), STATEMACHINELOGENTRY, StateMachineLogEntryProto:419@client-3F6E156514EF
	at org.apache.ratis.server.raftlog.segmented.SegmentedRaftLogWorker.run(SegmentedRaftLogWorker.java:315)
	at java.base/java.util.concurrent.Executors$RunnableAdapter.call(Executors.java:515)
	at java.base/java.util.concurrent.FutureTask.run(FutureTask.java:264)
	at java.base/java.util.concurrent.ThreadPoolExecutor.runWorker(ThreadPoolExecutor.java:1128)
	at java.base/java.util.concurrent.ThreadPoolExecutor$Worker.run(ThreadPoolExecutor.java:628)
	at java.base/java.lang.Thread.run(Thread.java:829)
Caused by: java.io.IOException: java.lang.IllegalStateException: Null stream: entry=term: 4
index: 65
stateMachineLogEntry {
  type: DATASTREAM
  clientId: "i\b\262\343l\265B,\217\001?n\025e\024\357"
  callId: 419
}

	at org.apache.ratis.util.IOUtils.asIOException(IOUtils.java:56)
	at org.apache.ratis.util.IOUtils.toIOException(IOUtils.java:61)
	at org.apache.ratis.util.IOUtils.getFromFuture(IOUtils.java:85)
	at org.apache.ratis.server.raftlog.segmented.SegmentedRaftLogWorker$StateMachineDataPolicy.getFromFuture(SegmentedRaftLogWorker.java:88)
	at org.apache.ratis.server.raftlog.segmented.SegmentedRaftLogWorker$WriteLog.execute(SegmentedRaftLogWorker.java:535)
	at org.apache.ratis.server.raftlog.segmented.SegmentedRaftLogWorker.run(SegmentedRaftLogWorker.java:303)
	... 5 more
Caused by: java.lang.IllegalStateException: Null stream: entry=term: 4
index: 65
stateMachineLogEntry {
  type: DATASTREAM
  clientId: "i\b\262\343l\265B,\217\001?n\025e\024\357"
  callId: 419
}

	at org.apache.ratis.datastream.DataStreamTestUtils$MultiDataStreamStateMachine.link(DataStreamTestUtils.java:159)
	at org.apache.ratis.server.raftlog.segmented.SegmentedRaftLogWorker$WriteLog.<init>(SegmentedRaftLogWorker.java:492)
	at org.apache.ratis.server.raftlog.segmented.SegmentedRaftLogWorker.writeLogEntry(SegmentedRaftLogWorker.java:438)
	at org.apache.ratis.server.raftlog.segmented.SegmentedRaftLog.appendEntryImpl(SegmentedRaftLog.java:409)
	at org.apache.ratis.server.raftlog.RaftLogBase.lambda$appendEntry$10(RaftLogBase.java:330)
	at org.apache.ratis.server.raftlog.RaftLogSequentialOps$Runner.runSequentially(RaftLogSequentialOps.java:78)
	at org.apache.ratis.server.raftlog.RaftLogBase.appendEntry(RaftLogBase.java:330)
	at org.apache.ratis.server.raftlog.segmented.SegmentedRaftLog.appendImpl(SegmentedRaftLog.java:457)
	at org.apache.ratis.server.raftlog.RaftLogBase.lambda$append$11(RaftLogBase.java:337)
	at org.apache.ratis.server.raftlog.RaftLogSequentialOps$Runner.runSequentially(RaftLogSequentialOps.java:69)
	at org.apache.ratis.server.raftlog.RaftLogBase.append(RaftLogBase.java:337)
	at org.apache.ratis.server.impl.RaftServerImpl.appendEntriesAsync(RaftServerImpl.java:1530)
	at org.apache.ratis.server.impl.RaftServerImpl.appendEntriesAsync(RaftServerImpl.java:1394)
	at org.apache.ratis.server.impl.RaftServerProxy.lambda$appendEntriesAsync$26(RaftServerProxy.java:639)
	at org.apache.ratis.util.JavaUtils.callAsUnchecked(JavaUtils.java:117)
	at org.apache.ratis.server.impl.RaftServerImpl.lambda$executeSubmitServerRequestAsync$11(RaftServerImpl.java:822)
	at java.base/java.util.concurrent.CompletableFuture$AsyncSupply.run(CompletableFuture.java:1700)
	... 3 more
2023-03-28 15:14:16,545 [grpc-default-executor-6] INFO  leader.FollowerInfo (FollowerInfoImpl.java:lambda$new$0(52)) - s2@group-4AD7D8BDF6E4->s0: decreaseNextIndex nextIndex: updateUnconditionally 96 -> 92
2023-03-28 15:14:16,620 [pool-7-thread-10] INFO  datastream.DataStreamTestUtils (DataStreamTestUtils.java:writeAndCloseAndAssertReplies(311)) - start Stream438
2023-03-28 15:14:16,633 [grpc-default-executor-1] WARN  server.GrpcServerProtocolService (LogUtils.java:warn(124)) - s0: Failed APPEND_ENTRIES request s2->s0#85875-t4,previous=(t:4, i:91),leaderCommit=95,initializing? true,entries: size=5, first=(t:4, i:92), STATEMACHINELOGENTRY, 433@client-6FC75EBD02E2
java.util.concurrent.CompletionException: org.apache.ratis.server.raftlog.RaftLogIOException: Log already failed at index 65 for task WriteLog:65: (t:4, i:65), STATEMACHINELOGENTRY, StateMachineLogEntryProto:419@client-3F6E156514EF
	at java.base/java.util.concurrent.CompletableFuture.encodeThrowable(CompletableFuture.java:331)
	at java.base/java.util.concurrent.CompletableFuture.completeThrowable(CompletableFuture.java:346)
	at java.base/java.util.concurrent.CompletableFuture$BiRelay.tryFire(CompletableFuture.java:1423)
	at java.base/java.util.concurrent.CompletableFuture$CoCompletion.tryFire(CompletableFuture.java:1144)
	at java.base/java.util.concurrent.CompletableFuture.postComplete(CompletableFuture.java:506)
	at java.base/java.util.concurrent.CompletableFuture.completeExceptionally(CompletableFuture.java:2088)
	at org.apache.ratis.server.raftlog.segmented.SegmentedRaftLog$Task.failed(SegmentedRaftLog.java:105)
	at org.apache.ratis.server.raftlog.segmented.SegmentedRaftLogWorker$WriteLog.failed(SegmentedRaftLogWorker.java:514)
	at org.apache.ratis.server.raftlog.segmented.SegmentedRaftLogWorker.run(SegmentedRaftLogWorker.java:312)
	at java.base/java.util.concurrent.Executors$RunnableAdapter.call(Executors.java:515)
	at java.base/java.util.concurrent.FutureTask.run(FutureTask.java:264)
	at java.base/java.util.concurrent.ThreadPoolExecutor.runWorker(ThreadPoolExecutor.java:1128)
	at java.base/java.util.concurrent.ThreadPoolExecutor$Worker.run(ThreadPoolExecutor.java:628)
	at java.base/java.lang.Thread.run(Thread.java:829)
Caused by: org.apache.ratis.server.raftlog.RaftLogIOException: Log already failed at index 65 for task WriteLog:65: (t:4, i:65), STATEMACHINELOGENTRY, StateMachineLogEntryProto:419@client-3F6E156514EF
	at org.apache.ratis.server.raftlog.segmented.SegmentedRaftLogWorker.run(SegmentedRaftLogWorker.java:315)
	... 5 more
Caused by: java.io.IOException: java.lang.IllegalStateException: Null stream: entry=term: 4
index: 65
stateMachineLogEntry {
  type: DATASTREAM
  clientId: "i\b\262\343l\265B,\217\001?n\025e\024\357"
  callId: 419
}

	at org.apache.ratis.util.IOUtils.asIOException(IOUtils.java:56)
	at org.apache.ratis.util.IOUtils.toIOException(IOUtils.java:61)
	at org.apache.ratis.util.IOUtils.getFromFuture(IOUtils.java:85)
	at org.apache.ratis.server.raftlog.segmented.SegmentedRaftLogWorker$StateMachineDataPolicy.getFromFuture(SegmentedRaftLogWorker.java:88)
	at org.apache.ratis.server.raftlog.segmented.SegmentedRaftLogWorker$WriteLog.execute(SegmentedRaftLogWorker.java:535)
	at org.apache.ratis.server.raftlog.segmented.SegmentedRaftLogWorker.run(SegmentedRaftLogWorker.java:303)
	... 5 more
Caused by: java.lang.IllegalStateException: Null stream: entry=term: 4
index: 65
stateMachineLogEntry {
  type: DATASTREAM
  clientId: "i\b\262\343l\265B,\217\001?n\025e\024\357"
  callId: 419
}

	at org.apache.ratis.datastream.DataStreamTestUtils$MultiDataStreamStateMachine.link(DataStreamTestUtils.java:159)
	at org.apache.ratis.server.raftlog.segmented.SegmentedRaftLogWorker$WriteLog.<init>(SegmentedRaftLogWorker.java:492)
	at org.apache.ratis.server.raftlog.segmented.SegmentedRaftLogWorker.writeLogEntry(SegmentedRaftLogWorker.java:438)
	at org.apache.ratis.server.raftlog.segmented.SegmentedRaftLog.appendEntryImpl(SegmentedRaftLog.java:409)
	at org.apache.ratis.server.raftlog.RaftLogBase.lambda$appendEntry$10(RaftLogBase.java:330)
	at org.apache.ratis.server.raftlog.RaftLogSequentialOps$Runner.runSequentially(RaftLogSequentialOps.java:78)
	at org.apache.ratis.server.raftlog.RaftLogBase.appendEntry(RaftLogBase.java:330)
	at org.apache.ratis.server.raftlog.segmented.SegmentedRaftLog.appendImpl(SegmentedRaftLog.java:457)
	at org.apache.ratis.server.raftlog.RaftLogBase.lambda$append$11(RaftLogBase.java:337)
	at org.apache.ratis.server.raftlog.RaftLogSequentialOps$Runner.runSequentially(RaftLogSequentialOps.java:69)
	at org.apache.ratis.server.raftlog.RaftLogBase.append(RaftLogBase.java:337)
	at org.apache.ratis.server.impl.RaftServerImpl.appendEntriesAsync(RaftServerImpl.java:1530)
	at org.apache.ratis.server.impl.RaftServerImpl.appendEntriesAsync(RaftServerImpl.java:1394)
	at org.apache.ratis.server.impl.RaftServerProxy.lambda$appendEntriesAsync$26(RaftServerProxy.java:639)
	at org.apache.ratis.util.JavaUtils.callAsUnchecked(JavaUtils.java:117)
	at org.apache.ratis.server.impl.RaftServerImpl.lambda$executeSubmitServerRequestAsync$11(RaftServerImpl.java:822)
	at java.base/java.util.concurrent.CompletableFuture$AsyncSupply.run(CompletableFuture.java:1700)
	... 3 more
2023-03-28 15:14:16,656 [pool-7-thread-10] INFO  datastream.DataStreamTestUtils (DataStreamTestUtils.java:writeAndCloseAndAssertReplies(320)) - Stream438: bytesWritten=732945
2023-03-28 15:14:16,768 [grpc-default-executor-9] WARN  server.GrpcLogAppender (LogUtils.java:warn(124)) - s2@group-4AD7D8BDF6E4->s0-AppendLogResponseHandler: Failed appendEntries
org.apache.ratis.server.raftlog.RaftLogIOException: Log already failed at index 65 for task WriteLog:65: (t:4, i:65), STATEMACHINELOGENTRY, StateMachineLogEntryProto:419@client-3F6E156514EF
	at org.apache.ratis.server.raftlog.segmented.SegmentedRaftLogWorker.run(SegmentedRaftLogWorker.java:315)
	at java.base/java.util.concurrent.Executors$RunnableAdapter.call(Executors.java:515)
	at java.base/java.util.concurrent.FutureTask.run(FutureTask.java:264)
	at java.base/java.util.concurrent.ThreadPoolExecutor.runWorker(ThreadPoolExecutor.java:1128)
	at java.base/java.util.concurrent.ThreadPoolExecutor$Worker.run(ThreadPoolExecutor.java:628)
	at java.base/java.lang.Thread.run(Thread.java:829)
Caused by: java.io.IOException: java.lang.IllegalStateException: Null stream: entry=term: 4
index: 65
stateMachineLogEntry {
  type: DATASTREAM
  clientId: "i\b\262\343l\265B,\217\001?n\025e\024\357"
  callId: 419
}

	at org.apache.ratis.util.IOUtils.asIOException(IOUtils.java:56)
	at org.apache.ratis.util.IOUtils.toIOException(IOUtils.java:61)
	at org.apache.ratis.util.IOUtils.getFromFuture(IOUtils.java:85)
	at org.apache.ratis.server.raftlog.segmented.SegmentedRaftLogWorker$StateMachineDataPolicy.getFromFuture(SegmentedRaftLogWorker.java:88)
	at org.apache.ratis.server.raftlog.segmented.SegmentedRaftLogWorker$WriteLog.execute(SegmentedRaftLogWorker.java:535)
	at org.apache.ratis.server.raftlog.segmented.SegmentedRaftLogWorker.run(SegmentedRaftLogWorker.java:303)
	... 5 more
Caused by: java.lang.IllegalStateException: Null stream: entry=term: 4
index: 65
stateMachineLogEntry {
  type: DATASTREAM
  clientId: "i\b\262\343l\265B,\217\001?n\025e\024\357"
  callId: 419
}

	at org.apache.ratis.datastream.DataStreamTestUtils$MultiDataStreamStateMachine.link(DataStreamTestUtils.java:159)
	at org.apache.ratis.server.raftlog.segmented.SegmentedRaftLogWorker$WriteLog.<init>(SegmentedRaftLogWorker.java:492)
	at org.apache.ratis.server.raftlog.segmented.SegmentedRaftLogWorker.writeLogEntry(SegmentedRaftLogWorker.java:438)
	at org.apache.ratis.server.raftlog.segmented.SegmentedRaftLog.appendEntryImpl(SegmentedRaftLog.java:409)
	at org.apache.ratis.server.raftlog.RaftLogBase.lambda$appendEntry$10(RaftLogBase.java:330)
	at org.apache.ratis.server.raftlog.RaftLogSequentialOps$Runner.runSequentially(RaftLogSequentialOps.java:78)
	at org.apache.ratis.server.raftlog.RaftLogBase.appendEntry(RaftLogBase.java:330)
	at org.apache.ratis.server.raftlog.segmented.SegmentedRaftLog.appendImpl(SegmentedRaftLog.java:457)
	at org.apache.ratis.server.raftlog.RaftLogBase.lambda$append$11(RaftLogBase.java:337)
	at org.apache.ratis.server.raftlog.RaftLogSequentialOps$Runner.runSequentially(RaftLogSequentialOps.java:69)
	at org.apache.ratis.server.raftlog.RaftLogBase.append(RaftLogBase.java:337)
	at org.apache.ratis.server.impl.RaftServerImpl.appendEntriesAsync(RaftServerImpl.java:1530)
	at org.apache.ratis.server.impl.RaftServerImpl.appendEntriesAsync(RaftServerImpl.java:1394)
	at org.apache.ratis.server.impl.RaftServerProxy.lambda$appendEntriesAsync$26(RaftServerProxy.java:639)
	at org.apache.ratis.util.JavaUtils.callAsUnchecked(JavaUtils.java:117)
	at org.apache.ratis.server.impl.RaftServerImpl.lambda$executeSubmitServerRequestAsync$11(RaftServerImpl.java:822)
	at java.base/java.util.concurrent.CompletableFuture$AsyncSupply.run(CompletableFuture.java:1700)
	... 3 more
2023-03-28 15:14:16,769 [grpc-default-executor-9] INFO  leader.FollowerInfo (FollowerInfoImpl.java:lambda$new$0(52)) - s2@group-4AD7D8BDF6E4->s0: decreaseNextIndex nextIndex: updateUnconditionally 97 -> 92
2023-03-28 15:14:16,801 [pool-7-thread-7] INFO  datastream.DataStreamTestUtils (DataStreamTestUtils.java:writeAndCloseAndAssertReplies(311)) - start Stream439
2023-03-28 15:14:16,820 [s2-client-thread1] INFO  statemachine.StateMachine (DataStreamTestUtils.java:link(157)) - link SingleDataStream: writeRequest=RaftClientRequest:client-EAAC007C7426->s0@group-4AD7D8BDF6E4, cid=437, seq=0, DataStream, Message:<EMPTY>, logEntry=null
2023-03-28 15:14:16,823 [s0-server-thread3] INFO  statemachine.StateMachine (DataStreamTestUtils.java:link(157)) - link SingleDataStream: writeRequest=RaftClientRequest:client-EAAC007C7426->s0@group-4AD7D8BDF6E4, cid=437, seq=0, DataStream, Message:<EMPTY>, logEntry=null
2023-03-28 15:14:16,825 [s0-server-thread3] WARN  server.GrpcServerProtocolService (LogUtils.java:warn(124)) - s0: Failed APPEND_ENTRIES request s2->s0#97962-t4,previous=(t:4, i:96),leaderCommit=96,initializing? true,entries: size=1, first=(t:4, i:97), STATEMACHINELOGENTRY, 437@client-EAAC007C7426
java.util.concurrent.CompletionException: org.apache.ratis.server.raftlog.RaftLogIOException: Log already failed at index 65 for task WriteLog:65: (t:4, i:65), STATEMACHINELOGENTRY, StateMachineLogEntryProto:419@client-3F6E156514EF
	at java.base/java.util.concurrent.CompletableFuture.encodeThrowable(CompletableFuture.java:331)
	at java.base/java.util.concurrent.CompletableFuture.completeThrowable(CompletableFuture.java:346)
	at java.base/java.util.concurrent.CompletableFuture$BiRelay.tryFire(CompletableFuture.java:1423)
	at java.base/java.util.concurrent.CompletableFuture$CoCompletion.tryFire(CompletableFuture.java:1144)
	at java.base/java.util.concurrent.CompletableFuture.postComplete(CompletableFuture.java:506)
	at java.base/java.util.concurrent.CompletableFuture.completeExceptionally(CompletableFuture.java:2088)
	at org.apache.ratis.server.raftlog.segmented.SegmentedRaftLog$Task.failed(SegmentedRaftLog.java:105)
	at org.apache.ratis.server.raftlog.segmented.SegmentedRaftLogWorker$WriteLog.failed(SegmentedRaftLogWorker.java:514)
	at org.apache.ratis.server.raftlog.segmented.SegmentedRaftLogWorker.run(SegmentedRaftLogWorker.java:312)
	at java.base/java.util.concurrent.Executors$RunnableAdapter.call(Executors.java:515)
	at java.base/java.util.concurrent.FutureTask.run(FutureTask.java:264)
	at java.base/java.util.concurrent.ThreadPoolExecutor.runWorker(ThreadPoolExecutor.java:1128)
	at java.base/java.util.concurrent.ThreadPoolExecutor$Worker.run(ThreadPoolExecutor.java:628)
	at java.base/java.lang.Thread.run(Thread.java:829)
Caused by: org.apache.ratis.server.raftlog.RaftLogIOException: Log already failed at index 65 for task WriteLog:65: (t:4, i:65), STATEMACHINELOGENTRY, StateMachineLogEntryProto:419@client-3F6E156514EF
	at org.apache.ratis.server.raftlog.segmented.SegmentedRaftLogWorker.run(SegmentedRaftLogWorker.java:315)
	... 5 more
Caused by: java.io.IOException: java.lang.IllegalStateException: Null stream: entry=term: 4
index: 65
stateMachineLogEntry {
  type: DATASTREAM
  clientId: "i\b\262\343l\265B,\217\001?n\025e\024\357"
  callId: 419
}

	at org.apache.ratis.util.IOUtils.asIOException(IOUtils.java:56)
	at org.apache.ratis.util.IOUtils.toIOException(IOUtils.java:61)
	at org.apache.ratis.util.IOUtils.getFromFuture(IOUtils.java:85)
	at org.apache.ratis.server.raftlog.segmented.SegmentedRaftLogWorker$StateMachineDataPolicy.getFromFuture(SegmentedRaftLogWorker.java:88)
	at org.apache.ratis.server.raftlog.segmented.SegmentedRaftLogWorker$WriteLog.execute(SegmentedRaftLogWorker.java:535)
	at org.apache.ratis.server.raftlog.segmented.SegmentedRaftLogWorker.run(SegmentedRaftLogWorker.java:303)
	... 5 more
Caused by: java.lang.IllegalStateException: Null stream: entry=term: 4
index: 65
stateMachineLogEntry {
  type: DATASTREAM
  clientId: "i\b\262\343l\265B,\217\001?n\025e\024\357"
  callId: 419
}

	at org.apache.ratis.datastream.DataStreamTestUtils$MultiDataStreamStateMachine.link(DataStreamTestUtils.java:159)
	at org.apache.ratis.server.raftlog.segmented.SegmentedRaftLogWorker$WriteLog.<init>(SegmentedRaftLogWorker.java:492)
	at org.apache.ratis.server.raftlog.segmented.SegmentedRaftLogWorker.writeLogEntry(SegmentedRaftLogWorker.java:438)
	at org.apache.ratis.server.raftlog.segmented.SegmentedRaftLog.appendEntryImpl(SegmentedRaftLog.java:409)
	at org.apache.ratis.server.raftlog.RaftLogBase.lambda$appendEntry$10(RaftLogBase.java:330)
	at org.apache.ratis.server.raftlog.RaftLogSequentialOps$Runner.runSequentially(RaftLogSequentialOps.java:78)
	at org.apache.ratis.server.raftlog.RaftLogBase.appendEntry(RaftLogBase.java:330)
	at org.apache.ratis.server.raftlog.segmented.SegmentedRaftLog.appendImpl(SegmentedRaftLog.java:457)
	at org.apache.ratis.server.raftlog.RaftLogBase.lambda$append$11(RaftLogBase.java:337)
	at org.apache.ratis.server.raftlog.RaftLogSequentialOps$Runner.runSequentially(RaftLogSequentialOps.java:69)
	at org.apache.ratis.server.raftlog.RaftLogBase.append(RaftLogBase.java:337)
	at org.apache.ratis.server.impl.RaftServerImpl.appendEntriesAsync(RaftServerImpl.java:1530)
	at org.apache.ratis.server.impl.RaftServerImpl.appendEntriesAsync(RaftServerImpl.java:1394)
	at org.apache.ratis.server.impl.RaftServerProxy.lambda$appendEntriesAsync$26(RaftServerProxy.java:639)
	at org.apache.ratis.util.JavaUtils.callAsUnchecked(JavaUtils.java:117)
	at org.apache.ratis.server.impl.RaftServerImpl.lambda$executeSubmitServerRequestAsync$11(RaftServerImpl.java:822)
	at java.base/java.util.concurrent.CompletableFuture$AsyncSupply.run(CompletableFuture.java:1700)
	... 3 more
2023-03-28 15:14:16,842 [pool-7-thread-7] INFO  datastream.DataStreamTestUtils (DataStreamTestUtils.java:writeAndCloseAndAssertReplies(320)) - Stream439: bytesWritten=722149
2023-03-28 15:14:16,832 [s1-server-thread4] INFO  statemachine.StateMachine (DataStreamTestUtils.java:link(157)) - link SingleDataStream: writeRequest=RaftClientRequest:client-EAAC007C7426->s0@group-4AD7D8BDF6E4, cid=437, seq=0, DataStream, Message:<EMPTY>, logEntry=null
2023-03-28 15:14:16,825 [s2-client-thread1] INFO  statemachine.StateMachine (DataStreamTestUtils.java:link(157)) - link SingleDataStream: writeRequest=RaftClientRequest:client-EAAC007C7426->s0@group-4AD7D8BDF6E4, cid=438, seq=0, DataStream, Message:<EMPTY>, logEntry=null
2023-03-28 15:14:16,970 [grpc-default-executor-6] WARN  server.GrpcLogAppender (LogUtils.java:warn(124)) - s2@group-4AD7D8BDF6E4->s0-AppendLogResponseHandler: Failed appendEntries
org.apache.ratis.server.raftlog.RaftLogIOException: Log already failed at index 65 for task WriteLog:65: (t:4, i:65), STATEMACHINELOGENTRY, StateMachineLogEntryProto:419@client-3F6E156514EF
	at org.apache.ratis.server.raftlog.segmented.SegmentedRaftLogWorker.run(SegmentedRaftLogWorker.java:315)
	at java.base/java.util.concurrent.Executors$RunnableAdapter.call(Executors.java:515)
	at java.base/java.util.concurrent.FutureTask.run(FutureTask.java:264)
	at java.base/java.util.concurrent.ThreadPoolExecutor.runWorker(ThreadPoolExecutor.java:1128)
	at java.base/java.util.concurrent.ThreadPoolExecutor$Worker.run(ThreadPoolExecutor.java:628)
	at java.base/java.lang.Thread.run(Thread.java:829)
Caused by: java.io.IOException: java.lang.IllegalStateException: Null stream: entry=term: 4
index: 65
stateMachineLogEntry {
  type: DATASTREAM
  clientId: "i\b\262\343l\265B,\217\001?n\025e\024\357"
  callId: 419
}

	at org.apache.ratis.util.IOUtils.asIOException(IOUtils.java:56)
	at org.apache.ratis.util.IOUtils.toIOException(IOUtils.java:61)
	at org.apache.ratis.util.IOUtils.getFromFuture(IOUtils.java:85)
	at org.apache.ratis.server.raftlog.segmented.SegmentedRaftLogWorker$StateMachineDataPolicy.getFromFuture(SegmentedRaftLogWorker.java:88)
	at org.apache.ratis.server.raftlog.segmented.SegmentedRaftLogWorker$WriteLog.execute(SegmentedRaftLogWorker.java:535)
	at org.apache.ratis.server.raftlog.segmented.SegmentedRaftLogWorker.run(SegmentedRaftLogWorker.java:303)
	... 5 more
Caused by: java.lang.IllegalStateException: Null stream: entry=term: 4
index: 65
stateMachineLogEntry {
  type: DATASTREAM
  clientId: "i\b\262\343l\265B,\217\001?n\025e\024\357"
  callId: 419
}

	at org.apache.ratis.datastream.DataStreamTestUtils$MultiDataStreamStateMachine.link(DataStreamTestUtils.java:159)
	at org.apache.ratis.server.raftlog.segmented.SegmentedRaftLogWorker$WriteLog.<init>(SegmentedRaftLogWorker.java:492)
	at org.apache.ratis.server.raftlog.segmented.SegmentedRaftLogWorker.writeLogEntry(SegmentedRaftLogWorker.java:438)
	at org.apache.ratis.server.raftlog.segmented.SegmentedRaftLog.appendEntryImpl(SegmentedRaftLog.java:409)
	at org.apache.ratis.server.raftlog.RaftLogBase.lambda$appendEntry$10(RaftLogBase.java:330)
	at org.apache.ratis.server.raftlog.RaftLogSequentialOps$Runner.runSequentially(RaftLogSequentialOps.java:78)
	at org.apache.ratis.server.raftlog.RaftLogBase.appendEntry(RaftLogBase.java:330)
	at org.apache.ratis.server.raftlog.segmented.SegmentedRaftLog.appendImpl(SegmentedRaftLog.java:457)
	at org.apache.ratis.server.raftlog.RaftLogBase.lambda$append$11(RaftLogBase.java:337)
	at org.apache.ratis.server.raftlog.RaftLogSequentialOps$Runner.runSequentially(RaftLogSequentialOps.java:69)
	at org.apache.ratis.server.raftlog.RaftLogBase.append(RaftLogBase.java:337)
	at org.apache.ratis.server.impl.RaftServerImpl.appendEntriesAsync(RaftServerImpl.java:1530)
	at org.apache.ratis.server.impl.RaftServerImpl.appendEntriesAsync(RaftServerImpl.java:1394)
	at org.apache.ratis.server.impl.RaftServerProxy.lambda$appendEntriesAsync$26(RaftServerProxy.java:639)
	at org.apache.ratis.util.JavaUtils.callAsUnchecked(JavaUtils.java:117)
	at org.apache.ratis.server.impl.RaftServerImpl.lambda$executeSubmitServerRequestAsync$11(RaftServerImpl.java:822)
	at java.base/java.util.concurrent.CompletableFuture$AsyncSupply.run(CompletableFuture.java:1700)
	... 3 more
2023-03-28 15:14:16,970 [grpc-default-executor-6] INFO  leader.FollowerInfo (FollowerInfoImpl.java:lambda$new$0(52)) - s2@group-4AD7D8BDF6E4->s0: decreaseNextIndex nextIndex: updateUnconditionally 98 -> 97
2023-03-28 15:14:16,972 [s0-server-thread4] INFO  statemachine.StateMachine (DataStreamTestUtils.java:link(157)) - link SingleDataStream: writeRequest=RaftClientRequest:client-EAAC007C7426->s0@group-4AD7D8BDF6E4, cid=438, seq=0, DataStream, Message:<EMPTY>, logEntry=null
2023-03-28 15:14:16,974 [s0-server-thread4] WARN  server.GrpcServerProtocolService (LogUtils.java:warn(124)) - s0: Failed APPEND_ENTRIES request s2->s0#97964-t4,previous=(t:4, i:96),leaderCommit=96,initializing? true,entries: size=2, first=(t:4, i:97), STATEMACHINELOGENTRY, 437@client-EAAC007C7426
java.util.concurrent.CompletionException: org.apache.ratis.server.raftlog.RaftLogIOException: Log already failed at index 65 for task WriteLog:65: (t:4, i:65), STATEMACHINELOGENTRY, StateMachineLogEntryProto:419@client-3F6E156514EF
	at java.base/java.util.concurrent.CompletableFuture.encodeThrowable(CompletableFuture.java:331)
	at java.base/java.util.concurrent.CompletableFuture.completeThrowable(CompletableFuture.java:346)
	at java.base/java.util.concurrent.CompletableFuture$BiRelay.tryFire(CompletableFuture.java:1423)
	at java.base/java.util.concurrent.CompletableFuture$CoCompletion.tryFire(CompletableFuture.java:1144)
	at java.base/java.util.concurrent.CompletableFuture.postComplete(CompletableFuture.java:506)
	at java.base/java.util.concurrent.CompletableFuture.completeExceptionally(CompletableFuture.java:2088)
	at org.apache.ratis.server.raftlog.segmented.SegmentedRaftLog$Task.failed(SegmentedRaftLog.java:105)
	at org.apache.ratis.server.raftlog.segmented.SegmentedRaftLogWorker$WriteLog.failed(SegmentedRaftLogWorker.java:514)
	at org.apache.ratis.server.raftlog.segmented.SegmentedRaftLogWorker.run(SegmentedRaftLogWorker.java:312)
	at java.base/java.util.concurrent.Executors$RunnableAdapter.call(Executors.java:515)
	at java.base/java.util.concurrent.FutureTask.run(FutureTask.java:264)
	at java.base/java.util.concurrent.ThreadPoolExecutor.runWorker(ThreadPoolExecutor.java:1128)
	at java.base/java.util.concurrent.ThreadPoolExecutor$Worker.run(ThreadPoolExecutor.java:628)
	at java.base/java.lang.Thread.run(Thread.java:829)
Caused by: org.apache.ratis.server.raftlog.RaftLogIOException: Log already failed at index 65 for task WriteLog:65: (t:4, i:65), STATEMACHINELOGENTRY, StateMachineLogEntryProto:419@client-3F6E156514EF
	at org.apache.ratis.server.raftlog.segmented.SegmentedRaftLogWorker.run(SegmentedRaftLogWorker.java:315)
	... 5 more
Caused by: java.io.IOException: java.lang.IllegalStateException: Null stream: entry=term: 4
index: 65
stateMachineLogEntry {
  type: DATASTREAM
  clientId: "i\b\262\343l\265B,\217\001?n\025e\024\357"
  callId: 419
}

	at org.apache.ratis.util.IOUtils.asIOException(IOUtils.java:56)
	at org.apache.ratis.util.IOUtils.toIOException(IOUtils.java:61)
	at org.apache.ratis.util.IOUtils.getFromFuture(IOUtils.java:85)
	at org.apache.ratis.server.raftlog.segmented.SegmentedRaftLogWorker$StateMachineDataPolicy.getFromFuture(SegmentedRaftLogWorker.java:88)
	at org.apache.ratis.server.raftlog.segmented.SegmentedRaftLogWorker$WriteLog.execute(SegmentedRaftLogWorker.java:535)
	at org.apache.ratis.server.raftlog.segmented.SegmentedRaftLogWorker.run(SegmentedRaftLogWorker.java:303)
	... 5 more
Caused by: java.lang.IllegalStateException: Null stream: entry=term: 4
index: 65
stateMachineLogEntry {
  type: DATASTREAM
  clientId: "i\b\262\343l\265B,\217\001?n\025e\024\357"
  callId: 419
}

	at org.apache.ratis.datastream.DataStreamTestUtils$MultiDataStreamStateMachine.link(DataStreamTestUtils.java:159)
	at org.apache.ratis.server.raftlog.segmented.SegmentedRaftLogWorker$WriteLog.<init>(SegmentedRaftLogWorker.java:492)
	at org.apache.ratis.server.raftlog.segmented.SegmentedRaftLogWorker.writeLogEntry(SegmentedRaftLogWorker.java:438)
	at org.apache.ratis.server.raftlog.segmented.SegmentedRaftLog.appendEntryImpl(SegmentedRaftLog.java:409)
	at org.apache.ratis.server.raftlog.RaftLogBase.lambda$appendEntry$10(RaftLogBase.java:330)
	at org.apache.ratis.server.raftlog.RaftLogSequentialOps$Runner.runSequentially(RaftLogSequentialOps.java:78)
	at org.apache.ratis.server.raftlog.RaftLogBase.appendEntry(RaftLogBase.java:330)
	at org.apache.ratis.server.raftlog.segmented.SegmentedRaftLog.appendImpl(SegmentedRaftLog.java:457)
	at org.apache.ratis.server.raftlog.RaftLogBase.lambda$append$11(RaftLogBase.java:337)
	at org.apache.ratis.server.raftlog.RaftLogSequentialOps$Runner.runSequentially(RaftLogSequentialOps.java:69)
	at org.apache.ratis.server.raftlog.RaftLogBase.append(RaftLogBase.java:337)
	at org.apache.ratis.server.impl.RaftServerImpl.appendEntriesAsync(RaftServerImpl.java:1530)
	at org.apache.ratis.server.impl.RaftServerImpl.appendEntriesAsync(RaftServerImpl.java:1394)
	at org.apache.ratis.server.impl.RaftServerProxy.lambda$appendEntriesAsync$26(RaftServerProxy.java:639)
	at org.apache.ratis.util.JavaUtils.callAsUnchecked(JavaUtils.java:117)
	at org.apache.ratis.server.impl.RaftServerImpl.lambda$executeSubmitServerRequestAsync$11(RaftServerImpl.java:822)
	at java.base/java.util.concurrent.CompletableFuture$AsyncSupply.run(CompletableFuture.java:1700)
	... 3 more
2023-03-28 15:14:16,974 [s1-server-thread3] INFO  statemachine.StateMachine (DataStreamTestUtils.java:link(157)) - link SingleDataStream: writeRequest=RaftClientRequest:client-EAAC007C7426->s0@group-4AD7D8BDF6E4, cid=438, seq=0, DataStream, Message:<EMPTY>, logEntry=null
2023-03-28 15:14:16,979 [pool-7-thread-8] INFO  datastream.DataStreamTestUtils (DataStreamTestUtils.java:writeAndCloseAndAssertReplies(311)) - start Stream440
2023-03-28 15:14:16,980 [grpc-default-executor-9] WARN  server.GrpcLogAppender (LogUtils.java:warn(124)) - s2@group-4AD7D8BDF6E4->s0-AppendLogResponseHandler: Failed appendEntries
org.apache.ratis.server.raftlog.RaftLogIOException: Log already failed at index 65 for task WriteLog:65: (t:4, i:65), STATEMACHINELOGENTRY, StateMachineLogEntryProto:419@client-3F6E156514EF
	at org.apache.ratis.server.raftlog.segmented.SegmentedRaftLogWorker.run(SegmentedRaftLogWorker.java:315)
	at java.base/java.util.concurrent.Executors$RunnableAdapter.call(Executors.java:515)
	at java.base/java.util.concurrent.FutureTask.run(FutureTask.java:264)
	at java.base/java.util.concurrent.ThreadPoolExecutor.runWorker(ThreadPoolExecutor.java:1128)
	at java.base/java.util.concurrent.ThreadPoolExecutor$Worker.run(ThreadPoolExecutor.java:628)
	at java.base/java.lang.Thread.run(Thread.java:829)
Caused by: java.io.IOException: java.lang.IllegalStateException: Null stream: entry=term: 4
index: 65
stateMachineLogEntry {
  type: DATASTREAM
  clientId: "i\b\262\343l\265B,\217\001?n\025e\024\357"
  callId: 419
}

	at org.apache.ratis.util.IOUtils.asIOException(IOUtils.java:56)
	at org.apache.ratis.util.IOUtils.toIOException(IOUtils.java:61)
	at org.apache.ratis.util.IOUtils.getFromFuture(IOUtils.java:85)
	at org.apache.ratis.server.raftlog.segmented.SegmentedRaftLogWorker$StateMachineDataPolicy.getFromFuture(SegmentedRaftLogWorker.java:88)
	at org.apache.ratis.server.raftlog.segmented.SegmentedRaftLogWorker$WriteLog.execute(SegmentedRaftLogWorker.java:535)
	at org.apache.ratis.server.raftlog.segmented.SegmentedRaftLogWorker.run(SegmentedRaftLogWorker.java:303)
	... 5 more
Caused by: java.lang.IllegalStateException: Null stream: entry=term: 4
index: 65
stateMachineLogEntry {
  type: DATASTREAM
  clientId: "i\b\262\343l\265B,\217\001?n\025e\024\357"
  callId: 419
}

	at org.apache.ratis.datastream.DataStreamTestUtils$MultiDataStreamStateMachine.link(DataStreamTestUtils.java:159)
	at org.apache.ratis.server.raftlog.segmented.SegmentedRaftLogWorker$WriteLog.<init>(SegmentedRaftLogWorker.java:492)
	at org.apache.ratis.server.raftlog.segmented.SegmentedRaftLogWorker.writeLogEntry(SegmentedRaftLogWorker.java:438)
	at org.apache.ratis.server.raftlog.segmented.SegmentedRaftLog.appendEntryImpl(SegmentedRaftLog.java:409)
	at org.apache.ratis.server.raftlog.RaftLogBase.lambda$appendEntry$10(RaftLogBase.java:330)
	at org.apache.ratis.server.raftlog.RaftLogSequentialOps$Runner.runSequentially(RaftLogSequentialOps.java:78)
	at org.apache.ratis.server.raftlog.RaftLogBase.appendEntry(RaftLogBase.java:330)
	at org.apache.ratis.server.raftlog.segmented.SegmentedRaftLog.appendImpl(SegmentedRaftLog.java:457)
	at org.apache.ratis.server.raftlog.RaftLogBase.lambda$append$11(RaftLogBase.java:337)
	at org.apache.ratis.server.raftlog.RaftLogSequentialOps$Runner.runSequentially(RaftLogSequentialOps.java:69)
	at org.apache.ratis.server.raftlog.RaftLogBase.append(RaftLogBase.java:337)
	at org.apache.ratis.server.impl.RaftServerImpl.appendEntriesAsync(RaftServerImpl.java:1530)
	at org.apache.ratis.server.impl.RaftServerImpl.appendEntriesAsync(RaftServerImpl.java:1394)
	at org.apache.ratis.server.impl.RaftServerProxy.lambda$appendEntriesAsync$26(RaftServerProxy.java:639)
	at org.apache.ratis.util.JavaUtils.callAsUnchecked(JavaUtils.java:117)
	at org.apache.ratis.server.impl.RaftServerImpl.lambda$executeSubmitServerRequestAsync$11(RaftServerImpl.java:822)
	at java.base/java.util.concurrent.CompletableFuture$AsyncSupply.run(CompletableFuture.java:1700)
	... 3 more
2023-03-28 15:14:16,980 [grpc-default-executor-9] INFO  leader.FollowerInfo (FollowerInfoImpl.java:lambda$new$0(52)) - s2@group-4AD7D8BDF6E4->s0: decreaseNextIndex nextIndex: updateUnconditionally 99 -> 97
2023-03-28 15:14:17,033 [pool-7-thread-8] INFO  datastream.DataStreamTestUtils (DataStreamTestUtils.java:writeAndCloseAndAssertReplies(320)) - Stream440: bytesWritten=719435
2023-03-28 15:14:17,044 [s2-client-thread1] INFO  statemachine.StateMachine (DataStreamTestUtils.java:link(157)) - link SingleDataStream: writeRequest=RaftClientRequest:client-EAAC007C7426->s0@group-4AD7D8BDF6E4, cid=439, seq=0, DataStream, Message:<EMPTY>, logEntry=null
2023-03-28 15:14:17,045 [pool-7-thread-10] INFO  datastream.DataStreamTestUtils (DataStreamTestUtils.java:writeAndCloseAndAssertReplies(311)) - start Stream441
2023-03-28 15:14:17,048 [s0-server-thread2] WARN  server.GrpcServerProtocolService (LogUtils.java:warn(124)) - s0: Failed APPEND_ENTRIES request s2->s0#97966-t4,previous=(t:4, i:96),leaderCommit=97,initializing? true,entries: size=3, first=(t:4, i:97), STATEMACHINELOGENTRY, 437@client-EAAC007C7426
java.util.concurrent.CompletionException: org.apache.ratis.server.raftlog.RaftLogIOException: Log already failed at index 65 for task WriteLog:65: (t:4, i:65), STATEMACHINELOGENTRY, StateMachineLogEntryProto:419@client-3F6E156514EF
	at java.base/java.util.concurrent.CompletableFuture.encodeThrowable(CompletableFuture.java:331)
	at java.base/java.util.concurrent.CompletableFuture.completeThrowable(CompletableFuture.java:346)
	at java.base/java.util.concurrent.CompletableFuture$BiRelay.tryFire(CompletableFuture.java:1423)
	at java.base/java.util.concurrent.CompletableFuture$CoCompletion.tryFire(CompletableFuture.java:1144)
	at java.base/java.util.concurrent.CompletableFuture.postComplete(CompletableFuture.java:506)
	at java.base/java.util.concurrent.CompletableFuture.completeExceptionally(CompletableFuture.java:2088)
	at org.apache.ratis.server.raftlog.segmented.SegmentedRaftLog$Task.failed(SegmentedRaftLog.java:105)
	at org.apache.ratis.server.raftlog.segmented.SegmentedRaftLogWorker$WriteLog.failed(SegmentedRaftLogWorker.java:514)
	at org.apache.ratis.server.raftlog.segmented.SegmentedRaftLogWorker.run(SegmentedRaftLogWorker.java:312)
	at java.base/java.util.concurrent.Executors$RunnableAdapter.call(Executors.java:515)
	at java.base/java.util.concurrent.FutureTask.run(FutureTask.java:264)
	at java.base/java.util.concurrent.ThreadPoolExecutor.runWorker(ThreadPoolExecutor.java:1128)
	at java.base/java.util.concurrent.ThreadPoolExecutor$Worker.run(ThreadPoolExecutor.java:628)
	at java.base/java.lang.Thread.run(Thread.java:829)
Caused by: org.apache.ratis.server.raftlog.RaftLogIOException: Log already failed at index 65 for task WriteLog:65: (t:4, i:65), STATEMACHINELOGENTRY, StateMachineLogEntryProto:419@client-3F6E156514EF
	at org.apache.ratis.server.raftlog.segmented.SegmentedRaftLogWorker.run(SegmentedRaftLogWorker.java:315)
	... 5 more
Caused by: java.io.IOException: java.lang.IllegalStateException: Null stream: entry=term: 4
index: 65
stateMachineLogEntry {
  type: DATASTREAM
  clientId: "i\b\262\343l\265B,\217\001?n\025e\024\357"
  callId: 419
}

	at org.apache.ratis.util.IOUtils.asIOException(IOUtils.java:56)
	at org.apache.ratis.util.IOUtils.toIOException(IOUtils.java:61)
	at org.apache.ratis.util.IOUtils.getFromFuture(IOUtils.java:85)
	at org.apache.ratis.server.raftlog.segmented.SegmentedRaftLogWorker$StateMachineDataPolicy.getFromFuture(SegmentedRaftLogWorker.java:88)
	at org.apache.ratis.server.raftlog.segmented.SegmentedRaftLogWorker$WriteLog.execute(SegmentedRaftLogWorker.java:535)
	at org.apache.ratis.server.raftlog.segmented.SegmentedRaftLogWorker.run(SegmentedRaftLogWorker.java:303)
	... 5 more
Caused by: java.lang.IllegalStateException: Null stream: entry=term: 4
index: 65
stateMachineLogEntry {
  type: DATASTREAM
  clientId: "i\b\262\343l\265B,\217\001?n\025e\024\357"
  callId: 419
}

	at org.apache.ratis.datastream.DataStreamTestUtils$MultiDataStreamStateMachine.link(DataStreamTestUtils.java:159)
	at org.apache.ratis.server.raftlog.segmented.SegmentedRaftLogWorker$WriteLog.<init>(SegmentedRaftLogWorker.java:492)
	at org.apache.ratis.server.raftlog.segmented.SegmentedRaftLogWorker.writeLogEntry(SegmentedRaftLogWorker.java:438)
	at org.apache.ratis.server.raftlog.segmented.SegmentedRaftLog.appendEntryImpl(SegmentedRaftLog.java:409)
	at org.apache.ratis.server.raftlog.RaftLogBase.lambda$appendEntry$10(RaftLogBase.java:330)
	at org.apache.ratis.server.raftlog.RaftLogSequentialOps$Runner.runSequentially(RaftLogSequentialOps.java:78)
	at org.apache.ratis.server.raftlog.RaftLogBase.appendEntry(RaftLogBase.java:330)
	at org.apache.ratis.server.raftlog.segmented.SegmentedRaftLog.appendImpl(SegmentedRaftLog.java:457)
	at org.apache.ratis.server.raftlog.RaftLogBase.lambda$append$11(RaftLogBase.java:337)
	at org.apache.ratis.server.raftlog.RaftLogSequentialOps$Runner.runSequentially(RaftLogSequentialOps.java:69)
	at org.apache.ratis.server.raftlog.RaftLogBase.append(RaftLogBase.java:337)
	at org.apache.ratis.server.impl.RaftServerImpl.appendEntriesAsync(RaftServerImpl.java:1530)
	at org.apache.ratis.server.impl.RaftServerImpl.appendEntriesAsync(RaftServerImpl.java:1394)
	at org.apache.ratis.server.impl.RaftServerProxy.lambda$appendEntriesAsync$26(RaftServerProxy.java:639)
	at org.apache.ratis.util.JavaUtils.callAsUnchecked(JavaUtils.java:117)
	at org.apache.ratis.server.impl.RaftServerImpl.lambda$executeSubmitServerRequestAsync$11(RaftServerImpl.java:822)
	at java.base/java.util.concurrent.CompletableFuture$AsyncSupply.run(CompletableFuture.java:1700)
	... 3 more
2023-03-28 15:14:17,074 [pool-7-thread-10] INFO  datastream.DataStreamTestUtils (DataStreamTestUtils.java:writeAndCloseAndAssertReplies(320)) - Stream441: bytesWritten=782997
2023-03-28 15:14:17,048 [s1-server-thread3] INFO  statemachine.StateMachine (DataStreamTestUtils.java:link(157)) - link SingleDataStream: writeRequest=RaftClientRequest:client-EAAC007C7426->s0@group-4AD7D8BDF6E4, cid=439, seq=0, DataStream, Message:<EMPTY>, logEntry=null
2023-03-28 15:14:17,048 [s2-client-thread1] INFO  statemachine.StateMachine (DataStreamTestUtils.java:link(157)) - link SingleDataStream: writeRequest=RaftClientRequest:client-EAAC007C7426->s0@group-4AD7D8BDF6E4, cid=440, seq=0, DataStream, Message:<EMPTY>, logEntry=null
2023-03-28 15:14:17,127 [grpc-default-executor-9] WARN  server.GrpcLogAppender (LogUtils.java:warn(124)) - s2@group-4AD7D8BDF6E4->s0-AppendLogResponseHandler: Failed appendEntries
org.apache.ratis.server.raftlog.RaftLogIOException: Log already failed at index 65 for task WriteLog:65: (t:4, i:65), STATEMACHINELOGENTRY, StateMachineLogEntryProto:419@client-3F6E156514EF
	at org.apache.ratis.server.raftlog.segmented.SegmentedRaftLogWorker.run(SegmentedRaftLogWorker.java:315)
	at java.base/java.util.concurrent.Executors$RunnableAdapter.call(Executors.java:515)
	at java.base/java.util.concurrent.FutureTask.run(FutureTask.java:264)
	at java.base/java.util.concurrent.ThreadPoolExecutor.runWorker(ThreadPoolExecutor.java:1128)
	at java.base/java.util.concurrent.ThreadPoolExecutor$Worker.run(ThreadPoolExecutor.java:628)
	at java.base/java.lang.Thread.run(Thread.java:829)
Caused by: java.io.IOException: java.lang.IllegalStateException: Null stream: entry=term: 4
index: 65
stateMachineLogEntry {
  type: DATASTREAM
  clientId: "i\b\262\343l\265B,\217\001?n\025e\024\357"
  callId: 419
}

	at org.apache.ratis.util.IOUtils.asIOException(IOUtils.java:56)
	at org.apache.ratis.util.IOUtils.toIOException(IOUtils.java:61)
	at org.apache.ratis.util.IOUtils.getFromFuture(IOUtils.java:85)
	at org.apache.ratis.server.raftlog.segmented.SegmentedRaftLogWorker$StateMachineDataPolicy.getFromFuture(SegmentedRaftLogWorker.java:88)
	at org.apache.ratis.server.raftlog.segmented.SegmentedRaftLogWorker$WriteLog.execute(SegmentedRaftLogWorker.java:535)
	at org.apache.ratis.server.raftlog.segmented.SegmentedRaftLogWorker.run(SegmentedRaftLogWorker.java:303)
	... 5 more
Caused by: java.lang.IllegalStateException: Null stream: entry=term: 4
index: 65
stateMachineLogEntry {
  type: DATASTREAM
  clientId: "i\b\262\343l\265B,\217\001?n\025e\024\357"
  callId: 419
}

	at org.apache.ratis.datastream.DataStreamTestUtils$MultiDataStreamStateMachine.link(DataStreamTestUtils.java:159)
	at org.apache.ratis.server.raftlog.segmented.SegmentedRaftLogWorker$WriteLog.<init>(SegmentedRaftLogWorker.java:492)
	at org.apache.ratis.server.raftlog.segmented.SegmentedRaftLogWorker.writeLogEntry(SegmentedRaftLogWorker.java:438)
	at org.apache.ratis.server.raftlog.segmented.SegmentedRaftLog.appendEntryImpl(SegmentedRaftLog.java:409)
	at org.apache.ratis.server.raftlog.RaftLogBase.lambda$appendEntry$10(RaftLogBase.java:330)
	at org.apache.ratis.server.raftlog.RaftLogSequentialOps$Runner.runSequentially(RaftLogSequentialOps.java:78)
	at org.apache.ratis.server.raftlog.RaftLogBase.appendEntry(RaftLogBase.java:330)
	at org.apache.ratis.server.raftlog.segmented.SegmentedRaftLog.appendImpl(SegmentedRaftLog.java:457)
	at org.apache.ratis.server.raftlog.RaftLogBase.lambda$append$11(RaftLogBase.java:337)
	at org.apache.ratis.server.raftlog.RaftLogSequentialOps$Runner.runSequentially(RaftLogSequentialOps.java:69)
	at org.apache.ratis.server.raftlog.RaftLogBase.append(RaftLogBase.java:337)
	at org.apache.ratis.server.impl.RaftServerImpl.appendEntriesAsync(RaftServerImpl.java:1530)
	at org.apache.ratis.server.impl.RaftServerImpl.appendEntriesAsync(RaftServerImpl.java:1394)
	at org.apache.ratis.server.impl.RaftServerProxy.lambda$appendEntriesAsync$26(RaftServerProxy.java:639)
	at org.apache.ratis.util.JavaUtils.callAsUnchecked(JavaUtils.java:117)
	at org.apache.ratis.server.impl.RaftServerImpl.lambda$executeSubmitServerRequestAsync$11(RaftServerImpl.java:822)
	at java.base/java.util.concurrent.CompletableFuture$AsyncSupply.run(CompletableFuture.java:1700)
	... 3 more
2023-03-28 15:14:17,127 [grpc-default-executor-9] INFO  leader.FollowerInfo (FollowerInfoImpl.java:lambda$new$0(52)) - s2@group-4AD7D8BDF6E4->s0: decreaseNextIndex nextIndex: updateUnconditionally 100 -> 97
2023-03-28 15:14:17,129 [s1-server-thread3] INFO  statemachine.StateMachine (DataStreamTestUtils.java:link(157)) - link SingleDataStream: writeRequest=RaftClientRequest:client-EAAC007C7426->s0@group-4AD7D8BDF6E4, cid=440, seq=0, DataStream, Message:<EMPTY>, logEntry=null
2023-03-28 15:14:17,131 [pool-7-thread-7] INFO  datastream.DataStreamTestUtils (DataStreamTestUtils.java:writeAndCloseAndAssertReplies(311)) - start Stream442
2023-03-28 15:14:17,137 [s0-server-thread3] INFO  statemachine.StateMachine (DataStreamTestUtils.java:link(157)) - link SingleDataStream: writeRequest=RaftClientRequest:client-EAAC007C7426->s0@group-4AD7D8BDF6E4, cid=439, seq=0, DataStream, Message:<EMPTY>, logEntry=null
2023-03-28 15:14:17,137 [s0-server-thread3] INFO  statemachine.StateMachine (DataStreamTestUtils.java:link(157)) - link SingleDataStream: writeRequest=RaftClientRequest:client-EAAC007C7426->s0@group-4AD7D8BDF6E4, cid=440, seq=0, DataStream, Message:<EMPTY>, logEntry=null
2023-03-28 15:14:17,138 [s0-server-thread3] WARN  server.GrpcServerProtocolService (LogUtils.java:warn(124)) - s0: Failed APPEND_ENTRIES request s2->s0#97969-t4,previous=(t:4, i:96),leaderCommit=101,initializing? true,entries: size=6, first=(t:4, i:97), STATEMACHINELOGENTRY, 437@client-EAAC007C7426
java.util.concurrent.CompletionException: org.apache.ratis.server.raftlog.RaftLogIOException: Log already failed at index 65 for task WriteLog:65: (t:4, i:65), STATEMACHINELOGENTRY, StateMachineLogEntryProto:419@client-3F6E156514EF
	at java.base/java.util.concurrent.CompletableFuture.encodeThrowable(CompletableFuture.java:331)
	at java.base/java.util.concurrent.CompletableFuture.completeThrowable(CompletableFuture.java:346)
	at java.base/java.util.concurrent.CompletableFuture$BiRelay.tryFire(CompletableFuture.java:1423)
	at java.base/java.util.concurrent.CompletableFuture$CoCompletion.tryFire(CompletableFuture.java:1144)
	at java.base/java.util.concurrent.CompletableFuture.postComplete(CompletableFuture.java:506)
	at java.base/java.util.concurrent.CompletableFuture.completeExceptionally(CompletableFuture.java:2088)
	at org.apache.ratis.server.raftlog.segmented.SegmentedRaftLog$Task.failed(SegmentedRaftLog.java:105)
	at org.apache.ratis.server.raftlog.segmented.SegmentedRaftLogWorker$WriteLog.failed(SegmentedRaftLogWorker.java:514)
	at org.apache.ratis.server.raftlog.segmented.SegmentedRaftLogWorker.run(SegmentedRaftLogWorker.java:312)
	at java.base/java.util.concurrent.Executors$RunnableAdapter.call(Executors.java:515)
	at java.base/java.util.concurrent.FutureTask.run(FutureTask.java:264)
	at java.base/java.util.concurrent.ThreadPoolExecutor.runWorker(ThreadPoolExecutor.java:1128)
	at java.base/java.util.concurrent.ThreadPoolExecutor$Worker.run(ThreadPoolExecutor.java:628)
	at java.base/java.lang.Thread.run(Thread.java:829)
Caused by: org.apache.ratis.server.raftlog.RaftLogIOException: Log already failed at index 65 for task WriteLog:65: (t:4, i:65), STATEMACHINELOGENTRY, StateMachineLogEntryProto:419@client-3F6E156514EF
	at org.apache.ratis.server.raftlog.segmented.SegmentedRaftLogWorker.run(SegmentedRaftLogWorker.java:315)
	... 5 more
Caused by: java.io.IOException: java.lang.IllegalStateException: Null stream: entry=term: 4
index: 65
stateMachineLogEntry {
  type: DATASTREAM
  clientId: "i\b\262\343l\265B,\217\001?n\025e\024\357"
  callId: 419
}

	at org.apache.ratis.util.IOUtils.asIOException(IOUtils.java:56)
	at org.apache.ratis.util.IOUtils.toIOException(IOUtils.java:61)
	at org.apache.ratis.util.IOUtils.getFromFuture(IOUtils.java:85)
	at org.apache.ratis.server.raftlog.segmented.SegmentedRaftLogWorker$StateMachineDataPolicy.getFromFuture(SegmentedRaftLogWorker.java:88)
	at org.apache.ratis.server.raftlog.segmented.SegmentedRaftLogWorker$WriteLog.execute(SegmentedRaftLogWorker.java:535)
	at org.apache.ratis.server.raftlog.segmented.SegmentedRaftLogWorker.run(SegmentedRaftLogWorker.java:303)
	... 5 more
Caused by: java.lang.IllegalStateException: Null stream: entry=term: 4
index: 65
stateMachineLogEntry {
  type: DATASTREAM
  clientId: "i\b\262\343l\265B,\217\001?n\025e\024\357"
  callId: 419
}

	at org.apache.ratis.datastream.DataStreamTestUtils$MultiDataStreamStateMachine.link(DataStreamTestUtils.java:159)
	at org.apache.ratis.server.raftlog.segmented.SegmentedRaftLogWorker$WriteLog.<init>(SegmentedRaftLogWorker.java:492)
	at org.apache.ratis.server.raftlog.segmented.SegmentedRaftLogWorker.writeLogEntry(SegmentedRaftLogWorker.java:438)
	at org.apache.ratis.server.raftlog.segmented.SegmentedRaftLog.appendEntryImpl(SegmentedRaftLog.java:409)
	at org.apache.ratis.server.raftlog.RaftLogBase.lambda$appendEntry$10(RaftLogBase.java:330)
	at org.apache.ratis.server.raftlog.RaftLogSequentialOps$Runner.runSequentially(RaftLogSequentialOps.java:78)
	at org.apache.ratis.server.raftlog.RaftLogBase.appendEntry(RaftLogBase.java:330)
	at org.apache.ratis.server.raftlog.segmented.SegmentedRaftLog.appendImpl(SegmentedRaftLog.java:457)
	at org.apache.ratis.server.raftlog.RaftLogBase.lambda$append$11(RaftLogBase.java:337)
	at org.apache.ratis.server.raftlog.RaftLogSequentialOps$Runner.runSequentially(RaftLogSequentialOps.java:69)
	at org.apache.ratis.server.raftlog.RaftLogBase.append(RaftLogBase.java:337)
	at org.apache.ratis.server.impl.RaftServerImpl.appendEntriesAsync(RaftServerImpl.java:1530)
	at org.apache.ratis.server.impl.RaftServerImpl.appendEntriesAsync(RaftServerImpl.java:1394)
	at org.apache.ratis.server.impl.RaftServerProxy.lambda$appendEntriesAsync$26(RaftServerProxy.java:639)
	at org.apache.ratis.util.JavaUtils.callAsUnchecked(JavaUtils.java:117)
	at org.apache.ratis.server.impl.RaftServerImpl.lambda$executeSubmitServerRequestAsync$11(RaftServerImpl.java:822)
	at java.base/java.util.concurrent.CompletableFuture$AsyncSupply.run(CompletableFuture.java:1700)
	... 3 more
2023-03-28 15:14:17,151 [pool-7-thread-8] INFO  datastream.DataStreamTestUtils (DataStreamTestUtils.java:writeAndCloseAndAssertReplies(311)) - start Stream443
2023-03-28 15:14:17,162 [pool-7-thread-7] INFO  datastream.DataStreamTestUtils (DataStreamTestUtils.java:writeAndCloseAndAssertReplies(320)) - Stream442: bytesWritten=838285
2023-03-28 15:14:17,166 [grpc-default-executor-9] WARN  server.GrpcLogAppender (LogUtils.java:warn(124)) - s2@group-4AD7D8BDF6E4->s0-AppendLogResponseHandler: Failed appendEntries
org.apache.ratis.server.raftlog.RaftLogIOException: Log already failed at index 65 for task WriteLog:65: (t:4, i:65), STATEMACHINELOGENTRY, StateMachineLogEntryProto:419@client-3F6E156514EF
	at org.apache.ratis.server.raftlog.segmented.SegmentedRaftLogWorker.run(SegmentedRaftLogWorker.java:315)
	at java.base/java.util.concurrent.Executors$RunnableAdapter.call(Executors.java:515)
	at java.base/java.util.concurrent.FutureTask.run(FutureTask.java:264)
	at java.base/java.util.concurrent.ThreadPoolExecutor.runWorker(ThreadPoolExecutor.java:1128)
	at java.base/java.util.concurrent.ThreadPoolExecutor$Worker.run(ThreadPoolExecutor.java:628)
	at java.base/java.lang.Thread.run(Thread.java:829)
Caused by: java.io.IOException: java.lang.IllegalStateException: Null stream: entry=term: 4
index: 65
stateMachineLogEntry {
  type: DATASTREAM
  clientId: "i\b\262\343l\265B,\217\001?n\025e\024\357"
  callId: 419
}

	at org.apache.ratis.util.IOUtils.asIOException(IOUtils.java:56)
	at org.apache.ratis.util.IOUtils.toIOException(IOUtils.java:61)
	at org.apache.ratis.util.IOUtils.getFromFuture(IOUtils.java:85)
	at org.apache.ratis.server.raftlog.segmented.SegmentedRaftLogWorker$StateMachineDataPolicy.getFromFuture(SegmentedRaftLogWorker.java:88)
	at org.apache.ratis.server.raftlog.segmented.SegmentedRaftLogWorker$WriteLog.execute(SegmentedRaftLogWorker.java:535)
	at org.apache.ratis.server.raftlog.segmented.SegmentedRaftLogWorker.run(SegmentedRaftLogWorker.java:303)
	... 5 more
Caused by: java.lang.IllegalStateException: Null stream: entry=term: 4
index: 65
stateMachineLogEntry {
  type: DATASTREAM
  clientId: "i\b\262\343l\265B,\217\001?n\025e\024\357"
  callId: 419
}

	at org.apache.ratis.datastream.DataStreamTestUtils$MultiDataStreamStateMachine.link(DataStreamTestUtils.java:159)
	at org.apache.ratis.server.raftlog.segmented.SegmentedRaftLogWorker$WriteLog.<init>(SegmentedRaftLogWorker.java:492)
	at org.apache.ratis.server.raftlog.segmented.SegmentedRaftLogWorker.writeLogEntry(SegmentedRaftLogWorker.java:438)
	at org.apache.ratis.server.raftlog.segmented.SegmentedRaftLog.appendEntryImpl(SegmentedRaftLog.java:409)
	at org.apache.ratis.server.raftlog.RaftLogBase.lambda$appendEntry$10(RaftLogBase.java:330)
	at org.apache.ratis.server.raftlog.RaftLogSequentialOps$Runner.runSequentially(RaftLogSequentialOps.java:78)
	at org.apache.ratis.server.raftlog.RaftLogBase.appendEntry(RaftLogBase.java:330)
	at org.apache.ratis.server.raftlog.segmented.SegmentedRaftLog.appendImpl(SegmentedRaftLog.java:457)
	at org.apache.ratis.server.raftlog.RaftLogBase.lambda$append$11(RaftLogBase.java:337)
	at org.apache.ratis.server.raftlog.RaftLogSequentialOps$Runner.runSequentially(RaftLogSequentialOps.java:69)
	at org.apache.ratis.server.raftlog.RaftLogBase.append(RaftLogBase.java:337)
	at org.apache.ratis.server.impl.RaftServerImpl.appendEntriesAsync(RaftServerImpl.java:1530)
	at org.apache.ratis.server.impl.RaftServerImpl.appendEntriesAsync(RaftServerImpl.java:1394)
	at org.apache.ratis.server.impl.RaftServerProxy.lambda$appendEntriesAsync$26(RaftServerProxy.java:639)
	at org.apache.ratis.util.JavaUtils.callAsUnchecked(JavaUtils.java:117)
	at org.apache.ratis.server.impl.RaftServerImpl.lambda$executeSubmitServerRequestAsync$11(RaftServerImpl.java:822)
	at java.base/java.util.concurrent.CompletableFuture$AsyncSupply.run(CompletableFuture.java:1700)
	... 3 more
2023-03-28 15:14:17,167 [grpc-default-executor-9] INFO  leader.FollowerInfo (FollowerInfoImpl.java:lambda$new$0(52)) - s2@group-4AD7D8BDF6E4->s0: decreaseNextIndex nextIndex: updateUnconditionally 103 -> 97
2023-03-28 15:14:17,186 [pool-7-thread-8] INFO  datastream.DataStreamTestUtils (DataStreamTestUtils.java:writeAndCloseAndAssertReplies(320)) - Stream443: bytesWritten=791150
2023-03-28 15:14:17,199 [s2-client-thread1] INFO  statemachine.StateMachine (DataStreamTestUtils.java:link(157)) - link SingleDataStream: writeRequest=RaftClientRequest:client-EAAC007C7426->s0@group-4AD7D8BDF6E4, cid=441, seq=0, DataStream, Message:<EMPTY>, logEntry=null
2023-03-28 15:14:17,200 [s2-client-thread1] INFO  statemachine.StateMachine (DataStreamTestUtils.java:link(157)) - link SingleDataStream: writeRequest=RaftClientRequest:client-EAAC007C7426->s0@group-4AD7D8BDF6E4, cid=442, seq=0, DataStream, Message:<EMPTY>, logEntry=null
2023-03-28 15:14:17,225 [s2-client-thread1] INFO  statemachine.StateMachine (DataStreamTestUtils.java:link(157)) - link SingleDataStream: writeRequest=RaftClientRequest:client-EAAC007C7426->s0@group-4AD7D8BDF6E4, cid=443, seq=0, DataStream, Message:<EMPTY>, logEntry=null
2023-03-28 15:14:17,231 [s1-server-thread3] INFO  statemachine.StateMachine (DataStreamTestUtils.java:link(157)) - link SingleDataStream: writeRequest=RaftClientRequest:client-EAAC007C7426->s0@group-4AD7D8BDF6E4, cid=441, seq=0, DataStream, Message:<EMPTY>, logEntry=null
2023-03-28 15:14:17,231 [s1-server-thread3] INFO  statemachine.StateMachine (DataStreamTestUtils.java:link(157)) - link SingleDataStream: writeRequest=RaftClientRequest:client-EAAC007C7426->s0@group-4AD7D8BDF6E4, cid=442, seq=0, DataStream, Message:<EMPTY>, logEntry=null
2023-03-28 15:14:17,236 [s0-server-thread2] WARN  server.GrpcServerProtocolService (LogUtils.java:warn(124)) - s0: Failed APPEND_ENTRIES request s2->s0#97971-t4,previous=(t:4, i:96),leaderCommit=103,initializing? true,entries: size=7, first=(t:4, i:97), STATEMACHINELOGENTRY, 437@client-EAAC007C7426
java.util.concurrent.CompletionException: org.apache.ratis.server.raftlog.RaftLogIOException: Log already failed at index 65 for task WriteLog:65: (t:4, i:65), STATEMACHINELOGENTRY, StateMachineLogEntryProto:419@client-3F6E156514EF
	at java.base/java.util.concurrent.CompletableFuture.encodeThrowable(CompletableFuture.java:331)
	at java.base/java.util.concurrent.CompletableFuture.completeThrowable(CompletableFuture.java:346)
	at java.base/java.util.concurrent.CompletableFuture$BiRelay.tryFire(CompletableFuture.java:1423)
	at java.base/java.util.concurrent.CompletableFuture$CoCompletion.tryFire(CompletableFuture.java:1144)
	at java.base/java.util.concurrent.CompletableFuture.postComplete(CompletableFuture.java:506)
	at java.base/java.util.concurrent.CompletableFuture.completeExceptionally(CompletableFuture.java:2088)
	at org.apache.ratis.server.raftlog.segmented.SegmentedRaftLog$Task.failed(SegmentedRaftLog.java:105)
	at org.apache.ratis.server.raftlog.segmented.SegmentedRaftLogWorker$WriteLog.failed(SegmentedRaftLogWorker.java:514)
	at org.apache.ratis.server.raftlog.segmented.SegmentedRaftLogWorker.run(SegmentedRaftLogWorker.java:312)
	at java.base/java.util.concurrent.Executors$RunnableAdapter.call(Executors.java:515)
	at java.base/java.util.concurrent.FutureTask.run(FutureTask.java:264)
	at java.base/java.util.concurrent.ThreadPoolExecutor.runWorker(ThreadPoolExecutor.java:1128)
	at java.base/java.util.concurrent.ThreadPoolExecutor$Worker.run(ThreadPoolExecutor.java:628)
	at java.base/java.lang.Thread.run(Thread.java:829)
Caused by: org.apache.ratis.server.raftlog.RaftLogIOException: Log already failed at index 65 for task WriteLog:65: (t:4, i:65), STATEMACHINELOGENTRY, StateMachineLogEntryProto:419@client-3F6E156514EF
	at org.apache.ratis.server.raftlog.segmented.SegmentedRaftLogWorker.run(SegmentedRaftLogWorker.java:315)
	... 5 more
Caused by: java.io.IOException: java.lang.IllegalStateException: Null stream: entry=term: 4
index: 65
stateMachineLogEntry {
  type: DATASTREAM
  clientId: "i\b\262\343l\265B,\217\001?n\025e\024\357"
  callId: 419
}

	at org.apache.ratis.util.IOUtils.asIOException(IOUtils.java:56)
	at org.apache.ratis.util.IOUtils.toIOException(IOUtils.java:61)
	at org.apache.ratis.util.IOUtils.getFromFuture(IOUtils.java:85)
	at org.apache.ratis.server.raftlog.segmented.SegmentedRaftLogWorker$StateMachineDataPolicy.getFromFuture(SegmentedRaftLogWorker.java:88)
	at org.apache.ratis.server.raftlog.segmented.SegmentedRaftLogWorker$WriteLog.execute(SegmentedRaftLogWorker.java:535)
	at org.apache.ratis.server.raftlog.segmented.SegmentedRaftLogWorker.run(SegmentedRaftLogWorker.java:303)
	... 5 more
Caused by: java.lang.IllegalStateException: Null stream: entry=term: 4
index: 65
stateMachineLogEntry {
  type: DATASTREAM
  clientId: "i\b\262\343l\265B,\217\001?n\025e\024\357"
  callId: 419
}

	at org.apache.ratis.datastream.DataStreamTestUtils$MultiDataStreamStateMachine.link(DataStreamTestUtils.java:159)
	at org.apache.ratis.server.raftlog.segmented.SegmentedRaftLogWorker$WriteLog.<init>(SegmentedRaftLogWorker.java:492)
	at org.apache.ratis.server.raftlog.segmented.SegmentedRaftLogWorker.writeLogEntry(SegmentedRaftLogWorker.java:438)
	at org.apache.ratis.server.raftlog.segmented.SegmentedRaftLog.appendEntryImpl(SegmentedRaftLog.java:409)
	at org.apache.ratis.server.raftlog.RaftLogBase.lambda$appendEntry$10(RaftLogBase.java:330)
	at org.apache.ratis.server.raftlog.RaftLogSequentialOps$Runner.runSequentially(RaftLogSequentialOps.java:78)
	at org.apache.ratis.server.raftlog.RaftLogBase.appendEntry(RaftLogBase.java:330)
	at org.apache.ratis.server.raftlog.segmented.SegmentedRaftLog.appendImpl(SegmentedRaftLog.java:457)
	at org.apache.ratis.server.raftlog.RaftLogBase.lambda$append$11(RaftLogBase.java:337)
	at org.apache.ratis.server.raftlog.RaftLogSequentialOps$Runner.runSequentially(RaftLogSequentialOps.java:69)
	at org.apache.ratis.server.raftlog.RaftLogBase.append(RaftLogBase.java:337)
	at org.apache.ratis.server.impl.RaftServerImpl.appendEntriesAsync(RaftServerImpl.java:1530)
	at org.apache.ratis.server.impl.RaftServerImpl.appendEntriesAsync(RaftServerImpl.java:1394)
	at org.apache.ratis.server.impl.RaftServerProxy.lambda$appendEntriesAsync$26(RaftServerProxy.java:639)
	at org.apache.ratis.util.JavaUtils.callAsUnchecked(JavaUtils.java:117)
	at org.apache.ratis.server.impl.RaftServerImpl.lambda$executeSubmitServerRequestAsync$11(RaftServerImpl.java:822)
	at java.base/java.util.concurrent.CompletableFuture$AsyncSupply.run(CompletableFuture.java:1700)
	... 3 more
2023-03-28 15:14:17,243 [pool-7-thread-7] INFO  datastream.DataStreamTestUtils (DataStreamTestUtils.java:writeAndCloseAndAssertReplies(311)) - start Stream445
2023-03-28 15:14:17,242 [pool-7-thread-10] INFO  datastream.DataStreamTestUtils (DataStreamTestUtils.java:writeAndCloseAndAssertReplies(311)) - start Stream444
2023-03-28 15:14:17,238 [s0-server-thread3] INFO  statemachine.StateMachine (DataStreamTestUtils.java:link(157)) - link SingleDataStream: writeRequest=RaftClientRequest:client-EAAC007C7426->s0@group-4AD7D8BDF6E4, cid=441, seq=0, DataStream, Message:<EMPTY>, logEntry=null
2023-03-28 15:14:17,271 [s0-server-thread3] INFO  statemachine.StateMachine (DataStreamTestUtils.java:link(157)) - link SingleDataStream: writeRequest=RaftClientRequest:client-EAAC007C7426->s0@group-4AD7D8BDF6E4, cid=442, seq=0, DataStream, Message:<EMPTY>, logEntry=null
2023-03-28 15:14:17,237 [s1-server-thread4] INFO  statemachine.StateMachine (DataStreamTestUtils.java:link(157)) - link SingleDataStream: writeRequest=RaftClientRequest:client-EAAC007C7426->s0@group-4AD7D8BDF6E4, cid=443, seq=0, DataStream, Message:<EMPTY>, logEntry=null
2023-03-28 15:14:17,286 [grpc-default-executor-9] WARN  server.GrpcLogAppender (LogUtils.java:warn(124)) - s2@group-4AD7D8BDF6E4->s0-AppendLogResponseHandler: Failed appendEntries
org.apache.ratis.server.raftlog.RaftLogIOException: Log already failed at index 65 for task WriteLog:65: (t:4, i:65), STATEMACHINELOGENTRY, StateMachineLogEntryProto:419@client-3F6E156514EF
	at org.apache.ratis.server.raftlog.segmented.SegmentedRaftLogWorker.run(SegmentedRaftLogWorker.java:315)
	at java.base/java.util.concurrent.Executors$RunnableAdapter.call(Executors.java:515)
	at java.base/java.util.concurrent.FutureTask.run(FutureTask.java:264)
	at java.base/java.util.concurrent.ThreadPoolExecutor.runWorker(ThreadPoolExecutor.java:1128)
	at java.base/java.util.concurrent.ThreadPoolExecutor$Worker.run(ThreadPoolExecutor.java:628)
	at java.base/java.lang.Thread.run(Thread.java:829)
Caused by: java.io.IOException: java.lang.IllegalStateException: Null stream: entry=term: 4
index: 65
stateMachineLogEntry {
  type: DATASTREAM
  clientId: "i\b\262\343l\265B,\217\001?n\025e\024\357"
  callId: 419
}

	at org.apache.ratis.util.IOUtils.asIOException(IOUtils.java:56)
	at org.apache.ratis.util.IOUtils.toIOException(IOUtils.java:61)
	at org.apache.ratis.util.IOUtils.getFromFuture(IOUtils.java:85)
	at org.apache.ratis.server.raftlog.segmented.SegmentedRaftLogWorker$StateMachineDataPolicy.getFromFuture(SegmentedRaftLogWorker.java:88)
	at org.apache.ratis.server.raftlog.segmented.SegmentedRaftLogWorker$WriteLog.execute(SegmentedRaftLogWorker.java:535)
	at org.apache.ratis.server.raftlog.segmented.SegmentedRaftLogWorker.run(SegmentedRaftLogWorker.java:303)
	... 5 more
Caused by: java.lang.IllegalStateException: Null stream: entry=term: 4
index: 65
stateMachineLogEntry {
  type: DATASTREAM
  clientId: "i\b\262\343l\265B,\217\001?n\025e\024\357"
  callId: 419
}

	at org.apache.ratis.datastream.DataStreamTestUtils$MultiDataStreamStateMachine.link(DataStreamTestUtils.java:159)
	at org.apache.ratis.server.raftlog.segmented.SegmentedRaftLogWorker$WriteLog.<init>(SegmentedRaftLogWorker.java:492)
	at org.apache.ratis.server.raftlog.segmented.SegmentedRaftLogWorker.writeLogEntry(SegmentedRaftLogWorker.java:438)
	at org.apache.ratis.server.raftlog.segmented.SegmentedRaftLog.appendEntryImpl(SegmentedRaftLog.java:409)
	at org.apache.ratis.server.raftlog.RaftLogBase.lambda$appendEntry$10(RaftLogBase.java:330)
	at org.apache.ratis.server.raftlog.RaftLogSequentialOps$Runner.runSequentially(RaftLogSequentialOps.java:78)
	at org.apache.ratis.server.raftlog.RaftLogBase.appendEntry(RaftLogBase.java:330)
	at org.apache.ratis.server.raftlog.segmented.SegmentedRaftLog.appendImpl(SegmentedRaftLog.java:457)
	at org.apache.ratis.server.raftlog.RaftLogBase.lambda$append$11(RaftLogBase.java:337)
	at org.apache.ratis.server.raftlog.RaftLogSequentialOps$Runner.runSequentially(RaftLogSequentialOps.java:69)
	at org.apache.ratis.server.raftlog.RaftLogBase.append(RaftLogBase.java:337)
	at org.apache.ratis.server.impl.RaftServerImpl.appendEntriesAsync(RaftServerImpl.java:1530)
	at org.apache.ratis.server.impl.RaftServerImpl.appendEntriesAsync(RaftServerImpl.java:1394)
	at org.apache.ratis.server.impl.RaftServerProxy.lambda$appendEntriesAsync$26(RaftServerProxy.java:639)
	at org.apache.ratis.util.JavaUtils.callAsUnchecked(JavaUtils.java:117)
	at org.apache.ratis.server.impl.RaftServerImpl.lambda$executeSubmitServerRequestAsync$11(RaftServerImpl.java:822)
	at java.base/java.util.concurrent.CompletableFuture$AsyncSupply.run(CompletableFuture.java:1700)
	... 3 more
2023-03-28 15:14:17,287 [pool-7-thread-8] INFO  datastream.DataStreamTestUtils (DataStreamTestUtils.java:writeAndCloseAndAssertReplies(311)) - start Stream446
2023-03-28 15:14:17,287 [grpc-default-executor-9] INFO  leader.FollowerInfo (FollowerInfoImpl.java:lambda$new$0(52)) - s2@group-4AD7D8BDF6E4->s0: decreaseNextIndex nextIndex: updateUnconditionally 108 -> 97
2023-03-28 15:14:17,289 [s0-server-thread2] WARN  server.GrpcServerProtocolService (LogUtils.java:warn(124)) - s0: Failed APPEND_ENTRIES request s2->s0#101140-t4,previous=(t:4, i:103),leaderCommit=103,initializing? true,entries: size=2, first=(t:4, i:104), STATEMACHINELOGENTRY, 441@client-EAAC007C7426
java.util.concurrent.CompletionException: org.apache.ratis.server.raftlog.RaftLogIOException: Log already failed at index 65 for task WriteLog:65: (t:4, i:65), STATEMACHINELOGENTRY, StateMachineLogEntryProto:419@client-3F6E156514EF
	at java.base/java.util.concurrent.CompletableFuture.encodeThrowable(CompletableFuture.java:331)
	at java.base/java.util.concurrent.CompletableFuture.andTree(CompletableFuture.java:1452)
	at java.base/java.util.concurrent.CompletableFuture.allOf(CompletableFuture.java:2337)
	at org.apache.ratis.util.JavaUtils.allOf(JavaUtils.java:278)
	at org.apache.ratis.server.impl.RaftServerImpl.appendEntriesAsync(RaftServerImpl.java:1541)
	at org.apache.ratis.server.impl.RaftServerImpl.appendEntriesAsync(RaftServerImpl.java:1394)
	at org.apache.ratis.server.impl.RaftServerProxy.lambda$appendEntriesAsync$26(RaftServerProxy.java:639)
	at org.apache.ratis.util.JavaUtils.callAsUnchecked(JavaUtils.java:117)
	at org.apache.ratis.server.impl.RaftServerImpl.lambda$executeSubmitServerRequestAsync$11(RaftServerImpl.java:822)
	at java.base/java.util.concurrent.CompletableFuture$AsyncSupply.run(CompletableFuture.java:1700)
	at java.base/java.util.concurrent.ThreadPoolExecutor.runWorker(ThreadPoolExecutor.java:1128)
	at java.base/java.util.concurrent.ThreadPoolExecutor$Worker.run(ThreadPoolExecutor.java:628)
	at java.base/java.lang.Thread.run(Thread.java:829)
Caused by: org.apache.ratis.server.raftlog.RaftLogIOException: Log already failed at index 65 for task WriteLog:65: (t:4, i:65), STATEMACHINELOGENTRY, StateMachineLogEntryProto:419@client-3F6E156514EF
	at org.apache.ratis.server.raftlog.segmented.SegmentedRaftLogWorker.run(SegmentedRaftLogWorker.java:315)
	at java.base/java.util.concurrent.Executors$RunnableAdapter.call(Executors.java:515)
	at java.base/java.util.concurrent.FutureTask.run(FutureTask.java:264)
	... 3 more
Caused by: java.io.IOException: java.lang.IllegalStateException: Null stream: entry=term: 4
index: 65
stateMachineLogEntry {
  type: DATASTREAM
  clientId: "i\b\262\343l\265B,\217\001?n\025e\024\357"
  callId: 419
}

	at org.apache.ratis.util.IOUtils.asIOException(IOUtils.java:56)
	at org.apache.ratis.util.IOUtils.toIOException(IOUtils.java:61)
	at org.apache.ratis.util.IOUtils.getFromFuture(IOUtils.java:85)
	at org.apache.ratis.server.raftlog.segmented.SegmentedRaftLogWorker$StateMachineDataPolicy.getFromFuture(SegmentedRaftLogWorker.java:88)
	at org.apache.ratis.server.raftlog.segmented.SegmentedRaftLogWorker$WriteLog.execute(SegmentedRaftLogWorker.java:535)
	at org.apache.ratis.server.raftlog.segmented.SegmentedRaftLogWorker.run(SegmentedRaftLogWorker.java:303)
	... 5 more
Caused by: java.lang.IllegalStateException: Null stream: entry=term: 4
index: 65
stateMachineLogEntry {
  type: DATASTREAM
  clientId: "i\b\262\343l\265B,\217\001?n\025e\024\357"
  callId: 419
}

	at org.apache.ratis.datastream.DataStreamTestUtils$MultiDataStreamStateMachine.link(DataStreamTestUtils.java:159)
	at org.apache.ratis.server.raftlog.segmented.SegmentedRaftLogWorker$WriteLog.<init>(SegmentedRaftLogWorker.java:492)
	at org.apache.ratis.server.raftlog.segmented.SegmentedRaftLogWorker.writeLogEntry(SegmentedRaftLogWorker.java:438)
	at org.apache.ratis.server.raftlog.segmented.SegmentedRaftLog.appendEntryImpl(SegmentedRaftLog.java:409)
	at org.apache.ratis.server.raftlog.RaftLogBase.lambda$appendEntry$10(RaftLogBase.java:330)
	at org.apache.ratis.server.raftlog.RaftLogSequentialOps$Runner.runSequentially(RaftLogSequentialOps.java:78)
	at org.apache.ratis.server.raftlog.RaftLogBase.appendEntry(RaftLogBase.java:330)
	at org.apache.ratis.server.raftlog.segmented.SegmentedRaftLog.appendImpl(SegmentedRaftLog.java:457)
	at org.apache.ratis.server.raftlog.RaftLogBase.lambda$append$11(RaftLogBase.java:337)
	at org.apache.ratis.server.raftlog.RaftLogSequentialOps$Runner.runSequentially(RaftLogSequentialOps.java:69)
	at org.apache.ratis.server.raftlog.RaftLogBase.append(RaftLogBase.java:337)
	at org.apache.ratis.server.impl.RaftServerImpl.appendEntriesAsync(RaftServerImpl.java:1530)
	at org.apache.ratis.server.impl.RaftServerImpl.appendEntriesAsync(RaftServerImpl.java:1394)
	at org.apache.ratis.server.impl.RaftServerProxy.lambda$appendEntriesAsync$26(RaftServerProxy.java:639)
	at org.apache.ratis.util.JavaUtils.callAsUnchecked(JavaUtils.java:117)
	at org.apache.ratis.server.impl.RaftServerImpl.lambda$executeSubmitServerRequestAsync$11(RaftServerImpl.java:822)
	at java.base/java.util.concurrent.CompletableFuture$AsyncSupply.run(CompletableFuture.java:1700)
	... 3 more
2023-03-28 15:14:17,340 [pool-7-thread-8] INFO  datastream.DataStreamTestUtils (DataStreamTestUtils.java:writeAndCloseAndAssertReplies(320)) - Stream446: bytesWritten=835168
2023-03-28 15:14:17,335 [pool-7-thread-10] INFO  datastream.DataStreamTestUtils (DataStreamTestUtils.java:writeAndCloseAndAssertReplies(320)) - Stream444: bytesWritten=733108
2023-03-28 15:14:17,335 [pool-7-thread-7] INFO  datastream.DataStreamTestUtils (DataStreamTestUtils.java:writeAndCloseAndAssertReplies(320)) - Stream445: bytesWritten=750602
2023-03-28 15:14:17,452 [s2-client-thread1] INFO  statemachine.StateMachine (DataStreamTestUtils.java:link(157)) - link SingleDataStream: writeRequest=RaftClientRequest:client-EAAC007C7426->s0@group-4AD7D8BDF6E4, cid=446, seq=0, DataStream, Message:<EMPTY>, logEntry=null
2023-03-28 15:14:17,453 [s2-client-thread1] INFO  statemachine.StateMachine (DataStreamTestUtils.java:link(157)) - link SingleDataStream: writeRequest=RaftClientRequest:client-EAAC007C7426->s0@group-4AD7D8BDF6E4, cid=444, seq=0, DataStream, Message:<EMPTY>, logEntry=null
2023-03-28 15:14:17,454 [s2-client-thread1] INFO  statemachine.StateMachine (DataStreamTestUtils.java:link(157)) - link SingleDataStream: writeRequest=RaftClientRequest:client-EAAC007C7426->s0@group-4AD7D8BDF6E4, cid=445, seq=0, DataStream, Message:<EMPTY>, logEntry=null
2023-03-28 15:14:17,462 [s0-server-thread1] INFO  statemachine.StateMachine (DataStreamTestUtils.java:link(157)) - link SingleDataStream: writeRequest=RaftClientRequest:client-EAAC007C7426->s0@group-4AD7D8BDF6E4, cid=443, seq=0, DataStream, Message:<EMPTY>, logEntry=null
2023-03-28 15:14:17,462 [s0-server-thread1] INFO  statemachine.StateMachine (DataStreamTestUtils.java:link(157)) - link SingleDataStream: writeRequest=RaftClientRequest:client-EAAC007C7426->s0@group-4AD7D8BDF6E4, cid=446, seq=0, DataStream, Message:<EMPTY>, logEntry=null
2023-03-28 15:14:17,462 [grpc-default-executor-9] WARN  server.GrpcServerProtocolService (LogUtils.java:warn(124)) - s0: Failed APPEND_ENTRIES request s2->s0#102573-t4,previous=(t:4, i:96),leaderCommit=107,initializing? true,entries: size=13, first=(t:4, i:97), STATEMACHINELOGENTRY, 437@client-EAAC007C7426
java.util.concurrent.CompletionException: org.apache.ratis.server.raftlog.RaftLogIOException: Log already failed at index 65 for task WriteLog:65: (t:4, i:65), STATEMACHINELOGENTRY, StateMachineLogEntryProto:419@client-3F6E156514EF
	at java.base/java.util.concurrent.CompletableFuture.encodeThrowable(CompletableFuture.java:331)
	at java.base/java.util.concurrent.CompletableFuture.andTree(CompletableFuture.java:1452)
	at java.base/java.util.concurrent.CompletableFuture.andTree(CompletableFuture.java:1442)
	at java.base/java.util.concurrent.CompletableFuture.allOf(CompletableFuture.java:2337)
	at org.apache.ratis.util.JavaUtils.allOf(JavaUtils.java:278)
	at org.apache.ratis.server.impl.RaftServerImpl.appendEntriesAsync(RaftServerImpl.java:1541)
	at org.apache.ratis.server.impl.RaftServerImpl.appendEntriesAsync(RaftServerImpl.java:1394)
	at org.apache.ratis.server.impl.RaftServerProxy.lambda$appendEntriesAsync$26(RaftServerProxy.java:639)
	at org.apache.ratis.util.JavaUtils.callAsUnchecked(JavaUtils.java:117)
	at org.apache.ratis.server.impl.RaftServerImpl.lambda$executeSubmitServerRequestAsync$11(RaftServerImpl.java:822)
	at java.base/java.util.concurrent.CompletableFuture$AsyncSupply.run(CompletableFuture.java:1700)
	at java.base/java.util.concurrent.ThreadPoolExecutor.runWorker(ThreadPoolExecutor.java:1128)
	at java.base/java.util.concurrent.ThreadPoolExecutor$Worker.run(ThreadPoolExecutor.java:628)
	at java.base/java.lang.Thread.run(Thread.java:829)
Caused by: org.apache.ratis.server.raftlog.RaftLogIOException: Log already failed at index 65 for task WriteLog:65: (t:4, i:65), STATEMACHINELOGENTRY, StateMachineLogEntryProto:419@client-3F6E156514EF
	at org.apache.ratis.server.raftlog.segmented.SegmentedRaftLogWorker.run(SegmentedRaftLogWorker.java:315)
	at java.base/java.util.concurrent.Executors$RunnableAdapter.call(Executors.java:515)
	at java.base/java.util.concurrent.FutureTask.run(FutureTask.java:264)
	... 3 more
Caused by: java.io.IOException: java.lang.IllegalStateException: Null stream: entry=term: 4
index: 65
stateMachineLogEntry {
  type: DATASTREAM
  clientId: "i\b\262\343l\265B,\217\001?n\025e\024\357"
  callId: 419
}

	at org.apache.ratis.util.IOUtils.asIOException(IOUtils.java:56)
	at org.apache.ratis.util.IOUtils.toIOException(IOUtils.java:61)
	at org.apache.ratis.util.IOUtils.getFromFuture(IOUtils.java:85)
	at org.apache.ratis.server.raftlog.segmented.SegmentedRaftLogWorker$StateMachineDataPolicy.getFromFuture(SegmentedRaftLogWorker.java:88)
	at org.apache.ratis.server.raftlog.segmented.SegmentedRaftLogWorker$WriteLog.execute(SegmentedRaftLogWorker.java:535)
	at org.apache.ratis.server.raftlog.segmented.SegmentedRaftLogWorker.run(SegmentedRaftLogWorker.java:303)
	... 5 more
Caused by: java.lang.IllegalStateException: Null stream: entry=term: 4
index: 65
stateMachineLogEntry {
  type: DATASTREAM
  clientId: "i\b\262\343l\265B,\217\001?n\025e\024\357"
  callId: 419
}

	at org.apache.ratis.datastream.DataStreamTestUtils$MultiDataStreamStateMachine.link(DataStreamTestUtils.java:159)
	at org.apache.ratis.server.raftlog.segmented.SegmentedRaftLogWorker$WriteLog.<init>(SegmentedRaftLogWorker.java:492)
	at org.apache.ratis.server.raftlog.segmented.SegmentedRaftLogWorker.writeLogEntry(SegmentedRaftLogWorker.java:438)
	at org.apache.ratis.server.raftlog.segmented.SegmentedRaftLog.appendEntryImpl(SegmentedRaftLog.java:409)
	at org.apache.ratis.server.raftlog.RaftLogBase.lambda$appendEntry$10(RaftLogBase.java:330)
	at org.apache.ratis.server.raftlog.RaftLogSequentialOps$Runner.runSequentially(RaftLogSequentialOps.java:78)
	at org.apache.ratis.server.raftlog.RaftLogBase.appendEntry(RaftLogBase.java:330)
	at org.apache.ratis.server.raftlog.segmented.SegmentedRaftLog.appendImpl(SegmentedRaftLog.java:457)
	at org.apache.ratis.server.raftlog.RaftLogBase.lambda$append$11(RaftLogBase.java:337)
	at org.apache.ratis.server.raftlog.RaftLogSequentialOps$Runner.runSequentially(RaftLogSequentialOps.java:69)
	at org.apache.ratis.server.raftlog.RaftLogBase.append(RaftLogBase.java:337)
	at org.apache.ratis.server.impl.RaftServerImpl.appendEntriesAsync(RaftServerImpl.java:1530)
	at org.apache.ratis.server.impl.RaftServerImpl.appendEntriesAsync(RaftServerImpl.java:1394)
	at org.apache.ratis.server.impl.RaftServerProxy.lambda$appendEntriesAsync$26(RaftServerProxy.java:639)
	at org.apache.ratis.util.JavaUtils.callAsUnchecked(JavaUtils.java:117)
	at org.apache.ratis.server.impl.RaftServerImpl.lambda$executeSubmitServerRequestAsync$11(RaftServerImpl.java:822)
	at java.base/java.util.concurrent.CompletableFuture$AsyncSupply.run(CompletableFuture.java:1700)
	... 3 more
2023-03-28 15:14:17,466 [s1-server-thread3] INFO  statemachine.StateMachine (DataStreamTestUtils.java:link(157)) - link SingleDataStream: writeRequest=RaftClientRequest:client-EAAC007C7426->s0@group-4AD7D8BDF6E4, cid=446, seq=0, DataStream, Message:<EMPTY>, logEntry=null
2023-03-28 15:14:17,484 [s1-server-thread3] INFO  statemachine.StateMachine (DataStreamTestUtils.java:link(157)) - link SingleDataStream: writeRequest=RaftClientRequest:client-EAAC007C7426->s0@group-4AD7D8BDF6E4, cid=444, seq=0, DataStream, Message:<EMPTY>, logEntry=null
2023-03-28 15:14:17,484 [s1-server-thread3] INFO  statemachine.StateMachine (DataStreamTestUtils.java:link(157)) - link SingleDataStream: writeRequest=RaftClientRequest:client-EAAC007C7426->s0@group-4AD7D8BDF6E4, cid=445, seq=0, DataStream, Message:<EMPTY>, logEntry=null
2023-03-28 15:14:17,487 [grpc-default-executor-1] WARN  server.GrpcLogAppender (LogUtils.java:warn(124)) - s2@group-4AD7D8BDF6E4->s0-AppendLogResponseHandler: Failed appendEntries
org.apache.ratis.server.raftlog.RaftLogIOException: Log already failed at index 65 for task WriteLog:65: (t:4, i:65), STATEMACHINELOGENTRY, StateMachineLogEntryProto:419@client-3F6E156514EF
	at org.apache.ratis.server.raftlog.segmented.SegmentedRaftLogWorker.run(SegmentedRaftLogWorker.java:315)
	at java.base/java.util.concurrent.Executors$RunnableAdapter.call(Executors.java:515)
	at java.base/java.util.concurrent.FutureTask.run(FutureTask.java:264)
	at java.base/java.util.concurrent.ThreadPoolExecutor.runWorker(ThreadPoolExecutor.java:1128)
	at java.base/java.util.concurrent.ThreadPoolExecutor$Worker.run(ThreadPoolExecutor.java:628)
	at java.base/java.lang.Thread.run(Thread.java:829)
Caused by: java.io.IOException: java.lang.IllegalStateException: Null stream: entry=term: 4
index: 65
stateMachineLogEntry {
  type: DATASTREAM
  clientId: "i\b\262\343l\265B,\217\001?n\025e\024\357"
  callId: 419
}

	at org.apache.ratis.util.IOUtils.asIOException(IOUtils.java:56)
	at org.apache.ratis.util.IOUtils.toIOException(IOUtils.java:61)
	at org.apache.ratis.util.IOUtils.getFromFuture(IOUtils.java:85)
	at org.apache.ratis.server.raftlog.segmented.SegmentedRaftLogWorker$StateMachineDataPolicy.getFromFuture(SegmentedRaftLogWorker.java:88)
	at org.apache.ratis.server.raftlog.segmented.SegmentedRaftLogWorker$WriteLog.execute(SegmentedRaftLogWorker.java:535)
	at org.apache.ratis.server.raftlog.segmented.SegmentedRaftLogWorker.run(SegmentedRaftLogWorker.java:303)
	... 5 more
Caused by: java.lang.IllegalStateException: Null stream: entry=term: 4
index: 65
stateMachineLogEntry {
  type: DATASTREAM
  clientId: "i\b\262\343l\265B,\217\001?n\025e\024\357"
  callId: 419
}

	at org.apache.ratis.datastream.DataStreamTestUtils$MultiDataStreamStateMachine.link(DataStreamTestUtils.java:159)
	at org.apache.ratis.server.raftlog.segmented.SegmentedRaftLogWorker$WriteLog.<init>(SegmentedRaftLogWorker.java:492)
	at org.apache.ratis.server.raftlog.segmented.SegmentedRaftLogWorker.writeLogEntry(SegmentedRaftLogWorker.java:438)
	at org.apache.ratis.server.raftlog.segmented.SegmentedRaftLog.appendEntryImpl(SegmentedRaftLog.java:409)
	at org.apache.ratis.server.raftlog.RaftLogBase.lambda$appendEntry$10(RaftLogBase.java:330)
	at org.apache.ratis.server.raftlog.RaftLogSequentialOps$Runner.runSequentially(RaftLogSequentialOps.java:78)
	at org.apache.ratis.server.raftlog.RaftLogBase.appendEntry(RaftLogBase.java:330)
	at org.apache.ratis.server.raftlog.segmented.SegmentedRaftLog.appendImpl(SegmentedRaftLog.java:457)
	at org.apache.ratis.server.raftlog.RaftLogBase.lambda$append$11(RaftLogBase.java:337)
	at org.apache.ratis.server.raftlog.RaftLogSequentialOps$Runner.runSequentially(RaftLogSequentialOps.java:69)
	at org.apache.ratis.server.raftlog.RaftLogBase.append(RaftLogBase.java:337)
	at org.apache.ratis.server.impl.RaftServerImpl.appendEntriesAsync(RaftServerImpl.java:1530)
	at org.apache.ratis.server.impl.RaftServerImpl.appendEntriesAsync(RaftServerImpl.java:1394)
	at org.apache.ratis.server.impl.RaftServerProxy.lambda$appendEntriesAsync$26(RaftServerProxy.java:639)
	at org.apache.ratis.util.JavaUtils.callAsUnchecked(JavaUtils.java:117)
	at org.apache.ratis.server.impl.RaftServerImpl.lambda$executeSubmitServerRequestAsync$11(RaftServerImpl.java:822)
	at java.base/java.util.concurrent.CompletableFuture$AsyncSupply.run(CompletableFuture.java:1700)
	... 3 more
2023-03-28 15:14:17,487 [grpc-default-executor-1] INFO  leader.FollowerInfo (FollowerInfoImpl.java:lambda$new$0(52)) - s2@group-4AD7D8BDF6E4->s0: decreaseNextIndex nextIndex: updateUnconditionally 112 -> 97
2023-03-28 15:14:17,491 [pool-7-thread-8] INFO  datastream.DataStreamTestUtils (DataStreamTestUtils.java:writeAndCloseAndAssertReplies(311)) - start Stream447
2023-03-28 15:14:17,494 [s0-server-thread2] INFO  statemachine.StateMachine (DataStreamTestUtils.java:link(157)) - link SingleDataStream: writeRequest=RaftClientRequest:client-EAAC007C7426->s0@group-4AD7D8BDF6E4, cid=444, seq=0, DataStream, Message:<EMPTY>, logEntry=null
2023-03-28 15:14:17,495 [s0-server-thread2] INFO  statemachine.StateMachine (DataStreamTestUtils.java:link(157)) - link SingleDataStream: writeRequest=RaftClientRequest:client-EAAC007C7426->s0@group-4AD7D8BDF6E4, cid=445, seq=0, DataStream, Message:<EMPTY>, logEntry=null
2023-03-28 15:14:17,495 [pool-7-thread-10] INFO  datastream.DataStreamTestUtils (DataStreamTestUtils.java:writeAndCloseAndAssertReplies(311)) - start Stream448
2023-03-28 15:14:17,498 [s0-server-thread2] WARN  server.GrpcServerProtocolService (LogUtils.java:warn(124)) - s0: Failed APPEND_ENTRIES request s2->s0#102713-t4,previous=(t:4, i:96),leaderCommit=107,initializing? true,entries: size=15, first=(t:4, i:97), STATEMACHINELOGENTRY, 437@client-EAAC007C7426
java.util.concurrent.CompletionException: org.apache.ratis.server.raftlog.RaftLogIOException: Log already failed at index 65 for task WriteLog:65: (t:4, i:65), STATEMACHINELOGENTRY, StateMachineLogEntryProto:419@client-3F6E156514EF
	at java.base/java.util.concurrent.CompletableFuture.encodeThrowable(CompletableFuture.java:331)
	at java.base/java.util.concurrent.CompletableFuture.completeThrowable(CompletableFuture.java:346)
	at java.base/java.util.concurrent.CompletableFuture$BiRelay.tryFire(CompletableFuture.java:1423)
	at java.base/java.util.concurrent.CompletableFuture$CoCompletion.tryFire(CompletableFuture.java:1144)
	at java.base/java.util.concurrent.CompletableFuture.postComplete(CompletableFuture.java:506)
	at java.base/java.util.concurrent.CompletableFuture.completeExceptionally(CompletableFuture.java:2088)
	at org.apache.ratis.server.raftlog.segmented.SegmentedRaftLog$Task.failed(SegmentedRaftLog.java:105)
	at org.apache.ratis.server.raftlog.segmented.SegmentedRaftLogWorker$WriteLog.failed(SegmentedRaftLogWorker.java:514)
	at org.apache.ratis.server.raftlog.segmented.SegmentedRaftLogWorker.run(SegmentedRaftLogWorker.java:312)
	at java.base/java.util.concurrent.Executors$RunnableAdapter.call(Executors.java:515)
	at java.base/java.util.concurrent.FutureTask.run(FutureTask.java:264)
	at java.base/java.util.concurrent.ThreadPoolExecutor.runWorker(ThreadPoolExecutor.java:1128)
	at java.base/java.util.concurrent.ThreadPoolExecutor$Worker.run(ThreadPoolExecutor.java:628)
	at java.base/java.lang.Thread.run(Thread.java:829)
Caused by: org.apache.ratis.server.raftlog.RaftLogIOException: Log already failed at index 65 for task WriteLog:65: (t:4, i:65), STATEMACHINELOGENTRY, StateMachineLogEntryProto:419@client-3F6E156514EF
	at org.apache.ratis.server.raftlog.segmented.SegmentedRaftLogWorker.run(SegmentedRaftLogWorker.java:315)
	... 5 more
Caused by: java.io.IOException: java.lang.IllegalStateException: Null stream: entry=term: 4
index: 65
stateMachineLogEntry {
  type: DATASTREAM
  clientId: "i\b\262\343l\265B,\217\001?n\025e\024\357"
  callId: 419
}

	at org.apache.ratis.util.IOUtils.asIOException(IOUtils.java:56)
	at org.apache.ratis.util.IOUtils.toIOException(IOUtils.java:61)
	at org.apache.ratis.util.IOUtils.getFromFuture(IOUtils.java:85)
	at org.apache.ratis.server.raftlog.segmented.SegmentedRaftLogWorker$StateMachineDataPolicy.getFromFuture(SegmentedRaftLogWorker.java:88)
	at org.apache.ratis.server.raftlog.segmented.SegmentedRaftLogWorker$WriteLog.execute(SegmentedRaftLogWorker.java:535)
	at org.apache.ratis.server.raftlog.segmented.SegmentedRaftLogWorker.run(SegmentedRaftLogWorker.java:303)
	... 5 more
Caused by: java.lang.IllegalStateException: Null stream: entry=term: 4
index: 65
stateMachineLogEntry {
  type: DATASTREAM
  clientId: "i\b\262\343l\265B,\217\001?n\025e\024\357"
  callId: 419
}

	at org.apache.ratis.datastream.DataStreamTestUtils$MultiDataStreamStateMachine.link(DataStreamTestUtils.java:159)
	at org.apache.ratis.server.raftlog.segmented.SegmentedRaftLogWorker$WriteLog.<init>(SegmentedRaftLogWorker.java:492)
	at org.apache.ratis.server.raftlog.segmented.SegmentedRaftLogWorker.writeLogEntry(SegmentedRaftLogWorker.java:438)
	at org.apache.ratis.server.raftlog.segmented.SegmentedRaftLog.appendEntryImpl(SegmentedRaftLog.java:409)
	at org.apache.ratis.server.raftlog.RaftLogBase.lambda$appendEntry$10(RaftLogBase.java:330)
	at org.apache.ratis.server.raftlog.RaftLogSequentialOps$Runner.runSequentially(RaftLogSequentialOps.java:78)
	at org.apache.ratis.server.raftlog.RaftLogBase.appendEntry(RaftLogBase.java:330)
	at org.apache.ratis.server.raftlog.segmented.SegmentedRaftLog.appendImpl(SegmentedRaftLog.java:457)
	at org.apache.ratis.server.raftlog.RaftLogBase.lambda$append$11(RaftLogBase.java:337)
	at org.apache.ratis.server.raftlog.RaftLogSequentialOps$Runner.runSequentially(RaftLogSequentialOps.java:69)
	at org.apache.ratis.server.raftlog.RaftLogBase.append(RaftLogBase.java:337)
	at org.apache.ratis.server.impl.RaftServerImpl.appendEntriesAsync(RaftServerImpl.java:1530)
	at org.apache.ratis.server.impl.RaftServerImpl.appendEntriesAsync(RaftServerImpl.java:1394)
	at org.apache.ratis.server.impl.RaftServerProxy.lambda$appendEntriesAsync$26(RaftServerProxy.java:639)
	at org.apache.ratis.util.JavaUtils.callAsUnchecked(JavaUtils.java:117)
	at org.apache.ratis.server.impl.RaftServerImpl.lambda$executeSubmitServerRequestAsync$11(RaftServerImpl.java:822)
	at java.base/java.util.concurrent.CompletableFuture$AsyncSupply.run(CompletableFuture.java:1700)
	... 3 more
2023-03-28 15:14:17,517 [pool-7-thread-7] INFO  datastream.DataStreamTestUtils (DataStreamTestUtils.java:writeAndCloseAndAssertReplies(311)) - start Stream449
2023-03-28 15:14:17,526 [grpc-default-executor-1] WARN  server.GrpcLogAppender (LogUtils.java:warn(124)) - s2@group-4AD7D8BDF6E4->s0-AppendLogResponseHandler: Failed appendEntries
org.apache.ratis.server.raftlog.RaftLogIOException: Log already failed at index 65 for task WriteLog:65: (t:4, i:65), STATEMACHINELOGENTRY, StateMachineLogEntryProto:419@client-3F6E156514EF
	at org.apache.ratis.server.raftlog.segmented.SegmentedRaftLogWorker.run(SegmentedRaftLogWorker.java:315)
	at java.base/java.util.concurrent.Executors$RunnableAdapter.call(Executors.java:515)
	at java.base/java.util.concurrent.FutureTask.run(FutureTask.java:264)
	at java.base/java.util.concurrent.ThreadPoolExecutor.runWorker(ThreadPoolExecutor.java:1128)
	at java.base/java.util.concurrent.ThreadPoolExecutor$Worker.run(ThreadPoolExecutor.java:628)
	at java.base/java.lang.Thread.run(Thread.java:829)
Caused by: java.io.IOException: java.lang.IllegalStateException: Null stream: entry=term: 4
index: 65
stateMachineLogEntry {
  type: DATASTREAM
  clientId: "i\b\262\343l\265B,\217\001?n\025e\024\357"
  callId: 419
}

	at org.apache.ratis.util.IOUtils.asIOException(IOUtils.java:56)
	at org.apache.ratis.util.IOUtils.toIOException(IOUtils.java:61)
	at org.apache.ratis.util.IOUtils.getFromFuture(IOUtils.java:85)
	at org.apache.ratis.server.raftlog.segmented.SegmentedRaftLogWorker$StateMachineDataPolicy.getFromFuture(SegmentedRaftLogWorker.java:88)
	at org.apache.ratis.server.raftlog.segmented.SegmentedRaftLogWorker$WriteLog.execute(SegmentedRaftLogWorker.java:535)
	at org.apache.ratis.server.raftlog.segmented.SegmentedRaftLogWorker.run(SegmentedRaftLogWorker.java:303)
	... 5 more
Caused by: java.lang.IllegalStateException: Null stream: entry=term: 4
index: 65
stateMachineLogEntry {
  type: DATASTREAM
  clientId: "i\b\262\343l\265B,\217\001?n\025e\024\357"
  callId: 419
}

	at org.apache.ratis.datastream.DataStreamTestUtils$MultiDataStreamStateMachine.link(DataStreamTestUtils.java:159)
	at org.apache.ratis.server.raftlog.segmented.SegmentedRaftLogWorker$WriteLog.<init>(SegmentedRaftLogWorker.java:492)
	at org.apache.ratis.server.raftlog.segmented.SegmentedRaftLogWorker.writeLogEntry(SegmentedRaftLogWorker.java:438)
	at org.apache.ratis.server.raftlog.segmented.SegmentedRaftLog.appendEntryImpl(SegmentedRaftLog.java:409)
	at org.apache.ratis.server.raftlog.RaftLogBase.lambda$appendEntry$10(RaftLogBase.java:330)
	at org.apache.ratis.server.raftlog.RaftLogSequentialOps$Runner.runSequentially(RaftLogSequentialOps.java:78)
	at org.apache.ratis.server.raftlog.RaftLogBase.appendEntry(RaftLogBase.java:330)
	at org.apache.ratis.server.raftlog.segmented.SegmentedRaftLog.appendImpl(SegmentedRaftLog.java:457)
	at org.apache.ratis.server.raftlog.RaftLogBase.lambda$append$11(RaftLogBase.java:337)
	at org.apache.ratis.server.raftlog.RaftLogSequentialOps$Runner.runSequentially(RaftLogSequentialOps.java:69)
	at org.apache.ratis.server.raftlog.RaftLogBase.append(RaftLogBase.java:337)
	at org.apache.ratis.server.impl.RaftServerImpl.appendEntriesAsync(RaftServerImpl.java:1530)
	at org.apache.ratis.server.impl.RaftServerImpl.appendEntriesAsync(RaftServerImpl.java:1394)
	at org.apache.ratis.server.impl.RaftServerProxy.lambda$appendEntriesAsync$26(RaftServerProxy.java:639)
	at org.apache.ratis.util.JavaUtils.callAsUnchecked(JavaUtils.java:117)
	at org.apache.ratis.server.impl.RaftServerImpl.lambda$executeSubmitServerRequestAsync$11(RaftServerImpl.java:822)
	at java.base/java.util.concurrent.CompletableFuture$AsyncSupply.run(CompletableFuture.java:1700)
	... 3 more
2023-03-28 15:14:17,527 [grpc-default-executor-1] INFO  leader.FollowerInfo (FollowerInfoImpl.java:lambda$new$0(52)) - s2@group-4AD7D8BDF6E4->s0: decreaseNextIndex nextIndex: updateUnconditionally 112 -> 97
2023-03-28 15:14:17,531 [s0-server-thread1] WARN  server.GrpcServerProtocolService (LogUtils.java:warn(124)) - s0: Failed APPEND_ENTRIES request s2->s0#102715-t4,previous=(t:4, i:96),leaderCommit=111,initializing? true,entries: size=16, first=(t:4, i:97), STATEMACHINELOGENTRY, 437@client-EAAC007C7426
java.util.concurrent.CompletionException: org.apache.ratis.server.raftlog.RaftLogIOException: Log already failed at index 65 for task WriteLog:65: (t:4, i:65), STATEMACHINELOGENTRY, StateMachineLogEntryProto:419@client-3F6E156514EF
	at java.base/java.util.concurrent.CompletableFuture.encodeThrowable(CompletableFuture.java:331)
	at java.base/java.util.concurrent.CompletableFuture.completeThrowable(CompletableFuture.java:346)
	at java.base/java.util.concurrent.CompletableFuture$BiRelay.tryFire(CompletableFuture.java:1423)
	at java.base/java.util.concurrent.CompletableFuture$CoCompletion.tryFire(CompletableFuture.java:1144)
	at java.base/java.util.concurrent.CompletableFuture.postComplete(CompletableFuture.java:506)
	at java.base/java.util.concurrent.CompletableFuture.completeExceptionally(CompletableFuture.java:2088)
	at org.apache.ratis.server.raftlog.segmented.SegmentedRaftLog$Task.failed(SegmentedRaftLog.java:105)
	at org.apache.ratis.server.raftlog.segmented.SegmentedRaftLogWorker$WriteLog.failed(SegmentedRaftLogWorker.java:514)
	at org.apache.ratis.server.raftlog.segmented.SegmentedRaftLogWorker.run(SegmentedRaftLogWorker.java:312)
	at java.base/java.util.concurrent.Executors$RunnableAdapter.call(Executors.java:515)
	at java.base/java.util.concurrent.FutureTask.run(FutureTask.java:264)
	at java.base/java.util.concurrent.ThreadPoolExecutor.runWorker(ThreadPoolExecutor.java:1128)
	at java.base/java.util.concurrent.ThreadPoolExecutor$Worker.run(ThreadPoolExecutor.java:628)
	at java.base/java.lang.Thread.run(Thread.java:829)
Caused by: org.apache.ratis.server.raftlog.RaftLogIOException: Log already failed at index 65 for task WriteLog:65: (t:4, i:65), STATEMACHINELOGENTRY, StateMachineLogEntryProto:419@client-3F6E156514EF
	at org.apache.ratis.server.raftlog.segmented.SegmentedRaftLogWorker.run(SegmentedRaftLogWorker.java:315)
	... 5 more
Caused by: java.io.IOException: java.lang.IllegalStateException: Null stream: entry=term: 4
index: 65
stateMachineLogEntry {
  type: DATASTREAM
  clientId: "i\b\262\343l\265B,\217\001?n\025e\024\357"
  callId: 419
}

	at org.apache.ratis.util.IOUtils.asIOException(IOUtils.java:56)
	at org.apache.ratis.util.IOUtils.toIOException(IOUtils.java:61)
	at org.apache.ratis.util.IOUtils.getFromFuture(IOUtils.java:85)
	at org.apache.ratis.server.raftlog.segmented.SegmentedRaftLogWorker$StateMachineDataPolicy.getFromFuture(SegmentedRaftLogWorker.java:88)
	at org.apache.ratis.server.raftlog.segmented.SegmentedRaftLogWorker$WriteLog.execute(SegmentedRaftLogWorker.java:535)
	at org.apache.ratis.server.raftlog.segmented.SegmentedRaftLogWorker.run(SegmentedRaftLogWorker.java:303)
	... 5 more
Caused by: java.lang.IllegalStateException: Null stream: entry=term: 4
index: 65
stateMachineLogEntry {
  type: DATASTREAM
  clientId: "i\b\262\343l\265B,\217\001?n\025e\024\357"
  callId: 419
}

	at org.apache.ratis.datastream.DataStreamTestUtils$MultiDataStreamStateMachine.link(DataStreamTestUtils.java:159)
	at org.apache.ratis.server.raftlog.segmented.SegmentedRaftLogWorker$WriteLog.<init>(SegmentedRaftLogWorker.java:492)
	at org.apache.ratis.server.raftlog.segmented.SegmentedRaftLogWorker.writeLogEntry(SegmentedRaftLogWorker.java:438)
	at org.apache.ratis.server.raftlog.segmented.SegmentedRaftLog.appendEntryImpl(SegmentedRaftLog.java:409)
	at org.apache.ratis.server.raftlog.RaftLogBase.lambda$appendEntry$10(RaftLogBase.java:330)
	at org.apache.ratis.server.raftlog.RaftLogSequentialOps$Runner.runSequentially(RaftLogSequentialOps.java:78)
	at org.apache.ratis.server.raftlog.RaftLogBase.appendEntry(RaftLogBase.java:330)
	at org.apache.ratis.server.raftlog.segmented.SegmentedRaftLog.appendImpl(SegmentedRaftLog.java:457)
	at org.apache.ratis.server.raftlog.RaftLogBase.lambda$append$11(RaftLogBase.java:337)
	at org.apache.ratis.server.raftlog.RaftLogSequentialOps$Runner.runSequentially(RaftLogSequentialOps.java:69)
	at org.apache.ratis.server.raftlog.RaftLogBase.append(RaftLogBase.java:337)
	at org.apache.ratis.server.impl.RaftServerImpl.appendEntriesAsync(RaftServerImpl.java:1530)
	at org.apache.ratis.server.impl.RaftServerImpl.appendEntriesAsync(RaftServerImpl.java:1394)
	at org.apache.ratis.server.impl.RaftServerProxy.lambda$appendEntriesAsync$26(RaftServerProxy.java:639)
	at org.apache.ratis.util.JavaUtils.callAsUnchecked(JavaUtils.java:117)
	at org.apache.ratis.server.impl.RaftServerImpl.lambda$executeSubmitServerRequestAsync$11(RaftServerImpl.java:822)
	at java.base/java.util.concurrent.CompletableFuture$AsyncSupply.run(CompletableFuture.java:1700)
	... 3 more
2023-03-28 15:14:17,556 [pool-7-thread-7] INFO  datastream.DataStreamTestUtils (DataStreamTestUtils.java:writeAndCloseAndAssertReplies(320)) - Stream449: bytesWritten=722339
2023-03-28 15:14:17,549 [pool-7-thread-10] INFO  datastream.DataStreamTestUtils (DataStreamTestUtils.java:writeAndCloseAndAssertReplies(320)) - Stream448: bytesWritten=700238
2023-03-28 15:14:17,684 [grpc-default-executor-9] WARN  server.GrpcLogAppender (LogUtils.java:warn(124)) - s2@group-4AD7D8BDF6E4->s0-AppendLogResponseHandler: Failed appendEntries
org.apache.ratis.server.raftlog.RaftLogIOException: Log already failed at index 65 for task WriteLog:65: (t:4, i:65), STATEMACHINELOGENTRY, StateMachineLogEntryProto:419@client-3F6E156514EF
	at org.apache.ratis.server.raftlog.segmented.SegmentedRaftLogWorker.run(SegmentedRaftLogWorker.java:315)
	at java.base/java.util.concurrent.Executors$RunnableAdapter.call(Executors.java:515)
	at java.base/java.util.concurrent.FutureTask.run(FutureTask.java:264)
	at java.base/java.util.concurrent.ThreadPoolExecutor.runWorker(ThreadPoolExecutor.java:1128)
	at java.base/java.util.concurrent.ThreadPoolExecutor$Worker.run(ThreadPoolExecutor.java:628)
	at java.base/java.lang.Thread.run(Thread.java:829)
Caused by: java.io.IOException: java.lang.IllegalStateException: Null stream: entry=term: 4
index: 65
stateMachineLogEntry {
  type: DATASTREAM
  clientId: "i\b\262\343l\265B,\217\001?n\025e\024\357"
  callId: 419
}

	at org.apache.ratis.util.IOUtils.asIOException(IOUtils.java:56)
	at org.apache.ratis.util.IOUtils.toIOException(IOUtils.java:61)
	at org.apache.ratis.util.IOUtils.getFromFuture(IOUtils.java:85)
	at org.apache.ratis.server.raftlog.segmented.SegmentedRaftLogWorker$StateMachineDataPolicy.getFromFuture(SegmentedRaftLogWorker.java:88)
	at org.apache.ratis.server.raftlog.segmented.SegmentedRaftLogWorker$WriteLog.execute(SegmentedRaftLogWorker.java:535)
	at org.apache.ratis.server.raftlog.segmented.SegmentedRaftLogWorker.run(SegmentedRaftLogWorker.java:303)
	... 5 more
Caused by: java.lang.IllegalStateException: Null stream: entry=term: 4
index: 65
stateMachineLogEntry {
  type: DATASTREAM
  clientId: "i\b\262\343l\265B,\217\001?n\025e\024\357"
  callId: 419
}

	at org.apache.ratis.datastream.DataStreamTestUtils$MultiDataStreamStateMachine.link(DataStreamTestUtils.java:159)
	at org.apache.ratis.server.raftlog.segmented.SegmentedRaftLogWorker$WriteLog.<init>(SegmentedRaftLogWorker.java:492)
	at org.apache.ratis.server.raftlog.segmented.SegmentedRaftLogWorker.writeLogEntry(SegmentedRaftLogWorker.java:438)
	at org.apache.ratis.server.raftlog.segmented.SegmentedRaftLog.appendEntryImpl(SegmentedRaftLog.java:409)
	at org.apache.ratis.server.raftlog.RaftLogBase.lambda$appendEntry$10(RaftLogBase.java:330)
	at org.apache.ratis.server.raftlog.RaftLogSequentialOps$Runner.runSequentially(RaftLogSequentialOps.java:78)
	at org.apache.ratis.server.raftlog.RaftLogBase.appendEntry(RaftLogBase.java:330)
	at org.apache.ratis.server.raftlog.segmented.SegmentedRaftLog.appendImpl(SegmentedRaftLog.java:457)
	at org.apache.ratis.server.raftlog.RaftLogBase.lambda$append$11(RaftLogBase.java:337)
	at org.apache.ratis.server.raftlog.RaftLogSequentialOps$Runner.runSequentially(RaftLogSequentialOps.java:69)
	at org.apache.ratis.server.raftlog.RaftLogBase.append(RaftLogBase.java:337)
	at org.apache.ratis.server.impl.RaftServerImpl.appendEntriesAsync(RaftServerImpl.java:1530)
	at org.apache.ratis.server.impl.RaftServerImpl.appendEntriesAsync(RaftServerImpl.java:1394)
	at org.apache.ratis.server.impl.RaftServerProxy.lambda$appendEntriesAsync$26(RaftServerProxy.java:639)
	at org.apache.ratis.util.JavaUtils.callAsUnchecked(JavaUtils.java:117)
	at org.apache.ratis.server.impl.RaftServerImpl.lambda$executeSubmitServerRequestAsync$11(RaftServerImpl.java:822)
	at java.base/java.util.concurrent.CompletableFuture$AsyncSupply.run(CompletableFuture.java:1700)
	... 3 more
2023-03-28 15:14:17,685 [grpc-default-executor-9] INFO  leader.FollowerInfo (FollowerInfoImpl.java:lambda$new$0(52)) - s2@group-4AD7D8BDF6E4->s0: decreaseNextIndex nextIndex: updateUnconditionally 113 -> 97
2023-03-28 15:14:17,547 [pool-7-thread-8] INFO  datastream.DataStreamTestUtils (DataStreamTestUtils.java:writeAndCloseAndAssertReplies(320)) - Stream447: bytesWritten=766007
2023-03-28 15:14:17,817 [pool-7-thread-9] INFO  datastream.DataStreamTestUtils (DataStreamTestUtils.java:writeAndCloseAndAssertReplies(311)) - start Stream450
2023-03-28 15:14:17,994 [s0@group-4AD7D8BDF6E4-FollowerState] INFO  impl.FollowerState (FollowerState.java:run(143)) - s0@group-4AD7D8BDF6E4-FollowerState: change to CANDIDATE, lastRpcElapsedTime:218321090ns, electionTimeout:150ms
2023-03-28 15:14:17,994 [s0@group-4AD7D8BDF6E4-FollowerState] INFO  impl.RoleInfo (RoleInfo.java:shutdownFollowerState(110)) - s0: shutdown s0@group-4AD7D8BDF6E4-FollowerState
2023-03-28 15:14:17,994 [s0@group-4AD7D8BDF6E4-FollowerState] INFO  server.RaftServer$Division (RaftServerImpl.java:setRole(329)) - s0@group-4AD7D8BDF6E4: changes role from  FOLLOWER to CANDIDATE at term 4 for changeToCandidate
2023-03-28 15:14:17,994 [s0@group-4AD7D8BDF6E4-FollowerState] INFO  server.RaftServerConfigKeys (ConfUtils.java:logGet(46)) - raft.server.leaderelection.pre-vote = true (default)
2023-03-28 15:14:17,995 [s0@group-4AD7D8BDF6E4-FollowerState] INFO  impl.RoleInfo (RoleInfo.java:updateAndGet(139)) - s0: start s0@group-4AD7D8BDF6E4-LeaderElection17
2023-03-28 15:14:18,054 [s1@group-4AD7D8BDF6E4-FollowerState] INFO  impl.FollowerState (FollowerState.java:run(143)) - s1@group-4AD7D8BDF6E4-FollowerState: change to CANDIDATE, lastRpcElapsedTime:231341987ns, electionTimeout:201ms
2023-03-28 15:14:18,054 [s1@group-4AD7D8BDF6E4-FollowerState] INFO  impl.RoleInfo (RoleInfo.java:shutdownFollowerState(110)) - s1: shutdown s1@group-4AD7D8BDF6E4-FollowerState
2023-03-28 15:14:18,054 [s1@group-4AD7D8BDF6E4-FollowerState] INFO  server.RaftServer$Division (RaftServerImpl.java:setRole(329)) - s1@group-4AD7D8BDF6E4: changes role from  FOLLOWER to CANDIDATE at term 4 for changeToCandidate
2023-03-28 15:14:18,054 [s1@group-4AD7D8BDF6E4-FollowerState] INFO  server.RaftServerConfigKeys (ConfUtils.java:logGet(46)) - raft.server.leaderelection.pre-vote = true (default)
2023-03-28 15:14:18,054 [s1@group-4AD7D8BDF6E4-FollowerState] INFO  impl.RoleInfo (RoleInfo.java:updateAndGet(139)) - s1: start s1@group-4AD7D8BDF6E4-LeaderElection18
2023-03-28 15:14:18,070 [s0@group-4AD7D8BDF6E4-LeaderElection17] INFO  server.RaftServer$Division (ServerState.java:setLeader(260)) - s0@group-4AD7D8BDF6E4: change Leader from s2 to null at term 4 for PRE_VOTE
2023-03-28 15:14:18,070 [s0@group-4AD7D8BDF6E4-LeaderElection17] INFO  impl.LeaderElection (LeaderElection.java:askForVotes(320)) - s0@group-4AD7D8BDF6E4-LeaderElection17 PRE_VOTE round 0: submit vote requests at term 4 for 63: peers:[s0|rpc:localhost:39189|admin:localhost:46309|client:localhost:42931|dataStream:localhost:35501|priority:0|startupRole:FOLLOWER, s1|rpc:localhost:42161|admin:localhost:45919|client:localhost:41703|dataStream:localhost:35503|priority:0|startupRole:FOLLOWER, s2|rpc:localhost:39003|admin:localhost:43283|client:localhost:38251|dataStream:localhost:44179|priority:0|startupRole:FOLLOWER]|listeners:[], old=null
2023-03-28 15:14:18,072 [grpc-default-executor-9] INFO  server.RaftServer$Division (RaftServerImpl.java:requestVote(1300)) - s1@group-4AD7D8BDF6E4: receive requestVote(PRE_VOTE, s0, group-4AD7D8BDF6E4, 4, (t:4, i:112))
2023-03-28 15:14:18,074 [s2-client-thread1] INFO  statemachine.StateMachine (DataStreamTestUtils.java:link(157)) - link SingleDataStream: writeRequest=RaftClientRequest:client-DEAA827FFAAC->s2@group-4AD7D8BDF6E4, cid=448, seq=0, DataStream, Message:<EMPTY>, logEntry=null
2023-03-28 15:14:18,075 [s0-server-thread1] INFO  server.RaftServer$Division (RaftServerImpl.java:setRole(329)) - s0@group-4AD7D8BDF6E4: changes role from CANDIDATE to FOLLOWER at term 4 for appendEntries
2023-03-28 15:14:18,075 [s0-server-thread1] INFO  impl.RoleInfo (RoleInfo.java:shutdownLeaderElection(130)) - s0: shutdown s0@group-4AD7D8BDF6E4-LeaderElection17
2023-03-28 15:14:18,075 [s0-server-thread1] INFO  impl.RoleInfo (RoleInfo.java:updateAndGet(139)) - s0: start s0@group-4AD7D8BDF6E4-FollowerState
2023-03-28 15:14:18,076 [s2-client-thread1] INFO  statemachine.StateMachine (DataStreamTestUtils.java:link(157)) - link SingleDataStream: writeRequest=RaftClientRequest:client-DEAA827FFAAC->s2@group-4AD7D8BDF6E4, cid=447, seq=0, DataStream, Message:<EMPTY>, logEntry=null
2023-03-28 15:14:18,077 [s2-client-thread1] INFO  statemachine.StateMachine (DataStreamTestUtils.java:link(157)) - link SingleDataStream: writeRequest=RaftClientRequest:client-DEAA827FFAAC->s2@group-4AD7D8BDF6E4, cid=449, seq=0, DataStream, Message:<EMPTY>, logEntry=null
2023-03-28 15:14:18,079 [grpc-default-executor-7] INFO  server.RaftServer$Division (RaftServerImpl.java:requestVote(1300)) - s2@group-4AD7D8BDF6E4: receive requestVote(PRE_VOTE, s0, group-4AD7D8BDF6E4, 4, (t:4, i:112))
2023-03-28 15:14:18,079 [grpc-default-executor-7] INFO  impl.VoteContext (VoteContext.java:log(49)) - s2@group-4AD7D8BDF6E4-LEADER: reject PRE_VOTE from s0: this server is the leader and still has leadership
2023-03-28 15:14:18,079 [grpc-default-executor-7] INFO  server.RaftServer$Division (RaftServerImpl.java:requestVote(1333)) - s2@group-4AD7D8BDF6E4 replies to PRE_VOTE vote request: s0<-s2#0:FAIL-t4. Peer's state: s2@group-4AD7D8BDF6E4:t4, leader=s2, voted=s2, raftlog=Memoized:s2@group-4AD7D8BDF6E4-SegmentedRaftLog:OPENED:c112, conf=63: peers:[s0|rpc:localhost:39189|admin:localhost:46309|client:localhost:42931|dataStream:localhost:35501|priority:0|startupRole:FOLLOWER, s1|rpc:localhost:42161|admin:localhost:45919|client:localhost:41703|dataStream:localhost:35503|priority:0|startupRole:FOLLOWER, s2|rpc:localhost:39003|admin:localhost:43283|client:localhost:38251|dataStream:localhost:44179|priority:0|startupRole:FOLLOWER]|listeners:[], old=null
2023-03-28 15:14:18,081 [s0@group-4AD7D8BDF6E4-LeaderElection17] INFO  impl.LeaderElection (LeaderElection.java:logAndReturn(89)) - s0@group-4AD7D8BDF6E4-LeaderElection17: PRE_VOTE REJECTED received 1 response(s) and 0 exception(s):
2023-03-28 15:14:18,081 [s0@group-4AD7D8BDF6E4-LeaderElection17] INFO  impl.LeaderElection (LeaderElection.java:logAndReturn(93)) -   Response 0: s0<-s2#0:FAIL-t4
2023-03-28 15:14:18,081 [s0@group-4AD7D8BDF6E4-LeaderElection17] INFO  impl.LeaderElection (LeaderElection.java:askForVotes(322)) - s0@group-4AD7D8BDF6E4-LeaderElection17 PRE_VOTE round 0: result REJECTED
2023-03-28 15:14:18,081 [s0-server-thread1] INFO  server.RaftServer$Division (ServerState.java:setLeader(260)) - s0@group-4AD7D8BDF6E4: change Leader from null to s2 at term 4 for appendEntries, leader elected after 11ms
2023-03-28 15:14:18,086 [s0-server-thread3] INFO  statemachine.StateMachine (DataStreamTestUtils.java:link(157)) - link SingleDataStream: writeRequest=RaftClientRequest:client-DEAA827FFAAC->s2@group-4AD7D8BDF6E4, cid=448, seq=0, DataStream, Message:<EMPTY>, logEntry=null
2023-03-28 15:14:18,086 [s0-server-thread3] INFO  statemachine.StateMachine (DataStreamTestUtils.java:link(157)) - link SingleDataStream: writeRequest=RaftClientRequest:client-DEAA827FFAAC->s2@group-4AD7D8BDF6E4, cid=447, seq=0, DataStream, Message:<EMPTY>, logEntry=null
2023-03-28 15:14:18,086 [s1-server-thread4] INFO  server.RaftServer$Division (RaftServerImpl.java:setRole(329)) - s1@group-4AD7D8BDF6E4: changes role from CANDIDATE to FOLLOWER at term 4 for appendEntries
2023-03-28 15:14:18,086 [s1-server-thread4] INFO  impl.RoleInfo (RoleInfo.java:shutdownLeaderElection(130)) - s1: shutdown s1@group-4AD7D8BDF6E4-LeaderElection18
2023-03-28 15:14:18,086 [s1-server-thread4] INFO  impl.RoleInfo (RoleInfo.java:updateAndGet(139)) - s1: start s1@group-4AD7D8BDF6E4-FollowerState
2023-03-28 15:14:18,087 [s0-server-thread3] WARN  server.GrpcServerProtocolService (LogUtils.java:warn(124)) - s0: Failed APPEND_ENTRIES request s2->s0#119165-t4,previous=(t:4, i:112),leaderCommit=112,initializing? true,entries: size=2, first=(t:4, i:113), STATEMACHINELOGENTRY, 448@client-DEAA827FFAAC
java.util.concurrent.CompletionException: org.apache.ratis.server.raftlog.RaftLogIOException: Log already failed at index 65 for task WriteLog:65: (t:4, i:65), STATEMACHINELOGENTRY, StateMachineLogEntryProto:419@client-3F6E156514EF
	at java.base/java.util.concurrent.CompletableFuture.encodeThrowable(CompletableFuture.java:331)
	at java.base/java.util.concurrent.CompletableFuture.completeThrowable(CompletableFuture.java:346)
	at java.base/java.util.concurrent.CompletableFuture$BiRelay.tryFire(CompletableFuture.java:1423)
	at java.base/java.util.concurrent.CompletableFuture.postComplete(CompletableFuture.java:506)
	at java.base/java.util.concurrent.CompletableFuture.completeExceptionally(CompletableFuture.java:2088)
	at org.apache.ratis.server.raftlog.segmented.SegmentedRaftLog$Task.failed(SegmentedRaftLog.java:105)
	at org.apache.ratis.server.raftlog.segmented.SegmentedRaftLogWorker$WriteLog.failed(SegmentedRaftLogWorker.java:514)
	at org.apache.ratis.server.raftlog.segmented.SegmentedRaftLogWorker.run(SegmentedRaftLogWorker.java:312)
	at java.base/java.util.concurrent.Executors$RunnableAdapter.call(Executors.java:515)
	at java.base/java.util.concurrent.FutureTask.run(FutureTask.java:264)
	at java.base/java.util.concurrent.ThreadPoolExecutor.runWorker(ThreadPoolExecutor.java:1128)
	at java.base/java.util.concurrent.ThreadPoolExecutor$Worker.run(ThreadPoolExecutor.java:628)
	at java.base/java.lang.Thread.run(Thread.java:829)
Caused by: org.apache.ratis.server.raftlog.RaftLogIOException: Log already failed at index 65 for task WriteLog:65: (t:4, i:65), STATEMACHINELOGENTRY, StateMachineLogEntryProto:419@client-3F6E156514EF
	at org.apache.ratis.server.raftlog.segmented.SegmentedRaftLogWorker.run(SegmentedRaftLogWorker.java:315)
	... 5 more
Caused by: java.io.IOException: java.lang.IllegalStateException: Null stream: entry=term: 4
index: 65
stateMachineLogEntry {
  type: DATASTREAM
  clientId: "i\b\262\343l\265B,\217\001?n\025e\024\357"
  callId: 419
}

	at org.apache.ratis.util.IOUtils.asIOException(IOUtils.java:56)
	at org.apache.ratis.util.IOUtils.toIOException(IOUtils.java:61)
	at org.apache.ratis.util.IOUtils.getFromFuture(IOUtils.java:85)
	at org.apache.ratis.server.raftlog.segmented.SegmentedRaftLogWorker$StateMachineDataPolicy.getFromFuture(SegmentedRaftLogWorker.java:88)
	at org.apache.ratis.server.raftlog.segmented.SegmentedRaftLogWorker$WriteLog.execute(SegmentedRaftLogWorker.java:535)
	at org.apache.ratis.server.raftlog.segmented.SegmentedRaftLogWorker.run(SegmentedRaftLogWorker.java:303)
	... 5 more
Caused by: java.lang.IllegalStateException: Null stream: entry=term: 4
index: 65
stateMachineLogEntry {
  type: DATASTREAM
  clientId: "i\b\262\343l\265B,\217\001?n\025e\024\357"
  callId: 419
}

	at org.apache.ratis.datastream.DataStreamTestUtils$MultiDataStreamStateMachine.link(DataStreamTestUtils.java:159)
	at org.apache.ratis.server.raftlog.segmented.SegmentedRaftLogWorker$WriteLog.<init>(SegmentedRaftLogWorker.java:492)
	at org.apache.ratis.server.raftlog.segmented.SegmentedRaftLogWorker.writeLogEntry(SegmentedRaftLogWorker.java:438)
	at org.apache.ratis.server.raftlog.segmented.SegmentedRaftLog.appendEntryImpl(SegmentedRaftLog.java:409)
	at org.apache.ratis.server.raftlog.RaftLogBase.lambda$appendEntry$10(RaftLogBase.java:330)
	at org.apache.ratis.server.raftlog.RaftLogSequentialOps$Runner.runSequentially(RaftLogSequentialOps.java:78)
	at org.apache.ratis.server.raftlog.RaftLogBase.appendEntry(RaftLogBase.java:330)
	at org.apache.ratis.server.raftlog.segmented.SegmentedRaftLog.appendImpl(SegmentedRaftLog.java:457)
	at org.apache.ratis.server.raftlog.RaftLogBase.lambda$append$11(RaftLogBase.java:337)
	at org.apache.ratis.server.raftlog.RaftLogSequentialOps$Runner.runSequentially(RaftLogSequentialOps.java:69)
	at org.apache.ratis.server.raftlog.RaftLogBase.append(RaftLogBase.java:337)
	at org.apache.ratis.server.impl.RaftServerImpl.appendEntriesAsync(RaftServerImpl.java:1530)
	at org.apache.ratis.server.impl.RaftServerImpl.appendEntriesAsync(RaftServerImpl.java:1394)
	at org.apache.ratis.server.impl.RaftServerProxy.lambda$appendEntriesAsync$26(RaftServerProxy.java:639)
	at org.apache.ratis.util.JavaUtils.callAsUnchecked(JavaUtils.java:117)
	at org.apache.ratis.server.impl.RaftServerImpl.lambda$executeSubmitServerRequestAsync$11(RaftServerImpl.java:822)
	at java.base/java.util.concurrent.CompletableFuture$AsyncSupply.run(CompletableFuture.java:1700)
	... 3 more
2023-03-28 15:14:18,095 [grpc-default-executor-4] WARN  server.GrpcLogAppender (LogUtils.java:warn(124)) - s2@group-4AD7D8BDF6E4->s0-AppendLogResponseHandler: Failed appendEntries
org.apache.ratis.server.raftlog.RaftLogIOException: Log already failed at index 65 for task WriteLog:65: (t:4, i:65), STATEMACHINELOGENTRY, StateMachineLogEntryProto:419@client-3F6E156514EF
	at org.apache.ratis.server.raftlog.segmented.SegmentedRaftLogWorker.run(SegmentedRaftLogWorker.java:315)
	at java.base/java.util.concurrent.Executors$RunnableAdapter.call(Executors.java:515)
	at java.base/java.util.concurrent.FutureTask.run(FutureTask.java:264)
	at java.base/java.util.concurrent.ThreadPoolExecutor.runWorker(ThreadPoolExecutor.java:1128)
	at java.base/java.util.concurrent.ThreadPoolExecutor$Worker.run(ThreadPoolExecutor.java:628)
	at java.base/java.lang.Thread.run(Thread.java:829)
Caused by: java.io.IOException: java.lang.IllegalStateException: Null stream: entry=term: 4
index: 65
stateMachineLogEntry {
  type: DATASTREAM
  clientId: "i\b\262\343l\265B,\217\001?n\025e\024\357"
  callId: 419
}

	at org.apache.ratis.util.IOUtils.asIOException(IOUtils.java:56)
	at org.apache.ratis.util.IOUtils.toIOException(IOUtils.java:61)
	at org.apache.ratis.util.IOUtils.getFromFuture(IOUtils.java:85)
	at org.apache.ratis.server.raftlog.segmented.SegmentedRaftLogWorker$StateMachineDataPolicy.getFromFuture(SegmentedRaftLogWorker.java:88)
	at org.apache.ratis.server.raftlog.segmented.SegmentedRaftLogWorker$WriteLog.execute(SegmentedRaftLogWorker.java:535)
	at org.apache.ratis.server.raftlog.segmented.SegmentedRaftLogWorker.run(SegmentedRaftLogWorker.java:303)
	... 5 more
Caused by: java.lang.IllegalStateException: Null stream: entry=term: 4
index: 65
stateMachineLogEntry {
  type: DATASTREAM
  clientId: "i\b\262\343l\265B,\217\001?n\025e\024\357"
  callId: 419
}

	at org.apache.ratis.datastream.DataStreamTestUtils$MultiDataStreamStateMachine.link(DataStreamTestUtils.java:159)
	at org.apache.ratis.server.raftlog.segmented.SegmentedRaftLogWorker$WriteLog.<init>(SegmentedRaftLogWorker.java:492)
	at org.apache.ratis.server.raftlog.segmented.SegmentedRaftLogWorker.writeLogEntry(SegmentedRaftLogWorker.java:438)
	at org.apache.ratis.server.raftlog.segmented.SegmentedRaftLog.appendEntryImpl(SegmentedRaftLog.java:409)
	at org.apache.ratis.server.raftlog.RaftLogBase.lambda$appendEntry$10(RaftLogBase.java:330)
	at org.apache.ratis.server.raftlog.RaftLogSequentialOps$Runner.runSequentially(RaftLogSequentialOps.java:78)
	at org.apache.ratis.server.raftlog.RaftLogBase.appendEntry(RaftLogBase.java:330)
	at org.apache.ratis.server.raftlog.segmented.SegmentedRaftLog.appendImpl(SegmentedRaftLog.java:457)
	at org.apache.ratis.server.raftlog.RaftLogBase.lambda$append$11(RaftLogBase.java:337)
	at org.apache.ratis.server.raftlog.RaftLogSequentialOps$Runner.runSequentially(RaftLogSequentialOps.java:69)
	at org.apache.ratis.server.raftlog.RaftLogBase.append(RaftLogBase.java:337)
	at org.apache.ratis.server.impl.RaftServerImpl.appendEntriesAsync(RaftServerImpl.java:1530)
	at org.apache.ratis.server.impl.RaftServerImpl.appendEntriesAsync(RaftServerImpl.java:1394)
	at org.apache.ratis.server.impl.RaftServerProxy.lambda$appendEntriesAsync$26(RaftServerProxy.java:639)
	at org.apache.ratis.util.JavaUtils.callAsUnchecked(JavaUtils.java:117)
	at org.apache.ratis.server.impl.RaftServerImpl.lambda$executeSubmitServerRequestAsync$11(RaftServerImpl.java:822)
	at java.base/java.util.concurrent.CompletableFuture$AsyncSupply.run(CompletableFuture.java:1700)
	... 3 more
2023-03-28 15:14:18,095 [grpc-default-executor-4] INFO  leader.FollowerInfo (FollowerInfoImpl.java:lambda$new$0(52)) - s2@group-4AD7D8BDF6E4->s0: decreaseNextIndex nextIndex: updateUnconditionally 116 -> 113
2023-03-28 15:14:18,118 [pool-7-thread-9] INFO  datastream.DataStreamTestUtils (DataStreamTestUtils.java:writeAndCloseAndAssertReplies(320)) - Stream450: bytesWritten=769821
2023-03-28 15:14:18,121 [s2-client-thread1] INFO  statemachine.StateMachine (DataStreamTestUtils.java:link(157)) - link SingleDataStream: writeRequest=RaftClientRequest:client-DEAA827FFAAC->s2@group-4AD7D8BDF6E4, cid=450, seq=0, DataStream, Message:<EMPTY>, logEntry=null
2023-03-28 15:14:18,170 [s0-server-thread3] INFO  statemachine.StateMachine (DataStreamTestUtils.java:link(157)) - link SingleDataStream: writeRequest=RaftClientRequest:client-DEAA827FFAAC->s2@group-4AD7D8BDF6E4, cid=449, seq=0, DataStream, Message:<EMPTY>, logEntry=null
2023-03-28 15:14:18,171 [s0-server-thread3] WARN  server.GrpcServerProtocolService (LogUtils.java:warn(124)) - s0: Failed APPEND_ENTRIES request s2->s0#119167-t4,previous=(t:4, i:112),leaderCommit=112,initializing? true,entries: size=3, first=(t:4, i:113), STATEMACHINELOGENTRY, 448@client-DEAA827FFAAC
java.util.concurrent.CompletionException: org.apache.ratis.server.raftlog.RaftLogIOException: Log already failed at index 65 for task WriteLog:65: (t:4, i:65), STATEMACHINELOGENTRY, StateMachineLogEntryProto:419@client-3F6E156514EF
	at java.base/java.util.concurrent.CompletableFuture.encodeThrowable(CompletableFuture.java:331)
	at java.base/java.util.concurrent.CompletableFuture.completeThrowable(CompletableFuture.java:346)
	at java.base/java.util.concurrent.CompletableFuture$BiRelay.tryFire(CompletableFuture.java:1423)
	at java.base/java.util.concurrent.CompletableFuture$CoCompletion.tryFire(CompletableFuture.java:1144)
	at java.base/java.util.concurrent.CompletableFuture.postComplete(CompletableFuture.java:506)
	at java.base/java.util.concurrent.CompletableFuture.completeExceptionally(CompletableFuture.java:2088)
	at org.apache.ratis.server.raftlog.segmented.SegmentedRaftLog$Task.failed(SegmentedRaftLog.java:105)
	at org.apache.ratis.server.raftlog.segmented.SegmentedRaftLogWorker$WriteLog.failed(SegmentedRaftLogWorker.java:514)
	at org.apache.ratis.server.raftlog.segmented.SegmentedRaftLogWorker.run(SegmentedRaftLogWorker.java:312)
	at java.base/java.util.concurrent.Executors$RunnableAdapter.call(Executors.java:515)
	at java.base/java.util.concurrent.FutureTask.run(FutureTask.java:264)
	at java.base/java.util.concurrent.ThreadPoolExecutor.runWorker(ThreadPoolExecutor.java:1128)
	at java.base/java.util.concurrent.ThreadPoolExecutor$Worker.run(ThreadPoolExecutor.java:628)
	at java.base/java.lang.Thread.run(Thread.java:829)
Caused by: org.apache.ratis.server.raftlog.RaftLogIOException: Log already failed at index 65 for task WriteLog:65: (t:4, i:65), STATEMACHINELOGENTRY, StateMachineLogEntryProto:419@client-3F6E156514EF
	at org.apache.ratis.server.raftlog.segmented.SegmentedRaftLogWorker.run(SegmentedRaftLogWorker.java:315)
	... 5 more
Caused by: java.io.IOException: java.lang.IllegalStateException: Null stream: entry=term: 4
index: 65
stateMachineLogEntry {
  type: DATASTREAM
  clientId: "i\b\262\343l\265B,\217\001?n\025e\024\357"
  callId: 419
}

	at org.apache.ratis.util.IOUtils.asIOException(IOUtils.java:56)
	at org.apache.ratis.util.IOUtils.toIOException(IOUtils.java:61)
	at org.apache.ratis.util.IOUtils.getFromFuture(IOUtils.java:85)
	at org.apache.ratis.server.raftlog.segmented.SegmentedRaftLogWorker$StateMachineDataPolicy.getFromFuture(SegmentedRaftLogWorker.java:88)
	at org.apache.ratis.server.raftlog.segmented.SegmentedRaftLogWorker$WriteLog.execute(SegmentedRaftLogWorker.java:535)
	at org.apache.ratis.server.raftlog.segmented.SegmentedRaftLogWorker.run(SegmentedRaftLogWorker.java:303)
	... 5 more
Caused by: java.lang.IllegalStateException: Null stream: entry=term: 4
index: 65
stateMachineLogEntry {
  type: DATASTREAM
  clientId: "i\b\262\343l\265B,\217\001?n\025e\024\357"
  callId: 419
}

	at org.apache.ratis.datastream.DataStreamTestUtils$MultiDataStreamStateMachine.link(DataStreamTestUtils.java:159)
	at org.apache.ratis.server.raftlog.segmented.SegmentedRaftLogWorker$WriteLog.<init>(SegmentedRaftLogWorker.java:492)
	at org.apache.ratis.server.raftlog.segmented.SegmentedRaftLogWorker.writeLogEntry(SegmentedRaftLogWorker.java:438)
	at org.apache.ratis.server.raftlog.segmented.SegmentedRaftLog.appendEntryImpl(SegmentedRaftLog.java:409)
	at org.apache.ratis.server.raftlog.RaftLogBase.lambda$appendEntry$10(RaftLogBase.java:330)
	at org.apache.ratis.server.raftlog.RaftLogSequentialOps$Runner.runSequentially(RaftLogSequentialOps.java:78)
	at org.apache.ratis.server.raftlog.RaftLogBase.appendEntry(RaftLogBase.java:330)
	at org.apache.ratis.server.raftlog.segmented.SegmentedRaftLog.appendImpl(SegmentedRaftLog.java:457)
	at org.apache.ratis.server.raftlog.RaftLogBase.lambda$append$11(RaftLogBase.java:337)
	at org.apache.ratis.server.raftlog.RaftLogSequentialOps$Runner.runSequentially(RaftLogSequentialOps.java:69)
	at org.apache.ratis.server.raftlog.RaftLogBase.append(RaftLogBase.java:337)
	at org.apache.ratis.server.impl.RaftServerImpl.appendEntriesAsync(RaftServerImpl.java:1530)
	at org.apache.ratis.server.impl.RaftServerImpl.appendEntriesAsync(RaftServerImpl.java:1394)
	at org.apache.ratis.server.impl.RaftServerProxy.lambda$appendEntriesAsync$26(RaftServerProxy.java:639)
	at org.apache.ratis.util.JavaUtils.callAsUnchecked(JavaUtils.java:117)
	at org.apache.ratis.server.impl.RaftServerImpl.lambda$executeSubmitServerRequestAsync$11(RaftServerImpl.java:822)
	at java.base/java.util.concurrent.CompletableFuture$AsyncSupply.run(CompletableFuture.java:1700)
	... 3 more
2023-03-28 15:14:18,257 [grpc-default-executor-2] WARN  server.GrpcLogAppender (LogUtils.java:warn(124)) - s2@group-4AD7D8BDF6E4->s0-AppendLogResponseHandler: Failed appendEntries
org.apache.ratis.server.raftlog.RaftLogIOException: Log already failed at index 65 for task WriteLog:65: (t:4, i:65), STATEMACHINELOGENTRY, StateMachineLogEntryProto:419@client-3F6E156514EF
	at org.apache.ratis.server.raftlog.segmented.SegmentedRaftLogWorker.run(SegmentedRaftLogWorker.java:315)
	at java.base/java.util.concurrent.Executors$RunnableAdapter.call(Executors.java:515)
	at java.base/java.util.concurrent.FutureTask.run(FutureTask.java:264)
	at java.base/java.util.concurrent.ThreadPoolExecutor.runWorker(ThreadPoolExecutor.java:1128)
	at java.base/java.util.concurrent.ThreadPoolExecutor$Worker.run(ThreadPoolExecutor.java:628)
	at java.base/java.lang.Thread.run(Thread.java:829)
Caused by: java.io.IOException: java.lang.IllegalStateException: Null stream: entry=term: 4
index: 65
stateMachineLogEntry {
  type: DATASTREAM
  clientId: "i\b\262\343l\265B,\217\001?n\025e\024\357"
  callId: 419
}

	at org.apache.ratis.util.IOUtils.asIOException(IOUtils.java:56)
	at org.apache.ratis.util.IOUtils.toIOException(IOUtils.java:61)
	at org.apache.ratis.util.IOUtils.getFromFuture(IOUtils.java:85)
	at org.apache.ratis.server.raftlog.segmented.SegmentedRaftLogWorker$StateMachineDataPolicy.getFromFuture(SegmentedRaftLogWorker.java:88)
	at org.apache.ratis.server.raftlog.segmented.SegmentedRaftLogWorker$WriteLog.execute(SegmentedRaftLogWorker.java:535)
	at org.apache.ratis.server.raftlog.segmented.SegmentedRaftLogWorker.run(SegmentedRaftLogWorker.java:303)
	... 5 more
Caused by: java.lang.IllegalStateException: Null stream: entry=term: 4
index: 65
stateMachineLogEntry {
  type: DATASTREAM
  clientId: "i\b\262\343l\265B,\217\001?n\025e\024\357"
  callId: 419
}

	at org.apache.ratis.datastream.DataStreamTestUtils$MultiDataStreamStateMachine.link(DataStreamTestUtils.java:159)
	at org.apache.ratis.server.raftlog.segmented.SegmentedRaftLogWorker$WriteLog.<init>(SegmentedRaftLogWorker.java:492)
	at org.apache.ratis.server.raftlog.segmented.SegmentedRaftLogWorker.writeLogEntry(SegmentedRaftLogWorker.java:438)
	at org.apache.ratis.server.raftlog.segmented.SegmentedRaftLog.appendEntryImpl(SegmentedRaftLog.java:409)
	at org.apache.ratis.server.raftlog.RaftLogBase.lambda$appendEntry$10(RaftLogBase.java:330)
	at org.apache.ratis.server.raftlog.RaftLogSequentialOps$Runner.runSequentially(RaftLogSequentialOps.java:78)
	at org.apache.ratis.server.raftlog.RaftLogBase.appendEntry(RaftLogBase.java:330)
	at org.apache.ratis.server.raftlog.segmented.SegmentedRaftLog.appendImpl(SegmentedRaftLog.java:457)
	at org.apache.ratis.server.raftlog.RaftLogBase.lambda$append$11(RaftLogBase.java:337)
	at org.apache.ratis.server.raftlog.RaftLogSequentialOps$Runner.runSequentially(RaftLogSequentialOps.java:69)
	at org.apache.ratis.server.raftlog.RaftLogBase.append(RaftLogBase.java:337)
	at org.apache.ratis.server.impl.RaftServerImpl.appendEntriesAsync(RaftServerImpl.java:1530)
	at org.apache.ratis.server.impl.RaftServerImpl.appendEntriesAsync(RaftServerImpl.java:1394)
	at org.apache.ratis.server.impl.RaftServerProxy.lambda$appendEntriesAsync$26(RaftServerProxy.java:639)
	at org.apache.ratis.util.JavaUtils.callAsUnchecked(JavaUtils.java:117)
	at org.apache.ratis.server.impl.RaftServerImpl.lambda$executeSubmitServerRequestAsync$11(RaftServerImpl.java:822)
	at java.base/java.util.concurrent.CompletableFuture$AsyncSupply.run(CompletableFuture.java:1700)
	... 3 more
2023-03-28 15:14:18,258 [grpc-default-executor-2] INFO  leader.FollowerInfo (FollowerInfoImpl.java:lambda$new$0(52)) - s2@group-4AD7D8BDF6E4->s0: decreaseNextIndex nextIndex: updateUnconditionally 117 -> 113
2023-03-28 15:14:18,214 [grpc-default-executor-9] INFO  impl.VoteContext (VoteContext.java:log(49)) - s1@group-4AD7D8BDF6E4-FOLLOWER: reject PRE_VOTE from s0: this server is a follower and still has a valid leader s2
2023-03-28 15:14:18,258 [grpc-default-executor-9] INFO  server.RaftServer$Division (RaftServerImpl.java:requestVote(1333)) - s1@group-4AD7D8BDF6E4 replies to PRE_VOTE vote request: s0<-s1#0:FAIL-t4. Peer's state: s1@group-4AD7D8BDF6E4:t4, leader=s2, voted=s2, raftlog=Memoized:s1@group-4AD7D8BDF6E4-SegmentedRaftLog:OPENED:c112, conf=63: peers:[s0|rpc:localhost:39189|admin:localhost:46309|client:localhost:42931|dataStream:localhost:35501|priority:0|startupRole:FOLLOWER, s1|rpc:localhost:42161|admin:localhost:45919|client:localhost:41703|dataStream:localhost:35503|priority:0|startupRole:FOLLOWER, s2|rpc:localhost:39003|admin:localhost:43283|client:localhost:38251|dataStream:localhost:44179|priority:0|startupRole:FOLLOWER]|listeners:[], old=null
2023-03-28 15:14:18,258 [s1-server-thread3] INFO  statemachine.StateMachine (DataStreamTestUtils.java:link(157)) - link SingleDataStream: writeRequest=RaftClientRequest:client-DEAA827FFAAC->s2@group-4AD7D8BDF6E4, cid=448, seq=0, DataStream, Message:<EMPTY>, logEntry=null
2023-03-28 15:14:18,258 [s1-server-thread3] INFO  statemachine.StateMachine (DataStreamTestUtils.java:link(157)) - link SingleDataStream: writeRequest=RaftClientRequest:client-DEAA827FFAAC->s2@group-4AD7D8BDF6E4, cid=447, seq=0, DataStream, Message:<EMPTY>, logEntry=null
2023-03-28 15:14:18,259 [s1-server-thread1] INFO  statemachine.StateMachine (DataStreamTestUtils.java:link(157)) - link SingleDataStream: writeRequest=RaftClientRequest:client-DEAA827FFAAC->s2@group-4AD7D8BDF6E4, cid=449, seq=0, DataStream, Message:<EMPTY>, logEntry=null
2023-03-28 15:14:18,259 [s1-server-thread1] INFO  statemachine.StateMachine (DataStreamTestUtils.java:link(157)) - link SingleDataStream: writeRequest=RaftClientRequest:client-DEAA827FFAAC->s2@group-4AD7D8BDF6E4, cid=450, seq=0, DataStream, Message:<EMPTY>, logEntry=null
2023-03-28 15:14:18,213 [s1@group-4AD7D8BDF6E4-LeaderElection18] INFO  impl.LeaderElection (LeaderElection.java:run(239)) - s1@group-4AD7D8BDF6E4-LeaderElection18: skip running since this is already CLOSING
2023-03-28 15:14:18,174 [s0-server-thread1] INFO  statemachine.StateMachine (DataStreamTestUtils.java:link(157)) - link SingleDataStream: writeRequest=RaftClientRequest:client-DEAA827FFAAC->s2@group-4AD7D8BDF6E4, cid=450, seq=0, DataStream, Message:<EMPTY>, logEntry=null
2023-03-28 15:14:18,262 [s0-server-thread1] WARN  server.GrpcServerProtocolService (LogUtils.java:warn(124)) - s0: Failed APPEND_ENTRIES request s2->s0#119170-t4,previous=(t:4, i:115),leaderCommit=112,initializing? true,entries: size=1, first=(t:4, i:116), STATEMACHINELOGENTRY, 450@client-DEAA827FFAAC
java.util.concurrent.CompletionException: org.apache.ratis.server.raftlog.RaftLogIOException: Log already failed at index 65 for task WriteLog:65: (t:4, i:65), STATEMACHINELOGENTRY, StateMachineLogEntryProto:419@client-3F6E156514EF
	at java.base/java.util.concurrent.CompletableFuture.encodeThrowable(CompletableFuture.java:331)
	at java.base/java.util.concurrent.CompletableFuture.completeThrowable(CompletableFuture.java:346)
	at java.base/java.util.concurrent.CompletableFuture$BiRelay.tryFire(CompletableFuture.java:1423)
	at java.base/java.util.concurrent.CompletableFuture$CoCompletion.tryFire(CompletableFuture.java:1144)
	at java.base/java.util.concurrent.CompletableFuture.postComplete(CompletableFuture.java:506)
	at java.base/java.util.concurrent.CompletableFuture.completeExceptionally(CompletableFuture.java:2088)
	at org.apache.ratis.server.raftlog.segmented.SegmentedRaftLog$Task.failed(SegmentedRaftLog.java:105)
	at org.apache.ratis.server.raftlog.segmented.SegmentedRaftLogWorker$WriteLog.failed(SegmentedRaftLogWorker.java:514)
	at org.apache.ratis.server.raftlog.segmented.SegmentedRaftLogWorker.run(SegmentedRaftLogWorker.java:312)
	at java.base/java.util.concurrent.Executors$RunnableAdapter.call(Executors.java:515)
	at java.base/java.util.concurrent.FutureTask.run(FutureTask.java:264)
	at java.base/java.util.concurrent.ThreadPoolExecutor.runWorker(ThreadPoolExecutor.java:1128)
	at java.base/java.util.concurrent.ThreadPoolExecutor$Worker.run(ThreadPoolExecutor.java:628)
	at java.base/java.lang.Thread.run(Thread.java:829)
Caused by: org.apache.ratis.server.raftlog.RaftLogIOException: Log already failed at index 65 for task WriteLog:65: (t:4, i:65), STATEMACHINELOGENTRY, StateMachineLogEntryProto:419@client-3F6E156514EF
	at org.apache.ratis.server.raftlog.segmented.SegmentedRaftLogWorker.run(SegmentedRaftLogWorker.java:315)
	... 5 more
Caused by: java.io.IOException: java.lang.IllegalStateException: Null stream: entry=term: 4
index: 65
stateMachineLogEntry {
  type: DATASTREAM
  clientId: "i\b\262\343l\265B,\217\001?n\025e\024\357"
  callId: 419
}

	at org.apache.ratis.util.IOUtils.asIOException(IOUtils.java:56)
	at org.apache.ratis.util.IOUtils.toIOException(IOUtils.java:61)
	at org.apache.ratis.util.IOUtils.getFromFuture(IOUtils.java:85)
	at org.apache.ratis.server.raftlog.segmented.SegmentedRaftLogWorker$StateMachineDataPolicy.getFromFuture(SegmentedRaftLogWorker.java:88)
	at org.apache.ratis.server.raftlog.segmented.SegmentedRaftLogWorker$WriteLog.execute(SegmentedRaftLogWorker.java:535)
	at org.apache.ratis.server.raftlog.segmented.SegmentedRaftLogWorker.run(SegmentedRaftLogWorker.java:303)
	... 5 more
Caused by: java.lang.IllegalStateException: Null stream: entry=term: 4
index: 65
stateMachineLogEntry {
  type: DATASTREAM
  clientId: "i\b\262\343l\265B,\217\001?n\025e\024\357"
  callId: 419
}

	at org.apache.ratis.datastream.DataStreamTestUtils$MultiDataStreamStateMachine.link(DataStreamTestUtils.java:159)
	at org.apache.ratis.server.raftlog.segmented.SegmentedRaftLogWorker$WriteLog.<init>(SegmentedRaftLogWorker.java:492)
	at org.apache.ratis.server.raftlog.segmented.SegmentedRaftLogWorker.writeLogEntry(SegmentedRaftLogWorker.java:438)
	at org.apache.ratis.server.raftlog.segmented.SegmentedRaftLog.appendEntryImpl(SegmentedRaftLog.java:409)
	at org.apache.ratis.server.raftlog.RaftLogBase.lambda$appendEntry$10(RaftLogBase.java:330)
	at org.apache.ratis.server.raftlog.RaftLogSequentialOps$Runner.runSequentially(RaftLogSequentialOps.java:78)
	at org.apache.ratis.server.raftlog.RaftLogBase.appendEntry(RaftLogBase.java:330)
	at org.apache.ratis.server.raftlog.segmented.SegmentedRaftLog.appendImpl(SegmentedRaftLog.java:457)
	at org.apache.ratis.server.raftlog.RaftLogBase.lambda$append$11(RaftLogBase.java:337)
	at org.apache.ratis.server.raftlog.RaftLogSequentialOps$Runner.runSequentially(RaftLogSequentialOps.java:69)
	at org.apache.ratis.server.raftlog.RaftLogBase.append(RaftLogBase.java:337)
	at org.apache.ratis.server.impl.RaftServerImpl.appendEntriesAsync(RaftServerImpl.java:1530)
	at org.apache.ratis.server.impl.RaftServerImpl.appendEntriesAsync(RaftServerImpl.java:1394)
	at org.apache.ratis.server.impl.RaftServerProxy.lambda$appendEntriesAsync$26(RaftServerProxy.java:639)
	at org.apache.ratis.util.JavaUtils.callAsUnchecked(JavaUtils.java:117)
	at org.apache.ratis.server.impl.RaftServerImpl.lambda$executeSubmitServerRequestAsync$11(RaftServerImpl.java:822)
	at java.base/java.util.concurrent.CompletableFuture$AsyncSupply.run(CompletableFuture.java:1700)
	... 3 more
2023-03-28 15:14:18,265 [pool-7-thread-9] INFO  datastream.DataStreamTestUtils (DataStreamTestUtils.java:writeAndCloseAndAssertReplies(311)) - start Stream453
2023-03-28 15:14:18,264 [pool-7-thread-7] INFO  datastream.DataStreamTestUtils (DataStreamTestUtils.java:writeAndCloseAndAssertReplies(311)) - start Stream452
2023-03-28 15:14:18,263 [pool-7-thread-10] INFO  datastream.DataStreamTestUtils (DataStreamTestUtils.java:writeAndCloseAndAssertReplies(311)) - start Stream436
2023-03-28 15:14:18,263 [pool-7-thread-8] INFO  datastream.DataStreamTestUtils (DataStreamTestUtils.java:writeAndCloseAndAssertReplies(311)) - start Stream451
2023-03-28 15:14:18,301 [grpc-default-executor-1] WARN  server.GrpcServerProtocolService (LogUtils.java:warn(124)) - s0: Failed APPEND_ENTRIES request s2->s0#123588-t4,previous=(t:4, i:112),leaderCommit=119,initializing? true,entries: size=7, first=(t:4, i:113), STATEMACHINELOGENTRY, 448@client-DEAA827FFAAC
java.util.concurrent.CompletionException: org.apache.ratis.server.raftlog.RaftLogIOException: Log already failed at index 65 for task WriteLog:65: (t:4, i:65), STATEMACHINELOGENTRY, StateMachineLogEntryProto:419@client-3F6E156514EF
	at java.base/java.util.concurrent.CompletableFuture.encodeThrowable(CompletableFuture.java:331)
	at java.base/java.util.concurrent.CompletableFuture.completeThrowable(CompletableFuture.java:346)
	at java.base/java.util.concurrent.CompletableFuture$BiRelay.tryFire(CompletableFuture.java:1423)
	at java.base/java.util.concurrent.CompletableFuture$CoCompletion.tryFire(CompletableFuture.java:1144)
	at java.base/java.util.concurrent.CompletableFuture.postComplete(CompletableFuture.java:506)
	at java.base/java.util.concurrent.CompletableFuture.completeExceptionally(CompletableFuture.java:2088)
	at org.apache.ratis.server.raftlog.segmented.SegmentedRaftLog$Task.failed(SegmentedRaftLog.java:105)
	at org.apache.ratis.server.raftlog.segmented.SegmentedRaftLogWorker$WriteLog.failed(SegmentedRaftLogWorker.java:514)
	at org.apache.ratis.server.raftlog.segmented.SegmentedRaftLogWorker.run(SegmentedRaftLogWorker.java:312)
	at java.base/java.util.concurrent.Executors$RunnableAdapter.call(Executors.java:515)
	at java.base/java.util.concurrent.FutureTask.run(FutureTask.java:264)
	at java.base/java.util.concurrent.ThreadPoolExecutor.runWorker(ThreadPoolExecutor.java:1128)
	at java.base/java.util.concurrent.ThreadPoolExecutor$Worker.run(ThreadPoolExecutor.java:628)
	at java.base/java.lang.Thread.run(Thread.java:829)
Caused by: org.apache.ratis.server.raftlog.RaftLogIOException: Log already failed at index 65 for task WriteLog:65: (t:4, i:65), STATEMACHINELOGENTRY, StateMachineLogEntryProto:419@client-3F6E156514EF
	at org.apache.ratis.server.raftlog.segmented.SegmentedRaftLogWorker.run(SegmentedRaftLogWorker.java:315)
	... 5 more
Caused by: java.io.IOException: java.lang.IllegalStateException: Null stream: entry=term: 4
index: 65
stateMachineLogEntry {
  type: DATASTREAM
  clientId: "i\b\262\343l\265B,\217\001?n\025e\024\357"
  callId: 419
}

	at org.apache.ratis.util.IOUtils.asIOException(IOUtils.java:56)
	at org.apache.ratis.util.IOUtils.toIOException(IOUtils.java:61)
	at org.apache.ratis.util.IOUtils.getFromFuture(IOUtils.java:85)
	at org.apache.ratis.server.raftlog.segmented.SegmentedRaftLogWorker$StateMachineDataPolicy.getFromFuture(SegmentedRaftLogWorker.java:88)
	at org.apache.ratis.server.raftlog.segmented.SegmentedRaftLogWorker$WriteLog.execute(SegmentedRaftLogWorker.java:535)
	at org.apache.ratis.server.raftlog.segmented.SegmentedRaftLogWorker.run(SegmentedRaftLogWorker.java:303)
	... 5 more
Caused by: java.lang.IllegalStateException: Null stream: entry=term: 4
index: 65
stateMachineLogEntry {
  type: DATASTREAM
  clientId: "i\b\262\343l\265B,\217\001?n\025e\024\357"
  callId: 419
}

	at org.apache.ratis.datastream.DataStreamTestUtils$MultiDataStreamStateMachine.link(DataStreamTestUtils.java:159)
	at org.apache.ratis.server.raftlog.segmented.SegmentedRaftLogWorker$WriteLog.<init>(SegmentedRaftLogWorker.java:492)
	at org.apache.ratis.server.raftlog.segmented.SegmentedRaftLogWorker.writeLogEntry(SegmentedRaftLogWorker.java:438)
	at org.apache.ratis.server.raftlog.segmented.SegmentedRaftLog.appendEntryImpl(SegmentedRaftLog.java:409)
	at org.apache.ratis.server.raftlog.RaftLogBase.lambda$appendEntry$10(RaftLogBase.java:330)
	at org.apache.ratis.server.raftlog.RaftLogSequentialOps$Runner.runSequentially(RaftLogSequentialOps.java:78)
	at org.apache.ratis.server.raftlog.RaftLogBase.appendEntry(RaftLogBase.java:330)
	at org.apache.ratis.server.raftlog.segmented.SegmentedRaftLog.appendImpl(SegmentedRaftLog.java:457)
	at org.apache.ratis.server.raftlog.RaftLogBase.lambda$append$11(RaftLogBase.java:337)
	at org.apache.ratis.server.raftlog.RaftLogSequentialOps$Runner.runSequentially(RaftLogSequentialOps.java:69)
	at org.apache.ratis.server.raftlog.RaftLogBase.append(RaftLogBase.java:337)
	at org.apache.ratis.server.impl.RaftServerImpl.appendEntriesAsync(RaftServerImpl.java:1530)
	at org.apache.ratis.server.impl.RaftServerImpl.appendEntriesAsync(RaftServerImpl.java:1394)
	at org.apache.ratis.server.impl.RaftServerProxy.lambda$appendEntriesAsync$26(RaftServerProxy.java:639)
	at org.apache.ratis.util.JavaUtils.callAsUnchecked(JavaUtils.java:117)
	at org.apache.ratis.server.impl.RaftServerImpl.lambda$executeSubmitServerRequestAsync$11(RaftServerImpl.java:822)
	at java.base/java.util.concurrent.CompletableFuture$AsyncSupply.run(CompletableFuture.java:1700)
	... 3 more
2023-03-28 15:14:18,335 [grpc-default-executor-1] WARN  server.GrpcLogAppender (LogUtils.java:warn(124)) - s2@group-4AD7D8BDF6E4->s0-AppendLogResponseHandler: Failed appendEntries
org.apache.ratis.server.raftlog.RaftLogIOException: Log already failed at index 65 for task WriteLog:65: (t:4, i:65), STATEMACHINELOGENTRY, StateMachineLogEntryProto:419@client-3F6E156514EF
	at org.apache.ratis.server.raftlog.segmented.SegmentedRaftLogWorker.run(SegmentedRaftLogWorker.java:315)
	at java.base/java.util.concurrent.Executors$RunnableAdapter.call(Executors.java:515)
	at java.base/java.util.concurrent.FutureTask.run(FutureTask.java:264)
	at java.base/java.util.concurrent.ThreadPoolExecutor.runWorker(ThreadPoolExecutor.java:1128)
	at java.base/java.util.concurrent.ThreadPoolExecutor$Worker.run(ThreadPoolExecutor.java:628)
	at java.base/java.lang.Thread.run(Thread.java:829)
Caused by: java.io.IOException: java.lang.IllegalStateException: Null stream: entry=term: 4
index: 65
stateMachineLogEntry {
  type: DATASTREAM
  clientId: "i\b\262\343l\265B,\217\001?n\025e\024\357"
  callId: 419
}

	at org.apache.ratis.util.IOUtils.asIOException(IOUtils.java:56)
	at org.apache.ratis.util.IOUtils.toIOException(IOUtils.java:61)
	at org.apache.ratis.util.IOUtils.getFromFuture(IOUtils.java:85)
	at org.apache.ratis.server.raftlog.segmented.SegmentedRaftLogWorker$StateMachineDataPolicy.getFromFuture(SegmentedRaftLogWorker.java:88)
	at org.apache.ratis.server.raftlog.segmented.SegmentedRaftLogWorker$WriteLog.execute(SegmentedRaftLogWorker.java:535)
	at org.apache.ratis.server.raftlog.segmented.SegmentedRaftLogWorker.run(SegmentedRaftLogWorker.java:303)
	... 5 more
Caused by: java.lang.IllegalStateException: Null stream: entry=term: 4
index: 65
stateMachineLogEntry {
  type: DATASTREAM
  clientId: "i\b\262\343l\265B,\217\001?n\025e\024\357"
  callId: 419
}

	at org.apache.ratis.datastream.DataStreamTestUtils$MultiDataStreamStateMachine.link(DataStreamTestUtils.java:159)
	at org.apache.ratis.server.raftlog.segmented.SegmentedRaftLogWorker$WriteLog.<init>(SegmentedRaftLogWorker.java:492)
	at org.apache.ratis.server.raftlog.segmented.SegmentedRaftLogWorker.writeLogEntry(SegmentedRaftLogWorker.java:438)
	at org.apache.ratis.server.raftlog.segmented.SegmentedRaftLog.appendEntryImpl(SegmentedRaftLog.java:409)
	at org.apache.ratis.server.raftlog.RaftLogBase.lambda$appendEntry$10(RaftLogBase.java:330)
	at org.apache.ratis.server.raftlog.RaftLogSequentialOps$Runner.runSequentially(RaftLogSequentialOps.java:78)
	at org.apache.ratis.server.raftlog.RaftLogBase.appendEntry(RaftLogBase.java:330)
	at org.apache.ratis.server.raftlog.segmented.SegmentedRaftLog.appendImpl(SegmentedRaftLog.java:457)
	at org.apache.ratis.server.raftlog.RaftLogBase.lambda$append$11(RaftLogBase.java:337)
	at org.apache.ratis.server.raftlog.RaftLogSequentialOps$Runner.runSequentially(RaftLogSequentialOps.java:69)
	at org.apache.ratis.server.raftlog.RaftLogBase.append(RaftLogBase.java:337)
	at org.apache.ratis.server.impl.RaftServerImpl.appendEntriesAsync(RaftServerImpl.java:1530)
	at org.apache.ratis.server.impl.RaftServerImpl.appendEntriesAsync(RaftServerImpl.java:1394)
	at org.apache.ratis.server.impl.RaftServerProxy.lambda$appendEntriesAsync$26(RaftServerProxy.java:639)
	at org.apache.ratis.util.JavaUtils.callAsUnchecked(JavaUtils.java:117)
	at org.apache.ratis.server.impl.RaftServerImpl.lambda$executeSubmitServerRequestAsync$11(RaftServerImpl.java:822)
	at java.base/java.util.concurrent.CompletableFuture$AsyncSupply.run(CompletableFuture.java:1700)
	... 3 more
2023-03-28 15:14:18,336 [grpc-default-executor-1] INFO  leader.FollowerInfo (FollowerInfoImpl.java:lambda$new$0(52)) - s2@group-4AD7D8BDF6E4->s0: decreaseNextIndex nextIndex: updateUnconditionally 120 -> 113
2023-03-28 15:14:18,359 [pool-7-thread-9] INFO  datastream.DataStreamTestUtils (DataStreamTestUtils.java:writeAndCloseAndAssertReplies(320)) - Stream453: bytesWritten=739265
2023-03-28 15:14:18,366 [pool-7-thread-7] INFO  datastream.DataStreamTestUtils (DataStreamTestUtils.java:writeAndCloseAndAssertReplies(320)) - Stream452: bytesWritten=740904
2023-03-28 15:14:18,372 [pool-7-thread-10] INFO  datastream.DataStreamTestUtils (DataStreamTestUtils.java:writeAndCloseAndAssertReplies(320)) - Stream436: bytesWritten=681312
2023-03-28 15:14:18,372 [pool-7-thread-8] INFO  datastream.DataStreamTestUtils (DataStreamTestUtils.java:writeAndCloseAndAssertReplies(320)) - Stream451: bytesWritten=716203
2023-03-28 15:14:18,704 [s2-client-thread1] INFO  statemachine.StateMachine (DataStreamTestUtils.java:link(157)) - link SingleDataStream: writeRequest=RaftClientRequest:client-1BC8539CFEA6->s0@group-4AD7D8BDF6E4, cid=452, seq=0, DataStream, Message:<EMPTY>, logEntry=null
2023-03-28 15:14:18,707 [s2-client-thread1] INFO  statemachine.StateMachine (DataStreamTestUtils.java:link(157)) - link SingleDataStream: writeRequest=RaftClientRequest:client-1BC8539CFEA6->s0@group-4AD7D8BDF6E4, cid=453, seq=0, DataStream, Message:<EMPTY>, logEntry=null
2023-03-28 15:14:18,714 [s2-client-thread1] INFO  statemachine.StateMachine (DataStreamTestUtils.java:link(157)) - link SingleDataStream: writeRequest=RaftClientRequest:client-1BC8539CFEA6->s0@group-4AD7D8BDF6E4, cid=436, seq=0, DataStream, Message:<EMPTY>, logEntry=null
2023-03-28 15:14:18,721 [s2-client-thread1] INFO  statemachine.StateMachine (DataStreamTestUtils.java:link(157)) - link SingleDataStream: writeRequest=RaftClientRequest:client-1BC8539CFEA6->s0@group-4AD7D8BDF6E4, cid=451, seq=0, DataStream, Message:<EMPTY>, logEntry=null
2023-03-28 15:14:18,722 [s0-server-thread1] INFO  statemachine.StateMachine (DataStreamTestUtils.java:link(157)) - link SingleDataStream: writeRequest=RaftClientRequest:client-1BC8539CFEA6->s0@group-4AD7D8BDF6E4, cid=452, seq=0, DataStream, Message:<EMPTY>, logEntry=null
2023-03-28 15:14:18,722 [s0-server-thread1] INFO  statemachine.StateMachine (DataStreamTestUtils.java:link(157)) - link SingleDataStream: writeRequest=RaftClientRequest:client-1BC8539CFEA6->s0@group-4AD7D8BDF6E4, cid=453, seq=0, DataStream, Message:<EMPTY>, logEntry=null
2023-03-28 15:14:18,723 [s0-server-thread1] WARN  server.GrpcServerProtocolService (LogUtils.java:warn(124)) - s0: Failed APPEND_ENTRIES request s2->s0#140056-t4,previous=(t:4, i:119),leaderCommit=119,initializing? true,entries: size=2, first=(t:4, i:120), STATEMACHINELOGENTRY, 452@client-1BC8539CFEA6
java.util.concurrent.CompletionException: org.apache.ratis.server.raftlog.RaftLogIOException: Log already failed at index 65 for task WriteLog:65: (t:4, i:65), STATEMACHINELOGENTRY, StateMachineLogEntryProto:419@client-3F6E156514EF
	at java.base/java.util.concurrent.CompletableFuture.encodeThrowable(CompletableFuture.java:331)
	at java.base/java.util.concurrent.CompletableFuture.completeThrowable(CompletableFuture.java:346)
	at java.base/java.util.concurrent.CompletableFuture$BiRelay.tryFire(CompletableFuture.java:1423)
	at java.base/java.util.concurrent.CompletableFuture$CoCompletion.tryFire(CompletableFuture.java:1144)
	at java.base/java.util.concurrent.CompletableFuture.postComplete(CompletableFuture.java:506)
	at java.base/java.util.concurrent.CompletableFuture.completeExceptionally(CompletableFuture.java:2088)
	at org.apache.ratis.server.raftlog.segmented.SegmentedRaftLog$Task.failed(SegmentedRaftLog.java:105)
	at org.apache.ratis.server.raftlog.segmented.SegmentedRaftLogWorker$WriteLog.failed(SegmentedRaftLogWorker.java:514)
	at org.apache.ratis.server.raftlog.segmented.SegmentedRaftLogWorker.run(SegmentedRaftLogWorker.java:312)
	at java.base/java.util.concurrent.Executors$RunnableAdapter.call(Executors.java:515)
	at java.base/java.util.concurrent.FutureTask.run(FutureTask.java:264)
	at java.base/java.util.concurrent.ThreadPoolExecutor.runWorker(ThreadPoolExecutor.java:1128)
	at java.base/java.util.concurrent.ThreadPoolExecutor$Worker.run(ThreadPoolExecutor.java:628)
	at java.base/java.lang.Thread.run(Thread.java:829)
Caused by: org.apache.ratis.server.raftlog.RaftLogIOException: Log already failed at index 65 for task WriteLog:65: (t:4, i:65), STATEMACHINELOGENTRY, StateMachineLogEntryProto:419@client-3F6E156514EF
	at org.apache.ratis.server.raftlog.segmented.SegmentedRaftLogWorker.run(SegmentedRaftLogWorker.java:315)
	... 5 more
Caused by: java.io.IOException: java.lang.IllegalStateException: Null stream: entry=term: 4
index: 65
stateMachineLogEntry {
  type: DATASTREAM
  clientId: "i\b\262\343l\265B,\217\001?n\025e\024\357"
  callId: 419
}

	at org.apache.ratis.util.IOUtils.asIOException(IOUtils.java:56)
	at org.apache.ratis.util.IOUtils.toIOException(IOUtils.java:61)
	at org.apache.ratis.util.IOUtils.getFromFuture(IOUtils.java:85)
	at org.apache.ratis.server.raftlog.segmented.SegmentedRaftLogWorker$StateMachineDataPolicy.getFromFuture(SegmentedRaftLogWorker.java:88)
	at org.apache.ratis.server.raftlog.segmented.SegmentedRaftLogWorker$WriteLog.execute(SegmentedRaftLogWorker.java:535)
	at org.apache.ratis.server.raftlog.segmented.SegmentedRaftLogWorker.run(SegmentedRaftLogWorker.java:303)
	... 5 more
Caused by: java.lang.IllegalStateException: Null stream: entry=term: 4
index: 65
stateMachineLogEntry {
  type: DATASTREAM
  clientId: "i\b\262\343l\265B,\217\001?n\025e\024\357"
  callId: 419
}

	at org.apache.ratis.datastream.DataStreamTestUtils$MultiDataStreamStateMachine.link(DataStreamTestUtils.java:159)
	at org.apache.ratis.server.raftlog.segmented.SegmentedRaftLogWorker$WriteLog.<init>(SegmentedRaftLogWorker.java:492)
	at org.apache.ratis.server.raftlog.segmented.SegmentedRaftLogWorker.writeLogEntry(SegmentedRaftLogWorker.java:438)
	at org.apache.ratis.server.raftlog.segmented.SegmentedRaftLog.appendEntryImpl(SegmentedRaftLog.java:409)
	at org.apache.ratis.server.raftlog.RaftLogBase.lambda$appendEntry$10(RaftLogBase.java:330)
	at org.apache.ratis.server.raftlog.RaftLogSequentialOps$Runner.runSequentially(RaftLogSequentialOps.java:78)
	at org.apache.ratis.server.raftlog.RaftLogBase.appendEntry(RaftLogBase.java:330)
	at org.apache.ratis.server.raftlog.segmented.SegmentedRaftLog.appendImpl(SegmentedRaftLog.java:457)
	at org.apache.ratis.server.raftlog.RaftLogBase.lambda$append$11(RaftLogBase.java:337)
	at org.apache.ratis.server.raftlog.RaftLogSequentialOps$Runner.runSequentially(RaftLogSequentialOps.java:69)
	at org.apache.ratis.server.raftlog.RaftLogBase.append(RaftLogBase.java:337)
	at org.apache.ratis.server.impl.RaftServerImpl.appendEntriesAsync(RaftServerImpl.java:1530)
	at org.apache.ratis.server.impl.RaftServerImpl.appendEntriesAsync(RaftServerImpl.java:1394)
	at org.apache.ratis.server.impl.RaftServerProxy.lambda$appendEntriesAsync$26(RaftServerProxy.java:639)
	at org.apache.ratis.util.JavaUtils.callAsUnchecked(JavaUtils.java:117)
	at org.apache.ratis.server.impl.RaftServerImpl.lambda$executeSubmitServerRequestAsync$11(RaftServerImpl.java:822)
	at java.base/java.util.concurrent.CompletableFuture$AsyncSupply.run(CompletableFuture.java:1700)
	... 3 more
2023-03-28 15:14:18,733 [grpc-default-executor-1] WARN  server.GrpcLogAppender (LogUtils.java:warn(124)) - s2@group-4AD7D8BDF6E4->s0-AppendLogResponseHandler: Failed appendEntries
org.apache.ratis.server.raftlog.RaftLogIOException: Log already failed at index 65 for task WriteLog:65: (t:4, i:65), STATEMACHINELOGENTRY, StateMachineLogEntryProto:419@client-3F6E156514EF
	at org.apache.ratis.server.raftlog.segmented.SegmentedRaftLogWorker.run(SegmentedRaftLogWorker.java:315)
	at java.base/java.util.concurrent.Executors$RunnableAdapter.call(Executors.java:515)
	at java.base/java.util.concurrent.FutureTask.run(FutureTask.java:264)
	at java.base/java.util.concurrent.ThreadPoolExecutor.runWorker(ThreadPoolExecutor.java:1128)
	at java.base/java.util.concurrent.ThreadPoolExecutor$Worker.run(ThreadPoolExecutor.java:628)
	at java.base/java.lang.Thread.run(Thread.java:829)
Caused by: java.io.IOException: java.lang.IllegalStateException: Null stream: entry=term: 4
index: 65
stateMachineLogEntry {
  type: DATASTREAM
  clientId: "i\b\262\343l\265B,\217\001?n\025e\024\357"
  callId: 419
}

	at org.apache.ratis.util.IOUtils.asIOException(IOUtils.java:56)
	at org.apache.ratis.util.IOUtils.toIOException(IOUtils.java:61)
	at org.apache.ratis.util.IOUtils.getFromFuture(IOUtils.java:85)
	at org.apache.ratis.server.raftlog.segmented.SegmentedRaftLogWorker$StateMachineDataPolicy.getFromFuture(SegmentedRaftLogWorker.java:88)
	at org.apache.ratis.server.raftlog.segmented.SegmentedRaftLogWorker$WriteLog.execute(SegmentedRaftLogWorker.java:535)
	at org.apache.ratis.server.raftlog.segmented.SegmentedRaftLogWorker.run(SegmentedRaftLogWorker.java:303)
	... 5 more
Caused by: java.lang.IllegalStateException: Null stream: entry=term: 4
index: 65
stateMachineLogEntry {
  type: DATASTREAM
  clientId: "i\b\262\343l\265B,\217\001?n\025e\024\357"
  callId: 419
}

	at org.apache.ratis.datastream.DataStreamTestUtils$MultiDataStreamStateMachine.link(DataStreamTestUtils.java:159)
	at org.apache.ratis.server.raftlog.segmented.SegmentedRaftLogWorker$WriteLog.<init>(SegmentedRaftLogWorker.java:492)
	at org.apache.ratis.server.raftlog.segmented.SegmentedRaftLogWorker.writeLogEntry(SegmentedRaftLogWorker.java:438)
	at org.apache.ratis.server.raftlog.segmented.SegmentedRaftLog.appendEntryImpl(SegmentedRaftLog.java:409)
	at org.apache.ratis.server.raftlog.RaftLogBase.lambda$appendEntry$10(RaftLogBase.java:330)
	at org.apache.ratis.server.raftlog.RaftLogSequentialOps$Runner.runSequentially(RaftLogSequentialOps.java:78)
	at org.apache.ratis.server.raftlog.RaftLogBase.appendEntry(RaftLogBase.java:330)
	at org.apache.ratis.server.raftlog.segmented.SegmentedRaftLog.appendImpl(SegmentedRaftLog.java:457)
	at org.apache.ratis.server.raftlog.RaftLogBase.lambda$append$11(RaftLogBase.java:337)
	at org.apache.ratis.server.raftlog.RaftLogSequentialOps$Runner.runSequentially(RaftLogSequentialOps.java:69)
	at org.apache.ratis.server.raftlog.RaftLogBase.append(RaftLogBase.java:337)
	at org.apache.ratis.server.impl.RaftServerImpl.appendEntriesAsync(RaftServerImpl.java:1530)
	at org.apache.ratis.server.impl.RaftServerImpl.appendEntriesAsync(RaftServerImpl.java:1394)
	at org.apache.ratis.server.impl.RaftServerProxy.lambda$appendEntriesAsync$26(RaftServerProxy.java:639)
	at org.apache.ratis.util.JavaUtils.callAsUnchecked(JavaUtils.java:117)
	at org.apache.ratis.server.impl.RaftServerImpl.lambda$executeSubmitServerRequestAsync$11(RaftServerImpl.java:822)
	at java.base/java.util.concurrent.CompletableFuture$AsyncSupply.run(CompletableFuture.java:1700)
	... 3 more
2023-03-28 15:14:18,733 [grpc-default-executor-1] INFO  leader.FollowerInfo (FollowerInfoImpl.java:lambda$new$0(52)) - s2@group-4AD7D8BDF6E4->s0: decreaseNextIndex nextIndex: updateUnconditionally 122 -> 120
2023-03-28 15:14:18,763 [s1-server-thread3] INFO  statemachine.StateMachine (DataStreamTestUtils.java:link(157)) - link SingleDataStream: writeRequest=RaftClientRequest:client-1BC8539CFEA6->s0@group-4AD7D8BDF6E4, cid=452, seq=0, DataStream, Message:<EMPTY>, logEntry=null
2023-03-28 15:14:18,763 [s1-server-thread3] INFO  statemachine.StateMachine (DataStreamTestUtils.java:link(157)) - link SingleDataStream: writeRequest=RaftClientRequest:client-1BC8539CFEA6->s0@group-4AD7D8BDF6E4, cid=453, seq=0, DataStream, Message:<EMPTY>, logEntry=null
2023-03-28 15:14:18,763 [s1-server-thread3] INFO  statemachine.StateMachine (DataStreamTestUtils.java:link(157)) - link SingleDataStream: writeRequest=RaftClientRequest:client-1BC8539CFEA6->s0@group-4AD7D8BDF6E4, cid=436, seq=0, DataStream, Message:<EMPTY>, logEntry=null
2023-03-28 15:14:18,763 [s1-server-thread3] INFO  statemachine.StateMachine (DataStreamTestUtils.java:link(157)) - link SingleDataStream: writeRequest=RaftClientRequest:client-1BC8539CFEA6->s0@group-4AD7D8BDF6E4, cid=451, seq=0, DataStream, Message:<EMPTY>, logEntry=null
2023-03-28 15:14:18,766 [pool-7-thread-7] INFO  datastream.DataStreamTestUtils (DataStreamTestUtils.java:writeAndCloseAndAssertReplies(311)) - start Stream454
2023-03-28 15:14:18,770 [pool-7-thread-9] INFO  datastream.DataStreamTestUtils (DataStreamTestUtils.java:writeAndCloseAndAssertReplies(311)) - start Stream455
2023-03-28 15:14:18,778 [pool-7-thread-10] INFO  datastream.DataStreamTestUtils (DataStreamTestUtils.java:writeAndCloseAndAssertReplies(311)) - start Stream456
2023-03-28 15:14:18,784 [pool-7-thread-8] INFO  datastream.DataStreamTestUtils (DataStreamTestUtils.java:writeAndCloseAndAssertReplies(311)) - start Stream457
2023-03-28 15:14:18,799 [s0-server-thread2] INFO  statemachine.StateMachine (DataStreamTestUtils.java:link(157)) - link SingleDataStream: writeRequest=RaftClientRequest:client-1BC8539CFEA6->s0@group-4AD7D8BDF6E4, cid=436, seq=0, DataStream, Message:<EMPTY>, logEntry=null
2023-03-28 15:14:18,799 [s0-server-thread2] INFO  statemachine.StateMachine (DataStreamTestUtils.java:link(157)) - link SingleDataStream: writeRequest=RaftClientRequest:client-1BC8539CFEA6->s0@group-4AD7D8BDF6E4, cid=451, seq=0, DataStream, Message:<EMPTY>, logEntry=null
2023-03-28 15:14:18,800 [grpc-default-executor-1] WARN  server.GrpcServerProtocolService (LogUtils.java:warn(124)) - s0: Failed APPEND_ENTRIES request s2->s0#140058-t4,previous=(t:4, i:119),leaderCommit=123,initializing? true,entries: size=5, first=(t:4, i:120), STATEMACHINELOGENTRY, 452@client-1BC8539CFEA6
java.util.concurrent.CompletionException: org.apache.ratis.server.raftlog.RaftLogIOException: Log already failed at index 65 for task WriteLog:65: (t:4, i:65), STATEMACHINELOGENTRY, StateMachineLogEntryProto:419@client-3F6E156514EF
	at java.base/java.util.concurrent.CompletableFuture.encodeThrowable(CompletableFuture.java:331)
	at java.base/java.util.concurrent.CompletableFuture.completeThrowable(CompletableFuture.java:346)
	at java.base/java.util.concurrent.CompletableFuture$BiRelay.tryFire(CompletableFuture.java:1423)
	at java.base/java.util.concurrent.CompletableFuture$CoCompletion.tryFire(CompletableFuture.java:1144)
	at java.base/java.util.concurrent.CompletableFuture.postComplete(CompletableFuture.java:506)
	at java.base/java.util.concurrent.CompletableFuture.completeExceptionally(CompletableFuture.java:2088)
	at org.apache.ratis.server.raftlog.segmented.SegmentedRaftLog$Task.failed(SegmentedRaftLog.java:105)
	at org.apache.ratis.server.raftlog.segmented.SegmentedRaftLogWorker$WriteLog.failed(SegmentedRaftLogWorker.java:514)
	at org.apache.ratis.server.raftlog.segmented.SegmentedRaftLogWorker.run(SegmentedRaftLogWorker.java:312)
	at java.base/java.util.concurrent.Executors$RunnableAdapter.call(Executors.java:515)
	at java.base/java.util.concurrent.FutureTask.run(FutureTask.java:264)
	at java.base/java.util.concurrent.ThreadPoolExecutor.runWorker(ThreadPoolExecutor.java:1128)
	at java.base/java.util.concurrent.ThreadPoolExecutor$Worker.run(ThreadPoolExecutor.java:628)
	at java.base/java.lang.Thread.run(Thread.java:829)
Caused by: org.apache.ratis.server.raftlog.RaftLogIOException: Log already failed at index 65 for task WriteLog:65: (t:4, i:65), STATEMACHINELOGENTRY, StateMachineLogEntryProto:419@client-3F6E156514EF
	at org.apache.ratis.server.raftlog.segmented.SegmentedRaftLogWorker.run(SegmentedRaftLogWorker.java:315)
	... 5 more
Caused by: java.io.IOException: java.lang.IllegalStateException: Null stream: entry=term: 4
index: 65
stateMachineLogEntry {
  type: DATASTREAM
  clientId: "i\b\262\343l\265B,\217\001?n\025e\024\357"
  callId: 419
}

	at org.apache.ratis.util.IOUtils.asIOException(IOUtils.java:56)
	at org.apache.ratis.util.IOUtils.toIOException(IOUtils.java:61)
	at org.apache.ratis.util.IOUtils.getFromFuture(IOUtils.java:85)
	at org.apache.ratis.server.raftlog.segmented.SegmentedRaftLogWorker$StateMachineDataPolicy.getFromFuture(SegmentedRaftLogWorker.java:88)
	at org.apache.ratis.server.raftlog.segmented.SegmentedRaftLogWorker$WriteLog.execute(SegmentedRaftLogWorker.java:535)
	at org.apache.ratis.server.raftlog.segmented.SegmentedRaftLogWorker.run(SegmentedRaftLogWorker.java:303)
	... 5 more
Caused by: java.lang.IllegalStateException: Null stream: entry=term: 4
index: 65
stateMachineLogEntry {
  type: DATASTREAM
  clientId: "i\b\262\343l\265B,\217\001?n\025e\024\357"
  callId: 419
}

	at org.apache.ratis.datastream.DataStreamTestUtils$MultiDataStreamStateMachine.link(DataStreamTestUtils.java:159)
	at org.apache.ratis.server.raftlog.segmented.SegmentedRaftLogWorker$WriteLog.<init>(SegmentedRaftLogWorker.java:492)
	at org.apache.ratis.server.raftlog.segmented.SegmentedRaftLogWorker.writeLogEntry(SegmentedRaftLogWorker.java:438)
	at org.apache.ratis.server.raftlog.segmented.SegmentedRaftLog.appendEntryImpl(SegmentedRaftLog.java:409)
	at org.apache.ratis.server.raftlog.RaftLogBase.lambda$appendEntry$10(RaftLogBase.java:330)
	at org.apache.ratis.server.raftlog.RaftLogSequentialOps$Runner.runSequentially(RaftLogSequentialOps.java:78)
	at org.apache.ratis.server.raftlog.RaftLogBase.appendEntry(RaftLogBase.java:330)
	at org.apache.ratis.server.raftlog.segmented.SegmentedRaftLog.appendImpl(SegmentedRaftLog.java:457)
	at org.apache.ratis.server.raftlog.RaftLogBase.lambda$append$11(RaftLogBase.java:337)
	at org.apache.ratis.server.raftlog.RaftLogSequentialOps$Runner.runSequentially(RaftLogSequentialOps.java:69)
	at org.apache.ratis.server.raftlog.RaftLogBase.append(RaftLogBase.java:337)
	at org.apache.ratis.server.impl.RaftServerImpl.appendEntriesAsync(RaftServerImpl.java:1530)
	at org.apache.ratis.server.impl.RaftServerImpl.appendEntriesAsync(RaftServerImpl.java:1394)
	at org.apache.ratis.server.impl.RaftServerProxy.lambda$appendEntriesAsync$26(RaftServerProxy.java:639)
	at org.apache.ratis.util.JavaUtils.callAsUnchecked(JavaUtils.java:117)
	at org.apache.ratis.server.impl.RaftServerImpl.lambda$executeSubmitServerRequestAsync$11(RaftServerImpl.java:822)
	at java.base/java.util.concurrent.CompletableFuture$AsyncSupply.run(CompletableFuture.java:1700)
	... 3 more
2023-03-28 15:14:18,850 [pool-7-thread-10] INFO  datastream.DataStreamTestUtils (DataStreamTestUtils.java:writeAndCloseAndAssertReplies(320)) - Stream456: bytesWritten=777984
2023-03-28 15:14:18,836 [pool-7-thread-8] INFO  datastream.DataStreamTestUtils (DataStreamTestUtils.java:writeAndCloseAndAssertReplies(320)) - Stream457: bytesWritten=700629
2023-03-28 15:14:18,828 [pool-7-thread-9] INFO  datastream.DataStreamTestUtils (DataStreamTestUtils.java:writeAndCloseAndAssertReplies(320)) - Stream455: bytesWritten=822663
2023-03-28 15:14:18,827 [pool-7-thread-7] INFO  datastream.DataStreamTestUtils (DataStreamTestUtils.java:writeAndCloseAndAssertReplies(320)) - Stream454: bytesWritten=685530
2023-03-28 15:14:18,873 [grpc-default-executor-1] WARN  server.GrpcLogAppender (LogUtils.java:warn(124)) - s2@group-4AD7D8BDF6E4->s0-AppendLogResponseHandler: Failed appendEntries
org.apache.ratis.server.raftlog.RaftLogIOException: Log already failed at index 65 for task WriteLog:65: (t:4, i:65), STATEMACHINELOGENTRY, StateMachineLogEntryProto:419@client-3F6E156514EF
	at org.apache.ratis.server.raftlog.segmented.SegmentedRaftLogWorker.run(SegmentedRaftLogWorker.java:315)
	at java.base/java.util.concurrent.Executors$RunnableAdapter.call(Executors.java:515)
	at java.base/java.util.concurrent.FutureTask.run(FutureTask.java:264)
	at java.base/java.util.concurrent.ThreadPoolExecutor.runWorker(ThreadPoolExecutor.java:1128)
	at java.base/java.util.concurrent.ThreadPoolExecutor$Worker.run(ThreadPoolExecutor.java:628)
	at java.base/java.lang.Thread.run(Thread.java:829)
Caused by: java.io.IOException: java.lang.IllegalStateException: Null stream: entry=term: 4
index: 65
stateMachineLogEntry {
  type: DATASTREAM
  clientId: "i\b\262\343l\265B,\217\001?n\025e\024\357"
  callId: 419
}

	at org.apache.ratis.util.IOUtils.asIOException(IOUtils.java:56)
	at org.apache.ratis.util.IOUtils.toIOException(IOUtils.java:61)
	at org.apache.ratis.util.IOUtils.getFromFuture(IOUtils.java:85)
	at org.apache.ratis.server.raftlog.segmented.SegmentedRaftLogWorker$StateMachineDataPolicy.getFromFuture(SegmentedRaftLogWorker.java:88)
	at org.apache.ratis.server.raftlog.segmented.SegmentedRaftLogWorker$WriteLog.execute(SegmentedRaftLogWorker.java:535)
	at org.apache.ratis.server.raftlog.segmented.SegmentedRaftLogWorker.run(SegmentedRaftLogWorker.java:303)
	... 5 more
Caused by: java.lang.IllegalStateException: Null stream: entry=term: 4
index: 65
stateMachineLogEntry {
  type: DATASTREAM
  clientId: "i\b\262\343l\265B,\217\001?n\025e\024\357"
  callId: 419
}

	at org.apache.ratis.datastream.DataStreamTestUtils$MultiDataStreamStateMachine.link(DataStreamTestUtils.java:159)
	at org.apache.ratis.server.raftlog.segmented.SegmentedRaftLogWorker$WriteLog.<init>(SegmentedRaftLogWorker.java:492)
	at org.apache.ratis.server.raftlog.segmented.SegmentedRaftLogWorker.writeLogEntry(SegmentedRaftLogWorker.java:438)
	at org.apache.ratis.server.raftlog.segmented.SegmentedRaftLog.appendEntryImpl(SegmentedRaftLog.java:409)
	at org.apache.ratis.server.raftlog.RaftLogBase.lambda$appendEntry$10(RaftLogBase.java:330)
	at org.apache.ratis.server.raftlog.RaftLogSequentialOps$Runner.runSequentially(RaftLogSequentialOps.java:78)
	at org.apache.ratis.server.raftlog.RaftLogBase.appendEntry(RaftLogBase.java:330)
	at org.apache.ratis.server.raftlog.segmented.SegmentedRaftLog.appendImpl(SegmentedRaftLog.java:457)
	at org.apache.ratis.server.raftlog.RaftLogBase.lambda$append$11(RaftLogBase.java:337)
	at org.apache.ratis.server.raftlog.RaftLogSequentialOps$Runner.runSequentially(RaftLogSequentialOps.java:69)
	at org.apache.ratis.server.raftlog.RaftLogBase.append(RaftLogBase.java:337)
	at org.apache.ratis.server.impl.RaftServerImpl.appendEntriesAsync(RaftServerImpl.java:1530)
	at org.apache.ratis.server.impl.RaftServerImpl.appendEntriesAsync(RaftServerImpl.java:1394)
	at org.apache.ratis.server.impl.RaftServerProxy.lambda$appendEntriesAsync$26(RaftServerProxy.java:639)
	at org.apache.ratis.util.JavaUtils.callAsUnchecked(JavaUtils.java:117)
	at org.apache.ratis.server.impl.RaftServerImpl.lambda$executeSubmitServerRequestAsync$11(RaftServerImpl.java:822)
	at java.base/java.util.concurrent.CompletableFuture$AsyncSupply.run(CompletableFuture.java:1700)
	... 3 more
2023-03-28 15:14:18,873 [grpc-default-executor-1] INFO  leader.FollowerInfo (FollowerInfoImpl.java:lambda$new$0(52)) - s2@group-4AD7D8BDF6E4->s0: decreaseNextIndex nextIndex: updateUnconditionally 125 -> 120
2023-03-28 15:14:18,875 [s2-client-thread1] INFO  statemachine.StateMachine (DataStreamTestUtils.java:link(157)) - link SingleDataStream: writeRequest=RaftClientRequest:client-1BC8539CFEA6->s0@group-4AD7D8BDF6E4, cid=457, seq=0, DataStream, Message:<EMPTY>, logEntry=null
2023-03-28 15:14:18,876 [s1-server-thread3] INFO  statemachine.StateMachine (DataStreamTestUtils.java:link(157)) - link SingleDataStream: writeRequest=RaftClientRequest:client-1BC8539CFEA6->s0@group-4AD7D8BDF6E4, cid=457, seq=0, DataStream, Message:<EMPTY>, logEntry=null
2023-03-28 15:14:18,881 [s2-client-thread1] INFO  statemachine.StateMachine (DataStreamTestUtils.java:link(157)) - link SingleDataStream: writeRequest=RaftClientRequest:client-1BC8539CFEA6->s0@group-4AD7D8BDF6E4, cid=454, seq=0, DataStream, Message:<EMPTY>, logEntry=null
2023-03-28 15:14:18,884 [s2-client-thread1] INFO  statemachine.StateMachine (DataStreamTestUtils.java:link(157)) - link SingleDataStream: writeRequest=RaftClientRequest:client-1BC8539CFEA6->s0@group-4AD7D8BDF6E4, cid=456, seq=0, DataStream, Message:<EMPTY>, logEntry=null
2023-03-28 15:14:18,884 [s2-client-thread1] INFO  statemachine.StateMachine (DataStreamTestUtils.java:link(157)) - link SingleDataStream: writeRequest=RaftClientRequest:client-1BC8539CFEA6->s0@group-4AD7D8BDF6E4, cid=455, seq=0, DataStream, Message:<EMPTY>, logEntry=null
2023-03-28 15:14:18,891 [s0-server-thread1] INFO  statemachine.StateMachine (DataStreamTestUtils.java:link(157)) - link SingleDataStream: writeRequest=RaftClientRequest:client-1BC8539CFEA6->s0@group-4AD7D8BDF6E4, cid=457, seq=0, DataStream, Message:<EMPTY>, logEntry=null
2023-03-28 15:14:18,892 [grpc-default-executor-4] WARN  server.GrpcServerProtocolService (LogUtils.java:warn(124)) - s0: Failed APPEND_ENTRIES request s2->s0#142756-t4,previous=(t:4, i:119),leaderCommit=125,initializing? true,entries: size=6, first=(t:4, i:120), STATEMACHINELOGENTRY, 452@client-1BC8539CFEA6
java.util.concurrent.CompletionException: org.apache.ratis.server.raftlog.RaftLogIOException: Log already failed at index 65 for task WriteLog:65: (t:4, i:65), STATEMACHINELOGENTRY, StateMachineLogEntryProto:419@client-3F6E156514EF
	at java.base/java.util.concurrent.CompletableFuture.encodeThrowable(CompletableFuture.java:331)
	at java.base/java.util.concurrent.CompletableFuture.completeThrowable(CompletableFuture.java:346)
	at java.base/java.util.concurrent.CompletableFuture$BiRelay.tryFire(CompletableFuture.java:1423)
	at java.base/java.util.concurrent.CompletableFuture$CoCompletion.tryFire(CompletableFuture.java:1144)
	at java.base/java.util.concurrent.CompletableFuture.postComplete(CompletableFuture.java:506)
	at java.base/java.util.concurrent.CompletableFuture.completeExceptionally(CompletableFuture.java:2088)
	at org.apache.ratis.server.raftlog.segmented.SegmentedRaftLog$Task.failed(SegmentedRaftLog.java:105)
	at org.apache.ratis.server.raftlog.segmented.SegmentedRaftLogWorker$WriteLog.failed(SegmentedRaftLogWorker.java:514)
	at org.apache.ratis.server.raftlog.segmented.SegmentedRaftLogWorker.run(SegmentedRaftLogWorker.java:312)
	at java.base/java.util.concurrent.Executors$RunnableAdapter.call(Executors.java:515)
	at java.base/java.util.concurrent.FutureTask.run(FutureTask.java:264)
	at java.base/java.util.concurrent.ThreadPoolExecutor.runWorker(ThreadPoolExecutor.java:1128)
	at java.base/java.util.concurrent.ThreadPoolExecutor$Worker.run(ThreadPoolExecutor.java:628)
	at java.base/java.lang.Thread.run(Thread.java:829)
Caused by: org.apache.ratis.server.raftlog.RaftLogIOException: Log already failed at index 65 for task WriteLog:65: (t:4, i:65), STATEMACHINELOGENTRY, StateMachineLogEntryProto:419@client-3F6E156514EF
	at org.apache.ratis.server.raftlog.segmented.SegmentedRaftLogWorker.run(SegmentedRaftLogWorker.java:315)
	... 5 more
Caused by: java.io.IOException: java.lang.IllegalStateException: Null stream: entry=term: 4
index: 65
stateMachineLogEntry {
  type: DATASTREAM
  clientId: "i\b\262\343l\265B,\217\001?n\025e\024\357"
  callId: 419
}

	at org.apache.ratis.util.IOUtils.asIOException(IOUtils.java:56)
	at org.apache.ratis.util.IOUtils.toIOException(IOUtils.java:61)
	at org.apache.ratis.util.IOUtils.getFromFuture(IOUtils.java:85)
	at org.apache.ratis.server.raftlog.segmented.SegmentedRaftLogWorker$StateMachineDataPolicy.getFromFuture(SegmentedRaftLogWorker.java:88)
	at org.apache.ratis.server.raftlog.segmented.SegmentedRaftLogWorker$WriteLog.execute(SegmentedRaftLogWorker.java:535)
	at org.apache.ratis.server.raftlog.segmented.SegmentedRaftLogWorker.run(SegmentedRaftLogWorker.java:303)
	... 5 more
Caused by: java.lang.IllegalStateException: Null stream: entry=term: 4
index: 65
stateMachineLogEntry {
  type: DATASTREAM
  clientId: "i\b\262\343l\265B,\217\001?n\025e\024\357"
  callId: 419
}

	at org.apache.ratis.datastream.DataStreamTestUtils$MultiDataStreamStateMachine.link(DataStreamTestUtils.java:159)
	at org.apache.ratis.server.raftlog.segmented.SegmentedRaftLogWorker$WriteLog.<init>(SegmentedRaftLogWorker.java:492)
	at org.apache.ratis.server.raftlog.segmented.SegmentedRaftLogWorker.writeLogEntry(SegmentedRaftLogWorker.java:438)
	at org.apache.ratis.server.raftlog.segmented.SegmentedRaftLog.appendEntryImpl(SegmentedRaftLog.java:409)
	at org.apache.ratis.server.raftlog.RaftLogBase.lambda$appendEntry$10(RaftLogBase.java:330)
	at org.apache.ratis.server.raftlog.RaftLogSequentialOps$Runner.runSequentially(RaftLogSequentialOps.java:78)
	at org.apache.ratis.server.raftlog.RaftLogBase.appendEntry(RaftLogBase.java:330)
	at org.apache.ratis.server.raftlog.segmented.SegmentedRaftLog.appendImpl(SegmentedRaftLog.java:457)
	at org.apache.ratis.server.raftlog.RaftLogBase.lambda$append$11(RaftLogBase.java:337)
	at org.apache.ratis.server.raftlog.RaftLogSequentialOps$Runner.runSequentially(RaftLogSequentialOps.java:69)
	at org.apache.ratis.server.raftlog.RaftLogBase.append(RaftLogBase.java:337)
	at org.apache.ratis.server.impl.RaftServerImpl.appendEntriesAsync(RaftServerImpl.java:1530)
	at org.apache.ratis.server.impl.RaftServerImpl.appendEntriesAsync(RaftServerImpl.java:1394)
	at org.apache.ratis.server.impl.RaftServerProxy.lambda$appendEntriesAsync$26(RaftServerProxy.java:639)
	at org.apache.ratis.util.JavaUtils.callAsUnchecked(JavaUtils.java:117)
	at org.apache.ratis.server.impl.RaftServerImpl.lambda$executeSubmitServerRequestAsync$11(RaftServerImpl.java:822)
	at java.base/java.util.concurrent.CompletableFuture$AsyncSupply.run(CompletableFuture.java:1700)
	... 3 more
2023-03-28 15:14:18,897 [pool-7-thread-8] INFO  datastream.DataStreamTestUtils (DataStreamTestUtils.java:writeAndCloseAndAssertReplies(311)) - start Stream458
2023-03-28 15:14:18,893 [s1-server-thread3] INFO  statemachine.StateMachine (DataStreamTestUtils.java:link(157)) - link SingleDataStream: writeRequest=RaftClientRequest:client-1BC8539CFEA6->s0@group-4AD7D8BDF6E4, cid=454, seq=0, DataStream, Message:<EMPTY>, logEntry=null
2023-03-28 15:14:18,993 [s1-server-thread3] INFO  statemachine.StateMachine (DataStreamTestUtils.java:link(157)) - link SingleDataStream: writeRequest=RaftClientRequest:client-1BC8539CFEA6->s0@group-4AD7D8BDF6E4, cid=456, seq=0, DataStream, Message:<EMPTY>, logEntry=null
2023-03-28 15:14:18,994 [s1-server-thread3] INFO  statemachine.StateMachine (DataStreamTestUtils.java:link(157)) - link SingleDataStream: writeRequest=RaftClientRequest:client-1BC8539CFEA6->s0@group-4AD7D8BDF6E4, cid=455, seq=0, DataStream, Message:<EMPTY>, logEntry=null
2023-03-28 15:14:18,993 [grpc-default-executor-1] WARN  server.GrpcLogAppender (LogUtils.java:warn(124)) - s2@group-4AD7D8BDF6E4->s0-AppendLogResponseHandler: Failed appendEntries
org.apache.ratis.server.raftlog.RaftLogIOException: Log already failed at index 65 for task WriteLog:65: (t:4, i:65), STATEMACHINELOGENTRY, StateMachineLogEntryProto:419@client-3F6E156514EF
	at org.apache.ratis.server.raftlog.segmented.SegmentedRaftLogWorker.run(SegmentedRaftLogWorker.java:315)
	at java.base/java.util.concurrent.Executors$RunnableAdapter.call(Executors.java:515)
	at java.base/java.util.concurrent.FutureTask.run(FutureTask.java:264)
	at java.base/java.util.concurrent.ThreadPoolExecutor.runWorker(ThreadPoolExecutor.java:1128)
	at java.base/java.util.concurrent.ThreadPoolExecutor$Worker.run(ThreadPoolExecutor.java:628)
	at java.base/java.lang.Thread.run(Thread.java:829)
Caused by: java.io.IOException: java.lang.IllegalStateException: Null stream: entry=term: 4
index: 65
stateMachineLogEntry {
  type: DATASTREAM
  clientId: "i\b\262\343l\265B,\217\001?n\025e\024\357"
  callId: 419
}

	at org.apache.ratis.util.IOUtils.asIOException(IOUtils.java:56)
	at org.apache.ratis.util.IOUtils.toIOException(IOUtils.java:61)
	at org.apache.ratis.util.IOUtils.getFromFuture(IOUtils.java:85)
	at org.apache.ratis.server.raftlog.segmented.SegmentedRaftLogWorker$StateMachineDataPolicy.getFromFuture(SegmentedRaftLogWorker.java:88)
	at org.apache.ratis.server.raftlog.segmented.SegmentedRaftLogWorker$WriteLog.execute(SegmentedRaftLogWorker.java:535)
	at org.apache.ratis.server.raftlog.segmented.SegmentedRaftLogWorker.run(SegmentedRaftLogWorker.java:303)
	... 5 more
Caused by: java.lang.IllegalStateException: Null stream: entry=term: 4
index: 65
stateMachineLogEntry {
  type: DATASTREAM
  clientId: "i\b\262\343l\265B,\217\001?n\025e\024\357"
  callId: 419
}

	at org.apache.ratis.datastream.DataStreamTestUtils$MultiDataStreamStateMachine.link(DataStreamTestUtils.java:159)
	at org.apache.ratis.server.raftlog.segmented.SegmentedRaftLogWorker$WriteLog.<init>(SegmentedRaftLogWorker.java:492)
	at org.apache.ratis.server.raftlog.segmented.SegmentedRaftLogWorker.writeLogEntry(SegmentedRaftLogWorker.java:438)
	at org.apache.ratis.server.raftlog.segmented.SegmentedRaftLog.appendEntryImpl(SegmentedRaftLog.java:409)
	at org.apache.ratis.server.raftlog.RaftLogBase.lambda$appendEntry$10(RaftLogBase.java:330)
	at org.apache.ratis.server.raftlog.RaftLogSequentialOps$Runner.runSequentially(RaftLogSequentialOps.java:78)
	at org.apache.ratis.server.raftlog.RaftLogBase.appendEntry(RaftLogBase.java:330)
	at org.apache.ratis.server.raftlog.segmented.SegmentedRaftLog.appendImpl(SegmentedRaftLog.java:457)
	at org.apache.ratis.server.raftlog.RaftLogBase.lambda$append$11(RaftLogBase.java:337)
	at org.apache.ratis.server.raftlog.RaftLogSequentialOps$Runner.runSequentially(RaftLogSequentialOps.java:69)
	at org.apache.ratis.server.raftlog.RaftLogBase.append(RaftLogBase.java:337)
	at org.apache.ratis.server.impl.RaftServerImpl.appendEntriesAsync(RaftServerImpl.java:1530)
	at org.apache.ratis.server.impl.RaftServerImpl.appendEntriesAsync(RaftServerImpl.java:1394)
	at org.apache.ratis.server.impl.RaftServerProxy.lambda$appendEntriesAsync$26(RaftServerProxy.java:639)
	at org.apache.ratis.util.JavaUtils.callAsUnchecked(JavaUtils.java:117)
	at org.apache.ratis.server.impl.RaftServerImpl.lambda$executeSubmitServerRequestAsync$11(RaftServerImpl.java:822)
	at java.base/java.util.concurrent.CompletableFuture$AsyncSupply.run(CompletableFuture.java:1700)
	... 3 more
2023-03-28 15:14:18,994 [grpc-default-executor-1] INFO  leader.FollowerInfo (FollowerInfoImpl.java:lambda$new$0(52)) - s2@group-4AD7D8BDF6E4->s0: decreaseNextIndex nextIndex: updateUnconditionally 130 -> 120
2023-03-28 15:14:19,011 [pool-7-thread-7] INFO  datastream.DataStreamTestUtils (DataStreamTestUtils.java:writeAndCloseAndAssertReplies(311)) - start Stream459
2023-03-28 15:14:19,015 [pool-7-thread-10] INFO  datastream.DataStreamTestUtils (DataStreamTestUtils.java:writeAndCloseAndAssertReplies(311)) - start Stream460
2023-03-28 15:14:19,027 [pool-7-thread-9] INFO  datastream.DataStreamTestUtils (DataStreamTestUtils.java:writeAndCloseAndAssertReplies(311)) - start Stream461
2023-03-28 15:14:19,036 [pool-7-thread-8] INFO  datastream.DataStreamTestUtils (DataStreamTestUtils.java:writeAndCloseAndAssertReplies(320)) - Stream458: bytesWritten=659124
2023-03-28 15:14:19,055 [s0-server-thread1] INFO  statemachine.StateMachine (DataStreamTestUtils.java:link(157)) - link SingleDataStream: writeRequest=RaftClientRequest:client-1BC8539CFEA6->s0@group-4AD7D8BDF6E4, cid=454, seq=0, DataStream, Message:<EMPTY>, logEntry=null
2023-03-28 15:14:19,055 [s0-server-thread1] INFO  statemachine.StateMachine (DataStreamTestUtils.java:link(157)) - link SingleDataStream: writeRequest=RaftClientRequest:client-1BC8539CFEA6->s0@group-4AD7D8BDF6E4, cid=456, seq=0, DataStream, Message:<EMPTY>, logEntry=null
2023-03-28 15:14:19,055 [s0-server-thread1] INFO  statemachine.StateMachine (DataStreamTestUtils.java:link(157)) - link SingleDataStream: writeRequest=RaftClientRequest:client-1BC8539CFEA6->s0@group-4AD7D8BDF6E4, cid=455, seq=0, DataStream, Message:<EMPTY>, logEntry=null
2023-03-28 15:14:19,056 [s0-server-thread1] WARN  server.GrpcServerProtocolService (LogUtils.java:warn(124)) - s0: Failed APPEND_ENTRIES request s2->s0#146037-t4,previous=(t:4, i:119),leaderCommit=130,initializing? true,entries: size=11, first=(t:4, i:120), STATEMACHINELOGENTRY, 452@client-1BC8539CFEA6
java.util.concurrent.CompletionException: org.apache.ratis.server.raftlog.RaftLogIOException: Log already failed at index 65 for task WriteLog:65: (t:4, i:65), STATEMACHINELOGENTRY, StateMachineLogEntryProto:419@client-3F6E156514EF
	at java.base/java.util.concurrent.CompletableFuture.encodeThrowable(CompletableFuture.java:331)
	at java.base/java.util.concurrent.CompletableFuture.completeThrowable(CompletableFuture.java:346)
	at java.base/java.util.concurrent.CompletableFuture$BiRelay.tryFire(CompletableFuture.java:1423)
	at java.base/java.util.concurrent.CompletableFuture$CoCompletion.tryFire(CompletableFuture.java:1144)
	at java.base/java.util.concurrent.CompletableFuture.postComplete(CompletableFuture.java:506)
	at java.base/java.util.concurrent.CompletableFuture.completeExceptionally(CompletableFuture.java:2088)
	at org.apache.ratis.server.raftlog.segmented.SegmentedRaftLog$Task.failed(SegmentedRaftLog.java:105)
	at org.apache.ratis.server.raftlog.segmented.SegmentedRaftLogWorker$WriteLog.failed(SegmentedRaftLogWorker.java:514)
	at org.apache.ratis.server.raftlog.segmented.SegmentedRaftLogWorker.run(SegmentedRaftLogWorker.java:312)
	at java.base/java.util.concurrent.Executors$RunnableAdapter.call(Executors.java:515)
	at java.base/java.util.concurrent.FutureTask.run(FutureTask.java:264)
	at java.base/java.util.concurrent.ThreadPoolExecutor.runWorker(ThreadPoolExecutor.java:1128)
	at java.base/java.util.concurrent.ThreadPoolExecutor$Worker.run(ThreadPoolExecutor.java:628)
	at java.base/java.lang.Thread.run(Thread.java:829)
Caused by: org.apache.ratis.server.raftlog.RaftLogIOException: Log already failed at index 65 for task WriteLog:65: (t:4, i:65), STATEMACHINELOGENTRY, StateMachineLogEntryProto:419@client-3F6E156514EF
	at org.apache.ratis.server.raftlog.segmented.SegmentedRaftLogWorker.run(SegmentedRaftLogWorker.java:315)
	... 5 more
Caused by: java.io.IOException: java.lang.IllegalStateException: Null stream: entry=term: 4
index: 65
stateMachineLogEntry {
  type: DATASTREAM
  clientId: "i\b\262\343l\265B,\217\001?n\025e\024\357"
  callId: 419
}

	at org.apache.ratis.util.IOUtils.asIOException(IOUtils.java:56)
	at org.apache.ratis.util.IOUtils.toIOException(IOUtils.java:61)
	at org.apache.ratis.util.IOUtils.getFromFuture(IOUtils.java:85)
	at org.apache.ratis.server.raftlog.segmented.SegmentedRaftLogWorker$StateMachineDataPolicy.getFromFuture(SegmentedRaftLogWorker.java:88)
	at org.apache.ratis.server.raftlog.segmented.SegmentedRaftLogWorker$WriteLog.execute(SegmentedRaftLogWorker.java:535)
	at org.apache.ratis.server.raftlog.segmented.SegmentedRaftLogWorker.run(SegmentedRaftLogWorker.java:303)
	... 5 more
Caused by: java.lang.IllegalStateException: Null stream: entry=term: 4
index: 65
stateMachineLogEntry {
  type: DATASTREAM
  clientId: "i\b\262\343l\265B,\217\001?n\025e\024\357"
  callId: 419
}

	at org.apache.ratis.datastream.DataStreamTestUtils$MultiDataStreamStateMachine.link(DataStreamTestUtils.java:159)
	at org.apache.ratis.server.raftlog.segmented.SegmentedRaftLogWorker$WriteLog.<init>(SegmentedRaftLogWorker.java:492)
	at org.apache.ratis.server.raftlog.segmented.SegmentedRaftLogWorker.writeLogEntry(SegmentedRaftLogWorker.java:438)
	at org.apache.ratis.server.raftlog.segmented.SegmentedRaftLog.appendEntryImpl(SegmentedRaftLog.java:409)
	at org.apache.ratis.server.raftlog.RaftLogBase.lambda$appendEntry$10(RaftLogBase.java:330)
	at org.apache.ratis.server.raftlog.RaftLogSequentialOps$Runner.runSequentially(RaftLogSequentialOps.java:78)
	at org.apache.ratis.server.raftlog.RaftLogBase.appendEntry(RaftLogBase.java:330)
	at org.apache.ratis.server.raftlog.segmented.SegmentedRaftLog.appendImpl(SegmentedRaftLog.java:457)
	at org.apache.ratis.server.raftlog.RaftLogBase.lambda$append$11(RaftLogBase.java:337)
	at org.apache.ratis.server.raftlog.RaftLogSequentialOps$Runner.runSequentially(RaftLogSequentialOps.java:69)
	at org.apache.ratis.server.raftlog.RaftLogBase.append(RaftLogBase.java:337)
	at org.apache.ratis.server.impl.RaftServerImpl.appendEntriesAsync(RaftServerImpl.java:1530)
	at org.apache.ratis.server.impl.RaftServerImpl.appendEntriesAsync(RaftServerImpl.java:1394)
	at org.apache.ratis.server.impl.RaftServerProxy.lambda$appendEntriesAsync$26(RaftServerProxy.java:639)
	at org.apache.ratis.util.JavaUtils.callAsUnchecked(JavaUtils.java:117)
	at org.apache.ratis.server.impl.RaftServerImpl.lambda$executeSubmitServerRequestAsync$11(RaftServerImpl.java:822)
	at java.base/java.util.concurrent.CompletableFuture$AsyncSupply.run(CompletableFuture.java:1700)
	... 3 more
2023-03-28 15:14:19,081 [pool-7-thread-9] INFO  datastream.DataStreamTestUtils (DataStreamTestUtils.java:writeAndCloseAndAssertReplies(320)) - Stream461: bytesWritten=716638
2023-03-28 15:14:19,079 [pool-7-thread-10] INFO  datastream.DataStreamTestUtils (DataStreamTestUtils.java:writeAndCloseAndAssertReplies(320)) - Stream460: bytesWritten=705293
2023-03-28 15:14:19,067 [s2-client-thread1] INFO  statemachine.StateMachine (DataStreamTestUtils.java:link(157)) - link SingleDataStream: writeRequest=RaftClientRequest:client-1BC8539CFEA6->s0@group-4AD7D8BDF6E4, cid=458, seq=0, DataStream, Message:<EMPTY>, logEntry=null
2023-03-28 15:14:19,063 [pool-7-thread-7] INFO  datastream.DataStreamTestUtils (DataStreamTestUtils.java:writeAndCloseAndAssertReplies(320)) - Stream459: bytesWritten=748376
2023-03-28 15:14:19,188 [grpc-default-executor-6] WARN  server.GrpcLogAppender (LogUtils.java:warn(124)) - s2@group-4AD7D8BDF6E4->s0-AppendLogResponseHandler: Failed appendEntries
org.apache.ratis.server.raftlog.RaftLogIOException: Log already failed at index 65 for task WriteLog:65: (t:4, i:65), STATEMACHINELOGENTRY, StateMachineLogEntryProto:419@client-3F6E156514EF
	at org.apache.ratis.server.raftlog.segmented.SegmentedRaftLogWorker.run(SegmentedRaftLogWorker.java:315)
	at java.base/java.util.concurrent.Executors$RunnableAdapter.call(Executors.java:515)
	at java.base/java.util.concurrent.FutureTask.run(FutureTask.java:264)
	at java.base/java.util.concurrent.ThreadPoolExecutor.runWorker(ThreadPoolExecutor.java:1128)
	at java.base/java.util.concurrent.ThreadPoolExecutor$Worker.run(ThreadPoolExecutor.java:628)
	at java.base/java.lang.Thread.run(Thread.java:829)
Caused by: java.io.IOException: java.lang.IllegalStateException: Null stream: entry=term: 4
index: 65
stateMachineLogEntry {
  type: DATASTREAM
  clientId: "i\b\262\343l\265B,\217\001?n\025e\024\357"
  callId: 419
}

	at org.apache.ratis.util.IOUtils.asIOException(IOUtils.java:56)
	at org.apache.ratis.util.IOUtils.toIOException(IOUtils.java:61)
	at org.apache.ratis.util.IOUtils.getFromFuture(IOUtils.java:85)
	at org.apache.ratis.server.raftlog.segmented.SegmentedRaftLogWorker$StateMachineDataPolicy.getFromFuture(SegmentedRaftLogWorker.java:88)
	at org.apache.ratis.server.raftlog.segmented.SegmentedRaftLogWorker$WriteLog.execute(SegmentedRaftLogWorker.java:535)
	at org.apache.ratis.server.raftlog.segmented.SegmentedRaftLogWorker.run(SegmentedRaftLogWorker.java:303)
	... 5 more
Caused by: java.lang.IllegalStateException: Null stream: entry=term: 4
index: 65
stateMachineLogEntry {
  type: DATASTREAM
  clientId: "i\b\262\343l\265B,\217\001?n\025e\024\357"
  callId: 419
}

	at org.apache.ratis.datastream.DataStreamTestUtils$MultiDataStreamStateMachine.link(DataStreamTestUtils.java:159)
	at org.apache.ratis.server.raftlog.segmented.SegmentedRaftLogWorker$WriteLog.<init>(SegmentedRaftLogWorker.java:492)
	at org.apache.ratis.server.raftlog.segmented.SegmentedRaftLogWorker.writeLogEntry(SegmentedRaftLogWorker.java:438)
	at org.apache.ratis.server.raftlog.segmented.SegmentedRaftLog.appendEntryImpl(SegmentedRaftLog.java:409)
	at org.apache.ratis.server.raftlog.RaftLogBase.lambda$appendEntry$10(RaftLogBase.java:330)
	at org.apache.ratis.server.raftlog.RaftLogSequentialOps$Runner.runSequentially(RaftLogSequentialOps.java:78)
	at org.apache.ratis.server.raftlog.RaftLogBase.appendEntry(RaftLogBase.java:330)
	at org.apache.ratis.server.raftlog.segmented.SegmentedRaftLog.appendImpl(SegmentedRaftLog.java:457)
	at org.apache.ratis.server.raftlog.RaftLogBase.lambda$append$11(RaftLogBase.java:337)
	at org.apache.ratis.server.raftlog.RaftLogSequentialOps$Runner.runSequentially(RaftLogSequentialOps.java:69)
	at org.apache.ratis.server.raftlog.RaftLogBase.append(RaftLogBase.java:337)
	at org.apache.ratis.server.impl.RaftServerImpl.appendEntriesAsync(RaftServerImpl.java:1530)
	at org.apache.ratis.server.impl.RaftServerImpl.appendEntriesAsync(RaftServerImpl.java:1394)
	at org.apache.ratis.server.impl.RaftServerProxy.lambda$appendEntriesAsync$26(RaftServerProxy.java:639)
	at org.apache.ratis.util.JavaUtils.callAsUnchecked(JavaUtils.java:117)
	at org.apache.ratis.server.impl.RaftServerImpl.lambda$executeSubmitServerRequestAsync$11(RaftServerImpl.java:822)
	at java.base/java.util.concurrent.CompletableFuture$AsyncSupply.run(CompletableFuture.java:1700)
	... 3 more
2023-03-28 15:14:19,188 [grpc-default-executor-6] INFO  leader.FollowerInfo (FollowerInfoImpl.java:lambda$new$0(52)) - s2@group-4AD7D8BDF6E4->s0: decreaseNextIndex nextIndex: updateUnconditionally 131 -> 120
2023-03-28 15:14:19,191 [s2-client-thread1] INFO  statemachine.StateMachine (DataStreamTestUtils.java:link(157)) - link SingleDataStream: writeRequest=RaftClientRequest:client-DEAA827FFAAC->s2@group-4AD7D8BDF6E4, cid=460, seq=0, DataStream, Message:<EMPTY>, logEntry=null
2023-03-28 15:14:19,197 [s2-client-thread1] INFO  statemachine.StateMachine (DataStreamTestUtils.java:link(157)) - link SingleDataStream: writeRequest=RaftClientRequest:client-1BC8539CFEA6->s0@group-4AD7D8BDF6E4, cid=459, seq=0, DataStream, Message:<EMPTY>, logEntry=null
2023-03-28 15:14:19,201 [s0-server-thread2] INFO  statemachine.StateMachine (DataStreamTestUtils.java:link(157)) - link SingleDataStream: writeRequest=RaftClientRequest:client-1BC8539CFEA6->s0@group-4AD7D8BDF6E4, cid=458, seq=0, DataStream, Message:<EMPTY>, logEntry=null
2023-03-28 15:14:19,201 [s0-server-thread2] INFO  statemachine.StateMachine (DataStreamTestUtils.java:link(157)) - link SingleDataStream: writeRequest=RaftClientRequest:client-DEAA827FFAAC->s2@group-4AD7D8BDF6E4, cid=460, seq=0, DataStream, Message:<EMPTY>, logEntry=null
2023-03-28 15:14:19,201 [s1-server-thread3] INFO  statemachine.StateMachine (DataStreamTestUtils.java:link(157)) - link SingleDataStream: writeRequest=RaftClientRequest:client-1BC8539CFEA6->s0@group-4AD7D8BDF6E4, cid=458, seq=0, DataStream, Message:<EMPTY>, logEntry=null
2023-03-28 15:14:19,202 [s1-server-thread3] INFO  statemachine.StateMachine (DataStreamTestUtils.java:link(157)) - link SingleDataStream: writeRequest=RaftClientRequest:client-DEAA827FFAAC->s2@group-4AD7D8BDF6E4, cid=460, seq=0, DataStream, Message:<EMPTY>, logEntry=null
2023-03-28 15:14:19,202 [s0-server-thread2] WARN  server.GrpcServerProtocolService (LogUtils.java:warn(124)) - s0: Failed APPEND_ENTRIES request s2->s0#146039-t4,previous=(t:4, i:119),leaderCommit=130,initializing? true,entries: size=13, first=(t:4, i:120), STATEMACHINELOGENTRY, 452@client-1BC8539CFEA6
java.util.concurrent.CompletionException: org.apache.ratis.server.raftlog.RaftLogIOException: Log already failed at index 65 for task WriteLog:65: (t:4, i:65), STATEMACHINELOGENTRY, StateMachineLogEntryProto:419@client-3F6E156514EF
	at java.base/java.util.concurrent.CompletableFuture.encodeThrowable(CompletableFuture.java:331)
	at java.base/java.util.concurrent.CompletableFuture.completeThrowable(CompletableFuture.java:346)
	at java.base/java.util.concurrent.CompletableFuture$BiRelay.tryFire(CompletableFuture.java:1423)
	at java.base/java.util.concurrent.CompletableFuture$CoCompletion.tryFire(CompletableFuture.java:1144)
	at java.base/java.util.concurrent.CompletableFuture.postComplete(CompletableFuture.java:506)
	at java.base/java.util.concurrent.CompletableFuture.completeExceptionally(CompletableFuture.java:2088)
	at org.apache.ratis.server.raftlog.segmented.SegmentedRaftLog$Task.failed(SegmentedRaftLog.java:105)
	at org.apache.ratis.server.raftlog.segmented.SegmentedRaftLogWorker$WriteLog.failed(SegmentedRaftLogWorker.java:514)
	at org.apache.ratis.server.raftlog.segmented.SegmentedRaftLogWorker.run(SegmentedRaftLogWorker.java:312)
	at java.base/java.util.concurrent.Executors$RunnableAdapter.call(Executors.java:515)
	at java.base/java.util.concurrent.FutureTask.run(FutureTask.java:264)
	at java.base/java.util.concurrent.ThreadPoolExecutor.runWorker(ThreadPoolExecutor.java:1128)
	at java.base/java.util.concurrent.ThreadPoolExecutor$Worker.run(ThreadPoolExecutor.java:628)
	at java.base/java.lang.Thread.run(Thread.java:829)
Caused by: org.apache.ratis.server.raftlog.RaftLogIOException: Log already failed at index 65 for task WriteLog:65: (t:4, i:65), STATEMACHINELOGENTRY, StateMachineLogEntryProto:419@client-3F6E156514EF
	at org.apache.ratis.server.raftlog.segmented.SegmentedRaftLogWorker.run(SegmentedRaftLogWorker.java:315)
	... 5 more
Caused by: java.io.IOException: java.lang.IllegalStateException: Null stream: entry=term: 4
index: 65
stateMachineLogEntry {
  type: DATASTREAM
  clientId: "i\b\262\343l\265B,\217\001?n\025e\024\357"
  callId: 419
}

	at org.apache.ratis.util.IOUtils.asIOException(IOUtils.java:56)
	at org.apache.ratis.util.IOUtils.toIOException(IOUtils.java:61)
	at org.apache.ratis.util.IOUtils.getFromFuture(IOUtils.java:85)
	at org.apache.ratis.server.raftlog.segmented.SegmentedRaftLogWorker$StateMachineDataPolicy.getFromFuture(SegmentedRaftLogWorker.java:88)
	at org.apache.ratis.server.raftlog.segmented.SegmentedRaftLogWorker$WriteLog.execute(SegmentedRaftLogWorker.java:535)
	at org.apache.ratis.server.raftlog.segmented.SegmentedRaftLogWorker.run(SegmentedRaftLogWorker.java:303)
	... 5 more
Caused by: java.lang.IllegalStateException: Null stream: entry=term: 4
index: 65
stateMachineLogEntry {
  type: DATASTREAM
  clientId: "i\b\262\343l\265B,\217\001?n\025e\024\357"
  callId: 419
}

	at org.apache.ratis.datastream.DataStreamTestUtils$MultiDataStreamStateMachine.link(DataStreamTestUtils.java:159)
	at org.apache.ratis.server.raftlog.segmented.SegmentedRaftLogWorker$WriteLog.<init>(SegmentedRaftLogWorker.java:492)
	at org.apache.ratis.server.raftlog.segmented.SegmentedRaftLogWorker.writeLogEntry(SegmentedRaftLogWorker.java:438)
	at org.apache.ratis.server.raftlog.segmented.SegmentedRaftLog.appendEntryImpl(SegmentedRaftLog.java:409)
	at org.apache.ratis.server.raftlog.RaftLogBase.lambda$appendEntry$10(RaftLogBase.java:330)
	at org.apache.ratis.server.raftlog.RaftLogSequentialOps$Runner.runSequentially(RaftLogSequentialOps.java:78)
	at org.apache.ratis.server.raftlog.RaftLogBase.appendEntry(RaftLogBase.java:330)
	at org.apache.ratis.server.raftlog.segmented.SegmentedRaftLog.appendImpl(SegmentedRaftLog.java:457)
	at org.apache.ratis.server.raftlog.RaftLogBase.lambda$append$11(RaftLogBase.java:337)
	at org.apache.ratis.server.raftlog.RaftLogSequentialOps$Runner.runSequentially(RaftLogSequentialOps.java:69)
	at org.apache.ratis.server.raftlog.RaftLogBase.append(RaftLogBase.java:337)
	at org.apache.ratis.server.impl.RaftServerImpl.appendEntriesAsync(RaftServerImpl.java:1530)
	at org.apache.ratis.server.impl.RaftServerImpl.appendEntriesAsync(RaftServerImpl.java:1394)
	at org.apache.ratis.server.impl.RaftServerProxy.lambda$appendEntriesAsync$26(RaftServerProxy.java:639)
	at org.apache.ratis.util.JavaUtils.callAsUnchecked(JavaUtils.java:117)
	at org.apache.ratis.server.impl.RaftServerImpl.lambda$executeSubmitServerRequestAsync$11(RaftServerImpl.java:822)
	at java.base/java.util.concurrent.CompletableFuture$AsyncSupply.run(CompletableFuture.java:1700)
	... 3 more
2023-03-28 15:14:19,212 [s1-server-thread3] INFO  statemachine.StateMachine (DataStreamTestUtils.java:link(157)) - link SingleDataStream: writeRequest=RaftClientRequest:client-1BC8539CFEA6->s0@group-4AD7D8BDF6E4, cid=459, seq=0, DataStream, Message:<EMPTY>, logEntry=null
2023-03-28 15:14:19,211 [s0-server-thread1] INFO  statemachine.StateMachine (DataStreamTestUtils.java:link(157)) - link SingleDataStream: writeRequest=RaftClientRequest:client-1BC8539CFEA6->s0@group-4AD7D8BDF6E4, cid=459, seq=0, DataStream, Message:<EMPTY>, logEntry=null
2023-03-28 15:14:19,206 [pool-7-thread-8] INFO  datastream.DataStreamTestUtils (DataStreamTestUtils.java:writeAndCloseAndAssertReplies(311)) - start Stream462
2023-03-28 15:14:19,249 [s0-server-thread1] WARN  server.GrpcServerProtocolService (LogUtils.java:warn(124)) - s0: Failed APPEND_ENTRIES request s2->s0#146040-t4,previous=(t:4, i:132),leaderCommit=132,initializing? true,entries: size=2, first=(t:4, i:133), STATEMACHINELOGENTRY, 459@client-1BC8539CFEA6
java.util.concurrent.CompletionException: org.apache.ratis.server.raftlog.RaftLogIOException: Log already failed at index 65 for task WriteLog:65: (t:4, i:65), STATEMACHINELOGENTRY, StateMachineLogEntryProto:419@client-3F6E156514EF
	at java.base/java.util.concurrent.CompletableFuture.encodeThrowable(CompletableFuture.java:331)
	at java.base/java.util.concurrent.CompletableFuture.completeThrowable(CompletableFuture.java:346)
	at java.base/java.util.concurrent.CompletableFuture$BiRelay.tryFire(CompletableFuture.java:1423)
	at java.base/java.util.concurrent.CompletableFuture$CoCompletion.tryFire(CompletableFuture.java:1144)
	at java.base/java.util.concurrent.CompletableFuture.postComplete(CompletableFuture.java:506)
	at java.base/java.util.concurrent.CompletableFuture.completeExceptionally(CompletableFuture.java:2088)
	at org.apache.ratis.server.raftlog.segmented.SegmentedRaftLog$Task.failed(SegmentedRaftLog.java:105)
	at org.apache.ratis.server.raftlog.segmented.SegmentedRaftLogWorker$WriteLog.failed(SegmentedRaftLogWorker.java:514)
	at org.apache.ratis.server.raftlog.segmented.SegmentedRaftLogWorker.run(SegmentedRaftLogWorker.java:312)
	at java.base/java.util.concurrent.Executors$RunnableAdapter.call(Executors.java:515)
	at java.base/java.util.concurrent.FutureTask.run(FutureTask.java:264)
	at java.base/java.util.concurrent.ThreadPoolExecutor.runWorker(ThreadPoolExecutor.java:1128)
	at java.base/java.util.concurrent.ThreadPoolExecutor$Worker.run(ThreadPoolExecutor.java:628)
	at java.base/java.lang.Thread.run(Thread.java:829)
Caused by: org.apache.ratis.server.raftlog.RaftLogIOException: Log already failed at index 65 for task WriteLog:65: (t:4, i:65), STATEMACHINELOGENTRY, StateMachineLogEntryProto:419@client-3F6E156514EF
	at org.apache.ratis.server.raftlog.segmented.SegmentedRaftLogWorker.run(SegmentedRaftLogWorker.java:315)
	... 5 more
Caused by: java.io.IOException: java.lang.IllegalStateException: Null stream: entry=term: 4
index: 65
stateMachineLogEntry {
  type: DATASTREAM
  clientId: "i\b\262\343l\265B,\217\001?n\025e\024\357"
  callId: 419
}

	at org.apache.ratis.util.IOUtils.asIOException(IOUtils.java:56)
	at org.apache.ratis.util.IOUtils.toIOException(IOUtils.java:61)
	at org.apache.ratis.util.IOUtils.getFromFuture(IOUtils.java:85)
	at org.apache.ratis.server.raftlog.segmented.SegmentedRaftLogWorker$StateMachineDataPolicy.getFromFuture(SegmentedRaftLogWorker.java:88)
	at org.apache.ratis.server.raftlog.segmented.SegmentedRaftLogWorker$WriteLog.execute(SegmentedRaftLogWorker.java:535)
	at org.apache.ratis.server.raftlog.segmented.SegmentedRaftLogWorker.run(SegmentedRaftLogWorker.java:303)
	... 5 more
Caused by: java.lang.IllegalStateException: Null stream: entry=term: 4
index: 65
stateMachineLogEntry {
  type: DATASTREAM
  clientId: "i\b\262\343l\265B,\217\001?n\025e\024\357"
  callId: 419
}

	at org.apache.ratis.datastream.DataStreamTestUtils$MultiDataStreamStateMachine.link(DataStreamTestUtils.java:159)
	at org.apache.ratis.server.raftlog.segmented.SegmentedRaftLogWorker$WriteLog.<init>(SegmentedRaftLogWorker.java:492)
	at org.apache.ratis.server.raftlog.segmented.SegmentedRaftLogWorker.writeLogEntry(SegmentedRaftLogWorker.java:438)
	at org.apache.ratis.server.raftlog.segmented.SegmentedRaftLog.appendEntryImpl(SegmentedRaftLog.java:409)
	at org.apache.ratis.server.raftlog.RaftLogBase.lambda$appendEntry$10(RaftLogBase.java:330)
	at org.apache.ratis.server.raftlog.RaftLogSequentialOps$Runner.runSequentially(RaftLogSequentialOps.java:78)
	at org.apache.ratis.server.raftlog.RaftLogBase.appendEntry(RaftLogBase.java:330)
	at org.apache.ratis.server.raftlog.segmented.SegmentedRaftLog.appendImpl(SegmentedRaftLog.java:457)
	at org.apache.ratis.server.raftlog.RaftLogBase.lambda$append$11(RaftLogBase.java:337)
	at org.apache.ratis.server.raftlog.RaftLogSequentialOps$Runner.runSequentially(RaftLogSequentialOps.java:69)
	at org.apache.ratis.server.raftlog.RaftLogBase.append(RaftLogBase.java:337)
	at org.apache.ratis.server.impl.RaftServerImpl.appendEntriesAsync(RaftServerImpl.java:1530)
	at org.apache.ratis.server.impl.RaftServerImpl.appendEntriesAsync(RaftServerImpl.java:1394)
	at org.apache.ratis.server.impl.RaftServerProxy.lambda$appendEntriesAsync$26(RaftServerProxy.java:639)
	at org.apache.ratis.util.JavaUtils.callAsUnchecked(JavaUtils.java:117)
	at org.apache.ratis.server.impl.RaftServerImpl.lambda$executeSubmitServerRequestAsync$11(RaftServerImpl.java:822)
	at java.base/java.util.concurrent.CompletableFuture$AsyncSupply.run(CompletableFuture.java:1700)
	... 3 more
2023-03-28 15:14:19,247 [grpc-default-executor-9] WARN  server.GrpcLogAppender (LogUtils.java:warn(124)) - s2@group-4AD7D8BDF6E4->s0-AppendLogResponseHandler: Failed appendEntries
org.apache.ratis.server.raftlog.RaftLogIOException: Log already failed at index 65 for task WriteLog:65: (t:4, i:65), STATEMACHINELOGENTRY, StateMachineLogEntryProto:419@client-3F6E156514EF
	at org.apache.ratis.server.raftlog.segmented.SegmentedRaftLogWorker.run(SegmentedRaftLogWorker.java:315)
	at java.base/java.util.concurrent.Executors$RunnableAdapter.call(Executors.java:515)
	at java.base/java.util.concurrent.FutureTask.run(FutureTask.java:264)
	at java.base/java.util.concurrent.ThreadPoolExecutor.runWorker(ThreadPoolExecutor.java:1128)
	at java.base/java.util.concurrent.ThreadPoolExecutor$Worker.run(ThreadPoolExecutor.java:628)
	at java.base/java.lang.Thread.run(Thread.java:829)
Caused by: java.io.IOException: java.lang.IllegalStateException: Null stream: entry=term: 4
index: 65
stateMachineLogEntry {
  type: DATASTREAM
  clientId: "i\b\262\343l\265B,\217\001?n\025e\024\357"
  callId: 419
}

	at org.apache.ratis.util.IOUtils.asIOException(IOUtils.java:56)
	at org.apache.ratis.util.IOUtils.toIOException(IOUtils.java:61)
	at org.apache.ratis.util.IOUtils.getFromFuture(IOUtils.java:85)
	at org.apache.ratis.server.raftlog.segmented.SegmentedRaftLogWorker$StateMachineDataPolicy.getFromFuture(SegmentedRaftLogWorker.java:88)
	at org.apache.ratis.server.raftlog.segmented.SegmentedRaftLogWorker$WriteLog.execute(SegmentedRaftLogWorker.java:535)
	at org.apache.ratis.server.raftlog.segmented.SegmentedRaftLogWorker.run(SegmentedRaftLogWorker.java:303)
	... 5 more
Caused by: java.lang.IllegalStateException: Null stream: entry=term: 4
index: 65
stateMachineLogEntry {
  type: DATASTREAM
  clientId: "i\b\262\343l\265B,\217\001?n\025e\024\357"
  callId: 419
}

	at org.apache.ratis.datastream.DataStreamTestUtils$MultiDataStreamStateMachine.link(DataStreamTestUtils.java:159)
	at org.apache.ratis.server.raftlog.segmented.SegmentedRaftLogWorker$WriteLog.<init>(SegmentedRaftLogWorker.java:492)
	at org.apache.ratis.server.raftlog.segmented.SegmentedRaftLogWorker.writeLogEntry(SegmentedRaftLogWorker.java:438)
	at org.apache.ratis.server.raftlog.segmented.SegmentedRaftLog.appendEntryImpl(SegmentedRaftLog.java:409)
	at org.apache.ratis.server.raftlog.RaftLogBase.lambda$appendEntry$10(RaftLogBase.java:330)
	at org.apache.ratis.server.raftlog.RaftLogSequentialOps$Runner.runSequentially(RaftLogSequentialOps.java:78)
	at org.apache.ratis.server.raftlog.RaftLogBase.appendEntry(RaftLogBase.java:330)
	at org.apache.ratis.server.raftlog.segmented.SegmentedRaftLog.appendImpl(SegmentedRaftLog.java:457)
	at org.apache.ratis.server.raftlog.RaftLogBase.lambda$append$11(RaftLogBase.java:337)
	at org.apache.ratis.server.raftlog.RaftLogSequentialOps$Runner.runSequentially(RaftLogSequentialOps.java:69)
	at org.apache.ratis.server.raftlog.RaftLogBase.append(RaftLogBase.java:337)
	at org.apache.ratis.server.impl.RaftServerImpl.appendEntriesAsync(RaftServerImpl.java:1530)
	at org.apache.ratis.server.impl.RaftServerImpl.appendEntriesAsync(RaftServerImpl.java:1394)
	at org.apache.ratis.server.impl.RaftServerProxy.lambda$appendEntriesAsync$26(RaftServerProxy.java:639)
	at org.apache.ratis.util.JavaUtils.callAsUnchecked(JavaUtils.java:117)
	at org.apache.ratis.server.impl.RaftServerImpl.lambda$executeSubmitServerRequestAsync$11(RaftServerImpl.java:822)
	at java.base/java.util.concurrent.CompletableFuture$AsyncSupply.run(CompletableFuture.java:1700)
	... 3 more
2023-03-28 15:14:19,274 [grpc-default-executor-9] INFO  leader.FollowerInfo (FollowerInfoImpl.java:lambda$new$0(52)) - s2@group-4AD7D8BDF6E4->s0: decreaseNextIndex nextIndex: updateUnconditionally 135 -> 120
2023-03-28 15:14:19,284 [s2-client-thread2] INFO  statemachine.StateMachine (DataStreamTestUtils.java:link(157)) - link SingleDataStream: writeRequest=RaftClientRequest:client-DEAA827FFAAC->s2@group-4AD7D8BDF6E4, cid=461, seq=0, DataStream, Message:<EMPTY>, logEntry=null
2023-03-28 15:14:19,285 [pool-7-thread-10] INFO  datastream.DataStreamTestUtils (DataStreamTestUtils.java:writeAndCloseAndAssertReplies(311)) - start Stream463
2023-03-28 15:14:19,286 [pool-7-thread-7] INFO  datastream.DataStreamTestUtils (DataStreamTestUtils.java:writeAndCloseAndAssertReplies(311)) - start Stream464
2023-03-28 15:14:19,298 [s1-server-thread3] INFO  statemachine.StateMachine (DataStreamTestUtils.java:link(157)) - link SingleDataStream: writeRequest=RaftClientRequest:client-DEAA827FFAAC->s2@group-4AD7D8BDF6E4, cid=461, seq=0, DataStream, Message:<EMPTY>, logEntry=null
2023-03-28 15:14:19,300 [pool-7-thread-9] INFO  datastream.DataStreamTestUtils (DataStreamTestUtils.java:writeAndCloseAndAssertReplies(311)) - start Stream465
2023-03-28 15:14:19,311 [pool-7-thread-8] INFO  datastream.DataStreamTestUtils (DataStreamTestUtils.java:writeAndCloseAndAssertReplies(320)) - Stream462: bytesWritten=731731
2023-03-28 15:14:19,323 [s2-client-thread2] INFO  statemachine.StateMachine (DataStreamTestUtils.java:link(157)) - link SingleDataStream: writeRequest=RaftClientRequest:client-DEAA827FFAAC->s2@group-4AD7D8BDF6E4, cid=462, seq=0, DataStream, Message:<EMPTY>, logEntry=null
2023-03-28 15:14:19,326 [s1-server-thread3] INFO  statemachine.StateMachine (DataStreamTestUtils.java:link(157)) - link SingleDataStream: writeRequest=RaftClientRequest:client-DEAA827FFAAC->s2@group-4AD7D8BDF6E4, cid=462, seq=0, DataStream, Message:<EMPTY>, logEntry=null
2023-03-28 15:14:19,331 [s0-server-thread2] INFO  statemachine.StateMachine (DataStreamTestUtils.java:link(157)) - link SingleDataStream: writeRequest=RaftClientRequest:client-DEAA827FFAAC->s2@group-4AD7D8BDF6E4, cid=461, seq=0, DataStream, Message:<EMPTY>, logEntry=null
2023-03-28 15:14:19,331 [s0-server-thread2] INFO  statemachine.StateMachine (DataStreamTestUtils.java:link(157)) - link SingleDataStream: writeRequest=RaftClientRequest:client-DEAA827FFAAC->s2@group-4AD7D8BDF6E4, cid=462, seq=0, DataStream, Message:<EMPTY>, logEntry=null
2023-03-28 15:14:19,332 [grpc-default-executor-4] WARN  server.GrpcServerProtocolService (LogUtils.java:warn(124)) - s0: Failed APPEND_ENTRIES request s2->s0#152044-t4,previous=(t:4, i:119),leaderCommit=136,initializing? true,entries: size=18, first=(t:4, i:120), STATEMACHINELOGENTRY, 452@client-1BC8539CFEA6
java.util.concurrent.CompletionException: org.apache.ratis.server.raftlog.RaftLogIOException: Log already failed at index 65 for task WriteLog:65: (t:4, i:65), STATEMACHINELOGENTRY, StateMachineLogEntryProto:419@client-3F6E156514EF
	at java.base/java.util.concurrent.CompletableFuture.encodeThrowable(CompletableFuture.java:331)
	at java.base/java.util.concurrent.CompletableFuture.completeThrowable(CompletableFuture.java:346)
	at java.base/java.util.concurrent.CompletableFuture$BiRelay.tryFire(CompletableFuture.java:1423)
	at java.base/java.util.concurrent.CompletableFuture$CoCompletion.tryFire(CompletableFuture.java:1144)
	at java.base/java.util.concurrent.CompletableFuture.postComplete(CompletableFuture.java:506)
	at java.base/java.util.concurrent.CompletableFuture.completeExceptionally(CompletableFuture.java:2088)
	at org.apache.ratis.server.raftlog.segmented.SegmentedRaftLog$Task.failed(SegmentedRaftLog.java:105)
	at org.apache.ratis.server.raftlog.segmented.SegmentedRaftLogWorker$WriteLog.failed(SegmentedRaftLogWorker.java:514)
	at org.apache.ratis.server.raftlog.segmented.SegmentedRaftLogWorker.run(SegmentedRaftLogWorker.java:312)
	at java.base/java.util.concurrent.Executors$RunnableAdapter.call(Executors.java:515)
	at java.base/java.util.concurrent.FutureTask.run(FutureTask.java:264)
	at java.base/java.util.concurrent.ThreadPoolExecutor.runWorker(ThreadPoolExecutor.java:1128)
	at java.base/java.util.concurrent.ThreadPoolExecutor$Worker.run(ThreadPoolExecutor.java:628)
	at java.base/java.lang.Thread.run(Thread.java:829)
Caused by: org.apache.ratis.server.raftlog.RaftLogIOException: Log already failed at index 65 for task WriteLog:65: (t:4, i:65), STATEMACHINELOGENTRY, StateMachineLogEntryProto:419@client-3F6E156514EF
	at org.apache.ratis.server.raftlog.segmented.SegmentedRaftLogWorker.run(SegmentedRaftLogWorker.java:315)
	... 5 more
Caused by: java.io.IOException: java.lang.IllegalStateException: Null stream: entry=term: 4
index: 65
stateMachineLogEntry {
  type: DATASTREAM
  clientId: "i\b\262\343l\265B,\217\001?n\025e\024\357"
  callId: 419
}

	at org.apache.ratis.util.IOUtils.asIOException(IOUtils.java:56)
	at org.apache.ratis.util.IOUtils.toIOException(IOUtils.java:61)
	at org.apache.ratis.util.IOUtils.getFromFuture(IOUtils.java:85)
	at org.apache.ratis.server.raftlog.segmented.SegmentedRaftLogWorker$StateMachineDataPolicy.getFromFuture(SegmentedRaftLogWorker.java:88)
	at org.apache.ratis.server.raftlog.segmented.SegmentedRaftLogWorker$WriteLog.execute(SegmentedRaftLogWorker.java:535)
	at org.apache.ratis.server.raftlog.segmented.SegmentedRaftLogWorker.run(SegmentedRaftLogWorker.java:303)
	... 5 more
Caused by: java.lang.IllegalStateException: Null stream: entry=term: 4
index: 65
stateMachineLogEntry {
  type: DATASTREAM
  clientId: "i\b\262\343l\265B,\217\001?n\025e\024\357"
  callId: 419
}

	at org.apache.ratis.datastream.DataStreamTestUtils$MultiDataStreamStateMachine.link(DataStreamTestUtils.java:159)
	at org.apache.ratis.server.raftlog.segmented.SegmentedRaftLogWorker$WriteLog.<init>(SegmentedRaftLogWorker.java:492)
	at org.apache.ratis.server.raftlog.segmented.SegmentedRaftLogWorker.writeLogEntry(SegmentedRaftLogWorker.java:438)
	at org.apache.ratis.server.raftlog.segmented.SegmentedRaftLog.appendEntryImpl(SegmentedRaftLog.java:409)
	at org.apache.ratis.server.raftlog.RaftLogBase.lambda$appendEntry$10(RaftLogBase.java:330)
	at org.apache.ratis.server.raftlog.RaftLogSequentialOps$Runner.runSequentially(RaftLogSequentialOps.java:78)
	at org.apache.ratis.server.raftlog.RaftLogBase.appendEntry(RaftLogBase.java:330)
	at org.apache.ratis.server.raftlog.segmented.SegmentedRaftLog.appendImpl(SegmentedRaftLog.java:457)
	at org.apache.ratis.server.raftlog.RaftLogBase.lambda$append$11(RaftLogBase.java:337)
	at org.apache.ratis.server.raftlog.RaftLogSequentialOps$Runner.runSequentially(RaftLogSequentialOps.java:69)
	at org.apache.ratis.server.raftlog.RaftLogBase.append(RaftLogBase.java:337)
	at org.apache.ratis.server.impl.RaftServerImpl.appendEntriesAsync(RaftServerImpl.java:1530)
	at org.apache.ratis.server.impl.RaftServerImpl.appendEntriesAsync(RaftServerImpl.java:1394)
	at org.apache.ratis.server.impl.RaftServerProxy.lambda$appendEntriesAsync$26(RaftServerProxy.java:639)
	at org.apache.ratis.util.JavaUtils.callAsUnchecked(JavaUtils.java:117)
	at org.apache.ratis.server.impl.RaftServerImpl.lambda$executeSubmitServerRequestAsync$11(RaftServerImpl.java:822)
	at java.base/java.util.concurrent.CompletableFuture$AsyncSupply.run(CompletableFuture.java:1700)
	... 3 more
2023-03-28 15:14:19,335 [grpc-default-executor-9] WARN  server.GrpcLogAppender (LogUtils.java:warn(124)) - s2@group-4AD7D8BDF6E4->s0-AppendLogResponseHandler: Failed appendEntries
org.apache.ratis.server.raftlog.RaftLogIOException: Log already failed at index 65 for task WriteLog:65: (t:4, i:65), STATEMACHINELOGENTRY, StateMachineLogEntryProto:419@client-3F6E156514EF
	at org.apache.ratis.server.raftlog.segmented.SegmentedRaftLogWorker.run(SegmentedRaftLogWorker.java:315)
	at java.base/java.util.concurrent.Executors$RunnableAdapter.call(Executors.java:515)
	at java.base/java.util.concurrent.FutureTask.run(FutureTask.java:264)
	at java.base/java.util.concurrent.ThreadPoolExecutor.runWorker(ThreadPoolExecutor.java:1128)
	at java.base/java.util.concurrent.ThreadPoolExecutor$Worker.run(ThreadPoolExecutor.java:628)
	at java.base/java.lang.Thread.run(Thread.java:829)
Caused by: java.io.IOException: java.lang.IllegalStateException: Null stream: entry=term: 4
index: 65
stateMachineLogEntry {
  type: DATASTREAM
  clientId: "i\b\262\343l\265B,\217\001?n\025e\024\357"
  callId: 419
}

	at org.apache.ratis.util.IOUtils.asIOException(IOUtils.java:56)
	at org.apache.ratis.util.IOUtils.toIOException(IOUtils.java:61)
	at org.apache.ratis.util.IOUtils.getFromFuture(IOUtils.java:85)
	at org.apache.ratis.server.raftlog.segmented.SegmentedRaftLogWorker$StateMachineDataPolicy.getFromFuture(SegmentedRaftLogWorker.java:88)
	at org.apache.ratis.server.raftlog.segmented.SegmentedRaftLogWorker$WriteLog.execute(SegmentedRaftLogWorker.java:535)
	at org.apache.ratis.server.raftlog.segmented.SegmentedRaftLogWorker.run(SegmentedRaftLogWorker.java:303)
	... 5 more
Caused by: java.lang.IllegalStateException: Null stream: entry=term: 4
index: 65
stateMachineLogEntry {
  type: DATASTREAM
  clientId: "i\b\262\343l\265B,\217\001?n\025e\024\357"
  callId: 419
}

	at org.apache.ratis.datastream.DataStreamTestUtils$MultiDataStreamStateMachine.link(DataStreamTestUtils.java:159)
	at org.apache.ratis.server.raftlog.segmented.SegmentedRaftLogWorker$WriteLog.<init>(SegmentedRaftLogWorker.java:492)
	at org.apache.ratis.server.raftlog.segmented.SegmentedRaftLogWorker.writeLogEntry(SegmentedRaftLogWorker.java:438)
	at org.apache.ratis.server.raftlog.segmented.SegmentedRaftLog.appendEntryImpl(SegmentedRaftLog.java:409)
	at org.apache.ratis.server.raftlog.RaftLogBase.lambda$appendEntry$10(RaftLogBase.java:330)
	at org.apache.ratis.server.raftlog.RaftLogSequentialOps$Runner.runSequentially(RaftLogSequentialOps.java:78)
	at org.apache.ratis.server.raftlog.RaftLogBase.appendEntry(RaftLogBase.java:330)
	at org.apache.ratis.server.raftlog.segmented.SegmentedRaftLog.appendImpl(SegmentedRaftLog.java:457)
	at org.apache.ratis.server.raftlog.RaftLogBase.lambda$append$11(RaftLogBase.java:337)
	at org.apache.ratis.server.raftlog.RaftLogSequentialOps$Runner.runSequentially(RaftLogSequentialOps.java:69)
	at org.apache.ratis.server.raftlog.RaftLogBase.append(RaftLogBase.java:337)
	at org.apache.ratis.server.impl.RaftServerImpl.appendEntriesAsync(RaftServerImpl.java:1530)
	at org.apache.ratis.server.impl.RaftServerImpl.appendEntriesAsync(RaftServerImpl.java:1394)
	at org.apache.ratis.server.impl.RaftServerProxy.lambda$appendEntriesAsync$26(RaftServerProxy.java:639)
	at org.apache.ratis.util.JavaUtils.callAsUnchecked(JavaUtils.java:117)
	at org.apache.ratis.server.impl.RaftServerImpl.lambda$executeSubmitServerRequestAsync$11(RaftServerImpl.java:822)
	at java.base/java.util.concurrent.CompletableFuture$AsyncSupply.run(CompletableFuture.java:1700)
	... 3 more
2023-03-28 15:14:19,335 [grpc-default-executor-9] INFO  leader.FollowerInfo (FollowerInfoImpl.java:lambda$new$0(52)) - s2@group-4AD7D8BDF6E4->s0: decreaseNextIndex nextIndex: updateUnconditionally 138 -> 120
2023-03-28 15:14:19,336 [pool-7-thread-7] INFO  datastream.DataStreamTestUtils (DataStreamTestUtils.java:writeAndCloseAndAssertReplies(320)) - Stream464: bytesWritten=817214
2023-03-28 15:14:19,344 [s2-client-thread2] INFO  statemachine.StateMachine (DataStreamTestUtils.java:link(157)) - link SingleDataStream: writeRequest=RaftClientRequest:client-DEAA827FFAAC->s2@group-4AD7D8BDF6E4, cid=464, seq=0, DataStream, Message:<EMPTY>, logEntry=null
2023-03-28 15:14:19,347 [grpc-default-executor-4] WARN  server.GrpcServerProtocolService (LogUtils.java:warn(124)) - s0: Failed APPEND_ENTRIES request s2->s0#152045-t4,previous=(t:4, i:119),leaderCommit=138,initializing? true,entries: size=19, first=(t:4, i:120), STATEMACHINELOGENTRY, 452@client-1BC8539CFEA6
java.util.concurrent.CompletionException: org.apache.ratis.server.raftlog.RaftLogIOException: Log already failed at index 65 for task WriteLog:65: (t:4, i:65), STATEMACHINELOGENTRY, StateMachineLogEntryProto:419@client-3F6E156514EF
	at java.base/java.util.concurrent.CompletableFuture.encodeThrowable(CompletableFuture.java:331)
	at java.base/java.util.concurrent.CompletableFuture.completeThrowable(CompletableFuture.java:346)
	at java.base/java.util.concurrent.CompletableFuture$BiRelay.tryFire(CompletableFuture.java:1423)
	at java.base/java.util.concurrent.CompletableFuture$CoCompletion.tryFire(CompletableFuture.java:1144)
	at java.base/java.util.concurrent.CompletableFuture.postComplete(CompletableFuture.java:506)
	at java.base/java.util.concurrent.CompletableFuture.completeExceptionally(CompletableFuture.java:2088)
	at org.apache.ratis.server.raftlog.segmented.SegmentedRaftLog$Task.failed(SegmentedRaftLog.java:105)
	at org.apache.ratis.server.raftlog.segmented.SegmentedRaftLogWorker$WriteLog.failed(SegmentedRaftLogWorker.java:514)
	at org.apache.ratis.server.raftlog.segmented.SegmentedRaftLogWorker.run(SegmentedRaftLogWorker.java:312)
	at java.base/java.util.concurrent.Executors$RunnableAdapter.call(Executors.java:515)
	at java.base/java.util.concurrent.FutureTask.run(FutureTask.java:264)
	at java.base/java.util.concurrent.ThreadPoolExecutor.runWorker(ThreadPoolExecutor.java:1128)
	at java.base/java.util.concurrent.ThreadPoolExecutor$Worker.run(ThreadPoolExecutor.java:628)
	at java.base/java.lang.Thread.run(Thread.java:829)
Caused by: org.apache.ratis.server.raftlog.RaftLogIOException: Log already failed at index 65 for task WriteLog:65: (t:4, i:65), STATEMACHINELOGENTRY, StateMachineLogEntryProto:419@client-3F6E156514EF
	at org.apache.ratis.server.raftlog.segmented.SegmentedRaftLogWorker.run(SegmentedRaftLogWorker.java:315)
	... 5 more
Caused by: java.io.IOException: java.lang.IllegalStateException: Null stream: entry=term: 4
index: 65
stateMachineLogEntry {
  type: DATASTREAM
  clientId: "i\b\262\343l\265B,\217\001?n\025e\024\357"
  callId: 419
}

	at org.apache.ratis.util.IOUtils.asIOException(IOUtils.java:56)
	at org.apache.ratis.util.IOUtils.toIOException(IOUtils.java:61)
	at org.apache.ratis.util.IOUtils.getFromFuture(IOUtils.java:85)
	at org.apache.ratis.server.raftlog.segmented.SegmentedRaftLogWorker$StateMachineDataPolicy.getFromFuture(SegmentedRaftLogWorker.java:88)
	at org.apache.ratis.server.raftlog.segmented.SegmentedRaftLogWorker$WriteLog.execute(SegmentedRaftLogWorker.java:535)
	at org.apache.ratis.server.raftlog.segmented.SegmentedRaftLogWorker.run(SegmentedRaftLogWorker.java:303)
	... 5 more
Caused by: java.lang.IllegalStateException: Null stream: entry=term: 4
index: 65
stateMachineLogEntry {
  type: DATASTREAM
  clientId: "i\b\262\343l\265B,\217\001?n\025e\024\357"
  callId: 419
}

	at org.apache.ratis.datastream.DataStreamTestUtils$MultiDataStreamStateMachine.link(DataStreamTestUtils.java:159)
	at org.apache.ratis.server.raftlog.segmented.SegmentedRaftLogWorker$WriteLog.<init>(SegmentedRaftLogWorker.java:492)
	at org.apache.ratis.server.raftlog.segmented.SegmentedRaftLogWorker.writeLogEntry(SegmentedRaftLogWorker.java:438)
	at org.apache.ratis.server.raftlog.segmented.SegmentedRaftLog.appendEntryImpl(SegmentedRaftLog.java:409)
	at org.apache.ratis.server.raftlog.RaftLogBase.lambda$appendEntry$10(RaftLogBase.java:330)
	at org.apache.ratis.server.raftlog.RaftLogSequentialOps$Runner.runSequentially(RaftLogSequentialOps.java:78)
	at org.apache.ratis.server.raftlog.RaftLogBase.appendEntry(RaftLogBase.java:330)
	at org.apache.ratis.server.raftlog.segmented.SegmentedRaftLog.appendImpl(SegmentedRaftLog.java:457)
	at org.apache.ratis.server.raftlog.RaftLogBase.lambda$append$11(RaftLogBase.java:337)
	at org.apache.ratis.server.raftlog.RaftLogSequentialOps$Runner.runSequentially(RaftLogSequentialOps.java:69)
	at org.apache.ratis.server.raftlog.RaftLogBase.append(RaftLogBase.java:337)
	at org.apache.ratis.server.impl.RaftServerImpl.appendEntriesAsync(RaftServerImpl.java:1530)
	at org.apache.ratis.server.impl.RaftServerImpl.appendEntriesAsync(RaftServerImpl.java:1394)
	at org.apache.ratis.server.impl.RaftServerProxy.lambda$appendEntriesAsync$26(RaftServerProxy.java:639)
	at org.apache.ratis.util.JavaUtils.callAsUnchecked(JavaUtils.java:117)
	at org.apache.ratis.server.impl.RaftServerImpl.lambda$executeSubmitServerRequestAsync$11(RaftServerImpl.java:822)
	at java.base/java.util.concurrent.CompletableFuture$AsyncSupply.run(CompletableFuture.java:1700)
	... 3 more
2023-03-28 15:14:19,351 [grpc-default-executor-9] WARN  server.GrpcLogAppender (LogUtils.java:warn(124)) - s2@group-4AD7D8BDF6E4->s0-AppendLogResponseHandler: Failed appendEntries
org.apache.ratis.server.raftlog.RaftLogIOException: Log already failed at index 65 for task WriteLog:65: (t:4, i:65), STATEMACHINELOGENTRY, StateMachineLogEntryProto:419@client-3F6E156514EF
	at org.apache.ratis.server.raftlog.segmented.SegmentedRaftLogWorker.run(SegmentedRaftLogWorker.java:315)
	at java.base/java.util.concurrent.Executors$RunnableAdapter.call(Executors.java:515)
	at java.base/java.util.concurrent.FutureTask.run(FutureTask.java:264)
	at java.base/java.util.concurrent.ThreadPoolExecutor.runWorker(ThreadPoolExecutor.java:1128)
	at java.base/java.util.concurrent.ThreadPoolExecutor$Worker.run(ThreadPoolExecutor.java:628)
	at java.base/java.lang.Thread.run(Thread.java:829)
Caused by: java.io.IOException: java.lang.IllegalStateException: Null stream: entry=term: 4
index: 65
stateMachineLogEntry {
  type: DATASTREAM
  clientId: "i\b\262\343l\265B,\217\001?n\025e\024\357"
  callId: 419
}

	at org.apache.ratis.util.IOUtils.asIOException(IOUtils.java:56)
	at org.apache.ratis.util.IOUtils.toIOException(IOUtils.java:61)
	at org.apache.ratis.util.IOUtils.getFromFuture(IOUtils.java:85)
	at org.apache.ratis.server.raftlog.segmented.SegmentedRaftLogWorker$StateMachineDataPolicy.getFromFuture(SegmentedRaftLogWorker.java:88)
	at org.apache.ratis.server.raftlog.segmented.SegmentedRaftLogWorker$WriteLog.execute(SegmentedRaftLogWorker.java:535)
	at org.apache.ratis.server.raftlog.segmented.SegmentedRaftLogWorker.run(SegmentedRaftLogWorker.java:303)
	... 5 more
Caused by: java.lang.IllegalStateException: Null stream: entry=term: 4
index: 65
stateMachineLogEntry {
  type: DATASTREAM
  clientId: "i\b\262\343l\265B,\217\001?n\025e\024\357"
  callId: 419
}

	at org.apache.ratis.datastream.DataStreamTestUtils$MultiDataStreamStateMachine.link(DataStreamTestUtils.java:159)
	at org.apache.ratis.server.raftlog.segmented.SegmentedRaftLogWorker$WriteLog.<init>(SegmentedRaftLogWorker.java:492)
	at org.apache.ratis.server.raftlog.segmented.SegmentedRaftLogWorker.writeLogEntry(SegmentedRaftLogWorker.java:438)
	at org.apache.ratis.server.raftlog.segmented.SegmentedRaftLog.appendEntryImpl(SegmentedRaftLog.java:409)
	at org.apache.ratis.server.raftlog.RaftLogBase.lambda$appendEntry$10(RaftLogBase.java:330)
	at org.apache.ratis.server.raftlog.RaftLogSequentialOps$Runner.runSequentially(RaftLogSequentialOps.java:78)
	at org.apache.ratis.server.raftlog.RaftLogBase.appendEntry(RaftLogBase.java:330)
	at org.apache.ratis.server.raftlog.segmented.SegmentedRaftLog.appendImpl(SegmentedRaftLog.java:457)
	at org.apache.ratis.server.raftlog.RaftLogBase.lambda$append$11(RaftLogBase.java:337)
	at org.apache.ratis.server.raftlog.RaftLogSequentialOps$Runner.runSequentially(RaftLogSequentialOps.java:69)
	at org.apache.ratis.server.raftlog.RaftLogBase.append(RaftLogBase.java:337)
	at org.apache.ratis.server.impl.RaftServerImpl.appendEntriesAsync(RaftServerImpl.java:1530)
	at org.apache.ratis.server.impl.RaftServerImpl.appendEntriesAsync(RaftServerImpl.java:1394)
	at org.apache.ratis.server.impl.RaftServerProxy.lambda$appendEntriesAsync$26(RaftServerProxy.java:639)
	at org.apache.ratis.util.JavaUtils.callAsUnchecked(JavaUtils.java:117)
	at org.apache.ratis.server.impl.RaftServerImpl.lambda$executeSubmitServerRequestAsync$11(RaftServerImpl.java:822)
	at java.base/java.util.concurrent.CompletableFuture$AsyncSupply.run(CompletableFuture.java:1700)
	... 3 more
2023-03-28 15:14:19,351 [grpc-default-executor-9] INFO  leader.FollowerInfo (FollowerInfoImpl.java:lambda$new$0(52)) - s2@group-4AD7D8BDF6E4->s0: decreaseNextIndex nextIndex: updateUnconditionally 139 -> 120
2023-03-28 15:14:19,356 [pool-7-thread-9] INFO  datastream.DataStreamTestUtils (DataStreamTestUtils.java:writeAndCloseAndAssertReplies(320)) - Stream465: bytesWritten=725820
2023-03-28 15:14:19,359 [s2-client-thread2] INFO  statemachine.StateMachine (DataStreamTestUtils.java:link(157)) - link SingleDataStream: writeRequest=RaftClientRequest:client-DEAA827FFAAC->s2@group-4AD7D8BDF6E4, cid=465, seq=0, DataStream, Message:<EMPTY>, logEntry=null
2023-03-28 15:14:19,361 [s1-server-thread3] INFO  statemachine.StateMachine (DataStreamTestUtils.java:link(157)) - link SingleDataStream: writeRequest=RaftClientRequest:client-DEAA827FFAAC->s2@group-4AD7D8BDF6E4, cid=464, seq=0, DataStream, Message:<EMPTY>, logEntry=null
2023-03-28 15:14:19,371 [s1-server-thread3] INFO  statemachine.StateMachine (DataStreamTestUtils.java:link(157)) - link SingleDataStream: writeRequest=RaftClientRequest:client-DEAA827FFAAC->s2@group-4AD7D8BDF6E4, cid=465, seq=0, DataStream, Message:<EMPTY>, logEntry=null
2023-03-28 15:14:19,381 [s0-server-thread2] INFO  statemachine.StateMachine (DataStreamTestUtils.java:link(157)) - link SingleDataStream: writeRequest=RaftClientRequest:client-DEAA827FFAAC->s2@group-4AD7D8BDF6E4, cid=464, seq=0, DataStream, Message:<EMPTY>, logEntry=null
2023-03-28 15:14:19,381 [s0-server-thread2] INFO  statemachine.StateMachine (DataStreamTestUtils.java:link(157)) - link SingleDataStream: writeRequest=RaftClientRequest:client-DEAA827FFAAC->s2@group-4AD7D8BDF6E4, cid=465, seq=0, DataStream, Message:<EMPTY>, logEntry=null
2023-03-28 15:14:19,381 [grpc-default-executor-4] WARN  server.GrpcServerProtocolService (LogUtils.java:warn(124)) - s0: Failed APPEND_ENTRIES request s2->s0#152046-t4,previous=(t:4, i:119),leaderCommit=139,initializing? true,entries: size=21, first=(t:4, i:120), STATEMACHINELOGENTRY, 452@client-1BC8539CFEA6
java.util.concurrent.CompletionException: org.apache.ratis.server.raftlog.RaftLogIOException: Log already failed at index 65 for task WriteLog:65: (t:4, i:65), STATEMACHINELOGENTRY, StateMachineLogEntryProto:419@client-3F6E156514EF
	at java.base/java.util.concurrent.CompletableFuture.encodeThrowable(CompletableFuture.java:331)
	at java.base/java.util.concurrent.CompletableFuture.completeThrowable(CompletableFuture.java:346)
	at java.base/java.util.concurrent.CompletableFuture$BiRelay.tryFire(CompletableFuture.java:1423)
	at java.base/java.util.concurrent.CompletableFuture$CoCompletion.tryFire(CompletableFuture.java:1144)
	at java.base/java.util.concurrent.CompletableFuture.postComplete(CompletableFuture.java:506)
	at java.base/java.util.concurrent.CompletableFuture.completeExceptionally(CompletableFuture.java:2088)
	at org.apache.ratis.server.raftlog.segmented.SegmentedRaftLog$Task.failed(SegmentedRaftLog.java:105)
	at org.apache.ratis.server.raftlog.segmented.SegmentedRaftLogWorker$WriteLog.failed(SegmentedRaftLogWorker.java:514)
	at org.apache.ratis.server.raftlog.segmented.SegmentedRaftLogWorker.run(SegmentedRaftLogWorker.java:312)
	at java.base/java.util.concurrent.Executors$RunnableAdapter.call(Executors.java:515)
	at java.base/java.util.concurrent.FutureTask.run(FutureTask.java:264)
	at java.base/java.util.concurrent.ThreadPoolExecutor.runWorker(ThreadPoolExecutor.java:1128)
	at java.base/java.util.concurrent.ThreadPoolExecutor$Worker.run(ThreadPoolExecutor.java:628)
	at java.base/java.lang.Thread.run(Thread.java:829)
Caused by: org.apache.ratis.server.raftlog.RaftLogIOException: Log already failed at index 65 for task WriteLog:65: (t:4, i:65), STATEMACHINELOGENTRY, StateMachineLogEntryProto:419@client-3F6E156514EF
	at org.apache.ratis.server.raftlog.segmented.SegmentedRaftLogWorker.run(SegmentedRaftLogWorker.java:315)
	... 5 more
Caused by: java.io.IOException: java.lang.IllegalStateException: Null stream: entry=term: 4
index: 65
stateMachineLogEntry {
  type: DATASTREAM
  clientId: "i\b\262\343l\265B,\217\001?n\025e\024\357"
  callId: 419
}

	at org.apache.ratis.util.IOUtils.asIOException(IOUtils.java:56)
	at org.apache.ratis.util.IOUtils.toIOException(IOUtils.java:61)
	at org.apache.ratis.util.IOUtils.getFromFuture(IOUtils.java:85)
	at org.apache.ratis.server.raftlog.segmented.SegmentedRaftLogWorker$StateMachineDataPolicy.getFromFuture(SegmentedRaftLogWorker.java:88)
	at org.apache.ratis.server.raftlog.segmented.SegmentedRaftLogWorker$WriteLog.execute(SegmentedRaftLogWorker.java:535)
	at org.apache.ratis.server.raftlog.segmented.SegmentedRaftLogWorker.run(SegmentedRaftLogWorker.java:303)
	... 5 more
Caused by: java.lang.IllegalStateException: Null stream: entry=term: 4
index: 65
stateMachineLogEntry {
  type: DATASTREAM
  clientId: "i\b\262\343l\265B,\217\001?n\025e\024\357"
  callId: 419
}

	at org.apache.ratis.datastream.DataStreamTestUtils$MultiDataStreamStateMachine.link(DataStreamTestUtils.java:159)
	at org.apache.ratis.server.raftlog.segmented.SegmentedRaftLogWorker$WriteLog.<init>(SegmentedRaftLogWorker.java:492)
	at org.apache.ratis.server.raftlog.segmented.SegmentedRaftLogWorker.writeLogEntry(SegmentedRaftLogWorker.java:438)
	at org.apache.ratis.server.raftlog.segmented.SegmentedRaftLog.appendEntryImpl(SegmentedRaftLog.java:409)
	at org.apache.ratis.server.raftlog.RaftLogBase.lambda$appendEntry$10(RaftLogBase.java:330)
	at org.apache.ratis.server.raftlog.RaftLogSequentialOps$Runner.runSequentially(RaftLogSequentialOps.java:78)
	at org.apache.ratis.server.raftlog.RaftLogBase.appendEntry(RaftLogBase.java:330)
	at org.apache.ratis.server.raftlog.segmented.SegmentedRaftLog.appendImpl(SegmentedRaftLog.java:457)
	at org.apache.ratis.server.raftlog.RaftLogBase.lambda$append$11(RaftLogBase.java:337)
	at org.apache.ratis.server.raftlog.RaftLogSequentialOps$Runner.runSequentially(RaftLogSequentialOps.java:69)
	at org.apache.ratis.server.raftlog.RaftLogBase.append(RaftLogBase.java:337)
	at org.apache.ratis.server.impl.RaftServerImpl.appendEntriesAsync(RaftServerImpl.java:1530)
	at org.apache.ratis.server.impl.RaftServerImpl.appendEntriesAsync(RaftServerImpl.java:1394)
	at org.apache.ratis.server.impl.RaftServerProxy.lambda$appendEntriesAsync$26(RaftServerProxy.java:639)
	at org.apache.ratis.util.JavaUtils.callAsUnchecked(JavaUtils.java:117)
	at org.apache.ratis.server.impl.RaftServerImpl.lambda$executeSubmitServerRequestAsync$11(RaftServerImpl.java:822)
	at java.base/java.util.concurrent.CompletableFuture$AsyncSupply.run(CompletableFuture.java:1700)
	... 3 more
2023-03-28 15:14:19,387 [grpc-default-executor-9] WARN  server.GrpcLogAppender (LogUtils.java:warn(124)) - s2@group-4AD7D8BDF6E4->s0-AppendLogResponseHandler: Failed appendEntries
org.apache.ratis.server.raftlog.RaftLogIOException: Log already failed at index 65 for task WriteLog:65: (t:4, i:65), STATEMACHINELOGENTRY, StateMachineLogEntryProto:419@client-3F6E156514EF
	at org.apache.ratis.server.raftlog.segmented.SegmentedRaftLogWorker.run(SegmentedRaftLogWorker.java:315)
	at java.base/java.util.concurrent.Executors$RunnableAdapter.call(Executors.java:515)
	at java.base/java.util.concurrent.FutureTask.run(FutureTask.java:264)
	at java.base/java.util.concurrent.ThreadPoolExecutor.runWorker(ThreadPoolExecutor.java:1128)
	at java.base/java.util.concurrent.ThreadPoolExecutor$Worker.run(ThreadPoolExecutor.java:628)
	at java.base/java.lang.Thread.run(Thread.java:829)
Caused by: java.io.IOException: java.lang.IllegalStateException: Null stream: entry=term: 4
index: 65
stateMachineLogEntry {
  type: DATASTREAM
  clientId: "i\b\262\343l\265B,\217\001?n\025e\024\357"
  callId: 419
}

	at org.apache.ratis.util.IOUtils.asIOException(IOUtils.java:56)
	at org.apache.ratis.util.IOUtils.toIOException(IOUtils.java:61)
	at org.apache.ratis.util.IOUtils.getFromFuture(IOUtils.java:85)
	at org.apache.ratis.server.raftlog.segmented.SegmentedRaftLogWorker$StateMachineDataPolicy.getFromFuture(SegmentedRaftLogWorker.java:88)
	at org.apache.ratis.server.raftlog.segmented.SegmentedRaftLogWorker$WriteLog.execute(SegmentedRaftLogWorker.java:535)
	at org.apache.ratis.server.raftlog.segmented.SegmentedRaftLogWorker.run(SegmentedRaftLogWorker.java:303)
	... 5 more
Caused by: java.lang.IllegalStateException: Null stream: entry=term: 4
index: 65
stateMachineLogEntry {
  type: DATASTREAM
  clientId: "i\b\262\343l\265B,\217\001?n\025e\024\357"
  callId: 419
}

	at org.apache.ratis.datastream.DataStreamTestUtils$MultiDataStreamStateMachine.link(DataStreamTestUtils.java:159)
	at org.apache.ratis.server.raftlog.segmented.SegmentedRaftLogWorker$WriteLog.<init>(SegmentedRaftLogWorker.java:492)
	at org.apache.ratis.server.raftlog.segmented.SegmentedRaftLogWorker.writeLogEntry(SegmentedRaftLogWorker.java:438)
	at org.apache.ratis.server.raftlog.segmented.SegmentedRaftLog.appendEntryImpl(SegmentedRaftLog.java:409)
	at org.apache.ratis.server.raftlog.RaftLogBase.lambda$appendEntry$10(RaftLogBase.java:330)
	at org.apache.ratis.server.raftlog.RaftLogSequentialOps$Runner.runSequentially(RaftLogSequentialOps.java:78)
	at org.apache.ratis.server.raftlog.RaftLogBase.appendEntry(RaftLogBase.java:330)
	at org.apache.ratis.server.raftlog.segmented.SegmentedRaftLog.appendImpl(SegmentedRaftLog.java:457)
	at org.apache.ratis.server.raftlog.RaftLogBase.lambda$append$11(RaftLogBase.java:337)
	at org.apache.ratis.server.raftlog.RaftLogSequentialOps$Runner.runSequentially(RaftLogSequentialOps.java:69)
	at org.apache.ratis.server.raftlog.RaftLogBase.append(RaftLogBase.java:337)
	at org.apache.ratis.server.impl.RaftServerImpl.appendEntriesAsync(RaftServerImpl.java:1530)
	at org.apache.ratis.server.impl.RaftServerImpl.appendEntriesAsync(RaftServerImpl.java:1394)
	at org.apache.ratis.server.impl.RaftServerProxy.lambda$appendEntriesAsync$26(RaftServerProxy.java:639)
	at org.apache.ratis.util.JavaUtils.callAsUnchecked(JavaUtils.java:117)
	at org.apache.ratis.server.impl.RaftServerImpl.lambda$executeSubmitServerRequestAsync$11(RaftServerImpl.java:822)
	at java.base/java.util.concurrent.CompletableFuture$AsyncSupply.run(CompletableFuture.java:1700)
	... 3 more
2023-03-28 15:14:19,387 [grpc-default-executor-9] INFO  leader.FollowerInfo (FollowerInfoImpl.java:lambda$new$0(52)) - s2@group-4AD7D8BDF6E4->s0: decreaseNextIndex nextIndex: updateUnconditionally 141 -> 120
2023-03-28 15:14:19,411 [grpc-default-executor-4] WARN  server.GrpcServerProtocolService (LogUtils.java:warn(124)) - s0: Failed APPEND_ENTRIES request s2->s0#152048-t4,previous=(t:4, i:119),leaderCommit=141,initializing? true,entries: size=22, first=(t:4, i:120), STATEMACHINELOGENTRY, 452@client-1BC8539CFEA6
java.util.concurrent.CompletionException: org.apache.ratis.server.raftlog.RaftLogIOException: Log already failed at index 65 for task WriteLog:65: (t:4, i:65), STATEMACHINELOGENTRY, StateMachineLogEntryProto:419@client-3F6E156514EF
	at java.base/java.util.concurrent.CompletableFuture.encodeThrowable(CompletableFuture.java:331)
	at java.base/java.util.concurrent.CompletableFuture.completeThrowable(CompletableFuture.java:346)
	at java.base/java.util.concurrent.CompletableFuture$BiRelay.tryFire(CompletableFuture.java:1423)
	at java.base/java.util.concurrent.CompletableFuture$CoCompletion.tryFire(CompletableFuture.java:1144)
	at java.base/java.util.concurrent.CompletableFuture.postComplete(CompletableFuture.java:506)
	at java.base/java.util.concurrent.CompletableFuture.completeExceptionally(CompletableFuture.java:2088)
	at org.apache.ratis.server.raftlog.segmented.SegmentedRaftLog$Task.failed(SegmentedRaftLog.java:105)
	at org.apache.ratis.server.raftlog.segmented.SegmentedRaftLogWorker$WriteLog.failed(SegmentedRaftLogWorker.java:514)
	at org.apache.ratis.server.raftlog.segmented.SegmentedRaftLogWorker.run(SegmentedRaftLogWorker.java:312)
	at java.base/java.util.concurrent.Executors$RunnableAdapter.call(Executors.java:515)
	at java.base/java.util.concurrent.FutureTask.run(FutureTask.java:264)
	at java.base/java.util.concurrent.ThreadPoolExecutor.runWorker(ThreadPoolExecutor.java:1128)
	at java.base/java.util.concurrent.ThreadPoolExecutor$Worker.run(ThreadPoolExecutor.java:628)
	at java.base/java.lang.Thread.run(Thread.java:829)
Caused by: org.apache.ratis.server.raftlog.RaftLogIOException: Log already failed at index 65 for task WriteLog:65: (t:4, i:65), STATEMACHINELOGENTRY, StateMachineLogEntryProto:419@client-3F6E156514EF
	at org.apache.ratis.server.raftlog.segmented.SegmentedRaftLogWorker.run(SegmentedRaftLogWorker.java:315)
	... 5 more
Caused by: java.io.IOException: java.lang.IllegalStateException: Null stream: entry=term: 4
index: 65
stateMachineLogEntry {
  type: DATASTREAM
  clientId: "i\b\262\343l\265B,\217\001?n\025e\024\357"
  callId: 419
}

	at org.apache.ratis.util.IOUtils.asIOException(IOUtils.java:56)
	at org.apache.ratis.util.IOUtils.toIOException(IOUtils.java:61)
	at org.apache.ratis.util.IOUtils.getFromFuture(IOUtils.java:85)
	at org.apache.ratis.server.raftlog.segmented.SegmentedRaftLogWorker$StateMachineDataPolicy.getFromFuture(SegmentedRaftLogWorker.java:88)
	at org.apache.ratis.server.raftlog.segmented.SegmentedRaftLogWorker$WriteLog.execute(SegmentedRaftLogWorker.java:535)
	at org.apache.ratis.server.raftlog.segmented.SegmentedRaftLogWorker.run(SegmentedRaftLogWorker.java:303)
	... 5 more
Caused by: java.lang.IllegalStateException: Null stream: entry=term: 4
index: 65
stateMachineLogEntry {
  type: DATASTREAM
  clientId: "i\b\262\343l\265B,\217\001?n\025e\024\357"
  callId: 419
}

	at org.apache.ratis.datastream.DataStreamTestUtils$MultiDataStreamStateMachine.link(DataStreamTestUtils.java:159)
	at org.apache.ratis.server.raftlog.segmented.SegmentedRaftLogWorker$WriteLog.<init>(SegmentedRaftLogWorker.java:492)
	at org.apache.ratis.server.raftlog.segmented.SegmentedRaftLogWorker.writeLogEntry(SegmentedRaftLogWorker.java:438)
	at org.apache.ratis.server.raftlog.segmented.SegmentedRaftLog.appendEntryImpl(SegmentedRaftLog.java:409)
	at org.apache.ratis.server.raftlog.RaftLogBase.lambda$appendEntry$10(RaftLogBase.java:330)
	at org.apache.ratis.server.raftlog.RaftLogSequentialOps$Runner.runSequentially(RaftLogSequentialOps.java:78)
	at org.apache.ratis.server.raftlog.RaftLogBase.appendEntry(RaftLogBase.java:330)
	at org.apache.ratis.server.raftlog.segmented.SegmentedRaftLog.appendImpl(SegmentedRaftLog.java:457)
	at org.apache.ratis.server.raftlog.RaftLogBase.lambda$append$11(RaftLogBase.java:337)
	at org.apache.ratis.server.raftlog.RaftLogSequentialOps$Runner.runSequentially(RaftLogSequentialOps.java:69)
	at org.apache.ratis.server.raftlog.RaftLogBase.append(RaftLogBase.java:337)
	at org.apache.ratis.server.impl.RaftServerImpl.appendEntriesAsync(RaftServerImpl.java:1530)
	at org.apache.ratis.server.impl.RaftServerImpl.appendEntriesAsync(RaftServerImpl.java:1394)
	at org.apache.ratis.server.impl.RaftServerProxy.lambda$appendEntriesAsync$26(RaftServerProxy.java:639)
	at org.apache.ratis.util.JavaUtils.callAsUnchecked(JavaUtils.java:117)
	at org.apache.ratis.server.impl.RaftServerImpl.lambda$executeSubmitServerRequestAsync$11(RaftServerImpl.java:822)
	at java.base/java.util.concurrent.CompletableFuture$AsyncSupply.run(CompletableFuture.java:1700)
	... 3 more
2023-03-28 15:14:19,422 [grpc-default-executor-9] WARN  server.GrpcLogAppender (LogUtils.java:warn(124)) - s2@group-4AD7D8BDF6E4->s0-AppendLogResponseHandler: Failed appendEntries
org.apache.ratis.server.raftlog.RaftLogIOException: Log already failed at index 65 for task WriteLog:65: (t:4, i:65), STATEMACHINELOGENTRY, StateMachineLogEntryProto:419@client-3F6E156514EF
	at org.apache.ratis.server.raftlog.segmented.SegmentedRaftLogWorker.run(SegmentedRaftLogWorker.java:315)
	at java.base/java.util.concurrent.Executors$RunnableAdapter.call(Executors.java:515)
	at java.base/java.util.concurrent.FutureTask.run(FutureTask.java:264)
	at java.base/java.util.concurrent.ThreadPoolExecutor.runWorker(ThreadPoolExecutor.java:1128)
	at java.base/java.util.concurrent.ThreadPoolExecutor$Worker.run(ThreadPoolExecutor.java:628)
	at java.base/java.lang.Thread.run(Thread.java:829)
Caused by: java.io.IOException: java.lang.IllegalStateException: Null stream: entry=term: 4
index: 65
stateMachineLogEntry {
  type: DATASTREAM
  clientId: "i\b\262\343l\265B,\217\001?n\025e\024\357"
  callId: 419
}

	at org.apache.ratis.util.IOUtils.asIOException(IOUtils.java:56)
	at org.apache.ratis.util.IOUtils.toIOException(IOUtils.java:61)
	at org.apache.ratis.util.IOUtils.getFromFuture(IOUtils.java:85)
	at org.apache.ratis.server.raftlog.segmented.SegmentedRaftLogWorker$StateMachineDataPolicy.getFromFuture(SegmentedRaftLogWorker.java:88)
	at org.apache.ratis.server.raftlog.segmented.SegmentedRaftLogWorker$WriteLog.execute(SegmentedRaftLogWorker.java:535)
	at org.apache.ratis.server.raftlog.segmented.SegmentedRaftLogWorker.run(SegmentedRaftLogWorker.java:303)
	... 5 more
Caused by: java.lang.IllegalStateException: Null stream: entry=term: 4
index: 65
stateMachineLogEntry {
  type: DATASTREAM
  clientId: "i\b\262\343l\265B,\217\001?n\025e\024\357"
  callId: 419
}

	at org.apache.ratis.datastream.DataStreamTestUtils$MultiDataStreamStateMachine.link(DataStreamTestUtils.java:159)
	at org.apache.ratis.server.raftlog.segmented.SegmentedRaftLogWorker$WriteLog.<init>(SegmentedRaftLogWorker.java:492)
	at org.apache.ratis.server.raftlog.segmented.SegmentedRaftLogWorker.writeLogEntry(SegmentedRaftLogWorker.java:438)
	at org.apache.ratis.server.raftlog.segmented.SegmentedRaftLog.appendEntryImpl(SegmentedRaftLog.java:409)
	at org.apache.ratis.server.raftlog.RaftLogBase.lambda$appendEntry$10(RaftLogBase.java:330)
	at org.apache.ratis.server.raftlog.RaftLogSequentialOps$Runner.runSequentially(RaftLogSequentialOps.java:78)
	at org.apache.ratis.server.raftlog.RaftLogBase.appendEntry(RaftLogBase.java:330)
	at org.apache.ratis.server.raftlog.segmented.SegmentedRaftLog.appendImpl(SegmentedRaftLog.java:457)
	at org.apache.ratis.server.raftlog.RaftLogBase.lambda$append$11(RaftLogBase.java:337)
	at org.apache.ratis.server.raftlog.RaftLogSequentialOps$Runner.runSequentially(RaftLogSequentialOps.java:69)
	at org.apache.ratis.server.raftlog.RaftLogBase.append(RaftLogBase.java:337)
	at org.apache.ratis.server.impl.RaftServerImpl.appendEntriesAsync(RaftServerImpl.java:1530)
	at org.apache.ratis.server.impl.RaftServerImpl.appendEntriesAsync(RaftServerImpl.java:1394)
	at org.apache.ratis.server.impl.RaftServerProxy.lambda$appendEntriesAsync$26(RaftServerProxy.java:639)
	at org.apache.ratis.util.JavaUtils.callAsUnchecked(JavaUtils.java:117)
	at org.apache.ratis.server.impl.RaftServerImpl.lambda$executeSubmitServerRequestAsync$11(RaftServerImpl.java:822)
	at java.base/java.util.concurrent.CompletableFuture$AsyncSupply.run(CompletableFuture.java:1700)
	... 3 more
2023-03-28 15:14:19,436 [grpc-default-executor-9] INFO  leader.FollowerInfo (FollowerInfoImpl.java:lambda$new$0(52)) - s2@group-4AD7D8BDF6E4->s0: decreaseNextIndex nextIndex: updateUnconditionally 142 -> 120
2023-03-28 15:14:19,627 [pool-7-thread-10] INFO  datastream.DataStreamTestUtils (DataStreamTestUtils.java:writeAndCloseAndAssertReplies(320)) - Stream463: bytesWritten=691606
2023-03-28 15:14:19,633 [s2-client-thread2] INFO  statemachine.StateMachine (DataStreamTestUtils.java:link(157)) - link SingleDataStream: writeRequest=RaftClientRequest:client-DEAA827FFAAC->s2@group-4AD7D8BDF6E4, cid=463, seq=0, DataStream, Message:<EMPTY>, logEntry=null
2023-03-28 15:14:19,637 [s1-server-thread3] INFO  statemachine.StateMachine (DataStreamTestUtils.java:link(157)) - link SingleDataStream: writeRequest=RaftClientRequest:client-DEAA827FFAAC->s2@group-4AD7D8BDF6E4, cid=463, seq=0, DataStream, Message:<EMPTY>, logEntry=null
2023-03-28 15:14:19,652 [s0-server-thread2] INFO  statemachine.StateMachine (DataStreamTestUtils.java:link(157)) - link SingleDataStream: writeRequest=RaftClientRequest:client-DEAA827FFAAC->s2@group-4AD7D8BDF6E4, cid=463, seq=0, DataStream, Message:<EMPTY>, logEntry=null
2023-03-28 15:14:19,653 [grpc-default-executor-9] WARN  server.GrpcServerProtocolService (LogUtils.java:warn(124)) - s0: Failed APPEND_ENTRIES request s2->s0#166243-t4,previous=(t:4, i:141),leaderCommit=143,initializing? true,entries: size=2, first=(t:4, i:142), STATEMACHINELOGENTRY, 463@client-DEAA827FFAAC
java.util.concurrent.CompletionException: org.apache.ratis.server.raftlog.RaftLogIOException: Log already failed at index 65 for task WriteLog:65: (t:4, i:65), STATEMACHINELOGENTRY, StateMachineLogEntryProto:419@client-3F6E156514EF
	at java.base/java.util.concurrent.CompletableFuture.encodeThrowable(CompletableFuture.java:331)
	at java.base/java.util.concurrent.CompletableFuture.completeThrowable(CompletableFuture.java:346)
	at java.base/java.util.concurrent.CompletableFuture$BiRelay.tryFire(CompletableFuture.java:1423)
	at java.base/java.util.concurrent.CompletableFuture$CoCompletion.tryFire(CompletableFuture.java:1144)
	at java.base/java.util.concurrent.CompletableFuture.postComplete(CompletableFuture.java:506)
	at java.base/java.util.concurrent.CompletableFuture.completeExceptionally(CompletableFuture.java:2088)
	at org.apache.ratis.server.raftlog.segmented.SegmentedRaftLog$Task.failed(SegmentedRaftLog.java:105)
	at org.apache.ratis.server.raftlog.segmented.SegmentedRaftLogWorker$WriteLog.failed(SegmentedRaftLogWorker.java:514)
	at org.apache.ratis.server.raftlog.segmented.SegmentedRaftLogWorker.run(SegmentedRaftLogWorker.java:312)
	at java.base/java.util.concurrent.Executors$RunnableAdapter.call(Executors.java:515)
	at java.base/java.util.concurrent.FutureTask.run(FutureTask.java:264)
	at java.base/java.util.concurrent.ThreadPoolExecutor.runWorker(ThreadPoolExecutor.java:1128)
	at java.base/java.util.concurrent.ThreadPoolExecutor$Worker.run(ThreadPoolExecutor.java:628)
	at java.base/java.lang.Thread.run(Thread.java:829)
Caused by: org.apache.ratis.server.raftlog.RaftLogIOException: Log already failed at index 65 for task WriteLog:65: (t:4, i:65), STATEMACHINELOGENTRY, StateMachineLogEntryProto:419@client-3F6E156514EF
	at org.apache.ratis.server.raftlog.segmented.SegmentedRaftLogWorker.run(SegmentedRaftLogWorker.java:315)
	... 5 more
Caused by: java.io.IOException: java.lang.IllegalStateException: Null stream: entry=term: 4
index: 65
stateMachineLogEntry {
  type: DATASTREAM
  clientId: "i\b\262\343l\265B,\217\001?n\025e\024\357"
  callId: 419
}

	at org.apache.ratis.util.IOUtils.asIOException(IOUtils.java:56)
	at org.apache.ratis.util.IOUtils.toIOException(IOUtils.java:61)
	at org.apache.ratis.util.IOUtils.getFromFuture(IOUtils.java:85)
	at org.apache.ratis.server.raftlog.segmented.SegmentedRaftLogWorker$StateMachineDataPolicy.getFromFuture(SegmentedRaftLogWorker.java:88)
	at org.apache.ratis.server.raftlog.segmented.SegmentedRaftLogWorker$WriteLog.execute(SegmentedRaftLogWorker.java:535)
	at org.apache.ratis.server.raftlog.segmented.SegmentedRaftLogWorker.run(SegmentedRaftLogWorker.java:303)
	... 5 more
Caused by: java.lang.IllegalStateException: Null stream: entry=term: 4
index: 65
stateMachineLogEntry {
  type: DATASTREAM
  clientId: "i\b\262\343l\265B,\217\001?n\025e\024\357"
  callId: 419
}

	at org.apache.ratis.datastream.DataStreamTestUtils$MultiDataStreamStateMachine.link(DataStreamTestUtils.java:159)
	at org.apache.ratis.server.raftlog.segmented.SegmentedRaftLogWorker$WriteLog.<init>(SegmentedRaftLogWorker.java:492)
	at org.apache.ratis.server.raftlog.segmented.SegmentedRaftLogWorker.writeLogEntry(SegmentedRaftLogWorker.java:438)
	at org.apache.ratis.server.raftlog.segmented.SegmentedRaftLog.appendEntryImpl(SegmentedRaftLog.java:409)
	at org.apache.ratis.server.raftlog.RaftLogBase.lambda$appendEntry$10(RaftLogBase.java:330)
	at org.apache.ratis.server.raftlog.RaftLogSequentialOps$Runner.runSequentially(RaftLogSequentialOps.java:78)
	at org.apache.ratis.server.raftlog.RaftLogBase.appendEntry(RaftLogBase.java:330)
	at org.apache.ratis.server.raftlog.segmented.SegmentedRaftLog.appendImpl(SegmentedRaftLog.java:457)
	at org.apache.ratis.server.raftlog.RaftLogBase.lambda$append$11(RaftLogBase.java:337)
	at org.apache.ratis.server.raftlog.RaftLogSequentialOps$Runner.runSequentially(RaftLogSequentialOps.java:69)
	at org.apache.ratis.server.raftlog.RaftLogBase.append(RaftLogBase.java:337)
	at org.apache.ratis.server.impl.RaftServerImpl.appendEntriesAsync(RaftServerImpl.java:1530)
	at org.apache.ratis.server.impl.RaftServerImpl.appendEntriesAsync(RaftServerImpl.java:1394)
	at org.apache.ratis.server.impl.RaftServerProxy.lambda$appendEntriesAsync$26(RaftServerProxy.java:639)
	at org.apache.ratis.util.JavaUtils.callAsUnchecked(JavaUtils.java:117)
	at org.apache.ratis.server.impl.RaftServerImpl.lambda$executeSubmitServerRequestAsync$11(RaftServerImpl.java:822)
	at java.base/java.util.concurrent.CompletableFuture$AsyncSupply.run(CompletableFuture.java:1700)
	... 3 more
2023-03-28 15:14:19,658 [grpc-default-executor-4] WARN  server.GrpcLogAppender (LogUtils.java:warn(124)) - s2@group-4AD7D8BDF6E4->s0-AppendLogResponseHandler: Failed appendEntries
org.apache.ratis.server.raftlog.RaftLogIOException: Log already failed at index 65 for task WriteLog:65: (t:4, i:65), STATEMACHINELOGENTRY, StateMachineLogEntryProto:419@client-3F6E156514EF
	at org.apache.ratis.server.raftlog.segmented.SegmentedRaftLogWorker.run(SegmentedRaftLogWorker.java:315)
	at java.base/java.util.concurrent.Executors$RunnableAdapter.call(Executors.java:515)
	at java.base/java.util.concurrent.FutureTask.run(FutureTask.java:264)
	at java.base/java.util.concurrent.ThreadPoolExecutor.runWorker(ThreadPoolExecutor.java:1128)
	at java.base/java.util.concurrent.ThreadPoolExecutor$Worker.run(ThreadPoolExecutor.java:628)
	at java.base/java.lang.Thread.run(Thread.java:829)
Caused by: java.io.IOException: java.lang.IllegalStateException: Null stream: entry=term: 4
index: 65
stateMachineLogEntry {
  type: DATASTREAM
  clientId: "i\b\262\343l\265B,\217\001?n\025e\024\357"
  callId: 419
}

	at org.apache.ratis.util.IOUtils.asIOException(IOUtils.java:56)
	at org.apache.ratis.util.IOUtils.toIOException(IOUtils.java:61)
	at org.apache.ratis.util.IOUtils.getFromFuture(IOUtils.java:85)
	at org.apache.ratis.server.raftlog.segmented.SegmentedRaftLogWorker$StateMachineDataPolicy.getFromFuture(SegmentedRaftLogWorker.java:88)
	at org.apache.ratis.server.raftlog.segmented.SegmentedRaftLogWorker$WriteLog.execute(SegmentedRaftLogWorker.java:535)
	at org.apache.ratis.server.raftlog.segmented.SegmentedRaftLogWorker.run(SegmentedRaftLogWorker.java:303)
	... 5 more
Caused by: java.lang.IllegalStateException: Null stream: entry=term: 4
index: 65
stateMachineLogEntry {
  type: DATASTREAM
  clientId: "i\b\262\343l\265B,\217\001?n\025e\024\357"
  callId: 419
}

	at org.apache.ratis.datastream.DataStreamTestUtils$MultiDataStreamStateMachine.link(DataStreamTestUtils.java:159)
	at org.apache.ratis.server.raftlog.segmented.SegmentedRaftLogWorker$WriteLog.<init>(SegmentedRaftLogWorker.java:492)
	at org.apache.ratis.server.raftlog.segmented.SegmentedRaftLogWorker.writeLogEntry(SegmentedRaftLogWorker.java:438)
	at org.apache.ratis.server.raftlog.segmented.SegmentedRaftLog.appendEntryImpl(SegmentedRaftLog.java:409)
	at org.apache.ratis.server.raftlog.RaftLogBase.lambda$appendEntry$10(RaftLogBase.java:330)
	at org.apache.ratis.server.raftlog.RaftLogSequentialOps$Runner.runSequentially(RaftLogSequentialOps.java:78)
	at org.apache.ratis.server.raftlog.RaftLogBase.appendEntry(RaftLogBase.java:330)
	at org.apache.ratis.server.raftlog.segmented.SegmentedRaftLog.appendImpl(SegmentedRaftLog.java:457)
	at org.apache.ratis.server.raftlog.RaftLogBase.lambda$append$11(RaftLogBase.java:337)
	at org.apache.ratis.server.raftlog.RaftLogSequentialOps$Runner.runSequentially(RaftLogSequentialOps.java:69)
	at org.apache.ratis.server.raftlog.RaftLogBase.append(RaftLogBase.java:337)
	at org.apache.ratis.server.impl.RaftServerImpl.appendEntriesAsync(RaftServerImpl.java:1530)
	at org.apache.ratis.server.impl.RaftServerImpl.appendEntriesAsync(RaftServerImpl.java:1394)
	at org.apache.ratis.server.impl.RaftServerProxy.lambda$appendEntriesAsync$26(RaftServerProxy.java:639)
	at org.apache.ratis.util.JavaUtils.callAsUnchecked(JavaUtils.java:117)
	at org.apache.ratis.server.impl.RaftServerImpl.lambda$executeSubmitServerRequestAsync$11(RaftServerImpl.java:822)
	at java.base/java.util.concurrent.CompletableFuture$AsyncSupply.run(CompletableFuture.java:1700)
	... 3 more
2023-03-28 15:14:19,658 [grpc-default-executor-4] INFO  leader.FollowerInfo (FollowerInfoImpl.java:lambda$new$0(52)) - s2@group-4AD7D8BDF6E4->s0: decreaseNextIndex nextIndex: updateUnconditionally 144 -> 142
2023-03-28 15:14:19,899 [pool-7-thread-15] INFO  datastream.DataStreamTestUtils (DataStreamTestUtils.java:writeAndCloseAndAssertReplies(320)) - Stream413: bytesWritten=3769322
2023-03-28 15:14:21,572 [pool-7-thread-13] INFO  datastream.DataStreamTestUtils (DataStreamTestUtils.java:writeAndCloseAndAssertReplies(320)) - Stream415: bytesWritten=3731878
2023-03-28 15:14:21,595 [pool-7-thread-14] INFO  datastream.DataStreamTestUtils (DataStreamTestUtils.java:writeAndCloseAndAssertReplies(320)) - Stream412: bytesWritten=3772291
2023-03-28 15:14:21,993 [pool-7-thread-12] INFO  datastream.DataStreamTestUtils (DataStreamTestUtils.java:writeAndCloseAndAssertReplies(320)) - Stream416: bytesWritten=3744180
2023-03-28 15:14:22,013 [pool-7-thread-4] INFO  datastream.DataStreamTestUtils (DataStreamTestUtils.java:writeAndCloseAndAssertReplies(320)) - Stream414: bytesWritten=3757422
2023-03-28 15:14:22,111 [s2-client-thread2] INFO  statemachine.StateMachine (DataStreamTestUtils.java:link(157)) - link SingleDataStream: writeRequest=RaftClientRequest:client-05C2F4631667->s0@group-4AD7D8BDF6E4, cid=413, seq=0, DataStream, Message:<EMPTY>, logEntry=null
2023-03-28 15:14:22,111 [s0-server-thread2] INFO  statemachine.StateMachine (DataStreamTestUtils.java:link(157)) - link SingleDataStream: writeRequest=RaftClientRequest:client-05C2F4631667->s0@group-4AD7D8BDF6E4, cid=413, seq=0, DataStream, Message:<EMPTY>, logEntry=null
2023-03-28 15:14:22,112 [s1-server-thread2] INFO  statemachine.StateMachine (DataStreamTestUtils.java:link(157)) - link SingleDataStream: writeRequest=RaftClientRequest:client-05C2F4631667->s0@group-4AD7D8BDF6E4, cid=413, seq=0, DataStream, Message:<EMPTY>, logEntry=null
2023-03-28 15:14:22,112 [grpc-default-executor-9] WARN  server.GrpcServerProtocolService (LogUtils.java:warn(124)) - s0: Failed APPEND_ENTRIES request s2->s0#282182-t4,previous=(t:4, i:143),leaderCommit=143,initializing? true,entries: size=1, first=(t:4, i:144), STATEMACHINELOGENTRY, 413@client-05C2F4631667
java.util.concurrent.CompletionException: org.apache.ratis.server.raftlog.RaftLogIOException: Log already failed at index 65 for task WriteLog:65: (t:4, i:65), STATEMACHINELOGENTRY, StateMachineLogEntryProto:419@client-3F6E156514EF
	at java.base/java.util.concurrent.CompletableFuture.encodeThrowable(CompletableFuture.java:331)
	at java.base/java.util.concurrent.CompletableFuture.completeThrowable(CompletableFuture.java:346)
	at java.base/java.util.concurrent.CompletableFuture$BiRelay.tryFire(CompletableFuture.java:1423)
	at java.base/java.util.concurrent.CompletableFuture$CoCompletion.tryFire(CompletableFuture.java:1144)
	at java.base/java.util.concurrent.CompletableFuture.postComplete(CompletableFuture.java:506)
	at java.base/java.util.concurrent.CompletableFuture.completeExceptionally(CompletableFuture.java:2088)
	at org.apache.ratis.server.raftlog.segmented.SegmentedRaftLog$Task.failed(SegmentedRaftLog.java:105)
	at org.apache.ratis.server.raftlog.segmented.SegmentedRaftLogWorker$WriteLog.failed(SegmentedRaftLogWorker.java:514)
	at org.apache.ratis.server.raftlog.segmented.SegmentedRaftLogWorker.run(SegmentedRaftLogWorker.java:312)
	at java.base/java.util.concurrent.Executors$RunnableAdapter.call(Executors.java:515)
	at java.base/java.util.concurrent.FutureTask.run(FutureTask.java:264)
	at java.base/java.util.concurrent.ThreadPoolExecutor.runWorker(ThreadPoolExecutor.java:1128)
	at java.base/java.util.concurrent.ThreadPoolExecutor$Worker.run(ThreadPoolExecutor.java:628)
	at java.base/java.lang.Thread.run(Thread.java:829)
Caused by: org.apache.ratis.server.raftlog.RaftLogIOException: Log already failed at index 65 for task WriteLog:65: (t:4, i:65), STATEMACHINELOGENTRY, StateMachineLogEntryProto:419@client-3F6E156514EF
	at org.apache.ratis.server.raftlog.segmented.SegmentedRaftLogWorker.run(SegmentedRaftLogWorker.java:315)
	... 5 more
Caused by: java.io.IOException: java.lang.IllegalStateException: Null stream: entry=term: 4
index: 65
stateMachineLogEntry {
  type: DATASTREAM
  clientId: "i\b\262\343l\265B,\217\001?n\025e\024\357"
  callId: 419
}

	at org.apache.ratis.util.IOUtils.asIOException(IOUtils.java:56)
	at org.apache.ratis.util.IOUtils.toIOException(IOUtils.java:61)
	at org.apache.ratis.util.IOUtils.getFromFuture(IOUtils.java:85)
	at org.apache.ratis.server.raftlog.segmented.SegmentedRaftLogWorker$StateMachineDataPolicy.getFromFuture(SegmentedRaftLogWorker.java:88)
	at org.apache.ratis.server.raftlog.segmented.SegmentedRaftLogWorker$WriteLog.execute(SegmentedRaftLogWorker.java:535)
	at org.apache.ratis.server.raftlog.segmented.SegmentedRaftLogWorker.run(SegmentedRaftLogWorker.java:303)
	... 5 more
Caused by: java.lang.IllegalStateException: Null stream: entry=term: 4
index: 65
stateMachineLogEntry {
  type: DATASTREAM
  clientId: "i\b\262\343l\265B,\217\001?n\025e\024\357"
  callId: 419
}

	at org.apache.ratis.datastream.DataStreamTestUtils$MultiDataStreamStateMachine.link(DataStreamTestUtils.java:159)
	at org.apache.ratis.server.raftlog.segmented.SegmentedRaftLogWorker$WriteLog.<init>(SegmentedRaftLogWorker.java:492)
	at org.apache.ratis.server.raftlog.segmented.SegmentedRaftLogWorker.writeLogEntry(SegmentedRaftLogWorker.java:438)
	at org.apache.ratis.server.raftlog.segmented.SegmentedRaftLog.appendEntryImpl(SegmentedRaftLog.java:409)
	at org.apache.ratis.server.raftlog.RaftLogBase.lambda$appendEntry$10(RaftLogBase.java:330)
	at org.apache.ratis.server.raftlog.RaftLogSequentialOps$Runner.runSequentially(RaftLogSequentialOps.java:78)
	at org.apache.ratis.server.raftlog.RaftLogBase.appendEntry(RaftLogBase.java:330)
	at org.apache.ratis.server.raftlog.segmented.SegmentedRaftLog.appendImpl(SegmentedRaftLog.java:457)
	at org.apache.ratis.server.raftlog.RaftLogBase.lambda$append$11(RaftLogBase.java:337)
	at org.apache.ratis.server.raftlog.RaftLogSequentialOps$Runner.runSequentially(RaftLogSequentialOps.java:69)
	at org.apache.ratis.server.raftlog.RaftLogBase.append(RaftLogBase.java:337)
	at org.apache.ratis.server.impl.RaftServerImpl.appendEntriesAsync(RaftServerImpl.java:1530)
	at org.apache.ratis.server.impl.RaftServerImpl.appendEntriesAsync(RaftServerImpl.java:1394)
	at org.apache.ratis.server.impl.RaftServerProxy.lambda$appendEntriesAsync$26(RaftServerProxy.java:639)
	at org.apache.ratis.util.JavaUtils.callAsUnchecked(JavaUtils.java:117)
	at org.apache.ratis.server.impl.RaftServerImpl.lambda$executeSubmitServerRequestAsync$11(RaftServerImpl.java:822)
	at java.base/java.util.concurrent.CompletableFuture$AsyncSupply.run(CompletableFuture.java:1700)
	... 3 more
2023-03-28 15:14:22,117 [grpc-default-executor-9] WARN  server.GrpcLogAppender (LogUtils.java:warn(124)) - s2@group-4AD7D8BDF6E4->s0-AppendLogResponseHandler: Failed appendEntries
org.apache.ratis.server.raftlog.RaftLogIOException: Log already failed at index 65 for task WriteLog:65: (t:4, i:65), STATEMACHINELOGENTRY, StateMachineLogEntryProto:419@client-3F6E156514EF
	at org.apache.ratis.server.raftlog.segmented.SegmentedRaftLogWorker.run(SegmentedRaftLogWorker.java:315)
	at java.base/java.util.concurrent.Executors$RunnableAdapter.call(Executors.java:515)
	at java.base/java.util.concurrent.FutureTask.run(FutureTask.java:264)
	at java.base/java.util.concurrent.ThreadPoolExecutor.runWorker(ThreadPoolExecutor.java:1128)
	at java.base/java.util.concurrent.ThreadPoolExecutor$Worker.run(ThreadPoolExecutor.java:628)
	at java.base/java.lang.Thread.run(Thread.java:829)
Caused by: java.io.IOException: java.lang.IllegalStateException: Null stream: entry=term: 4
index: 65
stateMachineLogEntry {
  type: DATASTREAM
  clientId: "i\b\262\343l\265B,\217\001?n\025e\024\357"
  callId: 419
}

	at org.apache.ratis.util.IOUtils.asIOException(IOUtils.java:56)
	at org.apache.ratis.util.IOUtils.toIOException(IOUtils.java:61)
	at org.apache.ratis.util.IOUtils.getFromFuture(IOUtils.java:85)
	at org.apache.ratis.server.raftlog.segmented.SegmentedRaftLogWorker$StateMachineDataPolicy.getFromFuture(SegmentedRaftLogWorker.java:88)
	at org.apache.ratis.server.raftlog.segmented.SegmentedRaftLogWorker$WriteLog.execute(SegmentedRaftLogWorker.java:535)
	at org.apache.ratis.server.raftlog.segmented.SegmentedRaftLogWorker.run(SegmentedRaftLogWorker.java:303)
	... 5 more
Caused by: java.lang.IllegalStateException: Null stream: entry=term: 4
index: 65
stateMachineLogEntry {
  type: DATASTREAM
  clientId: "i\b\262\343l\265B,\217\001?n\025e\024\357"
  callId: 419
}

	at org.apache.ratis.datastream.DataStreamTestUtils$MultiDataStreamStateMachine.link(DataStreamTestUtils.java:159)
	at org.apache.ratis.server.raftlog.segmented.SegmentedRaftLogWorker$WriteLog.<init>(SegmentedRaftLogWorker.java:492)
	at org.apache.ratis.server.raftlog.segmented.SegmentedRaftLogWorker.writeLogEntry(SegmentedRaftLogWorker.java:438)
	at org.apache.ratis.server.raftlog.segmented.SegmentedRaftLog.appendEntryImpl(SegmentedRaftLog.java:409)
	at org.apache.ratis.server.raftlog.RaftLogBase.lambda$appendEntry$10(RaftLogBase.java:330)
	at org.apache.ratis.server.raftlog.RaftLogSequentialOps$Runner.runSequentially(RaftLogSequentialOps.java:78)
	at org.apache.ratis.server.raftlog.RaftLogBase.appendEntry(RaftLogBase.java:330)
	at org.apache.ratis.server.raftlog.segmented.SegmentedRaftLog.appendImpl(SegmentedRaftLog.java:457)
	at org.apache.ratis.server.raftlog.RaftLogBase.lambda$append$11(RaftLogBase.java:337)
	at org.apache.ratis.server.raftlog.RaftLogSequentialOps$Runner.runSequentially(RaftLogSequentialOps.java:69)
	at org.apache.ratis.server.raftlog.RaftLogBase.append(RaftLogBase.java:337)
	at org.apache.ratis.server.impl.RaftServerImpl.appendEntriesAsync(RaftServerImpl.java:1530)
	at org.apache.ratis.server.impl.RaftServerImpl.appendEntriesAsync(RaftServerImpl.java:1394)
	at org.apache.ratis.server.impl.RaftServerProxy.lambda$appendEntriesAsync$26(RaftServerProxy.java:639)
	at org.apache.ratis.util.JavaUtils.callAsUnchecked(JavaUtils.java:117)
	at org.apache.ratis.server.impl.RaftServerImpl.lambda$executeSubmitServerRequestAsync$11(RaftServerImpl.java:822)
	at java.base/java.util.concurrent.CompletableFuture$AsyncSupply.run(CompletableFuture.java:1700)
	... 3 more
2023-03-28 15:14:22,118 [grpc-default-executor-9] INFO  leader.FollowerInfo (FollowerInfoImpl.java:lambda$new$0(52)) - s2@group-4AD7D8BDF6E4->s0: decreaseNextIndex nextIndex: updateUnconditionally 146 -> 144
2023-03-28 15:14:22,125 [s2-client-thread2] INFO  statemachine.StateMachine (DataStreamTestUtils.java:link(157)) - link SingleDataStream: writeRequest=RaftClientRequest:client-05C2F4631667->s0@group-4AD7D8BDF6E4, cid=411, seq=0, DataStream, Message:<EMPTY>, logEntry=null
2023-03-28 15:14:22,126 [s2-client-thread2] INFO  statemachine.StateMachine (DataStreamTestUtils.java:link(157)) - link SingleDataStream: writeRequest=RaftClientRequest:client-05C2F4631667->s0@group-4AD7D8BDF6E4, cid=415, seq=0, DataStream, Message:<EMPTY>, logEntry=null
2023-03-28 15:14:22,128 [s2-client-thread2] INFO  statemachine.StateMachine (DataStreamTestUtils.java:link(157)) - link SingleDataStream: writeRequest=RaftClientRequest:client-05C2F4631667->s0@group-4AD7D8BDF6E4, cid=412, seq=0, DataStream, Message:<EMPTY>, logEntry=null
2023-03-28 15:14:22,129 [s2-client-thread2] INFO  statemachine.StateMachine (DataStreamTestUtils.java:link(157)) - link SingleDataStream: writeRequest=RaftClientRequest:client-05C2F4631667->s0@group-4AD7D8BDF6E4, cid=416, seq=0, DataStream, Message:<EMPTY>, logEntry=null
2023-03-28 15:14:22,130 [s2-client-thread2] INFO  statemachine.StateMachine (DataStreamTestUtils.java:link(157)) - link SingleDataStream: writeRequest=RaftClientRequest:client-05C2F4631667->s0@group-4AD7D8BDF6E4, cid=414, seq=0, DataStream, Message:<EMPTY>, logEntry=null
2023-03-28 15:14:22,131 [s0-server-thread2] WARN  server.GrpcServerProtocolService (LogUtils.java:warn(124)) - s0: Failed APPEND_ENTRIES request s2->s0#282184-t4,previous=(t:4, i:143),leaderCommit=144,initializing? true,entries: size=2, first=(t:4, i:144), STATEMACHINELOGENTRY, 413@client-05C2F4631667
java.util.concurrent.CompletionException: org.apache.ratis.server.raftlog.RaftLogIOException: Log already failed at index 65 for task WriteLog:65: (t:4, i:65), STATEMACHINELOGENTRY, StateMachineLogEntryProto:419@client-3F6E156514EF
	at java.base/java.util.concurrent.CompletableFuture.encodeThrowable(CompletableFuture.java:331)
	at java.base/java.util.concurrent.CompletableFuture.completeThrowable(CompletableFuture.java:346)
	at java.base/java.util.concurrent.CompletableFuture$BiRelay.tryFire(CompletableFuture.java:1423)
	at java.base/java.util.concurrent.CompletableFuture$CoCompletion.tryFire(CompletableFuture.java:1144)
	at java.base/java.util.concurrent.CompletableFuture.postComplete(CompletableFuture.java:506)
	at java.base/java.util.concurrent.CompletableFuture.completeExceptionally(CompletableFuture.java:2088)
	at org.apache.ratis.server.raftlog.segmented.SegmentedRaftLog$Task.failed(SegmentedRaftLog.java:105)
	at org.apache.ratis.server.raftlog.segmented.SegmentedRaftLogWorker$WriteLog.failed(SegmentedRaftLogWorker.java:514)
	at org.apache.ratis.server.raftlog.segmented.SegmentedRaftLogWorker.run(SegmentedRaftLogWorker.java:312)
	at java.base/java.util.concurrent.Executors$RunnableAdapter.call(Executors.java:515)
	at java.base/java.util.concurrent.FutureTask.run(FutureTask.java:264)
	at java.base/java.util.concurrent.ThreadPoolExecutor.runWorker(ThreadPoolExecutor.java:1128)
	at java.base/java.util.concurrent.ThreadPoolExecutor$Worker.run(ThreadPoolExecutor.java:628)
	at java.base/java.lang.Thread.run(Thread.java:829)
Caused by: org.apache.ratis.server.raftlog.RaftLogIOException: Log already failed at index 65 for task WriteLog:65: (t:4, i:65), STATEMACHINELOGENTRY, StateMachineLogEntryProto:419@client-3F6E156514EF
	at org.apache.ratis.server.raftlog.segmented.SegmentedRaftLogWorker.run(SegmentedRaftLogWorker.java:315)
	... 5 more
Caused by: java.io.IOException: java.lang.IllegalStateException: Null stream: entry=term: 4
index: 65
stateMachineLogEntry {
  type: DATASTREAM
  clientId: "i\b\262\343l\265B,\217\001?n\025e\024\357"
  callId: 419
}

	at org.apache.ratis.util.IOUtils.asIOException(IOUtils.java:56)
	at org.apache.ratis.util.IOUtils.toIOException(IOUtils.java:61)
	at org.apache.ratis.util.IOUtils.getFromFuture(IOUtils.java:85)
	at org.apache.ratis.server.raftlog.segmented.SegmentedRaftLogWorker$StateMachineDataPolicy.getFromFuture(SegmentedRaftLogWorker.java:88)
	at org.apache.ratis.server.raftlog.segmented.SegmentedRaftLogWorker$WriteLog.execute(SegmentedRaftLogWorker.java:535)
	at org.apache.ratis.server.raftlog.segmented.SegmentedRaftLogWorker.run(SegmentedRaftLogWorker.java:303)
	... 5 more
Caused by: java.lang.IllegalStateException: Null stream: entry=term: 4
index: 65
stateMachineLogEntry {
  type: DATASTREAM
  clientId: "i\b\262\343l\265B,\217\001?n\025e\024\357"
  callId: 419
}

	at org.apache.ratis.datastream.DataStreamTestUtils$MultiDataStreamStateMachine.link(DataStreamTestUtils.java:159)
	at org.apache.ratis.server.raftlog.segmented.SegmentedRaftLogWorker$WriteLog.<init>(SegmentedRaftLogWorker.java:492)
	at org.apache.ratis.server.raftlog.segmented.SegmentedRaftLogWorker.writeLogEntry(SegmentedRaftLogWorker.java:438)
	at org.apache.ratis.server.raftlog.segmented.SegmentedRaftLog.appendEntryImpl(SegmentedRaftLog.java:409)
	at org.apache.ratis.server.raftlog.RaftLogBase.lambda$appendEntry$10(RaftLogBase.java:330)
	at org.apache.ratis.server.raftlog.RaftLogSequentialOps$Runner.runSequentially(RaftLogSequentialOps.java:78)
	at org.apache.ratis.server.raftlog.RaftLogBase.appendEntry(RaftLogBase.java:330)
	at org.apache.ratis.server.raftlog.segmented.SegmentedRaftLog.appendImpl(SegmentedRaftLog.java:457)
	at org.apache.ratis.server.raftlog.RaftLogBase.lambda$append$11(RaftLogBase.java:337)
	at org.apache.ratis.server.raftlog.RaftLogSequentialOps$Runner.runSequentially(RaftLogSequentialOps.java:69)
	at org.apache.ratis.server.raftlog.RaftLogBase.append(RaftLogBase.java:337)
	at org.apache.ratis.server.impl.RaftServerImpl.appendEntriesAsync(RaftServerImpl.java:1530)
	at org.apache.ratis.server.impl.RaftServerImpl.appendEntriesAsync(RaftServerImpl.java:1394)
	at org.apache.ratis.server.impl.RaftServerProxy.lambda$appendEntriesAsync$26(RaftServerProxy.java:639)
	at org.apache.ratis.util.JavaUtils.callAsUnchecked(JavaUtils.java:117)
	at org.apache.ratis.server.impl.RaftServerImpl.lambda$executeSubmitServerRequestAsync$11(RaftServerImpl.java:822)
	at java.base/java.util.concurrent.CompletableFuture$AsyncSupply.run(CompletableFuture.java:1700)
	... 3 more
2023-03-28 15:14:22,135 [s1-server-thread2] INFO  statemachine.StateMachine (DataStreamTestUtils.java:link(157)) - link SingleDataStream: writeRequest=RaftClientRequest:client-05C2F4631667->s0@group-4AD7D8BDF6E4, cid=411, seq=0, DataStream, Message:<EMPTY>, logEntry=null
2023-03-28 15:14:22,135 [s1-server-thread2] INFO  statemachine.StateMachine (DataStreamTestUtils.java:link(157)) - link SingleDataStream: writeRequest=RaftClientRequest:client-05C2F4631667->s0@group-4AD7D8BDF6E4, cid=415, seq=0, DataStream, Message:<EMPTY>, logEntry=null
2023-03-28 15:14:22,141 [grpc-default-executor-9] WARN  server.GrpcLogAppender (LogUtils.java:warn(124)) - s2@group-4AD7D8BDF6E4->s0-AppendLogResponseHandler: Failed appendEntries
org.apache.ratis.server.raftlog.RaftLogIOException: Log already failed at index 65 for task WriteLog:65: (t:4, i:65), STATEMACHINELOGENTRY, StateMachineLogEntryProto:419@client-3F6E156514EF
	at org.apache.ratis.server.raftlog.segmented.SegmentedRaftLogWorker.run(SegmentedRaftLogWorker.java:315)
	at java.base/java.util.concurrent.Executors$RunnableAdapter.call(Executors.java:515)
	at java.base/java.util.concurrent.FutureTask.run(FutureTask.java:264)
	at java.base/java.util.concurrent.ThreadPoolExecutor.runWorker(ThreadPoolExecutor.java:1128)
	at java.base/java.util.concurrent.ThreadPoolExecutor$Worker.run(ThreadPoolExecutor.java:628)
	at java.base/java.lang.Thread.run(Thread.java:829)
Caused by: java.io.IOException: java.lang.IllegalStateException: Null stream: entry=term: 4
index: 65
stateMachineLogEntry {
  type: DATASTREAM
  clientId: "i\b\262\343l\265B,\217\001?n\025e\024\357"
  callId: 419
}

	at org.apache.ratis.util.IOUtils.asIOException(IOUtils.java:56)
	at org.apache.ratis.util.IOUtils.toIOException(IOUtils.java:61)
	at org.apache.ratis.util.IOUtils.getFromFuture(IOUtils.java:85)
	at org.apache.ratis.server.raftlog.segmented.SegmentedRaftLogWorker$StateMachineDataPolicy.getFromFuture(SegmentedRaftLogWorker.java:88)
	at org.apache.ratis.server.raftlog.segmented.SegmentedRaftLogWorker$WriteLog.execute(SegmentedRaftLogWorker.java:535)
	at org.apache.ratis.server.raftlog.segmented.SegmentedRaftLogWorker.run(SegmentedRaftLogWorker.java:303)
	... 5 more
Caused by: java.lang.IllegalStateException: Null stream: entry=term: 4
index: 65
stateMachineLogEntry {
  type: DATASTREAM
  clientId: "i\b\262\343l\265B,\217\001?n\025e\024\357"
  callId: 419
}

	at org.apache.ratis.datastream.DataStreamTestUtils$MultiDataStreamStateMachine.link(DataStreamTestUtils.java:159)
	at org.apache.ratis.server.raftlog.segmented.SegmentedRaftLogWorker$WriteLog.<init>(SegmentedRaftLogWorker.java:492)
	at org.apache.ratis.server.raftlog.segmented.SegmentedRaftLogWorker.writeLogEntry(SegmentedRaftLogWorker.java:438)
	at org.apache.ratis.server.raftlog.segmented.SegmentedRaftLog.appendEntryImpl(SegmentedRaftLog.java:409)
	at org.apache.ratis.server.raftlog.RaftLogBase.lambda$appendEntry$10(RaftLogBase.java:330)
	at org.apache.ratis.server.raftlog.RaftLogSequentialOps$Runner.runSequentially(RaftLogSequentialOps.java:78)
	at org.apache.ratis.server.raftlog.RaftLogBase.appendEntry(RaftLogBase.java:330)
	at org.apache.ratis.server.raftlog.segmented.SegmentedRaftLog.appendImpl(SegmentedRaftLog.java:457)
	at org.apache.ratis.server.raftlog.RaftLogBase.lambda$append$11(RaftLogBase.java:337)
	at org.apache.ratis.server.raftlog.RaftLogSequentialOps$Runner.runSequentially(RaftLogSequentialOps.java:69)
	at org.apache.ratis.server.raftlog.RaftLogBase.append(RaftLogBase.java:337)
	at org.apache.ratis.server.impl.RaftServerImpl.appendEntriesAsync(RaftServerImpl.java:1530)
	at org.apache.ratis.server.impl.RaftServerImpl.appendEntriesAsync(RaftServerImpl.java:1394)
	at org.apache.ratis.server.impl.RaftServerProxy.lambda$appendEntriesAsync$26(RaftServerProxy.java:639)
	at org.apache.ratis.util.JavaUtils.callAsUnchecked(JavaUtils.java:117)
	at org.apache.ratis.server.impl.RaftServerImpl.lambda$executeSubmitServerRequestAsync$11(RaftServerImpl.java:822)
	at java.base/java.util.concurrent.CompletableFuture$AsyncSupply.run(CompletableFuture.java:1700)
	... 3 more
2023-03-28 15:14:22,141 [grpc-default-executor-9] INFO  leader.FollowerInfo (FollowerInfoImpl.java:lambda$new$0(52)) - s2@group-4AD7D8BDF6E4->s0: decreaseNextIndex nextIndex: updateUnconditionally 146 -> 144
2023-03-28 15:14:22,146 [s1-server-thread2] INFO  statemachine.StateMachine (DataStreamTestUtils.java:link(157)) - link SingleDataStream: writeRequest=RaftClientRequest:client-05C2F4631667->s0@group-4AD7D8BDF6E4, cid=412, seq=0, DataStream, Message:<EMPTY>, logEntry=null
2023-03-28 15:14:22,146 [s1-server-thread2] INFO  statemachine.StateMachine (DataStreamTestUtils.java:link(157)) - link SingleDataStream: writeRequest=RaftClientRequest:client-05C2F4631667->s0@group-4AD7D8BDF6E4, cid=416, seq=0, DataStream, Message:<EMPTY>, logEntry=null
2023-03-28 15:14:22,146 [s1-server-thread2] INFO  statemachine.StateMachine (DataStreamTestUtils.java:link(157)) - link SingleDataStream: writeRequest=RaftClientRequest:client-05C2F4631667->s0@group-4AD7D8BDF6E4, cid=414, seq=0, DataStream, Message:<EMPTY>, logEntry=null
2023-03-28 15:14:22,151 [s0-server-thread1] INFO  statemachine.StateMachine (DataStreamTestUtils.java:link(157)) - link SingleDataStream: writeRequest=RaftClientRequest:client-05C2F4631667->s0@group-4AD7D8BDF6E4, cid=411, seq=0, DataStream, Message:<EMPTY>, logEntry=null
2023-03-28 15:14:22,151 [s0-server-thread1] INFO  statemachine.StateMachine (DataStreamTestUtils.java:link(157)) - link SingleDataStream: writeRequest=RaftClientRequest:client-05C2F4631667->s0@group-4AD7D8BDF6E4, cid=415, seq=0, DataStream, Message:<EMPTY>, logEntry=null
2023-03-28 15:14:22,151 [s0-server-thread1] INFO  statemachine.StateMachine (DataStreamTestUtils.java:link(157)) - link SingleDataStream: writeRequest=RaftClientRequest:client-05C2F4631667->s0@group-4AD7D8BDF6E4, cid=412, seq=0, DataStream, Message:<EMPTY>, logEntry=null
2023-03-28 15:14:22,151 [s0-server-thread1] INFO  statemachine.StateMachine (DataStreamTestUtils.java:link(157)) - link SingleDataStream: writeRequest=RaftClientRequest:client-05C2F4631667->s0@group-4AD7D8BDF6E4, cid=416, seq=0, DataStream, Message:<EMPTY>, logEntry=null
2023-03-28 15:14:22,151 [s0-server-thread1] INFO  statemachine.StateMachine (DataStreamTestUtils.java:link(157)) - link SingleDataStream: writeRequest=RaftClientRequest:client-05C2F4631667->s0@group-4AD7D8BDF6E4, cid=414, seq=0, DataStream, Message:<EMPTY>, logEntry=null
2023-03-28 15:14:22,151 [grpc-default-executor-9] WARN  server.GrpcServerProtocolService (LogUtils.java:warn(124)) - s0: Failed APPEND_ENTRIES request s2->s0#282186-t4,previous=(t:4, i:143),leaderCommit=147,initializing? true,entries: size=8, first=(t:4, i:144), STATEMACHINELOGENTRY, 413@client-05C2F4631667
java.util.concurrent.CompletionException: org.apache.ratis.server.raftlog.RaftLogIOException: Log already failed at index 65 for task WriteLog:65: (t:4, i:65), STATEMACHINELOGENTRY, StateMachineLogEntryProto:419@client-3F6E156514EF
	at java.base/java.util.concurrent.CompletableFuture.encodeThrowable(CompletableFuture.java:331)
	at java.base/java.util.concurrent.CompletableFuture.andTree(CompletableFuture.java:1452)
	at java.base/java.util.concurrent.CompletableFuture.andTree(CompletableFuture.java:1442)
	at java.base/java.util.concurrent.CompletableFuture.andTree(CompletableFuture.java:1442)
	at java.base/java.util.concurrent.CompletableFuture.allOf(CompletableFuture.java:2337)
	at org.apache.ratis.util.JavaUtils.allOf(JavaUtils.java:278)
	at org.apache.ratis.server.impl.RaftServerImpl.appendEntriesAsync(RaftServerImpl.java:1541)
	at org.apache.ratis.server.impl.RaftServerImpl.appendEntriesAsync(RaftServerImpl.java:1394)
	at org.apache.ratis.server.impl.RaftServerProxy.lambda$appendEntriesAsync$26(RaftServerProxy.java:639)
	at org.apache.ratis.util.JavaUtils.callAsUnchecked(JavaUtils.java:117)
	at org.apache.ratis.server.impl.RaftServerImpl.lambda$executeSubmitServerRequestAsync$11(RaftServerImpl.java:822)
	at java.base/java.util.concurrent.CompletableFuture$AsyncSupply.run(CompletableFuture.java:1700)
	at java.base/java.util.concurrent.ThreadPoolExecutor.runWorker(ThreadPoolExecutor.java:1128)
	at java.base/java.util.concurrent.ThreadPoolExecutor$Worker.run(ThreadPoolExecutor.java:628)
	at java.base/java.lang.Thread.run(Thread.java:829)
Caused by: org.apache.ratis.server.raftlog.RaftLogIOException: Log already failed at index 65 for task WriteLog:65: (t:4, i:65), STATEMACHINELOGENTRY, StateMachineLogEntryProto:419@client-3F6E156514EF
	at org.apache.ratis.server.raftlog.segmented.SegmentedRaftLogWorker.run(SegmentedRaftLogWorker.java:315)
	at java.base/java.util.concurrent.Executors$RunnableAdapter.call(Executors.java:515)
	at java.base/java.util.concurrent.FutureTask.run(FutureTask.java:264)
	... 3 more
Caused by: java.io.IOException: java.lang.IllegalStateException: Null stream: entry=term: 4
index: 65
stateMachineLogEntry {
  type: DATASTREAM
  clientId: "i\b\262\343l\265B,\217\001?n\025e\024\357"
  callId: 419
}

	at org.apache.ratis.util.IOUtils.asIOException(IOUtils.java:56)
	at org.apache.ratis.util.IOUtils.toIOException(IOUtils.java:61)
	at org.apache.ratis.util.IOUtils.getFromFuture(IOUtils.java:85)
	at org.apache.ratis.server.raftlog.segmented.SegmentedRaftLogWorker$StateMachineDataPolicy.getFromFuture(SegmentedRaftLogWorker.java:88)
	at org.apache.ratis.server.raftlog.segmented.SegmentedRaftLogWorker$WriteLog.execute(SegmentedRaftLogWorker.java:535)
	at org.apache.ratis.server.raftlog.segmented.SegmentedRaftLogWorker.run(SegmentedRaftLogWorker.java:303)
	... 5 more
Caused by: java.lang.IllegalStateException: Null stream: entry=term: 4
index: 65
stateMachineLogEntry {
  type: DATASTREAM
  clientId: "i\b\262\343l\265B,\217\001?n\025e\024\357"
  callId: 419
}

	at org.apache.ratis.datastream.DataStreamTestUtils$MultiDataStreamStateMachine.link(DataStreamTestUtils.java:159)
	at org.apache.ratis.server.raftlog.segmented.SegmentedRaftLogWorker$WriteLog.<init>(SegmentedRaftLogWorker.java:492)
	at org.apache.ratis.server.raftlog.segmented.SegmentedRaftLogWorker.writeLogEntry(SegmentedRaftLogWorker.java:438)
	at org.apache.ratis.server.raftlog.segmented.SegmentedRaftLog.appendEntryImpl(SegmentedRaftLog.java:409)
	at org.apache.ratis.server.raftlog.RaftLogBase.lambda$appendEntry$10(RaftLogBase.java:330)
	at org.apache.ratis.server.raftlog.RaftLogSequentialOps$Runner.runSequentially(RaftLogSequentialOps.java:78)
	at org.apache.ratis.server.raftlog.RaftLogBase.appendEntry(RaftLogBase.java:330)
	at org.apache.ratis.server.raftlog.segmented.SegmentedRaftLog.appendImpl(SegmentedRaftLog.java:457)
	at org.apache.ratis.server.raftlog.RaftLogBase.lambda$append$11(RaftLogBase.java:337)
	at org.apache.ratis.server.raftlog.RaftLogSequentialOps$Runner.runSequentially(RaftLogSequentialOps.java:69)
	at org.apache.ratis.server.raftlog.RaftLogBase.append(RaftLogBase.java:337)
	at org.apache.ratis.server.impl.RaftServerImpl.appendEntriesAsync(RaftServerImpl.java:1530)
	at org.apache.ratis.server.impl.RaftServerImpl.appendEntriesAsync(RaftServerImpl.java:1394)
	at org.apache.ratis.server.impl.RaftServerProxy.lambda$appendEntriesAsync$26(RaftServerProxy.java:639)
	at org.apache.ratis.util.JavaUtils.callAsUnchecked(JavaUtils.java:117)
	at org.apache.ratis.server.impl.RaftServerImpl.lambda$executeSubmitServerRequestAsync$11(RaftServerImpl.java:822)
	at java.base/java.util.concurrent.CompletableFuture$AsyncSupply.run(CompletableFuture.java:1700)
	... 3 more
2023-03-28 15:14:22,158 [grpc-default-executor-4] WARN  server.GrpcLogAppender (LogUtils.java:warn(124)) - s2@group-4AD7D8BDF6E4->s0-AppendLogResponseHandler: Failed appendEntries
org.apache.ratis.server.raftlog.RaftLogIOException: Log already failed at index 65 for task WriteLog:65: (t:4, i:65), STATEMACHINELOGENTRY, StateMachineLogEntryProto:419@client-3F6E156514EF
	at org.apache.ratis.server.raftlog.segmented.SegmentedRaftLogWorker.run(SegmentedRaftLogWorker.java:315)
	at java.base/java.util.concurrent.Executors$RunnableAdapter.call(Executors.java:515)
	at java.base/java.util.concurrent.FutureTask.run(FutureTask.java:264)
	at java.base/java.util.concurrent.ThreadPoolExecutor.runWorker(ThreadPoolExecutor.java:1128)
	at java.base/java.util.concurrent.ThreadPoolExecutor$Worker.run(ThreadPoolExecutor.java:628)
	at java.base/java.lang.Thread.run(Thread.java:829)
Caused by: java.io.IOException: java.lang.IllegalStateException: Null stream: entry=term: 4
index: 65
stateMachineLogEntry {
  type: DATASTREAM
  clientId: "i\b\262\343l\265B,\217\001?n\025e\024\357"
  callId: 419
}

	at org.apache.ratis.util.IOUtils.asIOException(IOUtils.java:56)
	at org.apache.ratis.util.IOUtils.toIOException(IOUtils.java:61)
	at org.apache.ratis.util.IOUtils.getFromFuture(IOUtils.java:85)
	at org.apache.ratis.server.raftlog.segmented.SegmentedRaftLogWorker$StateMachineDataPolicy.getFromFuture(SegmentedRaftLogWorker.java:88)
	at org.apache.ratis.server.raftlog.segmented.SegmentedRaftLogWorker$WriteLog.execute(SegmentedRaftLogWorker.java:535)
	at org.apache.ratis.server.raftlog.segmented.SegmentedRaftLogWorker.run(SegmentedRaftLogWorker.java:303)
	... 5 more
Caused by: java.lang.IllegalStateException: Null stream: entry=term: 4
index: 65
stateMachineLogEntry {
  type: DATASTREAM
  clientId: "i\b\262\343l\265B,\217\001?n\025e\024\357"
  callId: 419
}

	at org.apache.ratis.datastream.DataStreamTestUtils$MultiDataStreamStateMachine.link(DataStreamTestUtils.java:159)
	at org.apache.ratis.server.raftlog.segmented.SegmentedRaftLogWorker$WriteLog.<init>(SegmentedRaftLogWorker.java:492)
	at org.apache.ratis.server.raftlog.segmented.SegmentedRaftLogWorker.writeLogEntry(SegmentedRaftLogWorker.java:438)
	at org.apache.ratis.server.raftlog.segmented.SegmentedRaftLog.appendEntryImpl(SegmentedRaftLog.java:409)
	at org.apache.ratis.server.raftlog.RaftLogBase.lambda$appendEntry$10(RaftLogBase.java:330)
	at org.apache.ratis.server.raftlog.RaftLogSequentialOps$Runner.runSequentially(RaftLogSequentialOps.java:78)
	at org.apache.ratis.server.raftlog.RaftLogBase.appendEntry(RaftLogBase.java:330)
	at org.apache.ratis.server.raftlog.segmented.SegmentedRaftLog.appendImpl(SegmentedRaftLog.java:457)
	at org.apache.ratis.server.raftlog.RaftLogBase.lambda$append$11(RaftLogBase.java:337)
	at org.apache.ratis.server.raftlog.RaftLogSequentialOps$Runner.runSequentially(RaftLogSequentialOps.java:69)
	at org.apache.ratis.server.raftlog.RaftLogBase.append(RaftLogBase.java:337)
	at org.apache.ratis.server.impl.RaftServerImpl.appendEntriesAsync(RaftServerImpl.java:1530)
	at org.apache.ratis.server.impl.RaftServerImpl.appendEntriesAsync(RaftServerImpl.java:1394)
	at org.apache.ratis.server.impl.RaftServerProxy.lambda$appendEntriesAsync$26(RaftServerProxy.java:639)
	at org.apache.ratis.util.JavaUtils.callAsUnchecked(JavaUtils.java:117)
	at org.apache.ratis.server.impl.RaftServerImpl.lambda$executeSubmitServerRequestAsync$11(RaftServerImpl.java:822)
	at java.base/java.util.concurrent.CompletableFuture$AsyncSupply.run(CompletableFuture.java:1700)
	... 3 more
2023-03-28 15:14:22,158 [grpc-default-executor-4] INFO  leader.FollowerInfo (FollowerInfoImpl.java:lambda$new$0(52)) - s2@group-4AD7D8BDF6E4->s0: decreaseNextIndex nextIndex: updateUnconditionally 152 -> 144
2023-03-28 15:14:22,786 [pool-7-thread-11] INFO  datastream.DataStreamTestUtils (DataStreamTestUtils.java:writeAndCloseAndAssertReplies(320)) - Stream417: bytesWritten=3763456
2023-03-28 15:14:22,787 [s2-client-thread2] INFO  statemachine.StateMachine (DataStreamTestUtils.java:link(157)) - link SingleDataStream: writeRequest=RaftClientRequest:client-05C2F4631667->s0@group-4AD7D8BDF6E4, cid=417, seq=0, DataStream, Message:<EMPTY>, logEntry=null
2023-03-28 15:14:22,788 [s0-server-thread1] INFO  statemachine.StateMachine (DataStreamTestUtils.java:link(157)) - link SingleDataStream: writeRequest=RaftClientRequest:client-05C2F4631667->s0@group-4AD7D8BDF6E4, cid=417, seq=0, DataStream, Message:<EMPTY>, logEntry=null
2023-03-28 15:14:22,788 [grpc-default-executor-9] WARN  server.GrpcServerProtocolService (LogUtils.java:warn(124)) - s0: Failed APPEND_ENTRIES request s2->s0#412793-t4,previous=(t:4, i:151),leaderCommit=151,initializing? true,entries: size=1, first=(t:4, i:152), STATEMACHINELOGENTRY, 417@client-05C2F4631667
java.util.concurrent.CompletionException: org.apache.ratis.server.raftlog.RaftLogIOException: Log already failed at index 65 for task WriteLog:65: (t:4, i:65), STATEMACHINELOGENTRY, StateMachineLogEntryProto:419@client-3F6E156514EF
	at java.base/java.util.concurrent.CompletableFuture.encodeThrowable(CompletableFuture.java:331)
	at java.base/java.util.concurrent.CompletableFuture.completeThrowable(CompletableFuture.java:346)
	at java.base/java.util.concurrent.CompletableFuture$BiRelay.tryFire(CompletableFuture.java:1423)
	at java.base/java.util.concurrent.CompletableFuture$CoCompletion.tryFire(CompletableFuture.java:1144)
	at java.base/java.util.concurrent.CompletableFuture.postComplete(CompletableFuture.java:506)
	at java.base/java.util.concurrent.CompletableFuture.completeExceptionally(CompletableFuture.java:2088)
	at org.apache.ratis.server.raftlog.segmented.SegmentedRaftLog$Task.failed(SegmentedRaftLog.java:105)
	at org.apache.ratis.server.raftlog.segmented.SegmentedRaftLogWorker$WriteLog.failed(SegmentedRaftLogWorker.java:514)
	at org.apache.ratis.server.raftlog.segmented.SegmentedRaftLogWorker.run(SegmentedRaftLogWorker.java:312)
	at java.base/java.util.concurrent.Executors$RunnableAdapter.call(Executors.java:515)
	at java.base/java.util.concurrent.FutureTask.run(FutureTask.java:264)
	at java.base/java.util.concurrent.ThreadPoolExecutor.runWorker(ThreadPoolExecutor.java:1128)
	at java.base/java.util.concurrent.ThreadPoolExecutor$Worker.run(ThreadPoolExecutor.java:628)
	at java.base/java.lang.Thread.run(Thread.java:829)
Caused by: org.apache.ratis.server.raftlog.RaftLogIOException: Log already failed at index 65 for task WriteLog:65: (t:4, i:65), STATEMACHINELOGENTRY, StateMachineLogEntryProto:419@client-3F6E156514EF
	at org.apache.ratis.server.raftlog.segmented.SegmentedRaftLogWorker.run(SegmentedRaftLogWorker.java:315)
	... 5 more
Caused by: java.io.IOException: java.lang.IllegalStateException: Null stream: entry=term: 4
index: 65
stateMachineLogEntry {
  type: DATASTREAM
  clientId: "i\b\262\343l\265B,\217\001?n\025e\024\357"
  callId: 419
}

	at org.apache.ratis.util.IOUtils.asIOException(IOUtils.java:56)
	at org.apache.ratis.util.IOUtils.toIOException(IOUtils.java:61)
	at org.apache.ratis.util.IOUtils.getFromFuture(IOUtils.java:85)
	at org.apache.ratis.server.raftlog.segmented.SegmentedRaftLogWorker$StateMachineDataPolicy.getFromFuture(SegmentedRaftLogWorker.java:88)
	at org.apache.ratis.server.raftlog.segmented.SegmentedRaftLogWorker$WriteLog.execute(SegmentedRaftLogWorker.java:535)
	at org.apache.ratis.server.raftlog.segmented.SegmentedRaftLogWorker.run(SegmentedRaftLogWorker.java:303)
	... 5 more
Caused by: java.lang.IllegalStateException: Null stream: entry=term: 4
index: 65
stateMachineLogEntry {
  type: DATASTREAM
  clientId: "i\b\262\343l\265B,\217\001?n\025e\024\357"
  callId: 419
}

	at org.apache.ratis.datastream.DataStreamTestUtils$MultiDataStreamStateMachine.link(DataStreamTestUtils.java:159)
	at org.apache.ratis.server.raftlog.segmented.SegmentedRaftLogWorker$WriteLog.<init>(SegmentedRaftLogWorker.java:492)
	at org.apache.ratis.server.raftlog.segmented.SegmentedRaftLogWorker.writeLogEntry(SegmentedRaftLogWorker.java:438)
	at org.apache.ratis.server.raftlog.segmented.SegmentedRaftLog.appendEntryImpl(SegmentedRaftLog.java:409)
	at org.apache.ratis.server.raftlog.RaftLogBase.lambda$appendEntry$10(RaftLogBase.java:330)
	at org.apache.ratis.server.raftlog.RaftLogSequentialOps$Runner.runSequentially(RaftLogSequentialOps.java:78)
	at org.apache.ratis.server.raftlog.RaftLogBase.appendEntry(RaftLogBase.java:330)
	at org.apache.ratis.server.raftlog.segmented.SegmentedRaftLog.appendImpl(SegmentedRaftLog.java:457)
	at org.apache.ratis.server.raftlog.RaftLogBase.lambda$append$11(RaftLogBase.java:337)
	at org.apache.ratis.server.raftlog.RaftLogSequentialOps$Runner.runSequentially(RaftLogSequentialOps.java:69)
	at org.apache.ratis.server.raftlog.RaftLogBase.append(RaftLogBase.java:337)
	at org.apache.ratis.server.impl.RaftServerImpl.appendEntriesAsync(RaftServerImpl.java:1530)
	at org.apache.ratis.server.impl.RaftServerImpl.appendEntriesAsync(RaftServerImpl.java:1394)
	at org.apache.ratis.server.impl.RaftServerProxy.lambda$appendEntriesAsync$26(RaftServerProxy.java:639)
	at org.apache.ratis.util.JavaUtils.callAsUnchecked(JavaUtils.java:117)
	at org.apache.ratis.server.impl.RaftServerImpl.lambda$executeSubmitServerRequestAsync$11(RaftServerImpl.java:822)
	at java.base/java.util.concurrent.CompletableFuture$AsyncSupply.run(CompletableFuture.java:1700)
	... 3 more
2023-03-28 15:14:22,794 [grpc-default-executor-4] WARN  server.GrpcLogAppender (LogUtils.java:warn(124)) - s2@group-4AD7D8BDF6E4->s0-AppendLogResponseHandler: Failed appendEntries
org.apache.ratis.server.raftlog.RaftLogIOException: Log already failed at index 65 for task WriteLog:65: (t:4, i:65), STATEMACHINELOGENTRY, StateMachineLogEntryProto:419@client-3F6E156514EF
	at org.apache.ratis.server.raftlog.segmented.SegmentedRaftLogWorker.run(SegmentedRaftLogWorker.java:315)
	at java.base/java.util.concurrent.Executors$RunnableAdapter.call(Executors.java:515)
	at java.base/java.util.concurrent.FutureTask.run(FutureTask.java:264)
	at java.base/java.util.concurrent.ThreadPoolExecutor.runWorker(ThreadPoolExecutor.java:1128)
	at java.base/java.util.concurrent.ThreadPoolExecutor$Worker.run(ThreadPoolExecutor.java:628)
	at java.base/java.lang.Thread.run(Thread.java:829)
Caused by: java.io.IOException: java.lang.IllegalStateException: Null stream: entry=term: 4
index: 65
stateMachineLogEntry {
  type: DATASTREAM
  clientId: "i\b\262\343l\265B,\217\001?n\025e\024\357"
  callId: 419
}

	at org.apache.ratis.util.IOUtils.asIOException(IOUtils.java:56)
	at org.apache.ratis.util.IOUtils.toIOException(IOUtils.java:61)
	at org.apache.ratis.util.IOUtils.getFromFuture(IOUtils.java:85)
	at org.apache.ratis.server.raftlog.segmented.SegmentedRaftLogWorker$StateMachineDataPolicy.getFromFuture(SegmentedRaftLogWorker.java:88)
	at org.apache.ratis.server.raftlog.segmented.SegmentedRaftLogWorker$WriteLog.execute(SegmentedRaftLogWorker.java:535)
	at org.apache.ratis.server.raftlog.segmented.SegmentedRaftLogWorker.run(SegmentedRaftLogWorker.java:303)
	... 5 more
Caused by: java.lang.IllegalStateException: Null stream: entry=term: 4
index: 65
stateMachineLogEntry {
  type: DATASTREAM
  clientId: "i\b\262\343l\265B,\217\001?n\025e\024\357"
  callId: 419
}

	at org.apache.ratis.datastream.DataStreamTestUtils$MultiDataStreamStateMachine.link(DataStreamTestUtils.java:159)
	at org.apache.ratis.server.raftlog.segmented.SegmentedRaftLogWorker$WriteLog.<init>(SegmentedRaftLogWorker.java:492)
	at org.apache.ratis.server.raftlog.segmented.SegmentedRaftLogWorker.writeLogEntry(SegmentedRaftLogWorker.java:438)
	at org.apache.ratis.server.raftlog.segmented.SegmentedRaftLog.appendEntryImpl(SegmentedRaftLog.java:409)
	at org.apache.ratis.server.raftlog.RaftLogBase.lambda$appendEntry$10(RaftLogBase.java:330)
	at org.apache.ratis.server.raftlog.RaftLogSequentialOps$Runner.runSequentially(RaftLogSequentialOps.java:78)
	at org.apache.ratis.server.raftlog.RaftLogBase.appendEntry(RaftLogBase.java:330)
	at org.apache.ratis.server.raftlog.segmented.SegmentedRaftLog.appendImpl(SegmentedRaftLog.java:457)
	at org.apache.ratis.server.raftlog.RaftLogBase.lambda$append$11(RaftLogBase.java:337)
	at org.apache.ratis.server.raftlog.RaftLogSequentialOps$Runner.runSequentially(RaftLogSequentialOps.java:69)
	at org.apache.ratis.server.raftlog.RaftLogBase.append(RaftLogBase.java:337)
	at org.apache.ratis.server.impl.RaftServerImpl.appendEntriesAsync(RaftServerImpl.java:1530)
	at org.apache.ratis.server.impl.RaftServerImpl.appendEntriesAsync(RaftServerImpl.java:1394)
	at org.apache.ratis.server.impl.RaftServerProxy.lambda$appendEntriesAsync$26(RaftServerProxy.java:639)
	at org.apache.ratis.util.JavaUtils.callAsUnchecked(JavaUtils.java:117)
	at org.apache.ratis.server.impl.RaftServerImpl.lambda$executeSubmitServerRequestAsync$11(RaftServerImpl.java:822)
	at java.base/java.util.concurrent.CompletableFuture$AsyncSupply.run(CompletableFuture.java:1700)
	... 3 more
2023-03-28 15:14:22,795 [grpc-default-executor-4] INFO  leader.FollowerInfo (FollowerInfoImpl.java:lambda$new$0(52)) - s2@group-4AD7D8BDF6E4->s0: decreaseNextIndex nextIndex: updateUnconditionally 153 -> 152
2023-03-28 15:14:22,803 [s1-server-thread2] INFO  statemachine.StateMachine (DataStreamTestUtils.java:link(157)) - link SingleDataStream: writeRequest=RaftClientRequest:client-05C2F4631667->s0@group-4AD7D8BDF6E4, cid=417, seq=0, DataStream, Message:<EMPTY>, logEntry=null
2023-03-28 15:14:22,808 [s0-server-thread2] WARN  server.GrpcServerProtocolService (LogUtils.java:warn(124)) - s0: Failed APPEND_ENTRIES request s2->s0#412796-t4,previous=(t:4, i:152),leaderCommit=152,initializing? true,entries: size=1, first=(t:4, i:153), METADATAENTRY(c:152)
java.util.concurrent.CompletionException: org.apache.ratis.server.raftlog.RaftLogIOException: Log already failed at index 65 for task WriteLog:65: (t:4, i:65), STATEMACHINELOGENTRY, StateMachineLogEntryProto:419@client-3F6E156514EF
	at java.base/java.util.concurrent.CompletableFuture.encodeThrowable(CompletableFuture.java:331)
	at java.base/java.util.concurrent.CompletableFuture.completeThrowable(CompletableFuture.java:346)
	at java.base/java.util.concurrent.CompletableFuture$BiRelay.tryFire(CompletableFuture.java:1423)
	at java.base/java.util.concurrent.CompletableFuture$CoCompletion.tryFire(CompletableFuture.java:1144)
	at java.base/java.util.concurrent.CompletableFuture.postComplete(CompletableFuture.java:506)
	at java.base/java.util.concurrent.CompletableFuture.completeExceptionally(CompletableFuture.java:2088)
	at org.apache.ratis.server.raftlog.segmented.SegmentedRaftLog$Task.failed(SegmentedRaftLog.java:105)
	at org.apache.ratis.server.raftlog.segmented.SegmentedRaftLogWorker$WriteLog.failed(SegmentedRaftLogWorker.java:514)
	at org.apache.ratis.server.raftlog.segmented.SegmentedRaftLogWorker.run(SegmentedRaftLogWorker.java:312)
	at java.base/java.util.concurrent.Executors$RunnableAdapter.call(Executors.java:515)
	at java.base/java.util.concurrent.FutureTask.run(FutureTask.java:264)
	at java.base/java.util.concurrent.ThreadPoolExecutor.runWorker(ThreadPoolExecutor.java:1128)
	at java.base/java.util.concurrent.ThreadPoolExecutor$Worker.run(ThreadPoolExecutor.java:628)
	at java.base/java.lang.Thread.run(Thread.java:829)
Caused by: org.apache.ratis.server.raftlog.RaftLogIOException: Log already failed at index 65 for task WriteLog:65: (t:4, i:65), STATEMACHINELOGENTRY, StateMachineLogEntryProto:419@client-3F6E156514EF
	at org.apache.ratis.server.raftlog.segmented.SegmentedRaftLogWorker.run(SegmentedRaftLogWorker.java:315)
	... 5 more
Caused by: java.io.IOException: java.lang.IllegalStateException: Null stream: entry=term: 4
index: 65
stateMachineLogEntry {
  type: DATASTREAM
  clientId: "i\b\262\343l\265B,\217\001?n\025e\024\357"
  callId: 419
}

	at org.apache.ratis.util.IOUtils.asIOException(IOUtils.java:56)
	at org.apache.ratis.util.IOUtils.toIOException(IOUtils.java:61)
	at org.apache.ratis.util.IOUtils.getFromFuture(IOUtils.java:85)
	at org.apache.ratis.server.raftlog.segmented.SegmentedRaftLogWorker$StateMachineDataPolicy.getFromFuture(SegmentedRaftLogWorker.java:88)
	at org.apache.ratis.server.raftlog.segmented.SegmentedRaftLogWorker$WriteLog.execute(SegmentedRaftLogWorker.java:535)
	at org.apache.ratis.server.raftlog.segmented.SegmentedRaftLogWorker.run(SegmentedRaftLogWorker.java:303)
	... 5 more
Caused by: java.lang.IllegalStateException: Null stream: entry=term: 4
index: 65
stateMachineLogEntry {
  type: DATASTREAM
  clientId: "i\b\262\343l\265B,\217\001?n\025e\024\357"
  callId: 419
}

	at org.apache.ratis.datastream.DataStreamTestUtils$MultiDataStreamStateMachine.link(DataStreamTestUtils.java:159)
	at org.apache.ratis.server.raftlog.segmented.SegmentedRaftLogWorker$WriteLog.<init>(SegmentedRaftLogWorker.java:492)
	at org.apache.ratis.server.raftlog.segmented.SegmentedRaftLogWorker.writeLogEntry(SegmentedRaftLogWorker.java:438)
	at org.apache.ratis.server.raftlog.segmented.SegmentedRaftLog.appendEntryImpl(SegmentedRaftLog.java:409)
	at org.apache.ratis.server.raftlog.RaftLogBase.lambda$appendEntry$10(RaftLogBase.java:330)
	at org.apache.ratis.server.raftlog.RaftLogSequentialOps$Runner.runSequentially(RaftLogSequentialOps.java:78)
	at org.apache.ratis.server.raftlog.RaftLogBase.appendEntry(RaftLogBase.java:330)
	at org.apache.ratis.server.raftlog.segmented.SegmentedRaftLog.appendImpl(SegmentedRaftLog.java:457)
	at org.apache.ratis.server.raftlog.RaftLogBase.lambda$append$11(RaftLogBase.java:337)
	at org.apache.ratis.server.raftlog.RaftLogSequentialOps$Runner.runSequentially(RaftLogSequentialOps.java:69)
	at org.apache.ratis.server.raftlog.RaftLogBase.append(RaftLogBase.java:337)
	at org.apache.ratis.server.impl.RaftServerImpl.appendEntriesAsync(RaftServerImpl.java:1530)
	at org.apache.ratis.server.impl.RaftServerImpl.appendEntriesAsync(RaftServerImpl.java:1394)
	at org.apache.ratis.server.impl.RaftServerProxy.lambda$appendEntriesAsync$26(RaftServerProxy.java:639)
	at org.apache.ratis.util.JavaUtils.callAsUnchecked(JavaUtils.java:117)
	at org.apache.ratis.server.impl.RaftServerImpl.lambda$executeSubmitServerRequestAsync$11(RaftServerImpl.java:822)
	at java.base/java.util.concurrent.CompletableFuture$AsyncSupply.run(CompletableFuture.java:1700)
	... 3 more
2023-03-28 15:14:22,812 [grpc-default-executor-9] WARN  server.GrpcLogAppender (LogUtils.java:warn(124)) - s2@group-4AD7D8BDF6E4->s0-AppendLogResponseHandler: Failed appendEntries
org.apache.ratis.server.raftlog.RaftLogIOException: Log already failed at index 65 for task WriteLog:65: (t:4, i:65), STATEMACHINELOGENTRY, StateMachineLogEntryProto:419@client-3F6E156514EF
	at org.apache.ratis.server.raftlog.segmented.SegmentedRaftLogWorker.run(SegmentedRaftLogWorker.java:315)
	at java.base/java.util.concurrent.Executors$RunnableAdapter.call(Executors.java:515)
	at java.base/java.util.concurrent.FutureTask.run(FutureTask.java:264)
	at java.base/java.util.concurrent.ThreadPoolExecutor.runWorker(ThreadPoolExecutor.java:1128)
	at java.base/java.util.concurrent.ThreadPoolExecutor$Worker.run(ThreadPoolExecutor.java:628)
	at java.base/java.lang.Thread.run(Thread.java:829)
Caused by: java.io.IOException: java.lang.IllegalStateException: Null stream: entry=term: 4
index: 65
stateMachineLogEntry {
  type: DATASTREAM
  clientId: "i\b\262\343l\265B,\217\001?n\025e\024\357"
  callId: 419
}

	at org.apache.ratis.util.IOUtils.asIOException(IOUtils.java:56)
	at org.apache.ratis.util.IOUtils.toIOException(IOUtils.java:61)
	at org.apache.ratis.util.IOUtils.getFromFuture(IOUtils.java:85)
	at org.apache.ratis.server.raftlog.segmented.SegmentedRaftLogWorker$StateMachineDataPolicy.getFromFuture(SegmentedRaftLogWorker.java:88)
	at org.apache.ratis.server.raftlog.segmented.SegmentedRaftLogWorker$WriteLog.execute(SegmentedRaftLogWorker.java:535)
	at org.apache.ratis.server.raftlog.segmented.SegmentedRaftLogWorker.run(SegmentedRaftLogWorker.java:303)
	... 5 more
Caused by: java.lang.IllegalStateException: Null stream: entry=term: 4
index: 65
stateMachineLogEntry {
  type: DATASTREAM
  clientId: "i\b\262\343l\265B,\217\001?n\025e\024\357"
  callId: 419
}

	at org.apache.ratis.datastream.DataStreamTestUtils$MultiDataStreamStateMachine.link(DataStreamTestUtils.java:159)
	at org.apache.ratis.server.raftlog.segmented.SegmentedRaftLogWorker$WriteLog.<init>(SegmentedRaftLogWorker.java:492)
	at org.apache.ratis.server.raftlog.segmented.SegmentedRaftLogWorker.writeLogEntry(SegmentedRaftLogWorker.java:438)
	at org.apache.ratis.server.raftlog.segmented.SegmentedRaftLog.appendEntryImpl(SegmentedRaftLog.java:409)
	at org.apache.ratis.server.raftlog.RaftLogBase.lambda$appendEntry$10(RaftLogBase.java:330)
	at org.apache.ratis.server.raftlog.RaftLogSequentialOps$Runner.runSequentially(RaftLogSequentialOps.java:78)
	at org.apache.ratis.server.raftlog.RaftLogBase.appendEntry(RaftLogBase.java:330)
	at org.apache.ratis.server.raftlog.segmented.SegmentedRaftLog.appendImpl(SegmentedRaftLog.java:457)
	at org.apache.ratis.server.raftlog.RaftLogBase.lambda$append$11(RaftLogBase.java:337)
	at org.apache.ratis.server.raftlog.RaftLogSequentialOps$Runner.runSequentially(RaftLogSequentialOps.java:69)
	at org.apache.ratis.server.raftlog.RaftLogBase.append(RaftLogBase.java:337)
	at org.apache.ratis.server.impl.RaftServerImpl.appendEntriesAsync(RaftServerImpl.java:1530)
	at org.apache.ratis.server.impl.RaftServerImpl.appendEntriesAsync(RaftServerImpl.java:1394)
	at org.apache.ratis.server.impl.RaftServerProxy.lambda$appendEntriesAsync$26(RaftServerProxy.java:639)
	at org.apache.ratis.util.JavaUtils.callAsUnchecked(JavaUtils.java:117)
	at org.apache.ratis.server.impl.RaftServerImpl.lambda$executeSubmitServerRequestAsync$11(RaftServerImpl.java:822)
	at java.base/java.util.concurrent.CompletableFuture$AsyncSupply.run(CompletableFuture.java:1700)
	... 3 more
2023-03-28 15:14:22,812 [grpc-default-executor-9] INFO  leader.FollowerInfo (FollowerInfoImpl.java:lambda$new$0(52)) - s2@group-4AD7D8BDF6E4->s0: decreaseNextIndex nextIndex: updateUnconditionally 154 -> 153
2023-03-28 15:14:22,850 [Thread-1092] INFO  util.CodeInjectionForTesting (BlockRequestHandlingInjection.java:blockRequestor(49)) - Block requestor s2
2023-03-28 15:14:22,851 [Thread-1092] INFO  server.RaftServerConfigKeys (ConfUtils.java:logGet(46)) - raft.server.rpc.timeout.max = 300ms (default)
2023-03-28 15:14:22,851 [Thread-1092] INFO  ratis.RaftTestUtil (RaftTestUtil.java:waitForLeader(100)) - printing ALL groups
  s0:  RUNNING  FOLLOWER s0@group-4AD7D8BDF6E4:t4, leader=s2, voted=null, raftlog=Memoized:s0@group-4AD7D8BDF6E4-SegmentedRaftLog:OPENED:c64, conf=63: peers:[s0|rpc:localhost:39189|admin:localhost:46309|client:localhost:42931|dataStream:localhost:35501|priority:0|startupRole:FOLLOWER, s1|rpc:localhost:42161|admin:localhost:45919|client:localhost:41703|dataStream:localhost:35503|priority:0|startupRole:FOLLOWER, s2|rpc:localhost:39003|admin:localhost:43283|client:localhost:38251|dataStream:localhost:44179|priority:0|startupRole:FOLLOWER]|listeners:[], old=null RUNNING
  s1:  RUNNING  FOLLOWER s1@group-4AD7D8BDF6E4:t4, leader=s2, voted=s2, raftlog=Memoized:s1@group-4AD7D8BDF6E4-SegmentedRaftLog:OPENED:c152, conf=63: peers:[s0|rpc:localhost:39189|admin:localhost:46309|client:localhost:42931|dataStream:localhost:35501|priority:0|startupRole:FOLLOWER, s1|rpc:localhost:42161|admin:localhost:45919|client:localhost:41703|dataStream:localhost:35503|priority:0|startupRole:FOLLOWER, s2|rpc:localhost:39003|admin:localhost:43283|client:localhost:38251|dataStream:localhost:44179|priority:0|startupRole:FOLLOWER]|listeners:[], old=null RUNNING
  s2:  RUNNING    LEADER s2@group-4AD7D8BDF6E4:t4, leader=s2, voted=s2, raftlog=Memoized:s2@group-4AD7D8BDF6E4-SegmentedRaftLog:OPENED:c153, conf=63: peers:[s0|rpc:localhost:39189|admin:localhost:46309|client:localhost:42931|dataStream:localhost:35501|priority:0|startupRole:FOLLOWER, s1|rpc:localhost:42161|admin:localhost:45919|client:localhost:41703|dataStream:localhost:35503|priority:0|startupRole:FOLLOWER, s2|rpc:localhost:39003|admin:localhost:43283|client:localhost:38251|dataStream:localhost:44179|priority:0|startupRole:FOLLOWER]|listeners:[], old=null RUNNING
2023-03-28 15:14:22,851 [Thread-1092] INFO  ratis.RaftTestUtil (RaftTestUtil.java:waitForLeader(119)) - printing ALL groups
  s0:  RUNNING  FOLLOWER s0@group-4AD7D8BDF6E4:t4, leader=s2, voted=null, raftlog=Memoized:s0@group-4AD7D8BDF6E4-SegmentedRaftLog:OPENED:c64, conf=63: peers:[s0|rpc:localhost:39189|admin:localhost:46309|client:localhost:42931|dataStream:localhost:35501|priority:0|startupRole:FOLLOWER, s1|rpc:localhost:42161|admin:localhost:45919|client:localhost:41703|dataStream:localhost:35503|priority:0|startupRole:FOLLOWER, s2|rpc:localhost:39003|admin:localhost:43283|client:localhost:38251|dataStream:localhost:44179|priority:0|startupRole:FOLLOWER]|listeners:[], old=null RUNNING
  s1:  RUNNING  FOLLOWER s1@group-4AD7D8BDF6E4:t4, leader=s2, voted=s2, raftlog=Memoized:s1@group-4AD7D8BDF6E4-SegmentedRaftLog:OPENED:c152, conf=63: peers:[s0|rpc:localhost:39189|admin:localhost:46309|client:localhost:42931|dataStream:localhost:35501|priority:0|startupRole:FOLLOWER, s1|rpc:localhost:42161|admin:localhost:45919|client:localhost:41703|dataStream:localhost:35503|priority:0|startupRole:FOLLOWER, s2|rpc:localhost:39003|admin:localhost:43283|client:localhost:38251|dataStream:localhost:44179|priority:0|startupRole:FOLLOWER]|listeners:[], old=null RUNNING
  s2:  RUNNING    LEADER s2@group-4AD7D8BDF6E4:t4, leader=s2, voted=s2, raftlog=Memoized:s2@group-4AD7D8BDF6E4-SegmentedRaftLog:OPENED:c153, conf=63: peers:[s0|rpc:localhost:39189|admin:localhost:46309|client:localhost:42931|dataStream:localhost:35501|priority:0|startupRole:FOLLOWER, s1|rpc:localhost:42161|admin:localhost:45919|client:localhost:41703|dataStream:localhost:35503|priority:0|startupRole:FOLLOWER, s2|rpc:localhost:39003|admin:localhost:43283|client:localhost:38251|dataStream:localhost:44179|priority:0|startupRole:FOLLOWER]|listeners:[], old=null RUNNING
2023-03-28 15:14:22,853 [Thread-1092] WARN  ratis.RaftTestUtil (JavaUtils.java:attempt(217)) - FAILED "changeLeader-changeLeader", attempt #1/20: org.junit.AssumptionViolatedException: Failed to change leader: newLeader == oldLeader == s2, sleep 100ms and then retry.
org.junit.AssumptionViolatedException: Failed to change leader: newLeader == oldLeader == s2
	at org.apache.ratis.RaftTestUtil.lambda$changeLeader$6(RaftTestUtil.java:433)
	at org.apache.ratis.util.JavaUtils.attempt(JavaUtils.java:211)
	at org.apache.ratis.util.JavaUtils.attemptRepeatedly(JavaUtils.java:197)
	at org.apache.ratis.RaftTestUtil.changeLeader(RaftTestUtil.java:430)
	at org.apache.ratis.RaftTestUtil.changeLeader(RaftTestUtil.java:422)
	at org.apache.ratis.datastream.DataStreamAsyncClusterTests.lambda$runTestDataStream$2(DataStreamAsyncClusterTests.java:104)
	at java.base/java.util.concurrent.CompletableFuture$UniApply.tryFire(CompletableFuture.java:642)
	at java.base/java.util.concurrent.CompletableFuture$Completion.run(CompletableFuture.java:478)
	at java.base/java.lang.Thread.run(Thread.java:829)
2023-03-28 15:14:22,880 [s1-server-thread2] INFO  util.CodeInjectionForTesting (BlockRequestHandlingInjection.java:execute(77)) - s1: Block request from s2
2023-03-28 15:14:22,908 [s0-server-thread1] INFO  util.CodeInjectionForTesting (BlockRequestHandlingInjection.java:execute(77)) - s0: Block request from s2
2023-03-28 15:14:22,953 [Thread-1092] INFO  server.RaftServerConfigKeys (ConfUtils.java:logGet(46)) - raft.server.rpc.timeout.max = 300ms (default)
2023-03-28 15:14:22,954 [Thread-1092] INFO  ratis.RaftTestUtil (RaftTestUtil.java:waitForLeader(100)) - printing ALL groups
  s0:  RUNNING  FOLLOWER s0@group-4AD7D8BDF6E4:t4, leader=s2, voted=null, raftlog=Memoized:s0@group-4AD7D8BDF6E4-SegmentedRaftLog:OPENED:c64, conf=63: peers:[s0|rpc:localhost:39189|admin:localhost:46309|client:localhost:42931|dataStream:localhost:35501|priority:0|startupRole:FOLLOWER, s1|rpc:localhost:42161|admin:localhost:45919|client:localhost:41703|dataStream:localhost:35503|priority:0|startupRole:FOLLOWER, s2|rpc:localhost:39003|admin:localhost:43283|client:localhost:38251|dataStream:localhost:44179|priority:0|startupRole:FOLLOWER]|listeners:[], old=null RUNNING
  s1:  RUNNING  FOLLOWER s1@group-4AD7D8BDF6E4:t4, leader=s2, voted=s2, raftlog=Memoized:s1@group-4AD7D8BDF6E4-SegmentedRaftLog:OPENED:c152, conf=63: peers:[s0|rpc:localhost:39189|admin:localhost:46309|client:localhost:42931|dataStream:localhost:35501|priority:0|startupRole:FOLLOWER, s1|rpc:localhost:42161|admin:localhost:45919|client:localhost:41703|dataStream:localhost:35503|priority:0|startupRole:FOLLOWER, s2|rpc:localhost:39003|admin:localhost:43283|client:localhost:38251|dataStream:localhost:44179|priority:0|startupRole:FOLLOWER]|listeners:[], old=null RUNNING
  s2:  RUNNING    LEADER s2@group-4AD7D8BDF6E4:t4, leader=s2, voted=s2, raftlog=Memoized:s2@group-4AD7D8BDF6E4-SegmentedRaftLog:OPENED:c153, conf=63: peers:[s0|rpc:localhost:39189|admin:localhost:46309|client:localhost:42931|dataStream:localhost:35501|priority:0|startupRole:FOLLOWER, s1|rpc:localhost:42161|admin:localhost:45919|client:localhost:41703|dataStream:localhost:35503|priority:0|startupRole:FOLLOWER, s2|rpc:localhost:39003|admin:localhost:43283|client:localhost:38251|dataStream:localhost:44179|priority:0|startupRole:FOLLOWER]|listeners:[], old=null RUNNING
2023-03-28 15:14:22,954 [Thread-1092] INFO  ratis.RaftTestUtil (RaftTestUtil.java:waitForLeader(119)) - printing ALL groups
  s0:  RUNNING  FOLLOWER s0@group-4AD7D8BDF6E4:t4, leader=s2, voted=null, raftlog=Memoized:s0@group-4AD7D8BDF6E4-SegmentedRaftLog:OPENED:c64, conf=63: peers:[s0|rpc:localhost:39189|admin:localhost:46309|client:localhost:42931|dataStream:localhost:35501|priority:0|startupRole:FOLLOWER, s1|rpc:localhost:42161|admin:localhost:45919|client:localhost:41703|dataStream:localhost:35503|priority:0|startupRole:FOLLOWER, s2|rpc:localhost:39003|admin:localhost:43283|client:localhost:38251|dataStream:localhost:44179|priority:0|startupRole:FOLLOWER]|listeners:[], old=null RUNNING
  s1:  RUNNING  FOLLOWER s1@group-4AD7D8BDF6E4:t4, leader=s2, voted=s2, raftlog=Memoized:s1@group-4AD7D8BDF6E4-SegmentedRaftLog:OPENED:c152, conf=63: peers:[s0|rpc:localhost:39189|admin:localhost:46309|client:localhost:42931|dataStream:localhost:35501|priority:0|startupRole:FOLLOWER, s1|rpc:localhost:42161|admin:localhost:45919|client:localhost:41703|dataStream:localhost:35503|priority:0|startupRole:FOLLOWER, s2|rpc:localhost:39003|admin:localhost:43283|client:localhost:38251|dataStream:localhost:44179|priority:0|startupRole:FOLLOWER]|listeners:[], old=null RUNNING
  s2:  RUNNING    LEADER s2@group-4AD7D8BDF6E4:t4, leader=s2, voted=s2, raftlog=Memoized:s2@group-4AD7D8BDF6E4-SegmentedRaftLog:OPENED:c153, conf=63: peers:[s0|rpc:localhost:39189|admin:localhost:46309|client:localhost:42931|dataStream:localhost:35501|priority:0|startupRole:FOLLOWER, s1|rpc:localhost:42161|admin:localhost:45919|client:localhost:41703|dataStream:localhost:35503|priority:0|startupRole:FOLLOWER, s2|rpc:localhost:39003|admin:localhost:43283|client:localhost:38251|dataStream:localhost:44179|priority:0|startupRole:FOLLOWER]|listeners:[], old=null RUNNING
2023-03-28 15:14:22,954 [Thread-1092] WARN  ratis.RaftTestUtil (JavaUtils.java:attempt(217)) - FAILED "changeLeader-changeLeader", attempt #2/20: org.junit.AssumptionViolatedException: Failed to change leader: newLeader == oldLeader == s2, sleep 100ms and then retry.
org.junit.AssumptionViolatedException: Failed to change leader: newLeader == oldLeader == s2
	at org.apache.ratis.RaftTestUtil.lambda$changeLeader$6(RaftTestUtil.java:433)
	at org.apache.ratis.util.JavaUtils.attempt(JavaUtils.java:211)
	at org.apache.ratis.util.JavaUtils.attemptRepeatedly(JavaUtils.java:197)
	at org.apache.ratis.RaftTestUtil.changeLeader(RaftTestUtil.java:430)
	at org.apache.ratis.RaftTestUtil.changeLeader(RaftTestUtil.java:422)
	at org.apache.ratis.datastream.DataStreamAsyncClusterTests.lambda$runTestDataStream$2(DataStreamAsyncClusterTests.java:104)
	at java.base/java.util.concurrent.CompletableFuture$UniApply.tryFire(CompletableFuture.java:642)
	at java.base/java.util.concurrent.CompletableFuture$Completion.run(CompletableFuture.java:478)
	at java.base/java.lang.Thread.run(Thread.java:829)
2023-03-28 15:14:23,056 [Thread-1092] INFO  server.RaftServerConfigKeys (ConfUtils.java:logGet(46)) - raft.server.rpc.timeout.max = 300ms (default)
2023-03-28 15:14:23,056 [Thread-1092] INFO  ratis.RaftTestUtil (RaftTestUtil.java:waitForLeader(100)) - printing ALL groups
  s0:  RUNNING  FOLLOWER s0@group-4AD7D8BDF6E4:t4, leader=s2, voted=null, raftlog=Memoized:s0@group-4AD7D8BDF6E4-SegmentedRaftLog:OPENED:c64, conf=63: peers:[s0|rpc:localhost:39189|admin:localhost:46309|client:localhost:42931|dataStream:localhost:35501|priority:0|startupRole:FOLLOWER, s1|rpc:localhost:42161|admin:localhost:45919|client:localhost:41703|dataStream:localhost:35503|priority:0|startupRole:FOLLOWER, s2|rpc:localhost:39003|admin:localhost:43283|client:localhost:38251|dataStream:localhost:44179|priority:0|startupRole:FOLLOWER]|listeners:[], old=null RUNNING
  s1:  RUNNING  FOLLOWER s1@group-4AD7D8BDF6E4:t4, leader=s2, voted=s2, raftlog=Memoized:s1@group-4AD7D8BDF6E4-SegmentedRaftLog:OPENED:c152, conf=63: peers:[s0|rpc:localhost:39189|admin:localhost:46309|client:localhost:42931|dataStream:localhost:35501|priority:0|startupRole:FOLLOWER, s1|rpc:localhost:42161|admin:localhost:45919|client:localhost:41703|dataStream:localhost:35503|priority:0|startupRole:FOLLOWER, s2|rpc:localhost:39003|admin:localhost:43283|client:localhost:38251|dataStream:localhost:44179|priority:0|startupRole:FOLLOWER]|listeners:[], old=null RUNNING
  s2:  RUNNING    LEADER s2@group-4AD7D8BDF6E4:t4, leader=s2, voted=s2, raftlog=Memoized:s2@group-4AD7D8BDF6E4-SegmentedRaftLog:OPENED:c153, conf=63: peers:[s0|rpc:localhost:39189|admin:localhost:46309|client:localhost:42931|dataStream:localhost:35501|priority:0|startupRole:FOLLOWER, s1|rpc:localhost:42161|admin:localhost:45919|client:localhost:41703|dataStream:localhost:35503|priority:0|startupRole:FOLLOWER, s2|rpc:localhost:39003|admin:localhost:43283|client:localhost:38251|dataStream:localhost:44179|priority:0|startupRole:FOLLOWER]|listeners:[], old=null RUNNING
2023-03-28 15:14:23,056 [Thread-1092] INFO  ratis.RaftTestUtil (RaftTestUtil.java:waitForLeader(119)) - printing ALL groups
  s0:  RUNNING  FOLLOWER s0@group-4AD7D8BDF6E4:t4, leader=s2, voted=null, raftlog=Memoized:s0@group-4AD7D8BDF6E4-SegmentedRaftLog:OPENED:c64, conf=63: peers:[s0|rpc:localhost:39189|admin:localhost:46309|client:localhost:42931|dataStream:localhost:35501|priority:0|startupRole:FOLLOWER, s1|rpc:localhost:42161|admin:localhost:45919|client:localhost:41703|dataStream:localhost:35503|priority:0|startupRole:FOLLOWER, s2|rpc:localhost:39003|admin:localhost:43283|client:localhost:38251|dataStream:localhost:44179|priority:0|startupRole:FOLLOWER]|listeners:[], old=null RUNNING
  s1:  RUNNING  FOLLOWER s1@group-4AD7D8BDF6E4:t4, leader=s2, voted=s2, raftlog=Memoized:s1@group-4AD7D8BDF6E4-SegmentedRaftLog:OPENED:c152, conf=63: peers:[s0|rpc:localhost:39189|admin:localhost:46309|client:localhost:42931|dataStream:localhost:35501|priority:0|startupRole:FOLLOWER, s1|rpc:localhost:42161|admin:localhost:45919|client:localhost:41703|dataStream:localhost:35503|priority:0|startupRole:FOLLOWER, s2|rpc:localhost:39003|admin:localhost:43283|client:localhost:38251|dataStream:localhost:44179|priority:0|startupRole:FOLLOWER]|listeners:[], old=null RUNNING
  s2:  RUNNING    LEADER s2@group-4AD7D8BDF6E4:t4, leader=s2, voted=s2, raftlog=Memoized:s2@group-4AD7D8BDF6E4-SegmentedRaftLog:OPENED:c153, conf=63: peers:[s0|rpc:localhost:39189|admin:localhost:46309|client:localhost:42931|dataStream:localhost:35501|priority:0|startupRole:FOLLOWER, s1|rpc:localhost:42161|admin:localhost:45919|client:localhost:41703|dataStream:localhost:35503|priority:0|startupRole:FOLLOWER, s2|rpc:localhost:39003|admin:localhost:43283|client:localhost:38251|dataStream:localhost:44179|priority:0|startupRole:FOLLOWER]|listeners:[], old=null RUNNING
2023-03-28 15:14:23,056 [Thread-1092] WARN  ratis.RaftTestUtil (JavaUtils.java:attempt(217)) - FAILED "changeLeader-changeLeader", attempt #3/20: org.junit.AssumptionViolatedException: Failed to change leader: newLeader == oldLeader == s2, sleep 100ms and then retry.
org.junit.AssumptionViolatedException: Failed to change leader: newLeader == oldLeader == s2
	at org.apache.ratis.RaftTestUtil.lambda$changeLeader$6(RaftTestUtil.java:433)
	at org.apache.ratis.util.JavaUtils.attempt(JavaUtils.java:211)
	at org.apache.ratis.util.JavaUtils.attemptRepeatedly(JavaUtils.java:197)
	at org.apache.ratis.RaftTestUtil.changeLeader(RaftTestUtil.java:430)
	at org.apache.ratis.RaftTestUtil.changeLeader(RaftTestUtil.java:422)
	at org.apache.ratis.datastream.DataStreamAsyncClusterTests.lambda$runTestDataStream$2(DataStreamAsyncClusterTests.java:104)
	at java.base/java.util.concurrent.CompletableFuture$UniApply.tryFire(CompletableFuture.java:642)
	at java.base/java.util.concurrent.CompletableFuture$Completion.run(CompletableFuture.java:478)
	at java.base/java.lang.Thread.run(Thread.java:829)
2023-03-28 15:14:23,103 [s1@group-4AD7D8BDF6E4-FollowerState] INFO  impl.FollowerState (FollowerState.java:run(143)) - s1@group-4AD7D8BDF6E4-FollowerState: change to CANDIDATE, lastRpcElapsedTime:299633939ns, electionTimeout:181ms
2023-03-28 15:14:23,103 [s1@group-4AD7D8BDF6E4-FollowerState] INFO  impl.RoleInfo (RoleInfo.java:shutdownFollowerState(110)) - s1: shutdown s1@group-4AD7D8BDF6E4-FollowerState
2023-03-28 15:14:23,103 [s1@group-4AD7D8BDF6E4-FollowerState] INFO  server.RaftServer$Division (RaftServerImpl.java:setRole(329)) - s1@group-4AD7D8BDF6E4: changes role from  FOLLOWER to CANDIDATE at term 4 for changeToCandidate
2023-03-28 15:14:23,103 [s1@group-4AD7D8BDF6E4-FollowerState] INFO  server.RaftServerConfigKeys (ConfUtils.java:logGet(46)) - raft.server.leaderelection.pre-vote = true (default)
2023-03-28 15:14:23,103 [s1@group-4AD7D8BDF6E4-FollowerState] INFO  impl.RoleInfo (RoleInfo.java:updateAndGet(139)) - s1: start s1@group-4AD7D8BDF6E4-LeaderElection19
2023-03-28 15:14:23,107 [s1@group-4AD7D8BDF6E4-LeaderElection19] INFO  server.RaftServer$Division (ServerState.java:setLeader(260)) - s1@group-4AD7D8BDF6E4: change Leader from s2 to null at term 4 for PRE_VOTE
2023-03-28 15:14:23,107 [s1@group-4AD7D8BDF6E4-LeaderElection19] INFO  impl.LeaderElection (LeaderElection.java:askForVotes(320)) - s1@group-4AD7D8BDF6E4-LeaderElection19 PRE_VOTE round 0: submit vote requests at term 4 for 63: peers:[s0|rpc:localhost:39189|admin:localhost:46309|client:localhost:42931|dataStream:localhost:35501|priority:0|startupRole:FOLLOWER, s1|rpc:localhost:42161|admin:localhost:45919|client:localhost:41703|dataStream:localhost:35503|priority:0|startupRole:FOLLOWER, s2|rpc:localhost:39003|admin:localhost:43283|client:localhost:38251|dataStream:localhost:44179|priority:0|startupRole:FOLLOWER]|listeners:[], old=null
2023-03-28 15:14:23,114 [grpc-default-executor-4] INFO  server.RaftServer$Division (RaftServerImpl.java:requestVote(1300)) - s0@group-4AD7D8BDF6E4: receive requestVote(PRE_VOTE, s1, group-4AD7D8BDF6E4, 4, (t:4, i:153))
2023-03-28 15:14:23,114 [grpc-default-executor-4] INFO  impl.VoteContext (VoteContext.java:log(49)) - s0@group-4AD7D8BDF6E4-FOLLOWER: accept PRE_VOTE from s1: our priority 0 <= candidate's priority 0
2023-03-28 15:14:23,114 [grpc-default-executor-4] INFO  server.RaftServer$Division (RaftServerImpl.java:requestVote(1333)) - s0@group-4AD7D8BDF6E4 replies to PRE_VOTE vote request: s1<-s0#0:OK-t4. Peer's state: s0@group-4AD7D8BDF6E4:t4, leader=s2, voted=null, raftlog=Memoized:s0@group-4AD7D8BDF6E4-SegmentedRaftLog:OPENED:c64, conf=63: peers:[s0|rpc:localhost:39189|admin:localhost:46309|client:localhost:42931|dataStream:localhost:35501|priority:0|startupRole:FOLLOWER, s1|rpc:localhost:42161|admin:localhost:45919|client:localhost:41703|dataStream:localhost:35503|priority:0|startupRole:FOLLOWER, s2|rpc:localhost:39003|admin:localhost:43283|client:localhost:38251|dataStream:localhost:44179|priority:0|startupRole:FOLLOWER]|listeners:[], old=null
2023-03-28 15:14:23,118 [s1@group-4AD7D8BDF6E4-LeaderElection19] INFO  impl.LeaderElection (LeaderElection.java:logAndReturn(89)) - s1@group-4AD7D8BDF6E4-LeaderElection19: PRE_VOTE PASSED received 1 response(s) and 0 exception(s):
2023-03-28 15:14:23,118 [s1@group-4AD7D8BDF6E4-LeaderElection19] INFO  impl.LeaderElection (LeaderElection.java:logAndReturn(93)) -   Response 0: s1<-s0#0:OK-t4
2023-03-28 15:14:23,118 [s1@group-4AD7D8BDF6E4-LeaderElection19] INFO  impl.LeaderElection (LeaderElection.java:askForVotes(322)) - s1@group-4AD7D8BDF6E4-LeaderElection19 PRE_VOTE round 0: result PASSED
2023-03-28 15:14:23,123 [grpc-default-executor-4] INFO  server.RaftServer$Division (RaftServerImpl.java:requestVote(1300)) - s2@group-4AD7D8BDF6E4: receive requestVote(PRE_VOTE, s1, group-4AD7D8BDF6E4, 4, (t:4, i:153))
2023-03-28 15:14:23,123 [grpc-default-executor-4] INFO  impl.VoteContext (VoteContext.java:log(49)) - s2@group-4AD7D8BDF6E4-LEADER: reject PRE_VOTE from s1: this server is the leader and still has leadership
2023-03-28 15:14:23,123 [grpc-default-executor-4] INFO  server.RaftServer$Division (RaftServerImpl.java:requestVote(1333)) - s2@group-4AD7D8BDF6E4 replies to PRE_VOTE vote request: s1<-s2#0:FAIL-t4. Peer's state: s2@group-4AD7D8BDF6E4:t4, leader=s2, voted=s2, raftlog=Memoized:s2@group-4AD7D8BDF6E4-SegmentedRaftLog:OPENED:c153, conf=63: peers:[s0|rpc:localhost:39189|admin:localhost:46309|client:localhost:42931|dataStream:localhost:35501|priority:0|startupRole:FOLLOWER, s1|rpc:localhost:42161|admin:localhost:45919|client:localhost:41703|dataStream:localhost:35503|priority:0|startupRole:FOLLOWER, s2|rpc:localhost:39003|admin:localhost:43283|client:localhost:38251|dataStream:localhost:44179|priority:0|startupRole:FOLLOWER]|listeners:[], old=null
2023-03-28 15:14:23,125 [s1@group-4AD7D8BDF6E4-LeaderElection19] INFO  impl.LeaderElection (LeaderElection.java:askForVotes(320)) - s1@group-4AD7D8BDF6E4-LeaderElection19 ELECTION round 0: submit vote requests at term 5 for 63: peers:[s0|rpc:localhost:39189|admin:localhost:46309|client:localhost:42931|dataStream:localhost:35501|priority:0|startupRole:FOLLOWER, s1|rpc:localhost:42161|admin:localhost:45919|client:localhost:41703|dataStream:localhost:35503|priority:0|startupRole:FOLLOWER, s2|rpc:localhost:39003|admin:localhost:43283|client:localhost:38251|dataStream:localhost:44179|priority:0|startupRole:FOLLOWER]|listeners:[], old=null
2023-03-28 15:14:23,127 [grpc-default-executor-4] INFO  server.RaftServer$Division (RaftServerImpl.java:requestVote(1300)) - s0@group-4AD7D8BDF6E4: receive requestVote(ELECTION, s1, group-4AD7D8BDF6E4, 5, (t:4, i:153))
2023-03-28 15:14:23,127 [grpc-default-executor-4] INFO  impl.VoteContext (VoteContext.java:log(49)) - s0@group-4AD7D8BDF6E4-FOLLOWER: accept ELECTION from s1: our priority 0 <= candidate's priority 0
2023-03-28 15:14:23,127 [grpc-default-executor-4] INFO  server.RaftServer$Division (ServerState.java:setLeader(260)) - s0@group-4AD7D8BDF6E4: change Leader from s2 to null at term 5 for updateCurrentTerm
2023-03-28 15:14:23,127 [grpc-default-executor-4] INFO  server.RaftServer$Division (RaftServerImpl.java:setRole(329)) - s0@group-4AD7D8BDF6E4: changes role from  FOLLOWER to FOLLOWER at term 5 for candidate:s1
2023-03-28 15:14:23,127 [grpc-default-executor-4] INFO  impl.RoleInfo (RoleInfo.java:shutdownFollowerState(110)) - s0: shutdown s0@group-4AD7D8BDF6E4-FollowerState
2023-03-28 15:14:23,127 [grpc-default-executor-4] INFO  impl.RoleInfo (RoleInfo.java:updateAndGet(139)) - s0: start s0@group-4AD7D8BDF6E4-FollowerState
2023-03-28 15:14:23,127 [s0@group-4AD7D8BDF6E4-FollowerState] INFO  impl.FollowerState (FollowerState.java:run(152)) - s0@group-4AD7D8BDF6E4-FollowerState was interrupted
2023-03-28 15:14:23,132 [s2@group-4AD7D8BDF6E4-LeaderStateImpl] WARN  server.RaftServer$Division (LeaderStateImpl.java:checkLeadership(1074)) - s2@group-4AD7D8BDF6E4-LeaderStateImpl: Lost leadership on term: 4. Election timeout: 300ms. In charge for: 9772ms. Conf: 63: peers:[s0|rpc:localhost:39189|admin:localhost:46309|client:localhost:42931|dataStream:localhost:35501|priority:0|startupRole:FOLLOWER, s1|rpc:localhost:42161|admin:localhost:45919|client:localhost:41703|dataStream:localhost:35503|priority:0|startupRole:FOLLOWER, s2|rpc:localhost:39003|admin:localhost:43283|client:localhost:38251|dataStream:localhost:44179|priority:0|startupRole:FOLLOWER]|listeners:[], old=null
2023-03-28 15:14:23,132 [s2@group-4AD7D8BDF6E4-LeaderStateImpl] WARN  server.RaftServer$Division (LeaderStateImpl.java:lambda$checkLeadership$19(1078)) - Follower s2@group-4AD7D8BDF6E4->s0(c64,m153,n154, attendVote=true, lastRpcSendTime=7, lastRpcResponseTime=301)
2023-03-28 15:14:23,132 [s2@group-4AD7D8BDF6E4-LeaderStateImpl] WARN  server.RaftServer$Division (LeaderStateImpl.java:lambda$checkLeadership$19(1078)) - Follower s2@group-4AD7D8BDF6E4->s1(c152,m153,n154, attendVote=true, lastRpcSendTime=9, lastRpcResponseTime=328)
2023-03-28 15:14:23,132 [s2@group-4AD7D8BDF6E4-LeaderStateImpl] INFO  server.RaftServer$Division (RaftServerImpl.java:setRole(329)) - s2@group-4AD7D8BDF6E4: changes role from    LEADER to FOLLOWER at term 4 for StepDownReason:LOST_MAJORITY_HEARTBEATS
2023-03-28 15:14:23,132 [s2@group-4AD7D8BDF6E4-LeaderStateImpl] INFO  impl.RoleInfo (RoleInfo.java:shutdownLeaderState(93)) - s2: shutdown s2@group-4AD7D8BDF6E4-LeaderStateImpl
2023-03-28 15:14:23,132 [s2@group-4AD7D8BDF6E4-LeaderStateImpl] INFO  impl.PendingRequests (PendingRequests.java:sendNotLeaderResponses(289)) - s2@group-4AD7D8BDF6E4-PendingRequests: sendNotLeaderResponses
2023-03-28 15:14:23,133 [s2@group-4AD7D8BDF6E4->s1-GrpcLogAppender-LogAppenderDaemon] WARN  server.GrpcLogAppender (GrpcLogAppender.java:mayWait(195)) - s2@group-4AD7D8BDF6E4->s1-GrpcLogAppender: Wait interrupted by java.lang.InterruptedException
2023-03-28 15:14:23,133 [s2@group-4AD7D8BDF6E4->s0-GrpcLogAppender-LogAppenderDaemon] WARN  server.GrpcLogAppender (GrpcLogAppender.java:mayWait(195)) - s2@group-4AD7D8BDF6E4->s0-GrpcLogAppender: Wait interrupted by java.lang.InterruptedException
2023-03-28 15:14:23,133 [s2@group-4AD7D8BDF6E4-LeaderStateImpl] INFO  server.RaftServer$Division (ServerState.java:setLeader(260)) - s2@group-4AD7D8BDF6E4: change Leader from s2 to null at term 4 for StepDownReason:LOST_MAJORITY_HEARTBEATS
2023-03-28 15:14:23,133 [s2@group-4AD7D8BDF6E4-LeaderStateImpl] INFO  impl.RoleInfo (RoleInfo.java:updateAndGet(139)) - s2: start s2@group-4AD7D8BDF6E4-FollowerState
2023-03-28 15:14:23,136 [grpc-default-executor-4] INFO  server.RaftServer$Division (RaftServerImpl.java:requestVote(1333)) - s0@group-4AD7D8BDF6E4 replies to ELECTION vote request: s1<-s0#0:OK-t5. Peer's state: s0@group-4AD7D8BDF6E4:t5, leader=null, voted=s1, raftlog=Memoized:s0@group-4AD7D8BDF6E4-SegmentedRaftLog:OPENED:c64, conf=63: peers:[s0|rpc:localhost:39189|admin:localhost:46309|client:localhost:42931|dataStream:localhost:35501|priority:0|startupRole:FOLLOWER, s1|rpc:localhost:42161|admin:localhost:45919|client:localhost:41703|dataStream:localhost:35503|priority:0|startupRole:FOLLOWER, s2|rpc:localhost:39003|admin:localhost:43283|client:localhost:38251|dataStream:localhost:44179|priority:0|startupRole:FOLLOWER]|listeners:[], old=null
2023-03-28 15:14:23,136 [grpc-default-executor-1] INFO  server.GrpcServerProtocolService (GrpcServerProtocolService.java:onCompleted(145)) - s1: Completed APPEND_ENTRIES, lastRequest: s2->s1#88206-t4,previous=(t:4, i:151),leaderCommit=152,initializing? true,entries: size=2, first=(t:4, i:152), STATEMACHINELOGENTRY, 417@client-05C2F4631667
2023-03-28 15:14:23,137 [grpc-default-executor-1] INFO  server.GrpcServerProtocolService (GrpcServerProtocolService.java:onCompleted(145)) - s0: Completed APPEND_ENTRIES, lastRequest: s2->s0#412797-t4,previous=(t:4, i:152),leaderCommit=153,initializing? true,entries: size=1, first=(t:4, i:153), METADATAENTRY(c:152)
2023-03-28 15:14:23,137 [s1@group-4AD7D8BDF6E4-LeaderElection19] INFO  impl.LeaderElection (LeaderElection.java:logAndReturn(89)) - s1@group-4AD7D8BDF6E4-LeaderElection19: ELECTION PASSED received 1 response(s) and 0 exception(s):
2023-03-28 15:14:23,137 [s1@group-4AD7D8BDF6E4-LeaderElection19] INFO  impl.LeaderElection (LeaderElection.java:logAndReturn(93)) -   Response 0: s1<-s0#0:OK-t5
2023-03-28 15:14:23,137 [s1@group-4AD7D8BDF6E4-LeaderElection19] INFO  impl.LeaderElection (LeaderElection.java:askForVotes(322)) - s1@group-4AD7D8BDF6E4-LeaderElection19 ELECTION round 0: result PASSED
2023-03-28 15:14:23,137 [s1@group-4AD7D8BDF6E4-LeaderElection19] INFO  impl.RoleInfo (RoleInfo.java:shutdownLeaderElection(130)) - s1: shutdown s1@group-4AD7D8BDF6E4-LeaderElection19
2023-03-28 15:14:23,137 [s1@group-4AD7D8BDF6E4-LeaderElection19] INFO  server.RaftServer$Division (RaftServerImpl.java:setRole(329)) - s1@group-4AD7D8BDF6E4: changes role from CANDIDATE to LEADER at term 5 for changeToLeader
2023-03-28 15:14:23,137 [s1@group-4AD7D8BDF6E4-LeaderElection19] INFO  server.RaftServer$Division (ServerState.java:setLeader(260)) - s1@group-4AD7D8BDF6E4: change Leader from null to s1 at term 5 for becomeLeader, leader elected after 30ms
2023-03-28 15:14:23,137 [grpc-default-executor-1] INFO  server.GrpcLogAppender (GrpcLogAppender.java:onCompleted(422)) - s2@group-4AD7D8BDF6E4->s1-AppendLogResponseHandler: follower responses appendEntries COMPLETED
2023-03-28 15:14:23,137 [s1@group-4AD7D8BDF6E4-LeaderElection19] INFO  server.RaftServerConfigKeys (ConfUtils.java:logGet(46)) - raft.server.staging.catchup.gap = 1000 (default)
2023-03-28 15:14:23,137 [grpc-default-executor-1] INFO  leader.FollowerInfo (FollowerInfoImpl.java:lambda$new$0(52)) - s2@group-4AD7D8BDF6E4->s1: decreaseNextIndex nextIndex: updateUnconditionally 154 -> 153
2023-03-28 15:14:23,137 [s1@group-4AD7D8BDF6E4-LeaderElection19] INFO  server.RaftServerConfigKeys (ConfUtils.java:logGet(46)) - raft.server.write.element-limit = 4096 (default)
2023-03-28 15:14:23,137 [s1@group-4AD7D8BDF6E4-LeaderElection19] INFO  server.RaftServerConfigKeys (ConfUtils.java:logGet(46)) - raft.server.write.byte-limit = 64MB (=67108864) (default)
2023-03-28 15:14:23,138 [s1@group-4AD7D8BDF6E4-LeaderElection19] INFO  server.RaftServerConfigKeys (ConfUtils.java:logGet(46)) - raft.server.watch.timeout = 10s (default)
2023-03-28 15:14:23,138 [s1@group-4AD7D8BDF6E4-LeaderElection19] INFO  server.RaftServerConfigKeys (ConfUtils.java:logGet(46)) - raft.server.watch.timeout.denomination = 1s (default)
2023-03-28 15:14:23,138 [s1@group-4AD7D8BDF6E4-LeaderElection19] INFO  server.RaftServerConfigKeys (ConfUtils.java:logGet(46)) - raft.server.watch.element-limit = 65536 (default)
2023-03-28 15:14:23,138 [s1@group-4AD7D8BDF6E4-LeaderElection19] INFO  server.RaftServerConfigKeys (ConfUtils.java:logGet(46)) - raft.server.write.element-limit = 4096 (default)
2023-03-28 15:14:23,138 [s1@group-4AD7D8BDF6E4-LeaderElection19] INFO  server.RaftServerConfigKeys (ConfUtils.java:logGet(46)) - raft.server.write.follower.gap.ratio.max = -1.0 (default)
2023-03-28 15:14:23,138 [s1@group-4AD7D8BDF6E4-LeaderElection19] INFO  server.RaftServerConfigKeys (ConfUtils.java:logGet(46)) - raft.server.log.appender.snapshot.chunk.size.max = 16MB (=16777216) (default)
2023-03-28 15:14:23,138 [s1@group-4AD7D8BDF6E4-LeaderElection19] INFO  server.RaftServerConfigKeys (ConfUtils.java:logGet(46)) - raft.server.log.appender.buffer.byte-limit = 4MB (=4194304) (default)
2023-03-28 15:14:23,138 [s1@group-4AD7D8BDF6E4-LeaderElection19] INFO  server.RaftServerConfigKeys (ConfUtils.java:logGet(46)) - raft.server.log.appender.buffer.element-limit = 0 (default)
2023-03-28 15:14:23,138 [s1@group-4AD7D8BDF6E4-LeaderElection19] INFO  server.RaftServerConfigKeys (ConfUtils.java:logGet(46)) - raft.server.log.appender.wait-time.min = 10ms (default)
2023-03-28 15:14:23,138 [s1@group-4AD7D8BDF6E4-LeaderElection19] INFO  grpc.GrpcConfigKeys (ConfUtils.java:logGet(46)) - raft.grpc.server.leader.outstanding.appends.max = 128 (default)
2023-03-28 15:14:23,138 [s1@group-4AD7D8BDF6E4-LeaderElection19] INFO  server.RaftServerConfigKeys (ConfUtils.java:logGet(46)) - raft.server.rpc.request.timeout = 3000ms (default)
2023-03-28 15:14:23,138 [s1@group-4AD7D8BDF6E4-LeaderElection19] INFO  grpc.GrpcConfigKeys (ConfUtils.java:logGet(46)) - raft.grpc.server.install_snapshot.request.element-limit = 8 (default)
2023-03-28 15:14:23,138 [s1@group-4AD7D8BDF6E4-LeaderElection19] INFO  grpc.GrpcConfigKeys (ConfUtils.java:logGet(46)) - raft.grpc.server.install_snapshot.request.timeout = 3000ms (default)
2023-03-28 15:14:23,138 [s1@group-4AD7D8BDF6E4-LeaderElection19] INFO  server.RaftServerConfigKeys (ConfUtils.java:logGet(46)) - raft.server.log.appender.install.snapshot.enabled = true (default)
2023-03-28 15:14:23,138 [s1@group-4AD7D8BDF6E4-LeaderElection19] INFO  grpc.GrpcConfigKeys (ConfUtils.java:logGet(46)) - raft.grpc.server.heartbeat.channel = true (default)
2023-03-28 15:14:23,139 [s1@group-4AD7D8BDF6E4-LeaderElection19] INFO  server.RaftServerConfigKeys (ConfUtils.java:logGet(46)) - raft.server.log.appender.snapshot.chunk.size.max = 16MB (=16777216) (default)
2023-03-28 15:14:23,139 [s1@group-4AD7D8BDF6E4-LeaderElection19] INFO  server.RaftServerConfigKeys (ConfUtils.java:logGet(46)) - raft.server.log.appender.buffer.byte-limit = 4MB (=4194304) (default)
2023-03-28 15:14:23,139 [s1@group-4AD7D8BDF6E4-LeaderElection19] INFO  server.RaftServerConfigKeys (ConfUtils.java:logGet(46)) - raft.server.log.appender.buffer.element-limit = 0 (default)
2023-03-28 15:14:23,139 [s1@group-4AD7D8BDF6E4-LeaderElection19] INFO  server.RaftServerConfigKeys (ConfUtils.java:logGet(46)) - raft.server.log.appender.wait-time.min = 10ms (default)
2023-03-28 15:14:23,139 [s1@group-4AD7D8BDF6E4-LeaderElection19] INFO  grpc.GrpcConfigKeys (ConfUtils.java:logGet(46)) - raft.grpc.server.leader.outstanding.appends.max = 128 (default)
2023-03-28 15:14:23,139 [s1@group-4AD7D8BDF6E4-LeaderElection19] INFO  server.RaftServerConfigKeys (ConfUtils.java:logGet(46)) - raft.server.rpc.request.timeout = 3000ms (default)
2023-03-28 15:14:23,139 [s1@group-4AD7D8BDF6E4-LeaderElection19] INFO  grpc.GrpcConfigKeys (ConfUtils.java:logGet(46)) - raft.grpc.server.install_snapshot.request.element-limit = 8 (default)
2023-03-28 15:14:23,139 [s1@group-4AD7D8BDF6E4-LeaderElection19] INFO  grpc.GrpcConfigKeys (ConfUtils.java:logGet(46)) - raft.grpc.server.install_snapshot.request.timeout = 3000ms (default)
2023-03-28 15:14:23,139 [s1@group-4AD7D8BDF6E4-LeaderElection19] INFO  server.RaftServerConfigKeys (ConfUtils.java:logGet(46)) - raft.server.log.appender.install.snapshot.enabled = true (default)
2023-03-28 15:14:23,139 [s1@group-4AD7D8BDF6E4-LeaderElection19] INFO  grpc.GrpcConfigKeys (ConfUtils.java:logGet(46)) - raft.grpc.server.heartbeat.channel = true (default)
2023-03-28 15:14:23,139 [grpc-default-executor-7] INFO  server.GrpcLogAppender (GrpcLogAppender.java:onCompleted(422)) - s2@group-4AD7D8BDF6E4->s0-AppendLogResponseHandler: follower responses appendEntries COMPLETED
2023-03-28 15:14:23,139 [grpc-default-executor-7] INFO  leader.FollowerInfo (FollowerInfoImpl.java:lambda$new$0(52)) - s2@group-4AD7D8BDF6E4->s0: decreaseNextIndex nextIndex: updateUnconditionally 154 -> 153
2023-03-28 15:14:23,140 [s1@group-4AD7D8BDF6E4-LeaderElection19] INFO  impl.RoleInfo (RoleInfo.java:updateAndGet(139)) - s1: start s1@group-4AD7D8BDF6E4-LeaderStateImpl
2023-03-28 15:14:23,140 [s1@group-4AD7D8BDF6E4-LeaderElection19] INFO  segmented.SegmentedRaftLogWorker (SegmentedRaftLogWorker.java:rollLogSegment(431)) - s1@group-4AD7D8BDF6E4-SegmentedRaftLogWorker: Rolling segment log-63_153 to index:153
2023-03-28 15:14:23,141 [s1@group-4AD7D8BDF6E4-SegmentedRaftLogWorker] TRACE util.FileUtils (LogUtils.java:runAndLog(49)) - Successfully ran Atomic Files.move /home/runner/work/ratis/ratis/ratis-test/target/test/data/2b0b63e9/MiniRaftClusterWithRpcTypeGrpcAndDataStreamTypeNetty8bd798c8/s1/b2440a32-6ec4-4a03-8d45-4ad7d8bdf6e4/current/log_inprogress_63 to /home/runner/work/ratis/ratis/ratis-test/target/test/data/2b0b63e9/MiniRaftClusterWithRpcTypeGrpcAndDataStreamTypeNetty8bd798c8/s1/b2440a32-6ec4-4a03-8d45-4ad7d8bdf6e4/current/log_63-153
2023-03-28 15:14:23,141 [s1@group-4AD7D8BDF6E4-SegmentedRaftLogWorker] INFO  segmented.SegmentedRaftLogWorker (SegmentedRaftLogWorker.java:execute(587)) - s1@group-4AD7D8BDF6E4-SegmentedRaftLogWorker: Rolled log segment from /home/runner/work/ratis/ratis/ratis-test/target/test/data/2b0b63e9/MiniRaftClusterWithRpcTypeGrpcAndDataStreamTypeNetty8bd798c8/s1/b2440a32-6ec4-4a03-8d45-4ad7d8bdf6e4/current/log_inprogress_63 to /home/runner/work/ratis/ratis/ratis-test/target/test/data/2b0b63e9/MiniRaftClusterWithRpcTypeGrpcAndDataStreamTypeNetty8bd798c8/s1/b2440a32-6ec4-4a03-8d45-4ad7d8bdf6e4/current/log_63-153
2023-03-28 15:14:23,147 [s1@group-4AD7D8BDF6E4-LeaderElection19] INFO  server.RaftServer$Division (ServerState.java:setRaftConf(377)) - s1@group-4AD7D8BDF6E4: set configuration 154: peers:[s0|rpc:localhost:39189|admin:localhost:46309|client:localhost:42931|dataStream:localhost:35501|priority:0|startupRole:FOLLOWER, s1|rpc:localhost:42161|admin:localhost:45919|client:localhost:41703|dataStream:localhost:35503|priority:0|startupRole:FOLLOWER, s2|rpc:localhost:39003|admin:localhost:43283|client:localhost:38251|dataStream:localhost:44179|priority:0|startupRole:FOLLOWER]|listeners:[], old=null
2023-03-28 15:14:23,150 [grpc-default-executor-7] INFO  server.RaftServer$Division (RaftServerImpl.java:requestVote(1300)) - s2@group-4AD7D8BDF6E4: receive requestVote(ELECTION, s1, group-4AD7D8BDF6E4, 5, (t:4, i:153))
2023-03-28 15:14:23,150 [grpc-default-executor-7] INFO  impl.VoteContext (VoteContext.java:log(49)) - s2@group-4AD7D8BDF6E4-FOLLOWER: accept ELECTION from s1: our priority 0 <= candidate's priority 0
2023-03-28 15:14:23,150 [grpc-default-executor-7] INFO  server.RaftServer$Division (RaftServerImpl.java:setRole(329)) - s2@group-4AD7D8BDF6E4: changes role from  FOLLOWER to FOLLOWER at term 5 for candidate:s1
2023-03-28 15:14:23,150 [grpc-default-executor-7] INFO  impl.RoleInfo (RoleInfo.java:shutdownFollowerState(110)) - s2: shutdown s2@group-4AD7D8BDF6E4-FollowerState
2023-03-28 15:14:23,150 [grpc-default-executor-7] INFO  impl.RoleInfo (RoleInfo.java:updateAndGet(139)) - s2: start s2@group-4AD7D8BDF6E4-FollowerState
2023-03-28 15:14:23,151 [s2@group-4AD7D8BDF6E4-FollowerState] INFO  impl.FollowerState (FollowerState.java:run(152)) - s2@group-4AD7D8BDF6E4-FollowerState was interrupted
2023-03-28 15:14:23,152 [s1@group-4AD7D8BDF6E4-SegmentedRaftLogWorker] INFO  segmented.SegmentedRaftLogWorker (SegmentedRaftLogWorker.java:execute(630)) - s1@group-4AD7D8BDF6E4-SegmentedRaftLogWorker: created new log segment /home/runner/work/ratis/ratis/ratis-test/target/test/data/2b0b63e9/MiniRaftClusterWithRpcTypeGrpcAndDataStreamTypeNetty8bd798c8/s1/b2440a32-6ec4-4a03-8d45-4ad7d8bdf6e4/current/log_inprogress_154
2023-03-28 15:14:23,152 [s0-server-thread2] INFO  server.RaftServer$Division (ServerState.java:setLeader(260)) - s0@group-4AD7D8BDF6E4: change Leader from null to s1 at term 5 for appendEntries, leader elected after 24ms
2023-03-28 15:14:23,157 [Thread-1092] INFO  server.RaftServerConfigKeys (ConfUtils.java:logGet(46)) - raft.server.rpc.timeout.max = 300ms (default)
2023-03-28 15:14:23,158 [Thread-1092] INFO  ratis.RaftTestUtil (RaftTestUtil.java:waitForLeader(100)) - printing ALL groups
  s0:  RUNNING  FOLLOWER s0@group-4AD7D8BDF6E4:t5, leader=s1, voted=s1, raftlog=Memoized:s0@group-4AD7D8BDF6E4-SegmentedRaftLog:OPENED:c64, conf=63: peers:[s0|rpc:localhost:39189|admin:localhost:46309|client:localhost:42931|dataStream:localhost:35501|priority:0|startupRole:FOLLOWER, s1|rpc:localhost:42161|admin:localhost:45919|client:localhost:41703|dataStream:localhost:35503|priority:0|startupRole:FOLLOWER, s2|rpc:localhost:39003|admin:localhost:43283|client:localhost:38251|dataStream:localhost:44179|priority:0|startupRole:FOLLOWER]|listeners:[], old=null RUNNING
  s1:  RUNNING    LEADER s1@group-4AD7D8BDF6E4:t5, leader=s1, voted=s1, raftlog=Memoized:s1@group-4AD7D8BDF6E4-SegmentedRaftLog:OPENED:c152, conf=154: peers:[s0|rpc:localhost:39189|admin:localhost:46309|client:localhost:42931|dataStream:localhost:35501|priority:0|startupRole:FOLLOWER, s1|rpc:localhost:42161|admin:localhost:45919|client:localhost:41703|dataStream:localhost:35503|priority:0|startupRole:FOLLOWER, s2|rpc:localhost:39003|admin:localhost:43283|client:localhost:38251|dataStream:localhost:44179|priority:0|startupRole:FOLLOWER]|listeners:[], old=null RUNNING
  s2:  RUNNING  FOLLOWER s2@group-4AD7D8BDF6E4:t5, leader=null, voted=s1, raftlog=Memoized:s2@group-4AD7D8BDF6E4-SegmentedRaftLog:OPENED:c153, conf=63: peers:[s0|rpc:localhost:39189|admin:localhost:46309|client:localhost:42931|dataStream:localhost:35501|priority:0|startupRole:FOLLOWER, s1|rpc:localhost:42161|admin:localhost:45919|client:localhost:41703|dataStream:localhost:35503|priority:0|startupRole:FOLLOWER, s2|rpc:localhost:39003|admin:localhost:43283|client:localhost:38251|dataStream:localhost:44179|priority:0|startupRole:FOLLOWER]|listeners:[], old=null RUNNING
2023-03-28 15:14:23,158 [Thread-1092] WARN  ratis.RaftTestUtil (JavaUtils.java:attempt(217)) - FAILED "waitForLeader-null-(expectLeader? true)", attempt #1/100: java.lang.IllegalStateException: Leader: s1@group-4AD7D8BDF6E4 not ready, sleep 450ms and then retry.
java.lang.IllegalStateException: Leader: s1@group-4AD7D8BDF6E4 not ready
	at org.apache.ratis.RaftTestUtil.lambda$waitForLeader$3(RaftTestUtil.java:114)
	at org.apache.ratis.util.JavaUtils.attempt(JavaUtils.java:211)
	at org.apache.ratis.util.JavaUtils.attemptRepeatedly(JavaUtils.java:197)
	at org.apache.ratis.RaftTestUtil.waitForLeader(RaftTestUtil.java:111)
	at org.apache.ratis.RaftTestUtil.waitForLeader(RaftTestUtil.java:92)
	at org.apache.ratis.RaftTestUtil.waitForLeader(RaftTestUtil.java:87)
	at org.apache.ratis.RaftTestUtil.lambda$changeLeader$6(RaftTestUtil.java:431)
	at org.apache.ratis.util.JavaUtils.attempt(JavaUtils.java:211)
	at org.apache.ratis.util.JavaUtils.attemptRepeatedly(JavaUtils.java:197)
	at org.apache.ratis.RaftTestUtil.changeLeader(RaftTestUtil.java:430)
	at org.apache.ratis.RaftTestUtil.changeLeader(RaftTestUtil.java:422)
	at org.apache.ratis.datastream.DataStreamAsyncClusterTests.lambda$runTestDataStream$2(DataStreamAsyncClusterTests.java:104)
	at java.base/java.util.concurrent.CompletableFuture$UniApply.tryFire(CompletableFuture.java:642)
	at java.base/java.util.concurrent.CompletableFuture$Completion.run(CompletableFuture.java:478)
	at java.base/java.lang.Thread.run(Thread.java:829)
2023-03-28 15:14:23,160 [grpc-default-executor-7] INFO  server.RaftServer$Division (RaftServerImpl.java:requestVote(1333)) - s2@group-4AD7D8BDF6E4 replies to ELECTION vote request: s1<-s2#0:OK-t5. Peer's state: s2@group-4AD7D8BDF6E4:t5, leader=null, voted=s1, raftlog=Memoized:s2@group-4AD7D8BDF6E4-SegmentedRaftLog:OPENED:c153, conf=63: peers:[s0|rpc:localhost:39189|admin:localhost:46309|client:localhost:42931|dataStream:localhost:35501|priority:0|startupRole:FOLLOWER, s1|rpc:localhost:42161|admin:localhost:45919|client:localhost:41703|dataStream:localhost:35503|priority:0|startupRole:FOLLOWER, s2|rpc:localhost:39003|admin:localhost:43283|client:localhost:38251|dataStream:localhost:44179|priority:0|startupRole:FOLLOWER]|listeners:[], old=null
2023-03-28 15:14:23,163 [s2-server-thread3] INFO  server.RaftServer$Division (ServerState.java:setLeader(260)) - s2@group-4AD7D8BDF6E4: change Leader from null to s1 at term 5 for appendEntries, leader elected after 30ms
2023-03-28 15:14:23,164 [s0-server-thread3] INFO  server.RaftServer$Division (ServerState.java:setRaftConf(377)) - s0@group-4AD7D8BDF6E4: set configuration 154: peers:[s0|rpc:localhost:39189|admin:localhost:46309|client:localhost:42931|dataStream:localhost:35501|priority:0|startupRole:FOLLOWER, s1|rpc:localhost:42161|admin:localhost:45919|client:localhost:41703|dataStream:localhost:35503|priority:0|startupRole:FOLLOWER, s2|rpc:localhost:39003|admin:localhost:43283|client:localhost:38251|dataStream:localhost:44179|priority:0|startupRole:FOLLOWER]|listeners:[], old=null
2023-03-28 15:14:23,164 [s0-server-thread3] INFO  segmented.SegmentedRaftLogWorker (SegmentedRaftLogWorker.java:rollLogSegment(431)) - s0@group-4AD7D8BDF6E4-SegmentedRaftLogWorker: Rolling segment log-63_153 to index:153
2023-03-28 15:14:23,167 [s0-server-thread3] WARN  server.GrpcServerProtocolService (LogUtils.java:warn(124)) - s0: Failed APPEND_ENTRIES request s1->s0#1-t5,previous=(t:4, i:153),leaderCommit=152,initializing? true,entries: size=1, first=(t:5, i:154), CONFIGURATIONENTRY(current:id: "s0"
address: "localhost:39189"
dataStreamAddress: "localhost:35501"
clientAddress: "localhost:42931"
adminAddress: "localhost:46309"
startupRole: FOLLOWER
,id: "s1"
address: "localhost:42161"
dataStreamAddress: "localhost:35503"
clientAddress: "localhost:41703"
adminAddress: "localhost:45919"
startupRole: FOLLOWER
,id: "s2"
address: "localhost:39003"
dataStreamAddress: "localhost:44179"
clientAddress: "localhost:38251"
adminAddress: "localhost:43283"
startupRole: FOLLOWER
, old:)
java.util.concurrent.CompletionException: org.apache.ratis.server.raftlog.RaftLogIOException: Log already failed at index 65 for task WriteLog:65: (t:4, i:65), STATEMACHINELOGENTRY, StateMachineLogEntryProto:419@client-3F6E156514EF
	at java.base/java.util.concurrent.CompletableFuture.encodeThrowable(CompletableFuture.java:331)
	at java.base/java.util.concurrent.CompletableFuture.completeThrowable(CompletableFuture.java:346)
	at java.base/java.util.concurrent.CompletableFuture$BiRelay.tryFire(CompletableFuture.java:1423)
	at java.base/java.util.concurrent.CompletableFuture$CoCompletion.tryFire(CompletableFuture.java:1144)
	at java.base/java.util.concurrent.CompletableFuture.postComplete(CompletableFuture.java:506)
	at java.base/java.util.concurrent.CompletableFuture.completeExceptionally(CompletableFuture.java:2088)
	at org.apache.ratis.server.raftlog.segmented.SegmentedRaftLog$Task.failed(SegmentedRaftLog.java:105)
	at org.apache.ratis.server.raftlog.segmented.SegmentedRaftLogWorker$WriteLog.failed(SegmentedRaftLogWorker.java:514)
	at org.apache.ratis.server.raftlog.segmented.SegmentedRaftLogWorker.run(SegmentedRaftLogWorker.java:312)
	at java.base/java.util.concurrent.Executors$RunnableAdapter.call(Executors.java:515)
	at java.base/java.util.concurrent.FutureTask.run(FutureTask.java:264)
	at java.base/java.util.concurrent.ThreadPoolExecutor.runWorker(ThreadPoolExecutor.java:1128)
	at java.base/java.util.concurrent.ThreadPoolExecutor$Worker.run(ThreadPoolExecutor.java:628)
	at java.base/java.lang.Thread.run(Thread.java:829)
Caused by: org.apache.ratis.server.raftlog.RaftLogIOException: Log already failed at index 65 for task WriteLog:65: (t:4, i:65), STATEMACHINELOGENTRY, StateMachineLogEntryProto:419@client-3F6E156514EF
	at org.apache.ratis.server.raftlog.segmented.SegmentedRaftLogWorker.run(SegmentedRaftLogWorker.java:315)
	... 5 more
Caused by: java.io.IOException: java.lang.IllegalStateException: Null stream: entry=term: 4
index: 65
stateMachineLogEntry {
  type: DATASTREAM
  clientId: "i\b\262\343l\265B,\217\001?n\025e\024\357"
  callId: 419
}

	at org.apache.ratis.util.IOUtils.asIOException(IOUtils.java:56)
	at org.apache.ratis.util.IOUtils.toIOException(IOUtils.java:61)
	at org.apache.ratis.util.IOUtils.getFromFuture(IOUtils.java:85)
	at org.apache.ratis.server.raftlog.segmented.SegmentedRaftLogWorker$StateMachineDataPolicy.getFromFuture(SegmentedRaftLogWorker.java:88)
	at org.apache.ratis.server.raftlog.segmented.SegmentedRaftLogWorker$WriteLog.execute(SegmentedRaftLogWorker.java:535)
	at org.apache.ratis.server.raftlog.segmented.SegmentedRaftLogWorker.run(SegmentedRaftLogWorker.java:303)
	... 5 more
Caused by: java.lang.IllegalStateException: Null stream: entry=term: 4
index: 65
stateMachineLogEntry {
  type: DATASTREAM
  clientId: "i\b\262\343l\265B,\217\001?n\025e\024\357"
  callId: 419
}

	at org.apache.ratis.datastream.DataStreamTestUtils$MultiDataStreamStateMachine.link(DataStreamTestUtils.java:159)
	at org.apache.ratis.server.raftlog.segmented.SegmentedRaftLogWorker$WriteLog.<init>(SegmentedRaftLogWorker.java:492)
	at org.apache.ratis.server.raftlog.segmented.SegmentedRaftLogWorker.writeLogEntry(SegmentedRaftLogWorker.java:438)
	at org.apache.ratis.server.raftlog.segmented.SegmentedRaftLog.appendEntryImpl(SegmentedRaftLog.java:409)
	at org.apache.ratis.server.raftlog.RaftLogBase.lambda$appendEntry$10(RaftLogBase.java:330)
	at org.apache.ratis.server.raftlog.RaftLogSequentialOps$Runner.runSequentially(RaftLogSequentialOps.java:78)
	at org.apache.ratis.server.raftlog.RaftLogBase.appendEntry(RaftLogBase.java:330)
	at org.apache.ratis.server.raftlog.segmented.SegmentedRaftLog.appendImpl(SegmentedRaftLog.java:457)
	at org.apache.ratis.server.raftlog.RaftLogBase.lambda$append$11(RaftLogBase.java:337)
	at org.apache.ratis.server.raftlog.RaftLogSequentialOps$Runner.runSequentially(RaftLogSequentialOps.java:69)
	at org.apache.ratis.server.raftlog.RaftLogBase.append(RaftLogBase.java:337)
	at org.apache.ratis.server.impl.RaftServerImpl.appendEntriesAsync(RaftServerImpl.java:1530)
	at org.apache.ratis.server.impl.RaftServerImpl.appendEntriesAsync(RaftServerImpl.java:1394)
	at org.apache.ratis.server.impl.RaftServerProxy.lambda$appendEntriesAsync$26(RaftServerProxy.java:639)
	at org.apache.ratis.util.JavaUtils.callAsUnchecked(JavaUtils.java:117)
	at org.apache.ratis.server.impl.RaftServerImpl.lambda$executeSubmitServerRequestAsync$11(RaftServerImpl.java:822)
	at java.base/java.util.concurrent.CompletableFuture$AsyncSupply.run(CompletableFuture.java:1700)
	... 3 more
2023-03-28 15:14:23,177 [grpc-default-executor-7] WARN  server.GrpcLogAppender (LogUtils.java:warn(124)) - s1@group-4AD7D8BDF6E4->s0-AppendLogResponseHandler: Failed appendEntries
org.apache.ratis.server.raftlog.RaftLogIOException: Log already failed at index 65 for task WriteLog:65: (t:4, i:65), STATEMACHINELOGENTRY, StateMachineLogEntryProto:419@client-3F6E156514EF
	at org.apache.ratis.server.raftlog.segmented.SegmentedRaftLogWorker.run(SegmentedRaftLogWorker.java:315)
	at java.base/java.util.concurrent.Executors$RunnableAdapter.call(Executors.java:515)
	at java.base/java.util.concurrent.FutureTask.run(FutureTask.java:264)
	at java.base/java.util.concurrent.ThreadPoolExecutor.runWorker(ThreadPoolExecutor.java:1128)
	at java.base/java.util.concurrent.ThreadPoolExecutor$Worker.run(ThreadPoolExecutor.java:628)
	at java.base/java.lang.Thread.run(Thread.java:829)
Caused by: java.io.IOException: java.lang.IllegalStateException: Null stream: entry=term: 4
index: 65
stateMachineLogEntry {
  type: DATASTREAM
  clientId: "i\b\262\343l\265B,\217\001?n\025e\024\357"
  callId: 419
}

	at org.apache.ratis.util.IOUtils.asIOException(IOUtils.java:56)
	at org.apache.ratis.util.IOUtils.toIOException(IOUtils.java:61)
	at org.apache.ratis.util.IOUtils.getFromFuture(IOUtils.java:85)
	at org.apache.ratis.server.raftlog.segmented.SegmentedRaftLogWorker$StateMachineDataPolicy.getFromFuture(SegmentedRaftLogWorker.java:88)
	at org.apache.ratis.server.raftlog.segmented.SegmentedRaftLogWorker$WriteLog.execute(SegmentedRaftLogWorker.java:535)
	at org.apache.ratis.server.raftlog.segmented.SegmentedRaftLogWorker.run(SegmentedRaftLogWorker.java:303)
	... 5 more
Caused by: java.lang.IllegalStateException: Null stream: entry=term: 4
index: 65
stateMachineLogEntry {
  type: DATASTREAM
  clientId: "i\b\262\343l\265B,\217\001?n\025e\024\357"
  callId: 419
}

	at org.apache.ratis.datastream.DataStreamTestUtils$MultiDataStreamStateMachine.link(DataStreamTestUtils.java:159)
	at org.apache.ratis.server.raftlog.segmented.SegmentedRaftLogWorker$WriteLog.<init>(SegmentedRaftLogWorker.java:492)
	at org.apache.ratis.server.raftlog.segmented.SegmentedRaftLogWorker.writeLogEntry(SegmentedRaftLogWorker.java:438)
	at org.apache.ratis.server.raftlog.segmented.SegmentedRaftLog.appendEntryImpl(SegmentedRaftLog.java:409)
	at org.apache.ratis.server.raftlog.RaftLogBase.lambda$appendEntry$10(RaftLogBase.java:330)
	at org.apache.ratis.server.raftlog.RaftLogSequentialOps$Runner.runSequentially(RaftLogSequentialOps.java:78)
	at org.apache.ratis.server.raftlog.RaftLogBase.appendEntry(RaftLogBase.java:330)
	at org.apache.ratis.server.raftlog.segmented.SegmentedRaftLog.appendImpl(SegmentedRaftLog.java:457)
	at org.apache.ratis.server.raftlog.RaftLogBase.lambda$append$11(RaftLogBase.java:337)
	at org.apache.ratis.server.raftlog.RaftLogSequentialOps$Runner.runSequentially(RaftLogSequentialOps.java:69)
	at org.apache.ratis.server.raftlog.RaftLogBase.append(RaftLogBase.java:337)
	at org.apache.ratis.server.impl.RaftServerImpl.appendEntriesAsync(RaftServerImpl.java:1530)
	at org.apache.ratis.server.impl.RaftServerImpl.appendEntriesAsync(RaftServerImpl.java:1394)
	at org.apache.ratis.server.impl.RaftServerProxy.lambda$appendEntriesAsync$26(RaftServerProxy.java:639)
	at org.apache.ratis.util.JavaUtils.callAsUnchecked(JavaUtils.java:117)
	at org.apache.ratis.server.impl.RaftServerImpl.lambda$executeSubmitServerRequestAsync$11(RaftServerImpl.java:822)
	at java.base/java.util.concurrent.CompletableFuture$AsyncSupply.run(CompletableFuture.java:1700)
	... 3 more
2023-03-28 15:14:23,178 [grpc-default-executor-7] INFO  leader.FollowerInfo (FollowerInfoImpl.java:lambda$new$0(52)) - s1@group-4AD7D8BDF6E4->s0: decreaseNextIndex nextIndex: updateUnconditionally 155 -> 154
2023-03-28 15:14:23,185 [s2-server-thread1] INFO  server.RaftServer$Division (ServerState.java:setRaftConf(377)) - s2@group-4AD7D8BDF6E4: set configuration 154: peers:[s0|rpc:localhost:39189|admin:localhost:46309|client:localhost:42931|dataStream:localhost:35501|priority:0|startupRole:FOLLOWER, s1|rpc:localhost:42161|admin:localhost:45919|client:localhost:41703|dataStream:localhost:35503|priority:0|startupRole:FOLLOWER, s2|rpc:localhost:39003|admin:localhost:43283|client:localhost:38251|dataStream:localhost:44179|priority:0|startupRole:FOLLOWER]|listeners:[], old=null
2023-03-28 15:14:23,185 [s2-server-thread1] INFO  segmented.SegmentedRaftLogWorker (SegmentedRaftLogWorker.java:rollLogSegment(431)) - s2@group-4AD7D8BDF6E4-SegmentedRaftLogWorker: Rolling segment log-63_153 to index:153
2023-03-28 15:14:23,186 [s2@group-4AD7D8BDF6E4-SegmentedRaftLogWorker] TRACE util.FileUtils (LogUtils.java:runAndLog(49)) - Successfully ran Atomic Files.move /home/runner/work/ratis/ratis/ratis-test/target/test/data/2b0b63e9/MiniRaftClusterWithRpcTypeGrpcAndDataStreamTypeNetty8bd798c8/s2/b2440a32-6ec4-4a03-8d45-4ad7d8bdf6e4/current/log_inprogress_63 to /home/runner/work/ratis/ratis/ratis-test/target/test/data/2b0b63e9/MiniRaftClusterWithRpcTypeGrpcAndDataStreamTypeNetty8bd798c8/s2/b2440a32-6ec4-4a03-8d45-4ad7d8bdf6e4/current/log_63-153
2023-03-28 15:14:23,186 [s2@group-4AD7D8BDF6E4-SegmentedRaftLogWorker] INFO  segmented.SegmentedRaftLogWorker (SegmentedRaftLogWorker.java:execute(587)) - s2@group-4AD7D8BDF6E4-SegmentedRaftLogWorker: Rolled log segment from /home/runner/work/ratis/ratis/ratis-test/target/test/data/2b0b63e9/MiniRaftClusterWithRpcTypeGrpcAndDataStreamTypeNetty8bd798c8/s2/b2440a32-6ec4-4a03-8d45-4ad7d8bdf6e4/current/log_inprogress_63 to /home/runner/work/ratis/ratis/ratis-test/target/test/data/2b0b63e9/MiniRaftClusterWithRpcTypeGrpcAndDataStreamTypeNetty8bd798c8/s2/b2440a32-6ec4-4a03-8d45-4ad7d8bdf6e4/current/log_63-153
2023-03-28 15:14:23,190 [s0-server-thread3] INFO  server.RaftServer$Division (ServerState.java:setRaftConf(377)) - s0@group-4AD7D8BDF6E4: set configuration 154: peers:[s0|rpc:localhost:39189|admin:localhost:46309|client:localhost:42931|dataStream:localhost:35501|priority:0|startupRole:FOLLOWER, s1|rpc:localhost:42161|admin:localhost:45919|client:localhost:41703|dataStream:localhost:35503|priority:0|startupRole:FOLLOWER, s2|rpc:localhost:39003|admin:localhost:43283|client:localhost:38251|dataStream:localhost:44179|priority:0|startupRole:FOLLOWER]|listeners:[], old=null
2023-03-28 15:14:23,199 [s2@group-4AD7D8BDF6E4-SegmentedRaftLogWorker] INFO  segmented.SegmentedRaftLogWorker (SegmentedRaftLogWorker.java:execute(630)) - s2@group-4AD7D8BDF6E4-SegmentedRaftLogWorker: created new log segment /home/runner/work/ratis/ratis/ratis-test/target/test/data/2b0b63e9/MiniRaftClusterWithRpcTypeGrpcAndDataStreamTypeNetty8bd798c8/s2/b2440a32-6ec4-4a03-8d45-4ad7d8bdf6e4/current/log_inprogress_154
2023-03-28 15:14:23,199 [grpc-default-executor-4] WARN  server.GrpcServerProtocolService (LogUtils.java:warn(124)) - s0: Failed APPEND_ENTRIES request s1->s0#3-t5,previous=(t:5, i:154),leaderCommit=154,initializing? true,entries: size=1, first=(t:5, i:155), METADATAENTRY(c:154)
java.util.concurrent.CompletionException: org.apache.ratis.server.raftlog.RaftLogIOException: Log already failed at index 65 for task WriteLog:65: (t:4, i:65), STATEMACHINELOGENTRY, StateMachineLogEntryProto:419@client-3F6E156514EF
	at java.base/java.util.concurrent.CompletableFuture.encodeThrowable(CompletableFuture.java:331)
	at java.base/java.util.concurrent.CompletableFuture.completeThrowable(CompletableFuture.java:346)
	at java.base/java.util.concurrent.CompletableFuture$BiRelay.tryFire(CompletableFuture.java:1423)
	at java.base/java.util.concurrent.CompletableFuture$CoCompletion.tryFire(CompletableFuture.java:1144)
	at java.base/java.util.concurrent.CompletableFuture.postComplete(CompletableFuture.java:506)
	at java.base/java.util.concurrent.CompletableFuture.completeExceptionally(CompletableFuture.java:2088)
	at org.apache.ratis.server.raftlog.segmented.SegmentedRaftLog$Task.failed(SegmentedRaftLog.java:105)
	at org.apache.ratis.server.raftlog.segmented.SegmentedRaftLogWorker$WriteLog.failed(SegmentedRaftLogWorker.java:514)
	at org.apache.ratis.server.raftlog.segmented.SegmentedRaftLogWorker.run(SegmentedRaftLogWorker.java:312)
	at java.base/java.util.concurrent.Executors$RunnableAdapter.call(Executors.java:515)
	at java.base/java.util.concurrent.FutureTask.run(FutureTask.java:264)
	at java.base/java.util.concurrent.ThreadPoolExecutor.runWorker(ThreadPoolExecutor.java:1128)
	at java.base/java.util.concurrent.ThreadPoolExecutor$Worker.run(ThreadPoolExecutor.java:628)
	at java.base/java.lang.Thread.run(Thread.java:829)
Caused by: org.apache.ratis.server.raftlog.RaftLogIOException: Log already failed at index 65 for task WriteLog:65: (t:4, i:65), STATEMACHINELOGENTRY, StateMachineLogEntryProto:419@client-3F6E156514EF
	at org.apache.ratis.server.raftlog.segmented.SegmentedRaftLogWorker.run(SegmentedRaftLogWorker.java:315)
	... 5 more
Caused by: java.io.IOException: java.lang.IllegalStateException: Null stream: entry=term: 4
index: 65
stateMachineLogEntry {
  type: DATASTREAM
  clientId: "i\b\262\343l\265B,\217\001?n\025e\024\357"
  callId: 419
}

	at org.apache.ratis.util.IOUtils.asIOException(IOUtils.java:56)
	at org.apache.ratis.util.IOUtils.toIOException(IOUtils.java:61)
	at org.apache.ratis.util.IOUtils.getFromFuture(IOUtils.java:85)
	at org.apache.ratis.server.raftlog.segmented.SegmentedRaftLogWorker$StateMachineDataPolicy.getFromFuture(SegmentedRaftLogWorker.java:88)
	at org.apache.ratis.server.raftlog.segmented.SegmentedRaftLogWorker$WriteLog.execute(SegmentedRaftLogWorker.java:535)
	at org.apache.ratis.server.raftlog.segmented.SegmentedRaftLogWorker.run(SegmentedRaftLogWorker.java:303)
	... 5 more
Caused by: java.lang.IllegalStateException: Null stream: entry=term: 4
index: 65
stateMachineLogEntry {
  type: DATASTREAM
  clientId: "i\b\262\343l\265B,\217\001?n\025e\024\357"
  callId: 419
}

	at org.apache.ratis.datastream.DataStreamTestUtils$MultiDataStreamStateMachine.link(DataStreamTestUtils.java:159)
	at org.apache.ratis.server.raftlog.segmented.SegmentedRaftLogWorker$WriteLog.<init>(SegmentedRaftLogWorker.java:492)
	at org.apache.ratis.server.raftlog.segmented.SegmentedRaftLogWorker.writeLogEntry(SegmentedRaftLogWorker.java:438)
	at org.apache.ratis.server.raftlog.segmented.SegmentedRaftLog.appendEntryImpl(SegmentedRaftLog.java:409)
	at org.apache.ratis.server.raftlog.RaftLogBase.lambda$appendEntry$10(RaftLogBase.java:330)
	at org.apache.ratis.server.raftlog.RaftLogSequentialOps$Runner.runSequentially(RaftLogSequentialOps.java:78)
	at org.apache.ratis.server.raftlog.RaftLogBase.appendEntry(RaftLogBase.java:330)
	at org.apache.ratis.server.raftlog.segmented.SegmentedRaftLog.appendImpl(SegmentedRaftLog.java:457)
	at org.apache.ratis.server.raftlog.RaftLogBase.lambda$append$11(RaftLogBase.java:337)
	at org.apache.ratis.server.raftlog.RaftLogSequentialOps$Runner.runSequentially(RaftLogSequentialOps.java:69)
	at org.apache.ratis.server.raftlog.RaftLogBase.append(RaftLogBase.java:337)
	at org.apache.ratis.server.impl.RaftServerImpl.appendEntriesAsync(RaftServerImpl.java:1530)
	at org.apache.ratis.server.impl.RaftServerImpl.appendEntriesAsync(RaftServerImpl.java:1394)
	at org.apache.ratis.server.impl.RaftServerProxy.lambda$appendEntriesAsync$26(RaftServerProxy.java:639)
	at org.apache.ratis.util.JavaUtils.callAsUnchecked(JavaUtils.java:117)
	at org.apache.ratis.server.impl.RaftServerImpl.lambda$executeSubmitServerRequestAsync$11(RaftServerImpl.java:822)
	at java.base/java.util.concurrent.CompletableFuture$AsyncSupply.run(CompletableFuture.java:1700)
	... 3 more
2023-03-28 15:14:23,203 [grpc-default-executor-1] WARN  server.GrpcLogAppender (LogUtils.java:warn(124)) - s1@group-4AD7D8BDF6E4->s0-AppendLogResponseHandler: Failed appendEntries
org.apache.ratis.server.raftlog.RaftLogIOException: Log already failed at index 65 for task WriteLog:65: (t:4, i:65), STATEMACHINELOGENTRY, StateMachineLogEntryProto:419@client-3F6E156514EF
	at org.apache.ratis.server.raftlog.segmented.SegmentedRaftLogWorker.run(SegmentedRaftLogWorker.java:315)
	at java.base/java.util.concurrent.Executors$RunnableAdapter.call(Executors.java:515)
	at java.base/java.util.concurrent.FutureTask.run(FutureTask.java:264)
	at java.base/java.util.concurrent.ThreadPoolExecutor.runWorker(ThreadPoolExecutor.java:1128)
	at java.base/java.util.concurrent.ThreadPoolExecutor$Worker.run(ThreadPoolExecutor.java:628)
	at java.base/java.lang.Thread.run(Thread.java:829)
Caused by: java.io.IOException: java.lang.IllegalStateException: Null stream: entry=term: 4
index: 65
stateMachineLogEntry {
  type: DATASTREAM
  clientId: "i\b\262\343l\265B,\217\001?n\025e\024\357"
  callId: 419
}

	at org.apache.ratis.util.IOUtils.asIOException(IOUtils.java:56)
	at org.apache.ratis.util.IOUtils.toIOException(IOUtils.java:61)
	at org.apache.ratis.util.IOUtils.getFromFuture(IOUtils.java:85)
	at org.apache.ratis.server.raftlog.segmented.SegmentedRaftLogWorker$StateMachineDataPolicy.getFromFuture(SegmentedRaftLogWorker.java:88)
	at org.apache.ratis.server.raftlog.segmented.SegmentedRaftLogWorker$WriteLog.execute(SegmentedRaftLogWorker.java:535)
	at org.apache.ratis.server.raftlog.segmented.SegmentedRaftLogWorker.run(SegmentedRaftLogWorker.java:303)
	... 5 more
Caused by: java.lang.IllegalStateException: Null stream: entry=term: 4
index: 65
stateMachineLogEntry {
  type: DATASTREAM
  clientId: "i\b\262\343l\265B,\217\001?n\025e\024\357"
  callId: 419
}

	at org.apache.ratis.datastream.DataStreamTestUtils$MultiDataStreamStateMachine.link(DataStreamTestUtils.java:159)
	at org.apache.ratis.server.raftlog.segmented.SegmentedRaftLogWorker$WriteLog.<init>(SegmentedRaftLogWorker.java:492)
	at org.apache.ratis.server.raftlog.segmented.SegmentedRaftLogWorker.writeLogEntry(SegmentedRaftLogWorker.java:438)
	at org.apache.ratis.server.raftlog.segmented.SegmentedRaftLog.appendEntryImpl(SegmentedRaftLog.java:409)
	at org.apache.ratis.server.raftlog.RaftLogBase.lambda$appendEntry$10(RaftLogBase.java:330)
	at org.apache.ratis.server.raftlog.RaftLogSequentialOps$Runner.runSequentially(RaftLogSequentialOps.java:78)
	at org.apache.ratis.server.raftlog.RaftLogBase.appendEntry(RaftLogBase.java:330)
	at org.apache.ratis.server.raftlog.segmented.SegmentedRaftLog.appendImpl(SegmentedRaftLog.java:457)
	at org.apache.ratis.server.raftlog.RaftLogBase.lambda$append$11(RaftLogBase.java:337)
	at org.apache.ratis.server.raftlog.RaftLogSequentialOps$Runner.runSequentially(RaftLogSequentialOps.java:69)
	at org.apache.ratis.server.raftlog.RaftLogBase.append(RaftLogBase.java:337)
	at org.apache.ratis.server.impl.RaftServerImpl.appendEntriesAsync(RaftServerImpl.java:1530)
	at org.apache.ratis.server.impl.RaftServerImpl.appendEntriesAsync(RaftServerImpl.java:1394)
	at org.apache.ratis.server.impl.RaftServerProxy.lambda$appendEntriesAsync$26(RaftServerProxy.java:639)
	at org.apache.ratis.util.JavaUtils.callAsUnchecked(JavaUtils.java:117)
	at org.apache.ratis.server.impl.RaftServerImpl.lambda$executeSubmitServerRequestAsync$11(RaftServerImpl.java:822)
	at java.base/java.util.concurrent.CompletableFuture$AsyncSupply.run(CompletableFuture.java:1700)
	... 3 more
2023-03-28 15:14:23,204 [grpc-default-executor-1] INFO  leader.FollowerInfo (FollowerInfoImpl.java:lambda$new$0(52)) - s1@group-4AD7D8BDF6E4->s0: decreaseNextIndex nextIndex: updateUnconditionally 156 -> 155
2023-03-28 15:14:23,608 [Thread-1092] INFO  ratis.RaftTestUtil (RaftTestUtil.java:waitForLeader(119)) - printing ALL groups
  s0:  RUNNING  FOLLOWER s0@group-4AD7D8BDF6E4:t5, leader=s1, voted=s1, raftlog=Memoized:s0@group-4AD7D8BDF6E4-SegmentedRaftLog:OPENED:c64, conf=154: peers:[s0|rpc:localhost:39189|admin:localhost:46309|client:localhost:42931|dataStream:localhost:35501|priority:0|startupRole:FOLLOWER, s1|rpc:localhost:42161|admin:localhost:45919|client:localhost:41703|dataStream:localhost:35503|priority:0|startupRole:FOLLOWER, s2|rpc:localhost:39003|admin:localhost:43283|client:localhost:38251|dataStream:localhost:44179|priority:0|startupRole:FOLLOWER]|listeners:[], old=null RUNNING
  s1:  RUNNING    LEADER s1@group-4AD7D8BDF6E4:t5, leader=s1, voted=s1, raftlog=Memoized:s1@group-4AD7D8BDF6E4-SegmentedRaftLog:OPENED:c155, conf=154: peers:[s0|rpc:localhost:39189|admin:localhost:46309|client:localhost:42931|dataStream:localhost:35501|priority:0|startupRole:FOLLOWER, s1|rpc:localhost:42161|admin:localhost:45919|client:localhost:41703|dataStream:localhost:35503|priority:0|startupRole:FOLLOWER, s2|rpc:localhost:39003|admin:localhost:43283|client:localhost:38251|dataStream:localhost:44179|priority:0|startupRole:FOLLOWER]|listeners:[], old=null RUNNING
  s2:  RUNNING  FOLLOWER s2@group-4AD7D8BDF6E4:t5, leader=s1, voted=s1, raftlog=Memoized:s2@group-4AD7D8BDF6E4-SegmentedRaftLog:OPENED:c155, conf=154: peers:[s0|rpc:localhost:39189|admin:localhost:46309|client:localhost:42931|dataStream:localhost:35501|priority:0|startupRole:FOLLOWER, s1|rpc:localhost:42161|admin:localhost:45919|client:localhost:41703|dataStream:localhost:35503|priority:0|startupRole:FOLLOWER, s2|rpc:localhost:39003|admin:localhost:43283|client:localhost:38251|dataStream:localhost:44179|priority:0|startupRole:FOLLOWER]|listeners:[], old=null RUNNING
2023-03-28 15:14:23,609 [Thread-1092] INFO  ratis.RaftTestUtil (RaftTestUtil.java:lambda$changeLeader$6(435)) - Changed leader from s2 to s1
2023-03-28 15:14:23,609 [Thread-1092] INFO  util.CodeInjectionForTesting (BlockRequestHandlingInjection.java:unblockRequestor(54)) - UnBlock requestor s2
2023-03-28 15:14:23,609 [Time-limited test] INFO  datastream.TestNettyDataStreamStarTopologyWithGrpcCluster (DataStreamAsyncClusterTests.java:runTestDataStream(109)) - Changed leader from s2 to s1
2023-03-28 15:14:23,619 [null-request--thread1] INFO  server.GrpcClientProtocolService (GrpcClientProtocolService.java:lambda$processClientRequest$0(284)) - Failed RaftClientRequest:client-AEF50F409422->s0@group-4AD7D8BDF6E4, cid=563, seq=0, Watch-ALL(152), Message:<EMPTY>, reply=RaftClientReply:client-AEF50F409422->s0@group-4AD7D8BDF6E4, cid=563, FAILED org.apache.ratis.protocol.exceptions.NotLeaderException: Server s0@group-4AD7D8BDF6E4 is not the leader s1|rpc:localhost:42161|admin:localhost:45919|client:localhost:41703|dataStream:localhost:35503|priority:0|startupRole:FOLLOWER, logIndex=0, commits[s0:c64, s1:c155, s2:c155]
2023-03-28 15:14:23,746 [Time-limited test] INFO  impl.MiniRaftCluster (MiniRaftCluster.java:shutdown(831)) - ************************************************************** 
2023-03-28 15:14:23,746 [Time-limited test] INFO  impl.MiniRaftCluster (MiniRaftCluster.java:shutdown(832)) - *** 
2023-03-28 15:14:23,746 [Time-limited test] INFO  impl.MiniRaftCluster (MiniRaftCluster.java:shutdown(833)) - ***     Stopping MiniRaftClusterWithRpcTypeGrpcAndDataStreamTypeNetty
2023-03-28 15:14:23,746 [Time-limited test] INFO  impl.MiniRaftCluster (MiniRaftCluster.java:shutdown(834)) - *** 
2023-03-28 15:14:23,746 [Time-limited test] INFO  impl.MiniRaftCluster (MiniRaftCluster.java:shutdown(835)) - ************************************************************** 
2023-03-28 15:14:23,746 [Time-limited test] INFO  impl.MiniRaftCluster (MiniRaftCluster.java:shutdown(836)) - printing ALL groups
  s0:  RUNNING  FOLLOWER s0@group-4AD7D8BDF6E4:t5, leader=s1, voted=s1, raftlog=Memoized:s0@group-4AD7D8BDF6E4-SegmentedRaftLog:OPENED:c64, conf=154: peers:[s0|rpc:localhost:39189|admin:localhost:46309|client:localhost:42931|dataStream:localhost:35501|priority:0|startupRole:FOLLOWER, s1|rpc:localhost:42161|admin:localhost:45919|client:localhost:41703|dataStream:localhost:35503|priority:0|startupRole:FOLLOWER, s2|rpc:localhost:39003|admin:localhost:43283|client:localhost:38251|dataStream:localhost:44179|priority:0|startupRole:FOLLOWER]|listeners:[], old=null RUNNING
  s1:  RUNNING    LEADER s1@group-4AD7D8BDF6E4:t5, leader=s1, voted=s1, raftlog=Memoized:s1@group-4AD7D8BDF6E4-SegmentedRaftLog:OPENED:c155, conf=154: peers:[s0|rpc:localhost:39189|admin:localhost:46309|client:localhost:42931|dataStream:localhost:35501|priority:0|startupRole:FOLLOWER, s1|rpc:localhost:42161|admin:localhost:45919|client:localhost:41703|dataStream:localhost:35503|priority:0|startupRole:FOLLOWER, s2|rpc:localhost:39003|admin:localhost:43283|client:localhost:38251|dataStream:localhost:44179|priority:0|startupRole:FOLLOWER]|listeners:[], old=null RUNNING
  s2:  RUNNING  FOLLOWER s2@group-4AD7D8BDF6E4:t5, leader=s1, voted=s1, raftlog=Memoized:s2@group-4AD7D8BDF6E4-SegmentedRaftLog:OPENED:c155, conf=154: peers:[s0|rpc:localhost:39189|admin:localhost:46309|client:localhost:42931|dataStream:localhost:35501|priority:0|startupRole:FOLLOWER, s1|rpc:localhost:42161|admin:localhost:45919|client:localhost:41703|dataStream:localhost:35503|priority:0|startupRole:FOLLOWER, s2|rpc:localhost:39003|admin:localhost:43283|client:localhost:38251|dataStream:localhost:44179|priority:0|startupRole:FOLLOWER]|listeners:[], old=null RUNNING
2023-03-28 15:14:23,752 [MiniRaftCluster-5] INFO  server.RaftServer (RaftServerProxy.java:lambda$close$7(417)) - s0: close
2023-03-28 15:14:23,757 [MiniRaftCluster-6] INFO  server.RaftServer (RaftServerProxy.java:lambda$close$7(417)) - s1: close
2023-03-28 15:14:23,758 [MiniRaftCluster-7] INFO  server.RaftServer (RaftServerProxy.java:lambda$close$7(417)) - s2: close
2023-03-28 15:14:23,768 [MiniRaftCluster-5] INFO  server.GrpcService (GrpcService.java:closeImpl(311)) - s0: shutdown server org.apache.ratis.grpc.server.GrpcClientProtocolService now
2023-03-28 15:14:23,769 [s0-impl-thread2] INFO  server.RaftServer$Division (RaftServerImpl.java:lambda$close$4(466)) - s0@group-4AD7D8BDF6E4: shutdown
2023-03-28 15:14:23,769 [s0-impl-thread2] INFO  util.JmxRegister (JmxRegister.java:unregister(73)) - Successfully un-registered JMX Bean with object name Ratis:service=RaftServer,group=group-4AD7D8BDF6E4,id=s0
2023-03-28 15:14:23,769 [s0-impl-thread2] INFO  impl.RoleInfo (RoleInfo.java:shutdownFollowerState(110)) - s0: shutdown s0@group-4AD7D8BDF6E4-FollowerState
2023-03-28 15:14:23,769 [s0@group-4AD7D8BDF6E4-FollowerState] INFO  impl.FollowerState (FollowerState.java:run(152)) - s0@group-4AD7D8BDF6E4-FollowerState was interrupted
2023-03-28 15:14:23,769 [s0-impl-thread2] INFO  impl.StateMachineUpdater (StateMachineUpdater.java:stopAndJoin(154)) - s0@group-4AD7D8BDF6E4-StateMachineUpdater: set stopIndex = 64
2023-03-28 15:14:23,769 [s0-impl-thread2] INFO  server.RaftServer$Division (ServerState.java:close(413)) - s0@group-4AD7D8BDF6E4: applyIndex: 64
2023-03-28 15:14:23,772 [MiniRaftCluster-7] INFO  server.GrpcService (GrpcService.java:closeImpl(311)) - s2: shutdown server org.apache.ratis.grpc.server.GrpcClientProtocolService now
2023-03-28 15:14:23,772 [s2-impl-thread2] INFO  server.RaftServer$Division (RaftServerImpl.java:lambda$close$4(466)) - s2@group-4AD7D8BDF6E4: shutdown
2023-03-28 15:14:23,772 [s2-impl-thread2] INFO  util.JmxRegister (JmxRegister.java:unregister(73)) - Successfully un-registered JMX Bean with object name Ratis:service=RaftServer,group=group-4AD7D8BDF6E4,id=s2
2023-03-28 15:14:23,772 [s2-impl-thread2] INFO  impl.RoleInfo (RoleInfo.java:shutdownFollowerState(110)) - s2: shutdown s2@group-4AD7D8BDF6E4-FollowerState
2023-03-28 15:14:23,772 [s2@group-4AD7D8BDF6E4-FollowerState] INFO  impl.FollowerState (FollowerState.java:run(152)) - s2@group-4AD7D8BDF6E4-FollowerState was interrupted
2023-03-28 15:14:23,772 [s2-impl-thread2] INFO  impl.StateMachineUpdater (StateMachineUpdater.java:stopAndJoin(154)) - s2@group-4AD7D8BDF6E4-StateMachineUpdater: set stopIndex = 155
2023-03-28 15:14:23,772 [s2-impl-thread2] INFO  server.RaftServer$Division (ServerState.java:close(413)) - s2@group-4AD7D8BDF6E4: applyIndex: 155
2023-03-28 15:14:23,782 [MiniRaftCluster-6] INFO  server.GrpcService (GrpcService.java:closeImpl(311)) - s1: shutdown server org.apache.ratis.grpc.server.GrpcClientProtocolService now
2023-03-28 15:14:23,782 [s1-impl-thread2] INFO  server.RaftServer$Division (RaftServerImpl.java:lambda$close$4(466)) - s1@group-4AD7D8BDF6E4: shutdown
2023-03-28 15:14:23,782 [s1-server-thread2] INFO  util.CodeInjectionForTesting (BlockRequestHandlingInjection.java:execute(84)) - s1: unBlock request from s2
2023-03-28 15:14:23,782 [s1-impl-thread2] INFO  util.JmxRegister (JmxRegister.java:unregister(73)) - Successfully un-registered JMX Bean with object name Ratis:service=RaftServer,group=group-4AD7D8BDF6E4,id=s1
2023-03-28 15:14:23,783 [s1-impl-thread2] INFO  impl.RoleInfo (RoleInfo.java:shutdownLeaderState(93)) - s1: shutdown s1@group-4AD7D8BDF6E4-LeaderStateImpl
2023-03-28 15:14:23,783 [grpc-default-executor-6] INFO  server.GrpcServerProtocolService (GrpcServerProtocolService.java:onCompleted(145)) - s1: Completed APPEND_ENTRIES, lastRequest: null
2023-03-28 15:14:23,784 [grpc-default-executor-7] INFO  server.GrpcLogAppender (GrpcLogAppender.java:onCompleted(422)) - s2@group-4AD7D8BDF6E4->s1-AppendLogResponseHandler: follower responses appendEntries COMPLETED
2023-03-28 15:14:23,784 [grpc-default-executor-7] INFO  leader.FollowerInfo (FollowerInfoImpl.java:lambda$new$0(52)) - s2@group-4AD7D8BDF6E4->s1: decreaseNextIndex nextIndex: updateUnconditionally 153 -> 152
2023-03-28 15:14:23,785 [s1-impl-thread2] INFO  impl.PendingRequests (PendingRequests.java:sendNotLeaderResponses(289)) - s1@group-4AD7D8BDF6E4-PendingRequests: sendNotLeaderResponses
2023-03-28 15:14:23,786 [grpc-default-executor-6] INFO  server.GrpcServerProtocolService (GrpcServerProtocolService.java:onCompleted(145)) - s2: Completed APPEND_ENTRIES, lastRequest: s1->s2#2-t5,previous=(t:5, i:154),leaderCommit=154,initializing? true,entries: size=1, first=(t:5, i:155), METADATAENTRY(c:154)
2023-03-28 15:14:23,786 [grpc-default-executor-7] INFO  server.GrpcServerProtocolService (GrpcServerProtocolService.java:onCompleted(145)) - s0: Completed APPEND_ENTRIES, lastRequest: s1->s0#6-t5,previous=(t:5, i:154),leaderCommit=155,initializing? true,entries: size=1, first=(t:5, i:155), METADATAENTRY(c:154)
2023-03-28 15:14:23,786 [grpc-default-executor-1] INFO  server.GrpcServerProtocolService (GrpcServerProtocolService.java:onCompleted(145)) - s0: Completed APPEND_ENTRIES, lastRequest: null
2023-03-28 15:14:23,786 [grpc-default-executor-1] INFO  server.GrpcServerProtocolService (GrpcServerProtocolService.java:onCompleted(145)) - s2: Completed APPEND_ENTRIES, lastRequest: null
2023-03-28 15:14:23,787 [grpc-default-executor-7] INFO  server.GrpcLogAppender (GrpcLogAppender.java:onCompleted(422)) - s1@group-4AD7D8BDF6E4->s0-AppendLogResponseHandler: follower responses appendEntries COMPLETED
2023-03-28 15:14:23,787 [grpc-default-executor-7] INFO  leader.FollowerInfo (FollowerInfoImpl.java:lambda$new$0(52)) - s1@group-4AD7D8BDF6E4->s0: decreaseNextIndex nextIndex: updateUnconditionally 156 -> 155
2023-03-28 15:14:23,787 [grpc-default-executor-1] INFO  server.GrpcLogAppender (GrpcLogAppender.java:onCompleted(422)) - s1@group-4AD7D8BDF6E4->s0-AppendLogResponseHandler: follower responses appendEntries COMPLETED
2023-03-28 15:14:23,787 [grpc-default-executor-1] INFO  leader.FollowerInfo (FollowerInfoImpl.java:lambda$new$0(52)) - s1@group-4AD7D8BDF6E4->s0: decreaseNextIndex nextIndex: updateUnconditionally 155 -> 154
2023-03-28 15:14:23,787 [grpc-default-executor-6] INFO  server.GrpcLogAppender (GrpcLogAppender.java:onCompleted(422)) - s1@group-4AD7D8BDF6E4->s2-AppendLogResponseHandler: follower responses appendEntries COMPLETED
2023-03-28 15:14:23,787 [grpc-default-executor-6] INFO  leader.FollowerInfo (FollowerInfoImpl.java:lambda$new$0(52)) - s1@group-4AD7D8BDF6E4->s2: decreaseNextIndex nextIndex: updateUnconditionally 156 -> 155
2023-03-28 15:14:23,788 [Thread-1118] INFO  server.GrpcServerProtocolClient (GrpcServerProtocolClient.java:close(103)) - s0 Close channels
2023-03-28 15:14:23,788 [grpc-default-executor-6] INFO  server.GrpcLogAppender (GrpcLogAppender.java:onCompleted(422)) - s1@group-4AD7D8BDF6E4->s2-AppendLogResponseHandler: follower responses appendEntries COMPLETED
2023-03-28 15:14:23,788 [grpc-default-executor-6] INFO  leader.FollowerInfo (FollowerInfoImpl.java:lambda$new$0(52)) - s1@group-4AD7D8BDF6E4->s2: decreaseNextIndex nextIndex: updateUnconditionally 155 -> 154
2023-03-28 15:14:23,788 [Thread-1120] INFO  server.GrpcServerProtocolClient (GrpcServerProtocolClient.java:close(103)) - s1 Close channels
2023-03-28 15:14:23,804 [Thread-1122] INFO  server.GrpcServerProtocolClient (GrpcServerProtocolClient.java:close(103)) - s1 Close channels
2023-03-28 15:14:23,805 [Thread-1123] INFO  server.GrpcServerProtocolClient (GrpcServerProtocolClient.java:close(103)) - s2 Close channels
2023-03-28 15:14:23,810 [s0-server-thread1] INFO  util.CodeInjectionForTesting (BlockRequestHandlingInjection.java:execute(84)) - s0: unBlock request from s2
2023-03-28 15:14:23,812 [s1-impl-thread2] INFO  impl.StateMachineUpdater (StateMachineUpdater.java:stopAndJoin(154)) - s1@group-4AD7D8BDF6E4-StateMachineUpdater: set stopIndex = 155
2023-03-28 15:14:23,813 [MiniRaftCluster-5] INFO  server.GrpcService (GrpcService.java:closeImpl(320)) - s0: shutdown server org.apache.ratis.grpc.server.GrpcClientProtocolService successfully
2023-03-28 15:14:23,813 [MiniRaftCluster-5] INFO  server.GrpcService (GrpcService.java:closeImpl(311)) - s0: shutdown server GrpcServerProtocolService now
2023-03-28 15:14:23,816 [grpc-default-executor-6] WARN  server.GrpcServerProtocolService (LogUtils.java:warn(122)) - s0: APPEND_ENTRIES onError, lastRequest: null: org.apache.ratis.thirdparty.io.grpc.StatusRuntimeException: CANCELLED: client cancelled
2023-03-28 15:14:23,816 [grpc-default-executor-7] WARN  server.GrpcServerProtocolService (LogUtils.java:warn(122)) - s0: APPEND_ENTRIES onError, lastRequest: null: org.apache.ratis.thirdparty.io.grpc.StatusRuntimeException: CANCELLED: client cancelled
2023-03-28 15:14:23,817 [grpc-default-executor-6] INFO  server.GrpcLogAppender (GrpcLogAppender.java:onError(411)) - s1@group-4AD7D8BDF6E4->s0-GrpcLogAppender is already stopped
2023-03-28 15:14:23,817 [grpc-default-executor-2] WARN  server.GrpcServerProtocolService (LogUtils.java:warn(122)) - s0: APPEND_ENTRIES onError, lastRequest: null: org.apache.ratis.thirdparty.io.grpc.StatusRuntimeException: CANCELLED: client cancelled
2023-03-28 15:14:23,817 [grpc-default-executor-4] WARN  server.GrpcServerProtocolService (LogUtils.java:warn(122)) - s0: APPEND_ENTRIES onError, lastRequest: null: org.apache.ratis.thirdparty.io.grpc.StatusRuntimeException: CANCELLED: client cancelled
2023-03-28 15:14:23,817 [grpc-default-executor-8] WARN  server.GrpcServerProtocolService (LogUtils.java:warn(122)) - s0: APPEND_ENTRIES onError, lastRequest: null: org.apache.ratis.thirdparty.io.grpc.StatusRuntimeException: CANCELLED: client cancelled
2023-03-28 15:14:23,818 [grpc-default-executor-1] INFO  server.GrpcLogAppender (GrpcLogAppender.java:onError(411)) - s1@group-4AD7D8BDF6E4->s0-GrpcLogAppender is already stopped
2023-03-28 15:14:23,819 [s1-impl-thread2] INFO  server.RaftServer$Division (ServerState.java:close(413)) - s1@group-4AD7D8BDF6E4: applyIndex: 155
2023-03-28 15:14:23,820 [Thread-1119] INFO  server.GrpcServerProtocolClient (GrpcServerProtocolClient.java:close(103)) - s0 Close channels
2023-03-28 15:14:23,821 [Thread-1127] INFO  server.GrpcServerProtocolClient (GrpcServerProtocolClient.java:close(103)) - s2 Close channels
2023-03-28 15:14:23,833 [grpc-default-executor-7] WARN  server.GrpcServerProtocolService (LogUtils.java:warn(122)) - s0: APPEND_ENTRIES onError, lastRequest: null: org.apache.ratis.thirdparty.io.grpc.StatusRuntimeException: CANCELLED: client cancelled
2023-03-28 15:14:23,833 [grpc-default-executor-1] WARN  server.GrpcServerProtocolService (LogUtils.java:warn(122)) - s0: APPEND_ENTRIES onError, lastRequest: null: org.apache.ratis.thirdparty.io.grpc.StatusRuntimeException: CANCELLED: client cancelled
2023-03-28 15:14:23,833 [grpc-default-executor-0] WARN  server.GrpcServerProtocolService (LogUtils.java:warn(122)) - s0: APPEND_ENTRIES onError, lastRequest: null: org.apache.ratis.thirdparty.io.grpc.StatusRuntimeException: CANCELLED: client cancelled
2023-03-28 15:14:23,833 [grpc-default-executor-6] WARN  server.GrpcServerProtocolService (LogUtils.java:warn(122)) - s0: APPEND_ENTRIES onError, lastRequest: null: org.apache.ratis.thirdparty.io.grpc.StatusRuntimeException: CANCELLED: client cancelled
2023-03-28 15:14:23,834 [grpc-default-executor-2] WARN  server.GrpcServerProtocolService (LogUtils.java:warn(122)) - s0: APPEND_ENTRIES onError, lastRequest: null: org.apache.ratis.thirdparty.io.grpc.StatusRuntimeException: CANCELLED: client cancelled
2023-03-28 15:14:23,834 [grpc-default-executor-4] WARN  server.GrpcServerProtocolService (LogUtils.java:warn(122)) - s0: APPEND_ENTRIES onError, lastRequest: null: org.apache.ratis.thirdparty.io.grpc.StatusRuntimeException: CANCELLED: client cancelled
2023-03-28 15:14:23,834 [grpc-default-executor-1] WARN  server.GrpcServerProtocolService (LogUtils.java:warn(122)) - s0: APPEND_ENTRIES onError, lastRequest: null: org.apache.ratis.thirdparty.io.grpc.StatusRuntimeException: CANCELLED: client cancelled
2023-03-28 15:14:23,834 [grpc-default-executor-11] WARN  server.GrpcServerProtocolService (LogUtils.java:warn(122)) - s0: APPEND_ENTRIES onError, lastRequest: null: org.apache.ratis.thirdparty.io.grpc.StatusRuntimeException: CANCELLED: client cancelled
2023-03-28 15:14:23,835 [grpc-default-executor-1] WARN  server.GrpcServerProtocolService (LogUtils.java:warn(122)) - s0: APPEND_ENTRIES onError, lastRequest: null: org.apache.ratis.thirdparty.io.grpc.StatusRuntimeException: CANCELLED: client cancelled
2023-03-28 15:14:23,835 [grpc-default-executor-4] WARN  server.GrpcServerProtocolService (LogUtils.java:warn(122)) - s0: APPEND_ENTRIES onError, lastRequest: null: org.apache.ratis.thirdparty.io.grpc.StatusRuntimeException: CANCELLED: client cancelled
2023-03-28 15:14:23,835 [grpc-default-executor-2] WARN  server.GrpcServerProtocolService (LogUtils.java:warn(122)) - s0: APPEND_ENTRIES onError, lastRequest: null: org.apache.ratis.thirdparty.io.grpc.StatusRuntimeException: CANCELLED: client cancelled
2023-03-28 15:14:23,835 [grpc-default-executor-10] WARN  server.GrpcServerProtocolService (LogUtils.java:warn(122)) - s0: APPEND_ENTRIES onError, lastRequest: null: org.apache.ratis.thirdparty.io.grpc.StatusRuntimeException: CANCELLED: client cancelled
2023-03-28 15:14:23,835 [grpc-default-executor-12] WARN  server.GrpcServerProtocolService (LogUtils.java:warn(122)) - s0: APPEND_ENTRIES onError, lastRequest: null: org.apache.ratis.thirdparty.io.grpc.StatusRuntimeException: CANCELLED: client cancelled
2023-03-28 15:14:23,835 [grpc-default-executor-6] WARN  server.GrpcServerProtocolService (LogUtils.java:warn(122)) - s0: APPEND_ENTRIES onError, lastRequest: null: org.apache.ratis.thirdparty.io.grpc.StatusRuntimeException: CANCELLED: client cancelled
2023-03-28 15:14:23,835 [grpc-default-executor-7] WARN  server.GrpcServerProtocolService (LogUtils.java:warn(122)) - s0: APPEND_ENTRIES onError, lastRequest: null: org.apache.ratis.thirdparty.io.grpc.StatusRuntimeException: CANCELLED: client cancelled
2023-03-28 15:14:23,835 [grpc-default-executor-0] WARN  server.GrpcServerProtocolService (LogUtils.java:warn(122)) - s0: APPEND_ENTRIES onError, lastRequest: null: org.apache.ratis.thirdparty.io.grpc.StatusRuntimeException: CANCELLED: client cancelled
2023-03-28 15:14:23,836 [grpc-default-executor-10] WARN  server.GrpcServerProtocolService (LogUtils.java:warn(122)) - s0: APPEND_ENTRIES onError, lastRequest: null: org.apache.ratis.thirdparty.io.grpc.StatusRuntimeException: CANCELLED: client cancelled
2023-03-28 15:14:23,836 [grpc-default-executor-12] WARN  server.GrpcServerProtocolService (LogUtils.java:warn(122)) - s0: APPEND_ENTRIES onError, lastRequest: null: org.apache.ratis.thirdparty.io.grpc.StatusRuntimeException: CANCELLED: client cancelled
2023-03-28 15:14:23,836 [grpc-default-executor-0] WARN  server.GrpcServerProtocolService (LogUtils.java:warn(122)) - s0: APPEND_ENTRIES onError, lastRequest: null: org.apache.ratis.thirdparty.io.grpc.StatusRuntimeException: CANCELLED: client cancelled
2023-03-28 15:14:23,836 [grpc-default-executor-6] WARN  server.GrpcServerProtocolService (LogUtils.java:warn(122)) - s0: APPEND_ENTRIES onError, lastRequest: null: org.apache.ratis.thirdparty.io.grpc.StatusRuntimeException: CANCELLED: client cancelled
2023-03-28 15:14:23,836 [grpc-default-executor-1] WARN  server.GrpcServerProtocolService (LogUtils.java:warn(122)) - s0: APPEND_ENTRIES onError, lastRequest: null: org.apache.ratis.thirdparty.io.grpc.StatusRuntimeException: CANCELLED: client cancelled
2023-03-28 15:14:23,837 [grpc-default-executor-11] WARN  server.GrpcServerProtocolService (LogUtils.java:warn(122)) - s0: APPEND_ENTRIES onError, lastRequest: null: org.apache.ratis.thirdparty.io.grpc.StatusRuntimeException: CANCELLED: client cancelled
2023-03-28 15:14:23,837 [grpc-default-executor-13] WARN  server.GrpcServerProtocolService (LogUtils.java:warn(122)) - s0: APPEND_ENTRIES onError, lastRequest: null: org.apache.ratis.thirdparty.io.grpc.StatusRuntimeException: CANCELLED: client cancelled
2023-03-28 15:14:23,837 [grpc-default-executor-8] WARN  server.GrpcServerProtocolService (LogUtils.java:warn(122)) - s0: APPEND_ENTRIES onError, lastRequest: null: org.apache.ratis.thirdparty.io.grpc.StatusRuntimeException: CANCELLED: client cancelled
2023-03-28 15:14:23,837 [grpc-default-executor-2] WARN  server.GrpcServerProtocolService (LogUtils.java:warn(122)) - s0: APPEND_ENTRIES onError, lastRequest: null: org.apache.ratis.thirdparty.io.grpc.StatusRuntimeException: CANCELLED: client cancelled
2023-03-28 15:14:23,838 [grpc-default-executor-4] WARN  server.GrpcServerProtocolService (LogUtils.java:warn(122)) - s0: APPEND_ENTRIES onError, lastRequest: null: org.apache.ratis.thirdparty.io.grpc.StatusRuntimeException: CANCELLED: client cancelled
2023-03-28 15:14:23,838 [grpc-default-executor-7] WARN  server.GrpcServerProtocolService (LogUtils.java:warn(122)) - s0: APPEND_ENTRIES onError, lastRequest: null: org.apache.ratis.thirdparty.io.grpc.StatusRuntimeException: CANCELLED: client cancelled
2023-03-28 15:14:23,838 [grpc-default-executor-11] WARN  server.GrpcServerProtocolService (LogUtils.java:warn(122)) - s0: APPEND_ENTRIES onError, lastRequest: null: org.apache.ratis.thirdparty.io.grpc.StatusRuntimeException: CANCELLED: client cancelled
2023-03-28 15:14:23,839 [grpc-default-executor-13] WARN  server.GrpcServerProtocolService (LogUtils.java:warn(122)) - s0: APPEND_ENTRIES onError, lastRequest: null: org.apache.ratis.thirdparty.io.grpc.StatusRuntimeException: CANCELLED: client cancelled
2023-03-28 15:14:23,839 [grpc-default-executor-15] WARN  server.GrpcServerProtocolService (LogUtils.java:warn(122)) - s0: APPEND_ENTRIES onError, lastRequest: null: org.apache.ratis.thirdparty.io.grpc.StatusRuntimeException: CANCELLED: client cancelled
2023-03-28 15:14:23,839 [grpc-default-executor-0] WARN  server.GrpcServerProtocolService (LogUtils.java:warn(122)) - s0: APPEND_ENTRIES onError, lastRequest: null: org.apache.ratis.thirdparty.io.grpc.StatusRuntimeException: CANCELLED: client cancelled
2023-03-28 15:14:23,839 [grpc-default-executor-6] WARN  server.GrpcServerProtocolService (LogUtils.java:warn(122)) - s0: APPEND_ENTRIES onError, lastRequest: null: org.apache.ratis.thirdparty.io.grpc.StatusRuntimeException: CANCELLED: client cancelled
2023-03-28 15:14:23,839 [grpc-default-executor-1] WARN  server.GrpcServerProtocolService (LogUtils.java:warn(122)) - s0: APPEND_ENTRIES onError, lastRequest: null: org.apache.ratis.thirdparty.io.grpc.StatusRuntimeException: CANCELLED: client cancelled
2023-03-28 15:14:23,839 [grpc-default-executor-10] WARN  server.GrpcServerProtocolService (LogUtils.java:warn(122)) - s0: APPEND_ENTRIES onError, lastRequest: null: org.apache.ratis.thirdparty.io.grpc.StatusRuntimeException: CANCELLED: client cancelled
2023-03-28 15:14:23,839 [grpc-default-executor-9] WARN  server.GrpcServerProtocolService (LogUtils.java:warn(122)) - s0: APPEND_ENTRIES onError, lastRequest: null: org.apache.ratis.thirdparty.io.grpc.StatusRuntimeException: CANCELLED: client cancelled
2023-03-28 15:14:23,839 [grpc-default-executor-12] WARN  server.GrpcServerProtocolService (LogUtils.java:warn(122)) - s0: APPEND_ENTRIES onError, lastRequest: null: org.apache.ratis.thirdparty.io.grpc.StatusRuntimeException: CANCELLED: client cancelled
2023-03-28 15:14:23,839 [grpc-default-executor-14] WARN  server.GrpcServerProtocolService (LogUtils.java:warn(122)) - s0: APPEND_ENTRIES onError, lastRequest: null: org.apache.ratis.thirdparty.io.grpc.StatusRuntimeException: CANCELLED: client cancelled
2023-03-28 15:14:23,840 [grpc-default-executor-16] WARN  server.GrpcServerProtocolService (LogUtils.java:warn(122)) - s0: APPEND_ENTRIES onError, lastRequest: null: org.apache.ratis.thirdparty.io.grpc.StatusRuntimeException: CANCELLED: client cancelled
2023-03-28 15:14:23,841 [grpc-default-executor-7] INFO  server.GrpcLogAppender (GrpcLogAppender.java:onError(411)) - s2@group-4AD7D8BDF6E4->s0-GrpcLogAppender is already stopped
2023-03-28 15:14:23,841 [grpc-default-executor-11] INFO  server.GrpcLogAppender (GrpcLogAppender.java:onError(411)) - s2@group-4AD7D8BDF6E4->s0-GrpcLogAppender is already stopped
2023-03-28 15:14:23,842 [grpc-default-executor-12] WARN  server.GrpcServerProtocolService (LogUtils.java:warn(122)) - s0: APPEND_ENTRIES onError, lastRequest: null: org.apache.ratis.thirdparty.io.grpc.StatusRuntimeException: CANCELLED: client cancelled
2023-03-28 15:14:23,842 [grpc-default-executor-11] INFO  server.GrpcLogAppender (GrpcLogAppender.java:onError(411)) - s2@group-4AD7D8BDF6E4->s0-GrpcLogAppender is already stopped
2023-03-28 15:14:23,842 [grpc-default-executor-8] WARN  server.GrpcServerProtocolService (LogUtils.java:warn(122)) - s0: APPEND_ENTRIES onError, lastRequest: null: org.apache.ratis.thirdparty.io.grpc.StatusRuntimeException: CANCELLED: client cancelled
2023-03-28 15:14:23,842 [grpc-default-executor-2] WARN  server.GrpcServerProtocolService (LogUtils.java:warn(122)) - s0: APPEND_ENTRIES onError, lastRequest: null: org.apache.ratis.thirdparty.io.grpc.StatusRuntimeException: CANCELLED: client cancelled
2023-03-28 15:14:23,842 [grpc-default-executor-7] INFO  server.GrpcLogAppender (GrpcLogAppender.java:onError(411)) - s2@group-4AD7D8BDF6E4->s0-GrpcLogAppender is already stopped
2023-03-28 15:14:23,842 [grpc-default-executor-4] WARN  server.GrpcServerProtocolService (LogUtils.java:warn(122)) - s0: APPEND_ENTRIES onError, lastRequest: null: org.apache.ratis.thirdparty.io.grpc.StatusRuntimeException: CANCELLED: client cancelled
2023-03-28 15:14:23,842 [grpc-default-executor-18] INFO  server.GrpcLogAppender (GrpcLogAppender.java:onError(411)) - s2@group-4AD7D8BDF6E4->s0-GrpcLogAppender is already stopped
2023-03-28 15:14:23,843 [grpc-default-executor-14] WARN  server.GrpcServerProtocolService (LogUtils.java:warn(122)) - s0: APPEND_ENTRIES onError, lastRequest: null: org.apache.ratis.thirdparty.io.grpc.StatusRuntimeException: CANCELLED: client cancelled
2023-03-28 15:14:23,843 [grpc-default-executor-16] WARN  server.GrpcServerProtocolService (LogUtils.java:warn(122)) - s0: APPEND_ENTRIES onError, lastRequest: null: org.apache.ratis.thirdparty.io.grpc.StatusRuntimeException: CANCELLED: client cancelled
2023-03-28 15:14:23,843 [grpc-default-executor-6] INFO  server.GrpcLogAppender (GrpcLogAppender.java:onError(411)) - s2@group-4AD7D8BDF6E4->s0-GrpcLogAppender is already stopped
2023-03-28 15:14:23,844 [grpc-default-executor-0] INFO  server.GrpcLogAppender (GrpcLogAppender.java:onError(411)) - s2@group-4AD7D8BDF6E4->s0-GrpcLogAppender is already stopped
2023-03-28 15:14:23,844 [grpc-default-executor-4] INFO  server.GrpcLogAppender (GrpcLogAppender.java:onError(411)) - s2@group-4AD7D8BDF6E4->s0-GrpcLogAppender is already stopped
2023-03-28 15:14:23,845 [grpc-default-executor-1] INFO  server.GrpcLogAppender (GrpcLogAppender.java:onError(411)) - s2@group-4AD7D8BDF6E4->s0-GrpcLogAppender is already stopped
2023-03-28 15:14:23,845 [grpc-default-executor-10] INFO  server.GrpcLogAppender (GrpcLogAppender.java:onError(411)) - s2@group-4AD7D8BDF6E4->s0-GrpcLogAppender is already stopped
2023-03-28 15:14:23,845 [grpc-default-executor-2] INFO  server.GrpcLogAppender (GrpcLogAppender.java:onError(411)) - s2@group-4AD7D8BDF6E4->s0-GrpcLogAppender is already stopped
2023-03-28 15:14:23,845 [grpc-default-executor-10] INFO  server.GrpcLogAppender (GrpcLogAppender.java:onError(411)) - s2@group-4AD7D8BDF6E4->s0-GrpcLogAppender is already stopped
2023-03-28 15:14:23,845 [grpc-default-executor-0] INFO  server.GrpcLogAppender (GrpcLogAppender.java:onError(411)) - s2@group-4AD7D8BDF6E4->s0-GrpcLogAppender is already stopped
2023-03-28 15:14:23,845 [grpc-default-executor-1] INFO  server.GrpcLogAppender (GrpcLogAppender.java:onError(411)) - s2@group-4AD7D8BDF6E4->s0-GrpcLogAppender is already stopped
2023-03-28 15:14:23,845 [grpc-default-executor-8] INFO  server.GrpcLogAppender (GrpcLogAppender.java:onError(411)) - s2@group-4AD7D8BDF6E4->s0-GrpcLogAppender is already stopped
2023-03-28 15:14:23,845 [grpc-default-executor-10] INFO  server.GrpcLogAppender (GrpcLogAppender.java:onError(411)) - s2@group-4AD7D8BDF6E4->s0-GrpcLogAppender is already stopped
2023-03-28 15:14:23,845 [grpc-default-executor-2] INFO  server.GrpcLogAppender (GrpcLogAppender.java:onError(411)) - s2@group-4AD7D8BDF6E4->s0-GrpcLogAppender is already stopped
2023-03-28 15:14:23,845 [grpc-default-executor-0] INFO  server.GrpcLogAppender (GrpcLogAppender.java:onError(411)) - s2@group-4AD7D8BDF6E4->s0-GrpcLogAppender is already stopped
2023-03-28 15:14:23,845 [grpc-default-executor-1] INFO  server.GrpcLogAppender (GrpcLogAppender.java:onError(411)) - s2@group-4AD7D8BDF6E4->s0-GrpcLogAppender is already stopped
2023-03-28 15:14:23,845 [grpc-default-executor-10] INFO  server.GrpcLogAppender (GrpcLogAppender.java:onError(411)) - s2@group-4AD7D8BDF6E4->s0-GrpcLogAppender is already stopped
2023-03-28 15:14:23,845 [grpc-default-executor-8] INFO  server.GrpcLogAppender (GrpcLogAppender.java:onError(411)) - s2@group-4AD7D8BDF6E4->s0-GrpcLogAppender is already stopped
2023-03-28 15:14:23,845 [grpc-default-executor-9] INFO  server.GrpcLogAppender (GrpcLogAppender.java:onError(411)) - s2@group-4AD7D8BDF6E4->s0-GrpcLogAppender is already stopped
2023-03-28 15:14:23,845 [grpc-default-executor-6] INFO  server.GrpcLogAppender (GrpcLogAppender.java:onError(411)) - s2@group-4AD7D8BDF6E4->s0-GrpcLogAppender is already stopped
2023-03-28 15:14:23,845 [grpc-default-executor-9] INFO  server.GrpcLogAppender (GrpcLogAppender.java:onError(411)) - s2@group-4AD7D8BDF6E4->s0-GrpcLogAppender is already stopped
2023-03-28 15:14:23,845 [grpc-default-executor-1] INFO  server.GrpcLogAppender (GrpcLogAppender.java:onError(411)) - s2@group-4AD7D8BDF6E4->s0-GrpcLogAppender is already stopped
2023-03-28 15:14:23,845 [grpc-default-executor-9] INFO  server.GrpcLogAppender (GrpcLogAppender.java:onError(411)) - s2@group-4AD7D8BDF6E4->s0-GrpcLogAppender is already stopped
2023-03-28 15:14:23,845 [grpc-default-executor-0] INFO  server.GrpcLogAppender (GrpcLogAppender.java:onError(411)) - s2@group-4AD7D8BDF6E4->s0-GrpcLogAppender is already stopped
2023-03-28 15:14:23,845 [grpc-default-executor-12] INFO  server.GrpcLogAppender (GrpcLogAppender.java:onError(411)) - s2@group-4AD7D8BDF6E4->s0-GrpcLogAppender is already stopped
2023-03-28 15:14:23,845 [grpc-default-executor-2] INFO  server.GrpcLogAppender (GrpcLogAppender.java:onError(411)) - s2@group-4AD7D8BDF6E4->s0-GrpcLogAppender is already stopped
2023-03-28 15:14:23,845 [grpc-default-executor-10] INFO  server.GrpcLogAppender (GrpcLogAppender.java:onError(411)) - s2@group-4AD7D8BDF6E4->s0-GrpcLogAppender is already stopped
2023-03-28 15:14:23,845 [grpc-default-executor-8] INFO  server.GrpcLogAppender (GrpcLogAppender.java:onError(411)) - s2@group-4AD7D8BDF6E4->s0-GrpcLogAppender is already stopped
2023-03-28 15:14:23,845 [grpc-default-executor-13] INFO  server.GrpcLogAppender (GrpcLogAppender.java:onError(411)) - s2@group-4AD7D8BDF6E4->s0-GrpcLogAppender is already stopped
2023-03-28 15:14:23,845 [grpc-default-executor-6] INFO  server.GrpcLogAppender (GrpcLogAppender.java:onError(411)) - s2@group-4AD7D8BDF6E4->s0-GrpcLogAppender is already stopped
2023-03-28 15:14:23,845 [grpc-default-executor-17] INFO  server.GrpcLogAppender (GrpcLogAppender.java:onError(411)) - s2@group-4AD7D8BDF6E4->s0-GrpcLogAppender is already stopped
2023-03-28 15:14:23,845 [grpc-default-executor-1] INFO  server.GrpcLogAppender (GrpcLogAppender.java:onError(411)) - s2@group-4AD7D8BDF6E4->s0-GrpcLogAppender is already stopped
2023-03-28 15:14:23,846 [grpc-default-executor-16] INFO  server.GrpcLogAppender (GrpcLogAppender.java:onError(411)) - s2@group-4AD7D8BDF6E4->s0-GrpcLogAppender is already stopped
2023-03-28 15:14:23,846 [grpc-default-executor-4] INFO  server.GrpcLogAppender (GrpcLogAppender.java:onError(411)) - s2@group-4AD7D8BDF6E4->s0-GrpcLogAppender is already stopped
2023-03-28 15:14:23,846 [grpc-default-executor-15] INFO  server.GrpcLogAppender (GrpcLogAppender.java:onError(411)) - s2@group-4AD7D8BDF6E4->s0-GrpcLogAppender is already stopped
2023-03-28 15:14:23,846 [grpc-default-executor-14] INFO  server.GrpcLogAppender (GrpcLogAppender.java:onError(411)) - s2@group-4AD7D8BDF6E4->s0-GrpcLogAppender is already stopped
2023-03-28 15:14:23,846 [grpc-default-executor-19] INFO  server.GrpcLogAppender (GrpcLogAppender.java:onError(411)) - s2@group-4AD7D8BDF6E4->s0-GrpcLogAppender is already stopped
2023-03-28 15:14:23,846 [grpc-default-executor-18] INFO  server.GrpcLogAppender (GrpcLogAppender.java:onError(411)) - s2@group-4AD7D8BDF6E4->s0-GrpcLogAppender is already stopped
2023-03-28 15:14:23,846 [grpc-default-executor-7] INFO  server.GrpcLogAppender (GrpcLogAppender.java:onError(411)) - s2@group-4AD7D8BDF6E4->s0-GrpcLogAppender is already stopped
2023-03-28 15:14:23,846 [grpc-default-executor-11] INFO  server.GrpcLogAppender (GrpcLogAppender.java:onError(411)) - s2@group-4AD7D8BDF6E4->s0-GrpcLogAppender is already stopped
2023-03-28 15:14:23,846 [grpc-default-executor-20] INFO  server.GrpcLogAppender (GrpcLogAppender.java:onError(411)) - s2@group-4AD7D8BDF6E4->s0-GrpcLogAppender is already stopped
2023-03-28 15:14:23,849 [MiniRaftCluster-5] INFO  server.GrpcService (GrpcService.java:closeImpl(320)) - s0: shutdown server GrpcServerProtocolService successfully
2023-03-28 15:14:23,849 [MiniRaftCluster-5] INFO  server.GrpcService (GrpcService.java:closeImpl(311)) - s0: shutdown server org.apache.ratis.grpc.server.GrpcAdminProtocolService now
2023-03-28 15:14:23,852 [MiniRaftCluster-6] INFO  server.GrpcService (GrpcService.java:closeImpl(320)) - s1: shutdown server org.apache.ratis.grpc.server.GrpcClientProtocolService successfully
2023-03-28 15:14:23,852 [MiniRaftCluster-6] INFO  server.GrpcService (GrpcService.java:closeImpl(311)) - s1: shutdown server GrpcServerProtocolService now
2023-03-28 15:14:23,853 [grpc-default-executor-21] INFO  server.GrpcLogAppender (GrpcLogAppender.java:onError(411)) - s2@group-4AD7D8BDF6E4->s0-GrpcLogAppender is already stopped
2023-03-28 15:14:23,853 [grpc-default-executor-20] INFO  server.GrpcLogAppender (GrpcLogAppender.java:onError(411)) - s2@group-4AD7D8BDF6E4->s0-GrpcLogAppender is already stopped
2023-03-28 15:14:23,854 [grpc-default-executor-11] INFO  server.GrpcLogAppender (GrpcLogAppender.java:onError(411)) - s2@group-4AD7D8BDF6E4->s0-GrpcLogAppender is already stopped
2023-03-28 15:14:23,868 [MiniRaftCluster-7] INFO  server.GrpcService (GrpcService.java:closeImpl(320)) - s2: shutdown server org.apache.ratis.grpc.server.GrpcClientProtocolService successfully
2023-03-28 15:14:23,868 [MiniRaftCluster-7] INFO  server.GrpcService (GrpcService.java:closeImpl(311)) - s2: shutdown server GrpcServerProtocolService now
2023-03-28 15:14:23,868 [MiniRaftCluster-5] INFO  server.GrpcService (GrpcService.java:closeImpl(320)) - s0: shutdown server org.apache.ratis.grpc.server.GrpcAdminProtocolService successfully
2023-03-28 15:14:23,868 [s0-NettyServerStreamRpc-bossGroup--thread1] INFO  logging.LoggingHandler (AbstractInternalLogger.java:log(148)) - [id: 0x4c883ab2, L:/0.0.0.0:35501] CLOSE
2023-03-28 15:14:23,868 [s0-NettyServerStreamRpc-bossGroup--thread1] INFO  logging.LoggingHandler (AbstractInternalLogger.java:log(148)) - [id: 0x4c883ab2, L:0.0.0.0/0.0.0.0:35501] INACTIVE
2023-03-28 15:14:23,869 [s0-NettyServerStreamRpc-bossGroup--thread1] INFO  logging.LoggingHandler (AbstractInternalLogger.java:log(148)) - [id: 0x4c883ab2, L:0.0.0.0/0.0.0.0:35501] UNREGISTERED
2023-03-28 15:14:23,885 [NettyClientStreamRpc-workerGroup--thread1] WARN  client.NettyClientStreamRpc (NettyClientStreamRpc.java:scheduleReconnect(206)) - Connection-localhost/127.0.0.1:35501: channel is inactive; schedule reconnecting to localhost/127.0.0.1:35501 in 100ms
2023-03-28 15:14:23,885 [NettyClientStreamRpc-workerGroup--thread1] WARN  client.NettyClientStreamRpc (NettyClientStreamRpc.java:scheduleReconnect(206)) - Connection-localhost/127.0.0.1:35501: channel is inactive; schedule reconnecting to localhost/127.0.0.1:35501 in 100ms
2023-03-28 15:14:23,885 [NettyClientStreamRpc-workerGroup--thread1] WARN  client.NettyClientStreamRpc (NettyClientStreamRpc.java:scheduleReconnect(206)) - Connection-localhost/127.0.0.1:35501: channel is inactive; schedule reconnecting to localhost/127.0.0.1:35501 in 100ms
2023-03-28 15:14:23,886 [NettyClientStreamRpc-workerGroup--thread1] WARN  client.NettyClientStreamRpc (NettyClientStreamRpc.java:scheduleReconnect(206)) - Connection-localhost/127.0.0.1:35501: channel is inactive; schedule reconnecting to localhost/127.0.0.1:35501 in 100ms
2023-03-28 15:14:23,892 [NettyClientStreamRpc-workerGroup--thread1] WARN  client.NettyClientStreamRpc (NettyClientStreamRpc.java:scheduleReconnect(206)) - Connection-localhost/127.0.0.1:35501: channel is inactive; schedule reconnecting to localhost/127.0.0.1:35501 in 100ms
2023-03-28 15:14:23,902 [NettyClientStreamRpc-workerGroup--thread1] WARN  client.NettyClientStreamRpc (NettyClientStreamRpc.java:scheduleReconnect(206)) - Connection-localhost/127.0.0.1:35501: channel is inactive; schedule reconnecting to localhost/127.0.0.1:35501 in 100ms
2023-03-28 15:14:23,902 [NettyClientStreamRpc-workerGroup--thread1] WARN  client.NettyClientStreamRpc (NettyClientStreamRpc.java:scheduleReconnect(206)) - Connection-localhost/127.0.0.1:35501: channel is inactive; schedule reconnecting to localhost/127.0.0.1:35501 in 100ms
2023-03-28 15:14:23,902 [NettyClientStreamRpc-workerGroup--thread1] WARN  client.NettyClientStreamRpc (NettyClientStreamRpc.java:scheduleReconnect(206)) - Connection-localhost/127.0.0.1:35501: channel is inactive; schedule reconnecting to localhost/127.0.0.1:35501 in 100ms
2023-03-28 15:14:23,902 [NettyClientStreamRpc-workerGroup--thread1] WARN  client.NettyClientStreamRpc (NettyClientStreamRpc.java:scheduleReconnect(206)) - Connection-localhost/127.0.0.1:35501: channel is inactive; schedule reconnecting to localhost/127.0.0.1:35501 in 100ms
2023-03-28 15:14:23,903 [NettyClientStreamRpc-workerGroup--thread1] WARN  client.NettyClientStreamRpc (NettyClientStreamRpc.java:scheduleReconnect(206)) - Connection-localhost/127.0.0.1:35501: channel is inactive; schedule reconnecting to localhost/127.0.0.1:35501 in 100ms
2023-03-28 15:14:23,903 [NettyClientStreamRpc-workerGroup--thread1] WARN  client.NettyClientStreamRpc (NettyClientStreamRpc.java:scheduleReconnect(206)) - Connection-localhost/127.0.0.1:35501: channel is inactive; schedule reconnecting to localhost/127.0.0.1:35501 in 100ms
2023-03-28 15:14:23,903 [NettyClientStreamRpc-workerGroup--thread1] WARN  client.NettyClientStreamRpc (NettyClientStreamRpc.java:scheduleReconnect(206)) - Connection-localhost/127.0.0.1:35501: channel is inactive; schedule reconnecting to localhost/127.0.0.1:35501 in 100ms
2023-03-28 15:14:23,903 [NettyClientStreamRpc-workerGroup--thread1] WARN  client.NettyClientStreamRpc (NettyClientStreamRpc.java:scheduleReconnect(206)) - Connection-localhost/127.0.0.1:35501: channel is inactive; schedule reconnecting to localhost/127.0.0.1:35501 in 100ms
2023-03-28 15:14:23,903 [NettyClientStreamRpc-workerGroup--thread1] WARN  client.NettyClientStreamRpc (NettyClientStreamRpc.java:scheduleReconnect(206)) - Connection-localhost/127.0.0.1:35501: channel is inactive; schedule reconnecting to localhost/127.0.0.1:35501 in 100ms
2023-03-28 15:14:23,903 [NettyClientStreamRpc-workerGroup--thread1] WARN  client.NettyClientStreamRpc (NettyClientStreamRpc.java:scheduleReconnect(206)) - Connection-localhost/127.0.0.1:35501: channel is inactive; schedule reconnecting to localhost/127.0.0.1:35501 in 100ms
2023-03-28 15:14:23,913 [NettyClientStreamRpc-workerGroup--thread1] WARN  client.NettyClientStreamRpc (NettyClientStreamRpc.java:scheduleReconnect(206)) - Connection-localhost/127.0.0.1:35501: channel is inactive; schedule reconnecting to localhost/127.0.0.1:35501 in 100ms
2023-03-28 15:14:23,913 [NettyClientStreamRpc-workerGroup--thread1] WARN  client.NettyClientStreamRpc (NettyClientStreamRpc.java:scheduleReconnect(206)) - Connection-localhost/127.0.0.1:35501: channel is inactive; schedule reconnecting to localhost/127.0.0.1:35501 in 100ms
2023-03-28 15:14:23,914 [NettyClientStreamRpc-workerGroup--thread1] WARN  client.NettyClientStreamRpc (NettyClientStreamRpc.java:scheduleReconnect(206)) - Connection-localhost/127.0.0.1:35501: channel is inactive; schedule reconnecting to localhost/127.0.0.1:35501 in 100ms
2023-03-28 15:14:23,914 [NettyClientStreamRpc-workerGroup--thread1] WARN  client.NettyClientStreamRpc (NettyClientStreamRpc.java:scheduleReconnect(206)) - Connection-localhost/127.0.0.1:35501: channel is inactive; schedule reconnecting to localhost/127.0.0.1:35501 in 100ms
2023-03-28 15:14:23,914 [NettyClientStreamRpc-workerGroup--thread1] WARN  client.NettyClientStreamRpc (NettyClientStreamRpc.java:scheduleReconnect(206)) - Connection-localhost/127.0.0.1:35501: channel is inactive; schedule reconnecting to localhost/127.0.0.1:35501 in 100ms
2023-03-28 15:14:23,924 [MiniRaftCluster-7] INFO  server.GrpcService (GrpcService.java:closeImpl(320)) - s2: shutdown server GrpcServerProtocolService successfully
2023-03-28 15:14:23,924 [MiniRaftCluster-7] INFO  server.GrpcService (GrpcService.java:closeImpl(311)) - s2: shutdown server org.apache.ratis.grpc.server.GrpcAdminProtocolService now
2023-03-28 15:14:23,927 [MiniRaftCluster-6] INFO  server.GrpcService (GrpcService.java:closeImpl(320)) - s1: shutdown server GrpcServerProtocolService successfully
2023-03-28 15:14:23,927 [MiniRaftCluster-6] INFO  server.GrpcService (GrpcService.java:closeImpl(311)) - s1: shutdown server org.apache.ratis.grpc.server.GrpcAdminProtocolService now
2023-03-28 15:14:23,961 [MiniRaftCluster-7] INFO  server.GrpcService (GrpcService.java:closeImpl(320)) - s2: shutdown server org.apache.ratis.grpc.server.GrpcAdminProtocolService successfully
2023-03-28 15:14:23,961 [MiniRaftCluster-6] INFO  server.GrpcService (GrpcService.java:closeImpl(320)) - s1: shutdown server org.apache.ratis.grpc.server.GrpcAdminProtocolService successfully
2023-03-28 15:14:23,961 [s1-NettyServerStreamRpc-bossGroup--thread1] INFO  logging.LoggingHandler (AbstractInternalLogger.java:log(148)) - [id: 0x967ba9f1, L:/0.0.0.0:35503] CLOSE
2023-03-28 15:14:23,962 [s1-NettyServerStreamRpc-bossGroup--thread1] INFO  logging.LoggingHandler (AbstractInternalLogger.java:log(148)) - [id: 0x967ba9f1, L:0.0.0.0/0.0.0.0:35503] INACTIVE
2023-03-28 15:14:23,962 [s1-NettyServerStreamRpc-bossGroup--thread1] INFO  logging.LoggingHandler (AbstractInternalLogger.java:log(148)) - [id: 0x967ba9f1, L:0.0.0.0/0.0.0.0:35503] UNREGISTERED
2023-03-28 15:14:23,962 [s2-NettyServerStreamRpc-bossGroup--thread1] INFO  logging.LoggingHandler (AbstractInternalLogger.java:log(148)) - [id: 0x2b4b07cb, L:0.0.0.0/0.0.0.0:44179] CLOSE
2023-03-28 15:14:23,962 [s2-NettyServerStreamRpc-bossGroup--thread1] INFO  logging.LoggingHandler (AbstractInternalLogger.java:log(148)) - [id: 0x2b4b07cb, L:0.0.0.0/0.0.0.0:44179] INACTIVE
2023-03-28 15:14:23,962 [s2-NettyServerStreamRpc-bossGroup--thread1] INFO  logging.LoggingHandler (AbstractInternalLogger.java:log(148)) - [id: 0x2b4b07cb, L:0.0.0.0/0.0.0.0:44179] UNREGISTERED
2023-03-28 15:14:23,984 [NettyClientStreamRpc-workerGroup--thread1] WARN  client.NettyClientStreamRpc (NettyClientStreamRpc.java:scheduleReconnect(206)) - Connection-localhost/127.0.0.1:44179: channel is inactive; schedule reconnecting to localhost/127.0.0.1:44179 in 100ms
2023-03-28 15:14:23,985 [NettyClientStreamRpc-workerGroup--thread1] WARN  client.NettyClientStreamRpc (NettyClientStreamRpc.java:scheduleReconnect(206)) - Connection-localhost/127.0.0.1:44179: channel is inactive; schedule reconnecting to localhost/127.0.0.1:44179 in 100ms
2023-03-28 15:14:23,985 [NettyClientStreamRpc-workerGroup--thread1] WARN  client.NettyClientStreamRpc (NettyClientStreamRpc.java:scheduleReconnect(206)) - Connection-localhost/127.0.0.1:44179: channel is inactive; schedule reconnecting to localhost/127.0.0.1:44179 in 100ms
2023-03-28 15:14:23,985 [NettyClientStreamRpc-workerGroup--thread1] WARN  client.NettyClientStreamRpc (NettyClientStreamRpc.java:scheduleReconnect(206)) - Connection-localhost/127.0.0.1:44179: channel is inactive; schedule reconnecting to localhost/127.0.0.1:44179 in 100ms
2023-03-28 15:14:23,985 [NettyClientStreamRpc-workerGroup--thread1] WARN  client.NettyClientStreamRpc (NettyClientStreamRpc.java:scheduleReconnect(206)) - Connection-localhost/127.0.0.1:44179: channel is inactive; schedule reconnecting to localhost/127.0.0.1:44179 in 100ms
2023-03-28 15:14:23,986 [NettyClientStreamRpc-workerGroup--thread1] WARN  client.NettyClientStreamRpc (NettyClientStreamRpc.java:scheduleReconnect(206)) - Connection-localhost/127.0.0.1:44179: channel is inactive; schedule reconnecting to localhost/127.0.0.1:44179 in 100ms
2023-03-28 15:14:23,986 [NettyClientStreamRpc-workerGroup--thread1] WARN  client.NettyClientStreamRpc (NettyClientStreamRpc.java:scheduleReconnect(206)) - Connection-localhost/127.0.0.1:44179: channel is inactive; schedule reconnecting to localhost/127.0.0.1:44179 in 100ms
2023-03-28 15:14:23,985 [NettyClientStreamRpc-workerGroup--thread1] WARN  client.NettyClientStreamRpc (NettyClientStreamRpc.java:scheduleReconnect(206)) - Connection-localhost/127.0.0.1:44179: channel is inactive; schedule reconnecting to localhost/127.0.0.1:44179 in 100ms
2023-03-28 15:14:23,986 [NettyClientStreamRpc-workerGroup--thread1] WARN  client.NettyClientStreamRpc (NettyClientStreamRpc.java:scheduleReconnect(206)) - Connection-localhost/127.0.0.1:44179: channel is inactive; schedule reconnecting to localhost/127.0.0.1:44179 in 100ms
2023-03-28 15:14:23,986 [NettyClientStreamRpc-workerGroup--thread1] WARN  client.NettyClientStreamRpc (NettyClientStreamRpc.java:scheduleReconnect(206)) - Connection-localhost/127.0.0.1:44179: channel is inactive; schedule reconnecting to localhost/127.0.0.1:44179 in 100ms
2023-03-28 15:14:23,986 [NettyClientStreamRpc-workerGroup--thread1] WARN  client.NettyClientStreamRpc (NettyClientStreamRpc.java:scheduleReconnect(206)) - Connection-localhost/127.0.0.1:44179: channel is inactive; schedule reconnecting to localhost/127.0.0.1:44179 in 100ms
2023-03-28 15:14:23,986 [NettyClientStreamRpc-workerGroup--thread1] WARN  client.NettyClientStreamRpc (NettyClientStreamRpc.java:scheduleReconnect(206)) - Connection-localhost/127.0.0.1:44179: channel is inactive; schedule reconnecting to localhost/127.0.0.1:44179 in 100ms
2023-03-28 15:14:23,986 [NettyClientStreamRpc-workerGroup--thread1] WARN  client.NettyClientStreamRpc (NettyClientStreamRpc.java:scheduleReconnect(206)) - Connection-localhost/127.0.0.1:44179: channel is inactive; schedule reconnecting to localhost/127.0.0.1:44179 in 100ms
2023-03-28 15:14:23,986 [NettyClientStreamRpc-workerGroup--thread1] WARN  client.NettyClientStreamRpc (NettyClientStreamRpc.java:scheduleReconnect(206)) - Connection-localhost/127.0.0.1:44179: channel is inactive; schedule reconnecting to localhost/127.0.0.1:44179 in 100ms
2023-03-28 15:14:23,987 [NettyClientStreamRpc-workerGroup--thread1] WARN  client.NettyClientStreamRpc (NettyClientStreamRpc.java:scheduleReconnect(206)) - Connection-localhost/127.0.0.1:44179: channel is inactive; schedule reconnecting to localhost/127.0.0.1:44179 in 100ms
2023-03-28 15:14:23,987 [NettyClientStreamRpc-workerGroup--thread1] WARN  client.NettyClientStreamRpc (NettyClientStreamRpc.java:scheduleReconnect(206)) - Connection-localhost/127.0.0.1:44179: channel is inactive; schedule reconnecting to localhost/127.0.0.1:44179 in 100ms
2023-03-28 15:14:23,987 [NettyClientStreamRpc-workerGroup--thread1] WARN  client.NettyClientStreamRpc (NettyClientStreamRpc.java:scheduleReconnect(206)) - Connection-localhost/127.0.0.1:44179: channel is inactive; schedule reconnecting to localhost/127.0.0.1:44179 in 100ms
2023-03-28 15:14:24,040 [NettyClientStreamRpc-workerGroup--thread3] WARN  client.NettyClientStreamRpc (NettyClientStreamRpc.java:scheduleReconnect(206)) - Connection-localhost/127.0.0.1:35501: org.apache.ratis.netty.client.NettyClientStreamRpc$Connection$1@5471b407 failed; schedule reconnecting to localhost/127.0.0.1:35501 in 100ms
2023-03-28 15:14:24,041 [NettyClientStreamRpc-workerGroup--thread3] WARN  client.NettyClientStreamRpc (NettyClientStreamRpc.java:scheduleReconnect(208)) - 
org.apache.ratis.thirdparty.io.netty.channel.AbstractChannel$AnnotatedConnectException: Connection refused: localhost/127.0.0.1:35501
Caused by: java.net.ConnectException: Connection refused
	at java.base/sun.nio.ch.SocketChannelImpl.checkConnect(Native Method)
	at java.base/sun.nio.ch.SocketChannelImpl.finishConnect(SocketChannelImpl.java:777)
	at org.apache.ratis.thirdparty.io.netty.channel.socket.nio.NioSocketChannel.doFinishConnect(NioSocketChannel.java:337)
	at org.apache.ratis.thirdparty.io.netty.channel.nio.AbstractNioChannel$AbstractNioUnsafe.finishConnect(AbstractNioChannel.java:334)
	at org.apache.ratis.thirdparty.io.netty.channel.nio.NioEventLoop.processSelectedKey(NioEventLoop.java:776)
	at org.apache.ratis.thirdparty.io.netty.channel.nio.NioEventLoop.processSelectedKeysOptimized(NioEventLoop.java:724)
	at org.apache.ratis.thirdparty.io.netty.channel.nio.NioEventLoop.processSelectedKeys(NioEventLoop.java:650)
	at org.apache.ratis.thirdparty.io.netty.channel.nio.NioEventLoop.run(NioEventLoop.java:562)
	at org.apache.ratis.thirdparty.io.netty.util.concurrent.SingleThreadEventExecutor$4.run(SingleThreadEventExecutor.java:997)
	at org.apache.ratis.thirdparty.io.netty.util.internal.ThreadExecutorMap$2.run(ThreadExecutorMap.java:74)
	at java.base/java.lang.Thread.run(Thread.java:829)
2023-03-28 15:14:24,042 [NettyClientStreamRpc-workerGroup--thread3] WARN  client.NettyClientStreamRpc (NettyClientStreamRpc.java:scheduleReconnect(206)) - Connection-localhost/127.0.0.1:35501: org.apache.ratis.netty.client.NettyClientStreamRpc$Connection$1@4d176744 failed; schedule reconnecting to localhost/127.0.0.1:35501 in 100ms
2023-03-28 15:14:24,042 [NettyClientStreamRpc-workerGroup--thread3] WARN  client.NettyClientStreamRpc (NettyClientStreamRpc.java:scheduleReconnect(208)) - 
org.apache.ratis.thirdparty.io.netty.channel.AbstractChannel$AnnotatedConnectException: Connection refused: localhost/127.0.0.1:35501
Caused by: java.net.ConnectException: Connection refused
	at java.base/sun.nio.ch.SocketChannelImpl.checkConnect(Native Method)
	at java.base/sun.nio.ch.SocketChannelImpl.finishConnect(SocketChannelImpl.java:777)
	at org.apache.ratis.thirdparty.io.netty.channel.socket.nio.NioSocketChannel.doFinishConnect(NioSocketChannel.java:337)
	at org.apache.ratis.thirdparty.io.netty.channel.nio.AbstractNioChannel$AbstractNioUnsafe.finishConnect(AbstractNioChannel.java:334)
	at org.apache.ratis.thirdparty.io.netty.channel.nio.NioEventLoop.processSelectedKey(NioEventLoop.java:776)
	at org.apache.ratis.thirdparty.io.netty.channel.nio.NioEventLoop.processSelectedKeysOptimized(NioEventLoop.java:724)
	at org.apache.ratis.thirdparty.io.netty.channel.nio.NioEventLoop.processSelectedKeys(NioEventLoop.java:650)
	at org.apache.ratis.thirdparty.io.netty.channel.nio.NioEventLoop.run(NioEventLoop.java:562)
	at org.apache.ratis.thirdparty.io.netty.util.concurrent.SingleThreadEventExecutor$4.run(SingleThreadEventExecutor.java:997)
	at org.apache.ratis.thirdparty.io.netty.util.internal.ThreadExecutorMap$2.run(ThreadExecutorMap.java:74)
	at java.base/java.lang.Thread.run(Thread.java:829)
2023-03-28 15:14:24,044 [NettyClientStreamRpc-workerGroup--thread3] WARN  client.NettyClientStreamRpc (NettyClientStreamRpc.java:scheduleReconnect(206)) - Connection-localhost/127.0.0.1:35501: org.apache.ratis.netty.client.NettyClientStreamRpc$Connection$1@4ec33884 failed; schedule reconnecting to localhost/127.0.0.1:35501 in 100ms
2023-03-28 15:14:24,044 [NettyClientStreamRpc-workerGroup--thread3] WARN  client.NettyClientStreamRpc (NettyClientStreamRpc.java:scheduleReconnect(208)) - 
org.apache.ratis.thirdparty.io.netty.channel.AbstractChannel$AnnotatedConnectException: Connection refused: localhost/127.0.0.1:35501
Caused by: java.net.ConnectException: Connection refused
	at java.base/sun.nio.ch.SocketChannelImpl.checkConnect(Native Method)
	at java.base/sun.nio.ch.SocketChannelImpl.finishConnect(SocketChannelImpl.java:777)
	at org.apache.ratis.thirdparty.io.netty.channel.socket.nio.NioSocketChannel.doFinishConnect(NioSocketChannel.java:337)
	at org.apache.ratis.thirdparty.io.netty.channel.nio.AbstractNioChannel$AbstractNioUnsafe.finishConnect(AbstractNioChannel.java:334)
	at org.apache.ratis.thirdparty.io.netty.channel.nio.NioEventLoop.processSelectedKey(NioEventLoop.java:776)
	at org.apache.ratis.thirdparty.io.netty.channel.nio.NioEventLoop.processSelectedKeysOptimized(NioEventLoop.java:724)
	at org.apache.ratis.thirdparty.io.netty.channel.nio.NioEventLoop.processSelectedKeys(NioEventLoop.java:650)
	at org.apache.ratis.thirdparty.io.netty.channel.nio.NioEventLoop.run(NioEventLoop.java:562)
	at org.apache.ratis.thirdparty.io.netty.util.concurrent.SingleThreadEventExecutor$4.run(SingleThreadEventExecutor.java:997)
	at org.apache.ratis.thirdparty.io.netty.util.internal.ThreadExecutorMap$2.run(ThreadExecutorMap.java:74)
	at java.base/java.lang.Thread.run(Thread.java:829)
2023-03-28 15:14:24,045 [NettyClientStreamRpc-workerGroup--thread3] WARN  client.NettyClientStreamRpc (NettyClientStreamRpc.java:scheduleReconnect(206)) - Connection-localhost/127.0.0.1:35501: org.apache.ratis.netty.client.NettyClientStreamRpc$Connection$1@694a6efa failed; schedule reconnecting to localhost/127.0.0.1:35501 in 100ms
2023-03-28 15:14:24,045 [NettyClientStreamRpc-workerGroup--thread3] WARN  client.NettyClientStreamRpc (NettyClientStreamRpc.java:scheduleReconnect(208)) - 
org.apache.ratis.thirdparty.io.netty.channel.AbstractChannel$AnnotatedConnectException: Connection refused: localhost/127.0.0.1:35501
Caused by: java.net.ConnectException: Connection refused
	at java.base/sun.nio.ch.SocketChannelImpl.checkConnect(Native Method)
	at java.base/sun.nio.ch.SocketChannelImpl.finishConnect(SocketChannelImpl.java:777)
	at org.apache.ratis.thirdparty.io.netty.channel.socket.nio.NioSocketChannel.doFinishConnect(NioSocketChannel.java:337)
	at org.apache.ratis.thirdparty.io.netty.channel.nio.AbstractNioChannel$AbstractNioUnsafe.finishConnect(AbstractNioChannel.java:334)
	at org.apache.ratis.thirdparty.io.netty.channel.nio.NioEventLoop.processSelectedKey(NioEventLoop.java:776)
	at org.apache.ratis.thirdparty.io.netty.channel.nio.NioEventLoop.processSelectedKeysOptimized(NioEventLoop.java:724)
	at org.apache.ratis.thirdparty.io.netty.channel.nio.NioEventLoop.processSelectedKeys(NioEventLoop.java:650)
	at org.apache.ratis.thirdparty.io.netty.channel.nio.NioEventLoop.run(NioEventLoop.java:562)
	at org.apache.ratis.thirdparty.io.netty.util.concurrent.SingleThreadEventExecutor$4.run(SingleThreadEventExecutor.java:997)
	at org.apache.ratis.thirdparty.io.netty.util.internal.ThreadExecutorMap$2.run(ThreadExecutorMap.java:74)
	at java.base/java.lang.Thread.run(Thread.java:829)
2023-03-28 15:14:24,046 [NettyClientStreamRpc-workerGroup--thread3] WARN  client.NettyClientStreamRpc (NettyClientStreamRpc.java:scheduleReconnect(206)) - Connection-localhost/127.0.0.1:35501: org.apache.ratis.netty.client.NettyClientStreamRpc$Connection$1@5bed7017 failed; schedule reconnecting to localhost/127.0.0.1:35501 in 100ms
2023-03-28 15:14:24,046 [NettyClientStreamRpc-workerGroup--thread3] WARN  client.NettyClientStreamRpc (NettyClientStreamRpc.java:scheduleReconnect(208)) - 
org.apache.ratis.thirdparty.io.netty.channel.AbstractChannel$AnnotatedConnectException: Connection refused: localhost/127.0.0.1:35501
Caused by: java.net.ConnectException: Connection refused
	at java.base/sun.nio.ch.SocketChannelImpl.checkConnect(Native Method)
	at java.base/sun.nio.ch.SocketChannelImpl.finishConnect(SocketChannelImpl.java:777)
	at org.apache.ratis.thirdparty.io.netty.channel.socket.nio.NioSocketChannel.doFinishConnect(NioSocketChannel.java:337)
	at org.apache.ratis.thirdparty.io.netty.channel.nio.AbstractNioChannel$AbstractNioUnsafe.finishConnect(AbstractNioChannel.java:334)
	at org.apache.ratis.thirdparty.io.netty.channel.nio.NioEventLoop.processSelectedKey(NioEventLoop.java:776)
	at org.apache.ratis.thirdparty.io.netty.channel.nio.NioEventLoop.processSelectedKeysOptimized(NioEventLoop.java:724)
	at org.apache.ratis.thirdparty.io.netty.channel.nio.NioEventLoop.processSelectedKeys(NioEventLoop.java:650)
	at org.apache.ratis.thirdparty.io.netty.channel.nio.NioEventLoop.run(NioEventLoop.java:562)
	at org.apache.ratis.thirdparty.io.netty.util.concurrent.SingleThreadEventExecutor$4.run(SingleThreadEventExecutor.java:997)
	at org.apache.ratis.thirdparty.io.netty.util.internal.ThreadExecutorMap$2.run(ThreadExecutorMap.java:74)
	at java.base/java.lang.Thread.run(Thread.java:829)
2023-03-28 15:14:24,047 [NettyClientStreamRpc-workerGroup--thread3] WARN  client.NettyClientStreamRpc (NettyClientStreamRpc.java:scheduleReconnect(206)) - Connection-localhost/127.0.0.1:35501: org.apache.ratis.netty.client.NettyClientStreamRpc$Connection$1@3215a3a failed; schedule reconnecting to localhost/127.0.0.1:35501 in 100ms
2023-03-28 15:14:24,047 [NettyClientStreamRpc-workerGroup--thread3] WARN  client.NettyClientStreamRpc (NettyClientStreamRpc.java:scheduleReconnect(208)) - 
org.apache.ratis.thirdparty.io.netty.channel.AbstractChannel$AnnotatedConnectException: Connection refused: localhost/127.0.0.1:35501
Caused by: java.net.ConnectException: Connection refused
	at java.base/sun.nio.ch.SocketChannelImpl.checkConnect(Native Method)
	at java.base/sun.nio.ch.SocketChannelImpl.finishConnect(SocketChannelImpl.java:777)
	at org.apache.ratis.thirdparty.io.netty.channel.socket.nio.NioSocketChannel.doFinishConnect(NioSocketChannel.java:337)
	at org.apache.ratis.thirdparty.io.netty.channel.nio.AbstractNioChannel$AbstractNioUnsafe.finishConnect(AbstractNioChannel.java:334)
	at org.apache.ratis.thirdparty.io.netty.channel.nio.NioEventLoop.processSelectedKey(NioEventLoop.java:776)
	at org.apache.ratis.thirdparty.io.netty.channel.nio.NioEventLoop.processSelectedKeysOptimized(NioEventLoop.java:724)
	at org.apache.ratis.thirdparty.io.netty.channel.nio.NioEventLoop.processSelectedKeys(NioEventLoop.java:650)
	at org.apache.ratis.thirdparty.io.netty.channel.nio.NioEventLoop.run(NioEventLoop.java:562)
	at org.apache.ratis.thirdparty.io.netty.util.concurrent.SingleThreadEventExecutor$4.run(SingleThreadEventExecutor.java:997)
	at org.apache.ratis.thirdparty.io.netty.util.internal.ThreadExecutorMap$2.run(ThreadExecutorMap.java:74)
	at java.base/java.lang.Thread.run(Thread.java:829)
2023-03-28 15:14:24,048 [NettyClientStreamRpc-workerGroup--thread3] WARN  client.NettyClientStreamRpc (NettyClientStreamRpc.java:scheduleReconnect(206)) - Connection-localhost/127.0.0.1:35501: org.apache.ratis.netty.client.NettyClientStreamRpc$Connection$1@7b980de failed; schedule reconnecting to localhost/127.0.0.1:35501 in 100ms
2023-03-28 15:14:24,048 [NettyClientStreamRpc-workerGroup--thread3] WARN  client.NettyClientStreamRpc (NettyClientStreamRpc.java:scheduleReconnect(208)) - 
org.apache.ratis.thirdparty.io.netty.channel.AbstractChannel$AnnotatedConnectException: Connection refused: localhost/127.0.0.1:35501
Caused by: java.net.ConnectException: Connection refused
	at java.base/sun.nio.ch.SocketChannelImpl.checkConnect(Native Method)
	at java.base/sun.nio.ch.SocketChannelImpl.finishConnect(SocketChannelImpl.java:777)
	at org.apache.ratis.thirdparty.io.netty.channel.socket.nio.NioSocketChannel.doFinishConnect(NioSocketChannel.java:337)
	at org.apache.ratis.thirdparty.io.netty.channel.nio.AbstractNioChannel$AbstractNioUnsafe.finishConnect(AbstractNioChannel.java:334)
	at org.apache.ratis.thirdparty.io.netty.channel.nio.NioEventLoop.processSelectedKey(NioEventLoop.java:776)
	at org.apache.ratis.thirdparty.io.netty.channel.nio.NioEventLoop.processSelectedKeysOptimized(NioEventLoop.java:724)
	at org.apache.ratis.thirdparty.io.netty.channel.nio.NioEventLoop.processSelectedKeys(NioEventLoop.java:650)
	at org.apache.ratis.thirdparty.io.netty.channel.nio.NioEventLoop.run(NioEventLoop.java:562)
	at org.apache.ratis.thirdparty.io.netty.util.concurrent.SingleThreadEventExecutor$4.run(SingleThreadEventExecutor.java:997)
	at org.apache.ratis.thirdparty.io.netty.util.internal.ThreadExecutorMap$2.run(ThreadExecutorMap.java:74)
	at java.base/java.lang.Thread.run(Thread.java:829)
2023-03-28 15:14:24,049 [NettyClientStreamRpc-workerGroup--thread3] WARN  client.NettyClientStreamRpc (NettyClientStreamRpc.java:scheduleReconnect(206)) - Connection-localhost/127.0.0.1:35501: org.apache.ratis.netty.client.NettyClientStreamRpc$Connection$1@3f3ab686 failed; schedule reconnecting to localhost/127.0.0.1:35501 in 100ms
2023-03-28 15:14:24,049 [NettyClientStreamRpc-workerGroup--thread3] WARN  client.NettyClientStreamRpc (NettyClientStreamRpc.java:scheduleReconnect(208)) - 
org.apache.ratis.thirdparty.io.netty.channel.AbstractChannel$AnnotatedConnectException: Connection refused: localhost/127.0.0.1:35501
Caused by: java.net.ConnectException: Connection refused
	at java.base/sun.nio.ch.SocketChannelImpl.checkConnect(Native Method)
	at java.base/sun.nio.ch.SocketChannelImpl.finishConnect(SocketChannelImpl.java:777)
	at org.apache.ratis.thirdparty.io.netty.channel.socket.nio.NioSocketChannel.doFinishConnect(NioSocketChannel.java:337)
	at org.apache.ratis.thirdparty.io.netty.channel.nio.AbstractNioChannel$AbstractNioUnsafe.finishConnect(AbstractNioChannel.java:334)
	at org.apache.ratis.thirdparty.io.netty.channel.nio.NioEventLoop.processSelectedKey(NioEventLoop.java:776)
	at org.apache.ratis.thirdparty.io.netty.channel.nio.NioEventLoop.processSelectedKeysOptimized(NioEventLoop.java:724)
	at org.apache.ratis.thirdparty.io.netty.channel.nio.NioEventLoop.processSelectedKeys(NioEventLoop.java:650)
	at org.apache.ratis.thirdparty.io.netty.channel.nio.NioEventLoop.run(NioEventLoop.java:562)
	at org.apache.ratis.thirdparty.io.netty.util.concurrent.SingleThreadEventExecutor$4.run(SingleThreadEventExecutor.java:997)
	at org.apache.ratis.thirdparty.io.netty.util.internal.ThreadExecutorMap$2.run(ThreadExecutorMap.java:74)
	at java.base/java.lang.Thread.run(Thread.java:829)
2023-03-28 15:14:24,049 [NettyClientStreamRpc-workerGroup--thread3] WARN  client.NettyClientStreamRpc (NettyClientStreamRpc.java:scheduleReconnect(206)) - Connection-localhost/127.0.0.1:35501: org.apache.ratis.netty.client.NettyClientStreamRpc$Connection$1@190fc0bc failed; schedule reconnecting to localhost/127.0.0.1:35501 in 100ms
2023-03-28 15:14:24,050 [NettyClientStreamRpc-workerGroup--thread3] WARN  client.NettyClientStreamRpc (NettyClientStreamRpc.java:scheduleReconnect(208)) - 
org.apache.ratis.thirdparty.io.netty.channel.AbstractChannel$AnnotatedConnectException: Connection refused: localhost/127.0.0.1:35501
Caused by: java.net.ConnectException: Connection refused
	at java.base/sun.nio.ch.SocketChannelImpl.checkConnect(Native Method)
	at java.base/sun.nio.ch.SocketChannelImpl.finishConnect(SocketChannelImpl.java:777)
	at org.apache.ratis.thirdparty.io.netty.channel.socket.nio.NioSocketChannel.doFinishConnect(NioSocketChannel.java:337)
	at org.apache.ratis.thirdparty.io.netty.channel.nio.AbstractNioChannel$AbstractNioUnsafe.finishConnect(AbstractNioChannel.java:334)
	at org.apache.ratis.thirdparty.io.netty.channel.nio.NioEventLoop.processSelectedKey(NioEventLoop.java:776)
	at org.apache.ratis.thirdparty.io.netty.channel.nio.NioEventLoop.processSelectedKeysOptimized(NioEventLoop.java:724)
	at org.apache.ratis.thirdparty.io.netty.channel.nio.NioEventLoop.processSelectedKeys(NioEventLoop.java:650)
	at org.apache.ratis.thirdparty.io.netty.channel.nio.NioEventLoop.run(NioEventLoop.java:562)
	at org.apache.ratis.thirdparty.io.netty.util.concurrent.SingleThreadEventExecutor$4.run(SingleThreadEventExecutor.java:997)
	at org.apache.ratis.thirdparty.io.netty.util.internal.ThreadExecutorMap$2.run(ThreadExecutorMap.java:74)
	at java.base/java.lang.Thread.run(Thread.java:829)
2023-03-28 15:14:24,050 [NettyClientStreamRpc-workerGroup--thread3] WARN  client.NettyClientStreamRpc (NettyClientStreamRpc.java:scheduleReconnect(206)) - Connection-localhost/127.0.0.1:35501: org.apache.ratis.netty.client.NettyClientStreamRpc$Connection$1@709ddc58 failed; schedule reconnecting to localhost/127.0.0.1:35501 in 100ms
2023-03-28 15:14:24,050 [NettyClientStreamRpc-workerGroup--thread3] WARN  client.NettyClientStreamRpc (NettyClientStreamRpc.java:scheduleReconnect(208)) - 
org.apache.ratis.thirdparty.io.netty.channel.AbstractChannel$AnnotatedConnectException: Connection refused: localhost/127.0.0.1:35501
Caused by: java.net.ConnectException: Connection refused
	at java.base/sun.nio.ch.SocketChannelImpl.checkConnect(Native Method)
	at java.base/sun.nio.ch.SocketChannelImpl.finishConnect(SocketChannelImpl.java:777)
	at org.apache.ratis.thirdparty.io.netty.channel.socket.nio.NioSocketChannel.doFinishConnect(NioSocketChannel.java:337)
	at org.apache.ratis.thirdparty.io.netty.channel.nio.AbstractNioChannel$AbstractNioUnsafe.finishConnect(AbstractNioChannel.java:334)
	at org.apache.ratis.thirdparty.io.netty.channel.nio.NioEventLoop.processSelectedKey(NioEventLoop.java:776)
	at org.apache.ratis.thirdparty.io.netty.channel.nio.NioEventLoop.processSelectedKeysOptimized(NioEventLoop.java:724)
	at org.apache.ratis.thirdparty.io.netty.channel.nio.NioEventLoop.processSelectedKeys(NioEventLoop.java:650)
	at org.apache.ratis.thirdparty.io.netty.channel.nio.NioEventLoop.run(NioEventLoop.java:562)
	at org.apache.ratis.thirdparty.io.netty.util.concurrent.SingleThreadEventExecutor$4.run(SingleThreadEventExecutor.java:997)
	at org.apache.ratis.thirdparty.io.netty.util.internal.ThreadExecutorMap$2.run(ThreadExecutorMap.java:74)
	at java.base/java.lang.Thread.run(Thread.java:829)
2023-03-28 15:14:24,050 [NettyClientStreamRpc-workerGroup--thread3] WARN  client.NettyClientStreamRpc (NettyClientStreamRpc.java:scheduleReconnect(206)) - Connection-localhost/127.0.0.1:35501: org.apache.ratis.netty.client.NettyClientStreamRpc$Connection$1@5b14f62e failed; schedule reconnecting to localhost/127.0.0.1:35501 in 100ms
2023-03-28 15:14:24,051 [NettyClientStreamRpc-workerGroup--thread3] WARN  client.NettyClientStreamRpc (NettyClientStreamRpc.java:scheduleReconnect(208)) - 
org.apache.ratis.thirdparty.io.netty.channel.AbstractChannel$AnnotatedConnectException: Connection refused: localhost/127.0.0.1:35501
Caused by: java.net.ConnectException: Connection refused
	at java.base/sun.nio.ch.SocketChannelImpl.checkConnect(Native Method)
	at java.base/sun.nio.ch.SocketChannelImpl.finishConnect(SocketChannelImpl.java:777)
	at org.apache.ratis.thirdparty.io.netty.channel.socket.nio.NioSocketChannel.doFinishConnect(NioSocketChannel.java:337)
	at org.apache.ratis.thirdparty.io.netty.channel.nio.AbstractNioChannel$AbstractNioUnsafe.finishConnect(AbstractNioChannel.java:334)
	at org.apache.ratis.thirdparty.io.netty.channel.nio.NioEventLoop.processSelectedKey(NioEventLoop.java:776)
	at org.apache.ratis.thirdparty.io.netty.channel.nio.NioEventLoop.processSelectedKeysOptimized(NioEventLoop.java:724)
	at org.apache.ratis.thirdparty.io.netty.channel.nio.NioEventLoop.processSelectedKeys(NioEventLoop.java:650)
	at org.apache.ratis.thirdparty.io.netty.channel.nio.NioEventLoop.run(NioEventLoop.java:562)
	at org.apache.ratis.thirdparty.io.netty.util.concurrent.SingleThreadEventExecutor$4.run(SingleThreadEventExecutor.java:997)
	at org.apache.ratis.thirdparty.io.netty.util.internal.ThreadExecutorMap$2.run(ThreadExecutorMap.java:74)
	at java.base/java.lang.Thread.run(Thread.java:829)
2023-03-28 15:14:24,051 [NettyClientStreamRpc-workerGroup--thread3] WARN  client.NettyClientStreamRpc (NettyClientStreamRpc.java:scheduleReconnect(206)) - Connection-localhost/127.0.0.1:35501: org.apache.ratis.netty.client.NettyClientStreamRpc$Connection$1@17ad6244 failed; schedule reconnecting to localhost/127.0.0.1:35501 in 100ms
2023-03-28 15:14:24,051 [NettyClientStreamRpc-workerGroup--thread3] WARN  client.NettyClientStreamRpc (NettyClientStreamRpc.java:scheduleReconnect(208)) - 
org.apache.ratis.thirdparty.io.netty.channel.AbstractChannel$AnnotatedConnectException: Connection refused: localhost/127.0.0.1:35501
Caused by: java.net.ConnectException: Connection refused
	at java.base/sun.nio.ch.SocketChannelImpl.checkConnect(Native Method)
	at java.base/sun.nio.ch.SocketChannelImpl.finishConnect(SocketChannelImpl.java:777)
	at org.apache.ratis.thirdparty.io.netty.channel.socket.nio.NioSocketChannel.doFinishConnect(NioSocketChannel.java:337)
	at org.apache.ratis.thirdparty.io.netty.channel.nio.AbstractNioChannel$AbstractNioUnsafe.finishConnect(AbstractNioChannel.java:334)
	at org.apache.ratis.thirdparty.io.netty.channel.nio.NioEventLoop.processSelectedKey(NioEventLoop.java:776)
	at org.apache.ratis.thirdparty.io.netty.channel.nio.NioEventLoop.processSelectedKeysOptimized(NioEventLoop.java:724)
	at org.apache.ratis.thirdparty.io.netty.channel.nio.NioEventLoop.processSelectedKeys(NioEventLoop.java:650)
	at org.apache.ratis.thirdparty.io.netty.channel.nio.NioEventLoop.run(NioEventLoop.java:562)
	at org.apache.ratis.thirdparty.io.netty.util.concurrent.SingleThreadEventExecutor$4.run(SingleThreadEventExecutor.java:997)
	at org.apache.ratis.thirdparty.io.netty.util.internal.ThreadExecutorMap$2.run(ThreadExecutorMap.java:74)
	at java.base/java.lang.Thread.run(Thread.java:829)
2023-03-28 15:14:24,052 [NettyClientStreamRpc-workerGroup--thread3] WARN  client.NettyClientStreamRpc (NettyClientStreamRpc.java:scheduleReconnect(206)) - Connection-localhost/127.0.0.1:35501: org.apache.ratis.netty.client.NettyClientStreamRpc$Connection$1@21707062 failed; schedule reconnecting to localhost/127.0.0.1:35501 in 100ms
2023-03-28 15:14:24,052 [NettyClientStreamRpc-workerGroup--thread3] WARN  client.NettyClientStreamRpc (NettyClientStreamRpc.java:scheduleReconnect(208)) - 
org.apache.ratis.thirdparty.io.netty.channel.AbstractChannel$AnnotatedConnectException: Connection refused: localhost/127.0.0.1:35501
Caused by: java.net.ConnectException: Connection refused
	at java.base/sun.nio.ch.SocketChannelImpl.checkConnect(Native Method)
	at java.base/sun.nio.ch.SocketChannelImpl.finishConnect(SocketChannelImpl.java:777)
	at org.apache.ratis.thirdparty.io.netty.channel.socket.nio.NioSocketChannel.doFinishConnect(NioSocketChannel.java:337)
	at org.apache.ratis.thirdparty.io.netty.channel.nio.AbstractNioChannel$AbstractNioUnsafe.finishConnect(AbstractNioChannel.java:334)
	at org.apache.ratis.thirdparty.io.netty.channel.nio.NioEventLoop.processSelectedKey(NioEventLoop.java:776)
	at org.apache.ratis.thirdparty.io.netty.channel.nio.NioEventLoop.processSelectedKeysOptimized(NioEventLoop.java:724)
	at org.apache.ratis.thirdparty.io.netty.channel.nio.NioEventLoop.processSelectedKeys(NioEventLoop.java:650)
	at org.apache.ratis.thirdparty.io.netty.channel.nio.NioEventLoop.run(NioEventLoop.java:562)
	at org.apache.ratis.thirdparty.io.netty.util.concurrent.SingleThreadEventExecutor$4.run(SingleThreadEventExecutor.java:997)
	at org.apache.ratis.thirdparty.io.netty.util.internal.ThreadExecutorMap$2.run(ThreadExecutorMap.java:74)
	at java.base/java.lang.Thread.run(Thread.java:829)
2023-03-28 15:14:24,053 [NettyClientStreamRpc-workerGroup--thread3] WARN  client.NettyClientStreamRpc (NettyClientStreamRpc.java:scheduleReconnect(206)) - Connection-localhost/127.0.0.1:35501: org.apache.ratis.netty.client.NettyClientStreamRpc$Connection$1@59b11081 failed; schedule reconnecting to localhost/127.0.0.1:35501 in 100ms
2023-03-28 15:14:24,053 [NettyClientStreamRpc-workerGroup--thread3] WARN  client.NettyClientStreamRpc (NettyClientStreamRpc.java:scheduleReconnect(208)) - 
org.apache.ratis.thirdparty.io.netty.channel.AbstractChannel$AnnotatedConnectException: Connection refused: localhost/127.0.0.1:35501
Caused by: java.net.ConnectException: Connection refused
	at java.base/sun.nio.ch.SocketChannelImpl.checkConnect(Native Method)
	at java.base/sun.nio.ch.SocketChannelImpl.finishConnect(SocketChannelImpl.java:777)
	at org.apache.ratis.thirdparty.io.netty.channel.socket.nio.NioSocketChannel.doFinishConnect(NioSocketChannel.java:337)
	at org.apache.ratis.thirdparty.io.netty.channel.nio.AbstractNioChannel$AbstractNioUnsafe.finishConnect(AbstractNioChannel.java:334)
	at org.apache.ratis.thirdparty.io.netty.channel.nio.NioEventLoop.processSelectedKey(NioEventLoop.java:776)
	at org.apache.ratis.thirdparty.io.netty.channel.nio.NioEventLoop.processSelectedKeysOptimized(NioEventLoop.java:724)
	at org.apache.ratis.thirdparty.io.netty.channel.nio.NioEventLoop.processSelectedKeys(NioEventLoop.java:650)
	at org.apache.ratis.thirdparty.io.netty.channel.nio.NioEventLoop.run(NioEventLoop.java:562)
	at org.apache.ratis.thirdparty.io.netty.util.concurrent.SingleThreadEventExecutor$4.run(SingleThreadEventExecutor.java:997)
	at org.apache.ratis.thirdparty.io.netty.util.internal.ThreadExecutorMap$2.run(ThreadExecutorMap.java:74)
	at java.base/java.lang.Thread.run(Thread.java:829)
2023-03-28 15:14:24,053 [NettyClientStreamRpc-workerGroup--thread3] WARN  client.NettyClientStreamRpc (NettyClientStreamRpc.java:scheduleReconnect(206)) - Connection-localhost/127.0.0.1:35501: org.apache.ratis.netty.client.NettyClientStreamRpc$Connection$1@785e8f0 failed; schedule reconnecting to localhost/127.0.0.1:35501 in 100ms
2023-03-28 15:14:24,053 [NettyClientStreamRpc-workerGroup--thread3] WARN  client.NettyClientStreamRpc (NettyClientStreamRpc.java:scheduleReconnect(208)) - 
org.apache.ratis.thirdparty.io.netty.channel.AbstractChannel$AnnotatedConnectException: Connection refused: localhost/127.0.0.1:35501
Caused by: java.net.ConnectException: Connection refused
	at java.base/sun.nio.ch.SocketChannelImpl.checkConnect(Native Method)
	at java.base/sun.nio.ch.SocketChannelImpl.finishConnect(SocketChannelImpl.java:777)
	at org.apache.ratis.thirdparty.io.netty.channel.socket.nio.NioSocketChannel.doFinishConnect(NioSocketChannel.java:337)
	at org.apache.ratis.thirdparty.io.netty.channel.nio.AbstractNioChannel$AbstractNioUnsafe.finishConnect(AbstractNioChannel.java:334)
	at org.apache.ratis.thirdparty.io.netty.channel.nio.NioEventLoop.processSelectedKey(NioEventLoop.java:776)
	at org.apache.ratis.thirdparty.io.netty.channel.nio.NioEventLoop.processSelectedKeysOptimized(NioEventLoop.java:724)
	at org.apache.ratis.thirdparty.io.netty.channel.nio.NioEventLoop.processSelectedKeys(NioEventLoop.java:650)
	at org.apache.ratis.thirdparty.io.netty.channel.nio.NioEventLoop.run(NioEventLoop.java:562)
	at org.apache.ratis.thirdparty.io.netty.util.concurrent.SingleThreadEventExecutor$4.run(SingleThreadEventExecutor.java:997)
	at org.apache.ratis.thirdparty.io.netty.util.internal.ThreadExecutorMap$2.run(ThreadExecutorMap.java:74)
	at java.base/java.lang.Thread.run(Thread.java:829)
2023-03-28 15:14:24,056 [NettyClientStreamRpc-workerGroup--thread3] WARN  client.NettyClientStreamRpc (NettyClientStreamRpc.java:scheduleReconnect(206)) - Connection-localhost/127.0.0.1:35501: org.apache.ratis.netty.client.NettyClientStreamRpc$Connection$1@7d6c82c2 failed; schedule reconnecting to localhost/127.0.0.1:35501 in 100ms
2023-03-28 15:14:24,056 [NettyClientStreamRpc-workerGroup--thread3] WARN  client.NettyClientStreamRpc (NettyClientStreamRpc.java:scheduleReconnect(208)) - 
org.apache.ratis.thirdparty.io.netty.channel.AbstractChannel$AnnotatedConnectException: Connection refused: localhost/127.0.0.1:35501
Caused by: java.net.ConnectException: Connection refused
	at java.base/sun.nio.ch.SocketChannelImpl.checkConnect(Native Method)
	at java.base/sun.nio.ch.SocketChannelImpl.finishConnect(SocketChannelImpl.java:777)
	at org.apache.ratis.thirdparty.io.netty.channel.socket.nio.NioSocketChannel.doFinishConnect(NioSocketChannel.java:337)
	at org.apache.ratis.thirdparty.io.netty.channel.nio.AbstractNioChannel$AbstractNioUnsafe.finishConnect(AbstractNioChannel.java:334)
	at org.apache.ratis.thirdparty.io.netty.channel.nio.NioEventLoop.processSelectedKey(NioEventLoop.java:776)
	at org.apache.ratis.thirdparty.io.netty.channel.nio.NioEventLoop.processSelectedKeysOptimized(NioEventLoop.java:724)
	at org.apache.ratis.thirdparty.io.netty.channel.nio.NioEventLoop.processSelectedKeys(NioEventLoop.java:650)
	at org.apache.ratis.thirdparty.io.netty.channel.nio.NioEventLoop.run(NioEventLoop.java:562)
	at org.apache.ratis.thirdparty.io.netty.util.concurrent.SingleThreadEventExecutor$4.run(SingleThreadEventExecutor.java:997)
	at org.apache.ratis.thirdparty.io.netty.util.internal.ThreadExecutorMap$2.run(ThreadExecutorMap.java:74)
	at java.base/java.lang.Thread.run(Thread.java:829)
2023-03-28 15:14:24,056 [NettyClientStreamRpc-workerGroup--thread3] WARN  client.NettyClientStreamRpc (NettyClientStreamRpc.java:scheduleReconnect(206)) - Connection-localhost/127.0.0.1:35501: org.apache.ratis.netty.client.NettyClientStreamRpc$Connection$1@70c6882a failed; schedule reconnecting to localhost/127.0.0.1:35501 in 100ms
2023-03-28 15:14:24,056 [NettyClientStreamRpc-workerGroup--thread3] WARN  client.NettyClientStreamRpc (NettyClientStreamRpc.java:scheduleReconnect(208)) - 
org.apache.ratis.thirdparty.io.netty.channel.AbstractChannel$AnnotatedConnectException: Connection refused: localhost/127.0.0.1:35501
Caused by: java.net.ConnectException: Connection refused
	at java.base/sun.nio.ch.SocketChannelImpl.checkConnect(Native Method)
	at java.base/sun.nio.ch.SocketChannelImpl.finishConnect(SocketChannelImpl.java:777)
	at org.apache.ratis.thirdparty.io.netty.channel.socket.nio.NioSocketChannel.doFinishConnect(NioSocketChannel.java:337)
	at org.apache.ratis.thirdparty.io.netty.channel.nio.AbstractNioChannel$AbstractNioUnsafe.finishConnect(AbstractNioChannel.java:334)
	at org.apache.ratis.thirdparty.io.netty.channel.nio.NioEventLoop.processSelectedKey(NioEventLoop.java:776)
	at org.apache.ratis.thirdparty.io.netty.channel.nio.NioEventLoop.processSelectedKeysOptimized(NioEventLoop.java:724)
	at org.apache.ratis.thirdparty.io.netty.channel.nio.NioEventLoop.processSelectedKeys(NioEventLoop.java:650)
	at org.apache.ratis.thirdparty.io.netty.channel.nio.NioEventLoop.run(NioEventLoop.java:562)
	at org.apache.ratis.thirdparty.io.netty.util.concurrent.SingleThreadEventExecutor$4.run(SingleThreadEventExecutor.java:997)
	at org.apache.ratis.thirdparty.io.netty.util.internal.ThreadExecutorMap$2.run(ThreadExecutorMap.java:74)
	at java.base/java.lang.Thread.run(Thread.java:829)
2023-03-28 15:14:24,056 [NettyClientStreamRpc-workerGroup--thread3] WARN  client.NettyClientStreamRpc (NettyClientStreamRpc.java:scheduleReconnect(206)) - Connection-localhost/127.0.0.1:35501: org.apache.ratis.netty.client.NettyClientStreamRpc$Connection$1@49e64489 failed; schedule reconnecting to localhost/127.0.0.1:35501 in 100ms
2023-03-28 15:14:24,057 [NettyClientStreamRpc-workerGroup--thread3] WARN  client.NettyClientStreamRpc (NettyClientStreamRpc.java:scheduleReconnect(208)) - 
org.apache.ratis.thirdparty.io.netty.channel.AbstractChannel$AnnotatedConnectException: Connection refused: localhost/127.0.0.1:35501
Caused by: java.net.ConnectException: Connection refused
	at java.base/sun.nio.ch.SocketChannelImpl.checkConnect(Native Method)
	at java.base/sun.nio.ch.SocketChannelImpl.finishConnect(SocketChannelImpl.java:777)
	at org.apache.ratis.thirdparty.io.netty.channel.socket.nio.NioSocketChannel.doFinishConnect(NioSocketChannel.java:337)
	at org.apache.ratis.thirdparty.io.netty.channel.nio.AbstractNioChannel$AbstractNioUnsafe.finishConnect(AbstractNioChannel.java:334)
	at org.apache.ratis.thirdparty.io.netty.channel.nio.NioEventLoop.processSelectedKey(NioEventLoop.java:776)
	at org.apache.ratis.thirdparty.io.netty.channel.nio.NioEventLoop.processSelectedKeysOptimized(NioEventLoop.java:724)
	at org.apache.ratis.thirdparty.io.netty.channel.nio.NioEventLoop.processSelectedKeys(NioEventLoop.java:650)
	at org.apache.ratis.thirdparty.io.netty.channel.nio.NioEventLoop.run(NioEventLoop.java:562)
	at org.apache.ratis.thirdparty.io.netty.util.concurrent.SingleThreadEventExecutor$4.run(SingleThreadEventExecutor.java:997)
	at org.apache.ratis.thirdparty.io.netty.util.internal.ThreadExecutorMap$2.run(ThreadExecutorMap.java:74)
	at java.base/java.lang.Thread.run(Thread.java:829)
2023-03-28 15:14:24,060 [NettyClientStreamRpc-workerGroup--thread3] WARN  client.NettyClientStreamRpc (NettyClientStreamRpc.java:scheduleReconnect(206)) - Connection-localhost/127.0.0.1:35501: org.apache.ratis.netty.client.NettyClientStreamRpc$Connection$1@ffb6e4c failed; schedule reconnecting to localhost/127.0.0.1:35501 in 100ms
2023-03-28 15:14:24,060 [NettyClientStreamRpc-workerGroup--thread3] WARN  client.NettyClientStreamRpc (NettyClientStreamRpc.java:scheduleReconnect(208)) - 
org.apache.ratis.thirdparty.io.netty.channel.AbstractChannel$AnnotatedConnectException: Connection refused: localhost/127.0.0.1:35501
Caused by: java.net.ConnectException: Connection refused
	at java.base/sun.nio.ch.SocketChannelImpl.checkConnect(Native Method)
	at java.base/sun.nio.ch.SocketChannelImpl.finishConnect(SocketChannelImpl.java:777)
	at org.apache.ratis.thirdparty.io.netty.channel.socket.nio.NioSocketChannel.doFinishConnect(NioSocketChannel.java:337)
	at org.apache.ratis.thirdparty.io.netty.channel.nio.AbstractNioChannel$AbstractNioUnsafe.finishConnect(AbstractNioChannel.java:334)
	at org.apache.ratis.thirdparty.io.netty.channel.nio.NioEventLoop.processSelectedKey(NioEventLoop.java:776)
	at org.apache.ratis.thirdparty.io.netty.channel.nio.NioEventLoop.processSelectedKeysOptimized(NioEventLoop.java:724)
	at org.apache.ratis.thirdparty.io.netty.channel.nio.NioEventLoop.processSelectedKeys(NioEventLoop.java:650)
	at org.apache.ratis.thirdparty.io.netty.channel.nio.NioEventLoop.run(NioEventLoop.java:562)
	at org.apache.ratis.thirdparty.io.netty.util.concurrent.SingleThreadEventExecutor$4.run(SingleThreadEventExecutor.java:997)
	at org.apache.ratis.thirdparty.io.netty.util.internal.ThreadExecutorMap$2.run(ThreadExecutorMap.java:74)
	at java.base/java.lang.Thread.run(Thread.java:829)
2023-03-28 15:14:24,065 [NettyClientStreamRpc-workerGroup--thread3] WARN  client.NettyClientStreamRpc (NettyClientStreamRpc.java:scheduleReconnect(206)) - Connection-localhost/127.0.0.1:35501: org.apache.ratis.netty.client.NettyClientStreamRpc$Connection$1@15a9f3d3 failed; schedule reconnecting to localhost/127.0.0.1:35501 in 100ms
2023-03-28 15:14:24,065 [NettyClientStreamRpc-workerGroup--thread3] WARN  client.NettyClientStreamRpc (NettyClientStreamRpc.java:scheduleReconnect(208)) - 
org.apache.ratis.thirdparty.io.netty.channel.AbstractChannel$AnnotatedConnectException: Connection refused: localhost/127.0.0.1:35501
Caused by: java.net.ConnectException: Connection refused
	at java.base/sun.nio.ch.SocketChannelImpl.checkConnect(Native Method)
	at java.base/sun.nio.ch.SocketChannelImpl.finishConnect(SocketChannelImpl.java:777)
	at org.apache.ratis.thirdparty.io.netty.channel.socket.nio.NioSocketChannel.doFinishConnect(NioSocketChannel.java:337)
	at org.apache.ratis.thirdparty.io.netty.channel.nio.AbstractNioChannel$AbstractNioUnsafe.finishConnect(AbstractNioChannel.java:334)
	at org.apache.ratis.thirdparty.io.netty.channel.nio.NioEventLoop.processSelectedKey(NioEventLoop.java:776)
	at org.apache.ratis.thirdparty.io.netty.channel.nio.NioEventLoop.processSelectedKeysOptimized(NioEventLoop.java:724)
	at org.apache.ratis.thirdparty.io.netty.channel.nio.NioEventLoop.processSelectedKeys(NioEventLoop.java:650)
	at org.apache.ratis.thirdparty.io.netty.channel.nio.NioEventLoop.run(NioEventLoop.java:562)
	at org.apache.ratis.thirdparty.io.netty.util.concurrent.SingleThreadEventExecutor$4.run(SingleThreadEventExecutor.java:997)
	at org.apache.ratis.thirdparty.io.netty.util.internal.ThreadExecutorMap$2.run(ThreadExecutorMap.java:74)
	at java.base/java.lang.Thread.run(Thread.java:829)
2023-03-28 15:14:24,126 [Thread-1281] WARN  util.PeerProxyMap (PeerProxyMap.java:closeProxy(179)) - s1-NettyServerStreamRpc: Failed to close proxy for peer s2|rpc:localhost:39003|admin:localhost:43283|client:localhost:38251|dataStream:localhost:44179|priority:0|startupRole:FOLLOWER, proxy class: class org.apache.ratis.client.impl.DataStreamClientImpl
org.apache.ratis.thirdparty.io.netty.channel.AbstractChannel$AnnotatedConnectException: Connection refused: localhost/127.0.0.1:44179
Caused by: java.net.ConnectException: Connection refused
	at java.base/sun.nio.ch.SocketChannelImpl.checkConnect(Native Method)
	at java.base/sun.nio.ch.SocketChannelImpl.finishConnect(SocketChannelImpl.java:777)
	at org.apache.ratis.thirdparty.io.netty.channel.socket.nio.NioSocketChannel.doFinishConnect(NioSocketChannel.java:337)
	at org.apache.ratis.thirdparty.io.netty.channel.nio.AbstractNioChannel$AbstractNioUnsafe.finishConnect(AbstractNioChannel.java:334)
	at org.apache.ratis.thirdparty.io.netty.channel.nio.NioEventLoop.processSelectedKey(NioEventLoop.java:776)
	at org.apache.ratis.thirdparty.io.netty.channel.nio.NioEventLoop.processSelectedKeysOptimized(NioEventLoop.java:724)
	at org.apache.ratis.thirdparty.io.netty.channel.nio.NioEventLoop.processSelectedKeys(NioEventLoop.java:650)
	at org.apache.ratis.thirdparty.io.netty.channel.nio.NioEventLoop.run(NioEventLoop.java:562)
	at org.apache.ratis.thirdparty.io.netty.util.concurrent.SingleThreadEventExecutor$4.run(SingleThreadEventExecutor.java:997)
	at org.apache.ratis.thirdparty.io.netty.util.internal.ThreadExecutorMap$2.run(ThreadExecutorMap.java:74)
	at java.base/java.lang.Thread.run(Thread.java:829)
2023-03-28 15:14:24,125 [Thread-1261] WARN  util.PeerProxyMap (PeerProxyMap.java:closeProxy(179)) - s1-NettyServerStreamRpc: Failed to close proxy for peer s0|rpc:localhost:39189|admin:localhost:46309|client:localhost:42931|dataStream:localhost:35501|priority:0|startupRole:FOLLOWER, proxy class: class org.apache.ratis.client.impl.DataStreamClientImpl
org.apache.ratis.thirdparty.io.netty.channel.AbstractChannel$AnnotatedConnectException: Connection refused: localhost/127.0.0.1:35501
Caused by: java.net.ConnectException: Connection refused
	at java.base/sun.nio.ch.SocketChannelImpl.checkConnect(Native Method)
	at java.base/sun.nio.ch.SocketChannelImpl.finishConnect(SocketChannelImpl.java:777)
	at org.apache.ratis.thirdparty.io.netty.channel.socket.nio.NioSocketChannel.doFinishConnect(NioSocketChannel.java:337)
	at org.apache.ratis.thirdparty.io.netty.channel.nio.AbstractNioChannel$AbstractNioUnsafe.finishConnect(AbstractNioChannel.java:334)
	at org.apache.ratis.thirdparty.io.netty.channel.nio.NioEventLoop.processSelectedKey(NioEventLoop.java:776)
	at org.apache.ratis.thirdparty.io.netty.channel.nio.NioEventLoop.processSelectedKeysOptimized(NioEventLoop.java:724)
	at org.apache.ratis.thirdparty.io.netty.channel.nio.NioEventLoop.processSelectedKeys(NioEventLoop.java:650)
	at org.apache.ratis.thirdparty.io.netty.channel.nio.NioEventLoop.run(NioEventLoop.java:562)
	at org.apache.ratis.thirdparty.io.netty.util.concurrent.SingleThreadEventExecutor$4.run(SingleThreadEventExecutor.java:997)
	at org.apache.ratis.thirdparty.io.netty.util.internal.ThreadExecutorMap$2.run(ThreadExecutorMap.java:74)
	at java.base/java.lang.Thread.run(Thread.java:829)
2023-03-28 15:14:24,125 [NettyClientStreamRpc-workerGroup--thread3] WARN  client.NettyClientStreamRpc (NettyClientStreamRpc.java:scheduleReconnect(206)) - Connection-localhost/127.0.0.1:44179: org.apache.ratis.netty.client.NettyClientStreamRpc$Connection$1@5a86ed6b failed; schedule reconnecting to localhost/127.0.0.1:44179 in 100ms
2023-03-28 15:14:24,157 [NettyClientStreamRpc-workerGroup--thread3] WARN  client.NettyClientStreamRpc (NettyClientStreamRpc.java:scheduleReconnect(208)) - 
org.apache.ratis.thirdparty.io.netty.channel.AbstractChannel$AnnotatedConnectException: Connection refused: localhost/127.0.0.1:44179
Caused by: java.net.ConnectException: Connection refused
	at java.base/sun.nio.ch.SocketChannelImpl.checkConnect(Native Method)
	at java.base/sun.nio.ch.SocketChannelImpl.finishConnect(SocketChannelImpl.java:777)
	at org.apache.ratis.thirdparty.io.netty.channel.socket.nio.NioSocketChannel.doFinishConnect(NioSocketChannel.java:337)
	at org.apache.ratis.thirdparty.io.netty.channel.nio.AbstractNioChannel$AbstractNioUnsafe.finishConnect(AbstractNioChannel.java:334)
	at org.apache.ratis.thirdparty.io.netty.channel.nio.NioEventLoop.processSelectedKey(NioEventLoop.java:776)
	at org.apache.ratis.thirdparty.io.netty.channel.nio.NioEventLoop.processSelectedKeysOptimized(NioEventLoop.java:724)
	at org.apache.ratis.thirdparty.io.netty.channel.nio.NioEventLoop.processSelectedKeys(NioEventLoop.java:650)
	at org.apache.ratis.thirdparty.io.netty.channel.nio.NioEventLoop.run(NioEventLoop.java:562)
	at org.apache.ratis.thirdparty.io.netty.util.concurrent.SingleThreadEventExecutor$4.run(SingleThreadEventExecutor.java:997)
	at org.apache.ratis.thirdparty.io.netty.util.internal.ThreadExecutorMap$2.run(ThreadExecutorMap.java:74)
	at java.base/java.lang.Thread.run(Thread.java:829)
2023-03-28 15:14:24,125 [NettyClientStreamRpc-workerGroup--thread3] WARN  client.NettyClientStreamRpc (NettyClientStreamRpc.java:scheduleReconnect(206)) - Connection-localhost/127.0.0.1:44179: org.apache.ratis.netty.client.NettyClientStreamRpc$Connection$1@394abf76 failed; schedule reconnecting to localhost/127.0.0.1:44179 in 100ms
2023-03-28 15:14:24,157 [NettyClientStreamRpc-workerGroup--thread3] WARN  client.NettyClientStreamRpc (NettyClientStreamRpc.java:scheduleReconnect(208)) - 
org.apache.ratis.thirdparty.io.netty.channel.AbstractChannel$AnnotatedConnectException: Connection refused: localhost/127.0.0.1:44179
Caused by: java.net.ConnectException: Connection refused
	at java.base/sun.nio.ch.SocketChannelImpl.checkConnect(Native Method)
	at java.base/sun.nio.ch.SocketChannelImpl.finishConnect(SocketChannelImpl.java:777)
	at org.apache.ratis.thirdparty.io.netty.channel.socket.nio.NioSocketChannel.doFinishConnect(NioSocketChannel.java:337)
	at org.apache.ratis.thirdparty.io.netty.channel.nio.AbstractNioChannel$AbstractNioUnsafe.finishConnect(AbstractNioChannel.java:334)
	at org.apache.ratis.thirdparty.io.netty.channel.nio.NioEventLoop.processSelectedKey(NioEventLoop.java:776)
	at org.apache.ratis.thirdparty.io.netty.channel.nio.NioEventLoop.processSelectedKeysOptimized(NioEventLoop.java:724)
	at org.apache.ratis.thirdparty.io.netty.channel.nio.NioEventLoop.processSelectedKeys(NioEventLoop.java:650)
	at org.apache.ratis.thirdparty.io.netty.channel.nio.NioEventLoop.run(NioEventLoop.java:562)
	at org.apache.ratis.thirdparty.io.netty.util.concurrent.SingleThreadEventExecutor$4.run(SingleThreadEventExecutor.java:997)
	at org.apache.ratis.thirdparty.io.netty.util.internal.ThreadExecutorMap$2.run(ThreadExecutorMap.java:74)
	at java.base/java.lang.Thread.run(Thread.java:829)
2023-03-28 15:14:24,124 [NettyClientStreamRpc-workerGroup--thread3] WARN  client.NettyClientStreamRpc (NettyClientStreamRpc.java:scheduleReconnect(206)) - Connection-localhost/127.0.0.1:44179: org.apache.ratis.netty.client.NettyClientStreamRpc$Connection$1@2a2e4cb1 failed; schedule reconnecting to localhost/127.0.0.1:44179 in 100ms
2023-03-28 15:14:24,162 [NettyClientStreamRpc-workerGroup--thread3] WARN  client.NettyClientStreamRpc (NettyClientStreamRpc.java:scheduleReconnect(208)) - 
org.apache.ratis.thirdparty.io.netty.channel.AbstractChannel$AnnotatedConnectException: Connection refused: localhost/127.0.0.1:44179
Caused by: java.net.ConnectException: Connection refused
	at java.base/sun.nio.ch.SocketChannelImpl.checkConnect(Native Method)
	at java.base/sun.nio.ch.SocketChannelImpl.finishConnect(SocketChannelImpl.java:777)
	at org.apache.ratis.thirdparty.io.netty.channel.socket.nio.NioSocketChannel.doFinishConnect(NioSocketChannel.java:337)
	at org.apache.ratis.thirdparty.io.netty.channel.nio.AbstractNioChannel$AbstractNioUnsafe.finishConnect(AbstractNioChannel.java:334)
	at org.apache.ratis.thirdparty.io.netty.channel.nio.NioEventLoop.processSelectedKey(NioEventLoop.java:776)
	at org.apache.ratis.thirdparty.io.netty.channel.nio.NioEventLoop.processSelectedKeysOptimized(NioEventLoop.java:724)
	at org.apache.ratis.thirdparty.io.netty.channel.nio.NioEventLoop.processSelectedKeys(NioEventLoop.java:650)
	at org.apache.ratis.thirdparty.io.netty.channel.nio.NioEventLoop.run(NioEventLoop.java:562)
	at org.apache.ratis.thirdparty.io.netty.util.concurrent.SingleThreadEventExecutor$4.run(SingleThreadEventExecutor.java:997)
	at org.apache.ratis.thirdparty.io.netty.util.internal.ThreadExecutorMap$2.run(ThreadExecutorMap.java:74)
	at java.base/java.lang.Thread.run(Thread.java:829)
2023-03-28 15:14:24,123 [NettyClientStreamRpc-workerGroup--thread3] WARN  client.NettyClientStreamRpc (NettyClientStreamRpc.java:scheduleReconnect(206)) - Connection-localhost/127.0.0.1:44179: org.apache.ratis.netty.client.NettyClientStreamRpc$Connection$1@2130d4a1 failed; schedule reconnecting to localhost/127.0.0.1:44179 in 100ms
2023-03-28 15:14:24,162 [NettyClientStreamRpc-workerGroup--thread3] WARN  client.NettyClientStreamRpc (NettyClientStreamRpc.java:scheduleReconnect(208)) - 
org.apache.ratis.thirdparty.io.netty.channel.AbstractChannel$AnnotatedConnectException: Connection refused: localhost/127.0.0.1:44179
Caused by: java.net.ConnectException: Connection refused
	at java.base/sun.nio.ch.SocketChannelImpl.checkConnect(Native Method)
	at java.base/sun.nio.ch.SocketChannelImpl.finishConnect(SocketChannelImpl.java:777)
	at org.apache.ratis.thirdparty.io.netty.channel.socket.nio.NioSocketChannel.doFinishConnect(NioSocketChannel.java:337)
	at org.apache.ratis.thirdparty.io.netty.channel.nio.AbstractNioChannel$AbstractNioUnsafe.finishConnect(AbstractNioChannel.java:334)
	at org.apache.ratis.thirdparty.io.netty.channel.nio.NioEventLoop.processSelectedKey(NioEventLoop.java:776)
	at org.apache.ratis.thirdparty.io.netty.channel.nio.NioEventLoop.processSelectedKeysOptimized(NioEventLoop.java:724)
	at org.apache.ratis.thirdparty.io.netty.channel.nio.NioEventLoop.processSelectedKeys(NioEventLoop.java:650)
	at org.apache.ratis.thirdparty.io.netty.channel.nio.NioEventLoop.run(NioEventLoop.java:562)
	at org.apache.ratis.thirdparty.io.netty.util.concurrent.SingleThreadEventExecutor$4.run(SingleThreadEventExecutor.java:997)
	at org.apache.ratis.thirdparty.io.netty.util.internal.ThreadExecutorMap$2.run(ThreadExecutorMap.java:74)
	at java.base/java.lang.Thread.run(Thread.java:829)
2023-03-28 15:14:24,122 [NettyClientStreamRpc-workerGroup--thread3] WARN  client.NettyClientStreamRpc (NettyClientStreamRpc.java:scheduleReconnect(206)) - Connection-localhost/127.0.0.1:44179: org.apache.ratis.netty.client.NettyClientStreamRpc$Connection$1@7e36b56c failed; schedule reconnecting to localhost/127.0.0.1:44179 in 100ms
2023-03-28 15:14:24,162 [NettyClientStreamRpc-workerGroup--thread3] WARN  client.NettyClientStreamRpc (NettyClientStreamRpc.java:scheduleReconnect(208)) - 
org.apache.ratis.thirdparty.io.netty.channel.AbstractChannel$AnnotatedConnectException: Connection refused: localhost/127.0.0.1:44179
Caused by: java.net.ConnectException: Connection refused
	at java.base/sun.nio.ch.SocketChannelImpl.checkConnect(Native Method)
	at java.base/sun.nio.ch.SocketChannelImpl.finishConnect(SocketChannelImpl.java:777)
	at org.apache.ratis.thirdparty.io.netty.channel.socket.nio.NioSocketChannel.doFinishConnect(NioSocketChannel.java:337)
	at org.apache.ratis.thirdparty.io.netty.channel.nio.AbstractNioChannel$AbstractNioUnsafe.finishConnect(AbstractNioChannel.java:334)
	at org.apache.ratis.thirdparty.io.netty.channel.nio.NioEventLoop.processSelectedKey(NioEventLoop.java:776)
	at org.apache.ratis.thirdparty.io.netty.channel.nio.NioEventLoop.processSelectedKeysOptimized(NioEventLoop.java:724)
	at org.apache.ratis.thirdparty.io.netty.channel.nio.NioEventLoop.processSelectedKeys(NioEventLoop.java:650)
	at org.apache.ratis.thirdparty.io.netty.channel.nio.NioEventLoop.run(NioEventLoop.java:562)
	at org.apache.ratis.thirdparty.io.netty.util.concurrent.SingleThreadEventExecutor$4.run(SingleThreadEventExecutor.java:997)
	at org.apache.ratis.thirdparty.io.netty.util.internal.ThreadExecutorMap$2.run(ThreadExecutorMap.java:74)
	at java.base/java.lang.Thread.run(Thread.java:829)
2023-03-28 15:14:24,121 [NettyClientStreamRpc-workerGroup--thread3] WARN  client.NettyClientStreamRpc (NettyClientStreamRpc.java:scheduleReconnect(206)) - Connection-localhost/127.0.0.1:44179: org.apache.ratis.netty.client.NettyClientStreamRpc$Connection$1@212cca4c failed; schedule reconnecting to localhost/127.0.0.1:44179 in 100ms
2023-03-28 15:14:24,163 [NettyClientStreamRpc-workerGroup--thread3] WARN  client.NettyClientStreamRpc (NettyClientStreamRpc.java:scheduleReconnect(208)) - 
org.apache.ratis.thirdparty.io.netty.channel.AbstractChannel$AnnotatedConnectException: Connection refused: localhost/127.0.0.1:44179
Caused by: java.net.ConnectException: Connection refused
	at java.base/sun.nio.ch.SocketChannelImpl.checkConnect(Native Method)
	at java.base/sun.nio.ch.SocketChannelImpl.finishConnect(SocketChannelImpl.java:777)
	at org.apache.ratis.thirdparty.io.netty.channel.socket.nio.NioSocketChannel.doFinishConnect(NioSocketChannel.java:337)
	at org.apache.ratis.thirdparty.io.netty.channel.nio.AbstractNioChannel$AbstractNioUnsafe.finishConnect(AbstractNioChannel.java:334)
	at org.apache.ratis.thirdparty.io.netty.channel.nio.NioEventLoop.processSelectedKey(NioEventLoop.java:776)
	at org.apache.ratis.thirdparty.io.netty.channel.nio.NioEventLoop.processSelectedKeysOptimized(NioEventLoop.java:724)
	at org.apache.ratis.thirdparty.io.netty.channel.nio.NioEventLoop.processSelectedKeys(NioEventLoop.java:650)
	at org.apache.ratis.thirdparty.io.netty.channel.nio.NioEventLoop.run(NioEventLoop.java:562)
	at org.apache.ratis.thirdparty.io.netty.util.concurrent.SingleThreadEventExecutor$4.run(SingleThreadEventExecutor.java:997)
	at org.apache.ratis.thirdparty.io.netty.util.internal.ThreadExecutorMap$2.run(ThreadExecutorMap.java:74)
	at java.base/java.lang.Thread.run(Thread.java:829)
2023-03-28 15:14:24,121 [NettyClientStreamRpc-workerGroup--thread3] WARN  client.NettyClientStreamRpc (NettyClientStreamRpc.java:scheduleReconnect(206)) - Connection-localhost/127.0.0.1:44179: org.apache.ratis.netty.client.NettyClientStreamRpc$Connection$1@4e4bbf00 failed; schedule reconnecting to localhost/127.0.0.1:44179 in 100ms
2023-03-28 15:14:24,163 [NettyClientStreamRpc-workerGroup--thread3] WARN  client.NettyClientStreamRpc (NettyClientStreamRpc.java:scheduleReconnect(208)) - 
org.apache.ratis.thirdparty.io.netty.channel.AbstractChannel$AnnotatedConnectException: Connection refused: localhost/127.0.0.1:44179
Caused by: java.net.ConnectException: Connection refused
	at java.base/sun.nio.ch.SocketChannelImpl.checkConnect(Native Method)
	at java.base/sun.nio.ch.SocketChannelImpl.finishConnect(SocketChannelImpl.java:777)
	at org.apache.ratis.thirdparty.io.netty.channel.socket.nio.NioSocketChannel.doFinishConnect(NioSocketChannel.java:337)
	at org.apache.ratis.thirdparty.io.netty.channel.nio.AbstractNioChannel$AbstractNioUnsafe.finishConnect(AbstractNioChannel.java:334)
	at org.apache.ratis.thirdparty.io.netty.channel.nio.NioEventLoop.processSelectedKey(NioEventLoop.java:776)
	at org.apache.ratis.thirdparty.io.netty.channel.nio.NioEventLoop.processSelectedKeysOptimized(NioEventLoop.java:724)
	at org.apache.ratis.thirdparty.io.netty.channel.nio.NioEventLoop.processSelectedKeys(NioEventLoop.java:650)
	at org.apache.ratis.thirdparty.io.netty.channel.nio.NioEventLoop.run(NioEventLoop.java:562)
	at org.apache.ratis.thirdparty.io.netty.util.concurrent.SingleThreadEventExecutor$4.run(SingleThreadEventExecutor.java:997)
	at org.apache.ratis.thirdparty.io.netty.util.internal.ThreadExecutorMap$2.run(ThreadExecutorMap.java:74)
	at java.base/java.lang.Thread.run(Thread.java:829)
2023-03-28 15:14:24,120 [NettyClientStreamRpc-workerGroup--thread3] WARN  client.NettyClientStreamRpc (NettyClientStreamRpc.java:scheduleReconnect(206)) - Connection-localhost/127.0.0.1:44179: org.apache.ratis.netty.client.NettyClientStreamRpc$Connection$1@6f106229 failed; schedule reconnecting to localhost/127.0.0.1:44179 in 100ms
2023-03-28 15:14:24,163 [NettyClientStreamRpc-workerGroup--thread3] WARN  client.NettyClientStreamRpc (NettyClientStreamRpc.java:scheduleReconnect(208)) - 
org.apache.ratis.thirdparty.io.netty.channel.AbstractChannel$AnnotatedConnectException: Connection refused: localhost/127.0.0.1:44179
Caused by: java.net.ConnectException: Connection refused
	at java.base/sun.nio.ch.SocketChannelImpl.checkConnect(Native Method)
	at java.base/sun.nio.ch.SocketChannelImpl.finishConnect(SocketChannelImpl.java:777)
	at org.apache.ratis.thirdparty.io.netty.channel.socket.nio.NioSocketChannel.doFinishConnect(NioSocketChannel.java:337)
	at org.apache.ratis.thirdparty.io.netty.channel.nio.AbstractNioChannel$AbstractNioUnsafe.finishConnect(AbstractNioChannel.java:334)
	at org.apache.ratis.thirdparty.io.netty.channel.nio.NioEventLoop.processSelectedKey(NioEventLoop.java:776)
	at org.apache.ratis.thirdparty.io.netty.channel.nio.NioEventLoop.processSelectedKeysOptimized(NioEventLoop.java:724)
	at org.apache.ratis.thirdparty.io.netty.channel.nio.NioEventLoop.processSelectedKeys(NioEventLoop.java:650)
	at org.apache.ratis.thirdparty.io.netty.channel.nio.NioEventLoop.run(NioEventLoop.java:562)
	at org.apache.ratis.thirdparty.io.netty.util.concurrent.SingleThreadEventExecutor$4.run(SingleThreadEventExecutor.java:997)
	at org.apache.ratis.thirdparty.io.netty.util.internal.ThreadExecutorMap$2.run(ThreadExecutorMap.java:74)
	at java.base/java.lang.Thread.run(Thread.java:829)
2023-03-28 15:14:24,117 [NettyClientStreamRpc-workerGroup--thread3] WARN  client.NettyClientStreamRpc (NettyClientStreamRpc.java:scheduleReconnect(206)) - Connection-localhost/127.0.0.1:44179: org.apache.ratis.netty.client.NettyClientStreamRpc$Connection$1@d73f5f failed; schedule reconnecting to localhost/127.0.0.1:44179 in 100ms
2023-03-28 15:14:24,163 [NettyClientStreamRpc-workerGroup--thread3] WARN  client.NettyClientStreamRpc (NettyClientStreamRpc.java:scheduleReconnect(208)) - 
org.apache.ratis.thirdparty.io.netty.channel.AbstractChannel$AnnotatedConnectException: Connection refused: localhost/127.0.0.1:44179
Caused by: java.net.ConnectException: Connection refused
	at java.base/sun.nio.ch.SocketChannelImpl.checkConnect(Native Method)
	at java.base/sun.nio.ch.SocketChannelImpl.finishConnect(SocketChannelImpl.java:777)
	at org.apache.ratis.thirdparty.io.netty.channel.socket.nio.NioSocketChannel.doFinishConnect(NioSocketChannel.java:337)
	at org.apache.ratis.thirdparty.io.netty.channel.nio.AbstractNioChannel$AbstractNioUnsafe.finishConnect(AbstractNioChannel.java:334)
	at org.apache.ratis.thirdparty.io.netty.channel.nio.NioEventLoop.processSelectedKey(NioEventLoop.java:776)
	at org.apache.ratis.thirdparty.io.netty.channel.nio.NioEventLoop.processSelectedKeysOptimized(NioEventLoop.java:724)
	at org.apache.ratis.thirdparty.io.netty.channel.nio.NioEventLoop.processSelectedKeys(NioEventLoop.java:650)
	at org.apache.ratis.thirdparty.io.netty.channel.nio.NioEventLoop.run(NioEventLoop.java:562)
	at org.apache.ratis.thirdparty.io.netty.util.concurrent.SingleThreadEventExecutor$4.run(SingleThreadEventExecutor.java:997)
	at org.apache.ratis.thirdparty.io.netty.util.internal.ThreadExecutorMap$2.run(ThreadExecutorMap.java:74)
	at java.base/java.lang.Thread.run(Thread.java:829)
2023-03-28 15:14:24,113 [NettyClientStreamRpc-workerGroup--thread3] WARN  client.NettyClientStreamRpc (NettyClientStreamRpc.java:scheduleReconnect(206)) - Connection-localhost/127.0.0.1:44179: org.apache.ratis.netty.client.NettyClientStreamRpc$Connection$1@6448d2eb failed; schedule reconnecting to localhost/127.0.0.1:44179 in 100ms
2023-03-28 15:14:24,165 [NettyClientStreamRpc-workerGroup--thread3] WARN  client.NettyClientStreamRpc (NettyClientStreamRpc.java:scheduleReconnect(208)) - 
org.apache.ratis.thirdparty.io.netty.channel.AbstractChannel$AnnotatedConnectException: Connection refused: localhost/127.0.0.1:44179
Caused by: java.net.ConnectException: Connection refused
	at java.base/sun.nio.ch.SocketChannelImpl.checkConnect(Native Method)
	at java.base/sun.nio.ch.SocketChannelImpl.finishConnect(SocketChannelImpl.java:777)
	at org.apache.ratis.thirdparty.io.netty.channel.socket.nio.NioSocketChannel.doFinishConnect(NioSocketChannel.java:337)
	at org.apache.ratis.thirdparty.io.netty.channel.nio.AbstractNioChannel$AbstractNioUnsafe.finishConnect(AbstractNioChannel.java:334)
	at org.apache.ratis.thirdparty.io.netty.channel.nio.NioEventLoop.processSelectedKey(NioEventLoop.java:776)
	at org.apache.ratis.thirdparty.io.netty.channel.nio.NioEventLoop.processSelectedKeysOptimized(NioEventLoop.java:724)
	at org.apache.ratis.thirdparty.io.netty.channel.nio.NioEventLoop.processSelectedKeys(NioEventLoop.java:650)
	at org.apache.ratis.thirdparty.io.netty.channel.nio.NioEventLoop.run(NioEventLoop.java:562)
	at org.apache.ratis.thirdparty.io.netty.util.concurrent.SingleThreadEventExecutor$4.run(SingleThreadEventExecutor.java:997)
	at org.apache.ratis.thirdparty.io.netty.util.internal.ThreadExecutorMap$2.run(ThreadExecutorMap.java:74)
	at java.base/java.lang.Thread.run(Thread.java:829)
2023-03-28 15:14:24,108 [Thread-1203] WARN  util.PeerProxyMap (PeerProxyMap.java:closeProxy(179)) - s2-NettyServerStreamRpc: Failed to close proxy for peer s0|rpc:localhost:39189|admin:localhost:46309|client:localhost:42931|dataStream:localhost:35501|priority:0|startupRole:FOLLOWER, proxy class: class org.apache.ratis.client.impl.DataStreamClientImpl
org.apache.ratis.thirdparty.io.netty.channel.AbstractChannel$AnnotatedConnectException: Connection refused: localhost/127.0.0.1:35501
Caused by: java.net.ConnectException: Connection refused
	at java.base/sun.nio.ch.SocketChannelImpl.checkConnect(Native Method)
	at java.base/sun.nio.ch.SocketChannelImpl.finishConnect(SocketChannelImpl.java:777)
	at org.apache.ratis.thirdparty.io.netty.channel.socket.nio.NioSocketChannel.doFinishConnect(NioSocketChannel.java:337)
	at org.apache.ratis.thirdparty.io.netty.channel.nio.AbstractNioChannel$AbstractNioUnsafe.finishConnect(AbstractNioChannel.java:334)
	at org.apache.ratis.thirdparty.io.netty.channel.nio.NioEventLoop.processSelectedKey(NioEventLoop.java:776)
	at org.apache.ratis.thirdparty.io.netty.channel.nio.NioEventLoop.processSelectedKeysOptimized(NioEventLoop.java:724)
	at org.apache.ratis.thirdparty.io.netty.channel.nio.NioEventLoop.processSelectedKeys(NioEventLoop.java:650)
	at org.apache.ratis.thirdparty.io.netty.channel.nio.NioEventLoop.run(NioEventLoop.java:562)
	at org.apache.ratis.thirdparty.io.netty.util.concurrent.SingleThreadEventExecutor$4.run(SingleThreadEventExecutor.java:997)
	at org.apache.ratis.thirdparty.io.netty.util.internal.ThreadExecutorMap$2.run(ThreadExecutorMap.java:74)
	at java.base/java.lang.Thread.run(Thread.java:829)
2023-03-28 15:14:24,092 [NettyClientStreamRpc-workerGroup--thread3] WARN  client.NettyClientStreamRpc (NettyClientStreamRpc.java:scheduleReconnect(206)) - Connection-localhost/127.0.0.1:44179: org.apache.ratis.netty.client.NettyClientStreamRpc$Connection$1@4e47da46 failed; schedule reconnecting to localhost/127.0.0.1:44179 in 100ms
2023-03-28 15:14:24,167 [NettyClientStreamRpc-workerGroup--thread3] WARN  client.NettyClientStreamRpc (NettyClientStreamRpc.java:scheduleReconnect(208)) - 
org.apache.ratis.thirdparty.io.netty.channel.AbstractChannel$AnnotatedConnectException: Connection refused: localhost/127.0.0.1:44179
Caused by: java.net.ConnectException: Connection refused
	at java.base/sun.nio.ch.SocketChannelImpl.checkConnect(Native Method)
	at java.base/sun.nio.ch.SocketChannelImpl.finishConnect(SocketChannelImpl.java:777)
	at org.apache.ratis.thirdparty.io.netty.channel.socket.nio.NioSocketChannel.doFinishConnect(NioSocketChannel.java:337)
	at org.apache.ratis.thirdparty.io.netty.channel.nio.AbstractNioChannel$AbstractNioUnsafe.finishConnect(AbstractNioChannel.java:334)
	at org.apache.ratis.thirdparty.io.netty.channel.nio.NioEventLoop.processSelectedKey(NioEventLoop.java:776)
	at org.apache.ratis.thirdparty.io.netty.channel.nio.NioEventLoop.processSelectedKeysOptimized(NioEventLoop.java:724)
	at org.apache.ratis.thirdparty.io.netty.channel.nio.NioEventLoop.processSelectedKeys(NioEventLoop.java:650)
	at org.apache.ratis.thirdparty.io.netty.channel.nio.NioEventLoop.run(NioEventLoop.java:562)
	at org.apache.ratis.thirdparty.io.netty.util.concurrent.SingleThreadEventExecutor$4.run(SingleThreadEventExecutor.java:997)
	at org.apache.ratis.thirdparty.io.netty.util.internal.ThreadExecutorMap$2.run(ThreadExecutorMap.java:74)
	at java.base/java.lang.Thread.run(Thread.java:829)
2023-03-28 15:14:24,090 [NettyClientStreamRpc-workerGroup--thread3] WARN  client.NettyClientStreamRpc (NettyClientStreamRpc.java:scheduleReconnect(206)) - Connection-localhost/127.0.0.1:44179: org.apache.ratis.netty.client.NettyClientStreamRpc$Connection$1@586fdb84 failed; schedule reconnecting to localhost/127.0.0.1:44179 in 100ms
2023-03-28 15:14:24,167 [NettyClientStreamRpc-workerGroup--thread3] WARN  client.NettyClientStreamRpc (NettyClientStreamRpc.java:scheduleReconnect(208)) - 
org.apache.ratis.thirdparty.io.netty.channel.AbstractChannel$AnnotatedConnectException: Connection refused: localhost/127.0.0.1:44179
Caused by: java.net.ConnectException: Connection refused
	at java.base/sun.nio.ch.SocketChannelImpl.checkConnect(Native Method)
	at java.base/sun.nio.ch.SocketChannelImpl.finishConnect(SocketChannelImpl.java:777)
	at org.apache.ratis.thirdparty.io.netty.channel.socket.nio.NioSocketChannel.doFinishConnect(NioSocketChannel.java:337)
	at org.apache.ratis.thirdparty.io.netty.channel.nio.AbstractNioChannel$AbstractNioUnsafe.finishConnect(AbstractNioChannel.java:334)
	at org.apache.ratis.thirdparty.io.netty.channel.nio.NioEventLoop.processSelectedKey(NioEventLoop.java:776)
	at org.apache.ratis.thirdparty.io.netty.channel.nio.NioEventLoop.processSelectedKeysOptimized(NioEventLoop.java:724)
	at org.apache.ratis.thirdparty.io.netty.channel.nio.NioEventLoop.processSelectedKeys(NioEventLoop.java:650)
	at org.apache.ratis.thirdparty.io.netty.channel.nio.NioEventLoop.run(NioEventLoop.java:562)
	at org.apache.ratis.thirdparty.io.netty.util.concurrent.SingleThreadEventExecutor$4.run(SingleThreadEventExecutor.java:997)
	at org.apache.ratis.thirdparty.io.netty.util.internal.ThreadExecutorMap$2.run(ThreadExecutorMap.java:74)
	at java.base/java.lang.Thread.run(Thread.java:829)
2023-03-28 15:14:24,090 [Thread-1233] WARN  util.PeerProxyMap (PeerProxyMap.java:closeProxy(179)) - s0-NettyServerStreamRpc: Failed to close proxy for peer s2|rpc:localhost:39003|admin:localhost:43283|client:localhost:38251|dataStream:localhost:44179|priority:0|startupRole:FOLLOWER, proxy class: class org.apache.ratis.client.impl.DataStreamClientImpl
org.apache.ratis.thirdparty.io.netty.channel.AbstractChannel$AnnotatedConnectException: Connection refused: localhost/127.0.0.1:44179
Caused by: java.net.ConnectException: Connection refused
	at java.base/sun.nio.ch.SocketChannelImpl.checkConnect(Native Method)
	at java.base/sun.nio.ch.SocketChannelImpl.finishConnect(SocketChannelImpl.java:777)
	at org.apache.ratis.thirdparty.io.netty.channel.socket.nio.NioSocketChannel.doFinishConnect(NioSocketChannel.java:337)
	at org.apache.ratis.thirdparty.io.netty.channel.nio.AbstractNioChannel$AbstractNioUnsafe.finishConnect(AbstractNioChannel.java:334)
	at org.apache.ratis.thirdparty.io.netty.channel.nio.NioEventLoop.processSelectedKey(NioEventLoop.java:776)
	at org.apache.ratis.thirdparty.io.netty.channel.nio.NioEventLoop.processSelectedKeysOptimized(NioEventLoop.java:724)
	at org.apache.ratis.thirdparty.io.netty.channel.nio.NioEventLoop.processSelectedKeys(NioEventLoop.java:650)
	at org.apache.ratis.thirdparty.io.netty.channel.nio.NioEventLoop.run(NioEventLoop.java:562)
	at org.apache.ratis.thirdparty.io.netty.util.concurrent.SingleThreadEventExecutor$4.run(SingleThreadEventExecutor.java:997)
	at org.apache.ratis.thirdparty.io.netty.util.internal.ThreadExecutorMap$2.run(ThreadExecutorMap.java:74)
	at java.base/java.lang.Thread.run(Thread.java:829)
2023-03-28 15:14:24,086 [NettyClientStreamRpc-workerGroup--thread3] WARN  client.NettyClientStreamRpc (NettyClientStreamRpc.java:scheduleReconnect(206)) - Connection-localhost/127.0.0.1:44179: org.apache.ratis.netty.client.NettyClientStreamRpc$Connection$1@7f6da9d failed; schedule reconnecting to localhost/127.0.0.1:44179 in 100ms
2023-03-28 15:14:24,168 [NettyClientStreamRpc-workerGroup--thread3] WARN  client.NettyClientStreamRpc (NettyClientStreamRpc.java:scheduleReconnect(208)) - 
org.apache.ratis.thirdparty.io.netty.channel.AbstractChannel$AnnotatedConnectException: Connection refused: localhost/127.0.0.1:44179
Caused by: java.net.ConnectException: Connection refused
	at java.base/sun.nio.ch.SocketChannelImpl.checkConnect(Native Method)
	at java.base/sun.nio.ch.SocketChannelImpl.finishConnect(SocketChannelImpl.java:777)
	at org.apache.ratis.thirdparty.io.netty.channel.socket.nio.NioSocketChannel.doFinishConnect(NioSocketChannel.java:337)
	at org.apache.ratis.thirdparty.io.netty.channel.nio.AbstractNioChannel$AbstractNioUnsafe.finishConnect(AbstractNioChannel.java:334)
	at org.apache.ratis.thirdparty.io.netty.channel.nio.NioEventLoop.processSelectedKey(NioEventLoop.java:776)
	at org.apache.ratis.thirdparty.io.netty.channel.nio.NioEventLoop.processSelectedKeysOptimized(NioEventLoop.java:724)
	at org.apache.ratis.thirdparty.io.netty.channel.nio.NioEventLoop.processSelectedKeys(NioEventLoop.java:650)
	at org.apache.ratis.thirdparty.io.netty.channel.nio.NioEventLoop.run(NioEventLoop.java:562)
	at org.apache.ratis.thirdparty.io.netty.util.concurrent.SingleThreadEventExecutor$4.run(SingleThreadEventExecutor.java:997)
	at org.apache.ratis.thirdparty.io.netty.util.internal.ThreadExecutorMap$2.run(ThreadExecutorMap.java:74)
	at java.base/java.lang.Thread.run(Thread.java:829)
2023-03-28 15:14:24,070 [NettyClientStreamRpc-workerGroup--thread1] WARN  client.NettyClientStreamRpc (NettyClientStreamRpc.java:scheduleReconnect(206)) - Connection-localhost/127.0.0.1:35503: channel is inactive; schedule reconnecting to localhost/127.0.0.1:35503 in 100ms
2023-03-28 15:14:24,070 [NettyClientStreamRpc-workerGroup--thread1] WARN  client.NettyClientStreamRpc (NettyClientStreamRpc.java:scheduleReconnect(206)) - Connection-localhost/127.0.0.1:35503: channel is inactive; schedule reconnecting to localhost/127.0.0.1:35503 in 100ms
2023-03-28 15:14:24,070 [NettyClientStreamRpc-workerGroup--thread1] WARN  client.NettyClientStreamRpc (NettyClientStreamRpc.java:scheduleReconnect(206)) - Connection-localhost/127.0.0.1:35503: channel is inactive; schedule reconnecting to localhost/127.0.0.1:35503 in 100ms
2023-03-28 15:14:24,067 [NettyClientStreamRpc-workerGroup--thread1] WARN  client.NettyClientStreamRpc (NettyClientStreamRpc.java:scheduleReconnect(206)) - Connection-localhost/127.0.0.1:35503: channel is inactive; schedule reconnecting to localhost/127.0.0.1:35503 in 100ms
2023-03-28 15:14:24,067 [NettyClientStreamRpc-workerGroup--thread1] WARN  client.NettyClientStreamRpc (NettyClientStreamRpc.java:scheduleReconnect(206)) - Connection-localhost/127.0.0.1:35503: channel is inactive; schedule reconnecting to localhost/127.0.0.1:35503 in 100ms
2023-03-28 15:14:24,067 [NettyClientStreamRpc-workerGroup--thread1] WARN  client.NettyClientStreamRpc (NettyClientStreamRpc.java:scheduleReconnect(206)) - Connection-localhost/127.0.0.1:35503: channel is inactive; schedule reconnecting to localhost/127.0.0.1:35503 in 100ms
2023-03-28 15:14:24,067 [NettyClientStreamRpc-workerGroup--thread1] WARN  client.NettyClientStreamRpc (NettyClientStreamRpc.java:scheduleReconnect(206)) - Connection-localhost/127.0.0.1:35503: channel is inactive; schedule reconnecting to localhost/127.0.0.1:35503 in 100ms
2023-03-28 15:14:24,067 [NettyClientStreamRpc-workerGroup--thread1] WARN  client.NettyClientStreamRpc (NettyClientStreamRpc.java:scheduleReconnect(206)) - Connection-localhost/127.0.0.1:35503: channel is inactive; schedule reconnecting to localhost/127.0.0.1:35503 in 100ms
2023-03-28 15:14:24,067 [NettyClientStreamRpc-workerGroup--thread1] WARN  client.NettyClientStreamRpc (NettyClientStreamRpc.java:scheduleReconnect(206)) - Connection-localhost/127.0.0.1:35503: channel is inactive; schedule reconnecting to localhost/127.0.0.1:35503 in 100ms
2023-03-28 15:14:24,067 [NettyClientStreamRpc-workerGroup--thread1] WARN  client.NettyClientStreamRpc (NettyClientStreamRpc.java:scheduleReconnect(206)) - Connection-localhost/127.0.0.1:35503: channel is inactive; schedule reconnecting to localhost/127.0.0.1:35503 in 100ms
2023-03-28 15:14:24,066 [NettyClientStreamRpc-workerGroup--thread1] WARN  client.NettyClientStreamRpc (NettyClientStreamRpc.java:scheduleReconnect(206)) - Connection-localhost/127.0.0.1:35503: channel is inactive; schedule reconnecting to localhost/127.0.0.1:35503 in 100ms
2023-03-28 15:14:24,066 [NettyClientStreamRpc-workerGroup--thread1] WARN  client.NettyClientStreamRpc (NettyClientStreamRpc.java:scheduleReconnect(206)) - Connection-localhost/127.0.0.1:35503: channel is inactive; schedule reconnecting to localhost/127.0.0.1:35503 in 100ms
2023-03-28 15:14:24,066 [NettyClientStreamRpc-workerGroup--thread1] WARN  client.NettyClientStreamRpc (NettyClientStreamRpc.java:scheduleReconnect(206)) - Connection-localhost/127.0.0.1:35503: channel is inactive; schedule reconnecting to localhost/127.0.0.1:35503 in 100ms
2023-03-28 15:14:24,066 [NettyClientStreamRpc-workerGroup--thread1] WARN  client.NettyClientStreamRpc (NettyClientStreamRpc.java:scheduleReconnect(206)) - Connection-localhost/127.0.0.1:35503: channel is inactive; schedule reconnecting to localhost/127.0.0.1:35503 in 100ms
2023-03-28 15:14:24,066 [NettyClientStreamRpc-workerGroup--thread1] WARN  client.NettyClientStreamRpc (NettyClientStreamRpc.java:scheduleReconnect(206)) - Connection-localhost/127.0.0.1:35503: channel is inactive; schedule reconnecting to localhost/127.0.0.1:35503 in 100ms
2023-03-28 15:14:24,157 [Thread-1284] WARN  util.PeerProxyMap (PeerProxyMap.java:closeProxy(179)) - s1-NettyServerStreamRpc: Failed to close proxy for peer s2|rpc:localhost:39003|admin:localhost:43283|client:localhost:38251|dataStream:localhost:44179|priority:0|startupRole:FOLLOWER, proxy class: class org.apache.ratis.client.impl.DataStreamClientImpl
org.apache.ratis.thirdparty.io.netty.channel.AbstractChannel$AnnotatedConnectException: Connection refused: localhost/127.0.0.1:44179
Caused by: java.net.ConnectException: Connection refused
	at java.base/sun.nio.ch.SocketChannelImpl.checkConnect(Native Method)
	at java.base/sun.nio.ch.SocketChannelImpl.finishConnect(SocketChannelImpl.java:777)
	at org.apache.ratis.thirdparty.io.netty.channel.socket.nio.NioSocketChannel.doFinishConnect(NioSocketChannel.java:337)
	at org.apache.ratis.thirdparty.io.netty.channel.nio.AbstractNioChannel$AbstractNioUnsafe.finishConnect(AbstractNioChannel.java:334)
	at org.apache.ratis.thirdparty.io.netty.channel.nio.NioEventLoop.processSelectedKey(NioEventLoop.java:776)
	at org.apache.ratis.thirdparty.io.netty.channel.nio.NioEventLoop.processSelectedKeysOptimized(NioEventLoop.java:724)
	at org.apache.ratis.thirdparty.io.netty.channel.nio.NioEventLoop.processSelectedKeys(NioEventLoop.java:650)
	at org.apache.ratis.thirdparty.io.netty.channel.nio.NioEventLoop.run(NioEventLoop.java:562)
	at org.apache.ratis.thirdparty.io.netty.util.concurrent.SingleThreadEventExecutor$4.run(SingleThreadEventExecutor.java:997)
	at org.apache.ratis.thirdparty.io.netty.util.internal.ThreadExecutorMap$2.run(ThreadExecutorMap.java:74)
	at java.base/java.lang.Thread.run(Thread.java:829)
2023-03-28 15:14:24,157 [NettyClientStreamRpc-workerGroup--thread3] WARN  client.NettyClientStreamRpc (NettyClientStreamRpc.java:scheduleReconnect(206)) - Connection-localhost/127.0.0.1:44179: org.apache.ratis.netty.client.NettyClientStreamRpc$Connection$1@18af55e1 failed; schedule reconnecting to localhost/127.0.0.1:44179 in 100ms
2023-03-28 15:14:24,228 [NettyClientStreamRpc-workerGroup--thread3] WARN  client.NettyClientStreamRpc (NettyClientStreamRpc.java:scheduleReconnect(208)) - 
org.apache.ratis.thirdparty.io.netty.channel.AbstractChannel$AnnotatedConnectException: Connection refused: localhost/127.0.0.1:44179
Caused by: java.net.ConnectException: Connection refused
	at java.base/sun.nio.ch.SocketChannelImpl.checkConnect(Native Method)
	at java.base/sun.nio.ch.SocketChannelImpl.finishConnect(SocketChannelImpl.java:777)
	at org.apache.ratis.thirdparty.io.netty.channel.socket.nio.NioSocketChannel.doFinishConnect(NioSocketChannel.java:337)
	at org.apache.ratis.thirdparty.io.netty.channel.nio.AbstractNioChannel$AbstractNioUnsafe.finishConnect(AbstractNioChannel.java:334)
	at org.apache.ratis.thirdparty.io.netty.channel.nio.NioEventLoop.processSelectedKey(NioEventLoop.java:776)
	at org.apache.ratis.thirdparty.io.netty.channel.nio.NioEventLoop.processSelectedKeysOptimized(NioEventLoop.java:724)
	at org.apache.ratis.thirdparty.io.netty.channel.nio.NioEventLoop.processSelectedKeys(NioEventLoop.java:650)
	at org.apache.ratis.thirdparty.io.netty.channel.nio.NioEventLoop.run(NioEventLoop.java:562)
	at org.apache.ratis.thirdparty.io.netty.util.concurrent.SingleThreadEventExecutor$4.run(SingleThreadEventExecutor.java:997)
	at org.apache.ratis.thirdparty.io.netty.util.internal.ThreadExecutorMap$2.run(ThreadExecutorMap.java:74)
	at java.base/java.lang.Thread.run(Thread.java:829)
2023-03-28 15:14:24,157 [Thread-1283] WARN  util.PeerProxyMap (PeerProxyMap.java:closeProxy(179)) - s1-NettyServerStreamRpc: Failed to close proxy for peer s0|rpc:localhost:39189|admin:localhost:46309|client:localhost:42931|dataStream:localhost:35501|priority:0|startupRole:FOLLOWER, proxy class: class org.apache.ratis.client.impl.DataStreamClientImpl
org.apache.ratis.thirdparty.io.netty.channel.AbstractChannel$AnnotatedConnectException: Connection refused: localhost/127.0.0.1:35501
Caused by: java.net.ConnectException: Connection refused
	at java.base/sun.nio.ch.SocketChannelImpl.checkConnect(Native Method)
	at java.base/sun.nio.ch.SocketChannelImpl.finishConnect(SocketChannelImpl.java:777)
	at org.apache.ratis.thirdparty.io.netty.channel.socket.nio.NioSocketChannel.doFinishConnect(NioSocketChannel.java:337)
	at org.apache.ratis.thirdparty.io.netty.channel.nio.AbstractNioChannel$AbstractNioUnsafe.finishConnect(AbstractNioChannel.java:334)
	at org.apache.ratis.thirdparty.io.netty.channel.nio.NioEventLoop.processSelectedKey(NioEventLoop.java:776)
	at org.apache.ratis.thirdparty.io.netty.channel.nio.NioEventLoop.processSelectedKeysOptimized(NioEventLoop.java:724)
	at org.apache.ratis.thirdparty.io.netty.channel.nio.NioEventLoop.processSelectedKeys(NioEventLoop.java:650)
	at org.apache.ratis.thirdparty.io.netty.channel.nio.NioEventLoop.run(NioEventLoop.java:562)
	at org.apache.ratis.thirdparty.io.netty.util.concurrent.SingleThreadEventExecutor$4.run(SingleThreadEventExecutor.java:997)
	at org.apache.ratis.thirdparty.io.netty.util.internal.ThreadExecutorMap$2.run(ThreadExecutorMap.java:74)
	at java.base/java.lang.Thread.run(Thread.java:829)
2023-03-28 15:14:24,151 [NettyClientStreamRpc-workerGroup--thread3] WARN  client.NettyClientStreamRpc (NettyClientStreamRpc.java:scheduleReconnect(206)) - Connection-localhost/127.0.0.1:44179: org.apache.ratis.netty.client.NettyClientStreamRpc$Connection$1@3cba51b8 failed; schedule reconnecting to localhost/127.0.0.1:44179 in 100ms
2023-03-28 15:14:24,228 [NettyClientStreamRpc-workerGroup--thread3] WARN  client.NettyClientStreamRpc (NettyClientStreamRpc.java:scheduleReconnect(208)) - 
org.apache.ratis.thirdparty.io.netty.channel.AbstractChannel$AnnotatedConnectException: Connection refused: localhost/127.0.0.1:44179
Caused by: java.net.ConnectException: Connection refused
	at java.base/sun.nio.ch.SocketChannelImpl.checkConnect(Native Method)
	at java.base/sun.nio.ch.SocketChannelImpl.finishConnect(SocketChannelImpl.java:777)
	at org.apache.ratis.thirdparty.io.netty.channel.socket.nio.NioSocketChannel.doFinishConnect(NioSocketChannel.java:337)
	at org.apache.ratis.thirdparty.io.netty.channel.nio.AbstractNioChannel$AbstractNioUnsafe.finishConnect(AbstractNioChannel.java:334)
	at org.apache.ratis.thirdparty.io.netty.channel.nio.NioEventLoop.processSelectedKey(NioEventLoop.java:776)
	at org.apache.ratis.thirdparty.io.netty.channel.nio.NioEventLoop.processSelectedKeysOptimized(NioEventLoop.java:724)
	at org.apache.ratis.thirdparty.io.netty.channel.nio.NioEventLoop.processSelectedKeys(NioEventLoop.java:650)
	at org.apache.ratis.thirdparty.io.netty.channel.nio.NioEventLoop.run(NioEventLoop.java:562)
	at org.apache.ratis.thirdparty.io.netty.util.concurrent.SingleThreadEventExecutor$4.run(SingleThreadEventExecutor.java:997)
	at org.apache.ratis.thirdparty.io.netty.util.internal.ThreadExecutorMap$2.run(ThreadExecutorMap.java:74)
	at java.base/java.lang.Thread.run(Thread.java:829)
2023-03-28 15:14:24,151 [NettyClientStreamRpc-workerGroup--thread3] WARN  client.NettyClientStreamRpc (NettyClientStreamRpc.java:scheduleReconnect(206)) - Connection-localhost/127.0.0.1:44179: org.apache.ratis.netty.client.NettyClientStreamRpc$Connection$1@148cb4b2 failed; schedule reconnecting to localhost/127.0.0.1:44179 in 100ms
2023-03-28 15:14:24,228 [NettyClientStreamRpc-workerGroup--thread3] WARN  client.NettyClientStreamRpc (NettyClientStreamRpc.java:scheduleReconnect(208)) - 
org.apache.ratis.thirdparty.io.netty.channel.AbstractChannel$AnnotatedConnectException: Connection refused: localhost/127.0.0.1:44179
Caused by: java.net.ConnectException: Connection refused
	at java.base/sun.nio.ch.SocketChannelImpl.checkConnect(Native Method)
	at java.base/sun.nio.ch.SocketChannelImpl.finishConnect(SocketChannelImpl.java:777)
	at org.apache.ratis.thirdparty.io.netty.channel.socket.nio.NioSocketChannel.doFinishConnect(NioSocketChannel.java:337)
	at org.apache.ratis.thirdparty.io.netty.channel.nio.AbstractNioChannel$AbstractNioUnsafe.finishConnect(AbstractNioChannel.java:334)
	at org.apache.ratis.thirdparty.io.netty.channel.nio.NioEventLoop.processSelectedKey(NioEventLoop.java:776)
	at org.apache.ratis.thirdparty.io.netty.channel.nio.NioEventLoop.processSelectedKeysOptimized(NioEventLoop.java:724)
	at org.apache.ratis.thirdparty.io.netty.channel.nio.NioEventLoop.processSelectedKeys(NioEventLoop.java:650)
	at org.apache.ratis.thirdparty.io.netty.channel.nio.NioEventLoop.run(NioEventLoop.java:562)
	at org.apache.ratis.thirdparty.io.netty.util.concurrent.SingleThreadEventExecutor$4.run(SingleThreadEventExecutor.java:997)
	at org.apache.ratis.thirdparty.io.netty.util.internal.ThreadExecutorMap$2.run(ThreadExecutorMap.java:74)
	at java.base/java.lang.Thread.run(Thread.java:829)
2023-03-28 15:14:24,140 [NettyClientStreamRpc-workerGroup--thread3] WARN  client.NettyClientStreamRpc (NettyClientStreamRpc.java:scheduleReconnect(206)) - Connection-localhost/127.0.0.1:44179: org.apache.ratis.netty.client.NettyClientStreamRpc$Connection$1@3b476228 failed; schedule reconnecting to localhost/127.0.0.1:44179 in 100ms
2023-03-28 15:14:24,228 [NettyClientStreamRpc-workerGroup--thread3] WARN  client.NettyClientStreamRpc (NettyClientStreamRpc.java:scheduleReconnect(208)) - 
org.apache.ratis.thirdparty.io.netty.channel.AbstractChannel$AnnotatedConnectException: Connection refused: localhost/127.0.0.1:44179
Caused by: java.net.ConnectException: Connection refused
	at java.base/sun.nio.ch.SocketChannelImpl.checkConnect(Native Method)
	at java.base/sun.nio.ch.SocketChannelImpl.finishConnect(SocketChannelImpl.java:777)
	at org.apache.ratis.thirdparty.io.netty.channel.socket.nio.NioSocketChannel.doFinishConnect(NioSocketChannel.java:337)
	at org.apache.ratis.thirdparty.io.netty.channel.nio.AbstractNioChannel$AbstractNioUnsafe.finishConnect(AbstractNioChannel.java:334)
	at org.apache.ratis.thirdparty.io.netty.channel.nio.NioEventLoop.processSelectedKey(NioEventLoop.java:776)
	at org.apache.ratis.thirdparty.io.netty.channel.nio.NioEventLoop.processSelectedKeysOptimized(NioEventLoop.java:724)
	at org.apache.ratis.thirdparty.io.netty.channel.nio.NioEventLoop.processSelectedKeys(NioEventLoop.java:650)
	at org.apache.ratis.thirdparty.io.netty.channel.nio.NioEventLoop.run(NioEventLoop.java:562)
	at org.apache.ratis.thirdparty.io.netty.util.concurrent.SingleThreadEventExecutor$4.run(SingleThreadEventExecutor.java:997)
	at org.apache.ratis.thirdparty.io.netty.util.internal.ThreadExecutorMap$2.run(ThreadExecutorMap.java:74)
	at java.base/java.lang.Thread.run(Thread.java:829)
2023-03-28 15:14:24,227 [s1-impl-thread2] INFO  segmented.SegmentedRaftLogWorker (SegmentedRaftLogWorker.java:close(242)) - s1@group-4AD7D8BDF6E4-SegmentedRaftLogWorker close()
2023-03-28 15:14:24,227 [s2-impl-thread2] INFO  segmented.SegmentedRaftLogWorker (SegmentedRaftLogWorker.java:close(242)) - s2@group-4AD7D8BDF6E4-SegmentedRaftLogWorker close()
2023-03-28 15:14:24,227 [s0-impl-thread2] INFO  segmented.SegmentedRaftLogWorker (SegmentedRaftLogWorker.java:close(242)) - s0@group-4AD7D8BDF6E4-SegmentedRaftLogWorker close()
2023-03-28 15:14:24,224 [NettyClientStreamRpc-workerGroup--thread3] WARN  client.NettyClientStreamRpc (NettyClientStreamRpc.java:scheduleReconnect(206)) - Connection-localhost/127.0.0.1:35503: org.apache.ratis.netty.client.NettyClientStreamRpc$Connection$1@3f0e7c9a failed; schedule reconnecting to localhost/127.0.0.1:35503 in 100ms
2023-03-28 15:14:24,224 [Thread-1299] WARN  util.PeerProxyMap (PeerProxyMap.java:closeProxy(179)) - s0-NettyServerStreamRpc: Failed to close proxy for peer s1|rpc:localhost:42161|admin:localhost:45919|client:localhost:41703|dataStream:localhost:35503|priority:0|startupRole:FOLLOWER, proxy class: class org.apache.ratis.client.impl.DataStreamClientImpl
org.apache.ratis.thirdparty.io.netty.channel.AbstractChannel$AnnotatedConnectException: Connection refused: localhost/127.0.0.1:35503
Caused by: java.net.ConnectException: Connection refused
	at java.base/sun.nio.ch.SocketChannelImpl.checkConnect(Native Method)
	at java.base/sun.nio.ch.SocketChannelImpl.finishConnect(SocketChannelImpl.java:777)
	at org.apache.ratis.thirdparty.io.netty.channel.socket.nio.NioSocketChannel.doFinishConnect(NioSocketChannel.java:337)
	at org.apache.ratis.thirdparty.io.netty.channel.nio.AbstractNioChannel$AbstractNioUnsafe.finishConnect(AbstractNioChannel.java:334)
	at org.apache.ratis.thirdparty.io.netty.channel.nio.NioEventLoop.processSelectedKey(NioEventLoop.java:776)
	at org.apache.ratis.thirdparty.io.netty.channel.nio.NioEventLoop.processSelectedKeysOptimized(NioEventLoop.java:724)
	at org.apache.ratis.thirdparty.io.netty.channel.nio.NioEventLoop.processSelectedKeys(NioEventLoop.java:650)
	at org.apache.ratis.thirdparty.io.netty.channel.nio.NioEventLoop.run(NioEventLoop.java:562)
	at org.apache.ratis.thirdparty.io.netty.util.concurrent.SingleThreadEventExecutor$4.run(SingleThreadEventExecutor.java:997)
	at org.apache.ratis.thirdparty.io.netty.util.internal.ThreadExecutorMap$2.run(ThreadExecutorMap.java:74)
	at java.base/java.lang.Thread.run(Thread.java:829)
2023-03-28 15:14:24,213 [NettyClientStreamRpc-workerGroup--thread3] WARN  client.NettyClientStreamRpc (NettyClientStreamRpc.java:scheduleReconnect(206)) - Connection-localhost/127.0.0.1:35503: org.apache.ratis.netty.client.NettyClientStreamRpc$Connection$1@111118dd failed; schedule reconnecting to localhost/127.0.0.1:35503 in 100ms
2023-03-28 15:14:24,234 [NettyClientStreamRpc-workerGroup--thread3] WARN  client.NettyClientStreamRpc (NettyClientStreamRpc.java:scheduleReconnect(208)) - 
org.apache.ratis.thirdparty.io.netty.channel.AbstractChannel$AnnotatedConnectException: Connection refused: localhost/127.0.0.1:35503
Caused by: java.net.ConnectException: Connection refused
	at java.base/sun.nio.ch.SocketChannelImpl.checkConnect(Native Method)
	at java.base/sun.nio.ch.SocketChannelImpl.finishConnect(SocketChannelImpl.java:777)
	at org.apache.ratis.thirdparty.io.netty.channel.socket.nio.NioSocketChannel.doFinishConnect(NioSocketChannel.java:337)
	at org.apache.ratis.thirdparty.io.netty.channel.nio.AbstractNioChannel$AbstractNioUnsafe.finishConnect(AbstractNioChannel.java:334)
	at org.apache.ratis.thirdparty.io.netty.channel.nio.NioEventLoop.processSelectedKey(NioEventLoop.java:776)
	at org.apache.ratis.thirdparty.io.netty.channel.nio.NioEventLoop.processSelectedKeysOptimized(NioEventLoop.java:724)
	at org.apache.ratis.thirdparty.io.netty.channel.nio.NioEventLoop.processSelectedKeys(NioEventLoop.java:650)
	at org.apache.ratis.thirdparty.io.netty.channel.nio.NioEventLoop.run(NioEventLoop.java:562)
	at org.apache.ratis.thirdparty.io.netty.util.concurrent.SingleThreadEventExecutor$4.run(SingleThreadEventExecutor.java:997)
	at org.apache.ratis.thirdparty.io.netty.util.internal.ThreadExecutorMap$2.run(ThreadExecutorMap.java:74)
	at java.base/java.lang.Thread.run(Thread.java:829)
2023-03-28 15:14:24,213 [Thread-1317] WARN  util.PeerProxyMap (PeerProxyMap.java:closeProxy(179)) - s2-NettyServerStreamRpc: Failed to close proxy for peer s1|rpc:localhost:42161|admin:localhost:45919|client:localhost:41703|dataStream:localhost:35503|priority:0|startupRole:FOLLOWER, proxy class: class org.apache.ratis.client.impl.DataStreamClientImpl
org.apache.ratis.thirdparty.io.netty.channel.AbstractChannel$AnnotatedConnectException: Connection refused: localhost/127.0.0.1:35503
Caused by: java.net.ConnectException: Connection refused
	at java.base/sun.nio.ch.SocketChannelImpl.checkConnect(Native Method)
	at java.base/sun.nio.ch.SocketChannelImpl.finishConnect(SocketChannelImpl.java:777)
	at org.apache.ratis.thirdparty.io.netty.channel.socket.nio.NioSocketChannel.doFinishConnect(NioSocketChannel.java:337)
	at org.apache.ratis.thirdparty.io.netty.channel.nio.AbstractNioChannel$AbstractNioUnsafe.finishConnect(AbstractNioChannel.java:334)
	at org.apache.ratis.thirdparty.io.netty.channel.nio.NioEventLoop.processSelectedKey(NioEventLoop.java:776)
	at org.apache.ratis.thirdparty.io.netty.channel.nio.NioEventLoop.processSelectedKeysOptimized(NioEventLoop.java:724)
	at org.apache.ratis.thirdparty.io.netty.channel.nio.NioEventLoop.processSelectedKeys(NioEventLoop.java:650)
	at org.apache.ratis.thirdparty.io.netty.channel.nio.NioEventLoop.run(NioEventLoop.java:562)
	at org.apache.ratis.thirdparty.io.netty.util.concurrent.SingleThreadEventExecutor$4.run(SingleThreadEventExecutor.java:997)
	at org.apache.ratis.thirdparty.io.netty.util.internal.ThreadExecutorMap$2.run(ThreadExecutorMap.java:74)
	at java.base/java.lang.Thread.run(Thread.java:829)
2023-03-28 15:14:24,210 [Thread-1295] WARN  util.PeerProxyMap (PeerProxyMap.java:closeProxy(179)) - s2-NettyServerStreamRpc: Failed to close proxy for peer s0|rpc:localhost:39189|admin:localhost:46309|client:localhost:42931|dataStream:localhost:35501|priority:0|startupRole:FOLLOWER, proxy class: class org.apache.ratis.client.impl.DataStreamClientImpl
org.apache.ratis.thirdparty.io.netty.channel.AbstractChannel$AnnotatedConnectException: Connection refused: localhost/127.0.0.1:35501
Caused by: java.net.ConnectException: Connection refused
	at java.base/sun.nio.ch.SocketChannelImpl.checkConnect(Native Method)
	at java.base/sun.nio.ch.SocketChannelImpl.finishConnect(SocketChannelImpl.java:777)
	at org.apache.ratis.thirdparty.io.netty.channel.socket.nio.NioSocketChannel.doFinishConnect(NioSocketChannel.java:337)
	at org.apache.ratis.thirdparty.io.netty.channel.nio.AbstractNioChannel$AbstractNioUnsafe.finishConnect(AbstractNioChannel.java:334)
	at org.apache.ratis.thirdparty.io.netty.channel.nio.NioEventLoop.processSelectedKey(NioEventLoop.java:776)
	at org.apache.ratis.thirdparty.io.netty.channel.nio.NioEventLoop.processSelectedKeysOptimized(NioEventLoop.java:724)
	at org.apache.ratis.thirdparty.io.netty.channel.nio.NioEventLoop.processSelectedKeys(NioEventLoop.java:650)
	at org.apache.ratis.thirdparty.io.netty.channel.nio.NioEventLoop.run(NioEventLoop.java:562)
	at org.apache.ratis.thirdparty.io.netty.util.concurrent.SingleThreadEventExecutor$4.run(SingleThreadEventExecutor.java:997)
	at org.apache.ratis.thirdparty.io.netty.util.internal.ThreadExecutorMap$2.run(ThreadExecutorMap.java:74)
	at java.base/java.lang.Thread.run(Thread.java:829)
2023-03-28 15:14:24,192 [Thread-1315] WARN  util.PeerProxyMap (PeerProxyMap.java:closeProxy(179)) - s0-NettyServerStreamRpc: Failed to close proxy for peer s2|rpc:localhost:39003|admin:localhost:43283|client:localhost:38251|dataStream:localhost:44179|priority:0|startupRole:FOLLOWER, proxy class: class org.apache.ratis.client.impl.DataStreamClientImpl
org.apache.ratis.thirdparty.io.netty.channel.AbstractChannel$AnnotatedConnectException: Connection refused: localhost/127.0.0.1:44179
Caused by: java.net.ConnectException: Connection refused
	at java.base/sun.nio.ch.SocketChannelImpl.checkConnect(Native Method)
	at java.base/sun.nio.ch.SocketChannelImpl.finishConnect(SocketChannelImpl.java:777)
	at org.apache.ratis.thirdparty.io.netty.channel.socket.nio.NioSocketChannel.doFinishConnect(NioSocketChannel.java:337)
	at org.apache.ratis.thirdparty.io.netty.channel.nio.AbstractNioChannel$AbstractNioUnsafe.finishConnect(AbstractNioChannel.java:334)
	at org.apache.ratis.thirdparty.io.netty.channel.nio.NioEventLoop.processSelectedKey(NioEventLoop.java:776)
	at org.apache.ratis.thirdparty.io.netty.channel.nio.NioEventLoop.processSelectedKeysOptimized(NioEventLoop.java:724)
	at org.apache.ratis.thirdparty.io.netty.channel.nio.NioEventLoop.processSelectedKeys(NioEventLoop.java:650)
	at org.apache.ratis.thirdparty.io.netty.channel.nio.NioEventLoop.run(NioEventLoop.java:562)
	at org.apache.ratis.thirdparty.io.netty.util.concurrent.SingleThreadEventExecutor$4.run(SingleThreadEventExecutor.java:997)
	at org.apache.ratis.thirdparty.io.netty.util.internal.ThreadExecutorMap$2.run(ThreadExecutorMap.java:74)
	at java.base/java.lang.Thread.run(Thread.java:829)
2023-03-28 15:14:24,232 [Thread-1324] WARN  util.PeerProxyMap (PeerProxyMap.java:closeProxy(179)) - s1-NettyServerStreamRpc: Failed to close proxy for peer s2|rpc:localhost:39003|admin:localhost:43283|client:localhost:38251|dataStream:localhost:44179|priority:0|startupRole:FOLLOWER, proxy class: class org.apache.ratis.client.impl.DataStreamClientImpl
org.apache.ratis.thirdparty.io.netty.channel.AbstractChannel$AnnotatedConnectException: Connection refused: localhost/127.0.0.1:44179
Caused by: java.net.ConnectException: Connection refused
	at java.base/sun.nio.ch.SocketChannelImpl.checkConnect(Native Method)
	at java.base/sun.nio.ch.SocketChannelImpl.finishConnect(SocketChannelImpl.java:777)
	at org.apache.ratis.thirdparty.io.netty.channel.socket.nio.NioSocketChannel.doFinishConnect(NioSocketChannel.java:337)
	at org.apache.ratis.thirdparty.io.netty.channel.nio.AbstractNioChannel$AbstractNioUnsafe.finishConnect(AbstractNioChannel.java:334)
	at org.apache.ratis.thirdparty.io.netty.channel.nio.NioEventLoop.processSelectedKey(NioEventLoop.java:776)
	at org.apache.ratis.thirdparty.io.netty.channel.nio.NioEventLoop.processSelectedKeysOptimized(NioEventLoop.java:724)
	at org.apache.ratis.thirdparty.io.netty.channel.nio.NioEventLoop.processSelectedKeys(NioEventLoop.java:650)
	at org.apache.ratis.thirdparty.io.netty.channel.nio.NioEventLoop.run(NioEventLoop.java:562)
	at org.apache.ratis.thirdparty.io.netty.util.concurrent.SingleThreadEventExecutor$4.run(SingleThreadEventExecutor.java:997)
	at org.apache.ratis.thirdparty.io.netty.util.internal.ThreadExecutorMap$2.run(ThreadExecutorMap.java:74)
	at java.base/java.lang.Thread.run(Thread.java:829)
2023-03-28 15:14:24,232 [Thread-1320] WARN  util.PeerProxyMap (PeerProxyMap.java:closeProxy(179)) - s1-NettyServerStreamRpc: Failed to close proxy for peer s0|rpc:localhost:39189|admin:localhost:46309|client:localhost:42931|dataStream:localhost:35501|priority:0|startupRole:FOLLOWER, proxy class: class org.apache.ratis.client.impl.DataStreamClientImpl
org.apache.ratis.thirdparty.io.netty.channel.AbstractChannel$AnnotatedConnectException: Connection refused: localhost/127.0.0.1:35501
Caused by: java.net.ConnectException: Connection refused
	at java.base/sun.nio.ch.SocketChannelImpl.checkConnect(Native Method)
	at java.base/sun.nio.ch.SocketChannelImpl.finishConnect(SocketChannelImpl.java:777)
	at org.apache.ratis.thirdparty.io.netty.channel.socket.nio.NioSocketChannel.doFinishConnect(NioSocketChannel.java:337)
	at org.apache.ratis.thirdparty.io.netty.channel.nio.AbstractNioChannel$AbstractNioUnsafe.finishConnect(AbstractNioChannel.java:334)
	at org.apache.ratis.thirdparty.io.netty.channel.nio.NioEventLoop.processSelectedKey(NioEventLoop.java:776)
	at org.apache.ratis.thirdparty.io.netty.channel.nio.NioEventLoop.processSelectedKeysOptimized(NioEventLoop.java:724)
	at org.apache.ratis.thirdparty.io.netty.channel.nio.NioEventLoop.processSelectedKeys(NioEventLoop.java:650)
	at org.apache.ratis.thirdparty.io.netty.channel.nio.NioEventLoop.run(NioEventLoop.java:562)
	at org.apache.ratis.thirdparty.io.netty.util.concurrent.SingleThreadEventExecutor$4.run(SingleThreadEventExecutor.java:997)
	at org.apache.ratis.thirdparty.io.netty.util.internal.ThreadExecutorMap$2.run(ThreadExecutorMap.java:74)
	at java.base/java.lang.Thread.run(Thread.java:829)
2023-03-28 15:14:24,231 [NettyClientStreamRpc-workerGroup--thread3] WARN  client.NettyClientStreamRpc (NettyClientStreamRpc.java:scheduleReconnect(208)) - 
org.apache.ratis.thirdparty.io.netty.channel.AbstractChannel$AnnotatedConnectException: Connection refused: localhost/127.0.0.1:35503
Caused by: java.net.ConnectException: Connection refused
	at java.base/sun.nio.ch.SocketChannelImpl.checkConnect(Native Method)
	at java.base/sun.nio.ch.SocketChannelImpl.finishConnect(SocketChannelImpl.java:777)
	at org.apache.ratis.thirdparty.io.netty.channel.socket.nio.NioSocketChannel.doFinishConnect(NioSocketChannel.java:337)
	at org.apache.ratis.thirdparty.io.netty.channel.nio.AbstractNioChannel$AbstractNioUnsafe.finishConnect(AbstractNioChannel.java:334)
	at org.apache.ratis.thirdparty.io.netty.channel.nio.NioEventLoop.processSelectedKey(NioEventLoop.java:776)
	at org.apache.ratis.thirdparty.io.netty.channel.nio.NioEventLoop.processSelectedKeysOptimized(NioEventLoop.java:724)
	at org.apache.ratis.thirdparty.io.netty.channel.nio.NioEventLoop.processSelectedKeys(NioEventLoop.java:650)
	at org.apache.ratis.thirdparty.io.netty.channel.nio.NioEventLoop.run(NioEventLoop.java:562)
	at org.apache.ratis.thirdparty.io.netty.util.concurrent.SingleThreadEventExecutor$4.run(SingleThreadEventExecutor.java:997)
	at org.apache.ratis.thirdparty.io.netty.util.internal.ThreadExecutorMap$2.run(ThreadExecutorMap.java:74)
	at java.base/java.lang.Thread.run(Thread.java:829)
2023-03-28 15:14:24,240 [Thread-1329] WARN  util.PeerProxyMap (PeerProxyMap.java:closeProxy(179)) - s1-NettyServerStreamRpc: Failed to close proxy for peer s0|rpc:localhost:39189|admin:localhost:46309|client:localhost:42931|dataStream:localhost:35501|priority:0|startupRole:FOLLOWER, proxy class: class org.apache.ratis.client.impl.DataStreamClientImpl
org.apache.ratis.thirdparty.io.netty.channel.AbstractChannel$AnnotatedConnectException: Connection refused: localhost/127.0.0.1:35501
Caused by: java.net.ConnectException: Connection refused
	at java.base/sun.nio.ch.SocketChannelImpl.checkConnect(Native Method)
	at java.base/sun.nio.ch.SocketChannelImpl.finishConnect(SocketChannelImpl.java:777)
	at org.apache.ratis.thirdparty.io.netty.channel.socket.nio.NioSocketChannel.doFinishConnect(NioSocketChannel.java:337)
	at org.apache.ratis.thirdparty.io.netty.channel.nio.AbstractNioChannel$AbstractNioUnsafe.finishConnect(AbstractNioChannel.java:334)
	at org.apache.ratis.thirdparty.io.netty.channel.nio.NioEventLoop.processSelectedKey(NioEventLoop.java:776)
	at org.apache.ratis.thirdparty.io.netty.channel.nio.NioEventLoop.processSelectedKeysOptimized(NioEventLoop.java:724)
	at org.apache.ratis.thirdparty.io.netty.channel.nio.NioEventLoop.processSelectedKeys(NioEventLoop.java:650)
	at org.apache.ratis.thirdparty.io.netty.channel.nio.NioEventLoop.run(NioEventLoop.java:562)
	at org.apache.ratis.thirdparty.io.netty.util.concurrent.SingleThreadEventExecutor$4.run(SingleThreadEventExecutor.java:997)
	at org.apache.ratis.thirdparty.io.netty.util.internal.ThreadExecutorMap$2.run(ThreadExecutorMap.java:74)
	at java.base/java.lang.Thread.run(Thread.java:829)
2023-03-28 15:14:24,240 [Thread-1330] WARN  util.PeerProxyMap (PeerProxyMap.java:closeProxy(179)) - s1-NettyServerStreamRpc: Failed to close proxy for peer s2|rpc:localhost:39003|admin:localhost:43283|client:localhost:38251|dataStream:localhost:44179|priority:0|startupRole:FOLLOWER, proxy class: class org.apache.ratis.client.impl.DataStreamClientImpl
org.apache.ratis.thirdparty.io.netty.channel.AbstractChannel$AnnotatedConnectException: Connection refused: localhost/127.0.0.1:44179
Caused by: java.net.ConnectException: Connection refused
	at java.base/sun.nio.ch.SocketChannelImpl.checkConnect(Native Method)
	at java.base/sun.nio.ch.SocketChannelImpl.finishConnect(SocketChannelImpl.java:777)
	at org.apache.ratis.thirdparty.io.netty.channel.socket.nio.NioSocketChannel.doFinishConnect(NioSocketChannel.java:337)
	at org.apache.ratis.thirdparty.io.netty.channel.nio.AbstractNioChannel$AbstractNioUnsafe.finishConnect(AbstractNioChannel.java:334)
	at org.apache.ratis.thirdparty.io.netty.channel.nio.NioEventLoop.processSelectedKey(NioEventLoop.java:776)
	at org.apache.ratis.thirdparty.io.netty.channel.nio.NioEventLoop.processSelectedKeysOptimized(NioEventLoop.java:724)
	at org.apache.ratis.thirdparty.io.netty.channel.nio.NioEventLoop.processSelectedKeys(NioEventLoop.java:650)
	at org.apache.ratis.thirdparty.io.netty.channel.nio.NioEventLoop.run(NioEventLoop.java:562)
	at org.apache.ratis.thirdparty.io.netty.util.concurrent.SingleThreadEventExecutor$4.run(SingleThreadEventExecutor.java:997)
	at org.apache.ratis.thirdparty.io.netty.util.internal.ThreadExecutorMap$2.run(ThreadExecutorMap.java:74)
	at java.base/java.lang.Thread.run(Thread.java:829)
2023-03-28 15:14:24,241 [Thread-1332] WARN  util.PeerProxyMap (PeerProxyMap.java:closeProxy(179)) - s0-NettyServerStreamRpc: Failed to close proxy for peer s2|rpc:localhost:39003|admin:localhost:43283|client:localhost:38251|dataStream:localhost:44179|priority:0|startupRole:FOLLOWER, proxy class: class org.apache.ratis.client.impl.DataStreamClientImpl
org.apache.ratis.thirdparty.io.netty.channel.AbstractChannel$AnnotatedConnectException: Connection refused: localhost/127.0.0.1:44179
Caused by: java.net.ConnectException: Connection refused
	at java.base/sun.nio.ch.SocketChannelImpl.checkConnect(Native Method)
	at java.base/sun.nio.ch.SocketChannelImpl.finishConnect(SocketChannelImpl.java:777)
	at org.apache.ratis.thirdparty.io.netty.channel.socket.nio.NioSocketChannel.doFinishConnect(NioSocketChannel.java:337)
	at org.apache.ratis.thirdparty.io.netty.channel.nio.AbstractNioChannel$AbstractNioUnsafe.finishConnect(AbstractNioChannel.java:334)
	at org.apache.ratis.thirdparty.io.netty.channel.nio.NioEventLoop.processSelectedKey(NioEventLoop.java:776)
	at org.apache.ratis.thirdparty.io.netty.channel.nio.NioEventLoop.processSelectedKeysOptimized(NioEventLoop.java:724)
	at org.apache.ratis.thirdparty.io.netty.channel.nio.NioEventLoop.processSelectedKeys(NioEventLoop.java:650)
	at org.apache.ratis.thirdparty.io.netty.channel.nio.NioEventLoop.run(NioEventLoop.java:562)
	at org.apache.ratis.thirdparty.io.netty.util.concurrent.SingleThreadEventExecutor$4.run(SingleThreadEventExecutor.java:997)
	at org.apache.ratis.thirdparty.io.netty.util.internal.ThreadExecutorMap$2.run(ThreadExecutorMap.java:74)
	at java.base/java.lang.Thread.run(Thread.java:829)
2023-03-28 15:14:24,241 [Thread-1326] WARN  util.PeerProxyMap (PeerProxyMap.java:closeProxy(179)) - s2-NettyServerStreamRpc: Failed to close proxy for peer s0|rpc:localhost:39189|admin:localhost:46309|client:localhost:42931|dataStream:localhost:35501|priority:0|startupRole:FOLLOWER, proxy class: class org.apache.ratis.client.impl.DataStreamClientImpl
org.apache.ratis.thirdparty.io.netty.channel.AbstractChannel$AnnotatedConnectException: Connection refused: localhost/127.0.0.1:35501
Caused by: java.net.ConnectException: Connection refused
	at java.base/sun.nio.ch.SocketChannelImpl.checkConnect(Native Method)
	at java.base/sun.nio.ch.SocketChannelImpl.finishConnect(SocketChannelImpl.java:777)
	at org.apache.ratis.thirdparty.io.netty.channel.socket.nio.NioSocketChannel.doFinishConnect(NioSocketChannel.java:337)
	at org.apache.ratis.thirdparty.io.netty.channel.nio.AbstractNioChannel$AbstractNioUnsafe.finishConnect(AbstractNioChannel.java:334)
	at org.apache.ratis.thirdparty.io.netty.channel.nio.NioEventLoop.processSelectedKey(NioEventLoop.java:776)
	at org.apache.ratis.thirdparty.io.netty.channel.nio.NioEventLoop.processSelectedKeysOptimized(NioEventLoop.java:724)
	at org.apache.ratis.thirdparty.io.netty.channel.nio.NioEventLoop.processSelectedKeys(NioEventLoop.java:650)
	at org.apache.ratis.thirdparty.io.netty.channel.nio.NioEventLoop.run(NioEventLoop.java:562)
	at org.apache.ratis.thirdparty.io.netty.util.concurrent.SingleThreadEventExecutor$4.run(SingleThreadEventExecutor.java:997)
	at org.apache.ratis.thirdparty.io.netty.util.internal.ThreadExecutorMap$2.run(ThreadExecutorMap.java:74)
	at java.base/java.lang.Thread.run(Thread.java:829)
2023-03-28 15:14:24,243 [Thread-1327] WARN  util.PeerProxyMap (PeerProxyMap.java:closeProxy(179)) - s0-NettyServerStreamRpc: Failed to close proxy for peer s1|rpc:localhost:42161|admin:localhost:45919|client:localhost:41703|dataStream:localhost:35503|priority:0|startupRole:FOLLOWER, proxy class: class org.apache.ratis.client.impl.DataStreamClientImpl
org.apache.ratis.thirdparty.io.netty.channel.AbstractChannel$AnnotatedConnectException: Connection refused: localhost/127.0.0.1:35503
Caused by: java.net.ConnectException: Connection refused
	at java.base/sun.nio.ch.SocketChannelImpl.checkConnect(Native Method)
	at java.base/sun.nio.ch.SocketChannelImpl.finishConnect(SocketChannelImpl.java:777)
	at org.apache.ratis.thirdparty.io.netty.channel.socket.nio.NioSocketChannel.doFinishConnect(NioSocketChannel.java:337)
	at org.apache.ratis.thirdparty.io.netty.channel.nio.AbstractNioChannel$AbstractNioUnsafe.finishConnect(AbstractNioChannel.java:334)
	at org.apache.ratis.thirdparty.io.netty.channel.nio.NioEventLoop.processSelectedKey(NioEventLoop.java:776)
	at org.apache.ratis.thirdparty.io.netty.channel.nio.NioEventLoop.processSelectedKeysOptimized(NioEventLoop.java:724)
	at org.apache.ratis.thirdparty.io.netty.channel.nio.NioEventLoop.processSelectedKeys(NioEventLoop.java:650)
	at org.apache.ratis.thirdparty.io.netty.channel.nio.NioEventLoop.run(NioEventLoop.java:562)
	at org.apache.ratis.thirdparty.io.netty.util.concurrent.SingleThreadEventExecutor$4.run(SingleThreadEventExecutor.java:997)
	at org.apache.ratis.thirdparty.io.netty.util.internal.ThreadExecutorMap$2.run(ThreadExecutorMap.java:74)
	at java.base/java.lang.Thread.run(Thread.java:829)
2023-03-28 15:14:24,245 [NettyClientStreamRpc-workerGroup--thread3] WARN  client.NettyClientStreamRpc (NettyClientStreamRpc.java:scheduleReconnect(206)) - Connection-localhost/127.0.0.1:35503: org.apache.ratis.netty.client.NettyClientStreamRpc$Connection$1@6ec3a2a4 failed; schedule reconnecting to localhost/127.0.0.1:35503 in 100ms
2023-03-28 15:14:24,244 [Thread-1334] WARN  util.PeerProxyMap (PeerProxyMap.java:closeProxy(179)) - s2-NettyServerStreamRpc: Failed to close proxy for peer s1|rpc:localhost:42161|admin:localhost:45919|client:localhost:41703|dataStream:localhost:35503|priority:0|startupRole:FOLLOWER, proxy class: class org.apache.ratis.client.impl.DataStreamClientImpl
org.apache.ratis.thirdparty.io.netty.channel.AbstractChannel$AnnotatedConnectException: Connection refused: localhost/127.0.0.1:35503
Caused by: java.net.ConnectException: Connection refused
	at java.base/sun.nio.ch.SocketChannelImpl.checkConnect(Native Method)
	at java.base/sun.nio.ch.SocketChannelImpl.finishConnect(SocketChannelImpl.java:777)
	at org.apache.ratis.thirdparty.io.netty.channel.socket.nio.NioSocketChannel.doFinishConnect(NioSocketChannel.java:337)
	at org.apache.ratis.thirdparty.io.netty.channel.nio.AbstractNioChannel$AbstractNioUnsafe.finishConnect(AbstractNioChannel.java:334)
	at org.apache.ratis.thirdparty.io.netty.channel.nio.NioEventLoop.processSelectedKey(NioEventLoop.java:776)
	at org.apache.ratis.thirdparty.io.netty.channel.nio.NioEventLoop.processSelectedKeysOptimized(NioEventLoop.java:724)
	at org.apache.ratis.thirdparty.io.netty.channel.nio.NioEventLoop.processSelectedKeys(NioEventLoop.java:650)
	at org.apache.ratis.thirdparty.io.netty.channel.nio.NioEventLoop.run(NioEventLoop.java:562)
	at org.apache.ratis.thirdparty.io.netty.util.concurrent.SingleThreadEventExecutor$4.run(SingleThreadEventExecutor.java:997)
	at org.apache.ratis.thirdparty.io.netty.util.internal.ThreadExecutorMap$2.run(ThreadExecutorMap.java:74)
	at java.base/java.lang.Thread.run(Thread.java:829)
2023-03-28 15:14:24,244 [Thread-1336] WARN  util.PeerProxyMap (PeerProxyMap.java:closeProxy(179)) - s1-NettyServerStreamRpc: Failed to close proxy for peer s2|rpc:localhost:39003|admin:localhost:43283|client:localhost:38251|dataStream:localhost:44179|priority:0|startupRole:FOLLOWER, proxy class: class org.apache.ratis.client.impl.DataStreamClientImpl
org.apache.ratis.thirdparty.io.netty.channel.AbstractChannel$AnnotatedConnectException: Connection refused: localhost/127.0.0.1:44179
Caused by: java.net.ConnectException: Connection refused
	at java.base/sun.nio.ch.SocketChannelImpl.checkConnect(Native Method)
	at java.base/sun.nio.ch.SocketChannelImpl.finishConnect(SocketChannelImpl.java:777)
	at org.apache.ratis.thirdparty.io.netty.channel.socket.nio.NioSocketChannel.doFinishConnect(NioSocketChannel.java:337)
	at org.apache.ratis.thirdparty.io.netty.channel.nio.AbstractNioChannel$AbstractNioUnsafe.finishConnect(AbstractNioChannel.java:334)
	at org.apache.ratis.thirdparty.io.netty.channel.nio.NioEventLoop.processSelectedKey(NioEventLoop.java:776)
	at org.apache.ratis.thirdparty.io.netty.channel.nio.NioEventLoop.processSelectedKeysOptimized(NioEventLoop.java:724)
	at org.apache.ratis.thirdparty.io.netty.channel.nio.NioEventLoop.processSelectedKeys(NioEventLoop.java:650)
	at org.apache.ratis.thirdparty.io.netty.channel.nio.NioEventLoop.run(NioEventLoop.java:562)
	at org.apache.ratis.thirdparty.io.netty.util.concurrent.SingleThreadEventExecutor$4.run(SingleThreadEventExecutor.java:997)
	at org.apache.ratis.thirdparty.io.netty.util.internal.ThreadExecutorMap$2.run(ThreadExecutorMap.java:74)
	at java.base/java.lang.Thread.run(Thread.java:829)
2023-03-28 15:14:24,243 [Thread-1331] WARN  util.PeerProxyMap (PeerProxyMap.java:closeProxy(179)) - s1-NettyServerStreamRpc: Failed to close proxy for peer s0|rpc:localhost:39189|admin:localhost:46309|client:localhost:42931|dataStream:localhost:35501|priority:0|startupRole:FOLLOWER, proxy class: class org.apache.ratis.client.impl.DataStreamClientImpl
org.apache.ratis.thirdparty.io.netty.channel.AbstractChannel$AnnotatedConnectException: Connection refused: localhost/127.0.0.1:35501
Caused by: java.net.ConnectException: Connection refused
	at java.base/sun.nio.ch.SocketChannelImpl.checkConnect(Native Method)
	at java.base/sun.nio.ch.SocketChannelImpl.finishConnect(SocketChannelImpl.java:777)
	at org.apache.ratis.thirdparty.io.netty.channel.socket.nio.NioSocketChannel.doFinishConnect(NioSocketChannel.java:337)
	at org.apache.ratis.thirdparty.io.netty.channel.nio.AbstractNioChannel$AbstractNioUnsafe.finishConnect(AbstractNioChannel.java:334)
	at org.apache.ratis.thirdparty.io.netty.channel.nio.NioEventLoop.processSelectedKey(NioEventLoop.java:776)
	at org.apache.ratis.thirdparty.io.netty.channel.nio.NioEventLoop.processSelectedKeysOptimized(NioEventLoop.java:724)
	at org.apache.ratis.thirdparty.io.netty.channel.nio.NioEventLoop.processSelectedKeys(NioEventLoop.java:650)
	at org.apache.ratis.thirdparty.io.netty.channel.nio.NioEventLoop.run(NioEventLoop.java:562)
	at org.apache.ratis.thirdparty.io.netty.util.concurrent.SingleThreadEventExecutor$4.run(SingleThreadEventExecutor.java:997)
	at org.apache.ratis.thirdparty.io.netty.util.internal.ThreadExecutorMap$2.run(ThreadExecutorMap.java:74)
	at java.base/java.lang.Thread.run(Thread.java:829)
2023-03-28 15:14:24,243 [NettyClientStreamRpc-workerGroup--thread3] WARN  client.NettyClientStreamRpc (NettyClientStreamRpc.java:scheduleReconnect(206)) - Connection-localhost/127.0.0.1:35503: org.apache.ratis.netty.client.NettyClientStreamRpc$Connection$1@6a43f388 failed; schedule reconnecting to localhost/127.0.0.1:35503 in 100ms
2023-03-28 15:14:24,266 [NettyClientStreamRpc-workerGroup--thread3] WARN  client.NettyClientStreamRpc (NettyClientStreamRpc.java:scheduleReconnect(208)) - 
org.apache.ratis.thirdparty.io.netty.channel.AbstractChannel$AnnotatedConnectException: Connection refused: localhost/127.0.0.1:35503
Caused by: java.net.ConnectException: Connection refused
	at java.base/sun.nio.ch.SocketChannelImpl.checkConnect(Native Method)
	at java.base/sun.nio.ch.SocketChannelImpl.finishConnect(SocketChannelImpl.java:777)
	at org.apache.ratis.thirdparty.io.netty.channel.socket.nio.NioSocketChannel.doFinishConnect(NioSocketChannel.java:337)
	at org.apache.ratis.thirdparty.io.netty.channel.nio.AbstractNioChannel$AbstractNioUnsafe.finishConnect(AbstractNioChannel.java:334)
	at org.apache.ratis.thirdparty.io.netty.channel.nio.NioEventLoop.processSelectedKey(NioEventLoop.java:776)
	at org.apache.ratis.thirdparty.io.netty.channel.nio.NioEventLoop.processSelectedKeysOptimized(NioEventLoop.java:724)
	at org.apache.ratis.thirdparty.io.netty.channel.nio.NioEventLoop.processSelectedKeys(NioEventLoop.java:650)
	at org.apache.ratis.thirdparty.io.netty.channel.nio.NioEventLoop.run(NioEventLoop.java:562)
	at org.apache.ratis.thirdparty.io.netty.util.concurrent.SingleThreadEventExecutor$4.run(SingleThreadEventExecutor.java:997)
	at org.apache.ratis.thirdparty.io.netty.util.internal.ThreadExecutorMap$2.run(ThreadExecutorMap.java:74)
	at java.base/java.lang.Thread.run(Thread.java:829)
2023-03-28 15:14:24,265 [NettyClientStreamRpc-workerGroup--thread3] WARN  client.NettyClientStreamRpc (NettyClientStreamRpc.java:scheduleReconnect(206)) - Connection-localhost/127.0.0.1:35503: org.apache.ratis.netty.client.NettyClientStreamRpc$Connection$1@55c19149 failed; schedule reconnecting to localhost/127.0.0.1:35503 in 100ms
2023-03-28 15:14:24,265 [Thread-1337] WARN  util.PeerProxyMap (PeerProxyMap.java:closeProxy(179)) - s0-NettyServerStreamRpc: Failed to close proxy for peer s1|rpc:localhost:42161|admin:localhost:45919|client:localhost:41703|dataStream:localhost:35503|priority:0|startupRole:FOLLOWER, proxy class: class org.apache.ratis.client.impl.DataStreamClientImpl
org.apache.ratis.thirdparty.io.netty.channel.AbstractChannel$AnnotatedConnectException: Connection refused: localhost/127.0.0.1:35503
Caused by: java.net.ConnectException: Connection refused
	at java.base/sun.nio.ch.SocketChannelImpl.checkConnect(Native Method)
	at java.base/sun.nio.ch.SocketChannelImpl.finishConnect(SocketChannelImpl.java:777)
	at org.apache.ratis.thirdparty.io.netty.channel.socket.nio.NioSocketChannel.doFinishConnect(NioSocketChannel.java:337)
	at org.apache.ratis.thirdparty.io.netty.channel.nio.AbstractNioChannel$AbstractNioUnsafe.finishConnect(AbstractNioChannel.java:334)
	at org.apache.ratis.thirdparty.io.netty.channel.nio.NioEventLoop.processSelectedKey(NioEventLoop.java:776)
	at org.apache.ratis.thirdparty.io.netty.channel.nio.NioEventLoop.processSelectedKeysOptimized(NioEventLoop.java:724)
	at org.apache.ratis.thirdparty.io.netty.channel.nio.NioEventLoop.processSelectedKeys(NioEventLoop.java:650)
	at org.apache.ratis.thirdparty.io.netty.channel.nio.NioEventLoop.run(NioEventLoop.java:562)
	at org.apache.ratis.thirdparty.io.netty.util.concurrent.SingleThreadEventExecutor$4.run(SingleThreadEventExecutor.java:997)
	at org.apache.ratis.thirdparty.io.netty.util.internal.ThreadExecutorMap$2.run(ThreadExecutorMap.java:74)
	at java.base/java.lang.Thread.run(Thread.java:829)
2023-03-28 15:14:24,264 [Thread-1338] WARN  util.PeerProxyMap (PeerProxyMap.java:closeProxy(179)) - s0-NettyServerStreamRpc: Failed to close proxy for peer s2|rpc:localhost:39003|admin:localhost:43283|client:localhost:38251|dataStream:localhost:44179|priority:0|startupRole:FOLLOWER, proxy class: class org.apache.ratis.client.impl.DataStreamClientImpl
org.apache.ratis.thirdparty.io.netty.channel.AbstractChannel$AnnotatedConnectException: Connection refused: localhost/127.0.0.1:44179
Caused by: java.net.ConnectException: Connection refused
	at java.base/sun.nio.ch.SocketChannelImpl.checkConnect(Native Method)
	at java.base/sun.nio.ch.SocketChannelImpl.finishConnect(SocketChannelImpl.java:777)
	at org.apache.ratis.thirdparty.io.netty.channel.socket.nio.NioSocketChannel.doFinishConnect(NioSocketChannel.java:337)
	at org.apache.ratis.thirdparty.io.netty.channel.nio.AbstractNioChannel$AbstractNioUnsafe.finishConnect(AbstractNioChannel.java:334)
	at org.apache.ratis.thirdparty.io.netty.channel.nio.NioEventLoop.processSelectedKey(NioEventLoop.java:776)
	at org.apache.ratis.thirdparty.io.netty.channel.nio.NioEventLoop.processSelectedKeysOptimized(NioEventLoop.java:724)
	at org.apache.ratis.thirdparty.io.netty.channel.nio.NioEventLoop.processSelectedKeys(NioEventLoop.java:650)
	at org.apache.ratis.thirdparty.io.netty.channel.nio.NioEventLoop.run(NioEventLoop.java:562)
	at org.apache.ratis.thirdparty.io.netty.util.concurrent.SingleThreadEventExecutor$4.run(SingleThreadEventExecutor.java:997)
	at org.apache.ratis.thirdparty.io.netty.util.internal.ThreadExecutorMap$2.run(ThreadExecutorMap.java:74)
	at java.base/java.lang.Thread.run(Thread.java:829)
2023-03-28 15:14:24,255 [NettyClientStreamRpc-workerGroup--thread3] WARN  client.NettyClientStreamRpc (NettyClientStreamRpc.java:scheduleReconnect(208)) - 
org.apache.ratis.thirdparty.io.netty.channel.AbstractChannel$AnnotatedConnectException: Connection refused: localhost/127.0.0.1:35503
Caused by: java.net.ConnectException: Connection refused
	at java.base/sun.nio.ch.SocketChannelImpl.checkConnect(Native Method)
	at java.base/sun.nio.ch.SocketChannelImpl.finishConnect(SocketChannelImpl.java:777)
	at org.apache.ratis.thirdparty.io.netty.channel.socket.nio.NioSocketChannel.doFinishConnect(NioSocketChannel.java:337)
	at org.apache.ratis.thirdparty.io.netty.channel.nio.AbstractNioChannel$AbstractNioUnsafe.finishConnect(AbstractNioChannel.java:334)
	at org.apache.ratis.thirdparty.io.netty.channel.nio.NioEventLoop.processSelectedKey(NioEventLoop.java:776)
	at org.apache.ratis.thirdparty.io.netty.channel.nio.NioEventLoop.processSelectedKeysOptimized(NioEventLoop.java:724)
	at org.apache.ratis.thirdparty.io.netty.channel.nio.NioEventLoop.processSelectedKeys(NioEventLoop.java:650)
	at org.apache.ratis.thirdparty.io.netty.channel.nio.NioEventLoop.run(NioEventLoop.java:562)
	at org.apache.ratis.thirdparty.io.netty.util.concurrent.SingleThreadEventExecutor$4.run(SingleThreadEventExecutor.java:997)
	at org.apache.ratis.thirdparty.io.netty.util.internal.ThreadExecutorMap$2.run(ThreadExecutorMap.java:74)
	at java.base/java.lang.Thread.run(Thread.java:829)
2023-03-28 15:14:24,277 [NettyClientStreamRpc-workerGroup--thread3] WARN  client.NettyClientStreamRpc (NettyClientStreamRpc.java:scheduleReconnect(206)) - Connection-localhost/127.0.0.1:35503: org.apache.ratis.netty.client.NettyClientStreamRpc$Connection$1@5253ae01 failed; schedule reconnecting to localhost/127.0.0.1:35503 in 100ms
2023-03-28 15:14:24,276 [NettyClientStreamRpc-workerGroup--thread3] WARN  client.NettyClientStreamRpc (NettyClientStreamRpc.java:scheduleReconnect(206)) - Connection-localhost/127.0.0.1:35503: org.apache.ratis.netty.client.NettyClientStreamRpc$Connection$1@4219286f failed; schedule reconnecting to localhost/127.0.0.1:35503 in 100ms
2023-03-28 15:14:24,282 [NettyClientStreamRpc-workerGroup--thread3] WARN  client.NettyClientStreamRpc (NettyClientStreamRpc.java:scheduleReconnect(208)) - 
org.apache.ratis.thirdparty.io.netty.channel.AbstractChannel$AnnotatedConnectException: Connection refused: localhost/127.0.0.1:35503
Caused by: java.net.ConnectException: Connection refused
	at java.base/sun.nio.ch.SocketChannelImpl.checkConnect(Native Method)
	at java.base/sun.nio.ch.SocketChannelImpl.finishConnect(SocketChannelImpl.java:777)
	at org.apache.ratis.thirdparty.io.netty.channel.socket.nio.NioSocketChannel.doFinishConnect(NioSocketChannel.java:337)
	at org.apache.ratis.thirdparty.io.netty.channel.nio.AbstractNioChannel$AbstractNioUnsafe.finishConnect(AbstractNioChannel.java:334)
	at org.apache.ratis.thirdparty.io.netty.channel.nio.NioEventLoop.processSelectedKey(NioEventLoop.java:776)
	at org.apache.ratis.thirdparty.io.netty.channel.nio.NioEventLoop.processSelectedKeysOptimized(NioEventLoop.java:724)
	at org.apache.ratis.thirdparty.io.netty.channel.nio.NioEventLoop.processSelectedKeys(NioEventLoop.java:650)
	at org.apache.ratis.thirdparty.io.netty.channel.nio.NioEventLoop.run(NioEventLoop.java:562)
	at org.apache.ratis.thirdparty.io.netty.util.concurrent.SingleThreadEventExecutor$4.run(SingleThreadEventExecutor.java:997)
	at org.apache.ratis.thirdparty.io.netty.util.internal.ThreadExecutorMap$2.run(ThreadExecutorMap.java:74)
	at java.base/java.lang.Thread.run(Thread.java:829)
2023-03-28 15:14:24,276 [NettyClientStreamRpc-workerGroup--thread3] WARN  client.NettyClientStreamRpc (NettyClientStreamRpc.java:scheduleReconnect(206)) - Connection-localhost/127.0.0.1:35503: org.apache.ratis.netty.client.NettyClientStreamRpc$Connection$1@3e75d1d2 failed; schedule reconnecting to localhost/127.0.0.1:35503 in 100ms
2023-03-28 15:14:24,296 [NettyClientStreamRpc-workerGroup--thread3] WARN  client.NettyClientStreamRpc (NettyClientStreamRpc.java:scheduleReconnect(208)) - 
org.apache.ratis.thirdparty.io.netty.channel.AbstractChannel$AnnotatedConnectException: Connection refused: localhost/127.0.0.1:35503
Caused by: java.net.ConnectException: Connection refused
	at java.base/sun.nio.ch.SocketChannelImpl.checkConnect(Native Method)
	at java.base/sun.nio.ch.SocketChannelImpl.finishConnect(SocketChannelImpl.java:777)
	at org.apache.ratis.thirdparty.io.netty.channel.socket.nio.NioSocketChannel.doFinishConnect(NioSocketChannel.java:337)
	at org.apache.ratis.thirdparty.io.netty.channel.nio.AbstractNioChannel$AbstractNioUnsafe.finishConnect(AbstractNioChannel.java:334)
	at org.apache.ratis.thirdparty.io.netty.channel.nio.NioEventLoop.processSelectedKey(NioEventLoop.java:776)
	at org.apache.ratis.thirdparty.io.netty.channel.nio.NioEventLoop.processSelectedKeysOptimized(NioEventLoop.java:724)
	at org.apache.ratis.thirdparty.io.netty.channel.nio.NioEventLoop.processSelectedKeys(NioEventLoop.java:650)
	at org.apache.ratis.thirdparty.io.netty.channel.nio.NioEventLoop.run(NioEventLoop.java:562)
	at org.apache.ratis.thirdparty.io.netty.util.concurrent.SingleThreadEventExecutor$4.run(SingleThreadEventExecutor.java:997)
	at org.apache.ratis.thirdparty.io.netty.util.internal.ThreadExecutorMap$2.run(ThreadExecutorMap.java:74)
	at java.base/java.lang.Thread.run(Thread.java:829)
2023-03-28 15:14:24,296 [Thread-1359] WARN  util.PeerProxyMap (PeerProxyMap.java:closeProxy(179)) - s0-NettyServerStreamRpc: Failed to close proxy for peer s2|rpc:localhost:39003|admin:localhost:43283|client:localhost:38251|dataStream:localhost:44179|priority:0|startupRole:FOLLOWER, proxy class: class org.apache.ratis.client.impl.DataStreamClientImpl
org.apache.ratis.thirdparty.io.netty.channel.AbstractChannel$AnnotatedConnectException: Connection refused: localhost/127.0.0.1:44179
Caused by: java.net.ConnectException: Connection refused
	at java.base/sun.nio.ch.SocketChannelImpl.checkConnect(Native Method)
	at java.base/sun.nio.ch.SocketChannelImpl.finishConnect(SocketChannelImpl.java:777)
	at org.apache.ratis.thirdparty.io.netty.channel.socket.nio.NioSocketChannel.doFinishConnect(NioSocketChannel.java:337)
	at org.apache.ratis.thirdparty.io.netty.channel.nio.AbstractNioChannel$AbstractNioUnsafe.finishConnect(AbstractNioChannel.java:334)
	at org.apache.ratis.thirdparty.io.netty.channel.nio.NioEventLoop.processSelectedKey(NioEventLoop.java:776)
	at org.apache.ratis.thirdparty.io.netty.channel.nio.NioEventLoop.processSelectedKeysOptimized(NioEventLoop.java:724)
	at org.apache.ratis.thirdparty.io.netty.channel.nio.NioEventLoop.processSelectedKeys(NioEventLoop.java:650)
	at org.apache.ratis.thirdparty.io.netty.channel.nio.NioEventLoop.run(NioEventLoop.java:562)
	at org.apache.ratis.thirdparty.io.netty.util.concurrent.SingleThreadEventExecutor$4.run(SingleThreadEventExecutor.java:997)
	at org.apache.ratis.thirdparty.io.netty.util.internal.ThreadExecutorMap$2.run(ThreadExecutorMap.java:74)
	at java.base/java.lang.Thread.run(Thread.java:829)
2023-03-28 15:14:24,275 [NettyClientStreamRpc-workerGroup--thread3] WARN  client.NettyClientStreamRpc (NettyClientStreamRpc.java:scheduleReconnect(206)) - Connection-localhost/127.0.0.1:35503: org.apache.ratis.netty.client.NettyClientStreamRpc$Connection$1@1985f407 failed; schedule reconnecting to localhost/127.0.0.1:35503 in 100ms
2023-03-28 15:14:24,297 [NettyClientStreamRpc-workerGroup--thread3] WARN  client.NettyClientStreamRpc (NettyClientStreamRpc.java:scheduleReconnect(208)) - 
org.apache.ratis.thirdparty.io.netty.channel.AbstractChannel$AnnotatedConnectException: Connection refused: localhost/127.0.0.1:35503
Caused by: java.net.ConnectException: Connection refused
	at java.base/sun.nio.ch.SocketChannelImpl.checkConnect(Native Method)
	at java.base/sun.nio.ch.SocketChannelImpl.finishConnect(SocketChannelImpl.java:777)
	at org.apache.ratis.thirdparty.io.netty.channel.socket.nio.NioSocketChannel.doFinishConnect(NioSocketChannel.java:337)
	at org.apache.ratis.thirdparty.io.netty.channel.nio.AbstractNioChannel$AbstractNioUnsafe.finishConnect(AbstractNioChannel.java:334)
	at org.apache.ratis.thirdparty.io.netty.channel.nio.NioEventLoop.processSelectedKey(NioEventLoop.java:776)
	at org.apache.ratis.thirdparty.io.netty.channel.nio.NioEventLoop.processSelectedKeysOptimized(NioEventLoop.java:724)
	at org.apache.ratis.thirdparty.io.netty.channel.nio.NioEventLoop.processSelectedKeys(NioEventLoop.java:650)
	at org.apache.ratis.thirdparty.io.netty.channel.nio.NioEventLoop.run(NioEventLoop.java:562)
	at org.apache.ratis.thirdparty.io.netty.util.concurrent.SingleThreadEventExecutor$4.run(SingleThreadEventExecutor.java:997)
	at org.apache.ratis.thirdparty.io.netty.util.internal.ThreadExecutorMap$2.run(ThreadExecutorMap.java:74)
	at java.base/java.lang.Thread.run(Thread.java:829)
2023-03-28 15:14:24,274 [NettyClientStreamRpc-workerGroup--thread3] WARN  client.NettyClientStreamRpc (NettyClientStreamRpc.java:scheduleReconnect(206)) - Connection-localhost/127.0.0.1:35503: org.apache.ratis.netty.client.NettyClientStreamRpc$Connection$1@5d6a85f5 failed; schedule reconnecting to localhost/127.0.0.1:35503 in 100ms
2023-03-28 15:14:24,298 [NettyClientStreamRpc-workerGroup--thread3] WARN  client.NettyClientStreamRpc (NettyClientStreamRpc.java:scheduleReconnect(208)) - 
org.apache.ratis.thirdparty.io.netty.channel.AbstractChannel$AnnotatedConnectException: Connection refused: localhost/127.0.0.1:35503
Caused by: java.net.ConnectException: Connection refused
	at java.base/sun.nio.ch.SocketChannelImpl.checkConnect(Native Method)
	at java.base/sun.nio.ch.SocketChannelImpl.finishConnect(SocketChannelImpl.java:777)
	at org.apache.ratis.thirdparty.io.netty.channel.socket.nio.NioSocketChannel.doFinishConnect(NioSocketChannel.java:337)
	at org.apache.ratis.thirdparty.io.netty.channel.nio.AbstractNioChannel$AbstractNioUnsafe.finishConnect(AbstractNioChannel.java:334)
	at org.apache.ratis.thirdparty.io.netty.channel.nio.NioEventLoop.processSelectedKey(NioEventLoop.java:776)
	at org.apache.ratis.thirdparty.io.netty.channel.nio.NioEventLoop.processSelectedKeysOptimized(NioEventLoop.java:724)
	at org.apache.ratis.thirdparty.io.netty.channel.nio.NioEventLoop.processSelectedKeys(NioEventLoop.java:650)
	at org.apache.ratis.thirdparty.io.netty.channel.nio.NioEventLoop.run(NioEventLoop.java:562)
	at org.apache.ratis.thirdparty.io.netty.util.concurrent.SingleThreadEventExecutor$4.run(SingleThreadEventExecutor.java:997)
	at org.apache.ratis.thirdparty.io.netty.util.internal.ThreadExecutorMap$2.run(ThreadExecutorMap.java:74)
	at java.base/java.lang.Thread.run(Thread.java:829)
2023-03-28 15:14:24,273 [NettyClientStreamRpc-workerGroup--thread3] WARN  client.NettyClientStreamRpc (NettyClientStreamRpc.java:scheduleReconnect(206)) - Connection-localhost/127.0.0.1:35503: org.apache.ratis.netty.client.NettyClientStreamRpc$Connection$1@191ff49 failed; schedule reconnecting to localhost/127.0.0.1:35503 in 100ms
2023-03-28 15:14:24,298 [NettyClientStreamRpc-workerGroup--thread3] WARN  client.NettyClientStreamRpc (NettyClientStreamRpc.java:scheduleReconnect(208)) - 
org.apache.ratis.thirdparty.io.netty.channel.AbstractChannel$AnnotatedConnectException: Connection refused: localhost/127.0.0.1:35503
Caused by: java.net.ConnectException: Connection refused
	at java.base/sun.nio.ch.SocketChannelImpl.checkConnect(Native Method)
	at java.base/sun.nio.ch.SocketChannelImpl.finishConnect(SocketChannelImpl.java:777)
	at org.apache.ratis.thirdparty.io.netty.channel.socket.nio.NioSocketChannel.doFinishConnect(NioSocketChannel.java:337)
	at org.apache.ratis.thirdparty.io.netty.channel.nio.AbstractNioChannel$AbstractNioUnsafe.finishConnect(AbstractNioChannel.java:334)
	at org.apache.ratis.thirdparty.io.netty.channel.nio.NioEventLoop.processSelectedKey(NioEventLoop.java:776)
	at org.apache.ratis.thirdparty.io.netty.channel.nio.NioEventLoop.processSelectedKeysOptimized(NioEventLoop.java:724)
	at org.apache.ratis.thirdparty.io.netty.channel.nio.NioEventLoop.processSelectedKeys(NioEventLoop.java:650)
	at org.apache.ratis.thirdparty.io.netty.channel.nio.NioEventLoop.run(NioEventLoop.java:562)
	at org.apache.ratis.thirdparty.io.netty.util.concurrent.SingleThreadEventExecutor$4.run(SingleThreadEventExecutor.java:997)
	at org.apache.ratis.thirdparty.io.netty.util.internal.ThreadExecutorMap$2.run(ThreadExecutorMap.java:74)
	at java.base/java.lang.Thread.run(Thread.java:829)
2023-03-28 15:14:24,273 [NettyClientStreamRpc-workerGroup--thread3] WARN  client.NettyClientStreamRpc (NettyClientStreamRpc.java:scheduleReconnect(206)) - Connection-localhost/127.0.0.1:35503: org.apache.ratis.netty.client.NettyClientStreamRpc$Connection$1@55897651 failed; schedule reconnecting to localhost/127.0.0.1:35503 in 100ms
2023-03-28 15:14:24,298 [NettyClientStreamRpc-workerGroup--thread3] WARN  client.NettyClientStreamRpc (NettyClientStreamRpc.java:scheduleReconnect(208)) - 
org.apache.ratis.thirdparty.io.netty.channel.AbstractChannel$AnnotatedConnectException: Connection refused: localhost/127.0.0.1:35503
Caused by: java.net.ConnectException: Connection refused
	at java.base/sun.nio.ch.SocketChannelImpl.checkConnect(Native Method)
	at java.base/sun.nio.ch.SocketChannelImpl.finishConnect(SocketChannelImpl.java:777)
	at org.apache.ratis.thirdparty.io.netty.channel.socket.nio.NioSocketChannel.doFinishConnect(NioSocketChannel.java:337)
	at org.apache.ratis.thirdparty.io.netty.channel.nio.AbstractNioChannel$AbstractNioUnsafe.finishConnect(AbstractNioChannel.java:334)
	at org.apache.ratis.thirdparty.io.netty.channel.nio.NioEventLoop.processSelectedKey(NioEventLoop.java:776)
	at org.apache.ratis.thirdparty.io.netty.channel.nio.NioEventLoop.processSelectedKeysOptimized(NioEventLoop.java:724)
	at org.apache.ratis.thirdparty.io.netty.channel.nio.NioEventLoop.processSelectedKeys(NioEventLoop.java:650)
	at org.apache.ratis.thirdparty.io.netty.channel.nio.NioEventLoop.run(NioEventLoop.java:562)
	at org.apache.ratis.thirdparty.io.netty.util.concurrent.SingleThreadEventExecutor$4.run(SingleThreadEventExecutor.java:997)
	at org.apache.ratis.thirdparty.io.netty.util.internal.ThreadExecutorMap$2.run(ThreadExecutorMap.java:74)
	at java.base/java.lang.Thread.run(Thread.java:829)
2023-03-28 15:14:24,273 [NettyClientStreamRpc-workerGroup--thread3] WARN  client.NettyClientStreamRpc (NettyClientStreamRpc.java:scheduleReconnect(206)) - Connection-localhost/127.0.0.1:35503: org.apache.ratis.netty.client.NettyClientStreamRpc$Connection$1@14b1a059 failed; schedule reconnecting to localhost/127.0.0.1:35503 in 100ms
2023-03-28 15:14:24,299 [NettyClientStreamRpc-workerGroup--thread3] WARN  client.NettyClientStreamRpc (NettyClientStreamRpc.java:scheduleReconnect(208)) - 
org.apache.ratis.thirdparty.io.netty.channel.AbstractChannel$AnnotatedConnectException: Connection refused: localhost/127.0.0.1:35503
Caused by: java.net.ConnectException: Connection refused
	at java.base/sun.nio.ch.SocketChannelImpl.checkConnect(Native Method)
	at java.base/sun.nio.ch.SocketChannelImpl.finishConnect(SocketChannelImpl.java:777)
	at org.apache.ratis.thirdparty.io.netty.channel.socket.nio.NioSocketChannel.doFinishConnect(NioSocketChannel.java:337)
	at org.apache.ratis.thirdparty.io.netty.channel.nio.AbstractNioChannel$AbstractNioUnsafe.finishConnect(AbstractNioChannel.java:334)
	at org.apache.ratis.thirdparty.io.netty.channel.nio.NioEventLoop.processSelectedKey(NioEventLoop.java:776)
	at org.apache.ratis.thirdparty.io.netty.channel.nio.NioEventLoop.processSelectedKeysOptimized(NioEventLoop.java:724)
	at org.apache.ratis.thirdparty.io.netty.channel.nio.NioEventLoop.processSelectedKeys(NioEventLoop.java:650)
	at org.apache.ratis.thirdparty.io.netty.channel.nio.NioEventLoop.run(NioEventLoop.java:562)
	at org.apache.ratis.thirdparty.io.netty.util.concurrent.SingleThreadEventExecutor$4.run(SingleThreadEventExecutor.java:997)
	at org.apache.ratis.thirdparty.io.netty.util.internal.ThreadExecutorMap$2.run(ThreadExecutorMap.java:74)
	at java.base/java.lang.Thread.run(Thread.java:829)
2023-03-28 15:14:24,272 [NettyClientStreamRpc-workerGroup--thread3] WARN  client.NettyClientStreamRpc (NettyClientStreamRpc.java:scheduleReconnect(206)) - Connection-localhost/127.0.0.1:35503: org.apache.ratis.netty.client.NettyClientStreamRpc$Connection$1@e50d7fd failed; schedule reconnecting to localhost/127.0.0.1:35503 in 100ms
2023-03-28 15:14:24,299 [NettyClientStreamRpc-workerGroup--thread3] WARN  client.NettyClientStreamRpc (NettyClientStreamRpc.java:scheduleReconnect(208)) - 
org.apache.ratis.thirdparty.io.netty.channel.AbstractChannel$AnnotatedConnectException: Connection refused: localhost/127.0.0.1:35503
Caused by: java.net.ConnectException: Connection refused
	at java.base/sun.nio.ch.SocketChannelImpl.checkConnect(Native Method)
	at java.base/sun.nio.ch.SocketChannelImpl.finishConnect(SocketChannelImpl.java:777)
	at org.apache.ratis.thirdparty.io.netty.channel.socket.nio.NioSocketChannel.doFinishConnect(NioSocketChannel.java:337)
	at org.apache.ratis.thirdparty.io.netty.channel.nio.AbstractNioChannel$AbstractNioUnsafe.finishConnect(AbstractNioChannel.java:334)
	at org.apache.ratis.thirdparty.io.netty.channel.nio.NioEventLoop.processSelectedKey(NioEventLoop.java:776)
	at org.apache.ratis.thirdparty.io.netty.channel.nio.NioEventLoop.processSelectedKeysOptimized(NioEventLoop.java:724)
	at org.apache.ratis.thirdparty.io.netty.channel.nio.NioEventLoop.processSelectedKeys(NioEventLoop.java:650)
	at org.apache.ratis.thirdparty.io.netty.channel.nio.NioEventLoop.run(NioEventLoop.java:562)
	at org.apache.ratis.thirdparty.io.netty.util.concurrent.SingleThreadEventExecutor$4.run(SingleThreadEventExecutor.java:997)
	at org.apache.ratis.thirdparty.io.netty.util.internal.ThreadExecutorMap$2.run(ThreadExecutorMap.java:74)
	at java.base/java.lang.Thread.run(Thread.java:829)
2023-03-28 15:14:24,271 [Thread-1344] WARN  util.PeerProxyMap (PeerProxyMap.java:closeProxy(179)) - s1-NettyServerStreamRpc: Failed to close proxy for peer s2|rpc:localhost:39003|admin:localhost:43283|client:localhost:38251|dataStream:localhost:44179|priority:0|startupRole:FOLLOWER, proxy class: class org.apache.ratis.client.impl.DataStreamClientImpl
org.apache.ratis.thirdparty.io.netty.channel.AbstractChannel$AnnotatedConnectException: Connection refused: localhost/127.0.0.1:44179
Caused by: java.net.ConnectException: Connection refused
	at java.base/sun.nio.ch.SocketChannelImpl.checkConnect(Native Method)
	at java.base/sun.nio.ch.SocketChannelImpl.finishConnect(SocketChannelImpl.java:777)
	at org.apache.ratis.thirdparty.io.netty.channel.socket.nio.NioSocketChannel.doFinishConnect(NioSocketChannel.java:337)
	at org.apache.ratis.thirdparty.io.netty.channel.nio.AbstractNioChannel$AbstractNioUnsafe.finishConnect(AbstractNioChannel.java:334)
	at org.apache.ratis.thirdparty.io.netty.channel.nio.NioEventLoop.processSelectedKey(NioEventLoop.java:776)
	at org.apache.ratis.thirdparty.io.netty.channel.nio.NioEventLoop.processSelectedKeysOptimized(NioEventLoop.java:724)
	at org.apache.ratis.thirdparty.io.netty.channel.nio.NioEventLoop.processSelectedKeys(NioEventLoop.java:650)
	at org.apache.ratis.thirdparty.io.netty.channel.nio.NioEventLoop.run(NioEventLoop.java:562)
	at org.apache.ratis.thirdparty.io.netty.util.concurrent.SingleThreadEventExecutor$4.run(SingleThreadEventExecutor.java:997)
	at org.apache.ratis.thirdparty.io.netty.util.internal.ThreadExecutorMap$2.run(ThreadExecutorMap.java:74)
	at java.base/java.lang.Thread.run(Thread.java:829)
2023-03-28 15:14:24,271 [Thread-1342] WARN  util.PeerProxyMap (PeerProxyMap.java:closeProxy(179)) - s1-NettyServerStreamRpc: Failed to close proxy for peer s0|rpc:localhost:39189|admin:localhost:46309|client:localhost:42931|dataStream:localhost:35501|priority:0|startupRole:FOLLOWER, proxy class: class org.apache.ratis.client.impl.DataStreamClientImpl
org.apache.ratis.thirdparty.io.netty.channel.AbstractChannel$AnnotatedConnectException: Connection refused: localhost/127.0.0.1:35501
Caused by: java.net.ConnectException: Connection refused
	at java.base/sun.nio.ch.SocketChannelImpl.checkConnect(Native Method)
	at java.base/sun.nio.ch.SocketChannelImpl.finishConnect(SocketChannelImpl.java:777)
	at org.apache.ratis.thirdparty.io.netty.channel.socket.nio.NioSocketChannel.doFinishConnect(NioSocketChannel.java:337)
	at org.apache.ratis.thirdparty.io.netty.channel.nio.AbstractNioChannel$AbstractNioUnsafe.finishConnect(AbstractNioChannel.java:334)
	at org.apache.ratis.thirdparty.io.netty.channel.nio.NioEventLoop.processSelectedKey(NioEventLoop.java:776)
	at org.apache.ratis.thirdparty.io.netty.channel.nio.NioEventLoop.processSelectedKeysOptimized(NioEventLoop.java:724)
	at org.apache.ratis.thirdparty.io.netty.channel.nio.NioEventLoop.processSelectedKeys(NioEventLoop.java:650)
	at org.apache.ratis.thirdparty.io.netty.channel.nio.NioEventLoop.run(NioEventLoop.java:562)
	at org.apache.ratis.thirdparty.io.netty.util.concurrent.SingleThreadEventExecutor$4.run(SingleThreadEventExecutor.java:997)
	at org.apache.ratis.thirdparty.io.netty.util.internal.ThreadExecutorMap$2.run(ThreadExecutorMap.java:74)
	at java.base/java.lang.Thread.run(Thread.java:829)
2023-03-28 15:14:24,267 [NettyClientStreamRpc-workerGroup--thread3] WARN  client.NettyClientStreamRpc (NettyClientStreamRpc.java:scheduleReconnect(208)) - 
org.apache.ratis.thirdparty.io.netty.channel.AbstractChannel$AnnotatedConnectException: Connection refused: localhost/127.0.0.1:35503
Caused by: java.net.ConnectException: Connection refused
	at java.base/sun.nio.ch.SocketChannelImpl.checkConnect(Native Method)
	at java.base/sun.nio.ch.SocketChannelImpl.finishConnect(SocketChannelImpl.java:777)
	at org.apache.ratis.thirdparty.io.netty.channel.socket.nio.NioSocketChannel.doFinishConnect(NioSocketChannel.java:337)
	at org.apache.ratis.thirdparty.io.netty.channel.nio.AbstractNioChannel$AbstractNioUnsafe.finishConnect(AbstractNioChannel.java:334)
	at org.apache.ratis.thirdparty.io.netty.channel.nio.NioEventLoop.processSelectedKey(NioEventLoop.java:776)
	at org.apache.ratis.thirdparty.io.netty.channel.nio.NioEventLoop.processSelectedKeysOptimized(NioEventLoop.java:724)
	at org.apache.ratis.thirdparty.io.netty.channel.nio.NioEventLoop.processSelectedKeys(NioEventLoop.java:650)
	at org.apache.ratis.thirdparty.io.netty.channel.nio.NioEventLoop.run(NioEventLoop.java:562)
	at org.apache.ratis.thirdparty.io.netty.util.concurrent.SingleThreadEventExecutor$4.run(SingleThreadEventExecutor.java:997)
	at org.apache.ratis.thirdparty.io.netty.util.internal.ThreadExecutorMap$2.run(ThreadExecutorMap.java:74)
	at java.base/java.lang.Thread.run(Thread.java:829)
2023-03-28 15:14:24,298 [Thread-1356] WARN  util.PeerProxyMap (PeerProxyMap.java:closeProxy(179)) - s0-NettyServerStreamRpc: Failed to close proxy for peer s1|rpc:localhost:42161|admin:localhost:45919|client:localhost:41703|dataStream:localhost:35503|priority:0|startupRole:FOLLOWER, proxy class: class org.apache.ratis.client.impl.DataStreamClientImpl
org.apache.ratis.thirdparty.io.netty.channel.AbstractChannel$AnnotatedConnectException: Connection refused: localhost/127.0.0.1:35503
Caused by: java.net.ConnectException: Connection refused
	at java.base/sun.nio.ch.SocketChannelImpl.checkConnect(Native Method)
	at java.base/sun.nio.ch.SocketChannelImpl.finishConnect(SocketChannelImpl.java:777)
	at org.apache.ratis.thirdparty.io.netty.channel.socket.nio.NioSocketChannel.doFinishConnect(NioSocketChannel.java:337)
	at org.apache.ratis.thirdparty.io.netty.channel.nio.AbstractNioChannel$AbstractNioUnsafe.finishConnect(AbstractNioChannel.java:334)
	at org.apache.ratis.thirdparty.io.netty.channel.nio.NioEventLoop.processSelectedKey(NioEventLoop.java:776)
	at org.apache.ratis.thirdparty.io.netty.channel.nio.NioEventLoop.processSelectedKeysOptimized(NioEventLoop.java:724)
	at org.apache.ratis.thirdparty.io.netty.channel.nio.NioEventLoop.processSelectedKeys(NioEventLoop.java:650)
	at org.apache.ratis.thirdparty.io.netty.channel.nio.NioEventLoop.run(NioEventLoop.java:562)
	at org.apache.ratis.thirdparty.io.netty.util.concurrent.SingleThreadEventExecutor$4.run(SingleThreadEventExecutor.java:997)
	at org.apache.ratis.thirdparty.io.netty.util.internal.ThreadExecutorMap$2.run(ThreadExecutorMap.java:74)
	at java.base/java.lang.Thread.run(Thread.java:829)
2023-03-28 15:14:24,297 [NettyClientStreamRpc-workerGroup--thread3] WARN  client.NettyClientStreamRpc (NettyClientStreamRpc.java:scheduleReconnect(206)) - Connection-localhost/127.0.0.1:35503: org.apache.ratis.netty.client.NettyClientStreamRpc$Connection$1@15056be1 failed; schedule reconnecting to localhost/127.0.0.1:35503 in 100ms
2023-03-28 15:14:24,305 [NettyClientStreamRpc-workerGroup--thread3] WARN  client.NettyClientStreamRpc (NettyClientStreamRpc.java:scheduleReconnect(208)) - 
org.apache.ratis.thirdparty.io.netty.channel.AbstractChannel$AnnotatedConnectException: Connection refused: localhost/127.0.0.1:35503
Caused by: java.net.ConnectException: Connection refused
	at java.base/sun.nio.ch.SocketChannelImpl.checkConnect(Native Method)
	at java.base/sun.nio.ch.SocketChannelImpl.finishConnect(SocketChannelImpl.java:777)
	at org.apache.ratis.thirdparty.io.netty.channel.socket.nio.NioSocketChannel.doFinishConnect(NioSocketChannel.java:337)
	at org.apache.ratis.thirdparty.io.netty.channel.nio.AbstractNioChannel$AbstractNioUnsafe.finishConnect(AbstractNioChannel.java:334)
	at org.apache.ratis.thirdparty.io.netty.channel.nio.NioEventLoop.processSelectedKey(NioEventLoop.java:776)
	at org.apache.ratis.thirdparty.io.netty.channel.nio.NioEventLoop.processSelectedKeysOptimized(NioEventLoop.java:724)
	at org.apache.ratis.thirdparty.io.netty.channel.nio.NioEventLoop.processSelectedKeys(NioEventLoop.java:650)
	at org.apache.ratis.thirdparty.io.netty.channel.nio.NioEventLoop.run(NioEventLoop.java:562)
	at org.apache.ratis.thirdparty.io.netty.util.concurrent.SingleThreadEventExecutor$4.run(SingleThreadEventExecutor.java:997)
	at org.apache.ratis.thirdparty.io.netty.util.internal.ThreadExecutorMap$2.run(ThreadExecutorMap.java:74)
	at java.base/java.lang.Thread.run(Thread.java:829)
2023-03-28 15:14:24,291 [Thread-1343] WARN  util.PeerProxyMap (PeerProxyMap.java:closeProxy(179)) - s2-NettyServerStreamRpc: Failed to close proxy for peer s1|rpc:localhost:42161|admin:localhost:45919|client:localhost:41703|dataStream:localhost:35503|priority:0|startupRole:FOLLOWER, proxy class: class org.apache.ratis.client.impl.DataStreamClientImpl
org.apache.ratis.thirdparty.io.netty.channel.AbstractChannel$AnnotatedConnectException: Connection refused: localhost/127.0.0.1:35503
Caused by: java.net.ConnectException: Connection refused
	at java.base/sun.nio.ch.SocketChannelImpl.checkConnect(Native Method)
	at java.base/sun.nio.ch.SocketChannelImpl.finishConnect(SocketChannelImpl.java:777)
	at org.apache.ratis.thirdparty.io.netty.channel.socket.nio.NioSocketChannel.doFinishConnect(NioSocketChannel.java:337)
	at org.apache.ratis.thirdparty.io.netty.channel.nio.AbstractNioChannel$AbstractNioUnsafe.finishConnect(AbstractNioChannel.java:334)
	at org.apache.ratis.thirdparty.io.netty.channel.nio.NioEventLoop.processSelectedKey(NioEventLoop.java:776)
	at org.apache.ratis.thirdparty.io.netty.channel.nio.NioEventLoop.processSelectedKeysOptimized(NioEventLoop.java:724)
	at org.apache.ratis.thirdparty.io.netty.channel.nio.NioEventLoop.processSelectedKeys(NioEventLoop.java:650)
	at org.apache.ratis.thirdparty.io.netty.channel.nio.NioEventLoop.run(NioEventLoop.java:562)
	at org.apache.ratis.thirdparty.io.netty.util.concurrent.SingleThreadEventExecutor$4.run(SingleThreadEventExecutor.java:997)
	at org.apache.ratis.thirdparty.io.netty.util.internal.ThreadExecutorMap$2.run(ThreadExecutorMap.java:74)
	at java.base/java.lang.Thread.run(Thread.java:829)
2023-03-28 15:14:24,291 [Thread-1340] WARN  util.PeerProxyMap (PeerProxyMap.java:closeProxy(179)) - s2-NettyServerStreamRpc: Failed to close proxy for peer s0|rpc:localhost:39189|admin:localhost:46309|client:localhost:42931|dataStream:localhost:35501|priority:0|startupRole:FOLLOWER, proxy class: class org.apache.ratis.client.impl.DataStreamClientImpl
org.apache.ratis.thirdparty.io.netty.channel.AbstractChannel$AnnotatedConnectException: Connection refused: localhost/127.0.0.1:35501
Caused by: java.net.ConnectException: Connection refused
	at java.base/sun.nio.ch.SocketChannelImpl.checkConnect(Native Method)
	at java.base/sun.nio.ch.SocketChannelImpl.finishConnect(SocketChannelImpl.java:777)
	at org.apache.ratis.thirdparty.io.netty.channel.socket.nio.NioSocketChannel.doFinishConnect(NioSocketChannel.java:337)
	at org.apache.ratis.thirdparty.io.netty.channel.nio.AbstractNioChannel$AbstractNioUnsafe.finishConnect(AbstractNioChannel.java:334)
	at org.apache.ratis.thirdparty.io.netty.channel.nio.NioEventLoop.processSelectedKey(NioEventLoop.java:776)
	at org.apache.ratis.thirdparty.io.netty.channel.nio.NioEventLoop.processSelectedKeysOptimized(NioEventLoop.java:724)
	at org.apache.ratis.thirdparty.io.netty.channel.nio.NioEventLoop.processSelectedKeys(NioEventLoop.java:650)
	at org.apache.ratis.thirdparty.io.netty.channel.nio.NioEventLoop.run(NioEventLoop.java:562)
	at org.apache.ratis.thirdparty.io.netty.util.concurrent.SingleThreadEventExecutor$4.run(SingleThreadEventExecutor.java:997)
	at org.apache.ratis.thirdparty.io.netty.util.internal.ThreadExecutorMap$2.run(ThreadExecutorMap.java:74)
	at java.base/java.lang.Thread.run(Thread.java:829)
2023-03-28 15:14:24,306 [Thread-1367] WARN  util.PeerProxyMap (PeerProxyMap.java:closeProxy(179)) - s1-NettyServerStreamRpc: Failed to close proxy for peer s0|rpc:localhost:39189|admin:localhost:46309|client:localhost:42931|dataStream:localhost:35501|priority:0|startupRole:FOLLOWER, proxy class: class org.apache.ratis.client.impl.DataStreamClientImpl
org.apache.ratis.thirdparty.io.netty.channel.AbstractChannel$AnnotatedConnectException: Connection refused: localhost/127.0.0.1:35501
Caused by: java.net.ConnectException: Connection refused
	at java.base/sun.nio.ch.SocketChannelImpl.checkConnect(Native Method)
	at java.base/sun.nio.ch.SocketChannelImpl.finishConnect(SocketChannelImpl.java:777)
	at org.apache.ratis.thirdparty.io.netty.channel.socket.nio.NioSocketChannel.doFinishConnect(NioSocketChannel.java:337)
	at org.apache.ratis.thirdparty.io.netty.channel.nio.AbstractNioChannel$AbstractNioUnsafe.finishConnect(AbstractNioChannel.java:334)
	at org.apache.ratis.thirdparty.io.netty.channel.nio.NioEventLoop.processSelectedKey(NioEventLoop.java:776)
	at org.apache.ratis.thirdparty.io.netty.channel.nio.NioEventLoop.processSelectedKeysOptimized(NioEventLoop.java:724)
	at org.apache.ratis.thirdparty.io.netty.channel.nio.NioEventLoop.processSelectedKeys(NioEventLoop.java:650)
	at org.apache.ratis.thirdparty.io.netty.channel.nio.NioEventLoop.run(NioEventLoop.java:562)
	at org.apache.ratis.thirdparty.io.netty.util.concurrent.SingleThreadEventExecutor$4.run(SingleThreadEventExecutor.java:997)
	at org.apache.ratis.thirdparty.io.netty.util.internal.ThreadExecutorMap$2.run(ThreadExecutorMap.java:74)
	at java.base/java.lang.Thread.run(Thread.java:829)
2023-03-28 15:14:24,306 [Thread-1371] WARN  util.PeerProxyMap (PeerProxyMap.java:closeProxy(179)) - s1-NettyServerStreamRpc: Failed to close proxy for peer s2|rpc:localhost:39003|admin:localhost:43283|client:localhost:38251|dataStream:localhost:44179|priority:0|startupRole:FOLLOWER, proxy class: class org.apache.ratis.client.impl.DataStreamClientImpl
org.apache.ratis.thirdparty.io.netty.channel.AbstractChannel$AnnotatedConnectException: Connection refused: localhost/127.0.0.1:44179
Caused by: java.net.ConnectException: Connection refused
	at java.base/sun.nio.ch.SocketChannelImpl.checkConnect(Native Method)
	at java.base/sun.nio.ch.SocketChannelImpl.finishConnect(SocketChannelImpl.java:777)
	at org.apache.ratis.thirdparty.io.netty.channel.socket.nio.NioSocketChannel.doFinishConnect(NioSocketChannel.java:337)
	at org.apache.ratis.thirdparty.io.netty.channel.nio.AbstractNioChannel$AbstractNioUnsafe.finishConnect(AbstractNioChannel.java:334)
	at org.apache.ratis.thirdparty.io.netty.channel.nio.NioEventLoop.processSelectedKey(NioEventLoop.java:776)
	at org.apache.ratis.thirdparty.io.netty.channel.nio.NioEventLoop.processSelectedKeysOptimized(NioEventLoop.java:724)
	at org.apache.ratis.thirdparty.io.netty.channel.nio.NioEventLoop.processSelectedKeys(NioEventLoop.java:650)
	at org.apache.ratis.thirdparty.io.netty.channel.nio.NioEventLoop.run(NioEventLoop.java:562)
	at org.apache.ratis.thirdparty.io.netty.util.concurrent.SingleThreadEventExecutor$4.run(SingleThreadEventExecutor.java:997)
	at org.apache.ratis.thirdparty.io.netty.util.internal.ThreadExecutorMap$2.run(ThreadExecutorMap.java:74)
	at java.base/java.lang.Thread.run(Thread.java:829)
2023-03-28 15:14:24,282 [NettyClientStreamRpc-workerGroup--thread3] WARN  client.NettyClientStreamRpc (NettyClientStreamRpc.java:scheduleReconnect(208)) - 
org.apache.ratis.thirdparty.io.netty.channel.AbstractChannel$AnnotatedConnectException: Connection refused: localhost/127.0.0.1:35503
Caused by: java.net.ConnectException: Connection refused
	at java.base/sun.nio.ch.SocketChannelImpl.checkConnect(Native Method)
	at java.base/sun.nio.ch.SocketChannelImpl.finishConnect(SocketChannelImpl.java:777)
	at org.apache.ratis.thirdparty.io.netty.channel.socket.nio.NioSocketChannel.doFinishConnect(NioSocketChannel.java:337)
	at org.apache.ratis.thirdparty.io.netty.channel.nio.AbstractNioChannel$AbstractNioUnsafe.finishConnect(AbstractNioChannel.java:334)
	at org.apache.ratis.thirdparty.io.netty.channel.nio.NioEventLoop.processSelectedKey(NioEventLoop.java:776)
	at org.apache.ratis.thirdparty.io.netty.channel.nio.NioEventLoop.processSelectedKeysOptimized(NioEventLoop.java:724)
	at org.apache.ratis.thirdparty.io.netty.channel.nio.NioEventLoop.processSelectedKeys(NioEventLoop.java:650)
	at org.apache.ratis.thirdparty.io.netty.channel.nio.NioEventLoop.run(NioEventLoop.java:562)
	at org.apache.ratis.thirdparty.io.netty.util.concurrent.SingleThreadEventExecutor$4.run(SingleThreadEventExecutor.java:997)
	at org.apache.ratis.thirdparty.io.netty.util.internal.ThreadExecutorMap$2.run(ThreadExecutorMap.java:74)
	at java.base/java.lang.Thread.run(Thread.java:829)
2023-03-28 15:14:24,308 [Thread-1372] WARN  util.PeerProxyMap (PeerProxyMap.java:closeProxy(179)) - s1-NettyServerStreamRpc: Failed to close proxy for peer s0|rpc:localhost:39189|admin:localhost:46309|client:localhost:42931|dataStream:localhost:35501|priority:0|startupRole:FOLLOWER, proxy class: class org.apache.ratis.client.impl.DataStreamClientImpl
org.apache.ratis.thirdparty.io.netty.channel.AbstractChannel$AnnotatedConnectException: Connection refused: localhost/127.0.0.1:35501
Caused by: java.net.ConnectException: Connection refused
	at java.base/sun.nio.ch.SocketChannelImpl.checkConnect(Native Method)
	at java.base/sun.nio.ch.SocketChannelImpl.finishConnect(SocketChannelImpl.java:777)
	at org.apache.ratis.thirdparty.io.netty.channel.socket.nio.NioSocketChannel.doFinishConnect(NioSocketChannel.java:337)
	at org.apache.ratis.thirdparty.io.netty.channel.nio.AbstractNioChannel$AbstractNioUnsafe.finishConnect(AbstractNioChannel.java:334)
	at org.apache.ratis.thirdparty.io.netty.channel.nio.NioEventLoop.processSelectedKey(NioEventLoop.java:776)
	at org.apache.ratis.thirdparty.io.netty.channel.nio.NioEventLoop.processSelectedKeysOptimized(NioEventLoop.java:724)
	at org.apache.ratis.thirdparty.io.netty.channel.nio.NioEventLoop.processSelectedKeys(NioEventLoop.java:650)
	at org.apache.ratis.thirdparty.io.netty.channel.nio.NioEventLoop.run(NioEventLoop.java:562)
	at org.apache.ratis.thirdparty.io.netty.util.concurrent.SingleThreadEventExecutor$4.run(SingleThreadEventExecutor.java:997)
	at org.apache.ratis.thirdparty.io.netty.util.internal.ThreadExecutorMap$2.run(ThreadExecutorMap.java:74)
	at java.base/java.lang.Thread.run(Thread.java:829)
2023-03-28 15:14:24,309 [Thread-1374] WARN  util.PeerProxyMap (PeerProxyMap.java:closeProxy(179)) - s1-NettyServerStreamRpc: Failed to close proxy for peer s2|rpc:localhost:39003|admin:localhost:43283|client:localhost:38251|dataStream:localhost:44179|priority:0|startupRole:FOLLOWER, proxy class: class org.apache.ratis.client.impl.DataStreamClientImpl
org.apache.ratis.thirdparty.io.netty.channel.AbstractChannel$AnnotatedConnectException: Connection refused: localhost/127.0.0.1:44179
Caused by: java.net.ConnectException: Connection refused
	at java.base/sun.nio.ch.SocketChannelImpl.checkConnect(Native Method)
	at java.base/sun.nio.ch.SocketChannelImpl.finishConnect(SocketChannelImpl.java:777)
	at org.apache.ratis.thirdparty.io.netty.channel.socket.nio.NioSocketChannel.doFinishConnect(NioSocketChannel.java:337)
	at org.apache.ratis.thirdparty.io.netty.channel.nio.AbstractNioChannel$AbstractNioUnsafe.finishConnect(AbstractNioChannel.java:334)
	at org.apache.ratis.thirdparty.io.netty.channel.nio.NioEventLoop.processSelectedKey(NioEventLoop.java:776)
	at org.apache.ratis.thirdparty.io.netty.channel.nio.NioEventLoop.processSelectedKeysOptimized(NioEventLoop.java:724)
	at org.apache.ratis.thirdparty.io.netty.channel.nio.NioEventLoop.processSelectedKeys(NioEventLoop.java:650)
	at org.apache.ratis.thirdparty.io.netty.channel.nio.NioEventLoop.run(NioEventLoop.java:562)
	at org.apache.ratis.thirdparty.io.netty.util.concurrent.SingleThreadEventExecutor$4.run(SingleThreadEventExecutor.java:997)
	at org.apache.ratis.thirdparty.io.netty.util.internal.ThreadExecutorMap$2.run(ThreadExecutorMap.java:74)
	at java.base/java.lang.Thread.run(Thread.java:829)
2023-03-28 15:14:24,309 [Thread-1370] WARN  util.PeerProxyMap (PeerProxyMap.java:closeProxy(179)) - s2-NettyServerStreamRpc: Failed to close proxy for peer s0|rpc:localhost:39189|admin:localhost:46309|client:localhost:42931|dataStream:localhost:35501|priority:0|startupRole:FOLLOWER, proxy class: class org.apache.ratis.client.impl.DataStreamClientImpl
org.apache.ratis.thirdparty.io.netty.channel.AbstractChannel$AnnotatedConnectException: Connection refused: localhost/127.0.0.1:35501
Caused by: java.net.ConnectException: Connection refused
	at java.base/sun.nio.ch.SocketChannelImpl.checkConnect(Native Method)
	at java.base/sun.nio.ch.SocketChannelImpl.finishConnect(SocketChannelImpl.java:777)
	at org.apache.ratis.thirdparty.io.netty.channel.socket.nio.NioSocketChannel.doFinishConnect(NioSocketChannel.java:337)
	at org.apache.ratis.thirdparty.io.netty.channel.nio.AbstractNioChannel$AbstractNioUnsafe.finishConnect(AbstractNioChannel.java:334)
	at org.apache.ratis.thirdparty.io.netty.channel.nio.NioEventLoop.processSelectedKey(NioEventLoop.java:776)
	at org.apache.ratis.thirdparty.io.netty.channel.nio.NioEventLoop.processSelectedKeysOptimized(NioEventLoop.java:724)
	at org.apache.ratis.thirdparty.io.netty.channel.nio.NioEventLoop.processSelectedKeys(NioEventLoop.java:650)
	at org.apache.ratis.thirdparty.io.netty.channel.nio.NioEventLoop.run(NioEventLoop.java:562)
	at org.apache.ratis.thirdparty.io.netty.util.concurrent.SingleThreadEventExecutor$4.run(SingleThreadEventExecutor.java:997)
	at org.apache.ratis.thirdparty.io.netty.util.internal.ThreadExecutorMap$2.run(ThreadExecutorMap.java:74)
	at java.base/java.lang.Thread.run(Thread.java:829)
2023-03-28 15:14:24,310 [Thread-1376] WARN  util.PeerProxyMap (PeerProxyMap.java:closeProxy(179)) - s2-NettyServerStreamRpc: Failed to close proxy for peer s1|rpc:localhost:42161|admin:localhost:45919|client:localhost:41703|dataStream:localhost:35503|priority:0|startupRole:FOLLOWER, proxy class: class org.apache.ratis.client.impl.DataStreamClientImpl
org.apache.ratis.thirdparty.io.netty.channel.AbstractChannel$AnnotatedConnectException: Connection refused: localhost/127.0.0.1:35503
Caused by: java.net.ConnectException: Connection refused
	at java.base/sun.nio.ch.SocketChannelImpl.checkConnect(Native Method)
	at java.base/sun.nio.ch.SocketChannelImpl.finishConnect(SocketChannelImpl.java:777)
	at org.apache.ratis.thirdparty.io.netty.channel.socket.nio.NioSocketChannel.doFinishConnect(NioSocketChannel.java:337)
	at org.apache.ratis.thirdparty.io.netty.channel.nio.AbstractNioChannel$AbstractNioUnsafe.finishConnect(AbstractNioChannel.java:334)
	at org.apache.ratis.thirdparty.io.netty.channel.nio.NioEventLoop.processSelectedKey(NioEventLoop.java:776)
	at org.apache.ratis.thirdparty.io.netty.channel.nio.NioEventLoop.processSelectedKeysOptimized(NioEventLoop.java:724)
	at org.apache.ratis.thirdparty.io.netty.channel.nio.NioEventLoop.processSelectedKeys(NioEventLoop.java:650)
	at org.apache.ratis.thirdparty.io.netty.channel.nio.NioEventLoop.run(NioEventLoop.java:562)
	at org.apache.ratis.thirdparty.io.netty.util.concurrent.SingleThreadEventExecutor$4.run(SingleThreadEventExecutor.java:997)
	at org.apache.ratis.thirdparty.io.netty.util.internal.ThreadExecutorMap$2.run(ThreadExecutorMap.java:74)
	at java.base/java.lang.Thread.run(Thread.java:829)
2023-03-28 15:14:24,310 [Thread-1369] WARN  util.PeerProxyMap (PeerProxyMap.java:closeProxy(179)) - s0-NettyServerStreamRpc: Failed to close proxy for peer s1|rpc:localhost:42161|admin:localhost:45919|client:localhost:41703|dataStream:localhost:35503|priority:0|startupRole:FOLLOWER, proxy class: class org.apache.ratis.client.impl.DataStreamClientImpl
org.apache.ratis.thirdparty.io.netty.channel.AbstractChannel$AnnotatedConnectException: Connection refused: localhost/127.0.0.1:35503
Caused by: java.net.ConnectException: Connection refused
	at java.base/sun.nio.ch.SocketChannelImpl.checkConnect(Native Method)
	at java.base/sun.nio.ch.SocketChannelImpl.finishConnect(SocketChannelImpl.java:777)
	at org.apache.ratis.thirdparty.io.netty.channel.socket.nio.NioSocketChannel.doFinishConnect(NioSocketChannel.java:337)
	at org.apache.ratis.thirdparty.io.netty.channel.nio.AbstractNioChannel$AbstractNioUnsafe.finishConnect(AbstractNioChannel.java:334)
	at org.apache.ratis.thirdparty.io.netty.channel.nio.NioEventLoop.processSelectedKey(NioEventLoop.java:776)
	at org.apache.ratis.thirdparty.io.netty.channel.nio.NioEventLoop.processSelectedKeysOptimized(NioEventLoop.java:724)
	at org.apache.ratis.thirdparty.io.netty.channel.nio.NioEventLoop.processSelectedKeys(NioEventLoop.java:650)
	at org.apache.ratis.thirdparty.io.netty.channel.nio.NioEventLoop.run(NioEventLoop.java:562)
	at org.apache.ratis.thirdparty.io.netty.util.concurrent.SingleThreadEventExecutor$4.run(SingleThreadEventExecutor.java:997)
	at org.apache.ratis.thirdparty.io.netty.util.internal.ThreadExecutorMap$2.run(ThreadExecutorMap.java:74)
	at java.base/java.lang.Thread.run(Thread.java:829)
2023-03-28 15:14:24,310 [Thread-1378] WARN  util.PeerProxyMap (PeerProxyMap.java:closeProxy(179)) - s0-NettyServerStreamRpc: Failed to close proxy for peer s2|rpc:localhost:39003|admin:localhost:43283|client:localhost:38251|dataStream:localhost:44179|priority:0|startupRole:FOLLOWER, proxy class: class org.apache.ratis.client.impl.DataStreamClientImpl
org.apache.ratis.thirdparty.io.netty.channel.AbstractChannel$AnnotatedConnectException: Connection refused: localhost/127.0.0.1:44179
Caused by: java.net.ConnectException: Connection refused
	at java.base/sun.nio.ch.SocketChannelImpl.checkConnect(Native Method)
	at java.base/sun.nio.ch.SocketChannelImpl.finishConnect(SocketChannelImpl.java:777)
	at org.apache.ratis.thirdparty.io.netty.channel.socket.nio.NioSocketChannel.doFinishConnect(NioSocketChannel.java:337)
	at org.apache.ratis.thirdparty.io.netty.channel.nio.AbstractNioChannel$AbstractNioUnsafe.finishConnect(AbstractNioChannel.java:334)
	at org.apache.ratis.thirdparty.io.netty.channel.nio.NioEventLoop.processSelectedKey(NioEventLoop.java:776)
	at org.apache.ratis.thirdparty.io.netty.channel.nio.NioEventLoop.processSelectedKeysOptimized(NioEventLoop.java:724)
	at org.apache.ratis.thirdparty.io.netty.channel.nio.NioEventLoop.processSelectedKeys(NioEventLoop.java:650)
	at org.apache.ratis.thirdparty.io.netty.channel.nio.NioEventLoop.run(NioEventLoop.java:562)
	at org.apache.ratis.thirdparty.io.netty.util.concurrent.SingleThreadEventExecutor$4.run(SingleThreadEventExecutor.java:997)
	at org.apache.ratis.thirdparty.io.netty.util.internal.ThreadExecutorMap$2.run(ThreadExecutorMap.java:74)
	at java.base/java.lang.Thread.run(Thread.java:829)
2023-03-28 15:14:24,311 [Thread-1379] WARN  util.PeerProxyMap (PeerProxyMap.java:closeProxy(179)) - s0-NettyServerStreamRpc: Failed to close proxy for peer s1|rpc:localhost:42161|admin:localhost:45919|client:localhost:41703|dataStream:localhost:35503|priority:0|startupRole:FOLLOWER, proxy class: class org.apache.ratis.client.impl.DataStreamClientImpl
org.apache.ratis.thirdparty.io.netty.channel.AbstractChannel$AnnotatedConnectException: Connection refused: localhost/127.0.0.1:35503
Caused by: java.net.ConnectException: Connection refused
	at java.base/sun.nio.ch.SocketChannelImpl.checkConnect(Native Method)
	at java.base/sun.nio.ch.SocketChannelImpl.finishConnect(SocketChannelImpl.java:777)
	at org.apache.ratis.thirdparty.io.netty.channel.socket.nio.NioSocketChannel.doFinishConnect(NioSocketChannel.java:337)
	at org.apache.ratis.thirdparty.io.netty.channel.nio.AbstractNioChannel$AbstractNioUnsafe.finishConnect(AbstractNioChannel.java:334)
	at org.apache.ratis.thirdparty.io.netty.channel.nio.NioEventLoop.processSelectedKey(NioEventLoop.java:776)
	at org.apache.ratis.thirdparty.io.netty.channel.nio.NioEventLoop.processSelectedKeysOptimized(NioEventLoop.java:724)
	at org.apache.ratis.thirdparty.io.netty.channel.nio.NioEventLoop.processSelectedKeys(NioEventLoop.java:650)
	at org.apache.ratis.thirdparty.io.netty.channel.nio.NioEventLoop.run(NioEventLoop.java:562)
	at org.apache.ratis.thirdparty.io.netty.util.concurrent.SingleThreadEventExecutor$4.run(SingleThreadEventExecutor.java:997)
	at org.apache.ratis.thirdparty.io.netty.util.internal.ThreadExecutorMap$2.run(ThreadExecutorMap.java:74)
	at java.base/java.lang.Thread.run(Thread.java:829)
2023-03-28 15:14:24,312 [Thread-1380] WARN  util.PeerProxyMap (PeerProxyMap.java:closeProxy(179)) - s0-NettyServerStreamRpc: Failed to close proxy for peer s2|rpc:localhost:39003|admin:localhost:43283|client:localhost:38251|dataStream:localhost:44179|priority:0|startupRole:FOLLOWER, proxy class: class org.apache.ratis.client.impl.DataStreamClientImpl
org.apache.ratis.thirdparty.io.netty.channel.AbstractChannel$AnnotatedConnectException: Connection refused: localhost/127.0.0.1:44179
Caused by: java.net.ConnectException: Connection refused
	at java.base/sun.nio.ch.SocketChannelImpl.checkConnect(Native Method)
	at java.base/sun.nio.ch.SocketChannelImpl.finishConnect(SocketChannelImpl.java:777)
	at org.apache.ratis.thirdparty.io.netty.channel.socket.nio.NioSocketChannel.doFinishConnect(NioSocketChannel.java:337)
	at org.apache.ratis.thirdparty.io.netty.channel.nio.AbstractNioChannel$AbstractNioUnsafe.finishConnect(AbstractNioChannel.java:334)
	at org.apache.ratis.thirdparty.io.netty.channel.nio.NioEventLoop.processSelectedKey(NioEventLoop.java:776)
	at org.apache.ratis.thirdparty.io.netty.channel.nio.NioEventLoop.processSelectedKeysOptimized(NioEventLoop.java:724)
	at org.apache.ratis.thirdparty.io.netty.channel.nio.NioEventLoop.processSelectedKeys(NioEventLoop.java:650)
	at org.apache.ratis.thirdparty.io.netty.channel.nio.NioEventLoop.run(NioEventLoop.java:562)
	at org.apache.ratis.thirdparty.io.netty.util.concurrent.SingleThreadEventExecutor$4.run(SingleThreadEventExecutor.java:997)
	at org.apache.ratis.thirdparty.io.netty.util.internal.ThreadExecutorMap$2.run(ThreadExecutorMap.java:74)
	at java.base/java.lang.Thread.run(Thread.java:829)
2023-03-28 15:14:24,312 [JvmPauseMonitor4] INFO  util.JvmPauseMonitor (JvmPauseMonitor.java:run(109)) - JvmPauseMonitor-s0: Stopped
2023-03-28 15:14:24,312 [Thread-1377] WARN  util.PeerProxyMap (PeerProxyMap.java:closeProxy(179)) - s2-NettyServerStreamRpc: Failed to close proxy for peer s0|rpc:localhost:39189|admin:localhost:46309|client:localhost:42931|dataStream:localhost:35501|priority:0|startupRole:FOLLOWER, proxy class: class org.apache.ratis.client.impl.DataStreamClientImpl
org.apache.ratis.thirdparty.io.netty.channel.AbstractChannel$AnnotatedConnectException: Connection refused: localhost/127.0.0.1:35501
Caused by: java.net.ConnectException: Connection refused
	at java.base/sun.nio.ch.SocketChannelImpl.checkConnect(Native Method)
	at java.base/sun.nio.ch.SocketChannelImpl.finishConnect(SocketChannelImpl.java:777)
	at org.apache.ratis.thirdparty.io.netty.channel.socket.nio.NioSocketChannel.doFinishConnect(NioSocketChannel.java:337)
	at org.apache.ratis.thirdparty.io.netty.channel.nio.AbstractNioChannel$AbstractNioUnsafe.finishConnect(AbstractNioChannel.java:334)
	at org.apache.ratis.thirdparty.io.netty.channel.nio.NioEventLoop.processSelectedKey(NioEventLoop.java:776)
	at org.apache.ratis.thirdparty.io.netty.channel.nio.NioEventLoop.processSelectedKeysOptimized(NioEventLoop.java:724)
	at org.apache.ratis.thirdparty.io.netty.channel.nio.NioEventLoop.processSelectedKeys(NioEventLoop.java:650)
	at org.apache.ratis.thirdparty.io.netty.channel.nio.NioEventLoop.run(NioEventLoop.java:562)
	at org.apache.ratis.thirdparty.io.netty.util.concurrent.SingleThreadEventExecutor$4.run(SingleThreadEventExecutor.java:997)
	at org.apache.ratis.thirdparty.io.netty.util.internal.ThreadExecutorMap$2.run(ThreadExecutorMap.java:74)
	at java.base/java.lang.Thread.run(Thread.java:829)
2023-03-28 15:14:24,313 [Thread-1381] WARN  util.PeerProxyMap (PeerProxyMap.java:closeProxy(179)) - s2-NettyServerStreamRpc: Failed to close proxy for peer s1|rpc:localhost:42161|admin:localhost:45919|client:localhost:41703|dataStream:localhost:35503|priority:0|startupRole:FOLLOWER, proxy class: class org.apache.ratis.client.impl.DataStreamClientImpl
org.apache.ratis.thirdparty.io.netty.channel.AbstractChannel$AnnotatedConnectException: Connection refused: localhost/127.0.0.1:35503
Caused by: java.net.ConnectException: Connection refused
	at java.base/sun.nio.ch.SocketChannelImpl.checkConnect(Native Method)
	at java.base/sun.nio.ch.SocketChannelImpl.finishConnect(SocketChannelImpl.java:777)
	at org.apache.ratis.thirdparty.io.netty.channel.socket.nio.NioSocketChannel.doFinishConnect(NioSocketChannel.java:337)
	at org.apache.ratis.thirdparty.io.netty.channel.nio.AbstractNioChannel$AbstractNioUnsafe.finishConnect(AbstractNioChannel.java:334)
	at org.apache.ratis.thirdparty.io.netty.channel.nio.NioEventLoop.processSelectedKey(NioEventLoop.java:776)
	at org.apache.ratis.thirdparty.io.netty.channel.nio.NioEventLoop.processSelectedKeysOptimized(NioEventLoop.java:724)
	at org.apache.ratis.thirdparty.io.netty.channel.nio.NioEventLoop.processSelectedKeys(NioEventLoop.java:650)
	at org.apache.ratis.thirdparty.io.netty.channel.nio.NioEventLoop.run(NioEventLoop.java:562)
	at org.apache.ratis.thirdparty.io.netty.util.concurrent.SingleThreadEventExecutor$4.run(SingleThreadEventExecutor.java:997)
	at org.apache.ratis.thirdparty.io.netty.util.internal.ThreadExecutorMap$2.run(ThreadExecutorMap.java:74)
	at java.base/java.lang.Thread.run(Thread.java:829)
2023-03-28 15:14:24,313 [Thread-1375] WARN  util.PeerProxyMap (PeerProxyMap.java:closeProxy(179)) - s1-NettyServerStreamRpc: Failed to close proxy for peer s0|rpc:localhost:39189|admin:localhost:46309|client:localhost:42931|dataStream:localhost:35501|priority:0|startupRole:FOLLOWER, proxy class: class org.apache.ratis.client.impl.DataStreamClientImpl
org.apache.ratis.thirdparty.io.netty.channel.AbstractChannel$AnnotatedConnectException: Connection refused: localhost/127.0.0.1:35501
Caused by: java.net.ConnectException: Connection refused
	at java.base/sun.nio.ch.SocketChannelImpl.checkConnect(Native Method)
	at java.base/sun.nio.ch.SocketChannelImpl.finishConnect(SocketChannelImpl.java:777)
	at org.apache.ratis.thirdparty.io.netty.channel.socket.nio.NioSocketChannel.doFinishConnect(NioSocketChannel.java:337)
	at org.apache.ratis.thirdparty.io.netty.channel.nio.AbstractNioChannel$AbstractNioUnsafe.finishConnect(AbstractNioChannel.java:334)
	at org.apache.ratis.thirdparty.io.netty.channel.nio.NioEventLoop.processSelectedKey(NioEventLoop.java:776)
	at org.apache.ratis.thirdparty.io.netty.channel.nio.NioEventLoop.processSelectedKeysOptimized(NioEventLoop.java:724)
	at org.apache.ratis.thirdparty.io.netty.channel.nio.NioEventLoop.processSelectedKeys(NioEventLoop.java:650)
	at org.apache.ratis.thirdparty.io.netty.channel.nio.NioEventLoop.run(NioEventLoop.java:562)
	at org.apache.ratis.thirdparty.io.netty.util.concurrent.SingleThreadEventExecutor$4.run(SingleThreadEventExecutor.java:997)
	at org.apache.ratis.thirdparty.io.netty.util.internal.ThreadExecutorMap$2.run(ThreadExecutorMap.java:74)
	at java.base/java.lang.Thread.run(Thread.java:829)
2023-03-28 15:14:24,313 [Thread-1383] WARN  util.PeerProxyMap (PeerProxyMap.java:closeProxy(179)) - s1-NettyServerStreamRpc: Failed to close proxy for peer s2|rpc:localhost:39003|admin:localhost:43283|client:localhost:38251|dataStream:localhost:44179|priority:0|startupRole:FOLLOWER, proxy class: class org.apache.ratis.client.impl.DataStreamClientImpl
org.apache.ratis.thirdparty.io.netty.channel.AbstractChannel$AnnotatedConnectException: Connection refused: localhost/127.0.0.1:44179
Caused by: java.net.ConnectException: Connection refused
	at java.base/sun.nio.ch.SocketChannelImpl.checkConnect(Native Method)
	at java.base/sun.nio.ch.SocketChannelImpl.finishConnect(SocketChannelImpl.java:777)
	at org.apache.ratis.thirdparty.io.netty.channel.socket.nio.NioSocketChannel.doFinishConnect(NioSocketChannel.java:337)
	at org.apache.ratis.thirdparty.io.netty.channel.nio.AbstractNioChannel$AbstractNioUnsafe.finishConnect(AbstractNioChannel.java:334)
	at org.apache.ratis.thirdparty.io.netty.channel.nio.NioEventLoop.processSelectedKey(NioEventLoop.java:776)
	at org.apache.ratis.thirdparty.io.netty.channel.nio.NioEventLoop.processSelectedKeysOptimized(NioEventLoop.java:724)
	at org.apache.ratis.thirdparty.io.netty.channel.nio.NioEventLoop.processSelectedKeys(NioEventLoop.java:650)
	at org.apache.ratis.thirdparty.io.netty.channel.nio.NioEventLoop.run(NioEventLoop.java:562)
	at org.apache.ratis.thirdparty.io.netty.util.concurrent.SingleThreadEventExecutor$4.run(SingleThreadEventExecutor.java:997)
	at org.apache.ratis.thirdparty.io.netty.util.internal.ThreadExecutorMap$2.run(ThreadExecutorMap.java:74)
	at java.base/java.lang.Thread.run(Thread.java:829)
2023-03-28 15:14:24,314 [Thread-1382] WARN  util.PeerProxyMap (PeerProxyMap.java:closeProxy(179)) - s2-NettyServerStreamRpc: Failed to close proxy for peer s0|rpc:localhost:39189|admin:localhost:46309|client:localhost:42931|dataStream:localhost:35501|priority:0|startupRole:FOLLOWER, proxy class: class org.apache.ratis.client.impl.DataStreamClientImpl
org.apache.ratis.thirdparty.io.netty.channel.AbstractChannel$AnnotatedConnectException: Connection refused: localhost/127.0.0.1:35501
Caused by: java.net.ConnectException: Connection refused
	at java.base/sun.nio.ch.SocketChannelImpl.checkConnect(Native Method)
	at java.base/sun.nio.ch.SocketChannelImpl.finishConnect(SocketChannelImpl.java:777)
	at org.apache.ratis.thirdparty.io.netty.channel.socket.nio.NioSocketChannel.doFinishConnect(NioSocketChannel.java:337)
	at org.apache.ratis.thirdparty.io.netty.channel.nio.AbstractNioChannel$AbstractNioUnsafe.finishConnect(AbstractNioChannel.java:334)
	at org.apache.ratis.thirdparty.io.netty.channel.nio.NioEventLoop.processSelectedKey(NioEventLoop.java:776)
	at org.apache.ratis.thirdparty.io.netty.channel.nio.NioEventLoop.processSelectedKeysOptimized(NioEventLoop.java:724)
	at org.apache.ratis.thirdparty.io.netty.channel.nio.NioEventLoop.processSelectedKeys(NioEventLoop.java:650)
	at org.apache.ratis.thirdparty.io.netty.channel.nio.NioEventLoop.run(NioEventLoop.java:562)
	at org.apache.ratis.thirdparty.io.netty.util.concurrent.SingleThreadEventExecutor$4.run(SingleThreadEventExecutor.java:997)
	at org.apache.ratis.thirdparty.io.netty.util.internal.ThreadExecutorMap$2.run(ThreadExecutorMap.java:74)
	at java.base/java.lang.Thread.run(Thread.java:829)
2023-03-28 15:14:24,314 [Thread-1385] WARN  util.PeerProxyMap (PeerProxyMap.java:closeProxy(179)) - s2-NettyServerStreamRpc: Failed to close proxy for peer s1|rpc:localhost:42161|admin:localhost:45919|client:localhost:41703|dataStream:localhost:35503|priority:0|startupRole:FOLLOWER, proxy class: class org.apache.ratis.client.impl.DataStreamClientImpl
org.apache.ratis.thirdparty.io.netty.channel.AbstractChannel$AnnotatedConnectException: Connection refused: localhost/127.0.0.1:35503
Caused by: java.net.ConnectException: Connection refused
	at java.base/sun.nio.ch.SocketChannelImpl.checkConnect(Native Method)
	at java.base/sun.nio.ch.SocketChannelImpl.finishConnect(SocketChannelImpl.java:777)
	at org.apache.ratis.thirdparty.io.netty.channel.socket.nio.NioSocketChannel.doFinishConnect(NioSocketChannel.java:337)
	at org.apache.ratis.thirdparty.io.netty.channel.nio.AbstractNioChannel$AbstractNioUnsafe.finishConnect(AbstractNioChannel.java:334)
	at org.apache.ratis.thirdparty.io.netty.channel.nio.NioEventLoop.processSelectedKey(NioEventLoop.java:776)
	at org.apache.ratis.thirdparty.io.netty.channel.nio.NioEventLoop.processSelectedKeysOptimized(NioEventLoop.java:724)
	at org.apache.ratis.thirdparty.io.netty.channel.nio.NioEventLoop.processSelectedKeys(NioEventLoop.java:650)
	at org.apache.ratis.thirdparty.io.netty.channel.nio.NioEventLoop.run(NioEventLoop.java:562)
	at org.apache.ratis.thirdparty.io.netty.util.concurrent.SingleThreadEventExecutor$4.run(SingleThreadEventExecutor.java:997)
	at org.apache.ratis.thirdparty.io.netty.util.internal.ThreadExecutorMap$2.run(ThreadExecutorMap.java:74)
	at java.base/java.lang.Thread.run(Thread.java:829)
2023-03-28 15:14:24,315 [Thread-1386] WARN  util.PeerProxyMap (PeerProxyMap.java:closeProxy(179)) - s2-NettyServerStreamRpc: Failed to close proxy for peer s0|rpc:localhost:39189|admin:localhost:46309|client:localhost:42931|dataStream:localhost:35501|priority:0|startupRole:FOLLOWER, proxy class: class org.apache.ratis.client.impl.DataStreamClientImpl
org.apache.ratis.thirdparty.io.netty.channel.AbstractChannel$AnnotatedConnectException: Connection refused: localhost/127.0.0.1:35501
Caused by: java.net.ConnectException: Connection refused
	at java.base/sun.nio.ch.SocketChannelImpl.checkConnect(Native Method)
	at java.base/sun.nio.ch.SocketChannelImpl.finishConnect(SocketChannelImpl.java:777)
	at org.apache.ratis.thirdparty.io.netty.channel.socket.nio.NioSocketChannel.doFinishConnect(NioSocketChannel.java:337)
	at org.apache.ratis.thirdparty.io.netty.channel.nio.AbstractNioChannel$AbstractNioUnsafe.finishConnect(AbstractNioChannel.java:334)
	at org.apache.ratis.thirdparty.io.netty.channel.nio.NioEventLoop.processSelectedKey(NioEventLoop.java:776)
	at org.apache.ratis.thirdparty.io.netty.channel.nio.NioEventLoop.processSelectedKeysOptimized(NioEventLoop.java:724)
	at org.apache.ratis.thirdparty.io.netty.channel.nio.NioEventLoop.processSelectedKeys(NioEventLoop.java:650)
	at org.apache.ratis.thirdparty.io.netty.channel.nio.NioEventLoop.run(NioEventLoop.java:562)
	at org.apache.ratis.thirdparty.io.netty.util.concurrent.SingleThreadEventExecutor$4.run(SingleThreadEventExecutor.java:997)
	at org.apache.ratis.thirdparty.io.netty.util.internal.ThreadExecutorMap$2.run(ThreadExecutorMap.java:74)
	at java.base/java.lang.Thread.run(Thread.java:829)
2023-03-28 15:14:24,316 [Thread-1384] WARN  util.PeerProxyMap (PeerProxyMap.java:closeProxy(179)) - s1-NettyServerStreamRpc: Failed to close proxy for peer s0|rpc:localhost:39189|admin:localhost:46309|client:localhost:42931|dataStream:localhost:35501|priority:0|startupRole:FOLLOWER, proxy class: class org.apache.ratis.client.impl.DataStreamClientImpl
org.apache.ratis.thirdparty.io.netty.channel.AbstractChannel$AnnotatedConnectException: Connection refused: localhost/127.0.0.1:35501
Caused by: java.net.ConnectException: Connection refused
	at java.base/sun.nio.ch.SocketChannelImpl.checkConnect(Native Method)
	at java.base/sun.nio.ch.SocketChannelImpl.finishConnect(SocketChannelImpl.java:777)
	at org.apache.ratis.thirdparty.io.netty.channel.socket.nio.NioSocketChannel.doFinishConnect(NioSocketChannel.java:337)
	at org.apache.ratis.thirdparty.io.netty.channel.nio.AbstractNioChannel$AbstractNioUnsafe.finishConnect(AbstractNioChannel.java:334)
	at org.apache.ratis.thirdparty.io.netty.channel.nio.NioEventLoop.processSelectedKey(NioEventLoop.java:776)
	at org.apache.ratis.thirdparty.io.netty.channel.nio.NioEventLoop.processSelectedKeysOptimized(NioEventLoop.java:724)
	at org.apache.ratis.thirdparty.io.netty.channel.nio.NioEventLoop.processSelectedKeys(NioEventLoop.java:650)
	at org.apache.ratis.thirdparty.io.netty.channel.nio.NioEventLoop.run(NioEventLoop.java:562)
	at org.apache.ratis.thirdparty.io.netty.util.concurrent.SingleThreadEventExecutor$4.run(SingleThreadEventExecutor.java:997)
	at org.apache.ratis.thirdparty.io.netty.util.internal.ThreadExecutorMap$2.run(ThreadExecutorMap.java:74)
	at java.base/java.lang.Thread.run(Thread.java:829)
2023-03-28 15:14:24,316 [Thread-1387] WARN  util.PeerProxyMap (PeerProxyMap.java:closeProxy(179)) - s2-NettyServerStreamRpc: Failed to close proxy for peer s1|rpc:localhost:42161|admin:localhost:45919|client:localhost:41703|dataStream:localhost:35503|priority:0|startupRole:FOLLOWER, proxy class: class org.apache.ratis.client.impl.DataStreamClientImpl
org.apache.ratis.thirdparty.io.netty.channel.AbstractChannel$AnnotatedConnectException: Connection refused: localhost/127.0.0.1:35503
Caused by: java.net.ConnectException: Connection refused
	at java.base/sun.nio.ch.SocketChannelImpl.checkConnect(Native Method)
	at java.base/sun.nio.ch.SocketChannelImpl.finishConnect(SocketChannelImpl.java:777)
	at org.apache.ratis.thirdparty.io.netty.channel.socket.nio.NioSocketChannel.doFinishConnect(NioSocketChannel.java:337)
	at org.apache.ratis.thirdparty.io.netty.channel.nio.AbstractNioChannel$AbstractNioUnsafe.finishConnect(AbstractNioChannel.java:334)
	at org.apache.ratis.thirdparty.io.netty.channel.nio.NioEventLoop.processSelectedKey(NioEventLoop.java:776)
	at org.apache.ratis.thirdparty.io.netty.channel.nio.NioEventLoop.processSelectedKeysOptimized(NioEventLoop.java:724)
	at org.apache.ratis.thirdparty.io.netty.channel.nio.NioEventLoop.processSelectedKeys(NioEventLoop.java:650)
	at org.apache.ratis.thirdparty.io.netty.channel.nio.NioEventLoop.run(NioEventLoop.java:562)
	at org.apache.ratis.thirdparty.io.netty.util.concurrent.SingleThreadEventExecutor$4.run(SingleThreadEventExecutor.java:997)
	at org.apache.ratis.thirdparty.io.netty.util.internal.ThreadExecutorMap$2.run(ThreadExecutorMap.java:74)
	at java.base/java.lang.Thread.run(Thread.java:829)
2023-03-28 15:14:24,316 [Thread-1388] WARN  util.PeerProxyMap (PeerProxyMap.java:closeProxy(179)) - s1-NettyServerStreamRpc: Failed to close proxy for peer s2|rpc:localhost:39003|admin:localhost:43283|client:localhost:38251|dataStream:localhost:44179|priority:0|startupRole:FOLLOWER, proxy class: class org.apache.ratis.client.impl.DataStreamClientImpl
org.apache.ratis.thirdparty.io.netty.channel.AbstractChannel$AnnotatedConnectException: Connection refused: localhost/127.0.0.1:44179
Caused by: java.net.ConnectException: Connection refused
	at java.base/sun.nio.ch.SocketChannelImpl.checkConnect(Native Method)
	at java.base/sun.nio.ch.SocketChannelImpl.finishConnect(SocketChannelImpl.java:777)
	at org.apache.ratis.thirdparty.io.netty.channel.socket.nio.NioSocketChannel.doFinishConnect(NioSocketChannel.java:337)
	at org.apache.ratis.thirdparty.io.netty.channel.nio.AbstractNioChannel$AbstractNioUnsafe.finishConnect(AbstractNioChannel.java:334)
	at org.apache.ratis.thirdparty.io.netty.channel.nio.NioEventLoop.processSelectedKey(NioEventLoop.java:776)
	at org.apache.ratis.thirdparty.io.netty.channel.nio.NioEventLoop.processSelectedKeysOptimized(NioEventLoop.java:724)
	at org.apache.ratis.thirdparty.io.netty.channel.nio.NioEventLoop.processSelectedKeys(NioEventLoop.java:650)
	at org.apache.ratis.thirdparty.io.netty.channel.nio.NioEventLoop.run(NioEventLoop.java:562)
	at org.apache.ratis.thirdparty.io.netty.util.concurrent.SingleThreadEventExecutor$4.run(SingleThreadEventExecutor.java:997)
	at org.apache.ratis.thirdparty.io.netty.util.internal.ThreadExecutorMap$2.run(ThreadExecutorMap.java:74)
	at java.base/java.lang.Thread.run(Thread.java:829)
2023-03-28 15:14:24,316 [JvmPauseMonitor5] INFO  util.JvmPauseMonitor (JvmPauseMonitor.java:run(109)) - JvmPauseMonitor-s1: Stopped
2023-03-28 15:14:24,318 [Thread-1389] WARN  util.PeerProxyMap (PeerProxyMap.java:closeProxy(179)) - s2-NettyServerStreamRpc: Failed to close proxy for peer s0|rpc:localhost:39189|admin:localhost:46309|client:localhost:42931|dataStream:localhost:35501|priority:0|startupRole:FOLLOWER, proxy class: class org.apache.ratis.client.impl.DataStreamClientImpl
org.apache.ratis.thirdparty.io.netty.channel.AbstractChannel$AnnotatedConnectException: Connection refused: localhost/127.0.0.1:35501
Caused by: java.net.ConnectException: Connection refused
	at java.base/sun.nio.ch.SocketChannelImpl.checkConnect(Native Method)
	at java.base/sun.nio.ch.SocketChannelImpl.finishConnect(SocketChannelImpl.java:777)
	at org.apache.ratis.thirdparty.io.netty.channel.socket.nio.NioSocketChannel.doFinishConnect(NioSocketChannel.java:337)
	at org.apache.ratis.thirdparty.io.netty.channel.nio.AbstractNioChannel$AbstractNioUnsafe.finishConnect(AbstractNioChannel.java:334)
	at org.apache.ratis.thirdparty.io.netty.channel.nio.NioEventLoop.processSelectedKey(NioEventLoop.java:776)
	at org.apache.ratis.thirdparty.io.netty.channel.nio.NioEventLoop.processSelectedKeysOptimized(NioEventLoop.java:724)
	at org.apache.ratis.thirdparty.io.netty.channel.nio.NioEventLoop.processSelectedKeys(NioEventLoop.java:650)
	at org.apache.ratis.thirdparty.io.netty.channel.nio.NioEventLoop.run(NioEventLoop.java:562)
	at org.apache.ratis.thirdparty.io.netty.util.concurrent.SingleThreadEventExecutor$4.run(SingleThreadEventExecutor.java:997)
	at org.apache.ratis.thirdparty.io.netty.util.internal.ThreadExecutorMap$2.run(ThreadExecutorMap.java:74)
	at java.base/java.lang.Thread.run(Thread.java:829)
2023-03-28 15:14:24,318 [Thread-1390] WARN  util.PeerProxyMap (PeerProxyMap.java:closeProxy(179)) - s2-NettyServerStreamRpc: Failed to close proxy for peer s1|rpc:localhost:42161|admin:localhost:45919|client:localhost:41703|dataStream:localhost:35503|priority:0|startupRole:FOLLOWER, proxy class: class org.apache.ratis.client.impl.DataStreamClientImpl
org.apache.ratis.thirdparty.io.netty.channel.AbstractChannel$AnnotatedConnectException: Connection refused: localhost/127.0.0.1:35503
Caused by: java.net.ConnectException: Connection refused
	at java.base/sun.nio.ch.SocketChannelImpl.checkConnect(Native Method)
	at java.base/sun.nio.ch.SocketChannelImpl.finishConnect(SocketChannelImpl.java:777)
	at org.apache.ratis.thirdparty.io.netty.channel.socket.nio.NioSocketChannel.doFinishConnect(NioSocketChannel.java:337)
	at org.apache.ratis.thirdparty.io.netty.channel.nio.AbstractNioChannel$AbstractNioUnsafe.finishConnect(AbstractNioChannel.java:334)
	at org.apache.ratis.thirdparty.io.netty.channel.nio.NioEventLoop.processSelectedKey(NioEventLoop.java:776)
	at org.apache.ratis.thirdparty.io.netty.channel.nio.NioEventLoop.processSelectedKeysOptimized(NioEventLoop.java:724)
	at org.apache.ratis.thirdparty.io.netty.channel.nio.NioEventLoop.processSelectedKeys(NioEventLoop.java:650)
	at org.apache.ratis.thirdparty.io.netty.channel.nio.NioEventLoop.run(NioEventLoop.java:562)
	at org.apache.ratis.thirdparty.io.netty.util.concurrent.SingleThreadEventExecutor$4.run(SingleThreadEventExecutor.java:997)
	at org.apache.ratis.thirdparty.io.netty.util.internal.ThreadExecutorMap$2.run(ThreadExecutorMap.java:74)
	at java.base/java.lang.Thread.run(Thread.java:829)
2023-03-28 15:14:24,323 [Thread-1391] WARN  util.PeerProxyMap (PeerProxyMap.java:closeProxy(179)) - s2-NettyServerStreamRpc: Failed to close proxy for peer s0|rpc:localhost:39189|admin:localhost:46309|client:localhost:42931|dataStream:localhost:35501|priority:0|startupRole:FOLLOWER, proxy class: class org.apache.ratis.client.impl.DataStreamClientImpl
org.apache.ratis.thirdparty.io.netty.channel.AbstractChannel$AnnotatedConnectException: Connection refused: localhost/127.0.0.1:35501
Caused by: java.net.ConnectException: Connection refused
	at java.base/sun.nio.ch.SocketChannelImpl.checkConnect(Native Method)
	at java.base/sun.nio.ch.SocketChannelImpl.finishConnect(SocketChannelImpl.java:777)
	at org.apache.ratis.thirdparty.io.netty.channel.socket.nio.NioSocketChannel.doFinishConnect(NioSocketChannel.java:337)
	at org.apache.ratis.thirdparty.io.netty.channel.nio.AbstractNioChannel$AbstractNioUnsafe.finishConnect(AbstractNioChannel.java:334)
	at org.apache.ratis.thirdparty.io.netty.channel.nio.NioEventLoop.processSelectedKey(NioEventLoop.java:776)
	at org.apache.ratis.thirdparty.io.netty.channel.nio.NioEventLoop.processSelectedKeysOptimized(NioEventLoop.java:724)
	at org.apache.ratis.thirdparty.io.netty.channel.nio.NioEventLoop.processSelectedKeys(NioEventLoop.java:650)
	at org.apache.ratis.thirdparty.io.netty.channel.nio.NioEventLoop.run(NioEventLoop.java:562)
	at org.apache.ratis.thirdparty.io.netty.util.concurrent.SingleThreadEventExecutor$4.run(SingleThreadEventExecutor.java:997)
	at org.apache.ratis.thirdparty.io.netty.util.internal.ThreadExecutorMap$2.run(ThreadExecutorMap.java:74)
	at java.base/java.lang.Thread.run(Thread.java:829)
2023-03-28 15:14:24,324 [Thread-1392] WARN  util.PeerProxyMap (PeerProxyMap.java:closeProxy(179)) - s2-NettyServerStreamRpc: Failed to close proxy for peer s1|rpc:localhost:42161|admin:localhost:45919|client:localhost:41703|dataStream:localhost:35503|priority:0|startupRole:FOLLOWER, proxy class: class org.apache.ratis.client.impl.DataStreamClientImpl
org.apache.ratis.thirdparty.io.netty.channel.AbstractChannel$AnnotatedConnectException: Connection refused: localhost/127.0.0.1:35503
Caused by: java.net.ConnectException: Connection refused
	at java.base/sun.nio.ch.SocketChannelImpl.checkConnect(Native Method)
	at java.base/sun.nio.ch.SocketChannelImpl.finishConnect(SocketChannelImpl.java:777)
	at org.apache.ratis.thirdparty.io.netty.channel.socket.nio.NioSocketChannel.doFinishConnect(NioSocketChannel.java:337)
	at org.apache.ratis.thirdparty.io.netty.channel.nio.AbstractNioChannel$AbstractNioUnsafe.finishConnect(AbstractNioChannel.java:334)
	at org.apache.ratis.thirdparty.io.netty.channel.nio.NioEventLoop.processSelectedKey(NioEventLoop.java:776)
	at org.apache.ratis.thirdparty.io.netty.channel.nio.NioEventLoop.processSelectedKeysOptimized(NioEventLoop.java:724)
	at org.apache.ratis.thirdparty.io.netty.channel.nio.NioEventLoop.processSelectedKeys(NioEventLoop.java:650)
	at org.apache.ratis.thirdparty.io.netty.channel.nio.NioEventLoop.run(NioEventLoop.java:562)
	at org.apache.ratis.thirdparty.io.netty.util.concurrent.SingleThreadEventExecutor$4.run(SingleThreadEventExecutor.java:997)
	at org.apache.ratis.thirdparty.io.netty.util.internal.ThreadExecutorMap$2.run(ThreadExecutorMap.java:74)
	at java.base/java.lang.Thread.run(Thread.java:829)
2023-03-28 15:14:24,325 [JvmPauseMonitor6] INFO  util.JvmPauseMonitor (JvmPauseMonitor.java:run(109)) - JvmPauseMonitor-s2: Stopped
2023-03-28 15:14:24,325 [Time-limited test] INFO  impl.MiniRaftCluster (MiniRaftCluster.java:shutdown(855)) - MiniRaftClusterWithRpcTypeGrpcAndDataStreamTypeNetty shutdown completed
]]></system-out>
  </testcase>
  <testcase name="testStreamWrites" classname="org.apache.ratis.datastream.TestNettyDataStreamStarTopologyWithGrpcCluster" time="6.731">
    <system-out><![CDATA[2023-03-28 15:14:24,331 [main] INFO  util.LogUtils (Slf4jUtils.java:setLogLevel(38)) - Successfully set org.apache.ratis.conf.ConfUtils log level to WARN
2023-03-28 15:14:24,331 [main] INFO  util.LogUtils (Slf4jUtils.java:setLogLevel(38)) - Successfully set org.apache.ratis.util.FileUtils log level to TRACE
2023-03-28 15:14:24,332 [Time-limited test] INFO  impl.MiniRaftCluster (MiniRaftCluster.java:runWithNewCluster(135)) - Running runWithNewCluster
2023-03-28 15:14:24,333 [Time-limited test] INFO  impl.MiniRaftCluster (MiniRaftCluster.java:<init>(306)) - new MiniRaftClusterWithRpcTypeGrpcAndDataStreamTypeNetty with group-3C1447EEDE3C:[s0|rpc:localhost:43573|admin:localhost:41975|client:localhost:42953|dataStream:localhost:45139|priority:0|startupRole:FOLLOWER, s1|rpc:localhost:41959|admin:localhost:40503|client:localhost:38419|dataStream:localhost:44143|priority:0|startupRole:FOLLOWER, s2|rpc:localhost:42139|admin:localhost:39277|client:localhost:39361|dataStream:localhost:34277|priority:0|startupRole:FOLLOWER]
2023-03-28 15:14:24,334 [Time-limited test] INFO  impl.MiniRaftCluster (MiniRaftCluster.java:start(339)) - .............................................................. 
2023-03-28 15:14:24,334 [Time-limited test] INFO  impl.MiniRaftCluster (MiniRaftCluster.java:start(340)) - ... 
2023-03-28 15:14:24,334 [Time-limited test] INFO  impl.MiniRaftCluster (MiniRaftCluster.java:start(341)) - ...     Starting MiniRaftClusterWithRpcTypeGrpcAndDataStreamTypeNetty
2023-03-28 15:14:24,339 [Time-limited test] INFO  impl.MiniRaftCluster (MiniRaftCluster.java:start(342)) - ... 
2023-03-28 15:14:24,339 [Time-limited test] INFO  impl.MiniRaftCluster (MiniRaftCluster.java:start(343)) - .............................................................. 
2023-03-28 15:14:24,339 [Time-limited test] INFO  impl.MiniRaftCluster (MiniRaftCluster.java:initServers(318)) - servers = {}
2023-03-28 15:14:24,340 [Time-limited test] INFO  impl.MiniRaftCluster (MiniRaftCluster.java:newRaftServer(382)) - newRaftServer: s0, group-3C1447EEDE3C:[s0|rpc:localhost:43573|admin:localhost:41975|client:localhost:42953|dataStream:localhost:45139|priority:0|startupRole:FOLLOWER, s1|rpc:localhost:41959|admin:localhost:40503|client:localhost:38419|dataStream:localhost:44143|priority:0|startupRole:FOLLOWER, s2|rpc:localhost:42139|admin:localhost:39277|client:localhost:39361|dataStream:localhost:34277|priority:0|startupRole:FOLLOWER], format? true
2023-03-28 15:14:24,340 [Time-limited test] TRACE util.FileUtils (FileUtils.java:deleteFully(201)) - deleteFully target/test/data/2b0b63e9/MiniRaftClusterWithRpcTypeGrpcAndDataStreamTypeNettyc514589/s0
2023-03-28 15:14:24,340 [Time-limited test] TRACE util.FileUtils (FileUtils.java:deleteFully(217)) - deleteFully: target/test/data/2b0b63e9/MiniRaftClusterWithRpcTypeGrpcAndDataStreamTypeNettyc514589/s0 does not exist.
2023-03-28 15:14:24,340 [Time-limited test] INFO  impl.MiniRaftCluster (MiniRaftCluster.java:newRaftServer(387)) - Formatted directory target/test/data/2b0b63e9/MiniRaftClusterWithRpcTypeGrpcAndDataStreamTypeNettyc514589/s0
2023-03-28 15:14:24,340 [Time-limited test] INFO  server.RaftServer (ConfUtils.java:logGet(46)) - raft.rpc.type = GRPC (default)
2023-03-28 15:14:24,341 [Time-limited test] INFO  grpc.GrpcConfigKeys (ConfUtils.java:logFallback(53)) - raft.grpc.admin.host = null (fallback to raft.grpc.server.host)
2023-03-28 15:14:24,341 [Time-limited test] INFO  grpc.GrpcConfigKeys (ConfUtils.java:logGet(46)) - raft.grpc.admin.port = 41975 (custom)
2023-03-28 15:14:24,341 [Time-limited test] INFO  grpc.GrpcConfigKeys (ConfUtils.java:logFallback(53)) - raft.grpc.client.host = null (fallback to raft.grpc.server.host)
2023-03-28 15:14:24,341 [Time-limited test] INFO  grpc.GrpcConfigKeys (ConfUtils.java:logGet(46)) - raft.grpc.client.port = 42953 (custom)
2023-03-28 15:14:24,341 [Time-limited test] INFO  grpc.GrpcConfigKeys (ConfUtils.java:logGet(46)) - raft.grpc.server.host = null (default)
2023-03-28 15:14:24,341 [Time-limited test] INFO  grpc.GrpcConfigKeys (ConfUtils.java:logGet(46)) - raft.grpc.server.port = 43573 (custom)
2023-03-28 15:14:24,343 [Time-limited test] INFO  server.GrpcService (ConfUtils.java:logGet(46)) - raft.grpc.message.size.max = 64MB (=67108864) (default)
2023-03-28 15:14:24,345 [Time-limited test] INFO  server.RaftServerConfigKeys (ConfUtils.java:logGet(46)) - raft.server.log.appender.buffer.byte-limit = 4MB (=4194304) (default)
2023-03-28 15:14:24,345 [Time-limited test] INFO  server.GrpcService (ConfUtils.java:logGet(46)) - raft.grpc.flow.control.window = 1MB (=1048576) (default)
2023-03-28 15:14:24,346 [Time-limited test] INFO  server.RaftServerConfigKeys (ConfUtils.java:logGet(46)) - raft.server.rpc.request.timeout = 3000ms (default)
2023-03-28 15:14:24,346 [Time-limited test] INFO  grpc.GrpcConfigKeys (ConfUtils.java:logGet(46)) - raft.grpc.server.heartbeat.channel = true (default)
2023-03-28 15:14:24,346 [Time-limited test] INFO  grpc.GrpcConfigKeys (ConfUtils.java:logGet(46)) - raft.grpc.server.async.request.thread.pool.cached = true (default)
2023-03-28 15:14:24,348 [Time-limited test] INFO  grpc.GrpcConfigKeys (ConfUtils.java:logGet(46)) - raft.grpc.server.async.request.thread.pool.size = 32 (default)
2023-03-28 15:14:24,349 [Time-limited test] INFO  impl.DataStreamServerImpl (ConfUtils.java:logGet(46)) - raft.datastream.type = NETTY (custom)
2023-03-28 15:14:24,349 [Time-limited test] INFO  server.RaftServerConfigKeys (ConfUtils.java:logGet(46)) - raft.server.data-stream.async.request.thread.pool.cached = false (default)
2023-03-28 15:14:24,349 [Time-limited test] INFO  server.RaftServerConfigKeys (ConfUtils.java:logGet(46)) - raft.server.data-stream.async.request.thread.pool.size = 32 (default)
2023-03-28 15:14:24,349 [Time-limited test] INFO  server.RaftServerConfigKeys (ConfUtils.java:logGet(46)) - raft.server.data-stream.async.write.thread.pool.size = 16 (default)
2023-03-28 15:14:24,349 [Time-limited test] INFO  server.RaftServerConfigKeys (ConfUtils.java:logGet(46)) - raft.server.data-stream.client.pool.size = 10 (default)
2023-03-28 15:14:24,349 [Time-limited test] INFO  netty.NettyConfigKeys$DataStream (ConfUtils.java:logGet(46)) - raft.netty.dataStream.server.use-epoll = false (default)
2023-03-28 15:14:24,349 [Time-limited test] INFO  netty.NettyConfigKeys$DataStream (ConfUtils.java:logGet(46)) - raft.netty.dataStream.server.boss-group.size = 0 (default)
2023-03-28 15:14:24,350 [Time-limited test] INFO  netty.NettyConfigKeys$DataStream (ConfUtils.java:logGet(46)) - raft.netty.dataStream.server.worker-group.size = 0 (default)
2023-03-28 15:14:24,350 [Time-limited test] INFO  netty.NettyConfigKeys$DataStream (ConfUtils.java:logGet(46)) - raft.netty.dataStream.server.tls.conf = null (default)
2023-03-28 15:14:24,350 [Time-limited test] INFO  netty.NettyConfigKeys$DataStream (ConfUtils.java:logGet(46)) - raft.netty.dataStream.host = null (default)
2023-03-28 15:14:24,350 [Time-limited test] INFO  netty.NettyConfigKeys$DataStream (ConfUtils.java:logGet(46)) - raft.netty.dataStream.port = 45139 (custom)
2023-03-28 15:14:24,364 [Time-limited test] INFO  server.RaftServerConfigKeys (ConfUtils.java:logGet(46)) - raft.server.threadpool.proxy.cached = true (default)
2023-03-28 15:14:24,364 [Time-limited test] INFO  server.RaftServerConfigKeys (ConfUtils.java:logGet(46)) - raft.server.threadpool.proxy.size = 0 (default)
2023-03-28 15:14:24,364 [Time-limited test] INFO  server.RaftServerConfigKeys (ConfUtils.java:logGet(46)) - raft.server.rpc.slowness.timeout = 60s (default)
2023-03-28 15:14:24,364 [Time-limited test] INFO  server.RaftServerConfigKeys (ConfUtils.java:logGet(46)) - raft.server.leaderelection.leader.step-down.wait-time = 10s (default)
2023-03-28 15:14:24,364 [Time-limited test] INFO  server.RaftServerConfigKeys (ConfUtils.java:logGet(46)) - raft.server.storage.dir = [/home/runner/work/ratis/ratis/ratis-test/target/test/data/2b0b63e9/MiniRaftClusterWithRpcTypeGrpcAndDataStreamTypeNettyc514589/s0] (custom)
2023-03-28 15:14:24,365 [s0-NettyServerStreamRpc-bossGroup--thread1] INFO  logging.LoggingHandler (AbstractInternalLogger.java:log(148)) - [id: 0x556d4e97] REGISTERED
2023-03-28 15:14:24,365 [s0-NettyServerStreamRpc-bossGroup--thread1] INFO  logging.LoggingHandler (AbstractInternalLogger.java:log(148)) - [id: 0x556d4e97] BIND: 0.0.0.0/0.0.0.0:45139
2023-03-28 15:14:24,365 [s0-NettyServerStreamRpc-bossGroup--thread1] INFO  logging.LoggingHandler (AbstractInternalLogger.java:log(148)) - [id: 0x556d4e97, L:/0.0.0.0:45139] ACTIVE
2023-03-28 15:14:24,373 [Time-limited test] INFO  server.RaftServer (RaftServerProxy.java:addNew(99)) - s0: addNew group-3C1447EEDE3C:[s0|rpc:localhost:43573|admin:localhost:41975|client:localhost:42953|dataStream:localhost:45139|priority:0|startupRole:FOLLOWER, s1|rpc:localhost:41959|admin:localhost:40503|client:localhost:38419|dataStream:localhost:44143|priority:0|startupRole:FOLLOWER, s2|rpc:localhost:42139|admin:localhost:39277|client:localhost:39361|dataStream:localhost:34277|priority:0|startupRole:FOLLOWER] returns group-3C1447EEDE3C:java.util.concurrent.CompletableFuture@1b0f3a22[Not completed]
2023-03-28 15:14:24,373 [s0-groupManagement] INFO  server.RaftServer$Division (RaftServerImpl.java:<init>(198)) - s0: new RaftServerImpl for group-3C1447EEDE3C:[s0|rpc:localhost:43573|admin:localhost:41975|client:localhost:42953|dataStream:localhost:45139|priority:0|startupRole:FOLLOWER, s1|rpc:localhost:41959|admin:localhost:40503|client:localhost:38419|dataStream:localhost:44143|priority:0|startupRole:FOLLOWER, s2|rpc:localhost:42139|admin:localhost:39277|client:localhost:39361|dataStream:localhost:34277|priority:0|startupRole:FOLLOWER] with MultiDataStreamStateMachine:uninitialized
2023-03-28 15:14:24,374 [s0-groupManagement] INFO  server.RaftServerConfigKeys (ConfUtils.java:logGet(46)) - raft.server.rpc.timeout.min = 150ms (default)
2023-03-28 15:14:24,374 [s0-groupManagement] INFO  server.RaftServerConfigKeys (ConfUtils.java:logGet(46)) - raft.server.rpc.timeout.max = 300ms (default)
2023-03-28 15:14:24,374 [s0-groupManagement] INFO  server.RaftServerConfigKeys (ConfUtils.java:logGet(46)) - raft.server.rpc.sleep.time = 25ms (default)
2023-03-28 15:14:24,374 [s0-groupManagement] INFO  server.RaftServerConfigKeys (ConfUtils.java:logGet(46)) - raft.server.rpc.slowness.timeout = 60s (default)
2023-03-28 15:14:24,374 [s0-groupManagement] INFO  server.RaftServerConfigKeys (ConfUtils.java:logGet(46)) - raft.server.leaderelection.leader.step-down.wait-time = 10s (default)
2023-03-28 15:14:24,374 [s0-groupManagement] INFO  server.RaftServerConfigKeys (ConfUtils.java:logGet(46)) - raft.server.sleep.deviation.threshold = 300ms (default)
2023-03-28 15:14:24,374 [s0-groupManagement] INFO  server.RaftServer$Division (ServerState.java:<init>(113)) - s0@group-3C1447EEDE3C: ConfigurationManager, init=-1: peers:[s0|rpc:localhost:43573|admin:localhost:41975|client:localhost:42953|dataStream:localhost:45139|priority:0|startupRole:FOLLOWER, s1|rpc:localhost:41959|admin:localhost:40503|client:localhost:38419|dataStream:localhost:44143|priority:0|startupRole:FOLLOWER, s2|rpc:localhost:42139|admin:localhost:39277|client:localhost:39361|dataStream:localhost:34277|priority:0|startupRole:FOLLOWER]|listeners:[], old=null, confs=<EMPTY_MAP>
2023-03-28 15:14:24,374 [s0-groupManagement] INFO  server.RaftServerConfigKeys (ConfUtils.java:logGet(46)) - raft.server.notification.no-leader.timeout = 60s (default)
2023-03-28 15:14:24,374 [s0-groupManagement] INFO  server.RaftServerConfigKeys (ConfUtils.java:logGet(46)) - raft.server.read.timeout = 10s (default)
2023-03-28 15:14:24,374 [Time-limited test] INFO  impl.MiniRaftCluster (MiniRaftCluster.java:newRaftServer(382)) - newRaftServer: s1, group-3C1447EEDE3C:[s0|rpc:localhost:43573|admin:localhost:41975|client:localhost:42953|dataStream:localhost:45139|priority:0|startupRole:FOLLOWER, s1|rpc:localhost:41959|admin:localhost:40503|client:localhost:38419|dataStream:localhost:44143|priority:0|startupRole:FOLLOWER, s2|rpc:localhost:42139|admin:localhost:39277|client:localhost:39361|dataStream:localhost:34277|priority:0|startupRole:FOLLOWER], format? true
2023-03-28 15:14:24,375 [Time-limited test] TRACE util.FileUtils (FileUtils.java:deleteFully(201)) - deleteFully target/test/data/2b0b63e9/MiniRaftClusterWithRpcTypeGrpcAndDataStreamTypeNettyc514589/s1
2023-03-28 15:14:24,375 [Time-limited test] TRACE util.FileUtils (FileUtils.java:deleteFully(217)) - deleteFully: target/test/data/2b0b63e9/MiniRaftClusterWithRpcTypeGrpcAndDataStreamTypeNettyc514589/s1 does not exist.
2023-03-28 15:14:24,376 [Time-limited test] INFO  impl.MiniRaftCluster (MiniRaftCluster.java:newRaftServer(387)) - Formatted directory target/test/data/2b0b63e9/MiniRaftClusterWithRpcTypeGrpcAndDataStreamTypeNettyc514589/s1
2023-03-28 15:14:24,375 [s0-groupManagement] INFO  server.RaftServerConfigKeys (ConfUtils.java:logGet(46)) - raft.server.retrycache.expirytime = 60s (default)
2023-03-28 15:14:24,376 [s0-groupManagement] INFO  server.RaftServerConfigKeys (ConfUtils.java:logGet(46)) - raft.server.retrycache.statistics.expirytime = 100μs (default)
2023-03-28 15:14:24,377 [s0-groupManagement] INFO  server.RaftServerConfigKeys (ConfUtils.java:logGet(46)) - raft.server.read.option = DEFAULT (default)
2023-03-28 15:14:24,377 [Time-limited test] INFO  server.RaftServer (ConfUtils.java:logGet(46)) - raft.rpc.type = GRPC (default)
2023-03-28 15:14:24,377 [Time-limited test] INFO  grpc.GrpcConfigKeys (ConfUtils.java:logFallback(53)) - raft.grpc.admin.host = null (fallback to raft.grpc.server.host)
2023-03-28 15:14:24,377 [Time-limited test] INFO  grpc.GrpcConfigKeys (ConfUtils.java:logGet(46)) - raft.grpc.admin.port = 40503 (custom)
2023-03-28 15:14:24,377 [Time-limited test] INFO  grpc.GrpcConfigKeys (ConfUtils.java:logFallback(53)) - raft.grpc.client.host = null (fallback to raft.grpc.server.host)
2023-03-28 15:14:24,377 [Time-limited test] INFO  grpc.GrpcConfigKeys (ConfUtils.java:logGet(46)) - raft.grpc.client.port = 38419 (custom)
2023-03-28 15:14:24,377 [Time-limited test] INFO  grpc.GrpcConfigKeys (ConfUtils.java:logGet(46)) - raft.grpc.server.host = null (default)
2023-03-28 15:14:24,377 [Time-limited test] INFO  grpc.GrpcConfigKeys (ConfUtils.java:logGet(46)) - raft.grpc.server.port = 41959 (custom)
2023-03-28 15:14:24,377 [Time-limited test] INFO  server.GrpcService (ConfUtils.java:logGet(46)) - raft.grpc.message.size.max = 64MB (=67108864) (default)
2023-03-28 15:14:24,377 [Time-limited test] INFO  server.RaftServerConfigKeys (ConfUtils.java:logGet(46)) - raft.server.log.appender.buffer.byte-limit = 4MB (=4194304) (default)
2023-03-28 15:14:24,378 [s0-groupManagement] INFO  server.RaftServerConfigKeys (ConfUtils.java:logGet(46)) - raft.server.rpc.request.timeout = 3000ms (default)
2023-03-28 15:14:24,378 [Time-limited test] INFO  server.GrpcService (ConfUtils.java:logGet(46)) - raft.grpc.flow.control.window = 1MB (=1048576) (default)
2023-03-28 15:14:24,378 [s0-groupManagement] INFO  server.RaftServerConfigKeys (ConfUtils.java:logGet(46)) - raft.server.log.appender.install.snapshot.enabled = true (default)
2023-03-28 15:14:24,378 [Time-limited test] INFO  server.RaftServerConfigKeys (ConfUtils.java:logGet(46)) - raft.server.rpc.request.timeout = 3000ms (default)
2023-03-28 15:14:24,378 [s0-groupManagement] INFO  server.RaftServerConfigKeys (ConfUtils.java:logGet(46)) - raft.server.threadpool.server.cached = true (default)
2023-03-28 15:14:24,378 [Time-limited test] INFO  grpc.GrpcConfigKeys (ConfUtils.java:logGet(46)) - raft.grpc.server.heartbeat.channel = true (default)
2023-03-28 15:14:24,378 [s0-groupManagement] INFO  server.RaftServerConfigKeys (ConfUtils.java:logGet(46)) - raft.server.threadpool.server.size = 0 (default)
2023-03-28 15:14:24,378 [Time-limited test] INFO  grpc.GrpcConfigKeys (ConfUtils.java:logGet(46)) - raft.grpc.server.async.request.thread.pool.cached = true (default)
2023-03-28 15:14:24,378 [s0-groupManagement] INFO  server.RaftServerConfigKeys (ConfUtils.java:logGet(46)) - raft.server.threadpool.client.cached = true (default)
2023-03-28 15:14:24,378 [Time-limited test] INFO  grpc.GrpcConfigKeys (ConfUtils.java:logGet(46)) - raft.grpc.server.async.request.thread.pool.size = 32 (default)
2023-03-28 15:14:24,378 [s0-groupManagement] INFO  server.RaftServerConfigKeys (ConfUtils.java:logGet(46)) - raft.server.threadpool.client.size = 0 (default)
2023-03-28 15:14:24,379 [Time-limited test] INFO  impl.DataStreamServerImpl (ConfUtils.java:logGet(46)) - raft.datastream.type = NETTY (custom)
2023-03-28 15:14:24,379 [Time-limited test] INFO  server.RaftServerConfigKeys (ConfUtils.java:logGet(46)) - raft.server.data-stream.async.request.thread.pool.cached = false (default)
2023-03-28 15:14:24,379 [Time-limited test] INFO  server.RaftServerConfigKeys (ConfUtils.java:logGet(46)) - raft.server.data-stream.async.request.thread.pool.size = 32 (default)
2023-03-28 15:14:24,379 [Time-limited test] INFO  server.RaftServerConfigKeys (ConfUtils.java:logGet(46)) - raft.server.data-stream.async.write.thread.pool.size = 16 (default)
2023-03-28 15:14:24,379 [Time-limited test] INFO  server.RaftServerConfigKeys (ConfUtils.java:logGet(46)) - raft.server.data-stream.client.pool.size = 10 (default)
2023-03-28 15:14:24,385 [Time-limited test] INFO  netty.NettyConfigKeys$DataStream (ConfUtils.java:logGet(46)) - raft.netty.dataStream.server.use-epoll = false (default)
2023-03-28 15:14:24,385 [Time-limited test] INFO  netty.NettyConfigKeys$DataStream (ConfUtils.java:logGet(46)) - raft.netty.dataStream.server.boss-group.size = 0 (default)
2023-03-28 15:14:24,386 [Time-limited test] INFO  netty.NettyConfigKeys$DataStream (ConfUtils.java:logGet(46)) - raft.netty.dataStream.server.worker-group.size = 0 (default)
2023-03-28 15:14:24,386 [Time-limited test] INFO  netty.NettyConfigKeys$DataStream (ConfUtils.java:logGet(46)) - raft.netty.dataStream.server.tls.conf = null (default)
2023-03-28 15:14:24,386 [Time-limited test] INFO  netty.NettyConfigKeys$DataStream (ConfUtils.java:logGet(46)) - raft.netty.dataStream.host = null (default)
2023-03-28 15:14:24,386 [Time-limited test] INFO  netty.NettyConfigKeys$DataStream (ConfUtils.java:logGet(46)) - raft.netty.dataStream.port = 44143 (custom)
2023-03-28 15:14:24,390 [Time-limited test] INFO  server.RaftServerConfigKeys (ConfUtils.java:logGet(46)) - raft.server.threadpool.proxy.cached = true (default)
2023-03-28 15:14:24,391 [Time-limited test] INFO  server.RaftServerConfigKeys (ConfUtils.java:logGet(46)) - raft.server.threadpool.proxy.size = 0 (default)
2023-03-28 15:14:24,391 [Time-limited test] INFO  server.RaftServerConfigKeys (ConfUtils.java:logGet(46)) - raft.server.rpc.slowness.timeout = 60s (default)
2023-03-28 15:14:24,391 [Time-limited test] INFO  server.RaftServerConfigKeys (ConfUtils.java:logGet(46)) - raft.server.leaderelection.leader.step-down.wait-time = 10s (default)
2023-03-28 15:14:24,394 [Time-limited test] INFO  server.RaftServerConfigKeys (ConfUtils.java:logGet(46)) - raft.server.storage.dir = [/home/runner/work/ratis/ratis/ratis-test/target/test/data/2b0b63e9/MiniRaftClusterWithRpcTypeGrpcAndDataStreamTypeNettyc514589/s1] (custom)
2023-03-28 15:14:24,395 [s1-NettyServerStreamRpc-bossGroup--thread1] INFO  logging.LoggingHandler (AbstractInternalLogger.java:log(148)) - [id: 0x16bbc49b] REGISTERED
2023-03-28 15:14:24,395 [s1-NettyServerStreamRpc-bossGroup--thread1] INFO  logging.LoggingHandler (AbstractInternalLogger.java:log(148)) - [id: 0x16bbc49b] BIND: 0.0.0.0/0.0.0.0:44143
2023-03-28 15:14:24,395 [s1-NettyServerStreamRpc-bossGroup--thread1] INFO  logging.LoggingHandler (AbstractInternalLogger.java:log(148)) - [id: 0x16bbc49b, L:/0.0.0.0:44143] ACTIVE
2023-03-28 15:14:24,408 [Time-limited test] INFO  server.RaftServer (RaftServerProxy.java:addNew(99)) - s1: addNew group-3C1447EEDE3C:[s0|rpc:localhost:43573|admin:localhost:41975|client:localhost:42953|dataStream:localhost:45139|priority:0|startupRole:FOLLOWER, s1|rpc:localhost:41959|admin:localhost:40503|client:localhost:38419|dataStream:localhost:44143|priority:0|startupRole:FOLLOWER, s2|rpc:localhost:42139|admin:localhost:39277|client:localhost:39361|dataStream:localhost:34277|priority:0|startupRole:FOLLOWER] returns group-3C1447EEDE3C:java.util.concurrent.CompletableFuture@4ad22731[Not completed]
2023-03-28 15:14:24,409 [Time-limited test] INFO  impl.MiniRaftCluster (MiniRaftCluster.java:newRaftServer(382)) - newRaftServer: s2, group-3C1447EEDE3C:[s0|rpc:localhost:43573|admin:localhost:41975|client:localhost:42953|dataStream:localhost:45139|priority:0|startupRole:FOLLOWER, s1|rpc:localhost:41959|admin:localhost:40503|client:localhost:38419|dataStream:localhost:44143|priority:0|startupRole:FOLLOWER, s2|rpc:localhost:42139|admin:localhost:39277|client:localhost:39361|dataStream:localhost:34277|priority:0|startupRole:FOLLOWER], format? true
2023-03-28 15:14:24,409 [Time-limited test] TRACE util.FileUtils (FileUtils.java:deleteFully(201)) - deleteFully target/test/data/2b0b63e9/MiniRaftClusterWithRpcTypeGrpcAndDataStreamTypeNettyc514589/s2
2023-03-28 15:14:24,409 [Time-limited test] TRACE util.FileUtils (FileUtils.java:deleteFully(217)) - deleteFully: target/test/data/2b0b63e9/MiniRaftClusterWithRpcTypeGrpcAndDataStreamTypeNettyc514589/s2 does not exist.
2023-03-28 15:14:24,409 [Time-limited test] INFO  impl.MiniRaftCluster (MiniRaftCluster.java:newRaftServer(387)) - Formatted directory target/test/data/2b0b63e9/MiniRaftClusterWithRpcTypeGrpcAndDataStreamTypeNettyc514589/s2
2023-03-28 15:14:24,409 [s1-groupManagement] INFO  server.RaftServer$Division (RaftServerImpl.java:<init>(198)) - s1: new RaftServerImpl for group-3C1447EEDE3C:[s0|rpc:localhost:43573|admin:localhost:41975|client:localhost:42953|dataStream:localhost:45139|priority:0|startupRole:FOLLOWER, s1|rpc:localhost:41959|admin:localhost:40503|client:localhost:38419|dataStream:localhost:44143|priority:0|startupRole:FOLLOWER, s2|rpc:localhost:42139|admin:localhost:39277|client:localhost:39361|dataStream:localhost:34277|priority:0|startupRole:FOLLOWER] with MultiDataStreamStateMachine:uninitialized
2023-03-28 15:14:24,409 [s1-groupManagement] INFO  server.RaftServerConfigKeys (ConfUtils.java:logGet(46)) - raft.server.rpc.timeout.min = 150ms (default)
2023-03-28 15:14:24,409 [s1-groupManagement] INFO  server.RaftServerConfigKeys (ConfUtils.java:logGet(46)) - raft.server.rpc.timeout.max = 300ms (default)
2023-03-28 15:14:24,409 [s1-groupManagement] INFO  server.RaftServerConfigKeys (ConfUtils.java:logGet(46)) - raft.server.rpc.sleep.time = 25ms (default)
2023-03-28 15:14:24,409 [s1-groupManagement] INFO  server.RaftServerConfigKeys (ConfUtils.java:logGet(46)) - raft.server.rpc.slowness.timeout = 60s (default)
2023-03-28 15:14:24,409 [s1-groupManagement] INFO  server.RaftServerConfigKeys (ConfUtils.java:logGet(46)) - raft.server.leaderelection.leader.step-down.wait-time = 10s (default)
2023-03-28 15:14:24,409 [s1-groupManagement] INFO  server.RaftServerConfigKeys (ConfUtils.java:logGet(46)) - raft.server.sleep.deviation.threshold = 300ms (default)
2023-03-28 15:14:24,409 [s1-groupManagement] INFO  server.RaftServer$Division (ServerState.java:<init>(113)) - s1@group-3C1447EEDE3C: ConfigurationManager, init=-1: peers:[s0|rpc:localhost:43573|admin:localhost:41975|client:localhost:42953|dataStream:localhost:45139|priority:0|startupRole:FOLLOWER, s1|rpc:localhost:41959|admin:localhost:40503|client:localhost:38419|dataStream:localhost:44143|priority:0|startupRole:FOLLOWER, s2|rpc:localhost:42139|admin:localhost:39277|client:localhost:39361|dataStream:localhost:34277|priority:0|startupRole:FOLLOWER]|listeners:[], old=null, confs=<EMPTY_MAP>
2023-03-28 15:14:24,409 [s1-groupManagement] INFO  server.RaftServerConfigKeys (ConfUtils.java:logGet(46)) - raft.server.notification.no-leader.timeout = 60s (default)
2023-03-28 15:14:24,409 [s1-groupManagement] INFO  server.RaftServerConfigKeys (ConfUtils.java:logGet(46)) - raft.server.read.timeout = 10s (default)
2023-03-28 15:14:24,409 [s1-groupManagement] INFO  server.RaftServerConfigKeys (ConfUtils.java:logGet(46)) - raft.server.retrycache.expirytime = 60s (default)
2023-03-28 15:14:24,409 [s1-groupManagement] INFO  server.RaftServerConfigKeys (ConfUtils.java:logGet(46)) - raft.server.retrycache.statistics.expirytime = 100μs (default)
2023-03-28 15:14:24,409 [Time-limited test] INFO  server.RaftServer (ConfUtils.java:logGet(46)) - raft.rpc.type = GRPC (default)
2023-03-28 15:14:24,410 [Time-limited test] INFO  grpc.GrpcConfigKeys (ConfUtils.java:logFallback(53)) - raft.grpc.admin.host = null (fallback to raft.grpc.server.host)
2023-03-28 15:14:24,410 [Time-limited test] INFO  grpc.GrpcConfigKeys (ConfUtils.java:logGet(46)) - raft.grpc.admin.port = 39277 (custom)
2023-03-28 15:14:24,410 [Time-limited test] INFO  grpc.GrpcConfigKeys (ConfUtils.java:logFallback(53)) - raft.grpc.client.host = null (fallback to raft.grpc.server.host)
2023-03-28 15:14:24,410 [Time-limited test] INFO  grpc.GrpcConfigKeys (ConfUtils.java:logGet(46)) - raft.grpc.client.port = 39361 (custom)
2023-03-28 15:14:24,410 [Time-limited test] INFO  grpc.GrpcConfigKeys (ConfUtils.java:logGet(46)) - raft.grpc.server.host = null (default)
2023-03-28 15:14:24,410 [Time-limited test] INFO  grpc.GrpcConfigKeys (ConfUtils.java:logGet(46)) - raft.grpc.server.port = 42139 (custom)
2023-03-28 15:14:24,410 [Time-limited test] INFO  server.GrpcService (ConfUtils.java:logGet(46)) - raft.grpc.message.size.max = 64MB (=67108864) (default)
2023-03-28 15:14:24,410 [Time-limited test] INFO  server.RaftServerConfigKeys (ConfUtils.java:logGet(46)) - raft.server.log.appender.buffer.byte-limit = 4MB (=4194304) (default)
2023-03-28 15:14:24,410 [Time-limited test] INFO  server.GrpcService (ConfUtils.java:logGet(46)) - raft.grpc.flow.control.window = 1MB (=1048576) (default)
2023-03-28 15:14:24,410 [Time-limited test] INFO  server.RaftServerConfigKeys (ConfUtils.java:logGet(46)) - raft.server.rpc.request.timeout = 3000ms (default)
2023-03-28 15:14:24,410 [Time-limited test] INFO  grpc.GrpcConfigKeys (ConfUtils.java:logGet(46)) - raft.grpc.server.heartbeat.channel = true (default)
2023-03-28 15:14:24,410 [Time-limited test] INFO  grpc.GrpcConfigKeys (ConfUtils.java:logGet(46)) - raft.grpc.server.async.request.thread.pool.cached = true (default)
2023-03-28 15:14:24,411 [Time-limited test] INFO  grpc.GrpcConfigKeys (ConfUtils.java:logGet(46)) - raft.grpc.server.async.request.thread.pool.size = 32 (default)
2023-03-28 15:14:24,412 [Time-limited test] INFO  impl.DataStreamServerImpl (ConfUtils.java:logGet(46)) - raft.datastream.type = NETTY (custom)
2023-03-28 15:14:24,413 [Time-limited test] INFO  server.RaftServerConfigKeys (ConfUtils.java:logGet(46)) - raft.server.data-stream.async.request.thread.pool.cached = false (default)
2023-03-28 15:14:24,413 [Time-limited test] INFO  server.RaftServerConfigKeys (ConfUtils.java:logGet(46)) - raft.server.data-stream.async.request.thread.pool.size = 32 (default)
2023-03-28 15:14:24,413 [Time-limited test] INFO  server.RaftServerConfigKeys (ConfUtils.java:logGet(46)) - raft.server.data-stream.async.write.thread.pool.size = 16 (default)
2023-03-28 15:14:24,413 [Time-limited test] INFO  server.RaftServerConfigKeys (ConfUtils.java:logGet(46)) - raft.server.data-stream.client.pool.size = 10 (default)
2023-03-28 15:14:24,413 [Time-limited test] INFO  netty.NettyConfigKeys$DataStream (ConfUtils.java:logGet(46)) - raft.netty.dataStream.server.use-epoll = false (default)
2023-03-28 15:14:24,413 [Time-limited test] INFO  netty.NettyConfigKeys$DataStream (ConfUtils.java:logGet(46)) - raft.netty.dataStream.server.boss-group.size = 0 (default)
2023-03-28 15:14:24,414 [s1-groupManagement] INFO  server.RaftServerConfigKeys (ConfUtils.java:logGet(46)) - raft.server.read.option = DEFAULT (default)
2023-03-28 15:14:24,426 [s1-groupManagement] INFO  server.RaftServerConfigKeys (ConfUtils.java:logGet(46)) - raft.server.rpc.request.timeout = 3000ms (default)
2023-03-28 15:14:24,427 [s1-groupManagement] INFO  server.RaftServerConfigKeys (ConfUtils.java:logGet(46)) - raft.server.log.appender.install.snapshot.enabled = true (default)
2023-03-28 15:14:24,427 [s1-groupManagement] INFO  server.RaftServerConfigKeys (ConfUtils.java:logGet(46)) - raft.server.threadpool.server.cached = true (default)
2023-03-28 15:14:24,427 [s1-groupManagement] INFO  server.RaftServerConfigKeys (ConfUtils.java:logGet(46)) - raft.server.threadpool.server.size = 0 (default)
2023-03-28 15:14:24,427 [s1-groupManagement] INFO  server.RaftServerConfigKeys (ConfUtils.java:logGet(46)) - raft.server.threadpool.client.cached = true (default)
2023-03-28 15:14:24,427 [s1-groupManagement] INFO  server.RaftServerConfigKeys (ConfUtils.java:logGet(46)) - raft.server.threadpool.client.size = 0 (default)
2023-03-28 15:14:24,429 [Time-limited test] INFO  netty.NettyConfigKeys$DataStream (ConfUtils.java:logGet(46)) - raft.netty.dataStream.server.worker-group.size = 0 (default)
2023-03-28 15:14:24,429 [Time-limited test] INFO  netty.NettyConfigKeys$DataStream (ConfUtils.java:logGet(46)) - raft.netty.dataStream.server.tls.conf = null (default)
2023-03-28 15:14:24,429 [Time-limited test] INFO  netty.NettyConfigKeys$DataStream (ConfUtils.java:logGet(46)) - raft.netty.dataStream.host = null (default)
2023-03-28 15:14:24,429 [Time-limited test] INFO  netty.NettyConfigKeys$DataStream (ConfUtils.java:logGet(46)) - raft.netty.dataStream.port = 34277 (custom)
2023-03-28 15:14:24,434 [Time-limited test] INFO  server.RaftServerConfigKeys (ConfUtils.java:logGet(46)) - raft.server.threadpool.proxy.cached = true (default)
2023-03-28 15:14:24,435 [Time-limited test] INFO  server.RaftServerConfigKeys (ConfUtils.java:logGet(46)) - raft.server.threadpool.proxy.size = 0 (default)
2023-03-28 15:14:24,435 [Time-limited test] INFO  server.RaftServerConfigKeys (ConfUtils.java:logGet(46)) - raft.server.rpc.slowness.timeout = 60s (default)
2023-03-28 15:14:24,435 [Time-limited test] INFO  server.RaftServerConfigKeys (ConfUtils.java:logGet(46)) - raft.server.leaderelection.leader.step-down.wait-time = 10s (default)
2023-03-28 15:14:24,435 [Time-limited test] INFO  server.RaftServerConfigKeys (ConfUtils.java:logGet(46)) - raft.server.storage.dir = [/home/runner/work/ratis/ratis/ratis-test/target/test/data/2b0b63e9/MiniRaftClusterWithRpcTypeGrpcAndDataStreamTypeNettyc514589/s2] (custom)
2023-03-28 15:14:24,435 [s2-NettyServerStreamRpc-bossGroup--thread1] INFO  logging.LoggingHandler (AbstractInternalLogger.java:log(148)) - [id: 0x1d4503e8] REGISTERED
2023-03-28 15:14:24,435 [s2-NettyServerStreamRpc-bossGroup--thread1] INFO  logging.LoggingHandler (AbstractInternalLogger.java:log(148)) - [id: 0x1d4503e8] BIND: 0.0.0.0/0.0.0.0:34277
2023-03-28 15:14:24,435 [s2-NettyServerStreamRpc-bossGroup--thread1] INFO  logging.LoggingHandler (AbstractInternalLogger.java:log(148)) - [id: 0x1d4503e8, L:/0.0.0.0:34277] ACTIVE
2023-03-28 15:14:24,441 [Time-limited test] INFO  server.RaftServer (RaftServerProxy.java:addNew(99)) - s2: addNew group-3C1447EEDE3C:[s0|rpc:localhost:43573|admin:localhost:41975|client:localhost:42953|dataStream:localhost:45139|priority:0|startupRole:FOLLOWER, s1|rpc:localhost:41959|admin:localhost:40503|client:localhost:38419|dataStream:localhost:44143|priority:0|startupRole:FOLLOWER, s2|rpc:localhost:42139|admin:localhost:39277|client:localhost:39361|dataStream:localhost:34277|priority:0|startupRole:FOLLOWER] returns group-3C1447EEDE3C:java.util.concurrent.CompletableFuture@1fdb9dc4[Not completed]
2023-03-28 15:14:24,441 [s2-groupManagement] INFO  server.RaftServer$Division (RaftServerImpl.java:<init>(198)) - s2: new RaftServerImpl for group-3C1447EEDE3C:[s0|rpc:localhost:43573|admin:localhost:41975|client:localhost:42953|dataStream:localhost:45139|priority:0|startupRole:FOLLOWER, s1|rpc:localhost:41959|admin:localhost:40503|client:localhost:38419|dataStream:localhost:44143|priority:0|startupRole:FOLLOWER, s2|rpc:localhost:42139|admin:localhost:39277|client:localhost:39361|dataStream:localhost:34277|priority:0|startupRole:FOLLOWER] with MultiDataStreamStateMachine:uninitialized
2023-03-28 15:14:24,441 [s2-groupManagement] INFO  server.RaftServerConfigKeys (ConfUtils.java:logGet(46)) - raft.server.rpc.timeout.min = 150ms (default)
2023-03-28 15:14:24,441 [s2-groupManagement] INFO  server.RaftServerConfigKeys (ConfUtils.java:logGet(46)) - raft.server.rpc.timeout.max = 300ms (default)
2023-03-28 15:14:24,441 [s2-groupManagement] INFO  server.RaftServerConfigKeys (ConfUtils.java:logGet(46)) - raft.server.rpc.sleep.time = 25ms (default)
2023-03-28 15:14:24,441 [s2-groupManagement] INFO  server.RaftServerConfigKeys (ConfUtils.java:logGet(46)) - raft.server.rpc.slowness.timeout = 60s (default)
2023-03-28 15:14:24,441 [s2-groupManagement] INFO  server.RaftServerConfigKeys (ConfUtils.java:logGet(46)) - raft.server.leaderelection.leader.step-down.wait-time = 10s (default)
2023-03-28 15:14:24,441 [s2-groupManagement] INFO  server.RaftServerConfigKeys (ConfUtils.java:logGet(46)) - raft.server.sleep.deviation.threshold = 300ms (default)
2023-03-28 15:14:24,442 [s0-impl-thread1] INFO  server.RaftServerConfigKeys (ConfUtils.java:logGet(46)) - raft.server.storage.free-space.min = 0MB (=0) (default)
2023-03-28 15:14:24,442 [s0-impl-thread1] INFO  server.RaftServerConfigKeys (ConfUtils.java:logGet(46)) - raft.server.log.corruption.policy = EXCEPTION (default)
2023-03-28 15:14:24,442 [s0-impl-thread1] INFO  server.RaftServerConfigKeys (ConfUtils.java:logGet(46)) - raft.server.storage.dir = [/home/runner/work/ratis/ratis/ratis-test/target/test/data/2b0b63e9/MiniRaftClusterWithRpcTypeGrpcAndDataStreamTypeNettyc514589/s0] (custom)
2023-03-28 15:14:24,442 [s0-impl-thread1] INFO  storage.RaftStorageDirectory (RaftStorageDirectoryImpl.java:analyzeStorage(138)) - The storage directory /home/runner/work/ratis/ratis/ratis-test/target/test/data/2b0b63e9/MiniRaftClusterWithRpcTypeGrpcAndDataStreamTypeNettyc514589/s0/a3c65c5d-9bf4-4bd9-8fe6-3c1447eede3c does not exist. Creating ...
2023-03-28 15:14:24,443 [s0-impl-thread1] TRACE util.FileUtils (LogUtils.java:runAndLog(49)) - Successfully ran Files.createDirectories /home/runner/work/ratis/ratis/ratis-test/target/test/data/2b0b63e9/MiniRaftClusterWithRpcTypeGrpcAndDataStreamTypeNettyc514589/s0/a3c65c5d-9bf4-4bd9-8fe6-3c1447eede3c
2023-03-28 15:14:24,443 [s2-groupManagement] INFO  server.RaftServer$Division (ServerState.java:<init>(113)) - s2@group-3C1447EEDE3C: ConfigurationManager, init=-1: peers:[s0|rpc:localhost:43573|admin:localhost:41975|client:localhost:42953|dataStream:localhost:45139|priority:0|startupRole:FOLLOWER, s1|rpc:localhost:41959|admin:localhost:40503|client:localhost:38419|dataStream:localhost:44143|priority:0|startupRole:FOLLOWER, s2|rpc:localhost:42139|admin:localhost:39277|client:localhost:39361|dataStream:localhost:34277|priority:0|startupRole:FOLLOWER]|listeners:[], old=null, confs=<EMPTY_MAP>
2023-03-28 15:14:24,443 [s2-groupManagement] INFO  server.RaftServerConfigKeys (ConfUtils.java:logGet(46)) - raft.server.notification.no-leader.timeout = 60s (default)
2023-03-28 15:14:24,443 [s2-groupManagement] INFO  server.RaftServerConfigKeys (ConfUtils.java:logGet(46)) - raft.server.read.timeout = 10s (default)
2023-03-28 15:14:24,443 [s2-groupManagement] INFO  server.RaftServerConfigKeys (ConfUtils.java:logGet(46)) - raft.server.retrycache.expirytime = 60s (default)
2023-03-28 15:14:24,443 [s2-groupManagement] INFO  server.RaftServerConfigKeys (ConfUtils.java:logGet(46)) - raft.server.retrycache.statistics.expirytime = 100μs (default)
2023-03-28 15:14:24,443 [s2-groupManagement] INFO  server.RaftServerConfigKeys (ConfUtils.java:logGet(46)) - raft.server.read.option = DEFAULT (default)
2023-03-28 15:14:24,444 [s0-impl-thread1] INFO  storage.RaftStorageDirectory (RaftStorageDirectoryImpl.java:tryLock(232)) - Lock on /home/runner/work/ratis/ratis/ratis-test/target/test/data/2b0b63e9/MiniRaftClusterWithRpcTypeGrpcAndDataStreamTypeNettyc514589/s0/a3c65c5d-9bf4-4bd9-8fe6-3c1447eede3c/in_use.lock acquired by nodename 13506@fv-az451-9
2023-03-28 15:14:24,445 [s0-impl-thread1] TRACE util.FileUtils (LogUtils.java:runAndLog(49)) - Successfully ran Files.createDirectories /home/runner/work/ratis/ratis/ratis-test/target/test/data/2b0b63e9/MiniRaftClusterWithRpcTypeGrpcAndDataStreamTypeNettyc514589/s0/a3c65c5d-9bf4-4bd9-8fe6-3c1447eede3c/current
2023-03-28 15:14:24,445 [s0-impl-thread1] TRACE util.FileUtils (LogUtils.java:runAndLog(49)) - Successfully ran Files.createDirectories /home/runner/work/ratis/ratis/ratis-test/target/test/data/2b0b63e9/MiniRaftClusterWithRpcTypeGrpcAndDataStreamTypeNettyc514589/s0/a3c65c5d-9bf4-4bd9-8fe6-3c1447eede3c/sm
2023-03-28 15:14:24,446 [s0-impl-thread1] INFO  storage.RaftStorage (RaftStorageImpl.java:format(96)) - Storage directory /home/runner/work/ratis/ratis/ratis-test/target/test/data/2b0b63e9/MiniRaftClusterWithRpcTypeGrpcAndDataStreamTypeNettyc514589/s0/a3c65c5d-9bf4-4bd9-8fe6-3c1447eede3c has been successfully formatted.
2023-03-28 15:14:24,446 [s0-impl-thread1] INFO  server.RaftServerConfigKeys (ConfUtils.java:logGet(46)) - raft.server.log.use.memory = false (default)
2023-03-28 15:14:24,446 [s0-impl-thread1] INFO  server.RaftServerConfigKeys (ConfUtils.java:logGet(46)) - raft.server.log.purge.gap = 1024 (default)
2023-03-28 15:14:24,446 [s0-impl-thread1] INFO  server.RaftServerConfigKeys (ConfUtils.java:logGet(46)) - raft.server.log.appender.buffer.byte-limit = 4MB (=4194304) (default)
2023-03-28 15:14:24,447 [s0-impl-thread1] INFO  server.RaftServerConfigKeys (ConfUtils.java:logGet(46)) - raft.server.log.statemachine.data.read.timeout = 1000ms (default)
2023-03-28 15:14:24,447 [s0-impl-thread1] INFO  server.RaftServerConfigKeys (ConfUtils.java:logGet(46)) - raft.server.log.purge.preservation.log.num = 0 (default)
2023-03-28 15:14:24,447 [s0-impl-thread1] INFO  server.RaftServerConfigKeys (ConfUtils.java:logGet(46)) - raft.server.log.segment.size.max = 8MB (=8388608) (default)
2023-03-28 15:14:24,447 [s0-impl-thread1] INFO  server.RaftServerConfigKeys (ConfUtils.java:logGet(46)) - raft.server.log.segment.cache.num.max = 6 (default)
2023-03-28 15:14:24,447 [s0-impl-thread1] INFO  server.RaftServerConfigKeys (ConfUtils.java:logGet(46)) - raft.server.log.segment.cache.size.max = 200MB (=209715200) (default)
2023-03-28 15:14:24,447 [s0-impl-thread1] INFO  server.RaftServerConfigKeys (ConfUtils.java:logGet(46)) - raft.server.log.appender.buffer.byte-limit = 4MB (=4194304) (default)
2023-03-28 15:14:24,447 [s0-impl-thread1] INFO  segmented.SegmentedRaftLogWorker (SegmentedRaftLogWorker.java:<init>(183)) - new s0@group-3C1447EEDE3C-SegmentedRaftLogWorker for RaftStorageImpl:Storage Directory /home/runner/work/ratis/ratis/ratis-test/target/test/data/2b0b63e9/MiniRaftClusterWithRpcTypeGrpcAndDataStreamTypeNettyc514589/s0/a3c65c5d-9bf4-4bd9-8fe6-3c1447eede3c
2023-03-28 15:14:24,447 [s0-impl-thread1] INFO  server.RaftServerConfigKeys (ConfUtils.java:logGet(46)) - raft.server.log.queue.byte-limit = 64MB (=67108864) (default)
2023-03-28 15:14:24,448 [s0-impl-thread1] INFO  server.RaftServerConfigKeys (ConfUtils.java:logGet(46)) - raft.server.log.queue.element-limit = 4096 (default)
2023-03-28 15:14:24,448 [s0-impl-thread1] INFO  server.RaftServerConfigKeys (ConfUtils.java:logGet(46)) - raft.server.log.segment.size.max = 8MB (=8388608) (default)
2023-03-28 15:14:24,448 [s0-impl-thread1] INFO  server.RaftServerConfigKeys (ConfUtils.java:logGet(46)) - raft.server.log.preallocated.size = 4MB (=4194304) (default)
2023-03-28 15:14:24,448 [s0-impl-thread1] INFO  server.RaftServerConfigKeys (ConfUtils.java:logGet(46)) - raft.server.log.force.sync.num = 128 (default)
2023-03-28 15:14:24,448 [s0-impl-thread1] INFO  server.RaftServerConfigKeys (ConfUtils.java:logGet(46)) - raft.server.log.statemachine.data.sync = true (default)
2023-03-28 15:14:24,448 [s0-impl-thread1] INFO  server.RaftServerConfigKeys (ConfUtils.java:logGet(46)) - raft.server.log.statemachine.data.sync.timeout = 10s (default)
2023-03-28 15:14:24,448 [s0-impl-thread1] INFO  server.RaftServerConfigKeys (ConfUtils.java:logGet(46)) - raft.server.log.statemachine.data.sync.timeout.retry = -1 (default)
2023-03-28 15:14:24,448 [s0-impl-thread1] INFO  server.RaftServerConfigKeys (ConfUtils.java:logGet(46)) - raft.server.log.write.buffer.size = 64KB (=65536) (default)
2023-03-28 15:14:24,448 [s0-impl-thread1] INFO  server.RaftServerConfigKeys (ConfUtils.java:logGet(46)) - raft.server.log.appender.buffer.byte-limit = 4MB (=4194304) (default)
2023-03-28 15:14:24,449 [s0-impl-thread1] INFO  server.RaftServerConfigKeys (ConfUtils.java:logGet(46)) - raft.server.log.unsafe-flush.enabled = false (default)
2023-03-28 15:14:24,449 [s0-impl-thread1] INFO  server.RaftServerConfigKeys (ConfUtils.java:logGet(46)) - raft.server.log.async-flush.enabled = false (default)
2023-03-28 15:14:24,449 [s0-impl-thread1] INFO  server.RaftServerConfigKeys (ConfUtils.java:logGet(46)) - raft.server.log.statemachine.data.caching.enabled = false (default)
2023-03-28 15:14:24,449 [s0-impl-thread1] INFO  segmented.SegmentedRaftLogWorker (SegmentedRaftLogWorker.java:lambda$new$0(134)) - s0@group-3C1447EEDE3C-SegmentedRaftLogWorker: flushIndex: setUnconditionally 0 -> -1
2023-03-28 15:14:24,449 [s0-impl-thread1] INFO  segmented.SegmentedRaftLogWorker (SegmentedRaftLogWorker.java:lambda$new$0(134)) - s0@group-3C1447EEDE3C-SegmentedRaftLogWorker: safeCacheEvictIndex: setUnconditionally 0 -> -1
2023-03-28 15:14:24,450 [s2-groupManagement] INFO  server.RaftServerConfigKeys (ConfUtils.java:logGet(46)) - raft.server.rpc.request.timeout = 3000ms (default)
2023-03-28 15:14:24,450 [s2-groupManagement] INFO  server.RaftServerConfigKeys (ConfUtils.java:logGet(46)) - raft.server.log.appender.install.snapshot.enabled = true (default)
2023-03-28 15:14:24,450 [s2-groupManagement] INFO  server.RaftServerConfigKeys (ConfUtils.java:logGet(46)) - raft.server.threadpool.server.cached = true (default)
2023-03-28 15:14:24,450 [s2-groupManagement] INFO  server.RaftServerConfigKeys (ConfUtils.java:logGet(46)) - raft.server.threadpool.server.size = 0 (default)
2023-03-28 15:14:24,450 [s2-groupManagement] INFO  server.RaftServerConfigKeys (ConfUtils.java:logGet(46)) - raft.server.threadpool.client.cached = true (default)
2023-03-28 15:14:24,450 [s2-groupManagement] INFO  server.RaftServerConfigKeys (ConfUtils.java:logGet(46)) - raft.server.threadpool.client.size = 0 (default)
2023-03-28 15:14:24,454 [s0-impl-thread1] INFO  server.RaftServer$Division (RaftServerImpl.java:start(342)) - s0@group-3C1447EEDE3C: start as a follower, conf=-1: peers:[s0|rpc:localhost:43573|admin:localhost:41975|client:localhost:42953|dataStream:localhost:45139|priority:0|startupRole:FOLLOWER, s1|rpc:localhost:41959|admin:localhost:40503|client:localhost:38419|dataStream:localhost:44143|priority:0|startupRole:FOLLOWER, s2|rpc:localhost:42139|admin:localhost:39277|client:localhost:39361|dataStream:localhost:34277|priority:0|startupRole:FOLLOWER]|listeners:[], old=null
2023-03-28 15:14:24,454 [s0-impl-thread1] INFO  server.RaftServer$Division (RaftServerImpl.java:setRole(329)) - s0@group-3C1447EEDE3C: changes role from      null to FOLLOWER at term 0 for startAsFollower
2023-03-28 15:14:24,454 [s0-impl-thread1] INFO  impl.RoleInfo (RoleInfo.java:updateAndGet(139)) - s0: start s0@group-3C1447EEDE3C-FollowerState
2023-03-28 15:14:24,459 [s0-impl-thread1] INFO  util.JmxRegister (JmxRegister.java:tryRegister(44)) - Successfully registered JMX Bean with object name Ratis:service=RaftServer,group=group-3C1447EEDE3C,id=s0
2023-03-28 15:14:24,459 [s0-impl-thread1] INFO  server.RaftServerConfigKeys (ConfUtils.java:logGet(46)) - raft.server.snapshot.auto.trigger.enabled = false (default)
2023-03-28 15:14:24,459 [s0-impl-thread1] INFO  server.RaftServerConfigKeys (ConfUtils.java:logGet(46)) - raft.server.snapshot.retention.file.num = -1 (default)
2023-03-28 15:14:24,459 [s0-impl-thread1] INFO  server.RaftServerConfigKeys (ConfUtils.java:logGet(46)) - raft.server.log.purge.upto.snapshot.index = false (default)
2023-03-28 15:14:24,460 [s0@group-3C1447EEDE3C-FollowerState] INFO  server.RaftServerConfigKeys (ConfUtils.java:logFallback(53)) - raft.server.rpc.first-election.timeout.min = 150ms (fallback to raft.server.rpc.timeout.min)
2023-03-28 15:14:24,461 [s0@group-3C1447EEDE3C-FollowerState] INFO  server.RaftServerConfigKeys (ConfUtils.java:logFallback(53)) - raft.server.rpc.first-election.timeout.max = 300ms (fallback to raft.server.rpc.timeout.max)
2023-03-28 15:14:24,465 [Time-limited test] INFO  server.RaftServer (RaftServerProxy.java:startImpl(401)) - s0: start RPC server
2023-03-28 15:14:24,487 [Time-limited test] INFO  server.GrpcService (GrpcService.java:startImpl(302)) - s0: GrpcService started, listening on 42953
2023-03-28 15:14:24,493 [Time-limited test] INFO  server.GrpcService (GrpcService.java:startImpl(302)) - s0: GrpcService started, listening on 43573
2023-03-28 15:14:24,497 [Time-limited test] INFO  server.GrpcService (GrpcService.java:startImpl(302)) - s0: GrpcService started, listening on 41975
2023-03-28 15:14:24,503 [s1-impl-thread1] INFO  server.RaftServerConfigKeys (ConfUtils.java:logGet(46)) - raft.server.storage.free-space.min = 0MB (=0) (default)
2023-03-28 15:14:24,503 [s1-impl-thread1] INFO  server.RaftServerConfigKeys (ConfUtils.java:logGet(46)) - raft.server.log.corruption.policy = EXCEPTION (default)
2023-03-28 15:14:24,503 [s1-impl-thread1] INFO  server.RaftServerConfigKeys (ConfUtils.java:logGet(46)) - raft.server.storage.dir = [/home/runner/work/ratis/ratis/ratis-test/target/test/data/2b0b63e9/MiniRaftClusterWithRpcTypeGrpcAndDataStreamTypeNettyc514589/s1] (custom)
2023-03-28 15:14:24,503 [s1-impl-thread1] INFO  storage.RaftStorageDirectory (RaftStorageDirectoryImpl.java:analyzeStorage(138)) - The storage directory /home/runner/work/ratis/ratis/ratis-test/target/test/data/2b0b63e9/MiniRaftClusterWithRpcTypeGrpcAndDataStreamTypeNettyc514589/s1/a3c65c5d-9bf4-4bd9-8fe6-3c1447eede3c does not exist. Creating ...
2023-03-28 15:14:24,504 [s1-impl-thread1] TRACE util.FileUtils (LogUtils.java:runAndLog(49)) - Successfully ran Files.createDirectories /home/runner/work/ratis/ratis/ratis-test/target/test/data/2b0b63e9/MiniRaftClusterWithRpcTypeGrpcAndDataStreamTypeNettyc514589/s1/a3c65c5d-9bf4-4bd9-8fe6-3c1447eede3c
2023-03-28 15:14:24,504 [JvmPauseMonitor7] INFO  util.JvmPauseMonitor (JvmPauseMonitor.java:run(103)) - JvmPauseMonitor-s0: Started
2023-03-28 15:14:24,505 [s1-impl-thread1] INFO  storage.RaftStorageDirectory (RaftStorageDirectoryImpl.java:tryLock(232)) - Lock on /home/runner/work/ratis/ratis/ratis-test/target/test/data/2b0b63e9/MiniRaftClusterWithRpcTypeGrpcAndDataStreamTypeNettyc514589/s1/a3c65c5d-9bf4-4bd9-8fe6-3c1447eede3c/in_use.lock acquired by nodename 13506@fv-az451-9
2023-03-28 15:14:24,506 [s1-impl-thread1] TRACE util.FileUtils (LogUtils.java:runAndLog(49)) - Successfully ran Files.createDirectories /home/runner/work/ratis/ratis/ratis-test/target/test/data/2b0b63e9/MiniRaftClusterWithRpcTypeGrpcAndDataStreamTypeNettyc514589/s1/a3c65c5d-9bf4-4bd9-8fe6-3c1447eede3c/current
2023-03-28 15:14:24,506 [s1-impl-thread1] TRACE util.FileUtils (LogUtils.java:runAndLog(49)) - Successfully ran Files.createDirectories /home/runner/work/ratis/ratis/ratis-test/target/test/data/2b0b63e9/MiniRaftClusterWithRpcTypeGrpcAndDataStreamTypeNettyc514589/s1/a3c65c5d-9bf4-4bd9-8fe6-3c1447eede3c/sm
2023-03-28 15:14:24,507 [s1-impl-thread1] INFO  storage.RaftStorage (RaftStorageImpl.java:format(96)) - Storage directory /home/runner/work/ratis/ratis/ratis-test/target/test/data/2b0b63e9/MiniRaftClusterWithRpcTypeGrpcAndDataStreamTypeNettyc514589/s1/a3c65c5d-9bf4-4bd9-8fe6-3c1447eede3c has been successfully formatted.
2023-03-28 15:14:24,507 [s1-impl-thread1] INFO  server.RaftServerConfigKeys (ConfUtils.java:logGet(46)) - raft.server.log.use.memory = false (default)
2023-03-28 15:14:24,507 [s1-impl-thread1] INFO  server.RaftServerConfigKeys (ConfUtils.java:logGet(46)) - raft.server.log.purge.gap = 1024 (default)
2023-03-28 15:14:24,507 [s1-impl-thread1] INFO  server.RaftServerConfigKeys (ConfUtils.java:logGet(46)) - raft.server.log.appender.buffer.byte-limit = 4MB (=4194304) (default)
2023-03-28 15:14:24,507 [s1-impl-thread1] INFO  server.RaftServerConfigKeys (ConfUtils.java:logGet(46)) - raft.server.log.statemachine.data.read.timeout = 1000ms (default)
2023-03-28 15:14:24,507 [s1-impl-thread1] INFO  server.RaftServerConfigKeys (ConfUtils.java:logGet(46)) - raft.server.log.purge.preservation.log.num = 0 (default)
2023-03-28 15:14:24,508 [s1-impl-thread1] INFO  server.RaftServerConfigKeys (ConfUtils.java:logGet(46)) - raft.server.log.segment.size.max = 8MB (=8388608) (default)
2023-03-28 15:14:24,508 [s1-impl-thread1] INFO  server.RaftServerConfigKeys (ConfUtils.java:logGet(46)) - raft.server.log.segment.cache.num.max = 6 (default)
2023-03-28 15:14:24,508 [s1-impl-thread1] INFO  server.RaftServerConfigKeys (ConfUtils.java:logGet(46)) - raft.server.log.segment.cache.size.max = 200MB (=209715200) (default)
2023-03-28 15:14:24,508 [s1-impl-thread1] INFO  server.RaftServerConfigKeys (ConfUtils.java:logGet(46)) - raft.server.log.appender.buffer.byte-limit = 4MB (=4194304) (default)
2023-03-28 15:14:24,508 [s1-impl-thread1] INFO  segmented.SegmentedRaftLogWorker (SegmentedRaftLogWorker.java:<init>(183)) - new s1@group-3C1447EEDE3C-SegmentedRaftLogWorker for RaftStorageImpl:Storage Directory /home/runner/work/ratis/ratis/ratis-test/target/test/data/2b0b63e9/MiniRaftClusterWithRpcTypeGrpcAndDataStreamTypeNettyc514589/s1/a3c65c5d-9bf4-4bd9-8fe6-3c1447eede3c
2023-03-28 15:14:24,508 [s1-impl-thread1] INFO  server.RaftServerConfigKeys (ConfUtils.java:logGet(46)) - raft.server.log.queue.byte-limit = 64MB (=67108864) (default)
2023-03-28 15:14:24,508 [s1-impl-thread1] INFO  server.RaftServerConfigKeys (ConfUtils.java:logGet(46)) - raft.server.log.queue.element-limit = 4096 (default)
2023-03-28 15:14:24,508 [s1-impl-thread1] INFO  server.RaftServerConfigKeys (ConfUtils.java:logGet(46)) - raft.server.log.segment.size.max = 8MB (=8388608) (default)
2023-03-28 15:14:24,508 [s1-impl-thread1] INFO  server.RaftServerConfigKeys (ConfUtils.java:logGet(46)) - raft.server.log.preallocated.size = 4MB (=4194304) (default)
2023-03-28 15:14:24,508 [s1-impl-thread1] INFO  server.RaftServerConfigKeys (ConfUtils.java:logGet(46)) - raft.server.log.force.sync.num = 128 (default)
2023-03-28 15:14:24,508 [s1-impl-thread1] INFO  server.RaftServerConfigKeys (ConfUtils.java:logGet(46)) - raft.server.log.statemachine.data.sync = true (default)
2023-03-28 15:14:24,508 [s1-impl-thread1] INFO  server.RaftServerConfigKeys (ConfUtils.java:logGet(46)) - raft.server.log.statemachine.data.sync.timeout = 10s (default)
2023-03-28 15:14:24,508 [s1-impl-thread1] INFO  server.RaftServerConfigKeys (ConfUtils.java:logGet(46)) - raft.server.log.statemachine.data.sync.timeout.retry = -1 (default)
2023-03-28 15:14:24,509 [s1-impl-thread1] INFO  server.RaftServerConfigKeys (ConfUtils.java:logGet(46)) - raft.server.log.write.buffer.size = 64KB (=65536) (default)
2023-03-28 15:14:24,509 [s1-impl-thread1] INFO  server.RaftServerConfigKeys (ConfUtils.java:logGet(46)) - raft.server.log.appender.buffer.byte-limit = 4MB (=4194304) (default)
2023-03-28 15:14:24,509 [s1-impl-thread1] INFO  server.RaftServerConfigKeys (ConfUtils.java:logGet(46)) - raft.server.log.unsafe-flush.enabled = false (default)
2023-03-28 15:14:24,509 [s1-impl-thread1] INFO  server.RaftServerConfigKeys (ConfUtils.java:logGet(46)) - raft.server.log.async-flush.enabled = false (default)
2023-03-28 15:14:24,509 [s1-impl-thread1] INFO  server.RaftServerConfigKeys (ConfUtils.java:logGet(46)) - raft.server.log.statemachine.data.caching.enabled = false (default)
2023-03-28 15:14:24,510 [s1-impl-thread1] INFO  segmented.SegmentedRaftLogWorker (SegmentedRaftLogWorker.java:lambda$new$0(134)) - s1@group-3C1447EEDE3C-SegmentedRaftLogWorker: flushIndex: setUnconditionally 0 -> -1
2023-03-28 15:14:24,510 [s1-impl-thread1] INFO  segmented.SegmentedRaftLogWorker (SegmentedRaftLogWorker.java:lambda$new$0(134)) - s1@group-3C1447EEDE3C-SegmentedRaftLogWorker: safeCacheEvictIndex: setUnconditionally 0 -> -1
2023-03-28 15:14:24,517 [s1-impl-thread1] INFO  server.RaftServer$Division (RaftServerImpl.java:start(342)) - s1@group-3C1447EEDE3C: start as a follower, conf=-1: peers:[s0|rpc:localhost:43573|admin:localhost:41975|client:localhost:42953|dataStream:localhost:45139|priority:0|startupRole:FOLLOWER, s1|rpc:localhost:41959|admin:localhost:40503|client:localhost:38419|dataStream:localhost:44143|priority:0|startupRole:FOLLOWER, s2|rpc:localhost:42139|admin:localhost:39277|client:localhost:39361|dataStream:localhost:34277|priority:0|startupRole:FOLLOWER]|listeners:[], old=null
2023-03-28 15:14:24,517 [s1-impl-thread1] INFO  server.RaftServer$Division (RaftServerImpl.java:setRole(329)) - s1@group-3C1447EEDE3C: changes role from      null to FOLLOWER at term 0 for startAsFollower
2023-03-28 15:14:24,517 [s1-impl-thread1] INFO  impl.RoleInfo (RoleInfo.java:updateAndGet(139)) - s1: start s1@group-3C1447EEDE3C-FollowerState
2023-03-28 15:14:24,520 [s1-impl-thread1] INFO  util.JmxRegister (JmxRegister.java:tryRegister(44)) - Successfully registered JMX Bean with object name Ratis:service=RaftServer,group=group-3C1447EEDE3C,id=s1
2023-03-28 15:14:24,521 [s1-impl-thread1] INFO  server.RaftServerConfigKeys (ConfUtils.java:logGet(46)) - raft.server.snapshot.auto.trigger.enabled = false (default)
2023-03-28 15:14:24,521 [s1-impl-thread1] INFO  server.RaftServerConfigKeys (ConfUtils.java:logGet(46)) - raft.server.snapshot.retention.file.num = -1 (default)
2023-03-28 15:14:24,521 [s1-impl-thread1] INFO  server.RaftServerConfigKeys (ConfUtils.java:logGet(46)) - raft.server.log.purge.upto.snapshot.index = false (default)
2023-03-28 15:14:24,521 [s1@group-3C1447EEDE3C-FollowerState] INFO  server.RaftServerConfigKeys (ConfUtils.java:logFallback(53)) - raft.server.rpc.first-election.timeout.min = 150ms (fallback to raft.server.rpc.timeout.min)
2023-03-28 15:14:24,521 [s1@group-3C1447EEDE3C-FollowerState] INFO  server.RaftServerConfigKeys (ConfUtils.java:logFallback(53)) - raft.server.rpc.first-election.timeout.max = 300ms (fallback to raft.server.rpc.timeout.max)
2023-03-28 15:14:24,528 [Time-limited test] INFO  server.RaftServer (RaftServerProxy.java:startImpl(401)) - s1: start RPC server
2023-03-28 15:14:24,532 [Time-limited test] INFO  server.GrpcService (GrpcService.java:startImpl(302)) - s1: GrpcService started, listening on 38419
2023-03-28 15:14:24,535 [Time-limited test] INFO  server.GrpcService (GrpcService.java:startImpl(302)) - s1: GrpcService started, listening on 41959
2023-03-28 15:14:24,539 [Time-limited test] INFO  server.GrpcService (GrpcService.java:startImpl(302)) - s1: GrpcService started, listening on 40503
2023-03-28 15:14:24,545 [s2-impl-thread1] INFO  server.RaftServerConfigKeys (ConfUtils.java:logGet(46)) - raft.server.storage.free-space.min = 0MB (=0) (default)
2023-03-28 15:14:24,545 [s2-impl-thread1] INFO  server.RaftServerConfigKeys (ConfUtils.java:logGet(46)) - raft.server.log.corruption.policy = EXCEPTION (default)
2023-03-28 15:14:24,545 [s2-impl-thread1] INFO  server.RaftServerConfigKeys (ConfUtils.java:logGet(46)) - raft.server.storage.dir = [/home/runner/work/ratis/ratis/ratis-test/target/test/data/2b0b63e9/MiniRaftClusterWithRpcTypeGrpcAndDataStreamTypeNettyc514589/s2] (custom)
2023-03-28 15:14:24,545 [s2-impl-thread1] INFO  storage.RaftStorageDirectory (RaftStorageDirectoryImpl.java:analyzeStorage(138)) - The storage directory /home/runner/work/ratis/ratis/ratis-test/target/test/data/2b0b63e9/MiniRaftClusterWithRpcTypeGrpcAndDataStreamTypeNettyc514589/s2/a3c65c5d-9bf4-4bd9-8fe6-3c1447eede3c does not exist. Creating ...
2023-03-28 15:14:24,545 [JvmPauseMonitor8] INFO  util.JvmPauseMonitor (JvmPauseMonitor.java:run(103)) - JvmPauseMonitor-s1: Started
2023-03-28 15:14:24,545 [s2-impl-thread1] TRACE util.FileUtils (LogUtils.java:runAndLog(49)) - Successfully ran Files.createDirectories /home/runner/work/ratis/ratis/ratis-test/target/test/data/2b0b63e9/MiniRaftClusterWithRpcTypeGrpcAndDataStreamTypeNettyc514589/s2/a3c65c5d-9bf4-4bd9-8fe6-3c1447eede3c
2023-03-28 15:14:24,547 [s2-impl-thread1] INFO  storage.RaftStorageDirectory (RaftStorageDirectoryImpl.java:tryLock(232)) - Lock on /home/runner/work/ratis/ratis/ratis-test/target/test/data/2b0b63e9/MiniRaftClusterWithRpcTypeGrpcAndDataStreamTypeNettyc514589/s2/a3c65c5d-9bf4-4bd9-8fe6-3c1447eede3c/in_use.lock acquired by nodename 13506@fv-az451-9
2023-03-28 15:14:24,547 [s2-impl-thread1] TRACE util.FileUtils (LogUtils.java:runAndLog(49)) - Successfully ran Files.createDirectories /home/runner/work/ratis/ratis/ratis-test/target/test/data/2b0b63e9/MiniRaftClusterWithRpcTypeGrpcAndDataStreamTypeNettyc514589/s2/a3c65c5d-9bf4-4bd9-8fe6-3c1447eede3c/current
2023-03-28 15:14:24,547 [s2-impl-thread1] TRACE util.FileUtils (LogUtils.java:runAndLog(49)) - Successfully ran Files.createDirectories /home/runner/work/ratis/ratis/ratis-test/target/test/data/2b0b63e9/MiniRaftClusterWithRpcTypeGrpcAndDataStreamTypeNettyc514589/s2/a3c65c5d-9bf4-4bd9-8fe6-3c1447eede3c/sm
2023-03-28 15:14:24,548 [s2-impl-thread1] INFO  storage.RaftStorage (RaftStorageImpl.java:format(96)) - Storage directory /home/runner/work/ratis/ratis/ratis-test/target/test/data/2b0b63e9/MiniRaftClusterWithRpcTypeGrpcAndDataStreamTypeNettyc514589/s2/a3c65c5d-9bf4-4bd9-8fe6-3c1447eede3c has been successfully formatted.
2023-03-28 15:14:24,549 [s2-impl-thread1] INFO  server.RaftServerConfigKeys (ConfUtils.java:logGet(46)) - raft.server.log.use.memory = false (default)
2023-03-28 15:14:24,549 [s2-impl-thread1] INFO  server.RaftServerConfigKeys (ConfUtils.java:logGet(46)) - raft.server.log.purge.gap = 1024 (default)
2023-03-28 15:14:24,549 [s2-impl-thread1] INFO  server.RaftServerConfigKeys (ConfUtils.java:logGet(46)) - raft.server.log.appender.buffer.byte-limit = 4MB (=4194304) (default)
2023-03-28 15:14:24,549 [s2-impl-thread1] INFO  server.RaftServerConfigKeys (ConfUtils.java:logGet(46)) - raft.server.log.statemachine.data.read.timeout = 1000ms (default)
2023-03-28 15:14:24,549 [s2-impl-thread1] INFO  server.RaftServerConfigKeys (ConfUtils.java:logGet(46)) - raft.server.log.purge.preservation.log.num = 0 (default)
2023-03-28 15:14:24,549 [s2-impl-thread1] INFO  server.RaftServerConfigKeys (ConfUtils.java:logGet(46)) - raft.server.log.segment.size.max = 8MB (=8388608) (default)
2023-03-28 15:14:24,549 [s2-impl-thread1] INFO  server.RaftServerConfigKeys (ConfUtils.java:logGet(46)) - raft.server.log.segment.cache.num.max = 6 (default)
2023-03-28 15:14:24,549 [s2-impl-thread1] INFO  server.RaftServerConfigKeys (ConfUtils.java:logGet(46)) - raft.server.log.segment.cache.size.max = 200MB (=209715200) (default)
2023-03-28 15:14:24,549 [s2-impl-thread1] INFO  server.RaftServerConfigKeys (ConfUtils.java:logGet(46)) - raft.server.log.appender.buffer.byte-limit = 4MB (=4194304) (default)
2023-03-28 15:14:24,549 [s2-impl-thread1] INFO  segmented.SegmentedRaftLogWorker (SegmentedRaftLogWorker.java:<init>(183)) - new s2@group-3C1447EEDE3C-SegmentedRaftLogWorker for RaftStorageImpl:Storage Directory /home/runner/work/ratis/ratis/ratis-test/target/test/data/2b0b63e9/MiniRaftClusterWithRpcTypeGrpcAndDataStreamTypeNettyc514589/s2/a3c65c5d-9bf4-4bd9-8fe6-3c1447eede3c
2023-03-28 15:14:24,549 [s2-impl-thread1] INFO  server.RaftServerConfigKeys (ConfUtils.java:logGet(46)) - raft.server.log.queue.byte-limit = 64MB (=67108864) (default)
2023-03-28 15:14:24,550 [s2-impl-thread1] INFO  server.RaftServerConfigKeys (ConfUtils.java:logGet(46)) - raft.server.log.queue.element-limit = 4096 (default)
2023-03-28 15:14:24,550 [s2-impl-thread1] INFO  server.RaftServerConfigKeys (ConfUtils.java:logGet(46)) - raft.server.log.segment.size.max = 8MB (=8388608) (default)
2023-03-28 15:14:24,550 [s2-impl-thread1] INFO  server.RaftServerConfigKeys (ConfUtils.java:logGet(46)) - raft.server.log.preallocated.size = 4MB (=4194304) (default)
2023-03-28 15:14:24,550 [s2-impl-thread1] INFO  server.RaftServerConfigKeys (ConfUtils.java:logGet(46)) - raft.server.log.force.sync.num = 128 (default)
2023-03-28 15:14:24,550 [s2-impl-thread1] INFO  server.RaftServerConfigKeys (ConfUtils.java:logGet(46)) - raft.server.log.statemachine.data.sync = true (default)
2023-03-28 15:14:24,550 [s2-impl-thread1] INFO  server.RaftServerConfigKeys (ConfUtils.java:logGet(46)) - raft.server.log.statemachine.data.sync.timeout = 10s (default)
2023-03-28 15:14:24,550 [s2-impl-thread1] INFO  server.RaftServerConfigKeys (ConfUtils.java:logGet(46)) - raft.server.log.statemachine.data.sync.timeout.retry = -1 (default)
2023-03-28 15:14:24,550 [s2-impl-thread1] INFO  server.RaftServerConfigKeys (ConfUtils.java:logGet(46)) - raft.server.log.write.buffer.size = 64KB (=65536) (default)
2023-03-28 15:14:24,550 [s2-impl-thread1] INFO  server.RaftServerConfigKeys (ConfUtils.java:logGet(46)) - raft.server.log.appender.buffer.byte-limit = 4MB (=4194304) (default)
2023-03-28 15:14:24,551 [s2-impl-thread1] INFO  server.RaftServerConfigKeys (ConfUtils.java:logGet(46)) - raft.server.log.unsafe-flush.enabled = false (default)
2023-03-28 15:14:24,551 [s2-impl-thread1] INFO  server.RaftServerConfigKeys (ConfUtils.java:logGet(46)) - raft.server.log.async-flush.enabled = false (default)
2023-03-28 15:14:24,551 [s2-impl-thread1] INFO  server.RaftServerConfigKeys (ConfUtils.java:logGet(46)) - raft.server.log.statemachine.data.caching.enabled = false (default)
2023-03-28 15:14:24,551 [s2-impl-thread1] INFO  segmented.SegmentedRaftLogWorker (SegmentedRaftLogWorker.java:lambda$new$0(134)) - s2@group-3C1447EEDE3C-SegmentedRaftLogWorker: flushIndex: setUnconditionally 0 -> -1
2023-03-28 15:14:24,551 [s2-impl-thread1] INFO  segmented.SegmentedRaftLogWorker (SegmentedRaftLogWorker.java:lambda$new$0(134)) - s2@group-3C1447EEDE3C-SegmentedRaftLogWorker: safeCacheEvictIndex: setUnconditionally 0 -> -1
2023-03-28 15:14:24,556 [s2-impl-thread1] INFO  server.RaftServer$Division (RaftServerImpl.java:start(342)) - s2@group-3C1447EEDE3C: start as a follower, conf=-1: peers:[s0|rpc:localhost:43573|admin:localhost:41975|client:localhost:42953|dataStream:localhost:45139|priority:0|startupRole:FOLLOWER, s1|rpc:localhost:41959|admin:localhost:40503|client:localhost:38419|dataStream:localhost:44143|priority:0|startupRole:FOLLOWER, s2|rpc:localhost:42139|admin:localhost:39277|client:localhost:39361|dataStream:localhost:34277|priority:0|startupRole:FOLLOWER]|listeners:[], old=null
2023-03-28 15:14:24,556 [s2-impl-thread1] INFO  server.RaftServer$Division (RaftServerImpl.java:setRole(329)) - s2@group-3C1447EEDE3C: changes role from      null to FOLLOWER at term 0 for startAsFollower
2023-03-28 15:14:24,556 [s2-impl-thread1] INFO  impl.RoleInfo (RoleInfo.java:updateAndGet(139)) - s2: start s2@group-3C1447EEDE3C-FollowerState
2023-03-28 15:14:24,560 [s2-impl-thread1] INFO  util.JmxRegister (JmxRegister.java:tryRegister(44)) - Successfully registered JMX Bean with object name Ratis:service=RaftServer,group=group-3C1447EEDE3C,id=s2
2023-03-28 15:14:24,560 [s2-impl-thread1] INFO  server.RaftServerConfigKeys (ConfUtils.java:logGet(46)) - raft.server.snapshot.auto.trigger.enabled = false (default)
2023-03-28 15:14:24,560 [s2-impl-thread1] INFO  server.RaftServerConfigKeys (ConfUtils.java:logGet(46)) - raft.server.snapshot.retention.file.num = -1 (default)
2023-03-28 15:14:24,560 [s2-impl-thread1] INFO  server.RaftServerConfigKeys (ConfUtils.java:logGet(46)) - raft.server.log.purge.upto.snapshot.index = false (default)
2023-03-28 15:14:24,561 [s2@group-3C1447EEDE3C-FollowerState] INFO  server.RaftServerConfigKeys (ConfUtils.java:logFallback(53)) - raft.server.rpc.first-election.timeout.min = 150ms (fallback to raft.server.rpc.timeout.min)
2023-03-28 15:14:24,561 [s2@group-3C1447EEDE3C-FollowerState] INFO  server.RaftServerConfigKeys (ConfUtils.java:logFallback(53)) - raft.server.rpc.first-election.timeout.max = 300ms (fallback to raft.server.rpc.timeout.max)
2023-03-28 15:14:24,563 [Time-limited test] INFO  server.RaftServer (RaftServerProxy.java:startImpl(401)) - s2: start RPC server
2023-03-28 15:14:24,568 [Time-limited test] INFO  server.GrpcService (GrpcService.java:startImpl(302)) - s2: GrpcService started, listening on 39361
2023-03-28 15:14:24,571 [Time-limited test] INFO  server.GrpcService (GrpcService.java:startImpl(302)) - s2: GrpcService started, listening on 42139
2023-03-28 15:14:24,574 [Time-limited test] INFO  server.GrpcService (GrpcService.java:startImpl(302)) - s2: GrpcService started, listening on 39277
2023-03-28 15:14:24,578 [JvmPauseMonitor9] INFO  util.JvmPauseMonitor (JvmPauseMonitor.java:run(103)) - JvmPauseMonitor-s2: Started
2023-03-28 15:14:24,588 [Time-limited test] INFO  server.RaftServerConfigKeys (ConfUtils.java:logGet(46)) - raft.server.rpc.timeout.max = 300ms (default)
2023-03-28 15:14:24,588 [Time-limited test] INFO  ratis.RaftTestUtil (RaftTestUtil.java:waitForLeader(100)) - printing ALL groups
  s0:  RUNNING  FOLLOWER s0@group-3C1447EEDE3C:t0, leader=null, voted=, raftlog=Memoized:s0@group-3C1447EEDE3C-SegmentedRaftLog:OPENED:c-1, conf=-1: peers:[s0|rpc:localhost:43573|admin:localhost:41975|client:localhost:42953|dataStream:localhost:45139|priority:0|startupRole:FOLLOWER, s1|rpc:localhost:41959|admin:localhost:40503|client:localhost:38419|dataStream:localhost:44143|priority:0|startupRole:FOLLOWER, s2|rpc:localhost:42139|admin:localhost:39277|client:localhost:39361|dataStream:localhost:34277|priority:0|startupRole:FOLLOWER]|listeners:[], old=null RUNNING
  s1:  RUNNING  FOLLOWER s1@group-3C1447EEDE3C:t0, leader=null, voted=, raftlog=Memoized:s1@group-3C1447EEDE3C-SegmentedRaftLog:OPENED:c-1, conf=-1: peers:[s0|rpc:localhost:43573|admin:localhost:41975|client:localhost:42953|dataStream:localhost:45139|priority:0|startupRole:FOLLOWER, s1|rpc:localhost:41959|admin:localhost:40503|client:localhost:38419|dataStream:localhost:44143|priority:0|startupRole:FOLLOWER, s2|rpc:localhost:42139|admin:localhost:39277|client:localhost:39361|dataStream:localhost:34277|priority:0|startupRole:FOLLOWER]|listeners:[], old=null RUNNING
  s2:  RUNNING  FOLLOWER s2@group-3C1447EEDE3C:t0, leader=null, voted=, raftlog=Memoized:s2@group-3C1447EEDE3C-SegmentedRaftLog:OPENED:c-1, conf=-1: peers:[s0|rpc:localhost:43573|admin:localhost:41975|client:localhost:42953|dataStream:localhost:45139|priority:0|startupRole:FOLLOWER, s1|rpc:localhost:41959|admin:localhost:40503|client:localhost:38419|dataStream:localhost:44143|priority:0|startupRole:FOLLOWER, s2|rpc:localhost:42139|admin:localhost:39277|client:localhost:39361|dataStream:localhost:34277|priority:0|startupRole:FOLLOWER]|listeners:[], old=null RUNNING
2023-03-28 15:14:24,588 [Time-limited test] WARN  ratis.RaftTestUtil (JavaUtils.java:attempt(217)) - FAILED "waitForLeader-null-(expectLeader? true)", attempt #1/100: java.lang.IllegalStateException: No leader yet : printing ALL groups
  s0:  RUNNING  FOLLOWER s0@group-3C1447EEDE3C:t0, leader=null, voted=, raftlog=Memoized:s0@group-3C1447EEDE3C-SegmentedRaftLog:OPENED:c-1, conf=-1: peers:[s0|rpc:localhost:43573|admin:localhost:41975|client:localhost:42953|dataStream:localhost:45139|priority:0|startupRole:FOLLOWER, s1|rpc:localhost:41959|admin:localhost:40503|client:localhost:38419|dataStream:localhost:44143|priority:0|startupRole:FOLLOWER, s2|rpc:localhost:42139|admin:localhost:39277|client:localhost:39361|dataStream:localhost:34277|priority:0|startupRole:FOLLOWER]|listeners:[], old=null RUNNING
  s1:  RUNNING  FOLLOWER s1@group-3C1447EEDE3C:t0, leader=null, voted=, raftlog=Memoized:s1@group-3C1447EEDE3C-SegmentedRaftLog:OPENED:c-1, conf=-1: peers:[s0|rpc:localhost:43573|admin:localhost:41975|client:localhost:42953|dataStream:localhost:45139|priority:0|startupRole:FOLLOWER, s1|rpc:localhost:41959|admin:localhost:40503|client:localhost:38419|dataStream:localhost:44143|priority:0|startupRole:FOLLOWER, s2|rpc:localhost:42139|admin:localhost:39277|client:localhost:39361|dataStream:localhost:34277|priority:0|startupRole:FOLLOWER]|listeners:[], old=null RUNNING
  s2:  RUNNING  FOLLOWER s2@group-3C1447EEDE3C:t0, leader=null, voted=, raftlog=Memoized:s2@group-3C1447EEDE3C-SegmentedRaftLog:OPENED:c-1, conf=-1: peers:[s0|rpc:localhost:43573|admin:localhost:41975|client:localhost:42953|dataStream:localhost:45139|priority:0|startupRole:FOLLOWER, s1|rpc:localhost:41959|admin:localhost:40503|client:localhost:38419|dataStream:localhost:44143|priority:0|startupRole:FOLLOWER, s2|rpc:localhost:42139|admin:localhost:39277|client:localhost:39361|dataStream:localhost:34277|priority:0|startupRole:FOLLOWER]|listeners:[], old=null RUNNING, sleep 450ms and then retry.
java.lang.IllegalStateException: No leader yet : printing ALL groups
  s0:  RUNNING  FOLLOWER s0@group-3C1447EEDE3C:t0, leader=null, voted=, raftlog=Memoized:s0@group-3C1447EEDE3C-SegmentedRaftLog:OPENED:c-1, conf=-1: peers:[s0|rpc:localhost:43573|admin:localhost:41975|client:localhost:42953|dataStream:localhost:45139|priority:0|startupRole:FOLLOWER, s1|rpc:localhost:41959|admin:localhost:40503|client:localhost:38419|dataStream:localhost:44143|priority:0|startupRole:FOLLOWER, s2|rpc:localhost:42139|admin:localhost:39277|client:localhost:39361|dataStream:localhost:34277|priority:0|startupRole:FOLLOWER]|listeners:[], old=null RUNNING
  s1:  RUNNING  FOLLOWER s1@group-3C1447EEDE3C:t0, leader=null, voted=, raftlog=Memoized:s1@group-3C1447EEDE3C-SegmentedRaftLog:OPENED:c-1, conf=-1: peers:[s0|rpc:localhost:43573|admin:localhost:41975|client:localhost:42953|dataStream:localhost:45139|priority:0|startupRole:FOLLOWER, s1|rpc:localhost:41959|admin:localhost:40503|client:localhost:38419|dataStream:localhost:44143|priority:0|startupRole:FOLLOWER, s2|rpc:localhost:42139|admin:localhost:39277|client:localhost:39361|dataStream:localhost:34277|priority:0|startupRole:FOLLOWER]|listeners:[], old=null RUNNING
  s2:  RUNNING  FOLLOWER s2@group-3C1447EEDE3C:t0, leader=null, voted=, raftlog=Memoized:s2@group-3C1447EEDE3C-SegmentedRaftLog:OPENED:c-1, conf=-1: peers:[s0|rpc:localhost:43573|admin:localhost:41975|client:localhost:42953|dataStream:localhost:45139|priority:0|startupRole:FOLLOWER, s1|rpc:localhost:41959|admin:localhost:40503|client:localhost:38419|dataStream:localhost:44143|priority:0|startupRole:FOLLOWER, s2|rpc:localhost:42139|admin:localhost:39277|client:localhost:39361|dataStream:localhost:34277|priority:0|startupRole:FOLLOWER]|listeners:[], old=null RUNNING
	at org.apache.ratis.server.impl.MiniRaftCluster.newIllegalStateExceptionForNoLeaders(MiniRaftCluster.java:581)
	at org.apache.ratis.RaftTestUtil.lambda$waitForLeader$1(RaftTestUtil.java:104)
	at org.apache.ratis.server.impl.MiniRaftCluster.getLeader(MiniRaftCluster.java:615)
	at org.apache.ratis.server.impl.MiniRaftCluster.getLeader(MiniRaftCluster.java:608)
	at org.apache.ratis.RaftTestUtil.lambda$waitForLeader$3(RaftTestUtil.java:112)
	at org.apache.ratis.util.JavaUtils.attempt(JavaUtils.java:211)
	at org.apache.ratis.util.JavaUtils.attemptRepeatedly(JavaUtils.java:197)
	at org.apache.ratis.RaftTestUtil.waitForLeader(RaftTestUtil.java:111)
	at org.apache.ratis.RaftTestUtil.waitForLeader(RaftTestUtil.java:92)
	at org.apache.ratis.RaftTestUtil.waitForLeader(RaftTestUtil.java:87)
	at org.apache.ratis.datastream.DataStreamClusterTests.testStreamWrites(DataStreamClusterTests.java:66)
	at org.apache.ratis.server.impl.MiniRaftCluster$Factory$Get.runWithNewCluster(MiniRaftCluster.java:141)
	at org.apache.ratis.server.impl.MiniRaftCluster$Factory$Get.runWithNewCluster(MiniRaftCluster.java:121)
	at org.apache.ratis.datastream.DataStreamClusterTests.testStreamWrites(DataStreamClusterTests.java:62)
	at java.base/jdk.internal.reflect.NativeMethodAccessorImpl.invoke0(Native Method)
	at java.base/jdk.internal.reflect.NativeMethodAccessorImpl.invoke(NativeMethodAccessorImpl.java:62)
	at java.base/jdk.internal.reflect.DelegatingMethodAccessorImpl.invoke(DelegatingMethodAccessorImpl.java:43)
	at java.base/java.lang.reflect.Method.invoke(Method.java:566)
	at org.junit.runners.model.FrameworkMethod$1.runReflectiveCall(FrameworkMethod.java:59)
	at org.junit.internal.runners.model.ReflectiveCallable.run(ReflectiveCallable.java:12)
	at org.junit.runners.model.FrameworkMethod.invokeExplosively(FrameworkMethod.java:56)
	at org.junit.internal.runners.statements.InvokeMethod.evaluate(InvokeMethod.java:17)
	at org.junit.internal.runners.statements.RunBefores.evaluate(RunBefores.java:26)
	at org.junit.internal.runners.statements.RunAfters.evaluate(RunAfters.java:27)
	at org.junit.internal.runners.statements.FailOnTimeout$CallableStatement.call(FailOnTimeout.java:299)
	at org.junit.internal.runners.statements.FailOnTimeout$CallableStatement.call(FailOnTimeout.java:293)
	at java.base/java.util.concurrent.FutureTask.run(FutureTask.java:264)
	at java.base/java.lang.Thread.run(Thread.java:829)
2023-03-28 15:14:24,616 [s0@group-3C1447EEDE3C-FollowerState] INFO  impl.FollowerState (FollowerState.java:run(143)) - s0@group-3C1447EEDE3C-FollowerState: change to CANDIDATE, lastRpcElapsedTime:161576814ns, electionTimeout:155ms
2023-03-28 15:14:24,616 [s0@group-3C1447EEDE3C-FollowerState] INFO  impl.RoleInfo (RoleInfo.java:shutdownFollowerState(110)) - s0: shutdown s0@group-3C1447EEDE3C-FollowerState
2023-03-28 15:14:24,616 [s0@group-3C1447EEDE3C-FollowerState] INFO  server.RaftServer$Division (RaftServerImpl.java:setRole(329)) - s0@group-3C1447EEDE3C: changes role from  FOLLOWER to CANDIDATE at term 0 for changeToCandidate
2023-03-28 15:14:24,618 [s0@group-3C1447EEDE3C-FollowerState] INFO  server.RaftServerConfigKeys (ConfUtils.java:logGet(46)) - raft.server.leaderelection.pre-vote = true (default)
2023-03-28 15:14:24,618 [s0@group-3C1447EEDE3C-FollowerState] INFO  impl.RoleInfo (RoleInfo.java:updateAndGet(139)) - s0: start s0@group-3C1447EEDE3C-LeaderElection20
2023-03-28 15:14:24,625 [s0@group-3C1447EEDE3C-LeaderElection20] INFO  impl.LeaderElection (LeaderElection.java:askForVotes(320)) - s0@group-3C1447EEDE3C-LeaderElection20 PRE_VOTE round 0: submit vote requests at term 0 for -1: peers:[s0|rpc:localhost:43573|admin:localhost:41975|client:localhost:42953|dataStream:localhost:45139|priority:0|startupRole:FOLLOWER, s1|rpc:localhost:41959|admin:localhost:40503|client:localhost:38419|dataStream:localhost:44143|priority:0|startupRole:FOLLOWER, s2|rpc:localhost:42139|admin:localhost:39277|client:localhost:39361|dataStream:localhost:34277|priority:0|startupRole:FOLLOWER]|listeners:[], old=null
2023-03-28 15:14:24,630 [s0@group-3C1447EEDE3C-LeaderElection20-1] INFO  server.GrpcServerProtocolClient (GrpcServerProtocolClient.java:<init>(65)) - Build channel for s1
2023-03-28 15:14:24,636 [s0@group-3C1447EEDE3C-LeaderElection20] INFO  server.RaftServerConfigKeys (ConfUtils.java:logFallback(53)) - raft.server.rpc.first-election.timeout.min = 150ms (fallback to raft.server.rpc.timeout.min)
2023-03-28 15:14:24,636 [s0@group-3C1447EEDE3C-LeaderElection20] INFO  server.RaftServerConfigKeys (ConfUtils.java:logFallback(53)) - raft.server.rpc.first-election.timeout.max = 300ms (fallback to raft.server.rpc.timeout.max)
2023-03-28 15:14:24,636 [s0@group-3C1447EEDE3C-LeaderElection20-2] INFO  server.GrpcServerProtocolClient (GrpcServerProtocolClient.java:<init>(65)) - Build channel for s2
2023-03-28 15:14:24,642 [grpc-default-executor-11] INFO  server.RaftServer$Division (RaftServerImpl.java:requestVote(1300)) - s2@group-3C1447EEDE3C: receive requestVote(PRE_VOTE, s0, group-3C1447EEDE3C, 0, (t:0, i:0))
2023-03-28 15:14:24,642 [grpc-default-executor-11] INFO  impl.VoteContext (VoteContext.java:log(49)) - s2@group-3C1447EEDE3C-FOLLOWER: accept PRE_VOTE from s0: our priority 0 <= candidate's priority 0
2023-03-28 15:14:24,642 [grpc-default-executor-11] INFO  server.RaftServer$Division (RaftServerImpl.java:requestVote(1333)) - s2@group-3C1447EEDE3C replies to PRE_VOTE vote request: s0<-s2#0:OK-t0. Peer's state: s2@group-3C1447EEDE3C:t0, leader=null, voted=, raftlog=Memoized:s2@group-3C1447EEDE3C-SegmentedRaftLog:OPENED:c-1, conf=-1: peers:[s0|rpc:localhost:43573|admin:localhost:41975|client:localhost:42953|dataStream:localhost:45139|priority:0|startupRole:FOLLOWER, s1|rpc:localhost:41959|admin:localhost:40503|client:localhost:38419|dataStream:localhost:44143|priority:0|startupRole:FOLLOWER, s2|rpc:localhost:42139|admin:localhost:39277|client:localhost:39361|dataStream:localhost:34277|priority:0|startupRole:FOLLOWER]|listeners:[], old=null
2023-03-28 15:14:24,645 [s0@group-3C1447EEDE3C-LeaderElection20] INFO  impl.LeaderElection (LeaderElection.java:logAndReturn(89)) - s0@group-3C1447EEDE3C-LeaderElection20: PRE_VOTE PASSED received 1 response(s) and 0 exception(s):
2023-03-28 15:14:24,645 [s0@group-3C1447EEDE3C-LeaderElection20] INFO  impl.LeaderElection (LeaderElection.java:logAndReturn(93)) -   Response 0: s0<-s2#0:OK-t0
2023-03-28 15:14:24,645 [s0@group-3C1447EEDE3C-LeaderElection20] INFO  impl.LeaderElection (LeaderElection.java:askForVotes(322)) - s0@group-3C1447EEDE3C-LeaderElection20 PRE_VOTE round 0: result PASSED
2023-03-28 15:14:24,646 [grpc-default-executor-11] INFO  server.RaftServer$Division (RaftServerImpl.java:requestVote(1300)) - s1@group-3C1447EEDE3C: receive requestVote(PRE_VOTE, s0, group-3C1447EEDE3C, 0, (t:0, i:0))
2023-03-28 15:14:24,646 [grpc-default-executor-11] INFO  impl.VoteContext (VoteContext.java:log(49)) - s1@group-3C1447EEDE3C-FOLLOWER: accept PRE_VOTE from s0: our priority 0 <= candidate's priority 0
2023-03-28 15:14:24,646 [grpc-default-executor-11] INFO  server.RaftServer$Division (RaftServerImpl.java:requestVote(1333)) - s1@group-3C1447EEDE3C replies to PRE_VOTE vote request: s0<-s1#0:OK-t0. Peer's state: s1@group-3C1447EEDE3C:t0, leader=null, voted=, raftlog=Memoized:s1@group-3C1447EEDE3C-SegmentedRaftLog:OPENED:c-1, conf=-1: peers:[s0|rpc:localhost:43573|admin:localhost:41975|client:localhost:42953|dataStream:localhost:45139|priority:0|startupRole:FOLLOWER, s1|rpc:localhost:41959|admin:localhost:40503|client:localhost:38419|dataStream:localhost:44143|priority:0|startupRole:FOLLOWER, s2|rpc:localhost:42139|admin:localhost:39277|client:localhost:39361|dataStream:localhost:34277|priority:0|startupRole:FOLLOWER]|listeners:[], old=null
2023-03-28 15:14:24,647 [s0@group-3C1447EEDE3C-LeaderElection20] INFO  impl.LeaderElection (LeaderElection.java:askForVotes(320)) - s0@group-3C1447EEDE3C-LeaderElection20 ELECTION round 0: submit vote requests at term 1 for -1: peers:[s0|rpc:localhost:43573|admin:localhost:41975|client:localhost:42953|dataStream:localhost:45139|priority:0|startupRole:FOLLOWER, s1|rpc:localhost:41959|admin:localhost:40503|client:localhost:38419|dataStream:localhost:44143|priority:0|startupRole:FOLLOWER, s2|rpc:localhost:42139|admin:localhost:39277|client:localhost:39361|dataStream:localhost:34277|priority:0|startupRole:FOLLOWER]|listeners:[], old=null
2023-03-28 15:14:24,653 [grpc-default-executor-11] INFO  server.RaftServer$Division (RaftServerImpl.java:requestVote(1300)) - s1@group-3C1447EEDE3C: receive requestVote(ELECTION, s0, group-3C1447EEDE3C, 1, (t:0, i:0))
2023-03-28 15:14:24,653 [grpc-default-executor-11] INFO  impl.VoteContext (VoteContext.java:log(49)) - s1@group-3C1447EEDE3C-FOLLOWER: accept ELECTION from s0: our priority 0 <= candidate's priority 0
2023-03-28 15:14:24,653 [grpc-default-executor-11] INFO  server.RaftServer$Division (RaftServerImpl.java:setRole(329)) - s1@group-3C1447EEDE3C: changes role from  FOLLOWER to FOLLOWER at term 1 for candidate:s0
2023-03-28 15:14:24,653 [grpc-default-executor-11] INFO  impl.RoleInfo (RoleInfo.java:shutdownFollowerState(110)) - s1: shutdown s1@group-3C1447EEDE3C-FollowerState
2023-03-28 15:14:24,653 [s1@group-3C1447EEDE3C-FollowerState] INFO  impl.FollowerState (FollowerState.java:run(152)) - s1@group-3C1447EEDE3C-FollowerState was interrupted
2023-03-28 15:14:24,653 [s0@group-3C1447EEDE3C-LeaderElection20] INFO  server.RaftServerConfigKeys (ConfUtils.java:logFallback(53)) - raft.server.rpc.first-election.timeout.min = 150ms (fallback to raft.server.rpc.timeout.min)
2023-03-28 15:14:24,653 [s0@group-3C1447EEDE3C-LeaderElection20] INFO  server.RaftServerConfigKeys (ConfUtils.java:logFallback(53)) - raft.server.rpc.first-election.timeout.max = 300ms (fallback to raft.server.rpc.timeout.max)
2023-03-28 15:14:24,661 [grpc-default-executor-11] INFO  impl.RoleInfo (RoleInfo.java:updateAndGet(139)) - s1: start s1@group-3C1447EEDE3C-FollowerState
2023-03-28 15:14:24,669 [grpc-default-executor-11] INFO  server.RaftServer$Division (RaftServerImpl.java:requestVote(1333)) - s1@group-3C1447EEDE3C replies to ELECTION vote request: s0<-s1#0:OK-t1. Peer's state: s1@group-3C1447EEDE3C:t1, leader=null, voted=s0, raftlog=Memoized:s1@group-3C1447EEDE3C-SegmentedRaftLog:OPENED:c-1, conf=-1: peers:[s0|rpc:localhost:43573|admin:localhost:41975|client:localhost:42953|dataStream:localhost:45139|priority:0|startupRole:FOLLOWER, s1|rpc:localhost:41959|admin:localhost:40503|client:localhost:38419|dataStream:localhost:44143|priority:0|startupRole:FOLLOWER, s2|rpc:localhost:42139|admin:localhost:39277|client:localhost:39361|dataStream:localhost:34277|priority:0|startupRole:FOLLOWER]|listeners:[], old=null
2023-03-28 15:14:24,671 [s0@group-3C1447EEDE3C-LeaderElection20] INFO  impl.LeaderElection (LeaderElection.java:logAndReturn(89)) - s0@group-3C1447EEDE3C-LeaderElection20: ELECTION PASSED received 1 response(s) and 0 exception(s):
2023-03-28 15:14:24,671 [s0@group-3C1447EEDE3C-LeaderElection20] INFO  impl.LeaderElection (LeaderElection.java:logAndReturn(93)) -   Response 0: s0<-s1#0:OK-t1
2023-03-28 15:14:24,671 [s0@group-3C1447EEDE3C-LeaderElection20] INFO  impl.LeaderElection (LeaderElection.java:askForVotes(322)) - s0@group-3C1447EEDE3C-LeaderElection20 ELECTION round 0: result PASSED
2023-03-28 15:14:24,671 [s0@group-3C1447EEDE3C-LeaderElection20] INFO  impl.RoleInfo (RoleInfo.java:shutdownLeaderElection(130)) - s0: shutdown s0@group-3C1447EEDE3C-LeaderElection20
2023-03-28 15:14:24,671 [s0@group-3C1447EEDE3C-LeaderElection20] INFO  server.RaftServer$Division (RaftServerImpl.java:setRole(329)) - s0@group-3C1447EEDE3C: changes role from CANDIDATE to LEADER at term 1 for changeToLeader
2023-03-28 15:14:24,671 [s0@group-3C1447EEDE3C-LeaderElection20] INFO  server.RaftServer$Division (ServerState.java:setLeader(260)) - s0@group-3C1447EEDE3C: change Leader from null to s0 at term 1 for becomeLeader, leader elected after 297ms
2023-03-28 15:14:24,671 [s0@group-3C1447EEDE3C-LeaderElection20] INFO  server.RaftServerConfigKeys (ConfUtils.java:logGet(46)) - raft.server.staging.catchup.gap = 1000 (default)
2023-03-28 15:14:24,671 [s0@group-3C1447EEDE3C-LeaderElection20] INFO  server.RaftServerConfigKeys (ConfUtils.java:logGet(46)) - raft.server.write.element-limit = 4096 (default)
2023-03-28 15:14:24,671 [s0@group-3C1447EEDE3C-LeaderElection20] INFO  server.RaftServerConfigKeys (ConfUtils.java:logGet(46)) - raft.server.write.byte-limit = 64MB (=67108864) (default)
2023-03-28 15:14:24,672 [s0@group-3C1447EEDE3C-LeaderElection20] INFO  server.RaftServerConfigKeys (ConfUtils.java:logGet(46)) - raft.server.watch.timeout = 10s (default)
2023-03-28 15:14:24,672 [s0@group-3C1447EEDE3C-LeaderElection20] INFO  server.RaftServerConfigKeys (ConfUtils.java:logGet(46)) - raft.server.watch.timeout.denomination = 1s (default)
2023-03-28 15:14:24,672 [s0@group-3C1447EEDE3C-LeaderElection20] INFO  server.RaftServerConfigKeys (ConfUtils.java:logGet(46)) - raft.server.watch.element-limit = 65536 (default)
2023-03-28 15:14:24,672 [s0@group-3C1447EEDE3C-LeaderElection20] INFO  server.RaftServerConfigKeys (ConfUtils.java:logGet(46)) - raft.server.write.element-limit = 4096 (default)
2023-03-28 15:14:24,672 [s0@group-3C1447EEDE3C-LeaderElection20] INFO  server.RaftServerConfigKeys (ConfUtils.java:logGet(46)) - raft.server.write.follower.gap.ratio.max = -1.0 (default)
2023-03-28 15:14:24,672 [grpc-default-executor-20] INFO  server.RaftServer$Division (RaftServerImpl.java:requestVote(1300)) - s2@group-3C1447EEDE3C: receive requestVote(ELECTION, s0, group-3C1447EEDE3C, 1, (t:0, i:0))
2023-03-28 15:14:24,672 [s0@group-3C1447EEDE3C-LeaderElection20] INFO  server.RaftServerConfigKeys (ConfUtils.java:logGet(46)) - raft.server.log.appender.snapshot.chunk.size.max = 16MB (=16777216) (default)
2023-03-28 15:14:24,672 [s0@group-3C1447EEDE3C-LeaderElection20] INFO  server.RaftServerConfigKeys (ConfUtils.java:logGet(46)) - raft.server.log.appender.buffer.byte-limit = 4MB (=4194304) (default)
2023-03-28 15:14:24,672 [s0@group-3C1447EEDE3C-LeaderElection20] INFO  server.RaftServerConfigKeys (ConfUtils.java:logGet(46)) - raft.server.log.appender.buffer.element-limit = 0 (default)
2023-03-28 15:14:24,672 [s0@group-3C1447EEDE3C-LeaderElection20] INFO  server.RaftServerConfigKeys (ConfUtils.java:logGet(46)) - raft.server.log.appender.wait-time.min = 10ms (default)
2023-03-28 15:14:24,672 [s0@group-3C1447EEDE3C-LeaderElection20] INFO  grpc.GrpcConfigKeys (ConfUtils.java:logGet(46)) - raft.grpc.server.leader.outstanding.appends.max = 128 (default)
2023-03-28 15:14:24,672 [s0@group-3C1447EEDE3C-LeaderElection20] INFO  server.RaftServerConfigKeys (ConfUtils.java:logGet(46)) - raft.server.rpc.request.timeout = 3000ms (default)
2023-03-28 15:14:24,672 [s0@group-3C1447EEDE3C-LeaderElection20] INFO  grpc.GrpcConfigKeys (ConfUtils.java:logGet(46)) - raft.grpc.server.install_snapshot.request.element-limit = 8 (default)
2023-03-28 15:14:24,672 [s0@group-3C1447EEDE3C-LeaderElection20] INFO  grpc.GrpcConfigKeys (ConfUtils.java:logGet(46)) - raft.grpc.server.install_snapshot.request.timeout = 3000ms (default)
2023-03-28 15:14:24,672 [s0@group-3C1447EEDE3C-LeaderElection20] INFO  server.RaftServerConfigKeys (ConfUtils.java:logGet(46)) - raft.server.log.appender.install.snapshot.enabled = true (default)
2023-03-28 15:14:24,672 [s0@group-3C1447EEDE3C-LeaderElection20] INFO  grpc.GrpcConfigKeys (ConfUtils.java:logGet(46)) - raft.grpc.server.heartbeat.channel = true (default)
2023-03-28 15:14:24,673 [s0@group-3C1447EEDE3C-LeaderElection20] INFO  server.RaftServerConfigKeys (ConfUtils.java:logGet(46)) - raft.server.log.appender.snapshot.chunk.size.max = 16MB (=16777216) (default)
2023-03-28 15:14:24,673 [s0@group-3C1447EEDE3C-LeaderElection20] INFO  server.RaftServerConfigKeys (ConfUtils.java:logGet(46)) - raft.server.log.appender.buffer.byte-limit = 4MB (=4194304) (default)
2023-03-28 15:14:24,673 [s0@group-3C1447EEDE3C-LeaderElection20] INFO  server.RaftServerConfigKeys (ConfUtils.java:logGet(46)) - raft.server.log.appender.buffer.element-limit = 0 (default)
2023-03-28 15:14:24,673 [s0@group-3C1447EEDE3C-LeaderElection20] INFO  server.RaftServerConfigKeys (ConfUtils.java:logGet(46)) - raft.server.log.appender.wait-time.min = 10ms (default)
2023-03-28 15:14:24,673 [s0@group-3C1447EEDE3C-LeaderElection20] INFO  grpc.GrpcConfigKeys (ConfUtils.java:logGet(46)) - raft.grpc.server.leader.outstanding.appends.max = 128 (default)
2023-03-28 15:14:24,673 [s0@group-3C1447EEDE3C-LeaderElection20] INFO  server.RaftServerConfigKeys (ConfUtils.java:logGet(46)) - raft.server.rpc.request.timeout = 3000ms (default)
2023-03-28 15:14:24,673 [s0@group-3C1447EEDE3C-LeaderElection20] INFO  grpc.GrpcConfigKeys (ConfUtils.java:logGet(46)) - raft.grpc.server.install_snapshot.request.element-limit = 8 (default)
2023-03-28 15:14:24,673 [s0@group-3C1447EEDE3C-LeaderElection20] INFO  grpc.GrpcConfigKeys (ConfUtils.java:logGet(46)) - raft.grpc.server.install_snapshot.request.timeout = 3000ms (default)
2023-03-28 15:14:24,673 [s0@group-3C1447EEDE3C-LeaderElection20] INFO  server.RaftServerConfigKeys (ConfUtils.java:logGet(46)) - raft.server.log.appender.install.snapshot.enabled = true (default)
2023-03-28 15:14:24,673 [s0@group-3C1447EEDE3C-LeaderElection20] INFO  grpc.GrpcConfigKeys (ConfUtils.java:logGet(46)) - raft.grpc.server.heartbeat.channel = true (default)
2023-03-28 15:14:24,673 [s0@group-3C1447EEDE3C-LeaderElection20] INFO  impl.RoleInfo (RoleInfo.java:updateAndGet(139)) - s0: start s0@group-3C1447EEDE3C-LeaderStateImpl
2023-03-28 15:14:24,673 [s0@group-3C1447EEDE3C-LeaderElection20] INFO  segmented.SegmentedRaftLogWorker (SegmentedRaftLogWorker.java:startLogSegment(426)) - s0@group-3C1447EEDE3C-SegmentedRaftLogWorker: Starting segment from index:0
2023-03-28 15:14:24,702 [s0@group-3C1447EEDE3C-SegmentedRaftLogWorker] INFO  segmented.SegmentedRaftLogWorker (SegmentedRaftLogWorker.java:execute(630)) - s0@group-3C1447EEDE3C-SegmentedRaftLogWorker: created new log segment /home/runner/work/ratis/ratis/ratis-test/target/test/data/2b0b63e9/MiniRaftClusterWithRpcTypeGrpcAndDataStreamTypeNettyc514589/s0/a3c65c5d-9bf4-4bd9-8fe6-3c1447eede3c/current/log_inprogress_0
2023-03-28 15:14:24,705 [grpc-default-executor-20] INFO  impl.VoteContext (VoteContext.java:log(49)) - s2@group-3C1447EEDE3C-FOLLOWER: accept ELECTION from s0: our priority 0 <= candidate's priority 0
2023-03-28 15:14:24,707 [grpc-default-executor-20] INFO  server.RaftServer$Division (RaftServerImpl.java:setRole(329)) - s2@group-3C1447EEDE3C: changes role from  FOLLOWER to FOLLOWER at term 1 for candidate:s0
2023-03-28 15:14:24,707 [grpc-default-executor-20] INFO  impl.RoleInfo (RoleInfo.java:shutdownFollowerState(110)) - s2: shutdown s2@group-3C1447EEDE3C-FollowerState
2023-03-28 15:14:24,707 [s2@group-3C1447EEDE3C-FollowerState] INFO  impl.FollowerState (FollowerState.java:run(152)) - s2@group-3C1447EEDE3C-FollowerState was interrupted
2023-03-28 15:14:24,707 [s0@group-3C1447EEDE3C-LeaderElection20] INFO  server.RaftServer$Division (ServerState.java:setRaftConf(377)) - s0@group-3C1447EEDE3C: set configuration 0: peers:[s0|rpc:localhost:43573|admin:localhost:41975|client:localhost:42953|dataStream:localhost:45139|priority:0|startupRole:FOLLOWER, s1|rpc:localhost:41959|admin:localhost:40503|client:localhost:38419|dataStream:localhost:44143|priority:0|startupRole:FOLLOWER, s2|rpc:localhost:42139|admin:localhost:39277|client:localhost:39361|dataStream:localhost:34277|priority:0|startupRole:FOLLOWER]|listeners:[], old=null
2023-03-28 15:14:24,712 [grpc-default-executor-20] INFO  impl.RoleInfo (RoleInfo.java:updateAndGet(139)) - s2: start s2@group-3C1447EEDE3C-FollowerState
2023-03-28 15:14:24,723 [s1-server-thread2] INFO  server.RaftServer$Division (ServerState.java:setLeader(260)) - s1@group-3C1447EEDE3C: change Leader from null to s0 at term 1 for appendEntries, leader elected after 313ms
2023-03-28 15:14:24,723 [grpc-default-executor-20] INFO  server.RaftServer$Division (RaftServerImpl.java:requestVote(1333)) - s2@group-3C1447EEDE3C replies to ELECTION vote request: s0<-s2#0:OK-t1. Peer's state: s2@group-3C1447EEDE3C:t1, leader=null, voted=s0, raftlog=Memoized:s2@group-3C1447EEDE3C-SegmentedRaftLog:OPENED:c-1, conf=-1: peers:[s0|rpc:localhost:43573|admin:localhost:41975|client:localhost:42953|dataStream:localhost:45139|priority:0|startupRole:FOLLOWER, s1|rpc:localhost:41959|admin:localhost:40503|client:localhost:38419|dataStream:localhost:44143|priority:0|startupRole:FOLLOWER, s2|rpc:localhost:42139|admin:localhost:39277|client:localhost:39361|dataStream:localhost:34277|priority:0|startupRole:FOLLOWER]|listeners:[], old=null
2023-03-28 15:14:24,723 [s2-server-thread1] INFO  server.RaftServer$Division (ServerState.java:setLeader(260)) - s2@group-3C1447EEDE3C: change Leader from null to s0 at term 1 for appendEntries, leader elected after 280ms
2023-03-28 15:14:24,727 [s1-server-thread1] INFO  server.RaftServer$Division (ServerState.java:setRaftConf(377)) - s1@group-3C1447EEDE3C: set configuration 0: peers:[s0|rpc:localhost:43573|admin:localhost:41975|client:localhost:42953|dataStream:localhost:45139|priority:0|startupRole:FOLLOWER, s1|rpc:localhost:41959|admin:localhost:40503|client:localhost:38419|dataStream:localhost:44143|priority:0|startupRole:FOLLOWER, s2|rpc:localhost:42139|admin:localhost:39277|client:localhost:39361|dataStream:localhost:34277|priority:0|startupRole:FOLLOWER]|listeners:[], old=null
2023-03-28 15:14:24,727 [s1-server-thread1] INFO  segmented.SegmentedRaftLogWorker (SegmentedRaftLogWorker.java:startLogSegment(426)) - s1@group-3C1447EEDE3C-SegmentedRaftLogWorker: Starting segment from index:0
2023-03-28 15:14:24,732 [s2-server-thread2] INFO  server.RaftServer$Division (ServerState.java:setRaftConf(377)) - s2@group-3C1447EEDE3C: set configuration 0: peers:[s0|rpc:localhost:43573|admin:localhost:41975|client:localhost:42953|dataStream:localhost:45139|priority:0|startupRole:FOLLOWER, s1|rpc:localhost:41959|admin:localhost:40503|client:localhost:38419|dataStream:localhost:44143|priority:0|startupRole:FOLLOWER, s2|rpc:localhost:42139|admin:localhost:39277|client:localhost:39361|dataStream:localhost:34277|priority:0|startupRole:FOLLOWER]|listeners:[], old=null
2023-03-28 15:14:24,732 [s2-server-thread2] INFO  segmented.SegmentedRaftLogWorker (SegmentedRaftLogWorker.java:startLogSegment(426)) - s2@group-3C1447EEDE3C-SegmentedRaftLogWorker: Starting segment from index:0
2023-03-28 15:14:24,750 [s1@group-3C1447EEDE3C-SegmentedRaftLogWorker] INFO  segmented.SegmentedRaftLogWorker (SegmentedRaftLogWorker.java:execute(630)) - s1@group-3C1447EEDE3C-SegmentedRaftLogWorker: created new log segment /home/runner/work/ratis/ratis/ratis-test/target/test/data/2b0b63e9/MiniRaftClusterWithRpcTypeGrpcAndDataStreamTypeNettyc514589/s1/a3c65c5d-9bf4-4bd9-8fe6-3c1447eede3c/current/log_inprogress_0
2023-03-28 15:14:24,750 [s2@group-3C1447EEDE3C-SegmentedRaftLogWorker] INFO  segmented.SegmentedRaftLogWorker (SegmentedRaftLogWorker.java:execute(630)) - s2@group-3C1447EEDE3C-SegmentedRaftLogWorker: created new log segment /home/runner/work/ratis/ratis/ratis-test/target/test/data/2b0b63e9/MiniRaftClusterWithRpcTypeGrpcAndDataStreamTypeNettyc514589/s2/a3c65c5d-9bf4-4bd9-8fe6-3c1447eede3c/current/log_inprogress_0
2023-03-28 15:14:25,039 [Time-limited test] INFO  ratis.RaftTestUtil (RaftTestUtil.java:waitForLeader(119)) - printing ALL groups
  s0:  RUNNING    LEADER s0@group-3C1447EEDE3C:t1, leader=s0, voted=s0, raftlog=Memoized:s0@group-3C1447EEDE3C-SegmentedRaftLog:OPENED:c0, conf=0: peers:[s0|rpc:localhost:43573|admin:localhost:41975|client:localhost:42953|dataStream:localhost:45139|priority:0|startupRole:FOLLOWER, s1|rpc:localhost:41959|admin:localhost:40503|client:localhost:38419|dataStream:localhost:44143|priority:0|startupRole:FOLLOWER, s2|rpc:localhost:42139|admin:localhost:39277|client:localhost:39361|dataStream:localhost:34277|priority:0|startupRole:FOLLOWER]|listeners:[], old=null RUNNING
  s1:  RUNNING  FOLLOWER s1@group-3C1447EEDE3C:t1, leader=s0, voted=s0, raftlog=Memoized:s1@group-3C1447EEDE3C-SegmentedRaftLog:OPENED:c0, conf=0: peers:[s0|rpc:localhost:43573|admin:localhost:41975|client:localhost:42953|dataStream:localhost:45139|priority:0|startupRole:FOLLOWER, s1|rpc:localhost:41959|admin:localhost:40503|client:localhost:38419|dataStream:localhost:44143|priority:0|startupRole:FOLLOWER, s2|rpc:localhost:42139|admin:localhost:39277|client:localhost:39361|dataStream:localhost:34277|priority:0|startupRole:FOLLOWER]|listeners:[], old=null RUNNING
  s2:  RUNNING  FOLLOWER s2@group-3C1447EEDE3C:t1, leader=s0, voted=s0, raftlog=Memoized:s2@group-3C1447EEDE3C-SegmentedRaftLog:OPENED:c0, conf=0: peers:[s0|rpc:localhost:43573|admin:localhost:41975|client:localhost:42953|dataStream:localhost:45139|priority:0|startupRole:FOLLOWER, s1|rpc:localhost:41959|admin:localhost:40503|client:localhost:38419|dataStream:localhost:44143|priority:0|startupRole:FOLLOWER, s2|rpc:localhost:42139|admin:localhost:39277|client:localhost:39361|dataStream:localhost:34277|priority:0|startupRole:FOLLOWER]|listeners:[], old=null RUNNING
2023-03-28 15:14:25,039 [Time-limited test] INFO  client.DataStreamClient (ConfUtils.java:logGet(46)) - raft.datastream.type = NETTY (custom)
2023-03-28 15:14:25,040 [Time-limited test] INFO  netty.NettyConfigKeys$DataStream (ConfUtils.java:logGet(46)) - raft.netty.dataStream.client.tls.conf = null (default)
2023-03-28 15:14:25,040 [Time-limited test] INFO  netty.NettyConfigKeys$DataStream (ConfUtils.java:logGet(46)) - raft.netty.dataStream.client.reply.queue.grace-period = 1s (default)
2023-03-28 15:14:25,040 [Time-limited test] INFO  netty.NettyConfigKeys$DataStream (ConfUtils.java:logGet(46)) - raft.netty.dataStream.client.worker-group.share = false (default)
2023-03-28 15:14:25,040 [Time-limited test] INFO  netty.NettyConfigKeys$DataStream (ConfUtils.java:logGet(46)) - raft.netty.dataStream.client.worker-group.size = 4 (default)
2023-03-28 15:14:25,049 [s1-NettyServerStreamRpc-bossGroup--thread1] INFO  logging.LoggingHandler (AbstractInternalLogger.java:log(148)) - [id: 0x16bbc49b, L:/0.0.0.0:44143] READ: [id: 0x0981486b, L:/127.0.0.1:44143 - R:/127.0.0.1:53332]
2023-03-28 15:14:25,067 [s1-NettyServerStreamRpc-bossGroup--thread1] INFO  logging.LoggingHandler (AbstractInternalLogger.java:log(148)) - [id: 0x16bbc49b, L:/0.0.0.0:44143] READ COMPLETE
2023-03-28 15:14:25,068 [s1-NettyServerStreamRpc-workerGroup--thread1] INFO  client.DataStreamClient (ConfUtils.java:logGet(46)) - raft.datastream.type = NETTY (custom)
2023-03-28 15:14:25,068 [s1-NettyServerStreamRpc-workerGroup--thread1] INFO  netty.NettyConfigKeys$DataStream (ConfUtils.java:logGet(46)) - raft.netty.dataStream.client.tls.conf = null (default)
2023-03-28 15:14:25,068 [s1-NettyServerStreamRpc-workerGroup--thread1] INFO  netty.NettyConfigKeys$DataStream (ConfUtils.java:logGet(46)) - raft.netty.dataStream.client.reply.queue.grace-period = 1s (default)
2023-03-28 15:14:25,068 [s1-NettyServerStreamRpc-workerGroup--thread1] INFO  netty.NettyConfigKeys$DataStream (ConfUtils.java:logGet(46)) - raft.netty.dataStream.client.worker-group.share = false (default)
2023-03-28 15:14:25,068 [s1-NettyServerStreamRpc-workerGroup--thread1] INFO  netty.NettyConfigKeys$DataStream (ConfUtils.java:logGet(46)) - raft.netty.dataStream.client.worker-group.size = 4 (default)
2023-03-28 15:14:25,072 [s1-NettyServerStreamRpc-workerGroup--thread1] INFO  client.DataStreamClient (ConfUtils.java:logGet(46)) - raft.datastream.type = NETTY (custom)
2023-03-28 15:14:25,072 [s1-NettyServerStreamRpc-workerGroup--thread1] INFO  netty.NettyConfigKeys$DataStream (ConfUtils.java:logGet(46)) - raft.netty.dataStream.client.tls.conf = null (default)
2023-03-28 15:14:25,072 [s1-NettyServerStreamRpc-workerGroup--thread1] INFO  netty.NettyConfigKeys$DataStream (ConfUtils.java:logGet(46)) - raft.netty.dataStream.client.reply.queue.grace-period = 1s (default)
2023-03-28 15:14:25,073 [s1-NettyServerStreamRpc-workerGroup--thread1] INFO  netty.NettyConfigKeys$DataStream (ConfUtils.java:logGet(46)) - raft.netty.dataStream.client.worker-group.share = false (default)
2023-03-28 15:14:25,073 [s1-NettyServerStreamRpc-workerGroup--thread1] INFO  netty.NettyConfigKeys$DataStream (ConfUtils.java:logGet(46)) - raft.netty.dataStream.client.worker-group.size = 4 (default)
2023-03-28 15:14:25,075 [s0-NettyServerStreamRpc-bossGroup--thread1] INFO  logging.LoggingHandler (AbstractInternalLogger.java:log(148)) - [id: 0x556d4e97, L:/0.0.0.0:45139] READ: [id: 0x0e64413c, L:/127.0.0.1:45139 - R:/127.0.0.1:52532]
2023-03-28 15:14:25,083 [s2-NettyServerStreamRpc-bossGroup--thread1] INFO  logging.LoggingHandler (AbstractInternalLogger.java:log(148)) - [id: 0x1d4503e8, L:/0.0.0.0:34277] READ: [id: 0x003c743c, L:/127.0.0.1:34277 - R:/127.0.0.1:35576]
2023-03-28 15:14:25,085 [s0-NettyServerStreamRpc-bossGroup--thread1] INFO  logging.LoggingHandler (AbstractInternalLogger.java:log(148)) - [id: 0x556d4e97, L:/0.0.0.0:45139] READ COMPLETE
2023-03-28 15:14:25,089 [s2-NettyServerStreamRpc-bossGroup--thread1] INFO  logging.LoggingHandler (AbstractInternalLogger.java:log(148)) - [id: 0x1d4503e8, L:/0.0.0.0:34277] READ COMPLETE
2023-03-28 15:14:25,744 [s0-client-thread1] INFO  statemachine.StateMachine (DataStreamTestUtils.java:link(157)) - link SingleDataStream: writeRequest=RaftClientRequest:client-CE8EC7FDE812->s1@group-3C1447EEDE3C, cid=564, seq=0, DataStream, Message:<EMPTY>, logEntry=null
2023-03-28 15:14:25,745 [s1-server-thread3] INFO  statemachine.StateMachine (DataStreamTestUtils.java:link(157)) - link SingleDataStream: writeRequest=RaftClientRequest:client-CE8EC7FDE812->s1@group-3C1447EEDE3C, cid=564, seq=0, DataStream, Message:<EMPTY>, logEntry=null
2023-03-28 15:14:25,745 [s2-server-thread3] INFO  statemachine.StateMachine (DataStreamTestUtils.java:link(157)) - link SingleDataStream: writeRequest=RaftClientRequest:client-CE8EC7FDE812->s1@group-3C1447EEDE3C, cid=564, seq=0, DataStream, Message:<EMPTY>, logEntry=null
2023-03-28 15:14:25,868 [Time-limited test] TRACE util.FileUtils (LogUtils.java:runAndLog(49)) - Successfully ran Files.createDirectories target/test/data/2b0b63e9/TestNettyDataStreamStarTopologyWithGrpcCluster/testStreamWrites
2023-03-28 15:14:26,130 [Time-limited test] INFO  client.DataStreamClient (ConfUtils.java:logGet(46)) - raft.datastream.type = NETTY (custom)
2023-03-28 15:14:26,131 [Time-limited test] INFO  netty.NettyConfigKeys$DataStream (ConfUtils.java:logGet(46)) - raft.netty.dataStream.client.tls.conf = null (default)
2023-03-28 15:14:26,131 [Time-limited test] INFO  netty.NettyConfigKeys$DataStream (ConfUtils.java:logGet(46)) - raft.netty.dataStream.client.reply.queue.grace-period = 1s (default)
2023-03-28 15:14:26,131 [Time-limited test] INFO  netty.NettyConfigKeys$DataStream (ConfUtils.java:logGet(46)) - raft.netty.dataStream.client.worker-group.share = false (default)
2023-03-28 15:14:26,131 [Time-limited test] INFO  netty.NettyConfigKeys$DataStream (ConfUtils.java:logGet(46)) - raft.netty.dataStream.client.worker-group.size = 4 (default)
2023-03-28 15:14:26,141 [s0-NettyServerStreamRpc-bossGroup--thread1] INFO  logging.LoggingHandler (AbstractInternalLogger.java:log(148)) - [id: 0x556d4e97, L:/0.0.0.0:45139] READ: [id: 0xc3f299fd, L:/127.0.0.1:45139 - R:/127.0.0.1:52542]
2023-03-28 15:14:26,147 [s0-NettyServerStreamRpc-bossGroup--thread1] INFO  logging.LoggingHandler (AbstractInternalLogger.java:log(148)) - [id: 0x556d4e97, L:/0.0.0.0:45139] READ COMPLETE
2023-03-28 15:14:26,147 [s0-NettyServerStreamRpc-workerGroup--thread2] INFO  client.DataStreamClient (ConfUtils.java:logGet(46)) - raft.datastream.type = NETTY (custom)
2023-03-28 15:14:26,147 [s0-NettyServerStreamRpc-workerGroup--thread2] INFO  netty.NettyConfigKeys$DataStream (ConfUtils.java:logGet(46)) - raft.netty.dataStream.client.tls.conf = null (default)
2023-03-28 15:14:26,148 [s0-NettyServerStreamRpc-workerGroup--thread2] INFO  netty.NettyConfigKeys$DataStream (ConfUtils.java:logGet(46)) - raft.netty.dataStream.client.reply.queue.grace-period = 1s (default)
2023-03-28 15:14:26,148 [s0-NettyServerStreamRpc-workerGroup--thread2] INFO  netty.NettyConfigKeys$DataStream (ConfUtils.java:logGet(46)) - raft.netty.dataStream.client.worker-group.share = false (default)
2023-03-28 15:14:26,148 [s0-NettyServerStreamRpc-workerGroup--thread2] INFO  netty.NettyConfigKeys$DataStream (ConfUtils.java:logGet(46)) - raft.netty.dataStream.client.worker-group.size = 4 (default)
2023-03-28 15:14:26,169 [s1-NettyServerStreamRpc-bossGroup--thread1] INFO  logging.LoggingHandler (AbstractInternalLogger.java:log(148)) - [id: 0x16bbc49b, L:/0.0.0.0:44143] READ: [id: 0xfe138f16, L:/127.0.0.1:44143 - R:/127.0.0.1:53348]
2023-03-28 15:14:26,171 [s0-NettyServerStreamRpc-workerGroup--thread2] INFO  client.DataStreamClient (ConfUtils.java:logGet(46)) - raft.datastream.type = NETTY (custom)
2023-03-28 15:14:26,171 [s0-NettyServerStreamRpc-workerGroup--thread2] INFO  netty.NettyConfigKeys$DataStream (ConfUtils.java:logGet(46)) - raft.netty.dataStream.client.tls.conf = null (default)
2023-03-28 15:14:26,171 [s0-NettyServerStreamRpc-workerGroup--thread2] INFO  netty.NettyConfigKeys$DataStream (ConfUtils.java:logGet(46)) - raft.netty.dataStream.client.reply.queue.grace-period = 1s (default)
2023-03-28 15:14:26,171 [s0-NettyServerStreamRpc-workerGroup--thread2] INFO  netty.NettyConfigKeys$DataStream (ConfUtils.java:logGet(46)) - raft.netty.dataStream.client.worker-group.share = false (default)
2023-03-28 15:14:26,171 [s0-NettyServerStreamRpc-workerGroup--thread2] INFO  netty.NettyConfigKeys$DataStream (ConfUtils.java:logGet(46)) - raft.netty.dataStream.client.worker-group.size = 4 (default)
2023-03-28 15:14:26,174 [s1-NettyServerStreamRpc-bossGroup--thread1] INFO  logging.LoggingHandler (AbstractInternalLogger.java:log(148)) - [id: 0x16bbc49b, L:/0.0.0.0:44143] READ COMPLETE
2023-03-28 15:14:26,182 [s2-NettyServerStreamRpc-bossGroup--thread1] INFO  logging.LoggingHandler (AbstractInternalLogger.java:log(148)) - [id: 0x1d4503e8, L:/0.0.0.0:34277] READ: [id: 0x80ff127b, L:/127.0.0.1:34277 - R:/127.0.0.1:35590]
2023-03-28 15:14:26,187 [s2-NettyServerStreamRpc-bossGroup--thread1] INFO  logging.LoggingHandler (AbstractInternalLogger.java:log(148)) - [id: 0x1d4503e8, L:/0.0.0.0:34277] READ COMPLETE
2023-03-28 15:14:26,432 [Time-limited test] INFO  datastream.TestNettyDataStreamStarTopologyWithGrpcCluster (DataStreamClusterTests.java:runTestWriteFile(112)) - 0: writeAsyncDefaultFileRegion elapsed 290ms
2023-03-28 15:14:26,504 [s0-client-thread1] INFO  statemachine.StateMachine (DataStreamTestUtils.java:link(157)) - link SingleDataStream: writeRequest=RaftClientRequest:client-68CA1FD07D70->s0@group-3C1447EEDE3C, cid=568, seq=0, DataStream, Message:<EMPTY>, logEntry=null
2023-03-28 15:14:26,505 [s1-server-thread1] INFO  statemachine.StateMachine (DataStreamTestUtils.java:link(157)) - link SingleDataStream: writeRequest=RaftClientRequest:client-68CA1FD07D70->s0@group-3C1447EEDE3C, cid=568, seq=0, DataStream, Message:<EMPTY>, logEntry=null
2023-03-28 15:14:26,505 [s2-server-thread1] INFO  statemachine.StateMachine (DataStreamTestUtils.java:link(157)) - link SingleDataStream: writeRequest=RaftClientRequest:client-68CA1FD07D70->s0@group-3C1447EEDE3C, cid=568, seq=0, DataStream, Message:<EMPTY>, logEntry=null
2023-03-28 15:14:26,602 [Time-limited test] INFO  client.DataStreamClient (ConfUtils.java:logGet(46)) - raft.datastream.type = NETTY (custom)
2023-03-28 15:14:26,602 [Time-limited test] INFO  netty.NettyConfigKeys$DataStream (ConfUtils.java:logGet(46)) - raft.netty.dataStream.client.tls.conf = null (default)
2023-03-28 15:14:26,602 [Time-limited test] INFO  netty.NettyConfigKeys$DataStream (ConfUtils.java:logGet(46)) - raft.netty.dataStream.client.reply.queue.grace-period = 1s (default)
2023-03-28 15:14:26,602 [Time-limited test] INFO  netty.NettyConfigKeys$DataStream (ConfUtils.java:logGet(46)) - raft.netty.dataStream.client.worker-group.share = false (default)
2023-03-28 15:14:26,602 [Time-limited test] INFO  netty.NettyConfigKeys$DataStream (ConfUtils.java:logGet(46)) - raft.netty.dataStream.client.worker-group.size = 4 (default)
2023-03-28 15:14:26,604 [s0-NettyServerStreamRpc-bossGroup--thread1] INFO  logging.LoggingHandler (AbstractInternalLogger.java:log(148)) - [id: 0x556d4e97, L:/0.0.0.0:45139] READ: [id: 0xc0864aec, L:/127.0.0.1:45139 - R:/127.0.0.1:52544]
2023-03-28 15:14:26,605 [s0-NettyServerStreamRpc-bossGroup--thread1] INFO  logging.LoggingHandler (AbstractInternalLogger.java:log(148)) - [id: 0x556d4e97, L:/0.0.0.0:45139] READ COMPLETE
2023-03-28 15:14:26,606 [s0-NettyServerStreamRpc-workerGroup--thread3] INFO  client.DataStreamClient (ConfUtils.java:logGet(46)) - raft.datastream.type = NETTY (custom)
2023-03-28 15:14:26,606 [s0-NettyServerStreamRpc-workerGroup--thread3] INFO  netty.NettyConfigKeys$DataStream (ConfUtils.java:logGet(46)) - raft.netty.dataStream.client.tls.conf = null (default)
2023-03-28 15:14:26,606 [s0-NettyServerStreamRpc-workerGroup--thread3] INFO  netty.NettyConfigKeys$DataStream (ConfUtils.java:logGet(46)) - raft.netty.dataStream.client.reply.queue.grace-period = 1s (default)
2023-03-28 15:14:26,606 [s0-NettyServerStreamRpc-workerGroup--thread3] INFO  netty.NettyConfigKeys$DataStream (ConfUtils.java:logGet(46)) - raft.netty.dataStream.client.worker-group.share = false (default)
2023-03-28 15:14:26,606 [s0-NettyServerStreamRpc-workerGroup--thread3] INFO  netty.NettyConfigKeys$DataStream (ConfUtils.java:logGet(46)) - raft.netty.dataStream.client.worker-group.size = 4 (default)
2023-03-28 15:14:26,607 [s1-NettyServerStreamRpc-bossGroup--thread1] INFO  logging.LoggingHandler (AbstractInternalLogger.java:log(148)) - [id: 0x16bbc49b, L:/0.0.0.0:44143] READ: [id: 0xdb0990f6, L:/127.0.0.1:44143 - R:/127.0.0.1:53358]
2023-03-28 15:14:26,608 [s0-NettyServerStreamRpc-workerGroup--thread3] INFO  client.DataStreamClient (ConfUtils.java:logGet(46)) - raft.datastream.type = NETTY (custom)
2023-03-28 15:14:26,608 [s0-NettyServerStreamRpc-workerGroup--thread3] INFO  netty.NettyConfigKeys$DataStream (ConfUtils.java:logGet(46)) - raft.netty.dataStream.client.tls.conf = null (default)
2023-03-28 15:14:26,608 [s0-NettyServerStreamRpc-workerGroup--thread3] INFO  netty.NettyConfigKeys$DataStream (ConfUtils.java:logGet(46)) - raft.netty.dataStream.client.reply.queue.grace-period = 1s (default)
2023-03-28 15:14:26,608 [s0-NettyServerStreamRpc-workerGroup--thread3] INFO  netty.NettyConfigKeys$DataStream (ConfUtils.java:logGet(46)) - raft.netty.dataStream.client.worker-group.share = false (default)
2023-03-28 15:14:26,608 [s0-NettyServerStreamRpc-workerGroup--thread3] INFO  netty.NettyConfigKeys$DataStream (ConfUtils.java:logGet(46)) - raft.netty.dataStream.client.worker-group.size = 4 (default)
2023-03-28 15:14:26,608 [s1-NettyServerStreamRpc-bossGroup--thread1] INFO  logging.LoggingHandler (AbstractInternalLogger.java:log(148)) - [id: 0x16bbc49b, L:/0.0.0.0:44143] READ COMPLETE
2023-03-28 15:14:26,610 [s2-NettyServerStreamRpc-bossGroup--thread1] INFO  logging.LoggingHandler (AbstractInternalLogger.java:log(148)) - [id: 0x1d4503e8, L:/0.0.0.0:34277] READ: [id: 0x4baa818b, L:/127.0.0.1:34277 - R:/127.0.0.1:35604]
2023-03-28 15:14:26,612 [s2-NettyServerStreamRpc-bossGroup--thread1] INFO  logging.LoggingHandler (AbstractInternalLogger.java:log(148)) - [id: 0x1d4503e8, L:/0.0.0.0:34277] READ COMPLETE
2023-03-28 15:14:27,434 [Time-limited test] INFO  datastream.TestNettyDataStreamStarTopologyWithGrpcCluster (DataStreamClusterTests.java:runTestWriteFile(112)) - 0: transferToWritableByteChannel elapsed 829ms
2023-03-28 15:14:27,455 [s0-client-thread1] INFO  statemachine.StateMachine (DataStreamTestUtils.java:link(157)) - link SingleDataStream: writeRequest=RaftClientRequest:client-C8502B0CAE52->s0@group-3C1447EEDE3C, cid=572, seq=0, DataStream, Message:<EMPTY>, logEntry=null
2023-03-28 15:14:27,457 [s2-server-thread3] INFO  statemachine.StateMachine (DataStreamTestUtils.java:link(157)) - link SingleDataStream: writeRequest=RaftClientRequest:client-C8502B0CAE52->s0@group-3C1447EEDE3C, cid=572, seq=0, DataStream, Message:<EMPTY>, logEntry=null
2023-03-28 15:14:27,458 [s1-server-thread3] INFO  statemachine.StateMachine (DataStreamTestUtils.java:link(157)) - link SingleDataStream: writeRequest=RaftClientRequest:client-C8502B0CAE52->s0@group-3C1447EEDE3C, cid=572, seq=0, DataStream, Message:<EMPTY>, logEntry=null
2023-03-28 15:14:27,610 [Time-limited test] INFO  client.DataStreamClient (ConfUtils.java:logGet(46)) - raft.datastream.type = NETTY (custom)
2023-03-28 15:14:27,610 [Time-limited test] INFO  netty.NettyConfigKeys$DataStream (ConfUtils.java:logGet(46)) - raft.netty.dataStream.client.tls.conf = null (default)
2023-03-28 15:14:27,610 [Time-limited test] INFO  netty.NettyConfigKeys$DataStream (ConfUtils.java:logGet(46)) - raft.netty.dataStream.client.reply.queue.grace-period = 1s (default)
2023-03-28 15:14:27,610 [Time-limited test] INFO  netty.NettyConfigKeys$DataStream (ConfUtils.java:logGet(46)) - raft.netty.dataStream.client.worker-group.share = false (default)
2023-03-28 15:14:27,610 [Time-limited test] INFO  netty.NettyConfigKeys$DataStream (ConfUtils.java:logGet(46)) - raft.netty.dataStream.client.worker-group.size = 4 (default)
2023-03-28 15:14:27,621 [s0-NettyServerStreamRpc-bossGroup--thread1] INFO  logging.LoggingHandler (AbstractInternalLogger.java:log(148)) - [id: 0x556d4e97, L:/0.0.0.0:45139] READ: [id: 0x88e49dcc, L:/127.0.0.1:45139 - R:/127.0.0.1:52554]
2023-03-28 15:14:27,622 [s0-NettyServerStreamRpc-bossGroup--thread1] INFO  logging.LoggingHandler (AbstractInternalLogger.java:log(148)) - [id: 0x556d4e97, L:/0.0.0.0:45139] READ COMPLETE
2023-03-28 15:14:27,626 [s0-NettyServerStreamRpc-workerGroup--thread4] INFO  client.DataStreamClient (ConfUtils.java:logGet(46)) - raft.datastream.type = NETTY (custom)
2023-03-28 15:14:27,628 [s0-NettyServerStreamRpc-workerGroup--thread4] INFO  netty.NettyConfigKeys$DataStream (ConfUtils.java:logGet(46)) - raft.netty.dataStream.client.tls.conf = null (default)
2023-03-28 15:14:27,628 [s0-NettyServerStreamRpc-workerGroup--thread4] INFO  netty.NettyConfigKeys$DataStream (ConfUtils.java:logGet(46)) - raft.netty.dataStream.client.reply.queue.grace-period = 1s (default)
2023-03-28 15:14:27,628 [s0-NettyServerStreamRpc-workerGroup--thread4] INFO  netty.NettyConfigKeys$DataStream (ConfUtils.java:logGet(46)) - raft.netty.dataStream.client.worker-group.share = false (default)
2023-03-28 15:14:27,628 [s0-NettyServerStreamRpc-workerGroup--thread4] INFO  netty.NettyConfigKeys$DataStream (ConfUtils.java:logGet(46)) - raft.netty.dataStream.client.worker-group.size = 4 (default)
2023-03-28 15:14:27,629 [s1-NettyServerStreamRpc-bossGroup--thread1] INFO  logging.LoggingHandler (AbstractInternalLogger.java:log(148)) - [id: 0x16bbc49b, L:/0.0.0.0:44143] READ: [id: 0xfe86d329, L:/127.0.0.1:44143 - R:/127.0.0.1:53368]
2023-03-28 15:14:27,630 [s0-NettyServerStreamRpc-workerGroup--thread4] INFO  client.DataStreamClient (ConfUtils.java:logGet(46)) - raft.datastream.type = NETTY (custom)
2023-03-28 15:14:27,630 [s0-NettyServerStreamRpc-workerGroup--thread4] INFO  netty.NettyConfigKeys$DataStream (ConfUtils.java:logGet(46)) - raft.netty.dataStream.client.tls.conf = null (default)
2023-03-28 15:14:27,630 [s0-NettyServerStreamRpc-workerGroup--thread4] INFO  netty.NettyConfigKeys$DataStream (ConfUtils.java:logGet(46)) - raft.netty.dataStream.client.reply.queue.grace-period = 1s (default)
2023-03-28 15:14:27,630 [s0-NettyServerStreamRpc-workerGroup--thread4] INFO  netty.NettyConfigKeys$DataStream (ConfUtils.java:logGet(46)) - raft.netty.dataStream.client.worker-group.share = false (default)
2023-03-28 15:14:27,630 [s0-NettyServerStreamRpc-workerGroup--thread4] INFO  netty.NettyConfigKeys$DataStream (ConfUtils.java:logGet(46)) - raft.netty.dataStream.client.worker-group.size = 4 (default)
2023-03-28 15:14:27,632 [s1-NettyServerStreamRpc-bossGroup--thread1] INFO  logging.LoggingHandler (AbstractInternalLogger.java:log(148)) - [id: 0x16bbc49b, L:/0.0.0.0:44143] READ COMPLETE
2023-03-28 15:14:27,670 [s2-NettyServerStreamRpc-bossGroup--thread1] INFO  logging.LoggingHandler (AbstractInternalLogger.java:log(148)) - [id: 0x1d4503e8, L:/0.0.0.0:34277] READ: [id: 0x2c35f381, L:/127.0.0.1:34277 - R:/127.0.0.1:35608]
2023-03-28 15:14:27,672 [s2-NettyServerStreamRpc-bossGroup--thread1] INFO  logging.LoggingHandler (AbstractInternalLogger.java:log(148)) - [id: 0x1d4503e8, L:/0.0.0.0:34277] READ COMPLETE
2023-03-28 15:14:27,900 [Time-limited test] INFO  datastream.TestNettyDataStreamStarTopologyWithGrpcCluster (DataStreamClusterTests.java:runTestWriteFile(112)) - 1: writeAsyncDefaultFileRegion elapsed 278ms
2023-03-28 15:14:27,922 [s0-client-thread1] INFO  statemachine.StateMachine (DataStreamTestUtils.java:link(157)) - link SingleDataStream: writeRequest=RaftClientRequest:client-D5F109F08546->s0@group-3C1447EEDE3C, cid=576, seq=0, DataStream, Message:<EMPTY>, logEntry=null
2023-03-28 15:14:27,923 [s2-server-thread1] INFO  statemachine.StateMachine (DataStreamTestUtils.java:link(157)) - link SingleDataStream: writeRequest=RaftClientRequest:client-D5F109F08546->s0@group-3C1447EEDE3C, cid=576, seq=0, DataStream, Message:<EMPTY>, logEntry=null
2023-03-28 15:14:27,929 [s1-server-thread1] INFO  statemachine.StateMachine (DataStreamTestUtils.java:link(157)) - link SingleDataStream: writeRequest=RaftClientRequest:client-D5F109F08546->s0@group-3C1447EEDE3C, cid=576, seq=0, DataStream, Message:<EMPTY>, logEntry=null
2023-03-28 15:14:28,001 [Time-limited test] INFO  client.DataStreamClient (ConfUtils.java:logGet(46)) - raft.datastream.type = NETTY (custom)
2023-03-28 15:14:28,002 [Time-limited test] INFO  netty.NettyConfigKeys$DataStream (ConfUtils.java:logGet(46)) - raft.netty.dataStream.client.tls.conf = null (default)
2023-03-28 15:14:28,002 [Time-limited test] INFO  netty.NettyConfigKeys$DataStream (ConfUtils.java:logGet(46)) - raft.netty.dataStream.client.reply.queue.grace-period = 1s (default)
2023-03-28 15:14:28,002 [Time-limited test] INFO  netty.NettyConfigKeys$DataStream (ConfUtils.java:logGet(46)) - raft.netty.dataStream.client.worker-group.share = false (default)
2023-03-28 15:14:28,002 [Time-limited test] INFO  netty.NettyConfigKeys$DataStream (ConfUtils.java:logGet(46)) - raft.netty.dataStream.client.worker-group.size = 4 (default)
2023-03-28 15:14:28,007 [s0-NettyServerStreamRpc-bossGroup--thread1] INFO  logging.LoggingHandler (AbstractInternalLogger.java:log(148)) - [id: 0x556d4e97, L:/0.0.0.0:45139] READ: [id: 0xd6d8a40d, L:/127.0.0.1:45139 - R:/127.0.0.1:52556]
2023-03-28 15:14:28,008 [s0-NettyServerStreamRpc-bossGroup--thread1] INFO  logging.LoggingHandler (AbstractInternalLogger.java:log(148)) - [id: 0x556d4e97, L:/0.0.0.0:45139] READ COMPLETE
2023-03-28 15:14:28,012 [s0-NettyServerStreamRpc-workerGroup--thread1] INFO  client.DataStreamClient (ConfUtils.java:logGet(46)) - raft.datastream.type = NETTY (custom)
2023-03-28 15:14:28,012 [s0-NettyServerStreamRpc-workerGroup--thread1] INFO  netty.NettyConfigKeys$DataStream (ConfUtils.java:logGet(46)) - raft.netty.dataStream.client.tls.conf = null (default)
2023-03-28 15:14:28,012 [s0-NettyServerStreamRpc-workerGroup--thread1] INFO  netty.NettyConfigKeys$DataStream (ConfUtils.java:logGet(46)) - raft.netty.dataStream.client.reply.queue.grace-period = 1s (default)
2023-03-28 15:14:28,012 [s0-NettyServerStreamRpc-workerGroup--thread1] INFO  netty.NettyConfigKeys$DataStream (ConfUtils.java:logGet(46)) - raft.netty.dataStream.client.worker-group.share = false (default)
2023-03-28 15:14:28,012 [s0-NettyServerStreamRpc-workerGroup--thread1] INFO  netty.NettyConfigKeys$DataStream (ConfUtils.java:logGet(46)) - raft.netty.dataStream.client.worker-group.size = 4 (default)
2023-03-28 15:14:28,024 [s1-NettyServerStreamRpc-bossGroup--thread1] INFO  logging.LoggingHandler (AbstractInternalLogger.java:log(148)) - [id: 0x16bbc49b, L:/0.0.0.0:44143] READ: [id: 0xcee707b0, L:/127.0.0.1:44143 - R:/127.0.0.1:53380]
2023-03-28 15:14:28,024 [s1-NettyServerStreamRpc-bossGroup--thread1] INFO  logging.LoggingHandler (AbstractInternalLogger.java:log(148)) - [id: 0x16bbc49b, L:/0.0.0.0:44143] READ COMPLETE
2023-03-28 15:14:28,025 [s0-NettyServerStreamRpc-workerGroup--thread1] INFO  client.DataStreamClient (ConfUtils.java:logGet(46)) - raft.datastream.type = NETTY (custom)
2023-03-28 15:14:28,025 [s0-NettyServerStreamRpc-workerGroup--thread1] INFO  netty.NettyConfigKeys$DataStream (ConfUtils.java:logGet(46)) - raft.netty.dataStream.client.tls.conf = null (default)
2023-03-28 15:14:28,025 [s0-NettyServerStreamRpc-workerGroup--thread1] INFO  netty.NettyConfigKeys$DataStream (ConfUtils.java:logGet(46)) - raft.netty.dataStream.client.reply.queue.grace-period = 1s (default)
2023-03-28 15:14:28,025 [s0-NettyServerStreamRpc-workerGroup--thread1] INFO  netty.NettyConfigKeys$DataStream (ConfUtils.java:logGet(46)) - raft.netty.dataStream.client.worker-group.share = false (default)
2023-03-28 15:14:28,025 [s0-NettyServerStreamRpc-workerGroup--thread1] INFO  netty.NettyConfigKeys$DataStream (ConfUtils.java:logGet(46)) - raft.netty.dataStream.client.worker-group.size = 4 (default)
2023-03-28 15:14:28,029 [s2-NettyServerStreamRpc-bossGroup--thread1] INFO  logging.LoggingHandler (AbstractInternalLogger.java:log(148)) - [id: 0x1d4503e8, L:/0.0.0.0:34277] READ: [id: 0x2a929401, L:/127.0.0.1:34277 - R:/127.0.0.1:35616]
2023-03-28 15:14:28,029 [s2-NettyServerStreamRpc-bossGroup--thread1] INFO  logging.LoggingHandler (AbstractInternalLogger.java:log(148)) - [id: 0x1d4503e8, L:/0.0.0.0:34277] READ COMPLETE
2023-03-28 15:14:28,811 [Time-limited test] INFO  datastream.TestNettyDataStreamStarTopologyWithGrpcCluster (DataStreamClusterTests.java:runTestWriteFile(112)) - 1: transferToWritableByteChannel elapsed 803ms
2023-03-28 15:14:28,829 [s0-client-thread1] INFO  statemachine.StateMachine (DataStreamTestUtils.java:link(157)) - link SingleDataStream: writeRequest=RaftClientRequest:client-DF1B58213D24->s0@group-3C1447EEDE3C, cid=580, seq=0, DataStream, Message:<EMPTY>, logEntry=null
2023-03-28 15:14:28,830 [s2-server-thread3] INFO  statemachine.StateMachine (DataStreamTestUtils.java:link(157)) - link SingleDataStream: writeRequest=RaftClientRequest:client-DF1B58213D24->s0@group-3C1447EEDE3C, cid=580, seq=0, DataStream, Message:<EMPTY>, logEntry=null
2023-03-28 15:14:28,832 [s1-server-thread3] INFO  statemachine.StateMachine (DataStreamTestUtils.java:link(157)) - link SingleDataStream: writeRequest=RaftClientRequest:client-DF1B58213D24->s0@group-3C1447EEDE3C, cid=580, seq=0, DataStream, Message:<EMPTY>, logEntry=null
2023-03-28 15:14:28,869 [Time-limited test] INFO  client.DataStreamClient (ConfUtils.java:logGet(46)) - raft.datastream.type = NETTY (custom)
2023-03-28 15:14:28,869 [Time-limited test] INFO  netty.NettyConfigKeys$DataStream (ConfUtils.java:logGet(46)) - raft.netty.dataStream.client.tls.conf = null (default)
2023-03-28 15:14:28,869 [Time-limited test] INFO  netty.NettyConfigKeys$DataStream (ConfUtils.java:logGet(46)) - raft.netty.dataStream.client.reply.queue.grace-period = 1s (default)
2023-03-28 15:14:28,869 [Time-limited test] INFO  netty.NettyConfigKeys$DataStream (ConfUtils.java:logGet(46)) - raft.netty.dataStream.client.worker-group.share = false (default)
2023-03-28 15:14:28,869 [Time-limited test] INFO  netty.NettyConfigKeys$DataStream (ConfUtils.java:logGet(46)) - raft.netty.dataStream.client.worker-group.size = 4 (default)
2023-03-28 15:14:28,888 [s2-NettyServerStreamRpc-bossGroup--thread1] INFO  logging.LoggingHandler (AbstractInternalLogger.java:log(148)) - [id: 0x1d4503e8, L:/0.0.0.0:34277] READ: [id: 0x86fecd2b, L:/127.0.0.1:34277 - R:/127.0.0.1:35622]
2023-03-28 15:14:28,888 [s2-NettyServerStreamRpc-bossGroup--thread1] INFO  logging.LoggingHandler (AbstractInternalLogger.java:log(148)) - [id: 0x1d4503e8, L:/0.0.0.0:34277] READ COMPLETE
2023-03-28 15:14:28,890 [s2-NettyServerStreamRpc-workerGroup--thread2] INFO  client.DataStreamClient (ConfUtils.java:logGet(46)) - raft.datastream.type = NETTY (custom)
2023-03-28 15:14:28,890 [s2-NettyServerStreamRpc-workerGroup--thread2] INFO  netty.NettyConfigKeys$DataStream (ConfUtils.java:logGet(46)) - raft.netty.dataStream.client.tls.conf = null (default)
2023-03-28 15:14:28,890 [s2-NettyServerStreamRpc-workerGroup--thread2] INFO  netty.NettyConfigKeys$DataStream (ConfUtils.java:logGet(46)) - raft.netty.dataStream.client.reply.queue.grace-period = 1s (default)
2023-03-28 15:14:28,890 [s2-NettyServerStreamRpc-workerGroup--thread2] INFO  netty.NettyConfigKeys$DataStream (ConfUtils.java:logGet(46)) - raft.netty.dataStream.client.worker-group.share = false (default)
2023-03-28 15:14:28,890 [s2-NettyServerStreamRpc-workerGroup--thread2] INFO  netty.NettyConfigKeys$DataStream (ConfUtils.java:logGet(46)) - raft.netty.dataStream.client.worker-group.size = 4 (default)
2023-03-28 15:14:28,895 [s0-NettyServerStreamRpc-bossGroup--thread1] INFO  logging.LoggingHandler (AbstractInternalLogger.java:log(148)) - [id: 0x556d4e97, L:/0.0.0.0:45139] READ: [id: 0x337cd245, L:/127.0.0.1:45139 - R:/127.0.0.1:52570]
2023-03-28 15:14:28,895 [s0-NettyServerStreamRpc-bossGroup--thread1] INFO  logging.LoggingHandler (AbstractInternalLogger.java:log(148)) - [id: 0x556d4e97, L:/0.0.0.0:45139] READ COMPLETE
2023-03-28 15:14:28,895 [s2-NettyServerStreamRpc-workerGroup--thread2] INFO  client.DataStreamClient (ConfUtils.java:logGet(46)) - raft.datastream.type = NETTY (custom)
2023-03-28 15:14:28,895 [s2-NettyServerStreamRpc-workerGroup--thread2] INFO  netty.NettyConfigKeys$DataStream (ConfUtils.java:logGet(46)) - raft.netty.dataStream.client.tls.conf = null (default)
2023-03-28 15:14:28,895 [s2-NettyServerStreamRpc-workerGroup--thread2] INFO  netty.NettyConfigKeys$DataStream (ConfUtils.java:logGet(46)) - raft.netty.dataStream.client.reply.queue.grace-period = 1s (default)
2023-03-28 15:14:28,896 [s2-NettyServerStreamRpc-workerGroup--thread2] INFO  netty.NettyConfigKeys$DataStream (ConfUtils.java:logGet(46)) - raft.netty.dataStream.client.worker-group.share = false (default)
2023-03-28 15:14:28,896 [s2-NettyServerStreamRpc-workerGroup--thread2] INFO  netty.NettyConfigKeys$DataStream (ConfUtils.java:logGet(46)) - raft.netty.dataStream.client.worker-group.size = 4 (default)
2023-03-28 15:14:28,900 [s1-NettyServerStreamRpc-bossGroup--thread1] INFO  logging.LoggingHandler (AbstractInternalLogger.java:log(148)) - [id: 0x16bbc49b, L:/0.0.0.0:44143] READ: [id: 0xd8e8b55b, L:/127.0.0.1:44143 - R:/127.0.0.1:53382]
2023-03-28 15:14:28,900 [s1-NettyServerStreamRpc-bossGroup--thread1] INFO  logging.LoggingHandler (AbstractInternalLogger.java:log(148)) - [id: 0x16bbc49b, L:/0.0.0.0:44143] READ COMPLETE
2023-03-28 15:14:29,130 [Time-limited test] INFO  datastream.TestNettyDataStreamStarTopologyWithGrpcCluster (DataStreamClusterTests.java:runTestWriteFile(112)) - 2: writeAsyncDefaultFileRegion elapsed 240ms
2023-03-28 15:14:29,153 [s0-client-thread1] INFO  statemachine.StateMachine (DataStreamTestUtils.java:link(157)) - link SingleDataStream: writeRequest=RaftClientRequest:client-EE6ED547FA7B->s2@group-3C1447EEDE3C, cid=584, seq=0, DataStream, Message:<EMPTY>, logEntry=null
2023-03-28 15:14:29,168 [s1-server-thread3] INFO  statemachine.StateMachine (DataStreamTestUtils.java:link(157)) - link SingleDataStream: writeRequest=RaftClientRequest:client-EE6ED547FA7B->s2@group-3C1447EEDE3C, cid=584, seq=0, DataStream, Message:<EMPTY>, logEntry=null
2023-03-28 15:14:29,168 [s2-server-thread3] INFO  statemachine.StateMachine (DataStreamTestUtils.java:link(157)) - link SingleDataStream: writeRequest=RaftClientRequest:client-EE6ED547FA7B->s2@group-3C1447EEDE3C, cid=584, seq=0, DataStream, Message:<EMPTY>, logEntry=null
2023-03-28 15:14:29,263 [Time-limited test] INFO  client.DataStreamClient (ConfUtils.java:logGet(46)) - raft.datastream.type = NETTY (custom)
2023-03-28 15:14:29,263 [Time-limited test] INFO  netty.NettyConfigKeys$DataStream (ConfUtils.java:logGet(46)) - raft.netty.dataStream.client.tls.conf = null (default)
2023-03-28 15:14:29,263 [Time-limited test] INFO  netty.NettyConfigKeys$DataStream (ConfUtils.java:logGet(46)) - raft.netty.dataStream.client.reply.queue.grace-period = 1s (default)
2023-03-28 15:14:29,263 [Time-limited test] INFO  netty.NettyConfigKeys$DataStream (ConfUtils.java:logGet(46)) - raft.netty.dataStream.client.worker-group.share = false (default)
2023-03-28 15:14:29,263 [Time-limited test] INFO  netty.NettyConfigKeys$DataStream (ConfUtils.java:logGet(46)) - raft.netty.dataStream.client.worker-group.size = 4 (default)
2023-03-28 15:14:29,265 [s0-NettyServerStreamRpc-bossGroup--thread1] INFO  logging.LoggingHandler (AbstractInternalLogger.java:log(148)) - [id: 0x556d4e97, L:/0.0.0.0:45139] READ: [id: 0xd12a5b05, L:/127.0.0.1:45139 - R:/127.0.0.1:52576]
2023-03-28 15:14:29,265 [s0-NettyServerStreamRpc-bossGroup--thread1] INFO  logging.LoggingHandler (AbstractInternalLogger.java:log(148)) - [id: 0x556d4e97, L:/0.0.0.0:45139] READ COMPLETE
2023-03-28 15:14:29,265 [s0-NettyServerStreamRpc-workerGroup--thread3] INFO  client.DataStreamClient (ConfUtils.java:logGet(46)) - raft.datastream.type = NETTY (custom)
2023-03-28 15:14:29,266 [s0-NettyServerStreamRpc-workerGroup--thread3] INFO  netty.NettyConfigKeys$DataStream (ConfUtils.java:logGet(46)) - raft.netty.dataStream.client.tls.conf = null (default)
2023-03-28 15:14:29,266 [s0-NettyServerStreamRpc-workerGroup--thread3] INFO  netty.NettyConfigKeys$DataStream (ConfUtils.java:logGet(46)) - raft.netty.dataStream.client.reply.queue.grace-period = 1s (default)
2023-03-28 15:14:29,266 [s0-NettyServerStreamRpc-workerGroup--thread3] INFO  netty.NettyConfigKeys$DataStream (ConfUtils.java:logGet(46)) - raft.netty.dataStream.client.worker-group.share = false (default)
2023-03-28 15:14:29,266 [s0-NettyServerStreamRpc-workerGroup--thread3] INFO  netty.NettyConfigKeys$DataStream (ConfUtils.java:logGet(46)) - raft.netty.dataStream.client.worker-group.size = 4 (default)
2023-03-28 15:14:29,267 [s1-NettyServerStreamRpc-bossGroup--thread1] INFO  logging.LoggingHandler (AbstractInternalLogger.java:log(148)) - [id: 0x16bbc49b, L:/0.0.0.0:44143] READ: [id: 0x2b78d774, L:/127.0.0.1:44143 - R:/127.0.0.1:53384]
2023-03-28 15:14:29,267 [s1-NettyServerStreamRpc-bossGroup--thread1] INFO  logging.LoggingHandler (AbstractInternalLogger.java:log(148)) - [id: 0x16bbc49b, L:/0.0.0.0:44143] READ COMPLETE
2023-03-28 15:14:29,267 [s0-NettyServerStreamRpc-workerGroup--thread3] INFO  client.DataStreamClient (ConfUtils.java:logGet(46)) - raft.datastream.type = NETTY (custom)
2023-03-28 15:14:29,267 [s0-NettyServerStreamRpc-workerGroup--thread3] INFO  netty.NettyConfigKeys$DataStream (ConfUtils.java:logGet(46)) - raft.netty.dataStream.client.tls.conf = null (default)
2023-03-28 15:14:29,267 [s0-NettyServerStreamRpc-workerGroup--thread3] INFO  netty.NettyConfigKeys$DataStream (ConfUtils.java:logGet(46)) - raft.netty.dataStream.client.reply.queue.grace-period = 1s (default)
2023-03-28 15:14:29,267 [s0-NettyServerStreamRpc-workerGroup--thread3] INFO  netty.NettyConfigKeys$DataStream (ConfUtils.java:logGet(46)) - raft.netty.dataStream.client.worker-group.share = false (default)
2023-03-28 15:14:29,267 [s0-NettyServerStreamRpc-workerGroup--thread3] INFO  netty.NettyConfigKeys$DataStream (ConfUtils.java:logGet(46)) - raft.netty.dataStream.client.worker-group.size = 4 (default)
2023-03-28 15:14:29,270 [s2-NettyServerStreamRpc-bossGroup--thread1] INFO  logging.LoggingHandler (AbstractInternalLogger.java:log(148)) - [id: 0x1d4503e8, L:/0.0.0.0:34277] READ: [id: 0x06c543bb, L:/127.0.0.1:34277 - R:/127.0.0.1:35630]
2023-03-28 15:14:29,270 [s2-NettyServerStreamRpc-bossGroup--thread1] INFO  logging.LoggingHandler (AbstractInternalLogger.java:log(148)) - [id: 0x1d4503e8, L:/0.0.0.0:34277] READ COMPLETE
2023-03-28 15:14:30,022 [Time-limited test] INFO  datastream.TestNettyDataStreamStarTopologyWithGrpcCluster (DataStreamClusterTests.java:runTestWriteFile(112)) - 2: transferToWritableByteChannel elapsed 756ms
2023-03-28 15:14:30,032 [s0-client-thread1] INFO  statemachine.StateMachine (DataStreamTestUtils.java:link(157)) - link SingleDataStream: writeRequest=RaftClientRequest:client-F62964CB2F78->s0@group-3C1447EEDE3C, cid=588, seq=0, DataStream, Message:<EMPTY>, logEntry=null
2023-03-28 15:14:30,033 [s2-server-thread3] INFO  statemachine.StateMachine (DataStreamTestUtils.java:link(157)) - link SingleDataStream: writeRequest=RaftClientRequest:client-F62964CB2F78->s0@group-3C1447EEDE3C, cid=588, seq=0, DataStream, Message:<EMPTY>, logEntry=null
2023-03-28 15:14:30,033 [s1-server-thread3] INFO  statemachine.StateMachine (DataStreamTestUtils.java:link(157)) - link SingleDataStream: writeRequest=RaftClientRequest:client-F62964CB2F78->s0@group-3C1447EEDE3C, cid=588, seq=0, DataStream, Message:<EMPTY>, logEntry=null
2023-03-28 15:14:30,115 [Time-limited test] INFO  impl.MiniRaftCluster (MiniRaftCluster.java:shutdown(831)) - ************************************************************** 
2023-03-28 15:14:30,115 [Time-limited test] INFO  impl.MiniRaftCluster (MiniRaftCluster.java:shutdown(832)) - *** 
2023-03-28 15:14:30,115 [Time-limited test] INFO  impl.MiniRaftCluster (MiniRaftCluster.java:shutdown(833)) - ***     Stopping MiniRaftClusterWithRpcTypeGrpcAndDataStreamTypeNetty
2023-03-28 15:14:30,115 [Time-limited test] INFO  impl.MiniRaftCluster (MiniRaftCluster.java:shutdown(834)) - *** 
2023-03-28 15:14:30,115 [Time-limited test] INFO  impl.MiniRaftCluster (MiniRaftCluster.java:shutdown(835)) - ************************************************************** 
2023-03-28 15:14:30,115 [Time-limited test] INFO  impl.MiniRaftCluster (MiniRaftCluster.java:shutdown(836)) - printing ALL groups
  s0:  RUNNING    LEADER s0@group-3C1447EEDE3C:t1, leader=s0, voted=s0, raftlog=Memoized:s0@group-3C1447EEDE3C-SegmentedRaftLog:OPENED:c14, conf=0: peers:[s0|rpc:localhost:43573|admin:localhost:41975|client:localhost:42953|dataStream:localhost:45139|priority:0|startupRole:FOLLOWER, s1|rpc:localhost:41959|admin:localhost:40503|client:localhost:38419|dataStream:localhost:44143|priority:0|startupRole:FOLLOWER, s2|rpc:localhost:42139|admin:localhost:39277|client:localhost:39361|dataStream:localhost:34277|priority:0|startupRole:FOLLOWER]|listeners:[], old=null RUNNING
  s1:  RUNNING  FOLLOWER s1@group-3C1447EEDE3C:t1, leader=s0, voted=s0, raftlog=Memoized:s1@group-3C1447EEDE3C-SegmentedRaftLog:OPENED:c13, conf=0: peers:[s0|rpc:localhost:43573|admin:localhost:41975|client:localhost:42953|dataStream:localhost:45139|priority:0|startupRole:FOLLOWER, s1|rpc:localhost:41959|admin:localhost:40503|client:localhost:38419|dataStream:localhost:44143|priority:0|startupRole:FOLLOWER, s2|rpc:localhost:42139|admin:localhost:39277|client:localhost:39361|dataStream:localhost:34277|priority:0|startupRole:FOLLOWER]|listeners:[], old=null RUNNING
  s2:  RUNNING  FOLLOWER s2@group-3C1447EEDE3C:t1, leader=s0, voted=s0, raftlog=Memoized:s2@group-3C1447EEDE3C-SegmentedRaftLog:OPENED:c13, conf=0: peers:[s0|rpc:localhost:43573|admin:localhost:41975|client:localhost:42953|dataStream:localhost:45139|priority:0|startupRole:FOLLOWER, s1|rpc:localhost:41959|admin:localhost:40503|client:localhost:38419|dataStream:localhost:44143|priority:0|startupRole:FOLLOWER, s2|rpc:localhost:42139|admin:localhost:39277|client:localhost:39361|dataStream:localhost:34277|priority:0|startupRole:FOLLOWER]|listeners:[], old=null RUNNING
2023-03-28 15:14:30,116 [MiniRaftCluster-8] INFO  server.RaftServer (RaftServerProxy.java:lambda$close$7(417)) - s0: close
2023-03-28 15:14:30,116 [MiniRaftCluster-9] INFO  server.RaftServer (RaftServerProxy.java:lambda$close$7(417)) - s1: close
2023-03-28 15:14:30,116 [MiniRaftCluster-10] INFO  server.RaftServer (RaftServerProxy.java:lambda$close$7(417)) - s2: close
2023-03-28 15:14:30,118 [MiniRaftCluster-8] INFO  server.GrpcService (GrpcService.java:closeImpl(311)) - s0: shutdown server org.apache.ratis.grpc.server.GrpcClientProtocolService now
2023-03-28 15:14:30,118 [s0-impl-thread1] INFO  server.RaftServer$Division (RaftServerImpl.java:lambda$close$4(466)) - s0@group-3C1447EEDE3C: shutdown
2023-03-28 15:14:30,118 [s0-impl-thread1] INFO  util.JmxRegister (JmxRegister.java:unregister(73)) - Successfully un-registered JMX Bean with object name Ratis:service=RaftServer,group=group-3C1447EEDE3C,id=s0
2023-03-28 15:14:30,118 [s0-impl-thread1] INFO  impl.RoleInfo (RoleInfo.java:shutdownLeaderState(93)) - s0: shutdown s0@group-3C1447EEDE3C-LeaderStateImpl
2023-03-28 15:14:30,119 [s0-impl-thread1] INFO  impl.PendingRequests (PendingRequests.java:sendNotLeaderResponses(289)) - s0@group-3C1447EEDE3C-PendingRequests: sendNotLeaderResponses
2023-03-28 15:14:30,119 [grpc-default-executor-7] INFO  server.GrpcServerProtocolService (GrpcServerProtocolService.java:onCompleted(145)) - s1: Completed APPEND_ENTRIES, lastRequest: s0->s1#117221-t1,previous=(t:1, i:13),leaderCommit=13,initializing? true,entries: size=1, first=(t:1, i:14), METADATAENTRY(c:13)
2023-03-28 15:14:30,119 [Thread-1684] INFO  server.GrpcServerProtocolClient (GrpcServerProtocolClient.java:close(103)) - s1 Close channels
2023-03-28 15:14:30,119 [grpc-default-executor-20] INFO  server.GrpcServerProtocolService (GrpcServerProtocolService.java:onCompleted(145)) - s1: Completed APPEND_ENTRIES, lastRequest: null
2023-03-28 15:14:30,119 [s1-impl-thread1] INFO  server.RaftServer$Division (RaftServerImpl.java:lambda$close$4(466)) - s1@group-3C1447EEDE3C: shutdown
2023-03-28 15:14:30,120 [s1-impl-thread1] INFO  util.JmxRegister (JmxRegister.java:unregister(73)) - Successfully un-registered JMX Bean with object name Ratis:service=RaftServer,group=group-3C1447EEDE3C,id=s1
2023-03-28 15:14:30,120 [s1-impl-thread1] INFO  impl.RoleInfo (RoleInfo.java:shutdownFollowerState(110)) - s1: shutdown s1@group-3C1447EEDE3C-FollowerState
2023-03-28 15:14:30,120 [s1-impl-thread1] INFO  impl.StateMachineUpdater (StateMachineUpdater.java:stopAndJoin(154)) - s1@group-3C1447EEDE3C-StateMachineUpdater: set stopIndex = 13
2023-03-28 15:14:30,120 [MiniRaftCluster-9] INFO  server.GrpcService (GrpcService.java:closeImpl(311)) - s1: shutdown server org.apache.ratis.grpc.server.GrpcClientProtocolService now
2023-03-28 15:14:30,120 [s1@group-3C1447EEDE3C-FollowerState] INFO  impl.FollowerState (FollowerState.java:run(152)) - s1@group-3C1447EEDE3C-FollowerState was interrupted
2023-03-28 15:14:30,120 [s1-impl-thread1] INFO  server.RaftServer$Division (ServerState.java:close(413)) - s1@group-3C1447EEDE3C: applyIndex: 13
2023-03-28 15:14:30,121 [grpc-default-executor-21] INFO  server.GrpcLogAppender (GrpcLogAppender.java:onCompleted(422)) - s0@group-3C1447EEDE3C->s1-AppendLogResponseHandler: follower responses appendEntries COMPLETED
2023-03-28 15:14:30,121 [grpc-default-executor-21] WARN  server.GrpcLogAppender (GrpcLogAppender.java:resetClient(133)) - s0@group-3C1447EEDE3C->s1-GrpcLogAppender: Failed to getClient for s1
org.apache.ratis.protocol.exceptions.AlreadyClosedException: s0 is already CLOSED
	at org.apache.ratis.util.PeerProxyMap$PeerAndProxy.getProxy(PeerProxyMap.java:61)
	at org.apache.ratis.util.PeerProxyMap.getProxy(PeerProxyMap.java:115)
	at org.apache.ratis.grpc.server.GrpcLogAppender.getClient(GrpcLogAppender.java:111)
	at org.apache.ratis.grpc.server.GrpcLogAppender.resetClient(GrpcLogAppender.java:116)
	at org.apache.ratis.grpc.server.GrpcLogAppender.access$500(GrpcLogAppender.java:55)
	at org.apache.ratis.grpc.server.GrpcLogAppender$AppendLogResponseHandler.onCompleted(GrpcLogAppender.java:423)
	at org.apache.ratis.thirdparty.io.grpc.stub.ClientCalls$StreamObserverToCallListenerAdapter.onClose(ClientCalls.java:485)
	at org.apache.ratis.thirdparty.io.grpc.internal.DelayedClientCall$DelayedListener$3.run(DelayedClientCall.java:471)
	at org.apache.ratis.thirdparty.io.grpc.internal.DelayedClientCall$DelayedListener.delayOrExecute(DelayedClientCall.java:435)
	at org.apache.ratis.thirdparty.io.grpc.internal.DelayedClientCall$DelayedListener.onClose(DelayedClientCall.java:468)
	at org.apache.ratis.thirdparty.io.grpc.internal.ClientCallImpl.closeObserver(ClientCallImpl.java:563)
	at org.apache.ratis.thirdparty.io.grpc.internal.ClientCallImpl.access$300(ClientCallImpl.java:70)
	at org.apache.ratis.thirdparty.io.grpc.internal.ClientCallImpl$ClientStreamListenerImpl$1StreamClosed.runInternal(ClientCallImpl.java:744)
	at org.apache.ratis.thirdparty.io.grpc.internal.ClientCallImpl$ClientStreamListenerImpl$1StreamClosed.runInContext(ClientCallImpl.java:723)
	at org.apache.ratis.thirdparty.io.grpc.internal.ContextRunnable.run(ContextRunnable.java:37)
	at org.apache.ratis.thirdparty.io.grpc.internal.SerializingExecutor.run(SerializingExecutor.java:133)
	at java.base/java.util.concurrent.ThreadPoolExecutor.runWorker(ThreadPoolExecutor.java:1128)
	at java.base/java.util.concurrent.ThreadPoolExecutor$Worker.run(ThreadPoolExecutor.java:628)
	at java.base/java.lang.Thread.run(Thread.java:829)
2023-03-28 15:14:30,121 [grpc-default-executor-20] INFO  server.GrpcLogAppender (GrpcLogAppender.java:onCompleted(422)) - s0@group-3C1447EEDE3C->s1-AppendLogResponseHandler: follower responses appendEntries COMPLETED
2023-03-28 15:14:30,122 [grpc-default-executor-20] WARN  server.GrpcLogAppender (GrpcLogAppender.java:resetClient(133)) - s0@group-3C1447EEDE3C->s1-GrpcLogAppender: Failed to getClient for s1
org.apache.ratis.protocol.exceptions.AlreadyClosedException: s0 is already CLOSED
	at org.apache.ratis.util.PeerProxyMap$PeerAndProxy.getProxy(PeerProxyMap.java:61)
	at org.apache.ratis.util.PeerProxyMap.getProxy(PeerProxyMap.java:115)
	at org.apache.ratis.grpc.server.GrpcLogAppender.getClient(GrpcLogAppender.java:111)
	at org.apache.ratis.grpc.server.GrpcLogAppender.resetClient(GrpcLogAppender.java:116)
	at org.apache.ratis.grpc.server.GrpcLogAppender.access$500(GrpcLogAppender.java:55)
	at org.apache.ratis.grpc.server.GrpcLogAppender$AppendLogResponseHandler.onCompleted(GrpcLogAppender.java:423)
	at org.apache.ratis.thirdparty.io.grpc.stub.ClientCalls$StreamObserverToCallListenerAdapter.onClose(ClientCalls.java:485)
	at org.apache.ratis.thirdparty.io.grpc.internal.ClientCallImpl.closeObserver(ClientCallImpl.java:563)
	at org.apache.ratis.thirdparty.io.grpc.internal.ClientCallImpl.access$300(ClientCallImpl.java:70)
	at org.apache.ratis.thirdparty.io.grpc.internal.ClientCallImpl$ClientStreamListenerImpl$1StreamClosed.runInternal(ClientCallImpl.java:744)
	at org.apache.ratis.thirdparty.io.grpc.internal.ClientCallImpl$ClientStreamListenerImpl$1StreamClosed.runInContext(ClientCallImpl.java:723)
	at org.apache.ratis.thirdparty.io.grpc.internal.ContextRunnable.run(ContextRunnable.java:37)
	at org.apache.ratis.thirdparty.io.grpc.internal.SerializingExecutor.run(SerializingExecutor.java:133)
	at java.base/java.util.concurrent.ThreadPoolExecutor.runWorker(ThreadPoolExecutor.java:1128)
	at java.base/java.util.concurrent.ThreadPoolExecutor$Worker.run(ThreadPoolExecutor.java:628)
	at java.base/java.lang.Thread.run(Thread.java:829)
2023-03-28 15:14:30,122 [MiniRaftCluster-10] INFO  server.GrpcService (GrpcService.java:closeImpl(311)) - s2: shutdown server org.apache.ratis.grpc.server.GrpcClientProtocolService now
2023-03-28 15:14:30,122 [s2-impl-thread1] INFO  server.RaftServer$Division (RaftServerImpl.java:lambda$close$4(466)) - s2@group-3C1447EEDE3C: shutdown
2023-03-28 15:14:30,122 [s2-impl-thread1] INFO  util.JmxRegister (JmxRegister.java:unregister(73)) - Successfully un-registered JMX Bean with object name Ratis:service=RaftServer,group=group-3C1447EEDE3C,id=s2
2023-03-28 15:14:30,122 [s2-impl-thread1] INFO  impl.RoleInfo (RoleInfo.java:shutdownFollowerState(110)) - s2: shutdown s2@group-3C1447EEDE3C-FollowerState
2023-03-28 15:14:30,122 [s2-impl-thread1] INFO  impl.StateMachineUpdater (StateMachineUpdater.java:stopAndJoin(154)) - s2@group-3C1447EEDE3C-StateMachineUpdater: set stopIndex = 13
2023-03-28 15:14:30,122 [s2@group-3C1447EEDE3C-FollowerState] INFO  impl.FollowerState (FollowerState.java:run(152)) - s2@group-3C1447EEDE3C-FollowerState was interrupted
2023-03-28 15:14:30,122 [s2-impl-thread1] INFO  server.RaftServer$Division (ServerState.java:close(413)) - s2@group-3C1447EEDE3C: applyIndex: 13
2023-03-28 15:14:30,123 [Thread-1685] INFO  server.GrpcServerProtocolClient (GrpcServerProtocolClient.java:close(103)) - s2 Close channels
2023-03-28 15:14:30,123 [MiniRaftCluster-10] INFO  server.GrpcService (GrpcService.java:closeImpl(320)) - s2: shutdown server org.apache.ratis.grpc.server.GrpcClientProtocolService successfully
2023-03-28 15:14:30,124 [MiniRaftCluster-10] INFO  server.GrpcService (GrpcService.java:closeImpl(311)) - s2: shutdown server GrpcServerProtocolService now
2023-03-28 15:14:30,131 [grpc-default-executor-7] INFO  server.GrpcServerProtocolService (GrpcServerProtocolService.java:onCompleted(145)) - s2: Completed APPEND_ENTRIES, lastRequest: null
2023-03-28 15:14:30,131 [grpc-default-executor-7] INFO  server.GrpcServerProtocolService (GrpcServerProtocolService.java:onCompleted(145)) - s2: Completed APPEND_ENTRIES, lastRequest: s0->s2#90220-t1,previous=(t:1, i:13),leaderCommit=13,initializing? true,entries: size=1, first=(t:1, i:14), METADATAENTRY(c:13)
2023-03-28 15:14:30,141 [s0-impl-thread1] INFO  impl.StateMachineUpdater (StateMachineUpdater.java:stopAndJoin(154)) - s0@group-3C1447EEDE3C-StateMachineUpdater: set stopIndex = 14
2023-03-28 15:14:30,142 [grpc-default-executor-11] INFO  server.GrpcLogAppender (GrpcLogAppender.java:onError(411)) - s0@group-3C1447EEDE3C->s2-GrpcLogAppender is already stopped
2023-03-28 15:14:30,142 [grpc-default-executor-21] INFO  server.GrpcLogAppender (GrpcLogAppender.java:onCompleted(422)) - s0@group-3C1447EEDE3C->s2-AppendLogResponseHandler: follower responses appendEntries COMPLETED
2023-03-28 15:14:30,142 [grpc-default-executor-21] WARN  server.GrpcLogAppender (GrpcLogAppender.java:resetClient(133)) - s0@group-3C1447EEDE3C->s2-GrpcLogAppender: Failed to getClient for s2
org.apache.ratis.protocol.exceptions.AlreadyClosedException: s0 is already CLOSED
	at org.apache.ratis.util.PeerProxyMap$PeerAndProxy.getProxy(PeerProxyMap.java:61)
	at org.apache.ratis.util.PeerProxyMap.getProxy(PeerProxyMap.java:115)
	at org.apache.ratis.grpc.server.GrpcLogAppender.getClient(GrpcLogAppender.java:111)
	at org.apache.ratis.grpc.server.GrpcLogAppender.resetClient(GrpcLogAppender.java:116)
	at org.apache.ratis.grpc.server.GrpcLogAppender.access$500(GrpcLogAppender.java:55)
	at org.apache.ratis.grpc.server.GrpcLogAppender$AppendLogResponseHandler.onCompleted(GrpcLogAppender.java:423)
	at org.apache.ratis.thirdparty.io.grpc.stub.ClientCalls$StreamObserverToCallListenerAdapter.onClose(ClientCalls.java:485)
	at org.apache.ratis.thirdparty.io.grpc.internal.DelayedClientCall$DelayedListener$3.run(DelayedClientCall.java:471)
	at org.apache.ratis.thirdparty.io.grpc.internal.DelayedClientCall$DelayedListener.delayOrExecute(DelayedClientCall.java:435)
	at org.apache.ratis.thirdparty.io.grpc.internal.DelayedClientCall$DelayedListener.onClose(DelayedClientCall.java:468)
	at org.apache.ratis.thirdparty.io.grpc.internal.ClientCallImpl.closeObserver(ClientCallImpl.java:563)
	at org.apache.ratis.thirdparty.io.grpc.internal.ClientCallImpl.access$300(ClientCallImpl.java:70)
	at org.apache.ratis.thirdparty.io.grpc.internal.ClientCallImpl$ClientStreamListenerImpl$1StreamClosed.runInternal(ClientCallImpl.java:744)
	at org.apache.ratis.thirdparty.io.grpc.internal.ClientCallImpl$ClientStreamListenerImpl$1StreamClosed.runInContext(ClientCallImpl.java:723)
	at org.apache.ratis.thirdparty.io.grpc.internal.ContextRunnable.run(ContextRunnable.java:37)
	at org.apache.ratis.thirdparty.io.grpc.internal.SerializingExecutor.run(SerializingExecutor.java:133)
	at java.base/java.util.concurrent.ThreadPoolExecutor.runWorker(ThreadPoolExecutor.java:1128)
	at java.base/java.util.concurrent.ThreadPoolExecutor$Worker.run(ThreadPoolExecutor.java:628)
	at java.base/java.lang.Thread.run(Thread.java:829)
2023-03-28 15:14:30,142 [s0-impl-thread1] INFO  server.RaftServer$Division (ServerState.java:close(413)) - s0@group-3C1447EEDE3C: applyIndex: 14
2023-03-28 15:14:30,143 [MiniRaftCluster-10] INFO  server.GrpcService (GrpcService.java:closeImpl(320)) - s2: shutdown server GrpcServerProtocolService successfully
2023-03-28 15:14:30,143 [MiniRaftCluster-10] INFO  server.GrpcService (GrpcService.java:closeImpl(311)) - s2: shutdown server org.apache.ratis.grpc.server.GrpcAdminProtocolService now
2023-03-28 15:14:30,145 [MiniRaftCluster-9] INFO  server.GrpcService (GrpcService.java:closeImpl(320)) - s1: shutdown server org.apache.ratis.grpc.server.GrpcClientProtocolService successfully
2023-03-28 15:14:30,145 [MiniRaftCluster-9] INFO  server.GrpcService (GrpcService.java:closeImpl(311)) - s1: shutdown server GrpcServerProtocolService now
2023-03-28 15:14:30,147 [MiniRaftCluster-10] INFO  server.GrpcService (GrpcService.java:closeImpl(320)) - s2: shutdown server org.apache.ratis.grpc.server.GrpcAdminProtocolService successfully
2023-03-28 15:14:30,147 [s2-NettyServerStreamRpc-bossGroup--thread1] INFO  logging.LoggingHandler (AbstractInternalLogger.java:log(148)) - [id: 0x1d4503e8, L:/0.0.0.0:34277] CLOSE
2023-03-28 15:14:30,147 [s2-NettyServerStreamRpc-bossGroup--thread1] INFO  logging.LoggingHandler (AbstractInternalLogger.java:log(148)) - [id: 0x1d4503e8, L:0.0.0.0/0.0.0.0:34277] INACTIVE
2023-03-28 15:14:30,147 [s2-NettyServerStreamRpc-bossGroup--thread1] INFO  logging.LoggingHandler (AbstractInternalLogger.java:log(148)) - [id: 0x1d4503e8, L:0.0.0.0/0.0.0.0:34277] UNREGISTERED
2023-03-28 15:14:30,164 [MiniRaftCluster-8] INFO  server.GrpcService (GrpcService.java:closeImpl(320)) - s0: shutdown server org.apache.ratis.grpc.server.GrpcClientProtocolService successfully
2023-03-28 15:14:30,165 [MiniRaftCluster-8] INFO  server.GrpcService (GrpcService.java:closeImpl(311)) - s0: shutdown server GrpcServerProtocolService now
2023-03-28 15:14:30,165 [MiniRaftCluster-9] INFO  server.GrpcService (GrpcService.java:closeImpl(320)) - s1: shutdown server GrpcServerProtocolService successfully
2023-03-28 15:14:30,165 [MiniRaftCluster-9] INFO  server.GrpcService (GrpcService.java:closeImpl(311)) - s1: shutdown server org.apache.ratis.grpc.server.GrpcAdminProtocolService now
2023-03-28 15:14:30,171 [MiniRaftCluster-8] INFO  server.GrpcService (GrpcService.java:closeImpl(320)) - s0: shutdown server GrpcServerProtocolService successfully
2023-03-28 15:14:30,171 [MiniRaftCluster-8] INFO  server.GrpcService (GrpcService.java:closeImpl(311)) - s0: shutdown server org.apache.ratis.grpc.server.GrpcAdminProtocolService now
2023-03-28 15:14:30,177 [MiniRaftCluster-9] INFO  server.GrpcService (GrpcService.java:closeImpl(320)) - s1: shutdown server org.apache.ratis.grpc.server.GrpcAdminProtocolService successfully
2023-03-28 15:14:30,177 [s1-NettyServerStreamRpc-bossGroup--thread1] INFO  logging.LoggingHandler (AbstractInternalLogger.java:log(148)) - [id: 0x16bbc49b, L:/0.0.0.0:44143] CLOSE
2023-03-28 15:14:30,177 [s1-NettyServerStreamRpc-bossGroup--thread1] INFO  logging.LoggingHandler (AbstractInternalLogger.java:log(148)) - [id: 0x16bbc49b, L:0.0.0.0/0.0.0.0:44143] INACTIVE
2023-03-28 15:14:30,177 [s1-NettyServerStreamRpc-bossGroup--thread1] INFO  logging.LoggingHandler (AbstractInternalLogger.java:log(148)) - [id: 0x16bbc49b, L:0.0.0.0/0.0.0.0:44143] UNREGISTERED
2023-03-28 15:14:30,180 [NettyClientStreamRpc-workerGroup--thread1] WARN  client.NettyClientStreamRpc (NettyClientStreamRpc.java:scheduleReconnect(206)) - Connection-localhost/127.0.0.1:44143: channel is inactive; schedule reconnecting to localhost/127.0.0.1:44143 in 100ms
2023-03-28 15:14:30,180 [NettyClientStreamRpc-workerGroup--thread1] WARN  client.NettyClientStreamRpc (NettyClientStreamRpc.java:scheduleReconnect(206)) - Connection-localhost/127.0.0.1:44143: channel is inactive; schedule reconnecting to localhost/127.0.0.1:44143 in 100ms
2023-03-28 15:14:30,180 [NettyClientStreamRpc-workerGroup--thread1] WARN  client.NettyClientStreamRpc (NettyClientStreamRpc.java:scheduleReconnect(206)) - Connection-localhost/127.0.0.1:44143: channel is inactive; schedule reconnecting to localhost/127.0.0.1:44143 in 100ms
2023-03-28 15:14:30,180 [NettyClientStreamRpc-workerGroup--thread1] WARN  client.NettyClientStreamRpc (NettyClientStreamRpc.java:scheduleReconnect(206)) - Connection-localhost/127.0.0.1:44143: channel is inactive; schedule reconnecting to localhost/127.0.0.1:44143 in 100ms
2023-03-28 15:14:30,180 [NettyClientStreamRpc-workerGroup--thread1] WARN  client.NettyClientStreamRpc (NettyClientStreamRpc.java:scheduleReconnect(206)) - Connection-localhost/127.0.0.1:44143: channel is inactive; schedule reconnecting to localhost/127.0.0.1:44143 in 100ms
2023-03-28 15:14:30,180 [NettyClientStreamRpc-workerGroup--thread1] WARN  client.NettyClientStreamRpc (NettyClientStreamRpc.java:scheduleReconnect(206)) - Connection-localhost/127.0.0.1:44143: channel is inactive; schedule reconnecting to localhost/127.0.0.1:44143 in 100ms
2023-03-28 15:14:30,181 [NettyClientStreamRpc-workerGroup--thread1] WARN  client.NettyClientStreamRpc (NettyClientStreamRpc.java:scheduleReconnect(206)) - Connection-localhost/127.0.0.1:34277: channel is inactive; schedule reconnecting to localhost/127.0.0.1:34277 in 100ms
2023-03-28 15:14:30,182 [NettyClientStreamRpc-workerGroup--thread1] WARN  client.NettyClientStreamRpc (NettyClientStreamRpc.java:scheduleReconnect(206)) - Connection-localhost/127.0.0.1:34277: channel is inactive; schedule reconnecting to localhost/127.0.0.1:34277 in 100ms
2023-03-28 15:14:30,182 [NettyClientStreamRpc-workerGroup--thread1] WARN  client.NettyClientStreamRpc (NettyClientStreamRpc.java:scheduleReconnect(206)) - Connection-localhost/127.0.0.1:34277: channel is inactive; schedule reconnecting to localhost/127.0.0.1:34277 in 100ms
2023-03-28 15:14:30,182 [NettyClientStreamRpc-workerGroup--thread1] WARN  client.NettyClientStreamRpc (NettyClientStreamRpc.java:scheduleReconnect(206)) - Connection-localhost/127.0.0.1:34277: channel is inactive; schedule reconnecting to localhost/127.0.0.1:34277 in 100ms
2023-03-28 15:14:30,182 [NettyClientStreamRpc-workerGroup--thread1] WARN  client.NettyClientStreamRpc (NettyClientStreamRpc.java:scheduleReconnect(206)) - Connection-localhost/127.0.0.1:34277: channel is inactive; schedule reconnecting to localhost/127.0.0.1:34277 in 100ms
2023-03-28 15:14:30,182 [NettyClientStreamRpc-workerGroup--thread1] WARN  client.NettyClientStreamRpc (NettyClientStreamRpc.java:scheduleReconnect(206)) - Connection-localhost/127.0.0.1:34277: channel is inactive; schedule reconnecting to localhost/127.0.0.1:34277 in 100ms
2023-03-28 15:14:30,189 [MiniRaftCluster-8] INFO  server.GrpcService (GrpcService.java:closeImpl(320)) - s0: shutdown server org.apache.ratis.grpc.server.GrpcAdminProtocolService successfully
2023-03-28 15:14:30,189 [s0-NettyServerStreamRpc-bossGroup--thread1] INFO  logging.LoggingHandler (AbstractInternalLogger.java:log(148)) - [id: 0x556d4e97, L:/0.0.0.0:45139] CLOSE
2023-03-28 15:14:30,189 [s0-NettyServerStreamRpc-bossGroup--thread1] INFO  logging.LoggingHandler (AbstractInternalLogger.java:log(148)) - [id: 0x556d4e97, L:0.0.0.0/0.0.0.0:45139] INACTIVE
2023-03-28 15:14:30,189 [s0-NettyServerStreamRpc-bossGroup--thread1] INFO  logging.LoggingHandler (AbstractInternalLogger.java:log(148)) - [id: 0x556d4e97, L:0.0.0.0/0.0.0.0:45139] UNREGISTERED
2023-03-28 15:14:30,195 [NettyClientStreamRpc-workerGroup--thread1] WARN  client.NettyClientStreamRpc (NettyClientStreamRpc.java:scheduleReconnect(206)) - Connection-localhost/127.0.0.1:45139: channel is inactive; schedule reconnecting to localhost/127.0.0.1:45139 in 100ms
2023-03-28 15:14:30,196 [NettyClientStreamRpc-workerGroup--thread1] WARN  client.NettyClientStreamRpc (NettyClientStreamRpc.java:scheduleReconnect(206)) - Connection-localhost/127.0.0.1:45139: channel is inactive; schedule reconnecting to localhost/127.0.0.1:45139 in 100ms
2023-03-28 15:14:30,207 [NettyClientStreamRpc-workerGroup--thread3] WARN  client.NettyClientStreamRpc (NettyClientStreamRpc.java:scheduleReconnect(206)) - Connection-localhost/127.0.0.1:45139: org.apache.ratis.netty.client.NettyClientStreamRpc$Connection$1@62ebe390 failed; schedule reconnecting to localhost/127.0.0.1:45139 in 100ms
2023-03-28 15:14:30,207 [Thread-1739] WARN  util.PeerProxyMap (PeerProxyMap.java:closeProxy(179)) - s2-NettyServerStreamRpc: Failed to close proxy for peer s0|rpc:localhost:43573|admin:localhost:41975|client:localhost:42953|dataStream:localhost:45139|priority:0|startupRole:FOLLOWER, proxy class: class org.apache.ratis.client.impl.DataStreamClientImpl
org.apache.ratis.thirdparty.io.netty.channel.AbstractChannel$AnnotatedConnectException: Connection refused: localhost/127.0.0.1:45139
Caused by: java.net.ConnectException: Connection refused
	at java.base/sun.nio.ch.SocketChannelImpl.checkConnect(Native Method)
	at java.base/sun.nio.ch.SocketChannelImpl.finishConnect(SocketChannelImpl.java:777)
	at org.apache.ratis.thirdparty.io.netty.channel.socket.nio.NioSocketChannel.doFinishConnect(NioSocketChannel.java:337)
	at org.apache.ratis.thirdparty.io.netty.channel.nio.AbstractNioChannel$AbstractNioUnsafe.finishConnect(AbstractNioChannel.java:334)
	at org.apache.ratis.thirdparty.io.netty.channel.nio.NioEventLoop.processSelectedKey(NioEventLoop.java:776)
	at org.apache.ratis.thirdparty.io.netty.channel.nio.NioEventLoop.processSelectedKeysOptimized(NioEventLoop.java:724)
	at org.apache.ratis.thirdparty.io.netty.channel.nio.NioEventLoop.processSelectedKeys(NioEventLoop.java:650)
	at org.apache.ratis.thirdparty.io.netty.channel.nio.NioEventLoop.run(NioEventLoop.java:562)
	at org.apache.ratis.thirdparty.io.netty.util.concurrent.SingleThreadEventExecutor$4.run(SingleThreadEventExecutor.java:997)
	at org.apache.ratis.thirdparty.io.netty.util.internal.ThreadExecutorMap$2.run(ThreadExecutorMap.java:74)
	at java.base/java.lang.Thread.run(Thread.java:829)
2023-03-28 15:14:30,208 [NettyClientStreamRpc-workerGroup--thread3] WARN  client.NettyClientStreamRpc (NettyClientStreamRpc.java:scheduleReconnect(208)) - 
org.apache.ratis.thirdparty.io.netty.channel.AbstractChannel$AnnotatedConnectException: Connection refused: localhost/127.0.0.1:45139
Caused by: java.net.ConnectException: Connection refused
	at java.base/sun.nio.ch.SocketChannelImpl.checkConnect(Native Method)
	at java.base/sun.nio.ch.SocketChannelImpl.finishConnect(SocketChannelImpl.java:777)
	at org.apache.ratis.thirdparty.io.netty.channel.socket.nio.NioSocketChannel.doFinishConnect(NioSocketChannel.java:337)
	at org.apache.ratis.thirdparty.io.netty.channel.nio.AbstractNioChannel$AbstractNioUnsafe.finishConnect(AbstractNioChannel.java:334)
	at org.apache.ratis.thirdparty.io.netty.channel.nio.NioEventLoop.processSelectedKey(NioEventLoop.java:776)
	at org.apache.ratis.thirdparty.io.netty.channel.nio.NioEventLoop.processSelectedKeysOptimized(NioEventLoop.java:724)
	at org.apache.ratis.thirdparty.io.netty.channel.nio.NioEventLoop.processSelectedKeys(NioEventLoop.java:650)
	at org.apache.ratis.thirdparty.io.netty.channel.nio.NioEventLoop.run(NioEventLoop.java:562)
	at org.apache.ratis.thirdparty.io.netty.util.concurrent.SingleThreadEventExecutor$4.run(SingleThreadEventExecutor.java:997)
	at org.apache.ratis.thirdparty.io.netty.util.internal.ThreadExecutorMap$2.run(ThreadExecutorMap.java:74)
	at java.base/java.lang.Thread.run(Thread.java:829)
2023-03-28 15:14:30,212 [Thread-1750] WARN  util.PeerProxyMap (PeerProxyMap.java:closeProxy(179)) - s0-NettyServerStreamRpc: Failed to close proxy for peer s1|rpc:localhost:41959|admin:localhost:40503|client:localhost:38419|dataStream:localhost:44143|priority:0|startupRole:FOLLOWER, proxy class: class org.apache.ratis.client.impl.DataStreamClientImpl
org.apache.ratis.thirdparty.io.netty.channel.AbstractChannel$AnnotatedConnectException: Connection refused: localhost/127.0.0.1:44143
Caused by: java.net.ConnectException: Connection refused
	at java.base/sun.nio.ch.SocketChannelImpl.checkConnect(Native Method)
	at java.base/sun.nio.ch.SocketChannelImpl.finishConnect(SocketChannelImpl.java:777)
	at org.apache.ratis.thirdparty.io.netty.channel.socket.nio.NioSocketChannel.doFinishConnect(NioSocketChannel.java:337)
	at org.apache.ratis.thirdparty.io.netty.channel.nio.AbstractNioChannel$AbstractNioUnsafe.finishConnect(AbstractNioChannel.java:334)
	at org.apache.ratis.thirdparty.io.netty.channel.nio.NioEventLoop.processSelectedKey(NioEventLoop.java:776)
	at org.apache.ratis.thirdparty.io.netty.channel.nio.NioEventLoop.processSelectedKeysOptimized(NioEventLoop.java:724)
	at org.apache.ratis.thirdparty.io.netty.channel.nio.NioEventLoop.processSelectedKeys(NioEventLoop.java:650)
	at org.apache.ratis.thirdparty.io.netty.channel.nio.NioEventLoop.run(NioEventLoop.java:562)
	at org.apache.ratis.thirdparty.io.netty.util.concurrent.SingleThreadEventExecutor$4.run(SingleThreadEventExecutor.java:997)
	at org.apache.ratis.thirdparty.io.netty.util.internal.ThreadExecutorMap$2.run(ThreadExecutorMap.java:74)
	at java.base/java.lang.Thread.run(Thread.java:829)
2023-03-28 15:14:30,212 [NettyClientStreamRpc-workerGroup--thread3] WARN  client.NettyClientStreamRpc (NettyClientStreamRpc.java:scheduleReconnect(206)) - Connection-localhost/127.0.0.1:44143: org.apache.ratis.netty.client.NettyClientStreamRpc$Connection$1@3455771f failed; schedule reconnecting to localhost/127.0.0.1:44143 in 100ms
2023-03-28 15:14:30,225 [NettyClientStreamRpc-workerGroup--thread3] WARN  client.NettyClientStreamRpc (NettyClientStreamRpc.java:scheduleReconnect(208)) - 
org.apache.ratis.thirdparty.io.netty.channel.AbstractChannel$AnnotatedConnectException: Connection refused: localhost/127.0.0.1:44143
Caused by: java.net.ConnectException: Connection refused
	at java.base/sun.nio.ch.SocketChannelImpl.checkConnect(Native Method)
	at java.base/sun.nio.ch.SocketChannelImpl.finishConnect(SocketChannelImpl.java:777)
	at org.apache.ratis.thirdparty.io.netty.channel.socket.nio.NioSocketChannel.doFinishConnect(NioSocketChannel.java:337)
	at org.apache.ratis.thirdparty.io.netty.channel.nio.AbstractNioChannel$AbstractNioUnsafe.finishConnect(AbstractNioChannel.java:334)
	at org.apache.ratis.thirdparty.io.netty.channel.nio.NioEventLoop.processSelectedKey(NioEventLoop.java:776)
	at org.apache.ratis.thirdparty.io.netty.channel.nio.NioEventLoop.processSelectedKeysOptimized(NioEventLoop.java:724)
	at org.apache.ratis.thirdparty.io.netty.channel.nio.NioEventLoop.processSelectedKeys(NioEventLoop.java:650)
	at org.apache.ratis.thirdparty.io.netty.channel.nio.NioEventLoop.run(NioEventLoop.java:562)
	at org.apache.ratis.thirdparty.io.netty.util.concurrent.SingleThreadEventExecutor$4.run(SingleThreadEventExecutor.java:997)
	at org.apache.ratis.thirdparty.io.netty.util.internal.ThreadExecutorMap$2.run(ThreadExecutorMap.java:74)
	at java.base/java.lang.Thread.run(Thread.java:829)
2023-03-28 15:14:30,225 [NettyClientStreamRpc-workerGroup--thread3] WARN  client.NettyClientStreamRpc (NettyClientStreamRpc.java:scheduleReconnect(206)) - Connection-localhost/127.0.0.1:44143: org.apache.ratis.netty.client.NettyClientStreamRpc$Connection$1@17b41c81 failed; schedule reconnecting to localhost/127.0.0.1:44143 in 100ms
2023-03-28 15:14:30,225 [NettyClientStreamRpc-workerGroup--thread3] WARN  client.NettyClientStreamRpc (NettyClientStreamRpc.java:scheduleReconnect(208)) - 
org.apache.ratis.thirdparty.io.netty.channel.AbstractChannel$AnnotatedConnectException: Connection refused: localhost/127.0.0.1:44143
Caused by: java.net.ConnectException: Connection refused
	at java.base/sun.nio.ch.SocketChannelImpl.checkConnect(Native Method)
	at java.base/sun.nio.ch.SocketChannelImpl.finishConnect(SocketChannelImpl.java:777)
	at org.apache.ratis.thirdparty.io.netty.channel.socket.nio.NioSocketChannel.doFinishConnect(NioSocketChannel.java:337)
	at org.apache.ratis.thirdparty.io.netty.channel.nio.AbstractNioChannel$AbstractNioUnsafe.finishConnect(AbstractNioChannel.java:334)
	at org.apache.ratis.thirdparty.io.netty.channel.nio.NioEventLoop.processSelectedKey(NioEventLoop.java:776)
	at org.apache.ratis.thirdparty.io.netty.channel.nio.NioEventLoop.processSelectedKeysOptimized(NioEventLoop.java:724)
	at org.apache.ratis.thirdparty.io.netty.channel.nio.NioEventLoop.processSelectedKeys(NioEventLoop.java:650)
	at org.apache.ratis.thirdparty.io.netty.channel.nio.NioEventLoop.run(NioEventLoop.java:562)
	at org.apache.ratis.thirdparty.io.netty.util.concurrent.SingleThreadEventExecutor$4.run(SingleThreadEventExecutor.java:997)
	at org.apache.ratis.thirdparty.io.netty.util.internal.ThreadExecutorMap$2.run(ThreadExecutorMap.java:74)
	at java.base/java.lang.Thread.run(Thread.java:829)
2023-03-28 15:14:30,225 [Thread-1745] WARN  util.PeerProxyMap (PeerProxyMap.java:closeProxy(179)) - s2-NettyServerStreamRpc: Failed to close proxy for peer s1|rpc:localhost:41959|admin:localhost:40503|client:localhost:38419|dataStream:localhost:44143|priority:0|startupRole:FOLLOWER, proxy class: class org.apache.ratis.client.impl.DataStreamClientImpl
org.apache.ratis.thirdparty.io.netty.channel.AbstractChannel$AnnotatedConnectException: Connection refused: localhost/127.0.0.1:44143
Caused by: java.net.ConnectException: Connection refused
	at java.base/sun.nio.ch.SocketChannelImpl.checkConnect(Native Method)
	at java.base/sun.nio.ch.SocketChannelImpl.finishConnect(SocketChannelImpl.java:777)
	at org.apache.ratis.thirdparty.io.netty.channel.socket.nio.NioSocketChannel.doFinishConnect(NioSocketChannel.java:337)
	at org.apache.ratis.thirdparty.io.netty.channel.nio.AbstractNioChannel$AbstractNioUnsafe.finishConnect(AbstractNioChannel.java:334)
	at org.apache.ratis.thirdparty.io.netty.channel.nio.NioEventLoop.processSelectedKey(NioEventLoop.java:776)
	at org.apache.ratis.thirdparty.io.netty.channel.nio.NioEventLoop.processSelectedKeysOptimized(NioEventLoop.java:724)
	at org.apache.ratis.thirdparty.io.netty.channel.nio.NioEventLoop.processSelectedKeys(NioEventLoop.java:650)
	at org.apache.ratis.thirdparty.io.netty.channel.nio.NioEventLoop.run(NioEventLoop.java:562)
	at org.apache.ratis.thirdparty.io.netty.util.concurrent.SingleThreadEventExecutor$4.run(SingleThreadEventExecutor.java:997)
	at org.apache.ratis.thirdparty.io.netty.util.internal.ThreadExecutorMap$2.run(ThreadExecutorMap.java:74)
	at java.base/java.lang.Thread.run(Thread.java:829)
2023-03-28 15:14:30,230 [Thread-1751] WARN  util.PeerProxyMap (PeerProxyMap.java:closeProxy(179)) - s0-NettyServerStreamRpc: Failed to close proxy for peer s2|rpc:localhost:42139|admin:localhost:39277|client:localhost:39361|dataStream:localhost:34277|priority:0|startupRole:FOLLOWER, proxy class: class org.apache.ratis.client.impl.DataStreamClientImpl
org.apache.ratis.thirdparty.io.netty.channel.AbstractChannel$AnnotatedConnectException: Connection refused: localhost/127.0.0.1:34277
Caused by: java.net.ConnectException: Connection refused
	at java.base/sun.nio.ch.SocketChannelImpl.checkConnect(Native Method)
	at java.base/sun.nio.ch.SocketChannelImpl.finishConnect(SocketChannelImpl.java:777)
	at org.apache.ratis.thirdparty.io.netty.channel.socket.nio.NioSocketChannel.doFinishConnect(NioSocketChannel.java:337)
	at org.apache.ratis.thirdparty.io.netty.channel.nio.AbstractNioChannel$AbstractNioUnsafe.finishConnect(AbstractNioChannel.java:334)
	at org.apache.ratis.thirdparty.io.netty.channel.nio.NioEventLoop.processSelectedKey(NioEventLoop.java:776)
	at org.apache.ratis.thirdparty.io.netty.channel.nio.NioEventLoop.processSelectedKeysOptimized(NioEventLoop.java:724)
	at org.apache.ratis.thirdparty.io.netty.channel.nio.NioEventLoop.processSelectedKeys(NioEventLoop.java:650)
	at org.apache.ratis.thirdparty.io.netty.channel.nio.NioEventLoop.run(NioEventLoop.java:562)
	at org.apache.ratis.thirdparty.io.netty.util.concurrent.SingleThreadEventExecutor$4.run(SingleThreadEventExecutor.java:997)
	at org.apache.ratis.thirdparty.io.netty.util.internal.ThreadExecutorMap$2.run(ThreadExecutorMap.java:74)
	at java.base/java.lang.Thread.run(Thread.java:829)
2023-03-28 15:14:30,230 [NettyClientStreamRpc-workerGroup--thread3] WARN  client.NettyClientStreamRpc (NettyClientStreamRpc.java:scheduleReconnect(206)) - Connection-localhost/127.0.0.1:34277: org.apache.ratis.netty.client.NettyClientStreamRpc$Connection$1@d0ed371 failed; schedule reconnecting to localhost/127.0.0.1:34277 in 100ms
2023-03-28 15:14:30,230 [NettyClientStreamRpc-workerGroup--thread3] WARN  client.NettyClientStreamRpc (NettyClientStreamRpc.java:scheduleReconnect(208)) - 
org.apache.ratis.thirdparty.io.netty.channel.AbstractChannel$AnnotatedConnectException: Connection refused: localhost/127.0.0.1:34277
Caused by: java.net.ConnectException: Connection refused
	at java.base/sun.nio.ch.SocketChannelImpl.checkConnect(Native Method)
	at java.base/sun.nio.ch.SocketChannelImpl.finishConnect(SocketChannelImpl.java:777)
	at org.apache.ratis.thirdparty.io.netty.channel.socket.nio.NioSocketChannel.doFinishConnect(NioSocketChannel.java:337)
	at org.apache.ratis.thirdparty.io.netty.channel.nio.AbstractNioChannel$AbstractNioUnsafe.finishConnect(AbstractNioChannel.java:334)
	at org.apache.ratis.thirdparty.io.netty.channel.nio.NioEventLoop.processSelectedKey(NioEventLoop.java:776)
	at org.apache.ratis.thirdparty.io.netty.channel.nio.NioEventLoop.processSelectedKeysOptimized(NioEventLoop.java:724)
	at org.apache.ratis.thirdparty.io.netty.channel.nio.NioEventLoop.processSelectedKeys(NioEventLoop.java:650)
	at org.apache.ratis.thirdparty.io.netty.channel.nio.NioEventLoop.run(NioEventLoop.java:562)
	at org.apache.ratis.thirdparty.io.netty.util.concurrent.SingleThreadEventExecutor$4.run(SingleThreadEventExecutor.java:997)
	at org.apache.ratis.thirdparty.io.netty.util.internal.ThreadExecutorMap$2.run(ThreadExecutorMap.java:74)
	at java.base/java.lang.Thread.run(Thread.java:829)
2023-03-28 15:14:30,234 [NettyClientStreamRpc-workerGroup--thread3] WARN  client.NettyClientStreamRpc (NettyClientStreamRpc.java:scheduleReconnect(206)) - Connection-localhost/127.0.0.1:44143: org.apache.ratis.netty.client.NettyClientStreamRpc$Connection$1@25836fe6 failed; schedule reconnecting to localhost/127.0.0.1:44143 in 100ms
2023-03-28 15:14:30,234 [Thread-1765] WARN  util.PeerProxyMap (PeerProxyMap.java:closeProxy(179)) - s0-NettyServerStreamRpc: Failed to close proxy for peer s1|rpc:localhost:41959|admin:localhost:40503|client:localhost:38419|dataStream:localhost:44143|priority:0|startupRole:FOLLOWER, proxy class: class org.apache.ratis.client.impl.DataStreamClientImpl
org.apache.ratis.thirdparty.io.netty.channel.AbstractChannel$AnnotatedConnectException: Connection refused: localhost/127.0.0.1:44143
Caused by: java.net.ConnectException: Connection refused
	at java.base/sun.nio.ch.SocketChannelImpl.checkConnect(Native Method)
	at java.base/sun.nio.ch.SocketChannelImpl.finishConnect(SocketChannelImpl.java:777)
	at org.apache.ratis.thirdparty.io.netty.channel.socket.nio.NioSocketChannel.doFinishConnect(NioSocketChannel.java:337)
	at org.apache.ratis.thirdparty.io.netty.channel.nio.AbstractNioChannel$AbstractNioUnsafe.finishConnect(AbstractNioChannel.java:334)
	at org.apache.ratis.thirdparty.io.netty.channel.nio.NioEventLoop.processSelectedKey(NioEventLoop.java:776)
	at org.apache.ratis.thirdparty.io.netty.channel.nio.NioEventLoop.processSelectedKeysOptimized(NioEventLoop.java:724)
	at org.apache.ratis.thirdparty.io.netty.channel.nio.NioEventLoop.processSelectedKeys(NioEventLoop.java:650)
	at org.apache.ratis.thirdparty.io.netty.channel.nio.NioEventLoop.run(NioEventLoop.java:562)
	at org.apache.ratis.thirdparty.io.netty.util.concurrent.SingleThreadEventExecutor$4.run(SingleThreadEventExecutor.java:997)
	at org.apache.ratis.thirdparty.io.netty.util.internal.ThreadExecutorMap$2.run(ThreadExecutorMap.java:74)
	at java.base/java.lang.Thread.run(Thread.java:829)
2023-03-28 15:14:30,234 [Thread-1773] WARN  util.PeerProxyMap (PeerProxyMap.java:closeProxy(179)) - s0-NettyServerStreamRpc: Failed to close proxy for peer s2|rpc:localhost:42139|admin:localhost:39277|client:localhost:39361|dataStream:localhost:34277|priority:0|startupRole:FOLLOWER, proxy class: class org.apache.ratis.client.impl.DataStreamClientImpl
org.apache.ratis.thirdparty.io.netty.channel.AbstractChannel$AnnotatedConnectException: Connection refused: localhost/127.0.0.1:34277
Caused by: java.net.ConnectException: Connection refused
	at java.base/sun.nio.ch.SocketChannelImpl.checkConnect(Native Method)
	at java.base/sun.nio.ch.SocketChannelImpl.finishConnect(SocketChannelImpl.java:777)
	at org.apache.ratis.thirdparty.io.netty.channel.socket.nio.NioSocketChannel.doFinishConnect(NioSocketChannel.java:337)
	at org.apache.ratis.thirdparty.io.netty.channel.nio.AbstractNioChannel$AbstractNioUnsafe.finishConnect(AbstractNioChannel.java:334)
	at org.apache.ratis.thirdparty.io.netty.channel.nio.NioEventLoop.processSelectedKey(NioEventLoop.java:776)
	at org.apache.ratis.thirdparty.io.netty.channel.nio.NioEventLoop.processSelectedKeysOptimized(NioEventLoop.java:724)
	at org.apache.ratis.thirdparty.io.netty.channel.nio.NioEventLoop.processSelectedKeys(NioEventLoop.java:650)
	at org.apache.ratis.thirdparty.io.netty.channel.nio.NioEventLoop.run(NioEventLoop.java:562)
	at org.apache.ratis.thirdparty.io.netty.util.concurrent.SingleThreadEventExecutor$4.run(SingleThreadEventExecutor.java:997)
	at org.apache.ratis.thirdparty.io.netty.util.internal.ThreadExecutorMap$2.run(ThreadExecutorMap.java:74)
	at java.base/java.lang.Thread.run(Thread.java:829)
2023-03-28 15:14:30,237 [NettyClientStreamRpc-workerGroup--thread3] WARN  client.NettyClientStreamRpc (NettyClientStreamRpc.java:scheduleReconnect(206)) - Connection-localhost/127.0.0.1:34277: org.apache.ratis.netty.client.NettyClientStreamRpc$Connection$1@220c810c failed; schedule reconnecting to localhost/127.0.0.1:34277 in 100ms
2023-03-28 15:14:30,237 [NettyClientStreamRpc-workerGroup--thread3] WARN  client.NettyClientStreamRpc (NettyClientStreamRpc.java:scheduleReconnect(208)) - 
org.apache.ratis.thirdparty.io.netty.channel.AbstractChannel$AnnotatedConnectException: Connection refused: localhost/127.0.0.1:34277
Caused by: java.net.ConnectException: Connection refused
	at java.base/sun.nio.ch.SocketChannelImpl.checkConnect(Native Method)
	at java.base/sun.nio.ch.SocketChannelImpl.finishConnect(SocketChannelImpl.java:777)
	at org.apache.ratis.thirdparty.io.netty.channel.socket.nio.NioSocketChannel.doFinishConnect(NioSocketChannel.java:337)
	at org.apache.ratis.thirdparty.io.netty.channel.nio.AbstractNioChannel$AbstractNioUnsafe.finishConnect(AbstractNioChannel.java:334)
	at org.apache.ratis.thirdparty.io.netty.channel.nio.NioEventLoop.processSelectedKey(NioEventLoop.java:776)
	at org.apache.ratis.thirdparty.io.netty.channel.nio.NioEventLoop.processSelectedKeysOptimized(NioEventLoop.java:724)
	at org.apache.ratis.thirdparty.io.netty.channel.nio.NioEventLoop.processSelectedKeys(NioEventLoop.java:650)
	at org.apache.ratis.thirdparty.io.netty.channel.nio.NioEventLoop.run(NioEventLoop.java:562)
	at org.apache.ratis.thirdparty.io.netty.util.concurrent.SingleThreadEventExecutor$4.run(SingleThreadEventExecutor.java:997)
	at org.apache.ratis.thirdparty.io.netty.util.internal.ThreadExecutorMap$2.run(ThreadExecutorMap.java:74)
	at java.base/java.lang.Thread.run(Thread.java:829)
2023-03-28 15:14:30,234 [NettyClientStreamRpc-workerGroup--thread3] WARN  client.NettyClientStreamRpc (NettyClientStreamRpc.java:scheduleReconnect(208)) - 
org.apache.ratis.thirdparty.io.netty.channel.AbstractChannel$AnnotatedConnectException: Connection refused: localhost/127.0.0.1:44143
Caused by: java.net.ConnectException: Connection refused
	at java.base/sun.nio.ch.SocketChannelImpl.checkConnect(Native Method)
	at java.base/sun.nio.ch.SocketChannelImpl.finishConnect(SocketChannelImpl.java:777)
	at org.apache.ratis.thirdparty.io.netty.channel.socket.nio.NioSocketChannel.doFinishConnect(NioSocketChannel.java:337)
	at org.apache.ratis.thirdparty.io.netty.channel.nio.AbstractNioChannel$AbstractNioUnsafe.finishConnect(AbstractNioChannel.java:334)
	at org.apache.ratis.thirdparty.io.netty.channel.nio.NioEventLoop.processSelectedKey(NioEventLoop.java:776)
	at org.apache.ratis.thirdparty.io.netty.channel.nio.NioEventLoop.processSelectedKeysOptimized(NioEventLoop.java:724)
	at org.apache.ratis.thirdparty.io.netty.channel.nio.NioEventLoop.processSelectedKeys(NioEventLoop.java:650)
	at org.apache.ratis.thirdparty.io.netty.channel.nio.NioEventLoop.run(NioEventLoop.java:562)
	at org.apache.ratis.thirdparty.io.netty.util.concurrent.SingleThreadEventExecutor$4.run(SingleThreadEventExecutor.java:997)
	at org.apache.ratis.thirdparty.io.netty.util.internal.ThreadExecutorMap$2.run(ThreadExecutorMap.java:74)
	at java.base/java.lang.Thread.run(Thread.java:829)
2023-03-28 15:14:30,239 [Thread-1788] WARN  util.PeerProxyMap (PeerProxyMap.java:closeProxy(179)) - s0-NettyServerStreamRpc: Failed to close proxy for peer s2|rpc:localhost:42139|admin:localhost:39277|client:localhost:39361|dataStream:localhost:34277|priority:0|startupRole:FOLLOWER, proxy class: class org.apache.ratis.client.impl.DataStreamClientImpl
org.apache.ratis.thirdparty.io.netty.channel.AbstractChannel$AnnotatedConnectException: Connection refused: localhost/127.0.0.1:34277
Caused by: java.net.ConnectException: Connection refused
	at java.base/sun.nio.ch.SocketChannelImpl.checkConnect(Native Method)
	at java.base/sun.nio.ch.SocketChannelImpl.finishConnect(SocketChannelImpl.java:777)
	at org.apache.ratis.thirdparty.io.netty.channel.socket.nio.NioSocketChannel.doFinishConnect(NioSocketChannel.java:337)
	at org.apache.ratis.thirdparty.io.netty.channel.nio.AbstractNioChannel$AbstractNioUnsafe.finishConnect(AbstractNioChannel.java:334)
	at org.apache.ratis.thirdparty.io.netty.channel.nio.NioEventLoop.processSelectedKey(NioEventLoop.java:776)
	at org.apache.ratis.thirdparty.io.netty.channel.nio.NioEventLoop.processSelectedKeysOptimized(NioEventLoop.java:724)
	at org.apache.ratis.thirdparty.io.netty.channel.nio.NioEventLoop.processSelectedKeys(NioEventLoop.java:650)
	at org.apache.ratis.thirdparty.io.netty.channel.nio.NioEventLoop.run(NioEventLoop.java:562)
	at org.apache.ratis.thirdparty.io.netty.util.concurrent.SingleThreadEventExecutor$4.run(SingleThreadEventExecutor.java:997)
	at org.apache.ratis.thirdparty.io.netty.util.internal.ThreadExecutorMap$2.run(ThreadExecutorMap.java:74)
	at java.base/java.lang.Thread.run(Thread.java:829)
2023-03-28 15:14:30,240 [NettyClientStreamRpc-workerGroup--thread3] WARN  client.NettyClientStreamRpc (NettyClientStreamRpc.java:scheduleReconnect(206)) - Connection-localhost/127.0.0.1:34277: org.apache.ratis.netty.client.NettyClientStreamRpc$Connection$1@7294fc3c failed; schedule reconnecting to localhost/127.0.0.1:34277 in 100ms
2023-03-28 15:14:30,240 [NettyClientStreamRpc-workerGroup--thread3] WARN  client.NettyClientStreamRpc (NettyClientStreamRpc.java:scheduleReconnect(208)) - 
org.apache.ratis.thirdparty.io.netty.channel.AbstractChannel$AnnotatedConnectException: Connection refused: localhost/127.0.0.1:34277
Caused by: java.net.ConnectException: Connection refused
	at java.base/sun.nio.ch.SocketChannelImpl.checkConnect(Native Method)
	at java.base/sun.nio.ch.SocketChannelImpl.finishConnect(SocketChannelImpl.java:777)
	at org.apache.ratis.thirdparty.io.netty.channel.socket.nio.NioSocketChannel.doFinishConnect(NioSocketChannel.java:337)
	at org.apache.ratis.thirdparty.io.netty.channel.nio.AbstractNioChannel$AbstractNioUnsafe.finishConnect(AbstractNioChannel.java:334)
	at org.apache.ratis.thirdparty.io.netty.channel.nio.NioEventLoop.processSelectedKey(NioEventLoop.java:776)
	at org.apache.ratis.thirdparty.io.netty.channel.nio.NioEventLoop.processSelectedKeysOptimized(NioEventLoop.java:724)
	at org.apache.ratis.thirdparty.io.netty.channel.nio.NioEventLoop.processSelectedKeys(NioEventLoop.java:650)
	at org.apache.ratis.thirdparty.io.netty.channel.nio.NioEventLoop.run(NioEventLoop.java:562)
	at org.apache.ratis.thirdparty.io.netty.util.concurrent.SingleThreadEventExecutor$4.run(SingleThreadEventExecutor.java:997)
	at org.apache.ratis.thirdparty.io.netty.util.internal.ThreadExecutorMap$2.run(ThreadExecutorMap.java:74)
	at java.base/java.lang.Thread.run(Thread.java:829)
2023-03-28 15:14:30,240 [NettyClientStreamRpc-workerGroup--thread3] WARN  client.NettyClientStreamRpc (NettyClientStreamRpc.java:scheduleReconnect(206)) - Connection-localhost/127.0.0.1:44143: org.apache.ratis.netty.client.NettyClientStreamRpc$Connection$1@592dde89 failed; schedule reconnecting to localhost/127.0.0.1:44143 in 100ms
2023-03-28 15:14:30,240 [Thread-1784] WARN  util.PeerProxyMap (PeerProxyMap.java:closeProxy(179)) - s0-NettyServerStreamRpc: Failed to close proxy for peer s1|rpc:localhost:41959|admin:localhost:40503|client:localhost:38419|dataStream:localhost:44143|priority:0|startupRole:FOLLOWER, proxy class: class org.apache.ratis.client.impl.DataStreamClientImpl
org.apache.ratis.thirdparty.io.netty.channel.AbstractChannel$AnnotatedConnectException: Connection refused: localhost/127.0.0.1:44143
Caused by: java.net.ConnectException: Connection refused
	at java.base/sun.nio.ch.SocketChannelImpl.checkConnect(Native Method)
	at java.base/sun.nio.ch.SocketChannelImpl.finishConnect(SocketChannelImpl.java:777)
	at org.apache.ratis.thirdparty.io.netty.channel.socket.nio.NioSocketChannel.doFinishConnect(NioSocketChannel.java:337)
	at org.apache.ratis.thirdparty.io.netty.channel.nio.AbstractNioChannel$AbstractNioUnsafe.finishConnect(AbstractNioChannel.java:334)
	at org.apache.ratis.thirdparty.io.netty.channel.nio.NioEventLoop.processSelectedKey(NioEventLoop.java:776)
	at org.apache.ratis.thirdparty.io.netty.channel.nio.NioEventLoop.processSelectedKeysOptimized(NioEventLoop.java:724)
	at org.apache.ratis.thirdparty.io.netty.channel.nio.NioEventLoop.processSelectedKeys(NioEventLoop.java:650)
	at org.apache.ratis.thirdparty.io.netty.channel.nio.NioEventLoop.run(NioEventLoop.java:562)
	at org.apache.ratis.thirdparty.io.netty.util.concurrent.SingleThreadEventExecutor$4.run(SingleThreadEventExecutor.java:997)
	at org.apache.ratis.thirdparty.io.netty.util.internal.ThreadExecutorMap$2.run(ThreadExecutorMap.java:74)
	at java.base/java.lang.Thread.run(Thread.java:829)
2023-03-28 15:14:30,240 [NettyClientStreamRpc-workerGroup--thread3] WARN  client.NettyClientStreamRpc (NettyClientStreamRpc.java:scheduleReconnect(208)) - 
org.apache.ratis.thirdparty.io.netty.channel.AbstractChannel$AnnotatedConnectException: Connection refused: localhost/127.0.0.1:44143
Caused by: java.net.ConnectException: Connection refused
	at java.base/sun.nio.ch.SocketChannelImpl.checkConnect(Native Method)
	at java.base/sun.nio.ch.SocketChannelImpl.finishConnect(SocketChannelImpl.java:777)
	at org.apache.ratis.thirdparty.io.netty.channel.socket.nio.NioSocketChannel.doFinishConnect(NioSocketChannel.java:337)
	at org.apache.ratis.thirdparty.io.netty.channel.nio.AbstractNioChannel$AbstractNioUnsafe.finishConnect(AbstractNioChannel.java:334)
	at org.apache.ratis.thirdparty.io.netty.channel.nio.NioEventLoop.processSelectedKey(NioEventLoop.java:776)
	at org.apache.ratis.thirdparty.io.netty.channel.nio.NioEventLoop.processSelectedKeysOptimized(NioEventLoop.java:724)
	at org.apache.ratis.thirdparty.io.netty.channel.nio.NioEventLoop.processSelectedKeys(NioEventLoop.java:650)
	at org.apache.ratis.thirdparty.io.netty.channel.nio.NioEventLoop.run(NioEventLoop.java:562)
	at org.apache.ratis.thirdparty.io.netty.util.concurrent.SingleThreadEventExecutor$4.run(SingleThreadEventExecutor.java:997)
	at org.apache.ratis.thirdparty.io.netty.util.internal.ThreadExecutorMap$2.run(ThreadExecutorMap.java:74)
	at java.base/java.lang.Thread.run(Thread.java:829)
2023-03-28 15:14:30,247 [Thread-1796] WARN  util.PeerProxyMap (PeerProxyMap.java:closeProxy(179)) - s1-NettyServerStreamRpc: Failed to close proxy for peer s2|rpc:localhost:42139|admin:localhost:39277|client:localhost:39361|dataStream:localhost:34277|priority:0|startupRole:FOLLOWER, proxy class: class org.apache.ratis.client.impl.DataStreamClientImpl
org.apache.ratis.thirdparty.io.netty.channel.AbstractChannel$AnnotatedConnectException: Connection refused: localhost/127.0.0.1:34277
Caused by: java.net.ConnectException: Connection refused
	at java.base/sun.nio.ch.SocketChannelImpl.checkConnect(Native Method)
	at java.base/sun.nio.ch.SocketChannelImpl.finishConnect(SocketChannelImpl.java:777)
	at org.apache.ratis.thirdparty.io.netty.channel.socket.nio.NioSocketChannel.doFinishConnect(NioSocketChannel.java:337)
	at org.apache.ratis.thirdparty.io.netty.channel.nio.AbstractNioChannel$AbstractNioUnsafe.finishConnect(AbstractNioChannel.java:334)
	at org.apache.ratis.thirdparty.io.netty.channel.nio.NioEventLoop.processSelectedKey(NioEventLoop.java:776)
	at org.apache.ratis.thirdparty.io.netty.channel.nio.NioEventLoop.processSelectedKeysOptimized(NioEventLoop.java:724)
	at org.apache.ratis.thirdparty.io.netty.channel.nio.NioEventLoop.processSelectedKeys(NioEventLoop.java:650)
	at org.apache.ratis.thirdparty.io.netty.channel.nio.NioEventLoop.run(NioEventLoop.java:562)
	at org.apache.ratis.thirdparty.io.netty.util.concurrent.SingleThreadEventExecutor$4.run(SingleThreadEventExecutor.java:997)
	at org.apache.ratis.thirdparty.io.netty.util.internal.ThreadExecutorMap$2.run(ThreadExecutorMap.java:74)
	at java.base/java.lang.Thread.run(Thread.java:829)
2023-03-28 15:14:30,247 [NettyClientStreamRpc-workerGroup--thread3] WARN  client.NettyClientStreamRpc (NettyClientStreamRpc.java:scheduleReconnect(206)) - Connection-localhost/127.0.0.1:34277: org.apache.ratis.netty.client.NettyClientStreamRpc$Connection$1@38906096 failed; schedule reconnecting to localhost/127.0.0.1:34277 in 100ms
2023-03-28 15:14:30,247 [NettyClientStreamRpc-workerGroup--thread3] WARN  client.NettyClientStreamRpc (NettyClientStreamRpc.java:scheduleReconnect(208)) - 
org.apache.ratis.thirdparty.io.netty.channel.AbstractChannel$AnnotatedConnectException: Connection refused: localhost/127.0.0.1:34277
Caused by: java.net.ConnectException: Connection refused
	at java.base/sun.nio.ch.SocketChannelImpl.checkConnect(Native Method)
	at java.base/sun.nio.ch.SocketChannelImpl.finishConnect(SocketChannelImpl.java:777)
	at org.apache.ratis.thirdparty.io.netty.channel.socket.nio.NioSocketChannel.doFinishConnect(NioSocketChannel.java:337)
	at org.apache.ratis.thirdparty.io.netty.channel.nio.AbstractNioChannel$AbstractNioUnsafe.finishConnect(AbstractNioChannel.java:334)
	at org.apache.ratis.thirdparty.io.netty.channel.nio.NioEventLoop.processSelectedKey(NioEventLoop.java:776)
	at org.apache.ratis.thirdparty.io.netty.channel.nio.NioEventLoop.processSelectedKeysOptimized(NioEventLoop.java:724)
	at org.apache.ratis.thirdparty.io.netty.channel.nio.NioEventLoop.processSelectedKeys(NioEventLoop.java:650)
	at org.apache.ratis.thirdparty.io.netty.channel.nio.NioEventLoop.run(NioEventLoop.java:562)
	at org.apache.ratis.thirdparty.io.netty.util.concurrent.SingleThreadEventExecutor$4.run(SingleThreadEventExecutor.java:997)
	at org.apache.ratis.thirdparty.io.netty.util.internal.ThreadExecutorMap$2.run(ThreadExecutorMap.java:74)
	at java.base/java.lang.Thread.run(Thread.java:829)
2023-03-28 15:14:30,247 [Thread-1793] WARN  util.PeerProxyMap (PeerProxyMap.java:closeProxy(179)) - s1-NettyServerStreamRpc: Failed to close proxy for peer s0|rpc:localhost:43573|admin:localhost:41975|client:localhost:42953|dataStream:localhost:45139|priority:0|startupRole:FOLLOWER, proxy class: class org.apache.ratis.client.impl.DataStreamClientImpl
org.apache.ratis.thirdparty.io.netty.channel.AbstractChannel$AnnotatedConnectException: Connection refused: localhost/127.0.0.1:45139
Caused by: java.net.ConnectException: Connection refused
	at java.base/sun.nio.ch.SocketChannelImpl.checkConnect(Native Method)
	at java.base/sun.nio.ch.SocketChannelImpl.finishConnect(SocketChannelImpl.java:777)
	at org.apache.ratis.thirdparty.io.netty.channel.socket.nio.NioSocketChannel.doFinishConnect(NioSocketChannel.java:337)
	at org.apache.ratis.thirdparty.io.netty.channel.nio.AbstractNioChannel$AbstractNioUnsafe.finishConnect(AbstractNioChannel.java:334)
	at org.apache.ratis.thirdparty.io.netty.channel.nio.NioEventLoop.processSelectedKey(NioEventLoop.java:776)
	at org.apache.ratis.thirdparty.io.netty.channel.nio.NioEventLoop.processSelectedKeysOptimized(NioEventLoop.java:724)
	at org.apache.ratis.thirdparty.io.netty.channel.nio.NioEventLoop.processSelectedKeys(NioEventLoop.java:650)
	at org.apache.ratis.thirdparty.io.netty.channel.nio.NioEventLoop.run(NioEventLoop.java:562)
	at org.apache.ratis.thirdparty.io.netty.util.concurrent.SingleThreadEventExecutor$4.run(SingleThreadEventExecutor.java:997)
	at org.apache.ratis.thirdparty.io.netty.util.internal.ThreadExecutorMap$2.run(ThreadExecutorMap.java:74)
	at java.base/java.lang.Thread.run(Thread.java:829)
2023-03-28 15:14:30,247 [NettyClientStreamRpc-workerGroup--thread3] WARN  client.NettyClientStreamRpc (NettyClientStreamRpc.java:scheduleReconnect(206)) - Connection-localhost/127.0.0.1:45139: org.apache.ratis.netty.client.NettyClientStreamRpc$Connection$1@1fde1881 failed; schedule reconnecting to localhost/127.0.0.1:45139 in 100ms
2023-03-28 15:14:30,247 [NettyClientStreamRpc-workerGroup--thread3] WARN  client.NettyClientStreamRpc (NettyClientStreamRpc.java:scheduleReconnect(208)) - 
org.apache.ratis.thirdparty.io.netty.channel.AbstractChannel$AnnotatedConnectException: Connection refused: localhost/127.0.0.1:45139
Caused by: java.net.ConnectException: Connection refused
	at java.base/sun.nio.ch.SocketChannelImpl.checkConnect(Native Method)
	at java.base/sun.nio.ch.SocketChannelImpl.finishConnect(SocketChannelImpl.java:777)
	at org.apache.ratis.thirdparty.io.netty.channel.socket.nio.NioSocketChannel.doFinishConnect(NioSocketChannel.java:337)
	at org.apache.ratis.thirdparty.io.netty.channel.nio.AbstractNioChannel$AbstractNioUnsafe.finishConnect(AbstractNioChannel.java:334)
	at org.apache.ratis.thirdparty.io.netty.channel.nio.NioEventLoop.processSelectedKey(NioEventLoop.java:776)
	at org.apache.ratis.thirdparty.io.netty.channel.nio.NioEventLoop.processSelectedKeysOptimized(NioEventLoop.java:724)
	at org.apache.ratis.thirdparty.io.netty.channel.nio.NioEventLoop.processSelectedKeys(NioEventLoop.java:650)
	at org.apache.ratis.thirdparty.io.netty.channel.nio.NioEventLoop.run(NioEventLoop.java:562)
	at org.apache.ratis.thirdparty.io.netty.util.concurrent.SingleThreadEventExecutor$4.run(SingleThreadEventExecutor.java:997)
	at org.apache.ratis.thirdparty.io.netty.util.internal.ThreadExecutorMap$2.run(ThreadExecutorMap.java:74)
	at java.base/java.lang.Thread.run(Thread.java:829)
2023-03-28 15:14:30,250 [NettyClientStreamRpc-workerGroup--thread3] WARN  client.NettyClientStreamRpc (NettyClientStreamRpc.java:scheduleReconnect(206)) - Connection-localhost/127.0.0.1:34277: org.apache.ratis.netty.client.NettyClientStreamRpc$Connection$1@4862a3f0 failed; schedule reconnecting to localhost/127.0.0.1:34277 in 100ms
2023-03-28 15:14:30,251 [Thread-1807] WARN  util.PeerProxyMap (PeerProxyMap.java:closeProxy(179)) - s0-NettyServerStreamRpc: Failed to close proxy for peer s1|rpc:localhost:41959|admin:localhost:40503|client:localhost:38419|dataStream:localhost:44143|priority:0|startupRole:FOLLOWER, proxy class: class org.apache.ratis.client.impl.DataStreamClientImpl
org.apache.ratis.thirdparty.io.netty.channel.AbstractChannel$AnnotatedConnectException: Connection refused: localhost/127.0.0.1:44143
Caused by: java.net.ConnectException: Connection refused
	at java.base/sun.nio.ch.SocketChannelImpl.checkConnect(Native Method)
	at java.base/sun.nio.ch.SocketChannelImpl.finishConnect(SocketChannelImpl.java:777)
	at org.apache.ratis.thirdparty.io.netty.channel.socket.nio.NioSocketChannel.doFinishConnect(NioSocketChannel.java:337)
	at org.apache.ratis.thirdparty.io.netty.channel.nio.AbstractNioChannel$AbstractNioUnsafe.finishConnect(AbstractNioChannel.java:334)
	at org.apache.ratis.thirdparty.io.netty.channel.nio.NioEventLoop.processSelectedKey(NioEventLoop.java:776)
	at org.apache.ratis.thirdparty.io.netty.channel.nio.NioEventLoop.processSelectedKeysOptimized(NioEventLoop.java:724)
	at org.apache.ratis.thirdparty.io.netty.channel.nio.NioEventLoop.processSelectedKeys(NioEventLoop.java:650)
	at org.apache.ratis.thirdparty.io.netty.channel.nio.NioEventLoop.run(NioEventLoop.java:562)
	at org.apache.ratis.thirdparty.io.netty.util.concurrent.SingleThreadEventExecutor$4.run(SingleThreadEventExecutor.java:997)
	at org.apache.ratis.thirdparty.io.netty.util.internal.ThreadExecutorMap$2.run(ThreadExecutorMap.java:74)
	at java.base/java.lang.Thread.run(Thread.java:829)
2023-03-28 15:14:30,250 [NettyClientStreamRpc-workerGroup--thread3] WARN  client.NettyClientStreamRpc (NettyClientStreamRpc.java:scheduleReconnect(206)) - Connection-localhost/127.0.0.1:44143: org.apache.ratis.netty.client.NettyClientStreamRpc$Connection$1@4abcd48f failed; schedule reconnecting to localhost/127.0.0.1:44143 in 100ms
2023-03-28 15:14:30,250 [Thread-1808] WARN  util.PeerProxyMap (PeerProxyMap.java:closeProxy(179)) - s0-NettyServerStreamRpc: Failed to close proxy for peer s2|rpc:localhost:42139|admin:localhost:39277|client:localhost:39361|dataStream:localhost:34277|priority:0|startupRole:FOLLOWER, proxy class: class org.apache.ratis.client.impl.DataStreamClientImpl
org.apache.ratis.thirdparty.io.netty.channel.AbstractChannel$AnnotatedConnectException: Connection refused: localhost/127.0.0.1:34277
Caused by: java.net.ConnectException: Connection refused
	at java.base/sun.nio.ch.SocketChannelImpl.checkConnect(Native Method)
	at java.base/sun.nio.ch.SocketChannelImpl.finishConnect(SocketChannelImpl.java:777)
	at org.apache.ratis.thirdparty.io.netty.channel.socket.nio.NioSocketChannel.doFinishConnect(NioSocketChannel.java:337)
	at org.apache.ratis.thirdparty.io.netty.channel.nio.AbstractNioChannel$AbstractNioUnsafe.finishConnect(AbstractNioChannel.java:334)
	at org.apache.ratis.thirdparty.io.netty.channel.nio.NioEventLoop.processSelectedKey(NioEventLoop.java:776)
	at org.apache.ratis.thirdparty.io.netty.channel.nio.NioEventLoop.processSelectedKeysOptimized(NioEventLoop.java:724)
	at org.apache.ratis.thirdparty.io.netty.channel.nio.NioEventLoop.processSelectedKeys(NioEventLoop.java:650)
	at org.apache.ratis.thirdparty.io.netty.channel.nio.NioEventLoop.run(NioEventLoop.java:562)
	at org.apache.ratis.thirdparty.io.netty.util.concurrent.SingleThreadEventExecutor$4.run(SingleThreadEventExecutor.java:997)
	at org.apache.ratis.thirdparty.io.netty.util.internal.ThreadExecutorMap$2.run(ThreadExecutorMap.java:74)
	at java.base/java.lang.Thread.run(Thread.java:829)
2023-03-28 15:14:30,251 [NettyClientStreamRpc-workerGroup--thread3] WARN  client.NettyClientStreamRpc (NettyClientStreamRpc.java:scheduleReconnect(208)) - 
org.apache.ratis.thirdparty.io.netty.channel.AbstractChannel$AnnotatedConnectException: Connection refused: localhost/127.0.0.1:34277
Caused by: java.net.ConnectException: Connection refused
	at java.base/sun.nio.ch.SocketChannelImpl.checkConnect(Native Method)
	at java.base/sun.nio.ch.SocketChannelImpl.finishConnect(SocketChannelImpl.java:777)
	at org.apache.ratis.thirdparty.io.netty.channel.socket.nio.NioSocketChannel.doFinishConnect(NioSocketChannel.java:337)
	at org.apache.ratis.thirdparty.io.netty.channel.nio.AbstractNioChannel$AbstractNioUnsafe.finishConnect(AbstractNioChannel.java:334)
	at org.apache.ratis.thirdparty.io.netty.channel.nio.NioEventLoop.processSelectedKey(NioEventLoop.java:776)
	at org.apache.ratis.thirdparty.io.netty.channel.nio.NioEventLoop.processSelectedKeysOptimized(NioEventLoop.java:724)
	at org.apache.ratis.thirdparty.io.netty.channel.nio.NioEventLoop.processSelectedKeys(NioEventLoop.java:650)
	at org.apache.ratis.thirdparty.io.netty.channel.nio.NioEventLoop.run(NioEventLoop.java:562)
	at org.apache.ratis.thirdparty.io.netty.util.concurrent.SingleThreadEventExecutor$4.run(SingleThreadEventExecutor.java:997)
	at org.apache.ratis.thirdparty.io.netty.util.internal.ThreadExecutorMap$2.run(ThreadExecutorMap.java:74)
	at java.base/java.lang.Thread.run(Thread.java:829)
2023-03-28 15:14:30,251 [NettyClientStreamRpc-workerGroup--thread3] WARN  client.NettyClientStreamRpc (NettyClientStreamRpc.java:scheduleReconnect(208)) - 
org.apache.ratis.thirdparty.io.netty.channel.AbstractChannel$AnnotatedConnectException: Connection refused: localhost/127.0.0.1:44143
Caused by: java.net.ConnectException: Connection refused
	at java.base/sun.nio.ch.SocketChannelImpl.checkConnect(Native Method)
	at java.base/sun.nio.ch.SocketChannelImpl.finishConnect(SocketChannelImpl.java:777)
	at org.apache.ratis.thirdparty.io.netty.channel.socket.nio.NioSocketChannel.doFinishConnect(NioSocketChannel.java:337)
	at org.apache.ratis.thirdparty.io.netty.channel.nio.AbstractNioChannel$AbstractNioUnsafe.finishConnect(AbstractNioChannel.java:334)
	at org.apache.ratis.thirdparty.io.netty.channel.nio.NioEventLoop.processSelectedKey(NioEventLoop.java:776)
	at org.apache.ratis.thirdparty.io.netty.channel.nio.NioEventLoop.processSelectedKeysOptimized(NioEventLoop.java:724)
	at org.apache.ratis.thirdparty.io.netty.channel.nio.NioEventLoop.processSelectedKeys(NioEventLoop.java:650)
	at org.apache.ratis.thirdparty.io.netty.channel.nio.NioEventLoop.run(NioEventLoop.java:562)
	at org.apache.ratis.thirdparty.io.netty.util.concurrent.SingleThreadEventExecutor$4.run(SingleThreadEventExecutor.java:997)
	at org.apache.ratis.thirdparty.io.netty.util.internal.ThreadExecutorMap$2.run(ThreadExecutorMap.java:74)
	at java.base/java.lang.Thread.run(Thread.java:829)
2023-03-28 15:14:30,252 [Thread-1814] WARN  util.PeerProxyMap (PeerProxyMap.java:closeProxy(179)) - s0-NettyServerStreamRpc: Failed to close proxy for peer s2|rpc:localhost:42139|admin:localhost:39277|client:localhost:39361|dataStream:localhost:34277|priority:0|startupRole:FOLLOWER, proxy class: class org.apache.ratis.client.impl.DataStreamClientImpl
org.apache.ratis.thirdparty.io.netty.channel.AbstractChannel$AnnotatedConnectException: Connection refused: localhost/127.0.0.1:34277
Caused by: java.net.ConnectException: Connection refused
	at java.base/sun.nio.ch.SocketChannelImpl.checkConnect(Native Method)
	at java.base/sun.nio.ch.SocketChannelImpl.finishConnect(SocketChannelImpl.java:777)
	at org.apache.ratis.thirdparty.io.netty.channel.socket.nio.NioSocketChannel.doFinishConnect(NioSocketChannel.java:337)
	at org.apache.ratis.thirdparty.io.netty.channel.nio.AbstractNioChannel$AbstractNioUnsafe.finishConnect(AbstractNioChannel.java:334)
	at org.apache.ratis.thirdparty.io.netty.channel.nio.NioEventLoop.processSelectedKey(NioEventLoop.java:776)
	at org.apache.ratis.thirdparty.io.netty.channel.nio.NioEventLoop.processSelectedKeysOptimized(NioEventLoop.java:724)
	at org.apache.ratis.thirdparty.io.netty.channel.nio.NioEventLoop.processSelectedKeys(NioEventLoop.java:650)
	at org.apache.ratis.thirdparty.io.netty.channel.nio.NioEventLoop.run(NioEventLoop.java:562)
	at org.apache.ratis.thirdparty.io.netty.util.concurrent.SingleThreadEventExecutor$4.run(SingleThreadEventExecutor.java:997)
	at org.apache.ratis.thirdparty.io.netty.util.internal.ThreadExecutorMap$2.run(ThreadExecutorMap.java:74)
	at java.base/java.lang.Thread.run(Thread.java:829)
2023-03-28 15:14:30,253 [NettyClientStreamRpc-workerGroup--thread3] WARN  client.NettyClientStreamRpc (NettyClientStreamRpc.java:scheduleReconnect(206)) - Connection-localhost/127.0.0.1:44143: org.apache.ratis.netty.client.NettyClientStreamRpc$Connection$1@30878dd1 failed; schedule reconnecting to localhost/127.0.0.1:44143 in 100ms
2023-03-28 15:14:30,253 [Thread-1812] WARN  util.PeerProxyMap (PeerProxyMap.java:closeProxy(179)) - s0-NettyServerStreamRpc: Failed to close proxy for peer s1|rpc:localhost:41959|admin:localhost:40503|client:localhost:38419|dataStream:localhost:44143|priority:0|startupRole:FOLLOWER, proxy class: class org.apache.ratis.client.impl.DataStreamClientImpl
org.apache.ratis.thirdparty.io.netty.channel.AbstractChannel$AnnotatedConnectException: Connection refused: localhost/127.0.0.1:44143
Caused by: java.net.ConnectException: Connection refused
	at java.base/sun.nio.ch.SocketChannelImpl.checkConnect(Native Method)
	at java.base/sun.nio.ch.SocketChannelImpl.finishConnect(SocketChannelImpl.java:777)
	at org.apache.ratis.thirdparty.io.netty.channel.socket.nio.NioSocketChannel.doFinishConnect(NioSocketChannel.java:337)
	at org.apache.ratis.thirdparty.io.netty.channel.nio.AbstractNioChannel$AbstractNioUnsafe.finishConnect(AbstractNioChannel.java:334)
	at org.apache.ratis.thirdparty.io.netty.channel.nio.NioEventLoop.processSelectedKey(NioEventLoop.java:776)
	at org.apache.ratis.thirdparty.io.netty.channel.nio.NioEventLoop.processSelectedKeysOptimized(NioEventLoop.java:724)
	at org.apache.ratis.thirdparty.io.netty.channel.nio.NioEventLoop.processSelectedKeys(NioEventLoop.java:650)
	at org.apache.ratis.thirdparty.io.netty.channel.nio.NioEventLoop.run(NioEventLoop.java:562)
	at org.apache.ratis.thirdparty.io.netty.util.concurrent.SingleThreadEventExecutor$4.run(SingleThreadEventExecutor.java:997)
	at org.apache.ratis.thirdparty.io.netty.util.internal.ThreadExecutorMap$2.run(ThreadExecutorMap.java:74)
	at java.base/java.lang.Thread.run(Thread.java:829)
2023-03-28 15:14:30,253 [NettyClientStreamRpc-workerGroup--thread3] WARN  client.NettyClientStreamRpc (NettyClientStreamRpc.java:scheduleReconnect(206)) - Connection-localhost/127.0.0.1:34277: org.apache.ratis.netty.client.NettyClientStreamRpc$Connection$1@151dcafb failed; schedule reconnecting to localhost/127.0.0.1:34277 in 100ms
2023-03-28 15:14:30,253 [NettyClientStreamRpc-workerGroup--thread3] WARN  client.NettyClientStreamRpc (NettyClientStreamRpc.java:scheduleReconnect(208)) - 
org.apache.ratis.thirdparty.io.netty.channel.AbstractChannel$AnnotatedConnectException: Connection refused: localhost/127.0.0.1:34277
Caused by: java.net.ConnectException: Connection refused
	at java.base/sun.nio.ch.SocketChannelImpl.checkConnect(Native Method)
	at java.base/sun.nio.ch.SocketChannelImpl.finishConnect(SocketChannelImpl.java:777)
	at org.apache.ratis.thirdparty.io.netty.channel.socket.nio.NioSocketChannel.doFinishConnect(NioSocketChannel.java:337)
	at org.apache.ratis.thirdparty.io.netty.channel.nio.AbstractNioChannel$AbstractNioUnsafe.finishConnect(AbstractNioChannel.java:334)
	at org.apache.ratis.thirdparty.io.netty.channel.nio.NioEventLoop.processSelectedKey(NioEventLoop.java:776)
	at org.apache.ratis.thirdparty.io.netty.channel.nio.NioEventLoop.processSelectedKeysOptimized(NioEventLoop.java:724)
	at org.apache.ratis.thirdparty.io.netty.channel.nio.NioEventLoop.processSelectedKeys(NioEventLoop.java:650)
	at org.apache.ratis.thirdparty.io.netty.channel.nio.NioEventLoop.run(NioEventLoop.java:562)
	at org.apache.ratis.thirdparty.io.netty.util.concurrent.SingleThreadEventExecutor$4.run(SingleThreadEventExecutor.java:997)
	at org.apache.ratis.thirdparty.io.netty.util.internal.ThreadExecutorMap$2.run(ThreadExecutorMap.java:74)
	at java.base/java.lang.Thread.run(Thread.java:829)
2023-03-28 15:14:30,253 [NettyClientStreamRpc-workerGroup--thread3] WARN  client.NettyClientStreamRpc (NettyClientStreamRpc.java:scheduleReconnect(208)) - 
org.apache.ratis.thirdparty.io.netty.channel.AbstractChannel$AnnotatedConnectException: Connection refused: localhost/127.0.0.1:44143
Caused by: java.net.ConnectException: Connection refused
	at java.base/sun.nio.ch.SocketChannelImpl.checkConnect(Native Method)
	at java.base/sun.nio.ch.SocketChannelImpl.finishConnect(SocketChannelImpl.java:777)
	at org.apache.ratis.thirdparty.io.netty.channel.socket.nio.NioSocketChannel.doFinishConnect(NioSocketChannel.java:337)
	at org.apache.ratis.thirdparty.io.netty.channel.nio.AbstractNioChannel$AbstractNioUnsafe.finishConnect(AbstractNioChannel.java:334)
	at org.apache.ratis.thirdparty.io.netty.channel.nio.NioEventLoop.processSelectedKey(NioEventLoop.java:776)
	at org.apache.ratis.thirdparty.io.netty.channel.nio.NioEventLoop.processSelectedKeysOptimized(NioEventLoop.java:724)
	at org.apache.ratis.thirdparty.io.netty.channel.nio.NioEventLoop.processSelectedKeys(NioEventLoop.java:650)
	at org.apache.ratis.thirdparty.io.netty.channel.nio.NioEventLoop.run(NioEventLoop.java:562)
	at org.apache.ratis.thirdparty.io.netty.util.concurrent.SingleThreadEventExecutor$4.run(SingleThreadEventExecutor.java:997)
	at org.apache.ratis.thirdparty.io.netty.util.internal.ThreadExecutorMap$2.run(ThreadExecutorMap.java:74)
	at java.base/java.lang.Thread.run(Thread.java:829)
2023-03-28 15:14:31,039 [s0-impl-thread1] INFO  segmented.SegmentedRaftLogWorker (SegmentedRaftLogWorker.java:close(242)) - s0@group-3C1447EEDE3C-SegmentedRaftLogWorker close()
2023-03-28 15:14:31,040 [JvmPauseMonitor7] INFO  util.JvmPauseMonitor (JvmPauseMonitor.java:run(109)) - JvmPauseMonitor-s0: Stopped
2023-03-28 15:14:31,059 [s1-impl-thread1] INFO  segmented.SegmentedRaftLogWorker (SegmentedRaftLogWorker.java:close(242)) - s1@group-3C1447EEDE3C-SegmentedRaftLogWorker close()
2023-03-28 15:14:31,060 [JvmPauseMonitor8] INFO  util.JvmPauseMonitor (JvmPauseMonitor.java:run(109)) - JvmPauseMonitor-s1: Stopped
2023-03-28 15:14:31,061 [s2-impl-thread1] INFO  segmented.SegmentedRaftLogWorker (SegmentedRaftLogWorker.java:close(242)) - s2@group-3C1447EEDE3C-SegmentedRaftLogWorker close()
2023-03-28 15:14:31,062 [JvmPauseMonitor9] INFO  util.JvmPauseMonitor (JvmPauseMonitor.java:run(109)) - JvmPauseMonitor-s2: Stopped
2023-03-28 15:14:31,062 [Time-limited test] INFO  impl.MiniRaftCluster (MiniRaftCluster.java:shutdown(855)) - MiniRaftClusterWithRpcTypeGrpcAndDataStreamTypeNetty shutdown completed
]]></system-out>
  </testcase>
</testsuite>