<?xml version="1.0" encoding="UTF-8"?>
<testsuite xmlns:xsi="http://www.w3.org/2001/XMLSchema-instance" xsi:noNamespaceSchemaLocation="https://maven.apache.org/surefire/maven-surefire-plugin/xsd/surefire-test-report.xsd" name="org.apache.ratis.grpc.TestLeaderElectionWithGrpc" time="63.363" tests="20" errors="0" skipped="0" failures="1">
  <properties>
    <property name="awt.toolkit" value="sun.awt.X11.XToolkit"/>
    <property name="java.specification.version" value="11"/>
    <property name="sun.cpu.isalist" value=""/>
    <property name="sun.jnu.encoding" value="UTF-8"/>
    <property name="java.class.path" value="/home/runner/work/ratis/ratis/ratis-test/target/test-classes:/home/runner/work/ratis/ratis/ratis-test/target/classes:/home/runner/work/ratis/ratis/ratis-common/target/classes:/home/runner/.m2/repository/org/apache/ratis/ratis-thirdparty-misc/1.0.2/ratis-thirdparty-misc-1.0.2.jar:/home/runner/work/ratis/ratis/ratis-proto/target/ratis-proto-3.0.0-SNAPSHOT.jar:/home/runner/work/ratis/ratis/ratis-common/target/test-classes:/home/runner/work/ratis/ratis/ratis-client/target/classes:/home/runner/work/ratis/ratis/ratis-server/target/classes:/home/runner/work/ratis/ratis/ratis-server-api/target/classes:/home/runner/work/ratis/ratis/ratis-metrics-api/target/classes:/home/runner/work/ratis/ratis/ratis-server/target/test-classes:/home/runner/work/ratis/ratis/ratis-metrics-default/target/classes:/home/runner/work/ratis/ratis/ratis-netty/target/classes:/home/runner/work/ratis/ratis/ratis-netty/target/test-classes:/home/runner/work/ratis/ratis/ratis-grpc/target/classes:/home/runner/work/ratis/ratis/ratis-grpc/target/test-classes:/home/runner/.m2/repository/org/slf4j/slf4j-api/1.7.29/slf4j-api-1.7.29.jar:/home/runner/.m2/repository/org/slf4j/slf4j-log4j12/1.7.29/slf4j-log4j12-1.7.29.jar:/home/runner/.m2/repository/log4j/log4j/1.2.17/log4j-1.2.17.jar:/home/runner/.m2/repository/junit/junit/4.13.2/junit-4.13.2.jar:/home/runner/.m2/repository/org/hamcrest/hamcrest-core/1.3/hamcrest-core-1.3.jar:/home/runner/.m2/repository/org/mockito/mockito-core/4.3.1/mockito-core-4.3.1.jar:/home/runner/.m2/repository/net/bytebuddy/byte-buddy/1.12.7/byte-buddy-1.12.7.jar:/home/runner/.m2/repository/net/bytebuddy/byte-buddy-agent/1.12.7/byte-buddy-agent-1.12.7.jar:/home/runner/.m2/repository/org/objenesis/objenesis/3.2/objenesis-3.2.jar:/home/runner/work/ratis/ratis/ratis-shell/target/classes:/home/runner/.m2/repository/commons-cli/commons-cli/1.5.0/commons-cli-1.5.0.jar:/home/runner/.m2/repository/org/slf4j/slf4j-simple/1.7.29/slf4j-simple-1.7.29.jar:/home/runner/.m2/repository/org/reflections/reflections/0.10.2/reflections-0.10.2.jar:/home/runner/.m2/repository/org/javassist/javassist/3.28.0-GA/javassist-3.28.0-GA.jar:/home/runner/.m2/repository/com/google/code/findbugs/jsr305/3.0.2/jsr305-3.0.2.jar:"/>
    <property name="java.vm.vendor" value="Eclipse Adoptium"/>
    <property name="sun.arch.data.model" value="64"/>
    <property name="java.vendor.url" value="https://adoptium.net/"/>
    <property name="user.timezone" value=""/>
    <property name="java.vm.specification.version" value="11"/>
    <property name="os.name" value="Linux"/>
    <property name="sun.java.launcher" value="SUN_STANDARD"/>
    <property name="sun.boot.library.path" value="/usr/lib/jvm/temurin-11-jdk-amd64/lib"/>
    <property name="sun.java.command" value="/home/runner/work/ratis/ratis/ratis-test/target/surefire/surefirebooter8105425980331323680.jar /home/runner/work/ratis/ratis/ratis-test/target/surefire 2022-10-24T03-06-03_792-jvmRun1 surefire14846904104040880898tmp surefire_2811582725651724902101tmp"/>
    <property name="jdk.debug" value="release"/>
    <property name="surefire.test.class.path" value="/home/runner/work/ratis/ratis/ratis-test/target/test-classes:/home/runner/work/ratis/ratis/ratis-test/target/classes:/home/runner/work/ratis/ratis/ratis-common/target/classes:/home/runner/.m2/repository/org/apache/ratis/ratis-thirdparty-misc/1.0.2/ratis-thirdparty-misc-1.0.2.jar:/home/runner/work/ratis/ratis/ratis-proto/target/ratis-proto-3.0.0-SNAPSHOT.jar:/home/runner/work/ratis/ratis/ratis-common/target/test-classes:/home/runner/work/ratis/ratis/ratis-client/target/classes:/home/runner/work/ratis/ratis/ratis-server/target/classes:/home/runner/work/ratis/ratis/ratis-server-api/target/classes:/home/runner/work/ratis/ratis/ratis-metrics-api/target/classes:/home/runner/work/ratis/ratis/ratis-server/target/test-classes:/home/runner/work/ratis/ratis/ratis-metrics-default/target/classes:/home/runner/work/ratis/ratis/ratis-netty/target/classes:/home/runner/work/ratis/ratis/ratis-netty/target/test-classes:/home/runner/work/ratis/ratis/ratis-grpc/target/classes:/home/runner/work/ratis/ratis/ratis-grpc/target/test-classes:/home/runner/.m2/repository/org/slf4j/slf4j-api/1.7.29/slf4j-api-1.7.29.jar:/home/runner/.m2/repository/org/slf4j/slf4j-log4j12/1.7.29/slf4j-log4j12-1.7.29.jar:/home/runner/.m2/repository/log4j/log4j/1.2.17/log4j-1.2.17.jar:/home/runner/.m2/repository/junit/junit/4.13.2/junit-4.13.2.jar:/home/runner/.m2/repository/org/hamcrest/hamcrest-core/1.3/hamcrest-core-1.3.jar:/home/runner/.m2/repository/org/mockito/mockito-core/4.3.1/mockito-core-4.3.1.jar:/home/runner/.m2/repository/net/bytebuddy/byte-buddy/1.12.7/byte-buddy-1.12.7.jar:/home/runner/.m2/repository/net/bytebuddy/byte-buddy-agent/1.12.7/byte-buddy-agent-1.12.7.jar:/home/runner/.m2/repository/org/objenesis/objenesis/3.2/objenesis-3.2.jar:/home/runner/work/ratis/ratis/ratis-shell/target/classes:/home/runner/.m2/repository/commons-cli/commons-cli/1.5.0/commons-cli-1.5.0.jar:/home/runner/.m2/repository/org/slf4j/slf4j-simple/1.7.29/slf4j-simple-1.7.29.jar:/home/runner/.m2/repository/org/reflections/reflections/0.10.2/reflections-0.10.2.jar:/home/runner/.m2/repository/org/javassist/javassist/3.28.0-GA/javassist-3.28.0-GA.jar:/home/runner/.m2/repository/com/google/code/findbugs/jsr305/3.0.2/jsr305-3.0.2.jar:"/>
    <property name="sun.cpu.endian" value="little"/>
    <property name="user.home" value="/home/runner"/>
    <property name="user.language" value="en"/>
    <property name="java.specification.vendor" value="Oracle Corporation"/>
    <property name="java.version.date" value="2022-08-12"/>
    <property name="java.home" value="/usr/lib/jvm/temurin-11-jdk-amd64"/>
    <property name="file.separator" value="/"/>
    <property name="basedir" value="/home/runner/work/ratis/ratis/ratis-test"/>
    <property name="java.vm.compressedOopsMode" value="32-bit"/>
    <property name="line.separator" value="&#10;"/>
    <property name="java.specification.name" value="Java Platform API Specification"/>
    <property name="java.vm.specification.vendor" value="Oracle Corporation"/>
    <property name="java.awt.graphicsenv" value="sun.awt.X11GraphicsEnvironment"/>
    <property name="surefire.real.class.path" value="/home/runner/work/ratis/ratis/ratis-test/target/surefire/surefirebooter8105425980331323680.jar"/>
    <property name="sun.management.compiler" value="HotSpot 64-Bit Tiered Compilers"/>
    <property name="java.runtime.version" value="11.0.16.1+1"/>
    <property name="user.name" value="runner"/>
    <property name="java.net.preferIPv4Stack" value="true"/>
    <property name="path.separator" value=":"/>
    <property name="os.version" value="5.15.0-1022-azure"/>
    <property name="java.runtime.name" value="OpenJDK Runtime Environment"/>
    <property name="file.encoding" value="UTF-8"/>
    <property name="java.vm.name" value="OpenJDK 64-Bit Server VM"/>
    <property name="java.vendor.version" value="Temurin-11.0.16.1+1"/>
    <property name="localRepository" value="/home/runner/.m2/repository"/>
    <property name="java.vendor.url.bug" value="https://github.com/adoptium/adoptium-support/issues"/>
    <property name="java.io.tmpdir" value="/tmp"/>
    <property name="java.version" value="11.0.16.1"/>
    <property name="user.dir" value="/home/runner/work/ratis/ratis/ratis-test"/>
    <property name="os.arch" value="amd64"/>
    <property name="ratis.tmp.dir" value="/home/runner/work/ratis/ratis/ratis-test/target/tmp"/>
    <property name="java.vm.specification.name" value="Java Virtual Machine Specification"/>
    <property name="java.awt.printerjob" value="sun.print.PSPrinterJob"/>
    <property name="ratis.log.dir" value="/home/runner/work/ratis/ratis/ratis-test/target/log"/>
    <property name="sun.os.patch.level" value="unknown"/>
    <property name="java.library.path" value="/usr/java/packages/lib:/usr/lib64:/lib64:/lib:/usr/lib"/>
    <property name="java.vm.info" value="mixed mode"/>
    <property name="java.vendor" value="Eclipse Adoptium"/>
    <property name="java.vm.version" value="11.0.16.1+1"/>
    <property name="sun.io.unicode.encoding" value="UnicodeLittle"/>
    <property name="java.class.version" value="55.0"/>
  </properties>
  <testcase name="testEnforceLeader" classname="org.apache.ratis.grpc.TestLeaderElectionWithGrpc" time="22.442">
    <failure message="expected:&lt;s[3]&gt; but was:&lt;s[1]&gt;" type="org.junit.ComparisonFailure"><![CDATA[org.junit.ComparisonFailure: expected:<s[3]> but was:<s[1]>
	at org.junit.Assert.assertEquals(Assert.java:117)
	at org.junit.Assert.assertEquals(Assert.java:146)
	at org.apache.ratis.server.impl.LeaderElectionTests.enforceLeader(LeaderElectionTests.java:298)
	at org.apache.ratis.server.impl.LeaderElectionTests.testEnforceLeader(LeaderElectionTests.java:284)
	at org.apache.ratis.grpc.TestLeaderElectionWithGrpc.testEnforceLeader(TestLeaderElectionWithGrpc.java:31)
	at java.base/jdk.internal.reflect.NativeMethodAccessorImpl.invoke0(Native Method)
	at java.base/jdk.internal.reflect.NativeMethodAccessorImpl.invoke(NativeMethodAccessorImpl.java:62)
	at java.base/jdk.internal.reflect.DelegatingMethodAccessorImpl.invoke(DelegatingMethodAccessorImpl.java:43)
	at java.base/java.lang.reflect.Method.invoke(Method.java:566)
	at org.junit.runners.model.FrameworkMethod$1.runReflectiveCall(FrameworkMethod.java:59)
	at org.junit.internal.runners.model.ReflectiveCallable.run(ReflectiveCallable.java:12)
	at org.junit.runners.model.FrameworkMethod.invokeExplosively(FrameworkMethod.java:56)
	at org.junit.internal.runners.statements.InvokeMethod.evaluate(InvokeMethod.java:17)
	at org.junit.internal.runners.statements.RunAfters.evaluate(RunAfters.java:27)
	at org.junit.internal.runners.statements.FailOnTimeout$CallableStatement.call(FailOnTimeout.java:299)
	at org.junit.internal.runners.statements.FailOnTimeout$CallableStatement.call(FailOnTimeout.java:293)
	at java.base/java.util.concurrent.FutureTask.run(FutureTask.java:264)
	at java.base/java.lang.Thread.run(Thread.java:829)
]]></failure>
    <system-out><![CDATA[2022-10-24 03:16:11,697 [main] INFO  util.LogUtils (Log4jUtils.java:setLogLevel(32)) - Set org.apache.ratis.conf.ConfUtils log level to WARN
2022-10-24 03:16:11,700 [main] INFO  util.LogUtils (Log4jUtils.java:setLogLevel(32)) - Set org.apache.ratis.util.FileUtils log level to TRACE
2022-10-24 03:16:11,704 [main] INFO  util.LogUtils (Log4jUtils.java:setLogLevel(32)) - Set org.apache.ratis.server.RaftServer$Division log level to DEBUG
2022-10-24 03:16:11,704 [main] INFO  util.LogUtils (Log4jUtils.java:setLogLevel(32)) - Set org.apache.ratis.client.RaftClient log level to DEBUG
2022-10-24 03:16:11,707 [Time-limited test] INFO  grpc.TestLeaderElectionWithGrpc (LeaderElectionTests.java:testEnforceLeader(272)) - Running testEnforceLeader
2022-10-24 03:16:11,759 [Time-limited test] INFO  impl.MiniRaftCluster (MiniRaftCluster.java:<init>(306)) - new MiniRaftClusterWithGrpc with group-6912872F20E7:[s3|rpc:localhost:39579|admin:localhost:42243|client:localhost:33409|dataStream:localhost:46293|priority:0|startupRole:FOLLOWER, s4|rpc:localhost:45747|admin:localhost:35149|client:localhost:44435|dataStream:localhost:42993|priority:0|startupRole:FOLLOWER, s0|rpc:localhost:36179|admin:localhost:46501|client:localhost:36175|dataStream:localhost:33505|priority:0|startupRole:FOLLOWER, s1|rpc:localhost:36635|admin:localhost:41981|client:localhost:39775|dataStream:localhost:41297|priority:0|startupRole:FOLLOWER, s2|rpc:localhost:36969|admin:localhost:37929|client:localhost:40489|dataStream:localhost:38077|priority:0|startupRole:FOLLOWER]
2022-10-24 03:16:11,759 [Time-limited test] INFO  impl.MiniRaftCluster (MiniRaftCluster.java:start(339)) - .............................................................. 
2022-10-24 03:16:11,760 [Time-limited test] INFO  impl.MiniRaftCluster (MiniRaftCluster.java:start(340)) - ... 
2022-10-24 03:16:11,760 [Time-limited test] INFO  impl.MiniRaftCluster (MiniRaftCluster.java:start(341)) - ...     Starting MiniRaftClusterWithGrpc
2022-10-24 03:16:11,760 [Time-limited test] INFO  impl.MiniRaftCluster (MiniRaftCluster.java:start(342)) - ... 
2022-10-24 03:16:11,760 [Time-limited test] INFO  impl.MiniRaftCluster (MiniRaftCluster.java:start(343)) - .............................................................. 
2022-10-24 03:16:11,760 [Time-limited test] INFO  impl.MiniRaftCluster (MiniRaftCluster.java:initServers(318)) - servers = {}
2022-10-24 03:16:11,763 [Time-limited test] INFO  impl.MiniRaftCluster (MiniRaftCluster.java:newRaftServer(382)) - newRaftServer: s3, group-6912872F20E7:[s3|rpc:localhost:39579|admin:localhost:42243|client:localhost:33409|dataStream:localhost:46293|priority:0|startupRole:FOLLOWER, s4|rpc:localhost:45747|admin:localhost:35149|client:localhost:44435|dataStream:localhost:42993|priority:0|startupRole:FOLLOWER, s0|rpc:localhost:36179|admin:localhost:46501|client:localhost:36175|dataStream:localhost:33505|priority:0|startupRole:FOLLOWER, s1|rpc:localhost:36635|admin:localhost:41981|client:localhost:39775|dataStream:localhost:41297|priority:0|startupRole:FOLLOWER, s2|rpc:localhost:36969|admin:localhost:37929|client:localhost:40489|dataStream:localhost:38077|priority:0|startupRole:FOLLOWER], format? true
2022-10-24 03:16:11,765 [Time-limited test] TRACE util.FileUtils (FileUtils.java:deleteFully(170)) - deleteFully target/test/data/7f1448f6/MiniRaftClusterWithGrpc35a71421/s3
2022-10-24 03:16:11,765 [Time-limited test] TRACE util.FileUtils (FileUtils.java:deleteFully(186)) - deleteFully: target/test/data/7f1448f6/MiniRaftClusterWithGrpc35a71421/s3 does not exist.
2022-10-24 03:16:11,765 [Time-limited test] INFO  impl.MiniRaftCluster (MiniRaftCluster.java:newRaftServer(387)) - Formatted directory target/test/data/7f1448f6/MiniRaftClusterWithGrpc35a71421/s3
2022-10-24 03:16:11,785 [Time-limited test] INFO  server.RaftServer (ConfUtils.java:logGet(46)) - raft.rpc.type = GRPC (default)
2022-10-24 03:16:11,882 [Time-limited test] INFO  grpc.GrpcConfigKeys (ConfUtils.java:logFallback(53)) - raft.grpc.admin.host = null (fallback to raft.grpc.server.host)
2022-10-24 03:16:11,884 [Time-limited test] INFO  grpc.GrpcConfigKeys (ConfUtils.java:logGet(46)) - raft.grpc.admin.port = 42243 (custom)
2022-10-24 03:16:11,885 [Time-limited test] INFO  grpc.GrpcConfigKeys (ConfUtils.java:logFallback(53)) - raft.grpc.client.host = null (fallback to raft.grpc.server.host)
2022-10-24 03:16:11,885 [Time-limited test] INFO  grpc.GrpcConfigKeys (ConfUtils.java:logGet(46)) - raft.grpc.client.port = 33409 (custom)
2022-10-24 03:16:11,886 [Time-limited test] INFO  grpc.GrpcConfigKeys (ConfUtils.java:logGet(46)) - raft.grpc.server.host = null (default)
2022-10-24 03:16:11,886 [Time-limited test] INFO  grpc.GrpcConfigKeys (ConfUtils.java:logGet(46)) - raft.grpc.server.port = 39579 (custom)
2022-10-24 03:16:11,887 [Time-limited test] INFO  server.GrpcService (ConfUtils.java:logGet(46)) - raft.grpc.message.size.max = 64MB (=67108864) (default)
2022-10-24 03:16:11,889 [Time-limited test] INFO  server.RaftServerConfigKeys (ConfUtils.java:logGet(46)) - raft.server.log.appender.buffer.byte-limit = 4MB (=4194304) (default)
2022-10-24 03:16:11,890 [Time-limited test] INFO  server.GrpcService (ConfUtils.java:logGet(46)) - raft.grpc.flow.control.window = 1MB (=1048576) (default)
2022-10-24 03:16:11,894 [Time-limited test] INFO  server.RaftServerConfigKeys (ConfUtils.java:logGet(46)) - raft.server.rpc.request.timeout = 3000ms (default)
2022-10-24 03:16:11,912 [Time-limited test] INFO  grpc.GrpcConfigKeys (ConfUtils.java:logGet(46)) - raft.grpc.server.heartbeat.channel = true (default)
2022-10-24 03:16:11,916 [Time-limited test] INFO  grpc.GrpcConfigKeys (ConfUtils.java:logGet(46)) - raft.grpc.server.async.request.thread.pool.cached = true (default)
2022-10-24 03:16:11,916 [Time-limited test] INFO  grpc.GrpcConfigKeys (ConfUtils.java:logGet(46)) - raft.grpc.server.async.request.thread.pool.size = 32 (default)
2022-10-24 03:16:12,119 [Time-limited test] INFO  impl.DataStreamServerImpl (ConfUtils.java:logGet(46)) - raft.datastream.type = DISABLED (default)
2022-10-24 03:16:12,122 [Time-limited test] INFO  server.RaftServerConfigKeys (ConfUtils.java:logGet(46)) - raft.server.threadpool.proxy.cached = true (default)
2022-10-24 03:16:12,123 [Time-limited test] INFO  server.RaftServerConfigKeys (ConfUtils.java:logGet(46)) - raft.server.threadpool.proxy.size = 0 (default)
2022-10-24 03:16:12,124 [Time-limited test] INFO  server.RaftServerConfigKeys (ConfUtils.java:logGet(46)) - raft.server.rpc.slowness.timeout = 60s (default)
2022-10-24 03:16:12,125 [Time-limited test] INFO  server.RaftServerConfigKeys (ConfUtils.java:logGet(46)) - raft.server.leaderelection.leader.step-down.wait-time = 10s (default)
2022-10-24 03:16:12,129 [Time-limited test] INFO  server.RaftServerConfigKeys (ConfUtils.java:logGet(46)) - raft.server.storage.dir = [/home/runner/work/ratis/ratis/ratis-test/target/test/data/7f1448f6/MiniRaftClusterWithGrpc35a71421/s3] (custom)
2022-10-24 03:16:12,145 [Time-limited test] INFO  server.RaftServer (RaftServerProxy.java:addNew(99)) - s3: addNew group-6912872F20E7:[s3|rpc:localhost:39579|admin:localhost:42243|client:localhost:33409|dataStream:localhost:46293|priority:0|startupRole:FOLLOWER, s4|rpc:localhost:45747|admin:localhost:35149|client:localhost:44435|dataStream:localhost:42993|priority:0|startupRole:FOLLOWER, s0|rpc:localhost:36179|admin:localhost:46501|client:localhost:36175|dataStream:localhost:33505|priority:0|startupRole:FOLLOWER, s1|rpc:localhost:36635|admin:localhost:41981|client:localhost:39775|dataStream:localhost:41297|priority:0|startupRole:FOLLOWER, s2|rpc:localhost:36969|admin:localhost:37929|client:localhost:40489|dataStream:localhost:38077|priority:0|startupRole:FOLLOWER] returns group-6912872F20E7:java.util.concurrent.CompletableFuture@515c5b48[Not completed]
2022-10-24 03:16:12,146 [Time-limited test] INFO  impl.MiniRaftCluster (MiniRaftCluster.java:newRaftServer(382)) - newRaftServer: s4, group-6912872F20E7:[s3|rpc:localhost:39579|admin:localhost:42243|client:localhost:33409|dataStream:localhost:46293|priority:0|startupRole:FOLLOWER, s4|rpc:localhost:45747|admin:localhost:35149|client:localhost:44435|dataStream:localhost:42993|priority:0|startupRole:FOLLOWER, s0|rpc:localhost:36179|admin:localhost:46501|client:localhost:36175|dataStream:localhost:33505|priority:0|startupRole:FOLLOWER, s1|rpc:localhost:36635|admin:localhost:41981|client:localhost:39775|dataStream:localhost:41297|priority:0|startupRole:FOLLOWER, s2|rpc:localhost:36969|admin:localhost:37929|client:localhost:40489|dataStream:localhost:38077|priority:0|startupRole:FOLLOWER], format? true
2022-10-24 03:16:12,146 [Time-limited test] TRACE util.FileUtils (FileUtils.java:deleteFully(170)) - deleteFully target/test/data/7f1448f6/MiniRaftClusterWithGrpc35a71421/s4
2022-10-24 03:16:12,146 [Time-limited test] TRACE util.FileUtils (FileUtils.java:deleteFully(186)) - deleteFully: target/test/data/7f1448f6/MiniRaftClusterWithGrpc35a71421/s4 does not exist.
2022-10-24 03:16:12,146 [Time-limited test] INFO  impl.MiniRaftCluster (MiniRaftCluster.java:newRaftServer(387)) - Formatted directory target/test/data/7f1448f6/MiniRaftClusterWithGrpc35a71421/s4
2022-10-24 03:16:12,147 [Time-limited test] INFO  server.RaftServer (ConfUtils.java:logGet(46)) - raft.rpc.type = GRPC (default)
2022-10-24 03:16:12,147 [Time-limited test] INFO  grpc.GrpcConfigKeys (ConfUtils.java:logFallback(53)) - raft.grpc.admin.host = null (fallback to raft.grpc.server.host)
2022-10-24 03:16:12,147 [Time-limited test] INFO  grpc.GrpcConfigKeys (ConfUtils.java:logGet(46)) - raft.grpc.admin.port = 35149 (custom)
2022-10-24 03:16:12,148 [Time-limited test] INFO  grpc.GrpcConfigKeys (ConfUtils.java:logFallback(53)) - raft.grpc.client.host = null (fallback to raft.grpc.server.host)
2022-10-24 03:16:12,149 [Time-limited test] INFO  grpc.GrpcConfigKeys (ConfUtils.java:logGet(46)) - raft.grpc.client.port = 44435 (custom)
2022-10-24 03:16:12,149 [Time-limited test] INFO  grpc.GrpcConfigKeys (ConfUtils.java:logGet(46)) - raft.grpc.server.host = null (default)
2022-10-24 03:16:12,150 [Time-limited test] INFO  grpc.GrpcConfigKeys (ConfUtils.java:logGet(46)) - raft.grpc.server.port = 45747 (custom)
2022-10-24 03:16:12,150 [Time-limited test] INFO  server.GrpcService (ConfUtils.java:logGet(46)) - raft.grpc.message.size.max = 64MB (=67108864) (default)
2022-10-24 03:16:12,151 [Time-limited test] INFO  server.RaftServerConfigKeys (ConfUtils.java:logGet(46)) - raft.server.log.appender.buffer.byte-limit = 4MB (=4194304) (default)
2022-10-24 03:16:12,151 [Time-limited test] INFO  server.GrpcService (ConfUtils.java:logGet(46)) - raft.grpc.flow.control.window = 1MB (=1048576) (default)
2022-10-24 03:16:12,151 [Time-limited test] INFO  server.RaftServerConfigKeys (ConfUtils.java:logGet(46)) - raft.server.rpc.request.timeout = 3000ms (default)
2022-10-24 03:16:12,151 [Time-limited test] INFO  grpc.GrpcConfigKeys (ConfUtils.java:logGet(46)) - raft.grpc.server.heartbeat.channel = true (default)
2022-10-24 03:16:12,151 [Time-limited test] INFO  grpc.GrpcConfigKeys (ConfUtils.java:logGet(46)) - raft.grpc.server.async.request.thread.pool.cached = true (default)
2022-10-24 03:16:12,152 [Time-limited test] INFO  grpc.GrpcConfigKeys (ConfUtils.java:logGet(46)) - raft.grpc.server.async.request.thread.pool.size = 32 (default)
2022-10-24 03:16:12,164 [Time-limited test] INFO  impl.DataStreamServerImpl (ConfUtils.java:logGet(46)) - raft.datastream.type = DISABLED (default)
2022-10-24 03:16:12,164 [Time-limited test] INFO  server.RaftServerConfigKeys (ConfUtils.java:logGet(46)) - raft.server.threadpool.proxy.cached = true (default)
2022-10-24 03:16:12,164 [Time-limited test] INFO  server.RaftServerConfigKeys (ConfUtils.java:logGet(46)) - raft.server.threadpool.proxy.size = 0 (default)
2022-10-24 03:16:12,164 [Time-limited test] INFO  server.RaftServerConfigKeys (ConfUtils.java:logGet(46)) - raft.server.rpc.slowness.timeout = 60s (default)
2022-10-24 03:16:12,165 [Time-limited test] INFO  server.RaftServerConfigKeys (ConfUtils.java:logGet(46)) - raft.server.leaderelection.leader.step-down.wait-time = 10s (default)
2022-10-24 03:16:12,165 [Time-limited test] INFO  server.RaftServerConfigKeys (ConfUtils.java:logGet(46)) - raft.server.storage.dir = [/home/runner/work/ratis/ratis/ratis-test/target/test/data/7f1448f6/MiniRaftClusterWithGrpc35a71421/s4] (custom)
2022-10-24 03:16:12,171 [pool-1-thread-1] INFO  server.RaftServer$Division (RaftServerImpl.java:<init>(198)) - s3: new RaftServerImpl for group-6912872F20E7:[s3|rpc:localhost:39579|admin:localhost:42243|client:localhost:33409|dataStream:localhost:46293|priority:0|startupRole:FOLLOWER, s4|rpc:localhost:45747|admin:localhost:35149|client:localhost:44435|dataStream:localhost:42993|priority:0|startupRole:FOLLOWER, s0|rpc:localhost:36179|admin:localhost:46501|client:localhost:36175|dataStream:localhost:33505|priority:0|startupRole:FOLLOWER, s1|rpc:localhost:36635|admin:localhost:41981|client:localhost:39775|dataStream:localhost:41297|priority:0|startupRole:FOLLOWER, s2|rpc:localhost:36969|admin:localhost:37929|client:localhost:40489|dataStream:localhost:38077|priority:0|startupRole:FOLLOWER] with BaseStateMachine:uninitialized
2022-10-24 03:16:12,175 [Time-limited test] INFO  server.RaftServer (RaftServerProxy.java:addNew(99)) - s4: addNew group-6912872F20E7:[s3|rpc:localhost:39579|admin:localhost:42243|client:localhost:33409|dataStream:localhost:46293|priority:0|startupRole:FOLLOWER, s4|rpc:localhost:45747|admin:localhost:35149|client:localhost:44435|dataStream:localhost:42993|priority:0|startupRole:FOLLOWER, s0|rpc:localhost:36179|admin:localhost:46501|client:localhost:36175|dataStream:localhost:33505|priority:0|startupRole:FOLLOWER, s1|rpc:localhost:36635|admin:localhost:41981|client:localhost:39775|dataStream:localhost:41297|priority:0|startupRole:FOLLOWER, s2|rpc:localhost:36969|admin:localhost:37929|client:localhost:40489|dataStream:localhost:38077|priority:0|startupRole:FOLLOWER] returns group-6912872F20E7:java.util.concurrent.CompletableFuture@78863af[Not completed]
2022-10-24 03:16:12,176 [Time-limited test] INFO  impl.MiniRaftCluster (MiniRaftCluster.java:newRaftServer(382)) - newRaftServer: s0, group-6912872F20E7:[s3|rpc:localhost:39579|admin:localhost:42243|client:localhost:33409|dataStream:localhost:46293|priority:0|startupRole:FOLLOWER, s4|rpc:localhost:45747|admin:localhost:35149|client:localhost:44435|dataStream:localhost:42993|priority:0|startupRole:FOLLOWER, s0|rpc:localhost:36179|admin:localhost:46501|client:localhost:36175|dataStream:localhost:33505|priority:0|startupRole:FOLLOWER, s1|rpc:localhost:36635|admin:localhost:41981|client:localhost:39775|dataStream:localhost:41297|priority:0|startupRole:FOLLOWER, s2|rpc:localhost:36969|admin:localhost:37929|client:localhost:40489|dataStream:localhost:38077|priority:0|startupRole:FOLLOWER], format? true
2022-10-24 03:16:12,176 [Time-limited test] TRACE util.FileUtils (FileUtils.java:deleteFully(170)) - deleteFully target/test/data/7f1448f6/MiniRaftClusterWithGrpc35a71421/s0
2022-10-24 03:16:12,176 [Time-limited test] TRACE util.FileUtils (FileUtils.java:deleteFully(186)) - deleteFully: target/test/data/7f1448f6/MiniRaftClusterWithGrpc35a71421/s0 does not exist.
2022-10-24 03:16:12,176 [Time-limited test] INFO  impl.MiniRaftCluster (MiniRaftCluster.java:newRaftServer(387)) - Formatted directory target/test/data/7f1448f6/MiniRaftClusterWithGrpc35a71421/s0
2022-10-24 03:16:12,177 [Time-limited test] INFO  server.RaftServer (ConfUtils.java:logGet(46)) - raft.rpc.type = GRPC (default)
2022-10-24 03:16:12,177 [Time-limited test] INFO  grpc.GrpcConfigKeys (ConfUtils.java:logFallback(53)) - raft.grpc.admin.host = null (fallback to raft.grpc.server.host)
2022-10-24 03:16:12,177 [Time-limited test] INFO  grpc.GrpcConfigKeys (ConfUtils.java:logGet(46)) - raft.grpc.admin.port = 46501 (custom)
2022-10-24 03:16:12,177 [Time-limited test] INFO  grpc.GrpcConfigKeys (ConfUtils.java:logFallback(53)) - raft.grpc.client.host = null (fallback to raft.grpc.server.host)
2022-10-24 03:16:12,178 [Time-limited test] INFO  grpc.GrpcConfigKeys (ConfUtils.java:logGet(46)) - raft.grpc.client.port = 36175 (custom)
2022-10-24 03:16:12,178 [Time-limited test] INFO  grpc.GrpcConfigKeys (ConfUtils.java:logGet(46)) - raft.grpc.server.host = null (default)
2022-10-24 03:16:12,178 [Time-limited test] INFO  grpc.GrpcConfigKeys (ConfUtils.java:logGet(46)) - raft.grpc.server.port = 36179 (custom)
2022-10-24 03:16:12,178 [Time-limited test] INFO  server.GrpcService (ConfUtils.java:logGet(46)) - raft.grpc.message.size.max = 64MB (=67108864) (default)
2022-10-24 03:16:12,178 [Time-limited test] INFO  server.RaftServerConfigKeys (ConfUtils.java:logGet(46)) - raft.server.log.appender.buffer.byte-limit = 4MB (=4194304) (default)
2022-10-24 03:16:12,179 [Time-limited test] INFO  server.GrpcService (ConfUtils.java:logGet(46)) - raft.grpc.flow.control.window = 1MB (=1048576) (default)
2022-10-24 03:16:12,179 [Time-limited test] INFO  server.RaftServerConfigKeys (ConfUtils.java:logGet(46)) - raft.server.rpc.request.timeout = 3000ms (default)
2022-10-24 03:16:12,179 [Time-limited test] INFO  grpc.GrpcConfigKeys (ConfUtils.java:logGet(46)) - raft.grpc.server.heartbeat.channel = true (default)
2022-10-24 03:16:12,179 [Time-limited test] INFO  grpc.GrpcConfigKeys (ConfUtils.java:logGet(46)) - raft.grpc.server.async.request.thread.pool.cached = true (default)
2022-10-24 03:16:12,179 [Time-limited test] INFO  grpc.GrpcConfigKeys (ConfUtils.java:logGet(46)) - raft.grpc.server.async.request.thread.pool.size = 32 (default)
2022-10-24 03:16:12,182 [Time-limited test] INFO  impl.DataStreamServerImpl (ConfUtils.java:logGet(46)) - raft.datastream.type = DISABLED (default)
2022-10-24 03:16:12,182 [Time-limited test] INFO  server.RaftServerConfigKeys (ConfUtils.java:logGet(46)) - raft.server.threadpool.proxy.cached = true (default)
2022-10-24 03:16:12,182 [Time-limited test] INFO  server.RaftServerConfigKeys (ConfUtils.java:logGet(46)) - raft.server.threadpool.proxy.size = 0 (default)
2022-10-24 03:16:12,183 [Time-limited test] INFO  server.RaftServerConfigKeys (ConfUtils.java:logGet(46)) - raft.server.rpc.slowness.timeout = 60s (default)
2022-10-24 03:16:12,183 [Time-limited test] INFO  server.RaftServerConfigKeys (ConfUtils.java:logGet(46)) - raft.server.leaderelection.leader.step-down.wait-time = 10s (default)
2022-10-24 03:16:12,183 [Time-limited test] INFO  server.RaftServerConfigKeys (ConfUtils.java:logGet(46)) - raft.server.storage.dir = [/home/runner/work/ratis/ratis/ratis-test/target/test/data/7f1448f6/MiniRaftClusterWithGrpc35a71421/s0] (custom)
2022-10-24 03:16:12,182 [pool-2-thread-1] INFO  server.RaftServer$Division (RaftServerImpl.java:<init>(198)) - s4: new RaftServerImpl for group-6912872F20E7:[s3|rpc:localhost:39579|admin:localhost:42243|client:localhost:33409|dataStream:localhost:46293|priority:0|startupRole:FOLLOWER, s4|rpc:localhost:45747|admin:localhost:35149|client:localhost:44435|dataStream:localhost:42993|priority:0|startupRole:FOLLOWER, s0|rpc:localhost:36179|admin:localhost:46501|client:localhost:36175|dataStream:localhost:33505|priority:0|startupRole:FOLLOWER, s1|rpc:localhost:36635|admin:localhost:41981|client:localhost:39775|dataStream:localhost:41297|priority:0|startupRole:FOLLOWER, s2|rpc:localhost:36969|admin:localhost:37929|client:localhost:40489|dataStream:localhost:38077|priority:0|startupRole:FOLLOWER] with BaseStateMachine:uninitialized
2022-10-24 03:16:12,189 [Time-limited test] INFO  server.RaftServer (RaftServerProxy.java:addNew(99)) - s0: addNew group-6912872F20E7:[s3|rpc:localhost:39579|admin:localhost:42243|client:localhost:33409|dataStream:localhost:46293|priority:0|startupRole:FOLLOWER, s4|rpc:localhost:45747|admin:localhost:35149|client:localhost:44435|dataStream:localhost:42993|priority:0|startupRole:FOLLOWER, s0|rpc:localhost:36179|admin:localhost:46501|client:localhost:36175|dataStream:localhost:33505|priority:0|startupRole:FOLLOWER, s1|rpc:localhost:36635|admin:localhost:41981|client:localhost:39775|dataStream:localhost:41297|priority:0|startupRole:FOLLOWER, s2|rpc:localhost:36969|admin:localhost:37929|client:localhost:40489|dataStream:localhost:38077|priority:0|startupRole:FOLLOWER] returns group-6912872F20E7:java.util.concurrent.CompletableFuture@7fd267f2[Not completed]
2022-10-24 03:16:12,189 [Time-limited test] INFO  impl.MiniRaftCluster (MiniRaftCluster.java:newRaftServer(382)) - newRaftServer: s1, group-6912872F20E7:[s3|rpc:localhost:39579|admin:localhost:42243|client:localhost:33409|dataStream:localhost:46293|priority:0|startupRole:FOLLOWER, s4|rpc:localhost:45747|admin:localhost:35149|client:localhost:44435|dataStream:localhost:42993|priority:0|startupRole:FOLLOWER, s0|rpc:localhost:36179|admin:localhost:46501|client:localhost:36175|dataStream:localhost:33505|priority:0|startupRole:FOLLOWER, s1|rpc:localhost:36635|admin:localhost:41981|client:localhost:39775|dataStream:localhost:41297|priority:0|startupRole:FOLLOWER, s2|rpc:localhost:36969|admin:localhost:37929|client:localhost:40489|dataStream:localhost:38077|priority:0|startupRole:FOLLOWER], format? true
2022-10-24 03:16:12,189 [Time-limited test] TRACE util.FileUtils (FileUtils.java:deleteFully(170)) - deleteFully target/test/data/7f1448f6/MiniRaftClusterWithGrpc35a71421/s1
2022-10-24 03:16:12,189 [pool-2-thread-1] INFO  server.RaftServerConfigKeys (ConfUtils.java:logGet(46)) - raft.server.rpc.timeout.min = 150ms (default)
2022-10-24 03:16:12,192 [pool-2-thread-1] INFO  server.RaftServerConfigKeys (ConfUtils.java:logGet(46)) - raft.server.rpc.timeout.max = 300ms (default)
2022-10-24 03:16:12,192 [pool-2-thread-1] INFO  server.RaftServerConfigKeys (ConfUtils.java:logGet(46)) - raft.server.rpc.sleep.time = 25ms (default)
2022-10-24 03:16:12,192 [pool-2-thread-1] INFO  server.RaftServerConfigKeys (ConfUtils.java:logGet(46)) - raft.server.rpc.slowness.timeout = 60s (default)
2022-10-24 03:16:12,193 [pool-3-thread-1] INFO  server.RaftServer$Division (RaftServerImpl.java:<init>(198)) - s0: new RaftServerImpl for group-6912872F20E7:[s3|rpc:localhost:39579|admin:localhost:42243|client:localhost:33409|dataStream:localhost:46293|priority:0|startupRole:FOLLOWER, s4|rpc:localhost:45747|admin:localhost:35149|client:localhost:44435|dataStream:localhost:42993|priority:0|startupRole:FOLLOWER, s0|rpc:localhost:36179|admin:localhost:46501|client:localhost:36175|dataStream:localhost:33505|priority:0|startupRole:FOLLOWER, s1|rpc:localhost:36635|admin:localhost:41981|client:localhost:39775|dataStream:localhost:41297|priority:0|startupRole:FOLLOWER, s2|rpc:localhost:36969|admin:localhost:37929|client:localhost:40489|dataStream:localhost:38077|priority:0|startupRole:FOLLOWER] with BaseStateMachine:uninitialized
2022-10-24 03:16:12,193 [pool-3-thread-1] INFO  server.RaftServerConfigKeys (ConfUtils.java:logGet(46)) - raft.server.rpc.timeout.min = 150ms (default)
2022-10-24 03:16:12,193 [pool-3-thread-1] INFO  server.RaftServerConfigKeys (ConfUtils.java:logGet(46)) - raft.server.rpc.timeout.max = 300ms (default)
2022-10-24 03:16:12,193 [pool-3-thread-1] INFO  server.RaftServerConfigKeys (ConfUtils.java:logGet(46)) - raft.server.rpc.sleep.time = 25ms (default)
2022-10-24 03:16:12,193 [pool-3-thread-1] INFO  server.RaftServerConfigKeys (ConfUtils.java:logGet(46)) - raft.server.rpc.slowness.timeout = 60s (default)
2022-10-24 03:16:12,193 [pool-3-thread-1] INFO  server.RaftServerConfigKeys (ConfUtils.java:logGet(46)) - raft.server.leaderelection.leader.step-down.wait-time = 10s (default)
2022-10-24 03:16:12,194 [pool-3-thread-1] INFO  server.RaftServerConfigKeys (ConfUtils.java:logGet(46)) - raft.server.sleep.deviation.threshold = 300ms (default)
2022-10-24 03:16:12,189 [pool-1-thread-1] INFO  server.RaftServerConfigKeys (ConfUtils.java:logGet(46)) - raft.server.rpc.timeout.min = 150ms (default)
2022-10-24 03:16:12,190 [Time-limited test] TRACE util.FileUtils (FileUtils.java:deleteFully(186)) - deleteFully: target/test/data/7f1448f6/MiniRaftClusterWithGrpc35a71421/s1 does not exist.
2022-10-24 03:16:12,196 [pool-1-thread-1] INFO  server.RaftServerConfigKeys (ConfUtils.java:logGet(46)) - raft.server.rpc.timeout.max = 300ms (default)
2022-10-24 03:16:12,193 [pool-2-thread-1] INFO  server.RaftServerConfigKeys (ConfUtils.java:logGet(46)) - raft.server.leaderelection.leader.step-down.wait-time = 10s (default)
2022-10-24 03:16:12,196 [pool-1-thread-1] INFO  server.RaftServerConfigKeys (ConfUtils.java:logGet(46)) - raft.server.rpc.sleep.time = 25ms (default)
2022-10-24 03:16:12,196 [Time-limited test] INFO  impl.MiniRaftCluster (MiniRaftCluster.java:newRaftServer(387)) - Formatted directory target/test/data/7f1448f6/MiniRaftClusterWithGrpc35a71421/s1
2022-10-24 03:16:12,196 [pool-1-thread-1] INFO  server.RaftServerConfigKeys (ConfUtils.java:logGet(46)) - raft.server.rpc.slowness.timeout = 60s (default)
2022-10-24 03:16:12,197 [pool-1-thread-1] INFO  server.RaftServerConfigKeys (ConfUtils.java:logGet(46)) - raft.server.leaderelection.leader.step-down.wait-time = 10s (default)
2022-10-24 03:16:12,197 [pool-1-thread-1] INFO  server.RaftServerConfigKeys (ConfUtils.java:logGet(46)) - raft.server.sleep.deviation.threshold = 300ms (default)
2022-10-24 03:16:12,196 [pool-2-thread-1] INFO  server.RaftServerConfigKeys (ConfUtils.java:logGet(46)) - raft.server.sleep.deviation.threshold = 300ms (default)
2022-10-24 03:16:12,197 [Time-limited test] INFO  server.RaftServer (ConfUtils.java:logGet(46)) - raft.rpc.type = GRPC (default)
2022-10-24 03:16:12,198 [Time-limited test] INFO  grpc.GrpcConfigKeys (ConfUtils.java:logFallback(53)) - raft.grpc.admin.host = null (fallback to raft.grpc.server.host)
2022-10-24 03:16:12,198 [Time-limited test] INFO  grpc.GrpcConfigKeys (ConfUtils.java:logGet(46)) - raft.grpc.admin.port = 41981 (custom)
2022-10-24 03:16:12,198 [Time-limited test] INFO  grpc.GrpcConfigKeys (ConfUtils.java:logFallback(53)) - raft.grpc.client.host = null (fallback to raft.grpc.server.host)
2022-10-24 03:16:12,199 [Time-limited test] INFO  grpc.GrpcConfigKeys (ConfUtils.java:logGet(46)) - raft.grpc.client.port = 39775 (custom)
2022-10-24 03:16:12,199 [Time-limited test] INFO  grpc.GrpcConfigKeys (ConfUtils.java:logGet(46)) - raft.grpc.server.host = null (default)
2022-10-24 03:16:12,199 [Time-limited test] INFO  grpc.GrpcConfigKeys (ConfUtils.java:logGet(46)) - raft.grpc.server.port = 36635 (custom)
2022-10-24 03:16:12,199 [Time-limited test] INFO  server.GrpcService (ConfUtils.java:logGet(46)) - raft.grpc.message.size.max = 64MB (=67108864) (default)
2022-10-24 03:16:12,200 [Time-limited test] INFO  server.RaftServerConfigKeys (ConfUtils.java:logGet(46)) - raft.server.log.appender.buffer.byte-limit = 4MB (=4194304) (default)
2022-10-24 03:16:12,200 [Time-limited test] INFO  server.GrpcService (ConfUtils.java:logGet(46)) - raft.grpc.flow.control.window = 1MB (=1048576) (default)
2022-10-24 03:16:12,200 [Time-limited test] INFO  server.RaftServerConfigKeys (ConfUtils.java:logGet(46)) - raft.server.rpc.request.timeout = 3000ms (default)
2022-10-24 03:16:12,200 [Time-limited test] INFO  grpc.GrpcConfigKeys (ConfUtils.java:logGet(46)) - raft.grpc.server.heartbeat.channel = true (default)
2022-10-24 03:16:12,201 [Time-limited test] INFO  grpc.GrpcConfigKeys (ConfUtils.java:logGet(46)) - raft.grpc.server.async.request.thread.pool.cached = true (default)
2022-10-24 03:16:12,201 [Time-limited test] INFO  grpc.GrpcConfigKeys (ConfUtils.java:logGet(46)) - raft.grpc.server.async.request.thread.pool.size = 32 (default)
2022-10-24 03:16:12,203 [Time-limited test] INFO  impl.DataStreamServerImpl (ConfUtils.java:logGet(46)) - raft.datastream.type = DISABLED (default)
2022-10-24 03:16:12,203 [Time-limited test] INFO  server.RaftServerConfigKeys (ConfUtils.java:logGet(46)) - raft.server.threadpool.proxy.cached = true (default)
2022-10-24 03:16:12,203 [Time-limited test] INFO  server.RaftServerConfigKeys (ConfUtils.java:logGet(46)) - raft.server.threadpool.proxy.size = 0 (default)
2022-10-24 03:16:12,203 [Time-limited test] INFO  server.RaftServerConfigKeys (ConfUtils.java:logGet(46)) - raft.server.rpc.slowness.timeout = 60s (default)
2022-10-24 03:16:12,207 [Time-limited test] INFO  server.RaftServerConfigKeys (ConfUtils.java:logGet(46)) - raft.server.leaderelection.leader.step-down.wait-time = 10s (default)
2022-10-24 03:16:12,207 [Time-limited test] INFO  server.RaftServerConfigKeys (ConfUtils.java:logGet(46)) - raft.server.storage.dir = [/home/runner/work/ratis/ratis/ratis-test/target/test/data/7f1448f6/MiniRaftClusterWithGrpc35a71421/s1] (custom)
2022-10-24 03:16:12,208 [pool-3-thread-1] INFO  server.RaftServer$Division (ServerState.java:<init>(113)) - s0@group-6912872F20E7: ConfigurationManager, init=-1: peers:[s3|rpc:localhost:39579|admin:localhost:42243|client:localhost:33409|dataStream:localhost:46293|priority:0|startupRole:FOLLOWER, s4|rpc:localhost:45747|admin:localhost:35149|client:localhost:44435|dataStream:localhost:42993|priority:0|startupRole:FOLLOWER, s0|rpc:localhost:36179|admin:localhost:46501|client:localhost:36175|dataStream:localhost:33505|priority:0|startupRole:FOLLOWER, s1|rpc:localhost:36635|admin:localhost:41981|client:localhost:39775|dataStream:localhost:41297|priority:0|startupRole:FOLLOWER, s2|rpc:localhost:36969|admin:localhost:37929|client:localhost:40489|dataStream:localhost:38077|priority:0|startupRole:FOLLOWER]|listeners:[], old=null, confs=<EMPTY_MAP>
2022-10-24 03:16:12,211 [pool-3-thread-1] INFO  server.RaftServerConfigKeys (ConfUtils.java:logGet(46)) - raft.server.notification.no-leader.timeout = 60s (default)
2022-10-24 03:16:12,212 [pool-2-thread-1] INFO  server.RaftServer$Division (ServerState.java:<init>(113)) - s4@group-6912872F20E7: ConfigurationManager, init=-1: peers:[s3|rpc:localhost:39579|admin:localhost:42243|client:localhost:33409|dataStream:localhost:46293|priority:0|startupRole:FOLLOWER, s4|rpc:localhost:45747|admin:localhost:35149|client:localhost:44435|dataStream:localhost:42993|priority:0|startupRole:FOLLOWER, s0|rpc:localhost:36179|admin:localhost:46501|client:localhost:36175|dataStream:localhost:33505|priority:0|startupRole:FOLLOWER, s1|rpc:localhost:36635|admin:localhost:41981|client:localhost:39775|dataStream:localhost:41297|priority:0|startupRole:FOLLOWER, s2|rpc:localhost:36969|admin:localhost:37929|client:localhost:40489|dataStream:localhost:38077|priority:0|startupRole:FOLLOWER]|listeners:[], old=null, confs=<EMPTY_MAP>
2022-10-24 03:16:12,220 [pool-2-thread-1] INFO  server.RaftServerConfigKeys (ConfUtils.java:logGet(46)) - raft.server.notification.no-leader.timeout = 60s (default)
2022-10-24 03:16:12,220 [pool-2-thread-1] INFO  server.RaftServerConfigKeys (ConfUtils.java:logGet(46)) - raft.server.read.timeout = 10s (default)
2022-10-24 03:16:12,220 [pool-1-thread-1] INFO  server.RaftServer$Division (ServerState.java:<init>(113)) - s3@group-6912872F20E7: ConfigurationManager, init=-1: peers:[s3|rpc:localhost:39579|admin:localhost:42243|client:localhost:33409|dataStream:localhost:46293|priority:0|startupRole:FOLLOWER, s4|rpc:localhost:45747|admin:localhost:35149|client:localhost:44435|dataStream:localhost:42993|priority:0|startupRole:FOLLOWER, s0|rpc:localhost:36179|admin:localhost:46501|client:localhost:36175|dataStream:localhost:33505|priority:0|startupRole:FOLLOWER, s1|rpc:localhost:36635|admin:localhost:41981|client:localhost:39775|dataStream:localhost:41297|priority:0|startupRole:FOLLOWER, s2|rpc:localhost:36969|admin:localhost:37929|client:localhost:40489|dataStream:localhost:38077|priority:0|startupRole:FOLLOWER]|listeners:[], old=null, confs=<EMPTY_MAP>
2022-10-24 03:16:12,222 [pool-1-thread-1] INFO  server.RaftServerConfigKeys (ConfUtils.java:logGet(46)) - raft.server.notification.no-leader.timeout = 60s (default)
2022-10-24 03:16:12,222 [pool-1-thread-1] INFO  server.RaftServerConfigKeys (ConfUtils.java:logGet(46)) - raft.server.read.timeout = 10s (default)
2022-10-24 03:16:12,216 [pool-4-thread-1] INFO  server.RaftServer$Division (RaftServerImpl.java:<init>(198)) - s1: new RaftServerImpl for group-6912872F20E7:[s3|rpc:localhost:39579|admin:localhost:42243|client:localhost:33409|dataStream:localhost:46293|priority:0|startupRole:FOLLOWER, s4|rpc:localhost:45747|admin:localhost:35149|client:localhost:44435|dataStream:localhost:42993|priority:0|startupRole:FOLLOWER, s0|rpc:localhost:36179|admin:localhost:46501|client:localhost:36175|dataStream:localhost:33505|priority:0|startupRole:FOLLOWER, s1|rpc:localhost:36635|admin:localhost:41981|client:localhost:39775|dataStream:localhost:41297|priority:0|startupRole:FOLLOWER, s2|rpc:localhost:36969|admin:localhost:37929|client:localhost:40489|dataStream:localhost:38077|priority:0|startupRole:FOLLOWER] with BaseStateMachine:uninitialized
2022-10-24 03:16:12,216 [Time-limited test] INFO  server.RaftServer (RaftServerProxy.java:addNew(99)) - s1: addNew group-6912872F20E7:[s3|rpc:localhost:39579|admin:localhost:42243|client:localhost:33409|dataStream:localhost:46293|priority:0|startupRole:FOLLOWER, s4|rpc:localhost:45747|admin:localhost:35149|client:localhost:44435|dataStream:localhost:42993|priority:0|startupRole:FOLLOWER, s0|rpc:localhost:36179|admin:localhost:46501|client:localhost:36175|dataStream:localhost:33505|priority:0|startupRole:FOLLOWER, s1|rpc:localhost:36635|admin:localhost:41981|client:localhost:39775|dataStream:localhost:41297|priority:0|startupRole:FOLLOWER, s2|rpc:localhost:36969|admin:localhost:37929|client:localhost:40489|dataStream:localhost:38077|priority:0|startupRole:FOLLOWER] returns group-6912872F20E7:java.util.concurrent.CompletableFuture@268e7f87[Not completed]
2022-10-24 03:16:12,215 [pool-3-thread-1] INFO  server.RaftServerConfigKeys (ConfUtils.java:logGet(46)) - raft.server.read.timeout = 10s (default)
2022-10-24 03:16:12,227 [pool-3-thread-1] INFO  server.RaftServerConfigKeys (ConfUtils.java:logGet(46)) - raft.server.retrycache.expirytime = 60s (default)
2022-10-24 03:16:12,228 [pool-3-thread-1] INFO  server.RaftServerConfigKeys (ConfUtils.java:logGet(46)) - raft.server.retrycache.statistics.expirytime = 100μs (default)
2022-10-24 03:16:12,224 [pool-2-thread-1] INFO  server.RaftServerConfigKeys (ConfUtils.java:logGet(46)) - raft.server.retrycache.expirytime = 60s (default)
2022-10-24 03:16:12,241 [pool-2-thread-1] INFO  server.RaftServerConfigKeys (ConfUtils.java:logGet(46)) - raft.server.retrycache.statistics.expirytime = 100μs (default)
2022-10-24 03:16:12,224 [pool-1-thread-1] INFO  server.RaftServerConfigKeys (ConfUtils.java:logGet(46)) - raft.server.retrycache.expirytime = 60s (default)
2022-10-24 03:16:12,241 [pool-1-thread-1] INFO  server.RaftServerConfigKeys (ConfUtils.java:logGet(46)) - raft.server.retrycache.statistics.expirytime = 100μs (default)
2022-10-24 03:16:12,245 [Time-limited test] INFO  impl.MiniRaftCluster (MiniRaftCluster.java:newRaftServer(382)) - newRaftServer: s2, group-6912872F20E7:[s3|rpc:localhost:39579|admin:localhost:42243|client:localhost:33409|dataStream:localhost:46293|priority:0|startupRole:FOLLOWER, s4|rpc:localhost:45747|admin:localhost:35149|client:localhost:44435|dataStream:localhost:42993|priority:0|startupRole:FOLLOWER, s0|rpc:localhost:36179|admin:localhost:46501|client:localhost:36175|dataStream:localhost:33505|priority:0|startupRole:FOLLOWER, s1|rpc:localhost:36635|admin:localhost:41981|client:localhost:39775|dataStream:localhost:41297|priority:0|startupRole:FOLLOWER, s2|rpc:localhost:36969|admin:localhost:37929|client:localhost:40489|dataStream:localhost:38077|priority:0|startupRole:FOLLOWER], format? true
2022-10-24 03:16:12,245 [Time-limited test] TRACE util.FileUtils (FileUtils.java:deleteFully(170)) - deleteFully target/test/data/7f1448f6/MiniRaftClusterWithGrpc35a71421/s2
2022-10-24 03:16:12,245 [Time-limited test] TRACE util.FileUtils (FileUtils.java:deleteFully(186)) - deleteFully: target/test/data/7f1448f6/MiniRaftClusterWithGrpc35a71421/s2 does not exist.
2022-10-24 03:16:12,245 [Time-limited test] INFO  impl.MiniRaftCluster (MiniRaftCluster.java:newRaftServer(387)) - Formatted directory target/test/data/7f1448f6/MiniRaftClusterWithGrpc35a71421/s2
2022-10-24 03:16:12,246 [pool-4-thread-1] INFO  server.RaftServerConfigKeys (ConfUtils.java:logGet(46)) - raft.server.rpc.timeout.min = 150ms (default)
2022-10-24 03:16:12,248 [pool-4-thread-1] INFO  server.RaftServerConfigKeys (ConfUtils.java:logGet(46)) - raft.server.rpc.timeout.max = 300ms (default)
2022-10-24 03:16:12,248 [pool-4-thread-1] INFO  server.RaftServerConfigKeys (ConfUtils.java:logGet(46)) - raft.server.rpc.sleep.time = 25ms (default)
2022-10-24 03:16:12,250 [pool-4-thread-1] INFO  server.RaftServerConfigKeys (ConfUtils.java:logGet(46)) - raft.server.rpc.slowness.timeout = 60s (default)
2022-10-24 03:16:12,251 [pool-4-thread-1] INFO  server.RaftServerConfigKeys (ConfUtils.java:logGet(46)) - raft.server.leaderelection.leader.step-down.wait-time = 10s (default)
2022-10-24 03:16:12,251 [pool-4-thread-1] INFO  server.RaftServerConfigKeys (ConfUtils.java:logGet(46)) - raft.server.sleep.deviation.threshold = 300ms (default)
2022-10-24 03:16:12,251 [pool-4-thread-1] INFO  server.RaftServer$Division (ServerState.java:<init>(113)) - s1@group-6912872F20E7: ConfigurationManager, init=-1: peers:[s3|rpc:localhost:39579|admin:localhost:42243|client:localhost:33409|dataStream:localhost:46293|priority:0|startupRole:FOLLOWER, s4|rpc:localhost:45747|admin:localhost:35149|client:localhost:44435|dataStream:localhost:42993|priority:0|startupRole:FOLLOWER, s0|rpc:localhost:36179|admin:localhost:46501|client:localhost:36175|dataStream:localhost:33505|priority:0|startupRole:FOLLOWER, s1|rpc:localhost:36635|admin:localhost:41981|client:localhost:39775|dataStream:localhost:41297|priority:0|startupRole:FOLLOWER, s2|rpc:localhost:36969|admin:localhost:37929|client:localhost:40489|dataStream:localhost:38077|priority:0|startupRole:FOLLOWER]|listeners:[], old=null, confs=<EMPTY_MAP>
2022-10-24 03:16:12,251 [pool-4-thread-1] INFO  server.RaftServerConfigKeys (ConfUtils.java:logGet(46)) - raft.server.notification.no-leader.timeout = 60s (default)
2022-10-24 03:16:12,251 [pool-4-thread-1] INFO  server.RaftServerConfigKeys (ConfUtils.java:logGet(46)) - raft.server.read.timeout = 10s (default)
2022-10-24 03:16:12,251 [pool-4-thread-1] INFO  server.RaftServerConfigKeys (ConfUtils.java:logGet(46)) - raft.server.retrycache.expirytime = 60s (default)
2022-10-24 03:16:12,251 [pool-4-thread-1] INFO  server.RaftServerConfigKeys (ConfUtils.java:logGet(46)) - raft.server.retrycache.statistics.expirytime = 100μs (default)
2022-10-24 03:16:12,247 [Time-limited test] INFO  server.RaftServer (ConfUtils.java:logGet(46)) - raft.rpc.type = GRPC (default)
2022-10-24 03:16:12,256 [Time-limited test] INFO  grpc.GrpcConfigKeys (ConfUtils.java:logFallback(53)) - raft.grpc.admin.host = null (fallback to raft.grpc.server.host)
2022-10-24 03:16:12,256 [Time-limited test] INFO  grpc.GrpcConfigKeys (ConfUtils.java:logGet(46)) - raft.grpc.admin.port = 37929 (custom)
2022-10-24 03:16:12,256 [Time-limited test] INFO  grpc.GrpcConfigKeys (ConfUtils.java:logFallback(53)) - raft.grpc.client.host = null (fallback to raft.grpc.server.host)
2022-10-24 03:16:12,257 [Time-limited test] INFO  grpc.GrpcConfigKeys (ConfUtils.java:logGet(46)) - raft.grpc.client.port = 40489 (custom)
2022-10-24 03:16:12,257 [Time-limited test] INFO  grpc.GrpcConfigKeys (ConfUtils.java:logGet(46)) - raft.grpc.server.host = null (default)
2022-10-24 03:16:12,257 [Time-limited test] INFO  grpc.GrpcConfigKeys (ConfUtils.java:logGet(46)) - raft.grpc.server.port = 36969 (custom)
2022-10-24 03:16:12,257 [Time-limited test] INFO  server.GrpcService (ConfUtils.java:logGet(46)) - raft.grpc.message.size.max = 64MB (=67108864) (default)
2022-10-24 03:16:12,257 [Time-limited test] INFO  server.RaftServerConfigKeys (ConfUtils.java:logGet(46)) - raft.server.log.appender.buffer.byte-limit = 4MB (=4194304) (default)
2022-10-24 03:16:12,258 [Time-limited test] INFO  server.GrpcService (ConfUtils.java:logGet(46)) - raft.grpc.flow.control.window = 1MB (=1048576) (default)
2022-10-24 03:16:12,258 [Time-limited test] INFO  server.RaftServerConfigKeys (ConfUtils.java:logGet(46)) - raft.server.rpc.request.timeout = 3000ms (default)
2022-10-24 03:16:12,258 [Time-limited test] INFO  grpc.GrpcConfigKeys (ConfUtils.java:logGet(46)) - raft.grpc.server.heartbeat.channel = true (default)
2022-10-24 03:16:12,258 [Time-limited test] INFO  grpc.GrpcConfigKeys (ConfUtils.java:logGet(46)) - raft.grpc.server.async.request.thread.pool.cached = true (default)
2022-10-24 03:16:12,258 [Time-limited test] INFO  grpc.GrpcConfigKeys (ConfUtils.java:logGet(46)) - raft.grpc.server.async.request.thread.pool.size = 32 (default)
2022-10-24 03:16:12,265 [Time-limited test] INFO  impl.DataStreamServerImpl (ConfUtils.java:logGet(46)) - raft.datastream.type = DISABLED (default)
2022-10-24 03:16:12,266 [pool-2-thread-1] INFO  server.RaftServerConfigKeys (ConfUtils.java:logGet(46)) - raft.server.read.option = DEFAULT (default)
2022-10-24 03:16:12,266 [pool-4-thread-1] INFO  server.RaftServerConfigKeys (ConfUtils.java:logGet(46)) - raft.server.read.option = DEFAULT (default)
2022-10-24 03:16:12,266 [pool-3-thread-1] INFO  server.RaftServerConfigKeys (ConfUtils.java:logGet(46)) - raft.server.read.option = DEFAULT (default)
2022-10-24 03:16:12,270 [Time-limited test] INFO  server.RaftServerConfigKeys (ConfUtils.java:logGet(46)) - raft.server.threadpool.proxy.cached = true (default)
2022-10-24 03:16:12,270 [Time-limited test] INFO  server.RaftServerConfigKeys (ConfUtils.java:logGet(46)) - raft.server.threadpool.proxy.size = 0 (default)
2022-10-24 03:16:12,270 [Time-limited test] INFO  server.RaftServerConfigKeys (ConfUtils.java:logGet(46)) - raft.server.rpc.slowness.timeout = 60s (default)
2022-10-24 03:16:12,270 [Time-limited test] INFO  server.RaftServerConfigKeys (ConfUtils.java:logGet(46)) - raft.server.leaderelection.leader.step-down.wait-time = 10s (default)
2022-10-24 03:16:12,271 [Time-limited test] INFO  server.RaftServerConfigKeys (ConfUtils.java:logGet(46)) - raft.server.storage.dir = [/home/runner/work/ratis/ratis/ratis-test/target/test/data/7f1448f6/MiniRaftClusterWithGrpc35a71421/s2] (custom)
2022-10-24 03:16:12,281 [Time-limited test] INFO  server.RaftServer (RaftServerProxy.java:addNew(99)) - s2: addNew group-6912872F20E7:[s3|rpc:localhost:39579|admin:localhost:42243|client:localhost:33409|dataStream:localhost:46293|priority:0|startupRole:FOLLOWER, s4|rpc:localhost:45747|admin:localhost:35149|client:localhost:44435|dataStream:localhost:42993|priority:0|startupRole:FOLLOWER, s0|rpc:localhost:36179|admin:localhost:46501|client:localhost:36175|dataStream:localhost:33505|priority:0|startupRole:FOLLOWER, s1|rpc:localhost:36635|admin:localhost:41981|client:localhost:39775|dataStream:localhost:41297|priority:0|startupRole:FOLLOWER, s2|rpc:localhost:36969|admin:localhost:37929|client:localhost:40489|dataStream:localhost:38077|priority:0|startupRole:FOLLOWER] returns group-6912872F20E7:java.util.concurrent.CompletableFuture@4657ed63[Not completed]
2022-10-24 03:16:12,284 [pool-5-thread-1] INFO  server.RaftServer$Division (RaftServerImpl.java:<init>(198)) - s2: new RaftServerImpl for group-6912872F20E7:[s3|rpc:localhost:39579|admin:localhost:42243|client:localhost:33409|dataStream:localhost:46293|priority:0|startupRole:FOLLOWER, s4|rpc:localhost:45747|admin:localhost:35149|client:localhost:44435|dataStream:localhost:42993|priority:0|startupRole:FOLLOWER, s0|rpc:localhost:36179|admin:localhost:46501|client:localhost:36175|dataStream:localhost:33505|priority:0|startupRole:FOLLOWER, s1|rpc:localhost:36635|admin:localhost:41981|client:localhost:39775|dataStream:localhost:41297|priority:0|startupRole:FOLLOWER, s2|rpc:localhost:36969|admin:localhost:37929|client:localhost:40489|dataStream:localhost:38077|priority:0|startupRole:FOLLOWER] with BaseStateMachine:uninitialized
2022-10-24 03:16:12,284 [pool-5-thread-1] INFO  server.RaftServerConfigKeys (ConfUtils.java:logGet(46)) - raft.server.rpc.timeout.min = 150ms (default)
2022-10-24 03:16:12,285 [pool-5-thread-1] INFO  server.RaftServerConfigKeys (ConfUtils.java:logGet(46)) - raft.server.rpc.timeout.max = 300ms (default)
2022-10-24 03:16:12,285 [pool-5-thread-1] INFO  server.RaftServerConfigKeys (ConfUtils.java:logGet(46)) - raft.server.rpc.sleep.time = 25ms (default)
2022-10-24 03:16:12,285 [pool-5-thread-1] INFO  server.RaftServerConfigKeys (ConfUtils.java:logGet(46)) - raft.server.rpc.slowness.timeout = 60s (default)
2022-10-24 03:16:12,285 [pool-5-thread-1] INFO  server.RaftServerConfigKeys (ConfUtils.java:logGet(46)) - raft.server.leaderelection.leader.step-down.wait-time = 10s (default)
2022-10-24 03:16:12,285 [pool-5-thread-1] INFO  server.RaftServerConfigKeys (ConfUtils.java:logGet(46)) - raft.server.sleep.deviation.threshold = 300ms (default)
2022-10-24 03:16:12,285 [pool-5-thread-1] INFO  server.RaftServer$Division (ServerState.java:<init>(113)) - s2@group-6912872F20E7: ConfigurationManager, init=-1: peers:[s3|rpc:localhost:39579|admin:localhost:42243|client:localhost:33409|dataStream:localhost:46293|priority:0|startupRole:FOLLOWER, s4|rpc:localhost:45747|admin:localhost:35149|client:localhost:44435|dataStream:localhost:42993|priority:0|startupRole:FOLLOWER, s0|rpc:localhost:36179|admin:localhost:46501|client:localhost:36175|dataStream:localhost:33505|priority:0|startupRole:FOLLOWER, s1|rpc:localhost:36635|admin:localhost:41981|client:localhost:39775|dataStream:localhost:41297|priority:0|startupRole:FOLLOWER, s2|rpc:localhost:36969|admin:localhost:37929|client:localhost:40489|dataStream:localhost:38077|priority:0|startupRole:FOLLOWER]|listeners:[], old=null, confs=<EMPTY_MAP>
2022-10-24 03:16:12,285 [pool-5-thread-1] INFO  server.RaftServerConfigKeys (ConfUtils.java:logGet(46)) - raft.server.notification.no-leader.timeout = 60s (default)
2022-10-24 03:16:12,286 [pool-5-thread-1] INFO  server.RaftServerConfigKeys (ConfUtils.java:logGet(46)) - raft.server.read.timeout = 10s (default)
2022-10-24 03:16:12,286 [pool-5-thread-1] INFO  server.RaftServerConfigKeys (ConfUtils.java:logGet(46)) - raft.server.retrycache.expirytime = 60s (default)
2022-10-24 03:16:12,286 [pool-5-thread-1] INFO  server.RaftServerConfigKeys (ConfUtils.java:logGet(46)) - raft.server.retrycache.statistics.expirytime = 100μs (default)
2022-10-24 03:16:12,286 [pool-5-thread-1] INFO  server.RaftServerConfigKeys (ConfUtils.java:logGet(46)) - raft.server.read.option = DEFAULT (default)
2022-10-24 03:16:12,286 [pool-2-thread-1] INFO  metrics.MetricRegistries (MetricRegistriesLoader.java:load(64)) - Loaded MetricRegistries class org.apache.ratis.metrics.impl.MetricRegistriesImpl
2022-10-24 03:16:12,290 [pool-1-thread-1] INFO  server.RaftServerConfigKeys (ConfUtils.java:logGet(46)) - raft.server.read.option = DEFAULT (default)
2022-10-24 03:16:12,455 [pool-3-thread-1] INFO  server.RaftServerConfigKeys (ConfUtils.java:logGet(46)) - raft.server.log.appender.install.snapshot.enabled = true (default)
2022-10-24 03:16:12,455 [pool-3-thread-1] INFO  server.RaftServerConfigKeys (ConfUtils.java:logGet(46)) - raft.server.threadpool.server.cached = true (default)
2022-10-24 03:16:12,456 [pool-3-thread-1] INFO  server.RaftServerConfigKeys (ConfUtils.java:logGet(46)) - raft.server.threadpool.server.size = 0 (default)
2022-10-24 03:16:12,456 [pool-3-thread-1] INFO  server.RaftServerConfigKeys (ConfUtils.java:logGet(46)) - raft.server.threadpool.client.cached = true (default)
2022-10-24 03:16:12,457 [pool-1-thread-1] INFO  server.RaftServerConfigKeys (ConfUtils.java:logGet(46)) - raft.server.log.appender.install.snapshot.enabled = true (default)
2022-10-24 03:16:12,457 [pool-3-thread-1] INFO  server.RaftServerConfigKeys (ConfUtils.java:logGet(46)) - raft.server.threadpool.client.size = 0 (default)
2022-10-24 03:16:12,457 [pool-2-thread-1] INFO  server.RaftServerConfigKeys (ConfUtils.java:logGet(46)) - raft.server.log.appender.install.snapshot.enabled = true (default)
2022-10-24 03:16:12,457 [pool-5-thread-1] INFO  server.RaftServerConfigKeys (ConfUtils.java:logGet(46)) - raft.server.log.appender.install.snapshot.enabled = true (default)
2022-10-24 03:16:12,457 [pool-5-thread-1] INFO  server.RaftServerConfigKeys (ConfUtils.java:logGet(46)) - raft.server.threadpool.server.cached = true (default)
2022-10-24 03:16:12,457 [pool-5-thread-1] INFO  server.RaftServerConfigKeys (ConfUtils.java:logGet(46)) - raft.server.threadpool.server.size = 0 (default)
2022-10-24 03:16:12,458 [pool-5-thread-1] INFO  server.RaftServerConfigKeys (ConfUtils.java:logGet(46)) - raft.server.threadpool.client.cached = true (default)
2022-10-24 03:16:12,458 [pool-5-thread-1] INFO  server.RaftServerConfigKeys (ConfUtils.java:logGet(46)) - raft.server.threadpool.client.size = 0 (default)
2022-10-24 03:16:12,459 [pool-4-thread-1] INFO  server.RaftServerConfigKeys (ConfUtils.java:logGet(46)) - raft.server.log.appender.install.snapshot.enabled = true (default)
2022-10-24 03:16:12,459 [pool-4-thread-1] INFO  server.RaftServerConfigKeys (ConfUtils.java:logGet(46)) - raft.server.threadpool.server.cached = true (default)
2022-10-24 03:16:12,459 [pool-4-thread-1] INFO  server.RaftServerConfigKeys (ConfUtils.java:logGet(46)) - raft.server.threadpool.server.size = 0 (default)
2022-10-24 03:16:12,459 [pool-4-thread-1] INFO  server.RaftServerConfigKeys (ConfUtils.java:logGet(46)) - raft.server.threadpool.client.cached = true (default)
2022-10-24 03:16:12,459 [pool-4-thread-1] INFO  server.RaftServerConfigKeys (ConfUtils.java:logGet(46)) - raft.server.threadpool.client.size = 0 (default)
2022-10-24 03:16:12,457 [pool-1-thread-1] INFO  server.RaftServerConfigKeys (ConfUtils.java:logGet(46)) - raft.server.threadpool.server.cached = true (default)
2022-10-24 03:16:12,457 [pool-2-thread-1] INFO  server.RaftServerConfigKeys (ConfUtils.java:logGet(46)) - raft.server.threadpool.server.cached = true (default)
2022-10-24 03:16:12,462 [pool-2-thread-1] INFO  server.RaftServerConfigKeys (ConfUtils.java:logGet(46)) - raft.server.threadpool.server.size = 0 (default)
2022-10-24 03:16:12,462 [pool-2-thread-1] INFO  server.RaftServerConfigKeys (ConfUtils.java:logGet(46)) - raft.server.threadpool.client.cached = true (default)
2022-10-24 03:16:12,462 [pool-2-thread-1] INFO  server.RaftServerConfigKeys (ConfUtils.java:logGet(46)) - raft.server.threadpool.client.size = 0 (default)
2022-10-24 03:16:12,462 [pool-1-thread-1] INFO  server.RaftServerConfigKeys (ConfUtils.java:logGet(46)) - raft.server.threadpool.server.size = 0 (default)
2022-10-24 03:16:12,463 [pool-1-thread-1] INFO  server.RaftServerConfigKeys (ConfUtils.java:logGet(46)) - raft.server.threadpool.client.cached = true (default)
2022-10-24 03:16:12,463 [pool-1-thread-1] INFO  server.RaftServerConfigKeys (ConfUtils.java:logGet(46)) - raft.server.threadpool.client.size = 0 (default)
2022-10-24 03:16:12,464 [s3-impl-thread1] INFO  server.RaftServerConfigKeys (ConfUtils.java:logGet(46)) - raft.server.storage.free-space.min = 0MB (=0) (default)
2022-10-24 03:16:12,465 [s3-impl-thread1] INFO  server.RaftServerConfigKeys (ConfUtils.java:logGet(46)) - raft.server.log.corruption.policy = EXCEPTION (default)
2022-10-24 03:16:12,465 [s3-impl-thread1] INFO  server.RaftServerConfigKeys (ConfUtils.java:logGet(46)) - raft.server.storage.dir = [/home/runner/work/ratis/ratis/ratis-test/target/test/data/7f1448f6/MiniRaftClusterWithGrpc35a71421/s3] (custom)
2022-10-24 03:16:12,477 [s3-impl-thread1] INFO  storage.RaftStorageDirectory (RaftStorageDirectoryImpl.java:analyzeStorage(138)) - The storage directory /home/runner/work/ratis/ratis/ratis-test/target/test/data/7f1448f6/MiniRaftClusterWithGrpc35a71421/s3/9601d173-e10d-455f-9df4-6912872f20e7 does not exist. Creating ...
2022-10-24 03:16:12,478 [s3-impl-thread1] TRACE util.FileUtils (LogUtils.java:runAndLog(49)) - Successfully ran Files.createDirectories /home/runner/work/ratis/ratis/ratis-test/target/test/data/7f1448f6/MiniRaftClusterWithGrpc35a71421/s3/9601d173-e10d-455f-9df4-6912872f20e7
2022-10-24 03:16:12,482 [s3-impl-thread1] INFO  storage.RaftStorageDirectory (RaftStorageDirectoryImpl.java:tryLock(232)) - Lock on /home/runner/work/ratis/ratis/ratis-test/target/test/data/7f1448f6/MiniRaftClusterWithGrpc35a71421/s3/9601d173-e10d-455f-9df4-6912872f20e7/in_use.lock acquired by nodename 16619@fv-az165-552
2022-10-24 03:16:12,482 [s3-impl-thread1] TRACE util.FileUtils (LogUtils.java:runAndLog(49)) - Successfully ran Files.createDirectories /home/runner/work/ratis/ratis/ratis-test/target/test/data/7f1448f6/MiniRaftClusterWithGrpc35a71421/s3/9601d173-e10d-455f-9df4-6912872f20e7/current
2022-10-24 03:16:12,482 [s3-impl-thread1] TRACE util.FileUtils (LogUtils.java:runAndLog(49)) - Successfully ran Files.createDirectories /home/runner/work/ratis/ratis/ratis-test/target/test/data/7f1448f6/MiniRaftClusterWithGrpc35a71421/s3/9601d173-e10d-455f-9df4-6912872f20e7/sm
2022-10-24 03:16:12,494 [s3-impl-thread1] INFO  storage.RaftStorage (RaftStorageImpl.java:format(96)) - Storage directory /home/runner/work/ratis/ratis/ratis-test/target/test/data/7f1448f6/MiniRaftClusterWithGrpc35a71421/s3/9601d173-e10d-455f-9df4-6912872f20e7 has been successfully formatted.
2022-10-24 03:16:12,496 [s3-impl-thread1] INFO  server.RaftServerConfigKeys (ConfUtils.java:logGet(46)) - raft.server.log.use.memory = false (default)
2022-10-24 03:16:12,502 [s3-impl-thread1] INFO  server.RaftServerConfigKeys (ConfUtils.java:logGet(46)) - raft.server.log.purge.gap = 1024 (default)
2022-10-24 03:16:12,502 [s3-impl-thread1] INFO  server.RaftServerConfigKeys (ConfUtils.java:logGet(46)) - raft.server.log.appender.buffer.byte-limit = 4MB (=4194304) (default)
2022-10-24 03:16:12,503 [s3-impl-thread1] INFO  server.RaftServerConfigKeys (ConfUtils.java:logGet(46)) - raft.server.log.statemachine.data.read.timeout = 1000ms (default)
2022-10-24 03:16:12,504 [s3-impl-thread1] INFO  server.RaftServerConfigKeys (ConfUtils.java:logGet(46)) - raft.server.log.purge.preservation.log.num = 0 (default)
2022-10-24 03:16:12,507 [s3-impl-thread1] INFO  server.RaftServerConfigKeys (ConfUtils.java:logGet(46)) - raft.server.log.segment.size.max = 8MB (=8388608) (default)
2022-10-24 03:16:12,511 [s3-impl-thread1] INFO  server.RaftServerConfigKeys (ConfUtils.java:logGet(46)) - raft.server.log.segment.cache.num.max = 6 (default)
2022-10-24 03:16:12,511 [s3-impl-thread1] INFO  server.RaftServerConfigKeys (ConfUtils.java:logGet(46)) - raft.server.log.segment.cache.size.max = 200MB (=209715200) (default)
2022-10-24 03:16:12,514 [s3-impl-thread1] INFO  segmented.SegmentedRaftLogWorker (SegmentedRaftLogWorker.java:<init>(184)) - new s3@group-6912872F20E7-SegmentedRaftLogWorker for RaftStorageImpl:Storage Directory /home/runner/work/ratis/ratis/ratis-test/target/test/data/7f1448f6/MiniRaftClusterWithGrpc35a71421/s3/9601d173-e10d-455f-9df4-6912872f20e7
2022-10-24 03:16:12,515 [s3-impl-thread1] INFO  server.RaftServerConfigKeys (ConfUtils.java:logGet(46)) - raft.server.log.queue.byte-limit = 64MB (=67108864) (default)
2022-10-24 03:16:12,515 [s3-impl-thread1] INFO  server.RaftServerConfigKeys (ConfUtils.java:logGet(46)) - raft.server.log.queue.element-limit = 4096 (default)
2022-10-24 03:16:12,517 [s3-impl-thread1] INFO  server.RaftServerConfigKeys (ConfUtils.java:logGet(46)) - raft.server.log.segment.size.max = 8MB (=8388608) (default)
2022-10-24 03:16:12,517 [s3-impl-thread1] INFO  server.RaftServerConfigKeys (ConfUtils.java:logGet(46)) - raft.server.log.preallocated.size = 4MB (=4194304) (default)
2022-10-24 03:16:12,517 [s3-impl-thread1] INFO  server.RaftServerConfigKeys (ConfUtils.java:logGet(46)) - raft.server.log.force.sync.num = 128 (default)
2022-10-24 03:16:12,518 [s3-impl-thread1] INFO  server.RaftServerConfigKeys (ConfUtils.java:logGet(46)) - raft.server.log.statemachine.data.sync = true (default)
2022-10-24 03:16:12,518 [s3-impl-thread1] INFO  server.RaftServerConfigKeys (ConfUtils.java:logGet(46)) - raft.server.log.statemachine.data.sync.timeout = 10s (default)
2022-10-24 03:16:12,519 [s3-impl-thread1] INFO  server.RaftServerConfigKeys (ConfUtils.java:logGet(46)) - raft.server.log.statemachine.data.sync.timeout.retry = -1 (default)
2022-10-24 03:16:12,521 [s3-impl-thread1] INFO  server.RaftServerConfigKeys (ConfUtils.java:logGet(46)) - raft.server.log.write.buffer.size = 64KB (=65536) (default)
2022-10-24 03:16:12,521 [s3-impl-thread1] INFO  server.RaftServerConfigKeys (ConfUtils.java:logGet(46)) - raft.server.log.appender.buffer.byte-limit = 4MB (=4194304) (default)
2022-10-24 03:16:12,522 [s3-impl-thread1] INFO  server.RaftServerConfigKeys (ConfUtils.java:logGet(46)) - raft.server.log.unsafe-flush.enabled = false (default)
2022-10-24 03:16:12,522 [s3-impl-thread1] INFO  server.RaftServerConfigKeys (ConfUtils.java:logGet(46)) - raft.server.log.async-flush.enabled = false (default)
2022-10-24 03:16:12,523 [s3-impl-thread1] INFO  server.RaftServerConfigKeys (ConfUtils.java:logGet(46)) - raft.server.log.statemachine.data.caching.enabled = false (default)
2022-10-24 03:16:12,529 [s3-impl-thread1] INFO  segmented.SegmentedRaftLogWorker (SegmentedRaftLogWorker.java:lambda$new$0(134)) - s3@group-6912872F20E7-SegmentedRaftLogWorker: flushIndex: setUnconditionally 0 -> -1
2022-10-24 03:16:12,529 [s3-impl-thread1] INFO  segmented.SegmentedRaftLogWorker (SegmentedRaftLogWorker.java:lambda$new$0(134)) - s3@group-6912872F20E7-SegmentedRaftLogWorker: safeCacheEvictIndex: setUnconditionally 0 -> -1
2022-10-24 03:16:12,530 [s3-impl-thread1] INFO  server.RaftServer$Division (RaftServerImpl.java:start(338)) - s3@group-6912872F20E7: start as a follower, conf=-1: peers:[s3|rpc:localhost:39579|admin:localhost:42243|client:localhost:33409|dataStream:localhost:46293|priority:0|startupRole:FOLLOWER, s4|rpc:localhost:45747|admin:localhost:35149|client:localhost:44435|dataStream:localhost:42993|priority:0|startupRole:FOLLOWER, s0|rpc:localhost:36179|admin:localhost:46501|client:localhost:36175|dataStream:localhost:33505|priority:0|startupRole:FOLLOWER, s1|rpc:localhost:36635|admin:localhost:41981|client:localhost:39775|dataStream:localhost:41297|priority:0|startupRole:FOLLOWER, s2|rpc:localhost:36969|admin:localhost:37929|client:localhost:40489|dataStream:localhost:38077|priority:0|startupRole:FOLLOWER]|listeners:[], old=null
2022-10-24 03:16:12,531 [s3-impl-thread1] INFO  server.RaftServer$Division (RaftServerImpl.java:setRole(325)) - s3@group-6912872F20E7: changes role from      null to FOLLOWER at term 0 for startAsFollower
2022-10-24 03:16:12,532 [s3-impl-thread1] INFO  impl.RoleInfo (RoleInfo.java:updateAndGet(139)) - s3: start s3@group-6912872F20E7-FollowerState
2022-10-24 03:16:12,538 [s3-impl-thread1] INFO  util.JmxRegister (JmxRegister.java:tryRegister(44)) - Successfully registered JMX Bean with object name Ratis:service=RaftServer,group=group-6912872F20E7,id=s3
2022-10-24 03:16:12,540 [s3-impl-thread1] INFO  server.RaftServerConfigKeys (ConfUtils.java:logGet(46)) - raft.server.snapshot.auto.trigger.enabled = false (default)
2022-10-24 03:16:12,540 [s3-impl-thread1] INFO  server.RaftServerConfigKeys (ConfUtils.java:logGet(46)) - raft.server.snapshot.retention.file.num = -1 (default)
2022-10-24 03:16:12,541 [s3-impl-thread1] INFO  server.RaftServerConfigKeys (ConfUtils.java:logGet(46)) - raft.server.log.purge.upto.snapshot.index = false (default)
2022-10-24 03:16:12,544 [s3@group-6912872F20E7-FollowerState] INFO  server.RaftServerConfigKeys (ConfUtils.java:logFallback(53)) - raft.server.rpc.first-election.timeout.min = 150ms (fallback to raft.server.rpc.timeout.min)
2022-10-24 03:16:12,544 [Time-limited test] INFO  server.RaftServer (RaftServerProxy.java:startImpl(396)) - s3: start RPC server
2022-10-24 03:16:12,548 [s3@group-6912872F20E7-FollowerState] INFO  server.RaftServerConfigKeys (ConfUtils.java:logFallback(53)) - raft.server.rpc.first-election.timeout.max = 300ms (fallback to raft.server.rpc.timeout.max)
2022-10-24 03:16:12,586 [Time-limited test] INFO  server.GrpcService (GrpcService.java:startImpl(310)) - s3: GrpcService started, listening on 33409
2022-10-24 03:16:12,589 [Time-limited test] INFO  server.GrpcService (GrpcService.java:startImpl(310)) - s3: GrpcService started, listening on 39579
2022-10-24 03:16:12,590 [Time-limited test] INFO  server.GrpcService (GrpcService.java:startImpl(310)) - s3: GrpcService started, listening on 42243
2022-10-24 03:16:12,598 [s4-impl-thread1] INFO  server.RaftServerConfigKeys (ConfUtils.java:logGet(46)) - raft.server.storage.free-space.min = 0MB (=0) (default)
2022-10-24 03:16:12,598 [JvmPauseMonitor0] INFO  util.JvmPauseMonitor (JvmPauseMonitor.java:run(105)) - JvmPauseMonitor-s3: Started
2022-10-24 03:16:12,598 [s4-impl-thread1] INFO  server.RaftServerConfigKeys (ConfUtils.java:logGet(46)) - raft.server.log.corruption.policy = EXCEPTION (default)
2022-10-24 03:16:12,598 [s4-impl-thread1] INFO  server.RaftServerConfigKeys (ConfUtils.java:logGet(46)) - raft.server.storage.dir = [/home/runner/work/ratis/ratis/ratis-test/target/test/data/7f1448f6/MiniRaftClusterWithGrpc35a71421/s4] (custom)
2022-10-24 03:16:12,598 [s4-impl-thread1] INFO  storage.RaftStorageDirectory (RaftStorageDirectoryImpl.java:analyzeStorage(138)) - The storage directory /home/runner/work/ratis/ratis/ratis-test/target/test/data/7f1448f6/MiniRaftClusterWithGrpc35a71421/s4/9601d173-e10d-455f-9df4-6912872f20e7 does not exist. Creating ...
2022-10-24 03:16:12,599 [s4-impl-thread1] TRACE util.FileUtils (LogUtils.java:runAndLog(49)) - Successfully ran Files.createDirectories /home/runner/work/ratis/ratis/ratis-test/target/test/data/7f1448f6/MiniRaftClusterWithGrpc35a71421/s4/9601d173-e10d-455f-9df4-6912872f20e7
2022-10-24 03:16:12,601 [s4-impl-thread1] INFO  storage.RaftStorageDirectory (RaftStorageDirectoryImpl.java:tryLock(232)) - Lock on /home/runner/work/ratis/ratis/ratis-test/target/test/data/7f1448f6/MiniRaftClusterWithGrpc35a71421/s4/9601d173-e10d-455f-9df4-6912872f20e7/in_use.lock acquired by nodename 16619@fv-az165-552
2022-10-24 03:16:12,601 [s4-impl-thread1] TRACE util.FileUtils (LogUtils.java:runAndLog(49)) - Successfully ran Files.createDirectories /home/runner/work/ratis/ratis/ratis-test/target/test/data/7f1448f6/MiniRaftClusterWithGrpc35a71421/s4/9601d173-e10d-455f-9df4-6912872f20e7/current
2022-10-24 03:16:12,601 [s4-impl-thread1] TRACE util.FileUtils (LogUtils.java:runAndLog(49)) - Successfully ran Files.createDirectories /home/runner/work/ratis/ratis/ratis-test/target/test/data/7f1448f6/MiniRaftClusterWithGrpc35a71421/s4/9601d173-e10d-455f-9df4-6912872f20e7/sm
2022-10-24 03:16:12,603 [s4-impl-thread1] INFO  storage.RaftStorage (RaftStorageImpl.java:format(96)) - Storage directory /home/runner/work/ratis/ratis/ratis-test/target/test/data/7f1448f6/MiniRaftClusterWithGrpc35a71421/s4/9601d173-e10d-455f-9df4-6912872f20e7 has been successfully formatted.
2022-10-24 03:16:12,603 [s4-impl-thread1] INFO  server.RaftServerConfigKeys (ConfUtils.java:logGet(46)) - raft.server.log.use.memory = false (default)
2022-10-24 03:16:12,604 [s4-impl-thread1] INFO  server.RaftServerConfigKeys (ConfUtils.java:logGet(46)) - raft.server.log.purge.gap = 1024 (default)
2022-10-24 03:16:12,604 [s4-impl-thread1] INFO  server.RaftServerConfigKeys (ConfUtils.java:logGet(46)) - raft.server.log.appender.buffer.byte-limit = 4MB (=4194304) (default)
2022-10-24 03:16:12,604 [s4-impl-thread1] INFO  server.RaftServerConfigKeys (ConfUtils.java:logGet(46)) - raft.server.log.statemachine.data.read.timeout = 1000ms (default)
2022-10-24 03:16:12,604 [s4-impl-thread1] INFO  server.RaftServerConfigKeys (ConfUtils.java:logGet(46)) - raft.server.log.purge.preservation.log.num = 0 (default)
2022-10-24 03:16:12,605 [s4-impl-thread1] INFO  server.RaftServerConfigKeys (ConfUtils.java:logGet(46)) - raft.server.log.segment.size.max = 8MB (=8388608) (default)
2022-10-24 03:16:12,606 [s4-impl-thread1] INFO  server.RaftServerConfigKeys (ConfUtils.java:logGet(46)) - raft.server.log.segment.cache.num.max = 6 (default)
2022-10-24 03:16:12,606 [s4-impl-thread1] INFO  server.RaftServerConfigKeys (ConfUtils.java:logGet(46)) - raft.server.log.segment.cache.size.max = 200MB (=209715200) (default)
2022-10-24 03:16:12,606 [s4-impl-thread1] INFO  segmented.SegmentedRaftLogWorker (SegmentedRaftLogWorker.java:<init>(184)) - new s4@group-6912872F20E7-SegmentedRaftLogWorker for RaftStorageImpl:Storage Directory /home/runner/work/ratis/ratis/ratis-test/target/test/data/7f1448f6/MiniRaftClusterWithGrpc35a71421/s4/9601d173-e10d-455f-9df4-6912872f20e7
2022-10-24 03:16:12,608 [s4-impl-thread1] INFO  server.RaftServerConfigKeys (ConfUtils.java:logGet(46)) - raft.server.log.queue.byte-limit = 64MB (=67108864) (default)
2022-10-24 03:16:12,608 [s4-impl-thread1] INFO  server.RaftServerConfigKeys (ConfUtils.java:logGet(46)) - raft.server.log.queue.element-limit = 4096 (default)
2022-10-24 03:16:12,609 [s4-impl-thread1] INFO  server.RaftServerConfigKeys (ConfUtils.java:logGet(46)) - raft.server.log.segment.size.max = 8MB (=8388608) (default)
2022-10-24 03:16:12,609 [s4-impl-thread1] INFO  server.RaftServerConfigKeys (ConfUtils.java:logGet(46)) - raft.server.log.preallocated.size = 4MB (=4194304) (default)
2022-10-24 03:16:12,610 [s4-impl-thread1] INFO  server.RaftServerConfigKeys (ConfUtils.java:logGet(46)) - raft.server.log.force.sync.num = 128 (default)
2022-10-24 03:16:12,610 [s4-impl-thread1] INFO  server.RaftServerConfigKeys (ConfUtils.java:logGet(46)) - raft.server.log.statemachine.data.sync = true (default)
2022-10-24 03:16:12,612 [s4-impl-thread1] INFO  server.RaftServerConfigKeys (ConfUtils.java:logGet(46)) - raft.server.log.statemachine.data.sync.timeout = 10s (default)
2022-10-24 03:16:12,612 [s4-impl-thread1] INFO  server.RaftServerConfigKeys (ConfUtils.java:logGet(46)) - raft.server.log.statemachine.data.sync.timeout.retry = -1 (default)
2022-10-24 03:16:12,612 [s4-impl-thread1] INFO  server.RaftServerConfigKeys (ConfUtils.java:logGet(46)) - raft.server.log.write.buffer.size = 64KB (=65536) (default)
2022-10-24 03:16:12,617 [s4-impl-thread1] INFO  server.RaftServerConfigKeys (ConfUtils.java:logGet(46)) - raft.server.log.appender.buffer.byte-limit = 4MB (=4194304) (default)
2022-10-24 03:16:12,617 [s4-impl-thread1] INFO  server.RaftServerConfigKeys (ConfUtils.java:logGet(46)) - raft.server.log.unsafe-flush.enabled = false (default)
2022-10-24 03:16:12,617 [s4-impl-thread1] INFO  server.RaftServerConfigKeys (ConfUtils.java:logGet(46)) - raft.server.log.async-flush.enabled = false (default)
2022-10-24 03:16:12,617 [s4-impl-thread1] INFO  server.RaftServerConfigKeys (ConfUtils.java:logGet(46)) - raft.server.log.statemachine.data.caching.enabled = false (default)
2022-10-24 03:16:12,617 [s4-impl-thread1] INFO  segmented.SegmentedRaftLogWorker (SegmentedRaftLogWorker.java:lambda$new$0(134)) - s4@group-6912872F20E7-SegmentedRaftLogWorker: flushIndex: setUnconditionally 0 -> -1
2022-10-24 03:16:12,617 [s4-impl-thread1] INFO  segmented.SegmentedRaftLogWorker (SegmentedRaftLogWorker.java:lambda$new$0(134)) - s4@group-6912872F20E7-SegmentedRaftLogWorker: safeCacheEvictIndex: setUnconditionally 0 -> -1
2022-10-24 03:16:12,620 [s4-impl-thread1] INFO  server.RaftServer$Division (RaftServerImpl.java:start(338)) - s4@group-6912872F20E7: start as a follower, conf=-1: peers:[s3|rpc:localhost:39579|admin:localhost:42243|client:localhost:33409|dataStream:localhost:46293|priority:0|startupRole:FOLLOWER, s4|rpc:localhost:45747|admin:localhost:35149|client:localhost:44435|dataStream:localhost:42993|priority:0|startupRole:FOLLOWER, s0|rpc:localhost:36179|admin:localhost:46501|client:localhost:36175|dataStream:localhost:33505|priority:0|startupRole:FOLLOWER, s1|rpc:localhost:36635|admin:localhost:41981|client:localhost:39775|dataStream:localhost:41297|priority:0|startupRole:FOLLOWER, s2|rpc:localhost:36969|admin:localhost:37929|client:localhost:40489|dataStream:localhost:38077|priority:0|startupRole:FOLLOWER]|listeners:[], old=null
2022-10-24 03:16:12,620 [s4-impl-thread1] INFO  server.RaftServer$Division (RaftServerImpl.java:setRole(325)) - s4@group-6912872F20E7: changes role from      null to FOLLOWER at term 0 for startAsFollower
2022-10-24 03:16:12,620 [s4-impl-thread1] INFO  impl.RoleInfo (RoleInfo.java:updateAndGet(139)) - s4: start s4@group-6912872F20E7-FollowerState
2022-10-24 03:16:12,624 [s4-impl-thread1] INFO  util.JmxRegister (JmxRegister.java:tryRegister(44)) - Successfully registered JMX Bean with object name Ratis:service=RaftServer,group=group-6912872F20E7,id=s4
2022-10-24 03:16:12,624 [s4-impl-thread1] INFO  server.RaftServerConfigKeys (ConfUtils.java:logGet(46)) - raft.server.snapshot.auto.trigger.enabled = false (default)
2022-10-24 03:16:12,624 [s4-impl-thread1] INFO  server.RaftServerConfigKeys (ConfUtils.java:logGet(46)) - raft.server.snapshot.retention.file.num = -1 (default)
2022-10-24 03:16:12,624 [s4-impl-thread1] INFO  server.RaftServerConfigKeys (ConfUtils.java:logGet(46)) - raft.server.log.purge.upto.snapshot.index = false (default)
2022-10-24 03:16:12,628 [Time-limited test] INFO  server.RaftServer (RaftServerProxy.java:startImpl(396)) - s4: start RPC server
2022-10-24 03:16:12,629 [Time-limited test] INFO  server.GrpcService (GrpcService.java:startImpl(310)) - s4: GrpcService started, listening on 44435
2022-10-24 03:16:12,630 [Time-limited test] INFO  server.GrpcService (GrpcService.java:startImpl(310)) - s4: GrpcService started, listening on 45747
2022-10-24 03:16:12,631 [Time-limited test] INFO  server.GrpcService (GrpcService.java:startImpl(310)) - s4: GrpcService started, listening on 35149
2022-10-24 03:16:12,632 [s0-impl-thread1] INFO  server.RaftServerConfigKeys (ConfUtils.java:logGet(46)) - raft.server.storage.free-space.min = 0MB (=0) (default)
2022-10-24 03:16:12,632 [s0-impl-thread1] INFO  server.RaftServerConfigKeys (ConfUtils.java:logGet(46)) - raft.server.log.corruption.policy = EXCEPTION (default)
2022-10-24 03:16:12,632 [s0-impl-thread1] INFO  server.RaftServerConfigKeys (ConfUtils.java:logGet(46)) - raft.server.storage.dir = [/home/runner/work/ratis/ratis/ratis-test/target/test/data/7f1448f6/MiniRaftClusterWithGrpc35a71421/s0] (custom)
2022-10-24 03:16:12,632 [s0-impl-thread1] INFO  storage.RaftStorageDirectory (RaftStorageDirectoryImpl.java:analyzeStorage(138)) - The storage directory /home/runner/work/ratis/ratis/ratis-test/target/test/data/7f1448f6/MiniRaftClusterWithGrpc35a71421/s0/9601d173-e10d-455f-9df4-6912872f20e7 does not exist. Creating ...
2022-10-24 03:16:12,633 [s0-impl-thread1] TRACE util.FileUtils (LogUtils.java:runAndLog(49)) - Successfully ran Files.createDirectories /home/runner/work/ratis/ratis/ratis-test/target/test/data/7f1448f6/MiniRaftClusterWithGrpc35a71421/s0/9601d173-e10d-455f-9df4-6912872f20e7
2022-10-24 03:16:12,634 [s0-impl-thread1] INFO  storage.RaftStorageDirectory (RaftStorageDirectoryImpl.java:tryLock(232)) - Lock on /home/runner/work/ratis/ratis/ratis-test/target/test/data/7f1448f6/MiniRaftClusterWithGrpc35a71421/s0/9601d173-e10d-455f-9df4-6912872f20e7/in_use.lock acquired by nodename 16619@fv-az165-552
2022-10-24 03:16:12,634 [s0-impl-thread1] TRACE util.FileUtils (LogUtils.java:runAndLog(49)) - Successfully ran Files.createDirectories /home/runner/work/ratis/ratis/ratis-test/target/test/data/7f1448f6/MiniRaftClusterWithGrpc35a71421/s0/9601d173-e10d-455f-9df4-6912872f20e7/current
2022-10-24 03:16:12,634 [s0-impl-thread1] TRACE util.FileUtils (LogUtils.java:runAndLog(49)) - Successfully ran Files.createDirectories /home/runner/work/ratis/ratis/ratis-test/target/test/data/7f1448f6/MiniRaftClusterWithGrpc35a71421/s0/9601d173-e10d-455f-9df4-6912872f20e7/sm
2022-10-24 03:16:12,630 [s4@group-6912872F20E7-FollowerState] INFO  server.RaftServerConfigKeys (ConfUtils.java:logFallback(53)) - raft.server.rpc.first-election.timeout.min = 150ms (fallback to raft.server.rpc.timeout.min)
2022-10-24 03:16:12,631 [JvmPauseMonitor1] INFO  util.JvmPauseMonitor (JvmPauseMonitor.java:run(105)) - JvmPauseMonitor-s4: Started
2022-10-24 03:16:12,635 [s4@group-6912872F20E7-FollowerState] INFO  server.RaftServerConfigKeys (ConfUtils.java:logFallback(53)) - raft.server.rpc.first-election.timeout.max = 300ms (fallback to raft.server.rpc.timeout.max)
2022-10-24 03:16:12,636 [s0-impl-thread1] INFO  storage.RaftStorage (RaftStorageImpl.java:format(96)) - Storage directory /home/runner/work/ratis/ratis/ratis-test/target/test/data/7f1448f6/MiniRaftClusterWithGrpc35a71421/s0/9601d173-e10d-455f-9df4-6912872f20e7 has been successfully formatted.
2022-10-24 03:16:12,636 [s0-impl-thread1] INFO  server.RaftServerConfigKeys (ConfUtils.java:logGet(46)) - raft.server.log.use.memory = false (default)
2022-10-24 03:16:12,636 [s0-impl-thread1] INFO  server.RaftServerConfigKeys (ConfUtils.java:logGet(46)) - raft.server.log.purge.gap = 1024 (default)
2022-10-24 03:16:12,636 [s0-impl-thread1] INFO  server.RaftServerConfigKeys (ConfUtils.java:logGet(46)) - raft.server.log.appender.buffer.byte-limit = 4MB (=4194304) (default)
2022-10-24 03:16:12,636 [s0-impl-thread1] INFO  server.RaftServerConfigKeys (ConfUtils.java:logGet(46)) - raft.server.log.statemachine.data.read.timeout = 1000ms (default)
2022-10-24 03:16:12,637 [s0-impl-thread1] INFO  server.RaftServerConfigKeys (ConfUtils.java:logGet(46)) - raft.server.log.purge.preservation.log.num = 0 (default)
2022-10-24 03:16:12,638 [s0-impl-thread1] INFO  server.RaftServerConfigKeys (ConfUtils.java:logGet(46)) - raft.server.log.segment.size.max = 8MB (=8388608) (default)
2022-10-24 03:16:12,638 [s0-impl-thread1] INFO  server.RaftServerConfigKeys (ConfUtils.java:logGet(46)) - raft.server.log.segment.cache.num.max = 6 (default)
2022-10-24 03:16:12,638 [s0-impl-thread1] INFO  server.RaftServerConfigKeys (ConfUtils.java:logGet(46)) - raft.server.log.segment.cache.size.max = 200MB (=209715200) (default)
2022-10-24 03:16:12,638 [s0-impl-thread1] INFO  segmented.SegmentedRaftLogWorker (SegmentedRaftLogWorker.java:<init>(184)) - new s0@group-6912872F20E7-SegmentedRaftLogWorker for RaftStorageImpl:Storage Directory /home/runner/work/ratis/ratis/ratis-test/target/test/data/7f1448f6/MiniRaftClusterWithGrpc35a71421/s0/9601d173-e10d-455f-9df4-6912872f20e7
2022-10-24 03:16:12,638 [s0-impl-thread1] INFO  server.RaftServerConfigKeys (ConfUtils.java:logGet(46)) - raft.server.log.queue.byte-limit = 64MB (=67108864) (default)
2022-10-24 03:16:12,639 [s0-impl-thread1] INFO  server.RaftServerConfigKeys (ConfUtils.java:logGet(46)) - raft.server.log.queue.element-limit = 4096 (default)
2022-10-24 03:16:12,639 [s0-impl-thread1] INFO  server.RaftServerConfigKeys (ConfUtils.java:logGet(46)) - raft.server.log.segment.size.max = 8MB (=8388608) (default)
2022-10-24 03:16:12,639 [s0-impl-thread1] INFO  server.RaftServerConfigKeys (ConfUtils.java:logGet(46)) - raft.server.log.preallocated.size = 4MB (=4194304) (default)
2022-10-24 03:16:12,639 [s0-impl-thread1] INFO  server.RaftServerConfigKeys (ConfUtils.java:logGet(46)) - raft.server.log.force.sync.num = 128 (default)
2022-10-24 03:16:12,639 [s0-impl-thread1] INFO  server.RaftServerConfigKeys (ConfUtils.java:logGet(46)) - raft.server.log.statemachine.data.sync = true (default)
2022-10-24 03:16:12,639 [s0-impl-thread1] INFO  server.RaftServerConfigKeys (ConfUtils.java:logGet(46)) - raft.server.log.statemachine.data.sync.timeout = 10s (default)
2022-10-24 03:16:12,639 [s0-impl-thread1] INFO  server.RaftServerConfigKeys (ConfUtils.java:logGet(46)) - raft.server.log.statemachine.data.sync.timeout.retry = -1 (default)
2022-10-24 03:16:12,639 [s0-impl-thread1] INFO  server.RaftServerConfigKeys (ConfUtils.java:logGet(46)) - raft.server.log.write.buffer.size = 64KB (=65536) (default)
2022-10-24 03:16:12,640 [s0-impl-thread1] INFO  server.RaftServerConfigKeys (ConfUtils.java:logGet(46)) - raft.server.log.appender.buffer.byte-limit = 4MB (=4194304) (default)
2022-10-24 03:16:12,640 [s0-impl-thread1] INFO  server.RaftServerConfigKeys (ConfUtils.java:logGet(46)) - raft.server.log.unsafe-flush.enabled = false (default)
2022-10-24 03:16:12,640 [s0-impl-thread1] INFO  server.RaftServerConfigKeys (ConfUtils.java:logGet(46)) - raft.server.log.async-flush.enabled = false (default)
2022-10-24 03:16:12,640 [s0-impl-thread1] INFO  server.RaftServerConfigKeys (ConfUtils.java:logGet(46)) - raft.server.log.statemachine.data.caching.enabled = false (default)
2022-10-24 03:16:12,640 [s0-impl-thread1] INFO  segmented.SegmentedRaftLogWorker (SegmentedRaftLogWorker.java:lambda$new$0(134)) - s0@group-6912872F20E7-SegmentedRaftLogWorker: flushIndex: setUnconditionally 0 -> -1
2022-10-24 03:16:12,640 [s0-impl-thread1] INFO  segmented.SegmentedRaftLogWorker (SegmentedRaftLogWorker.java:lambda$new$0(134)) - s0@group-6912872F20E7-SegmentedRaftLogWorker: safeCacheEvictIndex: setUnconditionally 0 -> -1
2022-10-24 03:16:12,644 [s0-impl-thread1] INFO  server.RaftServer$Division (RaftServerImpl.java:start(338)) - s0@group-6912872F20E7: start as a follower, conf=-1: peers:[s3|rpc:localhost:39579|admin:localhost:42243|client:localhost:33409|dataStream:localhost:46293|priority:0|startupRole:FOLLOWER, s4|rpc:localhost:45747|admin:localhost:35149|client:localhost:44435|dataStream:localhost:42993|priority:0|startupRole:FOLLOWER, s0|rpc:localhost:36179|admin:localhost:46501|client:localhost:36175|dataStream:localhost:33505|priority:0|startupRole:FOLLOWER, s1|rpc:localhost:36635|admin:localhost:41981|client:localhost:39775|dataStream:localhost:41297|priority:0|startupRole:FOLLOWER, s2|rpc:localhost:36969|admin:localhost:37929|client:localhost:40489|dataStream:localhost:38077|priority:0|startupRole:FOLLOWER]|listeners:[], old=null
2022-10-24 03:16:12,646 [s0-impl-thread1] INFO  server.RaftServer$Division (RaftServerImpl.java:setRole(325)) - s0@group-6912872F20E7: changes role from      null to FOLLOWER at term 0 for startAsFollower
2022-10-24 03:16:12,646 [s0-impl-thread1] INFO  impl.RoleInfo (RoleInfo.java:updateAndGet(139)) - s0: start s0@group-6912872F20E7-FollowerState
2022-10-24 03:16:12,646 [s0-impl-thread1] INFO  util.JmxRegister (JmxRegister.java:tryRegister(44)) - Successfully registered JMX Bean with object name Ratis:service=RaftServer,group=group-6912872F20E7,id=s0
2022-10-24 03:16:12,646 [s0-impl-thread1] INFO  server.RaftServerConfigKeys (ConfUtils.java:logGet(46)) - raft.server.snapshot.auto.trigger.enabled = false (default)
2022-10-24 03:16:12,647 [s0-impl-thread1] INFO  server.RaftServerConfigKeys (ConfUtils.java:logGet(46)) - raft.server.snapshot.retention.file.num = -1 (default)
2022-10-24 03:16:12,647 [s0-impl-thread1] INFO  server.RaftServerConfigKeys (ConfUtils.java:logGet(46)) - raft.server.log.purge.upto.snapshot.index = false (default)
2022-10-24 03:16:12,648 [s0@group-6912872F20E7-FollowerState] INFO  server.RaftServerConfigKeys (ConfUtils.java:logFallback(53)) - raft.server.rpc.first-election.timeout.min = 150ms (fallback to raft.server.rpc.timeout.min)
2022-10-24 03:16:12,651 [Time-limited test] INFO  server.RaftServer (RaftServerProxy.java:startImpl(396)) - s0: start RPC server
2022-10-24 03:16:12,652 [s0@group-6912872F20E7-FollowerState] INFO  server.RaftServerConfigKeys (ConfUtils.java:logFallback(53)) - raft.server.rpc.first-election.timeout.max = 300ms (fallback to raft.server.rpc.timeout.max)
2022-10-24 03:16:12,653 [Time-limited test] INFO  server.GrpcService (GrpcService.java:startImpl(310)) - s0: GrpcService started, listening on 36175
2022-10-24 03:16:12,654 [Time-limited test] INFO  server.GrpcService (GrpcService.java:startImpl(310)) - s0: GrpcService started, listening on 36179
2022-10-24 03:16:12,655 [Time-limited test] INFO  server.GrpcService (GrpcService.java:startImpl(310)) - s0: GrpcService started, listening on 46501
2022-10-24 03:16:12,656 [JvmPauseMonitor2] INFO  util.JvmPauseMonitor (JvmPauseMonitor.java:run(105)) - JvmPauseMonitor-s0: Started
2022-10-24 03:16:12,656 [s1-impl-thread1] INFO  server.RaftServerConfigKeys (ConfUtils.java:logGet(46)) - raft.server.storage.free-space.min = 0MB (=0) (default)
2022-10-24 03:16:12,656 [s1-impl-thread1] INFO  server.RaftServerConfigKeys (ConfUtils.java:logGet(46)) - raft.server.log.corruption.policy = EXCEPTION (default)
2022-10-24 03:16:12,657 [s1-impl-thread1] INFO  server.RaftServerConfigKeys (ConfUtils.java:logGet(46)) - raft.server.storage.dir = [/home/runner/work/ratis/ratis/ratis-test/target/test/data/7f1448f6/MiniRaftClusterWithGrpc35a71421/s1] (custom)
2022-10-24 03:16:12,657 [s1-impl-thread1] INFO  storage.RaftStorageDirectory (RaftStorageDirectoryImpl.java:analyzeStorage(138)) - The storage directory /home/runner/work/ratis/ratis/ratis-test/target/test/data/7f1448f6/MiniRaftClusterWithGrpc35a71421/s1/9601d173-e10d-455f-9df4-6912872f20e7 does not exist. Creating ...
2022-10-24 03:16:12,657 [s1-impl-thread1] TRACE util.FileUtils (LogUtils.java:runAndLog(49)) - Successfully ran Files.createDirectories /home/runner/work/ratis/ratis/ratis-test/target/test/data/7f1448f6/MiniRaftClusterWithGrpc35a71421/s1/9601d173-e10d-455f-9df4-6912872f20e7
2022-10-24 03:16:12,659 [s1-impl-thread1] INFO  storage.RaftStorageDirectory (RaftStorageDirectoryImpl.java:tryLock(232)) - Lock on /home/runner/work/ratis/ratis/ratis-test/target/test/data/7f1448f6/MiniRaftClusterWithGrpc35a71421/s1/9601d173-e10d-455f-9df4-6912872f20e7/in_use.lock acquired by nodename 16619@fv-az165-552
2022-10-24 03:16:12,659 [s1-impl-thread1] TRACE util.FileUtils (LogUtils.java:runAndLog(49)) - Successfully ran Files.createDirectories /home/runner/work/ratis/ratis/ratis-test/target/test/data/7f1448f6/MiniRaftClusterWithGrpc35a71421/s1/9601d173-e10d-455f-9df4-6912872f20e7/current
2022-10-24 03:16:12,659 [s1-impl-thread1] TRACE util.FileUtils (LogUtils.java:runAndLog(49)) - Successfully ran Files.createDirectories /home/runner/work/ratis/ratis/ratis-test/target/test/data/7f1448f6/MiniRaftClusterWithGrpc35a71421/s1/9601d173-e10d-455f-9df4-6912872f20e7/sm
2022-10-24 03:16:12,660 [s1-impl-thread1] INFO  storage.RaftStorage (RaftStorageImpl.java:format(96)) - Storage directory /home/runner/work/ratis/ratis/ratis-test/target/test/data/7f1448f6/MiniRaftClusterWithGrpc35a71421/s1/9601d173-e10d-455f-9df4-6912872f20e7 has been successfully formatted.
2022-10-24 03:16:12,661 [s1-impl-thread1] INFO  server.RaftServerConfigKeys (ConfUtils.java:logGet(46)) - raft.server.log.use.memory = false (default)
2022-10-24 03:16:12,661 [s1-impl-thread1] INFO  server.RaftServerConfigKeys (ConfUtils.java:logGet(46)) - raft.server.log.purge.gap = 1024 (default)
2022-10-24 03:16:12,661 [s1-impl-thread1] INFO  server.RaftServerConfigKeys (ConfUtils.java:logGet(46)) - raft.server.log.appender.buffer.byte-limit = 4MB (=4194304) (default)
2022-10-24 03:16:12,661 [s1-impl-thread1] INFO  server.RaftServerConfigKeys (ConfUtils.java:logGet(46)) - raft.server.log.statemachine.data.read.timeout = 1000ms (default)
2022-10-24 03:16:12,661 [s1-impl-thread1] INFO  server.RaftServerConfigKeys (ConfUtils.java:logGet(46)) - raft.server.log.purge.preservation.log.num = 0 (default)
2022-10-24 03:16:12,662 [s1-impl-thread1] INFO  server.RaftServerConfigKeys (ConfUtils.java:logGet(46)) - raft.server.log.segment.size.max = 8MB (=8388608) (default)
2022-10-24 03:16:12,662 [s1-impl-thread1] INFO  server.RaftServerConfigKeys (ConfUtils.java:logGet(46)) - raft.server.log.segment.cache.num.max = 6 (default)
2022-10-24 03:16:12,663 [s1-impl-thread1] INFO  server.RaftServerConfigKeys (ConfUtils.java:logGet(46)) - raft.server.log.segment.cache.size.max = 200MB (=209715200) (default)
2022-10-24 03:16:12,663 [s1-impl-thread1] INFO  segmented.SegmentedRaftLogWorker (SegmentedRaftLogWorker.java:<init>(184)) - new s1@group-6912872F20E7-SegmentedRaftLogWorker for RaftStorageImpl:Storage Directory /home/runner/work/ratis/ratis/ratis-test/target/test/data/7f1448f6/MiniRaftClusterWithGrpc35a71421/s1/9601d173-e10d-455f-9df4-6912872f20e7
2022-10-24 03:16:12,663 [s1-impl-thread1] INFO  server.RaftServerConfigKeys (ConfUtils.java:logGet(46)) - raft.server.log.queue.byte-limit = 64MB (=67108864) (default)
2022-10-24 03:16:12,663 [s1-impl-thread1] INFO  server.RaftServerConfigKeys (ConfUtils.java:logGet(46)) - raft.server.log.queue.element-limit = 4096 (default)
2022-10-24 03:16:12,663 [s1-impl-thread1] INFO  server.RaftServerConfigKeys (ConfUtils.java:logGet(46)) - raft.server.log.segment.size.max = 8MB (=8388608) (default)
2022-10-24 03:16:12,663 [s1-impl-thread1] INFO  server.RaftServerConfigKeys (ConfUtils.java:logGet(46)) - raft.server.log.preallocated.size = 4MB (=4194304) (default)
2022-10-24 03:16:12,663 [s1-impl-thread1] INFO  server.RaftServerConfigKeys (ConfUtils.java:logGet(46)) - raft.server.log.force.sync.num = 128 (default)
2022-10-24 03:16:12,663 [s1-impl-thread1] INFO  server.RaftServerConfigKeys (ConfUtils.java:logGet(46)) - raft.server.log.statemachine.data.sync = true (default)
2022-10-24 03:16:12,663 [s1-impl-thread1] INFO  server.RaftServerConfigKeys (ConfUtils.java:logGet(46)) - raft.server.log.statemachine.data.sync.timeout = 10s (default)
2022-10-24 03:16:12,663 [s1-impl-thread1] INFO  server.RaftServerConfigKeys (ConfUtils.java:logGet(46)) - raft.server.log.statemachine.data.sync.timeout.retry = -1 (default)
2022-10-24 03:16:12,664 [s1-impl-thread1] INFO  server.RaftServerConfigKeys (ConfUtils.java:logGet(46)) - raft.server.log.write.buffer.size = 64KB (=65536) (default)
2022-10-24 03:16:12,664 [s1-impl-thread1] INFO  server.RaftServerConfigKeys (ConfUtils.java:logGet(46)) - raft.server.log.appender.buffer.byte-limit = 4MB (=4194304) (default)
2022-10-24 03:16:12,664 [s1-impl-thread1] INFO  server.RaftServerConfigKeys (ConfUtils.java:logGet(46)) - raft.server.log.unsafe-flush.enabled = false (default)
2022-10-24 03:16:12,664 [s1-impl-thread1] INFO  server.RaftServerConfigKeys (ConfUtils.java:logGet(46)) - raft.server.log.async-flush.enabled = false (default)
2022-10-24 03:16:12,664 [s1-impl-thread1] INFO  server.RaftServerConfigKeys (ConfUtils.java:logGet(46)) - raft.server.log.statemachine.data.caching.enabled = false (default)
2022-10-24 03:16:12,665 [s1-impl-thread1] INFO  segmented.SegmentedRaftLogWorker (SegmentedRaftLogWorker.java:lambda$new$0(134)) - s1@group-6912872F20E7-SegmentedRaftLogWorker: flushIndex: setUnconditionally 0 -> -1
2022-10-24 03:16:12,665 [s1-impl-thread1] INFO  segmented.SegmentedRaftLogWorker (SegmentedRaftLogWorker.java:lambda$new$0(134)) - s1@group-6912872F20E7-SegmentedRaftLogWorker: safeCacheEvictIndex: setUnconditionally 0 -> -1
2022-10-24 03:16:12,667 [s1-impl-thread1] INFO  server.RaftServer$Division (RaftServerImpl.java:start(338)) - s1@group-6912872F20E7: start as a follower, conf=-1: peers:[s3|rpc:localhost:39579|admin:localhost:42243|client:localhost:33409|dataStream:localhost:46293|priority:0|startupRole:FOLLOWER, s4|rpc:localhost:45747|admin:localhost:35149|client:localhost:44435|dataStream:localhost:42993|priority:0|startupRole:FOLLOWER, s0|rpc:localhost:36179|admin:localhost:46501|client:localhost:36175|dataStream:localhost:33505|priority:0|startupRole:FOLLOWER, s1|rpc:localhost:36635|admin:localhost:41981|client:localhost:39775|dataStream:localhost:41297|priority:0|startupRole:FOLLOWER, s2|rpc:localhost:36969|admin:localhost:37929|client:localhost:40489|dataStream:localhost:38077|priority:0|startupRole:FOLLOWER]|listeners:[], old=null
2022-10-24 03:16:12,668 [s1-impl-thread1] INFO  server.RaftServer$Division (RaftServerImpl.java:setRole(325)) - s1@group-6912872F20E7: changes role from      null to FOLLOWER at term 0 for startAsFollower
2022-10-24 03:16:12,668 [s1-impl-thread1] INFO  impl.RoleInfo (RoleInfo.java:updateAndGet(139)) - s1: start s1@group-6912872F20E7-FollowerState
2022-10-24 03:16:12,668 [s1-impl-thread1] INFO  util.JmxRegister (JmxRegister.java:tryRegister(44)) - Successfully registered JMX Bean with object name Ratis:service=RaftServer,group=group-6912872F20E7,id=s1
2022-10-24 03:16:12,669 [s1-impl-thread1] INFO  server.RaftServerConfigKeys (ConfUtils.java:logGet(46)) - raft.server.snapshot.auto.trigger.enabled = false (default)
2022-10-24 03:16:12,669 [s1-impl-thread1] INFO  server.RaftServerConfigKeys (ConfUtils.java:logGet(46)) - raft.server.snapshot.retention.file.num = -1 (default)
2022-10-24 03:16:12,669 [s1-impl-thread1] INFO  server.RaftServerConfigKeys (ConfUtils.java:logGet(46)) - raft.server.log.purge.upto.snapshot.index = false (default)
2022-10-24 03:16:12,670 [s1@group-6912872F20E7-FollowerState] INFO  server.RaftServerConfigKeys (ConfUtils.java:logFallback(53)) - raft.server.rpc.first-election.timeout.min = 150ms (fallback to raft.server.rpc.timeout.min)
2022-10-24 03:16:12,672 [Time-limited test] INFO  server.RaftServer (RaftServerProxy.java:startImpl(396)) - s1: start RPC server
2022-10-24 03:16:12,673 [Time-limited test] INFO  server.GrpcService (GrpcService.java:startImpl(310)) - s1: GrpcService started, listening on 39775
2022-10-24 03:16:12,675 [Time-limited test] INFO  server.GrpcService (GrpcService.java:startImpl(310)) - s1: GrpcService started, listening on 36635
2022-10-24 03:16:12,677 [Time-limited test] INFO  server.GrpcService (GrpcService.java:startImpl(310)) - s1: GrpcService started, listening on 41981
2022-10-24 03:16:12,680 [s2-impl-thread1] INFO  server.RaftServerConfigKeys (ConfUtils.java:logGet(46)) - raft.server.storage.free-space.min = 0MB (=0) (default)
2022-10-24 03:16:12,680 [s2-impl-thread1] INFO  server.RaftServerConfigKeys (ConfUtils.java:logGet(46)) - raft.server.log.corruption.policy = EXCEPTION (default)
2022-10-24 03:16:12,680 [s2-impl-thread1] INFO  server.RaftServerConfigKeys (ConfUtils.java:logGet(46)) - raft.server.storage.dir = [/home/runner/work/ratis/ratis/ratis-test/target/test/data/7f1448f6/MiniRaftClusterWithGrpc35a71421/s2] (custom)
2022-10-24 03:16:12,680 [s2-impl-thread1] INFO  storage.RaftStorageDirectory (RaftStorageDirectoryImpl.java:analyzeStorage(138)) - The storage directory /home/runner/work/ratis/ratis/ratis-test/target/test/data/7f1448f6/MiniRaftClusterWithGrpc35a71421/s2/9601d173-e10d-455f-9df4-6912872f20e7 does not exist. Creating ...
2022-10-24 03:16:12,681 [s2-impl-thread1] TRACE util.FileUtils (LogUtils.java:runAndLog(49)) - Successfully ran Files.createDirectories /home/runner/work/ratis/ratis/ratis-test/target/test/data/7f1448f6/MiniRaftClusterWithGrpc35a71421/s2/9601d173-e10d-455f-9df4-6912872f20e7
2022-10-24 03:16:12,682 [s1@group-6912872F20E7-FollowerState] INFO  server.RaftServerConfigKeys (ConfUtils.java:logFallback(53)) - raft.server.rpc.first-election.timeout.max = 300ms (fallback to raft.server.rpc.timeout.max)
2022-10-24 03:16:12,682 [JvmPauseMonitor3] INFO  util.JvmPauseMonitor (JvmPauseMonitor.java:run(105)) - JvmPauseMonitor-s1: Started
2022-10-24 03:16:12,682 [s2-impl-thread1] INFO  storage.RaftStorageDirectory (RaftStorageDirectoryImpl.java:tryLock(232)) - Lock on /home/runner/work/ratis/ratis/ratis-test/target/test/data/7f1448f6/MiniRaftClusterWithGrpc35a71421/s2/9601d173-e10d-455f-9df4-6912872f20e7/in_use.lock acquired by nodename 16619@fv-az165-552
2022-10-24 03:16:12,683 [s2-impl-thread1] TRACE util.FileUtils (LogUtils.java:runAndLog(49)) - Successfully ran Files.createDirectories /home/runner/work/ratis/ratis/ratis-test/target/test/data/7f1448f6/MiniRaftClusterWithGrpc35a71421/s2/9601d173-e10d-455f-9df4-6912872f20e7/current
2022-10-24 03:16:12,683 [s2-impl-thread1] TRACE util.FileUtils (LogUtils.java:runAndLog(49)) - Successfully ran Files.createDirectories /home/runner/work/ratis/ratis/ratis-test/target/test/data/7f1448f6/MiniRaftClusterWithGrpc35a71421/s2/9601d173-e10d-455f-9df4-6912872f20e7/sm
2022-10-24 03:16:12,684 [s2-impl-thread1] INFO  storage.RaftStorage (RaftStorageImpl.java:format(96)) - Storage directory /home/runner/work/ratis/ratis/ratis-test/target/test/data/7f1448f6/MiniRaftClusterWithGrpc35a71421/s2/9601d173-e10d-455f-9df4-6912872f20e7 has been successfully formatted.
2022-10-24 03:16:12,685 [s2-impl-thread1] INFO  server.RaftServerConfigKeys (ConfUtils.java:logGet(46)) - raft.server.log.use.memory = false (default)
2022-10-24 03:16:12,685 [s2-impl-thread1] INFO  server.RaftServerConfigKeys (ConfUtils.java:logGet(46)) - raft.server.log.purge.gap = 1024 (default)
2022-10-24 03:16:12,685 [s2-impl-thread1] INFO  server.RaftServerConfigKeys (ConfUtils.java:logGet(46)) - raft.server.log.appender.buffer.byte-limit = 4MB (=4194304) (default)
2022-10-24 03:16:12,685 [s2-impl-thread1] INFO  server.RaftServerConfigKeys (ConfUtils.java:logGet(46)) - raft.server.log.statemachine.data.read.timeout = 1000ms (default)
2022-10-24 03:16:12,685 [s2-impl-thread1] INFO  server.RaftServerConfigKeys (ConfUtils.java:logGet(46)) - raft.server.log.purge.preservation.log.num = 0 (default)
2022-10-24 03:16:12,686 [s2-impl-thread1] INFO  server.RaftServerConfigKeys (ConfUtils.java:logGet(46)) - raft.server.log.segment.size.max = 8MB (=8388608) (default)
2022-10-24 03:16:12,686 [s2-impl-thread1] INFO  server.RaftServerConfigKeys (ConfUtils.java:logGet(46)) - raft.server.log.segment.cache.num.max = 6 (default)
2022-10-24 03:16:12,686 [s2-impl-thread1] INFO  server.RaftServerConfigKeys (ConfUtils.java:logGet(46)) - raft.server.log.segment.cache.size.max = 200MB (=209715200) (default)
2022-10-24 03:16:12,686 [s2-impl-thread1] INFO  segmented.SegmentedRaftLogWorker (SegmentedRaftLogWorker.java:<init>(184)) - new s2@group-6912872F20E7-SegmentedRaftLogWorker for RaftStorageImpl:Storage Directory /home/runner/work/ratis/ratis/ratis-test/target/test/data/7f1448f6/MiniRaftClusterWithGrpc35a71421/s2/9601d173-e10d-455f-9df4-6912872f20e7
2022-10-24 03:16:12,687 [s2-impl-thread1] INFO  server.RaftServerConfigKeys (ConfUtils.java:logGet(46)) - raft.server.log.queue.byte-limit = 64MB (=67108864) (default)
2022-10-24 03:16:12,687 [s2-impl-thread1] INFO  server.RaftServerConfigKeys (ConfUtils.java:logGet(46)) - raft.server.log.queue.element-limit = 4096 (default)
2022-10-24 03:16:12,687 [s2-impl-thread1] INFO  server.RaftServerConfigKeys (ConfUtils.java:logGet(46)) - raft.server.log.segment.size.max = 8MB (=8388608) (default)
2022-10-24 03:16:12,687 [s2-impl-thread1] INFO  server.RaftServerConfigKeys (ConfUtils.java:logGet(46)) - raft.server.log.preallocated.size = 4MB (=4194304) (default)
2022-10-24 03:16:12,687 [s2-impl-thread1] INFO  server.RaftServerConfigKeys (ConfUtils.java:logGet(46)) - raft.server.log.force.sync.num = 128 (default)
2022-10-24 03:16:12,687 [s2-impl-thread1] INFO  server.RaftServerConfigKeys (ConfUtils.java:logGet(46)) - raft.server.log.statemachine.data.sync = true (default)
2022-10-24 03:16:12,687 [s2-impl-thread1] INFO  server.RaftServerConfigKeys (ConfUtils.java:logGet(46)) - raft.server.log.statemachine.data.sync.timeout = 10s (default)
2022-10-24 03:16:12,687 [s2-impl-thread1] INFO  server.RaftServerConfigKeys (ConfUtils.java:logGet(46)) - raft.server.log.statemachine.data.sync.timeout.retry = -1 (default)
2022-10-24 03:16:12,687 [s2-impl-thread1] INFO  server.RaftServerConfigKeys (ConfUtils.java:logGet(46)) - raft.server.log.write.buffer.size = 64KB (=65536) (default)
2022-10-24 03:16:12,688 [s2-impl-thread1] INFO  server.RaftServerConfigKeys (ConfUtils.java:logGet(46)) - raft.server.log.appender.buffer.byte-limit = 4MB (=4194304) (default)
2022-10-24 03:16:12,688 [s2-impl-thread1] INFO  server.RaftServerConfigKeys (ConfUtils.java:logGet(46)) - raft.server.log.unsafe-flush.enabled = false (default)
2022-10-24 03:16:12,688 [s2-impl-thread1] INFO  server.RaftServerConfigKeys (ConfUtils.java:logGet(46)) - raft.server.log.async-flush.enabled = false (default)
2022-10-24 03:16:12,688 [s2-impl-thread1] INFO  server.RaftServerConfigKeys (ConfUtils.java:logGet(46)) - raft.server.log.statemachine.data.caching.enabled = false (default)
2022-10-24 03:16:12,688 [s2-impl-thread1] INFO  segmented.SegmentedRaftLogWorker (SegmentedRaftLogWorker.java:lambda$new$0(134)) - s2@group-6912872F20E7-SegmentedRaftLogWorker: flushIndex: setUnconditionally 0 -> -1
2022-10-24 03:16:12,688 [s2-impl-thread1] INFO  segmented.SegmentedRaftLogWorker (SegmentedRaftLogWorker.java:lambda$new$0(134)) - s2@group-6912872F20E7-SegmentedRaftLogWorker: safeCacheEvictIndex: setUnconditionally 0 -> -1
2022-10-24 03:16:12,688 [s2-impl-thread1] INFO  server.RaftServer$Division (RaftServerImpl.java:start(338)) - s2@group-6912872F20E7: start as a follower, conf=-1: peers:[s3|rpc:localhost:39579|admin:localhost:42243|client:localhost:33409|dataStream:localhost:46293|priority:0|startupRole:FOLLOWER, s4|rpc:localhost:45747|admin:localhost:35149|client:localhost:44435|dataStream:localhost:42993|priority:0|startupRole:FOLLOWER, s0|rpc:localhost:36179|admin:localhost:46501|client:localhost:36175|dataStream:localhost:33505|priority:0|startupRole:FOLLOWER, s1|rpc:localhost:36635|admin:localhost:41981|client:localhost:39775|dataStream:localhost:41297|priority:0|startupRole:FOLLOWER, s2|rpc:localhost:36969|admin:localhost:37929|client:localhost:40489|dataStream:localhost:38077|priority:0|startupRole:FOLLOWER]|listeners:[], old=null
2022-10-24 03:16:12,689 [s2-impl-thread1] INFO  server.RaftServer$Division (RaftServerImpl.java:setRole(325)) - s2@group-6912872F20E7: changes role from      null to FOLLOWER at term 0 for startAsFollower
2022-10-24 03:16:12,689 [s2-impl-thread1] INFO  impl.RoleInfo (RoleInfo.java:updateAndGet(139)) - s2: start s2@group-6912872F20E7-FollowerState
2022-10-24 03:16:12,696 [s2-impl-thread1] INFO  util.JmxRegister (JmxRegister.java:tryRegister(44)) - Successfully registered JMX Bean with object name Ratis:service=RaftServer,group=group-6912872F20E7,id=s2
2022-10-24 03:16:12,696 [s2-impl-thread1] INFO  server.RaftServerConfigKeys (ConfUtils.java:logGet(46)) - raft.server.snapshot.auto.trigger.enabled = false (default)
2022-10-24 03:16:12,696 [s2-impl-thread1] INFO  server.RaftServerConfigKeys (ConfUtils.java:logGet(46)) - raft.server.snapshot.retention.file.num = -1 (default)
2022-10-24 03:16:12,696 [s2-impl-thread1] INFO  server.RaftServerConfigKeys (ConfUtils.java:logGet(46)) - raft.server.log.purge.upto.snapshot.index = false (default)
2022-10-24 03:16:12,697 [s2@group-6912872F20E7-FollowerState] INFO  server.RaftServerConfigKeys (ConfUtils.java:logFallback(53)) - raft.server.rpc.first-election.timeout.min = 150ms (fallback to raft.server.rpc.timeout.min)
2022-10-24 03:16:12,701 [Time-limited test] INFO  server.RaftServer (RaftServerProxy.java:startImpl(396)) - s2: start RPC server
2022-10-24 03:16:12,702 [s2@group-6912872F20E7-FollowerState] INFO  server.RaftServerConfigKeys (ConfUtils.java:logFallback(53)) - raft.server.rpc.first-election.timeout.max = 300ms (fallback to raft.server.rpc.timeout.max)
2022-10-24 03:16:12,702 [Time-limited test] INFO  server.GrpcService (GrpcService.java:startImpl(310)) - s2: GrpcService started, listening on 40489
2022-10-24 03:16:12,703 [Time-limited test] INFO  server.GrpcService (GrpcService.java:startImpl(310)) - s2: GrpcService started, listening on 36969
2022-10-24 03:16:12,704 [Time-limited test] INFO  server.GrpcService (GrpcService.java:startImpl(310)) - s2: GrpcService started, listening on 37929
2022-10-24 03:16:12,704 [JvmPauseMonitor4] INFO  util.JvmPauseMonitor (JvmPauseMonitor.java:run(105)) - JvmPauseMonitor-s2: Started
2022-10-24 03:16:12,707 [Time-limited test] INFO  server.RaftServerConfigKeys (ConfUtils.java:logGet(46)) - raft.server.rpc.timeout.max = 300ms (default)
2022-10-24 03:16:12,709 [Time-limited test] INFO  ratis.RaftTestUtil (RaftTestUtil.java:waitForLeader(100)) - printing ALL groups
  s3:  RUNNING  FOLLOWER s3@group-6912872F20E7:t0, leader=null, voted=, raftlog=Memoized:s3@group-6912872F20E7-SegmentedRaftLog:OPENED:c-1, conf=-1: peers:[s3|rpc:localhost:39579|admin:localhost:42243|client:localhost:33409|dataStream:localhost:46293|priority:0|startupRole:FOLLOWER, s4|rpc:localhost:45747|admin:localhost:35149|client:localhost:44435|dataStream:localhost:42993|priority:0|startupRole:FOLLOWER, s0|rpc:localhost:36179|admin:localhost:46501|client:localhost:36175|dataStream:localhost:33505|priority:0|startupRole:FOLLOWER, s1|rpc:localhost:36635|admin:localhost:41981|client:localhost:39775|dataStream:localhost:41297|priority:0|startupRole:FOLLOWER, s2|rpc:localhost:36969|admin:localhost:37929|client:localhost:40489|dataStream:localhost:38077|priority:0|startupRole:FOLLOWER]|listeners:[], old=null RUNNING
  s4:  RUNNING  FOLLOWER s4@group-6912872F20E7:t0, leader=null, voted=, raftlog=Memoized:s4@group-6912872F20E7-SegmentedRaftLog:OPENED:c-1, conf=-1: peers:[s3|rpc:localhost:39579|admin:localhost:42243|client:localhost:33409|dataStream:localhost:46293|priority:0|startupRole:FOLLOWER, s4|rpc:localhost:45747|admin:localhost:35149|client:localhost:44435|dataStream:localhost:42993|priority:0|startupRole:FOLLOWER, s0|rpc:localhost:36179|admin:localhost:46501|client:localhost:36175|dataStream:localhost:33505|priority:0|startupRole:FOLLOWER, s1|rpc:localhost:36635|admin:localhost:41981|client:localhost:39775|dataStream:localhost:41297|priority:0|startupRole:FOLLOWER, s2|rpc:localhost:36969|admin:localhost:37929|client:localhost:40489|dataStream:localhost:38077|priority:0|startupRole:FOLLOWER]|listeners:[], old=null RUNNING
  s0:  RUNNING  FOLLOWER s0@group-6912872F20E7:t0, leader=null, voted=, raftlog=Memoized:s0@group-6912872F20E7-SegmentedRaftLog:OPENED:c-1, conf=-1: peers:[s3|rpc:localhost:39579|admin:localhost:42243|client:localhost:33409|dataStream:localhost:46293|priority:0|startupRole:FOLLOWER, s4|rpc:localhost:45747|admin:localhost:35149|client:localhost:44435|dataStream:localhost:42993|priority:0|startupRole:FOLLOWER, s0|rpc:localhost:36179|admin:localhost:46501|client:localhost:36175|dataStream:localhost:33505|priority:0|startupRole:FOLLOWER, s1|rpc:localhost:36635|admin:localhost:41981|client:localhost:39775|dataStream:localhost:41297|priority:0|startupRole:FOLLOWER, s2|rpc:localhost:36969|admin:localhost:37929|client:localhost:40489|dataStream:localhost:38077|priority:0|startupRole:FOLLOWER]|listeners:[], old=null RUNNING
  s1:  RUNNING  FOLLOWER s1@group-6912872F20E7:t0, leader=null, voted=, raftlog=Memoized:s1@group-6912872F20E7-SegmentedRaftLog:OPENED:c-1, conf=-1: peers:[s3|rpc:localhost:39579|admin:localhost:42243|client:localhost:33409|dataStream:localhost:46293|priority:0|startupRole:FOLLOWER, s4|rpc:localhost:45747|admin:localhost:35149|client:localhost:44435|dataStream:localhost:42993|priority:0|startupRole:FOLLOWER, s0|rpc:localhost:36179|admin:localhost:46501|client:localhost:36175|dataStream:localhost:33505|priority:0|startupRole:FOLLOWER, s1|rpc:localhost:36635|admin:localhost:41981|client:localhost:39775|dataStream:localhost:41297|priority:0|startupRole:FOLLOWER, s2|rpc:localhost:36969|admin:localhost:37929|client:localhost:40489|dataStream:localhost:38077|priority:0|startupRole:FOLLOWER]|listeners:[], old=null RUNNING
  s2:  RUNNING  FOLLOWER s2@group-6912872F20E7:t0, leader=null, voted=, raftlog=Memoized:s2@group-6912872F20E7-SegmentedRaftLog:OPENED:c-1, conf=-1: peers:[s3|rpc:localhost:39579|admin:localhost:42243|client:localhost:33409|dataStream:localhost:46293|priority:0|startupRole:FOLLOWER, s4|rpc:localhost:45747|admin:localhost:35149|client:localhost:44435|dataStream:localhost:42993|priority:0|startupRole:FOLLOWER, s0|rpc:localhost:36179|admin:localhost:46501|client:localhost:36175|dataStream:localhost:33505|priority:0|startupRole:FOLLOWER, s1|rpc:localhost:36635|admin:localhost:41981|client:localhost:39775|dataStream:localhost:41297|priority:0|startupRole:FOLLOWER, s2|rpc:localhost:36969|admin:localhost:37929|client:localhost:40489|dataStream:localhost:38077|priority:0|startupRole:FOLLOWER]|listeners:[], old=null RUNNING
2022-10-24 03:16:12,717 [Time-limited test] WARN  ratis.RaftTestUtil (JavaUtils.java:attempt(217)) - FAILED "waitForLeader-null-(expectLeader? true)", attempt #1/100: java.lang.IllegalStateException: No leader yet : printing ALL groups
  s3:  RUNNING  FOLLOWER s3@group-6912872F20E7:t0, leader=null, voted=, raftlog=Memoized:s3@group-6912872F20E7-SegmentedRaftLog:OPENED:c-1, conf=-1: peers:[s3|rpc:localhost:39579|admin:localhost:42243|client:localhost:33409|dataStream:localhost:46293|priority:0|startupRole:FOLLOWER, s4|rpc:localhost:45747|admin:localhost:35149|client:localhost:44435|dataStream:localhost:42993|priority:0|startupRole:FOLLOWER, s0|rpc:localhost:36179|admin:localhost:46501|client:localhost:36175|dataStream:localhost:33505|priority:0|startupRole:FOLLOWER, s1|rpc:localhost:36635|admin:localhost:41981|client:localhost:39775|dataStream:localhost:41297|priority:0|startupRole:FOLLOWER, s2|rpc:localhost:36969|admin:localhost:37929|client:localhost:40489|dataStream:localhost:38077|priority:0|startupRole:FOLLOWER]|listeners:[], old=null RUNNING
  s4:  RUNNING  FOLLOWER s4@group-6912872F20E7:t0, leader=null, voted=, raftlog=Memoized:s4@group-6912872F20E7-SegmentedRaftLog:OPENED:c-1, conf=-1: peers:[s3|rpc:localhost:39579|admin:localhost:42243|client:localhost:33409|dataStream:localhost:46293|priority:0|startupRole:FOLLOWER, s4|rpc:localhost:45747|admin:localhost:35149|client:localhost:44435|dataStream:localhost:42993|priority:0|startupRole:FOLLOWER, s0|rpc:localhost:36179|admin:localhost:46501|client:localhost:36175|dataStream:localhost:33505|priority:0|startupRole:FOLLOWER, s1|rpc:localhost:36635|admin:localhost:41981|client:localhost:39775|dataStream:localhost:41297|priority:0|startupRole:FOLLOWER, s2|rpc:localhost:36969|admin:localhost:37929|client:localhost:40489|dataStream:localhost:38077|priority:0|startupRole:FOLLOWER]|listeners:[], old=null RUNNING
  s0:  RUNNING  FOLLOWER s0@group-6912872F20E7:t0, leader=null, voted=, raftlog=Memoized:s0@group-6912872F20E7-SegmentedRaftLog:OPENED:c-1, conf=-1: peers:[s3|rpc:localhost:39579|admin:localhost:42243|client:localhost:33409|dataStream:localhost:46293|priority:0|startupRole:FOLLOWER, s4|rpc:localhost:45747|admin:localhost:35149|client:localhost:44435|dataStream:localhost:42993|priority:0|startupRole:FOLLOWER, s0|rpc:localhost:36179|admin:localhost:46501|client:localhost:36175|dataStream:localhost:33505|priority:0|startupRole:FOLLOWER, s1|rpc:localhost:36635|admin:localhost:41981|client:localhost:39775|dataStream:localhost:41297|priority:0|startupRole:FOLLOWER, s2|rpc:localhost:36969|admin:localhost:37929|client:localhost:40489|dataStream:localhost:38077|priority:0|startupRole:FOLLOWER]|listeners:[], old=null RUNNING
  s1:  RUNNING  FOLLOWER s1@group-6912872F20E7:t0, leader=null, voted=, raftlog=Memoized:s1@group-6912872F20E7-SegmentedRaftLog:OPENED:c-1, conf=-1: peers:[s3|rpc:localhost:39579|admin:localhost:42243|client:localhost:33409|dataStream:localhost:46293|priority:0|startupRole:FOLLOWER, s4|rpc:localhost:45747|admin:localhost:35149|client:localhost:44435|dataStream:localhost:42993|priority:0|startupRole:FOLLOWER, s0|rpc:localhost:36179|admin:localhost:46501|client:localhost:36175|dataStream:localhost:33505|priority:0|startupRole:FOLLOWER, s1|rpc:localhost:36635|admin:localhost:41981|client:localhost:39775|dataStream:localhost:41297|priority:0|startupRole:FOLLOWER, s2|rpc:localhost:36969|admin:localhost:37929|client:localhost:40489|dataStream:localhost:38077|priority:0|startupRole:FOLLOWER]|listeners:[], old=null RUNNING
  s2:  RUNNING  FOLLOWER s2@group-6912872F20E7:t0, leader=null, voted=, raftlog=Memoized:s2@group-6912872F20E7-SegmentedRaftLog:OPENED:c-1, conf=-1: peers:[s3|rpc:localhost:39579|admin:localhost:42243|client:localhost:33409|dataStream:localhost:46293|priority:0|startupRole:FOLLOWER, s4|rpc:localhost:45747|admin:localhost:35149|client:localhost:44435|dataStream:localhost:42993|priority:0|startupRole:FOLLOWER, s0|rpc:localhost:36179|admin:localhost:46501|client:localhost:36175|dataStream:localhost:33505|priority:0|startupRole:FOLLOWER, s1|rpc:localhost:36635|admin:localhost:41981|client:localhost:39775|dataStream:localhost:41297|priority:0|startupRole:FOLLOWER, s2|rpc:localhost:36969|admin:localhost:37929|client:localhost:40489|dataStream:localhost:38077|priority:0|startupRole:FOLLOWER]|listeners:[], old=null RUNNING, sleep 450ms and then retry.
java.lang.IllegalStateException: No leader yet : printing ALL groups
  s3:  RUNNING  FOLLOWER s3@group-6912872F20E7:t0, leader=null, voted=, raftlog=Memoized:s3@group-6912872F20E7-SegmentedRaftLog:OPENED:c-1, conf=-1: peers:[s3|rpc:localhost:39579|admin:localhost:42243|client:localhost:33409|dataStream:localhost:46293|priority:0|startupRole:FOLLOWER, s4|rpc:localhost:45747|admin:localhost:35149|client:localhost:44435|dataStream:localhost:42993|priority:0|startupRole:FOLLOWER, s0|rpc:localhost:36179|admin:localhost:46501|client:localhost:36175|dataStream:localhost:33505|priority:0|startupRole:FOLLOWER, s1|rpc:localhost:36635|admin:localhost:41981|client:localhost:39775|dataStream:localhost:41297|priority:0|startupRole:FOLLOWER, s2|rpc:localhost:36969|admin:localhost:37929|client:localhost:40489|dataStream:localhost:38077|priority:0|startupRole:FOLLOWER]|listeners:[], old=null RUNNING
  s4:  RUNNING  FOLLOWER s4@group-6912872F20E7:t0, leader=null, voted=, raftlog=Memoized:s4@group-6912872F20E7-SegmentedRaftLog:OPENED:c-1, conf=-1: peers:[s3|rpc:localhost:39579|admin:localhost:42243|client:localhost:33409|dataStream:localhost:46293|priority:0|startupRole:FOLLOWER, s4|rpc:localhost:45747|admin:localhost:35149|client:localhost:44435|dataStream:localhost:42993|priority:0|startupRole:FOLLOWER, s0|rpc:localhost:36179|admin:localhost:46501|client:localhost:36175|dataStream:localhost:33505|priority:0|startupRole:FOLLOWER, s1|rpc:localhost:36635|admin:localhost:41981|client:localhost:39775|dataStream:localhost:41297|priority:0|startupRole:FOLLOWER, s2|rpc:localhost:36969|admin:localhost:37929|client:localhost:40489|dataStream:localhost:38077|priority:0|startupRole:FOLLOWER]|listeners:[], old=null RUNNING
  s0:  RUNNING  FOLLOWER s0@group-6912872F20E7:t0, leader=null, voted=, raftlog=Memoized:s0@group-6912872F20E7-SegmentedRaftLog:OPENED:c-1, conf=-1: peers:[s3|rpc:localhost:39579|admin:localhost:42243|client:localhost:33409|dataStream:localhost:46293|priority:0|startupRole:FOLLOWER, s4|rpc:localhost:45747|admin:localhost:35149|client:localhost:44435|dataStream:localhost:42993|priority:0|startupRole:FOLLOWER, s0|rpc:localhost:36179|admin:localhost:46501|client:localhost:36175|dataStream:localhost:33505|priority:0|startupRole:FOLLOWER, s1|rpc:localhost:36635|admin:localhost:41981|client:localhost:39775|dataStream:localhost:41297|priority:0|startupRole:FOLLOWER, s2|rpc:localhost:36969|admin:localhost:37929|client:localhost:40489|dataStream:localhost:38077|priority:0|startupRole:FOLLOWER]|listeners:[], old=null RUNNING
  s1:  RUNNING  FOLLOWER s1@group-6912872F20E7:t0, leader=null, voted=, raftlog=Memoized:s1@group-6912872F20E7-SegmentedRaftLog:OPENED:c-1, conf=-1: peers:[s3|rpc:localhost:39579|admin:localhost:42243|client:localhost:33409|dataStream:localhost:46293|priority:0|startupRole:FOLLOWER, s4|rpc:localhost:45747|admin:localhost:35149|client:localhost:44435|dataStream:localhost:42993|priority:0|startupRole:FOLLOWER, s0|rpc:localhost:36179|admin:localhost:46501|client:localhost:36175|dataStream:localhost:33505|priority:0|startupRole:FOLLOWER, s1|rpc:localhost:36635|admin:localhost:41981|client:localhost:39775|dataStream:localhost:41297|priority:0|startupRole:FOLLOWER, s2|rpc:localhost:36969|admin:localhost:37929|client:localhost:40489|dataStream:localhost:38077|priority:0|startupRole:FOLLOWER]|listeners:[], old=null RUNNING
  s2:  RUNNING  FOLLOWER s2@group-6912872F20E7:t0, leader=null, voted=, raftlog=Memoized:s2@group-6912872F20E7-SegmentedRaftLog:OPENED:c-1, conf=-1: peers:[s3|rpc:localhost:39579|admin:localhost:42243|client:localhost:33409|dataStream:localhost:46293|priority:0|startupRole:FOLLOWER, s4|rpc:localhost:45747|admin:localhost:35149|client:localhost:44435|dataStream:localhost:42993|priority:0|startupRole:FOLLOWER, s0|rpc:localhost:36179|admin:localhost:46501|client:localhost:36175|dataStream:localhost:33505|priority:0|startupRole:FOLLOWER, s1|rpc:localhost:36635|admin:localhost:41981|client:localhost:39775|dataStream:localhost:41297|priority:0|startupRole:FOLLOWER, s2|rpc:localhost:36969|admin:localhost:37929|client:localhost:40489|dataStream:localhost:38077|priority:0|startupRole:FOLLOWER]|listeners:[], old=null RUNNING
	at org.apache.ratis.server.impl.MiniRaftCluster.newIllegalStateExceptionForNoLeaders(MiniRaftCluster.java:581)
	at org.apache.ratis.RaftTestUtil.lambda$waitForLeader$1(RaftTestUtil.java:104)
	at org.apache.ratis.server.impl.MiniRaftCluster.getLeader(MiniRaftCluster.java:615)
	at org.apache.ratis.server.impl.MiniRaftCluster.getLeader(MiniRaftCluster.java:608)
	at org.apache.ratis.RaftTestUtil.lambda$waitForLeader$3(RaftTestUtil.java:112)
	at org.apache.ratis.util.JavaUtils.attempt(JavaUtils.java:211)
	at org.apache.ratis.util.JavaUtils.attemptRepeatedly(JavaUtils.java:197)
	at org.apache.ratis.RaftTestUtil.waitForLeader(RaftTestUtil.java:111)
	at org.apache.ratis.RaftTestUtil.waitForLeader(RaftTestUtil.java:92)
	at org.apache.ratis.RaftTestUtil.waitForLeader(RaftTestUtil.java:87)
	at org.apache.ratis.server.impl.LeaderElectionTests.testEnforceLeader(LeaderElectionTests.java:277)
	at org.apache.ratis.grpc.TestLeaderElectionWithGrpc.testEnforceLeader(TestLeaderElectionWithGrpc.java:31)
	at java.base/jdk.internal.reflect.NativeMethodAccessorImpl.invoke0(Native Method)
	at java.base/jdk.internal.reflect.NativeMethodAccessorImpl.invoke(NativeMethodAccessorImpl.java:62)
	at java.base/jdk.internal.reflect.DelegatingMethodAccessorImpl.invoke(DelegatingMethodAccessorImpl.java:43)
	at java.base/java.lang.reflect.Method.invoke(Method.java:566)
	at org.junit.runners.model.FrameworkMethod$1.runReflectiveCall(FrameworkMethod.java:59)
	at org.junit.internal.runners.model.ReflectiveCallable.run(ReflectiveCallable.java:12)
	at org.junit.runners.model.FrameworkMethod.invokeExplosively(FrameworkMethod.java:56)
	at org.junit.internal.runners.statements.InvokeMethod.evaluate(InvokeMethod.java:17)
	at org.junit.internal.runners.statements.RunAfters.evaluate(RunAfters.java:27)
	at org.junit.internal.runners.statements.FailOnTimeout$CallableStatement.call(FailOnTimeout.java:299)
	at org.junit.internal.runners.statements.FailOnTimeout$CallableStatement.call(FailOnTimeout.java:293)
	at java.base/java.util.concurrent.FutureTask.run(FutureTask.java:264)
	at java.base/java.lang.Thread.run(Thread.java:829)
2022-10-24 03:16:12,720 [s3@group-6912872F20E7-FollowerState] INFO  impl.FollowerState (FollowerState.java:run(143)) - s3@group-6912872F20E7-FollowerState: change to CANDIDATE, lastRpcElapsedTime:188110002ns, electionTimeout:171ms
2022-10-24 03:16:12,723 [s3@group-6912872F20E7-FollowerState] INFO  impl.RoleInfo (RoleInfo.java:shutdownFollowerState(110)) - s3: shutdown s3@group-6912872F20E7-FollowerState
2022-10-24 03:16:12,723 [s3@group-6912872F20E7-FollowerState] INFO  server.RaftServer$Division (RaftServerImpl.java:setRole(325)) - s3@group-6912872F20E7: changes role from  FOLLOWER to CANDIDATE at term 0 for changeToCandidate
2022-10-24 03:16:12,725 [s3@group-6912872F20E7-FollowerState] INFO  server.RaftServerConfigKeys (ConfUtils.java:logGet(46)) - raft.server.leaderelection.pre-vote = true (default)
2022-10-24 03:16:12,725 [s3@group-6912872F20E7-FollowerState] INFO  impl.RoleInfo (RoleInfo.java:updateAndGet(139)) - s3: start s3@group-6912872F20E7-LeaderElection1
2022-10-24 03:16:12,731 [s3@group-6912872F20E7-LeaderElection1] INFO  impl.LeaderElection (LeaderElection.java:askForVotes(309)) - s3@group-6912872F20E7-LeaderElection1 PRE_VOTE round 0: submit vote requests at term 0 for -1: peers:[s3|rpc:localhost:39579|admin:localhost:42243|client:localhost:33409|dataStream:localhost:46293|priority:0|startupRole:FOLLOWER, s4|rpc:localhost:45747|admin:localhost:35149|client:localhost:44435|dataStream:localhost:42993|priority:0|startupRole:FOLLOWER, s0|rpc:localhost:36179|admin:localhost:46501|client:localhost:36175|dataStream:localhost:33505|priority:0|startupRole:FOLLOWER, s1|rpc:localhost:36635|admin:localhost:41981|client:localhost:39775|dataStream:localhost:41297|priority:0|startupRole:FOLLOWER, s2|rpc:localhost:36969|admin:localhost:37929|client:localhost:40489|dataStream:localhost:38077|priority:0|startupRole:FOLLOWER]|listeners:[], old=null
2022-10-24 03:16:12,752 [s3@group-6912872F20E7-LeaderElection1-1] INFO  server.GrpcServerProtocolClient (GrpcServerProtocolClient.java:<init>(63)) - Build channel for s4
2022-10-24 03:16:12,756 [s3@group-6912872F20E7-LeaderElection1-3] INFO  server.GrpcServerProtocolClient (GrpcServerProtocolClient.java:<init>(63)) - Build channel for s1
2022-10-24 03:16:12,756 [s3@group-6912872F20E7-LeaderElection1] INFO  server.RaftServerConfigKeys (ConfUtils.java:logFallback(53)) - raft.server.rpc.first-election.timeout.min = 150ms (fallback to raft.server.rpc.timeout.min)
2022-10-24 03:16:12,760 [s3@group-6912872F20E7-LeaderElection1] INFO  server.RaftServerConfigKeys (ConfUtils.java:logFallback(53)) - raft.server.rpc.first-election.timeout.max = 300ms (fallback to raft.server.rpc.timeout.max)
2022-10-24 03:16:12,757 [s3@group-6912872F20E7-LeaderElection1-2] INFO  server.GrpcServerProtocolClient (GrpcServerProtocolClient.java:<init>(63)) - Build channel for s0
2022-10-24 03:16:12,767 [s3@group-6912872F20E7-LeaderElection1-4] INFO  server.GrpcServerProtocolClient (GrpcServerProtocolClient.java:<init>(63)) - Build channel for s2
2022-10-24 03:16:12,919 [s4@group-6912872F20E7-FollowerState] INFO  impl.FollowerState (FollowerState.java:run(143)) - s4@group-6912872F20E7-FollowerState: change to CANDIDATE, lastRpcElapsedTime:299015364ns, electionTimeout:281ms
2022-10-24 03:16:12,919 [s4@group-6912872F20E7-FollowerState] INFO  impl.RoleInfo (RoleInfo.java:shutdownFollowerState(110)) - s4: shutdown s4@group-6912872F20E7-FollowerState
2022-10-24 03:16:12,920 [s4@group-6912872F20E7-FollowerState] INFO  server.RaftServer$Division (RaftServerImpl.java:setRole(325)) - s4@group-6912872F20E7: changes role from  FOLLOWER to CANDIDATE at term 0 for changeToCandidate
2022-10-24 03:16:12,920 [s4@group-6912872F20E7-FollowerState] INFO  server.RaftServerConfigKeys (ConfUtils.java:logGet(46)) - raft.server.leaderelection.pre-vote = true (default)
2022-10-24 03:16:12,920 [s4@group-6912872F20E7-FollowerState] INFO  impl.RoleInfo (RoleInfo.java:updateAndGet(139)) - s4: start s4@group-6912872F20E7-LeaderElection2
2022-10-24 03:16:12,926 [s4@group-6912872F20E7-LeaderElection2] INFO  impl.LeaderElection (LeaderElection.java:askForVotes(309)) - s4@group-6912872F20E7-LeaderElection2 PRE_VOTE round 0: submit vote requests at term 0 for -1: peers:[s3|rpc:localhost:39579|admin:localhost:42243|client:localhost:33409|dataStream:localhost:46293|priority:0|startupRole:FOLLOWER, s4|rpc:localhost:45747|admin:localhost:35149|client:localhost:44435|dataStream:localhost:42993|priority:0|startupRole:FOLLOWER, s0|rpc:localhost:36179|admin:localhost:46501|client:localhost:36175|dataStream:localhost:33505|priority:0|startupRole:FOLLOWER, s1|rpc:localhost:36635|admin:localhost:41981|client:localhost:39775|dataStream:localhost:41297|priority:0|startupRole:FOLLOWER, s2|rpc:localhost:36969|admin:localhost:37929|client:localhost:40489|dataStream:localhost:38077|priority:0|startupRole:FOLLOWER]|listeners:[], old=null
2022-10-24 03:16:12,927 [s4@group-6912872F20E7-LeaderElection2-1] INFO  server.GrpcServerProtocolClient (GrpcServerProtocolClient.java:<init>(63)) - Build channel for s3
2022-10-24 03:16:12,929 [s4@group-6912872F20E7-LeaderElection2-2] INFO  server.GrpcServerProtocolClient (GrpcServerProtocolClient.java:<init>(63)) - Build channel for s0
2022-10-24 03:16:12,940 [s4@group-6912872F20E7-LeaderElection2-4] INFO  server.GrpcServerProtocolClient (GrpcServerProtocolClient.java:<init>(63)) - Build channel for s2
2022-10-24 03:16:12,940 [s1@group-6912872F20E7-FollowerState] INFO  impl.FollowerState (FollowerState.java:run(143)) - s1@group-6912872F20E7-FollowerState: change to CANDIDATE, lastRpcElapsedTime:272131106ns, electionTimeout:258ms
2022-10-24 03:16:12,946 [s1@group-6912872F20E7-FollowerState] INFO  impl.RoleInfo (RoleInfo.java:shutdownFollowerState(110)) - s1: shutdown s1@group-6912872F20E7-FollowerState
2022-10-24 03:16:12,946 [s1@group-6912872F20E7-FollowerState] INFO  server.RaftServer$Division (RaftServerImpl.java:setRole(325)) - s1@group-6912872F20E7: changes role from  FOLLOWER to CANDIDATE at term 0 for changeToCandidate
2022-10-24 03:16:12,940 [s4@group-6912872F20E7-LeaderElection2] INFO  server.RaftServerConfigKeys (ConfUtils.java:logFallback(53)) - raft.server.rpc.first-election.timeout.min = 150ms (fallback to raft.server.rpc.timeout.min)
2022-10-24 03:16:12,946 [s4@group-6912872F20E7-LeaderElection2] INFO  server.RaftServerConfigKeys (ConfUtils.java:logFallback(53)) - raft.server.rpc.first-election.timeout.max = 300ms (fallback to raft.server.rpc.timeout.max)
2022-10-24 03:16:12,936 [s4@group-6912872F20E7-LeaderElection2-3] INFO  server.GrpcServerProtocolClient (GrpcServerProtocolClient.java:<init>(63)) - Build channel for s1
2022-10-24 03:16:12,936 [s0@group-6912872F20E7-FollowerState] INFO  impl.FollowerState (FollowerState.java:run(143)) - s0@group-6912872F20E7-FollowerState: change to CANDIDATE, lastRpcElapsedTime:289886276ns, electionTimeout:283ms
2022-10-24 03:16:12,947 [s0@group-6912872F20E7-FollowerState] INFO  impl.RoleInfo (RoleInfo.java:shutdownFollowerState(110)) - s0: shutdown s0@group-6912872F20E7-FollowerState
2022-10-24 03:16:12,947 [s0@group-6912872F20E7-FollowerState] INFO  server.RaftServer$Division (RaftServerImpl.java:setRole(325)) - s0@group-6912872F20E7: changes role from  FOLLOWER to CANDIDATE at term 0 for changeToCandidate
2022-10-24 03:16:12,933 [s3@group-6912872F20E7-LeaderElection1] INFO  impl.LeaderElection (LeaderElection.java:logAndReturn(89)) - s3@group-6912872F20E7-LeaderElection1: PRE_VOTE TIMEOUT received 0 response(s) and 0 exception(s):
2022-10-24 03:16:12,947 [s3@group-6912872F20E7-LeaderElection1] INFO  impl.LeaderElection (LeaderElection.java:askForVotes(311)) - s3@group-6912872F20E7-LeaderElection1 PRE_VOTE round 0: result TIMEOUT
2022-10-24 03:16:12,948 [s3@group-6912872F20E7-LeaderElection1] INFO  impl.LeaderElection (LeaderElection.java:askForVotes(309)) - s3@group-6912872F20E7-LeaderElection1 PRE_VOTE round 1: submit vote requests at term 0 for -1: peers:[s3|rpc:localhost:39579|admin:localhost:42243|client:localhost:33409|dataStream:localhost:46293|priority:0|startupRole:FOLLOWER, s4|rpc:localhost:45747|admin:localhost:35149|client:localhost:44435|dataStream:localhost:42993|priority:0|startupRole:FOLLOWER, s0|rpc:localhost:36179|admin:localhost:46501|client:localhost:36175|dataStream:localhost:33505|priority:0|startupRole:FOLLOWER, s1|rpc:localhost:36635|admin:localhost:41981|client:localhost:39775|dataStream:localhost:41297|priority:0|startupRole:FOLLOWER, s2|rpc:localhost:36969|admin:localhost:37929|client:localhost:40489|dataStream:localhost:38077|priority:0|startupRole:FOLLOWER]|listeners:[], old=null
2022-10-24 03:16:12,960 [s3@group-6912872F20E7-LeaderElection1] INFO  server.RaftServerConfigKeys (ConfUtils.java:logFallback(53)) - raft.server.rpc.first-election.timeout.min = 150ms (fallback to raft.server.rpc.timeout.min)
2022-10-24 03:16:12,960 [s3@group-6912872F20E7-LeaderElection1] INFO  server.RaftServerConfigKeys (ConfUtils.java:logFallback(53)) - raft.server.rpc.first-election.timeout.max = 300ms (fallback to raft.server.rpc.timeout.max)
2022-10-24 03:16:12,960 [s1@group-6912872F20E7-FollowerState] INFO  server.RaftServerConfigKeys (ConfUtils.java:logGet(46)) - raft.server.leaderelection.pre-vote = true (default)
2022-10-24 03:16:12,964 [s1@group-6912872F20E7-FollowerState] INFO  impl.RoleInfo (RoleInfo.java:updateAndGet(139)) - s1: start s1@group-6912872F20E7-LeaderElection3
2022-10-24 03:16:12,960 [s0@group-6912872F20E7-FollowerState] INFO  server.RaftServerConfigKeys (ConfUtils.java:logGet(46)) - raft.server.leaderelection.pre-vote = true (default)
2022-10-24 03:16:12,964 [s0@group-6912872F20E7-FollowerState] INFO  impl.RoleInfo (RoleInfo.java:updateAndGet(139)) - s0: start s0@group-6912872F20E7-LeaderElection4
2022-10-24 03:16:12,974 [s1@group-6912872F20E7-LeaderElection3] INFO  impl.LeaderElection (LeaderElection.java:askForVotes(309)) - s1@group-6912872F20E7-LeaderElection3 PRE_VOTE round 0: submit vote requests at term 0 for -1: peers:[s3|rpc:localhost:39579|admin:localhost:42243|client:localhost:33409|dataStream:localhost:46293|priority:0|startupRole:FOLLOWER, s4|rpc:localhost:45747|admin:localhost:35149|client:localhost:44435|dataStream:localhost:42993|priority:0|startupRole:FOLLOWER, s0|rpc:localhost:36179|admin:localhost:46501|client:localhost:36175|dataStream:localhost:33505|priority:0|startupRole:FOLLOWER, s1|rpc:localhost:36635|admin:localhost:41981|client:localhost:39775|dataStream:localhost:41297|priority:0|startupRole:FOLLOWER, s2|rpc:localhost:36969|admin:localhost:37929|client:localhost:40489|dataStream:localhost:38077|priority:0|startupRole:FOLLOWER]|listeners:[], old=null
2022-10-24 03:16:12,976 [s0@group-6912872F20E7-LeaderElection4] INFO  impl.LeaderElection (LeaderElection.java:askForVotes(309)) - s0@group-6912872F20E7-LeaderElection4 PRE_VOTE round 0: submit vote requests at term 0 for -1: peers:[s3|rpc:localhost:39579|admin:localhost:42243|client:localhost:33409|dataStream:localhost:46293|priority:0|startupRole:FOLLOWER, s4|rpc:localhost:45747|admin:localhost:35149|client:localhost:44435|dataStream:localhost:42993|priority:0|startupRole:FOLLOWER, s0|rpc:localhost:36179|admin:localhost:46501|client:localhost:36175|dataStream:localhost:33505|priority:0|startupRole:FOLLOWER, s1|rpc:localhost:36635|admin:localhost:41981|client:localhost:39775|dataStream:localhost:41297|priority:0|startupRole:FOLLOWER, s2|rpc:localhost:36969|admin:localhost:37929|client:localhost:40489|dataStream:localhost:38077|priority:0|startupRole:FOLLOWER]|listeners:[], old=null
2022-10-24 03:16:12,977 [s0@group-6912872F20E7-LeaderElection4-1] INFO  server.GrpcServerProtocolClient (GrpcServerProtocolClient.java:<init>(63)) - Build channel for s3
2022-10-24 03:16:12,980 [s1@group-6912872F20E7-LeaderElection3-1] INFO  server.GrpcServerProtocolClient (GrpcServerProtocolClient.java:<init>(63)) - Build channel for s3
2022-10-24 03:16:12,990 [s2@group-6912872F20E7-FollowerState] INFO  impl.FollowerState (FollowerState.java:run(143)) - s2@group-6912872F20E7-FollowerState: change to CANDIDATE, lastRpcElapsedTime:301362486ns, electionTimeout:287ms
2022-10-24 03:16:12,990 [s2@group-6912872F20E7-FollowerState] INFO  impl.RoleInfo (RoleInfo.java:shutdownFollowerState(110)) - s2: shutdown s2@group-6912872F20E7-FollowerState
2022-10-24 03:16:12,990 [s2@group-6912872F20E7-FollowerState] INFO  server.RaftServer$Division (RaftServerImpl.java:setRole(325)) - s2@group-6912872F20E7: changes role from  FOLLOWER to CANDIDATE at term 0 for changeToCandidate
2022-10-24 03:16:12,980 [s1@group-6912872F20E7-LeaderElection3-2] INFO  server.GrpcServerProtocolClient (GrpcServerProtocolClient.java:<init>(63)) - Build channel for s4
2022-10-24 03:16:12,980 [s1@group-6912872F20E7-LeaderElection3-3] INFO  server.GrpcServerProtocolClient (GrpcServerProtocolClient.java:<init>(63)) - Build channel for s0
2022-10-24 03:16:12,978 [s1@group-6912872F20E7-LeaderElection3-4] INFO  server.GrpcServerProtocolClient (GrpcServerProtocolClient.java:<init>(63)) - Build channel for s2
2022-10-24 03:16:12,978 [s0@group-6912872F20E7-LeaderElection4-2] INFO  server.GrpcServerProtocolClient (GrpcServerProtocolClient.java:<init>(63)) - Build channel for s4
2022-10-24 03:16:12,978 [s1@group-6912872F20E7-LeaderElection3] INFO  server.RaftServerConfigKeys (ConfUtils.java:logFallback(53)) - raft.server.rpc.first-election.timeout.min = 150ms (fallback to raft.server.rpc.timeout.min)
2022-10-24 03:16:12,993 [s1@group-6912872F20E7-LeaderElection3] INFO  server.RaftServerConfigKeys (ConfUtils.java:logFallback(53)) - raft.server.rpc.first-election.timeout.max = 300ms (fallback to raft.server.rpc.timeout.max)
2022-10-24 03:16:12,985 [s0@group-6912872F20E7-LeaderElection4-4] INFO  server.GrpcServerProtocolClient (GrpcServerProtocolClient.java:<init>(63)) - Build channel for s2
2022-10-24 03:16:12,985 [s0@group-6912872F20E7-LeaderElection4-3] INFO  server.GrpcServerProtocolClient (GrpcServerProtocolClient.java:<init>(63)) - Build channel for s1
2022-10-24 03:16:12,984 [s0@group-6912872F20E7-LeaderElection4] INFO  server.RaftServerConfigKeys (ConfUtils.java:logFallback(53)) - raft.server.rpc.first-election.timeout.min = 150ms (fallback to raft.server.rpc.timeout.min)
2022-10-24 03:16:13,027 [s0@group-6912872F20E7-LeaderElection4] INFO  server.RaftServerConfigKeys (ConfUtils.java:logFallback(53)) - raft.server.rpc.first-election.timeout.max = 300ms (fallback to raft.server.rpc.timeout.max)
2022-10-24 03:16:13,011 [s2@group-6912872F20E7-FollowerState] INFO  server.RaftServerConfigKeys (ConfUtils.java:logGet(46)) - raft.server.leaderelection.pre-vote = true (default)
2022-10-24 03:16:13,027 [s2@group-6912872F20E7-FollowerState] INFO  impl.RoleInfo (RoleInfo.java:updateAndGet(139)) - s2: start s2@group-6912872F20E7-LeaderElection5
2022-10-24 03:16:13,056 [s2@group-6912872F20E7-LeaderElection5] INFO  impl.LeaderElection (LeaderElection.java:askForVotes(309)) - s2@group-6912872F20E7-LeaderElection5 PRE_VOTE round 0: submit vote requests at term 0 for -1: peers:[s3|rpc:localhost:39579|admin:localhost:42243|client:localhost:33409|dataStream:localhost:46293|priority:0|startupRole:FOLLOWER, s4|rpc:localhost:45747|admin:localhost:35149|client:localhost:44435|dataStream:localhost:42993|priority:0|startupRole:FOLLOWER, s0|rpc:localhost:36179|admin:localhost:46501|client:localhost:36175|dataStream:localhost:33505|priority:0|startupRole:FOLLOWER, s1|rpc:localhost:36635|admin:localhost:41981|client:localhost:39775|dataStream:localhost:41297|priority:0|startupRole:FOLLOWER, s2|rpc:localhost:36969|admin:localhost:37929|client:localhost:40489|dataStream:localhost:38077|priority:0|startupRole:FOLLOWER]|listeners:[], old=null
2022-10-24 03:16:13,057 [s2@group-6912872F20E7-LeaderElection5-1] INFO  server.GrpcServerProtocolClient (GrpcServerProtocolClient.java:<init>(63)) - Build channel for s3
2022-10-24 03:16:13,060 [s2@group-6912872F20E7-LeaderElection5-2] INFO  server.GrpcServerProtocolClient (GrpcServerProtocolClient.java:<init>(63)) - Build channel for s4
2022-10-24 03:16:13,074 [s2@group-6912872F20E7-LeaderElection5] INFO  server.RaftServerConfigKeys (ConfUtils.java:logFallback(53)) - raft.server.rpc.first-election.timeout.min = 150ms (fallback to raft.server.rpc.timeout.min)
2022-10-24 03:16:13,079 [s2@group-6912872F20E7-LeaderElection5] INFO  server.RaftServerConfigKeys (ConfUtils.java:logFallback(53)) - raft.server.rpc.first-election.timeout.max = 300ms (fallback to raft.server.rpc.timeout.max)
2022-10-24 03:16:13,076 [s2@group-6912872F20E7-LeaderElection5-4] INFO  server.GrpcServerProtocolClient (GrpcServerProtocolClient.java:<init>(63)) - Build channel for s1
2022-10-24 03:16:13,074 [s2@group-6912872F20E7-LeaderElection5-3] INFO  server.GrpcServerProtocolClient (GrpcServerProtocolClient.java:<init>(63)) - Build channel for s0
2022-10-24 03:16:13,142 [s0@group-6912872F20E7-LeaderElection4] INFO  impl.LeaderElection (LeaderElection.java:logAndReturn(89)) - s0@group-6912872F20E7-LeaderElection4: PRE_VOTE TIMEOUT received 0 response(s) and 0 exception(s):
2022-10-24 03:16:13,142 [s0@group-6912872F20E7-LeaderElection4] INFO  impl.LeaderElection (LeaderElection.java:askForVotes(311)) - s0@group-6912872F20E7-LeaderElection4 PRE_VOTE round 0: result TIMEOUT
2022-10-24 03:16:13,142 [s0@group-6912872F20E7-LeaderElection4] INFO  impl.LeaderElection (LeaderElection.java:askForVotes(309)) - s0@group-6912872F20E7-LeaderElection4 PRE_VOTE round 1: submit vote requests at term 0 for -1: peers:[s3|rpc:localhost:39579|admin:localhost:42243|client:localhost:33409|dataStream:localhost:46293|priority:0|startupRole:FOLLOWER, s4|rpc:localhost:45747|admin:localhost:35149|client:localhost:44435|dataStream:localhost:42993|priority:0|startupRole:FOLLOWER, s0|rpc:localhost:36179|admin:localhost:46501|client:localhost:36175|dataStream:localhost:33505|priority:0|startupRole:FOLLOWER, s1|rpc:localhost:36635|admin:localhost:41981|client:localhost:39775|dataStream:localhost:41297|priority:0|startupRole:FOLLOWER, s2|rpc:localhost:36969|admin:localhost:37929|client:localhost:40489|dataStream:localhost:38077|priority:0|startupRole:FOLLOWER]|listeners:[], old=null
2022-10-24 03:16:13,153 [s3@group-6912872F20E7-LeaderElection1] INFO  impl.LeaderElection (LeaderElection.java:logAndReturn(89)) - s3@group-6912872F20E7-LeaderElection1: PRE_VOTE TIMEOUT received 0 response(s) and 0 exception(s):
2022-10-24 03:16:13,153 [s3@group-6912872F20E7-LeaderElection1] INFO  impl.LeaderElection (LeaderElection.java:askForVotes(311)) - s3@group-6912872F20E7-LeaderElection1 PRE_VOTE round 1: result TIMEOUT
2022-10-24 03:16:13,153 [s3@group-6912872F20E7-LeaderElection1] INFO  impl.LeaderElection (LeaderElection.java:askForVotes(309)) - s3@group-6912872F20E7-LeaderElection1 PRE_VOTE round 2: submit vote requests at term 0 for -1: peers:[s3|rpc:localhost:39579|admin:localhost:42243|client:localhost:33409|dataStream:localhost:46293|priority:0|startupRole:FOLLOWER, s4|rpc:localhost:45747|admin:localhost:35149|client:localhost:44435|dataStream:localhost:42993|priority:0|startupRole:FOLLOWER, s0|rpc:localhost:36179|admin:localhost:46501|client:localhost:36175|dataStream:localhost:33505|priority:0|startupRole:FOLLOWER, s1|rpc:localhost:36635|admin:localhost:41981|client:localhost:39775|dataStream:localhost:41297|priority:0|startupRole:FOLLOWER, s2|rpc:localhost:36969|admin:localhost:37929|client:localhost:40489|dataStream:localhost:38077|priority:0|startupRole:FOLLOWER]|listeners:[], old=null
2022-10-24 03:16:13,154 [s0@group-6912872F20E7-LeaderElection4] INFO  server.RaftServerConfigKeys (ConfUtils.java:logFallback(53)) - raft.server.rpc.first-election.timeout.min = 150ms (fallback to raft.server.rpc.timeout.min)
2022-10-24 03:16:13,164 [s0@group-6912872F20E7-LeaderElection4] INFO  server.RaftServerConfigKeys (ConfUtils.java:logFallback(53)) - raft.server.rpc.first-election.timeout.max = 300ms (fallback to raft.server.rpc.timeout.max)
2022-10-24 03:16:13,173 [Time-limited test] WARN  ratis.RaftTestUtil (JavaUtils.java:attempt(217)) - FAILED "waitForLeader-null-(expectLeader? true)", attempt #2/100: java.lang.IllegalStateException: No leader yet : printing ALL groups
  s3:  RUNNING CANDIDATE s3@group-6912872F20E7:t0, leader=null, voted=, raftlog=Memoized:s3@group-6912872F20E7-SegmentedRaftLog:OPENED:c-1, conf=-1: peers:[s3|rpc:localhost:39579|admin:localhost:42243|client:localhost:33409|dataStream:localhost:46293|priority:0|startupRole:FOLLOWER, s4|rpc:localhost:45747|admin:localhost:35149|client:localhost:44435|dataStream:localhost:42993|priority:0|startupRole:FOLLOWER, s0|rpc:localhost:36179|admin:localhost:46501|client:localhost:36175|dataStream:localhost:33505|priority:0|startupRole:FOLLOWER, s1|rpc:localhost:36635|admin:localhost:41981|client:localhost:39775|dataStream:localhost:41297|priority:0|startupRole:FOLLOWER, s2|rpc:localhost:36969|admin:localhost:37929|client:localhost:40489|dataStream:localhost:38077|priority:0|startupRole:FOLLOWER]|listeners:[], old=null RUNNING
  s4:  RUNNING CANDIDATE s4@group-6912872F20E7:t0, leader=null, voted=, raftlog=Memoized:s4@group-6912872F20E7-SegmentedRaftLog:OPENED:c-1, conf=-1: peers:[s3|rpc:localhost:39579|admin:localhost:42243|client:localhost:33409|dataStream:localhost:46293|priority:0|startupRole:FOLLOWER, s4|rpc:localhost:45747|admin:localhost:35149|client:localhost:44435|dataStream:localhost:42993|priority:0|startupRole:FOLLOWER, s0|rpc:localhost:36179|admin:localhost:46501|client:localhost:36175|dataStream:localhost:33505|priority:0|startupRole:FOLLOWER, s1|rpc:localhost:36635|admin:localhost:41981|client:localhost:39775|dataStream:localhost:41297|priority:0|startupRole:FOLLOWER, s2|rpc:localhost:36969|admin:localhost:37929|client:localhost:40489|dataStream:localhost:38077|priority:0|startupRole:FOLLOWER]|listeners:[], old=null RUNNING
  s0:  RUNNING CANDIDATE s0@group-6912872F20E7:t0, leader=null, voted=, raftlog=Memoized:s0@group-6912872F20E7-SegmentedRaftLog:OPENED:c-1, conf=-1: peers:[s3|rpc:localhost:39579|admin:localhost:42243|client:localhost:33409|dataStream:localhost:46293|priority:0|startupRole:FOLLOWER, s4|rpc:localhost:45747|admin:localhost:35149|client:localhost:44435|dataStream:localhost:42993|priority:0|startupRole:FOLLOWER, s0|rpc:localhost:36179|admin:localhost:46501|client:localhost:36175|dataStream:localhost:33505|priority:0|startupRole:FOLLOWER, s1|rpc:localhost:36635|admin:localhost:41981|client:localhost:39775|dataStream:localhost:41297|priority:0|startupRole:FOLLOWER, s2|rpc:localhost:36969|admin:localhost:37929|client:localhost:40489|dataStream:localhost:38077|priority:0|startupRole:FOLLOWER]|listeners:[], old=null RUNNING
  s1:  RUNNING CANDIDATE s1@group-6912872F20E7:t0, leader=null, voted=, raftlog=Memoized:s1@group-6912872F20E7-SegmentedRaftLog:OPENED:c-1, conf=-1: peers:[s3|rpc:localhost:39579|admin:localhost:42243|client:localhost:33409|dataStream:localhost:46293|priority:0|startupRole:FOLLOWER, s4|rpc:localhost:45747|admin:localhost:35149|client:localhost:44435|dataStream:localhost:42993|priority:0|startupRole:FOLLOWER, s0|rpc:localhost:36179|admin:localhost:46501|client:localhost:36175|dataStream:localhost:33505|priority:0|startupRole:FOLLOWER, s1|rpc:localhost:36635|admin:localhost:41981|client:localhost:39775|dataStream:localhost:41297|priority:0|startupRole:FOLLOWER, s2|rpc:localhost:36969|admin:localhost:37929|client:localhost:40489|dataStream:localhost:38077|priority:0|startupRole:FOLLOWER]|listeners:[], old=null RUNNING
  s2:  RUNNING CANDIDATE s2@group-6912872F20E7:t0, leader=null, voted=, raftlog=Memoized:s2@group-6912872F20E7-SegmentedRaftLog:OPENED:c-1, conf=-1: peers:[s3|rpc:localhost:39579|admin:localhost:42243|client:localhost:33409|dataStream:localhost:46293|priority:0|startupRole:FOLLOWER, s4|rpc:localhost:45747|admin:localhost:35149|client:localhost:44435|dataStream:localhost:42993|priority:0|startupRole:FOLLOWER, s0|rpc:localhost:36179|admin:localhost:46501|client:localhost:36175|dataStream:localhost:33505|priority:0|startupRole:FOLLOWER, s1|rpc:localhost:36635|admin:localhost:41981|client:localhost:39775|dataStream:localhost:41297|priority:0|startupRole:FOLLOWER, s2|rpc:localhost:36969|admin:localhost:37929|client:localhost:40489|dataStream:localhost:38077|priority:0|startupRole:FOLLOWER]|listeners:[], old=null RUNNING, sleep 450ms and then retry.
java.lang.IllegalStateException: No leader yet : printing ALL groups
  s3:  RUNNING CANDIDATE s3@group-6912872F20E7:t0, leader=null, voted=, raftlog=Memoized:s3@group-6912872F20E7-SegmentedRaftLog:OPENED:c-1, conf=-1: peers:[s3|rpc:localhost:39579|admin:localhost:42243|client:localhost:33409|dataStream:localhost:46293|priority:0|startupRole:FOLLOWER, s4|rpc:localhost:45747|admin:localhost:35149|client:localhost:44435|dataStream:localhost:42993|priority:0|startupRole:FOLLOWER, s0|rpc:localhost:36179|admin:localhost:46501|client:localhost:36175|dataStream:localhost:33505|priority:0|startupRole:FOLLOWER, s1|rpc:localhost:36635|admin:localhost:41981|client:localhost:39775|dataStream:localhost:41297|priority:0|startupRole:FOLLOWER, s2|rpc:localhost:36969|admin:localhost:37929|client:localhost:40489|dataStream:localhost:38077|priority:0|startupRole:FOLLOWER]|listeners:[], old=null RUNNING
  s4:  RUNNING CANDIDATE s4@group-6912872F20E7:t0, leader=null, voted=, raftlog=Memoized:s4@group-6912872F20E7-SegmentedRaftLog:OPENED:c-1, conf=-1: peers:[s3|rpc:localhost:39579|admin:localhost:42243|client:localhost:33409|dataStream:localhost:46293|priority:0|startupRole:FOLLOWER, s4|rpc:localhost:45747|admin:localhost:35149|client:localhost:44435|dataStream:localhost:42993|priority:0|startupRole:FOLLOWER, s0|rpc:localhost:36179|admin:localhost:46501|client:localhost:36175|dataStream:localhost:33505|priority:0|startupRole:FOLLOWER, s1|rpc:localhost:36635|admin:localhost:41981|client:localhost:39775|dataStream:localhost:41297|priority:0|startupRole:FOLLOWER, s2|rpc:localhost:36969|admin:localhost:37929|client:localhost:40489|dataStream:localhost:38077|priority:0|startupRole:FOLLOWER]|listeners:[], old=null RUNNING
  s0:  RUNNING CANDIDATE s0@group-6912872F20E7:t0, leader=null, voted=, raftlog=Memoized:s0@group-6912872F20E7-SegmentedRaftLog:OPENED:c-1, conf=-1: peers:[s3|rpc:localhost:39579|admin:localhost:42243|client:localhost:33409|dataStream:localhost:46293|priority:0|startupRole:FOLLOWER, s4|rpc:localhost:45747|admin:localhost:35149|client:localhost:44435|dataStream:localhost:42993|priority:0|startupRole:FOLLOWER, s0|rpc:localhost:36179|admin:localhost:46501|client:localhost:36175|dataStream:localhost:33505|priority:0|startupRole:FOLLOWER, s1|rpc:localhost:36635|admin:localhost:41981|client:localhost:39775|dataStream:localhost:41297|priority:0|startupRole:FOLLOWER, s2|rpc:localhost:36969|admin:localhost:37929|client:localhost:40489|dataStream:localhost:38077|priority:0|startupRole:FOLLOWER]|listeners:[], old=null RUNNING
  s1:  RUNNING CANDIDATE s1@group-6912872F20E7:t0, leader=null, voted=, raftlog=Memoized:s1@group-6912872F20E7-SegmentedRaftLog:OPENED:c-1, conf=-1: peers:[s3|rpc:localhost:39579|admin:localhost:42243|client:localhost:33409|dataStream:localhost:46293|priority:0|startupRole:FOLLOWER, s4|rpc:localhost:45747|admin:localhost:35149|client:localhost:44435|dataStream:localhost:42993|priority:0|startupRole:FOLLOWER, s0|rpc:localhost:36179|admin:localhost:46501|client:localhost:36175|dataStream:localhost:33505|priority:0|startupRole:FOLLOWER, s1|rpc:localhost:36635|admin:localhost:41981|client:localhost:39775|dataStream:localhost:41297|priority:0|startupRole:FOLLOWER, s2|rpc:localhost:36969|admin:localhost:37929|client:localhost:40489|dataStream:localhost:38077|priority:0|startupRole:FOLLOWER]|listeners:[], old=null RUNNING
  s2:  RUNNING CANDIDATE s2@group-6912872F20E7:t0, leader=null, voted=, raftlog=Memoized:s2@group-6912872F20E7-SegmentedRaftLog:OPENED:c-1, conf=-1: peers:[s3|rpc:localhost:39579|admin:localhost:42243|client:localhost:33409|dataStream:localhost:46293|priority:0|startupRole:FOLLOWER, s4|rpc:localhost:45747|admin:localhost:35149|client:localhost:44435|dataStream:localhost:42993|priority:0|startupRole:FOLLOWER, s0|rpc:localhost:36179|admin:localhost:46501|client:localhost:36175|dataStream:localhost:33505|priority:0|startupRole:FOLLOWER, s1|rpc:localhost:36635|admin:localhost:41981|client:localhost:39775|dataStream:localhost:41297|priority:0|startupRole:FOLLOWER, s2|rpc:localhost:36969|admin:localhost:37929|client:localhost:40489|dataStream:localhost:38077|priority:0|startupRole:FOLLOWER]|listeners:[], old=null RUNNING
	at org.apache.ratis.server.impl.MiniRaftCluster.newIllegalStateExceptionForNoLeaders(MiniRaftCluster.java:581)
	at org.apache.ratis.RaftTestUtil.lambda$waitForLeader$1(RaftTestUtil.java:104)
	at org.apache.ratis.server.impl.MiniRaftCluster.getLeader(MiniRaftCluster.java:615)
	at org.apache.ratis.server.impl.MiniRaftCluster.getLeader(MiniRaftCluster.java:608)
	at org.apache.ratis.RaftTestUtil.lambda$waitForLeader$3(RaftTestUtil.java:112)
	at org.apache.ratis.util.JavaUtils.attempt(JavaUtils.java:211)
	at org.apache.ratis.util.JavaUtils.attemptRepeatedly(JavaUtils.java:197)
	at org.apache.ratis.RaftTestUtil.waitForLeader(RaftTestUtil.java:111)
	at org.apache.ratis.RaftTestUtil.waitForLeader(RaftTestUtil.java:92)
	at org.apache.ratis.RaftTestUtil.waitForLeader(RaftTestUtil.java:87)
	at org.apache.ratis.server.impl.LeaderElectionTests.testEnforceLeader(LeaderElectionTests.java:277)
	at org.apache.ratis.grpc.TestLeaderElectionWithGrpc.testEnforceLeader(TestLeaderElectionWithGrpc.java:31)
	at java.base/jdk.internal.reflect.NativeMethodAccessorImpl.invoke0(Native Method)
	at java.base/jdk.internal.reflect.NativeMethodAccessorImpl.invoke(NativeMethodAccessorImpl.java:62)
	at java.base/jdk.internal.reflect.DelegatingMethodAccessorImpl.invoke(DelegatingMethodAccessorImpl.java:43)
	at java.base/java.lang.reflect.Method.invoke(Method.java:566)
	at org.junit.runners.model.FrameworkMethod$1.runReflectiveCall(FrameworkMethod.java:59)
	at org.junit.internal.runners.model.ReflectiveCallable.run(ReflectiveCallable.java:12)
	at org.junit.runners.model.FrameworkMethod.invokeExplosively(FrameworkMethod.java:56)
	at org.junit.internal.runners.statements.InvokeMethod.evaluate(InvokeMethod.java:17)
	at org.junit.internal.runners.statements.RunAfters.evaluate(RunAfters.java:27)
	at org.junit.internal.runners.statements.FailOnTimeout$CallableStatement.call(FailOnTimeout.java:299)
	at org.junit.internal.runners.statements.FailOnTimeout$CallableStatement.call(FailOnTimeout.java:293)
	at java.base/java.util.concurrent.FutureTask.run(FutureTask.java:264)
	at java.base/java.lang.Thread.run(Thread.java:829)
2022-10-24 03:16:13,180 [s3@group-6912872F20E7-LeaderElection1] INFO  server.RaftServerConfigKeys (ConfUtils.java:logFallback(53)) - raft.server.rpc.first-election.timeout.min = 150ms (fallback to raft.server.rpc.timeout.min)
2022-10-24 03:16:13,184 [s3@group-6912872F20E7-LeaderElection1] INFO  server.RaftServerConfigKeys (ConfUtils.java:logFallback(53)) - raft.server.rpc.first-election.timeout.max = 300ms (fallback to raft.server.rpc.timeout.max)
2022-10-24 03:16:13,177 [s4@group-6912872F20E7-LeaderElection2] INFO  impl.LeaderElection (LeaderElection.java:logAndReturn(89)) - s4@group-6912872F20E7-LeaderElection2: PRE_VOTE TIMEOUT received 0 response(s) and 0 exception(s):
2022-10-24 03:16:13,185 [s4@group-6912872F20E7-LeaderElection2] INFO  impl.LeaderElection (LeaderElection.java:askForVotes(311)) - s4@group-6912872F20E7-LeaderElection2 PRE_VOTE round 0: result TIMEOUT
2022-10-24 03:16:13,185 [s4@group-6912872F20E7-LeaderElection2] INFO  impl.LeaderElection (LeaderElection.java:askForVotes(309)) - s4@group-6912872F20E7-LeaderElection2 PRE_VOTE round 1: submit vote requests at term 0 for -1: peers:[s3|rpc:localhost:39579|admin:localhost:42243|client:localhost:33409|dataStream:localhost:46293|priority:0|startupRole:FOLLOWER, s4|rpc:localhost:45747|admin:localhost:35149|client:localhost:44435|dataStream:localhost:42993|priority:0|startupRole:FOLLOWER, s0|rpc:localhost:36179|admin:localhost:46501|client:localhost:36175|dataStream:localhost:33505|priority:0|startupRole:FOLLOWER, s1|rpc:localhost:36635|admin:localhost:41981|client:localhost:39775|dataStream:localhost:41297|priority:0|startupRole:FOLLOWER, s2|rpc:localhost:36969|admin:localhost:37929|client:localhost:40489|dataStream:localhost:38077|priority:0|startupRole:FOLLOWER]|listeners:[], old=null
2022-10-24 03:16:13,202 [s4@group-6912872F20E7-LeaderElection2] INFO  server.RaftServerConfigKeys (ConfUtils.java:logFallback(53)) - raft.server.rpc.first-election.timeout.min = 150ms (fallback to raft.server.rpc.timeout.min)
2022-10-24 03:16:13,202 [s4@group-6912872F20E7-LeaderElection2] INFO  server.RaftServerConfigKeys (ConfUtils.java:logFallback(53)) - raft.server.rpc.first-election.timeout.max = 300ms (fallback to raft.server.rpc.timeout.max)
2022-10-24 03:16:13,263 [s1@group-6912872F20E7-LeaderElection3] INFO  impl.LeaderElection (LeaderElection.java:logAndReturn(89)) - s1@group-6912872F20E7-LeaderElection3: PRE_VOTE TIMEOUT received 0 response(s) and 0 exception(s):
2022-10-24 03:16:13,264 [s1@group-6912872F20E7-LeaderElection3] INFO  impl.LeaderElection (LeaderElection.java:askForVotes(311)) - s1@group-6912872F20E7-LeaderElection3 PRE_VOTE round 0: result TIMEOUT
2022-10-24 03:16:13,264 [s1@group-6912872F20E7-LeaderElection3] INFO  impl.LeaderElection (LeaderElection.java:askForVotes(309)) - s1@group-6912872F20E7-LeaderElection3 PRE_VOTE round 1: submit vote requests at term 0 for -1: peers:[s3|rpc:localhost:39579|admin:localhost:42243|client:localhost:33409|dataStream:localhost:46293|priority:0|startupRole:FOLLOWER, s4|rpc:localhost:45747|admin:localhost:35149|client:localhost:44435|dataStream:localhost:42993|priority:0|startupRole:FOLLOWER, s0|rpc:localhost:36179|admin:localhost:46501|client:localhost:36175|dataStream:localhost:33505|priority:0|startupRole:FOLLOWER, s1|rpc:localhost:36635|admin:localhost:41981|client:localhost:39775|dataStream:localhost:41297|priority:0|startupRole:FOLLOWER, s2|rpc:localhost:36969|admin:localhost:37929|client:localhost:40489|dataStream:localhost:38077|priority:0|startupRole:FOLLOWER]|listeners:[], old=null
2022-10-24 03:16:13,277 [s1@group-6912872F20E7-LeaderElection3] INFO  server.RaftServerConfigKeys (ConfUtils.java:logFallback(53)) - raft.server.rpc.first-election.timeout.min = 150ms (fallback to raft.server.rpc.timeout.min)
2022-10-24 03:16:13,277 [s1@group-6912872F20E7-LeaderElection3] INFO  server.RaftServerConfigKeys (ConfUtils.java:logFallback(53)) - raft.server.rpc.first-election.timeout.max = 300ms (fallback to raft.server.rpc.timeout.max)
2022-10-24 03:16:13,295 [grpc-default-executor-15] INFO  server.RaftServer$Division (RaftServerImpl.java:requestVote(1291)) - s0@group-6912872F20E7: receive requestVote(PRE_VOTE, s4, group-6912872F20E7, 0, (t:0, i:0))
2022-10-24 03:16:13,297 [grpc-default-executor-15] INFO  impl.VoteContext (VoteContext.java:log(49)) - s0@group-6912872F20E7-CANDIDATE: accept PRE_VOTE from s4: our priority 0 <= candidate's priority 0
2022-10-24 03:16:13,301 [grpc-default-executor-15] INFO  server.RaftServer$Division (RaftServerImpl.java:requestVote(1324)) - s0@group-6912872F20E7 replies to PRE_VOTE vote request: s4<-s0#0:OK-t0. Peer's state: s0@group-6912872F20E7:t0, leader=null, voted=, raftlog=Memoized:s0@group-6912872F20E7-SegmentedRaftLog:OPENED:c-1, conf=-1: peers:[s3|rpc:localhost:39579|admin:localhost:42243|client:localhost:33409|dataStream:localhost:46293|priority:0|startupRole:FOLLOWER, s4|rpc:localhost:45747|admin:localhost:35149|client:localhost:44435|dataStream:localhost:42993|priority:0|startupRole:FOLLOWER, s0|rpc:localhost:36179|admin:localhost:46501|client:localhost:36175|dataStream:localhost:33505|priority:0|startupRole:FOLLOWER, s1|rpc:localhost:36635|admin:localhost:41981|client:localhost:39775|dataStream:localhost:41297|priority:0|startupRole:FOLLOWER, s2|rpc:localhost:36969|admin:localhost:37929|client:localhost:40489|dataStream:localhost:38077|priority:0|startupRole:FOLLOWER]|listeners:[], old=null
2022-10-24 03:16:13,308 [grpc-default-executor-2] INFO  server.RaftServer$Division (RaftServerImpl.java:requestVote(1291)) - s0@group-6912872F20E7: receive requestVote(PRE_VOTE, s4, group-6912872F20E7, 0, (t:0, i:0))
2022-10-24 03:16:13,308 [grpc-default-executor-16] INFO  server.RaftServer$Division (RaftServerImpl.java:requestVote(1291)) - s4@group-6912872F20E7: receive requestVote(PRE_VOTE, s2, group-6912872F20E7, 0, (t:0, i:0))
2022-10-24 03:16:13,325 [grpc-default-executor-16] INFO  impl.VoteContext (VoteContext.java:log(49)) - s4@group-6912872F20E7-CANDIDATE: accept PRE_VOTE from s2: our priority 0 <= candidate's priority 0
2022-10-24 03:16:13,325 [grpc-default-executor-16] INFO  server.RaftServer$Division (RaftServerImpl.java:requestVote(1324)) - s4@group-6912872F20E7 replies to PRE_VOTE vote request: s2<-s4#0:OK-t0. Peer's state: s4@group-6912872F20E7:t0, leader=null, voted=, raftlog=Memoized:s4@group-6912872F20E7-SegmentedRaftLog:OPENED:c-1, conf=-1: peers:[s3|rpc:localhost:39579|admin:localhost:42243|client:localhost:33409|dataStream:localhost:46293|priority:0|startupRole:FOLLOWER, s4|rpc:localhost:45747|admin:localhost:35149|client:localhost:44435|dataStream:localhost:42993|priority:0|startupRole:FOLLOWER, s0|rpc:localhost:36179|admin:localhost:46501|client:localhost:36175|dataStream:localhost:33505|priority:0|startupRole:FOLLOWER, s1|rpc:localhost:36635|admin:localhost:41981|client:localhost:39775|dataStream:localhost:41297|priority:0|startupRole:FOLLOWER, s2|rpc:localhost:36969|admin:localhost:37929|client:localhost:40489|dataStream:localhost:38077|priority:0|startupRole:FOLLOWER]|listeners:[], old=null
2022-10-24 03:16:13,308 [grpc-default-executor-13] INFO  server.RaftServer$Division (RaftServerImpl.java:requestVote(1291)) - s2@group-6912872F20E7: receive requestVote(PRE_VOTE, s4, group-6912872F20E7, 0, (t:0, i:0))
2022-10-24 03:16:13,307 [grpc-default-executor-9] INFO  server.RaftServer$Division (RaftServerImpl.java:requestVote(1291)) - s3@group-6912872F20E7: receive requestVote(PRE_VOTE, s0, group-6912872F20E7, 0, (t:0, i:0))
2022-10-24 03:16:13,307 [grpc-default-executor-5] INFO  server.RaftServer$Division (RaftServerImpl.java:requestVote(1291)) - s2@group-6912872F20E7: receive requestVote(PRE_VOTE, s0, group-6912872F20E7, 0, (t:0, i:0))
2022-10-24 03:16:13,307 [grpc-default-executor-12] INFO  server.RaftServer$Division (RaftServerImpl.java:requestVote(1291)) - s3@group-6912872F20E7: receive requestVote(PRE_VOTE, s0, group-6912872F20E7, 0, (t:0, i:0))
2022-10-24 03:16:13,307 [grpc-default-executor-11] INFO  server.RaftServer$Division (RaftServerImpl.java:requestVote(1291)) - s3@group-6912872F20E7: receive requestVote(PRE_VOTE, s2, group-6912872F20E7, 0, (t:0, i:0))
2022-10-24 03:16:13,306 [grpc-default-executor-3] INFO  server.RaftServer$Division (RaftServerImpl.java:requestVote(1291)) - s2@group-6912872F20E7: receive requestVote(PRE_VOTE, s4, group-6912872F20E7, 0, (t:0, i:0))
2022-10-24 03:16:13,306 [grpc-default-executor-7] INFO  server.RaftServer$Division (RaftServerImpl.java:requestVote(1291)) - s1@group-6912872F20E7: receive requestVote(PRE_VOTE, s3, group-6912872F20E7, 0, (t:0, i:0))
2022-10-24 03:16:13,329 [grpc-default-executor-7] INFO  impl.VoteContext (VoteContext.java:log(49)) - s1@group-6912872F20E7-CANDIDATE: accept PRE_VOTE from s3: our priority 0 <= candidate's priority 0
2022-10-24 03:16:13,329 [grpc-default-executor-7] INFO  server.RaftServer$Division (RaftServerImpl.java:requestVote(1324)) - s1@group-6912872F20E7 replies to PRE_VOTE vote request: s3<-s1#0:OK-t0. Peer's state: s1@group-6912872F20E7:t0, leader=null, voted=, raftlog=Memoized:s1@group-6912872F20E7-SegmentedRaftLog:OPENED:c-1, conf=-1: peers:[s3|rpc:localhost:39579|admin:localhost:42243|client:localhost:33409|dataStream:localhost:46293|priority:0|startupRole:FOLLOWER, s4|rpc:localhost:45747|admin:localhost:35149|client:localhost:44435|dataStream:localhost:42993|priority:0|startupRole:FOLLOWER, s0|rpc:localhost:36179|admin:localhost:46501|client:localhost:36175|dataStream:localhost:33505|priority:0|startupRole:FOLLOWER, s1|rpc:localhost:36635|admin:localhost:41981|client:localhost:39775|dataStream:localhost:41297|priority:0|startupRole:FOLLOWER, s2|rpc:localhost:36969|admin:localhost:37929|client:localhost:40489|dataStream:localhost:38077|priority:0|startupRole:FOLLOWER]|listeners:[], old=null
2022-10-24 03:16:13,306 [grpc-default-executor-0] INFO  server.RaftServer$Division (RaftServerImpl.java:requestVote(1291)) - s1@group-6912872F20E7: receive requestVote(PRE_VOTE, s3, group-6912872F20E7, 0, (t:0, i:0))
2022-10-24 03:16:13,330 [grpc-default-executor-0] INFO  impl.VoteContext (VoteContext.java:log(49)) - s1@group-6912872F20E7-CANDIDATE: accept PRE_VOTE from s3: our priority 0 <= candidate's priority 0
2022-10-24 03:16:13,330 [grpc-default-executor-0] INFO  server.RaftServer$Division (RaftServerImpl.java:requestVote(1324)) - s1@group-6912872F20E7 replies to PRE_VOTE vote request: s3<-s1#0:OK-t0. Peer's state: s1@group-6912872F20E7:t0, leader=null, voted=, raftlog=Memoized:s1@group-6912872F20E7-SegmentedRaftLog:OPENED:c-1, conf=-1: peers:[s3|rpc:localhost:39579|admin:localhost:42243|client:localhost:33409|dataStream:localhost:46293|priority:0|startupRole:FOLLOWER, s4|rpc:localhost:45747|admin:localhost:35149|client:localhost:44435|dataStream:localhost:42993|priority:0|startupRole:FOLLOWER, s0|rpc:localhost:36179|admin:localhost:46501|client:localhost:36175|dataStream:localhost:33505|priority:0|startupRole:FOLLOWER, s1|rpc:localhost:36635|admin:localhost:41981|client:localhost:39775|dataStream:localhost:41297|priority:0|startupRole:FOLLOWER, s2|rpc:localhost:36969|admin:localhost:37929|client:localhost:40489|dataStream:localhost:38077|priority:0|startupRole:FOLLOWER]|listeners:[], old=null
2022-10-24 03:16:13,306 [grpc-default-executor-1] INFO  server.RaftServer$Division (RaftServerImpl.java:requestVote(1291)) - s1@group-6912872F20E7: receive requestVote(PRE_VOTE, s3, group-6912872F20E7, 0, (t:0, i:0))
2022-10-24 03:16:13,306 [grpc-default-executor-4] INFO  server.RaftServer$Division (RaftServerImpl.java:requestVote(1291)) - s4@group-6912872F20E7: receive requestVote(PRE_VOTE, s1, group-6912872F20E7, 0, (t:0, i:0))
2022-10-24 03:16:13,371 [grpc-default-executor-4] INFO  impl.VoteContext (VoteContext.java:log(49)) - s4@group-6912872F20E7-CANDIDATE: accept PRE_VOTE from s1: our priority 0 <= candidate's priority 0
2022-10-24 03:16:13,371 [grpc-default-executor-4] INFO  server.RaftServer$Division (RaftServerImpl.java:requestVote(1324)) - s4@group-6912872F20E7 replies to PRE_VOTE vote request: s1<-s4#0:OK-t0. Peer's state: s4@group-6912872F20E7:t0, leader=null, voted=, raftlog=Memoized:s4@group-6912872F20E7-SegmentedRaftLog:OPENED:c-1, conf=-1: peers:[s3|rpc:localhost:39579|admin:localhost:42243|client:localhost:33409|dataStream:localhost:46293|priority:0|startupRole:FOLLOWER, s4|rpc:localhost:45747|admin:localhost:35149|client:localhost:44435|dataStream:localhost:42993|priority:0|startupRole:FOLLOWER, s0|rpc:localhost:36179|admin:localhost:46501|client:localhost:36175|dataStream:localhost:33505|priority:0|startupRole:FOLLOWER, s1|rpc:localhost:36635|admin:localhost:41981|client:localhost:39775|dataStream:localhost:41297|priority:0|startupRole:FOLLOWER, s2|rpc:localhost:36969|admin:localhost:37929|client:localhost:40489|dataStream:localhost:38077|priority:0|startupRole:FOLLOWER]|listeners:[], old=null
2022-10-24 03:16:13,302 [grpc-default-executor-6] INFO  server.RaftServer$Division (RaftServerImpl.java:requestVote(1291)) - s0@group-6912872F20E7: receive requestVote(PRE_VOTE, s1, group-6912872F20E7, 0, (t:0, i:0))
2022-10-24 03:16:13,364 [s2@group-6912872F20E7-LeaderElection5] INFO  impl.LeaderElection (LeaderElection.java:logAndReturn(89)) - s2@group-6912872F20E7-LeaderElection5: PRE_VOTE TIMEOUT received 0 response(s) and 0 exception(s):
2022-10-24 03:16:13,373 [s2@group-6912872F20E7-LeaderElection5] INFO  impl.LeaderElection (LeaderElection.java:askForVotes(311)) - s2@group-6912872F20E7-LeaderElection5 PRE_VOTE round 0: result TIMEOUT
2022-10-24 03:16:13,358 [grpc-default-executor-0] INFO  server.RaftServer$Division (RaftServerImpl.java:requestVote(1291)) - s4@group-6912872F20E7: receive requestVote(PRE_VOTE, s3, group-6912872F20E7, 0, (t:0, i:0))
2022-10-24 03:16:13,373 [grpc-default-executor-0] INFO  impl.VoteContext (VoteContext.java:log(49)) - s4@group-6912872F20E7-CANDIDATE: accept PRE_VOTE from s3: our priority 0 <= candidate's priority 0
2022-10-24 03:16:13,373 [grpc-default-executor-0] INFO  server.RaftServer$Division (RaftServerImpl.java:requestVote(1324)) - s4@group-6912872F20E7 replies to PRE_VOTE vote request: s3<-s4#0:OK-t0. Peer's state: s4@group-6912872F20E7:t0, leader=null, voted=, raftlog=Memoized:s4@group-6912872F20E7-SegmentedRaftLog:OPENED:c-1, conf=-1: peers:[s3|rpc:localhost:39579|admin:localhost:42243|client:localhost:33409|dataStream:localhost:46293|priority:0|startupRole:FOLLOWER, s4|rpc:localhost:45747|admin:localhost:35149|client:localhost:44435|dataStream:localhost:42993|priority:0|startupRole:FOLLOWER, s0|rpc:localhost:36179|admin:localhost:46501|client:localhost:36175|dataStream:localhost:33505|priority:0|startupRole:FOLLOWER, s1|rpc:localhost:36635|admin:localhost:41981|client:localhost:39775|dataStream:localhost:41297|priority:0|startupRole:FOLLOWER, s2|rpc:localhost:36969|admin:localhost:37929|client:localhost:40489|dataStream:localhost:38077|priority:0|startupRole:FOLLOWER]|listeners:[], old=null
2022-10-24 03:16:13,358 [grpc-default-executor-7] INFO  server.RaftServer$Division (RaftServerImpl.java:requestVote(1291)) - s3@group-6912872F20E7: receive requestVote(PRE_VOTE, s1, group-6912872F20E7, 0, (t:0, i:0))
2022-10-24 03:16:13,357 [grpc-default-executor-20] INFO  server.RaftServer$Division (RaftServerImpl.java:requestVote(1291)) - s3@group-6912872F20E7: receive requestVote(PRE_VOTE, s1, group-6912872F20E7, 0, (t:0, i:0))
2022-10-24 03:16:13,355 [grpc-default-executor-1] INFO  impl.VoteContext (VoteContext.java:log(49)) - s1@group-6912872F20E7-CANDIDATE: accept PRE_VOTE from s3: our priority 0 <= candidate's priority 0
2022-10-24 03:16:13,374 [grpc-default-executor-1] INFO  server.RaftServer$Division (RaftServerImpl.java:requestVote(1324)) - s1@group-6912872F20E7 replies to PRE_VOTE vote request: s3<-s1#0:OK-t0. Peer's state: s1@group-6912872F20E7:t0, leader=null, voted=, raftlog=Memoized:s1@group-6912872F20E7-SegmentedRaftLog:OPENED:c-1, conf=-1: peers:[s3|rpc:localhost:39579|admin:localhost:42243|client:localhost:33409|dataStream:localhost:46293|priority:0|startupRole:FOLLOWER, s4|rpc:localhost:45747|admin:localhost:35149|client:localhost:44435|dataStream:localhost:42993|priority:0|startupRole:FOLLOWER, s0|rpc:localhost:36179|admin:localhost:46501|client:localhost:36175|dataStream:localhost:33505|priority:0|startupRole:FOLLOWER, s1|rpc:localhost:36635|admin:localhost:41981|client:localhost:39775|dataStream:localhost:41297|priority:0|startupRole:FOLLOWER, s2|rpc:localhost:36969|admin:localhost:37929|client:localhost:40489|dataStream:localhost:38077|priority:0|startupRole:FOLLOWER]|listeners:[], old=null
2022-10-24 03:16:13,377 [grpc-default-executor-0] INFO  server.RaftServer$Division (RaftServerImpl.java:requestVote(1291)) - s4@group-6912872F20E7: receive requestVote(PRE_VOTE, s1, group-6912872F20E7, 0, (t:0, i:0))
2022-10-24 03:16:13,377 [grpc-default-executor-0] INFO  impl.VoteContext (VoteContext.java:log(49)) - s4@group-6912872F20E7-CANDIDATE: accept PRE_VOTE from s1: our priority 0 <= candidate's priority 0
2022-10-24 03:16:13,377 [grpc-default-executor-0] INFO  server.RaftServer$Division (RaftServerImpl.java:requestVote(1324)) - s4@group-6912872F20E7 replies to PRE_VOTE vote request: s1<-s4#0:OK-t0. Peer's state: s4@group-6912872F20E7:t0, leader=null, voted=, raftlog=Memoized:s4@group-6912872F20E7-SegmentedRaftLog:OPENED:c-1, conf=-1: peers:[s3|rpc:localhost:39579|admin:localhost:42243|client:localhost:33409|dataStream:localhost:46293|priority:0|startupRole:FOLLOWER, s4|rpc:localhost:45747|admin:localhost:35149|client:localhost:44435|dataStream:localhost:42993|priority:0|startupRole:FOLLOWER, s0|rpc:localhost:36179|admin:localhost:46501|client:localhost:36175|dataStream:localhost:33505|priority:0|startupRole:FOLLOWER, s1|rpc:localhost:36635|admin:localhost:41981|client:localhost:39775|dataStream:localhost:41297|priority:0|startupRole:FOLLOWER, s2|rpc:localhost:36969|admin:localhost:37929|client:localhost:40489|dataStream:localhost:38077|priority:0|startupRole:FOLLOWER]|listeners:[], old=null
2022-10-24 03:16:13,355 [grpc-default-executor-31] INFO  server.RaftServer$Division (RaftServerImpl.java:requestVote(1291)) - s0@group-6912872F20E7: receive requestVote(PRE_VOTE, s2, group-6912872F20E7, 0, (t:0, i:0))
2022-10-24 03:16:13,348 [grpc-default-executor-29] INFO  server.RaftServer$Division (RaftServerImpl.java:requestVote(1291)) - s2@group-6912872F20E7: receive requestVote(PRE_VOTE, s1, group-6912872F20E7, 0, (t:0, i:0))
2022-10-24 03:16:13,346 [grpc-default-executor-28] INFO  server.RaftServer$Division (RaftServerImpl.java:requestVote(1291)) - s4@group-6912872F20E7: receive requestVote(PRE_VOTE, s0, group-6912872F20E7, 0, (t:0, i:0))
2022-10-24 03:16:13,345 [grpc-default-executor-26] INFO  server.RaftServer$Division (RaftServerImpl.java:requestVote(1291)) - s0@group-6912872F20E7: receive requestVote(PRE_VOTE, s3, group-6912872F20E7, 0, (t:0, i:0))
2022-10-24 03:16:13,344 [grpc-default-executor-25] INFO  server.RaftServer$Division (RaftServerImpl.java:requestVote(1291)) - s4@group-6912872F20E7: receive requestVote(PRE_VOTE, s3, group-6912872F20E7, 0, (t:0, i:0))
2022-10-24 03:16:13,341 [s0@group-6912872F20E7-LeaderElection4] INFO  impl.LeaderElection (LeaderElection.java:logAndReturn(89)) - s0@group-6912872F20E7-LeaderElection4: PRE_VOTE TIMEOUT received 0 response(s) and 0 exception(s):
2022-10-24 03:16:13,337 [grpc-default-executor-16] INFO  server.RaftServer$Division (RaftServerImpl.java:requestVote(1291)) - s2@group-6912872F20E7: receive requestVote(PRE_VOTE, s0, group-6912872F20E7, 0, (t:0, i:0))
2022-10-24 03:16:13,337 [grpc-default-executor-17] INFO  server.RaftServer$Division (RaftServerImpl.java:requestVote(1291)) - s4@group-6912872F20E7: receive requestVote(PRE_VOTE, s3, group-6912872F20E7, 0, (t:0, i:0))
2022-10-24 03:16:13,336 [grpc-default-executor-15] INFO  server.RaftServer$Division (RaftServerImpl.java:requestVote(1291)) - s4@group-6912872F20E7: receive requestVote(PRE_VOTE, s0, group-6912872F20E7, 0, (t:0, i:0))
2022-10-24 03:16:13,333 [grpc-default-executor-24] INFO  server.RaftServer$Division (RaftServerImpl.java:requestVote(1291)) - s0@group-6912872F20E7: receive requestVote(PRE_VOTE, s3, group-6912872F20E7, 0, (t:0, i:0))
2022-10-24 03:16:13,332 [grpc-default-executor-13] INFO  impl.VoteContext (VoteContext.java:log(49)) - s2@group-6912872F20E7-CANDIDATE: accept PRE_VOTE from s4: our priority 0 <= candidate's priority 0
2022-10-24 03:16:13,387 [grpc-default-executor-13] INFO  server.RaftServer$Division (RaftServerImpl.java:requestVote(1324)) - s2@group-6912872F20E7 replies to PRE_VOTE vote request: s4<-s2#0:OK-t0. Peer's state: s2@group-6912872F20E7:t0, leader=null, voted=, raftlog=Memoized:s2@group-6912872F20E7-SegmentedRaftLog:OPENED:c-1, conf=-1: peers:[s3|rpc:localhost:39579|admin:localhost:42243|client:localhost:33409|dataStream:localhost:46293|priority:0|startupRole:FOLLOWER, s4|rpc:localhost:45747|admin:localhost:35149|client:localhost:44435|dataStream:localhost:42993|priority:0|startupRole:FOLLOWER, s0|rpc:localhost:36179|admin:localhost:46501|client:localhost:36175|dataStream:localhost:33505|priority:0|startupRole:FOLLOWER, s1|rpc:localhost:36635|admin:localhost:41981|client:localhost:39775|dataStream:localhost:41297|priority:0|startupRole:FOLLOWER, s2|rpc:localhost:36969|admin:localhost:37929|client:localhost:40489|dataStream:localhost:38077|priority:0|startupRole:FOLLOWER]|listeners:[], old=null
2022-10-24 03:16:13,387 [grpc-default-executor-16] INFO  impl.VoteContext (VoteContext.java:log(49)) - s2@group-6912872F20E7-CANDIDATE: accept PRE_VOTE from s0: our priority 0 <= candidate's priority 0
2022-10-24 03:16:13,387 [grpc-default-executor-16] INFO  server.RaftServer$Division (RaftServerImpl.java:requestVote(1324)) - s2@group-6912872F20E7 replies to PRE_VOTE vote request: s0<-s2#0:OK-t0. Peer's state: s2@group-6912872F20E7:t0, leader=null, voted=, raftlog=Memoized:s2@group-6912872F20E7-SegmentedRaftLog:OPENED:c-1, conf=-1: peers:[s3|rpc:localhost:39579|admin:localhost:42243|client:localhost:33409|dataStream:localhost:46293|priority:0|startupRole:FOLLOWER, s4|rpc:localhost:45747|admin:localhost:35149|client:localhost:44435|dataStream:localhost:42993|priority:0|startupRole:FOLLOWER, s0|rpc:localhost:36179|admin:localhost:46501|client:localhost:36175|dataStream:localhost:33505|priority:0|startupRole:FOLLOWER, s1|rpc:localhost:36635|admin:localhost:41981|client:localhost:39775|dataStream:localhost:41297|priority:0|startupRole:FOLLOWER, s2|rpc:localhost:36969|admin:localhost:37929|client:localhost:40489|dataStream:localhost:38077|priority:0|startupRole:FOLLOWER]|listeners:[], old=null
2022-10-24 03:16:13,328 [grpc-default-executor-9] INFO  impl.VoteContext (VoteContext.java:log(49)) - s3@group-6912872F20E7-CANDIDATE: accept PRE_VOTE from s0: our priority 0 <= candidate's priority 0
2022-10-24 03:16:13,388 [grpc-default-executor-9] INFO  server.RaftServer$Division (RaftServerImpl.java:requestVote(1324)) - s3@group-6912872F20E7 replies to PRE_VOTE vote request: s0<-s3#0:OK-t0. Peer's state: s3@group-6912872F20E7:t0, leader=null, voted=, raftlog=Memoized:s3@group-6912872F20E7-SegmentedRaftLog:OPENED:c-1, conf=-1: peers:[s3|rpc:localhost:39579|admin:localhost:42243|client:localhost:33409|dataStream:localhost:46293|priority:0|startupRole:FOLLOWER, s4|rpc:localhost:45747|admin:localhost:35149|client:localhost:44435|dataStream:localhost:42993|priority:0|startupRole:FOLLOWER, s0|rpc:localhost:36179|admin:localhost:46501|client:localhost:36175|dataStream:localhost:33505|priority:0|startupRole:FOLLOWER, s1|rpc:localhost:36635|admin:localhost:41981|client:localhost:39775|dataStream:localhost:41297|priority:0|startupRole:FOLLOWER, s2|rpc:localhost:36969|admin:localhost:37929|client:localhost:40489|dataStream:localhost:38077|priority:0|startupRole:FOLLOWER]|listeners:[], old=null
2022-10-24 03:16:13,320 [grpc-default-executor-23] INFO  server.RaftServer$Division (RaftServerImpl.java:requestVote(1291)) - s0@group-6912872F20E7: receive requestVote(PRE_VOTE, s3, group-6912872F20E7, 0, (t:0, i:0))
2022-10-24 03:16:13,319 [grpc-default-executor-22] INFO  server.RaftServer$Division (RaftServerImpl.java:requestVote(1291)) - s3@group-6912872F20E7: receive requestVote(PRE_VOTE, s4, group-6912872F20E7, 0, (t:0, i:0))
2022-10-24 03:16:13,388 [grpc-default-executor-29] INFO  impl.VoteContext (VoteContext.java:log(49)) - s2@group-6912872F20E7-CANDIDATE: accept PRE_VOTE from s1: our priority 0 <= candidate's priority 0
2022-10-24 03:16:13,388 [grpc-default-executor-29] INFO  server.RaftServer$Division (RaftServerImpl.java:requestVote(1324)) - s2@group-6912872F20E7 replies to PRE_VOTE vote request: s1<-s2#0:OK-t0. Peer's state: s2@group-6912872F20E7:t0, leader=null, voted=, raftlog=Memoized:s2@group-6912872F20E7-SegmentedRaftLog:OPENED:c-1, conf=-1: peers:[s3|rpc:localhost:39579|admin:localhost:42243|client:localhost:33409|dataStream:localhost:46293|priority:0|startupRole:FOLLOWER, s4|rpc:localhost:45747|admin:localhost:35149|client:localhost:44435|dataStream:localhost:42993|priority:0|startupRole:FOLLOWER, s0|rpc:localhost:36179|admin:localhost:46501|client:localhost:36175|dataStream:localhost:33505|priority:0|startupRole:FOLLOWER, s1|rpc:localhost:36635|admin:localhost:41981|client:localhost:39775|dataStream:localhost:41297|priority:0|startupRole:FOLLOWER, s2|rpc:localhost:36969|admin:localhost:37929|client:localhost:40489|dataStream:localhost:38077|priority:0|startupRole:FOLLOWER]|listeners:[], old=null
2022-10-24 03:16:13,389 [s2@group-6912872F20E7-LeaderElection5] INFO  impl.LeaderElection (LeaderElection.java:askForVotes(309)) - s2@group-6912872F20E7-LeaderElection5 PRE_VOTE round 1: submit vote requests at term 0 for -1: peers:[s3|rpc:localhost:39579|admin:localhost:42243|client:localhost:33409|dataStream:localhost:46293|priority:0|startupRole:FOLLOWER, s4|rpc:localhost:45747|admin:localhost:35149|client:localhost:44435|dataStream:localhost:42993|priority:0|startupRole:FOLLOWER, s0|rpc:localhost:36179|admin:localhost:46501|client:localhost:36175|dataStream:localhost:33505|priority:0|startupRole:FOLLOWER, s1|rpc:localhost:36635|admin:localhost:41981|client:localhost:39775|dataStream:localhost:41297|priority:0|startupRole:FOLLOWER, s2|rpc:localhost:36969|admin:localhost:37929|client:localhost:40489|dataStream:localhost:38077|priority:0|startupRole:FOLLOWER]|listeners:[], old=null
2022-10-24 03:16:13,316 [grpc-default-executor-21] INFO  server.RaftServer$Division (RaftServerImpl.java:requestVote(1291)) - s3@group-6912872F20E7: receive requestVote(PRE_VOTE, s4, group-6912872F20E7, 0, (t:0, i:0))
2022-10-24 03:16:13,316 [grpc-default-executor-19] INFO  server.RaftServer$Division (RaftServerImpl.java:requestVote(1291)) - s1@group-6912872F20E7: receive requestVote(PRE_VOTE, s4, group-6912872F20E7, 0, (t:0, i:0))
2022-10-24 03:16:13,389 [grpc-default-executor-19] INFO  impl.VoteContext (VoteContext.java:log(49)) - s1@group-6912872F20E7-CANDIDATE: accept PRE_VOTE from s4: our priority 0 <= candidate's priority 0
2022-10-24 03:16:13,389 [grpc-default-executor-19] INFO  server.RaftServer$Division (RaftServerImpl.java:requestVote(1324)) - s1@group-6912872F20E7 replies to PRE_VOTE vote request: s4<-s1#0:OK-t0. Peer's state: s1@group-6912872F20E7:t0, leader=null, voted=, raftlog=Memoized:s1@group-6912872F20E7-SegmentedRaftLog:OPENED:c-1, conf=-1: peers:[s3|rpc:localhost:39579|admin:localhost:42243|client:localhost:33409|dataStream:localhost:46293|priority:0|startupRole:FOLLOWER, s4|rpc:localhost:45747|admin:localhost:35149|client:localhost:44435|dataStream:localhost:42993|priority:0|startupRole:FOLLOWER, s0|rpc:localhost:36179|admin:localhost:46501|client:localhost:36175|dataStream:localhost:33505|priority:0|startupRole:FOLLOWER, s1|rpc:localhost:36635|admin:localhost:41981|client:localhost:39775|dataStream:localhost:41297|priority:0|startupRole:FOLLOWER, s2|rpc:localhost:36969|admin:localhost:37929|client:localhost:40489|dataStream:localhost:38077|priority:0|startupRole:FOLLOWER]|listeners:[], old=null
2022-10-24 03:16:13,311 [grpc-default-executor-18] INFO  server.RaftServer$Division (RaftServerImpl.java:requestVote(1291)) - s2@group-6912872F20E7: receive requestVote(PRE_VOTE, s3, group-6912872F20E7, 0, (t:0, i:0))
2022-10-24 03:16:13,310 [grpc-default-executor-8] INFO  server.RaftServer$Division (RaftServerImpl.java:requestVote(1291)) - s1@group-6912872F20E7: receive requestVote(PRE_VOTE, s4, group-6912872F20E7, 0, (t:0, i:0))
2022-10-24 03:16:13,310 [grpc-default-executor-10] INFO  server.RaftServer$Division (RaftServerImpl.java:requestVote(1291)) - s2@group-6912872F20E7: receive requestVote(PRE_VOTE, s3, group-6912872F20E7, 0, (t:0, i:0))
2022-10-24 03:16:13,309 [grpc-default-executor-14] INFO  server.RaftServer$Division (RaftServerImpl.java:requestVote(1291)) - s2@group-6912872F20E7: receive requestVote(PRE_VOTE, s3, group-6912872F20E7, 0, (t:0, i:0))
2022-10-24 03:16:13,309 [grpc-default-executor-2] INFO  impl.VoteContext (VoteContext.java:log(49)) - s0@group-6912872F20E7-CANDIDATE: accept PRE_VOTE from s4: our priority 0 <= candidate's priority 0
2022-10-24 03:16:13,390 [grpc-default-executor-2] INFO  server.RaftServer$Division (RaftServerImpl.java:requestVote(1324)) - s0@group-6912872F20E7 replies to PRE_VOTE vote request: s4<-s0#0:OK-t0. Peer's state: s0@group-6912872F20E7:t0, leader=null, voted=, raftlog=Memoized:s0@group-6912872F20E7-SegmentedRaftLog:OPENED:c-1, conf=-1: peers:[s3|rpc:localhost:39579|admin:localhost:42243|client:localhost:33409|dataStream:localhost:46293|priority:0|startupRole:FOLLOWER, s4|rpc:localhost:45747|admin:localhost:35149|client:localhost:44435|dataStream:localhost:42993|priority:0|startupRole:FOLLOWER, s0|rpc:localhost:36179|admin:localhost:46501|client:localhost:36175|dataStream:localhost:33505|priority:0|startupRole:FOLLOWER, s1|rpc:localhost:36635|admin:localhost:41981|client:localhost:39775|dataStream:localhost:41297|priority:0|startupRole:FOLLOWER, s2|rpc:localhost:36969|admin:localhost:37929|client:localhost:40489|dataStream:localhost:38077|priority:0|startupRole:FOLLOWER]|listeners:[], old=null
2022-10-24 03:16:13,390 [grpc-default-executor-23] INFO  impl.VoteContext (VoteContext.java:log(49)) - s0@group-6912872F20E7-CANDIDATE: accept PRE_VOTE from s3: our priority 0 <= candidate's priority 0
2022-10-24 03:16:13,390 [grpc-default-executor-23] INFO  server.RaftServer$Division (RaftServerImpl.java:requestVote(1324)) - s0@group-6912872F20E7 replies to PRE_VOTE vote request: s3<-s0#0:OK-t0. Peer's state: s0@group-6912872F20E7:t0, leader=null, voted=, raftlog=Memoized:s0@group-6912872F20E7-SegmentedRaftLog:OPENED:c-1, conf=-1: peers:[s3|rpc:localhost:39579|admin:localhost:42243|client:localhost:33409|dataStream:localhost:46293|priority:0|startupRole:FOLLOWER, s4|rpc:localhost:45747|admin:localhost:35149|client:localhost:44435|dataStream:localhost:42993|priority:0|startupRole:FOLLOWER, s0|rpc:localhost:36179|admin:localhost:46501|client:localhost:36175|dataStream:localhost:33505|priority:0|startupRole:FOLLOWER, s1|rpc:localhost:36635|admin:localhost:41981|client:localhost:39775|dataStream:localhost:41297|priority:0|startupRole:FOLLOWER, s2|rpc:localhost:36969|admin:localhost:37929|client:localhost:40489|dataStream:localhost:38077|priority:0|startupRole:FOLLOWER]|listeners:[], old=null
2022-10-24 03:16:13,391 [grpc-default-executor-24] INFO  impl.VoteContext (VoteContext.java:log(49)) - s0@group-6912872F20E7-CANDIDATE: accept PRE_VOTE from s3: our priority 0 <= candidate's priority 0
2022-10-24 03:16:13,391 [grpc-default-executor-24] INFO  server.RaftServer$Division (RaftServerImpl.java:requestVote(1324)) - s0@group-6912872F20E7 replies to PRE_VOTE vote request: s3<-s0#0:OK-t0. Peer's state: s0@group-6912872F20E7:t0, leader=null, voted=, raftlog=Memoized:s0@group-6912872F20E7-SegmentedRaftLog:OPENED:c-1, conf=-1: peers:[s3|rpc:localhost:39579|admin:localhost:42243|client:localhost:33409|dataStream:localhost:46293|priority:0|startupRole:FOLLOWER, s4|rpc:localhost:45747|admin:localhost:35149|client:localhost:44435|dataStream:localhost:42993|priority:0|startupRole:FOLLOWER, s0|rpc:localhost:36179|admin:localhost:46501|client:localhost:36175|dataStream:localhost:33505|priority:0|startupRole:FOLLOWER, s1|rpc:localhost:36635|admin:localhost:41981|client:localhost:39775|dataStream:localhost:41297|priority:0|startupRole:FOLLOWER, s2|rpc:localhost:36969|admin:localhost:37929|client:localhost:40489|dataStream:localhost:38077|priority:0|startupRole:FOLLOWER]|listeners:[], old=null
2022-10-24 03:16:13,391 [grpc-default-executor-33] INFO  server.RaftServer$Division (RaftServerImpl.java:requestVote(1291)) - s1@group-6912872F20E7: receive requestVote(PRE_VOTE, s2, group-6912872F20E7, 0, (t:0, i:0))
2022-10-24 03:16:13,390 [grpc-default-executor-8] INFO  impl.VoteContext (VoteContext.java:log(49)) - s1@group-6912872F20E7-CANDIDATE: accept PRE_VOTE from s4: our priority 0 <= candidate's priority 0
2022-10-24 03:16:13,391 [grpc-default-executor-8] INFO  server.RaftServer$Division (RaftServerImpl.java:requestVote(1324)) - s1@group-6912872F20E7 replies to PRE_VOTE vote request: s4<-s1#0:OK-t0. Peer's state: s1@group-6912872F20E7:t0, leader=null, voted=, raftlog=Memoized:s1@group-6912872F20E7-SegmentedRaftLog:OPENED:c-1, conf=-1: peers:[s3|rpc:localhost:39579|admin:localhost:42243|client:localhost:33409|dataStream:localhost:46293|priority:0|startupRole:FOLLOWER, s4|rpc:localhost:45747|admin:localhost:35149|client:localhost:44435|dataStream:localhost:42993|priority:0|startupRole:FOLLOWER, s0|rpc:localhost:36179|admin:localhost:46501|client:localhost:36175|dataStream:localhost:33505|priority:0|startupRole:FOLLOWER, s1|rpc:localhost:36635|admin:localhost:41981|client:localhost:39775|dataStream:localhost:41297|priority:0|startupRole:FOLLOWER, s2|rpc:localhost:36969|admin:localhost:37929|client:localhost:40489|dataStream:localhost:38077|priority:0|startupRole:FOLLOWER]|listeners:[], old=null
2022-10-24 03:16:13,389 [grpc-default-executor-3] INFO  impl.VoteContext (VoteContext.java:log(49)) - s2@group-6912872F20E7-CANDIDATE: accept PRE_VOTE from s4: our priority 0 <= candidate's priority 0
2022-10-24 03:16:13,392 [grpc-default-executor-3] INFO  server.RaftServer$Division (RaftServerImpl.java:requestVote(1324)) - s2@group-6912872F20E7 replies to PRE_VOTE vote request: s4<-s2#0:OK-t0. Peer's state: s2@group-6912872F20E7:t0, leader=null, voted=, raftlog=Memoized:s2@group-6912872F20E7-SegmentedRaftLog:OPENED:c-1, conf=-1: peers:[s3|rpc:localhost:39579|admin:localhost:42243|client:localhost:33409|dataStream:localhost:46293|priority:0|startupRole:FOLLOWER, s4|rpc:localhost:45747|admin:localhost:35149|client:localhost:44435|dataStream:localhost:42993|priority:0|startupRole:FOLLOWER, s0|rpc:localhost:36179|admin:localhost:46501|client:localhost:36175|dataStream:localhost:33505|priority:0|startupRole:FOLLOWER, s1|rpc:localhost:36635|admin:localhost:41981|client:localhost:39775|dataStream:localhost:41297|priority:0|startupRole:FOLLOWER, s2|rpc:localhost:36969|admin:localhost:37929|client:localhost:40489|dataStream:localhost:38077|priority:0|startupRole:FOLLOWER]|listeners:[], old=null
2022-10-24 03:16:13,392 [grpc-default-executor-5] INFO  impl.VoteContext (VoteContext.java:log(49)) - s2@group-6912872F20E7-CANDIDATE: accept PRE_VOTE from s0: our priority 0 <= candidate's priority 0
2022-10-24 03:16:13,393 [grpc-default-executor-5] INFO  server.RaftServer$Division (RaftServerImpl.java:requestVote(1324)) - s2@group-6912872F20E7 replies to PRE_VOTE vote request: s0<-s2#0:OK-t0. Peer's state: s2@group-6912872F20E7:t0, leader=null, voted=, raftlog=Memoized:s2@group-6912872F20E7-SegmentedRaftLog:OPENED:c-1, conf=-1: peers:[s3|rpc:localhost:39579|admin:localhost:42243|client:localhost:33409|dataStream:localhost:46293|priority:0|startupRole:FOLLOWER, s4|rpc:localhost:45747|admin:localhost:35149|client:localhost:44435|dataStream:localhost:42993|priority:0|startupRole:FOLLOWER, s0|rpc:localhost:36179|admin:localhost:46501|client:localhost:36175|dataStream:localhost:33505|priority:0|startupRole:FOLLOWER, s1|rpc:localhost:36635|admin:localhost:41981|client:localhost:39775|dataStream:localhost:41297|priority:0|startupRole:FOLLOWER, s2|rpc:localhost:36969|admin:localhost:37929|client:localhost:40489|dataStream:localhost:38077|priority:0|startupRole:FOLLOWER]|listeners:[], old=null
2022-10-24 03:16:13,393 [s4@group-6912872F20E7-LeaderElection2] INFO  impl.LeaderElection (LeaderElection.java:logAndReturn(89)) - s4@group-6912872F20E7-LeaderElection2: PRE_VOTE TIMEOUT received 1 response(s) and 0 exception(s):
2022-10-24 03:16:13,393 [s4@group-6912872F20E7-LeaderElection2] INFO  impl.LeaderElection (LeaderElection.java:logAndReturn(93)) -   Response 0: s4<-s0#0:OK-t0
2022-10-24 03:16:13,393 [s4@group-6912872F20E7-LeaderElection2] INFO  impl.LeaderElection (LeaderElection.java:askForVotes(311)) - s4@group-6912872F20E7-LeaderElection2 PRE_VOTE round 1: result TIMEOUT
2022-10-24 03:16:13,393 [grpc-default-executor-14] INFO  impl.VoteContext (VoteContext.java:log(49)) - s2@group-6912872F20E7-CANDIDATE: accept PRE_VOTE from s3: our priority 0 <= candidate's priority 0
2022-10-24 03:16:13,394 [grpc-default-executor-14] INFO  server.RaftServer$Division (RaftServerImpl.java:requestVote(1324)) - s2@group-6912872F20E7 replies to PRE_VOTE vote request: s3<-s2#0:OK-t0. Peer's state: s2@group-6912872F20E7:t0, leader=null, voted=, raftlog=Memoized:s2@group-6912872F20E7-SegmentedRaftLog:OPENED:c-1, conf=-1: peers:[s3|rpc:localhost:39579|admin:localhost:42243|client:localhost:33409|dataStream:localhost:46293|priority:0|startupRole:FOLLOWER, s4|rpc:localhost:45747|admin:localhost:35149|client:localhost:44435|dataStream:localhost:42993|priority:0|startupRole:FOLLOWER, s0|rpc:localhost:36179|admin:localhost:46501|client:localhost:36175|dataStream:localhost:33505|priority:0|startupRole:FOLLOWER, s1|rpc:localhost:36635|admin:localhost:41981|client:localhost:39775|dataStream:localhost:41297|priority:0|startupRole:FOLLOWER, s2|rpc:localhost:36969|admin:localhost:37929|client:localhost:40489|dataStream:localhost:38077|priority:0|startupRole:FOLLOWER]|listeners:[], old=null
2022-10-24 03:16:13,394 [grpc-default-executor-10] INFO  impl.VoteContext (VoteContext.java:log(49)) - s2@group-6912872F20E7-CANDIDATE: accept PRE_VOTE from s3: our priority 0 <= candidate's priority 0
2022-10-24 03:16:13,394 [grpc-default-executor-10] INFO  server.RaftServer$Division (RaftServerImpl.java:requestVote(1324)) - s2@group-6912872F20E7 replies to PRE_VOTE vote request: s3<-s2#0:OK-t0. Peer's state: s2@group-6912872F20E7:t0, leader=null, voted=, raftlog=Memoized:s2@group-6912872F20E7-SegmentedRaftLog:OPENED:c-1, conf=-1: peers:[s3|rpc:localhost:39579|admin:localhost:42243|client:localhost:33409|dataStream:localhost:46293|priority:0|startupRole:FOLLOWER, s4|rpc:localhost:45747|admin:localhost:35149|client:localhost:44435|dataStream:localhost:42993|priority:0|startupRole:FOLLOWER, s0|rpc:localhost:36179|admin:localhost:46501|client:localhost:36175|dataStream:localhost:33505|priority:0|startupRole:FOLLOWER, s1|rpc:localhost:36635|admin:localhost:41981|client:localhost:39775|dataStream:localhost:41297|priority:0|startupRole:FOLLOWER, s2|rpc:localhost:36969|admin:localhost:37929|client:localhost:40489|dataStream:localhost:38077|priority:0|startupRole:FOLLOWER]|listeners:[], old=null
2022-10-24 03:16:13,394 [grpc-default-executor-18] INFO  impl.VoteContext (VoteContext.java:log(49)) - s2@group-6912872F20E7-CANDIDATE: accept PRE_VOTE from s3: our priority 0 <= candidate's priority 0
2022-10-24 03:16:13,395 [grpc-default-executor-18] INFO  server.RaftServer$Division (RaftServerImpl.java:requestVote(1324)) - s2@group-6912872F20E7 replies to PRE_VOTE vote request: s3<-s2#0:OK-t0. Peer's state: s2@group-6912872F20E7:t0, leader=null, voted=, raftlog=Memoized:s2@group-6912872F20E7-SegmentedRaftLog:OPENED:c-1, conf=-1: peers:[s3|rpc:localhost:39579|admin:localhost:42243|client:localhost:33409|dataStream:localhost:46293|priority:0|startupRole:FOLLOWER, s4|rpc:localhost:45747|admin:localhost:35149|client:localhost:44435|dataStream:localhost:42993|priority:0|startupRole:FOLLOWER, s0|rpc:localhost:36179|admin:localhost:46501|client:localhost:36175|dataStream:localhost:33505|priority:0|startupRole:FOLLOWER, s1|rpc:localhost:36635|admin:localhost:41981|client:localhost:39775|dataStream:localhost:41297|priority:0|startupRole:FOLLOWER, s2|rpc:localhost:36969|admin:localhost:37929|client:localhost:40489|dataStream:localhost:38077|priority:0|startupRole:FOLLOWER]|listeners:[], old=null
2022-10-24 03:16:13,388 [grpc-default-executor-20] INFO  impl.VoteContext (VoteContext.java:log(49)) - s3@group-6912872F20E7-CANDIDATE: accept PRE_VOTE from s1: our priority 0 <= candidate's priority 0
2022-10-24 03:16:13,395 [grpc-default-executor-20] INFO  server.RaftServer$Division (RaftServerImpl.java:requestVote(1324)) - s3@group-6912872F20E7 replies to PRE_VOTE vote request: s1<-s3#0:OK-t0. Peer's state: s3@group-6912872F20E7:t0, leader=null, voted=, raftlog=Memoized:s3@group-6912872F20E7-SegmentedRaftLog:OPENED:c-1, conf=-1: peers:[s3|rpc:localhost:39579|admin:localhost:42243|client:localhost:33409|dataStream:localhost:46293|priority:0|startupRole:FOLLOWER, s4|rpc:localhost:45747|admin:localhost:35149|client:localhost:44435|dataStream:localhost:42993|priority:0|startupRole:FOLLOWER, s0|rpc:localhost:36179|admin:localhost:46501|client:localhost:36175|dataStream:localhost:33505|priority:0|startupRole:FOLLOWER, s1|rpc:localhost:36635|admin:localhost:41981|client:localhost:39775|dataStream:localhost:41297|priority:0|startupRole:FOLLOWER, s2|rpc:localhost:36969|admin:localhost:37929|client:localhost:40489|dataStream:localhost:38077|priority:0|startupRole:FOLLOWER]|listeners:[], old=null
2022-10-24 03:16:13,395 [grpc-default-executor-7] INFO  impl.VoteContext (VoteContext.java:log(49)) - s3@group-6912872F20E7-CANDIDATE: accept PRE_VOTE from s1: our priority 0 <= candidate's priority 0
2022-10-24 03:16:13,395 [grpc-default-executor-7] INFO  server.RaftServer$Division (RaftServerImpl.java:requestVote(1324)) - s3@group-6912872F20E7 replies to PRE_VOTE vote request: s1<-s3#0:OK-t0. Peer's state: s3@group-6912872F20E7:t0, leader=null, voted=, raftlog=Memoized:s3@group-6912872F20E7-SegmentedRaftLog:OPENED:c-1, conf=-1: peers:[s3|rpc:localhost:39579|admin:localhost:42243|client:localhost:33409|dataStream:localhost:46293|priority:0|startupRole:FOLLOWER, s4|rpc:localhost:45747|admin:localhost:35149|client:localhost:44435|dataStream:localhost:42993|priority:0|startupRole:FOLLOWER, s0|rpc:localhost:36179|admin:localhost:46501|client:localhost:36175|dataStream:localhost:33505|priority:0|startupRole:FOLLOWER, s1|rpc:localhost:36635|admin:localhost:41981|client:localhost:39775|dataStream:localhost:41297|priority:0|startupRole:FOLLOWER, s2|rpc:localhost:36969|admin:localhost:37929|client:localhost:40489|dataStream:localhost:38077|priority:0|startupRole:FOLLOWER]|listeners:[], old=null
2022-10-24 03:16:13,396 [grpc-default-executor-33] INFO  impl.VoteContext (VoteContext.java:log(49)) - s1@group-6912872F20E7-CANDIDATE: accept PRE_VOTE from s2: our priority 0 <= candidate's priority 0
2022-10-24 03:16:13,396 [grpc-default-executor-33] INFO  server.RaftServer$Division (RaftServerImpl.java:requestVote(1324)) - s1@group-6912872F20E7 replies to PRE_VOTE vote request: s2<-s1#0:OK-t0. Peer's state: s1@group-6912872F20E7:t0, leader=null, voted=, raftlog=Memoized:s1@group-6912872F20E7-SegmentedRaftLog:OPENED:c-1, conf=-1: peers:[s3|rpc:localhost:39579|admin:localhost:42243|client:localhost:33409|dataStream:localhost:46293|priority:0|startupRole:FOLLOWER, s4|rpc:localhost:45747|admin:localhost:35149|client:localhost:44435|dataStream:localhost:42993|priority:0|startupRole:FOLLOWER, s0|rpc:localhost:36179|admin:localhost:46501|client:localhost:36175|dataStream:localhost:33505|priority:0|startupRole:FOLLOWER, s1|rpc:localhost:36635|admin:localhost:41981|client:localhost:39775|dataStream:localhost:41297|priority:0|startupRole:FOLLOWER, s2|rpc:localhost:36969|admin:localhost:37929|client:localhost:40489|dataStream:localhost:38077|priority:0|startupRole:FOLLOWER]|listeners:[], old=null
2022-10-24 03:16:13,396 [grpc-default-executor-11] INFO  impl.VoteContext (VoteContext.java:log(49)) - s3@group-6912872F20E7-CANDIDATE: accept PRE_VOTE from s2: our priority 0 <= candidate's priority 0
2022-10-24 03:16:13,396 [grpc-default-executor-11] INFO  server.RaftServer$Division (RaftServerImpl.java:requestVote(1324)) - s3@group-6912872F20E7 replies to PRE_VOTE vote request: s2<-s3#0:OK-t0. Peer's state: s3@group-6912872F20E7:t0, leader=null, voted=, raftlog=Memoized:s3@group-6912872F20E7-SegmentedRaftLog:OPENED:c-1, conf=-1: peers:[s3|rpc:localhost:39579|admin:localhost:42243|client:localhost:33409|dataStream:localhost:46293|priority:0|startupRole:FOLLOWER, s4|rpc:localhost:45747|admin:localhost:35149|client:localhost:44435|dataStream:localhost:42993|priority:0|startupRole:FOLLOWER, s0|rpc:localhost:36179|admin:localhost:46501|client:localhost:36175|dataStream:localhost:33505|priority:0|startupRole:FOLLOWER, s1|rpc:localhost:36635|admin:localhost:41981|client:localhost:39775|dataStream:localhost:41297|priority:0|startupRole:FOLLOWER, s2|rpc:localhost:36969|admin:localhost:37929|client:localhost:40489|dataStream:localhost:38077|priority:0|startupRole:FOLLOWER]|listeners:[], old=null
2022-10-24 03:16:13,396 [grpc-default-executor-12] INFO  impl.VoteContext (VoteContext.java:log(49)) - s3@group-6912872F20E7-CANDIDATE: accept PRE_VOTE from s0: our priority 0 <= candidate's priority 0
2022-10-24 03:16:13,396 [grpc-default-executor-12] INFO  server.RaftServer$Division (RaftServerImpl.java:requestVote(1324)) - s3@group-6912872F20E7 replies to PRE_VOTE vote request: s0<-s3#0:OK-t0. Peer's state: s3@group-6912872F20E7:t0, leader=null, voted=, raftlog=Memoized:s3@group-6912872F20E7-SegmentedRaftLog:OPENED:c-1, conf=-1: peers:[s3|rpc:localhost:39579|admin:localhost:42243|client:localhost:33409|dataStream:localhost:46293|priority:0|startupRole:FOLLOWER, s4|rpc:localhost:45747|admin:localhost:35149|client:localhost:44435|dataStream:localhost:42993|priority:0|startupRole:FOLLOWER, s0|rpc:localhost:36179|admin:localhost:46501|client:localhost:36175|dataStream:localhost:33505|priority:0|startupRole:FOLLOWER, s1|rpc:localhost:36635|admin:localhost:41981|client:localhost:39775|dataStream:localhost:41297|priority:0|startupRole:FOLLOWER, s2|rpc:localhost:36969|admin:localhost:37929|client:localhost:40489|dataStream:localhost:38077|priority:0|startupRole:FOLLOWER]|listeners:[], old=null
2022-10-24 03:16:13,397 [grpc-default-executor-21] INFO  impl.VoteContext (VoteContext.java:log(49)) - s3@group-6912872F20E7-CANDIDATE: accept PRE_VOTE from s4: our priority 0 <= candidate's priority 0
2022-10-24 03:16:13,387 [s3@group-6912872F20E7-LeaderElection1] INFO  impl.LeaderElection (LeaderElection.java:logAndReturn(89)) - s3@group-6912872F20E7-LeaderElection1: PRE_VOTE PASSED received 2 response(s) and 0 exception(s):
2022-10-24 03:16:13,397 [s3@group-6912872F20E7-LeaderElection1] INFO  impl.LeaderElection (LeaderElection.java:logAndReturn(93)) -   Response 0: s3<-s4#0:OK-t0
2022-10-24 03:16:13,397 [s3@group-6912872F20E7-LeaderElection1] INFO  impl.LeaderElection (LeaderElection.java:logAndReturn(93)) -   Response 1: s3<-s1#0:OK-t0
2022-10-24 03:16:13,397 [s3@group-6912872F20E7-LeaderElection1] INFO  impl.LeaderElection (LeaderElection.java:askForVotes(311)) - s3@group-6912872F20E7-LeaderElection1 PRE_VOTE round 2: result PASSED
2022-10-24 03:16:13,386 [s0@group-6912872F20E7-LeaderElection4] INFO  impl.LeaderElection (LeaderElection.java:askForVotes(311)) - s0@group-6912872F20E7-LeaderElection4 PRE_VOTE round 1: result TIMEOUT
2022-10-24 03:16:13,385 [grpc-default-executor-28] INFO  impl.VoteContext (VoteContext.java:log(49)) - s4@group-6912872F20E7-CANDIDATE: accept PRE_VOTE from s0: our priority 0 <= candidate's priority 0
2022-10-24 03:16:13,397 [grpc-default-executor-28] INFO  server.RaftServer$Division (RaftServerImpl.java:requestVote(1324)) - s4@group-6912872F20E7 replies to PRE_VOTE vote request: s0<-s4#0:OK-t0. Peer's state: s4@group-6912872F20E7:t0, leader=null, voted=, raftlog=Memoized:s4@group-6912872F20E7-SegmentedRaftLog:OPENED:c-1, conf=-1: peers:[s3|rpc:localhost:39579|admin:localhost:42243|client:localhost:33409|dataStream:localhost:46293|priority:0|startupRole:FOLLOWER, s4|rpc:localhost:45747|admin:localhost:35149|client:localhost:44435|dataStream:localhost:42993|priority:0|startupRole:FOLLOWER, s0|rpc:localhost:36179|admin:localhost:46501|client:localhost:36175|dataStream:localhost:33505|priority:0|startupRole:FOLLOWER, s1|rpc:localhost:36635|admin:localhost:41981|client:localhost:39775|dataStream:localhost:41297|priority:0|startupRole:FOLLOWER, s2|rpc:localhost:36969|admin:localhost:37929|client:localhost:40489|dataStream:localhost:38077|priority:0|startupRole:FOLLOWER]|listeners:[], old=null
2022-10-24 03:16:13,379 [grpc-default-executor-27] INFO  server.RaftServer$Division (RaftServerImpl.java:requestVote(1291)) - s0@group-6912872F20E7: receive requestVote(PRE_VOTE, s1, group-6912872F20E7, 0, (t:0, i:0))
2022-10-24 03:16:13,398 [s4@group-6912872F20E7-LeaderElection2] INFO  impl.LeaderElection (LeaderElection.java:askForVotes(309)) - s4@group-6912872F20E7-LeaderElection2 PRE_VOTE round 2: submit vote requests at term 0 for -1: peers:[s3|rpc:localhost:39579|admin:localhost:42243|client:localhost:33409|dataStream:localhost:46293|priority:0|startupRole:FOLLOWER, s4|rpc:localhost:45747|admin:localhost:35149|client:localhost:44435|dataStream:localhost:42993|priority:0|startupRole:FOLLOWER, s0|rpc:localhost:36179|admin:localhost:46501|client:localhost:36175|dataStream:localhost:33505|priority:0|startupRole:FOLLOWER, s1|rpc:localhost:36635|admin:localhost:41981|client:localhost:39775|dataStream:localhost:41297|priority:0|startupRole:FOLLOWER, s2|rpc:localhost:36969|admin:localhost:37929|client:localhost:40489|dataStream:localhost:38077|priority:0|startupRole:FOLLOWER]|listeners:[], old=null
2022-10-24 03:16:13,398 [grpc-default-executor-15] INFO  impl.VoteContext (VoteContext.java:log(49)) - s4@group-6912872F20E7-CANDIDATE: accept PRE_VOTE from s0: our priority 0 <= candidate's priority 0
2022-10-24 03:16:13,398 [grpc-default-executor-15] INFO  server.RaftServer$Division (RaftServerImpl.java:requestVote(1324)) - s4@group-6912872F20E7 replies to PRE_VOTE vote request: s0<-s4#0:OK-t0. Peer's state: s4@group-6912872F20E7:t0, leader=null, voted=, raftlog=Memoized:s4@group-6912872F20E7-SegmentedRaftLog:OPENED:c-1, conf=-1: peers:[s3|rpc:localhost:39579|admin:localhost:42243|client:localhost:33409|dataStream:localhost:46293|priority:0|startupRole:FOLLOWER, s4|rpc:localhost:45747|admin:localhost:35149|client:localhost:44435|dataStream:localhost:42993|priority:0|startupRole:FOLLOWER, s0|rpc:localhost:36179|admin:localhost:46501|client:localhost:36175|dataStream:localhost:33505|priority:0|startupRole:FOLLOWER, s1|rpc:localhost:36635|admin:localhost:41981|client:localhost:39775|dataStream:localhost:41297|priority:0|startupRole:FOLLOWER, s2|rpc:localhost:36969|admin:localhost:37929|client:localhost:40489|dataStream:localhost:38077|priority:0|startupRole:FOLLOWER]|listeners:[], old=null
2022-10-24 03:16:13,398 [grpc-default-executor-17] INFO  impl.VoteContext (VoteContext.java:log(49)) - s4@group-6912872F20E7-CANDIDATE: accept PRE_VOTE from s3: our priority 0 <= candidate's priority 0
2022-10-24 03:16:13,378 [grpc-default-executor-32] INFO  server.RaftServer$Division (RaftServerImpl.java:requestVote(1291)) - s1@group-6912872F20E7: receive requestVote(PRE_VOTE, s0, group-6912872F20E7, 0, (t:0, i:0))
2022-10-24 03:16:13,374 [grpc-default-executor-34] INFO  server.RaftServer$Division (RaftServerImpl.java:requestVote(1291)) - s1@group-6912872F20E7: receive requestVote(PRE_VOTE, s0, group-6912872F20E7, 0, (t:0, i:0))
2022-10-24 03:16:13,372 [grpc-default-executor-4] INFO  server.RaftServer$Division (RaftServerImpl.java:requestVote(1291)) - s2@group-6912872F20E7: receive requestVote(PRE_VOTE, s1, group-6912872F20E7, 0, (t:0, i:0))
2022-10-24 03:16:13,398 [grpc-default-executor-32] INFO  impl.VoteContext (VoteContext.java:log(49)) - s1@group-6912872F20E7-CANDIDATE: accept PRE_VOTE from s0: our priority 0 <= candidate's priority 0
2022-10-24 03:16:13,398 [grpc-default-executor-17] INFO  server.RaftServer$Division (RaftServerImpl.java:requestVote(1324)) - s4@group-6912872F20E7 replies to PRE_VOTE vote request: s3<-s4#0:OK-t0. Peer's state: s4@group-6912872F20E7:t0, leader=null, voted=, raftlog=Memoized:s4@group-6912872F20E7-SegmentedRaftLog:OPENED:c-1, conf=-1: peers:[s3|rpc:localhost:39579|admin:localhost:42243|client:localhost:33409|dataStream:localhost:46293|priority:0|startupRole:FOLLOWER, s4|rpc:localhost:45747|admin:localhost:35149|client:localhost:44435|dataStream:localhost:42993|priority:0|startupRole:FOLLOWER, s0|rpc:localhost:36179|admin:localhost:46501|client:localhost:36175|dataStream:localhost:33505|priority:0|startupRole:FOLLOWER, s1|rpc:localhost:36635|admin:localhost:41981|client:localhost:39775|dataStream:localhost:41297|priority:0|startupRole:FOLLOWER, s2|rpc:localhost:36969|admin:localhost:37929|client:localhost:40489|dataStream:localhost:38077|priority:0|startupRole:FOLLOWER]|listeners:[], old=null
2022-10-24 03:16:13,397 [grpc-default-executor-21] INFO  server.RaftServer$Division (RaftServerImpl.java:requestVote(1324)) - s3@group-6912872F20E7 replies to PRE_VOTE vote request: s4<-s3#0:OK-t0. Peer's state: s3@group-6912872F20E7:t0, leader=null, voted=, raftlog=Memoized:s3@group-6912872F20E7-SegmentedRaftLog:OPENED:c-1, conf=-1: peers:[s3|rpc:localhost:39579|admin:localhost:42243|client:localhost:33409|dataStream:localhost:46293|priority:0|startupRole:FOLLOWER, s4|rpc:localhost:45747|admin:localhost:35149|client:localhost:44435|dataStream:localhost:42993|priority:0|startupRole:FOLLOWER, s0|rpc:localhost:36179|admin:localhost:46501|client:localhost:36175|dataStream:localhost:33505|priority:0|startupRole:FOLLOWER, s1|rpc:localhost:36635|admin:localhost:41981|client:localhost:39775|dataStream:localhost:41297|priority:0|startupRole:FOLLOWER, s2|rpc:localhost:36969|admin:localhost:37929|client:localhost:40489|dataStream:localhost:38077|priority:0|startupRole:FOLLOWER]|listeners:[], old=null
2022-10-24 03:16:13,400 [grpc-default-executor-25] INFO  impl.VoteContext (VoteContext.java:log(49)) - s4@group-6912872F20E7-CANDIDATE: accept PRE_VOTE from s3: our priority 0 <= candidate's priority 0
2022-10-24 03:16:13,400 [grpc-default-executor-25] INFO  server.RaftServer$Division (RaftServerImpl.java:requestVote(1324)) - s4@group-6912872F20E7 replies to PRE_VOTE vote request: s3<-s4#0:OK-t0. Peer's state: s4@group-6912872F20E7:t0, leader=null, voted=, raftlog=Memoized:s4@group-6912872F20E7-SegmentedRaftLog:OPENED:c-1, conf=-1: peers:[s3|rpc:localhost:39579|admin:localhost:42243|client:localhost:33409|dataStream:localhost:46293|priority:0|startupRole:FOLLOWER, s4|rpc:localhost:45747|admin:localhost:35149|client:localhost:44435|dataStream:localhost:42993|priority:0|startupRole:FOLLOWER, s0|rpc:localhost:36179|admin:localhost:46501|client:localhost:36175|dataStream:localhost:33505|priority:0|startupRole:FOLLOWER, s1|rpc:localhost:36635|admin:localhost:41981|client:localhost:39775|dataStream:localhost:41297|priority:0|startupRole:FOLLOWER, s2|rpc:localhost:36969|admin:localhost:37929|client:localhost:40489|dataStream:localhost:38077|priority:0|startupRole:FOLLOWER]|listeners:[], old=null
2022-10-24 03:16:13,391 [grpc-default-executor-26] INFO  impl.VoteContext (VoteContext.java:log(49)) - s0@group-6912872F20E7-CANDIDATE: accept PRE_VOTE from s3: our priority 0 <= candidate's priority 0
2022-10-24 03:16:13,400 [s2@group-6912872F20E7-LeaderElection5] INFO  server.RaftServerConfigKeys (ConfUtils.java:logFallback(53)) - raft.server.rpc.first-election.timeout.min = 150ms (fallback to raft.server.rpc.timeout.min)
2022-10-24 03:16:13,400 [s2@group-6912872F20E7-LeaderElection5] INFO  server.RaftServerConfigKeys (ConfUtils.java:logFallback(53)) - raft.server.rpc.first-election.timeout.max = 300ms (fallback to raft.server.rpc.timeout.max)
2022-10-24 03:16:13,399 [grpc-default-executor-32] INFO  server.RaftServer$Division (RaftServerImpl.java:requestVote(1324)) - s1@group-6912872F20E7 replies to PRE_VOTE vote request: s0<-s1#0:OK-t0. Peer's state: s1@group-6912872F20E7:t0, leader=null, voted=, raftlog=Memoized:s1@group-6912872F20E7-SegmentedRaftLog:OPENED:c-1, conf=-1: peers:[s3|rpc:localhost:39579|admin:localhost:42243|client:localhost:33409|dataStream:localhost:46293|priority:0|startupRole:FOLLOWER, s4|rpc:localhost:45747|admin:localhost:35149|client:localhost:44435|dataStream:localhost:42993|priority:0|startupRole:FOLLOWER, s0|rpc:localhost:36179|admin:localhost:46501|client:localhost:36175|dataStream:localhost:33505|priority:0|startupRole:FOLLOWER, s1|rpc:localhost:36635|admin:localhost:41981|client:localhost:39775|dataStream:localhost:41297|priority:0|startupRole:FOLLOWER, s2|rpc:localhost:36969|admin:localhost:37929|client:localhost:40489|dataStream:localhost:38077|priority:0|startupRole:FOLLOWER]|listeners:[], old=null
2022-10-24 03:16:13,401 [grpc-default-executor-34] INFO  impl.VoteContext (VoteContext.java:log(49)) - s1@group-6912872F20E7-CANDIDATE: accept PRE_VOTE from s0: our priority 0 <= candidate's priority 0
2022-10-24 03:16:13,401 [grpc-default-executor-34] INFO  server.RaftServer$Division (RaftServerImpl.java:requestVote(1324)) - s1@group-6912872F20E7 replies to PRE_VOTE vote request: s0<-s1#0:OK-t0. Peer's state: s1@group-6912872F20E7:t0, leader=null, voted=, raftlog=Memoized:s1@group-6912872F20E7-SegmentedRaftLog:OPENED:c-1, conf=-1: peers:[s3|rpc:localhost:39579|admin:localhost:42243|client:localhost:33409|dataStream:localhost:46293|priority:0|startupRole:FOLLOWER, s4|rpc:localhost:45747|admin:localhost:35149|client:localhost:44435|dataStream:localhost:42993|priority:0|startupRole:FOLLOWER, s0|rpc:localhost:36179|admin:localhost:46501|client:localhost:36175|dataStream:localhost:33505|priority:0|startupRole:FOLLOWER, s1|rpc:localhost:36635|admin:localhost:41981|client:localhost:39775|dataStream:localhost:41297|priority:0|startupRole:FOLLOWER, s2|rpc:localhost:36969|admin:localhost:37929|client:localhost:40489|dataStream:localhost:38077|priority:0|startupRole:FOLLOWER]|listeners:[], old=null
2022-10-24 03:16:13,399 [grpc-default-executor-4] INFO  impl.VoteContext (VoteContext.java:log(49)) - s2@group-6912872F20E7-CANDIDATE: accept PRE_VOTE from s1: our priority 0 <= candidate's priority 0
2022-10-24 03:16:13,400 [grpc-default-executor-22] INFO  impl.VoteContext (VoteContext.java:log(49)) - s3@group-6912872F20E7-CANDIDATE: accept PRE_VOTE from s4: our priority 0 <= candidate's priority 0
2022-10-24 03:16:13,400 [grpc-default-executor-26] INFO  server.RaftServer$Division (RaftServerImpl.java:requestVote(1324)) - s0@group-6912872F20E7 replies to PRE_VOTE vote request: s3<-s0#0:OK-t0. Peer's state: s0@group-6912872F20E7:t0, leader=null, voted=, raftlog=Memoized:s0@group-6912872F20E7-SegmentedRaftLog:OPENED:c-1, conf=-1: peers:[s3|rpc:localhost:39579|admin:localhost:42243|client:localhost:33409|dataStream:localhost:46293|priority:0|startupRole:FOLLOWER, s4|rpc:localhost:45747|admin:localhost:35149|client:localhost:44435|dataStream:localhost:42993|priority:0|startupRole:FOLLOWER, s0|rpc:localhost:36179|admin:localhost:46501|client:localhost:36175|dataStream:localhost:33505|priority:0|startupRole:FOLLOWER, s1|rpc:localhost:36635|admin:localhost:41981|client:localhost:39775|dataStream:localhost:41297|priority:0|startupRole:FOLLOWER, s2|rpc:localhost:36969|admin:localhost:37929|client:localhost:40489|dataStream:localhost:38077|priority:0|startupRole:FOLLOWER]|listeners:[], old=null
2022-10-24 03:16:13,402 [grpc-default-executor-31] INFO  impl.VoteContext (VoteContext.java:log(49)) - s0@group-6912872F20E7-CANDIDATE: accept PRE_VOTE from s2: our priority 0 <= candidate's priority 0
2022-10-24 03:16:13,402 [grpc-default-executor-31] INFO  server.RaftServer$Division (RaftServerImpl.java:requestVote(1324)) - s0@group-6912872F20E7 replies to PRE_VOTE vote request: s2<-s0#0:OK-t0. Peer's state: s0@group-6912872F20E7:t0, leader=null, voted=, raftlog=Memoized:s0@group-6912872F20E7-SegmentedRaftLog:OPENED:c-1, conf=-1: peers:[s3|rpc:localhost:39579|admin:localhost:42243|client:localhost:33409|dataStream:localhost:46293|priority:0|startupRole:FOLLOWER, s4|rpc:localhost:45747|admin:localhost:35149|client:localhost:44435|dataStream:localhost:42993|priority:0|startupRole:FOLLOWER, s0|rpc:localhost:36179|admin:localhost:46501|client:localhost:36175|dataStream:localhost:33505|priority:0|startupRole:FOLLOWER, s1|rpc:localhost:36635|admin:localhost:41981|client:localhost:39775|dataStream:localhost:41297|priority:0|startupRole:FOLLOWER, s2|rpc:localhost:36969|admin:localhost:37929|client:localhost:40489|dataStream:localhost:38077|priority:0|startupRole:FOLLOWER]|listeners:[], old=null
2022-10-24 03:16:13,402 [grpc-default-executor-6] INFO  impl.VoteContext (VoteContext.java:log(49)) - s0@group-6912872F20E7-CANDIDATE: accept PRE_VOTE from s1: our priority 0 <= candidate's priority 0
2022-10-24 03:16:13,402 [grpc-default-executor-6] INFO  server.RaftServer$Division (RaftServerImpl.java:requestVote(1324)) - s0@group-6912872F20E7 replies to PRE_VOTE vote request: s1<-s0#0:OK-t0. Peer's state: s0@group-6912872F20E7:t0, leader=null, voted=, raftlog=Memoized:s0@group-6912872F20E7-SegmentedRaftLog:OPENED:c-1, conf=-1: peers:[s3|rpc:localhost:39579|admin:localhost:42243|client:localhost:33409|dataStream:localhost:46293|priority:0|startupRole:FOLLOWER, s4|rpc:localhost:45747|admin:localhost:35149|client:localhost:44435|dataStream:localhost:42993|priority:0|startupRole:FOLLOWER, s0|rpc:localhost:36179|admin:localhost:46501|client:localhost:36175|dataStream:localhost:33505|priority:0|startupRole:FOLLOWER, s1|rpc:localhost:36635|admin:localhost:41981|client:localhost:39775|dataStream:localhost:41297|priority:0|startupRole:FOLLOWER, s2|rpc:localhost:36969|admin:localhost:37929|client:localhost:40489|dataStream:localhost:38077|priority:0|startupRole:FOLLOWER]|listeners:[], old=null
2022-10-24 03:16:13,402 [grpc-default-executor-27] INFO  impl.VoteContext (VoteContext.java:log(49)) - s0@group-6912872F20E7-CANDIDATE: accept PRE_VOTE from s1: our priority 0 <= candidate's priority 0
2022-10-24 03:16:13,401 [grpc-default-executor-22] INFO  server.RaftServer$Division (RaftServerImpl.java:requestVote(1324)) - s3@group-6912872F20E7 replies to PRE_VOTE vote request: s4<-s3#0:OK-t0. Peer's state: s3@group-6912872F20E7:t0, leader=null, voted=, raftlog=Memoized:s3@group-6912872F20E7-SegmentedRaftLog:OPENED:c-1, conf=-1: peers:[s3|rpc:localhost:39579|admin:localhost:42243|client:localhost:33409|dataStream:localhost:46293|priority:0|startupRole:FOLLOWER, s4|rpc:localhost:45747|admin:localhost:35149|client:localhost:44435|dataStream:localhost:42993|priority:0|startupRole:FOLLOWER, s0|rpc:localhost:36179|admin:localhost:46501|client:localhost:36175|dataStream:localhost:33505|priority:0|startupRole:FOLLOWER, s1|rpc:localhost:36635|admin:localhost:41981|client:localhost:39775|dataStream:localhost:41297|priority:0|startupRole:FOLLOWER, s2|rpc:localhost:36969|admin:localhost:37929|client:localhost:40489|dataStream:localhost:38077|priority:0|startupRole:FOLLOWER]|listeners:[], old=null
2022-10-24 03:16:13,401 [grpc-default-executor-4] INFO  server.RaftServer$Division (RaftServerImpl.java:requestVote(1324)) - s2@group-6912872F20E7 replies to PRE_VOTE vote request: s1<-s2#0:OK-t0. Peer's state: s2@group-6912872F20E7:t0, leader=null, voted=, raftlog=Memoized:s2@group-6912872F20E7-SegmentedRaftLog:OPENED:c-1, conf=-1: peers:[s3|rpc:localhost:39579|admin:localhost:42243|client:localhost:33409|dataStream:localhost:46293|priority:0|startupRole:FOLLOWER, s4|rpc:localhost:45747|admin:localhost:35149|client:localhost:44435|dataStream:localhost:42993|priority:0|startupRole:FOLLOWER, s0|rpc:localhost:36179|admin:localhost:46501|client:localhost:36175|dataStream:localhost:33505|priority:0|startupRole:FOLLOWER, s1|rpc:localhost:36635|admin:localhost:41981|client:localhost:39775|dataStream:localhost:41297|priority:0|startupRole:FOLLOWER, s2|rpc:localhost:36969|admin:localhost:37929|client:localhost:40489|dataStream:localhost:38077|priority:0|startupRole:FOLLOWER]|listeners:[], old=null
2022-10-24 03:16:13,403 [grpc-default-executor-27] INFO  server.RaftServer$Division (RaftServerImpl.java:requestVote(1324)) - s0@group-6912872F20E7 replies to PRE_VOTE vote request: s1<-s0#0:OK-t0. Peer's state: s0@group-6912872F20E7:t0, leader=null, voted=, raftlog=Memoized:s0@group-6912872F20E7-SegmentedRaftLog:OPENED:c-1, conf=-1: peers:[s3|rpc:localhost:39579|admin:localhost:42243|client:localhost:33409|dataStream:localhost:46293|priority:0|startupRole:FOLLOWER, s4|rpc:localhost:45747|admin:localhost:35149|client:localhost:44435|dataStream:localhost:42993|priority:0|startupRole:FOLLOWER, s0|rpc:localhost:36179|admin:localhost:46501|client:localhost:36175|dataStream:localhost:33505|priority:0|startupRole:FOLLOWER, s1|rpc:localhost:36635|admin:localhost:41981|client:localhost:39775|dataStream:localhost:41297|priority:0|startupRole:FOLLOWER, s2|rpc:localhost:36969|admin:localhost:37929|client:localhost:40489|dataStream:localhost:38077|priority:0|startupRole:FOLLOWER]|listeners:[], old=null
2022-10-24 03:16:13,404 [s0@group-6912872F20E7-LeaderElection4] INFO  impl.LeaderElection (LeaderElection.java:askForVotes(309)) - s0@group-6912872F20E7-LeaderElection4 PRE_VOTE round 2: submit vote requests at term 0 for -1: peers:[s3|rpc:localhost:39579|admin:localhost:42243|client:localhost:33409|dataStream:localhost:46293|priority:0|startupRole:FOLLOWER, s4|rpc:localhost:45747|admin:localhost:35149|client:localhost:44435|dataStream:localhost:42993|priority:0|startupRole:FOLLOWER, s0|rpc:localhost:36179|admin:localhost:46501|client:localhost:36175|dataStream:localhost:33505|priority:0|startupRole:FOLLOWER, s1|rpc:localhost:36635|admin:localhost:41981|client:localhost:39775|dataStream:localhost:41297|priority:0|startupRole:FOLLOWER, s2|rpc:localhost:36969|admin:localhost:37929|client:localhost:40489|dataStream:localhost:38077|priority:0|startupRole:FOLLOWER]|listeners:[], old=null
2022-10-24 03:16:13,405 [s3@group-6912872F20E7-LeaderElection1] INFO  impl.LeaderElection (LeaderElection.java:askForVotes(309)) - s3@group-6912872F20E7-LeaderElection1 ELECTION round 0: submit vote requests at term 1 for -1: peers:[s3|rpc:localhost:39579|admin:localhost:42243|client:localhost:33409|dataStream:localhost:46293|priority:0|startupRole:FOLLOWER, s4|rpc:localhost:45747|admin:localhost:35149|client:localhost:44435|dataStream:localhost:42993|priority:0|startupRole:FOLLOWER, s0|rpc:localhost:36179|admin:localhost:46501|client:localhost:36175|dataStream:localhost:33505|priority:0|startupRole:FOLLOWER, s1|rpc:localhost:36635|admin:localhost:41981|client:localhost:39775|dataStream:localhost:41297|priority:0|startupRole:FOLLOWER, s2|rpc:localhost:36969|admin:localhost:37929|client:localhost:40489|dataStream:localhost:38077|priority:0|startupRole:FOLLOWER]|listeners:[], old=null
2022-10-24 03:16:13,428 [s4@group-6912872F20E7-LeaderElection2] INFO  server.RaftServerConfigKeys (ConfUtils.java:logFallback(53)) - raft.server.rpc.first-election.timeout.min = 150ms (fallback to raft.server.rpc.timeout.min)
2022-10-24 03:16:13,428 [s4@group-6912872F20E7-LeaderElection2] INFO  server.RaftServerConfigKeys (ConfUtils.java:logFallback(53)) - raft.server.rpc.first-election.timeout.max = 300ms (fallback to raft.server.rpc.timeout.max)
2022-10-24 03:16:13,447 [s0@group-6912872F20E7-LeaderElection4] INFO  server.RaftServerConfigKeys (ConfUtils.java:logFallback(53)) - raft.server.rpc.first-election.timeout.min = 150ms (fallback to raft.server.rpc.timeout.min)
2022-10-24 03:16:13,447 [s0@group-6912872F20E7-LeaderElection4] INFO  server.RaftServerConfigKeys (ConfUtils.java:logFallback(53)) - raft.server.rpc.first-election.timeout.max = 300ms (fallback to raft.server.rpc.timeout.max)
2022-10-24 03:16:13,450 [s1@group-6912872F20E7-LeaderElection3] INFO  impl.LeaderElection (LeaderElection.java:logAndReturn(89)) - s1@group-6912872F20E7-LeaderElection3: PRE_VOTE TIMEOUT received 1 response(s) and 0 exception(s):
2022-10-24 03:16:13,450 [s1@group-6912872F20E7-LeaderElection3] INFO  impl.LeaderElection (LeaderElection.java:logAndReturn(93)) -   Response 0: s1<-s4#0:OK-t0
2022-10-24 03:16:13,451 [s1@group-6912872F20E7-LeaderElection3] INFO  impl.LeaderElection (LeaderElection.java:askForVotes(311)) - s1@group-6912872F20E7-LeaderElection3 PRE_VOTE round 1: result TIMEOUT
2022-10-24 03:16:13,451 [s1@group-6912872F20E7-LeaderElection3] INFO  impl.LeaderElection (LeaderElection.java:askForVotes(309)) - s1@group-6912872F20E7-LeaderElection3 PRE_VOTE round 2: submit vote requests at term 0 for -1: peers:[s3|rpc:localhost:39579|admin:localhost:42243|client:localhost:33409|dataStream:localhost:46293|priority:0|startupRole:FOLLOWER, s4|rpc:localhost:45747|admin:localhost:35149|client:localhost:44435|dataStream:localhost:42993|priority:0|startupRole:FOLLOWER, s0|rpc:localhost:36179|admin:localhost:46501|client:localhost:36175|dataStream:localhost:33505|priority:0|startupRole:FOLLOWER, s1|rpc:localhost:36635|admin:localhost:41981|client:localhost:39775|dataStream:localhost:41297|priority:0|startupRole:FOLLOWER, s2|rpc:localhost:36969|admin:localhost:37929|client:localhost:40489|dataStream:localhost:38077|priority:0|startupRole:FOLLOWER]|listeners:[], old=null
2022-10-24 03:16:13,456 [s1@group-6912872F20E7-LeaderElection3] INFO  server.RaftServerConfigKeys (ConfUtils.java:logFallback(53)) - raft.server.rpc.first-election.timeout.min = 150ms (fallback to raft.server.rpc.timeout.min)
2022-10-24 03:16:13,457 [s1@group-6912872F20E7-LeaderElection3] INFO  server.RaftServerConfigKeys (ConfUtils.java:logFallback(53)) - raft.server.rpc.first-election.timeout.max = 300ms (fallback to raft.server.rpc.timeout.max)
2022-10-24 03:16:13,460 [s3@group-6912872F20E7-LeaderElection1] INFO  server.RaftServerConfigKeys (ConfUtils.java:logFallback(53)) - raft.server.rpc.first-election.timeout.min = 150ms (fallback to raft.server.rpc.timeout.min)
2022-10-24 03:16:13,460 [s3@group-6912872F20E7-LeaderElection1] INFO  server.RaftServerConfigKeys (ConfUtils.java:logFallback(53)) - raft.server.rpc.first-election.timeout.max = 300ms (fallback to raft.server.rpc.timeout.max)
2022-10-24 03:16:13,490 [grpc-default-executor-8] INFO  server.RaftServer$Division (RaftServerImpl.java:requestVote(1291)) - s0@group-6912872F20E7: receive requestVote(PRE_VOTE, s2, group-6912872F20E7, 0, (t:0, i:0))
2022-10-24 03:16:13,490 [grpc-default-executor-8] INFO  impl.VoteContext (VoteContext.java:log(49)) - s0@group-6912872F20E7-CANDIDATE: accept PRE_VOTE from s2: our priority 0 <= candidate's priority 0
2022-10-24 03:16:13,491 [grpc-default-executor-8] INFO  server.RaftServer$Division (RaftServerImpl.java:requestVote(1324)) - s0@group-6912872F20E7 replies to PRE_VOTE vote request: s2<-s0#0:OK-t0. Peer's state: s0@group-6912872F20E7:t0, leader=null, voted=, raftlog=Memoized:s0@group-6912872F20E7-SegmentedRaftLog:OPENED:c-1, conf=-1: peers:[s3|rpc:localhost:39579|admin:localhost:42243|client:localhost:33409|dataStream:localhost:46293|priority:0|startupRole:FOLLOWER, s4|rpc:localhost:45747|admin:localhost:35149|client:localhost:44435|dataStream:localhost:42993|priority:0|startupRole:FOLLOWER, s0|rpc:localhost:36179|admin:localhost:46501|client:localhost:36175|dataStream:localhost:33505|priority:0|startupRole:FOLLOWER, s1|rpc:localhost:36635|admin:localhost:41981|client:localhost:39775|dataStream:localhost:41297|priority:0|startupRole:FOLLOWER, s2|rpc:localhost:36969|admin:localhost:37929|client:localhost:40489|dataStream:localhost:38077|priority:0|startupRole:FOLLOWER]|listeners:[], old=null
2022-10-24 03:16:13,491 [grpc-default-executor-27] INFO  server.RaftServer$Division (RaftServerImpl.java:requestVote(1291)) - s4@group-6912872F20E7: receive requestVote(PRE_VOTE, s2, group-6912872F20E7, 0, (t:0, i:0))
2022-10-24 03:16:13,491 [grpc-default-executor-27] INFO  impl.VoteContext (VoteContext.java:log(49)) - s4@group-6912872F20E7-CANDIDATE: accept PRE_VOTE from s2: our priority 0 <= candidate's priority 0
2022-10-24 03:16:13,491 [grpc-default-executor-27] INFO  server.RaftServer$Division (RaftServerImpl.java:requestVote(1324)) - s4@group-6912872F20E7 replies to PRE_VOTE vote request: s2<-s4#0:OK-t0. Peer's state: s4@group-6912872F20E7:t0, leader=null, voted=, raftlog=Memoized:s4@group-6912872F20E7-SegmentedRaftLog:OPENED:c-1, conf=-1: peers:[s3|rpc:localhost:39579|admin:localhost:42243|client:localhost:33409|dataStream:localhost:46293|priority:0|startupRole:FOLLOWER, s4|rpc:localhost:45747|admin:localhost:35149|client:localhost:44435|dataStream:localhost:42993|priority:0|startupRole:FOLLOWER, s0|rpc:localhost:36179|admin:localhost:46501|client:localhost:36175|dataStream:localhost:33505|priority:0|startupRole:FOLLOWER, s1|rpc:localhost:36635|admin:localhost:41981|client:localhost:39775|dataStream:localhost:41297|priority:0|startupRole:FOLLOWER, s2|rpc:localhost:36969|admin:localhost:37929|client:localhost:40489|dataStream:localhost:38077|priority:0|startupRole:FOLLOWER]|listeners:[], old=null
2022-10-24 03:16:13,496 [grpc-default-executor-27] INFO  server.RaftServer$Division (RaftServerImpl.java:requestVote(1291)) - s1@group-6912872F20E7: receive requestVote(PRE_VOTE, s2, group-6912872F20E7, 0, (t:0, i:0))
2022-10-24 03:16:13,500 [grpc-default-executor-27] INFO  impl.VoteContext (VoteContext.java:log(49)) - s1@group-6912872F20E7-CANDIDATE: accept PRE_VOTE from s2: our priority 0 <= candidate's priority 0
2022-10-24 03:16:13,500 [grpc-default-executor-27] INFO  server.RaftServer$Division (RaftServerImpl.java:requestVote(1324)) - s1@group-6912872F20E7 replies to PRE_VOTE vote request: s2<-s1#0:OK-t0. Peer's state: s1@group-6912872F20E7:t0, leader=null, voted=, raftlog=Memoized:s1@group-6912872F20E7-SegmentedRaftLog:OPENED:c-1, conf=-1: peers:[s3|rpc:localhost:39579|admin:localhost:42243|client:localhost:33409|dataStream:localhost:46293|priority:0|startupRole:FOLLOWER, s4|rpc:localhost:45747|admin:localhost:35149|client:localhost:44435|dataStream:localhost:42993|priority:0|startupRole:FOLLOWER, s0|rpc:localhost:36179|admin:localhost:46501|client:localhost:36175|dataStream:localhost:33505|priority:0|startupRole:FOLLOWER, s1|rpc:localhost:36635|admin:localhost:41981|client:localhost:39775|dataStream:localhost:41297|priority:0|startupRole:FOLLOWER, s2|rpc:localhost:36969|admin:localhost:37929|client:localhost:40489|dataStream:localhost:38077|priority:0|startupRole:FOLLOWER]|listeners:[], old=null
2022-10-24 03:16:13,500 [grpc-default-executor-25] INFO  server.RaftServer$Division (RaftServerImpl.java:requestVote(1291)) - s2@group-6912872F20E7: receive requestVote(ELECTION, s3, group-6912872F20E7, 1, (t:0, i:0))
2022-10-24 03:16:13,500 [grpc-default-executor-25] INFO  impl.VoteContext (VoteContext.java:log(49)) - s2@group-6912872F20E7-CANDIDATE: accept ELECTION from s3: our priority 0 <= candidate's priority 0
2022-10-24 03:16:13,501 [grpc-default-executor-25] INFO  server.RaftServer$Division (RaftServerImpl.java:setRole(325)) - s2@group-6912872F20E7: changes role from CANDIDATE to FOLLOWER at term 1 for candidate:s3
2022-10-24 03:16:13,501 [grpc-default-executor-25] INFO  impl.RoleInfo (RoleInfo.java:shutdownLeaderElection(130)) - s2: shutdown s2@group-6912872F20E7-LeaderElection5
2022-10-24 03:16:13,502 [grpc-default-executor-25] INFO  impl.RoleInfo (RoleInfo.java:updateAndGet(139)) - s2: start s2@group-6912872F20E7-FollowerState
2022-10-24 03:16:13,499 [grpc-default-executor-32] INFO  server.RaftServer$Division (RaftServerImpl.java:requestVote(1291)) - s0@group-6912872F20E7: receive requestVote(ELECTION, s3, group-6912872F20E7, 1, (t:0, i:0))
2022-10-24 03:16:13,502 [grpc-default-executor-32] INFO  impl.VoteContext (VoteContext.java:log(49)) - s0@group-6912872F20E7-CANDIDATE: accept ELECTION from s3: our priority 0 <= candidate's priority 0
2022-10-24 03:16:13,502 [grpc-default-executor-32] INFO  server.RaftServer$Division (RaftServerImpl.java:setRole(325)) - s0@group-6912872F20E7: changes role from CANDIDATE to FOLLOWER at term 1 for candidate:s3
2022-10-24 03:16:13,502 [grpc-default-executor-32] INFO  impl.RoleInfo (RoleInfo.java:shutdownLeaderElection(130)) - s0: shutdown s0@group-6912872F20E7-LeaderElection4
2022-10-24 03:16:13,502 [grpc-default-executor-32] INFO  impl.RoleInfo (RoleInfo.java:updateAndGet(139)) - s0: start s0@group-6912872F20E7-FollowerState
2022-10-24 03:16:13,499 [grpc-default-executor-6] INFO  server.RaftServer$Division (RaftServerImpl.java:requestVote(1291)) - s3@group-6912872F20E7: receive requestVote(PRE_VOTE, s4, group-6912872F20E7, 0, (t:0, i:0))
2022-10-24 03:16:13,502 [grpc-default-executor-6] INFO  impl.VoteContext (VoteContext.java:log(49)) - s3@group-6912872F20E7-CANDIDATE: accept PRE_VOTE from s4: our priority 0 <= candidate's priority 0
2022-10-24 03:16:13,503 [grpc-default-executor-6] INFO  server.RaftServer$Division (RaftServerImpl.java:requestVote(1324)) - s3@group-6912872F20E7 replies to PRE_VOTE vote request: s4<-s3#0:OK-t1. Peer's state: s3@group-6912872F20E7:t1, leader=null, voted=s3, raftlog=Memoized:s3@group-6912872F20E7-SegmentedRaftLog:OPENED:c-1, conf=-1: peers:[s3|rpc:localhost:39579|admin:localhost:42243|client:localhost:33409|dataStream:localhost:46293|priority:0|startupRole:FOLLOWER, s4|rpc:localhost:45747|admin:localhost:35149|client:localhost:44435|dataStream:localhost:42993|priority:0|startupRole:FOLLOWER, s0|rpc:localhost:36179|admin:localhost:46501|client:localhost:36175|dataStream:localhost:33505|priority:0|startupRole:FOLLOWER, s1|rpc:localhost:36635|admin:localhost:41981|client:localhost:39775|dataStream:localhost:41297|priority:0|startupRole:FOLLOWER, s2|rpc:localhost:36969|admin:localhost:37929|client:localhost:40489|dataStream:localhost:38077|priority:0|startupRole:FOLLOWER]|listeners:[], old=null
2022-10-24 03:16:13,499 [grpc-default-executor-34] INFO  server.RaftServer$Division (RaftServerImpl.java:requestVote(1291)) - s2@group-6912872F20E7: receive requestVote(PRE_VOTE, s1, group-6912872F20E7, 0, (t:0, i:0))
2022-10-24 03:16:13,498 [grpc-default-executor-26] INFO  server.RaftServer$Division (RaftServerImpl.java:requestVote(1291)) - s1@group-6912872F20E7: receive requestVote(PRE_VOTE, s0, group-6912872F20E7, 0, (t:0, i:0))
2022-10-24 03:16:13,503 [grpc-default-executor-26] INFO  impl.VoteContext (VoteContext.java:log(49)) - s1@group-6912872F20E7-CANDIDATE: accept PRE_VOTE from s0: our priority 0 <= candidate's priority 0
2022-10-24 03:16:13,503 [grpc-default-executor-26] INFO  server.RaftServer$Division (RaftServerImpl.java:requestVote(1324)) - s1@group-6912872F20E7 replies to PRE_VOTE vote request: s0<-s1#0:OK-t0. Peer's state: s1@group-6912872F20E7:t0, leader=null, voted=, raftlog=Memoized:s1@group-6912872F20E7-SegmentedRaftLog:OPENED:c-1, conf=-1: peers:[s3|rpc:localhost:39579|admin:localhost:42243|client:localhost:33409|dataStream:localhost:46293|priority:0|startupRole:FOLLOWER, s4|rpc:localhost:45747|admin:localhost:35149|client:localhost:44435|dataStream:localhost:42993|priority:0|startupRole:FOLLOWER, s0|rpc:localhost:36179|admin:localhost:46501|client:localhost:36175|dataStream:localhost:33505|priority:0|startupRole:FOLLOWER, s1|rpc:localhost:36635|admin:localhost:41981|client:localhost:39775|dataStream:localhost:41297|priority:0|startupRole:FOLLOWER, s2|rpc:localhost:36969|admin:localhost:37929|client:localhost:40489|dataStream:localhost:38077|priority:0|startupRole:FOLLOWER]|listeners:[], old=null
2022-10-24 03:16:13,498 [grpc-default-executor-31] INFO  server.RaftServer$Division (RaftServerImpl.java:requestVote(1291)) - s4@group-6912872F20E7: receive requestVote(PRE_VOTE, s0, group-6912872F20E7, 0, (t:0, i:0))
2022-10-24 03:16:13,504 [grpc-default-executor-31] INFO  impl.VoteContext (VoteContext.java:log(49)) - s4@group-6912872F20E7-CANDIDATE: accept PRE_VOTE from s0: our priority 0 <= candidate's priority 0
2022-10-24 03:16:13,504 [grpc-default-executor-31] INFO  server.RaftServer$Division (RaftServerImpl.java:requestVote(1324)) - s4@group-6912872F20E7 replies to PRE_VOTE vote request: s0<-s4#0:OK-t0. Peer's state: s4@group-6912872F20E7:t0, leader=null, voted=, raftlog=Memoized:s4@group-6912872F20E7-SegmentedRaftLog:OPENED:c-1, conf=-1: peers:[s3|rpc:localhost:39579|admin:localhost:42243|client:localhost:33409|dataStream:localhost:46293|priority:0|startupRole:FOLLOWER, s4|rpc:localhost:45747|admin:localhost:35149|client:localhost:44435|dataStream:localhost:42993|priority:0|startupRole:FOLLOWER, s0|rpc:localhost:36179|admin:localhost:46501|client:localhost:36175|dataStream:localhost:33505|priority:0|startupRole:FOLLOWER, s1|rpc:localhost:36635|admin:localhost:41981|client:localhost:39775|dataStream:localhost:41297|priority:0|startupRole:FOLLOWER, s2|rpc:localhost:36969|admin:localhost:37929|client:localhost:40489|dataStream:localhost:38077|priority:0|startupRole:FOLLOWER]|listeners:[], old=null
2022-10-24 03:16:13,498 [grpc-default-executor-22] INFO  server.RaftServer$Division (RaftServerImpl.java:requestVote(1291)) - s1@group-6912872F20E7: receive requestVote(PRE_VOTE, s4, group-6912872F20E7, 0, (t:0, i:0))
2022-10-24 03:16:13,504 [grpc-default-executor-22] INFO  impl.VoteContext (VoteContext.java:log(49)) - s1@group-6912872F20E7-CANDIDATE: accept PRE_VOTE from s4: our priority 0 <= candidate's priority 0
2022-10-24 03:16:13,504 [grpc-default-executor-22] INFO  server.RaftServer$Division (RaftServerImpl.java:requestVote(1324)) - s1@group-6912872F20E7 replies to PRE_VOTE vote request: s4<-s1#0:OK-t0. Peer's state: s1@group-6912872F20E7:t0, leader=null, voted=, raftlog=Memoized:s1@group-6912872F20E7-SegmentedRaftLog:OPENED:c-1, conf=-1: peers:[s3|rpc:localhost:39579|admin:localhost:42243|client:localhost:33409|dataStream:localhost:46293|priority:0|startupRole:FOLLOWER, s4|rpc:localhost:45747|admin:localhost:35149|client:localhost:44435|dataStream:localhost:42993|priority:0|startupRole:FOLLOWER, s0|rpc:localhost:36179|admin:localhost:46501|client:localhost:36175|dataStream:localhost:33505|priority:0|startupRole:FOLLOWER, s1|rpc:localhost:36635|admin:localhost:41981|client:localhost:39775|dataStream:localhost:41297|priority:0|startupRole:FOLLOWER, s2|rpc:localhost:36969|admin:localhost:37929|client:localhost:40489|dataStream:localhost:38077|priority:0|startupRole:FOLLOWER]|listeners:[], old=null
2022-10-24 03:16:13,497 [grpc-default-executor-8] INFO  server.RaftServer$Division (RaftServerImpl.java:requestVote(1291)) - s0@group-6912872F20E7: receive requestVote(PRE_VOTE, s4, group-6912872F20E7, 0, (t:0, i:0))
2022-10-24 03:16:13,496 [grpc-default-executor-4] INFO  server.RaftServer$Division (RaftServerImpl.java:requestVote(1291)) - s3@group-6912872F20E7: receive requestVote(PRE_VOTE, s2, group-6912872F20E7, 0, (t:0, i:0))
2022-10-24 03:16:13,505 [grpc-default-executor-4] INFO  impl.VoteContext (VoteContext.java:log(49)) - s3@group-6912872F20E7-CANDIDATE: accept PRE_VOTE from s2: our priority 0 <= candidate's priority 0
2022-10-24 03:16:13,505 [grpc-default-executor-4] INFO  server.RaftServer$Division (RaftServerImpl.java:requestVote(1324)) - s3@group-6912872F20E7 replies to PRE_VOTE vote request: s2<-s3#0:OK-t1. Peer's state: s3@group-6912872F20E7:t1, leader=null, voted=s3, raftlog=Memoized:s3@group-6912872F20E7-SegmentedRaftLog:OPENED:c-1, conf=-1: peers:[s3|rpc:localhost:39579|admin:localhost:42243|client:localhost:33409|dataStream:localhost:46293|priority:0|startupRole:FOLLOWER, s4|rpc:localhost:45747|admin:localhost:35149|client:localhost:44435|dataStream:localhost:42993|priority:0|startupRole:FOLLOWER, s0|rpc:localhost:36179|admin:localhost:46501|client:localhost:36175|dataStream:localhost:33505|priority:0|startupRole:FOLLOWER, s1|rpc:localhost:36635|admin:localhost:41981|client:localhost:39775|dataStream:localhost:41297|priority:0|startupRole:FOLLOWER, s2|rpc:localhost:36969|admin:localhost:37929|client:localhost:40489|dataStream:localhost:38077|priority:0|startupRole:FOLLOWER]|listeners:[], old=null
2022-10-24 03:16:13,508 [s0@group-6912872F20E7-LeaderElection4] INFO  impl.LeaderElection (LeaderElection.java:logAndReturn(89)) - s0@group-6912872F20E7-LeaderElection4: PRE_VOTE REJECTED received 1 response(s) and 0 exception(s):
2022-10-24 03:16:13,508 [s0@group-6912872F20E7-LeaderElection4] INFO  impl.LeaderElection (LeaderElection.java:logAndReturn(93)) -   Response 0: s0<-s1#0:OK-t0
2022-10-24 03:16:13,508 [s0@group-6912872F20E7-LeaderElection4] INFO  impl.LeaderElection (LeaderElection.java:askForVotes(311)) - s0@group-6912872F20E7-LeaderElection4 PRE_VOTE round 2: result REJECTED
2022-10-24 03:16:13,512 [s2@group-6912872F20E7-FollowerState] INFO  server.RaftServerConfigKeys (ConfUtils.java:logFallback(53)) - raft.server.rpc.first-election.timeout.min = 150ms (fallback to raft.server.rpc.timeout.min)
2022-10-24 03:16:13,512 [s2@group-6912872F20E7-FollowerState] INFO  server.RaftServerConfigKeys (ConfUtils.java:logFallback(53)) - raft.server.rpc.first-election.timeout.max = 300ms (fallback to raft.server.rpc.timeout.max)
2022-10-24 03:16:13,514 [s0@group-6912872F20E7-FollowerState] INFO  server.RaftServerConfigKeys (ConfUtils.java:logFallback(53)) - raft.server.rpc.first-election.timeout.min = 150ms (fallback to raft.server.rpc.timeout.min)
2022-10-24 03:16:13,514 [grpc-default-executor-25] INFO  server.RaftServer$Division (RaftServerImpl.java:requestVote(1324)) - s2@group-6912872F20E7 replies to ELECTION vote request: s3<-s2#0:OK-t1. Peer's state: s2@group-6912872F20E7:t1, leader=null, voted=s3, raftlog=Memoized:s2@group-6912872F20E7-SegmentedRaftLog:OPENED:c-1, conf=-1: peers:[s3|rpc:localhost:39579|admin:localhost:42243|client:localhost:33409|dataStream:localhost:46293|priority:0|startupRole:FOLLOWER, s4|rpc:localhost:45747|admin:localhost:35149|client:localhost:44435|dataStream:localhost:42993|priority:0|startupRole:FOLLOWER, s0|rpc:localhost:36179|admin:localhost:46501|client:localhost:36175|dataStream:localhost:33505|priority:0|startupRole:FOLLOWER, s1|rpc:localhost:36635|admin:localhost:41981|client:localhost:39775|dataStream:localhost:41297|priority:0|startupRole:FOLLOWER, s2|rpc:localhost:36969|admin:localhost:37929|client:localhost:40489|dataStream:localhost:38077|priority:0|startupRole:FOLLOWER]|listeners:[], old=null
2022-10-24 03:16:13,515 [grpc-default-executor-34] INFO  impl.VoteContext (VoteContext.java:log(49)) - s2@group-6912872F20E7-FOLLOWER: accept PRE_VOTE from s1: our priority 0 <= candidate's priority 0
2022-10-24 03:16:13,515 [grpc-default-executor-34] INFO  server.RaftServer$Division (RaftServerImpl.java:requestVote(1324)) - s2@group-6912872F20E7 replies to PRE_VOTE vote request: s1<-s2#0:OK-t1. Peer's state: s2@group-6912872F20E7:t1, leader=null, voted=s3, raftlog=Memoized:s2@group-6912872F20E7-SegmentedRaftLog:OPENED:c-1, conf=-1: peers:[s3|rpc:localhost:39579|admin:localhost:42243|client:localhost:33409|dataStream:localhost:46293|priority:0|startupRole:FOLLOWER, s4|rpc:localhost:45747|admin:localhost:35149|client:localhost:44435|dataStream:localhost:42993|priority:0|startupRole:FOLLOWER, s0|rpc:localhost:36179|admin:localhost:46501|client:localhost:36175|dataStream:localhost:33505|priority:0|startupRole:FOLLOWER, s1|rpc:localhost:36635|admin:localhost:41981|client:localhost:39775|dataStream:localhost:41297|priority:0|startupRole:FOLLOWER, s2|rpc:localhost:36969|admin:localhost:37929|client:localhost:40489|dataStream:localhost:38077|priority:0|startupRole:FOLLOWER]|listeners:[], old=null
2022-10-24 03:16:13,516 [s1@group-6912872F20E7-LeaderElection3] INFO  impl.LeaderElection (LeaderElection.java:logAndReturn(89)) - s1@group-6912872F20E7-LeaderElection3: PRE_VOTE DISCOVERED_A_NEW_TERM (term=1) received 1 response(s) and 0 exception(s):
2022-10-24 03:16:13,517 [s1@group-6912872F20E7-LeaderElection3] INFO  impl.LeaderElection (LeaderElection.java:logAndReturn(93)) -   Response 0: s1<-s2#0:OK-t1
2022-10-24 03:16:13,517 [s1@group-6912872F20E7-LeaderElection3] INFO  impl.LeaderElection (LeaderElection.java:askForVotes(311)) - s1@group-6912872F20E7-LeaderElection3 PRE_VOTE round 2: result DISCOVERED_A_NEW_TERM (term=1)
2022-10-24 03:16:13,517 [grpc-default-executor-32] INFO  server.RaftServer$Division (RaftServerImpl.java:requestVote(1324)) - s0@group-6912872F20E7 replies to ELECTION vote request: s3<-s0#0:OK-t1. Peer's state: s0@group-6912872F20E7:t1, leader=null, voted=s3, raftlog=Memoized:s0@group-6912872F20E7-SegmentedRaftLog:OPENED:c-1, conf=-1: peers:[s3|rpc:localhost:39579|admin:localhost:42243|client:localhost:33409|dataStream:localhost:46293|priority:0|startupRole:FOLLOWER, s4|rpc:localhost:45747|admin:localhost:35149|client:localhost:44435|dataStream:localhost:42993|priority:0|startupRole:FOLLOWER, s0|rpc:localhost:36179|admin:localhost:46501|client:localhost:36175|dataStream:localhost:33505|priority:0|startupRole:FOLLOWER, s1|rpc:localhost:36635|admin:localhost:41981|client:localhost:39775|dataStream:localhost:41297|priority:0|startupRole:FOLLOWER, s2|rpc:localhost:36969|admin:localhost:37929|client:localhost:40489|dataStream:localhost:38077|priority:0|startupRole:FOLLOWER]|listeners:[], old=null
2022-10-24 03:16:13,517 [s1@group-6912872F20E7-LeaderElection3] INFO  server.RaftServer$Division (RaftServerImpl.java:setRole(325)) - s1@group-6912872F20E7: changes role from CANDIDATE to FOLLOWER at term 1 for DISCOVERED_A_NEW_TERM (term=1)
2022-10-24 03:16:13,517 [s1@group-6912872F20E7-LeaderElection3] INFO  impl.RoleInfo (RoleInfo.java:shutdownLeaderElection(130)) - s1: shutdown s1@group-6912872F20E7-LeaderElection3
2022-10-24 03:16:13,517 [s1@group-6912872F20E7-LeaderElection3] INFO  impl.RoleInfo (RoleInfo.java:updateAndGet(139)) - s1: start s1@group-6912872F20E7-FollowerState
2022-10-24 03:16:13,518 [grpc-default-executor-8] INFO  impl.VoteContext (VoteContext.java:log(49)) - s0@group-6912872F20E7-FOLLOWER: accept PRE_VOTE from s4: our priority 0 <= candidate's priority 0
2022-10-24 03:16:13,518 [grpc-default-executor-8] INFO  server.RaftServer$Division (RaftServerImpl.java:requestVote(1324)) - s0@group-6912872F20E7 replies to PRE_VOTE vote request: s4<-s0#0:OK-t1. Peer's state: s0@group-6912872F20E7:t1, leader=null, voted=s3, raftlog=Memoized:s0@group-6912872F20E7-SegmentedRaftLog:OPENED:c-1, conf=-1: peers:[s3|rpc:localhost:39579|admin:localhost:42243|client:localhost:33409|dataStream:localhost:46293|priority:0|startupRole:FOLLOWER, s4|rpc:localhost:45747|admin:localhost:35149|client:localhost:44435|dataStream:localhost:42993|priority:0|startupRole:FOLLOWER, s0|rpc:localhost:36179|admin:localhost:46501|client:localhost:36175|dataStream:localhost:33505|priority:0|startupRole:FOLLOWER, s1|rpc:localhost:36635|admin:localhost:41981|client:localhost:39775|dataStream:localhost:41297|priority:0|startupRole:FOLLOWER, s2|rpc:localhost:36969|admin:localhost:37929|client:localhost:40489|dataStream:localhost:38077|priority:0|startupRole:FOLLOWER]|listeners:[], old=null
2022-10-24 03:16:13,522 [s0@group-6912872F20E7-FollowerState] INFO  server.RaftServerConfigKeys (ConfUtils.java:logFallback(53)) - raft.server.rpc.first-election.timeout.max = 300ms (fallback to raft.server.rpc.timeout.max)
2022-10-24 03:16:13,523 [s1@group-6912872F20E7-FollowerState] INFO  server.RaftServerConfigKeys (ConfUtils.java:logFallback(53)) - raft.server.rpc.first-election.timeout.min = 150ms (fallback to raft.server.rpc.timeout.min)
2022-10-24 03:16:13,523 [s1@group-6912872F20E7-FollowerState] INFO  server.RaftServerConfigKeys (ConfUtils.java:logFallback(53)) - raft.server.rpc.first-election.timeout.max = 300ms (fallback to raft.server.rpc.timeout.max)
2022-10-24 03:16:13,527 [grpc-default-executor-25] INFO  server.RaftServer$Division (RaftServerImpl.java:requestVote(1291)) - s4@group-6912872F20E7: receive requestVote(PRE_VOTE, s1, group-6912872F20E7, 0, (t:0, i:0))
2022-10-24 03:16:13,527 [grpc-default-executor-25] INFO  impl.VoteContext (VoteContext.java:log(49)) - s4@group-6912872F20E7-CANDIDATE: accept PRE_VOTE from s1: our priority 0 <= candidate's priority 0
2022-10-24 03:16:13,529 [grpc-default-executor-25] INFO  server.RaftServer$Division (RaftServerImpl.java:requestVote(1324)) - s4@group-6912872F20E7 replies to PRE_VOTE vote request: s1<-s4#0:OK-t0. Peer's state: s4@group-6912872F20E7:t0, leader=null, voted=, raftlog=Memoized:s4@group-6912872F20E7-SegmentedRaftLog:OPENED:c-1, conf=-1: peers:[s3|rpc:localhost:39579|admin:localhost:42243|client:localhost:33409|dataStream:localhost:46293|priority:0|startupRole:FOLLOWER, s4|rpc:localhost:45747|admin:localhost:35149|client:localhost:44435|dataStream:localhost:42993|priority:0|startupRole:FOLLOWER, s0|rpc:localhost:36179|admin:localhost:46501|client:localhost:36175|dataStream:localhost:33505|priority:0|startupRole:FOLLOWER, s1|rpc:localhost:36635|admin:localhost:41981|client:localhost:39775|dataStream:localhost:41297|priority:0|startupRole:FOLLOWER, s2|rpc:localhost:36969|admin:localhost:37929|client:localhost:40489|dataStream:localhost:38077|priority:0|startupRole:FOLLOWER]|listeners:[], old=null
2022-10-24 03:16:13,530 [s2@group-6912872F20E7-LeaderElection5] INFO  impl.LeaderElection (LeaderElection.java:logAndReturn(89)) - s2@group-6912872F20E7-LeaderElection5: PRE_VOTE REJECTED received 1 response(s) and 0 exception(s):
2022-10-24 03:16:13,530 [s2@group-6912872F20E7-LeaderElection5] INFO  impl.LeaderElection (LeaderElection.java:logAndReturn(93)) -   Response 0: s2<-s1#0:OK-t0
2022-10-24 03:16:13,530 [grpc-default-executor-25] INFO  server.RaftServer$Division (RaftServerImpl.java:requestVote(1291)) - s2@group-6912872F20E7: receive requestVote(PRE_VOTE, s4, group-6912872F20E7, 0, (t:0, i:0))
2022-10-24 03:16:13,530 [grpc-default-executor-25] INFO  impl.VoteContext (VoteContext.java:log(49)) - s2@group-6912872F20E7-FOLLOWER: accept PRE_VOTE from s4: our priority 0 <= candidate's priority 0
2022-10-24 03:16:13,530 [grpc-default-executor-25] INFO  server.RaftServer$Division (RaftServerImpl.java:requestVote(1324)) - s2@group-6912872F20E7 replies to PRE_VOTE vote request: s4<-s2#0:OK-t1. Peer's state: s2@group-6912872F20E7:t1, leader=null, voted=s3, raftlog=Memoized:s2@group-6912872F20E7-SegmentedRaftLog:OPENED:c-1, conf=-1: peers:[s3|rpc:localhost:39579|admin:localhost:42243|client:localhost:33409|dataStream:localhost:46293|priority:0|startupRole:FOLLOWER, s4|rpc:localhost:45747|admin:localhost:35149|client:localhost:44435|dataStream:localhost:42993|priority:0|startupRole:FOLLOWER, s0|rpc:localhost:36179|admin:localhost:46501|client:localhost:36175|dataStream:localhost:33505|priority:0|startupRole:FOLLOWER, s1|rpc:localhost:36635|admin:localhost:41981|client:localhost:39775|dataStream:localhost:41297|priority:0|startupRole:FOLLOWER, s2|rpc:localhost:36969|admin:localhost:37929|client:localhost:40489|dataStream:localhost:38077|priority:0|startupRole:FOLLOWER]|listeners:[], old=null
2022-10-24 03:16:13,530 [s2@group-6912872F20E7-LeaderElection5] INFO  impl.LeaderElection (LeaderElection.java:askForVotes(311)) - s2@group-6912872F20E7-LeaderElection5 PRE_VOTE round 1: result REJECTED
2022-10-24 03:16:13,532 [grpc-default-executor-25] INFO  server.RaftServer$Division (RaftServerImpl.java:requestVote(1291)) - s4@group-6912872F20E7: receive requestVote(ELECTION, s3, group-6912872F20E7, 1, (t:0, i:0))
2022-10-24 03:16:13,532 [grpc-default-executor-25] INFO  impl.VoteContext (VoteContext.java:log(49)) - s4@group-6912872F20E7-CANDIDATE: accept ELECTION from s3: our priority 0 <= candidate's priority 0
2022-10-24 03:16:13,532 [grpc-default-executor-25] INFO  server.RaftServer$Division (RaftServerImpl.java:setRole(325)) - s4@group-6912872F20E7: changes role from CANDIDATE to FOLLOWER at term 1 for candidate:s3
2022-10-24 03:16:13,532 [grpc-default-executor-25] INFO  impl.RoleInfo (RoleInfo.java:shutdownLeaderElection(130)) - s4: shutdown s4@group-6912872F20E7-LeaderElection2
2022-10-24 03:16:13,532 [grpc-default-executor-25] INFO  impl.RoleInfo (RoleInfo.java:updateAndGet(139)) - s4: start s4@group-6912872F20E7-FollowerState
2022-10-24 03:16:13,533 [grpc-default-executor-8] INFO  server.RaftServer$Division (RaftServerImpl.java:requestVote(1291)) - s3@group-6912872F20E7: receive requestVote(PRE_VOTE, s1, group-6912872F20E7, 0, (t:0, i:0))
2022-10-24 03:16:13,533 [grpc-default-executor-8] INFO  impl.VoteContext (VoteContext.java:log(49)) - s3@group-6912872F20E7-CANDIDATE: accept PRE_VOTE from s1: our priority 0 <= candidate's priority 0
2022-10-24 03:16:13,533 [grpc-default-executor-8] INFO  server.RaftServer$Division (RaftServerImpl.java:requestVote(1324)) - s3@group-6912872F20E7 replies to PRE_VOTE vote request: s1<-s3#0:OK-t1. Peer's state: s3@group-6912872F20E7:t1, leader=null, voted=s3, raftlog=Memoized:s3@group-6912872F20E7-SegmentedRaftLog:OPENED:c-1, conf=-1: peers:[s3|rpc:localhost:39579|admin:localhost:42243|client:localhost:33409|dataStream:localhost:46293|priority:0|startupRole:FOLLOWER, s4|rpc:localhost:45747|admin:localhost:35149|client:localhost:44435|dataStream:localhost:42993|priority:0|startupRole:FOLLOWER, s0|rpc:localhost:36179|admin:localhost:46501|client:localhost:36175|dataStream:localhost:33505|priority:0|startupRole:FOLLOWER, s1|rpc:localhost:36635|admin:localhost:41981|client:localhost:39775|dataStream:localhost:41297|priority:0|startupRole:FOLLOWER, s2|rpc:localhost:36969|admin:localhost:37929|client:localhost:40489|dataStream:localhost:38077|priority:0|startupRole:FOLLOWER]|listeners:[], old=null
2022-10-24 03:16:13,534 [grpc-default-executor-8] INFO  server.RaftServer$Division (RaftServerImpl.java:requestVote(1291)) - s0@group-6912872F20E7: receive requestVote(PRE_VOTE, s1, group-6912872F20E7, 0, (t:0, i:0))
2022-10-24 03:16:13,534 [grpc-default-executor-8] INFO  impl.VoteContext (VoteContext.java:log(49)) - s0@group-6912872F20E7-FOLLOWER: accept PRE_VOTE from s1: our priority 0 <= candidate's priority 0
2022-10-24 03:16:13,534 [grpc-default-executor-8] INFO  server.RaftServer$Division (RaftServerImpl.java:requestVote(1324)) - s0@group-6912872F20E7 replies to PRE_VOTE vote request: s1<-s0#0:OK-t1. Peer's state: s0@group-6912872F20E7:t1, leader=null, voted=s3, raftlog=Memoized:s0@group-6912872F20E7-SegmentedRaftLog:OPENED:c-1, conf=-1: peers:[s3|rpc:localhost:39579|admin:localhost:42243|client:localhost:33409|dataStream:localhost:46293|priority:0|startupRole:FOLLOWER, s4|rpc:localhost:45747|admin:localhost:35149|client:localhost:44435|dataStream:localhost:42993|priority:0|startupRole:FOLLOWER, s0|rpc:localhost:36179|admin:localhost:46501|client:localhost:36175|dataStream:localhost:33505|priority:0|startupRole:FOLLOWER, s1|rpc:localhost:36635|admin:localhost:41981|client:localhost:39775|dataStream:localhost:41297|priority:0|startupRole:FOLLOWER, s2|rpc:localhost:36969|admin:localhost:37929|client:localhost:40489|dataStream:localhost:38077|priority:0|startupRole:FOLLOWER]|listeners:[], old=null
2022-10-24 03:16:13,534 [grpc-default-executor-8] INFO  server.RaftServer$Division (RaftServerImpl.java:requestVote(1291)) - s1@group-6912872F20E7: receive requestVote(ELECTION, s3, group-6912872F20E7, 1, (t:0, i:0))
2022-10-24 03:16:13,534 [grpc-default-executor-8] INFO  impl.VoteContext (VoteContext.java:log(49)) - s1@group-6912872F20E7-FOLLOWER: accept ELECTION from s3: our priority 0 <= candidate's priority 0
2022-10-24 03:16:13,535 [grpc-default-executor-8] INFO  server.RaftServer$Division (RaftServerImpl.java:setRole(325)) - s1@group-6912872F20E7: changes role from  FOLLOWER to FOLLOWER at term 1 for candidate:s3
2022-10-24 03:16:13,535 [grpc-default-executor-8] INFO  impl.RoleInfo (RoleInfo.java:shutdownFollowerState(110)) - s1: shutdown s1@group-6912872F20E7-FollowerState
2022-10-24 03:16:13,535 [grpc-default-executor-8] INFO  impl.RoleInfo (RoleInfo.java:updateAndGet(139)) - s1: start s1@group-6912872F20E7-FollowerState
2022-10-24 03:16:13,535 [s1@group-6912872F20E7-FollowerState] INFO  impl.FollowerState (FollowerState.java:run(152)) - s1@group-6912872F20E7-FollowerState was interrupted
2022-10-24 03:16:13,535 [grpc-default-executor-32] INFO  server.RaftServer$Division (RaftServerImpl.java:requestVote(1291)) - s3@group-6912872F20E7: receive requestVote(PRE_VOTE, s0, group-6912872F20E7, 0, (t:0, i:0))
2022-10-24 03:16:13,535 [grpc-default-executor-32] INFO  impl.VoteContext (VoteContext.java:log(49)) - s3@group-6912872F20E7-CANDIDATE: accept PRE_VOTE from s0: our priority 0 <= candidate's priority 0
2022-10-24 03:16:13,535 [grpc-default-executor-32] INFO  server.RaftServer$Division (RaftServerImpl.java:requestVote(1324)) - s3@group-6912872F20E7 replies to PRE_VOTE vote request: s0<-s3#0:OK-t1. Peer's state: s3@group-6912872F20E7:t1, leader=null, voted=s3, raftlog=Memoized:s3@group-6912872F20E7-SegmentedRaftLog:OPENED:c-1, conf=-1: peers:[s3|rpc:localhost:39579|admin:localhost:42243|client:localhost:33409|dataStream:localhost:46293|priority:0|startupRole:FOLLOWER, s4|rpc:localhost:45747|admin:localhost:35149|client:localhost:44435|dataStream:localhost:42993|priority:0|startupRole:FOLLOWER, s0|rpc:localhost:36179|admin:localhost:46501|client:localhost:36175|dataStream:localhost:33505|priority:0|startupRole:FOLLOWER, s1|rpc:localhost:36635|admin:localhost:41981|client:localhost:39775|dataStream:localhost:41297|priority:0|startupRole:FOLLOWER, s2|rpc:localhost:36969|admin:localhost:37929|client:localhost:40489|dataStream:localhost:38077|priority:0|startupRole:FOLLOWER]|listeners:[], old=null
2022-10-24 03:16:13,536 [grpc-default-executor-32] INFO  server.RaftServer$Division (RaftServerImpl.java:requestVote(1291)) - s2@group-6912872F20E7: receive requestVote(PRE_VOTE, s0, group-6912872F20E7, 0, (t:0, i:0))
2022-10-24 03:16:13,536 [grpc-default-executor-32] INFO  impl.VoteContext (VoteContext.java:log(49)) - s2@group-6912872F20E7-FOLLOWER: accept PRE_VOTE from s0: our priority 0 <= candidate's priority 0
2022-10-24 03:16:13,536 [grpc-default-executor-32] INFO  server.RaftServer$Division (RaftServerImpl.java:requestVote(1324)) - s2@group-6912872F20E7 replies to PRE_VOTE vote request: s0<-s2#0:OK-t1. Peer's state: s2@group-6912872F20E7:t1, leader=null, voted=s3, raftlog=Memoized:s2@group-6912872F20E7-SegmentedRaftLog:OPENED:c-1, conf=-1: peers:[s3|rpc:localhost:39579|admin:localhost:42243|client:localhost:33409|dataStream:localhost:46293|priority:0|startupRole:FOLLOWER, s4|rpc:localhost:45747|admin:localhost:35149|client:localhost:44435|dataStream:localhost:42993|priority:0|startupRole:FOLLOWER, s0|rpc:localhost:36179|admin:localhost:46501|client:localhost:36175|dataStream:localhost:33505|priority:0|startupRole:FOLLOWER, s1|rpc:localhost:36635|admin:localhost:41981|client:localhost:39775|dataStream:localhost:41297|priority:0|startupRole:FOLLOWER, s2|rpc:localhost:36969|admin:localhost:37929|client:localhost:40489|dataStream:localhost:38077|priority:0|startupRole:FOLLOWER]|listeners:[], old=null
2022-10-24 03:16:13,542 [s4@group-6912872F20E7-FollowerState] INFO  server.RaftServerConfigKeys (ConfUtils.java:logFallback(53)) - raft.server.rpc.first-election.timeout.min = 150ms (fallback to raft.server.rpc.timeout.min)
2022-10-24 03:16:13,542 [s4@group-6912872F20E7-FollowerState] INFO  server.RaftServerConfigKeys (ConfUtils.java:logFallback(53)) - raft.server.rpc.first-election.timeout.max = 300ms (fallback to raft.server.rpc.timeout.max)
2022-10-24 03:16:13,544 [s4@group-6912872F20E7-LeaderElection2] INFO  impl.LeaderElection (LeaderElection.java:logAndReturn(89)) - s4@group-6912872F20E7-LeaderElection2: PRE_VOTE DISCOVERED_A_NEW_TERM (term=1) received 1 response(s) and 0 exception(s):
2022-10-24 03:16:13,544 [s4@group-6912872F20E7-LeaderElection2] INFO  impl.LeaderElection (LeaderElection.java:logAndReturn(93)) -   Response 0: s4<-s2#0:OK-t1
2022-10-24 03:16:13,544 [s4@group-6912872F20E7-LeaderElection2] INFO  impl.LeaderElection (LeaderElection.java:askForVotes(311)) - s4@group-6912872F20E7-LeaderElection2 PRE_VOTE round 2: result DISCOVERED_A_NEW_TERM (term=1)
2022-10-24 03:16:13,544 [grpc-default-executor-25] INFO  server.RaftServer$Division (RaftServerImpl.java:requestVote(1324)) - s4@group-6912872F20E7 replies to ELECTION vote request: s3<-s4#0:OK-t1. Peer's state: s4@group-6912872F20E7:t1, leader=null, voted=s3, raftlog=Memoized:s4@group-6912872F20E7-SegmentedRaftLog:OPENED:c-1, conf=-1: peers:[s3|rpc:localhost:39579|admin:localhost:42243|client:localhost:33409|dataStream:localhost:46293|priority:0|startupRole:FOLLOWER, s4|rpc:localhost:45747|admin:localhost:35149|client:localhost:44435|dataStream:localhost:42993|priority:0|startupRole:FOLLOWER, s0|rpc:localhost:36179|admin:localhost:46501|client:localhost:36175|dataStream:localhost:33505|priority:0|startupRole:FOLLOWER, s1|rpc:localhost:36635|admin:localhost:41981|client:localhost:39775|dataStream:localhost:41297|priority:0|startupRole:FOLLOWER, s2|rpc:localhost:36969|admin:localhost:37929|client:localhost:40489|dataStream:localhost:38077|priority:0|startupRole:FOLLOWER]|listeners:[], old=null
2022-10-24 03:16:13,545 [grpc-default-executor-8] INFO  server.RaftServer$Division (RaftServerImpl.java:requestVote(1324)) - s1@group-6912872F20E7 replies to ELECTION vote request: s3<-s1#0:OK-t1. Peer's state: s1@group-6912872F20E7:t1, leader=null, voted=s3, raftlog=Memoized:s1@group-6912872F20E7-SegmentedRaftLog:OPENED:c-1, conf=-1: peers:[s3|rpc:localhost:39579|admin:localhost:42243|client:localhost:33409|dataStream:localhost:46293|priority:0|startupRole:FOLLOWER, s4|rpc:localhost:45747|admin:localhost:35149|client:localhost:44435|dataStream:localhost:42993|priority:0|startupRole:FOLLOWER, s0|rpc:localhost:36179|admin:localhost:46501|client:localhost:36175|dataStream:localhost:33505|priority:0|startupRole:FOLLOWER, s1|rpc:localhost:36635|admin:localhost:41981|client:localhost:39775|dataStream:localhost:41297|priority:0|startupRole:FOLLOWER, s2|rpc:localhost:36969|admin:localhost:37929|client:localhost:40489|dataStream:localhost:38077|priority:0|startupRole:FOLLOWER]|listeners:[], old=null
2022-10-24 03:16:13,548 [s1@group-6912872F20E7-FollowerState] INFO  server.RaftServerConfigKeys (ConfUtils.java:logFallback(53)) - raft.server.rpc.first-election.timeout.min = 150ms (fallback to raft.server.rpc.timeout.min)
2022-10-24 03:16:13,548 [s3@group-6912872F20E7-LeaderElection1] INFO  impl.LeaderElection (LeaderElection.java:logAndReturn(89)) - s3@group-6912872F20E7-LeaderElection1: ELECTION PASSED received 2 response(s) and 0 exception(s):
2022-10-24 03:16:13,548 [s3@group-6912872F20E7-LeaderElection1] INFO  impl.LeaderElection (LeaderElection.java:logAndReturn(93)) -   Response 0: s3<-s4#0:OK-t1
2022-10-24 03:16:13,548 [s3@group-6912872F20E7-LeaderElection1] INFO  impl.LeaderElection (LeaderElection.java:logAndReturn(93)) -   Response 1: s3<-s1#0:OK-t1
2022-10-24 03:16:13,548 [s3@group-6912872F20E7-LeaderElection1] INFO  impl.LeaderElection (LeaderElection.java:askForVotes(311)) - s3@group-6912872F20E7-LeaderElection1 ELECTION round 0: result PASSED
2022-10-24 03:16:13,548 [s3@group-6912872F20E7-LeaderElection1] INFO  impl.RoleInfo (RoleInfo.java:shutdownLeaderElection(130)) - s3: shutdown s3@group-6912872F20E7-LeaderElection1
2022-10-24 03:16:13,549 [s3@group-6912872F20E7-LeaderElection1] INFO  server.RaftServer$Division (RaftServerImpl.java:setRole(325)) - s3@group-6912872F20E7: changes role from CANDIDATE to LEADER at term 1 for changeToLeader
2022-10-24 03:16:13,549 [s3@group-6912872F20E7-LeaderElection1] INFO  server.RaftServer$Division (ServerState.java:setLeader(259)) - s3@group-6912872F20E7: change Leader from null to s3 at term 1 for becomeLeader, leader elected after 1326ms
2022-10-24 03:16:13,555 [s3@group-6912872F20E7-LeaderElection1] INFO  server.RaftServerConfigKeys (ConfUtils.java:logGet(46)) - raft.server.staging.catchup.gap = 1000 (default)
2022-10-24 03:16:13,558 [s1@group-6912872F20E7-FollowerState] INFO  server.RaftServerConfigKeys (ConfUtils.java:logFallback(53)) - raft.server.rpc.first-election.timeout.max = 300ms (fallback to raft.server.rpc.timeout.max)
2022-10-24 03:16:13,560 [s3@group-6912872F20E7-LeaderElection1] INFO  server.RaftServerConfigKeys (ConfUtils.java:logGet(46)) - raft.server.write.element-limit = 4096 (default)
2022-10-24 03:16:13,563 [s3@group-6912872F20E7-LeaderElection1] INFO  server.RaftServerConfigKeys (ConfUtils.java:logGet(46)) - raft.server.write.byte-limit = 64MB (=67108864) (default)
2022-10-24 03:16:13,567 [s3@group-6912872F20E7-LeaderElection1] INFO  server.RaftServerConfigKeys (ConfUtils.java:logGet(46)) - raft.server.watch.timeout = 10s (default)
2022-10-24 03:16:13,567 [s3@group-6912872F20E7-LeaderElection1] INFO  server.RaftServerConfigKeys (ConfUtils.java:logGet(46)) - raft.server.watch.timeout.denomination = 1s (default)
2022-10-24 03:16:13,568 [s3@group-6912872F20E7-LeaderElection1] INFO  server.RaftServerConfigKeys (ConfUtils.java:logGet(46)) - raft.server.watch.element-limit = 65536 (default)
2022-10-24 03:16:13,574 [s3@group-6912872F20E7-LeaderElection1] INFO  server.RaftServerConfigKeys (ConfUtils.java:logGet(46)) - raft.server.write.element-limit = 4096 (default)
2022-10-24 03:16:13,577 [s3@group-6912872F20E7-LeaderElection1] INFO  server.RaftServerConfigKeys (ConfUtils.java:logGet(46)) - raft.server.write.follower.gap.ratio.max = -1.0 (default)
2022-10-24 03:16:13,593 [s3@group-6912872F20E7-LeaderElection1] INFO  server.RaftServerConfigKeys (ConfUtils.java:logGet(46)) - raft.server.log.appender.snapshot.chunk.size.max = 16MB (=16777216) (default)
2022-10-24 03:16:13,593 [s3@group-6912872F20E7-LeaderElection1] INFO  server.RaftServerConfigKeys (ConfUtils.java:logGet(46)) - raft.server.log.appender.buffer.byte-limit = 4MB (=4194304) (default)
2022-10-24 03:16:13,594 [s3@group-6912872F20E7-LeaderElection1] INFO  server.RaftServerConfigKeys (ConfUtils.java:logGet(46)) - raft.server.log.appender.buffer.element-limit = 0 (default)
2022-10-24 03:16:13,596 [s3@group-6912872F20E7-LeaderElection1] INFO  grpc.GrpcConfigKeys (ConfUtils.java:logGet(46)) - raft.grpc.server.leader.outstanding.appends.max = 128 (default)
2022-10-24 03:16:13,597 [s3@group-6912872F20E7-LeaderElection1] INFO  server.RaftServerConfigKeys (ConfUtils.java:logGet(46)) - raft.server.rpc.request.timeout = 3000ms (default)
2022-10-24 03:16:13,597 [s3@group-6912872F20E7-LeaderElection1] INFO  server.RaftServerConfigKeys (ConfUtils.java:logGet(46)) - raft.server.log.appender.install.snapshot.enabled = true (default)
2022-10-24 03:16:13,597 [s3@group-6912872F20E7-LeaderElection1] INFO  grpc.GrpcConfigKeys (ConfUtils.java:logGet(46)) - raft.grpc.server.heartbeat.channel = true (default)
2022-10-24 03:16:13,597 [s3@group-6912872F20E7-LeaderElection1] INFO  server.RaftServerConfigKeys (ConfUtils.java:logGet(46)) - raft.server.log.appender.wait-time.min = 10ms (default)
2022-10-24 03:16:13,599 [s3@group-6912872F20E7-LeaderElection1] INFO  server.RaftServerConfigKeys (ConfUtils.java:logGet(46)) - raft.server.log.appender.snapshot.chunk.size.max = 16MB (=16777216) (default)
2022-10-24 03:16:13,600 [s3@group-6912872F20E7-LeaderElection1] INFO  server.RaftServerConfigKeys (ConfUtils.java:logGet(46)) - raft.server.log.appender.buffer.byte-limit = 4MB (=4194304) (default)
2022-10-24 03:16:13,600 [s3@group-6912872F20E7-LeaderElection1] INFO  server.RaftServerConfigKeys (ConfUtils.java:logGet(46)) - raft.server.log.appender.buffer.element-limit = 0 (default)
2022-10-24 03:16:13,600 [s3@group-6912872F20E7-LeaderElection1] INFO  grpc.GrpcConfigKeys (ConfUtils.java:logGet(46)) - raft.grpc.server.leader.outstanding.appends.max = 128 (default)
2022-10-24 03:16:13,600 [s3@group-6912872F20E7-LeaderElection1] INFO  server.RaftServerConfigKeys (ConfUtils.java:logGet(46)) - raft.server.rpc.request.timeout = 3000ms (default)
2022-10-24 03:16:13,600 [s3@group-6912872F20E7-LeaderElection1] INFO  server.RaftServerConfigKeys (ConfUtils.java:logGet(46)) - raft.server.log.appender.install.snapshot.enabled = true (default)
2022-10-24 03:16:13,601 [s3@group-6912872F20E7-LeaderElection1] INFO  grpc.GrpcConfigKeys (ConfUtils.java:logGet(46)) - raft.grpc.server.heartbeat.channel = true (default)
2022-10-24 03:16:13,601 [s3@group-6912872F20E7-LeaderElection1] INFO  server.RaftServerConfigKeys (ConfUtils.java:logGet(46)) - raft.server.log.appender.wait-time.min = 10ms (default)
2022-10-24 03:16:13,602 [s3@group-6912872F20E7-LeaderElection1] INFO  server.RaftServerConfigKeys (ConfUtils.java:logGet(46)) - raft.server.log.appender.snapshot.chunk.size.max = 16MB (=16777216) (default)
2022-10-24 03:16:13,602 [s3@group-6912872F20E7-LeaderElection1] INFO  server.RaftServerConfigKeys (ConfUtils.java:logGet(46)) - raft.server.log.appender.buffer.byte-limit = 4MB (=4194304) (default)
2022-10-24 03:16:13,602 [s3@group-6912872F20E7-LeaderElection1] INFO  server.RaftServerConfigKeys (ConfUtils.java:logGet(46)) - raft.server.log.appender.buffer.element-limit = 0 (default)
2022-10-24 03:16:13,602 [s3@group-6912872F20E7-LeaderElection1] INFO  grpc.GrpcConfigKeys (ConfUtils.java:logGet(46)) - raft.grpc.server.leader.outstanding.appends.max = 128 (default)
2022-10-24 03:16:13,602 [s3@group-6912872F20E7-LeaderElection1] INFO  server.RaftServerConfigKeys (ConfUtils.java:logGet(46)) - raft.server.rpc.request.timeout = 3000ms (default)
2022-10-24 03:16:13,602 [s3@group-6912872F20E7-LeaderElection1] INFO  server.RaftServerConfigKeys (ConfUtils.java:logGet(46)) - raft.server.log.appender.install.snapshot.enabled = true (default)
2022-10-24 03:16:13,603 [s3@group-6912872F20E7-LeaderElection1] INFO  grpc.GrpcConfigKeys (ConfUtils.java:logGet(46)) - raft.grpc.server.heartbeat.channel = true (default)
2022-10-24 03:16:13,603 [s3@group-6912872F20E7-LeaderElection1] INFO  server.RaftServerConfigKeys (ConfUtils.java:logGet(46)) - raft.server.log.appender.wait-time.min = 10ms (default)
2022-10-24 03:16:13,603 [s3@group-6912872F20E7-LeaderElection1] INFO  server.RaftServerConfigKeys (ConfUtils.java:logGet(46)) - raft.server.log.appender.snapshot.chunk.size.max = 16MB (=16777216) (default)
2022-10-24 03:16:13,603 [s3@group-6912872F20E7-LeaderElection1] INFO  server.RaftServerConfigKeys (ConfUtils.java:logGet(46)) - raft.server.log.appender.buffer.byte-limit = 4MB (=4194304) (default)
2022-10-24 03:16:13,604 [s3@group-6912872F20E7-LeaderElection1] INFO  server.RaftServerConfigKeys (ConfUtils.java:logGet(46)) - raft.server.log.appender.buffer.element-limit = 0 (default)
2022-10-24 03:16:13,604 [s3@group-6912872F20E7-LeaderElection1] INFO  grpc.GrpcConfigKeys (ConfUtils.java:logGet(46)) - raft.grpc.server.leader.outstanding.appends.max = 128 (default)
2022-10-24 03:16:13,604 [s3@group-6912872F20E7-LeaderElection1] INFO  server.RaftServerConfigKeys (ConfUtils.java:logGet(46)) - raft.server.rpc.request.timeout = 3000ms (default)
2022-10-24 03:16:13,604 [s3@group-6912872F20E7-LeaderElection1] INFO  server.RaftServerConfigKeys (ConfUtils.java:logGet(46)) - raft.server.log.appender.install.snapshot.enabled = true (default)
2022-10-24 03:16:13,604 [s3@group-6912872F20E7-LeaderElection1] INFO  grpc.GrpcConfigKeys (ConfUtils.java:logGet(46)) - raft.grpc.server.heartbeat.channel = true (default)
2022-10-24 03:16:13,604 [s3@group-6912872F20E7-LeaderElection1] INFO  server.RaftServerConfigKeys (ConfUtils.java:logGet(46)) - raft.server.log.appender.wait-time.min = 10ms (default)
2022-10-24 03:16:13,606 [s3@group-6912872F20E7-LeaderElection1] INFO  impl.RoleInfo (RoleInfo.java:updateAndGet(139)) - s3: start s3@group-6912872F20E7-LeaderStateImpl
2022-10-24 03:16:13,622 [s3@group-6912872F20E7-LeaderElection1] INFO  segmented.SegmentedRaftLogWorker (SegmentedRaftLogWorker.java:startLogSegment(431)) - s3@group-6912872F20E7-SegmentedRaftLogWorker: Starting segment from index:0
2022-10-24 03:16:13,635 [Time-limited test] WARN  ratis.RaftTestUtil (JavaUtils.java:attempt(217)) - FAILED "waitForLeader-null-(expectLeader? true)", attempt #3/100: java.lang.IllegalStateException: Leader: s3@group-6912872F20E7 not ready, sleep 450ms and then retry.
java.lang.IllegalStateException: Leader: s3@group-6912872F20E7 not ready
	at org.apache.ratis.RaftTestUtil.lambda$waitForLeader$3(RaftTestUtil.java:114)
	at org.apache.ratis.util.JavaUtils.attempt(JavaUtils.java:211)
	at org.apache.ratis.util.JavaUtils.attemptRepeatedly(JavaUtils.java:197)
	at org.apache.ratis.RaftTestUtil.waitForLeader(RaftTestUtil.java:111)
	at org.apache.ratis.RaftTestUtil.waitForLeader(RaftTestUtil.java:92)
	at org.apache.ratis.RaftTestUtil.waitForLeader(RaftTestUtil.java:87)
	at org.apache.ratis.server.impl.LeaderElectionTests.testEnforceLeader(LeaderElectionTests.java:277)
	at org.apache.ratis.grpc.TestLeaderElectionWithGrpc.testEnforceLeader(TestLeaderElectionWithGrpc.java:31)
	at java.base/jdk.internal.reflect.NativeMethodAccessorImpl.invoke0(Native Method)
	at java.base/jdk.internal.reflect.NativeMethodAccessorImpl.invoke(NativeMethodAccessorImpl.java:62)
	at java.base/jdk.internal.reflect.DelegatingMethodAccessorImpl.invoke(DelegatingMethodAccessorImpl.java:43)
	at java.base/java.lang.reflect.Method.invoke(Method.java:566)
	at org.junit.runners.model.FrameworkMethod$1.runReflectiveCall(FrameworkMethod.java:59)
	at org.junit.internal.runners.model.ReflectiveCallable.run(ReflectiveCallable.java:12)
	at org.junit.runners.model.FrameworkMethod.invokeExplosively(FrameworkMethod.java:56)
	at org.junit.internal.runners.statements.InvokeMethod.evaluate(InvokeMethod.java:17)
	at org.junit.internal.runners.statements.RunAfters.evaluate(RunAfters.java:27)
	at org.junit.internal.runners.statements.FailOnTimeout$CallableStatement.call(FailOnTimeout.java:299)
	at org.junit.internal.runners.statements.FailOnTimeout$CallableStatement.call(FailOnTimeout.java:293)
	at java.base/java.util.concurrent.FutureTask.run(FutureTask.java:264)
	at java.base/java.lang.Thread.run(Thread.java:829)
2022-10-24 03:16:13,696 [s3@group-6912872F20E7-LeaderElection1] INFO  server.RaftServer$Division (ServerState.java:setRaftConf(376)) - s3@group-6912872F20E7: set configuration 0: peers:[s3|rpc:localhost:39579|admin:localhost:42243|client:localhost:33409|dataStream:localhost:46293|priority:0|startupRole:FOLLOWER, s4|rpc:localhost:45747|admin:localhost:35149|client:localhost:44435|dataStream:localhost:42993|priority:0|startupRole:FOLLOWER, s0|rpc:localhost:36179|admin:localhost:46501|client:localhost:36175|dataStream:localhost:33505|priority:0|startupRole:FOLLOWER, s1|rpc:localhost:36635|admin:localhost:41981|client:localhost:39775|dataStream:localhost:41297|priority:0|startupRole:FOLLOWER, s2|rpc:localhost:36969|admin:localhost:37929|client:localhost:40489|dataStream:localhost:38077|priority:0|startupRole:FOLLOWER]|listeners:[], old=null
2022-10-24 03:16:13,708 [s1@group-6912872F20E7-FollowerState] INFO  impl.FollowerState (FollowerState.java:run(143)) - s1@group-6912872F20E7-FollowerState: change to CANDIDATE, lastRpcElapsedTime:163151462ns, electionTimeout:150ms
2022-10-24 03:16:13,708 [s1@group-6912872F20E7-FollowerState] INFO  impl.RoleInfo (RoleInfo.java:shutdownFollowerState(110)) - s1: shutdown s1@group-6912872F20E7-FollowerState
2022-10-24 03:16:13,708 [s1@group-6912872F20E7-FollowerState] INFO  server.RaftServer$Division (RaftServerImpl.java:setRole(325)) - s1@group-6912872F20E7: changes role from  FOLLOWER to CANDIDATE at term 1 for changeToCandidate
2022-10-24 03:16:13,709 [s1@group-6912872F20E7-FollowerState] INFO  server.RaftServerConfigKeys (ConfUtils.java:logGet(46)) - raft.server.leaderelection.pre-vote = true (default)
2022-10-24 03:16:13,709 [s1@group-6912872F20E7-FollowerState] INFO  impl.RoleInfo (RoleInfo.java:updateAndGet(139)) - s1: start s1@group-6912872F20E7-LeaderElection6
2022-10-24 03:16:13,712 [s0@group-6912872F20E7-FollowerState] INFO  server.RaftServerConfigKeys (ConfUtils.java:logFallback(53)) - raft.server.rpc.first-election.timeout.min = 150ms (fallback to raft.server.rpc.timeout.min)
2022-10-24 03:16:13,712 [s0@group-6912872F20E7-FollowerState] INFO  server.RaftServerConfigKeys (ConfUtils.java:logFallback(53)) - raft.server.rpc.first-election.timeout.max = 300ms (fallback to raft.server.rpc.timeout.max)
2022-10-24 03:16:13,728 [s1@group-6912872F20E7-LeaderElection6] INFO  impl.LeaderElection (LeaderElection.java:askForVotes(309)) - s1@group-6912872F20E7-LeaderElection6 PRE_VOTE round 0: submit vote requests at term 1 for -1: peers:[s3|rpc:localhost:39579|admin:localhost:42243|client:localhost:33409|dataStream:localhost:46293|priority:0|startupRole:FOLLOWER, s4|rpc:localhost:45747|admin:localhost:35149|client:localhost:44435|dataStream:localhost:42993|priority:0|startupRole:FOLLOWER, s0|rpc:localhost:36179|admin:localhost:46501|client:localhost:36175|dataStream:localhost:33505|priority:0|startupRole:FOLLOWER, s1|rpc:localhost:36635|admin:localhost:41981|client:localhost:39775|dataStream:localhost:41297|priority:0|startupRole:FOLLOWER, s2|rpc:localhost:36969|admin:localhost:37929|client:localhost:40489|dataStream:localhost:38077|priority:0|startupRole:FOLLOWER]|listeners:[], old=null
2022-10-24 03:16:13,782 [s1@group-6912872F20E7-LeaderElection6] INFO  server.RaftServerConfigKeys (ConfUtils.java:logFallback(53)) - raft.server.rpc.first-election.timeout.min = 150ms (fallback to raft.server.rpc.timeout.min)
2022-10-24 03:16:13,782 [s1@group-6912872F20E7-LeaderElection6] INFO  server.RaftServerConfigKeys (ConfUtils.java:logFallback(53)) - raft.server.rpc.first-election.timeout.max = 300ms (fallback to raft.server.rpc.timeout.max)
2022-10-24 03:16:13,798 [grpc-default-executor-32] INFO  server.RaftServer$Division (RaftServerImpl.java:requestVote(1291)) - s4@group-6912872F20E7: receive requestVote(PRE_VOTE, s1, group-6912872F20E7, 1, (t:0, i:0))
2022-10-24 03:16:13,798 [grpc-default-executor-32] INFO  impl.VoteContext (VoteContext.java:log(49)) - s4@group-6912872F20E7-FOLLOWER: accept PRE_VOTE from s1: our priority 0 <= candidate's priority 0
2022-10-24 03:16:13,798 [grpc-default-executor-32] INFO  server.RaftServer$Division (RaftServerImpl.java:requestVote(1324)) - s4@group-6912872F20E7 replies to PRE_VOTE vote request: s1<-s4#0:OK-t1. Peer's state: s4@group-6912872F20E7:t1, leader=null, voted=s3, raftlog=Memoized:s4@group-6912872F20E7-SegmentedRaftLog:OPENED:c-1, conf=-1: peers:[s3|rpc:localhost:39579|admin:localhost:42243|client:localhost:33409|dataStream:localhost:46293|priority:0|startupRole:FOLLOWER, s4|rpc:localhost:45747|admin:localhost:35149|client:localhost:44435|dataStream:localhost:42993|priority:0|startupRole:FOLLOWER, s0|rpc:localhost:36179|admin:localhost:46501|client:localhost:36175|dataStream:localhost:33505|priority:0|startupRole:FOLLOWER, s1|rpc:localhost:36635|admin:localhost:41981|client:localhost:39775|dataStream:localhost:41297|priority:0|startupRole:FOLLOWER, s2|rpc:localhost:36969|admin:localhost:37929|client:localhost:40489|dataStream:localhost:38077|priority:0|startupRole:FOLLOWER]|listeners:[], old=null
2022-10-24 03:16:13,799 [grpc-default-executor-34] INFO  server.RaftServer$Division (RaftServerImpl.java:requestVote(1291)) - s0@group-6912872F20E7: receive requestVote(PRE_VOTE, s1, group-6912872F20E7, 1, (t:0, i:0))
2022-10-24 03:16:13,799 [grpc-default-executor-34] INFO  impl.VoteContext (VoteContext.java:log(49)) - s0@group-6912872F20E7-FOLLOWER: accept PRE_VOTE from s1: our priority 0 <= candidate's priority 0
2022-10-24 03:16:13,799 [grpc-default-executor-34] INFO  server.RaftServer$Division (RaftServerImpl.java:requestVote(1324)) - s0@group-6912872F20E7 replies to PRE_VOTE vote request: s1<-s0#0:OK-t1. Peer's state: s0@group-6912872F20E7:t1, leader=null, voted=s3, raftlog=Memoized:s0@group-6912872F20E7-SegmentedRaftLog:OPENED:c-1, conf=-1: peers:[s3|rpc:localhost:39579|admin:localhost:42243|client:localhost:33409|dataStream:localhost:46293|priority:0|startupRole:FOLLOWER, s4|rpc:localhost:45747|admin:localhost:35149|client:localhost:44435|dataStream:localhost:42993|priority:0|startupRole:FOLLOWER, s0|rpc:localhost:36179|admin:localhost:46501|client:localhost:36175|dataStream:localhost:33505|priority:0|startupRole:FOLLOWER, s1|rpc:localhost:36635|admin:localhost:41981|client:localhost:39775|dataStream:localhost:41297|priority:0|startupRole:FOLLOWER, s2|rpc:localhost:36969|admin:localhost:37929|client:localhost:40489|dataStream:localhost:38077|priority:0|startupRole:FOLLOWER]|listeners:[], old=null
2022-10-24 03:16:13,800 [s3@group-6912872F20E7-SegmentedRaftLogWorker] INFO  segmented.SegmentedRaftLogWorker (SegmentedRaftLogWorker.java:execute(635)) - s3@group-6912872F20E7-SegmentedRaftLogWorker: created new log segment /home/runner/work/ratis/ratis/ratis-test/target/test/data/7f1448f6/MiniRaftClusterWithGrpc35a71421/s3/9601d173-e10d-455f-9df4-6912872f20e7/current/log_inprogress_0
2022-10-24 03:16:13,808 [s4@group-6912872F20E7-FollowerState] INFO  server.RaftServerConfigKeys (ConfUtils.java:logFallback(53)) - raft.server.rpc.first-election.timeout.min = 150ms (fallback to raft.server.rpc.timeout.min)
2022-10-24 03:16:13,808 [s4@group-6912872F20E7-FollowerState] INFO  server.RaftServerConfigKeys (ConfUtils.java:logFallback(53)) - raft.server.rpc.first-election.timeout.max = 300ms (fallback to raft.server.rpc.timeout.max)
2022-10-24 03:16:13,809 [grpc-default-executor-34] INFO  server.RaftServer$Division (RaftServerImpl.java:requestVote(1291)) - s3@group-6912872F20E7: receive requestVote(PRE_VOTE, s1, group-6912872F20E7, 1, (t:0, i:0))
2022-10-24 03:16:13,810 [s2@group-6912872F20E7-FollowerState] INFO  server.RaftServerConfigKeys (ConfUtils.java:logFallback(53)) - raft.server.rpc.first-election.timeout.min = 150ms (fallback to raft.server.rpc.timeout.min)
2022-10-24 03:16:13,810 [s2@group-6912872F20E7-FollowerState] INFO  server.RaftServerConfigKeys (ConfUtils.java:logFallback(53)) - raft.server.rpc.first-election.timeout.max = 300ms (fallback to raft.server.rpc.timeout.max)
2022-10-24 03:16:13,811 [s1@group-6912872F20E7-LeaderElection6] INFO  impl.LeaderElection (LeaderElection.java:logAndReturn(89)) - s1@group-6912872F20E7-LeaderElection6: PRE_VOTE PASSED received 2 response(s) and 0 exception(s):
2022-10-24 03:16:13,811 [s1@group-6912872F20E7-LeaderElection6] INFO  impl.LeaderElection (LeaderElection.java:logAndReturn(93)) -   Response 0: s1<-s4#0:OK-t1
2022-10-24 03:16:13,811 [s1@group-6912872F20E7-LeaderElection6] INFO  impl.LeaderElection (LeaderElection.java:logAndReturn(93)) -   Response 1: s1<-s0#0:OK-t1
2022-10-24 03:16:13,811 [s1@group-6912872F20E7-LeaderElection6] INFO  impl.LeaderElection (LeaderElection.java:askForVotes(311)) - s1@group-6912872F20E7-LeaderElection6 PRE_VOTE round 0: result PASSED
2022-10-24 03:16:13,813 [grpc-default-executor-22] INFO  server.RaftServer$Division (RaftServerImpl.java:requestVote(1291)) - s2@group-6912872F20E7: receive requestVote(PRE_VOTE, s1, group-6912872F20E7, 1, (t:0, i:0))
2022-10-24 03:16:13,813 [grpc-default-executor-22] INFO  impl.VoteContext (VoteContext.java:log(49)) - s2@group-6912872F20E7-FOLLOWER: accept PRE_VOTE from s1: our priority 0 <= candidate's priority 0
2022-10-24 03:16:13,813 [grpc-default-executor-22] INFO  server.RaftServer$Division (RaftServerImpl.java:requestVote(1324)) - s2@group-6912872F20E7 replies to PRE_VOTE vote request: s1<-s2#0:OK-t1. Peer's state: s2@group-6912872F20E7:t1, leader=null, voted=s3, raftlog=Memoized:s2@group-6912872F20E7-SegmentedRaftLog:OPENED:c-1, conf=-1: peers:[s3|rpc:localhost:39579|admin:localhost:42243|client:localhost:33409|dataStream:localhost:46293|priority:0|startupRole:FOLLOWER, s4|rpc:localhost:45747|admin:localhost:35149|client:localhost:44435|dataStream:localhost:42993|priority:0|startupRole:FOLLOWER, s0|rpc:localhost:36179|admin:localhost:46501|client:localhost:36175|dataStream:localhost:33505|priority:0|startupRole:FOLLOWER, s1|rpc:localhost:36635|admin:localhost:41981|client:localhost:39775|dataStream:localhost:41297|priority:0|startupRole:FOLLOWER, s2|rpc:localhost:36969|admin:localhost:37929|client:localhost:40489|dataStream:localhost:38077|priority:0|startupRole:FOLLOWER]|listeners:[], old=null
2022-10-24 03:16:13,815 [grpc-default-executor-34] INFO  impl.VoteContext (VoteContext.java:log(49)) - s3@group-6912872F20E7-LEADER: reject PRE_VOTE from s1: this server is the leader and still has leadership
2022-10-24 03:16:13,815 [grpc-default-executor-34] INFO  server.RaftServer$Division (RaftServerImpl.java:requestVote(1324)) - s3@group-6912872F20E7 replies to PRE_VOTE vote request: s1<-s3#0:FAIL-t1. Peer's state: s3@group-6912872F20E7:t1, leader=s3, voted=s3, raftlog=Memoized:s3@group-6912872F20E7-SegmentedRaftLog:OPENED:c0, conf=0: peers:[s3|rpc:localhost:39579|admin:localhost:42243|client:localhost:33409|dataStream:localhost:46293|priority:0|startupRole:FOLLOWER, s4|rpc:localhost:45747|admin:localhost:35149|client:localhost:44435|dataStream:localhost:42993|priority:0|startupRole:FOLLOWER, s0|rpc:localhost:36179|admin:localhost:46501|client:localhost:36175|dataStream:localhost:33505|priority:0|startupRole:FOLLOWER, s1|rpc:localhost:36635|admin:localhost:41981|client:localhost:39775|dataStream:localhost:41297|priority:0|startupRole:FOLLOWER, s2|rpc:localhost:36969|admin:localhost:37929|client:localhost:40489|dataStream:localhost:38077|priority:0|startupRole:FOLLOWER]|listeners:[], old=null
2022-10-24 03:16:13,815 [s1@group-6912872F20E7-LeaderElection6] INFO  impl.LeaderElection (LeaderElection.java:askForVotes(309)) - s1@group-6912872F20E7-LeaderElection6 ELECTION round 0: submit vote requests at term 2 for -1: peers:[s3|rpc:localhost:39579|admin:localhost:42243|client:localhost:33409|dataStream:localhost:46293|priority:0|startupRole:FOLLOWER, s4|rpc:localhost:45747|admin:localhost:35149|client:localhost:44435|dataStream:localhost:42993|priority:0|startupRole:FOLLOWER, s0|rpc:localhost:36179|admin:localhost:46501|client:localhost:36175|dataStream:localhost:33505|priority:0|startupRole:FOLLOWER, s1|rpc:localhost:36635|admin:localhost:41981|client:localhost:39775|dataStream:localhost:41297|priority:0|startupRole:FOLLOWER, s2|rpc:localhost:36969|admin:localhost:37929|client:localhost:40489|dataStream:localhost:38077|priority:0|startupRole:FOLLOWER]|listeners:[], old=null
2022-10-24 03:16:13,824 [s1@group-6912872F20E7-LeaderElection6] INFO  server.RaftServerConfigKeys (ConfUtils.java:logFallback(53)) - raft.server.rpc.first-election.timeout.min = 150ms (fallback to raft.server.rpc.timeout.min)
2022-10-24 03:16:13,824 [s1@group-6912872F20E7-LeaderElection6] INFO  server.RaftServerConfigKeys (ConfUtils.java:logFallback(53)) - raft.server.rpc.first-election.timeout.max = 300ms (fallback to raft.server.rpc.timeout.max)
2022-10-24 03:16:13,857 [s4-server-thread2] INFO  server.RaftServer$Division (ServerState.java:setLeader(259)) - s4@group-6912872F20E7: change Leader from null to s3 at term 1 for appendEntries, leader elected after 1637ms
2022-10-24 03:16:13,860 [grpc-default-executor-26] INFO  server.RaftServer$Division (RaftServerImpl.java:requestVote(1291)) - s0@group-6912872F20E7: receive requestVote(ELECTION, s1, group-6912872F20E7, 2, (t:0, i:0))
2022-10-24 03:16:13,860 [grpc-default-executor-26] INFO  impl.VoteContext (VoteContext.java:log(49)) - s0@group-6912872F20E7-FOLLOWER: accept ELECTION from s1: our priority 0 <= candidate's priority 0
2022-10-24 03:16:13,860 [grpc-default-executor-26] INFO  server.RaftServer$Division (RaftServerImpl.java:setRole(325)) - s0@group-6912872F20E7: changes role from  FOLLOWER to FOLLOWER at term 2 for candidate:s1
2022-10-24 03:16:13,860 [grpc-default-executor-26] INFO  impl.RoleInfo (RoleInfo.java:shutdownFollowerState(110)) - s0: shutdown s0@group-6912872F20E7-FollowerState
2022-10-24 03:16:13,861 [grpc-default-executor-26] INFO  impl.RoleInfo (RoleInfo.java:updateAndGet(139)) - s0: start s0@group-6912872F20E7-FollowerState
2022-10-24 03:16:13,861 [s0@group-6912872F20E7-FollowerState] INFO  impl.FollowerState (FollowerState.java:run(152)) - s0@group-6912872F20E7-FollowerState was interrupted
2022-10-24 03:16:13,861 [grpc-default-executor-22] INFO  server.RaftServer$Division (RaftServerImpl.java:requestVote(1291)) - s3@group-6912872F20E7: receive requestVote(ELECTION, s1, group-6912872F20E7, 2, (t:0, i:0))
2022-10-24 03:16:13,861 [grpc-default-executor-22] INFO  impl.VoteContext (VoteContext.java:log(49)) - s3@group-6912872F20E7-LEADER: reject ELECTION from s1: our last entry (t:1, i:0) > candidate's last entry (t:0, i:0)
2022-10-24 03:16:13,861 [grpc-default-executor-22] INFO  server.RaftServer$Division (ServerState.java:setLeader(259)) - s3@group-6912872F20E7: change Leader from s3 to null at term 2 for updateCurrentTerm
2022-10-24 03:16:13,862 [grpc-default-executor-22] INFO  server.RaftServer$Division (RaftServerImpl.java:setRole(325)) - s3@group-6912872F20E7: changes role from    LEADER to FOLLOWER at term 2 for candidate:s1
2022-10-24 03:16:13,862 [grpc-default-executor-22] INFO  impl.RoleInfo (RoleInfo.java:shutdownLeaderState(93)) - s3: shutdown s3@group-6912872F20E7-LeaderStateImpl
2022-10-24 03:16:13,863 [grpc-default-executor-34] INFO  server.RaftServer$Division (RaftServerImpl.java:requestVote(1291)) - s4@group-6912872F20E7: receive requestVote(ELECTION, s1, group-6912872F20E7, 2, (t:0, i:0))
2022-10-24 03:16:13,863 [s3@group-6912872F20E7->s0-GrpcLogAppender-LogAppenderDaemon] WARN  server.GrpcLogAppender (GrpcLogAppender.java:mayWait(199)) - s3@group-6912872F20E7->s0-GrpcLogAppender: Wait interrupted by java.lang.InterruptedException
2022-10-24 03:16:13,863 [grpc-default-executor-34] INFO  impl.VoteContext (VoteContext.java:log(49)) - s4@group-6912872F20E7-FOLLOWER: accept ELECTION from s1: our priority 0 <= candidate's priority 0
2022-10-24 03:16:13,864 [grpc-default-executor-34] INFO  server.RaftServer$Division (ServerState.java:setLeader(259)) - s4@group-6912872F20E7: change Leader from s3 to null at term 2 for updateCurrentTerm
2022-10-24 03:16:13,864 [grpc-default-executor-34] INFO  server.RaftServer$Division (RaftServerImpl.java:setRole(325)) - s4@group-6912872F20E7: changes role from  FOLLOWER to FOLLOWER at term 2 for candidate:s1
2022-10-24 03:16:13,865 [grpc-default-executor-34] INFO  impl.RoleInfo (RoleInfo.java:shutdownFollowerState(110)) - s4: shutdown s4@group-6912872F20E7-FollowerState
2022-10-24 03:16:13,865 [grpc-default-executor-34] INFO  impl.RoleInfo (RoleInfo.java:updateAndGet(139)) - s4: start s4@group-6912872F20E7-FollowerState
2022-10-24 03:16:13,865 [s4@group-6912872F20E7-FollowerState] INFO  impl.FollowerState (FollowerState.java:run(152)) - s4@group-6912872F20E7-FollowerState was interrupted
2022-10-24 03:16:13,866 [grpc-default-executor-22] INFO  impl.PendingRequests (PendingRequests.java:sendNotLeaderResponses(282)) - s3@group-6912872F20E7-PendingRequests: sendNotLeaderResponses
2022-10-24 03:16:13,868 [s0@group-6912872F20E7-FollowerState] INFO  server.RaftServerConfigKeys (ConfUtils.java:logFallback(53)) - raft.server.rpc.first-election.timeout.min = 150ms (fallback to raft.server.rpc.timeout.min)
2022-10-24 03:16:13,868 [s0@group-6912872F20E7-FollowerState] INFO  server.RaftServerConfigKeys (ConfUtils.java:logFallback(53)) - raft.server.rpc.first-election.timeout.max = 300ms (fallback to raft.server.rpc.timeout.max)
2022-10-24 03:16:13,869 [grpc-default-executor-26] INFO  server.RaftServer$Division (RaftServerImpl.java:requestVote(1324)) - s0@group-6912872F20E7 replies to ELECTION vote request: s1<-s0#0:OK-t2. Peer's state: s0@group-6912872F20E7:t2, leader=null, voted=s1, raftlog=Memoized:s0@group-6912872F20E7-SegmentedRaftLog:OPENED:c-1, conf=-1: peers:[s3|rpc:localhost:39579|admin:localhost:42243|client:localhost:33409|dataStream:localhost:46293|priority:0|startupRole:FOLLOWER, s4|rpc:localhost:45747|admin:localhost:35149|client:localhost:44435|dataStream:localhost:42993|priority:0|startupRole:FOLLOWER, s0|rpc:localhost:36179|admin:localhost:46501|client:localhost:36175|dataStream:localhost:33505|priority:0|startupRole:FOLLOWER, s1|rpc:localhost:36635|admin:localhost:41981|client:localhost:39775|dataStream:localhost:41297|priority:0|startupRole:FOLLOWER, s2|rpc:localhost:36969|admin:localhost:37929|client:localhost:40489|dataStream:localhost:38077|priority:0|startupRole:FOLLOWER]|listeners:[], old=null
2022-10-24 03:16:13,871 [grpc-default-executor-22] INFO  impl.RoleInfo (RoleInfo.java:updateAndGet(139)) - s3: start s3@group-6912872F20E7-FollowerState
2022-10-24 03:16:13,877 [grpc-default-executor-21] INFO  server.RaftServer$Division (RaftServerImpl.java:requestVote(1291)) - s2@group-6912872F20E7: receive requestVote(ELECTION, s1, group-6912872F20E7, 2, (t:0, i:0))
2022-10-24 03:16:13,877 [grpc-default-executor-21] INFO  impl.VoteContext (VoteContext.java:log(49)) - s2@group-6912872F20E7-FOLLOWER: accept ELECTION from s1: our priority 0 <= candidate's priority 0
2022-10-24 03:16:13,877 [grpc-default-executor-21] INFO  server.RaftServer$Division (RaftServerImpl.java:setRole(325)) - s2@group-6912872F20E7: changes role from  FOLLOWER to FOLLOWER at term 2 for candidate:s1
2022-10-24 03:16:13,877 [grpc-default-executor-21] INFO  impl.RoleInfo (RoleInfo.java:shutdownFollowerState(110)) - s2: shutdown s2@group-6912872F20E7-FollowerState
2022-10-24 03:16:13,877 [grpc-default-executor-21] INFO  impl.RoleInfo (RoleInfo.java:updateAndGet(139)) - s2: start s2@group-6912872F20E7-FollowerState
2022-10-24 03:16:13,877 [s2@group-6912872F20E7-FollowerState] INFO  impl.FollowerState (FollowerState.java:run(152)) - s2@group-6912872F20E7-FollowerState was interrupted
2022-10-24 03:16:13,863 [s3@group-6912872F20E7->s1-GrpcLogAppender-LogAppenderDaemon] WARN  server.GrpcLogAppender (GrpcLogAppender.java:mayWait(199)) - s3@group-6912872F20E7->s1-GrpcLogAppender: Wait interrupted by java.lang.InterruptedException
2022-10-24 03:16:13,865 [s3@group-6912872F20E7->s2-GrpcLogAppender-LogAppenderDaemon] WARN  server.GrpcLogAppender (GrpcLogAppender.java:mayWait(199)) - s3@group-6912872F20E7->s2-GrpcLogAppender: Wait interrupted by java.lang.InterruptedException
2022-10-24 03:16:13,871 [s3@group-6912872F20E7->s4-GrpcLogAppender-LogAppenderDaemon] WARN  server.GrpcLogAppender (GrpcLogAppender.java:mayWait(199)) - s3@group-6912872F20E7->s4-GrpcLogAppender: Wait interrupted by java.lang.InterruptedException
2022-10-24 03:16:13,898 [grpc-default-executor-34] INFO  server.RaftServer$Division (RaftServerImpl.java:requestVote(1324)) - s4@group-6912872F20E7 replies to ELECTION vote request: s1<-s4#0:OK-t2. Peer's state: s4@group-6912872F20E7:t2, leader=null, voted=s1, raftlog=Memoized:s4@group-6912872F20E7-SegmentedRaftLog:OPENED:c-1, conf=-1: peers:[s3|rpc:localhost:39579|admin:localhost:42243|client:localhost:33409|dataStream:localhost:46293|priority:0|startupRole:FOLLOWER, s4|rpc:localhost:45747|admin:localhost:35149|client:localhost:44435|dataStream:localhost:42993|priority:0|startupRole:FOLLOWER, s0|rpc:localhost:36179|admin:localhost:46501|client:localhost:36175|dataStream:localhost:33505|priority:0|startupRole:FOLLOWER, s1|rpc:localhost:36635|admin:localhost:41981|client:localhost:39775|dataStream:localhost:41297|priority:0|startupRole:FOLLOWER, s2|rpc:localhost:36969|admin:localhost:37929|client:localhost:40489|dataStream:localhost:38077|priority:0|startupRole:FOLLOWER]|listeners:[], old=null
2022-10-24 03:16:13,901 [s1@group-6912872F20E7-LeaderElection6] INFO  impl.LeaderElection (LeaderElection.java:logAndReturn(89)) - s1@group-6912872F20E7-LeaderElection6: ELECTION PASSED received 2 response(s) and 0 exception(s):
2022-10-24 03:16:13,901 [s1@group-6912872F20E7-LeaderElection6] INFO  impl.LeaderElection (LeaderElection.java:logAndReturn(93)) -   Response 0: s1<-s4#0:OK-t2
2022-10-24 03:16:13,901 [s1@group-6912872F20E7-LeaderElection6] INFO  impl.LeaderElection (LeaderElection.java:logAndReturn(93)) -   Response 1: s1<-s0#0:OK-t2
2022-10-24 03:16:13,901 [s1@group-6912872F20E7-LeaderElection6] INFO  impl.LeaderElection (LeaderElection.java:askForVotes(311)) - s1@group-6912872F20E7-LeaderElection6 ELECTION round 0: result PASSED
2022-10-24 03:16:13,901 [s4-server-thread2] DEBUG server.RaftServer$Division (RaftServerImpl.java:appendEntriesAsync(1481)) - s4@group-6912872F20E7: Not recognize s3 (term=1) as leader, state: s4@group-6912872F20E7:t2, leader=null, voted=s1, raftlog=Memoized:s4@group-6912872F20E7-SegmentedRaftLog:OPENED:c-1, conf=-1: peers:[s3|rpc:localhost:39579|admin:localhost:42243|client:localhost:33409|dataStream:localhost:46293|priority:0|startupRole:FOLLOWER, s4|rpc:localhost:45747|admin:localhost:35149|client:localhost:44435|dataStream:localhost:42993|priority:0|startupRole:FOLLOWER, s0|rpc:localhost:36179|admin:localhost:46501|client:localhost:36175|dataStream:localhost:33505|priority:0|startupRole:FOLLOWER, s1|rpc:localhost:36635|admin:localhost:41981|client:localhost:39775|dataStream:localhost:41297|priority:0|startupRole:FOLLOWER, s2|rpc:localhost:36969|admin:localhost:37929|client:localhost:40489|dataStream:localhost:38077|priority:0|startupRole:FOLLOWER]|listeners:[], old=null reply: s3<-s4#2:FAIL-t2,NOT_LEADER,nextIndex=0,followerCommit=-1,matchIndex=-1
2022-10-24 03:16:13,901 [s1@group-6912872F20E7-LeaderElection6] INFO  impl.RoleInfo (RoleInfo.java:shutdownLeaderElection(130)) - s1: shutdown s1@group-6912872F20E7-LeaderElection6
2022-10-24 03:16:13,901 [s1@group-6912872F20E7-LeaderElection6] INFO  server.RaftServer$Division (RaftServerImpl.java:setRole(325)) - s1@group-6912872F20E7: changes role from CANDIDATE to LEADER at term 2 for changeToLeader
2022-10-24 03:16:13,901 [s1@group-6912872F20E7-LeaderElection6] INFO  server.RaftServer$Division (ServerState.java:setLeader(259)) - s1@group-6912872F20E7: change Leader from null to s1 at term 2 for becomeLeader, leader elected after 1650ms
2022-10-24 03:16:13,902 [s1@group-6912872F20E7-LeaderElection6] INFO  server.RaftServerConfigKeys (ConfUtils.java:logGet(46)) - raft.server.staging.catchup.gap = 1000 (default)
2022-10-24 03:16:13,902 [s1@group-6912872F20E7-LeaderElection6] INFO  server.RaftServerConfigKeys (ConfUtils.java:logGet(46)) - raft.server.write.element-limit = 4096 (default)
2022-10-24 03:16:13,902 [s1@group-6912872F20E7-LeaderElection6] INFO  server.RaftServerConfigKeys (ConfUtils.java:logGet(46)) - raft.server.write.byte-limit = 64MB (=67108864) (default)
2022-10-24 03:16:13,902 [s1@group-6912872F20E7-LeaderElection6] INFO  server.RaftServerConfigKeys (ConfUtils.java:logGet(46)) - raft.server.watch.timeout = 10s (default)
2022-10-24 03:16:13,902 [s1@group-6912872F20E7-LeaderElection6] INFO  server.RaftServerConfigKeys (ConfUtils.java:logGet(46)) - raft.server.watch.timeout.denomination = 1s (default)
2022-10-24 03:16:13,902 [s1@group-6912872F20E7-LeaderElection6] INFO  server.RaftServerConfigKeys (ConfUtils.java:logGet(46)) - raft.server.watch.element-limit = 65536 (default)
2022-10-24 03:16:13,902 [s1@group-6912872F20E7-LeaderElection6] INFO  server.RaftServerConfigKeys (ConfUtils.java:logGet(46)) - raft.server.write.element-limit = 4096 (default)
2022-10-24 03:16:13,903 [s1@group-6912872F20E7-LeaderElection6] INFO  server.RaftServerConfigKeys (ConfUtils.java:logGet(46)) - raft.server.write.follower.gap.ratio.max = -1.0 (default)
2022-10-24 03:16:13,903 [s1@group-6912872F20E7-LeaderElection6] INFO  server.RaftServerConfigKeys (ConfUtils.java:logGet(46)) - raft.server.log.appender.snapshot.chunk.size.max = 16MB (=16777216) (default)
2022-10-24 03:16:13,903 [s1@group-6912872F20E7-LeaderElection6] INFO  server.RaftServerConfigKeys (ConfUtils.java:logGet(46)) - raft.server.log.appender.buffer.byte-limit = 4MB (=4194304) (default)
2022-10-24 03:16:13,903 [s1@group-6912872F20E7-LeaderElection6] INFO  server.RaftServerConfigKeys (ConfUtils.java:logGet(46)) - raft.server.log.appender.buffer.element-limit = 0 (default)
2022-10-24 03:16:13,903 [s1@group-6912872F20E7-LeaderElection6] INFO  grpc.GrpcConfigKeys (ConfUtils.java:logGet(46)) - raft.grpc.server.leader.outstanding.appends.max = 128 (default)
2022-10-24 03:16:13,904 [s1@group-6912872F20E7-LeaderElection6] INFO  server.RaftServerConfigKeys (ConfUtils.java:logGet(46)) - raft.server.rpc.request.timeout = 3000ms (default)
2022-10-24 03:16:13,904 [s1@group-6912872F20E7-LeaderElection6] INFO  server.RaftServerConfigKeys (ConfUtils.java:logGet(46)) - raft.server.log.appender.install.snapshot.enabled = true (default)
2022-10-24 03:16:13,904 [s1@group-6912872F20E7-LeaderElection6] INFO  grpc.GrpcConfigKeys (ConfUtils.java:logGet(46)) - raft.grpc.server.heartbeat.channel = true (default)
2022-10-24 03:16:13,904 [s1@group-6912872F20E7-LeaderElection6] INFO  server.RaftServerConfigKeys (ConfUtils.java:logGet(46)) - raft.server.log.appender.wait-time.min = 10ms (default)
2022-10-24 03:16:13,904 [s1@group-6912872F20E7-LeaderElection6] INFO  server.RaftServerConfigKeys (ConfUtils.java:logGet(46)) - raft.server.log.appender.snapshot.chunk.size.max = 16MB (=16777216) (default)
2022-10-24 03:16:13,905 [s1@group-6912872F20E7-LeaderElection6] INFO  server.RaftServerConfigKeys (ConfUtils.java:logGet(46)) - raft.server.log.appender.buffer.byte-limit = 4MB (=4194304) (default)
2022-10-24 03:16:13,905 [s1@group-6912872F20E7-LeaderElection6] INFO  server.RaftServerConfigKeys (ConfUtils.java:logGet(46)) - raft.server.log.appender.buffer.element-limit = 0 (default)
2022-10-24 03:16:13,905 [s1@group-6912872F20E7-LeaderElection6] INFO  grpc.GrpcConfigKeys (ConfUtils.java:logGet(46)) - raft.grpc.server.leader.outstanding.appends.max = 128 (default)
2022-10-24 03:16:13,905 [s0-server-thread2] DEBUG server.RaftServer$Division (RaftServerImpl.java:appendEntriesAsync(1481)) - s0@group-6912872F20E7: Not recognize s3 (term=1) as leader, state: s0@group-6912872F20E7:t2, leader=null, voted=s1, raftlog=Memoized:s0@group-6912872F20E7-SegmentedRaftLog:OPENED:c-1, conf=-1: peers:[s3|rpc:localhost:39579|admin:localhost:42243|client:localhost:33409|dataStream:localhost:46293|priority:0|startupRole:FOLLOWER, s4|rpc:localhost:45747|admin:localhost:35149|client:localhost:44435|dataStream:localhost:42993|priority:0|startupRole:FOLLOWER, s0|rpc:localhost:36179|admin:localhost:46501|client:localhost:36175|dataStream:localhost:33505|priority:0|startupRole:FOLLOWER, s1|rpc:localhost:36635|admin:localhost:41981|client:localhost:39775|dataStream:localhost:41297|priority:0|startupRole:FOLLOWER, s2|rpc:localhost:36969|admin:localhost:37929|client:localhost:40489|dataStream:localhost:38077|priority:0|startupRole:FOLLOWER]|listeners:[], old=null reply: s3<-s0#0:FAIL-t2,NOT_LEADER,nextIndex=0,followerCommit=-1,matchIndex=-1
2022-10-24 03:16:13,905 [s1@group-6912872F20E7-LeaderElection6] INFO  server.RaftServerConfigKeys (ConfUtils.java:logGet(46)) - raft.server.rpc.request.timeout = 3000ms (default)
2022-10-24 03:16:13,908 [s1@group-6912872F20E7-LeaderElection6] INFO  server.RaftServerConfigKeys (ConfUtils.java:logGet(46)) - raft.server.log.appender.install.snapshot.enabled = true (default)
2022-10-24 03:16:13,908 [s1@group-6912872F20E7-LeaderElection6] INFO  grpc.GrpcConfigKeys (ConfUtils.java:logGet(46)) - raft.grpc.server.heartbeat.channel = true (default)
2022-10-24 03:16:13,908 [s1@group-6912872F20E7-LeaderElection6] INFO  server.RaftServerConfigKeys (ConfUtils.java:logGet(46)) - raft.server.log.appender.wait-time.min = 10ms (default)
2022-10-24 03:16:13,908 [s1@group-6912872F20E7-LeaderElection6] INFO  server.RaftServerConfigKeys (ConfUtils.java:logGet(46)) - raft.server.log.appender.snapshot.chunk.size.max = 16MB (=16777216) (default)
2022-10-24 03:16:13,909 [s1@group-6912872F20E7-LeaderElection6] INFO  server.RaftServerConfigKeys (ConfUtils.java:logGet(46)) - raft.server.log.appender.buffer.byte-limit = 4MB (=4194304) (default)
2022-10-24 03:16:13,909 [s1@group-6912872F20E7-LeaderElection6] INFO  server.RaftServerConfigKeys (ConfUtils.java:logGet(46)) - raft.server.log.appender.buffer.element-limit = 0 (default)
2022-10-24 03:16:13,909 [s1@group-6912872F20E7-LeaderElection6] INFO  grpc.GrpcConfigKeys (ConfUtils.java:logGet(46)) - raft.grpc.server.leader.outstanding.appends.max = 128 (default)
2022-10-24 03:16:13,909 [s1@group-6912872F20E7-LeaderElection6] INFO  server.RaftServerConfigKeys (ConfUtils.java:logGet(46)) - raft.server.rpc.request.timeout = 3000ms (default)
2022-10-24 03:16:13,909 [s1@group-6912872F20E7-LeaderElection6] INFO  server.RaftServerConfigKeys (ConfUtils.java:logGet(46)) - raft.server.log.appender.install.snapshot.enabled = true (default)
2022-10-24 03:16:13,909 [s1@group-6912872F20E7-LeaderElection6] INFO  grpc.GrpcConfigKeys (ConfUtils.java:logGet(46)) - raft.grpc.server.heartbeat.channel = true (default)
2022-10-24 03:16:13,909 [s1@group-6912872F20E7-LeaderElection6] INFO  server.RaftServerConfigKeys (ConfUtils.java:logGet(46)) - raft.server.log.appender.wait-time.min = 10ms (default)
2022-10-24 03:16:13,910 [s1@group-6912872F20E7-LeaderElection6] INFO  server.RaftServerConfigKeys (ConfUtils.java:logGet(46)) - raft.server.log.appender.snapshot.chunk.size.max = 16MB (=16777216) (default)
2022-10-24 03:16:13,910 [s1@group-6912872F20E7-LeaderElection6] INFO  server.RaftServerConfigKeys (ConfUtils.java:logGet(46)) - raft.server.log.appender.buffer.byte-limit = 4MB (=4194304) (default)
2022-10-24 03:16:13,910 [s1@group-6912872F20E7-LeaderElection6] INFO  server.RaftServerConfigKeys (ConfUtils.java:logGet(46)) - raft.server.log.appender.buffer.element-limit = 0 (default)
2022-10-24 03:16:13,910 [s1@group-6912872F20E7-LeaderElection6] INFO  grpc.GrpcConfigKeys (ConfUtils.java:logGet(46)) - raft.grpc.server.leader.outstanding.appends.max = 128 (default)
2022-10-24 03:16:13,910 [s1@group-6912872F20E7-LeaderElection6] INFO  server.RaftServerConfigKeys (ConfUtils.java:logGet(46)) - raft.server.rpc.request.timeout = 3000ms (default)
2022-10-24 03:16:13,910 [s1@group-6912872F20E7-LeaderElection6] INFO  server.RaftServerConfigKeys (ConfUtils.java:logGet(46)) - raft.server.log.appender.install.snapshot.enabled = true (default)
2022-10-24 03:16:13,910 [s1@group-6912872F20E7-LeaderElection6] INFO  grpc.GrpcConfigKeys (ConfUtils.java:logGet(46)) - raft.grpc.server.heartbeat.channel = true (default)
2022-10-24 03:16:13,910 [s1@group-6912872F20E7-LeaderElection6] INFO  server.RaftServerConfigKeys (ConfUtils.java:logGet(46)) - raft.server.log.appender.wait-time.min = 10ms (default)
2022-10-24 03:16:13,911 [s1@group-6912872F20E7-LeaderElection6] INFO  impl.RoleInfo (RoleInfo.java:updateAndGet(139)) - s1: start s1@group-6912872F20E7-LeaderStateImpl
2022-10-24 03:16:13,911 [s1@group-6912872F20E7-LeaderElection6] INFO  segmented.SegmentedRaftLogWorker (SegmentedRaftLogWorker.java:startLogSegment(431)) - s1@group-6912872F20E7-SegmentedRaftLogWorker: Starting segment from index:0
2022-10-24 03:16:13,924 [s2@group-6912872F20E7-FollowerState] INFO  server.RaftServerConfigKeys (ConfUtils.java:logFallback(53)) - raft.server.rpc.first-election.timeout.min = 150ms (fallback to raft.server.rpc.timeout.min)
2022-10-24 03:16:13,924 [s1@group-6912872F20E7-SegmentedRaftLogWorker] INFO  segmented.SegmentedRaftLogWorker (SegmentedRaftLogWorker.java:execute(635)) - s1@group-6912872F20E7-SegmentedRaftLogWorker: created new log segment /home/runner/work/ratis/ratis/ratis-test/target/test/data/7f1448f6/MiniRaftClusterWithGrpc35a71421/s1/9601d173-e10d-455f-9df4-6912872f20e7/current/log_inprogress_0
2022-10-24 03:16:13,926 [s2@group-6912872F20E7-FollowerState] INFO  server.RaftServerConfigKeys (ConfUtils.java:logFallback(53)) - raft.server.rpc.first-election.timeout.max = 300ms (fallback to raft.server.rpc.timeout.max)
2022-10-24 03:16:13,928 [grpc-default-executor-21] INFO  server.RaftServer$Division (RaftServerImpl.java:requestVote(1324)) - s2@group-6912872F20E7 replies to ELECTION vote request: s1<-s2#0:OK-t2. Peer's state: s2@group-6912872F20E7:t2, leader=null, voted=s1, raftlog=Memoized:s2@group-6912872F20E7-SegmentedRaftLog:OPENED:c-1, conf=-1: peers:[s3|rpc:localhost:39579|admin:localhost:42243|client:localhost:33409|dataStream:localhost:46293|priority:0|startupRole:FOLLOWER, s4|rpc:localhost:45747|admin:localhost:35149|client:localhost:44435|dataStream:localhost:42993|priority:0|startupRole:FOLLOWER, s0|rpc:localhost:36179|admin:localhost:46501|client:localhost:36175|dataStream:localhost:33505|priority:0|startupRole:FOLLOWER, s1|rpc:localhost:36635|admin:localhost:41981|client:localhost:39775|dataStream:localhost:41297|priority:0|startupRole:FOLLOWER, s2|rpc:localhost:36969|admin:localhost:37929|client:localhost:40489|dataStream:localhost:38077|priority:0|startupRole:FOLLOWER]|listeners:[], old=null
2022-10-24 03:16:13,928 [s2-server-thread2] DEBUG server.RaftServer$Division (RaftServerImpl.java:appendEntriesAsync(1481)) - s2@group-6912872F20E7: Not recognize s3 (term=1) as leader, state: s2@group-6912872F20E7:t2, leader=null, voted=s1, raftlog=Memoized:s2@group-6912872F20E7-SegmentedRaftLog:OPENED:c-1, conf=-1: peers:[s3|rpc:localhost:39579|admin:localhost:42243|client:localhost:33409|dataStream:localhost:46293|priority:0|startupRole:FOLLOWER, s4|rpc:localhost:45747|admin:localhost:35149|client:localhost:44435|dataStream:localhost:42993|priority:0|startupRole:FOLLOWER, s0|rpc:localhost:36179|admin:localhost:46501|client:localhost:36175|dataStream:localhost:33505|priority:0|startupRole:FOLLOWER, s1|rpc:localhost:36635|admin:localhost:41981|client:localhost:39775|dataStream:localhost:41297|priority:0|startupRole:FOLLOWER, s2|rpc:localhost:36969|admin:localhost:37929|client:localhost:40489|dataStream:localhost:38077|priority:0|startupRole:FOLLOWER]|listeners:[], old=null reply: s3<-s2#0:FAIL-t2,NOT_LEADER,nextIndex=0,followerCommit=-1,matchIndex=-1
2022-10-24 03:16:13,930 [s2-server-thread2] DEBUG server.RaftServer$Division (RaftServerImpl.java:appendEntriesAsync(1481)) - s2@group-6912872F20E7: Not recognize s3 (term=1) as leader, state: s2@group-6912872F20E7:t2, leader=null, voted=s1, raftlog=Memoized:s2@group-6912872F20E7-SegmentedRaftLog:OPENED:c-1, conf=-1: peers:[s3|rpc:localhost:39579|admin:localhost:42243|client:localhost:33409|dataStream:localhost:46293|priority:0|startupRole:FOLLOWER, s4|rpc:localhost:45747|admin:localhost:35149|client:localhost:44435|dataStream:localhost:42993|priority:0|startupRole:FOLLOWER, s0|rpc:localhost:36179|admin:localhost:46501|client:localhost:36175|dataStream:localhost:33505|priority:0|startupRole:FOLLOWER, s1|rpc:localhost:36635|admin:localhost:41981|client:localhost:39775|dataStream:localhost:41297|priority:0|startupRole:FOLLOWER, s2|rpc:localhost:36969|admin:localhost:37929|client:localhost:40489|dataStream:localhost:38077|priority:0|startupRole:FOLLOWER]|listeners:[], old=null reply: s3<-s2#2:FAIL-t2,NOT_LEADER,nextIndex=0,followerCommit=-1,matchIndex=-1
2022-10-24 03:16:13,930 [s2-server-thread2] DEBUG server.RaftServer$Division (RaftServerImpl.java:appendEntriesAsync(1481)) - s2@group-6912872F20E7: Not recognize s3 (term=1) as leader, state: s2@group-6912872F20E7:t2, leader=null, voted=s1, raftlog=Memoized:s2@group-6912872F20E7-SegmentedRaftLog:OPENED:c-1, conf=-1: peers:[s3|rpc:localhost:39579|admin:localhost:42243|client:localhost:33409|dataStream:localhost:46293|priority:0|startupRole:FOLLOWER, s4|rpc:localhost:45747|admin:localhost:35149|client:localhost:44435|dataStream:localhost:42993|priority:0|startupRole:FOLLOWER, s0|rpc:localhost:36179|admin:localhost:46501|client:localhost:36175|dataStream:localhost:33505|priority:0|startupRole:FOLLOWER, s1|rpc:localhost:36635|admin:localhost:41981|client:localhost:39775|dataStream:localhost:41297|priority:0|startupRole:FOLLOWER, s2|rpc:localhost:36969|admin:localhost:37929|client:localhost:40489|dataStream:localhost:38077|priority:0|startupRole:FOLLOWER]|listeners:[], old=null reply: s3<-s2#3:FAIL-t2,NOT_LEADER,nextIndex=0,followerCommit=-1,matchIndex=-1
2022-10-24 03:16:13,931 [s2-server-thread2] DEBUG server.RaftServer$Division (RaftServerImpl.java:appendEntriesAsync(1481)) - s2@group-6912872F20E7: Not recognize s3 (term=1) as leader, state: s2@group-6912872F20E7:t2, leader=null, voted=s1, raftlog=Memoized:s2@group-6912872F20E7-SegmentedRaftLog:OPENED:c-1, conf=-1: peers:[s3|rpc:localhost:39579|admin:localhost:42243|client:localhost:33409|dataStream:localhost:46293|priority:0|startupRole:FOLLOWER, s4|rpc:localhost:45747|admin:localhost:35149|client:localhost:44435|dataStream:localhost:42993|priority:0|startupRole:FOLLOWER, s0|rpc:localhost:36179|admin:localhost:46501|client:localhost:36175|dataStream:localhost:33505|priority:0|startupRole:FOLLOWER, s1|rpc:localhost:36635|admin:localhost:41981|client:localhost:39775|dataStream:localhost:41297|priority:0|startupRole:FOLLOWER, s2|rpc:localhost:36969|admin:localhost:37929|client:localhost:40489|dataStream:localhost:38077|priority:0|startupRole:FOLLOWER]|listeners:[], old=null reply: s3<-s2#4:FAIL-t2,NOT_LEADER,nextIndex=0,followerCommit=-1,matchIndex=-1
2022-10-24 03:16:13,931 [grpc-default-executor-22] INFO  server.RaftServer$Division (RaftServerImpl.java:requestVote(1324)) - s3@group-6912872F20E7 replies to ELECTION vote request: s1<-s3#0:FAIL-t2. Peer's state: s3@group-6912872F20E7:t2, leader=null, voted=null, raftlog=Memoized:s3@group-6912872F20E7-SegmentedRaftLog:OPENED:c0, conf=0: peers:[s3|rpc:localhost:39579|admin:localhost:42243|client:localhost:33409|dataStream:localhost:46293|priority:0|startupRole:FOLLOWER, s4|rpc:localhost:45747|admin:localhost:35149|client:localhost:44435|dataStream:localhost:42993|priority:0|startupRole:FOLLOWER, s0|rpc:localhost:36179|admin:localhost:46501|client:localhost:36175|dataStream:localhost:33505|priority:0|startupRole:FOLLOWER, s1|rpc:localhost:36635|admin:localhost:41981|client:localhost:39775|dataStream:localhost:41297|priority:0|startupRole:FOLLOWER, s2|rpc:localhost:36969|admin:localhost:37929|client:localhost:40489|dataStream:localhost:38077|priority:0|startupRole:FOLLOWER]|listeners:[], old=null
2022-10-24 03:16:13,932 [s2-server-thread2] DEBUG server.RaftServer$Division (RaftServerImpl.java:appendEntriesAsync(1481)) - s2@group-6912872F20E7: Not recognize s3 (term=1) as leader, state: s2@group-6912872F20E7:t2, leader=null, voted=s1, raftlog=Memoized:s2@group-6912872F20E7-SegmentedRaftLog:OPENED:c-1, conf=-1: peers:[s3|rpc:localhost:39579|admin:localhost:42243|client:localhost:33409|dataStream:localhost:46293|priority:0|startupRole:FOLLOWER, s4|rpc:localhost:45747|admin:localhost:35149|client:localhost:44435|dataStream:localhost:42993|priority:0|startupRole:FOLLOWER, s0|rpc:localhost:36179|admin:localhost:46501|client:localhost:36175|dataStream:localhost:33505|priority:0|startupRole:FOLLOWER, s1|rpc:localhost:36635|admin:localhost:41981|client:localhost:39775|dataStream:localhost:41297|priority:0|startupRole:FOLLOWER, s2|rpc:localhost:36969|admin:localhost:37929|client:localhost:40489|dataStream:localhost:38077|priority:0|startupRole:FOLLOWER]|listeners:[], old=null reply: s3<-s2#5:FAIL-t2,NOT_LEADER,nextIndex=0,followerCommit=-1,matchIndex=-1
2022-10-24 03:16:13,943 [grpc-default-executor-22] INFO  server.GrpcServerProtocolService (GrpcServerProtocolService.java:onCompleted(143)) - s2: Completed APPEND_ENTRIES, lastRequest: null
2022-10-24 03:16:13,944 [s0-server-thread2] DEBUG server.RaftServer$Division (RaftServerImpl.java:appendEntriesAsync(1481)) - s0@group-6912872F20E7: Not recognize s3 (term=1) as leader, state: s0@group-6912872F20E7:t2, leader=null, voted=s1, raftlog=Memoized:s0@group-6912872F20E7-SegmentedRaftLog:OPENED:c-1, conf=-1: peers:[s3|rpc:localhost:39579|admin:localhost:42243|client:localhost:33409|dataStream:localhost:46293|priority:0|startupRole:FOLLOWER, s4|rpc:localhost:45747|admin:localhost:35149|client:localhost:44435|dataStream:localhost:42993|priority:0|startupRole:FOLLOWER, s0|rpc:localhost:36179|admin:localhost:46501|client:localhost:36175|dataStream:localhost:33505|priority:0|startupRole:FOLLOWER, s1|rpc:localhost:36635|admin:localhost:41981|client:localhost:39775|dataStream:localhost:41297|priority:0|startupRole:FOLLOWER, s2|rpc:localhost:36969|admin:localhost:37929|client:localhost:40489|dataStream:localhost:38077|priority:0|startupRole:FOLLOWER]|listeners:[], old=null reply: s3<-s0#2:FAIL-t2,NOT_LEADER,nextIndex=0,followerCommit=-1,matchIndex=-1
2022-10-24 03:16:13,945 [s4-server-thread3] DEBUG server.RaftServer$Division (RaftServerImpl.java:appendEntriesAsync(1481)) - s4@group-6912872F20E7: Not recognize s3 (term=1) as leader, state: s4@group-6912872F20E7:t2, leader=null, voted=s1, raftlog=Memoized:s4@group-6912872F20E7-SegmentedRaftLog:OPENED:c-1, conf=-1: peers:[s3|rpc:localhost:39579|admin:localhost:42243|client:localhost:33409|dataStream:localhost:46293|priority:0|startupRole:FOLLOWER, s4|rpc:localhost:45747|admin:localhost:35149|client:localhost:44435|dataStream:localhost:42993|priority:0|startupRole:FOLLOWER, s0|rpc:localhost:36179|admin:localhost:46501|client:localhost:36175|dataStream:localhost:33505|priority:0|startupRole:FOLLOWER, s1|rpc:localhost:36635|admin:localhost:41981|client:localhost:39775|dataStream:localhost:41297|priority:0|startupRole:FOLLOWER, s2|rpc:localhost:36969|admin:localhost:37929|client:localhost:40489|dataStream:localhost:38077|priority:0|startupRole:FOLLOWER]|listeners:[], old=null reply: s3<-s4#3:FAIL-t2,NOT_LEADER,nextIndex=0,followerCommit=-1,matchIndex=-1
2022-10-24 03:16:13,946 [s4-server-thread3] DEBUG server.RaftServer$Division (RaftServerImpl.java:appendEntriesAsync(1481)) - s4@group-6912872F20E7: Not recognize s3 (term=1) as leader, state: s4@group-6912872F20E7:t2, leader=null, voted=s1, raftlog=Memoized:s4@group-6912872F20E7-SegmentedRaftLog:OPENED:c-1, conf=-1: peers:[s3|rpc:localhost:39579|admin:localhost:42243|client:localhost:33409|dataStream:localhost:46293|priority:0|startupRole:FOLLOWER, s4|rpc:localhost:45747|admin:localhost:35149|client:localhost:44435|dataStream:localhost:42993|priority:0|startupRole:FOLLOWER, s0|rpc:localhost:36179|admin:localhost:46501|client:localhost:36175|dataStream:localhost:33505|priority:0|startupRole:FOLLOWER, s1|rpc:localhost:36635|admin:localhost:41981|client:localhost:39775|dataStream:localhost:41297|priority:0|startupRole:FOLLOWER, s2|rpc:localhost:36969|admin:localhost:37929|client:localhost:40489|dataStream:localhost:38077|priority:0|startupRole:FOLLOWER]|listeners:[], old=null reply: s3<-s4#4:FAIL-t2,NOT_LEADER,nextIndex=0,followerCommit=-1,matchIndex=-1
2022-10-24 03:16:13,946 [grpc-default-executor-6] INFO  server.GrpcServerProtocolService (GrpcServerProtocolService.java:onCompleted(143)) - s4: Completed APPEND_ENTRIES, lastRequest: null
2022-10-24 03:16:13,958 [s1@group-6912872F20E7-LeaderElection6] INFO  server.RaftServer$Division (ServerState.java:setRaftConf(376)) - s1@group-6912872F20E7: set configuration 0: peers:[s3|rpc:localhost:39579|admin:localhost:42243|client:localhost:33409|dataStream:localhost:46293|priority:0|startupRole:FOLLOWER, s4|rpc:localhost:45747|admin:localhost:35149|client:localhost:44435|dataStream:localhost:42993|priority:0|startupRole:FOLLOWER, s0|rpc:localhost:36179|admin:localhost:46501|client:localhost:36175|dataStream:localhost:33505|priority:0|startupRole:FOLLOWER, s1|rpc:localhost:36635|admin:localhost:41981|client:localhost:39775|dataStream:localhost:41297|priority:0|startupRole:FOLLOWER, s2|rpc:localhost:36969|admin:localhost:37929|client:localhost:40489|dataStream:localhost:38077|priority:0|startupRole:FOLLOWER]|listeners:[], old=null
2022-10-24 03:16:13,958 [s1-server-thread2] DEBUG server.RaftServer$Division (RaftServerImpl.java:appendEntriesAsync(1481)) - s1@group-6912872F20E7: Not recognize s3 (term=1) as leader, state: s1@group-6912872F20E7:t2, leader=s1, voted=s1, raftlog=Memoized:s1@group-6912872F20E7-SegmentedRaftLog:OPENED:c-1, conf=0: peers:[s3|rpc:localhost:39579|admin:localhost:42243|client:localhost:33409|dataStream:localhost:46293|priority:0|startupRole:FOLLOWER, s4|rpc:localhost:45747|admin:localhost:35149|client:localhost:44435|dataStream:localhost:42993|priority:0|startupRole:FOLLOWER, s0|rpc:localhost:36179|admin:localhost:46501|client:localhost:36175|dataStream:localhost:33505|priority:0|startupRole:FOLLOWER, s1|rpc:localhost:36635|admin:localhost:41981|client:localhost:39775|dataStream:localhost:41297|priority:0|startupRole:FOLLOWER, s2|rpc:localhost:36969|admin:localhost:37929|client:localhost:40489|dataStream:localhost:38077|priority:0|startupRole:FOLLOWER]|listeners:[], old=null reply: s3<-s1#0:FAIL-t2,NOT_LEADER,nextIndex=1,followerCommit=-1,matchIndex=-1
2022-10-24 03:16:13,982 [s0-server-thread2] DEBUG server.RaftServer$Division (RaftServerImpl.java:appendEntriesAsync(1481)) - s0@group-6912872F20E7: Not recognize s3 (term=1) as leader, state: s0@group-6912872F20E7:t2, leader=null, voted=s1, raftlog=Memoized:s0@group-6912872F20E7-SegmentedRaftLog:OPENED:c-1, conf=-1: peers:[s3|rpc:localhost:39579|admin:localhost:42243|client:localhost:33409|dataStream:localhost:46293|priority:0|startupRole:FOLLOWER, s4|rpc:localhost:45747|admin:localhost:35149|client:localhost:44435|dataStream:localhost:42993|priority:0|startupRole:FOLLOWER, s0|rpc:localhost:36179|admin:localhost:46501|client:localhost:36175|dataStream:localhost:33505|priority:0|startupRole:FOLLOWER, s1|rpc:localhost:36635|admin:localhost:41981|client:localhost:39775|dataStream:localhost:41297|priority:0|startupRole:FOLLOWER, s2|rpc:localhost:36969|admin:localhost:37929|client:localhost:40489|dataStream:localhost:38077|priority:0|startupRole:FOLLOWER]|listeners:[], old=null reply: s3<-s0#3:FAIL-t2,NOT_LEADER,nextIndex=0,followerCommit=-1,matchIndex=-1
2022-10-24 03:16:13,985 [s1-server-thread1] DEBUG server.RaftServer$Division (RaftServerImpl.java:logAppendEntries(1418)) - s1@group-6912872F20E7: receive appendEntries(s3, 1, null, -1, true, commits:[s3:c-1, s4:c-1, s0:c-1, s1:c-1, s2:c-1], cId:1, entries: [(t:1, i:0), CONFIGURATIONENTRY(current:id: "s3"
address: "localhost:39579"
dataStreamAddress: "localhost:46293"
clientAddress: "localhost:33409"
adminAddress: "localhost:42243"
startupRole: FOLLOWER
,id: "s4"
address: "localhost:45747"
dataStreamAddress: "localhost:42993"
clientAddress: "localhost:44435"
adminAddress: "localhost:35149"
startupRole: FOLLOWER
,id: "s0"
address: "localhost:36179"
dataStreamAddress: "localhost:33505"
clientAddress: "localhost:36175"
adminAddress: "localhost:46501"
startupRole: FOLLOWER
,id: "s1"
address: "localhost:36635"
dataStreamAddress: "localhost:41297"
clientAddress: "localhost:39775"
adminAddress: "localhost:41981"
startupRole: FOLLOWER
,id: "s2"
address: "localhost:36969"
dataStreamAddress: "localhost:38077"
clientAddress: "localhost:40489"
adminAddress: "localhost:37929"
startupRole: FOLLOWER
, old:)]
2022-10-24 03:16:13,985 [s1-server-thread1] DEBUG server.RaftServer$Division (RaftServerImpl.java:appendEntriesAsync(1481)) - s1@group-6912872F20E7: Not recognize s3 (term=1) as leader, state: s1@group-6912872F20E7:t2, leader=s1, voted=s1, raftlog=Memoized:s1@group-6912872F20E7-SegmentedRaftLog:OPENED:c0, conf=0: peers:[s3|rpc:localhost:39579|admin:localhost:42243|client:localhost:33409|dataStream:localhost:46293|priority:0|startupRole:FOLLOWER, s4|rpc:localhost:45747|admin:localhost:35149|client:localhost:44435|dataStream:localhost:42993|priority:0|startupRole:FOLLOWER, s0|rpc:localhost:36179|admin:localhost:46501|client:localhost:36175|dataStream:localhost:33505|priority:0|startupRole:FOLLOWER, s1|rpc:localhost:36635|admin:localhost:41981|client:localhost:39775|dataStream:localhost:41297|priority:0|startupRole:FOLLOWER, s2|rpc:localhost:36969|admin:localhost:37929|client:localhost:40489|dataStream:localhost:38077|priority:0|startupRole:FOLLOWER]|listeners:[], old=null reply: s3<-s1#1:FAIL-t2,NOT_LEADER,nextIndex=1,followerCommit=0,matchIndex=-1
2022-10-24 03:16:13,988 [grpc-default-executor-8] INFO  server.GrpcServerProtocolService (GrpcServerProtocolService.java:onCompleted(143)) - s1: Completed APPEND_ENTRIES, lastRequest: s3->s1#1-t1,previous=(t:0, i:0),leaderCommit=-1,initializing? true,entries: size=1, first=(t:1, i:0), CONFIGURATIONENTRY(current:id: "s3"
address: "localhost:39579"
dataStreamAddress: "localhost:46293"
clientAddress: "localhost:33409"
adminAddress: "localhost:42243"
startupRole: FOLLOWER
,id: "s4"
address: "localhost:45747"
dataStreamAddress: "localhost:42993"
clientAddress: "localhost:44435"
adminAddress: "localhost:35149"
startupRole: FOLLOWER
,id: "s0"
address: "localhost:36179"
dataStreamAddress: "localhost:33505"
clientAddress: "localhost:36175"
adminAddress: "localhost:46501"
startupRole: FOLLOWER
,id: "s1"
address: "localhost:36635"
dataStreamAddress: "localhost:41297"
clientAddress: "localhost:39775"
adminAddress: "localhost:41981"
startupRole: FOLLOWER
,id: "s2"
address: "localhost:36969"
dataStreamAddress: "localhost:38077"
clientAddress: "localhost:40489"
adminAddress: "localhost:37929"
startupRole: FOLLOWER
, old:)
2022-10-24 03:16:13,990 [s2-server-thread1] DEBUG server.RaftServer$Division (RaftServerImpl.java:logAppendEntries(1418)) - s2@group-6912872F20E7: receive appendEntries(s3, 1, null, -1, true, commits:[s3:c-1, s4:c-1, s0:c-1, s1:c-1, s2:c-1], cId:1, entries: [(t:1, i:0), CONFIGURATIONENTRY(current:id: "s3"
address: "localhost:39579"
dataStreamAddress: "localhost:46293"
clientAddress: "localhost:33409"
adminAddress: "localhost:42243"
startupRole: FOLLOWER
,id: "s4"
address: "localhost:45747"
dataStreamAddress: "localhost:42993"
clientAddress: "localhost:44435"
adminAddress: "localhost:35149"
startupRole: FOLLOWER
,id: "s0"
address: "localhost:36179"
dataStreamAddress: "localhost:33505"
clientAddress: "localhost:36175"
adminAddress: "localhost:46501"
startupRole: FOLLOWER
,id: "s1"
address: "localhost:36635"
dataStreamAddress: "localhost:41297"
clientAddress: "localhost:39775"
adminAddress: "localhost:41981"
startupRole: FOLLOWER
,id: "s2"
address: "localhost:36969"
dataStreamAddress: "localhost:38077"
clientAddress: "localhost:40489"
adminAddress: "localhost:37929"
startupRole: FOLLOWER
, old:)]
2022-10-24 03:16:13,990 [s2-server-thread1] DEBUG server.RaftServer$Division (RaftServerImpl.java:appendEntriesAsync(1481)) - s2@group-6912872F20E7: Not recognize s3 (term=1) as leader, state: s2@group-6912872F20E7:t2, leader=null, voted=s1, raftlog=Memoized:s2@group-6912872F20E7-SegmentedRaftLog:OPENED:c-1, conf=-1: peers:[s3|rpc:localhost:39579|admin:localhost:42243|client:localhost:33409|dataStream:localhost:46293|priority:0|startupRole:FOLLOWER, s4|rpc:localhost:45747|admin:localhost:35149|client:localhost:44435|dataStream:localhost:42993|priority:0|startupRole:FOLLOWER, s0|rpc:localhost:36179|admin:localhost:46501|client:localhost:36175|dataStream:localhost:33505|priority:0|startupRole:FOLLOWER, s1|rpc:localhost:36635|admin:localhost:41981|client:localhost:39775|dataStream:localhost:41297|priority:0|startupRole:FOLLOWER, s2|rpc:localhost:36969|admin:localhost:37929|client:localhost:40489|dataStream:localhost:38077|priority:0|startupRole:FOLLOWER]|listeners:[], old=null reply: s3<-s2#1:FAIL-t2,NOT_LEADER,nextIndex=0,followerCommit=-1,matchIndex=-1
2022-10-24 03:16:13,992 [grpc-default-executor-32] INFO  server.GrpcServerProtocolService (GrpcServerProtocolService.java:onCompleted(143)) - s2: Completed APPEND_ENTRIES, lastRequest: s3->s2#1-t1,previous=(t:0, i:0),leaderCommit=-1,initializing? true,entries: size=1, first=(t:1, i:0), CONFIGURATIONENTRY(current:id: "s3"
address: "localhost:39579"
dataStreamAddress: "localhost:46293"
clientAddress: "localhost:33409"
adminAddress: "localhost:42243"
startupRole: FOLLOWER
,id: "s4"
address: "localhost:45747"
dataStreamAddress: "localhost:42993"
clientAddress: "localhost:44435"
adminAddress: "localhost:35149"
startupRole: FOLLOWER
,id: "s0"
address: "localhost:36179"
dataStreamAddress: "localhost:33505"
clientAddress: "localhost:36175"
adminAddress: "localhost:46501"
startupRole: FOLLOWER
,id: "s1"
address: "localhost:36635"
dataStreamAddress: "localhost:41297"
clientAddress: "localhost:39775"
adminAddress: "localhost:41981"
startupRole: FOLLOWER
,id: "s2"
address: "localhost:36969"
dataStreamAddress: "localhost:38077"
clientAddress: "localhost:40489"
adminAddress: "localhost:37929"
startupRole: FOLLOWER
, old:)
2022-10-24 03:16:13,993 [s0-server-thread1] DEBUG server.RaftServer$Division (RaftServerImpl.java:logAppendEntries(1418)) - s0@group-6912872F20E7: receive appendEntries(s3, 1, null, -1, true, commits:[s3:c-1, s4:c-1, s0:c-1, s1:c-1, s2:c-1], cId:1, entries: [(t:1, i:0), CONFIGURATIONENTRY(current:id: "s3"
address: "localhost:39579"
dataStreamAddress: "localhost:46293"
clientAddress: "localhost:33409"
adminAddress: "localhost:42243"
startupRole: FOLLOWER
,id: "s4"
address: "localhost:45747"
dataStreamAddress: "localhost:42993"
clientAddress: "localhost:44435"
adminAddress: "localhost:35149"
startupRole: FOLLOWER
,id: "s0"
address: "localhost:36179"
dataStreamAddress: "localhost:33505"
clientAddress: "localhost:36175"
adminAddress: "localhost:46501"
startupRole: FOLLOWER
,id: "s1"
address: "localhost:36635"
dataStreamAddress: "localhost:41297"
clientAddress: "localhost:39775"
adminAddress: "localhost:41981"
startupRole: FOLLOWER
,id: "s2"
address: "localhost:36969"
dataStreamAddress: "localhost:38077"
clientAddress: "localhost:40489"
adminAddress: "localhost:37929"
startupRole: FOLLOWER
, old:)]
2022-10-24 03:16:13,993 [s0-server-thread1] DEBUG server.RaftServer$Division (RaftServerImpl.java:appendEntriesAsync(1481)) - s0@group-6912872F20E7: Not recognize s3 (term=1) as leader, state: s0@group-6912872F20E7:t2, leader=null, voted=s1, raftlog=Memoized:s0@group-6912872F20E7-SegmentedRaftLog:OPENED:c-1, conf=-1: peers:[s3|rpc:localhost:39579|admin:localhost:42243|client:localhost:33409|dataStream:localhost:46293|priority:0|startupRole:FOLLOWER, s4|rpc:localhost:45747|admin:localhost:35149|client:localhost:44435|dataStream:localhost:42993|priority:0|startupRole:FOLLOWER, s0|rpc:localhost:36179|admin:localhost:46501|client:localhost:36175|dataStream:localhost:33505|priority:0|startupRole:FOLLOWER, s1|rpc:localhost:36635|admin:localhost:41981|client:localhost:39775|dataStream:localhost:41297|priority:0|startupRole:FOLLOWER, s2|rpc:localhost:36969|admin:localhost:37929|client:localhost:40489|dataStream:localhost:38077|priority:0|startupRole:FOLLOWER]|listeners:[], old=null reply: s3<-s0#1:FAIL-t2,NOT_LEADER,nextIndex=0,followerCommit=-1,matchIndex=-1
2022-10-24 03:16:13,994 [grpc-default-executor-17] INFO  server.GrpcLogAppender (GrpcLogAppender.java:onCompleted(413)) - s3@group-6912872F20E7->s2-AppendLogResponseHandler: follower responses appendEntries COMPLETED
2022-10-24 03:16:13,996 [grpc-default-executor-17] INFO  leader.FollowerInfo (FollowerInfoImpl.java:lambda$new$0(48)) - s3@group-6912872F20E7->s2: nextIndex: updateUnconditionally 1 -> 0
2022-10-24 03:16:13,997 [s4-server-thread3] DEBUG server.RaftServer$Division (RaftServerImpl.java:logAppendEntries(1418)) - s4@group-6912872F20E7: receive appendEntries(s1, 2, null, 0, true, commits:[s1:c0, s3:c-1, s4:c-1, s0:c-1, s2:c-1], cId:1, entries: [(t:2, i:0), CONFIGURATIONENTRY(current:id: "s3"
address: "localhost:39579"
dataStreamAddress: "localhost:46293"
clientAddress: "localhost:33409"
adminAddress: "localhost:42243"
startupRole: FOLLOWER
,id: "s4"
address: "localhost:45747"
dataStreamAddress: "localhost:42993"
clientAddress: "localhost:44435"
adminAddress: "localhost:35149"
startupRole: FOLLOWER
,id: "s0"
address: "localhost:36179"
dataStreamAddress: "localhost:33505"
clientAddress: "localhost:36175"
adminAddress: "localhost:46501"
startupRole: FOLLOWER
,id: "s1"
address: "localhost:36635"
dataStreamAddress: "localhost:41297"
clientAddress: "localhost:39775"
adminAddress: "localhost:41981"
startupRole: FOLLOWER
,id: "s2"
address: "localhost:36969"
dataStreamAddress: "localhost:38077"
clientAddress: "localhost:40489"
adminAddress: "localhost:37929"
startupRole: FOLLOWER
, old:)]
2022-10-24 03:16:13,997 [s4-server-thread3] INFO  server.RaftServer$Division (ServerState.java:setLeader(259)) - s4@group-6912872F20E7: change Leader from null to s1 at term 2 for appendEntries, leader elected after 132ms
2022-10-24 03:16:13,998 [grpc-default-executor-4] INFO  server.GrpcServerProtocolService (GrpcServerProtocolService.java:onCompleted(143)) - s0: Completed APPEND_ENTRIES, lastRequest: s3->s0#1-t1,previous=(t:0, i:0),leaderCommit=-1,initializing? true,entries: size=1, first=(t:1, i:0), CONFIGURATIONENTRY(current:id: "s3"
address: "localhost:39579"
dataStreamAddress: "localhost:46293"
clientAddress: "localhost:33409"
adminAddress: "localhost:42243"
startupRole: FOLLOWER
,id: "s4"
address: "localhost:45747"
dataStreamAddress: "localhost:42993"
clientAddress: "localhost:44435"
adminAddress: "localhost:35149"
startupRole: FOLLOWER
,id: "s0"
address: "localhost:36179"
dataStreamAddress: "localhost:33505"
clientAddress: "localhost:36175"
adminAddress: "localhost:46501"
startupRole: FOLLOWER
,id: "s1"
address: "localhost:36635"
dataStreamAddress: "localhost:41297"
clientAddress: "localhost:39775"
adminAddress: "localhost:41981"
startupRole: FOLLOWER
,id: "s2"
address: "localhost:36969"
dataStreamAddress: "localhost:38077"
clientAddress: "localhost:40489"
adminAddress: "localhost:37929"
startupRole: FOLLOWER
, old:)
2022-10-24 03:16:13,999 [s0-server-thread1] DEBUG server.RaftServer$Division (RaftServerImpl.java:appendEntriesAsync(1481)) - s0@group-6912872F20E7: Not recognize s3 (term=1) as leader, state: s0@group-6912872F20E7:t2, leader=null, voted=s1, raftlog=Memoized:s0@group-6912872F20E7-SegmentedRaftLog:OPENED:c-1, conf=-1: peers:[s3|rpc:localhost:39579|admin:localhost:42243|client:localhost:33409|dataStream:localhost:46293|priority:0|startupRole:FOLLOWER, s4|rpc:localhost:45747|admin:localhost:35149|client:localhost:44435|dataStream:localhost:42993|priority:0|startupRole:FOLLOWER, s0|rpc:localhost:36179|admin:localhost:46501|client:localhost:36175|dataStream:localhost:33505|priority:0|startupRole:FOLLOWER, s1|rpc:localhost:36635|admin:localhost:41981|client:localhost:39775|dataStream:localhost:41297|priority:0|startupRole:FOLLOWER, s2|rpc:localhost:36969|admin:localhost:37929|client:localhost:40489|dataStream:localhost:38077|priority:0|startupRole:FOLLOWER]|listeners:[], old=null reply: s3<-s0#4:FAIL-t2,NOT_LEADER,nextIndex=0,followerCommit=-1,matchIndex=-1
2022-10-24 03:16:14,002 [s4-server-thread1] DEBUG server.RaftServer$Division (RaftServerImpl.java:logAppendEntries(1418)) - s4@group-6912872F20E7: receive appendEntries(s3, 1, null, -1, true, commits:[s3:c-1, s4:c-1, s0:c-1, s1:c-1, s2:c-1], cId:1, entries: [(t:1, i:0), CONFIGURATIONENTRY(current:id: "s3"
address: "localhost:39579"
dataStreamAddress: "localhost:46293"
clientAddress: "localhost:33409"
adminAddress: "localhost:42243"
startupRole: FOLLOWER
,id: "s4"
address: "localhost:45747"
dataStreamAddress: "localhost:42993"
clientAddress: "localhost:44435"
adminAddress: "localhost:35149"
startupRole: FOLLOWER
,id: "s0"
address: "localhost:36179"
dataStreamAddress: "localhost:33505"
clientAddress: "localhost:36175"
adminAddress: "localhost:46501"
startupRole: FOLLOWER
,id: "s1"
address: "localhost:36635"
dataStreamAddress: "localhost:41297"
clientAddress: "localhost:39775"
adminAddress: "localhost:41981"
startupRole: FOLLOWER
,id: "s2"
address: "localhost:36969"
dataStreamAddress: "localhost:38077"
clientAddress: "localhost:40489"
adminAddress: "localhost:37929"
startupRole: FOLLOWER
, old:)]
2022-10-24 03:16:14,002 [s3-server-thread1] DEBUG server.RaftServer$Division (RaftServerImpl.java:logAppendEntries(1418)) - s3@group-6912872F20E7: receive appendEntries(s1, 2, null, -1, true, commits:[s1:c-1, s3:c-1, s4:c-1, s0:c-1, s2:c-1], cId:1, entries: [(t:2, i:0), CONFIGURATIONENTRY(current:id: "s3"
address: "localhost:39579"
dataStreamAddress: "localhost:46293"
clientAddress: "localhost:33409"
adminAddress: "localhost:42243"
startupRole: FOLLOWER
,id: "s4"
address: "localhost:45747"
dataStreamAddress: "localhost:42993"
clientAddress: "localhost:44435"
adminAddress: "localhost:35149"
startupRole: FOLLOWER
,id: "s0"
address: "localhost:36179"
dataStreamAddress: "localhost:33505"
clientAddress: "localhost:36175"
adminAddress: "localhost:46501"
startupRole: FOLLOWER
,id: "s1"
address: "localhost:36635"
dataStreamAddress: "localhost:41297"
clientAddress: "localhost:39775"
adminAddress: "localhost:41981"
startupRole: FOLLOWER
,id: "s2"
address: "localhost:36969"
dataStreamAddress: "localhost:38077"
clientAddress: "localhost:40489"
adminAddress: "localhost:37929"
startupRole: FOLLOWER
, old:)]
2022-10-24 03:16:14,002 [s3-server-thread1] INFO  server.RaftServer$Division (ServerState.java:setLeader(259)) - s3@group-6912872F20E7: change Leader from null to s1 at term 2 for appendEntries, leader elected after 140ms
2022-10-24 03:16:14,008 [s2-server-thread1] DEBUG server.RaftServer$Division (RaftServerImpl.java:logAppendEntries(1418)) - s2@group-6912872F20E7: receive appendEntries(s1, 2, null, 0, true, commits:[s1:c0, s3:c-1, s4:c-1, s0:c-1, s2:c-1], cId:1, entries: [(t:2, i:0), CONFIGURATIONENTRY(current:id: "s3"
address: "localhost:39579"
dataStreamAddress: "localhost:46293"
clientAddress: "localhost:33409"
adminAddress: "localhost:42243"
startupRole: FOLLOWER
,id: "s4"
address: "localhost:45747"
dataStreamAddress: "localhost:42993"
clientAddress: "localhost:44435"
adminAddress: "localhost:35149"
startupRole: FOLLOWER
,id: "s0"
address: "localhost:36179"
dataStreamAddress: "localhost:33505"
clientAddress: "localhost:36175"
adminAddress: "localhost:46501"
startupRole: FOLLOWER
,id: "s1"
address: "localhost:36635"
dataStreamAddress: "localhost:41297"
clientAddress: "localhost:39775"
adminAddress: "localhost:41981"
startupRole: FOLLOWER
,id: "s2"
address: "localhost:36969"
dataStreamAddress: "localhost:38077"
clientAddress: "localhost:40489"
adminAddress: "localhost:37929"
startupRole: FOLLOWER
, old:)]
2022-10-24 03:16:14,007 [s0-server-thread2] DEBUG server.RaftServer$Division (RaftServerImpl.java:logAppendEntries(1418)) - s0@group-6912872F20E7: receive appendEntries(s1, 2, null, 0, true, commits:[s1:c0, s3:c-1, s4:c-1, s0:c-1, s2:c-1], cId:1, entries: [(t:2, i:0), CONFIGURATIONENTRY(current:id: "s3"
address: "localhost:39579"
dataStreamAddress: "localhost:46293"
clientAddress: "localhost:33409"
adminAddress: "localhost:42243"
startupRole: FOLLOWER
,id: "s4"
address: "localhost:45747"
dataStreamAddress: "localhost:42993"
clientAddress: "localhost:44435"
adminAddress: "localhost:35149"
startupRole: FOLLOWER
,id: "s0"
address: "localhost:36179"
dataStreamAddress: "localhost:33505"
clientAddress: "localhost:36175"
adminAddress: "localhost:46501"
startupRole: FOLLOWER
,id: "s1"
address: "localhost:36635"
dataStreamAddress: "localhost:41297"
clientAddress: "localhost:39775"
adminAddress: "localhost:41981"
startupRole: FOLLOWER
,id: "s2"
address: "localhost:36969"
dataStreamAddress: "localhost:38077"
clientAddress: "localhost:40489"
adminAddress: "localhost:37929"
startupRole: FOLLOWER
, old:)]
2022-10-24 03:16:14,007 [s1-server-thread2] DEBUG server.RaftServer$Division (RaftServerImpl.java:appendEntriesAsync(1481)) - s1@group-6912872F20E7: Not recognize s3 (term=1) as leader, state: s1@group-6912872F20E7:t2, leader=s1, voted=s1, raftlog=Memoized:s1@group-6912872F20E7-SegmentedRaftLog:OPENED:c0, conf=0: peers:[s3|rpc:localhost:39579|admin:localhost:42243|client:localhost:33409|dataStream:localhost:46293|priority:0|startupRole:FOLLOWER, s4|rpc:localhost:45747|admin:localhost:35149|client:localhost:44435|dataStream:localhost:42993|priority:0|startupRole:FOLLOWER, s0|rpc:localhost:36179|admin:localhost:46501|client:localhost:36175|dataStream:localhost:33505|priority:0|startupRole:FOLLOWER, s1|rpc:localhost:36635|admin:localhost:41981|client:localhost:39775|dataStream:localhost:41297|priority:0|startupRole:FOLLOWER, s2|rpc:localhost:36969|admin:localhost:37929|client:localhost:40489|dataStream:localhost:38077|priority:0|startupRole:FOLLOWER]|listeners:[], old=null reply: s3<-s1#2:FAIL-t2,NOT_LEADER,nextIndex=1,followerCommit=0,matchIndex=-1
2022-10-24 03:16:14,007 [s0-server-thread1] DEBUG server.RaftServer$Division (RaftServerImpl.java:appendEntriesAsync(1481)) - s0@group-6912872F20E7: Not recognize s3 (term=1) as leader, state: s0@group-6912872F20E7:t2, leader=null, voted=s1, raftlog=Memoized:s0@group-6912872F20E7-SegmentedRaftLog:OPENED:c-1, conf=-1: peers:[s3|rpc:localhost:39579|admin:localhost:42243|client:localhost:33409|dataStream:localhost:46293|priority:0|startupRole:FOLLOWER, s4|rpc:localhost:45747|admin:localhost:35149|client:localhost:44435|dataStream:localhost:42993|priority:0|startupRole:FOLLOWER, s0|rpc:localhost:36179|admin:localhost:46501|client:localhost:36175|dataStream:localhost:33505|priority:0|startupRole:FOLLOWER, s1|rpc:localhost:36635|admin:localhost:41981|client:localhost:39775|dataStream:localhost:41297|priority:0|startupRole:FOLLOWER, s2|rpc:localhost:36969|admin:localhost:37929|client:localhost:40489|dataStream:localhost:38077|priority:0|startupRole:FOLLOWER]|listeners:[], old=null reply: s3<-s0#5:FAIL-t2,NOT_LEADER,nextIndex=0,followerCommit=-1,matchIndex=-1
2022-10-24 03:16:14,009 [grpc-default-executor-17] INFO  server.GrpcServerProtocolService (GrpcServerProtocolService.java:onCompleted(143)) - s0: Completed APPEND_ENTRIES, lastRequest: null
2022-10-24 03:16:14,005 [s4-server-thread3] INFO  server.RaftServer$Division (ServerState.java:setRaftConf(376)) - s4@group-6912872F20E7: set configuration 0: peers:[s3|rpc:localhost:39579|admin:localhost:42243|client:localhost:33409|dataStream:localhost:46293|priority:0|startupRole:FOLLOWER, s4|rpc:localhost:45747|admin:localhost:35149|client:localhost:44435|dataStream:localhost:42993|priority:0|startupRole:FOLLOWER, s0|rpc:localhost:36179|admin:localhost:46501|client:localhost:36175|dataStream:localhost:33505|priority:0|startupRole:FOLLOWER, s1|rpc:localhost:36635|admin:localhost:41981|client:localhost:39775|dataStream:localhost:41297|priority:0|startupRole:FOLLOWER, s2|rpc:localhost:36969|admin:localhost:37929|client:localhost:40489|dataStream:localhost:38077|priority:0|startupRole:FOLLOWER]|listeners:[], old=null
2022-10-24 03:16:14,009 [s0-server-thread2] INFO  server.RaftServer$Division (ServerState.java:setLeader(259)) - s0@group-6912872F20E7: change Leader from null to s1 at term 2 for appendEntries, leader elected after 1798ms
2022-10-24 03:16:14,009 [s3-server-thread1] INFO  server.RaftServer$Division (RaftServerImpl.java:checkInconsistentAppendEntries(1589)) - s3@group-6912872F20E7: Failed appendEntries as the first entry (index 0) already exists (snapshotIndex: -1, commitIndex: 0)
2022-10-24 03:16:14,012 [s3-server-thread1] INFO  server.RaftServer$Division (RaftServerImpl.java:checkInconsistentAppendEntries(1569)) - s3@group-6912872F20E7: inconsistency entries. Reply:s1<-s3#1:FAIL-t2,INCONSISTENCY,nextIndex=1,followerCommit=0,matchIndex=-1
2022-10-24 03:16:14,009 [s2-server-thread1] INFO  server.RaftServer$Division (ServerState.java:setLeader(259)) - s2@group-6912872F20E7: change Leader from null to s1 at term 2 for appendEntries, leader elected after 1723ms
2022-10-24 03:16:14,013 [grpc-default-executor-8] INFO  server.GrpcLogAppender (GrpcLogAppender.java:onCompleted(413)) - s3@group-6912872F20E7->s0-AppendLogResponseHandler: follower responses appendEntries COMPLETED
2022-10-24 03:16:14,013 [grpc-default-executor-4] INFO  server.GrpcLogAppender (GrpcLogAppender.java:onCompleted(413)) - s3@group-6912872F20E7->s4-AppendLogResponseHandler: follower responses appendEntries COMPLETED
2022-10-24 03:16:14,013 [grpc-default-executor-34] INFO  server.GrpcLogAppender (GrpcLogAppender.java:onCompleted(413)) - s3@group-6912872F20E7->s1-AppendLogResponseHandler: follower responses appendEntries COMPLETED
2022-10-24 03:16:14,012 [s0-server-thread2] INFO  server.RaftServer$Division (ServerState.java:setRaftConf(376)) - s0@group-6912872F20E7: set configuration 0: peers:[s3|rpc:localhost:39579|admin:localhost:42243|client:localhost:33409|dataStream:localhost:46293|priority:0|startupRole:FOLLOWER, s4|rpc:localhost:45747|admin:localhost:35149|client:localhost:44435|dataStream:localhost:42993|priority:0|startupRole:FOLLOWER, s0|rpc:localhost:36179|admin:localhost:46501|client:localhost:36175|dataStream:localhost:33505|priority:0|startupRole:FOLLOWER, s1|rpc:localhost:36635|admin:localhost:41981|client:localhost:39775|dataStream:localhost:41297|priority:0|startupRole:FOLLOWER, s2|rpc:localhost:36969|admin:localhost:37929|client:localhost:40489|dataStream:localhost:38077|priority:0|startupRole:FOLLOWER]|listeners:[], old=null
2022-10-24 03:16:14,009 [s4-server-thread3] INFO  segmented.SegmentedRaftLogWorker (SegmentedRaftLogWorker.java:startLogSegment(431)) - s4@group-6912872F20E7-SegmentedRaftLogWorker: Starting segment from index:0
2022-10-24 03:16:14,014 [s0-server-thread2] INFO  segmented.SegmentedRaftLogWorker (SegmentedRaftLogWorker.java:startLogSegment(431)) - s0@group-6912872F20E7-SegmentedRaftLogWorker: Starting segment from index:0
2022-10-24 03:16:14,019 [s4-server-thread1] DEBUG server.RaftServer$Division (RaftServerImpl.java:appendEntriesAsync(1481)) - s4@group-6912872F20E7: Not recognize s3 (term=1) as leader, state: s4@group-6912872F20E7:t2, leader=s1, voted=s1, raftlog=Memoized:s4@group-6912872F20E7-SegmentedRaftLog:OPENED:c-1, conf=0: peers:[s3|rpc:localhost:39579|admin:localhost:42243|client:localhost:33409|dataStream:localhost:46293|priority:0|startupRole:FOLLOWER, s4|rpc:localhost:45747|admin:localhost:35149|client:localhost:44435|dataStream:localhost:42993|priority:0|startupRole:FOLLOWER, s0|rpc:localhost:36179|admin:localhost:46501|client:localhost:36175|dataStream:localhost:33505|priority:0|startupRole:FOLLOWER, s1|rpc:localhost:36635|admin:localhost:41981|client:localhost:39775|dataStream:localhost:41297|priority:0|startupRole:FOLLOWER, s2|rpc:localhost:36969|admin:localhost:37929|client:localhost:40489|dataStream:localhost:38077|priority:0|startupRole:FOLLOWER]|listeners:[], old=null reply: s3<-s4#1:FAIL-t2,NOT_LEADER,nextIndex=1,followerCommit=-1,matchIndex=-1
2022-10-24 03:16:14,020 [grpc-default-executor-25] INFO  server.GrpcServerProtocolService (GrpcServerProtocolService.java:onCompleted(143)) - s4: Completed APPEND_ENTRIES, lastRequest: s3->s4#1-t1,previous=(t:0, i:0),leaderCommit=-1,initializing? true,entries: size=1, first=(t:1, i:0), CONFIGURATIONENTRY(current:id: "s3"
address: "localhost:39579"
dataStreamAddress: "localhost:46293"
clientAddress: "localhost:33409"
adminAddress: "localhost:42243"
startupRole: FOLLOWER
,id: "s4"
address: "localhost:45747"
dataStreamAddress: "localhost:42993"
clientAddress: "localhost:44435"
adminAddress: "localhost:35149"
startupRole: FOLLOWER
,id: "s0"
address: "localhost:36179"
dataStreamAddress: "localhost:33505"
clientAddress: "localhost:36175"
adminAddress: "localhost:46501"
startupRole: FOLLOWER
,id: "s1"
address: "localhost:36635"
dataStreamAddress: "localhost:41297"
clientAddress: "localhost:39775"
adminAddress: "localhost:41981"
startupRole: FOLLOWER
,id: "s2"
address: "localhost:36969"
dataStreamAddress: "localhost:38077"
clientAddress: "localhost:40489"
adminAddress: "localhost:37929"
startupRole: FOLLOWER
, old:)
2022-10-24 03:16:14,025 [s2-server-thread1] INFO  server.RaftServer$Division (ServerState.java:setRaftConf(376)) - s2@group-6912872F20E7: set configuration 0: peers:[s3|rpc:localhost:39579|admin:localhost:42243|client:localhost:33409|dataStream:localhost:46293|priority:0|startupRole:FOLLOWER, s4|rpc:localhost:45747|admin:localhost:35149|client:localhost:44435|dataStream:localhost:42993|priority:0|startupRole:FOLLOWER, s0|rpc:localhost:36179|admin:localhost:46501|client:localhost:36175|dataStream:localhost:33505|priority:0|startupRole:FOLLOWER, s1|rpc:localhost:36635|admin:localhost:41981|client:localhost:39775|dataStream:localhost:41297|priority:0|startupRole:FOLLOWER, s2|rpc:localhost:36969|admin:localhost:37929|client:localhost:40489|dataStream:localhost:38077|priority:0|startupRole:FOLLOWER]|listeners:[], old=null
2022-10-24 03:16:14,025 [s2-server-thread1] INFO  segmented.SegmentedRaftLogWorker (SegmentedRaftLogWorker.java:startLogSegment(431)) - s2@group-6912872F20E7-SegmentedRaftLogWorker: Starting segment from index:0
2022-10-24 03:16:14,013 [grpc-default-executor-8] INFO  leader.FollowerInfo (FollowerInfoImpl.java:lambda$new$0(48)) - s3@group-6912872F20E7->s0: nextIndex: updateUnconditionally 1 -> 0
2022-10-24 03:16:14,013 [grpc-default-executor-4] INFO  leader.FollowerInfo (FollowerInfoImpl.java:lambda$new$0(48)) - s3@group-6912872F20E7->s4: nextIndex: updateUnconditionally 1 -> 0
2022-10-24 03:16:14,013 [grpc-default-executor-34] INFO  leader.FollowerInfo (FollowerInfoImpl.java:lambda$new$0(48)) - s3@group-6912872F20E7->s1: nextIndex: updateUnconditionally 1 -> 0
2022-10-24 03:16:14,037 [s4@group-6912872F20E7-SegmentedRaftLogWorker] INFO  segmented.SegmentedRaftLogWorker (SegmentedRaftLogWorker.java:execute(635)) - s4@group-6912872F20E7-SegmentedRaftLogWorker: created new log segment /home/runner/work/ratis/ratis/ratis-test/target/test/data/7f1448f6/MiniRaftClusterWithGrpc35a71421/s4/9601d173-e10d-455f-9df4-6912872f20e7/current/log_inprogress_0
2022-10-24 03:16:14,037 [s1-server-thread2] DEBUG server.RaftServer$Division (RaftServerImpl.java:appendEntriesAsync(1481)) - s1@group-6912872F20E7: Not recognize s3 (term=1) as leader, state: s1@group-6912872F20E7:t2, leader=s1, voted=s1, raftlog=Memoized:s1@group-6912872F20E7-SegmentedRaftLog:OPENED:c0, conf=0: peers:[s3|rpc:localhost:39579|admin:localhost:42243|client:localhost:33409|dataStream:localhost:46293|priority:0|startupRole:FOLLOWER, s4|rpc:localhost:45747|admin:localhost:35149|client:localhost:44435|dataStream:localhost:42993|priority:0|startupRole:FOLLOWER, s0|rpc:localhost:36179|admin:localhost:46501|client:localhost:36175|dataStream:localhost:33505|priority:0|startupRole:FOLLOWER, s1|rpc:localhost:36635|admin:localhost:41981|client:localhost:39775|dataStream:localhost:41297|priority:0|startupRole:FOLLOWER, s2|rpc:localhost:36969|admin:localhost:37929|client:localhost:40489|dataStream:localhost:38077|priority:0|startupRole:FOLLOWER]|listeners:[], old=null reply: s3<-s1#3:FAIL-t2,NOT_LEADER,nextIndex=1,followerCommit=0,matchIndex=-1
2022-10-24 03:16:14,039 [grpc-default-executor-15] INFO  server.GrpcLogAppender (GrpcLogAppender.java:onCompleted(413)) - s3@group-6912872F20E7->s2-AppendLogResponseHandler: follower responses appendEntries COMPLETED
2022-10-24 03:16:14,040 [grpc-default-executor-15] INFO  leader.FollowerInfo (FollowerInfoImpl.java:lambda$new$0(48)) - s3@group-6912872F20E7->s2: nextIndex: updateUnconditionally 0 -> 0
2022-10-24 03:16:14,040 [s0@group-6912872F20E7-SegmentedRaftLogWorker] INFO  segmented.SegmentedRaftLogWorker (SegmentedRaftLogWorker.java:execute(635)) - s0@group-6912872F20E7-SegmentedRaftLogWorker: created new log segment /home/runner/work/ratis/ratis/ratis-test/target/test/data/7f1448f6/MiniRaftClusterWithGrpc35a71421/s0/9601d173-e10d-455f-9df4-6912872f20e7/current/log_inprogress_0
2022-10-24 03:16:14,040 [s4-server-thread1] DEBUG server.RaftServer$Division (RaftServerImpl.java:logAppendEntries(1418)) - s4@group-6912872F20E7: succeeded to handle AppendEntries. Reply: s1<-s4#1:OK-t2,SUCCESS,nextIndex=1,followerCommit=0,matchIndex=0
2022-10-24 03:16:14,042 [s2@group-6912872F20E7-SegmentedRaftLogWorker] INFO  segmented.SegmentedRaftLogWorker (SegmentedRaftLogWorker.java:execute(635)) - s2@group-6912872F20E7-SegmentedRaftLogWorker: created new log segment /home/runner/work/ratis/ratis/ratis-test/target/test/data/7f1448f6/MiniRaftClusterWithGrpc35a71421/s2/9601d173-e10d-455f-9df4-6912872f20e7/current/log_inprogress_0
2022-10-24 03:16:14,046 [s2-server-thread1] DEBUG server.RaftServer$Division (RaftServerImpl.java:logAppendEntries(1418)) - s2@group-6912872F20E7: succeeded to handle AppendEntries. Reply: s1<-s2#1:OK-t2,SUCCESS,nextIndex=1,followerCommit=0,matchIndex=0
2022-10-24 03:16:14,047 [s0-server-thread2] DEBUG server.RaftServer$Division (RaftServerImpl.java:logAppendEntries(1418)) - s0@group-6912872F20E7: succeeded to handle AppendEntries. Reply: s1<-s0#1:OK-t2,SUCCESS,nextIndex=1,followerCommit=0,matchIndex=0
2022-10-24 03:16:14,053 [grpc-default-executor-8] INFO  leader.FollowerInfo (FollowerInfoImpl.java:lambda$new$0(48)) - s1@group-6912872F20E7->s3: nextIndex: updateUnconditionally 1 -> 1
2022-10-24 03:16:14,063 [grpc-default-executor-15] INFO  server.GrpcLogAppender (GrpcLogAppender.java:onCompleted(413)) - s3@group-6912872F20E7->s4-AppendLogResponseHandler: follower responses appendEntries COMPLETED
2022-10-24 03:16:14,063 [grpc-default-executor-15] INFO  leader.FollowerInfo (FollowerInfoImpl.java:lambda$new$0(48)) - s3@group-6912872F20E7->s4: nextIndex: updateUnconditionally 0 -> 0
2022-10-24 03:16:14,066 [grpc-default-executor-15] INFO  server.GrpcLogAppender (GrpcLogAppender.java:onCompleted(413)) - s3@group-6912872F20E7->s0-AppendLogResponseHandler: follower responses appendEntries COMPLETED
2022-10-24 03:16:14,066 [grpc-default-executor-15] INFO  leader.FollowerInfo (FollowerInfoImpl.java:lambda$new$0(48)) - s3@group-6912872F20E7->s0: nextIndex: updateUnconditionally 0 -> 0
2022-10-24 03:16:14,071 [s1-server-thread2] DEBUG server.RaftServer$Division (RaftServerImpl.java:appendEntriesAsync(1481)) - s1@group-6912872F20E7: Not recognize s3 (term=1) as leader, state: s1@group-6912872F20E7:t2, leader=s1, voted=s1, raftlog=Memoized:s1@group-6912872F20E7-SegmentedRaftLog:OPENED:c0, conf=0: peers:[s3|rpc:localhost:39579|admin:localhost:42243|client:localhost:33409|dataStream:localhost:46293|priority:0|startupRole:FOLLOWER, s4|rpc:localhost:45747|admin:localhost:35149|client:localhost:44435|dataStream:localhost:42993|priority:0|startupRole:FOLLOWER, s0|rpc:localhost:36179|admin:localhost:46501|client:localhost:36175|dataStream:localhost:33505|priority:0|startupRole:FOLLOWER, s1|rpc:localhost:36635|admin:localhost:41981|client:localhost:39775|dataStream:localhost:41297|priority:0|startupRole:FOLLOWER, s2|rpc:localhost:36969|admin:localhost:37929|client:localhost:40489|dataStream:localhost:38077|priority:0|startupRole:FOLLOWER]|listeners:[], old=null reply: s3<-s1#4:FAIL-t2,NOT_LEADER,nextIndex=1,followerCommit=0,matchIndex=-1
2022-10-24 03:16:14,074 [s1-server-thread2] DEBUG server.RaftServer$Division (RaftServerImpl.java:appendEntriesAsync(1481)) - s1@group-6912872F20E7: Not recognize s3 (term=1) as leader, state: s1@group-6912872F20E7:t2, leader=s1, voted=s1, raftlog=Memoized:s1@group-6912872F20E7-SegmentedRaftLog:OPENED:c0, conf=0: peers:[s3|rpc:localhost:39579|admin:localhost:42243|client:localhost:33409|dataStream:localhost:46293|priority:0|startupRole:FOLLOWER, s4|rpc:localhost:45747|admin:localhost:35149|client:localhost:44435|dataStream:localhost:42993|priority:0|startupRole:FOLLOWER, s0|rpc:localhost:36179|admin:localhost:46501|client:localhost:36175|dataStream:localhost:33505|priority:0|startupRole:FOLLOWER, s1|rpc:localhost:36635|admin:localhost:41981|client:localhost:39775|dataStream:localhost:41297|priority:0|startupRole:FOLLOWER, s2|rpc:localhost:36969|admin:localhost:37929|client:localhost:40489|dataStream:localhost:38077|priority:0|startupRole:FOLLOWER]|listeners:[], old=null reply: s3<-s1#5:FAIL-t2,NOT_LEADER,nextIndex=1,followerCommit=0,matchIndex=-1
2022-10-24 03:16:14,074 [grpc-default-executor-4] INFO  server.GrpcServerProtocolService (GrpcServerProtocolService.java:onCompleted(143)) - s1: Completed APPEND_ENTRIES, lastRequest: null
2022-10-24 03:16:14,088 [Time-limited test] INFO  ratis.RaftTestUtil (RaftTestUtil.java:waitForLeader(119)) - printing ALL groups
  s3:  RUNNING  FOLLOWER s3@group-6912872F20E7:t2, leader=s1, voted=null, raftlog=Memoized:s3@group-6912872F20E7-SegmentedRaftLog:OPENED:c0, conf=0: peers:[s3|rpc:localhost:39579|admin:localhost:42243|client:localhost:33409|dataStream:localhost:46293|priority:0|startupRole:FOLLOWER, s4|rpc:localhost:45747|admin:localhost:35149|client:localhost:44435|dataStream:localhost:42993|priority:0|startupRole:FOLLOWER, s0|rpc:localhost:36179|admin:localhost:46501|client:localhost:36175|dataStream:localhost:33505|priority:0|startupRole:FOLLOWER, s1|rpc:localhost:36635|admin:localhost:41981|client:localhost:39775|dataStream:localhost:41297|priority:0|startupRole:FOLLOWER, s2|rpc:localhost:36969|admin:localhost:37929|client:localhost:40489|dataStream:localhost:38077|priority:0|startupRole:FOLLOWER]|listeners:[], old=null RUNNING
  s4:  RUNNING  FOLLOWER s4@group-6912872F20E7:t2, leader=s1, voted=s1, raftlog=Memoized:s4@group-6912872F20E7-SegmentedRaftLog:OPENED:c0, conf=0: peers:[s3|rpc:localhost:39579|admin:localhost:42243|client:localhost:33409|dataStream:localhost:46293|priority:0|startupRole:FOLLOWER, s4|rpc:localhost:45747|admin:localhost:35149|client:localhost:44435|dataStream:localhost:42993|priority:0|startupRole:FOLLOWER, s0|rpc:localhost:36179|admin:localhost:46501|client:localhost:36175|dataStream:localhost:33505|priority:0|startupRole:FOLLOWER, s1|rpc:localhost:36635|admin:localhost:41981|client:localhost:39775|dataStream:localhost:41297|priority:0|startupRole:FOLLOWER, s2|rpc:localhost:36969|admin:localhost:37929|client:localhost:40489|dataStream:localhost:38077|priority:0|startupRole:FOLLOWER]|listeners:[], old=null RUNNING
  s0:  RUNNING  FOLLOWER s0@group-6912872F20E7:t2, leader=s1, voted=s1, raftlog=Memoized:s0@group-6912872F20E7-SegmentedRaftLog:OPENED:c0, conf=0: peers:[s3|rpc:localhost:39579|admin:localhost:42243|client:localhost:33409|dataStream:localhost:46293|priority:0|startupRole:FOLLOWER, s4|rpc:localhost:45747|admin:localhost:35149|client:localhost:44435|dataStream:localhost:42993|priority:0|startupRole:FOLLOWER, s0|rpc:localhost:36179|admin:localhost:46501|client:localhost:36175|dataStream:localhost:33505|priority:0|startupRole:FOLLOWER, s1|rpc:localhost:36635|admin:localhost:41981|client:localhost:39775|dataStream:localhost:41297|priority:0|startupRole:FOLLOWER, s2|rpc:localhost:36969|admin:localhost:37929|client:localhost:40489|dataStream:localhost:38077|priority:0|startupRole:FOLLOWER]|listeners:[], old=null RUNNING
  s1:  RUNNING    LEADER s1@group-6912872F20E7:t2, leader=s1, voted=s1, raftlog=Memoized:s1@group-6912872F20E7-SegmentedRaftLog:OPENED:c0, conf=0: peers:[s3|rpc:localhost:39579|admin:localhost:42243|client:localhost:33409|dataStream:localhost:46293|priority:0|startupRole:FOLLOWER, s4|rpc:localhost:45747|admin:localhost:35149|client:localhost:44435|dataStream:localhost:42993|priority:0|startupRole:FOLLOWER, s0|rpc:localhost:36179|admin:localhost:46501|client:localhost:36175|dataStream:localhost:33505|priority:0|startupRole:FOLLOWER, s1|rpc:localhost:36635|admin:localhost:41981|client:localhost:39775|dataStream:localhost:41297|priority:0|startupRole:FOLLOWER, s2|rpc:localhost:36969|admin:localhost:37929|client:localhost:40489|dataStream:localhost:38077|priority:0|startupRole:FOLLOWER]|listeners:[], old=null RUNNING
  s2:  RUNNING  FOLLOWER s2@group-6912872F20E7:t2, leader=s1, voted=s1, raftlog=Memoized:s2@group-6912872F20E7-SegmentedRaftLog:OPENED:c0, conf=0: peers:[s3|rpc:localhost:39579|admin:localhost:42243|client:localhost:33409|dataStream:localhost:46293|priority:0|startupRole:FOLLOWER, s4|rpc:localhost:45747|admin:localhost:35149|client:localhost:44435|dataStream:localhost:42993|priority:0|startupRole:FOLLOWER, s0|rpc:localhost:36179|admin:localhost:46501|client:localhost:36175|dataStream:localhost:33505|priority:0|startupRole:FOLLOWER, s1|rpc:localhost:36635|admin:localhost:41981|client:localhost:39775|dataStream:localhost:41297|priority:0|startupRole:FOLLOWER, s2|rpc:localhost:36969|admin:localhost:37929|client:localhost:40489|dataStream:localhost:38077|priority:0|startupRole:FOLLOWER]|listeners:[], old=null RUNNING
2022-10-24 03:16:14,088 [Time-limited test] INFO  grpc.TestLeaderElectionWithGrpc (LeaderElectionTests.java:testEnforceLeader(278)) - firstLeader = s1
2022-10-24 03:16:14,088 [Time-limited test] INFO  grpc.TestLeaderElectionWithGrpc (LeaderElectionTests.java:testEnforceLeader(283)) - enforce leader to s3
2022-10-24 03:16:14,089 [Time-limited test] INFO  grpc.TestLeaderElectionWithGrpc (LeaderElectionTests.java:enforceLeader(289)) - printing ALL groups
  s3:  RUNNING  FOLLOWER s3@group-6912872F20E7:t2, leader=s1, voted=null, raftlog=Memoized:s3@group-6912872F20E7-SegmentedRaftLog:OPENED:c0, conf=0: peers:[s3|rpc:localhost:39579|admin:localhost:42243|client:localhost:33409|dataStream:localhost:46293|priority:0|startupRole:FOLLOWER, s4|rpc:localhost:45747|admin:localhost:35149|client:localhost:44435|dataStream:localhost:42993|priority:0|startupRole:FOLLOWER, s0|rpc:localhost:36179|admin:localhost:46501|client:localhost:36175|dataStream:localhost:33505|priority:0|startupRole:FOLLOWER, s1|rpc:localhost:36635|admin:localhost:41981|client:localhost:39775|dataStream:localhost:41297|priority:0|startupRole:FOLLOWER, s2|rpc:localhost:36969|admin:localhost:37929|client:localhost:40489|dataStream:localhost:38077|priority:0|startupRole:FOLLOWER]|listeners:[], old=null RUNNING
  s4:  RUNNING  FOLLOWER s4@group-6912872F20E7:t2, leader=s1, voted=s1, raftlog=Memoized:s4@group-6912872F20E7-SegmentedRaftLog:OPENED:c0, conf=0: peers:[s3|rpc:localhost:39579|admin:localhost:42243|client:localhost:33409|dataStream:localhost:46293|priority:0|startupRole:FOLLOWER, s4|rpc:localhost:45747|admin:localhost:35149|client:localhost:44435|dataStream:localhost:42993|priority:0|startupRole:FOLLOWER, s0|rpc:localhost:36179|admin:localhost:46501|client:localhost:36175|dataStream:localhost:33505|priority:0|startupRole:FOLLOWER, s1|rpc:localhost:36635|admin:localhost:41981|client:localhost:39775|dataStream:localhost:41297|priority:0|startupRole:FOLLOWER, s2|rpc:localhost:36969|admin:localhost:37929|client:localhost:40489|dataStream:localhost:38077|priority:0|startupRole:FOLLOWER]|listeners:[], old=null RUNNING
  s0:  RUNNING  FOLLOWER s0@group-6912872F20E7:t2, leader=s1, voted=s1, raftlog=Memoized:s0@group-6912872F20E7-SegmentedRaftLog:OPENED:c0, conf=0: peers:[s3|rpc:localhost:39579|admin:localhost:42243|client:localhost:33409|dataStream:localhost:46293|priority:0|startupRole:FOLLOWER, s4|rpc:localhost:45747|admin:localhost:35149|client:localhost:44435|dataStream:localhost:42993|priority:0|startupRole:FOLLOWER, s0|rpc:localhost:36179|admin:localhost:46501|client:localhost:36175|dataStream:localhost:33505|priority:0|startupRole:FOLLOWER, s1|rpc:localhost:36635|admin:localhost:41981|client:localhost:39775|dataStream:localhost:41297|priority:0|startupRole:FOLLOWER, s2|rpc:localhost:36969|admin:localhost:37929|client:localhost:40489|dataStream:localhost:38077|priority:0|startupRole:FOLLOWER]|listeners:[], old=null RUNNING
  s1:  RUNNING    LEADER s1@group-6912872F20E7:t2, leader=s1, voted=s1, raftlog=Memoized:s1@group-6912872F20E7-SegmentedRaftLog:OPENED:c0, conf=0: peers:[s3|rpc:localhost:39579|admin:localhost:42243|client:localhost:33409|dataStream:localhost:46293|priority:0|startupRole:FOLLOWER, s4|rpc:localhost:45747|admin:localhost:35149|client:localhost:44435|dataStream:localhost:42993|priority:0|startupRole:FOLLOWER, s0|rpc:localhost:36179|admin:localhost:46501|client:localhost:36175|dataStream:localhost:33505|priority:0|startupRole:FOLLOWER, s1|rpc:localhost:36635|admin:localhost:41981|client:localhost:39775|dataStream:localhost:41297|priority:0|startupRole:FOLLOWER, s2|rpc:localhost:36969|admin:localhost:37929|client:localhost:40489|dataStream:localhost:38077|priority:0|startupRole:FOLLOWER]|listeners:[], old=null RUNNING
  s2:  RUNNING  FOLLOWER s2@group-6912872F20E7:t2, leader=s1, voted=s1, raftlog=Memoized:s2@group-6912872F20E7-SegmentedRaftLog:OPENED:c0, conf=0: peers:[s3|rpc:localhost:39579|admin:localhost:42243|client:localhost:33409|dataStream:localhost:46293|priority:0|startupRole:FOLLOWER, s4|rpc:localhost:45747|admin:localhost:35149|client:localhost:44435|dataStream:localhost:42993|priority:0|startupRole:FOLLOWER, s0|rpc:localhost:36179|admin:localhost:46501|client:localhost:36175|dataStream:localhost:33505|priority:0|startupRole:FOLLOWER, s1|rpc:localhost:36635|admin:localhost:41981|client:localhost:39775|dataStream:localhost:41297|priority:0|startupRole:FOLLOWER, s2|rpc:localhost:36969|admin:localhost:37929|client:localhost:40489|dataStream:localhost:38077|priority:0|startupRole:FOLLOWER]|listeners:[], old=null RUNNING
2022-10-24 03:16:14,089 [grpc-default-executor-34] INFO  server.GrpcLogAppender (GrpcLogAppender.java:onCompleted(413)) - s3@group-6912872F20E7->s1-AppendLogResponseHandler: follower responses appendEntries COMPLETED
2022-10-24 03:16:14,089 [grpc-default-executor-34] INFO  leader.FollowerInfo (FollowerInfoImpl.java:lambda$new$0(48)) - s3@group-6912872F20E7->s1: nextIndex: updateUnconditionally 0 -> 0
2022-10-24 03:16:14,090 [Time-limited test] INFO  server.RaftServerConfigKeys (ConfUtils.java:logGet(46)) - raft.server.rpc.timeout.max = 300ms (default)
2022-10-24 03:16:14,160 [s1@group-6912872F20E7->s3-GrpcLogAppender-LogAppenderDaemon] INFO  util.CodeInjectionForTesting (DelayLocalExecutionInjection.java:execute(65)) - s1 delay 150 ms, args=[serverRequest {
  requestorId: "s1"
  replyId: "s3"
  raftGroupId {
    id: "\226\001\321s\341\rE_\235\364i\022\207/ \347"
  }
  callId: 8
  slidingWindowEntry {
  }
}
leaderTerm: 2
previousLog {
  term: 2
}
initializing: true
commitInfos {
  server {
    id: "s1"
    address: "localhost:36635"
    dataStreamAddress: "localhost:41297"
    clientAddress: "localhost:39775"
    adminAddress: "localhost:41981"
    startupRole: FOLLOWER
  }
}
commitInfos {
  server {
    id: "s3"
    address: "localhost:39579"
    dataStreamAddress: "localhost:46293"
    clientAddress: "localhost:33409"
    adminAddress: "localhost:42243"
    startupRole: FOLLOWER
  }
}
commitInfos {
  server {
    id: "s4"
    address: "localhost:45747"
    dataStreamAddress: "localhost:42993"
    clientAddress: "localhost:44435"
    adminAddress: "localhost:35149"
    startupRole: FOLLOWER
  }
}
commitInfos {
  server {
    id: "s0"
    address: "localhost:36179"
    dataStreamAddress: "localhost:33505"
    clientAddress: "localhost:36175"
    adminAddress: "localhost:46501"
    startupRole: FOLLOWER
  }
}
commitInfos {
  server {
    id: "s2"
    address: "localhost:36969"
    dataStreamAddress: "localhost:38077"
    clientAddress: "localhost:40489"
    adminAddress: "localhost:37929"
    startupRole: FOLLOWER
  }
}
]
2022-10-24 03:16:14,167 [s1@group-6912872F20E7->s0-GrpcLogAppender-LogAppenderDaemon] INFO  util.CodeInjectionForTesting (DelayLocalExecutionInjection.java:execute(65)) - s1 delay 150 ms, args=[serverRequest {
  requestorId: "s1"
  replyId: "s0"
  raftGroupId {
    id: "\226\001\321s\341\rE_\235\364i\022\207/ \347"
  }
  callId: 6
  slidingWindowEntry {
  }
}
leaderTerm: 2
previousLog {
  term: 2
}
initializing: true
commitInfos {
  server {
    id: "s1"
    address: "localhost:36635"
    dataStreamAddress: "localhost:41297"
    clientAddress: "localhost:39775"
    adminAddress: "localhost:41981"
    startupRole: FOLLOWER
  }
}
commitInfos {
  server {
    id: "s3"
    address: "localhost:39579"
    dataStreamAddress: "localhost:46293"
    clientAddress: "localhost:33409"
    adminAddress: "localhost:42243"
    startupRole: FOLLOWER
  }
}
commitInfos {
  server {
    id: "s4"
    address: "localhost:45747"
    dataStreamAddress: "localhost:42993"
    clientAddress: "localhost:44435"
    adminAddress: "localhost:35149"
    startupRole: FOLLOWER
  }
}
commitInfos {
  server {
    id: "s0"
    address: "localhost:36179"
    dataStreamAddress: "localhost:33505"
    clientAddress: "localhost:36175"
    adminAddress: "localhost:46501"
    startupRole: FOLLOWER
  }
}
commitInfos {
  server {
    id: "s2"
    address: "localhost:36969"
    dataStreamAddress: "localhost:38077"
    clientAddress: "localhost:40489"
    adminAddress: "localhost:37929"
    startupRole: FOLLOWER
  }
}
]
2022-10-24 03:16:14,169 [s1@group-6912872F20E7->s4-GrpcLogAppender-LogAppenderDaemon] INFO  util.CodeInjectionForTesting (DelayLocalExecutionInjection.java:execute(65)) - s1 delay 150 ms, args=[serverRequest {
  requestorId: "s1"
  replyId: "s4"
  raftGroupId {
    id: "\226\001\321s\341\rE_\235\364i\022\207/ \347"
  }
  callId: 5
  slidingWindowEntry {
  }
}
leaderTerm: 2
previousLog {
  term: 2
}
initializing: true
commitInfos {
  server {
    id: "s1"
    address: "localhost:36635"
    dataStreamAddress: "localhost:41297"
    clientAddress: "localhost:39775"
    adminAddress: "localhost:41981"
    startupRole: FOLLOWER
  }
}
commitInfos {
  server {
    id: "s3"
    address: "localhost:39579"
    dataStreamAddress: "localhost:46293"
    clientAddress: "localhost:33409"
    adminAddress: "localhost:42243"
    startupRole: FOLLOWER
  }
}
commitInfos {
  server {
    id: "s4"
    address: "localhost:45747"
    dataStreamAddress: "localhost:42993"
    clientAddress: "localhost:44435"
    adminAddress: "localhost:35149"
    startupRole: FOLLOWER
  }
}
commitInfos {
  server {
    id: "s0"
    address: "localhost:36179"
    dataStreamAddress: "localhost:33505"
    clientAddress: "localhost:36175"
    adminAddress: "localhost:46501"
    startupRole: FOLLOWER
  }
}
commitInfos {
  server {
    id: "s2"
    address: "localhost:36969"
    dataStreamAddress: "localhost:38077"
    clientAddress: "localhost:40489"
    adminAddress: "localhost:37929"
    startupRole: FOLLOWER
  }
}
]
2022-10-24 03:16:14,170 [s1@group-6912872F20E7->s2-GrpcLogAppender-LogAppenderDaemon] INFO  util.CodeInjectionForTesting (DelayLocalExecutionInjection.java:execute(65)) - s1 delay 150 ms, args=[serverRequest {
  requestorId: "s1"
  replyId: "s2"
  raftGroupId {
    id: "\226\001\321s\341\rE_\235\364i\022\207/ \347"
  }
  callId: 5
  slidingWindowEntry {
  }
}
leaderTerm: 2
previousLog {
  term: 2
}
initializing: true
commitInfos {
  server {
    id: "s1"
    address: "localhost:36635"
    dataStreamAddress: "localhost:41297"
    clientAddress: "localhost:39775"
    adminAddress: "localhost:41981"
    startupRole: FOLLOWER
  }
}
commitInfos {
  server {
    id: "s3"
    address: "localhost:39579"
    dataStreamAddress: "localhost:46293"
    clientAddress: "localhost:33409"
    adminAddress: "localhost:42243"
    startupRole: FOLLOWER
  }
}
commitInfos {
  server {
    id: "s4"
    address: "localhost:45747"
    dataStreamAddress: "localhost:42993"
    clientAddress: "localhost:44435"
    adminAddress: "localhost:35149"
    startupRole: FOLLOWER
  }
}
commitInfos {
  server {
    id: "s0"
    address: "localhost:36179"
    dataStreamAddress: "localhost:33505"
    clientAddress: "localhost:36175"
    adminAddress: "localhost:46501"
    startupRole: FOLLOWER
  }
}
commitInfos {
  server {
    id: "s2"
    address: "localhost:36969"
    dataStreamAddress: "localhost:38077"
    clientAddress: "localhost:40489"
    adminAddress: "localhost:37929"
    startupRole: FOLLOWER
  }
}
]
2022-10-24 03:16:14,312 [s3-server-thread3] INFO  util.CodeInjectionForTesting (BlockRequestHandlingInjection.java:execute(77)) - s3: Block request from s1
2022-10-24 03:16:14,350 [s1@group-6912872F20E7->s3-GrpcLogAppender-LogAppenderDaemon] INFO  util.CodeInjectionForTesting (DelayLocalExecutionInjection.java:execute(65)) - s1 delay 150 ms, args=[serverRequest {
  requestorId: "s1"
  replyId: "s3"
  raftGroupId {
    id: "\226\001\321s\341\rE_\235\364i\022\207/ \347"
  }
  callId: 9
  slidingWindowEntry {
  }
}
leaderTerm: 2
previousLog {
  term: 2
}
initializing: true
commitInfos {
  server {
    id: "s1"
    address: "localhost:36635"
    dataStreamAddress: "localhost:41297"
    clientAddress: "localhost:39775"
    adminAddress: "localhost:41981"
    startupRole: FOLLOWER
  }
}
commitInfos {
  server {
    id: "s3"
    address: "localhost:39579"
    dataStreamAddress: "localhost:46293"
    clientAddress: "localhost:33409"
    adminAddress: "localhost:42243"
    startupRole: FOLLOWER
  }
}
commitInfos {
  server {
    id: "s4"
    address: "localhost:45747"
    dataStreamAddress: "localhost:42993"
    clientAddress: "localhost:44435"
    adminAddress: "localhost:35149"
    startupRole: FOLLOWER
  }
}
commitInfos {
  server {
    id: "s0"
    address: "localhost:36179"
    dataStreamAddress: "localhost:33505"
    clientAddress: "localhost:36175"
    adminAddress: "localhost:46501"
    startupRole: FOLLOWER
  }
}
commitInfos {
  server {
    id: "s2"
    address: "localhost:36969"
    dataStreamAddress: "localhost:38077"
    clientAddress: "localhost:40489"
    adminAddress: "localhost:37929"
    startupRole: FOLLOWER
  }
}
]
2022-10-24 03:16:14,391 [s3@group-6912872F20E7-FollowerState] INFO  impl.FollowerState (FollowerState.java:run(143)) - s3@group-6912872F20E7-FollowerState: change to CANDIDATE, lastRpcElapsedTime:333815397ns, electionTimeout:199ms
2022-10-24 03:16:14,391 [s3@group-6912872F20E7-FollowerState] INFO  impl.RoleInfo (RoleInfo.java:shutdownFollowerState(110)) - s3: shutdown s3@group-6912872F20E7-FollowerState
2022-10-24 03:16:14,391 [s3@group-6912872F20E7-FollowerState] INFO  server.RaftServer$Division (RaftServerImpl.java:setRole(325)) - s3@group-6912872F20E7: changes role from  FOLLOWER to CANDIDATE at term 2 for changeToCandidate
2022-10-24 03:16:14,391 [s3@group-6912872F20E7-FollowerState] INFO  server.RaftServerConfigKeys (ConfUtils.java:logGet(46)) - raft.server.leaderelection.pre-vote = true (default)
2022-10-24 03:16:14,391 [s3@group-6912872F20E7-FollowerState] INFO  impl.RoleInfo (RoleInfo.java:updateAndGet(139)) - s3: start s3@group-6912872F20E7-LeaderElection7
2022-10-24 03:16:14,392 [s3@group-6912872F20E7-LeaderElection7] INFO  server.RaftServer$Division (ServerState.java:setLeader(259)) - s3@group-6912872F20E7: change Leader from s1 to null at term 2 for PRE_VOTE
2022-10-24 03:16:14,392 [s3@group-6912872F20E7-LeaderElection7] INFO  impl.LeaderElection (LeaderElection.java:askForVotes(309)) - s3@group-6912872F20E7-LeaderElection7 PRE_VOTE round 0: submit vote requests at term 2 for 0: peers:[s3|rpc:localhost:39579|admin:localhost:42243|client:localhost:33409|dataStream:localhost:46293|priority:0|startupRole:FOLLOWER, s4|rpc:localhost:45747|admin:localhost:35149|client:localhost:44435|dataStream:localhost:42993|priority:0|startupRole:FOLLOWER, s0|rpc:localhost:36179|admin:localhost:46501|client:localhost:36175|dataStream:localhost:33505|priority:0|startupRole:FOLLOWER, s1|rpc:localhost:36635|admin:localhost:41981|client:localhost:39775|dataStream:localhost:41297|priority:0|startupRole:FOLLOWER, s2|rpc:localhost:36969|admin:localhost:37929|client:localhost:40489|dataStream:localhost:38077|priority:0|startupRole:FOLLOWER]|listeners:[], old=null
2022-10-24 03:16:14,396 [s1@group-6912872F20E7->s0-GrpcLogAppender-LogAppenderDaemon] INFO  util.CodeInjectionForTesting (DelayLocalExecutionInjection.java:execute(65)) - s1 delay 150 ms, args=[serverRequest {
  requestorId: "s1"
  replyId: "s0"
  raftGroupId {
    id: "\226\001\321s\341\rE_\235\364i\022\207/ \347"
  }
  callId: 7
  slidingWindowEntry {
  }
}
leaderTerm: 2
previousLog {
  term: 2
}
initializing: true
commitInfos {
  server {
    id: "s1"
    address: "localhost:36635"
    dataStreamAddress: "localhost:41297"
    clientAddress: "localhost:39775"
    adminAddress: "localhost:41981"
    startupRole: FOLLOWER
  }
}
commitInfos {
  server {
    id: "s3"
    address: "localhost:39579"
    dataStreamAddress: "localhost:46293"
    clientAddress: "localhost:33409"
    adminAddress: "localhost:42243"
    startupRole: FOLLOWER
  }
}
commitInfos {
  server {
    id: "s4"
    address: "localhost:45747"
    dataStreamAddress: "localhost:42993"
    clientAddress: "localhost:44435"
    adminAddress: "localhost:35149"
    startupRole: FOLLOWER
  }
}
commitInfos {
  server {
    id: "s0"
    address: "localhost:36179"
    dataStreamAddress: "localhost:33505"
    clientAddress: "localhost:36175"
    adminAddress: "localhost:46501"
    startupRole: FOLLOWER
  }
}
commitInfos {
  server {
    id: "s2"
    address: "localhost:36969"
    dataStreamAddress: "localhost:38077"
    clientAddress: "localhost:40489"
    adminAddress: "localhost:37929"
    startupRole: FOLLOWER
  }
}
]
2022-10-24 03:16:14,397 [s1@group-6912872F20E7->s4-GrpcLogAppender-LogAppenderDaemon] INFO  util.CodeInjectionForTesting (DelayLocalExecutionInjection.java:execute(65)) - s1 delay 150 ms, args=[serverRequest {
  requestorId: "s1"
  replyId: "s4"
  raftGroupId {
    id: "\226\001\321s\341\rE_\235\364i\022\207/ \347"
  }
  callId: 6
  slidingWindowEntry {
  }
}
leaderTerm: 2
previousLog {
  term: 2
}
initializing: true
commitInfos {
  server {
    id: "s1"
    address: "localhost:36635"
    dataStreamAddress: "localhost:41297"
    clientAddress: "localhost:39775"
    adminAddress: "localhost:41981"
    startupRole: FOLLOWER
  }
}
commitInfos {
  server {
    id: "s3"
    address: "localhost:39579"
    dataStreamAddress: "localhost:46293"
    clientAddress: "localhost:33409"
    adminAddress: "localhost:42243"
    startupRole: FOLLOWER
  }
}
commitInfos {
  server {
    id: "s4"
    address: "localhost:45747"
    dataStreamAddress: "localhost:42993"
    clientAddress: "localhost:44435"
    adminAddress: "localhost:35149"
    startupRole: FOLLOWER
  }
}
commitInfos {
  server {
    id: "s0"
    address: "localhost:36179"
    dataStreamAddress: "localhost:33505"
    clientAddress: "localhost:36175"
    adminAddress: "localhost:46501"
    startupRole: FOLLOWER
  }
}
commitInfos {
  server {
    id: "s2"
    address: "localhost:36969"
    dataStreamAddress: "localhost:38077"
    clientAddress: "localhost:40489"
    adminAddress: "localhost:37929"
    startupRole: FOLLOWER
  }
}
]
2022-10-24 03:16:14,398 [grpc-default-executor-34] INFO  server.RaftServer$Division (RaftServerImpl.java:requestVote(1291)) - s4@group-6912872F20E7: receive requestVote(PRE_VOTE, s3, group-6912872F20E7, 2, (t:1, i:0))
2022-10-24 03:16:14,399 [grpc-default-executor-34] INFO  impl.VoteContext (VoteContext.java:log(49)) - s4@group-6912872F20E7-FOLLOWER: reject PRE_VOTE from s3: this server is a follower and still has a valid leader s1
2022-10-24 03:16:14,399 [grpc-default-executor-34] INFO  server.RaftServer$Division (RaftServerImpl.java:requestVote(1324)) - s4@group-6912872F20E7 replies to PRE_VOTE vote request: s3<-s4#0:FAIL-t2. Peer's state: s4@group-6912872F20E7:t2, leader=s1, voted=s1, raftlog=Memoized:s4@group-6912872F20E7-SegmentedRaftLog:OPENED:c0, conf=0: peers:[s3|rpc:localhost:39579|admin:localhost:42243|client:localhost:33409|dataStream:localhost:46293|priority:0|startupRole:FOLLOWER, s4|rpc:localhost:45747|admin:localhost:35149|client:localhost:44435|dataStream:localhost:42993|priority:0|startupRole:FOLLOWER, s0|rpc:localhost:36179|admin:localhost:46501|client:localhost:36175|dataStream:localhost:33505|priority:0|startupRole:FOLLOWER, s1|rpc:localhost:36635|admin:localhost:41981|client:localhost:39775|dataStream:localhost:41297|priority:0|startupRole:FOLLOWER, s2|rpc:localhost:36969|admin:localhost:37929|client:localhost:40489|dataStream:localhost:38077|priority:0|startupRole:FOLLOWER]|listeners:[], old=null
2022-10-24 03:16:14,400 [s1@group-6912872F20E7->s2-GrpcLogAppender-LogAppenderDaemon] INFO  util.CodeInjectionForTesting (DelayLocalExecutionInjection.java:execute(65)) - s1 delay 150 ms, args=[serverRequest {
  requestorId: "s1"
  replyId: "s2"
  raftGroupId {
    id: "\226\001\321s\341\rE_\235\364i\022\207/ \347"
  }
  callId: 6
  slidingWindowEntry {
  }
}
leaderTerm: 2
previousLog {
  term: 2
}
initializing: true
commitInfos {
  server {
    id: "s1"
    address: "localhost:36635"
    dataStreamAddress: "localhost:41297"
    clientAddress: "localhost:39775"
    adminAddress: "localhost:41981"
    startupRole: FOLLOWER
  }
}
commitInfos {
  server {
    id: "s3"
    address: "localhost:39579"
    dataStreamAddress: "localhost:46293"
    clientAddress: "localhost:33409"
    adminAddress: "localhost:42243"
    startupRole: FOLLOWER
  }
}
commitInfos {
  server {
    id: "s4"
    address: "localhost:45747"
    dataStreamAddress: "localhost:42993"
    clientAddress: "localhost:44435"
    adminAddress: "localhost:35149"
    startupRole: FOLLOWER
  }
}
commitInfos {
  server {
    id: "s0"
    address: "localhost:36179"
    dataStreamAddress: "localhost:33505"
    clientAddress: "localhost:36175"
    adminAddress: "localhost:46501"
    startupRole: FOLLOWER
  }
}
commitInfos {
  server {
    id: "s2"
    address: "localhost:36969"
    dataStreamAddress: "localhost:38077"
    clientAddress: "localhost:40489"
    adminAddress: "localhost:37929"
    startupRole: FOLLOWER
  }
}
]
2022-10-24 03:16:14,411 [grpc-default-executor-34] INFO  server.RaftServer$Division (RaftServerImpl.java:requestVote(1291)) - s0@group-6912872F20E7: receive requestVote(PRE_VOTE, s3, group-6912872F20E7, 2, (t:1, i:0))
2022-10-24 03:16:14,411 [grpc-default-executor-34] INFO  impl.VoteContext (VoteContext.java:log(49)) - s0@group-6912872F20E7-FOLLOWER: reject PRE_VOTE from s3: this server is a follower and still has a valid leader s1
2022-10-24 03:16:14,411 [grpc-default-executor-34] INFO  server.RaftServer$Division (RaftServerImpl.java:requestVote(1324)) - s0@group-6912872F20E7 replies to PRE_VOTE vote request: s3<-s0#0:FAIL-t2. Peer's state: s0@group-6912872F20E7:t2, leader=s1, voted=s1, raftlog=Memoized:s0@group-6912872F20E7-SegmentedRaftLog:OPENED:c0, conf=0: peers:[s3|rpc:localhost:39579|admin:localhost:42243|client:localhost:33409|dataStream:localhost:46293|priority:0|startupRole:FOLLOWER, s4|rpc:localhost:45747|admin:localhost:35149|client:localhost:44435|dataStream:localhost:42993|priority:0|startupRole:FOLLOWER, s0|rpc:localhost:36179|admin:localhost:46501|client:localhost:36175|dataStream:localhost:33505|priority:0|startupRole:FOLLOWER, s1|rpc:localhost:36635|admin:localhost:41981|client:localhost:39775|dataStream:localhost:41297|priority:0|startupRole:FOLLOWER, s2|rpc:localhost:36969|admin:localhost:37929|client:localhost:40489|dataStream:localhost:38077|priority:0|startupRole:FOLLOWER]|listeners:[], old=null
2022-10-24 03:16:14,415 [grpc-default-executor-34] INFO  server.RaftServer$Division (RaftServerImpl.java:requestVote(1291)) - s1@group-6912872F20E7: receive requestVote(PRE_VOTE, s3, group-6912872F20E7, 2, (t:1, i:0))
2022-10-24 03:16:14,415 [grpc-default-executor-34] INFO  impl.VoteContext (VoteContext.java:log(49)) - s1@group-6912872F20E7-LEADER: reject PRE_VOTE from s3: this server is the leader and still has leadership
2022-10-24 03:16:14,415 [grpc-default-executor-34] INFO  server.RaftServer$Division (RaftServerImpl.java:requestVote(1324)) - s1@group-6912872F20E7 replies to PRE_VOTE vote request: s3<-s1#0:FAIL-t2. Peer's state: s1@group-6912872F20E7:t2, leader=s1, voted=s1, raftlog=Memoized:s1@group-6912872F20E7-SegmentedRaftLog:OPENED:c0, conf=0: peers:[s3|rpc:localhost:39579|admin:localhost:42243|client:localhost:33409|dataStream:localhost:46293|priority:0|startupRole:FOLLOWER, s4|rpc:localhost:45747|admin:localhost:35149|client:localhost:44435|dataStream:localhost:42993|priority:0|startupRole:FOLLOWER, s0|rpc:localhost:36179|admin:localhost:46501|client:localhost:36175|dataStream:localhost:33505|priority:0|startupRole:FOLLOWER, s1|rpc:localhost:36635|admin:localhost:41981|client:localhost:39775|dataStream:localhost:41297|priority:0|startupRole:FOLLOWER, s2|rpc:localhost:36969|admin:localhost:37929|client:localhost:40489|dataStream:localhost:38077|priority:0|startupRole:FOLLOWER]|listeners:[], old=null
2022-10-24 03:16:14,417 [grpc-default-executor-34] INFO  server.RaftServer$Division (RaftServerImpl.java:requestVote(1291)) - s2@group-6912872F20E7: receive requestVote(PRE_VOTE, s3, group-6912872F20E7, 2, (t:1, i:0))
2022-10-24 03:16:14,417 [grpc-default-executor-34] INFO  impl.VoteContext (VoteContext.java:log(49)) - s2@group-6912872F20E7-FOLLOWER: reject PRE_VOTE from s3: this server is a follower and still has a valid leader s1
2022-10-24 03:16:14,417 [grpc-default-executor-34] INFO  server.RaftServer$Division (RaftServerImpl.java:requestVote(1324)) - s2@group-6912872F20E7 replies to PRE_VOTE vote request: s3<-s2#0:FAIL-t2. Peer's state: s2@group-6912872F20E7:t2, leader=s1, voted=s1, raftlog=Memoized:s2@group-6912872F20E7-SegmentedRaftLog:OPENED:c0, conf=0: peers:[s3|rpc:localhost:39579|admin:localhost:42243|client:localhost:33409|dataStream:localhost:46293|priority:0|startupRole:FOLLOWER, s4|rpc:localhost:45747|admin:localhost:35149|client:localhost:44435|dataStream:localhost:42993|priority:0|startupRole:FOLLOWER, s0|rpc:localhost:36179|admin:localhost:46501|client:localhost:36175|dataStream:localhost:33505|priority:0|startupRole:FOLLOWER, s1|rpc:localhost:36635|admin:localhost:41981|client:localhost:39775|dataStream:localhost:41297|priority:0|startupRole:FOLLOWER, s2|rpc:localhost:36969|admin:localhost:37929|client:localhost:40489|dataStream:localhost:38077|priority:0|startupRole:FOLLOWER]|listeners:[], old=null
2022-10-24 03:16:14,419 [s3@group-6912872F20E7-LeaderElection7] INFO  impl.LeaderElection (LeaderElection.java:logAndReturn(89)) - s3@group-6912872F20E7-LeaderElection7: PRE_VOTE REJECTED received 3 response(s) and 0 exception(s):
2022-10-24 03:16:14,419 [s3@group-6912872F20E7-LeaderElection7] INFO  impl.LeaderElection (LeaderElection.java:logAndReturn(93)) -   Response 0: s3<-s4#0:FAIL-t2
2022-10-24 03:16:14,419 [s3@group-6912872F20E7-LeaderElection7] INFO  impl.LeaderElection (LeaderElection.java:logAndReturn(93)) -   Response 1: s3<-s0#0:FAIL-t2
2022-10-24 03:16:14,419 [s3@group-6912872F20E7-LeaderElection7] INFO  impl.LeaderElection (LeaderElection.java:logAndReturn(93)) -   Response 2: s3<-s1#0:FAIL-t2
2022-10-24 03:16:14,419 [s3@group-6912872F20E7-LeaderElection7] INFO  impl.LeaderElection (LeaderElection.java:askForVotes(311)) - s3@group-6912872F20E7-LeaderElection7 PRE_VOTE round 0: result REJECTED
2022-10-24 03:16:14,419 [s3@group-6912872F20E7-LeaderElection7] INFO  server.RaftServer$Division (RaftServerImpl.java:setRole(325)) - s3@group-6912872F20E7: changes role from CANDIDATE to FOLLOWER at term 2 for REJECTED
2022-10-24 03:16:14,419 [s3@group-6912872F20E7-LeaderElection7] INFO  impl.RoleInfo (RoleInfo.java:shutdownLeaderElection(130)) - s3: shutdown s3@group-6912872F20E7-LeaderElection7
2022-10-24 03:16:14,419 [s3@group-6912872F20E7-LeaderElection7] INFO  impl.RoleInfo (RoleInfo.java:updateAndGet(139)) - s3: start s3@group-6912872F20E7-FollowerState
2022-10-24 03:16:14,538 [s1@group-6912872F20E7->s3-GrpcLogAppender-LogAppenderDaemon] INFO  util.CodeInjectionForTesting (DelayLocalExecutionInjection.java:execute(65)) - s1 delay 150 ms, args=[serverRequest {
  requestorId: "s1"
  replyId: "s3"
  raftGroupId {
    id: "\226\001\321s\341\rE_\235\364i\022\207/ \347"
  }
  callId: 10
  slidingWindowEntry {
  }
}
leaderTerm: 2
previousLog {
  term: 2
}
initializing: true
commitInfos {
  server {
    id: "s1"
    address: "localhost:36635"
    dataStreamAddress: "localhost:41297"
    clientAddress: "localhost:39775"
    adminAddress: "localhost:41981"
    startupRole: FOLLOWER
  }
}
commitInfos {
  server {
    id: "s3"
    address: "localhost:39579"
    dataStreamAddress: "localhost:46293"
    clientAddress: "localhost:33409"
    adminAddress: "localhost:42243"
    startupRole: FOLLOWER
  }
}
commitInfos {
  server {
    id: "s4"
    address: "localhost:45747"
    dataStreamAddress: "localhost:42993"
    clientAddress: "localhost:44435"
    adminAddress: "localhost:35149"
    startupRole: FOLLOWER
  }
}
commitInfos {
  server {
    id: "s0"
    address: "localhost:36179"
    dataStreamAddress: "localhost:33505"
    clientAddress: "localhost:36175"
    adminAddress: "localhost:46501"
    startupRole: FOLLOWER
  }
}
commitInfos {
  server {
    id: "s2"
    address: "localhost:36969"
    dataStreamAddress: "localhost:38077"
    clientAddress: "localhost:40489"
    adminAddress: "localhost:37929"
    startupRole: FOLLOWER
  }
}
]
2022-10-24 03:16:14,624 [s1@group-6912872F20E7->s0-GrpcLogAppender-LogAppenderDaemon] INFO  util.CodeInjectionForTesting (DelayLocalExecutionInjection.java:execute(65)) - s1 delay 150 ms, args=[serverRequest {
  requestorId: "s1"
  replyId: "s0"
  raftGroupId {
    id: "\226\001\321s\341\rE_\235\364i\022\207/ \347"
  }
  callId: 8
  slidingWindowEntry {
  }
}
leaderTerm: 2
previousLog {
  term: 2
}
initializing: true
commitInfos {
  server {
    id: "s1"
    address: "localhost:36635"
    dataStreamAddress: "localhost:41297"
    clientAddress: "localhost:39775"
    adminAddress: "localhost:41981"
    startupRole: FOLLOWER
  }
}
commitInfos {
  server {
    id: "s3"
    address: "localhost:39579"
    dataStreamAddress: "localhost:46293"
    clientAddress: "localhost:33409"
    adminAddress: "localhost:42243"
    startupRole: FOLLOWER
  }
}
commitInfos {
  server {
    id: "s4"
    address: "localhost:45747"
    dataStreamAddress: "localhost:42993"
    clientAddress: "localhost:44435"
    adminAddress: "localhost:35149"
    startupRole: FOLLOWER
  }
}
commitInfos {
  server {
    id: "s0"
    address: "localhost:36179"
    dataStreamAddress: "localhost:33505"
    clientAddress: "localhost:36175"
    adminAddress: "localhost:46501"
    startupRole: FOLLOWER
  }
}
commitInfos {
  server {
    id: "s2"
    address: "localhost:36969"
    dataStreamAddress: "localhost:38077"
    clientAddress: "localhost:40489"
    adminAddress: "localhost:37929"
    startupRole: FOLLOWER
  }
}
]
2022-10-24 03:16:14,625 [s1@group-6912872F20E7->s4-GrpcLogAppender-LogAppenderDaemon] INFO  util.CodeInjectionForTesting (DelayLocalExecutionInjection.java:execute(65)) - s1 delay 150 ms, args=[serverRequest {
  requestorId: "s1"
  replyId: "s4"
  raftGroupId {
    id: "\226\001\321s\341\rE_\235\364i\022\207/ \347"
  }
  callId: 7
  slidingWindowEntry {
  }
}
leaderTerm: 2
previousLog {
  term: 2
}
initializing: true
commitInfos {
  server {
    id: "s1"
    address: "localhost:36635"
    dataStreamAddress: "localhost:41297"
    clientAddress: "localhost:39775"
    adminAddress: "localhost:41981"
    startupRole: FOLLOWER
  }
}
commitInfos {
  server {
    id: "s3"
    address: "localhost:39579"
    dataStreamAddress: "localhost:46293"
    clientAddress: "localhost:33409"
    adminAddress: "localhost:42243"
    startupRole: FOLLOWER
  }
}
commitInfos {
  server {
    id: "s4"
    address: "localhost:45747"
    dataStreamAddress: "localhost:42993"
    clientAddress: "localhost:44435"
    adminAddress: "localhost:35149"
    startupRole: FOLLOWER
  }
}
commitInfos {
  server {
    id: "s0"
    address: "localhost:36179"
    dataStreamAddress: "localhost:33505"
    clientAddress: "localhost:36175"
    adminAddress: "localhost:46501"
    startupRole: FOLLOWER
  }
}
commitInfos {
  server {
    id: "s2"
    address: "localhost:36969"
    dataStreamAddress: "localhost:38077"
    clientAddress: "localhost:40489"
    adminAddress: "localhost:37929"
    startupRole: FOLLOWER
  }
}
]
2022-10-24 03:16:14,628 [s1@group-6912872F20E7->s2-GrpcLogAppender-LogAppenderDaemon] INFO  util.CodeInjectionForTesting (DelayLocalExecutionInjection.java:execute(65)) - s1 delay 150 ms, args=[serverRequest {
  requestorId: "s1"
  replyId: "s2"
  raftGroupId {
    id: "\226\001\321s\341\rE_\235\364i\022\207/ \347"
  }
  callId: 7
  slidingWindowEntry {
  }
}
leaderTerm: 2
previousLog {
  term: 2
}
initializing: true
commitInfos {
  server {
    id: "s1"
    address: "localhost:36635"
    dataStreamAddress: "localhost:41297"
    clientAddress: "localhost:39775"
    adminAddress: "localhost:41981"
    startupRole: FOLLOWER
  }
}
commitInfos {
  server {
    id: "s3"
    address: "localhost:39579"
    dataStreamAddress: "localhost:46293"
    clientAddress: "localhost:33409"
    adminAddress: "localhost:42243"
    startupRole: FOLLOWER
  }
}
commitInfos {
  server {
    id: "s4"
    address: "localhost:45747"
    dataStreamAddress: "localhost:42993"
    clientAddress: "localhost:44435"
    adminAddress: "localhost:35149"
    startupRole: FOLLOWER
  }
}
commitInfos {
  server {
    id: "s0"
    address: "localhost:36179"
    dataStreamAddress: "localhost:33505"
    clientAddress: "localhost:36175"
    adminAddress: "localhost:46501"
    startupRole: FOLLOWER
  }
}
commitInfos {
  server {
    id: "s2"
    address: "localhost:36969"
    dataStreamAddress: "localhost:38077"
    clientAddress: "localhost:40489"
    adminAddress: "localhost:37929"
    startupRole: FOLLOWER
  }
}
]
2022-10-24 03:16:14,662 [s3@group-6912872F20E7-FollowerState] INFO  impl.FollowerState (FollowerState.java:run(143)) - s3@group-6912872F20E7-FollowerState: change to CANDIDATE, lastRpcElapsedTime:242589923ns, electionTimeout:236ms
2022-10-24 03:16:14,662 [s3@group-6912872F20E7-FollowerState] INFO  impl.RoleInfo (RoleInfo.java:shutdownFollowerState(110)) - s3: shutdown s3@group-6912872F20E7-FollowerState
2022-10-24 03:16:14,662 [s3@group-6912872F20E7-FollowerState] INFO  server.RaftServer$Division (RaftServerImpl.java:setRole(325)) - s3@group-6912872F20E7: changes role from  FOLLOWER to CANDIDATE at term 2 for changeToCandidate
2022-10-24 03:16:14,662 [s3@group-6912872F20E7-FollowerState] INFO  server.RaftServerConfigKeys (ConfUtils.java:logGet(46)) - raft.server.leaderelection.pre-vote = true (default)
2022-10-24 03:16:14,662 [s3@group-6912872F20E7-FollowerState] INFO  impl.RoleInfo (RoleInfo.java:updateAndGet(139)) - s3: start s3@group-6912872F20E7-LeaderElection8
2022-10-24 03:16:14,663 [s3@group-6912872F20E7-LeaderElection8] INFO  impl.LeaderElection (LeaderElection.java:askForVotes(309)) - s3@group-6912872F20E7-LeaderElection8 PRE_VOTE round 0: submit vote requests at term 2 for 0: peers:[s3|rpc:localhost:39579|admin:localhost:42243|client:localhost:33409|dataStream:localhost:46293|priority:0|startupRole:FOLLOWER, s4|rpc:localhost:45747|admin:localhost:35149|client:localhost:44435|dataStream:localhost:42993|priority:0|startupRole:FOLLOWER, s0|rpc:localhost:36179|admin:localhost:46501|client:localhost:36175|dataStream:localhost:33505|priority:0|startupRole:FOLLOWER, s1|rpc:localhost:36635|admin:localhost:41981|client:localhost:39775|dataStream:localhost:41297|priority:0|startupRole:FOLLOWER, s2|rpc:localhost:36969|admin:localhost:37929|client:localhost:40489|dataStream:localhost:38077|priority:0|startupRole:FOLLOWER]|listeners:[], old=null
2022-10-24 03:16:14,667 [grpc-default-executor-34] INFO  server.RaftServer$Division (RaftServerImpl.java:requestVote(1291)) - s1@group-6912872F20E7: receive requestVote(PRE_VOTE, s3, group-6912872F20E7, 2, (t:1, i:0))
2022-10-24 03:16:14,667 [grpc-default-executor-34] INFO  impl.VoteContext (VoteContext.java:log(49)) - s1@group-6912872F20E7-LEADER: reject PRE_VOTE from s3: this server is the leader and still has leadership
2022-10-24 03:16:14,667 [grpc-default-executor-34] INFO  server.RaftServer$Division (RaftServerImpl.java:requestVote(1324)) - s1@group-6912872F20E7 replies to PRE_VOTE vote request: s3<-s1#0:FAIL-t2. Peer's state: s1@group-6912872F20E7:t2, leader=s1, voted=s1, raftlog=Memoized:s1@group-6912872F20E7-SegmentedRaftLog:OPENED:c0, conf=0: peers:[s3|rpc:localhost:39579|admin:localhost:42243|client:localhost:33409|dataStream:localhost:46293|priority:0|startupRole:FOLLOWER, s4|rpc:localhost:45747|admin:localhost:35149|client:localhost:44435|dataStream:localhost:42993|priority:0|startupRole:FOLLOWER, s0|rpc:localhost:36179|admin:localhost:46501|client:localhost:36175|dataStream:localhost:33505|priority:0|startupRole:FOLLOWER, s1|rpc:localhost:36635|admin:localhost:41981|client:localhost:39775|dataStream:localhost:41297|priority:0|startupRole:FOLLOWER, s2|rpc:localhost:36969|admin:localhost:37929|client:localhost:40489|dataStream:localhost:38077|priority:0|startupRole:FOLLOWER]|listeners:[], old=null
2022-10-24 03:16:14,670 [grpc-default-executor-34] INFO  server.RaftServer$Division (RaftServerImpl.java:requestVote(1291)) - s0@group-6912872F20E7: receive requestVote(PRE_VOTE, s3, group-6912872F20E7, 2, (t:1, i:0))
2022-10-24 03:16:14,670 [grpc-default-executor-34] INFO  impl.VoteContext (VoteContext.java:log(49)) - s0@group-6912872F20E7-FOLLOWER: reject PRE_VOTE from s3: this server is a follower and still has a valid leader s1
2022-10-24 03:16:14,670 [grpc-default-executor-34] INFO  server.RaftServer$Division (RaftServerImpl.java:requestVote(1324)) - s0@group-6912872F20E7 replies to PRE_VOTE vote request: s3<-s0#0:FAIL-t2. Peer's state: s0@group-6912872F20E7:t2, leader=s1, voted=s1, raftlog=Memoized:s0@group-6912872F20E7-SegmentedRaftLog:OPENED:c0, conf=0: peers:[s3|rpc:localhost:39579|admin:localhost:42243|client:localhost:33409|dataStream:localhost:46293|priority:0|startupRole:FOLLOWER, s4|rpc:localhost:45747|admin:localhost:35149|client:localhost:44435|dataStream:localhost:42993|priority:0|startupRole:FOLLOWER, s0|rpc:localhost:36179|admin:localhost:46501|client:localhost:36175|dataStream:localhost:33505|priority:0|startupRole:FOLLOWER, s1|rpc:localhost:36635|admin:localhost:41981|client:localhost:39775|dataStream:localhost:41297|priority:0|startupRole:FOLLOWER, s2|rpc:localhost:36969|admin:localhost:37929|client:localhost:40489|dataStream:localhost:38077|priority:0|startupRole:FOLLOWER]|listeners:[], old=null
2022-10-24 03:16:14,671 [grpc-default-executor-34] INFO  server.RaftServer$Division (RaftServerImpl.java:requestVote(1291)) - s4@group-6912872F20E7: receive requestVote(PRE_VOTE, s3, group-6912872F20E7, 2, (t:1, i:0))
2022-10-24 03:16:14,671 [grpc-default-executor-34] INFO  impl.VoteContext (VoteContext.java:log(49)) - s4@group-6912872F20E7-FOLLOWER: reject PRE_VOTE from s3: this server is a follower and still has a valid leader s1
2022-10-24 03:16:14,671 [grpc-default-executor-34] INFO  server.RaftServer$Division (RaftServerImpl.java:requestVote(1324)) - s4@group-6912872F20E7 replies to PRE_VOTE vote request: s3<-s4#0:FAIL-t2. Peer's state: s4@group-6912872F20E7:t2, leader=s1, voted=s1, raftlog=Memoized:s4@group-6912872F20E7-SegmentedRaftLog:OPENED:c0, conf=0: peers:[s3|rpc:localhost:39579|admin:localhost:42243|client:localhost:33409|dataStream:localhost:46293|priority:0|startupRole:FOLLOWER, s4|rpc:localhost:45747|admin:localhost:35149|client:localhost:44435|dataStream:localhost:42993|priority:0|startupRole:FOLLOWER, s0|rpc:localhost:36179|admin:localhost:46501|client:localhost:36175|dataStream:localhost:33505|priority:0|startupRole:FOLLOWER, s1|rpc:localhost:36635|admin:localhost:41981|client:localhost:39775|dataStream:localhost:41297|priority:0|startupRole:FOLLOWER, s2|rpc:localhost:36969|admin:localhost:37929|client:localhost:40489|dataStream:localhost:38077|priority:0|startupRole:FOLLOWER]|listeners:[], old=null
2022-10-24 03:16:14,673 [grpc-default-executor-34] INFO  server.RaftServer$Division (RaftServerImpl.java:requestVote(1291)) - s2@group-6912872F20E7: receive requestVote(PRE_VOTE, s3, group-6912872F20E7, 2, (t:1, i:0))
2022-10-24 03:16:14,674 [grpc-default-executor-34] INFO  impl.VoteContext (VoteContext.java:log(49)) - s2@group-6912872F20E7-FOLLOWER: reject PRE_VOTE from s3: this server is a follower and still has a valid leader s1
2022-10-24 03:16:14,674 [grpc-default-executor-34] INFO  server.RaftServer$Division (RaftServerImpl.java:requestVote(1324)) - s2@group-6912872F20E7 replies to PRE_VOTE vote request: s3<-s2#0:FAIL-t2. Peer's state: s2@group-6912872F20E7:t2, leader=s1, voted=s1, raftlog=Memoized:s2@group-6912872F20E7-SegmentedRaftLog:OPENED:c0, conf=0: peers:[s3|rpc:localhost:39579|admin:localhost:42243|client:localhost:33409|dataStream:localhost:46293|priority:0|startupRole:FOLLOWER, s4|rpc:localhost:45747|admin:localhost:35149|client:localhost:44435|dataStream:localhost:42993|priority:0|startupRole:FOLLOWER, s0|rpc:localhost:36179|admin:localhost:46501|client:localhost:36175|dataStream:localhost:33505|priority:0|startupRole:FOLLOWER, s1|rpc:localhost:36635|admin:localhost:41981|client:localhost:39775|dataStream:localhost:41297|priority:0|startupRole:FOLLOWER, s2|rpc:localhost:36969|admin:localhost:37929|client:localhost:40489|dataStream:localhost:38077|priority:0|startupRole:FOLLOWER]|listeners:[], old=null
2022-10-24 03:16:14,675 [s3@group-6912872F20E7-LeaderElection8] INFO  impl.LeaderElection (LeaderElection.java:logAndReturn(89)) - s3@group-6912872F20E7-LeaderElection8: PRE_VOTE REJECTED received 3 response(s) and 0 exception(s):
2022-10-24 03:16:14,675 [s3@group-6912872F20E7-LeaderElection8] INFO  impl.LeaderElection (LeaderElection.java:logAndReturn(93)) -   Response 0: s3<-s0#0:FAIL-t2
2022-10-24 03:16:14,675 [s3@group-6912872F20E7-LeaderElection8] INFO  impl.LeaderElection (LeaderElection.java:logAndReturn(93)) -   Response 1: s3<-s1#0:FAIL-t2
2022-10-24 03:16:14,675 [s3@group-6912872F20E7-LeaderElection8] INFO  impl.LeaderElection (LeaderElection.java:logAndReturn(93)) -   Response 2: s3<-s2#0:FAIL-t2
2022-10-24 03:16:14,675 [s3@group-6912872F20E7-LeaderElection8] INFO  impl.LeaderElection (LeaderElection.java:askForVotes(311)) - s3@group-6912872F20E7-LeaderElection8 PRE_VOTE round 0: result REJECTED
2022-10-24 03:16:14,675 [s3@group-6912872F20E7-LeaderElection8] INFO  server.RaftServer$Division (RaftServerImpl.java:setRole(325)) - s3@group-6912872F20E7: changes role from CANDIDATE to FOLLOWER at term 2 for REJECTED
2022-10-24 03:16:14,675 [s3@group-6912872F20E7-LeaderElection8] INFO  impl.RoleInfo (RoleInfo.java:shutdownLeaderElection(130)) - s3: shutdown s3@group-6912872F20E7-LeaderElection8
2022-10-24 03:16:14,675 [s3@group-6912872F20E7-LeaderElection8] INFO  impl.RoleInfo (RoleInfo.java:updateAndGet(139)) - s3: start s3@group-6912872F20E7-FollowerState
2022-10-24 03:16:14,727 [s1@group-6912872F20E7->s3-GrpcLogAppender-LogAppenderDaemon] INFO  util.CodeInjectionForTesting (DelayLocalExecutionInjection.java:execute(65)) - s1 delay 150 ms, args=[serverRequest {
  requestorId: "s1"
  replyId: "s3"
  raftGroupId {
    id: "\226\001\321s\341\rE_\235\364i\022\207/ \347"
  }
  callId: 11
  slidingWindowEntry {
  }
}
leaderTerm: 2
previousLog {
  term: 2
}
initializing: true
commitInfos {
  server {
    id: "s1"
    address: "localhost:36635"
    dataStreamAddress: "localhost:41297"
    clientAddress: "localhost:39775"
    adminAddress: "localhost:41981"
    startupRole: FOLLOWER
  }
}
commitInfos {
  server {
    id: "s3"
    address: "localhost:39579"
    dataStreamAddress: "localhost:46293"
    clientAddress: "localhost:33409"
    adminAddress: "localhost:42243"
    startupRole: FOLLOWER
  }
}
commitInfos {
  server {
    id: "s4"
    address: "localhost:45747"
    dataStreamAddress: "localhost:42993"
    clientAddress: "localhost:44435"
    adminAddress: "localhost:35149"
    startupRole: FOLLOWER
  }
}
commitInfos {
  server {
    id: "s0"
    address: "localhost:36179"
    dataStreamAddress: "localhost:33505"
    clientAddress: "localhost:36175"
    adminAddress: "localhost:46501"
    startupRole: FOLLOWER
  }
}
commitInfos {
  server {
    id: "s2"
    address: "localhost:36969"
    dataStreamAddress: "localhost:38077"
    clientAddress: "localhost:40489"
    adminAddress: "localhost:37929"
    startupRole: FOLLOWER
  }
}
]
2022-10-24 03:16:14,769 [s4@group-6912872F20E7-FollowerState] INFO  impl.FollowerState (FollowerState.java:run(143)) - s4@group-6912872F20E7-FollowerState: change to CANDIDATE, lastRpcElapsedTime:221187318ns, electionTimeout:191ms
2022-10-24 03:16:14,769 [s4@group-6912872F20E7-FollowerState] INFO  impl.RoleInfo (RoleInfo.java:shutdownFollowerState(110)) - s4: shutdown s4@group-6912872F20E7-FollowerState
2022-10-24 03:16:14,770 [s4@group-6912872F20E7-FollowerState] INFO  server.RaftServer$Division (RaftServerImpl.java:setRole(325)) - s4@group-6912872F20E7: changes role from  FOLLOWER to CANDIDATE at term 2 for changeToCandidate
2022-10-24 03:16:14,770 [s4@group-6912872F20E7-FollowerState] INFO  server.RaftServerConfigKeys (ConfUtils.java:logGet(46)) - raft.server.leaderelection.pre-vote = true (default)
2022-10-24 03:16:14,770 [s4@group-6912872F20E7-FollowerState] INFO  impl.RoleInfo (RoleInfo.java:updateAndGet(139)) - s4: start s4@group-6912872F20E7-LeaderElection9
2022-10-24 03:16:14,770 [s4@group-6912872F20E7-LeaderElection9] INFO  server.RaftServer$Division (ServerState.java:setLeader(259)) - s4@group-6912872F20E7: change Leader from s1 to null at term 2 for PRE_VOTE
2022-10-24 03:16:14,771 [s4@group-6912872F20E7-LeaderElection9] INFO  impl.LeaderElection (LeaderElection.java:askForVotes(309)) - s4@group-6912872F20E7-LeaderElection9 PRE_VOTE round 0: submit vote requests at term 2 for 0: peers:[s3|rpc:localhost:39579|admin:localhost:42243|client:localhost:33409|dataStream:localhost:46293|priority:0|startupRole:FOLLOWER, s4|rpc:localhost:45747|admin:localhost:35149|client:localhost:44435|dataStream:localhost:42993|priority:0|startupRole:FOLLOWER, s0|rpc:localhost:36179|admin:localhost:46501|client:localhost:36175|dataStream:localhost:33505|priority:0|startupRole:FOLLOWER, s1|rpc:localhost:36635|admin:localhost:41981|client:localhost:39775|dataStream:localhost:41297|priority:0|startupRole:FOLLOWER, s2|rpc:localhost:36969|admin:localhost:37929|client:localhost:40489|dataStream:localhost:38077|priority:0|startupRole:FOLLOWER]|listeners:[], old=null
2022-10-24 03:16:14,772 [s4@group-6912872F20E7-LeaderElection9-1] INFO  util.CodeInjectionForTesting (DelayLocalExecutionInjection.java:execute(65)) - s4 delay 150 ms, args=[serverRequest {
  requestorId: "s4"
  replyId: "s3"
  raftGroupId {
    id: "\226\001\321s\341\rE_\235\364i\022\207/ \347"
  }
  slidingWindowEntry {
  }
}
candidateTerm: 2
candidateLastEntry {
  term: 2
}
preVote: true
]
2022-10-24 03:16:14,777 [s4-server-thread3] INFO  server.RaftServer$Division (RaftServerImpl.java:setRole(325)) - s4@group-6912872F20E7: changes role from CANDIDATE to FOLLOWER at term 2 for appendEntries
2022-10-24 03:16:14,777 [s4-server-thread3] INFO  impl.RoleInfo (RoleInfo.java:shutdownLeaderElection(130)) - s4: shutdown s4@group-6912872F20E7-LeaderElection9
2022-10-24 03:16:14,777 [s4-server-thread3] INFO  impl.RoleInfo (RoleInfo.java:updateAndGet(139)) - s4: start s4@group-6912872F20E7-FollowerState
2022-10-24 03:16:14,782 [s4@group-6912872F20E7-LeaderElection9-2] INFO  util.CodeInjectionForTesting (DelayLocalExecutionInjection.java:execute(65)) - s4 delay 150 ms, args=[serverRequest {
  requestorId: "s4"
  replyId: "s0"
  raftGroupId {
    id: "\226\001\321s\341\rE_\235\364i\022\207/ \347"
  }
  slidingWindowEntry {
  }
}
candidateTerm: 2
candidateLastEntry {
  term: 2
}
preVote: true
]
2022-10-24 03:16:14,785 [s4@group-6912872F20E7-LeaderElection9-3] INFO  util.CodeInjectionForTesting (DelayLocalExecutionInjection.java:execute(65)) - s4 delay 150 ms, args=[serverRequest {
  requestorId: "s4"
  replyId: "s1"
  raftGroupId {
    id: "\226\001\321s\341\rE_\235\364i\022\207/ \347"
  }
  slidingWindowEntry {
  }
}
candidateTerm: 2
candidateLastEntry {
  term: 2
}
preVote: true
]
2022-10-24 03:16:14,786 [s4-server-thread3] INFO  server.RaftServer$Division (ServerState.java:setLeader(259)) - s4@group-6912872F20E7: change Leader from null to s1 at term 2 for appendEntries, leader elected after 15ms
2022-10-24 03:16:14,786 [s4@group-6912872F20E7-LeaderElection9] INFO  impl.LeaderElection (LeaderElection.java:logAndReturn(89)) - s4@group-6912872F20E7-LeaderElection9: PRE_VOTE REJECTED received 0 response(s) and 0 exception(s):
2022-10-24 03:16:14,786 [s4@group-6912872F20E7-LeaderElection9] INFO  impl.LeaderElection (LeaderElection.java:askForVotes(311)) - s4@group-6912872F20E7-LeaderElection9 PRE_VOTE round 0: result REJECTED
2022-10-24 03:16:14,787 [s4@group-6912872F20E7-LeaderElection9-4] INFO  util.CodeInjectionForTesting (DelayLocalExecutionInjection.java:execute(65)) - s4 delay 150 ms, args=[serverRequest {
  requestorId: "s4"
  replyId: "s2"
  raftGroupId {
    id: "\226\001\321s\341\rE_\235\364i\022\207/ \347"
  }
  slidingWindowEntry {
  }
}
candidateTerm: 2
candidateLastEntry {
  term: 2
}
preVote: true
]
2022-10-24 03:16:14,853 [s1@group-6912872F20E7->s0-GrpcLogAppender-LogAppenderDaemon] INFO  util.CodeInjectionForTesting (DelayLocalExecutionInjection.java:execute(65)) - s1 delay 150 ms, args=[serverRequest {
  requestorId: "s1"
  replyId: "s0"
  raftGroupId {
    id: "\226\001\321s\341\rE_\235\364i\022\207/ \347"
  }
  callId: 9
  slidingWindowEntry {
  }
}
leaderTerm: 2
previousLog {
  term: 2
}
initializing: true
commitInfos {
  server {
    id: "s1"
    address: "localhost:36635"
    dataStreamAddress: "localhost:41297"
    clientAddress: "localhost:39775"
    adminAddress: "localhost:41981"
    startupRole: FOLLOWER
  }
}
commitInfos {
  server {
    id: "s3"
    address: "localhost:39579"
    dataStreamAddress: "localhost:46293"
    clientAddress: "localhost:33409"
    adminAddress: "localhost:42243"
    startupRole: FOLLOWER
  }
}
commitInfos {
  server {
    id: "s4"
    address: "localhost:45747"
    dataStreamAddress: "localhost:42993"
    clientAddress: "localhost:44435"
    adminAddress: "localhost:35149"
    startupRole: FOLLOWER
  }
}
commitInfos {
  server {
    id: "s0"
    address: "localhost:36179"
    dataStreamAddress: "localhost:33505"
    clientAddress: "localhost:36175"
    adminAddress: "localhost:46501"
    startupRole: FOLLOWER
  }
}
commitInfos {
  server {
    id: "s2"
    address: "localhost:36969"
    dataStreamAddress: "localhost:38077"
    clientAddress: "localhost:40489"
    adminAddress: "localhost:37929"
    startupRole: FOLLOWER
  }
}
]
2022-10-24 03:16:14,855 [s1@group-6912872F20E7->s2-GrpcLogAppender-LogAppenderDaemon] INFO  util.CodeInjectionForTesting (DelayLocalExecutionInjection.java:execute(65)) - s1 delay 150 ms, args=[serverRequest {
  requestorId: "s1"
  replyId: "s2"
  raftGroupId {
    id: "\226\001\321s\341\rE_\235\364i\022\207/ \347"
  }
  callId: 8
  slidingWindowEntry {
  }
}
leaderTerm: 2
previousLog {
  term: 2
}
initializing: true
commitInfos {
  server {
    id: "s1"
    address: "localhost:36635"
    dataStreamAddress: "localhost:41297"
    clientAddress: "localhost:39775"
    adminAddress: "localhost:41981"
    startupRole: FOLLOWER
  }
}
commitInfos {
  server {
    id: "s3"
    address: "localhost:39579"
    dataStreamAddress: "localhost:46293"
    clientAddress: "localhost:33409"
    adminAddress: "localhost:42243"
    startupRole: FOLLOWER
  }
}
commitInfos {
  server {
    id: "s4"
    address: "localhost:45747"
    dataStreamAddress: "localhost:42993"
    clientAddress: "localhost:44435"
    adminAddress: "localhost:35149"
    startupRole: FOLLOWER
  }
}
commitInfos {
  server {
    id: "s0"
    address: "localhost:36179"
    dataStreamAddress: "localhost:33505"
    clientAddress: "localhost:36175"
    adminAddress: "localhost:46501"
    startupRole: FOLLOWER
  }
}
commitInfos {
  server {
    id: "s2"
    address: "localhost:36969"
    dataStreamAddress: "localhost:38077"
    clientAddress: "localhost:40489"
    adminAddress: "localhost:37929"
    startupRole: FOLLOWER
  }
}
]
2022-10-24 03:16:14,864 [s1@group-6912872F20E7->s4-GrpcLogAppender-LogAppenderDaemon] INFO  util.CodeInjectionForTesting (DelayLocalExecutionInjection.java:execute(65)) - s1 delay 150 ms, args=[serverRequest {
  requestorId: "s1"
  replyId: "s4"
  raftGroupId {
    id: "\226\001\321s\341\rE_\235\364i\022\207/ \347"
  }
  callId: 8
  slidingWindowEntry {
  }
}
leaderTerm: 2
previousLog {
  term: 2
}
initializing: true
commitInfos {
  server {
    id: "s1"
    address: "localhost:36635"
    dataStreamAddress: "localhost:41297"
    clientAddress: "localhost:39775"
    adminAddress: "localhost:41981"
    startupRole: FOLLOWER
  }
}
commitInfos {
  server {
    id: "s3"
    address: "localhost:39579"
    dataStreamAddress: "localhost:46293"
    clientAddress: "localhost:33409"
    adminAddress: "localhost:42243"
    startupRole: FOLLOWER
  }
}
commitInfos {
  server {
    id: "s4"
    address: "localhost:45747"
    dataStreamAddress: "localhost:42993"
    clientAddress: "localhost:44435"
    adminAddress: "localhost:35149"
    startupRole: FOLLOWER
  }
}
commitInfos {
  server {
    id: "s0"
    address: "localhost:36179"
    dataStreamAddress: "localhost:33505"
    clientAddress: "localhost:36175"
    adminAddress: "localhost:46501"
    startupRole: FOLLOWER
  }
}
commitInfos {
  server {
    id: "s2"
    address: "localhost:36969"
    dataStreamAddress: "localhost:38077"
    clientAddress: "localhost:40489"
    adminAddress: "localhost:37929"
    startupRole: FOLLOWER
  }
}
]
2022-10-24 03:16:14,869 [s3@group-6912872F20E7-FollowerState] INFO  impl.FollowerState (FollowerState.java:run(143)) - s3@group-6912872F20E7-FollowerState: change to CANDIDATE, lastRpcElapsedTime:193610754ns, electionTimeout:192ms
2022-10-24 03:16:14,869 [s3@group-6912872F20E7-FollowerState] INFO  impl.RoleInfo (RoleInfo.java:shutdownFollowerState(110)) - s3: shutdown s3@group-6912872F20E7-FollowerState
2022-10-24 03:16:14,869 [s3@group-6912872F20E7-FollowerState] INFO  server.RaftServer$Division (RaftServerImpl.java:setRole(325)) - s3@group-6912872F20E7: changes role from  FOLLOWER to CANDIDATE at term 2 for changeToCandidate
2022-10-24 03:16:14,869 [s3@group-6912872F20E7-FollowerState] INFO  server.RaftServerConfigKeys (ConfUtils.java:logGet(46)) - raft.server.leaderelection.pre-vote = true (default)
2022-10-24 03:16:14,869 [s3@group-6912872F20E7-FollowerState] INFO  impl.RoleInfo (RoleInfo.java:updateAndGet(139)) - s3: start s3@group-6912872F20E7-LeaderElection10
2022-10-24 03:16:14,870 [s3@group-6912872F20E7-LeaderElection10] INFO  impl.LeaderElection (LeaderElection.java:askForVotes(309)) - s3@group-6912872F20E7-LeaderElection10 PRE_VOTE round 0: submit vote requests at term 2 for 0: peers:[s3|rpc:localhost:39579|admin:localhost:42243|client:localhost:33409|dataStream:localhost:46293|priority:0|startupRole:FOLLOWER, s4|rpc:localhost:45747|admin:localhost:35149|client:localhost:44435|dataStream:localhost:42993|priority:0|startupRole:FOLLOWER, s0|rpc:localhost:36179|admin:localhost:46501|client:localhost:36175|dataStream:localhost:33505|priority:0|startupRole:FOLLOWER, s1|rpc:localhost:36635|admin:localhost:41981|client:localhost:39775|dataStream:localhost:41297|priority:0|startupRole:FOLLOWER, s2|rpc:localhost:36969|admin:localhost:37929|client:localhost:40489|dataStream:localhost:38077|priority:0|startupRole:FOLLOWER]|listeners:[], old=null
2022-10-24 03:16:14,872 [grpc-default-executor-15] INFO  server.RaftServer$Division (RaftServerImpl.java:requestVote(1291)) - s4@group-6912872F20E7: receive requestVote(PRE_VOTE, s3, group-6912872F20E7, 2, (t:1, i:0))
2022-10-24 03:16:14,872 [grpc-default-executor-15] INFO  impl.VoteContext (VoteContext.java:log(49)) - s4@group-6912872F20E7-FOLLOWER: reject PRE_VOTE from s3: this server is a follower and still has a valid leader s1
2022-10-24 03:16:14,872 [grpc-default-executor-15] INFO  server.RaftServer$Division (RaftServerImpl.java:requestVote(1324)) - s4@group-6912872F20E7 replies to PRE_VOTE vote request: s3<-s4#0:FAIL-t2. Peer's state: s4@group-6912872F20E7:t2, leader=s1, voted=s1, raftlog=Memoized:s4@group-6912872F20E7-SegmentedRaftLog:OPENED:c0, conf=0: peers:[s3|rpc:localhost:39579|admin:localhost:42243|client:localhost:33409|dataStream:localhost:46293|priority:0|startupRole:FOLLOWER, s4|rpc:localhost:45747|admin:localhost:35149|client:localhost:44435|dataStream:localhost:42993|priority:0|startupRole:FOLLOWER, s0|rpc:localhost:36179|admin:localhost:46501|client:localhost:36175|dataStream:localhost:33505|priority:0|startupRole:FOLLOWER, s1|rpc:localhost:36635|admin:localhost:41981|client:localhost:39775|dataStream:localhost:41297|priority:0|startupRole:FOLLOWER, s2|rpc:localhost:36969|admin:localhost:37929|client:localhost:40489|dataStream:localhost:38077|priority:0|startupRole:FOLLOWER]|listeners:[], old=null
2022-10-24 03:16:14,873 [grpc-default-executor-15] INFO  server.RaftServer$Division (RaftServerImpl.java:requestVote(1291)) - s0@group-6912872F20E7: receive requestVote(PRE_VOTE, s3, group-6912872F20E7, 2, (t:1, i:0))
2022-10-24 03:16:14,873 [grpc-default-executor-15] INFO  impl.VoteContext (VoteContext.java:log(49)) - s0@group-6912872F20E7-FOLLOWER: reject PRE_VOTE from s3: this server is a follower and still has a valid leader s1
2022-10-24 03:16:14,873 [grpc-default-executor-15] INFO  server.RaftServer$Division (RaftServerImpl.java:requestVote(1324)) - s0@group-6912872F20E7 replies to PRE_VOTE vote request: s3<-s0#0:FAIL-t2. Peer's state: s0@group-6912872F20E7:t2, leader=s1, voted=s1, raftlog=Memoized:s0@group-6912872F20E7-SegmentedRaftLog:OPENED:c0, conf=0: peers:[s3|rpc:localhost:39579|admin:localhost:42243|client:localhost:33409|dataStream:localhost:46293|priority:0|startupRole:FOLLOWER, s4|rpc:localhost:45747|admin:localhost:35149|client:localhost:44435|dataStream:localhost:42993|priority:0|startupRole:FOLLOWER, s0|rpc:localhost:36179|admin:localhost:46501|client:localhost:36175|dataStream:localhost:33505|priority:0|startupRole:FOLLOWER, s1|rpc:localhost:36635|admin:localhost:41981|client:localhost:39775|dataStream:localhost:41297|priority:0|startupRole:FOLLOWER, s2|rpc:localhost:36969|admin:localhost:37929|client:localhost:40489|dataStream:localhost:38077|priority:0|startupRole:FOLLOWER]|listeners:[], old=null
2022-10-24 03:16:14,884 [grpc-default-executor-15] INFO  server.RaftServer$Division (RaftServerImpl.java:requestVote(1291)) - s1@group-6912872F20E7: receive requestVote(PRE_VOTE, s3, group-6912872F20E7, 2, (t:1, i:0))
2022-10-24 03:16:14,884 [grpc-default-executor-15] INFO  impl.VoteContext (VoteContext.java:log(49)) - s1@group-6912872F20E7-LEADER: reject PRE_VOTE from s3: this server is the leader and still has leadership
2022-10-24 03:16:14,885 [grpc-default-executor-15] INFO  server.RaftServer$Division (RaftServerImpl.java:requestVote(1324)) - s1@group-6912872F20E7 replies to PRE_VOTE vote request: s3<-s1#0:FAIL-t2. Peer's state: s1@group-6912872F20E7:t2, leader=s1, voted=s1, raftlog=Memoized:s1@group-6912872F20E7-SegmentedRaftLog:OPENED:c0, conf=0: peers:[s3|rpc:localhost:39579|admin:localhost:42243|client:localhost:33409|dataStream:localhost:46293|priority:0|startupRole:FOLLOWER, s4|rpc:localhost:45747|admin:localhost:35149|client:localhost:44435|dataStream:localhost:42993|priority:0|startupRole:FOLLOWER, s0|rpc:localhost:36179|admin:localhost:46501|client:localhost:36175|dataStream:localhost:33505|priority:0|startupRole:FOLLOWER, s1|rpc:localhost:36635|admin:localhost:41981|client:localhost:39775|dataStream:localhost:41297|priority:0|startupRole:FOLLOWER, s2|rpc:localhost:36969|admin:localhost:37929|client:localhost:40489|dataStream:localhost:38077|priority:0|startupRole:FOLLOWER]|listeners:[], old=null
2022-10-24 03:16:14,885 [grpc-default-executor-15] INFO  server.RaftServer$Division (RaftServerImpl.java:requestVote(1291)) - s2@group-6912872F20E7: receive requestVote(PRE_VOTE, s3, group-6912872F20E7, 2, (t:1, i:0))
2022-10-24 03:16:14,885 [grpc-default-executor-15] INFO  impl.VoteContext (VoteContext.java:log(49)) - s2@group-6912872F20E7-FOLLOWER: reject PRE_VOTE from s3: this server is a follower and still has a valid leader s1
2022-10-24 03:16:14,885 [grpc-default-executor-15] INFO  server.RaftServer$Division (RaftServerImpl.java:requestVote(1324)) - s2@group-6912872F20E7 replies to PRE_VOTE vote request: s3<-s2#0:FAIL-t2. Peer's state: s2@group-6912872F20E7:t2, leader=s1, voted=s1, raftlog=Memoized:s2@group-6912872F20E7-SegmentedRaftLog:OPENED:c0, conf=0: peers:[s3|rpc:localhost:39579|admin:localhost:42243|client:localhost:33409|dataStream:localhost:46293|priority:0|startupRole:FOLLOWER, s4|rpc:localhost:45747|admin:localhost:35149|client:localhost:44435|dataStream:localhost:42993|priority:0|startupRole:FOLLOWER, s0|rpc:localhost:36179|admin:localhost:46501|client:localhost:36175|dataStream:localhost:33505|priority:0|startupRole:FOLLOWER, s1|rpc:localhost:36635|admin:localhost:41981|client:localhost:39775|dataStream:localhost:41297|priority:0|startupRole:FOLLOWER, s2|rpc:localhost:36969|admin:localhost:37929|client:localhost:40489|dataStream:localhost:38077|priority:0|startupRole:FOLLOWER]|listeners:[], old=null
2022-10-24 03:16:14,887 [s3@group-6912872F20E7-LeaderElection10] INFO  impl.LeaderElection (LeaderElection.java:logAndReturn(89)) - s3@group-6912872F20E7-LeaderElection10: PRE_VOTE REJECTED received 3 response(s) and 0 exception(s):
2022-10-24 03:16:14,887 [s3@group-6912872F20E7-LeaderElection10] INFO  impl.LeaderElection (LeaderElection.java:logAndReturn(93)) -   Response 0: s3<-s4#0:FAIL-t2
2022-10-24 03:16:14,887 [s3@group-6912872F20E7-LeaderElection10] INFO  impl.LeaderElection (LeaderElection.java:logAndReturn(93)) -   Response 1: s3<-s0#0:FAIL-t2
2022-10-24 03:16:14,887 [s3@group-6912872F20E7-LeaderElection10] INFO  impl.LeaderElection (LeaderElection.java:logAndReturn(93)) -   Response 2: s3<-s1#0:FAIL-t2
2022-10-24 03:16:14,887 [s3@group-6912872F20E7-LeaderElection10] INFO  impl.LeaderElection (LeaderElection.java:askForVotes(311)) - s3@group-6912872F20E7-LeaderElection10 PRE_VOTE round 0: result REJECTED
2022-10-24 03:16:14,887 [s3@group-6912872F20E7-LeaderElection10] INFO  server.RaftServer$Division (RaftServerImpl.java:setRole(325)) - s3@group-6912872F20E7: changes role from CANDIDATE to FOLLOWER at term 2 for REJECTED
2022-10-24 03:16:14,887 [s3@group-6912872F20E7-LeaderElection10] INFO  impl.RoleInfo (RoleInfo.java:shutdownLeaderElection(130)) - s3: shutdown s3@group-6912872F20E7-LeaderElection10
2022-10-24 03:16:14,887 [s3@group-6912872F20E7-LeaderElection10] INFO  impl.RoleInfo (RoleInfo.java:updateAndGet(139)) - s3: start s3@group-6912872F20E7-FollowerState
2022-10-24 03:16:14,915 [s1@group-6912872F20E7->s3-GrpcLogAppender-LogAppenderDaemon] INFO  util.CodeInjectionForTesting (DelayLocalExecutionInjection.java:execute(65)) - s1 delay 150 ms, args=[serverRequest {
  requestorId: "s1"
  replyId: "s3"
  raftGroupId {
    id: "\226\001\321s\341\rE_\235\364i\022\207/ \347"
  }
  callId: 12
  slidingWindowEntry {
  }
}
leaderTerm: 2
previousLog {
  term: 2
}
initializing: true
commitInfos {
  server {
    id: "s1"
    address: "localhost:36635"
    dataStreamAddress: "localhost:41297"
    clientAddress: "localhost:39775"
    adminAddress: "localhost:41981"
    startupRole: FOLLOWER
  }
}
commitInfos {
  server {
    id: "s3"
    address: "localhost:39579"
    dataStreamAddress: "localhost:46293"
    clientAddress: "localhost:33409"
    adminAddress: "localhost:42243"
    startupRole: FOLLOWER
  }
}
commitInfos {
  server {
    id: "s4"
    address: "localhost:45747"
    dataStreamAddress: "localhost:42993"
    clientAddress: "localhost:44435"
    adminAddress: "localhost:35149"
    startupRole: FOLLOWER
  }
}
commitInfos {
  server {
    id: "s0"
    address: "localhost:36179"
    dataStreamAddress: "localhost:33505"
    clientAddress: "localhost:36175"
    adminAddress: "localhost:46501"
    startupRole: FOLLOWER
  }
}
commitInfos {
  server {
    id: "s2"
    address: "localhost:36969"
    dataStreamAddress: "localhost:38077"
    clientAddress: "localhost:40489"
    adminAddress: "localhost:37929"
    startupRole: FOLLOWER
  }
}
]
2022-10-24 03:16:14,924 [grpc-default-executor-34] INFO  util.CodeInjectionForTesting (BlockRequestHandlingInjection.java:execute(77)) - s3: Block request from s4
2022-10-24 03:16:14,933 [grpc-default-executor-15] INFO  server.RaftServer$Division (RaftServerImpl.java:requestVote(1291)) - s0@group-6912872F20E7: receive requestVote(PRE_VOTE, s4, group-6912872F20E7, 2, (t:2, i:0))
2022-10-24 03:16:14,933 [grpc-default-executor-15] INFO  impl.VoteContext (VoteContext.java:log(49)) - s0@group-6912872F20E7-FOLLOWER: accept PRE_VOTE from s4: our priority 0 <= candidate's priority 0
2022-10-24 03:16:14,934 [grpc-default-executor-15] INFO  server.RaftServer$Division (RaftServerImpl.java:requestVote(1324)) - s0@group-6912872F20E7 replies to PRE_VOTE vote request: s4<-s0#0:OK-t2. Peer's state: s0@group-6912872F20E7:t2, leader=s1, voted=s1, raftlog=Memoized:s0@group-6912872F20E7-SegmentedRaftLog:OPENED:c0, conf=0: peers:[s3|rpc:localhost:39579|admin:localhost:42243|client:localhost:33409|dataStream:localhost:46293|priority:0|startupRole:FOLLOWER, s4|rpc:localhost:45747|admin:localhost:35149|client:localhost:44435|dataStream:localhost:42993|priority:0|startupRole:FOLLOWER, s0|rpc:localhost:36179|admin:localhost:46501|client:localhost:36175|dataStream:localhost:33505|priority:0|startupRole:FOLLOWER, s1|rpc:localhost:36635|admin:localhost:41981|client:localhost:39775|dataStream:localhost:41297|priority:0|startupRole:FOLLOWER, s2|rpc:localhost:36969|admin:localhost:37929|client:localhost:40489|dataStream:localhost:38077|priority:0|startupRole:FOLLOWER]|listeners:[], old=null
2022-10-24 03:16:14,938 [grpc-default-executor-15] INFO  server.RaftServer$Division (RaftServerImpl.java:requestVote(1291)) - s1@group-6912872F20E7: receive requestVote(PRE_VOTE, s4, group-6912872F20E7, 2, (t:2, i:0))
2022-10-24 03:16:14,938 [grpc-default-executor-15] INFO  impl.VoteContext (VoteContext.java:log(49)) - s1@group-6912872F20E7-LEADER: reject PRE_VOTE from s4: this server is the leader and still has leadership
2022-10-24 03:16:14,938 [grpc-default-executor-15] INFO  server.RaftServer$Division (RaftServerImpl.java:requestVote(1324)) - s1@group-6912872F20E7 replies to PRE_VOTE vote request: s4<-s1#0:FAIL-t2. Peer's state: s1@group-6912872F20E7:t2, leader=s1, voted=s1, raftlog=Memoized:s1@group-6912872F20E7-SegmentedRaftLog:OPENED:c0, conf=0: peers:[s3|rpc:localhost:39579|admin:localhost:42243|client:localhost:33409|dataStream:localhost:46293|priority:0|startupRole:FOLLOWER, s4|rpc:localhost:45747|admin:localhost:35149|client:localhost:44435|dataStream:localhost:42993|priority:0|startupRole:FOLLOWER, s0|rpc:localhost:36179|admin:localhost:46501|client:localhost:36175|dataStream:localhost:33505|priority:0|startupRole:FOLLOWER, s1|rpc:localhost:36635|admin:localhost:41981|client:localhost:39775|dataStream:localhost:41297|priority:0|startupRole:FOLLOWER, s2|rpc:localhost:36969|admin:localhost:37929|client:localhost:40489|dataStream:localhost:38077|priority:0|startupRole:FOLLOWER]|listeners:[], old=null
2022-10-24 03:16:14,939 [grpc-default-executor-15] INFO  server.RaftServer$Division (RaftServerImpl.java:requestVote(1291)) - s2@group-6912872F20E7: receive requestVote(PRE_VOTE, s4, group-6912872F20E7, 2, (t:2, i:0))
2022-10-24 03:16:14,939 [grpc-default-executor-15] INFO  impl.VoteContext (VoteContext.java:log(49)) - s2@group-6912872F20E7-FOLLOWER: accept PRE_VOTE from s4: our priority 0 <= candidate's priority 0
2022-10-24 03:16:14,940 [grpc-default-executor-15] INFO  server.RaftServer$Division (RaftServerImpl.java:requestVote(1324)) - s2@group-6912872F20E7 replies to PRE_VOTE vote request: s4<-s2#0:OK-t2. Peer's state: s2@group-6912872F20E7:t2, leader=s1, voted=s1, raftlog=Memoized:s2@group-6912872F20E7-SegmentedRaftLog:OPENED:c0, conf=0: peers:[s3|rpc:localhost:39579|admin:localhost:42243|client:localhost:33409|dataStream:localhost:46293|priority:0|startupRole:FOLLOWER, s4|rpc:localhost:45747|admin:localhost:35149|client:localhost:44435|dataStream:localhost:42993|priority:0|startupRole:FOLLOWER, s0|rpc:localhost:36179|admin:localhost:46501|client:localhost:36175|dataStream:localhost:33505|priority:0|startupRole:FOLLOWER, s1|rpc:localhost:36635|admin:localhost:41981|client:localhost:39775|dataStream:localhost:41297|priority:0|startupRole:FOLLOWER, s2|rpc:localhost:36969|admin:localhost:37929|client:localhost:40489|dataStream:localhost:38077|priority:0|startupRole:FOLLOWER]|listeners:[], old=null
2022-10-24 03:16:14,992 [Time-limited test] INFO  server.RaftServerConfigKeys (ConfUtils.java:logGet(46)) - raft.server.rpc.timeout.max = 300ms (default)
2022-10-24 03:16:15,165 [s3@group-6912872F20E7-FollowerState] INFO  impl.FollowerState (FollowerState.java:run(143)) - s3@group-6912872F20E7-FollowerState: change to CANDIDATE, lastRpcElapsedTime:277560358ns, electionTimeout:276ms
2022-10-24 03:16:15,165 [s3@group-6912872F20E7-FollowerState] INFO  impl.RoleInfo (RoleInfo.java:shutdownFollowerState(110)) - s3: shutdown s3@group-6912872F20E7-FollowerState
2022-10-24 03:16:15,165 [s3@group-6912872F20E7-FollowerState] INFO  server.RaftServer$Division (RaftServerImpl.java:setRole(325)) - s3@group-6912872F20E7: changes role from  FOLLOWER to CANDIDATE at term 2 for changeToCandidate
2022-10-24 03:16:15,165 [s3@group-6912872F20E7-FollowerState] INFO  server.RaftServerConfigKeys (ConfUtils.java:logGet(46)) - raft.server.leaderelection.pre-vote = true (default)
2022-10-24 03:16:15,165 [s3@group-6912872F20E7-FollowerState] INFO  impl.RoleInfo (RoleInfo.java:updateAndGet(139)) - s3: start s3@group-6912872F20E7-LeaderElection11
2022-10-24 03:16:15,168 [s3@group-6912872F20E7-LeaderElection11] INFO  impl.LeaderElection (LeaderElection.java:askForVotes(309)) - s3@group-6912872F20E7-LeaderElection11 PRE_VOTE round 0: submit vote requests at term 2 for 0: peers:[s3|rpc:localhost:39579|admin:localhost:42243|client:localhost:33409|dataStream:localhost:46293|priority:0|startupRole:FOLLOWER, s4|rpc:localhost:45747|admin:localhost:35149|client:localhost:44435|dataStream:localhost:42993|priority:0|startupRole:FOLLOWER, s0|rpc:localhost:36179|admin:localhost:46501|client:localhost:36175|dataStream:localhost:33505|priority:0|startupRole:FOLLOWER, s1|rpc:localhost:36635|admin:localhost:41981|client:localhost:39775|dataStream:localhost:41297|priority:0|startupRole:FOLLOWER, s2|rpc:localhost:36969|admin:localhost:37929|client:localhost:40489|dataStream:localhost:38077|priority:0|startupRole:FOLLOWER]|listeners:[], old=null
2022-10-24 03:16:15,172 [grpc-default-executor-15] INFO  server.RaftServer$Division (RaftServerImpl.java:requestVote(1291)) - s4@group-6912872F20E7: receive requestVote(PRE_VOTE, s3, group-6912872F20E7, 2, (t:1, i:0))
2022-10-24 03:16:15,172 [grpc-default-executor-15] INFO  impl.VoteContext (VoteContext.java:log(49)) - s4@group-6912872F20E7-FOLLOWER: reject PRE_VOTE from s3: this server is a follower and still has a valid leader s1
2022-10-24 03:16:15,173 [grpc-default-executor-15] INFO  server.RaftServer$Division (RaftServerImpl.java:requestVote(1324)) - s4@group-6912872F20E7 replies to PRE_VOTE vote request: s3<-s4#0:FAIL-t2. Peer's state: s4@group-6912872F20E7:t2, leader=s1, voted=s1, raftlog=Memoized:s4@group-6912872F20E7-SegmentedRaftLog:OPENED:c0, conf=0: peers:[s3|rpc:localhost:39579|admin:localhost:42243|client:localhost:33409|dataStream:localhost:46293|priority:0|startupRole:FOLLOWER, s4|rpc:localhost:45747|admin:localhost:35149|client:localhost:44435|dataStream:localhost:42993|priority:0|startupRole:FOLLOWER, s0|rpc:localhost:36179|admin:localhost:46501|client:localhost:36175|dataStream:localhost:33505|priority:0|startupRole:FOLLOWER, s1|rpc:localhost:36635|admin:localhost:41981|client:localhost:39775|dataStream:localhost:41297|priority:0|startupRole:FOLLOWER, s2|rpc:localhost:36969|admin:localhost:37929|client:localhost:40489|dataStream:localhost:38077|priority:0|startupRole:FOLLOWER]|listeners:[], old=null
2022-10-24 03:16:15,173 [grpc-default-executor-15] INFO  server.RaftServer$Division (RaftServerImpl.java:requestVote(1291)) - s0@group-6912872F20E7: receive requestVote(PRE_VOTE, s3, group-6912872F20E7, 2, (t:1, i:0))
2022-10-24 03:16:15,173 [grpc-default-executor-15] INFO  impl.VoteContext (VoteContext.java:log(49)) - s0@group-6912872F20E7-FOLLOWER: reject PRE_VOTE from s3: this server is a follower and still has a valid leader s1
2022-10-24 03:16:15,173 [grpc-default-executor-15] INFO  server.RaftServer$Division (RaftServerImpl.java:requestVote(1324)) - s0@group-6912872F20E7 replies to PRE_VOTE vote request: s3<-s0#0:FAIL-t2. Peer's state: s0@group-6912872F20E7:t2, leader=s1, voted=s1, raftlog=Memoized:s0@group-6912872F20E7-SegmentedRaftLog:OPENED:c0, conf=0: peers:[s3|rpc:localhost:39579|admin:localhost:42243|client:localhost:33409|dataStream:localhost:46293|priority:0|startupRole:FOLLOWER, s4|rpc:localhost:45747|admin:localhost:35149|client:localhost:44435|dataStream:localhost:42993|priority:0|startupRole:FOLLOWER, s0|rpc:localhost:36179|admin:localhost:46501|client:localhost:36175|dataStream:localhost:33505|priority:0|startupRole:FOLLOWER, s1|rpc:localhost:36635|admin:localhost:41981|client:localhost:39775|dataStream:localhost:41297|priority:0|startupRole:FOLLOWER, s2|rpc:localhost:36969|admin:localhost:37929|client:localhost:40489|dataStream:localhost:38077|priority:0|startupRole:FOLLOWER]|listeners:[], old=null
2022-10-24 03:16:15,176 [grpc-default-executor-15] INFO  server.RaftServer$Division (RaftServerImpl.java:requestVote(1291)) - s1@group-6912872F20E7: receive requestVote(PRE_VOTE, s3, group-6912872F20E7, 2, (t:1, i:0))
2022-10-24 03:16:15,176 [grpc-default-executor-15] INFO  impl.VoteContext (VoteContext.java:log(49)) - s1@group-6912872F20E7-LEADER: reject PRE_VOTE from s3: this server is the leader and still has leadership
2022-10-24 03:16:15,176 [grpc-default-executor-15] INFO  server.RaftServer$Division (RaftServerImpl.java:requestVote(1324)) - s1@group-6912872F20E7 replies to PRE_VOTE vote request: s3<-s1#0:FAIL-t2. Peer's state: s1@group-6912872F20E7:t2, leader=s1, voted=s1, raftlog=Memoized:s1@group-6912872F20E7-SegmentedRaftLog:OPENED:c0, conf=0: peers:[s3|rpc:localhost:39579|admin:localhost:42243|client:localhost:33409|dataStream:localhost:46293|priority:0|startupRole:FOLLOWER, s4|rpc:localhost:45747|admin:localhost:35149|client:localhost:44435|dataStream:localhost:42993|priority:0|startupRole:FOLLOWER, s0|rpc:localhost:36179|admin:localhost:46501|client:localhost:36175|dataStream:localhost:33505|priority:0|startupRole:FOLLOWER, s1|rpc:localhost:36635|admin:localhost:41981|client:localhost:39775|dataStream:localhost:41297|priority:0|startupRole:FOLLOWER, s2|rpc:localhost:36969|admin:localhost:37929|client:localhost:40489|dataStream:localhost:38077|priority:0|startupRole:FOLLOWER]|listeners:[], old=null
2022-10-24 03:16:15,178 [grpc-default-executor-15] INFO  server.RaftServer$Division (RaftServerImpl.java:requestVote(1291)) - s2@group-6912872F20E7: receive requestVote(PRE_VOTE, s3, group-6912872F20E7, 2, (t:1, i:0))
2022-10-24 03:16:15,179 [grpc-default-executor-15] INFO  impl.VoteContext (VoteContext.java:log(49)) - s2@group-6912872F20E7-FOLLOWER: reject PRE_VOTE from s3: this server is a follower and still has a valid leader s1
2022-10-24 03:16:15,179 [grpc-default-executor-15] INFO  server.RaftServer$Division (RaftServerImpl.java:requestVote(1324)) - s2@group-6912872F20E7 replies to PRE_VOTE vote request: s3<-s2#0:FAIL-t2. Peer's state: s2@group-6912872F20E7:t2, leader=s1, voted=s1, raftlog=Memoized:s2@group-6912872F20E7-SegmentedRaftLog:OPENED:c0, conf=0: peers:[s3|rpc:localhost:39579|admin:localhost:42243|client:localhost:33409|dataStream:localhost:46293|priority:0|startupRole:FOLLOWER, s4|rpc:localhost:45747|admin:localhost:35149|client:localhost:44435|dataStream:localhost:42993|priority:0|startupRole:FOLLOWER, s0|rpc:localhost:36179|admin:localhost:46501|client:localhost:36175|dataStream:localhost:33505|priority:0|startupRole:FOLLOWER, s1|rpc:localhost:36635|admin:localhost:41981|client:localhost:39775|dataStream:localhost:41297|priority:0|startupRole:FOLLOWER, s2|rpc:localhost:36969|admin:localhost:37929|client:localhost:40489|dataStream:localhost:38077|priority:0|startupRole:FOLLOWER]|listeners:[], old=null
2022-10-24 03:16:15,180 [s3@group-6912872F20E7-LeaderElection11] INFO  impl.LeaderElection (LeaderElection.java:logAndReturn(89)) - s3@group-6912872F20E7-LeaderElection11: PRE_VOTE REJECTED received 3 response(s) and 0 exception(s):
2022-10-24 03:16:15,180 [s3@group-6912872F20E7-LeaderElection11] INFO  impl.LeaderElection (LeaderElection.java:logAndReturn(93)) -   Response 0: s3<-s4#0:FAIL-t2
2022-10-24 03:16:15,180 [s3@group-6912872F20E7-LeaderElection11] INFO  impl.LeaderElection (LeaderElection.java:logAndReturn(93)) -   Response 1: s3<-s0#0:FAIL-t2
2022-10-24 03:16:15,180 [s3@group-6912872F20E7-LeaderElection11] INFO  impl.LeaderElection (LeaderElection.java:logAndReturn(93)) -   Response 2: s3<-s2#0:FAIL-t2
2022-10-24 03:16:15,180 [s3@group-6912872F20E7-LeaderElection11] INFO  impl.LeaderElection (LeaderElection.java:askForVotes(311)) - s3@group-6912872F20E7-LeaderElection11 PRE_VOTE round 0: result REJECTED
2022-10-24 03:16:15,180 [s3@group-6912872F20E7-LeaderElection11] INFO  server.RaftServer$Division (RaftServerImpl.java:setRole(325)) - s3@group-6912872F20E7: changes role from CANDIDATE to FOLLOWER at term 2 for REJECTED
2022-10-24 03:16:15,180 [s3@group-6912872F20E7-LeaderElection11] INFO  impl.RoleInfo (RoleInfo.java:shutdownLeaderElection(130)) - s3: shutdown s3@group-6912872F20E7-LeaderElection11
2022-10-24 03:16:15,180 [s3@group-6912872F20E7-LeaderElection11] INFO  impl.RoleInfo (RoleInfo.java:updateAndGet(139)) - s3: start s3@group-6912872F20E7-FollowerState
2022-10-24 03:16:15,213 [s3-server-thread3] INFO  util.CodeInjectionForTesting (BlockRequestHandlingInjection.java:execute(84)) - s3: unBlock request from s1
2022-10-24 03:16:15,213 [s3-server-thread3] INFO  server.RaftServer$Division (ServerState.java:setLeader(259)) - s3@group-6912872F20E7: change Leader from null to s1 at term 2 for appendEntries, leader elected after 821ms
2022-10-24 03:16:15,214 [s3-server-thread3] INFO  server.RaftServer$Division (RaftServerImpl.java:checkInconsistentAppendEntries(1599)) - s3@group-6912872F20E7: Failed appendEntries as previous log entry ((t:2, i:0)) is not found
2022-10-24 03:16:15,214 [s3-server-thread3] INFO  server.RaftServer$Division (RaftServerImpl.java:checkInconsistentAppendEntries(1569)) - s3@group-6912872F20E7: inconsistency entries. Reply:s1<-s3#8:FAIL-t2,INCONSISTENCY,nextIndex=0,followerCommit=0,matchIndex=-1
2022-10-24 03:16:15,215 [grpc-default-executor-15] INFO  leader.FollowerInfo (FollowerInfoImpl.java:lambda$new$0(48)) - s1@group-6912872F20E7->s3: nextIndex: updateUnconditionally 1 -> 0
2022-10-24 03:16:15,215 [s3-server-thread3] INFO  server.RaftServer$Division (RaftServerImpl.java:checkInconsistentAppendEntries(1599)) - s3@group-6912872F20E7: Failed appendEntries as previous log entry ((t:2, i:0)) is not found
2022-10-24 03:16:15,215 [s3-server-thread3] INFO  server.RaftServer$Division (RaftServerImpl.java:checkInconsistentAppendEntries(1569)) - s3@group-6912872F20E7: inconsistency entries. Reply:s1<-s3#9:FAIL-t2,INCONSISTENCY,nextIndex=0,followerCommit=0,matchIndex=-1
2022-10-24 03:16:15,216 [grpc-default-executor-15] INFO  leader.FollowerInfo (FollowerInfoImpl.java:lambda$new$0(48)) - s1@group-6912872F20E7->s3: nextIndex: updateUnconditionally 1 -> 0
2022-10-24 03:16:15,217 [s3-server-thread1] DEBUG server.RaftServer$Division (RaftServerImpl.java:logAppendEntries(1418)) - s3@group-6912872F20E7: receive appendEntries(s1, 2, null, 0, true, commits:[s1:c0, s3:c0, s4:c0, s0:c0, s2:c0], cId:16, entries: [(t:2, i:0), CONFIGURATIONENTRY(current:id: "s3"
address: "localhost:39579"
dataStreamAddress: "localhost:46293"
clientAddress: "localhost:33409"
adminAddress: "localhost:42243"
startupRole: FOLLOWER
,id: "s4"
address: "localhost:45747"
dataStreamAddress: "localhost:42993"
clientAddress: "localhost:44435"
adminAddress: "localhost:35149"
startupRole: FOLLOWER
,id: "s0"
address: "localhost:36179"
dataStreamAddress: "localhost:33505"
clientAddress: "localhost:36175"
adminAddress: "localhost:46501"
startupRole: FOLLOWER
,id: "s1"
address: "localhost:36635"
dataStreamAddress: "localhost:41297"
clientAddress: "localhost:39775"
adminAddress: "localhost:41981"
startupRole: FOLLOWER
,id: "s2"
address: "localhost:36969"
dataStreamAddress: "localhost:38077"
clientAddress: "localhost:40489"
adminAddress: "localhost:37929"
startupRole: FOLLOWER
, old:)]
2022-10-24 03:16:15,217 [s3-server-thread1] INFO  server.RaftServer$Division (RaftServerImpl.java:checkInconsistentAppendEntries(1589)) - s3@group-6912872F20E7: Failed appendEntries as the first entry (index 0) already exists (snapshotIndex: -1, commitIndex: 0)
2022-10-24 03:16:15,217 [s3-server-thread1] INFO  server.RaftServer$Division (RaftServerImpl.java:checkInconsistentAppendEntries(1569)) - s3@group-6912872F20E7: inconsistency entries. Reply:s1<-s3#16:FAIL-t2,INCONSISTENCY,nextIndex=1,followerCommit=0,matchIndex=-1
2022-10-24 03:16:15,218 [s3-server-thread3] INFO  server.RaftServer$Division (RaftServerImpl.java:checkInconsistentAppendEntries(1599)) - s3@group-6912872F20E7: Failed appendEntries as previous log entry ((t:2, i:0)) is not found
2022-10-24 03:16:15,218 [s3-server-thread3] INFO  server.RaftServer$Division (RaftServerImpl.java:checkInconsistentAppendEntries(1569)) - s3@group-6912872F20E7: inconsistency entries. Reply:s1<-s3#10:FAIL-t2,INCONSISTENCY,nextIndex=0,followerCommit=0,matchIndex=-1
2022-10-24 03:16:15,219 [grpc-default-executor-25] INFO  leader.FollowerInfo (FollowerInfoImpl.java:lambda$new$0(48)) - s1@group-6912872F20E7->s3: nextIndex: updateUnconditionally 1 -> 0
2022-10-24 03:16:15,219 [grpc-default-executor-15] INFO  leader.FollowerInfo (FollowerInfoImpl.java:lambda$new$0(48)) - s1@group-6912872F20E7->s3: nextIndex: updateUnconditionally 1 -> 1
2022-10-24 03:16:15,219 [s3-server-thread1] INFO  server.RaftServer$Division (RaftServerImpl.java:checkInconsistentAppendEntries(1599)) - s3@group-6912872F20E7: Failed appendEntries as previous log entry ((t:2, i:0)) is not found
2022-10-24 03:16:15,219 [s3-server-thread1] INFO  server.RaftServer$Division (RaftServerImpl.java:checkInconsistentAppendEntries(1569)) - s3@group-6912872F20E7: inconsistency entries. Reply:s1<-s3#11:FAIL-t2,INCONSISTENCY,nextIndex=0,followerCommit=0,matchIndex=-1
2022-10-24 03:16:15,220 [s3-server-thread3] DEBUG server.RaftServer$Division (RaftServerImpl.java:logAppendEntries(1418)) - s3@group-6912872F20E7: receive appendEntries(s1, 2, null, 0, true, commits:[s1:c0, s3:c0, s4:c0, s0:c0, s2:c0], cId:17, entries: [(t:2, i:0), CONFIGURATIONENTRY(current:id: "s3"
address: "localhost:39579"
dataStreamAddress: "localhost:46293"
clientAddress: "localhost:33409"
adminAddress: "localhost:42243"
startupRole: FOLLOWER
,id: "s4"
address: "localhost:45747"
dataStreamAddress: "localhost:42993"
clientAddress: "localhost:44435"
adminAddress: "localhost:35149"
startupRole: FOLLOWER
,id: "s0"
address: "localhost:36179"
dataStreamAddress: "localhost:33505"
clientAddress: "localhost:36175"
adminAddress: "localhost:46501"
startupRole: FOLLOWER
,id: "s1"
address: "localhost:36635"
dataStreamAddress: "localhost:41297"
clientAddress: "localhost:39775"
adminAddress: "localhost:41981"
startupRole: FOLLOWER
,id: "s2"
address: "localhost:36969"
dataStreamAddress: "localhost:38077"
clientAddress: "localhost:40489"
adminAddress: "localhost:37929"
startupRole: FOLLOWER
, old:)]
2022-10-24 03:16:15,220 [s3-server-thread3] INFO  server.RaftServer$Division (RaftServerImpl.java:checkInconsistentAppendEntries(1589)) - s3@group-6912872F20E7: Failed appendEntries as the first entry (index 0) already exists (snapshotIndex: -1, commitIndex: 0)
2022-10-24 03:16:15,220 [s3-server-thread3] INFO  server.RaftServer$Division (RaftServerImpl.java:checkInconsistentAppendEntries(1569)) - s3@group-6912872F20E7: inconsistency entries. Reply:s1<-s3#17:FAIL-t2,INCONSISTENCY,nextIndex=1,followerCommit=0,matchIndex=-1
2022-10-24 03:16:15,221 [grpc-default-executor-8] INFO  leader.FollowerInfo (FollowerInfoImpl.java:lambda$new$0(48)) - s1@group-6912872F20E7->s3: nextIndex: updateUnconditionally 1 -> 0
2022-10-24 03:16:15,221 [grpc-default-executor-15] INFO  leader.FollowerInfo (FollowerInfoImpl.java:lambda$new$0(48)) - s1@group-6912872F20E7->s3: nextIndex: updateUnconditionally 1 -> 1
2022-10-24 03:16:15,221 [s3-server-thread1] DEBUG server.RaftServer$Division (RaftServerImpl.java:logAppendEntries(1418)) - s3@group-6912872F20E7: receive appendEntries(s1, 2, null, 0, true, commits:[s1:c0, s3:c0, s4:c0, s0:c0, s2:c0], cId:18, entries: [(t:2, i:0), CONFIGURATIONENTRY(current:id: "s3"
address: "localhost:39579"
dataStreamAddress: "localhost:46293"
clientAddress: "localhost:33409"
adminAddress: "localhost:42243"
startupRole: FOLLOWER
,id: "s4"
address: "localhost:45747"
dataStreamAddress: "localhost:42993"
clientAddress: "localhost:44435"
adminAddress: "localhost:35149"
startupRole: FOLLOWER
,id: "s0"
address: "localhost:36179"
dataStreamAddress: "localhost:33505"
clientAddress: "localhost:36175"
adminAddress: "localhost:46501"
startupRole: FOLLOWER
,id: "s1"
address: "localhost:36635"
dataStreamAddress: "localhost:41297"
clientAddress: "localhost:39775"
adminAddress: "localhost:41981"
startupRole: FOLLOWER
,id: "s2"
address: "localhost:36969"
dataStreamAddress: "localhost:38077"
clientAddress: "localhost:40489"
adminAddress: "localhost:37929"
startupRole: FOLLOWER
, old:)]
2022-10-24 03:16:15,222 [s3-server-thread1] INFO  server.RaftServer$Division (RaftServerImpl.java:checkInconsistentAppendEntries(1589)) - s3@group-6912872F20E7: Failed appendEntries as the first entry (index 0) already exists (snapshotIndex: -1, commitIndex: 0)
2022-10-24 03:16:15,222 [s3-server-thread1] INFO  server.RaftServer$Division (RaftServerImpl.java:checkInconsistentAppendEntries(1569)) - s3@group-6912872F20E7: inconsistency entries. Reply:s1<-s3#18:FAIL-t2,INCONSISTENCY,nextIndex=1,followerCommit=0,matchIndex=-1
2022-10-24 03:16:15,222 [s3-server-thread3] INFO  server.RaftServer$Division (RaftServerImpl.java:checkInconsistentAppendEntries(1599)) - s3@group-6912872F20E7: Failed appendEntries as previous log entry ((t:2, i:0)) is not found
2022-10-24 03:16:15,222 [s3-server-thread3] INFO  server.RaftServer$Division (RaftServerImpl.java:checkInconsistentAppendEntries(1569)) - s3@group-6912872F20E7: inconsistency entries. Reply:s1<-s3#12:FAIL-t2,INCONSISTENCY,nextIndex=0,followerCommit=0,matchIndex=-1
2022-10-24 03:16:15,223 [s3-server-thread1] DEBUG server.RaftServer$Division (RaftServerImpl.java:logAppendEntries(1418)) - s3@group-6912872F20E7: receive appendEntries(s1, 2, null, 0, true, commits:[s1:c0, s3:c0, s4:c0, s0:c0, s2:c0], cId:19, entries: [(t:2, i:0), CONFIGURATIONENTRY(current:id: "s3"
address: "localhost:39579"
dataStreamAddress: "localhost:46293"
clientAddress: "localhost:33409"
adminAddress: "localhost:42243"
startupRole: FOLLOWER
,id: "s4"
address: "localhost:45747"
dataStreamAddress: "localhost:42993"
clientAddress: "localhost:44435"
adminAddress: "localhost:35149"
startupRole: FOLLOWER
,id: "s0"
address: "localhost:36179"
dataStreamAddress: "localhost:33505"
clientAddress: "localhost:36175"
adminAddress: "localhost:46501"
startupRole: FOLLOWER
,id: "s1"
address: "localhost:36635"
dataStreamAddress: "localhost:41297"
clientAddress: "localhost:39775"
adminAddress: "localhost:41981"
startupRole: FOLLOWER
,id: "s2"
address: "localhost:36969"
dataStreamAddress: "localhost:38077"
clientAddress: "localhost:40489"
adminAddress: "localhost:37929"
startupRole: FOLLOWER
, old:)]
2022-10-24 03:16:15,223 [grpc-default-executor-8] INFO  leader.FollowerInfo (FollowerInfoImpl.java:lambda$new$0(48)) - s1@group-6912872F20E7->s3: nextIndex: updateUnconditionally 1 -> 0
2022-10-24 03:16:15,223 [s3-server-thread1] INFO  server.RaftServer$Division (RaftServerImpl.java:checkInconsistentAppendEntries(1589)) - s3@group-6912872F20E7: Failed appendEntries as the first entry (index 0) already exists (snapshotIndex: -1, commitIndex: 0)
2022-10-24 03:16:15,223 [s3-server-thread1] INFO  server.RaftServer$Division (RaftServerImpl.java:checkInconsistentAppendEntries(1569)) - s3@group-6912872F20E7: inconsistency entries. Reply:s1<-s3#19:FAIL-t2,INCONSISTENCY,nextIndex=1,followerCommit=0,matchIndex=-1
2022-10-24 03:16:15,223 [grpc-default-executor-15] INFO  leader.FollowerInfo (FollowerInfoImpl.java:lambda$new$0(48)) - s1@group-6912872F20E7->s3: nextIndex: updateUnconditionally 1 -> 1
2022-10-24 03:16:15,224 [grpc-default-executor-34] INFO  util.CodeInjectionForTesting (BlockRequestHandlingInjection.java:execute(84)) - s3: unBlock request from s4
2022-10-24 03:16:15,224 [grpc-default-executor-34] INFO  server.RaftServer$Division (RaftServerImpl.java:requestVote(1291)) - s3@group-6912872F20E7: receive requestVote(PRE_VOTE, s4, group-6912872F20E7, 2, (t:2, i:0))
2022-10-24 03:16:15,224 [grpc-default-executor-34] INFO  impl.VoteContext (VoteContext.java:log(49)) - s3@group-6912872F20E7-FOLLOWER: reject PRE_VOTE from s4: this server is a follower and still has a valid leader s1
2022-10-24 03:16:15,224 [grpc-default-executor-34] INFO  server.RaftServer$Division (RaftServerImpl.java:requestVote(1324)) - s3@group-6912872F20E7 replies to PRE_VOTE vote request: s4<-s3#0:FAIL-t2. Peer's state: s3@group-6912872F20E7:t2, leader=s1, voted=null, raftlog=Memoized:s3@group-6912872F20E7-SegmentedRaftLog:OPENED:c0, conf=0: peers:[s3|rpc:localhost:39579|admin:localhost:42243|client:localhost:33409|dataStream:localhost:46293|priority:0|startupRole:FOLLOWER, s4|rpc:localhost:45747|admin:localhost:35149|client:localhost:44435|dataStream:localhost:42993|priority:0|startupRole:FOLLOWER, s0|rpc:localhost:36179|admin:localhost:46501|client:localhost:36175|dataStream:localhost:33505|priority:0|startupRole:FOLLOWER, s1|rpc:localhost:36635|admin:localhost:41981|client:localhost:39775|dataStream:localhost:41297|priority:0|startupRole:FOLLOWER, s2|rpc:localhost:36969|admin:localhost:37929|client:localhost:40489|dataStream:localhost:38077|priority:0|startupRole:FOLLOWER]|listeners:[], old=null
2022-10-24 03:16:15,224 [grpc-default-executor-15] INFO  leader.FollowerInfo (FollowerInfoImpl.java:lambda$new$0(48)) - s1@group-6912872F20E7->s3: nextIndex: updateUnconditionally 1 -> 1
2022-10-24 03:16:15,225 [s3-server-thread1] DEBUG server.RaftServer$Division (RaftServerImpl.java:logAppendEntries(1418)) - s3@group-6912872F20E7: receive appendEntries(s1, 2, null, 0, true, commits:[s1:c0, s3:c0, s4:c0, s0:c0, s2:c0], cId:20, entries: [(t:2, i:0), CONFIGURATIONENTRY(current:id: "s3"
address: "localhost:39579"
dataStreamAddress: "localhost:46293"
clientAddress: "localhost:33409"
adminAddress: "localhost:42243"
startupRole: FOLLOWER
,id: "s4"
address: "localhost:45747"
dataStreamAddress: "localhost:42993"
clientAddress: "localhost:44435"
adminAddress: "localhost:35149"
startupRole: FOLLOWER
,id: "s0"
address: "localhost:36179"
dataStreamAddress: "localhost:33505"
clientAddress: "localhost:36175"
adminAddress: "localhost:46501"
startupRole: FOLLOWER
,id: "s1"
address: "localhost:36635"
dataStreamAddress: "localhost:41297"
clientAddress: "localhost:39775"
adminAddress: "localhost:41981"
startupRole: FOLLOWER
,id: "s2"
address: "localhost:36969"
dataStreamAddress: "localhost:38077"
clientAddress: "localhost:40489"
adminAddress: "localhost:37929"
startupRole: FOLLOWER
, old:)]
2022-10-24 03:16:15,225 [s3-server-thread1] INFO  server.RaftServer$Division (RaftServerImpl.java:checkInconsistentAppendEntries(1589)) - s3@group-6912872F20E7: Failed appendEntries as the first entry (index 0) already exists (snapshotIndex: -1, commitIndex: 0)
2022-10-24 03:16:15,225 [s3-server-thread1] INFO  server.RaftServer$Division (RaftServerImpl.java:checkInconsistentAppendEntries(1569)) - s3@group-6912872F20E7: inconsistency entries. Reply:s1<-s3#20:FAIL-t2,INCONSISTENCY,nextIndex=1,followerCommit=0,matchIndex=-1
2022-10-24 03:16:15,225 [s3-server-thread3] INFO  server.RaftServer$Division (RaftServerImpl.java:checkInconsistentAppendEntries(1599)) - s3@group-6912872F20E7: Failed appendEntries as previous log entry ((t:2, i:0)) is not found
2022-10-24 03:16:15,226 [s3-server-thread3] INFO  server.RaftServer$Division (RaftServerImpl.java:checkInconsistentAppendEntries(1569)) - s3@group-6912872F20E7: inconsistency entries. Reply:s1<-s3#13:FAIL-t2,INCONSISTENCY,nextIndex=0,followerCommit=0,matchIndex=-1
2022-10-24 03:16:15,226 [s3-server-thread1] INFO  server.RaftServer$Division (RaftServerImpl.java:checkInconsistentAppendEntries(1599)) - s3@group-6912872F20E7: Failed appendEntries as previous log entry ((t:2, i:0)) is not found
2022-10-24 03:16:15,226 [s3-server-thread1] INFO  server.RaftServer$Division (RaftServerImpl.java:checkInconsistentAppendEntries(1569)) - s3@group-6912872F20E7: inconsistency entries. Reply:s1<-s3#14:FAIL-t2,INCONSISTENCY,nextIndex=0,followerCommit=0,matchIndex=-1
2022-10-24 03:16:15,227 [s3-server-thread1] INFO  server.RaftServer$Division (RaftServerImpl.java:checkInconsistentAppendEntries(1599)) - s3@group-6912872F20E7: Failed appendEntries as previous log entry ((t:2, i:0)) is not found
2022-10-24 03:16:15,227 [s3-server-thread1] INFO  server.RaftServer$Division (RaftServerImpl.java:checkInconsistentAppendEntries(1569)) - s3@group-6912872F20E7: inconsistency entries. Reply:s1<-s3#15:FAIL-t2,INCONSISTENCY,nextIndex=0,followerCommit=0,matchIndex=-1
2022-10-24 03:16:15,228 [grpc-default-executor-25] INFO  leader.FollowerInfo (FollowerInfoImpl.java:lambda$new$0(48)) - s1@group-6912872F20E7->s3: nextIndex: updateUnconditionally 1 -> 0
2022-10-24 03:16:15,228 [grpc-default-executor-15] INFO  leader.FollowerInfo (FollowerInfoImpl.java:lambda$new$0(48)) - s1@group-6912872F20E7->s3: nextIndex: updateUnconditionally 1 -> 1
2022-10-24 03:16:15,230 [grpc-default-executor-15] INFO  leader.FollowerInfo (FollowerInfoImpl.java:lambda$new$0(48)) - s1@group-6912872F20E7->s3: nextIndex: updateUnconditionally 1 -> 0
2022-10-24 03:16:15,231 [s3-server-thread3] DEBUG server.RaftServer$Division (RaftServerImpl.java:logAppendEntries(1418)) - s3@group-6912872F20E7: receive appendEntries(s1, 2, null, 0, true, commits:[s1:c0, s3:c0, s4:c0, s0:c0, s2:c0], cId:21, entries: [(t:2, i:0), CONFIGURATIONENTRY(current:id: "s3"
address: "localhost:39579"
dataStreamAddress: "localhost:46293"
clientAddress: "localhost:33409"
adminAddress: "localhost:42243"
startupRole: FOLLOWER
,id: "s4"
address: "localhost:45747"
dataStreamAddress: "localhost:42993"
clientAddress: "localhost:44435"
adminAddress: "localhost:35149"
startupRole: FOLLOWER
,id: "s0"
address: "localhost:36179"
dataStreamAddress: "localhost:33505"
clientAddress: "localhost:36175"
adminAddress: "localhost:46501"
startupRole: FOLLOWER
,id: "s1"
address: "localhost:36635"
dataStreamAddress: "localhost:41297"
clientAddress: "localhost:39775"
adminAddress: "localhost:41981"
startupRole: FOLLOWER
,id: "s2"
address: "localhost:36969"
dataStreamAddress: "localhost:38077"
clientAddress: "localhost:40489"
adminAddress: "localhost:37929"
startupRole: FOLLOWER
, old:)]
2022-10-24 03:16:15,231 [s3-server-thread3] INFO  server.RaftServer$Division (RaftServerImpl.java:checkInconsistentAppendEntries(1589)) - s3@group-6912872F20E7: Failed appendEntries as the first entry (index 0) already exists (snapshotIndex: -1, commitIndex: 0)
2022-10-24 03:16:15,231 [s3-server-thread3] INFO  server.RaftServer$Division (RaftServerImpl.java:checkInconsistentAppendEntries(1569)) - s3@group-6912872F20E7: inconsistency entries. Reply:s1<-s3#21:FAIL-t2,INCONSISTENCY,nextIndex=1,followerCommit=0,matchIndex=-1
2022-10-24 03:16:15,232 [grpc-default-executor-34] INFO  leader.FollowerInfo (FollowerInfoImpl.java:lambda$new$0(48)) - s1@group-6912872F20E7->s3: nextIndex: updateUnconditionally 1 -> 0
2022-10-24 03:16:15,232 [grpc-default-executor-15] INFO  leader.FollowerInfo (FollowerInfoImpl.java:lambda$new$0(48)) - s1@group-6912872F20E7->s3: nextIndex: updateUnconditionally 1 -> 1
2022-10-24 03:16:15,233 [s3-server-thread3] DEBUG server.RaftServer$Division (RaftServerImpl.java:logAppendEntries(1418)) - s3@group-6912872F20E7: receive appendEntries(s1, 2, null, 0, true, commits:[s1:c0, s3:c0, s4:c0, s0:c0, s2:c0], cId:22, entries: [(t:2, i:0), CONFIGURATIONENTRY(current:id: "s3"
address: "localhost:39579"
dataStreamAddress: "localhost:46293"
clientAddress: "localhost:33409"
adminAddress: "localhost:42243"
startupRole: FOLLOWER
,id: "s4"
address: "localhost:45747"
dataStreamAddress: "localhost:42993"
clientAddress: "localhost:44435"
adminAddress: "localhost:35149"
startupRole: FOLLOWER
,id: "s0"
address: "localhost:36179"
dataStreamAddress: "localhost:33505"
clientAddress: "localhost:36175"
adminAddress: "localhost:46501"
startupRole: FOLLOWER
,id: "s1"
address: "localhost:36635"
dataStreamAddress: "localhost:41297"
clientAddress: "localhost:39775"
adminAddress: "localhost:41981"
startupRole: FOLLOWER
,id: "s2"
address: "localhost:36969"
dataStreamAddress: "localhost:38077"
clientAddress: "localhost:40489"
adminAddress: "localhost:37929"
startupRole: FOLLOWER
, old:)]
2022-10-24 03:16:15,233 [s3-server-thread3] INFO  server.RaftServer$Division (RaftServerImpl.java:checkInconsistentAppendEntries(1589)) - s3@group-6912872F20E7: Failed appendEntries as the first entry (index 0) already exists (snapshotIndex: -1, commitIndex: 0)
2022-10-24 03:16:15,233 [s3-server-thread3] INFO  server.RaftServer$Division (RaftServerImpl.java:checkInconsistentAppendEntries(1569)) - s3@group-6912872F20E7: inconsistency entries. Reply:s1<-s3#22:FAIL-t2,INCONSISTENCY,nextIndex=1,followerCommit=0,matchIndex=-1
2022-10-24 03:16:15,234 [s3-server-thread3] DEBUG server.RaftServer$Division (RaftServerImpl.java:logAppendEntries(1418)) - s3@group-6912872F20E7: receive appendEntries(s1, 2, null, 0, true, commits:[s1:c0, s3:c0, s4:c0, s0:c0, s2:c0], cId:23, entries: [(t:2, i:0), CONFIGURATIONENTRY(current:id: "s3"
address: "localhost:39579"
dataStreamAddress: "localhost:46293"
clientAddress: "localhost:33409"
adminAddress: "localhost:42243"
startupRole: FOLLOWER
,id: "s4"
address: "localhost:45747"
dataStreamAddress: "localhost:42993"
clientAddress: "localhost:44435"
adminAddress: "localhost:35149"
startupRole: FOLLOWER
,id: "s0"
address: "localhost:36179"
dataStreamAddress: "localhost:33505"
clientAddress: "localhost:36175"
adminAddress: "localhost:46501"
startupRole: FOLLOWER
,id: "s1"
address: "localhost:36635"
dataStreamAddress: "localhost:41297"
clientAddress: "localhost:39775"
adminAddress: "localhost:41981"
startupRole: FOLLOWER
,id: "s2"
address: "localhost:36969"
dataStreamAddress: "localhost:38077"
clientAddress: "localhost:40489"
adminAddress: "localhost:37929"
startupRole: FOLLOWER
, old:)]
2022-10-24 03:16:15,234 [s3-server-thread3] INFO  server.RaftServer$Division (RaftServerImpl.java:checkInconsistentAppendEntries(1589)) - s3@group-6912872F20E7: Failed appendEntries as the first entry (index 0) already exists (snapshotIndex: -1, commitIndex: 0)
2022-10-24 03:16:15,234 [s3-server-thread3] INFO  server.RaftServer$Division (RaftServerImpl.java:checkInconsistentAppendEntries(1569)) - s3@group-6912872F20E7: inconsistency entries. Reply:s1<-s3#23:FAIL-t2,INCONSISTENCY,nextIndex=1,followerCommit=0,matchIndex=-1
2022-10-24 03:16:15,235 [grpc-default-executor-15] INFO  leader.FollowerInfo (FollowerInfoImpl.java:lambda$new$0(48)) - s1@group-6912872F20E7->s3: nextIndex: updateUnconditionally 1 -> 1
2022-10-24 03:16:15,235 [grpc-default-executor-15] INFO  leader.FollowerInfo (FollowerInfoImpl.java:lambda$new$0(48)) - s1@group-6912872F20E7->s3: nextIndex: updateUnconditionally 1 -> 1
2022-10-24 03:16:15,313 [s3-server-thread3] INFO  server.RaftServer$Division (RaftServerImpl.java:checkInconsistentAppendEntries(1599)) - s3@group-6912872F20E7: Failed appendEntries as previous log entry ((t:2, i:0)) is not found
2022-10-24 03:16:15,313 [s3-server-thread3] INFO  server.RaftServer$Division (RaftServerImpl.java:checkInconsistentAppendEntries(1569)) - s3@group-6912872F20E7: inconsistency entries. Reply:s1<-s3#24:FAIL-t2,INCONSISTENCY,nextIndex=0,followerCommit=0,matchIndex=-1
2022-10-24 03:16:15,316 [grpc-default-executor-15] INFO  leader.FollowerInfo (FollowerInfoImpl.java:lambda$new$0(48)) - s1@group-6912872F20E7->s3: nextIndex: updateUnconditionally 1 -> 0
2022-10-24 03:16:15,317 [s3-server-thread3] DEBUG server.RaftServer$Division (RaftServerImpl.java:logAppendEntries(1418)) - s3@group-6912872F20E7: receive appendEntries(s1, 2, null, 0, true, commits:[s1:c0, s3:c0, s4:c0, s0:c0, s2:c0], cId:25, entries: [(t:2, i:0), CONFIGURATIONENTRY(current:id: "s3"
address: "localhost:39579"
dataStreamAddress: "localhost:46293"
clientAddress: "localhost:33409"
adminAddress: "localhost:42243"
startupRole: FOLLOWER
,id: "s4"
address: "localhost:45747"
dataStreamAddress: "localhost:42993"
clientAddress: "localhost:44435"
adminAddress: "localhost:35149"
startupRole: FOLLOWER
,id: "s0"
address: "localhost:36179"
dataStreamAddress: "localhost:33505"
clientAddress: "localhost:36175"
adminAddress: "localhost:46501"
startupRole: FOLLOWER
,id: "s1"
address: "localhost:36635"
dataStreamAddress: "localhost:41297"
clientAddress: "localhost:39775"
adminAddress: "localhost:41981"
startupRole: FOLLOWER
,id: "s2"
address: "localhost:36969"
dataStreamAddress: "localhost:38077"
clientAddress: "localhost:40489"
adminAddress: "localhost:37929"
startupRole: FOLLOWER
, old:)]
2022-10-24 03:16:15,317 [s3-server-thread3] INFO  server.RaftServer$Division (RaftServerImpl.java:checkInconsistentAppendEntries(1589)) - s3@group-6912872F20E7: Failed appendEntries as the first entry (index 0) already exists (snapshotIndex: -1, commitIndex: 0)
2022-10-24 03:16:15,317 [s3-server-thread3] INFO  server.RaftServer$Division (RaftServerImpl.java:checkInconsistentAppendEntries(1569)) - s3@group-6912872F20E7: inconsistency entries. Reply:s1<-s3#25:FAIL-t2,INCONSISTENCY,nextIndex=1,followerCommit=0,matchIndex=-1
2022-10-24 03:16:15,318 [grpc-default-executor-15] INFO  leader.FollowerInfo (FollowerInfoImpl.java:lambda$new$0(48)) - s1@group-6912872F20E7->s3: nextIndex: updateUnconditionally 1 -> 1
2022-10-24 03:16:15,393 [s3-server-thread3] INFO  server.RaftServer$Division (RaftServerImpl.java:checkInconsistentAppendEntries(1599)) - s3@group-6912872F20E7: Failed appendEntries as previous log entry ((t:2, i:0)) is not found
2022-10-24 03:16:15,394 [s3-server-thread3] INFO  server.RaftServer$Division (RaftServerImpl.java:checkInconsistentAppendEntries(1569)) - s3@group-6912872F20E7: inconsistency entries. Reply:s1<-s3#26:FAIL-t2,INCONSISTENCY,nextIndex=0,followerCommit=0,matchIndex=-1
2022-10-24 03:16:15,394 [grpc-default-executor-15] INFO  leader.FollowerInfo (FollowerInfoImpl.java:lambda$new$0(48)) - s1@group-6912872F20E7->s3: nextIndex: updateUnconditionally 1 -> 0
2022-10-24 03:16:15,395 [s3-server-thread3] DEBUG server.RaftServer$Division (RaftServerImpl.java:logAppendEntries(1418)) - s3@group-6912872F20E7: receive appendEntries(s1, 2, null, 0, true, commits:[s1:c0, s3:c0, s4:c0, s0:c0, s2:c0], cId:27, entries: [(t:2, i:0), CONFIGURATIONENTRY(current:id: "s3"
address: "localhost:39579"
dataStreamAddress: "localhost:46293"
clientAddress: "localhost:33409"
adminAddress: "localhost:42243"
startupRole: FOLLOWER
,id: "s4"
address: "localhost:45747"
dataStreamAddress: "localhost:42993"
clientAddress: "localhost:44435"
adminAddress: "localhost:35149"
startupRole: FOLLOWER
,id: "s0"
address: "localhost:36179"
dataStreamAddress: "localhost:33505"
clientAddress: "localhost:36175"
adminAddress: "localhost:46501"
startupRole: FOLLOWER
,id: "s1"
address: "localhost:36635"
dataStreamAddress: "localhost:41297"
clientAddress: "localhost:39775"
adminAddress: "localhost:41981"
startupRole: FOLLOWER
,id: "s2"
address: "localhost:36969"
dataStreamAddress: "localhost:38077"
clientAddress: "localhost:40489"
adminAddress: "localhost:37929"
startupRole: FOLLOWER
, old:)]
2022-10-24 03:16:15,396 [s3-server-thread3] INFO  server.RaftServer$Division (RaftServerImpl.java:checkInconsistentAppendEntries(1589)) - s3@group-6912872F20E7: Failed appendEntries as the first entry (index 0) already exists (snapshotIndex: -1, commitIndex: 0)
2022-10-24 03:16:15,396 [s3-server-thread3] INFO  server.RaftServer$Division (RaftServerImpl.java:checkInconsistentAppendEntries(1569)) - s3@group-6912872F20E7: inconsistency entries. Reply:s1<-s3#27:FAIL-t2,INCONSISTENCY,nextIndex=1,followerCommit=0,matchIndex=-1
2022-10-24 03:16:15,396 [grpc-default-executor-15] INFO  leader.FollowerInfo (FollowerInfoImpl.java:lambda$new$0(48)) - s1@group-6912872F20E7->s3: nextIndex: updateUnconditionally 1 -> 1
2022-10-24 03:16:15,473 [s3-server-thread3] INFO  server.RaftServer$Division (RaftServerImpl.java:checkInconsistentAppendEntries(1599)) - s3@group-6912872F20E7: Failed appendEntries as previous log entry ((t:2, i:0)) is not found
2022-10-24 03:16:15,473 [s3-server-thread3] INFO  server.RaftServer$Division (RaftServerImpl.java:checkInconsistentAppendEntries(1569)) - s3@group-6912872F20E7: inconsistency entries. Reply:s1<-s3#28:FAIL-t2,INCONSISTENCY,nextIndex=0,followerCommit=0,matchIndex=-1
2022-10-24 03:16:15,477 [grpc-default-executor-15] INFO  leader.FollowerInfo (FollowerInfoImpl.java:lambda$new$0(48)) - s1@group-6912872F20E7->s3: nextIndex: updateUnconditionally 1 -> 0
2022-10-24 03:16:15,478 [s3-server-thread3] DEBUG server.RaftServer$Division (RaftServerImpl.java:logAppendEntries(1418)) - s3@group-6912872F20E7: receive appendEntries(s1, 2, null, 0, true, commits:[s1:c0, s3:c0, s4:c0, s0:c0, s2:c0], cId:29, entries: [(t:2, i:0), CONFIGURATIONENTRY(current:id: "s3"
address: "localhost:39579"
dataStreamAddress: "localhost:46293"
clientAddress: "localhost:33409"
adminAddress: "localhost:42243"
startupRole: FOLLOWER
,id: "s4"
address: "localhost:45747"
dataStreamAddress: "localhost:42993"
clientAddress: "localhost:44435"
adminAddress: "localhost:35149"
startupRole: FOLLOWER
,id: "s0"
address: "localhost:36179"
dataStreamAddress: "localhost:33505"
clientAddress: "localhost:36175"
adminAddress: "localhost:46501"
startupRole: FOLLOWER
,id: "s1"
address: "localhost:36635"
dataStreamAddress: "localhost:41297"
clientAddress: "localhost:39775"
adminAddress: "localhost:41981"
startupRole: FOLLOWER
,id: "s2"
address: "localhost:36969"
dataStreamAddress: "localhost:38077"
clientAddress: "localhost:40489"
adminAddress: "localhost:37929"
startupRole: FOLLOWER
, old:)]
2022-10-24 03:16:15,478 [s3-server-thread3] INFO  server.RaftServer$Division (RaftServerImpl.java:checkInconsistentAppendEntries(1589)) - s3@group-6912872F20E7: Failed appendEntries as the first entry (index 0) already exists (snapshotIndex: -1, commitIndex: 0)
2022-10-24 03:16:15,478 [s3-server-thread3] INFO  server.RaftServer$Division (RaftServerImpl.java:checkInconsistentAppendEntries(1569)) - s3@group-6912872F20E7: inconsistency entries. Reply:s1<-s3#29:FAIL-t2,INCONSISTENCY,nextIndex=1,followerCommit=0,matchIndex=-1
2022-10-24 03:16:15,479 [grpc-default-executor-15] INFO  leader.FollowerInfo (FollowerInfoImpl.java:lambda$new$0(48)) - s1@group-6912872F20E7->s3: nextIndex: updateUnconditionally 1 -> 1
2022-10-24 03:16:15,555 [s3-server-thread3] INFO  server.RaftServer$Division (RaftServerImpl.java:checkInconsistentAppendEntries(1599)) - s3@group-6912872F20E7: Failed appendEntries as previous log entry ((t:2, i:0)) is not found
2022-10-24 03:16:15,557 [s3-server-thread3] INFO  server.RaftServer$Division (RaftServerImpl.java:checkInconsistentAppendEntries(1569)) - s3@group-6912872F20E7: inconsistency entries. Reply:s1<-s3#30:FAIL-t2,INCONSISTENCY,nextIndex=0,followerCommit=0,matchIndex=-1
2022-10-24 03:16:15,558 [grpc-default-executor-15] INFO  leader.FollowerInfo (FollowerInfoImpl.java:lambda$new$0(48)) - s1@group-6912872F20E7->s3: nextIndex: updateUnconditionally 1 -> 0
2022-10-24 03:16:15,559 [s3-server-thread3] DEBUG server.RaftServer$Division (RaftServerImpl.java:logAppendEntries(1418)) - s3@group-6912872F20E7: receive appendEntries(s1, 2, null, 0, true, commits:[s1:c0, s3:c0, s4:c0, s0:c0, s2:c0], cId:31, entries: [(t:2, i:0), CONFIGURATIONENTRY(current:id: "s3"
address: "localhost:39579"
dataStreamAddress: "localhost:46293"
clientAddress: "localhost:33409"
adminAddress: "localhost:42243"
startupRole: FOLLOWER
,id: "s4"
address: "localhost:45747"
dataStreamAddress: "localhost:42993"
clientAddress: "localhost:44435"
adminAddress: "localhost:35149"
startupRole: FOLLOWER
,id: "s0"
address: "localhost:36179"
dataStreamAddress: "localhost:33505"
clientAddress: "localhost:36175"
adminAddress: "localhost:46501"
startupRole: FOLLOWER
,id: "s1"
address: "localhost:36635"
dataStreamAddress: "localhost:41297"
clientAddress: "localhost:39775"
adminAddress: "localhost:41981"
startupRole: FOLLOWER
,id: "s2"
address: "localhost:36969"
dataStreamAddress: "localhost:38077"
clientAddress: "localhost:40489"
adminAddress: "localhost:37929"
startupRole: FOLLOWER
, old:)]
2022-10-24 03:16:15,559 [s3-server-thread3] INFO  server.RaftServer$Division (RaftServerImpl.java:checkInconsistentAppendEntries(1589)) - s3@group-6912872F20E7: Failed appendEntries as the first entry (index 0) already exists (snapshotIndex: -1, commitIndex: 0)
2022-10-24 03:16:15,559 [s3-server-thread3] INFO  server.RaftServer$Division (RaftServerImpl.java:checkInconsistentAppendEntries(1569)) - s3@group-6912872F20E7: inconsistency entries. Reply:s1<-s3#31:FAIL-t2,INCONSISTENCY,nextIndex=1,followerCommit=0,matchIndex=-1
2022-10-24 03:16:15,560 [grpc-default-executor-15] INFO  leader.FollowerInfo (FollowerInfoImpl.java:lambda$new$0(48)) - s1@group-6912872F20E7->s3: nextIndex: updateUnconditionally 1 -> 1
2022-10-24 03:16:15,636 [s3-server-thread3] INFO  server.RaftServer$Division (RaftServerImpl.java:checkInconsistentAppendEntries(1599)) - s3@group-6912872F20E7: Failed appendEntries as previous log entry ((t:2, i:0)) is not found
2022-10-24 03:16:15,636 [s3-server-thread3] INFO  server.RaftServer$Division (RaftServerImpl.java:checkInconsistentAppendEntries(1569)) - s3@group-6912872F20E7: inconsistency entries. Reply:s1<-s3#32:FAIL-t2,INCONSISTENCY,nextIndex=0,followerCommit=0,matchIndex=-1
2022-10-24 03:16:15,637 [grpc-default-executor-34] INFO  leader.FollowerInfo (FollowerInfoImpl.java:lambda$new$0(48)) - s1@group-6912872F20E7->s3: nextIndex: updateUnconditionally 1 -> 0
2022-10-24 03:16:15,638 [s3-server-thread3] DEBUG server.RaftServer$Division (RaftServerImpl.java:logAppendEntries(1418)) - s3@group-6912872F20E7: receive appendEntries(s1, 2, null, 0, true, commits:[s1:c0, s3:c0, s4:c0, s0:c0, s2:c0], cId:33, entries: [(t:2, i:0), CONFIGURATIONENTRY(current:id: "s3"
address: "localhost:39579"
dataStreamAddress: "localhost:46293"
clientAddress: "localhost:33409"
adminAddress: "localhost:42243"
startupRole: FOLLOWER
,id: "s4"
address: "localhost:45747"
dataStreamAddress: "localhost:42993"
clientAddress: "localhost:44435"
adminAddress: "localhost:35149"
startupRole: FOLLOWER
,id: "s0"
address: "localhost:36179"
dataStreamAddress: "localhost:33505"
clientAddress: "localhost:36175"
adminAddress: "localhost:46501"
startupRole: FOLLOWER
,id: "s1"
address: "localhost:36635"
dataStreamAddress: "localhost:41297"
clientAddress: "localhost:39775"
adminAddress: "localhost:41981"
startupRole: FOLLOWER
,id: "s2"
address: "localhost:36969"
dataStreamAddress: "localhost:38077"
clientAddress: "localhost:40489"
adminAddress: "localhost:37929"
startupRole: FOLLOWER
, old:)]
2022-10-24 03:16:15,638 [s3-server-thread3] INFO  server.RaftServer$Division (RaftServerImpl.java:checkInconsistentAppendEntries(1589)) - s3@group-6912872F20E7: Failed appendEntries as the first entry (index 0) already exists (snapshotIndex: -1, commitIndex: 0)
2022-10-24 03:16:15,638 [s3-server-thread3] INFO  server.RaftServer$Division (RaftServerImpl.java:checkInconsistentAppendEntries(1569)) - s3@group-6912872F20E7: inconsistency entries. Reply:s1<-s3#33:FAIL-t2,INCONSISTENCY,nextIndex=1,followerCommit=0,matchIndex=-1
2022-10-24 03:16:15,639 [grpc-default-executor-34] INFO  leader.FollowerInfo (FollowerInfoImpl.java:lambda$new$0(48)) - s1@group-6912872F20E7->s3: nextIndex: updateUnconditionally 1 -> 1
2022-10-24 03:16:15,715 [s3-server-thread3] INFO  server.RaftServer$Division (RaftServerImpl.java:checkInconsistentAppendEntries(1599)) - s3@group-6912872F20E7: Failed appendEntries as previous log entry ((t:2, i:0)) is not found
2022-10-24 03:16:15,716 [s3-server-thread3] INFO  server.RaftServer$Division (RaftServerImpl.java:checkInconsistentAppendEntries(1569)) - s3@group-6912872F20E7: inconsistency entries. Reply:s1<-s3#34:FAIL-t2,INCONSISTENCY,nextIndex=0,followerCommit=0,matchIndex=-1
2022-10-24 03:16:15,716 [grpc-default-executor-34] INFO  leader.FollowerInfo (FollowerInfoImpl.java:lambda$new$0(48)) - s1@group-6912872F20E7->s3: nextIndex: updateUnconditionally 1 -> 0
2022-10-24 03:16:15,718 [s3-server-thread3] DEBUG server.RaftServer$Division (RaftServerImpl.java:logAppendEntries(1418)) - s3@group-6912872F20E7: receive appendEntries(s1, 2, null, 0, true, commits:[s1:c0, s3:c0, s4:c0, s0:c0, s2:c0], cId:35, entries: [(t:2, i:0), CONFIGURATIONENTRY(current:id: "s3"
address: "localhost:39579"
dataStreamAddress: "localhost:46293"
clientAddress: "localhost:33409"
adminAddress: "localhost:42243"
startupRole: FOLLOWER
,id: "s4"
address: "localhost:45747"
dataStreamAddress: "localhost:42993"
clientAddress: "localhost:44435"
adminAddress: "localhost:35149"
startupRole: FOLLOWER
,id: "s0"
address: "localhost:36179"
dataStreamAddress: "localhost:33505"
clientAddress: "localhost:36175"
adminAddress: "localhost:46501"
startupRole: FOLLOWER
,id: "s1"
address: "localhost:36635"
dataStreamAddress: "localhost:41297"
clientAddress: "localhost:39775"
adminAddress: "localhost:41981"
startupRole: FOLLOWER
,id: "s2"
address: "localhost:36969"
dataStreamAddress: "localhost:38077"
clientAddress: "localhost:40489"
adminAddress: "localhost:37929"
startupRole: FOLLOWER
, old:)]
2022-10-24 03:16:15,718 [s3-server-thread3] INFO  server.RaftServer$Division (RaftServerImpl.java:checkInconsistentAppendEntries(1589)) - s3@group-6912872F20E7: Failed appendEntries as the first entry (index 0) already exists (snapshotIndex: -1, commitIndex: 0)
2022-10-24 03:16:15,718 [s3-server-thread3] INFO  server.RaftServer$Division (RaftServerImpl.java:checkInconsistentAppendEntries(1569)) - s3@group-6912872F20E7: inconsistency entries. Reply:s1<-s3#35:FAIL-t2,INCONSISTENCY,nextIndex=1,followerCommit=0,matchIndex=-1
2022-10-24 03:16:15,718 [grpc-default-executor-34] INFO  leader.FollowerInfo (FollowerInfoImpl.java:lambda$new$0(48)) - s1@group-6912872F20E7->s3: nextIndex: updateUnconditionally 1 -> 1
2022-10-24 03:16:15,794 [s3-server-thread3] INFO  server.RaftServer$Division (RaftServerImpl.java:checkInconsistentAppendEntries(1599)) - s3@group-6912872F20E7: Failed appendEntries as previous log entry ((t:2, i:0)) is not found
2022-10-24 03:16:15,794 [s3-server-thread3] INFO  server.RaftServer$Division (RaftServerImpl.java:checkInconsistentAppendEntries(1569)) - s3@group-6912872F20E7: inconsistency entries. Reply:s1<-s3#36:FAIL-t2,INCONSISTENCY,nextIndex=0,followerCommit=0,matchIndex=-1
2022-10-24 03:16:15,795 [grpc-default-executor-34] INFO  leader.FollowerInfo (FollowerInfoImpl.java:lambda$new$0(48)) - s1@group-6912872F20E7->s3: nextIndex: updateUnconditionally 1 -> 0
2022-10-24 03:16:15,796 [s3-server-thread3] DEBUG server.RaftServer$Division (RaftServerImpl.java:logAppendEntries(1418)) - s3@group-6912872F20E7: receive appendEntries(s1, 2, null, 0, true, commits:[s1:c0, s3:c0, s4:c0, s0:c0, s2:c0], cId:37, entries: [(t:2, i:0), CONFIGURATIONENTRY(current:id: "s3"
address: "localhost:39579"
dataStreamAddress: "localhost:46293"
clientAddress: "localhost:33409"
adminAddress: "localhost:42243"
startupRole: FOLLOWER
,id: "s4"
address: "localhost:45747"
dataStreamAddress: "localhost:42993"
clientAddress: "localhost:44435"
adminAddress: "localhost:35149"
startupRole: FOLLOWER
,id: "s0"
address: "localhost:36179"
dataStreamAddress: "localhost:33505"
clientAddress: "localhost:36175"
adminAddress: "localhost:46501"
startupRole: FOLLOWER
,id: "s1"
address: "localhost:36635"
dataStreamAddress: "localhost:41297"
clientAddress: "localhost:39775"
adminAddress: "localhost:41981"
startupRole: FOLLOWER
,id: "s2"
address: "localhost:36969"
dataStreamAddress: "localhost:38077"
clientAddress: "localhost:40489"
adminAddress: "localhost:37929"
startupRole: FOLLOWER
, old:)]
2022-10-24 03:16:15,796 [s3-server-thread3] INFO  server.RaftServer$Division (RaftServerImpl.java:checkInconsistentAppendEntries(1589)) - s3@group-6912872F20E7: Failed appendEntries as the first entry (index 0) already exists (snapshotIndex: -1, commitIndex: 0)
2022-10-24 03:16:15,796 [s3-server-thread3] INFO  server.RaftServer$Division (RaftServerImpl.java:checkInconsistentAppendEntries(1569)) - s3@group-6912872F20E7: inconsistency entries. Reply:s1<-s3#37:FAIL-t2,INCONSISTENCY,nextIndex=1,followerCommit=0,matchIndex=-1
2022-10-24 03:16:15,797 [grpc-default-executor-34] INFO  leader.FollowerInfo (FollowerInfoImpl.java:lambda$new$0(48)) - s1@group-6912872F20E7->s3: nextIndex: updateUnconditionally 1 -> 1
2022-10-24 03:16:15,873 [s3-server-thread3] INFO  server.RaftServer$Division (RaftServerImpl.java:checkInconsistentAppendEntries(1599)) - s3@group-6912872F20E7: Failed appendEntries as previous log entry ((t:2, i:0)) is not found
2022-10-24 03:16:15,873 [s3-server-thread3] INFO  server.RaftServer$Division (RaftServerImpl.java:checkInconsistentAppendEntries(1569)) - s3@group-6912872F20E7: inconsistency entries. Reply:s1<-s3#38:FAIL-t2,INCONSISTENCY,nextIndex=0,followerCommit=0,matchIndex=-1
2022-10-24 03:16:15,874 [grpc-default-executor-34] INFO  leader.FollowerInfo (FollowerInfoImpl.java:lambda$new$0(48)) - s1@group-6912872F20E7->s3: nextIndex: updateUnconditionally 1 -> 0
2022-10-24 03:16:15,875 [s3-server-thread3] DEBUG server.RaftServer$Division (RaftServerImpl.java:logAppendEntries(1418)) - s3@group-6912872F20E7: receive appendEntries(s1, 2, null, 0, true, commits:[s1:c0, s3:c0, s4:c0, s0:c0, s2:c0], cId:39, entries: [(t:2, i:0), CONFIGURATIONENTRY(current:id: "s3"
address: "localhost:39579"
dataStreamAddress: "localhost:46293"
clientAddress: "localhost:33409"
adminAddress: "localhost:42243"
startupRole: FOLLOWER
,id: "s4"
address: "localhost:45747"
dataStreamAddress: "localhost:42993"
clientAddress: "localhost:44435"
adminAddress: "localhost:35149"
startupRole: FOLLOWER
,id: "s0"
address: "localhost:36179"
dataStreamAddress: "localhost:33505"
clientAddress: "localhost:36175"
adminAddress: "localhost:46501"
startupRole: FOLLOWER
,id: "s1"
address: "localhost:36635"
dataStreamAddress: "localhost:41297"
clientAddress: "localhost:39775"
adminAddress: "localhost:41981"
startupRole: FOLLOWER
,id: "s2"
address: "localhost:36969"
dataStreamAddress: "localhost:38077"
clientAddress: "localhost:40489"
adminAddress: "localhost:37929"
startupRole: FOLLOWER
, old:)]
2022-10-24 03:16:15,875 [s3-server-thread3] INFO  server.RaftServer$Division (RaftServerImpl.java:checkInconsistentAppendEntries(1589)) - s3@group-6912872F20E7: Failed appendEntries as the first entry (index 0) already exists (snapshotIndex: -1, commitIndex: 0)
2022-10-24 03:16:15,875 [s3-server-thread3] INFO  server.RaftServer$Division (RaftServerImpl.java:checkInconsistentAppendEntries(1569)) - s3@group-6912872F20E7: inconsistency entries. Reply:s1<-s3#39:FAIL-t2,INCONSISTENCY,nextIndex=1,followerCommit=0,matchIndex=-1
2022-10-24 03:16:15,876 [grpc-default-executor-34] INFO  leader.FollowerInfo (FollowerInfoImpl.java:lambda$new$0(48)) - s1@group-6912872F20E7->s3: nextIndex: updateUnconditionally 1 -> 1
2022-10-24 03:16:15,892 [Time-limited test] INFO  grpc.TestLeaderElectionWithGrpc (LeaderElectionTests.java:enforceLeader(292)) - try enforcing leader to s3 but new leader is s1
2022-10-24 03:16:15,893 [Time-limited test] INFO  server.RaftServerConfigKeys (ConfUtils.java:logGet(46)) - raft.server.rpc.timeout.max = 300ms (default)
2022-10-24 03:16:15,935 [s1@group-6912872F20E7->s2-GrpcLogAppender-LogAppenderDaemon] INFO  util.CodeInjectionForTesting (DelayLocalExecutionInjection.java:execute(65)) - s1 delay 150 ms, args=[serverRequest {
  requestorId: "s1"
  replyId: "s2"
  raftGroupId {
    id: "\226\001\321s\341\rE_\235\364i\022\207/ \347"
  }
  callId: 20
  slidingWindowEntry {
  }
}
leaderTerm: 2
previousLog {
  term: 2
}
initializing: true
commitInfos {
  server {
    id: "s1"
    address: "localhost:36635"
    dataStreamAddress: "localhost:41297"
    clientAddress: "localhost:39775"
    adminAddress: "localhost:41981"
    startupRole: FOLLOWER
  }
}
commitInfos {
  server {
    id: "s3"
    address: "localhost:39579"
    dataStreamAddress: "localhost:46293"
    clientAddress: "localhost:33409"
    adminAddress: "localhost:42243"
    startupRole: FOLLOWER
  }
}
commitInfos {
  server {
    id: "s4"
    address: "localhost:45747"
    dataStreamAddress: "localhost:42993"
    clientAddress: "localhost:44435"
    adminAddress: "localhost:35149"
    startupRole: FOLLOWER
  }
}
commitInfos {
  server {
    id: "s0"
    address: "localhost:36179"
    dataStreamAddress: "localhost:33505"
    clientAddress: "localhost:36175"
    adminAddress: "localhost:46501"
    startupRole: FOLLOWER
  }
}
commitInfos {
  server {
    id: "s2"
    address: "localhost:36969"
    dataStreamAddress: "localhost:38077"
    clientAddress: "localhost:40489"
    adminAddress: "localhost:37929"
    startupRole: FOLLOWER
  }
}
]
2022-10-24 03:16:15,935 [s1@group-6912872F20E7->s0-GrpcLogAppender-LogAppenderDaemon] INFO  util.CodeInjectionForTesting (DelayLocalExecutionInjection.java:execute(65)) - s1 delay 150 ms, args=[serverRequest {
  requestorId: "s1"
  replyId: "s0"
  raftGroupId {
    id: "\226\001\321s\341\rE_\235\364i\022\207/ \347"
  }
  callId: 21
  slidingWindowEntry {
  }
}
leaderTerm: 2
previousLog {
  term: 2
}
initializing: true
commitInfos {
  server {
    id: "s1"
    address: "localhost:36635"
    dataStreamAddress: "localhost:41297"
    clientAddress: "localhost:39775"
    adminAddress: "localhost:41981"
    startupRole: FOLLOWER
  }
}
commitInfos {
  server {
    id: "s3"
    address: "localhost:39579"
    dataStreamAddress: "localhost:46293"
    clientAddress: "localhost:33409"
    adminAddress: "localhost:42243"
    startupRole: FOLLOWER
  }
}
commitInfos {
  server {
    id: "s4"
    address: "localhost:45747"
    dataStreamAddress: "localhost:42993"
    clientAddress: "localhost:44435"
    adminAddress: "localhost:35149"
    startupRole: FOLLOWER
  }
}
commitInfos {
  server {
    id: "s0"
    address: "localhost:36179"
    dataStreamAddress: "localhost:33505"
    clientAddress: "localhost:36175"
    adminAddress: "localhost:46501"
    startupRole: FOLLOWER
  }
}
commitInfos {
  server {
    id: "s2"
    address: "localhost:36969"
    dataStreamAddress: "localhost:38077"
    clientAddress: "localhost:40489"
    adminAddress: "localhost:37929"
    startupRole: FOLLOWER
  }
}
]
2022-10-24 03:16:15,943 [s1@group-6912872F20E7->s4-GrpcLogAppender-LogAppenderDaemon] INFO  util.CodeInjectionForTesting (DelayLocalExecutionInjection.java:execute(65)) - s1 delay 150 ms, args=[serverRequest {
  requestorId: "s1"
  replyId: "s4"
  raftGroupId {
    id: "\226\001\321s\341\rE_\235\364i\022\207/ \347"
  }
  callId: 20
  slidingWindowEntry {
  }
}
leaderTerm: 2
previousLog {
  term: 2
}
initializing: true
commitInfos {
  server {
    id: "s1"
    address: "localhost:36635"
    dataStreamAddress: "localhost:41297"
    clientAddress: "localhost:39775"
    adminAddress: "localhost:41981"
    startupRole: FOLLOWER
  }
}
commitInfos {
  server {
    id: "s3"
    address: "localhost:39579"
    dataStreamAddress: "localhost:46293"
    clientAddress: "localhost:33409"
    adminAddress: "localhost:42243"
    startupRole: FOLLOWER
  }
}
commitInfos {
  server {
    id: "s4"
    address: "localhost:45747"
    dataStreamAddress: "localhost:42993"
    clientAddress: "localhost:44435"
    adminAddress: "localhost:35149"
    startupRole: FOLLOWER
  }
}
commitInfos {
  server {
    id: "s0"
    address: "localhost:36179"
    dataStreamAddress: "localhost:33505"
    clientAddress: "localhost:36175"
    adminAddress: "localhost:46501"
    startupRole: FOLLOWER
  }
}
commitInfos {
  server {
    id: "s2"
    address: "localhost:36969"
    dataStreamAddress: "localhost:38077"
    clientAddress: "localhost:40489"
    adminAddress: "localhost:37929"
    startupRole: FOLLOWER
  }
}
]
2022-10-24 03:16:15,952 [s1@group-6912872F20E7->s3-GrpcLogAppender-LogAppenderDaemon] INFO  util.CodeInjectionForTesting (DelayLocalExecutionInjection.java:execute(65)) - s1 delay 150 ms, args=[serverRequest {
  requestorId: "s1"
  replyId: "s3"
  raftGroupId {
    id: "\226\001\321s\341\rE_\235\364i\022\207/ \347"
  }
  callId: 40
  slidingWindowEntry {
  }
}
leaderTerm: 2
previousLog {
  term: 2
}
initializing: true
commitInfos {
  server {
    id: "s1"
    address: "localhost:36635"
    dataStreamAddress: "localhost:41297"
    clientAddress: "localhost:39775"
    adminAddress: "localhost:41981"
    startupRole: FOLLOWER
  }
}
commitInfos {
  server {
    id: "s3"
    address: "localhost:39579"
    dataStreamAddress: "localhost:46293"
    clientAddress: "localhost:33409"
    adminAddress: "localhost:42243"
    startupRole: FOLLOWER
  }
}
commitInfos {
  server {
    id: "s4"
    address: "localhost:45747"
    dataStreamAddress: "localhost:42993"
    clientAddress: "localhost:44435"
    adminAddress: "localhost:35149"
    startupRole: FOLLOWER
  }
}
commitInfos {
  server {
    id: "s0"
    address: "localhost:36179"
    dataStreamAddress: "localhost:33505"
    clientAddress: "localhost:36175"
    adminAddress: "localhost:46501"
    startupRole: FOLLOWER
  }
}
commitInfos {
  server {
    id: "s2"
    address: "localhost:36969"
    dataStreamAddress: "localhost:38077"
    clientAddress: "localhost:40489"
    adminAddress: "localhost:37929"
    startupRole: FOLLOWER
  }
}
]
2022-10-24 03:16:16,102 [s3-server-thread3] INFO  util.CodeInjectionForTesting (BlockRequestHandlingInjection.java:execute(77)) - s3: Block request from s1
2022-10-24 03:16:16,140 [s1@group-6912872F20E7->s3-GrpcLogAppender-LogAppenderDaemon] INFO  util.CodeInjectionForTesting (DelayLocalExecutionInjection.java:execute(65)) - s1 delay 150 ms, args=[serverRequest {
  requestorId: "s1"
  replyId: "s3"
  raftGroupId {
    id: "\226\001\321s\341\rE_\235\364i\022\207/ \347"
  }
  callId: 41
  slidingWindowEntry {
  }
}
leaderTerm: 2
previousLog {
  term: 2
}
initializing: true
commitInfos {
  server {
    id: "s1"
    address: "localhost:36635"
    dataStreamAddress: "localhost:41297"
    clientAddress: "localhost:39775"
    adminAddress: "localhost:41981"
    startupRole: FOLLOWER
  }
}
commitInfos {
  server {
    id: "s3"
    address: "localhost:39579"
    dataStreamAddress: "localhost:46293"
    clientAddress: "localhost:33409"
    adminAddress: "localhost:42243"
    startupRole: FOLLOWER
  }
}
commitInfos {
  server {
    id: "s4"
    address: "localhost:45747"
    dataStreamAddress: "localhost:42993"
    clientAddress: "localhost:44435"
    adminAddress: "localhost:35149"
    startupRole: FOLLOWER
  }
}
commitInfos {
  server {
    id: "s0"
    address: "localhost:36179"
    dataStreamAddress: "localhost:33505"
    clientAddress: "localhost:36175"
    adminAddress: "localhost:46501"
    startupRole: FOLLOWER
  }
}
commitInfos {
  server {
    id: "s2"
    address: "localhost:36969"
    dataStreamAddress: "localhost:38077"
    clientAddress: "localhost:40489"
    adminAddress: "localhost:37929"
    startupRole: FOLLOWER
  }
}
]
2022-10-24 03:16:16,164 [s1@group-6912872F20E7->s0-GrpcLogAppender-LogAppenderDaemon] INFO  util.CodeInjectionForTesting (DelayLocalExecutionInjection.java:execute(65)) - s1 delay 150 ms, args=[serverRequest {
  requestorId: "s1"
  replyId: "s0"
  raftGroupId {
    id: "\226\001\321s\341\rE_\235\364i\022\207/ \347"
  }
  callId: 22
  slidingWindowEntry {
  }
}
leaderTerm: 2
previousLog {
  term: 2
}
initializing: true
commitInfos {
  server {
    id: "s1"
    address: "localhost:36635"
    dataStreamAddress: "localhost:41297"
    clientAddress: "localhost:39775"
    adminAddress: "localhost:41981"
    startupRole: FOLLOWER
  }
}
commitInfos {
  server {
    id: "s3"
    address: "localhost:39579"
    dataStreamAddress: "localhost:46293"
    clientAddress: "localhost:33409"
    adminAddress: "localhost:42243"
    startupRole: FOLLOWER
  }
}
commitInfos {
  server {
    id: "s4"
    address: "localhost:45747"
    dataStreamAddress: "localhost:42993"
    clientAddress: "localhost:44435"
    adminAddress: "localhost:35149"
    startupRole: FOLLOWER
  }
}
commitInfos {
  server {
    id: "s0"
    address: "localhost:36179"
    dataStreamAddress: "localhost:33505"
    clientAddress: "localhost:36175"
    adminAddress: "localhost:46501"
    startupRole: FOLLOWER
  }
}
commitInfos {
  server {
    id: "s2"
    address: "localhost:36969"
    dataStreamAddress: "localhost:38077"
    clientAddress: "localhost:40489"
    adminAddress: "localhost:37929"
    startupRole: FOLLOWER
  }
}
]
2022-10-24 03:16:16,164 [s1@group-6912872F20E7->s2-GrpcLogAppender-LogAppenderDaemon] INFO  util.CodeInjectionForTesting (DelayLocalExecutionInjection.java:execute(65)) - s1 delay 150 ms, args=[serverRequest {
  requestorId: "s1"
  replyId: "s2"
  raftGroupId {
    id: "\226\001\321s\341\rE_\235\364i\022\207/ \347"
  }
  callId: 21
  slidingWindowEntry {
  }
}
leaderTerm: 2
previousLog {
  term: 2
}
initializing: true
commitInfos {
  server {
    id: "s1"
    address: "localhost:36635"
    dataStreamAddress: "localhost:41297"
    clientAddress: "localhost:39775"
    adminAddress: "localhost:41981"
    startupRole: FOLLOWER
  }
}
commitInfos {
  server {
    id: "s3"
    address: "localhost:39579"
    dataStreamAddress: "localhost:46293"
    clientAddress: "localhost:33409"
    adminAddress: "localhost:42243"
    startupRole: FOLLOWER
  }
}
commitInfos {
  server {
    id: "s4"
    address: "localhost:45747"
    dataStreamAddress: "localhost:42993"
    clientAddress: "localhost:44435"
    adminAddress: "localhost:35149"
    startupRole: FOLLOWER
  }
}
commitInfos {
  server {
    id: "s0"
    address: "localhost:36179"
    dataStreamAddress: "localhost:33505"
    clientAddress: "localhost:36175"
    adminAddress: "localhost:46501"
    startupRole: FOLLOWER
  }
}
commitInfos {
  server {
    id: "s2"
    address: "localhost:36969"
    dataStreamAddress: "localhost:38077"
    clientAddress: "localhost:40489"
    adminAddress: "localhost:37929"
    startupRole: FOLLOWER
  }
}
]
2022-10-24 03:16:16,171 [s1@group-6912872F20E7->s4-GrpcLogAppender-LogAppenderDaemon] INFO  util.CodeInjectionForTesting (DelayLocalExecutionInjection.java:execute(65)) - s1 delay 150 ms, args=[serverRequest {
  requestorId: "s1"
  replyId: "s4"
  raftGroupId {
    id: "\226\001\321s\341\rE_\235\364i\022\207/ \347"
  }
  callId: 21
  slidingWindowEntry {
  }
}
leaderTerm: 2
previousLog {
  term: 2
}
initializing: true
commitInfos {
  server {
    id: "s1"
    address: "localhost:36635"
    dataStreamAddress: "localhost:41297"
    clientAddress: "localhost:39775"
    adminAddress: "localhost:41981"
    startupRole: FOLLOWER
  }
}
commitInfos {
  server {
    id: "s3"
    address: "localhost:39579"
    dataStreamAddress: "localhost:46293"
    clientAddress: "localhost:33409"
    adminAddress: "localhost:42243"
    startupRole: FOLLOWER
  }
}
commitInfos {
  server {
    id: "s4"
    address: "localhost:45747"
    dataStreamAddress: "localhost:42993"
    clientAddress: "localhost:44435"
    adminAddress: "localhost:35149"
    startupRole: FOLLOWER
  }
}
commitInfos {
  server {
    id: "s0"
    address: "localhost:36179"
    dataStreamAddress: "localhost:33505"
    clientAddress: "localhost:36175"
    adminAddress: "localhost:46501"
    startupRole: FOLLOWER
  }
}
commitInfos {
  server {
    id: "s2"
    address: "localhost:36969"
    dataStreamAddress: "localhost:38077"
    clientAddress: "localhost:40489"
    adminAddress: "localhost:37929"
    startupRole: FOLLOWER
  }
}
]
2022-10-24 03:16:16,261 [s3@group-6912872F20E7-FollowerState] INFO  impl.FollowerState (FollowerState.java:run(143)) - s3@group-6912872F20E7-FollowerState: change to CANDIDATE, lastRpcElapsedTime:385313090ns, electionTimeout:264ms
2022-10-24 03:16:16,261 [s3@group-6912872F20E7-FollowerState] INFO  impl.RoleInfo (RoleInfo.java:shutdownFollowerState(110)) - s3: shutdown s3@group-6912872F20E7-FollowerState
2022-10-24 03:16:16,261 [s3@group-6912872F20E7-FollowerState] INFO  server.RaftServer$Division (RaftServerImpl.java:setRole(325)) - s3@group-6912872F20E7: changes role from  FOLLOWER to CANDIDATE at term 2 for changeToCandidate
2022-10-24 03:16:16,261 [s3@group-6912872F20E7-FollowerState] INFO  server.RaftServerConfigKeys (ConfUtils.java:logGet(46)) - raft.server.leaderelection.pre-vote = true (default)
2022-10-24 03:16:16,261 [s3@group-6912872F20E7-FollowerState] INFO  impl.RoleInfo (RoleInfo.java:updateAndGet(139)) - s3: start s3@group-6912872F20E7-LeaderElection12
2022-10-24 03:16:16,264 [s3@group-6912872F20E7-LeaderElection12] INFO  server.RaftServer$Division (ServerState.java:setLeader(259)) - s3@group-6912872F20E7: change Leader from s1 to null at term 2 for PRE_VOTE
2022-10-24 03:16:16,264 [s3@group-6912872F20E7-LeaderElection12] INFO  impl.LeaderElection (LeaderElection.java:askForVotes(309)) - s3@group-6912872F20E7-LeaderElection12 PRE_VOTE round 0: submit vote requests at term 2 for 0: peers:[s3|rpc:localhost:39579|admin:localhost:42243|client:localhost:33409|dataStream:localhost:46293|priority:0|startupRole:FOLLOWER, s4|rpc:localhost:45747|admin:localhost:35149|client:localhost:44435|dataStream:localhost:42993|priority:0|startupRole:FOLLOWER, s0|rpc:localhost:36179|admin:localhost:46501|client:localhost:36175|dataStream:localhost:33505|priority:0|startupRole:FOLLOWER, s1|rpc:localhost:36635|admin:localhost:41981|client:localhost:39775|dataStream:localhost:41297|priority:0|startupRole:FOLLOWER, s2|rpc:localhost:36969|admin:localhost:37929|client:localhost:40489|dataStream:localhost:38077|priority:0|startupRole:FOLLOWER]|listeners:[], old=null
2022-10-24 03:16:16,268 [grpc-default-executor-25] INFO  server.RaftServer$Division (RaftServerImpl.java:requestVote(1291)) - s4@group-6912872F20E7: receive requestVote(PRE_VOTE, s3, group-6912872F20E7, 2, (t:1, i:0))
2022-10-24 03:16:16,268 [grpc-default-executor-25] INFO  impl.VoteContext (VoteContext.java:log(49)) - s4@group-6912872F20E7-FOLLOWER: reject PRE_VOTE from s3: our last entry (t:2, i:0) > candidate's last entry (t:1, i:0)
2022-10-24 03:16:16,268 [grpc-default-executor-25] INFO  server.RaftServer$Division (RaftServerImpl.java:requestVote(1324)) - s4@group-6912872F20E7 replies to PRE_VOTE vote request: s3<-s4#0:FAIL-t2. Peer's state: s4@group-6912872F20E7:t2, leader=s1, voted=s1, raftlog=Memoized:s4@group-6912872F20E7-SegmentedRaftLog:OPENED:c0, conf=0: peers:[s3|rpc:localhost:39579|admin:localhost:42243|client:localhost:33409|dataStream:localhost:46293|priority:0|startupRole:FOLLOWER, s4|rpc:localhost:45747|admin:localhost:35149|client:localhost:44435|dataStream:localhost:42993|priority:0|startupRole:FOLLOWER, s0|rpc:localhost:36179|admin:localhost:46501|client:localhost:36175|dataStream:localhost:33505|priority:0|startupRole:FOLLOWER, s1|rpc:localhost:36635|admin:localhost:41981|client:localhost:39775|dataStream:localhost:41297|priority:0|startupRole:FOLLOWER, s2|rpc:localhost:36969|admin:localhost:37929|client:localhost:40489|dataStream:localhost:38077|priority:0|startupRole:FOLLOWER]|listeners:[], old=null
2022-10-24 03:16:16,268 [grpc-default-executor-34] INFO  server.RaftServer$Division (RaftServerImpl.java:requestVote(1291)) - s1@group-6912872F20E7: receive requestVote(PRE_VOTE, s3, group-6912872F20E7, 2, (t:1, i:0))
2022-10-24 03:16:16,269 [grpc-default-executor-34] INFO  impl.VoteContext (VoteContext.java:log(49)) - s1@group-6912872F20E7-LEADER: reject PRE_VOTE from s3: this server is the leader and still has leadership
2022-10-24 03:16:16,269 [grpc-default-executor-34] INFO  server.RaftServer$Division (RaftServerImpl.java:requestVote(1324)) - s1@group-6912872F20E7 replies to PRE_VOTE vote request: s3<-s1#0:FAIL-t2. Peer's state: s1@group-6912872F20E7:t2, leader=s1, voted=s1, raftlog=Memoized:s1@group-6912872F20E7-SegmentedRaftLog:OPENED:c0, conf=0: peers:[s3|rpc:localhost:39579|admin:localhost:42243|client:localhost:33409|dataStream:localhost:46293|priority:0|startupRole:FOLLOWER, s4|rpc:localhost:45747|admin:localhost:35149|client:localhost:44435|dataStream:localhost:42993|priority:0|startupRole:FOLLOWER, s0|rpc:localhost:36179|admin:localhost:46501|client:localhost:36175|dataStream:localhost:33505|priority:0|startupRole:FOLLOWER, s1|rpc:localhost:36635|admin:localhost:41981|client:localhost:39775|dataStream:localhost:41297|priority:0|startupRole:FOLLOWER, s2|rpc:localhost:36969|admin:localhost:37929|client:localhost:40489|dataStream:localhost:38077|priority:0|startupRole:FOLLOWER]|listeners:[], old=null
2022-10-24 03:16:16,269 [grpc-default-executor-34] INFO  server.RaftServer$Division (RaftServerImpl.java:requestVote(1291)) - s0@group-6912872F20E7: receive requestVote(PRE_VOTE, s3, group-6912872F20E7, 2, (t:1, i:0))
2022-10-24 03:16:16,270 [grpc-default-executor-34] INFO  impl.VoteContext (VoteContext.java:log(49)) - s0@group-6912872F20E7-FOLLOWER: reject PRE_VOTE from s3: our last entry (t:2, i:0) > candidate's last entry (t:1, i:0)
2022-10-24 03:16:16,270 [grpc-default-executor-34] INFO  server.RaftServer$Division (RaftServerImpl.java:requestVote(1324)) - s0@group-6912872F20E7 replies to PRE_VOTE vote request: s3<-s0#0:FAIL-t2. Peer's state: s0@group-6912872F20E7:t2, leader=s1, voted=s1, raftlog=Memoized:s0@group-6912872F20E7-SegmentedRaftLog:OPENED:c0, conf=0: peers:[s3|rpc:localhost:39579|admin:localhost:42243|client:localhost:33409|dataStream:localhost:46293|priority:0|startupRole:FOLLOWER, s4|rpc:localhost:45747|admin:localhost:35149|client:localhost:44435|dataStream:localhost:42993|priority:0|startupRole:FOLLOWER, s0|rpc:localhost:36179|admin:localhost:46501|client:localhost:36175|dataStream:localhost:33505|priority:0|startupRole:FOLLOWER, s1|rpc:localhost:36635|admin:localhost:41981|client:localhost:39775|dataStream:localhost:41297|priority:0|startupRole:FOLLOWER, s2|rpc:localhost:36969|admin:localhost:37929|client:localhost:40489|dataStream:localhost:38077|priority:0|startupRole:FOLLOWER]|listeners:[], old=null
2022-10-24 03:16:16,270 [grpc-default-executor-8] INFO  server.RaftServer$Division (RaftServerImpl.java:requestVote(1291)) - s2@group-6912872F20E7: receive requestVote(PRE_VOTE, s3, group-6912872F20E7, 2, (t:1, i:0))
2022-10-24 03:16:16,270 [grpc-default-executor-8] INFO  impl.VoteContext (VoteContext.java:log(49)) - s2@group-6912872F20E7-FOLLOWER: reject PRE_VOTE from s3: our last entry (t:2, i:0) > candidate's last entry (t:1, i:0)
2022-10-24 03:16:16,270 [grpc-default-executor-8] INFO  server.RaftServer$Division (RaftServerImpl.java:requestVote(1324)) - s2@group-6912872F20E7 replies to PRE_VOTE vote request: s3<-s2#0:FAIL-t2. Peer's state: s2@group-6912872F20E7:t2, leader=s1, voted=s1, raftlog=Memoized:s2@group-6912872F20E7-SegmentedRaftLog:OPENED:c0, conf=0: peers:[s3|rpc:localhost:39579|admin:localhost:42243|client:localhost:33409|dataStream:localhost:46293|priority:0|startupRole:FOLLOWER, s4|rpc:localhost:45747|admin:localhost:35149|client:localhost:44435|dataStream:localhost:42993|priority:0|startupRole:FOLLOWER, s0|rpc:localhost:36179|admin:localhost:46501|client:localhost:36175|dataStream:localhost:33505|priority:0|startupRole:FOLLOWER, s1|rpc:localhost:36635|admin:localhost:41981|client:localhost:39775|dataStream:localhost:41297|priority:0|startupRole:FOLLOWER, s2|rpc:localhost:36969|admin:localhost:37929|client:localhost:40489|dataStream:localhost:38077|priority:0|startupRole:FOLLOWER]|listeners:[], old=null
2022-10-24 03:16:16,272 [s3@group-6912872F20E7-LeaderElection12] INFO  impl.LeaderElection (LeaderElection.java:logAndReturn(89)) - s3@group-6912872F20E7-LeaderElection12: PRE_VOTE REJECTED received 3 response(s) and 0 exception(s):
2022-10-24 03:16:16,272 [s3@group-6912872F20E7-LeaderElection12] INFO  impl.LeaderElection (LeaderElection.java:logAndReturn(93)) -   Response 0: s3<-s4#0:FAIL-t2
2022-10-24 03:16:16,272 [s3@group-6912872F20E7-LeaderElection12] INFO  impl.LeaderElection (LeaderElection.java:logAndReturn(93)) -   Response 1: s3<-s0#0:FAIL-t2
2022-10-24 03:16:16,272 [s3@group-6912872F20E7-LeaderElection12] INFO  impl.LeaderElection (LeaderElection.java:logAndReturn(93)) -   Response 2: s3<-s1#0:FAIL-t2
2022-10-24 03:16:16,273 [s3@group-6912872F20E7-LeaderElection12] INFO  impl.LeaderElection (LeaderElection.java:askForVotes(311)) - s3@group-6912872F20E7-LeaderElection12 PRE_VOTE round 0: result REJECTED
2022-10-24 03:16:16,273 [s3@group-6912872F20E7-LeaderElection12] INFO  server.RaftServer$Division (RaftServerImpl.java:setRole(325)) - s3@group-6912872F20E7: changes role from CANDIDATE to FOLLOWER at term 2 for REJECTED
2022-10-24 03:16:16,273 [s3@group-6912872F20E7-LeaderElection12] INFO  impl.RoleInfo (RoleInfo.java:shutdownLeaderElection(130)) - s3: shutdown s3@group-6912872F20E7-LeaderElection12
2022-10-24 03:16:16,273 [s3@group-6912872F20E7-LeaderElection12] INFO  impl.RoleInfo (RoleInfo.java:updateAndGet(139)) - s3: start s3@group-6912872F20E7-FollowerState
2022-10-24 03:16:16,328 [s1@group-6912872F20E7->s3-GrpcLogAppender-LogAppenderDaemon] INFO  util.CodeInjectionForTesting (DelayLocalExecutionInjection.java:execute(65)) - s1 delay 150 ms, args=[serverRequest {
  requestorId: "s1"
  replyId: "s3"
  raftGroupId {
    id: "\226\001\321s\341\rE_\235\364i\022\207/ \347"
  }
  callId: 42
  slidingWindowEntry {
  }
}
leaderTerm: 2
previousLog {
  term: 2
}
initializing: true
commitInfos {
  server {
    id: "s1"
    address: "localhost:36635"
    dataStreamAddress: "localhost:41297"
    clientAddress: "localhost:39775"
    adminAddress: "localhost:41981"
    startupRole: FOLLOWER
  }
}
commitInfos {
  server {
    id: "s3"
    address: "localhost:39579"
    dataStreamAddress: "localhost:46293"
    clientAddress: "localhost:33409"
    adminAddress: "localhost:42243"
    startupRole: FOLLOWER
  }
}
commitInfos {
  server {
    id: "s4"
    address: "localhost:45747"
    dataStreamAddress: "localhost:42993"
    clientAddress: "localhost:44435"
    adminAddress: "localhost:35149"
    startupRole: FOLLOWER
  }
}
commitInfos {
  server {
    id: "s0"
    address: "localhost:36179"
    dataStreamAddress: "localhost:33505"
    clientAddress: "localhost:36175"
    adminAddress: "localhost:46501"
    startupRole: FOLLOWER
  }
}
commitInfos {
  server {
    id: "s2"
    address: "localhost:36969"
    dataStreamAddress: "localhost:38077"
    clientAddress: "localhost:40489"
    adminAddress: "localhost:37929"
    startupRole: FOLLOWER
  }
}
]
2022-10-24 03:16:16,391 [s1@group-6912872F20E7->s0-GrpcLogAppender-LogAppenderDaemon] INFO  util.CodeInjectionForTesting (DelayLocalExecutionInjection.java:execute(65)) - s1 delay 150 ms, args=[serverRequest {
  requestorId: "s1"
  replyId: "s0"
  raftGroupId {
    id: "\226\001\321s\341\rE_\235\364i\022\207/ \347"
  }
  callId: 23
  slidingWindowEntry {
  }
}
leaderTerm: 2
previousLog {
  term: 2
}
initializing: true
commitInfos {
  server {
    id: "s1"
    address: "localhost:36635"
    dataStreamAddress: "localhost:41297"
    clientAddress: "localhost:39775"
    adminAddress: "localhost:41981"
    startupRole: FOLLOWER
  }
}
commitInfos {
  server {
    id: "s3"
    address: "localhost:39579"
    dataStreamAddress: "localhost:46293"
    clientAddress: "localhost:33409"
    adminAddress: "localhost:42243"
    startupRole: FOLLOWER
  }
}
commitInfos {
  server {
    id: "s4"
    address: "localhost:45747"
    dataStreamAddress: "localhost:42993"
    clientAddress: "localhost:44435"
    adminAddress: "localhost:35149"
    startupRole: FOLLOWER
  }
}
commitInfos {
  server {
    id: "s0"
    address: "localhost:36179"
    dataStreamAddress: "localhost:33505"
    clientAddress: "localhost:36175"
    adminAddress: "localhost:46501"
    startupRole: FOLLOWER
  }
}
commitInfos {
  server {
    id: "s2"
    address: "localhost:36969"
    dataStreamAddress: "localhost:38077"
    clientAddress: "localhost:40489"
    adminAddress: "localhost:37929"
    startupRole: FOLLOWER
  }
}
]
2022-10-24 03:16:16,392 [s1@group-6912872F20E7->s2-GrpcLogAppender-LogAppenderDaemon] INFO  util.CodeInjectionForTesting (DelayLocalExecutionInjection.java:execute(65)) - s1 delay 150 ms, args=[serverRequest {
  requestorId: "s1"
  replyId: "s2"
  raftGroupId {
    id: "\226\001\321s\341\rE_\235\364i\022\207/ \347"
  }
  callId: 22
  slidingWindowEntry {
  }
}
leaderTerm: 2
previousLog {
  term: 2
}
initializing: true
commitInfos {
  server {
    id: "s1"
    address: "localhost:36635"
    dataStreamAddress: "localhost:41297"
    clientAddress: "localhost:39775"
    adminAddress: "localhost:41981"
    startupRole: FOLLOWER
  }
}
commitInfos {
  server {
    id: "s3"
    address: "localhost:39579"
    dataStreamAddress: "localhost:46293"
    clientAddress: "localhost:33409"
    adminAddress: "localhost:42243"
    startupRole: FOLLOWER
  }
}
commitInfos {
  server {
    id: "s4"
    address: "localhost:45747"
    dataStreamAddress: "localhost:42993"
    clientAddress: "localhost:44435"
    adminAddress: "localhost:35149"
    startupRole: FOLLOWER
  }
}
commitInfos {
  server {
    id: "s0"
    address: "localhost:36179"
    dataStreamAddress: "localhost:33505"
    clientAddress: "localhost:36175"
    adminAddress: "localhost:46501"
    startupRole: FOLLOWER
  }
}
commitInfos {
  server {
    id: "s2"
    address: "localhost:36969"
    dataStreamAddress: "localhost:38077"
    clientAddress: "localhost:40489"
    adminAddress: "localhost:37929"
    startupRole: FOLLOWER
  }
}
]
2022-10-24 03:16:16,399 [s1@group-6912872F20E7->s4-GrpcLogAppender-LogAppenderDaemon] INFO  util.CodeInjectionForTesting (DelayLocalExecutionInjection.java:execute(65)) - s1 delay 150 ms, args=[serverRequest {
  requestorId: "s1"
  replyId: "s4"
  raftGroupId {
    id: "\226\001\321s\341\rE_\235\364i\022\207/ \347"
  }
  callId: 22
  slidingWindowEntry {
  }
}
leaderTerm: 2
previousLog {
  term: 2
}
initializing: true
commitInfos {
  server {
    id: "s1"
    address: "localhost:36635"
    dataStreamAddress: "localhost:41297"
    clientAddress: "localhost:39775"
    adminAddress: "localhost:41981"
    startupRole: FOLLOWER
  }
}
commitInfos {
  server {
    id: "s3"
    address: "localhost:39579"
    dataStreamAddress: "localhost:46293"
    clientAddress: "localhost:33409"
    adminAddress: "localhost:42243"
    startupRole: FOLLOWER
  }
}
commitInfos {
  server {
    id: "s4"
    address: "localhost:45747"
    dataStreamAddress: "localhost:42993"
    clientAddress: "localhost:44435"
    adminAddress: "localhost:35149"
    startupRole: FOLLOWER
  }
}
commitInfos {
  server {
    id: "s0"
    address: "localhost:36179"
    dataStreamAddress: "localhost:33505"
    clientAddress: "localhost:36175"
    adminAddress: "localhost:46501"
    startupRole: FOLLOWER
  }
}
commitInfos {
  server {
    id: "s2"
    address: "localhost:36969"
    dataStreamAddress: "localhost:38077"
    clientAddress: "localhost:40489"
    adminAddress: "localhost:37929"
    startupRole: FOLLOWER
  }
}
]
2022-10-24 03:16:16,513 [s3@group-6912872F20E7-FollowerState] INFO  impl.FollowerState (FollowerState.java:run(143)) - s3@group-6912872F20E7-FollowerState: change to CANDIDATE, lastRpcElapsedTime:240472803ns, electionTimeout:240ms
2022-10-24 03:16:16,513 [s3@group-6912872F20E7-FollowerState] INFO  impl.RoleInfo (RoleInfo.java:shutdownFollowerState(110)) - s3: shutdown s3@group-6912872F20E7-FollowerState
2022-10-24 03:16:16,513 [s3@group-6912872F20E7-FollowerState] INFO  server.RaftServer$Division (RaftServerImpl.java:setRole(325)) - s3@group-6912872F20E7: changes role from  FOLLOWER to CANDIDATE at term 2 for changeToCandidate
2022-10-24 03:16:16,514 [s3@group-6912872F20E7-FollowerState] INFO  server.RaftServerConfigKeys (ConfUtils.java:logGet(46)) - raft.server.leaderelection.pre-vote = true (default)
2022-10-24 03:16:16,514 [s3@group-6912872F20E7-FollowerState] INFO  impl.RoleInfo (RoleInfo.java:updateAndGet(139)) - s3: start s3@group-6912872F20E7-LeaderElection13
2022-10-24 03:16:16,514 [s3@group-6912872F20E7-LeaderElection13] INFO  impl.LeaderElection (LeaderElection.java:askForVotes(309)) - s3@group-6912872F20E7-LeaderElection13 PRE_VOTE round 0: submit vote requests at term 2 for 0: peers:[s3|rpc:localhost:39579|admin:localhost:42243|client:localhost:33409|dataStream:localhost:46293|priority:0|startupRole:FOLLOWER, s4|rpc:localhost:45747|admin:localhost:35149|client:localhost:44435|dataStream:localhost:42993|priority:0|startupRole:FOLLOWER, s0|rpc:localhost:36179|admin:localhost:46501|client:localhost:36175|dataStream:localhost:33505|priority:0|startupRole:FOLLOWER, s1|rpc:localhost:36635|admin:localhost:41981|client:localhost:39775|dataStream:localhost:41297|priority:0|startupRole:FOLLOWER, s2|rpc:localhost:36969|admin:localhost:37929|client:localhost:40489|dataStream:localhost:38077|priority:0|startupRole:FOLLOWER]|listeners:[], old=null
2022-10-24 03:16:16,516 [s1@group-6912872F20E7->s3-GrpcLogAppender-LogAppenderDaemon] INFO  util.CodeInjectionForTesting (DelayLocalExecutionInjection.java:execute(65)) - s1 delay 150 ms, args=[serverRequest {
  requestorId: "s1"
  replyId: "s3"
  raftGroupId {
    id: "\226\001\321s\341\rE_\235\364i\022\207/ \347"
  }
  callId: 43
  slidingWindowEntry {
  }
}
leaderTerm: 2
previousLog {
  term: 2
}
initializing: true
commitInfos {
  server {
    id: "s1"
    address: "localhost:36635"
    dataStreamAddress: "localhost:41297"
    clientAddress: "localhost:39775"
    adminAddress: "localhost:41981"
    startupRole: FOLLOWER
  }
}
commitInfos {
  server {
    id: "s3"
    address: "localhost:39579"
    dataStreamAddress: "localhost:46293"
    clientAddress: "localhost:33409"
    adminAddress: "localhost:42243"
    startupRole: FOLLOWER
  }
}
commitInfos {
  server {
    id: "s4"
    address: "localhost:45747"
    dataStreamAddress: "localhost:42993"
    clientAddress: "localhost:44435"
    adminAddress: "localhost:35149"
    startupRole: FOLLOWER
  }
}
commitInfos {
  server {
    id: "s0"
    address: "localhost:36179"
    dataStreamAddress: "localhost:33505"
    clientAddress: "localhost:36175"
    adminAddress: "localhost:46501"
    startupRole: FOLLOWER
  }
}
commitInfos {
  server {
    id: "s2"
    address: "localhost:36969"
    dataStreamAddress: "localhost:38077"
    clientAddress: "localhost:40489"
    adminAddress: "localhost:37929"
    startupRole: FOLLOWER
  }
}
]
2022-10-24 03:16:16,518 [grpc-default-executor-34] INFO  server.RaftServer$Division (RaftServerImpl.java:requestVote(1291)) - s4@group-6912872F20E7: receive requestVote(PRE_VOTE, s3, group-6912872F20E7, 2, (t:1, i:0))
2022-10-24 03:16:16,519 [grpc-default-executor-34] INFO  impl.VoteContext (VoteContext.java:log(49)) - s4@group-6912872F20E7-FOLLOWER: reject PRE_VOTE from s3: our last entry (t:2, i:0) > candidate's last entry (t:1, i:0)
2022-10-24 03:16:16,519 [grpc-default-executor-34] INFO  server.RaftServer$Division (RaftServerImpl.java:requestVote(1324)) - s4@group-6912872F20E7 replies to PRE_VOTE vote request: s3<-s4#0:FAIL-t2. Peer's state: s4@group-6912872F20E7:t2, leader=s1, voted=s1, raftlog=Memoized:s4@group-6912872F20E7-SegmentedRaftLog:OPENED:c0, conf=0: peers:[s3|rpc:localhost:39579|admin:localhost:42243|client:localhost:33409|dataStream:localhost:46293|priority:0|startupRole:FOLLOWER, s4|rpc:localhost:45747|admin:localhost:35149|client:localhost:44435|dataStream:localhost:42993|priority:0|startupRole:FOLLOWER, s0|rpc:localhost:36179|admin:localhost:46501|client:localhost:36175|dataStream:localhost:33505|priority:0|startupRole:FOLLOWER, s1|rpc:localhost:36635|admin:localhost:41981|client:localhost:39775|dataStream:localhost:41297|priority:0|startupRole:FOLLOWER, s2|rpc:localhost:36969|admin:localhost:37929|client:localhost:40489|dataStream:localhost:38077|priority:0|startupRole:FOLLOWER]|listeners:[], old=null
2022-10-24 03:16:16,519 [grpc-default-executor-25] INFO  server.RaftServer$Division (RaftServerImpl.java:requestVote(1291)) - s0@group-6912872F20E7: receive requestVote(PRE_VOTE, s3, group-6912872F20E7, 2, (t:1, i:0))
2022-10-24 03:16:16,519 [grpc-default-executor-25] INFO  impl.VoteContext (VoteContext.java:log(49)) - s0@group-6912872F20E7-FOLLOWER: reject PRE_VOTE from s3: our last entry (t:2, i:0) > candidate's last entry (t:1, i:0)
2022-10-24 03:16:16,519 [grpc-default-executor-25] INFO  server.RaftServer$Division (RaftServerImpl.java:requestVote(1324)) - s0@group-6912872F20E7 replies to PRE_VOTE vote request: s3<-s0#0:FAIL-t2. Peer's state: s0@group-6912872F20E7:t2, leader=s1, voted=s1, raftlog=Memoized:s0@group-6912872F20E7-SegmentedRaftLog:OPENED:c0, conf=0: peers:[s3|rpc:localhost:39579|admin:localhost:42243|client:localhost:33409|dataStream:localhost:46293|priority:0|startupRole:FOLLOWER, s4|rpc:localhost:45747|admin:localhost:35149|client:localhost:44435|dataStream:localhost:42993|priority:0|startupRole:FOLLOWER, s0|rpc:localhost:36179|admin:localhost:46501|client:localhost:36175|dataStream:localhost:33505|priority:0|startupRole:FOLLOWER, s1|rpc:localhost:36635|admin:localhost:41981|client:localhost:39775|dataStream:localhost:41297|priority:0|startupRole:FOLLOWER, s2|rpc:localhost:36969|admin:localhost:37929|client:localhost:40489|dataStream:localhost:38077|priority:0|startupRole:FOLLOWER]|listeners:[], old=null
2022-10-24 03:16:16,526 [grpc-default-executor-25] INFO  server.RaftServer$Division (RaftServerImpl.java:requestVote(1291)) - s1@group-6912872F20E7: receive requestVote(PRE_VOTE, s3, group-6912872F20E7, 2, (t:1, i:0))
2022-10-24 03:16:16,526 [grpc-default-executor-25] INFO  impl.VoteContext (VoteContext.java:log(49)) - s1@group-6912872F20E7-LEADER: reject PRE_VOTE from s3: this server is the leader and still has leadership
2022-10-24 03:16:16,526 [grpc-default-executor-25] INFO  server.RaftServer$Division (RaftServerImpl.java:requestVote(1324)) - s1@group-6912872F20E7 replies to PRE_VOTE vote request: s3<-s1#0:FAIL-t2. Peer's state: s1@group-6912872F20E7:t2, leader=s1, voted=s1, raftlog=Memoized:s1@group-6912872F20E7-SegmentedRaftLog:OPENED:c0, conf=0: peers:[s3|rpc:localhost:39579|admin:localhost:42243|client:localhost:33409|dataStream:localhost:46293|priority:0|startupRole:FOLLOWER, s4|rpc:localhost:45747|admin:localhost:35149|client:localhost:44435|dataStream:localhost:42993|priority:0|startupRole:FOLLOWER, s0|rpc:localhost:36179|admin:localhost:46501|client:localhost:36175|dataStream:localhost:33505|priority:0|startupRole:FOLLOWER, s1|rpc:localhost:36635|admin:localhost:41981|client:localhost:39775|dataStream:localhost:41297|priority:0|startupRole:FOLLOWER, s2|rpc:localhost:36969|admin:localhost:37929|client:localhost:40489|dataStream:localhost:38077|priority:0|startupRole:FOLLOWER]|listeners:[], old=null
2022-10-24 03:16:16,530 [s3@group-6912872F20E7-LeaderElection13] INFO  impl.LeaderElection (LeaderElection.java:logAndReturn(89)) - s3@group-6912872F20E7-LeaderElection13: PRE_VOTE REJECTED received 3 response(s) and 0 exception(s):
2022-10-24 03:16:16,530 [s3@group-6912872F20E7-LeaderElection13] INFO  impl.LeaderElection (LeaderElection.java:logAndReturn(93)) -   Response 0: s3<-s4#0:FAIL-t2
2022-10-24 03:16:16,530 [s3@group-6912872F20E7-LeaderElection13] INFO  impl.LeaderElection (LeaderElection.java:logAndReturn(93)) -   Response 1: s3<-s0#0:FAIL-t2
2022-10-24 03:16:16,530 [s3@group-6912872F20E7-LeaderElection13] INFO  impl.LeaderElection (LeaderElection.java:logAndReturn(93)) -   Response 2: s3<-s1#0:FAIL-t2
2022-10-24 03:16:16,530 [s3@group-6912872F20E7-LeaderElection13] INFO  impl.LeaderElection (LeaderElection.java:askForVotes(311)) - s3@group-6912872F20E7-LeaderElection13 PRE_VOTE round 0: result REJECTED
2022-10-24 03:16:16,530 [s3@group-6912872F20E7-LeaderElection13] INFO  server.RaftServer$Division (RaftServerImpl.java:setRole(325)) - s3@group-6912872F20E7: changes role from CANDIDATE to FOLLOWER at term 2 for REJECTED
2022-10-24 03:16:16,530 [s3@group-6912872F20E7-LeaderElection13] INFO  impl.RoleInfo (RoleInfo.java:shutdownLeaderElection(130)) - s3: shutdown s3@group-6912872F20E7-LeaderElection13
2022-10-24 03:16:16,530 [s3@group-6912872F20E7-LeaderElection13] INFO  impl.RoleInfo (RoleInfo.java:updateAndGet(139)) - s3: start s3@group-6912872F20E7-FollowerState
2022-10-24 03:16:16,532 [grpc-default-executor-25] INFO  server.RaftServer$Division (RaftServerImpl.java:requestVote(1291)) - s2@group-6912872F20E7: receive requestVote(PRE_VOTE, s3, group-6912872F20E7, 2, (t:1, i:0))
2022-10-24 03:16:16,532 [grpc-default-executor-25] INFO  impl.VoteContext (VoteContext.java:log(49)) - s2@group-6912872F20E7-FOLLOWER: reject PRE_VOTE from s3: our last entry (t:2, i:0) > candidate's last entry (t:1, i:0)
2022-10-24 03:16:16,533 [grpc-default-executor-25] INFO  server.RaftServer$Division (RaftServerImpl.java:requestVote(1324)) - s2@group-6912872F20E7 replies to PRE_VOTE vote request: s3<-s2#0:FAIL-t2. Peer's state: s2@group-6912872F20E7:t2, leader=s1, voted=s1, raftlog=Memoized:s2@group-6912872F20E7-SegmentedRaftLog:OPENED:c0, conf=0: peers:[s3|rpc:localhost:39579|admin:localhost:42243|client:localhost:33409|dataStream:localhost:46293|priority:0|startupRole:FOLLOWER, s4|rpc:localhost:45747|admin:localhost:35149|client:localhost:44435|dataStream:localhost:42993|priority:0|startupRole:FOLLOWER, s0|rpc:localhost:36179|admin:localhost:46501|client:localhost:36175|dataStream:localhost:33505|priority:0|startupRole:FOLLOWER, s1|rpc:localhost:36635|admin:localhost:41981|client:localhost:39775|dataStream:localhost:41297|priority:0|startupRole:FOLLOWER, s2|rpc:localhost:36969|admin:localhost:37929|client:localhost:40489|dataStream:localhost:38077|priority:0|startupRole:FOLLOWER]|listeners:[], old=null
2022-10-24 03:16:16,618 [s1@group-6912872F20E7->s0-GrpcLogAppender-LogAppenderDaemon] INFO  util.CodeInjectionForTesting (DelayLocalExecutionInjection.java:execute(65)) - s1 delay 150 ms, args=[serverRequest {
  requestorId: "s1"
  replyId: "s0"
  raftGroupId {
    id: "\226\001\321s\341\rE_\235\364i\022\207/ \347"
  }
  callId: 24
  slidingWindowEntry {
  }
}
leaderTerm: 2
previousLog {
  term: 2
}
initializing: true
commitInfos {
  server {
    id: "s1"
    address: "localhost:36635"
    dataStreamAddress: "localhost:41297"
    clientAddress: "localhost:39775"
    adminAddress: "localhost:41981"
    startupRole: FOLLOWER
  }
}
commitInfos {
  server {
    id: "s3"
    address: "localhost:39579"
    dataStreamAddress: "localhost:46293"
    clientAddress: "localhost:33409"
    adminAddress: "localhost:42243"
    startupRole: FOLLOWER
  }
}
commitInfos {
  server {
    id: "s4"
    address: "localhost:45747"
    dataStreamAddress: "localhost:42993"
    clientAddress: "localhost:44435"
    adminAddress: "localhost:35149"
    startupRole: FOLLOWER
  }
}
commitInfos {
  server {
    id: "s0"
    address: "localhost:36179"
    dataStreamAddress: "localhost:33505"
    clientAddress: "localhost:36175"
    adminAddress: "localhost:46501"
    startupRole: FOLLOWER
  }
}
commitInfos {
  server {
    id: "s2"
    address: "localhost:36969"
    dataStreamAddress: "localhost:38077"
    clientAddress: "localhost:40489"
    adminAddress: "localhost:37929"
    startupRole: FOLLOWER
  }
}
]
2022-10-24 03:16:16,619 [s1@group-6912872F20E7->s2-GrpcLogAppender-LogAppenderDaemon] INFO  util.CodeInjectionForTesting (DelayLocalExecutionInjection.java:execute(65)) - s1 delay 150 ms, args=[serverRequest {
  requestorId: "s1"
  replyId: "s2"
  raftGroupId {
    id: "\226\001\321s\341\rE_\235\364i\022\207/ \347"
  }
  callId: 23
  slidingWindowEntry {
  }
}
leaderTerm: 2
previousLog {
  term: 2
}
initializing: true
commitInfos {
  server {
    id: "s1"
    address: "localhost:36635"
    dataStreamAddress: "localhost:41297"
    clientAddress: "localhost:39775"
    adminAddress: "localhost:41981"
    startupRole: FOLLOWER
  }
}
commitInfos {
  server {
    id: "s3"
    address: "localhost:39579"
    dataStreamAddress: "localhost:46293"
    clientAddress: "localhost:33409"
    adminAddress: "localhost:42243"
    startupRole: FOLLOWER
  }
}
commitInfos {
  server {
    id: "s4"
    address: "localhost:45747"
    dataStreamAddress: "localhost:42993"
    clientAddress: "localhost:44435"
    adminAddress: "localhost:35149"
    startupRole: FOLLOWER
  }
}
commitInfos {
  server {
    id: "s0"
    address: "localhost:36179"
    dataStreamAddress: "localhost:33505"
    clientAddress: "localhost:36175"
    adminAddress: "localhost:46501"
    startupRole: FOLLOWER
  }
}
commitInfos {
  server {
    id: "s2"
    address: "localhost:36969"
    dataStreamAddress: "localhost:38077"
    clientAddress: "localhost:40489"
    adminAddress: "localhost:37929"
    startupRole: FOLLOWER
  }
}
]
2022-10-24 03:16:16,626 [s1@group-6912872F20E7->s4-GrpcLogAppender-LogAppenderDaemon] INFO  util.CodeInjectionForTesting (DelayLocalExecutionInjection.java:execute(65)) - s1 delay 150 ms, args=[serverRequest {
  requestorId: "s1"
  replyId: "s4"
  raftGroupId {
    id: "\226\001\321s\341\rE_\235\364i\022\207/ \347"
  }
  callId: 23
  slidingWindowEntry {
  }
}
leaderTerm: 2
previousLog {
  term: 2
}
initializing: true
commitInfos {
  server {
    id: "s1"
    address: "localhost:36635"
    dataStreamAddress: "localhost:41297"
    clientAddress: "localhost:39775"
    adminAddress: "localhost:41981"
    startupRole: FOLLOWER
  }
}
commitInfos {
  server {
    id: "s3"
    address: "localhost:39579"
    dataStreamAddress: "localhost:46293"
    clientAddress: "localhost:33409"
    adminAddress: "localhost:42243"
    startupRole: FOLLOWER
  }
}
commitInfos {
  server {
    id: "s4"
    address: "localhost:45747"
    dataStreamAddress: "localhost:42993"
    clientAddress: "localhost:44435"
    adminAddress: "localhost:35149"
    startupRole: FOLLOWER
  }
}
commitInfos {
  server {
    id: "s0"
    address: "localhost:36179"
    dataStreamAddress: "localhost:33505"
    clientAddress: "localhost:36175"
    adminAddress: "localhost:46501"
    startupRole: FOLLOWER
  }
}
commitInfos {
  server {
    id: "s2"
    address: "localhost:36969"
    dataStreamAddress: "localhost:38077"
    clientAddress: "localhost:40489"
    adminAddress: "localhost:37929"
    startupRole: FOLLOWER
  }
}
]
2022-10-24 03:16:16,690 [s3@group-6912872F20E7-FollowerState] INFO  impl.FollowerState (FollowerState.java:run(143)) - s3@group-6912872F20E7-FollowerState: change to CANDIDATE, lastRpcElapsedTime:159847830ns, electionTimeout:158ms
2022-10-24 03:16:16,690 [s3@group-6912872F20E7-FollowerState] INFO  impl.RoleInfo (RoleInfo.java:shutdownFollowerState(110)) - s3: shutdown s3@group-6912872F20E7-FollowerState
2022-10-24 03:16:16,690 [s3@group-6912872F20E7-FollowerState] INFO  server.RaftServer$Division (RaftServerImpl.java:setRole(325)) - s3@group-6912872F20E7: changes role from  FOLLOWER to CANDIDATE at term 2 for changeToCandidate
2022-10-24 03:16:16,690 [s3@group-6912872F20E7-FollowerState] INFO  server.RaftServerConfigKeys (ConfUtils.java:logGet(46)) - raft.server.leaderelection.pre-vote = true (default)
2022-10-24 03:16:16,690 [s3@group-6912872F20E7-FollowerState] INFO  impl.RoleInfo (RoleInfo.java:updateAndGet(139)) - s3: start s3@group-6912872F20E7-LeaderElection14
2022-10-24 03:16:16,692 [s3@group-6912872F20E7-LeaderElection14] INFO  impl.LeaderElection (LeaderElection.java:askForVotes(309)) - s3@group-6912872F20E7-LeaderElection14 PRE_VOTE round 0: submit vote requests at term 2 for 0: peers:[s3|rpc:localhost:39579|admin:localhost:42243|client:localhost:33409|dataStream:localhost:46293|priority:0|startupRole:FOLLOWER, s4|rpc:localhost:45747|admin:localhost:35149|client:localhost:44435|dataStream:localhost:42993|priority:0|startupRole:FOLLOWER, s0|rpc:localhost:36179|admin:localhost:46501|client:localhost:36175|dataStream:localhost:33505|priority:0|startupRole:FOLLOWER, s1|rpc:localhost:36635|admin:localhost:41981|client:localhost:39775|dataStream:localhost:41297|priority:0|startupRole:FOLLOWER, s2|rpc:localhost:36969|admin:localhost:37929|client:localhost:40489|dataStream:localhost:38077|priority:0|startupRole:FOLLOWER]|listeners:[], old=null
2022-10-24 03:16:16,694 [grpc-default-executor-34] INFO  server.RaftServer$Division (RaftServerImpl.java:requestVote(1291)) - s4@group-6912872F20E7: receive requestVote(PRE_VOTE, s3, group-6912872F20E7, 2, (t:1, i:0))
2022-10-24 03:16:16,694 [grpc-default-executor-34] INFO  impl.VoteContext (VoteContext.java:log(49)) - s4@group-6912872F20E7-FOLLOWER: reject PRE_VOTE from s3: this server is a follower and still has a valid leader s1
2022-10-24 03:16:16,694 [grpc-default-executor-34] INFO  server.RaftServer$Division (RaftServerImpl.java:requestVote(1324)) - s4@group-6912872F20E7 replies to PRE_VOTE vote request: s3<-s4#0:FAIL-t2. Peer's state: s4@group-6912872F20E7:t2, leader=s1, voted=s1, raftlog=Memoized:s4@group-6912872F20E7-SegmentedRaftLog:OPENED:c0, conf=0: peers:[s3|rpc:localhost:39579|admin:localhost:42243|client:localhost:33409|dataStream:localhost:46293|priority:0|startupRole:FOLLOWER, s4|rpc:localhost:45747|admin:localhost:35149|client:localhost:44435|dataStream:localhost:42993|priority:0|startupRole:FOLLOWER, s0|rpc:localhost:36179|admin:localhost:46501|client:localhost:36175|dataStream:localhost:33505|priority:0|startupRole:FOLLOWER, s1|rpc:localhost:36635|admin:localhost:41981|client:localhost:39775|dataStream:localhost:41297|priority:0|startupRole:FOLLOWER, s2|rpc:localhost:36969|admin:localhost:37929|client:localhost:40489|dataStream:localhost:38077|priority:0|startupRole:FOLLOWER]|listeners:[], old=null
2022-10-24 03:16:16,699 [grpc-default-executor-34] INFO  server.RaftServer$Division (RaftServerImpl.java:requestVote(1291)) - s1@group-6912872F20E7: receive requestVote(PRE_VOTE, s3, group-6912872F20E7, 2, (t:1, i:0))
2022-10-24 03:16:16,699 [grpc-default-executor-34] INFO  impl.VoteContext (VoteContext.java:log(49)) - s1@group-6912872F20E7-LEADER: reject PRE_VOTE from s3: this server is the leader and still has leadership
2022-10-24 03:16:16,699 [grpc-default-executor-34] INFO  server.RaftServer$Division (RaftServerImpl.java:requestVote(1324)) - s1@group-6912872F20E7 replies to PRE_VOTE vote request: s3<-s1#0:FAIL-t2. Peer's state: s1@group-6912872F20E7:t2, leader=s1, voted=s1, raftlog=Memoized:s1@group-6912872F20E7-SegmentedRaftLog:OPENED:c0, conf=0: peers:[s3|rpc:localhost:39579|admin:localhost:42243|client:localhost:33409|dataStream:localhost:46293|priority:0|startupRole:FOLLOWER, s4|rpc:localhost:45747|admin:localhost:35149|client:localhost:44435|dataStream:localhost:42993|priority:0|startupRole:FOLLOWER, s0|rpc:localhost:36179|admin:localhost:46501|client:localhost:36175|dataStream:localhost:33505|priority:0|startupRole:FOLLOWER, s1|rpc:localhost:36635|admin:localhost:41981|client:localhost:39775|dataStream:localhost:41297|priority:0|startupRole:FOLLOWER, s2|rpc:localhost:36969|admin:localhost:37929|client:localhost:40489|dataStream:localhost:38077|priority:0|startupRole:FOLLOWER]|listeners:[], old=null
2022-10-24 03:16:16,700 [grpc-default-executor-25] INFO  server.RaftServer$Division (RaftServerImpl.java:requestVote(1291)) - s0@group-6912872F20E7: receive requestVote(PRE_VOTE, s3, group-6912872F20E7, 2, (t:1, i:0))
2022-10-24 03:16:16,701 [grpc-default-executor-25] INFO  impl.VoteContext (VoteContext.java:log(49)) - s0@group-6912872F20E7-FOLLOWER: reject PRE_VOTE from s3: our last entry (t:2, i:0) > candidate's last entry (t:1, i:0)
2022-10-24 03:16:16,701 [grpc-default-executor-25] INFO  server.RaftServer$Division (RaftServerImpl.java:requestVote(1324)) - s0@group-6912872F20E7 replies to PRE_VOTE vote request: s3<-s0#0:FAIL-t2. Peer's state: s0@group-6912872F20E7:t2, leader=s1, voted=s1, raftlog=Memoized:s0@group-6912872F20E7-SegmentedRaftLog:OPENED:c0, conf=0: peers:[s3|rpc:localhost:39579|admin:localhost:42243|client:localhost:33409|dataStream:localhost:46293|priority:0|startupRole:FOLLOWER, s4|rpc:localhost:45747|admin:localhost:35149|client:localhost:44435|dataStream:localhost:42993|priority:0|startupRole:FOLLOWER, s0|rpc:localhost:36179|admin:localhost:46501|client:localhost:36175|dataStream:localhost:33505|priority:0|startupRole:FOLLOWER, s1|rpc:localhost:36635|admin:localhost:41981|client:localhost:39775|dataStream:localhost:41297|priority:0|startupRole:FOLLOWER, s2|rpc:localhost:36969|admin:localhost:37929|client:localhost:40489|dataStream:localhost:38077|priority:0|startupRole:FOLLOWER]|listeners:[], old=null
2022-10-24 03:16:16,701 [grpc-default-executor-34] INFO  server.RaftServer$Division (RaftServerImpl.java:requestVote(1291)) - s2@group-6912872F20E7: receive requestVote(PRE_VOTE, s3, group-6912872F20E7, 2, (t:1, i:0))
2022-10-24 03:16:16,701 [grpc-default-executor-34] INFO  impl.VoteContext (VoteContext.java:log(49)) - s2@group-6912872F20E7-FOLLOWER: reject PRE_VOTE from s3: our last entry (t:2, i:0) > candidate's last entry (t:1, i:0)
2022-10-24 03:16:16,701 [grpc-default-executor-34] INFO  server.RaftServer$Division (RaftServerImpl.java:requestVote(1324)) - s2@group-6912872F20E7 replies to PRE_VOTE vote request: s3<-s2#0:FAIL-t2. Peer's state: s2@group-6912872F20E7:t2, leader=s1, voted=s1, raftlog=Memoized:s2@group-6912872F20E7-SegmentedRaftLog:OPENED:c0, conf=0: peers:[s3|rpc:localhost:39579|admin:localhost:42243|client:localhost:33409|dataStream:localhost:46293|priority:0|startupRole:FOLLOWER, s4|rpc:localhost:45747|admin:localhost:35149|client:localhost:44435|dataStream:localhost:42993|priority:0|startupRole:FOLLOWER, s0|rpc:localhost:36179|admin:localhost:46501|client:localhost:36175|dataStream:localhost:33505|priority:0|startupRole:FOLLOWER, s1|rpc:localhost:36635|admin:localhost:41981|client:localhost:39775|dataStream:localhost:41297|priority:0|startupRole:FOLLOWER, s2|rpc:localhost:36969|admin:localhost:37929|client:localhost:40489|dataStream:localhost:38077|priority:0|startupRole:FOLLOWER]|listeners:[], old=null
2022-10-24 03:16:16,702 [s3@group-6912872F20E7-LeaderElection14] INFO  impl.LeaderElection (LeaderElection.java:logAndReturn(89)) - s3@group-6912872F20E7-LeaderElection14: PRE_VOTE REJECTED received 3 response(s) and 0 exception(s):
2022-10-24 03:16:16,702 [s3@group-6912872F20E7-LeaderElection14] INFO  impl.LeaderElection (LeaderElection.java:logAndReturn(93)) -   Response 0: s3<-s4#0:FAIL-t2
2022-10-24 03:16:16,702 [s3@group-6912872F20E7-LeaderElection14] INFO  impl.LeaderElection (LeaderElection.java:logAndReturn(93)) -   Response 1: s3<-s0#0:FAIL-t2
2022-10-24 03:16:16,702 [s3@group-6912872F20E7-LeaderElection14] INFO  impl.LeaderElection (LeaderElection.java:logAndReturn(93)) -   Response 2: s3<-s1#0:FAIL-t2
2022-10-24 03:16:16,703 [s3@group-6912872F20E7-LeaderElection14] INFO  impl.LeaderElection (LeaderElection.java:askForVotes(311)) - s3@group-6912872F20E7-LeaderElection14 PRE_VOTE round 0: result REJECTED
2022-10-24 03:16:16,703 [s3@group-6912872F20E7-LeaderElection14] INFO  server.RaftServer$Division (RaftServerImpl.java:setRole(325)) - s3@group-6912872F20E7: changes role from CANDIDATE to FOLLOWER at term 2 for REJECTED
2022-10-24 03:16:16,703 [s3@group-6912872F20E7-LeaderElection14] INFO  impl.RoleInfo (RoleInfo.java:shutdownLeaderElection(130)) - s3: shutdown s3@group-6912872F20E7-LeaderElection14
2022-10-24 03:16:16,703 [s3@group-6912872F20E7-LeaderElection14] INFO  impl.RoleInfo (RoleInfo.java:updateAndGet(139)) - s3: start s3@group-6912872F20E7-FollowerState
2022-10-24 03:16:16,704 [s1@group-6912872F20E7->s3-GrpcLogAppender-LogAppenderDaemon] INFO  util.CodeInjectionForTesting (DelayLocalExecutionInjection.java:execute(65)) - s1 delay 150 ms, args=[serverRequest {
  requestorId: "s1"
  replyId: "s3"
  raftGroupId {
    id: "\226\001\321s\341\rE_\235\364i\022\207/ \347"
  }
  callId: 44
  slidingWindowEntry {
  }
}
leaderTerm: 2
previousLog {
  term: 2
}
initializing: true
commitInfos {
  server {
    id: "s1"
    address: "localhost:36635"
    dataStreamAddress: "localhost:41297"
    clientAddress: "localhost:39775"
    adminAddress: "localhost:41981"
    startupRole: FOLLOWER
  }
}
commitInfos {
  server {
    id: "s3"
    address: "localhost:39579"
    dataStreamAddress: "localhost:46293"
    clientAddress: "localhost:33409"
    adminAddress: "localhost:42243"
    startupRole: FOLLOWER
  }
}
commitInfos {
  server {
    id: "s4"
    address: "localhost:45747"
    dataStreamAddress: "localhost:42993"
    clientAddress: "localhost:44435"
    adminAddress: "localhost:35149"
    startupRole: FOLLOWER
  }
}
commitInfos {
  server {
    id: "s0"
    address: "localhost:36179"
    dataStreamAddress: "localhost:33505"
    clientAddress: "localhost:36175"
    adminAddress: "localhost:46501"
    startupRole: FOLLOWER
  }
}
commitInfos {
  server {
    id: "s2"
    address: "localhost:36969"
    dataStreamAddress: "localhost:38077"
    clientAddress: "localhost:40489"
    adminAddress: "localhost:37929"
    startupRole: FOLLOWER
  }
}
]
2022-10-24 03:16:16,719 [s4@group-6912872F20E7-FollowerState] INFO  impl.FollowerState (FollowerState.java:run(143)) - s4@group-6912872F20E7-FollowerState: change to CANDIDATE, lastRpcElapsedTime:169127319ns, electionTimeout:156ms
2022-10-24 03:16:16,719 [s4@group-6912872F20E7-FollowerState] INFO  impl.RoleInfo (RoleInfo.java:shutdownFollowerState(110)) - s4: shutdown s4@group-6912872F20E7-FollowerState
2022-10-24 03:16:16,719 [s4@group-6912872F20E7-FollowerState] INFO  server.RaftServer$Division (RaftServerImpl.java:setRole(325)) - s4@group-6912872F20E7: changes role from  FOLLOWER to CANDIDATE at term 2 for changeToCandidate
2022-10-24 03:16:16,719 [s4@group-6912872F20E7-FollowerState] INFO  server.RaftServerConfigKeys (ConfUtils.java:logGet(46)) - raft.server.leaderelection.pre-vote = true (default)
2022-10-24 03:16:16,719 [s4@group-6912872F20E7-FollowerState] INFO  impl.RoleInfo (RoleInfo.java:updateAndGet(139)) - s4: start s4@group-6912872F20E7-LeaderElection15
2022-10-24 03:16:16,720 [s4@group-6912872F20E7-LeaderElection15] INFO  server.RaftServer$Division (ServerState.java:setLeader(259)) - s4@group-6912872F20E7: change Leader from s1 to null at term 2 for PRE_VOTE
2022-10-24 03:16:16,720 [s4@group-6912872F20E7-LeaderElection15] INFO  impl.LeaderElection (LeaderElection.java:askForVotes(309)) - s4@group-6912872F20E7-LeaderElection15 PRE_VOTE round 0: submit vote requests at term 2 for 0: peers:[s3|rpc:localhost:39579|admin:localhost:42243|client:localhost:33409|dataStream:localhost:46293|priority:0|startupRole:FOLLOWER, s4|rpc:localhost:45747|admin:localhost:35149|client:localhost:44435|dataStream:localhost:42993|priority:0|startupRole:FOLLOWER, s0|rpc:localhost:36179|admin:localhost:46501|client:localhost:36175|dataStream:localhost:33505|priority:0|startupRole:FOLLOWER, s1|rpc:localhost:36635|admin:localhost:41981|client:localhost:39775|dataStream:localhost:41297|priority:0|startupRole:FOLLOWER, s2|rpc:localhost:36969|admin:localhost:37929|client:localhost:40489|dataStream:localhost:38077|priority:0|startupRole:FOLLOWER]|listeners:[], old=null
2022-10-24 03:16:16,720 [s4@group-6912872F20E7-LeaderElection15-1] INFO  util.CodeInjectionForTesting (DelayLocalExecutionInjection.java:execute(65)) - s4 delay 150 ms, args=[serverRequest {
  requestorId: "s4"
  replyId: "s3"
  raftGroupId {
    id: "\226\001\321s\341\rE_\235\364i\022\207/ \347"
  }
  slidingWindowEntry {
  }
}
candidateTerm: 2
candidateLastEntry {
  term: 2
}
preVote: true
]
2022-10-24 03:16:16,723 [s4@group-6912872F20E7-LeaderElection15-2] INFO  util.CodeInjectionForTesting (DelayLocalExecutionInjection.java:execute(65)) - s4 delay 150 ms, args=[serverRequest {
  requestorId: "s4"
  replyId: "s0"
  raftGroupId {
    id: "\226\001\321s\341\rE_\235\364i\022\207/ \347"
  }
  slidingWindowEntry {
  }
}
candidateTerm: 2
candidateLastEntry {
  term: 2
}
preVote: true
]
2022-10-24 03:16:16,737 [s4@group-6912872F20E7-LeaderElection15-3] INFO  util.CodeInjectionForTesting (DelayLocalExecutionInjection.java:execute(65)) - s4 delay 150 ms, args=[serverRequest {
  requestorId: "s4"
  replyId: "s1"
  raftGroupId {
    id: "\226\001\321s\341\rE_\235\364i\022\207/ \347"
  }
  slidingWindowEntry {
  }
}
candidateTerm: 2
candidateLastEntry {
  term: 2
}
preVote: true
]
2022-10-24 03:16:16,741 [s4@group-6912872F20E7-LeaderElection15-4] INFO  util.CodeInjectionForTesting (DelayLocalExecutionInjection.java:execute(65)) - s4 delay 150 ms, args=[serverRequest {
  requestorId: "s4"
  replyId: "s2"
  raftGroupId {
    id: "\226\001\321s\341\rE_\235\364i\022\207/ \347"
  }
  slidingWindowEntry {
  }
}
candidateTerm: 2
candidateLastEntry {
  term: 2
}
preVote: true
]
2022-10-24 03:16:16,777 [s4-server-thread3] INFO  server.RaftServer$Division (RaftServerImpl.java:setRole(325)) - s4@group-6912872F20E7: changes role from CANDIDATE to FOLLOWER at term 2 for appendEntries
2022-10-24 03:16:16,778 [s4-server-thread3] INFO  impl.RoleInfo (RoleInfo.java:shutdownLeaderElection(130)) - s4: shutdown s4@group-6912872F20E7-LeaderElection15
2022-10-24 03:16:16,778 [s4-server-thread3] INFO  impl.RoleInfo (RoleInfo.java:updateAndGet(139)) - s4: start s4@group-6912872F20E7-FollowerState
2022-10-24 03:16:16,784 [s4-server-thread3] INFO  server.RaftServer$Division (ServerState.java:setLeader(259)) - s4@group-6912872F20E7: change Leader from null to s1 at term 2 for appendEntries, leader elected after 63ms
2022-10-24 03:16:16,793 [Time-limited test] INFO  server.RaftServerConfigKeys (ConfUtils.java:logGet(46)) - raft.server.rpc.timeout.max = 300ms (default)
2022-10-24 03:16:16,874 [grpc-default-executor-25] INFO  server.RaftServer$Division (RaftServerImpl.java:requestVote(1291)) - s3@group-6912872F20E7: receive requestVote(PRE_VOTE, s4, group-6912872F20E7, 2, (t:2, i:0))
2022-10-24 03:16:16,874 [grpc-default-executor-25] INFO  impl.VoteContext (VoteContext.java:log(49)) - s3@group-6912872F20E7-FOLLOWER: accept PRE_VOTE from s4: our last entry (t:1, i:0) < candidate's last entry (t:2, i:0)
2022-10-24 03:16:16,875 [grpc-default-executor-25] INFO  server.RaftServer$Division (RaftServerImpl.java:requestVote(1324)) - s3@group-6912872F20E7 replies to PRE_VOTE vote request: s4<-s3#0:OK-t2. Peer's state: s3@group-6912872F20E7:t2, leader=null, voted=null, raftlog=Memoized:s3@group-6912872F20E7-SegmentedRaftLog:OPENED:c0, conf=0: peers:[s3|rpc:localhost:39579|admin:localhost:42243|client:localhost:33409|dataStream:localhost:46293|priority:0|startupRole:FOLLOWER, s4|rpc:localhost:45747|admin:localhost:35149|client:localhost:44435|dataStream:localhost:42993|priority:0|startupRole:FOLLOWER, s0|rpc:localhost:36179|admin:localhost:46501|client:localhost:36175|dataStream:localhost:33505|priority:0|startupRole:FOLLOWER, s1|rpc:localhost:36635|admin:localhost:41981|client:localhost:39775|dataStream:localhost:41297|priority:0|startupRole:FOLLOWER, s2|rpc:localhost:36969|admin:localhost:37929|client:localhost:40489|dataStream:localhost:38077|priority:0|startupRole:FOLLOWER]|listeners:[], old=null
2022-10-24 03:16:16,876 [s4@group-6912872F20E7-LeaderElection15] INFO  impl.LeaderElection (LeaderElection.java:logAndReturn(89)) - s4@group-6912872F20E7-LeaderElection15: PRE_VOTE REJECTED received 1 response(s) and 0 exception(s):
2022-10-24 03:16:16,876 [grpc-default-executor-25] INFO  server.RaftServer$Division (RaftServerImpl.java:requestVote(1291)) - s0@group-6912872F20E7: receive requestVote(PRE_VOTE, s4, group-6912872F20E7, 2, (t:2, i:0))
2022-10-24 03:16:16,876 [s4@group-6912872F20E7-LeaderElection15] INFO  impl.LeaderElection (LeaderElection.java:logAndReturn(93)) -   Response 0: s4<-s3#0:OK-t2
2022-10-24 03:16:16,876 [grpc-default-executor-25] INFO  impl.VoteContext (VoteContext.java:log(49)) - s0@group-6912872F20E7-FOLLOWER: reject PRE_VOTE from s4: this server is a follower and still has a valid leader s1
2022-10-24 03:16:16,876 [grpc-default-executor-25] INFO  server.RaftServer$Division (RaftServerImpl.java:requestVote(1324)) - s0@group-6912872F20E7 replies to PRE_VOTE vote request: s4<-s0#0:FAIL-t2. Peer's state: s0@group-6912872F20E7:t2, leader=s1, voted=s1, raftlog=Memoized:s0@group-6912872F20E7-SegmentedRaftLog:OPENED:c0, conf=0: peers:[s3|rpc:localhost:39579|admin:localhost:42243|client:localhost:33409|dataStream:localhost:46293|priority:0|startupRole:FOLLOWER, s4|rpc:localhost:45747|admin:localhost:35149|client:localhost:44435|dataStream:localhost:42993|priority:0|startupRole:FOLLOWER, s0|rpc:localhost:36179|admin:localhost:46501|client:localhost:36175|dataStream:localhost:33505|priority:0|startupRole:FOLLOWER, s1|rpc:localhost:36635|admin:localhost:41981|client:localhost:39775|dataStream:localhost:41297|priority:0|startupRole:FOLLOWER, s2|rpc:localhost:36969|admin:localhost:37929|client:localhost:40489|dataStream:localhost:38077|priority:0|startupRole:FOLLOWER]|listeners:[], old=null
2022-10-24 03:16:16,876 [s4@group-6912872F20E7-LeaderElection15] INFO  impl.LeaderElection (LeaderElection.java:askForVotes(311)) - s4@group-6912872F20E7-LeaderElection15 PRE_VOTE round 0: result REJECTED
2022-10-24 03:16:16,888 [grpc-default-executor-25] INFO  server.RaftServer$Division (RaftServerImpl.java:requestVote(1291)) - s1@group-6912872F20E7: receive requestVote(PRE_VOTE, s4, group-6912872F20E7, 2, (t:2, i:0))
2022-10-24 03:16:16,888 [grpc-default-executor-25] INFO  impl.VoteContext (VoteContext.java:log(49)) - s1@group-6912872F20E7-LEADER: reject PRE_VOTE from s4: this server is the leader and still has leadership
2022-10-24 03:16:16,888 [grpc-default-executor-25] INFO  server.RaftServer$Division (RaftServerImpl.java:requestVote(1324)) - s1@group-6912872F20E7 replies to PRE_VOTE vote request: s4<-s1#0:FAIL-t2. Peer's state: s1@group-6912872F20E7:t2, leader=s1, voted=s1, raftlog=Memoized:s1@group-6912872F20E7-SegmentedRaftLog:OPENED:c0, conf=0: peers:[s3|rpc:localhost:39579|admin:localhost:42243|client:localhost:33409|dataStream:localhost:46293|priority:0|startupRole:FOLLOWER, s4|rpc:localhost:45747|admin:localhost:35149|client:localhost:44435|dataStream:localhost:42993|priority:0|startupRole:FOLLOWER, s0|rpc:localhost:36179|admin:localhost:46501|client:localhost:36175|dataStream:localhost:33505|priority:0|startupRole:FOLLOWER, s1|rpc:localhost:36635|admin:localhost:41981|client:localhost:39775|dataStream:localhost:41297|priority:0|startupRole:FOLLOWER, s2|rpc:localhost:36969|admin:localhost:37929|client:localhost:40489|dataStream:localhost:38077|priority:0|startupRole:FOLLOWER]|listeners:[], old=null
2022-10-24 03:16:16,892 [grpc-default-executor-25] INFO  server.RaftServer$Division (RaftServerImpl.java:requestVote(1291)) - s2@group-6912872F20E7: receive requestVote(PRE_VOTE, s4, group-6912872F20E7, 2, (t:2, i:0))
2022-10-24 03:16:16,893 [grpc-default-executor-25] INFO  impl.VoteContext (VoteContext.java:log(49)) - s2@group-6912872F20E7-FOLLOWER: reject PRE_VOTE from s4: this server is a follower and still has a valid leader s1
2022-10-24 03:16:16,893 [grpc-default-executor-25] INFO  server.RaftServer$Division (RaftServerImpl.java:requestVote(1324)) - s2@group-6912872F20E7 replies to PRE_VOTE vote request: s4<-s2#0:FAIL-t2. Peer's state: s2@group-6912872F20E7:t2, leader=s1, voted=s1, raftlog=Memoized:s2@group-6912872F20E7-SegmentedRaftLog:OPENED:c0, conf=0: peers:[s3|rpc:localhost:39579|admin:localhost:42243|client:localhost:33409|dataStream:localhost:46293|priority:0|startupRole:FOLLOWER, s4|rpc:localhost:45747|admin:localhost:35149|client:localhost:44435|dataStream:localhost:42993|priority:0|startupRole:FOLLOWER, s0|rpc:localhost:36179|admin:localhost:46501|client:localhost:36175|dataStream:localhost:33505|priority:0|startupRole:FOLLOWER, s1|rpc:localhost:36635|admin:localhost:41981|client:localhost:39775|dataStream:localhost:41297|priority:0|startupRole:FOLLOWER, s2|rpc:localhost:36969|admin:localhost:37929|client:localhost:40489|dataStream:localhost:38077|priority:0|startupRole:FOLLOWER]|listeners:[], old=null
2022-10-24 03:16:17,003 [s3-server-thread3] INFO  util.CodeInjectionForTesting (BlockRequestHandlingInjection.java:execute(84)) - s3: unBlock request from s1
2022-10-24 03:16:17,003 [s3-server-thread3] INFO  server.RaftServer$Division (ServerState.java:setLeader(259)) - s3@group-6912872F20E7: change Leader from null to s1 at term 2 for appendEntries, leader elected after 739ms
2022-10-24 03:16:17,003 [s3-server-thread3] INFO  server.RaftServer$Division (RaftServerImpl.java:checkInconsistentAppendEntries(1599)) - s3@group-6912872F20E7: Failed appendEntries as previous log entry ((t:2, i:0)) is not found
2022-10-24 03:16:17,004 [s3-server-thread3] INFO  server.RaftServer$Division (RaftServerImpl.java:checkInconsistentAppendEntries(1569)) - s3@group-6912872F20E7: inconsistency entries. Reply:s1<-s3#40:FAIL-t2,INCONSISTENCY,nextIndex=0,followerCommit=0,matchIndex=-1
2022-10-24 03:16:17,005 [grpc-default-executor-34] INFO  leader.FollowerInfo (FollowerInfoImpl.java:lambda$new$0(48)) - s1@group-6912872F20E7->s3: nextIndex: updateUnconditionally 1 -> 0
2022-10-24 03:16:17,005 [s3-server-thread3] INFO  server.RaftServer$Division (RaftServerImpl.java:checkInconsistentAppendEntries(1599)) - s3@group-6912872F20E7: Failed appendEntries as previous log entry ((t:2, i:0)) is not found
2022-10-24 03:16:17,005 [s3-server-thread3] INFO  server.RaftServer$Division (RaftServerImpl.java:checkInconsistentAppendEntries(1569)) - s3@group-6912872F20E7: inconsistency entries. Reply:s1<-s3#41:FAIL-t2,INCONSISTENCY,nextIndex=0,followerCommit=0,matchIndex=-1
2022-10-24 03:16:17,007 [s3-server-thread1] DEBUG server.RaftServer$Division (RaftServerImpl.java:logAppendEntries(1418)) - s3@group-6912872F20E7: receive appendEntries(s1, 2, null, 0, true, commits:[s1:c0, s3:c0, s4:c0, s0:c0, s2:c0], cId:48, entries: [(t:2, i:0), CONFIGURATIONENTRY(current:id: "s3"
address: "localhost:39579"
dataStreamAddress: "localhost:46293"
clientAddress: "localhost:33409"
adminAddress: "localhost:42243"
startupRole: FOLLOWER
,id: "s4"
address: "localhost:45747"
dataStreamAddress: "localhost:42993"
clientAddress: "localhost:44435"
adminAddress: "localhost:35149"
startupRole: FOLLOWER
,id: "s0"
address: "localhost:36179"
dataStreamAddress: "localhost:33505"
clientAddress: "localhost:36175"
adminAddress: "localhost:46501"
startupRole: FOLLOWER
,id: "s1"
address: "localhost:36635"
dataStreamAddress: "localhost:41297"
clientAddress: "localhost:39775"
adminAddress: "localhost:41981"
startupRole: FOLLOWER
,id: "s2"
address: "localhost:36969"
dataStreamAddress: "localhost:38077"
clientAddress: "localhost:40489"
adminAddress: "localhost:37929"
startupRole: FOLLOWER
, old:)]
2022-10-24 03:16:17,007 [s3-server-thread1] INFO  server.RaftServer$Division (RaftServerImpl.java:checkInconsistentAppendEntries(1589)) - s3@group-6912872F20E7: Failed appendEntries as the first entry (index 0) already exists (snapshotIndex: -1, commitIndex: 0)
2022-10-24 03:16:17,007 [s3-server-thread1] INFO  server.RaftServer$Division (RaftServerImpl.java:checkInconsistentAppendEntries(1569)) - s3@group-6912872F20E7: inconsistency entries. Reply:s1<-s3#48:FAIL-t2,INCONSISTENCY,nextIndex=1,followerCommit=0,matchIndex=-1
2022-10-24 03:16:17,008 [s3-server-thread3] INFO  server.RaftServer$Division (RaftServerImpl.java:checkInconsistentAppendEntries(1599)) - s3@group-6912872F20E7: Failed appendEntries as previous log entry ((t:2, i:0)) is not found
2022-10-24 03:16:17,008 [s3-server-thread3] INFO  server.RaftServer$Division (RaftServerImpl.java:checkInconsistentAppendEntries(1569)) - s3@group-6912872F20E7: inconsistency entries. Reply:s1<-s3#42:FAIL-t2,INCONSISTENCY,nextIndex=0,followerCommit=0,matchIndex=-1
2022-10-24 03:16:17,008 [s3-server-thread3] INFO  server.RaftServer$Division (RaftServerImpl.java:checkInconsistentAppendEntries(1599)) - s3@group-6912872F20E7: Failed appendEntries as previous log entry ((t:2, i:0)) is not found
2022-10-24 03:16:17,008 [s3-server-thread3] INFO  server.RaftServer$Division (RaftServerImpl.java:checkInconsistentAppendEntries(1569)) - s3@group-6912872F20E7: inconsistency entries. Reply:s1<-s3#43:FAIL-t2,INCONSISTENCY,nextIndex=0,followerCommit=0,matchIndex=-1
2022-10-24 03:16:17,009 [grpc-default-executor-15] INFO  leader.FollowerInfo (FollowerInfoImpl.java:lambda$new$0(48)) - s1@group-6912872F20E7->s3: nextIndex: updateUnconditionally 1 -> 1
2022-10-24 03:16:17,009 [grpc-default-executor-8] INFO  leader.FollowerInfo (FollowerInfoImpl.java:lambda$new$0(48)) - s1@group-6912872F20E7->s3: nextIndex: updateUnconditionally 1 -> 0
2022-10-24 03:16:17,010 [s3-server-thread3] INFO  server.RaftServer$Division (RaftServerImpl.java:checkInconsistentAppendEntries(1599)) - s3@group-6912872F20E7: Failed appendEntries as previous log entry ((t:2, i:0)) is not found
2022-10-24 03:16:17,010 [s3-server-thread3] INFO  server.RaftServer$Division (RaftServerImpl.java:checkInconsistentAppendEntries(1569)) - s3@group-6912872F20E7: inconsistency entries. Reply:s1<-s3#44:FAIL-t2,INCONSISTENCY,nextIndex=0,followerCommit=0,matchIndex=-1
2022-10-24 03:16:17,011 [grpc-default-executor-8] INFO  leader.FollowerInfo (FollowerInfoImpl.java:lambda$new$0(48)) - s1@group-6912872F20E7->s3: nextIndex: updateUnconditionally 1 -> 0
2022-10-24 03:16:17,012 [s3-server-thread1] DEBUG server.RaftServer$Division (RaftServerImpl.java:logAppendEntries(1418)) - s3@group-6912872F20E7: receive appendEntries(s1, 2, null, 0, true, commits:[s1:c0, s3:c0, s4:c0, s0:c0, s2:c0], cId:49, entries: [(t:2, i:0), CONFIGURATIONENTRY(current:id: "s3"
address: "localhost:39579"
dataStreamAddress: "localhost:46293"
clientAddress: "localhost:33409"
adminAddress: "localhost:42243"
startupRole: FOLLOWER
,id: "s4"
address: "localhost:45747"
dataStreamAddress: "localhost:42993"
clientAddress: "localhost:44435"
adminAddress: "localhost:35149"
startupRole: FOLLOWER
,id: "s0"
address: "localhost:36179"
dataStreamAddress: "localhost:33505"
clientAddress: "localhost:36175"
adminAddress: "localhost:46501"
startupRole: FOLLOWER
,id: "s1"
address: "localhost:36635"
dataStreamAddress: "localhost:41297"
clientAddress: "localhost:39775"
adminAddress: "localhost:41981"
startupRole: FOLLOWER
,id: "s2"
address: "localhost:36969"
dataStreamAddress: "localhost:38077"
clientAddress: "localhost:40489"
adminAddress: "localhost:37929"
startupRole: FOLLOWER
, old:)]
2022-10-24 03:16:17,012 [s3-server-thread1] INFO  server.RaftServer$Division (RaftServerImpl.java:checkInconsistentAppendEntries(1589)) - s3@group-6912872F20E7: Failed appendEntries as the first entry (index 0) already exists (snapshotIndex: -1, commitIndex: 0)
2022-10-24 03:16:17,012 [s3-server-thread1] INFO  server.RaftServer$Division (RaftServerImpl.java:checkInconsistentAppendEntries(1569)) - s3@group-6912872F20E7: inconsistency entries. Reply:s1<-s3#49:FAIL-t2,INCONSISTENCY,nextIndex=1,followerCommit=0,matchIndex=-1
2022-10-24 03:16:17,013 [s3-server-thread3] INFO  server.RaftServer$Division (RaftServerImpl.java:checkInconsistentAppendEntries(1599)) - s3@group-6912872F20E7: Failed appendEntries as previous log entry ((t:2, i:0)) is not found
2022-10-24 03:16:17,013 [s3-server-thread3] INFO  server.RaftServer$Division (RaftServerImpl.java:checkInconsistentAppendEntries(1569)) - s3@group-6912872F20E7: inconsistency entries. Reply:s1<-s3#45:FAIL-t2,INCONSISTENCY,nextIndex=0,followerCommit=0,matchIndex=-1
2022-10-24 03:16:17,013 [grpc-default-executor-15] INFO  leader.FollowerInfo (FollowerInfoImpl.java:lambda$new$0(48)) - s1@group-6912872F20E7->s3: nextIndex: updateUnconditionally 1 -> 0
2022-10-24 03:16:17,015 [s3-server-thread1] INFO  server.RaftServer$Division (RaftServerImpl.java:checkInconsistentAppendEntries(1599)) - s3@group-6912872F20E7: Failed appendEntries as previous log entry ((t:2, i:0)) is not found
2022-10-24 03:16:17,015 [s3-server-thread1] INFO  server.RaftServer$Division (RaftServerImpl.java:checkInconsistentAppendEntries(1569)) - s3@group-6912872F20E7: inconsistency entries. Reply:s1<-s3#46:FAIL-t2,INCONSISTENCY,nextIndex=0,followerCommit=0,matchIndex=-1
2022-10-24 03:16:17,016 [grpc-default-executor-25] INFO  leader.FollowerInfo (FollowerInfoImpl.java:lambda$new$0(48)) - s1@group-6912872F20E7->s3: nextIndex: updateUnconditionally 1 -> 0
2022-10-24 03:16:17,017 [grpc-default-executor-8] INFO  leader.FollowerInfo (FollowerInfoImpl.java:lambda$new$0(48)) - s1@group-6912872F20E7->s3: nextIndex: updateUnconditionally 1 -> 1
2022-10-24 03:16:17,017 [s3-server-thread3] DEBUG server.RaftServer$Division (RaftServerImpl.java:logAppendEntries(1418)) - s3@group-6912872F20E7: receive appendEntries(s1, 2, null, 0, true, commits:[s1:c0, s3:c0, s4:c0, s0:c0, s2:c0], cId:50, entries: [(t:2, i:0), CONFIGURATIONENTRY(current:id: "s3"
address: "localhost:39579"
dataStreamAddress: "localhost:46293"
clientAddress: "localhost:33409"
adminAddress: "localhost:42243"
startupRole: FOLLOWER
,id: "s4"
address: "localhost:45747"
dataStreamAddress: "localhost:42993"
clientAddress: "localhost:44435"
adminAddress: "localhost:35149"
startupRole: FOLLOWER
,id: "s0"
address: "localhost:36179"
dataStreamAddress: "localhost:33505"
clientAddress: "localhost:36175"
adminAddress: "localhost:46501"
startupRole: FOLLOWER
,id: "s1"
address: "localhost:36635"
dataStreamAddress: "localhost:41297"
clientAddress: "localhost:39775"
adminAddress: "localhost:41981"
startupRole: FOLLOWER
,id: "s2"
address: "localhost:36969"
dataStreamAddress: "localhost:38077"
clientAddress: "localhost:40489"
adminAddress: "localhost:37929"
startupRole: FOLLOWER
, old:)]
2022-10-24 03:16:17,017 [s3-server-thread3] INFO  server.RaftServer$Division (RaftServerImpl.java:checkInconsistentAppendEntries(1589)) - s3@group-6912872F20E7: Failed appendEntries as the first entry (index 0) already exists (snapshotIndex: -1, commitIndex: 0)
2022-10-24 03:16:17,017 [s3-server-thread3] INFO  server.RaftServer$Division (RaftServerImpl.java:checkInconsistentAppendEntries(1569)) - s3@group-6912872F20E7: inconsistency entries. Reply:s1<-s3#50:FAIL-t2,INCONSISTENCY,nextIndex=1,followerCommit=0,matchIndex=-1
2022-10-24 03:16:17,019 [s3-server-thread1] DEBUG server.RaftServer$Division (RaftServerImpl.java:logAppendEntries(1418)) - s3@group-6912872F20E7: receive appendEntries(s1, 2, null, 0, true, commits:[s1:c0, s3:c0, s4:c0, s0:c0, s2:c0], cId:51, entries: [(t:2, i:0), CONFIGURATIONENTRY(current:id: "s3"
address: "localhost:39579"
dataStreamAddress: "localhost:46293"
clientAddress: "localhost:33409"
adminAddress: "localhost:42243"
startupRole: FOLLOWER
,id: "s4"
address: "localhost:45747"
dataStreamAddress: "localhost:42993"
clientAddress: "localhost:44435"
adminAddress: "localhost:35149"
startupRole: FOLLOWER
,id: "s0"
address: "localhost:36179"
dataStreamAddress: "localhost:33505"
clientAddress: "localhost:36175"
adminAddress: "localhost:46501"
startupRole: FOLLOWER
,id: "s1"
address: "localhost:36635"
dataStreamAddress: "localhost:41297"
clientAddress: "localhost:39775"
adminAddress: "localhost:41981"
startupRole: FOLLOWER
,id: "s2"
address: "localhost:36969"
dataStreamAddress: "localhost:38077"
clientAddress: "localhost:40489"
adminAddress: "localhost:37929"
startupRole: FOLLOWER
, old:)]
2022-10-24 03:16:17,019 [s3-server-thread1] INFO  server.RaftServer$Division (RaftServerImpl.java:checkInconsistentAppendEntries(1589)) - s3@group-6912872F20E7: Failed appendEntries as the first entry (index 0) already exists (snapshotIndex: -1, commitIndex: 0)
2022-10-24 03:16:17,019 [s3-server-thread1] INFO  server.RaftServer$Division (RaftServerImpl.java:checkInconsistentAppendEntries(1569)) - s3@group-6912872F20E7: inconsistency entries. Reply:s1<-s3#51:FAIL-t2,INCONSISTENCY,nextIndex=1,followerCommit=0,matchIndex=-1
2022-10-24 03:16:17,019 [grpc-default-executor-34] INFO  leader.FollowerInfo (FollowerInfoImpl.java:lambda$new$0(48)) - s1@group-6912872F20E7->s3: nextIndex: updateUnconditionally 1 -> 1
2022-10-24 03:16:17,020 [grpc-default-executor-8] INFO  leader.FollowerInfo (FollowerInfoImpl.java:lambda$new$0(48)) - s1@group-6912872F20E7->s3: nextIndex: updateUnconditionally 1 -> 0
2022-10-24 03:16:17,020 [s3-server-thread3] INFO  server.RaftServer$Division (RaftServerImpl.java:checkInconsistentAppendEntries(1599)) - s3@group-6912872F20E7: Failed appendEntries as previous log entry ((t:2, i:0)) is not found
2022-10-24 03:16:17,020 [s3-server-thread3] INFO  server.RaftServer$Division (RaftServerImpl.java:checkInconsistentAppendEntries(1569)) - s3@group-6912872F20E7: inconsistency entries. Reply:s1<-s3#47:FAIL-t2,INCONSISTENCY,nextIndex=0,followerCommit=0,matchIndex=-1
2022-10-24 03:16:17,021 [s3-server-thread1] DEBUG server.RaftServer$Division (RaftServerImpl.java:logAppendEntries(1418)) - s3@group-6912872F20E7: receive appendEntries(s1, 2, null, 0, true, commits:[s1:c0, s3:c0, s4:c0, s0:c0, s2:c0], cId:52, entries: [(t:2, i:0), CONFIGURATIONENTRY(current:id: "s3"
address: "localhost:39579"
dataStreamAddress: "localhost:46293"
clientAddress: "localhost:33409"
adminAddress: "localhost:42243"
startupRole: FOLLOWER
,id: "s4"
address: "localhost:45747"
dataStreamAddress: "localhost:42993"
clientAddress: "localhost:44435"
adminAddress: "localhost:35149"
startupRole: FOLLOWER
,id: "s0"
address: "localhost:36179"
dataStreamAddress: "localhost:33505"
clientAddress: "localhost:36175"
adminAddress: "localhost:46501"
startupRole: FOLLOWER
,id: "s1"
address: "localhost:36635"
dataStreamAddress: "localhost:41297"
clientAddress: "localhost:39775"
adminAddress: "localhost:41981"
startupRole: FOLLOWER
,id: "s2"
address: "localhost:36969"
dataStreamAddress: "localhost:38077"
clientAddress: "localhost:40489"
adminAddress: "localhost:37929"
startupRole: FOLLOWER
, old:)]
2022-10-24 03:16:17,021 [s3-server-thread1] INFO  server.RaftServer$Division (RaftServerImpl.java:checkInconsistentAppendEntries(1589)) - s3@group-6912872F20E7: Failed appendEntries as the first entry (index 0) already exists (snapshotIndex: -1, commitIndex: 0)
2022-10-24 03:16:17,021 [s3-server-thread1] INFO  server.RaftServer$Division (RaftServerImpl.java:checkInconsistentAppendEntries(1569)) - s3@group-6912872F20E7: inconsistency entries. Reply:s1<-s3#52:FAIL-t2,INCONSISTENCY,nextIndex=1,followerCommit=0,matchIndex=-1
2022-10-24 03:16:17,022 [grpc-default-executor-34] INFO  leader.FollowerInfo (FollowerInfoImpl.java:lambda$new$0(48)) - s1@group-6912872F20E7->s3: nextIndex: updateUnconditionally 1 -> 1
2022-10-24 03:16:17,022 [grpc-default-executor-15] INFO  leader.FollowerInfo (FollowerInfoImpl.java:lambda$new$0(48)) - s1@group-6912872F20E7->s3: nextIndex: updateUnconditionally 1 -> 0
2022-10-24 03:16:17,023 [s3-server-thread1] DEBUG server.RaftServer$Division (RaftServerImpl.java:logAppendEntries(1418)) - s3@group-6912872F20E7: receive appendEntries(s1, 2, null, 0, true, commits:[s1:c0, s3:c0, s4:c0, s0:c0, s2:c0], cId:53, entries: [(t:2, i:0), CONFIGURATIONENTRY(current:id: "s3"
address: "localhost:39579"
dataStreamAddress: "localhost:46293"
clientAddress: "localhost:33409"
adminAddress: "localhost:42243"
startupRole: FOLLOWER
,id: "s4"
address: "localhost:45747"
dataStreamAddress: "localhost:42993"
clientAddress: "localhost:44435"
adminAddress: "localhost:35149"
startupRole: FOLLOWER
,id: "s0"
address: "localhost:36179"
dataStreamAddress: "localhost:33505"
clientAddress: "localhost:36175"
adminAddress: "localhost:46501"
startupRole: FOLLOWER
,id: "s1"
address: "localhost:36635"
dataStreamAddress: "localhost:41297"
clientAddress: "localhost:39775"
adminAddress: "localhost:41981"
startupRole: FOLLOWER
,id: "s2"
address: "localhost:36969"
dataStreamAddress: "localhost:38077"
clientAddress: "localhost:40489"
adminAddress: "localhost:37929"
startupRole: FOLLOWER
, old:)]
2022-10-24 03:16:17,024 [s3-server-thread1] INFO  server.RaftServer$Division (RaftServerImpl.java:checkInconsistentAppendEntries(1589)) - s3@group-6912872F20E7: Failed appendEntries as the first entry (index 0) already exists (snapshotIndex: -1, commitIndex: 0)
2022-10-24 03:16:17,024 [s3-server-thread1] INFO  server.RaftServer$Division (RaftServerImpl.java:checkInconsistentAppendEntries(1569)) - s3@group-6912872F20E7: inconsistency entries. Reply:s1<-s3#53:FAIL-t2,INCONSISTENCY,nextIndex=1,followerCommit=0,matchIndex=-1
2022-10-24 03:16:17,024 [grpc-default-executor-15] INFO  leader.FollowerInfo (FollowerInfoImpl.java:lambda$new$0(48)) - s1@group-6912872F20E7->s3: nextIndex: updateUnconditionally 1 -> 1
2022-10-24 03:16:17,025 [grpc-default-executor-8] INFO  leader.FollowerInfo (FollowerInfoImpl.java:lambda$new$0(48)) - s1@group-6912872F20E7->s3: nextIndex: updateUnconditionally 1 -> 0
2022-10-24 03:16:17,026 [s3-server-thread1] DEBUG server.RaftServer$Division (RaftServerImpl.java:logAppendEntries(1418)) - s3@group-6912872F20E7: receive appendEntries(s1, 2, null, 0, true, commits:[s1:c0, s3:c0, s4:c0, s0:c0, s2:c0], cId:54, entries: [(t:2, i:0), CONFIGURATIONENTRY(current:id: "s3"
address: "localhost:39579"
dataStreamAddress: "localhost:46293"
clientAddress: "localhost:33409"
adminAddress: "localhost:42243"
startupRole: FOLLOWER
,id: "s4"
address: "localhost:45747"
dataStreamAddress: "localhost:42993"
clientAddress: "localhost:44435"
adminAddress: "localhost:35149"
startupRole: FOLLOWER
,id: "s0"
address: "localhost:36179"
dataStreamAddress: "localhost:33505"
clientAddress: "localhost:36175"
adminAddress: "localhost:46501"
startupRole: FOLLOWER
,id: "s1"
address: "localhost:36635"
dataStreamAddress: "localhost:41297"
clientAddress: "localhost:39775"
adminAddress: "localhost:41981"
startupRole: FOLLOWER
,id: "s2"
address: "localhost:36969"
dataStreamAddress: "localhost:38077"
clientAddress: "localhost:40489"
adminAddress: "localhost:37929"
startupRole: FOLLOWER
, old:)]
2022-10-24 03:16:17,026 [s3-server-thread1] INFO  server.RaftServer$Division (RaftServerImpl.java:checkInconsistentAppendEntries(1589)) - s3@group-6912872F20E7: Failed appendEntries as the first entry (index 0) already exists (snapshotIndex: -1, commitIndex: 0)
2022-10-24 03:16:17,026 [s3-server-thread1] INFO  server.RaftServer$Division (RaftServerImpl.java:checkInconsistentAppendEntries(1569)) - s3@group-6912872F20E7: inconsistency entries. Reply:s1<-s3#54:FAIL-t2,INCONSISTENCY,nextIndex=1,followerCommit=0,matchIndex=-1
2022-10-24 03:16:17,026 [grpc-default-executor-15] INFO  leader.FollowerInfo (FollowerInfoImpl.java:lambda$new$0(48)) - s1@group-6912872F20E7->s3: nextIndex: updateUnconditionally 1 -> 1
2022-10-24 03:16:17,027 [s3-server-thread1] DEBUG server.RaftServer$Division (RaftServerImpl.java:logAppendEntries(1418)) - s3@group-6912872F20E7: receive appendEntries(s1, 2, null, 0, true, commits:[s1:c0, s3:c0, s4:c0, s0:c0, s2:c0], cId:55, entries: [(t:2, i:0), CONFIGURATIONENTRY(current:id: "s3"
address: "localhost:39579"
dataStreamAddress: "localhost:46293"
clientAddress: "localhost:33409"
adminAddress: "localhost:42243"
startupRole: FOLLOWER
,id: "s4"
address: "localhost:45747"
dataStreamAddress: "localhost:42993"
clientAddress: "localhost:44435"
adminAddress: "localhost:35149"
startupRole: FOLLOWER
,id: "s0"
address: "localhost:36179"
dataStreamAddress: "localhost:33505"
clientAddress: "localhost:36175"
adminAddress: "localhost:46501"
startupRole: FOLLOWER
,id: "s1"
address: "localhost:36635"
dataStreamAddress: "localhost:41297"
clientAddress: "localhost:39775"
adminAddress: "localhost:41981"
startupRole: FOLLOWER
,id: "s2"
address: "localhost:36969"
dataStreamAddress: "localhost:38077"
clientAddress: "localhost:40489"
adminAddress: "localhost:37929"
startupRole: FOLLOWER
, old:)]
2022-10-24 03:16:17,028 [s3-server-thread1] INFO  server.RaftServer$Division (RaftServerImpl.java:checkInconsistentAppendEntries(1589)) - s3@group-6912872F20E7: Failed appendEntries as the first entry (index 0) already exists (snapshotIndex: -1, commitIndex: 0)
2022-10-24 03:16:17,028 [s3-server-thread1] INFO  server.RaftServer$Division (RaftServerImpl.java:checkInconsistentAppendEntries(1569)) - s3@group-6912872F20E7: inconsistency entries. Reply:s1<-s3#55:FAIL-t2,INCONSISTENCY,nextIndex=1,followerCommit=0,matchIndex=-1
2022-10-24 03:16:17,028 [grpc-default-executor-15] INFO  leader.FollowerInfo (FollowerInfoImpl.java:lambda$new$0(48)) - s1@group-6912872F20E7->s3: nextIndex: updateUnconditionally 1 -> 1
2022-10-24 03:16:17,029 [grpc-default-executor-8] INFO  leader.FollowerInfo (FollowerInfoImpl.java:lambda$new$0(48)) - s1@group-6912872F20E7->s3: nextIndex: updateUnconditionally 1 -> 1
2022-10-24 03:16:17,105 [s3-server-thread1] INFO  server.RaftServer$Division (RaftServerImpl.java:checkInconsistentAppendEntries(1599)) - s3@group-6912872F20E7: Failed appendEntries as previous log entry ((t:2, i:0)) is not found
2022-10-24 03:16:17,106 [s3-server-thread1] INFO  server.RaftServer$Division (RaftServerImpl.java:checkInconsistentAppendEntries(1569)) - s3@group-6912872F20E7: inconsistency entries. Reply:s1<-s3#56:FAIL-t2,INCONSISTENCY,nextIndex=0,followerCommit=0,matchIndex=-1
2022-10-24 03:16:17,106 [grpc-default-executor-15] INFO  leader.FollowerInfo (FollowerInfoImpl.java:lambda$new$0(48)) - s1@group-6912872F20E7->s3: nextIndex: updateUnconditionally 1 -> 0
2022-10-24 03:16:17,107 [s3-server-thread1] DEBUG server.RaftServer$Division (RaftServerImpl.java:logAppendEntries(1418)) - s3@group-6912872F20E7: receive appendEntries(s1, 2, null, 0, true, commits:[s1:c0, s3:c0, s4:c0, s0:c0, s2:c0], cId:57, entries: [(t:2, i:0), CONFIGURATIONENTRY(current:id: "s3"
address: "localhost:39579"
dataStreamAddress: "localhost:46293"
clientAddress: "localhost:33409"
adminAddress: "localhost:42243"
startupRole: FOLLOWER
,id: "s4"
address: "localhost:45747"
dataStreamAddress: "localhost:42993"
clientAddress: "localhost:44435"
adminAddress: "localhost:35149"
startupRole: FOLLOWER
,id: "s0"
address: "localhost:36179"
dataStreamAddress: "localhost:33505"
clientAddress: "localhost:36175"
adminAddress: "localhost:46501"
startupRole: FOLLOWER
,id: "s1"
address: "localhost:36635"
dataStreamAddress: "localhost:41297"
clientAddress: "localhost:39775"
adminAddress: "localhost:41981"
startupRole: FOLLOWER
,id: "s2"
address: "localhost:36969"
dataStreamAddress: "localhost:38077"
clientAddress: "localhost:40489"
adminAddress: "localhost:37929"
startupRole: FOLLOWER
, old:)]
2022-10-24 03:16:17,107 [s3-server-thread1] INFO  server.RaftServer$Division (RaftServerImpl.java:checkInconsistentAppendEntries(1589)) - s3@group-6912872F20E7: Failed appendEntries as the first entry (index 0) already exists (snapshotIndex: -1, commitIndex: 0)
2022-10-24 03:16:17,107 [s3-server-thread1] INFO  server.RaftServer$Division (RaftServerImpl.java:checkInconsistentAppendEntries(1569)) - s3@group-6912872F20E7: inconsistency entries. Reply:s1<-s3#57:FAIL-t2,INCONSISTENCY,nextIndex=1,followerCommit=0,matchIndex=-1
2022-10-24 03:16:17,108 [grpc-default-executor-15] INFO  leader.FollowerInfo (FollowerInfoImpl.java:lambda$new$0(48)) - s1@group-6912872F20E7->s3: nextIndex: updateUnconditionally 1 -> 1
2022-10-24 03:16:17,185 [s3-server-thread1] INFO  server.RaftServer$Division (RaftServerImpl.java:checkInconsistentAppendEntries(1599)) - s3@group-6912872F20E7: Failed appendEntries as previous log entry ((t:2, i:0)) is not found
2022-10-24 03:16:17,185 [s3-server-thread1] INFO  server.RaftServer$Division (RaftServerImpl.java:checkInconsistentAppendEntries(1569)) - s3@group-6912872F20E7: inconsistency entries. Reply:s1<-s3#58:FAIL-t2,INCONSISTENCY,nextIndex=0,followerCommit=0,matchIndex=-1
2022-10-24 03:16:17,185 [grpc-default-executor-15] INFO  leader.FollowerInfo (FollowerInfoImpl.java:lambda$new$0(48)) - s1@group-6912872F20E7->s3: nextIndex: updateUnconditionally 1 -> 0
2022-10-24 03:16:17,186 [s3-server-thread1] DEBUG server.RaftServer$Division (RaftServerImpl.java:logAppendEntries(1418)) - s3@group-6912872F20E7: receive appendEntries(s1, 2, null, 0, true, commits:[s1:c0, s3:c0, s4:c0, s0:c0, s2:c0], cId:59, entries: [(t:2, i:0), CONFIGURATIONENTRY(current:id: "s3"
address: "localhost:39579"
dataStreamAddress: "localhost:46293"
clientAddress: "localhost:33409"
adminAddress: "localhost:42243"
startupRole: FOLLOWER
,id: "s4"
address: "localhost:45747"
dataStreamAddress: "localhost:42993"
clientAddress: "localhost:44435"
adminAddress: "localhost:35149"
startupRole: FOLLOWER
,id: "s0"
address: "localhost:36179"
dataStreamAddress: "localhost:33505"
clientAddress: "localhost:36175"
adminAddress: "localhost:46501"
startupRole: FOLLOWER
,id: "s1"
address: "localhost:36635"
dataStreamAddress: "localhost:41297"
clientAddress: "localhost:39775"
adminAddress: "localhost:41981"
startupRole: FOLLOWER
,id: "s2"
address: "localhost:36969"
dataStreamAddress: "localhost:38077"
clientAddress: "localhost:40489"
adminAddress: "localhost:37929"
startupRole: FOLLOWER
, old:)]
2022-10-24 03:16:17,187 [s3-server-thread1] INFO  server.RaftServer$Division (RaftServerImpl.java:checkInconsistentAppendEntries(1589)) - s3@group-6912872F20E7: Failed appendEntries as the first entry (index 0) already exists (snapshotIndex: -1, commitIndex: 0)
2022-10-24 03:16:17,187 [s3-server-thread1] INFO  server.RaftServer$Division (RaftServerImpl.java:checkInconsistentAppendEntries(1569)) - s3@group-6912872F20E7: inconsistency entries. Reply:s1<-s3#59:FAIL-t2,INCONSISTENCY,nextIndex=1,followerCommit=0,matchIndex=-1
2022-10-24 03:16:17,187 [grpc-default-executor-15] INFO  leader.FollowerInfo (FollowerInfoImpl.java:lambda$new$0(48)) - s1@group-6912872F20E7->s3: nextIndex: updateUnconditionally 1 -> 1
2022-10-24 03:16:17,263 [s3-server-thread1] INFO  server.RaftServer$Division (RaftServerImpl.java:checkInconsistentAppendEntries(1599)) - s3@group-6912872F20E7: Failed appendEntries as previous log entry ((t:2, i:0)) is not found
2022-10-24 03:16:17,263 [s3-server-thread1] INFO  server.RaftServer$Division (RaftServerImpl.java:checkInconsistentAppendEntries(1569)) - s3@group-6912872F20E7: inconsistency entries. Reply:s1<-s3#60:FAIL-t2,INCONSISTENCY,nextIndex=0,followerCommit=0,matchIndex=-1
2022-10-24 03:16:17,264 [grpc-default-executor-15] INFO  leader.FollowerInfo (FollowerInfoImpl.java:lambda$new$0(48)) - s1@group-6912872F20E7->s3: nextIndex: updateUnconditionally 1 -> 0
2022-10-24 03:16:17,265 [s3-server-thread1] DEBUG server.RaftServer$Division (RaftServerImpl.java:logAppendEntries(1418)) - s3@group-6912872F20E7: receive appendEntries(s1, 2, null, 0, true, commits:[s1:c0, s3:c0, s4:c0, s0:c0, s2:c0], cId:61, entries: [(t:2, i:0), CONFIGURATIONENTRY(current:id: "s3"
address: "localhost:39579"
dataStreamAddress: "localhost:46293"
clientAddress: "localhost:33409"
adminAddress: "localhost:42243"
startupRole: FOLLOWER
,id: "s4"
address: "localhost:45747"
dataStreamAddress: "localhost:42993"
clientAddress: "localhost:44435"
adminAddress: "localhost:35149"
startupRole: FOLLOWER
,id: "s0"
address: "localhost:36179"
dataStreamAddress: "localhost:33505"
clientAddress: "localhost:36175"
adminAddress: "localhost:46501"
startupRole: FOLLOWER
,id: "s1"
address: "localhost:36635"
dataStreamAddress: "localhost:41297"
clientAddress: "localhost:39775"
adminAddress: "localhost:41981"
startupRole: FOLLOWER
,id: "s2"
address: "localhost:36969"
dataStreamAddress: "localhost:38077"
clientAddress: "localhost:40489"
adminAddress: "localhost:37929"
startupRole: FOLLOWER
, old:)]
2022-10-24 03:16:17,265 [s3-server-thread1] INFO  server.RaftServer$Division (RaftServerImpl.java:checkInconsistentAppendEntries(1589)) - s3@group-6912872F20E7: Failed appendEntries as the first entry (index 0) already exists (snapshotIndex: -1, commitIndex: 0)
2022-10-24 03:16:17,265 [s3-server-thread1] INFO  server.RaftServer$Division (RaftServerImpl.java:checkInconsistentAppendEntries(1569)) - s3@group-6912872F20E7: inconsistency entries. Reply:s1<-s3#61:FAIL-t2,INCONSISTENCY,nextIndex=1,followerCommit=0,matchIndex=-1
2022-10-24 03:16:17,266 [grpc-default-executor-15] INFO  leader.FollowerInfo (FollowerInfoImpl.java:lambda$new$0(48)) - s1@group-6912872F20E7->s3: nextIndex: updateUnconditionally 1 -> 1
2022-10-24 03:16:17,341 [s3-server-thread1] INFO  server.RaftServer$Division (RaftServerImpl.java:checkInconsistentAppendEntries(1599)) - s3@group-6912872F20E7: Failed appendEntries as previous log entry ((t:2, i:0)) is not found
2022-10-24 03:16:17,342 [s3-server-thread1] INFO  server.RaftServer$Division (RaftServerImpl.java:checkInconsistentAppendEntries(1569)) - s3@group-6912872F20E7: inconsistency entries. Reply:s1<-s3#62:FAIL-t2,INCONSISTENCY,nextIndex=0,followerCommit=0,matchIndex=-1
2022-10-24 03:16:17,342 [grpc-default-executor-15] INFO  leader.FollowerInfo (FollowerInfoImpl.java:lambda$new$0(48)) - s1@group-6912872F20E7->s3: nextIndex: updateUnconditionally 1 -> 0
2022-10-24 03:16:17,343 [s3-server-thread1] DEBUG server.RaftServer$Division (RaftServerImpl.java:logAppendEntries(1418)) - s3@group-6912872F20E7: receive appendEntries(s1, 2, null, 0, true, commits:[s1:c0, s3:c0, s4:c0, s0:c0, s2:c0], cId:63, entries: [(t:2, i:0), CONFIGURATIONENTRY(current:id: "s3"
address: "localhost:39579"
dataStreamAddress: "localhost:46293"
clientAddress: "localhost:33409"
adminAddress: "localhost:42243"
startupRole: FOLLOWER
,id: "s4"
address: "localhost:45747"
dataStreamAddress: "localhost:42993"
clientAddress: "localhost:44435"
adminAddress: "localhost:35149"
startupRole: FOLLOWER
,id: "s0"
address: "localhost:36179"
dataStreamAddress: "localhost:33505"
clientAddress: "localhost:36175"
adminAddress: "localhost:46501"
startupRole: FOLLOWER
,id: "s1"
address: "localhost:36635"
dataStreamAddress: "localhost:41297"
clientAddress: "localhost:39775"
adminAddress: "localhost:41981"
startupRole: FOLLOWER
,id: "s2"
address: "localhost:36969"
dataStreamAddress: "localhost:38077"
clientAddress: "localhost:40489"
adminAddress: "localhost:37929"
startupRole: FOLLOWER
, old:)]
2022-10-24 03:16:17,343 [s3-server-thread1] INFO  server.RaftServer$Division (RaftServerImpl.java:checkInconsistentAppendEntries(1589)) - s3@group-6912872F20E7: Failed appendEntries as the first entry (index 0) already exists (snapshotIndex: -1, commitIndex: 0)
2022-10-24 03:16:17,343 [s3-server-thread1] INFO  server.RaftServer$Division (RaftServerImpl.java:checkInconsistentAppendEntries(1569)) - s3@group-6912872F20E7: inconsistency entries. Reply:s1<-s3#63:FAIL-t2,INCONSISTENCY,nextIndex=1,followerCommit=0,matchIndex=-1
2022-10-24 03:16:17,348 [grpc-default-executor-15] INFO  leader.FollowerInfo (FollowerInfoImpl.java:lambda$new$0(48)) - s1@group-6912872F20E7->s3: nextIndex: updateUnconditionally 1 -> 1
2022-10-24 03:16:17,424 [s3-server-thread1] INFO  server.RaftServer$Division (RaftServerImpl.java:checkInconsistentAppendEntries(1599)) - s3@group-6912872F20E7: Failed appendEntries as previous log entry ((t:2, i:0)) is not found
2022-10-24 03:16:17,425 [s3-server-thread1] INFO  server.RaftServer$Division (RaftServerImpl.java:checkInconsistentAppendEntries(1569)) - s3@group-6912872F20E7: inconsistency entries. Reply:s1<-s3#64:FAIL-t2,INCONSISTENCY,nextIndex=0,followerCommit=0,matchIndex=-1
2022-10-24 03:16:17,425 [grpc-default-executor-8] INFO  leader.FollowerInfo (FollowerInfoImpl.java:lambda$new$0(48)) - s1@group-6912872F20E7->s3: nextIndex: updateUnconditionally 1 -> 0
2022-10-24 03:16:17,426 [s3-server-thread1] DEBUG server.RaftServer$Division (RaftServerImpl.java:logAppendEntries(1418)) - s3@group-6912872F20E7: receive appendEntries(s1, 2, null, 0, true, commits:[s1:c0, s3:c0, s4:c0, s0:c0, s2:c0], cId:65, entries: [(t:2, i:0), CONFIGURATIONENTRY(current:id: "s3"
address: "localhost:39579"
dataStreamAddress: "localhost:46293"
clientAddress: "localhost:33409"
adminAddress: "localhost:42243"
startupRole: FOLLOWER
,id: "s4"
address: "localhost:45747"
dataStreamAddress: "localhost:42993"
clientAddress: "localhost:44435"
adminAddress: "localhost:35149"
startupRole: FOLLOWER
,id: "s0"
address: "localhost:36179"
dataStreamAddress: "localhost:33505"
clientAddress: "localhost:36175"
adminAddress: "localhost:46501"
startupRole: FOLLOWER
,id: "s1"
address: "localhost:36635"
dataStreamAddress: "localhost:41297"
clientAddress: "localhost:39775"
adminAddress: "localhost:41981"
startupRole: FOLLOWER
,id: "s2"
address: "localhost:36969"
dataStreamAddress: "localhost:38077"
clientAddress: "localhost:40489"
adminAddress: "localhost:37929"
startupRole: FOLLOWER
, old:)]
2022-10-24 03:16:17,426 [s3-server-thread1] INFO  server.RaftServer$Division (RaftServerImpl.java:checkInconsistentAppendEntries(1589)) - s3@group-6912872F20E7: Failed appendEntries as the first entry (index 0) already exists (snapshotIndex: -1, commitIndex: 0)
2022-10-24 03:16:17,426 [s3-server-thread1] INFO  server.RaftServer$Division (RaftServerImpl.java:checkInconsistentAppendEntries(1569)) - s3@group-6912872F20E7: inconsistency entries. Reply:s1<-s3#65:FAIL-t2,INCONSISTENCY,nextIndex=1,followerCommit=0,matchIndex=-1
2022-10-24 03:16:17,427 [grpc-default-executor-8] INFO  leader.FollowerInfo (FollowerInfoImpl.java:lambda$new$0(48)) - s1@group-6912872F20E7->s3: nextIndex: updateUnconditionally 1 -> 1
2022-10-24 03:16:17,504 [s3-server-thread1] INFO  server.RaftServer$Division (RaftServerImpl.java:checkInconsistentAppendEntries(1599)) - s3@group-6912872F20E7: Failed appendEntries as previous log entry ((t:2, i:0)) is not found
2022-10-24 03:16:17,504 [s3-server-thread1] INFO  server.RaftServer$Division (RaftServerImpl.java:checkInconsistentAppendEntries(1569)) - s3@group-6912872F20E7: inconsistency entries. Reply:s1<-s3#66:FAIL-t2,INCONSISTENCY,nextIndex=0,followerCommit=0,matchIndex=-1
2022-10-24 03:16:17,504 [grpc-default-executor-15] INFO  leader.FollowerInfo (FollowerInfoImpl.java:lambda$new$0(48)) - s1@group-6912872F20E7->s3: nextIndex: updateUnconditionally 1 -> 0
2022-10-24 03:16:17,505 [s3-server-thread1] DEBUG server.RaftServer$Division (RaftServerImpl.java:logAppendEntries(1418)) - s3@group-6912872F20E7: receive appendEntries(s1, 2, null, 0, true, commits:[s1:c0, s3:c0, s4:c0, s0:c0, s2:c0], cId:67, entries: [(t:2, i:0), CONFIGURATIONENTRY(current:id: "s3"
address: "localhost:39579"
dataStreamAddress: "localhost:46293"
clientAddress: "localhost:33409"
adminAddress: "localhost:42243"
startupRole: FOLLOWER
,id: "s4"
address: "localhost:45747"
dataStreamAddress: "localhost:42993"
clientAddress: "localhost:44435"
adminAddress: "localhost:35149"
startupRole: FOLLOWER
,id: "s0"
address: "localhost:36179"
dataStreamAddress: "localhost:33505"
clientAddress: "localhost:36175"
adminAddress: "localhost:46501"
startupRole: FOLLOWER
,id: "s1"
address: "localhost:36635"
dataStreamAddress: "localhost:41297"
clientAddress: "localhost:39775"
adminAddress: "localhost:41981"
startupRole: FOLLOWER
,id: "s2"
address: "localhost:36969"
dataStreamAddress: "localhost:38077"
clientAddress: "localhost:40489"
adminAddress: "localhost:37929"
startupRole: FOLLOWER
, old:)]
2022-10-24 03:16:17,505 [s3-server-thread1] INFO  server.RaftServer$Division (RaftServerImpl.java:checkInconsistentAppendEntries(1589)) - s3@group-6912872F20E7: Failed appendEntries as the first entry (index 0) already exists (snapshotIndex: -1, commitIndex: 0)
2022-10-24 03:16:17,506 [s3-server-thread1] INFO  server.RaftServer$Division (RaftServerImpl.java:checkInconsistentAppendEntries(1569)) - s3@group-6912872F20E7: inconsistency entries. Reply:s1<-s3#67:FAIL-t2,INCONSISTENCY,nextIndex=1,followerCommit=0,matchIndex=-1
2022-10-24 03:16:17,506 [grpc-default-executor-15] INFO  leader.FollowerInfo (FollowerInfoImpl.java:lambda$new$0(48)) - s1@group-6912872F20E7->s3: nextIndex: updateUnconditionally 1 -> 1
2022-10-24 03:16:17,582 [s3-server-thread1] INFO  server.RaftServer$Division (RaftServerImpl.java:checkInconsistentAppendEntries(1599)) - s3@group-6912872F20E7: Failed appendEntries as previous log entry ((t:2, i:0)) is not found
2022-10-24 03:16:17,582 [s3-server-thread1] INFO  server.RaftServer$Division (RaftServerImpl.java:checkInconsistentAppendEntries(1569)) - s3@group-6912872F20E7: inconsistency entries. Reply:s1<-s3#68:FAIL-t2,INCONSISTENCY,nextIndex=0,followerCommit=0,matchIndex=-1
2022-10-24 03:16:17,583 [grpc-default-executor-8] INFO  leader.FollowerInfo (FollowerInfoImpl.java:lambda$new$0(48)) - s1@group-6912872F20E7->s3: nextIndex: updateUnconditionally 1 -> 0
2022-10-24 03:16:17,584 [s3-server-thread1] DEBUG server.RaftServer$Division (RaftServerImpl.java:logAppendEntries(1418)) - s3@group-6912872F20E7: receive appendEntries(s1, 2, null, 0, true, commits:[s1:c0, s3:c0, s4:c0, s0:c0, s2:c0], cId:69, entries: [(t:2, i:0), CONFIGURATIONENTRY(current:id: "s3"
address: "localhost:39579"
dataStreamAddress: "localhost:46293"
clientAddress: "localhost:33409"
adminAddress: "localhost:42243"
startupRole: FOLLOWER
,id: "s4"
address: "localhost:45747"
dataStreamAddress: "localhost:42993"
clientAddress: "localhost:44435"
adminAddress: "localhost:35149"
startupRole: FOLLOWER
,id: "s0"
address: "localhost:36179"
dataStreamAddress: "localhost:33505"
clientAddress: "localhost:36175"
adminAddress: "localhost:46501"
startupRole: FOLLOWER
,id: "s1"
address: "localhost:36635"
dataStreamAddress: "localhost:41297"
clientAddress: "localhost:39775"
adminAddress: "localhost:41981"
startupRole: FOLLOWER
,id: "s2"
address: "localhost:36969"
dataStreamAddress: "localhost:38077"
clientAddress: "localhost:40489"
adminAddress: "localhost:37929"
startupRole: FOLLOWER
, old:)]
2022-10-24 03:16:17,584 [s3-server-thread1] INFO  server.RaftServer$Division (RaftServerImpl.java:checkInconsistentAppendEntries(1589)) - s3@group-6912872F20E7: Failed appendEntries as the first entry (index 0) already exists (snapshotIndex: -1, commitIndex: 0)
2022-10-24 03:16:17,584 [s3-server-thread1] INFO  server.RaftServer$Division (RaftServerImpl.java:checkInconsistentAppendEntries(1569)) - s3@group-6912872F20E7: inconsistency entries. Reply:s1<-s3#69:FAIL-t2,INCONSISTENCY,nextIndex=1,followerCommit=0,matchIndex=-1
2022-10-24 03:16:17,584 [grpc-default-executor-8] INFO  leader.FollowerInfo (FollowerInfoImpl.java:lambda$new$0(48)) - s1@group-6912872F20E7->s3: nextIndex: updateUnconditionally 1 -> 1
2022-10-24 03:16:17,661 [s3-server-thread1] INFO  server.RaftServer$Division (RaftServerImpl.java:checkInconsistentAppendEntries(1599)) - s3@group-6912872F20E7: Failed appendEntries as previous log entry ((t:2, i:0)) is not found
2022-10-24 03:16:17,661 [s3-server-thread1] INFO  server.RaftServer$Division (RaftServerImpl.java:checkInconsistentAppendEntries(1569)) - s3@group-6912872F20E7: inconsistency entries. Reply:s1<-s3#70:FAIL-t2,INCONSISTENCY,nextIndex=0,followerCommit=0,matchIndex=-1
2022-10-24 03:16:17,661 [grpc-default-executor-8] INFO  leader.FollowerInfo (FollowerInfoImpl.java:lambda$new$0(48)) - s1@group-6912872F20E7->s3: nextIndex: updateUnconditionally 1 -> 0
2022-10-24 03:16:17,662 [s3-server-thread1] DEBUG server.RaftServer$Division (RaftServerImpl.java:logAppendEntries(1418)) - s3@group-6912872F20E7: receive appendEntries(s1, 2, null, 0, true, commits:[s1:c0, s3:c0, s4:c0, s0:c0, s2:c0], cId:71, entries: [(t:2, i:0), CONFIGURATIONENTRY(current:id: "s3"
address: "localhost:39579"
dataStreamAddress: "localhost:46293"
clientAddress: "localhost:33409"
adminAddress: "localhost:42243"
startupRole: FOLLOWER
,id: "s4"
address: "localhost:45747"
dataStreamAddress: "localhost:42993"
clientAddress: "localhost:44435"
adminAddress: "localhost:35149"
startupRole: FOLLOWER
,id: "s0"
address: "localhost:36179"
dataStreamAddress: "localhost:33505"
clientAddress: "localhost:36175"
adminAddress: "localhost:46501"
startupRole: FOLLOWER
,id: "s1"
address: "localhost:36635"
dataStreamAddress: "localhost:41297"
clientAddress: "localhost:39775"
adminAddress: "localhost:41981"
startupRole: FOLLOWER
,id: "s2"
address: "localhost:36969"
dataStreamAddress: "localhost:38077"
clientAddress: "localhost:40489"
adminAddress: "localhost:37929"
startupRole: FOLLOWER
, old:)]
2022-10-24 03:16:17,662 [s3-server-thread1] INFO  server.RaftServer$Division (RaftServerImpl.java:checkInconsistentAppendEntries(1589)) - s3@group-6912872F20E7: Failed appendEntries as the first entry (index 0) already exists (snapshotIndex: -1, commitIndex: 0)
2022-10-24 03:16:17,662 [s3-server-thread1] INFO  server.RaftServer$Division (RaftServerImpl.java:checkInconsistentAppendEntries(1569)) - s3@group-6912872F20E7: inconsistency entries. Reply:s1<-s3#71:FAIL-t2,INCONSISTENCY,nextIndex=1,followerCommit=0,matchIndex=-1
2022-10-24 03:16:17,663 [grpc-default-executor-8] INFO  leader.FollowerInfo (FollowerInfoImpl.java:lambda$new$0(48)) - s1@group-6912872F20E7->s3: nextIndex: updateUnconditionally 1 -> 1
2022-10-24 03:16:17,693 [Time-limited test] INFO  grpc.TestLeaderElectionWithGrpc (LeaderElectionTests.java:enforceLeader(292)) - try enforcing leader to s3 but new leader is s1
2022-10-24 03:16:17,694 [Time-limited test] INFO  server.RaftServerConfigKeys (ConfUtils.java:logGet(46)) - raft.server.rpc.timeout.max = 300ms (default)
2022-10-24 03:16:17,705 [s1@group-6912872F20E7->s0-GrpcLogAppender-LogAppenderDaemon] INFO  util.CodeInjectionForTesting (DelayLocalExecutionInjection.java:execute(65)) - s1 delay 150 ms, args=[serverRequest {
  requestorId: "s1"
  replyId: "s0"
  raftGroupId {
    id: "\226\001\321s\341\rE_\235\364i\022\207/ \347"
  }
  callId: 36
  slidingWindowEntry {
  }
}
leaderTerm: 2
previousLog {
  term: 2
}
initializing: true
commitInfos {
  server {
    id: "s1"
    address: "localhost:36635"
    dataStreamAddress: "localhost:41297"
    clientAddress: "localhost:39775"
    adminAddress: "localhost:41981"
    startupRole: FOLLOWER
  }
}
commitInfos {
  server {
    id: "s3"
    address: "localhost:39579"
    dataStreamAddress: "localhost:46293"
    clientAddress: "localhost:33409"
    adminAddress: "localhost:42243"
    startupRole: FOLLOWER
  }
}
commitInfos {
  server {
    id: "s4"
    address: "localhost:45747"
    dataStreamAddress: "localhost:42993"
    clientAddress: "localhost:44435"
    adminAddress: "localhost:35149"
    startupRole: FOLLOWER
  }
}
commitInfos {
  server {
    id: "s0"
    address: "localhost:36179"
    dataStreamAddress: "localhost:33505"
    clientAddress: "localhost:36175"
    adminAddress: "localhost:46501"
    startupRole: FOLLOWER
  }
}
commitInfos {
  server {
    id: "s2"
    address: "localhost:36969"
    dataStreamAddress: "localhost:38077"
    clientAddress: "localhost:40489"
    adminAddress: "localhost:37929"
    startupRole: FOLLOWER
  }
}
]
2022-10-24 03:16:17,705 [s1@group-6912872F20E7->s2-GrpcLogAppender-LogAppenderDaemon] INFO  util.CodeInjectionForTesting (DelayLocalExecutionInjection.java:execute(65)) - s1 delay 150 ms, args=[serverRequest {
  requestorId: "s1"
  replyId: "s2"
  raftGroupId {
    id: "\226\001\321s\341\rE_\235\364i\022\207/ \347"
  }
  callId: 35
  slidingWindowEntry {
  }
}
leaderTerm: 2
previousLog {
  term: 2
}
initializing: true
commitInfos {
  server {
    id: "s1"
    address: "localhost:36635"
    dataStreamAddress: "localhost:41297"
    clientAddress: "localhost:39775"
    adminAddress: "localhost:41981"
    startupRole: FOLLOWER
  }
}
commitInfos {
  server {
    id: "s3"
    address: "localhost:39579"
    dataStreamAddress: "localhost:46293"
    clientAddress: "localhost:33409"
    adminAddress: "localhost:42243"
    startupRole: FOLLOWER
  }
}
commitInfos {
  server {
    id: "s4"
    address: "localhost:45747"
    dataStreamAddress: "localhost:42993"
    clientAddress: "localhost:44435"
    adminAddress: "localhost:35149"
    startupRole: FOLLOWER
  }
}
commitInfos {
  server {
    id: "s0"
    address: "localhost:36179"
    dataStreamAddress: "localhost:33505"
    clientAddress: "localhost:36175"
    adminAddress: "localhost:46501"
    startupRole: FOLLOWER
  }
}
commitInfos {
  server {
    id: "s2"
    address: "localhost:36969"
    dataStreamAddress: "localhost:38077"
    clientAddress: "localhost:40489"
    adminAddress: "localhost:37929"
    startupRole: FOLLOWER
  }
}
]
2022-10-24 03:16:17,715 [s1@group-6912872F20E7->s4-GrpcLogAppender-LogAppenderDaemon] INFO  util.CodeInjectionForTesting (DelayLocalExecutionInjection.java:execute(65)) - s1 delay 150 ms, args=[serverRequest {
  requestorId: "s1"
  replyId: "s4"
  raftGroupId {
    id: "\226\001\321s\341\rE_\235\364i\022\207/ \347"
  }
  callId: 35
  slidingWindowEntry {
  }
}
leaderTerm: 2
previousLog {
  term: 2
}
initializing: true
commitInfos {
  server {
    id: "s1"
    address: "localhost:36635"
    dataStreamAddress: "localhost:41297"
    clientAddress: "localhost:39775"
    adminAddress: "localhost:41981"
    startupRole: FOLLOWER
  }
}
commitInfos {
  server {
    id: "s3"
    address: "localhost:39579"
    dataStreamAddress: "localhost:46293"
    clientAddress: "localhost:33409"
    adminAddress: "localhost:42243"
    startupRole: FOLLOWER
  }
}
commitInfos {
  server {
    id: "s4"
    address: "localhost:45747"
    dataStreamAddress: "localhost:42993"
    clientAddress: "localhost:44435"
    adminAddress: "localhost:35149"
    startupRole: FOLLOWER
  }
}
commitInfos {
  server {
    id: "s0"
    address: "localhost:36179"
    dataStreamAddress: "localhost:33505"
    clientAddress: "localhost:36175"
    adminAddress: "localhost:46501"
    startupRole: FOLLOWER
  }
}
commitInfos {
  server {
    id: "s2"
    address: "localhost:36969"
    dataStreamAddress: "localhost:38077"
    clientAddress: "localhost:40489"
    adminAddress: "localhost:37929"
    startupRole: FOLLOWER
  }
}
]
2022-10-24 03:16:17,739 [s1@group-6912872F20E7->s3-GrpcLogAppender-LogAppenderDaemon] INFO  util.CodeInjectionForTesting (DelayLocalExecutionInjection.java:execute(65)) - s1 delay 150 ms, args=[serverRequest {
  requestorId: "s1"
  replyId: "s3"
  raftGroupId {
    id: "\226\001\321s\341\rE_\235\364i\022\207/ \347"
  }
  callId: 72
  slidingWindowEntry {
  }
}
leaderTerm: 2
previousLog {
  term: 2
}
initializing: true
commitInfos {
  server {
    id: "s1"
    address: "localhost:36635"
    dataStreamAddress: "localhost:41297"
    clientAddress: "localhost:39775"
    adminAddress: "localhost:41981"
    startupRole: FOLLOWER
  }
}
commitInfos {
  server {
    id: "s3"
    address: "localhost:39579"
    dataStreamAddress: "localhost:46293"
    clientAddress: "localhost:33409"
    adminAddress: "localhost:42243"
    startupRole: FOLLOWER
  }
}
commitInfos {
  server {
    id: "s4"
    address: "localhost:45747"
    dataStreamAddress: "localhost:42993"
    clientAddress: "localhost:44435"
    adminAddress: "localhost:35149"
    startupRole: FOLLOWER
  }
}
commitInfos {
  server {
    id: "s0"
    address: "localhost:36179"
    dataStreamAddress: "localhost:33505"
    clientAddress: "localhost:36175"
    adminAddress: "localhost:46501"
    startupRole: FOLLOWER
  }
}
commitInfos {
  server {
    id: "s2"
    address: "localhost:36969"
    dataStreamAddress: "localhost:38077"
    clientAddress: "localhost:40489"
    adminAddress: "localhost:37929"
    startupRole: FOLLOWER
  }
}
]
2022-10-24 03:16:17,890 [s3-server-thread1] INFO  util.CodeInjectionForTesting (BlockRequestHandlingInjection.java:execute(77)) - s3: Block request from s1
2022-10-24 03:16:17,927 [s1@group-6912872F20E7->s3-GrpcLogAppender-LogAppenderDaemon] INFO  util.CodeInjectionForTesting (DelayLocalExecutionInjection.java:execute(65)) - s1 delay 150 ms, args=[serverRequest {
  requestorId: "s1"
  replyId: "s3"
  raftGroupId {
    id: "\226\001\321s\341\rE_\235\364i\022\207/ \347"
  }
  callId: 73
  slidingWindowEntry {
  }
}
leaderTerm: 2
previousLog {
  term: 2
}
initializing: true
commitInfos {
  server {
    id: "s1"
    address: "localhost:36635"
    dataStreamAddress: "localhost:41297"
    clientAddress: "localhost:39775"
    adminAddress: "localhost:41981"
    startupRole: FOLLOWER
  }
}
commitInfos {
  server {
    id: "s3"
    address: "localhost:39579"
    dataStreamAddress: "localhost:46293"
    clientAddress: "localhost:33409"
    adminAddress: "localhost:42243"
    startupRole: FOLLOWER
  }
}
commitInfos {
  server {
    id: "s4"
    address: "localhost:45747"
    dataStreamAddress: "localhost:42993"
    clientAddress: "localhost:44435"
    adminAddress: "localhost:35149"
    startupRole: FOLLOWER
  }
}
commitInfos {
  server {
    id: "s0"
    address: "localhost:36179"
    dataStreamAddress: "localhost:33505"
    clientAddress: "localhost:36175"
    adminAddress: "localhost:46501"
    startupRole: FOLLOWER
  }
}
commitInfos {
  server {
    id: "s2"
    address: "localhost:36969"
    dataStreamAddress: "localhost:38077"
    clientAddress: "localhost:40489"
    adminAddress: "localhost:37929"
    startupRole: FOLLOWER
  }
}
]
2022-10-24 03:16:17,933 [s1@group-6912872F20E7->s2-GrpcLogAppender-LogAppenderDaemon] INFO  util.CodeInjectionForTesting (DelayLocalExecutionInjection.java:execute(65)) - s1 delay 150 ms, args=[serverRequest {
  requestorId: "s1"
  replyId: "s2"
  raftGroupId {
    id: "\226\001\321s\341\rE_\235\364i\022\207/ \347"
  }
  callId: 36
  slidingWindowEntry {
  }
}
leaderTerm: 2
previousLog {
  term: 2
}
initializing: true
commitInfos {
  server {
    id: "s1"
    address: "localhost:36635"
    dataStreamAddress: "localhost:41297"
    clientAddress: "localhost:39775"
    adminAddress: "localhost:41981"
    startupRole: FOLLOWER
  }
}
commitInfos {
  server {
    id: "s3"
    address: "localhost:39579"
    dataStreamAddress: "localhost:46293"
    clientAddress: "localhost:33409"
    adminAddress: "localhost:42243"
    startupRole: FOLLOWER
  }
}
commitInfos {
  server {
    id: "s4"
    address: "localhost:45747"
    dataStreamAddress: "localhost:42993"
    clientAddress: "localhost:44435"
    adminAddress: "localhost:35149"
    startupRole: FOLLOWER
  }
}
commitInfos {
  server {
    id: "s0"
    address: "localhost:36179"
    dataStreamAddress: "localhost:33505"
    clientAddress: "localhost:36175"
    adminAddress: "localhost:46501"
    startupRole: FOLLOWER
  }
}
commitInfos {
  server {
    id: "s2"
    address: "localhost:36969"
    dataStreamAddress: "localhost:38077"
    clientAddress: "localhost:40489"
    adminAddress: "localhost:37929"
    startupRole: FOLLOWER
  }
}
]
2022-10-24 03:16:17,933 [s1@group-6912872F20E7->s0-GrpcLogAppender-LogAppenderDaemon] INFO  util.CodeInjectionForTesting (DelayLocalExecutionInjection.java:execute(65)) - s1 delay 150 ms, args=[serverRequest {
  requestorId: "s1"
  replyId: "s0"
  raftGroupId {
    id: "\226\001\321s\341\rE_\235\364i\022\207/ \347"
  }
  callId: 37
  slidingWindowEntry {
  }
}
leaderTerm: 2
previousLog {
  term: 2
}
initializing: true
commitInfos {
  server {
    id: "s1"
    address: "localhost:36635"
    dataStreamAddress: "localhost:41297"
    clientAddress: "localhost:39775"
    adminAddress: "localhost:41981"
    startupRole: FOLLOWER
  }
}
commitInfos {
  server {
    id: "s3"
    address: "localhost:39579"
    dataStreamAddress: "localhost:46293"
    clientAddress: "localhost:33409"
    adminAddress: "localhost:42243"
    startupRole: FOLLOWER
  }
}
commitInfos {
  server {
    id: "s4"
    address: "localhost:45747"
    dataStreamAddress: "localhost:42993"
    clientAddress: "localhost:44435"
    adminAddress: "localhost:35149"
    startupRole: FOLLOWER
  }
}
commitInfos {
  server {
    id: "s0"
    address: "localhost:36179"
    dataStreamAddress: "localhost:33505"
    clientAddress: "localhost:36175"
    adminAddress: "localhost:46501"
    startupRole: FOLLOWER
  }
}
commitInfos {
  server {
    id: "s2"
    address: "localhost:36969"
    dataStreamAddress: "localhost:38077"
    clientAddress: "localhost:40489"
    adminAddress: "localhost:37929"
    startupRole: FOLLOWER
  }
}
]
2022-10-24 03:16:17,943 [s1@group-6912872F20E7->s4-GrpcLogAppender-LogAppenderDaemon] INFO  util.CodeInjectionForTesting (DelayLocalExecutionInjection.java:execute(65)) - s1 delay 150 ms, args=[serverRequest {
  requestorId: "s1"
  replyId: "s4"
  raftGroupId {
    id: "\226\001\321s\341\rE_\235\364i\022\207/ \347"
  }
  callId: 36
  slidingWindowEntry {
  }
}
leaderTerm: 2
previousLog {
  term: 2
}
initializing: true
commitInfos {
  server {
    id: "s1"
    address: "localhost:36635"
    dataStreamAddress: "localhost:41297"
    clientAddress: "localhost:39775"
    adminAddress: "localhost:41981"
    startupRole: FOLLOWER
  }
}
commitInfos {
  server {
    id: "s3"
    address: "localhost:39579"
    dataStreamAddress: "localhost:46293"
    clientAddress: "localhost:33409"
    adminAddress: "localhost:42243"
    startupRole: FOLLOWER
  }
}
commitInfos {
  server {
    id: "s4"
    address: "localhost:45747"
    dataStreamAddress: "localhost:42993"
    clientAddress: "localhost:44435"
    adminAddress: "localhost:35149"
    startupRole: FOLLOWER
  }
}
commitInfos {
  server {
    id: "s0"
    address: "localhost:36179"
    dataStreamAddress: "localhost:33505"
    clientAddress: "localhost:36175"
    adminAddress: "localhost:46501"
    startupRole: FOLLOWER
  }
}
commitInfos {
  server {
    id: "s2"
    address: "localhost:36969"
    dataStreamAddress: "localhost:38077"
    clientAddress: "localhost:40489"
    adminAddress: "localhost:37929"
    startupRole: FOLLOWER
  }
}
]
2022-10-24 03:16:18,116 [s1@group-6912872F20E7->s3-GrpcLogAppender-LogAppenderDaemon] INFO  util.CodeInjectionForTesting (DelayLocalExecutionInjection.java:execute(65)) - s1 delay 150 ms, args=[serverRequest {
  requestorId: "s1"
  replyId: "s3"
  raftGroupId {
    id: "\226\001\321s\341\rE_\235\364i\022\207/ \347"
  }
  callId: 74
  slidingWindowEntry {
  }
}
leaderTerm: 2
previousLog {
  term: 2
}
initializing: true
commitInfos {
  server {
    id: "s1"
    address: "localhost:36635"
    dataStreamAddress: "localhost:41297"
    clientAddress: "localhost:39775"
    adminAddress: "localhost:41981"
    startupRole: FOLLOWER
  }
}
commitInfos {
  server {
    id: "s3"
    address: "localhost:39579"
    dataStreamAddress: "localhost:46293"
    clientAddress: "localhost:33409"
    adminAddress: "localhost:42243"
    startupRole: FOLLOWER
  }
}
commitInfos {
  server {
    id: "s4"
    address: "localhost:45747"
    dataStreamAddress: "localhost:42993"
    clientAddress: "localhost:44435"
    adminAddress: "localhost:35149"
    startupRole: FOLLOWER
  }
}
commitInfos {
  server {
    id: "s0"
    address: "localhost:36179"
    dataStreamAddress: "localhost:33505"
    clientAddress: "localhost:36175"
    adminAddress: "localhost:46501"
    startupRole: FOLLOWER
  }
}
commitInfos {
  server {
    id: "s2"
    address: "localhost:36969"
    dataStreamAddress: "localhost:38077"
    clientAddress: "localhost:40489"
    adminAddress: "localhost:37929"
    startupRole: FOLLOWER
  }
}
]
2022-10-24 03:16:18,135 [s3@group-6912872F20E7-FollowerState] INFO  impl.FollowerState (FollowerState.java:run(143)) - s3@group-6912872F20E7-FollowerState: change to CANDIDATE, lastRpcElapsedTime:472200322ns, electionTimeout:300ms
2022-10-24 03:16:18,135 [s3@group-6912872F20E7-FollowerState] INFO  impl.RoleInfo (RoleInfo.java:shutdownFollowerState(110)) - s3: shutdown s3@group-6912872F20E7-FollowerState
2022-10-24 03:16:18,135 [s3@group-6912872F20E7-FollowerState] INFO  server.RaftServer$Division (RaftServerImpl.java:setRole(325)) - s3@group-6912872F20E7: changes role from  FOLLOWER to CANDIDATE at term 2 for changeToCandidate
2022-10-24 03:16:18,135 [s3@group-6912872F20E7-FollowerState] INFO  server.RaftServerConfigKeys (ConfUtils.java:logGet(46)) - raft.server.leaderelection.pre-vote = true (default)
2022-10-24 03:16:18,135 [s3@group-6912872F20E7-FollowerState] INFO  impl.RoleInfo (RoleInfo.java:updateAndGet(139)) - s3: start s3@group-6912872F20E7-LeaderElection16
2022-10-24 03:16:18,136 [s3@group-6912872F20E7-LeaderElection16] INFO  server.RaftServer$Division (ServerState.java:setLeader(259)) - s3@group-6912872F20E7: change Leader from s1 to null at term 2 for PRE_VOTE
2022-10-24 03:16:18,137 [s3@group-6912872F20E7-LeaderElection16] INFO  impl.LeaderElection (LeaderElection.java:askForVotes(309)) - s3@group-6912872F20E7-LeaderElection16 PRE_VOTE round 0: submit vote requests at term 2 for 0: peers:[s3|rpc:localhost:39579|admin:localhost:42243|client:localhost:33409|dataStream:localhost:46293|priority:0|startupRole:FOLLOWER, s4|rpc:localhost:45747|admin:localhost:35149|client:localhost:44435|dataStream:localhost:42993|priority:0|startupRole:FOLLOWER, s0|rpc:localhost:36179|admin:localhost:46501|client:localhost:36175|dataStream:localhost:33505|priority:0|startupRole:FOLLOWER, s1|rpc:localhost:36635|admin:localhost:41981|client:localhost:39775|dataStream:localhost:41297|priority:0|startupRole:FOLLOWER, s2|rpc:localhost:36969|admin:localhost:37929|client:localhost:40489|dataStream:localhost:38077|priority:0|startupRole:FOLLOWER]|listeners:[], old=null
2022-10-24 03:16:18,141 [grpc-default-executor-34] INFO  server.RaftServer$Division (RaftServerImpl.java:requestVote(1291)) - s4@group-6912872F20E7: receive requestVote(PRE_VOTE, s3, group-6912872F20E7, 2, (t:1, i:0))
2022-10-24 03:16:18,141 [grpc-default-executor-34] INFO  impl.VoteContext (VoteContext.java:log(49)) - s4@group-6912872F20E7-FOLLOWER: reject PRE_VOTE from s3: this server is a follower and still has a valid leader s1
2022-10-24 03:16:18,141 [grpc-default-executor-34] INFO  server.RaftServer$Division (RaftServerImpl.java:requestVote(1324)) - s4@group-6912872F20E7 replies to PRE_VOTE vote request: s3<-s4#0:FAIL-t2. Peer's state: s4@group-6912872F20E7:t2, leader=s1, voted=s1, raftlog=Memoized:s4@group-6912872F20E7-SegmentedRaftLog:OPENED:c0, conf=0: peers:[s3|rpc:localhost:39579|admin:localhost:42243|client:localhost:33409|dataStream:localhost:46293|priority:0|startupRole:FOLLOWER, s4|rpc:localhost:45747|admin:localhost:35149|client:localhost:44435|dataStream:localhost:42993|priority:0|startupRole:FOLLOWER, s0|rpc:localhost:36179|admin:localhost:46501|client:localhost:36175|dataStream:localhost:33505|priority:0|startupRole:FOLLOWER, s1|rpc:localhost:36635|admin:localhost:41981|client:localhost:39775|dataStream:localhost:41297|priority:0|startupRole:FOLLOWER, s2|rpc:localhost:36969|admin:localhost:37929|client:localhost:40489|dataStream:localhost:38077|priority:0|startupRole:FOLLOWER]|listeners:[], old=null
2022-10-24 03:16:18,141 [grpc-default-executor-8] INFO  server.RaftServer$Division (RaftServerImpl.java:requestVote(1291)) - s0@group-6912872F20E7: receive requestVote(PRE_VOTE, s3, group-6912872F20E7, 2, (t:1, i:0))
2022-10-24 03:16:18,141 [grpc-default-executor-8] INFO  impl.VoteContext (VoteContext.java:log(49)) - s0@group-6912872F20E7-FOLLOWER: reject PRE_VOTE from s3: this server is a follower and still has a valid leader s1
2022-10-24 03:16:18,141 [grpc-default-executor-8] INFO  server.RaftServer$Division (RaftServerImpl.java:requestVote(1324)) - s0@group-6912872F20E7 replies to PRE_VOTE vote request: s3<-s0#0:FAIL-t2. Peer's state: s0@group-6912872F20E7:t2, leader=s1, voted=s1, raftlog=Memoized:s0@group-6912872F20E7-SegmentedRaftLog:OPENED:c0, conf=0: peers:[s3|rpc:localhost:39579|admin:localhost:42243|client:localhost:33409|dataStream:localhost:46293|priority:0|startupRole:FOLLOWER, s4|rpc:localhost:45747|admin:localhost:35149|client:localhost:44435|dataStream:localhost:42993|priority:0|startupRole:FOLLOWER, s0|rpc:localhost:36179|admin:localhost:46501|client:localhost:36175|dataStream:localhost:33505|priority:0|startupRole:FOLLOWER, s1|rpc:localhost:36635|admin:localhost:41981|client:localhost:39775|dataStream:localhost:41297|priority:0|startupRole:FOLLOWER, s2|rpc:localhost:36969|admin:localhost:37929|client:localhost:40489|dataStream:localhost:38077|priority:0|startupRole:FOLLOWER]|listeners:[], old=null
2022-10-24 03:16:18,144 [grpc-default-executor-34] INFO  server.RaftServer$Division (RaftServerImpl.java:requestVote(1291)) - s2@group-6912872F20E7: receive requestVote(PRE_VOTE, s3, group-6912872F20E7, 2, (t:1, i:0))
2022-10-24 03:16:18,144 [grpc-default-executor-34] INFO  impl.VoteContext (VoteContext.java:log(49)) - s2@group-6912872F20E7-FOLLOWER: reject PRE_VOTE from s3: this server is a follower and still has a valid leader s1
2022-10-24 03:16:18,144 [grpc-default-executor-34] INFO  server.RaftServer$Division (RaftServerImpl.java:requestVote(1324)) - s2@group-6912872F20E7 replies to PRE_VOTE vote request: s3<-s2#0:FAIL-t2. Peer's state: s2@group-6912872F20E7:t2, leader=s1, voted=s1, raftlog=Memoized:s2@group-6912872F20E7-SegmentedRaftLog:OPENED:c0, conf=0: peers:[s3|rpc:localhost:39579|admin:localhost:42243|client:localhost:33409|dataStream:localhost:46293|priority:0|startupRole:FOLLOWER, s4|rpc:localhost:45747|admin:localhost:35149|client:localhost:44435|dataStream:localhost:42993|priority:0|startupRole:FOLLOWER, s0|rpc:localhost:36179|admin:localhost:46501|client:localhost:36175|dataStream:localhost:33505|priority:0|startupRole:FOLLOWER, s1|rpc:localhost:36635|admin:localhost:41981|client:localhost:39775|dataStream:localhost:41297|priority:0|startupRole:FOLLOWER, s2|rpc:localhost:36969|admin:localhost:37929|client:localhost:40489|dataStream:localhost:38077|priority:0|startupRole:FOLLOWER]|listeners:[], old=null
2022-10-24 03:16:18,145 [s3@group-6912872F20E7-LeaderElection16] INFO  impl.LeaderElection (LeaderElection.java:logAndReturn(89)) - s3@group-6912872F20E7-LeaderElection16: PRE_VOTE REJECTED received 3 response(s) and 0 exception(s):
2022-10-24 03:16:18,146 [s3@group-6912872F20E7-LeaderElection16] INFO  impl.LeaderElection (LeaderElection.java:logAndReturn(93)) -   Response 0: s3<-s4#0:FAIL-t2
2022-10-24 03:16:18,146 [s3@group-6912872F20E7-LeaderElection16] INFO  impl.LeaderElection (LeaderElection.java:logAndReturn(93)) -   Response 1: s3<-s0#0:FAIL-t2
2022-10-24 03:16:18,146 [s3@group-6912872F20E7-LeaderElection16] INFO  impl.LeaderElection (LeaderElection.java:logAndReturn(93)) -   Response 2: s3<-s2#0:FAIL-t2
2022-10-24 03:16:18,146 [s3@group-6912872F20E7-LeaderElection16] INFO  impl.LeaderElection (LeaderElection.java:askForVotes(311)) - s3@group-6912872F20E7-LeaderElection16 PRE_VOTE round 0: result REJECTED
2022-10-24 03:16:18,146 [s3@group-6912872F20E7-LeaderElection16] INFO  server.RaftServer$Division (RaftServerImpl.java:setRole(325)) - s3@group-6912872F20E7: changes role from CANDIDATE to FOLLOWER at term 2 for REJECTED
2022-10-24 03:16:18,146 [s3@group-6912872F20E7-LeaderElection16] INFO  impl.RoleInfo (RoleInfo.java:shutdownLeaderElection(130)) - s3: shutdown s3@group-6912872F20E7-LeaderElection16
2022-10-24 03:16:18,146 [s3@group-6912872F20E7-LeaderElection16] INFO  impl.RoleInfo (RoleInfo.java:updateAndGet(139)) - s3: start s3@group-6912872F20E7-FollowerState
2022-10-24 03:16:18,148 [grpc-default-executor-34] INFO  server.RaftServer$Division (RaftServerImpl.java:requestVote(1291)) - s1@group-6912872F20E7: receive requestVote(PRE_VOTE, s3, group-6912872F20E7, 2, (t:1, i:0))
2022-10-24 03:16:18,148 [grpc-default-executor-34] INFO  impl.VoteContext (VoteContext.java:log(49)) - s1@group-6912872F20E7-LEADER: reject PRE_VOTE from s3: this server is the leader and still has leadership
2022-10-24 03:16:18,148 [grpc-default-executor-34] INFO  server.RaftServer$Division (RaftServerImpl.java:requestVote(1324)) - s1@group-6912872F20E7 replies to PRE_VOTE vote request: s3<-s1#0:FAIL-t2. Peer's state: s1@group-6912872F20E7:t2, leader=s1, voted=s1, raftlog=Memoized:s1@group-6912872F20E7-SegmentedRaftLog:OPENED:c0, conf=0: peers:[s3|rpc:localhost:39579|admin:localhost:42243|client:localhost:33409|dataStream:localhost:46293|priority:0|startupRole:FOLLOWER, s4|rpc:localhost:45747|admin:localhost:35149|client:localhost:44435|dataStream:localhost:42993|priority:0|startupRole:FOLLOWER, s0|rpc:localhost:36179|admin:localhost:46501|client:localhost:36175|dataStream:localhost:33505|priority:0|startupRole:FOLLOWER, s1|rpc:localhost:36635|admin:localhost:41981|client:localhost:39775|dataStream:localhost:41297|priority:0|startupRole:FOLLOWER, s2|rpc:localhost:36969|admin:localhost:37929|client:localhost:40489|dataStream:localhost:38077|priority:0|startupRole:FOLLOWER]|listeners:[], old=null
2022-10-24 03:16:18,161 [s1@group-6912872F20E7->s2-GrpcLogAppender-LogAppenderDaemon] INFO  util.CodeInjectionForTesting (DelayLocalExecutionInjection.java:execute(65)) - s1 delay 150 ms, args=[serverRequest {
  requestorId: "s1"
  replyId: "s2"
  raftGroupId {
    id: "\226\001\321s\341\rE_\235\364i\022\207/ \347"
  }
  callId: 37
  slidingWindowEntry {
  }
}
leaderTerm: 2
previousLog {
  term: 2
}
initializing: true
commitInfos {
  server {
    id: "s1"
    address: "localhost:36635"
    dataStreamAddress: "localhost:41297"
    clientAddress: "localhost:39775"
    adminAddress: "localhost:41981"
    startupRole: FOLLOWER
  }
}
commitInfos {
  server {
    id: "s3"
    address: "localhost:39579"
    dataStreamAddress: "localhost:46293"
    clientAddress: "localhost:33409"
    adminAddress: "localhost:42243"
    startupRole: FOLLOWER
  }
}
commitInfos {
  server {
    id: "s4"
    address: "localhost:45747"
    dataStreamAddress: "localhost:42993"
    clientAddress: "localhost:44435"
    adminAddress: "localhost:35149"
    startupRole: FOLLOWER
  }
}
commitInfos {
  server {
    id: "s0"
    address: "localhost:36179"
    dataStreamAddress: "localhost:33505"
    clientAddress: "localhost:36175"
    adminAddress: "localhost:46501"
    startupRole: FOLLOWER
  }
}
commitInfos {
  server {
    id: "s2"
    address: "localhost:36969"
    dataStreamAddress: "localhost:38077"
    clientAddress: "localhost:40489"
    adminAddress: "localhost:37929"
    startupRole: FOLLOWER
  }
}
]
2022-10-24 03:16:18,161 [s1@group-6912872F20E7->s0-GrpcLogAppender-LogAppenderDaemon] INFO  util.CodeInjectionForTesting (DelayLocalExecutionInjection.java:execute(65)) - s1 delay 150 ms, args=[serverRequest {
  requestorId: "s1"
  replyId: "s0"
  raftGroupId {
    id: "\226\001\321s\341\rE_\235\364i\022\207/ \347"
  }
  callId: 38
  slidingWindowEntry {
  }
}
leaderTerm: 2
previousLog {
  term: 2
}
initializing: true
commitInfos {
  server {
    id: "s1"
    address: "localhost:36635"
    dataStreamAddress: "localhost:41297"
    clientAddress: "localhost:39775"
    adminAddress: "localhost:41981"
    startupRole: FOLLOWER
  }
}
commitInfos {
  server {
    id: "s3"
    address: "localhost:39579"
    dataStreamAddress: "localhost:46293"
    clientAddress: "localhost:33409"
    adminAddress: "localhost:42243"
    startupRole: FOLLOWER
  }
}
commitInfos {
  server {
    id: "s4"
    address: "localhost:45747"
    dataStreamAddress: "localhost:42993"
    clientAddress: "localhost:44435"
    adminAddress: "localhost:35149"
    startupRole: FOLLOWER
  }
}
commitInfos {
  server {
    id: "s0"
    address: "localhost:36179"
    dataStreamAddress: "localhost:33505"
    clientAddress: "localhost:36175"
    adminAddress: "localhost:46501"
    startupRole: FOLLOWER
  }
}
commitInfos {
  server {
    id: "s2"
    address: "localhost:36969"
    dataStreamAddress: "localhost:38077"
    clientAddress: "localhost:40489"
    adminAddress: "localhost:37929"
    startupRole: FOLLOWER
  }
}
]
2022-10-24 03:16:18,169 [s1@group-6912872F20E7->s4-GrpcLogAppender-LogAppenderDaemon] INFO  util.CodeInjectionForTesting (DelayLocalExecutionInjection.java:execute(65)) - s1 delay 150 ms, args=[serverRequest {
  requestorId: "s1"
  replyId: "s4"
  raftGroupId {
    id: "\226\001\321s\341\rE_\235\364i\022\207/ \347"
  }
  callId: 37
  slidingWindowEntry {
  }
}
leaderTerm: 2
previousLog {
  term: 2
}
initializing: true
commitInfos {
  server {
    id: "s1"
    address: "localhost:36635"
    dataStreamAddress: "localhost:41297"
    clientAddress: "localhost:39775"
    adminAddress: "localhost:41981"
    startupRole: FOLLOWER
  }
}
commitInfos {
  server {
    id: "s3"
    address: "localhost:39579"
    dataStreamAddress: "localhost:46293"
    clientAddress: "localhost:33409"
    adminAddress: "localhost:42243"
    startupRole: FOLLOWER
  }
}
commitInfos {
  server {
    id: "s4"
    address: "localhost:45747"
    dataStreamAddress: "localhost:42993"
    clientAddress: "localhost:44435"
    adminAddress: "localhost:35149"
    startupRole: FOLLOWER
  }
}
commitInfos {
  server {
    id: "s0"
    address: "localhost:36179"
    dataStreamAddress: "localhost:33505"
    clientAddress: "localhost:36175"
    adminAddress: "localhost:46501"
    startupRole: FOLLOWER
  }
}
commitInfos {
  server {
    id: "s2"
    address: "localhost:36969"
    dataStreamAddress: "localhost:38077"
    clientAddress: "localhost:40489"
    adminAddress: "localhost:37929"
    startupRole: FOLLOWER
  }
}
]
2022-10-24 03:16:18,304 [s1@group-6912872F20E7->s3-GrpcLogAppender-LogAppenderDaemon] INFO  util.CodeInjectionForTesting (DelayLocalExecutionInjection.java:execute(65)) - s1 delay 150 ms, args=[serverRequest {
  requestorId: "s1"
  replyId: "s3"
  raftGroupId {
    id: "\226\001\321s\341\rE_\235\364i\022\207/ \347"
  }
  callId: 75
  slidingWindowEntry {
  }
}
leaderTerm: 2
previousLog {
  term: 2
}
initializing: true
commitInfos {
  server {
    id: "s1"
    address: "localhost:36635"
    dataStreamAddress: "localhost:41297"
    clientAddress: "localhost:39775"
    adminAddress: "localhost:41981"
    startupRole: FOLLOWER
  }
}
commitInfos {
  server {
    id: "s3"
    address: "localhost:39579"
    dataStreamAddress: "localhost:46293"
    clientAddress: "localhost:33409"
    adminAddress: "localhost:42243"
    startupRole: FOLLOWER
  }
}
commitInfos {
  server {
    id: "s4"
    address: "localhost:45747"
    dataStreamAddress: "localhost:42993"
    clientAddress: "localhost:44435"
    adminAddress: "localhost:35149"
    startupRole: FOLLOWER
  }
}
commitInfos {
  server {
    id: "s0"
    address: "localhost:36179"
    dataStreamAddress: "localhost:33505"
    clientAddress: "localhost:36175"
    adminAddress: "localhost:46501"
    startupRole: FOLLOWER
  }
}
commitInfos {
  server {
    id: "s2"
    address: "localhost:36969"
    dataStreamAddress: "localhost:38077"
    clientAddress: "localhost:40489"
    adminAddress: "localhost:37929"
    startupRole: FOLLOWER
  }
}
]
2022-10-24 03:16:18,381 [s3@group-6912872F20E7-FollowerState] INFO  impl.FollowerState (FollowerState.java:run(143)) - s3@group-6912872F20E7-FollowerState: change to CANDIDATE, lastRpcElapsedTime:235466555ns, electionTimeout:235ms
2022-10-24 03:16:18,382 [s3@group-6912872F20E7-FollowerState] INFO  impl.RoleInfo (RoleInfo.java:shutdownFollowerState(110)) - s3: shutdown s3@group-6912872F20E7-FollowerState
2022-10-24 03:16:18,382 [s3@group-6912872F20E7-FollowerState] INFO  server.RaftServer$Division (RaftServerImpl.java:setRole(325)) - s3@group-6912872F20E7: changes role from  FOLLOWER to CANDIDATE at term 2 for changeToCandidate
2022-10-24 03:16:18,382 [s3@group-6912872F20E7-FollowerState] INFO  server.RaftServerConfigKeys (ConfUtils.java:logGet(46)) - raft.server.leaderelection.pre-vote = true (default)
2022-10-24 03:16:18,382 [s3@group-6912872F20E7-FollowerState] INFO  impl.RoleInfo (RoleInfo.java:updateAndGet(139)) - s3: start s3@group-6912872F20E7-LeaderElection17
2022-10-24 03:16:18,383 [s3@group-6912872F20E7-LeaderElection17] INFO  impl.LeaderElection (LeaderElection.java:askForVotes(309)) - s3@group-6912872F20E7-LeaderElection17 PRE_VOTE round 0: submit vote requests at term 2 for 0: peers:[s3|rpc:localhost:39579|admin:localhost:42243|client:localhost:33409|dataStream:localhost:46293|priority:0|startupRole:FOLLOWER, s4|rpc:localhost:45747|admin:localhost:35149|client:localhost:44435|dataStream:localhost:42993|priority:0|startupRole:FOLLOWER, s0|rpc:localhost:36179|admin:localhost:46501|client:localhost:36175|dataStream:localhost:33505|priority:0|startupRole:FOLLOWER, s1|rpc:localhost:36635|admin:localhost:41981|client:localhost:39775|dataStream:localhost:41297|priority:0|startupRole:FOLLOWER, s2|rpc:localhost:36969|admin:localhost:37929|client:localhost:40489|dataStream:localhost:38077|priority:0|startupRole:FOLLOWER]|listeners:[], old=null
2022-10-24 03:16:18,385 [grpc-default-executor-8] INFO  server.RaftServer$Division (RaftServerImpl.java:requestVote(1291)) - s4@group-6912872F20E7: receive requestVote(PRE_VOTE, s3, group-6912872F20E7, 2, (t:1, i:0))
2022-10-24 03:16:18,385 [grpc-default-executor-8] INFO  impl.VoteContext (VoteContext.java:log(49)) - s4@group-6912872F20E7-FOLLOWER: reject PRE_VOTE from s3: this server is a follower and still has a valid leader s1
2022-10-24 03:16:18,385 [grpc-default-executor-8] INFO  server.RaftServer$Division (RaftServerImpl.java:requestVote(1324)) - s4@group-6912872F20E7 replies to PRE_VOTE vote request: s3<-s4#0:FAIL-t2. Peer's state: s4@group-6912872F20E7:t2, leader=s1, voted=s1, raftlog=Memoized:s4@group-6912872F20E7-SegmentedRaftLog:OPENED:c0, conf=0: peers:[s3|rpc:localhost:39579|admin:localhost:42243|client:localhost:33409|dataStream:localhost:46293|priority:0|startupRole:FOLLOWER, s4|rpc:localhost:45747|admin:localhost:35149|client:localhost:44435|dataStream:localhost:42993|priority:0|startupRole:FOLLOWER, s0|rpc:localhost:36179|admin:localhost:46501|client:localhost:36175|dataStream:localhost:33505|priority:0|startupRole:FOLLOWER, s1|rpc:localhost:36635|admin:localhost:41981|client:localhost:39775|dataStream:localhost:41297|priority:0|startupRole:FOLLOWER, s2|rpc:localhost:36969|admin:localhost:37929|client:localhost:40489|dataStream:localhost:38077|priority:0|startupRole:FOLLOWER]|listeners:[], old=null
2022-10-24 03:16:18,387 [grpc-default-executor-8] INFO  server.RaftServer$Division (RaftServerImpl.java:requestVote(1291)) - s1@group-6912872F20E7: receive requestVote(PRE_VOTE, s3, group-6912872F20E7, 2, (t:1, i:0))
2022-10-24 03:16:18,387 [grpc-default-executor-8] INFO  impl.VoteContext (VoteContext.java:log(49)) - s1@group-6912872F20E7-LEADER: reject PRE_VOTE from s3: this server is the leader and still has leadership
2022-10-24 03:16:18,387 [grpc-default-executor-8] INFO  server.RaftServer$Division (RaftServerImpl.java:requestVote(1324)) - s1@group-6912872F20E7 replies to PRE_VOTE vote request: s3<-s1#0:FAIL-t2. Peer's state: s1@group-6912872F20E7:t2, leader=s1, voted=s1, raftlog=Memoized:s1@group-6912872F20E7-SegmentedRaftLog:OPENED:c0, conf=0: peers:[s3|rpc:localhost:39579|admin:localhost:42243|client:localhost:33409|dataStream:localhost:46293|priority:0|startupRole:FOLLOWER, s4|rpc:localhost:45747|admin:localhost:35149|client:localhost:44435|dataStream:localhost:42993|priority:0|startupRole:FOLLOWER, s0|rpc:localhost:36179|admin:localhost:46501|client:localhost:36175|dataStream:localhost:33505|priority:0|startupRole:FOLLOWER, s1|rpc:localhost:36635|admin:localhost:41981|client:localhost:39775|dataStream:localhost:41297|priority:0|startupRole:FOLLOWER, s2|rpc:localhost:36969|admin:localhost:37929|client:localhost:40489|dataStream:localhost:38077|priority:0|startupRole:FOLLOWER]|listeners:[], old=null
2022-10-24 03:16:18,388 [s1@group-6912872F20E7->s2-GrpcLogAppender-LogAppenderDaemon] INFO  util.CodeInjectionForTesting (DelayLocalExecutionInjection.java:execute(65)) - s1 delay 150 ms, args=[serverRequest {
  requestorId: "s1"
  replyId: "s2"
  raftGroupId {
    id: "\226\001\321s\341\rE_\235\364i\022\207/ \347"
  }
  callId: 38
  slidingWindowEntry {
  }
}
leaderTerm: 2
previousLog {
  term: 2
}
initializing: true
commitInfos {
  server {
    id: "s1"
    address: "localhost:36635"
    dataStreamAddress: "localhost:41297"
    clientAddress: "localhost:39775"
    adminAddress: "localhost:41981"
    startupRole: FOLLOWER
  }
}
commitInfos {
  server {
    id: "s3"
    address: "localhost:39579"
    dataStreamAddress: "localhost:46293"
    clientAddress: "localhost:33409"
    adminAddress: "localhost:42243"
    startupRole: FOLLOWER
  }
}
commitInfos {
  server {
    id: "s4"
    address: "localhost:45747"
    dataStreamAddress: "localhost:42993"
    clientAddress: "localhost:44435"
    adminAddress: "localhost:35149"
    startupRole: FOLLOWER
  }
}
commitInfos {
  server {
    id: "s0"
    address: "localhost:36179"
    dataStreamAddress: "localhost:33505"
    clientAddress: "localhost:36175"
    adminAddress: "localhost:46501"
    startupRole: FOLLOWER
  }
}
commitInfos {
  server {
    id: "s2"
    address: "localhost:36969"
    dataStreamAddress: "localhost:38077"
    clientAddress: "localhost:40489"
    adminAddress: "localhost:37929"
    startupRole: FOLLOWER
  }
}
]
2022-10-24 03:16:18,389 [s1@group-6912872F20E7->s0-GrpcLogAppender-LogAppenderDaemon] INFO  util.CodeInjectionForTesting (DelayLocalExecutionInjection.java:execute(65)) - s1 delay 150 ms, args=[serverRequest {
  requestorId: "s1"
  replyId: "s0"
  raftGroupId {
    id: "\226\001\321s\341\rE_\235\364i\022\207/ \347"
  }
  callId: 39
  slidingWindowEntry {
  }
}
leaderTerm: 2
previousLog {
  term: 2
}
initializing: true
commitInfos {
  server {
    id: "s1"
    address: "localhost:36635"
    dataStreamAddress: "localhost:41297"
    clientAddress: "localhost:39775"
    adminAddress: "localhost:41981"
    startupRole: FOLLOWER
  }
}
commitInfos {
  server {
    id: "s3"
    address: "localhost:39579"
    dataStreamAddress: "localhost:46293"
    clientAddress: "localhost:33409"
    adminAddress: "localhost:42243"
    startupRole: FOLLOWER
  }
}
commitInfos {
  server {
    id: "s4"
    address: "localhost:45747"
    dataStreamAddress: "localhost:42993"
    clientAddress: "localhost:44435"
    adminAddress: "localhost:35149"
    startupRole: FOLLOWER
  }
}
commitInfos {
  server {
    id: "s0"
    address: "localhost:36179"
    dataStreamAddress: "localhost:33505"
    clientAddress: "localhost:36175"
    adminAddress: "localhost:46501"
    startupRole: FOLLOWER
  }
}
commitInfos {
  server {
    id: "s2"
    address: "localhost:36969"
    dataStreamAddress: "localhost:38077"
    clientAddress: "localhost:40489"
    adminAddress: "localhost:37929"
    startupRole: FOLLOWER
  }
}
]
2022-10-24 03:16:18,390 [grpc-default-executor-8] INFO  server.RaftServer$Division (RaftServerImpl.java:requestVote(1291)) - s2@group-6912872F20E7: receive requestVote(PRE_VOTE, s3, group-6912872F20E7, 2, (t:1, i:0))
2022-10-24 03:16:18,390 [grpc-default-executor-8] INFO  impl.VoteContext (VoteContext.java:log(49)) - s2@group-6912872F20E7-FOLLOWER: reject PRE_VOTE from s3: this server is a follower and still has a valid leader s1
2022-10-24 03:16:18,391 [grpc-default-executor-8] INFO  server.RaftServer$Division (RaftServerImpl.java:requestVote(1324)) - s2@group-6912872F20E7 replies to PRE_VOTE vote request: s3<-s2#0:FAIL-t2. Peer's state: s2@group-6912872F20E7:t2, leader=s1, voted=s1, raftlog=Memoized:s2@group-6912872F20E7-SegmentedRaftLog:OPENED:c0, conf=0: peers:[s3|rpc:localhost:39579|admin:localhost:42243|client:localhost:33409|dataStream:localhost:46293|priority:0|startupRole:FOLLOWER, s4|rpc:localhost:45747|admin:localhost:35149|client:localhost:44435|dataStream:localhost:42993|priority:0|startupRole:FOLLOWER, s0|rpc:localhost:36179|admin:localhost:46501|client:localhost:36175|dataStream:localhost:33505|priority:0|startupRole:FOLLOWER, s1|rpc:localhost:36635|admin:localhost:41981|client:localhost:39775|dataStream:localhost:41297|priority:0|startupRole:FOLLOWER, s2|rpc:localhost:36969|admin:localhost:37929|client:localhost:40489|dataStream:localhost:38077|priority:0|startupRole:FOLLOWER]|listeners:[], old=null
2022-10-24 03:16:18,392 [s3@group-6912872F20E7-LeaderElection17] INFO  impl.LeaderElection (LeaderElection.java:logAndReturn(89)) - s3@group-6912872F20E7-LeaderElection17: PRE_VOTE REJECTED received 3 response(s) and 0 exception(s):
2022-10-24 03:16:18,392 [s3@group-6912872F20E7-LeaderElection17] INFO  impl.LeaderElection (LeaderElection.java:logAndReturn(93)) -   Response 0: s3<-s4#0:FAIL-t2
2022-10-24 03:16:18,392 [s3@group-6912872F20E7-LeaderElection17] INFO  impl.LeaderElection (LeaderElection.java:logAndReturn(93)) -   Response 1: s3<-s1#0:FAIL-t2
2022-10-24 03:16:18,392 [s3@group-6912872F20E7-LeaderElection17] INFO  impl.LeaderElection (LeaderElection.java:logAndReturn(93)) -   Response 2: s3<-s2#0:FAIL-t2
2022-10-24 03:16:18,392 [s3@group-6912872F20E7-LeaderElection17] INFO  impl.LeaderElection (LeaderElection.java:askForVotes(311)) - s3@group-6912872F20E7-LeaderElection17 PRE_VOTE round 0: result REJECTED
2022-10-24 03:16:18,392 [s3@group-6912872F20E7-LeaderElection17] INFO  server.RaftServer$Division (RaftServerImpl.java:setRole(325)) - s3@group-6912872F20E7: changes role from CANDIDATE to FOLLOWER at term 2 for REJECTED
2022-10-24 03:16:18,392 [s3@group-6912872F20E7-LeaderElection17] INFO  impl.RoleInfo (RoleInfo.java:shutdownLeaderElection(130)) - s3: shutdown s3@group-6912872F20E7-LeaderElection17
2022-10-24 03:16:18,392 [s3@group-6912872F20E7-LeaderElection17] INFO  impl.RoleInfo (RoleInfo.java:updateAndGet(139)) - s3: start s3@group-6912872F20E7-FollowerState
2022-10-24 03:16:18,396 [grpc-default-executor-8] INFO  server.RaftServer$Division (RaftServerImpl.java:requestVote(1291)) - s0@group-6912872F20E7: receive requestVote(PRE_VOTE, s3, group-6912872F20E7, 2, (t:1, i:0))
2022-10-24 03:16:18,396 [grpc-default-executor-8] INFO  impl.VoteContext (VoteContext.java:log(49)) - s0@group-6912872F20E7-FOLLOWER: reject PRE_VOTE from s3: this server is a follower and still has a valid leader s1
2022-10-24 03:16:18,396 [grpc-default-executor-8] INFO  server.RaftServer$Division (RaftServerImpl.java:requestVote(1324)) - s0@group-6912872F20E7 replies to PRE_VOTE vote request: s3<-s0#0:FAIL-t2. Peer's state: s0@group-6912872F20E7:t2, leader=s1, voted=s1, raftlog=Memoized:s0@group-6912872F20E7-SegmentedRaftLog:OPENED:c0, conf=0: peers:[s3|rpc:localhost:39579|admin:localhost:42243|client:localhost:33409|dataStream:localhost:46293|priority:0|startupRole:FOLLOWER, s4|rpc:localhost:45747|admin:localhost:35149|client:localhost:44435|dataStream:localhost:42993|priority:0|startupRole:FOLLOWER, s0|rpc:localhost:36179|admin:localhost:46501|client:localhost:36175|dataStream:localhost:33505|priority:0|startupRole:FOLLOWER, s1|rpc:localhost:36635|admin:localhost:41981|client:localhost:39775|dataStream:localhost:41297|priority:0|startupRole:FOLLOWER, s2|rpc:localhost:36969|admin:localhost:37929|client:localhost:40489|dataStream:localhost:38077|priority:0|startupRole:FOLLOWER]|listeners:[], old=null
2022-10-24 03:16:18,397 [s1@group-6912872F20E7->s4-GrpcLogAppender-LogAppenderDaemon] INFO  util.CodeInjectionForTesting (DelayLocalExecutionInjection.java:execute(65)) - s1 delay 150 ms, args=[serverRequest {
  requestorId: "s1"
  replyId: "s4"
  raftGroupId {
    id: "\226\001\321s\341\rE_\235\364i\022\207/ \347"
  }
  callId: 38
  slidingWindowEntry {
  }
}
leaderTerm: 2
previousLog {
  term: 2
}
initializing: true
commitInfos {
  server {
    id: "s1"
    address: "localhost:36635"
    dataStreamAddress: "localhost:41297"
    clientAddress: "localhost:39775"
    adminAddress: "localhost:41981"
    startupRole: FOLLOWER
  }
}
commitInfos {
  server {
    id: "s3"
    address: "localhost:39579"
    dataStreamAddress: "localhost:46293"
    clientAddress: "localhost:33409"
    adminAddress: "localhost:42243"
    startupRole: FOLLOWER
  }
}
commitInfos {
  server {
    id: "s4"
    address: "localhost:45747"
    dataStreamAddress: "localhost:42993"
    clientAddress: "localhost:44435"
    adminAddress: "localhost:35149"
    startupRole: FOLLOWER
  }
}
commitInfos {
  server {
    id: "s0"
    address: "localhost:36179"
    dataStreamAddress: "localhost:33505"
    clientAddress: "localhost:36175"
    adminAddress: "localhost:46501"
    startupRole: FOLLOWER
  }
}
commitInfos {
  server {
    id: "s2"
    address: "localhost:36969"
    dataStreamAddress: "localhost:38077"
    clientAddress: "localhost:40489"
    adminAddress: "localhost:37929"
    startupRole: FOLLOWER
  }
}
]
2022-10-24 03:16:18,492 [s1@group-6912872F20E7->s3-GrpcLogAppender-LogAppenderDaemon] INFO  util.CodeInjectionForTesting (DelayLocalExecutionInjection.java:execute(65)) - s1 delay 150 ms, args=[serverRequest {
  requestorId: "s1"
  replyId: "s3"
  raftGroupId {
    id: "\226\001\321s\341\rE_\235\364i\022\207/ \347"
  }
  callId: 76
  slidingWindowEntry {
  }
}
leaderTerm: 2
previousLog {
  term: 2
}
initializing: true
commitInfos {
  server {
    id: "s1"
    address: "localhost:36635"
    dataStreamAddress: "localhost:41297"
    clientAddress: "localhost:39775"
    adminAddress: "localhost:41981"
    startupRole: FOLLOWER
  }
}
commitInfos {
  server {
    id: "s3"
    address: "localhost:39579"
    dataStreamAddress: "localhost:46293"
    clientAddress: "localhost:33409"
    adminAddress: "localhost:42243"
    startupRole: FOLLOWER
  }
}
commitInfos {
  server {
    id: "s4"
    address: "localhost:45747"
    dataStreamAddress: "localhost:42993"
    clientAddress: "localhost:44435"
    adminAddress: "localhost:35149"
    startupRole: FOLLOWER
  }
}
commitInfos {
  server {
    id: "s0"
    address: "localhost:36179"
    dataStreamAddress: "localhost:33505"
    clientAddress: "localhost:36175"
    adminAddress: "localhost:46501"
    startupRole: FOLLOWER
  }
}
commitInfos {
  server {
    id: "s2"
    address: "localhost:36969"
    dataStreamAddress: "localhost:38077"
    clientAddress: "localhost:40489"
    adminAddress: "localhost:37929"
    startupRole: FOLLOWER
  }
}
]
2022-10-24 03:16:18,562 [s3@group-6912872F20E7-FollowerState] INFO  impl.FollowerState (FollowerState.java:run(143)) - s3@group-6912872F20E7-FollowerState: change to CANDIDATE, lastRpcElapsedTime:169454423ns, electionTimeout:164ms
2022-10-24 03:16:18,562 [s3@group-6912872F20E7-FollowerState] INFO  impl.RoleInfo (RoleInfo.java:shutdownFollowerState(110)) - s3: shutdown s3@group-6912872F20E7-FollowerState
2022-10-24 03:16:18,562 [s3@group-6912872F20E7-FollowerState] INFO  server.RaftServer$Division (RaftServerImpl.java:setRole(325)) - s3@group-6912872F20E7: changes role from  FOLLOWER to CANDIDATE at term 2 for changeToCandidate
2022-10-24 03:16:18,562 [s3@group-6912872F20E7-FollowerState] INFO  server.RaftServerConfigKeys (ConfUtils.java:logGet(46)) - raft.server.leaderelection.pre-vote = true (default)
2022-10-24 03:16:18,562 [s3@group-6912872F20E7-FollowerState] INFO  impl.RoleInfo (RoleInfo.java:updateAndGet(139)) - s3: start s3@group-6912872F20E7-LeaderElection18
2022-10-24 03:16:18,565 [s3@group-6912872F20E7-LeaderElection18] INFO  impl.LeaderElection (LeaderElection.java:askForVotes(309)) - s3@group-6912872F20E7-LeaderElection18 PRE_VOTE round 0: submit vote requests at term 2 for 0: peers:[s3|rpc:localhost:39579|admin:localhost:42243|client:localhost:33409|dataStream:localhost:46293|priority:0|startupRole:FOLLOWER, s4|rpc:localhost:45747|admin:localhost:35149|client:localhost:44435|dataStream:localhost:42993|priority:0|startupRole:FOLLOWER, s0|rpc:localhost:36179|admin:localhost:46501|client:localhost:36175|dataStream:localhost:33505|priority:0|startupRole:FOLLOWER, s1|rpc:localhost:36635|admin:localhost:41981|client:localhost:39775|dataStream:localhost:41297|priority:0|startupRole:FOLLOWER, s2|rpc:localhost:36969|admin:localhost:37929|client:localhost:40489|dataStream:localhost:38077|priority:0|startupRole:FOLLOWER]|listeners:[], old=null
2022-10-24 03:16:18,569 [grpc-default-executor-34] INFO  server.RaftServer$Division (RaftServerImpl.java:requestVote(1291)) - s4@group-6912872F20E7: receive requestVote(PRE_VOTE, s3, group-6912872F20E7, 2, (t:1, i:0))
2022-10-24 03:16:18,569 [grpc-default-executor-34] INFO  impl.VoteContext (VoteContext.java:log(49)) - s4@group-6912872F20E7-FOLLOWER: reject PRE_VOTE from s3: this server is a follower and still has a valid leader s1
2022-10-24 03:16:18,569 [grpc-default-executor-34] INFO  server.RaftServer$Division (RaftServerImpl.java:requestVote(1324)) - s4@group-6912872F20E7 replies to PRE_VOTE vote request: s3<-s4#0:FAIL-t2. Peer's state: s4@group-6912872F20E7:t2, leader=s1, voted=s1, raftlog=Memoized:s4@group-6912872F20E7-SegmentedRaftLog:OPENED:c0, conf=0: peers:[s3|rpc:localhost:39579|admin:localhost:42243|client:localhost:33409|dataStream:localhost:46293|priority:0|startupRole:FOLLOWER, s4|rpc:localhost:45747|admin:localhost:35149|client:localhost:44435|dataStream:localhost:42993|priority:0|startupRole:FOLLOWER, s0|rpc:localhost:36179|admin:localhost:46501|client:localhost:36175|dataStream:localhost:33505|priority:0|startupRole:FOLLOWER, s1|rpc:localhost:36635|admin:localhost:41981|client:localhost:39775|dataStream:localhost:41297|priority:0|startupRole:FOLLOWER, s2|rpc:localhost:36969|admin:localhost:37929|client:localhost:40489|dataStream:localhost:38077|priority:0|startupRole:FOLLOWER]|listeners:[], old=null
2022-10-24 03:16:18,570 [grpc-default-executor-34] INFO  server.RaftServer$Division (RaftServerImpl.java:requestVote(1291)) - s0@group-6912872F20E7: receive requestVote(PRE_VOTE, s3, group-6912872F20E7, 2, (t:1, i:0))
2022-10-24 03:16:18,570 [grpc-default-executor-34] INFO  impl.VoteContext (VoteContext.java:log(49)) - s0@group-6912872F20E7-FOLLOWER: reject PRE_VOTE from s3: this server is a follower and still has a valid leader s1
2022-10-24 03:16:18,570 [grpc-default-executor-34] INFO  server.RaftServer$Division (RaftServerImpl.java:requestVote(1324)) - s0@group-6912872F20E7 replies to PRE_VOTE vote request: s3<-s0#0:FAIL-t2. Peer's state: s0@group-6912872F20E7:t2, leader=s1, voted=s1, raftlog=Memoized:s0@group-6912872F20E7-SegmentedRaftLog:OPENED:c0, conf=0: peers:[s3|rpc:localhost:39579|admin:localhost:42243|client:localhost:33409|dataStream:localhost:46293|priority:0|startupRole:FOLLOWER, s4|rpc:localhost:45747|admin:localhost:35149|client:localhost:44435|dataStream:localhost:42993|priority:0|startupRole:FOLLOWER, s0|rpc:localhost:36179|admin:localhost:46501|client:localhost:36175|dataStream:localhost:33505|priority:0|startupRole:FOLLOWER, s1|rpc:localhost:36635|admin:localhost:41981|client:localhost:39775|dataStream:localhost:41297|priority:0|startupRole:FOLLOWER, s2|rpc:localhost:36969|admin:localhost:37929|client:localhost:40489|dataStream:localhost:38077|priority:0|startupRole:FOLLOWER]|listeners:[], old=null
2022-10-24 03:16:18,574 [grpc-default-executor-34] INFO  server.RaftServer$Division (RaftServerImpl.java:requestVote(1291)) - s1@group-6912872F20E7: receive requestVote(PRE_VOTE, s3, group-6912872F20E7, 2, (t:1, i:0))
2022-10-24 03:16:18,574 [grpc-default-executor-34] INFO  impl.VoteContext (VoteContext.java:log(49)) - s1@group-6912872F20E7-LEADER: reject PRE_VOTE from s3: this server is the leader and still has leadership
2022-10-24 03:16:18,574 [grpc-default-executor-34] INFO  server.RaftServer$Division (RaftServerImpl.java:requestVote(1324)) - s1@group-6912872F20E7 replies to PRE_VOTE vote request: s3<-s1#0:FAIL-t2. Peer's state: s1@group-6912872F20E7:t2, leader=s1, voted=s1, raftlog=Memoized:s1@group-6912872F20E7-SegmentedRaftLog:OPENED:c0, conf=0: peers:[s3|rpc:localhost:39579|admin:localhost:42243|client:localhost:33409|dataStream:localhost:46293|priority:0|startupRole:FOLLOWER, s4|rpc:localhost:45747|admin:localhost:35149|client:localhost:44435|dataStream:localhost:42993|priority:0|startupRole:FOLLOWER, s0|rpc:localhost:36179|admin:localhost:46501|client:localhost:36175|dataStream:localhost:33505|priority:0|startupRole:FOLLOWER, s1|rpc:localhost:36635|admin:localhost:41981|client:localhost:39775|dataStream:localhost:41297|priority:0|startupRole:FOLLOWER, s2|rpc:localhost:36969|admin:localhost:37929|client:localhost:40489|dataStream:localhost:38077|priority:0|startupRole:FOLLOWER]|listeners:[], old=null
2022-10-24 03:16:18,585 [grpc-default-executor-34] INFO  server.RaftServer$Division (RaftServerImpl.java:requestVote(1291)) - s2@group-6912872F20E7: receive requestVote(PRE_VOTE, s3, group-6912872F20E7, 2, (t:1, i:0))
2022-10-24 03:16:18,585 [grpc-default-executor-34] INFO  impl.VoteContext (VoteContext.java:log(49)) - s2@group-6912872F20E7-FOLLOWER: reject PRE_VOTE from s3: this server is a follower and still has a valid leader s1
2022-10-24 03:16:18,585 [grpc-default-executor-34] INFO  server.RaftServer$Division (RaftServerImpl.java:requestVote(1324)) - s2@group-6912872F20E7 replies to PRE_VOTE vote request: s3<-s2#0:FAIL-t2. Peer's state: s2@group-6912872F20E7:t2, leader=s1, voted=s1, raftlog=Memoized:s2@group-6912872F20E7-SegmentedRaftLog:OPENED:c0, conf=0: peers:[s3|rpc:localhost:39579|admin:localhost:42243|client:localhost:33409|dataStream:localhost:46293|priority:0|startupRole:FOLLOWER, s4|rpc:localhost:45747|admin:localhost:35149|client:localhost:44435|dataStream:localhost:42993|priority:0|startupRole:FOLLOWER, s0|rpc:localhost:36179|admin:localhost:46501|client:localhost:36175|dataStream:localhost:33505|priority:0|startupRole:FOLLOWER, s1|rpc:localhost:36635|admin:localhost:41981|client:localhost:39775|dataStream:localhost:41297|priority:0|startupRole:FOLLOWER, s2|rpc:localhost:36969|admin:localhost:37929|client:localhost:40489|dataStream:localhost:38077|priority:0|startupRole:FOLLOWER]|listeners:[], old=null
2022-10-24 03:16:18,586 [s3@group-6912872F20E7-LeaderElection18] INFO  impl.LeaderElection (LeaderElection.java:logAndReturn(89)) - s3@group-6912872F20E7-LeaderElection18: PRE_VOTE REJECTED received 3 response(s) and 0 exception(s):
2022-10-24 03:16:18,587 [s3@group-6912872F20E7-LeaderElection18] INFO  impl.LeaderElection (LeaderElection.java:logAndReturn(93)) -   Response 0: s3<-s4#0:FAIL-t2
2022-10-24 03:16:18,587 [s3@group-6912872F20E7-LeaderElection18] INFO  impl.LeaderElection (LeaderElection.java:logAndReturn(93)) -   Response 1: s3<-s0#0:FAIL-t2
2022-10-24 03:16:18,587 [s3@group-6912872F20E7-LeaderElection18] INFO  impl.LeaderElection (LeaderElection.java:logAndReturn(93)) -   Response 2: s3<-s2#0:FAIL-t2
2022-10-24 03:16:18,587 [s3@group-6912872F20E7-LeaderElection18] INFO  impl.LeaderElection (LeaderElection.java:askForVotes(311)) - s3@group-6912872F20E7-LeaderElection18 PRE_VOTE round 0: result REJECTED
2022-10-24 03:16:18,587 [s3@group-6912872F20E7-LeaderElection18] INFO  server.RaftServer$Division (RaftServerImpl.java:setRole(325)) - s3@group-6912872F20E7: changes role from CANDIDATE to FOLLOWER at term 2 for REJECTED
2022-10-24 03:16:18,587 [s3@group-6912872F20E7-LeaderElection18] INFO  impl.RoleInfo (RoleInfo.java:shutdownLeaderElection(130)) - s3: shutdown s3@group-6912872F20E7-LeaderElection18
2022-10-24 03:16:18,587 [s3@group-6912872F20E7-LeaderElection18] INFO  impl.RoleInfo (RoleInfo.java:updateAndGet(139)) - s3: start s3@group-6912872F20E7-FollowerState
2022-10-24 03:16:18,594 [Time-limited test] INFO  server.RaftServerConfigKeys (ConfUtils.java:logGet(46)) - raft.server.rpc.timeout.max = 300ms (default)
2022-10-24 03:16:18,791 [s3-server-thread1] INFO  util.CodeInjectionForTesting (BlockRequestHandlingInjection.java:execute(84)) - s3: unBlock request from s1
2022-10-24 03:16:18,791 [s3-server-thread1] INFO  server.RaftServer$Division (ServerState.java:setLeader(259)) - s3@group-6912872F20E7: change Leader from null to s1 at term 2 for appendEntries, leader elected after 654ms
2022-10-24 03:16:18,791 [s3-server-thread1] INFO  server.RaftServer$Division (RaftServerImpl.java:checkInconsistentAppendEntries(1599)) - s3@group-6912872F20E7: Failed appendEntries as previous log entry ((t:2, i:0)) is not found
2022-10-24 03:16:18,791 [s3-server-thread1] INFO  server.RaftServer$Division (RaftServerImpl.java:checkInconsistentAppendEntries(1569)) - s3@group-6912872F20E7: inconsistency entries. Reply:s1<-s3#72:FAIL-t2,INCONSISTENCY,nextIndex=0,followerCommit=0,matchIndex=-1
2022-10-24 03:16:18,792 [grpc-default-executor-34] INFO  leader.FollowerInfo (FollowerInfoImpl.java:lambda$new$0(48)) - s1@group-6912872F20E7->s3: nextIndex: updateUnconditionally 1 -> 0
2022-10-24 03:16:18,793 [s3-server-thread1] INFO  server.RaftServer$Division (RaftServerImpl.java:checkInconsistentAppendEntries(1599)) - s3@group-6912872F20E7: Failed appendEntries as previous log entry ((t:2, i:0)) is not found
2022-10-24 03:16:18,793 [s3-server-thread1] INFO  server.RaftServer$Division (RaftServerImpl.java:checkInconsistentAppendEntries(1569)) - s3@group-6912872F20E7: inconsistency entries. Reply:s1<-s3#73:FAIL-t2,INCONSISTENCY,nextIndex=0,followerCommit=0,matchIndex=-1
2022-10-24 03:16:18,793 [s3-server-thread3] DEBUG server.RaftServer$Division (RaftServerImpl.java:logAppendEntries(1418)) - s3@group-6912872F20E7: receive appendEntries(s1, 2, null, 0, true, commits:[s1:c0, s3:c0, s4:c0, s0:c0, s2:c0], cId:80, entries: [(t:2, i:0), CONFIGURATIONENTRY(current:id: "s3"
address: "localhost:39579"
dataStreamAddress: "localhost:46293"
clientAddress: "localhost:33409"
adminAddress: "localhost:42243"
startupRole: FOLLOWER
,id: "s4"
address: "localhost:45747"
dataStreamAddress: "localhost:42993"
clientAddress: "localhost:44435"
adminAddress: "localhost:35149"
startupRole: FOLLOWER
,id: "s0"
address: "localhost:36179"
dataStreamAddress: "localhost:33505"
clientAddress: "localhost:36175"
adminAddress: "localhost:46501"
startupRole: FOLLOWER
,id: "s1"
address: "localhost:36635"
dataStreamAddress: "localhost:41297"
clientAddress: "localhost:39775"
adminAddress: "localhost:41981"
startupRole: FOLLOWER
,id: "s2"
address: "localhost:36969"
dataStreamAddress: "localhost:38077"
clientAddress: "localhost:40489"
adminAddress: "localhost:37929"
startupRole: FOLLOWER
, old:)]
2022-10-24 03:16:18,793 [s3-server-thread3] INFO  server.RaftServer$Division (RaftServerImpl.java:checkInconsistentAppendEntries(1589)) - s3@group-6912872F20E7: Failed appendEntries as the first entry (index 0) already exists (snapshotIndex: -1, commitIndex: 0)
2022-10-24 03:16:18,793 [s3-server-thread3] INFO  server.RaftServer$Division (RaftServerImpl.java:checkInconsistentAppendEntries(1569)) - s3@group-6912872F20E7: inconsistency entries. Reply:s1<-s3#80:FAIL-t2,INCONSISTENCY,nextIndex=1,followerCommit=0,matchIndex=-1
2022-10-24 03:16:18,794 [grpc-default-executor-8] INFO  leader.FollowerInfo (FollowerInfoImpl.java:lambda$new$0(48)) - s1@group-6912872F20E7->s3: nextIndex: updateUnconditionally 1 -> 0
2022-10-24 03:16:18,794 [s3-server-thread3] INFO  server.RaftServer$Division (RaftServerImpl.java:checkInconsistentAppendEntries(1599)) - s3@group-6912872F20E7: Failed appendEntries as previous log entry ((t:2, i:0)) is not found
2022-10-24 03:16:18,794 [s3-server-thread3] INFO  server.RaftServer$Division (RaftServerImpl.java:checkInconsistentAppendEntries(1569)) - s3@group-6912872F20E7: inconsistency entries. Reply:s1<-s3#74:FAIL-t2,INCONSISTENCY,nextIndex=0,followerCommit=0,matchIndex=-1
2022-10-24 03:16:18,795 [s3-server-thread3] INFO  server.RaftServer$Division (RaftServerImpl.java:checkInconsistentAppendEntries(1599)) - s3@group-6912872F20E7: Failed appendEntries as previous log entry ((t:2, i:0)) is not found
2022-10-24 03:16:18,795 [s3-server-thread3] INFO  server.RaftServer$Division (RaftServerImpl.java:checkInconsistentAppendEntries(1569)) - s3@group-6912872F20E7: inconsistency entries. Reply:s1<-s3#75:FAIL-t2,INCONSISTENCY,nextIndex=0,followerCommit=0,matchIndex=-1
2022-10-24 03:16:18,795 [grpc-default-executor-25] INFO  leader.FollowerInfo (FollowerInfoImpl.java:lambda$new$0(48)) - s1@group-6912872F20E7->s3: nextIndex: updateUnconditionally 1 -> 0
2022-10-24 03:16:18,795 [grpc-default-executor-8] INFO  leader.FollowerInfo (FollowerInfoImpl.java:lambda$new$0(48)) - s1@group-6912872F20E7->s3: nextIndex: updateUnconditionally 0 -> 1
2022-10-24 03:16:18,796 [s3-server-thread3] DEBUG server.RaftServer$Division (RaftServerImpl.java:logAppendEntries(1418)) - s3@group-6912872F20E7: receive appendEntries(s1, 2, null, 0, true, commits:[s1:c0, s3:c0, s4:c0, s0:c0, s2:c0], cId:81, entries: [(t:2, i:0), CONFIGURATIONENTRY(current:id: "s3"
address: "localhost:39579"
dataStreamAddress: "localhost:46293"
clientAddress: "localhost:33409"
adminAddress: "localhost:42243"
startupRole: FOLLOWER
,id: "s4"
address: "localhost:45747"
dataStreamAddress: "localhost:42993"
clientAddress: "localhost:44435"
adminAddress: "localhost:35149"
startupRole: FOLLOWER
,id: "s0"
address: "localhost:36179"
dataStreamAddress: "localhost:33505"
clientAddress: "localhost:36175"
adminAddress: "localhost:46501"
startupRole: FOLLOWER
,id: "s1"
address: "localhost:36635"
dataStreamAddress: "localhost:41297"
clientAddress: "localhost:39775"
adminAddress: "localhost:41981"
startupRole: FOLLOWER
,id: "s2"
address: "localhost:36969"
dataStreamAddress: "localhost:38077"
clientAddress: "localhost:40489"
adminAddress: "localhost:37929"
startupRole: FOLLOWER
, old:)]
2022-10-24 03:16:18,796 [s3-server-thread3] INFO  server.RaftServer$Division (RaftServerImpl.java:checkInconsistentAppendEntries(1589)) - s3@group-6912872F20E7: Failed appendEntries as the first entry (index 0) already exists (snapshotIndex: -1, commitIndex: 0)
2022-10-24 03:16:18,796 [s3-server-thread3] INFO  server.RaftServer$Division (RaftServerImpl.java:checkInconsistentAppendEntries(1569)) - s3@group-6912872F20E7: inconsistency entries. Reply:s1<-s3#81:FAIL-t2,INCONSISTENCY,nextIndex=1,followerCommit=0,matchIndex=-1
2022-10-24 03:16:18,796 [grpc-default-executor-8] INFO  leader.FollowerInfo (FollowerInfoImpl.java:lambda$new$0(48)) - s1@group-6912872F20E7->s3: nextIndex: updateUnconditionally 1 -> 0
2022-10-24 03:16:18,797 [grpc-default-executor-8] INFO  leader.FollowerInfo (FollowerInfoImpl.java:lambda$new$0(48)) - s1@group-6912872F20E7->s3: nextIndex: updateUnconditionally 1 -> 1
2022-10-24 03:16:18,797 [s3-server-thread3] DEBUG server.RaftServer$Division (RaftServerImpl.java:logAppendEntries(1418)) - s3@group-6912872F20E7: receive appendEntries(s1, 2, null, 0, true, commits:[s1:c0, s3:c0, s4:c0, s0:c0, s2:c0], cId:82, entries: [(t:2, i:0), CONFIGURATIONENTRY(current:id: "s3"
address: "localhost:39579"
dataStreamAddress: "localhost:46293"
clientAddress: "localhost:33409"
adminAddress: "localhost:42243"
startupRole: FOLLOWER
,id: "s4"
address: "localhost:45747"
dataStreamAddress: "localhost:42993"
clientAddress: "localhost:44435"
adminAddress: "localhost:35149"
startupRole: FOLLOWER
,id: "s0"
address: "localhost:36179"
dataStreamAddress: "localhost:33505"
clientAddress: "localhost:36175"
adminAddress: "localhost:46501"
startupRole: FOLLOWER
,id: "s1"
address: "localhost:36635"
dataStreamAddress: "localhost:41297"
clientAddress: "localhost:39775"
adminAddress: "localhost:41981"
startupRole: FOLLOWER
,id: "s2"
address: "localhost:36969"
dataStreamAddress: "localhost:38077"
clientAddress: "localhost:40489"
adminAddress: "localhost:37929"
startupRole: FOLLOWER
, old:)]
2022-10-24 03:16:18,797 [s3-server-thread3] INFO  server.RaftServer$Division (RaftServerImpl.java:checkInconsistentAppendEntries(1589)) - s3@group-6912872F20E7: Failed appendEntries as the first entry (index 0) already exists (snapshotIndex: -1, commitIndex: 0)
2022-10-24 03:16:18,797 [s3-server-thread3] INFO  server.RaftServer$Division (RaftServerImpl.java:checkInconsistentAppendEntries(1569)) - s3@group-6912872F20E7: inconsistency entries. Reply:s1<-s3#82:FAIL-t2,INCONSISTENCY,nextIndex=1,followerCommit=0,matchIndex=-1
2022-10-24 03:16:18,797 [s3-server-thread1] INFO  server.RaftServer$Division (RaftServerImpl.java:checkInconsistentAppendEntries(1599)) - s3@group-6912872F20E7: Failed appendEntries as previous log entry ((t:2, i:0)) is not found
2022-10-24 03:16:18,798 [s3-server-thread1] INFO  server.RaftServer$Division (RaftServerImpl.java:checkInconsistentAppendEntries(1569)) - s3@group-6912872F20E7: inconsistency entries. Reply:s1<-s3#76:FAIL-t2,INCONSISTENCY,nextIndex=0,followerCommit=0,matchIndex=-1
2022-10-24 03:16:18,798 [grpc-default-executor-34] INFO  leader.FollowerInfo (FollowerInfoImpl.java:lambda$new$0(48)) - s1@group-6912872F20E7->s3: nextIndex: updateUnconditionally 1 -> 1
2022-10-24 03:16:18,798 [s3-server-thread1] INFO  server.RaftServer$Division (RaftServerImpl.java:checkInconsistentAppendEntries(1599)) - s3@group-6912872F20E7: Failed appendEntries as previous log entry ((t:2, i:0)) is not found
2022-10-24 03:16:18,798 [grpc-default-executor-15] INFO  leader.FollowerInfo (FollowerInfoImpl.java:lambda$new$0(48)) - s1@group-6912872F20E7->s3: nextIndex: updateUnconditionally 1 -> 0
2022-10-24 03:16:18,798 [s3-server-thread1] INFO  server.RaftServer$Division (RaftServerImpl.java:checkInconsistentAppendEntries(1569)) - s3@group-6912872F20E7: inconsistency entries. Reply:s1<-s3#77:FAIL-t2,INCONSISTENCY,nextIndex=0,followerCommit=0,matchIndex=-1
2022-10-24 03:16:18,799 [s3-server-thread1] INFO  server.RaftServer$Division (RaftServerImpl.java:checkInconsistentAppendEntries(1599)) - s3@group-6912872F20E7: Failed appendEntries as previous log entry ((t:2, i:0)) is not found
2022-10-24 03:16:18,799 [s3-server-thread1] INFO  server.RaftServer$Division (RaftServerImpl.java:checkInconsistentAppendEntries(1569)) - s3@group-6912872F20E7: inconsistency entries. Reply:s1<-s3#78:FAIL-t2,INCONSISTENCY,nextIndex=0,followerCommit=0,matchIndex=-1
2022-10-24 03:16:18,799 [grpc-default-executor-8] INFO  leader.FollowerInfo (FollowerInfoImpl.java:lambda$new$0(48)) - s1@group-6912872F20E7->s3: nextIndex: updateUnconditionally 1 -> 0
2022-10-24 03:16:18,812 [s3-server-thread3] DEBUG server.RaftServer$Division (RaftServerImpl.java:logAppendEntries(1418)) - s3@group-6912872F20E7: receive appendEntries(s1, 2, null, 0, true, commits:[s1:c0, s3:c0, s4:c0, s0:c0, s2:c0], cId:83, entries: [(t:2, i:0), CONFIGURATIONENTRY(current:id: "s3"
address: "localhost:39579"
dataStreamAddress: "localhost:46293"
clientAddress: "localhost:33409"
adminAddress: "localhost:42243"
startupRole: FOLLOWER
,id: "s4"
address: "localhost:45747"
dataStreamAddress: "localhost:42993"
clientAddress: "localhost:44435"
adminAddress: "localhost:35149"
startupRole: FOLLOWER
,id: "s0"
address: "localhost:36179"
dataStreamAddress: "localhost:33505"
clientAddress: "localhost:36175"
adminAddress: "localhost:46501"
startupRole: FOLLOWER
,id: "s1"
address: "localhost:36635"
dataStreamAddress: "localhost:41297"
clientAddress: "localhost:39775"
adminAddress: "localhost:41981"
startupRole: FOLLOWER
,id: "s2"
address: "localhost:36969"
dataStreamAddress: "localhost:38077"
clientAddress: "localhost:40489"
adminAddress: "localhost:37929"
startupRole: FOLLOWER
, old:)]
2022-10-24 03:16:18,812 [s3-server-thread3] INFO  server.RaftServer$Division (RaftServerImpl.java:checkInconsistentAppendEntries(1589)) - s3@group-6912872F20E7: Failed appendEntries as the first entry (index 0) already exists (snapshotIndex: -1, commitIndex: 0)
2022-10-24 03:16:18,812 [s3-server-thread3] INFO  server.RaftServer$Division (RaftServerImpl.java:checkInconsistentAppendEntries(1569)) - s3@group-6912872F20E7: inconsistency entries. Reply:s1<-s3#83:FAIL-t2,INCONSISTENCY,nextIndex=1,followerCommit=0,matchIndex=-1
2022-10-24 03:16:18,814 [grpc-default-executor-15] INFO  leader.FollowerInfo (FollowerInfoImpl.java:lambda$new$0(48)) - s1@group-6912872F20E7->s3: nextIndex: updateUnconditionally 1 -> 0
2022-10-24 03:16:18,814 [grpc-default-executor-8] INFO  leader.FollowerInfo (FollowerInfoImpl.java:lambda$new$0(48)) - s1@group-6912872F20E7->s3: nextIndex: updateUnconditionally 0 -> 1
2022-10-24 03:16:18,815 [s3-server-thread3] INFO  server.RaftServer$Division (RaftServerImpl.java:checkInconsistentAppendEntries(1599)) - s3@group-6912872F20E7: Failed appendEntries as previous log entry ((t:2, i:0)) is not found
2022-10-24 03:16:18,815 [s3-server-thread3] INFO  server.RaftServer$Division (RaftServerImpl.java:checkInconsistentAppendEntries(1569)) - s3@group-6912872F20E7: inconsistency entries. Reply:s1<-s3#79:FAIL-t2,INCONSISTENCY,nextIndex=0,followerCommit=0,matchIndex=-1
2022-10-24 03:16:18,815 [grpc-default-executor-8] INFO  leader.FollowerInfo (FollowerInfoImpl.java:lambda$new$0(48)) - s1@group-6912872F20E7->s3: nextIndex: updateUnconditionally 1 -> 0
2022-10-24 03:16:18,816 [s3-server-thread3] DEBUG server.RaftServer$Division (RaftServerImpl.java:logAppendEntries(1418)) - s3@group-6912872F20E7: receive appendEntries(s1, 2, null, 0, true, commits:[s1:c0, s3:c0, s4:c0, s0:c0, s2:c0], cId:84, entries: [(t:2, i:0), CONFIGURATIONENTRY(current:id: "s3"
address: "localhost:39579"
dataStreamAddress: "localhost:46293"
clientAddress: "localhost:33409"
adminAddress: "localhost:42243"
startupRole: FOLLOWER
,id: "s4"
address: "localhost:45747"
dataStreamAddress: "localhost:42993"
clientAddress: "localhost:44435"
adminAddress: "localhost:35149"
startupRole: FOLLOWER
,id: "s0"
address: "localhost:36179"
dataStreamAddress: "localhost:33505"
clientAddress: "localhost:36175"
adminAddress: "localhost:46501"
startupRole: FOLLOWER
,id: "s1"
address: "localhost:36635"
dataStreamAddress: "localhost:41297"
clientAddress: "localhost:39775"
adminAddress: "localhost:41981"
startupRole: FOLLOWER
,id: "s2"
address: "localhost:36969"
dataStreamAddress: "localhost:38077"
clientAddress: "localhost:40489"
adminAddress: "localhost:37929"
startupRole: FOLLOWER
, old:)]
2022-10-24 03:16:18,816 [s3-server-thread3] INFO  server.RaftServer$Division (RaftServerImpl.java:checkInconsistentAppendEntries(1589)) - s3@group-6912872F20E7: Failed appendEntries as the first entry (index 0) already exists (snapshotIndex: -1, commitIndex: 0)
2022-10-24 03:16:18,816 [s3-server-thread3] INFO  server.RaftServer$Division (RaftServerImpl.java:checkInconsistentAppendEntries(1569)) - s3@group-6912872F20E7: inconsistency entries. Reply:s1<-s3#84:FAIL-t2,INCONSISTENCY,nextIndex=1,followerCommit=0,matchIndex=-1
2022-10-24 03:16:18,817 [grpc-default-executor-8] INFO  leader.FollowerInfo (FollowerInfoImpl.java:lambda$new$0(48)) - s1@group-6912872F20E7->s3: nextIndex: updateUnconditionally 1 -> 1
2022-10-24 03:16:18,817 [s3-server-thread3] DEBUG server.RaftServer$Division (RaftServerImpl.java:logAppendEntries(1418)) - s3@group-6912872F20E7: receive appendEntries(s1, 2, null, 0, true, commits:[s1:c0, s3:c0, s4:c0, s0:c0, s2:c0], cId:85, entries: [(t:2, i:0), CONFIGURATIONENTRY(current:id: "s3"
address: "localhost:39579"
dataStreamAddress: "localhost:46293"
clientAddress: "localhost:33409"
adminAddress: "localhost:42243"
startupRole: FOLLOWER
,id: "s4"
address: "localhost:45747"
dataStreamAddress: "localhost:42993"
clientAddress: "localhost:44435"
adminAddress: "localhost:35149"
startupRole: FOLLOWER
,id: "s0"
address: "localhost:36179"
dataStreamAddress: "localhost:33505"
clientAddress: "localhost:36175"
adminAddress: "localhost:46501"
startupRole: FOLLOWER
,id: "s1"
address: "localhost:36635"
dataStreamAddress: "localhost:41297"
clientAddress: "localhost:39775"
adminAddress: "localhost:41981"
startupRole: FOLLOWER
,id: "s2"
address: "localhost:36969"
dataStreamAddress: "localhost:38077"
clientAddress: "localhost:40489"
adminAddress: "localhost:37929"
startupRole: FOLLOWER
, old:)]
2022-10-24 03:16:18,818 [s3-server-thread3] INFO  server.RaftServer$Division (RaftServerImpl.java:checkInconsistentAppendEntries(1589)) - s3@group-6912872F20E7: Failed appendEntries as the first entry (index 0) already exists (snapshotIndex: -1, commitIndex: 0)
2022-10-24 03:16:18,818 [s3-server-thread3] INFO  server.RaftServer$Division (RaftServerImpl.java:checkInconsistentAppendEntries(1569)) - s3@group-6912872F20E7: inconsistency entries. Reply:s1<-s3#85:FAIL-t2,INCONSISTENCY,nextIndex=1,followerCommit=0,matchIndex=-1
2022-10-24 03:16:18,818 [grpc-default-executor-34] INFO  leader.FollowerInfo (FollowerInfoImpl.java:lambda$new$0(48)) - s1@group-6912872F20E7->s3: nextIndex: updateUnconditionally 1 -> 1
2022-10-24 03:16:18,894 [s3-server-thread3] INFO  server.RaftServer$Division (RaftServerImpl.java:checkInconsistentAppendEntries(1599)) - s3@group-6912872F20E7: Failed appendEntries as previous log entry ((t:2, i:0)) is not found
2022-10-24 03:16:18,894 [s3-server-thread3] INFO  server.RaftServer$Division (RaftServerImpl.java:checkInconsistentAppendEntries(1569)) - s3@group-6912872F20E7: inconsistency entries. Reply:s1<-s3#86:FAIL-t2,INCONSISTENCY,nextIndex=0,followerCommit=0,matchIndex=-1
2022-10-24 03:16:18,894 [grpc-default-executor-34] INFO  leader.FollowerInfo (FollowerInfoImpl.java:lambda$new$0(48)) - s1@group-6912872F20E7->s3: nextIndex: updateUnconditionally 1 -> 0
2022-10-24 03:16:18,895 [s3-server-thread3] DEBUG server.RaftServer$Division (RaftServerImpl.java:logAppendEntries(1418)) - s3@group-6912872F20E7: receive appendEntries(s1, 2, null, 0, true, commits:[s1:c0, s3:c0, s4:c0, s0:c0, s2:c0], cId:87, entries: [(t:2, i:0), CONFIGURATIONENTRY(current:id: "s3"
address: "localhost:39579"
dataStreamAddress: "localhost:46293"
clientAddress: "localhost:33409"
adminAddress: "localhost:42243"
startupRole: FOLLOWER
,id: "s4"
address: "localhost:45747"
dataStreamAddress: "localhost:42993"
clientAddress: "localhost:44435"
adminAddress: "localhost:35149"
startupRole: FOLLOWER
,id: "s0"
address: "localhost:36179"
dataStreamAddress: "localhost:33505"
clientAddress: "localhost:36175"
adminAddress: "localhost:46501"
startupRole: FOLLOWER
,id: "s1"
address: "localhost:36635"
dataStreamAddress: "localhost:41297"
clientAddress: "localhost:39775"
adminAddress: "localhost:41981"
startupRole: FOLLOWER
,id: "s2"
address: "localhost:36969"
dataStreamAddress: "localhost:38077"
clientAddress: "localhost:40489"
adminAddress: "localhost:37929"
startupRole: FOLLOWER
, old:)]
2022-10-24 03:16:18,895 [s3-server-thread3] INFO  server.RaftServer$Division (RaftServerImpl.java:checkInconsistentAppendEntries(1589)) - s3@group-6912872F20E7: Failed appendEntries as the first entry (index 0) already exists (snapshotIndex: -1, commitIndex: 0)
2022-10-24 03:16:18,895 [s3-server-thread3] INFO  server.RaftServer$Division (RaftServerImpl.java:checkInconsistentAppendEntries(1569)) - s3@group-6912872F20E7: inconsistency entries. Reply:s1<-s3#87:FAIL-t2,INCONSISTENCY,nextIndex=1,followerCommit=0,matchIndex=-1
2022-10-24 03:16:18,896 [grpc-default-executor-34] INFO  leader.FollowerInfo (FollowerInfoImpl.java:lambda$new$0(48)) - s1@group-6912872F20E7->s3: nextIndex: updateUnconditionally 1 -> 1
2022-10-24 03:16:18,973 [s3-server-thread3] INFO  server.RaftServer$Division (RaftServerImpl.java:checkInconsistentAppendEntries(1599)) - s3@group-6912872F20E7: Failed appendEntries as previous log entry ((t:2, i:0)) is not found
2022-10-24 03:16:18,973 [s3-server-thread3] INFO  server.RaftServer$Division (RaftServerImpl.java:checkInconsistentAppendEntries(1569)) - s3@group-6912872F20E7: inconsistency entries. Reply:s1<-s3#88:FAIL-t2,INCONSISTENCY,nextIndex=0,followerCommit=0,matchIndex=-1
2022-10-24 03:16:18,973 [grpc-default-executor-34] INFO  leader.FollowerInfo (FollowerInfoImpl.java:lambda$new$0(48)) - s1@group-6912872F20E7->s3: nextIndex: updateUnconditionally 1 -> 0
2022-10-24 03:16:18,974 [s3-server-thread3] DEBUG server.RaftServer$Division (RaftServerImpl.java:logAppendEntries(1418)) - s3@group-6912872F20E7: receive appendEntries(s1, 2, null, 0, true, commits:[s1:c0, s3:c0, s4:c0, s0:c0, s2:c0], cId:89, entries: [(t:2, i:0), CONFIGURATIONENTRY(current:id: "s3"
address: "localhost:39579"
dataStreamAddress: "localhost:46293"
clientAddress: "localhost:33409"
adminAddress: "localhost:42243"
startupRole: FOLLOWER
,id: "s4"
address: "localhost:45747"
dataStreamAddress: "localhost:42993"
clientAddress: "localhost:44435"
adminAddress: "localhost:35149"
startupRole: FOLLOWER
,id: "s0"
address: "localhost:36179"
dataStreamAddress: "localhost:33505"
clientAddress: "localhost:36175"
adminAddress: "localhost:46501"
startupRole: FOLLOWER
,id: "s1"
address: "localhost:36635"
dataStreamAddress: "localhost:41297"
clientAddress: "localhost:39775"
adminAddress: "localhost:41981"
startupRole: FOLLOWER
,id: "s2"
address: "localhost:36969"
dataStreamAddress: "localhost:38077"
clientAddress: "localhost:40489"
adminAddress: "localhost:37929"
startupRole: FOLLOWER
, old:)]
2022-10-24 03:16:18,975 [s3-server-thread3] INFO  server.RaftServer$Division (RaftServerImpl.java:checkInconsistentAppendEntries(1589)) - s3@group-6912872F20E7: Failed appendEntries as the first entry (index 0) already exists (snapshotIndex: -1, commitIndex: 0)
2022-10-24 03:16:18,975 [s3-server-thread3] INFO  server.RaftServer$Division (RaftServerImpl.java:checkInconsistentAppendEntries(1569)) - s3@group-6912872F20E7: inconsistency entries. Reply:s1<-s3#89:FAIL-t2,INCONSISTENCY,nextIndex=1,followerCommit=0,matchIndex=-1
2022-10-24 03:16:18,975 [grpc-default-executor-34] INFO  leader.FollowerInfo (FollowerInfoImpl.java:lambda$new$0(48)) - s1@group-6912872F20E7->s3: nextIndex: updateUnconditionally 1 -> 1
2022-10-24 03:16:19,052 [s3-server-thread3] INFO  server.RaftServer$Division (RaftServerImpl.java:checkInconsistentAppendEntries(1599)) - s3@group-6912872F20E7: Failed appendEntries as previous log entry ((t:2, i:0)) is not found
2022-10-24 03:16:19,052 [s3-server-thread3] INFO  server.RaftServer$Division (RaftServerImpl.java:checkInconsistentAppendEntries(1569)) - s3@group-6912872F20E7: inconsistency entries. Reply:s1<-s3#90:FAIL-t2,INCONSISTENCY,nextIndex=0,followerCommit=0,matchIndex=-1
2022-10-24 03:16:19,053 [grpc-default-executor-8] INFO  leader.FollowerInfo (FollowerInfoImpl.java:lambda$new$0(48)) - s1@group-6912872F20E7->s3: nextIndex: updateUnconditionally 1 -> 0
2022-10-24 03:16:19,055 [s3-server-thread3] DEBUG server.RaftServer$Division (RaftServerImpl.java:logAppendEntries(1418)) - s3@group-6912872F20E7: receive appendEntries(s1, 2, null, 0, true, commits:[s1:c0, s3:c0, s4:c0, s0:c0, s2:c0], cId:91, entries: [(t:2, i:0), CONFIGURATIONENTRY(current:id: "s3"
address: "localhost:39579"
dataStreamAddress: "localhost:46293"
clientAddress: "localhost:33409"
adminAddress: "localhost:42243"
startupRole: FOLLOWER
,id: "s4"
address: "localhost:45747"
dataStreamAddress: "localhost:42993"
clientAddress: "localhost:44435"
adminAddress: "localhost:35149"
startupRole: FOLLOWER
,id: "s0"
address: "localhost:36179"
dataStreamAddress: "localhost:33505"
clientAddress: "localhost:36175"
adminAddress: "localhost:46501"
startupRole: FOLLOWER
,id: "s1"
address: "localhost:36635"
dataStreamAddress: "localhost:41297"
clientAddress: "localhost:39775"
adminAddress: "localhost:41981"
startupRole: FOLLOWER
,id: "s2"
address: "localhost:36969"
dataStreamAddress: "localhost:38077"
clientAddress: "localhost:40489"
adminAddress: "localhost:37929"
startupRole: FOLLOWER
, old:)]
2022-10-24 03:16:19,055 [s3-server-thread3] INFO  server.RaftServer$Division (RaftServerImpl.java:checkInconsistentAppendEntries(1589)) - s3@group-6912872F20E7: Failed appendEntries as the first entry (index 0) already exists (snapshotIndex: -1, commitIndex: 0)
2022-10-24 03:16:19,055 [s3-server-thread3] INFO  server.RaftServer$Division (RaftServerImpl.java:checkInconsistentAppendEntries(1569)) - s3@group-6912872F20E7: inconsistency entries. Reply:s1<-s3#91:FAIL-t2,INCONSISTENCY,nextIndex=1,followerCommit=0,matchIndex=-1
2022-10-24 03:16:19,056 [grpc-default-executor-8] INFO  leader.FollowerInfo (FollowerInfoImpl.java:lambda$new$0(48)) - s1@group-6912872F20E7->s3: nextIndex: updateUnconditionally 1 -> 1
2022-10-24 03:16:19,131 [s3-server-thread3] INFO  server.RaftServer$Division (RaftServerImpl.java:checkInconsistentAppendEntries(1599)) - s3@group-6912872F20E7: Failed appendEntries as previous log entry ((t:2, i:0)) is not found
2022-10-24 03:16:19,131 [s3-server-thread3] INFO  server.RaftServer$Division (RaftServerImpl.java:checkInconsistentAppendEntries(1569)) - s3@group-6912872F20E7: inconsistency entries. Reply:s1<-s3#92:FAIL-t2,INCONSISTENCY,nextIndex=0,followerCommit=0,matchIndex=-1
2022-10-24 03:16:19,132 [grpc-default-executor-34] INFO  leader.FollowerInfo (FollowerInfoImpl.java:lambda$new$0(48)) - s1@group-6912872F20E7->s3: nextIndex: updateUnconditionally 1 -> 0
2022-10-24 03:16:19,133 [s3-server-thread3] DEBUG server.RaftServer$Division (RaftServerImpl.java:logAppendEntries(1418)) - s3@group-6912872F20E7: receive appendEntries(s1, 2, null, 0, true, commits:[s1:c0, s3:c0, s4:c0, s0:c0, s2:c0], cId:93, entries: [(t:2, i:0), CONFIGURATIONENTRY(current:id: "s3"
address: "localhost:39579"
dataStreamAddress: "localhost:46293"
clientAddress: "localhost:33409"
adminAddress: "localhost:42243"
startupRole: FOLLOWER
,id: "s4"
address: "localhost:45747"
dataStreamAddress: "localhost:42993"
clientAddress: "localhost:44435"
adminAddress: "localhost:35149"
startupRole: FOLLOWER
,id: "s0"
address: "localhost:36179"
dataStreamAddress: "localhost:33505"
clientAddress: "localhost:36175"
adminAddress: "localhost:46501"
startupRole: FOLLOWER
,id: "s1"
address: "localhost:36635"
dataStreamAddress: "localhost:41297"
clientAddress: "localhost:39775"
adminAddress: "localhost:41981"
startupRole: FOLLOWER
,id: "s2"
address: "localhost:36969"
dataStreamAddress: "localhost:38077"
clientAddress: "localhost:40489"
adminAddress: "localhost:37929"
startupRole: FOLLOWER
, old:)]
2022-10-24 03:16:19,133 [s3-server-thread3] INFO  server.RaftServer$Division (RaftServerImpl.java:checkInconsistentAppendEntries(1589)) - s3@group-6912872F20E7: Failed appendEntries as the first entry (index 0) already exists (snapshotIndex: -1, commitIndex: 0)
2022-10-24 03:16:19,133 [s3-server-thread3] INFO  server.RaftServer$Division (RaftServerImpl.java:checkInconsistentAppendEntries(1569)) - s3@group-6912872F20E7: inconsistency entries. Reply:s1<-s3#93:FAIL-t2,INCONSISTENCY,nextIndex=1,followerCommit=0,matchIndex=-1
2022-10-24 03:16:19,133 [grpc-default-executor-34] INFO  leader.FollowerInfo (FollowerInfoImpl.java:lambda$new$0(48)) - s1@group-6912872F20E7->s3: nextIndex: updateUnconditionally 1 -> 1
2022-10-24 03:16:19,210 [s3-server-thread3] INFO  server.RaftServer$Division (RaftServerImpl.java:checkInconsistentAppendEntries(1599)) - s3@group-6912872F20E7: Failed appendEntries as previous log entry ((t:2, i:0)) is not found
2022-10-24 03:16:19,210 [s3-server-thread3] INFO  server.RaftServer$Division (RaftServerImpl.java:checkInconsistentAppendEntries(1569)) - s3@group-6912872F20E7: inconsistency entries. Reply:s1<-s3#94:FAIL-t2,INCONSISTENCY,nextIndex=0,followerCommit=0,matchIndex=-1
2022-10-24 03:16:19,211 [grpc-default-executor-34] INFO  leader.FollowerInfo (FollowerInfoImpl.java:lambda$new$0(48)) - s1@group-6912872F20E7->s3: nextIndex: updateUnconditionally 1 -> 0
2022-10-24 03:16:19,212 [s3-server-thread3] DEBUG server.RaftServer$Division (RaftServerImpl.java:logAppendEntries(1418)) - s3@group-6912872F20E7: receive appendEntries(s1, 2, null, 0, true, commits:[s1:c0, s3:c0, s4:c0, s0:c0, s2:c0], cId:95, entries: [(t:2, i:0), CONFIGURATIONENTRY(current:id: "s3"
address: "localhost:39579"
dataStreamAddress: "localhost:46293"
clientAddress: "localhost:33409"
adminAddress: "localhost:42243"
startupRole: FOLLOWER
,id: "s4"
address: "localhost:45747"
dataStreamAddress: "localhost:42993"
clientAddress: "localhost:44435"
adminAddress: "localhost:35149"
startupRole: FOLLOWER
,id: "s0"
address: "localhost:36179"
dataStreamAddress: "localhost:33505"
clientAddress: "localhost:36175"
adminAddress: "localhost:46501"
startupRole: FOLLOWER
,id: "s1"
address: "localhost:36635"
dataStreamAddress: "localhost:41297"
clientAddress: "localhost:39775"
adminAddress: "localhost:41981"
startupRole: FOLLOWER
,id: "s2"
address: "localhost:36969"
dataStreamAddress: "localhost:38077"
clientAddress: "localhost:40489"
adminAddress: "localhost:37929"
startupRole: FOLLOWER
, old:)]
2022-10-24 03:16:19,212 [s3-server-thread3] INFO  server.RaftServer$Division (RaftServerImpl.java:checkInconsistentAppendEntries(1589)) - s3@group-6912872F20E7: Failed appendEntries as the first entry (index 0) already exists (snapshotIndex: -1, commitIndex: 0)
2022-10-24 03:16:19,212 [s3-server-thread3] INFO  server.RaftServer$Division (RaftServerImpl.java:checkInconsistentAppendEntries(1569)) - s3@group-6912872F20E7: inconsistency entries. Reply:s1<-s3#95:FAIL-t2,INCONSISTENCY,nextIndex=1,followerCommit=0,matchIndex=-1
2022-10-24 03:16:19,213 [grpc-default-executor-34] INFO  leader.FollowerInfo (FollowerInfoImpl.java:lambda$new$0(48)) - s1@group-6912872F20E7->s3: nextIndex: updateUnconditionally 1 -> 1
2022-10-24 03:16:19,289 [s3-server-thread3] INFO  server.RaftServer$Division (RaftServerImpl.java:checkInconsistentAppendEntries(1599)) - s3@group-6912872F20E7: Failed appendEntries as previous log entry ((t:2, i:0)) is not found
2022-10-24 03:16:19,289 [s3-server-thread3] INFO  server.RaftServer$Division (RaftServerImpl.java:checkInconsistentAppendEntries(1569)) - s3@group-6912872F20E7: inconsistency entries. Reply:s1<-s3#96:FAIL-t2,INCONSISTENCY,nextIndex=0,followerCommit=0,matchIndex=-1
2022-10-24 03:16:19,289 [grpc-default-executor-34] INFO  leader.FollowerInfo (FollowerInfoImpl.java:lambda$new$0(48)) - s1@group-6912872F20E7->s3: nextIndex: updateUnconditionally 1 -> 0
2022-10-24 03:16:19,290 [s3-server-thread3] DEBUG server.RaftServer$Division (RaftServerImpl.java:logAppendEntries(1418)) - s3@group-6912872F20E7: receive appendEntries(s1, 2, null, 0, true, commits:[s1:c0, s3:c0, s4:c0, s0:c0, s2:c0], cId:97, entries: [(t:2, i:0), CONFIGURATIONENTRY(current:id: "s3"
address: "localhost:39579"
dataStreamAddress: "localhost:46293"
clientAddress: "localhost:33409"
adminAddress: "localhost:42243"
startupRole: FOLLOWER
,id: "s4"
address: "localhost:45747"
dataStreamAddress: "localhost:42993"
clientAddress: "localhost:44435"
adminAddress: "localhost:35149"
startupRole: FOLLOWER
,id: "s0"
address: "localhost:36179"
dataStreamAddress: "localhost:33505"
clientAddress: "localhost:36175"
adminAddress: "localhost:46501"
startupRole: FOLLOWER
,id: "s1"
address: "localhost:36635"
dataStreamAddress: "localhost:41297"
clientAddress: "localhost:39775"
adminAddress: "localhost:41981"
startupRole: FOLLOWER
,id: "s2"
address: "localhost:36969"
dataStreamAddress: "localhost:38077"
clientAddress: "localhost:40489"
adminAddress: "localhost:37929"
startupRole: FOLLOWER
, old:)]
2022-10-24 03:16:19,290 [s3-server-thread3] INFO  server.RaftServer$Division (RaftServerImpl.java:checkInconsistentAppendEntries(1589)) - s3@group-6912872F20E7: Failed appendEntries as the first entry (index 0) already exists (snapshotIndex: -1, commitIndex: 0)
2022-10-24 03:16:19,291 [s3-server-thread3] INFO  server.RaftServer$Division (RaftServerImpl.java:checkInconsistentAppendEntries(1569)) - s3@group-6912872F20E7: inconsistency entries. Reply:s1<-s3#97:FAIL-t2,INCONSISTENCY,nextIndex=1,followerCommit=0,matchIndex=-1
2022-10-24 03:16:19,291 [grpc-default-executor-34] INFO  leader.FollowerInfo (FollowerInfoImpl.java:lambda$new$0(48)) - s1@group-6912872F20E7->s3: nextIndex: updateUnconditionally 1 -> 1
2022-10-24 03:16:19,368 [s3-server-thread3] INFO  server.RaftServer$Division (RaftServerImpl.java:checkInconsistentAppendEntries(1599)) - s3@group-6912872F20E7: Failed appendEntries as previous log entry ((t:2, i:0)) is not found
2022-10-24 03:16:19,368 [s3-server-thread3] INFO  server.RaftServer$Division (RaftServerImpl.java:checkInconsistentAppendEntries(1569)) - s3@group-6912872F20E7: inconsistency entries. Reply:s1<-s3#98:FAIL-t2,INCONSISTENCY,nextIndex=0,followerCommit=0,matchIndex=-1
2022-10-24 03:16:19,369 [grpc-default-executor-34] INFO  leader.FollowerInfo (FollowerInfoImpl.java:lambda$new$0(48)) - s1@group-6912872F20E7->s3: nextIndex: updateUnconditionally 1 -> 0
2022-10-24 03:16:19,370 [s3-server-thread3] DEBUG server.RaftServer$Division (RaftServerImpl.java:logAppendEntries(1418)) - s3@group-6912872F20E7: receive appendEntries(s1, 2, null, 0, true, commits:[s1:c0, s3:c0, s4:c0, s0:c0, s2:c0], cId:99, entries: [(t:2, i:0), CONFIGURATIONENTRY(current:id: "s3"
address: "localhost:39579"
dataStreamAddress: "localhost:46293"
clientAddress: "localhost:33409"
adminAddress: "localhost:42243"
startupRole: FOLLOWER
,id: "s4"
address: "localhost:45747"
dataStreamAddress: "localhost:42993"
clientAddress: "localhost:44435"
adminAddress: "localhost:35149"
startupRole: FOLLOWER
,id: "s0"
address: "localhost:36179"
dataStreamAddress: "localhost:33505"
clientAddress: "localhost:36175"
adminAddress: "localhost:46501"
startupRole: FOLLOWER
,id: "s1"
address: "localhost:36635"
dataStreamAddress: "localhost:41297"
clientAddress: "localhost:39775"
adminAddress: "localhost:41981"
startupRole: FOLLOWER
,id: "s2"
address: "localhost:36969"
dataStreamAddress: "localhost:38077"
clientAddress: "localhost:40489"
adminAddress: "localhost:37929"
startupRole: FOLLOWER
, old:)]
2022-10-24 03:16:19,370 [s3-server-thread3] INFO  server.RaftServer$Division (RaftServerImpl.java:checkInconsistentAppendEntries(1589)) - s3@group-6912872F20E7: Failed appendEntries as the first entry (index 0) already exists (snapshotIndex: -1, commitIndex: 0)
2022-10-24 03:16:19,370 [s3-server-thread3] INFO  server.RaftServer$Division (RaftServerImpl.java:checkInconsistentAppendEntries(1569)) - s3@group-6912872F20E7: inconsistency entries. Reply:s1<-s3#99:FAIL-t2,INCONSISTENCY,nextIndex=1,followerCommit=0,matchIndex=-1
2022-10-24 03:16:19,371 [grpc-default-executor-34] INFO  leader.FollowerInfo (FollowerInfoImpl.java:lambda$new$0(48)) - s1@group-6912872F20E7->s3: nextIndex: updateUnconditionally 1 -> 1
2022-10-24 03:16:19,447 [s3-server-thread3] INFO  server.RaftServer$Division (RaftServerImpl.java:checkInconsistentAppendEntries(1599)) - s3@group-6912872F20E7: Failed appendEntries as previous log entry ((t:2, i:0)) is not found
2022-10-24 03:16:19,447 [s3-server-thread3] INFO  server.RaftServer$Division (RaftServerImpl.java:checkInconsistentAppendEntries(1569)) - s3@group-6912872F20E7: inconsistency entries. Reply:s1<-s3#100:FAIL-t2,INCONSISTENCY,nextIndex=0,followerCommit=0,matchIndex=-1
2022-10-24 03:16:19,448 [grpc-default-executor-8] INFO  leader.FollowerInfo (FollowerInfoImpl.java:lambda$new$0(48)) - s1@group-6912872F20E7->s3: nextIndex: updateUnconditionally 1 -> 0
2022-10-24 03:16:19,449 [s3-server-thread3] DEBUG server.RaftServer$Division (RaftServerImpl.java:logAppendEntries(1418)) - s3@group-6912872F20E7: receive appendEntries(s1, 2, null, 0, true, commits:[s1:c0, s3:c0, s4:c0, s0:c0, s2:c0], cId:101, entries: [(t:2, i:0), CONFIGURATIONENTRY(current:id: "s3"
address: "localhost:39579"
dataStreamAddress: "localhost:46293"
clientAddress: "localhost:33409"
adminAddress: "localhost:42243"
startupRole: FOLLOWER
,id: "s4"
address: "localhost:45747"
dataStreamAddress: "localhost:42993"
clientAddress: "localhost:44435"
adminAddress: "localhost:35149"
startupRole: FOLLOWER
,id: "s0"
address: "localhost:36179"
dataStreamAddress: "localhost:33505"
clientAddress: "localhost:36175"
adminAddress: "localhost:46501"
startupRole: FOLLOWER
,id: "s1"
address: "localhost:36635"
dataStreamAddress: "localhost:41297"
clientAddress: "localhost:39775"
adminAddress: "localhost:41981"
startupRole: FOLLOWER
,id: "s2"
address: "localhost:36969"
dataStreamAddress: "localhost:38077"
clientAddress: "localhost:40489"
adminAddress: "localhost:37929"
startupRole: FOLLOWER
, old:)]
2022-10-24 03:16:19,449 [s3-server-thread3] INFO  server.RaftServer$Division (RaftServerImpl.java:checkInconsistentAppendEntries(1589)) - s3@group-6912872F20E7: Failed appendEntries as the first entry (index 0) already exists (snapshotIndex: -1, commitIndex: 0)
2022-10-24 03:16:19,449 [s3-server-thread3] INFO  server.RaftServer$Division (RaftServerImpl.java:checkInconsistentAppendEntries(1569)) - s3@group-6912872F20E7: inconsistency entries. Reply:s1<-s3#101:FAIL-t2,INCONSISTENCY,nextIndex=1,followerCommit=0,matchIndex=-1
2022-10-24 03:16:19,449 [grpc-default-executor-8] INFO  leader.FollowerInfo (FollowerInfoImpl.java:lambda$new$0(48)) - s1@group-6912872F20E7->s3: nextIndex: updateUnconditionally 1 -> 1
2022-10-24 03:16:19,494 [Time-limited test] INFO  grpc.TestLeaderElectionWithGrpc (LeaderElectionTests.java:enforceLeader(292)) - try enforcing leader to s3 but new leader is s1
2022-10-24 03:16:19,495 [Time-limited test] INFO  server.RaftServerConfigKeys (ConfUtils.java:logGet(46)) - raft.server.rpc.timeout.max = 300ms (default)
2022-10-24 03:16:19,525 [s1@group-6912872F20E7->s3-GrpcLogAppender-LogAppenderDaemon] INFO  util.CodeInjectionForTesting (DelayLocalExecutionInjection.java:execute(65)) - s1 delay 150 ms, args=[serverRequest {
  requestorId: "s1"
  replyId: "s3"
  raftGroupId {
    id: "\226\001\321s\341\rE_\235\364i\022\207/ \347"
  }
  callId: 102
  slidingWindowEntry {
  }
}
leaderTerm: 2
previousLog {
  term: 2
}
initializing: true
commitInfos {
  server {
    id: "s1"
    address: "localhost:36635"
    dataStreamAddress: "localhost:41297"
    clientAddress: "localhost:39775"
    adminAddress: "localhost:41981"
    startupRole: FOLLOWER
  }
}
commitInfos {
  server {
    id: "s3"
    address: "localhost:39579"
    dataStreamAddress: "localhost:46293"
    clientAddress: "localhost:33409"
    adminAddress: "localhost:42243"
    startupRole: FOLLOWER
  }
}
commitInfos {
  server {
    id: "s4"
    address: "localhost:45747"
    dataStreamAddress: "localhost:42993"
    clientAddress: "localhost:44435"
    adminAddress: "localhost:35149"
    startupRole: FOLLOWER
  }
}
commitInfos {
  server {
    id: "s0"
    address: "localhost:36179"
    dataStreamAddress: "localhost:33505"
    clientAddress: "localhost:36175"
    adminAddress: "localhost:46501"
    startupRole: FOLLOWER
  }
}
commitInfos {
  server {
    id: "s2"
    address: "localhost:36969"
    dataStreamAddress: "localhost:38077"
    clientAddress: "localhost:40489"
    adminAddress: "localhost:37929"
    startupRole: FOLLOWER
  }
}
]
2022-10-24 03:16:19,548 [s1@group-6912872F20E7->s2-GrpcLogAppender-LogAppenderDaemon] INFO  util.CodeInjectionForTesting (DelayLocalExecutionInjection.java:execute(65)) - s1 delay 150 ms, args=[serverRequest {
  requestorId: "s1"
  replyId: "s2"
  raftGroupId {
    id: "\226\001\321s\341\rE_\235\364i\022\207/ \347"
  }
  callId: 51
  slidingWindowEntry {
  }
}
leaderTerm: 2
previousLog {
  term: 2
}
initializing: true
commitInfos {
  server {
    id: "s1"
    address: "localhost:36635"
    dataStreamAddress: "localhost:41297"
    clientAddress: "localhost:39775"
    adminAddress: "localhost:41981"
    startupRole: FOLLOWER
  }
}
commitInfos {
  server {
    id: "s3"
    address: "localhost:39579"
    dataStreamAddress: "localhost:46293"
    clientAddress: "localhost:33409"
    adminAddress: "localhost:42243"
    startupRole: FOLLOWER
  }
}
commitInfos {
  server {
    id: "s4"
    address: "localhost:45747"
    dataStreamAddress: "localhost:42993"
    clientAddress: "localhost:44435"
    adminAddress: "localhost:35149"
    startupRole: FOLLOWER
  }
}
commitInfos {
  server {
    id: "s0"
    address: "localhost:36179"
    dataStreamAddress: "localhost:33505"
    clientAddress: "localhost:36175"
    adminAddress: "localhost:46501"
    startupRole: FOLLOWER
  }
}
commitInfos {
  server {
    id: "s2"
    address: "localhost:36969"
    dataStreamAddress: "localhost:38077"
    clientAddress: "localhost:40489"
    adminAddress: "localhost:37929"
    startupRole: FOLLOWER
  }
}
]
2022-10-24 03:16:19,550 [s1@group-6912872F20E7->s4-GrpcLogAppender-LogAppenderDaemon] INFO  util.CodeInjectionForTesting (DelayLocalExecutionInjection.java:execute(65)) - s1 delay 150 ms, args=[serverRequest {
  requestorId: "s1"
  replyId: "s4"
  raftGroupId {
    id: "\226\001\321s\341\rE_\235\364i\022\207/ \347"
  }
  callId: 51
  slidingWindowEntry {
  }
}
leaderTerm: 2
previousLog {
  term: 2
}
initializing: true
commitInfos {
  server {
    id: "s1"
    address: "localhost:36635"
    dataStreamAddress: "localhost:41297"
    clientAddress: "localhost:39775"
    adminAddress: "localhost:41981"
    startupRole: FOLLOWER
  }
}
commitInfos {
  server {
    id: "s3"
    address: "localhost:39579"
    dataStreamAddress: "localhost:46293"
    clientAddress: "localhost:33409"
    adminAddress: "localhost:42243"
    startupRole: FOLLOWER
  }
}
commitInfos {
  server {
    id: "s4"
    address: "localhost:45747"
    dataStreamAddress: "localhost:42993"
    clientAddress: "localhost:44435"
    adminAddress: "localhost:35149"
    startupRole: FOLLOWER
  }
}
commitInfos {
  server {
    id: "s0"
    address: "localhost:36179"
    dataStreamAddress: "localhost:33505"
    clientAddress: "localhost:36175"
    adminAddress: "localhost:46501"
    startupRole: FOLLOWER
  }
}
commitInfos {
  server {
    id: "s2"
    address: "localhost:36969"
    dataStreamAddress: "localhost:38077"
    clientAddress: "localhost:40489"
    adminAddress: "localhost:37929"
    startupRole: FOLLOWER
  }
}
]
2022-10-24 03:16:19,550 [s1@group-6912872F20E7->s0-GrpcLogAppender-LogAppenderDaemon] INFO  util.CodeInjectionForTesting (DelayLocalExecutionInjection.java:execute(65)) - s1 delay 150 ms, args=[serverRequest {
  requestorId: "s1"
  replyId: "s0"
  raftGroupId {
    id: "\226\001\321s\341\rE_\235\364i\022\207/ \347"
  }
  callId: 52
  slidingWindowEntry {
  }
}
leaderTerm: 2
previousLog {
  term: 2
}
initializing: true
commitInfos {
  server {
    id: "s1"
    address: "localhost:36635"
    dataStreamAddress: "localhost:41297"
    clientAddress: "localhost:39775"
    adminAddress: "localhost:41981"
    startupRole: FOLLOWER
  }
}
commitInfos {
  server {
    id: "s3"
    address: "localhost:39579"
    dataStreamAddress: "localhost:46293"
    clientAddress: "localhost:33409"
    adminAddress: "localhost:42243"
    startupRole: FOLLOWER
  }
}
commitInfos {
  server {
    id: "s4"
    address: "localhost:45747"
    dataStreamAddress: "localhost:42993"
    clientAddress: "localhost:44435"
    adminAddress: "localhost:35149"
    startupRole: FOLLOWER
  }
}
commitInfos {
  server {
    id: "s0"
    address: "localhost:36179"
    dataStreamAddress: "localhost:33505"
    clientAddress: "localhost:36175"
    adminAddress: "localhost:46501"
    startupRole: FOLLOWER
  }
}
commitInfos {
  server {
    id: "s2"
    address: "localhost:36969"
    dataStreamAddress: "localhost:38077"
    clientAddress: "localhost:40489"
    adminAddress: "localhost:37929"
    startupRole: FOLLOWER
  }
}
]
2022-10-24 03:16:19,676 [s3-server-thread3] INFO  util.CodeInjectionForTesting (BlockRequestHandlingInjection.java:execute(77)) - s3: Block request from s1
2022-10-24 03:16:19,704 [s3@group-6912872F20E7-FollowerState] INFO  impl.FollowerState (FollowerState.java:run(143)) - s3@group-6912872F20E7-FollowerState: change to CANDIDATE, lastRpcElapsedTime:254788469ns, electionTimeout:198ms
2022-10-24 03:16:19,704 [s3@group-6912872F20E7-FollowerState] INFO  impl.RoleInfo (RoleInfo.java:shutdownFollowerState(110)) - s3: shutdown s3@group-6912872F20E7-FollowerState
2022-10-24 03:16:19,704 [s3@group-6912872F20E7-FollowerState] INFO  server.RaftServer$Division (RaftServerImpl.java:setRole(325)) - s3@group-6912872F20E7: changes role from  FOLLOWER to CANDIDATE at term 2 for changeToCandidate
2022-10-24 03:16:19,704 [s3@group-6912872F20E7-FollowerState] INFO  server.RaftServerConfigKeys (ConfUtils.java:logGet(46)) - raft.server.leaderelection.pre-vote = true (default)
2022-10-24 03:16:19,704 [s3@group-6912872F20E7-FollowerState] INFO  impl.RoleInfo (RoleInfo.java:updateAndGet(139)) - s3: start s3@group-6912872F20E7-LeaderElection19
2022-10-24 03:16:19,705 [s3@group-6912872F20E7-LeaderElection19] INFO  server.RaftServer$Division (ServerState.java:setLeader(259)) - s3@group-6912872F20E7: change Leader from s1 to null at term 2 for PRE_VOTE
2022-10-24 03:16:19,705 [s3@group-6912872F20E7-LeaderElection19] INFO  impl.LeaderElection (LeaderElection.java:askForVotes(309)) - s3@group-6912872F20E7-LeaderElection19 PRE_VOTE round 0: submit vote requests at term 2 for 0: peers:[s3|rpc:localhost:39579|admin:localhost:42243|client:localhost:33409|dataStream:localhost:46293|priority:0|startupRole:FOLLOWER, s4|rpc:localhost:45747|admin:localhost:35149|client:localhost:44435|dataStream:localhost:42993|priority:0|startupRole:FOLLOWER, s0|rpc:localhost:36179|admin:localhost:46501|client:localhost:36175|dataStream:localhost:33505|priority:0|startupRole:FOLLOWER, s1|rpc:localhost:36635|admin:localhost:41981|client:localhost:39775|dataStream:localhost:41297|priority:0|startupRole:FOLLOWER, s2|rpc:localhost:36969|admin:localhost:37929|client:localhost:40489|dataStream:localhost:38077|priority:0|startupRole:FOLLOWER]|listeners:[], old=null
2022-10-24 03:16:19,707 [grpc-default-executor-25] INFO  server.RaftServer$Division (RaftServerImpl.java:requestVote(1291)) - s0@group-6912872F20E7: receive requestVote(PRE_VOTE, s3, group-6912872F20E7, 2, (t:1, i:0))
2022-10-24 03:16:19,707 [grpc-default-executor-25] INFO  impl.VoteContext (VoteContext.java:log(49)) - s0@group-6912872F20E7-FOLLOWER: reject PRE_VOTE from s3: this server is a follower and still has a valid leader s1
2022-10-24 03:16:19,708 [grpc-default-executor-25] INFO  server.RaftServer$Division (RaftServerImpl.java:requestVote(1324)) - s0@group-6912872F20E7 replies to PRE_VOTE vote request: s3<-s0#0:FAIL-t2. Peer's state: s0@group-6912872F20E7:t2, leader=s1, voted=s1, raftlog=Memoized:s0@group-6912872F20E7-SegmentedRaftLog:OPENED:c0, conf=0: peers:[s3|rpc:localhost:39579|admin:localhost:42243|client:localhost:33409|dataStream:localhost:46293|priority:0|startupRole:FOLLOWER, s4|rpc:localhost:45747|admin:localhost:35149|client:localhost:44435|dataStream:localhost:42993|priority:0|startupRole:FOLLOWER, s0|rpc:localhost:36179|admin:localhost:46501|client:localhost:36175|dataStream:localhost:33505|priority:0|startupRole:FOLLOWER, s1|rpc:localhost:36635|admin:localhost:41981|client:localhost:39775|dataStream:localhost:41297|priority:0|startupRole:FOLLOWER, s2|rpc:localhost:36969|admin:localhost:37929|client:localhost:40489|dataStream:localhost:38077|priority:0|startupRole:FOLLOWER]|listeners:[], old=null
2022-10-24 03:16:19,708 [grpc-default-executor-8] INFO  server.RaftServer$Division (RaftServerImpl.java:requestVote(1291)) - s4@group-6912872F20E7: receive requestVote(PRE_VOTE, s3, group-6912872F20E7, 2, (t:1, i:0))
2022-10-24 03:16:19,708 [grpc-default-executor-8] INFO  impl.VoteContext (VoteContext.java:log(49)) - s4@group-6912872F20E7-FOLLOWER: reject PRE_VOTE from s3: this server is a follower and still has a valid leader s1
2022-10-24 03:16:19,708 [grpc-default-executor-8] INFO  server.RaftServer$Division (RaftServerImpl.java:requestVote(1324)) - s4@group-6912872F20E7 replies to PRE_VOTE vote request: s3<-s4#0:FAIL-t2. Peer's state: s4@group-6912872F20E7:t2, leader=s1, voted=s1, raftlog=Memoized:s4@group-6912872F20E7-SegmentedRaftLog:OPENED:c0, conf=0: peers:[s3|rpc:localhost:39579|admin:localhost:42243|client:localhost:33409|dataStream:localhost:46293|priority:0|startupRole:FOLLOWER, s4|rpc:localhost:45747|admin:localhost:35149|client:localhost:44435|dataStream:localhost:42993|priority:0|startupRole:FOLLOWER, s0|rpc:localhost:36179|admin:localhost:46501|client:localhost:36175|dataStream:localhost:33505|priority:0|startupRole:FOLLOWER, s1|rpc:localhost:36635|admin:localhost:41981|client:localhost:39775|dataStream:localhost:41297|priority:0|startupRole:FOLLOWER, s2|rpc:localhost:36969|admin:localhost:37929|client:localhost:40489|dataStream:localhost:38077|priority:0|startupRole:FOLLOWER]|listeners:[], old=null
2022-10-24 03:16:19,708 [grpc-default-executor-15] INFO  server.RaftServer$Division (RaftServerImpl.java:requestVote(1291)) - s1@group-6912872F20E7: receive requestVote(PRE_VOTE, s3, group-6912872F20E7, 2, (t:1, i:0))
2022-10-24 03:16:19,708 [grpc-default-executor-15] INFO  impl.VoteContext (VoteContext.java:log(49)) - s1@group-6912872F20E7-LEADER: reject PRE_VOTE from s3: this server is the leader and still has leadership
2022-10-24 03:16:19,708 [grpc-default-executor-15] INFO  server.RaftServer$Division (RaftServerImpl.java:requestVote(1324)) - s1@group-6912872F20E7 replies to PRE_VOTE vote request: s3<-s1#0:FAIL-t2. Peer's state: s1@group-6912872F20E7:t2, leader=s1, voted=s1, raftlog=Memoized:s1@group-6912872F20E7-SegmentedRaftLog:OPENED:c0, conf=0: peers:[s3|rpc:localhost:39579|admin:localhost:42243|client:localhost:33409|dataStream:localhost:46293|priority:0|startupRole:FOLLOWER, s4|rpc:localhost:45747|admin:localhost:35149|client:localhost:44435|dataStream:localhost:42993|priority:0|startupRole:FOLLOWER, s0|rpc:localhost:36179|admin:localhost:46501|client:localhost:36175|dataStream:localhost:33505|priority:0|startupRole:FOLLOWER, s1|rpc:localhost:36635|admin:localhost:41981|client:localhost:39775|dataStream:localhost:41297|priority:0|startupRole:FOLLOWER, s2|rpc:localhost:36969|admin:localhost:37929|client:localhost:40489|dataStream:localhost:38077|priority:0|startupRole:FOLLOWER]|listeners:[], old=null
2022-10-24 03:16:19,709 [grpc-default-executor-15] INFO  server.RaftServer$Division (RaftServerImpl.java:requestVote(1291)) - s2@group-6912872F20E7: receive requestVote(PRE_VOTE, s3, group-6912872F20E7, 2, (t:1, i:0))
2022-10-24 03:16:19,709 [grpc-default-executor-15] INFO  impl.VoteContext (VoteContext.java:log(49)) - s2@group-6912872F20E7-FOLLOWER: reject PRE_VOTE from s3: this server is a follower and still has a valid leader s1
2022-10-24 03:16:19,709 [grpc-default-executor-15] INFO  server.RaftServer$Division (RaftServerImpl.java:requestVote(1324)) - s2@group-6912872F20E7 replies to PRE_VOTE vote request: s3<-s2#0:FAIL-t2. Peer's state: s2@group-6912872F20E7:t2, leader=s1, voted=s1, raftlog=Memoized:s2@group-6912872F20E7-SegmentedRaftLog:OPENED:c0, conf=0: peers:[s3|rpc:localhost:39579|admin:localhost:42243|client:localhost:33409|dataStream:localhost:46293|priority:0|startupRole:FOLLOWER, s4|rpc:localhost:45747|admin:localhost:35149|client:localhost:44435|dataStream:localhost:42993|priority:0|startupRole:FOLLOWER, s0|rpc:localhost:36179|admin:localhost:46501|client:localhost:36175|dataStream:localhost:33505|priority:0|startupRole:FOLLOWER, s1|rpc:localhost:36635|admin:localhost:41981|client:localhost:39775|dataStream:localhost:41297|priority:0|startupRole:FOLLOWER, s2|rpc:localhost:36969|admin:localhost:37929|client:localhost:40489|dataStream:localhost:38077|priority:0|startupRole:FOLLOWER]|listeners:[], old=null
2022-10-24 03:16:19,713 [s3@group-6912872F20E7-LeaderElection19] INFO  impl.LeaderElection (LeaderElection.java:logAndReturn(89)) - s3@group-6912872F20E7-LeaderElection19: PRE_VOTE REJECTED received 3 response(s) and 0 exception(s):
2022-10-24 03:16:19,713 [s3@group-6912872F20E7-LeaderElection19] INFO  impl.LeaderElection (LeaderElection.java:logAndReturn(93)) -   Response 0: s3<-s0#0:FAIL-t2
2022-10-24 03:16:19,713 [s3@group-6912872F20E7-LeaderElection19] INFO  impl.LeaderElection (LeaderElection.java:logAndReturn(93)) -   Response 1: s3<-s1#0:FAIL-t2
2022-10-24 03:16:19,713 [s3@group-6912872F20E7-LeaderElection19] INFO  impl.LeaderElection (LeaderElection.java:logAndReturn(93)) -   Response 2: s3<-s2#0:FAIL-t2
2022-10-24 03:16:19,713 [s3@group-6912872F20E7-LeaderElection19] INFO  impl.LeaderElection (LeaderElection.java:askForVotes(311)) - s3@group-6912872F20E7-LeaderElection19 PRE_VOTE round 0: result REJECTED
2022-10-24 03:16:19,713 [s1@group-6912872F20E7->s3-GrpcLogAppender-LogAppenderDaemon] INFO  util.CodeInjectionForTesting (DelayLocalExecutionInjection.java:execute(65)) - s1 delay 150 ms, args=[serverRequest {
  requestorId: "s1"
  replyId: "s3"
  raftGroupId {
    id: "\226\001\321s\341\rE_\235\364i\022\207/ \347"
  }
  callId: 103
  slidingWindowEntry {
  }
}
leaderTerm: 2
previousLog {
  term: 2
}
initializing: true
commitInfos {
  server {
    id: "s1"
    address: "localhost:36635"
    dataStreamAddress: "localhost:41297"
    clientAddress: "localhost:39775"
    adminAddress: "localhost:41981"
    startupRole: FOLLOWER
  }
}
commitInfos {
  server {
    id: "s3"
    address: "localhost:39579"
    dataStreamAddress: "localhost:46293"
    clientAddress: "localhost:33409"
    adminAddress: "localhost:42243"
    startupRole: FOLLOWER
  }
}
commitInfos {
  server {
    id: "s4"
    address: "localhost:45747"
    dataStreamAddress: "localhost:42993"
    clientAddress: "localhost:44435"
    adminAddress: "localhost:35149"
    startupRole: FOLLOWER
  }
}
commitInfos {
  server {
    id: "s0"
    address: "localhost:36179"
    dataStreamAddress: "localhost:33505"
    clientAddress: "localhost:36175"
    adminAddress: "localhost:46501"
    startupRole: FOLLOWER
  }
}
commitInfos {
  server {
    id: "s2"
    address: "localhost:36969"
    dataStreamAddress: "localhost:38077"
    clientAddress: "localhost:40489"
    adminAddress: "localhost:37929"
    startupRole: FOLLOWER
  }
}
]
2022-10-24 03:16:19,713 [s3@group-6912872F20E7-LeaderElection19] INFO  server.RaftServer$Division (RaftServerImpl.java:setRole(325)) - s3@group-6912872F20E7: changes role from CANDIDATE to FOLLOWER at term 2 for REJECTED
2022-10-24 03:16:19,714 [s3@group-6912872F20E7-LeaderElection19] INFO  impl.RoleInfo (RoleInfo.java:shutdownLeaderElection(130)) - s3: shutdown s3@group-6912872F20E7-LeaderElection19
2022-10-24 03:16:19,714 [s3@group-6912872F20E7-LeaderElection19] INFO  impl.RoleInfo (RoleInfo.java:updateAndGet(139)) - s3: start s3@group-6912872F20E7-FollowerState
2022-10-24 03:16:19,777 [s1@group-6912872F20E7->s2-GrpcLogAppender-LogAppenderDaemon] INFO  util.CodeInjectionForTesting (DelayLocalExecutionInjection.java:execute(65)) - s1 delay 150 ms, args=[serverRequest {
  requestorId: "s1"
  replyId: "s2"
  raftGroupId {
    id: "\226\001\321s\341\rE_\235\364i\022\207/ \347"
  }
  callId: 52
  slidingWindowEntry {
  }
}
leaderTerm: 2
previousLog {
  term: 2
}
initializing: true
commitInfos {
  server {
    id: "s1"
    address: "localhost:36635"
    dataStreamAddress: "localhost:41297"
    clientAddress: "localhost:39775"
    adminAddress: "localhost:41981"
    startupRole: FOLLOWER
  }
}
commitInfos {
  server {
    id: "s3"
    address: "localhost:39579"
    dataStreamAddress: "localhost:46293"
    clientAddress: "localhost:33409"
    adminAddress: "localhost:42243"
    startupRole: FOLLOWER
  }
}
commitInfos {
  server {
    id: "s4"
    address: "localhost:45747"
    dataStreamAddress: "localhost:42993"
    clientAddress: "localhost:44435"
    adminAddress: "localhost:35149"
    startupRole: FOLLOWER
  }
}
commitInfos {
  server {
    id: "s0"
    address: "localhost:36179"
    dataStreamAddress: "localhost:33505"
    clientAddress: "localhost:36175"
    adminAddress: "localhost:46501"
    startupRole: FOLLOWER
  }
}
commitInfos {
  server {
    id: "s2"
    address: "localhost:36969"
    dataStreamAddress: "localhost:38077"
    clientAddress: "localhost:40489"
    adminAddress: "localhost:37929"
    startupRole: FOLLOWER
  }
}
]
2022-10-24 03:16:19,777 [s1@group-6912872F20E7->s4-GrpcLogAppender-LogAppenderDaemon] INFO  util.CodeInjectionForTesting (DelayLocalExecutionInjection.java:execute(65)) - s1 delay 150 ms, args=[serverRequest {
  requestorId: "s1"
  replyId: "s4"
  raftGroupId {
    id: "\226\001\321s\341\rE_\235\364i\022\207/ \347"
  }
  callId: 52
  slidingWindowEntry {
  }
}
leaderTerm: 2
previousLog {
  term: 2
}
initializing: true
commitInfos {
  server {
    id: "s1"
    address: "localhost:36635"
    dataStreamAddress: "localhost:41297"
    clientAddress: "localhost:39775"
    adminAddress: "localhost:41981"
    startupRole: FOLLOWER
  }
}
commitInfos {
  server {
    id: "s3"
    address: "localhost:39579"
    dataStreamAddress: "localhost:46293"
    clientAddress: "localhost:33409"
    adminAddress: "localhost:42243"
    startupRole: FOLLOWER
  }
}
commitInfos {
  server {
    id: "s4"
    address: "localhost:45747"
    dataStreamAddress: "localhost:42993"
    clientAddress: "localhost:44435"
    adminAddress: "localhost:35149"
    startupRole: FOLLOWER
  }
}
commitInfos {
  server {
    id: "s0"
    address: "localhost:36179"
    dataStreamAddress: "localhost:33505"
    clientAddress: "localhost:36175"
    adminAddress: "localhost:46501"
    startupRole: FOLLOWER
  }
}
commitInfos {
  server {
    id: "s2"
    address: "localhost:36969"
    dataStreamAddress: "localhost:38077"
    clientAddress: "localhost:40489"
    adminAddress: "localhost:37929"
    startupRole: FOLLOWER
  }
}
]
2022-10-24 03:16:19,777 [s1@group-6912872F20E7->s0-GrpcLogAppender-LogAppenderDaemon] INFO  util.CodeInjectionForTesting (DelayLocalExecutionInjection.java:execute(65)) - s1 delay 150 ms, args=[serverRequest {
  requestorId: "s1"
  replyId: "s0"
  raftGroupId {
    id: "\226\001\321s\341\rE_\235\364i\022\207/ \347"
  }
  callId: 53
  slidingWindowEntry {
  }
}
leaderTerm: 2
previousLog {
  term: 2
}
initializing: true
commitInfos {
  server {
    id: "s1"
    address: "localhost:36635"
    dataStreamAddress: "localhost:41297"
    clientAddress: "localhost:39775"
    adminAddress: "localhost:41981"
    startupRole: FOLLOWER
  }
}
commitInfos {
  server {
    id: "s3"
    address: "localhost:39579"
    dataStreamAddress: "localhost:46293"
    clientAddress: "localhost:33409"
    adminAddress: "localhost:42243"
    startupRole: FOLLOWER
  }
}
commitInfos {
  server {
    id: "s4"
    address: "localhost:45747"
    dataStreamAddress: "localhost:42993"
    clientAddress: "localhost:44435"
    adminAddress: "localhost:35149"
    startupRole: FOLLOWER
  }
}
commitInfos {
  server {
    id: "s0"
    address: "localhost:36179"
    dataStreamAddress: "localhost:33505"
    clientAddress: "localhost:36175"
    adminAddress: "localhost:46501"
    startupRole: FOLLOWER
  }
}
commitInfos {
  server {
    id: "s2"
    address: "localhost:36969"
    dataStreamAddress: "localhost:38077"
    clientAddress: "localhost:40489"
    adminAddress: "localhost:37929"
    startupRole: FOLLOWER
  }
}
]
2022-10-24 03:16:19,901 [s1@group-6912872F20E7->s3-GrpcLogAppender-LogAppenderDaemon] INFO  util.CodeInjectionForTesting (DelayLocalExecutionInjection.java:execute(65)) - s1 delay 150 ms, args=[serverRequest {
  requestorId: "s1"
  replyId: "s3"
  raftGroupId {
    id: "\226\001\321s\341\rE_\235\364i\022\207/ \347"
  }
  callId: 104
  slidingWindowEntry {
  }
}
leaderTerm: 2
previousLog {
  term: 2
}
initializing: true
commitInfos {
  server {
    id: "s1"
    address: "localhost:36635"
    dataStreamAddress: "localhost:41297"
    clientAddress: "localhost:39775"
    adminAddress: "localhost:41981"
    startupRole: FOLLOWER
  }
}
commitInfos {
  server {
    id: "s3"
    address: "localhost:39579"
    dataStreamAddress: "localhost:46293"
    clientAddress: "localhost:33409"
    adminAddress: "localhost:42243"
    startupRole: FOLLOWER
  }
}
commitInfos {
  server {
    id: "s4"
    address: "localhost:45747"
    dataStreamAddress: "localhost:42993"
    clientAddress: "localhost:44435"
    adminAddress: "localhost:35149"
    startupRole: FOLLOWER
  }
}
commitInfos {
  server {
    id: "s0"
    address: "localhost:36179"
    dataStreamAddress: "localhost:33505"
    clientAddress: "localhost:36175"
    adminAddress: "localhost:46501"
    startupRole: FOLLOWER
  }
}
commitInfos {
  server {
    id: "s2"
    address: "localhost:36969"
    dataStreamAddress: "localhost:38077"
    clientAddress: "localhost:40489"
    adminAddress: "localhost:37929"
    startupRole: FOLLOWER
  }
}
]
2022-10-24 03:16:19,979 [s3@group-6912872F20E7-FollowerState] INFO  impl.FollowerState (FollowerState.java:run(143)) - s3@group-6912872F20E7-FollowerState: change to CANDIDATE, lastRpcElapsedTime:264685465ns, electionTimeout:264ms
2022-10-24 03:16:19,979 [s3@group-6912872F20E7-FollowerState] INFO  impl.RoleInfo (RoleInfo.java:shutdownFollowerState(110)) - s3: shutdown s3@group-6912872F20E7-FollowerState
2022-10-24 03:16:19,979 [s3@group-6912872F20E7-FollowerState] INFO  server.RaftServer$Division (RaftServerImpl.java:setRole(325)) - s3@group-6912872F20E7: changes role from  FOLLOWER to CANDIDATE at term 2 for changeToCandidate
2022-10-24 03:16:19,979 [s3@group-6912872F20E7-FollowerState] INFO  server.RaftServerConfigKeys (ConfUtils.java:logGet(46)) - raft.server.leaderelection.pre-vote = true (default)
2022-10-24 03:16:19,979 [s3@group-6912872F20E7-FollowerState] INFO  impl.RoleInfo (RoleInfo.java:updateAndGet(139)) - s3: start s3@group-6912872F20E7-LeaderElection20
2022-10-24 03:16:19,980 [s3@group-6912872F20E7-LeaderElection20] INFO  impl.LeaderElection (LeaderElection.java:askForVotes(309)) - s3@group-6912872F20E7-LeaderElection20 PRE_VOTE round 0: submit vote requests at term 2 for 0: peers:[s3|rpc:localhost:39579|admin:localhost:42243|client:localhost:33409|dataStream:localhost:46293|priority:0|startupRole:FOLLOWER, s4|rpc:localhost:45747|admin:localhost:35149|client:localhost:44435|dataStream:localhost:42993|priority:0|startupRole:FOLLOWER, s0|rpc:localhost:36179|admin:localhost:46501|client:localhost:36175|dataStream:localhost:33505|priority:0|startupRole:FOLLOWER, s1|rpc:localhost:36635|admin:localhost:41981|client:localhost:39775|dataStream:localhost:41297|priority:0|startupRole:FOLLOWER, s2|rpc:localhost:36969|admin:localhost:37929|client:localhost:40489|dataStream:localhost:38077|priority:0|startupRole:FOLLOWER]|listeners:[], old=null
2022-10-24 03:16:19,982 [grpc-default-executor-15] INFO  server.RaftServer$Division (RaftServerImpl.java:requestVote(1291)) - s4@group-6912872F20E7: receive requestVote(PRE_VOTE, s3, group-6912872F20E7, 2, (t:1, i:0))
2022-10-24 03:16:19,982 [grpc-default-executor-15] INFO  impl.VoteContext (VoteContext.java:log(49)) - s4@group-6912872F20E7-FOLLOWER: reject PRE_VOTE from s3: this server is a follower and still has a valid leader s1
2022-10-24 03:16:19,982 [grpc-default-executor-15] INFO  server.RaftServer$Division (RaftServerImpl.java:requestVote(1324)) - s4@group-6912872F20E7 replies to PRE_VOTE vote request: s3<-s4#0:FAIL-t2. Peer's state: s4@group-6912872F20E7:t2, leader=s1, voted=s1, raftlog=Memoized:s4@group-6912872F20E7-SegmentedRaftLog:OPENED:c0, conf=0: peers:[s3|rpc:localhost:39579|admin:localhost:42243|client:localhost:33409|dataStream:localhost:46293|priority:0|startupRole:FOLLOWER, s4|rpc:localhost:45747|admin:localhost:35149|client:localhost:44435|dataStream:localhost:42993|priority:0|startupRole:FOLLOWER, s0|rpc:localhost:36179|admin:localhost:46501|client:localhost:36175|dataStream:localhost:33505|priority:0|startupRole:FOLLOWER, s1|rpc:localhost:36635|admin:localhost:41981|client:localhost:39775|dataStream:localhost:41297|priority:0|startupRole:FOLLOWER, s2|rpc:localhost:36969|admin:localhost:37929|client:localhost:40489|dataStream:localhost:38077|priority:0|startupRole:FOLLOWER]|listeners:[], old=null
2022-10-24 03:16:19,983 [grpc-default-executor-15] INFO  server.RaftServer$Division (RaftServerImpl.java:requestVote(1291)) - s0@group-6912872F20E7: receive requestVote(PRE_VOTE, s3, group-6912872F20E7, 2, (t:1, i:0))
2022-10-24 03:16:19,983 [grpc-default-executor-15] INFO  impl.VoteContext (VoteContext.java:log(49)) - s0@group-6912872F20E7-FOLLOWER: reject PRE_VOTE from s3: this server is a follower and still has a valid leader s1
2022-10-24 03:16:19,983 [grpc-default-executor-15] INFO  server.RaftServer$Division (RaftServerImpl.java:requestVote(1324)) - s0@group-6912872F20E7 replies to PRE_VOTE vote request: s3<-s0#0:FAIL-t2. Peer's state: s0@group-6912872F20E7:t2, leader=s1, voted=s1, raftlog=Memoized:s0@group-6912872F20E7-SegmentedRaftLog:OPENED:c0, conf=0: peers:[s3|rpc:localhost:39579|admin:localhost:42243|client:localhost:33409|dataStream:localhost:46293|priority:0|startupRole:FOLLOWER, s4|rpc:localhost:45747|admin:localhost:35149|client:localhost:44435|dataStream:localhost:42993|priority:0|startupRole:FOLLOWER, s0|rpc:localhost:36179|admin:localhost:46501|client:localhost:36175|dataStream:localhost:33505|priority:0|startupRole:FOLLOWER, s1|rpc:localhost:36635|admin:localhost:41981|client:localhost:39775|dataStream:localhost:41297|priority:0|startupRole:FOLLOWER, s2|rpc:localhost:36969|admin:localhost:37929|client:localhost:40489|dataStream:localhost:38077|priority:0|startupRole:FOLLOWER]|listeners:[], old=null
2022-10-24 03:16:19,987 [grpc-default-executor-15] INFO  server.RaftServer$Division (RaftServerImpl.java:requestVote(1291)) - s1@group-6912872F20E7: receive requestVote(PRE_VOTE, s3, group-6912872F20E7, 2, (t:1, i:0))
2022-10-24 03:16:19,987 [grpc-default-executor-15] INFO  impl.VoteContext (VoteContext.java:log(49)) - s1@group-6912872F20E7-LEADER: reject PRE_VOTE from s3: this server is the leader and still has leadership
2022-10-24 03:16:19,987 [grpc-default-executor-15] INFO  server.RaftServer$Division (RaftServerImpl.java:requestVote(1324)) - s1@group-6912872F20E7 replies to PRE_VOTE vote request: s3<-s1#0:FAIL-t2. Peer's state: s1@group-6912872F20E7:t2, leader=s1, voted=s1, raftlog=Memoized:s1@group-6912872F20E7-SegmentedRaftLog:OPENED:c0, conf=0: peers:[s3|rpc:localhost:39579|admin:localhost:42243|client:localhost:33409|dataStream:localhost:46293|priority:0|startupRole:FOLLOWER, s4|rpc:localhost:45747|admin:localhost:35149|client:localhost:44435|dataStream:localhost:42993|priority:0|startupRole:FOLLOWER, s0|rpc:localhost:36179|admin:localhost:46501|client:localhost:36175|dataStream:localhost:33505|priority:0|startupRole:FOLLOWER, s1|rpc:localhost:36635|admin:localhost:41981|client:localhost:39775|dataStream:localhost:41297|priority:0|startupRole:FOLLOWER, s2|rpc:localhost:36969|admin:localhost:37929|client:localhost:40489|dataStream:localhost:38077|priority:0|startupRole:FOLLOWER]|listeners:[], old=null
2022-10-24 03:16:19,988 [s3@group-6912872F20E7-LeaderElection20] INFO  impl.LeaderElection (LeaderElection.java:logAndReturn(89)) - s3@group-6912872F20E7-LeaderElection20: PRE_VOTE REJECTED received 3 response(s) and 0 exception(s):
2022-10-24 03:16:19,988 [s3@group-6912872F20E7-LeaderElection20] INFO  impl.LeaderElection (LeaderElection.java:logAndReturn(93)) -   Response 0: s3<-s4#0:FAIL-t2
2022-10-24 03:16:19,988 [s3@group-6912872F20E7-LeaderElection20] INFO  impl.LeaderElection (LeaderElection.java:logAndReturn(93)) -   Response 1: s3<-s0#0:FAIL-t2
2022-10-24 03:16:19,988 [s3@group-6912872F20E7-LeaderElection20] INFO  impl.LeaderElection (LeaderElection.java:logAndReturn(93)) -   Response 2: s3<-s1#0:FAIL-t2
2022-10-24 03:16:19,988 [s3@group-6912872F20E7-LeaderElection20] INFO  impl.LeaderElection (LeaderElection.java:askForVotes(311)) - s3@group-6912872F20E7-LeaderElection20 PRE_VOTE round 0: result REJECTED
2022-10-24 03:16:19,988 [s3@group-6912872F20E7-LeaderElection20] INFO  server.RaftServer$Division (RaftServerImpl.java:setRole(325)) - s3@group-6912872F20E7: changes role from CANDIDATE to FOLLOWER at term 2 for REJECTED
2022-10-24 03:16:19,988 [s3@group-6912872F20E7-LeaderElection20] INFO  impl.RoleInfo (RoleInfo.java:shutdownLeaderElection(130)) - s3: shutdown s3@group-6912872F20E7-LeaderElection20
2022-10-24 03:16:19,988 [s3@group-6912872F20E7-LeaderElection20] INFO  impl.RoleInfo (RoleInfo.java:updateAndGet(139)) - s3: start s3@group-6912872F20E7-FollowerState
2022-10-24 03:16:19,990 [grpc-default-executor-25] INFO  server.RaftServer$Division (RaftServerImpl.java:requestVote(1291)) - s2@group-6912872F20E7: receive requestVote(PRE_VOTE, s3, group-6912872F20E7, 2, (t:1, i:0))
2022-10-24 03:16:19,990 [grpc-default-executor-25] INFO  impl.VoteContext (VoteContext.java:log(49)) - s2@group-6912872F20E7-FOLLOWER: reject PRE_VOTE from s3: this server is a follower and still has a valid leader s1
2022-10-24 03:16:19,990 [grpc-default-executor-25] INFO  server.RaftServer$Division (RaftServerImpl.java:requestVote(1324)) - s2@group-6912872F20E7 replies to PRE_VOTE vote request: s3<-s2#0:FAIL-t2. Peer's state: s2@group-6912872F20E7:t2, leader=s1, voted=s1, raftlog=Memoized:s2@group-6912872F20E7-SegmentedRaftLog:OPENED:c0, conf=0: peers:[s3|rpc:localhost:39579|admin:localhost:42243|client:localhost:33409|dataStream:localhost:46293|priority:0|startupRole:FOLLOWER, s4|rpc:localhost:45747|admin:localhost:35149|client:localhost:44435|dataStream:localhost:42993|priority:0|startupRole:FOLLOWER, s0|rpc:localhost:36179|admin:localhost:46501|client:localhost:36175|dataStream:localhost:33505|priority:0|startupRole:FOLLOWER, s1|rpc:localhost:36635|admin:localhost:41981|client:localhost:39775|dataStream:localhost:41297|priority:0|startupRole:FOLLOWER, s2|rpc:localhost:36969|admin:localhost:37929|client:localhost:40489|dataStream:localhost:38077|priority:0|startupRole:FOLLOWER]|listeners:[], old=null
2022-10-24 03:16:20,004 [s1@group-6912872F20E7->s4-GrpcLogAppender-LogAppenderDaemon] INFO  util.CodeInjectionForTesting (DelayLocalExecutionInjection.java:execute(65)) - s1 delay 150 ms, args=[serverRequest {
  requestorId: "s1"
  replyId: "s4"
  raftGroupId {
    id: "\226\001\321s\341\rE_\235\364i\022\207/ \347"
  }
  callId: 53
  slidingWindowEntry {
  }
}
leaderTerm: 2
previousLog {
  term: 2
}
initializing: true
commitInfos {
  server {
    id: "s1"
    address: "localhost:36635"
    dataStreamAddress: "localhost:41297"
    clientAddress: "localhost:39775"
    adminAddress: "localhost:41981"
    startupRole: FOLLOWER
  }
}
commitInfos {
  server {
    id: "s3"
    address: "localhost:39579"
    dataStreamAddress: "localhost:46293"
    clientAddress: "localhost:33409"
    adminAddress: "localhost:42243"
    startupRole: FOLLOWER
  }
}
commitInfos {
  server {
    id: "s4"
    address: "localhost:45747"
    dataStreamAddress: "localhost:42993"
    clientAddress: "localhost:44435"
    adminAddress: "localhost:35149"
    startupRole: FOLLOWER
  }
}
commitInfos {
  server {
    id: "s0"
    address: "localhost:36179"
    dataStreamAddress: "localhost:33505"
    clientAddress: "localhost:36175"
    adminAddress: "localhost:46501"
    startupRole: FOLLOWER
  }
}
commitInfos {
  server {
    id: "s2"
    address: "localhost:36969"
    dataStreamAddress: "localhost:38077"
    clientAddress: "localhost:40489"
    adminAddress: "localhost:37929"
    startupRole: FOLLOWER
  }
}
]
2022-10-24 03:16:20,005 [s1@group-6912872F20E7->s2-GrpcLogAppender-LogAppenderDaemon] INFO  util.CodeInjectionForTesting (DelayLocalExecutionInjection.java:execute(65)) - s1 delay 150 ms, args=[serverRequest {
  requestorId: "s1"
  replyId: "s2"
  raftGroupId {
    id: "\226\001\321s\341\rE_\235\364i\022\207/ \347"
  }
  callId: 53
  slidingWindowEntry {
  }
}
leaderTerm: 2
previousLog {
  term: 2
}
initializing: true
commitInfos {
  server {
    id: "s1"
    address: "localhost:36635"
    dataStreamAddress: "localhost:41297"
    clientAddress: "localhost:39775"
    adminAddress: "localhost:41981"
    startupRole: FOLLOWER
  }
}
commitInfos {
  server {
    id: "s3"
    address: "localhost:39579"
    dataStreamAddress: "localhost:46293"
    clientAddress: "localhost:33409"
    adminAddress: "localhost:42243"
    startupRole: FOLLOWER
  }
}
commitInfos {
  server {
    id: "s4"
    address: "localhost:45747"
    dataStreamAddress: "localhost:42993"
    clientAddress: "localhost:44435"
    adminAddress: "localhost:35149"
    startupRole: FOLLOWER
  }
}
commitInfos {
  server {
    id: "s0"
    address: "localhost:36179"
    dataStreamAddress: "localhost:33505"
    clientAddress: "localhost:36175"
    adminAddress: "localhost:46501"
    startupRole: FOLLOWER
  }
}
commitInfos {
  server {
    id: "s2"
    address: "localhost:36969"
    dataStreamAddress: "localhost:38077"
    clientAddress: "localhost:40489"
    adminAddress: "localhost:37929"
    startupRole: FOLLOWER
  }
}
]
2022-10-24 03:16:20,005 [s1@group-6912872F20E7->s0-GrpcLogAppender-LogAppenderDaemon] INFO  util.CodeInjectionForTesting (DelayLocalExecutionInjection.java:execute(65)) - s1 delay 150 ms, args=[serverRequest {
  requestorId: "s1"
  replyId: "s0"
  raftGroupId {
    id: "\226\001\321s\341\rE_\235\364i\022\207/ \347"
  }
  callId: 54
  slidingWindowEntry {
  }
}
leaderTerm: 2
previousLog {
  term: 2
}
initializing: true
commitInfos {
  server {
    id: "s1"
    address: "localhost:36635"
    dataStreamAddress: "localhost:41297"
    clientAddress: "localhost:39775"
    adminAddress: "localhost:41981"
    startupRole: FOLLOWER
  }
}
commitInfos {
  server {
    id: "s3"
    address: "localhost:39579"
    dataStreamAddress: "localhost:46293"
    clientAddress: "localhost:33409"
    adminAddress: "localhost:42243"
    startupRole: FOLLOWER
  }
}
commitInfos {
  server {
    id: "s4"
    address: "localhost:45747"
    dataStreamAddress: "localhost:42993"
    clientAddress: "localhost:44435"
    adminAddress: "localhost:35149"
    startupRole: FOLLOWER
  }
}
commitInfos {
  server {
    id: "s0"
    address: "localhost:36179"
    dataStreamAddress: "localhost:33505"
    clientAddress: "localhost:36175"
    adminAddress: "localhost:46501"
    startupRole: FOLLOWER
  }
}
commitInfos {
  server {
    id: "s2"
    address: "localhost:36969"
    dataStreamAddress: "localhost:38077"
    clientAddress: "localhost:40489"
    adminAddress: "localhost:37929"
    startupRole: FOLLOWER
  }
}
]
2022-10-24 03:16:20,089 [s1@group-6912872F20E7->s3-GrpcLogAppender-LogAppenderDaemon] INFO  util.CodeInjectionForTesting (DelayLocalExecutionInjection.java:execute(65)) - s1 delay 150 ms, args=[serverRequest {
  requestorId: "s1"
  replyId: "s3"
  raftGroupId {
    id: "\226\001\321s\341\rE_\235\364i\022\207/ \347"
  }
  callId: 105
  slidingWindowEntry {
  }
}
leaderTerm: 2
previousLog {
  term: 2
}
initializing: true
commitInfos {
  server {
    id: "s1"
    address: "localhost:36635"
    dataStreamAddress: "localhost:41297"
    clientAddress: "localhost:39775"
    adminAddress: "localhost:41981"
    startupRole: FOLLOWER
  }
}
commitInfos {
  server {
    id: "s3"
    address: "localhost:39579"
    dataStreamAddress: "localhost:46293"
    clientAddress: "localhost:33409"
    adminAddress: "localhost:42243"
    startupRole: FOLLOWER
  }
}
commitInfos {
  server {
    id: "s4"
    address: "localhost:45747"
    dataStreamAddress: "localhost:42993"
    clientAddress: "localhost:44435"
    adminAddress: "localhost:35149"
    startupRole: FOLLOWER
  }
}
commitInfos {
  server {
    id: "s0"
    address: "localhost:36179"
    dataStreamAddress: "localhost:33505"
    clientAddress: "localhost:36175"
    adminAddress: "localhost:46501"
    startupRole: FOLLOWER
  }
}
commitInfos {
  server {
    id: "s2"
    address: "localhost:36969"
    dataStreamAddress: "localhost:38077"
    clientAddress: "localhost:40489"
    adminAddress: "localhost:37929"
    startupRole: FOLLOWER
  }
}
]
2022-10-24 03:16:20,145 [s0@group-6912872F20E7-FollowerState] INFO  impl.FollowerState (FollowerState.java:run(143)) - s0@group-6912872F20E7-FollowerState: change to CANDIDATE, lastRpcElapsedTime:216468998ns, electionTimeout:156ms
2022-10-24 03:16:20,145 [s0@group-6912872F20E7-FollowerState] INFO  impl.RoleInfo (RoleInfo.java:shutdownFollowerState(110)) - s0: shutdown s0@group-6912872F20E7-FollowerState
2022-10-24 03:16:20,145 [s0@group-6912872F20E7-FollowerState] INFO  server.RaftServer$Division (RaftServerImpl.java:setRole(325)) - s0@group-6912872F20E7: changes role from  FOLLOWER to CANDIDATE at term 2 for changeToCandidate
2022-10-24 03:16:20,145 [s0@group-6912872F20E7-FollowerState] INFO  server.RaftServerConfigKeys (ConfUtils.java:logGet(46)) - raft.server.leaderelection.pre-vote = true (default)
2022-10-24 03:16:20,145 [s0@group-6912872F20E7-FollowerState] INFO  impl.RoleInfo (RoleInfo.java:updateAndGet(139)) - s0: start s0@group-6912872F20E7-LeaderElection21
2022-10-24 03:16:20,146 [s0@group-6912872F20E7-LeaderElection21] INFO  server.RaftServer$Division (ServerState.java:setLeader(259)) - s0@group-6912872F20E7: change Leader from s1 to null at term 2 for PRE_VOTE
2022-10-24 03:16:20,146 [s0@group-6912872F20E7-LeaderElection21] INFO  impl.LeaderElection (LeaderElection.java:askForVotes(309)) - s0@group-6912872F20E7-LeaderElection21 PRE_VOTE round 0: submit vote requests at term 2 for 0: peers:[s3|rpc:localhost:39579|admin:localhost:42243|client:localhost:33409|dataStream:localhost:46293|priority:0|startupRole:FOLLOWER, s4|rpc:localhost:45747|admin:localhost:35149|client:localhost:44435|dataStream:localhost:42993|priority:0|startupRole:FOLLOWER, s0|rpc:localhost:36179|admin:localhost:46501|client:localhost:36175|dataStream:localhost:33505|priority:0|startupRole:FOLLOWER, s1|rpc:localhost:36635|admin:localhost:41981|client:localhost:39775|dataStream:localhost:41297|priority:0|startupRole:FOLLOWER, s2|rpc:localhost:36969|admin:localhost:37929|client:localhost:40489|dataStream:localhost:38077|priority:0|startupRole:FOLLOWER]|listeners:[], old=null
2022-10-24 03:16:20,146 [s0@group-6912872F20E7-LeaderElection21-1] INFO  util.CodeInjectionForTesting (DelayLocalExecutionInjection.java:execute(65)) - s0 delay 150 ms, args=[serverRequest {
  requestorId: "s0"
  replyId: "s3"
  raftGroupId {
    id: "\226\001\321s\341\rE_\235\364i\022\207/ \347"
  }
  slidingWindowEntry {
  }
}
candidateTerm: 2
candidateLastEntry {
  term: 2
}
preVote: true
]
2022-10-24 03:16:20,147 [s0@group-6912872F20E7-LeaderElection21-2] INFO  util.CodeInjectionForTesting (DelayLocalExecutionInjection.java:execute(65)) - s0 delay 150 ms, args=[serverRequest {
  requestorId: "s0"
  replyId: "s4"
  raftGroupId {
    id: "\226\001\321s\341\rE_\235\364i\022\207/ \347"
  }
  slidingWindowEntry {
  }
}
candidateTerm: 2
candidateLastEntry {
  term: 2
}
preVote: true
]
2022-10-24 03:16:20,147 [s0@group-6912872F20E7-LeaderElection21-3] INFO  util.CodeInjectionForTesting (DelayLocalExecutionInjection.java:execute(65)) - s0 delay 150 ms, args=[serverRequest {
  requestorId: "s0"
  replyId: "s1"
  raftGroupId {
    id: "\226\001\321s\341\rE_\235\364i\022\207/ \347"
  }
  slidingWindowEntry {
  }
}
candidateTerm: 2
candidateLastEntry {
  term: 2
}
preVote: true
]
2022-10-24 03:16:20,148 [s0@group-6912872F20E7-LeaderElection21-4] INFO  util.CodeInjectionForTesting (DelayLocalExecutionInjection.java:execute(65)) - s0 delay 150 ms, args=[serverRequest {
  requestorId: "s0"
  replyId: "s2"
  raftGroupId {
    id: "\226\001\321s\341\rE_\235\364i\022\207/ \347"
  }
  slidingWindowEntry {
  }
}
candidateTerm: 2
candidateLastEntry {
  term: 2
}
preVote: true
]
2022-10-24 03:16:20,156 [s0-server-thread4] INFO  server.RaftServer$Division (RaftServerImpl.java:setRole(325)) - s0@group-6912872F20E7: changes role from CANDIDATE to FOLLOWER at term 2 for appendEntries
2022-10-24 03:16:20,156 [s0-server-thread4] INFO  impl.RoleInfo (RoleInfo.java:shutdownLeaderElection(130)) - s0: shutdown s0@group-6912872F20E7-LeaderElection21
2022-10-24 03:16:20,156 [s0-server-thread4] INFO  impl.RoleInfo (RoleInfo.java:updateAndGet(139)) - s0: start s0@group-6912872F20E7-FollowerState
2022-10-24 03:16:20,156 [s0-server-thread4] INFO  server.RaftServer$Division (ServerState.java:setLeader(259)) - s0@group-6912872F20E7: change Leader from null to s1 at term 2 for appendEntries, leader elected after 10ms
2022-10-24 03:16:20,184 [s3@group-6912872F20E7-FollowerState] INFO  impl.FollowerState (FollowerState.java:run(143)) - s3@group-6912872F20E7-FollowerState: change to CANDIDATE, lastRpcElapsedTime:195737997ns, electionTimeout:195ms
2022-10-24 03:16:20,184 [s3@group-6912872F20E7-FollowerState] INFO  impl.RoleInfo (RoleInfo.java:shutdownFollowerState(110)) - s3: shutdown s3@group-6912872F20E7-FollowerState
2022-10-24 03:16:20,184 [s3@group-6912872F20E7-FollowerState] INFO  server.RaftServer$Division (RaftServerImpl.java:setRole(325)) - s3@group-6912872F20E7: changes role from  FOLLOWER to CANDIDATE at term 2 for changeToCandidate
2022-10-24 03:16:20,184 [s3@group-6912872F20E7-FollowerState] INFO  server.RaftServerConfigKeys (ConfUtils.java:logGet(46)) - raft.server.leaderelection.pre-vote = true (default)
2022-10-24 03:16:20,184 [s3@group-6912872F20E7-FollowerState] INFO  impl.RoleInfo (RoleInfo.java:updateAndGet(139)) - s3: start s3@group-6912872F20E7-LeaderElection22
2022-10-24 03:16:20,186 [s3@group-6912872F20E7-LeaderElection22] INFO  impl.LeaderElection (LeaderElection.java:askForVotes(309)) - s3@group-6912872F20E7-LeaderElection22 PRE_VOTE round 0: submit vote requests at term 2 for 0: peers:[s3|rpc:localhost:39579|admin:localhost:42243|client:localhost:33409|dataStream:localhost:46293|priority:0|startupRole:FOLLOWER, s4|rpc:localhost:45747|admin:localhost:35149|client:localhost:44435|dataStream:localhost:42993|priority:0|startupRole:FOLLOWER, s0|rpc:localhost:36179|admin:localhost:46501|client:localhost:36175|dataStream:localhost:33505|priority:0|startupRole:FOLLOWER, s1|rpc:localhost:36635|admin:localhost:41981|client:localhost:39775|dataStream:localhost:41297|priority:0|startupRole:FOLLOWER, s2|rpc:localhost:36969|admin:localhost:37929|client:localhost:40489|dataStream:localhost:38077|priority:0|startupRole:FOLLOWER]|listeners:[], old=null
2022-10-24 03:16:20,189 [grpc-default-executor-15] INFO  server.RaftServer$Division (RaftServerImpl.java:requestVote(1291)) - s0@group-6912872F20E7: receive requestVote(PRE_VOTE, s3, group-6912872F20E7, 2, (t:1, i:0))
2022-10-24 03:16:20,189 [grpc-default-executor-15] INFO  impl.VoteContext (VoteContext.java:log(49)) - s0@group-6912872F20E7-FOLLOWER: reject PRE_VOTE from s3: this server is a follower and still has a valid leader s1
2022-10-24 03:16:20,189 [grpc-default-executor-15] INFO  server.RaftServer$Division (RaftServerImpl.java:requestVote(1324)) - s0@group-6912872F20E7 replies to PRE_VOTE vote request: s3<-s0#0:FAIL-t2. Peer's state: s0@group-6912872F20E7:t2, leader=s1, voted=s1, raftlog=Memoized:s0@group-6912872F20E7-SegmentedRaftLog:OPENED:c0, conf=0: peers:[s3|rpc:localhost:39579|admin:localhost:42243|client:localhost:33409|dataStream:localhost:46293|priority:0|startupRole:FOLLOWER, s4|rpc:localhost:45747|admin:localhost:35149|client:localhost:44435|dataStream:localhost:42993|priority:0|startupRole:FOLLOWER, s0|rpc:localhost:36179|admin:localhost:46501|client:localhost:36175|dataStream:localhost:33505|priority:0|startupRole:FOLLOWER, s1|rpc:localhost:36635|admin:localhost:41981|client:localhost:39775|dataStream:localhost:41297|priority:0|startupRole:FOLLOWER, s2|rpc:localhost:36969|admin:localhost:37929|client:localhost:40489|dataStream:localhost:38077|priority:0|startupRole:FOLLOWER]|listeners:[], old=null
2022-10-24 03:16:20,190 [grpc-default-executor-8] INFO  server.RaftServer$Division (RaftServerImpl.java:requestVote(1291)) - s1@group-6912872F20E7: receive requestVote(PRE_VOTE, s3, group-6912872F20E7, 2, (t:1, i:0))
2022-10-24 03:16:20,190 [grpc-default-executor-8] INFO  impl.VoteContext (VoteContext.java:log(49)) - s1@group-6912872F20E7-LEADER: reject PRE_VOTE from s3: this server is the leader and still has leadership
2022-10-24 03:16:20,190 [grpc-default-executor-8] INFO  server.RaftServer$Division (RaftServerImpl.java:requestVote(1324)) - s1@group-6912872F20E7 replies to PRE_VOTE vote request: s3<-s1#0:FAIL-t2. Peer's state: s1@group-6912872F20E7:t2, leader=s1, voted=s1, raftlog=Memoized:s1@group-6912872F20E7-SegmentedRaftLog:OPENED:c0, conf=0: peers:[s3|rpc:localhost:39579|admin:localhost:42243|client:localhost:33409|dataStream:localhost:46293|priority:0|startupRole:FOLLOWER, s4|rpc:localhost:45747|admin:localhost:35149|client:localhost:44435|dataStream:localhost:42993|priority:0|startupRole:FOLLOWER, s0|rpc:localhost:36179|admin:localhost:46501|client:localhost:36175|dataStream:localhost:33505|priority:0|startupRole:FOLLOWER, s1|rpc:localhost:36635|admin:localhost:41981|client:localhost:39775|dataStream:localhost:41297|priority:0|startupRole:FOLLOWER, s2|rpc:localhost:36969|admin:localhost:37929|client:localhost:40489|dataStream:localhost:38077|priority:0|startupRole:FOLLOWER]|listeners:[], old=null
2022-10-24 03:16:20,192 [grpc-default-executor-25] INFO  server.RaftServer$Division (RaftServerImpl.java:requestVote(1291)) - s4@group-6912872F20E7: receive requestVote(PRE_VOTE, s3, group-6912872F20E7, 2, (t:1, i:0))
2022-10-24 03:16:20,192 [grpc-default-executor-25] INFO  impl.VoteContext (VoteContext.java:log(49)) - s4@group-6912872F20E7-FOLLOWER: reject PRE_VOTE from s3: this server is a follower and still has a valid leader s1
2022-10-24 03:16:20,192 [grpc-default-executor-25] INFO  server.RaftServer$Division (RaftServerImpl.java:requestVote(1324)) - s4@group-6912872F20E7 replies to PRE_VOTE vote request: s3<-s4#0:FAIL-t2. Peer's state: s4@group-6912872F20E7:t2, leader=s1, voted=s1, raftlog=Memoized:s4@group-6912872F20E7-SegmentedRaftLog:OPENED:c0, conf=0: peers:[s3|rpc:localhost:39579|admin:localhost:42243|client:localhost:33409|dataStream:localhost:46293|priority:0|startupRole:FOLLOWER, s4|rpc:localhost:45747|admin:localhost:35149|client:localhost:44435|dataStream:localhost:42993|priority:0|startupRole:FOLLOWER, s0|rpc:localhost:36179|admin:localhost:46501|client:localhost:36175|dataStream:localhost:33505|priority:0|startupRole:FOLLOWER, s1|rpc:localhost:36635|admin:localhost:41981|client:localhost:39775|dataStream:localhost:41297|priority:0|startupRole:FOLLOWER, s2|rpc:localhost:36969|admin:localhost:37929|client:localhost:40489|dataStream:localhost:38077|priority:0|startupRole:FOLLOWER]|listeners:[], old=null
2022-10-24 03:16:20,193 [grpc-default-executor-25] INFO  server.RaftServer$Division (RaftServerImpl.java:requestVote(1291)) - s2@group-6912872F20E7: receive requestVote(PRE_VOTE, s3, group-6912872F20E7, 2, (t:1, i:0))
2022-10-24 03:16:20,193 [grpc-default-executor-25] INFO  impl.VoteContext (VoteContext.java:log(49)) - s2@group-6912872F20E7-FOLLOWER: reject PRE_VOTE from s3: this server is a follower and still has a valid leader s1
2022-10-24 03:16:20,193 [s3@group-6912872F20E7-LeaderElection22] INFO  impl.LeaderElection (LeaderElection.java:logAndReturn(89)) - s3@group-6912872F20E7-LeaderElection22: PRE_VOTE REJECTED received 3 response(s) and 0 exception(s):
2022-10-24 03:16:20,194 [s3@group-6912872F20E7-LeaderElection22] INFO  impl.LeaderElection (LeaderElection.java:logAndReturn(93)) -   Response 0: s3<-s4#0:FAIL-t2
2022-10-24 03:16:20,194 [s3@group-6912872F20E7-LeaderElection22] INFO  impl.LeaderElection (LeaderElection.java:logAndReturn(93)) -   Response 1: s3<-s0#0:FAIL-t2
2022-10-24 03:16:20,194 [s3@group-6912872F20E7-LeaderElection22] INFO  impl.LeaderElection (LeaderElection.java:logAndReturn(93)) -   Response 2: s3<-s1#0:FAIL-t2
2022-10-24 03:16:20,194 [s3@group-6912872F20E7-LeaderElection22] INFO  impl.LeaderElection (LeaderElection.java:askForVotes(311)) - s3@group-6912872F20E7-LeaderElection22 PRE_VOTE round 0: result REJECTED
2022-10-24 03:16:20,194 [s3@group-6912872F20E7-LeaderElection22] INFO  server.RaftServer$Division (RaftServerImpl.java:setRole(325)) - s3@group-6912872F20E7: changes role from CANDIDATE to FOLLOWER at term 2 for REJECTED
2022-10-24 03:16:20,194 [s3@group-6912872F20E7-LeaderElection22] INFO  impl.RoleInfo (RoleInfo.java:shutdownLeaderElection(130)) - s3: shutdown s3@group-6912872F20E7-LeaderElection22
2022-10-24 03:16:20,194 [s3@group-6912872F20E7-LeaderElection22] INFO  impl.RoleInfo (RoleInfo.java:updateAndGet(139)) - s3: start s3@group-6912872F20E7-FollowerState
2022-10-24 03:16:20,193 [grpc-default-executor-25] INFO  server.RaftServer$Division (RaftServerImpl.java:requestVote(1324)) - s2@group-6912872F20E7 replies to PRE_VOTE vote request: s3<-s2#0:FAIL-t2. Peer's state: s2@group-6912872F20E7:t2, leader=s1, voted=s1, raftlog=Memoized:s2@group-6912872F20E7-SegmentedRaftLog:OPENED:c0, conf=0: peers:[s3|rpc:localhost:39579|admin:localhost:42243|client:localhost:33409|dataStream:localhost:46293|priority:0|startupRole:FOLLOWER, s4|rpc:localhost:45747|admin:localhost:35149|client:localhost:44435|dataStream:localhost:42993|priority:0|startupRole:FOLLOWER, s0|rpc:localhost:36179|admin:localhost:46501|client:localhost:36175|dataStream:localhost:33505|priority:0|startupRole:FOLLOWER, s1|rpc:localhost:36635|admin:localhost:41981|client:localhost:39775|dataStream:localhost:41297|priority:0|startupRole:FOLLOWER, s2|rpc:localhost:36969|admin:localhost:37929|client:localhost:40489|dataStream:localhost:38077|priority:0|startupRole:FOLLOWER]|listeners:[], old=null
2022-10-24 03:16:20,232 [s1@group-6912872F20E7->s4-GrpcLogAppender-LogAppenderDaemon] INFO  util.CodeInjectionForTesting (DelayLocalExecutionInjection.java:execute(65)) - s1 delay 150 ms, args=[serverRequest {
  requestorId: "s1"
  replyId: "s4"
  raftGroupId {
    id: "\226\001\321s\341\rE_\235\364i\022\207/ \347"
  }
  callId: 54
  slidingWindowEntry {
  }
}
leaderTerm: 2
previousLog {
  term: 2
}
initializing: true
commitInfos {
  server {
    id: "s1"
    address: "localhost:36635"
    dataStreamAddress: "localhost:41297"
    clientAddress: "localhost:39775"
    adminAddress: "localhost:41981"
    startupRole: FOLLOWER
  }
}
commitInfos {
  server {
    id: "s3"
    address: "localhost:39579"
    dataStreamAddress: "localhost:46293"
    clientAddress: "localhost:33409"
    adminAddress: "localhost:42243"
    startupRole: FOLLOWER
  }
}
commitInfos {
  server {
    id: "s4"
    address: "localhost:45747"
    dataStreamAddress: "localhost:42993"
    clientAddress: "localhost:44435"
    adminAddress: "localhost:35149"
    startupRole: FOLLOWER
  }
}
commitInfos {
  server {
    id: "s0"
    address: "localhost:36179"
    dataStreamAddress: "localhost:33505"
    clientAddress: "localhost:36175"
    adminAddress: "localhost:46501"
    startupRole: FOLLOWER
  }
}
commitInfos {
  server {
    id: "s2"
    address: "localhost:36969"
    dataStreamAddress: "localhost:38077"
    clientAddress: "localhost:40489"
    adminAddress: "localhost:37929"
    startupRole: FOLLOWER
  }
}
]
2022-10-24 03:16:20,233 [s1@group-6912872F20E7->s0-GrpcLogAppender-LogAppenderDaemon] INFO  util.CodeInjectionForTesting (DelayLocalExecutionInjection.java:execute(65)) - s1 delay 150 ms, args=[serverRequest {
  requestorId: "s1"
  replyId: "s0"
  raftGroupId {
    id: "\226\001\321s\341\rE_\235\364i\022\207/ \347"
  }
  callId: 55
  slidingWindowEntry {
  }
}
leaderTerm: 2
previousLog {
  term: 2
}
initializing: true
commitInfos {
  server {
    id: "s1"
    address: "localhost:36635"
    dataStreamAddress: "localhost:41297"
    clientAddress: "localhost:39775"
    adminAddress: "localhost:41981"
    startupRole: FOLLOWER
  }
}
commitInfos {
  server {
    id: "s3"
    address: "localhost:39579"
    dataStreamAddress: "localhost:46293"
    clientAddress: "localhost:33409"
    adminAddress: "localhost:42243"
    startupRole: FOLLOWER
  }
}
commitInfos {
  server {
    id: "s4"
    address: "localhost:45747"
    dataStreamAddress: "localhost:42993"
    clientAddress: "localhost:44435"
    adminAddress: "localhost:35149"
    startupRole: FOLLOWER
  }
}
commitInfos {
  server {
    id: "s0"
    address: "localhost:36179"
    dataStreamAddress: "localhost:33505"
    clientAddress: "localhost:36175"
    adminAddress: "localhost:46501"
    startupRole: FOLLOWER
  }
}
commitInfos {
  server {
    id: "s2"
    address: "localhost:36969"
    dataStreamAddress: "localhost:38077"
    clientAddress: "localhost:40489"
    adminAddress: "localhost:37929"
    startupRole: FOLLOWER
  }
}
]
2022-10-24 03:16:20,233 [s1@group-6912872F20E7->s2-GrpcLogAppender-LogAppenderDaemon] INFO  util.CodeInjectionForTesting (DelayLocalExecutionInjection.java:execute(65)) - s1 delay 150 ms, args=[serverRequest {
  requestorId: "s1"
  replyId: "s2"
  raftGroupId {
    id: "\226\001\321s\341\rE_\235\364i\022\207/ \347"
  }
  callId: 54
  slidingWindowEntry {
  }
}
leaderTerm: 2
previousLog {
  term: 2
}
initializing: true
commitInfos {
  server {
    id: "s1"
    address: "localhost:36635"
    dataStreamAddress: "localhost:41297"
    clientAddress: "localhost:39775"
    adminAddress: "localhost:41981"
    startupRole: FOLLOWER
  }
}
commitInfos {
  server {
    id: "s3"
    address: "localhost:39579"
    dataStreamAddress: "localhost:46293"
    clientAddress: "localhost:33409"
    adminAddress: "localhost:42243"
    startupRole: FOLLOWER
  }
}
commitInfos {
  server {
    id: "s4"
    address: "localhost:45747"
    dataStreamAddress: "localhost:42993"
    clientAddress: "localhost:44435"
    adminAddress: "localhost:35149"
    startupRole: FOLLOWER
  }
}
commitInfos {
  server {
    id: "s0"
    address: "localhost:36179"
    dataStreamAddress: "localhost:33505"
    clientAddress: "localhost:36175"
    adminAddress: "localhost:46501"
    startupRole: FOLLOWER
  }
}
commitInfos {
  server {
    id: "s2"
    address: "localhost:36969"
    dataStreamAddress: "localhost:38077"
    clientAddress: "localhost:40489"
    adminAddress: "localhost:37929"
    startupRole: FOLLOWER
  }
}
]
2022-10-24 03:16:20,277 [s1@group-6912872F20E7->s3-GrpcLogAppender-LogAppenderDaemon] INFO  util.CodeInjectionForTesting (DelayLocalExecutionInjection.java:execute(65)) - s1 delay 150 ms, args=[serverRequest {
  requestorId: "s1"
  replyId: "s3"
  raftGroupId {
    id: "\226\001\321s\341\rE_\235\364i\022\207/ \347"
  }
  callId: 106
  slidingWindowEntry {
  }
}
leaderTerm: 2
previousLog {
  term: 2
}
initializing: true
commitInfos {
  server {
    id: "s1"
    address: "localhost:36635"
    dataStreamAddress: "localhost:41297"
    clientAddress: "localhost:39775"
    adminAddress: "localhost:41981"
    startupRole: FOLLOWER
  }
}
commitInfos {
  server {
    id: "s3"
    address: "localhost:39579"
    dataStreamAddress: "localhost:46293"
    clientAddress: "localhost:33409"
    adminAddress: "localhost:42243"
    startupRole: FOLLOWER
  }
}
commitInfos {
  server {
    id: "s4"
    address: "localhost:45747"
    dataStreamAddress: "localhost:42993"
    clientAddress: "localhost:44435"
    adminAddress: "localhost:35149"
    startupRole: FOLLOWER
  }
}
commitInfos {
  server {
    id: "s0"
    address: "localhost:36179"
    dataStreamAddress: "localhost:33505"
    clientAddress: "localhost:36175"
    adminAddress: "localhost:46501"
    startupRole: FOLLOWER
  }
}
commitInfos {
  server {
    id: "s2"
    address: "localhost:36969"
    dataStreamAddress: "localhost:38077"
    clientAddress: "localhost:40489"
    adminAddress: "localhost:37929"
    startupRole: FOLLOWER
  }
}
]
2022-10-24 03:16:20,299 [grpc-default-executor-15] INFO  server.RaftServer$Division (RaftServerImpl.java:requestVote(1291)) - s4@group-6912872F20E7: receive requestVote(PRE_VOTE, s0, group-6912872F20E7, 2, (t:2, i:0))
2022-10-24 03:16:20,299 [grpc-default-executor-15] INFO  impl.VoteContext (VoteContext.java:log(49)) - s4@group-6912872F20E7-FOLLOWER: reject PRE_VOTE from s0: this server is a follower and still has a valid leader s1
2022-10-24 03:16:20,299 [grpc-default-executor-15] INFO  server.RaftServer$Division (RaftServerImpl.java:requestVote(1324)) - s4@group-6912872F20E7 replies to PRE_VOTE vote request: s0<-s4#0:FAIL-t2. Peer's state: s4@group-6912872F20E7:t2, leader=s1, voted=s1, raftlog=Memoized:s4@group-6912872F20E7-SegmentedRaftLog:OPENED:c0, conf=0: peers:[s3|rpc:localhost:39579|admin:localhost:42243|client:localhost:33409|dataStream:localhost:46293|priority:0|startupRole:FOLLOWER, s4|rpc:localhost:45747|admin:localhost:35149|client:localhost:44435|dataStream:localhost:42993|priority:0|startupRole:FOLLOWER, s0|rpc:localhost:36179|admin:localhost:46501|client:localhost:36175|dataStream:localhost:33505|priority:0|startupRole:FOLLOWER, s1|rpc:localhost:36635|admin:localhost:41981|client:localhost:39775|dataStream:localhost:41297|priority:0|startupRole:FOLLOWER, s2|rpc:localhost:36969|admin:localhost:37929|client:localhost:40489|dataStream:localhost:38077|priority:0|startupRole:FOLLOWER]|listeners:[], old=null
2022-10-24 03:16:20,299 [grpc-default-executor-25] INFO  server.RaftServer$Division (RaftServerImpl.java:requestVote(1291)) - s1@group-6912872F20E7: receive requestVote(PRE_VOTE, s0, group-6912872F20E7, 2, (t:2, i:0))
2022-10-24 03:16:20,299 [grpc-default-executor-25] INFO  impl.VoteContext (VoteContext.java:log(49)) - s1@group-6912872F20E7-LEADER: reject PRE_VOTE from s0: this server is the leader and still has leadership
2022-10-24 03:16:20,300 [grpc-default-executor-25] INFO  server.RaftServer$Division (RaftServerImpl.java:requestVote(1324)) - s1@group-6912872F20E7 replies to PRE_VOTE vote request: s0<-s1#0:FAIL-t2. Peer's state: s1@group-6912872F20E7:t2, leader=s1, voted=s1, raftlog=Memoized:s1@group-6912872F20E7-SegmentedRaftLog:OPENED:c0, conf=0: peers:[s3|rpc:localhost:39579|admin:localhost:42243|client:localhost:33409|dataStream:localhost:46293|priority:0|startupRole:FOLLOWER, s4|rpc:localhost:45747|admin:localhost:35149|client:localhost:44435|dataStream:localhost:42993|priority:0|startupRole:FOLLOWER, s0|rpc:localhost:36179|admin:localhost:46501|client:localhost:36175|dataStream:localhost:33505|priority:0|startupRole:FOLLOWER, s1|rpc:localhost:36635|admin:localhost:41981|client:localhost:39775|dataStream:localhost:41297|priority:0|startupRole:FOLLOWER, s2|rpc:localhost:36969|admin:localhost:37929|client:localhost:40489|dataStream:localhost:38077|priority:0|startupRole:FOLLOWER]|listeners:[], old=null
2022-10-24 03:16:20,300 [grpc-default-executor-15] INFO  util.CodeInjectionForTesting (BlockRequestHandlingInjection.java:execute(77)) - s3: Block request from s0
2022-10-24 03:16:20,300 [grpc-default-executor-25] INFO  server.RaftServer$Division (RaftServerImpl.java:requestVote(1291)) - s2@group-6912872F20E7: receive requestVote(PRE_VOTE, s0, group-6912872F20E7, 2, (t:2, i:0))
2022-10-24 03:16:20,300 [grpc-default-executor-25] INFO  impl.VoteContext (VoteContext.java:log(49)) - s2@group-6912872F20E7-FOLLOWER: reject PRE_VOTE from s0: this server is a follower and still has a valid leader s1
2022-10-24 03:16:20,300 [grpc-default-executor-25] INFO  server.RaftServer$Division (RaftServerImpl.java:requestVote(1324)) - s2@group-6912872F20E7 replies to PRE_VOTE vote request: s0<-s2#0:FAIL-t2. Peer's state: s2@group-6912872F20E7:t2, leader=s1, voted=s1, raftlog=Memoized:s2@group-6912872F20E7-SegmentedRaftLog:OPENED:c0, conf=0: peers:[s3|rpc:localhost:39579|admin:localhost:42243|client:localhost:33409|dataStream:localhost:46293|priority:0|startupRole:FOLLOWER, s4|rpc:localhost:45747|admin:localhost:35149|client:localhost:44435|dataStream:localhost:42993|priority:0|startupRole:FOLLOWER, s0|rpc:localhost:36179|admin:localhost:46501|client:localhost:36175|dataStream:localhost:33505|priority:0|startupRole:FOLLOWER, s1|rpc:localhost:36635|admin:localhost:41981|client:localhost:39775|dataStream:localhost:41297|priority:0|startupRole:FOLLOWER, s2|rpc:localhost:36969|admin:localhost:37929|client:localhost:40489|dataStream:localhost:38077|priority:0|startupRole:FOLLOWER]|listeners:[], old=null
2022-10-24 03:16:20,302 [s0@group-6912872F20E7-LeaderElection21] INFO  impl.LeaderElection (LeaderElection.java:logAndReturn(89)) - s0@group-6912872F20E7-LeaderElection21: PRE_VOTE REJECTED received 1 response(s) and 0 exception(s):
2022-10-24 03:16:20,302 [s0@group-6912872F20E7-LeaderElection21] INFO  impl.LeaderElection (LeaderElection.java:logAndReturn(93)) -   Response 0: s0<-s2#0:FAIL-t2
2022-10-24 03:16:20,302 [s0@group-6912872F20E7-LeaderElection21] INFO  impl.LeaderElection (LeaderElection.java:askForVotes(311)) - s0@group-6912872F20E7-LeaderElection21 PRE_VOTE round 0: result REJECTED
2022-10-24 03:16:20,368 [s3@group-6912872F20E7-FollowerState] INFO  impl.FollowerState (FollowerState.java:run(143)) - s3@group-6912872F20E7-FollowerState: change to CANDIDATE, lastRpcElapsedTime:174078487ns, electionTimeout:170ms
2022-10-24 03:16:20,368 [s3@group-6912872F20E7-FollowerState] INFO  impl.RoleInfo (RoleInfo.java:shutdownFollowerState(110)) - s3: shutdown s3@group-6912872F20E7-FollowerState
2022-10-24 03:16:20,368 [s3@group-6912872F20E7-FollowerState] INFO  server.RaftServer$Division (RaftServerImpl.java:setRole(325)) - s3@group-6912872F20E7: changes role from  FOLLOWER to CANDIDATE at term 2 for changeToCandidate
2022-10-24 03:16:20,369 [s3@group-6912872F20E7-FollowerState] INFO  server.RaftServerConfigKeys (ConfUtils.java:logGet(46)) - raft.server.leaderelection.pre-vote = true (default)
2022-10-24 03:16:20,369 [s3@group-6912872F20E7-FollowerState] INFO  impl.RoleInfo (RoleInfo.java:updateAndGet(139)) - s3: start s3@group-6912872F20E7-LeaderElection23
2022-10-24 03:16:20,369 [s3@group-6912872F20E7-LeaderElection23] INFO  impl.LeaderElection (LeaderElection.java:askForVotes(309)) - s3@group-6912872F20E7-LeaderElection23 PRE_VOTE round 0: submit vote requests at term 2 for 0: peers:[s3|rpc:localhost:39579|admin:localhost:42243|client:localhost:33409|dataStream:localhost:46293|priority:0|startupRole:FOLLOWER, s4|rpc:localhost:45747|admin:localhost:35149|client:localhost:44435|dataStream:localhost:42993|priority:0|startupRole:FOLLOWER, s0|rpc:localhost:36179|admin:localhost:46501|client:localhost:36175|dataStream:localhost:33505|priority:0|startupRole:FOLLOWER, s1|rpc:localhost:36635|admin:localhost:41981|client:localhost:39775|dataStream:localhost:41297|priority:0|startupRole:FOLLOWER, s2|rpc:localhost:36969|admin:localhost:37929|client:localhost:40489|dataStream:localhost:38077|priority:0|startupRole:FOLLOWER]|listeners:[], old=null
2022-10-24 03:16:20,372 [grpc-default-executor-25] INFO  server.RaftServer$Division (RaftServerImpl.java:requestVote(1291)) - s4@group-6912872F20E7: receive requestVote(PRE_VOTE, s3, group-6912872F20E7, 2, (t:1, i:0))
2022-10-24 03:16:20,372 [grpc-default-executor-25] INFO  impl.VoteContext (VoteContext.java:log(49)) - s4@group-6912872F20E7-FOLLOWER: reject PRE_VOTE from s3: our last entry (t:2, i:0) > candidate's last entry (t:1, i:0)
2022-10-24 03:16:20,372 [grpc-default-executor-25] INFO  server.RaftServer$Division (RaftServerImpl.java:requestVote(1324)) - s4@group-6912872F20E7 replies to PRE_VOTE vote request: s3<-s4#0:FAIL-t2. Peer's state: s4@group-6912872F20E7:t2, leader=s1, voted=s1, raftlog=Memoized:s4@group-6912872F20E7-SegmentedRaftLog:OPENED:c0, conf=0: peers:[s3|rpc:localhost:39579|admin:localhost:42243|client:localhost:33409|dataStream:localhost:46293|priority:0|startupRole:FOLLOWER, s4|rpc:localhost:45747|admin:localhost:35149|client:localhost:44435|dataStream:localhost:42993|priority:0|startupRole:FOLLOWER, s0|rpc:localhost:36179|admin:localhost:46501|client:localhost:36175|dataStream:localhost:33505|priority:0|startupRole:FOLLOWER, s1|rpc:localhost:36635|admin:localhost:41981|client:localhost:39775|dataStream:localhost:41297|priority:0|startupRole:FOLLOWER, s2|rpc:localhost:36969|admin:localhost:37929|client:localhost:40489|dataStream:localhost:38077|priority:0|startupRole:FOLLOWER]|listeners:[], old=null
2022-10-24 03:16:20,373 [grpc-default-executor-25] INFO  server.RaftServer$Division (RaftServerImpl.java:requestVote(1291)) - s0@group-6912872F20E7: receive requestVote(PRE_VOTE, s3, group-6912872F20E7, 2, (t:1, i:0))
2022-10-24 03:16:20,373 [grpc-default-executor-25] INFO  impl.VoteContext (VoteContext.java:log(49)) - s0@group-6912872F20E7-FOLLOWER: reject PRE_VOTE from s3: our last entry (t:2, i:0) > candidate's last entry (t:1, i:0)
2022-10-24 03:16:20,373 [grpc-default-executor-25] INFO  server.RaftServer$Division (RaftServerImpl.java:requestVote(1324)) - s0@group-6912872F20E7 replies to PRE_VOTE vote request: s3<-s0#0:FAIL-t2. Peer's state: s0@group-6912872F20E7:t2, leader=s1, voted=s1, raftlog=Memoized:s0@group-6912872F20E7-SegmentedRaftLog:OPENED:c0, conf=0: peers:[s3|rpc:localhost:39579|admin:localhost:42243|client:localhost:33409|dataStream:localhost:46293|priority:0|startupRole:FOLLOWER, s4|rpc:localhost:45747|admin:localhost:35149|client:localhost:44435|dataStream:localhost:42993|priority:0|startupRole:FOLLOWER, s0|rpc:localhost:36179|admin:localhost:46501|client:localhost:36175|dataStream:localhost:33505|priority:0|startupRole:FOLLOWER, s1|rpc:localhost:36635|admin:localhost:41981|client:localhost:39775|dataStream:localhost:41297|priority:0|startupRole:FOLLOWER, s2|rpc:localhost:36969|admin:localhost:37929|client:localhost:40489|dataStream:localhost:38077|priority:0|startupRole:FOLLOWER]|listeners:[], old=null
2022-10-24 03:16:20,375 [grpc-default-executor-8] INFO  server.RaftServer$Division (RaftServerImpl.java:requestVote(1291)) - s1@group-6912872F20E7: receive requestVote(PRE_VOTE, s3, group-6912872F20E7, 2, (t:1, i:0))
2022-10-24 03:16:20,375 [grpc-default-executor-8] INFO  impl.VoteContext (VoteContext.java:log(49)) - s1@group-6912872F20E7-LEADER: reject PRE_VOTE from s3: this server is the leader and still has leadership
2022-10-24 03:16:20,375 [grpc-default-executor-8] INFO  server.RaftServer$Division (RaftServerImpl.java:requestVote(1324)) - s1@group-6912872F20E7 replies to PRE_VOTE vote request: s3<-s1#0:FAIL-t2. Peer's state: s1@group-6912872F20E7:t2, leader=s1, voted=s1, raftlog=Memoized:s1@group-6912872F20E7-SegmentedRaftLog:OPENED:c0, conf=0: peers:[s3|rpc:localhost:39579|admin:localhost:42243|client:localhost:33409|dataStream:localhost:46293|priority:0|startupRole:FOLLOWER, s4|rpc:localhost:45747|admin:localhost:35149|client:localhost:44435|dataStream:localhost:42993|priority:0|startupRole:FOLLOWER, s0|rpc:localhost:36179|admin:localhost:46501|client:localhost:36175|dataStream:localhost:33505|priority:0|startupRole:FOLLOWER, s1|rpc:localhost:36635|admin:localhost:41981|client:localhost:39775|dataStream:localhost:41297|priority:0|startupRole:FOLLOWER, s2|rpc:localhost:36969|admin:localhost:37929|client:localhost:40489|dataStream:localhost:38077|priority:0|startupRole:FOLLOWER]|listeners:[], old=null
2022-10-24 03:16:20,376 [grpc-default-executor-8] INFO  server.RaftServer$Division (RaftServerImpl.java:requestVote(1291)) - s2@group-6912872F20E7: receive requestVote(PRE_VOTE, s3, group-6912872F20E7, 2, (t:1, i:0))
2022-10-24 03:16:20,377 [grpc-default-executor-8] INFO  impl.VoteContext (VoteContext.java:log(49)) - s2@group-6912872F20E7-FOLLOWER: reject PRE_VOTE from s3: our last entry (t:2, i:0) > candidate's last entry (t:1, i:0)
2022-10-24 03:16:20,377 [grpc-default-executor-8] INFO  server.RaftServer$Division (RaftServerImpl.java:requestVote(1324)) - s2@group-6912872F20E7 replies to PRE_VOTE vote request: s3<-s2#0:FAIL-t2. Peer's state: s2@group-6912872F20E7:t2, leader=s1, voted=s1, raftlog=Memoized:s2@group-6912872F20E7-SegmentedRaftLog:OPENED:c0, conf=0: peers:[s3|rpc:localhost:39579|admin:localhost:42243|client:localhost:33409|dataStream:localhost:46293|priority:0|startupRole:FOLLOWER, s4|rpc:localhost:45747|admin:localhost:35149|client:localhost:44435|dataStream:localhost:42993|priority:0|startupRole:FOLLOWER, s0|rpc:localhost:36179|admin:localhost:46501|client:localhost:36175|dataStream:localhost:33505|priority:0|startupRole:FOLLOWER, s1|rpc:localhost:36635|admin:localhost:41981|client:localhost:39775|dataStream:localhost:41297|priority:0|startupRole:FOLLOWER, s2|rpc:localhost:36969|admin:localhost:37929|client:localhost:40489|dataStream:localhost:38077|priority:0|startupRole:FOLLOWER]|listeners:[], old=null
2022-10-24 03:16:20,377 [s3@group-6912872F20E7-LeaderElection23] INFO  impl.LeaderElection (LeaderElection.java:logAndReturn(89)) - s3@group-6912872F20E7-LeaderElection23: PRE_VOTE REJECTED received 3 response(s) and 0 exception(s):
2022-10-24 03:16:20,377 [s3@group-6912872F20E7-LeaderElection23] INFO  impl.LeaderElection (LeaderElection.java:logAndReturn(93)) -   Response 0: s3<-s4#0:FAIL-t2
2022-10-24 03:16:20,377 [s3@group-6912872F20E7-LeaderElection23] INFO  impl.LeaderElection (LeaderElection.java:logAndReturn(93)) -   Response 1: s3<-s0#0:FAIL-t2
2022-10-24 03:16:20,377 [s3@group-6912872F20E7-LeaderElection23] INFO  impl.LeaderElection (LeaderElection.java:logAndReturn(93)) -   Response 2: s3<-s1#0:FAIL-t2
2022-10-24 03:16:20,377 [s3@group-6912872F20E7-LeaderElection23] INFO  impl.LeaderElection (LeaderElection.java:askForVotes(311)) - s3@group-6912872F20E7-LeaderElection23 PRE_VOTE round 0: result REJECTED
2022-10-24 03:16:20,377 [s3@group-6912872F20E7-LeaderElection23] INFO  server.RaftServer$Division (RaftServerImpl.java:setRole(325)) - s3@group-6912872F20E7: changes role from CANDIDATE to FOLLOWER at term 2 for REJECTED
2022-10-24 03:16:20,377 [s3@group-6912872F20E7-LeaderElection23] INFO  impl.RoleInfo (RoleInfo.java:shutdownLeaderElection(130)) - s3: shutdown s3@group-6912872F20E7-LeaderElection23
2022-10-24 03:16:20,377 [s3@group-6912872F20E7-LeaderElection23] INFO  impl.RoleInfo (RoleInfo.java:updateAndGet(139)) - s3: start s3@group-6912872F20E7-FollowerState
2022-10-24 03:16:20,395 [Time-limited test] INFO  server.RaftServerConfigKeys (ConfUtils.java:logGet(46)) - raft.server.rpc.timeout.max = 300ms (default)
2022-10-24 03:16:20,576 [s3-server-thread3] INFO  util.CodeInjectionForTesting (BlockRequestHandlingInjection.java:execute(84)) - s3: unBlock request from s1
2022-10-24 03:16:20,576 [s3-server-thread3] INFO  server.RaftServer$Division (ServerState.java:setLeader(259)) - s3@group-6912872F20E7: change Leader from null to s1 at term 2 for appendEntries, leader elected after 871ms
2022-10-24 03:16:20,576 [s3-server-thread3] INFO  server.RaftServer$Division (RaftServerImpl.java:checkInconsistentAppendEntries(1599)) - s3@group-6912872F20E7: Failed appendEntries as previous log entry ((t:2, i:0)) is not found
2022-10-24 03:16:20,576 [s3-server-thread3] INFO  server.RaftServer$Division (RaftServerImpl.java:checkInconsistentAppendEntries(1569)) - s3@group-6912872F20E7: inconsistency entries. Reply:s1<-s3#102:FAIL-t2,INCONSISTENCY,nextIndex=0,followerCommit=0,matchIndex=-1
2022-10-24 03:16:20,577 [s3-server-thread3] INFO  server.RaftServer$Division (RaftServerImpl.java:checkInconsistentAppendEntries(1599)) - s3@group-6912872F20E7: Failed appendEntries as previous log entry ((t:2, i:0)) is not found
2022-10-24 03:16:20,577 [s3-server-thread3] INFO  server.RaftServer$Division (RaftServerImpl.java:checkInconsistentAppendEntries(1569)) - s3@group-6912872F20E7: inconsistency entries. Reply:s1<-s3#103:FAIL-t2,INCONSISTENCY,nextIndex=0,followerCommit=0,matchIndex=-1
2022-10-24 03:16:20,578 [s3-server-thread3] INFO  server.RaftServer$Division (RaftServerImpl.java:checkInconsistentAppendEntries(1599)) - s3@group-6912872F20E7: Failed appendEntries as previous log entry ((t:2, i:0)) is not found
2022-10-24 03:16:20,578 [s3-server-thread3] INFO  server.RaftServer$Division (RaftServerImpl.java:checkInconsistentAppendEntries(1569)) - s3@group-6912872F20E7: inconsistency entries. Reply:s1<-s3#104:FAIL-t2,INCONSISTENCY,nextIndex=0,followerCommit=0,matchIndex=-1
2022-10-24 03:16:20,578 [grpc-default-executor-8] INFO  leader.FollowerInfo (FollowerInfoImpl.java:lambda$new$0(48)) - s1@group-6912872F20E7->s3: nextIndex: updateUnconditionally 1 -> 0
2022-10-24 03:16:20,578 [grpc-default-executor-8] INFO  leader.FollowerInfo (FollowerInfoImpl.java:lambda$new$0(48)) - s1@group-6912872F20E7->s3: nextIndex: updateUnconditionally 1 -> 0
2022-10-24 03:16:20,578 [grpc-default-executor-8] INFO  leader.FollowerInfo (FollowerInfoImpl.java:lambda$new$0(48)) - s1@group-6912872F20E7->s3: nextIndex: updateUnconditionally 0 -> 0
2022-10-24 03:16:20,579 [s3-server-thread3] INFO  server.RaftServer$Division (RaftServerImpl.java:checkInconsistentAppendEntries(1599)) - s3@group-6912872F20E7: Failed appendEntries as previous log entry ((t:2, i:0)) is not found
2022-10-24 03:16:20,579 [s3-server-thread3] INFO  server.RaftServer$Division (RaftServerImpl.java:checkInconsistentAppendEntries(1569)) - s3@group-6912872F20E7: inconsistency entries. Reply:s1<-s3#105:FAIL-t2,INCONSISTENCY,nextIndex=0,followerCommit=0,matchIndex=-1
2022-10-24 03:16:20,579 [s3-server-thread1] DEBUG server.RaftServer$Division (RaftServerImpl.java:logAppendEntries(1418)) - s3@group-6912872F20E7: receive appendEntries(s1, 2, null, 0, true, commits:[s1:c0, s3:c0, s4:c0, s0:c0, s2:c0], cId:110, entries: [(t:2, i:0), CONFIGURATIONENTRY(current:id: "s3"
address: "localhost:39579"
dataStreamAddress: "localhost:46293"
clientAddress: "localhost:33409"
adminAddress: "localhost:42243"
startupRole: FOLLOWER
,id: "s4"
address: "localhost:45747"
dataStreamAddress: "localhost:42993"
clientAddress: "localhost:44435"
adminAddress: "localhost:35149"
startupRole: FOLLOWER
,id: "s0"
address: "localhost:36179"
dataStreamAddress: "localhost:33505"
clientAddress: "localhost:36175"
adminAddress: "localhost:46501"
startupRole: FOLLOWER
,id: "s1"
address: "localhost:36635"
dataStreamAddress: "localhost:41297"
clientAddress: "localhost:39775"
adminAddress: "localhost:41981"
startupRole: FOLLOWER
,id: "s2"
address: "localhost:36969"
dataStreamAddress: "localhost:38077"
clientAddress: "localhost:40489"
adminAddress: "localhost:37929"
startupRole: FOLLOWER
, old:)]
2022-10-24 03:16:20,579 [s3-server-thread1] INFO  server.RaftServer$Division (RaftServerImpl.java:checkInconsistentAppendEntries(1589)) - s3@group-6912872F20E7: Failed appendEntries as the first entry (index 0) already exists (snapshotIndex: -1, commitIndex: 0)
2022-10-24 03:16:20,579 [s3-server-thread1] INFO  server.RaftServer$Division (RaftServerImpl.java:checkInconsistentAppendEntries(1569)) - s3@group-6912872F20E7: inconsistency entries. Reply:s1<-s3#110:FAIL-t2,INCONSISTENCY,nextIndex=1,followerCommit=0,matchIndex=-1
2022-10-24 03:16:20,580 [s3-server-thread1] DEBUG server.RaftServer$Division (RaftServerImpl.java:logAppendEntries(1418)) - s3@group-6912872F20E7: receive appendEntries(s1, 2, null, 0, true, commits:[s1:c0, s3:c0, s4:c0, s0:c0, s2:c0], cId:111, entries: [(t:2, i:0), CONFIGURATIONENTRY(current:id: "s3"
address: "localhost:39579"
dataStreamAddress: "localhost:46293"
clientAddress: "localhost:33409"
adminAddress: "localhost:42243"
startupRole: FOLLOWER
,id: "s4"
address: "localhost:45747"
dataStreamAddress: "localhost:42993"
clientAddress: "localhost:44435"
adminAddress: "localhost:35149"
startupRole: FOLLOWER
,id: "s0"
address: "localhost:36179"
dataStreamAddress: "localhost:33505"
clientAddress: "localhost:36175"
adminAddress: "localhost:46501"
startupRole: FOLLOWER
,id: "s1"
address: "localhost:36635"
dataStreamAddress: "localhost:41297"
clientAddress: "localhost:39775"
adminAddress: "localhost:41981"
startupRole: FOLLOWER
,id: "s2"
address: "localhost:36969"
dataStreamAddress: "localhost:38077"
clientAddress: "localhost:40489"
adminAddress: "localhost:37929"
startupRole: FOLLOWER
, old:)]
2022-10-24 03:16:20,580 [s3-server-thread1] INFO  server.RaftServer$Division (RaftServerImpl.java:checkInconsistentAppendEntries(1589)) - s3@group-6912872F20E7: Failed appendEntries as the first entry (index 0) already exists (snapshotIndex: -1, commitIndex: 0)
2022-10-24 03:16:20,580 [s3-server-thread1] INFO  server.RaftServer$Division (RaftServerImpl.java:checkInconsistentAppendEntries(1569)) - s3@group-6912872F20E7: inconsistency entries. Reply:s1<-s3#111:FAIL-t2,INCONSISTENCY,nextIndex=1,followerCommit=0,matchIndex=-1
2022-10-24 03:16:20,580 [grpc-default-executor-34] INFO  leader.FollowerInfo (FollowerInfoImpl.java:lambda$new$0(48)) - s1@group-6912872F20E7->s3: nextIndex: updateUnconditionally 1 -> 1
2022-10-24 03:16:20,580 [s3-server-thread1] INFO  server.RaftServer$Division (RaftServerImpl.java:checkInconsistentAppendEntries(1599)) - s3@group-6912872F20E7: Failed appendEntries as previous log entry ((t:2, i:0)) is not found
2022-10-24 03:16:20,581 [s3-server-thread1] INFO  server.RaftServer$Division (RaftServerImpl.java:checkInconsistentAppendEntries(1569)) - s3@group-6912872F20E7: inconsistency entries. Reply:s1<-s3#106:FAIL-t2,INCONSISTENCY,nextIndex=0,followerCommit=0,matchIndex=-1
2022-10-24 03:16:20,581 [grpc-default-executor-8] INFO  leader.FollowerInfo (FollowerInfoImpl.java:lambda$new$0(48)) - s1@group-6912872F20E7->s3: nextIndex: updateUnconditionally 1 -> 1
2022-10-24 03:16:20,581 [grpc-default-executor-25] INFO  leader.FollowerInfo (FollowerInfoImpl.java:lambda$new$0(48)) - s1@group-6912872F20E7->s3: nextIndex: updateUnconditionally 1 -> 0
2022-10-24 03:16:20,581 [s3-server-thread1] INFO  server.RaftServer$Division (RaftServerImpl.java:checkInconsistentAppendEntries(1599)) - s3@group-6912872F20E7: Failed appendEntries as previous log entry ((t:2, i:0)) is not found
2022-10-24 03:16:20,581 [s3-server-thread1] INFO  server.RaftServer$Division (RaftServerImpl.java:checkInconsistentAppendEntries(1569)) - s3@group-6912872F20E7: inconsistency entries. Reply:s1<-s3#107:FAIL-t2,INCONSISTENCY,nextIndex=0,followerCommit=0,matchIndex=-1
2022-10-24 03:16:20,582 [grpc-default-executor-25] INFO  leader.FollowerInfo (FollowerInfoImpl.java:lambda$new$0(48)) - s1@group-6912872F20E7->s3: nextIndex: updateUnconditionally 1 -> 0
2022-10-24 03:16:20,582 [grpc-default-executor-8] INFO  leader.FollowerInfo (FollowerInfoImpl.java:lambda$new$0(48)) - s1@group-6912872F20E7->s3: nextIndex: updateUnconditionally 1 -> 0
2022-10-24 03:16:20,582 [s3-server-thread3] DEBUG server.RaftServer$Division (RaftServerImpl.java:logAppendEntries(1418)) - s3@group-6912872F20E7: receive appendEntries(s1, 2, null, 0, true, commits:[s1:c0, s3:c0, s4:c0, s0:c0, s2:c0], cId:112, entries: [(t:2, i:0), CONFIGURATIONENTRY(current:id: "s3"
address: "localhost:39579"
dataStreamAddress: "localhost:46293"
clientAddress: "localhost:33409"
adminAddress: "localhost:42243"
startupRole: FOLLOWER
,id: "s4"
address: "localhost:45747"
dataStreamAddress: "localhost:42993"
clientAddress: "localhost:44435"
adminAddress: "localhost:35149"
startupRole: FOLLOWER
,id: "s0"
address: "localhost:36179"
dataStreamAddress: "localhost:33505"
clientAddress: "localhost:36175"
adminAddress: "localhost:46501"
startupRole: FOLLOWER
,id: "s1"
address: "localhost:36635"
dataStreamAddress: "localhost:41297"
clientAddress: "localhost:39775"
adminAddress: "localhost:41981"
startupRole: FOLLOWER
,id: "s2"
address: "localhost:36969"
dataStreamAddress: "localhost:38077"
clientAddress: "localhost:40489"
adminAddress: "localhost:37929"
startupRole: FOLLOWER
, old:)]
2022-10-24 03:16:20,583 [s3-server-thread3] INFO  server.RaftServer$Division (RaftServerImpl.java:checkInconsistentAppendEntries(1589)) - s3@group-6912872F20E7: Failed appendEntries as the first entry (index 0) already exists (snapshotIndex: -1, commitIndex: 0)
2022-10-24 03:16:20,583 [s3-server-thread3] INFO  server.RaftServer$Division (RaftServerImpl.java:checkInconsistentAppendEntries(1569)) - s3@group-6912872F20E7: inconsistency entries. Reply:s1<-s3#112:FAIL-t2,INCONSISTENCY,nextIndex=1,followerCommit=0,matchIndex=-1
2022-10-24 03:16:20,583 [s3-server-thread1] INFO  server.RaftServer$Division (RaftServerImpl.java:checkInconsistentAppendEntries(1599)) - s3@group-6912872F20E7: Failed appendEntries as previous log entry ((t:2, i:0)) is not found
2022-10-24 03:16:20,583 [s3-server-thread1] INFO  server.RaftServer$Division (RaftServerImpl.java:checkInconsistentAppendEntries(1569)) - s3@group-6912872F20E7: inconsistency entries. Reply:s1<-s3#108:FAIL-t2,INCONSISTENCY,nextIndex=0,followerCommit=0,matchIndex=-1
2022-10-24 03:16:20,583 [grpc-default-executor-4] INFO  leader.FollowerInfo (FollowerInfoImpl.java:lambda$new$0(48)) - s1@group-6912872F20E7->s3: nextIndex: updateUnconditionally 1 -> 0
2022-10-24 03:16:20,584 [grpc-default-executor-34] INFO  leader.FollowerInfo (FollowerInfoImpl.java:lambda$new$0(48)) - s1@group-6912872F20E7->s3: nextIndex: updateUnconditionally 1 -> 1
2022-10-24 03:16:20,585 [s3-server-thread3] DEBUG server.RaftServer$Division (RaftServerImpl.java:logAppendEntries(1418)) - s3@group-6912872F20E7: receive appendEntries(s1, 2, null, 0, true, commits:[s1:c0, s3:c0, s4:c0, s0:c0, s2:c0], cId:113, entries: [(t:2, i:0), CONFIGURATIONENTRY(current:id: "s3"
address: "localhost:39579"
dataStreamAddress: "localhost:46293"
clientAddress: "localhost:33409"
adminAddress: "localhost:42243"
startupRole: FOLLOWER
,id: "s4"
address: "localhost:45747"
dataStreamAddress: "localhost:42993"
clientAddress: "localhost:44435"
adminAddress: "localhost:35149"
startupRole: FOLLOWER
,id: "s0"
address: "localhost:36179"
dataStreamAddress: "localhost:33505"
clientAddress: "localhost:36175"
adminAddress: "localhost:46501"
startupRole: FOLLOWER
,id: "s1"
address: "localhost:36635"
dataStreamAddress: "localhost:41297"
clientAddress: "localhost:39775"
adminAddress: "localhost:41981"
startupRole: FOLLOWER
,id: "s2"
address: "localhost:36969"
dataStreamAddress: "localhost:38077"
clientAddress: "localhost:40489"
adminAddress: "localhost:37929"
startupRole: FOLLOWER
, old:)]
2022-10-24 03:16:20,585 [s3-server-thread3] INFO  server.RaftServer$Division (RaftServerImpl.java:checkInconsistentAppendEntries(1589)) - s3@group-6912872F20E7: Failed appendEntries as the first entry (index 0) already exists (snapshotIndex: -1, commitIndex: 0)
2022-10-24 03:16:20,585 [s3-server-thread3] INFO  server.RaftServer$Division (RaftServerImpl.java:checkInconsistentAppendEntries(1569)) - s3@group-6912872F20E7: inconsistency entries. Reply:s1<-s3#113:FAIL-t2,INCONSISTENCY,nextIndex=1,followerCommit=0,matchIndex=-1
2022-10-24 03:16:20,585 [s3-server-thread1] INFO  server.RaftServer$Division (RaftServerImpl.java:checkInconsistentAppendEntries(1599)) - s3@group-6912872F20E7: Failed appendEntries as previous log entry ((t:2, i:0)) is not found
2022-10-24 03:16:20,585 [s3-server-thread1] INFO  server.RaftServer$Division (RaftServerImpl.java:checkInconsistentAppendEntries(1569)) - s3@group-6912872F20E7: inconsistency entries. Reply:s1<-s3#109:FAIL-t2,INCONSISTENCY,nextIndex=0,followerCommit=0,matchIndex=-1
2022-10-24 03:16:20,586 [grpc-default-executor-25] INFO  leader.FollowerInfo (FollowerInfoImpl.java:lambda$new$0(48)) - s1@group-6912872F20E7->s3: nextIndex: updateUnconditionally 1 -> 1
2022-10-24 03:16:20,587 [grpc-default-executor-34] INFO  leader.FollowerInfo (FollowerInfoImpl.java:lambda$new$0(48)) - s1@group-6912872F20E7->s3: nextIndex: updateUnconditionally 1 -> 0
2022-10-24 03:16:20,587 [s3-server-thread1] DEBUG server.RaftServer$Division (RaftServerImpl.java:logAppendEntries(1418)) - s3@group-6912872F20E7: receive appendEntries(s1, 2, null, 0, true, commits:[s1:c0, s3:c0, s4:c0, s0:c0, s2:c0], cId:114, entries: [(t:2, i:0), CONFIGURATIONENTRY(current:id: "s3"
address: "localhost:39579"
dataStreamAddress: "localhost:46293"
clientAddress: "localhost:33409"
adminAddress: "localhost:42243"
startupRole: FOLLOWER
,id: "s4"
address: "localhost:45747"
dataStreamAddress: "localhost:42993"
clientAddress: "localhost:44435"
adminAddress: "localhost:35149"
startupRole: FOLLOWER
,id: "s0"
address: "localhost:36179"
dataStreamAddress: "localhost:33505"
clientAddress: "localhost:36175"
adminAddress: "localhost:46501"
startupRole: FOLLOWER
,id: "s1"
address: "localhost:36635"
dataStreamAddress: "localhost:41297"
clientAddress: "localhost:39775"
adminAddress: "localhost:41981"
startupRole: FOLLOWER
,id: "s2"
address: "localhost:36969"
dataStreamAddress: "localhost:38077"
clientAddress: "localhost:40489"
adminAddress: "localhost:37929"
startupRole: FOLLOWER
, old:)]
2022-10-24 03:16:20,587 [s3-server-thread1] INFO  server.RaftServer$Division (RaftServerImpl.java:checkInconsistentAppendEntries(1589)) - s3@group-6912872F20E7: Failed appendEntries as the first entry (index 0) already exists (snapshotIndex: -1, commitIndex: 0)
2022-10-24 03:16:20,587 [s3-server-thread1] INFO  server.RaftServer$Division (RaftServerImpl.java:checkInconsistentAppendEntries(1569)) - s3@group-6912872F20E7: inconsistency entries. Reply:s1<-s3#114:FAIL-t2,INCONSISTENCY,nextIndex=1,followerCommit=0,matchIndex=-1
2022-10-24 03:16:20,588 [grpc-default-executor-34] INFO  leader.FollowerInfo (FollowerInfoImpl.java:lambda$new$0(48)) - s1@group-6912872F20E7->s3: nextIndex: updateUnconditionally 1 -> 1
2022-10-24 03:16:20,588 [s3-server-thread1] DEBUG server.RaftServer$Division (RaftServerImpl.java:logAppendEntries(1418)) - s3@group-6912872F20E7: receive appendEntries(s1, 2, null, 0, true, commits:[s1:c0, s3:c0, s4:c0, s0:c0, s2:c0], cId:115, entries: [(t:2, i:0), CONFIGURATIONENTRY(current:id: "s3"
address: "localhost:39579"
dataStreamAddress: "localhost:46293"
clientAddress: "localhost:33409"
adminAddress: "localhost:42243"
startupRole: FOLLOWER
,id: "s4"
address: "localhost:45747"
dataStreamAddress: "localhost:42993"
clientAddress: "localhost:44435"
adminAddress: "localhost:35149"
startupRole: FOLLOWER
,id: "s0"
address: "localhost:36179"
dataStreamAddress: "localhost:33505"
clientAddress: "localhost:36175"
adminAddress: "localhost:46501"
startupRole: FOLLOWER
,id: "s1"
address: "localhost:36635"
dataStreamAddress: "localhost:41297"
clientAddress: "localhost:39775"
adminAddress: "localhost:41981"
startupRole: FOLLOWER
,id: "s2"
address: "localhost:36969"
dataStreamAddress: "localhost:38077"
clientAddress: "localhost:40489"
adminAddress: "localhost:37929"
startupRole: FOLLOWER
, old:)]
2022-10-24 03:16:20,589 [s3-server-thread1] INFO  server.RaftServer$Division (RaftServerImpl.java:checkInconsistentAppendEntries(1589)) - s3@group-6912872F20E7: Failed appendEntries as the first entry (index 0) already exists (snapshotIndex: -1, commitIndex: 0)
2022-10-24 03:16:20,589 [s3-server-thread1] INFO  server.RaftServer$Division (RaftServerImpl.java:checkInconsistentAppendEntries(1569)) - s3@group-6912872F20E7: inconsistency entries. Reply:s1<-s3#115:FAIL-t2,INCONSISTENCY,nextIndex=1,followerCommit=0,matchIndex=-1
2022-10-24 03:16:20,590 [grpc-default-executor-8] INFO  leader.FollowerInfo (FollowerInfoImpl.java:lambda$new$0(48)) - s1@group-6912872F20E7->s3: nextIndex: updateUnconditionally 1 -> 1
2022-10-24 03:16:20,590 [s3-server-thread1] DEBUG server.RaftServer$Division (RaftServerImpl.java:logAppendEntries(1418)) - s3@group-6912872F20E7: receive appendEntries(s1, 2, null, 0, true, commits:[s1:c0, s3:c0, s4:c0, s0:c0, s2:c0], cId:116, entries: [(t:2, i:0), CONFIGURATIONENTRY(current:id: "s3"
address: "localhost:39579"
dataStreamAddress: "localhost:46293"
clientAddress: "localhost:33409"
adminAddress: "localhost:42243"
startupRole: FOLLOWER
,id: "s4"
address: "localhost:45747"
dataStreamAddress: "localhost:42993"
clientAddress: "localhost:44435"
adminAddress: "localhost:35149"
startupRole: FOLLOWER
,id: "s0"
address: "localhost:36179"
dataStreamAddress: "localhost:33505"
clientAddress: "localhost:36175"
adminAddress: "localhost:46501"
startupRole: FOLLOWER
,id: "s1"
address: "localhost:36635"
dataStreamAddress: "localhost:41297"
clientAddress: "localhost:39775"
adminAddress: "localhost:41981"
startupRole: FOLLOWER
,id: "s2"
address: "localhost:36969"
dataStreamAddress: "localhost:38077"
clientAddress: "localhost:40489"
adminAddress: "localhost:37929"
startupRole: FOLLOWER
, old:)]
2022-10-24 03:16:20,590 [s3-server-thread1] INFO  server.RaftServer$Division (RaftServerImpl.java:checkInconsistentAppendEntries(1589)) - s3@group-6912872F20E7: Failed appendEntries as the first entry (index 0) already exists (snapshotIndex: -1, commitIndex: 0)
2022-10-24 03:16:20,592 [s3-server-thread1] INFO  server.RaftServer$Division (RaftServerImpl.java:checkInconsistentAppendEntries(1569)) - s3@group-6912872F20E7: inconsistency entries. Reply:s1<-s3#116:FAIL-t2,INCONSISTENCY,nextIndex=1,followerCommit=0,matchIndex=-1
2022-10-24 03:16:20,592 [grpc-default-executor-34] INFO  leader.FollowerInfo (FollowerInfoImpl.java:lambda$new$0(48)) - s1@group-6912872F20E7->s3: nextIndex: updateUnconditionally 1 -> 1
2022-10-24 03:16:20,600 [grpc-default-executor-15] INFO  util.CodeInjectionForTesting (BlockRequestHandlingInjection.java:execute(84)) - s3: unBlock request from s0
2022-10-24 03:16:20,600 [grpc-default-executor-15] INFO  server.RaftServer$Division (RaftServerImpl.java:requestVote(1291)) - s3@group-6912872F20E7: receive requestVote(PRE_VOTE, s0, group-6912872F20E7, 2, (t:2, i:0))
2022-10-24 03:16:20,600 [grpc-default-executor-15] INFO  impl.VoteContext (VoteContext.java:log(49)) - s3@group-6912872F20E7-FOLLOWER: reject PRE_VOTE from s0: this server is a follower and still has a valid leader s1
2022-10-24 03:16:20,600 [grpc-default-executor-15] INFO  server.RaftServer$Division (RaftServerImpl.java:requestVote(1324)) - s3@group-6912872F20E7 replies to PRE_VOTE vote request: s0<-s3#0:FAIL-t2. Peer's state: s3@group-6912872F20E7:t2, leader=s1, voted=null, raftlog=Memoized:s3@group-6912872F20E7-SegmentedRaftLog:OPENED:c0, conf=0: peers:[s3|rpc:localhost:39579|admin:localhost:42243|client:localhost:33409|dataStream:localhost:46293|priority:0|startupRole:FOLLOWER, s4|rpc:localhost:45747|admin:localhost:35149|client:localhost:44435|dataStream:localhost:42993|priority:0|startupRole:FOLLOWER, s0|rpc:localhost:36179|admin:localhost:46501|client:localhost:36175|dataStream:localhost:33505|priority:0|startupRole:FOLLOWER, s1|rpc:localhost:36635|admin:localhost:41981|client:localhost:39775|dataStream:localhost:41297|priority:0|startupRole:FOLLOWER, s2|rpc:localhost:36969|admin:localhost:37929|client:localhost:40489|dataStream:localhost:38077|priority:0|startupRole:FOLLOWER]|listeners:[], old=null
2022-10-24 03:16:20,669 [s3-server-thread1] INFO  server.RaftServer$Division (RaftServerImpl.java:checkInconsistentAppendEntries(1599)) - s3@group-6912872F20E7: Failed appendEntries as previous log entry ((t:2, i:0)) is not found
2022-10-24 03:16:20,669 [s3-server-thread1] INFO  server.RaftServer$Division (RaftServerImpl.java:checkInconsistentAppendEntries(1569)) - s3@group-6912872F20E7: inconsistency entries. Reply:s1<-s3#117:FAIL-t2,INCONSISTENCY,nextIndex=0,followerCommit=0,matchIndex=-1
2022-10-24 03:16:20,669 [grpc-default-executor-15] INFO  leader.FollowerInfo (FollowerInfoImpl.java:lambda$new$0(48)) - s1@group-6912872F20E7->s3: nextIndex: updateUnconditionally 1 -> 0
2022-10-24 03:16:20,670 [s3-server-thread1] DEBUG server.RaftServer$Division (RaftServerImpl.java:logAppendEntries(1418)) - s3@group-6912872F20E7: receive appendEntries(s1, 2, null, 0, true, commits:[s1:c0, s3:c0, s4:c0, s0:c0, s2:c0], cId:118, entries: [(t:2, i:0), CONFIGURATIONENTRY(current:id: "s3"
address: "localhost:39579"
dataStreamAddress: "localhost:46293"
clientAddress: "localhost:33409"
adminAddress: "localhost:42243"
startupRole: FOLLOWER
,id: "s4"
address: "localhost:45747"
dataStreamAddress: "localhost:42993"
clientAddress: "localhost:44435"
adminAddress: "localhost:35149"
startupRole: FOLLOWER
,id: "s0"
address: "localhost:36179"
dataStreamAddress: "localhost:33505"
clientAddress: "localhost:36175"
adminAddress: "localhost:46501"
startupRole: FOLLOWER
,id: "s1"
address: "localhost:36635"
dataStreamAddress: "localhost:41297"
clientAddress: "localhost:39775"
adminAddress: "localhost:41981"
startupRole: FOLLOWER
,id: "s2"
address: "localhost:36969"
dataStreamAddress: "localhost:38077"
clientAddress: "localhost:40489"
adminAddress: "localhost:37929"
startupRole: FOLLOWER
, old:)]
2022-10-24 03:16:20,670 [s3-server-thread1] INFO  server.RaftServer$Division (RaftServerImpl.java:checkInconsistentAppendEntries(1589)) - s3@group-6912872F20E7: Failed appendEntries as the first entry (index 0) already exists (snapshotIndex: -1, commitIndex: 0)
2022-10-24 03:16:20,670 [s3-server-thread1] INFO  server.RaftServer$Division (RaftServerImpl.java:checkInconsistentAppendEntries(1569)) - s3@group-6912872F20E7: inconsistency entries. Reply:s1<-s3#118:FAIL-t2,INCONSISTENCY,nextIndex=1,followerCommit=0,matchIndex=-1
2022-10-24 03:16:20,671 [grpc-default-executor-15] INFO  leader.FollowerInfo (FollowerInfoImpl.java:lambda$new$0(48)) - s1@group-6912872F20E7->s3: nextIndex: updateUnconditionally 1 -> 1
2022-10-24 03:16:20,747 [s3-server-thread1] INFO  server.RaftServer$Division (RaftServerImpl.java:checkInconsistentAppendEntries(1599)) - s3@group-6912872F20E7: Failed appendEntries as previous log entry ((t:2, i:0)) is not found
2022-10-24 03:16:20,747 [s3-server-thread1] INFO  server.RaftServer$Division (RaftServerImpl.java:checkInconsistentAppendEntries(1569)) - s3@group-6912872F20E7: inconsistency entries. Reply:s1<-s3#119:FAIL-t2,INCONSISTENCY,nextIndex=0,followerCommit=0,matchIndex=-1
2022-10-24 03:16:20,748 [grpc-default-executor-15] INFO  leader.FollowerInfo (FollowerInfoImpl.java:lambda$new$0(48)) - s1@group-6912872F20E7->s3: nextIndex: updateUnconditionally 1 -> 0
2022-10-24 03:16:20,749 [s3-server-thread1] DEBUG server.RaftServer$Division (RaftServerImpl.java:logAppendEntries(1418)) - s3@group-6912872F20E7: receive appendEntries(s1, 2, null, 0, true, commits:[s1:c0, s3:c0, s4:c0, s0:c0, s2:c0], cId:120, entries: [(t:2, i:0), CONFIGURATIONENTRY(current:id: "s3"
address: "localhost:39579"
dataStreamAddress: "localhost:46293"
clientAddress: "localhost:33409"
adminAddress: "localhost:42243"
startupRole: FOLLOWER
,id: "s4"
address: "localhost:45747"
dataStreamAddress: "localhost:42993"
clientAddress: "localhost:44435"
adminAddress: "localhost:35149"
startupRole: FOLLOWER
,id: "s0"
address: "localhost:36179"
dataStreamAddress: "localhost:33505"
clientAddress: "localhost:36175"
adminAddress: "localhost:46501"
startupRole: FOLLOWER
,id: "s1"
address: "localhost:36635"
dataStreamAddress: "localhost:41297"
clientAddress: "localhost:39775"
adminAddress: "localhost:41981"
startupRole: FOLLOWER
,id: "s2"
address: "localhost:36969"
dataStreamAddress: "localhost:38077"
clientAddress: "localhost:40489"
adminAddress: "localhost:37929"
startupRole: FOLLOWER
, old:)]
2022-10-24 03:16:20,749 [s3-server-thread1] INFO  server.RaftServer$Division (RaftServerImpl.java:checkInconsistentAppendEntries(1589)) - s3@group-6912872F20E7: Failed appendEntries as the first entry (index 0) already exists (snapshotIndex: -1, commitIndex: 0)
2022-10-24 03:16:20,749 [s3-server-thread1] INFO  server.RaftServer$Division (RaftServerImpl.java:checkInconsistentAppendEntries(1569)) - s3@group-6912872F20E7: inconsistency entries. Reply:s1<-s3#120:FAIL-t2,INCONSISTENCY,nextIndex=1,followerCommit=0,matchIndex=-1
2022-10-24 03:16:20,749 [grpc-default-executor-15] INFO  leader.FollowerInfo (FollowerInfoImpl.java:lambda$new$0(48)) - s1@group-6912872F20E7->s3: nextIndex: updateUnconditionally 1 -> 1
2022-10-24 03:16:20,826 [s3-server-thread1] INFO  server.RaftServer$Division (RaftServerImpl.java:checkInconsistentAppendEntries(1599)) - s3@group-6912872F20E7: Failed appendEntries as previous log entry ((t:2, i:0)) is not found
2022-10-24 03:16:20,826 [s3-server-thread1] INFO  server.RaftServer$Division (RaftServerImpl.java:checkInconsistentAppendEntries(1569)) - s3@group-6912872F20E7: inconsistency entries. Reply:s1<-s3#121:FAIL-t2,INCONSISTENCY,nextIndex=0,followerCommit=0,matchIndex=-1
2022-10-24 03:16:20,826 [grpc-default-executor-15] INFO  leader.FollowerInfo (FollowerInfoImpl.java:lambda$new$0(48)) - s1@group-6912872F20E7->s3: nextIndex: updateUnconditionally 1 -> 0
2022-10-24 03:16:20,827 [s3-server-thread1] DEBUG server.RaftServer$Division (RaftServerImpl.java:logAppendEntries(1418)) - s3@group-6912872F20E7: receive appendEntries(s1, 2, null, 0, true, commits:[s1:c0, s3:c0, s4:c0, s0:c0, s2:c0], cId:122, entries: [(t:2, i:0), CONFIGURATIONENTRY(current:id: "s3"
address: "localhost:39579"
dataStreamAddress: "localhost:46293"
clientAddress: "localhost:33409"
adminAddress: "localhost:42243"
startupRole: FOLLOWER
,id: "s4"
address: "localhost:45747"
dataStreamAddress: "localhost:42993"
clientAddress: "localhost:44435"
adminAddress: "localhost:35149"
startupRole: FOLLOWER
,id: "s0"
address: "localhost:36179"
dataStreamAddress: "localhost:33505"
clientAddress: "localhost:36175"
adminAddress: "localhost:46501"
startupRole: FOLLOWER
,id: "s1"
address: "localhost:36635"
dataStreamAddress: "localhost:41297"
clientAddress: "localhost:39775"
adminAddress: "localhost:41981"
startupRole: FOLLOWER
,id: "s2"
address: "localhost:36969"
dataStreamAddress: "localhost:38077"
clientAddress: "localhost:40489"
adminAddress: "localhost:37929"
startupRole: FOLLOWER
, old:)]
2022-10-24 03:16:20,827 [s3-server-thread1] INFO  server.RaftServer$Division (RaftServerImpl.java:checkInconsistentAppendEntries(1589)) - s3@group-6912872F20E7: Failed appendEntries as the first entry (index 0) already exists (snapshotIndex: -1, commitIndex: 0)
2022-10-24 03:16:20,827 [s3-server-thread1] INFO  server.RaftServer$Division (RaftServerImpl.java:checkInconsistentAppendEntries(1569)) - s3@group-6912872F20E7: inconsistency entries. Reply:s1<-s3#122:FAIL-t2,INCONSISTENCY,nextIndex=1,followerCommit=0,matchIndex=-1
2022-10-24 03:16:20,827 [grpc-default-executor-15] INFO  leader.FollowerInfo (FollowerInfoImpl.java:lambda$new$0(48)) - s1@group-6912872F20E7->s3: nextIndex: updateUnconditionally 1 -> 1
2022-10-24 03:16:20,904 [s3-server-thread1] INFO  server.RaftServer$Division (RaftServerImpl.java:checkInconsistentAppendEntries(1599)) - s3@group-6912872F20E7: Failed appendEntries as previous log entry ((t:2, i:0)) is not found
2022-10-24 03:16:20,904 [s3-server-thread1] INFO  server.RaftServer$Division (RaftServerImpl.java:checkInconsistentAppendEntries(1569)) - s3@group-6912872F20E7: inconsistency entries. Reply:s1<-s3#123:FAIL-t2,INCONSISTENCY,nextIndex=0,followerCommit=0,matchIndex=-1
2022-10-24 03:16:20,905 [grpc-default-executor-15] INFO  leader.FollowerInfo (FollowerInfoImpl.java:lambda$new$0(48)) - s1@group-6912872F20E7->s3: nextIndex: updateUnconditionally 1 -> 0
2022-10-24 03:16:20,906 [s3-server-thread1] DEBUG server.RaftServer$Division (RaftServerImpl.java:logAppendEntries(1418)) - s3@group-6912872F20E7: receive appendEntries(s1, 2, null, 0, true, commits:[s1:c0, s3:c0, s4:c0, s0:c0, s2:c0], cId:124, entries: [(t:2, i:0), CONFIGURATIONENTRY(current:id: "s3"
address: "localhost:39579"
dataStreamAddress: "localhost:46293"
clientAddress: "localhost:33409"
adminAddress: "localhost:42243"
startupRole: FOLLOWER
,id: "s4"
address: "localhost:45747"
dataStreamAddress: "localhost:42993"
clientAddress: "localhost:44435"
adminAddress: "localhost:35149"
startupRole: FOLLOWER
,id: "s0"
address: "localhost:36179"
dataStreamAddress: "localhost:33505"
clientAddress: "localhost:36175"
adminAddress: "localhost:46501"
startupRole: FOLLOWER
,id: "s1"
address: "localhost:36635"
dataStreamAddress: "localhost:41297"
clientAddress: "localhost:39775"
adminAddress: "localhost:41981"
startupRole: FOLLOWER
,id: "s2"
address: "localhost:36969"
dataStreamAddress: "localhost:38077"
clientAddress: "localhost:40489"
adminAddress: "localhost:37929"
startupRole: FOLLOWER
, old:)]
2022-10-24 03:16:20,906 [s3-server-thread1] INFO  server.RaftServer$Division (RaftServerImpl.java:checkInconsistentAppendEntries(1589)) - s3@group-6912872F20E7: Failed appendEntries as the first entry (index 0) already exists (snapshotIndex: -1, commitIndex: 0)
2022-10-24 03:16:20,906 [s3-server-thread1] INFO  server.RaftServer$Division (RaftServerImpl.java:checkInconsistentAppendEntries(1569)) - s3@group-6912872F20E7: inconsistency entries. Reply:s1<-s3#124:FAIL-t2,INCONSISTENCY,nextIndex=1,followerCommit=0,matchIndex=-1
2022-10-24 03:16:20,906 [grpc-default-executor-34] INFO  leader.FollowerInfo (FollowerInfoImpl.java:lambda$new$0(48)) - s1@group-6912872F20E7->s3: nextIndex: updateUnconditionally 1 -> 1
2022-10-24 03:16:20,983 [s3-server-thread1] INFO  server.RaftServer$Division (RaftServerImpl.java:checkInconsistentAppendEntries(1599)) - s3@group-6912872F20E7: Failed appendEntries as previous log entry ((t:2, i:0)) is not found
2022-10-24 03:16:20,983 [s3-server-thread1] INFO  server.RaftServer$Division (RaftServerImpl.java:checkInconsistentAppendEntries(1569)) - s3@group-6912872F20E7: inconsistency entries. Reply:s1<-s3#125:FAIL-t2,INCONSISTENCY,nextIndex=0,followerCommit=0,matchIndex=-1
2022-10-24 03:16:20,984 [grpc-default-executor-34] INFO  leader.FollowerInfo (FollowerInfoImpl.java:lambda$new$0(48)) - s1@group-6912872F20E7->s3: nextIndex: updateUnconditionally 1 -> 0
2022-10-24 03:16:20,984 [s3-server-thread1] DEBUG server.RaftServer$Division (RaftServerImpl.java:logAppendEntries(1418)) - s3@group-6912872F20E7: receive appendEntries(s1, 2, null, 0, true, commits:[s1:c0, s3:c0, s4:c0, s0:c0, s2:c0], cId:126, entries: [(t:2, i:0), CONFIGURATIONENTRY(current:id: "s3"
address: "localhost:39579"
dataStreamAddress: "localhost:46293"
clientAddress: "localhost:33409"
adminAddress: "localhost:42243"
startupRole: FOLLOWER
,id: "s4"
address: "localhost:45747"
dataStreamAddress: "localhost:42993"
clientAddress: "localhost:44435"
adminAddress: "localhost:35149"
startupRole: FOLLOWER
,id: "s0"
address: "localhost:36179"
dataStreamAddress: "localhost:33505"
clientAddress: "localhost:36175"
adminAddress: "localhost:46501"
startupRole: FOLLOWER
,id: "s1"
address: "localhost:36635"
dataStreamAddress: "localhost:41297"
clientAddress: "localhost:39775"
adminAddress: "localhost:41981"
startupRole: FOLLOWER
,id: "s2"
address: "localhost:36969"
dataStreamAddress: "localhost:38077"
clientAddress: "localhost:40489"
adminAddress: "localhost:37929"
startupRole: FOLLOWER
, old:)]
2022-10-24 03:16:20,985 [s3-server-thread1] INFO  server.RaftServer$Division (RaftServerImpl.java:checkInconsistentAppendEntries(1589)) - s3@group-6912872F20E7: Failed appendEntries as the first entry (index 0) already exists (snapshotIndex: -1, commitIndex: 0)
2022-10-24 03:16:20,985 [s3-server-thread1] INFO  server.RaftServer$Division (RaftServerImpl.java:checkInconsistentAppendEntries(1569)) - s3@group-6912872F20E7: inconsistency entries. Reply:s1<-s3#126:FAIL-t2,INCONSISTENCY,nextIndex=1,followerCommit=0,matchIndex=-1
2022-10-24 03:16:20,985 [grpc-default-executor-34] INFO  leader.FollowerInfo (FollowerInfoImpl.java:lambda$new$0(48)) - s1@group-6912872F20E7->s3: nextIndex: updateUnconditionally 1 -> 1
2022-10-24 03:16:21,062 [s3-server-thread1] INFO  server.RaftServer$Division (RaftServerImpl.java:checkInconsistentAppendEntries(1599)) - s3@group-6912872F20E7: Failed appendEntries as previous log entry ((t:2, i:0)) is not found
2022-10-24 03:16:21,062 [s3-server-thread1] INFO  server.RaftServer$Division (RaftServerImpl.java:checkInconsistentAppendEntries(1569)) - s3@group-6912872F20E7: inconsistency entries. Reply:s1<-s3#127:FAIL-t2,INCONSISTENCY,nextIndex=0,followerCommit=0,matchIndex=-1
2022-10-24 03:16:21,063 [grpc-default-executor-15] INFO  leader.FollowerInfo (FollowerInfoImpl.java:lambda$new$0(48)) - s1@group-6912872F20E7->s3: nextIndex: updateUnconditionally 1 -> 0
2022-10-24 03:16:21,064 [s3-server-thread1] DEBUG server.RaftServer$Division (RaftServerImpl.java:logAppendEntries(1418)) - s3@group-6912872F20E7: receive appendEntries(s1, 2, null, 0, true, commits:[s1:c0, s3:c0, s4:c0, s0:c0, s2:c0], cId:128, entries: [(t:2, i:0), CONFIGURATIONENTRY(current:id: "s3"
address: "localhost:39579"
dataStreamAddress: "localhost:46293"
clientAddress: "localhost:33409"
adminAddress: "localhost:42243"
startupRole: FOLLOWER
,id: "s4"
address: "localhost:45747"
dataStreamAddress: "localhost:42993"
clientAddress: "localhost:44435"
adminAddress: "localhost:35149"
startupRole: FOLLOWER
,id: "s0"
address: "localhost:36179"
dataStreamAddress: "localhost:33505"
clientAddress: "localhost:36175"
adminAddress: "localhost:46501"
startupRole: FOLLOWER
,id: "s1"
address: "localhost:36635"
dataStreamAddress: "localhost:41297"
clientAddress: "localhost:39775"
adminAddress: "localhost:41981"
startupRole: FOLLOWER
,id: "s2"
address: "localhost:36969"
dataStreamAddress: "localhost:38077"
clientAddress: "localhost:40489"
adminAddress: "localhost:37929"
startupRole: FOLLOWER
, old:)]
2022-10-24 03:16:21,064 [s3-server-thread1] INFO  server.RaftServer$Division (RaftServerImpl.java:checkInconsistentAppendEntries(1589)) - s3@group-6912872F20E7: Failed appendEntries as the first entry (index 0) already exists (snapshotIndex: -1, commitIndex: 0)
2022-10-24 03:16:21,064 [s3-server-thread1] INFO  server.RaftServer$Division (RaftServerImpl.java:checkInconsistentAppendEntries(1569)) - s3@group-6912872F20E7: inconsistency entries. Reply:s1<-s3#128:FAIL-t2,INCONSISTENCY,nextIndex=1,followerCommit=0,matchIndex=-1
2022-10-24 03:16:21,064 [grpc-default-executor-34] INFO  leader.FollowerInfo (FollowerInfoImpl.java:lambda$new$0(48)) - s1@group-6912872F20E7->s3: nextIndex: updateUnconditionally 1 -> 1
2022-10-24 03:16:21,141 [s3-server-thread1] INFO  server.RaftServer$Division (RaftServerImpl.java:checkInconsistentAppendEntries(1599)) - s3@group-6912872F20E7: Failed appendEntries as previous log entry ((t:2, i:0)) is not found
2022-10-24 03:16:21,141 [s3-server-thread1] INFO  server.RaftServer$Division (RaftServerImpl.java:checkInconsistentAppendEntries(1569)) - s3@group-6912872F20E7: inconsistency entries. Reply:s1<-s3#129:FAIL-t2,INCONSISTENCY,nextIndex=0,followerCommit=0,matchIndex=-1
2022-10-24 03:16:21,142 [grpc-default-executor-15] INFO  leader.FollowerInfo (FollowerInfoImpl.java:lambda$new$0(48)) - s1@group-6912872F20E7->s3: nextIndex: updateUnconditionally 1 -> 0
2022-10-24 03:16:21,143 [s3-server-thread1] DEBUG server.RaftServer$Division (RaftServerImpl.java:logAppendEntries(1418)) - s3@group-6912872F20E7: receive appendEntries(s1, 2, null, 0, true, commits:[s1:c0, s3:c0, s4:c0, s0:c0, s2:c0], cId:130, entries: [(t:2, i:0), CONFIGURATIONENTRY(current:id: "s3"
address: "localhost:39579"
dataStreamAddress: "localhost:46293"
clientAddress: "localhost:33409"
adminAddress: "localhost:42243"
startupRole: FOLLOWER
,id: "s4"
address: "localhost:45747"
dataStreamAddress: "localhost:42993"
clientAddress: "localhost:44435"
adminAddress: "localhost:35149"
startupRole: FOLLOWER
,id: "s0"
address: "localhost:36179"
dataStreamAddress: "localhost:33505"
clientAddress: "localhost:36175"
adminAddress: "localhost:46501"
startupRole: FOLLOWER
,id: "s1"
address: "localhost:36635"
dataStreamAddress: "localhost:41297"
clientAddress: "localhost:39775"
adminAddress: "localhost:41981"
startupRole: FOLLOWER
,id: "s2"
address: "localhost:36969"
dataStreamAddress: "localhost:38077"
clientAddress: "localhost:40489"
adminAddress: "localhost:37929"
startupRole: FOLLOWER
, old:)]
2022-10-24 03:16:21,143 [s3-server-thread1] INFO  server.RaftServer$Division (RaftServerImpl.java:checkInconsistentAppendEntries(1589)) - s3@group-6912872F20E7: Failed appendEntries as the first entry (index 0) already exists (snapshotIndex: -1, commitIndex: 0)
2022-10-24 03:16:21,143 [s3-server-thread1] INFO  server.RaftServer$Division (RaftServerImpl.java:checkInconsistentAppendEntries(1569)) - s3@group-6912872F20E7: inconsistency entries. Reply:s1<-s3#130:FAIL-t2,INCONSISTENCY,nextIndex=1,followerCommit=0,matchIndex=-1
2022-10-24 03:16:21,144 [grpc-default-executor-15] INFO  leader.FollowerInfo (FollowerInfoImpl.java:lambda$new$0(48)) - s1@group-6912872F20E7->s3: nextIndex: updateUnconditionally 1 -> 1
2022-10-24 03:16:21,221 [s3-server-thread1] INFO  server.RaftServer$Division (RaftServerImpl.java:checkInconsistentAppendEntries(1599)) - s3@group-6912872F20E7: Failed appendEntries as previous log entry ((t:2, i:0)) is not found
2022-10-24 03:16:21,221 [s3-server-thread1] INFO  server.RaftServer$Division (RaftServerImpl.java:checkInconsistentAppendEntries(1569)) - s3@group-6912872F20E7: inconsistency entries. Reply:s1<-s3#131:FAIL-t2,INCONSISTENCY,nextIndex=0,followerCommit=0,matchIndex=-1
2022-10-24 03:16:21,221 [grpc-default-executor-34] INFO  leader.FollowerInfo (FollowerInfoImpl.java:lambda$new$0(48)) - s1@group-6912872F20E7->s3: nextIndex: updateUnconditionally 1 -> 0
2022-10-24 03:16:21,222 [s3-server-thread1] DEBUG server.RaftServer$Division (RaftServerImpl.java:logAppendEntries(1418)) - s3@group-6912872F20E7: receive appendEntries(s1, 2, null, 0, true, commits:[s1:c0, s3:c0, s4:c0, s0:c0, s2:c0], cId:132, entries: [(t:2, i:0), CONFIGURATIONENTRY(current:id: "s3"
address: "localhost:39579"
dataStreamAddress: "localhost:46293"
clientAddress: "localhost:33409"
adminAddress: "localhost:42243"
startupRole: FOLLOWER
,id: "s4"
address: "localhost:45747"
dataStreamAddress: "localhost:42993"
clientAddress: "localhost:44435"
adminAddress: "localhost:35149"
startupRole: FOLLOWER
,id: "s0"
address: "localhost:36179"
dataStreamAddress: "localhost:33505"
clientAddress: "localhost:36175"
adminAddress: "localhost:46501"
startupRole: FOLLOWER
,id: "s1"
address: "localhost:36635"
dataStreamAddress: "localhost:41297"
clientAddress: "localhost:39775"
adminAddress: "localhost:41981"
startupRole: FOLLOWER
,id: "s2"
address: "localhost:36969"
dataStreamAddress: "localhost:38077"
clientAddress: "localhost:40489"
adminAddress: "localhost:37929"
startupRole: FOLLOWER
, old:)]
2022-10-24 03:16:21,222 [s3-server-thread1] INFO  server.RaftServer$Division (RaftServerImpl.java:checkInconsistentAppendEntries(1589)) - s3@group-6912872F20E7: Failed appendEntries as the first entry (index 0) already exists (snapshotIndex: -1, commitIndex: 0)
2022-10-24 03:16:21,222 [s3-server-thread1] INFO  server.RaftServer$Division (RaftServerImpl.java:checkInconsistentAppendEntries(1569)) - s3@group-6912872F20E7: inconsistency entries. Reply:s1<-s3#132:FAIL-t2,INCONSISTENCY,nextIndex=1,followerCommit=0,matchIndex=-1
2022-10-24 03:16:21,223 [grpc-default-executor-34] INFO  leader.FollowerInfo (FollowerInfoImpl.java:lambda$new$0(48)) - s1@group-6912872F20E7->s3: nextIndex: updateUnconditionally 1 -> 1
2022-10-24 03:16:21,295 [Time-limited test] INFO  grpc.TestLeaderElectionWithGrpc (LeaderElectionTests.java:enforceLeader(292)) - try enforcing leader to s3 but new leader is s1
2022-10-24 03:16:21,295 [Time-limited test] INFO  server.RaftServerConfigKeys (ConfUtils.java:logGet(46)) - raft.server.rpc.timeout.max = 300ms (default)
2022-10-24 03:16:21,299 [s1@group-6912872F20E7->s3-GrpcLogAppender-LogAppenderDaemon] INFO  util.CodeInjectionForTesting (DelayLocalExecutionInjection.java:execute(65)) - s1 delay 150 ms, args=[serverRequest {
  requestorId: "s1"
  replyId: "s3"
  raftGroupId {
    id: "\226\001\321s\341\rE_\235\364i\022\207/ \347"
  }
  callId: 133
  slidingWindowEntry {
  }
}
leaderTerm: 2
previousLog {
  term: 2
}
initializing: true
commitInfos {
  server {
    id: "s1"
    address: "localhost:36635"
    dataStreamAddress: "localhost:41297"
    clientAddress: "localhost:39775"
    adminAddress: "localhost:41981"
    startupRole: FOLLOWER
  }
}
commitInfos {
  server {
    id: "s3"
    address: "localhost:39579"
    dataStreamAddress: "localhost:46293"
    clientAddress: "localhost:33409"
    adminAddress: "localhost:42243"
    startupRole: FOLLOWER
  }
}
commitInfos {
  server {
    id: "s4"
    address: "localhost:45747"
    dataStreamAddress: "localhost:42993"
    clientAddress: "localhost:44435"
    adminAddress: "localhost:35149"
    startupRole: FOLLOWER
  }
}
commitInfos {
  server {
    id: "s0"
    address: "localhost:36179"
    dataStreamAddress: "localhost:33505"
    clientAddress: "localhost:36175"
    adminAddress: "localhost:46501"
    startupRole: FOLLOWER
  }
}
commitInfos {
  server {
    id: "s2"
    address: "localhost:36969"
    dataStreamAddress: "localhost:38077"
    clientAddress: "localhost:40489"
    adminAddress: "localhost:37929"
    startupRole: FOLLOWER
  }
}
]
2022-10-24 03:16:21,305 [s1@group-6912872F20E7->s4-GrpcLogAppender-LogAppenderDaemon] INFO  util.CodeInjectionForTesting (DelayLocalExecutionInjection.java:execute(65)) - s1 delay 150 ms, args=[serverRequest {
  requestorId: "s1"
  replyId: "s4"
  raftGroupId {
    id: "\226\001\321s\341\rE_\235\364i\022\207/ \347"
  }
  callId: 66
  slidingWindowEntry {
  }
}
leaderTerm: 2
previousLog {
  term: 2
}
initializing: true
commitInfos {
  server {
    id: "s1"
    address: "localhost:36635"
    dataStreamAddress: "localhost:41297"
    clientAddress: "localhost:39775"
    adminAddress: "localhost:41981"
    startupRole: FOLLOWER
  }
}
commitInfos {
  server {
    id: "s3"
    address: "localhost:39579"
    dataStreamAddress: "localhost:46293"
    clientAddress: "localhost:33409"
    adminAddress: "localhost:42243"
    startupRole: FOLLOWER
  }
}
commitInfos {
  server {
    id: "s4"
    address: "localhost:45747"
    dataStreamAddress: "localhost:42993"
    clientAddress: "localhost:44435"
    adminAddress: "localhost:35149"
    startupRole: FOLLOWER
  }
}
commitInfos {
  server {
    id: "s0"
    address: "localhost:36179"
    dataStreamAddress: "localhost:33505"
    clientAddress: "localhost:36175"
    adminAddress: "localhost:46501"
    startupRole: FOLLOWER
  }
}
commitInfos {
  server {
    id: "s2"
    address: "localhost:36969"
    dataStreamAddress: "localhost:38077"
    clientAddress: "localhost:40489"
    adminAddress: "localhost:37929"
    startupRole: FOLLOWER
  }
}
]
2022-10-24 03:16:21,307 [s1@group-6912872F20E7->s2-GrpcLogAppender-LogAppenderDaemon] INFO  util.CodeInjectionForTesting (DelayLocalExecutionInjection.java:execute(65)) - s1 delay 150 ms, args=[serverRequest {
  requestorId: "s1"
  replyId: "s2"
  raftGroupId {
    id: "\226\001\321s\341\rE_\235\364i\022\207/ \347"
  }
  callId: 66
  slidingWindowEntry {
  }
}
leaderTerm: 2
previousLog {
  term: 2
}
initializing: true
commitInfos {
  server {
    id: "s1"
    address: "localhost:36635"
    dataStreamAddress: "localhost:41297"
    clientAddress: "localhost:39775"
    adminAddress: "localhost:41981"
    startupRole: FOLLOWER
  }
}
commitInfos {
  server {
    id: "s3"
    address: "localhost:39579"
    dataStreamAddress: "localhost:46293"
    clientAddress: "localhost:33409"
    adminAddress: "localhost:42243"
    startupRole: FOLLOWER
  }
}
commitInfos {
  server {
    id: "s4"
    address: "localhost:45747"
    dataStreamAddress: "localhost:42993"
    clientAddress: "localhost:44435"
    adminAddress: "localhost:35149"
    startupRole: FOLLOWER
  }
}
commitInfos {
  server {
    id: "s0"
    address: "localhost:36179"
    dataStreamAddress: "localhost:33505"
    clientAddress: "localhost:36175"
    adminAddress: "localhost:46501"
    startupRole: FOLLOWER
  }
}
commitInfos {
  server {
    id: "s2"
    address: "localhost:36969"
    dataStreamAddress: "localhost:38077"
    clientAddress: "localhost:40489"
    adminAddress: "localhost:37929"
    startupRole: FOLLOWER
  }
}
]
2022-10-24 03:16:21,307 [s1@group-6912872F20E7->s0-GrpcLogAppender-LogAppenderDaemon] INFO  util.CodeInjectionForTesting (DelayLocalExecutionInjection.java:execute(65)) - s1 delay 150 ms, args=[serverRequest {
  requestorId: "s1"
  replyId: "s0"
  raftGroupId {
    id: "\226\001\321s\341\rE_\235\364i\022\207/ \347"
  }
  callId: 67
  slidingWindowEntry {
  }
}
leaderTerm: 2
previousLog {
  term: 2
}
initializing: true
commitInfos {
  server {
    id: "s1"
    address: "localhost:36635"
    dataStreamAddress: "localhost:41297"
    clientAddress: "localhost:39775"
    adminAddress: "localhost:41981"
    startupRole: FOLLOWER
  }
}
commitInfos {
  server {
    id: "s3"
    address: "localhost:39579"
    dataStreamAddress: "localhost:46293"
    clientAddress: "localhost:33409"
    adminAddress: "localhost:42243"
    startupRole: FOLLOWER
  }
}
commitInfos {
  server {
    id: "s4"
    address: "localhost:45747"
    dataStreamAddress: "localhost:42993"
    clientAddress: "localhost:44435"
    adminAddress: "localhost:35149"
    startupRole: FOLLOWER
  }
}
commitInfos {
  server {
    id: "s0"
    address: "localhost:36179"
    dataStreamAddress: "localhost:33505"
    clientAddress: "localhost:36175"
    adminAddress: "localhost:46501"
    startupRole: FOLLOWER
  }
}
commitInfos {
  server {
    id: "s2"
    address: "localhost:36969"
    dataStreamAddress: "localhost:38077"
    clientAddress: "localhost:40489"
    adminAddress: "localhost:37929"
    startupRole: FOLLOWER
  }
}
]
2022-10-24 03:16:21,450 [s3-server-thread1] INFO  util.CodeInjectionForTesting (BlockRequestHandlingInjection.java:execute(77)) - s3: Block request from s1
2022-10-24 03:16:21,487 [s1@group-6912872F20E7->s3-GrpcLogAppender-LogAppenderDaemon] INFO  util.CodeInjectionForTesting (DelayLocalExecutionInjection.java:execute(65)) - s1 delay 150 ms, args=[serverRequest {
  requestorId: "s1"
  replyId: "s3"
  raftGroupId {
    id: "\226\001\321s\341\rE_\235\364i\022\207/ \347"
  }
  callId: 134
  slidingWindowEntry {
  }
}
leaderTerm: 2
previousLog {
  term: 2
}
initializing: true
commitInfos {
  server {
    id: "s1"
    address: "localhost:36635"
    dataStreamAddress: "localhost:41297"
    clientAddress: "localhost:39775"
    adminAddress: "localhost:41981"
    startupRole: FOLLOWER
  }
}
commitInfos {
  server {
    id: "s3"
    address: "localhost:39579"
    dataStreamAddress: "localhost:46293"
    clientAddress: "localhost:33409"
    adminAddress: "localhost:42243"
    startupRole: FOLLOWER
  }
}
commitInfos {
  server {
    id: "s4"
    address: "localhost:45747"
    dataStreamAddress: "localhost:42993"
    clientAddress: "localhost:44435"
    adminAddress: "localhost:35149"
    startupRole: FOLLOWER
  }
}
commitInfos {
  server {
    id: "s0"
    address: "localhost:36179"
    dataStreamAddress: "localhost:33505"
    clientAddress: "localhost:36175"
    adminAddress: "localhost:46501"
    startupRole: FOLLOWER
  }
}
commitInfos {
  server {
    id: "s2"
    address: "localhost:36969"
    dataStreamAddress: "localhost:38077"
    clientAddress: "localhost:40489"
    adminAddress: "localhost:37929"
    startupRole: FOLLOWER
  }
}
]
2022-10-24 03:16:21,533 [s1@group-6912872F20E7->s4-GrpcLogAppender-LogAppenderDaemon] INFO  util.CodeInjectionForTesting (DelayLocalExecutionInjection.java:execute(65)) - s1 delay 150 ms, args=[serverRequest {
  requestorId: "s1"
  replyId: "s4"
  raftGroupId {
    id: "\226\001\321s\341\rE_\235\364i\022\207/ \347"
  }
  callId: 67
  slidingWindowEntry {
  }
}
leaderTerm: 2
previousLog {
  term: 2
}
initializing: true
commitInfos {
  server {
    id: "s1"
    address: "localhost:36635"
    dataStreamAddress: "localhost:41297"
    clientAddress: "localhost:39775"
    adminAddress: "localhost:41981"
    startupRole: FOLLOWER
  }
}
commitInfos {
  server {
    id: "s3"
    address: "localhost:39579"
    dataStreamAddress: "localhost:46293"
    clientAddress: "localhost:33409"
    adminAddress: "localhost:42243"
    startupRole: FOLLOWER
  }
}
commitInfos {
  server {
    id: "s4"
    address: "localhost:45747"
    dataStreamAddress: "localhost:42993"
    clientAddress: "localhost:44435"
    adminAddress: "localhost:35149"
    startupRole: FOLLOWER
  }
}
commitInfos {
  server {
    id: "s0"
    address: "localhost:36179"
    dataStreamAddress: "localhost:33505"
    clientAddress: "localhost:36175"
    adminAddress: "localhost:46501"
    startupRole: FOLLOWER
  }
}
commitInfos {
  server {
    id: "s2"
    address: "localhost:36969"
    dataStreamAddress: "localhost:38077"
    clientAddress: "localhost:40489"
    adminAddress: "localhost:37929"
    startupRole: FOLLOWER
  }
}
]
2022-10-24 03:16:21,534 [s1@group-6912872F20E7->s2-GrpcLogAppender-LogAppenderDaemon] INFO  util.CodeInjectionForTesting (DelayLocalExecutionInjection.java:execute(65)) - s1 delay 150 ms, args=[serverRequest {
  requestorId: "s1"
  replyId: "s2"
  raftGroupId {
    id: "\226\001\321s\341\rE_\235\364i\022\207/ \347"
  }
  callId: 67
  slidingWindowEntry {
  }
}
leaderTerm: 2
previousLog {
  term: 2
}
initializing: true
commitInfos {
  server {
    id: "s1"
    address: "localhost:36635"
    dataStreamAddress: "localhost:41297"
    clientAddress: "localhost:39775"
    adminAddress: "localhost:41981"
    startupRole: FOLLOWER
  }
}
commitInfos {
  server {
    id: "s3"
    address: "localhost:39579"
    dataStreamAddress: "localhost:46293"
    clientAddress: "localhost:33409"
    adminAddress: "localhost:42243"
    startupRole: FOLLOWER
  }
}
commitInfos {
  server {
    id: "s4"
    address: "localhost:45747"
    dataStreamAddress: "localhost:42993"
    clientAddress: "localhost:44435"
    adminAddress: "localhost:35149"
    startupRole: FOLLOWER
  }
}
commitInfos {
  server {
    id: "s0"
    address: "localhost:36179"
    dataStreamAddress: "localhost:33505"
    clientAddress: "localhost:36175"
    adminAddress: "localhost:46501"
    startupRole: FOLLOWER
  }
}
commitInfos {
  server {
    id: "s2"
    address: "localhost:36969"
    dataStreamAddress: "localhost:38077"
    clientAddress: "localhost:40489"
    adminAddress: "localhost:37929"
    startupRole: FOLLOWER
  }
}
]
2022-10-24 03:16:21,534 [s1@group-6912872F20E7->s0-GrpcLogAppender-LogAppenderDaemon] INFO  util.CodeInjectionForTesting (DelayLocalExecutionInjection.java:execute(65)) - s1 delay 150 ms, args=[serverRequest {
  requestorId: "s1"
  replyId: "s0"
  raftGroupId {
    id: "\226\001\321s\341\rE_\235\364i\022\207/ \347"
  }
  callId: 68
  slidingWindowEntry {
  }
}
leaderTerm: 2
previousLog {
  term: 2
}
initializing: true
commitInfos {
  server {
    id: "s1"
    address: "localhost:36635"
    dataStreamAddress: "localhost:41297"
    clientAddress: "localhost:39775"
    adminAddress: "localhost:41981"
    startupRole: FOLLOWER
  }
}
commitInfos {
  server {
    id: "s3"
    address: "localhost:39579"
    dataStreamAddress: "localhost:46293"
    clientAddress: "localhost:33409"
    adminAddress: "localhost:42243"
    startupRole: FOLLOWER
  }
}
commitInfos {
  server {
    id: "s4"
    address: "localhost:45747"
    dataStreamAddress: "localhost:42993"
    clientAddress: "localhost:44435"
    adminAddress: "localhost:35149"
    startupRole: FOLLOWER
  }
}
commitInfos {
  server {
    id: "s0"
    address: "localhost:36179"
    dataStreamAddress: "localhost:33505"
    clientAddress: "localhost:36175"
    adminAddress: "localhost:46501"
    startupRole: FOLLOWER
  }
}
commitInfos {
  server {
    id: "s2"
    address: "localhost:36969"
    dataStreamAddress: "localhost:38077"
    clientAddress: "localhost:40489"
    adminAddress: "localhost:37929"
    startupRole: FOLLOWER
  }
}
]
2022-10-24 03:16:21,579 [s3@group-6912872F20E7-FollowerState] INFO  impl.FollowerState (FollowerState.java:run(143)) - s3@group-6912872F20E7-FollowerState: change to CANDIDATE, lastRpcElapsedTime:356252454ns, electionTimeout:161ms
2022-10-24 03:16:21,579 [s3@group-6912872F20E7-FollowerState] INFO  impl.RoleInfo (RoleInfo.java:shutdownFollowerState(110)) - s3: shutdown s3@group-6912872F20E7-FollowerState
2022-10-24 03:16:21,579 [s3@group-6912872F20E7-FollowerState] INFO  server.RaftServer$Division (RaftServerImpl.java:setRole(325)) - s3@group-6912872F20E7: changes role from  FOLLOWER to CANDIDATE at term 2 for changeToCandidate
2022-10-24 03:16:21,579 [s3@group-6912872F20E7-FollowerState] INFO  server.RaftServerConfigKeys (ConfUtils.java:logGet(46)) - raft.server.leaderelection.pre-vote = true (default)
2022-10-24 03:16:21,579 [s3@group-6912872F20E7-FollowerState] INFO  impl.RoleInfo (RoleInfo.java:updateAndGet(139)) - s3: start s3@group-6912872F20E7-LeaderElection24
2022-10-24 03:16:21,580 [s3@group-6912872F20E7-LeaderElection24] INFO  server.RaftServer$Division (ServerState.java:setLeader(259)) - s3@group-6912872F20E7: change Leader from s1 to null at term 2 for PRE_VOTE
2022-10-24 03:16:21,580 [s3@group-6912872F20E7-LeaderElection24] INFO  impl.LeaderElection (LeaderElection.java:askForVotes(309)) - s3@group-6912872F20E7-LeaderElection24 PRE_VOTE round 0: submit vote requests at term 2 for 0: peers:[s3|rpc:localhost:39579|admin:localhost:42243|client:localhost:33409|dataStream:localhost:46293|priority:0|startupRole:FOLLOWER, s4|rpc:localhost:45747|admin:localhost:35149|client:localhost:44435|dataStream:localhost:42993|priority:0|startupRole:FOLLOWER, s0|rpc:localhost:36179|admin:localhost:46501|client:localhost:36175|dataStream:localhost:33505|priority:0|startupRole:FOLLOWER, s1|rpc:localhost:36635|admin:localhost:41981|client:localhost:39775|dataStream:localhost:41297|priority:0|startupRole:FOLLOWER, s2|rpc:localhost:36969|admin:localhost:37929|client:localhost:40489|dataStream:localhost:38077|priority:0|startupRole:FOLLOWER]|listeners:[], old=null
2022-10-24 03:16:21,582 [grpc-default-executor-8] INFO  server.RaftServer$Division (RaftServerImpl.java:requestVote(1291)) - s4@group-6912872F20E7: receive requestVote(PRE_VOTE, s3, group-6912872F20E7, 2, (t:1, i:0))
2022-10-24 03:16:21,582 [grpc-default-executor-8] INFO  impl.VoteContext (VoteContext.java:log(49)) - s4@group-6912872F20E7-FOLLOWER: reject PRE_VOTE from s3: this server is a follower and still has a valid leader s1
2022-10-24 03:16:21,582 [grpc-default-executor-8] INFO  server.RaftServer$Division (RaftServerImpl.java:requestVote(1324)) - s4@group-6912872F20E7 replies to PRE_VOTE vote request: s3<-s4#0:FAIL-t2. Peer's state: s4@group-6912872F20E7:t2, leader=s1, voted=s1, raftlog=Memoized:s4@group-6912872F20E7-SegmentedRaftLog:OPENED:c0, conf=0: peers:[s3|rpc:localhost:39579|admin:localhost:42243|client:localhost:33409|dataStream:localhost:46293|priority:0|startupRole:FOLLOWER, s4|rpc:localhost:45747|admin:localhost:35149|client:localhost:44435|dataStream:localhost:42993|priority:0|startupRole:FOLLOWER, s0|rpc:localhost:36179|admin:localhost:46501|client:localhost:36175|dataStream:localhost:33505|priority:0|startupRole:FOLLOWER, s1|rpc:localhost:36635|admin:localhost:41981|client:localhost:39775|dataStream:localhost:41297|priority:0|startupRole:FOLLOWER, s2|rpc:localhost:36969|admin:localhost:37929|client:localhost:40489|dataStream:localhost:38077|priority:0|startupRole:FOLLOWER]|listeners:[], old=null
2022-10-24 03:16:21,583 [grpc-default-executor-8] INFO  server.RaftServer$Division (RaftServerImpl.java:requestVote(1291)) - s0@group-6912872F20E7: receive requestVote(PRE_VOTE, s3, group-6912872F20E7, 2, (t:1, i:0))
2022-10-24 03:16:21,583 [grpc-default-executor-8] INFO  impl.VoteContext (VoteContext.java:log(49)) - s0@group-6912872F20E7-FOLLOWER: reject PRE_VOTE from s3: this server is a follower and still has a valid leader s1
2022-10-24 03:16:21,583 [grpc-default-executor-8] INFO  server.RaftServer$Division (RaftServerImpl.java:requestVote(1324)) - s0@group-6912872F20E7 replies to PRE_VOTE vote request: s3<-s0#0:FAIL-t2. Peer's state: s0@group-6912872F20E7:t2, leader=s1, voted=s1, raftlog=Memoized:s0@group-6912872F20E7-SegmentedRaftLog:OPENED:c0, conf=0: peers:[s3|rpc:localhost:39579|admin:localhost:42243|client:localhost:33409|dataStream:localhost:46293|priority:0|startupRole:FOLLOWER, s4|rpc:localhost:45747|admin:localhost:35149|client:localhost:44435|dataStream:localhost:42993|priority:0|startupRole:FOLLOWER, s0|rpc:localhost:36179|admin:localhost:46501|client:localhost:36175|dataStream:localhost:33505|priority:0|startupRole:FOLLOWER, s1|rpc:localhost:36635|admin:localhost:41981|client:localhost:39775|dataStream:localhost:41297|priority:0|startupRole:FOLLOWER, s2|rpc:localhost:36969|admin:localhost:37929|client:localhost:40489|dataStream:localhost:38077|priority:0|startupRole:FOLLOWER]|listeners:[], old=null
2022-10-24 03:16:21,584 [grpc-default-executor-8] INFO  server.RaftServer$Division (RaftServerImpl.java:requestVote(1291)) - s1@group-6912872F20E7: receive requestVote(PRE_VOTE, s3, group-6912872F20E7, 2, (t:1, i:0))
2022-10-24 03:16:21,584 [grpc-default-executor-8] INFO  impl.VoteContext (VoteContext.java:log(49)) - s1@group-6912872F20E7-LEADER: reject PRE_VOTE from s3: this server is the leader and still has leadership
2022-10-24 03:16:21,584 [grpc-default-executor-8] INFO  server.RaftServer$Division (RaftServerImpl.java:requestVote(1324)) - s1@group-6912872F20E7 replies to PRE_VOTE vote request: s3<-s1#0:FAIL-t2. Peer's state: s1@group-6912872F20E7:t2, leader=s1, voted=s1, raftlog=Memoized:s1@group-6912872F20E7-SegmentedRaftLog:OPENED:c0, conf=0: peers:[s3|rpc:localhost:39579|admin:localhost:42243|client:localhost:33409|dataStream:localhost:46293|priority:0|startupRole:FOLLOWER, s4|rpc:localhost:45747|admin:localhost:35149|client:localhost:44435|dataStream:localhost:42993|priority:0|startupRole:FOLLOWER, s0|rpc:localhost:36179|admin:localhost:46501|client:localhost:36175|dataStream:localhost:33505|priority:0|startupRole:FOLLOWER, s1|rpc:localhost:36635|admin:localhost:41981|client:localhost:39775|dataStream:localhost:41297|priority:0|startupRole:FOLLOWER, s2|rpc:localhost:36969|admin:localhost:37929|client:localhost:40489|dataStream:localhost:38077|priority:0|startupRole:FOLLOWER]|listeners:[], old=null
2022-10-24 03:16:21,588 [s3@group-6912872F20E7-LeaderElection24] INFO  impl.LeaderElection (LeaderElection.java:logAndReturn(89)) - s3@group-6912872F20E7-LeaderElection24: PRE_VOTE REJECTED received 3 response(s) and 0 exception(s):
2022-10-24 03:16:21,588 [s3@group-6912872F20E7-LeaderElection24] INFO  impl.LeaderElection (LeaderElection.java:logAndReturn(93)) -   Response 0: s3<-s4#0:FAIL-t2
2022-10-24 03:16:21,588 [s3@group-6912872F20E7-LeaderElection24] INFO  impl.LeaderElection (LeaderElection.java:logAndReturn(93)) -   Response 1: s3<-s0#0:FAIL-t2
2022-10-24 03:16:21,588 [s3@group-6912872F20E7-LeaderElection24] INFO  impl.LeaderElection (LeaderElection.java:logAndReturn(93)) -   Response 2: s3<-s1#0:FAIL-t2
2022-10-24 03:16:21,588 [s3@group-6912872F20E7-LeaderElection24] INFO  impl.LeaderElection (LeaderElection.java:askForVotes(311)) - s3@group-6912872F20E7-LeaderElection24 PRE_VOTE round 0: result REJECTED
2022-10-24 03:16:21,588 [s3@group-6912872F20E7-LeaderElection24] INFO  server.RaftServer$Division (RaftServerImpl.java:setRole(325)) - s3@group-6912872F20E7: changes role from CANDIDATE to FOLLOWER at term 2 for REJECTED
2022-10-24 03:16:21,588 [s3@group-6912872F20E7-LeaderElection24] INFO  impl.RoleInfo (RoleInfo.java:shutdownLeaderElection(130)) - s3: shutdown s3@group-6912872F20E7-LeaderElection24
2022-10-24 03:16:21,588 [s3@group-6912872F20E7-LeaderElection24] INFO  impl.RoleInfo (RoleInfo.java:updateAndGet(139)) - s3: start s3@group-6912872F20E7-FollowerState
2022-10-24 03:16:21,588 [grpc-default-executor-8] INFO  server.RaftServer$Division (RaftServerImpl.java:requestVote(1291)) - s2@group-6912872F20E7: receive requestVote(PRE_VOTE, s3, group-6912872F20E7, 2, (t:1, i:0))
2022-10-24 03:16:21,588 [grpc-default-executor-8] INFO  impl.VoteContext (VoteContext.java:log(49)) - s2@group-6912872F20E7-FOLLOWER: reject PRE_VOTE from s3: this server is a follower and still has a valid leader s1
2022-10-24 03:16:21,589 [grpc-default-executor-8] INFO  server.RaftServer$Division (RaftServerImpl.java:requestVote(1324)) - s2@group-6912872F20E7 replies to PRE_VOTE vote request: s3<-s2#0:FAIL-t2. Peer's state: s2@group-6912872F20E7:t2, leader=s1, voted=s1, raftlog=Memoized:s2@group-6912872F20E7-SegmentedRaftLog:OPENED:c0, conf=0: peers:[s3|rpc:localhost:39579|admin:localhost:42243|client:localhost:33409|dataStream:localhost:46293|priority:0|startupRole:FOLLOWER, s4|rpc:localhost:45747|admin:localhost:35149|client:localhost:44435|dataStream:localhost:42993|priority:0|startupRole:FOLLOWER, s0|rpc:localhost:36179|admin:localhost:46501|client:localhost:36175|dataStream:localhost:33505|priority:0|startupRole:FOLLOWER, s1|rpc:localhost:36635|admin:localhost:41981|client:localhost:39775|dataStream:localhost:41297|priority:0|startupRole:FOLLOWER, s2|rpc:localhost:36969|admin:localhost:37929|client:localhost:40489|dataStream:localhost:38077|priority:0|startupRole:FOLLOWER]|listeners:[], old=null
2022-10-24 03:16:21,676 [s1@group-6912872F20E7->s3-GrpcLogAppender-LogAppenderDaemon] INFO  util.CodeInjectionForTesting (DelayLocalExecutionInjection.java:execute(65)) - s1 delay 150 ms, args=[serverRequest {
  requestorId: "s1"
  replyId: "s3"
  raftGroupId {
    id: "\226\001\321s\341\rE_\235\364i\022\207/ \347"
  }
  callId: 135
  slidingWindowEntry {
  }
}
leaderTerm: 2
previousLog {
  term: 2
}
initializing: true
commitInfos {
  server {
    id: "s1"
    address: "localhost:36635"
    dataStreamAddress: "localhost:41297"
    clientAddress: "localhost:39775"
    adminAddress: "localhost:41981"
    startupRole: FOLLOWER
  }
}
commitInfos {
  server {
    id: "s3"
    address: "localhost:39579"
    dataStreamAddress: "localhost:46293"
    clientAddress: "localhost:33409"
    adminAddress: "localhost:42243"
    startupRole: FOLLOWER
  }
}
commitInfos {
  server {
    id: "s4"
    address: "localhost:45747"
    dataStreamAddress: "localhost:42993"
    clientAddress: "localhost:44435"
    adminAddress: "localhost:35149"
    startupRole: FOLLOWER
  }
}
commitInfos {
  server {
    id: "s0"
    address: "localhost:36179"
    dataStreamAddress: "localhost:33505"
    clientAddress: "localhost:36175"
    adminAddress: "localhost:46501"
    startupRole: FOLLOWER
  }
}
commitInfos {
  server {
    id: "s2"
    address: "localhost:36969"
    dataStreamAddress: "localhost:38077"
    clientAddress: "localhost:40489"
    adminAddress: "localhost:37929"
    startupRole: FOLLOWER
  }
}
]
2022-10-24 03:16:21,741 [s3@group-6912872F20E7-FollowerState] INFO  impl.FollowerState (FollowerState.java:run(143)) - s3@group-6912872F20E7-FollowerState: change to CANDIDATE, lastRpcElapsedTime:152252276ns, electionTimeout:151ms
2022-10-24 03:16:21,741 [s3@group-6912872F20E7-FollowerState] INFO  impl.RoleInfo (RoleInfo.java:shutdownFollowerState(110)) - s3: shutdown s3@group-6912872F20E7-FollowerState
2022-10-24 03:16:21,741 [s3@group-6912872F20E7-FollowerState] INFO  server.RaftServer$Division (RaftServerImpl.java:setRole(325)) - s3@group-6912872F20E7: changes role from  FOLLOWER to CANDIDATE at term 2 for changeToCandidate
2022-10-24 03:16:21,741 [s3@group-6912872F20E7-FollowerState] INFO  server.RaftServerConfigKeys (ConfUtils.java:logGet(46)) - raft.server.leaderelection.pre-vote = true (default)
2022-10-24 03:16:21,741 [s3@group-6912872F20E7-FollowerState] INFO  impl.RoleInfo (RoleInfo.java:updateAndGet(139)) - s3: start s3@group-6912872F20E7-LeaderElection25
2022-10-24 03:16:21,742 [s3@group-6912872F20E7-LeaderElection25] INFO  impl.LeaderElection (LeaderElection.java:askForVotes(309)) - s3@group-6912872F20E7-LeaderElection25 PRE_VOTE round 0: submit vote requests at term 2 for 0: peers:[s3|rpc:localhost:39579|admin:localhost:42243|client:localhost:33409|dataStream:localhost:46293|priority:0|startupRole:FOLLOWER, s4|rpc:localhost:45747|admin:localhost:35149|client:localhost:44435|dataStream:localhost:42993|priority:0|startupRole:FOLLOWER, s0|rpc:localhost:36179|admin:localhost:46501|client:localhost:36175|dataStream:localhost:33505|priority:0|startupRole:FOLLOWER, s1|rpc:localhost:36635|admin:localhost:41981|client:localhost:39775|dataStream:localhost:41297|priority:0|startupRole:FOLLOWER, s2|rpc:localhost:36969|admin:localhost:37929|client:localhost:40489|dataStream:localhost:38077|priority:0|startupRole:FOLLOWER]|listeners:[], old=null
2022-10-24 03:16:21,744 [grpc-default-executor-8] INFO  server.RaftServer$Division (RaftServerImpl.java:requestVote(1291)) - s4@group-6912872F20E7: receive requestVote(PRE_VOTE, s3, group-6912872F20E7, 2, (t:1, i:0))
2022-10-24 03:16:21,744 [grpc-default-executor-8] INFO  impl.VoteContext (VoteContext.java:log(49)) - s4@group-6912872F20E7-FOLLOWER: reject PRE_VOTE from s3: this server is a follower and still has a valid leader s1
2022-10-24 03:16:21,744 [grpc-default-executor-8] INFO  server.RaftServer$Division (RaftServerImpl.java:requestVote(1324)) - s4@group-6912872F20E7 replies to PRE_VOTE vote request: s3<-s4#0:FAIL-t2. Peer's state: s4@group-6912872F20E7:t2, leader=s1, voted=s1, raftlog=Memoized:s4@group-6912872F20E7-SegmentedRaftLog:OPENED:c0, conf=0: peers:[s3|rpc:localhost:39579|admin:localhost:42243|client:localhost:33409|dataStream:localhost:46293|priority:0|startupRole:FOLLOWER, s4|rpc:localhost:45747|admin:localhost:35149|client:localhost:44435|dataStream:localhost:42993|priority:0|startupRole:FOLLOWER, s0|rpc:localhost:36179|admin:localhost:46501|client:localhost:36175|dataStream:localhost:33505|priority:0|startupRole:FOLLOWER, s1|rpc:localhost:36635|admin:localhost:41981|client:localhost:39775|dataStream:localhost:41297|priority:0|startupRole:FOLLOWER, s2|rpc:localhost:36969|admin:localhost:37929|client:localhost:40489|dataStream:localhost:38077|priority:0|startupRole:FOLLOWER]|listeners:[], old=null
2022-10-24 03:16:21,745 [grpc-default-executor-8] INFO  server.RaftServer$Division (RaftServerImpl.java:requestVote(1291)) - s0@group-6912872F20E7: receive requestVote(PRE_VOTE, s3, group-6912872F20E7, 2, (t:1, i:0))
2022-10-24 03:16:21,745 [grpc-default-executor-8] INFO  impl.VoteContext (VoteContext.java:log(49)) - s0@group-6912872F20E7-FOLLOWER: reject PRE_VOTE from s3: this server is a follower and still has a valid leader s1
2022-10-24 03:16:21,745 [grpc-default-executor-8] INFO  server.RaftServer$Division (RaftServerImpl.java:requestVote(1324)) - s0@group-6912872F20E7 replies to PRE_VOTE vote request: s3<-s0#0:FAIL-t2. Peer's state: s0@group-6912872F20E7:t2, leader=s1, voted=s1, raftlog=Memoized:s0@group-6912872F20E7-SegmentedRaftLog:OPENED:c0, conf=0: peers:[s3|rpc:localhost:39579|admin:localhost:42243|client:localhost:33409|dataStream:localhost:46293|priority:0|startupRole:FOLLOWER, s4|rpc:localhost:45747|admin:localhost:35149|client:localhost:44435|dataStream:localhost:42993|priority:0|startupRole:FOLLOWER, s0|rpc:localhost:36179|admin:localhost:46501|client:localhost:36175|dataStream:localhost:33505|priority:0|startupRole:FOLLOWER, s1|rpc:localhost:36635|admin:localhost:41981|client:localhost:39775|dataStream:localhost:41297|priority:0|startupRole:FOLLOWER, s2|rpc:localhost:36969|admin:localhost:37929|client:localhost:40489|dataStream:localhost:38077|priority:0|startupRole:FOLLOWER]|listeners:[], old=null
2022-10-24 03:16:21,749 [grpc-default-executor-25] INFO  server.RaftServer$Division (RaftServerImpl.java:requestVote(1291)) - s1@group-6912872F20E7: receive requestVote(PRE_VOTE, s3, group-6912872F20E7, 2, (t:1, i:0))
2022-10-24 03:16:21,749 [grpc-default-executor-25] INFO  impl.VoteContext (VoteContext.java:log(49)) - s1@group-6912872F20E7-LEADER: reject PRE_VOTE from s3: this server is the leader and still has leadership
2022-10-24 03:16:21,749 [grpc-default-executor-25] INFO  server.RaftServer$Division (RaftServerImpl.java:requestVote(1324)) - s1@group-6912872F20E7 replies to PRE_VOTE vote request: s3<-s1#0:FAIL-t2. Peer's state: s1@group-6912872F20E7:t2, leader=s1, voted=s1, raftlog=Memoized:s1@group-6912872F20E7-SegmentedRaftLog:OPENED:c0, conf=0: peers:[s3|rpc:localhost:39579|admin:localhost:42243|client:localhost:33409|dataStream:localhost:46293|priority:0|startupRole:FOLLOWER, s4|rpc:localhost:45747|admin:localhost:35149|client:localhost:44435|dataStream:localhost:42993|priority:0|startupRole:FOLLOWER, s0|rpc:localhost:36179|admin:localhost:46501|client:localhost:36175|dataStream:localhost:33505|priority:0|startupRole:FOLLOWER, s1|rpc:localhost:36635|admin:localhost:41981|client:localhost:39775|dataStream:localhost:41297|priority:0|startupRole:FOLLOWER, s2|rpc:localhost:36969|admin:localhost:37929|client:localhost:40489|dataStream:localhost:38077|priority:0|startupRole:FOLLOWER]|listeners:[], old=null
2022-10-24 03:16:21,750 [s3@group-6912872F20E7-LeaderElection25] INFO  impl.LeaderElection (LeaderElection.java:logAndReturn(89)) - s3@group-6912872F20E7-LeaderElection25: PRE_VOTE REJECTED received 3 response(s) and 0 exception(s):
2022-10-24 03:16:21,750 [s3@group-6912872F20E7-LeaderElection25] INFO  impl.LeaderElection (LeaderElection.java:logAndReturn(93)) -   Response 0: s3<-s4#0:FAIL-t2
2022-10-24 03:16:21,750 [s3@group-6912872F20E7-LeaderElection25] INFO  impl.LeaderElection (LeaderElection.java:logAndReturn(93)) -   Response 1: s3<-s0#0:FAIL-t2
2022-10-24 03:16:21,750 [s3@group-6912872F20E7-LeaderElection25] INFO  impl.LeaderElection (LeaderElection.java:logAndReturn(93)) -   Response 2: s3<-s1#0:FAIL-t2
2022-10-24 03:16:21,750 [s3@group-6912872F20E7-LeaderElection25] INFO  impl.LeaderElection (LeaderElection.java:askForVotes(311)) - s3@group-6912872F20E7-LeaderElection25 PRE_VOTE round 0: result REJECTED
2022-10-24 03:16:21,750 [s3@group-6912872F20E7-LeaderElection25] INFO  server.RaftServer$Division (RaftServerImpl.java:setRole(325)) - s3@group-6912872F20E7: changes role from CANDIDATE to FOLLOWER at term 2 for REJECTED
2022-10-24 03:16:21,750 [s3@group-6912872F20E7-LeaderElection25] INFO  impl.RoleInfo (RoleInfo.java:shutdownLeaderElection(130)) - s3: shutdown s3@group-6912872F20E7-LeaderElection25
2022-10-24 03:16:21,750 [s3@group-6912872F20E7-LeaderElection25] INFO  impl.RoleInfo (RoleInfo.java:updateAndGet(139)) - s3: start s3@group-6912872F20E7-FollowerState
2022-10-24 03:16:21,752 [grpc-default-executor-25] INFO  server.RaftServer$Division (RaftServerImpl.java:requestVote(1291)) - s2@group-6912872F20E7: receive requestVote(PRE_VOTE, s3, group-6912872F20E7, 2, (t:1, i:0))
2022-10-24 03:16:21,752 [grpc-default-executor-25] INFO  impl.VoteContext (VoteContext.java:log(49)) - s2@group-6912872F20E7-FOLLOWER: reject PRE_VOTE from s3: this server is a follower and still has a valid leader s1
2022-10-24 03:16:21,752 [grpc-default-executor-25] INFO  server.RaftServer$Division (RaftServerImpl.java:requestVote(1324)) - s2@group-6912872F20E7 replies to PRE_VOTE vote request: s3<-s2#0:FAIL-t2. Peer's state: s2@group-6912872F20E7:t2, leader=s1, voted=s1, raftlog=Memoized:s2@group-6912872F20E7-SegmentedRaftLog:OPENED:c0, conf=0: peers:[s3|rpc:localhost:39579|admin:localhost:42243|client:localhost:33409|dataStream:localhost:46293|priority:0|startupRole:FOLLOWER, s4|rpc:localhost:45747|admin:localhost:35149|client:localhost:44435|dataStream:localhost:42993|priority:0|startupRole:FOLLOWER, s0|rpc:localhost:36179|admin:localhost:46501|client:localhost:36175|dataStream:localhost:33505|priority:0|startupRole:FOLLOWER, s1|rpc:localhost:36635|admin:localhost:41981|client:localhost:39775|dataStream:localhost:41297|priority:0|startupRole:FOLLOWER, s2|rpc:localhost:36969|admin:localhost:37929|client:localhost:40489|dataStream:localhost:38077|priority:0|startupRole:FOLLOWER]|listeners:[], old=null
2022-10-24 03:16:21,761 [s1@group-6912872F20E7->s0-GrpcLogAppender-LogAppenderDaemon] INFO  util.CodeInjectionForTesting (DelayLocalExecutionInjection.java:execute(65)) - s1 delay 150 ms, args=[serverRequest {
  requestorId: "s1"
  replyId: "s0"
  raftGroupId {
    id: "\226\001\321s\341\rE_\235\364i\022\207/ \347"
  }
  callId: 69
  slidingWindowEntry {
  }
}
leaderTerm: 2
previousLog {
  term: 2
}
initializing: true
commitInfos {
  server {
    id: "s1"
    address: "localhost:36635"
    dataStreamAddress: "localhost:41297"
    clientAddress: "localhost:39775"
    adminAddress: "localhost:41981"
    startupRole: FOLLOWER
  }
}
commitInfos {
  server {
    id: "s3"
    address: "localhost:39579"
    dataStreamAddress: "localhost:46293"
    clientAddress: "localhost:33409"
    adminAddress: "localhost:42243"
    startupRole: FOLLOWER
  }
}
commitInfos {
  server {
    id: "s4"
    address: "localhost:45747"
    dataStreamAddress: "localhost:42993"
    clientAddress: "localhost:44435"
    adminAddress: "localhost:35149"
    startupRole: FOLLOWER
  }
}
commitInfos {
  server {
    id: "s0"
    address: "localhost:36179"
    dataStreamAddress: "localhost:33505"
    clientAddress: "localhost:36175"
    adminAddress: "localhost:46501"
    startupRole: FOLLOWER
  }
}
commitInfos {
  server {
    id: "s2"
    address: "localhost:36969"
    dataStreamAddress: "localhost:38077"
    clientAddress: "localhost:40489"
    adminAddress: "localhost:37929"
    startupRole: FOLLOWER
  }
}
]
2022-10-24 03:16:21,761 [s1@group-6912872F20E7->s2-GrpcLogAppender-LogAppenderDaemon] INFO  util.CodeInjectionForTesting (DelayLocalExecutionInjection.java:execute(65)) - s1 delay 150 ms, args=[serverRequest {
  requestorId: "s1"
  replyId: "s2"
  raftGroupId {
    id: "\226\001\321s\341\rE_\235\364i\022\207/ \347"
  }
  callId: 68
  slidingWindowEntry {
  }
}
leaderTerm: 2
previousLog {
  term: 2
}
initializing: true
commitInfos {
  server {
    id: "s1"
    address: "localhost:36635"
    dataStreamAddress: "localhost:41297"
    clientAddress: "localhost:39775"
    adminAddress: "localhost:41981"
    startupRole: FOLLOWER
  }
}
commitInfos {
  server {
    id: "s3"
    address: "localhost:39579"
    dataStreamAddress: "localhost:46293"
    clientAddress: "localhost:33409"
    adminAddress: "localhost:42243"
    startupRole: FOLLOWER
  }
}
commitInfos {
  server {
    id: "s4"
    address: "localhost:45747"
    dataStreamAddress: "localhost:42993"
    clientAddress: "localhost:44435"
    adminAddress: "localhost:35149"
    startupRole: FOLLOWER
  }
}
commitInfos {
  server {
    id: "s0"
    address: "localhost:36179"
    dataStreamAddress: "localhost:33505"
    clientAddress: "localhost:36175"
    adminAddress: "localhost:46501"
    startupRole: FOLLOWER
  }
}
commitInfos {
  server {
    id: "s2"
    address: "localhost:36969"
    dataStreamAddress: "localhost:38077"
    clientAddress: "localhost:40489"
    adminAddress: "localhost:37929"
    startupRole: FOLLOWER
  }
}
]
2022-10-24 03:16:21,761 [s1@group-6912872F20E7->s4-GrpcLogAppender-LogAppenderDaemon] INFO  util.CodeInjectionForTesting (DelayLocalExecutionInjection.java:execute(65)) - s1 delay 150 ms, args=[serverRequest {
  requestorId: "s1"
  replyId: "s4"
  raftGroupId {
    id: "\226\001\321s\341\rE_\235\364i\022\207/ \347"
  }
  callId: 68
  slidingWindowEntry {
  }
}
leaderTerm: 2
previousLog {
  term: 2
}
initializing: true
commitInfos {
  server {
    id: "s1"
    address: "localhost:36635"
    dataStreamAddress: "localhost:41297"
    clientAddress: "localhost:39775"
    adminAddress: "localhost:41981"
    startupRole: FOLLOWER
  }
}
commitInfos {
  server {
    id: "s3"
    address: "localhost:39579"
    dataStreamAddress: "localhost:46293"
    clientAddress: "localhost:33409"
    adminAddress: "localhost:42243"
    startupRole: FOLLOWER
  }
}
commitInfos {
  server {
    id: "s4"
    address: "localhost:45747"
    dataStreamAddress: "localhost:42993"
    clientAddress: "localhost:44435"
    adminAddress: "localhost:35149"
    startupRole: FOLLOWER
  }
}
commitInfos {
  server {
    id: "s0"
    address: "localhost:36179"
    dataStreamAddress: "localhost:33505"
    clientAddress: "localhost:36175"
    adminAddress: "localhost:46501"
    startupRole: FOLLOWER
  }
}
commitInfos {
  server {
    id: "s2"
    address: "localhost:36969"
    dataStreamAddress: "localhost:38077"
    clientAddress: "localhost:40489"
    adminAddress: "localhost:37929"
    startupRole: FOLLOWER
  }
}
]
2022-10-24 03:16:21,864 [s1@group-6912872F20E7->s3-GrpcLogAppender-LogAppenderDaemon] INFO  util.CodeInjectionForTesting (DelayLocalExecutionInjection.java:execute(65)) - s1 delay 150 ms, args=[serverRequest {
  requestorId: "s1"
  replyId: "s3"
  raftGroupId {
    id: "\226\001\321s\341\rE_\235\364i\022\207/ \347"
  }
  callId: 136
  slidingWindowEntry {
  }
}
leaderTerm: 2
previousLog {
  term: 2
}
initializing: true
commitInfos {
  server {
    id: "s1"
    address: "localhost:36635"
    dataStreamAddress: "localhost:41297"
    clientAddress: "localhost:39775"
    adminAddress: "localhost:41981"
    startupRole: FOLLOWER
  }
}
commitInfos {
  server {
    id: "s3"
    address: "localhost:39579"
    dataStreamAddress: "localhost:46293"
    clientAddress: "localhost:33409"
    adminAddress: "localhost:42243"
    startupRole: FOLLOWER
  }
}
commitInfos {
  server {
    id: "s4"
    address: "localhost:45747"
    dataStreamAddress: "localhost:42993"
    clientAddress: "localhost:44435"
    adminAddress: "localhost:35149"
    startupRole: FOLLOWER
  }
}
commitInfos {
  server {
    id: "s0"
    address: "localhost:36179"
    dataStreamAddress: "localhost:33505"
    clientAddress: "localhost:36175"
    adminAddress: "localhost:46501"
    startupRole: FOLLOWER
  }
}
commitInfos {
  server {
    id: "s2"
    address: "localhost:36969"
    dataStreamAddress: "localhost:38077"
    clientAddress: "localhost:40489"
    adminAddress: "localhost:37929"
    startupRole: FOLLOWER
  }
}
]
2022-10-24 03:16:21,900 [s0@group-6912872F20E7-FollowerState] INFO  impl.FollowerState (FollowerState.java:run(143)) - s0@group-6912872F20E7-FollowerState: change to CANDIDATE, lastRpcElapsedTime:215255787ns, electionTimeout:194ms
2022-10-24 03:16:21,900 [s0@group-6912872F20E7-FollowerState] INFO  impl.RoleInfo (RoleInfo.java:shutdownFollowerState(110)) - s0: shutdown s0@group-6912872F20E7-FollowerState
2022-10-24 03:16:21,900 [s0@group-6912872F20E7-FollowerState] INFO  server.RaftServer$Division (RaftServerImpl.java:setRole(325)) - s0@group-6912872F20E7: changes role from  FOLLOWER to CANDIDATE at term 2 for changeToCandidate
2022-10-24 03:16:21,900 [s0@group-6912872F20E7-FollowerState] INFO  server.RaftServerConfigKeys (ConfUtils.java:logGet(46)) - raft.server.leaderelection.pre-vote = true (default)
2022-10-24 03:16:21,900 [s0@group-6912872F20E7-FollowerState] INFO  impl.RoleInfo (RoleInfo.java:updateAndGet(139)) - s0: start s0@group-6912872F20E7-LeaderElection26
2022-10-24 03:16:21,901 [s0@group-6912872F20E7-LeaderElection26] INFO  server.RaftServer$Division (ServerState.java:setLeader(259)) - s0@group-6912872F20E7: change Leader from s1 to null at term 2 for PRE_VOTE
2022-10-24 03:16:21,901 [s0@group-6912872F20E7-LeaderElection26] INFO  impl.LeaderElection (LeaderElection.java:askForVotes(309)) - s0@group-6912872F20E7-LeaderElection26 PRE_VOTE round 0: submit vote requests at term 2 for 0: peers:[s3|rpc:localhost:39579|admin:localhost:42243|client:localhost:33409|dataStream:localhost:46293|priority:0|startupRole:FOLLOWER, s4|rpc:localhost:45747|admin:localhost:35149|client:localhost:44435|dataStream:localhost:42993|priority:0|startupRole:FOLLOWER, s0|rpc:localhost:36179|admin:localhost:46501|client:localhost:36175|dataStream:localhost:33505|priority:0|startupRole:FOLLOWER, s1|rpc:localhost:36635|admin:localhost:41981|client:localhost:39775|dataStream:localhost:41297|priority:0|startupRole:FOLLOWER, s2|rpc:localhost:36969|admin:localhost:37929|client:localhost:40489|dataStream:localhost:38077|priority:0|startupRole:FOLLOWER]|listeners:[], old=null
2022-10-24 03:16:21,904 [s0@group-6912872F20E7-LeaderElection26-2] INFO  util.CodeInjectionForTesting (DelayLocalExecutionInjection.java:execute(65)) - s0 delay 150 ms, args=[serverRequest {
  requestorId: "s0"
  replyId: "s4"
  raftGroupId {
    id: "\226\001\321s\341\rE_\235\364i\022\207/ \347"
  }
  slidingWindowEntry {
  }
}
candidateTerm: 2
candidateLastEntry {
  term: 2
}
preVote: true
]
2022-10-24 03:16:21,904 [s0@group-6912872F20E7-LeaderElection26-3] INFO  util.CodeInjectionForTesting (DelayLocalExecutionInjection.java:execute(65)) - s0 delay 150 ms, args=[serverRequest {
  requestorId: "s0"
  replyId: "s1"
  raftGroupId {
    id: "\226\001\321s\341\rE_\235\364i\022\207/ \347"
  }
  slidingWindowEntry {
  }
}
candidateTerm: 2
candidateLastEntry {
  term: 2
}
preVote: true
]
2022-10-24 03:16:21,904 [s0@group-6912872F20E7-LeaderElection26-1] INFO  util.CodeInjectionForTesting (DelayLocalExecutionInjection.java:execute(65)) - s0 delay 150 ms, args=[serverRequest {
  requestorId: "s0"
  replyId: "s3"
  raftGroupId {
    id: "\226\001\321s\341\rE_\235\364i\022\207/ \347"
  }
  slidingWindowEntry {
  }
}
candidateTerm: 2
candidateLastEntry {
  term: 2
}
preVote: true
]
2022-10-24 03:16:21,906 [s0@group-6912872F20E7-LeaderElection26-4] INFO  util.CodeInjectionForTesting (DelayLocalExecutionInjection.java:execute(65)) - s0 delay 150 ms, args=[serverRequest {
  requestorId: "s0"
  replyId: "s2"
  raftGroupId {
    id: "\226\001\321s\341\rE_\235\364i\022\207/ \347"
  }
  slidingWindowEntry {
  }
}
candidateTerm: 2
candidateLastEntry {
  term: 2
}
preVote: true
]
2022-10-24 03:16:21,912 [s0-server-thread2] INFO  server.RaftServer$Division (RaftServerImpl.java:setRole(325)) - s0@group-6912872F20E7: changes role from CANDIDATE to FOLLOWER at term 2 for appendEntries
2022-10-24 03:16:21,912 [s0-server-thread2] INFO  impl.RoleInfo (RoleInfo.java:shutdownLeaderElection(130)) - s0: shutdown s0@group-6912872F20E7-LeaderElection26
2022-10-24 03:16:21,912 [s0-server-thread2] INFO  impl.RoleInfo (RoleInfo.java:updateAndGet(139)) - s0: start s0@group-6912872F20E7-FollowerState
2022-10-24 03:16:21,913 [s0-server-thread2] INFO  server.RaftServer$Division (ServerState.java:setLeader(259)) - s0@group-6912872F20E7: change Leader from null to s1 at term 2 for appendEntries, leader elected after 11ms
2022-10-24 03:16:21,989 [s1@group-6912872F20E7->s0-GrpcLogAppender-LogAppenderDaemon] INFO  util.CodeInjectionForTesting (DelayLocalExecutionInjection.java:execute(65)) - s1 delay 150 ms, args=[serverRequest {
  requestorId: "s1"
  replyId: "s0"
  raftGroupId {
    id: "\226\001\321s\341\rE_\235\364i\022\207/ \347"
  }
  callId: 70
  slidingWindowEntry {
  }
}
leaderTerm: 2
previousLog {
  term: 2
}
initializing: true
commitInfos {
  server {
    id: "s1"
    address: "localhost:36635"
    dataStreamAddress: "localhost:41297"
    clientAddress: "localhost:39775"
    adminAddress: "localhost:41981"
    startupRole: FOLLOWER
  }
}
commitInfos {
  server {
    id: "s3"
    address: "localhost:39579"
    dataStreamAddress: "localhost:46293"
    clientAddress: "localhost:33409"
    adminAddress: "localhost:42243"
    startupRole: FOLLOWER
  }
}
commitInfos {
  server {
    id: "s4"
    address: "localhost:45747"
    dataStreamAddress: "localhost:42993"
    clientAddress: "localhost:44435"
    adminAddress: "localhost:35149"
    startupRole: FOLLOWER
  }
}
commitInfos {
  server {
    id: "s0"
    address: "localhost:36179"
    dataStreamAddress: "localhost:33505"
    clientAddress: "localhost:36175"
    adminAddress: "localhost:46501"
    startupRole: FOLLOWER
  }
}
commitInfos {
  server {
    id: "s2"
    address: "localhost:36969"
    dataStreamAddress: "localhost:38077"
    clientAddress: "localhost:40489"
    adminAddress: "localhost:37929"
    startupRole: FOLLOWER
  }
}
]
2022-10-24 03:16:21,990 [s1@group-6912872F20E7->s2-GrpcLogAppender-LogAppenderDaemon] INFO  util.CodeInjectionForTesting (DelayLocalExecutionInjection.java:execute(65)) - s1 delay 150 ms, args=[serverRequest {
  requestorId: "s1"
  replyId: "s2"
  raftGroupId {
    id: "\226\001\321s\341\rE_\235\364i\022\207/ \347"
  }
  callId: 69
  slidingWindowEntry {
  }
}
leaderTerm: 2
previousLog {
  term: 2
}
initializing: true
commitInfos {
  server {
    id: "s1"
    address: "localhost:36635"
    dataStreamAddress: "localhost:41297"
    clientAddress: "localhost:39775"
    adminAddress: "localhost:41981"
    startupRole: FOLLOWER
  }
}
commitInfos {
  server {
    id: "s3"
    address: "localhost:39579"
    dataStreamAddress: "localhost:46293"
    clientAddress: "localhost:33409"
    adminAddress: "localhost:42243"
    startupRole: FOLLOWER
  }
}
commitInfos {
  server {
    id: "s4"
    address: "localhost:45747"
    dataStreamAddress: "localhost:42993"
    clientAddress: "localhost:44435"
    adminAddress: "localhost:35149"
    startupRole: FOLLOWER
  }
}
commitInfos {
  server {
    id: "s0"
    address: "localhost:36179"
    dataStreamAddress: "localhost:33505"
    clientAddress: "localhost:36175"
    adminAddress: "localhost:46501"
    startupRole: FOLLOWER
  }
}
commitInfos {
  server {
    id: "s2"
    address: "localhost:36969"
    dataStreamAddress: "localhost:38077"
    clientAddress: "localhost:40489"
    adminAddress: "localhost:37929"
    startupRole: FOLLOWER
  }
}
]
2022-10-24 03:16:21,989 [s1@group-6912872F20E7->s4-GrpcLogAppender-LogAppenderDaemon] INFO  util.CodeInjectionForTesting (DelayLocalExecutionInjection.java:execute(65)) - s1 delay 150 ms, args=[serverRequest {
  requestorId: "s1"
  replyId: "s4"
  raftGroupId {
    id: "\226\001\321s\341\rE_\235\364i\022\207/ \347"
  }
  callId: 69
  slidingWindowEntry {
  }
}
leaderTerm: 2
previousLog {
  term: 2
}
initializing: true
commitInfos {
  server {
    id: "s1"
    address: "localhost:36635"
    dataStreamAddress: "localhost:41297"
    clientAddress: "localhost:39775"
    adminAddress: "localhost:41981"
    startupRole: FOLLOWER
  }
}
commitInfos {
  server {
    id: "s3"
    address: "localhost:39579"
    dataStreamAddress: "localhost:46293"
    clientAddress: "localhost:33409"
    adminAddress: "localhost:42243"
    startupRole: FOLLOWER
  }
}
commitInfos {
  server {
    id: "s4"
    address: "localhost:45747"
    dataStreamAddress: "localhost:42993"
    clientAddress: "localhost:44435"
    adminAddress: "localhost:35149"
    startupRole: FOLLOWER
  }
}
commitInfos {
  server {
    id: "s0"
    address: "localhost:36179"
    dataStreamAddress: "localhost:33505"
    clientAddress: "localhost:36175"
    adminAddress: "localhost:46501"
    startupRole: FOLLOWER
  }
}
commitInfos {
  server {
    id: "s2"
    address: "localhost:36969"
    dataStreamAddress: "localhost:38077"
    clientAddress: "localhost:40489"
    adminAddress: "localhost:37929"
    startupRole: FOLLOWER
  }
}
]
2022-10-24 03:16:22,031 [s3@group-6912872F20E7-FollowerState] INFO  impl.FollowerState (FollowerState.java:run(143)) - s3@group-6912872F20E7-FollowerState: change to CANDIDATE, lastRpcElapsedTime:280637620ns, electionTimeout:280ms
2022-10-24 03:16:22,031 [s3@group-6912872F20E7-FollowerState] INFO  impl.RoleInfo (RoleInfo.java:shutdownFollowerState(110)) - s3: shutdown s3@group-6912872F20E7-FollowerState
2022-10-24 03:16:22,031 [s3@group-6912872F20E7-FollowerState] INFO  server.RaftServer$Division (RaftServerImpl.java:setRole(325)) - s3@group-6912872F20E7: changes role from  FOLLOWER to CANDIDATE at term 2 for changeToCandidate
2022-10-24 03:16:22,031 [s3@group-6912872F20E7-FollowerState] INFO  server.RaftServerConfigKeys (ConfUtils.java:logGet(46)) - raft.server.leaderelection.pre-vote = true (default)
2022-10-24 03:16:22,031 [s3@group-6912872F20E7-FollowerState] INFO  impl.RoleInfo (RoleInfo.java:updateAndGet(139)) - s3: start s3@group-6912872F20E7-LeaderElection27
2022-10-24 03:16:22,032 [s3@group-6912872F20E7-LeaderElection27] INFO  impl.LeaderElection (LeaderElection.java:askForVotes(309)) - s3@group-6912872F20E7-LeaderElection27 PRE_VOTE round 0: submit vote requests at term 2 for 0: peers:[s3|rpc:localhost:39579|admin:localhost:42243|client:localhost:33409|dataStream:localhost:46293|priority:0|startupRole:FOLLOWER, s4|rpc:localhost:45747|admin:localhost:35149|client:localhost:44435|dataStream:localhost:42993|priority:0|startupRole:FOLLOWER, s0|rpc:localhost:36179|admin:localhost:46501|client:localhost:36175|dataStream:localhost:33505|priority:0|startupRole:FOLLOWER, s1|rpc:localhost:36635|admin:localhost:41981|client:localhost:39775|dataStream:localhost:41297|priority:0|startupRole:FOLLOWER, s2|rpc:localhost:36969|admin:localhost:37929|client:localhost:40489|dataStream:localhost:38077|priority:0|startupRole:FOLLOWER]|listeners:[], old=null
2022-10-24 03:16:22,035 [grpc-default-executor-15] INFO  server.RaftServer$Division (RaftServerImpl.java:requestVote(1291)) - s4@group-6912872F20E7: receive requestVote(PRE_VOTE, s3, group-6912872F20E7, 2, (t:1, i:0))
2022-10-24 03:16:22,035 [grpc-default-executor-15] INFO  impl.VoteContext (VoteContext.java:log(49)) - s4@group-6912872F20E7-FOLLOWER: reject PRE_VOTE from s3: this server is a follower and still has a valid leader s1
2022-10-24 03:16:22,035 [grpc-default-executor-15] INFO  server.RaftServer$Division (RaftServerImpl.java:requestVote(1324)) - s4@group-6912872F20E7 replies to PRE_VOTE vote request: s3<-s4#0:FAIL-t2. Peer's state: s4@group-6912872F20E7:t2, leader=s1, voted=s1, raftlog=Memoized:s4@group-6912872F20E7-SegmentedRaftLog:OPENED:c0, conf=0: peers:[s3|rpc:localhost:39579|admin:localhost:42243|client:localhost:33409|dataStream:localhost:46293|priority:0|startupRole:FOLLOWER, s4|rpc:localhost:45747|admin:localhost:35149|client:localhost:44435|dataStream:localhost:42993|priority:0|startupRole:FOLLOWER, s0|rpc:localhost:36179|admin:localhost:46501|client:localhost:36175|dataStream:localhost:33505|priority:0|startupRole:FOLLOWER, s1|rpc:localhost:36635|admin:localhost:41981|client:localhost:39775|dataStream:localhost:41297|priority:0|startupRole:FOLLOWER, s2|rpc:localhost:36969|admin:localhost:37929|client:localhost:40489|dataStream:localhost:38077|priority:0|startupRole:FOLLOWER]|listeners:[], old=null
2022-10-24 03:16:22,037 [grpc-default-executor-15] INFO  server.RaftServer$Division (RaftServerImpl.java:requestVote(1291)) - s0@group-6912872F20E7: receive requestVote(PRE_VOTE, s3, group-6912872F20E7, 2, (t:1, i:0))
2022-10-24 03:16:22,037 [grpc-default-executor-15] INFO  impl.VoteContext (VoteContext.java:log(49)) - s0@group-6912872F20E7-FOLLOWER: reject PRE_VOTE from s3: this server is a follower and still has a valid leader s1
2022-10-24 03:16:22,038 [grpc-default-executor-15] INFO  server.RaftServer$Division (RaftServerImpl.java:requestVote(1324)) - s0@group-6912872F20E7 replies to PRE_VOTE vote request: s3<-s0#0:FAIL-t2. Peer's state: s0@group-6912872F20E7:t2, leader=s1, voted=s1, raftlog=Memoized:s0@group-6912872F20E7-SegmentedRaftLog:OPENED:c0, conf=0: peers:[s3|rpc:localhost:39579|admin:localhost:42243|client:localhost:33409|dataStream:localhost:46293|priority:0|startupRole:FOLLOWER, s4|rpc:localhost:45747|admin:localhost:35149|client:localhost:44435|dataStream:localhost:42993|priority:0|startupRole:FOLLOWER, s0|rpc:localhost:36179|admin:localhost:46501|client:localhost:36175|dataStream:localhost:33505|priority:0|startupRole:FOLLOWER, s1|rpc:localhost:36635|admin:localhost:41981|client:localhost:39775|dataStream:localhost:41297|priority:0|startupRole:FOLLOWER, s2|rpc:localhost:36969|admin:localhost:37929|client:localhost:40489|dataStream:localhost:38077|priority:0|startupRole:FOLLOWER]|listeners:[], old=null
2022-10-24 03:16:22,039 [grpc-default-executor-25] INFO  server.RaftServer$Division (RaftServerImpl.java:requestVote(1291)) - s1@group-6912872F20E7: receive requestVote(PRE_VOTE, s3, group-6912872F20E7, 2, (t:1, i:0))
2022-10-24 03:16:22,039 [grpc-default-executor-25] INFO  impl.VoteContext (VoteContext.java:log(49)) - s1@group-6912872F20E7-LEADER: reject PRE_VOTE from s3: this server is the leader and still has leadership
2022-10-24 03:16:22,039 [grpc-default-executor-25] INFO  server.RaftServer$Division (RaftServerImpl.java:requestVote(1324)) - s1@group-6912872F20E7 replies to PRE_VOTE vote request: s3<-s1#0:FAIL-t2. Peer's state: s1@group-6912872F20E7:t2, leader=s1, voted=s1, raftlog=Memoized:s1@group-6912872F20E7-SegmentedRaftLog:OPENED:c0, conf=0: peers:[s3|rpc:localhost:39579|admin:localhost:42243|client:localhost:33409|dataStream:localhost:46293|priority:0|startupRole:FOLLOWER, s4|rpc:localhost:45747|admin:localhost:35149|client:localhost:44435|dataStream:localhost:42993|priority:0|startupRole:FOLLOWER, s0|rpc:localhost:36179|admin:localhost:46501|client:localhost:36175|dataStream:localhost:33505|priority:0|startupRole:FOLLOWER, s1|rpc:localhost:36635|admin:localhost:41981|client:localhost:39775|dataStream:localhost:41297|priority:0|startupRole:FOLLOWER, s2|rpc:localhost:36969|admin:localhost:37929|client:localhost:40489|dataStream:localhost:38077|priority:0|startupRole:FOLLOWER]|listeners:[], old=null
2022-10-24 03:16:22,040 [grpc-default-executor-15] INFO  server.RaftServer$Division (RaftServerImpl.java:requestVote(1291)) - s2@group-6912872F20E7: receive requestVote(PRE_VOTE, s3, group-6912872F20E7, 2, (t:1, i:0))
2022-10-24 03:16:22,040 [grpc-default-executor-15] INFO  impl.VoteContext (VoteContext.java:log(49)) - s2@group-6912872F20E7-FOLLOWER: reject PRE_VOTE from s3: this server is a follower and still has a valid leader s1
2022-10-24 03:16:22,040 [grpc-default-executor-15] INFO  server.RaftServer$Division (RaftServerImpl.java:requestVote(1324)) - s2@group-6912872F20E7 replies to PRE_VOTE vote request: s3<-s2#0:FAIL-t2. Peer's state: s2@group-6912872F20E7:t2, leader=s1, voted=s1, raftlog=Memoized:s2@group-6912872F20E7-SegmentedRaftLog:OPENED:c0, conf=0: peers:[s3|rpc:localhost:39579|admin:localhost:42243|client:localhost:33409|dataStream:localhost:46293|priority:0|startupRole:FOLLOWER, s4|rpc:localhost:45747|admin:localhost:35149|client:localhost:44435|dataStream:localhost:42993|priority:0|startupRole:FOLLOWER, s0|rpc:localhost:36179|admin:localhost:46501|client:localhost:36175|dataStream:localhost:33505|priority:0|startupRole:FOLLOWER, s1|rpc:localhost:36635|admin:localhost:41981|client:localhost:39775|dataStream:localhost:41297|priority:0|startupRole:FOLLOWER, s2|rpc:localhost:36969|admin:localhost:37929|client:localhost:40489|dataStream:localhost:38077|priority:0|startupRole:FOLLOWER]|listeners:[], old=null
2022-10-24 03:16:22,040 [s3@group-6912872F20E7-LeaderElection27] INFO  impl.LeaderElection (LeaderElection.java:logAndReturn(89)) - s3@group-6912872F20E7-LeaderElection27: PRE_VOTE REJECTED received 3 response(s) and 0 exception(s):
2022-10-24 03:16:22,040 [s3@group-6912872F20E7-LeaderElection27] INFO  impl.LeaderElection (LeaderElection.java:logAndReturn(93)) -   Response 0: s3<-s4#0:FAIL-t2
2022-10-24 03:16:22,040 [s3@group-6912872F20E7-LeaderElection27] INFO  impl.LeaderElection (LeaderElection.java:logAndReturn(93)) -   Response 1: s3<-s0#0:FAIL-t2
2022-10-24 03:16:22,040 [s3@group-6912872F20E7-LeaderElection27] INFO  impl.LeaderElection (LeaderElection.java:logAndReturn(93)) -   Response 2: s3<-s1#0:FAIL-t2
2022-10-24 03:16:22,041 [s3@group-6912872F20E7-LeaderElection27] INFO  impl.LeaderElection (LeaderElection.java:askForVotes(311)) - s3@group-6912872F20E7-LeaderElection27 PRE_VOTE round 0: result REJECTED
2022-10-24 03:16:22,041 [s3@group-6912872F20E7-LeaderElection27] INFO  server.RaftServer$Division (RaftServerImpl.java:setRole(325)) - s3@group-6912872F20E7: changes role from CANDIDATE to FOLLOWER at term 2 for REJECTED
2022-10-24 03:16:22,041 [s3@group-6912872F20E7-LeaderElection27] INFO  impl.RoleInfo (RoleInfo.java:shutdownLeaderElection(130)) - s3: shutdown s3@group-6912872F20E7-LeaderElection27
2022-10-24 03:16:22,041 [s3@group-6912872F20E7-LeaderElection27] INFO  impl.RoleInfo (RoleInfo.java:updateAndGet(139)) - s3: start s3@group-6912872F20E7-FollowerState
2022-10-24 03:16:22,052 [s1@group-6912872F20E7->s3-GrpcLogAppender-LogAppenderDaemon] INFO  util.CodeInjectionForTesting (DelayLocalExecutionInjection.java:execute(65)) - s1 delay 150 ms, args=[serverRequest {
  requestorId: "s1"
  replyId: "s3"
  raftGroupId {
    id: "\226\001\321s\341\rE_\235\364i\022\207/ \347"
  }
  callId: 137
  slidingWindowEntry {
  }
}
leaderTerm: 2
previousLog {
  term: 2
}
initializing: true
commitInfos {
  server {
    id: "s1"
    address: "localhost:36635"
    dataStreamAddress: "localhost:41297"
    clientAddress: "localhost:39775"
    adminAddress: "localhost:41981"
    startupRole: FOLLOWER
  }
}
commitInfos {
  server {
    id: "s3"
    address: "localhost:39579"
    dataStreamAddress: "localhost:46293"
    clientAddress: "localhost:33409"
    adminAddress: "localhost:42243"
    startupRole: FOLLOWER
  }
}
commitInfos {
  server {
    id: "s4"
    address: "localhost:45747"
    dataStreamAddress: "localhost:42993"
    clientAddress: "localhost:44435"
    adminAddress: "localhost:35149"
    startupRole: FOLLOWER
  }
}
commitInfos {
  server {
    id: "s0"
    address: "localhost:36179"
    dataStreamAddress: "localhost:33505"
    clientAddress: "localhost:36175"
    adminAddress: "localhost:46501"
    startupRole: FOLLOWER
  }
}
commitInfos {
  server {
    id: "s2"
    address: "localhost:36969"
    dataStreamAddress: "localhost:38077"
    clientAddress: "localhost:40489"
    adminAddress: "localhost:37929"
    startupRole: FOLLOWER
  }
}
]
2022-10-24 03:16:22,056 [grpc-default-executor-8] INFO  util.CodeInjectionForTesting (BlockRequestHandlingInjection.java:execute(77)) - s3: Block request from s0
2022-10-24 03:16:22,057 [grpc-default-executor-25] INFO  server.RaftServer$Division (RaftServerImpl.java:requestVote(1291)) - s2@group-6912872F20E7: receive requestVote(PRE_VOTE, s0, group-6912872F20E7, 2, (t:2, i:0))
2022-10-24 03:16:22,057 [grpc-default-executor-25] INFO  impl.VoteContext (VoteContext.java:log(49)) - s2@group-6912872F20E7-FOLLOWER: reject PRE_VOTE from s0: this server is a follower and still has a valid leader s1
2022-10-24 03:16:22,057 [grpc-default-executor-25] INFO  server.RaftServer$Division (RaftServerImpl.java:requestVote(1324)) - s2@group-6912872F20E7 replies to PRE_VOTE vote request: s0<-s2#0:FAIL-t2. Peer's state: s2@group-6912872F20E7:t2, leader=s1, voted=s1, raftlog=Memoized:s2@group-6912872F20E7-SegmentedRaftLog:OPENED:c0, conf=0: peers:[s3|rpc:localhost:39579|admin:localhost:42243|client:localhost:33409|dataStream:localhost:46293|priority:0|startupRole:FOLLOWER, s4|rpc:localhost:45747|admin:localhost:35149|client:localhost:44435|dataStream:localhost:42993|priority:0|startupRole:FOLLOWER, s0|rpc:localhost:36179|admin:localhost:46501|client:localhost:36175|dataStream:localhost:33505|priority:0|startupRole:FOLLOWER, s1|rpc:localhost:36635|admin:localhost:41981|client:localhost:39775|dataStream:localhost:41297|priority:0|startupRole:FOLLOWER, s2|rpc:localhost:36969|admin:localhost:37929|client:localhost:40489|dataStream:localhost:38077|priority:0|startupRole:FOLLOWER]|listeners:[], old=null
2022-10-24 03:16:22,058 [s0@group-6912872F20E7-LeaderElection26] INFO  impl.LeaderElection (LeaderElection.java:logAndReturn(89)) - s0@group-6912872F20E7-LeaderElection26: PRE_VOTE REJECTED received 1 response(s) and 0 exception(s):
2022-10-24 03:16:22,058 [s0@group-6912872F20E7-LeaderElection26] INFO  impl.LeaderElection (LeaderElection.java:logAndReturn(93)) -   Response 0: s0<-s2#0:FAIL-t2
2022-10-24 03:16:22,058 [s0@group-6912872F20E7-LeaderElection26] INFO  impl.LeaderElection (LeaderElection.java:askForVotes(311)) - s0@group-6912872F20E7-LeaderElection26 PRE_VOTE round 0: result REJECTED
2022-10-24 03:16:22,059 [grpc-default-executor-25] INFO  server.RaftServer$Division (RaftServerImpl.java:requestVote(1291)) - s1@group-6912872F20E7: receive requestVote(PRE_VOTE, s0, group-6912872F20E7, 2, (t:2, i:0))
2022-10-24 03:16:22,059 [grpc-default-executor-25] INFO  impl.VoteContext (VoteContext.java:log(49)) - s1@group-6912872F20E7-LEADER: reject PRE_VOTE from s0: this server is the leader and still has leadership
2022-10-24 03:16:22,059 [grpc-default-executor-25] INFO  server.RaftServer$Division (RaftServerImpl.java:requestVote(1324)) - s1@group-6912872F20E7 replies to PRE_VOTE vote request: s0<-s1#0:FAIL-t2. Peer's state: s1@group-6912872F20E7:t2, leader=s1, voted=s1, raftlog=Memoized:s1@group-6912872F20E7-SegmentedRaftLog:OPENED:c0, conf=0: peers:[s3|rpc:localhost:39579|admin:localhost:42243|client:localhost:33409|dataStream:localhost:46293|priority:0|startupRole:FOLLOWER, s4|rpc:localhost:45747|admin:localhost:35149|client:localhost:44435|dataStream:localhost:42993|priority:0|startupRole:FOLLOWER, s0|rpc:localhost:36179|admin:localhost:46501|client:localhost:36175|dataStream:localhost:33505|priority:0|startupRole:FOLLOWER, s1|rpc:localhost:36635|admin:localhost:41981|client:localhost:39775|dataStream:localhost:41297|priority:0|startupRole:FOLLOWER, s2|rpc:localhost:36969|admin:localhost:37929|client:localhost:40489|dataStream:localhost:38077|priority:0|startupRole:FOLLOWER]|listeners:[], old=null
2022-10-24 03:16:22,061 [grpc-default-executor-15] INFO  server.RaftServer$Division (RaftServerImpl.java:requestVote(1291)) - s4@group-6912872F20E7: receive requestVote(PRE_VOTE, s0, group-6912872F20E7, 2, (t:2, i:0))
2022-10-24 03:16:22,061 [grpc-default-executor-15] INFO  impl.VoteContext (VoteContext.java:log(49)) - s4@group-6912872F20E7-FOLLOWER: reject PRE_VOTE from s0: this server is a follower and still has a valid leader s1
2022-10-24 03:16:22,062 [grpc-default-executor-15] INFO  server.RaftServer$Division (RaftServerImpl.java:requestVote(1324)) - s4@group-6912872F20E7 replies to PRE_VOTE vote request: s0<-s4#0:FAIL-t2. Peer's state: s4@group-6912872F20E7:t2, leader=s1, voted=s1, raftlog=Memoized:s4@group-6912872F20E7-SegmentedRaftLog:OPENED:c0, conf=0: peers:[s3|rpc:localhost:39579|admin:localhost:42243|client:localhost:33409|dataStream:localhost:46293|priority:0|startupRole:FOLLOWER, s4|rpc:localhost:45747|admin:localhost:35149|client:localhost:44435|dataStream:localhost:42993|priority:0|startupRole:FOLLOWER, s0|rpc:localhost:36179|admin:localhost:46501|client:localhost:36175|dataStream:localhost:33505|priority:0|startupRole:FOLLOWER, s1|rpc:localhost:36635|admin:localhost:41981|client:localhost:39775|dataStream:localhost:41297|priority:0|startupRole:FOLLOWER, s2|rpc:localhost:36969|admin:localhost:37929|client:localhost:40489|dataStream:localhost:38077|priority:0|startupRole:FOLLOWER]|listeners:[], old=null
2022-10-24 03:16:22,196 [Time-limited test] INFO  server.RaftServerConfigKeys (ConfUtils.java:logGet(46)) - raft.server.rpc.timeout.max = 300ms (default)
2022-10-24 03:16:22,210 [s3@group-6912872F20E7-FollowerState] INFO  impl.FollowerState (FollowerState.java:run(143)) - s3@group-6912872F20E7-FollowerState: change to CANDIDATE, lastRpcElapsedTime:168925937ns, electionTimeout:166ms
2022-10-24 03:16:22,210 [s3@group-6912872F20E7-FollowerState] INFO  impl.RoleInfo (RoleInfo.java:shutdownFollowerState(110)) - s3: shutdown s3@group-6912872F20E7-FollowerState
2022-10-24 03:16:22,210 [s3@group-6912872F20E7-FollowerState] INFO  server.RaftServer$Division (RaftServerImpl.java:setRole(325)) - s3@group-6912872F20E7: changes role from  FOLLOWER to CANDIDATE at term 2 for changeToCandidate
2022-10-24 03:16:22,210 [s3@group-6912872F20E7-FollowerState] INFO  server.RaftServerConfigKeys (ConfUtils.java:logGet(46)) - raft.server.leaderelection.pre-vote = true (default)
2022-10-24 03:16:22,210 [s3@group-6912872F20E7-FollowerState] INFO  impl.RoleInfo (RoleInfo.java:updateAndGet(139)) - s3: start s3@group-6912872F20E7-LeaderElection28
2022-10-24 03:16:22,211 [s3@group-6912872F20E7-LeaderElection28] INFO  impl.LeaderElection (LeaderElection.java:askForVotes(309)) - s3@group-6912872F20E7-LeaderElection28 PRE_VOTE round 0: submit vote requests at term 2 for 0: peers:[s3|rpc:localhost:39579|admin:localhost:42243|client:localhost:33409|dataStream:localhost:46293|priority:0|startupRole:FOLLOWER, s4|rpc:localhost:45747|admin:localhost:35149|client:localhost:44435|dataStream:localhost:42993|priority:0|startupRole:FOLLOWER, s0|rpc:localhost:36179|admin:localhost:46501|client:localhost:36175|dataStream:localhost:33505|priority:0|startupRole:FOLLOWER, s1|rpc:localhost:36635|admin:localhost:41981|client:localhost:39775|dataStream:localhost:41297|priority:0|startupRole:FOLLOWER, s2|rpc:localhost:36969|admin:localhost:37929|client:localhost:40489|dataStream:localhost:38077|priority:0|startupRole:FOLLOWER]|listeners:[], old=null
2022-10-24 03:16:22,213 [grpc-default-executor-4] INFO  server.RaftServer$Division (RaftServerImpl.java:requestVote(1291)) - s0@group-6912872F20E7: receive requestVote(PRE_VOTE, s3, group-6912872F20E7, 2, (t:1, i:0))
2022-10-24 03:16:22,213 [grpc-default-executor-15] INFO  server.RaftServer$Division (RaftServerImpl.java:requestVote(1291)) - s4@group-6912872F20E7: receive requestVote(PRE_VOTE, s3, group-6912872F20E7, 2, (t:1, i:0))
2022-10-24 03:16:22,213 [grpc-default-executor-15] INFO  impl.VoteContext (VoteContext.java:log(49)) - s4@group-6912872F20E7-FOLLOWER: reject PRE_VOTE from s3: this server is a follower and still has a valid leader s1
2022-10-24 03:16:22,213 [grpc-default-executor-4] INFO  impl.VoteContext (VoteContext.java:log(49)) - s0@group-6912872F20E7-FOLLOWER: reject PRE_VOTE from s3: this server is a follower and still has a valid leader s1
2022-10-24 03:16:22,213 [grpc-default-executor-15] INFO  server.RaftServer$Division (RaftServerImpl.java:requestVote(1324)) - s4@group-6912872F20E7 replies to PRE_VOTE vote request: s3<-s4#0:FAIL-t2. Peer's state: s4@group-6912872F20E7:t2, leader=s1, voted=s1, raftlog=Memoized:s4@group-6912872F20E7-SegmentedRaftLog:OPENED:c0, conf=0: peers:[s3|rpc:localhost:39579|admin:localhost:42243|client:localhost:33409|dataStream:localhost:46293|priority:0|startupRole:FOLLOWER, s4|rpc:localhost:45747|admin:localhost:35149|client:localhost:44435|dataStream:localhost:42993|priority:0|startupRole:FOLLOWER, s0|rpc:localhost:36179|admin:localhost:46501|client:localhost:36175|dataStream:localhost:33505|priority:0|startupRole:FOLLOWER, s1|rpc:localhost:36635|admin:localhost:41981|client:localhost:39775|dataStream:localhost:41297|priority:0|startupRole:FOLLOWER, s2|rpc:localhost:36969|admin:localhost:37929|client:localhost:40489|dataStream:localhost:38077|priority:0|startupRole:FOLLOWER]|listeners:[], old=null
2022-10-24 03:16:22,214 [grpc-default-executor-4] INFO  server.RaftServer$Division (RaftServerImpl.java:requestVote(1324)) - s0@group-6912872F20E7 replies to PRE_VOTE vote request: s3<-s0#0:FAIL-t2. Peer's state: s0@group-6912872F20E7:t2, leader=s1, voted=s1, raftlog=Memoized:s0@group-6912872F20E7-SegmentedRaftLog:OPENED:c0, conf=0: peers:[s3|rpc:localhost:39579|admin:localhost:42243|client:localhost:33409|dataStream:localhost:46293|priority:0|startupRole:FOLLOWER, s4|rpc:localhost:45747|admin:localhost:35149|client:localhost:44435|dataStream:localhost:42993|priority:0|startupRole:FOLLOWER, s0|rpc:localhost:36179|admin:localhost:46501|client:localhost:36175|dataStream:localhost:33505|priority:0|startupRole:FOLLOWER, s1|rpc:localhost:36635|admin:localhost:41981|client:localhost:39775|dataStream:localhost:41297|priority:0|startupRole:FOLLOWER, s2|rpc:localhost:36969|admin:localhost:37929|client:localhost:40489|dataStream:localhost:38077|priority:0|startupRole:FOLLOWER]|listeners:[], old=null
2022-10-24 03:16:22,218 [grpc-default-executor-4] INFO  server.RaftServer$Division (RaftServerImpl.java:requestVote(1291)) - s2@group-6912872F20E7: receive requestVote(PRE_VOTE, s3, group-6912872F20E7, 2, (t:1, i:0))
2022-10-24 03:16:22,218 [grpc-default-executor-4] INFO  impl.VoteContext (VoteContext.java:log(49)) - s2@group-6912872F20E7-FOLLOWER: reject PRE_VOTE from s3: this server is a follower and still has a valid leader s1
2022-10-24 03:16:22,218 [grpc-default-executor-4] INFO  server.RaftServer$Division (RaftServerImpl.java:requestVote(1324)) - s2@group-6912872F20E7 replies to PRE_VOTE vote request: s3<-s2#0:FAIL-t2. Peer's state: s2@group-6912872F20E7:t2, leader=s1, voted=s1, raftlog=Memoized:s2@group-6912872F20E7-SegmentedRaftLog:OPENED:c0, conf=0: peers:[s3|rpc:localhost:39579|admin:localhost:42243|client:localhost:33409|dataStream:localhost:46293|priority:0|startupRole:FOLLOWER, s4|rpc:localhost:45747|admin:localhost:35149|client:localhost:44435|dataStream:localhost:42993|priority:0|startupRole:FOLLOWER, s0|rpc:localhost:36179|admin:localhost:46501|client:localhost:36175|dataStream:localhost:33505|priority:0|startupRole:FOLLOWER, s1|rpc:localhost:36635|admin:localhost:41981|client:localhost:39775|dataStream:localhost:41297|priority:0|startupRole:FOLLOWER, s2|rpc:localhost:36969|admin:localhost:37929|client:localhost:40489|dataStream:localhost:38077|priority:0|startupRole:FOLLOWER]|listeners:[], old=null
2022-10-24 03:16:22,222 [grpc-default-executor-15] INFO  server.RaftServer$Division (RaftServerImpl.java:requestVote(1291)) - s1@group-6912872F20E7: receive requestVote(PRE_VOTE, s3, group-6912872F20E7, 2, (t:1, i:0))
2022-10-24 03:16:22,222 [grpc-default-executor-15] INFO  impl.VoteContext (VoteContext.java:log(49)) - s1@group-6912872F20E7-LEADER: reject PRE_VOTE from s3: this server is the leader and still has leadership
2022-10-24 03:16:22,222 [grpc-default-executor-15] INFO  server.RaftServer$Division (RaftServerImpl.java:requestVote(1324)) - s1@group-6912872F20E7 replies to PRE_VOTE vote request: s3<-s1#0:FAIL-t2. Peer's state: s1@group-6912872F20E7:t2, leader=s1, voted=s1, raftlog=Memoized:s1@group-6912872F20E7-SegmentedRaftLog:OPENED:c0, conf=0: peers:[s3|rpc:localhost:39579|admin:localhost:42243|client:localhost:33409|dataStream:localhost:46293|priority:0|startupRole:FOLLOWER, s4|rpc:localhost:45747|admin:localhost:35149|client:localhost:44435|dataStream:localhost:42993|priority:0|startupRole:FOLLOWER, s0|rpc:localhost:36179|admin:localhost:46501|client:localhost:36175|dataStream:localhost:33505|priority:0|startupRole:FOLLOWER, s1|rpc:localhost:36635|admin:localhost:41981|client:localhost:39775|dataStream:localhost:41297|priority:0|startupRole:FOLLOWER, s2|rpc:localhost:36969|admin:localhost:37929|client:localhost:40489|dataStream:localhost:38077|priority:0|startupRole:FOLLOWER]|listeners:[], old=null
2022-10-24 03:16:22,222 [s3@group-6912872F20E7-LeaderElection28] INFO  impl.LeaderElection (LeaderElection.java:logAndReturn(89)) - s3@group-6912872F20E7-LeaderElection28: PRE_VOTE REJECTED received 3 response(s) and 0 exception(s):
2022-10-24 03:16:22,222 [s3@group-6912872F20E7-LeaderElection28] INFO  impl.LeaderElection (LeaderElection.java:logAndReturn(93)) -   Response 0: s3<-s4#0:FAIL-t2
2022-10-24 03:16:22,222 [s3@group-6912872F20E7-LeaderElection28] INFO  impl.LeaderElection (LeaderElection.java:logAndReturn(93)) -   Response 1: s3<-s0#0:FAIL-t2
2022-10-24 03:16:22,222 [s3@group-6912872F20E7-LeaderElection28] INFO  impl.LeaderElection (LeaderElection.java:logAndReturn(93)) -   Response 2: s3<-s2#0:FAIL-t2
2022-10-24 03:16:22,222 [s3@group-6912872F20E7-LeaderElection28] INFO  impl.LeaderElection (LeaderElection.java:askForVotes(311)) - s3@group-6912872F20E7-LeaderElection28 PRE_VOTE round 0: result REJECTED
2022-10-24 03:16:22,223 [s3@group-6912872F20E7-LeaderElection28] INFO  server.RaftServer$Division (RaftServerImpl.java:setRole(325)) - s3@group-6912872F20E7: changes role from CANDIDATE to FOLLOWER at term 2 for REJECTED
2022-10-24 03:16:22,223 [s3@group-6912872F20E7-LeaderElection28] INFO  impl.RoleInfo (RoleInfo.java:shutdownLeaderElection(130)) - s3: shutdown s3@group-6912872F20E7-LeaderElection28
2022-10-24 03:16:22,223 [s3@group-6912872F20E7-LeaderElection28] INFO  impl.RoleInfo (RoleInfo.java:updateAndGet(139)) - s3: start s3@group-6912872F20E7-FollowerState
2022-10-24 03:16:22,351 [s3-server-thread1] INFO  util.CodeInjectionForTesting (BlockRequestHandlingInjection.java:execute(84)) - s3: unBlock request from s1
2022-10-24 03:16:22,351 [s3-server-thread1] INFO  server.RaftServer$Division (ServerState.java:setLeader(259)) - s3@group-6912872F20E7: change Leader from null to s1 at term 2 for appendEntries, leader elected after 770ms
2022-10-24 03:16:22,351 [s3-server-thread1] INFO  server.RaftServer$Division (RaftServerImpl.java:checkInconsistentAppendEntries(1599)) - s3@group-6912872F20E7: Failed appendEntries as previous log entry ((t:2, i:0)) is not found
2022-10-24 03:16:22,351 [s3-server-thread1] INFO  server.RaftServer$Division (RaftServerImpl.java:checkInconsistentAppendEntries(1569)) - s3@group-6912872F20E7: inconsistency entries. Reply:s1<-s3#133:FAIL-t2,INCONSISTENCY,nextIndex=0,followerCommit=0,matchIndex=-1
2022-10-24 03:16:22,351 [s3-server-thread1] INFO  server.RaftServer$Division (RaftServerImpl.java:checkInconsistentAppendEntries(1599)) - s3@group-6912872F20E7: Failed appendEntries as previous log entry ((t:2, i:0)) is not found
2022-10-24 03:16:22,352 [s3-server-thread1] INFO  server.RaftServer$Division (RaftServerImpl.java:checkInconsistentAppendEntries(1569)) - s3@group-6912872F20E7: inconsistency entries. Reply:s1<-s3#134:FAIL-t2,INCONSISTENCY,nextIndex=0,followerCommit=0,matchIndex=-1
2022-10-24 03:16:22,351 [grpc-default-executor-15] INFO  leader.FollowerInfo (FollowerInfoImpl.java:lambda$new$0(48)) - s1@group-6912872F20E7->s3: nextIndex: updateUnconditionally 1 -> 0
2022-10-24 03:16:22,352 [s3-server-thread1] INFO  server.RaftServer$Division (RaftServerImpl.java:checkInconsistentAppendEntries(1599)) - s3@group-6912872F20E7: Failed appendEntries as previous log entry ((t:2, i:0)) is not found
2022-10-24 03:16:22,352 [s3-server-thread1] INFO  server.RaftServer$Division (RaftServerImpl.java:checkInconsistentAppendEntries(1569)) - s3@group-6912872F20E7: inconsistency entries. Reply:s1<-s3#135:FAIL-t2,INCONSISTENCY,nextIndex=0,followerCommit=0,matchIndex=-1
2022-10-24 03:16:22,352 [grpc-default-executor-15] INFO  leader.FollowerInfo (FollowerInfoImpl.java:lambda$new$0(48)) - s1@group-6912872F20E7->s3: nextIndex: updateUnconditionally 1 -> 0
2022-10-24 03:16:22,353 [s3-server-thread1] DEBUG server.RaftServer$Division (RaftServerImpl.java:logAppendEntries(1418)) - s3@group-6912872F20E7: receive appendEntries(s1, 2, null, 0, true, commits:[s1:c0, s3:c0, s4:c0, s0:c0, s2:c0], cId:141, entries: [(t:2, i:0), CONFIGURATIONENTRY(current:id: "s3"
address: "localhost:39579"
dataStreamAddress: "localhost:46293"
clientAddress: "localhost:33409"
adminAddress: "localhost:42243"
startupRole: FOLLOWER
,id: "s4"
address: "localhost:45747"
dataStreamAddress: "localhost:42993"
clientAddress: "localhost:44435"
adminAddress: "localhost:35149"
startupRole: FOLLOWER
,id: "s0"
address: "localhost:36179"
dataStreamAddress: "localhost:33505"
clientAddress: "localhost:36175"
adminAddress: "localhost:46501"
startupRole: FOLLOWER
,id: "s1"
address: "localhost:36635"
dataStreamAddress: "localhost:41297"
clientAddress: "localhost:39775"
adminAddress: "localhost:41981"
startupRole: FOLLOWER
,id: "s2"
address: "localhost:36969"
dataStreamAddress: "localhost:38077"
clientAddress: "localhost:40489"
adminAddress: "localhost:37929"
startupRole: FOLLOWER
, old:)]
2022-10-24 03:16:22,353 [s3-server-thread1] INFO  server.RaftServer$Division (RaftServerImpl.java:checkInconsistentAppendEntries(1589)) - s3@group-6912872F20E7: Failed appendEntries as the first entry (index 0) already exists (snapshotIndex: -1, commitIndex: 0)
2022-10-24 03:16:22,353 [s3-server-thread1] INFO  server.RaftServer$Division (RaftServerImpl.java:checkInconsistentAppendEntries(1569)) - s3@group-6912872F20E7: inconsistency entries. Reply:s1<-s3#141:FAIL-t2,INCONSISTENCY,nextIndex=1,followerCommit=0,matchIndex=-1
2022-10-24 03:16:22,354 [grpc-default-executor-25] INFO  leader.FollowerInfo (FollowerInfoImpl.java:lambda$new$0(48)) - s1@group-6912872F20E7->s3: nextIndex: updateUnconditionally 1 -> 0
2022-10-24 03:16:22,354 [s3-server-thread1] INFO  server.RaftServer$Division (RaftServerImpl.java:checkInconsistentAppendEntries(1599)) - s3@group-6912872F20E7: Failed appendEntries as previous log entry ((t:2, i:0)) is not found
2022-10-24 03:16:22,354 [s3-server-thread1] INFO  server.RaftServer$Division (RaftServerImpl.java:checkInconsistentAppendEntries(1569)) - s3@group-6912872F20E7: inconsistency entries. Reply:s1<-s3#136:FAIL-t2,INCONSISTENCY,nextIndex=0,followerCommit=0,matchIndex=-1
2022-10-24 03:16:22,354 [s3-server-thread3] DEBUG server.RaftServer$Division (RaftServerImpl.java:logAppendEntries(1418)) - s3@group-6912872F20E7: receive appendEntries(s1, 2, null, 0, true, commits:[s1:c0, s3:c0, s4:c0, s0:c0, s2:c0], cId:142, entries: [(t:2, i:0), CONFIGURATIONENTRY(current:id: "s3"
address: "localhost:39579"
dataStreamAddress: "localhost:46293"
clientAddress: "localhost:33409"
adminAddress: "localhost:42243"
startupRole: FOLLOWER
,id: "s4"
address: "localhost:45747"
dataStreamAddress: "localhost:42993"
clientAddress: "localhost:44435"
adminAddress: "localhost:35149"
startupRole: FOLLOWER
,id: "s0"
address: "localhost:36179"
dataStreamAddress: "localhost:33505"
clientAddress: "localhost:36175"
adminAddress: "localhost:46501"
startupRole: FOLLOWER
,id: "s1"
address: "localhost:36635"
dataStreamAddress: "localhost:41297"
clientAddress: "localhost:39775"
adminAddress: "localhost:41981"
startupRole: FOLLOWER
,id: "s2"
address: "localhost:36969"
dataStreamAddress: "localhost:38077"
clientAddress: "localhost:40489"
adminAddress: "localhost:37929"
startupRole: FOLLOWER
, old:)]
2022-10-24 03:16:22,354 [s3-server-thread3] INFO  server.RaftServer$Division (RaftServerImpl.java:checkInconsistentAppendEntries(1589)) - s3@group-6912872F20E7: Failed appendEntries as the first entry (index 0) already exists (snapshotIndex: -1, commitIndex: 0)
2022-10-24 03:16:22,354 [s3-server-thread3] INFO  server.RaftServer$Division (RaftServerImpl.java:checkInconsistentAppendEntries(1569)) - s3@group-6912872F20E7: inconsistency entries. Reply:s1<-s3#142:FAIL-t2,INCONSISTENCY,nextIndex=1,followerCommit=0,matchIndex=-1
2022-10-24 03:16:22,355 [s3-server-thread1] INFO  server.RaftServer$Division (RaftServerImpl.java:checkInconsistentAppendEntries(1599)) - s3@group-6912872F20E7: Failed appendEntries as previous log entry ((t:2, i:0)) is not found
2022-10-24 03:16:22,355 [s3-server-thread1] INFO  server.RaftServer$Division (RaftServerImpl.java:checkInconsistentAppendEntries(1569)) - s3@group-6912872F20E7: inconsistency entries. Reply:s1<-s3#137:FAIL-t2,INCONSISTENCY,nextIndex=0,followerCommit=0,matchIndex=-1
2022-10-24 03:16:22,355 [grpc-default-executor-4] INFO  leader.FollowerInfo (FollowerInfoImpl.java:lambda$new$0(48)) - s1@group-6912872F20E7->s3: nextIndex: updateUnconditionally 1 -> 0
2022-10-24 03:16:22,356 [grpc-default-executor-34] INFO  leader.FollowerInfo (FollowerInfoImpl.java:lambda$new$0(48)) - s1@group-6912872F20E7->s3: nextIndex: updateUnconditionally 0 -> 1
2022-10-24 03:16:22,356 [grpc-default-executor-8] INFO  util.CodeInjectionForTesting (BlockRequestHandlingInjection.java:execute(84)) - s3: unBlock request from s0
2022-10-24 03:16:22,356 [grpc-default-executor-8] INFO  server.RaftServer$Division (RaftServerImpl.java:requestVote(1291)) - s3@group-6912872F20E7: receive requestVote(PRE_VOTE, s0, group-6912872F20E7, 2, (t:2, i:0))
2022-10-24 03:16:22,356 [grpc-default-executor-8] INFO  impl.VoteContext (VoteContext.java:log(49)) - s3@group-6912872F20E7-FOLLOWER: reject PRE_VOTE from s0: this server is a follower and still has a valid leader s1
2022-10-24 03:16:22,357 [grpc-default-executor-8] INFO  server.RaftServer$Division (RaftServerImpl.java:requestVote(1324)) - s3@group-6912872F20E7 replies to PRE_VOTE vote request: s0<-s3#0:FAIL-t2. Peer's state: s3@group-6912872F20E7:t2, leader=s1, voted=null, raftlog=Memoized:s3@group-6912872F20E7-SegmentedRaftLog:OPENED:c0, conf=0: peers:[s3|rpc:localhost:39579|admin:localhost:42243|client:localhost:33409|dataStream:localhost:46293|priority:0|startupRole:FOLLOWER, s4|rpc:localhost:45747|admin:localhost:35149|client:localhost:44435|dataStream:localhost:42993|priority:0|startupRole:FOLLOWER, s0|rpc:localhost:36179|admin:localhost:46501|client:localhost:36175|dataStream:localhost:33505|priority:0|startupRole:FOLLOWER, s1|rpc:localhost:36635|admin:localhost:41981|client:localhost:39775|dataStream:localhost:41297|priority:0|startupRole:FOLLOWER, s2|rpc:localhost:36969|admin:localhost:37929|client:localhost:40489|dataStream:localhost:38077|priority:0|startupRole:FOLLOWER]|listeners:[], old=null
2022-10-24 03:16:22,357 [s3-server-thread3] DEBUG server.RaftServer$Division (RaftServerImpl.java:logAppendEntries(1418)) - s3@group-6912872F20E7: receive appendEntries(s1, 2, null, 0, true, commits:[s1:c0, s3:c0, s4:c0, s0:c0, s2:c0], cId:143, entries: [(t:2, i:0), CONFIGURATIONENTRY(current:id: "s3"
address: "localhost:39579"
dataStreamAddress: "localhost:46293"
clientAddress: "localhost:33409"
adminAddress: "localhost:42243"
startupRole: FOLLOWER
,id: "s4"
address: "localhost:45747"
dataStreamAddress: "localhost:42993"
clientAddress: "localhost:44435"
adminAddress: "localhost:35149"
startupRole: FOLLOWER
,id: "s0"
address: "localhost:36179"
dataStreamAddress: "localhost:33505"
clientAddress: "localhost:36175"
adminAddress: "localhost:46501"
startupRole: FOLLOWER
,id: "s1"
address: "localhost:36635"
dataStreamAddress: "localhost:41297"
clientAddress: "localhost:39775"
adminAddress: "localhost:41981"
startupRole: FOLLOWER
,id: "s2"
address: "localhost:36969"
dataStreamAddress: "localhost:38077"
clientAddress: "localhost:40489"
adminAddress: "localhost:37929"
startupRole: FOLLOWER
, old:)]
2022-10-24 03:16:22,357 [s3-server-thread3] INFO  server.RaftServer$Division (RaftServerImpl.java:checkInconsistentAppendEntries(1589)) - s3@group-6912872F20E7: Failed appendEntries as the first entry (index 0) already exists (snapshotIndex: -1, commitIndex: 0)
2022-10-24 03:16:22,357 [s3-server-thread3] INFO  server.RaftServer$Division (RaftServerImpl.java:checkInconsistentAppendEntries(1569)) - s3@group-6912872F20E7: inconsistency entries. Reply:s1<-s3#143:FAIL-t2,INCONSISTENCY,nextIndex=1,followerCommit=0,matchIndex=-1
2022-10-24 03:16:22,357 [s3-server-thread1] INFO  server.RaftServer$Division (RaftServerImpl.java:checkInconsistentAppendEntries(1599)) - s3@group-6912872F20E7: Failed appendEntries as previous log entry ((t:2, i:0)) is not found
2022-10-24 03:16:22,357 [s3-server-thread1] INFO  server.RaftServer$Division (RaftServerImpl.java:checkInconsistentAppendEntries(1569)) - s3@group-6912872F20E7: inconsistency entries. Reply:s1<-s3#138:FAIL-t2,INCONSISTENCY,nextIndex=0,followerCommit=0,matchIndex=-1
2022-10-24 03:16:22,358 [grpc-default-executor-4] INFO  leader.FollowerInfo (FollowerInfoImpl.java:lambda$new$0(48)) - s1@group-6912872F20E7->s3: nextIndex: updateUnconditionally 1 -> 1
2022-10-24 03:16:22,358 [grpc-default-executor-34] INFO  leader.FollowerInfo (FollowerInfoImpl.java:lambda$new$0(48)) - s1@group-6912872F20E7->s3: nextIndex: updateUnconditionally 1 -> 0
2022-10-24 03:16:22,359 [s3-server-thread1] INFO  server.RaftServer$Division (RaftServerImpl.java:checkInconsistentAppendEntries(1599)) - s3@group-6912872F20E7: Failed appendEntries as previous log entry ((t:2, i:0)) is not found
2022-10-24 03:16:22,359 [s3-server-thread1] INFO  server.RaftServer$Division (RaftServerImpl.java:checkInconsistentAppendEntries(1569)) - s3@group-6912872F20E7: inconsistency entries. Reply:s1<-s3#139:FAIL-t2,INCONSISTENCY,nextIndex=0,followerCommit=0,matchIndex=-1
2022-10-24 03:16:22,359 [grpc-default-executor-4] INFO  leader.FollowerInfo (FollowerInfoImpl.java:lambda$new$0(48)) - s1@group-6912872F20E7->s3: nextIndex: updateUnconditionally 1 -> 1
2022-10-24 03:16:22,360 [grpc-default-executor-34] INFO  leader.FollowerInfo (FollowerInfoImpl.java:lambda$new$0(48)) - s1@group-6912872F20E7->s3: nextIndex: updateUnconditionally 1 -> 0
2022-10-24 03:16:22,360 [s3-server-thread3] INFO  server.RaftServer$Division (RaftServerImpl.java:checkInconsistentAppendEntries(1599)) - s3@group-6912872F20E7: Failed appendEntries as previous log entry ((t:2, i:0)) is not found
2022-10-24 03:16:22,360 [s3-server-thread3] INFO  server.RaftServer$Division (RaftServerImpl.java:checkInconsistentAppendEntries(1569)) - s3@group-6912872F20E7: inconsistency entries. Reply:s1<-s3#140:FAIL-t2,INCONSISTENCY,nextIndex=0,followerCommit=0,matchIndex=-1
2022-10-24 03:16:22,361 [s3-server-thread1] DEBUG server.RaftServer$Division (RaftServerImpl.java:logAppendEntries(1418)) - s3@group-6912872F20E7: receive appendEntries(s1, 2, null, 0, true, commits:[s1:c0, s3:c0, s4:c0, s0:c0, s2:c0], cId:144, entries: [(t:2, i:0), CONFIGURATIONENTRY(current:id: "s3"
address: "localhost:39579"
dataStreamAddress: "localhost:46293"
clientAddress: "localhost:33409"
adminAddress: "localhost:42243"
startupRole: FOLLOWER
,id: "s4"
address: "localhost:45747"
dataStreamAddress: "localhost:42993"
clientAddress: "localhost:44435"
adminAddress: "localhost:35149"
startupRole: FOLLOWER
,id: "s0"
address: "localhost:36179"
dataStreamAddress: "localhost:33505"
clientAddress: "localhost:36175"
adminAddress: "localhost:46501"
startupRole: FOLLOWER
,id: "s1"
address: "localhost:36635"
dataStreamAddress: "localhost:41297"
clientAddress: "localhost:39775"
adminAddress: "localhost:41981"
startupRole: FOLLOWER
,id: "s2"
address: "localhost:36969"
dataStreamAddress: "localhost:38077"
clientAddress: "localhost:40489"
adminAddress: "localhost:37929"
startupRole: FOLLOWER
, old:)]
2022-10-24 03:16:22,361 [s3-server-thread1] INFO  server.RaftServer$Division (RaftServerImpl.java:checkInconsistentAppendEntries(1589)) - s3@group-6912872F20E7: Failed appendEntries as the first entry (index 0) already exists (snapshotIndex: -1, commitIndex: 0)
2022-10-24 03:16:22,361 [s3-server-thread1] INFO  server.RaftServer$Division (RaftServerImpl.java:checkInconsistentAppendEntries(1569)) - s3@group-6912872F20E7: inconsistency entries. Reply:s1<-s3#144:FAIL-t2,INCONSISTENCY,nextIndex=1,followerCommit=0,matchIndex=-1
2022-10-24 03:16:22,361 [grpc-default-executor-34] INFO  leader.FollowerInfo (FollowerInfoImpl.java:lambda$new$0(48)) - s1@group-6912872F20E7->s3: nextIndex: updateUnconditionally 1 -> 0
2022-10-24 03:16:22,363 [grpc-default-executor-8] INFO  leader.FollowerInfo (FollowerInfoImpl.java:lambda$new$0(48)) - s1@group-6912872F20E7->s3: nextIndex: updateUnconditionally 1 -> 0
2022-10-24 03:16:22,363 [grpc-default-executor-4] INFO  leader.FollowerInfo (FollowerInfoImpl.java:lambda$new$0(48)) - s1@group-6912872F20E7->s3: nextIndex: updateUnconditionally 0 -> 1
2022-10-24 03:16:22,364 [s3-server-thread1] DEBUG server.RaftServer$Division (RaftServerImpl.java:logAppendEntries(1418)) - s3@group-6912872F20E7: receive appendEntries(s1, 2, null, 0, true, commits:[s1:c0, s3:c0, s4:c0, s0:c0, s2:c0], cId:145, entries: [(t:2, i:0), CONFIGURATIONENTRY(current:id: "s3"
address: "localhost:39579"
dataStreamAddress: "localhost:46293"
clientAddress: "localhost:33409"
adminAddress: "localhost:42243"
startupRole: FOLLOWER
,id: "s4"
address: "localhost:45747"
dataStreamAddress: "localhost:42993"
clientAddress: "localhost:44435"
adminAddress: "localhost:35149"
startupRole: FOLLOWER
,id: "s0"
address: "localhost:36179"
dataStreamAddress: "localhost:33505"
clientAddress: "localhost:36175"
adminAddress: "localhost:46501"
startupRole: FOLLOWER
,id: "s1"
address: "localhost:36635"
dataStreamAddress: "localhost:41297"
clientAddress: "localhost:39775"
adminAddress: "localhost:41981"
startupRole: FOLLOWER
,id: "s2"
address: "localhost:36969"
dataStreamAddress: "localhost:38077"
clientAddress: "localhost:40489"
adminAddress: "localhost:37929"
startupRole: FOLLOWER
, old:)]
2022-10-24 03:16:22,364 [s3-server-thread1] INFO  server.RaftServer$Division (RaftServerImpl.java:checkInconsistentAppendEntries(1589)) - s3@group-6912872F20E7: Failed appendEntries as the first entry (index 0) already exists (snapshotIndex: -1, commitIndex: 0)
2022-10-24 03:16:22,364 [s3-server-thread1] INFO  server.RaftServer$Division (RaftServerImpl.java:checkInconsistentAppendEntries(1569)) - s3@group-6912872F20E7: inconsistency entries. Reply:s1<-s3#145:FAIL-t2,INCONSISTENCY,nextIndex=1,followerCommit=0,matchIndex=-1
2022-10-24 03:16:22,364 [grpc-default-executor-4] INFO  leader.FollowerInfo (FollowerInfoImpl.java:lambda$new$0(48)) - s1@group-6912872F20E7->s3: nextIndex: updateUnconditionally 1 -> 1
2022-10-24 03:16:22,365 [s3-server-thread1] DEBUG server.RaftServer$Division (RaftServerImpl.java:logAppendEntries(1418)) - s3@group-6912872F20E7: receive appendEntries(s1, 2, null, 0, true, commits:[s1:c0, s3:c0, s4:c0, s0:c0, s2:c0], cId:146, entries: [(t:2, i:0), CONFIGURATIONENTRY(current:id: "s3"
address: "localhost:39579"
dataStreamAddress: "localhost:46293"
clientAddress: "localhost:33409"
adminAddress: "localhost:42243"
startupRole: FOLLOWER
,id: "s4"
address: "localhost:45747"
dataStreamAddress: "localhost:42993"
clientAddress: "localhost:44435"
adminAddress: "localhost:35149"
startupRole: FOLLOWER
,id: "s0"
address: "localhost:36179"
dataStreamAddress: "localhost:33505"
clientAddress: "localhost:36175"
adminAddress: "localhost:46501"
startupRole: FOLLOWER
,id: "s1"
address: "localhost:36635"
dataStreamAddress: "localhost:41297"
clientAddress: "localhost:39775"
adminAddress: "localhost:41981"
startupRole: FOLLOWER
,id: "s2"
address: "localhost:36969"
dataStreamAddress: "localhost:38077"
clientAddress: "localhost:40489"
adminAddress: "localhost:37929"
startupRole: FOLLOWER
, old:)]
2022-10-24 03:16:22,365 [s3-server-thread1] INFO  server.RaftServer$Division (RaftServerImpl.java:checkInconsistentAppendEntries(1589)) - s3@group-6912872F20E7: Failed appendEntries as the first entry (index 0) already exists (snapshotIndex: -1, commitIndex: 0)
2022-10-24 03:16:22,365 [s3-server-thread1] INFO  server.RaftServer$Division (RaftServerImpl.java:checkInconsistentAppendEntries(1569)) - s3@group-6912872F20E7: inconsistency entries. Reply:s1<-s3#146:FAIL-t2,INCONSISTENCY,nextIndex=1,followerCommit=0,matchIndex=-1
2022-10-24 03:16:22,365 [grpc-default-executor-34] INFO  leader.FollowerInfo (FollowerInfoImpl.java:lambda$new$0(48)) - s1@group-6912872F20E7->s3: nextIndex: updateUnconditionally 1 -> 1
2022-10-24 03:16:22,441 [s3-server-thread1] INFO  server.RaftServer$Division (RaftServerImpl.java:checkInconsistentAppendEntries(1599)) - s3@group-6912872F20E7: Failed appendEntries as previous log entry ((t:2, i:0)) is not found
2022-10-24 03:16:22,441 [s3-server-thread1] INFO  server.RaftServer$Division (RaftServerImpl.java:checkInconsistentAppendEntries(1569)) - s3@group-6912872F20E7: inconsistency entries. Reply:s1<-s3#147:FAIL-t2,INCONSISTENCY,nextIndex=0,followerCommit=0,matchIndex=-1
2022-10-24 03:16:22,442 [grpc-default-executor-34] INFO  leader.FollowerInfo (FollowerInfoImpl.java:lambda$new$0(48)) - s1@group-6912872F20E7->s3: nextIndex: updateUnconditionally 1 -> 0
2022-10-24 03:16:22,443 [s3-server-thread1] DEBUG server.RaftServer$Division (RaftServerImpl.java:logAppendEntries(1418)) - s3@group-6912872F20E7: receive appendEntries(s1, 2, null, 0, true, commits:[s1:c0, s3:c0, s4:c0, s0:c0, s2:c0], cId:148, entries: [(t:2, i:0), CONFIGURATIONENTRY(current:id: "s3"
address: "localhost:39579"
dataStreamAddress: "localhost:46293"
clientAddress: "localhost:33409"
adminAddress: "localhost:42243"
startupRole: FOLLOWER
,id: "s4"
address: "localhost:45747"
dataStreamAddress: "localhost:42993"
clientAddress: "localhost:44435"
adminAddress: "localhost:35149"
startupRole: FOLLOWER
,id: "s0"
address: "localhost:36179"
dataStreamAddress: "localhost:33505"
clientAddress: "localhost:36175"
adminAddress: "localhost:46501"
startupRole: FOLLOWER
,id: "s1"
address: "localhost:36635"
dataStreamAddress: "localhost:41297"
clientAddress: "localhost:39775"
adminAddress: "localhost:41981"
startupRole: FOLLOWER
,id: "s2"
address: "localhost:36969"
dataStreamAddress: "localhost:38077"
clientAddress: "localhost:40489"
adminAddress: "localhost:37929"
startupRole: FOLLOWER
, old:)]
2022-10-24 03:16:22,443 [s3-server-thread1] INFO  server.RaftServer$Division (RaftServerImpl.java:checkInconsistentAppendEntries(1589)) - s3@group-6912872F20E7: Failed appendEntries as the first entry (index 0) already exists (snapshotIndex: -1, commitIndex: 0)
2022-10-24 03:16:22,443 [s3-server-thread1] INFO  server.RaftServer$Division (RaftServerImpl.java:checkInconsistentAppendEntries(1569)) - s3@group-6912872F20E7: inconsistency entries. Reply:s1<-s3#148:FAIL-t2,INCONSISTENCY,nextIndex=1,followerCommit=0,matchIndex=-1
2022-10-24 03:16:22,444 [grpc-default-executor-34] INFO  leader.FollowerInfo (FollowerInfoImpl.java:lambda$new$0(48)) - s1@group-6912872F20E7->s3: nextIndex: updateUnconditionally 1 -> 1
2022-10-24 03:16:22,520 [s3-server-thread1] INFO  server.RaftServer$Division (RaftServerImpl.java:checkInconsistentAppendEntries(1599)) - s3@group-6912872F20E7: Failed appendEntries as previous log entry ((t:2, i:0)) is not found
2022-10-24 03:16:22,521 [s3-server-thread1] INFO  server.RaftServer$Division (RaftServerImpl.java:checkInconsistentAppendEntries(1569)) - s3@group-6912872F20E7: inconsistency entries. Reply:s1<-s3#149:FAIL-t2,INCONSISTENCY,nextIndex=0,followerCommit=0,matchIndex=-1
2022-10-24 03:16:22,521 [grpc-default-executor-4] INFO  leader.FollowerInfo (FollowerInfoImpl.java:lambda$new$0(48)) - s1@group-6912872F20E7->s3: nextIndex: updateUnconditionally 1 -> 0
2022-10-24 03:16:22,522 [s3-server-thread1] DEBUG server.RaftServer$Division (RaftServerImpl.java:logAppendEntries(1418)) - s3@group-6912872F20E7: receive appendEntries(s1, 2, null, 0, true, commits:[s1:c0, s3:c0, s4:c0, s0:c0, s2:c0], cId:150, entries: [(t:2, i:0), CONFIGURATIONENTRY(current:id: "s3"
address: "localhost:39579"
dataStreamAddress: "localhost:46293"
clientAddress: "localhost:33409"
adminAddress: "localhost:42243"
startupRole: FOLLOWER
,id: "s4"
address: "localhost:45747"
dataStreamAddress: "localhost:42993"
clientAddress: "localhost:44435"
adminAddress: "localhost:35149"
startupRole: FOLLOWER
,id: "s0"
address: "localhost:36179"
dataStreamAddress: "localhost:33505"
clientAddress: "localhost:36175"
adminAddress: "localhost:46501"
startupRole: FOLLOWER
,id: "s1"
address: "localhost:36635"
dataStreamAddress: "localhost:41297"
clientAddress: "localhost:39775"
adminAddress: "localhost:41981"
startupRole: FOLLOWER
,id: "s2"
address: "localhost:36969"
dataStreamAddress: "localhost:38077"
clientAddress: "localhost:40489"
adminAddress: "localhost:37929"
startupRole: FOLLOWER
, old:)]
2022-10-24 03:16:22,522 [s3-server-thread1] INFO  server.RaftServer$Division (RaftServerImpl.java:checkInconsistentAppendEntries(1589)) - s3@group-6912872F20E7: Failed appendEntries as the first entry (index 0) already exists (snapshotIndex: -1, commitIndex: 0)
2022-10-24 03:16:22,522 [s3-server-thread1] INFO  server.RaftServer$Division (RaftServerImpl.java:checkInconsistentAppendEntries(1569)) - s3@group-6912872F20E7: inconsistency entries. Reply:s1<-s3#150:FAIL-t2,INCONSISTENCY,nextIndex=1,followerCommit=0,matchIndex=-1
2022-10-24 03:16:22,523 [grpc-default-executor-4] INFO  leader.FollowerInfo (FollowerInfoImpl.java:lambda$new$0(48)) - s1@group-6912872F20E7->s3: nextIndex: updateUnconditionally 1 -> 1
2022-10-24 03:16:22,599 [s3-server-thread1] INFO  server.RaftServer$Division (RaftServerImpl.java:checkInconsistentAppendEntries(1599)) - s3@group-6912872F20E7: Failed appendEntries as previous log entry ((t:2, i:0)) is not found
2022-10-24 03:16:22,599 [s3-server-thread1] INFO  server.RaftServer$Division (RaftServerImpl.java:checkInconsistentAppendEntries(1569)) - s3@group-6912872F20E7: inconsistency entries. Reply:s1<-s3#151:FAIL-t2,INCONSISTENCY,nextIndex=0,followerCommit=0,matchIndex=-1
2022-10-24 03:16:22,600 [grpc-default-executor-4] INFO  leader.FollowerInfo (FollowerInfoImpl.java:lambda$new$0(48)) - s1@group-6912872F20E7->s3: nextIndex: updateUnconditionally 1 -> 0
2022-10-24 03:16:22,602 [s3-server-thread1] DEBUG server.RaftServer$Division (RaftServerImpl.java:logAppendEntries(1418)) - s3@group-6912872F20E7: receive appendEntries(s1, 2, null, 0, true, commits:[s1:c0, s3:c0, s4:c0, s0:c0, s2:c0], cId:152, entries: [(t:2, i:0), CONFIGURATIONENTRY(current:id: "s3"
address: "localhost:39579"
dataStreamAddress: "localhost:46293"
clientAddress: "localhost:33409"
adminAddress: "localhost:42243"
startupRole: FOLLOWER
,id: "s4"
address: "localhost:45747"
dataStreamAddress: "localhost:42993"
clientAddress: "localhost:44435"
adminAddress: "localhost:35149"
startupRole: FOLLOWER
,id: "s0"
address: "localhost:36179"
dataStreamAddress: "localhost:33505"
clientAddress: "localhost:36175"
adminAddress: "localhost:46501"
startupRole: FOLLOWER
,id: "s1"
address: "localhost:36635"
dataStreamAddress: "localhost:41297"
clientAddress: "localhost:39775"
adminAddress: "localhost:41981"
startupRole: FOLLOWER
,id: "s2"
address: "localhost:36969"
dataStreamAddress: "localhost:38077"
clientAddress: "localhost:40489"
adminAddress: "localhost:37929"
startupRole: FOLLOWER
, old:)]
2022-10-24 03:16:22,602 [s3-server-thread1] INFO  server.RaftServer$Division (RaftServerImpl.java:checkInconsistentAppendEntries(1589)) - s3@group-6912872F20E7: Failed appendEntries as the first entry (index 0) already exists (snapshotIndex: -1, commitIndex: 0)
2022-10-24 03:16:22,602 [s3-server-thread1] INFO  server.RaftServer$Division (RaftServerImpl.java:checkInconsistentAppendEntries(1569)) - s3@group-6912872F20E7: inconsistency entries. Reply:s1<-s3#152:FAIL-t2,INCONSISTENCY,nextIndex=1,followerCommit=0,matchIndex=-1
2022-10-24 03:16:22,603 [grpc-default-executor-4] INFO  leader.FollowerInfo (FollowerInfoImpl.java:lambda$new$0(48)) - s1@group-6912872F20E7->s3: nextIndex: updateUnconditionally 1 -> 1
2022-10-24 03:16:22,679 [s3-server-thread1] INFO  server.RaftServer$Division (RaftServerImpl.java:checkInconsistentAppendEntries(1599)) - s3@group-6912872F20E7: Failed appendEntries as previous log entry ((t:2, i:0)) is not found
2022-10-24 03:16:22,679 [s3-server-thread1] INFO  server.RaftServer$Division (RaftServerImpl.java:checkInconsistentAppendEntries(1569)) - s3@group-6912872F20E7: inconsistency entries. Reply:s1<-s3#153:FAIL-t2,INCONSISTENCY,nextIndex=0,followerCommit=0,matchIndex=-1
2022-10-24 03:16:22,680 [grpc-default-executor-8] INFO  leader.FollowerInfo (FollowerInfoImpl.java:lambda$new$0(48)) - s1@group-6912872F20E7->s3: nextIndex: updateUnconditionally 1 -> 0
2022-10-24 03:16:22,680 [s3-server-thread1] DEBUG server.RaftServer$Division (RaftServerImpl.java:logAppendEntries(1418)) - s3@group-6912872F20E7: receive appendEntries(s1, 2, null, 0, true, commits:[s1:c0, s3:c0, s4:c0, s0:c0, s2:c0], cId:154, entries: [(t:2, i:0), CONFIGURATIONENTRY(current:id: "s3"
address: "localhost:39579"
dataStreamAddress: "localhost:46293"
clientAddress: "localhost:33409"
adminAddress: "localhost:42243"
startupRole: FOLLOWER
,id: "s4"
address: "localhost:45747"
dataStreamAddress: "localhost:42993"
clientAddress: "localhost:44435"
adminAddress: "localhost:35149"
startupRole: FOLLOWER
,id: "s0"
address: "localhost:36179"
dataStreamAddress: "localhost:33505"
clientAddress: "localhost:36175"
adminAddress: "localhost:46501"
startupRole: FOLLOWER
,id: "s1"
address: "localhost:36635"
dataStreamAddress: "localhost:41297"
clientAddress: "localhost:39775"
adminAddress: "localhost:41981"
startupRole: FOLLOWER
,id: "s2"
address: "localhost:36969"
dataStreamAddress: "localhost:38077"
clientAddress: "localhost:40489"
adminAddress: "localhost:37929"
startupRole: FOLLOWER
, old:)]
2022-10-24 03:16:22,680 [s3-server-thread1] INFO  server.RaftServer$Division (RaftServerImpl.java:checkInconsistentAppendEntries(1589)) - s3@group-6912872F20E7: Failed appendEntries as the first entry (index 0) already exists (snapshotIndex: -1, commitIndex: 0)
2022-10-24 03:16:22,680 [s3-server-thread1] INFO  server.RaftServer$Division (RaftServerImpl.java:checkInconsistentAppendEntries(1569)) - s3@group-6912872F20E7: inconsistency entries. Reply:s1<-s3#154:FAIL-t2,INCONSISTENCY,nextIndex=1,followerCommit=0,matchIndex=-1
2022-10-24 03:16:22,681 [grpc-default-executor-8] INFO  leader.FollowerInfo (FollowerInfoImpl.java:lambda$new$0(48)) - s1@group-6912872F20E7->s3: nextIndex: updateUnconditionally 1 -> 1
2022-10-24 03:16:22,706 [Timer-0] INFO  impl.MiniRaftCluster (MiniRaftCluster.java:lambda$start$6(349)) - TIMED-PRINT: printing ALL groups
  s3:  RUNNING  FOLLOWER s3@group-6912872F20E7:t2, leader=s1, voted=null, raftlog=Memoized:s3@group-6912872F20E7-SegmentedRaftLog:OPENED:c0, conf=0: peers:[s3|rpc:localhost:39579|admin:localhost:42243|client:localhost:33409|dataStream:localhost:46293|priority:0|startupRole:FOLLOWER, s4|rpc:localhost:45747|admin:localhost:35149|client:localhost:44435|dataStream:localhost:42993|priority:0|startupRole:FOLLOWER, s0|rpc:localhost:36179|admin:localhost:46501|client:localhost:36175|dataStream:localhost:33505|priority:0|startupRole:FOLLOWER, s1|rpc:localhost:36635|admin:localhost:41981|client:localhost:39775|dataStream:localhost:41297|priority:0|startupRole:FOLLOWER, s2|rpc:localhost:36969|admin:localhost:37929|client:localhost:40489|dataStream:localhost:38077|priority:0|startupRole:FOLLOWER]|listeners:[], old=null RUNNING
  s4:  RUNNING  FOLLOWER s4@group-6912872F20E7:t2, leader=s1, voted=s1, raftlog=Memoized:s4@group-6912872F20E7-SegmentedRaftLog:OPENED:c0, conf=0: peers:[s3|rpc:localhost:39579|admin:localhost:42243|client:localhost:33409|dataStream:localhost:46293|priority:0|startupRole:FOLLOWER, s4|rpc:localhost:45747|admin:localhost:35149|client:localhost:44435|dataStream:localhost:42993|priority:0|startupRole:FOLLOWER, s0|rpc:localhost:36179|admin:localhost:46501|client:localhost:36175|dataStream:localhost:33505|priority:0|startupRole:FOLLOWER, s1|rpc:localhost:36635|admin:localhost:41981|client:localhost:39775|dataStream:localhost:41297|priority:0|startupRole:FOLLOWER, s2|rpc:localhost:36969|admin:localhost:37929|client:localhost:40489|dataStream:localhost:38077|priority:0|startupRole:FOLLOWER]|listeners:[], old=null RUNNING
  s0:  RUNNING  FOLLOWER s0@group-6912872F20E7:t2, leader=s1, voted=s1, raftlog=Memoized:s0@group-6912872F20E7-SegmentedRaftLog:OPENED:c0, conf=0: peers:[s3|rpc:localhost:39579|admin:localhost:42243|client:localhost:33409|dataStream:localhost:46293|priority:0|startupRole:FOLLOWER, s4|rpc:localhost:45747|admin:localhost:35149|client:localhost:44435|dataStream:localhost:42993|priority:0|startupRole:FOLLOWER, s0|rpc:localhost:36179|admin:localhost:46501|client:localhost:36175|dataStream:localhost:33505|priority:0|startupRole:FOLLOWER, s1|rpc:localhost:36635|admin:localhost:41981|client:localhost:39775|dataStream:localhost:41297|priority:0|startupRole:FOLLOWER, s2|rpc:localhost:36969|admin:localhost:37929|client:localhost:40489|dataStream:localhost:38077|priority:0|startupRole:FOLLOWER]|listeners:[], old=null RUNNING
  s1:  RUNNING    LEADER s1@group-6912872F20E7:t2, leader=s1, voted=s1, raftlog=Memoized:s1@group-6912872F20E7-SegmentedRaftLog:OPENED:c0, conf=0: peers:[s3|rpc:localhost:39579|admin:localhost:42243|client:localhost:33409|dataStream:localhost:46293|priority:0|startupRole:FOLLOWER, s4|rpc:localhost:45747|admin:localhost:35149|client:localhost:44435|dataStream:localhost:42993|priority:0|startupRole:FOLLOWER, s0|rpc:localhost:36179|admin:localhost:46501|client:localhost:36175|dataStream:localhost:33505|priority:0|startupRole:FOLLOWER, s1|rpc:localhost:36635|admin:localhost:41981|client:localhost:39775|dataStream:localhost:41297|priority:0|startupRole:FOLLOWER, s2|rpc:localhost:36969|admin:localhost:37929|client:localhost:40489|dataStream:localhost:38077|priority:0|startupRole:FOLLOWER]|listeners:[], old=null RUNNING
  s2:  RUNNING  FOLLOWER s2@group-6912872F20E7:t2, leader=s1, voted=s1, raftlog=Memoized:s2@group-6912872F20E7-SegmentedRaftLog:OPENED:c0, conf=0: peers:[s3|rpc:localhost:39579|admin:localhost:42243|client:localhost:33409|dataStream:localhost:46293|priority:0|startupRole:FOLLOWER, s4|rpc:localhost:45747|admin:localhost:35149|client:localhost:44435|dataStream:localhost:42993|priority:0|startupRole:FOLLOWER, s0|rpc:localhost:36179|admin:localhost:46501|client:localhost:36175|dataStream:localhost:33505|priority:0|startupRole:FOLLOWER, s1|rpc:localhost:36635|admin:localhost:41981|client:localhost:39775|dataStream:localhost:41297|priority:0|startupRole:FOLLOWER, s2|rpc:localhost:36969|admin:localhost:37929|client:localhost:40489|dataStream:localhost:38077|priority:0|startupRole:FOLLOWER]|listeners:[], old=null RUNNING
2022-10-24 03:16:22,757 [s3-server-thread1] INFO  server.RaftServer$Division (RaftServerImpl.java:checkInconsistentAppendEntries(1599)) - s3@group-6912872F20E7: Failed appendEntries as previous log entry ((t:2, i:0)) is not found
2022-10-24 03:16:22,757 [s3-server-thread1] INFO  server.RaftServer$Division (RaftServerImpl.java:checkInconsistentAppendEntries(1569)) - s3@group-6912872F20E7: inconsistency entries. Reply:s1<-s3#155:FAIL-t2,INCONSISTENCY,nextIndex=0,followerCommit=0,matchIndex=-1
2022-10-24 03:16:22,758 [grpc-default-executor-4] INFO  leader.FollowerInfo (FollowerInfoImpl.java:lambda$new$0(48)) - s1@group-6912872F20E7->s3: nextIndex: updateUnconditionally 1 -> 0
2022-10-24 03:16:22,759 [s3-server-thread1] DEBUG server.RaftServer$Division (RaftServerImpl.java:logAppendEntries(1418)) - s3@group-6912872F20E7: receive appendEntries(s1, 2, null, 0, true, commits:[s1:c0, s3:c0, s4:c0, s0:c0, s2:c0], cId:156, entries: [(t:2, i:0), CONFIGURATIONENTRY(current:id: "s3"
address: "localhost:39579"
dataStreamAddress: "localhost:46293"
clientAddress: "localhost:33409"
adminAddress: "localhost:42243"
startupRole: FOLLOWER
,id: "s4"
address: "localhost:45747"
dataStreamAddress: "localhost:42993"
clientAddress: "localhost:44435"
adminAddress: "localhost:35149"
startupRole: FOLLOWER
,id: "s0"
address: "localhost:36179"
dataStreamAddress: "localhost:33505"
clientAddress: "localhost:36175"
adminAddress: "localhost:46501"
startupRole: FOLLOWER
,id: "s1"
address: "localhost:36635"
dataStreamAddress: "localhost:41297"
clientAddress: "localhost:39775"
adminAddress: "localhost:41981"
startupRole: FOLLOWER
,id: "s2"
address: "localhost:36969"
dataStreamAddress: "localhost:38077"
clientAddress: "localhost:40489"
adminAddress: "localhost:37929"
startupRole: FOLLOWER
, old:)]
2022-10-24 03:16:22,759 [s3-server-thread1] INFO  server.RaftServer$Division (RaftServerImpl.java:checkInconsistentAppendEntries(1589)) - s3@group-6912872F20E7: Failed appendEntries as the first entry (index 0) already exists (snapshotIndex: -1, commitIndex: 0)
2022-10-24 03:16:22,759 [s3-server-thread1] INFO  server.RaftServer$Division (RaftServerImpl.java:checkInconsistentAppendEntries(1569)) - s3@group-6912872F20E7: inconsistency entries. Reply:s1<-s3#156:FAIL-t2,INCONSISTENCY,nextIndex=1,followerCommit=0,matchIndex=-1
2022-10-24 03:16:22,760 [grpc-default-executor-4] INFO  leader.FollowerInfo (FollowerInfoImpl.java:lambda$new$0(48)) - s1@group-6912872F20E7->s3: nextIndex: updateUnconditionally 1 -> 1
2022-10-24 03:16:22,836 [s3-server-thread1] INFO  server.RaftServer$Division (RaftServerImpl.java:checkInconsistentAppendEntries(1599)) - s3@group-6912872F20E7: Failed appendEntries as previous log entry ((t:2, i:0)) is not found
2022-10-24 03:16:22,836 [s3-server-thread1] INFO  server.RaftServer$Division (RaftServerImpl.java:checkInconsistentAppendEntries(1569)) - s3@group-6912872F20E7: inconsistency entries. Reply:s1<-s3#157:FAIL-t2,INCONSISTENCY,nextIndex=0,followerCommit=0,matchIndex=-1
2022-10-24 03:16:22,836 [grpc-default-executor-4] INFO  leader.FollowerInfo (FollowerInfoImpl.java:lambda$new$0(48)) - s1@group-6912872F20E7->s3: nextIndex: updateUnconditionally 1 -> 0
2022-10-24 03:16:22,837 [s3-server-thread1] DEBUG server.RaftServer$Division (RaftServerImpl.java:logAppendEntries(1418)) - s3@group-6912872F20E7: receive appendEntries(s1, 2, null, 0, true, commits:[s1:c0, s3:c0, s4:c0, s0:c0, s2:c0], cId:158, entries: [(t:2, i:0), CONFIGURATIONENTRY(current:id: "s3"
address: "localhost:39579"
dataStreamAddress: "localhost:46293"
clientAddress: "localhost:33409"
adminAddress: "localhost:42243"
startupRole: FOLLOWER
,id: "s4"
address: "localhost:45747"
dataStreamAddress: "localhost:42993"
clientAddress: "localhost:44435"
adminAddress: "localhost:35149"
startupRole: FOLLOWER
,id: "s0"
address: "localhost:36179"
dataStreamAddress: "localhost:33505"
clientAddress: "localhost:36175"
adminAddress: "localhost:46501"
startupRole: FOLLOWER
,id: "s1"
address: "localhost:36635"
dataStreamAddress: "localhost:41297"
clientAddress: "localhost:39775"
adminAddress: "localhost:41981"
startupRole: FOLLOWER
,id: "s2"
address: "localhost:36969"
dataStreamAddress: "localhost:38077"
clientAddress: "localhost:40489"
adminAddress: "localhost:37929"
startupRole: FOLLOWER
, old:)]
2022-10-24 03:16:22,837 [s3-server-thread1] INFO  server.RaftServer$Division (RaftServerImpl.java:checkInconsistentAppendEntries(1589)) - s3@group-6912872F20E7: Failed appendEntries as the first entry (index 0) already exists (snapshotIndex: -1, commitIndex: 0)
2022-10-24 03:16:22,837 [s3-server-thread1] INFO  server.RaftServer$Division (RaftServerImpl.java:checkInconsistentAppendEntries(1569)) - s3@group-6912872F20E7: inconsistency entries. Reply:s1<-s3#158:FAIL-t2,INCONSISTENCY,nextIndex=1,followerCommit=0,matchIndex=-1
2022-10-24 03:16:22,840 [grpc-default-executor-4] INFO  leader.FollowerInfo (FollowerInfoImpl.java:lambda$new$0(48)) - s1@group-6912872F20E7->s3: nextIndex: updateUnconditionally 1 -> 1
2022-10-24 03:16:22,915 [s3-server-thread1] INFO  server.RaftServer$Division (RaftServerImpl.java:checkInconsistentAppendEntries(1599)) - s3@group-6912872F20E7: Failed appendEntries as previous log entry ((t:2, i:0)) is not found
2022-10-24 03:16:22,915 [s3-server-thread1] INFO  server.RaftServer$Division (RaftServerImpl.java:checkInconsistentAppendEntries(1569)) - s3@group-6912872F20E7: inconsistency entries. Reply:s1<-s3#159:FAIL-t2,INCONSISTENCY,nextIndex=0,followerCommit=0,matchIndex=-1
2022-10-24 03:16:22,916 [grpc-default-executor-4] INFO  leader.FollowerInfo (FollowerInfoImpl.java:lambda$new$0(48)) - s1@group-6912872F20E7->s3: nextIndex: updateUnconditionally 1 -> 0
2022-10-24 03:16:22,917 [s3-server-thread1] DEBUG server.RaftServer$Division (RaftServerImpl.java:logAppendEntries(1418)) - s3@group-6912872F20E7: receive appendEntries(s1, 2, null, 0, true, commits:[s1:c0, s3:c0, s4:c0, s0:c0, s2:c0], cId:160, entries: [(t:2, i:0), CONFIGURATIONENTRY(current:id: "s3"
address: "localhost:39579"
dataStreamAddress: "localhost:46293"
clientAddress: "localhost:33409"
adminAddress: "localhost:42243"
startupRole: FOLLOWER
,id: "s4"
address: "localhost:45747"
dataStreamAddress: "localhost:42993"
clientAddress: "localhost:44435"
adminAddress: "localhost:35149"
startupRole: FOLLOWER
,id: "s0"
address: "localhost:36179"
dataStreamAddress: "localhost:33505"
clientAddress: "localhost:36175"
adminAddress: "localhost:46501"
startupRole: FOLLOWER
,id: "s1"
address: "localhost:36635"
dataStreamAddress: "localhost:41297"
clientAddress: "localhost:39775"
adminAddress: "localhost:41981"
startupRole: FOLLOWER
,id: "s2"
address: "localhost:36969"
dataStreamAddress: "localhost:38077"
clientAddress: "localhost:40489"
adminAddress: "localhost:37929"
startupRole: FOLLOWER
, old:)]
2022-10-24 03:16:22,917 [s3-server-thread1] INFO  server.RaftServer$Division (RaftServerImpl.java:checkInconsistentAppendEntries(1589)) - s3@group-6912872F20E7: Failed appendEntries as the first entry (index 0) already exists (snapshotIndex: -1, commitIndex: 0)
2022-10-24 03:16:22,917 [s3-server-thread1] INFO  server.RaftServer$Division (RaftServerImpl.java:checkInconsistentAppendEntries(1569)) - s3@group-6912872F20E7: inconsistency entries. Reply:s1<-s3#160:FAIL-t2,INCONSISTENCY,nextIndex=1,followerCommit=0,matchIndex=-1
2022-10-24 03:16:22,918 [grpc-default-executor-34] INFO  leader.FollowerInfo (FollowerInfoImpl.java:lambda$new$0(48)) - s1@group-6912872F20E7->s3: nextIndex: updateUnconditionally 1 -> 1
2022-10-24 03:16:22,995 [s3-server-thread1] INFO  server.RaftServer$Division (RaftServerImpl.java:checkInconsistentAppendEntries(1599)) - s3@group-6912872F20E7: Failed appendEntries as previous log entry ((t:2, i:0)) is not found
2022-10-24 03:16:22,996 [s3-server-thread1] INFO  server.RaftServer$Division (RaftServerImpl.java:checkInconsistentAppendEntries(1569)) - s3@group-6912872F20E7: inconsistency entries. Reply:s1<-s3#161:FAIL-t2,INCONSISTENCY,nextIndex=0,followerCommit=0,matchIndex=-1
2022-10-24 03:16:22,996 [grpc-default-executor-34] INFO  leader.FollowerInfo (FollowerInfoImpl.java:lambda$new$0(48)) - s1@group-6912872F20E7->s3: nextIndex: updateUnconditionally 1 -> 0
2022-10-24 03:16:22,997 [s3-server-thread1] DEBUG server.RaftServer$Division (RaftServerImpl.java:logAppendEntries(1418)) - s3@group-6912872F20E7: receive appendEntries(s1, 2, null, 0, true, commits:[s1:c0, s3:c0, s4:c0, s0:c0, s2:c0], cId:162, entries: [(t:2, i:0), CONFIGURATIONENTRY(current:id: "s3"
address: "localhost:39579"
dataStreamAddress: "localhost:46293"
clientAddress: "localhost:33409"
adminAddress: "localhost:42243"
startupRole: FOLLOWER
,id: "s4"
address: "localhost:45747"
dataStreamAddress: "localhost:42993"
clientAddress: "localhost:44435"
adminAddress: "localhost:35149"
startupRole: FOLLOWER
,id: "s0"
address: "localhost:36179"
dataStreamAddress: "localhost:33505"
clientAddress: "localhost:36175"
adminAddress: "localhost:46501"
startupRole: FOLLOWER
,id: "s1"
address: "localhost:36635"
dataStreamAddress: "localhost:41297"
clientAddress: "localhost:39775"
adminAddress: "localhost:41981"
startupRole: FOLLOWER
,id: "s2"
address: "localhost:36969"
dataStreamAddress: "localhost:38077"
clientAddress: "localhost:40489"
adminAddress: "localhost:37929"
startupRole: FOLLOWER
, old:)]
2022-10-24 03:16:22,997 [s3-server-thread1] INFO  server.RaftServer$Division (RaftServerImpl.java:checkInconsistentAppendEntries(1589)) - s3@group-6912872F20E7: Failed appendEntries as the first entry (index 0) already exists (snapshotIndex: -1, commitIndex: 0)
2022-10-24 03:16:22,997 [s3-server-thread1] INFO  server.RaftServer$Division (RaftServerImpl.java:checkInconsistentAppendEntries(1569)) - s3@group-6912872F20E7: inconsistency entries. Reply:s1<-s3#162:FAIL-t2,INCONSISTENCY,nextIndex=1,followerCommit=0,matchIndex=-1
2022-10-24 03:16:22,998 [grpc-default-executor-4] INFO  leader.FollowerInfo (FollowerInfoImpl.java:lambda$new$0(48)) - s1@group-6912872F20E7->s3: nextIndex: updateUnconditionally 1 -> 1
2022-10-24 03:16:23,074 [s3-server-thread1] INFO  server.RaftServer$Division (RaftServerImpl.java:checkInconsistentAppendEntries(1599)) - s3@group-6912872F20E7: Failed appendEntries as previous log entry ((t:2, i:0)) is not found
2022-10-24 03:16:23,074 [s3-server-thread1] INFO  server.RaftServer$Division (RaftServerImpl.java:checkInconsistentAppendEntries(1569)) - s3@group-6912872F20E7: inconsistency entries. Reply:s1<-s3#163:FAIL-t2,INCONSISTENCY,nextIndex=0,followerCommit=0,matchIndex=-1
2022-10-24 03:16:23,075 [grpc-default-executor-4] INFO  leader.FollowerInfo (FollowerInfoImpl.java:lambda$new$0(48)) - s1@group-6912872F20E7->s3: nextIndex: updateUnconditionally 1 -> 0
2022-10-24 03:16:23,076 [s3-server-thread1] DEBUG server.RaftServer$Division (RaftServerImpl.java:logAppendEntries(1418)) - s3@group-6912872F20E7: receive appendEntries(s1, 2, null, 0, true, commits:[s1:c0, s3:c0, s4:c0, s0:c0, s2:c0], cId:164, entries: [(t:2, i:0), CONFIGURATIONENTRY(current:id: "s3"
address: "localhost:39579"
dataStreamAddress: "localhost:46293"
clientAddress: "localhost:33409"
adminAddress: "localhost:42243"
startupRole: FOLLOWER
,id: "s4"
address: "localhost:45747"
dataStreamAddress: "localhost:42993"
clientAddress: "localhost:44435"
adminAddress: "localhost:35149"
startupRole: FOLLOWER
,id: "s0"
address: "localhost:36179"
dataStreamAddress: "localhost:33505"
clientAddress: "localhost:36175"
adminAddress: "localhost:46501"
startupRole: FOLLOWER
,id: "s1"
address: "localhost:36635"
dataStreamAddress: "localhost:41297"
clientAddress: "localhost:39775"
adminAddress: "localhost:41981"
startupRole: FOLLOWER
,id: "s2"
address: "localhost:36969"
dataStreamAddress: "localhost:38077"
clientAddress: "localhost:40489"
adminAddress: "localhost:37929"
startupRole: FOLLOWER
, old:)]
2022-10-24 03:16:23,077 [s3-server-thread1] INFO  server.RaftServer$Division (RaftServerImpl.java:checkInconsistentAppendEntries(1589)) - s3@group-6912872F20E7: Failed appendEntries as the first entry (index 0) already exists (snapshotIndex: -1, commitIndex: 0)
2022-10-24 03:16:23,077 [s3-server-thread1] INFO  server.RaftServer$Division (RaftServerImpl.java:checkInconsistentAppendEntries(1569)) - s3@group-6912872F20E7: inconsistency entries. Reply:s1<-s3#164:FAIL-t2,INCONSISTENCY,nextIndex=1,followerCommit=0,matchIndex=-1
2022-10-24 03:16:23,077 [grpc-default-executor-8] INFO  leader.FollowerInfo (FollowerInfoImpl.java:lambda$new$0(48)) - s1@group-6912872F20E7->s3: nextIndex: updateUnconditionally 1 -> 1
2022-10-24 03:16:23,096 [Time-limited test] INFO  grpc.TestLeaderElectionWithGrpc (LeaderElectionTests.java:enforceLeader(292)) - try enforcing leader to s3 but new leader is s1
2022-10-24 03:16:23,097 [Time-limited test] INFO  server.RaftServerConfigKeys (ConfUtils.java:logGet(46)) - raft.server.rpc.timeout.max = 300ms (default)
2022-10-24 03:16:23,151 [s1@group-6912872F20E7->s0-GrpcLogAppender-LogAppenderDaemon] INFO  util.CodeInjectionForTesting (DelayLocalExecutionInjection.java:execute(65)) - s1 delay 150 ms, args=[serverRequest {
  requestorId: "s1"
  replyId: "s0"
  raftGroupId {
    id: "\226\001\321s\341\rE_\235\364i\022\207/ \347"
  }
  callId: 83
  slidingWindowEntry {
  }
}
leaderTerm: 2
previousLog {
  term: 2
}
initializing: true
commitInfos {
  server {
    id: "s1"
    address: "localhost:36635"
    dataStreamAddress: "localhost:41297"
    clientAddress: "localhost:39775"
    adminAddress: "localhost:41981"
    startupRole: FOLLOWER
  }
}
commitInfos {
  server {
    id: "s3"
    address: "localhost:39579"
    dataStreamAddress: "localhost:46293"
    clientAddress: "localhost:33409"
    adminAddress: "localhost:42243"
    startupRole: FOLLOWER
  }
}
commitInfos {
  server {
    id: "s4"
    address: "localhost:45747"
    dataStreamAddress: "localhost:42993"
    clientAddress: "localhost:44435"
    adminAddress: "localhost:35149"
    startupRole: FOLLOWER
  }
}
commitInfos {
  server {
    id: "s0"
    address: "localhost:36179"
    dataStreamAddress: "localhost:33505"
    clientAddress: "localhost:36175"
    adminAddress: "localhost:46501"
    startupRole: FOLLOWER
  }
}
commitInfos {
  server {
    id: "s2"
    address: "localhost:36969"
    dataStreamAddress: "localhost:38077"
    clientAddress: "localhost:40489"
    adminAddress: "localhost:37929"
    startupRole: FOLLOWER
  }
}
]
2022-10-24 03:16:23,152 [s1@group-6912872F20E7->s2-GrpcLogAppender-LogAppenderDaemon] INFO  util.CodeInjectionForTesting (DelayLocalExecutionInjection.java:execute(65)) - s1 delay 150 ms, args=[serverRequest {
  requestorId: "s1"
  replyId: "s2"
  raftGroupId {
    id: "\226\001\321s\341\rE_\235\364i\022\207/ \347"
  }
  callId: 82
  slidingWindowEntry {
  }
}
leaderTerm: 2
previousLog {
  term: 2
}
initializing: true
commitInfos {
  server {
    id: "s1"
    address: "localhost:36635"
    dataStreamAddress: "localhost:41297"
    clientAddress: "localhost:39775"
    adminAddress: "localhost:41981"
    startupRole: FOLLOWER
  }
}
commitInfos {
  server {
    id: "s3"
    address: "localhost:39579"
    dataStreamAddress: "localhost:46293"
    clientAddress: "localhost:33409"
    adminAddress: "localhost:42243"
    startupRole: FOLLOWER
  }
}
commitInfos {
  server {
    id: "s4"
    address: "localhost:45747"
    dataStreamAddress: "localhost:42993"
    clientAddress: "localhost:44435"
    adminAddress: "localhost:35149"
    startupRole: FOLLOWER
  }
}
commitInfos {
  server {
    id: "s0"
    address: "localhost:36179"
    dataStreamAddress: "localhost:33505"
    clientAddress: "localhost:36175"
    adminAddress: "localhost:46501"
    startupRole: FOLLOWER
  }
}
commitInfos {
  server {
    id: "s2"
    address: "localhost:36969"
    dataStreamAddress: "localhost:38077"
    clientAddress: "localhost:40489"
    adminAddress: "localhost:37929"
    startupRole: FOLLOWER
  }
}
]
2022-10-24 03:16:23,152 [s1@group-6912872F20E7->s4-GrpcLogAppender-LogAppenderDaemon] INFO  util.CodeInjectionForTesting (DelayLocalExecutionInjection.java:execute(65)) - s1 delay 150 ms, args=[serverRequest {
  requestorId: "s1"
  replyId: "s4"
  raftGroupId {
    id: "\226\001\321s\341\rE_\235\364i\022\207/ \347"
  }
  callId: 82
  slidingWindowEntry {
  }
}
leaderTerm: 2
previousLog {
  term: 2
}
initializing: true
commitInfos {
  server {
    id: "s1"
    address: "localhost:36635"
    dataStreamAddress: "localhost:41297"
    clientAddress: "localhost:39775"
    adminAddress: "localhost:41981"
    startupRole: FOLLOWER
  }
}
commitInfos {
  server {
    id: "s3"
    address: "localhost:39579"
    dataStreamAddress: "localhost:46293"
    clientAddress: "localhost:33409"
    adminAddress: "localhost:42243"
    startupRole: FOLLOWER
  }
}
commitInfos {
  server {
    id: "s4"
    address: "localhost:45747"
    dataStreamAddress: "localhost:42993"
    clientAddress: "localhost:44435"
    adminAddress: "localhost:35149"
    startupRole: FOLLOWER
  }
}
commitInfos {
  server {
    id: "s0"
    address: "localhost:36179"
    dataStreamAddress: "localhost:33505"
    clientAddress: "localhost:36175"
    adminAddress: "localhost:46501"
    startupRole: FOLLOWER
  }
}
commitInfos {
  server {
    id: "s2"
    address: "localhost:36969"
    dataStreamAddress: "localhost:38077"
    clientAddress: "localhost:40489"
    adminAddress: "localhost:37929"
    startupRole: FOLLOWER
  }
}
]
2022-10-24 03:16:23,153 [s1@group-6912872F20E7->s3-GrpcLogAppender-LogAppenderDaemon] INFO  util.CodeInjectionForTesting (DelayLocalExecutionInjection.java:execute(65)) - s1 delay 150 ms, args=[serverRequest {
  requestorId: "s1"
  replyId: "s3"
  raftGroupId {
    id: "\226\001\321s\341\rE_\235\364i\022\207/ \347"
  }
  callId: 165
  slidingWindowEntry {
  }
}
leaderTerm: 2
previousLog {
  term: 2
}
initializing: true
commitInfos {
  server {
    id: "s1"
    address: "localhost:36635"
    dataStreamAddress: "localhost:41297"
    clientAddress: "localhost:39775"
    adminAddress: "localhost:41981"
    startupRole: FOLLOWER
  }
}
commitInfos {
  server {
    id: "s3"
    address: "localhost:39579"
    dataStreamAddress: "localhost:46293"
    clientAddress: "localhost:33409"
    adminAddress: "localhost:42243"
    startupRole: FOLLOWER
  }
}
commitInfos {
  server {
    id: "s4"
    address: "localhost:45747"
    dataStreamAddress: "localhost:42993"
    clientAddress: "localhost:44435"
    adminAddress: "localhost:35149"
    startupRole: FOLLOWER
  }
}
commitInfos {
  server {
    id: "s0"
    address: "localhost:36179"
    dataStreamAddress: "localhost:33505"
    clientAddress: "localhost:36175"
    adminAddress: "localhost:46501"
    startupRole: FOLLOWER
  }
}
commitInfos {
  server {
    id: "s2"
    address: "localhost:36969"
    dataStreamAddress: "localhost:38077"
    clientAddress: "localhost:40489"
    adminAddress: "localhost:37929"
    startupRole: FOLLOWER
  }
}
]
2022-10-24 03:16:23,304 [s3-server-thread1] INFO  util.CodeInjectionForTesting (BlockRequestHandlingInjection.java:execute(77)) - s3: Block request from s1
2022-10-24 03:16:23,341 [s1@group-6912872F20E7->s3-GrpcLogAppender-LogAppenderDaemon] INFO  util.CodeInjectionForTesting (DelayLocalExecutionInjection.java:execute(65)) - s1 delay 150 ms, args=[serverRequest {
  requestorId: "s1"
  replyId: "s3"
  raftGroupId {
    id: "\226\001\321s\341\rE_\235\364i\022\207/ \347"
  }
  callId: 166
  slidingWindowEntry {
  }
}
leaderTerm: 2
previousLog {
  term: 2
}
initializing: true
commitInfos {
  server {
    id: "s1"
    address: "localhost:36635"
    dataStreamAddress: "localhost:41297"
    clientAddress: "localhost:39775"
    adminAddress: "localhost:41981"
    startupRole: FOLLOWER
  }
}
commitInfos {
  server {
    id: "s3"
    address: "localhost:39579"
    dataStreamAddress: "localhost:46293"
    clientAddress: "localhost:33409"
    adminAddress: "localhost:42243"
    startupRole: FOLLOWER
  }
}
commitInfos {
  server {
    id: "s4"
    address: "localhost:45747"
    dataStreamAddress: "localhost:42993"
    clientAddress: "localhost:44435"
    adminAddress: "localhost:35149"
    startupRole: FOLLOWER
  }
}
commitInfos {
  server {
    id: "s0"
    address: "localhost:36179"
    dataStreamAddress: "localhost:33505"
    clientAddress: "localhost:36175"
    adminAddress: "localhost:46501"
    startupRole: FOLLOWER
  }
}
commitInfos {
  server {
    id: "s2"
    address: "localhost:36969"
    dataStreamAddress: "localhost:38077"
    clientAddress: "localhost:40489"
    adminAddress: "localhost:37929"
    startupRole: FOLLOWER
  }
}
]
2022-10-24 03:16:23,378 [s1@group-6912872F20E7->s0-GrpcLogAppender-LogAppenderDaemon] INFO  util.CodeInjectionForTesting (DelayLocalExecutionInjection.java:execute(65)) - s1 delay 150 ms, args=[serverRequest {
  requestorId: "s1"
  replyId: "s0"
  raftGroupId {
    id: "\226\001\321s\341\rE_\235\364i\022\207/ \347"
  }
  callId: 84
  slidingWindowEntry {
  }
}
leaderTerm: 2
previousLog {
  term: 2
}
initializing: true
commitInfos {
  server {
    id: "s1"
    address: "localhost:36635"
    dataStreamAddress: "localhost:41297"
    clientAddress: "localhost:39775"
    adminAddress: "localhost:41981"
    startupRole: FOLLOWER
  }
}
commitInfos {
  server {
    id: "s3"
    address: "localhost:39579"
    dataStreamAddress: "localhost:46293"
    clientAddress: "localhost:33409"
    adminAddress: "localhost:42243"
    startupRole: FOLLOWER
  }
}
commitInfos {
  server {
    id: "s4"
    address: "localhost:45747"
    dataStreamAddress: "localhost:42993"
    clientAddress: "localhost:44435"
    adminAddress: "localhost:35149"
    startupRole: FOLLOWER
  }
}
commitInfos {
  server {
    id: "s0"
    address: "localhost:36179"
    dataStreamAddress: "localhost:33505"
    clientAddress: "localhost:36175"
    adminAddress: "localhost:46501"
    startupRole: FOLLOWER
  }
}
commitInfos {
  server {
    id: "s2"
    address: "localhost:36969"
    dataStreamAddress: "localhost:38077"
    clientAddress: "localhost:40489"
    adminAddress: "localhost:37929"
    startupRole: FOLLOWER
  }
}
]
2022-10-24 03:16:23,383 [s1@group-6912872F20E7->s2-GrpcLogAppender-LogAppenderDaemon] INFO  util.CodeInjectionForTesting (DelayLocalExecutionInjection.java:execute(65)) - s1 delay 150 ms, args=[serverRequest {
  requestorId: "s1"
  replyId: "s2"
  raftGroupId {
    id: "\226\001\321s\341\rE_\235\364i\022\207/ \347"
  }
  callId: 83
  slidingWindowEntry {
  }
}
leaderTerm: 2
previousLog {
  term: 2
}
initializing: true
commitInfos {
  server {
    id: "s1"
    address: "localhost:36635"
    dataStreamAddress: "localhost:41297"
    clientAddress: "localhost:39775"
    adminAddress: "localhost:41981"
    startupRole: FOLLOWER
  }
}
commitInfos {
  server {
    id: "s3"
    address: "localhost:39579"
    dataStreamAddress: "localhost:46293"
    clientAddress: "localhost:33409"
    adminAddress: "localhost:42243"
    startupRole: FOLLOWER
  }
}
commitInfos {
  server {
    id: "s4"
    address: "localhost:45747"
    dataStreamAddress: "localhost:42993"
    clientAddress: "localhost:44435"
    adminAddress: "localhost:35149"
    startupRole: FOLLOWER
  }
}
commitInfos {
  server {
    id: "s0"
    address: "localhost:36179"
    dataStreamAddress: "localhost:33505"
    clientAddress: "localhost:36175"
    adminAddress: "localhost:46501"
    startupRole: FOLLOWER
  }
}
commitInfos {
  server {
    id: "s2"
    address: "localhost:36969"
    dataStreamAddress: "localhost:38077"
    clientAddress: "localhost:40489"
    adminAddress: "localhost:37929"
    startupRole: FOLLOWER
  }
}
]
2022-10-24 03:16:23,383 [s1@group-6912872F20E7->s4-GrpcLogAppender-LogAppenderDaemon] INFO  util.CodeInjectionForTesting (DelayLocalExecutionInjection.java:execute(65)) - s1 delay 150 ms, args=[serverRequest {
  requestorId: "s1"
  replyId: "s4"
  raftGroupId {
    id: "\226\001\321s\341\rE_\235\364i\022\207/ \347"
  }
  callId: 83
  slidingWindowEntry {
  }
}
leaderTerm: 2
previousLog {
  term: 2
}
initializing: true
commitInfos {
  server {
    id: "s1"
    address: "localhost:36635"
    dataStreamAddress: "localhost:41297"
    clientAddress: "localhost:39775"
    adminAddress: "localhost:41981"
    startupRole: FOLLOWER
  }
}
commitInfos {
  server {
    id: "s3"
    address: "localhost:39579"
    dataStreamAddress: "localhost:46293"
    clientAddress: "localhost:33409"
    adminAddress: "localhost:42243"
    startupRole: FOLLOWER
  }
}
commitInfos {
  server {
    id: "s4"
    address: "localhost:45747"
    dataStreamAddress: "localhost:42993"
    clientAddress: "localhost:44435"
    adminAddress: "localhost:35149"
    startupRole: FOLLOWER
  }
}
commitInfos {
  server {
    id: "s0"
    address: "localhost:36179"
    dataStreamAddress: "localhost:33505"
    clientAddress: "localhost:36175"
    adminAddress: "localhost:46501"
    startupRole: FOLLOWER
  }
}
commitInfos {
  server {
    id: "s2"
    address: "localhost:36969"
    dataStreamAddress: "localhost:38077"
    clientAddress: "localhost:40489"
    adminAddress: "localhost:37929"
    startupRole: FOLLOWER
  }
}
]
2022-10-24 03:16:23,508 [s3@group-6912872F20E7-FollowerState] INFO  impl.FollowerState (FollowerState.java:run(143)) - s3@group-6912872F20E7-FollowerState: change to CANDIDATE, lastRpcElapsedTime:431208680ns, electionTimeout:172ms
2022-10-24 03:16:23,508 [s3@group-6912872F20E7-FollowerState] INFO  impl.RoleInfo (RoleInfo.java:shutdownFollowerState(110)) - s3: shutdown s3@group-6912872F20E7-FollowerState
2022-10-24 03:16:23,508 [s3@group-6912872F20E7-FollowerState] INFO  server.RaftServer$Division (RaftServerImpl.java:setRole(325)) - s3@group-6912872F20E7: changes role from  FOLLOWER to CANDIDATE at term 2 for changeToCandidate
2022-10-24 03:16:23,508 [s3@group-6912872F20E7-FollowerState] INFO  server.RaftServerConfigKeys (ConfUtils.java:logGet(46)) - raft.server.leaderelection.pre-vote = true (default)
2022-10-24 03:16:23,508 [s3@group-6912872F20E7-FollowerState] INFO  impl.RoleInfo (RoleInfo.java:updateAndGet(139)) - s3: start s3@group-6912872F20E7-LeaderElection29
2022-10-24 03:16:23,509 [s3@group-6912872F20E7-LeaderElection29] INFO  server.RaftServer$Division (ServerState.java:setLeader(259)) - s3@group-6912872F20E7: change Leader from s1 to null at term 2 for PRE_VOTE
2022-10-24 03:16:23,509 [s3@group-6912872F20E7-LeaderElection29] INFO  impl.LeaderElection (LeaderElection.java:askForVotes(309)) - s3@group-6912872F20E7-LeaderElection29 PRE_VOTE round 0: submit vote requests at term 2 for 0: peers:[s3|rpc:localhost:39579|admin:localhost:42243|client:localhost:33409|dataStream:localhost:46293|priority:0|startupRole:FOLLOWER, s4|rpc:localhost:45747|admin:localhost:35149|client:localhost:44435|dataStream:localhost:42993|priority:0|startupRole:FOLLOWER, s0|rpc:localhost:36179|admin:localhost:46501|client:localhost:36175|dataStream:localhost:33505|priority:0|startupRole:FOLLOWER, s1|rpc:localhost:36635|admin:localhost:41981|client:localhost:39775|dataStream:localhost:41297|priority:0|startupRole:FOLLOWER, s2|rpc:localhost:36969|admin:localhost:37929|client:localhost:40489|dataStream:localhost:38077|priority:0|startupRole:FOLLOWER]|listeners:[], old=null
2022-10-24 03:16:23,512 [grpc-default-executor-8] INFO  server.RaftServer$Division (RaftServerImpl.java:requestVote(1291)) - s4@group-6912872F20E7: receive requestVote(PRE_VOTE, s3, group-6912872F20E7, 2, (t:1, i:0))
2022-10-24 03:16:23,512 [grpc-default-executor-8] INFO  impl.VoteContext (VoteContext.java:log(49)) - s4@group-6912872F20E7-FOLLOWER: reject PRE_VOTE from s3: our last entry (t:2, i:0) > candidate's last entry (t:1, i:0)
2022-10-24 03:16:23,512 [grpc-default-executor-8] INFO  server.RaftServer$Division (RaftServerImpl.java:requestVote(1324)) - s4@group-6912872F20E7 replies to PRE_VOTE vote request: s3<-s4#0:FAIL-t2. Peer's state: s4@group-6912872F20E7:t2, leader=s1, voted=s1, raftlog=Memoized:s4@group-6912872F20E7-SegmentedRaftLog:OPENED:c0, conf=0: peers:[s3|rpc:localhost:39579|admin:localhost:42243|client:localhost:33409|dataStream:localhost:46293|priority:0|startupRole:FOLLOWER, s4|rpc:localhost:45747|admin:localhost:35149|client:localhost:44435|dataStream:localhost:42993|priority:0|startupRole:FOLLOWER, s0|rpc:localhost:36179|admin:localhost:46501|client:localhost:36175|dataStream:localhost:33505|priority:0|startupRole:FOLLOWER, s1|rpc:localhost:36635|admin:localhost:41981|client:localhost:39775|dataStream:localhost:41297|priority:0|startupRole:FOLLOWER, s2|rpc:localhost:36969|admin:localhost:37929|client:localhost:40489|dataStream:localhost:38077|priority:0|startupRole:FOLLOWER]|listeners:[], old=null
2022-10-24 03:16:23,513 [grpc-default-executor-8] INFO  server.RaftServer$Division (RaftServerImpl.java:requestVote(1291)) - s0@group-6912872F20E7: receive requestVote(PRE_VOTE, s3, group-6912872F20E7, 2, (t:1, i:0))
2022-10-24 03:16:23,513 [grpc-default-executor-8] INFO  impl.VoteContext (VoteContext.java:log(49)) - s0@group-6912872F20E7-FOLLOWER: reject PRE_VOTE from s3: our last entry (t:2, i:0) > candidate's last entry (t:1, i:0)
2022-10-24 03:16:23,513 [grpc-default-executor-8] INFO  server.RaftServer$Division (RaftServerImpl.java:requestVote(1324)) - s0@group-6912872F20E7 replies to PRE_VOTE vote request: s3<-s0#0:FAIL-t2. Peer's state: s0@group-6912872F20E7:t2, leader=s1, voted=s1, raftlog=Memoized:s0@group-6912872F20E7-SegmentedRaftLog:OPENED:c0, conf=0: peers:[s3|rpc:localhost:39579|admin:localhost:42243|client:localhost:33409|dataStream:localhost:46293|priority:0|startupRole:FOLLOWER, s4|rpc:localhost:45747|admin:localhost:35149|client:localhost:44435|dataStream:localhost:42993|priority:0|startupRole:FOLLOWER, s0|rpc:localhost:36179|admin:localhost:46501|client:localhost:36175|dataStream:localhost:33505|priority:0|startupRole:FOLLOWER, s1|rpc:localhost:36635|admin:localhost:41981|client:localhost:39775|dataStream:localhost:41297|priority:0|startupRole:FOLLOWER, s2|rpc:localhost:36969|admin:localhost:37929|client:localhost:40489|dataStream:localhost:38077|priority:0|startupRole:FOLLOWER]|listeners:[], old=null
2022-10-24 03:16:23,514 [grpc-default-executor-8] INFO  server.RaftServer$Division (RaftServerImpl.java:requestVote(1291)) - s2@group-6912872F20E7: receive requestVote(PRE_VOTE, s3, group-6912872F20E7, 2, (t:1, i:0))
2022-10-24 03:16:23,514 [grpc-default-executor-8] INFO  impl.VoteContext (VoteContext.java:log(49)) - s2@group-6912872F20E7-FOLLOWER: reject PRE_VOTE from s3: our last entry (t:2, i:0) > candidate's last entry (t:1, i:0)
2022-10-24 03:16:23,514 [grpc-default-executor-8] INFO  server.RaftServer$Division (RaftServerImpl.java:requestVote(1324)) - s2@group-6912872F20E7 replies to PRE_VOTE vote request: s3<-s2#0:FAIL-t2. Peer's state: s2@group-6912872F20E7:t2, leader=s1, voted=s1, raftlog=Memoized:s2@group-6912872F20E7-SegmentedRaftLog:OPENED:c0, conf=0: peers:[s3|rpc:localhost:39579|admin:localhost:42243|client:localhost:33409|dataStream:localhost:46293|priority:0|startupRole:FOLLOWER, s4|rpc:localhost:45747|admin:localhost:35149|client:localhost:44435|dataStream:localhost:42993|priority:0|startupRole:FOLLOWER, s0|rpc:localhost:36179|admin:localhost:46501|client:localhost:36175|dataStream:localhost:33505|priority:0|startupRole:FOLLOWER, s1|rpc:localhost:36635|admin:localhost:41981|client:localhost:39775|dataStream:localhost:41297|priority:0|startupRole:FOLLOWER, s2|rpc:localhost:36969|admin:localhost:37929|client:localhost:40489|dataStream:localhost:38077|priority:0|startupRole:FOLLOWER]|listeners:[], old=null
2022-10-24 03:16:23,515 [grpc-default-executor-34] INFO  server.RaftServer$Division (RaftServerImpl.java:requestVote(1291)) - s1@group-6912872F20E7: receive requestVote(PRE_VOTE, s3, group-6912872F20E7, 2, (t:1, i:0))
2022-10-24 03:16:23,515 [grpc-default-executor-34] INFO  impl.VoteContext (VoteContext.java:log(49)) - s1@group-6912872F20E7-LEADER: reject PRE_VOTE from s3: this server is the leader and still has leadership
2022-10-24 03:16:23,515 [grpc-default-executor-34] INFO  server.RaftServer$Division (RaftServerImpl.java:requestVote(1324)) - s1@group-6912872F20E7 replies to PRE_VOTE vote request: s3<-s1#0:FAIL-t2. Peer's state: s1@group-6912872F20E7:t2, leader=s1, voted=s1, raftlog=Memoized:s1@group-6912872F20E7-SegmentedRaftLog:OPENED:c0, conf=0: peers:[s3|rpc:localhost:39579|admin:localhost:42243|client:localhost:33409|dataStream:localhost:46293|priority:0|startupRole:FOLLOWER, s4|rpc:localhost:45747|admin:localhost:35149|client:localhost:44435|dataStream:localhost:42993|priority:0|startupRole:FOLLOWER, s0|rpc:localhost:36179|admin:localhost:46501|client:localhost:36175|dataStream:localhost:33505|priority:0|startupRole:FOLLOWER, s1|rpc:localhost:36635|admin:localhost:41981|client:localhost:39775|dataStream:localhost:41297|priority:0|startupRole:FOLLOWER, s2|rpc:localhost:36969|admin:localhost:37929|client:localhost:40489|dataStream:localhost:38077|priority:0|startupRole:FOLLOWER]|listeners:[], old=null
2022-10-24 03:16:23,516 [s3@group-6912872F20E7-LeaderElection29] INFO  impl.LeaderElection (LeaderElection.java:logAndReturn(89)) - s3@group-6912872F20E7-LeaderElection29: PRE_VOTE REJECTED received 3 response(s) and 0 exception(s):
2022-10-24 03:16:23,517 [s3@group-6912872F20E7-LeaderElection29] INFO  impl.LeaderElection (LeaderElection.java:logAndReturn(93)) -   Response 0: s3<-s4#0:FAIL-t2
2022-10-24 03:16:23,517 [s3@group-6912872F20E7-LeaderElection29] INFO  impl.LeaderElection (LeaderElection.java:logAndReturn(93)) -   Response 1: s3<-s0#0:FAIL-t2
2022-10-24 03:16:23,517 [s3@group-6912872F20E7-LeaderElection29] INFO  impl.LeaderElection (LeaderElection.java:logAndReturn(93)) -   Response 2: s3<-s1#0:FAIL-t2
2022-10-24 03:16:23,517 [s3@group-6912872F20E7-LeaderElection29] INFO  impl.LeaderElection (LeaderElection.java:askForVotes(311)) - s3@group-6912872F20E7-LeaderElection29 PRE_VOTE round 0: result REJECTED
2022-10-24 03:16:23,517 [s3@group-6912872F20E7-LeaderElection29] INFO  server.RaftServer$Division (RaftServerImpl.java:setRole(325)) - s3@group-6912872F20E7: changes role from CANDIDATE to FOLLOWER at term 2 for REJECTED
2022-10-24 03:16:23,517 [s3@group-6912872F20E7-LeaderElection29] INFO  impl.RoleInfo (RoleInfo.java:shutdownLeaderElection(130)) - s3: shutdown s3@group-6912872F20E7-LeaderElection29
2022-10-24 03:16:23,517 [s3@group-6912872F20E7-LeaderElection29] INFO  impl.RoleInfo (RoleInfo.java:updateAndGet(139)) - s3: start s3@group-6912872F20E7-FollowerState
2022-10-24 03:16:23,529 [s1@group-6912872F20E7->s3-GrpcLogAppender-LogAppenderDaemon] INFO  util.CodeInjectionForTesting (DelayLocalExecutionInjection.java:execute(65)) - s1 delay 150 ms, args=[serverRequest {
  requestorId: "s1"
  replyId: "s3"
  raftGroupId {
    id: "\226\001\321s\341\rE_\235\364i\022\207/ \347"
  }
  callId: 167
  slidingWindowEntry {
  }
}
leaderTerm: 2
previousLog {
  term: 2
}
initializing: true
commitInfos {
  server {
    id: "s1"
    address: "localhost:36635"
    dataStreamAddress: "localhost:41297"
    clientAddress: "localhost:39775"
    adminAddress: "localhost:41981"
    startupRole: FOLLOWER
  }
}
commitInfos {
  server {
    id: "s3"
    address: "localhost:39579"
    dataStreamAddress: "localhost:46293"
    clientAddress: "localhost:33409"
    adminAddress: "localhost:42243"
    startupRole: FOLLOWER
  }
}
commitInfos {
  server {
    id: "s4"
    address: "localhost:45747"
    dataStreamAddress: "localhost:42993"
    clientAddress: "localhost:44435"
    adminAddress: "localhost:35149"
    startupRole: FOLLOWER
  }
}
commitInfos {
  server {
    id: "s0"
    address: "localhost:36179"
    dataStreamAddress: "localhost:33505"
    clientAddress: "localhost:36175"
    adminAddress: "localhost:46501"
    startupRole: FOLLOWER
  }
}
commitInfos {
  server {
    id: "s2"
    address: "localhost:36969"
    dataStreamAddress: "localhost:38077"
    clientAddress: "localhost:40489"
    adminAddress: "localhost:37929"
    startupRole: FOLLOWER
  }
}
]
2022-10-24 03:16:23,605 [s1@group-6912872F20E7->s0-GrpcLogAppender-LogAppenderDaemon] INFO  util.CodeInjectionForTesting (DelayLocalExecutionInjection.java:execute(65)) - s1 delay 150 ms, args=[serverRequest {
  requestorId: "s1"
  replyId: "s0"
  raftGroupId {
    id: "\226\001\321s\341\rE_\235\364i\022\207/ \347"
  }
  callId: 85
  slidingWindowEntry {
  }
}
leaderTerm: 2
previousLog {
  term: 2
}
initializing: true
commitInfos {
  server {
    id: "s1"
    address: "localhost:36635"
    dataStreamAddress: "localhost:41297"
    clientAddress: "localhost:39775"
    adminAddress: "localhost:41981"
    startupRole: FOLLOWER
  }
}
commitInfos {
  server {
    id: "s3"
    address: "localhost:39579"
    dataStreamAddress: "localhost:46293"
    clientAddress: "localhost:33409"
    adminAddress: "localhost:42243"
    startupRole: FOLLOWER
  }
}
commitInfos {
  server {
    id: "s4"
    address: "localhost:45747"
    dataStreamAddress: "localhost:42993"
    clientAddress: "localhost:44435"
    adminAddress: "localhost:35149"
    startupRole: FOLLOWER
  }
}
commitInfos {
  server {
    id: "s0"
    address: "localhost:36179"
    dataStreamAddress: "localhost:33505"
    clientAddress: "localhost:36175"
    adminAddress: "localhost:46501"
    startupRole: FOLLOWER
  }
}
commitInfos {
  server {
    id: "s2"
    address: "localhost:36969"
    dataStreamAddress: "localhost:38077"
    clientAddress: "localhost:40489"
    adminAddress: "localhost:37929"
    startupRole: FOLLOWER
  }
}
]
2022-10-24 03:16:23,609 [s1@group-6912872F20E7->s2-GrpcLogAppender-LogAppenderDaemon] INFO  util.CodeInjectionForTesting (DelayLocalExecutionInjection.java:execute(65)) - s1 delay 150 ms, args=[serverRequest {
  requestorId: "s1"
  replyId: "s2"
  raftGroupId {
    id: "\226\001\321s\341\rE_\235\364i\022\207/ \347"
  }
  callId: 84
  slidingWindowEntry {
  }
}
leaderTerm: 2
previousLog {
  term: 2
}
initializing: true
commitInfos {
  server {
    id: "s1"
    address: "localhost:36635"
    dataStreamAddress: "localhost:41297"
    clientAddress: "localhost:39775"
    adminAddress: "localhost:41981"
    startupRole: FOLLOWER
  }
}
commitInfos {
  server {
    id: "s3"
    address: "localhost:39579"
    dataStreamAddress: "localhost:46293"
    clientAddress: "localhost:33409"
    adminAddress: "localhost:42243"
    startupRole: FOLLOWER
  }
}
commitInfos {
  server {
    id: "s4"
    address: "localhost:45747"
    dataStreamAddress: "localhost:42993"
    clientAddress: "localhost:44435"
    adminAddress: "localhost:35149"
    startupRole: FOLLOWER
  }
}
commitInfos {
  server {
    id: "s0"
    address: "localhost:36179"
    dataStreamAddress: "localhost:33505"
    clientAddress: "localhost:36175"
    adminAddress: "localhost:46501"
    startupRole: FOLLOWER
  }
}
commitInfos {
  server {
    id: "s2"
    address: "localhost:36969"
    dataStreamAddress: "localhost:38077"
    clientAddress: "localhost:40489"
    adminAddress: "localhost:37929"
    startupRole: FOLLOWER
  }
}
]
2022-10-24 03:16:23,610 [s1@group-6912872F20E7->s4-GrpcLogAppender-LogAppenderDaemon] INFO  util.CodeInjectionForTesting (DelayLocalExecutionInjection.java:execute(65)) - s1 delay 150 ms, args=[serverRequest {
  requestorId: "s1"
  replyId: "s4"
  raftGroupId {
    id: "\226\001\321s\341\rE_\235\364i\022\207/ \347"
  }
  callId: 84
  slidingWindowEntry {
  }
}
leaderTerm: 2
previousLog {
  term: 2
}
initializing: true
commitInfos {
  server {
    id: "s1"
    address: "localhost:36635"
    dataStreamAddress: "localhost:41297"
    clientAddress: "localhost:39775"
    adminAddress: "localhost:41981"
    startupRole: FOLLOWER
  }
}
commitInfos {
  server {
    id: "s3"
    address: "localhost:39579"
    dataStreamAddress: "localhost:46293"
    clientAddress: "localhost:33409"
    adminAddress: "localhost:42243"
    startupRole: FOLLOWER
  }
}
commitInfos {
  server {
    id: "s4"
    address: "localhost:45747"
    dataStreamAddress: "localhost:42993"
    clientAddress: "localhost:44435"
    adminAddress: "localhost:35149"
    startupRole: FOLLOWER
  }
}
commitInfos {
  server {
    id: "s0"
    address: "localhost:36179"
    dataStreamAddress: "localhost:33505"
    clientAddress: "localhost:36175"
    adminAddress: "localhost:46501"
    startupRole: FOLLOWER
  }
}
commitInfos {
  server {
    id: "s2"
    address: "localhost:36969"
    dataStreamAddress: "localhost:38077"
    clientAddress: "localhost:40489"
    adminAddress: "localhost:37929"
    startupRole: FOLLOWER
  }
}
]
2022-10-24 03:16:23,717 [s1@group-6912872F20E7->s3-GrpcLogAppender-LogAppenderDaemon] INFO  util.CodeInjectionForTesting (DelayLocalExecutionInjection.java:execute(65)) - s1 delay 150 ms, args=[serverRequest {
  requestorId: "s1"
  replyId: "s3"
  raftGroupId {
    id: "\226\001\321s\341\rE_\235\364i\022\207/ \347"
  }
  callId: 168
  slidingWindowEntry {
  }
}
leaderTerm: 2
previousLog {
  term: 2
}
initializing: true
commitInfos {
  server {
    id: "s1"
    address: "localhost:36635"
    dataStreamAddress: "localhost:41297"
    clientAddress: "localhost:39775"
    adminAddress: "localhost:41981"
    startupRole: FOLLOWER
  }
}
commitInfos {
  server {
    id: "s3"
    address: "localhost:39579"
    dataStreamAddress: "localhost:46293"
    clientAddress: "localhost:33409"
    adminAddress: "localhost:42243"
    startupRole: FOLLOWER
  }
}
commitInfos {
  server {
    id: "s4"
    address: "localhost:45747"
    dataStreamAddress: "localhost:42993"
    clientAddress: "localhost:44435"
    adminAddress: "localhost:35149"
    startupRole: FOLLOWER
  }
}
commitInfos {
  server {
    id: "s0"
    address: "localhost:36179"
    dataStreamAddress: "localhost:33505"
    clientAddress: "localhost:36175"
    adminAddress: "localhost:46501"
    startupRole: FOLLOWER
  }
}
commitInfos {
  server {
    id: "s2"
    address: "localhost:36969"
    dataStreamAddress: "localhost:38077"
    clientAddress: "localhost:40489"
    adminAddress: "localhost:37929"
    startupRole: FOLLOWER
  }
}
]
2022-10-24 03:16:23,800 [s3@group-6912872F20E7-FollowerState] INFO  impl.FollowerState (FollowerState.java:run(143)) - s3@group-6912872F20E7-FollowerState: change to CANDIDATE, lastRpcElapsedTime:283137145ns, electionTimeout:280ms
2022-10-24 03:16:23,800 [s3@group-6912872F20E7-FollowerState] INFO  impl.RoleInfo (RoleInfo.java:shutdownFollowerState(110)) - s3: shutdown s3@group-6912872F20E7-FollowerState
2022-10-24 03:16:23,800 [s3@group-6912872F20E7-FollowerState] INFO  server.RaftServer$Division (RaftServerImpl.java:setRole(325)) - s3@group-6912872F20E7: changes role from  FOLLOWER to CANDIDATE at term 2 for changeToCandidate
2022-10-24 03:16:23,800 [s3@group-6912872F20E7-FollowerState] INFO  server.RaftServerConfigKeys (ConfUtils.java:logGet(46)) - raft.server.leaderelection.pre-vote = true (default)
2022-10-24 03:16:23,800 [s3@group-6912872F20E7-FollowerState] INFO  impl.RoleInfo (RoleInfo.java:updateAndGet(139)) - s3: start s3@group-6912872F20E7-LeaderElection30
2022-10-24 03:16:23,805 [s3@group-6912872F20E7-LeaderElection30] INFO  impl.LeaderElection (LeaderElection.java:askForVotes(309)) - s3@group-6912872F20E7-LeaderElection30 PRE_VOTE round 0: submit vote requests at term 2 for 0: peers:[s3|rpc:localhost:39579|admin:localhost:42243|client:localhost:33409|dataStream:localhost:46293|priority:0|startupRole:FOLLOWER, s4|rpc:localhost:45747|admin:localhost:35149|client:localhost:44435|dataStream:localhost:42993|priority:0|startupRole:FOLLOWER, s0|rpc:localhost:36179|admin:localhost:46501|client:localhost:36175|dataStream:localhost:33505|priority:0|startupRole:FOLLOWER, s1|rpc:localhost:36635|admin:localhost:41981|client:localhost:39775|dataStream:localhost:41297|priority:0|startupRole:FOLLOWER, s2|rpc:localhost:36969|admin:localhost:37929|client:localhost:40489|dataStream:localhost:38077|priority:0|startupRole:FOLLOWER]|listeners:[], old=null
2022-10-24 03:16:23,808 [grpc-default-executor-8] INFO  server.RaftServer$Division (RaftServerImpl.java:requestVote(1291)) - s4@group-6912872F20E7: receive requestVote(PRE_VOTE, s3, group-6912872F20E7, 2, (t:1, i:0))
2022-10-24 03:16:23,808 [grpc-default-executor-8] INFO  impl.VoteContext (VoteContext.java:log(49)) - s4@group-6912872F20E7-FOLLOWER: reject PRE_VOTE from s3: this server is a follower and still has a valid leader s1
2022-10-24 03:16:23,809 [grpc-default-executor-8] INFO  server.RaftServer$Division (RaftServerImpl.java:requestVote(1324)) - s4@group-6912872F20E7 replies to PRE_VOTE vote request: s3<-s4#0:FAIL-t2. Peer's state: s4@group-6912872F20E7:t2, leader=s1, voted=s1, raftlog=Memoized:s4@group-6912872F20E7-SegmentedRaftLog:OPENED:c0, conf=0: peers:[s3|rpc:localhost:39579|admin:localhost:42243|client:localhost:33409|dataStream:localhost:46293|priority:0|startupRole:FOLLOWER, s4|rpc:localhost:45747|admin:localhost:35149|client:localhost:44435|dataStream:localhost:42993|priority:0|startupRole:FOLLOWER, s0|rpc:localhost:36179|admin:localhost:46501|client:localhost:36175|dataStream:localhost:33505|priority:0|startupRole:FOLLOWER, s1|rpc:localhost:36635|admin:localhost:41981|client:localhost:39775|dataStream:localhost:41297|priority:0|startupRole:FOLLOWER, s2|rpc:localhost:36969|admin:localhost:37929|client:localhost:40489|dataStream:localhost:38077|priority:0|startupRole:FOLLOWER]|listeners:[], old=null
2022-10-24 03:16:23,811 [grpc-default-executor-8] INFO  server.RaftServer$Division (RaftServerImpl.java:requestVote(1291)) - s0@group-6912872F20E7: receive requestVote(PRE_VOTE, s3, group-6912872F20E7, 2, (t:1, i:0))
2022-10-24 03:16:23,811 [grpc-default-executor-8] INFO  impl.VoteContext (VoteContext.java:log(49)) - s0@group-6912872F20E7-FOLLOWER: reject PRE_VOTE from s3: this server is a follower and still has a valid leader s1
2022-10-24 03:16:23,811 [grpc-default-executor-8] INFO  server.RaftServer$Division (RaftServerImpl.java:requestVote(1324)) - s0@group-6912872F20E7 replies to PRE_VOTE vote request: s3<-s0#0:FAIL-t2. Peer's state: s0@group-6912872F20E7:t2, leader=s1, voted=s1, raftlog=Memoized:s0@group-6912872F20E7-SegmentedRaftLog:OPENED:c0, conf=0: peers:[s3|rpc:localhost:39579|admin:localhost:42243|client:localhost:33409|dataStream:localhost:46293|priority:0|startupRole:FOLLOWER, s4|rpc:localhost:45747|admin:localhost:35149|client:localhost:44435|dataStream:localhost:42993|priority:0|startupRole:FOLLOWER, s0|rpc:localhost:36179|admin:localhost:46501|client:localhost:36175|dataStream:localhost:33505|priority:0|startupRole:FOLLOWER, s1|rpc:localhost:36635|admin:localhost:41981|client:localhost:39775|dataStream:localhost:41297|priority:0|startupRole:FOLLOWER, s2|rpc:localhost:36969|admin:localhost:37929|client:localhost:40489|dataStream:localhost:38077|priority:0|startupRole:FOLLOWER]|listeners:[], old=null
2022-10-24 03:16:23,815 [grpc-default-executor-8] INFO  server.RaftServer$Division (RaftServerImpl.java:requestVote(1291)) - s1@group-6912872F20E7: receive requestVote(PRE_VOTE, s3, group-6912872F20E7, 2, (t:1, i:0))
2022-10-24 03:16:23,815 [grpc-default-executor-8] INFO  impl.VoteContext (VoteContext.java:log(49)) - s1@group-6912872F20E7-LEADER: reject PRE_VOTE from s3: this server is the leader and still has leadership
2022-10-24 03:16:23,815 [grpc-default-executor-8] INFO  server.RaftServer$Division (RaftServerImpl.java:requestVote(1324)) - s1@group-6912872F20E7 replies to PRE_VOTE vote request: s3<-s1#0:FAIL-t2. Peer's state: s1@group-6912872F20E7:t2, leader=s1, voted=s1, raftlog=Memoized:s1@group-6912872F20E7-SegmentedRaftLog:OPENED:c0, conf=0: peers:[s3|rpc:localhost:39579|admin:localhost:42243|client:localhost:33409|dataStream:localhost:46293|priority:0|startupRole:FOLLOWER, s4|rpc:localhost:45747|admin:localhost:35149|client:localhost:44435|dataStream:localhost:42993|priority:0|startupRole:FOLLOWER, s0|rpc:localhost:36179|admin:localhost:46501|client:localhost:36175|dataStream:localhost:33505|priority:0|startupRole:FOLLOWER, s1|rpc:localhost:36635|admin:localhost:41981|client:localhost:39775|dataStream:localhost:41297|priority:0|startupRole:FOLLOWER, s2|rpc:localhost:36969|admin:localhost:37929|client:localhost:40489|dataStream:localhost:38077|priority:0|startupRole:FOLLOWER]|listeners:[], old=null
2022-10-24 03:16:23,816 [s3@group-6912872F20E7-LeaderElection30] INFO  impl.LeaderElection (LeaderElection.java:logAndReturn(89)) - s3@group-6912872F20E7-LeaderElection30: PRE_VOTE REJECTED received 3 response(s) and 0 exception(s):
2022-10-24 03:16:23,816 [s3@group-6912872F20E7-LeaderElection30] INFO  impl.LeaderElection (LeaderElection.java:logAndReturn(93)) -   Response 0: s3<-s4#0:FAIL-t2
2022-10-24 03:16:23,816 [s3@group-6912872F20E7-LeaderElection30] INFO  impl.LeaderElection (LeaderElection.java:logAndReturn(93)) -   Response 1: s3<-s0#0:FAIL-t2
2022-10-24 03:16:23,816 [s3@group-6912872F20E7-LeaderElection30] INFO  impl.LeaderElection (LeaderElection.java:logAndReturn(93)) -   Response 2: s3<-s1#0:FAIL-t2
2022-10-24 03:16:23,816 [s3@group-6912872F20E7-LeaderElection30] INFO  impl.LeaderElection (LeaderElection.java:askForVotes(311)) - s3@group-6912872F20E7-LeaderElection30 PRE_VOTE round 0: result REJECTED
2022-10-24 03:16:23,816 [s3@group-6912872F20E7-LeaderElection30] INFO  server.RaftServer$Division (RaftServerImpl.java:setRole(325)) - s3@group-6912872F20E7: changes role from CANDIDATE to FOLLOWER at term 2 for REJECTED
2022-10-24 03:16:23,817 [s3@group-6912872F20E7-LeaderElection30] INFO  impl.RoleInfo (RoleInfo.java:shutdownLeaderElection(130)) - s3: shutdown s3@group-6912872F20E7-LeaderElection30
2022-10-24 03:16:23,817 [s3@group-6912872F20E7-LeaderElection30] INFO  impl.RoleInfo (RoleInfo.java:updateAndGet(139)) - s3: start s3@group-6912872F20E7-FollowerState
2022-10-24 03:16:23,818 [grpc-default-executor-8] INFO  server.RaftServer$Division (RaftServerImpl.java:requestVote(1291)) - s2@group-6912872F20E7: receive requestVote(PRE_VOTE, s3, group-6912872F20E7, 2, (t:1, i:0))
2022-10-24 03:16:23,818 [grpc-default-executor-8] INFO  impl.VoteContext (VoteContext.java:log(49)) - s2@group-6912872F20E7-FOLLOWER: reject PRE_VOTE from s3: this server is a follower and still has a valid leader s1
2022-10-24 03:16:23,818 [grpc-default-executor-8] INFO  server.RaftServer$Division (RaftServerImpl.java:requestVote(1324)) - s2@group-6912872F20E7 replies to PRE_VOTE vote request: s3<-s2#0:FAIL-t2. Peer's state: s2@group-6912872F20E7:t2, leader=s1, voted=s1, raftlog=Memoized:s2@group-6912872F20E7-SegmentedRaftLog:OPENED:c0, conf=0: peers:[s3|rpc:localhost:39579|admin:localhost:42243|client:localhost:33409|dataStream:localhost:46293|priority:0|startupRole:FOLLOWER, s4|rpc:localhost:45747|admin:localhost:35149|client:localhost:44435|dataStream:localhost:42993|priority:0|startupRole:FOLLOWER, s0|rpc:localhost:36179|admin:localhost:46501|client:localhost:36175|dataStream:localhost:33505|priority:0|startupRole:FOLLOWER, s1|rpc:localhost:36635|admin:localhost:41981|client:localhost:39775|dataStream:localhost:41297|priority:0|startupRole:FOLLOWER, s2|rpc:localhost:36969|admin:localhost:37929|client:localhost:40489|dataStream:localhost:38077|priority:0|startupRole:FOLLOWER]|listeners:[], old=null
2022-10-24 03:16:23,833 [s1@group-6912872F20E7->s0-GrpcLogAppender-LogAppenderDaemon] INFO  util.CodeInjectionForTesting (DelayLocalExecutionInjection.java:execute(65)) - s1 delay 150 ms, args=[serverRequest {
  requestorId: "s1"
  replyId: "s0"
  raftGroupId {
    id: "\226\001\321s\341\rE_\235\364i\022\207/ \347"
  }
  callId: 86
  slidingWindowEntry {
  }
}
leaderTerm: 2
previousLog {
  term: 2
}
initializing: true
commitInfos {
  server {
    id: "s1"
    address: "localhost:36635"
    dataStreamAddress: "localhost:41297"
    clientAddress: "localhost:39775"
    adminAddress: "localhost:41981"
    startupRole: FOLLOWER
  }
}
commitInfos {
  server {
    id: "s3"
    address: "localhost:39579"
    dataStreamAddress: "localhost:46293"
    clientAddress: "localhost:33409"
    adminAddress: "localhost:42243"
    startupRole: FOLLOWER
  }
}
commitInfos {
  server {
    id: "s4"
    address: "localhost:45747"
    dataStreamAddress: "localhost:42993"
    clientAddress: "localhost:44435"
    adminAddress: "localhost:35149"
    startupRole: FOLLOWER
  }
}
commitInfos {
  server {
    id: "s0"
    address: "localhost:36179"
    dataStreamAddress: "localhost:33505"
    clientAddress: "localhost:36175"
    adminAddress: "localhost:46501"
    startupRole: FOLLOWER
  }
}
commitInfos {
  server {
    id: "s2"
    address: "localhost:36969"
    dataStreamAddress: "localhost:38077"
    clientAddress: "localhost:40489"
    adminAddress: "localhost:37929"
    startupRole: FOLLOWER
  }
}
]
2022-10-24 03:16:23,836 [s1@group-6912872F20E7->s2-GrpcLogAppender-LogAppenderDaemon] INFO  util.CodeInjectionForTesting (DelayLocalExecutionInjection.java:execute(65)) - s1 delay 150 ms, args=[serverRequest {
  requestorId: "s1"
  replyId: "s2"
  raftGroupId {
    id: "\226\001\321s\341\rE_\235\364i\022\207/ \347"
  }
  callId: 85
  slidingWindowEntry {
  }
}
leaderTerm: 2
previousLog {
  term: 2
}
initializing: true
commitInfos {
  server {
    id: "s1"
    address: "localhost:36635"
    dataStreamAddress: "localhost:41297"
    clientAddress: "localhost:39775"
    adminAddress: "localhost:41981"
    startupRole: FOLLOWER
  }
}
commitInfos {
  server {
    id: "s3"
    address: "localhost:39579"
    dataStreamAddress: "localhost:46293"
    clientAddress: "localhost:33409"
    adminAddress: "localhost:42243"
    startupRole: FOLLOWER
  }
}
commitInfos {
  server {
    id: "s4"
    address: "localhost:45747"
    dataStreamAddress: "localhost:42993"
    clientAddress: "localhost:44435"
    adminAddress: "localhost:35149"
    startupRole: FOLLOWER
  }
}
commitInfos {
  server {
    id: "s0"
    address: "localhost:36179"
    dataStreamAddress: "localhost:33505"
    clientAddress: "localhost:36175"
    adminAddress: "localhost:46501"
    startupRole: FOLLOWER
  }
}
commitInfos {
  server {
    id: "s2"
    address: "localhost:36969"
    dataStreamAddress: "localhost:38077"
    clientAddress: "localhost:40489"
    adminAddress: "localhost:37929"
    startupRole: FOLLOWER
  }
}
]
2022-10-24 03:16:23,837 [s1@group-6912872F20E7->s4-GrpcLogAppender-LogAppenderDaemon] INFO  util.CodeInjectionForTesting (DelayLocalExecutionInjection.java:execute(65)) - s1 delay 150 ms, args=[serverRequest {
  requestorId: "s1"
  replyId: "s4"
  raftGroupId {
    id: "\226\001\321s\341\rE_\235\364i\022\207/ \347"
  }
  callId: 85
  slidingWindowEntry {
  }
}
leaderTerm: 2
previousLog {
  term: 2
}
initializing: true
commitInfos {
  server {
    id: "s1"
    address: "localhost:36635"
    dataStreamAddress: "localhost:41297"
    clientAddress: "localhost:39775"
    adminAddress: "localhost:41981"
    startupRole: FOLLOWER
  }
}
commitInfos {
  server {
    id: "s3"
    address: "localhost:39579"
    dataStreamAddress: "localhost:46293"
    clientAddress: "localhost:33409"
    adminAddress: "localhost:42243"
    startupRole: FOLLOWER
  }
}
commitInfos {
  server {
    id: "s4"
    address: "localhost:45747"
    dataStreamAddress: "localhost:42993"
    clientAddress: "localhost:44435"
    adminAddress: "localhost:35149"
    startupRole: FOLLOWER
  }
}
commitInfos {
  server {
    id: "s0"
    address: "localhost:36179"
    dataStreamAddress: "localhost:33505"
    clientAddress: "localhost:36175"
    adminAddress: "localhost:46501"
    startupRole: FOLLOWER
  }
}
commitInfos {
  server {
    id: "s2"
    address: "localhost:36969"
    dataStreamAddress: "localhost:38077"
    clientAddress: "localhost:40489"
    adminAddress: "localhost:37929"
    startupRole: FOLLOWER
  }
}
]
2022-10-24 03:16:23,905 [s1@group-6912872F20E7->s3-GrpcLogAppender-LogAppenderDaemon] INFO  util.CodeInjectionForTesting (DelayLocalExecutionInjection.java:execute(65)) - s1 delay 150 ms, args=[serverRequest {
  requestorId: "s1"
  replyId: "s3"
  raftGroupId {
    id: "\226\001\321s\341\rE_\235\364i\022\207/ \347"
  }
  callId: 169
  slidingWindowEntry {
  }
}
leaderTerm: 2
previousLog {
  term: 2
}
initializing: true
commitInfos {
  server {
    id: "s1"
    address: "localhost:36635"
    dataStreamAddress: "localhost:41297"
    clientAddress: "localhost:39775"
    adminAddress: "localhost:41981"
    startupRole: FOLLOWER
  }
}
commitInfos {
  server {
    id: "s3"
    address: "localhost:39579"
    dataStreamAddress: "localhost:46293"
    clientAddress: "localhost:33409"
    adminAddress: "localhost:42243"
    startupRole: FOLLOWER
  }
}
commitInfos {
  server {
    id: "s4"
    address: "localhost:45747"
    dataStreamAddress: "localhost:42993"
    clientAddress: "localhost:44435"
    adminAddress: "localhost:35149"
    startupRole: FOLLOWER
  }
}
commitInfos {
  server {
    id: "s0"
    address: "localhost:36179"
    dataStreamAddress: "localhost:33505"
    clientAddress: "localhost:36175"
    adminAddress: "localhost:46501"
    startupRole: FOLLOWER
  }
}
commitInfos {
  server {
    id: "s2"
    address: "localhost:36969"
    dataStreamAddress: "localhost:38077"
    clientAddress: "localhost:40489"
    adminAddress: "localhost:37929"
    startupRole: FOLLOWER
  }
}
]
2022-10-24 03:16:23,979 [s4@group-6912872F20E7-FollowerState] INFO  impl.FollowerState (FollowerState.java:run(143)) - s4@group-6912872F20E7-FollowerState: change to CANDIDATE, lastRpcElapsedTime:217788311ns, electionTimeout:193ms
2022-10-24 03:16:23,979 [s4@group-6912872F20E7-FollowerState] INFO  impl.RoleInfo (RoleInfo.java:shutdownFollowerState(110)) - s4: shutdown s4@group-6912872F20E7-FollowerState
2022-10-24 03:16:23,979 [s4@group-6912872F20E7-FollowerState] INFO  server.RaftServer$Division (RaftServerImpl.java:setRole(325)) - s4@group-6912872F20E7: changes role from  FOLLOWER to CANDIDATE at term 2 for changeToCandidate
2022-10-24 03:16:23,979 [s4@group-6912872F20E7-FollowerState] INFO  server.RaftServerConfigKeys (ConfUtils.java:logGet(46)) - raft.server.leaderelection.pre-vote = true (default)
2022-10-24 03:16:23,979 [s4@group-6912872F20E7-FollowerState] INFO  impl.RoleInfo (RoleInfo.java:updateAndGet(139)) - s4: start s4@group-6912872F20E7-LeaderElection31
2022-10-24 03:16:23,979 [s4@group-6912872F20E7-LeaderElection31] INFO  server.RaftServer$Division (ServerState.java:setLeader(259)) - s4@group-6912872F20E7: change Leader from s1 to null at term 2 for PRE_VOTE
2022-10-24 03:16:23,979 [s4@group-6912872F20E7-LeaderElection31] INFO  impl.LeaderElection (LeaderElection.java:askForVotes(309)) - s4@group-6912872F20E7-LeaderElection31 PRE_VOTE round 0: submit vote requests at term 2 for 0: peers:[s3|rpc:localhost:39579|admin:localhost:42243|client:localhost:33409|dataStream:localhost:46293|priority:0|startupRole:FOLLOWER, s4|rpc:localhost:45747|admin:localhost:35149|client:localhost:44435|dataStream:localhost:42993|priority:0|startupRole:FOLLOWER, s0|rpc:localhost:36179|admin:localhost:46501|client:localhost:36175|dataStream:localhost:33505|priority:0|startupRole:FOLLOWER, s1|rpc:localhost:36635|admin:localhost:41981|client:localhost:39775|dataStream:localhost:41297|priority:0|startupRole:FOLLOWER, s2|rpc:localhost:36969|admin:localhost:37929|client:localhost:40489|dataStream:localhost:38077|priority:0|startupRole:FOLLOWER]|listeners:[], old=null
2022-10-24 03:16:23,980 [s4@group-6912872F20E7-LeaderElection31-1] INFO  util.CodeInjectionForTesting (DelayLocalExecutionInjection.java:execute(65)) - s4 delay 150 ms, args=[serverRequest {
  requestorId: "s4"
  replyId: "s3"
  raftGroupId {
    id: "\226\001\321s\341\rE_\235\364i\022\207/ \347"
  }
  slidingWindowEntry {
  }
}
candidateTerm: 2
candidateLastEntry {
  term: 2
}
preVote: true
]
2022-10-24 03:16:23,980 [s4@group-6912872F20E7-LeaderElection31-3] INFO  util.CodeInjectionForTesting (DelayLocalExecutionInjection.java:execute(65)) - s4 delay 150 ms, args=[serverRequest {
  requestorId: "s4"
  replyId: "s1"
  raftGroupId {
    id: "\226\001\321s\341\rE_\235\364i\022\207/ \347"
  }
  slidingWindowEntry {
  }
}
candidateTerm: 2
candidateLastEntry {
  term: 2
}
preVote: true
]
2022-10-24 03:16:23,981 [s4@group-6912872F20E7-LeaderElection31-2] INFO  util.CodeInjectionForTesting (DelayLocalExecutionInjection.java:execute(65)) - s4 delay 150 ms, args=[serverRequest {
  requestorId: "s4"
  replyId: "s0"
  raftGroupId {
    id: "\226\001\321s\341\rE_\235\364i\022\207/ \347"
  }
  slidingWindowEntry {
  }
}
candidateTerm: 2
candidateLastEntry {
  term: 2
}
preVote: true
]
2022-10-24 03:16:23,981 [s4@group-6912872F20E7-LeaderElection31-4] INFO  util.CodeInjectionForTesting (DelayLocalExecutionInjection.java:execute(65)) - s4 delay 150 ms, args=[serverRequest {
  requestorId: "s4"
  replyId: "s2"
  raftGroupId {
    id: "\226\001\321s\341\rE_\235\364i\022\207/ \347"
  }
  slidingWindowEntry {
  }
}
candidateTerm: 2
candidateLastEntry {
  term: 2
}
preVote: true
]
2022-10-24 03:16:23,988 [s4-server-thread3] INFO  server.RaftServer$Division (RaftServerImpl.java:setRole(325)) - s4@group-6912872F20E7: changes role from CANDIDATE to FOLLOWER at term 2 for appendEntries
2022-10-24 03:16:23,988 [s4-server-thread3] INFO  impl.RoleInfo (RoleInfo.java:shutdownLeaderElection(130)) - s4: shutdown s4@group-6912872F20E7-LeaderElection31
2022-10-24 03:16:23,988 [s4-server-thread3] INFO  impl.RoleInfo (RoleInfo.java:updateAndGet(139)) - s4: start s4@group-6912872F20E7-FollowerState
2022-10-24 03:16:23,988 [s4-server-thread3] INFO  server.RaftServer$Division (ServerState.java:setLeader(259)) - s4@group-6912872F20E7: change Leader from null to s1 at term 2 for appendEntries, leader elected after 8ms
2022-10-24 03:16:23,997 [Time-limited test] INFO  server.RaftServerConfigKeys (ConfUtils.java:logGet(46)) - raft.server.rpc.timeout.max = 300ms (default)
2022-10-24 03:16:24,051 [s3@group-6912872F20E7-FollowerState] INFO  impl.FollowerState (FollowerState.java:run(143)) - s3@group-6912872F20E7-FollowerState: change to CANDIDATE, lastRpcElapsedTime:234762576ns, electionTimeout:232ms
2022-10-24 03:16:24,052 [s3@group-6912872F20E7-FollowerState] INFO  impl.RoleInfo (RoleInfo.java:shutdownFollowerState(110)) - s3: shutdown s3@group-6912872F20E7-FollowerState
2022-10-24 03:16:24,052 [s3@group-6912872F20E7-FollowerState] INFO  server.RaftServer$Division (RaftServerImpl.java:setRole(325)) - s3@group-6912872F20E7: changes role from  FOLLOWER to CANDIDATE at term 2 for changeToCandidate
2022-10-24 03:16:24,052 [s3@group-6912872F20E7-FollowerState] INFO  server.RaftServerConfigKeys (ConfUtils.java:logGet(46)) - raft.server.leaderelection.pre-vote = true (default)
2022-10-24 03:16:24,052 [s3@group-6912872F20E7-FollowerState] INFO  impl.RoleInfo (RoleInfo.java:updateAndGet(139)) - s3: start s3@group-6912872F20E7-LeaderElection32
2022-10-24 03:16:24,052 [s3@group-6912872F20E7-LeaderElection32] INFO  impl.LeaderElection (LeaderElection.java:askForVotes(309)) - s3@group-6912872F20E7-LeaderElection32 PRE_VOTE round 0: submit vote requests at term 2 for 0: peers:[s3|rpc:localhost:39579|admin:localhost:42243|client:localhost:33409|dataStream:localhost:46293|priority:0|startupRole:FOLLOWER, s4|rpc:localhost:45747|admin:localhost:35149|client:localhost:44435|dataStream:localhost:42993|priority:0|startupRole:FOLLOWER, s0|rpc:localhost:36179|admin:localhost:46501|client:localhost:36175|dataStream:localhost:33505|priority:0|startupRole:FOLLOWER, s1|rpc:localhost:36635|admin:localhost:41981|client:localhost:39775|dataStream:localhost:41297|priority:0|startupRole:FOLLOWER, s2|rpc:localhost:36969|admin:localhost:37929|client:localhost:40489|dataStream:localhost:38077|priority:0|startupRole:FOLLOWER]|listeners:[], old=null
2022-10-24 03:16:24,056 [grpc-default-executor-8] INFO  server.RaftServer$Division (RaftServerImpl.java:requestVote(1291)) - s0@group-6912872F20E7: receive requestVote(PRE_VOTE, s3, group-6912872F20E7, 2, (t:1, i:0))
2022-10-24 03:16:24,056 [grpc-default-executor-8] INFO  impl.VoteContext (VoteContext.java:log(49)) - s0@group-6912872F20E7-FOLLOWER: reject PRE_VOTE from s3: this server is a follower and still has a valid leader s1
2022-10-24 03:16:24,056 [grpc-default-executor-8] INFO  server.RaftServer$Division (RaftServerImpl.java:requestVote(1324)) - s0@group-6912872F20E7 replies to PRE_VOTE vote request: s3<-s0#0:FAIL-t2. Peer's state: s0@group-6912872F20E7:t2, leader=s1, voted=s1, raftlog=Memoized:s0@group-6912872F20E7-SegmentedRaftLog:OPENED:c0, conf=0: peers:[s3|rpc:localhost:39579|admin:localhost:42243|client:localhost:33409|dataStream:localhost:46293|priority:0|startupRole:FOLLOWER, s4|rpc:localhost:45747|admin:localhost:35149|client:localhost:44435|dataStream:localhost:42993|priority:0|startupRole:FOLLOWER, s0|rpc:localhost:36179|admin:localhost:46501|client:localhost:36175|dataStream:localhost:33505|priority:0|startupRole:FOLLOWER, s1|rpc:localhost:36635|admin:localhost:41981|client:localhost:39775|dataStream:localhost:41297|priority:0|startupRole:FOLLOWER, s2|rpc:localhost:36969|admin:localhost:37929|client:localhost:40489|dataStream:localhost:38077|priority:0|startupRole:FOLLOWER]|listeners:[], old=null
2022-10-24 03:16:24,056 [grpc-default-executor-34] INFO  server.RaftServer$Division (RaftServerImpl.java:requestVote(1291)) - s1@group-6912872F20E7: receive requestVote(PRE_VOTE, s3, group-6912872F20E7, 2, (t:1, i:0))
2022-10-24 03:16:24,057 [grpc-default-executor-34] INFO  impl.VoteContext (VoteContext.java:log(49)) - s1@group-6912872F20E7-LEADER: reject PRE_VOTE from s3: this server is the leader and still has leadership
2022-10-24 03:16:24,057 [grpc-default-executor-34] INFO  server.RaftServer$Division (RaftServerImpl.java:requestVote(1324)) - s1@group-6912872F20E7 replies to PRE_VOTE vote request: s3<-s1#0:FAIL-t2. Peer's state: s1@group-6912872F20E7:t2, leader=s1, voted=s1, raftlog=Memoized:s1@group-6912872F20E7-SegmentedRaftLog:OPENED:c0, conf=0: peers:[s3|rpc:localhost:39579|admin:localhost:42243|client:localhost:33409|dataStream:localhost:46293|priority:0|startupRole:FOLLOWER, s4|rpc:localhost:45747|admin:localhost:35149|client:localhost:44435|dataStream:localhost:42993|priority:0|startupRole:FOLLOWER, s0|rpc:localhost:36179|admin:localhost:46501|client:localhost:36175|dataStream:localhost:33505|priority:0|startupRole:FOLLOWER, s1|rpc:localhost:36635|admin:localhost:41981|client:localhost:39775|dataStream:localhost:41297|priority:0|startupRole:FOLLOWER, s2|rpc:localhost:36969|admin:localhost:37929|client:localhost:40489|dataStream:localhost:38077|priority:0|startupRole:FOLLOWER]|listeners:[], old=null
2022-10-24 03:16:24,057 [grpc-default-executor-34] INFO  server.RaftServer$Division (RaftServerImpl.java:requestVote(1291)) - s2@group-6912872F20E7: receive requestVote(PRE_VOTE, s3, group-6912872F20E7, 2, (t:1, i:0))
2022-10-24 03:16:24,058 [grpc-default-executor-34] INFO  impl.VoteContext (VoteContext.java:log(49)) - s2@group-6912872F20E7-FOLLOWER: reject PRE_VOTE from s3: this server is a follower and still has a valid leader s1
2022-10-24 03:16:24,058 [grpc-default-executor-34] INFO  server.RaftServer$Division (RaftServerImpl.java:requestVote(1324)) - s2@group-6912872F20E7 replies to PRE_VOTE vote request: s3<-s2#0:FAIL-t2. Peer's state: s2@group-6912872F20E7:t2, leader=s1, voted=s1, raftlog=Memoized:s2@group-6912872F20E7-SegmentedRaftLog:OPENED:c0, conf=0: peers:[s3|rpc:localhost:39579|admin:localhost:42243|client:localhost:33409|dataStream:localhost:46293|priority:0|startupRole:FOLLOWER, s4|rpc:localhost:45747|admin:localhost:35149|client:localhost:44435|dataStream:localhost:42993|priority:0|startupRole:FOLLOWER, s0|rpc:localhost:36179|admin:localhost:46501|client:localhost:36175|dataStream:localhost:33505|priority:0|startupRole:FOLLOWER, s1|rpc:localhost:36635|admin:localhost:41981|client:localhost:39775|dataStream:localhost:41297|priority:0|startupRole:FOLLOWER, s2|rpc:localhost:36969|admin:localhost:37929|client:localhost:40489|dataStream:localhost:38077|priority:0|startupRole:FOLLOWER]|listeners:[], old=null
2022-10-24 03:16:24,059 [s3@group-6912872F20E7-LeaderElection32] INFO  impl.LeaderElection (LeaderElection.java:logAndReturn(89)) - s3@group-6912872F20E7-LeaderElection32: PRE_VOTE REJECTED received 3 response(s) and 0 exception(s):
2022-10-24 03:16:24,059 [s3@group-6912872F20E7-LeaderElection32] INFO  impl.LeaderElection (LeaderElection.java:logAndReturn(93)) -   Response 0: s3<-s0#0:FAIL-t2
2022-10-24 03:16:24,059 [s3@group-6912872F20E7-LeaderElection32] INFO  impl.LeaderElection (LeaderElection.java:logAndReturn(93)) -   Response 1: s3<-s1#0:FAIL-t2
2022-10-24 03:16:24,059 [s3@group-6912872F20E7-LeaderElection32] INFO  impl.LeaderElection (LeaderElection.java:logAndReturn(93)) -   Response 2: s3<-s2#0:FAIL-t2
2022-10-24 03:16:24,059 [s3@group-6912872F20E7-LeaderElection32] INFO  impl.LeaderElection (LeaderElection.java:askForVotes(311)) - s3@group-6912872F20E7-LeaderElection32 PRE_VOTE round 0: result REJECTED
2022-10-24 03:16:24,059 [grpc-default-executor-34] INFO  server.RaftServer$Division (RaftServerImpl.java:requestVote(1291)) - s4@group-6912872F20E7: receive requestVote(PRE_VOTE, s3, group-6912872F20E7, 2, (t:1, i:0))
2022-10-24 03:16:24,059 [grpc-default-executor-34] INFO  impl.VoteContext (VoteContext.java:log(49)) - s4@group-6912872F20E7-FOLLOWER: reject PRE_VOTE from s3: this server is a follower and still has a valid leader s1
2022-10-24 03:16:24,059 [grpc-default-executor-34] INFO  server.RaftServer$Division (RaftServerImpl.java:requestVote(1324)) - s4@group-6912872F20E7 replies to PRE_VOTE vote request: s3<-s4#0:FAIL-t2. Peer's state: s4@group-6912872F20E7:t2, leader=s1, voted=s1, raftlog=Memoized:s4@group-6912872F20E7-SegmentedRaftLog:OPENED:c0, conf=0: peers:[s3|rpc:localhost:39579|admin:localhost:42243|client:localhost:33409|dataStream:localhost:46293|priority:0|startupRole:FOLLOWER, s4|rpc:localhost:45747|admin:localhost:35149|client:localhost:44435|dataStream:localhost:42993|priority:0|startupRole:FOLLOWER, s0|rpc:localhost:36179|admin:localhost:46501|client:localhost:36175|dataStream:localhost:33505|priority:0|startupRole:FOLLOWER, s1|rpc:localhost:36635|admin:localhost:41981|client:localhost:39775|dataStream:localhost:41297|priority:0|startupRole:FOLLOWER, s2|rpc:localhost:36969|admin:localhost:37929|client:localhost:40489|dataStream:localhost:38077|priority:0|startupRole:FOLLOWER]|listeners:[], old=null
2022-10-24 03:16:24,059 [s3@group-6912872F20E7-LeaderElection32] INFO  server.RaftServer$Division (RaftServerImpl.java:setRole(325)) - s3@group-6912872F20E7: changes role from CANDIDATE to FOLLOWER at term 2 for REJECTED
2022-10-24 03:16:24,059 [s3@group-6912872F20E7-LeaderElection32] INFO  impl.RoleInfo (RoleInfo.java:shutdownLeaderElection(130)) - s3: shutdown s3@group-6912872F20E7-LeaderElection32
2022-10-24 03:16:24,059 [s3@group-6912872F20E7-LeaderElection32] INFO  impl.RoleInfo (RoleInfo.java:updateAndGet(139)) - s3: start s3@group-6912872F20E7-FollowerState
2022-10-24 03:16:24,133 [grpc-default-executor-15] INFO  server.RaftServer$Division (RaftServerImpl.java:requestVote(1291)) - s1@group-6912872F20E7: receive requestVote(PRE_VOTE, s4, group-6912872F20E7, 2, (t:2, i:0))
2022-10-24 03:16:24,133 [grpc-default-executor-34] INFO  server.RaftServer$Division (RaftServerImpl.java:requestVote(1291)) - s3@group-6912872F20E7: receive requestVote(PRE_VOTE, s4, group-6912872F20E7, 2, (t:2, i:0))
2022-10-24 03:16:24,133 [grpc-default-executor-15] INFO  impl.VoteContext (VoteContext.java:log(49)) - s1@group-6912872F20E7-LEADER: reject PRE_VOTE from s4: this server is the leader and still has leadership
2022-10-24 03:16:24,133 [grpc-default-executor-15] INFO  server.RaftServer$Division (RaftServerImpl.java:requestVote(1324)) - s1@group-6912872F20E7 replies to PRE_VOTE vote request: s4<-s1#0:FAIL-t2. Peer's state: s1@group-6912872F20E7:t2, leader=s1, voted=s1, raftlog=Memoized:s1@group-6912872F20E7-SegmentedRaftLog:OPENED:c0, conf=0: peers:[s3|rpc:localhost:39579|admin:localhost:42243|client:localhost:33409|dataStream:localhost:46293|priority:0|startupRole:FOLLOWER, s4|rpc:localhost:45747|admin:localhost:35149|client:localhost:44435|dataStream:localhost:42993|priority:0|startupRole:FOLLOWER, s0|rpc:localhost:36179|admin:localhost:46501|client:localhost:36175|dataStream:localhost:33505|priority:0|startupRole:FOLLOWER, s1|rpc:localhost:36635|admin:localhost:41981|client:localhost:39775|dataStream:localhost:41297|priority:0|startupRole:FOLLOWER, s2|rpc:localhost:36969|admin:localhost:37929|client:localhost:40489|dataStream:localhost:38077|priority:0|startupRole:FOLLOWER]|listeners:[], old=null
2022-10-24 03:16:24,133 [grpc-default-executor-34] INFO  impl.VoteContext (VoteContext.java:log(49)) - s3@group-6912872F20E7-FOLLOWER: accept PRE_VOTE from s4: our last entry (t:1, i:0) < candidate's last entry (t:2, i:0)
2022-10-24 03:16:24,134 [grpc-default-executor-34] INFO  server.RaftServer$Division (RaftServerImpl.java:requestVote(1324)) - s3@group-6912872F20E7 replies to PRE_VOTE vote request: s4<-s3#0:OK-t2. Peer's state: s3@group-6912872F20E7:t2, leader=null, voted=null, raftlog=Memoized:s3@group-6912872F20E7-SegmentedRaftLog:OPENED:c0, conf=0: peers:[s3|rpc:localhost:39579|admin:localhost:42243|client:localhost:33409|dataStream:localhost:46293|priority:0|startupRole:FOLLOWER, s4|rpc:localhost:45747|admin:localhost:35149|client:localhost:44435|dataStream:localhost:42993|priority:0|startupRole:FOLLOWER, s0|rpc:localhost:36179|admin:localhost:46501|client:localhost:36175|dataStream:localhost:33505|priority:0|startupRole:FOLLOWER, s1|rpc:localhost:36635|admin:localhost:41981|client:localhost:39775|dataStream:localhost:41297|priority:0|startupRole:FOLLOWER, s2|rpc:localhost:36969|admin:localhost:37929|client:localhost:40489|dataStream:localhost:38077|priority:0|startupRole:FOLLOWER]|listeners:[], old=null
2022-10-24 03:16:24,134 [grpc-default-executor-15] INFO  server.RaftServer$Division (RaftServerImpl.java:requestVote(1291)) - s0@group-6912872F20E7: receive requestVote(PRE_VOTE, s4, group-6912872F20E7, 2, (t:2, i:0))
2022-10-24 03:16:24,134 [grpc-default-executor-15] INFO  impl.VoteContext (VoteContext.java:log(49)) - s0@group-6912872F20E7-FOLLOWER: reject PRE_VOTE from s4: this server is a follower and still has a valid leader s1
2022-10-24 03:16:24,134 [grpc-default-executor-15] INFO  server.RaftServer$Division (RaftServerImpl.java:requestVote(1324)) - s0@group-6912872F20E7 replies to PRE_VOTE vote request: s4<-s0#0:FAIL-t2. Peer's state: s0@group-6912872F20E7:t2, leader=s1, voted=s1, raftlog=Memoized:s0@group-6912872F20E7-SegmentedRaftLog:OPENED:c0, conf=0: peers:[s3|rpc:localhost:39579|admin:localhost:42243|client:localhost:33409|dataStream:localhost:46293|priority:0|startupRole:FOLLOWER, s4|rpc:localhost:45747|admin:localhost:35149|client:localhost:44435|dataStream:localhost:42993|priority:0|startupRole:FOLLOWER, s0|rpc:localhost:36179|admin:localhost:46501|client:localhost:36175|dataStream:localhost:33505|priority:0|startupRole:FOLLOWER, s1|rpc:localhost:36635|admin:localhost:41981|client:localhost:39775|dataStream:localhost:41297|priority:0|startupRole:FOLLOWER, s2|rpc:localhost:36969|admin:localhost:37929|client:localhost:40489|dataStream:localhost:38077|priority:0|startupRole:FOLLOWER]|listeners:[], old=null
2022-10-24 03:16:24,135 [s4@group-6912872F20E7-LeaderElection31] INFO  impl.LeaderElection (LeaderElection.java:logAndReturn(89)) - s4@group-6912872F20E7-LeaderElection31: PRE_VOTE REJECTED received 1 response(s) and 0 exception(s):
2022-10-24 03:16:24,135 [s4@group-6912872F20E7-LeaderElection31] INFO  impl.LeaderElection (LeaderElection.java:logAndReturn(93)) -   Response 0: s4<-s1#0:FAIL-t2
2022-10-24 03:16:24,135 [s4@group-6912872F20E7-LeaderElection31] INFO  impl.LeaderElection (LeaderElection.java:askForVotes(311)) - s4@group-6912872F20E7-LeaderElection31 PRE_VOTE round 0: result REJECTED
2022-10-24 03:16:24,136 [grpc-default-executor-15] INFO  server.RaftServer$Division (RaftServerImpl.java:requestVote(1291)) - s2@group-6912872F20E7: receive requestVote(PRE_VOTE, s4, group-6912872F20E7, 2, (t:2, i:0))
2022-10-24 03:16:24,136 [grpc-default-executor-15] INFO  impl.VoteContext (VoteContext.java:log(49)) - s2@group-6912872F20E7-FOLLOWER: reject PRE_VOTE from s4: this server is a follower and still has a valid leader s1
2022-10-24 03:16:24,136 [grpc-default-executor-15] INFO  server.RaftServer$Division (RaftServerImpl.java:requestVote(1324)) - s2@group-6912872F20E7 replies to PRE_VOTE vote request: s4<-s2#0:FAIL-t2. Peer's state: s2@group-6912872F20E7:t2, leader=s1, voted=s1, raftlog=Memoized:s2@group-6912872F20E7-SegmentedRaftLog:OPENED:c0, conf=0: peers:[s3|rpc:localhost:39579|admin:localhost:42243|client:localhost:33409|dataStream:localhost:46293|priority:0|startupRole:FOLLOWER, s4|rpc:localhost:45747|admin:localhost:35149|client:localhost:44435|dataStream:localhost:42993|priority:0|startupRole:FOLLOWER, s0|rpc:localhost:36179|admin:localhost:46501|client:localhost:36175|dataStream:localhost:33505|priority:0|startupRole:FOLLOWER, s1|rpc:localhost:36635|admin:localhost:41981|client:localhost:39775|dataStream:localhost:41297|priority:0|startupRole:FOLLOWER, s2|rpc:localhost:36969|admin:localhost:37929|client:localhost:40489|dataStream:localhost:38077|priority:0|startupRole:FOLLOWER]|listeners:[], old=null
2022-10-24 03:16:24,204 [s3-server-thread1] INFO  util.CodeInjectionForTesting (BlockRequestHandlingInjection.java:execute(84)) - s3: unBlock request from s1
2022-10-24 03:16:24,205 [s3-server-thread1] INFO  server.RaftServer$Division (ServerState.java:setLeader(259)) - s3@group-6912872F20E7: change Leader from null to s1 at term 2 for appendEntries, leader elected after 695ms
2022-10-24 03:16:24,205 [s3-server-thread1] INFO  server.RaftServer$Division (RaftServerImpl.java:checkInconsistentAppendEntries(1599)) - s3@group-6912872F20E7: Failed appendEntries as previous log entry ((t:2, i:0)) is not found
2022-10-24 03:16:24,205 [s3-server-thread1] INFO  server.RaftServer$Division (RaftServerImpl.java:checkInconsistentAppendEntries(1569)) - s3@group-6912872F20E7: inconsistency entries. Reply:s1<-s3#165:FAIL-t2,INCONSISTENCY,nextIndex=0,followerCommit=0,matchIndex=-1
2022-10-24 03:16:24,205 [grpc-default-executor-15] INFO  leader.FollowerInfo (FollowerInfoImpl.java:lambda$new$0(48)) - s1@group-6912872F20E7->s3: nextIndex: updateUnconditionally 1 -> 0
2022-10-24 03:16:24,206 [s3-server-thread1] INFO  server.RaftServer$Division (RaftServerImpl.java:checkInconsistentAppendEntries(1599)) - s3@group-6912872F20E7: Failed appendEntries as previous log entry ((t:2, i:0)) is not found
2022-10-24 03:16:24,206 [s3-server-thread1] INFO  server.RaftServer$Division (RaftServerImpl.java:checkInconsistentAppendEntries(1569)) - s3@group-6912872F20E7: inconsistency entries. Reply:s1<-s3#166:FAIL-t2,INCONSISTENCY,nextIndex=0,followerCommit=0,matchIndex=-1
2022-10-24 03:16:24,206 [s3-server-thread1] DEBUG server.RaftServer$Division (RaftServerImpl.java:logAppendEntries(1418)) - s3@group-6912872F20E7: receive appendEntries(s1, 2, null, 0, true, commits:[s1:c0, s3:c0, s4:c0, s0:c0, s2:c0], cId:173, entries: [(t:2, i:0), CONFIGURATIONENTRY(current:id: "s3"
address: "localhost:39579"
dataStreamAddress: "localhost:46293"
clientAddress: "localhost:33409"
adminAddress: "localhost:42243"
startupRole: FOLLOWER
,id: "s4"
address: "localhost:45747"
dataStreamAddress: "localhost:42993"
clientAddress: "localhost:44435"
adminAddress: "localhost:35149"
startupRole: FOLLOWER
,id: "s0"
address: "localhost:36179"
dataStreamAddress: "localhost:33505"
clientAddress: "localhost:36175"
adminAddress: "localhost:46501"
startupRole: FOLLOWER
,id: "s1"
address: "localhost:36635"
dataStreamAddress: "localhost:41297"
clientAddress: "localhost:39775"
adminAddress: "localhost:41981"
startupRole: FOLLOWER
,id: "s2"
address: "localhost:36969"
dataStreamAddress: "localhost:38077"
clientAddress: "localhost:40489"
adminAddress: "localhost:37929"
startupRole: FOLLOWER
, old:)]
2022-10-24 03:16:24,206 [s3-server-thread1] INFO  server.RaftServer$Division (RaftServerImpl.java:checkInconsistentAppendEntries(1589)) - s3@group-6912872F20E7: Failed appendEntries as the first entry (index 0) already exists (snapshotIndex: -1, commitIndex: 0)
2022-10-24 03:16:24,206 [s3-server-thread1] INFO  server.RaftServer$Division (RaftServerImpl.java:checkInconsistentAppendEntries(1569)) - s3@group-6912872F20E7: inconsistency entries. Reply:s1<-s3#173:FAIL-t2,INCONSISTENCY,nextIndex=1,followerCommit=0,matchIndex=-1
2022-10-24 03:16:24,207 [grpc-default-executor-34] INFO  leader.FollowerInfo (FollowerInfoImpl.java:lambda$new$0(48)) - s1@group-6912872F20E7->s3: nextIndex: updateUnconditionally 1 -> 0
2022-10-24 03:16:24,207 [s3-server-thread1] INFO  server.RaftServer$Division (RaftServerImpl.java:checkInconsistentAppendEntries(1599)) - s3@group-6912872F20E7: Failed appendEntries as previous log entry ((t:2, i:0)) is not found
2022-10-24 03:16:24,207 [s3-server-thread1] INFO  server.RaftServer$Division (RaftServerImpl.java:checkInconsistentAppendEntries(1569)) - s3@group-6912872F20E7: inconsistency entries. Reply:s1<-s3#167:FAIL-t2,INCONSISTENCY,nextIndex=0,followerCommit=0,matchIndex=-1
2022-10-24 03:16:24,207 [s3-server-thread1] INFO  server.RaftServer$Division (RaftServerImpl.java:checkInconsistentAppendEntries(1599)) - s3@group-6912872F20E7: Failed appendEntries as previous log entry ((t:2, i:0)) is not found
2022-10-24 03:16:24,207 [s3-server-thread1] INFO  server.RaftServer$Division (RaftServerImpl.java:checkInconsistentAppendEntries(1569)) - s3@group-6912872F20E7: inconsistency entries. Reply:s1<-s3#168:FAIL-t2,INCONSISTENCY,nextIndex=0,followerCommit=0,matchIndex=-1
2022-10-24 03:16:24,207 [grpc-default-executor-34] INFO  leader.FollowerInfo (FollowerInfoImpl.java:lambda$new$0(48)) - s1@group-6912872F20E7->s3: nextIndex: updateUnconditionally 1 -> 0
2022-10-24 03:16:24,208 [grpc-default-executor-15] INFO  leader.FollowerInfo (FollowerInfoImpl.java:lambda$new$0(48)) - s1@group-6912872F20E7->s3: nextIndex: updateUnconditionally 0 -> 1
2022-10-24 03:16:24,208 [s3-server-thread1] DEBUG server.RaftServer$Division (RaftServerImpl.java:logAppendEntries(1418)) - s3@group-6912872F20E7: receive appendEntries(s1, 2, null, 0, true, commits:[s1:c0, s3:c0, s4:c0, s0:c0, s2:c0], cId:174, entries: [(t:2, i:0), CONFIGURATIONENTRY(current:id: "s3"
address: "localhost:39579"
dataStreamAddress: "localhost:46293"
clientAddress: "localhost:33409"
adminAddress: "localhost:42243"
startupRole: FOLLOWER
,id: "s4"
address: "localhost:45747"
dataStreamAddress: "localhost:42993"
clientAddress: "localhost:44435"
adminAddress: "localhost:35149"
startupRole: FOLLOWER
,id: "s0"
address: "localhost:36179"
dataStreamAddress: "localhost:33505"
clientAddress: "localhost:36175"
adminAddress: "localhost:46501"
startupRole: FOLLOWER
,id: "s1"
address: "localhost:36635"
dataStreamAddress: "localhost:41297"
clientAddress: "localhost:39775"
adminAddress: "localhost:41981"
startupRole: FOLLOWER
,id: "s2"
address: "localhost:36969"
dataStreamAddress: "localhost:38077"
clientAddress: "localhost:40489"
adminAddress: "localhost:37929"
startupRole: FOLLOWER
, old:)]
2022-10-24 03:16:24,208 [s3-server-thread1] INFO  server.RaftServer$Division (RaftServerImpl.java:checkInconsistentAppendEntries(1589)) - s3@group-6912872F20E7: Failed appendEntries as the first entry (index 0) already exists (snapshotIndex: -1, commitIndex: 0)
2022-10-24 03:16:24,208 [s3-server-thread1] INFO  server.RaftServer$Division (RaftServerImpl.java:checkInconsistentAppendEntries(1569)) - s3@group-6912872F20E7: inconsistency entries. Reply:s1<-s3#174:FAIL-t2,INCONSISTENCY,nextIndex=1,followerCommit=0,matchIndex=-1
2022-10-24 03:16:24,209 [grpc-default-executor-34] INFO  leader.FollowerInfo (FollowerInfoImpl.java:lambda$new$0(48)) - s1@group-6912872F20E7->s3: nextIndex: updateUnconditionally 1 -> 1
2022-10-24 03:16:24,209 [s3-server-thread1] INFO  server.RaftServer$Division (RaftServerImpl.java:checkInconsistentAppendEntries(1599)) - s3@group-6912872F20E7: Failed appendEntries as previous log entry ((t:2, i:0)) is not found
2022-10-24 03:16:24,209 [s3-server-thread1] INFO  server.RaftServer$Division (RaftServerImpl.java:checkInconsistentAppendEntries(1569)) - s3@group-6912872F20E7: inconsistency entries. Reply:s1<-s3#169:FAIL-t2,INCONSISTENCY,nextIndex=0,followerCommit=0,matchIndex=-1
2022-10-24 03:16:24,211 [grpc-default-executor-4] INFO  leader.FollowerInfo (FollowerInfoImpl.java:lambda$new$0(48)) - s1@group-6912872F20E7->s3: nextIndex: updateUnconditionally 1 -> 0
2022-10-24 03:16:24,212 [s3-server-thread1] INFO  server.RaftServer$Division (RaftServerImpl.java:checkInconsistentAppendEntries(1599)) - s3@group-6912872F20E7: Failed appendEntries as previous log entry ((t:2, i:0)) is not found
2022-10-24 03:16:24,212 [s3-server-thread1] INFO  server.RaftServer$Division (RaftServerImpl.java:checkInconsistentAppendEntries(1569)) - s3@group-6912872F20E7: inconsistency entries. Reply:s1<-s3#170:FAIL-t2,INCONSISTENCY,nextIndex=0,followerCommit=0,matchIndex=-1
2022-10-24 03:16:24,212 [grpc-default-executor-4] INFO  leader.FollowerInfo (FollowerInfoImpl.java:lambda$new$0(48)) - s1@group-6912872F20E7->s3: nextIndex: updateUnconditionally 1 -> 0
2022-10-24 03:16:24,212 [s3-server-thread3] DEBUG server.RaftServer$Division (RaftServerImpl.java:logAppendEntries(1418)) - s3@group-6912872F20E7: receive appendEntries(s1, 2, null, 0, true, commits:[s1:c0, s3:c0, s4:c0, s0:c0, s2:c0], cId:175, entries: [(t:2, i:0), CONFIGURATIONENTRY(current:id: "s3"
address: "localhost:39579"
dataStreamAddress: "localhost:46293"
clientAddress: "localhost:33409"
adminAddress: "localhost:42243"
startupRole: FOLLOWER
,id: "s4"
address: "localhost:45747"
dataStreamAddress: "localhost:42993"
clientAddress: "localhost:44435"
adminAddress: "localhost:35149"
startupRole: FOLLOWER
,id: "s0"
address: "localhost:36179"
dataStreamAddress: "localhost:33505"
clientAddress: "localhost:36175"
adminAddress: "localhost:46501"
startupRole: FOLLOWER
,id: "s1"
address: "localhost:36635"
dataStreamAddress: "localhost:41297"
clientAddress: "localhost:39775"
adminAddress: "localhost:41981"
startupRole: FOLLOWER
,id: "s2"
address: "localhost:36969"
dataStreamAddress: "localhost:38077"
clientAddress: "localhost:40489"
adminAddress: "localhost:37929"
startupRole: FOLLOWER
, old:)]
2022-10-24 03:16:24,213 [s3-server-thread3] INFO  server.RaftServer$Division (RaftServerImpl.java:checkInconsistentAppendEntries(1589)) - s3@group-6912872F20E7: Failed appendEntries as the first entry (index 0) already exists (snapshotIndex: -1, commitIndex: 0)
2022-10-24 03:16:24,213 [s3-server-thread3] INFO  server.RaftServer$Division (RaftServerImpl.java:checkInconsistentAppendEntries(1569)) - s3@group-6912872F20E7: inconsistency entries. Reply:s1<-s3#175:FAIL-t2,INCONSISTENCY,nextIndex=1,followerCommit=0,matchIndex=-1
2022-10-24 03:16:24,214 [s3-server-thread3] INFO  server.RaftServer$Division (RaftServerImpl.java:checkInconsistentAppendEntries(1599)) - s3@group-6912872F20E7: Failed appendEntries as previous log entry ((t:2, i:0)) is not found
2022-10-24 03:16:24,214 [s3-server-thread3] INFO  server.RaftServer$Division (RaftServerImpl.java:checkInconsistentAppendEntries(1569)) - s3@group-6912872F20E7: inconsistency entries. Reply:s1<-s3#171:FAIL-t2,INCONSISTENCY,nextIndex=0,followerCommit=0,matchIndex=-1
2022-10-24 03:16:24,214 [grpc-default-executor-8] INFO  leader.FollowerInfo (FollowerInfoImpl.java:lambda$new$0(48)) - s1@group-6912872F20E7->s3: nextIndex: updateUnconditionally 1 -> 1
2022-10-24 03:16:24,214 [grpc-default-executor-15] INFO  leader.FollowerInfo (FollowerInfoImpl.java:lambda$new$0(48)) - s1@group-6912872F20E7->s3: nextIndex: updateUnconditionally 1 -> 0
2022-10-24 03:16:24,214 [s3-server-thread1] DEBUG server.RaftServer$Division (RaftServerImpl.java:logAppendEntries(1418)) - s3@group-6912872F20E7: receive appendEntries(s1, 2, null, 0, true, commits:[s1:c0, s3:c0, s4:c0, s0:c0, s2:c0], cId:176, entries: [(t:2, i:0), CONFIGURATIONENTRY(current:id: "s3"
address: "localhost:39579"
dataStreamAddress: "localhost:46293"
clientAddress: "localhost:33409"
adminAddress: "localhost:42243"
startupRole: FOLLOWER
,id: "s4"
address: "localhost:45747"
dataStreamAddress: "localhost:42993"
clientAddress: "localhost:44435"
adminAddress: "localhost:35149"
startupRole: FOLLOWER
,id: "s0"
address: "localhost:36179"
dataStreamAddress: "localhost:33505"
clientAddress: "localhost:36175"
adminAddress: "localhost:46501"
startupRole: FOLLOWER
,id: "s1"
address: "localhost:36635"
dataStreamAddress: "localhost:41297"
clientAddress: "localhost:39775"
adminAddress: "localhost:41981"
startupRole: FOLLOWER
,id: "s2"
address: "localhost:36969"
dataStreamAddress: "localhost:38077"
clientAddress: "localhost:40489"
adminAddress: "localhost:37929"
startupRole: FOLLOWER
, old:)]
2022-10-24 03:16:24,214 [s3-server-thread3] INFO  server.RaftServer$Division (RaftServerImpl.java:checkInconsistentAppendEntries(1599)) - s3@group-6912872F20E7: Failed appendEntries as previous log entry ((t:2, i:0)) is not found
2022-10-24 03:16:24,215 [s3-server-thread3] INFO  server.RaftServer$Division (RaftServerImpl.java:checkInconsistentAppendEntries(1569)) - s3@group-6912872F20E7: inconsistency entries. Reply:s1<-s3#172:FAIL-t2,INCONSISTENCY,nextIndex=0,followerCommit=0,matchIndex=-1
2022-10-24 03:16:24,215 [s3-server-thread1] INFO  server.RaftServer$Division (RaftServerImpl.java:checkInconsistentAppendEntries(1589)) - s3@group-6912872F20E7: Failed appendEntries as the first entry (index 0) already exists (snapshotIndex: -1, commitIndex: 0)
2022-10-24 03:16:24,215 [s3-server-thread1] INFO  server.RaftServer$Division (RaftServerImpl.java:checkInconsistentAppendEntries(1569)) - s3@group-6912872F20E7: inconsistency entries. Reply:s1<-s3#176:FAIL-t2,INCONSISTENCY,nextIndex=1,followerCommit=0,matchIndex=-1
2022-10-24 03:16:24,215 [grpc-default-executor-34] INFO  leader.FollowerInfo (FollowerInfoImpl.java:lambda$new$0(48)) - s1@group-6912872F20E7->s3: nextIndex: updateUnconditionally 1 -> 0
2022-10-24 03:16:24,215 [grpc-default-executor-34] INFO  leader.FollowerInfo (FollowerInfoImpl.java:lambda$new$0(48)) - s1@group-6912872F20E7->s3: nextIndex: updateUnconditionally 0 -> 1
2022-10-24 03:16:24,215 [grpc-default-executor-4] INFO  leader.FollowerInfo (FollowerInfoImpl.java:lambda$new$0(48)) - s1@group-6912872F20E7->s3: nextIndex: updateUnconditionally 1 -> 0
2022-10-24 03:16:24,216 [s3-server-thread1] DEBUG server.RaftServer$Division (RaftServerImpl.java:logAppendEntries(1418)) - s3@group-6912872F20E7: receive appendEntries(s1, 2, null, 0, true, commits:[s1:c0, s3:c0, s4:c0, s0:c0, s2:c0], cId:177, entries: [(t:2, i:0), CONFIGURATIONENTRY(current:id: "s3"
address: "localhost:39579"
dataStreamAddress: "localhost:46293"
clientAddress: "localhost:33409"
adminAddress: "localhost:42243"
startupRole: FOLLOWER
,id: "s4"
address: "localhost:45747"
dataStreamAddress: "localhost:42993"
clientAddress: "localhost:44435"
adminAddress: "localhost:35149"
startupRole: FOLLOWER
,id: "s0"
address: "localhost:36179"
dataStreamAddress: "localhost:33505"
clientAddress: "localhost:36175"
adminAddress: "localhost:46501"
startupRole: FOLLOWER
,id: "s1"
address: "localhost:36635"
dataStreamAddress: "localhost:41297"
clientAddress: "localhost:39775"
adminAddress: "localhost:41981"
startupRole: FOLLOWER
,id: "s2"
address: "localhost:36969"
dataStreamAddress: "localhost:38077"
clientAddress: "localhost:40489"
adminAddress: "localhost:37929"
startupRole: FOLLOWER
, old:)]
2022-10-24 03:16:24,216 [s3-server-thread1] INFO  server.RaftServer$Division (RaftServerImpl.java:checkInconsistentAppendEntries(1589)) - s3@group-6912872F20E7: Failed appendEntries as the first entry (index 0) already exists (snapshotIndex: -1, commitIndex: 0)
2022-10-24 03:16:24,216 [s3-server-thread1] INFO  server.RaftServer$Division (RaftServerImpl.java:checkInconsistentAppendEntries(1569)) - s3@group-6912872F20E7: inconsistency entries. Reply:s1<-s3#177:FAIL-t2,INCONSISTENCY,nextIndex=1,followerCommit=0,matchIndex=-1
2022-10-24 03:16:24,218 [grpc-default-executor-15] INFO  leader.FollowerInfo (FollowerInfoImpl.java:lambda$new$0(48)) - s1@group-6912872F20E7->s3: nextIndex: updateUnconditionally 1 -> 1
2022-10-24 03:16:24,218 [s3-server-thread1] DEBUG server.RaftServer$Division (RaftServerImpl.java:logAppendEntries(1418)) - s3@group-6912872F20E7: receive appendEntries(s1, 2, null, 0, true, commits:[s1:c0, s3:c0, s4:c0, s0:c0, s2:c0], cId:178, entries: [(t:2, i:0), CONFIGURATIONENTRY(current:id: "s3"
address: "localhost:39579"
dataStreamAddress: "localhost:46293"
clientAddress: "localhost:33409"
adminAddress: "localhost:42243"
startupRole: FOLLOWER
,id: "s4"
address: "localhost:45747"
dataStreamAddress: "localhost:42993"
clientAddress: "localhost:44435"
adminAddress: "localhost:35149"
startupRole: FOLLOWER
,id: "s0"
address: "localhost:36179"
dataStreamAddress: "localhost:33505"
clientAddress: "localhost:36175"
adminAddress: "localhost:46501"
startupRole: FOLLOWER
,id: "s1"
address: "localhost:36635"
dataStreamAddress: "localhost:41297"
clientAddress: "localhost:39775"
adminAddress: "localhost:41981"
startupRole: FOLLOWER
,id: "s2"
address: "localhost:36969"
dataStreamAddress: "localhost:38077"
clientAddress: "localhost:40489"
adminAddress: "localhost:37929"
startupRole: FOLLOWER
, old:)]
2022-10-24 03:16:24,218 [s3-server-thread1] INFO  server.RaftServer$Division (RaftServerImpl.java:checkInconsistentAppendEntries(1589)) - s3@group-6912872F20E7: Failed appendEntries as the first entry (index 0) already exists (snapshotIndex: -1, commitIndex: 0)
2022-10-24 03:16:24,219 [s3-server-thread1] INFO  server.RaftServer$Division (RaftServerImpl.java:checkInconsistentAppendEntries(1569)) - s3@group-6912872F20E7: inconsistency entries. Reply:s1<-s3#178:FAIL-t2,INCONSISTENCY,nextIndex=1,followerCommit=0,matchIndex=-1
2022-10-24 03:16:24,219 [grpc-default-executor-4] INFO  leader.FollowerInfo (FollowerInfoImpl.java:lambda$new$0(48)) - s1@group-6912872F20E7->s3: nextIndex: updateUnconditionally 1 -> 1
2022-10-24 03:16:24,296 [s3-server-thread1] INFO  server.RaftServer$Division (RaftServerImpl.java:checkInconsistentAppendEntries(1599)) - s3@group-6912872F20E7: Failed appendEntries as previous log entry ((t:2, i:0)) is not found
2022-10-24 03:16:24,296 [s3-server-thread1] INFO  server.RaftServer$Division (RaftServerImpl.java:checkInconsistentAppendEntries(1569)) - s3@group-6912872F20E7: inconsistency entries. Reply:s1<-s3#179:FAIL-t2,INCONSISTENCY,nextIndex=0,followerCommit=0,matchIndex=-1
2022-10-24 03:16:24,297 [grpc-default-executor-15] INFO  leader.FollowerInfo (FollowerInfoImpl.java:lambda$new$0(48)) - s1@group-6912872F20E7->s3: nextIndex: updateUnconditionally 1 -> 0
2022-10-24 03:16:24,298 [s3-server-thread1] DEBUG server.RaftServer$Division (RaftServerImpl.java:logAppendEntries(1418)) - s3@group-6912872F20E7: receive appendEntries(s1, 2, null, 0, true, commits:[s1:c0, s3:c0, s4:c0, s0:c0, s2:c0], cId:180, entries: [(t:2, i:0), CONFIGURATIONENTRY(current:id: "s3"
address: "localhost:39579"
dataStreamAddress: "localhost:46293"
clientAddress: "localhost:33409"
adminAddress: "localhost:42243"
startupRole: FOLLOWER
,id: "s4"
address: "localhost:45747"
dataStreamAddress: "localhost:42993"
clientAddress: "localhost:44435"
adminAddress: "localhost:35149"
startupRole: FOLLOWER
,id: "s0"
address: "localhost:36179"
dataStreamAddress: "localhost:33505"
clientAddress: "localhost:36175"
adminAddress: "localhost:46501"
startupRole: FOLLOWER
,id: "s1"
address: "localhost:36635"
dataStreamAddress: "localhost:41297"
clientAddress: "localhost:39775"
adminAddress: "localhost:41981"
startupRole: FOLLOWER
,id: "s2"
address: "localhost:36969"
dataStreamAddress: "localhost:38077"
clientAddress: "localhost:40489"
adminAddress: "localhost:37929"
startupRole: FOLLOWER
, old:)]
2022-10-24 03:16:24,298 [s3-server-thread1] INFO  server.RaftServer$Division (RaftServerImpl.java:checkInconsistentAppendEntries(1589)) - s3@group-6912872F20E7: Failed appendEntries as the first entry (index 0) already exists (snapshotIndex: -1, commitIndex: 0)
2022-10-24 03:16:24,298 [s3-server-thread1] INFO  server.RaftServer$Division (RaftServerImpl.java:checkInconsistentAppendEntries(1569)) - s3@group-6912872F20E7: inconsistency entries. Reply:s1<-s3#180:FAIL-t2,INCONSISTENCY,nextIndex=1,followerCommit=0,matchIndex=-1
2022-10-24 03:16:24,299 [grpc-default-executor-4] INFO  leader.FollowerInfo (FollowerInfoImpl.java:lambda$new$0(48)) - s1@group-6912872F20E7->s3: nextIndex: updateUnconditionally 1 -> 1
2022-10-24 03:16:24,375 [s3-server-thread1] INFO  server.RaftServer$Division (RaftServerImpl.java:checkInconsistentAppendEntries(1599)) - s3@group-6912872F20E7: Failed appendEntries as previous log entry ((t:2, i:0)) is not found
2022-10-24 03:16:24,375 [s3-server-thread1] INFO  server.RaftServer$Division (RaftServerImpl.java:checkInconsistentAppendEntries(1569)) - s3@group-6912872F20E7: inconsistency entries. Reply:s1<-s3#181:FAIL-t2,INCONSISTENCY,nextIndex=0,followerCommit=0,matchIndex=-1
2022-10-24 03:16:24,375 [grpc-default-executor-4] INFO  leader.FollowerInfo (FollowerInfoImpl.java:lambda$new$0(48)) - s1@group-6912872F20E7->s3: nextIndex: updateUnconditionally 1 -> 0
2022-10-24 03:16:24,376 [s3-server-thread1] DEBUG server.RaftServer$Division (RaftServerImpl.java:logAppendEntries(1418)) - s3@group-6912872F20E7: receive appendEntries(s1, 2, null, 0, true, commits:[s1:c0, s3:c0, s4:c0, s0:c0, s2:c0], cId:182, entries: [(t:2, i:0), CONFIGURATIONENTRY(current:id: "s3"
address: "localhost:39579"
dataStreamAddress: "localhost:46293"
clientAddress: "localhost:33409"
adminAddress: "localhost:42243"
startupRole: FOLLOWER
,id: "s4"
address: "localhost:45747"
dataStreamAddress: "localhost:42993"
clientAddress: "localhost:44435"
adminAddress: "localhost:35149"
startupRole: FOLLOWER
,id: "s0"
address: "localhost:36179"
dataStreamAddress: "localhost:33505"
clientAddress: "localhost:36175"
adminAddress: "localhost:46501"
startupRole: FOLLOWER
,id: "s1"
address: "localhost:36635"
dataStreamAddress: "localhost:41297"
clientAddress: "localhost:39775"
adminAddress: "localhost:41981"
startupRole: FOLLOWER
,id: "s2"
address: "localhost:36969"
dataStreamAddress: "localhost:38077"
clientAddress: "localhost:40489"
adminAddress: "localhost:37929"
startupRole: FOLLOWER
, old:)]
2022-10-24 03:16:24,376 [s3-server-thread1] INFO  server.RaftServer$Division (RaftServerImpl.java:checkInconsistentAppendEntries(1589)) - s3@group-6912872F20E7: Failed appendEntries as the first entry (index 0) already exists (snapshotIndex: -1, commitIndex: 0)
2022-10-24 03:16:24,376 [s3-server-thread1] INFO  server.RaftServer$Division (RaftServerImpl.java:checkInconsistentAppendEntries(1569)) - s3@group-6912872F20E7: inconsistency entries. Reply:s1<-s3#182:FAIL-t2,INCONSISTENCY,nextIndex=1,followerCommit=0,matchIndex=-1
2022-10-24 03:16:24,377 [grpc-default-executor-4] INFO  leader.FollowerInfo (FollowerInfoImpl.java:lambda$new$0(48)) - s1@group-6912872F20E7->s3: nextIndex: updateUnconditionally 1 -> 1
2022-10-24 03:16:24,453 [s3-server-thread1] INFO  server.RaftServer$Division (RaftServerImpl.java:checkInconsistentAppendEntries(1599)) - s3@group-6912872F20E7: Failed appendEntries as previous log entry ((t:2, i:0)) is not found
2022-10-24 03:16:24,453 [s3-server-thread1] INFO  server.RaftServer$Division (RaftServerImpl.java:checkInconsistentAppendEntries(1569)) - s3@group-6912872F20E7: inconsistency entries. Reply:s1<-s3#183:FAIL-t2,INCONSISTENCY,nextIndex=0,followerCommit=0,matchIndex=-1
2022-10-24 03:16:24,454 [grpc-default-executor-4] INFO  leader.FollowerInfo (FollowerInfoImpl.java:lambda$new$0(48)) - s1@group-6912872F20E7->s3: nextIndex: updateUnconditionally 1 -> 0
2022-10-24 03:16:24,454 [s3-server-thread1] DEBUG server.RaftServer$Division (RaftServerImpl.java:logAppendEntries(1418)) - s3@group-6912872F20E7: receive appendEntries(s1, 2, null, 0, true, commits:[s1:c0, s3:c0, s4:c0, s0:c0, s2:c0], cId:184, entries: [(t:2, i:0), CONFIGURATIONENTRY(current:id: "s3"
address: "localhost:39579"
dataStreamAddress: "localhost:46293"
clientAddress: "localhost:33409"
adminAddress: "localhost:42243"
startupRole: FOLLOWER
,id: "s4"
address: "localhost:45747"
dataStreamAddress: "localhost:42993"
clientAddress: "localhost:44435"
adminAddress: "localhost:35149"
startupRole: FOLLOWER
,id: "s0"
address: "localhost:36179"
dataStreamAddress: "localhost:33505"
clientAddress: "localhost:36175"
adminAddress: "localhost:46501"
startupRole: FOLLOWER
,id: "s1"
address: "localhost:36635"
dataStreamAddress: "localhost:41297"
clientAddress: "localhost:39775"
adminAddress: "localhost:41981"
startupRole: FOLLOWER
,id: "s2"
address: "localhost:36969"
dataStreamAddress: "localhost:38077"
clientAddress: "localhost:40489"
adminAddress: "localhost:37929"
startupRole: FOLLOWER
, old:)]
2022-10-24 03:16:24,454 [s3-server-thread1] INFO  server.RaftServer$Division (RaftServerImpl.java:checkInconsistentAppendEntries(1589)) - s3@group-6912872F20E7: Failed appendEntries as the first entry (index 0) already exists (snapshotIndex: -1, commitIndex: 0)
2022-10-24 03:16:24,454 [s3-server-thread1] INFO  server.RaftServer$Division (RaftServerImpl.java:checkInconsistentAppendEntries(1569)) - s3@group-6912872F20E7: inconsistency entries. Reply:s1<-s3#184:FAIL-t2,INCONSISTENCY,nextIndex=1,followerCommit=0,matchIndex=-1
2022-10-24 03:16:24,455 [grpc-default-executor-4] INFO  leader.FollowerInfo (FollowerInfoImpl.java:lambda$new$0(48)) - s1@group-6912872F20E7->s3: nextIndex: updateUnconditionally 1 -> 1
2022-10-24 03:16:24,531 [s3-server-thread1] INFO  server.RaftServer$Division (RaftServerImpl.java:checkInconsistentAppendEntries(1599)) - s3@group-6912872F20E7: Failed appendEntries as previous log entry ((t:2, i:0)) is not found
2022-10-24 03:16:24,532 [s3-server-thread1] INFO  server.RaftServer$Division (RaftServerImpl.java:checkInconsistentAppendEntries(1569)) - s3@group-6912872F20E7: inconsistency entries. Reply:s1<-s3#185:FAIL-t2,INCONSISTENCY,nextIndex=0,followerCommit=0,matchIndex=-1
2022-10-24 03:16:24,532 [grpc-default-executor-4] INFO  leader.FollowerInfo (FollowerInfoImpl.java:lambda$new$0(48)) - s1@group-6912872F20E7->s3: nextIndex: updateUnconditionally 1 -> 0
2022-10-24 03:16:24,533 [s3-server-thread1] DEBUG server.RaftServer$Division (RaftServerImpl.java:logAppendEntries(1418)) - s3@group-6912872F20E7: receive appendEntries(s1, 2, null, 0, true, commits:[s1:c0, s3:c0, s4:c0, s0:c0, s2:c0], cId:186, entries: [(t:2, i:0), CONFIGURATIONENTRY(current:id: "s3"
address: "localhost:39579"
dataStreamAddress: "localhost:46293"
clientAddress: "localhost:33409"
adminAddress: "localhost:42243"
startupRole: FOLLOWER
,id: "s4"
address: "localhost:45747"
dataStreamAddress: "localhost:42993"
clientAddress: "localhost:44435"
adminAddress: "localhost:35149"
startupRole: FOLLOWER
,id: "s0"
address: "localhost:36179"
dataStreamAddress: "localhost:33505"
clientAddress: "localhost:36175"
adminAddress: "localhost:46501"
startupRole: FOLLOWER
,id: "s1"
address: "localhost:36635"
dataStreamAddress: "localhost:41297"
clientAddress: "localhost:39775"
adminAddress: "localhost:41981"
startupRole: FOLLOWER
,id: "s2"
address: "localhost:36969"
dataStreamAddress: "localhost:38077"
clientAddress: "localhost:40489"
adminAddress: "localhost:37929"
startupRole: FOLLOWER
, old:)]
2022-10-24 03:16:24,533 [s3-server-thread1] INFO  server.RaftServer$Division (RaftServerImpl.java:checkInconsistentAppendEntries(1589)) - s3@group-6912872F20E7: Failed appendEntries as the first entry (index 0) already exists (snapshotIndex: -1, commitIndex: 0)
2022-10-24 03:16:24,533 [s3-server-thread1] INFO  server.RaftServer$Division (RaftServerImpl.java:checkInconsistentAppendEntries(1569)) - s3@group-6912872F20E7: inconsistency entries. Reply:s1<-s3#186:FAIL-t2,INCONSISTENCY,nextIndex=1,followerCommit=0,matchIndex=-1
2022-10-24 03:16:24,533 [grpc-default-executor-4] INFO  leader.FollowerInfo (FollowerInfoImpl.java:lambda$new$0(48)) - s1@group-6912872F20E7->s3: nextIndex: updateUnconditionally 1 -> 1
2022-10-24 03:16:24,610 [s3-server-thread1] INFO  server.RaftServer$Division (RaftServerImpl.java:checkInconsistentAppendEntries(1599)) - s3@group-6912872F20E7: Failed appendEntries as previous log entry ((t:2, i:0)) is not found
2022-10-24 03:16:24,610 [s3-server-thread1] INFO  server.RaftServer$Division (RaftServerImpl.java:checkInconsistentAppendEntries(1569)) - s3@group-6912872F20E7: inconsistency entries. Reply:s1<-s3#187:FAIL-t2,INCONSISTENCY,nextIndex=0,followerCommit=0,matchIndex=-1
2022-10-24 03:16:24,610 [grpc-default-executor-15] INFO  leader.FollowerInfo (FollowerInfoImpl.java:lambda$new$0(48)) - s1@group-6912872F20E7->s3: nextIndex: updateUnconditionally 1 -> 0
2022-10-24 03:16:24,611 [s3-server-thread1] DEBUG server.RaftServer$Division (RaftServerImpl.java:logAppendEntries(1418)) - s3@group-6912872F20E7: receive appendEntries(s1, 2, null, 0, true, commits:[s1:c0, s3:c0, s4:c0, s0:c0, s2:c0], cId:188, entries: [(t:2, i:0), CONFIGURATIONENTRY(current:id: "s3"
address: "localhost:39579"
dataStreamAddress: "localhost:46293"
clientAddress: "localhost:33409"
adminAddress: "localhost:42243"
startupRole: FOLLOWER
,id: "s4"
address: "localhost:45747"
dataStreamAddress: "localhost:42993"
clientAddress: "localhost:44435"
adminAddress: "localhost:35149"
startupRole: FOLLOWER
,id: "s0"
address: "localhost:36179"
dataStreamAddress: "localhost:33505"
clientAddress: "localhost:36175"
adminAddress: "localhost:46501"
startupRole: FOLLOWER
,id: "s1"
address: "localhost:36635"
dataStreamAddress: "localhost:41297"
clientAddress: "localhost:39775"
adminAddress: "localhost:41981"
startupRole: FOLLOWER
,id: "s2"
address: "localhost:36969"
dataStreamAddress: "localhost:38077"
clientAddress: "localhost:40489"
adminAddress: "localhost:37929"
startupRole: FOLLOWER
, old:)]
2022-10-24 03:16:24,611 [s3-server-thread1] INFO  server.RaftServer$Division (RaftServerImpl.java:checkInconsistentAppendEntries(1589)) - s3@group-6912872F20E7: Failed appendEntries as the first entry (index 0) already exists (snapshotIndex: -1, commitIndex: 0)
2022-10-24 03:16:24,611 [s3-server-thread1] INFO  server.RaftServer$Division (RaftServerImpl.java:checkInconsistentAppendEntries(1569)) - s3@group-6912872F20E7: inconsistency entries. Reply:s1<-s3#188:FAIL-t2,INCONSISTENCY,nextIndex=1,followerCommit=0,matchIndex=-1
2022-10-24 03:16:24,611 [grpc-default-executor-15] INFO  leader.FollowerInfo (FollowerInfoImpl.java:lambda$new$0(48)) - s1@group-6912872F20E7->s3: nextIndex: updateUnconditionally 1 -> 1
2022-10-24 03:16:24,688 [s3-server-thread1] INFO  server.RaftServer$Division (RaftServerImpl.java:checkInconsistentAppendEntries(1599)) - s3@group-6912872F20E7: Failed appendEntries as previous log entry ((t:2, i:0)) is not found
2022-10-24 03:16:24,688 [s3-server-thread1] INFO  server.RaftServer$Division (RaftServerImpl.java:checkInconsistentAppendEntries(1569)) - s3@group-6912872F20E7: inconsistency entries. Reply:s1<-s3#189:FAIL-t2,INCONSISTENCY,nextIndex=0,followerCommit=0,matchIndex=-1
2022-10-24 03:16:24,688 [grpc-default-executor-15] INFO  leader.FollowerInfo (FollowerInfoImpl.java:lambda$new$0(48)) - s1@group-6912872F20E7->s3: nextIndex: updateUnconditionally 1 -> 0
2022-10-24 03:16:24,689 [s3-server-thread1] DEBUG server.RaftServer$Division (RaftServerImpl.java:logAppendEntries(1418)) - s3@group-6912872F20E7: receive appendEntries(s1, 2, null, 0, true, commits:[s1:c0, s3:c0, s4:c0, s0:c0, s2:c0], cId:190, entries: [(t:2, i:0), CONFIGURATIONENTRY(current:id: "s3"
address: "localhost:39579"
dataStreamAddress: "localhost:46293"
clientAddress: "localhost:33409"
adminAddress: "localhost:42243"
startupRole: FOLLOWER
,id: "s4"
address: "localhost:45747"
dataStreamAddress: "localhost:42993"
clientAddress: "localhost:44435"
adminAddress: "localhost:35149"
startupRole: FOLLOWER
,id: "s0"
address: "localhost:36179"
dataStreamAddress: "localhost:33505"
clientAddress: "localhost:36175"
adminAddress: "localhost:46501"
startupRole: FOLLOWER
,id: "s1"
address: "localhost:36635"
dataStreamAddress: "localhost:41297"
clientAddress: "localhost:39775"
adminAddress: "localhost:41981"
startupRole: FOLLOWER
,id: "s2"
address: "localhost:36969"
dataStreamAddress: "localhost:38077"
clientAddress: "localhost:40489"
adminAddress: "localhost:37929"
startupRole: FOLLOWER
, old:)]
2022-10-24 03:16:24,689 [s3-server-thread1] INFO  server.RaftServer$Division (RaftServerImpl.java:checkInconsistentAppendEntries(1589)) - s3@group-6912872F20E7: Failed appendEntries as the first entry (index 0) already exists (snapshotIndex: -1, commitIndex: 0)
2022-10-24 03:16:24,689 [s3-server-thread1] INFO  server.RaftServer$Division (RaftServerImpl.java:checkInconsistentAppendEntries(1569)) - s3@group-6912872F20E7: inconsistency entries. Reply:s1<-s3#190:FAIL-t2,INCONSISTENCY,nextIndex=1,followerCommit=0,matchIndex=-1
2022-10-24 03:16:24,690 [grpc-default-executor-15] INFO  leader.FollowerInfo (FollowerInfoImpl.java:lambda$new$0(48)) - s1@group-6912872F20E7->s3: nextIndex: updateUnconditionally 1 -> 1
2022-10-24 03:16:24,766 [s3-server-thread1] INFO  server.RaftServer$Division (RaftServerImpl.java:checkInconsistentAppendEntries(1599)) - s3@group-6912872F20E7: Failed appendEntries as previous log entry ((t:2, i:0)) is not found
2022-10-24 03:16:24,766 [s3-server-thread1] INFO  server.RaftServer$Division (RaftServerImpl.java:checkInconsistentAppendEntries(1569)) - s3@group-6912872F20E7: inconsistency entries. Reply:s1<-s3#191:FAIL-t2,INCONSISTENCY,nextIndex=0,followerCommit=0,matchIndex=-1
2022-10-24 03:16:24,767 [grpc-default-executor-15] INFO  leader.FollowerInfo (FollowerInfoImpl.java:lambda$new$0(48)) - s1@group-6912872F20E7->s3: nextIndex: updateUnconditionally 1 -> 0
2022-10-24 03:16:24,767 [s3-server-thread1] DEBUG server.RaftServer$Division (RaftServerImpl.java:logAppendEntries(1418)) - s3@group-6912872F20E7: receive appendEntries(s1, 2, null, 0, true, commits:[s1:c0, s3:c0, s4:c0, s0:c0, s2:c0], cId:192, entries: [(t:2, i:0), CONFIGURATIONENTRY(current:id: "s3"
address: "localhost:39579"
dataStreamAddress: "localhost:46293"
clientAddress: "localhost:33409"
adminAddress: "localhost:42243"
startupRole: FOLLOWER
,id: "s4"
address: "localhost:45747"
dataStreamAddress: "localhost:42993"
clientAddress: "localhost:44435"
adminAddress: "localhost:35149"
startupRole: FOLLOWER
,id: "s0"
address: "localhost:36179"
dataStreamAddress: "localhost:33505"
clientAddress: "localhost:36175"
adminAddress: "localhost:46501"
startupRole: FOLLOWER
,id: "s1"
address: "localhost:36635"
dataStreamAddress: "localhost:41297"
clientAddress: "localhost:39775"
adminAddress: "localhost:41981"
startupRole: FOLLOWER
,id: "s2"
address: "localhost:36969"
dataStreamAddress: "localhost:38077"
clientAddress: "localhost:40489"
adminAddress: "localhost:37929"
startupRole: FOLLOWER
, old:)]
2022-10-24 03:16:24,767 [s3-server-thread1] INFO  server.RaftServer$Division (RaftServerImpl.java:checkInconsistentAppendEntries(1589)) - s3@group-6912872F20E7: Failed appendEntries as the first entry (index 0) already exists (snapshotIndex: -1, commitIndex: 0)
2022-10-24 03:16:24,767 [s3-server-thread1] INFO  server.RaftServer$Division (RaftServerImpl.java:checkInconsistentAppendEntries(1569)) - s3@group-6912872F20E7: inconsistency entries. Reply:s1<-s3#192:FAIL-t2,INCONSISTENCY,nextIndex=1,followerCommit=0,matchIndex=-1
2022-10-24 03:16:24,768 [grpc-default-executor-15] INFO  leader.FollowerInfo (FollowerInfoImpl.java:lambda$new$0(48)) - s1@group-6912872F20E7->s3: nextIndex: updateUnconditionally 1 -> 1
2022-10-24 03:16:24,844 [s3-server-thread1] INFO  server.RaftServer$Division (RaftServerImpl.java:checkInconsistentAppendEntries(1599)) - s3@group-6912872F20E7: Failed appendEntries as previous log entry ((t:2, i:0)) is not found
2022-10-24 03:16:24,844 [s3-server-thread1] INFO  server.RaftServer$Division (RaftServerImpl.java:checkInconsistentAppendEntries(1569)) - s3@group-6912872F20E7: inconsistency entries. Reply:s1<-s3#193:FAIL-t2,INCONSISTENCY,nextIndex=0,followerCommit=0,matchIndex=-1
2022-10-24 03:16:24,845 [grpc-default-executor-15] INFO  leader.FollowerInfo (FollowerInfoImpl.java:lambda$new$0(48)) - s1@group-6912872F20E7->s3: nextIndex: updateUnconditionally 1 -> 0
2022-10-24 03:16:24,845 [s3-server-thread1] DEBUG server.RaftServer$Division (RaftServerImpl.java:logAppendEntries(1418)) - s3@group-6912872F20E7: receive appendEntries(s1, 2, null, 0, true, commits:[s1:c0, s3:c0, s4:c0, s0:c0, s2:c0], cId:194, entries: [(t:2, i:0), CONFIGURATIONENTRY(current:id: "s3"
address: "localhost:39579"
dataStreamAddress: "localhost:46293"
clientAddress: "localhost:33409"
adminAddress: "localhost:42243"
startupRole: FOLLOWER
,id: "s4"
address: "localhost:45747"
dataStreamAddress: "localhost:42993"
clientAddress: "localhost:44435"
adminAddress: "localhost:35149"
startupRole: FOLLOWER
,id: "s0"
address: "localhost:36179"
dataStreamAddress: "localhost:33505"
clientAddress: "localhost:36175"
adminAddress: "localhost:46501"
startupRole: FOLLOWER
,id: "s1"
address: "localhost:36635"
dataStreamAddress: "localhost:41297"
clientAddress: "localhost:39775"
adminAddress: "localhost:41981"
startupRole: FOLLOWER
,id: "s2"
address: "localhost:36969"
dataStreamAddress: "localhost:38077"
clientAddress: "localhost:40489"
adminAddress: "localhost:37929"
startupRole: FOLLOWER
, old:)]
2022-10-24 03:16:24,845 [s3-server-thread1] INFO  server.RaftServer$Division (RaftServerImpl.java:checkInconsistentAppendEntries(1589)) - s3@group-6912872F20E7: Failed appendEntries as the first entry (index 0) already exists (snapshotIndex: -1, commitIndex: 0)
2022-10-24 03:16:24,846 [s3-server-thread1] INFO  server.RaftServer$Division (RaftServerImpl.java:checkInconsistentAppendEntries(1569)) - s3@group-6912872F20E7: inconsistency entries. Reply:s1<-s3#194:FAIL-t2,INCONSISTENCY,nextIndex=1,followerCommit=0,matchIndex=-1
2022-10-24 03:16:24,846 [grpc-default-executor-15] INFO  leader.FollowerInfo (FollowerInfoImpl.java:lambda$new$0(48)) - s1@group-6912872F20E7->s3: nextIndex: updateUnconditionally 1 -> 1
2022-10-24 03:16:24,897 [Time-limited test] INFO  grpc.TestLeaderElectionWithGrpc (LeaderElectionTests.java:enforceLeader(292)) - try enforcing leader to s3 but new leader is s1
2022-10-24 03:16:24,897 [Time-limited test] INFO  server.RaftServerConfigKeys (ConfUtils.java:logGet(46)) - raft.server.rpc.timeout.max = 300ms (default)
2022-10-24 03:16:24,906 [s1@group-6912872F20E7->s0-GrpcLogAppender-LogAppenderDaemon] INFO  util.CodeInjectionForTesting (DelayLocalExecutionInjection.java:execute(65)) - s1 delay 150 ms, args=[serverRequest {
  requestorId: "s1"
  replyId: "s0"
  raftGroupId {
    id: "\226\001\321s\341\rE_\235\364i\022\207/ \347"
  }
  callId: 98
  slidingWindowEntry {
  }
}
leaderTerm: 2
previousLog {
  term: 2
}
initializing: true
commitInfos {
  server {
    id: "s1"
    address: "localhost:36635"
    dataStreamAddress: "localhost:41297"
    clientAddress: "localhost:39775"
    adminAddress: "localhost:41981"
    startupRole: FOLLOWER
  }
}
commitInfos {
  server {
    id: "s3"
    address: "localhost:39579"
    dataStreamAddress: "localhost:46293"
    clientAddress: "localhost:33409"
    adminAddress: "localhost:42243"
    startupRole: FOLLOWER
  }
}
commitInfos {
  server {
    id: "s4"
    address: "localhost:45747"
    dataStreamAddress: "localhost:42993"
    clientAddress: "localhost:44435"
    adminAddress: "localhost:35149"
    startupRole: FOLLOWER
  }
}
commitInfos {
  server {
    id: "s0"
    address: "localhost:36179"
    dataStreamAddress: "localhost:33505"
    clientAddress: "localhost:36175"
    adminAddress: "localhost:46501"
    startupRole: FOLLOWER
  }
}
commitInfos {
  server {
    id: "s2"
    address: "localhost:36969"
    dataStreamAddress: "localhost:38077"
    clientAddress: "localhost:40489"
    adminAddress: "localhost:37929"
    startupRole: FOLLOWER
  }
}
]
2022-10-24 03:16:24,911 [s1@group-6912872F20E7->s2-GrpcLogAppender-LogAppenderDaemon] INFO  util.CodeInjectionForTesting (DelayLocalExecutionInjection.java:execute(65)) - s1 delay 150 ms, args=[serverRequest {
  requestorId: "s1"
  replyId: "s2"
  raftGroupId {
    id: "\226\001\321s\341\rE_\235\364i\022\207/ \347"
  }
  callId: 97
  slidingWindowEntry {
  }
}
leaderTerm: 2
previousLog {
  term: 2
}
initializing: true
commitInfos {
  server {
    id: "s1"
    address: "localhost:36635"
    dataStreamAddress: "localhost:41297"
    clientAddress: "localhost:39775"
    adminAddress: "localhost:41981"
    startupRole: FOLLOWER
  }
}
commitInfos {
  server {
    id: "s3"
    address: "localhost:39579"
    dataStreamAddress: "localhost:46293"
    clientAddress: "localhost:33409"
    adminAddress: "localhost:42243"
    startupRole: FOLLOWER
  }
}
commitInfos {
  server {
    id: "s4"
    address: "localhost:45747"
    dataStreamAddress: "localhost:42993"
    clientAddress: "localhost:44435"
    adminAddress: "localhost:35149"
    startupRole: FOLLOWER
  }
}
commitInfos {
  server {
    id: "s0"
    address: "localhost:36179"
    dataStreamAddress: "localhost:33505"
    clientAddress: "localhost:36175"
    adminAddress: "localhost:46501"
    startupRole: FOLLOWER
  }
}
commitInfos {
  server {
    id: "s2"
    address: "localhost:36969"
    dataStreamAddress: "localhost:38077"
    clientAddress: "localhost:40489"
    adminAddress: "localhost:37929"
    startupRole: FOLLOWER
  }
}
]
2022-10-24 03:16:24,913 [s1@group-6912872F20E7->s4-GrpcLogAppender-LogAppenderDaemon] INFO  util.CodeInjectionForTesting (DelayLocalExecutionInjection.java:execute(65)) - s1 delay 150 ms, args=[serverRequest {
  requestorId: "s1"
  replyId: "s4"
  raftGroupId {
    id: "\226\001\321s\341\rE_\235\364i\022\207/ \347"
  }
  callId: 97
  slidingWindowEntry {
  }
}
leaderTerm: 2
previousLog {
  term: 2
}
initializing: true
commitInfos {
  server {
    id: "s1"
    address: "localhost:36635"
    dataStreamAddress: "localhost:41297"
    clientAddress: "localhost:39775"
    adminAddress: "localhost:41981"
    startupRole: FOLLOWER
  }
}
commitInfos {
  server {
    id: "s3"
    address: "localhost:39579"
    dataStreamAddress: "localhost:46293"
    clientAddress: "localhost:33409"
    adminAddress: "localhost:42243"
    startupRole: FOLLOWER
  }
}
commitInfos {
  server {
    id: "s4"
    address: "localhost:45747"
    dataStreamAddress: "localhost:42993"
    clientAddress: "localhost:44435"
    adminAddress: "localhost:35149"
    startupRole: FOLLOWER
  }
}
commitInfos {
  server {
    id: "s0"
    address: "localhost:36179"
    dataStreamAddress: "localhost:33505"
    clientAddress: "localhost:36175"
    adminAddress: "localhost:46501"
    startupRole: FOLLOWER
  }
}
commitInfos {
  server {
    id: "s2"
    address: "localhost:36969"
    dataStreamAddress: "localhost:38077"
    clientAddress: "localhost:40489"
    adminAddress: "localhost:37929"
    startupRole: FOLLOWER
  }
}
]
2022-10-24 03:16:24,922 [s1@group-6912872F20E7->s3-GrpcLogAppender-LogAppenderDaemon] INFO  util.CodeInjectionForTesting (DelayLocalExecutionInjection.java:execute(65)) - s1 delay 150 ms, args=[serverRequest {
  requestorId: "s1"
  replyId: "s3"
  raftGroupId {
    id: "\226\001\321s\341\rE_\235\364i\022\207/ \347"
  }
  callId: 195
  slidingWindowEntry {
  }
}
leaderTerm: 2
previousLog {
  term: 2
}
initializing: true
commitInfos {
  server {
    id: "s1"
    address: "localhost:36635"
    dataStreamAddress: "localhost:41297"
    clientAddress: "localhost:39775"
    adminAddress: "localhost:41981"
    startupRole: FOLLOWER
  }
}
commitInfos {
  server {
    id: "s3"
    address: "localhost:39579"
    dataStreamAddress: "localhost:46293"
    clientAddress: "localhost:33409"
    adminAddress: "localhost:42243"
    startupRole: FOLLOWER
  }
}
commitInfos {
  server {
    id: "s4"
    address: "localhost:45747"
    dataStreamAddress: "localhost:42993"
    clientAddress: "localhost:44435"
    adminAddress: "localhost:35149"
    startupRole: FOLLOWER
  }
}
commitInfos {
  server {
    id: "s0"
    address: "localhost:36179"
    dataStreamAddress: "localhost:33505"
    clientAddress: "localhost:36175"
    adminAddress: "localhost:46501"
    startupRole: FOLLOWER
  }
}
commitInfos {
  server {
    id: "s2"
    address: "localhost:36969"
    dataStreamAddress: "localhost:38077"
    clientAddress: "localhost:40489"
    adminAddress: "localhost:37929"
    startupRole: FOLLOWER
  }
}
]
2022-10-24 03:16:25,073 [s3-server-thread1] INFO  util.CodeInjectionForTesting (BlockRequestHandlingInjection.java:execute(77)) - s3: Block request from s1
2022-10-24 03:16:25,110 [s1@group-6912872F20E7->s3-GrpcLogAppender-LogAppenderDaemon] INFO  util.CodeInjectionForTesting (DelayLocalExecutionInjection.java:execute(65)) - s1 delay 150 ms, args=[serverRequest {
  requestorId: "s1"
  replyId: "s3"
  raftGroupId {
    id: "\226\001\321s\341\rE_\235\364i\022\207/ \347"
  }
  callId: 196
  slidingWindowEntry {
  }
}
leaderTerm: 2
previousLog {
  term: 2
}
initializing: true
commitInfos {
  server {
    id: "s1"
    address: "localhost:36635"
    dataStreamAddress: "localhost:41297"
    clientAddress: "localhost:39775"
    adminAddress: "localhost:41981"
    startupRole: FOLLOWER
  }
}
commitInfos {
  server {
    id: "s3"
    address: "localhost:39579"
    dataStreamAddress: "localhost:46293"
    clientAddress: "localhost:33409"
    adminAddress: "localhost:42243"
    startupRole: FOLLOWER
  }
}
commitInfos {
  server {
    id: "s4"
    address: "localhost:45747"
    dataStreamAddress: "localhost:42993"
    clientAddress: "localhost:44435"
    adminAddress: "localhost:35149"
    startupRole: FOLLOWER
  }
}
commitInfos {
  server {
    id: "s0"
    address: "localhost:36179"
    dataStreamAddress: "localhost:33505"
    clientAddress: "localhost:36175"
    adminAddress: "localhost:46501"
    startupRole: FOLLOWER
  }
}
commitInfos {
  server {
    id: "s2"
    address: "localhost:36969"
    dataStreamAddress: "localhost:38077"
    clientAddress: "localhost:40489"
    adminAddress: "localhost:37929"
    startupRole: FOLLOWER
  }
}
]
2022-10-24 03:16:25,134 [s1@group-6912872F20E7->s0-GrpcLogAppender-LogAppenderDaemon] INFO  util.CodeInjectionForTesting (DelayLocalExecutionInjection.java:execute(65)) - s1 delay 150 ms, args=[serverRequest {
  requestorId: "s1"
  replyId: "s0"
  raftGroupId {
    id: "\226\001\321s\341\rE_\235\364i\022\207/ \347"
  }
  callId: 99
  slidingWindowEntry {
  }
}
leaderTerm: 2
previousLog {
  term: 2
}
initializing: true
commitInfos {
  server {
    id: "s1"
    address: "localhost:36635"
    dataStreamAddress: "localhost:41297"
    clientAddress: "localhost:39775"
    adminAddress: "localhost:41981"
    startupRole: FOLLOWER
  }
}
commitInfos {
  server {
    id: "s3"
    address: "localhost:39579"
    dataStreamAddress: "localhost:46293"
    clientAddress: "localhost:33409"
    adminAddress: "localhost:42243"
    startupRole: FOLLOWER
  }
}
commitInfos {
  server {
    id: "s4"
    address: "localhost:45747"
    dataStreamAddress: "localhost:42993"
    clientAddress: "localhost:44435"
    adminAddress: "localhost:35149"
    startupRole: FOLLOWER
  }
}
commitInfos {
  server {
    id: "s0"
    address: "localhost:36179"
    dataStreamAddress: "localhost:33505"
    clientAddress: "localhost:36175"
    adminAddress: "localhost:46501"
    startupRole: FOLLOWER
  }
}
commitInfos {
  server {
    id: "s2"
    address: "localhost:36969"
    dataStreamAddress: "localhost:38077"
    clientAddress: "localhost:40489"
    adminAddress: "localhost:37929"
    startupRole: FOLLOWER
  }
}
]
2022-10-24 03:16:25,136 [s3@group-6912872F20E7-FollowerState] INFO  impl.FollowerState (FollowerState.java:run(143)) - s3@group-6912872F20E7-FollowerState: change to CANDIDATE, lastRpcElapsedTime:290195712ns, electionTimeout:195ms
2022-10-24 03:16:25,136 [s3@group-6912872F20E7-FollowerState] INFO  impl.RoleInfo (RoleInfo.java:shutdownFollowerState(110)) - s3: shutdown s3@group-6912872F20E7-FollowerState
2022-10-24 03:16:25,136 [s3@group-6912872F20E7-FollowerState] INFO  server.RaftServer$Division (RaftServerImpl.java:setRole(325)) - s3@group-6912872F20E7: changes role from  FOLLOWER to CANDIDATE at term 2 for changeToCandidate
2022-10-24 03:16:25,136 [s3@group-6912872F20E7-FollowerState] INFO  server.RaftServerConfigKeys (ConfUtils.java:logGet(46)) - raft.server.leaderelection.pre-vote = true (default)
2022-10-24 03:16:25,136 [s3@group-6912872F20E7-FollowerState] INFO  impl.RoleInfo (RoleInfo.java:updateAndGet(139)) - s3: start s3@group-6912872F20E7-LeaderElection33
2022-10-24 03:16:25,138 [s1@group-6912872F20E7->s2-GrpcLogAppender-LogAppenderDaemon] INFO  util.CodeInjectionForTesting (DelayLocalExecutionInjection.java:execute(65)) - s1 delay 150 ms, args=[serverRequest {
  requestorId: "s1"
  replyId: "s2"
  raftGroupId {
    id: "\226\001\321s\341\rE_\235\364i\022\207/ \347"
  }
  callId: 98
  slidingWindowEntry {
  }
}
leaderTerm: 2
previousLog {
  term: 2
}
initializing: true
commitInfos {
  server {
    id: "s1"
    address: "localhost:36635"
    dataStreamAddress: "localhost:41297"
    clientAddress: "localhost:39775"
    adminAddress: "localhost:41981"
    startupRole: FOLLOWER
  }
}
commitInfos {
  server {
    id: "s3"
    address: "localhost:39579"
    dataStreamAddress: "localhost:46293"
    clientAddress: "localhost:33409"
    adminAddress: "localhost:42243"
    startupRole: FOLLOWER
  }
}
commitInfos {
  server {
    id: "s4"
    address: "localhost:45747"
    dataStreamAddress: "localhost:42993"
    clientAddress: "localhost:44435"
    adminAddress: "localhost:35149"
    startupRole: FOLLOWER
  }
}
commitInfos {
  server {
    id: "s0"
    address: "localhost:36179"
    dataStreamAddress: "localhost:33505"
    clientAddress: "localhost:36175"
    adminAddress: "localhost:46501"
    startupRole: FOLLOWER
  }
}
commitInfos {
  server {
    id: "s2"
    address: "localhost:36969"
    dataStreamAddress: "localhost:38077"
    clientAddress: "localhost:40489"
    adminAddress: "localhost:37929"
    startupRole: FOLLOWER
  }
}
]
2022-10-24 03:16:25,138 [s3@group-6912872F20E7-LeaderElection33] INFO  server.RaftServer$Division (ServerState.java:setLeader(259)) - s3@group-6912872F20E7: change Leader from s1 to null at term 2 for PRE_VOTE
2022-10-24 03:16:25,138 [s3@group-6912872F20E7-LeaderElection33] INFO  impl.LeaderElection (LeaderElection.java:askForVotes(309)) - s3@group-6912872F20E7-LeaderElection33 PRE_VOTE round 0: submit vote requests at term 2 for 0: peers:[s3|rpc:localhost:39579|admin:localhost:42243|client:localhost:33409|dataStream:localhost:46293|priority:0|startupRole:FOLLOWER, s4|rpc:localhost:45747|admin:localhost:35149|client:localhost:44435|dataStream:localhost:42993|priority:0|startupRole:FOLLOWER, s0|rpc:localhost:36179|admin:localhost:46501|client:localhost:36175|dataStream:localhost:33505|priority:0|startupRole:FOLLOWER, s1|rpc:localhost:36635|admin:localhost:41981|client:localhost:39775|dataStream:localhost:41297|priority:0|startupRole:FOLLOWER, s2|rpc:localhost:36969|admin:localhost:37929|client:localhost:40489|dataStream:localhost:38077|priority:0|startupRole:FOLLOWER]|listeners:[], old=null
2022-10-24 03:16:25,140 [grpc-default-executor-34] INFO  server.RaftServer$Division (RaftServerImpl.java:requestVote(1291)) - s4@group-6912872F20E7: receive requestVote(PRE_VOTE, s3, group-6912872F20E7, 2, (t:1, i:0))
2022-10-24 03:16:25,140 [grpc-default-executor-34] INFO  impl.VoteContext (VoteContext.java:log(49)) - s4@group-6912872F20E7-FOLLOWER: reject PRE_VOTE from s3: this server is a follower and still has a valid leader s1
2022-10-24 03:16:25,140 [grpc-default-executor-34] INFO  server.RaftServer$Division (RaftServerImpl.java:requestVote(1324)) - s4@group-6912872F20E7 replies to PRE_VOTE vote request: s3<-s4#0:FAIL-t2. Peer's state: s4@group-6912872F20E7:t2, leader=s1, voted=s1, raftlog=Memoized:s4@group-6912872F20E7-SegmentedRaftLog:OPENED:c0, conf=0: peers:[s3|rpc:localhost:39579|admin:localhost:42243|client:localhost:33409|dataStream:localhost:46293|priority:0|startupRole:FOLLOWER, s4|rpc:localhost:45747|admin:localhost:35149|client:localhost:44435|dataStream:localhost:42993|priority:0|startupRole:FOLLOWER, s0|rpc:localhost:36179|admin:localhost:46501|client:localhost:36175|dataStream:localhost:33505|priority:0|startupRole:FOLLOWER, s1|rpc:localhost:36635|admin:localhost:41981|client:localhost:39775|dataStream:localhost:41297|priority:0|startupRole:FOLLOWER, s2|rpc:localhost:36969|admin:localhost:37929|client:localhost:40489|dataStream:localhost:38077|priority:0|startupRole:FOLLOWER]|listeners:[], old=null
2022-10-24 03:16:25,141 [s1@group-6912872F20E7->s4-GrpcLogAppender-LogAppenderDaemon] INFO  util.CodeInjectionForTesting (DelayLocalExecutionInjection.java:execute(65)) - s1 delay 150 ms, args=[serverRequest {
  requestorId: "s1"
  replyId: "s4"
  raftGroupId {
    id: "\226\001\321s\341\rE_\235\364i\022\207/ \347"
  }
  callId: 98
  slidingWindowEntry {
  }
}
leaderTerm: 2
previousLog {
  term: 2
}
initializing: true
commitInfos {
  server {
    id: "s1"
    address: "localhost:36635"
    dataStreamAddress: "localhost:41297"
    clientAddress: "localhost:39775"
    adminAddress: "localhost:41981"
    startupRole: FOLLOWER
  }
}
commitInfos {
  server {
    id: "s3"
    address: "localhost:39579"
    dataStreamAddress: "localhost:46293"
    clientAddress: "localhost:33409"
    adminAddress: "localhost:42243"
    startupRole: FOLLOWER
  }
}
commitInfos {
  server {
    id: "s4"
    address: "localhost:45747"
    dataStreamAddress: "localhost:42993"
    clientAddress: "localhost:44435"
    adminAddress: "localhost:35149"
    startupRole: FOLLOWER
  }
}
commitInfos {
  server {
    id: "s0"
    address: "localhost:36179"
    dataStreamAddress: "localhost:33505"
    clientAddress: "localhost:36175"
    adminAddress: "localhost:46501"
    startupRole: FOLLOWER
  }
}
commitInfos {
  server {
    id: "s2"
    address: "localhost:36969"
    dataStreamAddress: "localhost:38077"
    clientAddress: "localhost:40489"
    adminAddress: "localhost:37929"
    startupRole: FOLLOWER
  }
}
]
2022-10-24 03:16:25,142 [grpc-default-executor-4] INFO  server.RaftServer$Division (RaftServerImpl.java:requestVote(1291)) - s0@group-6912872F20E7: receive requestVote(PRE_VOTE, s3, group-6912872F20E7, 2, (t:1, i:0))
2022-10-24 03:16:25,142 [grpc-default-executor-4] INFO  impl.VoteContext (VoteContext.java:log(49)) - s0@group-6912872F20E7-FOLLOWER: reject PRE_VOTE from s3: this server is a follower and still has a valid leader s1
2022-10-24 03:16:25,142 [grpc-default-executor-4] INFO  server.RaftServer$Division (RaftServerImpl.java:requestVote(1324)) - s0@group-6912872F20E7 replies to PRE_VOTE vote request: s3<-s0#0:FAIL-t2. Peer's state: s0@group-6912872F20E7:t2, leader=s1, voted=s1, raftlog=Memoized:s0@group-6912872F20E7-SegmentedRaftLog:OPENED:c0, conf=0: peers:[s3|rpc:localhost:39579|admin:localhost:42243|client:localhost:33409|dataStream:localhost:46293|priority:0|startupRole:FOLLOWER, s4|rpc:localhost:45747|admin:localhost:35149|client:localhost:44435|dataStream:localhost:42993|priority:0|startupRole:FOLLOWER, s0|rpc:localhost:36179|admin:localhost:46501|client:localhost:36175|dataStream:localhost:33505|priority:0|startupRole:FOLLOWER, s1|rpc:localhost:36635|admin:localhost:41981|client:localhost:39775|dataStream:localhost:41297|priority:0|startupRole:FOLLOWER, s2|rpc:localhost:36969|admin:localhost:37929|client:localhost:40489|dataStream:localhost:38077|priority:0|startupRole:FOLLOWER]|listeners:[], old=null
2022-10-24 03:16:25,142 [grpc-default-executor-4] INFO  server.RaftServer$Division (RaftServerImpl.java:requestVote(1291)) - s1@group-6912872F20E7: receive requestVote(PRE_VOTE, s3, group-6912872F20E7, 2, (t:1, i:0))
2022-10-24 03:16:25,143 [grpc-default-executor-4] INFO  impl.VoteContext (VoteContext.java:log(49)) - s1@group-6912872F20E7-LEADER: reject PRE_VOTE from s3: this server is the leader and still has leadership
2022-10-24 03:16:25,143 [grpc-default-executor-4] INFO  server.RaftServer$Division (RaftServerImpl.java:requestVote(1324)) - s1@group-6912872F20E7 replies to PRE_VOTE vote request: s3<-s1#0:FAIL-t2. Peer's state: s1@group-6912872F20E7:t2, leader=s1, voted=s1, raftlog=Memoized:s1@group-6912872F20E7-SegmentedRaftLog:OPENED:c0, conf=0: peers:[s3|rpc:localhost:39579|admin:localhost:42243|client:localhost:33409|dataStream:localhost:46293|priority:0|startupRole:FOLLOWER, s4|rpc:localhost:45747|admin:localhost:35149|client:localhost:44435|dataStream:localhost:42993|priority:0|startupRole:FOLLOWER, s0|rpc:localhost:36179|admin:localhost:46501|client:localhost:36175|dataStream:localhost:33505|priority:0|startupRole:FOLLOWER, s1|rpc:localhost:36635|admin:localhost:41981|client:localhost:39775|dataStream:localhost:41297|priority:0|startupRole:FOLLOWER, s2|rpc:localhost:36969|admin:localhost:37929|client:localhost:40489|dataStream:localhost:38077|priority:0|startupRole:FOLLOWER]|listeners:[], old=null
2022-10-24 03:16:25,144 [s3@group-6912872F20E7-LeaderElection33] INFO  impl.LeaderElection (LeaderElection.java:logAndReturn(89)) - s3@group-6912872F20E7-LeaderElection33: PRE_VOTE REJECTED received 3 response(s) and 0 exception(s):
2022-10-24 03:16:25,144 [s3@group-6912872F20E7-LeaderElection33] INFO  impl.LeaderElection (LeaderElection.java:logAndReturn(93)) -   Response 0: s3<-s4#0:FAIL-t2
2022-10-24 03:16:25,145 [s3@group-6912872F20E7-LeaderElection33] INFO  impl.LeaderElection (LeaderElection.java:logAndReturn(93)) -   Response 1: s3<-s0#0:FAIL-t2
2022-10-24 03:16:25,145 [s3@group-6912872F20E7-LeaderElection33] INFO  impl.LeaderElection (LeaderElection.java:logAndReturn(93)) -   Response 2: s3<-s1#0:FAIL-t2
2022-10-24 03:16:25,145 [s3@group-6912872F20E7-LeaderElection33] INFO  impl.LeaderElection (LeaderElection.java:askForVotes(311)) - s3@group-6912872F20E7-LeaderElection33 PRE_VOTE round 0: result REJECTED
2022-10-24 03:16:25,145 [s3@group-6912872F20E7-LeaderElection33] INFO  server.RaftServer$Division (RaftServerImpl.java:setRole(325)) - s3@group-6912872F20E7: changes role from CANDIDATE to FOLLOWER at term 2 for REJECTED
2022-10-24 03:16:25,145 [s3@group-6912872F20E7-LeaderElection33] INFO  impl.RoleInfo (RoleInfo.java:shutdownLeaderElection(130)) - s3: shutdown s3@group-6912872F20E7-LeaderElection33
2022-10-24 03:16:25,145 [s3@group-6912872F20E7-LeaderElection33] INFO  impl.RoleInfo (RoleInfo.java:updateAndGet(139)) - s3: start s3@group-6912872F20E7-FollowerState
2022-10-24 03:16:25,149 [grpc-default-executor-4] INFO  server.RaftServer$Division (RaftServerImpl.java:requestVote(1291)) - s2@group-6912872F20E7: receive requestVote(PRE_VOTE, s3, group-6912872F20E7, 2, (t:1, i:0))
2022-10-24 03:16:25,149 [grpc-default-executor-4] INFO  impl.VoteContext (VoteContext.java:log(49)) - s2@group-6912872F20E7-FOLLOWER: reject PRE_VOTE from s3: this server is a follower and still has a valid leader s1
2022-10-24 03:16:25,149 [grpc-default-executor-4] INFO  server.RaftServer$Division (RaftServerImpl.java:requestVote(1324)) - s2@group-6912872F20E7 replies to PRE_VOTE vote request: s3<-s2#0:FAIL-t2. Peer's state: s2@group-6912872F20E7:t2, leader=s1, voted=s1, raftlog=Memoized:s2@group-6912872F20E7-SegmentedRaftLog:OPENED:c0, conf=0: peers:[s3|rpc:localhost:39579|admin:localhost:42243|client:localhost:33409|dataStream:localhost:46293|priority:0|startupRole:FOLLOWER, s4|rpc:localhost:45747|admin:localhost:35149|client:localhost:44435|dataStream:localhost:42993|priority:0|startupRole:FOLLOWER, s0|rpc:localhost:36179|admin:localhost:46501|client:localhost:36175|dataStream:localhost:33505|priority:0|startupRole:FOLLOWER, s1|rpc:localhost:36635|admin:localhost:41981|client:localhost:39775|dataStream:localhost:41297|priority:0|startupRole:FOLLOWER, s2|rpc:localhost:36969|admin:localhost:37929|client:localhost:40489|dataStream:localhost:38077|priority:0|startupRole:FOLLOWER]|listeners:[], old=null
2022-10-24 03:16:25,298 [s4@group-6912872F20E7-FollowerState] INFO  impl.FollowerState (FollowerState.java:run(143)) - s4@group-6912872F20E7-FollowerState: change to CANDIDATE, lastRpcElapsedTime:233548964ns, electionTimeout:198ms
2022-10-24 03:16:25,298 [s4@group-6912872F20E7-FollowerState] INFO  impl.RoleInfo (RoleInfo.java:shutdownFollowerState(110)) - s4: shutdown s4@group-6912872F20E7-FollowerState
2022-10-24 03:16:25,298 [s4@group-6912872F20E7-FollowerState] INFO  server.RaftServer$Division (RaftServerImpl.java:setRole(325)) - s4@group-6912872F20E7: changes role from  FOLLOWER to CANDIDATE at term 2 for changeToCandidate
2022-10-24 03:16:25,298 [s4@group-6912872F20E7-FollowerState] INFO  server.RaftServerConfigKeys (ConfUtils.java:logGet(46)) - raft.server.leaderelection.pre-vote = true (default)
2022-10-24 03:16:25,298 [s4@group-6912872F20E7-FollowerState] INFO  impl.RoleInfo (RoleInfo.java:updateAndGet(139)) - s4: start s4@group-6912872F20E7-LeaderElection34
2022-10-24 03:16:25,308 [s4-server-thread2] INFO  server.RaftServer$Division (RaftServerImpl.java:setRole(325)) - s4@group-6912872F20E7: changes role from CANDIDATE to FOLLOWER at term 2 for appendEntries
2022-10-24 03:16:25,308 [s4-server-thread2] INFO  impl.RoleInfo (RoleInfo.java:shutdownLeaderElection(130)) - s4: shutdown s4@group-6912872F20E7-LeaderElection34
2022-10-24 03:16:25,308 [s4-server-thread2] INFO  impl.RoleInfo (RoleInfo.java:updateAndGet(139)) - s4: start s4@group-6912872F20E7-FollowerState
2022-10-24 03:16:25,310 [s1@group-6912872F20E7->s3-GrpcLogAppender-LogAppenderDaemon] INFO  util.CodeInjectionForTesting (DelayLocalExecutionInjection.java:execute(65)) - s1 delay 150 ms, args=[serverRequest {
  requestorId: "s1"
  replyId: "s3"
  raftGroupId {
    id: "\226\001\321s\341\rE_\235\364i\022\207/ \347"
  }
  callId: 197
  slidingWindowEntry {
  }
}
leaderTerm: 2
previousLog {
  term: 2
}
initializing: true
commitInfos {
  server {
    id: "s1"
    address: "localhost:36635"
    dataStreamAddress: "localhost:41297"
    clientAddress: "localhost:39775"
    adminAddress: "localhost:41981"
    startupRole: FOLLOWER
  }
}
commitInfos {
  server {
    id: "s3"
    address: "localhost:39579"
    dataStreamAddress: "localhost:46293"
    clientAddress: "localhost:33409"
    adminAddress: "localhost:42243"
    startupRole: FOLLOWER
  }
}
commitInfos {
  server {
    id: "s4"
    address: "localhost:45747"
    dataStreamAddress: "localhost:42993"
    clientAddress: "localhost:44435"
    adminAddress: "localhost:35149"
    startupRole: FOLLOWER
  }
}
commitInfos {
  server {
    id: "s0"
    address: "localhost:36179"
    dataStreamAddress: "localhost:33505"
    clientAddress: "localhost:36175"
    adminAddress: "localhost:46501"
    startupRole: FOLLOWER
  }
}
commitInfos {
  server {
    id: "s2"
    address: "localhost:36969"
    dataStreamAddress: "localhost:38077"
    clientAddress: "localhost:40489"
    adminAddress: "localhost:37929"
    startupRole: FOLLOWER
  }
}
]
2022-10-24 03:16:25,311 [s4@group-6912872F20E7-LeaderElection34] INFO  impl.LeaderElection (LeaderElection.java:run(232)) - s4@group-6912872F20E7-LeaderElection34: skip running since this is already CLOSING
2022-10-24 03:16:25,361 [s1@group-6912872F20E7->s0-GrpcLogAppender-LogAppenderDaemon] INFO  util.CodeInjectionForTesting (DelayLocalExecutionInjection.java:execute(65)) - s1 delay 150 ms, args=[serverRequest {
  requestorId: "s1"
  replyId: "s0"
  raftGroupId {
    id: "\226\001\321s\341\rE_\235\364i\022\207/ \347"
  }
  callId: 100
  slidingWindowEntry {
  }
}
leaderTerm: 2
previousLog {
  term: 2
}
initializing: true
commitInfos {
  server {
    id: "s1"
    address: "localhost:36635"
    dataStreamAddress: "localhost:41297"
    clientAddress: "localhost:39775"
    adminAddress: "localhost:41981"
    startupRole: FOLLOWER
  }
}
commitInfos {
  server {
    id: "s3"
    address: "localhost:39579"
    dataStreamAddress: "localhost:46293"
    clientAddress: "localhost:33409"
    adminAddress: "localhost:42243"
    startupRole: FOLLOWER
  }
}
commitInfos {
  server {
    id: "s4"
    address: "localhost:45747"
    dataStreamAddress: "localhost:42993"
    clientAddress: "localhost:44435"
    adminAddress: "localhost:35149"
    startupRole: FOLLOWER
  }
}
commitInfos {
  server {
    id: "s0"
    address: "localhost:36179"
    dataStreamAddress: "localhost:33505"
    clientAddress: "localhost:36175"
    adminAddress: "localhost:46501"
    startupRole: FOLLOWER
  }
}
commitInfos {
  server {
    id: "s2"
    address: "localhost:36969"
    dataStreamAddress: "localhost:38077"
    clientAddress: "localhost:40489"
    adminAddress: "localhost:37929"
    startupRole: FOLLOWER
  }
}
]
2022-10-24 03:16:25,364 [s1@group-6912872F20E7->s2-GrpcLogAppender-LogAppenderDaemon] INFO  util.CodeInjectionForTesting (DelayLocalExecutionInjection.java:execute(65)) - s1 delay 150 ms, args=[serverRequest {
  requestorId: "s1"
  replyId: "s2"
  raftGroupId {
    id: "\226\001\321s\341\rE_\235\364i\022\207/ \347"
  }
  callId: 99
  slidingWindowEntry {
  }
}
leaderTerm: 2
previousLog {
  term: 2
}
initializing: true
commitInfos {
  server {
    id: "s1"
    address: "localhost:36635"
    dataStreamAddress: "localhost:41297"
    clientAddress: "localhost:39775"
    adminAddress: "localhost:41981"
    startupRole: FOLLOWER
  }
}
commitInfos {
  server {
    id: "s3"
    address: "localhost:39579"
    dataStreamAddress: "localhost:46293"
    clientAddress: "localhost:33409"
    adminAddress: "localhost:42243"
    startupRole: FOLLOWER
  }
}
commitInfos {
  server {
    id: "s4"
    address: "localhost:45747"
    dataStreamAddress: "localhost:42993"
    clientAddress: "localhost:44435"
    adminAddress: "localhost:35149"
    startupRole: FOLLOWER
  }
}
commitInfos {
  server {
    id: "s0"
    address: "localhost:36179"
    dataStreamAddress: "localhost:33505"
    clientAddress: "localhost:36175"
    adminAddress: "localhost:46501"
    startupRole: FOLLOWER
  }
}
commitInfos {
  server {
    id: "s2"
    address: "localhost:36969"
    dataStreamAddress: "localhost:38077"
    clientAddress: "localhost:40489"
    adminAddress: "localhost:37929"
    startupRole: FOLLOWER
  }
}
]
2022-10-24 03:16:25,387 [s1@group-6912872F20E7->s4-GrpcLogAppender-LogAppenderDaemon] INFO  util.CodeInjectionForTesting (DelayLocalExecutionInjection.java:execute(65)) - s1 delay 150 ms, args=[serverRequest {
  requestorId: "s1"
  replyId: "s4"
  raftGroupId {
    id: "\226\001\321s\341\rE_\235\364i\022\207/ \347"
  }
  callId: 99
  slidingWindowEntry {
  }
}
leaderTerm: 2
previousLog {
  term: 2
}
initializing: true
commitInfos {
  server {
    id: "s1"
    address: "localhost:36635"
    dataStreamAddress: "localhost:41297"
    clientAddress: "localhost:39775"
    adminAddress: "localhost:41981"
    startupRole: FOLLOWER
  }
}
commitInfos {
  server {
    id: "s3"
    address: "localhost:39579"
    dataStreamAddress: "localhost:46293"
    clientAddress: "localhost:33409"
    adminAddress: "localhost:42243"
    startupRole: FOLLOWER
  }
}
commitInfos {
  server {
    id: "s4"
    address: "localhost:45747"
    dataStreamAddress: "localhost:42993"
    clientAddress: "localhost:44435"
    adminAddress: "localhost:35149"
    startupRole: FOLLOWER
  }
}
commitInfos {
  server {
    id: "s0"
    address: "localhost:36179"
    dataStreamAddress: "localhost:33505"
    clientAddress: "localhost:36175"
    adminAddress: "localhost:46501"
    startupRole: FOLLOWER
  }
}
commitInfos {
  server {
    id: "s2"
    address: "localhost:36969"
    dataStreamAddress: "localhost:38077"
    clientAddress: "localhost:40489"
    adminAddress: "localhost:37929"
    startupRole: FOLLOWER
  }
}
]
2022-10-24 03:16:25,419 [s3@group-6912872F20E7-FollowerState] INFO  impl.FollowerState (FollowerState.java:run(143)) - s3@group-6912872F20E7-FollowerState: change to CANDIDATE, lastRpcElapsedTime:274021556ns, electionTimeout:271ms
2022-10-24 03:16:25,419 [s3@group-6912872F20E7-FollowerState] INFO  impl.RoleInfo (RoleInfo.java:shutdownFollowerState(110)) - s3: shutdown s3@group-6912872F20E7-FollowerState
2022-10-24 03:16:25,419 [s3@group-6912872F20E7-FollowerState] INFO  server.RaftServer$Division (RaftServerImpl.java:setRole(325)) - s3@group-6912872F20E7: changes role from  FOLLOWER to CANDIDATE at term 2 for changeToCandidate
2022-10-24 03:16:25,419 [s3@group-6912872F20E7-FollowerState] INFO  server.RaftServerConfigKeys (ConfUtils.java:logGet(46)) - raft.server.leaderelection.pre-vote = true (default)
2022-10-24 03:16:25,419 [s3@group-6912872F20E7-FollowerState] INFO  impl.RoleInfo (RoleInfo.java:updateAndGet(139)) - s3: start s3@group-6912872F20E7-LeaderElection35
2022-10-24 03:16:25,420 [s3@group-6912872F20E7-LeaderElection35] INFO  impl.LeaderElection (LeaderElection.java:askForVotes(309)) - s3@group-6912872F20E7-LeaderElection35 PRE_VOTE round 0: submit vote requests at term 2 for 0: peers:[s3|rpc:localhost:39579|admin:localhost:42243|client:localhost:33409|dataStream:localhost:46293|priority:0|startupRole:FOLLOWER, s4|rpc:localhost:45747|admin:localhost:35149|client:localhost:44435|dataStream:localhost:42993|priority:0|startupRole:FOLLOWER, s0|rpc:localhost:36179|admin:localhost:46501|client:localhost:36175|dataStream:localhost:33505|priority:0|startupRole:FOLLOWER, s1|rpc:localhost:36635|admin:localhost:41981|client:localhost:39775|dataStream:localhost:41297|priority:0|startupRole:FOLLOWER, s2|rpc:localhost:36969|admin:localhost:37929|client:localhost:40489|dataStream:localhost:38077|priority:0|startupRole:FOLLOWER]|listeners:[], old=null
2022-10-24 03:16:25,422 [grpc-default-executor-4] INFO  server.RaftServer$Division (RaftServerImpl.java:requestVote(1291)) - s0@group-6912872F20E7: receive requestVote(PRE_VOTE, s3, group-6912872F20E7, 2, (t:1, i:0))
2022-10-24 03:16:25,422 [grpc-default-executor-4] INFO  impl.VoteContext (VoteContext.java:log(49)) - s0@group-6912872F20E7-FOLLOWER: reject PRE_VOTE from s3: this server is a follower and still has a valid leader s1
2022-10-24 03:16:25,423 [grpc-default-executor-4] INFO  server.RaftServer$Division (RaftServerImpl.java:requestVote(1324)) - s0@group-6912872F20E7 replies to PRE_VOTE vote request: s3<-s0#0:FAIL-t2. Peer's state: s0@group-6912872F20E7:t2, leader=s1, voted=s1, raftlog=Memoized:s0@group-6912872F20E7-SegmentedRaftLog:OPENED:c0, conf=0: peers:[s3|rpc:localhost:39579|admin:localhost:42243|client:localhost:33409|dataStream:localhost:46293|priority:0|startupRole:FOLLOWER, s4|rpc:localhost:45747|admin:localhost:35149|client:localhost:44435|dataStream:localhost:42993|priority:0|startupRole:FOLLOWER, s0|rpc:localhost:36179|admin:localhost:46501|client:localhost:36175|dataStream:localhost:33505|priority:0|startupRole:FOLLOWER, s1|rpc:localhost:36635|admin:localhost:41981|client:localhost:39775|dataStream:localhost:41297|priority:0|startupRole:FOLLOWER, s2|rpc:localhost:36969|admin:localhost:37929|client:localhost:40489|dataStream:localhost:38077|priority:0|startupRole:FOLLOWER]|listeners:[], old=null
2022-10-24 03:16:25,423 [grpc-default-executor-4] INFO  server.RaftServer$Division (RaftServerImpl.java:requestVote(1291)) - s1@group-6912872F20E7: receive requestVote(PRE_VOTE, s3, group-6912872F20E7, 2, (t:1, i:0))
2022-10-24 03:16:25,423 [grpc-default-executor-4] INFO  impl.VoteContext (VoteContext.java:log(49)) - s1@group-6912872F20E7-LEADER: reject PRE_VOTE from s3: this server is the leader and still has leadership
2022-10-24 03:16:25,424 [grpc-default-executor-4] INFO  server.RaftServer$Division (RaftServerImpl.java:requestVote(1324)) - s1@group-6912872F20E7 replies to PRE_VOTE vote request: s3<-s1#0:FAIL-t2. Peer's state: s1@group-6912872F20E7:t2, leader=s1, voted=s1, raftlog=Memoized:s1@group-6912872F20E7-SegmentedRaftLog:OPENED:c0, conf=0: peers:[s3|rpc:localhost:39579|admin:localhost:42243|client:localhost:33409|dataStream:localhost:46293|priority:0|startupRole:FOLLOWER, s4|rpc:localhost:45747|admin:localhost:35149|client:localhost:44435|dataStream:localhost:42993|priority:0|startupRole:FOLLOWER, s0|rpc:localhost:36179|admin:localhost:46501|client:localhost:36175|dataStream:localhost:33505|priority:0|startupRole:FOLLOWER, s1|rpc:localhost:36635|admin:localhost:41981|client:localhost:39775|dataStream:localhost:41297|priority:0|startupRole:FOLLOWER, s2|rpc:localhost:36969|admin:localhost:37929|client:localhost:40489|dataStream:localhost:38077|priority:0|startupRole:FOLLOWER]|listeners:[], old=null
2022-10-24 03:16:25,425 [grpc-default-executor-34] INFO  server.RaftServer$Division (RaftServerImpl.java:requestVote(1291)) - s4@group-6912872F20E7: receive requestVote(PRE_VOTE, s3, group-6912872F20E7, 2, (t:1, i:0))
2022-10-24 03:16:25,425 [grpc-default-executor-34] INFO  impl.VoteContext (VoteContext.java:log(49)) - s4@group-6912872F20E7-FOLLOWER: reject PRE_VOTE from s3: this server is a follower and still has a valid leader s1
2022-10-24 03:16:25,425 [grpc-default-executor-34] INFO  server.RaftServer$Division (RaftServerImpl.java:requestVote(1324)) - s4@group-6912872F20E7 replies to PRE_VOTE vote request: s3<-s4#0:FAIL-t2. Peer's state: s4@group-6912872F20E7:t2, leader=s1, voted=s1, raftlog=Memoized:s4@group-6912872F20E7-SegmentedRaftLog:OPENED:c0, conf=0: peers:[s3|rpc:localhost:39579|admin:localhost:42243|client:localhost:33409|dataStream:localhost:46293|priority:0|startupRole:FOLLOWER, s4|rpc:localhost:45747|admin:localhost:35149|client:localhost:44435|dataStream:localhost:42993|priority:0|startupRole:FOLLOWER, s0|rpc:localhost:36179|admin:localhost:46501|client:localhost:36175|dataStream:localhost:33505|priority:0|startupRole:FOLLOWER, s1|rpc:localhost:36635|admin:localhost:41981|client:localhost:39775|dataStream:localhost:41297|priority:0|startupRole:FOLLOWER, s2|rpc:localhost:36969|admin:localhost:37929|client:localhost:40489|dataStream:localhost:38077|priority:0|startupRole:FOLLOWER]|listeners:[], old=null
2022-10-24 03:16:25,428 [grpc-default-executor-4] INFO  server.RaftServer$Division (RaftServerImpl.java:requestVote(1291)) - s2@group-6912872F20E7: receive requestVote(PRE_VOTE, s3, group-6912872F20E7, 2, (t:1, i:0))
2022-10-24 03:16:25,428 [grpc-default-executor-4] INFO  impl.VoteContext (VoteContext.java:log(49)) - s2@group-6912872F20E7-FOLLOWER: reject PRE_VOTE from s3: this server is a follower and still has a valid leader s1
2022-10-24 03:16:25,428 [grpc-default-executor-4] INFO  server.RaftServer$Division (RaftServerImpl.java:requestVote(1324)) - s2@group-6912872F20E7 replies to PRE_VOTE vote request: s3<-s2#0:FAIL-t2. Peer's state: s2@group-6912872F20E7:t2, leader=s1, voted=s1, raftlog=Memoized:s2@group-6912872F20E7-SegmentedRaftLog:OPENED:c0, conf=0: peers:[s3|rpc:localhost:39579|admin:localhost:42243|client:localhost:33409|dataStream:localhost:46293|priority:0|startupRole:FOLLOWER, s4|rpc:localhost:45747|admin:localhost:35149|client:localhost:44435|dataStream:localhost:42993|priority:0|startupRole:FOLLOWER, s0|rpc:localhost:36179|admin:localhost:46501|client:localhost:36175|dataStream:localhost:33505|priority:0|startupRole:FOLLOWER, s1|rpc:localhost:36635|admin:localhost:41981|client:localhost:39775|dataStream:localhost:41297|priority:0|startupRole:FOLLOWER, s2|rpc:localhost:36969|admin:localhost:37929|client:localhost:40489|dataStream:localhost:38077|priority:0|startupRole:FOLLOWER]|listeners:[], old=null
2022-10-24 03:16:25,428 [s3@group-6912872F20E7-LeaderElection35] INFO  impl.LeaderElection (LeaderElection.java:logAndReturn(89)) - s3@group-6912872F20E7-LeaderElection35: PRE_VOTE REJECTED received 3 response(s) and 0 exception(s):
2022-10-24 03:16:25,428 [s3@group-6912872F20E7-LeaderElection35] INFO  impl.LeaderElection (LeaderElection.java:logAndReturn(93)) -   Response 0: s3<-s4#0:FAIL-t2
2022-10-24 03:16:25,428 [s3@group-6912872F20E7-LeaderElection35] INFO  impl.LeaderElection (LeaderElection.java:logAndReturn(93)) -   Response 1: s3<-s0#0:FAIL-t2
2022-10-24 03:16:25,429 [s3@group-6912872F20E7-LeaderElection35] INFO  impl.LeaderElection (LeaderElection.java:logAndReturn(93)) -   Response 2: s3<-s1#0:FAIL-t2
2022-10-24 03:16:25,429 [s3@group-6912872F20E7-LeaderElection35] INFO  impl.LeaderElection (LeaderElection.java:askForVotes(311)) - s3@group-6912872F20E7-LeaderElection35 PRE_VOTE round 0: result REJECTED
2022-10-24 03:16:25,429 [s3@group-6912872F20E7-LeaderElection35] INFO  server.RaftServer$Division (RaftServerImpl.java:setRole(325)) - s3@group-6912872F20E7: changes role from CANDIDATE to FOLLOWER at term 2 for REJECTED
2022-10-24 03:16:25,429 [s3@group-6912872F20E7-LeaderElection35] INFO  impl.RoleInfo (RoleInfo.java:shutdownLeaderElection(130)) - s3: shutdown s3@group-6912872F20E7-LeaderElection35
2022-10-24 03:16:25,429 [s3@group-6912872F20E7-LeaderElection35] INFO  impl.RoleInfo (RoleInfo.java:updateAndGet(139)) - s3: start s3@group-6912872F20E7-FollowerState
2022-10-24 03:16:25,497 [s1@group-6912872F20E7->s3-GrpcLogAppender-LogAppenderDaemon] INFO  util.CodeInjectionForTesting (DelayLocalExecutionInjection.java:execute(65)) - s1 delay 150 ms, args=[serverRequest {
  requestorId: "s1"
  replyId: "s3"
  raftGroupId {
    id: "\226\001\321s\341\rE_\235\364i\022\207/ \347"
  }
  callId: 198
  slidingWindowEntry {
  }
}
leaderTerm: 2
previousLog {
  term: 2
}
initializing: true
commitInfos {
  server {
    id: "s1"
    address: "localhost:36635"
    dataStreamAddress: "localhost:41297"
    clientAddress: "localhost:39775"
    adminAddress: "localhost:41981"
    startupRole: FOLLOWER
  }
}
commitInfos {
  server {
    id: "s3"
    address: "localhost:39579"
    dataStreamAddress: "localhost:46293"
    clientAddress: "localhost:33409"
    adminAddress: "localhost:42243"
    startupRole: FOLLOWER
  }
}
commitInfos {
  server {
    id: "s4"
    address: "localhost:45747"
    dataStreamAddress: "localhost:42993"
    clientAddress: "localhost:44435"
    adminAddress: "localhost:35149"
    startupRole: FOLLOWER
  }
}
commitInfos {
  server {
    id: "s0"
    address: "localhost:36179"
    dataStreamAddress: "localhost:33505"
    clientAddress: "localhost:36175"
    adminAddress: "localhost:46501"
    startupRole: FOLLOWER
  }
}
commitInfos {
  server {
    id: "s2"
    address: "localhost:36969"
    dataStreamAddress: "localhost:38077"
    clientAddress: "localhost:40489"
    adminAddress: "localhost:37929"
    startupRole: FOLLOWER
  }
}
]
2022-10-24 03:16:25,588 [s1@group-6912872F20E7->s0-GrpcLogAppender-LogAppenderDaemon] INFO  util.CodeInjectionForTesting (DelayLocalExecutionInjection.java:execute(65)) - s1 delay 150 ms, args=[serverRequest {
  requestorId: "s1"
  replyId: "s0"
  raftGroupId {
    id: "\226\001\321s\341\rE_\235\364i\022\207/ \347"
  }
  callId: 101
  slidingWindowEntry {
  }
}
leaderTerm: 2
previousLog {
  term: 2
}
initializing: true
commitInfos {
  server {
    id: "s1"
    address: "localhost:36635"
    dataStreamAddress: "localhost:41297"
    clientAddress: "localhost:39775"
    adminAddress: "localhost:41981"
    startupRole: FOLLOWER
  }
}
commitInfos {
  server {
    id: "s3"
    address: "localhost:39579"
    dataStreamAddress: "localhost:46293"
    clientAddress: "localhost:33409"
    adminAddress: "localhost:42243"
    startupRole: FOLLOWER
  }
}
commitInfos {
  server {
    id: "s4"
    address: "localhost:45747"
    dataStreamAddress: "localhost:42993"
    clientAddress: "localhost:44435"
    adminAddress: "localhost:35149"
    startupRole: FOLLOWER
  }
}
commitInfos {
  server {
    id: "s0"
    address: "localhost:36179"
    dataStreamAddress: "localhost:33505"
    clientAddress: "localhost:36175"
    adminAddress: "localhost:46501"
    startupRole: FOLLOWER
  }
}
commitInfos {
  server {
    id: "s2"
    address: "localhost:36969"
    dataStreamAddress: "localhost:38077"
    clientAddress: "localhost:40489"
    adminAddress: "localhost:37929"
    startupRole: FOLLOWER
  }
}
]
2022-10-24 03:16:25,591 [s1@group-6912872F20E7->s2-GrpcLogAppender-LogAppenderDaemon] INFO  util.CodeInjectionForTesting (DelayLocalExecutionInjection.java:execute(65)) - s1 delay 150 ms, args=[serverRequest {
  requestorId: "s1"
  replyId: "s2"
  raftGroupId {
    id: "\226\001\321s\341\rE_\235\364i\022\207/ \347"
  }
  callId: 100
  slidingWindowEntry {
  }
}
leaderTerm: 2
previousLog {
  term: 2
}
initializing: true
commitInfos {
  server {
    id: "s1"
    address: "localhost:36635"
    dataStreamAddress: "localhost:41297"
    clientAddress: "localhost:39775"
    adminAddress: "localhost:41981"
    startupRole: FOLLOWER
  }
}
commitInfos {
  server {
    id: "s3"
    address: "localhost:39579"
    dataStreamAddress: "localhost:46293"
    clientAddress: "localhost:33409"
    adminAddress: "localhost:42243"
    startupRole: FOLLOWER
  }
}
commitInfos {
  server {
    id: "s4"
    address: "localhost:45747"
    dataStreamAddress: "localhost:42993"
    clientAddress: "localhost:44435"
    adminAddress: "localhost:35149"
    startupRole: FOLLOWER
  }
}
commitInfos {
  server {
    id: "s0"
    address: "localhost:36179"
    dataStreamAddress: "localhost:33505"
    clientAddress: "localhost:36175"
    adminAddress: "localhost:46501"
    startupRole: FOLLOWER
  }
}
commitInfos {
  server {
    id: "s2"
    address: "localhost:36969"
    dataStreamAddress: "localhost:38077"
    clientAddress: "localhost:40489"
    adminAddress: "localhost:37929"
    startupRole: FOLLOWER
  }
}
]
2022-10-24 03:16:25,593 [s3@group-6912872F20E7-FollowerState] INFO  impl.FollowerState (FollowerState.java:run(143)) - s3@group-6912872F20E7-FollowerState: change to CANDIDATE, lastRpcElapsedTime:164460994ns, electionTimeout:161ms
2022-10-24 03:16:25,593 [s3@group-6912872F20E7-FollowerState] INFO  impl.RoleInfo (RoleInfo.java:shutdownFollowerState(110)) - s3: shutdown s3@group-6912872F20E7-FollowerState
2022-10-24 03:16:25,593 [s3@group-6912872F20E7-FollowerState] INFO  server.RaftServer$Division (RaftServerImpl.java:setRole(325)) - s3@group-6912872F20E7: changes role from  FOLLOWER to CANDIDATE at term 2 for changeToCandidate
2022-10-24 03:16:25,593 [s3@group-6912872F20E7-FollowerState] INFO  server.RaftServerConfigKeys (ConfUtils.java:logGet(46)) - raft.server.leaderelection.pre-vote = true (default)
2022-10-24 03:16:25,594 [s3@group-6912872F20E7-FollowerState] INFO  impl.RoleInfo (RoleInfo.java:updateAndGet(139)) - s3: start s3@group-6912872F20E7-LeaderElection36
2022-10-24 03:16:25,594 [s3@group-6912872F20E7-LeaderElection36] INFO  impl.LeaderElection (LeaderElection.java:askForVotes(309)) - s3@group-6912872F20E7-LeaderElection36 PRE_VOTE round 0: submit vote requests at term 2 for 0: peers:[s3|rpc:localhost:39579|admin:localhost:42243|client:localhost:33409|dataStream:localhost:46293|priority:0|startupRole:FOLLOWER, s4|rpc:localhost:45747|admin:localhost:35149|client:localhost:44435|dataStream:localhost:42993|priority:0|startupRole:FOLLOWER, s0|rpc:localhost:36179|admin:localhost:46501|client:localhost:36175|dataStream:localhost:33505|priority:0|startupRole:FOLLOWER, s1|rpc:localhost:36635|admin:localhost:41981|client:localhost:39775|dataStream:localhost:41297|priority:0|startupRole:FOLLOWER, s2|rpc:localhost:36969|admin:localhost:37929|client:localhost:40489|dataStream:localhost:38077|priority:0|startupRole:FOLLOWER]|listeners:[], old=null
2022-10-24 03:16:25,596 [grpc-default-executor-4] INFO  server.RaftServer$Division (RaftServerImpl.java:requestVote(1291)) - s1@group-6912872F20E7: receive requestVote(PRE_VOTE, s3, group-6912872F20E7, 2, (t:1, i:0))
2022-10-24 03:16:25,596 [grpc-default-executor-4] INFO  impl.VoteContext (VoteContext.java:log(49)) - s1@group-6912872F20E7-LEADER: reject PRE_VOTE from s3: this server is the leader and still has leadership
2022-10-24 03:16:25,596 [grpc-default-executor-4] INFO  server.RaftServer$Division (RaftServerImpl.java:requestVote(1324)) - s1@group-6912872F20E7 replies to PRE_VOTE vote request: s3<-s1#0:FAIL-t2. Peer's state: s1@group-6912872F20E7:t2, leader=s1, voted=s1, raftlog=Memoized:s1@group-6912872F20E7-SegmentedRaftLog:OPENED:c0, conf=0: peers:[s3|rpc:localhost:39579|admin:localhost:42243|client:localhost:33409|dataStream:localhost:46293|priority:0|startupRole:FOLLOWER, s4|rpc:localhost:45747|admin:localhost:35149|client:localhost:44435|dataStream:localhost:42993|priority:0|startupRole:FOLLOWER, s0|rpc:localhost:36179|admin:localhost:46501|client:localhost:36175|dataStream:localhost:33505|priority:0|startupRole:FOLLOWER, s1|rpc:localhost:36635|admin:localhost:41981|client:localhost:39775|dataStream:localhost:41297|priority:0|startupRole:FOLLOWER, s2|rpc:localhost:36969|admin:localhost:37929|client:localhost:40489|dataStream:localhost:38077|priority:0|startupRole:FOLLOWER]|listeners:[], old=null
2022-10-24 03:16:25,596 [grpc-default-executor-34] INFO  server.RaftServer$Division (RaftServerImpl.java:requestVote(1291)) - s4@group-6912872F20E7: receive requestVote(PRE_VOTE, s3, group-6912872F20E7, 2, (t:1, i:0))
2022-10-24 03:16:25,596 [grpc-default-executor-34] INFO  impl.VoteContext (VoteContext.java:log(49)) - s4@group-6912872F20E7-FOLLOWER: reject PRE_VOTE from s3: this server is a follower and still has a valid leader s1
2022-10-24 03:16:25,597 [grpc-default-executor-34] INFO  server.RaftServer$Division (RaftServerImpl.java:requestVote(1324)) - s4@group-6912872F20E7 replies to PRE_VOTE vote request: s3<-s4#0:FAIL-t2. Peer's state: s4@group-6912872F20E7:t2, leader=s1, voted=s1, raftlog=Memoized:s4@group-6912872F20E7-SegmentedRaftLog:OPENED:c0, conf=0: peers:[s3|rpc:localhost:39579|admin:localhost:42243|client:localhost:33409|dataStream:localhost:46293|priority:0|startupRole:FOLLOWER, s4|rpc:localhost:45747|admin:localhost:35149|client:localhost:44435|dataStream:localhost:42993|priority:0|startupRole:FOLLOWER, s0|rpc:localhost:36179|admin:localhost:46501|client:localhost:36175|dataStream:localhost:33505|priority:0|startupRole:FOLLOWER, s1|rpc:localhost:36635|admin:localhost:41981|client:localhost:39775|dataStream:localhost:41297|priority:0|startupRole:FOLLOWER, s2|rpc:localhost:36969|admin:localhost:37929|client:localhost:40489|dataStream:localhost:38077|priority:0|startupRole:FOLLOWER]|listeners:[], old=null
2022-10-24 03:16:25,597 [grpc-default-executor-34] INFO  server.RaftServer$Division (RaftServerImpl.java:requestVote(1291)) - s0@group-6912872F20E7: receive requestVote(PRE_VOTE, s3, group-6912872F20E7, 2, (t:1, i:0))
2022-10-24 03:16:25,597 [grpc-default-executor-34] INFO  impl.VoteContext (VoteContext.java:log(49)) - s0@group-6912872F20E7-FOLLOWER: reject PRE_VOTE from s3: this server is a follower and still has a valid leader s1
2022-10-24 03:16:25,597 [grpc-default-executor-34] INFO  server.RaftServer$Division (RaftServerImpl.java:requestVote(1324)) - s0@group-6912872F20E7 replies to PRE_VOTE vote request: s3<-s0#0:FAIL-t2. Peer's state: s0@group-6912872F20E7:t2, leader=s1, voted=s1, raftlog=Memoized:s0@group-6912872F20E7-SegmentedRaftLog:OPENED:c0, conf=0: peers:[s3|rpc:localhost:39579|admin:localhost:42243|client:localhost:33409|dataStream:localhost:46293|priority:0|startupRole:FOLLOWER, s4|rpc:localhost:45747|admin:localhost:35149|client:localhost:44435|dataStream:localhost:42993|priority:0|startupRole:FOLLOWER, s0|rpc:localhost:36179|admin:localhost:46501|client:localhost:36175|dataStream:localhost:33505|priority:0|startupRole:FOLLOWER, s1|rpc:localhost:36635|admin:localhost:41981|client:localhost:39775|dataStream:localhost:41297|priority:0|startupRole:FOLLOWER, s2|rpc:localhost:36969|admin:localhost:37929|client:localhost:40489|dataStream:localhost:38077|priority:0|startupRole:FOLLOWER]|listeners:[], old=null
2022-10-24 03:16:25,598 [s3@group-6912872F20E7-LeaderElection36] INFO  impl.LeaderElection (LeaderElection.java:logAndReturn(89)) - s3@group-6912872F20E7-LeaderElection36: PRE_VOTE REJECTED received 3 response(s) and 0 exception(s):
2022-10-24 03:16:25,598 [s3@group-6912872F20E7-LeaderElection36] INFO  impl.LeaderElection (LeaderElection.java:logAndReturn(93)) -   Response 0: s3<-s4#0:FAIL-t2
2022-10-24 03:16:25,598 [s3@group-6912872F20E7-LeaderElection36] INFO  impl.LeaderElection (LeaderElection.java:logAndReturn(93)) -   Response 1: s3<-s0#0:FAIL-t2
2022-10-24 03:16:25,598 [s3@group-6912872F20E7-LeaderElection36] INFO  impl.LeaderElection (LeaderElection.java:logAndReturn(93)) -   Response 2: s3<-s1#0:FAIL-t2
2022-10-24 03:16:25,599 [s3@group-6912872F20E7-LeaderElection36] INFO  impl.LeaderElection (LeaderElection.java:askForVotes(311)) - s3@group-6912872F20E7-LeaderElection36 PRE_VOTE round 0: result REJECTED
2022-10-24 03:16:25,599 [s3@group-6912872F20E7-LeaderElection36] INFO  server.RaftServer$Division (RaftServerImpl.java:setRole(325)) - s3@group-6912872F20E7: changes role from CANDIDATE to FOLLOWER at term 2 for REJECTED
2022-10-24 03:16:25,599 [s3@group-6912872F20E7-LeaderElection36] INFO  impl.RoleInfo (RoleInfo.java:shutdownLeaderElection(130)) - s3: shutdown s3@group-6912872F20E7-LeaderElection36
2022-10-24 03:16:25,599 [s3@group-6912872F20E7-LeaderElection36] INFO  impl.RoleInfo (RoleInfo.java:updateAndGet(139)) - s3: start s3@group-6912872F20E7-FollowerState
2022-10-24 03:16:25,600 [grpc-default-executor-34] INFO  server.RaftServer$Division (RaftServerImpl.java:requestVote(1291)) - s2@group-6912872F20E7: receive requestVote(PRE_VOTE, s3, group-6912872F20E7, 2, (t:1, i:0))
2022-10-24 03:16:25,600 [grpc-default-executor-34] INFO  impl.VoteContext (VoteContext.java:log(49)) - s2@group-6912872F20E7-FOLLOWER: reject PRE_VOTE from s3: this server is a follower and still has a valid leader s1
2022-10-24 03:16:25,600 [grpc-default-executor-34] INFO  server.RaftServer$Division (RaftServerImpl.java:requestVote(1324)) - s2@group-6912872F20E7 replies to PRE_VOTE vote request: s3<-s2#0:FAIL-t2. Peer's state: s2@group-6912872F20E7:t2, leader=s1, voted=s1, raftlog=Memoized:s2@group-6912872F20E7-SegmentedRaftLog:OPENED:c0, conf=0: peers:[s3|rpc:localhost:39579|admin:localhost:42243|client:localhost:33409|dataStream:localhost:46293|priority:0|startupRole:FOLLOWER, s4|rpc:localhost:45747|admin:localhost:35149|client:localhost:44435|dataStream:localhost:42993|priority:0|startupRole:FOLLOWER, s0|rpc:localhost:36179|admin:localhost:46501|client:localhost:36175|dataStream:localhost:33505|priority:0|startupRole:FOLLOWER, s1|rpc:localhost:36635|admin:localhost:41981|client:localhost:39775|dataStream:localhost:41297|priority:0|startupRole:FOLLOWER, s2|rpc:localhost:36969|admin:localhost:37929|client:localhost:40489|dataStream:localhost:38077|priority:0|startupRole:FOLLOWER]|listeners:[], old=null
2022-10-24 03:16:25,614 [s1@group-6912872F20E7->s4-GrpcLogAppender-LogAppenderDaemon] INFO  util.CodeInjectionForTesting (DelayLocalExecutionInjection.java:execute(65)) - s1 delay 150 ms, args=[serverRequest {
  requestorId: "s1"
  replyId: "s4"
  raftGroupId {
    id: "\226\001\321s\341\rE_\235\364i\022\207/ \347"
  }
  callId: 100
  slidingWindowEntry {
  }
}
leaderTerm: 2
previousLog {
  term: 2
}
initializing: true
commitInfos {
  server {
    id: "s1"
    address: "localhost:36635"
    dataStreamAddress: "localhost:41297"
    clientAddress: "localhost:39775"
    adminAddress: "localhost:41981"
    startupRole: FOLLOWER
  }
}
commitInfos {
  server {
    id: "s3"
    address: "localhost:39579"
    dataStreamAddress: "localhost:46293"
    clientAddress: "localhost:33409"
    adminAddress: "localhost:42243"
    startupRole: FOLLOWER
  }
}
commitInfos {
  server {
    id: "s4"
    address: "localhost:45747"
    dataStreamAddress: "localhost:42993"
    clientAddress: "localhost:44435"
    adminAddress: "localhost:35149"
    startupRole: FOLLOWER
  }
}
commitInfos {
  server {
    id: "s0"
    address: "localhost:36179"
    dataStreamAddress: "localhost:33505"
    clientAddress: "localhost:36175"
    adminAddress: "localhost:46501"
    startupRole: FOLLOWER
  }
}
commitInfos {
  server {
    id: "s2"
    address: "localhost:36969"
    dataStreamAddress: "localhost:38077"
    clientAddress: "localhost:40489"
    adminAddress: "localhost:37929"
    startupRole: FOLLOWER
  }
}
]
2022-10-24 03:16:25,685 [s1@group-6912872F20E7->s3-GrpcLogAppender-LogAppenderDaemon] INFO  util.CodeInjectionForTesting (DelayLocalExecutionInjection.java:execute(65)) - s1 delay 150 ms, args=[serverRequest {
  requestorId: "s1"
  replyId: "s3"
  raftGroupId {
    id: "\226\001\321s\341\rE_\235\364i\022\207/ \347"
  }
  callId: 199
  slidingWindowEntry {
  }
}
leaderTerm: 2
previousLog {
  term: 2
}
initializing: true
commitInfos {
  server {
    id: "s1"
    address: "localhost:36635"
    dataStreamAddress: "localhost:41297"
    clientAddress: "localhost:39775"
    adminAddress: "localhost:41981"
    startupRole: FOLLOWER
  }
}
commitInfos {
  server {
    id: "s3"
    address: "localhost:39579"
    dataStreamAddress: "localhost:46293"
    clientAddress: "localhost:33409"
    adminAddress: "localhost:42243"
    startupRole: FOLLOWER
  }
}
commitInfos {
  server {
    id: "s4"
    address: "localhost:45747"
    dataStreamAddress: "localhost:42993"
    clientAddress: "localhost:44435"
    adminAddress: "localhost:35149"
    startupRole: FOLLOWER
  }
}
commitInfos {
  server {
    id: "s0"
    address: "localhost:36179"
    dataStreamAddress: "localhost:33505"
    clientAddress: "localhost:36175"
    adminAddress: "localhost:46501"
    startupRole: FOLLOWER
  }
}
commitInfos {
  server {
    id: "s2"
    address: "localhost:36969"
    dataStreamAddress: "localhost:38077"
    clientAddress: "localhost:40489"
    adminAddress: "localhost:37929"
    startupRole: FOLLOWER
  }
}
]
2022-10-24 03:16:25,798 [Time-limited test] INFO  server.RaftServerConfigKeys (ConfUtils.java:logGet(46)) - raft.server.rpc.timeout.max = 300ms (default)
2022-10-24 03:16:25,837 [s3@group-6912872F20E7-FollowerState] INFO  impl.FollowerState (FollowerState.java:run(143)) - s3@group-6912872F20E7-FollowerState: change to CANDIDATE, lastRpcElapsedTime:238607312ns, electionTimeout:238ms
2022-10-24 03:16:25,837 [s3@group-6912872F20E7-FollowerState] INFO  impl.RoleInfo (RoleInfo.java:shutdownFollowerState(110)) - s3: shutdown s3@group-6912872F20E7-FollowerState
2022-10-24 03:16:25,837 [s3@group-6912872F20E7-FollowerState] INFO  server.RaftServer$Division (RaftServerImpl.java:setRole(325)) - s3@group-6912872F20E7: changes role from  FOLLOWER to CANDIDATE at term 2 for changeToCandidate
2022-10-24 03:16:25,838 [s3@group-6912872F20E7-FollowerState] INFO  server.RaftServerConfigKeys (ConfUtils.java:logGet(46)) - raft.server.leaderelection.pre-vote = true (default)
2022-10-24 03:16:25,838 [s3@group-6912872F20E7-FollowerState] INFO  impl.RoleInfo (RoleInfo.java:updateAndGet(139)) - s3: start s3@group-6912872F20E7-LeaderElection37
2022-10-24 03:16:25,838 [s3@group-6912872F20E7-LeaderElection37] INFO  impl.LeaderElection (LeaderElection.java:askForVotes(309)) - s3@group-6912872F20E7-LeaderElection37 PRE_VOTE round 0: submit vote requests at term 2 for 0: peers:[s3|rpc:localhost:39579|admin:localhost:42243|client:localhost:33409|dataStream:localhost:46293|priority:0|startupRole:FOLLOWER, s4|rpc:localhost:45747|admin:localhost:35149|client:localhost:44435|dataStream:localhost:42993|priority:0|startupRole:FOLLOWER, s0|rpc:localhost:36179|admin:localhost:46501|client:localhost:36175|dataStream:localhost:33505|priority:0|startupRole:FOLLOWER, s1|rpc:localhost:36635|admin:localhost:41981|client:localhost:39775|dataStream:localhost:41297|priority:0|startupRole:FOLLOWER, s2|rpc:localhost:36969|admin:localhost:37929|client:localhost:40489|dataStream:localhost:38077|priority:0|startupRole:FOLLOWER]|listeners:[], old=null
2022-10-24 03:16:25,841 [grpc-default-executor-34] INFO  server.RaftServer$Division (RaftServerImpl.java:requestVote(1291)) - s0@group-6912872F20E7: receive requestVote(PRE_VOTE, s3, group-6912872F20E7, 2, (t:1, i:0))
2022-10-24 03:16:25,841 [grpc-default-executor-34] INFO  impl.VoteContext (VoteContext.java:log(49)) - s0@group-6912872F20E7-FOLLOWER: reject PRE_VOTE from s3: this server is a follower and still has a valid leader s1
2022-10-24 03:16:25,841 [grpc-default-executor-34] INFO  server.RaftServer$Division (RaftServerImpl.java:requestVote(1324)) - s0@group-6912872F20E7 replies to PRE_VOTE vote request: s3<-s0#0:FAIL-t2. Peer's state: s0@group-6912872F20E7:t2, leader=s1, voted=s1, raftlog=Memoized:s0@group-6912872F20E7-SegmentedRaftLog:OPENED:c0, conf=0: peers:[s3|rpc:localhost:39579|admin:localhost:42243|client:localhost:33409|dataStream:localhost:46293|priority:0|startupRole:FOLLOWER, s4|rpc:localhost:45747|admin:localhost:35149|client:localhost:44435|dataStream:localhost:42993|priority:0|startupRole:FOLLOWER, s0|rpc:localhost:36179|admin:localhost:46501|client:localhost:36175|dataStream:localhost:33505|priority:0|startupRole:FOLLOWER, s1|rpc:localhost:36635|admin:localhost:41981|client:localhost:39775|dataStream:localhost:41297|priority:0|startupRole:FOLLOWER, s2|rpc:localhost:36969|admin:localhost:37929|client:localhost:40489|dataStream:localhost:38077|priority:0|startupRole:FOLLOWER]|listeners:[], old=null
2022-10-24 03:16:25,843 [grpc-default-executor-4] INFO  server.RaftServer$Division (RaftServerImpl.java:requestVote(1291)) - s4@group-6912872F20E7: receive requestVote(PRE_VOTE, s3, group-6912872F20E7, 2, (t:1, i:0))
2022-10-24 03:16:25,843 [grpc-default-executor-4] INFO  impl.VoteContext (VoteContext.java:log(49)) - s4@group-6912872F20E7-FOLLOWER: reject PRE_VOTE from s3: this server is a follower and still has a valid leader s1
2022-10-24 03:16:25,843 [grpc-default-executor-4] INFO  server.RaftServer$Division (RaftServerImpl.java:requestVote(1324)) - s4@group-6912872F20E7 replies to PRE_VOTE vote request: s3<-s4#0:FAIL-t2. Peer's state: s4@group-6912872F20E7:t2, leader=s1, voted=s1, raftlog=Memoized:s4@group-6912872F20E7-SegmentedRaftLog:OPENED:c0, conf=0: peers:[s3|rpc:localhost:39579|admin:localhost:42243|client:localhost:33409|dataStream:localhost:46293|priority:0|startupRole:FOLLOWER, s4|rpc:localhost:45747|admin:localhost:35149|client:localhost:44435|dataStream:localhost:42993|priority:0|startupRole:FOLLOWER, s0|rpc:localhost:36179|admin:localhost:46501|client:localhost:36175|dataStream:localhost:33505|priority:0|startupRole:FOLLOWER, s1|rpc:localhost:36635|admin:localhost:41981|client:localhost:39775|dataStream:localhost:41297|priority:0|startupRole:FOLLOWER, s2|rpc:localhost:36969|admin:localhost:37929|client:localhost:40489|dataStream:localhost:38077|priority:0|startupRole:FOLLOWER]|listeners:[], old=null
2022-10-24 03:16:25,844 [grpc-default-executor-8] INFO  server.RaftServer$Division (RaftServerImpl.java:requestVote(1291)) - s1@group-6912872F20E7: receive requestVote(PRE_VOTE, s3, group-6912872F20E7, 2, (t:1, i:0))
2022-10-24 03:16:25,845 [grpc-default-executor-8] INFO  impl.VoteContext (VoteContext.java:log(49)) - s1@group-6912872F20E7-LEADER: reject PRE_VOTE from s3: this server is the leader and still has leadership
2022-10-24 03:16:25,845 [grpc-default-executor-8] INFO  server.RaftServer$Division (RaftServerImpl.java:requestVote(1324)) - s1@group-6912872F20E7 replies to PRE_VOTE vote request: s3<-s1#0:FAIL-t2. Peer's state: s1@group-6912872F20E7:t2, leader=s1, voted=s1, raftlog=Memoized:s1@group-6912872F20E7-SegmentedRaftLog:OPENED:c0, conf=0: peers:[s3|rpc:localhost:39579|admin:localhost:42243|client:localhost:33409|dataStream:localhost:46293|priority:0|startupRole:FOLLOWER, s4|rpc:localhost:45747|admin:localhost:35149|client:localhost:44435|dataStream:localhost:42993|priority:0|startupRole:FOLLOWER, s0|rpc:localhost:36179|admin:localhost:46501|client:localhost:36175|dataStream:localhost:33505|priority:0|startupRole:FOLLOWER, s1|rpc:localhost:36635|admin:localhost:41981|client:localhost:39775|dataStream:localhost:41297|priority:0|startupRole:FOLLOWER, s2|rpc:localhost:36969|admin:localhost:37929|client:localhost:40489|dataStream:localhost:38077|priority:0|startupRole:FOLLOWER]|listeners:[], old=null
2022-10-24 03:16:25,845 [s3@group-6912872F20E7-LeaderElection37] INFO  impl.LeaderElection (LeaderElection.java:logAndReturn(89)) - s3@group-6912872F20E7-LeaderElection37: PRE_VOTE REJECTED received 3 response(s) and 0 exception(s):
2022-10-24 03:16:25,846 [s3@group-6912872F20E7-LeaderElection37] INFO  impl.LeaderElection (LeaderElection.java:logAndReturn(93)) -   Response 0: s3<-s4#0:FAIL-t2
2022-10-24 03:16:25,846 [s3@group-6912872F20E7-LeaderElection37] INFO  impl.LeaderElection (LeaderElection.java:logAndReturn(93)) -   Response 1: s3<-s0#0:FAIL-t2
2022-10-24 03:16:25,846 [s3@group-6912872F20E7-LeaderElection37] INFO  impl.LeaderElection (LeaderElection.java:logAndReturn(93)) -   Response 2: s3<-s1#0:FAIL-t2
2022-10-24 03:16:25,846 [s3@group-6912872F20E7-LeaderElection37] INFO  impl.LeaderElection (LeaderElection.java:askForVotes(311)) - s3@group-6912872F20E7-LeaderElection37 PRE_VOTE round 0: result REJECTED
2022-10-24 03:16:25,846 [s3@group-6912872F20E7-LeaderElection37] INFO  server.RaftServer$Division (RaftServerImpl.java:setRole(325)) - s3@group-6912872F20E7: changes role from CANDIDATE to FOLLOWER at term 2 for REJECTED
2022-10-24 03:16:25,846 [s3@group-6912872F20E7-LeaderElection37] INFO  impl.RoleInfo (RoleInfo.java:shutdownLeaderElection(130)) - s3: shutdown s3@group-6912872F20E7-LeaderElection37
2022-10-24 03:16:25,846 [s3@group-6912872F20E7-LeaderElection37] INFO  impl.RoleInfo (RoleInfo.java:updateAndGet(139)) - s3: start s3@group-6912872F20E7-FollowerState
2022-10-24 03:16:25,851 [grpc-default-executor-8] INFO  server.RaftServer$Division (RaftServerImpl.java:requestVote(1291)) - s2@group-6912872F20E7: receive requestVote(PRE_VOTE, s3, group-6912872F20E7, 2, (t:1, i:0))
2022-10-24 03:16:25,851 [grpc-default-executor-8] INFO  impl.VoteContext (VoteContext.java:log(49)) - s2@group-6912872F20E7-FOLLOWER: reject PRE_VOTE from s3: this server is a follower and still has a valid leader s1
2022-10-24 03:16:25,851 [grpc-default-executor-8] INFO  server.RaftServer$Division (RaftServerImpl.java:requestVote(1324)) - s2@group-6912872F20E7 replies to PRE_VOTE vote request: s3<-s2#0:FAIL-t2. Peer's state: s2@group-6912872F20E7:t2, leader=s1, voted=s1, raftlog=Memoized:s2@group-6912872F20E7-SegmentedRaftLog:OPENED:c0, conf=0: peers:[s3|rpc:localhost:39579|admin:localhost:42243|client:localhost:33409|dataStream:localhost:46293|priority:0|startupRole:FOLLOWER, s4|rpc:localhost:45747|admin:localhost:35149|client:localhost:44435|dataStream:localhost:42993|priority:0|startupRole:FOLLOWER, s0|rpc:localhost:36179|admin:localhost:46501|client:localhost:36175|dataStream:localhost:33505|priority:0|startupRole:FOLLOWER, s1|rpc:localhost:36635|admin:localhost:41981|client:localhost:39775|dataStream:localhost:41297|priority:0|startupRole:FOLLOWER, s2|rpc:localhost:36969|admin:localhost:37929|client:localhost:40489|dataStream:localhost:38077|priority:0|startupRole:FOLLOWER]|listeners:[], old=null
2022-10-24 03:16:25,973 [s3-server-thread1] INFO  util.CodeInjectionForTesting (BlockRequestHandlingInjection.java:execute(84)) - s3: unBlock request from s1
2022-10-24 03:16:25,973 [s3-server-thread1] INFO  server.RaftServer$Division (ServerState.java:setLeader(259)) - s3@group-6912872F20E7: change Leader from null to s1 at term 2 for appendEntries, leader elected after 835ms
2022-10-24 03:16:25,973 [s3-server-thread1] INFO  server.RaftServer$Division (RaftServerImpl.java:checkInconsistentAppendEntries(1599)) - s3@group-6912872F20E7: Failed appendEntries as previous log entry ((t:2, i:0)) is not found
2022-10-24 03:16:25,973 [s3-server-thread1] INFO  server.RaftServer$Division (RaftServerImpl.java:checkInconsistentAppendEntries(1569)) - s3@group-6912872F20E7: inconsistency entries. Reply:s1<-s3#195:FAIL-t2,INCONSISTENCY,nextIndex=0,followerCommit=0,matchIndex=-1
2022-10-24 03:16:25,974 [s3-server-thread1] INFO  server.RaftServer$Division (RaftServerImpl.java:checkInconsistentAppendEntries(1599)) - s3@group-6912872F20E7: Failed appendEntries as previous log entry ((t:2, i:0)) is not found
2022-10-24 03:16:25,974 [s3-server-thread1] INFO  server.RaftServer$Division (RaftServerImpl.java:checkInconsistentAppendEntries(1569)) - s3@group-6912872F20E7: inconsistency entries. Reply:s1<-s3#196:FAIL-t2,INCONSISTENCY,nextIndex=0,followerCommit=0,matchIndex=-1
2022-10-24 03:16:25,974 [grpc-default-executor-8] INFO  leader.FollowerInfo (FollowerInfoImpl.java:lambda$new$0(48)) - s1@group-6912872F20E7->s3: nextIndex: updateUnconditionally 1 -> 0
2022-10-24 03:16:25,975 [grpc-default-executor-15] INFO  leader.FollowerInfo (FollowerInfoImpl.java:lambda$new$0(48)) - s1@group-6912872F20E7->s3: nextIndex: updateUnconditionally 1 -> 0
2022-10-24 03:16:25,975 [s3-server-thread1] DEBUG server.RaftServer$Division (RaftServerImpl.java:logAppendEntries(1418)) - s3@group-6912872F20E7: receive appendEntries(s1, 2, null, 0, true, commits:[s1:c0, s3:c0, s4:c0, s0:c0, s2:c0], cId:203, entries: [(t:2, i:0), CONFIGURATIONENTRY(current:id: "s3"
address: "localhost:39579"
dataStreamAddress: "localhost:46293"
clientAddress: "localhost:33409"
adminAddress: "localhost:42243"
startupRole: FOLLOWER
,id: "s4"
address: "localhost:45747"
dataStreamAddress: "localhost:42993"
clientAddress: "localhost:44435"
adminAddress: "localhost:35149"
startupRole: FOLLOWER
,id: "s0"
address: "localhost:36179"
dataStreamAddress: "localhost:33505"
clientAddress: "localhost:36175"
adminAddress: "localhost:46501"
startupRole: FOLLOWER
,id: "s1"
address: "localhost:36635"
dataStreamAddress: "localhost:41297"
clientAddress: "localhost:39775"
adminAddress: "localhost:41981"
startupRole: FOLLOWER
,id: "s2"
address: "localhost:36969"
dataStreamAddress: "localhost:38077"
clientAddress: "localhost:40489"
adminAddress: "localhost:37929"
startupRole: FOLLOWER
, old:)]
2022-10-24 03:16:25,975 [s3-server-thread1] INFO  server.RaftServer$Division (RaftServerImpl.java:checkInconsistentAppendEntries(1589)) - s3@group-6912872F20E7: Failed appendEntries as the first entry (index 0) already exists (snapshotIndex: -1, commitIndex: 0)
2022-10-24 03:16:25,975 [s3-server-thread1] INFO  server.RaftServer$Division (RaftServerImpl.java:checkInconsistentAppendEntries(1569)) - s3@group-6912872F20E7: inconsistency entries. Reply:s1<-s3#203:FAIL-t2,INCONSISTENCY,nextIndex=1,followerCommit=0,matchIndex=-1
2022-10-24 03:16:25,976 [s3-server-thread1] INFO  server.RaftServer$Division (RaftServerImpl.java:checkInconsistentAppendEntries(1599)) - s3@group-6912872F20E7: Failed appendEntries as previous log entry ((t:2, i:0)) is not found
2022-10-24 03:16:25,976 [s3-server-thread1] INFO  server.RaftServer$Division (RaftServerImpl.java:checkInconsistentAppendEntries(1569)) - s3@group-6912872F20E7: inconsistency entries. Reply:s1<-s3#197:FAIL-t2,INCONSISTENCY,nextIndex=0,followerCommit=0,matchIndex=-1
2022-10-24 03:16:25,976 [grpc-default-executor-8] INFO  leader.FollowerInfo (FollowerInfoImpl.java:lambda$new$0(48)) - s1@group-6912872F20E7->s3: nextIndex: updateUnconditionally 1 -> 1
2022-10-24 03:16:25,977 [s3-server-thread1] INFO  server.RaftServer$Division (RaftServerImpl.java:checkInconsistentAppendEntries(1599)) - s3@group-6912872F20E7: Failed appendEntries as previous log entry ((t:2, i:0)) is not found
2022-10-24 03:16:25,977 [s3-server-thread3] DEBUG server.RaftServer$Division (RaftServerImpl.java:logAppendEntries(1418)) - s3@group-6912872F20E7: receive appendEntries(s1, 2, null, 0, true, commits:[s1:c0, s3:c0, s4:c0, s0:c0, s2:c0], cId:204, entries: [(t:2, i:0), CONFIGURATIONENTRY(current:id: "s3"
address: "localhost:39579"
dataStreamAddress: "localhost:46293"
clientAddress: "localhost:33409"
adminAddress: "localhost:42243"
startupRole: FOLLOWER
,id: "s4"
address: "localhost:45747"
dataStreamAddress: "localhost:42993"
clientAddress: "localhost:44435"
adminAddress: "localhost:35149"
startupRole: FOLLOWER
,id: "s0"
address: "localhost:36179"
dataStreamAddress: "localhost:33505"
clientAddress: "localhost:36175"
adminAddress: "localhost:46501"
startupRole: FOLLOWER
,id: "s1"
address: "localhost:36635"
dataStreamAddress: "localhost:41297"
clientAddress: "localhost:39775"
adminAddress: "localhost:41981"
startupRole: FOLLOWER
,id: "s2"
address: "localhost:36969"
dataStreamAddress: "localhost:38077"
clientAddress: "localhost:40489"
adminAddress: "localhost:37929"
startupRole: FOLLOWER
, old:)]
2022-10-24 03:16:25,977 [s3-server-thread1] INFO  server.RaftServer$Division (RaftServerImpl.java:checkInconsistentAppendEntries(1569)) - s3@group-6912872F20E7: inconsistency entries. Reply:s1<-s3#198:FAIL-t2,INCONSISTENCY,nextIndex=0,followerCommit=0,matchIndex=-1
2022-10-24 03:16:25,977 [s3-server-thread3] INFO  server.RaftServer$Division (RaftServerImpl.java:checkInconsistentAppendEntries(1589)) - s3@group-6912872F20E7: Failed appendEntries as the first entry (index 0) already exists (snapshotIndex: -1, commitIndex: 0)
2022-10-24 03:16:25,977 [s3-server-thread3] INFO  server.RaftServer$Division (RaftServerImpl.java:checkInconsistentAppendEntries(1569)) - s3@group-6912872F20E7: inconsistency entries. Reply:s1<-s3#204:FAIL-t2,INCONSISTENCY,nextIndex=1,followerCommit=0,matchIndex=-1
2022-10-24 03:16:25,977 [s3-server-thread3] INFO  server.RaftServer$Division (RaftServerImpl.java:checkInconsistentAppendEntries(1599)) - s3@group-6912872F20E7: Failed appendEntries as previous log entry ((t:2, i:0)) is not found
2022-10-24 03:16:25,977 [s3-server-thread3] INFO  server.RaftServer$Division (RaftServerImpl.java:checkInconsistentAppendEntries(1569)) - s3@group-6912872F20E7: inconsistency entries. Reply:s1<-s3#199:FAIL-t2,INCONSISTENCY,nextIndex=0,followerCommit=0,matchIndex=-1
2022-10-24 03:16:25,978 [grpc-default-executor-4] INFO  leader.FollowerInfo (FollowerInfoImpl.java:lambda$new$0(48)) - s1@group-6912872F20E7->s3: nextIndex: updateUnconditionally 1 -> 0
2022-10-24 03:16:25,978 [grpc-default-executor-15] INFO  leader.FollowerInfo (FollowerInfoImpl.java:lambda$new$0(48)) - s1@group-6912872F20E7->s3: nextIndex: updateUnconditionally 0 -> 1
2022-10-24 03:16:25,978 [grpc-default-executor-15] INFO  leader.FollowerInfo (FollowerInfoImpl.java:lambda$new$0(48)) - s1@group-6912872F20E7->s3: nextIndex: updateUnconditionally 1 -> 0
2022-10-24 03:16:25,979 [s3-server-thread3] DEBUG server.RaftServer$Division (RaftServerImpl.java:logAppendEntries(1418)) - s3@group-6912872F20E7: receive appendEntries(s1, 2, null, 0, true, commits:[s1:c0, s3:c0, s4:c0, s0:c0, s2:c0], cId:205, entries: [(t:2, i:0), CONFIGURATIONENTRY(current:id: "s3"
address: "localhost:39579"
dataStreamAddress: "localhost:46293"
clientAddress: "localhost:33409"
adminAddress: "localhost:42243"
startupRole: FOLLOWER
,id: "s4"
address: "localhost:45747"
dataStreamAddress: "localhost:42993"
clientAddress: "localhost:44435"
adminAddress: "localhost:35149"
startupRole: FOLLOWER
,id: "s0"
address: "localhost:36179"
dataStreamAddress: "localhost:33505"
clientAddress: "localhost:36175"
adminAddress: "localhost:46501"
startupRole: FOLLOWER
,id: "s1"
address: "localhost:36635"
dataStreamAddress: "localhost:41297"
clientAddress: "localhost:39775"
adminAddress: "localhost:41981"
startupRole: FOLLOWER
,id: "s2"
address: "localhost:36969"
dataStreamAddress: "localhost:38077"
clientAddress: "localhost:40489"
adminAddress: "localhost:37929"
startupRole: FOLLOWER
, old:)]
2022-10-24 03:16:25,980 [s3-server-thread3] INFO  server.RaftServer$Division (RaftServerImpl.java:checkInconsistentAppendEntries(1589)) - s3@group-6912872F20E7: Failed appendEntries as the first entry (index 0) already exists (snapshotIndex: -1, commitIndex: 0)
2022-10-24 03:16:25,980 [s3-server-thread3] INFO  server.RaftServer$Division (RaftServerImpl.java:checkInconsistentAppendEntries(1569)) - s3@group-6912872F20E7: inconsistency entries. Reply:s1<-s3#205:FAIL-t2,INCONSISTENCY,nextIndex=1,followerCommit=0,matchIndex=-1
2022-10-24 03:16:25,980 [grpc-default-executor-4] INFO  leader.FollowerInfo (FollowerInfoImpl.java:lambda$new$0(48)) - s1@group-6912872F20E7->s3: nextIndex: updateUnconditionally 1 -> 1
2022-10-24 03:16:25,980 [grpc-default-executor-8] INFO  leader.FollowerInfo (FollowerInfoImpl.java:lambda$new$0(48)) - s1@group-6912872F20E7->s3: nextIndex: updateUnconditionally 1 -> 0
2022-10-24 03:16:25,980 [s3-server-thread3] INFO  server.RaftServer$Division (RaftServerImpl.java:checkInconsistentAppendEntries(1599)) - s3@group-6912872F20E7: Failed appendEntries as previous log entry ((t:2, i:0)) is not found
2022-10-24 03:16:25,980 [s3-server-thread3] INFO  server.RaftServer$Division (RaftServerImpl.java:checkInconsistentAppendEntries(1569)) - s3@group-6912872F20E7: inconsistency entries. Reply:s1<-s3#200:FAIL-t2,INCONSISTENCY,nextIndex=0,followerCommit=0,matchIndex=-1
2022-10-24 03:16:25,981 [grpc-default-executor-4] INFO  leader.FollowerInfo (FollowerInfoImpl.java:lambda$new$0(48)) - s1@group-6912872F20E7->s3: nextIndex: updateUnconditionally 1 -> 0
2022-10-24 03:16:25,981 [s3-server-thread3] DEBUG server.RaftServer$Division (RaftServerImpl.java:logAppendEntries(1418)) - s3@group-6912872F20E7: receive appendEntries(s1, 2, null, 0, true, commits:[s1:c0, s3:c0, s4:c0, s0:c0, s2:c0], cId:206, entries: [(t:2, i:0), CONFIGURATIONENTRY(current:id: "s3"
address: "localhost:39579"
dataStreamAddress: "localhost:46293"
clientAddress: "localhost:33409"
adminAddress: "localhost:42243"
startupRole: FOLLOWER
,id: "s4"
address: "localhost:45747"
dataStreamAddress: "localhost:42993"
clientAddress: "localhost:44435"
adminAddress: "localhost:35149"
startupRole: FOLLOWER
,id: "s0"
address: "localhost:36179"
dataStreamAddress: "localhost:33505"
clientAddress: "localhost:36175"
adminAddress: "localhost:46501"
startupRole: FOLLOWER
,id: "s1"
address: "localhost:36635"
dataStreamAddress: "localhost:41297"
clientAddress: "localhost:39775"
adminAddress: "localhost:41981"
startupRole: FOLLOWER
,id: "s2"
address: "localhost:36969"
dataStreamAddress: "localhost:38077"
clientAddress: "localhost:40489"
adminAddress: "localhost:37929"
startupRole: FOLLOWER
, old:)]
2022-10-24 03:16:25,981 [s3-server-thread3] INFO  server.RaftServer$Division (RaftServerImpl.java:checkInconsistentAppendEntries(1589)) - s3@group-6912872F20E7: Failed appendEntries as the first entry (index 0) already exists (snapshotIndex: -1, commitIndex: 0)
2022-10-24 03:16:25,981 [s3-server-thread3] INFO  server.RaftServer$Division (RaftServerImpl.java:checkInconsistentAppendEntries(1569)) - s3@group-6912872F20E7: inconsistency entries. Reply:s1<-s3#206:FAIL-t2,INCONSISTENCY,nextIndex=1,followerCommit=0,matchIndex=-1
2022-10-24 03:16:25,981 [s3-server-thread1] INFO  server.RaftServer$Division (RaftServerImpl.java:checkInconsistentAppendEntries(1599)) - s3@group-6912872F20E7: Failed appendEntries as previous log entry ((t:2, i:0)) is not found
2022-10-24 03:16:25,981 [s3-server-thread1] INFO  server.RaftServer$Division (RaftServerImpl.java:checkInconsistentAppendEntries(1569)) - s3@group-6912872F20E7: inconsistency entries. Reply:s1<-s3#201:FAIL-t2,INCONSISTENCY,nextIndex=0,followerCommit=0,matchIndex=-1
2022-10-24 03:16:25,982 [s3-server-thread1] INFO  server.RaftServer$Division (RaftServerImpl.java:checkInconsistentAppendEntries(1599)) - s3@group-6912872F20E7: Failed appendEntries as previous log entry ((t:2, i:0)) is not found
2022-10-24 03:16:25,982 [s3-server-thread1] INFO  server.RaftServer$Division (RaftServerImpl.java:checkInconsistentAppendEntries(1569)) - s3@group-6912872F20E7: inconsistency entries. Reply:s1<-s3#202:FAIL-t2,INCONSISTENCY,nextIndex=0,followerCommit=0,matchIndex=-1
2022-10-24 03:16:25,982 [grpc-default-executor-8] INFO  leader.FollowerInfo (FollowerInfoImpl.java:lambda$new$0(48)) - s1@group-6912872F20E7->s3: nextIndex: updateUnconditionally 1 -> 0
2022-10-24 03:16:25,982 [grpc-default-executor-15] INFO  leader.FollowerInfo (FollowerInfoImpl.java:lambda$new$0(48)) - s1@group-6912872F20E7->s3: nextIndex: updateUnconditionally 0 -> 1
2022-10-24 03:16:25,983 [grpc-default-executor-15] INFO  leader.FollowerInfo (FollowerInfoImpl.java:lambda$new$0(48)) - s1@group-6912872F20E7->s3: nextIndex: updateUnconditionally 1 -> 0
2022-10-24 03:16:25,983 [s3-server-thread1] DEBUG server.RaftServer$Division (RaftServerImpl.java:logAppendEntries(1418)) - s3@group-6912872F20E7: receive appendEntries(s1, 2, null, 0, true, commits:[s1:c0, s3:c0, s4:c0, s0:c0, s2:c0], cId:207, entries: [(t:2, i:0), CONFIGURATIONENTRY(current:id: "s3"
address: "localhost:39579"
dataStreamAddress: "localhost:46293"
clientAddress: "localhost:33409"
adminAddress: "localhost:42243"
startupRole: FOLLOWER
,id: "s4"
address: "localhost:45747"
dataStreamAddress: "localhost:42993"
clientAddress: "localhost:44435"
adminAddress: "localhost:35149"
startupRole: FOLLOWER
,id: "s0"
address: "localhost:36179"
dataStreamAddress: "localhost:33505"
clientAddress: "localhost:36175"
adminAddress: "localhost:46501"
startupRole: FOLLOWER
,id: "s1"
address: "localhost:36635"
dataStreamAddress: "localhost:41297"
clientAddress: "localhost:39775"
adminAddress: "localhost:41981"
startupRole: FOLLOWER
,id: "s2"
address: "localhost:36969"
dataStreamAddress: "localhost:38077"
clientAddress: "localhost:40489"
adminAddress: "localhost:37929"
startupRole: FOLLOWER
, old:)]
2022-10-24 03:16:25,983 [s3-server-thread1] INFO  server.RaftServer$Division (RaftServerImpl.java:checkInconsistentAppendEntries(1589)) - s3@group-6912872F20E7: Failed appendEntries as the first entry (index 0) already exists (snapshotIndex: -1, commitIndex: 0)
2022-10-24 03:16:25,983 [s3-server-thread1] INFO  server.RaftServer$Division (RaftServerImpl.java:checkInconsistentAppendEntries(1569)) - s3@group-6912872F20E7: inconsistency entries. Reply:s1<-s3#207:FAIL-t2,INCONSISTENCY,nextIndex=1,followerCommit=0,matchIndex=-1
2022-10-24 03:16:25,984 [grpc-default-executor-15] INFO  leader.FollowerInfo (FollowerInfoImpl.java:lambda$new$0(48)) - s1@group-6912872F20E7->s3: nextIndex: updateUnconditionally 1 -> 1
2022-10-24 03:16:25,984 [s3-server-thread1] DEBUG server.RaftServer$Division (RaftServerImpl.java:logAppendEntries(1418)) - s3@group-6912872F20E7: receive appendEntries(s1, 2, null, 0, true, commits:[s1:c0, s3:c0, s4:c0, s0:c0, s2:c0], cId:208, entries: [(t:2, i:0), CONFIGURATIONENTRY(current:id: "s3"
address: "localhost:39579"
dataStreamAddress: "localhost:46293"
clientAddress: "localhost:33409"
adminAddress: "localhost:42243"
startupRole: FOLLOWER
,id: "s4"
address: "localhost:45747"
dataStreamAddress: "localhost:42993"
clientAddress: "localhost:44435"
adminAddress: "localhost:35149"
startupRole: FOLLOWER
,id: "s0"
address: "localhost:36179"
dataStreamAddress: "localhost:33505"
clientAddress: "localhost:36175"
adminAddress: "localhost:46501"
startupRole: FOLLOWER
,id: "s1"
address: "localhost:36635"
dataStreamAddress: "localhost:41297"
clientAddress: "localhost:39775"
adminAddress: "localhost:41981"
startupRole: FOLLOWER
,id: "s2"
address: "localhost:36969"
dataStreamAddress: "localhost:38077"
clientAddress: "localhost:40489"
adminAddress: "localhost:37929"
startupRole: FOLLOWER
, old:)]
2022-10-24 03:16:25,984 [s3-server-thread1] INFO  server.RaftServer$Division (RaftServerImpl.java:checkInconsistentAppendEntries(1589)) - s3@group-6912872F20E7: Failed appendEntries as the first entry (index 0) already exists (snapshotIndex: -1, commitIndex: 0)
2022-10-24 03:16:25,984 [s3-server-thread1] INFO  server.RaftServer$Division (RaftServerImpl.java:checkInconsistentAppendEntries(1569)) - s3@group-6912872F20E7: inconsistency entries. Reply:s1<-s3#208:FAIL-t2,INCONSISTENCY,nextIndex=1,followerCommit=0,matchIndex=-1
2022-10-24 03:16:25,985 [grpc-default-executor-15] INFO  leader.FollowerInfo (FollowerInfoImpl.java:lambda$new$0(48)) - s1@group-6912872F20E7->s3: nextIndex: updateUnconditionally 1 -> 1
2022-10-24 03:16:26,060 [s3-server-thread1] INFO  server.RaftServer$Division (RaftServerImpl.java:checkInconsistentAppendEntries(1599)) - s3@group-6912872F20E7: Failed appendEntries as previous log entry ((t:2, i:0)) is not found
2022-10-24 03:16:26,061 [s3-server-thread1] INFO  server.RaftServer$Division (RaftServerImpl.java:checkInconsistentAppendEntries(1569)) - s3@group-6912872F20E7: inconsistency entries. Reply:s1<-s3#209:FAIL-t2,INCONSISTENCY,nextIndex=0,followerCommit=0,matchIndex=-1
2022-10-24 03:16:26,061 [grpc-default-executor-15] INFO  leader.FollowerInfo (FollowerInfoImpl.java:lambda$new$0(48)) - s1@group-6912872F20E7->s3: nextIndex: updateUnconditionally 1 -> 0
2022-10-24 03:16:26,062 [s3-server-thread1] DEBUG server.RaftServer$Division (RaftServerImpl.java:logAppendEntries(1418)) - s3@group-6912872F20E7: receive appendEntries(s1, 2, null, 0, true, commits:[s1:c0, s3:c0, s4:c0, s0:c0, s2:c0], cId:210, entries: [(t:2, i:0), CONFIGURATIONENTRY(current:id: "s3"
address: "localhost:39579"
dataStreamAddress: "localhost:46293"
clientAddress: "localhost:33409"
adminAddress: "localhost:42243"
startupRole: FOLLOWER
,id: "s4"
address: "localhost:45747"
dataStreamAddress: "localhost:42993"
clientAddress: "localhost:44435"
adminAddress: "localhost:35149"
startupRole: FOLLOWER
,id: "s0"
address: "localhost:36179"
dataStreamAddress: "localhost:33505"
clientAddress: "localhost:36175"
adminAddress: "localhost:46501"
startupRole: FOLLOWER
,id: "s1"
address: "localhost:36635"
dataStreamAddress: "localhost:41297"
clientAddress: "localhost:39775"
adminAddress: "localhost:41981"
startupRole: FOLLOWER
,id: "s2"
address: "localhost:36969"
dataStreamAddress: "localhost:38077"
clientAddress: "localhost:40489"
adminAddress: "localhost:37929"
startupRole: FOLLOWER
, old:)]
2022-10-24 03:16:26,062 [s3-server-thread1] INFO  server.RaftServer$Division (RaftServerImpl.java:checkInconsistentAppendEntries(1589)) - s3@group-6912872F20E7: Failed appendEntries as the first entry (index 0) already exists (snapshotIndex: -1, commitIndex: 0)
2022-10-24 03:16:26,062 [s3-server-thread1] INFO  server.RaftServer$Division (RaftServerImpl.java:checkInconsistentAppendEntries(1569)) - s3@group-6912872F20E7: inconsistency entries. Reply:s1<-s3#210:FAIL-t2,INCONSISTENCY,nextIndex=1,followerCommit=0,matchIndex=-1
2022-10-24 03:16:26,062 [grpc-default-executor-15] INFO  leader.FollowerInfo (FollowerInfoImpl.java:lambda$new$0(48)) - s1@group-6912872F20E7->s3: nextIndex: updateUnconditionally 1 -> 1
2022-10-24 03:16:26,138 [s3-server-thread1] INFO  server.RaftServer$Division (RaftServerImpl.java:checkInconsistentAppendEntries(1599)) - s3@group-6912872F20E7: Failed appendEntries as previous log entry ((t:2, i:0)) is not found
2022-10-24 03:16:26,138 [s3-server-thread1] INFO  server.RaftServer$Division (RaftServerImpl.java:checkInconsistentAppendEntries(1569)) - s3@group-6912872F20E7: inconsistency entries. Reply:s1<-s3#211:FAIL-t2,INCONSISTENCY,nextIndex=0,followerCommit=0,matchIndex=-1
2022-10-24 03:16:26,139 [grpc-default-executor-15] INFO  leader.FollowerInfo (FollowerInfoImpl.java:lambda$new$0(48)) - s1@group-6912872F20E7->s3: nextIndex: updateUnconditionally 1 -> 0
2022-10-24 03:16:26,140 [s3-server-thread1] DEBUG server.RaftServer$Division (RaftServerImpl.java:logAppendEntries(1418)) - s3@group-6912872F20E7: receive appendEntries(s1, 2, null, 0, true, commits:[s1:c0, s3:c0, s4:c0, s0:c0, s2:c0], cId:212, entries: [(t:2, i:0), CONFIGURATIONENTRY(current:id: "s3"
address: "localhost:39579"
dataStreamAddress: "localhost:46293"
clientAddress: "localhost:33409"
adminAddress: "localhost:42243"
startupRole: FOLLOWER
,id: "s4"
address: "localhost:45747"
dataStreamAddress: "localhost:42993"
clientAddress: "localhost:44435"
adminAddress: "localhost:35149"
startupRole: FOLLOWER
,id: "s0"
address: "localhost:36179"
dataStreamAddress: "localhost:33505"
clientAddress: "localhost:36175"
adminAddress: "localhost:46501"
startupRole: FOLLOWER
,id: "s1"
address: "localhost:36635"
dataStreamAddress: "localhost:41297"
clientAddress: "localhost:39775"
adminAddress: "localhost:41981"
startupRole: FOLLOWER
,id: "s2"
address: "localhost:36969"
dataStreamAddress: "localhost:38077"
clientAddress: "localhost:40489"
adminAddress: "localhost:37929"
startupRole: FOLLOWER
, old:)]
2022-10-24 03:16:26,140 [s3-server-thread1] INFO  server.RaftServer$Division (RaftServerImpl.java:checkInconsistentAppendEntries(1589)) - s3@group-6912872F20E7: Failed appendEntries as the first entry (index 0) already exists (snapshotIndex: -1, commitIndex: 0)
2022-10-24 03:16:26,140 [s3-server-thread1] INFO  server.RaftServer$Division (RaftServerImpl.java:checkInconsistentAppendEntries(1569)) - s3@group-6912872F20E7: inconsistency entries. Reply:s1<-s3#212:FAIL-t2,INCONSISTENCY,nextIndex=1,followerCommit=0,matchIndex=-1
2022-10-24 03:16:26,141 [grpc-default-executor-15] INFO  leader.FollowerInfo (FollowerInfoImpl.java:lambda$new$0(48)) - s1@group-6912872F20E7->s3: nextIndex: updateUnconditionally 1 -> 1
2022-10-24 03:16:26,218 [s3-server-thread1] INFO  server.RaftServer$Division (RaftServerImpl.java:checkInconsistentAppendEntries(1599)) - s3@group-6912872F20E7: Failed appendEntries as previous log entry ((t:2, i:0)) is not found
2022-10-24 03:16:26,218 [s3-server-thread1] INFO  server.RaftServer$Division (RaftServerImpl.java:checkInconsistentAppendEntries(1569)) - s3@group-6912872F20E7: inconsistency entries. Reply:s1<-s3#213:FAIL-t2,INCONSISTENCY,nextIndex=0,followerCommit=0,matchIndex=-1
2022-10-24 03:16:26,218 [grpc-default-executor-15] INFO  leader.FollowerInfo (FollowerInfoImpl.java:lambda$new$0(48)) - s1@group-6912872F20E7->s3: nextIndex: updateUnconditionally 1 -> 0
2022-10-24 03:16:26,219 [s3-server-thread1] DEBUG server.RaftServer$Division (RaftServerImpl.java:logAppendEntries(1418)) - s3@group-6912872F20E7: receive appendEntries(s1, 2, null, 0, true, commits:[s1:c0, s3:c0, s4:c0, s0:c0, s2:c0], cId:214, entries: [(t:2, i:0), CONFIGURATIONENTRY(current:id: "s3"
address: "localhost:39579"
dataStreamAddress: "localhost:46293"
clientAddress: "localhost:33409"
adminAddress: "localhost:42243"
startupRole: FOLLOWER
,id: "s4"
address: "localhost:45747"
dataStreamAddress: "localhost:42993"
clientAddress: "localhost:44435"
adminAddress: "localhost:35149"
startupRole: FOLLOWER
,id: "s0"
address: "localhost:36179"
dataStreamAddress: "localhost:33505"
clientAddress: "localhost:36175"
adminAddress: "localhost:46501"
startupRole: FOLLOWER
,id: "s1"
address: "localhost:36635"
dataStreamAddress: "localhost:41297"
clientAddress: "localhost:39775"
adminAddress: "localhost:41981"
startupRole: FOLLOWER
,id: "s2"
address: "localhost:36969"
dataStreamAddress: "localhost:38077"
clientAddress: "localhost:40489"
adminAddress: "localhost:37929"
startupRole: FOLLOWER
, old:)]
2022-10-24 03:16:26,219 [s3-server-thread1] INFO  server.RaftServer$Division (RaftServerImpl.java:checkInconsistentAppendEntries(1589)) - s3@group-6912872F20E7: Failed appendEntries as the first entry (index 0) already exists (snapshotIndex: -1, commitIndex: 0)
2022-10-24 03:16:26,219 [s3-server-thread1] INFO  server.RaftServer$Division (RaftServerImpl.java:checkInconsistentAppendEntries(1569)) - s3@group-6912872F20E7: inconsistency entries. Reply:s1<-s3#214:FAIL-t2,INCONSISTENCY,nextIndex=1,followerCommit=0,matchIndex=-1
2022-10-24 03:16:26,219 [grpc-default-executor-15] INFO  leader.FollowerInfo (FollowerInfoImpl.java:lambda$new$0(48)) - s1@group-6912872F20E7->s3: nextIndex: updateUnconditionally 1 -> 1
2022-10-24 03:16:26,296 [s3-server-thread1] INFO  server.RaftServer$Division (RaftServerImpl.java:checkInconsistentAppendEntries(1599)) - s3@group-6912872F20E7: Failed appendEntries as previous log entry ((t:2, i:0)) is not found
2022-10-24 03:16:26,296 [s3-server-thread1] INFO  server.RaftServer$Division (RaftServerImpl.java:checkInconsistentAppendEntries(1569)) - s3@group-6912872F20E7: inconsistency entries. Reply:s1<-s3#215:FAIL-t2,INCONSISTENCY,nextIndex=0,followerCommit=0,matchIndex=-1
2022-10-24 03:16:26,296 [grpc-default-executor-15] INFO  leader.FollowerInfo (FollowerInfoImpl.java:lambda$new$0(48)) - s1@group-6912872F20E7->s3: nextIndex: updateUnconditionally 1 -> 0
2022-10-24 03:16:26,297 [s3-server-thread1] DEBUG server.RaftServer$Division (RaftServerImpl.java:logAppendEntries(1418)) - s3@group-6912872F20E7: receive appendEntries(s1, 2, null, 0, true, commits:[s1:c0, s3:c0, s4:c0, s0:c0, s2:c0], cId:216, entries: [(t:2, i:0), CONFIGURATIONENTRY(current:id: "s3"
address: "localhost:39579"
dataStreamAddress: "localhost:46293"
clientAddress: "localhost:33409"
adminAddress: "localhost:42243"
startupRole: FOLLOWER
,id: "s4"
address: "localhost:45747"
dataStreamAddress: "localhost:42993"
clientAddress: "localhost:44435"
adminAddress: "localhost:35149"
startupRole: FOLLOWER
,id: "s0"
address: "localhost:36179"
dataStreamAddress: "localhost:33505"
clientAddress: "localhost:36175"
adminAddress: "localhost:46501"
startupRole: FOLLOWER
,id: "s1"
address: "localhost:36635"
dataStreamAddress: "localhost:41297"
clientAddress: "localhost:39775"
adminAddress: "localhost:41981"
startupRole: FOLLOWER
,id: "s2"
address: "localhost:36969"
dataStreamAddress: "localhost:38077"
clientAddress: "localhost:40489"
adminAddress: "localhost:37929"
startupRole: FOLLOWER
, old:)]
2022-10-24 03:16:26,297 [s3-server-thread1] INFO  server.RaftServer$Division (RaftServerImpl.java:checkInconsistentAppendEntries(1589)) - s3@group-6912872F20E7: Failed appendEntries as the first entry (index 0) already exists (snapshotIndex: -1, commitIndex: 0)
2022-10-24 03:16:26,297 [s3-server-thread1] INFO  server.RaftServer$Division (RaftServerImpl.java:checkInconsistentAppendEntries(1569)) - s3@group-6912872F20E7: inconsistency entries. Reply:s1<-s3#216:FAIL-t2,INCONSISTENCY,nextIndex=1,followerCommit=0,matchIndex=-1
2022-10-24 03:16:26,297 [grpc-default-executor-15] INFO  leader.FollowerInfo (FollowerInfoImpl.java:lambda$new$0(48)) - s1@group-6912872F20E7->s3: nextIndex: updateUnconditionally 1 -> 1
2022-10-24 03:16:26,374 [s3-server-thread1] INFO  server.RaftServer$Division (RaftServerImpl.java:checkInconsistentAppendEntries(1599)) - s3@group-6912872F20E7: Failed appendEntries as previous log entry ((t:2, i:0)) is not found
2022-10-24 03:16:26,374 [s3-server-thread1] INFO  server.RaftServer$Division (RaftServerImpl.java:checkInconsistentAppendEntries(1569)) - s3@group-6912872F20E7: inconsistency entries. Reply:s1<-s3#217:FAIL-t2,INCONSISTENCY,nextIndex=0,followerCommit=0,matchIndex=-1
2022-10-24 03:16:26,374 [grpc-default-executor-15] INFO  leader.FollowerInfo (FollowerInfoImpl.java:lambda$new$0(48)) - s1@group-6912872F20E7->s3: nextIndex: updateUnconditionally 1 -> 0
2022-10-24 03:16:26,375 [s3-server-thread1] DEBUG server.RaftServer$Division (RaftServerImpl.java:logAppendEntries(1418)) - s3@group-6912872F20E7: receive appendEntries(s1, 2, null, 0, true, commits:[s1:c0, s3:c0, s4:c0, s0:c0, s2:c0], cId:218, entries: [(t:2, i:0), CONFIGURATIONENTRY(current:id: "s3"
address: "localhost:39579"
dataStreamAddress: "localhost:46293"
clientAddress: "localhost:33409"
adminAddress: "localhost:42243"
startupRole: FOLLOWER
,id: "s4"
address: "localhost:45747"
dataStreamAddress: "localhost:42993"
clientAddress: "localhost:44435"
adminAddress: "localhost:35149"
startupRole: FOLLOWER
,id: "s0"
address: "localhost:36179"
dataStreamAddress: "localhost:33505"
clientAddress: "localhost:36175"
adminAddress: "localhost:46501"
startupRole: FOLLOWER
,id: "s1"
address: "localhost:36635"
dataStreamAddress: "localhost:41297"
clientAddress: "localhost:39775"
adminAddress: "localhost:41981"
startupRole: FOLLOWER
,id: "s2"
address: "localhost:36969"
dataStreamAddress: "localhost:38077"
clientAddress: "localhost:40489"
adminAddress: "localhost:37929"
startupRole: FOLLOWER
, old:)]
2022-10-24 03:16:26,375 [s3-server-thread1] INFO  server.RaftServer$Division (RaftServerImpl.java:checkInconsistentAppendEntries(1589)) - s3@group-6912872F20E7: Failed appendEntries as the first entry (index 0) already exists (snapshotIndex: -1, commitIndex: 0)
2022-10-24 03:16:26,375 [s3-server-thread1] INFO  server.RaftServer$Division (RaftServerImpl.java:checkInconsistentAppendEntries(1569)) - s3@group-6912872F20E7: inconsistency entries. Reply:s1<-s3#218:FAIL-t2,INCONSISTENCY,nextIndex=1,followerCommit=0,matchIndex=-1
2022-10-24 03:16:26,375 [grpc-default-executor-15] INFO  leader.FollowerInfo (FollowerInfoImpl.java:lambda$new$0(48)) - s1@group-6912872F20E7->s3: nextIndex: updateUnconditionally 1 -> 1
2022-10-24 03:16:26,452 [s3-server-thread1] INFO  server.RaftServer$Division (RaftServerImpl.java:checkInconsistentAppendEntries(1599)) - s3@group-6912872F20E7: Failed appendEntries as previous log entry ((t:2, i:0)) is not found
2022-10-24 03:16:26,452 [s3-server-thread1] INFO  server.RaftServer$Division (RaftServerImpl.java:checkInconsistentAppendEntries(1569)) - s3@group-6912872F20E7: inconsistency entries. Reply:s1<-s3#219:FAIL-t2,INCONSISTENCY,nextIndex=0,followerCommit=0,matchIndex=-1
2022-10-24 03:16:26,452 [grpc-default-executor-15] INFO  leader.FollowerInfo (FollowerInfoImpl.java:lambda$new$0(48)) - s1@group-6912872F20E7->s3: nextIndex: updateUnconditionally 1 -> 0
2022-10-24 03:16:26,453 [s3-server-thread1] DEBUG server.RaftServer$Division (RaftServerImpl.java:logAppendEntries(1418)) - s3@group-6912872F20E7: receive appendEntries(s1, 2, null, 0, true, commits:[s1:c0, s3:c0, s4:c0, s0:c0, s2:c0], cId:220, entries: [(t:2, i:0), CONFIGURATIONENTRY(current:id: "s3"
address: "localhost:39579"
dataStreamAddress: "localhost:46293"
clientAddress: "localhost:33409"
adminAddress: "localhost:42243"
startupRole: FOLLOWER
,id: "s4"
address: "localhost:45747"
dataStreamAddress: "localhost:42993"
clientAddress: "localhost:44435"
adminAddress: "localhost:35149"
startupRole: FOLLOWER
,id: "s0"
address: "localhost:36179"
dataStreamAddress: "localhost:33505"
clientAddress: "localhost:36175"
adminAddress: "localhost:46501"
startupRole: FOLLOWER
,id: "s1"
address: "localhost:36635"
dataStreamAddress: "localhost:41297"
clientAddress: "localhost:39775"
adminAddress: "localhost:41981"
startupRole: FOLLOWER
,id: "s2"
address: "localhost:36969"
dataStreamAddress: "localhost:38077"
clientAddress: "localhost:40489"
adminAddress: "localhost:37929"
startupRole: FOLLOWER
, old:)]
2022-10-24 03:16:26,453 [s3-server-thread1] INFO  server.RaftServer$Division (RaftServerImpl.java:checkInconsistentAppendEntries(1589)) - s3@group-6912872F20E7: Failed appendEntries as the first entry (index 0) already exists (snapshotIndex: -1, commitIndex: 0)
2022-10-24 03:16:26,453 [s3-server-thread1] INFO  server.RaftServer$Division (RaftServerImpl.java:checkInconsistentAppendEntries(1569)) - s3@group-6912872F20E7: inconsistency entries. Reply:s1<-s3#220:FAIL-t2,INCONSISTENCY,nextIndex=1,followerCommit=0,matchIndex=-1
2022-10-24 03:16:26,454 [grpc-default-executor-15] INFO  leader.FollowerInfo (FollowerInfoImpl.java:lambda$new$0(48)) - s1@group-6912872F20E7->s3: nextIndex: updateUnconditionally 1 -> 1
2022-10-24 03:16:26,530 [s3-server-thread1] INFO  server.RaftServer$Division (RaftServerImpl.java:checkInconsistentAppendEntries(1599)) - s3@group-6912872F20E7: Failed appendEntries as previous log entry ((t:2, i:0)) is not found
2022-10-24 03:16:26,530 [s3-server-thread1] INFO  server.RaftServer$Division (RaftServerImpl.java:checkInconsistentAppendEntries(1569)) - s3@group-6912872F20E7: inconsistency entries. Reply:s1<-s3#221:FAIL-t2,INCONSISTENCY,nextIndex=0,followerCommit=0,matchIndex=-1
2022-10-24 03:16:26,530 [grpc-default-executor-15] INFO  leader.FollowerInfo (FollowerInfoImpl.java:lambda$new$0(48)) - s1@group-6912872F20E7->s3: nextIndex: updateUnconditionally 1 -> 0
2022-10-24 03:16:26,531 [s3-server-thread1] DEBUG server.RaftServer$Division (RaftServerImpl.java:logAppendEntries(1418)) - s3@group-6912872F20E7: receive appendEntries(s1, 2, null, 0, true, commits:[s1:c0, s3:c0, s4:c0, s0:c0, s2:c0], cId:222, entries: [(t:2, i:0), CONFIGURATIONENTRY(current:id: "s3"
address: "localhost:39579"
dataStreamAddress: "localhost:46293"
clientAddress: "localhost:33409"
adminAddress: "localhost:42243"
startupRole: FOLLOWER
,id: "s4"
address: "localhost:45747"
dataStreamAddress: "localhost:42993"
clientAddress: "localhost:44435"
adminAddress: "localhost:35149"
startupRole: FOLLOWER
,id: "s0"
address: "localhost:36179"
dataStreamAddress: "localhost:33505"
clientAddress: "localhost:36175"
adminAddress: "localhost:46501"
startupRole: FOLLOWER
,id: "s1"
address: "localhost:36635"
dataStreamAddress: "localhost:41297"
clientAddress: "localhost:39775"
adminAddress: "localhost:41981"
startupRole: FOLLOWER
,id: "s2"
address: "localhost:36969"
dataStreamAddress: "localhost:38077"
clientAddress: "localhost:40489"
adminAddress: "localhost:37929"
startupRole: FOLLOWER
, old:)]
2022-10-24 03:16:26,531 [s3-server-thread1] INFO  server.RaftServer$Division (RaftServerImpl.java:checkInconsistentAppendEntries(1589)) - s3@group-6912872F20E7: Failed appendEntries as the first entry (index 0) already exists (snapshotIndex: -1, commitIndex: 0)
2022-10-24 03:16:26,531 [s3-server-thread1] INFO  server.RaftServer$Division (RaftServerImpl.java:checkInconsistentAppendEntries(1569)) - s3@group-6912872F20E7: inconsistency entries. Reply:s1<-s3#222:FAIL-t2,INCONSISTENCY,nextIndex=1,followerCommit=0,matchIndex=-1
2022-10-24 03:16:26,532 [grpc-default-executor-15] INFO  leader.FollowerInfo (FollowerInfoImpl.java:lambda$new$0(48)) - s1@group-6912872F20E7->s3: nextIndex: updateUnconditionally 1 -> 1
2022-10-24 03:16:26,608 [s3-server-thread1] INFO  server.RaftServer$Division (RaftServerImpl.java:checkInconsistentAppendEntries(1599)) - s3@group-6912872F20E7: Failed appendEntries as previous log entry ((t:2, i:0)) is not found
2022-10-24 03:16:26,608 [s3-server-thread1] INFO  server.RaftServer$Division (RaftServerImpl.java:checkInconsistentAppendEntries(1569)) - s3@group-6912872F20E7: inconsistency entries. Reply:s1<-s3#223:FAIL-t2,INCONSISTENCY,nextIndex=0,followerCommit=0,matchIndex=-1
2022-10-24 03:16:26,611 [grpc-default-executor-15] INFO  leader.FollowerInfo (FollowerInfoImpl.java:lambda$new$0(48)) - s1@group-6912872F20E7->s3: nextIndex: updateUnconditionally 1 -> 0
2022-10-24 03:16:26,612 [s3-server-thread1] DEBUG server.RaftServer$Division (RaftServerImpl.java:logAppendEntries(1418)) - s3@group-6912872F20E7: receive appendEntries(s1, 2, null, 0, true, commits:[s1:c0, s3:c0, s4:c0, s0:c0, s2:c0], cId:224, entries: [(t:2, i:0), CONFIGURATIONENTRY(current:id: "s3"
address: "localhost:39579"
dataStreamAddress: "localhost:46293"
clientAddress: "localhost:33409"
adminAddress: "localhost:42243"
startupRole: FOLLOWER
,id: "s4"
address: "localhost:45747"
dataStreamAddress: "localhost:42993"
clientAddress: "localhost:44435"
adminAddress: "localhost:35149"
startupRole: FOLLOWER
,id: "s0"
address: "localhost:36179"
dataStreamAddress: "localhost:33505"
clientAddress: "localhost:36175"
adminAddress: "localhost:46501"
startupRole: FOLLOWER
,id: "s1"
address: "localhost:36635"
dataStreamAddress: "localhost:41297"
clientAddress: "localhost:39775"
adminAddress: "localhost:41981"
startupRole: FOLLOWER
,id: "s2"
address: "localhost:36969"
dataStreamAddress: "localhost:38077"
clientAddress: "localhost:40489"
adminAddress: "localhost:37929"
startupRole: FOLLOWER
, old:)]
2022-10-24 03:16:26,612 [s3-server-thread1] INFO  server.RaftServer$Division (RaftServerImpl.java:checkInconsistentAppendEntries(1589)) - s3@group-6912872F20E7: Failed appendEntries as the first entry (index 0) already exists (snapshotIndex: -1, commitIndex: 0)
2022-10-24 03:16:26,612 [s3-server-thread1] INFO  server.RaftServer$Division (RaftServerImpl.java:checkInconsistentAppendEntries(1569)) - s3@group-6912872F20E7: inconsistency entries. Reply:s1<-s3#224:FAIL-t2,INCONSISTENCY,nextIndex=1,followerCommit=0,matchIndex=-1
2022-10-24 03:16:26,615 [grpc-default-executor-8] INFO  leader.FollowerInfo (FollowerInfoImpl.java:lambda$new$0(48)) - s1@group-6912872F20E7->s3: nextIndex: updateUnconditionally 1 -> 1
2022-10-24 03:16:26,691 [s3-server-thread1] INFO  server.RaftServer$Division (RaftServerImpl.java:checkInconsistentAppendEntries(1599)) - s3@group-6912872F20E7: Failed appendEntries as previous log entry ((t:2, i:0)) is not found
2022-10-24 03:16:26,691 [s3-server-thread1] INFO  server.RaftServer$Division (RaftServerImpl.java:checkInconsistentAppendEntries(1569)) - s3@group-6912872F20E7: inconsistency entries. Reply:s1<-s3#225:FAIL-t2,INCONSISTENCY,nextIndex=0,followerCommit=0,matchIndex=-1
2022-10-24 03:16:26,692 [grpc-default-executor-8] INFO  leader.FollowerInfo (FollowerInfoImpl.java:lambda$new$0(48)) - s1@group-6912872F20E7->s3: nextIndex: updateUnconditionally 1 -> 0
2022-10-24 03:16:26,692 [s3-server-thread1] DEBUG server.RaftServer$Division (RaftServerImpl.java:logAppendEntries(1418)) - s3@group-6912872F20E7: receive appendEntries(s1, 2, null, 0, true, commits:[s1:c0, s3:c0, s4:c0, s0:c0, s2:c0], cId:226, entries: [(t:2, i:0), CONFIGURATIONENTRY(current:id: "s3"
address: "localhost:39579"
dataStreamAddress: "localhost:46293"
clientAddress: "localhost:33409"
adminAddress: "localhost:42243"
startupRole: FOLLOWER
,id: "s4"
address: "localhost:45747"
dataStreamAddress: "localhost:42993"
clientAddress: "localhost:44435"
adminAddress: "localhost:35149"
startupRole: FOLLOWER
,id: "s0"
address: "localhost:36179"
dataStreamAddress: "localhost:33505"
clientAddress: "localhost:36175"
adminAddress: "localhost:46501"
startupRole: FOLLOWER
,id: "s1"
address: "localhost:36635"
dataStreamAddress: "localhost:41297"
clientAddress: "localhost:39775"
adminAddress: "localhost:41981"
startupRole: FOLLOWER
,id: "s2"
address: "localhost:36969"
dataStreamAddress: "localhost:38077"
clientAddress: "localhost:40489"
adminAddress: "localhost:37929"
startupRole: FOLLOWER
, old:)]
2022-10-24 03:16:26,692 [s3-server-thread1] INFO  server.RaftServer$Division (RaftServerImpl.java:checkInconsistentAppendEntries(1589)) - s3@group-6912872F20E7: Failed appendEntries as the first entry (index 0) already exists (snapshotIndex: -1, commitIndex: 0)
2022-10-24 03:16:26,692 [s3-server-thread1] INFO  server.RaftServer$Division (RaftServerImpl.java:checkInconsistentAppendEntries(1569)) - s3@group-6912872F20E7: inconsistency entries. Reply:s1<-s3#226:FAIL-t2,INCONSISTENCY,nextIndex=1,followerCommit=0,matchIndex=-1
2022-10-24 03:16:26,693 [grpc-default-executor-8] INFO  leader.FollowerInfo (FollowerInfoImpl.java:lambda$new$0(48)) - s1@group-6912872F20E7->s3: nextIndex: updateUnconditionally 1 -> 1
2022-10-24 03:16:26,698 [Time-limited test] INFO  grpc.TestLeaderElectionWithGrpc (LeaderElectionTests.java:enforceLeader(292)) - try enforcing leader to s3 but new leader is s1
2022-10-24 03:16:26,698 [Time-limited test] INFO  server.RaftServerConfigKeys (ConfUtils.java:logGet(46)) - raft.server.rpc.timeout.max = 300ms (default)
2022-10-24 03:16:26,734 [s1@group-6912872F20E7->s0-GrpcLogAppender-LogAppenderDaemon] INFO  util.CodeInjectionForTesting (DelayLocalExecutionInjection.java:execute(65)) - s1 delay 150 ms, args=[serverRequest {
  requestorId: "s1"
  replyId: "s0"
  raftGroupId {
    id: "\226\001\321s\341\rE_\235\364i\022\207/ \347"
  }
  callId: 114
  slidingWindowEntry {
  }
}
leaderTerm: 2
previousLog {
  term: 2
}
initializing: true
commitInfos {
  server {
    id: "s1"
    address: "localhost:36635"
    dataStreamAddress: "localhost:41297"
    clientAddress: "localhost:39775"
    adminAddress: "localhost:41981"
    startupRole: FOLLOWER
  }
}
commitInfos {
  server {
    id: "s3"
    address: "localhost:39579"
    dataStreamAddress: "localhost:46293"
    clientAddress: "localhost:33409"
    adminAddress: "localhost:42243"
    startupRole: FOLLOWER
  }
}
commitInfos {
  server {
    id: "s4"
    address: "localhost:45747"
    dataStreamAddress: "localhost:42993"
    clientAddress: "localhost:44435"
    adminAddress: "localhost:35149"
    startupRole: FOLLOWER
  }
}
commitInfos {
  server {
    id: "s0"
    address: "localhost:36179"
    dataStreamAddress: "localhost:33505"
    clientAddress: "localhost:36175"
    adminAddress: "localhost:46501"
    startupRole: FOLLOWER
  }
}
commitInfos {
  server {
    id: "s2"
    address: "localhost:36969"
    dataStreamAddress: "localhost:38077"
    clientAddress: "localhost:40489"
    adminAddress: "localhost:37929"
    startupRole: FOLLOWER
  }
}
]
2022-10-24 03:16:26,737 [s1@group-6912872F20E7->s2-GrpcLogAppender-LogAppenderDaemon] INFO  util.CodeInjectionForTesting (DelayLocalExecutionInjection.java:execute(65)) - s1 delay 150 ms, args=[serverRequest {
  requestorId: "s1"
  replyId: "s2"
  raftGroupId {
    id: "\226\001\321s\341\rE_\235\364i\022\207/ \347"
  }
  callId: 113
  slidingWindowEntry {
  }
}
leaderTerm: 2
previousLog {
  term: 2
}
initializing: true
commitInfos {
  server {
    id: "s1"
    address: "localhost:36635"
    dataStreamAddress: "localhost:41297"
    clientAddress: "localhost:39775"
    adminAddress: "localhost:41981"
    startupRole: FOLLOWER
  }
}
commitInfos {
  server {
    id: "s3"
    address: "localhost:39579"
    dataStreamAddress: "localhost:46293"
    clientAddress: "localhost:33409"
    adminAddress: "localhost:42243"
    startupRole: FOLLOWER
  }
}
commitInfos {
  server {
    id: "s4"
    address: "localhost:45747"
    dataStreamAddress: "localhost:42993"
    clientAddress: "localhost:44435"
    adminAddress: "localhost:35149"
    startupRole: FOLLOWER
  }
}
commitInfos {
  server {
    id: "s0"
    address: "localhost:36179"
    dataStreamAddress: "localhost:33505"
    clientAddress: "localhost:36175"
    adminAddress: "localhost:46501"
    startupRole: FOLLOWER
  }
}
commitInfos {
  server {
    id: "s2"
    address: "localhost:36969"
    dataStreamAddress: "localhost:38077"
    clientAddress: "localhost:40489"
    adminAddress: "localhost:37929"
    startupRole: FOLLOWER
  }
}
]
2022-10-24 03:16:26,764 [s1@group-6912872F20E7->s4-GrpcLogAppender-LogAppenderDaemon] INFO  util.CodeInjectionForTesting (DelayLocalExecutionInjection.java:execute(65)) - s1 delay 150 ms, args=[serverRequest {
  requestorId: "s1"
  replyId: "s4"
  raftGroupId {
    id: "\226\001\321s\341\rE_\235\364i\022\207/ \347"
  }
  callId: 113
  slidingWindowEntry {
  }
}
leaderTerm: 2
previousLog {
  term: 2
}
initializing: true
commitInfos {
  server {
    id: "s1"
    address: "localhost:36635"
    dataStreamAddress: "localhost:41297"
    clientAddress: "localhost:39775"
    adminAddress: "localhost:41981"
    startupRole: FOLLOWER
  }
}
commitInfos {
  server {
    id: "s3"
    address: "localhost:39579"
    dataStreamAddress: "localhost:46293"
    clientAddress: "localhost:33409"
    adminAddress: "localhost:42243"
    startupRole: FOLLOWER
  }
}
commitInfos {
  server {
    id: "s4"
    address: "localhost:45747"
    dataStreamAddress: "localhost:42993"
    clientAddress: "localhost:44435"
    adminAddress: "localhost:35149"
    startupRole: FOLLOWER
  }
}
commitInfos {
  server {
    id: "s0"
    address: "localhost:36179"
    dataStreamAddress: "localhost:33505"
    clientAddress: "localhost:36175"
    adminAddress: "localhost:46501"
    startupRole: FOLLOWER
  }
}
commitInfos {
  server {
    id: "s2"
    address: "localhost:36969"
    dataStreamAddress: "localhost:38077"
    clientAddress: "localhost:40489"
    adminAddress: "localhost:37929"
    startupRole: FOLLOWER
  }
}
]
2022-10-24 03:16:26,769 [s1@group-6912872F20E7->s3-GrpcLogAppender-LogAppenderDaemon] INFO  util.CodeInjectionForTesting (DelayLocalExecutionInjection.java:execute(65)) - s1 delay 150 ms, args=[serverRequest {
  requestorId: "s1"
  replyId: "s3"
  raftGroupId {
    id: "\226\001\321s\341\rE_\235\364i\022\207/ \347"
  }
  callId: 227
  slidingWindowEntry {
  }
}
leaderTerm: 2
previousLog {
  term: 2
}
initializing: true
commitInfos {
  server {
    id: "s1"
    address: "localhost:36635"
    dataStreamAddress: "localhost:41297"
    clientAddress: "localhost:39775"
    adminAddress: "localhost:41981"
    startupRole: FOLLOWER
  }
}
commitInfos {
  server {
    id: "s3"
    address: "localhost:39579"
    dataStreamAddress: "localhost:46293"
    clientAddress: "localhost:33409"
    adminAddress: "localhost:42243"
    startupRole: FOLLOWER
  }
}
commitInfos {
  server {
    id: "s4"
    address: "localhost:45747"
    dataStreamAddress: "localhost:42993"
    clientAddress: "localhost:44435"
    adminAddress: "localhost:35149"
    startupRole: FOLLOWER
  }
}
commitInfos {
  server {
    id: "s0"
    address: "localhost:36179"
    dataStreamAddress: "localhost:33505"
    clientAddress: "localhost:36175"
    adminAddress: "localhost:46501"
    startupRole: FOLLOWER
  }
}
commitInfos {
  server {
    id: "s2"
    address: "localhost:36969"
    dataStreamAddress: "localhost:38077"
    clientAddress: "localhost:40489"
    adminAddress: "localhost:37929"
    startupRole: FOLLOWER
  }
}
]
2022-10-24 03:16:26,919 [s3-server-thread1] INFO  util.CodeInjectionForTesting (BlockRequestHandlingInjection.java:execute(77)) - s3: Block request from s1
2022-10-24 03:16:26,957 [s1@group-6912872F20E7->s3-GrpcLogAppender-LogAppenderDaemon] INFO  util.CodeInjectionForTesting (DelayLocalExecutionInjection.java:execute(65)) - s1 delay 150 ms, args=[serverRequest {
  requestorId: "s1"
  replyId: "s3"
  raftGroupId {
    id: "\226\001\321s\341\rE_\235\364i\022\207/ \347"
  }
  callId: 228
  slidingWindowEntry {
  }
}
leaderTerm: 2
previousLog {
  term: 2
}
initializing: true
commitInfos {
  server {
    id: "s1"
    address: "localhost:36635"
    dataStreamAddress: "localhost:41297"
    clientAddress: "localhost:39775"
    adminAddress: "localhost:41981"
    startupRole: FOLLOWER
  }
}
commitInfos {
  server {
    id: "s3"
    address: "localhost:39579"
    dataStreamAddress: "localhost:46293"
    clientAddress: "localhost:33409"
    adminAddress: "localhost:42243"
    startupRole: FOLLOWER
  }
}
commitInfos {
  server {
    id: "s4"
    address: "localhost:45747"
    dataStreamAddress: "localhost:42993"
    clientAddress: "localhost:44435"
    adminAddress: "localhost:35149"
    startupRole: FOLLOWER
  }
}
commitInfos {
  server {
    id: "s0"
    address: "localhost:36179"
    dataStreamAddress: "localhost:33505"
    clientAddress: "localhost:36175"
    adminAddress: "localhost:46501"
    startupRole: FOLLOWER
  }
}
commitInfos {
  server {
    id: "s2"
    address: "localhost:36969"
    dataStreamAddress: "localhost:38077"
    clientAddress: "localhost:40489"
    adminAddress: "localhost:37929"
    startupRole: FOLLOWER
  }
}
]
2022-10-24 03:16:26,961 [s1@group-6912872F20E7->s0-GrpcLogAppender-LogAppenderDaemon] INFO  util.CodeInjectionForTesting (DelayLocalExecutionInjection.java:execute(65)) - s1 delay 150 ms, args=[serverRequest {
  requestorId: "s1"
  replyId: "s0"
  raftGroupId {
    id: "\226\001\321s\341\rE_\235\364i\022\207/ \347"
  }
  callId: 115
  slidingWindowEntry {
  }
}
leaderTerm: 2
previousLog {
  term: 2
}
initializing: true
commitInfos {
  server {
    id: "s1"
    address: "localhost:36635"
    dataStreamAddress: "localhost:41297"
    clientAddress: "localhost:39775"
    adminAddress: "localhost:41981"
    startupRole: FOLLOWER
  }
}
commitInfos {
  server {
    id: "s3"
    address: "localhost:39579"
    dataStreamAddress: "localhost:46293"
    clientAddress: "localhost:33409"
    adminAddress: "localhost:42243"
    startupRole: FOLLOWER
  }
}
commitInfos {
  server {
    id: "s4"
    address: "localhost:45747"
    dataStreamAddress: "localhost:42993"
    clientAddress: "localhost:44435"
    adminAddress: "localhost:35149"
    startupRole: FOLLOWER
  }
}
commitInfos {
  server {
    id: "s0"
    address: "localhost:36179"
    dataStreamAddress: "localhost:33505"
    clientAddress: "localhost:36175"
    adminAddress: "localhost:46501"
    startupRole: FOLLOWER
  }
}
commitInfos {
  server {
    id: "s2"
    address: "localhost:36969"
    dataStreamAddress: "localhost:38077"
    clientAddress: "localhost:40489"
    adminAddress: "localhost:37929"
    startupRole: FOLLOWER
  }
}
]
2022-10-24 03:16:26,964 [s1@group-6912872F20E7->s2-GrpcLogAppender-LogAppenderDaemon] INFO  util.CodeInjectionForTesting (DelayLocalExecutionInjection.java:execute(65)) - s1 delay 150 ms, args=[serverRequest {
  requestorId: "s1"
  replyId: "s2"
  raftGroupId {
    id: "\226\001\321s\341\rE_\235\364i\022\207/ \347"
  }
  callId: 114
  slidingWindowEntry {
  }
}
leaderTerm: 2
previousLog {
  term: 2
}
initializing: true
commitInfos {
  server {
    id: "s1"
    address: "localhost:36635"
    dataStreamAddress: "localhost:41297"
    clientAddress: "localhost:39775"
    adminAddress: "localhost:41981"
    startupRole: FOLLOWER
  }
}
commitInfos {
  server {
    id: "s3"
    address: "localhost:39579"
    dataStreamAddress: "localhost:46293"
    clientAddress: "localhost:33409"
    adminAddress: "localhost:42243"
    startupRole: FOLLOWER
  }
}
commitInfos {
  server {
    id: "s4"
    address: "localhost:45747"
    dataStreamAddress: "localhost:42993"
    clientAddress: "localhost:44435"
    adminAddress: "localhost:35149"
    startupRole: FOLLOWER
  }
}
commitInfos {
  server {
    id: "s0"
    address: "localhost:36179"
    dataStreamAddress: "localhost:33505"
    clientAddress: "localhost:36175"
    adminAddress: "localhost:46501"
    startupRole: FOLLOWER
  }
}
commitInfos {
  server {
    id: "s2"
    address: "localhost:36969"
    dataStreamAddress: "localhost:38077"
    clientAddress: "localhost:40489"
    adminAddress: "localhost:37929"
    startupRole: FOLLOWER
  }
}
]
2022-10-24 03:16:26,991 [s3@group-6912872F20E7-FollowerState] INFO  impl.FollowerState (FollowerState.java:run(143)) - s3@group-6912872F20E7-FollowerState: change to CANDIDATE, lastRpcElapsedTime:298316694ns, electionTimeout:215ms
2022-10-24 03:16:26,991 [s3@group-6912872F20E7-FollowerState] INFO  impl.RoleInfo (RoleInfo.java:shutdownFollowerState(110)) - s3: shutdown s3@group-6912872F20E7-FollowerState
2022-10-24 03:16:26,991 [s1@group-6912872F20E7->s4-GrpcLogAppender-LogAppenderDaemon] INFO  util.CodeInjectionForTesting (DelayLocalExecutionInjection.java:execute(65)) - s1 delay 150 ms, args=[serverRequest {
  requestorId: "s1"
  replyId: "s4"
  raftGroupId {
    id: "\226\001\321s\341\rE_\235\364i\022\207/ \347"
  }
  callId: 114
  slidingWindowEntry {
  }
}
leaderTerm: 2
previousLog {
  term: 2
}
initializing: true
commitInfos {
  server {
    id: "s1"
    address: "localhost:36635"
    dataStreamAddress: "localhost:41297"
    clientAddress: "localhost:39775"
    adminAddress: "localhost:41981"
    startupRole: FOLLOWER
  }
}
commitInfos {
  server {
    id: "s3"
    address: "localhost:39579"
    dataStreamAddress: "localhost:46293"
    clientAddress: "localhost:33409"
    adminAddress: "localhost:42243"
    startupRole: FOLLOWER
  }
}
commitInfos {
  server {
    id: "s4"
    address: "localhost:45747"
    dataStreamAddress: "localhost:42993"
    clientAddress: "localhost:44435"
    adminAddress: "localhost:35149"
    startupRole: FOLLOWER
  }
}
commitInfos {
  server {
    id: "s0"
    address: "localhost:36179"
    dataStreamAddress: "localhost:33505"
    clientAddress: "localhost:36175"
    adminAddress: "localhost:46501"
    startupRole: FOLLOWER
  }
}
commitInfos {
  server {
    id: "s2"
    address: "localhost:36969"
    dataStreamAddress: "localhost:38077"
    clientAddress: "localhost:40489"
    adminAddress: "localhost:37929"
    startupRole: FOLLOWER
  }
}
]
2022-10-24 03:16:26,991 [s3@group-6912872F20E7-FollowerState] INFO  server.RaftServer$Division (RaftServerImpl.java:setRole(325)) - s3@group-6912872F20E7: changes role from  FOLLOWER to CANDIDATE at term 2 for changeToCandidate
2022-10-24 03:16:26,991 [s3@group-6912872F20E7-FollowerState] INFO  server.RaftServerConfigKeys (ConfUtils.java:logGet(46)) - raft.server.leaderelection.pre-vote = true (default)
2022-10-24 03:16:26,991 [s3@group-6912872F20E7-FollowerState] INFO  impl.RoleInfo (RoleInfo.java:updateAndGet(139)) - s3: start s3@group-6912872F20E7-LeaderElection38
2022-10-24 03:16:26,993 [s3@group-6912872F20E7-LeaderElection38] INFO  server.RaftServer$Division (ServerState.java:setLeader(259)) - s3@group-6912872F20E7: change Leader from s1 to null at term 2 for PRE_VOTE
2022-10-24 03:16:26,993 [s3@group-6912872F20E7-LeaderElection38] INFO  impl.LeaderElection (LeaderElection.java:askForVotes(309)) - s3@group-6912872F20E7-LeaderElection38 PRE_VOTE round 0: submit vote requests at term 2 for 0: peers:[s3|rpc:localhost:39579|admin:localhost:42243|client:localhost:33409|dataStream:localhost:46293|priority:0|startupRole:FOLLOWER, s4|rpc:localhost:45747|admin:localhost:35149|client:localhost:44435|dataStream:localhost:42993|priority:0|startupRole:FOLLOWER, s0|rpc:localhost:36179|admin:localhost:46501|client:localhost:36175|dataStream:localhost:33505|priority:0|startupRole:FOLLOWER, s1|rpc:localhost:36635|admin:localhost:41981|client:localhost:39775|dataStream:localhost:41297|priority:0|startupRole:FOLLOWER, s2|rpc:localhost:36969|admin:localhost:37929|client:localhost:40489|dataStream:localhost:38077|priority:0|startupRole:FOLLOWER]|listeners:[], old=null
2022-10-24 03:16:26,994 [grpc-default-executor-15] INFO  server.RaftServer$Division (RaftServerImpl.java:requestVote(1291)) - s4@group-6912872F20E7: receive requestVote(PRE_VOTE, s3, group-6912872F20E7, 2, (t:1, i:0))
2022-10-24 03:16:26,994 [grpc-default-executor-15] INFO  impl.VoteContext (VoteContext.java:log(49)) - s4@group-6912872F20E7-FOLLOWER: reject PRE_VOTE from s3: this server is a follower and still has a valid leader s1
2022-10-24 03:16:26,994 [grpc-default-executor-15] INFO  server.RaftServer$Division (RaftServerImpl.java:requestVote(1324)) - s4@group-6912872F20E7 replies to PRE_VOTE vote request: s3<-s4#0:FAIL-t2. Peer's state: s4@group-6912872F20E7:t2, leader=s1, voted=s1, raftlog=Memoized:s4@group-6912872F20E7-SegmentedRaftLog:OPENED:c0, conf=0: peers:[s3|rpc:localhost:39579|admin:localhost:42243|client:localhost:33409|dataStream:localhost:46293|priority:0|startupRole:FOLLOWER, s4|rpc:localhost:45747|admin:localhost:35149|client:localhost:44435|dataStream:localhost:42993|priority:0|startupRole:FOLLOWER, s0|rpc:localhost:36179|admin:localhost:46501|client:localhost:36175|dataStream:localhost:33505|priority:0|startupRole:FOLLOWER, s1|rpc:localhost:36635|admin:localhost:41981|client:localhost:39775|dataStream:localhost:41297|priority:0|startupRole:FOLLOWER, s2|rpc:localhost:36969|admin:localhost:37929|client:localhost:40489|dataStream:localhost:38077|priority:0|startupRole:FOLLOWER]|listeners:[], old=null
2022-10-24 03:16:26,996 [grpc-default-executor-15] INFO  server.RaftServer$Division (RaftServerImpl.java:requestVote(1291)) - s0@group-6912872F20E7: receive requestVote(PRE_VOTE, s3, group-6912872F20E7, 2, (t:1, i:0))
2022-10-24 03:16:26,996 [grpc-default-executor-15] INFO  impl.VoteContext (VoteContext.java:log(49)) - s0@group-6912872F20E7-FOLLOWER: reject PRE_VOTE from s3: this server is a follower and still has a valid leader s1
2022-10-24 03:16:26,996 [grpc-default-executor-15] INFO  server.RaftServer$Division (RaftServerImpl.java:requestVote(1324)) - s0@group-6912872F20E7 replies to PRE_VOTE vote request: s3<-s0#0:FAIL-t2. Peer's state: s0@group-6912872F20E7:t2, leader=s1, voted=s1, raftlog=Memoized:s0@group-6912872F20E7-SegmentedRaftLog:OPENED:c0, conf=0: peers:[s3|rpc:localhost:39579|admin:localhost:42243|client:localhost:33409|dataStream:localhost:46293|priority:0|startupRole:FOLLOWER, s4|rpc:localhost:45747|admin:localhost:35149|client:localhost:44435|dataStream:localhost:42993|priority:0|startupRole:FOLLOWER, s0|rpc:localhost:36179|admin:localhost:46501|client:localhost:36175|dataStream:localhost:33505|priority:0|startupRole:FOLLOWER, s1|rpc:localhost:36635|admin:localhost:41981|client:localhost:39775|dataStream:localhost:41297|priority:0|startupRole:FOLLOWER, s2|rpc:localhost:36969|admin:localhost:37929|client:localhost:40489|dataStream:localhost:38077|priority:0|startupRole:FOLLOWER]|listeners:[], old=null
2022-10-24 03:16:26,997 [grpc-default-executor-15] INFO  server.RaftServer$Division (RaftServerImpl.java:requestVote(1291)) - s2@group-6912872F20E7: receive requestVote(PRE_VOTE, s3, group-6912872F20E7, 2, (t:1, i:0))
2022-10-24 03:16:26,997 [grpc-default-executor-15] INFO  impl.VoteContext (VoteContext.java:log(49)) - s2@group-6912872F20E7-FOLLOWER: reject PRE_VOTE from s3: this server is a follower and still has a valid leader s1
2022-10-24 03:16:26,997 [grpc-default-executor-15] INFO  server.RaftServer$Division (RaftServerImpl.java:requestVote(1324)) - s2@group-6912872F20E7 replies to PRE_VOTE vote request: s3<-s2#0:FAIL-t2. Peer's state: s2@group-6912872F20E7:t2, leader=s1, voted=s1, raftlog=Memoized:s2@group-6912872F20E7-SegmentedRaftLog:OPENED:c0, conf=0: peers:[s3|rpc:localhost:39579|admin:localhost:42243|client:localhost:33409|dataStream:localhost:46293|priority:0|startupRole:FOLLOWER, s4|rpc:localhost:45747|admin:localhost:35149|client:localhost:44435|dataStream:localhost:42993|priority:0|startupRole:FOLLOWER, s0|rpc:localhost:36179|admin:localhost:46501|client:localhost:36175|dataStream:localhost:33505|priority:0|startupRole:FOLLOWER, s1|rpc:localhost:36635|admin:localhost:41981|client:localhost:39775|dataStream:localhost:41297|priority:0|startupRole:FOLLOWER, s2|rpc:localhost:36969|admin:localhost:37929|client:localhost:40489|dataStream:localhost:38077|priority:0|startupRole:FOLLOWER]|listeners:[], old=null
2022-10-24 03:16:26,999 [grpc-default-executor-15] INFO  server.RaftServer$Division (RaftServerImpl.java:requestVote(1291)) - s1@group-6912872F20E7: receive requestVote(PRE_VOTE, s3, group-6912872F20E7, 2, (t:1, i:0))
2022-10-24 03:16:26,999 [grpc-default-executor-15] INFO  impl.VoteContext (VoteContext.java:log(49)) - s1@group-6912872F20E7-LEADER: reject PRE_VOTE from s3: this server is the leader and still has leadership
2022-10-24 03:16:26,999 [grpc-default-executor-15] INFO  server.RaftServer$Division (RaftServerImpl.java:requestVote(1324)) - s1@group-6912872F20E7 replies to PRE_VOTE vote request: s3<-s1#0:FAIL-t2. Peer's state: s1@group-6912872F20E7:t2, leader=s1, voted=s1, raftlog=Memoized:s1@group-6912872F20E7-SegmentedRaftLog:OPENED:c0, conf=0: peers:[s3|rpc:localhost:39579|admin:localhost:42243|client:localhost:33409|dataStream:localhost:46293|priority:0|startupRole:FOLLOWER, s4|rpc:localhost:45747|admin:localhost:35149|client:localhost:44435|dataStream:localhost:42993|priority:0|startupRole:FOLLOWER, s0|rpc:localhost:36179|admin:localhost:46501|client:localhost:36175|dataStream:localhost:33505|priority:0|startupRole:FOLLOWER, s1|rpc:localhost:36635|admin:localhost:41981|client:localhost:39775|dataStream:localhost:41297|priority:0|startupRole:FOLLOWER, s2|rpc:localhost:36969|admin:localhost:37929|client:localhost:40489|dataStream:localhost:38077|priority:0|startupRole:FOLLOWER]|listeners:[], old=null
2022-10-24 03:16:27,001 [s3@group-6912872F20E7-LeaderElection38] INFO  impl.LeaderElection (LeaderElection.java:logAndReturn(89)) - s3@group-6912872F20E7-LeaderElection38: PRE_VOTE REJECTED received 3 response(s) and 0 exception(s):
2022-10-24 03:16:27,001 [s3@group-6912872F20E7-LeaderElection38] INFO  impl.LeaderElection (LeaderElection.java:logAndReturn(93)) -   Response 0: s3<-s4#0:FAIL-t2
2022-10-24 03:16:27,001 [s3@group-6912872F20E7-LeaderElection38] INFO  impl.LeaderElection (LeaderElection.java:logAndReturn(93)) -   Response 1: s3<-s0#0:FAIL-t2
2022-10-24 03:16:27,001 [s3@group-6912872F20E7-LeaderElection38] INFO  impl.LeaderElection (LeaderElection.java:logAndReturn(93)) -   Response 2: s3<-s2#0:FAIL-t2
2022-10-24 03:16:27,001 [s3@group-6912872F20E7-LeaderElection38] INFO  impl.LeaderElection (LeaderElection.java:askForVotes(311)) - s3@group-6912872F20E7-LeaderElection38 PRE_VOTE round 0: result REJECTED
2022-10-24 03:16:27,001 [s3@group-6912872F20E7-LeaderElection38] INFO  server.RaftServer$Division (RaftServerImpl.java:setRole(325)) - s3@group-6912872F20E7: changes role from CANDIDATE to FOLLOWER at term 2 for REJECTED
2022-10-24 03:16:27,001 [s3@group-6912872F20E7-LeaderElection38] INFO  impl.RoleInfo (RoleInfo.java:shutdownLeaderElection(130)) - s3: shutdown s3@group-6912872F20E7-LeaderElection38
2022-10-24 03:16:27,001 [s3@group-6912872F20E7-LeaderElection38] INFO  impl.RoleInfo (RoleInfo.java:updateAndGet(139)) - s3: start s3@group-6912872F20E7-FollowerState
2022-10-24 03:16:27,144 [s1@group-6912872F20E7->s3-GrpcLogAppender-LogAppenderDaemon] INFO  util.CodeInjectionForTesting (DelayLocalExecutionInjection.java:execute(65)) - s1 delay 150 ms, args=[serverRequest {
  requestorId: "s1"
  replyId: "s3"
  raftGroupId {
    id: "\226\001\321s\341\rE_\235\364i\022\207/ \347"
  }
  callId: 229
  slidingWindowEntry {
  }
}
leaderTerm: 2
previousLog {
  term: 2
}
initializing: true
commitInfos {
  server {
    id: "s1"
    address: "localhost:36635"
    dataStreamAddress: "localhost:41297"
    clientAddress: "localhost:39775"
    adminAddress: "localhost:41981"
    startupRole: FOLLOWER
  }
}
commitInfos {
  server {
    id: "s3"
    address: "localhost:39579"
    dataStreamAddress: "localhost:46293"
    clientAddress: "localhost:33409"
    adminAddress: "localhost:42243"
    startupRole: FOLLOWER
  }
}
commitInfos {
  server {
    id: "s4"
    address: "localhost:45747"
    dataStreamAddress: "localhost:42993"
    clientAddress: "localhost:44435"
    adminAddress: "localhost:35149"
    startupRole: FOLLOWER
  }
}
commitInfos {
  server {
    id: "s0"
    address: "localhost:36179"
    dataStreamAddress: "localhost:33505"
    clientAddress: "localhost:36175"
    adminAddress: "localhost:46501"
    startupRole: FOLLOWER
  }
}
commitInfos {
  server {
    id: "s2"
    address: "localhost:36969"
    dataStreamAddress: "localhost:38077"
    clientAddress: "localhost:40489"
    adminAddress: "localhost:37929"
    startupRole: FOLLOWER
  }
}
]
2022-10-24 03:16:27,180 [s3@group-6912872F20E7-FollowerState] INFO  impl.FollowerState (FollowerState.java:run(143)) - s3@group-6912872F20E7-FollowerState: change to CANDIDATE, lastRpcElapsedTime:178851835ns, electionTimeout:178ms
2022-10-24 03:16:27,181 [s3@group-6912872F20E7-FollowerState] INFO  impl.RoleInfo (RoleInfo.java:shutdownFollowerState(110)) - s3: shutdown s3@group-6912872F20E7-FollowerState
2022-10-24 03:16:27,182 [s3@group-6912872F20E7-FollowerState] INFO  server.RaftServer$Division (RaftServerImpl.java:setRole(325)) - s3@group-6912872F20E7: changes role from  FOLLOWER to CANDIDATE at term 2 for changeToCandidate
2022-10-24 03:16:27,182 [s3@group-6912872F20E7-FollowerState] INFO  server.RaftServerConfigKeys (ConfUtils.java:logGet(46)) - raft.server.leaderelection.pre-vote = true (default)
2022-10-24 03:16:27,182 [s3@group-6912872F20E7-FollowerState] INFO  impl.RoleInfo (RoleInfo.java:updateAndGet(139)) - s3: start s3@group-6912872F20E7-LeaderElection39
2022-10-24 03:16:27,182 [s3@group-6912872F20E7-LeaderElection39] INFO  impl.LeaderElection (LeaderElection.java:askForVotes(309)) - s3@group-6912872F20E7-LeaderElection39 PRE_VOTE round 0: submit vote requests at term 2 for 0: peers:[s3|rpc:localhost:39579|admin:localhost:42243|client:localhost:33409|dataStream:localhost:46293|priority:0|startupRole:FOLLOWER, s4|rpc:localhost:45747|admin:localhost:35149|client:localhost:44435|dataStream:localhost:42993|priority:0|startupRole:FOLLOWER, s0|rpc:localhost:36179|admin:localhost:46501|client:localhost:36175|dataStream:localhost:33505|priority:0|startupRole:FOLLOWER, s1|rpc:localhost:36635|admin:localhost:41981|client:localhost:39775|dataStream:localhost:41297|priority:0|startupRole:FOLLOWER, s2|rpc:localhost:36969|admin:localhost:37929|client:localhost:40489|dataStream:localhost:38077|priority:0|startupRole:FOLLOWER]|listeners:[], old=null
2022-10-24 03:16:27,185 [grpc-default-executor-4] INFO  server.RaftServer$Division (RaftServerImpl.java:requestVote(1291)) - s1@group-6912872F20E7: receive requestVote(PRE_VOTE, s3, group-6912872F20E7, 2, (t:1, i:0))
2022-10-24 03:16:27,185 [grpc-default-executor-4] INFO  impl.VoteContext (VoteContext.java:log(49)) - s1@group-6912872F20E7-LEADER: reject PRE_VOTE from s3: this server is the leader and still has leadership
2022-10-24 03:16:27,185 [grpc-default-executor-4] INFO  server.RaftServer$Division (RaftServerImpl.java:requestVote(1324)) - s1@group-6912872F20E7 replies to PRE_VOTE vote request: s3<-s1#0:FAIL-t2. Peer's state: s1@group-6912872F20E7:t2, leader=s1, voted=s1, raftlog=Memoized:s1@group-6912872F20E7-SegmentedRaftLog:OPENED:c0, conf=0: peers:[s3|rpc:localhost:39579|admin:localhost:42243|client:localhost:33409|dataStream:localhost:46293|priority:0|startupRole:FOLLOWER, s4|rpc:localhost:45747|admin:localhost:35149|client:localhost:44435|dataStream:localhost:42993|priority:0|startupRole:FOLLOWER, s0|rpc:localhost:36179|admin:localhost:46501|client:localhost:36175|dataStream:localhost:33505|priority:0|startupRole:FOLLOWER, s1|rpc:localhost:36635|admin:localhost:41981|client:localhost:39775|dataStream:localhost:41297|priority:0|startupRole:FOLLOWER, s2|rpc:localhost:36969|admin:localhost:37929|client:localhost:40489|dataStream:localhost:38077|priority:0|startupRole:FOLLOWER]|listeners:[], old=null
2022-10-24 03:16:27,187 [grpc-default-executor-15] INFO  server.RaftServer$Division (RaftServerImpl.java:requestVote(1291)) - s0@group-6912872F20E7: receive requestVote(PRE_VOTE, s3, group-6912872F20E7, 2, (t:1, i:0))
2022-10-24 03:16:27,187 [grpc-default-executor-15] INFO  impl.VoteContext (VoteContext.java:log(49)) - s0@group-6912872F20E7-FOLLOWER: reject PRE_VOTE from s3: this server is a follower and still has a valid leader s1
2022-10-24 03:16:27,187 [grpc-default-executor-15] INFO  server.RaftServer$Division (RaftServerImpl.java:requestVote(1324)) - s0@group-6912872F20E7 replies to PRE_VOTE vote request: s3<-s0#0:FAIL-t2. Peer's state: s0@group-6912872F20E7:t2, leader=s1, voted=s1, raftlog=Memoized:s0@group-6912872F20E7-SegmentedRaftLog:OPENED:c0, conf=0: peers:[s3|rpc:localhost:39579|admin:localhost:42243|client:localhost:33409|dataStream:localhost:46293|priority:0|startupRole:FOLLOWER, s4|rpc:localhost:45747|admin:localhost:35149|client:localhost:44435|dataStream:localhost:42993|priority:0|startupRole:FOLLOWER, s0|rpc:localhost:36179|admin:localhost:46501|client:localhost:36175|dataStream:localhost:33505|priority:0|startupRole:FOLLOWER, s1|rpc:localhost:36635|admin:localhost:41981|client:localhost:39775|dataStream:localhost:41297|priority:0|startupRole:FOLLOWER, s2|rpc:localhost:36969|admin:localhost:37929|client:localhost:40489|dataStream:localhost:38077|priority:0|startupRole:FOLLOWER]|listeners:[], old=null
2022-10-24 03:16:27,188 [s1@group-6912872F20E7->s0-GrpcLogAppender-LogAppenderDaemon] INFO  util.CodeInjectionForTesting (DelayLocalExecutionInjection.java:execute(65)) - s1 delay 150 ms, args=[serverRequest {
  requestorId: "s1"
  replyId: "s0"
  raftGroupId {
    id: "\226\001\321s\341\rE_\235\364i\022\207/ \347"
  }
  callId: 116
  slidingWindowEntry {
  }
}
leaderTerm: 2
previousLog {
  term: 2
}
initializing: true
commitInfos {
  server {
    id: "s1"
    address: "localhost:36635"
    dataStreamAddress: "localhost:41297"
    clientAddress: "localhost:39775"
    adminAddress: "localhost:41981"
    startupRole: FOLLOWER
  }
}
commitInfos {
  server {
    id: "s3"
    address: "localhost:39579"
    dataStreamAddress: "localhost:46293"
    clientAddress: "localhost:33409"
    adminAddress: "localhost:42243"
    startupRole: FOLLOWER
  }
}
commitInfos {
  server {
    id: "s4"
    address: "localhost:45747"
    dataStreamAddress: "localhost:42993"
    clientAddress: "localhost:44435"
    adminAddress: "localhost:35149"
    startupRole: FOLLOWER
  }
}
commitInfos {
  server {
    id: "s0"
    address: "localhost:36179"
    dataStreamAddress: "localhost:33505"
    clientAddress: "localhost:36175"
    adminAddress: "localhost:46501"
    startupRole: FOLLOWER
  }
}
commitInfos {
  server {
    id: "s2"
    address: "localhost:36969"
    dataStreamAddress: "localhost:38077"
    clientAddress: "localhost:40489"
    adminAddress: "localhost:37929"
    startupRole: FOLLOWER
  }
}
]
2022-10-24 03:16:27,189 [grpc-default-executor-15] INFO  server.RaftServer$Division (RaftServerImpl.java:requestVote(1291)) - s4@group-6912872F20E7: receive requestVote(PRE_VOTE, s3, group-6912872F20E7, 2, (t:1, i:0))
2022-10-24 03:16:27,189 [grpc-default-executor-15] INFO  impl.VoteContext (VoteContext.java:log(49)) - s4@group-6912872F20E7-FOLLOWER: reject PRE_VOTE from s3: this server is a follower and still has a valid leader s1
2022-10-24 03:16:27,189 [grpc-default-executor-15] INFO  server.RaftServer$Division (RaftServerImpl.java:requestVote(1324)) - s4@group-6912872F20E7 replies to PRE_VOTE vote request: s3<-s4#0:FAIL-t2. Peer's state: s4@group-6912872F20E7:t2, leader=s1, voted=s1, raftlog=Memoized:s4@group-6912872F20E7-SegmentedRaftLog:OPENED:c0, conf=0: peers:[s3|rpc:localhost:39579|admin:localhost:42243|client:localhost:33409|dataStream:localhost:46293|priority:0|startupRole:FOLLOWER, s4|rpc:localhost:45747|admin:localhost:35149|client:localhost:44435|dataStream:localhost:42993|priority:0|startupRole:FOLLOWER, s0|rpc:localhost:36179|admin:localhost:46501|client:localhost:36175|dataStream:localhost:33505|priority:0|startupRole:FOLLOWER, s1|rpc:localhost:36635|admin:localhost:41981|client:localhost:39775|dataStream:localhost:41297|priority:0|startupRole:FOLLOWER, s2|rpc:localhost:36969|admin:localhost:37929|client:localhost:40489|dataStream:localhost:38077|priority:0|startupRole:FOLLOWER]|listeners:[], old=null
2022-10-24 03:16:27,190 [s3@group-6912872F20E7-LeaderElection39] INFO  impl.LeaderElection (LeaderElection.java:logAndReturn(89)) - s3@group-6912872F20E7-LeaderElection39: PRE_VOTE REJECTED received 3 response(s) and 0 exception(s):
2022-10-24 03:16:27,190 [s3@group-6912872F20E7-LeaderElection39] INFO  impl.LeaderElection (LeaderElection.java:logAndReturn(93)) -   Response 0: s3<-s4#0:FAIL-t2
2022-10-24 03:16:27,190 [s3@group-6912872F20E7-LeaderElection39] INFO  impl.LeaderElection (LeaderElection.java:logAndReturn(93)) -   Response 1: s3<-s0#0:FAIL-t2
2022-10-24 03:16:27,190 [s3@group-6912872F20E7-LeaderElection39] INFO  impl.LeaderElection (LeaderElection.java:logAndReturn(93)) -   Response 2: s3<-s1#0:FAIL-t2
2022-10-24 03:16:27,190 [s3@group-6912872F20E7-LeaderElection39] INFO  impl.LeaderElection (LeaderElection.java:askForVotes(311)) - s3@group-6912872F20E7-LeaderElection39 PRE_VOTE round 0: result REJECTED
2022-10-24 03:16:27,190 [s3@group-6912872F20E7-LeaderElection39] INFO  server.RaftServer$Division (RaftServerImpl.java:setRole(325)) - s3@group-6912872F20E7: changes role from CANDIDATE to FOLLOWER at term 2 for REJECTED
2022-10-24 03:16:27,190 [s3@group-6912872F20E7-LeaderElection39] INFO  impl.RoleInfo (RoleInfo.java:shutdownLeaderElection(130)) - s3: shutdown s3@group-6912872F20E7-LeaderElection39
2022-10-24 03:16:27,190 [s3@group-6912872F20E7-LeaderElection39] INFO  impl.RoleInfo (RoleInfo.java:updateAndGet(139)) - s3: start s3@group-6912872F20E7-FollowerState
2022-10-24 03:16:27,193 [s1@group-6912872F20E7->s2-GrpcLogAppender-LogAppenderDaemon] INFO  util.CodeInjectionForTesting (DelayLocalExecutionInjection.java:execute(65)) - s1 delay 150 ms, args=[serverRequest {
  requestorId: "s1"
  replyId: "s2"
  raftGroupId {
    id: "\226\001\321s\341\rE_\235\364i\022\207/ \347"
  }
  callId: 115
  slidingWindowEntry {
  }
}
leaderTerm: 2
previousLog {
  term: 2
}
initializing: true
commitInfos {
  server {
    id: "s1"
    address: "localhost:36635"
    dataStreamAddress: "localhost:41297"
    clientAddress: "localhost:39775"
    adminAddress: "localhost:41981"
    startupRole: FOLLOWER
  }
}
commitInfos {
  server {
    id: "s3"
    address: "localhost:39579"
    dataStreamAddress: "localhost:46293"
    clientAddress: "localhost:33409"
    adminAddress: "localhost:42243"
    startupRole: FOLLOWER
  }
}
commitInfos {
  server {
    id: "s4"
    address: "localhost:45747"
    dataStreamAddress: "localhost:42993"
    clientAddress: "localhost:44435"
    adminAddress: "localhost:35149"
    startupRole: FOLLOWER
  }
}
commitInfos {
  server {
    id: "s0"
    address: "localhost:36179"
    dataStreamAddress: "localhost:33505"
    clientAddress: "localhost:36175"
    adminAddress: "localhost:46501"
    startupRole: FOLLOWER
  }
}
commitInfos {
  server {
    id: "s2"
    address: "localhost:36969"
    dataStreamAddress: "localhost:38077"
    clientAddress: "localhost:40489"
    adminAddress: "localhost:37929"
    startupRole: FOLLOWER
  }
}
]
2022-10-24 03:16:27,194 [grpc-default-executor-15] INFO  server.RaftServer$Division (RaftServerImpl.java:requestVote(1291)) - s2@group-6912872F20E7: receive requestVote(PRE_VOTE, s3, group-6912872F20E7, 2, (t:1, i:0))
2022-10-24 03:16:27,194 [grpc-default-executor-15] INFO  impl.VoteContext (VoteContext.java:log(49)) - s2@group-6912872F20E7-FOLLOWER: reject PRE_VOTE from s3: this server is a follower and still has a valid leader s1
2022-10-24 03:16:27,194 [grpc-default-executor-15] INFO  server.RaftServer$Division (RaftServerImpl.java:requestVote(1324)) - s2@group-6912872F20E7 replies to PRE_VOTE vote request: s3<-s2#0:FAIL-t2. Peer's state: s2@group-6912872F20E7:t2, leader=s1, voted=s1, raftlog=Memoized:s2@group-6912872F20E7-SegmentedRaftLog:OPENED:c0, conf=0: peers:[s3|rpc:localhost:39579|admin:localhost:42243|client:localhost:33409|dataStream:localhost:46293|priority:0|startupRole:FOLLOWER, s4|rpc:localhost:45747|admin:localhost:35149|client:localhost:44435|dataStream:localhost:42993|priority:0|startupRole:FOLLOWER, s0|rpc:localhost:36179|admin:localhost:46501|client:localhost:36175|dataStream:localhost:33505|priority:0|startupRole:FOLLOWER, s1|rpc:localhost:36635|admin:localhost:41981|client:localhost:39775|dataStream:localhost:41297|priority:0|startupRole:FOLLOWER, s2|rpc:localhost:36969|admin:localhost:37929|client:localhost:40489|dataStream:localhost:38077|priority:0|startupRole:FOLLOWER]|listeners:[], old=null
2022-10-24 03:16:27,217 [s1@group-6912872F20E7->s4-GrpcLogAppender-LogAppenderDaemon] INFO  util.CodeInjectionForTesting (DelayLocalExecutionInjection.java:execute(65)) - s1 delay 150 ms, args=[serverRequest {
  requestorId: "s1"
  replyId: "s4"
  raftGroupId {
    id: "\226\001\321s\341\rE_\235\364i\022\207/ \347"
  }
  callId: 115
  slidingWindowEntry {
  }
}
leaderTerm: 2
previousLog {
  term: 2
}
initializing: true
commitInfos {
  server {
    id: "s1"
    address: "localhost:36635"
    dataStreamAddress: "localhost:41297"
    clientAddress: "localhost:39775"
    adminAddress: "localhost:41981"
    startupRole: FOLLOWER
  }
}
commitInfos {
  server {
    id: "s3"
    address: "localhost:39579"
    dataStreamAddress: "localhost:46293"
    clientAddress: "localhost:33409"
    adminAddress: "localhost:42243"
    startupRole: FOLLOWER
  }
}
commitInfos {
  server {
    id: "s4"
    address: "localhost:45747"
    dataStreamAddress: "localhost:42993"
    clientAddress: "localhost:44435"
    adminAddress: "localhost:35149"
    startupRole: FOLLOWER
  }
}
commitInfos {
  server {
    id: "s0"
    address: "localhost:36179"
    dataStreamAddress: "localhost:33505"
    clientAddress: "localhost:36175"
    adminAddress: "localhost:46501"
    startupRole: FOLLOWER
  }
}
commitInfos {
  server {
    id: "s2"
    address: "localhost:36969"
    dataStreamAddress: "localhost:38077"
    clientAddress: "localhost:40489"
    adminAddress: "localhost:37929"
    startupRole: FOLLOWER
  }
}
]
2022-10-24 03:16:27,318 [s2@group-6912872F20E7-FollowerState] INFO  impl.FollowerState (FollowerState.java:run(143)) - s2@group-6912872F20E7-FollowerState: change to CANDIDATE, lastRpcElapsedTime:203377574ns, electionTimeout:167ms
2022-10-24 03:16:27,318 [s2@group-6912872F20E7-FollowerState] INFO  impl.RoleInfo (RoleInfo.java:shutdownFollowerState(110)) - s2: shutdown s2@group-6912872F20E7-FollowerState
2022-10-24 03:16:27,318 [s2@group-6912872F20E7-FollowerState] INFO  server.RaftServer$Division (RaftServerImpl.java:setRole(325)) - s2@group-6912872F20E7: changes role from  FOLLOWER to CANDIDATE at term 2 for changeToCandidate
2022-10-24 03:16:27,318 [s2@group-6912872F20E7-FollowerState] INFO  server.RaftServerConfigKeys (ConfUtils.java:logGet(46)) - raft.server.leaderelection.pre-vote = true (default)
2022-10-24 03:16:27,318 [s2@group-6912872F20E7-FollowerState] INFO  impl.RoleInfo (RoleInfo.java:updateAndGet(139)) - s2: start s2@group-6912872F20E7-LeaderElection40
2022-10-24 03:16:27,319 [s2@group-6912872F20E7-LeaderElection40] INFO  server.RaftServer$Division (ServerState.java:setLeader(259)) - s2@group-6912872F20E7: change Leader from s1 to null at term 2 for PRE_VOTE
2022-10-24 03:16:27,319 [s2@group-6912872F20E7-LeaderElection40] INFO  impl.LeaderElection (LeaderElection.java:askForVotes(309)) - s2@group-6912872F20E7-LeaderElection40 PRE_VOTE round 0: submit vote requests at term 2 for 0: peers:[s3|rpc:localhost:39579|admin:localhost:42243|client:localhost:33409|dataStream:localhost:46293|priority:0|startupRole:FOLLOWER, s4|rpc:localhost:45747|admin:localhost:35149|client:localhost:44435|dataStream:localhost:42993|priority:0|startupRole:FOLLOWER, s0|rpc:localhost:36179|admin:localhost:46501|client:localhost:36175|dataStream:localhost:33505|priority:0|startupRole:FOLLOWER, s1|rpc:localhost:36635|admin:localhost:41981|client:localhost:39775|dataStream:localhost:41297|priority:0|startupRole:FOLLOWER, s2|rpc:localhost:36969|admin:localhost:37929|client:localhost:40489|dataStream:localhost:38077|priority:0|startupRole:FOLLOWER]|listeners:[], old=null
2022-10-24 03:16:27,319 [s2@group-6912872F20E7-LeaderElection40-1] INFO  util.CodeInjectionForTesting (DelayLocalExecutionInjection.java:execute(65)) - s2 delay 150 ms, args=[serverRequest {
  requestorId: "s2"
  replyId: "s3"
  raftGroupId {
    id: "\226\001\321s\341\rE_\235\364i\022\207/ \347"
  }
  slidingWindowEntry {
  }
}
candidateTerm: 2
candidateLastEntry {
  term: 2
}
preVote: true
]
2022-10-24 03:16:27,319 [s2@group-6912872F20E7-LeaderElection40-2] INFO  util.CodeInjectionForTesting (DelayLocalExecutionInjection.java:execute(65)) - s2 delay 150 ms, args=[serverRequest {
  requestorId: "s2"
  replyId: "s4"
  raftGroupId {
    id: "\226\001\321s\341\rE_\235\364i\022\207/ \347"
  }
  slidingWindowEntry {
  }
}
candidateTerm: 2
candidateLastEntry {
  term: 2
}
preVote: true
]
2022-10-24 03:16:27,320 [s2@group-6912872F20E7-LeaderElection40-3] INFO  util.CodeInjectionForTesting (DelayLocalExecutionInjection.java:execute(65)) - s2 delay 150 ms, args=[serverRequest {
  requestorId: "s2"
  replyId: "s0"
  raftGroupId {
    id: "\226\001\321s\341\rE_\235\364i\022\207/ \347"
  }
  slidingWindowEntry {
  }
}
candidateTerm: 2
candidateLastEntry {
  term: 2
}
preVote: true
]
2022-10-24 03:16:27,320 [s2@group-6912872F20E7-LeaderElection40-4] INFO  util.CodeInjectionForTesting (DelayLocalExecutionInjection.java:execute(65)) - s2 delay 150 ms, args=[serverRequest {
  requestorId: "s2"
  replyId: "s1"
  raftGroupId {
    id: "\226\001\321s\341\rE_\235\364i\022\207/ \347"
  }
  slidingWindowEntry {
  }
}
candidateTerm: 2
candidateLastEntry {
  term: 2
}
preVote: true
]
2022-10-24 03:16:27,332 [s1@group-6912872F20E7->s3-GrpcLogAppender-LogAppenderDaemon] INFO  util.CodeInjectionForTesting (DelayLocalExecutionInjection.java:execute(65)) - s1 delay 150 ms, args=[serverRequest {
  requestorId: "s1"
  replyId: "s3"
  raftGroupId {
    id: "\226\001\321s\341\rE_\235\364i\022\207/ \347"
  }
  callId: 230
  slidingWindowEntry {
  }
}
leaderTerm: 2
previousLog {
  term: 2
}
initializing: true
commitInfos {
  server {
    id: "s1"
    address: "localhost:36635"
    dataStreamAddress: "localhost:41297"
    clientAddress: "localhost:39775"
    adminAddress: "localhost:41981"
    startupRole: FOLLOWER
  }
}
commitInfos {
  server {
    id: "s3"
    address: "localhost:39579"
    dataStreamAddress: "localhost:46293"
    clientAddress: "localhost:33409"
    adminAddress: "localhost:42243"
    startupRole: FOLLOWER
  }
}
commitInfos {
  server {
    id: "s4"
    address: "localhost:45747"
    dataStreamAddress: "localhost:42993"
    clientAddress: "localhost:44435"
    adminAddress: "localhost:35149"
    startupRole: FOLLOWER
  }
}
commitInfos {
  server {
    id: "s0"
    address: "localhost:36179"
    dataStreamAddress: "localhost:33505"
    clientAddress: "localhost:36175"
    adminAddress: "localhost:46501"
    startupRole: FOLLOWER
  }
}
commitInfos {
  server {
    id: "s2"
    address: "localhost:36969"
    dataStreamAddress: "localhost:38077"
    clientAddress: "localhost:40489"
    adminAddress: "localhost:37929"
    startupRole: FOLLOWER
  }
}
]
2022-10-24 03:16:27,343 [s2-server-thread2] INFO  server.RaftServer$Division (RaftServerImpl.java:setRole(325)) - s2@group-6912872F20E7: changes role from CANDIDATE to FOLLOWER at term 2 for appendEntries
2022-10-24 03:16:27,344 [s2-server-thread2] INFO  impl.RoleInfo (RoleInfo.java:shutdownLeaderElection(130)) - s2: shutdown s2@group-6912872F20E7-LeaderElection40
2022-10-24 03:16:27,344 [s2-server-thread2] INFO  impl.RoleInfo (RoleInfo.java:updateAndGet(139)) - s2: start s2@group-6912872F20E7-FollowerState
2022-10-24 03:16:27,344 [s2-server-thread2] INFO  server.RaftServer$Division (ServerState.java:setLeader(259)) - s2@group-6912872F20E7: change Leader from null to s1 at term 2 for appendEntries, leader elected after 25ms
2022-10-24 03:16:27,355 [s3@group-6912872F20E7-FollowerState] INFO  impl.FollowerState (FollowerState.java:run(143)) - s3@group-6912872F20E7-FollowerState: change to CANDIDATE, lastRpcElapsedTime:164956100ns, electionTimeout:163ms
2022-10-24 03:16:27,355 [s3@group-6912872F20E7-FollowerState] INFO  impl.RoleInfo (RoleInfo.java:shutdownFollowerState(110)) - s3: shutdown s3@group-6912872F20E7-FollowerState
2022-10-24 03:16:27,355 [s3@group-6912872F20E7-FollowerState] INFO  server.RaftServer$Division (RaftServerImpl.java:setRole(325)) - s3@group-6912872F20E7: changes role from  FOLLOWER to CANDIDATE at term 2 for changeToCandidate
2022-10-24 03:16:27,356 [s3@group-6912872F20E7-FollowerState] INFO  server.RaftServerConfigKeys (ConfUtils.java:logGet(46)) - raft.server.leaderelection.pre-vote = true (default)
2022-10-24 03:16:27,356 [s3@group-6912872F20E7-FollowerState] INFO  impl.RoleInfo (RoleInfo.java:updateAndGet(139)) - s3: start s3@group-6912872F20E7-LeaderElection41
2022-10-24 03:16:27,356 [s3@group-6912872F20E7-LeaderElection41] INFO  impl.LeaderElection (LeaderElection.java:askForVotes(309)) - s3@group-6912872F20E7-LeaderElection41 PRE_VOTE round 0: submit vote requests at term 2 for 0: peers:[s3|rpc:localhost:39579|admin:localhost:42243|client:localhost:33409|dataStream:localhost:46293|priority:0|startupRole:FOLLOWER, s4|rpc:localhost:45747|admin:localhost:35149|client:localhost:44435|dataStream:localhost:42993|priority:0|startupRole:FOLLOWER, s0|rpc:localhost:36179|admin:localhost:46501|client:localhost:36175|dataStream:localhost:33505|priority:0|startupRole:FOLLOWER, s1|rpc:localhost:36635|admin:localhost:41981|client:localhost:39775|dataStream:localhost:41297|priority:0|startupRole:FOLLOWER, s2|rpc:localhost:36969|admin:localhost:37929|client:localhost:40489|dataStream:localhost:38077|priority:0|startupRole:FOLLOWER]|listeners:[], old=null
2022-10-24 03:16:27,360 [grpc-default-executor-4] INFO  server.RaftServer$Division (RaftServerImpl.java:requestVote(1291)) - s4@group-6912872F20E7: receive requestVote(PRE_VOTE, s3, group-6912872F20E7, 2, (t:1, i:0))
2022-10-24 03:16:27,360 [grpc-default-executor-4] INFO  impl.VoteContext (VoteContext.java:log(49)) - s4@group-6912872F20E7-FOLLOWER: reject PRE_VOTE from s3: our last entry (t:2, i:0) > candidate's last entry (t:1, i:0)
2022-10-24 03:16:27,360 [grpc-default-executor-4] INFO  server.RaftServer$Division (RaftServerImpl.java:requestVote(1324)) - s4@group-6912872F20E7 replies to PRE_VOTE vote request: s3<-s4#0:FAIL-t2. Peer's state: s4@group-6912872F20E7:t2, leader=s1, voted=s1, raftlog=Memoized:s4@group-6912872F20E7-SegmentedRaftLog:OPENED:c0, conf=0: peers:[s3|rpc:localhost:39579|admin:localhost:42243|client:localhost:33409|dataStream:localhost:46293|priority:0|startupRole:FOLLOWER, s4|rpc:localhost:45747|admin:localhost:35149|client:localhost:44435|dataStream:localhost:42993|priority:0|startupRole:FOLLOWER, s0|rpc:localhost:36179|admin:localhost:46501|client:localhost:36175|dataStream:localhost:33505|priority:0|startupRole:FOLLOWER, s1|rpc:localhost:36635|admin:localhost:41981|client:localhost:39775|dataStream:localhost:41297|priority:0|startupRole:FOLLOWER, s2|rpc:localhost:36969|admin:localhost:37929|client:localhost:40489|dataStream:localhost:38077|priority:0|startupRole:FOLLOWER]|listeners:[], old=null
2022-10-24 03:16:27,361 [grpc-default-executor-15] INFO  server.RaftServer$Division (RaftServerImpl.java:requestVote(1291)) - s0@group-6912872F20E7: receive requestVote(PRE_VOTE, s3, group-6912872F20E7, 2, (t:1, i:0))
2022-10-24 03:16:27,361 [grpc-default-executor-15] INFO  impl.VoteContext (VoteContext.java:log(49)) - s0@group-6912872F20E7-FOLLOWER: reject PRE_VOTE from s3: this server is a follower and still has a valid leader s1
2022-10-24 03:16:27,361 [grpc-default-executor-15] INFO  server.RaftServer$Division (RaftServerImpl.java:requestVote(1324)) - s0@group-6912872F20E7 replies to PRE_VOTE vote request: s3<-s0#0:FAIL-t2. Peer's state: s0@group-6912872F20E7:t2, leader=s1, voted=s1, raftlog=Memoized:s0@group-6912872F20E7-SegmentedRaftLog:OPENED:c0, conf=0: peers:[s3|rpc:localhost:39579|admin:localhost:42243|client:localhost:33409|dataStream:localhost:46293|priority:0|startupRole:FOLLOWER, s4|rpc:localhost:45747|admin:localhost:35149|client:localhost:44435|dataStream:localhost:42993|priority:0|startupRole:FOLLOWER, s0|rpc:localhost:36179|admin:localhost:46501|client:localhost:36175|dataStream:localhost:33505|priority:0|startupRole:FOLLOWER, s1|rpc:localhost:36635|admin:localhost:41981|client:localhost:39775|dataStream:localhost:41297|priority:0|startupRole:FOLLOWER, s2|rpc:localhost:36969|admin:localhost:37929|client:localhost:40489|dataStream:localhost:38077|priority:0|startupRole:FOLLOWER]|listeners:[], old=null
2022-10-24 03:16:27,362 [grpc-default-executor-4] INFO  server.RaftServer$Division (RaftServerImpl.java:requestVote(1291)) - s1@group-6912872F20E7: receive requestVote(PRE_VOTE, s3, group-6912872F20E7, 2, (t:1, i:0))
2022-10-24 03:16:27,362 [grpc-default-executor-4] INFO  impl.VoteContext (VoteContext.java:log(49)) - s1@group-6912872F20E7-LEADER: reject PRE_VOTE from s3: this server is the leader and still has leadership
2022-10-24 03:16:27,362 [grpc-default-executor-4] INFO  server.RaftServer$Division (RaftServerImpl.java:requestVote(1324)) - s1@group-6912872F20E7 replies to PRE_VOTE vote request: s3<-s1#0:FAIL-t2. Peer's state: s1@group-6912872F20E7:t2, leader=s1, voted=s1, raftlog=Memoized:s1@group-6912872F20E7-SegmentedRaftLog:OPENED:c0, conf=0: peers:[s3|rpc:localhost:39579|admin:localhost:42243|client:localhost:33409|dataStream:localhost:46293|priority:0|startupRole:FOLLOWER, s4|rpc:localhost:45747|admin:localhost:35149|client:localhost:44435|dataStream:localhost:42993|priority:0|startupRole:FOLLOWER, s0|rpc:localhost:36179|admin:localhost:46501|client:localhost:36175|dataStream:localhost:33505|priority:0|startupRole:FOLLOWER, s1|rpc:localhost:36635|admin:localhost:41981|client:localhost:39775|dataStream:localhost:41297|priority:0|startupRole:FOLLOWER, s2|rpc:localhost:36969|admin:localhost:37929|client:localhost:40489|dataStream:localhost:38077|priority:0|startupRole:FOLLOWER]|listeners:[], old=null
2022-10-24 03:16:27,364 [grpc-default-executor-15] INFO  server.RaftServer$Division (RaftServerImpl.java:requestVote(1291)) - s2@group-6912872F20E7: receive requestVote(PRE_VOTE, s3, group-6912872F20E7, 2, (t:1, i:0))
2022-10-24 03:16:27,364 [grpc-default-executor-15] INFO  impl.VoteContext (VoteContext.java:log(49)) - s2@group-6912872F20E7-FOLLOWER: reject PRE_VOTE from s3: this server is a follower and still has a valid leader s1
2022-10-24 03:16:27,364 [grpc-default-executor-15] INFO  server.RaftServer$Division (RaftServerImpl.java:requestVote(1324)) - s2@group-6912872F20E7 replies to PRE_VOTE vote request: s3<-s2#0:FAIL-t2. Peer's state: s2@group-6912872F20E7:t2, leader=s1, voted=s1, raftlog=Memoized:s2@group-6912872F20E7-SegmentedRaftLog:OPENED:c0, conf=0: peers:[s3|rpc:localhost:39579|admin:localhost:42243|client:localhost:33409|dataStream:localhost:46293|priority:0|startupRole:FOLLOWER, s4|rpc:localhost:45747|admin:localhost:35149|client:localhost:44435|dataStream:localhost:42993|priority:0|startupRole:FOLLOWER, s0|rpc:localhost:36179|admin:localhost:46501|client:localhost:36175|dataStream:localhost:33505|priority:0|startupRole:FOLLOWER, s1|rpc:localhost:36635|admin:localhost:41981|client:localhost:39775|dataStream:localhost:41297|priority:0|startupRole:FOLLOWER, s2|rpc:localhost:36969|admin:localhost:37929|client:localhost:40489|dataStream:localhost:38077|priority:0|startupRole:FOLLOWER]|listeners:[], old=null
2022-10-24 03:16:27,364 [s3@group-6912872F20E7-LeaderElection41] INFO  impl.LeaderElection (LeaderElection.java:logAndReturn(89)) - s3@group-6912872F20E7-LeaderElection41: PRE_VOTE REJECTED received 3 response(s) and 0 exception(s):
2022-10-24 03:16:27,364 [s3@group-6912872F20E7-LeaderElection41] INFO  impl.LeaderElection (LeaderElection.java:logAndReturn(93)) -   Response 0: s3<-s4#0:FAIL-t2
2022-10-24 03:16:27,365 [s3@group-6912872F20E7-LeaderElection41] INFO  impl.LeaderElection (LeaderElection.java:logAndReturn(93)) -   Response 1: s3<-s0#0:FAIL-t2
2022-10-24 03:16:27,365 [s3@group-6912872F20E7-LeaderElection41] INFO  impl.LeaderElection (LeaderElection.java:logAndReturn(93)) -   Response 2: s3<-s1#0:FAIL-t2
2022-10-24 03:16:27,365 [s3@group-6912872F20E7-LeaderElection41] INFO  impl.LeaderElection (LeaderElection.java:askForVotes(311)) - s3@group-6912872F20E7-LeaderElection41 PRE_VOTE round 0: result REJECTED
2022-10-24 03:16:27,365 [s3@group-6912872F20E7-LeaderElection41] INFO  server.RaftServer$Division (RaftServerImpl.java:setRole(325)) - s3@group-6912872F20E7: changes role from CANDIDATE to FOLLOWER at term 2 for REJECTED
2022-10-24 03:16:27,365 [s3@group-6912872F20E7-LeaderElection41] INFO  impl.RoleInfo (RoleInfo.java:shutdownLeaderElection(130)) - s3: shutdown s3@group-6912872F20E7-LeaderElection41
2022-10-24 03:16:27,365 [s3@group-6912872F20E7-LeaderElection41] INFO  impl.RoleInfo (RoleInfo.java:updateAndGet(139)) - s3: start s3@group-6912872F20E7-FollowerState
2022-10-24 03:16:27,415 [s1@group-6912872F20E7->s0-GrpcLogAppender-LogAppenderDaemon] INFO  util.CodeInjectionForTesting (DelayLocalExecutionInjection.java:execute(65)) - s1 delay 150 ms, args=[serverRequest {
  requestorId: "s1"
  replyId: "s0"
  raftGroupId {
    id: "\226\001\321s\341\rE_\235\364i\022\207/ \347"
  }
  callId: 117
  slidingWindowEntry {
  }
}
leaderTerm: 2
previousLog {
  term: 2
}
initializing: true
commitInfos {
  server {
    id: "s1"
    address: "localhost:36635"
    dataStreamAddress: "localhost:41297"
    clientAddress: "localhost:39775"
    adminAddress: "localhost:41981"
    startupRole: FOLLOWER
  }
}
commitInfos {
  server {
    id: "s3"
    address: "localhost:39579"
    dataStreamAddress: "localhost:46293"
    clientAddress: "localhost:33409"
    adminAddress: "localhost:42243"
    startupRole: FOLLOWER
  }
}
commitInfos {
  server {
    id: "s4"
    address: "localhost:45747"
    dataStreamAddress: "localhost:42993"
    clientAddress: "localhost:44435"
    adminAddress: "localhost:35149"
    startupRole: FOLLOWER
  }
}
commitInfos {
  server {
    id: "s0"
    address: "localhost:36179"
    dataStreamAddress: "localhost:33505"
    clientAddress: "localhost:36175"
    adminAddress: "localhost:46501"
    startupRole: FOLLOWER
  }
}
commitInfos {
  server {
    id: "s2"
    address: "localhost:36969"
    dataStreamAddress: "localhost:38077"
    clientAddress: "localhost:40489"
    adminAddress: "localhost:37929"
    startupRole: FOLLOWER
  }
}
]
2022-10-24 03:16:27,420 [s1@group-6912872F20E7->s2-GrpcLogAppender-LogAppenderDaemon] INFO  util.CodeInjectionForTesting (DelayLocalExecutionInjection.java:execute(65)) - s1 delay 150 ms, args=[serverRequest {
  requestorId: "s1"
  replyId: "s2"
  raftGroupId {
    id: "\226\001\321s\341\rE_\235\364i\022\207/ \347"
  }
  callId: 116
  slidingWindowEntry {
  }
}
leaderTerm: 2
previousLog {
  term: 2
}
initializing: true
commitInfos {
  server {
    id: "s1"
    address: "localhost:36635"
    dataStreamAddress: "localhost:41297"
    clientAddress: "localhost:39775"
    adminAddress: "localhost:41981"
    startupRole: FOLLOWER
  }
}
commitInfos {
  server {
    id: "s3"
    address: "localhost:39579"
    dataStreamAddress: "localhost:46293"
    clientAddress: "localhost:33409"
    adminAddress: "localhost:42243"
    startupRole: FOLLOWER
  }
}
commitInfos {
  server {
    id: "s4"
    address: "localhost:45747"
    dataStreamAddress: "localhost:42993"
    clientAddress: "localhost:44435"
    adminAddress: "localhost:35149"
    startupRole: FOLLOWER
  }
}
commitInfos {
  server {
    id: "s0"
    address: "localhost:36179"
    dataStreamAddress: "localhost:33505"
    clientAddress: "localhost:36175"
    adminAddress: "localhost:46501"
    startupRole: FOLLOWER
  }
}
commitInfos {
  server {
    id: "s2"
    address: "localhost:36969"
    dataStreamAddress: "localhost:38077"
    clientAddress: "localhost:40489"
    adminAddress: "localhost:37929"
    startupRole: FOLLOWER
  }
}
]
2022-10-24 03:16:27,444 [s1@group-6912872F20E7->s4-GrpcLogAppender-LogAppenderDaemon] INFO  util.CodeInjectionForTesting (DelayLocalExecutionInjection.java:execute(65)) - s1 delay 150 ms, args=[serverRequest {
  requestorId: "s1"
  replyId: "s4"
  raftGroupId {
    id: "\226\001\321s\341\rE_\235\364i\022\207/ \347"
  }
  callId: 116
  slidingWindowEntry {
  }
}
leaderTerm: 2
previousLog {
  term: 2
}
initializing: true
commitInfos {
  server {
    id: "s1"
    address: "localhost:36635"
    dataStreamAddress: "localhost:41297"
    clientAddress: "localhost:39775"
    adminAddress: "localhost:41981"
    startupRole: FOLLOWER
  }
}
commitInfos {
  server {
    id: "s3"
    address: "localhost:39579"
    dataStreamAddress: "localhost:46293"
    clientAddress: "localhost:33409"
    adminAddress: "localhost:42243"
    startupRole: FOLLOWER
  }
}
commitInfos {
  server {
    id: "s4"
    address: "localhost:45747"
    dataStreamAddress: "localhost:42993"
    clientAddress: "localhost:44435"
    adminAddress: "localhost:35149"
    startupRole: FOLLOWER
  }
}
commitInfos {
  server {
    id: "s0"
    address: "localhost:36179"
    dataStreamAddress: "localhost:33505"
    clientAddress: "localhost:36175"
    adminAddress: "localhost:46501"
    startupRole: FOLLOWER
  }
}
commitInfos {
  server {
    id: "s2"
    address: "localhost:36969"
    dataStreamAddress: "localhost:38077"
    clientAddress: "localhost:40489"
    adminAddress: "localhost:37929"
    startupRole: FOLLOWER
  }
}
]
2022-10-24 03:16:27,471 [grpc-default-executor-15] INFO  util.CodeInjectionForTesting (BlockRequestHandlingInjection.java:execute(77)) - s3: Block request from s2
2022-10-24 03:16:27,472 [grpc-default-executor-34] INFO  server.RaftServer$Division (RaftServerImpl.java:requestVote(1291)) - s0@group-6912872F20E7: receive requestVote(PRE_VOTE, s2, group-6912872F20E7, 2, (t:2, i:0))
2022-10-24 03:16:27,472 [grpc-default-executor-34] INFO  impl.VoteContext (VoteContext.java:log(49)) - s0@group-6912872F20E7-FOLLOWER: reject PRE_VOTE from s2: this server is a follower and still has a valid leader s1
2022-10-24 03:16:27,472 [grpc-default-executor-34] INFO  server.RaftServer$Division (RaftServerImpl.java:requestVote(1324)) - s0@group-6912872F20E7 replies to PRE_VOTE vote request: s2<-s0#0:FAIL-t2. Peer's state: s0@group-6912872F20E7:t2, leader=s1, voted=s1, raftlog=Memoized:s0@group-6912872F20E7-SegmentedRaftLog:OPENED:c0, conf=0: peers:[s3|rpc:localhost:39579|admin:localhost:42243|client:localhost:33409|dataStream:localhost:46293|priority:0|startupRole:FOLLOWER, s4|rpc:localhost:45747|admin:localhost:35149|client:localhost:44435|dataStream:localhost:42993|priority:0|startupRole:FOLLOWER, s0|rpc:localhost:36179|admin:localhost:46501|client:localhost:36175|dataStream:localhost:33505|priority:0|startupRole:FOLLOWER, s1|rpc:localhost:36635|admin:localhost:41981|client:localhost:39775|dataStream:localhost:41297|priority:0|startupRole:FOLLOWER, s2|rpc:localhost:36969|admin:localhost:37929|client:localhost:40489|dataStream:localhost:38077|priority:0|startupRole:FOLLOWER]|listeners:[], old=null
2022-10-24 03:16:27,472 [grpc-default-executor-25] INFO  server.RaftServer$Division (RaftServerImpl.java:requestVote(1291)) - s1@group-6912872F20E7: receive requestVote(PRE_VOTE, s2, group-6912872F20E7, 2, (t:2, i:0))
2022-10-24 03:16:27,472 [grpc-default-executor-25] INFO  impl.VoteContext (VoteContext.java:log(49)) - s1@group-6912872F20E7-LEADER: reject PRE_VOTE from s2: this server is the leader and still has leadership
2022-10-24 03:16:27,472 [grpc-default-executor-25] INFO  server.RaftServer$Division (RaftServerImpl.java:requestVote(1324)) - s1@group-6912872F20E7 replies to PRE_VOTE vote request: s2<-s1#0:FAIL-t2. Peer's state: s1@group-6912872F20E7:t2, leader=s1, voted=s1, raftlog=Memoized:s1@group-6912872F20E7-SegmentedRaftLog:OPENED:c0, conf=0: peers:[s3|rpc:localhost:39579|admin:localhost:42243|client:localhost:33409|dataStream:localhost:46293|priority:0|startupRole:FOLLOWER, s4|rpc:localhost:45747|admin:localhost:35149|client:localhost:44435|dataStream:localhost:42993|priority:0|startupRole:FOLLOWER, s0|rpc:localhost:36179|admin:localhost:46501|client:localhost:36175|dataStream:localhost:33505|priority:0|startupRole:FOLLOWER, s1|rpc:localhost:36635|admin:localhost:41981|client:localhost:39775|dataStream:localhost:41297|priority:0|startupRole:FOLLOWER, s2|rpc:localhost:36969|admin:localhost:37929|client:localhost:40489|dataStream:localhost:38077|priority:0|startupRole:FOLLOWER]|listeners:[], old=null
2022-10-24 03:16:27,472 [grpc-default-executor-4] INFO  server.RaftServer$Division (RaftServerImpl.java:requestVote(1291)) - s4@group-6912872F20E7: receive requestVote(PRE_VOTE, s2, group-6912872F20E7, 2, (t:2, i:0))
2022-10-24 03:16:27,472 [grpc-default-executor-4] INFO  impl.VoteContext (VoteContext.java:log(49)) - s4@group-6912872F20E7-FOLLOWER: reject PRE_VOTE from s2: this server is a follower and still has a valid leader s1
2022-10-24 03:16:27,472 [grpc-default-executor-4] INFO  server.RaftServer$Division (RaftServerImpl.java:requestVote(1324)) - s4@group-6912872F20E7 replies to PRE_VOTE vote request: s2<-s4#0:FAIL-t2. Peer's state: s4@group-6912872F20E7:t2, leader=s1, voted=s1, raftlog=Memoized:s4@group-6912872F20E7-SegmentedRaftLog:OPENED:c0, conf=0: peers:[s3|rpc:localhost:39579|admin:localhost:42243|client:localhost:33409|dataStream:localhost:46293|priority:0|startupRole:FOLLOWER, s4|rpc:localhost:45747|admin:localhost:35149|client:localhost:44435|dataStream:localhost:42993|priority:0|startupRole:FOLLOWER, s0|rpc:localhost:36179|admin:localhost:46501|client:localhost:36175|dataStream:localhost:33505|priority:0|startupRole:FOLLOWER, s1|rpc:localhost:36635|admin:localhost:41981|client:localhost:39775|dataStream:localhost:41297|priority:0|startupRole:FOLLOWER, s2|rpc:localhost:36969|admin:localhost:37929|client:localhost:40489|dataStream:localhost:38077|priority:0|startupRole:FOLLOWER]|listeners:[], old=null
2022-10-24 03:16:27,474 [s2@group-6912872F20E7-LeaderElection40] INFO  impl.LeaderElection (LeaderElection.java:logAndReturn(89)) - s2@group-6912872F20E7-LeaderElection40: PRE_VOTE REJECTED received 1 response(s) and 0 exception(s):
2022-10-24 03:16:27,474 [s2@group-6912872F20E7-LeaderElection40] INFO  impl.LeaderElection (LeaderElection.java:logAndReturn(93)) -   Response 0: s2<-s0#0:FAIL-t2
2022-10-24 03:16:27,474 [s2@group-6912872F20E7-LeaderElection40] INFO  impl.LeaderElection (LeaderElection.java:askForVotes(311)) - s2@group-6912872F20E7-LeaderElection40 PRE_VOTE round 0: result REJECTED
2022-10-24 03:16:27,520 [s1@group-6912872F20E7->s3-GrpcLogAppender-LogAppenderDaemon] INFO  util.CodeInjectionForTesting (DelayLocalExecutionInjection.java:execute(65)) - s1 delay 150 ms, args=[serverRequest {
  requestorId: "s1"
  replyId: "s3"
  raftGroupId {
    id: "\226\001\321s\341\rE_\235\364i\022\207/ \347"
  }
  callId: 231
  slidingWindowEntry {
  }
}
leaderTerm: 2
previousLog {
  term: 2
}
initializing: true
commitInfos {
  server {
    id: "s1"
    address: "localhost:36635"
    dataStreamAddress: "localhost:41297"
    clientAddress: "localhost:39775"
    adminAddress: "localhost:41981"
    startupRole: FOLLOWER
  }
}
commitInfos {
  server {
    id: "s3"
    address: "localhost:39579"
    dataStreamAddress: "localhost:46293"
    clientAddress: "localhost:33409"
    adminAddress: "localhost:42243"
    startupRole: FOLLOWER
  }
}
commitInfos {
  server {
    id: "s4"
    address: "localhost:45747"
    dataStreamAddress: "localhost:42993"
    clientAddress: "localhost:44435"
    adminAddress: "localhost:35149"
    startupRole: FOLLOWER
  }
}
commitInfos {
  server {
    id: "s0"
    address: "localhost:36179"
    dataStreamAddress: "localhost:33505"
    clientAddress: "localhost:36175"
    adminAddress: "localhost:46501"
    startupRole: FOLLOWER
  }
}
commitInfos {
  server {
    id: "s2"
    address: "localhost:36969"
    dataStreamAddress: "localhost:38077"
    clientAddress: "localhost:40489"
    adminAddress: "localhost:37929"
    startupRole: FOLLOWER
  }
}
]
2022-10-24 03:16:27,599 [Time-limited test] INFO  server.RaftServerConfigKeys (ConfUtils.java:logGet(46)) - raft.server.rpc.timeout.max = 300ms (default)
2022-10-24 03:16:27,632 [s3@group-6912872F20E7-FollowerState] INFO  impl.FollowerState (FollowerState.java:run(143)) - s3@group-6912872F20E7-FollowerState: change to CANDIDATE, lastRpcElapsedTime:266966691ns, electionTimeout:266ms
2022-10-24 03:16:27,632 [s3@group-6912872F20E7-FollowerState] INFO  impl.RoleInfo (RoleInfo.java:shutdownFollowerState(110)) - s3: shutdown s3@group-6912872F20E7-FollowerState
2022-10-24 03:16:27,632 [s3@group-6912872F20E7-FollowerState] INFO  server.RaftServer$Division (RaftServerImpl.java:setRole(325)) - s3@group-6912872F20E7: changes role from  FOLLOWER to CANDIDATE at term 2 for changeToCandidate
2022-10-24 03:16:27,632 [s3@group-6912872F20E7-FollowerState] INFO  server.RaftServerConfigKeys (ConfUtils.java:logGet(46)) - raft.server.leaderelection.pre-vote = true (default)
2022-10-24 03:16:27,632 [s3@group-6912872F20E7-FollowerState] INFO  impl.RoleInfo (RoleInfo.java:updateAndGet(139)) - s3: start s3@group-6912872F20E7-LeaderElection42
2022-10-24 03:16:27,632 [s3@group-6912872F20E7-LeaderElection42] INFO  impl.LeaderElection (LeaderElection.java:askForVotes(309)) - s3@group-6912872F20E7-LeaderElection42 PRE_VOTE round 0: submit vote requests at term 2 for 0: peers:[s3|rpc:localhost:39579|admin:localhost:42243|client:localhost:33409|dataStream:localhost:46293|priority:0|startupRole:FOLLOWER, s4|rpc:localhost:45747|admin:localhost:35149|client:localhost:44435|dataStream:localhost:42993|priority:0|startupRole:FOLLOWER, s0|rpc:localhost:36179|admin:localhost:46501|client:localhost:36175|dataStream:localhost:33505|priority:0|startupRole:FOLLOWER, s1|rpc:localhost:36635|admin:localhost:41981|client:localhost:39775|dataStream:localhost:41297|priority:0|startupRole:FOLLOWER, s2|rpc:localhost:36969|admin:localhost:37929|client:localhost:40489|dataStream:localhost:38077|priority:0|startupRole:FOLLOWER]|listeners:[], old=null
2022-10-24 03:16:27,634 [grpc-default-executor-25] INFO  server.RaftServer$Division (RaftServerImpl.java:requestVote(1291)) - s4@group-6912872F20E7: receive requestVote(PRE_VOTE, s3, group-6912872F20E7, 2, (t:1, i:0))
2022-10-24 03:16:27,634 [grpc-default-executor-25] INFO  impl.VoteContext (VoteContext.java:log(49)) - s4@group-6912872F20E7-FOLLOWER: reject PRE_VOTE from s3: this server is a follower and still has a valid leader s1
2022-10-24 03:16:27,634 [grpc-default-executor-25] INFO  server.RaftServer$Division (RaftServerImpl.java:requestVote(1324)) - s4@group-6912872F20E7 replies to PRE_VOTE vote request: s3<-s4#0:FAIL-t2. Peer's state: s4@group-6912872F20E7:t2, leader=s1, voted=s1, raftlog=Memoized:s4@group-6912872F20E7-SegmentedRaftLog:OPENED:c0, conf=0: peers:[s3|rpc:localhost:39579|admin:localhost:42243|client:localhost:33409|dataStream:localhost:46293|priority:0|startupRole:FOLLOWER, s4|rpc:localhost:45747|admin:localhost:35149|client:localhost:44435|dataStream:localhost:42993|priority:0|startupRole:FOLLOWER, s0|rpc:localhost:36179|admin:localhost:46501|client:localhost:36175|dataStream:localhost:33505|priority:0|startupRole:FOLLOWER, s1|rpc:localhost:36635|admin:localhost:41981|client:localhost:39775|dataStream:localhost:41297|priority:0|startupRole:FOLLOWER, s2|rpc:localhost:36969|admin:localhost:37929|client:localhost:40489|dataStream:localhost:38077|priority:0|startupRole:FOLLOWER]|listeners:[], old=null
2022-10-24 03:16:27,637 [grpc-default-executor-4] INFO  server.RaftServer$Division (RaftServerImpl.java:requestVote(1291)) - s1@group-6912872F20E7: receive requestVote(PRE_VOTE, s3, group-6912872F20E7, 2, (t:1, i:0))
2022-10-24 03:16:27,637 [grpc-default-executor-4] INFO  impl.VoteContext (VoteContext.java:log(49)) - s1@group-6912872F20E7-LEADER: reject PRE_VOTE from s3: this server is the leader and still has leadership
2022-10-24 03:16:27,637 [grpc-default-executor-4] INFO  server.RaftServer$Division (RaftServerImpl.java:requestVote(1324)) - s1@group-6912872F20E7 replies to PRE_VOTE vote request: s3<-s1#0:FAIL-t2. Peer's state: s1@group-6912872F20E7:t2, leader=s1, voted=s1, raftlog=Memoized:s1@group-6912872F20E7-SegmentedRaftLog:OPENED:c0, conf=0: peers:[s3|rpc:localhost:39579|admin:localhost:42243|client:localhost:33409|dataStream:localhost:46293|priority:0|startupRole:FOLLOWER, s4|rpc:localhost:45747|admin:localhost:35149|client:localhost:44435|dataStream:localhost:42993|priority:0|startupRole:FOLLOWER, s0|rpc:localhost:36179|admin:localhost:46501|client:localhost:36175|dataStream:localhost:33505|priority:0|startupRole:FOLLOWER, s1|rpc:localhost:36635|admin:localhost:41981|client:localhost:39775|dataStream:localhost:41297|priority:0|startupRole:FOLLOWER, s2|rpc:localhost:36969|admin:localhost:37929|client:localhost:40489|dataStream:localhost:38077|priority:0|startupRole:FOLLOWER]|listeners:[], old=null
2022-10-24 03:16:27,637 [grpc-default-executor-25] INFO  server.RaftServer$Division (RaftServerImpl.java:requestVote(1291)) - s2@group-6912872F20E7: receive requestVote(PRE_VOTE, s3, group-6912872F20E7, 2, (t:1, i:0))
2022-10-24 03:16:27,637 [grpc-default-executor-25] INFO  impl.VoteContext (VoteContext.java:log(49)) - s2@group-6912872F20E7-FOLLOWER: reject PRE_VOTE from s3: this server is a follower and still has a valid leader s1
2022-10-24 03:16:27,638 [grpc-default-executor-25] INFO  server.RaftServer$Division (RaftServerImpl.java:requestVote(1324)) - s2@group-6912872F20E7 replies to PRE_VOTE vote request: s3<-s2#0:FAIL-t2. Peer's state: s2@group-6912872F20E7:t2, leader=s1, voted=s1, raftlog=Memoized:s2@group-6912872F20E7-SegmentedRaftLog:OPENED:c0, conf=0: peers:[s3|rpc:localhost:39579|admin:localhost:42243|client:localhost:33409|dataStream:localhost:46293|priority:0|startupRole:FOLLOWER, s4|rpc:localhost:45747|admin:localhost:35149|client:localhost:44435|dataStream:localhost:42993|priority:0|startupRole:FOLLOWER, s0|rpc:localhost:36179|admin:localhost:46501|client:localhost:36175|dataStream:localhost:33505|priority:0|startupRole:FOLLOWER, s1|rpc:localhost:36635|admin:localhost:41981|client:localhost:39775|dataStream:localhost:41297|priority:0|startupRole:FOLLOWER, s2|rpc:localhost:36969|admin:localhost:37929|client:localhost:40489|dataStream:localhost:38077|priority:0|startupRole:FOLLOWER]|listeners:[], old=null
2022-10-24 03:16:27,637 [grpc-default-executor-34] INFO  server.RaftServer$Division (RaftServerImpl.java:requestVote(1291)) - s0@group-6912872F20E7: receive requestVote(PRE_VOTE, s3, group-6912872F20E7, 2, (t:1, i:0))
2022-10-24 03:16:27,638 [grpc-default-executor-34] INFO  impl.VoteContext (VoteContext.java:log(49)) - s0@group-6912872F20E7-FOLLOWER: reject PRE_VOTE from s3: this server is a follower and still has a valid leader s1
2022-10-24 03:16:27,638 [grpc-default-executor-34] INFO  server.RaftServer$Division (RaftServerImpl.java:requestVote(1324)) - s0@group-6912872F20E7 replies to PRE_VOTE vote request: s3<-s0#0:FAIL-t2. Peer's state: s0@group-6912872F20E7:t2, leader=s1, voted=s1, raftlog=Memoized:s0@group-6912872F20E7-SegmentedRaftLog:OPENED:c0, conf=0: peers:[s3|rpc:localhost:39579|admin:localhost:42243|client:localhost:33409|dataStream:localhost:46293|priority:0|startupRole:FOLLOWER, s4|rpc:localhost:45747|admin:localhost:35149|client:localhost:44435|dataStream:localhost:42993|priority:0|startupRole:FOLLOWER, s0|rpc:localhost:36179|admin:localhost:46501|client:localhost:36175|dataStream:localhost:33505|priority:0|startupRole:FOLLOWER, s1|rpc:localhost:36635|admin:localhost:41981|client:localhost:39775|dataStream:localhost:41297|priority:0|startupRole:FOLLOWER, s2|rpc:localhost:36969|admin:localhost:37929|client:localhost:40489|dataStream:localhost:38077|priority:0|startupRole:FOLLOWER]|listeners:[], old=null
2022-10-24 03:16:27,639 [s3@group-6912872F20E7-LeaderElection42] INFO  impl.LeaderElection (LeaderElection.java:logAndReturn(89)) - s3@group-6912872F20E7-LeaderElection42: PRE_VOTE REJECTED received 3 response(s) and 0 exception(s):
2022-10-24 03:16:27,639 [s3@group-6912872F20E7-LeaderElection42] INFO  impl.LeaderElection (LeaderElection.java:logAndReturn(93)) -   Response 0: s3<-s4#0:FAIL-t2
2022-10-24 03:16:27,639 [s3@group-6912872F20E7-LeaderElection42] INFO  impl.LeaderElection (LeaderElection.java:logAndReturn(93)) -   Response 1: s3<-s0#0:FAIL-t2
2022-10-24 03:16:27,639 [s3@group-6912872F20E7-LeaderElection42] INFO  impl.LeaderElection (LeaderElection.java:logAndReturn(93)) -   Response 2: s3<-s1#0:FAIL-t2
2022-10-24 03:16:27,639 [s3@group-6912872F20E7-LeaderElection42] INFO  impl.LeaderElection (LeaderElection.java:askForVotes(311)) - s3@group-6912872F20E7-LeaderElection42 PRE_VOTE round 0: result REJECTED
2022-10-24 03:16:27,639 [s3@group-6912872F20E7-LeaderElection42] INFO  server.RaftServer$Division (RaftServerImpl.java:setRole(325)) - s3@group-6912872F20E7: changes role from CANDIDATE to FOLLOWER at term 2 for REJECTED
2022-10-24 03:16:27,639 [s3@group-6912872F20E7-LeaderElection42] INFO  impl.RoleInfo (RoleInfo.java:shutdownLeaderElection(130)) - s3: shutdown s3@group-6912872F20E7-LeaderElection42
2022-10-24 03:16:27,639 [s3@group-6912872F20E7-LeaderElection42] INFO  impl.RoleInfo (RoleInfo.java:updateAndGet(139)) - s3: start s3@group-6912872F20E7-FollowerState
2022-10-24 03:16:27,771 [grpc-default-executor-15] INFO  util.CodeInjectionForTesting (BlockRequestHandlingInjection.java:execute(84)) - s3: unBlock request from s2
2022-10-24 03:16:27,771 [grpc-default-executor-15] INFO  server.RaftServer$Division (RaftServerImpl.java:requestVote(1291)) - s3@group-6912872F20E7: receive requestVote(PRE_VOTE, s2, group-6912872F20E7, 2, (t:2, i:0))
2022-10-24 03:16:27,771 [grpc-default-executor-15] INFO  impl.VoteContext (VoteContext.java:log(49)) - s3@group-6912872F20E7-FOLLOWER: accept PRE_VOTE from s2: our last entry (t:1, i:0) < candidate's last entry (t:2, i:0)
2022-10-24 03:16:27,771 [grpc-default-executor-15] INFO  server.RaftServer$Division (RaftServerImpl.java:requestVote(1324)) - s3@group-6912872F20E7 replies to PRE_VOTE vote request: s2<-s3#0:OK-t2. Peer's state: s3@group-6912872F20E7:t2, leader=null, voted=null, raftlog=Memoized:s3@group-6912872F20E7-SegmentedRaftLog:OPENED:c0, conf=0: peers:[s3|rpc:localhost:39579|admin:localhost:42243|client:localhost:33409|dataStream:localhost:46293|priority:0|startupRole:FOLLOWER, s4|rpc:localhost:45747|admin:localhost:35149|client:localhost:44435|dataStream:localhost:42993|priority:0|startupRole:FOLLOWER, s0|rpc:localhost:36179|admin:localhost:46501|client:localhost:36175|dataStream:localhost:33505|priority:0|startupRole:FOLLOWER, s1|rpc:localhost:36635|admin:localhost:41981|client:localhost:39775|dataStream:localhost:41297|priority:0|startupRole:FOLLOWER, s2|rpc:localhost:36969|admin:localhost:37929|client:localhost:40489|dataStream:localhost:38077|priority:0|startupRole:FOLLOWER]|listeners:[], old=null
2022-10-24 03:16:27,820 [s3-server-thread1] INFO  util.CodeInjectionForTesting (BlockRequestHandlingInjection.java:execute(84)) - s3: unBlock request from s1
2022-10-24 03:16:27,820 [s3-server-thread1] INFO  server.RaftServer$Division (ServerState.java:setLeader(259)) - s3@group-6912872F20E7: change Leader from null to s1 at term 2 for appendEntries, leader elected after 827ms
2022-10-24 03:16:27,820 [s3-server-thread1] INFO  server.RaftServer$Division (RaftServerImpl.java:checkInconsistentAppendEntries(1599)) - s3@group-6912872F20E7: Failed appendEntries as previous log entry ((t:2, i:0)) is not found
2022-10-24 03:16:27,820 [s3-server-thread1] INFO  server.RaftServer$Division (RaftServerImpl.java:checkInconsistentAppendEntries(1569)) - s3@group-6912872F20E7: inconsistency entries. Reply:s1<-s3#227:FAIL-t2,INCONSISTENCY,nextIndex=0,followerCommit=0,matchIndex=-1
2022-10-24 03:16:27,821 [s3-server-thread1] INFO  server.RaftServer$Division (RaftServerImpl.java:checkInconsistentAppendEntries(1599)) - s3@group-6912872F20E7: Failed appendEntries as previous log entry ((t:2, i:0)) is not found
2022-10-24 03:16:27,821 [grpc-default-executor-15] INFO  leader.FollowerInfo (FollowerInfoImpl.java:lambda$new$0(48)) - s1@group-6912872F20E7->s3: nextIndex: updateUnconditionally 1 -> 0
2022-10-24 03:16:27,821 [s3-server-thread1] INFO  server.RaftServer$Division (RaftServerImpl.java:checkInconsistentAppendEntries(1569)) - s3@group-6912872F20E7: inconsistency entries. Reply:s1<-s3#228:FAIL-t2,INCONSISTENCY,nextIndex=0,followerCommit=0,matchIndex=-1
2022-10-24 03:16:27,821 [grpc-default-executor-15] INFO  leader.FollowerInfo (FollowerInfoImpl.java:lambda$new$0(48)) - s1@group-6912872F20E7->s3: nextIndex: updateUnconditionally 1 -> 0
2022-10-24 03:16:27,822 [s3-server-thread3] INFO  server.RaftServer$Division (RaftServerImpl.java:checkInconsistentAppendEntries(1599)) - s3@group-6912872F20E7: Failed appendEntries as previous log entry ((t:2, i:0)) is not found
2022-10-24 03:16:27,822 [s3-server-thread3] INFO  server.RaftServer$Division (RaftServerImpl.java:checkInconsistentAppendEntries(1569)) - s3@group-6912872F20E7: inconsistency entries. Reply:s1<-s3#229:FAIL-t2,INCONSISTENCY,nextIndex=0,followerCommit=0,matchIndex=-1
2022-10-24 03:16:27,822 [s3-server-thread1] DEBUG server.RaftServer$Division (RaftServerImpl.java:logAppendEntries(1418)) - s3@group-6912872F20E7: receive appendEntries(s1, 2, null, 0, true, commits:[s1:c0, s3:c0, s4:c0, s0:c0, s2:c0], cId:236, entries: [(t:2, i:0), CONFIGURATIONENTRY(current:id: "s3"
address: "localhost:39579"
dataStreamAddress: "localhost:46293"
clientAddress: "localhost:33409"
adminAddress: "localhost:42243"
startupRole: FOLLOWER
,id: "s4"
address: "localhost:45747"
dataStreamAddress: "localhost:42993"
clientAddress: "localhost:44435"
adminAddress: "localhost:35149"
startupRole: FOLLOWER
,id: "s0"
address: "localhost:36179"
dataStreamAddress: "localhost:33505"
clientAddress: "localhost:36175"
adminAddress: "localhost:46501"
startupRole: FOLLOWER
,id: "s1"
address: "localhost:36635"
dataStreamAddress: "localhost:41297"
clientAddress: "localhost:39775"
adminAddress: "localhost:41981"
startupRole: FOLLOWER
,id: "s2"
address: "localhost:36969"
dataStreamAddress: "localhost:38077"
clientAddress: "localhost:40489"
adminAddress: "localhost:37929"
startupRole: FOLLOWER
, old:)]
2022-10-24 03:16:27,822 [s3-server-thread1] INFO  server.RaftServer$Division (RaftServerImpl.java:checkInconsistentAppendEntries(1589)) - s3@group-6912872F20E7: Failed appendEntries as the first entry (index 0) already exists (snapshotIndex: -1, commitIndex: 0)
2022-10-24 03:16:27,822 [s3-server-thread1] INFO  server.RaftServer$Division (RaftServerImpl.java:checkInconsistentAppendEntries(1569)) - s3@group-6912872F20E7: inconsistency entries. Reply:s1<-s3#236:FAIL-t2,INCONSISTENCY,nextIndex=1,followerCommit=0,matchIndex=-1
2022-10-24 03:16:27,822 [grpc-default-executor-8] INFO  leader.FollowerInfo (FollowerInfoImpl.java:lambda$new$0(48)) - s1@group-6912872F20E7->s3: nextIndex: updateUnconditionally 1 -> 0
2022-10-24 03:16:27,823 [s3-server-thread1] INFO  server.RaftServer$Division (RaftServerImpl.java:checkInconsistentAppendEntries(1599)) - s3@group-6912872F20E7: Failed appendEntries as previous log entry ((t:2, i:0)) is not found
2022-10-24 03:16:27,823 [s3-server-thread1] INFO  server.RaftServer$Division (RaftServerImpl.java:checkInconsistentAppendEntries(1569)) - s3@group-6912872F20E7: inconsistency entries. Reply:s1<-s3#230:FAIL-t2,INCONSISTENCY,nextIndex=0,followerCommit=0,matchIndex=-1
2022-10-24 03:16:27,823 [grpc-default-executor-8] INFO  leader.FollowerInfo (FollowerInfoImpl.java:lambda$new$0(48)) - s1@group-6912872F20E7->s3: nextIndex: updateUnconditionally 1 -> 1
2022-10-24 03:16:27,823 [s3-server-thread1] DEBUG server.RaftServer$Division (RaftServerImpl.java:logAppendEntries(1418)) - s3@group-6912872F20E7: receive appendEntries(s1, 2, null, 0, true, commits:[s1:c0, s3:c0, s4:c0, s0:c0, s2:c0], cId:237, entries: [(t:2, i:0), CONFIGURATIONENTRY(current:id: "s3"
address: "localhost:39579"
dataStreamAddress: "localhost:46293"
clientAddress: "localhost:33409"
adminAddress: "localhost:42243"
startupRole: FOLLOWER
,id: "s4"
address: "localhost:45747"
dataStreamAddress: "localhost:42993"
clientAddress: "localhost:44435"
adminAddress: "localhost:35149"
startupRole: FOLLOWER
,id: "s0"
address: "localhost:36179"
dataStreamAddress: "localhost:33505"
clientAddress: "localhost:36175"
adminAddress: "localhost:46501"
startupRole: FOLLOWER
,id: "s1"
address: "localhost:36635"
dataStreamAddress: "localhost:41297"
clientAddress: "localhost:39775"
adminAddress: "localhost:41981"
startupRole: FOLLOWER
,id: "s2"
address: "localhost:36969"
dataStreamAddress: "localhost:38077"
clientAddress: "localhost:40489"
adminAddress: "localhost:37929"
startupRole: FOLLOWER
, old:)]
2022-10-24 03:16:27,823 [s3-server-thread1] INFO  server.RaftServer$Division (RaftServerImpl.java:checkInconsistentAppendEntries(1589)) - s3@group-6912872F20E7: Failed appendEntries as the first entry (index 0) already exists (snapshotIndex: -1, commitIndex: 0)
2022-10-24 03:16:27,823 [s3-server-thread1] INFO  server.RaftServer$Division (RaftServerImpl.java:checkInconsistentAppendEntries(1569)) - s3@group-6912872F20E7: inconsistency entries. Reply:s1<-s3#237:FAIL-t2,INCONSISTENCY,nextIndex=1,followerCommit=0,matchIndex=-1
2022-10-24 03:16:27,824 [grpc-default-executor-15] INFO  leader.FollowerInfo (FollowerInfoImpl.java:lambda$new$0(48)) - s1@group-6912872F20E7->s3: nextIndex: updateUnconditionally 1 -> 0
2022-10-24 03:16:27,824 [s3-server-thread1] INFO  server.RaftServer$Division (RaftServerImpl.java:checkInconsistentAppendEntries(1599)) - s3@group-6912872F20E7: Failed appendEntries as previous log entry ((t:2, i:0)) is not found
2022-10-24 03:16:27,824 [s3-server-thread1] INFO  server.RaftServer$Division (RaftServerImpl.java:checkInconsistentAppendEntries(1569)) - s3@group-6912872F20E7: inconsistency entries. Reply:s1<-s3#231:FAIL-t2,INCONSISTENCY,nextIndex=0,followerCommit=0,matchIndex=-1
2022-10-24 03:16:27,825 [grpc-default-executor-34] INFO  leader.FollowerInfo (FollowerInfoImpl.java:lambda$new$0(48)) - s1@group-6912872F20E7->s3: nextIndex: updateUnconditionally 1 -> 1
2022-10-24 03:16:27,825 [s3-server-thread1] INFO  server.RaftServer$Division (RaftServerImpl.java:checkInconsistentAppendEntries(1599)) - s3@group-6912872F20E7: Failed appendEntries as previous log entry ((t:2, i:0)) is not found
2022-10-24 03:16:27,825 [s3-server-thread1] INFO  server.RaftServer$Division (RaftServerImpl.java:checkInconsistentAppendEntries(1569)) - s3@group-6912872F20E7: inconsistency entries. Reply:s1<-s3#232:FAIL-t2,INCONSISTENCY,nextIndex=0,followerCommit=0,matchIndex=-1
2022-10-24 03:16:27,826 [grpc-default-executor-8] INFO  leader.FollowerInfo (FollowerInfoImpl.java:lambda$new$0(48)) - s1@group-6912872F20E7->s3: nextIndex: updateUnconditionally 1 -> 0
2022-10-24 03:16:27,826 [s3-server-thread1] INFO  server.RaftServer$Division (RaftServerImpl.java:checkInconsistentAppendEntries(1599)) - s3@group-6912872F20E7: Failed appendEntries as previous log entry ((t:2, i:0)) is not found
2022-10-24 03:16:27,826 [s3-server-thread1] INFO  server.RaftServer$Division (RaftServerImpl.java:checkInconsistentAppendEntries(1569)) - s3@group-6912872F20E7: inconsistency entries. Reply:s1<-s3#233:FAIL-t2,INCONSISTENCY,nextIndex=0,followerCommit=0,matchIndex=-1
2022-10-24 03:16:27,826 [grpc-default-executor-34] INFO  leader.FollowerInfo (FollowerInfoImpl.java:lambda$new$0(48)) - s1@group-6912872F20E7->s3: nextIndex: updateUnconditionally 1 -> 0
2022-10-24 03:16:27,827 [s3-server-thread1] INFO  server.RaftServer$Division (RaftServerImpl.java:checkInconsistentAppendEntries(1599)) - s3@group-6912872F20E7: Failed appendEntries as previous log entry ((t:2, i:0)) is not found
2022-10-24 03:16:27,827 [s3-server-thread1] INFO  server.RaftServer$Division (RaftServerImpl.java:checkInconsistentAppendEntries(1569)) - s3@group-6912872F20E7: inconsistency entries. Reply:s1<-s3#234:FAIL-t2,INCONSISTENCY,nextIndex=0,followerCommit=0,matchIndex=-1
2022-10-24 03:16:27,827 [grpc-default-executor-34] INFO  leader.FollowerInfo (FollowerInfoImpl.java:lambda$new$0(48)) - s1@group-6912872F20E7->s3: nextIndex: updateUnconditionally 1 -> 0
2022-10-24 03:16:27,827 [s3-server-thread1] INFO  server.RaftServer$Division (RaftServerImpl.java:checkInconsistentAppendEntries(1599)) - s3@group-6912872F20E7: Failed appendEntries as previous log entry ((t:2, i:0)) is not found
2022-10-24 03:16:27,827 [s3-server-thread1] INFO  server.RaftServer$Division (RaftServerImpl.java:checkInconsistentAppendEntries(1569)) - s3@group-6912872F20E7: inconsistency entries. Reply:s1<-s3#235:FAIL-t2,INCONSISTENCY,nextIndex=0,followerCommit=0,matchIndex=-1
2022-10-24 03:16:27,827 [grpc-default-executor-34] INFO  leader.FollowerInfo (FollowerInfoImpl.java:lambda$new$0(48)) - s1@group-6912872F20E7->s3: nextIndex: updateUnconditionally 1 -> 0
2022-10-24 03:16:27,828 [grpc-default-executor-34] INFO  leader.FollowerInfo (FollowerInfoImpl.java:lambda$new$0(48)) - s1@group-6912872F20E7->s3: nextIndex: updateUnconditionally 1 -> 0
2022-10-24 03:16:27,828 [s3-server-thread1] DEBUG server.RaftServer$Division (RaftServerImpl.java:logAppendEntries(1418)) - s3@group-6912872F20E7: receive appendEntries(s1, 2, null, 0, true, commits:[s1:c0, s3:c0, s4:c0, s0:c0, s2:c0], cId:238, entries: [(t:2, i:0), CONFIGURATIONENTRY(current:id: "s3"
address: "localhost:39579"
dataStreamAddress: "localhost:46293"
clientAddress: "localhost:33409"
adminAddress: "localhost:42243"
startupRole: FOLLOWER
,id: "s4"
address: "localhost:45747"
dataStreamAddress: "localhost:42993"
clientAddress: "localhost:44435"
adminAddress: "localhost:35149"
startupRole: FOLLOWER
,id: "s0"
address: "localhost:36179"
dataStreamAddress: "localhost:33505"
clientAddress: "localhost:36175"
adminAddress: "localhost:46501"
startupRole: FOLLOWER
,id: "s1"
address: "localhost:36635"
dataStreamAddress: "localhost:41297"
clientAddress: "localhost:39775"
adminAddress: "localhost:41981"
startupRole: FOLLOWER
,id: "s2"
address: "localhost:36969"
dataStreamAddress: "localhost:38077"
clientAddress: "localhost:40489"
adminAddress: "localhost:37929"
startupRole: FOLLOWER
, old:)]
2022-10-24 03:16:27,828 [s3-server-thread1] INFO  server.RaftServer$Division (RaftServerImpl.java:checkInconsistentAppendEntries(1589)) - s3@group-6912872F20E7: Failed appendEntries as the first entry (index 0) already exists (snapshotIndex: -1, commitIndex: 0)
2022-10-24 03:16:27,828 [s3-server-thread1] INFO  server.RaftServer$Division (RaftServerImpl.java:checkInconsistentAppendEntries(1569)) - s3@group-6912872F20E7: inconsistency entries. Reply:s1<-s3#238:FAIL-t2,INCONSISTENCY,nextIndex=1,followerCommit=0,matchIndex=-1
2022-10-24 03:16:27,829 [grpc-default-executor-34] INFO  leader.FollowerInfo (FollowerInfoImpl.java:lambda$new$0(48)) - s1@group-6912872F20E7->s3: nextIndex: updateUnconditionally 1 -> 1
2022-10-24 03:16:27,829 [s3-server-thread1] DEBUG server.RaftServer$Division (RaftServerImpl.java:logAppendEntries(1418)) - s3@group-6912872F20E7: receive appendEntries(s1, 2, null, 0, true, commits:[s1:c0, s3:c0, s4:c0, s0:c0, s2:c0], cId:239, entries: [(t:2, i:0), CONFIGURATIONENTRY(current:id: "s3"
address: "localhost:39579"
dataStreamAddress: "localhost:46293"
clientAddress: "localhost:33409"
adminAddress: "localhost:42243"
startupRole: FOLLOWER
,id: "s4"
address: "localhost:45747"
dataStreamAddress: "localhost:42993"
clientAddress: "localhost:44435"
adminAddress: "localhost:35149"
startupRole: FOLLOWER
,id: "s0"
address: "localhost:36179"
dataStreamAddress: "localhost:33505"
clientAddress: "localhost:36175"
adminAddress: "localhost:46501"
startupRole: FOLLOWER
,id: "s1"
address: "localhost:36635"
dataStreamAddress: "localhost:41297"
clientAddress: "localhost:39775"
adminAddress: "localhost:41981"
startupRole: FOLLOWER
,id: "s2"
address: "localhost:36969"
dataStreamAddress: "localhost:38077"
clientAddress: "localhost:40489"
adminAddress: "localhost:37929"
startupRole: FOLLOWER
, old:)]
2022-10-24 03:16:27,829 [s3-server-thread1] INFO  server.RaftServer$Division (RaftServerImpl.java:checkInconsistentAppendEntries(1589)) - s3@group-6912872F20E7: Failed appendEntries as the first entry (index 0) already exists (snapshotIndex: -1, commitIndex: 0)
2022-10-24 03:16:27,829 [s3-server-thread1] INFO  server.RaftServer$Division (RaftServerImpl.java:checkInconsistentAppendEntries(1569)) - s3@group-6912872F20E7: inconsistency entries. Reply:s1<-s3#239:FAIL-t2,INCONSISTENCY,nextIndex=1,followerCommit=0,matchIndex=-1
2022-10-24 03:16:27,830 [grpc-default-executor-34] INFO  leader.FollowerInfo (FollowerInfoImpl.java:lambda$new$0(48)) - s1@group-6912872F20E7->s3: nextIndex: updateUnconditionally 1 -> 1
2022-10-24 03:16:27,830 [s3-server-thread1] DEBUG server.RaftServer$Division (RaftServerImpl.java:logAppendEntries(1418)) - s3@group-6912872F20E7: receive appendEntries(s1, 2, null, 0, true, commits:[s1:c0, s3:c0, s4:c0, s0:c0, s2:c0], cId:240, entries: [(t:2, i:0), CONFIGURATIONENTRY(current:id: "s3"
address: "localhost:39579"
dataStreamAddress: "localhost:46293"
clientAddress: "localhost:33409"
adminAddress: "localhost:42243"
startupRole: FOLLOWER
,id: "s4"
address: "localhost:45747"
dataStreamAddress: "localhost:42993"
clientAddress: "localhost:44435"
adminAddress: "localhost:35149"
startupRole: FOLLOWER
,id: "s0"
address: "localhost:36179"
dataStreamAddress: "localhost:33505"
clientAddress: "localhost:36175"
adminAddress: "localhost:46501"
startupRole: FOLLOWER
,id: "s1"
address: "localhost:36635"
dataStreamAddress: "localhost:41297"
clientAddress: "localhost:39775"
adminAddress: "localhost:41981"
startupRole: FOLLOWER
,id: "s2"
address: "localhost:36969"
dataStreamAddress: "localhost:38077"
clientAddress: "localhost:40489"
adminAddress: "localhost:37929"
startupRole: FOLLOWER
, old:)]
2022-10-24 03:16:27,830 [s3-server-thread1] INFO  server.RaftServer$Division (RaftServerImpl.java:checkInconsistentAppendEntries(1589)) - s3@group-6912872F20E7: Failed appendEntries as the first entry (index 0) already exists (snapshotIndex: -1, commitIndex: 0)
2022-10-24 03:16:27,830 [s3-server-thread1] INFO  server.RaftServer$Division (RaftServerImpl.java:checkInconsistentAppendEntries(1569)) - s3@group-6912872F20E7: inconsistency entries. Reply:s1<-s3#240:FAIL-t2,INCONSISTENCY,nextIndex=1,followerCommit=0,matchIndex=-1
2022-10-24 03:16:27,831 [grpc-default-executor-34] INFO  leader.FollowerInfo (FollowerInfoImpl.java:lambda$new$0(48)) - s1@group-6912872F20E7->s3: nextIndex: updateUnconditionally 1 -> 1
2022-10-24 03:16:27,831 [s3-server-thread1] DEBUG server.RaftServer$Division (RaftServerImpl.java:logAppendEntries(1418)) - s3@group-6912872F20E7: receive appendEntries(s1, 2, null, 0, true, commits:[s1:c0, s3:c0, s4:c0, s0:c0, s2:c0], cId:241, entries: [(t:2, i:0), CONFIGURATIONENTRY(current:id: "s3"
address: "localhost:39579"
dataStreamAddress: "localhost:46293"
clientAddress: "localhost:33409"
adminAddress: "localhost:42243"
startupRole: FOLLOWER
,id: "s4"
address: "localhost:45747"
dataStreamAddress: "localhost:42993"
clientAddress: "localhost:44435"
adminAddress: "localhost:35149"
startupRole: FOLLOWER
,id: "s0"
address: "localhost:36179"
dataStreamAddress: "localhost:33505"
clientAddress: "localhost:36175"
adminAddress: "localhost:46501"
startupRole: FOLLOWER
,id: "s1"
address: "localhost:36635"
dataStreamAddress: "localhost:41297"
clientAddress: "localhost:39775"
adminAddress: "localhost:41981"
startupRole: FOLLOWER
,id: "s2"
address: "localhost:36969"
dataStreamAddress: "localhost:38077"
clientAddress: "localhost:40489"
adminAddress: "localhost:37929"
startupRole: FOLLOWER
, old:)]
2022-10-24 03:16:27,831 [s3-server-thread1] INFO  server.RaftServer$Division (RaftServerImpl.java:checkInconsistentAppendEntries(1589)) - s3@group-6912872F20E7: Failed appendEntries as the first entry (index 0) already exists (snapshotIndex: -1, commitIndex: 0)
2022-10-24 03:16:27,831 [s3-server-thread1] INFO  server.RaftServer$Division (RaftServerImpl.java:checkInconsistentAppendEntries(1569)) - s3@group-6912872F20E7: inconsistency entries. Reply:s1<-s3#241:FAIL-t2,INCONSISTENCY,nextIndex=1,followerCommit=0,matchIndex=-1
2022-10-24 03:16:27,831 [grpc-default-executor-34] INFO  leader.FollowerInfo (FollowerInfoImpl.java:lambda$new$0(48)) - s1@group-6912872F20E7->s3: nextIndex: updateUnconditionally 1 -> 1
2022-10-24 03:16:27,832 [s3-server-thread1] DEBUG server.RaftServer$Division (RaftServerImpl.java:logAppendEntries(1418)) - s3@group-6912872F20E7: receive appendEntries(s1, 2, null, 0, true, commits:[s1:c0, s3:c0, s4:c0, s0:c0, s2:c0], cId:242, entries: [(t:2, i:0), CONFIGURATIONENTRY(current:id: "s3"
address: "localhost:39579"
dataStreamAddress: "localhost:46293"
clientAddress: "localhost:33409"
adminAddress: "localhost:42243"
startupRole: FOLLOWER
,id: "s4"
address: "localhost:45747"
dataStreamAddress: "localhost:42993"
clientAddress: "localhost:44435"
adminAddress: "localhost:35149"
startupRole: FOLLOWER
,id: "s0"
address: "localhost:36179"
dataStreamAddress: "localhost:33505"
clientAddress: "localhost:36175"
adminAddress: "localhost:46501"
startupRole: FOLLOWER
,id: "s1"
address: "localhost:36635"
dataStreamAddress: "localhost:41297"
clientAddress: "localhost:39775"
adminAddress: "localhost:41981"
startupRole: FOLLOWER
,id: "s2"
address: "localhost:36969"
dataStreamAddress: "localhost:38077"
clientAddress: "localhost:40489"
adminAddress: "localhost:37929"
startupRole: FOLLOWER
, old:)]
2022-10-24 03:16:27,832 [s3-server-thread1] INFO  server.RaftServer$Division (RaftServerImpl.java:checkInconsistentAppendEntries(1589)) - s3@group-6912872F20E7: Failed appendEntries as the first entry (index 0) already exists (snapshotIndex: -1, commitIndex: 0)
2022-10-24 03:16:27,832 [s3-server-thread1] INFO  server.RaftServer$Division (RaftServerImpl.java:checkInconsistentAppendEntries(1569)) - s3@group-6912872F20E7: inconsistency entries. Reply:s1<-s3#242:FAIL-t2,INCONSISTENCY,nextIndex=1,followerCommit=0,matchIndex=-1
2022-10-24 03:16:27,832 [grpc-default-executor-34] INFO  leader.FollowerInfo (FollowerInfoImpl.java:lambda$new$0(48)) - s1@group-6912872F20E7->s3: nextIndex: updateUnconditionally 1 -> 1
2022-10-24 03:16:27,832 [s3-server-thread1] DEBUG server.RaftServer$Division (RaftServerImpl.java:logAppendEntries(1418)) - s3@group-6912872F20E7: receive appendEntries(s1, 2, null, 0, true, commits:[s1:c0, s3:c0, s4:c0, s0:c0, s2:c0], cId:243, entries: [(t:2, i:0), CONFIGURATIONENTRY(current:id: "s3"
address: "localhost:39579"
dataStreamAddress: "localhost:46293"
clientAddress: "localhost:33409"
adminAddress: "localhost:42243"
startupRole: FOLLOWER
,id: "s4"
address: "localhost:45747"
dataStreamAddress: "localhost:42993"
clientAddress: "localhost:44435"
adminAddress: "localhost:35149"
startupRole: FOLLOWER
,id: "s0"
address: "localhost:36179"
dataStreamAddress: "localhost:33505"
clientAddress: "localhost:36175"
adminAddress: "localhost:46501"
startupRole: FOLLOWER
,id: "s1"
address: "localhost:36635"
dataStreamAddress: "localhost:41297"
clientAddress: "localhost:39775"
adminAddress: "localhost:41981"
startupRole: FOLLOWER
,id: "s2"
address: "localhost:36969"
dataStreamAddress: "localhost:38077"
clientAddress: "localhost:40489"
adminAddress: "localhost:37929"
startupRole: FOLLOWER
, old:)]
2022-10-24 03:16:27,832 [s3-server-thread1] INFO  server.RaftServer$Division (RaftServerImpl.java:checkInconsistentAppendEntries(1589)) - s3@group-6912872F20E7: Failed appendEntries as the first entry (index 0) already exists (snapshotIndex: -1, commitIndex: 0)
2022-10-24 03:16:27,833 [s3-server-thread1] INFO  server.RaftServer$Division (RaftServerImpl.java:checkInconsistentAppendEntries(1569)) - s3@group-6912872F20E7: inconsistency entries. Reply:s1<-s3#243:FAIL-t2,INCONSISTENCY,nextIndex=1,followerCommit=0,matchIndex=-1
2022-10-24 03:16:27,833 [grpc-default-executor-34] INFO  leader.FollowerInfo (FollowerInfoImpl.java:lambda$new$0(48)) - s1@group-6912872F20E7->s3: nextIndex: updateUnconditionally 1 -> 1
2022-10-24 03:16:27,833 [s3-server-thread1] DEBUG server.RaftServer$Division (RaftServerImpl.java:logAppendEntries(1418)) - s3@group-6912872F20E7: receive appendEntries(s1, 2, null, 0, true, commits:[s1:c0, s3:c0, s4:c0, s0:c0, s2:c0], cId:244, entries: [(t:2, i:0), CONFIGURATIONENTRY(current:id: "s3"
address: "localhost:39579"
dataStreamAddress: "localhost:46293"
clientAddress: "localhost:33409"
adminAddress: "localhost:42243"
startupRole: FOLLOWER
,id: "s4"
address: "localhost:45747"
dataStreamAddress: "localhost:42993"
clientAddress: "localhost:44435"
adminAddress: "localhost:35149"
startupRole: FOLLOWER
,id: "s0"
address: "localhost:36179"
dataStreamAddress: "localhost:33505"
clientAddress: "localhost:36175"
adminAddress: "localhost:46501"
startupRole: FOLLOWER
,id: "s1"
address: "localhost:36635"
dataStreamAddress: "localhost:41297"
clientAddress: "localhost:39775"
adminAddress: "localhost:41981"
startupRole: FOLLOWER
,id: "s2"
address: "localhost:36969"
dataStreamAddress: "localhost:38077"
clientAddress: "localhost:40489"
adminAddress: "localhost:37929"
startupRole: FOLLOWER
, old:)]
2022-10-24 03:16:27,833 [s3-server-thread1] INFO  server.RaftServer$Division (RaftServerImpl.java:checkInconsistentAppendEntries(1589)) - s3@group-6912872F20E7: Failed appendEntries as the first entry (index 0) already exists (snapshotIndex: -1, commitIndex: 0)
2022-10-24 03:16:27,833 [s3-server-thread1] INFO  server.RaftServer$Division (RaftServerImpl.java:checkInconsistentAppendEntries(1569)) - s3@group-6912872F20E7: inconsistency entries. Reply:s1<-s3#244:FAIL-t2,INCONSISTENCY,nextIndex=1,followerCommit=0,matchIndex=-1
2022-10-24 03:16:27,835 [grpc-default-executor-8] INFO  leader.FollowerInfo (FollowerInfoImpl.java:lambda$new$0(48)) - s1@group-6912872F20E7->s3: nextIndex: updateUnconditionally 1 -> 1
2022-10-24 03:16:27,911 [s3-server-thread1] INFO  server.RaftServer$Division (RaftServerImpl.java:checkInconsistentAppendEntries(1599)) - s3@group-6912872F20E7: Failed appendEntries as previous log entry ((t:2, i:0)) is not found
2022-10-24 03:16:27,911 [s3-server-thread1] INFO  server.RaftServer$Division (RaftServerImpl.java:checkInconsistentAppendEntries(1569)) - s3@group-6912872F20E7: inconsistency entries. Reply:s1<-s3#245:FAIL-t2,INCONSISTENCY,nextIndex=0,followerCommit=0,matchIndex=-1
2022-10-24 03:16:27,911 [grpc-default-executor-8] INFO  leader.FollowerInfo (FollowerInfoImpl.java:lambda$new$0(48)) - s1@group-6912872F20E7->s3: nextIndex: updateUnconditionally 1 -> 0
2022-10-24 03:16:27,914 [s3-server-thread3] DEBUG server.RaftServer$Division (RaftServerImpl.java:logAppendEntries(1418)) - s3@group-6912872F20E7: receive appendEntries(s1, 2, null, 0, true, commits:[s1:c0, s3:c0, s4:c0, s0:c0, s2:c0], cId:246, entries: [(t:2, i:0), CONFIGURATIONENTRY(current:id: "s3"
address: "localhost:39579"
dataStreamAddress: "localhost:46293"
clientAddress: "localhost:33409"
adminAddress: "localhost:42243"
startupRole: FOLLOWER
,id: "s4"
address: "localhost:45747"
dataStreamAddress: "localhost:42993"
clientAddress: "localhost:44435"
adminAddress: "localhost:35149"
startupRole: FOLLOWER
,id: "s0"
address: "localhost:36179"
dataStreamAddress: "localhost:33505"
clientAddress: "localhost:36175"
adminAddress: "localhost:46501"
startupRole: FOLLOWER
,id: "s1"
address: "localhost:36635"
dataStreamAddress: "localhost:41297"
clientAddress: "localhost:39775"
adminAddress: "localhost:41981"
startupRole: FOLLOWER
,id: "s2"
address: "localhost:36969"
dataStreamAddress: "localhost:38077"
clientAddress: "localhost:40489"
adminAddress: "localhost:37929"
startupRole: FOLLOWER
, old:)]
2022-10-24 03:16:27,914 [s3-server-thread3] INFO  server.RaftServer$Division (RaftServerImpl.java:checkInconsistentAppendEntries(1589)) - s3@group-6912872F20E7: Failed appendEntries as the first entry (index 0) already exists (snapshotIndex: -1, commitIndex: 0)
2022-10-24 03:16:27,914 [s3-server-thread3] INFO  server.RaftServer$Division (RaftServerImpl.java:checkInconsistentAppendEntries(1569)) - s3@group-6912872F20E7: inconsistency entries. Reply:s1<-s3#246:FAIL-t2,INCONSISTENCY,nextIndex=1,followerCommit=0,matchIndex=-1
2022-10-24 03:16:27,915 [grpc-default-executor-8] INFO  leader.FollowerInfo (FollowerInfoImpl.java:lambda$new$0(48)) - s1@group-6912872F20E7->s3: nextIndex: updateUnconditionally 1 -> 1
2022-10-24 03:16:27,991 [s3-server-thread1] INFO  server.RaftServer$Division (RaftServerImpl.java:checkInconsistentAppendEntries(1599)) - s3@group-6912872F20E7: Failed appendEntries as previous log entry ((t:2, i:0)) is not found
2022-10-24 03:16:27,991 [s3-server-thread1] INFO  server.RaftServer$Division (RaftServerImpl.java:checkInconsistentAppendEntries(1569)) - s3@group-6912872F20E7: inconsistency entries. Reply:s1<-s3#247:FAIL-t2,INCONSISTENCY,nextIndex=0,followerCommit=0,matchIndex=-1
2022-10-24 03:16:27,991 [grpc-default-executor-8] INFO  leader.FollowerInfo (FollowerInfoImpl.java:lambda$new$0(48)) - s1@group-6912872F20E7->s3: nextIndex: updateUnconditionally 1 -> 0
2022-10-24 03:16:27,993 [s3-server-thread1] DEBUG server.RaftServer$Division (RaftServerImpl.java:logAppendEntries(1418)) - s3@group-6912872F20E7: receive appendEntries(s1, 2, null, 0, true, commits:[s1:c0, s3:c0, s4:c0, s0:c0, s2:c0], cId:248, entries: [(t:2, i:0), CONFIGURATIONENTRY(current:id: "s3"
address: "localhost:39579"
dataStreamAddress: "localhost:46293"
clientAddress: "localhost:33409"
adminAddress: "localhost:42243"
startupRole: FOLLOWER
,id: "s4"
address: "localhost:45747"
dataStreamAddress: "localhost:42993"
clientAddress: "localhost:44435"
adminAddress: "localhost:35149"
startupRole: FOLLOWER
,id: "s0"
address: "localhost:36179"
dataStreamAddress: "localhost:33505"
clientAddress: "localhost:36175"
adminAddress: "localhost:46501"
startupRole: FOLLOWER
,id: "s1"
address: "localhost:36635"
dataStreamAddress: "localhost:41297"
clientAddress: "localhost:39775"
adminAddress: "localhost:41981"
startupRole: FOLLOWER
,id: "s2"
address: "localhost:36969"
dataStreamAddress: "localhost:38077"
clientAddress: "localhost:40489"
adminAddress: "localhost:37929"
startupRole: FOLLOWER
, old:)]
2022-10-24 03:16:27,993 [s3-server-thread1] INFO  server.RaftServer$Division (RaftServerImpl.java:checkInconsistentAppendEntries(1589)) - s3@group-6912872F20E7: Failed appendEntries as the first entry (index 0) already exists (snapshotIndex: -1, commitIndex: 0)
2022-10-24 03:16:27,994 [s3-server-thread1] INFO  server.RaftServer$Division (RaftServerImpl.java:checkInconsistentAppendEntries(1569)) - s3@group-6912872F20E7: inconsistency entries. Reply:s1<-s3#248:FAIL-t2,INCONSISTENCY,nextIndex=1,followerCommit=0,matchIndex=-1
2022-10-24 03:16:27,994 [grpc-default-executor-8] INFO  leader.FollowerInfo (FollowerInfoImpl.java:lambda$new$0(48)) - s1@group-6912872F20E7->s3: nextIndex: updateUnconditionally 1 -> 1
2022-10-24 03:16:28,070 [s3-server-thread1] INFO  server.RaftServer$Division (RaftServerImpl.java:checkInconsistentAppendEntries(1599)) - s3@group-6912872F20E7: Failed appendEntries as previous log entry ((t:2, i:0)) is not found
2022-10-24 03:16:28,070 [s3-server-thread1] INFO  server.RaftServer$Division (RaftServerImpl.java:checkInconsistentAppendEntries(1569)) - s3@group-6912872F20E7: inconsistency entries. Reply:s1<-s3#249:FAIL-t2,INCONSISTENCY,nextIndex=0,followerCommit=0,matchIndex=-1
2022-10-24 03:16:28,071 [grpc-default-executor-8] INFO  leader.FollowerInfo (FollowerInfoImpl.java:lambda$new$0(48)) - s1@group-6912872F20E7->s3: nextIndex: updateUnconditionally 1 -> 0
2022-10-24 03:16:28,072 [s3-server-thread1] DEBUG server.RaftServer$Division (RaftServerImpl.java:logAppendEntries(1418)) - s3@group-6912872F20E7: receive appendEntries(s1, 2, null, 0, true, commits:[s1:c0, s3:c0, s4:c0, s0:c0, s2:c0], cId:250, entries: [(t:2, i:0), CONFIGURATIONENTRY(current:id: "s3"
address: "localhost:39579"
dataStreamAddress: "localhost:46293"
clientAddress: "localhost:33409"
adminAddress: "localhost:42243"
startupRole: FOLLOWER
,id: "s4"
address: "localhost:45747"
dataStreamAddress: "localhost:42993"
clientAddress: "localhost:44435"
adminAddress: "localhost:35149"
startupRole: FOLLOWER
,id: "s0"
address: "localhost:36179"
dataStreamAddress: "localhost:33505"
clientAddress: "localhost:36175"
adminAddress: "localhost:46501"
startupRole: FOLLOWER
,id: "s1"
address: "localhost:36635"
dataStreamAddress: "localhost:41297"
clientAddress: "localhost:39775"
adminAddress: "localhost:41981"
startupRole: FOLLOWER
,id: "s2"
address: "localhost:36969"
dataStreamAddress: "localhost:38077"
clientAddress: "localhost:40489"
adminAddress: "localhost:37929"
startupRole: FOLLOWER
, old:)]
2022-10-24 03:16:28,072 [s3-server-thread1] INFO  server.RaftServer$Division (RaftServerImpl.java:checkInconsistentAppendEntries(1589)) - s3@group-6912872F20E7: Failed appendEntries as the first entry (index 0) already exists (snapshotIndex: -1, commitIndex: 0)
2022-10-24 03:16:28,072 [s3-server-thread1] INFO  server.RaftServer$Division (RaftServerImpl.java:checkInconsistentAppendEntries(1569)) - s3@group-6912872F20E7: inconsistency entries. Reply:s1<-s3#250:FAIL-t2,INCONSISTENCY,nextIndex=1,followerCommit=0,matchIndex=-1
2022-10-24 03:16:28,072 [grpc-default-executor-8] INFO  leader.FollowerInfo (FollowerInfoImpl.java:lambda$new$0(48)) - s1@group-6912872F20E7->s3: nextIndex: updateUnconditionally 1 -> 1
2022-10-24 03:16:28,148 [s3-server-thread1] INFO  server.RaftServer$Division (RaftServerImpl.java:checkInconsistentAppendEntries(1599)) - s3@group-6912872F20E7: Failed appendEntries as previous log entry ((t:2, i:0)) is not found
2022-10-24 03:16:28,148 [s3-server-thread1] INFO  server.RaftServer$Division (RaftServerImpl.java:checkInconsistentAppendEntries(1569)) - s3@group-6912872F20E7: inconsistency entries. Reply:s1<-s3#251:FAIL-t2,INCONSISTENCY,nextIndex=0,followerCommit=0,matchIndex=-1
2022-10-24 03:16:28,149 [grpc-default-executor-8] INFO  leader.FollowerInfo (FollowerInfoImpl.java:lambda$new$0(48)) - s1@group-6912872F20E7->s3: nextIndex: updateUnconditionally 1 -> 0
2022-10-24 03:16:28,149 [s3-server-thread1] DEBUG server.RaftServer$Division (RaftServerImpl.java:logAppendEntries(1418)) - s3@group-6912872F20E7: receive appendEntries(s1, 2, null, 0, true, commits:[s1:c0, s3:c0, s4:c0, s0:c0, s2:c0], cId:252, entries: [(t:2, i:0), CONFIGURATIONENTRY(current:id: "s3"
address: "localhost:39579"
dataStreamAddress: "localhost:46293"
clientAddress: "localhost:33409"
adminAddress: "localhost:42243"
startupRole: FOLLOWER
,id: "s4"
address: "localhost:45747"
dataStreamAddress: "localhost:42993"
clientAddress: "localhost:44435"
adminAddress: "localhost:35149"
startupRole: FOLLOWER
,id: "s0"
address: "localhost:36179"
dataStreamAddress: "localhost:33505"
clientAddress: "localhost:36175"
adminAddress: "localhost:46501"
startupRole: FOLLOWER
,id: "s1"
address: "localhost:36635"
dataStreamAddress: "localhost:41297"
clientAddress: "localhost:39775"
adminAddress: "localhost:41981"
startupRole: FOLLOWER
,id: "s2"
address: "localhost:36969"
dataStreamAddress: "localhost:38077"
clientAddress: "localhost:40489"
adminAddress: "localhost:37929"
startupRole: FOLLOWER
, old:)]
2022-10-24 03:16:28,149 [s3-server-thread1] INFO  server.RaftServer$Division (RaftServerImpl.java:checkInconsistentAppendEntries(1589)) - s3@group-6912872F20E7: Failed appendEntries as the first entry (index 0) already exists (snapshotIndex: -1, commitIndex: 0)
2022-10-24 03:16:28,150 [s3-server-thread1] INFO  server.RaftServer$Division (RaftServerImpl.java:checkInconsistentAppendEntries(1569)) - s3@group-6912872F20E7: inconsistency entries. Reply:s1<-s3#252:FAIL-t2,INCONSISTENCY,nextIndex=1,followerCommit=0,matchIndex=-1
2022-10-24 03:16:28,150 [grpc-default-executor-8] INFO  leader.FollowerInfo (FollowerInfoImpl.java:lambda$new$0(48)) - s1@group-6912872F20E7->s3: nextIndex: updateUnconditionally 1 -> 1
2022-10-24 03:16:28,226 [s3-server-thread1] INFO  server.RaftServer$Division (RaftServerImpl.java:checkInconsistentAppendEntries(1599)) - s3@group-6912872F20E7: Failed appendEntries as previous log entry ((t:2, i:0)) is not found
2022-10-24 03:16:28,226 [s3-server-thread1] INFO  server.RaftServer$Division (RaftServerImpl.java:checkInconsistentAppendEntries(1569)) - s3@group-6912872F20E7: inconsistency entries. Reply:s1<-s3#253:FAIL-t2,INCONSISTENCY,nextIndex=0,followerCommit=0,matchIndex=-1
2022-10-24 03:16:28,227 [grpc-default-executor-8] INFO  leader.FollowerInfo (FollowerInfoImpl.java:lambda$new$0(48)) - s1@group-6912872F20E7->s3: nextIndex: updateUnconditionally 1 -> 0
2022-10-24 03:16:28,227 [s3-server-thread1] DEBUG server.RaftServer$Division (RaftServerImpl.java:logAppendEntries(1418)) - s3@group-6912872F20E7: receive appendEntries(s1, 2, null, 0, true, commits:[s1:c0, s3:c0, s4:c0, s0:c0, s2:c0], cId:254, entries: [(t:2, i:0), CONFIGURATIONENTRY(current:id: "s3"
address: "localhost:39579"
dataStreamAddress: "localhost:46293"
clientAddress: "localhost:33409"
adminAddress: "localhost:42243"
startupRole: FOLLOWER
,id: "s4"
address: "localhost:45747"
dataStreamAddress: "localhost:42993"
clientAddress: "localhost:44435"
adminAddress: "localhost:35149"
startupRole: FOLLOWER
,id: "s0"
address: "localhost:36179"
dataStreamAddress: "localhost:33505"
clientAddress: "localhost:36175"
adminAddress: "localhost:46501"
startupRole: FOLLOWER
,id: "s1"
address: "localhost:36635"
dataStreamAddress: "localhost:41297"
clientAddress: "localhost:39775"
adminAddress: "localhost:41981"
startupRole: FOLLOWER
,id: "s2"
address: "localhost:36969"
dataStreamAddress: "localhost:38077"
clientAddress: "localhost:40489"
adminAddress: "localhost:37929"
startupRole: FOLLOWER
, old:)]
2022-10-24 03:16:28,227 [s3-server-thread1] INFO  server.RaftServer$Division (RaftServerImpl.java:checkInconsistentAppendEntries(1589)) - s3@group-6912872F20E7: Failed appendEntries as the first entry (index 0) already exists (snapshotIndex: -1, commitIndex: 0)
2022-10-24 03:16:28,227 [s3-server-thread1] INFO  server.RaftServer$Division (RaftServerImpl.java:checkInconsistentAppendEntries(1569)) - s3@group-6912872F20E7: inconsistency entries. Reply:s1<-s3#254:FAIL-t2,INCONSISTENCY,nextIndex=1,followerCommit=0,matchIndex=-1
2022-10-24 03:16:28,228 [grpc-default-executor-8] INFO  leader.FollowerInfo (FollowerInfoImpl.java:lambda$new$0(48)) - s1@group-6912872F20E7->s3: nextIndex: updateUnconditionally 1 -> 1
2022-10-24 03:16:28,305 [s3-server-thread1] INFO  server.RaftServer$Division (RaftServerImpl.java:checkInconsistentAppendEntries(1599)) - s3@group-6912872F20E7: Failed appendEntries as previous log entry ((t:2, i:0)) is not found
2022-10-24 03:16:28,305 [s3-server-thread1] INFO  server.RaftServer$Division (RaftServerImpl.java:checkInconsistentAppendEntries(1569)) - s3@group-6912872F20E7: inconsistency entries. Reply:s1<-s3#255:FAIL-t2,INCONSISTENCY,nextIndex=0,followerCommit=0,matchIndex=-1
2022-10-24 03:16:28,305 [grpc-default-executor-8] INFO  leader.FollowerInfo (FollowerInfoImpl.java:lambda$new$0(48)) - s1@group-6912872F20E7->s3: nextIndex: updateUnconditionally 1 -> 0
2022-10-24 03:16:28,306 [s3-server-thread1] DEBUG server.RaftServer$Division (RaftServerImpl.java:logAppendEntries(1418)) - s3@group-6912872F20E7: receive appendEntries(s1, 2, null, 0, true, commits:[s1:c0, s3:c0, s4:c0, s0:c0, s2:c0], cId:256, entries: [(t:2, i:0), CONFIGURATIONENTRY(current:id: "s3"
address: "localhost:39579"
dataStreamAddress: "localhost:46293"
clientAddress: "localhost:33409"
adminAddress: "localhost:42243"
startupRole: FOLLOWER
,id: "s4"
address: "localhost:45747"
dataStreamAddress: "localhost:42993"
clientAddress: "localhost:44435"
adminAddress: "localhost:35149"
startupRole: FOLLOWER
,id: "s0"
address: "localhost:36179"
dataStreamAddress: "localhost:33505"
clientAddress: "localhost:36175"
adminAddress: "localhost:46501"
startupRole: FOLLOWER
,id: "s1"
address: "localhost:36635"
dataStreamAddress: "localhost:41297"
clientAddress: "localhost:39775"
adminAddress: "localhost:41981"
startupRole: FOLLOWER
,id: "s2"
address: "localhost:36969"
dataStreamAddress: "localhost:38077"
clientAddress: "localhost:40489"
adminAddress: "localhost:37929"
startupRole: FOLLOWER
, old:)]
2022-10-24 03:16:28,306 [s3-server-thread1] INFO  server.RaftServer$Division (RaftServerImpl.java:checkInconsistentAppendEntries(1589)) - s3@group-6912872F20E7: Failed appendEntries as the first entry (index 0) already exists (snapshotIndex: -1, commitIndex: 0)
2022-10-24 03:16:28,306 [s3-server-thread1] INFO  server.RaftServer$Division (RaftServerImpl.java:checkInconsistentAppendEntries(1569)) - s3@group-6912872F20E7: inconsistency entries. Reply:s1<-s3#256:FAIL-t2,INCONSISTENCY,nextIndex=1,followerCommit=0,matchIndex=-1
2022-10-24 03:16:28,306 [grpc-default-executor-8] INFO  leader.FollowerInfo (FollowerInfoImpl.java:lambda$new$0(48)) - s1@group-6912872F20E7->s3: nextIndex: updateUnconditionally 1 -> 1
2022-10-24 03:16:28,383 [s3-server-thread1] INFO  server.RaftServer$Division (RaftServerImpl.java:checkInconsistentAppendEntries(1599)) - s3@group-6912872F20E7: Failed appendEntries as previous log entry ((t:2, i:0)) is not found
2022-10-24 03:16:28,383 [s3-server-thread1] INFO  server.RaftServer$Division (RaftServerImpl.java:checkInconsistentAppendEntries(1569)) - s3@group-6912872F20E7: inconsistency entries. Reply:s1<-s3#257:FAIL-t2,INCONSISTENCY,nextIndex=0,followerCommit=0,matchIndex=-1
2022-10-24 03:16:28,383 [grpc-default-executor-8] INFO  leader.FollowerInfo (FollowerInfoImpl.java:lambda$new$0(48)) - s1@group-6912872F20E7->s3: nextIndex: updateUnconditionally 1 -> 0
2022-10-24 03:16:28,384 [s3-server-thread1] DEBUG server.RaftServer$Division (RaftServerImpl.java:logAppendEntries(1418)) - s3@group-6912872F20E7: receive appendEntries(s1, 2, null, 0, true, commits:[s1:c0, s3:c0, s4:c0, s0:c0, s2:c0], cId:258, entries: [(t:2, i:0), CONFIGURATIONENTRY(current:id: "s3"
address: "localhost:39579"
dataStreamAddress: "localhost:46293"
clientAddress: "localhost:33409"
adminAddress: "localhost:42243"
startupRole: FOLLOWER
,id: "s4"
address: "localhost:45747"
dataStreamAddress: "localhost:42993"
clientAddress: "localhost:44435"
adminAddress: "localhost:35149"
startupRole: FOLLOWER
,id: "s0"
address: "localhost:36179"
dataStreamAddress: "localhost:33505"
clientAddress: "localhost:36175"
adminAddress: "localhost:46501"
startupRole: FOLLOWER
,id: "s1"
address: "localhost:36635"
dataStreamAddress: "localhost:41297"
clientAddress: "localhost:39775"
adminAddress: "localhost:41981"
startupRole: FOLLOWER
,id: "s2"
address: "localhost:36969"
dataStreamAddress: "localhost:38077"
clientAddress: "localhost:40489"
adminAddress: "localhost:37929"
startupRole: FOLLOWER
, old:)]
2022-10-24 03:16:28,384 [s3-server-thread1] INFO  server.RaftServer$Division (RaftServerImpl.java:checkInconsistentAppendEntries(1589)) - s3@group-6912872F20E7: Failed appendEntries as the first entry (index 0) already exists (snapshotIndex: -1, commitIndex: 0)
2022-10-24 03:16:28,384 [s3-server-thread1] INFO  server.RaftServer$Division (RaftServerImpl.java:checkInconsistentAppendEntries(1569)) - s3@group-6912872F20E7: inconsistency entries. Reply:s1<-s3#258:FAIL-t2,INCONSISTENCY,nextIndex=1,followerCommit=0,matchIndex=-1
2022-10-24 03:16:28,385 [grpc-default-executor-8] INFO  leader.FollowerInfo (FollowerInfoImpl.java:lambda$new$0(48)) - s1@group-6912872F20E7->s3: nextIndex: updateUnconditionally 1 -> 1
2022-10-24 03:16:28,461 [s3-server-thread1] INFO  server.RaftServer$Division (RaftServerImpl.java:checkInconsistentAppendEntries(1599)) - s3@group-6912872F20E7: Failed appendEntries as previous log entry ((t:2, i:0)) is not found
2022-10-24 03:16:28,461 [s3-server-thread1] INFO  server.RaftServer$Division (RaftServerImpl.java:checkInconsistentAppendEntries(1569)) - s3@group-6912872F20E7: inconsistency entries. Reply:s1<-s3#259:FAIL-t2,INCONSISTENCY,nextIndex=0,followerCommit=0,matchIndex=-1
2022-10-24 03:16:28,462 [grpc-default-executor-8] INFO  leader.FollowerInfo (FollowerInfoImpl.java:lambda$new$0(48)) - s1@group-6912872F20E7->s3: nextIndex: updateUnconditionally 1 -> 0
2022-10-24 03:16:28,463 [s3-server-thread1] DEBUG server.RaftServer$Division (RaftServerImpl.java:logAppendEntries(1418)) - s3@group-6912872F20E7: receive appendEntries(s1, 2, null, 0, true, commits:[s1:c0, s3:c0, s4:c0, s0:c0, s2:c0], cId:260, entries: [(t:2, i:0), CONFIGURATIONENTRY(current:id: "s3"
address: "localhost:39579"
dataStreamAddress: "localhost:46293"
clientAddress: "localhost:33409"
adminAddress: "localhost:42243"
startupRole: FOLLOWER
,id: "s4"
address: "localhost:45747"
dataStreamAddress: "localhost:42993"
clientAddress: "localhost:44435"
adminAddress: "localhost:35149"
startupRole: FOLLOWER
,id: "s0"
address: "localhost:36179"
dataStreamAddress: "localhost:33505"
clientAddress: "localhost:36175"
adminAddress: "localhost:46501"
startupRole: FOLLOWER
,id: "s1"
address: "localhost:36635"
dataStreamAddress: "localhost:41297"
clientAddress: "localhost:39775"
adminAddress: "localhost:41981"
startupRole: FOLLOWER
,id: "s2"
address: "localhost:36969"
dataStreamAddress: "localhost:38077"
clientAddress: "localhost:40489"
adminAddress: "localhost:37929"
startupRole: FOLLOWER
, old:)]
2022-10-24 03:16:28,463 [s3-server-thread1] INFO  server.RaftServer$Division (RaftServerImpl.java:checkInconsistentAppendEntries(1589)) - s3@group-6912872F20E7: Failed appendEntries as the first entry (index 0) already exists (snapshotIndex: -1, commitIndex: 0)
2022-10-24 03:16:28,463 [s3-server-thread1] INFO  server.RaftServer$Division (RaftServerImpl.java:checkInconsistentAppendEntries(1569)) - s3@group-6912872F20E7: inconsistency entries. Reply:s1<-s3#260:FAIL-t2,INCONSISTENCY,nextIndex=1,followerCommit=0,matchIndex=-1
2022-10-24 03:16:28,464 [grpc-default-executor-8] INFO  leader.FollowerInfo (FollowerInfoImpl.java:lambda$new$0(48)) - s1@group-6912872F20E7->s3: nextIndex: updateUnconditionally 1 -> 1
2022-10-24 03:16:28,499 [Time-limited test] INFO  grpc.TestLeaderElectionWithGrpc (LeaderElectionTests.java:enforceLeader(292)) - try enforcing leader to s3 but new leader is s1
2022-10-24 03:16:28,499 [Time-limited test] INFO  server.RaftServerConfigKeys (ConfUtils.java:logGet(46)) - raft.server.rpc.timeout.max = 300ms (default)
2022-10-24 03:16:28,513 [s1@group-6912872F20E7->s4-GrpcLogAppender-LogAppenderDaemon] INFO  util.CodeInjectionForTesting (DelayLocalExecutionInjection.java:execute(65)) - s1 delay 150 ms, args=[serverRequest {
  requestorId: "s1"
  replyId: "s4"
  raftGroupId {
    id: "\226\001\321s\341\rE_\235\364i\022\207/ \347"
  }
  callId: 128
  slidingWindowEntry {
  }
}
leaderTerm: 2
previousLog {
  term: 2
}
initializing: true
commitInfos {
  server {
    id: "s1"
    address: "localhost:36635"
    dataStreamAddress: "localhost:41297"
    clientAddress: "localhost:39775"
    adminAddress: "localhost:41981"
    startupRole: FOLLOWER
  }
}
commitInfos {
  server {
    id: "s3"
    address: "localhost:39579"
    dataStreamAddress: "localhost:46293"
    clientAddress: "localhost:33409"
    adminAddress: "localhost:42243"
    startupRole: FOLLOWER
  }
}
commitInfos {
  server {
    id: "s4"
    address: "localhost:45747"
    dataStreamAddress: "localhost:42993"
    clientAddress: "localhost:44435"
    adminAddress: "localhost:35149"
    startupRole: FOLLOWER
  }
}
commitInfos {
  server {
    id: "s0"
    address: "localhost:36179"
    dataStreamAddress: "localhost:33505"
    clientAddress: "localhost:36175"
    adminAddress: "localhost:46501"
    startupRole: FOLLOWER
  }
}
commitInfos {
  server {
    id: "s2"
    address: "localhost:36969"
    dataStreamAddress: "localhost:38077"
    clientAddress: "localhost:40489"
    adminAddress: "localhost:37929"
    startupRole: FOLLOWER
  }
}
]
2022-10-24 03:16:28,540 [s1@group-6912872F20E7->s3-GrpcLogAppender-LogAppenderDaemon] INFO  util.CodeInjectionForTesting (DelayLocalExecutionInjection.java:execute(65)) - s1 delay 150 ms, args=[serverRequest {
  requestorId: "s1"
  replyId: "s3"
  raftGroupId {
    id: "\226\001\321s\341\rE_\235\364i\022\207/ \347"
  }
  callId: 261
  slidingWindowEntry {
  }
}
leaderTerm: 2
previousLog {
  term: 2
}
initializing: true
commitInfos {
  server {
    id: "s1"
    address: "localhost:36635"
    dataStreamAddress: "localhost:41297"
    clientAddress: "localhost:39775"
    adminAddress: "localhost:41981"
    startupRole: FOLLOWER
  }
}
commitInfos {
  server {
    id: "s3"
    address: "localhost:39579"
    dataStreamAddress: "localhost:46293"
    clientAddress: "localhost:33409"
    adminAddress: "localhost:42243"
    startupRole: FOLLOWER
  }
}
commitInfos {
  server {
    id: "s4"
    address: "localhost:45747"
    dataStreamAddress: "localhost:42993"
    clientAddress: "localhost:44435"
    adminAddress: "localhost:35149"
    startupRole: FOLLOWER
  }
}
commitInfos {
  server {
    id: "s0"
    address: "localhost:36179"
    dataStreamAddress: "localhost:33505"
    clientAddress: "localhost:36175"
    adminAddress: "localhost:46501"
    startupRole: FOLLOWER
  }
}
commitInfos {
  server {
    id: "s2"
    address: "localhost:36969"
    dataStreamAddress: "localhost:38077"
    clientAddress: "localhost:40489"
    adminAddress: "localhost:37929"
    startupRole: FOLLOWER
  }
}
]
2022-10-24 03:16:28,562 [s1@group-6912872F20E7->s0-GrpcLogAppender-LogAppenderDaemon] INFO  util.CodeInjectionForTesting (DelayLocalExecutionInjection.java:execute(65)) - s1 delay 150 ms, args=[serverRequest {
  requestorId: "s1"
  replyId: "s0"
  raftGroupId {
    id: "\226\001\321s\341\rE_\235\364i\022\207/ \347"
  }
  callId: 130
  slidingWindowEntry {
  }
}
leaderTerm: 2
previousLog {
  term: 2
}
initializing: true
commitInfos {
  server {
    id: "s1"
    address: "localhost:36635"
    dataStreamAddress: "localhost:41297"
    clientAddress: "localhost:39775"
    adminAddress: "localhost:41981"
    startupRole: FOLLOWER
  }
}
commitInfos {
  server {
    id: "s3"
    address: "localhost:39579"
    dataStreamAddress: "localhost:46293"
    clientAddress: "localhost:33409"
    adminAddress: "localhost:42243"
    startupRole: FOLLOWER
  }
}
commitInfos {
  server {
    id: "s4"
    address: "localhost:45747"
    dataStreamAddress: "localhost:42993"
    clientAddress: "localhost:44435"
    adminAddress: "localhost:35149"
    startupRole: FOLLOWER
  }
}
commitInfos {
  server {
    id: "s0"
    address: "localhost:36179"
    dataStreamAddress: "localhost:33505"
    clientAddress: "localhost:36175"
    adminAddress: "localhost:46501"
    startupRole: FOLLOWER
  }
}
commitInfos {
  server {
    id: "s2"
    address: "localhost:36969"
    dataStreamAddress: "localhost:38077"
    clientAddress: "localhost:40489"
    adminAddress: "localhost:37929"
    startupRole: FOLLOWER
  }
}
]
2022-10-24 03:16:28,564 [s1@group-6912872F20E7->s2-GrpcLogAppender-LogAppenderDaemon] INFO  util.CodeInjectionForTesting (DelayLocalExecutionInjection.java:execute(65)) - s1 delay 150 ms, args=[serverRequest {
  requestorId: "s1"
  replyId: "s2"
  raftGroupId {
    id: "\226\001\321s\341\rE_\235\364i\022\207/ \347"
  }
  callId: 129
  slidingWindowEntry {
  }
}
leaderTerm: 2
previousLog {
  term: 2
}
initializing: true
commitInfos {
  server {
    id: "s1"
    address: "localhost:36635"
    dataStreamAddress: "localhost:41297"
    clientAddress: "localhost:39775"
    adminAddress: "localhost:41981"
    startupRole: FOLLOWER
  }
}
commitInfos {
  server {
    id: "s3"
    address: "localhost:39579"
    dataStreamAddress: "localhost:46293"
    clientAddress: "localhost:33409"
    adminAddress: "localhost:42243"
    startupRole: FOLLOWER
  }
}
commitInfos {
  server {
    id: "s4"
    address: "localhost:45747"
    dataStreamAddress: "localhost:42993"
    clientAddress: "localhost:44435"
    adminAddress: "localhost:35149"
    startupRole: FOLLOWER
  }
}
commitInfos {
  server {
    id: "s0"
    address: "localhost:36179"
    dataStreamAddress: "localhost:33505"
    clientAddress: "localhost:36175"
    adminAddress: "localhost:46501"
    startupRole: FOLLOWER
  }
}
commitInfos {
  server {
    id: "s2"
    address: "localhost:36969"
    dataStreamAddress: "localhost:38077"
    clientAddress: "localhost:40489"
    adminAddress: "localhost:37929"
    startupRole: FOLLOWER
  }
}
]
2022-10-24 03:16:28,690 [s3-server-thread1] INFO  util.CodeInjectionForTesting (BlockRequestHandlingInjection.java:execute(77)) - s3: Block request from s1
2022-10-24 03:16:28,728 [s1@group-6912872F20E7->s3-GrpcLogAppender-LogAppenderDaemon] INFO  util.CodeInjectionForTesting (DelayLocalExecutionInjection.java:execute(65)) - s1 delay 150 ms, args=[serverRequest {
  requestorId: "s1"
  replyId: "s3"
  raftGroupId {
    id: "\226\001\321s\341\rE_\235\364i\022\207/ \347"
  }
  callId: 262
  slidingWindowEntry {
  }
}
leaderTerm: 2
previousLog {
  term: 2
}
initializing: true
commitInfos {
  server {
    id: "s1"
    address: "localhost:36635"
    dataStreamAddress: "localhost:41297"
    clientAddress: "localhost:39775"
    adminAddress: "localhost:41981"
    startupRole: FOLLOWER
  }
}
commitInfos {
  server {
    id: "s3"
    address: "localhost:39579"
    dataStreamAddress: "localhost:46293"
    clientAddress: "localhost:33409"
    adminAddress: "localhost:42243"
    startupRole: FOLLOWER
  }
}
commitInfos {
  server {
    id: "s4"
    address: "localhost:45747"
    dataStreamAddress: "localhost:42993"
    clientAddress: "localhost:44435"
    adminAddress: "localhost:35149"
    startupRole: FOLLOWER
  }
}
commitInfos {
  server {
    id: "s0"
    address: "localhost:36179"
    dataStreamAddress: "localhost:33505"
    clientAddress: "localhost:36175"
    adminAddress: "localhost:46501"
    startupRole: FOLLOWER
  }
}
commitInfos {
  server {
    id: "s2"
    address: "localhost:36969"
    dataStreamAddress: "localhost:38077"
    clientAddress: "localhost:40489"
    adminAddress: "localhost:37929"
    startupRole: FOLLOWER
  }
}
]
2022-10-24 03:16:28,736 [s3@group-6912872F20E7-FollowerState] INFO  impl.FollowerState (FollowerState.java:run(143)) - s3@group-6912872F20E7-FollowerState: change to CANDIDATE, lastRpcElapsedTime:272620045ns, electionTimeout:186ms
2022-10-24 03:16:28,736 [s3@group-6912872F20E7-FollowerState] INFO  impl.RoleInfo (RoleInfo.java:shutdownFollowerState(110)) - s3: shutdown s3@group-6912872F20E7-FollowerState
2022-10-24 03:16:28,736 [s3@group-6912872F20E7-FollowerState] INFO  server.RaftServer$Division (RaftServerImpl.java:setRole(325)) - s3@group-6912872F20E7: changes role from  FOLLOWER to CANDIDATE at term 2 for changeToCandidate
2022-10-24 03:16:28,736 [s3@group-6912872F20E7-FollowerState] INFO  server.RaftServerConfigKeys (ConfUtils.java:logGet(46)) - raft.server.leaderelection.pre-vote = true (default)
2022-10-24 03:16:28,736 [s3@group-6912872F20E7-FollowerState] INFO  impl.RoleInfo (RoleInfo.java:updateAndGet(139)) - s3: start s3@group-6912872F20E7-LeaderElection43
2022-10-24 03:16:28,736 [s3@group-6912872F20E7-LeaderElection43] INFO  server.RaftServer$Division (ServerState.java:setLeader(259)) - s3@group-6912872F20E7: change Leader from s1 to null at term 2 for PRE_VOTE
2022-10-24 03:16:28,737 [s3@group-6912872F20E7-LeaderElection43] INFO  impl.LeaderElection (LeaderElection.java:askForVotes(309)) - s3@group-6912872F20E7-LeaderElection43 PRE_VOTE round 0: submit vote requests at term 2 for 0: peers:[s3|rpc:localhost:39579|admin:localhost:42243|client:localhost:33409|dataStream:localhost:46293|priority:0|startupRole:FOLLOWER, s4|rpc:localhost:45747|admin:localhost:35149|client:localhost:44435|dataStream:localhost:42993|priority:0|startupRole:FOLLOWER, s0|rpc:localhost:36179|admin:localhost:46501|client:localhost:36175|dataStream:localhost:33505|priority:0|startupRole:FOLLOWER, s1|rpc:localhost:36635|admin:localhost:41981|client:localhost:39775|dataStream:localhost:41297|priority:0|startupRole:FOLLOWER, s2|rpc:localhost:36969|admin:localhost:37929|client:localhost:40489|dataStream:localhost:38077|priority:0|startupRole:FOLLOWER]|listeners:[], old=null
2022-10-24 03:16:28,738 [grpc-default-executor-15] INFO  server.RaftServer$Division (RaftServerImpl.java:requestVote(1291)) - s4@group-6912872F20E7: receive requestVote(PRE_VOTE, s3, group-6912872F20E7, 2, (t:1, i:0))
2022-10-24 03:16:28,738 [grpc-default-executor-15] INFO  impl.VoteContext (VoteContext.java:log(49)) - s4@group-6912872F20E7-FOLLOWER: reject PRE_VOTE from s3: this server is a follower and still has a valid leader s1
2022-10-24 03:16:28,739 [grpc-default-executor-15] INFO  server.RaftServer$Division (RaftServerImpl.java:requestVote(1324)) - s4@group-6912872F20E7 replies to PRE_VOTE vote request: s3<-s4#0:FAIL-t2. Peer's state: s4@group-6912872F20E7:t2, leader=s1, voted=s1, raftlog=Memoized:s4@group-6912872F20E7-SegmentedRaftLog:OPENED:c0, conf=0: peers:[s3|rpc:localhost:39579|admin:localhost:42243|client:localhost:33409|dataStream:localhost:46293|priority:0|startupRole:FOLLOWER, s4|rpc:localhost:45747|admin:localhost:35149|client:localhost:44435|dataStream:localhost:42993|priority:0|startupRole:FOLLOWER, s0|rpc:localhost:36179|admin:localhost:46501|client:localhost:36175|dataStream:localhost:33505|priority:0|startupRole:FOLLOWER, s1|rpc:localhost:36635|admin:localhost:41981|client:localhost:39775|dataStream:localhost:41297|priority:0|startupRole:FOLLOWER, s2|rpc:localhost:36969|admin:localhost:37929|client:localhost:40489|dataStream:localhost:38077|priority:0|startupRole:FOLLOWER]|listeners:[], old=null
2022-10-24 03:16:28,739 [grpc-default-executor-34] INFO  server.RaftServer$Division (RaftServerImpl.java:requestVote(1291)) - s0@group-6912872F20E7: receive requestVote(PRE_VOTE, s3, group-6912872F20E7, 2, (t:1, i:0))
2022-10-24 03:16:28,739 [grpc-default-executor-34] INFO  impl.VoteContext (VoteContext.java:log(49)) - s0@group-6912872F20E7-FOLLOWER: reject PRE_VOTE from s3: this server is a follower and still has a valid leader s1
2022-10-24 03:16:28,739 [grpc-default-executor-34] INFO  server.RaftServer$Division (RaftServerImpl.java:requestVote(1324)) - s0@group-6912872F20E7 replies to PRE_VOTE vote request: s3<-s0#0:FAIL-t2. Peer's state: s0@group-6912872F20E7:t2, leader=s1, voted=s1, raftlog=Memoized:s0@group-6912872F20E7-SegmentedRaftLog:OPENED:c0, conf=0: peers:[s3|rpc:localhost:39579|admin:localhost:42243|client:localhost:33409|dataStream:localhost:46293|priority:0|startupRole:FOLLOWER, s4|rpc:localhost:45747|admin:localhost:35149|client:localhost:44435|dataStream:localhost:42993|priority:0|startupRole:FOLLOWER, s0|rpc:localhost:36179|admin:localhost:46501|client:localhost:36175|dataStream:localhost:33505|priority:0|startupRole:FOLLOWER, s1|rpc:localhost:36635|admin:localhost:41981|client:localhost:39775|dataStream:localhost:41297|priority:0|startupRole:FOLLOWER, s2|rpc:localhost:36969|admin:localhost:37929|client:localhost:40489|dataStream:localhost:38077|priority:0|startupRole:FOLLOWER]|listeners:[], old=null
2022-10-24 03:16:28,740 [grpc-default-executor-34] INFO  server.RaftServer$Division (RaftServerImpl.java:requestVote(1291)) - s1@group-6912872F20E7: receive requestVote(PRE_VOTE, s3, group-6912872F20E7, 2, (t:1, i:0))
2022-10-24 03:16:28,740 [grpc-default-executor-34] INFO  impl.VoteContext (VoteContext.java:log(49)) - s1@group-6912872F20E7-LEADER: reject PRE_VOTE from s3: this server is the leader and still has leadership
2022-10-24 03:16:28,740 [grpc-default-executor-34] INFO  server.RaftServer$Division (RaftServerImpl.java:requestVote(1324)) - s1@group-6912872F20E7 replies to PRE_VOTE vote request: s3<-s1#0:FAIL-t2. Peer's state: s1@group-6912872F20E7:t2, leader=s1, voted=s1, raftlog=Memoized:s1@group-6912872F20E7-SegmentedRaftLog:OPENED:c0, conf=0: peers:[s3|rpc:localhost:39579|admin:localhost:42243|client:localhost:33409|dataStream:localhost:46293|priority:0|startupRole:FOLLOWER, s4|rpc:localhost:45747|admin:localhost:35149|client:localhost:44435|dataStream:localhost:42993|priority:0|startupRole:FOLLOWER, s0|rpc:localhost:36179|admin:localhost:46501|client:localhost:36175|dataStream:localhost:33505|priority:0|startupRole:FOLLOWER, s1|rpc:localhost:36635|admin:localhost:41981|client:localhost:39775|dataStream:localhost:41297|priority:0|startupRole:FOLLOWER, s2|rpc:localhost:36969|admin:localhost:37929|client:localhost:40489|dataStream:localhost:38077|priority:0|startupRole:FOLLOWER]|listeners:[], old=null
2022-10-24 03:16:28,740 [s1@group-6912872F20E7->s4-GrpcLogAppender-LogAppenderDaemon] INFO  util.CodeInjectionForTesting (DelayLocalExecutionInjection.java:execute(65)) - s1 delay 150 ms, args=[serverRequest {
  requestorId: "s1"
  replyId: "s4"
  raftGroupId {
    id: "\226\001\321s\341\rE_\235\364i\022\207/ \347"
  }
  callId: 129
  slidingWindowEntry {
  }
}
leaderTerm: 2
previousLog {
  term: 2
}
initializing: true
commitInfos {
  server {
    id: "s1"
    address: "localhost:36635"
    dataStreamAddress: "localhost:41297"
    clientAddress: "localhost:39775"
    adminAddress: "localhost:41981"
    startupRole: FOLLOWER
  }
}
commitInfos {
  server {
    id: "s3"
    address: "localhost:39579"
    dataStreamAddress: "localhost:46293"
    clientAddress: "localhost:33409"
    adminAddress: "localhost:42243"
    startupRole: FOLLOWER
  }
}
commitInfos {
  server {
    id: "s4"
    address: "localhost:45747"
    dataStreamAddress: "localhost:42993"
    clientAddress: "localhost:44435"
    adminAddress: "localhost:35149"
    startupRole: FOLLOWER
  }
}
commitInfos {
  server {
    id: "s0"
    address: "localhost:36179"
    dataStreamAddress: "localhost:33505"
    clientAddress: "localhost:36175"
    adminAddress: "localhost:46501"
    startupRole: FOLLOWER
  }
}
commitInfos {
  server {
    id: "s2"
    address: "localhost:36969"
    dataStreamAddress: "localhost:38077"
    clientAddress: "localhost:40489"
    adminAddress: "localhost:37929"
    startupRole: FOLLOWER
  }
}
]
2022-10-24 03:16:28,742 [s3@group-6912872F20E7-LeaderElection43] INFO  impl.LeaderElection (LeaderElection.java:logAndReturn(89)) - s3@group-6912872F20E7-LeaderElection43: PRE_VOTE REJECTED received 3 response(s) and 0 exception(s):
2022-10-24 03:16:28,742 [s3@group-6912872F20E7-LeaderElection43] INFO  impl.LeaderElection (LeaderElection.java:logAndReturn(93)) -   Response 0: s3<-s4#0:FAIL-t2
2022-10-24 03:16:28,742 [s3@group-6912872F20E7-LeaderElection43] INFO  impl.LeaderElection (LeaderElection.java:logAndReturn(93)) -   Response 1: s3<-s0#0:FAIL-t2
2022-10-24 03:16:28,742 [s3@group-6912872F20E7-LeaderElection43] INFO  impl.LeaderElection (LeaderElection.java:logAndReturn(93)) -   Response 2: s3<-s1#0:FAIL-t2
2022-10-24 03:16:28,742 [grpc-default-executor-15] INFO  server.RaftServer$Division (RaftServerImpl.java:requestVote(1291)) - s2@group-6912872F20E7: receive requestVote(PRE_VOTE, s3, group-6912872F20E7, 2, (t:1, i:0))
2022-10-24 03:16:28,742 [grpc-default-executor-15] INFO  impl.VoteContext (VoteContext.java:log(49)) - s2@group-6912872F20E7-FOLLOWER: reject PRE_VOTE from s3: this server is a follower and still has a valid leader s1
2022-10-24 03:16:28,742 [s3@group-6912872F20E7-LeaderElection43] INFO  impl.LeaderElection (LeaderElection.java:askForVotes(311)) - s3@group-6912872F20E7-LeaderElection43 PRE_VOTE round 0: result REJECTED
2022-10-24 03:16:28,742 [s3@group-6912872F20E7-LeaderElection43] INFO  server.RaftServer$Division (RaftServerImpl.java:setRole(325)) - s3@group-6912872F20E7: changes role from CANDIDATE to FOLLOWER at term 2 for REJECTED
2022-10-24 03:16:28,742 [s3@group-6912872F20E7-LeaderElection43] INFO  impl.RoleInfo (RoleInfo.java:shutdownLeaderElection(130)) - s3: shutdown s3@group-6912872F20E7-LeaderElection43
2022-10-24 03:16:28,742 [s3@group-6912872F20E7-LeaderElection43] INFO  impl.RoleInfo (RoleInfo.java:updateAndGet(139)) - s3: start s3@group-6912872F20E7-FollowerState
2022-10-24 03:16:28,742 [grpc-default-executor-15] INFO  server.RaftServer$Division (RaftServerImpl.java:requestVote(1324)) - s2@group-6912872F20E7 replies to PRE_VOTE vote request: s3<-s2#0:FAIL-t2. Peer's state: s2@group-6912872F20E7:t2, leader=s1, voted=s1, raftlog=Memoized:s2@group-6912872F20E7-SegmentedRaftLog:OPENED:c0, conf=0: peers:[s3|rpc:localhost:39579|admin:localhost:42243|client:localhost:33409|dataStream:localhost:46293|priority:0|startupRole:FOLLOWER, s4|rpc:localhost:45747|admin:localhost:35149|client:localhost:44435|dataStream:localhost:42993|priority:0|startupRole:FOLLOWER, s0|rpc:localhost:36179|admin:localhost:46501|client:localhost:36175|dataStream:localhost:33505|priority:0|startupRole:FOLLOWER, s1|rpc:localhost:36635|admin:localhost:41981|client:localhost:39775|dataStream:localhost:41297|priority:0|startupRole:FOLLOWER, s2|rpc:localhost:36969|admin:localhost:37929|client:localhost:40489|dataStream:localhost:38077|priority:0|startupRole:FOLLOWER]|listeners:[], old=null
2022-10-24 03:16:28,789 [s1@group-6912872F20E7->s0-GrpcLogAppender-LogAppenderDaemon] INFO  util.CodeInjectionForTesting (DelayLocalExecutionInjection.java:execute(65)) - s1 delay 150 ms, args=[serverRequest {
  requestorId: "s1"
  replyId: "s0"
  raftGroupId {
    id: "\226\001\321s\341\rE_\235\364i\022\207/ \347"
  }
  callId: 131
  slidingWindowEntry {
  }
}
leaderTerm: 2
previousLog {
  term: 2
}
initializing: true
commitInfos {
  server {
    id: "s1"
    address: "localhost:36635"
    dataStreamAddress: "localhost:41297"
    clientAddress: "localhost:39775"
    adminAddress: "localhost:41981"
    startupRole: FOLLOWER
  }
}
commitInfos {
  server {
    id: "s3"
    address: "localhost:39579"
    dataStreamAddress: "localhost:46293"
    clientAddress: "localhost:33409"
    adminAddress: "localhost:42243"
    startupRole: FOLLOWER
  }
}
commitInfos {
  server {
    id: "s4"
    address: "localhost:45747"
    dataStreamAddress: "localhost:42993"
    clientAddress: "localhost:44435"
    adminAddress: "localhost:35149"
    startupRole: FOLLOWER
  }
}
commitInfos {
  server {
    id: "s0"
    address: "localhost:36179"
    dataStreamAddress: "localhost:33505"
    clientAddress: "localhost:36175"
    adminAddress: "localhost:46501"
    startupRole: FOLLOWER
  }
}
commitInfos {
  server {
    id: "s2"
    address: "localhost:36969"
    dataStreamAddress: "localhost:38077"
    clientAddress: "localhost:40489"
    adminAddress: "localhost:37929"
    startupRole: FOLLOWER
  }
}
]
2022-10-24 03:16:28,791 [s1@group-6912872F20E7->s2-GrpcLogAppender-LogAppenderDaemon] INFO  util.CodeInjectionForTesting (DelayLocalExecutionInjection.java:execute(65)) - s1 delay 150 ms, args=[serverRequest {
  requestorId: "s1"
  replyId: "s2"
  raftGroupId {
    id: "\226\001\321s\341\rE_\235\364i\022\207/ \347"
  }
  callId: 130
  slidingWindowEntry {
  }
}
leaderTerm: 2
previousLog {
  term: 2
}
initializing: true
commitInfos {
  server {
    id: "s1"
    address: "localhost:36635"
    dataStreamAddress: "localhost:41297"
    clientAddress: "localhost:39775"
    adminAddress: "localhost:41981"
    startupRole: FOLLOWER
  }
}
commitInfos {
  server {
    id: "s3"
    address: "localhost:39579"
    dataStreamAddress: "localhost:46293"
    clientAddress: "localhost:33409"
    adminAddress: "localhost:42243"
    startupRole: FOLLOWER
  }
}
commitInfos {
  server {
    id: "s4"
    address: "localhost:45747"
    dataStreamAddress: "localhost:42993"
    clientAddress: "localhost:44435"
    adminAddress: "localhost:35149"
    startupRole: FOLLOWER
  }
}
commitInfos {
  server {
    id: "s0"
    address: "localhost:36179"
    dataStreamAddress: "localhost:33505"
    clientAddress: "localhost:36175"
    adminAddress: "localhost:46501"
    startupRole: FOLLOWER
  }
}
commitInfos {
  server {
    id: "s2"
    address: "localhost:36969"
    dataStreamAddress: "localhost:38077"
    clientAddress: "localhost:40489"
    adminAddress: "localhost:37929"
    startupRole: FOLLOWER
  }
}
]
2022-10-24 03:16:28,915 [s1@group-6912872F20E7->s3-GrpcLogAppender-LogAppenderDaemon] INFO  util.CodeInjectionForTesting (DelayLocalExecutionInjection.java:execute(65)) - s1 delay 150 ms, args=[serverRequest {
  requestorId: "s1"
  replyId: "s3"
  raftGroupId {
    id: "\226\001\321s\341\rE_\235\364i\022\207/ \347"
  }
  callId: 263
  slidingWindowEntry {
  }
}
leaderTerm: 2
previousLog {
  term: 2
}
initializing: true
commitInfos {
  server {
    id: "s1"
    address: "localhost:36635"
    dataStreamAddress: "localhost:41297"
    clientAddress: "localhost:39775"
    adminAddress: "localhost:41981"
    startupRole: FOLLOWER
  }
}
commitInfos {
  server {
    id: "s3"
    address: "localhost:39579"
    dataStreamAddress: "localhost:46293"
    clientAddress: "localhost:33409"
    adminAddress: "localhost:42243"
    startupRole: FOLLOWER
  }
}
commitInfos {
  server {
    id: "s4"
    address: "localhost:45747"
    dataStreamAddress: "localhost:42993"
    clientAddress: "localhost:44435"
    adminAddress: "localhost:35149"
    startupRole: FOLLOWER
  }
}
commitInfos {
  server {
    id: "s0"
    address: "localhost:36179"
    dataStreamAddress: "localhost:33505"
    clientAddress: "localhost:36175"
    adminAddress: "localhost:46501"
    startupRole: FOLLOWER
  }
}
commitInfos {
  server {
    id: "s2"
    address: "localhost:36969"
    dataStreamAddress: "localhost:38077"
    clientAddress: "localhost:40489"
    adminAddress: "localhost:37929"
    startupRole: FOLLOWER
  }
}
]
2022-10-24 03:16:28,967 [s1@group-6912872F20E7->s4-GrpcLogAppender-LogAppenderDaemon] INFO  util.CodeInjectionForTesting (DelayLocalExecutionInjection.java:execute(65)) - s1 delay 150 ms, args=[serverRequest {
  requestorId: "s1"
  replyId: "s4"
  raftGroupId {
    id: "\226\001\321s\341\rE_\235\364i\022\207/ \347"
  }
  callId: 130
  slidingWindowEntry {
  }
}
leaderTerm: 2
previousLog {
  term: 2
}
initializing: true
commitInfos {
  server {
    id: "s1"
    address: "localhost:36635"
    dataStreamAddress: "localhost:41297"
    clientAddress: "localhost:39775"
    adminAddress: "localhost:41981"
    startupRole: FOLLOWER
  }
}
commitInfos {
  server {
    id: "s3"
    address: "localhost:39579"
    dataStreamAddress: "localhost:46293"
    clientAddress: "localhost:33409"
    adminAddress: "localhost:42243"
    startupRole: FOLLOWER
  }
}
commitInfos {
  server {
    id: "s4"
    address: "localhost:45747"
    dataStreamAddress: "localhost:42993"
    clientAddress: "localhost:44435"
    adminAddress: "localhost:35149"
    startupRole: FOLLOWER
  }
}
commitInfos {
  server {
    id: "s0"
    address: "localhost:36179"
    dataStreamAddress: "localhost:33505"
    clientAddress: "localhost:36175"
    adminAddress: "localhost:46501"
    startupRole: FOLLOWER
  }
}
commitInfos {
  server {
    id: "s2"
    address: "localhost:36969"
    dataStreamAddress: "localhost:38077"
    clientAddress: "localhost:40489"
    adminAddress: "localhost:37929"
    startupRole: FOLLOWER
  }
}
]
2022-10-24 03:16:29,008 [s3@group-6912872F20E7-FollowerState] INFO  impl.FollowerState (FollowerState.java:run(143)) - s3@group-6912872F20E7-FollowerState: change to CANDIDATE, lastRpcElapsedTime:265742578ns, electionTimeout:265ms
2022-10-24 03:16:29,008 [s3@group-6912872F20E7-FollowerState] INFO  impl.RoleInfo (RoleInfo.java:shutdownFollowerState(110)) - s3: shutdown s3@group-6912872F20E7-FollowerState
2022-10-24 03:16:29,008 [s3@group-6912872F20E7-FollowerState] INFO  server.RaftServer$Division (RaftServerImpl.java:setRole(325)) - s3@group-6912872F20E7: changes role from  FOLLOWER to CANDIDATE at term 2 for changeToCandidate
2022-10-24 03:16:29,009 [s3@group-6912872F20E7-FollowerState] INFO  server.RaftServerConfigKeys (ConfUtils.java:logGet(46)) - raft.server.leaderelection.pre-vote = true (default)
2022-10-24 03:16:29,009 [s3@group-6912872F20E7-FollowerState] INFO  impl.RoleInfo (RoleInfo.java:updateAndGet(139)) - s3: start s3@group-6912872F20E7-LeaderElection44
2022-10-24 03:16:29,009 [s3@group-6912872F20E7-LeaderElection44] INFO  impl.LeaderElection (LeaderElection.java:askForVotes(309)) - s3@group-6912872F20E7-LeaderElection44 PRE_VOTE round 0: submit vote requests at term 2 for 0: peers:[s3|rpc:localhost:39579|admin:localhost:42243|client:localhost:33409|dataStream:localhost:46293|priority:0|startupRole:FOLLOWER, s4|rpc:localhost:45747|admin:localhost:35149|client:localhost:44435|dataStream:localhost:42993|priority:0|startupRole:FOLLOWER, s0|rpc:localhost:36179|admin:localhost:46501|client:localhost:36175|dataStream:localhost:33505|priority:0|startupRole:FOLLOWER, s1|rpc:localhost:36635|admin:localhost:41981|client:localhost:39775|dataStream:localhost:41297|priority:0|startupRole:FOLLOWER, s2|rpc:localhost:36969|admin:localhost:37929|client:localhost:40489|dataStream:localhost:38077|priority:0|startupRole:FOLLOWER]|listeners:[], old=null
2022-10-24 03:16:29,011 [grpc-default-executor-15] INFO  server.RaftServer$Division (RaftServerImpl.java:requestVote(1291)) - s0@group-6912872F20E7: receive requestVote(PRE_VOTE, s3, group-6912872F20E7, 2, (t:1, i:0))
2022-10-24 03:16:29,011 [grpc-default-executor-15] INFO  impl.VoteContext (VoteContext.java:log(49)) - s0@group-6912872F20E7-FOLLOWER: reject PRE_VOTE from s3: this server is a follower and still has a valid leader s1
2022-10-24 03:16:29,011 [grpc-default-executor-15] INFO  server.RaftServer$Division (RaftServerImpl.java:requestVote(1324)) - s0@group-6912872F20E7 replies to PRE_VOTE vote request: s3<-s0#0:FAIL-t2. Peer's state: s0@group-6912872F20E7:t2, leader=s1, voted=s1, raftlog=Memoized:s0@group-6912872F20E7-SegmentedRaftLog:OPENED:c0, conf=0: peers:[s3|rpc:localhost:39579|admin:localhost:42243|client:localhost:33409|dataStream:localhost:46293|priority:0|startupRole:FOLLOWER, s4|rpc:localhost:45747|admin:localhost:35149|client:localhost:44435|dataStream:localhost:42993|priority:0|startupRole:FOLLOWER, s0|rpc:localhost:36179|admin:localhost:46501|client:localhost:36175|dataStream:localhost:33505|priority:0|startupRole:FOLLOWER, s1|rpc:localhost:36635|admin:localhost:41981|client:localhost:39775|dataStream:localhost:41297|priority:0|startupRole:FOLLOWER, s2|rpc:localhost:36969|admin:localhost:37929|client:localhost:40489|dataStream:localhost:38077|priority:0|startupRole:FOLLOWER]|listeners:[], old=null
2022-10-24 03:16:29,013 [grpc-default-executor-15] INFO  server.RaftServer$Division (RaftServerImpl.java:requestVote(1291)) - s1@group-6912872F20E7: receive requestVote(PRE_VOTE, s3, group-6912872F20E7, 2, (t:1, i:0))
2022-10-24 03:16:29,013 [grpc-default-executor-15] INFO  impl.VoteContext (VoteContext.java:log(49)) - s1@group-6912872F20E7-LEADER: reject PRE_VOTE from s3: this server is the leader and still has leadership
2022-10-24 03:16:29,013 [grpc-default-executor-15] INFO  server.RaftServer$Division (RaftServerImpl.java:requestVote(1324)) - s1@group-6912872F20E7 replies to PRE_VOTE vote request: s3<-s1#0:FAIL-t2. Peer's state: s1@group-6912872F20E7:t2, leader=s1, voted=s1, raftlog=Memoized:s1@group-6912872F20E7-SegmentedRaftLog:OPENED:c0, conf=0: peers:[s3|rpc:localhost:39579|admin:localhost:42243|client:localhost:33409|dataStream:localhost:46293|priority:0|startupRole:FOLLOWER, s4|rpc:localhost:45747|admin:localhost:35149|client:localhost:44435|dataStream:localhost:42993|priority:0|startupRole:FOLLOWER, s0|rpc:localhost:36179|admin:localhost:46501|client:localhost:36175|dataStream:localhost:33505|priority:0|startupRole:FOLLOWER, s1|rpc:localhost:36635|admin:localhost:41981|client:localhost:39775|dataStream:localhost:41297|priority:0|startupRole:FOLLOWER, s2|rpc:localhost:36969|admin:localhost:37929|client:localhost:40489|dataStream:localhost:38077|priority:0|startupRole:FOLLOWER]|listeners:[], old=null
2022-10-24 03:16:29,014 [grpc-default-executor-15] INFO  server.RaftServer$Division (RaftServerImpl.java:requestVote(1291)) - s2@group-6912872F20E7: receive requestVote(PRE_VOTE, s3, group-6912872F20E7, 2, (t:1, i:0))
2022-10-24 03:16:29,014 [grpc-default-executor-15] INFO  impl.VoteContext (VoteContext.java:log(49)) - s2@group-6912872F20E7-FOLLOWER: reject PRE_VOTE from s3: this server is a follower and still has a valid leader s1
2022-10-24 03:16:29,014 [grpc-default-executor-15] INFO  server.RaftServer$Division (RaftServerImpl.java:requestVote(1324)) - s2@group-6912872F20E7 replies to PRE_VOTE vote request: s3<-s2#0:FAIL-t2. Peer's state: s2@group-6912872F20E7:t2, leader=s1, voted=s1, raftlog=Memoized:s2@group-6912872F20E7-SegmentedRaftLog:OPENED:c0, conf=0: peers:[s3|rpc:localhost:39579|admin:localhost:42243|client:localhost:33409|dataStream:localhost:46293|priority:0|startupRole:FOLLOWER, s4|rpc:localhost:45747|admin:localhost:35149|client:localhost:44435|dataStream:localhost:42993|priority:0|startupRole:FOLLOWER, s0|rpc:localhost:36179|admin:localhost:46501|client:localhost:36175|dataStream:localhost:33505|priority:0|startupRole:FOLLOWER, s1|rpc:localhost:36635|admin:localhost:41981|client:localhost:39775|dataStream:localhost:41297|priority:0|startupRole:FOLLOWER, s2|rpc:localhost:36969|admin:localhost:37929|client:localhost:40489|dataStream:localhost:38077|priority:0|startupRole:FOLLOWER]|listeners:[], old=null
2022-10-24 03:16:29,015 [s1@group-6912872F20E7->s0-GrpcLogAppender-LogAppenderDaemon] INFO  util.CodeInjectionForTesting (DelayLocalExecutionInjection.java:execute(65)) - s1 delay 150 ms, args=[serverRequest {
  requestorId: "s1"
  replyId: "s0"
  raftGroupId {
    id: "\226\001\321s\341\rE_\235\364i\022\207/ \347"
  }
  callId: 132
  slidingWindowEntry {
  }
}
leaderTerm: 2
previousLog {
  term: 2
}
initializing: true
commitInfos {
  server {
    id: "s1"
    address: "localhost:36635"
    dataStreamAddress: "localhost:41297"
    clientAddress: "localhost:39775"
    adminAddress: "localhost:41981"
    startupRole: FOLLOWER
  }
}
commitInfos {
  server {
    id: "s3"
    address: "localhost:39579"
    dataStreamAddress: "localhost:46293"
    clientAddress: "localhost:33409"
    adminAddress: "localhost:42243"
    startupRole: FOLLOWER
  }
}
commitInfos {
  server {
    id: "s4"
    address: "localhost:45747"
    dataStreamAddress: "localhost:42993"
    clientAddress: "localhost:44435"
    adminAddress: "localhost:35149"
    startupRole: FOLLOWER
  }
}
commitInfos {
  server {
    id: "s0"
    address: "localhost:36179"
    dataStreamAddress: "localhost:33505"
    clientAddress: "localhost:36175"
    adminAddress: "localhost:46501"
    startupRole: FOLLOWER
  }
}
commitInfos {
  server {
    id: "s2"
    address: "localhost:36969"
    dataStreamAddress: "localhost:38077"
    clientAddress: "localhost:40489"
    adminAddress: "localhost:37929"
    startupRole: FOLLOWER
  }
}
]
2022-10-24 03:16:29,015 [s3@group-6912872F20E7-LeaderElection44] INFO  impl.LeaderElection (LeaderElection.java:logAndReturn(89)) - s3@group-6912872F20E7-LeaderElection44: PRE_VOTE REJECTED received 3 response(s) and 0 exception(s):
2022-10-24 03:16:29,015 [grpc-default-executor-15] INFO  server.RaftServer$Division (RaftServerImpl.java:requestVote(1291)) - s4@group-6912872F20E7: receive requestVote(PRE_VOTE, s3, group-6912872F20E7, 2, (t:1, i:0))
2022-10-24 03:16:29,015 [grpc-default-executor-15] INFO  impl.VoteContext (VoteContext.java:log(49)) - s4@group-6912872F20E7-FOLLOWER: reject PRE_VOTE from s3: this server is a follower and still has a valid leader s1
2022-10-24 03:16:29,015 [grpc-default-executor-15] INFO  server.RaftServer$Division (RaftServerImpl.java:requestVote(1324)) - s4@group-6912872F20E7 replies to PRE_VOTE vote request: s3<-s4#0:FAIL-t2. Peer's state: s4@group-6912872F20E7:t2, leader=s1, voted=s1, raftlog=Memoized:s4@group-6912872F20E7-SegmentedRaftLog:OPENED:c0, conf=0: peers:[s3|rpc:localhost:39579|admin:localhost:42243|client:localhost:33409|dataStream:localhost:46293|priority:0|startupRole:FOLLOWER, s4|rpc:localhost:45747|admin:localhost:35149|client:localhost:44435|dataStream:localhost:42993|priority:0|startupRole:FOLLOWER, s0|rpc:localhost:36179|admin:localhost:46501|client:localhost:36175|dataStream:localhost:33505|priority:0|startupRole:FOLLOWER, s1|rpc:localhost:36635|admin:localhost:41981|client:localhost:39775|dataStream:localhost:41297|priority:0|startupRole:FOLLOWER, s2|rpc:localhost:36969|admin:localhost:37929|client:localhost:40489|dataStream:localhost:38077|priority:0|startupRole:FOLLOWER]|listeners:[], old=null
2022-10-24 03:16:29,015 [s3@group-6912872F20E7-LeaderElection44] INFO  impl.LeaderElection (LeaderElection.java:logAndReturn(93)) -   Response 0: s3<-s0#0:FAIL-t2
2022-10-24 03:16:29,016 [s3@group-6912872F20E7-LeaderElection44] INFO  impl.LeaderElection (LeaderElection.java:logAndReturn(93)) -   Response 1: s3<-s1#0:FAIL-t2
2022-10-24 03:16:29,016 [s3@group-6912872F20E7-LeaderElection44] INFO  impl.LeaderElection (LeaderElection.java:logAndReturn(93)) -   Response 2: s3<-s2#0:FAIL-t2
2022-10-24 03:16:29,016 [s3@group-6912872F20E7-LeaderElection44] INFO  impl.LeaderElection (LeaderElection.java:askForVotes(311)) - s3@group-6912872F20E7-LeaderElection44 PRE_VOTE round 0: result REJECTED
2022-10-24 03:16:29,016 [s3@group-6912872F20E7-LeaderElection44] INFO  server.RaftServer$Division (RaftServerImpl.java:setRole(325)) - s3@group-6912872F20E7: changes role from CANDIDATE to FOLLOWER at term 2 for REJECTED
2022-10-24 03:16:29,016 [s3@group-6912872F20E7-LeaderElection44] INFO  impl.RoleInfo (RoleInfo.java:shutdownLeaderElection(130)) - s3: shutdown s3@group-6912872F20E7-LeaderElection44
2022-10-24 03:16:29,016 [s3@group-6912872F20E7-LeaderElection44] INFO  impl.RoleInfo (RoleInfo.java:updateAndGet(139)) - s3: start s3@group-6912872F20E7-FollowerState
2022-10-24 03:16:29,017 [s1@group-6912872F20E7->s2-GrpcLogAppender-LogAppenderDaemon] INFO  util.CodeInjectionForTesting (DelayLocalExecutionInjection.java:execute(65)) - s1 delay 150 ms, args=[serverRequest {
  requestorId: "s1"
  replyId: "s2"
  raftGroupId {
    id: "\226\001\321s\341\rE_\235\364i\022\207/ \347"
  }
  callId: 131
  slidingWindowEntry {
  }
}
leaderTerm: 2
previousLog {
  term: 2
}
initializing: true
commitInfos {
  server {
    id: "s1"
    address: "localhost:36635"
    dataStreamAddress: "localhost:41297"
    clientAddress: "localhost:39775"
    adminAddress: "localhost:41981"
    startupRole: FOLLOWER
  }
}
commitInfos {
  server {
    id: "s3"
    address: "localhost:39579"
    dataStreamAddress: "localhost:46293"
    clientAddress: "localhost:33409"
    adminAddress: "localhost:42243"
    startupRole: FOLLOWER
  }
}
commitInfos {
  server {
    id: "s4"
    address: "localhost:45747"
    dataStreamAddress: "localhost:42993"
    clientAddress: "localhost:44435"
    adminAddress: "localhost:35149"
    startupRole: FOLLOWER
  }
}
commitInfos {
  server {
    id: "s0"
    address: "localhost:36179"
    dataStreamAddress: "localhost:33505"
    clientAddress: "localhost:36175"
    adminAddress: "localhost:46501"
    startupRole: FOLLOWER
  }
}
commitInfos {
  server {
    id: "s2"
    address: "localhost:36969"
    dataStreamAddress: "localhost:38077"
    clientAddress: "localhost:40489"
    adminAddress: "localhost:37929"
    startupRole: FOLLOWER
  }
}
]
2022-10-24 03:16:29,103 [s1@group-6912872F20E7->s3-GrpcLogAppender-LogAppenderDaemon] INFO  util.CodeInjectionForTesting (DelayLocalExecutionInjection.java:execute(65)) - s1 delay 150 ms, args=[serverRequest {
  requestorId: "s1"
  replyId: "s3"
  raftGroupId {
    id: "\226\001\321s\341\rE_\235\364i\022\207/ \347"
  }
  callId: 264
  slidingWindowEntry {
  }
}
leaderTerm: 2
previousLog {
  term: 2
}
initializing: true
commitInfos {
  server {
    id: "s1"
    address: "localhost:36635"
    dataStreamAddress: "localhost:41297"
    clientAddress: "localhost:39775"
    adminAddress: "localhost:41981"
    startupRole: FOLLOWER
  }
}
commitInfos {
  server {
    id: "s3"
    address: "localhost:39579"
    dataStreamAddress: "localhost:46293"
    clientAddress: "localhost:33409"
    adminAddress: "localhost:42243"
    startupRole: FOLLOWER
  }
}
commitInfos {
  server {
    id: "s4"
    address: "localhost:45747"
    dataStreamAddress: "localhost:42993"
    clientAddress: "localhost:44435"
    adminAddress: "localhost:35149"
    startupRole: FOLLOWER
  }
}
commitInfos {
  server {
    id: "s0"
    address: "localhost:36179"
    dataStreamAddress: "localhost:33505"
    clientAddress: "localhost:36175"
    adminAddress: "localhost:46501"
    startupRole: FOLLOWER
  }
}
commitInfos {
  server {
    id: "s2"
    address: "localhost:36969"
    dataStreamAddress: "localhost:38077"
    clientAddress: "localhost:40489"
    adminAddress: "localhost:37929"
    startupRole: FOLLOWER
  }
}
]
2022-10-24 03:16:29,194 [s1@group-6912872F20E7->s4-GrpcLogAppender-LogAppenderDaemon] INFO  util.CodeInjectionForTesting (DelayLocalExecutionInjection.java:execute(65)) - s1 delay 150 ms, args=[serverRequest {
  requestorId: "s1"
  replyId: "s4"
  raftGroupId {
    id: "\226\001\321s\341\rE_\235\364i\022\207/ \347"
  }
  callId: 131
  slidingWindowEntry {
  }
}
leaderTerm: 2
previousLog {
  term: 2
}
initializing: true
commitInfos {
  server {
    id: "s1"
    address: "localhost:36635"
    dataStreamAddress: "localhost:41297"
    clientAddress: "localhost:39775"
    adminAddress: "localhost:41981"
    startupRole: FOLLOWER
  }
}
commitInfos {
  server {
    id: "s3"
    address: "localhost:39579"
    dataStreamAddress: "localhost:46293"
    clientAddress: "localhost:33409"
    adminAddress: "localhost:42243"
    startupRole: FOLLOWER
  }
}
commitInfos {
  server {
    id: "s4"
    address: "localhost:45747"
    dataStreamAddress: "localhost:42993"
    clientAddress: "localhost:44435"
    adminAddress: "localhost:35149"
    startupRole: FOLLOWER
  }
}
commitInfos {
  server {
    id: "s0"
    address: "localhost:36179"
    dataStreamAddress: "localhost:33505"
    clientAddress: "localhost:36175"
    adminAddress: "localhost:46501"
    startupRole: FOLLOWER
  }
}
commitInfos {
  server {
    id: "s2"
    address: "localhost:36969"
    dataStreamAddress: "localhost:38077"
    clientAddress: "localhost:40489"
    adminAddress: "localhost:37929"
    startupRole: FOLLOWER
  }
}
]
2022-10-24 03:16:29,242 [s1@group-6912872F20E7->s0-GrpcLogAppender-LogAppenderDaemon] INFO  util.CodeInjectionForTesting (DelayLocalExecutionInjection.java:execute(65)) - s1 delay 150 ms, args=[serverRequest {
  requestorId: "s1"
  replyId: "s0"
  raftGroupId {
    id: "\226\001\321s\341\rE_\235\364i\022\207/ \347"
  }
  callId: 133
  slidingWindowEntry {
  }
}
leaderTerm: 2
previousLog {
  term: 2
}
initializing: true
commitInfos {
  server {
    id: "s1"
    address: "localhost:36635"
    dataStreamAddress: "localhost:41297"
    clientAddress: "localhost:39775"
    adminAddress: "localhost:41981"
    startupRole: FOLLOWER
  }
}
commitInfos {
  server {
    id: "s3"
    address: "localhost:39579"
    dataStreamAddress: "localhost:46293"
    clientAddress: "localhost:33409"
    adminAddress: "localhost:42243"
    startupRole: FOLLOWER
  }
}
commitInfos {
  server {
    id: "s4"
    address: "localhost:45747"
    dataStreamAddress: "localhost:42993"
    clientAddress: "localhost:44435"
    adminAddress: "localhost:35149"
    startupRole: FOLLOWER
  }
}
commitInfos {
  server {
    id: "s0"
    address: "localhost:36179"
    dataStreamAddress: "localhost:33505"
    clientAddress: "localhost:36175"
    adminAddress: "localhost:46501"
    startupRole: FOLLOWER
  }
}
commitInfos {
  server {
    id: "s2"
    address: "localhost:36969"
    dataStreamAddress: "localhost:38077"
    clientAddress: "localhost:40489"
    adminAddress: "localhost:37929"
    startupRole: FOLLOWER
  }
}
]
2022-10-24 03:16:29,244 [s1@group-6912872F20E7->s2-GrpcLogAppender-LogAppenderDaemon] INFO  util.CodeInjectionForTesting (DelayLocalExecutionInjection.java:execute(65)) - s1 delay 150 ms, args=[serverRequest {
  requestorId: "s1"
  replyId: "s2"
  raftGroupId {
    id: "\226\001\321s\341\rE_\235\364i\022\207/ \347"
  }
  callId: 132
  slidingWindowEntry {
  }
}
leaderTerm: 2
previousLog {
  term: 2
}
initializing: true
commitInfos {
  server {
    id: "s1"
    address: "localhost:36635"
    dataStreamAddress: "localhost:41297"
    clientAddress: "localhost:39775"
    adminAddress: "localhost:41981"
    startupRole: FOLLOWER
  }
}
commitInfos {
  server {
    id: "s3"
    address: "localhost:39579"
    dataStreamAddress: "localhost:46293"
    clientAddress: "localhost:33409"
    adminAddress: "localhost:42243"
    startupRole: FOLLOWER
  }
}
commitInfos {
  server {
    id: "s4"
    address: "localhost:45747"
    dataStreamAddress: "localhost:42993"
    clientAddress: "localhost:44435"
    adminAddress: "localhost:35149"
    startupRole: FOLLOWER
  }
}
commitInfos {
  server {
    id: "s0"
    address: "localhost:36179"
    dataStreamAddress: "localhost:33505"
    clientAddress: "localhost:36175"
    adminAddress: "localhost:46501"
    startupRole: FOLLOWER
  }
}
commitInfos {
  server {
    id: "s2"
    address: "localhost:36969"
    dataStreamAddress: "localhost:38077"
    clientAddress: "localhost:40489"
    adminAddress: "localhost:37929"
    startupRole: FOLLOWER
  }
}
]
2022-10-24 03:16:29,271 [s3@group-6912872F20E7-FollowerState] INFO  impl.FollowerState (FollowerState.java:run(143)) - s3@group-6912872F20E7-FollowerState: change to CANDIDATE, lastRpcElapsedTime:255475979ns, electionTimeout:255ms
2022-10-24 03:16:29,272 [s3@group-6912872F20E7-FollowerState] INFO  impl.RoleInfo (RoleInfo.java:shutdownFollowerState(110)) - s3: shutdown s3@group-6912872F20E7-FollowerState
2022-10-24 03:16:29,272 [s3@group-6912872F20E7-FollowerState] INFO  server.RaftServer$Division (RaftServerImpl.java:setRole(325)) - s3@group-6912872F20E7: changes role from  FOLLOWER to CANDIDATE at term 2 for changeToCandidate
2022-10-24 03:16:29,272 [s3@group-6912872F20E7-FollowerState] INFO  server.RaftServerConfigKeys (ConfUtils.java:logGet(46)) - raft.server.leaderelection.pre-vote = true (default)
2022-10-24 03:16:29,272 [s3@group-6912872F20E7-FollowerState] INFO  impl.RoleInfo (RoleInfo.java:updateAndGet(139)) - s3: start s3@group-6912872F20E7-LeaderElection45
2022-10-24 03:16:29,272 [s3@group-6912872F20E7-LeaderElection45] INFO  impl.LeaderElection (LeaderElection.java:askForVotes(309)) - s3@group-6912872F20E7-LeaderElection45 PRE_VOTE round 0: submit vote requests at term 2 for 0: peers:[s3|rpc:localhost:39579|admin:localhost:42243|client:localhost:33409|dataStream:localhost:46293|priority:0|startupRole:FOLLOWER, s4|rpc:localhost:45747|admin:localhost:35149|client:localhost:44435|dataStream:localhost:42993|priority:0|startupRole:FOLLOWER, s0|rpc:localhost:36179|admin:localhost:46501|client:localhost:36175|dataStream:localhost:33505|priority:0|startupRole:FOLLOWER, s1|rpc:localhost:36635|admin:localhost:41981|client:localhost:39775|dataStream:localhost:41297|priority:0|startupRole:FOLLOWER, s2|rpc:localhost:36969|admin:localhost:37929|client:localhost:40489|dataStream:localhost:38077|priority:0|startupRole:FOLLOWER]|listeners:[], old=null
2022-10-24 03:16:29,274 [grpc-default-executor-15] INFO  server.RaftServer$Division (RaftServerImpl.java:requestVote(1291)) - s4@group-6912872F20E7: receive requestVote(PRE_VOTE, s3, group-6912872F20E7, 2, (t:1, i:0))
2022-10-24 03:16:29,274 [grpc-default-executor-15] INFO  impl.VoteContext (VoteContext.java:log(49)) - s4@group-6912872F20E7-FOLLOWER: reject PRE_VOTE from s3: our last entry (t:2, i:0) > candidate's last entry (t:1, i:0)
2022-10-24 03:16:29,274 [grpc-default-executor-15] INFO  server.RaftServer$Division (RaftServerImpl.java:requestVote(1324)) - s4@group-6912872F20E7 replies to PRE_VOTE vote request: s3<-s4#0:FAIL-t2. Peer's state: s4@group-6912872F20E7:t2, leader=s1, voted=s1, raftlog=Memoized:s4@group-6912872F20E7-SegmentedRaftLog:OPENED:c0, conf=0: peers:[s3|rpc:localhost:39579|admin:localhost:42243|client:localhost:33409|dataStream:localhost:46293|priority:0|startupRole:FOLLOWER, s4|rpc:localhost:45747|admin:localhost:35149|client:localhost:44435|dataStream:localhost:42993|priority:0|startupRole:FOLLOWER, s0|rpc:localhost:36179|admin:localhost:46501|client:localhost:36175|dataStream:localhost:33505|priority:0|startupRole:FOLLOWER, s1|rpc:localhost:36635|admin:localhost:41981|client:localhost:39775|dataStream:localhost:41297|priority:0|startupRole:FOLLOWER, s2|rpc:localhost:36969|admin:localhost:37929|client:localhost:40489|dataStream:localhost:38077|priority:0|startupRole:FOLLOWER]|listeners:[], old=null
2022-10-24 03:16:29,275 [grpc-default-executor-34] INFO  server.RaftServer$Division (RaftServerImpl.java:requestVote(1291)) - s0@group-6912872F20E7: receive requestVote(PRE_VOTE, s3, group-6912872F20E7, 2, (t:1, i:0))
2022-10-24 03:16:29,275 [grpc-default-executor-34] INFO  impl.VoteContext (VoteContext.java:log(49)) - s0@group-6912872F20E7-FOLLOWER: reject PRE_VOTE from s3: this server is a follower and still has a valid leader s1
2022-10-24 03:16:29,275 [grpc-default-executor-34] INFO  server.RaftServer$Division (RaftServerImpl.java:requestVote(1324)) - s0@group-6912872F20E7 replies to PRE_VOTE vote request: s3<-s0#0:FAIL-t2. Peer's state: s0@group-6912872F20E7:t2, leader=s1, voted=s1, raftlog=Memoized:s0@group-6912872F20E7-SegmentedRaftLog:OPENED:c0, conf=0: peers:[s3|rpc:localhost:39579|admin:localhost:42243|client:localhost:33409|dataStream:localhost:46293|priority:0|startupRole:FOLLOWER, s4|rpc:localhost:45747|admin:localhost:35149|client:localhost:44435|dataStream:localhost:42993|priority:0|startupRole:FOLLOWER, s0|rpc:localhost:36179|admin:localhost:46501|client:localhost:36175|dataStream:localhost:33505|priority:0|startupRole:FOLLOWER, s1|rpc:localhost:36635|admin:localhost:41981|client:localhost:39775|dataStream:localhost:41297|priority:0|startupRole:FOLLOWER, s2|rpc:localhost:36969|admin:localhost:37929|client:localhost:40489|dataStream:localhost:38077|priority:0|startupRole:FOLLOWER]|listeners:[], old=null
2022-10-24 03:16:29,276 [grpc-default-executor-15] INFO  server.RaftServer$Division (RaftServerImpl.java:requestVote(1291)) - s1@group-6912872F20E7: receive requestVote(PRE_VOTE, s3, group-6912872F20E7, 2, (t:1, i:0))
2022-10-24 03:16:29,276 [grpc-default-executor-15] INFO  impl.VoteContext (VoteContext.java:log(49)) - s1@group-6912872F20E7-LEADER: reject PRE_VOTE from s3: this server is the leader and still has leadership
2022-10-24 03:16:29,276 [grpc-default-executor-15] INFO  server.RaftServer$Division (RaftServerImpl.java:requestVote(1324)) - s1@group-6912872F20E7 replies to PRE_VOTE vote request: s3<-s1#0:FAIL-t2. Peer's state: s1@group-6912872F20E7:t2, leader=s1, voted=s1, raftlog=Memoized:s1@group-6912872F20E7-SegmentedRaftLog:OPENED:c0, conf=0: peers:[s3|rpc:localhost:39579|admin:localhost:42243|client:localhost:33409|dataStream:localhost:46293|priority:0|startupRole:FOLLOWER, s4|rpc:localhost:45747|admin:localhost:35149|client:localhost:44435|dataStream:localhost:42993|priority:0|startupRole:FOLLOWER, s0|rpc:localhost:36179|admin:localhost:46501|client:localhost:36175|dataStream:localhost:33505|priority:0|startupRole:FOLLOWER, s1|rpc:localhost:36635|admin:localhost:41981|client:localhost:39775|dataStream:localhost:41297|priority:0|startupRole:FOLLOWER, s2|rpc:localhost:36969|admin:localhost:37929|client:localhost:40489|dataStream:localhost:38077|priority:0|startupRole:FOLLOWER]|listeners:[], old=null
2022-10-24 03:16:29,278 [grpc-default-executor-15] INFO  server.RaftServer$Division (RaftServerImpl.java:requestVote(1291)) - s2@group-6912872F20E7: receive requestVote(PRE_VOTE, s3, group-6912872F20E7, 2, (t:1, i:0))
2022-10-24 03:16:29,278 [grpc-default-executor-15] INFO  impl.VoteContext (VoteContext.java:log(49)) - s2@group-6912872F20E7-FOLLOWER: reject PRE_VOTE from s3: this server is a follower and still has a valid leader s1
2022-10-24 03:16:29,278 [grpc-default-executor-15] INFO  server.RaftServer$Division (RaftServerImpl.java:requestVote(1324)) - s2@group-6912872F20E7 replies to PRE_VOTE vote request: s3<-s2#0:FAIL-t2. Peer's state: s2@group-6912872F20E7:t2, leader=s1, voted=s1, raftlog=Memoized:s2@group-6912872F20E7-SegmentedRaftLog:OPENED:c0, conf=0: peers:[s3|rpc:localhost:39579|admin:localhost:42243|client:localhost:33409|dataStream:localhost:46293|priority:0|startupRole:FOLLOWER, s4|rpc:localhost:45747|admin:localhost:35149|client:localhost:44435|dataStream:localhost:42993|priority:0|startupRole:FOLLOWER, s0|rpc:localhost:36179|admin:localhost:46501|client:localhost:36175|dataStream:localhost:33505|priority:0|startupRole:FOLLOWER, s1|rpc:localhost:36635|admin:localhost:41981|client:localhost:39775|dataStream:localhost:41297|priority:0|startupRole:FOLLOWER, s2|rpc:localhost:36969|admin:localhost:37929|client:localhost:40489|dataStream:localhost:38077|priority:0|startupRole:FOLLOWER]|listeners:[], old=null
2022-10-24 03:16:29,278 [s3@group-6912872F20E7-LeaderElection45] INFO  impl.LeaderElection (LeaderElection.java:logAndReturn(89)) - s3@group-6912872F20E7-LeaderElection45: PRE_VOTE REJECTED received 3 response(s) and 0 exception(s):
2022-10-24 03:16:29,279 [s3@group-6912872F20E7-LeaderElection45] INFO  impl.LeaderElection (LeaderElection.java:logAndReturn(93)) -   Response 0: s3<-s4#0:FAIL-t2
2022-10-24 03:16:29,279 [s3@group-6912872F20E7-LeaderElection45] INFO  impl.LeaderElection (LeaderElection.java:logAndReturn(93)) -   Response 1: s3<-s0#0:FAIL-t2
2022-10-24 03:16:29,279 [s3@group-6912872F20E7-LeaderElection45] INFO  impl.LeaderElection (LeaderElection.java:logAndReturn(93)) -   Response 2: s3<-s1#0:FAIL-t2
2022-10-24 03:16:29,279 [s3@group-6912872F20E7-LeaderElection45] INFO  impl.LeaderElection (LeaderElection.java:askForVotes(311)) - s3@group-6912872F20E7-LeaderElection45 PRE_VOTE round 0: result REJECTED
2022-10-24 03:16:29,279 [s3@group-6912872F20E7-LeaderElection45] INFO  server.RaftServer$Division (RaftServerImpl.java:setRole(325)) - s3@group-6912872F20E7: changes role from CANDIDATE to FOLLOWER at term 2 for REJECTED
2022-10-24 03:16:29,279 [s3@group-6912872F20E7-LeaderElection45] INFO  impl.RoleInfo (RoleInfo.java:shutdownLeaderElection(130)) - s3: shutdown s3@group-6912872F20E7-LeaderElection45
2022-10-24 03:16:29,279 [s3@group-6912872F20E7-LeaderElection45] INFO  impl.RoleInfo (RoleInfo.java:updateAndGet(139)) - s3: start s3@group-6912872F20E7-FollowerState
2022-10-24 03:16:29,291 [s1@group-6912872F20E7->s3-GrpcLogAppender-LogAppenderDaemon] INFO  util.CodeInjectionForTesting (DelayLocalExecutionInjection.java:execute(65)) - s1 delay 150 ms, args=[serverRequest {
  requestorId: "s1"
  replyId: "s3"
  raftGroupId {
    id: "\226\001\321s\341\rE_\235\364i\022\207/ \347"
  }
  callId: 265
  slidingWindowEntry {
  }
}
leaderTerm: 2
previousLog {
  term: 2
}
initializing: true
commitInfos {
  server {
    id: "s1"
    address: "localhost:36635"
    dataStreamAddress: "localhost:41297"
    clientAddress: "localhost:39775"
    adminAddress: "localhost:41981"
    startupRole: FOLLOWER
  }
}
commitInfos {
  server {
    id: "s3"
    address: "localhost:39579"
    dataStreamAddress: "localhost:46293"
    clientAddress: "localhost:33409"
    adminAddress: "localhost:42243"
    startupRole: FOLLOWER
  }
}
commitInfos {
  server {
    id: "s4"
    address: "localhost:45747"
    dataStreamAddress: "localhost:42993"
    clientAddress: "localhost:44435"
    adminAddress: "localhost:35149"
    startupRole: FOLLOWER
  }
}
commitInfos {
  server {
    id: "s0"
    address: "localhost:36179"
    dataStreamAddress: "localhost:33505"
    clientAddress: "localhost:36175"
    adminAddress: "localhost:46501"
    startupRole: FOLLOWER
  }
}
commitInfos {
  server {
    id: "s2"
    address: "localhost:36969"
    dataStreamAddress: "localhost:38077"
    clientAddress: "localhost:40489"
    adminAddress: "localhost:37929"
    startupRole: FOLLOWER
  }
}
]
2022-10-24 03:16:29,306 [s4@group-6912872F20E7-FollowerState] INFO  impl.FollowerState (FollowerState.java:run(143)) - s4@group-6912872F20E7-FollowerState: change to CANDIDATE, lastRpcElapsedTime:187948924ns, electionTimeout:172ms
2022-10-24 03:16:29,306 [s4@group-6912872F20E7-FollowerState] INFO  impl.RoleInfo (RoleInfo.java:shutdownFollowerState(110)) - s4: shutdown s4@group-6912872F20E7-FollowerState
2022-10-24 03:16:29,306 [s4@group-6912872F20E7-FollowerState] INFO  server.RaftServer$Division (RaftServerImpl.java:setRole(325)) - s4@group-6912872F20E7: changes role from  FOLLOWER to CANDIDATE at term 2 for changeToCandidate
2022-10-24 03:16:29,306 [s4@group-6912872F20E7-FollowerState] INFO  server.RaftServerConfigKeys (ConfUtils.java:logGet(46)) - raft.server.leaderelection.pre-vote = true (default)
2022-10-24 03:16:29,306 [s4@group-6912872F20E7-FollowerState] INFO  impl.RoleInfo (RoleInfo.java:updateAndGet(139)) - s4: start s4@group-6912872F20E7-LeaderElection46
2022-10-24 03:16:29,307 [s4@group-6912872F20E7-LeaderElection46] INFO  server.RaftServer$Division (ServerState.java:setLeader(259)) - s4@group-6912872F20E7: change Leader from s1 to null at term 2 for PRE_VOTE
2022-10-24 03:16:29,307 [s4@group-6912872F20E7-LeaderElection46] INFO  impl.LeaderElection (LeaderElection.java:askForVotes(309)) - s4@group-6912872F20E7-LeaderElection46 PRE_VOTE round 0: submit vote requests at term 2 for 0: peers:[s3|rpc:localhost:39579|admin:localhost:42243|client:localhost:33409|dataStream:localhost:46293|priority:0|startupRole:FOLLOWER, s4|rpc:localhost:45747|admin:localhost:35149|client:localhost:44435|dataStream:localhost:42993|priority:0|startupRole:FOLLOWER, s0|rpc:localhost:36179|admin:localhost:46501|client:localhost:36175|dataStream:localhost:33505|priority:0|startupRole:FOLLOWER, s1|rpc:localhost:36635|admin:localhost:41981|client:localhost:39775|dataStream:localhost:41297|priority:0|startupRole:FOLLOWER, s2|rpc:localhost:36969|admin:localhost:37929|client:localhost:40489|dataStream:localhost:38077|priority:0|startupRole:FOLLOWER]|listeners:[], old=null
2022-10-24 03:16:29,307 [s4@group-6912872F20E7-LeaderElection46-1] INFO  util.CodeInjectionForTesting (DelayLocalExecutionInjection.java:execute(65)) - s4 delay 150 ms, args=[serverRequest {
  requestorId: "s4"
  replyId: "s3"
  raftGroupId {
    id: "\226\001\321s\341\rE_\235\364i\022\207/ \347"
  }
  slidingWindowEntry {
  }
}
candidateTerm: 2
candidateLastEntry {
  term: 2
}
preVote: true
]
2022-10-24 03:16:29,307 [s4@group-6912872F20E7-LeaderElection46-2] INFO  util.CodeInjectionForTesting (DelayLocalExecutionInjection.java:execute(65)) - s4 delay 150 ms, args=[serverRequest {
  requestorId: "s4"
  replyId: "s0"
  raftGroupId {
    id: "\226\001\321s\341\rE_\235\364i\022\207/ \347"
  }
  slidingWindowEntry {
  }
}
candidateTerm: 2
candidateLastEntry {
  term: 2
}
preVote: true
]
2022-10-24 03:16:29,308 [s4@group-6912872F20E7-LeaderElection46-3] INFO  util.CodeInjectionForTesting (DelayLocalExecutionInjection.java:execute(65)) - s4 delay 150 ms, args=[serverRequest {
  requestorId: "s4"
  replyId: "s1"
  raftGroupId {
    id: "\226\001\321s\341\rE_\235\364i\022\207/ \347"
  }
  slidingWindowEntry {
  }
}
candidateTerm: 2
candidateLastEntry {
  term: 2
}
preVote: true
]
2022-10-24 03:16:29,308 [s4@group-6912872F20E7-LeaderElection46-4] INFO  util.CodeInjectionForTesting (DelayLocalExecutionInjection.java:execute(65)) - s4 delay 150 ms, args=[serverRequest {
  requestorId: "s4"
  replyId: "s2"
  raftGroupId {
    id: "\226\001\321s\341\rE_\235\364i\022\207/ \347"
  }
  slidingWindowEntry {
  }
}
candidateTerm: 2
candidateLastEntry {
  term: 2
}
preVote: true
]
2022-10-24 03:16:29,345 [s4-server-thread3] INFO  server.RaftServer$Division (RaftServerImpl.java:setRole(325)) - s4@group-6912872F20E7: changes role from CANDIDATE to FOLLOWER at term 2 for appendEntries
2022-10-24 03:16:29,345 [s4-server-thread3] INFO  impl.RoleInfo (RoleInfo.java:shutdownLeaderElection(130)) - s4: shutdown s4@group-6912872F20E7-LeaderElection46
2022-10-24 03:16:29,345 [s4-server-thread3] INFO  impl.RoleInfo (RoleInfo.java:updateAndGet(139)) - s4: start s4@group-6912872F20E7-FollowerState
2022-10-24 03:16:29,345 [s4-server-thread3] INFO  server.RaftServer$Division (ServerState.java:setLeader(259)) - s4@group-6912872F20E7: change Leader from null to s1 at term 2 for appendEntries, leader elected after 38ms
2022-10-24 03:16:29,400 [Time-limited test] INFO  server.RaftServerConfigKeys (ConfUtils.java:logGet(46)) - raft.server.rpc.timeout.max = 300ms (default)
2022-10-24 03:16:29,459 [grpc-default-executor-15] INFO  server.RaftServer$Division (RaftServerImpl.java:requestVote(1291)) - s0@group-6912872F20E7: receive requestVote(PRE_VOTE, s4, group-6912872F20E7, 2, (t:2, i:0))
2022-10-24 03:16:29,459 [grpc-default-executor-15] INFO  impl.VoteContext (VoteContext.java:log(49)) - s0@group-6912872F20E7-FOLLOWER: reject PRE_VOTE from s4: this server is a follower and still has a valid leader s1
2022-10-24 03:16:29,459 [grpc-default-executor-15] INFO  server.RaftServer$Division (RaftServerImpl.java:requestVote(1324)) - s0@group-6912872F20E7 replies to PRE_VOTE vote request: s4<-s0#0:FAIL-t2. Peer's state: s0@group-6912872F20E7:t2, leader=s1, voted=s1, raftlog=Memoized:s0@group-6912872F20E7-SegmentedRaftLog:OPENED:c0, conf=0: peers:[s3|rpc:localhost:39579|admin:localhost:42243|client:localhost:33409|dataStream:localhost:46293|priority:0|startupRole:FOLLOWER, s4|rpc:localhost:45747|admin:localhost:35149|client:localhost:44435|dataStream:localhost:42993|priority:0|startupRole:FOLLOWER, s0|rpc:localhost:36179|admin:localhost:46501|client:localhost:36175|dataStream:localhost:33505|priority:0|startupRole:FOLLOWER, s1|rpc:localhost:36635|admin:localhost:41981|client:localhost:39775|dataStream:localhost:41297|priority:0|startupRole:FOLLOWER, s2|rpc:localhost:36969|admin:localhost:37929|client:localhost:40489|dataStream:localhost:38077|priority:0|startupRole:FOLLOWER]|listeners:[], old=null
2022-10-24 03:16:29,459 [grpc-default-executor-4] INFO  server.RaftServer$Division (RaftServerImpl.java:requestVote(1291)) - s3@group-6912872F20E7: receive requestVote(PRE_VOTE, s4, group-6912872F20E7, 2, (t:2, i:0))
2022-10-24 03:16:29,459 [grpc-default-executor-4] INFO  impl.VoteContext (VoteContext.java:log(49)) - s3@group-6912872F20E7-FOLLOWER: accept PRE_VOTE from s4: our last entry (t:1, i:0) < candidate's last entry (t:2, i:0)
2022-10-24 03:16:29,460 [grpc-default-executor-4] INFO  server.RaftServer$Division (RaftServerImpl.java:requestVote(1324)) - s3@group-6912872F20E7 replies to PRE_VOTE vote request: s4<-s3#0:OK-t2. Peer's state: s3@group-6912872F20E7:t2, leader=null, voted=null, raftlog=Memoized:s3@group-6912872F20E7-SegmentedRaftLog:OPENED:c0, conf=0: peers:[s3|rpc:localhost:39579|admin:localhost:42243|client:localhost:33409|dataStream:localhost:46293|priority:0|startupRole:FOLLOWER, s4|rpc:localhost:45747|admin:localhost:35149|client:localhost:44435|dataStream:localhost:42993|priority:0|startupRole:FOLLOWER, s0|rpc:localhost:36179|admin:localhost:46501|client:localhost:36175|dataStream:localhost:33505|priority:0|startupRole:FOLLOWER, s1|rpc:localhost:36635|admin:localhost:41981|client:localhost:39775|dataStream:localhost:41297|priority:0|startupRole:FOLLOWER, s2|rpc:localhost:36969|admin:localhost:37929|client:localhost:40489|dataStream:localhost:38077|priority:0|startupRole:FOLLOWER]|listeners:[], old=null
2022-10-24 03:16:29,461 [s4@group-6912872F20E7-LeaderElection46] INFO  impl.LeaderElection (LeaderElection.java:logAndReturn(89)) - s4@group-6912872F20E7-LeaderElection46: PRE_VOTE REJECTED received 1 response(s) and 0 exception(s):
2022-10-24 03:16:29,461 [s4@group-6912872F20E7-LeaderElection46] INFO  impl.LeaderElection (LeaderElection.java:logAndReturn(93)) -   Response 0: s4<-s0#0:FAIL-t2
2022-10-24 03:16:29,461 [s4@group-6912872F20E7-LeaderElection46] INFO  impl.LeaderElection (LeaderElection.java:askForVotes(311)) - s4@group-6912872F20E7-LeaderElection46 PRE_VOTE round 0: result REJECTED
2022-10-24 03:16:29,461 [grpc-default-executor-4] INFO  server.RaftServer$Division (RaftServerImpl.java:requestVote(1291)) - s2@group-6912872F20E7: receive requestVote(PRE_VOTE, s4, group-6912872F20E7, 2, (t:2, i:0))
2022-10-24 03:16:29,461 [grpc-default-executor-4] INFO  impl.VoteContext (VoteContext.java:log(49)) - s2@group-6912872F20E7-FOLLOWER: reject PRE_VOTE from s4: this server is a follower and still has a valid leader s1
2022-10-24 03:16:29,462 [grpc-default-executor-4] INFO  server.RaftServer$Division (RaftServerImpl.java:requestVote(1324)) - s2@group-6912872F20E7 replies to PRE_VOTE vote request: s4<-s2#0:FAIL-t2. Peer's state: s2@group-6912872F20E7:t2, leader=s1, voted=s1, raftlog=Memoized:s2@group-6912872F20E7-SegmentedRaftLog:OPENED:c0, conf=0: peers:[s3|rpc:localhost:39579|admin:localhost:42243|client:localhost:33409|dataStream:localhost:46293|priority:0|startupRole:FOLLOWER, s4|rpc:localhost:45747|admin:localhost:35149|client:localhost:44435|dataStream:localhost:42993|priority:0|startupRole:FOLLOWER, s0|rpc:localhost:36179|admin:localhost:46501|client:localhost:36175|dataStream:localhost:33505|priority:0|startupRole:FOLLOWER, s1|rpc:localhost:36635|admin:localhost:41981|client:localhost:39775|dataStream:localhost:41297|priority:0|startupRole:FOLLOWER, s2|rpc:localhost:36969|admin:localhost:37929|client:localhost:40489|dataStream:localhost:38077|priority:0|startupRole:FOLLOWER]|listeners:[], old=null
2022-10-24 03:16:29,464 [grpc-default-executor-4] INFO  server.RaftServer$Division (RaftServerImpl.java:requestVote(1291)) - s1@group-6912872F20E7: receive requestVote(PRE_VOTE, s4, group-6912872F20E7, 2, (t:2, i:0))
2022-10-24 03:16:29,464 [grpc-default-executor-4] INFO  impl.VoteContext (VoteContext.java:log(49)) - s1@group-6912872F20E7-LEADER: reject PRE_VOTE from s4: this server is the leader and still has leadership
2022-10-24 03:16:29,464 [grpc-default-executor-4] INFO  server.RaftServer$Division (RaftServerImpl.java:requestVote(1324)) - s1@group-6912872F20E7 replies to PRE_VOTE vote request: s4<-s1#0:FAIL-t2. Peer's state: s1@group-6912872F20E7:t2, leader=s1, voted=s1, raftlog=Memoized:s1@group-6912872F20E7-SegmentedRaftLog:OPENED:c0, conf=0: peers:[s3|rpc:localhost:39579|admin:localhost:42243|client:localhost:33409|dataStream:localhost:46293|priority:0|startupRole:FOLLOWER, s4|rpc:localhost:45747|admin:localhost:35149|client:localhost:44435|dataStream:localhost:42993|priority:0|startupRole:FOLLOWER, s0|rpc:localhost:36179|admin:localhost:46501|client:localhost:36175|dataStream:localhost:33505|priority:0|startupRole:FOLLOWER, s1|rpc:localhost:36635|admin:localhost:41981|client:localhost:39775|dataStream:localhost:41297|priority:0|startupRole:FOLLOWER, s2|rpc:localhost:36969|admin:localhost:37929|client:localhost:40489|dataStream:localhost:38077|priority:0|startupRole:FOLLOWER]|listeners:[], old=null
2022-10-24 03:16:29,591 [s3-server-thread1] INFO  util.CodeInjectionForTesting (BlockRequestHandlingInjection.java:execute(84)) - s3: unBlock request from s1
2022-10-24 03:16:29,591 [s3-server-thread1] INFO  server.RaftServer$Division (ServerState.java:setLeader(259)) - s3@group-6912872F20E7: change Leader from null to s1 at term 2 for appendEntries, leader elected after 854ms
2022-10-24 03:16:29,591 [s3-server-thread1] INFO  server.RaftServer$Division (RaftServerImpl.java:checkInconsistentAppendEntries(1599)) - s3@group-6912872F20E7: Failed appendEntries as previous log entry ((t:2, i:0)) is not found
2022-10-24 03:16:29,591 [s3-server-thread1] INFO  server.RaftServer$Division (RaftServerImpl.java:checkInconsistentAppendEntries(1569)) - s3@group-6912872F20E7: inconsistency entries. Reply:s1<-s3#261:FAIL-t2,INCONSISTENCY,nextIndex=0,followerCommit=0,matchIndex=-1
2022-10-24 03:16:29,591 [grpc-default-executor-4] INFO  leader.FollowerInfo (FollowerInfoImpl.java:lambda$new$0(48)) - s1@group-6912872F20E7->s3: nextIndex: updateUnconditionally 1 -> 0
2022-10-24 03:16:29,591 [s3-server-thread1] INFO  server.RaftServer$Division (RaftServerImpl.java:checkInconsistentAppendEntries(1599)) - s3@group-6912872F20E7: Failed appendEntries as previous log entry ((t:2, i:0)) is not found
2022-10-24 03:16:29,592 [s3-server-thread1] INFO  server.RaftServer$Division (RaftServerImpl.java:checkInconsistentAppendEntries(1569)) - s3@group-6912872F20E7: inconsistency entries. Reply:s1<-s3#262:FAIL-t2,INCONSISTENCY,nextIndex=0,followerCommit=0,matchIndex=-1
2022-10-24 03:16:29,592 [s3-server-thread3] INFO  server.RaftServer$Division (RaftServerImpl.java:checkInconsistentAppendEntries(1599)) - s3@group-6912872F20E7: Failed appendEntries as previous log entry ((t:2, i:0)) is not found
2022-10-24 03:16:29,592 [s3-server-thread3] INFO  server.RaftServer$Division (RaftServerImpl.java:checkInconsistentAppendEntries(1569)) - s3@group-6912872F20E7: inconsistency entries. Reply:s1<-s3#263:FAIL-t2,INCONSISTENCY,nextIndex=0,followerCommit=0,matchIndex=-1
2022-10-24 03:16:29,592 [grpc-default-executor-34] INFO  leader.FollowerInfo (FollowerInfoImpl.java:lambda$new$0(48)) - s1@group-6912872F20E7->s3: nextIndex: updateUnconditionally 1 -> 0
2022-10-24 03:16:29,593 [s3-server-thread3] INFO  server.RaftServer$Division (RaftServerImpl.java:checkInconsistentAppendEntries(1599)) - s3@group-6912872F20E7: Failed appendEntries as previous log entry ((t:2, i:0)) is not found
2022-10-24 03:16:29,593 [s3-server-thread3] INFO  server.RaftServer$Division (RaftServerImpl.java:checkInconsistentAppendEntries(1569)) - s3@group-6912872F20E7: inconsistency entries. Reply:s1<-s3#264:FAIL-t2,INCONSISTENCY,nextIndex=0,followerCommit=0,matchIndex=-1
2022-10-24 03:16:29,593 [grpc-default-executor-4] INFO  leader.FollowerInfo (FollowerInfoImpl.java:lambda$new$0(48)) - s1@group-6912872F20E7->s3: nextIndex: updateUnconditionally 1 -> 0
2022-10-24 03:16:29,593 [s3-server-thread3] INFO  server.RaftServer$Division (RaftServerImpl.java:checkInconsistentAppendEntries(1599)) - s3@group-6912872F20E7: Failed appendEntries as previous log entry ((t:2, i:0)) is not found
2022-10-24 03:16:29,593 [s3-server-thread3] INFO  server.RaftServer$Division (RaftServerImpl.java:checkInconsistentAppendEntries(1569)) - s3@group-6912872F20E7: inconsistency entries. Reply:s1<-s3#265:FAIL-t2,INCONSISTENCY,nextIndex=0,followerCommit=0,matchIndex=-1
2022-10-24 03:16:29,593 [grpc-default-executor-4] INFO  leader.FollowerInfo (FollowerInfoImpl.java:lambda$new$0(48)) - s1@group-6912872F20E7->s3: nextIndex: updateUnconditionally 1 -> 0
2022-10-24 03:16:29,595 [grpc-default-executor-34] INFO  leader.FollowerInfo (FollowerInfoImpl.java:lambda$new$0(48)) - s1@group-6912872F20E7->s3: nextIndex: updateUnconditionally 1 -> 0
2022-10-24 03:16:29,595 [s3-server-thread3] INFO  server.RaftServer$Division (RaftServerImpl.java:checkInconsistentAppendEntries(1599)) - s3@group-6912872F20E7: Failed appendEntries as previous log entry ((t:2, i:0)) is not found
2022-10-24 03:16:29,595 [s3-server-thread3] INFO  server.RaftServer$Division (RaftServerImpl.java:checkInconsistentAppendEntries(1569)) - s3@group-6912872F20E7: inconsistency entries. Reply:s1<-s3#266:FAIL-t2,INCONSISTENCY,nextIndex=0,followerCommit=0,matchIndex=-1
2022-10-24 03:16:29,597 [s3-server-thread3] INFO  server.RaftServer$Division (RaftServerImpl.java:checkInconsistentAppendEntries(1599)) - s3@group-6912872F20E7: Failed appendEntries as previous log entry ((t:2, i:0)) is not found
2022-10-24 03:16:29,597 [s3-server-thread3] INFO  server.RaftServer$Division (RaftServerImpl.java:checkInconsistentAppendEntries(1569)) - s3@group-6912872F20E7: inconsistency entries. Reply:s1<-s3#267:FAIL-t2,INCONSISTENCY,nextIndex=0,followerCommit=0,matchIndex=-1
2022-10-24 03:16:29,597 [s3-server-thread1] DEBUG server.RaftServer$Division (RaftServerImpl.java:logAppendEntries(1418)) - s3@group-6912872F20E7: receive appendEntries(s1, 2, null, 0, true, commits:[s1:c0, s3:c0, s4:c0, s0:c0, s2:c0], cId:269, entries: [(t:2, i:0), CONFIGURATIONENTRY(current:id: "s3"
address: "localhost:39579"
dataStreamAddress: "localhost:46293"
clientAddress: "localhost:33409"
adminAddress: "localhost:42243"
startupRole: FOLLOWER
,id: "s4"
address: "localhost:45747"
dataStreamAddress: "localhost:42993"
clientAddress: "localhost:44435"
adminAddress: "localhost:35149"
startupRole: FOLLOWER
,id: "s0"
address: "localhost:36179"
dataStreamAddress: "localhost:33505"
clientAddress: "localhost:36175"
adminAddress: "localhost:46501"
startupRole: FOLLOWER
,id: "s1"
address: "localhost:36635"
dataStreamAddress: "localhost:41297"
clientAddress: "localhost:39775"
adminAddress: "localhost:41981"
startupRole: FOLLOWER
,id: "s2"
address: "localhost:36969"
dataStreamAddress: "localhost:38077"
clientAddress: "localhost:40489"
adminAddress: "localhost:37929"
startupRole: FOLLOWER
, old:)]
2022-10-24 03:16:29,597 [s3-server-thread1] INFO  server.RaftServer$Division (RaftServerImpl.java:checkInconsistentAppendEntries(1589)) - s3@group-6912872F20E7: Failed appendEntries as the first entry (index 0) already exists (snapshotIndex: -1, commitIndex: 0)
2022-10-24 03:16:29,597 [s3-server-thread1] INFO  server.RaftServer$Division (RaftServerImpl.java:checkInconsistentAppendEntries(1569)) - s3@group-6912872F20E7: inconsistency entries. Reply:s1<-s3#269:FAIL-t2,INCONSISTENCY,nextIndex=1,followerCommit=0,matchIndex=-1
2022-10-24 03:16:29,597 [grpc-default-executor-4] INFO  leader.FollowerInfo (FollowerInfoImpl.java:lambda$new$0(48)) - s1@group-6912872F20E7->s3: nextIndex: updateUnconditionally 1 -> 0
2022-10-24 03:16:29,598 [s3-server-thread3] INFO  server.RaftServer$Division (RaftServerImpl.java:checkInconsistentAppendEntries(1599)) - s3@group-6912872F20E7: Failed appendEntries as previous log entry ((t:2, i:0)) is not found
2022-10-24 03:16:29,598 [s3-server-thread3] INFO  server.RaftServer$Division (RaftServerImpl.java:checkInconsistentAppendEntries(1569)) - s3@group-6912872F20E7: inconsistency entries. Reply:s1<-s3#268:FAIL-t2,INCONSISTENCY,nextIndex=0,followerCommit=0,matchIndex=-1
2022-10-24 03:16:29,598 [grpc-default-executor-15] INFO  leader.FollowerInfo (FollowerInfoImpl.java:lambda$new$0(48)) - s1@group-6912872F20E7->s3: nextIndex: updateUnconditionally 1 -> 1
2022-10-24 03:16:29,598 [grpc-default-executor-34] INFO  leader.FollowerInfo (FollowerInfoImpl.java:lambda$new$0(48)) - s1@group-6912872F20E7->s3: nextIndex: updateUnconditionally 1 -> 0
2022-10-24 03:16:29,598 [s3-server-thread1] DEBUG server.RaftServer$Division (RaftServerImpl.java:logAppendEntries(1418)) - s3@group-6912872F20E7: receive appendEntries(s1, 2, null, 0, true, commits:[s1:c0, s3:c0, s4:c0, s0:c0, s2:c0], cId:270, entries: [(t:2, i:0), CONFIGURATIONENTRY(current:id: "s3"
address: "localhost:39579"
dataStreamAddress: "localhost:46293"
clientAddress: "localhost:33409"
adminAddress: "localhost:42243"
startupRole: FOLLOWER
,id: "s4"
address: "localhost:45747"
dataStreamAddress: "localhost:42993"
clientAddress: "localhost:44435"
adminAddress: "localhost:35149"
startupRole: FOLLOWER
,id: "s0"
address: "localhost:36179"
dataStreamAddress: "localhost:33505"
clientAddress: "localhost:36175"
adminAddress: "localhost:46501"
startupRole: FOLLOWER
,id: "s1"
address: "localhost:36635"
dataStreamAddress: "localhost:41297"
clientAddress: "localhost:39775"
adminAddress: "localhost:41981"
startupRole: FOLLOWER
,id: "s2"
address: "localhost:36969"
dataStreamAddress: "localhost:38077"
clientAddress: "localhost:40489"
adminAddress: "localhost:37929"
startupRole: FOLLOWER
, old:)]
2022-10-24 03:16:29,598 [s3-server-thread1] INFO  server.RaftServer$Division (RaftServerImpl.java:checkInconsistentAppendEntries(1589)) - s3@group-6912872F20E7: Failed appendEntries as the first entry (index 0) already exists (snapshotIndex: -1, commitIndex: 0)
2022-10-24 03:16:29,598 [s3-server-thread1] INFO  server.RaftServer$Division (RaftServerImpl.java:checkInconsistentAppendEntries(1569)) - s3@group-6912872F20E7: inconsistency entries. Reply:s1<-s3#270:FAIL-t2,INCONSISTENCY,nextIndex=1,followerCommit=0,matchIndex=-1
2022-10-24 03:16:29,599 [grpc-default-executor-4] INFO  leader.FollowerInfo (FollowerInfoImpl.java:lambda$new$0(48)) - s1@group-6912872F20E7->s3: nextIndex: updateUnconditionally 1 -> 0
2022-10-24 03:16:29,599 [grpc-default-executor-34] INFO  leader.FollowerInfo (FollowerInfoImpl.java:lambda$new$0(48)) - s1@group-6912872F20E7->s3: nextIndex: updateUnconditionally 0 -> 1
2022-10-24 03:16:29,599 [s3-server-thread1] DEBUG server.RaftServer$Division (RaftServerImpl.java:logAppendEntries(1418)) - s3@group-6912872F20E7: receive appendEntries(s1, 2, null, 0, true, commits:[s1:c0, s3:c0, s4:c0, s0:c0, s2:c0], cId:271, entries: [(t:2, i:0), CONFIGURATIONENTRY(current:id: "s3"
address: "localhost:39579"
dataStreamAddress: "localhost:46293"
clientAddress: "localhost:33409"
adminAddress: "localhost:42243"
startupRole: FOLLOWER
,id: "s4"
address: "localhost:45747"
dataStreamAddress: "localhost:42993"
clientAddress: "localhost:44435"
adminAddress: "localhost:35149"
startupRole: FOLLOWER
,id: "s0"
address: "localhost:36179"
dataStreamAddress: "localhost:33505"
clientAddress: "localhost:36175"
adminAddress: "localhost:46501"
startupRole: FOLLOWER
,id: "s1"
address: "localhost:36635"
dataStreamAddress: "localhost:41297"
clientAddress: "localhost:39775"
adminAddress: "localhost:41981"
startupRole: FOLLOWER
,id: "s2"
address: "localhost:36969"
dataStreamAddress: "localhost:38077"
clientAddress: "localhost:40489"
adminAddress: "localhost:37929"
startupRole: FOLLOWER
, old:)]
2022-10-24 03:16:29,599 [s3-server-thread1] INFO  server.RaftServer$Division (RaftServerImpl.java:checkInconsistentAppendEntries(1589)) - s3@group-6912872F20E7: Failed appendEntries as the first entry (index 0) already exists (snapshotIndex: -1, commitIndex: 0)
2022-10-24 03:16:29,599 [s3-server-thread1] INFO  server.RaftServer$Division (RaftServerImpl.java:checkInconsistentAppendEntries(1569)) - s3@group-6912872F20E7: inconsistency entries. Reply:s1<-s3#271:FAIL-t2,INCONSISTENCY,nextIndex=1,followerCommit=0,matchIndex=-1
2022-10-24 03:16:29,599 [grpc-default-executor-34] INFO  leader.FollowerInfo (FollowerInfoImpl.java:lambda$new$0(48)) - s1@group-6912872F20E7->s3: nextIndex: updateUnconditionally 1 -> 1
2022-10-24 03:16:29,600 [s3-server-thread1] DEBUG server.RaftServer$Division (RaftServerImpl.java:logAppendEntries(1418)) - s3@group-6912872F20E7: receive appendEntries(s1, 2, null, 0, true, commits:[s1:c0, s3:c0, s4:c0, s0:c0, s2:c0], cId:272, entries: [(t:2, i:0), CONFIGURATIONENTRY(current:id: "s3"
address: "localhost:39579"
dataStreamAddress: "localhost:46293"
clientAddress: "localhost:33409"
adminAddress: "localhost:42243"
startupRole: FOLLOWER
,id: "s4"
address: "localhost:45747"
dataStreamAddress: "localhost:42993"
clientAddress: "localhost:44435"
adminAddress: "localhost:35149"
startupRole: FOLLOWER
,id: "s0"
address: "localhost:36179"
dataStreamAddress: "localhost:33505"
clientAddress: "localhost:36175"
adminAddress: "localhost:46501"
startupRole: FOLLOWER
,id: "s1"
address: "localhost:36635"
dataStreamAddress: "localhost:41297"
clientAddress: "localhost:39775"
adminAddress: "localhost:41981"
startupRole: FOLLOWER
,id: "s2"
address: "localhost:36969"
dataStreamAddress: "localhost:38077"
clientAddress: "localhost:40489"
adminAddress: "localhost:37929"
startupRole: FOLLOWER
, old:)]
2022-10-24 03:16:29,600 [s3-server-thread1] INFO  server.RaftServer$Division (RaftServerImpl.java:checkInconsistentAppendEntries(1589)) - s3@group-6912872F20E7: Failed appendEntries as the first entry (index 0) already exists (snapshotIndex: -1, commitIndex: 0)
2022-10-24 03:16:29,600 [s3-server-thread1] INFO  server.RaftServer$Division (RaftServerImpl.java:checkInconsistentAppendEntries(1569)) - s3@group-6912872F20E7: inconsistency entries. Reply:s1<-s3#272:FAIL-t2,INCONSISTENCY,nextIndex=1,followerCommit=0,matchIndex=-1
2022-10-24 03:16:29,600 [grpc-default-executor-34] INFO  leader.FollowerInfo (FollowerInfoImpl.java:lambda$new$0(48)) - s1@group-6912872F20E7->s3: nextIndex: updateUnconditionally 1 -> 1
2022-10-24 03:16:29,600 [s3-server-thread1] DEBUG server.RaftServer$Division (RaftServerImpl.java:logAppendEntries(1418)) - s3@group-6912872F20E7: receive appendEntries(s1, 2, null, 0, true, commits:[s1:c0, s3:c0, s4:c0, s0:c0, s2:c0], cId:273, entries: [(t:2, i:0), CONFIGURATIONENTRY(current:id: "s3"
address: "localhost:39579"
dataStreamAddress: "localhost:46293"
clientAddress: "localhost:33409"
adminAddress: "localhost:42243"
startupRole: FOLLOWER
,id: "s4"
address: "localhost:45747"
dataStreamAddress: "localhost:42993"
clientAddress: "localhost:44435"
adminAddress: "localhost:35149"
startupRole: FOLLOWER
,id: "s0"
address: "localhost:36179"
dataStreamAddress: "localhost:33505"
clientAddress: "localhost:36175"
adminAddress: "localhost:46501"
startupRole: FOLLOWER
,id: "s1"
address: "localhost:36635"
dataStreamAddress: "localhost:41297"
clientAddress: "localhost:39775"
adminAddress: "localhost:41981"
startupRole: FOLLOWER
,id: "s2"
address: "localhost:36969"
dataStreamAddress: "localhost:38077"
clientAddress: "localhost:40489"
adminAddress: "localhost:37929"
startupRole: FOLLOWER
, old:)]
2022-10-24 03:16:29,600 [s3-server-thread1] INFO  server.RaftServer$Division (RaftServerImpl.java:checkInconsistentAppendEntries(1589)) - s3@group-6912872F20E7: Failed appendEntries as the first entry (index 0) already exists (snapshotIndex: -1, commitIndex: 0)
2022-10-24 03:16:29,600 [s3-server-thread1] INFO  server.RaftServer$Division (RaftServerImpl.java:checkInconsistentAppendEntries(1569)) - s3@group-6912872F20E7: inconsistency entries. Reply:s1<-s3#273:FAIL-t2,INCONSISTENCY,nextIndex=1,followerCommit=0,matchIndex=-1
2022-10-24 03:16:29,601 [grpc-default-executor-8] INFO  leader.FollowerInfo (FollowerInfoImpl.java:lambda$new$0(48)) - s1@group-6912872F20E7->s3: nextIndex: updateUnconditionally 1 -> 1
2022-10-24 03:16:29,601 [s3-server-thread1] DEBUG server.RaftServer$Division (RaftServerImpl.java:logAppendEntries(1418)) - s3@group-6912872F20E7: receive appendEntries(s1, 2, null, 0, true, commits:[s1:c0, s3:c0, s4:c0, s0:c0, s2:c0], cId:274, entries: [(t:2, i:0), CONFIGURATIONENTRY(current:id: "s3"
address: "localhost:39579"
dataStreamAddress: "localhost:46293"
clientAddress: "localhost:33409"
adminAddress: "localhost:42243"
startupRole: FOLLOWER
,id: "s4"
address: "localhost:45747"
dataStreamAddress: "localhost:42993"
clientAddress: "localhost:44435"
adminAddress: "localhost:35149"
startupRole: FOLLOWER
,id: "s0"
address: "localhost:36179"
dataStreamAddress: "localhost:33505"
clientAddress: "localhost:36175"
adminAddress: "localhost:46501"
startupRole: FOLLOWER
,id: "s1"
address: "localhost:36635"
dataStreamAddress: "localhost:41297"
clientAddress: "localhost:39775"
adminAddress: "localhost:41981"
startupRole: FOLLOWER
,id: "s2"
address: "localhost:36969"
dataStreamAddress: "localhost:38077"
clientAddress: "localhost:40489"
adminAddress: "localhost:37929"
startupRole: FOLLOWER
, old:)]
2022-10-24 03:16:29,601 [s3-server-thread1] INFO  server.RaftServer$Division (RaftServerImpl.java:checkInconsistentAppendEntries(1589)) - s3@group-6912872F20E7: Failed appendEntries as the first entry (index 0) already exists (snapshotIndex: -1, commitIndex: 0)
2022-10-24 03:16:29,601 [s3-server-thread1] INFO  server.RaftServer$Division (RaftServerImpl.java:checkInconsistentAppendEntries(1569)) - s3@group-6912872F20E7: inconsistency entries. Reply:s1<-s3#274:FAIL-t2,INCONSISTENCY,nextIndex=1,followerCommit=0,matchIndex=-1
2022-10-24 03:16:29,604 [grpc-default-executor-8] INFO  leader.FollowerInfo (FollowerInfoImpl.java:lambda$new$0(48)) - s1@group-6912872F20E7->s3: nextIndex: updateUnconditionally 1 -> 1
2022-10-24 03:16:29,604 [s3-server-thread1] DEBUG server.RaftServer$Division (RaftServerImpl.java:logAppendEntries(1418)) - s3@group-6912872F20E7: receive appendEntries(s1, 2, null, 0, true, commits:[s1:c0, s3:c0, s4:c0, s0:c0, s2:c0], cId:275, entries: [(t:2, i:0), CONFIGURATIONENTRY(current:id: "s3"
address: "localhost:39579"
dataStreamAddress: "localhost:46293"
clientAddress: "localhost:33409"
adminAddress: "localhost:42243"
startupRole: FOLLOWER
,id: "s4"
address: "localhost:45747"
dataStreamAddress: "localhost:42993"
clientAddress: "localhost:44435"
adminAddress: "localhost:35149"
startupRole: FOLLOWER
,id: "s0"
address: "localhost:36179"
dataStreamAddress: "localhost:33505"
clientAddress: "localhost:36175"
adminAddress: "localhost:46501"
startupRole: FOLLOWER
,id: "s1"
address: "localhost:36635"
dataStreamAddress: "localhost:41297"
clientAddress: "localhost:39775"
adminAddress: "localhost:41981"
startupRole: FOLLOWER
,id: "s2"
address: "localhost:36969"
dataStreamAddress: "localhost:38077"
clientAddress: "localhost:40489"
adminAddress: "localhost:37929"
startupRole: FOLLOWER
, old:)]
2022-10-24 03:16:29,604 [s3-server-thread1] INFO  server.RaftServer$Division (RaftServerImpl.java:checkInconsistentAppendEntries(1589)) - s3@group-6912872F20E7: Failed appendEntries as the first entry (index 0) already exists (snapshotIndex: -1, commitIndex: 0)
2022-10-24 03:16:29,604 [s3-server-thread1] INFO  server.RaftServer$Division (RaftServerImpl.java:checkInconsistentAppendEntries(1569)) - s3@group-6912872F20E7: inconsistency entries. Reply:s1<-s3#275:FAIL-t2,INCONSISTENCY,nextIndex=1,followerCommit=0,matchIndex=-1
2022-10-24 03:16:29,605 [grpc-default-executor-34] INFO  leader.FollowerInfo (FollowerInfoImpl.java:lambda$new$0(48)) - s1@group-6912872F20E7->s3: nextIndex: updateUnconditionally 1 -> 1
2022-10-24 03:16:29,681 [s3-server-thread1] INFO  server.RaftServer$Division (RaftServerImpl.java:checkInconsistentAppendEntries(1599)) - s3@group-6912872F20E7: Failed appendEntries as previous log entry ((t:2, i:0)) is not found
2022-10-24 03:16:29,681 [s3-server-thread1] INFO  server.RaftServer$Division (RaftServerImpl.java:checkInconsistentAppendEntries(1569)) - s3@group-6912872F20E7: inconsistency entries. Reply:s1<-s3#276:FAIL-t2,INCONSISTENCY,nextIndex=0,followerCommit=0,matchIndex=-1
2022-10-24 03:16:29,682 [grpc-default-executor-34] INFO  leader.FollowerInfo (FollowerInfoImpl.java:lambda$new$0(48)) - s1@group-6912872F20E7->s3: nextIndex: updateUnconditionally 1 -> 0
2022-10-24 03:16:29,682 [s3-server-thread1] DEBUG server.RaftServer$Division (RaftServerImpl.java:logAppendEntries(1418)) - s3@group-6912872F20E7: receive appendEntries(s1, 2, null, 0, true, commits:[s1:c0, s3:c0, s4:c0, s0:c0, s2:c0], cId:277, entries: [(t:2, i:0), CONFIGURATIONENTRY(current:id: "s3"
address: "localhost:39579"
dataStreamAddress: "localhost:46293"
clientAddress: "localhost:33409"
adminAddress: "localhost:42243"
startupRole: FOLLOWER
,id: "s4"
address: "localhost:45747"
dataStreamAddress: "localhost:42993"
clientAddress: "localhost:44435"
adminAddress: "localhost:35149"
startupRole: FOLLOWER
,id: "s0"
address: "localhost:36179"
dataStreamAddress: "localhost:33505"
clientAddress: "localhost:36175"
adminAddress: "localhost:46501"
startupRole: FOLLOWER
,id: "s1"
address: "localhost:36635"
dataStreamAddress: "localhost:41297"
clientAddress: "localhost:39775"
adminAddress: "localhost:41981"
startupRole: FOLLOWER
,id: "s2"
address: "localhost:36969"
dataStreamAddress: "localhost:38077"
clientAddress: "localhost:40489"
adminAddress: "localhost:37929"
startupRole: FOLLOWER
, old:)]
2022-10-24 03:16:29,682 [s3-server-thread1] INFO  server.RaftServer$Division (RaftServerImpl.java:checkInconsistentAppendEntries(1589)) - s3@group-6912872F20E7: Failed appendEntries as the first entry (index 0) already exists (snapshotIndex: -1, commitIndex: 0)
2022-10-24 03:16:29,682 [s3-server-thread1] INFO  server.RaftServer$Division (RaftServerImpl.java:checkInconsistentAppendEntries(1569)) - s3@group-6912872F20E7: inconsistency entries. Reply:s1<-s3#277:FAIL-t2,INCONSISTENCY,nextIndex=1,followerCommit=0,matchIndex=-1
2022-10-24 03:16:29,683 [grpc-default-executor-34] INFO  leader.FollowerInfo (FollowerInfoImpl.java:lambda$new$0(48)) - s1@group-6912872F20E7->s3: nextIndex: updateUnconditionally 1 -> 1
2022-10-24 03:16:29,758 [s3-server-thread1] INFO  server.RaftServer$Division (RaftServerImpl.java:checkInconsistentAppendEntries(1599)) - s3@group-6912872F20E7: Failed appendEntries as previous log entry ((t:2, i:0)) is not found
2022-10-24 03:16:29,758 [s3-server-thread1] INFO  server.RaftServer$Division (RaftServerImpl.java:checkInconsistentAppendEntries(1569)) - s3@group-6912872F20E7: inconsistency entries. Reply:s1<-s3#278:FAIL-t2,INCONSISTENCY,nextIndex=0,followerCommit=0,matchIndex=-1
2022-10-24 03:16:29,759 [grpc-default-executor-34] INFO  leader.FollowerInfo (FollowerInfoImpl.java:lambda$new$0(48)) - s1@group-6912872F20E7->s3: nextIndex: updateUnconditionally 1 -> 0
2022-10-24 03:16:29,759 [s3-server-thread1] DEBUG server.RaftServer$Division (RaftServerImpl.java:logAppendEntries(1418)) - s3@group-6912872F20E7: receive appendEntries(s1, 2, null, 0, true, commits:[s1:c0, s3:c0, s4:c0, s0:c0, s2:c0], cId:279, entries: [(t:2, i:0), CONFIGURATIONENTRY(current:id: "s3"
address: "localhost:39579"
dataStreamAddress: "localhost:46293"
clientAddress: "localhost:33409"
adminAddress: "localhost:42243"
startupRole: FOLLOWER
,id: "s4"
address: "localhost:45747"
dataStreamAddress: "localhost:42993"
clientAddress: "localhost:44435"
adminAddress: "localhost:35149"
startupRole: FOLLOWER
,id: "s0"
address: "localhost:36179"
dataStreamAddress: "localhost:33505"
clientAddress: "localhost:36175"
adminAddress: "localhost:46501"
startupRole: FOLLOWER
,id: "s1"
address: "localhost:36635"
dataStreamAddress: "localhost:41297"
clientAddress: "localhost:39775"
adminAddress: "localhost:41981"
startupRole: FOLLOWER
,id: "s2"
address: "localhost:36969"
dataStreamAddress: "localhost:38077"
clientAddress: "localhost:40489"
adminAddress: "localhost:37929"
startupRole: FOLLOWER
, old:)]
2022-10-24 03:16:29,759 [s3-server-thread1] INFO  server.RaftServer$Division (RaftServerImpl.java:checkInconsistentAppendEntries(1589)) - s3@group-6912872F20E7: Failed appendEntries as the first entry (index 0) already exists (snapshotIndex: -1, commitIndex: 0)
2022-10-24 03:16:29,759 [s3-server-thread1] INFO  server.RaftServer$Division (RaftServerImpl.java:checkInconsistentAppendEntries(1569)) - s3@group-6912872F20E7: inconsistency entries. Reply:s1<-s3#279:FAIL-t2,INCONSISTENCY,nextIndex=1,followerCommit=0,matchIndex=-1
2022-10-24 03:16:29,760 [grpc-default-executor-34] INFO  leader.FollowerInfo (FollowerInfoImpl.java:lambda$new$0(48)) - s1@group-6912872F20E7->s3: nextIndex: updateUnconditionally 1 -> 1
2022-10-24 03:16:29,836 [s3-server-thread1] INFO  server.RaftServer$Division (RaftServerImpl.java:checkInconsistentAppendEntries(1599)) - s3@group-6912872F20E7: Failed appendEntries as previous log entry ((t:2, i:0)) is not found
2022-10-24 03:16:29,836 [s3-server-thread1] INFO  server.RaftServer$Division (RaftServerImpl.java:checkInconsistentAppendEntries(1569)) - s3@group-6912872F20E7: inconsistency entries. Reply:s1<-s3#280:FAIL-t2,INCONSISTENCY,nextIndex=0,followerCommit=0,matchIndex=-1
2022-10-24 03:16:29,837 [grpc-default-executor-34] INFO  leader.FollowerInfo (FollowerInfoImpl.java:lambda$new$0(48)) - s1@group-6912872F20E7->s3: nextIndex: updateUnconditionally 1 -> 0
2022-10-24 03:16:29,837 [s3-server-thread1] DEBUG server.RaftServer$Division (RaftServerImpl.java:logAppendEntries(1418)) - s3@group-6912872F20E7: receive appendEntries(s1, 2, null, 0, true, commits:[s1:c0, s3:c0, s4:c0, s0:c0, s2:c0], cId:281, entries: [(t:2, i:0), CONFIGURATIONENTRY(current:id: "s3"
address: "localhost:39579"
dataStreamAddress: "localhost:46293"
clientAddress: "localhost:33409"
adminAddress: "localhost:42243"
startupRole: FOLLOWER
,id: "s4"
address: "localhost:45747"
dataStreamAddress: "localhost:42993"
clientAddress: "localhost:44435"
adminAddress: "localhost:35149"
startupRole: FOLLOWER
,id: "s0"
address: "localhost:36179"
dataStreamAddress: "localhost:33505"
clientAddress: "localhost:36175"
adminAddress: "localhost:46501"
startupRole: FOLLOWER
,id: "s1"
address: "localhost:36635"
dataStreamAddress: "localhost:41297"
clientAddress: "localhost:39775"
adminAddress: "localhost:41981"
startupRole: FOLLOWER
,id: "s2"
address: "localhost:36969"
dataStreamAddress: "localhost:38077"
clientAddress: "localhost:40489"
adminAddress: "localhost:37929"
startupRole: FOLLOWER
, old:)]
2022-10-24 03:16:29,837 [s3-server-thread1] INFO  server.RaftServer$Division (RaftServerImpl.java:checkInconsistentAppendEntries(1589)) - s3@group-6912872F20E7: Failed appendEntries as the first entry (index 0) already exists (snapshotIndex: -1, commitIndex: 0)
2022-10-24 03:16:29,837 [s3-server-thread1] INFO  server.RaftServer$Division (RaftServerImpl.java:checkInconsistentAppendEntries(1569)) - s3@group-6912872F20E7: inconsistency entries. Reply:s1<-s3#281:FAIL-t2,INCONSISTENCY,nextIndex=1,followerCommit=0,matchIndex=-1
2022-10-24 03:16:29,839 [grpc-default-executor-34] INFO  leader.FollowerInfo (FollowerInfoImpl.java:lambda$new$0(48)) - s1@group-6912872F20E7->s3: nextIndex: updateUnconditionally 1 -> 1
2022-10-24 03:16:29,915 [s3-server-thread1] INFO  server.RaftServer$Division (RaftServerImpl.java:checkInconsistentAppendEntries(1599)) - s3@group-6912872F20E7: Failed appendEntries as previous log entry ((t:2, i:0)) is not found
2022-10-24 03:16:29,915 [s3-server-thread1] INFO  server.RaftServer$Division (RaftServerImpl.java:checkInconsistentAppendEntries(1569)) - s3@group-6912872F20E7: inconsistency entries. Reply:s1<-s3#282:FAIL-t2,INCONSISTENCY,nextIndex=0,followerCommit=0,matchIndex=-1
2022-10-24 03:16:29,916 [grpc-default-executor-34] INFO  leader.FollowerInfo (FollowerInfoImpl.java:lambda$new$0(48)) - s1@group-6912872F20E7->s3: nextIndex: updateUnconditionally 1 -> 0
2022-10-24 03:16:29,917 [s3-server-thread1] DEBUG server.RaftServer$Division (RaftServerImpl.java:logAppendEntries(1418)) - s3@group-6912872F20E7: receive appendEntries(s1, 2, null, 0, true, commits:[s1:c0, s3:c0, s4:c0, s0:c0, s2:c0], cId:283, entries: [(t:2, i:0), CONFIGURATIONENTRY(current:id: "s3"
address: "localhost:39579"
dataStreamAddress: "localhost:46293"
clientAddress: "localhost:33409"
adminAddress: "localhost:42243"
startupRole: FOLLOWER
,id: "s4"
address: "localhost:45747"
dataStreamAddress: "localhost:42993"
clientAddress: "localhost:44435"
adminAddress: "localhost:35149"
startupRole: FOLLOWER
,id: "s0"
address: "localhost:36179"
dataStreamAddress: "localhost:33505"
clientAddress: "localhost:36175"
adminAddress: "localhost:46501"
startupRole: FOLLOWER
,id: "s1"
address: "localhost:36635"
dataStreamAddress: "localhost:41297"
clientAddress: "localhost:39775"
adminAddress: "localhost:41981"
startupRole: FOLLOWER
,id: "s2"
address: "localhost:36969"
dataStreamAddress: "localhost:38077"
clientAddress: "localhost:40489"
adminAddress: "localhost:37929"
startupRole: FOLLOWER
, old:)]
2022-10-24 03:16:29,917 [s3-server-thread1] INFO  server.RaftServer$Division (RaftServerImpl.java:checkInconsistentAppendEntries(1589)) - s3@group-6912872F20E7: Failed appendEntries as the first entry (index 0) already exists (snapshotIndex: -1, commitIndex: 0)
2022-10-24 03:16:29,917 [s3-server-thread1] INFO  server.RaftServer$Division (RaftServerImpl.java:checkInconsistentAppendEntries(1569)) - s3@group-6912872F20E7: inconsistency entries. Reply:s1<-s3#283:FAIL-t2,INCONSISTENCY,nextIndex=1,followerCommit=0,matchIndex=-1
2022-10-24 03:16:29,917 [grpc-default-executor-34] INFO  leader.FollowerInfo (FollowerInfoImpl.java:lambda$new$0(48)) - s1@group-6912872F20E7->s3: nextIndex: updateUnconditionally 1 -> 1
2022-10-24 03:16:29,993 [s3-server-thread1] INFO  server.RaftServer$Division (RaftServerImpl.java:checkInconsistentAppendEntries(1599)) - s3@group-6912872F20E7: Failed appendEntries as previous log entry ((t:2, i:0)) is not found
2022-10-24 03:16:29,993 [s3-server-thread1] INFO  server.RaftServer$Division (RaftServerImpl.java:checkInconsistentAppendEntries(1569)) - s3@group-6912872F20E7: inconsistency entries. Reply:s1<-s3#284:FAIL-t2,INCONSISTENCY,nextIndex=0,followerCommit=0,matchIndex=-1
2022-10-24 03:16:29,994 [grpc-default-executor-34] INFO  leader.FollowerInfo (FollowerInfoImpl.java:lambda$new$0(48)) - s1@group-6912872F20E7->s3: nextIndex: updateUnconditionally 1 -> 0
2022-10-24 03:16:29,994 [s3-server-thread1] DEBUG server.RaftServer$Division (RaftServerImpl.java:logAppendEntries(1418)) - s3@group-6912872F20E7: receive appendEntries(s1, 2, null, 0, true, commits:[s1:c0, s3:c0, s4:c0, s0:c0, s2:c0], cId:285, entries: [(t:2, i:0), CONFIGURATIONENTRY(current:id: "s3"
address: "localhost:39579"
dataStreamAddress: "localhost:46293"
clientAddress: "localhost:33409"
adminAddress: "localhost:42243"
startupRole: FOLLOWER
,id: "s4"
address: "localhost:45747"
dataStreamAddress: "localhost:42993"
clientAddress: "localhost:44435"
adminAddress: "localhost:35149"
startupRole: FOLLOWER
,id: "s0"
address: "localhost:36179"
dataStreamAddress: "localhost:33505"
clientAddress: "localhost:36175"
adminAddress: "localhost:46501"
startupRole: FOLLOWER
,id: "s1"
address: "localhost:36635"
dataStreamAddress: "localhost:41297"
clientAddress: "localhost:39775"
adminAddress: "localhost:41981"
startupRole: FOLLOWER
,id: "s2"
address: "localhost:36969"
dataStreamAddress: "localhost:38077"
clientAddress: "localhost:40489"
adminAddress: "localhost:37929"
startupRole: FOLLOWER
, old:)]
2022-10-24 03:16:29,995 [s3-server-thread1] INFO  server.RaftServer$Division (RaftServerImpl.java:checkInconsistentAppendEntries(1589)) - s3@group-6912872F20E7: Failed appendEntries as the first entry (index 0) already exists (snapshotIndex: -1, commitIndex: 0)
2022-10-24 03:16:29,995 [s3-server-thread1] INFO  server.RaftServer$Division (RaftServerImpl.java:checkInconsistentAppendEntries(1569)) - s3@group-6912872F20E7: inconsistency entries. Reply:s1<-s3#285:FAIL-t2,INCONSISTENCY,nextIndex=1,followerCommit=0,matchIndex=-1
2022-10-24 03:16:29,995 [grpc-default-executor-34] INFO  leader.FollowerInfo (FollowerInfoImpl.java:lambda$new$0(48)) - s1@group-6912872F20E7->s3: nextIndex: updateUnconditionally 1 -> 1
2022-10-24 03:16:30,072 [s3-server-thread1] INFO  server.RaftServer$Division (RaftServerImpl.java:checkInconsistentAppendEntries(1599)) - s3@group-6912872F20E7: Failed appendEntries as previous log entry ((t:2, i:0)) is not found
2022-10-24 03:16:30,072 [s3-server-thread1] INFO  server.RaftServer$Division (RaftServerImpl.java:checkInconsistentAppendEntries(1569)) - s3@group-6912872F20E7: inconsistency entries. Reply:s1<-s3#286:FAIL-t2,INCONSISTENCY,nextIndex=0,followerCommit=0,matchIndex=-1
2022-10-24 03:16:30,072 [grpc-default-executor-34] INFO  leader.FollowerInfo (FollowerInfoImpl.java:lambda$new$0(48)) - s1@group-6912872F20E7->s3: nextIndex: updateUnconditionally 1 -> 0
2022-10-24 03:16:30,073 [s3-server-thread1] DEBUG server.RaftServer$Division (RaftServerImpl.java:logAppendEntries(1418)) - s3@group-6912872F20E7: receive appendEntries(s1, 2, null, 0, true, commits:[s1:c0, s3:c0, s4:c0, s0:c0, s2:c0], cId:287, entries: [(t:2, i:0), CONFIGURATIONENTRY(current:id: "s3"
address: "localhost:39579"
dataStreamAddress: "localhost:46293"
clientAddress: "localhost:33409"
adminAddress: "localhost:42243"
startupRole: FOLLOWER
,id: "s4"
address: "localhost:45747"
dataStreamAddress: "localhost:42993"
clientAddress: "localhost:44435"
adminAddress: "localhost:35149"
startupRole: FOLLOWER
,id: "s0"
address: "localhost:36179"
dataStreamAddress: "localhost:33505"
clientAddress: "localhost:36175"
adminAddress: "localhost:46501"
startupRole: FOLLOWER
,id: "s1"
address: "localhost:36635"
dataStreamAddress: "localhost:41297"
clientAddress: "localhost:39775"
adminAddress: "localhost:41981"
startupRole: FOLLOWER
,id: "s2"
address: "localhost:36969"
dataStreamAddress: "localhost:38077"
clientAddress: "localhost:40489"
adminAddress: "localhost:37929"
startupRole: FOLLOWER
, old:)]
2022-10-24 03:16:30,073 [s3-server-thread1] INFO  server.RaftServer$Division (RaftServerImpl.java:checkInconsistentAppendEntries(1589)) - s3@group-6912872F20E7: Failed appendEntries as the first entry (index 0) already exists (snapshotIndex: -1, commitIndex: 0)
2022-10-24 03:16:30,073 [s3-server-thread1] INFO  server.RaftServer$Division (RaftServerImpl.java:checkInconsistentAppendEntries(1569)) - s3@group-6912872F20E7: inconsistency entries. Reply:s1<-s3#287:FAIL-t2,INCONSISTENCY,nextIndex=1,followerCommit=0,matchIndex=-1
2022-10-24 03:16:30,074 [grpc-default-executor-8] INFO  leader.FollowerInfo (FollowerInfoImpl.java:lambda$new$0(48)) - s1@group-6912872F20E7->s3: nextIndex: updateUnconditionally 1 -> 1
2022-10-24 03:16:30,150 [s3-server-thread1] INFO  server.RaftServer$Division (RaftServerImpl.java:checkInconsistentAppendEntries(1599)) - s3@group-6912872F20E7: Failed appendEntries as previous log entry ((t:2, i:0)) is not found
2022-10-24 03:16:30,150 [s3-server-thread1] INFO  server.RaftServer$Division (RaftServerImpl.java:checkInconsistentAppendEntries(1569)) - s3@group-6912872F20E7: inconsistency entries. Reply:s1<-s3#288:FAIL-t2,INCONSISTENCY,nextIndex=0,followerCommit=0,matchIndex=-1
2022-10-24 03:16:30,151 [grpc-default-executor-8] INFO  leader.FollowerInfo (FollowerInfoImpl.java:lambda$new$0(48)) - s1@group-6912872F20E7->s3: nextIndex: updateUnconditionally 1 -> 0
2022-10-24 03:16:30,151 [s3-server-thread1] DEBUG server.RaftServer$Division (RaftServerImpl.java:logAppendEntries(1418)) - s3@group-6912872F20E7: receive appendEntries(s1, 2, null, 0, true, commits:[s1:c0, s3:c0, s4:c0, s0:c0, s2:c0], cId:289, entries: [(t:2, i:0), CONFIGURATIONENTRY(current:id: "s3"
address: "localhost:39579"
dataStreamAddress: "localhost:46293"
clientAddress: "localhost:33409"
adminAddress: "localhost:42243"
startupRole: FOLLOWER
,id: "s4"
address: "localhost:45747"
dataStreamAddress: "localhost:42993"
clientAddress: "localhost:44435"
adminAddress: "localhost:35149"
startupRole: FOLLOWER
,id: "s0"
address: "localhost:36179"
dataStreamAddress: "localhost:33505"
clientAddress: "localhost:36175"
adminAddress: "localhost:46501"
startupRole: FOLLOWER
,id: "s1"
address: "localhost:36635"
dataStreamAddress: "localhost:41297"
clientAddress: "localhost:39775"
adminAddress: "localhost:41981"
startupRole: FOLLOWER
,id: "s2"
address: "localhost:36969"
dataStreamAddress: "localhost:38077"
clientAddress: "localhost:40489"
adminAddress: "localhost:37929"
startupRole: FOLLOWER
, old:)]
2022-10-24 03:16:30,151 [s3-server-thread1] INFO  server.RaftServer$Division (RaftServerImpl.java:checkInconsistentAppendEntries(1589)) - s3@group-6912872F20E7: Failed appendEntries as the first entry (index 0) already exists (snapshotIndex: -1, commitIndex: 0)
2022-10-24 03:16:30,151 [s3-server-thread1] INFO  server.RaftServer$Division (RaftServerImpl.java:checkInconsistentAppendEntries(1569)) - s3@group-6912872F20E7: inconsistency entries. Reply:s1<-s3#289:FAIL-t2,INCONSISTENCY,nextIndex=1,followerCommit=0,matchIndex=-1
2022-10-24 03:16:30,152 [grpc-default-executor-8] INFO  leader.FollowerInfo (FollowerInfoImpl.java:lambda$new$0(48)) - s1@group-6912872F20E7->s3: nextIndex: updateUnconditionally 1 -> 1
2022-10-24 03:16:30,228 [s3-server-thread1] INFO  server.RaftServer$Division (RaftServerImpl.java:checkInconsistentAppendEntries(1599)) - s3@group-6912872F20E7: Failed appendEntries as previous log entry ((t:2, i:0)) is not found
2022-10-24 03:16:30,229 [s3-server-thread1] INFO  server.RaftServer$Division (RaftServerImpl.java:checkInconsistentAppendEntries(1569)) - s3@group-6912872F20E7: inconsistency entries. Reply:s1<-s3#290:FAIL-t2,INCONSISTENCY,nextIndex=0,followerCommit=0,matchIndex=-1
2022-10-24 03:16:30,229 [grpc-default-executor-8] INFO  leader.FollowerInfo (FollowerInfoImpl.java:lambda$new$0(48)) - s1@group-6912872F20E7->s3: nextIndex: updateUnconditionally 1 -> 0
2022-10-24 03:16:30,230 [s3-server-thread1] DEBUG server.RaftServer$Division (RaftServerImpl.java:logAppendEntries(1418)) - s3@group-6912872F20E7: receive appendEntries(s1, 2, null, 0, true, commits:[s1:c0, s3:c0, s4:c0, s0:c0, s2:c0], cId:291, entries: [(t:2, i:0), CONFIGURATIONENTRY(current:id: "s3"
address: "localhost:39579"
dataStreamAddress: "localhost:46293"
clientAddress: "localhost:33409"
adminAddress: "localhost:42243"
startupRole: FOLLOWER
,id: "s4"
address: "localhost:45747"
dataStreamAddress: "localhost:42993"
clientAddress: "localhost:44435"
adminAddress: "localhost:35149"
startupRole: FOLLOWER
,id: "s0"
address: "localhost:36179"
dataStreamAddress: "localhost:33505"
clientAddress: "localhost:36175"
adminAddress: "localhost:46501"
startupRole: FOLLOWER
,id: "s1"
address: "localhost:36635"
dataStreamAddress: "localhost:41297"
clientAddress: "localhost:39775"
adminAddress: "localhost:41981"
startupRole: FOLLOWER
,id: "s2"
address: "localhost:36969"
dataStreamAddress: "localhost:38077"
clientAddress: "localhost:40489"
adminAddress: "localhost:37929"
startupRole: FOLLOWER
, old:)]
2022-10-24 03:16:30,230 [s3-server-thread1] INFO  server.RaftServer$Division (RaftServerImpl.java:checkInconsistentAppendEntries(1589)) - s3@group-6912872F20E7: Failed appendEntries as the first entry (index 0) already exists (snapshotIndex: -1, commitIndex: 0)
2022-10-24 03:16:30,230 [s3-server-thread1] INFO  server.RaftServer$Division (RaftServerImpl.java:checkInconsistentAppendEntries(1569)) - s3@group-6912872F20E7: inconsistency entries. Reply:s1<-s3#291:FAIL-t2,INCONSISTENCY,nextIndex=1,followerCommit=0,matchIndex=-1
2022-10-24 03:16:30,230 [grpc-default-executor-8] INFO  leader.FollowerInfo (FollowerInfoImpl.java:lambda$new$0(48)) - s1@group-6912872F20E7->s3: nextIndex: updateUnconditionally 1 -> 1
2022-10-24 03:16:30,300 [Time-limited test] INFO  grpc.TestLeaderElectionWithGrpc (LeaderElectionTests.java:enforceLeader(292)) - try enforcing leader to s3 but new leader is s1
2022-10-24 03:16:30,300 [Time-limited test] INFO  server.RaftServerConfigKeys (ConfUtils.java:logGet(46)) - raft.server.rpc.timeout.max = 300ms (default)
2022-10-24 03:16:30,306 [s1@group-6912872F20E7->s3-GrpcLogAppender-LogAppenderDaemon] INFO  util.CodeInjectionForTesting (DelayLocalExecutionInjection.java:execute(65)) - s1 delay 150 ms, args=[serverRequest {
  requestorId: "s1"
  replyId: "s3"
  raftGroupId {
    id: "\226\001\321s\341\rE_\235\364i\022\207/ \347"
  }
  callId: 292
  slidingWindowEntry {
  }
}
leaderTerm: 2
previousLog {
  term: 2
}
initializing: true
commitInfos {
  server {
    id: "s1"
    address: "localhost:36635"
    dataStreamAddress: "localhost:41297"
    clientAddress: "localhost:39775"
    adminAddress: "localhost:41981"
    startupRole: FOLLOWER
  }
}
commitInfos {
  server {
    id: "s3"
    address: "localhost:39579"
    dataStreamAddress: "localhost:46293"
    clientAddress: "localhost:33409"
    adminAddress: "localhost:42243"
    startupRole: FOLLOWER
  }
}
commitInfos {
  server {
    id: "s4"
    address: "localhost:45747"
    dataStreamAddress: "localhost:42993"
    clientAddress: "localhost:44435"
    adminAddress: "localhost:35149"
    startupRole: FOLLOWER
  }
}
commitInfos {
  server {
    id: "s0"
    address: "localhost:36179"
    dataStreamAddress: "localhost:33505"
    clientAddress: "localhost:36175"
    adminAddress: "localhost:46501"
    startupRole: FOLLOWER
  }
}
commitInfos {
  server {
    id: "s2"
    address: "localhost:36969"
    dataStreamAddress: "localhost:38077"
    clientAddress: "localhost:40489"
    adminAddress: "localhost:37929"
    startupRole: FOLLOWER
  }
}
]
2022-10-24 03:16:30,311 [s1@group-6912872F20E7->s0-GrpcLogAppender-LogAppenderDaemon] INFO  util.CodeInjectionForTesting (DelayLocalExecutionInjection.java:execute(65)) - s1 delay 150 ms, args=[serverRequest {
  requestorId: "s1"
  replyId: "s0"
  raftGroupId {
    id: "\226\001\321s\341\rE_\235\364i\022\207/ \347"
  }
  callId: 145
  slidingWindowEntry {
  }
}
leaderTerm: 2
previousLog {
  term: 2
}
initializing: true
commitInfos {
  server {
    id: "s1"
    address: "localhost:36635"
    dataStreamAddress: "localhost:41297"
    clientAddress: "localhost:39775"
    adminAddress: "localhost:41981"
    startupRole: FOLLOWER
  }
}
commitInfos {
  server {
    id: "s3"
    address: "localhost:39579"
    dataStreamAddress: "localhost:46293"
    clientAddress: "localhost:33409"
    adminAddress: "localhost:42243"
    startupRole: FOLLOWER
  }
}
commitInfos {
  server {
    id: "s4"
    address: "localhost:45747"
    dataStreamAddress: "localhost:42993"
    clientAddress: "localhost:44435"
    adminAddress: "localhost:35149"
    startupRole: FOLLOWER
  }
}
commitInfos {
  server {
    id: "s0"
    address: "localhost:36179"
    dataStreamAddress: "localhost:33505"
    clientAddress: "localhost:36175"
    adminAddress: "localhost:46501"
    startupRole: FOLLOWER
  }
}
commitInfos {
  server {
    id: "s2"
    address: "localhost:36969"
    dataStreamAddress: "localhost:38077"
    clientAddress: "localhost:40489"
    adminAddress: "localhost:37929"
    startupRole: FOLLOWER
  }
}
]
2022-10-24 03:16:30,311 [s1@group-6912872F20E7->s2-GrpcLogAppender-LogAppenderDaemon] INFO  util.CodeInjectionForTesting (DelayLocalExecutionInjection.java:execute(65)) - s1 delay 150 ms, args=[serverRequest {
  requestorId: "s1"
  replyId: "s2"
  raftGroupId {
    id: "\226\001\321s\341\rE_\235\364i\022\207/ \347"
  }
  callId: 144
  slidingWindowEntry {
  }
}
leaderTerm: 2
previousLog {
  term: 2
}
initializing: true
commitInfos {
  server {
    id: "s1"
    address: "localhost:36635"
    dataStreamAddress: "localhost:41297"
    clientAddress: "localhost:39775"
    adminAddress: "localhost:41981"
    startupRole: FOLLOWER
  }
}
commitInfos {
  server {
    id: "s3"
    address: "localhost:39579"
    dataStreamAddress: "localhost:46293"
    clientAddress: "localhost:33409"
    adminAddress: "localhost:42243"
    startupRole: FOLLOWER
  }
}
commitInfos {
  server {
    id: "s4"
    address: "localhost:45747"
    dataStreamAddress: "localhost:42993"
    clientAddress: "localhost:44435"
    adminAddress: "localhost:35149"
    startupRole: FOLLOWER
  }
}
commitInfos {
  server {
    id: "s0"
    address: "localhost:36179"
    dataStreamAddress: "localhost:33505"
    clientAddress: "localhost:36175"
    adminAddress: "localhost:46501"
    startupRole: FOLLOWER
  }
}
commitInfos {
  server {
    id: "s2"
    address: "localhost:36969"
    dataStreamAddress: "localhost:38077"
    clientAddress: "localhost:40489"
    adminAddress: "localhost:37929"
    startupRole: FOLLOWER
  }
}
]
2022-10-24 03:16:30,340 [s1@group-6912872F20E7->s4-GrpcLogAppender-LogAppenderDaemon] INFO  util.CodeInjectionForTesting (DelayLocalExecutionInjection.java:execute(65)) - s1 delay 150 ms, args=[serverRequest {
  requestorId: "s1"
  replyId: "s4"
  raftGroupId {
    id: "\226\001\321s\341\rE_\235\364i\022\207/ \347"
  }
  callId: 144
  slidingWindowEntry {
  }
}
leaderTerm: 2
previousLog {
  term: 2
}
initializing: true
commitInfos {
  server {
    id: "s1"
    address: "localhost:36635"
    dataStreamAddress: "localhost:41297"
    clientAddress: "localhost:39775"
    adminAddress: "localhost:41981"
    startupRole: FOLLOWER
  }
}
commitInfos {
  server {
    id: "s3"
    address: "localhost:39579"
    dataStreamAddress: "localhost:46293"
    clientAddress: "localhost:33409"
    adminAddress: "localhost:42243"
    startupRole: FOLLOWER
  }
}
commitInfos {
  server {
    id: "s4"
    address: "localhost:45747"
    dataStreamAddress: "localhost:42993"
    clientAddress: "localhost:44435"
    adminAddress: "localhost:35149"
    startupRole: FOLLOWER
  }
}
commitInfos {
  server {
    id: "s0"
    address: "localhost:36179"
    dataStreamAddress: "localhost:33505"
    clientAddress: "localhost:36175"
    adminAddress: "localhost:46501"
    startupRole: FOLLOWER
  }
}
commitInfos {
  server {
    id: "s2"
    address: "localhost:36969"
    dataStreamAddress: "localhost:38077"
    clientAddress: "localhost:40489"
    adminAddress: "localhost:37929"
    startupRole: FOLLOWER
  }
}
]
2022-10-24 03:16:30,457 [s3-server-thread1] INFO  util.CodeInjectionForTesting (BlockRequestHandlingInjection.java:execute(77)) - s3: Block request from s1
2022-10-24 03:16:30,494 [s1@group-6912872F20E7->s3-GrpcLogAppender-LogAppenderDaemon] INFO  util.CodeInjectionForTesting (DelayLocalExecutionInjection.java:execute(65)) - s1 delay 150 ms, args=[serverRequest {
  requestorId: "s1"
  replyId: "s3"
  raftGroupId {
    id: "\226\001\321s\341\rE_\235\364i\022\207/ \347"
  }
  callId: 293
  slidingWindowEntry {
  }
}
leaderTerm: 2
previousLog {
  term: 2
}
initializing: true
commitInfos {
  server {
    id: "s1"
    address: "localhost:36635"
    dataStreamAddress: "localhost:41297"
    clientAddress: "localhost:39775"
    adminAddress: "localhost:41981"
    startupRole: FOLLOWER
  }
}
commitInfos {
  server {
    id: "s3"
    address: "localhost:39579"
    dataStreamAddress: "localhost:46293"
    clientAddress: "localhost:33409"
    adminAddress: "localhost:42243"
    startupRole: FOLLOWER
  }
}
commitInfos {
  server {
    id: "s4"
    address: "localhost:45747"
    dataStreamAddress: "localhost:42993"
    clientAddress: "localhost:44435"
    adminAddress: "localhost:35149"
    startupRole: FOLLOWER
  }
}
commitInfos {
  server {
    id: "s0"
    address: "localhost:36179"
    dataStreamAddress: "localhost:33505"
    clientAddress: "localhost:36175"
    adminAddress: "localhost:46501"
    startupRole: FOLLOWER
  }
}
commitInfos {
  server {
    id: "s2"
    address: "localhost:36969"
    dataStreamAddress: "localhost:38077"
    clientAddress: "localhost:40489"
    adminAddress: "localhost:37929"
    startupRole: FOLLOWER
  }
}
]
2022-10-24 03:16:30,538 [s1@group-6912872F20E7->s0-GrpcLogAppender-LogAppenderDaemon] INFO  util.CodeInjectionForTesting (DelayLocalExecutionInjection.java:execute(65)) - s1 delay 150 ms, args=[serverRequest {
  requestorId: "s1"
  replyId: "s0"
  raftGroupId {
    id: "\226\001\321s\341\rE_\235\364i\022\207/ \347"
  }
  callId: 146
  slidingWindowEntry {
  }
}
leaderTerm: 2
previousLog {
  term: 2
}
initializing: true
commitInfos {
  server {
    id: "s1"
    address: "localhost:36635"
    dataStreamAddress: "localhost:41297"
    clientAddress: "localhost:39775"
    adminAddress: "localhost:41981"
    startupRole: FOLLOWER
  }
}
commitInfos {
  server {
    id: "s3"
    address: "localhost:39579"
    dataStreamAddress: "localhost:46293"
    clientAddress: "localhost:33409"
    adminAddress: "localhost:42243"
    startupRole: FOLLOWER
  }
}
commitInfos {
  server {
    id: "s4"
    address: "localhost:45747"
    dataStreamAddress: "localhost:42993"
    clientAddress: "localhost:44435"
    adminAddress: "localhost:35149"
    startupRole: FOLLOWER
  }
}
commitInfos {
  server {
    id: "s0"
    address: "localhost:36179"
    dataStreamAddress: "localhost:33505"
    clientAddress: "localhost:36175"
    adminAddress: "localhost:46501"
    startupRole: FOLLOWER
  }
}
commitInfos {
  server {
    id: "s2"
    address: "localhost:36969"
    dataStreamAddress: "localhost:38077"
    clientAddress: "localhost:40489"
    adminAddress: "localhost:37929"
    startupRole: FOLLOWER
  }
}
]
2022-10-24 03:16:30,538 [s1@group-6912872F20E7->s2-GrpcLogAppender-LogAppenderDaemon] INFO  util.CodeInjectionForTesting (DelayLocalExecutionInjection.java:execute(65)) - s1 delay 150 ms, args=[serverRequest {
  requestorId: "s1"
  replyId: "s2"
  raftGroupId {
    id: "\226\001\321s\341\rE_\235\364i\022\207/ \347"
  }
  callId: 145
  slidingWindowEntry {
  }
}
leaderTerm: 2
previousLog {
  term: 2
}
initializing: true
commitInfos {
  server {
    id: "s1"
    address: "localhost:36635"
    dataStreamAddress: "localhost:41297"
    clientAddress: "localhost:39775"
    adminAddress: "localhost:41981"
    startupRole: FOLLOWER
  }
}
commitInfos {
  server {
    id: "s3"
    address: "localhost:39579"
    dataStreamAddress: "localhost:46293"
    clientAddress: "localhost:33409"
    adminAddress: "localhost:42243"
    startupRole: FOLLOWER
  }
}
commitInfos {
  server {
    id: "s4"
    address: "localhost:45747"
    dataStreamAddress: "localhost:42993"
    clientAddress: "localhost:44435"
    adminAddress: "localhost:35149"
    startupRole: FOLLOWER
  }
}
commitInfos {
  server {
    id: "s0"
    address: "localhost:36179"
    dataStreamAddress: "localhost:33505"
    clientAddress: "localhost:36175"
    adminAddress: "localhost:46501"
    startupRole: FOLLOWER
  }
}
commitInfos {
  server {
    id: "s2"
    address: "localhost:36969"
    dataStreamAddress: "localhost:38077"
    clientAddress: "localhost:40489"
    adminAddress: "localhost:37929"
    startupRole: FOLLOWER
  }
}
]
2022-10-24 03:16:30,567 [s1@group-6912872F20E7->s4-GrpcLogAppender-LogAppenderDaemon] INFO  util.CodeInjectionForTesting (DelayLocalExecutionInjection.java:execute(65)) - s1 delay 150 ms, args=[serverRequest {
  requestorId: "s1"
  replyId: "s4"
  raftGroupId {
    id: "\226\001\321s\341\rE_\235\364i\022\207/ \347"
  }
  callId: 145
  slidingWindowEntry {
  }
}
leaderTerm: 2
previousLog {
  term: 2
}
initializing: true
commitInfos {
  server {
    id: "s1"
    address: "localhost:36635"
    dataStreamAddress: "localhost:41297"
    clientAddress: "localhost:39775"
    adminAddress: "localhost:41981"
    startupRole: FOLLOWER
  }
}
commitInfos {
  server {
    id: "s3"
    address: "localhost:39579"
    dataStreamAddress: "localhost:46293"
    clientAddress: "localhost:33409"
    adminAddress: "localhost:42243"
    startupRole: FOLLOWER
  }
}
commitInfos {
  server {
    id: "s4"
    address: "localhost:45747"
    dataStreamAddress: "localhost:42993"
    clientAddress: "localhost:44435"
    adminAddress: "localhost:35149"
    startupRole: FOLLOWER
  }
}
commitInfos {
  server {
    id: "s0"
    address: "localhost:36179"
    dataStreamAddress: "localhost:33505"
    clientAddress: "localhost:36175"
    adminAddress: "localhost:46501"
    startupRole: FOLLOWER
  }
}
commitInfos {
  server {
    id: "s2"
    address: "localhost:36969"
    dataStreamAddress: "localhost:38077"
    clientAddress: "localhost:40489"
    adminAddress: "localhost:37929"
    startupRole: FOLLOWER
  }
}
]
2022-10-24 03:16:30,576 [s3@group-6912872F20E7-FollowerState] INFO  impl.FollowerState (FollowerState.java:run(143)) - s3@group-6912872F20E7-FollowerState: change to CANDIDATE, lastRpcElapsedTime:345875455ns, electionTimeout:161ms
2022-10-24 03:16:30,576 [s3@group-6912872F20E7-FollowerState] INFO  impl.RoleInfo (RoleInfo.java:shutdownFollowerState(110)) - s3: shutdown s3@group-6912872F20E7-FollowerState
2022-10-24 03:16:30,576 [s3@group-6912872F20E7-FollowerState] INFO  server.RaftServer$Division (RaftServerImpl.java:setRole(325)) - s3@group-6912872F20E7: changes role from  FOLLOWER to CANDIDATE at term 2 for changeToCandidate
2022-10-24 03:16:30,576 [s3@group-6912872F20E7-FollowerState] INFO  server.RaftServerConfigKeys (ConfUtils.java:logGet(46)) - raft.server.leaderelection.pre-vote = true (default)
2022-10-24 03:16:30,576 [s3@group-6912872F20E7-FollowerState] INFO  impl.RoleInfo (RoleInfo.java:updateAndGet(139)) - s3: start s3@group-6912872F20E7-LeaderElection47
2022-10-24 03:16:30,576 [s3@group-6912872F20E7-LeaderElection47] INFO  server.RaftServer$Division (ServerState.java:setLeader(259)) - s3@group-6912872F20E7: change Leader from s1 to null at term 2 for PRE_VOTE
2022-10-24 03:16:30,577 [s3@group-6912872F20E7-LeaderElection47] INFO  impl.LeaderElection (LeaderElection.java:askForVotes(309)) - s3@group-6912872F20E7-LeaderElection47 PRE_VOTE round 0: submit vote requests at term 2 for 0: peers:[s3|rpc:localhost:39579|admin:localhost:42243|client:localhost:33409|dataStream:localhost:46293|priority:0|startupRole:FOLLOWER, s4|rpc:localhost:45747|admin:localhost:35149|client:localhost:44435|dataStream:localhost:42993|priority:0|startupRole:FOLLOWER, s0|rpc:localhost:36179|admin:localhost:46501|client:localhost:36175|dataStream:localhost:33505|priority:0|startupRole:FOLLOWER, s1|rpc:localhost:36635|admin:localhost:41981|client:localhost:39775|dataStream:localhost:41297|priority:0|startupRole:FOLLOWER, s2|rpc:localhost:36969|admin:localhost:37929|client:localhost:40489|dataStream:localhost:38077|priority:0|startupRole:FOLLOWER]|listeners:[], old=null
2022-10-24 03:16:30,579 [grpc-default-executor-34] INFO  server.RaftServer$Division (RaftServerImpl.java:requestVote(1291)) - s0@group-6912872F20E7: receive requestVote(PRE_VOTE, s3, group-6912872F20E7, 2, (t:1, i:0))
2022-10-24 03:16:30,579 [grpc-default-executor-34] INFO  impl.VoteContext (VoteContext.java:log(49)) - s0@group-6912872F20E7-FOLLOWER: reject PRE_VOTE from s3: this server is a follower and still has a valid leader s1
2022-10-24 03:16:30,579 [grpc-default-executor-34] INFO  server.RaftServer$Division (RaftServerImpl.java:requestVote(1324)) - s0@group-6912872F20E7 replies to PRE_VOTE vote request: s3<-s0#0:FAIL-t2. Peer's state: s0@group-6912872F20E7:t2, leader=s1, voted=s1, raftlog=Memoized:s0@group-6912872F20E7-SegmentedRaftLog:OPENED:c0, conf=0: peers:[s3|rpc:localhost:39579|admin:localhost:42243|client:localhost:33409|dataStream:localhost:46293|priority:0|startupRole:FOLLOWER, s4|rpc:localhost:45747|admin:localhost:35149|client:localhost:44435|dataStream:localhost:42993|priority:0|startupRole:FOLLOWER, s0|rpc:localhost:36179|admin:localhost:46501|client:localhost:36175|dataStream:localhost:33505|priority:0|startupRole:FOLLOWER, s1|rpc:localhost:36635|admin:localhost:41981|client:localhost:39775|dataStream:localhost:41297|priority:0|startupRole:FOLLOWER, s2|rpc:localhost:36969|admin:localhost:37929|client:localhost:40489|dataStream:localhost:38077|priority:0|startupRole:FOLLOWER]|listeners:[], old=null
2022-10-24 03:16:30,580 [grpc-default-executor-34] INFO  server.RaftServer$Division (RaftServerImpl.java:requestVote(1291)) - s1@group-6912872F20E7: receive requestVote(PRE_VOTE, s3, group-6912872F20E7, 2, (t:1, i:0))
2022-10-24 03:16:30,580 [grpc-default-executor-34] INFO  impl.VoteContext (VoteContext.java:log(49)) - s1@group-6912872F20E7-LEADER: reject PRE_VOTE from s3: this server is the leader and still has leadership
2022-10-24 03:16:30,580 [grpc-default-executor-34] INFO  server.RaftServer$Division (RaftServerImpl.java:requestVote(1324)) - s1@group-6912872F20E7 replies to PRE_VOTE vote request: s3<-s1#0:FAIL-t2. Peer's state: s1@group-6912872F20E7:t2, leader=s1, voted=s1, raftlog=Memoized:s1@group-6912872F20E7-SegmentedRaftLog:OPENED:c0, conf=0: peers:[s3|rpc:localhost:39579|admin:localhost:42243|client:localhost:33409|dataStream:localhost:46293|priority:0|startupRole:FOLLOWER, s4|rpc:localhost:45747|admin:localhost:35149|client:localhost:44435|dataStream:localhost:42993|priority:0|startupRole:FOLLOWER, s0|rpc:localhost:36179|admin:localhost:46501|client:localhost:36175|dataStream:localhost:33505|priority:0|startupRole:FOLLOWER, s1|rpc:localhost:36635|admin:localhost:41981|client:localhost:39775|dataStream:localhost:41297|priority:0|startupRole:FOLLOWER, s2|rpc:localhost:36969|admin:localhost:37929|client:localhost:40489|dataStream:localhost:38077|priority:0|startupRole:FOLLOWER]|listeners:[], old=null
2022-10-24 03:16:30,581 [grpc-default-executor-34] INFO  server.RaftServer$Division (RaftServerImpl.java:requestVote(1291)) - s4@group-6912872F20E7: receive requestVote(PRE_VOTE, s3, group-6912872F20E7, 2, (t:1, i:0))
2022-10-24 03:16:30,581 [grpc-default-executor-34] INFO  impl.VoteContext (VoteContext.java:log(49)) - s4@group-6912872F20E7-FOLLOWER: reject PRE_VOTE from s3: this server is a follower and still has a valid leader s1
2022-10-24 03:16:30,581 [grpc-default-executor-34] INFO  server.RaftServer$Division (RaftServerImpl.java:requestVote(1324)) - s4@group-6912872F20E7 replies to PRE_VOTE vote request: s3<-s4#0:FAIL-t2. Peer's state: s4@group-6912872F20E7:t2, leader=s1, voted=s1, raftlog=Memoized:s4@group-6912872F20E7-SegmentedRaftLog:OPENED:c0, conf=0: peers:[s3|rpc:localhost:39579|admin:localhost:42243|client:localhost:33409|dataStream:localhost:46293|priority:0|startupRole:FOLLOWER, s4|rpc:localhost:45747|admin:localhost:35149|client:localhost:44435|dataStream:localhost:42993|priority:0|startupRole:FOLLOWER, s0|rpc:localhost:36179|admin:localhost:46501|client:localhost:36175|dataStream:localhost:33505|priority:0|startupRole:FOLLOWER, s1|rpc:localhost:36635|admin:localhost:41981|client:localhost:39775|dataStream:localhost:41297|priority:0|startupRole:FOLLOWER, s2|rpc:localhost:36969|admin:localhost:37929|client:localhost:40489|dataStream:localhost:38077|priority:0|startupRole:FOLLOWER]|listeners:[], old=null
2022-10-24 03:16:30,582 [s3@group-6912872F20E7-LeaderElection47] INFO  impl.LeaderElection (LeaderElection.java:logAndReturn(89)) - s3@group-6912872F20E7-LeaderElection47: PRE_VOTE REJECTED received 3 response(s) and 0 exception(s):
2022-10-24 03:16:30,582 [s3@group-6912872F20E7-LeaderElection47] INFO  impl.LeaderElection (LeaderElection.java:logAndReturn(93)) -   Response 0: s3<-s4#0:FAIL-t2
2022-10-24 03:16:30,582 [s3@group-6912872F20E7-LeaderElection47] INFO  impl.LeaderElection (LeaderElection.java:logAndReturn(93)) -   Response 1: s3<-s0#0:FAIL-t2
2022-10-24 03:16:30,582 [s3@group-6912872F20E7-LeaderElection47] INFO  impl.LeaderElection (LeaderElection.java:logAndReturn(93)) -   Response 2: s3<-s1#0:FAIL-t2
2022-10-24 03:16:30,582 [s3@group-6912872F20E7-LeaderElection47] INFO  impl.LeaderElection (LeaderElection.java:askForVotes(311)) - s3@group-6912872F20E7-LeaderElection47 PRE_VOTE round 0: result REJECTED
2022-10-24 03:16:30,582 [s3@group-6912872F20E7-LeaderElection47] INFO  server.RaftServer$Division (RaftServerImpl.java:setRole(325)) - s3@group-6912872F20E7: changes role from CANDIDATE to FOLLOWER at term 2 for REJECTED
2022-10-24 03:16:30,582 [s3@group-6912872F20E7-LeaderElection47] INFO  impl.RoleInfo (RoleInfo.java:shutdownLeaderElection(130)) - s3: shutdown s3@group-6912872F20E7-LeaderElection47
2022-10-24 03:16:30,582 [s3@group-6912872F20E7-LeaderElection47] INFO  impl.RoleInfo (RoleInfo.java:updateAndGet(139)) - s3: start s3@group-6912872F20E7-FollowerState
2022-10-24 03:16:30,583 [grpc-default-executor-34] INFO  server.RaftServer$Division (RaftServerImpl.java:requestVote(1291)) - s2@group-6912872F20E7: receive requestVote(PRE_VOTE, s3, group-6912872F20E7, 2, (t:1, i:0))
2022-10-24 03:16:30,583 [grpc-default-executor-34] INFO  impl.VoteContext (VoteContext.java:log(49)) - s2@group-6912872F20E7-FOLLOWER: reject PRE_VOTE from s3: this server is a follower and still has a valid leader s1
2022-10-24 03:16:30,583 [grpc-default-executor-34] INFO  server.RaftServer$Division (RaftServerImpl.java:requestVote(1324)) - s2@group-6912872F20E7 replies to PRE_VOTE vote request: s3<-s2#0:FAIL-t2. Peer's state: s2@group-6912872F20E7:t2, leader=s1, voted=s1, raftlog=Memoized:s2@group-6912872F20E7-SegmentedRaftLog:OPENED:c0, conf=0: peers:[s3|rpc:localhost:39579|admin:localhost:42243|client:localhost:33409|dataStream:localhost:46293|priority:0|startupRole:FOLLOWER, s4|rpc:localhost:45747|admin:localhost:35149|client:localhost:44435|dataStream:localhost:42993|priority:0|startupRole:FOLLOWER, s0|rpc:localhost:36179|admin:localhost:46501|client:localhost:36175|dataStream:localhost:33505|priority:0|startupRole:FOLLOWER, s1|rpc:localhost:36635|admin:localhost:41981|client:localhost:39775|dataStream:localhost:41297|priority:0|startupRole:FOLLOWER, s2|rpc:localhost:36969|admin:localhost:37929|client:localhost:40489|dataStream:localhost:38077|priority:0|startupRole:FOLLOWER]|listeners:[], old=null
2022-10-24 03:16:30,682 [s1@group-6912872F20E7->s3-GrpcLogAppender-LogAppenderDaemon] INFO  util.CodeInjectionForTesting (DelayLocalExecutionInjection.java:execute(65)) - s1 delay 150 ms, args=[serverRequest {
  requestorId: "s1"
  replyId: "s3"
  raftGroupId {
    id: "\226\001\321s\341\rE_\235\364i\022\207/ \347"
  }
  callId: 294
  slidingWindowEntry {
  }
}
leaderTerm: 2
previousLog {
  term: 2
}
initializing: true
commitInfos {
  server {
    id: "s1"
    address: "localhost:36635"
    dataStreamAddress: "localhost:41297"
    clientAddress: "localhost:39775"
    adminAddress: "localhost:41981"
    startupRole: FOLLOWER
  }
}
commitInfos {
  server {
    id: "s3"
    address: "localhost:39579"
    dataStreamAddress: "localhost:46293"
    clientAddress: "localhost:33409"
    adminAddress: "localhost:42243"
    startupRole: FOLLOWER
  }
}
commitInfos {
  server {
    id: "s4"
    address: "localhost:45747"
    dataStreamAddress: "localhost:42993"
    clientAddress: "localhost:44435"
    adminAddress: "localhost:35149"
    startupRole: FOLLOWER
  }
}
commitInfos {
  server {
    id: "s0"
    address: "localhost:36179"
    dataStreamAddress: "localhost:33505"
    clientAddress: "localhost:36175"
    adminAddress: "localhost:46501"
    startupRole: FOLLOWER
  }
}
commitInfos {
  server {
    id: "s2"
    address: "localhost:36969"
    dataStreamAddress: "localhost:38077"
    clientAddress: "localhost:40489"
    adminAddress: "localhost:37929"
    startupRole: FOLLOWER
  }
}
]
2022-10-24 03:16:30,766 [s1@group-6912872F20E7->s0-GrpcLogAppender-LogAppenderDaemon] INFO  util.CodeInjectionForTesting (DelayLocalExecutionInjection.java:execute(65)) - s1 delay 150 ms, args=[serverRequest {
  requestorId: "s1"
  replyId: "s0"
  raftGroupId {
    id: "\226\001\321s\341\rE_\235\364i\022\207/ \347"
  }
  callId: 147
  slidingWindowEntry {
  }
}
leaderTerm: 2
previousLog {
  term: 2
}
initializing: true
commitInfos {
  server {
    id: "s1"
    address: "localhost:36635"
    dataStreamAddress: "localhost:41297"
    clientAddress: "localhost:39775"
    adminAddress: "localhost:41981"
    startupRole: FOLLOWER
  }
}
commitInfos {
  server {
    id: "s3"
    address: "localhost:39579"
    dataStreamAddress: "localhost:46293"
    clientAddress: "localhost:33409"
    adminAddress: "localhost:42243"
    startupRole: FOLLOWER
  }
}
commitInfos {
  server {
    id: "s4"
    address: "localhost:45747"
    dataStreamAddress: "localhost:42993"
    clientAddress: "localhost:44435"
    adminAddress: "localhost:35149"
    startupRole: FOLLOWER
  }
}
commitInfos {
  server {
    id: "s0"
    address: "localhost:36179"
    dataStreamAddress: "localhost:33505"
    clientAddress: "localhost:36175"
    adminAddress: "localhost:46501"
    startupRole: FOLLOWER
  }
}
commitInfos {
  server {
    id: "s2"
    address: "localhost:36969"
    dataStreamAddress: "localhost:38077"
    clientAddress: "localhost:40489"
    adminAddress: "localhost:37929"
    startupRole: FOLLOWER
  }
}
]
2022-10-24 03:16:30,766 [s1@group-6912872F20E7->s2-GrpcLogAppender-LogAppenderDaemon] INFO  util.CodeInjectionForTesting (DelayLocalExecutionInjection.java:execute(65)) - s1 delay 150 ms, args=[serverRequest {
  requestorId: "s1"
  replyId: "s2"
  raftGroupId {
    id: "\226\001\321s\341\rE_\235\364i\022\207/ \347"
  }
  callId: 146
  slidingWindowEntry {
  }
}
leaderTerm: 2
previousLog {
  term: 2
}
initializing: true
commitInfos {
  server {
    id: "s1"
    address: "localhost:36635"
    dataStreamAddress: "localhost:41297"
    clientAddress: "localhost:39775"
    adminAddress: "localhost:41981"
    startupRole: FOLLOWER
  }
}
commitInfos {
  server {
    id: "s3"
    address: "localhost:39579"
    dataStreamAddress: "localhost:46293"
    clientAddress: "localhost:33409"
    adminAddress: "localhost:42243"
    startupRole: FOLLOWER
  }
}
commitInfos {
  server {
    id: "s4"
    address: "localhost:45747"
    dataStreamAddress: "localhost:42993"
    clientAddress: "localhost:44435"
    adminAddress: "localhost:35149"
    startupRole: FOLLOWER
  }
}
commitInfos {
  server {
    id: "s0"
    address: "localhost:36179"
    dataStreamAddress: "localhost:33505"
    clientAddress: "localhost:36175"
    adminAddress: "localhost:46501"
    startupRole: FOLLOWER
  }
}
commitInfos {
  server {
    id: "s2"
    address: "localhost:36969"
    dataStreamAddress: "localhost:38077"
    clientAddress: "localhost:40489"
    adminAddress: "localhost:37929"
    startupRole: FOLLOWER
  }
}
]
2022-10-24 03:16:30,794 [s1@group-6912872F20E7->s4-GrpcLogAppender-LogAppenderDaemon] INFO  util.CodeInjectionForTesting (DelayLocalExecutionInjection.java:execute(65)) - s1 delay 150 ms, args=[serverRequest {
  requestorId: "s1"
  replyId: "s4"
  raftGroupId {
    id: "\226\001\321s\341\rE_\235\364i\022\207/ \347"
  }
  callId: 146
  slidingWindowEntry {
  }
}
leaderTerm: 2
previousLog {
  term: 2
}
initializing: true
commitInfos {
  server {
    id: "s1"
    address: "localhost:36635"
    dataStreamAddress: "localhost:41297"
    clientAddress: "localhost:39775"
    adminAddress: "localhost:41981"
    startupRole: FOLLOWER
  }
}
commitInfos {
  server {
    id: "s3"
    address: "localhost:39579"
    dataStreamAddress: "localhost:46293"
    clientAddress: "localhost:33409"
    adminAddress: "localhost:42243"
    startupRole: FOLLOWER
  }
}
commitInfos {
  server {
    id: "s4"
    address: "localhost:45747"
    dataStreamAddress: "localhost:42993"
    clientAddress: "localhost:44435"
    adminAddress: "localhost:35149"
    startupRole: FOLLOWER
  }
}
commitInfos {
  server {
    id: "s0"
    address: "localhost:36179"
    dataStreamAddress: "localhost:33505"
    clientAddress: "localhost:36175"
    adminAddress: "localhost:46501"
    startupRole: FOLLOWER
  }
}
commitInfos {
  server {
    id: "s2"
    address: "localhost:36969"
    dataStreamAddress: "localhost:38077"
    clientAddress: "localhost:40489"
    adminAddress: "localhost:37929"
    startupRole: FOLLOWER
  }
}
]
2022-10-24 03:16:30,870 [s1@group-6912872F20E7->s3-GrpcLogAppender-LogAppenderDaemon] INFO  util.CodeInjectionForTesting (DelayLocalExecutionInjection.java:execute(65)) - s1 delay 150 ms, args=[serverRequest {
  requestorId: "s1"
  replyId: "s3"
  raftGroupId {
    id: "\226\001\321s\341\rE_\235\364i\022\207/ \347"
  }
  callId: 295
  slidingWindowEntry {
  }
}
leaderTerm: 2
previousLog {
  term: 2
}
initializing: true
commitInfos {
  server {
    id: "s1"
    address: "localhost:36635"
    dataStreamAddress: "localhost:41297"
    clientAddress: "localhost:39775"
    adminAddress: "localhost:41981"
    startupRole: FOLLOWER
  }
}
commitInfos {
  server {
    id: "s3"
    address: "localhost:39579"
    dataStreamAddress: "localhost:46293"
    clientAddress: "localhost:33409"
    adminAddress: "localhost:42243"
    startupRole: FOLLOWER
  }
}
commitInfos {
  server {
    id: "s4"
    address: "localhost:45747"
    dataStreamAddress: "localhost:42993"
    clientAddress: "localhost:44435"
    adminAddress: "localhost:35149"
    startupRole: FOLLOWER
  }
}
commitInfos {
  server {
    id: "s0"
    address: "localhost:36179"
    dataStreamAddress: "localhost:33505"
    clientAddress: "localhost:36175"
    adminAddress: "localhost:46501"
    startupRole: FOLLOWER
  }
}
commitInfos {
  server {
    id: "s2"
    address: "localhost:36969"
    dataStreamAddress: "localhost:38077"
    clientAddress: "localhost:40489"
    adminAddress: "localhost:37929"
    startupRole: FOLLOWER
  }
}
]
2022-10-24 03:16:30,881 [s3@group-6912872F20E7-FollowerState] INFO  impl.FollowerState (FollowerState.java:run(143)) - s3@group-6912872F20E7-FollowerState: change to CANDIDATE, lastRpcElapsedTime:298564197ns, electionTimeout:297ms
2022-10-24 03:16:30,881 [s3@group-6912872F20E7-FollowerState] INFO  impl.RoleInfo (RoleInfo.java:shutdownFollowerState(110)) - s3: shutdown s3@group-6912872F20E7-FollowerState
2022-10-24 03:16:30,881 [s3@group-6912872F20E7-FollowerState] INFO  server.RaftServer$Division (RaftServerImpl.java:setRole(325)) - s3@group-6912872F20E7: changes role from  FOLLOWER to CANDIDATE at term 2 for changeToCandidate
2022-10-24 03:16:30,881 [s3@group-6912872F20E7-FollowerState] INFO  server.RaftServerConfigKeys (ConfUtils.java:logGet(46)) - raft.server.leaderelection.pre-vote = true (default)
2022-10-24 03:16:30,881 [s3@group-6912872F20E7-FollowerState] INFO  impl.RoleInfo (RoleInfo.java:updateAndGet(139)) - s3: start s3@group-6912872F20E7-LeaderElection48
2022-10-24 03:16:30,882 [s3@group-6912872F20E7-LeaderElection48] INFO  impl.LeaderElection (LeaderElection.java:askForVotes(309)) - s3@group-6912872F20E7-LeaderElection48 PRE_VOTE round 0: submit vote requests at term 2 for 0: peers:[s3|rpc:localhost:39579|admin:localhost:42243|client:localhost:33409|dataStream:localhost:46293|priority:0|startupRole:FOLLOWER, s4|rpc:localhost:45747|admin:localhost:35149|client:localhost:44435|dataStream:localhost:42993|priority:0|startupRole:FOLLOWER, s0|rpc:localhost:36179|admin:localhost:46501|client:localhost:36175|dataStream:localhost:33505|priority:0|startupRole:FOLLOWER, s1|rpc:localhost:36635|admin:localhost:41981|client:localhost:39775|dataStream:localhost:41297|priority:0|startupRole:FOLLOWER, s2|rpc:localhost:36969|admin:localhost:37929|client:localhost:40489|dataStream:localhost:38077|priority:0|startupRole:FOLLOWER]|listeners:[], old=null
2022-10-24 03:16:30,884 [grpc-default-executor-4] INFO  server.RaftServer$Division (RaftServerImpl.java:requestVote(1291)) - s4@group-6912872F20E7: receive requestVote(PRE_VOTE, s3, group-6912872F20E7, 2, (t:1, i:0))
2022-10-24 03:16:30,884 [grpc-default-executor-34] INFO  server.RaftServer$Division (RaftServerImpl.java:requestVote(1291)) - s0@group-6912872F20E7: receive requestVote(PRE_VOTE, s3, group-6912872F20E7, 2, (t:1, i:0))
2022-10-24 03:16:30,884 [grpc-default-executor-4] INFO  impl.VoteContext (VoteContext.java:log(49)) - s4@group-6912872F20E7-FOLLOWER: reject PRE_VOTE from s3: our last entry (t:2, i:0) > candidate's last entry (t:1, i:0)
2022-10-24 03:16:30,884 [grpc-default-executor-34] INFO  impl.VoteContext (VoteContext.java:log(49)) - s0@group-6912872F20E7-FOLLOWER: reject PRE_VOTE from s3: our last entry (t:2, i:0) > candidate's last entry (t:1, i:0)
2022-10-24 03:16:30,884 [grpc-default-executor-4] INFO  server.RaftServer$Division (RaftServerImpl.java:requestVote(1324)) - s4@group-6912872F20E7 replies to PRE_VOTE vote request: s3<-s4#0:FAIL-t2. Peer's state: s4@group-6912872F20E7:t2, leader=s1, voted=s1, raftlog=Memoized:s4@group-6912872F20E7-SegmentedRaftLog:OPENED:c0, conf=0: peers:[s3|rpc:localhost:39579|admin:localhost:42243|client:localhost:33409|dataStream:localhost:46293|priority:0|startupRole:FOLLOWER, s4|rpc:localhost:45747|admin:localhost:35149|client:localhost:44435|dataStream:localhost:42993|priority:0|startupRole:FOLLOWER, s0|rpc:localhost:36179|admin:localhost:46501|client:localhost:36175|dataStream:localhost:33505|priority:0|startupRole:FOLLOWER, s1|rpc:localhost:36635|admin:localhost:41981|client:localhost:39775|dataStream:localhost:41297|priority:0|startupRole:FOLLOWER, s2|rpc:localhost:36969|admin:localhost:37929|client:localhost:40489|dataStream:localhost:38077|priority:0|startupRole:FOLLOWER]|listeners:[], old=null
2022-10-24 03:16:30,885 [grpc-default-executor-34] INFO  server.RaftServer$Division (RaftServerImpl.java:requestVote(1324)) - s0@group-6912872F20E7 replies to PRE_VOTE vote request: s3<-s0#0:FAIL-t2. Peer's state: s0@group-6912872F20E7:t2, leader=s1, voted=s1, raftlog=Memoized:s0@group-6912872F20E7-SegmentedRaftLog:OPENED:c0, conf=0: peers:[s3|rpc:localhost:39579|admin:localhost:42243|client:localhost:33409|dataStream:localhost:46293|priority:0|startupRole:FOLLOWER, s4|rpc:localhost:45747|admin:localhost:35149|client:localhost:44435|dataStream:localhost:42993|priority:0|startupRole:FOLLOWER, s0|rpc:localhost:36179|admin:localhost:46501|client:localhost:36175|dataStream:localhost:33505|priority:0|startupRole:FOLLOWER, s1|rpc:localhost:36635|admin:localhost:41981|client:localhost:39775|dataStream:localhost:41297|priority:0|startupRole:FOLLOWER, s2|rpc:localhost:36969|admin:localhost:37929|client:localhost:40489|dataStream:localhost:38077|priority:0|startupRole:FOLLOWER]|listeners:[], old=null
2022-10-24 03:16:30,885 [grpc-default-executor-34] INFO  server.RaftServer$Division (RaftServerImpl.java:requestVote(1291)) - s1@group-6912872F20E7: receive requestVote(PRE_VOTE, s3, group-6912872F20E7, 2, (t:1, i:0))
2022-10-24 03:16:30,885 [grpc-default-executor-34] INFO  impl.VoteContext (VoteContext.java:log(49)) - s1@group-6912872F20E7-LEADER: reject PRE_VOTE from s3: this server is the leader and still has leadership
2022-10-24 03:16:30,885 [grpc-default-executor-34] INFO  server.RaftServer$Division (RaftServerImpl.java:requestVote(1324)) - s1@group-6912872F20E7 replies to PRE_VOTE vote request: s3<-s1#0:FAIL-t2. Peer's state: s1@group-6912872F20E7:t2, leader=s1, voted=s1, raftlog=Memoized:s1@group-6912872F20E7-SegmentedRaftLog:OPENED:c0, conf=0: peers:[s3|rpc:localhost:39579|admin:localhost:42243|client:localhost:33409|dataStream:localhost:46293|priority:0|startupRole:FOLLOWER, s4|rpc:localhost:45747|admin:localhost:35149|client:localhost:44435|dataStream:localhost:42993|priority:0|startupRole:FOLLOWER, s0|rpc:localhost:36179|admin:localhost:46501|client:localhost:36175|dataStream:localhost:33505|priority:0|startupRole:FOLLOWER, s1|rpc:localhost:36635|admin:localhost:41981|client:localhost:39775|dataStream:localhost:41297|priority:0|startupRole:FOLLOWER, s2|rpc:localhost:36969|admin:localhost:37929|client:localhost:40489|dataStream:localhost:38077|priority:0|startupRole:FOLLOWER]|listeners:[], old=null
2022-10-24 03:16:30,887 [s3@group-6912872F20E7-LeaderElection48] INFO  impl.LeaderElection (LeaderElection.java:logAndReturn(89)) - s3@group-6912872F20E7-LeaderElection48: PRE_VOTE REJECTED received 3 response(s) and 0 exception(s):
2022-10-24 03:16:30,887 [s3@group-6912872F20E7-LeaderElection48] INFO  impl.LeaderElection (LeaderElection.java:logAndReturn(93)) -   Response 0: s3<-s4#0:FAIL-t2
2022-10-24 03:16:30,887 [s3@group-6912872F20E7-LeaderElection48] INFO  impl.LeaderElection (LeaderElection.java:logAndReturn(93)) -   Response 1: s3<-s0#0:FAIL-t2
2022-10-24 03:16:30,887 [s3@group-6912872F20E7-LeaderElection48] INFO  impl.LeaderElection (LeaderElection.java:logAndReturn(93)) -   Response 2: s3<-s1#0:FAIL-t2
2022-10-24 03:16:30,887 [s3@group-6912872F20E7-LeaderElection48] INFO  impl.LeaderElection (LeaderElection.java:askForVotes(311)) - s3@group-6912872F20E7-LeaderElection48 PRE_VOTE round 0: result REJECTED
2022-10-24 03:16:30,887 [s3@group-6912872F20E7-LeaderElection48] INFO  server.RaftServer$Division (RaftServerImpl.java:setRole(325)) - s3@group-6912872F20E7: changes role from CANDIDATE to FOLLOWER at term 2 for REJECTED
2022-10-24 03:16:30,887 [s3@group-6912872F20E7-LeaderElection48] INFO  impl.RoleInfo (RoleInfo.java:shutdownLeaderElection(130)) - s3: shutdown s3@group-6912872F20E7-LeaderElection48
2022-10-24 03:16:30,888 [s3@group-6912872F20E7-LeaderElection48] INFO  impl.RoleInfo (RoleInfo.java:updateAndGet(139)) - s3: start s3@group-6912872F20E7-FollowerState
2022-10-24 03:16:30,889 [grpc-default-executor-4] INFO  server.RaftServer$Division (RaftServerImpl.java:requestVote(1291)) - s2@group-6912872F20E7: receive requestVote(PRE_VOTE, s3, group-6912872F20E7, 2, (t:1, i:0))
2022-10-24 03:16:30,889 [grpc-default-executor-4] INFO  impl.VoteContext (VoteContext.java:log(49)) - s2@group-6912872F20E7-FOLLOWER: reject PRE_VOTE from s3: our last entry (t:2, i:0) > candidate's last entry (t:1, i:0)
2022-10-24 03:16:30,889 [grpc-default-executor-4] INFO  server.RaftServer$Division (RaftServerImpl.java:requestVote(1324)) - s2@group-6912872F20E7 replies to PRE_VOTE vote request: s3<-s2#0:FAIL-t2. Peer's state: s2@group-6912872F20E7:t2, leader=s1, voted=s1, raftlog=Memoized:s2@group-6912872F20E7-SegmentedRaftLog:OPENED:c0, conf=0: peers:[s3|rpc:localhost:39579|admin:localhost:42243|client:localhost:33409|dataStream:localhost:46293|priority:0|startupRole:FOLLOWER, s4|rpc:localhost:45747|admin:localhost:35149|client:localhost:44435|dataStream:localhost:42993|priority:0|startupRole:FOLLOWER, s0|rpc:localhost:36179|admin:localhost:46501|client:localhost:36175|dataStream:localhost:33505|priority:0|startupRole:FOLLOWER, s1|rpc:localhost:36635|admin:localhost:41981|client:localhost:39775|dataStream:localhost:41297|priority:0|startupRole:FOLLOWER, s2|rpc:localhost:36969|admin:localhost:37929|client:localhost:40489|dataStream:localhost:38077|priority:0|startupRole:FOLLOWER]|listeners:[], old=null
2022-10-24 03:16:30,993 [s1@group-6912872F20E7->s0-GrpcLogAppender-LogAppenderDaemon] INFO  util.CodeInjectionForTesting (DelayLocalExecutionInjection.java:execute(65)) - s1 delay 150 ms, args=[serverRequest {
  requestorId: "s1"
  replyId: "s0"
  raftGroupId {
    id: "\226\001\321s\341\rE_\235\364i\022\207/ \347"
  }
  callId: 148
  slidingWindowEntry {
  }
}
leaderTerm: 2
previousLog {
  term: 2
}
initializing: true
commitInfos {
  server {
    id: "s1"
    address: "localhost:36635"
    dataStreamAddress: "localhost:41297"
    clientAddress: "localhost:39775"
    adminAddress: "localhost:41981"
    startupRole: FOLLOWER
  }
}
commitInfos {
  server {
    id: "s3"
    address: "localhost:39579"
    dataStreamAddress: "localhost:46293"
    clientAddress: "localhost:33409"
    adminAddress: "localhost:42243"
    startupRole: FOLLOWER
  }
}
commitInfos {
  server {
    id: "s4"
    address: "localhost:45747"
    dataStreamAddress: "localhost:42993"
    clientAddress: "localhost:44435"
    adminAddress: "localhost:35149"
    startupRole: FOLLOWER
  }
}
commitInfos {
  server {
    id: "s0"
    address: "localhost:36179"
    dataStreamAddress: "localhost:33505"
    clientAddress: "localhost:36175"
    adminAddress: "localhost:46501"
    startupRole: FOLLOWER
  }
}
commitInfos {
  server {
    id: "s2"
    address: "localhost:36969"
    dataStreamAddress: "localhost:38077"
    clientAddress: "localhost:40489"
    adminAddress: "localhost:37929"
    startupRole: FOLLOWER
  }
}
]
2022-10-24 03:16:30,993 [s1@group-6912872F20E7->s2-GrpcLogAppender-LogAppenderDaemon] INFO  util.CodeInjectionForTesting (DelayLocalExecutionInjection.java:execute(65)) - s1 delay 150 ms, args=[serverRequest {
  requestorId: "s1"
  replyId: "s2"
  raftGroupId {
    id: "\226\001\321s\341\rE_\235\364i\022\207/ \347"
  }
  callId: 147
  slidingWindowEntry {
  }
}
leaderTerm: 2
previousLog {
  term: 2
}
initializing: true
commitInfos {
  server {
    id: "s1"
    address: "localhost:36635"
    dataStreamAddress: "localhost:41297"
    clientAddress: "localhost:39775"
    adminAddress: "localhost:41981"
    startupRole: FOLLOWER
  }
}
commitInfos {
  server {
    id: "s3"
    address: "localhost:39579"
    dataStreamAddress: "localhost:46293"
    clientAddress: "localhost:33409"
    adminAddress: "localhost:42243"
    startupRole: FOLLOWER
  }
}
commitInfos {
  server {
    id: "s4"
    address: "localhost:45747"
    dataStreamAddress: "localhost:42993"
    clientAddress: "localhost:44435"
    adminAddress: "localhost:35149"
    startupRole: FOLLOWER
  }
}
commitInfos {
  server {
    id: "s0"
    address: "localhost:36179"
    dataStreamAddress: "localhost:33505"
    clientAddress: "localhost:36175"
    adminAddress: "localhost:46501"
    startupRole: FOLLOWER
  }
}
commitInfos {
  server {
    id: "s2"
    address: "localhost:36969"
    dataStreamAddress: "localhost:38077"
    clientAddress: "localhost:40489"
    adminAddress: "localhost:37929"
    startupRole: FOLLOWER
  }
}
]
2022-10-24 03:16:31,022 [s1@group-6912872F20E7->s4-GrpcLogAppender-LogAppenderDaemon] INFO  util.CodeInjectionForTesting (DelayLocalExecutionInjection.java:execute(65)) - s1 delay 150 ms, args=[serverRequest {
  requestorId: "s1"
  replyId: "s4"
  raftGroupId {
    id: "\226\001\321s\341\rE_\235\364i\022\207/ \347"
  }
  callId: 147
  slidingWindowEntry {
  }
}
leaderTerm: 2
previousLog {
  term: 2
}
initializing: true
commitInfos {
  server {
    id: "s1"
    address: "localhost:36635"
    dataStreamAddress: "localhost:41297"
    clientAddress: "localhost:39775"
    adminAddress: "localhost:41981"
    startupRole: FOLLOWER
  }
}
commitInfos {
  server {
    id: "s3"
    address: "localhost:39579"
    dataStreamAddress: "localhost:46293"
    clientAddress: "localhost:33409"
    adminAddress: "localhost:42243"
    startupRole: FOLLOWER
  }
}
commitInfos {
  server {
    id: "s4"
    address: "localhost:45747"
    dataStreamAddress: "localhost:42993"
    clientAddress: "localhost:44435"
    adminAddress: "localhost:35149"
    startupRole: FOLLOWER
  }
}
commitInfos {
  server {
    id: "s0"
    address: "localhost:36179"
    dataStreamAddress: "localhost:33505"
    clientAddress: "localhost:36175"
    adminAddress: "localhost:46501"
    startupRole: FOLLOWER
  }
}
commitInfos {
  server {
    id: "s2"
    address: "localhost:36969"
    dataStreamAddress: "localhost:38077"
    clientAddress: "localhost:40489"
    adminAddress: "localhost:37929"
    startupRole: FOLLOWER
  }
}
]
2022-10-24 03:16:31,058 [s1@group-6912872F20E7->s3-GrpcLogAppender-LogAppenderDaemon] INFO  util.CodeInjectionForTesting (DelayLocalExecutionInjection.java:execute(65)) - s1 delay 150 ms, args=[serverRequest {
  requestorId: "s1"
  replyId: "s3"
  raftGroupId {
    id: "\226\001\321s\341\rE_\235\364i\022\207/ \347"
  }
  callId: 296
  slidingWindowEntry {
  }
}
leaderTerm: 2
previousLog {
  term: 2
}
initializing: true
commitInfos {
  server {
    id: "s1"
    address: "localhost:36635"
    dataStreamAddress: "localhost:41297"
    clientAddress: "localhost:39775"
    adminAddress: "localhost:41981"
    startupRole: FOLLOWER
  }
}
commitInfos {
  server {
    id: "s3"
    address: "localhost:39579"
    dataStreamAddress: "localhost:46293"
    clientAddress: "localhost:33409"
    adminAddress: "localhost:42243"
    startupRole: FOLLOWER
  }
}
commitInfos {
  server {
    id: "s4"
    address: "localhost:45747"
    dataStreamAddress: "localhost:42993"
    clientAddress: "localhost:44435"
    adminAddress: "localhost:35149"
    startupRole: FOLLOWER
  }
}
commitInfos {
  server {
    id: "s0"
    address: "localhost:36179"
    dataStreamAddress: "localhost:33505"
    clientAddress: "localhost:36175"
    adminAddress: "localhost:46501"
    startupRole: FOLLOWER
  }
}
commitInfos {
  server {
    id: "s2"
    address: "localhost:36969"
    dataStreamAddress: "localhost:38077"
    clientAddress: "localhost:40489"
    adminAddress: "localhost:37929"
    startupRole: FOLLOWER
  }
}
]
2022-10-24 03:16:31,101 [s3@group-6912872F20E7-FollowerState] INFO  impl.FollowerState (FollowerState.java:run(143)) - s3@group-6912872F20E7-FollowerState: change to CANDIDATE, lastRpcElapsedTime:213612573ns, electionTimeout:208ms
2022-10-24 03:16:31,101 [s3@group-6912872F20E7-FollowerState] INFO  impl.RoleInfo (RoleInfo.java:shutdownFollowerState(110)) - s3: shutdown s3@group-6912872F20E7-FollowerState
2022-10-24 03:16:31,101 [s3@group-6912872F20E7-FollowerState] INFO  server.RaftServer$Division (RaftServerImpl.java:setRole(325)) - s3@group-6912872F20E7: changes role from  FOLLOWER to CANDIDATE at term 2 for changeToCandidate
2022-10-24 03:16:31,101 [s3@group-6912872F20E7-FollowerState] INFO  server.RaftServerConfigKeys (ConfUtils.java:logGet(46)) - raft.server.leaderelection.pre-vote = true (default)
2022-10-24 03:16:31,102 [s3@group-6912872F20E7-FollowerState] INFO  impl.RoleInfo (RoleInfo.java:updateAndGet(139)) - s3: start s3@group-6912872F20E7-LeaderElection49
2022-10-24 03:16:31,102 [s3@group-6912872F20E7-LeaderElection49] INFO  impl.LeaderElection (LeaderElection.java:askForVotes(309)) - s3@group-6912872F20E7-LeaderElection49 PRE_VOTE round 0: submit vote requests at term 2 for 0: peers:[s3|rpc:localhost:39579|admin:localhost:42243|client:localhost:33409|dataStream:localhost:46293|priority:0|startupRole:FOLLOWER, s4|rpc:localhost:45747|admin:localhost:35149|client:localhost:44435|dataStream:localhost:42993|priority:0|startupRole:FOLLOWER, s0|rpc:localhost:36179|admin:localhost:46501|client:localhost:36175|dataStream:localhost:33505|priority:0|startupRole:FOLLOWER, s1|rpc:localhost:36635|admin:localhost:41981|client:localhost:39775|dataStream:localhost:41297|priority:0|startupRole:FOLLOWER, s2|rpc:localhost:36969|admin:localhost:37929|client:localhost:40489|dataStream:localhost:38077|priority:0|startupRole:FOLLOWER]|listeners:[], old=null
2022-10-24 03:16:31,104 [grpc-default-executor-34] INFO  server.RaftServer$Division (RaftServerImpl.java:requestVote(1291)) - s4@group-6912872F20E7: receive requestVote(PRE_VOTE, s3, group-6912872F20E7, 2, (t:1, i:0))
2022-10-24 03:16:31,104 [grpc-default-executor-34] INFO  impl.VoteContext (VoteContext.java:log(49)) - s4@group-6912872F20E7-FOLLOWER: reject PRE_VOTE from s3: our last entry (t:2, i:0) > candidate's last entry (t:1, i:0)
2022-10-24 03:16:31,104 [grpc-default-executor-34] INFO  server.RaftServer$Division (RaftServerImpl.java:requestVote(1324)) - s4@group-6912872F20E7 replies to PRE_VOTE vote request: s3<-s4#0:FAIL-t2. Peer's state: s4@group-6912872F20E7:t2, leader=s1, voted=s1, raftlog=Memoized:s4@group-6912872F20E7-SegmentedRaftLog:OPENED:c0, conf=0: peers:[s3|rpc:localhost:39579|admin:localhost:42243|client:localhost:33409|dataStream:localhost:46293|priority:0|startupRole:FOLLOWER, s4|rpc:localhost:45747|admin:localhost:35149|client:localhost:44435|dataStream:localhost:42993|priority:0|startupRole:FOLLOWER, s0|rpc:localhost:36179|admin:localhost:46501|client:localhost:36175|dataStream:localhost:33505|priority:0|startupRole:FOLLOWER, s1|rpc:localhost:36635|admin:localhost:41981|client:localhost:39775|dataStream:localhost:41297|priority:0|startupRole:FOLLOWER, s2|rpc:localhost:36969|admin:localhost:37929|client:localhost:40489|dataStream:localhost:38077|priority:0|startupRole:FOLLOWER]|listeners:[], old=null
2022-10-24 03:16:31,105 [grpc-default-executor-34] INFO  server.RaftServer$Division (RaftServerImpl.java:requestVote(1291)) - s0@group-6912872F20E7: receive requestVote(PRE_VOTE, s3, group-6912872F20E7, 2, (t:1, i:0))
2022-10-24 03:16:31,105 [grpc-default-executor-34] INFO  impl.VoteContext (VoteContext.java:log(49)) - s0@group-6912872F20E7-FOLLOWER: reject PRE_VOTE from s3: our last entry (t:2, i:0) > candidate's last entry (t:1, i:0)
2022-10-24 03:16:31,105 [grpc-default-executor-34] INFO  server.RaftServer$Division (RaftServerImpl.java:requestVote(1324)) - s0@group-6912872F20E7 replies to PRE_VOTE vote request: s3<-s0#0:FAIL-t2. Peer's state: s0@group-6912872F20E7:t2, leader=s1, voted=s1, raftlog=Memoized:s0@group-6912872F20E7-SegmentedRaftLog:OPENED:c0, conf=0: peers:[s3|rpc:localhost:39579|admin:localhost:42243|client:localhost:33409|dataStream:localhost:46293|priority:0|startupRole:FOLLOWER, s4|rpc:localhost:45747|admin:localhost:35149|client:localhost:44435|dataStream:localhost:42993|priority:0|startupRole:FOLLOWER, s0|rpc:localhost:36179|admin:localhost:46501|client:localhost:36175|dataStream:localhost:33505|priority:0|startupRole:FOLLOWER, s1|rpc:localhost:36635|admin:localhost:41981|client:localhost:39775|dataStream:localhost:41297|priority:0|startupRole:FOLLOWER, s2|rpc:localhost:36969|admin:localhost:37929|client:localhost:40489|dataStream:localhost:38077|priority:0|startupRole:FOLLOWER]|listeners:[], old=null
2022-10-24 03:16:31,106 [grpc-default-executor-15] INFO  server.RaftServer$Division (RaftServerImpl.java:requestVote(1291)) - s1@group-6912872F20E7: receive requestVote(PRE_VOTE, s3, group-6912872F20E7, 2, (t:1, i:0))
2022-10-24 03:16:31,106 [grpc-default-executor-15] INFO  impl.VoteContext (VoteContext.java:log(49)) - s1@group-6912872F20E7-LEADER: reject PRE_VOTE from s3: this server is the leader and still has leadership
2022-10-24 03:16:31,106 [grpc-default-executor-15] INFO  server.RaftServer$Division (RaftServerImpl.java:requestVote(1324)) - s1@group-6912872F20E7 replies to PRE_VOTE vote request: s3<-s1#0:FAIL-t2. Peer's state: s1@group-6912872F20E7:t2, leader=s1, voted=s1, raftlog=Memoized:s1@group-6912872F20E7-SegmentedRaftLog:OPENED:c0, conf=0: peers:[s3|rpc:localhost:39579|admin:localhost:42243|client:localhost:33409|dataStream:localhost:46293|priority:0|startupRole:FOLLOWER, s4|rpc:localhost:45747|admin:localhost:35149|client:localhost:44435|dataStream:localhost:42993|priority:0|startupRole:FOLLOWER, s0|rpc:localhost:36179|admin:localhost:46501|client:localhost:36175|dataStream:localhost:33505|priority:0|startupRole:FOLLOWER, s1|rpc:localhost:36635|admin:localhost:41981|client:localhost:39775|dataStream:localhost:41297|priority:0|startupRole:FOLLOWER, s2|rpc:localhost:36969|admin:localhost:37929|client:localhost:40489|dataStream:localhost:38077|priority:0|startupRole:FOLLOWER]|listeners:[], old=null
2022-10-24 03:16:31,106 [grpc-default-executor-34] INFO  server.RaftServer$Division (RaftServerImpl.java:requestVote(1291)) - s2@group-6912872F20E7: receive requestVote(PRE_VOTE, s3, group-6912872F20E7, 2, (t:1, i:0))
2022-10-24 03:16:31,106 [grpc-default-executor-34] INFO  impl.VoteContext (VoteContext.java:log(49)) - s2@group-6912872F20E7-FOLLOWER: reject PRE_VOTE from s3: our last entry (t:2, i:0) > candidate's last entry (t:1, i:0)
2022-10-24 03:16:31,106 [grpc-default-executor-34] INFO  server.RaftServer$Division (RaftServerImpl.java:requestVote(1324)) - s2@group-6912872F20E7 replies to PRE_VOTE vote request: s3<-s2#0:FAIL-t2. Peer's state: s2@group-6912872F20E7:t2, leader=s1, voted=s1, raftlog=Memoized:s2@group-6912872F20E7-SegmentedRaftLog:OPENED:c0, conf=0: peers:[s3|rpc:localhost:39579|admin:localhost:42243|client:localhost:33409|dataStream:localhost:46293|priority:0|startupRole:FOLLOWER, s4|rpc:localhost:45747|admin:localhost:35149|client:localhost:44435|dataStream:localhost:42993|priority:0|startupRole:FOLLOWER, s0|rpc:localhost:36179|admin:localhost:46501|client:localhost:36175|dataStream:localhost:33505|priority:0|startupRole:FOLLOWER, s1|rpc:localhost:36635|admin:localhost:41981|client:localhost:39775|dataStream:localhost:41297|priority:0|startupRole:FOLLOWER, s2|rpc:localhost:36969|admin:localhost:37929|client:localhost:40489|dataStream:localhost:38077|priority:0|startupRole:FOLLOWER]|listeners:[], old=null
2022-10-24 03:16:31,107 [s3@group-6912872F20E7-LeaderElection49] INFO  impl.LeaderElection (LeaderElection.java:logAndReturn(89)) - s3@group-6912872F20E7-LeaderElection49: PRE_VOTE REJECTED received 3 response(s) and 0 exception(s):
2022-10-24 03:16:31,107 [s3@group-6912872F20E7-LeaderElection49] INFO  impl.LeaderElection (LeaderElection.java:logAndReturn(93)) -   Response 0: s3<-s4#0:FAIL-t2
2022-10-24 03:16:31,107 [s3@group-6912872F20E7-LeaderElection49] INFO  impl.LeaderElection (LeaderElection.java:logAndReturn(93)) -   Response 1: s3<-s0#0:FAIL-t2
2022-10-24 03:16:31,107 [s3@group-6912872F20E7-LeaderElection49] INFO  impl.LeaderElection (LeaderElection.java:logAndReturn(93)) -   Response 2: s3<-s1#0:FAIL-t2
2022-10-24 03:16:31,107 [s3@group-6912872F20E7-LeaderElection49] INFO  impl.LeaderElection (LeaderElection.java:askForVotes(311)) - s3@group-6912872F20E7-LeaderElection49 PRE_VOTE round 0: result REJECTED
2022-10-24 03:16:31,107 [s3@group-6912872F20E7-LeaderElection49] INFO  server.RaftServer$Division (RaftServerImpl.java:setRole(325)) - s3@group-6912872F20E7: changes role from CANDIDATE to FOLLOWER at term 2 for REJECTED
2022-10-24 03:16:31,107 [s3@group-6912872F20E7-LeaderElection49] INFO  impl.RoleInfo (RoleInfo.java:shutdownLeaderElection(130)) - s3: shutdown s3@group-6912872F20E7-LeaderElection49
2022-10-24 03:16:31,107 [s3@group-6912872F20E7-LeaderElection49] INFO  impl.RoleInfo (RoleInfo.java:updateAndGet(139)) - s3: start s3@group-6912872F20E7-FollowerState
2022-10-24 03:16:31,201 [Time-limited test] INFO  server.RaftServerConfigKeys (ConfUtils.java:logGet(46)) - raft.server.rpc.timeout.max = 300ms (default)
2022-10-24 03:16:31,287 [s3@group-6912872F20E7-FollowerState] INFO  impl.FollowerState (FollowerState.java:run(143)) - s3@group-6912872F20E7-FollowerState: change to CANDIDATE, lastRpcElapsedTime:179564142ns, electionTimeout:179ms
2022-10-24 03:16:31,287 [s3@group-6912872F20E7-FollowerState] INFO  impl.RoleInfo (RoleInfo.java:shutdownFollowerState(110)) - s3: shutdown s3@group-6912872F20E7-FollowerState
2022-10-24 03:16:31,287 [s3@group-6912872F20E7-FollowerState] INFO  server.RaftServer$Division (RaftServerImpl.java:setRole(325)) - s3@group-6912872F20E7: changes role from  FOLLOWER to CANDIDATE at term 2 for changeToCandidate
2022-10-24 03:16:31,287 [s3@group-6912872F20E7-FollowerState] INFO  server.RaftServerConfigKeys (ConfUtils.java:logGet(46)) - raft.server.leaderelection.pre-vote = true (default)
2022-10-24 03:16:31,287 [s3@group-6912872F20E7-FollowerState] INFO  impl.RoleInfo (RoleInfo.java:updateAndGet(139)) - s3: start s3@group-6912872F20E7-LeaderElection50
2022-10-24 03:16:31,288 [s3@group-6912872F20E7-LeaderElection50] INFO  impl.LeaderElection (LeaderElection.java:askForVotes(309)) - s3@group-6912872F20E7-LeaderElection50 PRE_VOTE round 0: submit vote requests at term 2 for 0: peers:[s3|rpc:localhost:39579|admin:localhost:42243|client:localhost:33409|dataStream:localhost:46293|priority:0|startupRole:FOLLOWER, s4|rpc:localhost:45747|admin:localhost:35149|client:localhost:44435|dataStream:localhost:42993|priority:0|startupRole:FOLLOWER, s0|rpc:localhost:36179|admin:localhost:46501|client:localhost:36175|dataStream:localhost:33505|priority:0|startupRole:FOLLOWER, s1|rpc:localhost:36635|admin:localhost:41981|client:localhost:39775|dataStream:localhost:41297|priority:0|startupRole:FOLLOWER, s2|rpc:localhost:36969|admin:localhost:37929|client:localhost:40489|dataStream:localhost:38077|priority:0|startupRole:FOLLOWER]|listeners:[], old=null
2022-10-24 03:16:31,290 [grpc-default-executor-34] INFO  server.RaftServer$Division (RaftServerImpl.java:requestVote(1291)) - s4@group-6912872F20E7: receive requestVote(PRE_VOTE, s3, group-6912872F20E7, 2, (t:1, i:0))
2022-10-24 03:16:31,290 [grpc-default-executor-34] INFO  impl.VoteContext (VoteContext.java:log(49)) - s4@group-6912872F20E7-FOLLOWER: reject PRE_VOTE from s3: this server is a follower and still has a valid leader s1
2022-10-24 03:16:31,290 [grpc-default-executor-34] INFO  server.RaftServer$Division (RaftServerImpl.java:requestVote(1324)) - s4@group-6912872F20E7 replies to PRE_VOTE vote request: s3<-s4#0:FAIL-t2. Peer's state: s4@group-6912872F20E7:t2, leader=s1, voted=s1, raftlog=Memoized:s4@group-6912872F20E7-SegmentedRaftLog:OPENED:c0, conf=0: peers:[s3|rpc:localhost:39579|admin:localhost:42243|client:localhost:33409|dataStream:localhost:46293|priority:0|startupRole:FOLLOWER, s4|rpc:localhost:45747|admin:localhost:35149|client:localhost:44435|dataStream:localhost:42993|priority:0|startupRole:FOLLOWER, s0|rpc:localhost:36179|admin:localhost:46501|client:localhost:36175|dataStream:localhost:33505|priority:0|startupRole:FOLLOWER, s1|rpc:localhost:36635|admin:localhost:41981|client:localhost:39775|dataStream:localhost:41297|priority:0|startupRole:FOLLOWER, s2|rpc:localhost:36969|admin:localhost:37929|client:localhost:40489|dataStream:localhost:38077|priority:0|startupRole:FOLLOWER]|listeners:[], old=null
2022-10-24 03:16:31,291 [grpc-default-executor-4] INFO  server.RaftServer$Division (RaftServerImpl.java:requestVote(1291)) - s1@group-6912872F20E7: receive requestVote(PRE_VOTE, s3, group-6912872F20E7, 2, (t:1, i:0))
2022-10-24 03:16:31,291 [grpc-default-executor-4] INFO  impl.VoteContext (VoteContext.java:log(49)) - s1@group-6912872F20E7-LEADER: reject PRE_VOTE from s3: this server is the leader and still has leadership
2022-10-24 03:16:31,291 [grpc-default-executor-4] INFO  server.RaftServer$Division (RaftServerImpl.java:requestVote(1324)) - s1@group-6912872F20E7 replies to PRE_VOTE vote request: s3<-s1#0:FAIL-t2. Peer's state: s1@group-6912872F20E7:t2, leader=s1, voted=s1, raftlog=Memoized:s1@group-6912872F20E7-SegmentedRaftLog:OPENED:c0, conf=0: peers:[s3|rpc:localhost:39579|admin:localhost:42243|client:localhost:33409|dataStream:localhost:46293|priority:0|startupRole:FOLLOWER, s4|rpc:localhost:45747|admin:localhost:35149|client:localhost:44435|dataStream:localhost:42993|priority:0|startupRole:FOLLOWER, s0|rpc:localhost:36179|admin:localhost:46501|client:localhost:36175|dataStream:localhost:33505|priority:0|startupRole:FOLLOWER, s1|rpc:localhost:36635|admin:localhost:41981|client:localhost:39775|dataStream:localhost:41297|priority:0|startupRole:FOLLOWER, s2|rpc:localhost:36969|admin:localhost:37929|client:localhost:40489|dataStream:localhost:38077|priority:0|startupRole:FOLLOWER]|listeners:[], old=null
2022-10-24 03:16:31,295 [grpc-default-executor-15] INFO  server.RaftServer$Division (RaftServerImpl.java:requestVote(1291)) - s0@group-6912872F20E7: receive requestVote(PRE_VOTE, s3, group-6912872F20E7, 2, (t:1, i:0))
2022-10-24 03:16:31,295 [grpc-default-executor-15] INFO  impl.VoteContext (VoteContext.java:log(49)) - s0@group-6912872F20E7-FOLLOWER: reject PRE_VOTE from s3: this server is a follower and still has a valid leader s1
2022-10-24 03:16:31,295 [grpc-default-executor-15] INFO  server.RaftServer$Division (RaftServerImpl.java:requestVote(1324)) - s0@group-6912872F20E7 replies to PRE_VOTE vote request: s3<-s0#0:FAIL-t2. Peer's state: s0@group-6912872F20E7:t2, leader=s1, voted=s1, raftlog=Memoized:s0@group-6912872F20E7-SegmentedRaftLog:OPENED:c0, conf=0: peers:[s3|rpc:localhost:39579|admin:localhost:42243|client:localhost:33409|dataStream:localhost:46293|priority:0|startupRole:FOLLOWER, s4|rpc:localhost:45747|admin:localhost:35149|client:localhost:44435|dataStream:localhost:42993|priority:0|startupRole:FOLLOWER, s0|rpc:localhost:36179|admin:localhost:46501|client:localhost:36175|dataStream:localhost:33505|priority:0|startupRole:FOLLOWER, s1|rpc:localhost:36635|admin:localhost:41981|client:localhost:39775|dataStream:localhost:41297|priority:0|startupRole:FOLLOWER, s2|rpc:localhost:36969|admin:localhost:37929|client:localhost:40489|dataStream:localhost:38077|priority:0|startupRole:FOLLOWER]|listeners:[], old=null
2022-10-24 03:16:31,296 [grpc-default-executor-4] INFO  server.RaftServer$Division (RaftServerImpl.java:requestVote(1291)) - s2@group-6912872F20E7: receive requestVote(PRE_VOTE, s3, group-6912872F20E7, 2, (t:1, i:0))
2022-10-24 03:16:31,296 [grpc-default-executor-4] INFO  impl.VoteContext (VoteContext.java:log(49)) - s2@group-6912872F20E7-FOLLOWER: reject PRE_VOTE from s3: this server is a follower and still has a valid leader s1
2022-10-24 03:16:31,296 [grpc-default-executor-4] INFO  server.RaftServer$Division (RaftServerImpl.java:requestVote(1324)) - s2@group-6912872F20E7 replies to PRE_VOTE vote request: s3<-s2#0:FAIL-t2. Peer's state: s2@group-6912872F20E7:t2, leader=s1, voted=s1, raftlog=Memoized:s2@group-6912872F20E7-SegmentedRaftLog:OPENED:c0, conf=0: peers:[s3|rpc:localhost:39579|admin:localhost:42243|client:localhost:33409|dataStream:localhost:46293|priority:0|startupRole:FOLLOWER, s4|rpc:localhost:45747|admin:localhost:35149|client:localhost:44435|dataStream:localhost:42993|priority:0|startupRole:FOLLOWER, s0|rpc:localhost:36179|admin:localhost:46501|client:localhost:36175|dataStream:localhost:33505|priority:0|startupRole:FOLLOWER, s1|rpc:localhost:36635|admin:localhost:41981|client:localhost:39775|dataStream:localhost:41297|priority:0|startupRole:FOLLOWER, s2|rpc:localhost:36969|admin:localhost:37929|client:localhost:40489|dataStream:localhost:38077|priority:0|startupRole:FOLLOWER]|listeners:[], old=null
2022-10-24 03:16:31,298 [s3@group-6912872F20E7-LeaderElection50] INFO  impl.LeaderElection (LeaderElection.java:logAndReturn(89)) - s3@group-6912872F20E7-LeaderElection50: PRE_VOTE REJECTED received 3 response(s) and 0 exception(s):
2022-10-24 03:16:31,298 [s3@group-6912872F20E7-LeaderElection50] INFO  impl.LeaderElection (LeaderElection.java:logAndReturn(93)) -   Response 0: s3<-s4#0:FAIL-t2
2022-10-24 03:16:31,298 [s3@group-6912872F20E7-LeaderElection50] INFO  impl.LeaderElection (LeaderElection.java:logAndReturn(93)) -   Response 1: s3<-s0#0:FAIL-t2
2022-10-24 03:16:31,298 [s3@group-6912872F20E7-LeaderElection50] INFO  impl.LeaderElection (LeaderElection.java:logAndReturn(93)) -   Response 2: s3<-s1#0:FAIL-t2
2022-10-24 03:16:31,298 [s3@group-6912872F20E7-LeaderElection50] INFO  impl.LeaderElection (LeaderElection.java:askForVotes(311)) - s3@group-6912872F20E7-LeaderElection50 PRE_VOTE round 0: result REJECTED
2022-10-24 03:16:31,298 [s3@group-6912872F20E7-LeaderElection50] INFO  server.RaftServer$Division (RaftServerImpl.java:setRole(325)) - s3@group-6912872F20E7: changes role from CANDIDATE to FOLLOWER at term 2 for REJECTED
2022-10-24 03:16:31,298 [s3@group-6912872F20E7-LeaderElection50] INFO  impl.RoleInfo (RoleInfo.java:shutdownLeaderElection(130)) - s3: shutdown s3@group-6912872F20E7-LeaderElection50
2022-10-24 03:16:31,298 [s3@group-6912872F20E7-LeaderElection50] INFO  impl.RoleInfo (RoleInfo.java:updateAndGet(139)) - s3: start s3@group-6912872F20E7-FollowerState
2022-10-24 03:16:31,357 [s3-server-thread1] INFO  util.CodeInjectionForTesting (BlockRequestHandlingInjection.java:execute(84)) - s3: unBlock request from s1
2022-10-24 03:16:31,357 [s3-server-thread1] INFO  server.RaftServer$Division (ServerState.java:setLeader(259)) - s3@group-6912872F20E7: change Leader from null to s1 at term 2 for appendEntries, leader elected after 780ms
2022-10-24 03:16:31,357 [s3-server-thread1] INFO  server.RaftServer$Division (RaftServerImpl.java:checkInconsistentAppendEntries(1599)) - s3@group-6912872F20E7: Failed appendEntries as previous log entry ((t:2, i:0)) is not found
2022-10-24 03:16:31,358 [s3-server-thread1] INFO  server.RaftServer$Division (RaftServerImpl.java:checkInconsistentAppendEntries(1569)) - s3@group-6912872F20E7: inconsistency entries. Reply:s1<-s3#292:FAIL-t2,INCONSISTENCY,nextIndex=0,followerCommit=0,matchIndex=-1
2022-10-24 03:16:31,358 [grpc-default-executor-4] INFO  leader.FollowerInfo (FollowerInfoImpl.java:lambda$new$0(48)) - s1@group-6912872F20E7->s3: nextIndex: updateUnconditionally 1 -> 0
2022-10-24 03:16:31,358 [s3-server-thread1] INFO  server.RaftServer$Division (RaftServerImpl.java:checkInconsistentAppendEntries(1599)) - s3@group-6912872F20E7: Failed appendEntries as previous log entry ((t:2, i:0)) is not found
2022-10-24 03:16:31,359 [s3-server-thread1] INFO  server.RaftServer$Division (RaftServerImpl.java:checkInconsistentAppendEntries(1569)) - s3@group-6912872F20E7: inconsistency entries. Reply:s1<-s3#293:FAIL-t2,INCONSISTENCY,nextIndex=0,followerCommit=0,matchIndex=-1
2022-10-24 03:16:31,359 [s3-server-thread1] INFO  server.RaftServer$Division (RaftServerImpl.java:checkInconsistentAppendEntries(1599)) - s3@group-6912872F20E7: Failed appendEntries as previous log entry ((t:2, i:0)) is not found
2022-10-24 03:16:31,359 [s3-server-thread1] INFO  server.RaftServer$Division (RaftServerImpl.java:checkInconsistentAppendEntries(1569)) - s3@group-6912872F20E7: inconsistency entries. Reply:s1<-s3#294:FAIL-t2,INCONSISTENCY,nextIndex=0,followerCommit=0,matchIndex=-1
2022-10-24 03:16:31,359 [grpc-default-executor-8] INFO  leader.FollowerInfo (FollowerInfoImpl.java:lambda$new$0(48)) - s1@group-6912872F20E7->s3: nextIndex: updateUnconditionally 1 -> 0
2022-10-24 03:16:31,360 [s3-server-thread1] INFO  server.RaftServer$Division (RaftServerImpl.java:checkInconsistentAppendEntries(1599)) - s3@group-6912872F20E7: Failed appendEntries as previous log entry ((t:2, i:0)) is not found
2022-10-24 03:16:31,360 [s3-server-thread1] INFO  server.RaftServer$Division (RaftServerImpl.java:checkInconsistentAppendEntries(1569)) - s3@group-6912872F20E7: inconsistency entries. Reply:s1<-s3#295:FAIL-t2,INCONSISTENCY,nextIndex=0,followerCommit=0,matchIndex=-1
2022-10-24 03:16:31,360 [s3-server-thread3] DEBUG server.RaftServer$Division (RaftServerImpl.java:logAppendEntries(1418)) - s3@group-6912872F20E7: receive appendEntries(s1, 2, null, 0, true, commits:[s1:c0, s3:c0, s4:c0, s0:c0, s2:c0], cId:301, entries: [(t:2, i:0), CONFIGURATIONENTRY(current:id: "s3"
address: "localhost:39579"
dataStreamAddress: "localhost:46293"
clientAddress: "localhost:33409"
adminAddress: "localhost:42243"
startupRole: FOLLOWER
,id: "s4"
address: "localhost:45747"
dataStreamAddress: "localhost:42993"
clientAddress: "localhost:44435"
adminAddress: "localhost:35149"
startupRole: FOLLOWER
,id: "s0"
address: "localhost:36179"
dataStreamAddress: "localhost:33505"
clientAddress: "localhost:36175"
adminAddress: "localhost:46501"
startupRole: FOLLOWER
,id: "s1"
address: "localhost:36635"
dataStreamAddress: "localhost:41297"
clientAddress: "localhost:39775"
adminAddress: "localhost:41981"
startupRole: FOLLOWER
,id: "s2"
address: "localhost:36969"
dataStreamAddress: "localhost:38077"
clientAddress: "localhost:40489"
adminAddress: "localhost:37929"
startupRole: FOLLOWER
, old:)]
2022-10-24 03:16:31,360 [s3-server-thread3] INFO  server.RaftServer$Division (RaftServerImpl.java:checkInconsistentAppendEntries(1589)) - s3@group-6912872F20E7: Failed appendEntries as the first entry (index 0) already exists (snapshotIndex: -1, commitIndex: 0)
2022-10-24 03:16:31,360 [s3-server-thread3] INFO  server.RaftServer$Division (RaftServerImpl.java:checkInconsistentAppendEntries(1569)) - s3@group-6912872F20E7: inconsistency entries. Reply:s1<-s3#301:FAIL-t2,INCONSISTENCY,nextIndex=1,followerCommit=0,matchIndex=-1
2022-10-24 03:16:31,360 [s3-server-thread1] INFO  server.RaftServer$Division (RaftServerImpl.java:checkInconsistentAppendEntries(1599)) - s3@group-6912872F20E7: Failed appendEntries as previous log entry ((t:2, i:0)) is not found
2022-10-24 03:16:31,360 [s3-server-thread1] INFO  server.RaftServer$Division (RaftServerImpl.java:checkInconsistentAppendEntries(1569)) - s3@group-6912872F20E7: inconsistency entries. Reply:s1<-s3#296:FAIL-t2,INCONSISTENCY,nextIndex=0,followerCommit=0,matchIndex=-1
2022-10-24 03:16:31,360 [grpc-default-executor-8] INFO  leader.FollowerInfo (FollowerInfoImpl.java:lambda$new$0(48)) - s1@group-6912872F20E7->s3: nextIndex: updateUnconditionally 1 -> 0
2022-10-24 03:16:31,361 [grpc-default-executor-34] INFO  leader.FollowerInfo (FollowerInfoImpl.java:lambda$new$0(48)) - s1@group-6912872F20E7->s3: nextIndex: updateUnconditionally 1 -> 1
2022-10-24 03:16:31,361 [s3-server-thread1] DEBUG server.RaftServer$Division (RaftServerImpl.java:logAppendEntries(1418)) - s3@group-6912872F20E7: receive appendEntries(s1, 2, null, 0, true, commits:[s1:c0, s3:c0, s4:c0, s0:c0, s2:c0], cId:302, entries: [(t:2, i:0), CONFIGURATIONENTRY(current:id: "s3"
address: "localhost:39579"
dataStreamAddress: "localhost:46293"
clientAddress: "localhost:33409"
adminAddress: "localhost:42243"
startupRole: FOLLOWER
,id: "s4"
address: "localhost:45747"
dataStreamAddress: "localhost:42993"
clientAddress: "localhost:44435"
adminAddress: "localhost:35149"
startupRole: FOLLOWER
,id: "s0"
address: "localhost:36179"
dataStreamAddress: "localhost:33505"
clientAddress: "localhost:36175"
adminAddress: "localhost:46501"
startupRole: FOLLOWER
,id: "s1"
address: "localhost:36635"
dataStreamAddress: "localhost:41297"
clientAddress: "localhost:39775"
adminAddress: "localhost:41981"
startupRole: FOLLOWER
,id: "s2"
address: "localhost:36969"
dataStreamAddress: "localhost:38077"
clientAddress: "localhost:40489"
adminAddress: "localhost:37929"
startupRole: FOLLOWER
, old:)]
2022-10-24 03:16:31,361 [s3-server-thread3] INFO  server.RaftServer$Division (RaftServerImpl.java:checkInconsistentAppendEntries(1599)) - s3@group-6912872F20E7: Failed appendEntries as previous log entry ((t:2, i:0)) is not found
2022-10-24 03:16:31,361 [s3-server-thread3] INFO  server.RaftServer$Division (RaftServerImpl.java:checkInconsistentAppendEntries(1569)) - s3@group-6912872F20E7: inconsistency entries. Reply:s1<-s3#297:FAIL-t2,INCONSISTENCY,nextIndex=0,followerCommit=0,matchIndex=-1
2022-10-24 03:16:31,361 [grpc-default-executor-4] INFO  leader.FollowerInfo (FollowerInfoImpl.java:lambda$new$0(48)) - s1@group-6912872F20E7->s3: nextIndex: updateUnconditionally 1 -> 0
2022-10-24 03:16:31,361 [s3-server-thread1] INFO  server.RaftServer$Division (RaftServerImpl.java:checkInconsistentAppendEntries(1589)) - s3@group-6912872F20E7: Failed appendEntries as the first entry (index 0) already exists (snapshotIndex: -1, commitIndex: 0)
2022-10-24 03:16:31,361 [s3-server-thread1] INFO  server.RaftServer$Division (RaftServerImpl.java:checkInconsistentAppendEntries(1569)) - s3@group-6912872F20E7: inconsistency entries. Reply:s1<-s3#302:FAIL-t2,INCONSISTENCY,nextIndex=1,followerCommit=0,matchIndex=-1
2022-10-24 03:16:31,362 [s3-server-thread3] INFO  server.RaftServer$Division (RaftServerImpl.java:checkInconsistentAppendEntries(1599)) - s3@group-6912872F20E7: Failed appendEntries as previous log entry ((t:2, i:0)) is not found
2022-10-24 03:16:31,362 [s3-server-thread3] INFO  server.RaftServer$Division (RaftServerImpl.java:checkInconsistentAppendEntries(1569)) - s3@group-6912872F20E7: inconsistency entries. Reply:s1<-s3#298:FAIL-t2,INCONSISTENCY,nextIndex=0,followerCommit=0,matchIndex=-1
2022-10-24 03:16:31,362 [s3-server-thread3] INFO  server.RaftServer$Division (RaftServerImpl.java:checkInconsistentAppendEntries(1599)) - s3@group-6912872F20E7: Failed appendEntries as previous log entry ((t:2, i:0)) is not found
2022-10-24 03:16:31,362 [s3-server-thread3] INFO  server.RaftServer$Division (RaftServerImpl.java:checkInconsistentAppendEntries(1569)) - s3@group-6912872F20E7: inconsistency entries. Reply:s1<-s3#299:FAIL-t2,INCONSISTENCY,nextIndex=0,followerCommit=0,matchIndex=-1
2022-10-24 03:16:31,363 [s3-server-thread3] DEBUG server.RaftServer$Division (RaftServerImpl.java:logAppendEntries(1418)) - s3@group-6912872F20E7: receive appendEntries(s1, 2, null, 0, true, commits:[s1:c0, s3:c0, s4:c0, s0:c0, s2:c0], cId:303, entries: [(t:2, i:0), CONFIGURATIONENTRY(current:id: "s3"
address: "localhost:39579"
dataStreamAddress: "localhost:46293"
clientAddress: "localhost:33409"
adminAddress: "localhost:42243"
startupRole: FOLLOWER
,id: "s4"
address: "localhost:45747"
dataStreamAddress: "localhost:42993"
clientAddress: "localhost:44435"
adminAddress: "localhost:35149"
startupRole: FOLLOWER
,id: "s0"
address: "localhost:36179"
dataStreamAddress: "localhost:33505"
clientAddress: "localhost:36175"
adminAddress: "localhost:46501"
startupRole: FOLLOWER
,id: "s1"
address: "localhost:36635"
dataStreamAddress: "localhost:41297"
clientAddress: "localhost:39775"
adminAddress: "localhost:41981"
startupRole: FOLLOWER
,id: "s2"
address: "localhost:36969"
dataStreamAddress: "localhost:38077"
clientAddress: "localhost:40489"
adminAddress: "localhost:37929"
startupRole: FOLLOWER
, old:)]
2022-10-24 03:16:31,363 [s3-server-thread3] INFO  server.RaftServer$Division (RaftServerImpl.java:checkInconsistentAppendEntries(1589)) - s3@group-6912872F20E7: Failed appendEntries as the first entry (index 0) already exists (snapshotIndex: -1, commitIndex: 0)
2022-10-24 03:16:31,363 [s3-server-thread3] INFO  server.RaftServer$Division (RaftServerImpl.java:checkInconsistentAppendEntries(1569)) - s3@group-6912872F20E7: inconsistency entries. Reply:s1<-s3#303:FAIL-t2,INCONSISTENCY,nextIndex=1,followerCommit=0,matchIndex=-1
2022-10-24 03:16:31,363 [s3-server-thread3] INFO  server.RaftServer$Division (RaftServerImpl.java:checkInconsistentAppendEntries(1599)) - s3@group-6912872F20E7: Failed appendEntries as previous log entry ((t:2, i:0)) is not found
2022-10-24 03:16:31,363 [s3-server-thread3] INFO  server.RaftServer$Division (RaftServerImpl.java:checkInconsistentAppendEntries(1569)) - s3@group-6912872F20E7: inconsistency entries. Reply:s1<-s3#300:FAIL-t2,INCONSISTENCY,nextIndex=0,followerCommit=0,matchIndex=-1
2022-10-24 03:16:31,364 [grpc-default-executor-15] INFO  leader.FollowerInfo (FollowerInfoImpl.java:lambda$new$0(48)) - s1@group-6912872F20E7->s3: nextIndex: updateUnconditionally 1 -> 0
2022-10-24 03:16:31,364 [grpc-default-executor-8] INFO  leader.FollowerInfo (FollowerInfoImpl.java:lambda$new$0(48)) - s1@group-6912872F20E7->s3: nextIndex: updateUnconditionally 1 -> 1
2022-10-24 03:16:31,364 [s3-server-thread3] DEBUG server.RaftServer$Division (RaftServerImpl.java:logAppendEntries(1418)) - s3@group-6912872F20E7: receive appendEntries(s1, 2, null, 0, true, commits:[s1:c0, s3:c0, s4:c0, s0:c0, s2:c0], cId:304, entries: [(t:2, i:0), CONFIGURATIONENTRY(current:id: "s3"
address: "localhost:39579"
dataStreamAddress: "localhost:46293"
clientAddress: "localhost:33409"
adminAddress: "localhost:42243"
startupRole: FOLLOWER
,id: "s4"
address: "localhost:45747"
dataStreamAddress: "localhost:42993"
clientAddress: "localhost:44435"
adminAddress: "localhost:35149"
startupRole: FOLLOWER
,id: "s0"
address: "localhost:36179"
dataStreamAddress: "localhost:33505"
clientAddress: "localhost:36175"
adminAddress: "localhost:46501"
startupRole: FOLLOWER
,id: "s1"
address: "localhost:36635"
dataStreamAddress: "localhost:41297"
clientAddress: "localhost:39775"
adminAddress: "localhost:41981"
startupRole: FOLLOWER
,id: "s2"
address: "localhost:36969"
dataStreamAddress: "localhost:38077"
clientAddress: "localhost:40489"
adminAddress: "localhost:37929"
startupRole: FOLLOWER
, old:)]
2022-10-24 03:16:31,364 [s3-server-thread3] INFO  server.RaftServer$Division (RaftServerImpl.java:checkInconsistentAppendEntries(1589)) - s3@group-6912872F20E7: Failed appendEntries as the first entry (index 0) already exists (snapshotIndex: -1, commitIndex: 0)
2022-10-24 03:16:31,364 [s3-server-thread3] INFO  server.RaftServer$Division (RaftServerImpl.java:checkInconsistentAppendEntries(1569)) - s3@group-6912872F20E7: inconsistency entries. Reply:s1<-s3#304:FAIL-t2,INCONSISTENCY,nextIndex=1,followerCommit=0,matchIndex=-1
2022-10-24 03:16:31,365 [grpc-default-executor-15] INFO  leader.FollowerInfo (FollowerInfoImpl.java:lambda$new$0(48)) - s1@group-6912872F20E7->s3: nextIndex: updateUnconditionally 1 -> 1
2022-10-24 03:16:31,365 [grpc-default-executor-8] INFO  leader.FollowerInfo (FollowerInfoImpl.java:lambda$new$0(48)) - s1@group-6912872F20E7->s3: nextIndex: updateUnconditionally 1 -> 0
2022-10-24 03:16:31,365 [grpc-default-executor-4] INFO  leader.FollowerInfo (FollowerInfoImpl.java:lambda$new$0(48)) - s1@group-6912872F20E7->s3: nextIndex: updateUnconditionally 1 -> 0
2022-10-24 03:16:31,365 [grpc-default-executor-15] INFO  leader.FollowerInfo (FollowerInfoImpl.java:lambda$new$0(48)) - s1@group-6912872F20E7->s3: nextIndex: updateUnconditionally 1 -> 1
2022-10-24 03:16:31,366 [s3-server-thread3] DEBUG server.RaftServer$Division (RaftServerImpl.java:logAppendEntries(1418)) - s3@group-6912872F20E7: receive appendEntries(s1, 2, null, 0, true, commits:[s1:c0, s3:c0, s4:c0, s0:c0, s2:c0], cId:305, entries: [(t:2, i:0), CONFIGURATIONENTRY(current:id: "s3"
address: "localhost:39579"
dataStreamAddress: "localhost:46293"
clientAddress: "localhost:33409"
adminAddress: "localhost:42243"
startupRole: FOLLOWER
,id: "s4"
address: "localhost:45747"
dataStreamAddress: "localhost:42993"
clientAddress: "localhost:44435"
adminAddress: "localhost:35149"
startupRole: FOLLOWER
,id: "s0"
address: "localhost:36179"
dataStreamAddress: "localhost:33505"
clientAddress: "localhost:36175"
adminAddress: "localhost:46501"
startupRole: FOLLOWER
,id: "s1"
address: "localhost:36635"
dataStreamAddress: "localhost:41297"
clientAddress: "localhost:39775"
adminAddress: "localhost:41981"
startupRole: FOLLOWER
,id: "s2"
address: "localhost:36969"
dataStreamAddress: "localhost:38077"
clientAddress: "localhost:40489"
adminAddress: "localhost:37929"
startupRole: FOLLOWER
, old:)]
2022-10-24 03:16:31,366 [s3-server-thread3] INFO  server.RaftServer$Division (RaftServerImpl.java:checkInconsistentAppendEntries(1589)) - s3@group-6912872F20E7: Failed appendEntries as the first entry (index 0) already exists (snapshotIndex: -1, commitIndex: 0)
2022-10-24 03:16:31,366 [s3-server-thread3] INFO  server.RaftServer$Division (RaftServerImpl.java:checkInconsistentAppendEntries(1569)) - s3@group-6912872F20E7: inconsistency entries. Reply:s1<-s3#305:FAIL-t2,INCONSISTENCY,nextIndex=1,followerCommit=0,matchIndex=-1
2022-10-24 03:16:31,366 [grpc-default-executor-4] INFO  leader.FollowerInfo (FollowerInfoImpl.java:lambda$new$0(48)) - s1@group-6912872F20E7->s3: nextIndex: updateUnconditionally 1 -> 1
2022-10-24 03:16:31,367 [grpc-default-executor-15] INFO  leader.FollowerInfo (FollowerInfoImpl.java:lambda$new$0(48)) - s1@group-6912872F20E7->s3: nextIndex: updateUnconditionally 1 -> 0
2022-10-24 03:16:31,367 [grpc-default-executor-15] INFO  leader.FollowerInfo (FollowerInfoImpl.java:lambda$new$0(48)) - s1@group-6912872F20E7->s3: nextIndex: updateUnconditionally 1 -> 0
2022-10-24 03:16:31,367 [s3-server-thread3] DEBUG server.RaftServer$Division (RaftServerImpl.java:logAppendEntries(1418)) - s3@group-6912872F20E7: receive appendEntries(s1, 2, null, 0, true, commits:[s1:c0, s3:c0, s4:c0, s0:c0, s2:c0], cId:306, entries: [(t:2, i:0), CONFIGURATIONENTRY(current:id: "s3"
address: "localhost:39579"
dataStreamAddress: "localhost:46293"
clientAddress: "localhost:33409"
adminAddress: "localhost:42243"
startupRole: FOLLOWER
,id: "s4"
address: "localhost:45747"
dataStreamAddress: "localhost:42993"
clientAddress: "localhost:44435"
adminAddress: "localhost:35149"
startupRole: FOLLOWER
,id: "s0"
address: "localhost:36179"
dataStreamAddress: "localhost:33505"
clientAddress: "localhost:36175"
adminAddress: "localhost:46501"
startupRole: FOLLOWER
,id: "s1"
address: "localhost:36635"
dataStreamAddress: "localhost:41297"
clientAddress: "localhost:39775"
adminAddress: "localhost:41981"
startupRole: FOLLOWER
,id: "s2"
address: "localhost:36969"
dataStreamAddress: "localhost:38077"
clientAddress: "localhost:40489"
adminAddress: "localhost:37929"
startupRole: FOLLOWER
, old:)]
2022-10-24 03:16:31,367 [s3-server-thread3] INFO  server.RaftServer$Division (RaftServerImpl.java:checkInconsistentAppendEntries(1589)) - s3@group-6912872F20E7: Failed appendEntries as the first entry (index 0) already exists (snapshotIndex: -1, commitIndex: 0)
2022-10-24 03:16:31,367 [s3-server-thread3] INFO  server.RaftServer$Division (RaftServerImpl.java:checkInconsistentAppendEntries(1569)) - s3@group-6912872F20E7: inconsistency entries. Reply:s1<-s3#306:FAIL-t2,INCONSISTENCY,nextIndex=1,followerCommit=0,matchIndex=-1
2022-10-24 03:16:31,368 [grpc-default-executor-15] INFO  leader.FollowerInfo (FollowerInfoImpl.java:lambda$new$0(48)) - s1@group-6912872F20E7->s3: nextIndex: updateUnconditionally 1 -> 1
2022-10-24 03:16:31,368 [s3-server-thread3] DEBUG server.RaftServer$Division (RaftServerImpl.java:logAppendEntries(1418)) - s3@group-6912872F20E7: receive appendEntries(s1, 2, null, 0, true, commits:[s1:c0, s3:c0, s4:c0, s0:c0, s2:c0], cId:307, entries: [(t:2, i:0), CONFIGURATIONENTRY(current:id: "s3"
address: "localhost:39579"
dataStreamAddress: "localhost:46293"
clientAddress: "localhost:33409"
adminAddress: "localhost:42243"
startupRole: FOLLOWER
,id: "s4"
address: "localhost:45747"
dataStreamAddress: "localhost:42993"
clientAddress: "localhost:44435"
adminAddress: "localhost:35149"
startupRole: FOLLOWER
,id: "s0"
address: "localhost:36179"
dataStreamAddress: "localhost:33505"
clientAddress: "localhost:36175"
adminAddress: "localhost:46501"
startupRole: FOLLOWER
,id: "s1"
address: "localhost:36635"
dataStreamAddress: "localhost:41297"
clientAddress: "localhost:39775"
adminAddress: "localhost:41981"
startupRole: FOLLOWER
,id: "s2"
address: "localhost:36969"
dataStreamAddress: "localhost:38077"
clientAddress: "localhost:40489"
adminAddress: "localhost:37929"
startupRole: FOLLOWER
, old:)]
2022-10-24 03:16:31,368 [s3-server-thread3] INFO  server.RaftServer$Division (RaftServerImpl.java:checkInconsistentAppendEntries(1589)) - s3@group-6912872F20E7: Failed appendEntries as the first entry (index 0) already exists (snapshotIndex: -1, commitIndex: 0)
2022-10-24 03:16:31,368 [s3-server-thread3] INFO  server.RaftServer$Division (RaftServerImpl.java:checkInconsistentAppendEntries(1569)) - s3@group-6912872F20E7: inconsistency entries. Reply:s1<-s3#307:FAIL-t2,INCONSISTENCY,nextIndex=1,followerCommit=0,matchIndex=-1
2022-10-24 03:16:31,369 [grpc-default-executor-15] INFO  leader.FollowerInfo (FollowerInfoImpl.java:lambda$new$0(48)) - s1@group-6912872F20E7->s3: nextIndex: updateUnconditionally 1 -> 1
2022-10-24 03:16:31,376 [s3-server-thread3] DEBUG server.RaftServer$Division (RaftServerImpl.java:logAppendEntries(1418)) - s3@group-6912872F20E7: receive appendEntries(s1, 2, null, 0, true, commits:[s1:c0, s3:c0, s4:c0, s0:c0, s2:c0], cId:308, entries: [(t:2, i:0), CONFIGURATIONENTRY(current:id: "s3"
address: "localhost:39579"
dataStreamAddress: "localhost:46293"
clientAddress: "localhost:33409"
adminAddress: "localhost:42243"
startupRole: FOLLOWER
,id: "s4"
address: "localhost:45747"
dataStreamAddress: "localhost:42993"
clientAddress: "localhost:44435"
adminAddress: "localhost:35149"
startupRole: FOLLOWER
,id: "s0"
address: "localhost:36179"
dataStreamAddress: "localhost:33505"
clientAddress: "localhost:36175"
adminAddress: "localhost:46501"
startupRole: FOLLOWER
,id: "s1"
address: "localhost:36635"
dataStreamAddress: "localhost:41297"
clientAddress: "localhost:39775"
adminAddress: "localhost:41981"
startupRole: FOLLOWER
,id: "s2"
address: "localhost:36969"
dataStreamAddress: "localhost:38077"
clientAddress: "localhost:40489"
adminAddress: "localhost:37929"
startupRole: FOLLOWER
, old:)]
2022-10-24 03:16:31,376 [s3-server-thread3] INFO  server.RaftServer$Division (RaftServerImpl.java:checkInconsistentAppendEntries(1589)) - s3@group-6912872F20E7: Failed appendEntries as the first entry (index 0) already exists (snapshotIndex: -1, commitIndex: 0)
2022-10-24 03:16:31,376 [s3-server-thread3] INFO  server.RaftServer$Division (RaftServerImpl.java:checkInconsistentAppendEntries(1569)) - s3@group-6912872F20E7: inconsistency entries. Reply:s1<-s3#308:FAIL-t2,INCONSISTENCY,nextIndex=1,followerCommit=0,matchIndex=-1
2022-10-24 03:16:31,376 [grpc-default-executor-15] INFO  leader.FollowerInfo (FollowerInfoImpl.java:lambda$new$0(48)) - s1@group-6912872F20E7->s3: nextIndex: updateUnconditionally 1 -> 1
2022-10-24 03:16:31,377 [s3-server-thread1] DEBUG server.RaftServer$Division (RaftServerImpl.java:logAppendEntries(1418)) - s3@group-6912872F20E7: receive appendEntries(s1, 2, null, 0, true, commits:[s1:c0, s3:c0, s4:c0, s0:c0, s2:c0], cId:309, entries: [(t:2, i:0), CONFIGURATIONENTRY(current:id: "s3"
address: "localhost:39579"
dataStreamAddress: "localhost:46293"
clientAddress: "localhost:33409"
adminAddress: "localhost:42243"
startupRole: FOLLOWER
,id: "s4"
address: "localhost:45747"
dataStreamAddress: "localhost:42993"
clientAddress: "localhost:44435"
adminAddress: "localhost:35149"
startupRole: FOLLOWER
,id: "s0"
address: "localhost:36179"
dataStreamAddress: "localhost:33505"
clientAddress: "localhost:36175"
adminAddress: "localhost:46501"
startupRole: FOLLOWER
,id: "s1"
address: "localhost:36635"
dataStreamAddress: "localhost:41297"
clientAddress: "localhost:39775"
adminAddress: "localhost:41981"
startupRole: FOLLOWER
,id: "s2"
address: "localhost:36969"
dataStreamAddress: "localhost:38077"
clientAddress: "localhost:40489"
adminAddress: "localhost:37929"
startupRole: FOLLOWER
, old:)]
2022-10-24 03:16:31,377 [s3-server-thread1] INFO  server.RaftServer$Division (RaftServerImpl.java:checkInconsistentAppendEntries(1589)) - s3@group-6912872F20E7: Failed appendEntries as the first entry (index 0) already exists (snapshotIndex: -1, commitIndex: 0)
2022-10-24 03:16:31,377 [s3-server-thread1] INFO  server.RaftServer$Division (RaftServerImpl.java:checkInconsistentAppendEntries(1569)) - s3@group-6912872F20E7: inconsistency entries. Reply:s1<-s3#309:FAIL-t2,INCONSISTENCY,nextIndex=1,followerCommit=0,matchIndex=-1
2022-10-24 03:16:31,377 [grpc-default-executor-8] INFO  leader.FollowerInfo (FollowerInfoImpl.java:lambda$new$0(48)) - s1@group-6912872F20E7->s3: nextIndex: updateUnconditionally 1 -> 1
2022-10-24 03:16:31,453 [s3-server-thread3] INFO  server.RaftServer$Division (RaftServerImpl.java:checkInconsistentAppendEntries(1599)) - s3@group-6912872F20E7: Failed appendEntries as previous log entry ((t:2, i:0)) is not found
2022-10-24 03:16:31,453 [s3-server-thread3] INFO  server.RaftServer$Division (RaftServerImpl.java:checkInconsistentAppendEntries(1569)) - s3@group-6912872F20E7: inconsistency entries. Reply:s1<-s3#310:FAIL-t2,INCONSISTENCY,nextIndex=0,followerCommit=0,matchIndex=-1
2022-10-24 03:16:31,454 [grpc-default-executor-8] INFO  leader.FollowerInfo (FollowerInfoImpl.java:lambda$new$0(48)) - s1@group-6912872F20E7->s3: nextIndex: updateUnconditionally 1 -> 0
2022-10-24 03:16:31,454 [s3-server-thread1] DEBUG server.RaftServer$Division (RaftServerImpl.java:logAppendEntries(1418)) - s3@group-6912872F20E7: receive appendEntries(s1, 2, null, 0, true, commits:[s1:c0, s3:c0, s4:c0, s0:c0, s2:c0], cId:311, entries: [(t:2, i:0), CONFIGURATIONENTRY(current:id: "s3"
address: "localhost:39579"
dataStreamAddress: "localhost:46293"
clientAddress: "localhost:33409"
adminAddress: "localhost:42243"
startupRole: FOLLOWER
,id: "s4"
address: "localhost:45747"
dataStreamAddress: "localhost:42993"
clientAddress: "localhost:44435"
adminAddress: "localhost:35149"
startupRole: FOLLOWER
,id: "s0"
address: "localhost:36179"
dataStreamAddress: "localhost:33505"
clientAddress: "localhost:36175"
adminAddress: "localhost:46501"
startupRole: FOLLOWER
,id: "s1"
address: "localhost:36635"
dataStreamAddress: "localhost:41297"
clientAddress: "localhost:39775"
adminAddress: "localhost:41981"
startupRole: FOLLOWER
,id: "s2"
address: "localhost:36969"
dataStreamAddress: "localhost:38077"
clientAddress: "localhost:40489"
adminAddress: "localhost:37929"
startupRole: FOLLOWER
, old:)]
2022-10-24 03:16:31,455 [s3-server-thread1] INFO  server.RaftServer$Division (RaftServerImpl.java:checkInconsistentAppendEntries(1589)) - s3@group-6912872F20E7: Failed appendEntries as the first entry (index 0) already exists (snapshotIndex: -1, commitIndex: 0)
2022-10-24 03:16:31,455 [s3-server-thread1] INFO  server.RaftServer$Division (RaftServerImpl.java:checkInconsistentAppendEntries(1569)) - s3@group-6912872F20E7: inconsistency entries. Reply:s1<-s3#311:FAIL-t2,INCONSISTENCY,nextIndex=1,followerCommit=0,matchIndex=-1
2022-10-24 03:16:31,455 [grpc-default-executor-8] INFO  leader.FollowerInfo (FollowerInfoImpl.java:lambda$new$0(48)) - s1@group-6912872F20E7->s3: nextIndex: updateUnconditionally 1 -> 1
2022-10-24 03:16:31,531 [s3-server-thread3] INFO  server.RaftServer$Division (RaftServerImpl.java:checkInconsistentAppendEntries(1599)) - s3@group-6912872F20E7: Failed appendEntries as previous log entry ((t:2, i:0)) is not found
2022-10-24 03:16:31,531 [s3-server-thread3] INFO  server.RaftServer$Division (RaftServerImpl.java:checkInconsistentAppendEntries(1569)) - s3@group-6912872F20E7: inconsistency entries. Reply:s1<-s3#312:FAIL-t2,INCONSISTENCY,nextIndex=0,followerCommit=0,matchIndex=-1
2022-10-24 03:16:31,532 [grpc-default-executor-8] INFO  leader.FollowerInfo (FollowerInfoImpl.java:lambda$new$0(48)) - s1@group-6912872F20E7->s3: nextIndex: updateUnconditionally 1 -> 0
2022-10-24 03:16:31,532 [s3-server-thread3] DEBUG server.RaftServer$Division (RaftServerImpl.java:logAppendEntries(1418)) - s3@group-6912872F20E7: receive appendEntries(s1, 2, null, 0, true, commits:[s1:c0, s3:c0, s4:c0, s0:c0, s2:c0], cId:313, entries: [(t:2, i:0), CONFIGURATIONENTRY(current:id: "s3"
address: "localhost:39579"
dataStreamAddress: "localhost:46293"
clientAddress: "localhost:33409"
adminAddress: "localhost:42243"
startupRole: FOLLOWER
,id: "s4"
address: "localhost:45747"
dataStreamAddress: "localhost:42993"
clientAddress: "localhost:44435"
adminAddress: "localhost:35149"
startupRole: FOLLOWER
,id: "s0"
address: "localhost:36179"
dataStreamAddress: "localhost:33505"
clientAddress: "localhost:36175"
adminAddress: "localhost:46501"
startupRole: FOLLOWER
,id: "s1"
address: "localhost:36635"
dataStreamAddress: "localhost:41297"
clientAddress: "localhost:39775"
adminAddress: "localhost:41981"
startupRole: FOLLOWER
,id: "s2"
address: "localhost:36969"
dataStreamAddress: "localhost:38077"
clientAddress: "localhost:40489"
adminAddress: "localhost:37929"
startupRole: FOLLOWER
, old:)]
2022-10-24 03:16:31,532 [s3-server-thread3] INFO  server.RaftServer$Division (RaftServerImpl.java:checkInconsistentAppendEntries(1589)) - s3@group-6912872F20E7: Failed appendEntries as the first entry (index 0) already exists (snapshotIndex: -1, commitIndex: 0)
2022-10-24 03:16:31,533 [s3-server-thread3] INFO  server.RaftServer$Division (RaftServerImpl.java:checkInconsistentAppendEntries(1569)) - s3@group-6912872F20E7: inconsistency entries. Reply:s1<-s3#313:FAIL-t2,INCONSISTENCY,nextIndex=1,followerCommit=0,matchIndex=-1
2022-10-24 03:16:31,533 [grpc-default-executor-8] INFO  leader.FollowerInfo (FollowerInfoImpl.java:lambda$new$0(48)) - s1@group-6912872F20E7->s3: nextIndex: updateUnconditionally 1 -> 1
2022-10-24 03:16:31,609 [s3-server-thread3] INFO  server.RaftServer$Division (RaftServerImpl.java:checkInconsistentAppendEntries(1599)) - s3@group-6912872F20E7: Failed appendEntries as previous log entry ((t:2, i:0)) is not found
2022-10-24 03:16:31,609 [s3-server-thread3] INFO  server.RaftServer$Division (RaftServerImpl.java:checkInconsistentAppendEntries(1569)) - s3@group-6912872F20E7: inconsistency entries. Reply:s1<-s3#314:FAIL-t2,INCONSISTENCY,nextIndex=0,followerCommit=0,matchIndex=-1
2022-10-24 03:16:31,610 [grpc-default-executor-8] INFO  leader.FollowerInfo (FollowerInfoImpl.java:lambda$new$0(48)) - s1@group-6912872F20E7->s3: nextIndex: updateUnconditionally 1 -> 0
2022-10-24 03:16:31,610 [s3-server-thread3] DEBUG server.RaftServer$Division (RaftServerImpl.java:logAppendEntries(1418)) - s3@group-6912872F20E7: receive appendEntries(s1, 2, null, 0, true, commits:[s1:c0, s3:c0, s4:c0, s0:c0, s2:c0], cId:315, entries: [(t:2, i:0), CONFIGURATIONENTRY(current:id: "s3"
address: "localhost:39579"
dataStreamAddress: "localhost:46293"
clientAddress: "localhost:33409"
adminAddress: "localhost:42243"
startupRole: FOLLOWER
,id: "s4"
address: "localhost:45747"
dataStreamAddress: "localhost:42993"
clientAddress: "localhost:44435"
adminAddress: "localhost:35149"
startupRole: FOLLOWER
,id: "s0"
address: "localhost:36179"
dataStreamAddress: "localhost:33505"
clientAddress: "localhost:36175"
adminAddress: "localhost:46501"
startupRole: FOLLOWER
,id: "s1"
address: "localhost:36635"
dataStreamAddress: "localhost:41297"
clientAddress: "localhost:39775"
adminAddress: "localhost:41981"
startupRole: FOLLOWER
,id: "s2"
address: "localhost:36969"
dataStreamAddress: "localhost:38077"
clientAddress: "localhost:40489"
adminAddress: "localhost:37929"
startupRole: FOLLOWER
, old:)]
2022-10-24 03:16:31,610 [s3-server-thread3] INFO  server.RaftServer$Division (RaftServerImpl.java:checkInconsistentAppendEntries(1589)) - s3@group-6912872F20E7: Failed appendEntries as the first entry (index 0) already exists (snapshotIndex: -1, commitIndex: 0)
2022-10-24 03:16:31,611 [s3-server-thread3] INFO  server.RaftServer$Division (RaftServerImpl.java:checkInconsistentAppendEntries(1569)) - s3@group-6912872F20E7: inconsistency entries. Reply:s1<-s3#315:FAIL-t2,INCONSISTENCY,nextIndex=1,followerCommit=0,matchIndex=-1
2022-10-24 03:16:31,611 [grpc-default-executor-8] INFO  leader.FollowerInfo (FollowerInfoImpl.java:lambda$new$0(48)) - s1@group-6912872F20E7->s3: nextIndex: updateUnconditionally 1 -> 1
2022-10-24 03:16:31,687 [s3-server-thread3] INFO  server.RaftServer$Division (RaftServerImpl.java:checkInconsistentAppendEntries(1599)) - s3@group-6912872F20E7: Failed appendEntries as previous log entry ((t:2, i:0)) is not found
2022-10-24 03:16:31,687 [s3-server-thread3] INFO  server.RaftServer$Division (RaftServerImpl.java:checkInconsistentAppendEntries(1569)) - s3@group-6912872F20E7: inconsistency entries. Reply:s1<-s3#316:FAIL-t2,INCONSISTENCY,nextIndex=0,followerCommit=0,matchIndex=-1
2022-10-24 03:16:31,687 [grpc-default-executor-8] INFO  leader.FollowerInfo (FollowerInfoImpl.java:lambda$new$0(48)) - s1@group-6912872F20E7->s3: nextIndex: updateUnconditionally 1 -> 0
2022-10-24 03:16:31,688 [s3-server-thread3] DEBUG server.RaftServer$Division (RaftServerImpl.java:logAppendEntries(1418)) - s3@group-6912872F20E7: receive appendEntries(s1, 2, null, 0, true, commits:[s1:c0, s3:c0, s4:c0, s0:c0, s2:c0], cId:317, entries: [(t:2, i:0), CONFIGURATIONENTRY(current:id: "s3"
address: "localhost:39579"
dataStreamAddress: "localhost:46293"
clientAddress: "localhost:33409"
adminAddress: "localhost:42243"
startupRole: FOLLOWER
,id: "s4"
address: "localhost:45747"
dataStreamAddress: "localhost:42993"
clientAddress: "localhost:44435"
adminAddress: "localhost:35149"
startupRole: FOLLOWER
,id: "s0"
address: "localhost:36179"
dataStreamAddress: "localhost:33505"
clientAddress: "localhost:36175"
adminAddress: "localhost:46501"
startupRole: FOLLOWER
,id: "s1"
address: "localhost:36635"
dataStreamAddress: "localhost:41297"
clientAddress: "localhost:39775"
adminAddress: "localhost:41981"
startupRole: FOLLOWER
,id: "s2"
address: "localhost:36969"
dataStreamAddress: "localhost:38077"
clientAddress: "localhost:40489"
adminAddress: "localhost:37929"
startupRole: FOLLOWER
, old:)]
2022-10-24 03:16:31,688 [s3-server-thread3] INFO  server.RaftServer$Division (RaftServerImpl.java:checkInconsistentAppendEntries(1589)) - s3@group-6912872F20E7: Failed appendEntries as the first entry (index 0) already exists (snapshotIndex: -1, commitIndex: 0)
2022-10-24 03:16:31,688 [s3-server-thread3] INFO  server.RaftServer$Division (RaftServerImpl.java:checkInconsistentAppendEntries(1569)) - s3@group-6912872F20E7: inconsistency entries. Reply:s1<-s3#317:FAIL-t2,INCONSISTENCY,nextIndex=1,followerCommit=0,matchIndex=-1
2022-10-24 03:16:31,688 [grpc-default-executor-8] INFO  leader.FollowerInfo (FollowerInfoImpl.java:lambda$new$0(48)) - s1@group-6912872F20E7->s3: nextIndex: updateUnconditionally 1 -> 1
2022-10-24 03:16:31,765 [s3-server-thread3] INFO  server.RaftServer$Division (RaftServerImpl.java:checkInconsistentAppendEntries(1599)) - s3@group-6912872F20E7: Failed appendEntries as previous log entry ((t:2, i:0)) is not found
2022-10-24 03:16:31,765 [s3-server-thread3] INFO  server.RaftServer$Division (RaftServerImpl.java:checkInconsistentAppendEntries(1569)) - s3@group-6912872F20E7: inconsistency entries. Reply:s1<-s3#318:FAIL-t2,INCONSISTENCY,nextIndex=0,followerCommit=0,matchIndex=-1
2022-10-24 03:16:31,765 [grpc-default-executor-8] INFO  leader.FollowerInfo (FollowerInfoImpl.java:lambda$new$0(48)) - s1@group-6912872F20E7->s3: nextIndex: updateUnconditionally 1 -> 0
2022-10-24 03:16:31,766 [s3-server-thread3] DEBUG server.RaftServer$Division (RaftServerImpl.java:logAppendEntries(1418)) - s3@group-6912872F20E7: receive appendEntries(s1, 2, null, 0, true, commits:[s1:c0, s3:c0, s4:c0, s0:c0, s2:c0], cId:319, entries: [(t:2, i:0), CONFIGURATIONENTRY(current:id: "s3"
address: "localhost:39579"
dataStreamAddress: "localhost:46293"
clientAddress: "localhost:33409"
adminAddress: "localhost:42243"
startupRole: FOLLOWER
,id: "s4"
address: "localhost:45747"
dataStreamAddress: "localhost:42993"
clientAddress: "localhost:44435"
adminAddress: "localhost:35149"
startupRole: FOLLOWER
,id: "s0"
address: "localhost:36179"
dataStreamAddress: "localhost:33505"
clientAddress: "localhost:36175"
adminAddress: "localhost:46501"
startupRole: FOLLOWER
,id: "s1"
address: "localhost:36635"
dataStreamAddress: "localhost:41297"
clientAddress: "localhost:39775"
adminAddress: "localhost:41981"
startupRole: FOLLOWER
,id: "s2"
address: "localhost:36969"
dataStreamAddress: "localhost:38077"
clientAddress: "localhost:40489"
adminAddress: "localhost:37929"
startupRole: FOLLOWER
, old:)]
2022-10-24 03:16:31,766 [s3-server-thread3] INFO  server.RaftServer$Division (RaftServerImpl.java:checkInconsistentAppendEntries(1589)) - s3@group-6912872F20E7: Failed appendEntries as the first entry (index 0) already exists (snapshotIndex: -1, commitIndex: 0)
2022-10-24 03:16:31,766 [s3-server-thread3] INFO  server.RaftServer$Division (RaftServerImpl.java:checkInconsistentAppendEntries(1569)) - s3@group-6912872F20E7: inconsistency entries. Reply:s1<-s3#319:FAIL-t2,INCONSISTENCY,nextIndex=1,followerCommit=0,matchIndex=-1
2022-10-24 03:16:31,766 [grpc-default-executor-8] INFO  leader.FollowerInfo (FollowerInfoImpl.java:lambda$new$0(48)) - s1@group-6912872F20E7->s3: nextIndex: updateUnconditionally 1 -> 1
2022-10-24 03:16:31,842 [s3-server-thread3] INFO  server.RaftServer$Division (RaftServerImpl.java:checkInconsistentAppendEntries(1599)) - s3@group-6912872F20E7: Failed appendEntries as previous log entry ((t:2, i:0)) is not found
2022-10-24 03:16:31,843 [s3-server-thread3] INFO  server.RaftServer$Division (RaftServerImpl.java:checkInconsistentAppendEntries(1569)) - s3@group-6912872F20E7: inconsistency entries. Reply:s1<-s3#320:FAIL-t2,INCONSISTENCY,nextIndex=0,followerCommit=0,matchIndex=-1
2022-10-24 03:16:31,843 [grpc-default-executor-8] INFO  leader.FollowerInfo (FollowerInfoImpl.java:lambda$new$0(48)) - s1@group-6912872F20E7->s3: nextIndex: updateUnconditionally 1 -> 0
2022-10-24 03:16:31,843 [s3-server-thread3] DEBUG server.RaftServer$Division (RaftServerImpl.java:logAppendEntries(1418)) - s3@group-6912872F20E7: receive appendEntries(s1, 2, null, 0, true, commits:[s1:c0, s3:c0, s4:c0, s0:c0, s2:c0], cId:321, entries: [(t:2, i:0), CONFIGURATIONENTRY(current:id: "s3"
address: "localhost:39579"
dataStreamAddress: "localhost:46293"
clientAddress: "localhost:33409"
adminAddress: "localhost:42243"
startupRole: FOLLOWER
,id: "s4"
address: "localhost:45747"
dataStreamAddress: "localhost:42993"
clientAddress: "localhost:44435"
adminAddress: "localhost:35149"
startupRole: FOLLOWER
,id: "s0"
address: "localhost:36179"
dataStreamAddress: "localhost:33505"
clientAddress: "localhost:36175"
adminAddress: "localhost:46501"
startupRole: FOLLOWER
,id: "s1"
address: "localhost:36635"
dataStreamAddress: "localhost:41297"
clientAddress: "localhost:39775"
adminAddress: "localhost:41981"
startupRole: FOLLOWER
,id: "s2"
address: "localhost:36969"
dataStreamAddress: "localhost:38077"
clientAddress: "localhost:40489"
adminAddress: "localhost:37929"
startupRole: FOLLOWER
, old:)]
2022-10-24 03:16:31,844 [s3-server-thread3] INFO  server.RaftServer$Division (RaftServerImpl.java:checkInconsistentAppendEntries(1589)) - s3@group-6912872F20E7: Failed appendEntries as the first entry (index 0) already exists (snapshotIndex: -1, commitIndex: 0)
2022-10-24 03:16:31,844 [s3-server-thread3] INFO  server.RaftServer$Division (RaftServerImpl.java:checkInconsistentAppendEntries(1569)) - s3@group-6912872F20E7: inconsistency entries. Reply:s1<-s3#321:FAIL-t2,INCONSISTENCY,nextIndex=1,followerCommit=0,matchIndex=-1
2022-10-24 03:16:31,844 [grpc-default-executor-8] INFO  leader.FollowerInfo (FollowerInfoImpl.java:lambda$new$0(48)) - s1@group-6912872F20E7->s3: nextIndex: updateUnconditionally 1 -> 1
2022-10-24 03:16:31,920 [s3-server-thread3] INFO  server.RaftServer$Division (RaftServerImpl.java:checkInconsistentAppendEntries(1599)) - s3@group-6912872F20E7: Failed appendEntries as previous log entry ((t:2, i:0)) is not found
2022-10-24 03:16:31,920 [s3-server-thread3] INFO  server.RaftServer$Division (RaftServerImpl.java:checkInconsistentAppendEntries(1569)) - s3@group-6912872F20E7: inconsistency entries. Reply:s1<-s3#322:FAIL-t2,INCONSISTENCY,nextIndex=0,followerCommit=0,matchIndex=-1
2022-10-24 03:16:31,921 [grpc-default-executor-8] INFO  leader.FollowerInfo (FollowerInfoImpl.java:lambda$new$0(48)) - s1@group-6912872F20E7->s3: nextIndex: updateUnconditionally 1 -> 0
2022-10-24 03:16:31,921 [s3-server-thread3] DEBUG server.RaftServer$Division (RaftServerImpl.java:logAppendEntries(1418)) - s3@group-6912872F20E7: receive appendEntries(s1, 2, null, 0, true, commits:[s1:c0, s3:c0, s4:c0, s0:c0, s2:c0], cId:323, entries: [(t:2, i:0), CONFIGURATIONENTRY(current:id: "s3"
address: "localhost:39579"
dataStreamAddress: "localhost:46293"
clientAddress: "localhost:33409"
adminAddress: "localhost:42243"
startupRole: FOLLOWER
,id: "s4"
address: "localhost:45747"
dataStreamAddress: "localhost:42993"
clientAddress: "localhost:44435"
adminAddress: "localhost:35149"
startupRole: FOLLOWER
,id: "s0"
address: "localhost:36179"
dataStreamAddress: "localhost:33505"
clientAddress: "localhost:36175"
adminAddress: "localhost:46501"
startupRole: FOLLOWER
,id: "s1"
address: "localhost:36635"
dataStreamAddress: "localhost:41297"
clientAddress: "localhost:39775"
adminAddress: "localhost:41981"
startupRole: FOLLOWER
,id: "s2"
address: "localhost:36969"
dataStreamAddress: "localhost:38077"
clientAddress: "localhost:40489"
adminAddress: "localhost:37929"
startupRole: FOLLOWER
, old:)]
2022-10-24 03:16:31,921 [s3-server-thread3] INFO  server.RaftServer$Division (RaftServerImpl.java:checkInconsistentAppendEntries(1589)) - s3@group-6912872F20E7: Failed appendEntries as the first entry (index 0) already exists (snapshotIndex: -1, commitIndex: 0)
2022-10-24 03:16:31,921 [s3-server-thread3] INFO  server.RaftServer$Division (RaftServerImpl.java:checkInconsistentAppendEntries(1569)) - s3@group-6912872F20E7: inconsistency entries. Reply:s1<-s3#323:FAIL-t2,INCONSISTENCY,nextIndex=1,followerCommit=0,matchIndex=-1
2022-10-24 03:16:31,922 [grpc-default-executor-8] INFO  leader.FollowerInfo (FollowerInfoImpl.java:lambda$new$0(48)) - s1@group-6912872F20E7->s3: nextIndex: updateUnconditionally 1 -> 1
2022-10-24 03:16:31,998 [s3-server-thread3] INFO  server.RaftServer$Division (RaftServerImpl.java:checkInconsistentAppendEntries(1599)) - s3@group-6912872F20E7: Failed appendEntries as previous log entry ((t:2, i:0)) is not found
2022-10-24 03:16:31,998 [s3-server-thread3] INFO  server.RaftServer$Division (RaftServerImpl.java:checkInconsistentAppendEntries(1569)) - s3@group-6912872F20E7: inconsistency entries. Reply:s1<-s3#324:FAIL-t2,INCONSISTENCY,nextIndex=0,followerCommit=0,matchIndex=-1
2022-10-24 03:16:31,998 [grpc-default-executor-8] INFO  leader.FollowerInfo (FollowerInfoImpl.java:lambda$new$0(48)) - s1@group-6912872F20E7->s3: nextIndex: updateUnconditionally 1 -> 0
2022-10-24 03:16:31,999 [s3-server-thread3] DEBUG server.RaftServer$Division (RaftServerImpl.java:logAppendEntries(1418)) - s3@group-6912872F20E7: receive appendEntries(s1, 2, null, 0, true, commits:[s1:c0, s3:c0, s4:c0, s0:c0, s2:c0], cId:325, entries: [(t:2, i:0), CONFIGURATIONENTRY(current:id: "s3"
address: "localhost:39579"
dataStreamAddress: "localhost:46293"
clientAddress: "localhost:33409"
adminAddress: "localhost:42243"
startupRole: FOLLOWER
,id: "s4"
address: "localhost:45747"
dataStreamAddress: "localhost:42993"
clientAddress: "localhost:44435"
adminAddress: "localhost:35149"
startupRole: FOLLOWER
,id: "s0"
address: "localhost:36179"
dataStreamAddress: "localhost:33505"
clientAddress: "localhost:36175"
adminAddress: "localhost:46501"
startupRole: FOLLOWER
,id: "s1"
address: "localhost:36635"
dataStreamAddress: "localhost:41297"
clientAddress: "localhost:39775"
adminAddress: "localhost:41981"
startupRole: FOLLOWER
,id: "s2"
address: "localhost:36969"
dataStreamAddress: "localhost:38077"
clientAddress: "localhost:40489"
adminAddress: "localhost:37929"
startupRole: FOLLOWER
, old:)]
2022-10-24 03:16:31,999 [s3-server-thread3] INFO  server.RaftServer$Division (RaftServerImpl.java:checkInconsistentAppendEntries(1589)) - s3@group-6912872F20E7: Failed appendEntries as the first entry (index 0) already exists (snapshotIndex: -1, commitIndex: 0)
2022-10-24 03:16:31,999 [s3-server-thread3] INFO  server.RaftServer$Division (RaftServerImpl.java:checkInconsistentAppendEntries(1569)) - s3@group-6912872F20E7: inconsistency entries. Reply:s1<-s3#325:FAIL-t2,INCONSISTENCY,nextIndex=1,followerCommit=0,matchIndex=-1
2022-10-24 03:16:32,000 [grpc-default-executor-8] INFO  leader.FollowerInfo (FollowerInfoImpl.java:lambda$new$0(48)) - s1@group-6912872F20E7->s3: nextIndex: updateUnconditionally 1 -> 1
2022-10-24 03:16:32,076 [s3-server-thread3] INFO  server.RaftServer$Division (RaftServerImpl.java:checkInconsistentAppendEntries(1599)) - s3@group-6912872F20E7: Failed appendEntries as previous log entry ((t:2, i:0)) is not found
2022-10-24 03:16:32,076 [s3-server-thread3] INFO  server.RaftServer$Division (RaftServerImpl.java:checkInconsistentAppendEntries(1569)) - s3@group-6912872F20E7: inconsistency entries. Reply:s1<-s3#326:FAIL-t2,INCONSISTENCY,nextIndex=0,followerCommit=0,matchIndex=-1
2022-10-24 03:16:32,076 [grpc-default-executor-8] INFO  leader.FollowerInfo (FollowerInfoImpl.java:lambda$new$0(48)) - s1@group-6912872F20E7->s3: nextIndex: updateUnconditionally 1 -> 0
2022-10-24 03:16:32,078 [s3-server-thread3] DEBUG server.RaftServer$Division (RaftServerImpl.java:logAppendEntries(1418)) - s3@group-6912872F20E7: receive appendEntries(s1, 2, null, 0, true, commits:[s1:c0, s3:c0, s4:c0, s0:c0, s2:c0], cId:327, entries: [(t:2, i:0), CONFIGURATIONENTRY(current:id: "s3"
address: "localhost:39579"
dataStreamAddress: "localhost:46293"
clientAddress: "localhost:33409"
adminAddress: "localhost:42243"
startupRole: FOLLOWER
,id: "s4"
address: "localhost:45747"
dataStreamAddress: "localhost:42993"
clientAddress: "localhost:44435"
adminAddress: "localhost:35149"
startupRole: FOLLOWER
,id: "s0"
address: "localhost:36179"
dataStreamAddress: "localhost:33505"
clientAddress: "localhost:36175"
adminAddress: "localhost:46501"
startupRole: FOLLOWER
,id: "s1"
address: "localhost:36635"
dataStreamAddress: "localhost:41297"
clientAddress: "localhost:39775"
adminAddress: "localhost:41981"
startupRole: FOLLOWER
,id: "s2"
address: "localhost:36969"
dataStreamAddress: "localhost:38077"
clientAddress: "localhost:40489"
adminAddress: "localhost:37929"
startupRole: FOLLOWER
, old:)]
2022-10-24 03:16:32,078 [s3-server-thread3] INFO  server.RaftServer$Division (RaftServerImpl.java:checkInconsistentAppendEntries(1589)) - s3@group-6912872F20E7: Failed appendEntries as the first entry (index 0) already exists (snapshotIndex: -1, commitIndex: 0)
2022-10-24 03:16:32,078 [s3-server-thread3] INFO  server.RaftServer$Division (RaftServerImpl.java:checkInconsistentAppendEntries(1569)) - s3@group-6912872F20E7: inconsistency entries. Reply:s1<-s3#327:FAIL-t2,INCONSISTENCY,nextIndex=1,followerCommit=0,matchIndex=-1
2022-10-24 03:16:32,078 [grpc-default-executor-8] INFO  leader.FollowerInfo (FollowerInfoImpl.java:lambda$new$0(48)) - s1@group-6912872F20E7->s3: nextIndex: updateUnconditionally 1 -> 1
2022-10-24 03:16:32,101 [Time-limited test] INFO  grpc.TestLeaderElectionWithGrpc (LeaderElectionTests.java:enforceLeader(292)) - try enforcing leader to s3 but new leader is s1
2022-10-24 03:16:32,101 [Time-limited test] INFO  server.RaftServerConfigKeys (ConfUtils.java:logGet(46)) - raft.server.rpc.timeout.max = 300ms (default)
2022-10-24 03:16:32,139 [s1@group-6912872F20E7->s0-GrpcLogAppender-LogAppenderDaemon] INFO  util.CodeInjectionForTesting (DelayLocalExecutionInjection.java:execute(65)) - s1 delay 150 ms, args=[serverRequest {
  requestorId: "s1"
  replyId: "s0"
  raftGroupId {
    id: "\226\001\321s\341\rE_\235\364i\022\207/ \347"
  }
  callId: 161
  slidingWindowEntry {
  }
}
leaderTerm: 2
previousLog {
  term: 2
}
initializing: true
commitInfos {
  server {
    id: "s1"
    address: "localhost:36635"
    dataStreamAddress: "localhost:41297"
    clientAddress: "localhost:39775"
    adminAddress: "localhost:41981"
    startupRole: FOLLOWER
  }
}
commitInfos {
  server {
    id: "s3"
    address: "localhost:39579"
    dataStreamAddress: "localhost:46293"
    clientAddress: "localhost:33409"
    adminAddress: "localhost:42243"
    startupRole: FOLLOWER
  }
}
commitInfos {
  server {
    id: "s4"
    address: "localhost:45747"
    dataStreamAddress: "localhost:42993"
    clientAddress: "localhost:44435"
    adminAddress: "localhost:35149"
    startupRole: FOLLOWER
  }
}
commitInfos {
  server {
    id: "s0"
    address: "localhost:36179"
    dataStreamAddress: "localhost:33505"
    clientAddress: "localhost:36175"
    adminAddress: "localhost:46501"
    startupRole: FOLLOWER
  }
}
commitInfos {
  server {
    id: "s2"
    address: "localhost:36969"
    dataStreamAddress: "localhost:38077"
    clientAddress: "localhost:40489"
    adminAddress: "localhost:37929"
    startupRole: FOLLOWER
  }
}
]
2022-10-24 03:16:32,140 [s1@group-6912872F20E7->s2-GrpcLogAppender-LogAppenderDaemon] INFO  util.CodeInjectionForTesting (DelayLocalExecutionInjection.java:execute(65)) - s1 delay 150 ms, args=[serverRequest {
  requestorId: "s1"
  replyId: "s2"
  raftGroupId {
    id: "\226\001\321s\341\rE_\235\364i\022\207/ \347"
  }
  callId: 160
  slidingWindowEntry {
  }
}
leaderTerm: 2
previousLog {
  term: 2
}
initializing: true
commitInfos {
  server {
    id: "s1"
    address: "localhost:36635"
    dataStreamAddress: "localhost:41297"
    clientAddress: "localhost:39775"
    adminAddress: "localhost:41981"
    startupRole: FOLLOWER
  }
}
commitInfos {
  server {
    id: "s3"
    address: "localhost:39579"
    dataStreamAddress: "localhost:46293"
    clientAddress: "localhost:33409"
    adminAddress: "localhost:42243"
    startupRole: FOLLOWER
  }
}
commitInfos {
  server {
    id: "s4"
    address: "localhost:45747"
    dataStreamAddress: "localhost:42993"
    clientAddress: "localhost:44435"
    adminAddress: "localhost:35149"
    startupRole: FOLLOWER
  }
}
commitInfos {
  server {
    id: "s0"
    address: "localhost:36179"
    dataStreamAddress: "localhost:33505"
    clientAddress: "localhost:36175"
    adminAddress: "localhost:46501"
    startupRole: FOLLOWER
  }
}
commitInfos {
  server {
    id: "s2"
    address: "localhost:36969"
    dataStreamAddress: "localhost:38077"
    clientAddress: "localhost:40489"
    adminAddress: "localhost:37929"
    startupRole: FOLLOWER
  }
}
]
2022-10-24 03:16:32,154 [s1@group-6912872F20E7->s3-GrpcLogAppender-LogAppenderDaemon] INFO  util.CodeInjectionForTesting (DelayLocalExecutionInjection.java:execute(65)) - s1 delay 150 ms, args=[serverRequest {
  requestorId: "s1"
  replyId: "s3"
  raftGroupId {
    id: "\226\001\321s\341\rE_\235\364i\022\207/ \347"
  }
  callId: 328
  slidingWindowEntry {
  }
}
leaderTerm: 2
previousLog {
  term: 2
}
initializing: true
commitInfos {
  server {
    id: "s1"
    address: "localhost:36635"
    dataStreamAddress: "localhost:41297"
    clientAddress: "localhost:39775"
    adminAddress: "localhost:41981"
    startupRole: FOLLOWER
  }
}
commitInfos {
  server {
    id: "s3"
    address: "localhost:39579"
    dataStreamAddress: "localhost:46293"
    clientAddress: "localhost:33409"
    adminAddress: "localhost:42243"
    startupRole: FOLLOWER
  }
}
commitInfos {
  server {
    id: "s4"
    address: "localhost:45747"
    dataStreamAddress: "localhost:42993"
    clientAddress: "localhost:44435"
    adminAddress: "localhost:35149"
    startupRole: FOLLOWER
  }
}
commitInfos {
  server {
    id: "s0"
    address: "localhost:36179"
    dataStreamAddress: "localhost:33505"
    clientAddress: "localhost:36175"
    adminAddress: "localhost:46501"
    startupRole: FOLLOWER
  }
}
commitInfos {
  server {
    id: "s2"
    address: "localhost:36969"
    dataStreamAddress: "localhost:38077"
    clientAddress: "localhost:40489"
    adminAddress: "localhost:37929"
    startupRole: FOLLOWER
  }
}
]
2022-10-24 03:16:32,165 [s1@group-6912872F20E7->s4-GrpcLogAppender-LogAppenderDaemon] INFO  util.CodeInjectionForTesting (DelayLocalExecutionInjection.java:execute(65)) - s1 delay 150 ms, args=[serverRequest {
  requestorId: "s1"
  replyId: "s4"
  raftGroupId {
    id: "\226\001\321s\341\rE_\235\364i\022\207/ \347"
  }
  callId: 160
  slidingWindowEntry {
  }
}
leaderTerm: 2
previousLog {
  term: 2
}
initializing: true
commitInfos {
  server {
    id: "s1"
    address: "localhost:36635"
    dataStreamAddress: "localhost:41297"
    clientAddress: "localhost:39775"
    adminAddress: "localhost:41981"
    startupRole: FOLLOWER
  }
}
commitInfos {
  server {
    id: "s3"
    address: "localhost:39579"
    dataStreamAddress: "localhost:46293"
    clientAddress: "localhost:33409"
    adminAddress: "localhost:42243"
    startupRole: FOLLOWER
  }
}
commitInfos {
  server {
    id: "s4"
    address: "localhost:45747"
    dataStreamAddress: "localhost:42993"
    clientAddress: "localhost:44435"
    adminAddress: "localhost:35149"
    startupRole: FOLLOWER
  }
}
commitInfos {
  server {
    id: "s0"
    address: "localhost:36179"
    dataStreamAddress: "localhost:33505"
    clientAddress: "localhost:36175"
    adminAddress: "localhost:46501"
    startupRole: FOLLOWER
  }
}
commitInfos {
  server {
    id: "s2"
    address: "localhost:36969"
    dataStreamAddress: "localhost:38077"
    clientAddress: "localhost:40489"
    adminAddress: "localhost:37929"
    startupRole: FOLLOWER
  }
}
]
2022-10-24 03:16:32,288 [s0@group-6912872F20E7-FollowerState] INFO  impl.FollowerState (FollowerState.java:run(143)) - s0@group-6912872F20E7-FollowerState: change to CANDIDATE, lastRpcElapsedTime:225098684ns, electionTimeout:151ms
2022-10-24 03:16:32,288 [s0@group-6912872F20E7-FollowerState] INFO  impl.RoleInfo (RoleInfo.java:shutdownFollowerState(110)) - s0: shutdown s0@group-6912872F20E7-FollowerState
2022-10-24 03:16:32,289 [s0@group-6912872F20E7-FollowerState] INFO  server.RaftServer$Division (RaftServerImpl.java:setRole(325)) - s0@group-6912872F20E7: changes role from  FOLLOWER to CANDIDATE at term 2 for changeToCandidate
2022-10-24 03:16:32,289 [s0@group-6912872F20E7-FollowerState] INFO  server.RaftServerConfigKeys (ConfUtils.java:logGet(46)) - raft.server.leaderelection.pre-vote = true (default)
2022-10-24 03:16:32,289 [s0@group-6912872F20E7-FollowerState] INFO  impl.RoleInfo (RoleInfo.java:updateAndGet(139)) - s0: start s0@group-6912872F20E7-LeaderElection51
2022-10-24 03:16:32,289 [s0@group-6912872F20E7-LeaderElection51] INFO  server.RaftServer$Division (ServerState.java:setLeader(259)) - s0@group-6912872F20E7: change Leader from s1 to null at term 2 for PRE_VOTE
2022-10-24 03:16:32,289 [s0@group-6912872F20E7-LeaderElection51] INFO  impl.LeaderElection (LeaderElection.java:askForVotes(309)) - s0@group-6912872F20E7-LeaderElection51 PRE_VOTE round 0: submit vote requests at term 2 for 0: peers:[s3|rpc:localhost:39579|admin:localhost:42243|client:localhost:33409|dataStream:localhost:46293|priority:0|startupRole:FOLLOWER, s4|rpc:localhost:45747|admin:localhost:35149|client:localhost:44435|dataStream:localhost:42993|priority:0|startupRole:FOLLOWER, s0|rpc:localhost:36179|admin:localhost:46501|client:localhost:36175|dataStream:localhost:33505|priority:0|startupRole:FOLLOWER, s1|rpc:localhost:36635|admin:localhost:41981|client:localhost:39775|dataStream:localhost:41297|priority:0|startupRole:FOLLOWER, s2|rpc:localhost:36969|admin:localhost:37929|client:localhost:40489|dataStream:localhost:38077|priority:0|startupRole:FOLLOWER]|listeners:[], old=null
2022-10-24 03:16:32,290 [s0@group-6912872F20E7-LeaderElection51-2] INFO  util.CodeInjectionForTesting (DelayLocalExecutionInjection.java:execute(65)) - s0 delay 150 ms, args=[serverRequest {
  requestorId: "s0"
  replyId: "s4"
  raftGroupId {
    id: "\226\001\321s\341\rE_\235\364i\022\207/ \347"
  }
  slidingWindowEntry {
  }
}
candidateTerm: 2
candidateLastEntry {
  term: 2
}
preVote: true
]
2022-10-24 03:16:32,290 [s0-server-thread4] INFO  server.RaftServer$Division (RaftServerImpl.java:setRole(325)) - s0@group-6912872F20E7: changes role from CANDIDATE to FOLLOWER at term 2 for appendEntries
2022-10-24 03:16:32,290 [s0-server-thread4] INFO  impl.RoleInfo (RoleInfo.java:shutdownLeaderElection(130)) - s0: shutdown s0@group-6912872F20E7-LeaderElection51
2022-10-24 03:16:32,290 [s0-server-thread4] INFO  impl.RoleInfo (RoleInfo.java:updateAndGet(139)) - s0: start s0@group-6912872F20E7-FollowerState
2022-10-24 03:16:32,290 [s0@group-6912872F20E7-LeaderElection51-3] INFO  util.CodeInjectionForTesting (DelayLocalExecutionInjection.java:execute(65)) - s0 delay 150 ms, args=[serverRequest {
  requestorId: "s0"
  replyId: "s1"
  raftGroupId {
    id: "\226\001\321s\341\rE_\235\364i\022\207/ \347"
  }
  slidingWindowEntry {
  }
}
candidateTerm: 2
candidateLastEntry {
  term: 2
}
preVote: true
]
2022-10-24 03:16:32,291 [s0@group-6912872F20E7-LeaderElection51-1] INFO  util.CodeInjectionForTesting (DelayLocalExecutionInjection.java:execute(65)) - s0 delay 150 ms, args=[serverRequest {
  requestorId: "s0"
  replyId: "s3"
  raftGroupId {
    id: "\226\001\321s\341\rE_\235\364i\022\207/ \347"
  }
  slidingWindowEntry {
  }
}
candidateTerm: 2
candidateLastEntry {
  term: 2
}
preVote: true
]
2022-10-24 03:16:32,291 [s0@group-6912872F20E7-LeaderElection51] INFO  impl.LeaderElection (LeaderElection.java:logAndReturn(89)) - s0@group-6912872F20E7-LeaderElection51: PRE_VOTE REJECTED received 0 response(s) and 0 exception(s):
2022-10-24 03:16:32,291 [s0@group-6912872F20E7-LeaderElection51] INFO  impl.LeaderElection (LeaderElection.java:askForVotes(311)) - s0@group-6912872F20E7-LeaderElection51 PRE_VOTE round 0: result REJECTED
2022-10-24 03:16:32,291 [s0-server-thread4] INFO  server.RaftServer$Division (ServerState.java:setLeader(259)) - s0@group-6912872F20E7: change Leader from null to s1 at term 2 for appendEntries, leader elected after 1ms
2022-10-24 03:16:32,291 [s0@group-6912872F20E7-LeaderElection51-4] INFO  util.CodeInjectionForTesting (DelayLocalExecutionInjection.java:execute(65)) - s0 delay 150 ms, args=[serverRequest {
  requestorId: "s0"
  replyId: "s2"
  raftGroupId {
    id: "\226\001\321s\341\rE_\235\364i\022\207/ \347"
  }
  slidingWindowEntry {
  }
}
candidateTerm: 2
candidateLastEntry {
  term: 2
}
preVote: true
]
2022-10-24 03:16:32,304 [s3-server-thread3] INFO  util.CodeInjectionForTesting (BlockRequestHandlingInjection.java:execute(77)) - s3: Block request from s1
2022-10-24 03:16:32,342 [s1@group-6912872F20E7->s3-GrpcLogAppender-LogAppenderDaemon] INFO  util.CodeInjectionForTesting (DelayLocalExecutionInjection.java:execute(65)) - s1 delay 150 ms, args=[serverRequest {
  requestorId: "s1"
  replyId: "s3"
  raftGroupId {
    id: "\226\001\321s\341\rE_\235\364i\022\207/ \347"
  }
  callId: 329
  slidingWindowEntry {
  }
}
leaderTerm: 2
previousLog {
  term: 2
}
initializing: true
commitInfos {
  server {
    id: "s1"
    address: "localhost:36635"
    dataStreamAddress: "localhost:41297"
    clientAddress: "localhost:39775"
    adminAddress: "localhost:41981"
    startupRole: FOLLOWER
  }
}
commitInfos {
  server {
    id: "s3"
    address: "localhost:39579"
    dataStreamAddress: "localhost:46293"
    clientAddress: "localhost:33409"
    adminAddress: "localhost:42243"
    startupRole: FOLLOWER
  }
}
commitInfos {
  server {
    id: "s4"
    address: "localhost:45747"
    dataStreamAddress: "localhost:42993"
    clientAddress: "localhost:44435"
    adminAddress: "localhost:35149"
    startupRole: FOLLOWER
  }
}
commitInfos {
  server {
    id: "s0"
    address: "localhost:36179"
    dataStreamAddress: "localhost:33505"
    clientAddress: "localhost:36175"
    adminAddress: "localhost:46501"
    startupRole: FOLLOWER
  }
}
commitInfos {
  server {
    id: "s2"
    address: "localhost:36969"
    dataStreamAddress: "localhost:38077"
    clientAddress: "localhost:40489"
    adminAddress: "localhost:37929"
    startupRole: FOLLOWER
  }
}
]
2022-10-24 03:16:32,367 [s1@group-6912872F20E7->s2-GrpcLogAppender-LogAppenderDaemon] INFO  util.CodeInjectionForTesting (DelayLocalExecutionInjection.java:execute(65)) - s1 delay 150 ms, args=[serverRequest {
  requestorId: "s1"
  replyId: "s2"
  raftGroupId {
    id: "\226\001\321s\341\rE_\235\364i\022\207/ \347"
  }
  callId: 161
  slidingWindowEntry {
  }
}
leaderTerm: 2
previousLog {
  term: 2
}
initializing: true
commitInfos {
  server {
    id: "s1"
    address: "localhost:36635"
    dataStreamAddress: "localhost:41297"
    clientAddress: "localhost:39775"
    adminAddress: "localhost:41981"
    startupRole: FOLLOWER
  }
}
commitInfos {
  server {
    id: "s3"
    address: "localhost:39579"
    dataStreamAddress: "localhost:46293"
    clientAddress: "localhost:33409"
    adminAddress: "localhost:42243"
    startupRole: FOLLOWER
  }
}
commitInfos {
  server {
    id: "s4"
    address: "localhost:45747"
    dataStreamAddress: "localhost:42993"
    clientAddress: "localhost:44435"
    adminAddress: "localhost:35149"
    startupRole: FOLLOWER
  }
}
commitInfos {
  server {
    id: "s0"
    address: "localhost:36179"
    dataStreamAddress: "localhost:33505"
    clientAddress: "localhost:36175"
    adminAddress: "localhost:46501"
    startupRole: FOLLOWER
  }
}
commitInfos {
  server {
    id: "s2"
    address: "localhost:36969"
    dataStreamAddress: "localhost:38077"
    clientAddress: "localhost:40489"
    adminAddress: "localhost:37929"
    startupRole: FOLLOWER
  }
}
]
2022-10-24 03:16:32,367 [s1@group-6912872F20E7->s0-GrpcLogAppender-LogAppenderDaemon] INFO  util.CodeInjectionForTesting (DelayLocalExecutionInjection.java:execute(65)) - s1 delay 150 ms, args=[serverRequest {
  requestorId: "s1"
  replyId: "s0"
  raftGroupId {
    id: "\226\001\321s\341\rE_\235\364i\022\207/ \347"
  }
  callId: 162
  slidingWindowEntry {
  }
}
leaderTerm: 2
previousLog {
  term: 2
}
initializing: true
commitInfos {
  server {
    id: "s1"
    address: "localhost:36635"
    dataStreamAddress: "localhost:41297"
    clientAddress: "localhost:39775"
    adminAddress: "localhost:41981"
    startupRole: FOLLOWER
  }
}
commitInfos {
  server {
    id: "s3"
    address: "localhost:39579"
    dataStreamAddress: "localhost:46293"
    clientAddress: "localhost:33409"
    adminAddress: "localhost:42243"
    startupRole: FOLLOWER
  }
}
commitInfos {
  server {
    id: "s4"
    address: "localhost:45747"
    dataStreamAddress: "localhost:42993"
    clientAddress: "localhost:44435"
    adminAddress: "localhost:35149"
    startupRole: FOLLOWER
  }
}
commitInfos {
  server {
    id: "s0"
    address: "localhost:36179"
    dataStreamAddress: "localhost:33505"
    clientAddress: "localhost:36175"
    adminAddress: "localhost:46501"
    startupRole: FOLLOWER
  }
}
commitInfos {
  server {
    id: "s2"
    address: "localhost:36969"
    dataStreamAddress: "localhost:38077"
    clientAddress: "localhost:40489"
    adminAddress: "localhost:37929"
    startupRole: FOLLOWER
  }
}
]
2022-10-24 03:16:32,392 [s1@group-6912872F20E7->s4-GrpcLogAppender-LogAppenderDaemon] INFO  util.CodeInjectionForTesting (DelayLocalExecutionInjection.java:execute(65)) - s1 delay 150 ms, args=[serverRequest {
  requestorId: "s1"
  replyId: "s4"
  raftGroupId {
    id: "\226\001\321s\341\rE_\235\364i\022\207/ \347"
  }
  callId: 161
  slidingWindowEntry {
  }
}
leaderTerm: 2
previousLog {
  term: 2
}
initializing: true
commitInfos {
  server {
    id: "s1"
    address: "localhost:36635"
    dataStreamAddress: "localhost:41297"
    clientAddress: "localhost:39775"
    adminAddress: "localhost:41981"
    startupRole: FOLLOWER
  }
}
commitInfos {
  server {
    id: "s3"
    address: "localhost:39579"
    dataStreamAddress: "localhost:46293"
    clientAddress: "localhost:33409"
    adminAddress: "localhost:42243"
    startupRole: FOLLOWER
  }
}
commitInfos {
  server {
    id: "s4"
    address: "localhost:45747"
    dataStreamAddress: "localhost:42993"
    clientAddress: "localhost:44435"
    adminAddress: "localhost:35149"
    startupRole: FOLLOWER
  }
}
commitInfos {
  server {
    id: "s0"
    address: "localhost:36179"
    dataStreamAddress: "localhost:33505"
    clientAddress: "localhost:36175"
    adminAddress: "localhost:46501"
    startupRole: FOLLOWER
  }
}
commitInfos {
  server {
    id: "s2"
    address: "localhost:36969"
    dataStreamAddress: "localhost:38077"
    clientAddress: "localhost:40489"
    adminAddress: "localhost:37929"
    startupRole: FOLLOWER
  }
}
]
2022-10-24 03:16:32,430 [s3@group-6912872F20E7-FollowerState] INFO  impl.FollowerState (FollowerState.java:run(143)) - s3@group-6912872F20E7-FollowerState: change to CANDIDATE, lastRpcElapsedTime:352071516ns, electionTimeout:284ms
2022-10-24 03:16:32,430 [s3@group-6912872F20E7-FollowerState] INFO  impl.RoleInfo (RoleInfo.java:shutdownFollowerState(110)) - s3: shutdown s3@group-6912872F20E7-FollowerState
2022-10-24 03:16:32,430 [s3@group-6912872F20E7-FollowerState] INFO  server.RaftServer$Division (RaftServerImpl.java:setRole(325)) - s3@group-6912872F20E7: changes role from  FOLLOWER to CANDIDATE at term 2 for changeToCandidate
2022-10-24 03:16:32,430 [s3@group-6912872F20E7-FollowerState] INFO  server.RaftServerConfigKeys (ConfUtils.java:logGet(46)) - raft.server.leaderelection.pre-vote = true (default)
2022-10-24 03:16:32,431 [s3@group-6912872F20E7-FollowerState] INFO  impl.RoleInfo (RoleInfo.java:updateAndGet(139)) - s3: start s3@group-6912872F20E7-LeaderElection52
2022-10-24 03:16:32,431 [s3@group-6912872F20E7-LeaderElection52] INFO  server.RaftServer$Division (ServerState.java:setLeader(259)) - s3@group-6912872F20E7: change Leader from s1 to null at term 2 for PRE_VOTE
2022-10-24 03:16:32,431 [s3@group-6912872F20E7-LeaderElection52] INFO  impl.LeaderElection (LeaderElection.java:askForVotes(309)) - s3@group-6912872F20E7-LeaderElection52 PRE_VOTE round 0: submit vote requests at term 2 for 0: peers:[s3|rpc:localhost:39579|admin:localhost:42243|client:localhost:33409|dataStream:localhost:46293|priority:0|startupRole:FOLLOWER, s4|rpc:localhost:45747|admin:localhost:35149|client:localhost:44435|dataStream:localhost:42993|priority:0|startupRole:FOLLOWER, s0|rpc:localhost:36179|admin:localhost:46501|client:localhost:36175|dataStream:localhost:33505|priority:0|startupRole:FOLLOWER, s1|rpc:localhost:36635|admin:localhost:41981|client:localhost:39775|dataStream:localhost:41297|priority:0|startupRole:FOLLOWER, s2|rpc:localhost:36969|admin:localhost:37929|client:localhost:40489|dataStream:localhost:38077|priority:0|startupRole:FOLLOWER]|listeners:[], old=null
2022-10-24 03:16:32,434 [grpc-default-executor-4] INFO  server.RaftServer$Division (RaftServerImpl.java:requestVote(1291)) - s4@group-6912872F20E7: receive requestVote(PRE_VOTE, s3, group-6912872F20E7, 2, (t:1, i:0))
2022-10-24 03:16:32,434 [grpc-default-executor-4] INFO  impl.VoteContext (VoteContext.java:log(49)) - s4@group-6912872F20E7-FOLLOWER: reject PRE_VOTE from s3: this server is a follower and still has a valid leader s1
2022-10-24 03:16:32,434 [grpc-default-executor-4] INFO  server.RaftServer$Division (RaftServerImpl.java:requestVote(1324)) - s4@group-6912872F20E7 replies to PRE_VOTE vote request: s3<-s4#0:FAIL-t2. Peer's state: s4@group-6912872F20E7:t2, leader=s1, voted=s1, raftlog=Memoized:s4@group-6912872F20E7-SegmentedRaftLog:OPENED:c0, conf=0: peers:[s3|rpc:localhost:39579|admin:localhost:42243|client:localhost:33409|dataStream:localhost:46293|priority:0|startupRole:FOLLOWER, s4|rpc:localhost:45747|admin:localhost:35149|client:localhost:44435|dataStream:localhost:42993|priority:0|startupRole:FOLLOWER, s0|rpc:localhost:36179|admin:localhost:46501|client:localhost:36175|dataStream:localhost:33505|priority:0|startupRole:FOLLOWER, s1|rpc:localhost:36635|admin:localhost:41981|client:localhost:39775|dataStream:localhost:41297|priority:0|startupRole:FOLLOWER, s2|rpc:localhost:36969|admin:localhost:37929|client:localhost:40489|dataStream:localhost:38077|priority:0|startupRole:FOLLOWER]|listeners:[], old=null
2022-10-24 03:16:32,434 [grpc-default-executor-15] INFO  server.RaftServer$Division (RaftServerImpl.java:requestVote(1291)) - s1@group-6912872F20E7: receive requestVote(PRE_VOTE, s3, group-6912872F20E7, 2, (t:1, i:0))
2022-10-24 03:16:32,435 [grpc-default-executor-34] INFO  server.RaftServer$Division (RaftServerImpl.java:requestVote(1291)) - s0@group-6912872F20E7: receive requestVote(PRE_VOTE, s3, group-6912872F20E7, 2, (t:1, i:0))
2022-10-24 03:16:32,435 [grpc-default-executor-34] INFO  impl.VoteContext (VoteContext.java:log(49)) - s0@group-6912872F20E7-FOLLOWER: reject PRE_VOTE from s3: this server is a follower and still has a valid leader s1
2022-10-24 03:16:32,435 [grpc-default-executor-34] INFO  server.RaftServer$Division (RaftServerImpl.java:requestVote(1324)) - s0@group-6912872F20E7 replies to PRE_VOTE vote request: s3<-s0#0:FAIL-t2. Peer's state: s0@group-6912872F20E7:t2, leader=s1, voted=s1, raftlog=Memoized:s0@group-6912872F20E7-SegmentedRaftLog:OPENED:c0, conf=0: peers:[s3|rpc:localhost:39579|admin:localhost:42243|client:localhost:33409|dataStream:localhost:46293|priority:0|startupRole:FOLLOWER, s4|rpc:localhost:45747|admin:localhost:35149|client:localhost:44435|dataStream:localhost:42993|priority:0|startupRole:FOLLOWER, s0|rpc:localhost:36179|admin:localhost:46501|client:localhost:36175|dataStream:localhost:33505|priority:0|startupRole:FOLLOWER, s1|rpc:localhost:36635|admin:localhost:41981|client:localhost:39775|dataStream:localhost:41297|priority:0|startupRole:FOLLOWER, s2|rpc:localhost:36969|admin:localhost:37929|client:localhost:40489|dataStream:localhost:38077|priority:0|startupRole:FOLLOWER]|listeners:[], old=null
2022-10-24 03:16:32,436 [grpc-default-executor-25] INFO  server.RaftServer$Division (RaftServerImpl.java:requestVote(1291)) - s2@group-6912872F20E7: receive requestVote(PRE_VOTE, s3, group-6912872F20E7, 2, (t:1, i:0))
2022-10-24 03:16:32,436 [grpc-default-executor-25] INFO  impl.VoteContext (VoteContext.java:log(49)) - s2@group-6912872F20E7-FOLLOWER: reject PRE_VOTE from s3: this server is a follower and still has a valid leader s1
2022-10-24 03:16:32,436 [grpc-default-executor-25] INFO  server.RaftServer$Division (RaftServerImpl.java:requestVote(1324)) - s2@group-6912872F20E7 replies to PRE_VOTE vote request: s3<-s2#0:FAIL-t2. Peer's state: s2@group-6912872F20E7:t2, leader=s1, voted=s1, raftlog=Memoized:s2@group-6912872F20E7-SegmentedRaftLog:OPENED:c0, conf=0: peers:[s3|rpc:localhost:39579|admin:localhost:42243|client:localhost:33409|dataStream:localhost:46293|priority:0|startupRole:FOLLOWER, s4|rpc:localhost:45747|admin:localhost:35149|client:localhost:44435|dataStream:localhost:42993|priority:0|startupRole:FOLLOWER, s0|rpc:localhost:36179|admin:localhost:46501|client:localhost:36175|dataStream:localhost:33505|priority:0|startupRole:FOLLOWER, s1|rpc:localhost:36635|admin:localhost:41981|client:localhost:39775|dataStream:localhost:41297|priority:0|startupRole:FOLLOWER, s2|rpc:localhost:36969|admin:localhost:37929|client:localhost:40489|dataStream:localhost:38077|priority:0|startupRole:FOLLOWER]|listeners:[], old=null
2022-10-24 03:16:32,435 [grpc-default-executor-15] INFO  impl.VoteContext (VoteContext.java:log(49)) - s1@group-6912872F20E7-LEADER: reject PRE_VOTE from s3: this server is the leader and still has leadership
2022-10-24 03:16:32,436 [grpc-default-executor-15] INFO  server.RaftServer$Division (RaftServerImpl.java:requestVote(1324)) - s1@group-6912872F20E7 replies to PRE_VOTE vote request: s3<-s1#0:FAIL-t2. Peer's state: s1@group-6912872F20E7:t2, leader=s1, voted=s1, raftlog=Memoized:s1@group-6912872F20E7-SegmentedRaftLog:OPENED:c0, conf=0: peers:[s3|rpc:localhost:39579|admin:localhost:42243|client:localhost:33409|dataStream:localhost:46293|priority:0|startupRole:FOLLOWER, s4|rpc:localhost:45747|admin:localhost:35149|client:localhost:44435|dataStream:localhost:42993|priority:0|startupRole:FOLLOWER, s0|rpc:localhost:36179|admin:localhost:46501|client:localhost:36175|dataStream:localhost:33505|priority:0|startupRole:FOLLOWER, s1|rpc:localhost:36635|admin:localhost:41981|client:localhost:39775|dataStream:localhost:41297|priority:0|startupRole:FOLLOWER, s2|rpc:localhost:36969|admin:localhost:37929|client:localhost:40489|dataStream:localhost:38077|priority:0|startupRole:FOLLOWER]|listeners:[], old=null
2022-10-24 03:16:32,437 [s3@group-6912872F20E7-LeaderElection52] INFO  impl.LeaderElection (LeaderElection.java:logAndReturn(89)) - s3@group-6912872F20E7-LeaderElection52: PRE_VOTE REJECTED received 3 response(s) and 0 exception(s):
2022-10-24 03:16:32,438 [s3@group-6912872F20E7-LeaderElection52] INFO  impl.LeaderElection (LeaderElection.java:logAndReturn(93)) -   Response 0: s3<-s4#0:FAIL-t2
2022-10-24 03:16:32,438 [s3@group-6912872F20E7-LeaderElection52] INFO  impl.LeaderElection (LeaderElection.java:logAndReturn(93)) -   Response 1: s3<-s0#0:FAIL-t2
2022-10-24 03:16:32,438 [s3@group-6912872F20E7-LeaderElection52] INFO  impl.LeaderElection (LeaderElection.java:logAndReturn(93)) -   Response 2: s3<-s1#0:FAIL-t2
2022-10-24 03:16:32,438 [s3@group-6912872F20E7-LeaderElection52] INFO  impl.LeaderElection (LeaderElection.java:askForVotes(311)) - s3@group-6912872F20E7-LeaderElection52 PRE_VOTE round 0: result REJECTED
2022-10-24 03:16:32,438 [s3@group-6912872F20E7-LeaderElection52] INFO  server.RaftServer$Division (RaftServerImpl.java:setRole(325)) - s3@group-6912872F20E7: changes role from CANDIDATE to FOLLOWER at term 2 for REJECTED
2022-10-24 03:16:32,438 [s3@group-6912872F20E7-LeaderElection52] INFO  impl.RoleInfo (RoleInfo.java:shutdownLeaderElection(130)) - s3: shutdown s3@group-6912872F20E7-LeaderElection52
2022-10-24 03:16:32,438 [s3@group-6912872F20E7-LeaderElection52] INFO  impl.RoleInfo (RoleInfo.java:updateAndGet(139)) - s3: start s3@group-6912872F20E7-FollowerState
2022-10-24 03:16:32,442 [grpc-default-executor-4] INFO  server.RaftServer$Division (RaftServerImpl.java:requestVote(1291)) - s4@group-6912872F20E7: receive requestVote(PRE_VOTE, s0, group-6912872F20E7, 2, (t:2, i:0))
2022-10-24 03:16:32,442 [grpc-default-executor-4] INFO  impl.VoteContext (VoteContext.java:log(49)) - s4@group-6912872F20E7-FOLLOWER: reject PRE_VOTE from s0: this server is a follower and still has a valid leader s1
2022-10-24 03:16:32,442 [grpc-default-executor-4] INFO  server.RaftServer$Division (RaftServerImpl.java:requestVote(1324)) - s4@group-6912872F20E7 replies to PRE_VOTE vote request: s0<-s4#0:FAIL-t2. Peer's state: s4@group-6912872F20E7:t2, leader=s1, voted=s1, raftlog=Memoized:s4@group-6912872F20E7-SegmentedRaftLog:OPENED:c0, conf=0: peers:[s3|rpc:localhost:39579|admin:localhost:42243|client:localhost:33409|dataStream:localhost:46293|priority:0|startupRole:FOLLOWER, s4|rpc:localhost:45747|admin:localhost:35149|client:localhost:44435|dataStream:localhost:42993|priority:0|startupRole:FOLLOWER, s0|rpc:localhost:36179|admin:localhost:46501|client:localhost:36175|dataStream:localhost:33505|priority:0|startupRole:FOLLOWER, s1|rpc:localhost:36635|admin:localhost:41981|client:localhost:39775|dataStream:localhost:41297|priority:0|startupRole:FOLLOWER, s2|rpc:localhost:36969|admin:localhost:37929|client:localhost:40489|dataStream:localhost:38077|priority:0|startupRole:FOLLOWER]|listeners:[], old=null
2022-10-24 03:16:32,442 [grpc-default-executor-15] INFO  util.CodeInjectionForTesting (BlockRequestHandlingInjection.java:execute(77)) - s3: Block request from s0
2022-10-24 03:16:32,443 [grpc-default-executor-4] INFO  server.RaftServer$Division (RaftServerImpl.java:requestVote(1291)) - s2@group-6912872F20E7: receive requestVote(PRE_VOTE, s0, group-6912872F20E7, 2, (t:2, i:0))
2022-10-24 03:16:32,443 [grpc-default-executor-4] INFO  impl.VoteContext (VoteContext.java:log(49)) - s2@group-6912872F20E7-FOLLOWER: accept PRE_VOTE from s0: our priority 0 <= candidate's priority 0
2022-10-24 03:16:32,443 [grpc-default-executor-4] INFO  server.RaftServer$Division (RaftServerImpl.java:requestVote(1324)) - s2@group-6912872F20E7 replies to PRE_VOTE vote request: s0<-s2#0:OK-t2. Peer's state: s2@group-6912872F20E7:t2, leader=s1, voted=s1, raftlog=Memoized:s2@group-6912872F20E7-SegmentedRaftLog:OPENED:c0, conf=0: peers:[s3|rpc:localhost:39579|admin:localhost:42243|client:localhost:33409|dataStream:localhost:46293|priority:0|startupRole:FOLLOWER, s4|rpc:localhost:45747|admin:localhost:35149|client:localhost:44435|dataStream:localhost:42993|priority:0|startupRole:FOLLOWER, s0|rpc:localhost:36179|admin:localhost:46501|client:localhost:36175|dataStream:localhost:33505|priority:0|startupRole:FOLLOWER, s1|rpc:localhost:36635|admin:localhost:41981|client:localhost:39775|dataStream:localhost:41297|priority:0|startupRole:FOLLOWER, s2|rpc:localhost:36969|admin:localhost:37929|client:localhost:40489|dataStream:localhost:38077|priority:0|startupRole:FOLLOWER]|listeners:[], old=null
2022-10-24 03:16:32,444 [grpc-default-executor-25] INFO  server.RaftServer$Division (RaftServerImpl.java:requestVote(1291)) - s1@group-6912872F20E7: receive requestVote(PRE_VOTE, s0, group-6912872F20E7, 2, (t:2, i:0))
2022-10-24 03:16:32,444 [grpc-default-executor-25] INFO  impl.VoteContext (VoteContext.java:log(49)) - s1@group-6912872F20E7-LEADER: reject PRE_VOTE from s0: this server is the leader and still has leadership
2022-10-24 03:16:32,444 [grpc-default-executor-25] INFO  server.RaftServer$Division (RaftServerImpl.java:requestVote(1324)) - s1@group-6912872F20E7 replies to PRE_VOTE vote request: s0<-s1#0:FAIL-t2. Peer's state: s1@group-6912872F20E7:t2, leader=s1, voted=s1, raftlog=Memoized:s1@group-6912872F20E7-SegmentedRaftLog:OPENED:c0, conf=0: peers:[s3|rpc:localhost:39579|admin:localhost:42243|client:localhost:33409|dataStream:localhost:46293|priority:0|startupRole:FOLLOWER, s4|rpc:localhost:45747|admin:localhost:35149|client:localhost:44435|dataStream:localhost:42993|priority:0|startupRole:FOLLOWER, s0|rpc:localhost:36179|admin:localhost:46501|client:localhost:36175|dataStream:localhost:33505|priority:0|startupRole:FOLLOWER, s1|rpc:localhost:36635|admin:localhost:41981|client:localhost:39775|dataStream:localhost:41297|priority:0|startupRole:FOLLOWER, s2|rpc:localhost:36969|admin:localhost:37929|client:localhost:40489|dataStream:localhost:38077|priority:0|startupRole:FOLLOWER]|listeners:[], old=null
2022-10-24 03:16:32,530 [s1@group-6912872F20E7->s3-GrpcLogAppender-LogAppenderDaemon] INFO  util.CodeInjectionForTesting (DelayLocalExecutionInjection.java:execute(65)) - s1 delay 150 ms, args=[serverRequest {
  requestorId: "s1"
  replyId: "s3"
  raftGroupId {
    id: "\226\001\321s\341\rE_\235\364i\022\207/ \347"
  }
  callId: 330
  slidingWindowEntry {
  }
}
leaderTerm: 2
previousLog {
  term: 2
}
initializing: true
commitInfos {
  server {
    id: "s1"
    address: "localhost:36635"
    dataStreamAddress: "localhost:41297"
    clientAddress: "localhost:39775"
    adminAddress: "localhost:41981"
    startupRole: FOLLOWER
  }
}
commitInfos {
  server {
    id: "s3"
    address: "localhost:39579"
    dataStreamAddress: "localhost:46293"
    clientAddress: "localhost:33409"
    adminAddress: "localhost:42243"
    startupRole: FOLLOWER
  }
}
commitInfos {
  server {
    id: "s4"
    address: "localhost:45747"
    dataStreamAddress: "localhost:42993"
    clientAddress: "localhost:44435"
    adminAddress: "localhost:35149"
    startupRole: FOLLOWER
  }
}
commitInfos {
  server {
    id: "s0"
    address: "localhost:36179"
    dataStreamAddress: "localhost:33505"
    clientAddress: "localhost:36175"
    adminAddress: "localhost:46501"
    startupRole: FOLLOWER
  }
}
commitInfos {
  server {
    id: "s2"
    address: "localhost:36969"
    dataStreamAddress: "localhost:38077"
    clientAddress: "localhost:40489"
    adminAddress: "localhost:37929"
    startupRole: FOLLOWER
  }
}
]
2022-10-24 03:16:32,594 [s1@group-6912872F20E7->s2-GrpcLogAppender-LogAppenderDaemon] INFO  util.CodeInjectionForTesting (DelayLocalExecutionInjection.java:execute(65)) - s1 delay 150 ms, args=[serverRequest {
  requestorId: "s1"
  replyId: "s2"
  raftGroupId {
    id: "\226\001\321s\341\rE_\235\364i\022\207/ \347"
  }
  callId: 162
  slidingWindowEntry {
  }
}
leaderTerm: 2
previousLog {
  term: 2
}
initializing: true
commitInfos {
  server {
    id: "s1"
    address: "localhost:36635"
    dataStreamAddress: "localhost:41297"
    clientAddress: "localhost:39775"
    adminAddress: "localhost:41981"
    startupRole: FOLLOWER
  }
}
commitInfos {
  server {
    id: "s3"
    address: "localhost:39579"
    dataStreamAddress: "localhost:46293"
    clientAddress: "localhost:33409"
    adminAddress: "localhost:42243"
    startupRole: FOLLOWER
  }
}
commitInfos {
  server {
    id: "s4"
    address: "localhost:45747"
    dataStreamAddress: "localhost:42993"
    clientAddress: "localhost:44435"
    adminAddress: "localhost:35149"
    startupRole: FOLLOWER
  }
}
commitInfos {
  server {
    id: "s0"
    address: "localhost:36179"
    dataStreamAddress: "localhost:33505"
    clientAddress: "localhost:36175"
    adminAddress: "localhost:46501"
    startupRole: FOLLOWER
  }
}
commitInfos {
  server {
    id: "s2"
    address: "localhost:36969"
    dataStreamAddress: "localhost:38077"
    clientAddress: "localhost:40489"
    adminAddress: "localhost:37929"
    startupRole: FOLLOWER
  }
}
]
2022-10-24 03:16:32,594 [s1@group-6912872F20E7->s0-GrpcLogAppender-LogAppenderDaemon] INFO  util.CodeInjectionForTesting (DelayLocalExecutionInjection.java:execute(65)) - s1 delay 150 ms, args=[serverRequest {
  requestorId: "s1"
  replyId: "s0"
  raftGroupId {
    id: "\226\001\321s\341\rE_\235\364i\022\207/ \347"
  }
  callId: 163
  slidingWindowEntry {
  }
}
leaderTerm: 2
previousLog {
  term: 2
}
initializing: true
commitInfos {
  server {
    id: "s1"
    address: "localhost:36635"
    dataStreamAddress: "localhost:41297"
    clientAddress: "localhost:39775"
    adminAddress: "localhost:41981"
    startupRole: FOLLOWER
  }
}
commitInfos {
  server {
    id: "s3"
    address: "localhost:39579"
    dataStreamAddress: "localhost:46293"
    clientAddress: "localhost:33409"
    adminAddress: "localhost:42243"
    startupRole: FOLLOWER
  }
}
commitInfos {
  server {
    id: "s4"
    address: "localhost:45747"
    dataStreamAddress: "localhost:42993"
    clientAddress: "localhost:44435"
    adminAddress: "localhost:35149"
    startupRole: FOLLOWER
  }
}
commitInfos {
  server {
    id: "s0"
    address: "localhost:36179"
    dataStreamAddress: "localhost:33505"
    clientAddress: "localhost:36175"
    adminAddress: "localhost:46501"
    startupRole: FOLLOWER
  }
}
commitInfos {
  server {
    id: "s2"
    address: "localhost:36969"
    dataStreamAddress: "localhost:38077"
    clientAddress: "localhost:40489"
    adminAddress: "localhost:37929"
    startupRole: FOLLOWER
  }
}
]
2022-10-24 03:16:32,618 [s1@group-6912872F20E7->s4-GrpcLogAppender-LogAppenderDaemon] INFO  util.CodeInjectionForTesting (DelayLocalExecutionInjection.java:execute(65)) - s1 delay 150 ms, args=[serverRequest {
  requestorId: "s1"
  replyId: "s4"
  raftGroupId {
    id: "\226\001\321s\341\rE_\235\364i\022\207/ \347"
  }
  callId: 162
  slidingWindowEntry {
  }
}
leaderTerm: 2
previousLog {
  term: 2
}
initializing: true
commitInfos {
  server {
    id: "s1"
    address: "localhost:36635"
    dataStreamAddress: "localhost:41297"
    clientAddress: "localhost:39775"
    adminAddress: "localhost:41981"
    startupRole: FOLLOWER
  }
}
commitInfos {
  server {
    id: "s3"
    address: "localhost:39579"
    dataStreamAddress: "localhost:46293"
    clientAddress: "localhost:33409"
    adminAddress: "localhost:42243"
    startupRole: FOLLOWER
  }
}
commitInfos {
  server {
    id: "s4"
    address: "localhost:45747"
    dataStreamAddress: "localhost:42993"
    clientAddress: "localhost:44435"
    adminAddress: "localhost:35149"
    startupRole: FOLLOWER
  }
}
commitInfos {
  server {
    id: "s0"
    address: "localhost:36179"
    dataStreamAddress: "localhost:33505"
    clientAddress: "localhost:36175"
    adminAddress: "localhost:46501"
    startupRole: FOLLOWER
  }
}
commitInfos {
  server {
    id: "s2"
    address: "localhost:36969"
    dataStreamAddress: "localhost:38077"
    clientAddress: "localhost:40489"
    adminAddress: "localhost:37929"
    startupRole: FOLLOWER
  }
}
]
2022-10-24 03:16:32,705 [s3@group-6912872F20E7-FollowerState] INFO  impl.FollowerState (FollowerState.java:run(143)) - s3@group-6912872F20E7-FollowerState: change to CANDIDATE, lastRpcElapsedTime:267081691ns, electionTimeout:266ms
2022-10-24 03:16:32,705 [s3@group-6912872F20E7-FollowerState] INFO  impl.RoleInfo (RoleInfo.java:shutdownFollowerState(110)) - s3: shutdown s3@group-6912872F20E7-FollowerState
2022-10-24 03:16:32,705 [s3@group-6912872F20E7-FollowerState] INFO  server.RaftServer$Division (RaftServerImpl.java:setRole(325)) - s3@group-6912872F20E7: changes role from  FOLLOWER to CANDIDATE at term 2 for changeToCandidate
2022-10-24 03:16:32,705 [s3@group-6912872F20E7-FollowerState] INFO  server.RaftServerConfigKeys (ConfUtils.java:logGet(46)) - raft.server.leaderelection.pre-vote = true (default)
2022-10-24 03:16:32,705 [s3@group-6912872F20E7-FollowerState] INFO  impl.RoleInfo (RoleInfo.java:updateAndGet(139)) - s3: start s3@group-6912872F20E7-LeaderElection53
2022-10-24 03:16:32,705 [Timer-0] INFO  impl.MiniRaftCluster (MiniRaftCluster.java:lambda$start$6(349)) - TIMED-PRINT: printing ALL groups
  s3:  RUNNING CANDIDATE s3@group-6912872F20E7:t2, leader=null, voted=null, raftlog=Memoized:s3@group-6912872F20E7-SegmentedRaftLog:OPENED:c0, conf=0: peers:[s3|rpc:localhost:39579|admin:localhost:42243|client:localhost:33409|dataStream:localhost:46293|priority:0|startupRole:FOLLOWER, s4|rpc:localhost:45747|admin:localhost:35149|client:localhost:44435|dataStream:localhost:42993|priority:0|startupRole:FOLLOWER, s0|rpc:localhost:36179|admin:localhost:46501|client:localhost:36175|dataStream:localhost:33505|priority:0|startupRole:FOLLOWER, s1|rpc:localhost:36635|admin:localhost:41981|client:localhost:39775|dataStream:localhost:41297|priority:0|startupRole:FOLLOWER, s2|rpc:localhost:36969|admin:localhost:37929|client:localhost:40489|dataStream:localhost:38077|priority:0|startupRole:FOLLOWER]|listeners:[], old=null RUNNING
  s4:  RUNNING  FOLLOWER s4@group-6912872F20E7:t2, leader=s1, voted=s1, raftlog=Memoized:s4@group-6912872F20E7-SegmentedRaftLog:OPENED:c0, conf=0: peers:[s3|rpc:localhost:39579|admin:localhost:42243|client:localhost:33409|dataStream:localhost:46293|priority:0|startupRole:FOLLOWER, s4|rpc:localhost:45747|admin:localhost:35149|client:localhost:44435|dataStream:localhost:42993|priority:0|startupRole:FOLLOWER, s0|rpc:localhost:36179|admin:localhost:46501|client:localhost:36175|dataStream:localhost:33505|priority:0|startupRole:FOLLOWER, s1|rpc:localhost:36635|admin:localhost:41981|client:localhost:39775|dataStream:localhost:41297|priority:0|startupRole:FOLLOWER, s2|rpc:localhost:36969|admin:localhost:37929|client:localhost:40489|dataStream:localhost:38077|priority:0|startupRole:FOLLOWER]|listeners:[], old=null RUNNING
  s0:  RUNNING  FOLLOWER s0@group-6912872F20E7:t2, leader=s1, voted=s1, raftlog=Memoized:s0@group-6912872F20E7-SegmentedRaftLog:OPENED:c0, conf=0: peers:[s3|rpc:localhost:39579|admin:localhost:42243|client:localhost:33409|dataStream:localhost:46293|priority:0|startupRole:FOLLOWER, s4|rpc:localhost:45747|admin:localhost:35149|client:localhost:44435|dataStream:localhost:42993|priority:0|startupRole:FOLLOWER, s0|rpc:localhost:36179|admin:localhost:46501|client:localhost:36175|dataStream:localhost:33505|priority:0|startupRole:FOLLOWER, s1|rpc:localhost:36635|admin:localhost:41981|client:localhost:39775|dataStream:localhost:41297|priority:0|startupRole:FOLLOWER, s2|rpc:localhost:36969|admin:localhost:37929|client:localhost:40489|dataStream:localhost:38077|priority:0|startupRole:FOLLOWER]|listeners:[], old=null RUNNING
  s1:  RUNNING    LEADER s1@group-6912872F20E7:t2, leader=s1, voted=s1, raftlog=Memoized:s1@group-6912872F20E7-SegmentedRaftLog:OPENED:c0, conf=0: peers:[s3|rpc:localhost:39579|admin:localhost:42243|client:localhost:33409|dataStream:localhost:46293|priority:0|startupRole:FOLLOWER, s4|rpc:localhost:45747|admin:localhost:35149|client:localhost:44435|dataStream:localhost:42993|priority:0|startupRole:FOLLOWER, s0|rpc:localhost:36179|admin:localhost:46501|client:localhost:36175|dataStream:localhost:33505|priority:0|startupRole:FOLLOWER, s1|rpc:localhost:36635|admin:localhost:41981|client:localhost:39775|dataStream:localhost:41297|priority:0|startupRole:FOLLOWER, s2|rpc:localhost:36969|admin:localhost:37929|client:localhost:40489|dataStream:localhost:38077|priority:0|startupRole:FOLLOWER]|listeners:[], old=null RUNNING
  s2:  RUNNING  FOLLOWER s2@group-6912872F20E7:t2, leader=s1, voted=s1, raftlog=Memoized:s2@group-6912872F20E7-SegmentedRaftLog:OPENED:c0, conf=0: peers:[s3|rpc:localhost:39579|admin:localhost:42243|client:localhost:33409|dataStream:localhost:46293|priority:0|startupRole:FOLLOWER, s4|rpc:localhost:45747|admin:localhost:35149|client:localhost:44435|dataStream:localhost:42993|priority:0|startupRole:FOLLOWER, s0|rpc:localhost:36179|admin:localhost:46501|client:localhost:36175|dataStream:localhost:33505|priority:0|startupRole:FOLLOWER, s1|rpc:localhost:36635|admin:localhost:41981|client:localhost:39775|dataStream:localhost:41297|priority:0|startupRole:FOLLOWER, s2|rpc:localhost:36969|admin:localhost:37929|client:localhost:40489|dataStream:localhost:38077|priority:0|startupRole:FOLLOWER]|listeners:[], old=null RUNNING
2022-10-24 03:16:32,707 [s3@group-6912872F20E7-LeaderElection53] INFO  impl.LeaderElection (LeaderElection.java:askForVotes(309)) - s3@group-6912872F20E7-LeaderElection53 PRE_VOTE round 0: submit vote requests at term 2 for 0: peers:[s3|rpc:localhost:39579|admin:localhost:42243|client:localhost:33409|dataStream:localhost:46293|priority:0|startupRole:FOLLOWER, s4|rpc:localhost:45747|admin:localhost:35149|client:localhost:44435|dataStream:localhost:42993|priority:0|startupRole:FOLLOWER, s0|rpc:localhost:36179|admin:localhost:46501|client:localhost:36175|dataStream:localhost:33505|priority:0|startupRole:FOLLOWER, s1|rpc:localhost:36635|admin:localhost:41981|client:localhost:39775|dataStream:localhost:41297|priority:0|startupRole:FOLLOWER, s2|rpc:localhost:36969|admin:localhost:37929|client:localhost:40489|dataStream:localhost:38077|priority:0|startupRole:FOLLOWER]|listeners:[], old=null
2022-10-24 03:16:32,709 [grpc-default-executor-4] INFO  server.RaftServer$Division (RaftServerImpl.java:requestVote(1291)) - s4@group-6912872F20E7: receive requestVote(PRE_VOTE, s3, group-6912872F20E7, 2, (t:1, i:0))
2022-10-24 03:16:32,710 [grpc-default-executor-4] INFO  impl.VoteContext (VoteContext.java:log(49)) - s4@group-6912872F20E7-FOLLOWER: reject PRE_VOTE from s3: our last entry (t:2, i:0) > candidate's last entry (t:1, i:0)
2022-10-24 03:16:32,710 [grpc-default-executor-4] INFO  server.RaftServer$Division (RaftServerImpl.java:requestVote(1324)) - s4@group-6912872F20E7 replies to PRE_VOTE vote request: s3<-s4#0:FAIL-t2. Peer's state: s4@group-6912872F20E7:t2, leader=s1, voted=s1, raftlog=Memoized:s4@group-6912872F20E7-SegmentedRaftLog:OPENED:c0, conf=0: peers:[s3|rpc:localhost:39579|admin:localhost:42243|client:localhost:33409|dataStream:localhost:46293|priority:0|startupRole:FOLLOWER, s4|rpc:localhost:45747|admin:localhost:35149|client:localhost:44435|dataStream:localhost:42993|priority:0|startupRole:FOLLOWER, s0|rpc:localhost:36179|admin:localhost:46501|client:localhost:36175|dataStream:localhost:33505|priority:0|startupRole:FOLLOWER, s1|rpc:localhost:36635|admin:localhost:41981|client:localhost:39775|dataStream:localhost:41297|priority:0|startupRole:FOLLOWER, s2|rpc:localhost:36969|admin:localhost:37929|client:localhost:40489|dataStream:localhost:38077|priority:0|startupRole:FOLLOWER]|listeners:[], old=null
2022-10-24 03:16:32,710 [grpc-default-executor-34] INFO  server.RaftServer$Division (RaftServerImpl.java:requestVote(1291)) - s0@group-6912872F20E7: receive requestVote(PRE_VOTE, s3, group-6912872F20E7, 2, (t:1, i:0))
2022-10-24 03:16:32,710 [grpc-default-executor-34] INFO  impl.VoteContext (VoteContext.java:log(49)) - s0@group-6912872F20E7-FOLLOWER: reject PRE_VOTE from s3: our last entry (t:2, i:0) > candidate's last entry (t:1, i:0)
2022-10-24 03:16:32,710 [grpc-default-executor-34] INFO  server.RaftServer$Division (RaftServerImpl.java:requestVote(1324)) - s0@group-6912872F20E7 replies to PRE_VOTE vote request: s3<-s0#0:FAIL-t2. Peer's state: s0@group-6912872F20E7:t2, leader=s1, voted=s1, raftlog=Memoized:s0@group-6912872F20E7-SegmentedRaftLog:OPENED:c0, conf=0: peers:[s3|rpc:localhost:39579|admin:localhost:42243|client:localhost:33409|dataStream:localhost:46293|priority:0|startupRole:FOLLOWER, s4|rpc:localhost:45747|admin:localhost:35149|client:localhost:44435|dataStream:localhost:42993|priority:0|startupRole:FOLLOWER, s0|rpc:localhost:36179|admin:localhost:46501|client:localhost:36175|dataStream:localhost:33505|priority:0|startupRole:FOLLOWER, s1|rpc:localhost:36635|admin:localhost:41981|client:localhost:39775|dataStream:localhost:41297|priority:0|startupRole:FOLLOWER, s2|rpc:localhost:36969|admin:localhost:37929|client:localhost:40489|dataStream:localhost:38077|priority:0|startupRole:FOLLOWER]|listeners:[], old=null
2022-10-24 03:16:32,710 [grpc-default-executor-4] INFO  server.RaftServer$Division (RaftServerImpl.java:requestVote(1291)) - s1@group-6912872F20E7: receive requestVote(PRE_VOTE, s3, group-6912872F20E7, 2, (t:1, i:0))
2022-10-24 03:16:32,712 [grpc-default-executor-4] INFO  impl.VoteContext (VoteContext.java:log(49)) - s1@group-6912872F20E7-LEADER: reject PRE_VOTE from s3: this server is the leader and still has leadership
2022-10-24 03:16:32,712 [grpc-default-executor-4] INFO  server.RaftServer$Division (RaftServerImpl.java:requestVote(1324)) - s1@group-6912872F20E7 replies to PRE_VOTE vote request: s3<-s1#0:FAIL-t2. Peer's state: s1@group-6912872F20E7:t2, leader=s1, voted=s1, raftlog=Memoized:s1@group-6912872F20E7-SegmentedRaftLog:OPENED:c0, conf=0: peers:[s3|rpc:localhost:39579|admin:localhost:42243|client:localhost:33409|dataStream:localhost:46293|priority:0|startupRole:FOLLOWER, s4|rpc:localhost:45747|admin:localhost:35149|client:localhost:44435|dataStream:localhost:42993|priority:0|startupRole:FOLLOWER, s0|rpc:localhost:36179|admin:localhost:46501|client:localhost:36175|dataStream:localhost:33505|priority:0|startupRole:FOLLOWER, s1|rpc:localhost:36635|admin:localhost:41981|client:localhost:39775|dataStream:localhost:41297|priority:0|startupRole:FOLLOWER, s2|rpc:localhost:36969|admin:localhost:37929|client:localhost:40489|dataStream:localhost:38077|priority:0|startupRole:FOLLOWER]|listeners:[], old=null
2022-10-24 03:16:32,713 [s3@group-6912872F20E7-LeaderElection53] INFO  impl.LeaderElection (LeaderElection.java:logAndReturn(89)) - s3@group-6912872F20E7-LeaderElection53: PRE_VOTE REJECTED received 3 response(s) and 0 exception(s):
2022-10-24 03:16:32,713 [s3@group-6912872F20E7-LeaderElection53] INFO  impl.LeaderElection (LeaderElection.java:logAndReturn(93)) -   Response 0: s3<-s4#0:FAIL-t2
2022-10-24 03:16:32,713 [s3@group-6912872F20E7-LeaderElection53] INFO  impl.LeaderElection (LeaderElection.java:logAndReturn(93)) -   Response 1: s3<-s0#0:FAIL-t2
2022-10-24 03:16:32,713 [s3@group-6912872F20E7-LeaderElection53] INFO  impl.LeaderElection (LeaderElection.java:logAndReturn(93)) -   Response 2: s3<-s1#0:FAIL-t2
2022-10-24 03:16:32,713 [s3@group-6912872F20E7-LeaderElection53] INFO  impl.LeaderElection (LeaderElection.java:askForVotes(311)) - s3@group-6912872F20E7-LeaderElection53 PRE_VOTE round 0: result REJECTED
2022-10-24 03:16:32,713 [s3@group-6912872F20E7-LeaderElection53] INFO  server.RaftServer$Division (RaftServerImpl.java:setRole(325)) - s3@group-6912872F20E7: changes role from CANDIDATE to FOLLOWER at term 2 for REJECTED
2022-10-24 03:16:32,713 [s3@group-6912872F20E7-LeaderElection53] INFO  impl.RoleInfo (RoleInfo.java:shutdownLeaderElection(130)) - s3: shutdown s3@group-6912872F20E7-LeaderElection53
2022-10-24 03:16:32,713 [s3@group-6912872F20E7-LeaderElection53] INFO  impl.RoleInfo (RoleInfo.java:updateAndGet(139)) - s3: start s3@group-6912872F20E7-FollowerState
2022-10-24 03:16:32,714 [grpc-default-executor-4] INFO  server.RaftServer$Division (RaftServerImpl.java:requestVote(1291)) - s2@group-6912872F20E7: receive requestVote(PRE_VOTE, s3, group-6912872F20E7, 2, (t:1, i:0))
2022-10-24 03:16:32,714 [grpc-default-executor-4] INFO  impl.VoteContext (VoteContext.java:log(49)) - s2@group-6912872F20E7-FOLLOWER: reject PRE_VOTE from s3: our last entry (t:2, i:0) > candidate's last entry (t:1, i:0)
2022-10-24 03:16:32,715 [grpc-default-executor-4] INFO  server.RaftServer$Division (RaftServerImpl.java:requestVote(1324)) - s2@group-6912872F20E7 replies to PRE_VOTE vote request: s3<-s2#0:FAIL-t2. Peer's state: s2@group-6912872F20E7:t2, leader=s1, voted=s1, raftlog=Memoized:s2@group-6912872F20E7-SegmentedRaftLog:OPENED:c0, conf=0: peers:[s3|rpc:localhost:39579|admin:localhost:42243|client:localhost:33409|dataStream:localhost:46293|priority:0|startupRole:FOLLOWER, s4|rpc:localhost:45747|admin:localhost:35149|client:localhost:44435|dataStream:localhost:42993|priority:0|startupRole:FOLLOWER, s0|rpc:localhost:36179|admin:localhost:46501|client:localhost:36175|dataStream:localhost:33505|priority:0|startupRole:FOLLOWER, s1|rpc:localhost:36635|admin:localhost:41981|client:localhost:39775|dataStream:localhost:41297|priority:0|startupRole:FOLLOWER, s2|rpc:localhost:36969|admin:localhost:37929|client:localhost:40489|dataStream:localhost:38077|priority:0|startupRole:FOLLOWER]|listeners:[], old=null
2022-10-24 03:16:32,718 [s1@group-6912872F20E7->s3-GrpcLogAppender-LogAppenderDaemon] INFO  util.CodeInjectionForTesting (DelayLocalExecutionInjection.java:execute(65)) - s1 delay 150 ms, args=[serverRequest {
  requestorId: "s1"
  replyId: "s3"
  raftGroupId {
    id: "\226\001\321s\341\rE_\235\364i\022\207/ \347"
  }
  callId: 331
  slidingWindowEntry {
  }
}
leaderTerm: 2
previousLog {
  term: 2
}
initializing: true
commitInfos {
  server {
    id: "s1"
    address: "localhost:36635"
    dataStreamAddress: "localhost:41297"
    clientAddress: "localhost:39775"
    adminAddress: "localhost:41981"
    startupRole: FOLLOWER
  }
}
commitInfos {
  server {
    id: "s3"
    address: "localhost:39579"
    dataStreamAddress: "localhost:46293"
    clientAddress: "localhost:33409"
    adminAddress: "localhost:42243"
    startupRole: FOLLOWER
  }
}
commitInfos {
  server {
    id: "s4"
    address: "localhost:45747"
    dataStreamAddress: "localhost:42993"
    clientAddress: "localhost:44435"
    adminAddress: "localhost:35149"
    startupRole: FOLLOWER
  }
}
commitInfos {
  server {
    id: "s0"
    address: "localhost:36179"
    dataStreamAddress: "localhost:33505"
    clientAddress: "localhost:36175"
    adminAddress: "localhost:46501"
    startupRole: FOLLOWER
  }
}
commitInfos {
  server {
    id: "s2"
    address: "localhost:36969"
    dataStreamAddress: "localhost:38077"
    clientAddress: "localhost:40489"
    adminAddress: "localhost:37929"
    startupRole: FOLLOWER
  }
}
]
2022-10-24 03:16:32,821 [s1@group-6912872F20E7->s2-GrpcLogAppender-LogAppenderDaemon] INFO  util.CodeInjectionForTesting (DelayLocalExecutionInjection.java:execute(65)) - s1 delay 150 ms, args=[serverRequest {
  requestorId: "s1"
  replyId: "s2"
  raftGroupId {
    id: "\226\001\321s\341\rE_\235\364i\022\207/ \347"
  }
  callId: 163
  slidingWindowEntry {
  }
}
leaderTerm: 2
previousLog {
  term: 2
}
initializing: true
commitInfos {
  server {
    id: "s1"
    address: "localhost:36635"
    dataStreamAddress: "localhost:41297"
    clientAddress: "localhost:39775"
    adminAddress: "localhost:41981"
    startupRole: FOLLOWER
  }
}
commitInfos {
  server {
    id: "s3"
    address: "localhost:39579"
    dataStreamAddress: "localhost:46293"
    clientAddress: "localhost:33409"
    adminAddress: "localhost:42243"
    startupRole: FOLLOWER
  }
}
commitInfos {
  server {
    id: "s4"
    address: "localhost:45747"
    dataStreamAddress: "localhost:42993"
    clientAddress: "localhost:44435"
    adminAddress: "localhost:35149"
    startupRole: FOLLOWER
  }
}
commitInfos {
  server {
    id: "s0"
    address: "localhost:36179"
    dataStreamAddress: "localhost:33505"
    clientAddress: "localhost:36175"
    adminAddress: "localhost:46501"
    startupRole: FOLLOWER
  }
}
commitInfos {
  server {
    id: "s2"
    address: "localhost:36969"
    dataStreamAddress: "localhost:38077"
    clientAddress: "localhost:40489"
    adminAddress: "localhost:37929"
    startupRole: FOLLOWER
  }
}
]
2022-10-24 03:16:32,821 [s1@group-6912872F20E7->s0-GrpcLogAppender-LogAppenderDaemon] INFO  util.CodeInjectionForTesting (DelayLocalExecutionInjection.java:execute(65)) - s1 delay 150 ms, args=[serverRequest {
  requestorId: "s1"
  replyId: "s0"
  raftGroupId {
    id: "\226\001\321s\341\rE_\235\364i\022\207/ \347"
  }
  callId: 164
  slidingWindowEntry {
  }
}
leaderTerm: 2
previousLog {
  term: 2
}
initializing: true
commitInfos {
  server {
    id: "s1"
    address: "localhost:36635"
    dataStreamAddress: "localhost:41297"
    clientAddress: "localhost:39775"
    adminAddress: "localhost:41981"
    startupRole: FOLLOWER
  }
}
commitInfos {
  server {
    id: "s3"
    address: "localhost:39579"
    dataStreamAddress: "localhost:46293"
    clientAddress: "localhost:33409"
    adminAddress: "localhost:42243"
    startupRole: FOLLOWER
  }
}
commitInfos {
  server {
    id: "s4"
    address: "localhost:45747"
    dataStreamAddress: "localhost:42993"
    clientAddress: "localhost:44435"
    adminAddress: "localhost:35149"
    startupRole: FOLLOWER
  }
}
commitInfos {
  server {
    id: "s0"
    address: "localhost:36179"
    dataStreamAddress: "localhost:33505"
    clientAddress: "localhost:36175"
    adminAddress: "localhost:46501"
    startupRole: FOLLOWER
  }
}
commitInfos {
  server {
    id: "s2"
    address: "localhost:36969"
    dataStreamAddress: "localhost:38077"
    clientAddress: "localhost:40489"
    adminAddress: "localhost:37929"
    startupRole: FOLLOWER
  }
}
]
2022-10-24 03:16:32,845 [s1@group-6912872F20E7->s4-GrpcLogAppender-LogAppenderDaemon] INFO  util.CodeInjectionForTesting (DelayLocalExecutionInjection.java:execute(65)) - s1 delay 150 ms, args=[serverRequest {
  requestorId: "s1"
  replyId: "s4"
  raftGroupId {
    id: "\226\001\321s\341\rE_\235\364i\022\207/ \347"
  }
  callId: 163
  slidingWindowEntry {
  }
}
leaderTerm: 2
previousLog {
  term: 2
}
initializing: true
commitInfos {
  server {
    id: "s1"
    address: "localhost:36635"
    dataStreamAddress: "localhost:41297"
    clientAddress: "localhost:39775"
    adminAddress: "localhost:41981"
    startupRole: FOLLOWER
  }
}
commitInfos {
  server {
    id: "s3"
    address: "localhost:39579"
    dataStreamAddress: "localhost:46293"
    clientAddress: "localhost:33409"
    adminAddress: "localhost:42243"
    startupRole: FOLLOWER
  }
}
commitInfos {
  server {
    id: "s4"
    address: "localhost:45747"
    dataStreamAddress: "localhost:42993"
    clientAddress: "localhost:44435"
    adminAddress: "localhost:35149"
    startupRole: FOLLOWER
  }
}
commitInfos {
  server {
    id: "s0"
    address: "localhost:36179"
    dataStreamAddress: "localhost:33505"
    clientAddress: "localhost:36175"
    adminAddress: "localhost:46501"
    startupRole: FOLLOWER
  }
}
commitInfos {
  server {
    id: "s2"
    address: "localhost:36969"
    dataStreamAddress: "localhost:38077"
    clientAddress: "localhost:40489"
    adminAddress: "localhost:37929"
    startupRole: FOLLOWER
  }
}
]
2022-10-24 03:16:32,905 [s1@group-6912872F20E7->s3-GrpcLogAppender-LogAppenderDaemon] INFO  util.CodeInjectionForTesting (DelayLocalExecutionInjection.java:execute(65)) - s1 delay 150 ms, args=[serverRequest {
  requestorId: "s1"
  replyId: "s3"
  raftGroupId {
    id: "\226\001\321s\341\rE_\235\364i\022\207/ \347"
  }
  callId: 332
  slidingWindowEntry {
  }
}
leaderTerm: 2
previousLog {
  term: 2
}
initializing: true
commitInfos {
  server {
    id: "s1"
    address: "localhost:36635"
    dataStreamAddress: "localhost:41297"
    clientAddress: "localhost:39775"
    adminAddress: "localhost:41981"
    startupRole: FOLLOWER
  }
}
commitInfos {
  server {
    id: "s3"
    address: "localhost:39579"
    dataStreamAddress: "localhost:46293"
    clientAddress: "localhost:33409"
    adminAddress: "localhost:42243"
    startupRole: FOLLOWER
  }
}
commitInfos {
  server {
    id: "s4"
    address: "localhost:45747"
    dataStreamAddress: "localhost:42993"
    clientAddress: "localhost:44435"
    adminAddress: "localhost:35149"
    startupRole: FOLLOWER
  }
}
commitInfos {
  server {
    id: "s0"
    address: "localhost:36179"
    dataStreamAddress: "localhost:33505"
    clientAddress: "localhost:36175"
    adminAddress: "localhost:46501"
    startupRole: FOLLOWER
  }
}
commitInfos {
  server {
    id: "s2"
    address: "localhost:36969"
    dataStreamAddress: "localhost:38077"
    clientAddress: "localhost:40489"
    adminAddress: "localhost:37929"
    startupRole: FOLLOWER
  }
}
]
2022-10-24 03:16:32,971 [s0@group-6912872F20E7-FollowerState] INFO  impl.FollowerState (FollowerState.java:run(143)) - s0@group-6912872F20E7-FollowerState: change to CANDIDATE, lastRpcElapsedTime:226141694ns, electionTimeout:196ms
2022-10-24 03:16:32,971 [s0@group-6912872F20E7-FollowerState] INFO  impl.RoleInfo (RoleInfo.java:shutdownFollowerState(110)) - s0: shutdown s0@group-6912872F20E7-FollowerState
2022-10-24 03:16:32,971 [s0@group-6912872F20E7-FollowerState] INFO  server.RaftServer$Division (RaftServerImpl.java:setRole(325)) - s0@group-6912872F20E7: changes role from  FOLLOWER to CANDIDATE at term 2 for changeToCandidate
2022-10-24 03:16:32,971 [s0@group-6912872F20E7-FollowerState] INFO  server.RaftServerConfigKeys (ConfUtils.java:logGet(46)) - raft.server.leaderelection.pre-vote = true (default)
2022-10-24 03:16:32,971 [s0@group-6912872F20E7-FollowerState] INFO  impl.RoleInfo (RoleInfo.java:updateAndGet(139)) - s0: start s0@group-6912872F20E7-LeaderElection54
2022-10-24 03:16:32,972 [s0-server-thread2] INFO  server.RaftServer$Division (RaftServerImpl.java:setRole(325)) - s0@group-6912872F20E7: changes role from CANDIDATE to FOLLOWER at term 2 for appendEntries
2022-10-24 03:16:32,972 [s0-server-thread2] INFO  impl.RoleInfo (RoleInfo.java:shutdownLeaderElection(130)) - s0: shutdown s0@group-6912872F20E7-LeaderElection54
2022-10-24 03:16:32,972 [s0@group-6912872F20E7-LeaderElection54] INFO  impl.LeaderElection (LeaderElection.java:run(232)) - s0@group-6912872F20E7-LeaderElection54: skip running since this is already CLOSING
2022-10-24 03:16:32,972 [s0-server-thread2] INFO  impl.RoleInfo (RoleInfo.java:updateAndGet(139)) - s0: start s0@group-6912872F20E7-FollowerState
2022-10-24 03:16:32,995 [s3@group-6912872F20E7-FollowerState] INFO  impl.FollowerState (FollowerState.java:run(143)) - s3@group-6912872F20E7-FollowerState: change to CANDIDATE, lastRpcElapsedTime:281810034ns, electionTimeout:280ms
2022-10-24 03:16:32,995 [s3@group-6912872F20E7-FollowerState] INFO  impl.RoleInfo (RoleInfo.java:shutdownFollowerState(110)) - s3: shutdown s3@group-6912872F20E7-FollowerState
2022-10-24 03:16:32,995 [s3@group-6912872F20E7-FollowerState] INFO  server.RaftServer$Division (RaftServerImpl.java:setRole(325)) - s3@group-6912872F20E7: changes role from  FOLLOWER to CANDIDATE at term 2 for changeToCandidate
2022-10-24 03:16:32,996 [s3@group-6912872F20E7-FollowerState] INFO  server.RaftServerConfigKeys (ConfUtils.java:logGet(46)) - raft.server.leaderelection.pre-vote = true (default)
2022-10-24 03:16:32,996 [s3@group-6912872F20E7-FollowerState] INFO  impl.RoleInfo (RoleInfo.java:updateAndGet(139)) - s3: start s3@group-6912872F20E7-LeaderElection55
2022-10-24 03:16:32,996 [s3@group-6912872F20E7-LeaderElection55] INFO  impl.LeaderElection (LeaderElection.java:askForVotes(309)) - s3@group-6912872F20E7-LeaderElection55 PRE_VOTE round 0: submit vote requests at term 2 for 0: peers:[s3|rpc:localhost:39579|admin:localhost:42243|client:localhost:33409|dataStream:localhost:46293|priority:0|startupRole:FOLLOWER, s4|rpc:localhost:45747|admin:localhost:35149|client:localhost:44435|dataStream:localhost:42993|priority:0|startupRole:FOLLOWER, s0|rpc:localhost:36179|admin:localhost:46501|client:localhost:36175|dataStream:localhost:33505|priority:0|startupRole:FOLLOWER, s1|rpc:localhost:36635|admin:localhost:41981|client:localhost:39775|dataStream:localhost:41297|priority:0|startupRole:FOLLOWER, s2|rpc:localhost:36969|admin:localhost:37929|client:localhost:40489|dataStream:localhost:38077|priority:0|startupRole:FOLLOWER]|listeners:[], old=null
2022-10-24 03:16:32,998 [grpc-default-executor-34] INFO  server.RaftServer$Division (RaftServerImpl.java:requestVote(1291)) - s4@group-6912872F20E7: receive requestVote(PRE_VOTE, s3, group-6912872F20E7, 2, (t:1, i:0))
2022-10-24 03:16:32,998 [grpc-default-executor-34] INFO  impl.VoteContext (VoteContext.java:log(49)) - s4@group-6912872F20E7-FOLLOWER: reject PRE_VOTE from s3: this server is a follower and still has a valid leader s1
2022-10-24 03:16:32,998 [grpc-default-executor-34] INFO  server.RaftServer$Division (RaftServerImpl.java:requestVote(1324)) - s4@group-6912872F20E7 replies to PRE_VOTE vote request: s3<-s4#0:FAIL-t2. Peer's state: s4@group-6912872F20E7:t2, leader=s1, voted=s1, raftlog=Memoized:s4@group-6912872F20E7-SegmentedRaftLog:OPENED:c0, conf=0: peers:[s3|rpc:localhost:39579|admin:localhost:42243|client:localhost:33409|dataStream:localhost:46293|priority:0|startupRole:FOLLOWER, s4|rpc:localhost:45747|admin:localhost:35149|client:localhost:44435|dataStream:localhost:42993|priority:0|startupRole:FOLLOWER, s0|rpc:localhost:36179|admin:localhost:46501|client:localhost:36175|dataStream:localhost:33505|priority:0|startupRole:FOLLOWER, s1|rpc:localhost:36635|admin:localhost:41981|client:localhost:39775|dataStream:localhost:41297|priority:0|startupRole:FOLLOWER, s2|rpc:localhost:36969|admin:localhost:37929|client:localhost:40489|dataStream:localhost:38077|priority:0|startupRole:FOLLOWER]|listeners:[], old=null
2022-10-24 03:16:32,999 [grpc-default-executor-34] INFO  server.RaftServer$Division (RaftServerImpl.java:requestVote(1291)) - s1@group-6912872F20E7: receive requestVote(PRE_VOTE, s3, group-6912872F20E7, 2, (t:1, i:0))
2022-10-24 03:16:32,999 [grpc-default-executor-34] INFO  impl.VoteContext (VoteContext.java:log(49)) - s1@group-6912872F20E7-LEADER: reject PRE_VOTE from s3: this server is the leader and still has leadership
2022-10-24 03:16:33,000 [grpc-default-executor-34] INFO  server.RaftServer$Division (RaftServerImpl.java:requestVote(1324)) - s1@group-6912872F20E7 replies to PRE_VOTE vote request: s3<-s1#0:FAIL-t2. Peer's state: s1@group-6912872F20E7:t2, leader=s1, voted=s1, raftlog=Memoized:s1@group-6912872F20E7-SegmentedRaftLog:OPENED:c0, conf=0: peers:[s3|rpc:localhost:39579|admin:localhost:42243|client:localhost:33409|dataStream:localhost:46293|priority:0|startupRole:FOLLOWER, s4|rpc:localhost:45747|admin:localhost:35149|client:localhost:44435|dataStream:localhost:42993|priority:0|startupRole:FOLLOWER, s0|rpc:localhost:36179|admin:localhost:46501|client:localhost:36175|dataStream:localhost:33505|priority:0|startupRole:FOLLOWER, s1|rpc:localhost:36635|admin:localhost:41981|client:localhost:39775|dataStream:localhost:41297|priority:0|startupRole:FOLLOWER, s2|rpc:localhost:36969|admin:localhost:37929|client:localhost:40489|dataStream:localhost:38077|priority:0|startupRole:FOLLOWER]|listeners:[], old=null
2022-10-24 03:16:33,001 [grpc-default-executor-34] INFO  server.RaftServer$Division (RaftServerImpl.java:requestVote(1291)) - s0@group-6912872F20E7: receive requestVote(PRE_VOTE, s3, group-6912872F20E7, 2, (t:1, i:0))
2022-10-24 03:16:33,001 [grpc-default-executor-34] INFO  impl.VoteContext (VoteContext.java:log(49)) - s0@group-6912872F20E7-FOLLOWER: reject PRE_VOTE from s3: this server is a follower and still has a valid leader s1
2022-10-24 03:16:33,001 [grpc-default-executor-34] INFO  server.RaftServer$Division (RaftServerImpl.java:requestVote(1324)) - s0@group-6912872F20E7 replies to PRE_VOTE vote request: s3<-s0#0:FAIL-t2. Peer's state: s0@group-6912872F20E7:t2, leader=s1, voted=s1, raftlog=Memoized:s0@group-6912872F20E7-SegmentedRaftLog:OPENED:c0, conf=0: peers:[s3|rpc:localhost:39579|admin:localhost:42243|client:localhost:33409|dataStream:localhost:46293|priority:0|startupRole:FOLLOWER, s4|rpc:localhost:45747|admin:localhost:35149|client:localhost:44435|dataStream:localhost:42993|priority:0|startupRole:FOLLOWER, s0|rpc:localhost:36179|admin:localhost:46501|client:localhost:36175|dataStream:localhost:33505|priority:0|startupRole:FOLLOWER, s1|rpc:localhost:36635|admin:localhost:41981|client:localhost:39775|dataStream:localhost:41297|priority:0|startupRole:FOLLOWER, s2|rpc:localhost:36969|admin:localhost:37929|client:localhost:40489|dataStream:localhost:38077|priority:0|startupRole:FOLLOWER]|listeners:[], old=null
2022-10-24 03:16:33,002 [grpc-default-executor-34] INFO  server.RaftServer$Division (RaftServerImpl.java:requestVote(1291)) - s2@group-6912872F20E7: receive requestVote(PRE_VOTE, s3, group-6912872F20E7, 2, (t:1, i:0))
2022-10-24 03:16:33,002 [grpc-default-executor-34] INFO  impl.VoteContext (VoteContext.java:log(49)) - s2@group-6912872F20E7-FOLLOWER: reject PRE_VOTE from s3: this server is a follower and still has a valid leader s1
2022-10-24 03:16:33,002 [grpc-default-executor-34] INFO  server.RaftServer$Division (RaftServerImpl.java:requestVote(1324)) - s2@group-6912872F20E7 replies to PRE_VOTE vote request: s3<-s2#0:FAIL-t2. Peer's state: s2@group-6912872F20E7:t2, leader=s1, voted=s1, raftlog=Memoized:s2@group-6912872F20E7-SegmentedRaftLog:OPENED:c0, conf=0: peers:[s3|rpc:localhost:39579|admin:localhost:42243|client:localhost:33409|dataStream:localhost:46293|priority:0|startupRole:FOLLOWER, s4|rpc:localhost:45747|admin:localhost:35149|client:localhost:44435|dataStream:localhost:42993|priority:0|startupRole:FOLLOWER, s0|rpc:localhost:36179|admin:localhost:46501|client:localhost:36175|dataStream:localhost:33505|priority:0|startupRole:FOLLOWER, s1|rpc:localhost:36635|admin:localhost:41981|client:localhost:39775|dataStream:localhost:41297|priority:0|startupRole:FOLLOWER, s2|rpc:localhost:36969|admin:localhost:37929|client:localhost:40489|dataStream:localhost:38077|priority:0|startupRole:FOLLOWER]|listeners:[], old=null
2022-10-24 03:16:33,003 [s3@group-6912872F20E7-LeaderElection55] INFO  impl.LeaderElection (LeaderElection.java:logAndReturn(89)) - s3@group-6912872F20E7-LeaderElection55: PRE_VOTE REJECTED received 3 response(s) and 0 exception(s):
2022-10-24 03:16:33,003 [s3@group-6912872F20E7-LeaderElection55] INFO  impl.LeaderElection (LeaderElection.java:logAndReturn(93)) -   Response 0: s3<-s4#0:FAIL-t2
2022-10-24 03:16:33,003 [s3@group-6912872F20E7-LeaderElection55] INFO  impl.LeaderElection (LeaderElection.java:logAndReturn(93)) -   Response 1: s3<-s0#0:FAIL-t2
2022-10-24 03:16:33,003 [s3@group-6912872F20E7-LeaderElection55] INFO  impl.LeaderElection (LeaderElection.java:logAndReturn(93)) -   Response 2: s3<-s2#0:FAIL-t2
2022-10-24 03:16:33,003 [s3@group-6912872F20E7-LeaderElection55] INFO  impl.LeaderElection (LeaderElection.java:askForVotes(311)) - s3@group-6912872F20E7-LeaderElection55 PRE_VOTE round 0: result REJECTED
2022-10-24 03:16:33,003 [s3@group-6912872F20E7-LeaderElection55] INFO  server.RaftServer$Division (RaftServerImpl.java:setRole(325)) - s3@group-6912872F20E7: changes role from CANDIDATE to FOLLOWER at term 2 for REJECTED
2022-10-24 03:16:33,003 [s3@group-6912872F20E7-LeaderElection55] INFO  impl.RoleInfo (RoleInfo.java:shutdownLeaderElection(130)) - s3: shutdown s3@group-6912872F20E7-LeaderElection55
2022-10-24 03:16:33,003 [s3@group-6912872F20E7-LeaderElection55] INFO  impl.RoleInfo (RoleInfo.java:updateAndGet(139)) - s3: start s3@group-6912872F20E7-FollowerState
2022-10-24 03:16:33,003 [Time-limited test] INFO  server.RaftServerConfigKeys (ConfUtils.java:logGet(46)) - raft.server.rpc.timeout.max = 300ms (default)
2022-10-24 03:16:33,043 [grpc-default-executor-15] INFO  util.CodeInjectionForTesting (BlockRequestHandlingInjection.java:execute(84)) - s3: unBlock request from s0
2022-10-24 03:16:33,043 [grpc-default-executor-15] INFO  server.RaftServer$Division (RaftServerImpl.java:requestVote(1291)) - s3@group-6912872F20E7: receive requestVote(PRE_VOTE, s0, group-6912872F20E7, 2, (t:2, i:0))
2022-10-24 03:16:33,043 [grpc-default-executor-15] INFO  impl.VoteContext (VoteContext.java:log(49)) - s3@group-6912872F20E7-FOLLOWER: accept PRE_VOTE from s0: our last entry (t:1, i:0) < candidate's last entry (t:2, i:0)
2022-10-24 03:16:33,043 [grpc-default-executor-15] INFO  server.RaftServer$Division (RaftServerImpl.java:requestVote(1324)) - s3@group-6912872F20E7 replies to PRE_VOTE vote request: s0<-s3#0:OK-t2. Peer's state: s3@group-6912872F20E7:t2, leader=null, voted=null, raftlog=Memoized:s3@group-6912872F20E7-SegmentedRaftLog:OPENED:c0, conf=0: peers:[s3|rpc:localhost:39579|admin:localhost:42243|client:localhost:33409|dataStream:localhost:46293|priority:0|startupRole:FOLLOWER, s4|rpc:localhost:45747|admin:localhost:35149|client:localhost:44435|dataStream:localhost:42993|priority:0|startupRole:FOLLOWER, s0|rpc:localhost:36179|admin:localhost:46501|client:localhost:36175|dataStream:localhost:33505|priority:0|startupRole:FOLLOWER, s1|rpc:localhost:36635|admin:localhost:41981|client:localhost:39775|dataStream:localhost:41297|priority:0|startupRole:FOLLOWER, s2|rpc:localhost:36969|admin:localhost:37929|client:localhost:40489|dataStream:localhost:38077|priority:0|startupRole:FOLLOWER]|listeners:[], old=null
2022-10-24 03:16:33,205 [s3-server-thread3] INFO  util.CodeInjectionForTesting (BlockRequestHandlingInjection.java:execute(84)) - s3: unBlock request from s1
2022-10-24 03:16:33,205 [s3-server-thread3] INFO  server.RaftServer$Division (ServerState.java:setLeader(259)) - s3@group-6912872F20E7: change Leader from null to s1 at term 2 for appendEntries, leader elected after 773ms
2022-10-24 03:16:33,205 [s3-server-thread3] INFO  server.RaftServer$Division (RaftServerImpl.java:checkInconsistentAppendEntries(1599)) - s3@group-6912872F20E7: Failed appendEntries as previous log entry ((t:2, i:0)) is not found
2022-10-24 03:16:33,205 [s3-server-thread3] INFO  server.RaftServer$Division (RaftServerImpl.java:checkInconsistentAppendEntries(1569)) - s3@group-6912872F20E7: inconsistency entries. Reply:s1<-s3#328:FAIL-t2,INCONSISTENCY,nextIndex=0,followerCommit=0,matchIndex=-1
2022-10-24 03:16:33,205 [grpc-default-executor-34] INFO  leader.FollowerInfo (FollowerInfoImpl.java:lambda$new$0(48)) - s1@group-6912872F20E7->s3: nextIndex: updateUnconditionally 1 -> 0
2022-10-24 03:16:33,205 [s3-server-thread3] INFO  server.RaftServer$Division (RaftServerImpl.java:checkInconsistentAppendEntries(1599)) - s3@group-6912872F20E7: Failed appendEntries as previous log entry ((t:2, i:0)) is not found
2022-10-24 03:16:33,206 [s3-server-thread3] INFO  server.RaftServer$Division (RaftServerImpl.java:checkInconsistentAppendEntries(1569)) - s3@group-6912872F20E7: inconsistency entries. Reply:s1<-s3#329:FAIL-t2,INCONSISTENCY,nextIndex=0,followerCommit=0,matchIndex=-1
2022-10-24 03:16:33,206 [s3-server-thread1] INFO  server.RaftServer$Division (RaftServerImpl.java:checkInconsistentAppendEntries(1599)) - s3@group-6912872F20E7: Failed appendEntries as previous log entry ((t:2, i:0)) is not found
2022-10-24 03:16:33,206 [s3-server-thread1] INFO  server.RaftServer$Division (RaftServerImpl.java:checkInconsistentAppendEntries(1569)) - s3@group-6912872F20E7: inconsistency entries. Reply:s1<-s3#330:FAIL-t2,INCONSISTENCY,nextIndex=0,followerCommit=0,matchIndex=-1
2022-10-24 03:16:33,206 [s3-server-thread3] DEBUG server.RaftServer$Division (RaftServerImpl.java:logAppendEntries(1418)) - s3@group-6912872F20E7: receive appendEntries(s1, 2, null, 0, true, commits:[s1:c0, s3:c0, s4:c0, s0:c0, s2:c0], cId:336, entries: [(t:2, i:0), CONFIGURATIONENTRY(current:id: "s3"
address: "localhost:39579"
dataStreamAddress: "localhost:46293"
clientAddress: "localhost:33409"
adminAddress: "localhost:42243"
startupRole: FOLLOWER
,id: "s4"
address: "localhost:45747"
dataStreamAddress: "localhost:42993"
clientAddress: "localhost:44435"
adminAddress: "localhost:35149"
startupRole: FOLLOWER
,id: "s0"
address: "localhost:36179"
dataStreamAddress: "localhost:33505"
clientAddress: "localhost:36175"
adminAddress: "localhost:46501"
startupRole: FOLLOWER
,id: "s1"
address: "localhost:36635"
dataStreamAddress: "localhost:41297"
clientAddress: "localhost:39775"
adminAddress: "localhost:41981"
startupRole: FOLLOWER
,id: "s2"
address: "localhost:36969"
dataStreamAddress: "localhost:38077"
clientAddress: "localhost:40489"
adminAddress: "localhost:37929"
startupRole: FOLLOWER
, old:)]
2022-10-24 03:16:33,206 [s3-server-thread3] INFO  server.RaftServer$Division (RaftServerImpl.java:checkInconsistentAppendEntries(1589)) - s3@group-6912872F20E7: Failed appendEntries as the first entry (index 0) already exists (snapshotIndex: -1, commitIndex: 0)
2022-10-24 03:16:33,206 [s3-server-thread3] INFO  server.RaftServer$Division (RaftServerImpl.java:checkInconsistentAppendEntries(1569)) - s3@group-6912872F20E7: inconsistency entries. Reply:s1<-s3#336:FAIL-t2,INCONSISTENCY,nextIndex=1,followerCommit=0,matchIndex=-1
2022-10-24 03:16:33,206 [grpc-default-executor-8] INFO  leader.FollowerInfo (FollowerInfoImpl.java:lambda$new$0(48)) - s1@group-6912872F20E7->s3: nextIndex: updateUnconditionally 1 -> 0
2022-10-24 03:16:33,206 [s3-server-thread3] INFO  server.RaftServer$Division (RaftServerImpl.java:checkInconsistentAppendEntries(1599)) - s3@group-6912872F20E7: Failed appendEntries as previous log entry ((t:2, i:0)) is not found
2022-10-24 03:16:33,207 [s3-server-thread3] INFO  server.RaftServer$Division (RaftServerImpl.java:checkInconsistentAppendEntries(1569)) - s3@group-6912872F20E7: inconsistency entries. Reply:s1<-s3#331:FAIL-t2,INCONSISTENCY,nextIndex=0,followerCommit=0,matchIndex=-1
2022-10-24 03:16:33,207 [grpc-default-executor-8] INFO  leader.FollowerInfo (FollowerInfoImpl.java:lambda$new$0(48)) - s1@group-6912872F20E7->s3: nextIndex: updateUnconditionally 0 -> 0
2022-10-24 03:16:33,207 [grpc-default-executor-34] INFO  leader.FollowerInfo (FollowerInfoImpl.java:lambda$new$0(48)) - s1@group-6912872F20E7->s3: nextIndex: updateUnconditionally 1 -> 1
2022-10-24 03:16:33,208 [s3-server-thread1] DEBUG server.RaftServer$Division (RaftServerImpl.java:logAppendEntries(1418)) - s3@group-6912872F20E7: receive appendEntries(s1, 2, null, 0, true, commits:[s1:c0, s3:c0, s4:c0, s0:c0, s2:c0], cId:337, entries: [(t:2, i:0), CONFIGURATIONENTRY(current:id: "s3"
address: "localhost:39579"
dataStreamAddress: "localhost:46293"
clientAddress: "localhost:33409"
adminAddress: "localhost:42243"
startupRole: FOLLOWER
,id: "s4"
address: "localhost:45747"
dataStreamAddress: "localhost:42993"
clientAddress: "localhost:44435"
adminAddress: "localhost:35149"
startupRole: FOLLOWER
,id: "s0"
address: "localhost:36179"
dataStreamAddress: "localhost:33505"
clientAddress: "localhost:36175"
adminAddress: "localhost:46501"
startupRole: FOLLOWER
,id: "s1"
address: "localhost:36635"
dataStreamAddress: "localhost:41297"
clientAddress: "localhost:39775"
adminAddress: "localhost:41981"
startupRole: FOLLOWER
,id: "s2"
address: "localhost:36969"
dataStreamAddress: "localhost:38077"
clientAddress: "localhost:40489"
adminAddress: "localhost:37929"
startupRole: FOLLOWER
, old:)]
2022-10-24 03:16:33,208 [s3-server-thread1] INFO  server.RaftServer$Division (RaftServerImpl.java:checkInconsistentAppendEntries(1589)) - s3@group-6912872F20E7: Failed appendEntries as the first entry (index 0) already exists (snapshotIndex: -1, commitIndex: 0)
2022-10-24 03:16:33,208 [s3-server-thread1] INFO  server.RaftServer$Division (RaftServerImpl.java:checkInconsistentAppendEntries(1569)) - s3@group-6912872F20E7: inconsistency entries. Reply:s1<-s3#337:FAIL-t2,INCONSISTENCY,nextIndex=1,followerCommit=0,matchIndex=-1
2022-10-24 03:16:33,208 [grpc-default-executor-34] INFO  leader.FollowerInfo (FollowerInfoImpl.java:lambda$new$0(48)) - s1@group-6912872F20E7->s3: nextIndex: updateUnconditionally 1 -> 0
2022-10-24 03:16:33,209 [grpc-default-executor-34] INFO  leader.FollowerInfo (FollowerInfoImpl.java:lambda$new$0(48)) - s1@group-6912872F20E7->s3: nextIndex: updateUnconditionally 0 -> 1
2022-10-24 03:16:33,212 [s3-server-thread3] INFO  server.RaftServer$Division (RaftServerImpl.java:checkInconsistentAppendEntries(1599)) - s3@group-6912872F20E7: Failed appendEntries as previous log entry ((t:2, i:0)) is not found
2022-10-24 03:16:33,212 [s3-server-thread3] INFO  server.RaftServer$Division (RaftServerImpl.java:checkInconsistentAppendEntries(1569)) - s3@group-6912872F20E7: inconsistency entries. Reply:s1<-s3#332:FAIL-t2,INCONSISTENCY,nextIndex=0,followerCommit=0,matchIndex=-1
2022-10-24 03:16:33,212 [s3-server-thread3] INFO  server.RaftServer$Division (RaftServerImpl.java:checkInconsistentAppendEntries(1599)) - s3@group-6912872F20E7: Failed appendEntries as previous log entry ((t:2, i:0)) is not found
2022-10-24 03:16:33,212 [grpc-default-executor-34] INFO  leader.FollowerInfo (FollowerInfoImpl.java:lambda$new$0(48)) - s1@group-6912872F20E7->s3: nextIndex: updateUnconditionally 1 -> 0
2022-10-24 03:16:33,212 [s3-server-thread3] INFO  server.RaftServer$Division (RaftServerImpl.java:checkInconsistentAppendEntries(1569)) - s3@group-6912872F20E7: inconsistency entries. Reply:s1<-s3#333:FAIL-t2,INCONSISTENCY,nextIndex=0,followerCommit=0,matchIndex=-1
2022-10-24 03:16:33,213 [s3-server-thread3] INFO  server.RaftServer$Division (RaftServerImpl.java:checkInconsistentAppendEntries(1599)) - s3@group-6912872F20E7: Failed appendEntries as previous log entry ((t:2, i:0)) is not found
2022-10-24 03:16:33,213 [s3-server-thread3] INFO  server.RaftServer$Division (RaftServerImpl.java:checkInconsistentAppendEntries(1569)) - s3@group-6912872F20E7: inconsistency entries. Reply:s1<-s3#334:FAIL-t2,INCONSISTENCY,nextIndex=0,followerCommit=0,matchIndex=-1
2022-10-24 03:16:33,213 [grpc-default-executor-34] INFO  leader.FollowerInfo (FollowerInfoImpl.java:lambda$new$0(48)) - s1@group-6912872F20E7->s3: nextIndex: updateUnconditionally 1 -> 0
2022-10-24 03:16:33,213 [s3-server-thread1] INFO  server.RaftServer$Division (RaftServerImpl.java:checkInconsistentAppendEntries(1599)) - s3@group-6912872F20E7: Failed appendEntries as previous log entry ((t:2, i:0)) is not found
2022-10-24 03:16:33,213 [s3-server-thread3] DEBUG server.RaftServer$Division (RaftServerImpl.java:logAppendEntries(1418)) - s3@group-6912872F20E7: receive appendEntries(s1, 2, null, 0, true, commits:[s1:c0, s3:c0, s4:c0, s0:c0, s2:c0], cId:338, entries: [(t:2, i:0), CONFIGURATIONENTRY(current:id: "s3"
address: "localhost:39579"
dataStreamAddress: "localhost:46293"
clientAddress: "localhost:33409"
adminAddress: "localhost:42243"
startupRole: FOLLOWER
,id: "s4"
address: "localhost:45747"
dataStreamAddress: "localhost:42993"
clientAddress: "localhost:44435"
adminAddress: "localhost:35149"
startupRole: FOLLOWER
,id: "s0"
address: "localhost:36179"
dataStreamAddress: "localhost:33505"
clientAddress: "localhost:36175"
adminAddress: "localhost:46501"
startupRole: FOLLOWER
,id: "s1"
address: "localhost:36635"
dataStreamAddress: "localhost:41297"
clientAddress: "localhost:39775"
adminAddress: "localhost:41981"
startupRole: FOLLOWER
,id: "s2"
address: "localhost:36969"
dataStreamAddress: "localhost:38077"
clientAddress: "localhost:40489"
adminAddress: "localhost:37929"
startupRole: FOLLOWER
, old:)]
2022-10-24 03:16:33,213 [s3-server-thread1] INFO  server.RaftServer$Division (RaftServerImpl.java:checkInconsistentAppendEntries(1569)) - s3@group-6912872F20E7: inconsistency entries. Reply:s1<-s3#335:FAIL-t2,INCONSISTENCY,nextIndex=0,followerCommit=0,matchIndex=-1
2022-10-24 03:16:33,213 [s3-server-thread3] INFO  server.RaftServer$Division (RaftServerImpl.java:checkInconsistentAppendEntries(1589)) - s3@group-6912872F20E7: Failed appendEntries as the first entry (index 0) already exists (snapshotIndex: -1, commitIndex: 0)
2022-10-24 03:16:33,213 [s3-server-thread3] INFO  server.RaftServer$Division (RaftServerImpl.java:checkInconsistentAppendEntries(1569)) - s3@group-6912872F20E7: inconsistency entries. Reply:s1<-s3#338:FAIL-t2,INCONSISTENCY,nextIndex=1,followerCommit=0,matchIndex=-1
2022-10-24 03:16:33,214 [grpc-default-executor-8] INFO  leader.FollowerInfo (FollowerInfoImpl.java:lambda$new$0(48)) - s1@group-6912872F20E7->s3: nextIndex: updateUnconditionally 1 -> 0
2022-10-24 03:16:33,214 [grpc-default-executor-34] INFO  leader.FollowerInfo (FollowerInfoImpl.java:lambda$new$0(48)) - s1@group-6912872F20E7->s3: nextIndex: updateUnconditionally 1 -> 1
2022-10-24 03:16:33,214 [s3-server-thread3] DEBUG server.RaftServer$Division (RaftServerImpl.java:logAppendEntries(1418)) - s3@group-6912872F20E7: receive appendEntries(s1, 2, null, 0, true, commits:[s1:c0, s3:c0, s4:c0, s0:c0, s2:c0], cId:339, entries: [(t:2, i:0), CONFIGURATIONENTRY(current:id: "s3"
address: "localhost:39579"
dataStreamAddress: "localhost:46293"
clientAddress: "localhost:33409"
adminAddress: "localhost:42243"
startupRole: FOLLOWER
,id: "s4"
address: "localhost:45747"
dataStreamAddress: "localhost:42993"
clientAddress: "localhost:44435"
adminAddress: "localhost:35149"
startupRole: FOLLOWER
,id: "s0"
address: "localhost:36179"
dataStreamAddress: "localhost:33505"
clientAddress: "localhost:36175"
adminAddress: "localhost:46501"
startupRole: FOLLOWER
,id: "s1"
address: "localhost:36635"
dataStreamAddress: "localhost:41297"
clientAddress: "localhost:39775"
adminAddress: "localhost:41981"
startupRole: FOLLOWER
,id: "s2"
address: "localhost:36969"
dataStreamAddress: "localhost:38077"
clientAddress: "localhost:40489"
adminAddress: "localhost:37929"
startupRole: FOLLOWER
, old:)]
2022-10-24 03:16:33,215 [s3-server-thread3] INFO  server.RaftServer$Division (RaftServerImpl.java:checkInconsistentAppendEntries(1589)) - s3@group-6912872F20E7: Failed appendEntries as the first entry (index 0) already exists (snapshotIndex: -1, commitIndex: 0)
2022-10-24 03:16:33,215 [s3-server-thread3] INFO  server.RaftServer$Division (RaftServerImpl.java:checkInconsistentAppendEntries(1569)) - s3@group-6912872F20E7: inconsistency entries. Reply:s1<-s3#339:FAIL-t2,INCONSISTENCY,nextIndex=1,followerCommit=0,matchIndex=-1
2022-10-24 03:16:33,215 [grpc-default-executor-34] INFO  leader.FollowerInfo (FollowerInfoImpl.java:lambda$new$0(48)) - s1@group-6912872F20E7->s3: nextIndex: updateUnconditionally 1 -> 0
2022-10-24 03:16:33,216 [grpc-default-executor-8] INFO  leader.FollowerInfo (FollowerInfoImpl.java:lambda$new$0(48)) - s1@group-6912872F20E7->s3: nextIndex: updateUnconditionally 1 -> 1
2022-10-24 03:16:33,216 [s3-server-thread3] DEBUG server.RaftServer$Division (RaftServerImpl.java:logAppendEntries(1418)) - s3@group-6912872F20E7: receive appendEntries(s1, 2, null, 0, true, commits:[s1:c0, s3:c0, s4:c0, s0:c0, s2:c0], cId:340, entries: [(t:2, i:0), CONFIGURATIONENTRY(current:id: "s3"
address: "localhost:39579"
dataStreamAddress: "localhost:46293"
clientAddress: "localhost:33409"
adminAddress: "localhost:42243"
startupRole: FOLLOWER
,id: "s4"
address: "localhost:45747"
dataStreamAddress: "localhost:42993"
clientAddress: "localhost:44435"
adminAddress: "localhost:35149"
startupRole: FOLLOWER
,id: "s0"
address: "localhost:36179"
dataStreamAddress: "localhost:33505"
clientAddress: "localhost:36175"
adminAddress: "localhost:46501"
startupRole: FOLLOWER
,id: "s1"
address: "localhost:36635"
dataStreamAddress: "localhost:41297"
clientAddress: "localhost:39775"
adminAddress: "localhost:41981"
startupRole: FOLLOWER
,id: "s2"
address: "localhost:36969"
dataStreamAddress: "localhost:38077"
clientAddress: "localhost:40489"
adminAddress: "localhost:37929"
startupRole: FOLLOWER
, old:)]
2022-10-24 03:16:33,216 [s3-server-thread3] INFO  server.RaftServer$Division (RaftServerImpl.java:checkInconsistentAppendEntries(1589)) - s3@group-6912872F20E7: Failed appendEntries as the first entry (index 0) already exists (snapshotIndex: -1, commitIndex: 0)
2022-10-24 03:16:33,216 [s3-server-thread3] INFO  server.RaftServer$Division (RaftServerImpl.java:checkInconsistentAppendEntries(1569)) - s3@group-6912872F20E7: inconsistency entries. Reply:s1<-s3#340:FAIL-t2,INCONSISTENCY,nextIndex=1,followerCommit=0,matchIndex=-1
2022-10-24 03:16:33,217 [grpc-default-executor-34] INFO  leader.FollowerInfo (FollowerInfoImpl.java:lambda$new$0(48)) - s1@group-6912872F20E7->s3: nextIndex: updateUnconditionally 1 -> 1
2022-10-24 03:16:33,217 [s3-server-thread3] DEBUG server.RaftServer$Division (RaftServerImpl.java:logAppendEntries(1418)) - s3@group-6912872F20E7: receive appendEntries(s1, 2, null, 0, true, commits:[s1:c0, s3:c0, s4:c0, s0:c0, s2:c0], cId:341, entries: [(t:2, i:0), CONFIGURATIONENTRY(current:id: "s3"
address: "localhost:39579"
dataStreamAddress: "localhost:46293"
clientAddress: "localhost:33409"
adminAddress: "localhost:42243"
startupRole: FOLLOWER
,id: "s4"
address: "localhost:45747"
dataStreamAddress: "localhost:42993"
clientAddress: "localhost:44435"
adminAddress: "localhost:35149"
startupRole: FOLLOWER
,id: "s0"
address: "localhost:36179"
dataStreamAddress: "localhost:33505"
clientAddress: "localhost:36175"
adminAddress: "localhost:46501"
startupRole: FOLLOWER
,id: "s1"
address: "localhost:36635"
dataStreamAddress: "localhost:41297"
clientAddress: "localhost:39775"
adminAddress: "localhost:41981"
startupRole: FOLLOWER
,id: "s2"
address: "localhost:36969"
dataStreamAddress: "localhost:38077"
clientAddress: "localhost:40489"
adminAddress: "localhost:37929"
startupRole: FOLLOWER
, old:)]
2022-10-24 03:16:33,217 [s3-server-thread3] INFO  server.RaftServer$Division (RaftServerImpl.java:checkInconsistentAppendEntries(1589)) - s3@group-6912872F20E7: Failed appendEntries as the first entry (index 0) already exists (snapshotIndex: -1, commitIndex: 0)
2022-10-24 03:16:33,217 [s3-server-thread3] INFO  server.RaftServer$Division (RaftServerImpl.java:checkInconsistentAppendEntries(1569)) - s3@group-6912872F20E7: inconsistency entries. Reply:s1<-s3#341:FAIL-t2,INCONSISTENCY,nextIndex=1,followerCommit=0,matchIndex=-1
2022-10-24 03:16:33,217 [grpc-default-executor-8] INFO  leader.FollowerInfo (FollowerInfoImpl.java:lambda$new$0(48)) - s1@group-6912872F20E7->s3: nextIndex: updateUnconditionally 1 -> 1
2022-10-24 03:16:33,294 [s3-server-thread3] INFO  server.RaftServer$Division (RaftServerImpl.java:checkInconsistentAppendEntries(1599)) - s3@group-6912872F20E7: Failed appendEntries as previous log entry ((t:2, i:0)) is not found
2022-10-24 03:16:33,294 [s3-server-thread3] INFO  server.RaftServer$Division (RaftServerImpl.java:checkInconsistentAppendEntries(1569)) - s3@group-6912872F20E7: inconsistency entries. Reply:s1<-s3#342:FAIL-t2,INCONSISTENCY,nextIndex=0,followerCommit=0,matchIndex=-1
2022-10-24 03:16:33,294 [grpc-default-executor-34] INFO  leader.FollowerInfo (FollowerInfoImpl.java:lambda$new$0(48)) - s1@group-6912872F20E7->s3: nextIndex: updateUnconditionally 1 -> 0
2022-10-24 03:16:33,295 [s3-server-thread3] DEBUG server.RaftServer$Division (RaftServerImpl.java:logAppendEntries(1418)) - s3@group-6912872F20E7: receive appendEntries(s1, 2, null, 0, true, commits:[s1:c0, s3:c0, s4:c0, s0:c0, s2:c0], cId:343, entries: [(t:2, i:0), CONFIGURATIONENTRY(current:id: "s3"
address: "localhost:39579"
dataStreamAddress: "localhost:46293"
clientAddress: "localhost:33409"
adminAddress: "localhost:42243"
startupRole: FOLLOWER
,id: "s4"
address: "localhost:45747"
dataStreamAddress: "localhost:42993"
clientAddress: "localhost:44435"
adminAddress: "localhost:35149"
startupRole: FOLLOWER
,id: "s0"
address: "localhost:36179"
dataStreamAddress: "localhost:33505"
clientAddress: "localhost:36175"
adminAddress: "localhost:46501"
startupRole: FOLLOWER
,id: "s1"
address: "localhost:36635"
dataStreamAddress: "localhost:41297"
clientAddress: "localhost:39775"
adminAddress: "localhost:41981"
startupRole: FOLLOWER
,id: "s2"
address: "localhost:36969"
dataStreamAddress: "localhost:38077"
clientAddress: "localhost:40489"
adminAddress: "localhost:37929"
startupRole: FOLLOWER
, old:)]
2022-10-24 03:16:33,295 [s3-server-thread3] INFO  server.RaftServer$Division (RaftServerImpl.java:checkInconsistentAppendEntries(1589)) - s3@group-6912872F20E7: Failed appendEntries as the first entry (index 0) already exists (snapshotIndex: -1, commitIndex: 0)
2022-10-24 03:16:33,295 [s3-server-thread3] INFO  server.RaftServer$Division (RaftServerImpl.java:checkInconsistentAppendEntries(1569)) - s3@group-6912872F20E7: inconsistency entries. Reply:s1<-s3#343:FAIL-t2,INCONSISTENCY,nextIndex=1,followerCommit=0,matchIndex=-1
2022-10-24 03:16:33,295 [grpc-default-executor-34] INFO  leader.FollowerInfo (FollowerInfoImpl.java:lambda$new$0(48)) - s1@group-6912872F20E7->s3: nextIndex: updateUnconditionally 1 -> 1
2022-10-24 03:16:33,372 [s3-server-thread3] INFO  server.RaftServer$Division (RaftServerImpl.java:checkInconsistentAppendEntries(1599)) - s3@group-6912872F20E7: Failed appendEntries as previous log entry ((t:2, i:0)) is not found
2022-10-24 03:16:33,372 [s3-server-thread3] INFO  server.RaftServer$Division (RaftServerImpl.java:checkInconsistentAppendEntries(1569)) - s3@group-6912872F20E7: inconsistency entries. Reply:s1<-s3#344:FAIL-t2,INCONSISTENCY,nextIndex=0,followerCommit=0,matchIndex=-1
2022-10-24 03:16:33,372 [grpc-default-executor-8] INFO  leader.FollowerInfo (FollowerInfoImpl.java:lambda$new$0(48)) - s1@group-6912872F20E7->s3: nextIndex: updateUnconditionally 1 -> 0
2022-10-24 03:16:33,373 [s3-server-thread3] DEBUG server.RaftServer$Division (RaftServerImpl.java:logAppendEntries(1418)) - s3@group-6912872F20E7: receive appendEntries(s1, 2, null, 0, true, commits:[s1:c0, s3:c0, s4:c0, s0:c0, s2:c0], cId:345, entries: [(t:2, i:0), CONFIGURATIONENTRY(current:id: "s3"
address: "localhost:39579"
dataStreamAddress: "localhost:46293"
clientAddress: "localhost:33409"
adminAddress: "localhost:42243"
startupRole: FOLLOWER
,id: "s4"
address: "localhost:45747"
dataStreamAddress: "localhost:42993"
clientAddress: "localhost:44435"
adminAddress: "localhost:35149"
startupRole: FOLLOWER
,id: "s0"
address: "localhost:36179"
dataStreamAddress: "localhost:33505"
clientAddress: "localhost:36175"
adminAddress: "localhost:46501"
startupRole: FOLLOWER
,id: "s1"
address: "localhost:36635"
dataStreamAddress: "localhost:41297"
clientAddress: "localhost:39775"
adminAddress: "localhost:41981"
startupRole: FOLLOWER
,id: "s2"
address: "localhost:36969"
dataStreamAddress: "localhost:38077"
clientAddress: "localhost:40489"
adminAddress: "localhost:37929"
startupRole: FOLLOWER
, old:)]
2022-10-24 03:16:33,373 [s3-server-thread3] INFO  server.RaftServer$Division (RaftServerImpl.java:checkInconsistentAppendEntries(1589)) - s3@group-6912872F20E7: Failed appendEntries as the first entry (index 0) already exists (snapshotIndex: -1, commitIndex: 0)
2022-10-24 03:16:33,373 [s3-server-thread3] INFO  server.RaftServer$Division (RaftServerImpl.java:checkInconsistentAppendEntries(1569)) - s3@group-6912872F20E7: inconsistency entries. Reply:s1<-s3#345:FAIL-t2,INCONSISTENCY,nextIndex=1,followerCommit=0,matchIndex=-1
2022-10-24 03:16:33,373 [grpc-default-executor-8] INFO  leader.FollowerInfo (FollowerInfoImpl.java:lambda$new$0(48)) - s1@group-6912872F20E7->s3: nextIndex: updateUnconditionally 1 -> 1
2022-10-24 03:16:33,449 [s3-server-thread3] INFO  server.RaftServer$Division (RaftServerImpl.java:checkInconsistentAppendEntries(1599)) - s3@group-6912872F20E7: Failed appendEntries as previous log entry ((t:2, i:0)) is not found
2022-10-24 03:16:33,449 [s3-server-thread3] INFO  server.RaftServer$Division (RaftServerImpl.java:checkInconsistentAppendEntries(1569)) - s3@group-6912872F20E7: inconsistency entries. Reply:s1<-s3#346:FAIL-t2,INCONSISTENCY,nextIndex=0,followerCommit=0,matchIndex=-1
2022-10-24 03:16:33,450 [grpc-default-executor-34] INFO  leader.FollowerInfo (FollowerInfoImpl.java:lambda$new$0(48)) - s1@group-6912872F20E7->s3: nextIndex: updateUnconditionally 1 -> 0
2022-10-24 03:16:33,450 [s3-server-thread3] DEBUG server.RaftServer$Division (RaftServerImpl.java:logAppendEntries(1418)) - s3@group-6912872F20E7: receive appendEntries(s1, 2, null, 0, true, commits:[s1:c0, s3:c0, s4:c0, s0:c0, s2:c0], cId:347, entries: [(t:2, i:0), CONFIGURATIONENTRY(current:id: "s3"
address: "localhost:39579"
dataStreamAddress: "localhost:46293"
clientAddress: "localhost:33409"
adminAddress: "localhost:42243"
startupRole: FOLLOWER
,id: "s4"
address: "localhost:45747"
dataStreamAddress: "localhost:42993"
clientAddress: "localhost:44435"
adminAddress: "localhost:35149"
startupRole: FOLLOWER
,id: "s0"
address: "localhost:36179"
dataStreamAddress: "localhost:33505"
clientAddress: "localhost:36175"
adminAddress: "localhost:46501"
startupRole: FOLLOWER
,id: "s1"
address: "localhost:36635"
dataStreamAddress: "localhost:41297"
clientAddress: "localhost:39775"
adminAddress: "localhost:41981"
startupRole: FOLLOWER
,id: "s2"
address: "localhost:36969"
dataStreamAddress: "localhost:38077"
clientAddress: "localhost:40489"
adminAddress: "localhost:37929"
startupRole: FOLLOWER
, old:)]
2022-10-24 03:16:33,450 [s3-server-thread3] INFO  server.RaftServer$Division (RaftServerImpl.java:checkInconsistentAppendEntries(1589)) - s3@group-6912872F20E7: Failed appendEntries as the first entry (index 0) already exists (snapshotIndex: -1, commitIndex: 0)
2022-10-24 03:16:33,450 [s3-server-thread3] INFO  server.RaftServer$Division (RaftServerImpl.java:checkInconsistentAppendEntries(1569)) - s3@group-6912872F20E7: inconsistency entries. Reply:s1<-s3#347:FAIL-t2,INCONSISTENCY,nextIndex=1,followerCommit=0,matchIndex=-1
2022-10-24 03:16:33,451 [grpc-default-executor-34] INFO  leader.FollowerInfo (FollowerInfoImpl.java:lambda$new$0(48)) - s1@group-6912872F20E7->s3: nextIndex: updateUnconditionally 1 -> 1
2022-10-24 03:16:33,527 [s3-server-thread3] INFO  server.RaftServer$Division (RaftServerImpl.java:checkInconsistentAppendEntries(1599)) - s3@group-6912872F20E7: Failed appendEntries as previous log entry ((t:2, i:0)) is not found
2022-10-24 03:16:33,527 [s3-server-thread3] INFO  server.RaftServer$Division (RaftServerImpl.java:checkInconsistentAppendEntries(1569)) - s3@group-6912872F20E7: inconsistency entries. Reply:s1<-s3#348:FAIL-t2,INCONSISTENCY,nextIndex=0,followerCommit=0,matchIndex=-1
2022-10-24 03:16:33,527 [grpc-default-executor-34] INFO  leader.FollowerInfo (FollowerInfoImpl.java:lambda$new$0(48)) - s1@group-6912872F20E7->s3: nextIndex: updateUnconditionally 1 -> 0
2022-10-24 03:16:33,528 [s3-server-thread3] DEBUG server.RaftServer$Division (RaftServerImpl.java:logAppendEntries(1418)) - s3@group-6912872F20E7: receive appendEntries(s1, 2, null, 0, true, commits:[s1:c0, s3:c0, s4:c0, s0:c0, s2:c0], cId:349, entries: [(t:2, i:0), CONFIGURATIONENTRY(current:id: "s3"
address: "localhost:39579"
dataStreamAddress: "localhost:46293"
clientAddress: "localhost:33409"
adminAddress: "localhost:42243"
startupRole: FOLLOWER
,id: "s4"
address: "localhost:45747"
dataStreamAddress: "localhost:42993"
clientAddress: "localhost:44435"
adminAddress: "localhost:35149"
startupRole: FOLLOWER
,id: "s0"
address: "localhost:36179"
dataStreamAddress: "localhost:33505"
clientAddress: "localhost:36175"
adminAddress: "localhost:46501"
startupRole: FOLLOWER
,id: "s1"
address: "localhost:36635"
dataStreamAddress: "localhost:41297"
clientAddress: "localhost:39775"
adminAddress: "localhost:41981"
startupRole: FOLLOWER
,id: "s2"
address: "localhost:36969"
dataStreamAddress: "localhost:38077"
clientAddress: "localhost:40489"
adminAddress: "localhost:37929"
startupRole: FOLLOWER
, old:)]
2022-10-24 03:16:33,528 [s3-server-thread3] INFO  server.RaftServer$Division (RaftServerImpl.java:checkInconsistentAppendEntries(1589)) - s3@group-6912872F20E7: Failed appendEntries as the first entry (index 0) already exists (snapshotIndex: -1, commitIndex: 0)
2022-10-24 03:16:33,528 [s3-server-thread3] INFO  server.RaftServer$Division (RaftServerImpl.java:checkInconsistentAppendEntries(1569)) - s3@group-6912872F20E7: inconsistency entries. Reply:s1<-s3#349:FAIL-t2,INCONSISTENCY,nextIndex=1,followerCommit=0,matchIndex=-1
2022-10-24 03:16:33,528 [grpc-default-executor-34] INFO  leader.FollowerInfo (FollowerInfoImpl.java:lambda$new$0(48)) - s1@group-6912872F20E7->s3: nextIndex: updateUnconditionally 1 -> 1
2022-10-24 03:16:33,605 [s3-server-thread3] INFO  server.RaftServer$Division (RaftServerImpl.java:checkInconsistentAppendEntries(1599)) - s3@group-6912872F20E7: Failed appendEntries as previous log entry ((t:2, i:0)) is not found
2022-10-24 03:16:33,605 [s3-server-thread3] INFO  server.RaftServer$Division (RaftServerImpl.java:checkInconsistentAppendEntries(1569)) - s3@group-6912872F20E7: inconsistency entries. Reply:s1<-s3#350:FAIL-t2,INCONSISTENCY,nextIndex=0,followerCommit=0,matchIndex=-1
2022-10-24 03:16:33,606 [grpc-default-executor-34] INFO  leader.FollowerInfo (FollowerInfoImpl.java:lambda$new$0(48)) - s1@group-6912872F20E7->s3: nextIndex: updateUnconditionally 1 -> 0
2022-10-24 03:16:33,606 [s3-server-thread3] DEBUG server.RaftServer$Division (RaftServerImpl.java:logAppendEntries(1418)) - s3@group-6912872F20E7: receive appendEntries(s1, 2, null, 0, true, commits:[s1:c0, s3:c0, s4:c0, s0:c0, s2:c0], cId:351, entries: [(t:2, i:0), CONFIGURATIONENTRY(current:id: "s3"
address: "localhost:39579"
dataStreamAddress: "localhost:46293"
clientAddress: "localhost:33409"
adminAddress: "localhost:42243"
startupRole: FOLLOWER
,id: "s4"
address: "localhost:45747"
dataStreamAddress: "localhost:42993"
clientAddress: "localhost:44435"
adminAddress: "localhost:35149"
startupRole: FOLLOWER
,id: "s0"
address: "localhost:36179"
dataStreamAddress: "localhost:33505"
clientAddress: "localhost:36175"
adminAddress: "localhost:46501"
startupRole: FOLLOWER
,id: "s1"
address: "localhost:36635"
dataStreamAddress: "localhost:41297"
clientAddress: "localhost:39775"
adminAddress: "localhost:41981"
startupRole: FOLLOWER
,id: "s2"
address: "localhost:36969"
dataStreamAddress: "localhost:38077"
clientAddress: "localhost:40489"
adminAddress: "localhost:37929"
startupRole: FOLLOWER
, old:)]
2022-10-24 03:16:33,607 [s3-server-thread3] INFO  server.RaftServer$Division (RaftServerImpl.java:checkInconsistentAppendEntries(1589)) - s3@group-6912872F20E7: Failed appendEntries as the first entry (index 0) already exists (snapshotIndex: -1, commitIndex: 0)
2022-10-24 03:16:33,607 [s3-server-thread3] INFO  server.RaftServer$Division (RaftServerImpl.java:checkInconsistentAppendEntries(1569)) - s3@group-6912872F20E7: inconsistency entries. Reply:s1<-s3#351:FAIL-t2,INCONSISTENCY,nextIndex=1,followerCommit=0,matchIndex=-1
2022-10-24 03:16:33,607 [grpc-default-executor-34] INFO  leader.FollowerInfo (FollowerInfoImpl.java:lambda$new$0(48)) - s1@group-6912872F20E7->s3: nextIndex: updateUnconditionally 1 -> 1
2022-10-24 03:16:33,683 [s3-server-thread3] INFO  server.RaftServer$Division (RaftServerImpl.java:checkInconsistentAppendEntries(1599)) - s3@group-6912872F20E7: Failed appendEntries as previous log entry ((t:2, i:0)) is not found
2022-10-24 03:16:33,683 [s3-server-thread3] INFO  server.RaftServer$Division (RaftServerImpl.java:checkInconsistentAppendEntries(1569)) - s3@group-6912872F20E7: inconsistency entries. Reply:s1<-s3#352:FAIL-t2,INCONSISTENCY,nextIndex=0,followerCommit=0,matchIndex=-1
2022-10-24 03:16:33,684 [grpc-default-executor-8] INFO  leader.FollowerInfo (FollowerInfoImpl.java:lambda$new$0(48)) - s1@group-6912872F20E7->s3: nextIndex: updateUnconditionally 1 -> 0
2022-10-24 03:16:33,685 [s3-server-thread3] DEBUG server.RaftServer$Division (RaftServerImpl.java:logAppendEntries(1418)) - s3@group-6912872F20E7: receive appendEntries(s1, 2, null, 0, true, commits:[s1:c0, s3:c0, s4:c0, s0:c0, s2:c0], cId:353, entries: [(t:2, i:0), CONFIGURATIONENTRY(current:id: "s3"
address: "localhost:39579"
dataStreamAddress: "localhost:46293"
clientAddress: "localhost:33409"
adminAddress: "localhost:42243"
startupRole: FOLLOWER
,id: "s4"
address: "localhost:45747"
dataStreamAddress: "localhost:42993"
clientAddress: "localhost:44435"
adminAddress: "localhost:35149"
startupRole: FOLLOWER
,id: "s0"
address: "localhost:36179"
dataStreamAddress: "localhost:33505"
clientAddress: "localhost:36175"
adminAddress: "localhost:46501"
startupRole: FOLLOWER
,id: "s1"
address: "localhost:36635"
dataStreamAddress: "localhost:41297"
clientAddress: "localhost:39775"
adminAddress: "localhost:41981"
startupRole: FOLLOWER
,id: "s2"
address: "localhost:36969"
dataStreamAddress: "localhost:38077"
clientAddress: "localhost:40489"
adminAddress: "localhost:37929"
startupRole: FOLLOWER
, old:)]
2022-10-24 03:16:33,685 [s3-server-thread3] INFO  server.RaftServer$Division (RaftServerImpl.java:checkInconsistentAppendEntries(1589)) - s3@group-6912872F20E7: Failed appendEntries as the first entry (index 0) already exists (snapshotIndex: -1, commitIndex: 0)
2022-10-24 03:16:33,685 [s3-server-thread3] INFO  server.RaftServer$Division (RaftServerImpl.java:checkInconsistentAppendEntries(1569)) - s3@group-6912872F20E7: inconsistency entries. Reply:s1<-s3#353:FAIL-t2,INCONSISTENCY,nextIndex=1,followerCommit=0,matchIndex=-1
2022-10-24 03:16:33,685 [grpc-default-executor-8] INFO  leader.FollowerInfo (FollowerInfoImpl.java:lambda$new$0(48)) - s1@group-6912872F20E7->s3: nextIndex: updateUnconditionally 1 -> 1
2022-10-24 03:16:33,761 [s3-server-thread3] INFO  server.RaftServer$Division (RaftServerImpl.java:checkInconsistentAppendEntries(1599)) - s3@group-6912872F20E7: Failed appendEntries as previous log entry ((t:2, i:0)) is not found
2022-10-24 03:16:33,762 [s3-server-thread3] INFO  server.RaftServer$Division (RaftServerImpl.java:checkInconsistentAppendEntries(1569)) - s3@group-6912872F20E7: inconsistency entries. Reply:s1<-s3#354:FAIL-t2,INCONSISTENCY,nextIndex=0,followerCommit=0,matchIndex=-1
2022-10-24 03:16:33,762 [grpc-default-executor-34] INFO  leader.FollowerInfo (FollowerInfoImpl.java:lambda$new$0(48)) - s1@group-6912872F20E7->s3: nextIndex: updateUnconditionally 1 -> 0
2022-10-24 03:16:33,763 [s3-server-thread3] DEBUG server.RaftServer$Division (RaftServerImpl.java:logAppendEntries(1418)) - s3@group-6912872F20E7: receive appendEntries(s1, 2, null, 0, true, commits:[s1:c0, s3:c0, s4:c0, s0:c0, s2:c0], cId:355, entries: [(t:2, i:0), CONFIGURATIONENTRY(current:id: "s3"
address: "localhost:39579"
dataStreamAddress: "localhost:46293"
clientAddress: "localhost:33409"
adminAddress: "localhost:42243"
startupRole: FOLLOWER
,id: "s4"
address: "localhost:45747"
dataStreamAddress: "localhost:42993"
clientAddress: "localhost:44435"
adminAddress: "localhost:35149"
startupRole: FOLLOWER
,id: "s0"
address: "localhost:36179"
dataStreamAddress: "localhost:33505"
clientAddress: "localhost:36175"
adminAddress: "localhost:46501"
startupRole: FOLLOWER
,id: "s1"
address: "localhost:36635"
dataStreamAddress: "localhost:41297"
clientAddress: "localhost:39775"
adminAddress: "localhost:41981"
startupRole: FOLLOWER
,id: "s2"
address: "localhost:36969"
dataStreamAddress: "localhost:38077"
clientAddress: "localhost:40489"
adminAddress: "localhost:37929"
startupRole: FOLLOWER
, old:)]
2022-10-24 03:16:33,763 [s3-server-thread3] INFO  server.RaftServer$Division (RaftServerImpl.java:checkInconsistentAppendEntries(1589)) - s3@group-6912872F20E7: Failed appendEntries as the first entry (index 0) already exists (snapshotIndex: -1, commitIndex: 0)
2022-10-24 03:16:33,763 [s3-server-thread3] INFO  server.RaftServer$Division (RaftServerImpl.java:checkInconsistentAppendEntries(1569)) - s3@group-6912872F20E7: inconsistency entries. Reply:s1<-s3#355:FAIL-t2,INCONSISTENCY,nextIndex=1,followerCommit=0,matchIndex=-1
2022-10-24 03:16:33,763 [grpc-default-executor-34] INFO  leader.FollowerInfo (FollowerInfoImpl.java:lambda$new$0(48)) - s1@group-6912872F20E7->s3: nextIndex: updateUnconditionally 1 -> 1
2022-10-24 03:16:33,839 [s3-server-thread3] INFO  server.RaftServer$Division (RaftServerImpl.java:checkInconsistentAppendEntries(1599)) - s3@group-6912872F20E7: Failed appendEntries as previous log entry ((t:2, i:0)) is not found
2022-10-24 03:16:33,839 [s3-server-thread3] INFO  server.RaftServer$Division (RaftServerImpl.java:checkInconsistentAppendEntries(1569)) - s3@group-6912872F20E7: inconsistency entries. Reply:s1<-s3#356:FAIL-t2,INCONSISTENCY,nextIndex=0,followerCommit=0,matchIndex=-1
2022-10-24 03:16:33,839 [grpc-default-executor-34] INFO  leader.FollowerInfo (FollowerInfoImpl.java:lambda$new$0(48)) - s1@group-6912872F20E7->s3: nextIndex: updateUnconditionally 1 -> 0
2022-10-24 03:16:33,840 [s3-server-thread3] DEBUG server.RaftServer$Division (RaftServerImpl.java:logAppendEntries(1418)) - s3@group-6912872F20E7: receive appendEntries(s1, 2, null, 0, true, commits:[s1:c0, s3:c0, s4:c0, s0:c0, s2:c0], cId:357, entries: [(t:2, i:0), CONFIGURATIONENTRY(current:id: "s3"
address: "localhost:39579"
dataStreamAddress: "localhost:46293"
clientAddress: "localhost:33409"
adminAddress: "localhost:42243"
startupRole: FOLLOWER
,id: "s4"
address: "localhost:45747"
dataStreamAddress: "localhost:42993"
clientAddress: "localhost:44435"
adminAddress: "localhost:35149"
startupRole: FOLLOWER
,id: "s0"
address: "localhost:36179"
dataStreamAddress: "localhost:33505"
clientAddress: "localhost:36175"
adminAddress: "localhost:46501"
startupRole: FOLLOWER
,id: "s1"
address: "localhost:36635"
dataStreamAddress: "localhost:41297"
clientAddress: "localhost:39775"
adminAddress: "localhost:41981"
startupRole: FOLLOWER
,id: "s2"
address: "localhost:36969"
dataStreamAddress: "localhost:38077"
clientAddress: "localhost:40489"
adminAddress: "localhost:37929"
startupRole: FOLLOWER
, old:)]
2022-10-24 03:16:33,840 [s3-server-thread3] INFO  server.RaftServer$Division (RaftServerImpl.java:checkInconsistentAppendEntries(1589)) - s3@group-6912872F20E7: Failed appendEntries as the first entry (index 0) already exists (snapshotIndex: -1, commitIndex: 0)
2022-10-24 03:16:33,840 [s3-server-thread3] INFO  server.RaftServer$Division (RaftServerImpl.java:checkInconsistentAppendEntries(1569)) - s3@group-6912872F20E7: inconsistency entries. Reply:s1<-s3#357:FAIL-t2,INCONSISTENCY,nextIndex=1,followerCommit=0,matchIndex=-1
2022-10-24 03:16:33,840 [grpc-default-executor-34] INFO  leader.FollowerInfo (FollowerInfoImpl.java:lambda$new$0(48)) - s1@group-6912872F20E7->s3: nextIndex: updateUnconditionally 1 -> 1
2022-10-24 03:16:33,904 [Time-limited test] INFO  grpc.TestLeaderElectionWithGrpc (LeaderElectionTests.java:enforceLeader(295)) - printing ALL groups
  s3:  RUNNING  FOLLOWER s3@group-6912872F20E7:t2, leader=s1, voted=null, raftlog=Memoized:s3@group-6912872F20E7-SegmentedRaftLog:OPENED:c0, conf=0: peers:[s3|rpc:localhost:39579|admin:localhost:42243|client:localhost:33409|dataStream:localhost:46293|priority:0|startupRole:FOLLOWER, s4|rpc:localhost:45747|admin:localhost:35149|client:localhost:44435|dataStream:localhost:42993|priority:0|startupRole:FOLLOWER, s0|rpc:localhost:36179|admin:localhost:46501|client:localhost:36175|dataStream:localhost:33505|priority:0|startupRole:FOLLOWER, s1|rpc:localhost:36635|admin:localhost:41981|client:localhost:39775|dataStream:localhost:41297|priority:0|startupRole:FOLLOWER, s2|rpc:localhost:36969|admin:localhost:37929|client:localhost:40489|dataStream:localhost:38077|priority:0|startupRole:FOLLOWER]|listeners:[], old=null RUNNING
  s4:  RUNNING  FOLLOWER s4@group-6912872F20E7:t2, leader=s1, voted=s1, raftlog=Memoized:s4@group-6912872F20E7-SegmentedRaftLog:OPENED:c0, conf=0: peers:[s3|rpc:localhost:39579|admin:localhost:42243|client:localhost:33409|dataStream:localhost:46293|priority:0|startupRole:FOLLOWER, s4|rpc:localhost:45747|admin:localhost:35149|client:localhost:44435|dataStream:localhost:42993|priority:0|startupRole:FOLLOWER, s0|rpc:localhost:36179|admin:localhost:46501|client:localhost:36175|dataStream:localhost:33505|priority:0|startupRole:FOLLOWER, s1|rpc:localhost:36635|admin:localhost:41981|client:localhost:39775|dataStream:localhost:41297|priority:0|startupRole:FOLLOWER, s2|rpc:localhost:36969|admin:localhost:37929|client:localhost:40489|dataStream:localhost:38077|priority:0|startupRole:FOLLOWER]|listeners:[], old=null RUNNING
  s0:  RUNNING  FOLLOWER s0@group-6912872F20E7:t2, leader=s1, voted=s1, raftlog=Memoized:s0@group-6912872F20E7-SegmentedRaftLog:OPENED:c0, conf=0: peers:[s3|rpc:localhost:39579|admin:localhost:42243|client:localhost:33409|dataStream:localhost:46293|priority:0|startupRole:FOLLOWER, s4|rpc:localhost:45747|admin:localhost:35149|client:localhost:44435|dataStream:localhost:42993|priority:0|startupRole:FOLLOWER, s0|rpc:localhost:36179|admin:localhost:46501|client:localhost:36175|dataStream:localhost:33505|priority:0|startupRole:FOLLOWER, s1|rpc:localhost:36635|admin:localhost:41981|client:localhost:39775|dataStream:localhost:41297|priority:0|startupRole:FOLLOWER, s2|rpc:localhost:36969|admin:localhost:37929|client:localhost:40489|dataStream:localhost:38077|priority:0|startupRole:FOLLOWER]|listeners:[], old=null RUNNING
  s1:  RUNNING    LEADER s1@group-6912872F20E7:t2, leader=s1, voted=s1, raftlog=Memoized:s1@group-6912872F20E7-SegmentedRaftLog:OPENED:c0, conf=0: peers:[s3|rpc:localhost:39579|admin:localhost:42243|client:localhost:33409|dataStream:localhost:46293|priority:0|startupRole:FOLLOWER, s4|rpc:localhost:45747|admin:localhost:35149|client:localhost:44435|dataStream:localhost:42993|priority:0|startupRole:FOLLOWER, s0|rpc:localhost:36179|admin:localhost:46501|client:localhost:36175|dataStream:localhost:33505|priority:0|startupRole:FOLLOWER, s1|rpc:localhost:36635|admin:localhost:41981|client:localhost:39775|dataStream:localhost:41297|priority:0|startupRole:FOLLOWER, s2|rpc:localhost:36969|admin:localhost:37929|client:localhost:40489|dataStream:localhost:38077|priority:0|startupRole:FOLLOWER]|listeners:[], old=null RUNNING
  s2:  RUNNING  FOLLOWER s2@group-6912872F20E7:t2, leader=s1, voted=s1, raftlog=Memoized:s2@group-6912872F20E7-SegmentedRaftLog:OPENED:c0, conf=0: peers:[s3|rpc:localhost:39579|admin:localhost:42243|client:localhost:33409|dataStream:localhost:46293|priority:0|startupRole:FOLLOWER, s4|rpc:localhost:45747|admin:localhost:35149|client:localhost:44435|dataStream:localhost:42993|priority:0|startupRole:FOLLOWER, s0|rpc:localhost:36179|admin:localhost:46501|client:localhost:36175|dataStream:localhost:33505|priority:0|startupRole:FOLLOWER, s1|rpc:localhost:36635|admin:localhost:41981|client:localhost:39775|dataStream:localhost:41297|priority:0|startupRole:FOLLOWER, s2|rpc:localhost:36969|admin:localhost:37929|client:localhost:40489|dataStream:localhost:38077|priority:0|startupRole:FOLLOWER]|listeners:[], old=null RUNNING
2022-10-24 03:16:33,904 [Time-limited test] INFO  impl.MiniRaftCluster (MiniRaftCluster.java:shutdown(831)) - ************************************************************** 
2022-10-24 03:16:33,905 [Time-limited test] INFO  impl.MiniRaftCluster (MiniRaftCluster.java:shutdown(832)) - *** 
2022-10-24 03:16:33,905 [Time-limited test] INFO  impl.MiniRaftCluster (MiniRaftCluster.java:shutdown(833)) - ***     Stopping MiniRaftClusterWithGrpc
2022-10-24 03:16:33,905 [Time-limited test] INFO  impl.MiniRaftCluster (MiniRaftCluster.java:shutdown(834)) - *** 
2022-10-24 03:16:33,905 [Time-limited test] INFO  impl.MiniRaftCluster (MiniRaftCluster.java:shutdown(835)) - ************************************************************** 
2022-10-24 03:16:33,905 [Time-limited test] INFO  impl.MiniRaftCluster (MiniRaftCluster.java:shutdown(836)) - printing ALL groups
  s3:  RUNNING  FOLLOWER s3@group-6912872F20E7:t2, leader=s1, voted=null, raftlog=Memoized:s3@group-6912872F20E7-SegmentedRaftLog:OPENED:c0, conf=0: peers:[s3|rpc:localhost:39579|admin:localhost:42243|client:localhost:33409|dataStream:localhost:46293|priority:0|startupRole:FOLLOWER, s4|rpc:localhost:45747|admin:localhost:35149|client:localhost:44435|dataStream:localhost:42993|priority:0|startupRole:FOLLOWER, s0|rpc:localhost:36179|admin:localhost:46501|client:localhost:36175|dataStream:localhost:33505|priority:0|startupRole:FOLLOWER, s1|rpc:localhost:36635|admin:localhost:41981|client:localhost:39775|dataStream:localhost:41297|priority:0|startupRole:FOLLOWER, s2|rpc:localhost:36969|admin:localhost:37929|client:localhost:40489|dataStream:localhost:38077|priority:0|startupRole:FOLLOWER]|listeners:[], old=null RUNNING
  s4:  RUNNING  FOLLOWER s4@group-6912872F20E7:t2, leader=s1, voted=s1, raftlog=Memoized:s4@group-6912872F20E7-SegmentedRaftLog:OPENED:c0, conf=0: peers:[s3|rpc:localhost:39579|admin:localhost:42243|client:localhost:33409|dataStream:localhost:46293|priority:0|startupRole:FOLLOWER, s4|rpc:localhost:45747|admin:localhost:35149|client:localhost:44435|dataStream:localhost:42993|priority:0|startupRole:FOLLOWER, s0|rpc:localhost:36179|admin:localhost:46501|client:localhost:36175|dataStream:localhost:33505|priority:0|startupRole:FOLLOWER, s1|rpc:localhost:36635|admin:localhost:41981|client:localhost:39775|dataStream:localhost:41297|priority:0|startupRole:FOLLOWER, s2|rpc:localhost:36969|admin:localhost:37929|client:localhost:40489|dataStream:localhost:38077|priority:0|startupRole:FOLLOWER]|listeners:[], old=null RUNNING
  s0:  RUNNING  FOLLOWER s0@group-6912872F20E7:t2, leader=s1, voted=s1, raftlog=Memoized:s0@group-6912872F20E7-SegmentedRaftLog:OPENED:c0, conf=0: peers:[s3|rpc:localhost:39579|admin:localhost:42243|client:localhost:33409|dataStream:localhost:46293|priority:0|startupRole:FOLLOWER, s4|rpc:localhost:45747|admin:localhost:35149|client:localhost:44435|dataStream:localhost:42993|priority:0|startupRole:FOLLOWER, s0|rpc:localhost:36179|admin:localhost:46501|client:localhost:36175|dataStream:localhost:33505|priority:0|startupRole:FOLLOWER, s1|rpc:localhost:36635|admin:localhost:41981|client:localhost:39775|dataStream:localhost:41297|priority:0|startupRole:FOLLOWER, s2|rpc:localhost:36969|admin:localhost:37929|client:localhost:40489|dataStream:localhost:38077|priority:0|startupRole:FOLLOWER]|listeners:[], old=null RUNNING
  s1:  RUNNING    LEADER s1@group-6912872F20E7:t2, leader=s1, voted=s1, raftlog=Memoized:s1@group-6912872F20E7-SegmentedRaftLog:OPENED:c0, conf=0: peers:[s3|rpc:localhost:39579|admin:localhost:42243|client:localhost:33409|dataStream:localhost:46293|priority:0|startupRole:FOLLOWER, s4|rpc:localhost:45747|admin:localhost:35149|client:localhost:44435|dataStream:localhost:42993|priority:0|startupRole:FOLLOWER, s0|rpc:localhost:36179|admin:localhost:46501|client:localhost:36175|dataStream:localhost:33505|priority:0|startupRole:FOLLOWER, s1|rpc:localhost:36635|admin:localhost:41981|client:localhost:39775|dataStream:localhost:41297|priority:0|startupRole:FOLLOWER, s2|rpc:localhost:36969|admin:localhost:37929|client:localhost:40489|dataStream:localhost:38077|priority:0|startupRole:FOLLOWER]|listeners:[], old=null RUNNING
  s2:  RUNNING  FOLLOWER s2@group-6912872F20E7:t2, leader=s1, voted=s1, raftlog=Memoized:s2@group-6912872F20E7-SegmentedRaftLog:OPENED:c0, conf=0: peers:[s3|rpc:localhost:39579|admin:localhost:42243|client:localhost:33409|dataStream:localhost:46293|priority:0|startupRole:FOLLOWER, s4|rpc:localhost:45747|admin:localhost:35149|client:localhost:44435|dataStream:localhost:42993|priority:0|startupRole:FOLLOWER, s0|rpc:localhost:36179|admin:localhost:46501|client:localhost:36175|dataStream:localhost:33505|priority:0|startupRole:FOLLOWER, s1|rpc:localhost:36635|admin:localhost:41981|client:localhost:39775|dataStream:localhost:41297|priority:0|startupRole:FOLLOWER, s2|rpc:localhost:36969|admin:localhost:37929|client:localhost:40489|dataStream:localhost:38077|priority:0|startupRole:FOLLOWER]|listeners:[], old=null RUNNING
2022-10-24 03:16:33,908 [MiniRaftCluster-1] INFO  server.RaftServer (RaftServerProxy.java:lambda$close$7(412)) - s3: close
2022-10-24 03:16:33,909 [MiniRaftCluster-1] INFO  server.GrpcService (GrpcService.java:closeImpl(319)) - s3: shutdown server org.apache.ratis.grpc.server.GrpcClientProtocolService now
2022-10-24 03:16:33,910 [MiniRaftCluster-5] INFO  server.RaftServer (RaftServerProxy.java:lambda$close$7(412)) - s2: close
2022-10-24 03:16:33,910 [MiniRaftCluster-3] INFO  server.RaftServer (RaftServerProxy.java:lambda$close$7(412)) - s0: close
2022-10-24 03:16:33,913 [s3-impl-thread1] INFO  server.RaftServer$Division (RaftServerImpl.java:lambda$close$4(462)) - s3@group-6912872F20E7: shutdown
2022-10-24 03:16:33,913 [s3-impl-thread1] INFO  util.JmxRegister (JmxRegister.java:unregister(73)) - Successfully un-registered JMX Bean with object name Ratis:service=RaftServer,group=group-6912872F20E7,id=s3
2022-10-24 03:16:33,913 [s3-impl-thread1] INFO  impl.RoleInfo (RoleInfo.java:shutdownFollowerState(110)) - s3: shutdown s3@group-6912872F20E7-FollowerState
2022-10-24 03:16:33,911 [MiniRaftCluster-2] INFO  server.RaftServer (RaftServerProxy.java:lambda$close$7(412)) - s4: close
2022-10-24 03:16:33,913 [s3-impl-thread1] INFO  impl.StateMachineUpdater (StateMachineUpdater.java:stopAndJoin(154)) - s3@group-6912872F20E7-StateMachineUpdater: set stopIndex = 0
2022-10-24 03:16:33,913 [s4-impl-thread1] INFO  server.RaftServer$Division (RaftServerImpl.java:lambda$close$4(462)) - s4@group-6912872F20E7: shutdown
2022-10-24 03:16:33,913 [s4-impl-thread1] INFO  util.JmxRegister (JmxRegister.java:unregister(73)) - Successfully un-registered JMX Bean with object name Ratis:service=RaftServer,group=group-6912872F20E7,id=s4
2022-10-24 03:16:33,914 [s4-impl-thread1] INFO  impl.RoleInfo (RoleInfo.java:shutdownFollowerState(110)) - s4: shutdown s4@group-6912872F20E7-FollowerState
2022-10-24 03:16:33,914 [s3@group-6912872F20E7-FollowerState] INFO  impl.FollowerState (FollowerState.java:run(152)) - s3@group-6912872F20E7-FollowerState was interrupted
2022-10-24 03:16:33,914 [s4@group-6912872F20E7-FollowerState] INFO  impl.FollowerState (FollowerState.java:run(152)) - s4@group-6912872F20E7-FollowerState was interrupted
2022-10-24 03:16:33,914 [s3-impl-thread1] INFO  server.RaftServer$Division (ServerState.java:close(412)) - s3@group-6912872F20E7: applyIndex: 0
2022-10-24 03:16:33,915 [s3@group-6912872F20E7-SegmentedRaftLogWorker] INFO  segmented.SegmentedRaftLogWorker (SegmentedRaftLogWorker.java:run(333)) - s3@group-6912872F20E7-SegmentedRaftLogWorker was interrupted, exiting. There are 0 tasks remaining in the queue.
2022-10-24 03:16:33,915 [s0-impl-thread1] INFO  server.RaftServer$Division (RaftServerImpl.java:lambda$close$4(462)) - s0@group-6912872F20E7: shutdown
2022-10-24 03:16:33,915 [s0-impl-thread1] INFO  util.JmxRegister (JmxRegister.java:unregister(73)) - Successfully un-registered JMX Bean with object name Ratis:service=RaftServer,group=group-6912872F20E7,id=s0
2022-10-24 03:16:33,915 [s2-impl-thread1] INFO  server.RaftServer$Division (RaftServerImpl.java:lambda$close$4(462)) - s2@group-6912872F20E7: shutdown
2022-10-24 03:16:33,915 [s0-impl-thread1] INFO  impl.RoleInfo (RoleInfo.java:shutdownFollowerState(110)) - s0: shutdown s0@group-6912872F20E7-FollowerState
2022-10-24 03:16:33,908 [MiniRaftCluster-4] INFO  server.RaftServer (RaftServerProxy.java:lambda$close$7(412)) - s1: close
2022-10-24 03:16:33,916 [s1-impl-thread1] INFO  server.RaftServer$Division (RaftServerImpl.java:lambda$close$4(462)) - s1@group-6912872F20E7: shutdown
2022-10-24 03:16:33,916 [s1-impl-thread1] INFO  util.JmxRegister (JmxRegister.java:unregister(73)) - Successfully un-registered JMX Bean with object name Ratis:service=RaftServer,group=group-6912872F20E7,id=s1
2022-10-24 03:16:33,916 [s1-impl-thread1] INFO  impl.RoleInfo (RoleInfo.java:shutdownLeaderState(93)) - s1: shutdown s1@group-6912872F20E7-LeaderStateImpl
2022-10-24 03:16:33,916 [s2-impl-thread1] INFO  util.JmxRegister (JmxRegister.java:unregister(73)) - Successfully un-registered JMX Bean with object name Ratis:service=RaftServer,group=group-6912872F20E7,id=s2
2022-10-24 03:16:33,916 [s2-impl-thread1] INFO  impl.RoleInfo (RoleInfo.java:shutdownFollowerState(110)) - s2: shutdown s2@group-6912872F20E7-FollowerState
2022-10-24 03:16:33,916 [s0@group-6912872F20E7-FollowerState] INFO  impl.FollowerState (FollowerState.java:run(152)) - s0@group-6912872F20E7-FollowerState was interrupted
2022-10-24 03:16:33,917 [s1-impl-thread1] INFO  impl.PendingRequests (PendingRequests.java:sendNotLeaderResponses(282)) - s1@group-6912872F20E7-PendingRequests: sendNotLeaderResponses
2022-10-24 03:16:33,917 [s1@group-6912872F20E7->s3-GrpcLogAppender-LogAppenderDaemon] WARN  server.GrpcLogAppender (GrpcLogAppender.java:mayWait(199)) - s1@group-6912872F20E7->s3-GrpcLogAppender: Wait interrupted by java.lang.InterruptedException
2022-10-24 03:16:33,917 [s1@group-6912872F20E7->s0-GrpcLogAppender-LogAppenderDaemon] WARN  server.GrpcLogAppender (GrpcLogAppender.java:mayWait(199)) - s1@group-6912872F20E7->s0-GrpcLogAppender: Wait interrupted by java.lang.InterruptedException
2022-10-24 03:16:33,917 [s1@group-6912872F20E7->s4-GrpcLogAppender-LogAppenderDaemon] WARN  server.GrpcLogAppender (GrpcLogAppender.java:mayWait(199)) - s1@group-6912872F20E7->s4-GrpcLogAppender: Wait interrupted by java.lang.InterruptedException
2022-10-24 03:16:33,917 [s2@group-6912872F20E7-FollowerState] INFO  impl.FollowerState (FollowerState.java:run(152)) - s2@group-6912872F20E7-FollowerState was interrupted
2022-10-24 03:16:33,918 [s1@group-6912872F20E7->s2-GrpcLogAppender-LogAppenderDaemon] WARN  server.GrpcLogAppender (GrpcLogAppender.java:mayWait(199)) - s1@group-6912872F20E7->s2-GrpcLogAppender: Wait interrupted by java.lang.InterruptedException
2022-10-24 03:16:33,919 [grpc-default-executor-8] INFO  server.GrpcServerProtocolService (GrpcServerProtocolService.java:onCompleted(143)) - s4: Completed APPEND_ENTRIES, lastRequest: null
2022-10-24 03:16:33,919 [grpc-default-executor-15] INFO  server.GrpcServerProtocolService (GrpcServerProtocolService.java:onCompleted(143)) - s2: Completed APPEND_ENTRIES, lastRequest: null
2022-10-24 03:16:33,919 [grpc-default-executor-34] INFO  server.GrpcServerProtocolService (GrpcServerProtocolService.java:onCompleted(143)) - s2: Completed APPEND_ENTRIES, lastRequest: s1->s2#1-t2,previous=(t:0, i:0),leaderCommit=0,initializing? true,entries: size=1, first=(t:2, i:0), CONFIGURATIONENTRY(current:id: "s3"
address: "localhost:39579"
dataStreamAddress: "localhost:46293"
clientAddress: "localhost:33409"
adminAddress: "localhost:42243"
startupRole: FOLLOWER
,id: "s4"
address: "localhost:45747"
dataStreamAddress: "localhost:42993"
clientAddress: "localhost:44435"
adminAddress: "localhost:35149"
startupRole: FOLLOWER
,id: "s0"
address: "localhost:36179"
dataStreamAddress: "localhost:33505"
clientAddress: "localhost:36175"
adminAddress: "localhost:46501"
startupRole: FOLLOWER
,id: "s1"
address: "localhost:36635"
dataStreamAddress: "localhost:41297"
clientAddress: "localhost:39775"
adminAddress: "localhost:41981"
startupRole: FOLLOWER
,id: "s2"
address: "localhost:36969"
dataStreamAddress: "localhost:38077"
clientAddress: "localhost:40489"
adminAddress: "localhost:37929"
startupRole: FOLLOWER
, old:)
2022-10-24 03:16:33,919 [grpc-default-executor-8] INFO  server.GrpcServerProtocolService (GrpcServerProtocolService.java:onCompleted(143)) - s3: Completed APPEND_ENTRIES, lastRequest: s1->s3#357-t2,previous=(t:0, i:0),leaderCommit=0,initializing? true,entries: size=1, first=(t:2, i:0), CONFIGURATIONENTRY(current:id: "s3"
address: "localhost:39579"
dataStreamAddress: "localhost:46293"
clientAddress: "localhost:33409"
adminAddress: "localhost:42243"
startupRole: FOLLOWER
,id: "s4"
address: "localhost:45747"
dataStreamAddress: "localhost:42993"
clientAddress: "localhost:44435"
adminAddress: "localhost:35149"
startupRole: FOLLOWER
,id: "s0"
address: "localhost:36179"
dataStreamAddress: "localhost:33505"
clientAddress: "localhost:36175"
adminAddress: "localhost:46501"
startupRole: FOLLOWER
,id: "s1"
address: "localhost:36635"
dataStreamAddress: "localhost:41297"
clientAddress: "localhost:39775"
adminAddress: "localhost:41981"
startupRole: FOLLOWER
,id: "s2"
address: "localhost:36969"
dataStreamAddress: "localhost:38077"
clientAddress: "localhost:40489"
adminAddress: "localhost:37929"
startupRole: FOLLOWER
, old:)
2022-10-24 03:16:33,920 [grpc-default-executor-25] INFO  server.GrpcServerProtocolService (GrpcServerProtocolService.java:onCompleted(143)) - s0: Completed APPEND_ENTRIES, lastRequest: s1->s0#1-t2,previous=(t:0, i:0),leaderCommit=0,initializing? true,entries: size=1, first=(t:2, i:0), CONFIGURATIONENTRY(current:id: "s3"
address: "localhost:39579"
dataStreamAddress: "localhost:46293"
clientAddress: "localhost:33409"
adminAddress: "localhost:42243"
startupRole: FOLLOWER
,id: "s4"
address: "localhost:45747"
dataStreamAddress: "localhost:42993"
clientAddress: "localhost:44435"
adminAddress: "localhost:35149"
startupRole: FOLLOWER
,id: "s0"
address: "localhost:36179"
dataStreamAddress: "localhost:33505"
clientAddress: "localhost:36175"
adminAddress: "localhost:46501"
startupRole: FOLLOWER
,id: "s1"
address: "localhost:36635"
dataStreamAddress: "localhost:41297"
clientAddress: "localhost:39775"
adminAddress: "localhost:41981"
startupRole: FOLLOWER
,id: "s2"
address: "localhost:36969"
dataStreamAddress: "localhost:38077"
clientAddress: "localhost:40489"
adminAddress: "localhost:37929"
startupRole: FOLLOWER
, old:)
2022-10-24 03:16:33,920 [grpc-default-executor-27] INFO  server.GrpcServerProtocolService (GrpcServerProtocolService.java:onCompleted(143)) - s0: Completed APPEND_ENTRIES, lastRequest: null
2022-10-24 03:16:33,920 [grpc-default-executor-31] INFO  server.GrpcServerProtocolService (GrpcServerProtocolService.java:onCompleted(143)) - s4: Completed APPEND_ENTRIES, lastRequest: s1->s4#1-t2,previous=(t:0, i:0),leaderCommit=0,initializing? true,entries: size=1, first=(t:2, i:0), CONFIGURATIONENTRY(current:id: "s3"
address: "localhost:39579"
dataStreamAddress: "localhost:46293"
clientAddress: "localhost:33409"
adminAddress: "localhost:42243"
startupRole: FOLLOWER
,id: "s4"
address: "localhost:45747"
dataStreamAddress: "localhost:42993"
clientAddress: "localhost:44435"
adminAddress: "localhost:35149"
startupRole: FOLLOWER
,id: "s0"
address: "localhost:36179"
dataStreamAddress: "localhost:33505"
clientAddress: "localhost:36175"
adminAddress: "localhost:46501"
startupRole: FOLLOWER
,id: "s1"
address: "localhost:36635"
dataStreamAddress: "localhost:41297"
clientAddress: "localhost:39775"
adminAddress: "localhost:41981"
startupRole: FOLLOWER
,id: "s2"
address: "localhost:36969"
dataStreamAddress: "localhost:38077"
clientAddress: "localhost:40489"
adminAddress: "localhost:37929"
startupRole: FOLLOWER
, old:)
2022-10-24 03:16:33,920 [grpc-default-executor-4] INFO  server.GrpcServerProtocolService (GrpcServerProtocolService.java:onCompleted(143)) - s3: Completed APPEND_ENTRIES, lastRequest: null
2022-10-24 03:16:33,921 [grpc-default-executor-8] INFO  server.GrpcLogAppender (GrpcLogAppender.java:onCompleted(413)) - s1@group-6912872F20E7->s4-AppendLogResponseHandler: follower responses appendEntries COMPLETED
2022-10-24 03:16:33,922 [grpc-default-executor-8] INFO  leader.FollowerInfo (FollowerInfoImpl.java:lambda$new$0(48)) - s1@group-6912872F20E7->s4: nextIndex: updateUnconditionally 1 -> 0
2022-10-24 03:16:33,922 [grpc-default-executor-8] INFO  server.GrpcLogAppender (GrpcLogAppender.java:onCompleted(413)) - s1@group-6912872F20E7->s4-AppendLogResponseHandler: follower responses appendEntries COMPLETED
2022-10-24 03:16:33,922 [grpc-default-executor-8] INFO  leader.FollowerInfo (FollowerInfoImpl.java:lambda$new$0(48)) - s1@group-6912872F20E7->s4: nextIndex: updateUnconditionally 0 -> 0
2022-10-24 03:16:33,922 [grpc-default-executor-22] INFO  server.GrpcLogAppender (GrpcLogAppender.java:onCompleted(413)) - s1@group-6912872F20E7->s2-AppendLogResponseHandler: follower responses appendEntries COMPLETED
2022-10-24 03:16:33,922 [grpc-default-executor-15] INFO  server.GrpcLogAppender (GrpcLogAppender.java:onCompleted(413)) - s1@group-6912872F20E7->s2-AppendLogResponseHandler: follower responses appendEntries COMPLETED
2022-10-24 03:16:33,922 [grpc-default-executor-27] INFO  server.GrpcLogAppender (GrpcLogAppender.java:onCompleted(413)) - s1@group-6912872F20E7->s0-AppendLogResponseHandler: follower responses appendEntries COMPLETED
2022-10-24 03:16:33,922 [grpc-default-executor-27] INFO  leader.FollowerInfo (FollowerInfoImpl.java:lambda$new$0(48)) - s1@group-6912872F20E7->s0: nextIndex: updateUnconditionally 1 -> 0
2022-10-24 03:16:33,922 [grpc-default-executor-22] INFO  leader.FollowerInfo (FollowerInfoImpl.java:lambda$new$0(48)) - s1@group-6912872F20E7->s2: nextIndex: updateUnconditionally 1 -> 0
2022-10-24 03:16:33,922 [grpc-default-executor-4] INFO  server.GrpcLogAppender (GrpcLogAppender.java:onCompleted(413)) - s1@group-6912872F20E7->s3-AppendLogResponseHandler: follower responses appendEntries COMPLETED
2022-10-24 03:16:33,922 [grpc-default-executor-15] INFO  leader.FollowerInfo (FollowerInfoImpl.java:lambda$new$0(48)) - s1@group-6912872F20E7->s2: nextIndex: updateUnconditionally 0 -> 0
2022-10-24 03:16:33,922 [grpc-default-executor-31] INFO  server.GrpcLogAppender (GrpcLogAppender.java:onCompleted(413)) - s1@group-6912872F20E7->s0-AppendLogResponseHandler: follower responses appendEntries COMPLETED
2022-10-24 03:16:33,922 [grpc-default-executor-4] INFO  leader.FollowerInfo (FollowerInfoImpl.java:lambda$new$0(48)) - s1@group-6912872F20E7->s3: nextIndex: updateUnconditionally 1 -> 0
2022-10-24 03:16:33,923 [grpc-default-executor-25] INFO  server.GrpcLogAppender (GrpcLogAppender.java:onCompleted(413)) - s1@group-6912872F20E7->s3-AppendLogResponseHandler: follower responses appendEntries COMPLETED
2022-10-24 03:16:33,923 [grpc-default-executor-25] INFO  leader.FollowerInfo (FollowerInfoImpl.java:lambda$new$0(48)) - s1@group-6912872F20E7->s3: nextIndex: updateUnconditionally 0 -> 0
2022-10-24 03:16:33,922 [grpc-default-executor-31] INFO  leader.FollowerInfo (FollowerInfoImpl.java:lambda$new$0(48)) - s1@group-6912872F20E7->s0: nextIndex: updateUnconditionally 0 -> 0
2022-10-24 03:16:33,916 [s0-impl-thread1] INFO  impl.StateMachineUpdater (StateMachineUpdater.java:stopAndJoin(154)) - s0@group-6912872F20E7-StateMachineUpdater: set stopIndex = 0
2022-10-24 03:16:33,923 [s0-impl-thread1] INFO  server.RaftServer$Division (ServerState.java:close(412)) - s0@group-6912872F20E7: applyIndex: 0
2022-10-24 03:16:33,916 [s2-impl-thread1] INFO  impl.StateMachineUpdater (StateMachineUpdater.java:stopAndJoin(154)) - s2@group-6912872F20E7-StateMachineUpdater: set stopIndex = 0
2022-10-24 03:16:33,923 [s0@group-6912872F20E7-SegmentedRaftLogWorker] INFO  segmented.SegmentedRaftLogWorker (SegmentedRaftLogWorker.java:run(333)) - s0@group-6912872F20E7-SegmentedRaftLogWorker was interrupted, exiting. There are 0 tasks remaining in the queue.
2022-10-24 03:16:33,923 [s2-impl-thread1] INFO  server.RaftServer$Division (ServerState.java:close(412)) - s2@group-6912872F20E7: applyIndex: 0
2022-10-24 03:16:33,924 [s2@group-6912872F20E7-SegmentedRaftLogWorker] INFO  segmented.SegmentedRaftLogWorker (SegmentedRaftLogWorker.java:run(333)) - s2@group-6912872F20E7-SegmentedRaftLogWorker was interrupted, exiting. There are 0 tasks remaining in the queue.
2022-10-24 03:16:33,917 [s1-impl-thread1] INFO  impl.StateMachineUpdater (StateMachineUpdater.java:stopAndJoin(154)) - s1@group-6912872F20E7-StateMachineUpdater: set stopIndex = 0
2022-10-24 03:16:33,915 [MiniRaftCluster-3] INFO  server.GrpcService (GrpcService.java:closeImpl(319)) - s0: shutdown server org.apache.ratis.grpc.server.GrpcClientProtocolService now
2022-10-24 03:16:33,923 [MiniRaftCluster-4] INFO  server.GrpcService (GrpcService.java:closeImpl(319)) - s1: shutdown server org.apache.ratis.grpc.server.GrpcClientProtocolService now
2022-10-24 03:16:33,914 [s4-impl-thread1] INFO  impl.StateMachineUpdater (StateMachineUpdater.java:stopAndJoin(154)) - s4@group-6912872F20E7-StateMachineUpdater: set stopIndex = 0
2022-10-24 03:16:33,914 [MiniRaftCluster-2] INFO  server.GrpcService (GrpcService.java:closeImpl(319)) - s4: shutdown server org.apache.ratis.grpc.server.GrpcClientProtocolService now
2022-10-24 03:16:33,924 [s1-impl-thread1] INFO  server.RaftServer$Division (ServerState.java:close(412)) - s1@group-6912872F20E7: applyIndex: 0
2022-10-24 03:16:33,924 [s4-impl-thread1] INFO  server.RaftServer$Division (ServerState.java:close(412)) - s4@group-6912872F20E7: applyIndex: 0
2022-10-24 03:16:33,925 [s1@group-6912872F20E7-SegmentedRaftLogWorker] INFO  segmented.SegmentedRaftLogWorker (SegmentedRaftLogWorker.java:run(333)) - s1@group-6912872F20E7-SegmentedRaftLogWorker was interrupted, exiting. There are 0 tasks remaining in the queue.
2022-10-24 03:16:33,925 [s4@group-6912872F20E7-SegmentedRaftLogWorker] INFO  segmented.SegmentedRaftLogWorker (SegmentedRaftLogWorker.java:run(333)) - s4@group-6912872F20E7-SegmentedRaftLogWorker was interrupted, exiting. There are 0 tasks remaining in the queue.
2022-10-24 03:16:33,927 [s0-impl-thread1] INFO  segmented.SegmentedRaftLogWorker (SegmentedRaftLogWorker.java:close(246)) - s0@group-6912872F20E7-SegmentedRaftLogWorker close()
2022-10-24 03:16:33,913 [MiniRaftCluster-5] INFO  server.GrpcService (GrpcService.java:closeImpl(319)) - s2: shutdown server org.apache.ratis.grpc.server.GrpcClientProtocolService now
2022-10-24 03:16:33,928 [s2-impl-thread1] INFO  segmented.SegmentedRaftLogWorker (SegmentedRaftLogWorker.java:close(246)) - s2@group-6912872F20E7-SegmentedRaftLogWorker close()
2022-10-24 03:16:33,928 [s3-impl-thread1] INFO  segmented.SegmentedRaftLogWorker (SegmentedRaftLogWorker.java:close(246)) - s3@group-6912872F20E7-SegmentedRaftLogWorker close()
2022-10-24 03:16:33,937 [s1-impl-thread1] INFO  segmented.SegmentedRaftLogWorker (SegmentedRaftLogWorker.java:close(246)) - s1@group-6912872F20E7-SegmentedRaftLogWorker close()
2022-10-24 03:16:33,939 [MiniRaftCluster-1] INFO  server.GrpcServerProtocolClient (GrpcServerProtocolClient.java:close(111)) - s4 Close channels
2022-10-24 03:16:33,940 [s4-impl-thread1] INFO  segmented.SegmentedRaftLogWorker (SegmentedRaftLogWorker.java:close(246)) - s4@group-6912872F20E7-SegmentedRaftLogWorker close()
2022-10-24 03:16:33,944 [MiniRaftCluster-2] INFO  server.GrpcServerProtocolClient (GrpcServerProtocolClient.java:close(111)) - s3 Close channels
2022-10-24 03:16:33,945 [MiniRaftCluster-3] INFO  server.GrpcServerProtocolClient (GrpcServerProtocolClient.java:close(111)) - s3 Close channels
2022-10-24 03:16:33,945 [ForkJoinPool.commonPool-worker-3] INFO  server.GrpcServerProtocolClient (GrpcServerProtocolClient.java:close(111)) - s0 Close channels
2022-10-24 03:16:33,948 [MiniRaftCluster-4] INFO  server.GrpcServerProtocolClient (GrpcServerProtocolClient.java:close(111)) - s3 Close channels
2022-10-24 03:16:33,948 [MiniRaftCluster-5] INFO  server.GrpcServerProtocolClient (GrpcServerProtocolClient.java:close(111)) - s3 Close channels
2022-10-24 03:16:33,952 [MiniRaftCluster-3] INFO  server.GrpcServerProtocolClient (GrpcServerProtocolClient.java:close(111)) - s4 Close channels
2022-10-24 03:16:33,956 [MiniRaftCluster-5] INFO  server.GrpcServerProtocolClient (GrpcServerProtocolClient.java:close(111)) - s4 Close channels
2022-10-24 03:16:33,957 [MiniRaftCluster-5] INFO  server.GrpcServerProtocolClient (GrpcServerProtocolClient.java:close(111)) - s0 Close channels
2022-10-24 03:16:33,957 [ForkJoinPool.commonPool-worker-3] INFO  server.GrpcServerProtocolClient (GrpcServerProtocolClient.java:close(111)) - s2 Close channels
2022-10-24 03:16:33,958 [MiniRaftCluster-3] INFO  server.GrpcServerProtocolClient (GrpcServerProtocolClient.java:close(111)) - s1 Close channels
2022-10-24 03:16:33,959 [MiniRaftCluster-4] INFO  server.GrpcServerProtocolClient (GrpcServerProtocolClient.java:close(111)) - s4 Close channels
2022-10-24 03:16:33,959 [MiniRaftCluster-5] INFO  server.GrpcServerProtocolClient (GrpcServerProtocolClient.java:close(111)) - s1 Close channels
2022-10-24 03:16:33,960 [MiniRaftCluster-3] INFO  server.GrpcServerProtocolClient (GrpcServerProtocolClient.java:close(111)) - s2 Close channels
2022-10-24 03:16:33,961 [ForkJoinPool.commonPool-worker-3] INFO  server.GrpcServerProtocolClient (GrpcServerProtocolClient.java:close(111)) - s0 Close channels
2022-10-24 03:16:33,961 [MiniRaftCluster-3] INFO  server.GrpcService (GrpcService.java:closeImpl(328)) - s0: shutdown server org.apache.ratis.grpc.server.GrpcClientProtocolService successfully
2022-10-24 03:16:33,961 [MiniRaftCluster-3] INFO  server.GrpcService (GrpcService.java:closeImpl(319)) - s0: shutdown server GrpcServerProtocolService now
2022-10-24 03:16:33,964 [MiniRaftCluster-5] INFO  server.GrpcService (GrpcService.java:closeImpl(328)) - s2: shutdown server org.apache.ratis.grpc.server.GrpcClientProtocolService successfully
2022-10-24 03:16:33,964 [MiniRaftCluster-5] INFO  server.GrpcService (GrpcService.java:closeImpl(319)) - s2: shutdown server GrpcServerProtocolService now
2022-10-24 03:16:33,968 [MiniRaftCluster-5] INFO  server.GrpcService (GrpcService.java:closeImpl(328)) - s2: shutdown server GrpcServerProtocolService successfully
2022-10-24 03:16:33,968 [MiniRaftCluster-5] INFO  server.GrpcService (GrpcService.java:closeImpl(319)) - s2: shutdown server org.apache.ratis.grpc.server.GrpcAdminProtocolService now
2022-10-24 03:16:33,968 [ForkJoinPool.commonPool-worker-3] INFO  server.GrpcServerProtocolClient (GrpcServerProtocolClient.java:close(111)) - s1 Close channels
2022-10-24 03:16:33,969 [MiniRaftCluster-5] INFO  server.GrpcService (GrpcService.java:closeImpl(328)) - s2: shutdown server org.apache.ratis.grpc.server.GrpcAdminProtocolService successfully
2022-10-24 03:16:33,969 [JvmPauseMonitor4] INFO  util.JvmPauseMonitor (JvmPauseMonitor.java:run(111)) - JvmPauseMonitor-s2: Stopped
2022-10-24 03:16:33,971 [MiniRaftCluster-4] INFO  server.GrpcService (GrpcService.java:closeImpl(328)) - s1: shutdown server org.apache.ratis.grpc.server.GrpcClientProtocolService successfully
2022-10-24 03:16:33,971 [MiniRaftCluster-4] INFO  server.GrpcService (GrpcService.java:closeImpl(319)) - s1: shutdown server GrpcServerProtocolService now
2022-10-24 03:16:33,974 [MiniRaftCluster-3] INFO  server.GrpcService (GrpcService.java:closeImpl(328)) - s0: shutdown server GrpcServerProtocolService successfully
2022-10-24 03:16:33,974 [MiniRaftCluster-3] INFO  server.GrpcService (GrpcService.java:closeImpl(319)) - s0: shutdown server org.apache.ratis.grpc.server.GrpcAdminProtocolService now
2022-10-24 03:16:33,975 [MiniRaftCluster-3] INFO  server.GrpcService (GrpcService.java:closeImpl(328)) - s0: shutdown server org.apache.ratis.grpc.server.GrpcAdminProtocolService successfully
2022-10-24 03:16:33,975 [JvmPauseMonitor2] INFO  util.JvmPauseMonitor (JvmPauseMonitor.java:run(111)) - JvmPauseMonitor-s0: Stopped
2022-10-24 03:16:33,976 [MiniRaftCluster-4] INFO  server.GrpcService (GrpcService.java:closeImpl(328)) - s1: shutdown server GrpcServerProtocolService successfully
2022-10-24 03:16:33,976 [MiniRaftCluster-4] INFO  server.GrpcService (GrpcService.java:closeImpl(319)) - s1: shutdown server org.apache.ratis.grpc.server.GrpcAdminProtocolService now
2022-10-24 03:16:33,976 [MiniRaftCluster-4] INFO  server.GrpcService (GrpcService.java:closeImpl(328)) - s1: shutdown server org.apache.ratis.grpc.server.GrpcAdminProtocolService successfully
2022-10-24 03:16:33,977 [JvmPauseMonitor3] INFO  util.JvmPauseMonitor (JvmPauseMonitor.java:run(111)) - JvmPauseMonitor-s1: Stopped
2022-10-24 03:16:33,977 [ForkJoinPool.commonPool-worker-3] INFO  server.GrpcServerProtocolClient (GrpcServerProtocolClient.java:close(111)) - s2 Close channels
2022-10-24 03:16:33,979 [ForkJoinPool.commonPool-worker-3] INFO  server.GrpcServerProtocolClient (GrpcServerProtocolClient.java:close(111)) - s0 Close channels
2022-10-24 03:16:33,979 [MiniRaftCluster-1] INFO  server.GrpcService (GrpcService.java:closeImpl(328)) - s3: shutdown server org.apache.ratis.grpc.server.GrpcClientProtocolService successfully
2022-10-24 03:16:33,979 [MiniRaftCluster-1] INFO  server.GrpcService (GrpcService.java:closeImpl(319)) - s3: shutdown server GrpcServerProtocolService now
2022-10-24 03:16:33,980 [MiniRaftCluster-1] INFO  server.GrpcService (GrpcService.java:closeImpl(328)) - s3: shutdown server GrpcServerProtocolService successfully
2022-10-24 03:16:33,980 [MiniRaftCluster-1] INFO  server.GrpcService (GrpcService.java:closeImpl(319)) - s3: shutdown server org.apache.ratis.grpc.server.GrpcAdminProtocolService now
2022-10-24 03:16:33,980 [MiniRaftCluster-1] INFO  server.GrpcService (GrpcService.java:closeImpl(328)) - s3: shutdown server org.apache.ratis.grpc.server.GrpcAdminProtocolService successfully
2022-10-24 03:16:33,981 [ForkJoinPool.commonPool-worker-3] INFO  server.GrpcServerProtocolClient (GrpcServerProtocolClient.java:close(111)) - s1 Close channels
2022-10-24 03:16:33,981 [ForkJoinPool.commonPool-worker-3] INFO  server.GrpcServerProtocolClient (GrpcServerProtocolClient.java:close(111)) - s2 Close channels
2022-10-24 03:16:33,981 [MiniRaftCluster-2] INFO  server.GrpcService (GrpcService.java:closeImpl(328)) - s4: shutdown server org.apache.ratis.grpc.server.GrpcClientProtocolService successfully
2022-10-24 03:16:33,981 [MiniRaftCluster-2] INFO  server.GrpcService (GrpcService.java:closeImpl(319)) - s4: shutdown server GrpcServerProtocolService now
2022-10-24 03:16:33,981 [JvmPauseMonitor0] INFO  util.JvmPauseMonitor (JvmPauseMonitor.java:run(111)) - JvmPauseMonitor-s3: Stopped
2022-10-24 03:16:33,982 [MiniRaftCluster-2] INFO  server.GrpcService (GrpcService.java:closeImpl(328)) - s4: shutdown server GrpcServerProtocolService successfully
2022-10-24 03:16:33,982 [MiniRaftCluster-2] INFO  server.GrpcService (GrpcService.java:closeImpl(319)) - s4: shutdown server org.apache.ratis.grpc.server.GrpcAdminProtocolService now
2022-10-24 03:16:33,983 [MiniRaftCluster-2] INFO  server.GrpcService (GrpcService.java:closeImpl(328)) - s4: shutdown server org.apache.ratis.grpc.server.GrpcAdminProtocolService successfully
2022-10-24 03:16:33,983 [JvmPauseMonitor1] INFO  util.JvmPauseMonitor (JvmPauseMonitor.java:run(111)) - JvmPauseMonitor-s4: Stopped
2022-10-24 03:16:33,984 [Time-limited test] INFO  impl.MiniRaftCluster (MiniRaftCluster.java:shutdown(855)) - MiniRaftClusterWithGrpc shutdown completed
]]></system-out>
    <system-err><![CDATA[SLF4J: Class path contains multiple SLF4J bindings.
SLF4J: Found binding in [jar:file:/home/runner/.m2/repository/org/slf4j/slf4j-log4j12/1.7.29/slf4j-log4j12-1.7.29.jar!/org/slf4j/impl/StaticLoggerBinder.class]
SLF4J: Found binding in [jar:file:/home/runner/.m2/repository/org/slf4j/slf4j-simple/1.7.29/slf4j-simple-1.7.29.jar!/org/slf4j/impl/StaticLoggerBinder.class]
SLF4J: See http://www.slf4j.org/codes.html#multiple_bindings for an explanation.
SLF4J: Actual binding is of type [org.slf4j.impl.Log4jLoggerFactory]
]]></system-err>
  </testcase>
  <testcase name="testDisconnectLeader" classname="org.apache.ratis.grpc.TestLeaderElectionWithGrpc" time="2.325"/>
  <testcase name="testRemoveListener" classname="org.apache.ratis.grpc.TestLeaderElectionWithGrpc" time="0.692"/>
  <testcase name="testLostMajorityHeartbeats" classname="org.apache.ratis.grpc.TestLeaderElectionWithGrpc" time="1.192"/>
  <testcase name="testLateServerStart" classname="org.apache.ratis.grpc.TestLeaderElectionWithGrpc" time="4.522"/>
  <testcase name="testListenerNotStartLeaderElection" classname="org.apache.ratis.grpc.TestLeaderElectionWithGrpc" time="1.224"/>
  <testcase name="testPreVote" classname="org.apache.ratis.grpc.TestLeaderElectionWithGrpc" time="4.577"/>
  <testcase name="testListenerRejectRequestVote" classname="org.apache.ratis.grpc.TestLeaderElectionWithGrpc" time="0.612"/>
  <testcase name="testAddListener" classname="org.apache.ratis.grpc.TestLeaderElectionWithGrpc" time="0.652"/>
  <testcase name="testTransferLeaderTimeout" classname="org.apache.ratis.grpc.TestLeaderElectionWithGrpc" time="5.672"/>
  <testcase name="testBasicLeaderElection" classname="org.apache.ratis.grpc.TestLeaderElectionWithGrpc" time="5.615"/>
  <testcase name="testChangeFollowerToListener" classname="org.apache.ratis.grpc.TestLeaderElectionWithGrpc" time="0.696"/>
  <testcase name="testTransferLeader" classname="org.apache.ratis.grpc.TestLeaderElectionWithGrpc" time="1.471"/>
  <testcase name="testPauseResumeLeaderElection" classname="org.apache.ratis.grpc.TestLeaderElectionWithGrpc" time="1.002"/>
  <testcase name="testChangeLeader" classname="org.apache.ratis.grpc.TestLeaderElectionWithGrpc" time="6.273"/>
  <testcase name="testChangeListenerToFollower" classname="org.apache.ratis.grpc.TestLeaderElectionWithGrpc" time="0.572"/>
  <testcase name="testShutdownBeforeStart" classname="org.apache.ratis.grpc.TestLeaderElectionWithGrpc" time="2.171"/>
  <testcase name="testLeaderNotCountListenerForMajority" classname="org.apache.ratis.grpc.TestLeaderElectionWithGrpc" time="0.971"/>
  <testcase name="testImmediatelyRevertedToFollower" classname="org.apache.ratis.grpc.TestLeaderElectionWithGrpc" time="0.013"/>
  <testcase name="testLeaderElectionMetrics" classname="org.apache.ratis.grpc.TestLeaderElectionWithGrpc" time="0.576"/>
</testsuite>